{
    "Plan": {
        "Node Type": "Aggregate",
        "Strategy": "Plain",
        "Partial Mode": "Finalize",
        "Parallel Aware": false,
        "Startup Cost": 122734.17,
        "Total Cost": 122734.18,
        "Plan Rows": 1,
        "Plan Width": 8,
        "Actual Startup Time": 190.451,
        "Actual Total Time": 210.097,
        "Actual Rows": 1,
        "Actual Loops": 1,
        "Output": [
            "count(*)"
        ],
        "Plans": [
            {
                "Node Type": "Gather",
                "Parent Relationship": "Outer",
                "Parallel Aware": false,
                "Startup Cost": 122733.65,
                "Total Cost": 122734.16,
                "Plan Rows": 5,
                "Plan Width": 8,
                "Actual Startup Time": 190.343,
                "Actual Total Time": 210.087,
                "Actual Rows": 6,
                "Actual Loops": 1,
                "Output": [
                    "(PARTIAL count(*))"
                ],
                "Workers Planned": 5,
                "Workers Launched": 5,
                "Single Copy": false,
                "Plans": [
                    {
                        "Node Type": "Aggregate",
                        "Strategy": "Plain",
                        "Partial Mode": "Partial",
                        "Parent Relationship": "Outer",
                        "Parallel Aware": false,
                        "Startup Cost": 121733.65,
                        "Total Cost": 121733.66,
                        "Plan Rows": 1,
                        "Plan Width": 8,
                        "Actual Startup Time": 179.211,
                        "Actual Total Time": 179.214,
                        "Actual Rows": 1,
                        "Actual Loops": 6,
                        "Output": [
                            "PARTIAL count(*)"
                        ],
                        "Workers": [
                            {
                                "Worker Number": 0,
                                "Actual Startup Time": 176.745,
                                "Actual Total Time": 176.749,
                                "Actual Rows": 1,
                                "Actual Loops": 1
                            },
                            {
                                "Worker Number": 1,
                                "Actual Startup Time": 176.79,
                                "Actual Total Time": 176.794,
                                "Actual Rows": 1,
                                "Actual Loops": 1
                            },
                            {
                                "Worker Number": 2,
                                "Actual Startup Time": 177.074,
                                "Actual Total Time": 177.076,
                                "Actual Rows": 1,
                                "Actual Loops": 1
                            },
                            {
                                "Worker Number": 3,
                                "Actual Startup Time": 177.053,
                                "Actual Total Time": 177.057,
                                "Actual Rows": 1,
                                "Actual Loops": 1
                            },
                            {
                                "Worker Number": 4,
                                "Actual Startup Time": 178.165,
                                "Actual Total Time": 178.168,
                                "Actual Rows": 1,
                                "Actual Loops": 1
                            }
                        ],
                        "Plans": [
                            {
                                "Node Type": "Nested Loop",
                                "Parent Relationship": "Outer",
                                "Parallel Aware": false,
                                "Join Type": "Inner",
                                "Startup Cost": 1.43,
                                "Total Cost": 121727.89,
                                "Plan Rows": 2304,
                                "Plan Width": 0,
                                "Actual Startup Time": 0.808,
                                "Actual Total Time": 178.749,
                                "Actual Rows": 3903,
                                "Actual Loops": 6,
                                "Inner Unique": false,
                                "Workers": [
                                    {
                                        "Worker Number": 0,
                                        "Actual Startup Time": 0.624,
                                        "Actual Total Time": 176.541,
                                        "Actual Rows": 1447,
                                        "Actual Loops": 1
                                    },
                                    {
                                        "Worker Number": 1,
                                        "Actual Startup Time": 1.638,
                                        "Actual Total Time": 176.403,
                                        "Actual Rows": 2877,
                                        "Actual Loops": 1
                                    },
                                    {
                                        "Worker Number": 2,
                                        "Actual Startup Time": 1.136,
                                        "Actual Total Time": 176.843,
                                        "Actual Rows": 1895,
                                        "Actual Loops": 1
                                    },
                                    {
                                        "Worker Number": 3,
                                        "Actual Startup Time": 0.604,
                                        "Actual Total Time": 176.839,
                                        "Actual Rows": 1723,
                                        "Actual Loops": 1
                                    },
                                    {
                                        "Worker Number": 4,
                                        "Actual Startup Time": 0.718,
                                        "Actual Total Time": 177.705,
                                        "Actual Rows": 3644,
                                        "Actual Loops": 1
                                    }
                                ],
                                "Plans": [
                                    {
                                        "Node Type": "Nested Loop",
                                        "Parent Relationship": "Outer",
                                        "Parallel Aware": false,
                                        "Join Type": "Inner",
                                        "Startup Cost": 0.99,
                                        "Total Cost": 119113.4,
                                        "Plan Rows": 1425,
                                        "Plan Width": 8,
                                        "Actual Startup Time": 0.374,
                                        "Actual Total Time": 165.329,
                                        "Actual Rows": 894,
                                        "Actual Loops": 6,
                                        "Output": [
                                            "t.id",
                                            "ci.movie_id"
                                        ],
                                        "Inner Unique": true,
                                        "Workers": [
                                            {
                                                "Worker Number": 0,
                                                "Actual Startup Time": 0.381,
                                                "Actual Total Time": 165.108,
                                                "Actual Rows": 579,
                                                "Actual Loops": 1
                                            },
                                            {
                                                "Worker Number": 1,
                                                "Actual Startup Time": 0.475,
                                                "Actual Total Time": 164.114,
                                                "Actual Rows": 378,
                                                "Actual Loops": 1
                                            },
                                            {
                                                "Worker Number": 2,
                                                "Actual Startup Time": 0.481,
                                                "Actual Total Time": 164.142,
                                                "Actual Rows": 587,
                                                "Actual Loops": 1
                                            },
                                            {
                                                "Worker Number": 3,
                                                "Actual Startup Time": 0.359,
                                                "Actual Total Time": 166.57,
                                                "Actual Rows": 647,
                                                "Actual Loops": 1
                                            },
                                            {
                                                "Worker Number": 4,
                                                "Actual Startup Time": 0.446,
                                                "Actual Total Time": 163.258,
                                                "Actual Rows": 604,
                                                "Actual Loops": 1
                                            }
                                        ],
                                        "Plans": [
                                            {
                                                "Node Type": "Index Scan",
                                                "Parent Relationship": "Outer",
                                                "Parallel Aware": true,
                                                "Scan Direction": "Forward",
                                                "Index Name": "role_id_cast_info",
                                                "Relation Name": "cast_info",
                                                "Schema": "public",
                                                "Alias": "ci",
                                                "Startup Cost": 0.56,
                                                "Total Cost": 109204.72,
                                                "Plan Rows": 1425,
                                                "Plan Width": 4,
                                                "Actual Startup Time": 0.166,
                                                "Actual Total Time": 151.069,
                                                "Actual Rows": 894,
                                                "Actual Loops": 6,
                                                "Output": [
                                                    "ci.id",
                                                    "ci.person_id",
                                                    "ci.movie_id",
                                                    "ci.person_role_id",
                                                    "ci.note",
                                                    "ci.nr_order",
                                                    "ci.role_id"
                                                ],
                                                "Index Cond": "(ci.role_id = 3)",
                                                "Rows Removed by Index Recheck": 0,
                                                "Filter": "(ci.person_id < 7566)",
                                                "Rows Removed by Filter": 667112,
                                                "Workers": [
                                                    {
                                                        "Worker Number": 0,
                                                        "Actual Startup Time": 0.162,
                                                        "Actual Total Time": 151.046,
                                                        "Actual Rows": 579,
                                                        "Actual Loops": 1
                                                    },
                                                    {
                                                        "Worker Number": 1,
                                                        "Actual Startup Time": 0.166,
                                                        "Actual Total Time": 151.995,
                                                        "Actual Rows": 378,
                                                        "Actual Loops": 1
                                                    },
                                                    {
                                                        "Worker Number": 2,
                                                        "Actual Startup Time": 0.236,
                                                        "Actual Total Time": 149.309,
                                                        "Actual Rows": 587,
                                                        "Actual Loops": 1
                                                    },
                                                    {
                                                        "Worker Number": 3,
                                                        "Actual Startup Time": 0.138,
                                                        "Actual Total Time": 151.651,
                                                        "Actual Rows": 647,
                                                        "Actual Loops": 1
                                                    },
                                                    {
                                                        "Worker Number": 4,
                                                        "Actual Startup Time": 0.225,
                                                        "Actual Total Time": 148.157,
                                                        "Actual Rows": 604,
                                                        "Actual Loops": 1
                                                    }
                                                ]
                                            },
                                            {
                                                "Node Type": "Index Only Scan",
                                                "Parent Relationship": "Inner",
                                                "Parallel Aware": false,
                                                "Scan Direction": "Forward",
                                                "Index Name": "title_pkey",
                                                "Relation Name": "title",
                                                "Schema": "public",
                                                "Alias": "t",
                                                "Startup Cost": 0.43,
                                                "Total Cost": 6.95,
                                                "Plan Rows": 1,
                                                "Plan Width": 4,
                                                "Actual Startup Time": 0.015,
                                                "Actual Total Time": 0.015,
                                                "Actual Rows": 1,
                                                "Actual Loops": 5365,
                                                "Output": [
                                                    "t.id"
                                                ],
                                                "Index Cond": "(t.id = ci.movie_id)",
                                                "Rows Removed by Index Recheck": 0,
                                                "Heap Fetches": 5365,
                                                "Workers": [
                                                    {
                                                        "Worker Number": 0,
                                                        "Actual Startup Time": 0.023,
                                                        "Actual Total Time": 0.023,
                                                        "Actual Rows": 1,
                                                        "Actual Loops": 579
                                                    },
                                                    {
                                                        "Worker Number": 1,
                                                        "Actual Startup Time": 0.031,
                                                        "Actual Total Time": 0.031,
                                                        "Actual Rows": 1,
                                                        "Actual Loops": 378
                                                    },
                                                    {
                                                        "Worker Number": 2,
                                                        "Actual Startup Time": 0.024,
                                                        "Actual Total Time": 0.024,
                                                        "Actual Rows": 1,
                                                        "Actual Loops": 587
                                                    },
                                                    {
                                                        "Worker Number": 3,
                                                        "Actual Startup Time": 0.022,
                                                        "Actual Total Time": 0.022,
                                                        "Actual Rows": 1,
                                                        "Actual Loops": 647
                                                    },
                                                    {
                                                        "Worker Number": 4,
                                                        "Actual Startup Time": 0.024,
                                                        "Actual Total Time": 0.024,
                                                        "Actual Rows": 1,
                                                        "Actual Loops": 604
                                                    }
                                                ]
                                            }
                                        ]
                                    },
                                    {
                                        "Node Type": "Index Scan",
                                        "Parent Relationship": "Inner",
                                        "Parallel Aware": false,
                                        "Scan Direction": "Forward",
                                        "Index Name": "movie_id_movie_keyword",
                                        "Relation Name": "movie_keyword",
                                        "Schema": "public",
                                        "Alias": "mk",
                                        "Startup Cost": 0.43,
                                        "Total Cost": 1.42,
                                        "Plan Rows": 41,
                                        "Plan Width": 4,
                                        "Actual Startup Time": 0.012,
                                        "Actual Total Time": 0.013,
                                        "Actual Rows": 4,
                                        "Actual Loops": 5365,
                                        "Output": [
                                            "mk.id",
                                            "mk.movie_id",
                                            "mk.keyword_id"
                                        ],
                                        "Index Cond": "(mk.movie_id = t.id)",
                                        "Rows Removed by Index Recheck": 0,
                                        "Filter": "(mk.keyword_id > 335)",
                                        "Rows Removed by Filter": 0,
                                        "Workers": [
                                            {
                                                "Worker Number": 0,
                                                "Actual Startup Time": 0.017,
                                                "Actual Total Time": 0.018,
                                                "Actual Rows": 2,
                                                "Actual Loops": 579
                                            },
                                            {
                                                "Worker Number": 1,
                                                "Actual Startup Time": 0.026,
                                                "Actual Total Time": 0.03,
                                                "Actual Rows": 8,
                                                "Actual Loops": 378
                                            },
                                            {
                                                "Worker Number": 2,
                                                "Actual Startup Time": 0.018,
                                                "Actual Total Time": 0.02,
                                                "Actual Rows": 3,
                                                "Actual Loops": 587
                                            },
                                            {
                                                "Worker Number": 3,
                                                "Actual Startup Time": 0.013,
                                                "Actual Total Time": 0.014,
                                                "Actual Rows": 3,
                                                "Actual Loops": 647
                                            },
                                            {
                                                "Worker Number": 4,
                                                "Actual Startup Time": 0.019,
                                                "Actual Total Time": 0.022,
                                                "Actual Rows": 6,
                                                "Actual Loops": 604
                                            }
                                        ]
                                    }
                                ]
                            }
                        ]
                    }
                ]
            }
        ]
    },
    "Planning Time": 1.665,
    "Triggers": [],
    "Execution Time": 210.201
}