[
  {
    "Plan": {
      "Node Type": "Aggregate",
      "Strategy": "Plain",
      "Partial Mode": "Finalize",
      "Parallel Aware": false,
      "Startup Cost": 128228.85,
      "Total Cost": 128228.86,
      "Plan Rows": 1,
      "Plan Width": 8,
      "Actual Startup Time": 728.791,
      "Actual Total Time": 754.294,
      "Actual Rows": 1,
      "Actual Loops": 1,
      "Plans": [
        {
          "Node Type": "Gather",
          "Parent Relationship": "Outer",
          "Parallel Aware": false,
          "Startup Cost": 128228.53,
          "Total Cost": 128228.84,
          "Plan Rows": 3,
          "Plan Width": 8,
          "Actual Startup Time": 705.431,
          "Actual Total Time": 754.27,
          "Actual Rows": 4,
          "Actual Loops": 1,
          "Workers Planned": 3,
          "Workers Launched": 3,
          "Single Copy": false,
          "Plans": [
            {
              "Node Type": "Aggregate",
              "Strategy": "Plain",
              "Partial Mode": "Partial",
              "Parent Relationship": "Outer",
              "Parallel Aware": false,
              "Startup Cost": 127228.53,
              "Total Cost": 127228.54,
              "Plan Rows": 1,
              "Plan Width": 8,
              "Actual Startup Time": 693.627,
              "Actual Total Time": 693.636,
              "Actual Rows": 1,
              "Actual Loops": 4,
              "Plans": [
                {
                  "Node Type": "Hash Join",
                  "Parent Relationship": "Outer",
                  "Parallel Aware": true,
                  "Join Type": "Inner",
                  "Startup Cost": 79474.54,
                  "Total Cost": 127006.43,
                  "Plan Rows": 88843,
                  "Plan Width": 0,
                  "Actual Startup Time": 455.166,
                  "Actual Total Time": 689.776,
                  "Actual Rows": 64647,
                  "Actual Loops": 4,
                  "Inner Unique": false,
                  "Hash Cond": "(mk.movie_id = t.id)",
                  "Plans": [
                    {
                      "Node Type": "Seq Scan",
                      "Parent Relationship": "Outer",
                      "Parallel Aware": true,
                      "Relation Name": "movie_keyword",
                      "Alias": "mk",
                      "Startup Cost": 0.0,
                      "Total Cost": 42695.65,
                      "Plan Rows": 1213239,
                      "Plan Width": 4,
                      "Actual Startup Time": 0.034,
                      "Actual Total Time": 144.561,
                      "Actual Rows": 941729,
                      "Actual Loops": 4,
                      "Filter": "(keyword_id < 24731)",
                      "Rows Removed by Filter": 189254
                    },
                    {
                      "Node Type": "Hash",
                      "Parent Relationship": "Inner",
                      "Parallel Aware": true,
                      "Startup Cost": 78727.96,
                      "Total Cost": 78727.96,
                      "Plan Rows": 59726,
                      "Plan Width": 8,
                      "Actual Startup Time": 454.006,
                      "Actual Total Time": 454.013,
                      "Actual Rows": 19882,
                      "Actual Loops": 4,
                      "Hash Buckets": 262144,
                      "Original Hash Buckets": 262144,
                      "Hash Batches": 1,
                      "Original Hash Batches": 1,
                      "Peak Memory Usage": 5216,
                      "Plans": [
                        {
                          "Node Type": "Hash Join",
                          "Parent Relationship": "Outer",
                          "Parallel Aware": true,
                          "Join Type": "Inner",
                          "Startup Cost": 58028.21,
                          "Total Cost": 78727.96,
                          "Plan Rows": 59726,
                          "Plan Width": 8,
                          "Actual Startup Time": 408.696,
                          "Actual Total Time": 445.59,
                          "Actual Rows": 19882,
                          "Actual Loops": 4,
                          "Inner Unique": true,
                          "Hash Cond": "(mc.movie_id = t.id)",
                          "Plans": [
                            {
                              "Node Type": "Bitmap Heap Scan",
                              "Parent Relationship": "Outer",
                              "Parallel Aware": true,
                              "Relation Name": "movie_companies",
                              "Alias": "mc",
                              "Startup Cost": 7807.83,
                              "Total Cost": 28350.8,
                              "Plan Rows": 59726,
                              "Plan Width": 4,
                              "Actual Startup Time": 50.239,
                              "Actual Total Time": 65.502,
                              "Actual Rows": 19882,
                              "Actual Loops": 4,
                              "Recheck Cond": "(company_id < 180)",
                              "Rows Removed by Index Recheck": 0,
                              "Filter": "(company_type_id = 2)",
                              "Rows Removed by Filter": 69206,
                              "Exact Heap Blocks": 6954,
                              "Lossy Heap Blocks": 0,
                              "Plans": [
                                {
                                  "Node Type": "Bitmap Index Scan",
                                  "Parent Relationship": "Outer",
                                  "Parallel Aware": false,
                                  "Index Name": "company_id_movie_companies",
                                  "Startup Cost": 0.0,
                                  "Total Cost": 7761.54,
                                  "Plan Rows": 362281,
                                  "Plan Width": 0,
                                  "Actual Startup Time": 15.989,
                                  "Actual Total Time": 15.99,
                                  "Actual Rows": 356356,
                                  "Actual Loops": 1,
                                  "Index Cond": "(company_id < 180)"
                                }
                              ]
                            },
                            {
                              "Node Type": "Hash",
                              "Parent Relationship": "Inner",
                              "Parallel Aware": true,
                              "Startup Cost": 42319.06,
                              "Total Cost": 42319.06,
                              "Plan Rows": 632106,
                              "Plan Width": 4,
                              "Actual Startup Time": 351.67,
                              "Actual Total Time": 351.672,
                              "Actual Rows": 632078,
                              "Actual Loops": 4,
                              "Hash Buckets": 4194304,
                              "Original Hash Buckets": 4194304,
                              "Hash Batches": 1,
                              "Original Hash Batches": 1,
                              "Peak Memory Usage": 131712,
                              "Plans": [
                                {
                                  "Node Type": "Seq Scan",
                                  "Parent Relationship": "Outer",
                                  "Parallel Aware": true,
                                  "Relation Name": "title",
                                  "Alias": "t",
                                  "Startup Cost": 0.0,
                                  "Total Cost": 42319.06,
                                  "Plan Rows": 632106,
                                  "Plan Width": 4,
                                  "Actual Startup Time": 0.045,
                                  "Actual Total Time": 102.679,
                                  "Actual Rows": 632078,
                                  "Actual Loops": 4
                                }
                              ]
                            }
                          ]
                        }
                      ]
                    }
                  ]
                }
              ]
            }
          ]
        }
      ]
    },
    "Planning Time": 0.553,
    "Triggers": [],
    "Execution Time": 754.353
  }
]