[
  {
    "Plan": {
      "Node Type": "Aggregate",
      "Strategy": "Plain",
      "Partial Mode": "Finalize",
      "Parallel Aware": false,
      "Startup Cost": 75280.3,
      "Total Cost": 75280.31,
      "Plan Rows": 1,
      "Plan Width": 8,
      "Actual Startup Time": 195.343,
      "Actual Total Time": 213.19,
      "Actual Rows": 1,
      "Actual Loops": 1,
      "Plans": [
        {
          "Node Type": "Gather",
          "Parent Relationship": "Outer",
          "Parallel Aware": false,
          "Startup Cost": 75279.99,
          "Total Cost": 75280.3,
          "Plan Rows": 3,
          "Plan Width": 8,
          "Actual Startup Time": 195.033,
          "Actual Total Time": 213.18,
          "Actual Rows": 4,
          "Actual Loops": 1,
          "Workers Planned": 3,
          "Workers Launched": 3,
          "Single Copy": false,
          "Plans": [
            {
              "Node Type": "Aggregate",
              "Strategy": "Plain",
              "Partial Mode": "Partial",
              "Parent Relationship": "Outer",
              "Parallel Aware": false,
              "Startup Cost": 74279.99,
              "Total Cost": 74280.0,
              "Plan Rows": 1,
              "Plan Width": 8,
              "Actual Startup Time": 189.469,
              "Actual Total Time": 189.472,
              "Actual Rows": 1,
              "Actual Loops": 4,
              "Plans": [
                {
                  "Node Type": "Hash Join",
                  "Parent Relationship": "Outer",
                  "Parallel Aware": true,
                  "Join Type": "Inner",
                  "Startup Cost": 43976.76,
                  "Total Cost": 74270.81,
                  "Plan Rows": 3671,
                  "Plan Width": 0,
                  "Actual Startup Time": 93.262,
                  "Actual Total Time": 189.248,
                  "Actual Rows": 3047,
                  "Actual Loops": 4,
                  "Inner Unique": true,
                  "Hash Cond": "(mc.movie_id = t.id)",
                  "Plans": [
                    {
                      "Node Type": "Seq Scan",
                      "Parent Relationship": "Outer",
                      "Parallel Aware": true,
                      "Relation Name": "movie_companies",
                      "Alias": "mc",
                      "Startup Cost": 0.0,
                      "Total Cost": 29310.68,
                      "Plan Rows": 374616,
                      "Plan Width": 4,
                      "Actual Startup Time": 0.009,
                      "Actual Total Time": 67.835,
                      "Actual Rows": 293321,
                      "Actual Loops": 4,
                      "Filter": "(company_id < 9892)",
                      "Rows Removed by Filter": 358961
                    },
                    {
                      "Node Type": "Hash",
                      "Parent Relationship": "Inner",
                      "Parallel Aware": true,
                      "Startup Cost": 43899.32,
                      "Total Cost": 43899.32,
                      "Plan Rows": 6195,
                      "Plan Width": 4,
                      "Actual Startup Time": 92.512,
                      "Actual Total Time": 92.513,
                      "Actual Rows": 5950,
                      "Actual Loops": 4,
                      "Hash Buckets": 32768,
                      "Original Hash Buckets": 32768,
                      "Hash Batches": 1,
                      "Original Hash Batches": 1,
                      "Peak Memory Usage": 1248,
                      "Plans": [
                        {
                          "Node Type": "Seq Scan",
                          "Parent Relationship": "Outer",
                          "Parallel Aware": true,
                          "Relation Name": "title",
                          "Alias": "t",
                          "Startup Cost": 0.0,
                          "Total Cost": 43899.32,
                          "Plan Rows": 6195,
                          "Plan Width": 4,
                          "Actual Startup Time": 0.091,
                          "Actual Total Time": 89.626,
                          "Actual Rows": 5950,
                          "Actual Loops": 4,
                          "Filter": "(production_year = 1991)",
                          "Rows Removed by Filter": 626128
                        }
                      ]
                    }
                  ]
                }
              ]
            }
          ]
        }
      ]
    },
    "Planning Time": 0.259,
    "Triggers": [],
    "Execution Time": 213.234
  }
]