[
  {
    "Plan": {
      "Node Type": "Aggregate",
      "Strategy": "Plain",
      "Partial Mode": "Finalize",
      "Parallel Aware": false,
      "Startup Cost": 366232.01,
      "Total Cost": 366232.02,
      "Plan Rows": 1,
      "Plan Width": 8,
      "Actual Startup Time": 6000.886,
      "Actual Total Time": 6079.71,
      "Actual Rows": 1,
      "Actual Loops": 1,
      "Plans": [
        {
          "Node Type": "Gather",
          "Parent Relationship": "Outer",
          "Parallel Aware": false,
          "Startup Cost": 366231.7,
          "Total Cost": 366232.01,
          "Plan Rows": 3,
          "Plan Width": 8,
          "Actual Startup Time": 5999.67,
          "Actual Total Time": 6079.703,
          "Actual Rows": 4,
          "Actual Loops": 1,
          "Workers Planned": 3,
          "Workers Launched": 3,
          "Single Copy": false,
          "Plans": [
            {
              "Node Type": "Aggregate",
              "Strategy": "Plain",
              "Partial Mode": "Partial",
              "Parent Relationship": "Outer",
              "Parallel Aware": false,
              "Startup Cost": 365231.7,
              "Total Cost": 365231.71,
              "Plan Rows": 1,
              "Plan Width": 8,
              "Actual Startup Time": 5994.879,
              "Actual Total Time": 5994.882,
              "Actual Rows": 1,
              "Actual Loops": 4,
              "Plans": [
                {
                  "Node Type": "Nested Loop",
                  "Parent Relationship": "Outer",
                  "Parallel Aware": false,
                  "Join Type": "Inner",
                  "Startup Cost": 46304.65,
                  "Total Cost": 363815.14,
                  "Plan Rows": 566624,
                  "Plan Width": 0,
                  "Actual Startup Time": 151.768,
                  "Actual Total Time": 5932.054,
                  "Actual Rows": 1198246,
                  "Actual Loops": 4,
                  "Inner Unique": false,
                  "Join Filter": "(t.id = ci.movie_id)",
                  "Rows Removed by Join Filter": 0,
                  "Plans": [
                    {
                      "Node Type": "Hash Join",
                      "Parent Relationship": "Outer",
                      "Parallel Aware": true,
                      "Join Type": "Inner",
                      "Startup Cost": 46304.09,
                      "Total Cost": 89182.17,
                      "Plan Rows": 152282,
                      "Plan Width": 8,
                      "Actual Startup Time": 151.582,
                      "Actual Total Time": 331.979,
                      "Actual Rows": 170589,
                      "Actual Loops": 4,
                      "Inner Unique": true,
                      "Hash Cond": "(mk.movie_id = t.id)",
                      "Plans": [
                        {
                          "Node Type": "Seq Scan",
                          "Parent Relationship": "Outer",
                          "Parallel Aware": true,
                          "Relation Name": "movie_keyword",
                          "Alias": "mk",
                          "Startup Cost": 0.0,
                          "Total Cost": 39047.32,
                          "Plan Rows": 1459332,
                          "Plan Width": 4,
                          "Actual Startup Time": 0.027,
                          "Actual Total Time": 86.137,
                          "Actual Rows": 1130982,
                          "Actual Loops": 4
                        },
                        {
                          "Node Type": "Hash",
                          "Parent Relationship": "Inner",
                          "Parallel Aware": true,
                          "Startup Cost": 45479.59,
                          "Total Cost": 45479.59,
                          "Plan Rows": 65960,
                          "Plan Width": 4,
                          "Actual Startup Time": 114.947,
                          "Actual Total Time": 114.948,
                          "Actual Rows": 54070,
                          "Actual Loops": 4,
                          "Hash Buckets": 524288,
                          "Original Hash Buckets": 524288,
                          "Hash Batches": 1,
                          "Original Hash Batches": 1,
                          "Peak Memory Usage": 12640,
                          "Plans": [
                            {
                              "Node Type": "Seq Scan",
                              "Parent Relationship": "Outer",
                              "Parallel Aware": true,
                              "Relation Name": "title",
                              "Alias": "t",
                              "Startup Cost": 0.0,
                              "Total Cost": 45479.59,
                              "Plan Rows": 65960,
                              "Plan Width": 4,
                              "Actual Startup Time": 40.76,
                              "Actual Total Time": 95.712,
                              "Actual Rows": 54070,
                              "Actual Loops": 4,
                              "Filter": "((kind_id < 2) AND (production_year > 2005))",
                              "Rows Removed by Filter": 578008
                            }
                          ]
                        }
                      ]
                    },
                    {
                      "Node Type": "Index Scan",
                      "Parent Relationship": "Inner",
                      "Parallel Aware": false,
                      "Scan Direction": "Forward",
                      "Index Name": "movie_id_cast_info",
                      "Relation Name": "cast_info",
                      "Alias": "ci",
                      "Startup Cost": 0.56,
                      "Total Cost": 1.69,
                      "Plan Rows": 9,
                      "Plan Width": 4,
                      "Actual Startup Time": 0.016,
                      "Actual Total Time": 0.032,
                      "Actual Rows": 7,
                      "Actual Loops": 682355,
                      "Index Cond": "(movie_id = mk.movie_id)",
                      "Rows Removed by Index Recheck": 0,
                      "Filter": "((person_id > 2639718) AND (role_id < 10))",
                      "Rows Removed by Filter": 72
                    }
                  ]
                }
              ]
            }
          ]
        }
      ]
    },
    "Planning Time": 0.923,
    "Triggers": [],
    "Execution Time": 6079.794
  }
]