[
  {
    "Plan": {
      "Node Type": "Aggregate",
      "Strategy": "Plain",
      "Partial Mode": "Finalize",
      "Parallel Aware": false,
      "Startup Cost": 340636.36,
      "Total Cost": 340636.37,
      "Plan Rows": 1,
      "Plan Width": 8,
      "Actual Startup Time": 434.886,
      "Actual Total Time": 455.902,
      "Actual Rows": 1,
      "Actual Loops": 1,
      "Plans": [
        {
          "Node Type": "Gather",
          "Parent Relationship": "Outer",
          "Parallel Aware": false,
          "Startup Cost": 340635.73,
          "Total Cost": 340636.34,
          "Plan Rows": 6,
          "Plan Width": 8,
          "Actual Startup Time": 434.776,
          "Actual Total Time": 455.889,
          "Actual Rows": 7,
          "Actual Loops": 1,
          "Workers Planned": 6,
          "Workers Launched": 6,
          "Single Copy": false,
          "Plans": [
            {
              "Node Type": "Aggregate",
              "Strategy": "Plain",
              "Partial Mode": "Partial",
              "Parent Relationship": "Outer",
              "Parallel Aware": false,
              "Startup Cost": 339635.73,
              "Total Cost": 339635.74,
              "Plan Rows": 1,
              "Plan Width": 8,
              "Actual Startup Time": 425.306,
              "Actual Total Time": 425.307,
              "Actual Rows": 1,
              "Actual Loops": 7,
              "Plans": [
                {
                  "Node Type": "Index Scan",
                  "Parent Relationship": "Outer",
                  "Parallel Aware": true,
                  "Scan Direction": "Forward",
                  "Index Name": "role_id_cast_info",
                  "Relation Name": "cast_info",
                  "Alias": "ci",
                  "Startup Cost": 0.56,
                  "Total Cost": 335235.55,
                  "Plan Rows": 1760073,
                  "Plan Width": 0,
                  "Actual Startup Time": 131.054,
                  "Actual Total Time": 372.471,
                  "Actual Rows": 1220355,
                  "Actual Loops": 7,
                  "Index Cond": "(role_id = 1)",
                  "Rows Removed by Index Recheck": 0,
                  "Filter": "(person_id > 552640)",
                  "Rows Removed by Filter": 589744
                }
              ]
            }
          ]
        }
      ]
    },
    "Planning Time": 0.201,
    "Triggers": [],
    "Execution Time": 455.963
  }
]