[
  {
    "Plan": {
      "Node Type": "Aggregate",
      "Strategy": "Plain",
      "Partial Mode": "Finalize",
      "Parallel Aware": false,
      "Startup Cost": 256610.1,
      "Total Cost": 256610.11,
      "Plan Rows": 1,
      "Plan Width": 8,
      "Actual Startup Time": 1027.468,
      "Actual Total Time": 1072.557,
      "Actual Rows": 1,
      "Actual Loops": 1,
      "Plans": [
        {
          "Node Type": "Gather",
          "Parent Relationship": "Outer",
          "Parallel Aware": false,
          "Startup Cost": 256609.57,
          "Total Cost": 256610.08,
          "Plan Rows": 5,
          "Plan Width": 8,
          "Actual Startup Time": 1023.018,
          "Actual Total Time": 1072.547,
          "Actual Rows": 6,
          "Actual Loops": 1,
          "Workers Planned": 5,
          "Workers Launched": 5,
          "Single Copy": false,
          "Plans": [
            {
              "Node Type": "Aggregate",
              "Strategy": "Plain",
              "Partial Mode": "Partial",
              "Parent Relationship": "Outer",
              "Parallel Aware": false,
              "Startup Cost": 255609.57,
              "Total Cost": 255609.58,
              "Plan Rows": 1,
              "Plan Width": 8,
              "Actual Startup Time": 1012.609,
              "Actual Total Time": 1012.612,
              "Actual Rows": 1,
              "Actual Loops": 6,
              "Plans": [
                {
                  "Node Type": "Hash Join",
                  "Parent Relationship": "Outer",
                  "Parallel Aware": true,
                  "Join Type": "Inner",
                  "Startup Cost": 47312.14,
                  "Total Cost": 253918.37,
                  "Plan Rows": 676482,
                  "Plan Width": 0,
                  "Actual Startup Time": 144.718,
                  "Actual Total Time": 968.995,
                  "Actual Rows": 974398,
                  "Actual Loops": 6,
                  "Inner Unique": true,
                  "Hash Cond": "(mi.movie_id = t.id)",
                  "Plans": [
                    {
                      "Node Type": "Seq Scan",
                      "Parent Relationship": "Outer",
                      "Parallel Aware": true,
                      "Relation Name": "movie_info",
                      "Alias": "mi",
                      "Startup Cost": 0.0,
                      "Total Cost": 198952.16,
                      "Plan Rows": 2915832,
                      "Plan Width": 4,
                      "Actual Startup Time": 0.026,
                      "Actual Total Time": 384.161,
                      "Actual Rows": 2439661,
                      "Actual Loops": 6,
                      "Filter": "(info_type_id < 107)",
                      "Rows Removed by Filter": 32959
                    },
                    {
                      "Node Type": "Hash",
                      "Parent Relationship": "Inner",
                      "Parallel Aware": true,
                      "Startup Cost": 45479.1,
                      "Total Cost": 45479.1,
                      "Plan Rows": 146643,
                      "Plan Width": 4,
                      "Actual Startup Time": 127.47,
                      "Actual Total Time": 127.471,
                      "Actual Rows": 78350,
                      "Actual Loops": 6,
                      "Hash Buckets": 1048576,
                      "Original Hash Buckets": 1048576,
                      "Hash Batches": 1,
                      "Original Hash Batches": 1,
                      "Peak Memory Usage": 26720,
                      "Plans": [
                        {
                          "Node Type": "Seq Scan",
                          "Parent Relationship": "Outer",
                          "Parallel Aware": true,
                          "Relation Name": "title",
                          "Alias": "t",
                          "Startup Cost": 0.0,
                          "Total Cost": 45479.1,
                          "Plan Rows": 146643,
                          "Plan Width": 4,
                          "Actual Startup Time": 47.084,
                          "Actual Total Time": 89.555,
                          "Actual Rows": 78350,
                          "Actual Loops": 6,
                          "Filter": "((production_year > 1958) AND (kind_id = 1))",
                          "Rows Removed by Filter": 343035
                        }
                      ]
                    }
                  ]
                }
              ]
            }
          ]
        }
      ]
    },
    "Planning Time": 0.699,
    "Triggers": [],
    "Execution Time": 1072.638
  }
]