[
  {
    "Plan": {
      "Node Type": "Aggregate",
      "Strategy": "Plain",
      "Partial Mode": "Finalize",
      "Parallel Aware": false,
      "Startup Cost": 74393.04,
      "Total Cost": 74393.05,
      "Plan Rows": 1,
      "Plan Width": 8,
      "Actual Startup Time": 115.346,
      "Actual Total Time": 132.367,
      "Actual Rows": 1,
      "Actual Loops": 1,
      "Plans": [
        {
          "Node Type": "Gather",
          "Parent Relationship": "Outer",
          "Parallel Aware": false,
          "Startup Cost": 74392.62,
          "Total Cost": 74393.03,
          "Plan Rows": 4,
          "Plan Width": 8,
          "Actual Startup Time": 115.23,
          "Actual Total Time": 132.359,
          "Actual Rows": 5,
          "Actual Loops": 1,
          "Workers Planned": 4,
          "Workers Launched": 4,
          "Single Copy": false,
          "Plans": [
            {
              "Node Type": "Aggregate",
              "Strategy": "Plain",
              "Partial Mode": "Partial",
              "Parent Relationship": "Outer",
              "Parallel Aware": false,
              "Startup Cost": 73392.62,
              "Total Cost": 73392.63,
              "Plan Rows": 1,
              "Plan Width": 8,
              "Actual Startup Time": 105.252,
              "Actual Total Time": 105.254,
              "Actual Rows": 1,
              "Actual Loops": 5,
              "Plans": [
                {
                  "Node Type": "Nested Loop",
                  "Parent Relationship": "Outer",
                  "Parallel Aware": false,
                  "Join Type": "Inner",
                  "Startup Cost": 0.43,
                  "Total Cost": 73392.6,
                  "Plan Rows": 10,
                  "Plan Width": 0,
                  "Actual Startup Time": 62.507,
                  "Actual Total Time": 105.233,
                  "Actual Rows": 69,
                  "Actual Loops": 5,
                  "Inner Unique": false,
                  "Plans": [
                    {
                      "Node Type": "Seq Scan",
                      "Parent Relationship": "Outer",
                      "Parallel Aware": true,
                      "Relation Name": "title",
                      "Alias": "t",
                      "Startup Cost": 0.0,
                      "Total Cost": 45479.1,
                      "Plan Rows": 178,
                      "Plan Width": 4,
                      "Actual Startup Time": 59.763,
                      "Actual Total Time": 83.646,
                      "Actual Rows": 487,
                      "Actual Loops": 5,
                      "Filter": "((kind_id < 7) AND (production_year = 1933))",
                      "Rows Removed by Filter": 505176
                    },
                    {
                      "Node Type": "Index Scan",
                      "Parent Relationship": "Inner",
                      "Parallel Aware": false,
                      "Scan Direction": "Forward",
                      "Index Name": "movie_id_movie_info",
                      "Relation Name": "movie_info",
                      "Alias": "mi",
                      "Startup Cost": 0.43,
                      "Total Cost": 156.81,
                      "Plan Rows": 1,
                      "Plan Width": 4,
                      "Actual Startup Time": 0.042,
                      "Actual Total Time": 0.044,
                      "Actual Rows": 0,
                      "Actual Loops": 2433,
                      "Index Cond": "(movie_id = t.id)",
                      "Rows Removed by Index Recheck": 0,
                      "Filter": "(info_type_id = 9)",
                      "Rows Removed by Filter": 13
                    }
                  ]
                }
              ]
            }
          ]
        }
      ]
    },
    "Planning Time": 0.658,
    "Triggers": [],
    "Execution Time": 132.435
  }
]