{
  "Plan": {
    "Node Type": "Aggregate",
    "Strategy": "Plain",
    "Partial Mode": "Finalize",
    "Parallel Aware": false,
    "Startup Cost": 958142.94,
    "Total Cost": 958142.95,
    "Plan Rows": 1,
    "Plan Width": 8,
    "Actual Startup Time": 3750.834,
    "Actual Total Time": 3855.438,
    "Actual Rows": 1,
    "Actual Loops": 1,
    "Plans": [
      {
        "Node Type": "Gather",
        "Parent Relationship": "Outer",
        "Parallel Aware": false,
        "Startup Cost": 958142.82,
        "Total Cost": 958142.93,
        "Plan Rows": 1,
        "Plan Width": 8,
        "Actual Startup Time": 3749.09,
        "Actual Total Time": 3855.425,
        "Actual Rows": 2,
        "Actual Loops": 1,
        "Workers Planned": 1,
        "Workers Launched": 1,
        "Single Copy": false,
        "Plans": [
          {
            "Node Type": "Aggregate",
            "Strategy": "Plain",
            "Partial Mode": "Partial",
            "Parent Relationship": "Outer",
            "Parallel Aware": false,
            "Startup Cost": 957142.82,
            "Total Cost": 957142.83,
            "Plan Rows": 1,
            "Plan Width": 8,
            "Actual Startup Time": 3743.381,
            "Actual Total Time": 3743.713,
            "Actual Rows": 1,
            "Actual Loops": 2,
            "Plans": [
              {
                "Node Type": "Hash Join",
                "Parent Relationship": "Outer",
                "Parallel Aware": true,
                "Join Type": "Inner",
                "Startup Cost": 645140.33,
                "Total Cost": 951307.53,
                "Plan Rows": 2334118,
                "Plan Width": 0,
                "Actual Startup Time": 1931.693,
                "Actual Total Time": 3681.921,
                "Actual Rows": 1309530,
                "Actual Loops": 2,
                "Inner Unique": false,
                "Hash Cond": "(mi.movie_id = t.id)",
                "Plans": [
                  {
                    "Node Type": "Seq Scan",
                    "Parent Relationship": "Outer",
                    "Parallel Aware": true,
                    "Relation Name": "movie_info",
                    "Alias": "mi",
                    "Startup Cost": 0.0,
                    "Total Cost": 248955.74,
                    "Plan Rows": 8696274,
                    "Plan Width": 4,
                    "Actual Startup Time": 0.015,
                    "Actual Total Time": 655.393,
                    "Actual Rows": 7417860,
                    "Actual Loops": 2
                  },
                  {
                    "Node Type": "Hash",
                    "Parent Relationship": "Inner",
                    "Parallel Aware": true,
                    "Startup Cost": 640150.6,
                    "Total Cost": 640150.6,
                    "Plan Rows": 399179,
                    "Plan Width": 8,
                    "Actual Startup Time": 1921.299,
                    "Actual Total Time": 1921.63,
                    "Actual Rows": 148054,
                    "Actual Loops": 2,
                    "Hash Buckets": 1048576,
                    "Original Hash Buckets": 1048576,
                    "Hash Batches": 1,
                    "Original Hash Batches": 1,
                    "Peak Memory Usage": 19808,
                    "Plans": [
                      {
                        "Node Type": "Hash Join",
                        "Parent Relationship": "Outer",
                        "Parallel Aware": true,
                        "Join Type": "Inner",
                        "Startup Cost": 56278.44,
                        "Total Cost": 640150.6,
                        "Plan Rows": 399179,
                        "Plan Width": 8,
                        "Actual Startup Time": 665.148,
                        "Actual Total Time": 1870.494,
                        "Actual Rows": 148054,
                        "Actual Loops": 2,
                        "Inner Unique": true,
                        "Hash Cond": "(ci.movie_id = t.id)",
                        "Plans": [
                          {
                            "Node Type": "Seq Scan",
                            "Parent Relationship": "Outer",
                            "Parallel Aware": true,
                            "Relation Name": "cast_info",
                            "Alias": "ci",
                            "Startup Cost": 0.0,
                            "Total Cost": 572345.93,
                            "Plan Rows": 4390935,
                            "Plan Width": 4,
                            "Actual Startup Time": 495.88,
                            "Actual Total Time": 1409.775,
                            "Actual Rows": 1588841,
                            "Actual Loops": 2,
                            "Filter": "((person_id < 1118873) AND (role_id > 1))",
                            "Rows Removed by Filter": 16533331
                          },
                          {
                            "Node Type": "Hash",
                            "Parent Relationship": "Inner",
                            "Parallel Aware": true,
                            "Startup Cost": 54588.39,
                            "Total Cost": 54588.39,
                            "Plan Rows": 135204,
                            "Plan Width": 4,
                            "Actual Startup Time": 167.523,
                            "Actual Total Time": 167.524,
                            "Actual Rows": 115824,
                            "Actual Loops": 2,
                            "Hash Buckets": 262144,
                            "Original Hash Buckets": 262144,
                            "Hash Batches": 1,
                            "Original Hash Batches": 1,
                            "Peak Memory Usage": 11168,
                            "Plans": [
                              {
                                "Node Type": "Seq Scan",
                                "Parent Relationship": "Outer",
                                "Parallel Aware": true,
                                "Relation Name": "title",
                                "Alias": "t",
                                "Startup Cost": 0.0,
                                "Total Cost": 54588.39,
                                "Plan Rows": 135204,
                                "Plan Width": 4,
                                "Actual Startup Time": 0.032,
                                "Actual Total Time": 136.387,
                                "Actual Rows": 115824,
                                "Actual Loops": 2,
                                "Filter": "(production_year > 2011)",
                                "Rows Removed by Filter": 1148332
                              }
                            ]
                          }
                        ]
                      }
                    ]
                  }
                ]
              }
            ]
          }
        ]
      }
    ]
  },
  "Planning Time": 0.932,
  "Triggers": [],
  "Execution Time": 3855.539
}