{
  "Plan": {
    "Node Type": "Aggregate",
    "Strategy": "Plain",
    "Partial Mode": "Finalize",
    "Parallel Aware": false,
    "Startup Cost": 410507.55,
    "Total Cost": 410507.56,
    "Plan Rows": 1,
    "Plan Width": 8,
    "Actual Startup Time": 3269.987,
    "Actual Total Time": 3321.34,
    "Actual Rows": 1,
    "Actual Loops": 1,
    "Plans": [
      {
        "Node Type": "Gather",
        "Parent Relationship": "Outer",
        "Parallel Aware": false,
        "Startup Cost": 410507.43,
        "Total Cost": 410507.54,
        "Plan Rows": 1,
        "Plan Width": 8,
        "Actual Startup Time": 3267.03,
        "Actual Total Time": 3321.329,
        "Actual Rows": 2,
        "Actual Loops": 1,
        "Workers Planned": 1,
        "Workers Launched": 1,
        "Single Copy": false,
        "Plans": [
          {
            "Node Type": "Aggregate",
            "Strategy": "Plain",
            "Partial Mode": "Partial",
            "Parent Relationship": "Outer",
            "Parallel Aware": false,
            "Startup Cost": 409507.43,
            "Total Cost": 409507.44,
            "Plan Rows": 1,
            "Plan Width": 8,
            "Actual Startup Time": 3260.61,
            "Actual Total Time": 3260.884,
            "Actual Rows": 1,
            "Actual Loops": 2,
            "Plans": [
              {
                "Node Type": "Hash Join",
                "Parent Relationship": "Outer",
                "Parallel Aware": true,
                "Join Type": "Inner",
                "Startup Cost": 109361.94,
                "Total Cost": 403966.41,
                "Plan Rows": 2216409,
                "Plan Width": 0,
                "Actual Startup Time": 723.94,
                "Actual Total Time": 3053.184,
                "Actual Rows": 5057552,
                "Actual Loops": 2,
                "Inner Unique": false,
                "Hash Cond": "(mi.movie_id = t.id)",
                "Plans": [
                  {
                    "Node Type": "Seq Scan",
                    "Parent Relationship": "Outer",
                    "Parallel Aware": true,
                    "Relation Name": "movie_info",
                    "Alias": "mi",
                    "Startup Cost": 0.0,
                    "Total Cost": 248955.74,
                    "Plan Rows": 8696274,
                    "Plan Width": 4,
                    "Actual Startup Time": 0.016,
                    "Actual Total Time": 635.783,
                    "Actual Rows": 7417860,
                    "Actual Loops": 2
                  },
                  {
                    "Node Type": "Hash",
                    "Parent Relationship": "Inner",
                    "Parallel Aware": true,
                    "Startup Cost": 104623.83,
                    "Total Cost": 104623.83,
                    "Plan Rows": 379049,
                    "Plan Width": 8,
                    "Actual Startup Time": 713.38,
                    "Actual Total Time": 713.651,
                    "Actual Rows": 328496,
                    "Actual Loops": 2,
                    "Hash Buckets": 1048576,
                    "Original Hash Buckets": 1048576,
                    "Hash Batches": 1,
                    "Original Hash Batches": 1,
                    "Peak Memory Usage": 33920,
                    "Plans": [
                      {
                        "Node Type": "Hash Join",
                        "Parent Relationship": "Outer",
                        "Parallel Aware": true,
                        "Join Type": "Inner",
                        "Startup Cost": 42228.62,
                        "Total Cost": 104623.83,
                        "Plan Rows": 379049,
                        "Plan Width": 8,
                        "Actual Startup Time": 173.962,
                        "Actual Total Time": 626.027,
                        "Actual Rows": 328496,
                        "Actual Loops": 2,
                        "Inner Unique": false,
                        "Hash Cond": "(t.id = mc.movie_id)",
                        "Plans": [
                          {
                            "Node Type": "Seq Scan",
                            "Parent Relationship": "Outer",
                            "Parallel Aware": true,
                            "Relation Name": "title",
                            "Alias": "t",
                            "Startup Cost": 0.0,
                            "Total Cost": 50870.31,
                            "Plan Rows": 1487231,
                            "Plan Width": 4,
                            "Actual Startup Time": 0.011,
                            "Actual Total Time": 124.447,
                            "Actual Rows": 1264156,
                            "Actual Loops": 2
                          },
                          {
                            "Node Type": "Hash",
                            "Parent Relationship": "Inner",
                            "Parallel Aware": true,
                            "Startup Cost": 37490.51,
                            "Total Cost": 37490.51,
                            "Plan Rows": 379049,
                            "Plan Width": 4,
                            "Actual Startup Time": 168.527,
                            "Actual Total Time": 168.529,
                            "Actual Rows": 328496,
                            "Actual Loops": 2,
                            "Hash Buckets": 1048576,
                            "Original Hash Buckets": 1048576,
                            "Hash Batches": 1,
                            "Original Hash Batches": 1,
                            "Peak Memory Usage": 33920,
                            "Plans": [
                              {
                                "Node Type": "Bitmap Heap Scan",
                                "Parent Relationship": "Outer",
                                "Parallel Aware": true,
                                "Relation Name": "movie_companies",
                                "Alias": "mc",
                                "Startup Cost": 13962.4,
                                "Total Cost": 37490.51,
                                "Plan Rows": 379049,
                                "Plan Width": 4,
                                "Actual Startup Time": 33.296,
                                "Actual Total Time": 92.422,
                                "Actual Rows": 328496,
                                "Actual Loops": 2,
                                "Recheck Cond": "(company_id > 53214)",
                                "Rows Removed by Index Recheck": 0,
                                "Exact Heap Blocks": 7461,
                                "Lossy Heap Blocks": 0,
                                "Plans": [
                                  {
                                    "Node Type": "Bitmap Index Scan",
                                    "Parent Relationship": "Outer",
                                    "Parallel Aware": false,
                                    "Index Name": "company_id_movie_companies",
                                    "Startup Cost": 0.0,
                                    "Total Cost": 13801.3,
                                    "Plan Rows": 644383,
                                    "Plan Width": 0,
                                    "Actual Startup Time": 31.612,
                                    "Actual Total Time": 31.612,
                                    "Actual Rows": 656991,
                                    "Actual Loops": 1,
                                    "Index Cond": "(company_id > 53214)"
                                  }
                                ]
                              }
                            ]
                          }
                        ]
                      }
                    ]
                  }
                ]
              }
            ]
          }
        ]
      }
    ]
  },
  "Planning Time": 0.624,
  "Triggers": [],
  "Execution Time": 3321.514
}