[
  {
    "Plan": {
      "Node Type": "Aggregate",
      "Strategy": "Plain",
      "Partial Mode": "Simple",
      "Parallel Aware": false,
      "Startup Cost": 20373.3,
      "Total Cost": 20373.31,
      "Plan Rows": 1,
      "Plan Width": 8,
      "Actual Startup Time": 20.819,
      "Actual Total Time": 20.82,
      "Actual Rows": 1,
      "Actual Loops": 1,
      "Plans": [
        {
          "Node Type": "Bitmap Heap Scan",
          "Parent Relationship": "Outer",
          "Parallel Aware": false,
          "Relation Name": "movie_companies",
          "Alias": "mc",
          "Startup Cost": 764.73,
          "Total Cost": 20285.46,
          "Plan Rows": 35136,
          "Plan Width": 0,
          "Actual Startup Time": 3.498,
          "Actual Total Time": 17.536,
          "Actual Rows": 36136,
          "Actual Loops": 1,
          "Recheck Cond": "(company_id = 160)",
          "Rows Removed by Index Recheck": 0,
          "Exact Heap Blocks": 4319,
          "Lossy Heap Blocks": 0,
          "Plans": [
            {
              "Node Type": "Bitmap Index Scan",
              "Parent Relationship": "Outer",
              "Parallel Aware": false,
              "Index Name": "company_id_movie_companies",
              "Startup Cost": 0.0,
              "Total Cost": 755.95,
              "Plan Rows": 35136,
              "Plan Width": 0,
              "Actual Startup Time": 2.679,
              "Actual Total Time": 2.68,
              "Actual Rows": 36136,
              "Actual Loops": 1,
              "Index Cond": "(company_id = 160)"
            }
          ]
        }
      ]
    },
    "Planning Time": 0.095,
    "Triggers": [],
    "Execution Time": 20.855
  }
]