{
  "Plan": {
    "Node Type": "Aggregate",
    "Strategy": "Plain",
    "Partial Mode": "Finalize",
    "Parallel Aware": false,
    "Startup Cost": 105475.76,
    "Total Cost": 105475.77,
    "Plan Rows": 1,
    "Plan Width": 8,
    "Actual Startup Time": 504.265,
    "Actual Total Time": 520.11,
    "Actual Rows": 1,
    "Actual Loops": 1,
    "Plans": [
      {
        "Node Type": "Gather",
        "Parent Relationship": "Outer",
        "Parallel Aware": false,
        "Startup Cost": 105475.65,
        "Total Cost": 105475.76,
        "Plan Rows": 1,
        "Plan Width": 8,
        "Actual Startup Time": 502.334,
        "Actual Total Time": 520.102,
        "Actual Rows": 2,
        "Actual Loops": 1,
        "Workers Planned": 1,
        "Workers Launched": 1,
        "Single Copy": false,
        "Plans": [
          {
            "Node Type": "Aggregate",
            "Strategy": "Plain",
            "Partial Mode": "Partial",
            "Parent Relationship": "Outer",
            "Parallel Aware": false,
            "Startup Cost": 104475.65,
            "Total Cost": 104475.66,
            "Plan Rows": 1,
            "Plan Width": 8,
            "Actual Startup Time": 496.745,
            "Actual Total Time": 496.749,
            "Actual Rows": 1,
            "Actual Loops": 2,
            "Plans": [
              {
                "Node Type": "Hash Join",
                "Parent Relationship": "Outer",
                "Parallel Aware": true,
                "Join Type": "Inner",
                "Startup Cost": 63872.08,
                "Total Cost": 103892.41,
                "Plan Rows": 233296,
                "Plan Width": 0,
                "Actual Startup Time": 292.476,
                "Actual Total Time": 483.952,
                "Actual Rows": 310824,
                "Actual Loops": 2,
                "Inner Unique": true,
                "Hash Cond": "(mc.movie_id = t.id)",
                "Plans": [
                  {
                    "Node Type": "Seq Scan",
                    "Parent Relationship": "Outer",
                    "Parallel Aware": true,
                    "Relation Name": "movie_companies",
                    "Alias": "mc",
                    "Startup Cost": 0.0,
                    "Total Cost": 37974.77,
                    "Plan Rows": 779260,
                    "Plan Width": 4,
                    "Actual Startup Time": 48.653,
                    "Actual Total Time": 114.398,
                    "Actual Rows": 667442,
                    "Actual Loops": 2,
                    "Filter": "(company_type_id = 2)",
                    "Rows Removed by Filter": 637123
                  },
                  {
                    "Node Type": "Hash",
                    "Parent Relationship": "Inner",
                    "Parallel Aware": true,
                    "Startup Cost": 58306.47,
                    "Total Cost": 58306.47,
                    "Plan Rows": 445249,
                    "Plan Width": 4,
                    "Actual Startup Time": 234.424,
                    "Actual Total Time": 234.424,
                    "Actual Rows": 328600,
                    "Actual Loops": 2,
                    "Hash Buckets": 1048576,
                    "Original Hash Buckets": 1048576,
                    "Hash Batches": 1,
                    "Original Hash Batches": 1,
                    "Peak Memory Usage": 33920,
                    "Plans": [
                      {
                        "Node Type": "Seq Scan",
                        "Parent Relationship": "Outer",
                        "Parallel Aware": true,
                        "Relation Name": "title",
                        "Alias": "t",
                        "Startup Cost": 0.0,
                        "Total Cost": 58306.47,
                        "Plan Rows": 445249,
                        "Plan Width": 4,
                        "Actual Startup Time": 0.039,
                        "Actual Total Time": 154.511,
                        "Actual Rows": 328600,
                        "Actual Loops": 2,
                        "Filter": "((kind_id < 7) AND (production_year > 1981))",
                        "Rows Removed by Filter": 935556
                      }
                    ]
                  }
                ]
              }
            ]
          }
        ]
      }
    ]
  },
  "Planning Time": 0.513,
  "Triggers": [],
  "Execution Time": 520.182
}