[
  {
    "Plan": {
      "Node Type": "Aggregate",
      "Strategy": "Plain",
      "Partial Mode": "Finalize",
      "Parallel Aware": false,
      "Startup Cost": 31562.12,
      "Total Cost": 31562.13,
      "Plan Rows": 1,
      "Plan Width": 8,
      "Actual Startup Time": 73.428,
      "Actual Total Time": 80.819,
      "Actual Rows": 1,
      "Actual Loops": 1,
      "Plans": [
        {
          "Node Type": "Gather",
          "Parent Relationship": "Outer",
          "Parallel Aware": false,
          "Startup Cost": 31561.81,
          "Total Cost": 31562.12,
          "Plan Rows": 3,
          "Plan Width": 8,
          "Actual Startup Time": 73.152,
          "Actual Total Time": 80.809,
          "Actual Rows": 4,
          "Actual Loops": 1,
          "Workers Planned": 3,
          "Workers Launched": 3,
          "Single Copy": false,
          "Plans": [
            {
              "Node Type": "Aggregate",
              "Strategy": "Plain",
              "Partial Mode": "Partial",
              "Parent Relationship": "Outer",
              "Parallel Aware": false,
              "Startup Cost": 30561.81,
              "Total Cost": 30561.82,
              "Plan Rows": 1,
              "Plan Width": 8,
              "Actual Startup Time": 68.883,
              "Actual Total Time": 68.885,
              "Actual Rows": 1,
              "Actual Loops": 4,
              "Plans": [
                {
                  "Node Type": "Bitmap Heap Scan",
                  "Parent Relationship": "Outer",
                  "Parallel Aware": true,
                  "Relation Name": "movie_keyword",
                  "Alias": "mk",
                  "Startup Cost": 4973.39,
                  "Total Cost": 30372.74,
                  "Plan Rows": 75628,
                  "Plan Width": 0,
                  "Actual Startup Time": 16.817,
                  "Actual Total Time": 65.451,
                  "Actual Rows": 59686,
                  "Actual Loops": 4,
                  "Recheck Cond": "(keyword_id > 62076)",
                  "Rows Removed by Index Recheck": 0,
                  "Exact Heap Blocks": 9490,
                  "Lossy Heap Blocks": 0,
                  "Plans": [
                    {
                      "Node Type": "Bitmap Index Scan",
                      "Parent Relationship": "Outer",
                      "Parallel Aware": false,
                      "Index Name": "keyword_id_movie_keyword",
                      "Startup Cost": 0.0,
                      "Total Cost": 4914.78,
                      "Plan Rows": 234446,
                      "Plan Width": 0,
                      "Actual Startup Time": 17.308,
                      "Actual Total Time": 17.308,
                      "Actual Rows": 238745,
                      "Actual Loops": 1,
                      "Index Cond": "(keyword_id > 62076)"
                    }
                  ]
                }
              ]
            }
          ]
        }
      ]
    },
    "Planning Time": 0.189,
    "Triggers": [],
    "Execution Time": 80.897
  }
]