[
    {
        "Bao": {
            "Bao prediction": "NaN",
            "Bao recommended hint": "(no hint)"
        }
    },
    {
        "Plan": {
            "Node Type": "Aggregate",
            "Strategy": "Plain",
            "Partial Mode": "Finalize",
            "Parallel Aware": false,
            "Startup Cost": 607244.77,
            "Total Cost": 607244.78,
            "Plan Rows": 1,
            "Plan Width": 8,
            "Actual Startup Time": 2235.757,
            "Actual Total Time": 2282.12,
            "Actual Rows": 1,
            "Actual Loops": 1,
            "Output": [
                "count(*)"
            ],
            "Plans": [
                {
                    "Node Type": "Gather",
                    "Parent Relationship": "Outer",
                    "Parallel Aware": false,
                    "Startup Cost": 607244.15,
                    "Total Cost": 607244.76,
                    "Plan Rows": 6,
                    "Plan Width": 8,
                    "Actual Startup Time": 2224.377,
                    "Actual Total Time": 2282.104,
                    "Actual Rows": 7,
                    "Actual Loops": 1,
                    "Output": [
                        "(PARTIAL count(*))"
                    ],
                    "Workers Planned": 6,
                    "Workers Launched": 6,
                    "Single Copy": false,
                    "Plans": [
                        {
                            "Node Type": "Aggregate",
                            "Strategy": "Plain",
                            "Partial Mode": "Partial",
                            "Parent Relationship": "Outer",
                            "Parallel Aware": false,
                            "Startup Cost": 606244.15,
                            "Total Cost": 606244.16,
                            "Plan Rows": 1,
                            "Plan Width": 8,
                            "Actual Startup Time": 2214.178,
                            "Actual Total Time": 2214.259,
                            "Actual Rows": 1,
                            "Actual Loops": 7,
                            "Output": [
                                "PARTIAL count(*)"
                            ],
                            "Workers": [
                                {
                                    "Worker Number": 0,
                                    "Actual Startup Time": 2211.817,
                                    "Actual Total Time": 2211.833,
                                    "Actual Rows": 1,
                                    "Actual Loops": 1
                                },
                                {
                                    "Worker Number": 1,
                                    "Actual Startup Time": 2212.566,
                                    "Actual Total Time": 2212.57,
                                    "Actual Rows": 1,
                                    "Actual Loops": 1
                                },
                                {
                                    "Worker Number": 2,
                                    "Actual Startup Time": 2211.879,
                                    "Actual Total Time": 2211.885,
                                    "Actual Rows": 1,
                                    "Actual Loops": 1
                                },
                                {
                                    "Worker Number": 3,
                                    "Actual Startup Time": 2212.652,
                                    "Actual Total Time": 2212.657,
                                    "Actual Rows": 1,
                                    "Actual Loops": 1
                                },
                                {
                                    "Worker Number": 4,
                                    "Actual Startup Time": 2212.881,
                                    "Actual Total Time": 2212.886,
                                    "Actual Rows": 1,
                                    "Actual Loops": 1
                                },
                                {
                                    "Worker Number": 5,
                                    "Actual Startup Time": 2213.45,
                                    "Actual Total Time": 2213.455,
                                    "Actual Rows": 1,
                                    "Actual Loops": 1
                                }
                            ],
                            "Plans": [
                                {
                                    "Node Type": "Hash Join",
                                    "Parent Relationship": "Outer",
                                    "Parallel Aware": true,
                                    "Join Type": "Inner",
                                    "Startup Cost": 251259.65,
                                    "Total Cost": 601337.44,
                                    "Plan Rows": 1962683,
                                    "Plan Width": 0,
                                    "Actual Startup Time": 634.17,
                                    "Actual Total Time": 2143.659,
                                    "Actual Rows": 1389044,
                                    "Actual Loops": 7,
                                    "Inner Unique": false,
                                    "Hash Cond": "(ci.movie_id = t.id)",
                                    "Workers": [
                                        {
                                            "Worker Number": 0,
                                            "Actual Startup Time": 631.872,
                                            "Actual Total Time": 2136.509,
                                            "Actual Rows": 1033102,
                                            "Actual Loops": 1
                                        },
                                        {
                                            "Worker Number": 1,
                                            "Actual Startup Time": 631.924,
                                            "Actual Total Time": 2143.843,
                                            "Actual Rows": 1492951,
                                            "Actual Loops": 1
                                        },
                                        {
                                            "Worker Number": 2,
                                            "Actual Startup Time": 631.936,
                                            "Actual Total Time": 2143.891,
                                            "Actual Rows": 1478213,
                                            "Actual Loops": 1
                                        },
                                        {
                                            "Worker Number": 3,
                                            "Actual Startup Time": 632.885,
                                            "Actual Total Time": 2144.495,
                                            "Actual Rows": 1527694,
                                            "Actual Loops": 1
                                        },
                                        {
                                            "Worker Number": 4,
                                            "Actual Startup Time": 633.015,
                                            "Actual Total Time": 2136.686,
                                            "Actual Rows": 1035381,
                                            "Actual Loops": 1
                                        },
                                        {
                                            "Worker Number": 5,
                                            "Actual Startup Time": 633.509,
                                            "Actual Total Time": 2145.2,
                                            "Actual Rows": 1481873,
                                            "Actual Loops": 1
                                        }
                                    ],
                                    "Plans": [
                                        {
                                            "Node Type": "Seq Scan",
                                            "Parent Relationship": "Outer",
                                            "Parallel Aware": true,
                                            "Relation Name": "cast_info",
                                            "Schema": "public",
                                            "Alias": "ci",
                                            "Startup Cost": 0.0,
                                            "Total Cost": 328213.62,
                                            "Plan Rows": 4783680,
                                            "Plan Width": 4,
                                            "Actual Startup Time": 75.535,
                                            "Actual Total Time": 601.791,
                                            "Actual Rows": 4068912,
                                            "Actual Loops": 7,
                                            "Output": [
                                                "ci.id",
                                                "ci.person_id",
                                                "ci.movie_id",
                                                "ci.person_role_id",
                                                "ci.note",
                                                "ci.nr_order",
                                                "ci.role_id"
                                            ],
                                            "Filter": "(ci.person_id > 755165)",
                                            "Rows Removed by Filter": 1108852,
                                            "Workers": [
                                                {
                                                    "Worker Number": 0,
                                                    "Actual Startup Time": 75.474,
                                                    "Actual Total Time": 642.342,
                                                    "Actual Rows": 3035860,
                                                    "Actual Loops": 1
                                                },
                                                {
                                                    "Worker Number": 1,
                                                    "Actual Startup Time": 75.539,
                                                    "Actual Total Time": 593.308,
                                                    "Actual Rows": 4360617,
                                                    "Actual Loops": 1
                                                },
                                                {
                                                    "Worker Number": 2,
                                                    "Actual Startup Time": 75.553,
                                                    "Actual Total Time": 594.039,
                                                    "Actual Rows": 4362003,
                                                    "Actual Loops": 1
                                                },
                                                {
                                                    "Worker Number": 3,
                                                    "Actual Startup Time": 75.538,
                                                    "Actual Total Time": 605.773,
                                                    "Actual Rows": 4454023,
                                                    "Actual Loops": 1
                                                },
                                                {
                                                    "Worker Number": 4,
                                                    "Actual Startup Time": 75.557,
                                                    "Actual Total Time": 640.443,
                                                    "Actual Rows": 3009699,
                                                    "Actual Loops": 1
                                                },
                                                {
                                                    "Worker Number": 5,
                                                    "Actual Startup Time": 75.536,
                                                    "Actual Total Time": 593.111,
                                                    "Actual Rows": 4367717,
                                                    "Actual Loops": 1
                                                }
                                            ]
                                        },
                                        {
                                            "Node Type": "Hash",
                                            "Parent Relationship": "Inner",
                                            "Parallel Aware": true,
                                            "Startup Cost": 248666.3,
                                            "Total Cost": 248666.3,
                                            "Plan Rows": 207468,
                                            "Plan Width": 8,
                                            "Actual Startup Time": 556.378,
                                            "Actual Total Time": 556.457,
                                            "Actual Rows": 122593,
                                            "Actual Loops": 7,
                                            "Output": [
                                                "t.id",
                                                "mi.movie_id"
                                            ],
                                            "Hash Buckets": 1048576,
                                            "Original Hash Buckets": 1048576,
                                            "Hash Batches": 1,
                                            "Original Hash Batches": 1,
                                            "Peak Memory Usage": 41888,
                                            "Workers": [
                                                {
                                                    "Worker Number": 0,
                                                    "Actual Startup Time": 555.491,
                                                    "Actual Total Time": 555.506,
                                                    "Actual Rows": 97213,
                                                    "Actual Loops": 1
                                                },
                                                {
                                                    "Worker Number": 1,
                                                    "Actual Startup Time": 555.628,
                                                    "Actual Total Time": 555.631,
                                                    "Actual Rows": 131387,
                                                    "Actual Loops": 1
                                                },
                                                {
                                                    "Worker Number": 2,
                                                    "Actual Startup Time": 555.599,
                                                    "Actual Total Time": 555.603,
                                                    "Actual Rows": 132731,
                                                    "Actual Loops": 1
                                                },
                                                {
                                                    "Worker Number": 3,
                                                    "Actual Startup Time": 556.516,
                                                    "Actual Total Time": 556.52,
                                                    "Actual Rows": 131968,
                                                    "Actual Loops": 1
                                                },
                                                {
                                                    "Worker Number": 4,
                                                    "Actual Startup Time": 556.622,
                                                    "Actual Total Time": 556.626,
                                                    "Actual Rows": 95237,
                                                    "Actual Loops": 1
                                                },
                                                {
                                                    "Worker Number": 5,
                                                    "Actual Startup Time": 557.182,
                                                    "Actual Total Time": 557.185,
                                                    "Actual Rows": 130962,
                                                    "Actual Loops": 1
                                                }
                                            ],
                                            "Plans": [
                                                {
                                                    "Node Type": "Hash Join",
                                                    "Parent Relationship": "Outer",
                                                    "Parallel Aware": true,
                                                    "Join Type": "Inner",
                                                    "Startup Cost": 48209.68,
                                                    "Total Cost": 248666.3,
                                                    "Plan Rows": 207468,
                                                    "Plan Width": 8,
                                                    "Actual Startup Time": 192.129,
                                                    "Actual Total Time": 508.693,
                                                    "Actual Rows": 122593,
                                                    "Actual Loops": 7,
                                                    "Output": [
                                                        "t.id",
                                                        "mi.movie_id"
                                                    ],
                                                    "Inner Unique": true,
                                                    "Hash Cond": "(mi.movie_id = t.id)",
                                                    "Workers": [
                                                        {
                                                            "Worker Number": 0,
                                                            "Actual Startup Time": 191.396,
                                                            "Actual Total Time": 508.482,
                                                            "Actual Rows": 97213,
                                                            "Actual Loops": 1
                                                        },
                                                        {
                                                            "Worker Number": 1,
                                                            "Actual Startup Time": 191.266,
                                                            "Actual Total Time": 507.6,
                                                            "Actual Rows": 131387,
                                                            "Actual Loops": 1
                                                        },
                                                        {
                                                            "Worker Number": 2,
                                                            "Actual Startup Time": 191.318,
                                                            "Actual Total Time": 506.908,
                                                            "Actual Rows": 132731,
                                                            "Actual Loops": 1
                                                        },
                                                        {
                                                            "Worker Number": 3,
                                                            "Actual Startup Time": 192.262,
                                                            "Actual Total Time": 508.821,
                                                            "Actual Rows": 131968,
                                                            "Actual Loops": 1
                                                        },
                                                        {
                                                            "Worker Number": 4,
                                                            "Actual Startup Time": 192.249,
                                                            "Actual Total Time": 509.35,
                                                            "Actual Rows": 95237,
                                                            "Actual Loops": 1
                                                        },
                                                        {
                                                            "Worker Number": 5,
                                                            "Actual Startup Time": 192.848,
                                                            "Actual Total Time": 508.686,
                                                            "Actual Rows": 130962,
                                                            "Actual Loops": 1
                                                        }
                                                    ],
                                                    "Plans": [
                                                        {
                                                            "Node Type": "Seq Scan",
                                                            "Parent Relationship": "Outer",
                                                            "Parallel Aware": true,
                                                            "Relation Name": "movie_info",
                                                            "Schema": "public",
                                                            "Alias": "mi",
                                                            "Startup Cost": 0.0,
                                                            "Total Cost": 198880.74,
                                                            "Plan Rows": 600336,
                                                            "Plan Width": 4,
                                                            "Actual Startup Time": 64.057,
                                                            "Actual Total Time": 278.979,
                                                            "Actual Rows": 433817,
                                                            "Actual Loops": 7,
                                                            "Output": [
                                                                "mi.id",
                                                                "mi.movie_id",
                                                                "mi.info_type_id",
                                                                "mi.info",
                                                                "mi.note"
                                                            ],
                                                            "Filter": "(mi.info_type_id = 16)",
                                                            "Rows Removed by Filter": 1685572,
                                                            "Workers": [
                                                                {
                                                                    "Worker Number": 0,
                                                                    "Actual Startup Time": 64.155,
                                                                    "Actual Total Time": 284.266,
                                                                    "Actual Rows": 323538,
                                                                    "Actual Loops": 1
                                                                },
                                                                {
                                                                    "Worker Number": 1,
                                                                    "Actual Startup Time": 64.009,
                                                                    "Actual Total Time": 277.666,
                                                                    "Actual Rows": 469149,
                                                                    "Actual Loops": 1
                                                                },
                                                                {
                                                                    "Worker Number": 2,
                                                                    "Actual Startup Time": 64.008,
                                                                    "Actual Total Time": 277.585,
                                                                    "Actual Rows": 464382,
                                                                    "Actual Loops": 1
                                                                },
                                                                {
                                                                    "Worker Number": 3,
                                                                    "Actual Startup Time": 64.044,
                                                                    "Actual Total Time": 279.024,
                                                                    "Actual Rows": 467035,
                                                                    "Actual Loops": 1
                                                                },
                                                                {
                                                                    "Worker Number": 4,
                                                                    "Actual Startup Time": 64.015,
                                                                    "Actual Total Time": 284.337,
                                                                    "Actual Rows": 322392,
                                                                    "Actual Loops": 1
                                                                },
                                                                {
                                                                    "Worker Number": 5,
                                                                    "Actual Startup Time": 64.011,
                                                                    "Actual Total Time": 277.578,
                                                                    "Actual Rows": 468176,
                                                                    "Actual Loops": 1
                                                                }
                                                            ]
                                                        },
                                                        {
                                                            "Node Type": "Hash",
                                                            "Parent Relationship": "Inner",
                                                            "Parallel Aware": true,
                                                            "Startup Cost": 45479.21,
                                                            "Total Cost": 45479.21,
                                                            "Plan Rows": 218438,
                                                            "Plan Width": 4,
                                                            "Actual Startup Time": 126.968,
                                                            "Actual Total Time": 126.971,
                                                            "Actual Rows": 114502,
                                                            "Actual Loops": 7,
                                                            "Output": [
                                                                "t.id"
                                                            ],
                                                            "Hash Buckets": 1048576,
                                                            "Original Hash Buckets": 1048576,
                                                            "Hash Batches": 1,
                                                            "Original Hash Batches": 1,
                                                            "Peak Memory Usage": 39680,
                                                            "Workers": [
                                                                {
                                                                    "Worker Number": 0,
                                                                    "Actual Startup Time": 127.004,
                                                                    "Actual Total Time": 127.016,
                                                                    "Actual Rows": 82730,
                                                                    "Actual Loops": 1
                                                                },
                                                                {
                                                                    "Worker Number": 1,
                                                                    "Actual Startup Time": 127.017,
                                                                    "Actual Total Time": 127.018,
                                                                    "Actual Rows": 111422,
                                                                    "Actual Loops": 1
                                                                },
                                                                {
                                                                    "Worker Number": 2,
                                                                    "Actual Startup Time": 127.008,
                                                                    "Actual Total Time": 127.01,
                                                                    "Actual Rows": 108553,
                                                                    "Actual Loops": 1
                                                                },
                                                                {
                                                                    "Worker Number": 3,
                                                                    "Actual Startup Time": 127.853,
                                                                    "Actual Total Time": 127.855,
                                                                    "Actual Rows": 115083,
                                                                    "Actual Loops": 1
                                                                },
                                                                {
                                                                    "Worker Number": 4,
                                                                    "Actual Startup Time": 127.967,
                                                                    "Actual Total Time": 127.969,
                                                                    "Actual Rows": 83786,
                                                                    "Actual Loops": 1
                                                                },
                                                                {
                                                                    "Worker Number": 5,
                                                                    "Actual Startup Time": 128.552,
                                                                    "Actual Total Time": 128.553,
                                                                    "Actual Rows": 106626,
                                                                    "Actual Loops": 1
                                                                }
                                                            ],
                                                            "Plans": [
                                                                {
                                                                    "Node Type": "Seq Scan",
                                                                    "Parent Relationship": "Outer",
                                                                    "Parallel Aware": true,
                                                                    "Relation Name": "title",
                                                                    "Schema": "public",
                                                                    "Alias": "t",
                                                                    "Startup Cost": 0.0,
                                                                    "Total Cost": 45479.21,
                                                                    "Plan Rows": 218438,
                                                                    "Plan Width": 4,
                                                                    "Actual Startup Time": 0.048,
                                                                    "Actual Total Time": 75.576,
                                                                    "Actual Rows": 114502,
                                                                    "Actual Loops": 7,
                                                                    "Output": [
                                                                        "t.id"
                                                                    ],
                                                                    "Filter": "((t.production_year < 2006) AND (t.kind_id = 7))",
                                                                    "Rows Removed by Filter": 246686,
                                                                    "Workers": [
                                                                        {
                                                                            "Worker Number": 0,
                                                                            "Actual Startup Time": 0.058,
                                                                            "Actual Total Time": 77.772,
                                                                            "Actual Rows": 82730,
                                                                            "Actual Loops": 1
                                                                        },
                                                                        {
                                                                            "Worker Number": 1,
                                                                            "Actual Startup Time": 0.057,
                                                                            "Actual Total Time": 76.077,
                                                                            "Actual Rows": 111422,
                                                                            "Actual Loops": 1
                                                                        },
                                                                        {
                                                                            "Worker Number": 2,
                                                                            "Actual Startup Time": 0.054,
                                                                            "Actual Total Time": 76.156,
                                                                            "Actual Rows": 108553,
                                                                            "Actual Loops": 1
                                                                        },
                                                                        {
                                                                            "Worker Number": 3,
                                                                            "Actual Startup Time": 0.06,
                                                                            "Actual Total Time": 76.653,
                                                                            "Actual Rows": 115083,
                                                                            "Actual Loops": 1
                                                                        },
                                                                        {
                                                                            "Worker Number": 4,
                                                                            "Actual Startup Time": 0.036,
                                                                            "Actual Total Time": 77.925,
                                                                            "Actual Rows": 83786,
                                                                            "Actual Loops": 1
                                                                        },
                                                                        {
                                                                            "Worker Number": 5,
                                                                            "Actual Startup Time": 0.06,
                                                                            "Actual Total Time": 76.278,
                                                                            "Actual Rows": 106626,
                                                                            "Actual Loops": 1
                                                                        }
                                                                    ]
                                                                }
                                                            ]
                                                        }
                                                    ]
                                                }
                                            ]
                                        }
                                    ]
                                }
                            ]
                        }
                    ]
                }
            ]
        },
        "Planning Time": 200.128,
        "Triggers": [],
        "Execution Time": 2282.188
    }
]