[
  {
    "Plan": {
      "Node Type": "Aggregate",
      "Strategy": "Plain",
      "Partial Mode": "Finalize",
      "Parallel Aware": false,
      "Startup Cost": 24437.6,
      "Total Cost": 24437.61,
      "Plan Rows": 1,
      "Plan Width": 8,
      "Actual Startup Time": 30.573,
      "Actual Total Time": 33.387,
      "Actual Rows": 1,
      "Actual Loops": 1,
      "Plans": [
        {
          "Node Type": "Gather",
          "Parent Relationship": "Outer",
          "Parallel Aware": false,
          "Startup Cost": 24437.28,
          "Total Cost": 24437.59,
          "Plan Rows": 3,
          "Plan Width": 8,
          "Actual Startup Time": 30.409,
          "Actual Total Time": 33.382,
          "Actual Rows": 4,
          "Actual Loops": 1,
          "Workers Planned": 3,
          "Workers Launched": 3,
          "Single Copy": false,
          "Plans": [
            {
              "Node Type": "Aggregate",
              "Strategy": "Plain",
              "Partial Mode": "Partial",
              "Parent Relationship": "Outer",
              "Parallel Aware": false,
              "Startup Cost": 23437.28,
              "Total Cost": 23437.29,
              "Plan Rows": 1,
              "Plan Width": 8,
              "Actual Startup Time": 25.994,
              "Actual Total Time": 25.995,
              "Actual Rows": 1,
              "Actual Loops": 4,
              "Plans": [
                {
                  "Node Type": "Bitmap Heap Scan",
                  "Parent Relationship": "Outer",
                  "Parallel Aware": true,
                  "Relation Name": "movie_companies",
                  "Alias": "mc",
                  "Startup Cost": 3799.04,
                  "Total Cost": 23295.91,
                  "Plan Rows": 56550,
                  "Plan Width": 0,
                  "Actual Startup Time": 5.567,
                  "Actual Total Time": 23.492,
                  "Actual Rows": 44546,
                  "Actual Loops": 4,
                  "Recheck Cond": "(company_id > 120947)",
                  "Rows Removed by Index Recheck": 0,
                  "Exact Heap Blocks": 1928,
                  "Lossy Heap Blocks": 0,
                  "Plans": [
                    {
                      "Node Type": "Bitmap Index Scan",
                      "Parent Relationship": "Outer",
                      "Parallel Aware": false,
                      "Index Name": "company_id_movie_companies",
                      "Startup Cost": 0.0,
                      "Total Cost": 3755.21,
                      "Plan Rows": 175304,
                      "Plan Width": 0,
                      "Actual Startup Time": 8.845,
                      "Actual Total Time": 8.846,
                      "Actual Rows": 178186,
                      "Actual Loops": 1,
                      "Index Cond": "(company_id > 120947)"
                    }
                  ]
                }
              ]
            }
          ]
        }
      ]
    },
    "Planning Time": 0.072,
    "Triggers": [],
    "Execution Time": 33.413
  }
]