[
  {
    "Plan": {
      "Node Type": "Aggregate",
      "Strategy": "Plain",
      "Partial Mode": "Finalize",
      "Parallel Aware": false,
      "Startup Cost": 67246.26,
      "Total Cost": 67246.27,
      "Plan Rows": 1,
      "Plan Width": 8,
      "Actual Startup Time": 28.684,
      "Actual Total Time": 32.396,
      "Actual Rows": 1,
      "Actual Loops": 1,
      "Plans": [
        {
          "Node Type": "Gather",
          "Parent Relationship": "Outer",
          "Parallel Aware": false,
          "Startup Cost": 67245.94,
          "Total Cost": 67246.25,
          "Plan Rows": 3,
          "Plan Width": 8,
          "Actual Startup Time": 28.515,
          "Actual Total Time": 32.392,
          "Actual Rows": 4,
          "Actual Loops": 1,
          "Workers Planned": 3,
          "Workers Launched": 3,
          "Single Copy": false,
          "Plans": [
            {
              "Node Type": "Aggregate",
              "Strategy": "Plain",
              "Partial Mode": "Partial",
              "Parent Relationship": "Outer",
              "Parallel Aware": false,
              "Startup Cost": 66245.94,
              "Total Cost": 66245.95,
              "Plan Rows": 1,
              "Plan Width": 8,
              "Actual Startup Time": 21.802,
              "Actual Total Time": 21.803,
              "Actual Rows": 1,
              "Actual Loops": 4,
              "Plans": [
                {
                  "Node Type": "Nested Loop",
                  "Parent Relationship": "Outer",
                  "Parallel Aware": false,
                  "Join Type": "Inner",
                  "Startup Cost": 1399.75,
                  "Total Cost": 66226.93,
                  "Plan Rows": 7604,
                  "Plan Width": 0,
                  "Actual Startup Time": 8.831,
                  "Actual Total Time": 21.557,
                  "Actual Rows": 1640,
                  "Actual Loops": 4,
                  "Inner Unique": true,
                  "Plans": [
                    {
                      "Node Type": "Bitmap Heap Scan",
                      "Parent Relationship": "Outer",
                      "Parallel Aware": true,
                      "Relation Name": "movie_companies",
                      "Alias": "mc",
                      "Startup Cost": 1399.32,
                      "Total Cost": 20503.25,
                      "Plan Rows": 10696,
                      "Plan Width": 4,
                      "Actual Startup Time": 8.691,
                      "Actual Total Time": 9.715,
                      "Actual Rows": 1644,
                      "Actual Loops": 4,
                      "Recheck Cond": "(company_id = 6)",
                      "Rows Removed by Index Recheck": 0,
                      "Filter": "(company_type_id > 1)",
                      "Rows Removed by Filter": 13874,
                      "Exact Heap Blocks": 4345,
                      "Lossy Heap Blocks": 0,
                      "Plans": [
                        {
                          "Node Type": "Bitmap Index Scan",
                          "Parent Relationship": "Outer",
                          "Parallel Aware": false,
                          "Index Name": "company_id_movie_companies",
                          "Startup Cost": 0.0,
                          "Total Cost": 1391.03,
                          "Plan Rows": 64880,
                          "Plan Width": 0,
                          "Actual Startup Time": 2.731,
                          "Actual Total Time": 2.731,
                          "Actual Rows": 62075,
                          "Actual Loops": 1,
                          "Index Cond": "(company_id = 6)"
                        }
                      ]
                    },
                    {
                      "Node Type": "Index Scan",
                      "Parent Relationship": "Inner",
                      "Parallel Aware": false,
                      "Scan Direction": "Forward",
                      "Index Name": "title_pkey",
                      "Relation Name": "title",
                      "Alias": "t",
                      "Startup Cost": 0.43,
                      "Total Cost": 4.27,
                      "Plan Rows": 1,
                      "Plan Width": 4,
                      "Actual Startup Time": 0.007,
                      "Actual Total Time": 0.007,
                      "Actual Rows": 1,
                      "Actual Loops": 6578,
                      "Index Cond": "(id = mc.movie_id)",
                      "Rows Removed by Index Recheck": 0,
                      "Filter": "(production_year < 2009)",
                      "Rows Removed by Filter": 0
                    }
                  ]
                }
              ]
            }
          ]
        }
      ]
    },
    "Planning Time": 0.251,
    "Triggers": [],
    "Execution Time": 32.429
  }
]