{
  "Plan": {
    "Node Type": "Aggregate",
    "Strategy": "Plain",
    "Partial Mode": "Finalize",
    "Parallel Aware": false,
    "Startup Cost": 143789.57,
    "Total Cost": 143789.58,
    "Plan Rows": 1,
    "Plan Width": 8,
    "Actual Startup Time": 1703.151,
    "Actual Total Time": 1722.217,
    "Actual Rows": 1,
    "Actual Loops": 1,
    "Plans": [
      {
        "Node Type": "Gather",
        "Parent Relationship": "Outer",
        "Parallel Aware": false,
        "Startup Cost": 143789.46,
        "Total Cost": 143789.57,
        "Plan Rows": 1,
        "Plan Width": 8,
        "Actual Startup Time": 1702.043,
        "Actual Total Time": 1722.208,
        "Actual Rows": 2,
        "Actual Loops": 1,
        "Workers Planned": 1,
        "Workers Launched": 1,
        "Single Copy": false,
        "Plans": [
          {
            "Node Type": "Aggregate",
            "Strategy": "Plain",
            "Partial Mode": "Partial",
            "Parent Relationship": "Outer",
            "Parallel Aware": false,
            "Startup Cost": 142789.46,
            "Total Cost": 142789.47,
            "Plan Rows": 1,
            "Plan Width": 8,
            "Actual Startup Time": 1695.825,
            "Actual Total Time": 1695.83,
            "Actual Rows": 1,
            "Actual Loops": 2,
            "Plans": [
              {
                "Node Type": "Nested Loop",
                "Parent Relationship": "Outer",
                "Parallel Aware": false,
                "Join Type": "Inner",
                "Startup Cost": 54047.21,
                "Total Cost": 142749.87,
                "Plan Rows": 15838,
                "Plan Width": 0,
                "Actual Startup Time": 219.435,
                "Actual Total Time": 1682.736,
                "Actual Rows": 174508,
                "Actual Loops": 2,
                "Inner Unique": false,
                "Join Filter": "(t.id = mc.movie_id)",
                "Rows Removed by Join Filter": 0,
                "Plans": [
                  {
                    "Node Type": "Hash Join",
                    "Parent Relationship": "Outer",
                    "Parallel Aware": true,
                    "Join Type": "Inner",
                    "Startup Cost": 54046.78,
                    "Total Cost": 112097.63,
                    "Plan Rows": 51731,
                    "Plan Width": 8,
                    "Actual Startup Time": 219.321,
                    "Actual Total Time": 586.195,
                    "Actual Rows": 304072,
                    "Actual Loops": 2,
                    "Inner Unique": true,
                    "Hash Cond": "(mk.movie_id = t.id)",
                    "Plans": [
                      {
                        "Node Type": "Seq Scan",
                        "Parent Relationship": "Outer",
                        "Parallel Aware": true,
                        "Relation Name": "movie_keyword",
                        "Alias": "mk",
                        "Startup Cost": 0.0,
                        "Total Cost": 51065.35,
                        "Plan Rows": 2661135,
                        "Plan Width": 4,
                        "Actual Startup Time": 0.014,
                        "Actual Total Time": 188.242,
                        "Actual Rows": 2261965,
                        "Actual Loops": 2
                      },
                      {
                        "Node Type": "Hash",
                        "Parent Relationship": "Inner",
                        "Parallel Aware": true,
                        "Startup Cost": 53685.4,
                        "Total Cost": 53685.4,
                        "Plan Rows": 28911,
                        "Plan Width": 4,
                        "Actual Startup Time": 141.294,
                        "Actual Total Time": 141.295,
                        "Actual Rows": 87199,
                        "Actual Loops": 2,
                        "Hash Buckets": 262144,
                        "Original Hash Buckets": 65536,
                        "Hash Batches": 1,
                        "Original Hash Batches": 1,
                        "Peak Memory Usage": 10432,
                        "Plans": [
                          {
                            "Node Type": "Bitmap Heap Scan",
                            "Parent Relationship": "Outer",
                            "Parallel Aware": true,
                            "Relation Name": "title",
                            "Alias": "t",
                            "Startup Cost": 11835.14,
                            "Total Cost": 53685.4,
                            "Plan Rows": 28911,
                            "Plan Width": 4,
                            "Actual Startup Time": 37.988,
                            "Actual Total Time": 108.402,
                            "Actual Rows": 87199,
                            "Actual Loops": 2,
                            "Recheck Cond": "(kind_id = 1)",
                            "Rows Removed by Index Recheck": 0,
                            "Filter": "(production_year < 1955)",
                            "Rows Removed by Filter": 244214,
                            "Exact Heap Blocks": 9391,
                            "Lossy Heap Blocks": 0,
                            "Plans": [
                              {
                                "Node Type": "Bitmap Index Scan",
                                "Parent Relationship": "Outer",
                                "Parallel Aware": false,
                                "Index Name": "kind_id_title",
                                "Startup Cost": 0.0,
                                "Total Cost": 11822.85,
                                "Plan Rows": 663256,
                                "Plan Width": 0,
                                "Actual Startup Time": 40.523,
                                "Actual Total Time": 40.524,
                                "Actual Rows": 662825,
                                "Actual Loops": 1,
                                "Index Cond": "(kind_id = 1)"
                              }
                            ]
                          }
                        ]
                      }
                    ]
                  },
                  {
                    "Node Type": "Index Scan",
                    "Parent Relationship": "Inner",
                    "Parallel Aware": false,
                    "Scan Direction": "Forward",
                    "Index Name": "movie_id_movie_companies",
                    "Relation Name": "movie_companies",
                    "Alias": "mc",
                    "Startup Cost": 0.43,
                    "Total Cost": 0.57,
                    "Plan Rows": 2,
                    "Plan Width": 4,
                    "Actual Startup Time": 0.003,
                    "Actual Total Time": 0.003,
                    "Actual Rows": 1,
                    "Actual Loops": 608143,
                    "Index Cond": "(movie_id = mk.movie_id)",
                    "Rows Removed by Index Recheck": 0,
                    "Filter": "((company_id < 14198) AND (company_type_id > 1))",
                    "Rows Removed by Filter": 6
                  }
                ]
              }
            ]
          }
        ]
      }
    ]
  },
  "Planning Time": 1.049,
  "Triggers": [],
  "Execution Time": 1722.323
}