{
  "Plan": {
    "Node Type": "Aggregate",
    "Strategy": "Plain",
    "Partial Mode": "Finalize",
    "Parallel Aware": false,
    "Startup Cost": 62967.37,
    "Total Cost": 62967.38,
    "Plan Rows": 1,
    "Plan Width": 8,
    "Actual Startup Time": 233.662,
    "Actual Total Time": 242.72,
    "Actual Rows": 1,
    "Actual Loops": 1,
    "Plans": [
      {
        "Node Type": "Gather",
        "Parent Relationship": "Outer",
        "Parallel Aware": false,
        "Startup Cost": 62967.26,
        "Total Cost": 62967.37,
        "Plan Rows": 1,
        "Plan Width": 8,
        "Actual Startup Time": 233.525,
        "Actual Total Time": 242.713,
        "Actual Rows": 2,
        "Actual Loops": 1,
        "Workers Planned": 1,
        "Workers Launched": 1,
        "Single Copy": false,
        "Plans": [
          {
            "Node Type": "Aggregate",
            "Strategy": "Plain",
            "Partial Mode": "Partial",
            "Parent Relationship": "Outer",
            "Parallel Aware": false,
            "Startup Cost": 61967.26,
            "Total Cost": 61967.27,
            "Plan Rows": 1,
            "Plan Width": 8,
            "Actual Startup Time": 227.312,
            "Actual Total Time": 227.316,
            "Actual Rows": 1,
            "Actual Loops": 2,
            "Plans": [
              {
                "Node Type": "Hash Join",
                "Parent Relationship": "Outer",
                "Parallel Aware": false,
                "Join Type": "Inner",
                "Startup Cost": 696.83,
                "Total Cost": 61967.21,
                "Plan Rows": 19,
                "Plan Width": 0,
                "Actual Startup Time": 187.769,
                "Actual Total Time": 227.308,
                "Actual Rows": 0,
                "Actual Loops": 2,
                "Inner Unique": false,
                "Hash Cond": "(mk.movie_id = t.id)",
                "Plans": [
                  {
                    "Node Type": "Seq Scan",
                    "Parent Relationship": "Outer",
                    "Parallel Aware": true,
                    "Relation Name": "movie_keyword",
                    "Alias": "mk",
                    "Startup Cost": 0.0,
                    "Total Cost": 57718.19,
                    "Plan Rows": 947201,
                    "Plan Width": 4,
                    "Actual Startup Time": 2.742,
                    "Actual Total Time": 181.247,
                    "Actual Rows": 807591,
                    "Actual Loops": 2,
                    "Filter": "(keyword_id > 9357)",
                    "Rows Removed by Filter": 1454374
                  },
                  {
                    "Node Type": "Hash",
                    "Parent Relationship": "Inner",
                    "Parallel Aware": false,
                    "Startup Cost": 696.2,
                    "Total Cost": 696.2,
                    "Plan Rows": 50,
                    "Plan Width": 8,
                    "Actual Startup Time": 2.001,
                    "Actual Total Time": 2.003,
                    "Actual Rows": 4,
                    "Actual Loops": 2,
                    "Hash Buckets": 1024,
                    "Original Hash Buckets": 1024,
                    "Hash Batches": 1,
                    "Original Hash Batches": 1,
                    "Peak Memory Usage": 9,
                    "Plans": [
                      {
                        "Node Type": "Nested Loop",
                        "Parent Relationship": "Outer",
                        "Parallel Aware": false,
                        "Join Type": "Inner",
                        "Startup Cost": 0.86,
                        "Total Cost": 696.2,
                        "Plan Rows": 50,
                        "Plan Width": 8,
                        "Actual Startup Time": 0.326,
                        "Actual Total Time": 1.989,
                        "Actual Rows": 4,
                        "Actual Loops": 2,
                        "Inner Unique": true,
                        "Plans": [
                          {
                            "Node Type": "Index Scan",
                            "Parent Relationship": "Outer",
                            "Parallel Aware": false,
                            "Scan Direction": "Forward",
                            "Index Name": "company_id_movie_companies",
                            "Relation Name": "movie_companies",
                            "Alias": "mc",
                            "Startup Cost": 0.43,
                            "Total Cost": 273.83,
                            "Plan Rows": 50,
                            "Plan Width": 4,
                            "Actual Startup Time": 0.191,
                            "Actual Total Time": 1.674,
                            "Actual Rows": 4,
                            "Actual Loops": 2,
                            "Index Cond": "(company_id = 21539)",
                            "Rows Removed by Index Recheck": 0,
                            "Filter": "(company_type_id < 2)",
                            "Rows Removed by Filter": 128
                          },
                          {
                            "Node Type": "Index Only Scan",
                            "Parent Relationship": "Inner",
                            "Parallel Aware": false,
                            "Scan Direction": "Forward",
                            "Index Name": "title_pkey",
                            "Relation Name": "title",
                            "Alias": "t",
                            "Startup Cost": 0.43,
                            "Total Cost": 8.45,
                            "Plan Rows": 1,
                            "Plan Width": 4,
                            "Actual Startup Time": 0.075,
                            "Actual Total Time": 0.075,
                            "Actual Rows": 1,
                            "Actual Loops": 8,
                            "Index Cond": "(id = mc.movie_id)",
                            "Rows Removed by Index Recheck": 0,
                            "Heap Fetches": 8
                          }
                        ]
                      }
                    ]
                  }
                ]
              }
            ]
          }
        ]
      }
    ]
  },
  "Planning Time": 1.115,
  "Triggers": [],
  "Execution Time": 242.812
}