[
  {
    "Plan": {
      "Node Type": "Aggregate",
      "Strategy": "Plain",
      "Partial Mode": "Finalize",
      "Parallel Aware": false,
      "Startup Cost": 32636.51,
      "Total Cost": 32636.52,
      "Plan Rows": 1,
      "Plan Width": 8,
      "Actual Startup Time": 95.465,
      "Actual Total Time": 103.343,
      "Actual Rows": 1,
      "Actual Loops": 1,
      "Plans": [
        {
          "Node Type": "Gather",
          "Parent Relationship": "Outer",
          "Parallel Aware": false,
          "Startup Cost": 32636.2,
          "Total Cost": 32636.51,
          "Plan Rows": 3,
          "Plan Width": 8,
          "Actual Startup Time": 95.403,
          "Actual Total Time": 103.334,
          "Actual Rows": 4,
          "Actual Loops": 1,
          "Workers Planned": 3,
          "Workers Launched": 3,
          "Single Copy": false,
          "Plans": [
            {
              "Node Type": "Aggregate",
              "Strategy": "Plain",
              "Partial Mode": "Partial",
              "Parent Relationship": "Outer",
              "Parallel Aware": false,
              "Startup Cost": 31636.2,
              "Total Cost": 31636.21,
              "Plan Rows": 1,
              "Plan Width": 8,
              "Actual Startup Time": 86.905,
              "Actual Total Time": 86.906,
              "Actual Rows": 1,
              "Actual Loops": 4,
              "Plans": [
                {
                  "Node Type": "Seq Scan",
                  "Parent Relationship": "Outer",
                  "Parallel Aware": true,
                  "Relation Name": "movie_companies",
                  "Alias": "mc",
                  "Startup Cost": 0.0,
                  "Total Cost": 31414.82,
                  "Plan Rows": 88551,
                  "Plan Width": 0,
                  "Actual Startup Time": 0.049,
                  "Actual Total Time": 78.767,
                  "Actual Rows": 101768,
                  "Actual Loops": 4,
                  "Filter": "((company_id < 567) AND (company_type_id < 2))",
                  "Rows Removed by Filter": 550515
                }
              ]
            }
          ]
        }
      ]
    },
    "Planning Time": 0.22,
    "Triggers": [],
    "Execution Time": 103.404
  }
]