[
    {
        "Bao": {
            "Bao prediction": "NaN",
            "Bao recommended hint": "(no hint)"
        }
    },
    {
        "Plan": {
            "Node Type": "Aggregate",
            "Strategy": "Plain",
            "Partial Mode": "Finalize",
            "Parallel Aware": false,
            "Startup Cost": 218216.48,
            "Total Cost": 218216.49,
            "Plan Rows": 1,
            "Plan Width": 8,
            "Actual Startup Time": 167.455,
            "Actual Total Time": 176.727,
            "Actual Rows": 1,
            "Actual Loops": 1,
            "Output": [
                "count(*)"
            ],
            "Plans": [
                {
                    "Node Type": "Gather",
                    "Parent Relationship": "Outer",
                    "Parallel Aware": false,
                    "Startup Cost": 218215.96,
                    "Total Cost": 218216.47,
                    "Plan Rows": 5,
                    "Plan Width": 8,
                    "Actual Startup Time": 164.551,
                    "Actual Total Time": 176.721,
                    "Actual Rows": 6,
                    "Actual Loops": 1,
                    "Output": [
                        "(PARTIAL count(*))"
                    ],
                    "Workers Planned": 5,
                    "Workers Launched": 5,
                    "Single Copy": false,
                    "Plans": [
                        {
                            "Node Type": "Aggregate",
                            "Strategy": "Plain",
                            "Partial Mode": "Partial",
                            "Parent Relationship": "Outer",
                            "Parallel Aware": false,
                            "Startup Cost": 217215.96,
                            "Total Cost": 217215.97,
                            "Plan Rows": 1,
                            "Plan Width": 8,
                            "Actual Startup Time": 154.123,
                            "Actual Total Time": 154.126,
                            "Actual Rows": 1,
                            "Actual Loops": 6,
                            "Output": [
                                "PARTIAL count(*)"
                            ],
                            "Workers": [
                                {
                                    "Worker Number": 0,
                                    "Actual Startup Time": 151.457,
                                    "Actual Total Time": 151.46,
                                    "Actual Rows": 1,
                                    "Actual Loops": 1
                                },
                                {
                                    "Worker Number": 1,
                                    "Actual Startup Time": 151.46,
                                    "Actual Total Time": 151.462,
                                    "Actual Rows": 1,
                                    "Actual Loops": 1
                                },
                                {
                                    "Worker Number": 2,
                                    "Actual Startup Time": 152.279,
                                    "Actual Total Time": 152.281,
                                    "Actual Rows": 1,
                                    "Actual Loops": 1
                                },
                                {
                                    "Worker Number": 3,
                                    "Actual Startup Time": 152.397,
                                    "Actual Total Time": 152.399,
                                    "Actual Rows": 1,
                                    "Actual Loops": 1
                                },
                                {
                                    "Worker Number": 4,
                                    "Actual Startup Time": 152.951,
                                    "Actual Total Time": 152.954,
                                    "Actual Rows": 1,
                                    "Actual Loops": 1
                                }
                            ],
                            "Plans": [
                                {
                                    "Node Type": "Hash Join",
                                    "Parent Relationship": "Outer",
                                    "Parallel Aware": true,
                                    "Join Type": "Inner",
                                    "Startup Cost": 53767.13,
                                    "Total Cost": 217175.03,
                                    "Plan Rows": 16371,
                                    "Plan Width": 0,
                                    "Actual Startup Time": 121.2,
                                    "Actual Total Time": 153.053,
                                    "Actual Rows": 17751,
                                    "Actual Loops": 6,
                                    "Inner Unique": true,
                                    "Hash Cond": "(mi.movie_id = t.id)",
                                    "Workers": [
                                        {
                                            "Worker Number": 0,
                                            "Actual Startup Time": 119.309,
                                            "Actual Total Time": 150.327,
                                            "Actual Rows": 14163,
                                            "Actual Loops": 1
                                        },
                                        {
                                            "Worker Number": 1,
                                            "Actual Startup Time": 118.854,
                                            "Actual Total Time": 150.414,
                                            "Actual Rows": 17683,
                                            "Actual Loops": 1
                                        },
                                        {
                                            "Worker Number": 2,
                                            "Actual Startup Time": 119.645,
                                            "Actual Total Time": 151.157,
                                            "Actual Rows": 19146,
                                            "Actual Loops": 1
                                        },
                                        {
                                            "Worker Number": 3,
                                            "Actual Startup Time": 118.927,
                                            "Actual Total Time": 151.34,
                                            "Actual Rows": 18065,
                                            "Actual Loops": 1
                                        },
                                        {
                                            "Worker Number": 4,
                                            "Actual Startup Time": 119.565,
                                            "Actual Total Time": 151.852,
                                            "Actual Rows": 13644,
                                            "Actual Loops": 1
                                        }
                                    ],
                                    "Plans": [
                                        {
                                            "Node Type": "Bitmap Heap Scan",
                                            "Parent Relationship": "Outer",
                                            "Parallel Aware": true,
                                            "Relation Name": "movie_info",
                                            "Schema": "public",
                                            "Alias": "mi",
                                            "Startup Cost": 8485.4,
                                            "Total Cost": 171647.74,
                                            "Plan Rows": 93547,
                                            "Plan Width": 4,
                                            "Actual Startup Time": 15.742,
                                            "Actual Total Time": 30.501,
                                            "Actual Rows": 81092,
                                            "Actual Loops": 6,
                                            "Output": [
                                                "mi.id",
                                                "mi.movie_id",
                                                "mi.info_type_id",
                                                "mi.info",
                                                "mi.note"
                                            ],
                                            "Recheck Cond": "(mi.info_type_id = 5)",
                                            "Rows Removed by Index Recheck": 0,
                                            "Exact Heap Blocks": 1416,
                                            "Lossy Heap Blocks": 0,
                                            "Workers": [
                                                {
                                                    "Worker Number": 0,
                                                    "Actual Startup Time": 15.862,
                                                    "Actual Total Time": 30.623,
                                                    "Actual Rows": 66031,
                                                    "Actual Loops": 1
                                                },
                                                {
                                                    "Worker Number": 1,
                                                    "Actual Startup Time": 15.875,
                                                    "Actual Total Time": 30.53,
                                                    "Actual Rows": 81720,
                                                    "Actual Loops": 1
                                                },
                                                {
                                                    "Worker Number": 2,
                                                    "Actual Startup Time": 15.735,
                                                    "Actual Total Time": 30.903,
                                                    "Actual Rows": 82398,
                                                    "Actual Loops": 1
                                                },
                                                {
                                                    "Worker Number": 3,
                                                    "Actual Startup Time": 15.586,
                                                    "Actual Total Time": 30.872,
                                                    "Actual Rows": 81185,
                                                    "Actual Loops": 1
                                                },
                                                {
                                                    "Worker Number": 4,
                                                    "Actual Startup Time": 15.75,
                                                    "Actual Total Time": 30.651,
                                                    "Actual Rows": 65942,
                                                    "Actual Loops": 1
                                                }
                                            ],
                                            "Plans": [
                                                {
                                                    "Node Type": "Bitmap Index Scan",
                                                    "Parent Relationship": "Outer",
                                                    "Parallel Aware": false,
                                                    "Index Name": "info_type_id_movie_info",
                                                    "Startup Cost": 0.0,
                                                    "Total Cost": 8368.46,
                                                    "Plan Rows": 467737,
                                                    "Plan Width": 0,
                                                    "Actual Startup Time": 14.944,
                                                    "Actual Total Time": 14.945,
                                                    "Actual Rows": 486554,
                                                    "Actual Loops": 1,
                                                    "Index Cond": "(mi.info_type_id = 5)"
                                                }
                                            ]
                                        },
                                        {
                                            "Node Type": "Hash",
                                            "Parent Relationship": "Inner",
                                            "Parallel Aware": true,
                                            "Startup Cost": 43899.01,
                                            "Total Cost": 43899.01,
                                            "Plan Rows": 110618,
                                            "Plan Width": 4,
                                            "Actual Startup Time": 103.069,
                                            "Actual Total Time": 103.07,
                                            "Actual Rows": 72919,
                                            "Actual Loops": 6,
                                            "Output": [
                                                "t.id"
                                            ],
                                            "Hash Buckets": 524288,
                                            "Original Hash Buckets": 524288,
                                            "Hash Batches": 1,
                                            "Original Hash Batches": 1,
                                            "Peak Memory Usage": 21312,
                                            "Workers": [
                                                {
                                                    "Worker Number": 0,
                                                    "Actual Startup Time": 101.518,
                                                    "Actual Total Time": 101.519,
                                                    "Actual Rows": 51377,
                                                    "Actual Loops": 1
                                                },
                                                {
                                                    "Worker Number": 1,
                                                    "Actual Startup Time": 101.524,
                                                    "Actual Total Time": 101.524,
                                                    "Actual Rows": 72116,
                                                    "Actual Loops": 1
                                                },
                                                {
                                                    "Worker Number": 2,
                                                    "Actual Startup Time": 102.377,
                                                    "Actual Total Time": 102.378,
                                                    "Actual Rows": 72898,
                                                    "Actual Loops": 1
                                                },
                                                {
                                                    "Worker Number": 3,
                                                    "Actual Startup Time": 102.598,
                                                    "Actual Total Time": 102.599,
                                                    "Actual Rows": 72260,
                                                    "Actual Loops": 1
                                                },
                                                {
                                                    "Worker Number": 4,
                                                    "Actual Startup Time": 103.099,
                                                    "Actual Total Time": 103.1,
                                                    "Actual Rows": 51963,
                                                    "Actual Loops": 1
                                                }
                                            ],
                                            "Plans": [
                                                {
                                                    "Node Type": "Seq Scan",
                                                    "Parent Relationship": "Outer",
                                                    "Parallel Aware": true,
                                                    "Relation Name": "title",
                                                    "Schema": "public",
                                                    "Alias": "t",
                                                    "Startup Cost": 0.0,
                                                    "Total Cost": 43899.01,
                                                    "Plan Rows": 110618,
                                                    "Plan Width": 4,
                                                    "Actual Startup Time": 0.047,
                                                    "Actual Total Time": 74.869,
                                                    "Actual Rows": 72919,
                                                    "Actual Loops": 6,
                                                    "Output": [
                                                        "t.id"
                                                    ],
                                                    "Filter": "(t.production_year < 1975)",
                                                    "Rows Removed by Filter": 348466,
                                                    "Workers": [
                                                        {
                                                            "Worker Number": 0,
                                                            "Actual Startup Time": 0.037,
                                                            "Actual Total Time": 74.783,
                                                            "Actual Rows": 51377,
                                                            "Actual Loops": 1
                                                        },
                                                        {
                                                            "Worker Number": 1,
                                                            "Actual Startup Time": 0.044,
                                                            "Actual Total Time": 72.816,
                                                            "Actual Rows": 72116,
                                                            "Actual Loops": 1
                                                        },
                                                        {
                                                            "Worker Number": 2,
                                                            "Actual Startup Time": 0.045,
                                                            "Actual Total Time": 75.119,
                                                            "Actual Rows": 72898,
                                                            "Actual Loops": 1
                                                        },
                                                        {
                                                            "Worker Number": 3,
                                                            "Actual Startup Time": 0.087,
                                                            "Actual Total Time": 75.85,
                                                            "Actual Rows": 72260,
                                                            "Actual Loops": 1
                                                        },
                                                        {
                                                            "Worker Number": 4,
                                                            "Actual Startup Time": 0.059,
                                                            "Actual Total Time": 76.506,
                                                            "Actual Rows": 51963,
                                                            "Actual Loops": 1
                                                        }
                                                    ]
                                                }
                                            ]
                                        }
                                    ]
                                }
                            ]
                        }
                    ]
                }
            ]
        },
        "Planning Time": 206.775,
        "Triggers": [],
        "Execution Time": 176.784
    }
]