{
  "Plan": {
    "Node Type": "Aggregate",
    "Strategy": "Plain",
    "Partial Mode": "Finalize",
    "Parallel Aware": false,
    "Startup Cost": 559641.35,
    "Total Cost": 559641.36,
    "Plan Rows": 1,
    "Plan Width": 8,
    "Actual Startup Time": 3220.64,
    "Actual Total Time": 3249.16,
    "Actual Rows": 1,
    "Actual Loops": 1,
    "Plans": [
      {
        "Node Type": "Gather",
        "Parent Relationship": "Outer",
        "Parallel Aware": false,
        "Startup Cost": 559641.23,
        "Total Cost": 559641.34,
        "Plan Rows": 1,
        "Plan Width": 8,
        "Actual Startup Time": 3215.266,
        "Actual Total Time": 3249.149,
        "Actual Rows": 2,
        "Actual Loops": 1,
        "Workers Planned": 1,
        "Workers Launched": 1,
        "Single Copy": false,
        "Plans": [
          {
            "Node Type": "Aggregate",
            "Strategy": "Plain",
            "Partial Mode": "Partial",
            "Parent Relationship": "Outer",
            "Parallel Aware": false,
            "Startup Cost": 558641.23,
            "Total Cost": 558641.24,
            "Plan Rows": 1,
            "Plan Width": 8,
            "Actual Startup Time": 3206.809,
            "Actual Total Time": 3206.814,
            "Actual Rows": 1,
            "Actual Loops": 2,
            "Plans": [
              {
                "Node Type": "Hash Join",
                "Parent Relationship": "Outer",
                "Parallel Aware": true,
                "Join Type": "Inner",
                "Startup Cost": 231980.37,
                "Total Cost": 550601.94,
                "Plan Rows": 3215716,
                "Plan Width": 0,
                "Actual Startup Time": 828.643,
                "Actual Total Time": 3069.874,
                "Actual Rows": 2661793,
                "Actual Loops": 2,
                "Inner Unique": true,
                "Hash Cond": "(ci.movie_id = t.id)",
                "Plans": [
                  {
                    "Node Type": "Bitmap Heap Scan",
                    "Parent Relationship": "Outer",
                    "Parallel Aware": true,
                    "Relation Name": "cast_info",
                    "Alias": "ci",
                    "Startup Cost": 163678.47,
                    "Total Cost": 470856.83,
                    "Plan Rows": 4359309,
                    "Plan Width": 4,
                    "Actual Startup Time": 305.233,
                    "Actual Total Time": 786.084,
                    "Actual Rows": 3808142,
                    "Actual Loops": 2,
                    "Recheck Cond": "(person_id < 738419)",
                    "Rows Removed by Index Recheck": 0,
                    "Exact Heap Blocks": 49433,
                    "Lossy Heap Blocks": 0,
                    "Plans": [
                      {
                        "Node Type": "Bitmap Index Scan",
                        "Parent Relationship": "Outer",
                        "Parallel Aware": false,
                        "Index Name": "person_id_cast_info",
                        "Startup Cost": 0.0,
                        "Total Cost": 161825.76,
                        "Plan Rows": 7410826,
                        "Plan Width": 0,
                        "Actual Startup Time": 291.321,
                        "Actual Total Time": 291.322,
                        "Actual Rows": 7616283,
                        "Actual Loops": 1,
                        "Index Cond": "(person_id < 738419)"
                      }
                    ]
                  },
                  {
                    "Node Type": "Hash",
                    "Parent Relationship": "Inner",
                    "Parallel Aware": true,
                    "Startup Cost": 54588.39,
                    "Total Cost": 54588.39,
                    "Plan Rows": 1097081,
                    "Plan Width": 4,
                    "Actual Startup Time": 507.909,
                    "Actual Total Time": 507.91,
                    "Actual Rows": 932744,
                    "Actual Loops": 2,
                    "Hash Buckets": 2097152,
                    "Original Hash Buckets": 2097152,
                    "Hash Batches": 1,
                    "Original Hash Batches": 1,
                    "Peak Memory Usage": 89408,
                    "Plans": [
                      {
                        "Node Type": "Seq Scan",
                        "Parent Relationship": "Outer",
                        "Parallel Aware": true,
                        "Relation Name": "title",
                        "Alias": "t",
                        "Startup Cost": 0.0,
                        "Total Cost": 54588.39,
                        "Plan Rows": 1097081,
                        "Plan Width": 4,
                        "Actual Startup Time": 0.026,
                        "Actual Total Time": 196.677,
                        "Actual Rows": 932744,
                        "Actual Loops": 2,
                        "Filter": "(kind_id > 1)",
                        "Rows Removed by Filter": 331412
                      }
                    ]
                  }
                ]
              }
            ]
          }
        ]
      }
    ]
  },
  "Planning Time": 0.698,
  "Triggers": [],
  "Execution Time": 3249.263
}