[
  {
    "Plan": {
      "Node Type": "Aggregate",
      "Strategy": "Plain",
      "Partial Mode": "Finalize",
      "Parallel Aware": false,
      "Startup Cost": 337662.98,
      "Total Cost": 337662.99,
      "Plan Rows": 1,
      "Plan Width": 8,
      "Actual Startup Time": 798.559,
      "Actual Total Time": 848.508,
      "Actual Rows": 1,
      "Actual Loops": 1,
      "Plans": [
        {
          "Node Type": "Gather",
          "Parent Relationship": "Outer",
          "Parallel Aware": false,
          "Startup Cost": 337662.36,
          "Total Cost": 337662.97,
          "Plan Rows": 6,
          "Plan Width": 8,
          "Actual Startup Time": 798.36,
          "Actual Total Time": 848.494,
          "Actual Rows": 7,
          "Actual Loops": 1,
          "Workers Planned": 6,
          "Workers Launched": 6,
          "Single Copy": false,
          "Plans": [
            {
              "Node Type": "Aggregate",
              "Strategy": "Plain",
              "Partial Mode": "Partial",
              "Parent Relationship": "Outer",
              "Parallel Aware": false,
              "Startup Cost": 336662.36,
              "Total Cost": 336662.37,
              "Plan Rows": 1,
              "Plan Width": 8,
              "Actual Startup Time": 788.557,
              "Actual Total Time": 788.558,
              "Actual Rows": 1,
              "Actual Loops": 7,
              "Plans": [
                {
                  "Node Type": "Seq Scan",
                  "Parent Relationship": "Outer",
                  "Parallel Aware": true,
                  "Relation Name": "cast_info",
                  "Alias": "ci",
                  "Startup Cost": 0.0,
                  "Total Cost": 328211.39,
                  "Plan Rows": 3380386,
                  "Plan Width": 0,
                  "Actual Startup Time": 197.385,
                  "Actual Total Time": 639.969,
                  "Actual Rows": 2871141,
                  "Actual Loops": 7,
                  "Filter": "(person_id > 1599418)",
                  "Rows Removed by Filter": 2306622
                }
              ]
            }
          ]
        }
      ]
    },
    "Planning Time": 0.163,
    "Triggers": [],
    "Execution Time": 848.571
  }
]