{
  "Plan": {
    "Node Type": "Aggregate",
    "Strategy": "Plain",
    "Partial Mode": "Finalize",
    "Parallel Aware": false,
    "Startup Cost": 74480.62,
    "Total Cost": 74480.63,
    "Plan Rows": 1,
    "Plan Width": 8,
    "Actual Startup Time": 234.761,
    "Actual Total Time": 249.269,
    "Actual Rows": 1,
    "Actual Loops": 1,
    "Plans": [
      {
        "Node Type": "Gather",
        "Parent Relationship": "Outer",
        "Parallel Aware": false,
        "Startup Cost": 74480.51,
        "Total Cost": 74480.62,
        "Plan Rows": 1,
        "Plan Width": 8,
        "Actual Startup Time": 234.458,
        "Actual Total Time": 249.262,
        "Actual Rows": 2,
        "Actual Loops": 1,
        "Workers Planned": 1,
        "Workers Launched": 1,
        "Single Copy": false,
        "Plans": [
          {
            "Node Type": "Aggregate",
            "Strategy": "Plain",
            "Partial Mode": "Partial",
            "Parent Relationship": "Outer",
            "Parallel Aware": false,
            "Startup Cost": 73480.51,
            "Total Cost": 73480.52,
            "Plan Rows": 1,
            "Plan Width": 8,
            "Actual Startup Time": 228.02,
            "Actual Total Time": 228.024,
            "Actual Rows": 1,
            "Actual Loops": 2,
            "Plans": [
              {
                "Node Type": "Nested Loop",
                "Parent Relationship": "Outer",
                "Parallel Aware": false,
                "Join Type": "Inner",
                "Startup Cost": 38925.55,
                "Total Cost": 73442.35,
                "Plan Rows": 15263,
                "Plan Width": 0,
                "Actual Startup Time": 101.597,
                "Actual Total Time": 224.454,
                "Actual Rows": 77616,
                "Actual Loops": 2,
                "Inner Unique": false,
                "Join Filter": "(t.id = mk.movie_id)",
                "Rows Removed by Join Filter": 0,
                "Plans": [
                  {
                    "Node Type": "Hash Join",
                    "Parent Relationship": "Outer",
                    "Parallel Aware": true,
                    "Join Type": "Inner",
                    "Startup Cost": 38925.11,
                    "Total Cost": 57108.9,
                    "Plan Rows": 8530,
                    "Plan Width": 8,
                    "Actual Startup Time": 101.526,
                    "Actual Total Time": 166.668,
                    "Actual Rows": 13970,
                    "Actual Loops": 2,
                    "Inner Unique": true,
                    "Hash Cond": "(mi_idx.movie_id = t.id)",
                    "Plans": [
                      {
                        "Node Type": "Seq Scan",
                        "Parent Relationship": "Outer",
                        "Parallel Aware": true,
                        "Relation Name": "movie_info_idx",
                        "Alias": "mi_idx",
                        "Startup Cost": 0.0,
                        "Total Cost": 16052.85,
                        "Plan Rows": 811785,
                        "Plan Width": 4,
                        "Actual Startup Time": 0.026,
                        "Actual Total Time": 47.656,
                        "Actual Rows": 690018,
                        "Actual Loops": 2
                      },
                      {
                        "Node Type": "Hash",
                        "Parent Relationship": "Inner",
                        "Parallel Aware": true,
                        "Startup Cost": 38729.78,
                        "Total Cost": 38729.78,
                        "Plan Rows": 15627,
                        "Plan Width": 4,
                        "Actual Startup Time": 60.112,
                        "Actual Total Time": 60.114,
                        "Actual Rows": 16918,
                        "Actual Loops": 2,
                        "Hash Buckets": 32768,
                        "Original Hash Buckets": 32768,
                        "Hash Batches": 1,
                        "Original Hash Batches": 1,
                        "Peak Memory Usage": 1600,
                        "Plans": [
                          {
                            "Node Type": "Bitmap Heap Scan",
                            "Parent Relationship": "Outer",
                            "Parallel Aware": true,
                            "Relation Name": "title",
                            "Alias": "t",
                            "Startup Cost": 1829.77,
                            "Total Cost": 38729.78,
                            "Plan Rows": 15627,
                            "Plan Width": 4,
                            "Actual Startup Time": 15.312,
                            "Actual Total Time": 55.62,
                            "Actual Rows": 16918,
                            "Actual Loops": 2,
                            "Recheck Cond": "(kind_id = 3)",
                            "Rows Removed by Index Recheck": 0,
                            "Filter": "(production_year < 1989)",
                            "Rows Removed by Filter": 33350,
                            "Exact Heap Blocks": 10068,
                            "Lossy Heap Blocks": 0,
                            "Plans": [
                              {
                                "Node Type": "Bitmap Index Scan",
                                "Parent Relationship": "Outer",
                                "Parallel Aware": false,
                                "Index Name": "kind_id_title",
                                "Startup Cost": 0.0,
                                "Total Cost": 1823.13,
                                "Plan Rows": 102227,
                                "Plan Width": 0,
                                "Actual Startup Time": 15.556,
                                "Actual Total Time": 15.556,
                                "Actual Rows": 100537,
                                "Actual Loops": 1,
                                "Index Cond": "(kind_id = 3)"
                              }
                            ]
                          }
                        ]
                      }
                    ]
                  },
                  {
                    "Node Type": "Index Only Scan",
                    "Parent Relationship": "Inner",
                    "Parallel Aware": false,
                    "Scan Direction": "Forward",
                    "Index Name": "movie_id_movie_keyword",
                    "Relation Name": "movie_keyword",
                    "Alias": "mk",
                    "Startup Cost": 0.43,
                    "Total Cost": 1.35,
                    "Plan Rows": 45,
                    "Plan Width": 4,
                    "Actual Startup Time": 0.003,
                    "Actual Total Time": 0.004,
                    "Actual Rows": 6,
                    "Actual Loops": 27939,
                    "Index Cond": "(movie_id = mi_idx.movie_id)",
                    "Rows Removed by Index Recheck": 0,
                    "Heap Fetches": 155232
                  }
                ]
              }
            ]
          }
        ]
      }
    ]
  },
  "Planning Time": 1.056,
  "Triggers": [],
  "Execution Time": 249.377
}