[
  {
    "Plan": {
      "Node Type": "Aggregate",
      "Strategy": "Plain",
      "Partial Mode": "Finalize",
      "Parallel Aware": false,
      "Startup Cost": 46138.54,
      "Total Cost": 46138.55,
      "Plan Rows": 1,
      "Plan Width": 8,
      "Actual Startup Time": 167.091,
      "Actual Total Time": 176.897,
      "Actual Rows": 1,
      "Actual Loops": 1,
      "Plans": [
        {
          "Node Type": "Gather",
          "Parent Relationship": "Outer",
          "Parallel Aware": false,
          "Startup Cost": 46138.23,
          "Total Cost": 46138.54,
          "Plan Rows": 3,
          "Plan Width": 8,
          "Actual Startup Time": 166.934,
          "Actual Total Time": 176.888,
          "Actual Rows": 4,
          "Actual Loops": 1,
          "Workers Planned": 3,
          "Workers Launched": 3,
          "Single Copy": false,
          "Plans": [
            {
              "Node Type": "Aggregate",
              "Strategy": "Plain",
              "Partial Mode": "Partial",
              "Parent Relationship": "Outer",
              "Parallel Aware": false,
              "Startup Cost": 45138.23,
              "Total Cost": 45138.24,
              "Plan Rows": 1,
              "Plan Width": 8,
              "Actual Startup Time": 159.667,
              "Actual Total Time": 159.668,
              "Actual Rows": 1,
              "Actual Loops": 4,
              "Plans": [
                {
                  "Node Type": "Seq Scan",
                  "Parent Relationship": "Outer",
                  "Parallel Aware": true,
                  "Relation Name": "movie_keyword",
                  "Alias": "mk",
                  "Startup Cost": 0.0,
                  "Total Cost": 42695.65,
                  "Plan Rows": 977029,
                  "Plan Width": 0,
                  "Actual Startup Time": 0.32,
                  "Actual Total Time": 123.128,
                  "Actual Rows": 757856,
                  "Actual Loops": 4,
                  "Filter": "(keyword_id > 2133)",
                  "Rows Removed by Filter": 373127
                }
              ]
            }
          ]
        }
      ]
    },
    "Planning Time": 0.19,
    "Triggers": [],
    "Execution Time": 176.954
  }
]