[
  {
    "Plan": {
      "Node Type": "Aggregate",
      "Strategy": "Plain",
      "Partial Mode": "Simple",
      "Parallel Aware": false,
      "Startup Cost": 17991.26,
      "Total Cost": 17991.27,
      "Plan Rows": 1,
      "Plan Width": 8,
      "Actual Startup Time": 17.781,
      "Actual Total Time": 17.783,
      "Actual Rows": 1,
      "Actual Loops": 1,
      "Plans": [
        {
          "Node Type": "Bitmap Heap Scan",
          "Parent Relationship": "Outer",
          "Parallel Aware": false,
          "Relation Name": "movie_companies",
          "Alias": "mc",
          "Startup Cost": 265.9,
          "Total Cost": 17976.27,
          "Plan Rows": 5996,
          "Plan Width": 0,
          "Actual Startup Time": 4.685,
          "Actual Total Time": 16.774,
          "Actual Rows": 6058,
          "Actual Loops": 1,
          "Recheck Cond": "(company_id = 11203)",
          "Rows Removed by Index Recheck": 0,
          "Filter": "(company_type_id = 1)",
          "Rows Removed by Filter": 5759,
          "Exact Heap Blocks": 3407,
          "Lossy Heap Blocks": 0,
          "Plans": [
            {
              "Node Type": "Bitmap Index Scan",
              "Parent Relationship": "Outer",
              "Parallel Aware": false,
              "Index Name": "company_id_movie_companies",
              "Startup Cost": 0.0,
              "Total Cost": 264.4,
              "Plan Rows": 12263,
              "Plan Width": 0,
              "Actual Startup Time": 3.243,
              "Actual Total Time": 3.244,
              "Actual Rows": 11817,
              "Actual Loops": 1,
              "Index Cond": "(company_id = 11203)"
            }
          ]
        }
      ]
    },
    "Planning Time": 0.204,
    "Triggers": [],
    "Execution Time": 17.847
  }
]