[
    {
        "Bao": {
            "Bao prediction": "NaN",
            "Bao recommended hint": "(no hint)"
        }
    },
    {
        "Plan": {
            "Node Type": "Aggregate",
            "Strategy": "Plain",
            "Partial Mode": "Simple",
            "Parallel Aware": false,
            "Startup Cost": 151622.34,
            "Total Cost": 151622.35,
            "Plan Rows": 1,
            "Plan Width": 8,
            "Actual Startup Time": 24.846,
            "Actual Total Time": 24.847,
            "Actual Rows": 1,
            "Actual Loops": 1,
            "Output": [
                "count(*)"
            ],
            "Plans": [
                {
                    "Node Type": "Index Scan",
                    "Parent Relationship": "Outer",
                    "Parallel Aware": false,
                    "Scan Direction": "Forward",
                    "Index Name": "person_id_cast_info",
                    "Relation Name": "cast_info",
                    "Schema": "public",
                    "Alias": "ci",
                    "Startup Cost": 0.56,
                    "Total Cost": 151483.18,
                    "Plan Rows": 55663,
                    "Plan Width": 0,
                    "Actual Startup Time": 0.046,
                    "Actual Total Time": 19.792,
                    "Actual Rows": 106002,
                    "Actual Loops": 1,
                    "Output": [
                        "id",
                        "person_id",
                        "movie_id",
                        "person_role_id",
                        "note",
                        "nr_order",
                        "role_id"
                    ],
                    "Index Cond": "(ci.person_id > 4044995)",
                    "Rows Removed by Index Recheck": 0,
                    "Filter": "(ci.role_id > 1)",
                    "Rows Removed by Filter": 0
                }
            ]
        },
        "Planning Time": 189.306,
        "Triggers": [],
        "Execution Time": 24.915
    }
]