[
  {
    "Plan": {
      "Node Type": "Aggregate",
      "Strategy": "Plain",
      "Partial Mode": "Finalize",
      "Parallel Aware": false,
      "Startup Cost": 33300.69,
      "Total Cost": 33300.7,
      "Plan Rows": 1,
      "Plan Width": 8,
      "Actual Startup Time": 100.359,
      "Actual Total Time": 108.963,
      "Actual Rows": 1,
      "Actual Loops": 1,
      "Plans": [
        {
          "Node Type": "Gather",
          "Parent Relationship": "Outer",
          "Parallel Aware": false,
          "Startup Cost": 33300.37,
          "Total Cost": 33300.68,
          "Plan Rows": 3,
          "Plan Width": 8,
          "Actual Startup Time": 100.207,
          "Actual Total Time": 108.955,
          "Actual Rows": 4,
          "Actual Loops": 1,
          "Workers Planned": 3,
          "Workers Launched": 3,
          "Single Copy": false,
          "Plans": [
            {
              "Node Type": "Aggregate",
              "Strategy": "Plain",
              "Partial Mode": "Partial",
              "Parent Relationship": "Outer",
              "Parallel Aware": false,
              "Startup Cost": 32300.37,
              "Total Cost": 32300.38,
              "Plan Rows": 1,
              "Plan Width": 8,
              "Actual Startup Time": 91.7,
              "Actual Total Time": 91.701,
              "Actual Rows": 1,
              "Actual Loops": 4,
              "Plans": [
                {
                  "Node Type": "Seq Scan",
                  "Parent Relationship": "Outer",
                  "Parallel Aware": true,
                  "Relation Name": "movie_companies",
                  "Alias": "mc",
                  "Startup Cost": 0.0,
                  "Total Cost": 31414.82,
                  "Plan Rows": 354221,
                  "Plan Width": 0,
                  "Actual Startup Time": 44.922,
                  "Actual Total Time": 81.838,
                  "Actual Rows": 218765,
                  "Actual Loops": 4,
                  "Filter": "((company_id < 76617) AND (company_type_id > 1))",
                  "Rows Removed by Filter": 433518
                }
              ]
            }
          ]
        }
      ]
    },
    "Planning Time": 0.101,
    "Triggers": [],
    "Execution Time": 108.992
  }
]