[
  {
    "Plan": {
      "Node Type": "Aggregate",
      "Strategy": "Plain",
      "Partial Mode": "Finalize",
      "Parallel Aware": false,
      "Startup Cost": 77143.9,
      "Total Cost": 77143.91,
      "Plan Rows": 1,
      "Plan Width": 8,
      "Actual Startup Time": 395.543,
      "Actual Total Time": 412.556,
      "Actual Rows": 1,
      "Actual Loops": 1,
      "Plans": [
        {
          "Node Type": "Gather",
          "Parent Relationship": "Outer",
          "Parallel Aware": false,
          "Startup Cost": 77143.59,
          "Total Cost": 77143.9,
          "Plan Rows": 3,
          "Plan Width": 8,
          "Actual Startup Time": 385.422,
          "Actual Total Time": 412.548,
          "Actual Rows": 4,
          "Actual Loops": 1,
          "Workers Planned": 3,
          "Workers Launched": 3,
          "Single Copy": false,
          "Plans": [
            {
              "Node Type": "Aggregate",
              "Strategy": "Plain",
              "Partial Mode": "Partial",
              "Parent Relationship": "Outer",
              "Parallel Aware": false,
              "Startup Cost": 76143.59,
              "Total Cost": 76143.6,
              "Plan Rows": 1,
              "Plan Width": 8,
              "Actual Startup Time": 372.262,
              "Actual Total Time": 372.266,
              "Actual Rows": 1,
              "Actual Loops": 4,
              "Plans": [
                {
                  "Node Type": "Hash Join",
                  "Parent Relationship": "Outer",
                  "Parallel Aware": true,
                  "Join Type": "Inner",
                  "Startup Cost": 51226.99,
                  "Total Cost": 76105.42,
                  "Plan Rows": 15265,
                  "Plan Width": 0,
                  "Actual Startup Time": 349.222,
                  "Actual Total Time": 371.513,
                  "Actual Rows": 10730,
                  "Actual Loops": 4,
                  "Inner Unique": true,
                  "Hash Cond": "(mk.movie_id = t.id)",
                  "Plans": [
                    {
                      "Node Type": "Bitmap Heap Scan",
                      "Parent Relationship": "Outer",
                      "Parallel Aware": true,
                      "Relation Name": "movie_keyword",
                      "Alias": "mk",
                      "Startup Cost": 1007.19,
                      "Total Cost": 25845.55,
                      "Plan Rows": 15265,
                      "Plan Width": 4,
                      "Actual Startup Time": 8.45,
                      "Actual Total Time": 24.715,
                      "Actual Rows": 10730,
                      "Actual Loops": 4,
                      "Recheck Cond": "(keyword_id > 103127)",
                      "Rows Removed by Index Recheck": 0,
                      "Exact Heap Blocks": 4844,
                      "Lossy Heap Blocks": 0,
                      "Plans": [
                        {
                          "Node Type": "Bitmap Index Scan",
                          "Parent Relationship": "Outer",
                          "Parallel Aware": false,
                          "Index Name": "keyword_id_movie_keyword",
                          "Startup Cost": 0.0,
                          "Total Cost": 995.36,
                          "Plan Rows": 47323,
                          "Plan Width": 0,
                          "Actual Startup Time": 5.936,
                          "Actual Total Time": 5.936,
                          "Actual Rows": 42919,
                          "Actual Loops": 1,
                          "Index Cond": "(keyword_id > 103127)"
                        }
                      ]
                    },
                    {
                      "Node Type": "Hash",
                      "Parent Relationship": "Inner",
                      "Parallel Aware": true,
                      "Startup Cost": 42318.81,
                      "Total Cost": 42318.81,
                      "Plan Rows": 632080,
                      "Plan Width": 4,
                      "Actual Startup Time": 331.836,
                      "Actual Total Time": 331.837,
                      "Actual Rows": 632078,
                      "Actual Loops": 4,
                      "Hash Buckets": 4194304,
                      "Original Hash Buckets": 4194304,
                      "Hash Batches": 1,
                      "Original Hash Batches": 1,
                      "Peak Memory Usage": 131744,
                      "Plans": [
                        {
                          "Node Type": "Seq Scan",
                          "Parent Relationship": "Outer",
                          "Parallel Aware": true,
                          "Relation Name": "title",
                          "Alias": "t",
                          "Startup Cost": 0.0,
                          "Total Cost": 42318.81,
                          "Plan Rows": 632080,
                          "Plan Width": 4,
                          "Actual Startup Time": 0.035,
                          "Actual Total Time": 100.718,
                          "Actual Rows": 632078,
                          "Actual Loops": 4
                        }
                      ]
                    }
                  ]
                }
              ]
            }
          ]
        }
      ]
    },
    "Planning Time": 0.363,
    "Triggers": [],
    "Execution Time": 412.605
  }
]