[
    {
        "Bao": {
            "Bao prediction": 622.896,
            "Bao recommended hint": "(no hint)"
        }
    },
    {
        "Plan": {
            "Node Type": "Aggregate",
            "Strategy": "Plain",
            "Partial Mode": "Simple",
            "Parallel Aware": false,
            "Startup Cost": 28698.69,
            "Total Cost": 28698.69,
            "Plan Rows": 1,
            "Plan Width": 8,
            "Actual Startup Time": 80.243,
            "Actual Total Time": 80.245,
            "Actual Rows": 1,
            "Actual Loops": 1,
            "Output": [
                "count(*)"
            ],
            "Plans": [
                {
                    "Node Type": "Bitmap Heap Scan",
                    "Parent Relationship": "Outer",
                    "Parallel Aware": false,
                    "Relation Name": "movie_keyword",
                    "Schema": "public",
                    "Alias": "mk",
                    "Startup Cost": 2488.03,
                    "Total Cost": 28405.91,
                    "Plan Rows": 117110,
                    "Plan Width": 0,
                    "Actual Startup Time": 28.041,
                    "Actual Total Time": 73.005,
                    "Actual Rows": 110985,
                    "Actual Loops": 1,
                    "Recheck Cond": "(mk.keyword_id > 79953)",
                    "Rows Removed by Index Recheck": 0,
                    "Exact Heap Blocks": 17874,
                    "Lossy Heap Blocks": 0,
                    "Plans": [
                        {
                            "Node Type": "Bitmap Index Scan",
                            "Parent Relationship": "Outer",
                            "Parallel Aware": false,
                            "Index Name": "keyword_id_movie_keyword",
                            "Startup Cost": 0.0,
                            "Total Cost": 2458.76,
                            "Plan Rows": 117110,
                            "Plan Width": 0,
                            "Actual Startup Time": 21.859,
                            "Actual Total Time": 21.86,
                            "Actual Rows": 110985,
                            "Actual Loops": 1,
                            "Index Cond": "(mk.keyword_id > 79953)"
                        }
                    ]
                }
            ]
        },
        "Planning Time": 1687.606,
        "Triggers": [],
        "Execution Time": 80.351
    }
]