{
  "Plan": {
    "Node Type": "Aggregate",
    "Strategy": "Plain",
    "Partial Mode": "Finalize",
    "Parallel Aware": false,
    "Startup Cost": 105646.53,
    "Total Cost": 105646.54,
    "Plan Rows": 1,
    "Plan Width": 8,
    "Actual Startup Time": 439.637,
    "Actual Total Time": 455.395,
    "Actual Rows": 1,
    "Actual Loops": 1,
    "Plans": [
      {
        "Node Type": "Gather",
        "Parent Relationship": "Outer",
        "Parallel Aware": false,
        "Startup Cost": 105646.42,
        "Total Cost": 105646.53,
        "Plan Rows": 1,
        "Plan Width": 8,
        "Actual Startup Time": 437.776,
        "Actual Total Time": 455.387,
        "Actual Rows": 2,
        "Actual Loops": 1,
        "Workers Planned": 1,
        "Workers Launched": 1,
        "Single Copy": false,
        "Plans": [
          {
            "Node Type": "Aggregate",
            "Strategy": "Plain",
            "Partial Mode": "Partial",
            "Parent Relationship": "Outer",
            "Parallel Aware": false,
            "Startup Cost": 104646.42,
            "Total Cost": 104646.43,
            "Plan Rows": 1,
            "Plan Width": 8,
            "Actual Startup Time": 432.1,
            "Actual Total Time": 432.104,
            "Actual Rows": 1,
            "Actual Loops": 2,
            "Plans": [
              {
                "Node Type": "Hash Join",
                "Parent Relationship": "Outer",
                "Parallel Aware": true,
                "Join Type": "Inner",
                "Startup Cost": 73634.57,
                "Total Cost": 104424.54,
                "Plan Rows": 88752,
                "Plan Width": 0,
                "Actual Startup Time": 285.742,
                "Actual Total Time": 429.484,
                "Actual Rows": 42462,
                "Actual Loops": 2,
                "Inner Unique": true,
                "Hash Cond": "(mk.movie_id = t.id)",
                "Plans": [
                  {
                    "Node Type": "Bitmap Heap Scan",
                    "Parent Relationship": "Outer",
                    "Parallel Aware": true,
                    "Relation Name": "movie_keyword",
                    "Alias": "mk",
                    "Startup Cost": 15107.53,
                    "Total Cost": 44797.87,
                    "Plan Rows": 418907,
                    "Plan Width": 4,
                    "Actual Startup Time": 46.029,
                    "Actual Total Time": 132.253,
                    "Actual Rows": 351464,
                    "Actual Loops": 2,
                    "Recheck Cond": "(keyword_id > 26823)",
                    "Rows Removed by Index Recheck": 0,
                    "Exact Heap Blocks": 16078,
                    "Lossy Heap Blocks": 0,
                    "Plans": [
                      {
                        "Node Type": "Bitmap Index Scan",
                        "Parent Relationship": "Outer",
                        "Parallel Aware": false,
                        "Index Name": "keyword_id_movie_keyword",
                        "Startup Cost": 0.0,
                        "Total Cost": 14929.5,
                        "Plan Rows": 712142,
                        "Plan Width": 0,
                        "Actual Startup Time": 42.48,
                        "Actual Total Time": 42.48,
                        "Actual Rows": 702927,
                        "Actual Loops": 1,
                        "Index Cond": "(keyword_id > 26823)"
                      }
                    ]
                  },
                  {
                    "Node Type": "Hash",
                    "Parent Relationship": "Inner",
                    "Parallel Aware": true,
                    "Startup Cost": 54588.39,
                    "Total Cost": 54588.39,
                    "Plan Rows": 315092,
                    "Plan Width": 4,
                    "Actual Startup Time": 234.329,
                    "Actual Total Time": 234.329,
                    "Actual Rows": 266684,
                    "Actual Loops": 2,
                    "Hash Buckets": 1048576,
                    "Original Hash Buckets": 1048576,
                    "Hash Batches": 1,
                    "Original Hash Batches": 1,
                    "Peak Memory Usage": 29088,
                    "Plans": [
                      {
                        "Node Type": "Seq Scan",
                        "Parent Relationship": "Outer",
                        "Parallel Aware": true,
                        "Relation Name": "title",
                        "Alias": "t",
                        "Startup Cost": 0.0,
                        "Total Cost": 54588.39,
                        "Plan Rows": 315092,
                        "Plan Width": 4,
                        "Actual Startup Time": 0.013,
                        "Actual Total Time": 158.466,
                        "Actual Rows": 266684,
                        "Actual Loops": 2,
                        "Filter": "(production_year > 2009)",
                        "Rows Removed by Filter": 997472
                      }
                    ]
                  }
                ]
              }
            ]
          }
        ]
      }
    ]
  },
  "Planning Time": 0.22,
  "Triggers": [],
  "Execution Time": 455.448
}