[
  {
    "Plan": {
      "Node Type": "Aggregate",
      "Strategy": "Plain",
      "Partial Mode": "Finalize",
      "Parallel Aware": false,
      "Startup Cost": 321047.92,
      "Total Cost": 321047.93,
      "Plan Rows": 1,
      "Plan Width": 8,
      "Actual Startup Time": 233.907,
      "Actual Total Time": 274.4,
      "Actual Rows": 1,
      "Actual Loops": 1,
      "Plans": [
        {
          "Node Type": "Gather",
          "Parent Relationship": "Outer",
          "Parallel Aware": false,
          "Startup Cost": 321047.5,
          "Total Cost": 321047.91,
          "Plan Rows": 4,
          "Plan Width": 8,
          "Actual Startup Time": 233.417,
          "Actual Total Time": 274.389,
          "Actual Rows": 5,
          "Actual Loops": 1,
          "Workers Planned": 4,
          "Workers Launched": 4,
          "Single Copy": false,
          "Plans": [
            {
              "Node Type": "Aggregate",
              "Strategy": "Plain",
              "Partial Mode": "Partial",
              "Parent Relationship": "Outer",
              "Parallel Aware": false,
              "Startup Cost": 320047.5,
              "Total Cost": 320047.51,
              "Plan Rows": 1,
              "Plan Width": 8,
              "Actual Startup Time": 225.332,
              "Actual Total Time": 225.334,
              "Actual Rows": 1,
              "Actual Loops": 5,
              "Plans": [
                {
                  "Node Type": "Nested Loop",
                  "Parent Relationship": "Outer",
                  "Parallel Aware": false,
                  "Join Type": "Inner",
                  "Startup Cost": 0.56,
                  "Total Cost": 320014.28,
                  "Plan Rows": 13286,
                  "Plan Width": 0,
                  "Actual Startup Time": 0.35,
                  "Actual Total Time": 223.736,
                  "Actual Rows": 19411,
                  "Actual Loops": 5,
                  "Inner Unique": false,
                  "Plans": [
                    {
                      "Node Type": "Seq Scan",
                      "Parent Relationship": "Outer",
                      "Parallel Aware": true,
                      "Relation Name": "title",
                      "Alias": "t",
                      "Startup Cost": 0.0,
                      "Total Cost": 45479.59,
                      "Plan Rows": 4204,
                      "Plan Width": 4,
                      "Actual Startup Time": 0.071,
                      "Actual Total Time": 59.144,
                      "Actual Rows": 3516,
                      "Actual Loops": 5,
                      "Filter": "((kind_id > 1) AND (production_year = 1990))",
                      "Rows Removed by Filter": 502147
                    },
                    {
                      "Node Type": "Index Scan",
                      "Parent Relationship": "Inner",
                      "Parallel Aware": false,
                      "Scan Direction": "Forward",
                      "Index Name": "movie_id_cast_info",
                      "Relation Name": "cast_info",
                      "Alias": "ci",
                      "Startup Cost": 0.56,
                      "Total Cost": 65.22,
                      "Plan Rows": 8,
                      "Plan Width": 4,
                      "Actual Startup Time": 0.012,
                      "Actual Total Time": 0.046,
                      "Actual Rows": 6,
                      "Actual Loops": 17579,
                      "Index Cond": "(movie_id = t.id)",
                      "Rows Removed by Index Recheck": 0,
                      "Filter": "((person_id < 2351293) AND (role_id = 1))",
                      "Rows Removed by Filter": 9
                    }
                  ]
                }
              ]
            }
          ]
        }
      ]
    },
    "Planning Time": 0.215,
    "Triggers": [],
    "Execution Time": 274.451
  }
]