[
  {
    "Plan": {
      "Node Type": "Aggregate",
      "Strategy": "Plain",
      "Partial Mode": "Finalize",
      "Parallel Aware": false,
      "Startup Cost": 356037.72,
      "Total Cost": 356037.73,
      "Plan Rows": 1,
      "Plan Width": 8,
      "Actual Startup Time": 885.052,
      "Actual Total Time": 943.003,
      "Actual Rows": 1,
      "Actual Loops": 1,
      "Plans": [
        {
          "Node Type": "Gather",
          "Parent Relationship": "Outer",
          "Parallel Aware": false,
          "Startup Cost": 356037.09,
          "Total Cost": 356037.7,
          "Plan Rows": 6,
          "Plan Width": 8,
          "Actual Startup Time": 884.913,
          "Actual Total Time": 942.992,
          "Actual Rows": 7,
          "Actual Loops": 1,
          "Workers Planned": 6,
          "Workers Launched": 6,
          "Single Copy": false,
          "Plans": [
            {
              "Node Type": "Aggregate",
              "Strategy": "Plain",
              "Partial Mode": "Partial",
              "Parent Relationship": "Outer",
              "Parallel Aware": false,
              "Startup Cost": 355037.09,
              "Total Cost": 355037.1,
              "Plan Rows": 1,
              "Plan Width": 8,
              "Actual Startup Time": 875.802,
              "Actual Total Time": 875.803,
              "Actual Rows": 1,
              "Actual Loops": 7,
              "Plans": [
                {
                  "Node Type": "Seq Scan",
                  "Parent Relationship": "Outer",
                  "Parallel Aware": true,
                  "Relation Name": "cast_info",
                  "Alias": "ci",
                  "Startup Cost": 0.0,
                  "Total Cost": 343257.03,
                  "Plan Rows": 4712026,
                  "Plan Width": 0,
                  "Actual Startup Time": 59.542,
                  "Actual Total Time": 713.156,
                  "Actual Rows": 3982866,
                  "Actual Loops": 7,
                  "Filter": "((person_id > 372266) AND (role_id < 10))",
                  "Rows Removed by Filter": 1194897
                }
              ]
            }
          ]
        }
      ]
    },
    "Planning Time": 0.141,
    "Triggers": [],
    "Execution Time": 943.074
  }
]