[
  {
    "Plan": {
      "Node Type": "Aggregate",
      "Strategy": "Plain",
      "Partial Mode": "Finalize",
      "Parallel Aware": false,
      "Startup Cost": 206682.72,
      "Total Cost": 206682.73,
      "Plan Rows": 1,
      "Plan Width": 8,
      "Actual Startup Time": 536.455,
      "Actual Total Time": 577.961,
      "Actual Rows": 1,
      "Actual Loops": 1,
      "Plans": [
        {
          "Node Type": "Gather",
          "Parent Relationship": "Outer",
          "Parallel Aware": false,
          "Startup Cost": 206682.4,
          "Total Cost": 206682.71,
          "Plan Rows": 3,
          "Plan Width": 8,
          "Actual Startup Time": 535.75,
          "Actual Total Time": 577.952,
          "Actual Rows": 4,
          "Actual Loops": 1,
          "Workers Planned": 3,
          "Workers Launched": 3,
          "Single Copy": false,
          "Plans": [
            {
              "Node Type": "Aggregate",
              "Strategy": "Plain",
              "Partial Mode": "Partial",
              "Parent Relationship": "Outer",
              "Parallel Aware": false,
              "Startup Cost": 205682.4,
              "Total Cost": 205682.41,
              "Plan Rows": 1,
              "Plan Width": 8,
              "Actual Startup Time": 526.32,
              "Actual Total Time": 526.323,
              "Actual Rows": 1,
              "Actual Loops": 4,
              "Plans": [
                {
                  "Node Type": "Nested Loop",
                  "Parent Relationship": "Outer",
                  "Parallel Aware": false,
                  "Join Type": "Inner",
                  "Startup Cost": 44220.38,
                  "Total Cost": 203690.87,
                  "Plan Rows": 796615,
                  "Plan Width": 0,
                  "Actual Startup Time": 145.25,
                  "Actual Total Time": 515.637,
                  "Actual Rows": 205650,
                  "Actual Loops": 4,
                  "Inner Unique": false,
                  "Join Filter": "(t.id = ci.movie_id)",
                  "Rows Removed by Join Filter": 0,
                  "Plans": [
                    {
                      "Node Type": "Hash Join",
                      "Parent Relationship": "Outer",
                      "Parallel Aware": true,
                      "Join Type": "Inner",
                      "Startup Cost": 44219.82,
                      "Total Cost": 90508.57,
                      "Plan Rows": 55595,
                      "Plan Width": 8,
                      "Actual Startup Time": 145.156,
                      "Actual Total Time": 304.057,
                      "Actual Rows": 14790,
                      "Actual Loops": 4,
                      "Inner Unique": true,
                      "Hash Cond": "(mk.movie_id = t.id)",
                      "Plans": [
                        {
                          "Node Type": "Seq Scan",
                          "Parent Relationship": "Outer",
                          "Parallel Aware": true,
                          "Relation Name": "movie_keyword",
                          "Alias": "mk",
                          "Startup Cost": 0.0,
                          "Total Cost": 42695.65,
                          "Plan Rows": 1368797,
                          "Plan Width": 4,
                          "Actual Startup Time": 0.032,
                          "Actual Total Time": 117.759,
                          "Actual Rows": 1056628,
                          "Actual Loops": 4,
                          "Filter": "(keyword_id > 242)",
                          "Rows Removed by Filter": 74355
                        },
                        {
                          "Node Type": "Hash",
                          "Parent Relationship": "Inner",
                          "Parallel Aware": true,
                          "Startup Cost": 43898.92,
                          "Total Cost": 43898.92,
                          "Plan Rows": 25672,
                          "Plan Width": 4,
                          "Actual Startup Time": 106.192,
                          "Actual Total Time": 106.193,
                          "Actual Rows": 25995,
                          "Actual Loops": 4,
                          "Hash Buckets": 131072,
                          "Original Hash Buckets": 131072,
                          "Hash Batches": 1,
                          "Original Hash Batches": 1,
                          "Peak Memory Usage": 5184,
                          "Plans": [
                            {
                              "Node Type": "Seq Scan",
                              "Parent Relationship": "Outer",
                              "Parallel Aware": true,
                              "Relation Name": "title",
                              "Alias": "t",
                              "Startup Cost": 0.0,
                              "Total Cost": 43898.92,
                              "Plan Rows": 25672,
                              "Plan Width": 4,
                              "Actual Startup Time": 51.809,
                              "Actual Total Time": 97.488,
                              "Actual Rows": 25995,
                              "Actual Loops": 4,
                              "Filter": "(production_year < 1926)",
                              "Rows Removed by Filter": 606083
                            }
                          ]
                        }
                      ]
                    },
                    {
                      "Node Type": "Index Only Scan",
                      "Parent Relationship": "Inner",
                      "Parallel Aware": false,
                      "Scan Direction": "Forward",
                      "Index Name": "movie_id_cast_info",
                      "Relation Name": "cast_info",
                      "Alias": "ci",
                      "Startup Cost": 0.56,
                      "Total Cost": 1.57,
                      "Plan Rows": 37,
                      "Plan Width": 4,
                      "Actual Startup Time": 0.004,
                      "Actual Total Time": 0.013,
                      "Actual Rows": 14,
                      "Actual Loops": 59159,
                      "Index Cond": "(movie_id = mk.movie_id)",
                      "Rows Removed by Index Recheck": 0,
                      "Heap Fetches": 822598
                    }
                  ]
                }
              ]
            }
          ]
        }
      ]
    },
    "Planning Time": 1.349,
    "Triggers": [],
    "Execution Time": 578.064
  }
]