[
  {
    "Plan": {
      "Node Type": "Aggregate",
      "Strategy": "Plain",
      "Partial Mode": "Finalize",
      "Parallel Aware": false,
      "Startup Cost": 32929.95,
      "Total Cost": 32929.96,
      "Plan Rows": 1,
      "Plan Width": 8,
      "Actual Startup Time": 103.482,
      "Actual Total Time": 111.809,
      "Actual Rows": 1,
      "Actual Loops": 1,
      "Plans": [
        {
          "Node Type": "Gather",
          "Parent Relationship": "Outer",
          "Parallel Aware": false,
          "Startup Cost": 32929.63,
          "Total Cost": 32929.94,
          "Plan Rows": 3,
          "Plan Width": 8,
          "Actual Startup Time": 103.375,
          "Actual Total Time": 111.802,
          "Actual Rows": 4,
          "Actual Loops": 1,
          "Workers Planned": 3,
          "Workers Launched": 3,
          "Single Copy": false,
          "Plans": [
            {
              "Node Type": "Aggregate",
              "Strategy": "Plain",
              "Partial Mode": "Partial",
              "Parent Relationship": "Outer",
              "Parallel Aware": false,
              "Startup Cost": 31929.63,
              "Total Cost": 31929.64,
              "Plan Rows": 1,
              "Plan Width": 8,
              "Actual Startup Time": 95.936,
              "Actual Total Time": 95.937,
              "Actual Rows": 1,
              "Actual Loops": 4,
              "Plans": [
                {
                  "Node Type": "Seq Scan",
                  "Parent Relationship": "Outer",
                  "Parallel Aware": true,
                  "Relation Name": "movie_companies",
                  "Alias": "mc",
                  "Startup Cost": 0.0,
                  "Total Cost": 31414.82,
                  "Plan Rows": 205924,
                  "Plan Width": 0,
                  "Actual Startup Time": 50.139,
                  "Actual Total Time": 86.467,
                  "Actual Rows": 223996,
                  "Actual Loops": 4,
                  "Filter": "((company_id > 11538) AND (company_type_id = 2))",
                  "Rows Removed by Filter": 428286
                }
              ]
            }
          ]
        }
      ]
    },
    "Planning Time": 0.244,
    "Triggers": [],
    "Execution Time": 111.866
  }
]