{
  "Plan": {
    "Node Type": "Aggregate",
    "Strategy": "Plain",
    "Partial Mode": "Finalize",
    "Parallel Aware": false,
    "Startup Cost": 77550.53,
    "Total Cost": 77550.54,
    "Plan Rows": 1,
    "Plan Width": 8,
    "Actual Startup Time": 264.044,
    "Actual Total Time": 277.267,
    "Actual Rows": 1,
    "Actual Loops": 1,
    "Plans": [
      {
        "Node Type": "Gather",
        "Parent Relationship": "Outer",
        "Parallel Aware": false,
        "Startup Cost": 77550.42,
        "Total Cost": 77550.53,
        "Plan Rows": 1,
        "Plan Width": 8,
        "Actual Startup Time": 263.905,
        "Actual Total Time": 277.258,
        "Actual Rows": 2,
        "Actual Loops": 1,
        "Workers Planned": 1,
        "Workers Launched": 1,
        "Single Copy": false,
        "Plans": [
          {
            "Node Type": "Aggregate",
            "Strategy": "Plain",
            "Partial Mode": "Partial",
            "Parent Relationship": "Outer",
            "Parallel Aware": false,
            "Startup Cost": 76550.42,
            "Total Cost": 76550.43,
            "Plan Rows": 1,
            "Plan Width": 8,
            "Actual Startup Time": 258.22,
            "Actual Total Time": 258.223,
            "Actual Rows": 1,
            "Actual Loops": 2,
            "Plans": [
              {
                "Node Type": "Hash Join",
                "Parent Relationship": "Outer",
                "Parallel Aware": true,
                "Join Type": "Inner",
                "Startup Cost": 58360.71,
                "Total Cost": 76544.49,
                "Plan Rows": 2369,
                "Plan Width": 0,
                "Actual Startup Time": 156.643,
                "Actual Total Time": 258.156,
                "Actual Rows": 1218,
                "Actual Loops": 2,
                "Inner Unique": true,
                "Hash Cond": "(mi_idx.movie_id = t.id)",
                "Plans": [
                  {
                    "Node Type": "Seq Scan",
                    "Parent Relationship": "Outer",
                    "Parallel Aware": true,
                    "Relation Name": "movie_info_idx",
                    "Alias": "mi_idx",
                    "Startup Cost": 0.0,
                    "Total Cost": 16052.85,
                    "Plan Rows": 811785,
                    "Plan Width": 4,
                    "Actual Startup Time": 0.018,
                    "Actual Total Time": 50.166,
                    "Actual Rows": 690018,
                    "Actual Loops": 2
                  },
                  {
                    "Node Type": "Hash",
                    "Parent Relationship": "Inner",
                    "Parallel Aware": true,
                    "Startup Cost": 58306.47,
                    "Total Cost": 58306.47,
                    "Plan Rows": 4339,
                    "Plan Width": 4,
                    "Actual Startup Time": 154.529,
                    "Actual Total Time": 154.53,
                    "Actual Rows": 3817,
                    "Actual Loops": 2,
                    "Hash Buckets": 8192,
                    "Original Hash Buckets": 8192,
                    "Hash Batches": 1,
                    "Original Hash Batches": 1,
                    "Peak Memory Usage": 384,
                    "Plans": [
                      {
                        "Node Type": "Seq Scan",
                        "Parent Relationship": "Outer",
                        "Parallel Aware": true,
                        "Relation Name": "title",
                        "Alias": "t",
                        "Startup Cost": 0.0,
                        "Total Cost": 58306.47,
                        "Plan Rows": 4339,
                        "Plan Width": 4,
                        "Actual Startup Time": 0.165,
                        "Actual Total Time": 153.134,
                        "Actual Rows": 3817,
                        "Actual Loops": 2,
                        "Filter": "((kind_id = 7) AND (production_year = 1972))",
                        "Rows Removed by Filter": 1260339
                      }
                    ]
                  }
                ]
              }
            ]
          }
        ]
      }
    ]
  },
  "Planning Time": 0.439,
  "Triggers": [],
  "Execution Time": 277.336
}