[
  {
    "Plan": {
      "Node Type": "Aggregate",
      "Strategy": "Plain",
      "Partial Mode": "Simple",
      "Parallel Aware": false,
      "Startup Cost": 796.87,
      "Total Cost": 796.88,
      "Plan Rows": 1,
      "Plan Width": 8,
      "Actual Startup Time": 37.476,
      "Actual Total Time": 37.478,
      "Actual Rows": 1,
      "Actual Loops": 1,
      "Plans": [
        {
          "Node Type": "Nested Loop",
          "Parent Relationship": "Outer",
          "Parallel Aware": false,
          "Join Type": "Inner",
          "Startup Cost": 1.42,
          "Total Cost": 796.86,
          "Plan Rows": 6,
          "Plan Width": 0,
          "Actual Startup Time": 0.261,
          "Actual Total Time": 37.457,
          "Actual Rows": 38,
          "Actual Loops": 1,
          "Inner Unique": false,
          "Plans": [
            {
              "Node Type": "Nested Loop",
              "Parent Relationship": "Outer",
              "Parallel Aware": false,
              "Join Type": "Inner",
              "Startup Cost": 0.86,
              "Total Cost": 696.2,
              "Plan Rows": 50,
              "Plan Width": 8,
              "Actual Startup Time": 0.068,
              "Actual Total Time": 10.31,
              "Actual Rows": 1020,
              "Actual Loops": 1,
              "Inner Unique": true,
              "Plans": [
                {
                  "Node Type": "Index Scan",
                  "Parent Relationship": "Outer",
                  "Parallel Aware": false,
                  "Scan Direction": "Forward",
                  "Index Name": "company_id_movie_companies",
                  "Relation Name": "movie_companies",
                  "Alias": "mc",
                  "Startup Cost": 0.43,
                  "Total Cost": 273.83,
                  "Plan Rows": 50,
                  "Plan Width": 4,
                  "Actual Startup Time": 0.048,
                  "Actual Total Time": 1.837,
                  "Actual Rows": 1020,
                  "Actual Loops": 1,
                  "Index Cond": "(company_id = 128)",
                  "Rows Removed by Index Recheck": 0,
                  "Filter": "(company_type_id = 1)",
                  "Rows Removed by Filter": 284
                },
                {
                  "Node Type": "Index Only Scan",
                  "Parent Relationship": "Inner",
                  "Parallel Aware": false,
                  "Scan Direction": "Forward",
                  "Index Name": "title_pkey",
                  "Relation Name": "title",
                  "Alias": "t",
                  "Startup Cost": 0.43,
                  "Total Cost": 8.45,
                  "Plan Rows": 1,
                  "Plan Width": 4,
                  "Actual Startup Time": 0.008,
                  "Actual Total Time": 0.008,
                  "Actual Rows": 1,
                  "Actual Loops": 1020,
                  "Index Cond": "(id = mc.movie_id)",
                  "Rows Removed by Index Recheck": 0,
                  "Heap Fetches": 1020
                }
              ]
            },
            {
              "Node Type": "Index Scan",
              "Parent Relationship": "Inner",
              "Parallel Aware": false,
              "Scan Direction": "Forward",
              "Index Name": "movie_id_cast_info",
              "Relation Name": "cast_info",
              "Alias": "ci",
              "Startup Cost": 0.56,
              "Total Cost": 2.0,
              "Plan Rows": 1,
              "Plan Width": 4,
              "Actual Startup Time": 0.026,
              "Actual Total Time": 0.026,
              "Actual Rows": 0,
              "Actual Loops": 1020,
              "Index Cond": "(movie_id = t.id)",
              "Rows Removed by Index Recheck": 0,
              "Filter": "((person_id < 237055) AND (role_id > 9))",
              "Rows Removed by Filter": 13
            }
          ]
        }
      ]
    },
    "Planning Time": 1.459,
    "Triggers": [],
    "Execution Time": 37.545
  }
]