[
    {
        "Bao": {
            "Bao prediction": "NaN",
            "Bao recommended hint": "(no hint)"
        }
    },
    {
        "Plan": {
            "Node Type": "Aggregate",
            "Strategy": "Plain",
            "Partial Mode": "Finalize",
            "Parallel Aware": false,
            "Startup Cost": 80028.24,
            "Total Cost": 80028.25,
            "Plan Rows": 1,
            "Plan Width": 8,
            "Actual Startup Time": 233.615,
            "Actual Total Time": 242.994,
            "Actual Rows": 1,
            "Actual Loops": 1,
            "Output": [
                "count(*)"
            ],
            "Plans": [
                {
                    "Node Type": "Gather",
                    "Parent Relationship": "Outer",
                    "Parallel Aware": false,
                    "Startup Cost": 80027.93,
                    "Total Cost": 80028.24,
                    "Plan Rows": 3,
                    "Plan Width": 8,
                    "Actual Startup Time": 232.231,
                    "Actual Total Time": 242.986,
                    "Actual Rows": 4,
                    "Actual Loops": 1,
                    "Output": [
                        "(PARTIAL count(*))"
                    ],
                    "Workers Planned": 3,
                    "Workers Launched": 3,
                    "Single Copy": false,
                    "Plans": [
                        {
                            "Node Type": "Aggregate",
                            "Strategy": "Plain",
                            "Partial Mode": "Partial",
                            "Parent Relationship": "Outer",
                            "Parallel Aware": false,
                            "Startup Cost": 79027.93,
                            "Total Cost": 79027.94,
                            "Plan Rows": 1,
                            "Plan Width": 8,
                            "Actual Startup Time": 224.048,
                            "Actual Total Time": 224.051,
                            "Actual Rows": 1,
                            "Actual Loops": 4,
                            "Output": [
                                "PARTIAL count(*)"
                            ],
                            "Workers": [
                                {
                                    "Worker Number": 0,
                                    "Actual Startup Time": 221.258,
                                    "Actual Total Time": 221.26,
                                    "Actual Rows": 1,
                                    "Actual Loops": 1
                                },
                                {
                                    "Worker Number": 1,
                                    "Actual Startup Time": 221.451,
                                    "Actual Total Time": 221.453,
                                    "Actual Rows": 1,
                                    "Actual Loops": 1
                                },
                                {
                                    "Worker Number": 2,
                                    "Actual Startup Time": 221.663,
                                    "Actual Total Time": 221.667,
                                    "Actual Rows": 1,
                                    "Actual Loops": 1
                                }
                            ],
                            "Plans": [
                                {
                                    "Node Type": "Hash Join",
                                    "Parent Relationship": "Outer",
                                    "Parallel Aware": true,
                                    "Join Type": "Inner",
                                    "Startup Cost": 46735.96,
                                    "Total Cost": 78912.53,
                                    "Plan Rows": 46158,
                                    "Plan Width": 0,
                                    "Actual Startup Time": 154.851,
                                    "Actual Total Time": 221.675,
                                    "Actual Rows": 55859,
                                    "Actual Loops": 4,
                                    "Inner Unique": true,
                                    "Hash Cond": "(mc.movie_id = t.id)",
                                    "Workers": [
                                        {
                                            "Worker Number": 0,
                                            "Actual Startup Time": 151.826,
                                            "Actual Total Time": 219.032,
                                            "Actual Rows": 50834,
                                            "Actual Loops": 1
                                        },
                                        {
                                            "Worker Number": 1,
                                            "Actual Startup Time": 152.351,
                                            "Actual Total Time": 219.01,
                                            "Actual Rows": 55555,
                                            "Actual Loops": 1
                                        },
                                        {
                                            "Worker Number": 2,
                                            "Actual Startup Time": 152.566,
                                            "Actual Total Time": 219.262,
                                            "Actual Rows": 54843,
                                            "Actual Loops": 1
                                        }
                                    ],
                                    "Plans": [
                                        {
                                            "Node Type": "Seq Scan",
                                            "Parent Relationship": "Outer",
                                            "Parallel Aware": true,
                                            "Relation Name": "movie_companies",
                                            "Schema": "public",
                                            "Alias": "mc",
                                            "Startup Cost": 0.0,
                                            "Total Cost": 31414.82,
                                            "Plan Rows": 290193,
                                            "Plan Width": 4,
                                            "Actual Startup Time": 27.345,
                                            "Actual Total Time": 58.554,
                                            "Actual Rows": 145118,
                                            "Actual Loops": 4,
                                            "Output": [
                                                "mc.id",
                                                "mc.movie_id",
                                                "mc.company_id",
                                                "mc.company_type_id",
                                                "mc.note"
                                            ],
                                            "Filter": "((mc.company_id < 25417) AND (mc.company_type_id > 1))",
                                            "Rows Removed by Filter": 507164,
                                            "Workers": [
                                                {
                                                    "Worker Number": 0,
                                                    "Actual Startup Time": 27.346,
                                                    "Actual Total Time": 56.974,
                                                    "Actual Rows": 132163,
                                                    "Actual Loops": 1
                                                },
                                                {
                                                    "Worker Number": 1,
                                                    "Actual Startup Time": 27.342,
                                                    "Actual Total Time": 59.779,
                                                    "Actual Rows": 144799,
                                                    "Actual Loops": 1
                                                },
                                                {
                                                    "Worker Number": 2,
                                                    "Actual Startup Time": 27.338,
                                                    "Actual Total Time": 59.524,
                                                    "Actual Rows": 143367,
                                                    "Actual Loops": 1
                                                }
                                            ]
                                        },
                                        {
                                            "Node Type": "Hash",
                                            "Parent Relationship": "Inner",
                                            "Parallel Aware": true,
                                            "Startup Cost": 45479.21,
                                            "Total Cost": 45479.21,
                                            "Plan Rows": 100540,
                                            "Plan Width": 4,
                                            "Actual Startup Time": 125.485,
                                            "Actual Total Time": 125.486,
                                            "Actual Rows": 125153,
                                            "Actual Loops": 4,
                                            "Output": [
                                                "t.id"
                                            ],
                                            "Hash Buckets": 524288,
                                            "Original Hash Buckets": 524288,
                                            "Hash Batches": 1,
                                            "Original Hash Batches": 1,
                                            "Peak Memory Usage": 23776,
                                            "Workers": [
                                                {
                                                    "Worker Number": 0,
                                                    "Actual Startup Time": 123.705,
                                                    "Actual Total Time": 123.706,
                                                    "Actual Rows": 107414,
                                                    "Actual Loops": 1
                                                },
                                                {
                                                    "Worker Number": 1,
                                                    "Actual Startup Time": 124.219,
                                                    "Actual Total Time": 124.22,
                                                    "Actual Rows": 121928,
                                                    "Actual Loops": 1
                                                },
                                                {
                                                    "Worker Number": 2,
                                                    "Actual Startup Time": 124.401,
                                                    "Actual Total Time": 124.403,
                                                    "Actual Rows": 122354,
                                                    "Actual Loops": 1
                                                }
                                            ],
                                            "Plans": [
                                                {
                                                    "Node Type": "Seq Scan",
                                                    "Parent Relationship": "Outer",
                                                    "Parallel Aware": true,
                                                    "Relation Name": "title",
                                                    "Schema": "public",
                                                    "Alias": "t",
                                                    "Startup Cost": 0.0,
                                                    "Total Cost": 45479.21,
                                                    "Plan Rows": 100540,
                                                    "Plan Width": 4,
                                                    "Actual Startup Time": 0.073,
                                                    "Actual Total Time": 88.298,
                                                    "Actual Rows": 125153,
                                                    "Actual Loops": 4,
                                                    "Output": [
                                                        "t.id"
                                                    ],
                                                    "Filter": "((t.kind_id < 7) AND (t.production_year < 2000))",
                                                    "Rows Removed by Filter": 506925,
                                                    "Workers": [
                                                        {
                                                            "Worker Number": 0,
                                                            "Actual Startup Time": 0.134,
                                                            "Actual Total Time": 84.737,
                                                            "Actual Rows": 107414,
                                                            "Actual Loops": 1
                                                        },
                                                        {
                                                            "Worker Number": 1,
                                                            "Actual Startup Time": 0.065,
                                                            "Actual Total Time": 88.666,
                                                            "Actual Rows": 121928,
                                                            "Actual Loops": 1
                                                        },
                                                        {
                                                            "Worker Number": 2,
                                                            "Actual Startup Time": 0.074,
                                                            "Actual Total Time": 88.959,
                                                            "Actual Rows": 122354,
                                                            "Actual Loops": 1
                                                        }
                                                    ]
                                                }
                                            ]
                                        }
                                    ]
                                }
                            ]
                        }
                    ]
                }
            ]
        },
        "Planning Time": 186.738,
        "Triggers": [],
        "Execution Time": 243.096
    }
]