[
  {
    "Plan": {
      "Node Type": "Aggregate",
      "Strategy": "Plain",
      "Partial Mode": "Finalize",
      "Parallel Aware": false,
      "Startup Cost": 31639.93,
      "Total Cost": 31639.94,
      "Plan Rows": 1,
      "Plan Width": 8,
      "Actual Startup Time": 128.76,
      "Actual Total Time": 138.102,
      "Actual Rows": 1,
      "Actual Loops": 1,
      "Plans": [
        {
          "Node Type": "Gather",
          "Parent Relationship": "Outer",
          "Parallel Aware": false,
          "Startup Cost": 31639.62,
          "Total Cost": 31639.93,
          "Plan Rows": 3,
          "Plan Width": 8,
          "Actual Startup Time": 128.625,
          "Actual Total Time": 138.09,
          "Actual Rows": 4,
          "Actual Loops": 1,
          "Workers Planned": 3,
          "Workers Launched": 3,
          "Single Copy": false,
          "Plans": [
            {
              "Node Type": "Aggregate",
              "Strategy": "Plain",
              "Partial Mode": "Partial",
              "Parent Relationship": "Outer",
              "Parallel Aware": false,
              "Startup Cost": 30639.62,
              "Total Cost": 30639.63,
              "Plan Rows": 1,
              "Plan Width": 8,
              "Actual Startup Time": 119.876,
              "Actual Total Time": 119.878,
              "Actual Rows": 1,
              "Actual Loops": 4,
              "Plans": [
                {
                  "Node Type": "Seq Scan",
                  "Parent Relationship": "Outer",
                  "Parallel Aware": true,
                  "Relation Name": "movie_companies",
                  "Alias": "mc",
                  "Startup Cost": 0.0,
                  "Total Cost": 29310.68,
                  "Plan Rows": 531574,
                  "Plan Width": 0,
                  "Actual Startup Time": 0.056,
                  "Actual Total Time": 93.904,
                  "Actual Rows": 414196,
                  "Actual Loops": 4,
                  "Filter": "(company_id < 18484)",
                  "Rows Removed by Filter": 238086
                }
              ]
            }
          ]
        }
      ]
    },
    "Planning Time": 0.2,
    "Triggers": [],
    "Execution Time": 138.161
  }
]