[
  {
    "Plan": {
      "Node Type": "Aggregate",
      "Strategy": "Plain",
      "Partial Mode": "Finalize",
      "Parallel Aware": false,
      "Startup Cost": 31657.07,
      "Total Cost": 31657.08,
      "Plan Rows": 1,
      "Plan Width": 8,
      "Actual Startup Time": 113.756,
      "Actual Total Time": 122.369,
      "Actual Rows": 1,
      "Actual Loops": 1,
      "Plans": [
        {
          "Node Type": "Gather",
          "Parent Relationship": "Outer",
          "Parallel Aware": false,
          "Startup Cost": 31656.75,
          "Total Cost": 31657.06,
          "Plan Rows": 3,
          "Plan Width": 8,
          "Actual Startup Time": 113.638,
          "Actual Total Time": 122.359,
          "Actual Rows": 4,
          "Actual Loops": 1,
          "Workers Planned": 3,
          "Workers Launched": 3,
          "Single Copy": false,
          "Plans": [
            {
              "Node Type": "Aggregate",
              "Strategy": "Plain",
              "Partial Mode": "Partial",
              "Parent Relationship": "Outer",
              "Parallel Aware": false,
              "Startup Cost": 30656.75,
              "Total Cost": 30656.76,
              "Plan Rows": 1,
              "Plan Width": 8,
              "Actual Startup Time": 105.793,
              "Actual Total Time": 105.794,
              "Actual Rows": 1,
              "Actual Loops": 4,
              "Plans": [
                {
                  "Node Type": "Seq Scan",
                  "Parent Relationship": "Outer",
                  "Parallel Aware": true,
                  "Relation Name": "movie_companies",
                  "Alias": "mc",
                  "Startup Cost": 0.0,
                  "Total Cost": 29310.68,
                  "Plan Rows": 538429,
                  "Plan Width": 0,
                  "Actual Startup Time": 0.044,
                  "Actual Total Time": 82.834,
                  "Actual Rows": 414196,
                  "Actual Loops": 4,
                  "Filter": "(company_id < 18484)",
                  "Rows Removed by Filter": 238086
                }
              ]
            }
          ]
        }
      ]
    },
    "Planning Time": 0.27,
    "Triggers": [],
    "Execution Time": 122.435
  }
]