{
  "Plan": {
    "Node Type": "Aggregate",
    "Strategy": "Plain",
    "Partial Mode": "Finalize",
    "Parallel Aware": false,
    "Startup Cost": 117668.92,
    "Total Cost": 117668.93,
    "Plan Rows": 1,
    "Plan Width": 8,
    "Actual Startup Time": 554.073,
    "Actual Total Time": 568.426,
    "Actual Rows": 1,
    "Actual Loops": 1,
    "Plans": [
      {
        "Node Type": "Gather",
        "Parent Relationship": "Outer",
        "Parallel Aware": false,
        "Startup Cost": 117668.8,
        "Total Cost": 117668.91,
        "Plan Rows": 1,
        "Plan Width": 8,
        "Actual Startup Time": 553.767,
        "Actual Total Time": 568.417,
        "Actual Rows": 2,
        "Actual Loops": 1,
        "Workers Planned": 1,
        "Workers Launched": 1,
        "Single Copy": false,
        "Plans": [
          {
            "Node Type": "Aggregate",
            "Strategy": "Plain",
            "Partial Mode": "Partial",
            "Parent Relationship": "Outer",
            "Parallel Aware": false,
            "Startup Cost": 116668.8,
            "Total Cost": 116668.81,
            "Plan Rows": 1,
            "Plan Width": 8,
            "Actual Startup Time": 547.974,
            "Actual Total Time": 547.978,
            "Actual Rows": 1,
            "Actual Loops": 2,
            "Plans": [
              {
                "Node Type": "Hash Join",
                "Parent Relationship": "Outer",
                "Parallel Aware": true,
                "Join Type": "Inner",
                "Startup Cost": 58535.87,
                "Total Cost": 116586.71,
                "Plan Rows": 32837,
                "Plan Width": 0,
                "Actual Startup Time": 176.435,
                "Actual Total Time": 547.647,
                "Actual Rows": 6336,
                "Actual Loops": 2,
                "Inner Unique": true,
                "Hash Cond": "(mk.movie_id = t.id)",
                "Plans": [
                  {
                    "Node Type": "Seq Scan",
                    "Parent Relationship": "Outer",
                    "Parallel Aware": true,
                    "Relation Name": "movie_keyword",
                    "Alias": "mk",
                    "Startup Cost": 0.0,
                    "Total Cost": 51065.35,
                    "Plan Rows": 2661135,
                    "Plan Width": 4,
                    "Actual Startup Time": 0.012,
                    "Actual Total Time": 185.464,
                    "Actual Rows": 2261965,
                    "Actual Loops": 2
                  },
                  {
                    "Node Type": "Hash",
                    "Parent Relationship": "Inner",
                    "Parallel Aware": true,
                    "Startup Cost": 58306.47,
                    "Total Cost": 58306.47,
                    "Plan Rows": 18352,
                    "Plan Width": 4,
                    "Actual Startup Time": 174.397,
                    "Actual Total Time": 174.398,
                    "Actual Rows": 17828,
                    "Actual Loops": 2,
                    "Hash Buckets": 65536,
                    "Original Hash Buckets": 32768,
                    "Hash Batches": 1,
                    "Original Hash Batches": 1,
                    "Peak Memory Usage": 2176,
                    "Plans": [
                      {
                        "Node Type": "Seq Scan",
                        "Parent Relationship": "Outer",
                        "Parallel Aware": true,
                        "Relation Name": "title",
                        "Alias": "t",
                        "Startup Cost": 0.0,
                        "Total Cost": 58306.47,
                        "Plan Rows": 18352,
                        "Plan Width": 4,
                        "Actual Startup Time": 0.07,
                        "Actual Total Time": 164.221,
                        "Actual Rows": 17828,
                        "Actual Loops": 2,
                        "Filter": "((kind_id = 7) AND (production_year = 2000))",
                        "Rows Removed by Filter": 1246328
                      }
                    ]
                  }
                ]
              }
            ]
          }
        ]
      }
    ]
  },
  "Planning Time": 0.453,
  "Triggers": [],
  "Execution Time": 568.501
}