[
    {
        "Bao": {
            "Bao prediction": "NaN",
            "Bao recommended hint": "(no hint)"
        }
    },
    {
        "Plan": {
            "Node Type": "Aggregate",
            "Strategy": "Plain",
            "Partial Mode": "Finalize",
            "Parallel Aware": false,
            "Startup Cost": 252502.56,
            "Total Cost": 252502.57,
            "Plan Rows": 1,
            "Plan Width": 8,
            "Actual Startup Time": 707.595,
            "Actual Total Time": 732.651,
            "Actual Rows": 1,
            "Actual Loops": 1,
            "Output": [
                "count(*)"
            ],
            "Plans": [
                {
                    "Node Type": "Gather",
                    "Parent Relationship": "Outer",
                    "Parallel Aware": false,
                    "Startup Cost": 252502.04,
                    "Total Cost": 252502.55,
                    "Plan Rows": 5,
                    "Plan Width": 8,
                    "Actual Startup Time": 699.75,
                    "Actual Total Time": 732.642,
                    "Actual Rows": 6,
                    "Actual Loops": 1,
                    "Output": [
                        "(PARTIAL count(*))"
                    ],
                    "Workers Planned": 5,
                    "Workers Launched": 5,
                    "Single Copy": false,
                    "Plans": [
                        {
                            "Node Type": "Aggregate",
                            "Strategy": "Plain",
                            "Partial Mode": "Partial",
                            "Parent Relationship": "Outer",
                            "Parallel Aware": false,
                            "Startup Cost": 251502.04,
                            "Total Cost": 251502.05,
                            "Plan Rows": 1,
                            "Plan Width": 8,
                            "Actual Startup Time": 690.328,
                            "Actual Total Time": 690.331,
                            "Actual Rows": 1,
                            "Actual Loops": 6,
                            "Output": [
                                "PARTIAL count(*)"
                            ],
                            "Workers": [
                                {
                                    "Worker Number": 0,
                                    "Actual Startup Time": 687.793,
                                    "Actual Total Time": 687.796,
                                    "Actual Rows": 1,
                                    "Actual Loops": 1
                                },
                                {
                                    "Worker Number": 1,
                                    "Actual Startup Time": 689.218,
                                    "Actual Total Time": 689.22,
                                    "Actual Rows": 1,
                                    "Actual Loops": 1
                                },
                                {
                                    "Worker Number": 2,
                                    "Actual Startup Time": 688.335,
                                    "Actual Total Time": 688.337,
                                    "Actual Rows": 1,
                                    "Actual Loops": 1
                                },
                                {
                                    "Worker Number": 3,
                                    "Actual Startup Time": 688.556,
                                    "Actual Total Time": 688.559,
                                    "Actual Rows": 1,
                                    "Actual Loops": 1
                                },
                                {
                                    "Worker Number": 4,
                                    "Actual Startup Time": 688.761,
                                    "Actual Total Time": 688.764,
                                    "Actual Rows": 1,
                                    "Actual Loops": 1
                                }
                            ],
                            "Plans": [
                                {
                                    "Node Type": "Hash Join",
                                    "Parent Relationship": "Outer",
                                    "Parallel Aware": true,
                                    "Join Type": "Inner",
                                    "Startup Cost": 48285.32,
                                    "Total Cost": 250406.1,
                                    "Plan Rows": 438374,
                                    "Plan Width": 0,
                                    "Actual Startup Time": 166.117,
                                    "Actual Total Time": 677.853,
                                    "Actual Rows": 244214,
                                    "Actual Loops": 6,
                                    "Inner Unique": true,
                                    "Hash Cond": "(mi.movie_id = t.id)",
                                    "Workers": [
                                        {
                                            "Worker Number": 0,
                                            "Actual Startup Time": 163.738,
                                            "Actual Total Time": 674.297,
                                            "Actual Rows": 184821,
                                            "Actual Loops": 1
                                        },
                                        {
                                            "Worker Number": 1,
                                            "Actual Startup Time": 164.183,
                                            "Actual Total Time": 675.624,
                                            "Actual Rows": 186116,
                                            "Actual Loops": 1
                                        },
                                        {
                                            "Worker Number": 2,
                                            "Actual Startup Time": 164.28,
                                            "Actual Total Time": 676.319,
                                            "Actual Rows": 265341,
                                            "Actual Loops": 1
                                        },
                                        {
                                            "Worker Number": 3,
                                            "Actual Startup Time": 164.533,
                                            "Actual Total Time": 676.708,
                                            "Actual Rows": 261730,
                                            "Actual Loops": 1
                                        },
                                        {
                                            "Worker Number": 4,
                                            "Actual Startup Time": 164.723,
                                            "Actual Total Time": 676.982,
                                            "Actual Rows": 261273,
                                            "Actual Loops": 1
                                        }
                                    ],
                                    "Plans": [
                                        {
                                            "Node Type": "Seq Scan",
                                            "Parent Relationship": "Outer",
                                            "Parallel Aware": true,
                                            "Relation Name": "movie_info",
                                            "Schema": "public",
                                            "Alias": "mi",
                                            "Startup Cost": 0.0,
                                            "Total Cost": 198880.74,
                                            "Plan Rows": 1234303,
                                            "Plan Width": 4,
                                            "Actual Startup Time": 15.01,
                                            "Actual Total Time": 310.22,
                                            "Actual Rows": 1037249,
                                            "Actual Loops": 6,
                                            "Output": [
                                                "mi.id",
                                                "mi.movie_id",
                                                "mi.info_type_id",
                                                "mi.info",
                                                "mi.note"
                                            ],
                                            "Filter": "(mi.info_type_id > 8)",
                                            "Rows Removed by Filter": 1435371,
                                            "Workers": [
                                                {
                                                    "Worker Number": 0,
                                                    "Actual Startup Time": 14.999,
                                                    "Actual Total Time": 324.185,
                                                    "Actual Rows": 768899,
                                                    "Actual Loops": 1
                                                },
                                                {
                                                    "Worker Number": 1,
                                                    "Actual Startup Time": 15.0,
                                                    "Actual Total Time": 321.123,
                                                    "Actual Rows": 781352,
                                                    "Actual Loops": 1
                                                },
                                                {
                                                    "Worker Number": 2,
                                                    "Actual Startup Time": 15.019,
                                                    "Actual Total Time": 308.897,
                                                    "Actual Rows": 1125432,
                                                    "Actual Loops": 1
                                                },
                                                {
                                                    "Worker Number": 3,
                                                    "Actual Startup Time": 15.0,
                                                    "Actual Total Time": 308.911,
                                                    "Actual Rows": 1120274,
                                                    "Actual Loops": 1
                                                },
                                                {
                                                    "Worker Number": 4,
                                                    "Actual Startup Time": 15.016,
                                                    "Actual Total Time": 314.562,
                                                    "Actual Rows": 1069231,
                                                    "Actual Loops": 1
                                                }
                                            ]
                                        },
                                        {
                                            "Node Type": "Hash",
                                            "Parent Relationship": "Inner",
                                            "Parallel Aware": true,
                                            "Startup Cost": 45479.21,
                                            "Total Cost": 45479.21,
                                            "Plan Rows": 224489,
                                            "Plan Width": 4,
                                            "Actual Startup Time": 148.196,
                                            "Actual Total Time": 148.197,
                                            "Actual Rows": 165345,
                                            "Actual Loops": 6,
                                            "Output": [
                                                "t.id"
                                            ],
                                            "Hash Buckets": 1048576,
                                            "Original Hash Buckets": 1048576,
                                            "Hash Batches": 1,
                                            "Original Hash Batches": 1,
                                            "Peak Memory Usage": 47072,
                                            "Workers": [
                                                {
                                                    "Worker Number": 0,
                                                    "Actual Startup Time": 147.984,
                                                    "Actual Total Time": 147.985,
                                                    "Actual Rows": 125142,
                                                    "Actual Loops": 1
                                                },
                                                {
                                                    "Worker Number": 1,
                                                    "Actual Startup Time": 148.468,
                                                    "Actual Total Time": 148.469,
                                                    "Actual Rows": 126799,
                                                    "Actual Loops": 1
                                                },
                                                {
                                                    "Worker Number": 2,
                                                    "Actual Startup Time": 148.55,
                                                    "Actual Total Time": 148.551,
                                                    "Actual Rows": 168372,
                                                    "Actual Loops": 1
                                                },
                                                {
                                                    "Worker Number": 3,
                                                    "Actual Startup Time": 148.737,
                                                    "Actual Total Time": 148.738,
                                                    "Actual Rows": 167528,
                                                    "Actual Loops": 1
                                                },
                                                {
                                                    "Worker Number": 4,
                                                    "Actual Startup Time": 148.94,
                                                    "Actual Total Time": 148.94,
                                                    "Actual Rows": 167242,
                                                    "Actual Loops": 1
                                                }
                                            ],
                                            "Plans": [
                                                {
                                                    "Node Type": "Seq Scan",
                                                    "Parent Relationship": "Outer",
                                                    "Parallel Aware": true,
                                                    "Relation Name": "title",
                                                    "Schema": "public",
                                                    "Alias": "t",
                                                    "Startup Cost": 0.0,
                                                    "Total Cost": 45479.21,
                                                    "Plan Rows": 224489,
                                                    "Plan Width": 4,
                                                    "Actual Startup Time": 0.048,
                                                    "Actual Total Time": 80.453,
                                                    "Actual Rows": 165345,
                                                    "Actual Loops": 6,
                                                    "Output": [
                                                        "t.id"
                                                    ],
                                                    "Filter": "((t.production_year > 1998) AND (t.kind_id = 7))",
                                                    "Rows Removed by Filter": 256040,
                                                    "Workers": [
                                                        {
                                                            "Worker Number": 0,
                                                            "Actual Startup Time": 0.065,
                                                            "Actual Total Time": 84.015,
                                                            "Actual Rows": 125142,
                                                            "Actual Loops": 1
                                                        },
                                                        {
                                                            "Worker Number": 1,
                                                            "Actual Startup Time": 0.053,
                                                            "Actual Total Time": 83.17,
                                                            "Actual Rows": 126799,
                                                            "Actual Loops": 1
                                                        },
                                                        {
                                                            "Worker Number": 2,
                                                            "Actual Startup Time": 0.047,
                                                            "Actual Total Time": 80.588,
                                                            "Actual Rows": 168372,
                                                            "Actual Loops": 1
                                                        },
                                                        {
                                                            "Worker Number": 3,
                                                            "Actual Startup Time": 0.053,
                                                            "Actual Total Time": 80.101,
                                                            "Actual Rows": 167528,
                                                            "Actual Loops": 1
                                                        },
                                                        {
                                                            "Worker Number": 4,
                                                            "Actual Startup Time": 0.057,
                                                            "Actual Total Time": 81.49,
                                                            "Actual Rows": 167242,
                                                            "Actual Loops": 1
                                                        }
                                                    ]
                                                }
                                            ]
                                        }
                                    ]
                                }
                            ]
                        }
                    ]
                }
            ]
        },
        "Planning Time": 192.159,
        "Triggers": [],
        "Execution Time": 732.716
    }
]