{
  "Plan": {
    "Node Type": "Aggregate",
    "Strategy": "Plain",
    "Partial Mode": "Finalize",
    "Parallel Aware": false,
    "Startup Cost": 192576.88,
    "Total Cost": 192576.89,
    "Plan Rows": 1,
    "Plan Width": 8,
    "Actual Startup Time": 559.527,
    "Actual Total Time": 583.51,
    "Actual Rows": 1,
    "Actual Loops": 1,
    "Plans": [
      {
        "Node Type": "Gather",
        "Parent Relationship": "Outer",
        "Parallel Aware": false,
        "Startup Cost": 192576.77,
        "Total Cost": 192576.88,
        "Plan Rows": 1,
        "Plan Width": 8,
        "Actual Startup Time": 559.322,
        "Actual Total Time": 583.502,
        "Actual Rows": 2,
        "Actual Loops": 1,
        "Workers Planned": 1,
        "Workers Launched": 1,
        "Single Copy": false,
        "Plans": [
          {
            "Node Type": "Aggregate",
            "Strategy": "Plain",
            "Partial Mode": "Partial",
            "Parent Relationship": "Outer",
            "Parallel Aware": false,
            "Startup Cost": 191576.77,
            "Total Cost": 191576.78,
            "Plan Rows": 1,
            "Plan Width": 8,
            "Actual Startup Time": 553.843,
            "Actual Total Time": 553.847,
            "Actual Rows": 1,
            "Actual Loops": 2,
            "Plans": [
              {
                "Node Type": "Hash Join",
                "Parent Relationship": "Outer",
                "Parallel Aware": true,
                "Join Type": "Inner",
                "Startup Cost": 58323.56,
                "Total Cost": 191574.08,
                "Plan Rows": 1078,
                "Plan Width": 0,
                "Actual Startup Time": 156.529,
                "Actual Total Time": 553.788,
                "Actual Rows": 534,
                "Actual Loops": 2,
                "Inner Unique": true,
                "Hash Cond": "(ci.movie_id = t.id)",
                "Plans": [
                  {
                    "Node Type": "Index Scan",
                    "Parent Relationship": "Outer",
                    "Parallel Aware": true,
                    "Scan Direction": "Forward",
                    "Index Name": "role_id_cast_info",
                    "Relation Name": "cast_info",
                    "Alias": "ci",
                    "Startup Cost": 0.56,
                    "Total Cost": 130066.5,
                    "Plan Rows": 1213174,
                    "Plan Width": 4,
                    "Actual Startup Time": 0.065,
                    "Actual Total Time": 327.694,
                    "Actual Rows": 695145,
                    "Actual Loops": 2,
                    "Index Cond": "(role_id = 3)",
                    "Rows Removed by Index Recheck": 0,
                    "Filter": "(person_id < 1838817)",
                    "Rows Removed by Filter": 1308874
                  },
                  {
                    "Node Type": "Hash",
                    "Parent Relationship": "Inner",
                    "Parallel Aware": true,
                    "Startup Cost": 58306.47,
                    "Total Cost": 58306.47,
                    "Plan Rows": 1322,
                    "Plan Width": 4,
                    "Actual Startup Time": 150.562,
                    "Actual Total Time": 150.563,
                    "Actual Rows": 2918,
                    "Actual Loops": 2,
                    "Hash Buckets": 8192,
                    "Original Hash Buckets": 4096,
                    "Hash Batches": 1,
                    "Original Hash Batches": 1,
                    "Peak Memory Usage": 384,
                    "Plans": [
                      {
                        "Node Type": "Seq Scan",
                        "Parent Relationship": "Outer",
                        "Parallel Aware": true,
                        "Relation Name": "title",
                        "Alias": "t",
                        "Startup Cost": 0.0,
                        "Total Cost": 58306.47,
                        "Plan Rows": 1322,
                        "Plan Width": 4,
                        "Actual Startup Time": 93.008,
                        "Actual Total Time": 144.784,
                        "Actual Rows": 2918,
                        "Actual Loops": 2,
                        "Filter": "((kind_id < 7) AND (production_year = 1916))",
                        "Rows Removed by Filter": 1261238
                      }
                    ]
                  }
                ]
              }
            ]
          }
        ]
      }
    ]
  },
  "Planning Time": 0.252,
  "Triggers": [],
  "Execution Time": 583.559
}