{
  "Plan": {
    "Node Type": "Aggregate",
    "Strategy": "Plain",
    "Partial Mode": "Finalize",
    "Parallel Aware": false,
    "Startup Cost": 93140.95,
    "Total Cost": 93140.96,
    "Plan Rows": 1,
    "Plan Width": 8,
    "Actual Startup Time": 422.776,
    "Actual Total Time": 435.187,
    "Actual Rows": 1,
    "Actual Loops": 1,
    "Plans": [
      {
        "Node Type": "Gather",
        "Parent Relationship": "Outer",
        "Parallel Aware": false,
        "Startup Cost": 93140.84,
        "Total Cost": 93140.95,
        "Plan Rows": 1,
        "Plan Width": 8,
        "Actual Startup Time": 421.423,
        "Actual Total Time": 435.18,
        "Actual Rows": 2,
        "Actual Loops": 1,
        "Workers Planned": 1,
        "Workers Launched": 1,
        "Single Copy": false,
        "Plans": [
          {
            "Node Type": "Aggregate",
            "Strategy": "Plain",
            "Partial Mode": "Partial",
            "Parent Relationship": "Outer",
            "Parallel Aware": false,
            "Startup Cost": 92140.84,
            "Total Cost": 92140.85,
            "Plan Rows": 1,
            "Plan Width": 8,
            "Actual Startup Time": 415.407,
            "Actual Total Time": 415.413,
            "Actual Rows": 1,
            "Actual Loops": 2,
            "Plans": [
              {
                "Node Type": "Hash Join",
                "Parent Relationship": "Outer",
                "Parallel Aware": true,
                "Join Type": "Inner",
                "Startup Cost": 31559.32,
                "Total Cost": 92078.69,
                "Plan Rows": 24862,
                "Plan Width": 0,
                "Actual Startup Time": 161.22,
                "Actual Total Time": 409.24,
                "Actual Rows": 107218,
                "Actual Loops": 2,
                "Inner Unique": false,
                "Hash Cond": "(t.id = mc.movie_id)",
                "Plans": [
                  {
                    "Node Type": "Seq Scan",
                    "Parent Relationship": "Outer",
                    "Parallel Aware": true,
                    "Relation Name": "title",
                    "Alias": "t",
                    "Startup Cost": 0.0,
                    "Total Cost": 58306.47,
                    "Plan Rows": 330663,
                    "Plan Width": 4,
                    "Actual Startup Time": 0.015,
                    "Actual Total Time": 159.086,
                    "Actual Rows": 320892,
                    "Actual Loops": 2,
                    "Filter": "((kind_id < 7) AND (production_year < 2006))",
                    "Rows Removed by Filter": 943264
                  },
                  {
                    "Node Type": "Hash",
                    "Parent Relationship": "Inner",
                    "Parallel Aware": true,
                    "Startup Cost": 30161.55,
                    "Total Cost": 30161.55,
                    "Plan Rows": 111822,
                    "Plan Width": 4,
                    "Actual Startup Time": 141.449,
                    "Actual Total Time": 141.451,
                    "Actual Rows": 189376,
                    "Actual Loops": 2,
                    "Hash Buckets": 524288,
                    "Original Hash Buckets": 262144,
                    "Hash Batches": 1,
                    "Original Hash Batches": 1,
                    "Peak Memory Usage": 20992,
                    "Plans": [
                      {
                        "Node Type": "Bitmap Heap Scan",
                        "Parent Relationship": "Outer",
                        "Parallel Aware": true,
                        "Relation Name": "movie_companies",
                        "Alias": "mc",
                        "Startup Cost": 8067.98,
                        "Total Cost": 30161.55,
                        "Plan Rows": 111822,
                        "Plan Width": 4,
                        "Actual Startup Time": 33.036,
                        "Actual Total Time": 82.125,
                        "Actual Rows": 189376,
                        "Actual Loops": 2,
                        "Recheck Cond": "(company_id > 84470)",
                        "Rows Removed by Index Recheck": 0,
                        "Filter": "(company_type_id = 2)",
                        "Rows Removed by Filter": 0,
                        "Exact Heap Blocks": 4185,
                        "Lossy Heap Blocks": 0,
                        "Plans": [
                          {
                            "Node Type": "Bitmap Index Scan",
                            "Parent Relationship": "Outer",
                            "Parallel Aware": false,
                            "Index Name": "company_id_movie_companies",
                            "Startup Cost": 0.0,
                            "Total Cost": 8020.46,
                            "Plan Rows": 374404,
                            "Plan Width": 0,
                            "Actual Startup Time": 34.466,
                            "Actual Total Time": 34.466,
                            "Actual Rows": 378753,
                            "Actual Loops": 1,
                            "Index Cond": "(company_id > 84470)"
                          }
                        ]
                      }
                    ]
                  }
                ]
              }
            ]
          }
        ]
      }
    ]
  },
  "Planning Time": 0.531,
  "Triggers": [],
  "Execution Time": 435.276
}