[
    {
        "Bao": {
            "Bao prediction": 478.394,
            "Bao recommended hint": "(no hint)"
        }
    },
    {
        "Plan": {
            "Node Type": "Aggregate",
            "Strategy": "Plain",
            "Partial Mode": "Finalize",
            "Parallel Aware": false,
            "Startup Cost": 348109.77,
            "Total Cost": 348109.78,
            "Plan Rows": 1,
            "Plan Width": 8,
            "Actual Startup Time": 939.822,
            "Actual Total Time": 971.298,
            "Actual Rows": 1,
            "Actual Loops": 1,
            "Output": [
                "count(*)"
            ],
            "Plans": [
                {
                    "Node Type": "Gather",
                    "Parent Relationship": "Outer",
                    "Parallel Aware": false,
                    "Startup Cost": 348109.15,
                    "Total Cost": 348109.76,
                    "Plan Rows": 6,
                    "Plan Width": 8,
                    "Actual Startup Time": 939.724,
                    "Actual Total Time": 971.288,
                    "Actual Rows": 7,
                    "Actual Loops": 1,
                    "Output": [
                        "(PARTIAL count(*))"
                    ],
                    "Workers Planned": 6,
                    "Workers Launched": 6,
                    "Single Copy": false,
                    "Plans": [
                        {
                            "Node Type": "Aggregate",
                            "Strategy": "Plain",
                            "Partial Mode": "Partial",
                            "Parent Relationship": "Outer",
                            "Parallel Aware": false,
                            "Startup Cost": 347109.15,
                            "Total Cost": 347109.16,
                            "Plan Rows": 1,
                            "Plan Width": 8,
                            "Actual Startup Time": 930.518,
                            "Actual Total Time": 930.519,
                            "Actual Rows": 1,
                            "Actual Loops": 7,
                            "Output": [
                                "PARTIAL count(*)"
                            ],
                            "Workers": [
                                {
                                    "Worker Number": 0,
                                    "Actual Startup Time": 928.586,
                                    "Actual Total Time": 928.587,
                                    "Actual Rows": 1,
                                    "Actual Loops": 1
                                },
                                {
                                    "Worker Number": 1,
                                    "Actual Startup Time": 928.888,
                                    "Actual Total Time": 928.888,
                                    "Actual Rows": 1,
                                    "Actual Loops": 1
                                },
                                {
                                    "Worker Number": 2,
                                    "Actual Startup Time": 929.04,
                                    "Actual Total Time": 929.041,
                                    "Actual Rows": 1,
                                    "Actual Loops": 1
                                },
                                {
                                    "Worker Number": 3,
                                    "Actual Startup Time": 928.898,
                                    "Actual Total Time": 928.899,
                                    "Actual Rows": 1,
                                    "Actual Loops": 1
                                },
                                {
                                    "Worker Number": 4,
                                    "Actual Startup Time": 929.498,
                                    "Actual Total Time": 929.5,
                                    "Actual Rows": 1,
                                    "Actual Loops": 1
                                },
                                {
                                    "Worker Number": 5,
                                    "Actual Startup Time": 929.816,
                                    "Actual Total Time": 929.817,
                                    "Actual Rows": 1,
                                    "Actual Loops": 1
                                }
                            ],
                            "Plans": [
                                {
                                    "Node Type": "Seq Scan",
                                    "Parent Relationship": "Outer",
                                    "Parallel Aware": true,
                                    "Relation Name": "cast_info",
                                    "Schema": "public",
                                    "Alias": "ci",
                                    "Startup Cost": 0.0,
                                    "Total Cost": 343318.94,
                                    "Plan Rows": 1516083,
                                    "Plan Width": 0,
                                    "Actual Startup Time": 421.767,
                                    "Actual Total Time": 820.517,
                                    "Actual Rows": 1680442,
                                    "Actual Loops": 7,
                                    "Output": [
                                        "id",
                                        "person_id",
                                        "movie_id",
                                        "person_role_id",
                                        "note",
                                        "nr_order",
                                        "role_id"
                                    ],
                                    "Filter": "((ci.person_id > 1538671) AND (ci.role_id > 2))",
                                    "Rows Removed by Filter": 3497322,
                                    "Workers": [
                                        {
                                            "Worker Number": 0,
                                            "Actual Startup Time": 419.833,
                                            "Actual Total Time": 819.674,
                                            "Actual Rows": 1638612,
                                            "Actual Loops": 1
                                        },
                                        {
                                            "Worker Number": 1,
                                            "Actual Startup Time": 420.138,
                                            "Actual Total Time": 820.229,
                                            "Actual Rows": 1636916,
                                            "Actual Loops": 1
                                        },
                                        {
                                            "Worker Number": 2,
                                            "Actual Startup Time": 420.285,
                                            "Actual Total Time": 819.882,
                                            "Actual Rows": 1642912,
                                            "Actual Loops": 1
                                        },
                                        {
                                            "Worker Number": 3,
                                            "Actual Startup Time": 420.148,
                                            "Actual Total Time": 822.548,
                                            "Actual Rows": 1584216,
                                            "Actual Loops": 1
                                        },
                                        {
                                            "Worker Number": 4,
                                            "Actual Startup Time": 420.757,
                                            "Actual Total Time": 820.422,
                                            "Actual Rows": 1642027,
                                            "Actual Loops": 1
                                        },
                                        {
                                            "Worker Number": 5,
                                            "Actual Startup Time": 421.079,
                                            "Actual Total Time": 820.67,
                                            "Actual Rows": 1639358,
                                            "Actual Loops": 1
                                        }
                                    ]
                                }
                            ]
                        }
                    ]
                }
            ]
        },
        "Planning Time": 837.282,
        "Triggers": [],
        "Execution Time": 971.387
    }
]