[
  {
    "Plan": {
      "Node Type": "Aggregate",
      "Strategy": "Plain",
      "Partial Mode": "Finalize",
      "Parallel Aware": false,
      "Startup Cost": 30779.01,
      "Total Cost": 30779.02,
      "Plan Rows": 1,
      "Plan Width": 8,
      "Actual Startup Time": 78.796,
      "Actual Total Time": 86.464,
      "Actual Rows": 1,
      "Actual Loops": 1,
      "Plans": [
        {
          "Node Type": "Gather",
          "Parent Relationship": "Outer",
          "Parallel Aware": false,
          "Startup Cost": 30778.7,
          "Total Cost": 30779.01,
          "Plan Rows": 3,
          "Plan Width": 8,
          "Actual Startup Time": 78.664,
          "Actual Total Time": 86.457,
          "Actual Rows": 4,
          "Actual Loops": 1,
          "Workers Planned": 3,
          "Workers Launched": 3,
          "Single Copy": false,
          "Plans": [
            {
              "Node Type": "Aggregate",
              "Strategy": "Plain",
              "Partial Mode": "Partial",
              "Parent Relationship": "Outer",
              "Parallel Aware": false,
              "Startup Cost": 29778.7,
              "Total Cost": 29778.71,
              "Plan Rows": 1,
              "Plan Width": 8,
              "Actual Startup Time": 74.552,
              "Actual Total Time": 74.553,
              "Actual Rows": 1,
              "Actual Loops": 4,
              "Plans": [
                {
                  "Node Type": "Seq Scan",
                  "Parent Relationship": "Outer",
                  "Parallel Aware": true,
                  "Relation Name": "movie_companies",
                  "Alias": "mc",
                  "Startup Cost": 0.0,
                  "Total Cost": 29310.68,
                  "Plan Rows": 187206,
                  "Plan Width": 0,
                  "Actual Startup Time": 37.529,
                  "Actual Total Time": 68.47,
                  "Actual Rows": 143298,
                  "Actual Loops": 4,
                  "Filter": "(company_id > 71236)",
                  "Rows Removed by Filter": 508985
                }
              ]
            }
          ]
        }
      ]
    },
    "Planning Time": 0.126,
    "Triggers": [],
    "Execution Time": 86.504
  }
]