[
    {
        "Bao": {
            "Bao prediction": "NaN",
            "Bao recommended hint": "(no hint)"
        }
    },
    {
        "Plan": {
            "Node Type": "Aggregate",
            "Strategy": "Plain",
            "Partial Mode": "Finalize",
            "Parallel Aware": false,
            "Startup Cost": 342680.53,
            "Total Cost": 342680.54,
            "Plan Rows": 1,
            "Plan Width": 8,
            "Actual Startup Time": 326.461,
            "Actual Total Time": 338.078,
            "Actual Rows": 1,
            "Actual Loops": 1,
            "Output": [
                "count(*)"
            ],
            "Plans": [
                {
                    "Node Type": "Gather",
                    "Parent Relationship": "Outer",
                    "Parallel Aware": false,
                    "Startup Cost": 342679.9,
                    "Total Cost": 342680.51,
                    "Plan Rows": 6,
                    "Plan Width": 8,
                    "Actual Startup Time": 323.54,
                    "Actual Total Time": 338.059,
                    "Actual Rows": 7,
                    "Actual Loops": 1,
                    "Output": [
                        "(PARTIAL count(*))"
                    ],
                    "Workers Planned": 6,
                    "Workers Launched": 6,
                    "Single Copy": false,
                    "Plans": [
                        {
                            "Node Type": "Aggregate",
                            "Strategy": "Plain",
                            "Partial Mode": "Partial",
                            "Parent Relationship": "Outer",
                            "Parallel Aware": false,
                            "Startup Cost": 341679.9,
                            "Total Cost": 341679.91,
                            "Plan Rows": 1,
                            "Plan Width": 8,
                            "Actual Startup Time": 312.523,
                            "Actual Total Time": 312.526,
                            "Actual Rows": 1,
                            "Actual Loops": 7,
                            "Output": [
                                "PARTIAL count(*)"
                            ],
                            "Workers": [
                                {
                                    "Worker Number": 0,
                                    "Actual Startup Time": 309.99,
                                    "Actual Total Time": 309.994,
                                    "Actual Rows": 1,
                                    "Actual Loops": 1
                                },
                                {
                                    "Worker Number": 1,
                                    "Actual Startup Time": 310.584,
                                    "Actual Total Time": 310.587,
                                    "Actual Rows": 1,
                                    "Actual Loops": 1
                                },
                                {
                                    "Worker Number": 2,
                                    "Actual Startup Time": 310.782,
                                    "Actual Total Time": 310.786,
                                    "Actual Rows": 1,
                                    "Actual Loops": 1
                                },
                                {
                                    "Worker Number": 3,
                                    "Actual Startup Time": 310.829,
                                    "Actual Total Time": 310.833,
                                    "Actual Rows": 1,
                                    "Actual Loops": 1
                                },
                                {
                                    "Worker Number": 4,
                                    "Actual Startup Time": 310.796,
                                    "Actual Total Time": 310.801,
                                    "Actual Rows": 1,
                                    "Actual Loops": 1
                                },
                                {
                                    "Worker Number": 5,
                                    "Actual Startup Time": 311.807,
                                    "Actual Total Time": 311.81,
                                    "Actual Rows": 1,
                                    "Actual Loops": 1
                                }
                            ],
                            "Plans": [
                                {
                                    "Node Type": "Hash Join",
                                    "Parent Relationship": "Outer",
                                    "Parallel Aware": true,
                                    "Join Type": "Inner",
                                    "Startup Cost": 83765.98,
                                    "Total Cost": 341648.3,
                                    "Plan Rows": 12640,
                                    "Plan Width": 0,
                                    "Actual Startup Time": 164.92,
                                    "Actual Total Time": 311.929,
                                    "Actual Rows": 5317,
                                    "Actual Loops": 7,
                                    "Inner Unique": true,
                                    "Hash Cond": "(ci.movie_id = t.id)",
                                    "Workers": [
                                        {
                                            "Worker Number": 0,
                                            "Actual Startup Time": 163.238,
                                            "Actual Total Time": 309.367,
                                            "Actual Rows": 4246,
                                            "Actual Loops": 1
                                        },
                                        {
                                            "Worker Number": 1,
                                            "Actual Startup Time": 162.894,
                                            "Actual Total Time": 309.959,
                                            "Actual Rows": 4231,
                                            "Actual Loops": 1
                                        },
                                        {
                                            "Worker Number": 2,
                                            "Actual Startup Time": 162.977,
                                            "Actual Total Time": 310.165,
                                            "Actual Rows": 4307,
                                            "Actual Loops": 1
                                        },
                                        {
                                            "Worker Number": 3,
                                            "Actual Startup Time": 163.083,
                                            "Actual Total Time": 310.287,
                                            "Actual Rows": 6805,
                                            "Actual Loops": 1
                                        },
                                        {
                                            "Worker Number": 4,
                                            "Actual Startup Time": 163.412,
                                            "Actual Total Time": 310.155,
                                            "Actual Rows": 4243,
                                            "Actual Loops": 1
                                        },
                                        {
                                            "Worker Number": 5,
                                            "Actual Startup Time": 163.92,
                                            "Actual Total Time": 311.231,
                                            "Actual Rows": 6020,
                                            "Actual Loops": 1
                                        }
                                    ],
                                    "Plans": [
                                        {
                                            "Node Type": "Bitmap Heap Scan",
                                            "Parent Relationship": "Outer",
                                            "Parallel Aware": true,
                                            "Relation Name": "cast_info",
                                            "Schema": "public",
                                            "Alias": "ci",
                                            "Startup Cost": 45500.97,
                                            "Total Cost": 302481.62,
                                            "Plan Rows": 343492,
                                            "Plan Width": 4,
                                            "Actual Startup Time": 111.134,
                                            "Actual Total Time": 202.031,
                                            "Actual Rows": 309269,
                                            "Actual Loops": 7,
                                            "Output": [
                                                "ci.id",
                                                "ci.person_id",
                                                "ci.movie_id",
                                                "ci.person_role_id",
                                                "ci.note",
                                                "ci.nr_order",
                                                "ci.role_id"
                                            ],
                                            "Recheck Cond": "(ci.person_id > 3639431)",
                                            "Rows Removed by Index Recheck": 0,
                                            "Exact Heap Blocks": 6228,
                                            "Lossy Heap Blocks": 0,
                                            "Workers": [
                                                {
                                                    "Worker Number": 0,
                                                    "Actual Startup Time": 111.392,
                                                    "Actual Total Time": 201.724,
                                                    "Actual Rows": 250824,
                                                    "Actual Loops": 1
                                                },
                                                {
                                                    "Worker Number": 1,
                                                    "Actual Startup Time": 111.363,
                                                    "Actual Total Time": 203.516,
                                                    "Actual Rows": 246894,
                                                    "Actual Loops": 1
                                                },
                                                {
                                                    "Worker Number": 2,
                                                    "Actual Startup Time": 111.142,
                                                    "Actual Total Time": 203.175,
                                                    "Actual Rows": 247724,
                                                    "Actual Loops": 1
                                                },
                                                {
                                                    "Worker Number": 3,
                                                    "Actual Startup Time": 110.868,
                                                    "Actual Total Time": 201.315,
                                                    "Actual Rows": 403021,
                                                    "Actual Loops": 1
                                                },
                                                {
                                                    "Worker Number": 4,
                                                    "Actual Startup Time": 111.197,
                                                    "Actual Total Time": 201.883,
                                                    "Actual Rows": 248852,
                                                    "Actual Loops": 1
                                                },
                                                {
                                                    "Worker Number": 5,
                                                    "Actual Startup Time": 111.004,
                                                    "Actual Total Time": 204.492,
                                                    "Actual Rows": 343555,
                                                    "Actual Loops": 1
                                                }
                                            ],
                                            "Plans": [
                                                {
                                                    "Node Type": "Bitmap Index Scan",
                                                    "Parent Relationship": "Outer",
                                                    "Parallel Aware": false,
                                                    "Index Name": "person_id_cast_info",
                                                    "Startup Cost": 0.0,
                                                    "Total Cost": 44985.73,
                                                    "Plan Rows": 2060955,
                                                    "Plan Width": 0,
                                                    "Actual Startup Time": 105.855,
                                                    "Actual Total Time": 105.855,
                                                    "Actual Rows": 2164883,
                                                    "Actual Loops": 1,
                                                    "Index Cond": "(ci.person_id > 3639431)",
                                                    "Workers": [
                                                        {
                                                            "Worker Number": 3,
                                                            "Actual Startup Time": 105.855,
                                                            "Actual Total Time": 105.855,
                                                            "Actual Rows": 2164883,
                                                            "Actual Loops": 1
                                                        }
                                                    ]
                                                }
                                            ]
                                        },
                                        {
                                            "Node Type": "Hash",
                                            "Parent Relationship": "Inner",
                                            "Parallel Aware": true,
                                            "Startup Cost": 37974.26,
                                            "Total Cost": 37974.26,
                                            "Plan Rows": 23260,
                                            "Plan Width": 4,
                                            "Actual Startup Time": 52.947,
                                            "Actual Total Time": 52.948,
                                            "Actual Rows": 12979,
                                            "Actual Loops": 7,
                                            "Output": [
                                                "t.id"
                                            ],
                                            "Hash Buckets": 131072,
                                            "Original Hash Buckets": 131072,
                                            "Hash Batches": 1,
                                            "Original Hash Batches": 1,
                                            "Peak Memory Usage": 4672,
                                            "Workers": [
                                                {
                                                    "Worker Number": 0,
                                                    "Actual Startup Time": 50.584,
                                                    "Actual Total Time": 50.585,
                                                    "Actual Rows": 8196,
                                                    "Actual Loops": 1
                                                },
                                                {
                                                    "Worker Number": 1,
                                                    "Actual Startup Time": 51.042,
                                                    "Actual Total Time": 51.043,
                                                    "Actual Rows": 8689,
                                                    "Actual Loops": 1
                                                },
                                                {
                                                    "Worker Number": 2,
                                                    "Actual Startup Time": 51.312,
                                                    "Actual Total Time": 51.314,
                                                    "Actual Rows": 8938,
                                                    "Actual Loops": 1
                                                },
                                                {
                                                    "Worker Number": 3,
                                                    "Actual Startup Time": 51.349,
                                                    "Actual Total Time": 51.351,
                                                    "Actual Rows": 9343,
                                                    "Actual Loops": 1
                                                },
                                                {
                                                    "Worker Number": 4,
                                                    "Actual Startup Time": 51.288,
                                                    "Actual Total Time": 51.29,
                                                    "Actual Rows": 8066,
                                                    "Actual Loops": 1
                                                },
                                                {
                                                    "Worker Number": 5,
                                                    "Actual Startup Time": 52.352,
                                                    "Actual Total Time": 52.353,
                                                    "Actual Rows": 9500,
                                                    "Actual Loops": 1
                                                }
                                            ],
                                            "Plans": [
                                                {
                                                    "Node Type": "Bitmap Heap Scan",
                                                    "Parent Relationship": "Outer",
                                                    "Parallel Aware": true,
                                                    "Relation Name": "title",
                                                    "Schema": "public",
                                                    "Alias": "t",
                                                    "Startup Cost": 1685.51,
                                                    "Total Cost": 37974.26,
                                                    "Plan Rows": 23260,
                                                    "Plan Width": 4,
                                                    "Actual Startup Time": 5.528,
                                                    "Actual Total Time": 47.158,
                                                    "Actual Rows": 12979,
                                                    "Actual Loops": 7,
                                                    "Output": [
                                                        "t.id"
                                                    ],
                                                    "Recheck Cond": "(t.kind_id = 2)",
                                                    "Rows Removed by Index Recheck": 0,
                                                    "Exact Heap Blocks": 9993,
                                                    "Lossy Heap Blocks": 0,
                                                    "Workers": [
                                                        {
                                                            "Worker Number": 0,
                                                            "Actual Startup Time": 3.127,
                                                            "Actual Total Time": 45.306,
                                                            "Actual Rows": 8196,
                                                            "Actual Loops": 1
                                                        },
                                                        {
                                                            "Worker Number": 1,
                                                            "Actual Startup Time": 3.665,
                                                            "Actual Total Time": 45.508,
                                                            "Actual Rows": 8689,
                                                            "Actual Loops": 1
                                                        },
                                                        {
                                                            "Worker Number": 2,
                                                            "Actual Startup Time": 3.875,
                                                            "Actual Total Time": 46.184,
                                                            "Actual Rows": 8938,
                                                            "Actual Loops": 1
                                                        },
                                                        {
                                                            "Worker Number": 3,
                                                            "Actual Startup Time": 3.899,
                                                            "Actual Total Time": 45.896,
                                                            "Actual Rows": 9343,
                                                            "Actual Loops": 1
                                                        },
                                                        {
                                                            "Worker Number": 4,
                                                            "Actual Startup Time": 4.119,
                                                            "Actual Total Time": 46.151,
                                                            "Actual Rows": 8066,
                                                            "Actual Loops": 1
                                                        },
                                                        {
                                                            "Worker Number": 5,
                                                            "Actual Startup Time": 4.885,
                                                            "Actual Total Time": 47.213,
                                                            "Actual Rows": 9500,
                                                            "Actual Loops": 1
                                                        }
                                                    ],
                                                    "Plans": [
                                                        {
                                                            "Node Type": "Bitmap Index Scan",
                                                            "Parent Relationship": "Outer",
                                                            "Parallel Aware": false,
                                                            "Index Name": "kind_id_title",
                                                            "Startup Cost": 0.0,
                                                            "Total Cost": 1662.25,
                                                            "Plan Rows": 93042,
                                                            "Plan Width": 0,
                                                            "Actual Startup Time": 9.548,
                                                            "Actual Total Time": 9.548,
                                                            "Actual Rows": 90852,
                                                            "Actual Loops": 1,
                                                            "Index Cond": "(t.kind_id = 2)"
                                                        }
                                                    ]
                                                }
                                            ]
                                        }
                                    ]
                                }
                            ]
                        }
                    ]
                }
            ]
        },
        "Planning Time": 202.113,
        "Triggers": [],
        "Execution Time": 338.213
    }
]