{
  "Plan": {
    "Node Type": "Aggregate",
    "Strategy": "Plain",
    "Partial Mode": "Simple",
    "Parallel Aware": false,
    "Startup Cost": 2643.38,
    "Total Cost": 2643.39,
    "Plan Rows": 1,
    "Plan Width": 8,
    "Actual Startup Time": 0.601,
    "Actual Total Time": 0.602,
    "Actual Rows": 1,
    "Actual Loops": 1,
    "Plans": [
      {
        "Node Type": "Nested Loop",
        "Parent Relationship": "Outer",
        "Parallel Aware": false,
        "Join Type": "Inner",
        "Startup Cost": 1.43,
        "Total Cost": 2642.86,
        "Plan Rows": 205,
        "Plan Width": 0,
        "Actual Startup Time": 0.149,
        "Actual Total Time": 0.581,
        "Actual Rows": 191,
        "Actual Loops": 1,
        "Inner Unique": false,
        "Plans": [
          {
            "Node Type": "Nested Loop",
            "Parent Relationship": "Outer",
            "Parallel Aware": false,
            "Join Type": "Inner",
            "Startup Cost": 0.99,
            "Total Cost": 2483.72,
            "Plan Rows": 68,
            "Plan Width": 8,
            "Actual Startup Time": 0.134,
            "Actual Total Time": 0.298,
            "Actual Rows": 13,
            "Actual Loops": 1,
            "Inner Unique": true,
            "Plans": [
              {
                "Node Type": "Index Scan",
                "Parent Relationship": "Outer",
                "Parallel Aware": false,
                "Scan Direction": "Forward",
                "Index Name": "person_id_cast_info",
                "Relation Name": "cast_info",
                "Alias": "ci",
                "Startup Cost": 0.56,
                "Total Cost": 1059.67,
                "Plan Rows": 169,
                "Plan Width": 4,
                "Actual Startup Time": 0.112,
                "Actual Total Time": 0.134,
                "Actual Rows": 39,
                "Actual Loops": 1,
                "Index Cond": "(person_id = 629682)",
                "Rows Removed by Index Recheck": 0,
                "Filter": "(role_id > 3)",
                "Rows Removed by Filter": 23
              },
              {
                "Node Type": "Index Scan",
                "Parent Relationship": "Inner",
                "Parallel Aware": false,
                "Scan Direction": "Forward",
                "Index Name": "title_pkey",
                "Relation Name": "title",
                "Alias": "t",
                "Startup Cost": 0.43,
                "Total Cost": 8.43,
                "Plan Rows": 1,
                "Plan Width": 4,
                "Actual Startup Time": 0.004,
                "Actual Total Time": 0.004,
                "Actual Rows": 0,
                "Actual Loops": 39,
                "Index Cond": "(id = ci.movie_id)",
                "Rows Removed by Index Recheck": 0,
                "Filter": "(production_year > 2005)",
                "Rows Removed by Filter": 1
              }
            ]
          },
          {
            "Node Type": "Index Scan",
            "Parent Relationship": "Inner",
            "Parallel Aware": false,
            "Scan Direction": "Forward",
            "Index Name": "movie_id_movie_info",
            "Relation Name": "movie_info",
            "Alias": "mi",
            "Startup Cost": 0.43,
            "Total Cost": 2.12,
            "Plan Rows": 22,
            "Plan Width": 4,
            "Actual Startup Time": 0.006,
            "Actual Total Time": 0.019,
            "Actual Rows": 15,
            "Actual Loops": 13,
            "Index Cond": "(movie_id = t.id)",
            "Rows Removed by Index Recheck": 0,
            "Filter": "(info_type_id > 7)",
            "Rows Removed by Filter": 8
          }
        ]
      }
    ]
  },
  "Planning Time": 0.459,
  "Triggers": [],
  "Execution Time": 0.637
}