[
  {
    "Plan": {
      "Node Type": "Aggregate",
      "Strategy": "Plain",
      "Partial Mode": "Finalize",
      "Parallel Aware": false,
      "Startup Cost": 302163.46,
      "Total Cost": 302163.47,
      "Plan Rows": 1,
      "Plan Width": 8,
      "Actual Startup Time": 2114.262,
      "Actual Total Time": 2159.444,
      "Actual Rows": 1,
      "Actual Loops": 1,
      "Plans": [
        {
          "Node Type": "Gather",
          "Parent Relationship": "Outer",
          "Parallel Aware": false,
          "Startup Cost": 302162.94,
          "Total Cost": 302163.45,
          "Plan Rows": 5,
          "Plan Width": 8,
          "Actual Startup Time": 2104.138,
          "Actual Total Time": 2159.422,
          "Actual Rows": 6,
          "Actual Loops": 1,
          "Workers Planned": 5,
          "Workers Launched": 5,
          "Single Copy": false,
          "Plans": [
            {
              "Node Type": "Aggregate",
              "Strategy": "Plain",
              "Partial Mode": "Partial",
              "Parent Relationship": "Outer",
              "Parallel Aware": false,
              "Startup Cost": 301162.94,
              "Total Cost": 301162.95,
              "Plan Rows": 1,
              "Plan Width": 8,
              "Actual Startup Time": 2096.812,
              "Actual Total Time": 2097.186,
              "Actual Rows": 1,
              "Actual Loops": 6,
              "Plans": [
                {
                  "Node Type": "Hash Join",
                  "Parent Relationship": "Outer",
                  "Parallel Aware": true,
                  "Join Type": "Inner",
                  "Startup Cost": 93713.97,
                  "Total Cost": 300424.89,
                  "Plan Rows": 295220,
                  "Plan Width": 0,
                  "Actual Startup Time": 388.352,
                  "Actual Total Time": 1675.06,
                  "Actual Rows": 7855076,
                  "Actual Loops": 6,
                  "Inner Unique": false,
                  "Hash Cond": "(mi.movie_id = t.id)",
                  "Plans": [
                    {
                      "Node Type": "Seq Scan",
                      "Parent Relationship": "Outer",
                      "Parallel Aware": true,
                      "Relation Name": "movie_info",
                      "Alias": "mi",
                      "Startup Cost": 0.0,
                      "Total Cost": 199108.24,
                      "Plan Rows": 1773429,
                      "Plan Width": 4,
                      "Actual Startup Time": 18.947,
                      "Actual Total Time": 368.597,
                      "Actual Rows": 1491793,
                      "Actual Loops": 6,
                      "Filter": "(info_type_id > 6)",
                      "Rows Removed by Filter": 980827
                    },
                    {
                      "Node Type": "Hash",
                      "Parent Relationship": "Inner",
                      "Parallel Aware": true,
                      "Startup Cost": 92016.78,
                      "Total Cost": 92016.78,
                      "Plan Rows": 135775,
                      "Plan Width": 8,
                      "Actual Startup Time": 365.931,
                      "Actual Total Time": 366.302,
                      "Actual Rows": 158516,
                      "Actual Loops": 6,
                      "Hash Buckets": 1048576,
                      "Original Hash Buckets": 524288,
                      "Hash Batches": 1,
                      "Original Hash Batches": 1,
                      "Peak Memory Usage": 49600,
                      "Plans": [
                        {
                          "Node Type": "Hash Join",
                          "Parent Relationship": "Outer",
                          "Parallel Aware": true,
                          "Join Type": "Inner",
                          "Startup Cost": 48334.84,
                          "Total Cost": 92016.78,
                          "Plan Rows": 135775,
                          "Plan Width": 8,
                          "Actual Startup Time": 162.913,
                          "Actual Total Time": 299.994,
                          "Actual Rows": 158516,
                          "Actual Loops": 6,
                          "Inner Unique": true,
                          "Hash Cond": "(mk.movie_id = t.id)",
                          "Plans": [
                            {
                              "Node Type": "Seq Scan",
                              "Parent Relationship": "Outer",
                              "Parallel Aware": true,
                              "Relation Name": "movie_keyword",
                              "Alias": "mk",
                              "Startup Cost": 0.0,
                              "Total Cost": 42695.65,
                              "Plan Rows": 375730,
                              "Plan Width": 4,
                              "Actual Startup Time": 1.13,
                              "Actual Total Time": 85.469,
                              "Actual Rows": 195344,
                              "Actual Loops": 6,
                              "Filter": "(keyword_id > 15901)",
                              "Rows Removed by Filter": 558644
                            },
                            {
                              "Node Type": "Hash",
                              "Parent Relationship": "Inner",
                              "Parallel Aware": true,
                              "Startup Cost": 45479.59,
                              "Total Cost": 45479.59,
                              "Plan Rows": 228420,
                              "Plan Width": 4,
                              "Actual Startup Time": 160.232,
                              "Actual Total Time": 160.233,
                              "Actual Rows": 142475,
                              "Actual Loops": 6,
                              "Hash Buckets": 1048576,
                              "Original Hash Buckets": 1048576,
                              "Hash Batches": 1,
                              "Original Hash Batches": 1,
                              "Peak Memory Usage": 41792,
                              "Plans": [
                                {
                                  "Node Type": "Seq Scan",
                                  "Parent Relationship": "Outer",
                                  "Parallel Aware": true,
                                  "Relation Name": "title",
                                  "Alias": "t",
                                  "Startup Cost": 0.0,
                                  "Total Cost": 45479.59,
                                  "Plan Rows": 228420,
                                  "Plan Width": 4,
                                  "Actual Startup Time": 0.051,
                                  "Actual Total Time": 91.805,
                                  "Actual Rows": 142475,
                                  "Actual Loops": 6,
                                  "Filter": "((kind_id < 7) AND (production_year > 1932))",
                                  "Rows Removed by Filter": 278910
                                }
                              ]
                            }
                          ]
                        }
                      ]
                    }
                  ]
                }
              ]
            }
          ]
        }
      ]
    },
    "Planning Time": 0.616,
    "Triggers": [],
    "Execution Time": 2159.505
  }
]