[
  {
    "Plan": {
      "Node Type": "Aggregate",
      "Strategy": "Plain",
      "Partial Mode": "Finalize",
      "Parallel Aware": false,
      "Startup Cost": 391140.51,
      "Total Cost": 391140.52,
      "Plan Rows": 1,
      "Plan Width": 8,
      "Actual Startup Time": 1562.294,
      "Actual Total Time": 1592.928,
      "Actual Rows": 1,
      "Actual Loops": 1,
      "Plans": [
        {
          "Node Type": "Gather",
          "Parent Relationship": "Outer",
          "Parallel Aware": false,
          "Startup Cost": 391139.89,
          "Total Cost": 391140.5,
          "Plan Rows": 6,
          "Plan Width": 8,
          "Actual Startup Time": 1535.728,
          "Actual Total Time": 1592.915,
          "Actual Rows": 7,
          "Actual Loops": 1,
          "Workers Planned": 6,
          "Workers Launched": 6,
          "Single Copy": false,
          "Plans": [
            {
              "Node Type": "Aggregate",
              "Strategy": "Plain",
              "Partial Mode": "Partial",
              "Parent Relationship": "Outer",
              "Parallel Aware": false,
              "Startup Cost": 390139.89,
              "Total Cost": 390139.9,
              "Plan Rows": 1,
              "Plan Width": 8,
              "Actual Startup Time": 1510.631,
              "Actual Total Time": 1510.634,
              "Actual Rows": 1,
              "Actual Loops": 7,
              "Plans": [
                {
                  "Node Type": "Hash Join",
                  "Parent Relationship": "Outer",
                  "Parallel Aware": true,
                  "Join Type": "Inner",
                  "Startup Cost": 50990.51,
                  "Total Cost": 386675.72,
                  "Plan Rows": 1385666,
                  "Plan Width": 0,
                  "Actual Startup Time": 282.635,
                  "Actual Total Time": 1434.443,
                  "Actual Rows": 1386513,
                  "Actual Loops": 7,
                  "Inner Unique": true,
                  "Hash Cond": "(ci.movie_id = t.id)",
                  "Plans": [
                    {
                      "Node Type": "Index Scan",
                      "Parent Relationship": "Outer",
                      "Parallel Aware": true,
                      "Scan Direction": "Forward",
                      "Index Name": "role_id_cast_info",
                      "Relation Name": "cast_info",
                      "Alias": "ci",
                      "Startup Cost": 0.56,
                      "Total Cost": 331632.96,
                      "Plan Rows": 1543928,
                      "Plan Width": 4,
                      "Actual Startup Time": 0.321,
                      "Actual Total Time": 426.7,
                      "Actual Rows": 1464350,
                      "Actual Loops": 7,
                      "Index Cond": "(role_id > 3)",
                      "Rows Removed by Index Recheck": 0,
                      "Filter": "(person_id > 903101)",
                      "Rows Removed by Filter": 266170
                    },
                    {
                      "Node Type": "Hash",
                      "Parent Relationship": "Inner",
                      "Parallel Aware": true,
                      "Startup Cost": 43898.92,
                      "Total Cost": 43898.92,
                      "Plan Rows": 567282,
                      "Plan Width": 4,
                      "Actual Startup Time": 274.612,
                      "Actual Total Time": 274.613,
                      "Actual Rows": 323033,
                      "Actual Loops": 7,
                      "Hash Buckets": 4194304,
                      "Original Hash Buckets": 4194304,
                      "Hash Batches": 1,
                      "Original Hash Batches": 1,
                      "Peak Memory Usage": 121344,
                      "Plans": [
                        {
                          "Node Type": "Seq Scan",
                          "Parent Relationship": "Outer",
                          "Parallel Aware": true,
                          "Relation Name": "title",
                          "Alias": "t",
                          "Startup Cost": 0.0,
                          "Total Cost": 43898.92,
                          "Plan Rows": 567282,
                          "Plan Width": 4,
                          "Actual Startup Time": 0.05,
                          "Actual Total Time": 93.805,
                          "Actual Rows": 323033,
                          "Actual Loops": 7,
                          "Filter": "(production_year > 1954)",
                          "Rows Removed by Filter": 38155
                        }
                      ]
                    }
                  ]
                }
              ]
            }
          ]
        }
      ]
    },
    "Planning Time": 0.592,
    "Triggers": [],
    "Execution Time": 1593.01
  }
]