[
  {
    "Plan": {
      "Node Type": "Aggregate",
      "Strategy": "Plain",
      "Partial Mode": "Finalize",
      "Parallel Aware": false,
      "Startup Cost": 220089.69,
      "Total Cost": 220089.7,
      "Plan Rows": 1,
      "Plan Width": 8,
      "Actual Startup Time": 128.895,
      "Actual Total Time": 149.938,
      "Actual Rows": 1,
      "Actual Loops": 1,
      "Plans": [
        {
          "Node Type": "Gather",
          "Parent Relationship": "Outer",
          "Parallel Aware": false,
          "Startup Cost": 220089.27,
          "Total Cost": 220089.68,
          "Plan Rows": 4,
          "Plan Width": 8,
          "Actual Startup Time": 128.738,
          "Actual Total Time": 149.924,
          "Actual Rows": 5,
          "Actual Loops": 1,
          "Workers Planned": 4,
          "Workers Launched": 4,
          "Single Copy": false,
          "Plans": [
            {
              "Node Type": "Aggregate",
              "Strategy": "Plain",
              "Partial Mode": "Partial",
              "Parent Relationship": "Outer",
              "Parallel Aware": false,
              "Startup Cost": 219089.27,
              "Total Cost": 219089.28,
              "Plan Rows": 1,
              "Plan Width": 8,
              "Actual Startup Time": 122.081,
              "Actual Total Time": 122.083,
              "Actual Rows": 1,
              "Actual Loops": 5,
              "Plans": [
                {
                  "Node Type": "Nested Loop",
                  "Parent Relationship": "Outer",
                  "Parallel Aware": false,
                  "Join Type": "Inner",
                  "Startup Cost": 0.43,
                  "Total Cost": 219064.57,
                  "Plan Rows": 9878,
                  "Plan Width": 0,
                  "Actual Startup Time": 0.423,
                  "Actual Total Time": 121.073,
                  "Actual Rows": 13734,
                  "Actual Loops": 5,
                  "Inner Unique": false,
                  "Plans": [
                    {
                      "Node Type": "Seq Scan",
                      "Parent Relationship": "Outer",
                      "Parallel Aware": true,
                      "Relation Name": "title",
                      "Alias": "t",
                      "Startup Cost": 0.0,
                      "Total Cost": 45479.59,
                      "Plan Rows": 2599,
                      "Plan Width": 4,
                      "Actual Startup Time": 0.27,
                      "Actual Total Time": 66.866,
                      "Actual Rows": 1697,
                      "Actual Loops": 5,
                      "Filter": "((kind_id < 4) AND (production_year = 1994))",
                      "Rows Removed by Filter": 503966
                    },
                    {
                      "Node Type": "Index Scan",
                      "Parent Relationship": "Inner",
                      "Parallel Aware": false,
                      "Scan Direction": "Forward",
                      "Index Name": "movie_id_movie_info",
                      "Relation Name": "movie_info",
                      "Alias": "mi",
                      "Startup Cost": 0.43,
                      "Total Cost": 66.52,
                      "Plan Rows": 27,
                      "Plan Width": 4,
                      "Actual Startup Time": 0.011,
                      "Actual Total Time": 0.031,
                      "Actual Rows": 8,
                      "Actual Loops": 8484,
                      "Index Cond": "(movie_id = t.id)",
                      "Rows Removed by Index Recheck": 0,
                      "Filter": "(info_type_id < 16)",
                      "Rows Removed by Filter": 4
                    }
                  ]
                }
              ]
            }
          ]
        }
      ]
    },
    "Planning Time": 0.298,
    "Triggers": [],
    "Execution Time": 149.979
  }
]