[
  {
    "Plan": {
      "Node Type": "Aggregate",
      "Strategy": "Plain",
      "Partial Mode": "Finalize",
      "Parallel Aware": false,
      "Startup Cost": 33363.32,
      "Total Cost": 33363.33,
      "Plan Rows": 1,
      "Plan Width": 8,
      "Actual Startup Time": 94.389,
      "Actual Total Time": 103.067,
      "Actual Rows": 1,
      "Actual Loops": 1,
      "Plans": [
        {
          "Node Type": "Gather",
          "Parent Relationship": "Outer",
          "Parallel Aware": false,
          "Startup Cost": 33363.01,
          "Total Cost": 33363.32,
          "Plan Rows": 3,
          "Plan Width": 8,
          "Actual Startup Time": 94.254,
          "Actual Total Time": 103.058,
          "Actual Rows": 4,
          "Actual Loops": 1,
          "Workers Planned": 3,
          "Workers Launched": 3,
          "Single Copy": false,
          "Plans": [
            {
              "Node Type": "Aggregate",
              "Strategy": "Plain",
              "Partial Mode": "Partial",
              "Parent Relationship": "Outer",
              "Parallel Aware": false,
              "Startup Cost": 32363.01,
              "Total Cost": 32363.02,
              "Plan Rows": 1,
              "Plan Width": 8,
              "Actual Startup Time": 90.399,
              "Actual Total Time": 90.418,
              "Actual Rows": 1,
              "Actual Loops": 4,
              "Plans": [
                {
                  "Node Type": "Seq Scan",
                  "Parent Relationship": "Outer",
                  "Parallel Aware": true,
                  "Relation Name": "movie_companies",
                  "Alias": "mc",
                  "Startup Cost": 0.0,
                  "Total Cost": 31414.82,
                  "Plan Rows": 379275,
                  "Plan Width": 0,
                  "Actual Startup Time": 0.028,
                  "Actual Total Time": 77.026,
                  "Actual Rows": 279020,
                  "Actual Loops": 4,
                  "Filter": "((company_id > 57) AND (company_type_id = 1))",
                  "Rows Removed by Filter": 373262
                }
              ]
            }
          ]
        }
      ]
    },
    "Planning Time": 0.14,
    "Triggers": [],
    "Execution Time": 103.106
  }
]