{
    "Plan": {
        "Node Type": "Aggregate",
        "Strategy": "Plain",
        "Partial Mode": "Finalize",
        "Parallel Aware": false,
        "Startup Cost": 173999.6,
        "Total Cost": 173999.61,
        "Plan Rows": 1,
        "Plan Width": 8,
        "Actual Startup Time": 80.921,
        "Actual Total Time": 87.293,
        "Actual Rows": 1,
        "Actual Loops": 1,
        "Output": [
            "count(*)"
        ],
        "Plans": [
            {
                "Node Type": "Gather",
                "Parent Relationship": "Outer",
                "Parallel Aware": false,
                "Startup Cost": 173999.08,
                "Total Cost": 173999.59,
                "Plan Rows": 5,
                "Plan Width": 8,
                "Actual Startup Time": 80.707,
                "Actual Total Time": 87.286,
                "Actual Rows": 6,
                "Actual Loops": 1,
                "Output": [
                    "(PARTIAL count(*))"
                ],
                "Workers Planned": 5,
                "Workers Launched": 5,
                "Single Copy": false,
                "Plans": [
                    {
                        "Node Type": "Aggregate",
                        "Strategy": "Plain",
                        "Partial Mode": "Partial",
                        "Parent Relationship": "Outer",
                        "Parallel Aware": false,
                        "Startup Cost": 172999.08,
                        "Total Cost": 172999.09,
                        "Plan Rows": 1,
                        "Plan Width": 8,
                        "Actual Startup Time": 69.945,
                        "Actual Total Time": 69.947,
                        "Actual Rows": 1,
                        "Actual Loops": 6,
                        "Output": [
                            "PARTIAL count(*)"
                        ],
                        "Workers": [
                            {
                                "Worker Number": 0,
                                "Actual Startup Time": 67.379,
                                "Actual Total Time": 67.38,
                                "Actual Rows": 1,
                                "Actual Loops": 1
                            },
                            {
                                "Worker Number": 1,
                                "Actual Startup Time": 67.171,
                                "Actual Total Time": 67.173,
                                "Actual Rows": 1,
                                "Actual Loops": 1
                            },
                            {
                                "Worker Number": 2,
                                "Actual Startup Time": 66.61,
                                "Actual Total Time": 66.612,
                                "Actual Rows": 1,
                                "Actual Loops": 1
                            },
                            {
                                "Worker Number": 3,
                                "Actual Startup Time": 69.088,
                                "Actual Total Time": 69.09,
                                "Actual Rows": 1,
                                "Actual Loops": 1
                            },
                            {
                                "Worker Number": 4,
                                "Actual Startup Time": 69.531,
                                "Actual Total Time": 69.533,
                                "Actual Rows": 1,
                                "Actual Loops": 1
                            }
                        ],
                        "Plans": [
                            {
                                "Node Type": "Bitmap Heap Scan",
                                "Parent Relationship": "Outer",
                                "Parallel Aware": true,
                                "Relation Name": "movie_info",
                                "Schema": "public",
                                "Alias": "mi",
                                "Startup Cost": 9443.95,
                                "Total Cost": 172738.72,
                                "Plan Rows": 104142,
                                "Plan Width": 0,
                                "Actual Startup Time": 25.09,
                                "Actual Total Time": 63.134,
                                "Actual Rows": 90561,
                                "Actual Loops": 6,
                                "Recheck Cond": "(mi.info_type_id > 98)",
                                "Rows Removed by Index Recheck": 0,
                                "Exact Heap Blocks": 2193,
                                "Lossy Heap Blocks": 0,
                                "Workers": [
                                    {
                                        "Worker Number": 0,
                                        "Actual Startup Time": 22.486,
                                        "Actual Total Time": 60.553,
                                        "Actual Rows": 72494,
                                        "Actual Loops": 1
                                    },
                                    {
                                        "Worker Number": 1,
                                        "Actual Startup Time": 22.244,
                                        "Actual Total Time": 60.603,
                                        "Actual Rows": 69895,
                                        "Actual Loops": 1
                                    },
                                    {
                                        "Worker Number": 2,
                                        "Actual Startup Time": 21.938,
                                        "Actual Total Time": 60.103,
                                        "Actual Rows": 69803,
                                        "Actual Loops": 1
                                    },
                                    {
                                        "Worker Number": 3,
                                        "Actual Startup Time": 24.32,
                                        "Actual Total Time": 62.27,
                                        "Actual Rows": 72697,
                                        "Actual Loops": 1
                                    },
                                    {
                                        "Worker Number": 4,
                                        "Actual Startup Time": 24.799,
                                        "Actual Total Time": 62.658,
                                        "Actual Rows": 72809,
                                        "Actual Loops": 1
                                    }
                                ],
                                "Plans": [
                                    {
                                        "Node Type": "Bitmap Index Scan",
                                        "Parent Relationship": "Outer",
                                        "Parallel Aware": false,
                                        "Index Name": "info_type_id_movie_info",
                                        "Startup Cost": 0.0,
                                        "Total Cost": 9313.77,
                                        "Plan Rows": 520711,
                                        "Plan Width": 0,
                                        "Actual Startup Time": 33.953,
                                        "Actual Total Time": 33.954,
                                        "Actual Rows": 543367,
                                        "Actual Loops": 1,
                                        "Index Cond": "(mi.info_type_id > 98)"
                                    }
                                ]
                            }
                        ]
                    }
                ]
            }
        ]
    },
    "Planning Time": 1.525,
    "Triggers": [],
    "Execution Time": 87.515
}