{
  "Plan": {
    "Node Type": "Aggregate",
    "Strategy": "Plain",
    "Partial Mode": "Finalize",
    "Parallel Aware": false,
    "Startup Cost": 424273.82,
    "Total Cost": 424273.83,
    "Plan Rows": 1,
    "Plan Width": 8,
    "Actual Startup Time": 1538.16,
    "Actual Total Time": 1567.534,
    "Actual Rows": 1,
    "Actual Loops": 1,
    "Plans": [
      {
        "Node Type": "Gather",
        "Parent Relationship": "Outer",
        "Parallel Aware": false,
        "Startup Cost": 424273.71,
        "Total Cost": 424273.82,
        "Plan Rows": 1,
        "Plan Width": 8,
        "Actual Startup Time": 1530.778,
        "Actual Total Time": 1567.524,
        "Actual Rows": 2,
        "Actual Loops": 1,
        "Workers Planned": 1,
        "Workers Launched": 1,
        "Single Copy": false,
        "Plans": [
          {
            "Node Type": "Aggregate",
            "Strategy": "Plain",
            "Partial Mode": "Partial",
            "Parent Relationship": "Outer",
            "Parallel Aware": false,
            "Startup Cost": 423273.71,
            "Total Cost": 423273.72,
            "Plan Rows": 1,
            "Plan Width": 8,
            "Actual Startup Time": 1522.638,
            "Actual Total Time": 1523.68,
            "Actual Rows": 1,
            "Actual Loops": 2,
            "Plans": [
              {
                "Node Type": "Hash Join",
                "Parent Relationship": "Outer",
                "Parallel Aware": true,
                "Join Type": "Inner",
                "Startup Cost": 152316.51,
                "Total Cost": 422142.3,
                "Plan Rows": 452566,
                "Plan Width": 0,
                "Actual Startup Time": 1095.543,
                "Actual Total Time": 1482.141,
                "Actual Rows": 1022678,
                "Actual Loops": 2,
                "Inner Unique": false,
                "Hash Cond": "(ci.movie_id = t.id)",
                "Plans": [
                  {
                    "Node Type": "Bitmap Heap Scan",
                    "Parent Relationship": "Outer",
                    "Parallel Aware": true,
                    "Relation Name": "cast_info",
                    "Alias": "ci",
                    "Startup Cost": 33453.77,
                    "Total Cost": 297276.64,
                    "Plan Rows": 890869,
                    "Plan Width": 4,
                    "Actual Startup Time": 58.953,
                    "Actual Total Time": 141.781,
                    "Actual Rows": 783885,
                    "Actual Loops": 2,
                    "Recheck Cond": "(person_id < 156221)",
                    "Rows Removed by Index Recheck": 0,
                    "Exact Heap Blocks": 8308,
                    "Lossy Heap Blocks": 0,
                    "Plans": [
                      {
                        "Node Type": "Bitmap Index Scan",
                        "Parent Relationship": "Outer",
                        "Parallel Aware": false,
                        "Index Name": "person_id_cast_info",
                        "Startup Cost": 0.0,
                        "Total Cost": 33075.15,
                        "Plan Rows": 1514478,
                        "Plan Width": 0,
                        "Actual Startup Time": 56.446,
                        "Actual Total Time": 56.447,
                        "Actual Rows": 1567770,
                        "Actual Loops": 1,
                        "Index Cond": "(person_id < 156221)"
                      }
                    ]
                  },
                  {
                    "Node Type": "Hash",
                    "Parent Relationship": "Inner",
                    "Parallel Aware": true,
                    "Startup Cost": 109418.72,
                    "Total Cost": 109418.72,
                    "Plan Rows": 755522,
                    "Plan Width": 8,
                    "Actual Startup Time": 1021.7,
                    "Actual Total Time": 1022.739,
                    "Actual Rows": 637123,
                    "Actual Loops": 2,
                    "Hash Buckets": 2097152,
                    "Original Hash Buckets": 2097152,
                    "Hash Batches": 1,
                    "Original Hash Batches": 1,
                    "Peak Memory Usage": 66272,
                    "Plans": [
                      {
                        "Node Type": "Hash Join",
                        "Parent Relationship": "Outer",
                        "Parallel Aware": true,
                        "Join Type": "Inner",
                        "Startup Cost": 69460.7,
                        "Total Cost": 109418.72,
                        "Plan Rows": 755522,
                        "Plan Width": 8,
                        "Actual Startup Time": 542.22,
                        "Actual Total Time": 867.237,
                        "Actual Rows": 637123,
                        "Actual Loops": 2,
                        "Inner Unique": true,
                        "Hash Cond": "(mc.movie_id = t.id)",
                        "Plans": [
                          {
                            "Node Type": "Seq Scan",
                            "Parent Relationship": "Outer",
                            "Parallel Aware": true,
                            "Relation Name": "movie_companies",
                            "Alias": "mc",
                            "Startup Cost": 0.0,
                            "Total Cost": 37974.77,
                            "Plan Rows": 755522,
                            "Plan Width": 4,
                            "Actual Startup Time": 0.022,
                            "Actual Total Time": 120.527,
                            "Actual Rows": 637123,
                            "Actual Loops": 2,
                            "Filter": "(company_type_id = 1)",
                            "Rows Removed by Filter": 667442
                          },
                          {
                            "Node Type": "Hash",
                            "Parent Relationship": "Inner",
                            "Parallel Aware": true,
                            "Startup Cost": 50870.31,
                            "Total Cost": 50870.31,
                            "Plan Rows": 1487231,
                            "Plan Width": 4,
                            "Actual Startup Time": 528.396,
                            "Actual Total Time": 528.397,
                            "Actual Rows": 1264156,
                            "Actual Loops": 2,
                            "Hash Buckets": 4194304,
                            "Original Hash Buckets": 4194304,
                            "Hash Batches": 1,
                            "Original Hash Batches": 1,
                            "Peak Memory Usage": 131712,
                            "Plans": [
                              {
                                "Node Type": "Seq Scan",
                                "Parent Relationship": "Outer",
                                "Parallel Aware": true,
                                "Relation Name": "title",
                                "Alias": "t",
                                "Startup Cost": 0.0,
                                "Total Cost": 50870.31,
                                "Plan Rows": 1487231,
                                "Plan Width": 4,
                                "Actual Startup Time": 0.041,
                                "Actual Total Time": 156.393,
                                "Actual Rows": 1264156,
                                "Actual Loops": 2
                              }
                            ]
                          }
                        ]
                      }
                    ]
                  }
                ]
              }
            ]
          }
        ]
      }
    ]
  },
  "Planning Time": 0.856,
  "Triggers": [],
  "Execution Time": 1567.638
}