[
  {
    "Plan": {
      "Node Type": "Aggregate",
      "Strategy": "Plain",
      "Partial Mode": "Finalize",
      "Parallel Aware": false,
      "Startup Cost": 256438.7,
      "Total Cost": 256438.71,
      "Plan Rows": 1,
      "Plan Width": 8,
      "Actual Startup Time": 1133.476,
      "Actual Total Time": 1221.561,
      "Actual Rows": 1,
      "Actual Loops": 1,
      "Plans": [
        {
          "Node Type": "Gather",
          "Parent Relationship": "Outer",
          "Parallel Aware": false,
          "Startup Cost": 256438.28,
          "Total Cost": 256438.69,
          "Plan Rows": 4,
          "Plan Width": 8,
          "Actual Startup Time": 1131.301,
          "Actual Total Time": 1221.55,
          "Actual Rows": 5,
          "Actual Loops": 1,
          "Workers Planned": 4,
          "Workers Launched": 4,
          "Single Copy": false,
          "Plans": [
            {
              "Node Type": "Aggregate",
              "Strategy": "Plain",
              "Partial Mode": "Partial",
              "Parent Relationship": "Outer",
              "Parallel Aware": false,
              "Startup Cost": 255438.28,
              "Total Cost": 255438.29,
              "Plan Rows": 1,
              "Plan Width": 8,
              "Actual Startup Time": 1121.38,
              "Actual Total Time": 1121.383,
              "Actual Rows": 1,
              "Actual Loops": 5,
              "Plans": [
                {
                  "Node Type": "Nested Loop",
                  "Parent Relationship": "Outer",
                  "Parallel Aware": false,
                  "Join Type": "Inner",
                  "Startup Cost": 33501.88,
                  "Total Cost": 253268.49,
                  "Plan Rows": 867917,
                  "Plan Width": 0,
                  "Actual Startup Time": 143.603,
                  "Actual Total Time": 1086.021,
                  "Actual Rows": 768210,
                  "Actual Loops": 5,
                  "Inner Unique": false,
                  "Plans": [
                    {
                      "Node Type": "Hash Join",
                      "Parent Relationship": "Outer",
                      "Parallel Aware": true,
                      "Join Type": "Inner",
                      "Startup Cost": 33501.32,
                      "Total Cost": 79075.37,
                      "Plan Rows": 60570,
                      "Plan Width": 8,
                      "Actual Startup Time": 143.506,
                      "Actual Total Time": 214.971,
                      "Actual Rows": 26714,
                      "Actual Loops": 5,
                      "Inner Unique": false,
                      "Hash Cond": "(t.id = mc.movie_id)",
                      "Plans": [
                        {
                          "Node Type": "Seq Scan",
                          "Parent Relationship": "Outer",
                          "Parallel Aware": true,
                          "Relation Name": "title",
                          "Alias": "t",
                          "Startup Cost": 0.0,
                          "Total Cost": 43898.92,
                          "Plan Rows": 295950,
                          "Plan Width": 4,
                          "Actual Startup Time": 0.014,
                          "Actual Total Time": 73.096,
                          "Actual Rows": 239185,
                          "Actual Loops": 5,
                          "Filter": "(production_year < 2003)",
                          "Rows Removed by Filter": 266478
                        },
                        {
                          "Node Type": "Hash",
                          "Parent Relationship": "Inner",
                          "Parallel Aware": true,
                          "Startup Cost": 31414.82,
                          "Total Cost": 31414.82,
                          "Plan Rows": 166920,
                          "Plan Width": 4,
                          "Actual Startup Time": 77.91,
                          "Actual Total Time": 77.911,
                          "Actual Rows": 44457,
                          "Actual Loops": 5,
                          "Hash Buckets": 524288,
                          "Original Hash Buckets": 524288,
                          "Hash Batches": 1,
                          "Original Hash Batches": 1,
                          "Peak Memory Usage": 12896,
                          "Plans": [
                            {
                              "Node Type": "Seq Scan",
                              "Parent Relationship": "Outer",
                              "Parallel Aware": true,
                              "Relation Name": "movie_companies",
                              "Alias": "mc",
                              "Startup Cost": 0.0,
                              "Total Cost": 31414.82,
                              "Plan Rows": 166920,
                              "Plan Width": 4,
                              "Actual Startup Time": 19.422,
                              "Actual Total Time": 64.067,
                              "Actual Rows": 44457,
                              "Actual Loops": 5,
                              "Filter": "((company_id > 14715) AND (company_type_id < 2))",
                              "Rows Removed by Filter": 477369
                            }
                          ]
                        }
                      ]
                    },
                    {
                      "Node Type": "Index Only Scan",
                      "Parent Relationship": "Inner",
                      "Parallel Aware": false,
                      "Scan Direction": "Forward",
                      "Index Name": "movie_id_cast_info",
                      "Relation Name": "cast_info",
                      "Alias": "ci",
                      "Startup Cost": 0.56,
                      "Total Cost": 2.51,
                      "Plan Rows": 37,
                      "Plan Width": 4,
                      "Actual Startup Time": 0.005,
                      "Actual Total Time": 0.03,
                      "Actual Rows": 29,
                      "Actual Loops": 133570,
                      "Index Cond": "(movie_id = t.id)",
                      "Rows Removed by Index Recheck": 0,
                      "Heap Fetches": 3841049
                    }
                  ]
                }
              ]
            }
          ]
        }
      ]
    },
    "Planning Time": 1.39,
    "Triggers": [],
    "Execution Time": 1221.667
  }
]