[
  {
    "Plan": {
      "Node Type": "Aggregate",
      "Strategy": "Plain",
      "Partial Mode": "Finalize",
      "Parallel Aware": false,
      "Startup Cost": 73349.75,
      "Total Cost": 73349.76,
      "Plan Rows": 1,
      "Plan Width": 8,
      "Actual Startup Time": 182.479,
      "Actual Total Time": 197.532,
      "Actual Rows": 1,
      "Actual Loops": 1,
      "Plans": [
        {
          "Node Type": "Gather",
          "Parent Relationship": "Outer",
          "Parallel Aware": false,
          "Startup Cost": 73349.43,
          "Total Cost": 73349.74,
          "Plan Rows": 3,
          "Plan Width": 8,
          "Actual Startup Time": 181.036,
          "Actual Total Time": 197.523,
          "Actual Rows": 4,
          "Actual Loops": 1,
          "Workers Planned": 3,
          "Workers Launched": 3,
          "Single Copy": false,
          "Plans": [
            {
              "Node Type": "Aggregate",
              "Strategy": "Plain",
              "Partial Mode": "Partial",
              "Parent Relationship": "Outer",
              "Parallel Aware": false,
              "Startup Cost": 72349.43,
              "Total Cost": 72349.44,
              "Plan Rows": 1,
              "Plan Width": 8,
              "Actual Startup Time": 174.967,
              "Actual Total Time": 174.97,
              "Actual Rows": 1,
              "Actual Loops": 4,
              "Plans": [
                {
                  "Node Type": "Hash Join",
                  "Parent Relationship": "Outer",
                  "Parallel Aware": true,
                  "Join Type": "Inner",
                  "Startup Cost": 47279.83,
                  "Total Cost": 72345.56,
                  "Plan Rows": 1548,
                  "Plan Width": 0,
                  "Actual Startup Time": 151.811,
                  "Actual Total Time": 174.653,
                  "Actual Rows": 4070,
                  "Actual Loops": 4,
                  "Inner Unique": true,
                  "Hash Cond": "(mk.movie_id = t.id)",
                  "Plans": [
                    {
                      "Node Type": "Bitmap Heap Scan",
                      "Parent Relationship": "Outer",
                      "Parallel Aware": true,
                      "Relation Name": "movie_keyword",
                      "Alias": "mk",
                      "Startup Cost": 970.16,
                      "Total Cost": 25997.24,
                      "Plan Rows": 14723,
                      "Plan Width": 4,
                      "Actual Startup Time": 7.315,
                      "Actual Total Time": 25.808,
                      "Actual Rows": 11296,
                      "Actual Loops": 4,
                      "Recheck Cond": "(keyword_id > 101949)",
                      "Rows Removed by Index Recheck": 0,
                      "Exact Heap Blocks": 4773,
                      "Lossy Heap Blocks": 0,
                      "Plans": [
                        {
                          "Node Type": "Bitmap Index Scan",
                          "Parent Relationship": "Outer",
                          "Parallel Aware": false,
                          "Index Name": "keyword_id_movie_keyword",
                          "Startup Cost": 0.0,
                          "Total Cost": 958.75,
                          "Plan Rows": 45642,
                          "Plan Width": 0,
                          "Actual Startup Time": 4.784,
                          "Actual Total Time": 4.784,
                          "Actual Rows": 45186,
                          "Actual Loops": 1,
                          "Index Cond": "(keyword_id > 101949)"
                        }
                      ]
                    },
                    {
                      "Node Type": "Hash",
                      "Parent Relationship": "Inner",
                      "Parallel Aware": true,
                      "Startup Cost": 45479.1,
                      "Total Cost": 45479.1,
                      "Plan Rows": 66446,
                      "Plan Width": 4,
                      "Actual Startup Time": 141.699,
                      "Actual Total Time": 141.7,
                      "Actual Rows": 95653,
                      "Actual Loops": 4,
                      "Hash Buckets": 524288,
                      "Original Hash Buckets": 524288,
                      "Hash Batches": 1,
                      "Original Hash Batches": 1,
                      "Peak Memory Usage": 19136,
                      "Plans": [
                        {
                          "Node Type": "Seq Scan",
                          "Parent Relationship": "Outer",
                          "Parallel Aware": true,
                          "Relation Name": "title",
                          "Alias": "t",
                          "Startup Cost": 0.0,
                          "Total Cost": 45479.1,
                          "Plan Rows": 66446,
                          "Plan Width": 4,
                          "Actual Startup Time": 0.063,
                          "Actual Total Time": 105.646,
                          "Actual Rows": 95653,
                          "Actual Loops": 4,
                          "Filter": "((kind_id < 7) AND (production_year < 1990))",
                          "Rows Removed by Filter": 536425
                        }
                      ]
                    }
                  ]
                }
              ]
            }
          ]
        }
      ]
    },
    "Planning Time": 0.578,
    "Triggers": [],
    "Execution Time": 197.607
  }
]