[
    {
        "Bao": {
            "Bao prediction": 401.184,
            "Bao recommended hint": "(no hint)"
        }
    },
    {
        "Plan": {
            "Node Type": "Aggregate",
            "Strategy": "Plain",
            "Partial Mode": "Finalize",
            "Parallel Aware": false,
            "Startup Cost": 46483.64,
            "Total Cost": 46483.65,
            "Plan Rows": 1,
            "Plan Width": 8,
            "Actual Startup Time": 101.462,
            "Actual Total Time": 107.996,
            "Actual Rows": 1,
            "Actual Loops": 1,
            "Output": [
                "count(*)"
            ],
            "Plans": [
                {
                    "Node Type": "Gather",
                    "Parent Relationship": "Outer",
                    "Parallel Aware": false,
                    "Startup Cost": 46483.22,
                    "Total Cost": 46483.63,
                    "Plan Rows": 4,
                    "Plan Width": 8,
                    "Actual Startup Time": 101.326,
                    "Actual Total Time": 107.987,
                    "Actual Rows": 5,
                    "Actual Loops": 1,
                    "Output": [
                        "(PARTIAL count(*))"
                    ],
                    "Workers Planned": 4,
                    "Workers Launched": 4,
                    "Single Copy": false,
                    "Plans": [
                        {
                            "Node Type": "Aggregate",
                            "Strategy": "Plain",
                            "Partial Mode": "Partial",
                            "Parent Relationship": "Outer",
                            "Parallel Aware": false,
                            "Startup Cost": 45483.22,
                            "Total Cost": 45483.23,
                            "Plan Rows": 1,
                            "Plan Width": 8,
                            "Actual Startup Time": 93.022,
                            "Actual Total Time": 93.023,
                            "Actual Rows": 1,
                            "Actual Loops": 5,
                            "Output": [
                                "PARTIAL count(*)"
                            ],
                            "Workers": [
                                {
                                    "Worker Number": 0,
                                    "Actual Startup Time": 90.944,
                                    "Actual Total Time": 90.944,
                                    "Actual Rows": 1,
                                    "Actual Loops": 1
                                },
                                {
                                    "Worker Number": 1,
                                    "Actual Startup Time": 91.158,
                                    "Actual Total Time": 91.159,
                                    "Actual Rows": 1,
                                    "Actual Loops": 1
                                },
                                {
                                    "Worker Number": 2,
                                    "Actual Startup Time": 91.166,
                                    "Actual Total Time": 91.167,
                                    "Actual Rows": 1,
                                    "Actual Loops": 1
                                },
                                {
                                    "Worker Number": 3,
                                    "Actual Startup Time": 91.197,
                                    "Actual Total Time": 91.199,
                                    "Actual Rows": 1,
                                    "Actual Loops": 1
                                }
                            ],
                            "Plans": [
                                {
                                    "Node Type": "Seq Scan",
                                    "Parent Relationship": "Outer",
                                    "Parallel Aware": true,
                                    "Relation Name": "title",
                                    "Schema": "public",
                                    "Alias": "t",
                                    "Startup Cost": 0.0,
                                    "Total Cost": 45479.21,
                                    "Plan Rows": 1606,
                                    "Plan Width": 0,
                                    "Actual Startup Time": 62.114,
                                    "Actual Total Time": 92.85,
                                    "Actual Rows": 1092,
                                    "Actual Loops": 5,
                                    "Output": [
                                        "id",
                                        "title",
                                        "imdb_index",
                                        "kind_id",
                                        "production_year",
                                        "imdb_id",
                                        "phonetic_code",
                                        "episode_of_id",
                                        "season_nr",
                                        "episode_nr",
                                        "series_years",
                                        "md5sum"
                                    ],
                                    "Filter": "((t.kind_id = 1) AND (t.production_year = 1990))",
                                    "Rows Removed by Filter": 504570,
                                    "Workers": [
                                        {
                                            "Worker Number": 0,
                                            "Actual Startup Time": 60.007,
                                            "Actual Total Time": 90.765,
                                            "Actual Rows": 957,
                                            "Actual Loops": 1
                                        },
                                        {
                                            "Worker Number": 1,
                                            "Actual Startup Time": 60.283,
                                            "Actual Total Time": 90.974,
                                            "Actual Rows": 981,
                                            "Actual Loops": 1
                                        },
                                        {
                                            "Worker Number": 2,
                                            "Actual Startup Time": 60.304,
                                            "Actual Total Time": 90.977,
                                            "Actual Rows": 1047,
                                            "Actual Loops": 1
                                        },
                                        {
                                            "Worker Number": 3,
                                            "Actual Startup Time": 60.292,
                                            "Actual Total Time": 91.015,
                                            "Actual Rows": 994,
                                            "Actual Loops": 1
                                        }
                                    ]
                                }
                            ]
                        }
                    ]
                }
            ]
        },
        "Planning Time": 704.414,
        "Triggers": [],
        "Execution Time": 108.081
    }
]