[
  {
    "Plan": {
      "Node Type": "Aggregate",
      "Strategy": "Plain",
      "Partial Mode": "Finalize",
      "Parallel Aware": false,
      "Startup Cost": 78934.43,
      "Total Cost": 78934.44,
      "Plan Rows": 1,
      "Plan Width": 8,
      "Actual Startup Time": 222.853,
      "Actual Total Time": 240.028,
      "Actual Rows": 1,
      "Actual Loops": 1,
      "Plans": [
        {
          "Node Type": "Gather",
          "Parent Relationship": "Outer",
          "Parallel Aware": false,
          "Startup Cost": 78934.11,
          "Total Cost": 78934.42,
          "Plan Rows": 3,
          "Plan Width": 8,
          "Actual Startup Time": 221.955,
          "Actual Total Time": 240.021,
          "Actual Rows": 4,
          "Actual Loops": 1,
          "Workers Planned": 3,
          "Workers Launched": 3,
          "Single Copy": false,
          "Plans": [
            {
              "Node Type": "Aggregate",
              "Strategy": "Plain",
              "Partial Mode": "Partial",
              "Parent Relationship": "Outer",
              "Parallel Aware": false,
              "Startup Cost": 77934.11,
              "Total Cost": 77934.12,
              "Plan Rows": 1,
              "Plan Width": 8,
              "Actual Startup Time": 217.754,
              "Actual Total Time": 217.758,
              "Actual Rows": 1,
              "Actual Loops": 4,
              "Plans": [
                {
                  "Node Type": "Hash Join",
                  "Parent Relationship": "Outer",
                  "Parallel Aware": true,
                  "Join Type": "Inner",
                  "Startup Cost": 45849.15,
                  "Total Cost": 77905.53,
                  "Plan Rows": 11431,
                  "Plan Width": 0,
                  "Actual Startup Time": 152.257,
                  "Actual Total Time": 217.418,
                  "Actual Rows": 6330,
                  "Actual Loops": 4,
                  "Inner Unique": true,
                  "Hash Cond": "(mc.movie_id = t.id)",
                  "Plans": [
                    {
                      "Node Type": "Seq Scan",
                      "Parent Relationship": "Outer",
                      "Parallel Aware": true,
                      "Relation Name": "movie_companies",
                      "Alias": "mc",
                      "Startup Cost": 0.0,
                      "Total Cost": 31414.82,
                      "Plan Rows": 244407,
                      "Plan Width": 4,
                      "Actual Startup Time": 33.312,
                      "Actual Total Time": 68.34,
                      "Actual Rows": 241690,
                      "Actual Loops": 4,
                      "Filter": "((company_id > 8363) AND (company_type_id > 1))",
                      "Rows Removed by Filter": 410592
                    },
                    {
                      "Node Type": "Hash",
                      "Parent Relationship": "Inner",
                      "Parallel Aware": true,
                      "Startup Cost": 45479.59,
                      "Total Cost": 45479.59,
                      "Plan Rows": 29565,
                      "Plan Width": 4,
                      "Actual Startup Time": 117.914,
                      "Actual Total Time": 117.915,
                      "Actual Rows": 31187,
                      "Actual Loops": 4,
                      "Hash Buckets": 131072,
                      "Original Hash Buckets": 131072,
                      "Hash Batches": 1,
                      "Original Hash Batches": 1,
                      "Peak Memory Usage": 5984,
                      "Plans": [
                        {
                          "Node Type": "Seq Scan",
                          "Parent Relationship": "Outer",
                          "Parallel Aware": true,
                          "Relation Name": "title",
                          "Alias": "t",
                          "Startup Cost": 0.0,
                          "Total Cost": 45479.59,
                          "Plan Rows": 29565,
                          "Plan Width": 4,
                          "Actual Startup Time": 0.019,
                          "Actual Total Time": 105.842,
                          "Actual Rows": 31187,
                          "Actual Loops": 4,
                          "Filter": "((kind_id > 1) AND (production_year = 2012))",
                          "Rows Removed by Filter": 600891
                        }
                      ]
                    }
                  ]
                }
              ]
            }
          ]
        }
      ]
    },
    "Planning Time": 0.312,
    "Triggers": [],
    "Execution Time": 240.066
  }
]