[
  {
    "Plan": {
      "Node Type": "Aggregate",
      "Strategy": "Plain",
      "Partial Mode": "Finalize",
      "Parallel Aware": false,
      "Startup Cost": 78926.98,
      "Total Cost": 78926.99,
      "Plan Rows": 1,
      "Plan Width": 8,
      "Actual Startup Time": 253.794,
      "Actual Total Time": 272.372,
      "Actual Rows": 1,
      "Actual Loops": 1,
      "Plans": [
        {
          "Node Type": "Gather",
          "Parent Relationship": "Outer",
          "Parallel Aware": false,
          "Startup Cost": 78926.67,
          "Total Cost": 78926.98,
          "Plan Rows": 3,
          "Plan Width": 8,
          "Actual Startup Time": 253.271,
          "Actual Total Time": 272.36,
          "Actual Rows": 4,
          "Actual Loops": 1,
          "Workers Planned": 3,
          "Workers Launched": 3,
          "Single Copy": false,
          "Plans": [
            {
              "Node Type": "Aggregate",
              "Strategy": "Plain",
              "Partial Mode": "Partial",
              "Parent Relationship": "Outer",
              "Parallel Aware": false,
              "Startup Cost": 77926.67,
              "Total Cost": 77926.68,
              "Plan Rows": 1,
              "Plan Width": 8,
              "Actual Startup Time": 241.341,
              "Actual Total Time": 241.345,
              "Actual Rows": 1,
              "Actual Loops": 4,
              "Plans": [
                {
                  "Node Type": "Hash Join",
                  "Parent Relationship": "Outer",
                  "Parallel Aware": true,
                  "Join Type": "Inner",
                  "Startup Cost": 45850.16,
                  "Total Cost": 77898.34,
                  "Plan Rows": 11332,
                  "Plan Width": 0,
                  "Actual Startup Time": 162.252,
                  "Actual Total Time": 240.914,
                  "Actual Rows": 6330,
                  "Actual Loops": 4,
                  "Inner Unique": true,
                  "Hash Cond": "(mc.movie_id = t.id)",
                  "Plans": [
                    {
                      "Node Type": "Seq Scan",
                      "Parent Relationship": "Outer",
                      "Parallel Aware": true,
                      "Relation Name": "movie_companies",
                      "Alias": "mc",
                      "Startup Cost": 0.0,
                      "Total Cost": 31414.82,
                      "Plan Rows": 241279,
                      "Plan Width": 4,
                      "Actual Startup Time": 36.252,
                      "Actual Total Time": 78.36,
                      "Actual Rows": 241690,
                      "Actual Loops": 4,
                      "Filter": "((company_id > 8363) AND (company_type_id > 1))",
                      "Rows Removed by Filter": 410592
                    },
                    {
                      "Node Type": "Hash",
                      "Parent Relationship": "Inner",
                      "Parallel Aware": true,
                      "Startup Cost": 45479.1,
                      "Total Cost": 45479.1,
                      "Plan Rows": 29685,
                      "Plan Width": 4,
                      "Actual Startup Time": 124.603,
                      "Actual Total Time": 124.604,
                      "Actual Rows": 31187,
                      "Actual Loops": 4,
                      "Hash Buckets": 131072,
                      "Original Hash Buckets": 131072,
                      "Hash Batches": 1,
                      "Original Hash Batches": 1,
                      "Peak Memory Usage": 5952,
                      "Plans": [
                        {
                          "Node Type": "Seq Scan",
                          "Parent Relationship": "Outer",
                          "Parallel Aware": true,
                          "Relation Name": "title",
                          "Alias": "t",
                          "Startup Cost": 0.0,
                          "Total Cost": 45479.1,
                          "Plan Rows": 29685,
                          "Plan Width": 4,
                          "Actual Startup Time": 0.045,
                          "Actual Total Time": 110.735,
                          "Actual Rows": 31187,
                          "Actual Loops": 4,
                          "Filter": "((kind_id > 1) AND (production_year = 2012))",
                          "Rows Removed by Filter": 600891
                        }
                      ]
                    }
                  ]
                }
              ]
            }
          ]
        }
      ]
    },
    "Planning Time": 0.689,
    "Triggers": [],
    "Execution Time": 272.445
  }
]