[
    {
        "Bao": {
            "Bao prediction": "NaN",
            "Bao recommended hint": "(no hint)"
        }
    },
    {
        "Plan": {
            "Node Type": "Aggregate",
            "Strategy": "Plain",
            "Partial Mode": "Finalize",
            "Parallel Aware": false,
            "Startup Cost": 47102.4,
            "Total Cost": 47102.41,
            "Plan Rows": 1,
            "Plan Width": 8,
            "Actual Startup Time": 86.758,
            "Actual Total Time": 92.218,
            "Actual Rows": 1,
            "Actual Loops": 1,
            "Output": [
                "count(*)"
            ],
            "Plans": [
                {
                    "Node Type": "Gather",
                    "Parent Relationship": "Outer",
                    "Parallel Aware": false,
                    "Startup Cost": 47101.98,
                    "Total Cost": 47102.39,
                    "Plan Rows": 4,
                    "Plan Width": 8,
                    "Actual Startup Time": 86.681,
                    "Actual Total Time": 92.209,
                    "Actual Rows": 5,
                    "Actual Loops": 1,
                    "Output": [
                        "(PARTIAL count(*))"
                    ],
                    "Workers Planned": 4,
                    "Workers Launched": 4,
                    "Single Copy": false,
                    "Plans": [
                        {
                            "Node Type": "Aggregate",
                            "Strategy": "Plain",
                            "Partial Mode": "Partial",
                            "Parent Relationship": "Outer",
                            "Parallel Aware": false,
                            "Startup Cost": 46101.98,
                            "Total Cost": 46101.99,
                            "Plan Rows": 1,
                            "Plan Width": 8,
                            "Actual Startup Time": 77.194,
                            "Actual Total Time": 77.195,
                            "Actual Rows": 1,
                            "Actual Loops": 5,
                            "Output": [
                                "PARTIAL count(*)"
                            ],
                            "Workers": [
                                {
                                    "Worker Number": 0,
                                    "Actual Startup Time": 74.546,
                                    "Actual Total Time": 74.548,
                                    "Actual Rows": 1,
                                    "Actual Loops": 1
                                },
                                {
                                    "Worker Number": 1,
                                    "Actual Startup Time": 74.829,
                                    "Actual Total Time": 74.831,
                                    "Actual Rows": 1,
                                    "Actual Loops": 1
                                },
                                {
                                    "Worker Number": 2,
                                    "Actual Startup Time": 75.178,
                                    "Actual Total Time": 75.179,
                                    "Actual Rows": 1,
                                    "Actual Loops": 1
                                },
                                {
                                    "Worker Number": 3,
                                    "Actual Startup Time": 75.484,
                                    "Actual Total Time": 75.485,
                                    "Actual Rows": 1,
                                    "Actual Loops": 1
                                }
                            ],
                            "Plans": [
                                {
                                    "Node Type": "Index Scan",
                                    "Parent Relationship": "Outer",
                                    "Parallel Aware": true,
                                    "Scan Direction": "Forward",
                                    "Index Name": "role_id_cast_info",
                                    "Relation Name": "cast_info",
                                    "Schema": "public",
                                    "Alias": "ci",
                                    "Startup Cost": 0.56,
                                    "Total Cost": 45790.64,
                                    "Plan Rows": 124536,
                                    "Plan Width": 0,
                                    "Actual Startup Time": 0.134,
                                    "Actual Total Time": 70.997,
                                    "Actual Rows": 98582,
                                    "Actual Loops": 5,
                                    "Output": [
                                        "id",
                                        "person_id",
                                        "movie_id",
                                        "person_role_id",
                                        "note",
                                        "nr_order",
                                        "role_id"
                                    ],
                                    "Index Cond": "(ci.role_id = 8)",
                                    "Rows Removed by Index Recheck": 0,
                                    "Filter": "(ci.person_id < 1083698)",
                                    "Rows Removed by Filter": 242127,
                                    "Workers": [
                                        {
                                            "Worker Number": 0,
                                            "Actual Startup Time": 0.122,
                                            "Actual Total Time": 68.876,
                                            "Actual Rows": 87991,
                                            "Actual Loops": 1
                                        },
                                        {
                                            "Worker Number": 1,
                                            "Actual Startup Time": 0.18,
                                            "Actual Total Time": 68.99,
                                            "Actual Rows": 87295,
                                            "Actual Loops": 1
                                        },
                                        {
                                            "Worker Number": 2,
                                            "Actual Startup Time": 0.141,
                                            "Actual Total Time": 69.438,
                                            "Actual Rows": 90837,
                                            "Actual Loops": 1
                                        },
                                        {
                                            "Worker Number": 3,
                                            "Actual Startup Time": 0.158,
                                            "Actual Total Time": 69.651,
                                            "Actual Rows": 84432,
                                            "Actual Loops": 1
                                        }
                                    ]
                                }
                            ]
                        }
                    ]
                }
            ]
        },
        "Planning Time": 231.137,
        "Triggers": [],
        "Execution Time": 92.308
    }
]