[
  {
    "Plan": {
      "Node Type": "Aggregate",
      "Strategy": "Plain",
      "Partial Mode": "Finalize",
      "Parallel Aware": false,
      "Startup Cost": 81511.56,
      "Total Cost": 81511.57,
      "Plan Rows": 1,
      "Plan Width": 8,
      "Actual Startup Time": 399.584,
      "Actual Total Time": 413.992,
      "Actual Rows": 1,
      "Actual Loops": 1,
      "Plans": [
        {
          "Node Type": "Gather",
          "Parent Relationship": "Outer",
          "Parallel Aware": false,
          "Startup Cost": 81511.24,
          "Total Cost": 81511.55,
          "Plan Rows": 3,
          "Plan Width": 8,
          "Actual Startup Time": 392.023,
          "Actual Total Time": 413.977,
          "Actual Rows": 4,
          "Actual Loops": 1,
          "Workers Planned": 3,
          "Workers Launched": 3,
          "Single Copy": false,
          "Plans": [
            {
              "Node Type": "Aggregate",
              "Strategy": "Plain",
              "Partial Mode": "Partial",
              "Parent Relationship": "Outer",
              "Parallel Aware": false,
              "Startup Cost": 80511.24,
              "Total Cost": 80511.25,
              "Plan Rows": 1,
              "Plan Width": 8,
              "Actual Startup Time": 383.73,
              "Actual Total Time": 383.735,
              "Actual Rows": 1,
              "Actual Loops": 4,
              "Plans": [
                {
                  "Node Type": "Hash Join",
                  "Parent Relationship": "Outer",
                  "Parallel Aware": true,
                  "Join Type": "Inner",
                  "Startup Cost": 47854.6,
                  "Total Cost": 80110.34,
                  "Plan Rows": 160363,
                  "Plan Width": 0,
                  "Actual Startup Time": 254.711,
                  "Actual Total Time": 379.897,
                  "Actual Rows": 82050,
                  "Actual Loops": 4,
                  "Inner Unique": true,
                  "Hash Cond": "(mc.movie_id = t.id)",
                  "Plans": [
                    {
                      "Node Type": "Seq Scan",
                      "Parent Relationship": "Outer",
                      "Parallel Aware": true,
                      "Relation Name": "movie_companies",
                      "Alias": "mc",
                      "Startup Cost": 0.0,
                      "Total Cost": 31414.82,
                      "Plan Rows": 320351,
                      "Plan Width": 4,
                      "Actual Startup Time": 0.136,
                      "Actual Total Time": 69.729,
                      "Actual Rows": 214469,
                      "Actual Loops": 4,
                      "Filter": "((company_id > 604) AND (company_type_id < 2))",
                      "Rows Removed by Filter": 437813
                    },
                    {
                      "Node Type": "Hash",
                      "Parent Relationship": "Inner",
                      "Parallel Aware": true,
                      "Startup Cost": 43899.32,
                      "Total Cost": 43899.32,
                      "Plan Rows": 316422,
                      "Plan Width": 4,
                      "Actual Startup Time": 248.509,
                      "Actual Total Time": 248.51,
                      "Actual Rows": 315074,
                      "Actual Loops": 4,
                      "Hash Buckets": 2097152,
                      "Original Hash Buckets": 2097152,
                      "Hash Batches": 1,
                      "Original Hash Batches": 1,
                      "Peak Memory Usage": 65728,
                      "Plans": [
                        {
                          "Node Type": "Seq Scan",
                          "Parent Relationship": "Outer",
                          "Parallel Aware": true,
                          "Relation Name": "title",
                          "Alias": "t",
                          "Startup Cost": 0.0,
                          "Total Cost": 43899.32,
                          "Plan Rows": 316422,
                          "Plan Width": 4,
                          "Actual Startup Time": 0.045,
                          "Actual Total Time": 116.198,
                          "Actual Rows": 315074,
                          "Actual Loops": 4,
                          "Filter": "(production_year > 2002)",
                          "Rows Removed by Filter": 317004
                        }
                      ]
                    }
                  ]
                }
              ]
            }
          ]
        }
      ]
    },
    "Planning Time": 0.273,
    "Triggers": [],
    "Execution Time": 414.031
  }
]