[
  {
    "Plan": {
      "Node Type": "Aggregate",
      "Strategy": "Plain",
      "Partial Mode": "Finalize",
      "Parallel Aware": false,
      "Startup Cost": 44786.05,
      "Total Cost": 44786.06,
      "Plan Rows": 1,
      "Plan Width": 8,
      "Actual Startup Time": 142.262,
      "Actual Total Time": 151.607,
      "Actual Rows": 1,
      "Actual Loops": 1,
      "Plans": [
        {
          "Node Type": "Gather",
          "Parent Relationship": "Outer",
          "Parallel Aware": false,
          "Startup Cost": 44785.73,
          "Total Cost": 44786.04,
          "Plan Rows": 3,
          "Plan Width": 8,
          "Actual Startup Time": 142.151,
          "Actual Total Time": 151.599,
          "Actual Rows": 4,
          "Actual Loops": 1,
          "Workers Planned": 3,
          "Workers Launched": 3,
          "Single Copy": false,
          "Plans": [
            {
              "Node Type": "Aggregate",
              "Strategy": "Plain",
              "Partial Mode": "Partial",
              "Parent Relationship": "Outer",
              "Parallel Aware": false,
              "Startup Cost": 43785.73,
              "Total Cost": 43785.74,
              "Plan Rows": 1,
              "Plan Width": 8,
              "Actual Startup Time": 134.063,
              "Actual Total Time": 134.064,
              "Actual Rows": 1,
              "Actual Loops": 4,
              "Plans": [
                {
                  "Node Type": "Seq Scan",
                  "Parent Relationship": "Outer",
                  "Parallel Aware": true,
                  "Relation Name": "movie_keyword",
                  "Alias": "mk",
                  "Startup Cost": 0.0,
                  "Total Cost": 42695.65,
                  "Plan Rows": 436030,
                  "Plan Width": 0,
                  "Actual Startup Time": 0.062,
                  "Actual Total Time": 115.422,
                  "Actual Rows": 341580,
                  "Actual Loops": 4,
                  "Filter": "(keyword_id < 1792)",
                  "Rows Removed by Filter": 789402
                }
              ]
            }
          ]
        }
      ]
    },
    "Planning Time": 0.217,
    "Triggers": [],
    "Execution Time": 151.665
  }
]