[
  {
    "Plan": {
      "Node Type": "Aggregate",
      "Strategy": "Plain",
      "Partial Mode": "Finalize",
      "Parallel Aware": false,
      "Startup Cost": 291271.12,
      "Total Cost": 291271.13,
      "Plan Rows": 1,
      "Plan Width": 8,
      "Actual Startup Time": 2011.037,
      "Actual Total Time": 2062.056,
      "Actual Rows": 1,
      "Actual Loops": 1,
      "Plans": [
        {
          "Node Type": "Gather",
          "Parent Relationship": "Outer",
          "Parallel Aware": false,
          "Startup Cost": 291270.6,
          "Total Cost": 291271.11,
          "Plan Rows": 5,
          "Plan Width": 8,
          "Actual Startup Time": 1998.253,
          "Actual Total Time": 2062.044,
          "Actual Rows": 6,
          "Actual Loops": 1,
          "Workers Planned": 5,
          "Workers Launched": 5,
          "Single Copy": false,
          "Plans": [
            {
              "Node Type": "Aggregate",
              "Strategy": "Plain",
              "Partial Mode": "Partial",
              "Parent Relationship": "Outer",
              "Parallel Aware": false,
              "Startup Cost": 290270.6,
              "Total Cost": 290270.61,
              "Plan Rows": 1,
              "Plan Width": 8,
              "Actual Startup Time": 1984.82,
              "Actual Total Time": 1985.253,
              "Actual Rows": 1,
              "Actual Loops": 6,
              "Plans": [
                {
                  "Node Type": "Hash Join",
                  "Parent Relationship": "Outer",
                  "Parallel Aware": true,
                  "Join Type": "Inner",
                  "Startup Cost": 83080.25,
                  "Total Cost": 287999.46,
                  "Plan Rows": 908455,
                  "Plan Width": 0,
                  "Actual Startup Time": 499.192,
                  "Actual Total Time": 1834.412,
                  "Actual Rows": 2504125,
                  "Actual Loops": 6,
                  "Inner Unique": false,
                  "Hash Cond": "(mi.movie_id = t.id)",
                  "Plans": [
                    {
                      "Node Type": "Seq Scan",
                      "Parent Relationship": "Outer",
                      "Parallel Aware": true,
                      "Relation Name": "movie_info",
                      "Alias": "mi",
                      "Startup Cost": 0.0,
                      "Total Cost": 191560.33,
                      "Plan Rows": 2956733,
                      "Plan Width": 4,
                      "Actual Startup Time": 0.021,
                      "Actual Total Time": 384.963,
                      "Actual Rows": 2472620,
                      "Actual Loops": 6
                    },
                    {
                      "Node Type": "Hash",
                      "Parent Relationship": "Inner",
                      "Parallel Aware": true,
                      "Startup Cost": 80652.7,
                      "Total Cost": 80652.7,
                      "Plan Rows": 194204,
                      "Plan Width": 8,
                      "Actual Startup Time": 493.636,
                      "Actual Total Time": 494.067,
                      "Actual Rows": 166415,
                      "Actual Loops": 6,
                      "Hash Buckets": 1048576,
                      "Original Hash Buckets": 1048576,
                      "Hash Batches": 1,
                      "Original Hash Batches": 1,
                      "Peak Memory Usage": 47360,
                      "Plans": [
                        {
                          "Node Type": "Hash Join",
                          "Parent Relationship": "Outer",
                          "Parallel Aware": true,
                          "Join Type": "Inner",
                          "Startup Cost": 34547.14,
                          "Total Cost": 80652.7,
                          "Plan Rows": 194204,
                          "Plan Width": 8,
                          "Actual Startup Time": 161.717,
                          "Actual Total Time": 419.467,
                          "Actual Rows": 166415,
                          "Actual Loops": 6,
                          "Inner Unique": false,
                          "Hash Cond": "(t.id = mc.movie_id)",
                          "Plans": [
                            {
                              "Node Type": "Seq Scan",
                              "Parent Relationship": "Outer",
                              "Parallel Aware": true,
                              "Relation Name": "title",
                              "Alias": "t",
                              "Startup Cost": 0.0,
                              "Total Cost": 42318.73,
                              "Plan Rows": 632073,
                              "Plan Width": 4,
                              "Actual Startup Time": 0.018,
                              "Actual Total Time": 75.862,
                              "Actual Rows": 421385,
                              "Actual Loops": 6
                            },
                            {
                              "Node Type": "Hash",
                              "Parent Relationship": "Inner",
                              "Parallel Aware": true,
                              "Startup Cost": 31414.82,
                              "Total Cost": 31414.82,
                              "Plan Rows": 250586,
                              "Plan Width": 4,
                              "Actual Startup Time": 159.825,
                              "Actual Total Time": 159.826,
                              "Actual Rows": 166415,
                              "Actual Loops": 6,
                              "Hash Buckets": 1048576,
                              "Original Hash Buckets": 1048576,
                              "Hash Batches": 1,
                              "Original Hash Batches": 1,
                              "Peak Memory Usage": 47328,
                              "Plans": [
                                {
                                  "Node Type": "Seq Scan",
                                  "Parent Relationship": "Outer",
                                  "Parallel Aware": true,
                                  "Relation Name": "movie_companies",
                                  "Alias": "mc",
                                  "Startup Cost": 0.0,
                                  "Total Cost": 31414.82,
                                  "Plan Rows": 250586,
                                  "Plan Width": 4,
                                  "Actual Startup Time": 45.386,
                                  "Actual Total Time": 84.476,
                                  "Actual Rows": 166415,
                                  "Actual Loops": 6,
                                  "Filter": "((company_id > 6857) AND (company_type_id = 2))",
                                  "Rows Removed by Filter": 268440
                                }
                              ]
                            }
                          ]
                        }
                      ]
                    }
                  ]
                }
              ]
            }
          ]
        }
      ]
    },
    "Planning Time": 1.425,
    "Triggers": [],
    "Execution Time": 2062.147
  }
]