[
  {
    "Plan": {
      "Node Type": "Aggregate",
      "Strategy": "Plain",
      "Partial Mode": "Finalize",
      "Parallel Aware": false,
      "Startup Cost": 39707.21,
      "Total Cost": 39707.22,
      "Plan Rows": 1,
      "Plan Width": 8,
      "Actual Startup Time": 42.955,
      "Actual Total Time": 48.48,
      "Actual Rows": 1,
      "Actual Loops": 1,
      "Plans": [
        {
          "Node Type": "Gather",
          "Parent Relationship": "Outer",
          "Parallel Aware": false,
          "Startup Cost": 39706.79,
          "Total Cost": 39707.2,
          "Plan Rows": 4,
          "Plan Width": 8,
          "Actual Startup Time": 42.692,
          "Actual Total Time": 48.474,
          "Actual Rows": 5,
          "Actual Loops": 1,
          "Workers Planned": 4,
          "Workers Launched": 4,
          "Single Copy": false,
          "Plans": [
            {
              "Node Type": "Aggregate",
              "Strategy": "Plain",
              "Partial Mode": "Partial",
              "Parent Relationship": "Outer",
              "Parallel Aware": false,
              "Startup Cost": 38706.79,
              "Total Cost": 38706.8,
              "Plan Rows": 1,
              "Plan Width": 8,
              "Actual Startup Time": 35.869,
              "Actual Total Time": 35.87,
              "Actual Rows": 1,
              "Actual Loops": 5,
              "Plans": [
                {
                  "Node Type": "Bitmap Heap Scan",
                  "Parent Relationship": "Outer",
                  "Parallel Aware": true,
                  "Relation Name": "title",
                  "Alias": "t",
                  "Startup Cost": 2191.89,
                  "Total Cost": 38645.32,
                  "Plan Rows": 24588,
                  "Plan Width": 0,
                  "Actual Startup Time": 4.375,
                  "Actual Total Time": 34.251,
                  "Actual Rows": 23579,
                  "Actual Loops": 5,
                  "Recheck Cond": "(kind_id = 4)",
                  "Rows Removed by Index Recheck": 0,
                  "Filter": "(production_year > 1973)",
                  "Rows Removed by Filter": 68,
                  "Exact Heap Blocks": 5726,
                  "Lossy Heap Blocks": 0,
                  "Plans": [
                    {
                      "Node Type": "Bitmap Index Scan",
                      "Parent Relationship": "Outer",
                      "Parallel Aware": false,
                      "Index Name": "kind_id_title",
                      "Startup Cost": 0.0,
                      "Total Cost": 2167.3,
                      "Plan Rows": 121449,
                      "Plan Width": 0,
                      "Actual Startup Time": 7.237,
                      "Actual Total Time": 7.238,
                      "Actual Rows": 118234,
                      "Actual Loops": 1,
                      "Index Cond": "(kind_id = 4)"
                    }
                  ]
                }
              ]
            }
          ]
        }
      ]
    },
    "Planning Time": 0.087,
    "Triggers": [],
    "Execution Time": 48.515
  }
]