[
  {
    "Plan": {
      "Node Type": "Aggregate",
      "Strategy": "Plain",
      "Partial Mode": "Finalize",
      "Parallel Aware": false,
      "Startup Cost": 39724.06,
      "Total Cost": 39724.07,
      "Plan Rows": 1,
      "Plan Width": 8,
      "Actual Startup Time": 64.002,
      "Actual Total Time": 69.671,
      "Actual Rows": 1,
      "Actual Loops": 1,
      "Plans": [
        {
          "Node Type": "Gather",
          "Parent Relationship": "Outer",
          "Parallel Aware": false,
          "Startup Cost": 39723.64,
          "Total Cost": 39724.05,
          "Plan Rows": 4,
          "Plan Width": 8,
          "Actual Startup Time": 63.714,
          "Actual Total Time": 69.663,
          "Actual Rows": 5,
          "Actual Loops": 1,
          "Workers Planned": 4,
          "Workers Launched": 4,
          "Single Copy": false,
          "Plans": [
            {
              "Node Type": "Aggregate",
              "Strategy": "Plain",
              "Partial Mode": "Partial",
              "Parent Relationship": "Outer",
              "Parallel Aware": false,
              "Startup Cost": 38723.64,
              "Total Cost": 38723.65,
              "Plan Rows": 1,
              "Plan Width": 8,
              "Actual Startup Time": 56.399,
              "Actual Total Time": 56.4,
              "Actual Rows": 1,
              "Actual Loops": 5,
              "Plans": [
                {
                  "Node Type": "Bitmap Heap Scan",
                  "Parent Relationship": "Outer",
                  "Parallel Aware": true,
                  "Relation Name": "title",
                  "Alias": "t",
                  "Startup Cost": 2205.64,
                  "Total Cost": 38661.89,
                  "Plan Rows": 24700,
                  "Plan Width": 0,
                  "Actual Startup Time": 17.767,
                  "Actual Total Time": 54.209,
                  "Actual Rows": 23579,
                  "Actual Loops": 5,
                  "Recheck Cond": "(kind_id = 4)",
                  "Rows Removed by Index Recheck": 0,
                  "Filter": "(production_year > 1973)",
                  "Rows Removed by Filter": 68,
                  "Exact Heap Blocks": 7119,
                  "Lossy Heap Blocks": 0,
                  "Plans": [
                    {
                      "Node Type": "Bitmap Index Scan",
                      "Parent Relationship": "Outer",
                      "Parallel Aware": false,
                      "Index Name": "kind_id_title",
                      "Startup Cost": 0.0,
                      "Total Cost": 2180.94,
                      "Plan Rows": 122201,
                      "Plan Width": 0,
                      "Actual Startup Time": 19.238,
                      "Actual Total Time": 19.238,
                      "Actual Rows": 118234,
                      "Actual Loops": 1,
                      "Index Cond": "(kind_id = 4)"
                    }
                  ]
                }
              ]
            }
          ]
        }
      ]
    },
    "Planning Time": 0.189,
    "Triggers": [],
    "Execution Time": 69.756
  }
]