[
  {
    "Plan": {
      "Node Type": "Aggregate",
      "Strategy": "Plain",
      "Partial Mode": "Finalize",
      "Parallel Aware": false,
      "Startup Cost": 46093.67,
      "Total Cost": 46093.68,
      "Plan Rows": 1,
      "Plan Width": 8,
      "Actual Startup Time": 163.72,
      "Actual Total Time": 174.83,
      "Actual Rows": 1,
      "Actual Loops": 1,
      "Plans": [
        {
          "Node Type": "Gather",
          "Parent Relationship": "Outer",
          "Parallel Aware": false,
          "Startup Cost": 46093.36,
          "Total Cost": 46093.67,
          "Plan Rows": 3,
          "Plan Width": 8,
          "Actual Startup Time": 163.586,
          "Actual Total Time": 174.822,
          "Actual Rows": 4,
          "Actual Loops": 1,
          "Workers Planned": 3,
          "Workers Launched": 3,
          "Single Copy": false,
          "Plans": [
            {
              "Node Type": "Aggregate",
              "Strategy": "Plain",
              "Partial Mode": "Partial",
              "Parent Relationship": "Outer",
              "Parallel Aware": false,
              "Startup Cost": 45093.36,
              "Total Cost": 45093.37,
              "Plan Rows": 1,
              "Plan Width": 8,
              "Actual Startup Time": 157.409,
              "Actual Total Time": 157.411,
              "Actual Rows": 1,
              "Actual Loops": 4,
              "Plans": [
                {
                  "Node Type": "Seq Scan",
                  "Parent Relationship": "Outer",
                  "Parallel Aware": true,
                  "Relation Name": "movie_keyword",
                  "Alias": "mk",
                  "Startup Cost": 0.0,
                  "Total Cost": 42695.65,
                  "Plan Rows": 959081,
                  "Plan Width": 0,
                  "Actual Startup Time": 0.047,
                  "Actual Total Time": 122.271,
                  "Actual Rows": 746290,
                  "Actual Loops": 4,
                  "Filter": "(keyword_id < 10312)",
                  "Rows Removed by Filter": 384692
                }
              ]
            }
          ]
        }
      ]
    },
    "Planning Time": 0.156,
    "Triggers": [],
    "Execution Time": 174.889
  }
]