{
  "Plan": {
    "Node Type": "Aggregate",
    "Strategy": "Plain",
    "Partial Mode": "Simple",
    "Parallel Aware": false,
    "Startup Cost": 162061.37,
    "Total Cost": 162061.38,
    "Plan Rows": 1,
    "Plan Width": 96,
    "Actual Startup Time": 1787.435,
    "Actual Total Time": 1787.439,
    "Actual Rows": 1,
    "Actual Loops": 1,
    "Plans": [
      {
        "Node Type": "Hash Join",
        "Parent Relationship": "Outer",
        "Parallel Aware": false,
        "Join Type": "Inner",
        "Startup Cost": 149387.42,
        "Total Cost": 162053.85,
        "Plan Rows": 1003,
        "Plan Width": 48,
        "Actual Startup Time": 1514.41,
        "Actual Total Time": 1775.971,
        "Actual Rows": 105713,
        "Actual Loops": 1,
        "Inner Unique": true,
        "Hash Cond": "(ci.person_id = n.id)",
        "Plans": [
          {
            "Node Type": "Nested Loop",
            "Parent Relationship": "Outer",
            "Parallel Aware": false,
            "Join Type": "Inner",
            "Startup Cost": 11.81,
            "Total Cost": 12675.61,
            "Plan Rows": 1003,
            "Plan Width": 37,
            "Actual Startup Time": 1.355,
            "Actual Total Time": 203.599,
            "Actual Rows": 105713,
            "Actual Loops": 1,
            "Inner Unique": false,
            "Join Filter": "(t.id = ci.movie_id)",
            "Rows Removed by Join Filter": 0,
            "Plans": [
              {
                "Node Type": "Nested Loop",
                "Parent Relationship": "Outer",
                "Parallel Aware": false,
                "Join Type": "Inner",
                "Startup Cost": 11.25,
                "Total Cost": 12540.97,
                "Plan Rows": 70,
                "Plan Width": 41,
                "Actual Startup Time": 1.332,
                "Actual Total Time": 75.123,
                "Actual Rows": 1699,
                "Actual Loops": 1,
                "Inner Unique": true,
                "Plans": [
                  {
                    "Node Type": "Nested Loop",
                    "Parent Relationship": "Outer",
                    "Parallel Aware": false,
                    "Join Type": "Inner",
                    "Startup Cost": 10.82,
                    "Total Cost": 12408.72,
                    "Plan Rows": 270,
                    "Plan Width": 20,
                    "Actual Startup Time": 1.284,
                    "Actual Total Time": 35.335,
                    "Actual Rows": 13197,
                    "Actual Loops": 1,
                    "Inner Unique": false,
                    "Plans": [
                      {
                        "Node Type": "Seq Scan",
                        "Parent Relationship": "Outer",
                        "Parallel Aware": false,
                        "Relation Name": "keyword",
                        "Alias": "k",
                        "Startup Cost": 0.0,
                        "Total Cost": 3632.4,
                        "Plan Rows": 8,
                        "Plan Width": 20,
                        "Actual Startup Time": 0.226,
                        "Actual Total Time": 19.254,
                        "Actual Rows": 7,
                        "Actual Loops": 1,
                        "Filter": "(keyword = ANY ('{second-part,claw,superhero,magnet,gore,based-on-comic,tv-special,tv-special}'::text[]))",
                        "Rows Removed by Filter": 134163
                      },
                      {
                        "Node Type": "Bitmap Heap Scan",
                        "Parent Relationship": "Inner",
                        "Parallel Aware": false,
                        "Relation Name": "movie_keyword",
                        "Alias": "mk",
                        "Startup Cost": 10.82,
                        "Total Cost": 1093.96,
                        "Plan Rows": 308,
                        "Plan Width": 8,
                        "Actual Startup Time": 0.352,
                        "Actual Total Time": 2.124,
                        "Actual Rows": 1885,
                        "Actual Loops": 7,
                        "Recheck Cond": "(keyword_id = k.id)",
                        "Rows Removed by Index Recheck": 0,
                        "Exact Heap Blocks": 8577,
                        "Lossy Heap Blocks": 0,
                        "Plans": [
                          {
                            "Node Type": "Bitmap Index Scan",
                            "Parent Relationship": "Outer",
                            "Parallel Aware": false,
                            "Index Name": "keyword_id_movie_keyword",
                            "Startup Cost": 0.0,
                            "Total Cost": 10.74,
                            "Plan Rows": 308,
                            "Plan Width": 0,
                            "Actual Startup Time": 0.194,
                            "Actual Total Time": 0.194,
                            "Actual Rows": 1885,
                            "Actual Loops": 7,
                            "Index Cond": "(keyword_id = k.id)"
                          }
                        ]
                      }
                    ]
                  },
                  {
                    "Node Type": "Index Scan",
                    "Parent Relationship": "Inner",
                    "Parallel Aware": false,
                    "Scan Direction": "Forward",
                    "Index Name": "title_pkey",
                    "Relation Name": "title",
                    "Alias": "t",
                    "Startup Cost": 0.43,
                    "Total Cost": 0.49,
                    "Plan Rows": 1,
                    "Plan Width": 21,
                    "Actual Startup Time": 0.003,
                    "Actual Total Time": 0.003,
                    "Actual Rows": 0,
                    "Actual Loops": 13197,
                    "Index Cond": "(id = mk.movie_id)",
                    "Rows Removed by Index Recheck": 0,
                    "Filter": "(production_year > 2008)",
                    "Rows Removed by Filter": 1
                  }
                ]
              },
              {
                "Node Type": "Index Scan",
                "Parent Relationship": "Inner",
                "Parallel Aware": false,
                "Scan Direction": "Forward",
                "Index Name": "movie_id_cast_info",
                "Relation Name": "cast_info",
                "Alias": "ci",
                "Startup Cost": 0.56,
                "Total Cost": 1.5,
                "Plan Rows": 34,
                "Plan Width": 8,
                "Actual Startup Time": 0.006,
                "Actual Total Time": 0.069,
                "Actual Rows": 62,
                "Actual Loops": 1699,
                "Index Cond": "(movie_id = mk.movie_id)",
                "Rows Removed by Index Recheck": 0
              }
            ]
          },
          {
            "Node Type": "Hash",
            "Parent Relationship": "Inner",
            "Parallel Aware": false,
            "Startup Cost": 97285.27,
            "Total Cost": 97285.27,
            "Plan Rows": 4167227,
            "Plan Width": 19,
            "Actual Startup Time": 1505.061,
            "Actual Total Time": 1505.061,
            "Actual Rows": 4167491,
            "Actual Loops": 1,
            "Hash Buckets": 4194304,
            "Original Hash Buckets": 4194304,
            "Hash Batches": 1,
            "Original Hash Batches": 1,
            "Peak Memory Usage": 248744,
            "Plans": [
              {
                "Node Type": "Seq Scan",
                "Parent Relationship": "Outer",
                "Parallel Aware": false,
                "Relation Name": "name",
                "Alias": "n",
                "Startup Cost": 0.0,
                "Total Cost": 97285.27,
                "Plan Rows": 4167227,
                "Plan Width": 19,
                "Actual Startup Time": 0.023,
                "Actual Total Time": 444.908,
                "Actual Rows": 4167491,
                "Actual Loops": 1
              }
            ]
          }
        ]
      }
    ]
  },
  "Planning Time": 1.107,
  "Triggers": [],
  "Execution Time": 1789.097
}