[
  {
    "Plan": {
      "Node Type": "Aggregate",
      "Strategy": "Plain",
      "Partial Mode": "Finalize",
      "Parallel Aware": false,
      "Startup Cost": 75710.33,
      "Total Cost": 75710.34,
      "Plan Rows": 1,
      "Plan Width": 8,
      "Actual Startup Time": 408.122,
      "Actual Total Time": 422.597,
      "Actual Rows": 1,
      "Actual Loops": 1,
      "Plans": [
        {
          "Node Type": "Gather",
          "Parent Relationship": "Outer",
          "Parallel Aware": false,
          "Startup Cost": 75710.02,
          "Total Cost": 75710.33,
          "Plan Rows": 3,
          "Plan Width": 8,
          "Actual Startup Time": 404.976,
          "Actual Total Time": 422.59,
          "Actual Rows": 4,
          "Actual Loops": 1,
          "Workers Planned": 3,
          "Workers Launched": 3,
          "Single Copy": false,
          "Plans": [
            {
              "Node Type": "Aggregate",
              "Strategy": "Plain",
              "Partial Mode": "Partial",
              "Parent Relationship": "Outer",
              "Parallel Aware": false,
              "Startup Cost": 74710.02,
              "Total Cost": 74710.03,
              "Plan Rows": 1,
              "Plan Width": 8,
              "Actual Startup Time": 383.5,
              "Actual Total Time": 383.503,
              "Actual Rows": 1,
              "Actual Loops": 4,
              "Plans": [
                {
                  "Node Type": "Hash Join",
                  "Parent Relationship": "Outer",
                  "Parallel Aware": true,
                  "Join Type": "Inner",
                  "Startup Cost": 54735.48,
                  "Total Cost": 74542.0,
                  "Plan Rows": 67208,
                  "Plan Width": 0,
                  "Actual Startup Time": 347.882,
                  "Actual Total Time": 381.254,
                  "Actual Rows": 51213,
                  "Actual Loops": 4,
                  "Inner Unique": true,
                  "Hash Cond": "(mc.movie_id = t.id)",
                  "Plans": [
                    {
                      "Node Type": "Bitmap Heap Scan",
                      "Parent Relationship": "Outer",
                      "Parallel Aware": true,
                      "Relation Name": "movie_companies",
                      "Alias": "mc",
                      "Startup Cost": 4515.1,
                      "Total Cost": 24145.19,
                      "Plan Rows": 67208,
                      "Plan Width": 4,
                      "Actual Startup Time": 9.322,
                      "Actual Total Time": 21.341,
                      "Actual Rows": 51213,
                      "Actual Loops": 4,
                      "Recheck Cond": "(company_id > 112018)",
                      "Rows Removed by Index Recheck": 0,
                      "Exact Heap Blocks": 1227,
                      "Lossy Heap Blocks": 0,
                      "Plans": [
                        {
                          "Node Type": "Bitmap Index Scan",
                          "Parent Relationship": "Outer",
                          "Parallel Aware": false,
                          "Index Name": "company_id_movie_companies",
                          "Startup Cost": 0.0,
                          "Total Cost": 4463.01,
                          "Plan Rows": 208344,
                          "Plan Width": 0,
                          "Actual Startup Time": 8.691,
                          "Actual Total Time": 8.692,
                          "Actual Rows": 204853,
                          "Actual Loops": 1,
                          "Index Cond": "(company_id > 112018)"
                        }
                      ]
                    },
                    {
                      "Node Type": "Hash",
                      "Parent Relationship": "Inner",
                      "Parallel Aware": true,
                      "Startup Cost": 42319.06,
                      "Total Cost": 42319.06,
                      "Plan Rows": 632106,
                      "Plan Width": 4,
                      "Actual Startup Time": 327.08,
                      "Actual Total Time": 327.081,
                      "Actual Rows": 632078,
                      "Actual Loops": 4,
                      "Hash Buckets": 4194304,
                      "Original Hash Buckets": 4194304,
                      "Hash Batches": 1,
                      "Original Hash Batches": 1,
                      "Peak Memory Usage": 131744,
                      "Plans": [
                        {
                          "Node Type": "Seq Scan",
                          "Parent Relationship": "Outer",
                          "Parallel Aware": true,
                          "Relation Name": "title",
                          "Alias": "t",
                          "Startup Cost": 0.0,
                          "Total Cost": 42319.06,
                          "Plan Rows": 632106,
                          "Plan Width": 4,
                          "Actual Startup Time": 0.046,
                          "Actual Total Time": 97.019,
                          "Actual Rows": 632078,
                          "Actual Loops": 4
                        }
                      ]
                    }
                  ]
                }
              ]
            }
          ]
        }
      ]
    },
    "Planning Time": 0.639,
    "Triggers": [],
    "Execution Time": 422.686
  }
]