{
  "Plan": {
    "Node Type": "Aggregate",
    "Strategy": "Plain",
    "Partial Mode": "Finalize",
    "Parallel Aware": false,
    "Startup Cost": 489854.4,
    "Total Cost": 489854.41,
    "Plan Rows": 1,
    "Plan Width": 8,
    "Actual Startup Time": 2497.006,
    "Actual Total Time": 2528.562,
    "Actual Rows": 1,
    "Actual Loops": 1,
    "Plans": [
      {
        "Node Type": "Gather",
        "Parent Relationship": "Outer",
        "Parallel Aware": false,
        "Startup Cost": 489854.29,
        "Total Cost": 489854.4,
        "Plan Rows": 1,
        "Plan Width": 8,
        "Actual Startup Time": 2494.19,
        "Actual Total Time": 2528.552,
        "Actual Rows": 2,
        "Actual Loops": 1,
        "Workers Planned": 1,
        "Workers Launched": 1,
        "Single Copy": false,
        "Plans": [
          {
            "Node Type": "Aggregate",
            "Strategy": "Plain",
            "Partial Mode": "Partial",
            "Parent Relationship": "Outer",
            "Parallel Aware": false,
            "Startup Cost": 488854.29,
            "Total Cost": 488854.3,
            "Plan Rows": 1,
            "Plan Width": 8,
            "Actual Startup Time": 2488.613,
            "Actual Total Time": 2489.161,
            "Actual Rows": 1,
            "Actual Loops": 2,
            "Plans": [
              {
                "Node Type": "Hash Join",
                "Parent Relationship": "Outer",
                "Parallel Aware": true,
                "Join Type": "Inner",
                "Startup Cost": 65923.36,
                "Total Cost": 482692.53,
                "Plan Rows": 2464705,
                "Plan Width": 0,
                "Actual Startup Time": 671.303,
                "Actual Total Time": 2422.589,
                "Actual Rows": 1638846,
                "Actual Loops": 2,
                "Inner Unique": true,
                "Hash Cond": "(ci.movie_id = t.id)",
                "Plans": [
                  {
                    "Node Type": "Index Scan",
                    "Parent Relationship": "Outer",
                    "Parallel Aware": true,
                    "Scan Direction": "Forward",
                    "Index Name": "role_id_cast_info",
                    "Relation Name": "cast_info",
                    "Alias": "ci",
                    "Startup Cost": 0.56,
                    "Total Cost": 400977.7,
                    "Plan Rows": 6016004,
                    "Plan Width": 4,
                    "Actual Startup Time": 305.718,
                    "Actual Total Time": 953.702,
                    "Actual Rows": 3914072,
                    "Actual Loops": 2,
                    "Index Cond": "(role_id = 1)",
                    "Rows Removed by Index Recheck": 0,
                    "Filter": "(person_id > 650284)",
                    "Rows Removed by Filter": 2421272
                  },
                  {
                    "Node Type": "Hash",
                    "Parent Relationship": "Inner",
                    "Parallel Aware": true,
                    "Startup Cost": 58306.47,
                    "Total Cost": 58306.47,
                    "Plan Rows": 609306,
                    "Plan Width": 4,
                    "Actual Startup Time": 356.829,
                    "Actual Total Time": 356.83,
                    "Actual Rows": 567114,
                    "Actual Loops": 2,
                    "Hash Buckets": 2097152,
                    "Original Hash Buckets": 1048576,
                    "Hash Batches": 1,
                    "Original Hash Batches": 1,
                    "Peak Memory Usage": 68960,
                    "Plans": [
                      {
                        "Node Type": "Seq Scan",
                        "Parent Relationship": "Outer",
                        "Parallel Aware": true,
                        "Relation Name": "title",
                        "Alias": "t",
                        "Startup Cost": 0.0,
                        "Total Cost": 58306.47,
                        "Plan Rows": 609306,
                        "Plan Width": 4,
                        "Actual Startup Time": 0.048,
                        "Actual Total Time": 169.025,
                        "Actual Rows": 567114,
                        "Actual Loops": 2,
                        "Filter": "((production_year > 1992) AND (kind_id = 7))",
                        "Rows Removed by Filter": 697042
                      }
                    ]
                  }
                ]
              }
            ]
          }
        ]
      }
    ]
  },
  "Planning Time": 0.713,
  "Triggers": [],
  "Execution Time": 2528.642
}