{
    "Plan": {
        "Node Type": "Aggregate",
        "Strategy": "Plain",
        "Partial Mode": "Finalize",
        "Parallel Aware": false,
        "Startup Cost": 583305.79,
        "Total Cost": 583305.8,
        "Plan Rows": 1,
        "Plan Width": 8,
        "Actual Startup Time": 3384.413,
        "Actual Total Time": 3452.416,
        "Actual Rows": 1,
        "Actual Loops": 1,
        "Output": [
            "count(*)"
        ],
        "Plans": [
            {
                "Node Type": "Gather",
                "Parent Relationship": "Outer",
                "Parallel Aware": false,
                "Startup Cost": 583305.16,
                "Total Cost": 583305.77,
                "Plan Rows": 6,
                "Plan Width": 8,
                "Actual Startup Time": 3354.508,
                "Actual Total Time": 3452.404,
                "Actual Rows": 7,
                "Actual Loops": 1,
                "Output": [
                    "(PARTIAL count(*))"
                ],
                "Workers Planned": 6,
                "Workers Launched": 6,
                "Single Copy": false,
                "Plans": [
                    {
                        "Node Type": "Aggregate",
                        "Strategy": "Plain",
                        "Partial Mode": "Partial",
                        "Parent Relationship": "Outer",
                        "Parallel Aware": false,
                        "Startup Cost": 582305.16,
                        "Total Cost": 582305.17,
                        "Plan Rows": 1,
                        "Plan Width": 8,
                        "Actual Startup Time": 3335.282,
                        "Actual Total Time": 3335.289,
                        "Actual Rows": 1,
                        "Actual Loops": 7,
                        "Output": [
                            "PARTIAL count(*)"
                        ],
                        "Workers": [
                            {
                                "Worker Number": 0,
                                "Actual Startup Time": 3332.361,
                                "Actual Total Time": 3332.368,
                                "Actual Rows": 1,
                                "Actual Loops": 1
                            },
                            {
                                "Worker Number": 1,
                                "Actual Startup Time": 3332.222,
                                "Actual Total Time": 3332.227,
                                "Actual Rows": 1,
                                "Actual Loops": 1
                            },
                            {
                                "Worker Number": 2,
                                "Actual Startup Time": 3332.08,
                                "Actual Total Time": 3332.085,
                                "Actual Rows": 1,
                                "Actual Loops": 1
                            },
                            {
                                "Worker Number": 3,
                                "Actual Startup Time": 3332.199,
                                "Actual Total Time": 3332.206,
                                "Actual Rows": 1,
                                "Actual Loops": 1
                            },
                            {
                                "Worker Number": 4,
                                "Actual Startup Time": 3332.404,
                                "Actual Total Time": 3332.409,
                                "Actual Rows": 1,
                                "Actual Loops": 1
                            },
                            {
                                "Worker Number": 5,
                                "Actual Startup Time": 3332.234,
                                "Actual Total Time": 3332.24,
                                "Actual Rows": 1,
                                "Actual Loops": 1
                            }
                        ],
                        "Plans": [
                            {
                                "Node Type": "Hash Join",
                                "Parent Relationship": "Outer",
                                "Parallel Aware": true,
                                "Join Type": "Inner",
                                "Startup Cost": 251764.46,
                                "Total Cost": 579261.11,
                                "Plan Rows": 1217619,
                                "Plan Width": 0,
                                "Actual Startup Time": 1130.783,
                                "Actual Total Time": 3106.069,
                                "Actual Rows": 4463014,
                                "Actual Loops": 7,
                                "Inner Unique": false,
                                "Hash Cond": "(ci.movie_id = t.id)",
                                "Workers": [
                                    {
                                        "Worker Number": 0,
                                        "Actual Startup Time": 1128.335,
                                        "Actual Total Time": 3100.869,
                                        "Actual Rows": 3757520,
                                        "Actual Loops": 1
                                    },
                                    {
                                        "Worker Number": 1,
                                        "Actual Startup Time": 1128.114,
                                        "Actual Total Time": 3100.429,
                                        "Actual Rows": 4656525,
                                        "Actual Loops": 1
                                    },
                                    {
                                        "Worker Number": 2,
                                        "Actual Startup Time": 1128.545,
                                        "Actual Total Time": 3093.436,
                                        "Actual Rows": 4405067,
                                        "Actual Loops": 1
                                    },
                                    {
                                        "Worker Number": 3,
                                        "Actual Startup Time": 1128.453,
                                        "Actual Total Time": 3111.456,
                                        "Actual Rows": 4039837,
                                        "Actual Loops": 1
                                    },
                                    {
                                        "Worker Number": 4,
                                        "Actual Startup Time": 1128.352,
                                        "Actual Total Time": 3107.313,
                                        "Actual Rows": 4767167,
                                        "Actual Loops": 1
                                    },
                                    {
                                        "Worker Number": 5,
                                        "Actual Startup Time": 1128.526,
                                        "Actual Total Time": 3105.685,
                                        "Actual Rows": 3901879,
                                        "Actual Loops": 1
                                    }
                                ],
                                "Plans": [
                                    {
                                        "Node Type": "Index Scan",
                                        "Parent Relationship": "Outer",
                                        "Parallel Aware": true,
                                        "Scan Direction": "Forward",
                                        "Index Name": "role_id_cast_info",
                                        "Relation Name": "cast_info",
                                        "Schema": "public",
                                        "Alias": "ci",
                                        "Startup Cost": 0.56,
                                        "Total Cost": 317556.15,
                                        "Plan Rows": 2001556,
                                        "Plan Width": 4,
                                        "Actual Startup Time": 0.276,
                                        "Actual Total Time": 417.96,
                                        "Actual Rows": 1730521,
                                        "Actual Loops": 7,
                                        "Output": [
                                            "ci.id",
                                            "ci.person_id",
                                            "ci.movie_id",
                                            "ci.person_role_id",
                                            "ci.note",
                                            "ci.nr_order",
                                            "ci.role_id"
                                        ],
                                        "Index Cond": "(ci.role_id > 3)",
                                        "Rows Removed by Index Recheck": 0,
                                        "Workers": [
                                            {
                                                "Worker Number": 0,
                                                "Actual Startup Time": 0.339,
                                                "Actual Total Time": 431.292,
                                                "Actual Rows": 1465568,
                                                "Actual Loops": 1
                                            },
                                            {
                                                "Worker Number": 1,
                                                "Actual Startup Time": 0.172,
                                                "Actual Total Time": 436.867,
                                                "Actual Rows": 1756040,
                                                "Actual Loops": 1
                                            },
                                            {
                                                "Worker Number": 2,
                                                "Actual Startup Time": 0.355,
                                                "Actual Total Time": 443.61,
                                                "Actual Rows": 1700804,
                                                "Actual Loops": 1
                                            },
                                            {
                                                "Worker Number": 3,
                                                "Actual Startup Time": 0.279,
                                                "Actual Total Time": 429.441,
                                                "Actual Rows": 1584998,
                                                "Actual Loops": 1
                                            },
                                            {
                                                "Worker Number": 4,
                                                "Actual Startup Time": 0.191,
                                                "Actual Total Time": 431.803,
                                                "Actual Rows": 1825529,
                                                "Actual Loops": 1
                                            },
                                            {
                                                "Worker Number": 5,
                                                "Actual Startup Time": 0.472,
                                                "Actual Total Time": 431.29,
                                                "Actual Rows": 1521802,
                                                "Actual Loops": 1
                                            }
                                        ]
                                    },
                                    {
                                        "Node Type": "Hash",
                                        "Parent Relationship": "Inner",
                                        "Parallel Aware": true,
                                        "Startup Cost": 247918.72,
                                        "Total Cost": 247918.72,
                                        "Plan Rows": 307614,
                                        "Plan Width": 8,
                                        "Actual Startup Time": 1125.815,
                                        "Actual Total Time": 1125.819,
                                        "Actual Rows": 491202,
                                        "Actual Loops": 7,
                                        "Output": [
                                            "t.id",
                                            "mi.movie_id"
                                        ],
                                        "Hash Buckets": 4194304,
                                        "Original Hash Buckets": 2097152,
                                        "Hash Batches": 1,
                                        "Original Hash Batches": 1,
                                        "Peak Memory Usage": 183776,
                                        "Workers": [
                                            {
                                                "Worker Number": 0,
                                                "Actual Startup Time": 1127.512,
                                                "Actual Total Time": 1127.517,
                                                "Actual Rows": 441202,
                                                "Actual Loops": 1
                                            },
                                            {
                                                "Worker Number": 1,
                                                "Actual Startup Time": 1127.595,
                                                "Actual Total Time": 1127.599,
                                                "Actual Rows": 470261,
                                                "Actual Loops": 1
                                            },
                                            {
                                                "Worker Number": 2,
                                                "Actual Startup Time": 1127.395,
                                                "Actual Total Time": 1127.398,
                                                "Actual Rows": 475451,
                                                "Actual Loops": 1
                                            },
                                            {
                                                "Worker Number": 3,
                                                "Actual Startup Time": 1127.529,
                                                "Actual Total Time": 1127.533,
                                                "Actual Rows": 448654,
                                                "Actual Loops": 1
                                            },
                                            {
                                                "Worker Number": 4,
                                                "Actual Startup Time": 1127.743,
                                                "Actual Total Time": 1127.746,
                                                "Actual Rows": 473216,
                                                "Actual Loops": 1
                                            },
                                            {
                                                "Worker Number": 5,
                                                "Actual Startup Time": 1127.54,
                                                "Actual Total Time": 1127.544,
                                                "Actual Rows": 448181,
                                                "Actual Loops": 1
                                            }
                                        ],
                                        "Plans": [
                                            {
                                                "Node Type": "Hash Join",
                                                "Parent Relationship": "Outer",
                                                "Parallel Aware": true,
                                                "Join Type": "Inner",
                                                "Startup Cost": 45996.98,
                                                "Total Cost": 247918.72,
                                                "Plan Rows": 307614,
                                                "Plan Width": 8,
                                                "Actual Startup Time": 152.549,
                                                "Actual Total Time": 814.53,
                                                "Actual Rows": 491202,
                                                "Actual Loops": 7,
                                                "Output": [
                                                    "t.id",
                                                    "mi.movie_id"
                                                ],
                                                "Inner Unique": true,
                                                "Hash Cond": "(mi.movie_id = t.id)",
                                                "Workers": [
                                                    {
                                                        "Worker Number": 0,
                                                        "Actual Startup Time": 152.555,
                                                        "Actual Total Time": 817.313,
                                                        "Actual Rows": 441202,
                                                        "Actual Loops": 1
                                                    },
                                                    {
                                                        "Worker Number": 1,
                                                        "Actual Startup Time": 152.552,
                                                        "Actual Total Time": 814.942,
                                                        "Actual Rows": 470261,
                                                        "Actual Loops": 1
                                                    },
                                                    {
                                                        "Worker Number": 2,
                                                        "Actual Startup Time": 152.547,
                                                        "Actual Total Time": 816.296,
                                                        "Actual Rows": 475451,
                                                        "Actual Loops": 1
                                                    },
                                                    {
                                                        "Worker Number": 3,
                                                        "Actual Startup Time": 152.538,
                                                        "Actual Total Time": 814.884,
                                                        "Actual Rows": 448654,
                                                        "Actual Loops": 1
                                                    },
                                                    {
                                                        "Worker Number": 4,
                                                        "Actual Startup Time": 152.507,
                                                        "Actual Total Time": 816.254,
                                                        "Actual Rows": 473216,
                                                        "Actual Loops": 1
                                                    },
                                                    {
                                                        "Worker Number": 5,
                                                        "Actual Startup Time": 152.509,
                                                        "Actual Total Time": 815.537,
                                                        "Actual Rows": 448181,
                                                        "Actual Loops": 1
                                                    }
                                                ],
                                                "Plans": [
                                                    {
                                                        "Node Type": "Seq Scan",
                                                        "Parent Relationship": "Outer",
                                                        "Parallel Aware": true,
                                                        "Relation Name": "movie_info",
                                                        "Schema": "public",
                                                        "Alias": "mi",
                                                        "Startup Cost": 0.0,
                                                        "Total Cost": 198880.74,
                                                        "Plan Rows": 1158476,
                                                        "Plan Width": 4,
                                                        "Actual Startup Time": 0.043,
                                                        "Actual Total Time": 375.444,
                                                        "Actual Rows": 840709,
                                                        "Actual Loops": 7,
                                                        "Output": [
                                                            "mi.id",
                                                            "mi.movie_id",
                                                            "mi.info_type_id",
                                                            "mi.info",
                                                            "mi.note"
                                                        ],
                                                        "Filter": "(mi.info_type_id < 7)",
                                                        "Rows Removed by Filter": 1278680,
                                                        "Workers": [
                                                            {
                                                                "Worker Number": 0,
                                                                "Actual Startup Time": 0.066,
                                                                "Actual Total Time": 381.613,
                                                                "Actual Rows": 754242,
                                                                "Actual Loops": 1
                                                            },
                                                            {
                                                                "Worker Number": 1,
                                                                "Actual Startup Time": 0.046,
                                                                "Actual Total Time": 380.602,
                                                                "Actual Rows": 805505,
                                                                "Actual Loops": 1
                                                            },
                                                            {
                                                                "Worker Number": 2,
                                                                "Actual Startup Time": 0.032,
                                                                "Actual Total Time": 381.917,
                                                                "Actual Rows": 816853,
                                                                "Actual Loops": 1
                                                            },
                                                            {
                                                                "Worker Number": 3,
                                                                "Actual Startup Time": 0.036,
                                                                "Actual Total Time": 378.263,
                                                                "Actual Rows": 760691,
                                                                "Actual Loops": 1
                                                            },
                                                            {
                                                                "Worker Number": 4,
                                                                "Actual Startup Time": 0.049,
                                                                "Actual Total Time": 380.114,
                                                                "Actual Rows": 799421,
                                                                "Actual Loops": 1
                                                            },
                                                            {
                                                                "Worker Number": 5,
                                                                "Actual Startup Time": 0.06,
                                                                "Actual Total Time": 378.215,
                                                                "Actual Rows": 763516,
                                                                "Actual Loops": 1
                                                            }
                                                        ]
                                                    },
                                                    {
                                                        "Node Type": "Hash",
                                                        "Parent Relationship": "Inner",
                                                        "Parallel Aware": true,
                                                        "Startup Cost": 43899.01,
                                                        "Total Cost": 43899.01,
                                                        "Plan Rows": 167838,
                                                        "Plan Width": 4,
                                                        "Actual Startup Time": 133.87,
                                                        "Actual Total Time": 133.871,
                                                        "Actual Rows": 94689,
                                                        "Actual Loops": 7,
                                                        "Output": [
                                                            "t.id"
                                                        ],
                                                        "Hash Buckets": 1048576,
                                                        "Original Hash Buckets": 1048576,
                                                        "Hash Batches": 1,
                                                        "Original Hash Batches": 1,
                                                        "Peak Memory Usage": 34240,
                                                        "Workers": [
                                                            {
                                                                "Worker Number": 0,
                                                                "Actual Startup Time": 134.952,
                                                                "Actual Total Time": 134.953,
                                                                "Actual Rows": 85560,
                                                                "Actual Loops": 1
                                                            },
                                                            {
                                                                "Worker Number": 1,
                                                                "Actual Startup Time": 134.931,
                                                                "Actual Total Time": 134.932,
                                                                "Actual Rows": 88500,
                                                                "Actual Loops": 1
                                                            },
                                                            {
                                                                "Worker Number": 2,
                                                                "Actual Startup Time": 134.941,
                                                                "Actual Total Time": 134.942,
                                                                "Actual Rows": 88710,
                                                                "Actual Loops": 1
                                                            },
                                                            {
                                                                "Worker Number": 3,
                                                                "Actual Startup Time": 134.915,
                                                                "Actual Total Time": 134.916,
                                                                "Actual Rows": 85186,
                                                                "Actual Loops": 1
                                                            },
                                                            {
                                                                "Worker Number": 4,
                                                                "Actual Startup Time": 134.937,
                                                                "Actual Total Time": 134.938,
                                                                "Actual Rows": 87809,
                                                                "Actual Loops": 1
                                                            },
                                                            {
                                                                "Worker Number": 5,
                                                                "Actual Startup Time": 134.876,
                                                                "Actual Total Time": 134.877,
                                                                "Actual Rows": 83993,
                                                                "Actual Loops": 1
                                                            }
                                                        ],
                                                        "Plans": [
                                                            {
                                                                "Node Type": "Seq Scan",
                                                                "Parent Relationship": "Outer",
                                                                "Parallel Aware": true,
                                                                "Relation Name": "title",
                                                                "Schema": "public",
                                                                "Alias": "t",
                                                                "Startup Cost": 0.0,
                                                                "Total Cost": 43899.01,
                                                                "Plan Rows": 167838,
                                                                "Plan Width": 4,
                                                                "Actual Startup Time": 40.501,
                                                                "Actual Total Time": 80.807,
                                                                "Actual Rows": 94689,
                                                                "Actual Loops": 7,
                                                                "Output": [
                                                                    "t.id"
                                                                ],
                                                                "Filter": "(t.kind_id = 1)",
                                                                "Rows Removed by Filter": 266498,
                                                                "Workers": [
                                                                    {
                                                                        "Worker Number": 0,
                                                                        "Actual Startup Time": 46.549,
                                                                        "Actual Total Time": 81.648,
                                                                        "Actual Rows": 85560,
                                                                        "Actual Loops": 1
                                                                    },
                                                                    {
                                                                        "Worker Number": 1,
                                                                        "Actual Startup Time": 46.413,
                                                                        "Actual Total Time": 81.774,
                                                                        "Actual Rows": 88500,
                                                                        "Actual Loops": 1
                                                                    },
                                                                    {
                                                                        "Worker Number": 2,
                                                                        "Actual Startup Time": 46.471,
                                                                        "Actual Total Time": 81.4,
                                                                        "Actual Rows": 88710,
                                                                        "Actual Loops": 1
                                                                    },
                                                                    {
                                                                        "Worker Number": 3,
                                                                        "Actual Startup Time": 46.42,
                                                                        "Actual Total Time": 81.653,
                                                                        "Actual Rows": 85186,
                                                                        "Actual Loops": 1
                                                                    },
                                                                    {
                                                                        "Worker Number": 4,
                                                                        "Actual Startup Time": 4.613,
                                                                        "Actual Total Time": 81.411,
                                                                        "Actual Rows": 87809,
                                                                        "Actual Loops": 1
                                                                    },
                                                                    {
                                                                        "Worker Number": 5,
                                                                        "Actual Startup Time": 46.609,
                                                                        "Actual Total Time": 81.01,
                                                                        "Actual Rows": 83993,
                                                                        "Actual Loops": 1
                                                                    }
                                                                ]
                                                            }
                                                        ]
                                                    }
                                                ]
                                            }
                                        ]
                                    }
                                ]
                            }
                        ]
                    }
                ]
            }
        ]
    },
    "Planning Time": 1.615,
    "Triggers": [],
    "Execution Time": 3452.516
}