[
  {
    "Plan": {
      "Node Type": "Aggregate",
      "Strategy": "Plain",
      "Partial Mode": "Finalize",
      "Parallel Aware": false,
      "Startup Cost": 126711.71,
      "Total Cost": 126711.72,
      "Plan Rows": 1,
      "Plan Width": 8,
      "Actual Startup Time": 521.56,
      "Actual Total Time": 543.538,
      "Actual Rows": 1,
      "Actual Loops": 1,
      "Plans": [
        {
          "Node Type": "Gather",
          "Parent Relationship": "Outer",
          "Parallel Aware": false,
          "Startup Cost": 126711.4,
          "Total Cost": 126711.71,
          "Plan Rows": 3,
          "Plan Width": 8,
          "Actual Startup Time": 508.9,
          "Actual Total Time": 543.528,
          "Actual Rows": 4,
          "Actual Loops": 1,
          "Workers Planned": 3,
          "Workers Launched": 3,
          "Single Copy": false,
          "Plans": [
            {
              "Node Type": "Aggregate",
              "Strategy": "Plain",
              "Partial Mode": "Partial",
              "Parent Relationship": "Outer",
              "Parallel Aware": false,
              "Startup Cost": 125711.4,
              "Total Cost": 125711.41,
              "Plan Rows": 1,
              "Plan Width": 8,
              "Actual Startup Time": 499.868,
              "Actual Total Time": 499.879,
              "Actual Rows": 1,
              "Actual Loops": 4,
              "Plans": [
                {
                  "Node Type": "Hash Join",
                  "Parent Relationship": "Outer",
                  "Parallel Aware": true,
                  "Join Type": "Inner",
                  "Startup Cost": 80168.39,
                  "Total Cost": 125614.13,
                  "Plan Rows": 38907,
                  "Plan Width": 0,
                  "Actual Startup Time": 351.53,
                  "Actual Total Time": 499.435,
                  "Actual Rows": 9453,
                  "Actual Loops": 4,
                  "Inner Unique": false,
                  "Hash Cond": "(mk.movie_id = t.id)",
                  "Plans": [
                    {
                      "Node Type": "Seq Scan",
                      "Parent Relationship": "Outer",
                      "Parallel Aware": true,
                      "Relation Name": "movie_keyword",
                      "Alias": "mk",
                      "Startup Cost": 0.0,
                      "Total Cost": 42695.65,
                      "Plan Rows": 699887,
                      "Plan Width": 4,
                      "Actual Startup Time": 0.342,
                      "Actual Total Time": 107.267,
                      "Actual Rows": 538219,
                      "Actual Loops": 4,
                      "Filter": "(keyword_id > 5374)",
                      "Rows Removed by Filter": 592763
                    },
                    {
                      "Node Type": "Hash",
                      "Parent Relationship": "Inner",
                      "Parallel Aware": true,
                      "Startup Cost": 79601.63,
                      "Total Cost": 79601.63,
                      "Plan Rows": 45341,
                      "Plan Width": 8,
                      "Actual Startup Time": 349.942,
                      "Actual Total Time": 349.951,
                      "Actual Rows": 13163,
                      "Actual Loops": 4,
                      "Hash Buckets": 262144,
                      "Original Hash Buckets": 262144,
                      "Hash Batches": 1,
                      "Original Hash Batches": 1,
                      "Peak Memory Usage": 4160,
                      "Plans": [
                        {
                          "Node Type": "Hash Join",
                          "Parent Relationship": "Outer",
                          "Parallel Aware": true,
                          "Join Type": "Inner",
                          "Startup Cost": 58434.26,
                          "Total Cost": 79601.63,
                          "Plan Rows": 45341,
                          "Plan Width": 8,
                          "Actual Startup Time": 312.92,
                          "Actual Total Time": 345.084,
                          "Actual Rows": 13163,
                          "Actual Loops": 4,
                          "Inner Unique": true,
                          "Hash Cond": "(mc.movie_id = t.id)",
                          "Plans": [
                            {
                              "Node Type": "Bitmap Heap Scan",
                              "Parent Relationship": "Outer",
                              "Parallel Aware": true,
                              "Relation Name": "movie_companies",
                              "Alias": "mc",
                              "Startup Cost": 9716.45,
                              "Total Cost": 30688.65,
                              "Plan Rows": 74350,
                              "Plan Width": 4,
                              "Actual Startup Time": 53.589,
                              "Actual Total Time": 68.059,
                              "Actual Rows": 26830,
                              "Actual Loops": 4,
                              "Recheck Cond": "(company_id < 338)",
                              "Rows Removed by Index Recheck": 0,
                              "Filter": "(company_type_id > 1)",
                              "Rows Removed by Filter": 84169,
                              "Exact Heap Blocks": 6417,
                              "Lossy Heap Blocks": 0,
                              "Plans": [
                                {
                                  "Node Type": "Bitmap Index Scan",
                                  "Parent Relationship": "Outer",
                                  "Parallel Aware": false,
                                  "Index Name": "company_id_movie_companies",
                                  "Startup Cost": 0.0,
                                  "Total Cost": 9658.83,
                                  "Plan Rows": 450987,
                                  "Plan Width": 0,
                                  "Actual Startup Time": 21.252,
                                  "Actual Total Time": 21.253,
                                  "Actual Rows": 443996,
                                  "Actual Loops": 1,
                                  "Index Cond": "(company_id < 338)"
                                }
                              ]
                            },
                            {
                              "Node Type": "Hash",
                              "Parent Relationship": "Inner",
                              "Parallel Aware": true,
                              "Startup Cost": 43899.32,
                              "Total Cost": 43899.32,
                              "Plan Rows": 385479,
                              "Plan Width": 4,
                              "Actual Startup Time": 255.459,
                              "Actual Total Time": 255.46,
                              "Actual Rows": 385816,
                              "Actual Loops": 4,
                              "Hash Buckets": 2097152,
                              "Original Hash Buckets": 2097152,
                              "Hash Batches": 1,
                              "Original Hash Batches": 1,
                              "Peak Memory Usage": 76800,
                              "Plans": [
                                {
                                  "Node Type": "Seq Scan",
                                  "Parent Relationship": "Outer",
                                  "Parallel Aware": true,
                                  "Relation Name": "title",
                                  "Alias": "t",
                                  "Startup Cost": 0.0,
                                  "Total Cost": 43899.32,
                                  "Plan Rows": 385479,
                                  "Plan Width": 4,
                                  "Actual Startup Time": 0.031,
                                  "Actual Total Time": 110.648,
                                  "Actual Rows": 385816,
                                  "Actual Loops": 4,
                                  "Filter": "(kind_id = 7)",
                                  "Rows Removed by Filter": 246262
                                }
                              ]
                            }
                          ]
                        }
                      ]
                    }
                  ]
                }
              ]
            }
          ]
        }
      ]
    },
    "Planning Time": 0.746,
    "Triggers": [],
    "Execution Time": 543.595
  }
]