[
  {
    "Plan": {
      "Node Type": "Aggregate",
      "Strategy": "Plain",
      "Partial Mode": "Finalize",
      "Parallel Aware": false,
      "Startup Cost": 124367.27,
      "Total Cost": 124367.28,
      "Plan Rows": 1,
      "Plan Width": 8,
      "Actual Startup Time": 367.511,
      "Actual Total Time": 388.489,
      "Actual Rows": 1,
      "Actual Loops": 1,
      "Plans": [
        {
          "Node Type": "Gather",
          "Parent Relationship": "Outer",
          "Parallel Aware": false,
          "Startup Cost": 124366.95,
          "Total Cost": 124367.26,
          "Plan Rows": 3,
          "Plan Width": 8,
          "Actual Startup Time": 366.681,
          "Actual Total Time": 388.481,
          "Actual Rows": 4,
          "Actual Loops": 1,
          "Workers Planned": 3,
          "Workers Launched": 3,
          "Single Copy": false,
          "Plans": [
            {
              "Node Type": "Aggregate",
              "Strategy": "Plain",
              "Partial Mode": "Partial",
              "Parent Relationship": "Outer",
              "Parallel Aware": false,
              "Startup Cost": 123366.95,
              "Total Cost": 123366.96,
              "Plan Rows": 1,
              "Plan Width": 8,
              "Actual Startup Time": 357.0,
              "Actual Total Time": 357.006,
              "Actual Rows": 1,
              "Actual Loops": 4,
              "Plans": [
                {
                  "Node Type": "Hash Join",
                  "Parent Relationship": "Outer",
                  "Parallel Aware": true,
                  "Join Type": "Inner",
                  "Startup Cost": 77877.25,
                  "Total Cost": 123272.09,
                  "Plan Rows": 37945,
                  "Plan Width": 0,
                  "Actual Startup Time": 223.757,
                  "Actual Total Time": 356.625,
                  "Actual Rows": 9453,
                  "Actual Loops": 4,
                  "Inner Unique": false,
                  "Hash Cond": "(mk.movie_id = t.id)",
                  "Plans": [
                    {
                      "Node Type": "Seq Scan",
                      "Parent Relationship": "Outer",
                      "Parallel Aware": true,
                      "Relation Name": "movie_keyword",
                      "Alias": "mk",
                      "Startup Cost": 0.0,
                      "Total Cost": 42695.65,
                      "Plan Rows": 694488,
                      "Plan Width": 4,
                      "Actual Startup Time": 0.308,
                      "Actual Total Time": 96.536,
                      "Actual Rows": 538219,
                      "Actual Loops": 4,
                      "Filter": "(keyword_id > 5374)",
                      "Rows Removed by Filter": 592763
                    },
                    {
                      "Node Type": "Hash",
                      "Parent Relationship": "Inner",
                      "Parallel Aware": true,
                      "Startup Cost": 77445.56,
                      "Total Cost": 77445.56,
                      "Plan Rows": 34535,
                      "Plan Width": 8,
                      "Actual Startup Time": 221.006,
                      "Actual Total Time": 221.011,
                      "Actual Rows": 13163,
                      "Actual Loops": 4,
                      "Hash Buckets": 262144,
                      "Original Hash Buckets": 262144,
                      "Hash Batches": 1,
                      "Original Hash Batches": 1,
                      "Peak Memory Usage": 4192,
                      "Plans": [
                        {
                          "Node Type": "Hash Join",
                          "Parent Relationship": "Outer",
                          "Parallel Aware": true,
                          "Join Type": "Inner",
                          "Startup Cost": 31514.16,
                          "Total Cost": 77445.56,
                          "Plan Rows": 34535,
                          "Plan Width": 8,
                          "Actual Startup Time": 90.202,
                          "Actual Total Time": 215.895,
                          "Actual Rows": 13163,
                          "Actual Loops": 4,
                          "Inner Unique": false,
                          "Hash Cond": "(t.id = mc.movie_id)",
                          "Plans": [
                            {
                              "Node Type": "Seq Scan",
                              "Parent Relationship": "Outer",
                              "Parallel Aware": true,
                              "Relation Name": "title",
                              "Alias": "t",
                              "Startup Cost": 0.0,
                              "Total Cost": 43898.92,
                              "Plan Rows": 384216,
                              "Plan Width": 4,
                              "Actual Startup Time": 0.011,
                              "Actual Total Time": 79.719,
                              "Actual Rows": 385816,
                              "Actual Loops": 4,
                              "Filter": "(kind_id = 7)",
                              "Rows Removed by Filter": 246262
                            },
                            {
                              "Node Type": "Hash",
                              "Parent Relationship": "Inner",
                              "Parallel Aware": true,
                              "Startup Cost": 30597.83,
                              "Total Cost": 30597.83,
                              "Plan Rows": 73307,
                              "Plan Width": 4,
                              "Actual Startup Time": 89.169,
                              "Actual Total Time": 89.171,
                              "Actual Rows": 26830,
                              "Actual Loops": 4,
                              "Hash Buckets": 262144,
                              "Original Hash Buckets": 262144,
                              "Hash Batches": 1,
                              "Original Hash Batches": 1,
                              "Peak Memory Usage": 6336,
                              "Plans": [
                                {
                                  "Node Type": "Bitmap Heap Scan",
                                  "Parent Relationship": "Outer",
                                  "Parallel Aware": true,
                                  "Relation Name": "movie_companies",
                                  "Alias": "mc",
                                  "Startup Cost": 9642.11,
                                  "Total Cost": 30597.83,
                                  "Plan Rows": 73307,
                                  "Plan Width": 4,
                                  "Actual Startup Time": 69.939,
                                  "Actual Total Time": 82.787,
                                  "Actual Rows": 26830,
                                  "Actual Loops": 4,
                                  "Recheck Cond": "(company_id < 338)",
                                  "Rows Removed by Index Recheck": 0,
                                  "Filter": "(company_type_id > 1)",
                                  "Rows Removed by Filter": 84169,
                                  "Exact Heap Blocks": 9564,
                                  "Lossy Heap Blocks": 0,
                                  "Plans": [
                                    {
                                      "Node Type": "Bitmap Index Scan",
                                      "Parent Relationship": "Outer",
                                      "Parallel Aware": false,
                                      "Index Name": "company_id_movie_companies",
                                      "Startup Cost": 0.0,
                                      "Total Cost": 9585.3,
                                      "Plan Rows": 447582,
                                      "Plan Width": 0,
                                      "Actual Startup Time": 30.701,
                                      "Actual Total Time": 30.701,
                                      "Actual Rows": 443996,
                                      "Actual Loops": 1,
                                      "Index Cond": "(company_id < 338)"
                                    }
                                  ]
                                }
                              ]
                            }
                          ]
                        }
                      ]
                    }
                  ]
                }
              ]
            }
          ]
        }
      ]
    },
    "Planning Time": 1.483,
    "Triggers": [],
    "Execution Time": 388.6
  }
]