[
  {
    "Plan": {
      "Node Type": "Aggregate",
      "Strategy": "Plain",
      "Partial Mode": "Finalize",
      "Parallel Aware": false,
      "Startup Cost": 327564.84,
      "Total Cost": 327564.85,
      "Plan Rows": 1,
      "Plan Width": 8,
      "Actual Startup Time": 3796.041,
      "Actual Total Time": 3845.411,
      "Actual Rows": 1,
      "Actual Loops": 1,
      "Plans": [
        {
          "Node Type": "Gather",
          "Parent Relationship": "Outer",
          "Parallel Aware": false,
          "Startup Cost": 327564.32,
          "Total Cost": 327564.83,
          "Plan Rows": 5,
          "Plan Width": 8,
          "Actual Startup Time": 3782.046,
          "Actual Total Time": 3845.393,
          "Actual Rows": 6,
          "Actual Loops": 1,
          "Workers Planned": 5,
          "Workers Launched": 5,
          "Single Copy": false,
          "Plans": [
            {
              "Node Type": "Aggregate",
              "Strategy": "Plain",
              "Partial Mode": "Partial",
              "Parent Relationship": "Outer",
              "Parallel Aware": false,
              "Startup Cost": 326564.32,
              "Total Cost": 326564.33,
              "Plan Rows": 1,
              "Plan Width": 8,
              "Actual Startup Time": 3767.22,
              "Actual Total Time": 3767.591,
              "Actual Rows": 1,
              "Actual Loops": 6,
              "Plans": [
                {
                  "Node Type": "Hash Join",
                  "Parent Relationship": "Outer",
                  "Parallel Aware": true,
                  "Join Type": "Inner",
                  "Startup Cost": 105864.14,
                  "Total Cost": 318757.38,
                  "Plan Rows": 3122776,
                  "Plan Width": 0,
                  "Actual Startup Time": 535.197,
                  "Actual Total Time": 2877.584,
                  "Actual Rows": 21403480,
                  "Actual Loops": 6,
                  "Inner Unique": false,
                  "Hash Cond": "(mi.movie_id = t.id)",
                  "Plans": [
                    {
                      "Node Type": "Seq Scan",
                      "Parent Relationship": "Outer",
                      "Parallel Aware": true,
                      "Relation Name": "movie_info",
                      "Alias": "mi",
                      "Startup Cost": 0.0,
                      "Total Cost": 191685.19,
                      "Plan Rows": 2969219,
                      "Plan Width": 4,
                      "Actual Startup Time": 0.036,
                      "Actual Total Time": 303.902,
                      "Actual Rows": 2472620,
                      "Actual Loops": 6
                    },
                    {
                      "Node Type": "Hash",
                      "Parent Relationship": "Inner",
                      "Parallel Aware": true,
                      "Startup Cost": 95141.63,
                      "Total Cost": 95141.63,
                      "Plan Rows": 857801,
                      "Plan Width": 8,
                      "Actual Startup Time": 528.809,
                      "Actual Total Time": 529.179,
                      "Actual Rows": 369840,
                      "Actual Loops": 6,
                      "Hash Buckets": 4194304,
                      "Original Hash Buckets": 4194304,
                      "Hash Batches": 1,
                      "Original Hash Batches": 1,
                      "Peak Memory Usage": 119680,
                      "Plans": [
                        {
                          "Node Type": "Hash Join",
                          "Parent Relationship": "Outer",
                          "Parallel Aware": true,
                          "Join Type": "Inner",
                          "Startup Cost": 48857.97,
                          "Total Cost": 95141.63,
                          "Plan Rows": 857801,
                          "Plan Width": 8,
                          "Actual Startup Time": 217.178,
                          "Actual Total Time": 419.815,
                          "Actual Rows": 369840,
                          "Actual Loops": 6,
                          "Inner Unique": true,
                          "Hash Cond": "(mk.movie_id = t.id)",
                          "Plans": [
                            {
                              "Node Type": "Seq Scan",
                              "Parent Relationship": "Outer",
                              "Parallel Aware": true,
                              "Relation Name": "movie_keyword",
                              "Alias": "mk",
                              "Startup Cost": 0.0,
                              "Total Cost": 42695.65,
                              "Plan Rows": 1366855,
                              "Plan Width": 4,
                              "Actual Startup Time": 0.028,
                              "Actual Total Time": 96.039,
                              "Actual Rows": 707303,
                              "Actual Loops": 6,
                              "Filter": "(keyword_id > 231)",
                              "Rows Removed by Filter": 46686
                            },
                            {
                              "Node Type": "Hash",
                              "Parent Relationship": "Inner",
                              "Parallel Aware": true,
                              "Startup Cost": 43899.32,
                              "Total Cost": 43899.32,
                              "Plan Rows": 396692,
                              "Plan Width": 4,
                              "Actual Startup Time": 214.76,
                              "Actual Total Time": 214.762,
                              "Actual Rows": 261761,
                              "Actual Loops": 6,
                              "Hash Buckets": 2097152,
                              "Original Hash Buckets": 2097152,
                              "Hash Batches": 1,
                              "Original Hash Batches": 1,
                              "Peak Memory Usage": 77888,
                              "Plans": [
                                {
                                  "Node Type": "Seq Scan",
                                  "Parent Relationship": "Outer",
                                  "Parallel Aware": true,
                                  "Relation Name": "title",
                                  "Alias": "t",
                                  "Startup Cost": 0.0,
                                  "Total Cost": 43899.32,
                                  "Plan Rows": 396692,
                                  "Plan Width": 4,
                                  "Actual Startup Time": 0.046,
                                  "Actual Total Time": 91.316,
                                  "Actual Rows": 261761,
                                  "Actual Loops": 6,
                                  "Filter": "(production_year > 1996)",
                                  "Rows Removed by Filter": 159624
                                }
                              ]
                            }
                          ]
                        }
                      ]
                    }
                  ]
                }
              ]
            }
          ]
        }
      ]
    },
    "Planning Time": 0.711,
    "Triggers": [],
    "Execution Time": 3845.483
  }
]