{
  "Plan": {
    "Node Type": "Hash Join",
    "Parallel Aware": false,
    "Join Type": "Inner",
    "Startup Cost": 3076611.41,
    "Total Cost": 3541228.27,
    "Plan Rows": 37019214,
    "Plan Width": 4,
    "Actual Startup Time": 75027.15,
    "Actual Total Time": 82230.853,
    "Actual Rows": 79562524,
    "Actual Loops": 1,
    "Inner Unique": false,
    "Hash Cond": "(ct.id = mc.company_type_id)",
    "Plans": [
      {
        "Node Type": "Seq Scan",
        "Parent Relationship": "Outer",
        "Parallel Aware": false,
        "Relation Name": "company_type",
        "Alias": "ct",
        "Startup Cost": 0.0,
        "Total Cost": 1.04,
        "Plan Rows": 4,
        "Plan Width": 4,
        "Actual Startup Time": 0.014,
        "Actual Total Time": 0.03,
        "Actual Rows": 4,
        "Actual Loops": 1
      },
      {
        "Node Type": "Hash",
        "Parent Relationship": "Inner",
        "Parallel Aware": false,
        "Startup Cost": 2613871.23,
        "Total Cost": 2613871.23,
        "Plan Rows": 37019214,
        "Plan Width": 8,
        "Actual Startup Time": 74557.304,
        "Actual Total Time": 74557.318,
        "Actual Rows": 79562524,
        "Actual Loops": 1,
        "Hash Buckets": 67108864,
        "Original Hash Buckets": 67108864,
        "Hash Batches": 1,
        "Original Hash Batches": 1,
        "Peak Memory Usage": 3632200,
        "Plans": [
          {
            "Node Type": "Hash Join",
            "Parent Relationship": "Outer",
            "Parallel Aware": false,
            "Join Type": "Inner",
            "Startup Cost": 1160445.82,
            "Total Cost": 2613871.23,
            "Plan Rows": 37019214,
            "Plan Width": 8,
            "Actual Startup Time": 19666.581,
            "Actual Total Time": 63517.33,
            "Actual Rows": 79562524,
            "Actual Loops": 1,
            "Inner Unique": true,
            "Hash Cond": "(mc.company_id = cn.id)",
            "Plans": [
              {
                "Node Type": "Hash Join",
                "Parent Relationship": "Outer",
                "Parallel Aware": false,
                "Join Type": "Inner",
                "Startup Cost": 1152163.39,
                "Total Cost": 2508411.6,
                "Plan Rows": 37019214,
                "Plan Width": 8,
                "Actual Startup Time": 19565.742,
                "Actual Total Time": 51370.087,
                "Actual Rows": 79562524,
                "Actual Loops": 1,
                "Inner Unique": true,
                "Hash Cond": "(t.kind_id = kt.id)",
                "Plans": [
                  {
                    "Node Type": "Hash Join",
                    "Parent Relationship": "Outer",
                    "Parallel Aware": false,
                    "Join Type": "Inner",
                    "Startup Cost": 1152162.23,
                    "Total Cost": 2352400.9,
                    "Plan Rows": 37019214,
                    "Plan Width": 12,
                    "Actual Startup Time": 19565.693,
                    "Actual Total Time": 40098.851,
                    "Actual Rows": 79562524,
                    "Actual Loops": 1,
                    "Inner Unique": false,
                    "Hash Cond": "(mc.movie_id = ci.movie_id)",
                    "Plans": [
                      {
                        "Node Type": "Hash Join",
                        "Parent Relationship": "Outer",
                        "Parallel Aware": false,
                        "Join Type": "Inner",
                        "Startup Cost": 83674.19,
                        "Total Cost": 192897.79,
                        "Plan Rows": 2581606,
                        "Plan Width": 20,
                        "Actual Startup Time": 915.801,
                        "Actual Total Time": 3871.146,
                        "Actual Rows": 2583037,
                        "Actual Loops": 1,
                        "Inner Unique": false,
                        "Hash Cond": "(t.id = mc.movie_id)",
                        "Plans": [
                          {
                            "Node Type": "Seq Scan",
                            "Parent Relationship": "Outer",
                            "Parallel Aware": false,
                            "Relation Name": "title",
                            "Alias": "t",
                            "Startup Cost": 0.0,
                            "Total Cost": 61283.09,
                            "Plan Rows": 2528509,
                            "Plan Width": 8,
                            "Actual Startup Time": 0.013,
                            "Actual Total Time": 382.152,
                            "Actual Rows": 2528312,
                            "Actual Loops": 1
                          },
                          {
                            "Node Type": "Hash",
                            "Parent Relationship": "Inner",
                            "Parallel Aware": false,
                            "Startup Cost": 51404.11,
                            "Total Cost": 51404.11,
                            "Plan Rows": 2581606,
                            "Plan Width": 12,
                            "Actual Startup Time": 889.436,
                            "Actual Total Time": 889.437,
                            "Actual Rows": 2583037,
                            "Actual Loops": 1,
                            "Hash Buckets": 4194304,
                            "Original Hash Buckets": 4194304,
                            "Hash Batches": 1,
                            "Original Hash Batches": 1,
                            "Peak Memory Usage": 143758,
                            "Plans": [
                              {
                                "Node Type": "Seq Scan",
                                "Parent Relationship": "Outer",
                                "Parallel Aware": false,
                                "Relation Name": "movie_companies",
                                "Alias": "mc",
                                "Startup Cost": 0.0,
                                "Total Cost": 51404.11,
                                "Plan Rows": 2581606,
                                "Plan Width": 12,
                                "Actual Startup Time": 0.03,
                                "Actual Total Time": 355.871,
                                "Actual Rows": 2583037,
                                "Actual Loops": 1,
                                "Filter": "(company_id < 211061)",
                                "Rows Removed by Filter": 26092
                              }
                            ]
                          }
                        ]
                      },
                      {
                        "Node Type": "Hash",
                        "Parent Relationship": "Inner",
                        "Parallel Aware": false,
                        "Startup Cost": 615265.24,
                        "Total Cost": 615265.24,
                        "Plan Rows": 36257824,
                        "Plan Width": 4,
                        "Actual Startup Time": 18362.253,
                        "Actual Total Time": 18362.255,
                        "Actual Rows": 36244344,
                        "Actual Loops": 1,
                        "Hash Buckets": 67108864,
                        "Original Hash Buckets": 67108864,
                        "Hash Batches": 1,
                        "Original Hash Batches": 1,
                        "Peak Memory Usage": 1798504,
                        "Plans": [
                          {
                            "Node Type": "Seq Scan",
                            "Parent Relationship": "Outer",
                            "Parallel Aware": false,
                            "Relation Name": "cast_info",
                            "Alias": "ci",
                            "Startup Cost": 0.0,
                            "Total Cost": 615265.24,
                            "Plan Rows": 36257824,
                            "Plan Width": 4,
                            "Actual Startup Time": 0.046,
                            "Actual Total Time": 5053.477,
                            "Actual Rows": 36244344,
                            "Actual Loops": 1
                          }
                        ]
                      }
                    ]
                  },
                  {
                    "Node Type": "Hash",
                    "Parent Relationship": "Inner",
                    "Parallel Aware": false,
                    "Startup Cost": 1.07,
                    "Total Cost": 1.07,
                    "Plan Rows": 7,
                    "Plan Width": 4,
                    "Actual Startup Time": 0.024,
                    "Actual Total Time": 0.025,
                    "Actual Rows": 7,
                    "Actual Loops": 1,
                    "Hash Buckets": 1024,
                    "Original Hash Buckets": 1024,
                    "Hash Batches": 1,
                    "Original Hash Batches": 1,
                    "Peak Memory Usage": 9,
                    "Plans": [
                      {
                        "Node Type": "Seq Scan",
                        "Parent Relationship": "Outer",
                        "Parallel Aware": false,
                        "Relation Name": "kind_type",
                        "Alias": "kt",
                        "Startup Cost": 0.0,
                        "Total Cost": 1.07,
                        "Plan Rows": 7,
                        "Plan Width": 4,
                        "Actual Startup Time": 0.015,
                        "Actual Total Time": 0.017,
                        "Actual Rows": 7,
                        "Actual Loops": 1
                      }
                    ]
                  }
                ]
              },
              {
                "Node Type": "Hash",
                "Parent Relationship": "Inner",
                "Parallel Aware": false,
                "Startup Cost": 5344.97,
                "Total Cost": 5344.97,
                "Plan Rows": 234997,
                "Plan Width": 4,
                "Actual Startup Time": 98.628,
                "Actual Total Time": 98.629,
                "Actual Rows": 234997,
                "Actual Loops": 1,
                "Hash Buckets": 262144,
                "Original Hash Buckets": 262144,
                "Hash Batches": 1,
                "Original Hash Batches": 1,
                "Peak Memory Usage": 10310,
                "Plans": [
                  {
                    "Node Type": "Seq Scan",
                    "Parent Relationship": "Outer",
                    "Parallel Aware": false,
                    "Relation Name": "company_name",
                    "Alias": "cn",
                    "Startup Cost": 0.0,
                    "Total Cost": 5344.97,
                    "Plan Rows": 234997,
                    "Plan Width": 4,
                    "Actual Startup Time": 0.042,
                    "Actual Total Time": 57.393,
                    "Actual Rows": 234997,
                    "Actual Loops": 1
                  }
                ]
              }
            ]
          }
        ]
      }
    ]
  },
  "Planning Time": 1.667,
  "Triggers": [],
  "Execution Time": 84851.584
}