{
  "Plan": {
    "Node Type": "Merge Join",
    "Parallel Aware": false,
    "Join Type": "Inner",
    "Startup Cost": 7725501.16,
    "Total Cost": 8287590.88,
    "Plan Rows": 37019214,
    "Plan Width": 4,
    "Actual Startup Time": 118383.267,
    "Actual Total Time": 131833.308,
    "Actual Rows": 79562524,
    "Actual Loops": 1,
    "Inner Unique": false,
    "Merge Cond": "(cn.id = mc.company_id)",
    "Plans": [
      {
        "Node Type": "Index Only Scan",
        "Parent Relationship": "Outer",
        "Parallel Aware": false,
        "Scan Direction": "Forward",
        "Index Name": "company_name_pkey",
        "Relation Name": "company_name",
        "Alias": "cn",
        "Startup Cost": 0.42,
        "Total Cost": 11881.93,
        "Plan Rows": 234997,
        "Plan Width": 4,
        "Actual Startup Time": 0.064,
        "Actual Total Time": 323.196,
        "Actual Rows": 211061,
        "Actual Loops": 1,
        "Heap Fetches": 211061
      },
      {
        "Node Type": "Sort",
        "Parent Relationship": "Inner",
        "Parallel Aware": false,
        "Startup Cost": 7719841.1,
        "Total Cost": 7812389.13,
        "Plan Rows": 37019214,
        "Plan Width": 4,
        "Actual Startup Time": 118383.162,
        "Actual Total Time": 124207.242,
        "Actual Rows": 79562524,
        "Actual Loops": 1,
        "Sort Key": [
          "mc.company_id"
        ],
        "Sort Method": "external sort",
        "Sort Space Used": 1401304,
        "Sort Space Type": "Disk",
        "Plans": [
          {
            "Node Type": "Hash Join",
            "Parent Relationship": "Outer",
            "Parallel Aware": false,
            "Join Type": "Inner",
            "Startup Cost": 2601581.24,
            "Total Cost": 3066198.1,
            "Plan Rows": 37019214,
            "Plan Width": 4,
            "Actual Startup Time": 62714.756,
            "Actual Total Time": 69110.762,
            "Actual Rows": 79562524,
            "Actual Loops": 1,
            "Inner Unique": false,
            "Hash Cond": "(ct.id = mc.company_type_id)",
            "Plans": [
              {
                "Node Type": "Seq Scan",
                "Parent Relationship": "Outer",
                "Parallel Aware": false,
                "Relation Name": "company_type",
                "Alias": "ct",
                "Startup Cost": 0.0,
                "Total Cost": 1.04,
                "Plan Rows": 4,
                "Plan Width": 4,
                "Actual Startup Time": 0.015,
                "Actual Total Time": 0.035,
                "Actual Rows": 4,
                "Actual Loops": 1
              },
              {
                "Node Type": "Hash",
                "Parent Relationship": "Inner",
                "Parallel Aware": false,
                "Startup Cost": 2138841.06,
                "Total Cost": 2138841.06,
                "Plan Rows": 37019214,
                "Plan Width": 8,
                "Actual Startup Time": 62219.225,
                "Actual Total Time": 62219.26,
                "Actual Rows": 79562524,
                "Actual Loops": 1,
                "Hash Buckets": 67108864,
                "Original Hash Buckets": 67108864,
                "Hash Batches": 1,
                "Original Hash Batches": 1,
                "Peak Memory Usage": 3632200,
                "Plans": [
                  {
                    "Node Type": "Hash Join",
                    "Parent Relationship": "Outer",
                    "Parallel Aware": false,
                    "Join Type": "Inner",
                    "Startup Cost": 246938.08,
                    "Total Cost": 2138841.06,
                    "Plan Rows": 37019214,
                    "Plan Width": 8,
                    "Actual Startup Time": 3445.722,
                    "Actual Total Time": 52025.156,
                    "Actual Rows": 79562524,
                    "Actual Loops": 1,
                    "Inner Unique": false,
                    "Hash Cond": "(t.id = mc.movie_id)",
                    "Plans": [
                      {
                        "Node Type": "Hash Join",
                        "Parent Relationship": "Outer",
                        "Parallel Aware": false,
                        "Join Type": "Inner",
                        "Startup Cost": 163263.9,
                        "Total Cost": 1367718.78,
                        "Plan Rows": 36257824,
                        "Plan Width": 8,
                        "Actual Startup Time": 1776.429,
                        "Actual Total Time": 26673.198,
                        "Actual Rows": 36244344,
                        "Actual Loops": 1,
                        "Inner Unique": false,
                        "Hash Cond": "(ci.movie_id = t.id)",
                        "Plans": [
                          {
                            "Node Type": "Seq Scan",
                            "Parent Relationship": "Outer",
                            "Parallel Aware": false,
                            "Relation Name": "cast_info",
                            "Alias": "ci",
                            "Startup Cost": 0.0,
                            "Total Cost": 615265.24,
                            "Plan Rows": 36257824,
                            "Plan Width": 4,
                            "Actual Startup Time": 0.037,
                            "Actual Total Time": 3481.365,
                            "Actual Rows": 36244344,
                            "Actual Loops": 1
                          },
                          {
                            "Node Type": "Hash",
                            "Parent Relationship": "Inner",
                            "Parallel Aware": false,
                            "Startup Cost": 131657.53,
                            "Total Cost": 131657.53,
                            "Plan Rows": 2528509,
                            "Plan Width": 4,
                            "Actual Startup Time": 1747.405,
                            "Actual Total Time": 1747.422,
                            "Actual Rows": 2528312,
                            "Actual Loops": 1,
                            "Hash Buckets": 4194304,
                            "Original Hash Buckets": 4194304,
                            "Hash Batches": 1,
                            "Original Hash Batches": 1,
                            "Peak Memory Usage": 121654,
                            "Plans": [
                              {
                                "Node Type": "Hash Join",
                                "Parent Relationship": "Outer",
                                "Parallel Aware": false,
                                "Join Type": "Inner",
                                "Startup Cost": 92889.45,
                                "Total Cost": 131657.53,
                                "Plan Rows": 2528509,
                                "Plan Width": 4,
                                "Actual Startup Time": 966.034,
                                "Actual Total Time": 1177.826,
                                "Actual Rows": 2528312,
                                "Actual Loops": 1,
                                "Inner Unique": false,
                                "Hash Cond": "(kt.id = t.kind_id)",
                                "Plans": [
                                  {
                                    "Node Type": "Seq Scan",
                                    "Parent Relationship": "Outer",
                                    "Parallel Aware": false,
                                    "Relation Name": "kind_type",
                                    "Alias": "kt",
                                    "Startup Cost": 0.0,
                                    "Total Cost": 1.07,
                                    "Plan Rows": 7,
                                    "Plan Width": 4,
                                    "Actual Startup Time": 0.022,
                                    "Actual Total Time": 0.034,
                                    "Actual Rows": 7,
                                    "Actual Loops": 1
                                  },
                                  {
                                    "Node Type": "Hash",
                                    "Parent Relationship": "Inner",
                                    "Parallel Aware": false,
                                    "Startup Cost": 61283.09,
                                    "Total Cost": 61283.09,
                                    "Plan Rows": 2528509,
                                    "Plan Width": 8,
                                    "Actual Startup Time": 937.596,
                                    "Actual Total Time": 937.597,
                                    "Actual Rows": 2528312,
                                    "Actual Loops": 1,
                                    "Hash Buckets": 4194304,
                                    "Original Hash Buckets": 4194304,
                                    "Hash Batches": 1,
                                    "Original Hash Batches": 1,
                                    "Peak Memory Usage": 131531,
                                    "Plans": [
                                      {
                                        "Node Type": "Seq Scan",
                                        "Parent Relationship": "Outer",
                                        "Parallel Aware": false,
                                        "Relation Name": "title",
                                        "Alias": "t",
                                        "Startup Cost": 0.0,
                                        "Total Cost": 61283.09,
                                        "Plan Rows": 2528509,
                                        "Plan Width": 8,
                                        "Actual Startup Time": 0.059,
                                        "Actual Total Time": 546.964,
                                        "Actual Rows": 2528312,
                                        "Actual Loops": 1
                                      }
                                    ]
                                  }
                                ]
                              }
                            ]
                          }
                        ]
                      },
                      {
                        "Node Type": "Hash",
                        "Parent Relationship": "Inner",
                        "Parallel Aware": false,
                        "Startup Cost": 51404.11,
                        "Total Cost": 51404.11,
                        "Plan Rows": 2581606,
                        "Plan Width": 12,
                        "Actual Startup Time": 1640.672,
                        "Actual Total Time": 1640.673,
                        "Actual Rows": 2583037,
                        "Actual Loops": 1,
                        "Hash Buckets": 4194304,
                        "Original Hash Buckets": 4194304,
                        "Hash Batches": 1,
                        "Original Hash Batches": 1,
                        "Peak Memory Usage": 143758,
                        "Plans": [
                          {
                            "Node Type": "Seq Scan",
                            "Parent Relationship": "Outer",
                            "Parallel Aware": false,
                            "Relation Name": "movie_companies",
                            "Alias": "mc",
                            "Startup Cost": 0.0,
                            "Total Cost": 51404.11,
                            "Plan Rows": 2581606,
                            "Plan Width": 12,
                            "Actual Startup Time": 0.066,
                            "Actual Total Time": 650.235,
                            "Actual Rows": 2583037,
                            "Actual Loops": 1,
                            "Filter": "(company_id < 211061)",
                            "Rows Removed by Filter": 26092
                          }
                        ]
                      }
                    ]
                  }
                ]
              }
            ]
          }
        ]
      }
    ]
  },
  "Planning Time": 9.057,
  "Triggers": [],
  "Execution Time": 134827.133
}