[
  {
    "Plan": {
      "Node Type": "Aggregate",
      "Strategy": "Plain",
      "Partial Mode": "Finalize",
      "Parallel Aware": false,
      "Startup Cost": 45927.47,
      "Total Cost": 45927.48,
      "Plan Rows": 1,
      "Plan Width": 8,
      "Actual Startup Time": 166.058,
      "Actual Total Time": 175.283,
      "Actual Rows": 1,
      "Actual Loops": 1,
      "Plans": [
        {
          "Node Type": "Gather",
          "Parent Relationship": "Outer",
          "Parallel Aware": false,
          "Startup Cost": 45927.15,
          "Total Cost": 45927.46,
          "Plan Rows": 3,
          "Plan Width": 8,
          "Actual Startup Time": 165.921,
          "Actual Total Time": 175.274,
          "Actual Rows": 4,
          "Actual Loops": 1,
          "Workers Planned": 3,
          "Workers Launched": 3,
          "Single Copy": false,
          "Plans": [
            {
              "Node Type": "Aggregate",
              "Strategy": "Plain",
              "Partial Mode": "Partial",
              "Parent Relationship": "Outer",
              "Parallel Aware": false,
              "Startup Cost": 44927.15,
              "Total Cost": 44927.16,
              "Plan Rows": 1,
              "Plan Width": 8,
              "Actual Startup Time": 158.759,
              "Actual Total Time": 158.76,
              "Actual Rows": 1,
              "Actual Loops": 4,
              "Plans": [
                {
                  "Node Type": "Seq Scan",
                  "Parent Relationship": "Outer",
                  "Parallel Aware": true,
                  "Relation Name": "movie_keyword",
                  "Alias": "mk",
                  "Startup Cost": 0.0,
                  "Total Cost": 42695.65,
                  "Plan Rows": 892598,
                  "Plan Width": 0,
                  "Actual Startup Time": 0.379,
                  "Actual Total Time": 125.392,
                  "Actual Rows": 689865,
                  "Actual Loops": 4,
                  "Filter": "(keyword_id > 2864)",
                  "Rows Removed by Filter": 441118
                }
              ]
            }
          ]
        }
      ]
    },
    "Planning Time": 0.158,
    "Triggers": [],
    "Execution Time": 175.328
  }
]