[
  {
    "Plan": {
      "Node Type": "Aggregate",
      "Strategy": "Plain",
      "Partial Mode": "Finalize",
      "Parallel Aware": false,
      "Startup Cost": 45931.39,
      "Total Cost": 45931.4,
      "Plan Rows": 1,
      "Plan Width": 8,
      "Actual Startup Time": 177.831,
      "Actual Total Time": 185.097,
      "Actual Rows": 1,
      "Actual Loops": 1,
      "Plans": [
        {
          "Node Type": "Gather",
          "Parent Relationship": "Outer",
          "Parallel Aware": false,
          "Startup Cost": 45931.08,
          "Total Cost": 45931.39,
          "Plan Rows": 3,
          "Plan Width": 8,
          "Actual Startup Time": 177.61,
          "Actual Total Time": 185.088,
          "Actual Rows": 4,
          "Actual Loops": 1,
          "Workers Planned": 3,
          "Workers Launched": 3,
          "Single Copy": false,
          "Plans": [
            {
              "Node Type": "Aggregate",
              "Strategy": "Plain",
              "Partial Mode": "Partial",
              "Parent Relationship": "Outer",
              "Parallel Aware": false,
              "Startup Cost": 44931.08,
              "Total Cost": 44931.09,
              "Plan Rows": 1,
              "Plan Width": 8,
              "Actual Startup Time": 170.394,
              "Actual Total Time": 170.396,
              "Actual Rows": 1,
              "Actual Loops": 4,
              "Plans": [
                {
                  "Node Type": "Seq Scan",
                  "Parent Relationship": "Outer",
                  "Parallel Aware": true,
                  "Relation Name": "movie_keyword",
                  "Alias": "mk",
                  "Startup Cost": 0.0,
                  "Total Cost": 42695.65,
                  "Plan Rows": 894169,
                  "Plan Width": 0,
                  "Actual Startup Time": 0.321,
                  "Actual Total Time": 133.975,
                  "Actual Rows": 689865,
                  "Actual Loops": 4,
                  "Filter": "(keyword_id > 2864)",
                  "Rows Removed by Filter": 441118
                }
              ]
            }
          ]
        }
      ]
    },
    "Planning Time": 0.177,
    "Triggers": [],
    "Execution Time": 185.15
  }
]