[
  {
    "Plan": {
      "Node Type": "Aggregate",
      "Strategy": "Plain",
      "Partial Mode": "Finalize",
      "Parallel Aware": false,
      "Startup Cost": 31327.84,
      "Total Cost": 31327.85,
      "Plan Rows": 1,
      "Plan Width": 8,
      "Actual Startup Time": 101.345,
      "Actual Total Time": 109.275,
      "Actual Rows": 1,
      "Actual Loops": 1,
      "Plans": [
        {
          "Node Type": "Gather",
          "Parent Relationship": "Outer",
          "Parallel Aware": false,
          "Startup Cost": 31327.53,
          "Total Cost": 31327.84,
          "Plan Rows": 3,
          "Plan Width": 8,
          "Actual Startup Time": 101.232,
          "Actual Total Time": 109.266,
          "Actual Rows": 4,
          "Actual Loops": 1,
          "Workers Planned": 3,
          "Workers Launched": 3,
          "Single Copy": false,
          "Plans": [
            {
              "Node Type": "Aggregate",
              "Strategy": "Plain",
              "Partial Mode": "Partial",
              "Parent Relationship": "Outer",
              "Parallel Aware": false,
              "Startup Cost": 30327.53,
              "Total Cost": 30327.54,
              "Plan Rows": 1,
              "Plan Width": 8,
              "Actual Startup Time": 94.378,
              "Actual Total Time": 94.379,
              "Actual Rows": 1,
              "Actual Loops": 4,
              "Plans": [
                {
                  "Node Type": "Seq Scan",
                  "Parent Relationship": "Outer",
                  "Parallel Aware": true,
                  "Relation Name": "movie_companies",
                  "Alias": "mc",
                  "Startup Cost": 0.0,
                  "Total Cost": 29310.68,
                  "Plan Rows": 406738,
                  "Plan Width": 0,
                  "Actual Startup Time": 0.033,
                  "Actual Total Time": 76.903,
                  "Actual Rows": 313326,
                  "Actual Loops": 4,
                  "Filter": "(company_id < 11156)",
                  "Rows Removed by Filter": 338956
                }
              ]
            }
          ]
        }
      ]
    },
    "Planning Time": 0.14,
    "Triggers": [],
    "Execution Time": 109.323
  }
]