[
  {
    "Plan": {
      "Node Type": "Aggregate",
      "Strategy": "Plain",
      "Partial Mode": "Finalize",
      "Parallel Aware": false,
      "Startup Cost": 31892.85,
      "Total Cost": 31892.86,
      "Plan Rows": 1,
      "Plan Width": 8,
      "Actual Startup Time": 126.908,
      "Actual Total Time": 136.738,
      "Actual Rows": 1,
      "Actual Loops": 1,
      "Plans": [
        {
          "Node Type": "Gather",
          "Parent Relationship": "Outer",
          "Parallel Aware": false,
          "Startup Cost": 31892.53,
          "Total Cost": 31892.84,
          "Plan Rows": 3,
          "Plan Width": 8,
          "Actual Startup Time": 126.812,
          "Actual Total Time": 136.728,
          "Actual Rows": 4,
          "Actual Loops": 1,
          "Workers Planned": 3,
          "Workers Launched": 3,
          "Single Copy": false,
          "Plans": [
            {
              "Node Type": "Aggregate",
              "Strategy": "Plain",
              "Partial Mode": "Partial",
              "Parent Relationship": "Outer",
              "Parallel Aware": false,
              "Startup Cost": 30892.53,
              "Total Cost": 30892.54,
              "Plan Rows": 1,
              "Plan Width": 8,
              "Actual Startup Time": 120.238,
              "Actual Total Time": 120.239,
              "Actual Rows": 1,
              "Actual Loops": 4,
              "Plans": [
                {
                  "Node Type": "Seq Scan",
                  "Parent Relationship": "Outer",
                  "Parallel Aware": true,
                  "Relation Name": "movie_companies",
                  "Alias": "mc",
                  "Startup Cost": 0.0,
                  "Total Cost": 29310.68,
                  "Plan Rows": 632740,
                  "Plan Width": 0,
                  "Actual Startup Time": 0.032,
                  "Actual Total Time": 92.865,
                  "Actual Rows": 487398,
                  "Actual Loops": 4,
                  "Filter": "(company_id < 52580)",
                  "Rows Removed by Filter": 164884
                }
              ]
            }
          ]
        }
      ]
    },
    "Planning Time": 0.192,
    "Triggers": [],
    "Execution Time": 136.788
  }
]