[
    {
        "Bao": {
            "Bao prediction": "NaN",
            "Bao recommended hint": "(no hint)"
        }
    },
    {
        "Plan": {
            "Node Type": "Aggregate",
            "Strategy": "Plain",
            "Partial Mode": "Finalize",
            "Parallel Aware": false,
            "Startup Cost": 78834.31,
            "Total Cost": 78834.32,
            "Plan Rows": 1,
            "Plan Width": 8,
            "Actual Startup Time": 206.032,
            "Actual Total Time": 219.248,
            "Actual Rows": 1,
            "Actual Loops": 1,
            "Output": [
                "count(*)"
            ],
            "Plans": [
                {
                    "Node Type": "Gather",
                    "Parent Relationship": "Outer",
                    "Parallel Aware": false,
                    "Startup Cost": 78833.99,
                    "Total Cost": 78834.3,
                    "Plan Rows": 3,
                    "Plan Width": 8,
                    "Actual Startup Time": 205.153,
                    "Actual Total Time": 219.242,
                    "Actual Rows": 4,
                    "Actual Loops": 1,
                    "Output": [
                        "(PARTIAL count(*))"
                    ],
                    "Workers Planned": 3,
                    "Workers Launched": 3,
                    "Single Copy": false,
                    "Plans": [
                        {
                            "Node Type": "Aggregate",
                            "Strategy": "Plain",
                            "Partial Mode": "Partial",
                            "Parent Relationship": "Outer",
                            "Parallel Aware": false,
                            "Startup Cost": 77833.99,
                            "Total Cost": 77834.0,
                            "Plan Rows": 1,
                            "Plan Width": 8,
                            "Actual Startup Time": 197.071,
                            "Actual Total Time": 197.075,
                            "Actual Rows": 1,
                            "Actual Loops": 4,
                            "Output": [
                                "PARTIAL count(*)"
                            ],
                            "Workers": [
                                {
                                    "Worker Number": 0,
                                    "Actual Startup Time": 194.046,
                                    "Actual Total Time": 194.049,
                                    "Actual Rows": 1,
                                    "Actual Loops": 1
                                },
                                {
                                    "Worker Number": 1,
                                    "Actual Startup Time": 194.497,
                                    "Actual Total Time": 194.501,
                                    "Actual Rows": 1,
                                    "Actual Loops": 1
                                },
                                {
                                    "Worker Number": 2,
                                    "Actual Startup Time": 194.856,
                                    "Actual Total Time": 194.859,
                                    "Actual Rows": 1,
                                    "Actual Loops": 1
                                }
                            ],
                            "Plans": [
                                {
                                    "Node Type": "Hash Join",
                                    "Parent Relationship": "Outer",
                                    "Parallel Aware": true,
                                    "Join Type": "Inner",
                                    "Startup Cost": 45960.15,
                                    "Total Cost": 77808.84,
                                    "Plan Rows": 10061,
                                    "Plan Width": 0,
                                    "Actual Startup Time": 123.736,
                                    "Actual Total Time": 196.667,
                                    "Actual Rows": 5419,
                                    "Actual Loops": 4,
                                    "Inner Unique": true,
                                    "Hash Cond": "(mc.movie_id = t.id)",
                                    "Workers": [
                                        {
                                            "Worker Number": 0,
                                            "Actual Startup Time": 120.735,
                                            "Actual Total Time": 193.633,
                                            "Actual Rows": 4449,
                                            "Actual Loops": 1
                                        },
                                        {
                                            "Worker Number": 1,
                                            "Actual Startup Time": 121.193,
                                            "Actual Total Time": 194.064,
                                            "Actual Rows": 4655,
                                            "Actual Loops": 1
                                        },
                                        {
                                            "Worker Number": 2,
                                            "Actual Startup Time": 121.435,
                                            "Actual Total Time": 194.426,
                                            "Actual Rows": 4616,
                                            "Actual Loops": 1
                                        }
                                    ],
                                    "Plans": [
                                        {
                                            "Node Type": "Seq Scan",
                                            "Parent Relationship": "Outer",
                                            "Parallel Aware": true,
                                            "Relation Name": "movie_companies",
                                            "Schema": "public",
                                            "Alias": "mc",
                                            "Startup Cost": 0.0,
                                            "Total Cost": 31414.82,
                                            "Plan Rows": 165286,
                                            "Plan Width": 4,
                                            "Actual Startup Time": 11.107,
                                            "Actual Total Time": 72.276,
                                            "Actual Rows": 53650,
                                            "Actual Loops": 4,
                                            "Output": [
                                                "mc.id",
                                                "mc.movie_id",
                                                "mc.company_id",
                                                "mc.company_type_id",
                                                "mc.note"
                                            ],
                                            "Filter": "((mc.company_id > 14986) AND (mc.company_type_id = 1))",
                                            "Rows Removed by Filter": 598632,
                                            "Workers": [
                                                {
                                                    "Worker Number": 0,
                                                    "Actual Startup Time": 11.113,
                                                    "Actual Total Time": 72.981,
                                                    "Actual Rows": 45066,
                                                    "Actual Loops": 1
                                                },
                                                {
                                                    "Worker Number": 1,
                                                    "Actual Startup Time": 11.098,
                                                    "Actual Total Time": 72.469,
                                                    "Actual Rows": 46034,
                                                    "Actual Loops": 1
                                                },
                                                {
                                                    "Worker Number": 2,
                                                    "Actual Startup Time": 11.077,
                                                    "Actual Total Time": 72.309,
                                                    "Actual Rows": 45647,
                                                    "Actual Loops": 1
                                                }
                                            ]
                                        },
                                        {
                                            "Node Type": "Hash",
                                            "Parent Relationship": "Inner",
                                            "Parallel Aware": true,
                                            "Startup Cost": 45479.21,
                                            "Total Cost": 45479.21,
                                            "Plan Rows": 38475,
                                            "Plan Width": 4,
                                            "Actual Startup Time": 111.319,
                                            "Actual Total Time": 111.32,
                                            "Actual Rows": 33690,
                                            "Actual Loops": 4,
                                            "Output": [
                                                "t.id"
                                            ],
                                            "Hash Buckets": 262144,
                                            "Original Hash Buckets": 262144,
                                            "Hash Batches": 1,
                                            "Original Hash Batches": 1,
                                            "Peak Memory Usage": 7424,
                                            "Workers": [
                                                {
                                                    "Worker Number": 0,
                                                    "Actual Startup Time": 108.779,
                                                    "Actual Total Time": 108.78,
                                                    "Actual Rows": 27152,
                                                    "Actual Loops": 1
                                                },
                                                {
                                                    "Worker Number": 1,
                                                    "Actual Startup Time": 109.267,
                                                    "Actual Total Time": 109.268,
                                                    "Actual Rows": 27939,
                                                    "Actual Loops": 1
                                                },
                                                {
                                                    "Worker Number": 2,
                                                    "Actual Startup Time": 109.533,
                                                    "Actual Total Time": 109.534,
                                                    "Actual Rows": 26226,
                                                    "Actual Loops": 1
                                                }
                                            ],
                                            "Plans": [
                                                {
                                                    "Node Type": "Seq Scan",
                                                    "Parent Relationship": "Outer",
                                                    "Parallel Aware": true,
                                                    "Relation Name": "title",
                                                    "Schema": "public",
                                                    "Alias": "t",
                                                    "Startup Cost": 0.0,
                                                    "Total Cost": 45479.21,
                                                    "Plan Rows": 38475,
                                                    "Plan Width": 4,
                                                    "Actual Startup Time": 0.125,
                                                    "Actual Total Time": 97.565,
                                                    "Actual Rows": 33690,
                                                    "Actual Loops": 4,
                                                    "Output": [
                                                        "t.id"
                                                    ],
                                                    "Filter": "((t.kind_id < 7) AND (t.production_year > 2010))",
                                                    "Rows Removed by Filter": 598388,
                                                    "Workers": [
                                                        {
                                                            "Worker Number": 0,
                                                            "Actual Startup Time": 0.193,
                                                            "Actual Total Time": 96.06,
                                                            "Actual Rows": 27152,
                                                            "Actual Loops": 1
                                                        },
                                                        {
                                                            "Worker Number": 1,
                                                            "Actual Startup Time": 0.166,
                                                            "Actual Total Time": 96.267,
                                                            "Actual Rows": 27939,
                                                            "Actual Loops": 1
                                                        },
                                                        {
                                                            "Worker Number": 2,
                                                            "Actual Startup Time": 0.114,
                                                            "Actual Total Time": 95.561,
                                                            "Actual Rows": 26226,
                                                            "Actual Loops": 1
                                                        }
                                                    ]
                                                }
                                            ]
                                        }
                                    ]
                                }
                            ]
                        }
                    ]
                }
            ]
        },
        "Planning Time": 180.394,
        "Triggers": [],
        "Execution Time": 219.292
    }
]