[
  {
    "Plan": {
      "Node Type": "Aggregate",
      "Strategy": "Plain",
      "Partial Mode": "Finalize",
      "Parallel Aware": false,
      "Startup Cost": 338716.89,
      "Total Cost": 338716.9,
      "Plan Rows": 1,
      "Plan Width": 8,
      "Actual Startup Time": 1006.469,
      "Actual Total Time": 1059.069,
      "Actual Rows": 1,
      "Actual Loops": 1,
      "Plans": [
        {
          "Node Type": "Gather",
          "Parent Relationship": "Outer",
          "Parallel Aware": false,
          "Startup Cost": 338716.26,
          "Total Cost": 338716.87,
          "Plan Rows": 6,
          "Plan Width": 8,
          "Actual Startup Time": 1006.289,
          "Actual Total Time": 1059.053,
          "Actual Rows": 7,
          "Actual Loops": 1,
          "Workers Planned": 6,
          "Workers Launched": 6,
          "Single Copy": false,
          "Plans": [
            {
              "Node Type": "Aggregate",
              "Strategy": "Plain",
              "Partial Mode": "Partial",
              "Parent Relationship": "Outer",
              "Parallel Aware": false,
              "Startup Cost": 337716.26,
              "Total Cost": 337716.27,
              "Plan Rows": 1,
              "Plan Width": 8,
              "Actual Startup Time": 999.574,
              "Actual Total Time": 999.575,
              "Actual Rows": 1,
              "Actual Loops": 7,
              "Plans": [
                {
                  "Node Type": "Seq Scan",
                  "Parent Relationship": "Outer",
                  "Parallel Aware": true,
                  "Relation Name": "cast_info",
                  "Alias": "ci",
                  "Startup Cost": 0.0,
                  "Total Cost": 328211.39,
                  "Plan Rows": 3801948,
                  "Plan Width": 0,
                  "Actual Startup Time": 195.152,
                  "Actual Total Time": 790.949,
                  "Actual Rows": 3239685,
                  "Actual Loops": 7,
                  "Filter": "(person_id > 1336636)",
                  "Rows Removed by Filter": 1938079
                }
              ]
            }
          ]
        }
      ]
    },
    "Planning Time": 0.109,
    "Triggers": [],
    "Execution Time": 1059.118
  }
]