[
  {
    "Plan": {
      "Node Type": "Aggregate",
      "Strategy": "Plain",
      "Partial Mode": "Finalize",
      "Parallel Aware": false,
      "Startup Cost": 336206.84,
      "Total Cost": 336206.85,
      "Plan Rows": 1,
      "Plan Width": 8,
      "Actual Startup Time": 709.435,
      "Actual Total Time": 768.996,
      "Actual Rows": 1,
      "Actual Loops": 1,
      "Plans": [
        {
          "Node Type": "Gather",
          "Parent Relationship": "Outer",
          "Parallel Aware": false,
          "Startup Cost": 336206.21,
          "Total Cost": 336206.82,
          "Plan Rows": 6,
          "Plan Width": 8,
          "Actual Startup Time": 709.296,
          "Actual Total Time": 768.985,
          "Actual Rows": 7,
          "Actual Loops": 1,
          "Workers Planned": 6,
          "Workers Launched": 6,
          "Single Copy": false,
          "Plans": [
            {
              "Node Type": "Aggregate",
              "Strategy": "Plain",
              "Partial Mode": "Partial",
              "Parent Relationship": "Outer",
              "Parallel Aware": false,
              "Startup Cost": 335206.21,
              "Total Cost": 335206.22,
              "Plan Rows": 1,
              "Plan Width": 8,
              "Actual Startup Time": 700.836,
              "Actual Total Time": 700.837,
              "Actual Rows": 1,
              "Actual Loops": 7,
              "Plans": [
                {
                  "Node Type": "Seq Scan",
                  "Parent Relationship": "Outer",
                  "Parallel Aware": true,
                  "Relation Name": "cast_info",
                  "Alias": "ci",
                  "Startup Cost": 0.0,
                  "Total Cost": 328162.03,
                  "Plan Rows": 2817674,
                  "Plan Width": 0,
                  "Actual Startup Time": 213.697,
                  "Actual Total Time": 595.093,
                  "Actual Rows": 2404826,
                  "Actual Loops": 7,
                  "Filter": "(person_id > 1942401)",
                  "Rows Removed by Filter": 2772937
                }
              ]
            }
          ]
        }
      ]
    },
    "Planning Time": 0.195,
    "Triggers": [],
    "Execution Time": 769.066
  }
]