[
  {
    "Plan": {
      "Node Type": "Aggregate",
      "Strategy": "Plain",
      "Partial Mode": "Finalize",
      "Parallel Aware": false,
      "Startup Cost": 568825.07,
      "Total Cost": 568825.08,
      "Plan Rows": 1,
      "Plan Width": 8,
      "Actual Startup Time": 1259.612,
      "Actual Total Time": 1306.636,
      "Actual Rows": 1,
      "Actual Loops": 1,
      "Plans": [
        {
          "Node Type": "Gather",
          "Parent Relationship": "Outer",
          "Parallel Aware": false,
          "Startup Cost": 568824.55,
          "Total Cost": 568825.06,
          "Plan Rows": 5,
          "Plan Width": 8,
          "Actual Startup Time": 1252.97,
          "Actual Total Time": 1306.612,
          "Actual Rows": 6,
          "Actual Loops": 1,
          "Workers Planned": 5,
          "Workers Launched": 5,
          "Single Copy": false,
          "Plans": [
            {
              "Node Type": "Aggregate",
              "Strategy": "Plain",
              "Partial Mode": "Partial",
              "Parent Relationship": "Outer",
              "Parallel Aware": false,
              "Startup Cost": 567824.55,
              "Total Cost": 567824.56,
              "Plan Rows": 1,
              "Plan Width": 8,
              "Actual Startup Time": 1243.41,
              "Actual Total Time": 1243.545,
              "Actual Rows": 1,
              "Actual Loops": 6,
              "Plans": [
                {
                  "Node Type": "Hash Join",
                  "Parent Relationship": "Outer",
                  "Parallel Aware": true,
                  "Join Type": "Inner",
                  "Startup Cost": 361652.71,
                  "Total Cost": 565710.29,
                  "Plan Rows": 845702,
                  "Plan Width": 0,
                  "Actual Startup Time": 476.402,
                  "Actual Total Time": 1220.151,
                  "Actual Rows": 554037,
                  "Actual Loops": 6,
                  "Inner Unique": false,
                  "Hash Cond": "(mi.movie_id = t.id)",
                  "Plans": [
                    {
                      "Node Type": "Seq Scan",
                      "Parent Relationship": "Outer",
                      "Parallel Aware": true,
                      "Relation Name": "movie_info",
                      "Alias": "mi",
                      "Startup Cost": 0.0,
                      "Total Cost": 191560.33,
                      "Plan Rows": 2956733,
                      "Plan Width": 4,
                      "Actual Startup Time": 0.033,
                      "Actual Total Time": 281.139,
                      "Actual Rows": 2472620,
                      "Actual Loops": 6
                    },
                    {
                      "Node Type": "Hash",
                      "Parent Relationship": "Inner",
                      "Parallel Aware": true,
                      "Startup Cost": 360146.14,
                      "Total Cost": 360146.14,
                      "Plan Rows": 120526,
                      "Plan Width": 8,
                      "Actual Startup Time": 472.018,
                      "Actual Total Time": 472.151,
                      "Actual Rows": 122217,
                      "Actual Loops": 6,
                      "Hash Buckets": 1048576,
                      "Original Hash Buckets": 1048576,
                      "Hash Batches": 1,
                      "Original Hash Batches": 1,
                      "Peak Memory Usage": 36992,
                      "Plans": [
                        {
                          "Node Type": "Hash Join",
                          "Parent Relationship": "Outer",
                          "Parallel Aware": true,
                          "Join Type": "Inner",
                          "Startup Cost": 101351.38,
                          "Total Cost": 360146.14,
                          "Plan Rows": 120526,
                          "Plan Width": 8,
                          "Actual Startup Time": 230.543,
                          "Actual Total Time": 420.548,
                          "Actual Rows": 122217,
                          "Actual Loops": 6,
                          "Inner Unique": true,
                          "Hash Cond": "(ci.movie_id = t.id)",
                          "Plans": [
                            {
                              "Node Type": "Bitmap Heap Scan",
                              "Parent Relationship": "Outer",
                              "Parallel Aware": true,
                              "Relation Name": "cast_info",
                              "Alias": "ci",
                              "Startup Cost": 53514.13,
                              "Total Cost": 311248.87,
                              "Plan Rows": 403819,
                              "Plan Width": 4,
                              "Actual Startup Time": 86.46,
                              "Actual Total Time": 150.69,
                              "Actual Rows": 408120,
                              "Actual Loops": 6,
                              "Recheck Cond": "(person_id < 237710)",
                              "Rows Removed by Index Recheck": 0,
                              "Exact Heap Blocks": 4650,
                              "Lossy Heap Blocks": 0,
                              "Plans": [
                                {
                                  "Node Type": "Bitmap Index Scan",
                                  "Parent Relationship": "Outer",
                                  "Parallel Aware": false,
                                  "Index Name": "person_id_cast_info",
                                  "Startup Cost": 0.0,
                                  "Total Cost": 52908.4,
                                  "Plan Rows": 2422912,
                                  "Plan Width": 0,
                                  "Actual Startup Time": 82.434,
                                  "Actual Total Time": 82.434,
                                  "Actual Rows": 2448723,
                                  "Actual Loops": 1,
                                  "Index Cond": "(person_id < 237710)"
                                }
                              ]
                            },
                            {
                              "Node Type": "Hash",
                              "Parent Relationship": "Inner",
                              "Parallel Aware": true,
                              "Startup Cost": 45479.1,
                              "Total Cost": 45479.1,
                              "Plan Rows": 188652,
                              "Plan Width": 4,
                              "Actual Startup Time": 142.091,
                              "Actual Total Time": 142.092,
                              "Actual Rows": 132773,
                              "Actual Loops": 6,
                              "Hash Buckets": 1048576,
                              "Original Hash Buckets": 1048576,
                              "Hash Batches": 1,
                              "Original Hash Batches": 1,
                              "Peak Memory Usage": 39424,
                              "Plans": [
                                {
                                  "Node Type": "Seq Scan",
                                  "Parent Relationship": "Outer",
                                  "Parallel Aware": true,
                                  "Relation Name": "title",
                                  "Alias": "t",
                                  "Startup Cost": 0.0,
                                  "Total Cost": 45479.1,
                                  "Plan Rows": 188652,
                                  "Plan Width": 4,
                                  "Actual Startup Time": 0.043,
                                  "Actual Total Time": 81.01,
                                  "Actual Rows": 132773,
                                  "Actual Loops": 6,
                                  "Filter": "((kind_id > 1) AND (production_year > 2005))",
                                  "Rows Removed by Filter": 288612
                                }
                              ]
                            }
                          ]
                        }
                      ]
                    }
                  ]
                }
              ]
            }
          ]
        }
      ]
    },
    "Planning Time": 1.114,
    "Triggers": [],
    "Execution Time": 1306.756
  }
]