[
    {
        "Bao": {
            "Bao prediction": "NaN",
            "Bao recommended hint": "(no hint)"
        }
    },
    {
        "Plan": {
            "Node Type": "Aggregate",
            "Strategy": "Plain",
            "Partial Mode": "Finalize",
            "Parallel Aware": false,
            "Startup Cost": 96789.35,
            "Total Cost": 96789.36,
            "Plan Rows": 1,
            "Plan Width": 8,
            "Actual Startup Time": 415.851,
            "Actual Total Time": 454.945,
            "Actual Rows": 1,
            "Actual Loops": 1,
            "Output": [
                "count(*)"
            ],
            "Plans": [
                {
                    "Node Type": "Gather",
                    "Parent Relationship": "Outer",
                    "Parallel Aware": false,
                    "Startup Cost": 96789.03,
                    "Total Cost": 96789.34,
                    "Plan Rows": 3,
                    "Plan Width": 8,
                    "Actual Startup Time": 414.018,
                    "Actual Total Time": 454.934,
                    "Actual Rows": 4,
                    "Actual Loops": 1,
                    "Output": [
                        "(PARTIAL count(*))"
                    ],
                    "Workers Planned": 3,
                    "Workers Launched": 3,
                    "Single Copy": false,
                    "Plans": [
                        {
                            "Node Type": "Aggregate",
                            "Strategy": "Plain",
                            "Partial Mode": "Partial",
                            "Parent Relationship": "Outer",
                            "Parallel Aware": false,
                            "Startup Cost": 95789.03,
                            "Total Cost": 95789.04,
                            "Plan Rows": 1,
                            "Plan Width": 8,
                            "Actual Startup Time": 405.045,
                            "Actual Total Time": 405.049,
                            "Actual Rows": 1,
                            "Actual Loops": 4,
                            "Output": [
                                "PARTIAL count(*)"
                            ],
                            "Workers": [
                                {
                                    "Worker Number": 0,
                                    "Actual Startup Time": 401.89,
                                    "Actual Total Time": 401.893,
                                    "Actual Rows": 1,
                                    "Actual Loops": 1
                                },
                                {
                                    "Worker Number": 1,
                                    "Actual Startup Time": 401.903,
                                    "Actual Total Time": 401.906,
                                    "Actual Rows": 1,
                                    "Actual Loops": 1
                                },
                                {
                                    "Worker Number": 2,
                                    "Actual Startup Time": 402.72,
                                    "Actual Total Time": 402.725,
                                    "Actual Rows": 1,
                                    "Actual Loops": 1
                                }
                            ],
                            "Plans": [
                                {
                                    "Node Type": "Nested Loop",
                                    "Parent Relationship": "Outer",
                                    "Parallel Aware": false,
                                    "Join Type": "Inner",
                                    "Startup Cost": 48710.98,
                                    "Total Cost": 95740.09,
                                    "Plan Rows": 19575,
                                    "Plan Width": 0,
                                    "Actual Startup Time": 144.591,
                                    "Actual Total Time": 402.941,
                                    "Actual Rows": 31811,
                                    "Actual Loops": 4,
                                    "Inner Unique": false,
                                    "Workers": [
                                        {
                                            "Worker Number": 0,
                                            "Actual Startup Time": 141.56,
                                            "Actual Total Time": 399.801,
                                            "Actual Rows": 25834,
                                            "Actual Loops": 1
                                        },
                                        {
                                            "Worker Number": 1,
                                            "Actual Startup Time": 141.687,
                                            "Actual Total Time": 399.794,
                                            "Actual Rows": 25858,
                                            "Actual Loops": 1
                                        },
                                        {
                                            "Worker Number": 2,
                                            "Actual Startup Time": 141.889,
                                            "Actual Total Time": 400.65,
                                            "Actual Rows": 25088,
                                            "Actual Loops": 1
                                        }
                                    ],
                                    "Plans": [
                                        {
                                            "Node Type": "Hash Join",
                                            "Parent Relationship": "Outer",
                                            "Parallel Aware": true,
                                            "Join Type": "Inner",
                                            "Startup Cost": 48710.41,
                                            "Total Cost": 73540.38,
                                            "Plan Rows": 5014,
                                            "Plan Width": 8,
                                            "Actual Startup Time": 144.389,
                                            "Actual Total Time": 170.228,
                                            "Actual Rows": 4182,
                                            "Actual Loops": 4,
                                            "Output": [
                                                "t.id",
                                                "mk.movie_id"
                                            ],
                                            "Inner Unique": true,
                                            "Hash Cond": "(mk.movie_id = t.id)",
                                            "Workers": [
                                                {
                                                    "Worker Number": 0,
                                                    "Actual Startup Time": 141.368,
                                                    "Actual Total Time": 165.017,
                                                    "Actual Rows": 3344,
                                                    "Actual Loops": 1
                                                },
                                                {
                                                    "Worker Number": 1,
                                                    "Actual Startup Time": 141.372,
                                                    "Actual Total Time": 165.083,
                                                    "Actual Rows": 3256,
                                                    "Actual Loops": 1
                                                },
                                                {
                                                    "Worker Number": 2,
                                                    "Actual Startup Time": 141.647,
                                                    "Actual Total Time": 167.342,
                                                    "Actual Rows": 3316,
                                                    "Actual Loops": 1
                                                }
                                            ],
                                            "Plans": [
                                                {
                                                    "Node Type": "Bitmap Heap Scan",
                                                    "Parent Relationship": "Outer",
                                                    "Parallel Aware": true,
                                                    "Relation Name": "movie_keyword",
                                                    "Schema": "public",
                                                    "Alias": "mk",
                                                    "Startup Cost": 1637.63,
                                                    "Total Cost": 26402.35,
                                                    "Plan Rows": 24857,
                                                    "Plan Width": 4,
                                                    "Actual Startup Time": 8.28,
                                                    "Actual Total Time": 24.547,
                                                    "Actual Rows": 18124,
                                                    "Actual Loops": 4,
                                                    "Output": [
                                                        "mk.id",
                                                        "mk.movie_id",
                                                        "mk.keyword_id"
                                                    ],
                                                    "Recheck Cond": "(mk.keyword_id = 335)",
                                                    "Rows Removed by Index Recheck": 0,
                                                    "Exact Heap Blocks": 6298,
                                                    "Lossy Heap Blocks": 0,
                                                    "Workers": [
                                                        {
                                                            "Worker Number": 0,
                                                            "Actual Startup Time": 8.224,
                                                            "Actual Total Time": 24.142,
                                                            "Actual Rows": 14690,
                                                            "Actual Loops": 1
                                                        },
                                                        {
                                                            "Worker Number": 1,
                                                            "Actual Startup Time": 8.197,
                                                            "Actual Total Time": 24.165,
                                                            "Actual Rows": 14348,
                                                            "Actual Loops": 1
                                                        },
                                                        {
                                                            "Worker Number": 2,
                                                            "Actual Startup Time": 8.532,
                                                            "Actual Total Time": 25.686,
                                                            "Actual Rows": 13943,
                                                            "Actual Loops": 1
                                                        }
                                                    ],
                                                    "Plans": [
                                                        {
                                                            "Node Type": "Bitmap Index Scan",
                                                            "Parent Relationship": "Outer",
                                                            "Parallel Aware": false,
                                                            "Index Name": "keyword_id_movie_keyword",
                                                            "Startup Cost": 0.0,
                                                            "Total Cost": 1618.37,
                                                            "Plan Rows": 77058,
                                                            "Plan Width": 0,
                                                            "Actual Startup Time": 5.655,
                                                            "Actual Total Time": 5.656,
                                                            "Actual Rows": 72496,
                                                            "Actual Loops": 1,
                                                            "Index Cond": "(mk.keyword_id = 335)"
                                                        }
                                                    ]
                                                },
                                                {
                                                    "Node Type": "Hash",
                                                    "Parent Relationship": "Inner",
                                                    "Parallel Aware": true,
                                                    "Startup Cost": 45479.21,
                                                    "Total Cost": 45479.21,
                                                    "Plan Rows": 127486,
                                                    "Plan Width": 4,
                                                    "Actual Startup Time": 131.964,
                                                    "Actual Total Time": 131.965,
                                                    "Actual Rows": 131032,
                                                    "Actual Loops": 4,
                                                    "Output": [
                                                        "t.id"
                                                    ],
                                                    "Hash Buckets": 524288,
                                                    "Original Hash Buckets": 524288,
                                                    "Hash Batches": 1,
                                                    "Original Hash Batches": 1,
                                                    "Peak Memory Usage": 24672,
                                                    "Workers": [
                                                        {
                                                            "Worker Number": 0,
                                                            "Actual Startup Time": 130.401,
                                                            "Actual Total Time": 130.401,
                                                            "Actual Rows": 131497,
                                                            "Actual Loops": 1
                                                        },
                                                        {
                                                            "Worker Number": 1,
                                                            "Actual Startup Time": 130.39,
                                                            "Actual Total Time": 130.391,
                                                            "Actual Rows": 131342,
                                                            "Actual Loops": 1
                                                        },
                                                        {
                                                            "Worker Number": 2,
                                                            "Actual Startup Time": 130.704,
                                                            "Actual Total Time": 130.705,
                                                            "Actual Rows": 109768,
                                                            "Actual Loops": 1
                                                        }
                                                    ],
                                                    "Plans": [
                                                        {
                                                            "Node Type": "Seq Scan",
                                                            "Parent Relationship": "Outer",
                                                            "Parallel Aware": true,
                                                            "Relation Name": "title",
                                                            "Schema": "public",
                                                            "Alias": "t",
                                                            "Startup Cost": 0.0,
                                                            "Total Cost": 45479.21,
                                                            "Plan Rows": 127486,
                                                            "Plan Width": 4,
                                                            "Actual Startup Time": 53.941,
                                                            "Actual Total Time": 94.361,
                                                            "Actual Rows": 131032,
                                                            "Actual Loops": 4,
                                                            "Output": [
                                                                "t.id"
                                                            ],
                                                            "Filter": "((t.production_year < 2010) AND (t.kind_id = 1))",
                                                            "Rows Removed by Filter": 501046,
                                                            "Workers": [
                                                                {
                                                                    "Worker Number": 0,
                                                                    "Actual Startup Time": 52.274,
                                                                    "Actual Total Time": 94.148,
                                                                    "Actual Rows": 131497,
                                                                    "Actual Loops": 1
                                                                },
                                                                {
                                                                    "Worker Number": 1,
                                                                    "Actual Startup Time": 52.298,
                                                                    "Actual Total Time": 94.398,
                                                                    "Actual Rows": 131342,
                                                                    "Actual Loops": 1
                                                                },
                                                                {
                                                                    "Worker Number": 2,
                                                                    "Actual Startup Time": 52.864,
                                                                    "Actual Total Time": 92.094,
                                                                    "Actual Rows": 109768,
                                                                    "Actual Loops": 1
                                                                }
                                                            ]
                                                        }
                                                    ]
                                                }
                                            ]
                                        },
                                        {
                                            "Node Type": "Index Scan",
                                            "Parent Relationship": "Inner",
                                            "Parallel Aware": false,
                                            "Scan Direction": "Forward",
                                            "Index Name": "movie_id_cast_info",
                                            "Relation Name": "cast_info",
                                            "Schema": "public",
                                            "Alias": "ci",
                                            "Startup Cost": 0.56,
                                            "Total Cost": 4.33,
                                            "Plan Rows": 10,
                                            "Plan Width": 4,
                                            "Actual Startup Time": 0.037,
                                            "Actual Total Time": 0.055,
                                            "Actual Rows": 8,
                                            "Actual Loops": 16729,
                                            "Output": [
                                                "ci.id",
                                                "ci.person_id",
                                                "ci.movie_id",
                                                "ci.person_role_id",
                                                "ci.note",
                                                "ci.nr_order",
                                                "ci.role_id"
                                            ],
                                            "Index Cond": "(ci.movie_id = t.id)",
                                            "Rows Removed by Index Recheck": 0,
                                            "Filter": "(ci.person_id > 2722829)",
                                            "Rows Removed by Filter": 23,
                                            "Workers": [
                                                {
                                                    "Worker Number": 0,
                                                    "Actual Startup Time": 0.047,
                                                    "Actual Total Time": 0.069,
                                                    "Actual Rows": 8,
                                                    "Actual Loops": 3344
                                                },
                                                {
                                                    "Worker Number": 1,
                                                    "Actual Startup Time": 0.048,
                                                    "Actual Total Time": 0.071,
                                                    "Actual Rows": 8,
                                                    "Actual Loops": 3256
                                                },
                                                {
                                                    "Worker Number": 2,
                                                    "Actual Startup Time": 0.047,
                                                    "Actual Total Time": 0.069,
                                                    "Actual Rows": 8,
                                                    "Actual Loops": 3316
                                                }
                                            ]
                                        }
                                    ]
                                }
                            ]
                        }
                    ]
                }
            ]
        },
        "Planning Time": 225.562,
        "Triggers": [],
        "Execution Time": 455.053
    }
]