{
  "Plan": {
    "Node Type": "Aggregate",
    "Strategy": "Plain",
    "Partial Mode": "Finalize",
    "Parallel Aware": false,
    "Startup Cost": 664729.36,
    "Total Cost": 664729.37,
    "Plan Rows": 1,
    "Plan Width": 8,
    "Actual Startup Time": 4778.031,
    "Actual Total Time": 4831.19,
    "Actual Rows": 1,
    "Actual Loops": 1,
    "Plans": [
      {
        "Node Type": "Gather",
        "Parent Relationship": "Outer",
        "Parallel Aware": false,
        "Startup Cost": 664729.24,
        "Total Cost": 664729.35,
        "Plan Rows": 1,
        "Plan Width": 8,
        "Actual Startup Time": 4775.849,
        "Actual Total Time": 4831.18,
        "Actual Rows": 2,
        "Actual Loops": 1,
        "Workers Planned": 1,
        "Workers Launched": 1,
        "Single Copy": false,
        "Plans": [
          {
            "Node Type": "Aggregate",
            "Strategy": "Plain",
            "Partial Mode": "Partial",
            "Parent Relationship": "Outer",
            "Parallel Aware": false,
            "Startup Cost": 663729.24,
            "Total Cost": 663729.25,
            "Plan Rows": 1,
            "Plan Width": 8,
            "Actual Startup Time": 4770.203,
            "Actual Total Time": 4770.207,
            "Actual Rows": 1,
            "Actual Loops": 2,
            "Plans": [
              {
                "Node Type": "Hash Join",
                "Parent Relationship": "Outer",
                "Parallel Aware": true,
                "Join Type": "Inner",
                "Startup Cost": 64846.39,
                "Total Cost": 657069.6,
                "Plan Rows": 2663859,
                "Plan Width": 0,
                "Actual Startup Time": 811.381,
                "Actual Total Time": 4601.029,
                "Actual Rows": 4080036,
                "Actual Loops": 2,
                "Inner Unique": true,
                "Hash Cond": "(ci.movie_id = t.id)",
                "Plans": [
                  {
                    "Node Type": "Seq Scan",
                    "Parent Relationship": "Outer",
                    "Parallel Aware": true,
                    "Relation Name": "cast_info",
                    "Alias": "ci",
                    "Startup Cost": 0.0,
                    "Total Cost": 572345.93,
                    "Plan Rows": 7572282,
                    "Plan Width": 4,
                    "Actual Startup Time": 486.125,
                    "Actual Total Time": 1751.283,
                    "Actual Rows": 9476962,
                    "Actual Loops": 2,
                    "Filter": "((person_id > 1643119) AND (role_id > 1))",
                    "Rows Removed by Filter": 8645210
                  },
                  {
                    "Node Type": "Hash",
                    "Parent Relationship": "Inner",
                    "Parallel Aware": true,
                    "Startup Cost": 58306.47,
                    "Total Cost": 58306.47,
                    "Plan Rows": 523194,
                    "Plan Width": 4,
                    "Actual Startup Time": 315.361,
                    "Actual Total Time": 315.363,
                    "Actual Rows": 473864,
                    "Actual Loops": 2,
                    "Hash Buckets": 1048576,
                    "Original Hash Buckets": 1048576,
                    "Hash Batches": 1,
                    "Original Hash Batches": 1,
                    "Peak Memory Usage": 45312,
                    "Plans": [
                      {
                        "Node Type": "Seq Scan",
                        "Parent Relationship": "Outer",
                        "Parallel Aware": true,
                        "Relation Name": "title",
                        "Alias": "t",
                        "Startup Cost": 0.0,
                        "Total Cost": 58306.47,
                        "Plan Rows": 523194,
                        "Plan Width": 4,
                        "Actual Startup Time": 0.04,
                        "Actual Total Time": 166.355,
                        "Actual Rows": 473864,
                        "Actual Loops": 2,
                        "Filter": "((kind_id > 1) AND (production_year > 2003))",
                        "Rows Removed by Filter": 790292
                      }
                    ]
                  }
                ]
              }
            ]
          }
        ]
      }
    ]
  },
  "Planning Time": 0.742,
  "Triggers": [],
  "Execution Time": 4831.282
}