[
  {
    "Plan": {
      "Node Type": "Aggregate",
      "Strategy": "Plain",
      "Partial Mode": "Finalize",
      "Parallel Aware": false,
      "Startup Cost": 345131.41,
      "Total Cost": 345131.42,
      "Plan Rows": 1,
      "Plan Width": 8,
      "Actual Startup Time": 651.06,
      "Actual Total Time": 706.114,
      "Actual Rows": 1,
      "Actual Loops": 1,
      "Plans": [
        {
          "Node Type": "Gather",
          "Parent Relationship": "Outer",
          "Parallel Aware": false,
          "Startup Cost": 345130.78,
          "Total Cost": 345131.39,
          "Plan Rows": 6,
          "Plan Width": 8,
          "Actual Startup Time": 650.947,
          "Actual Total Time": 706.104,
          "Actual Rows": 7,
          "Actual Loops": 1,
          "Workers Planned": 6,
          "Workers Launched": 6,
          "Single Copy": false,
          "Plans": [
            {
              "Node Type": "Aggregate",
              "Strategy": "Plain",
              "Partial Mode": "Partial",
              "Parent Relationship": "Outer",
              "Parallel Aware": false,
              "Startup Cost": 344130.78,
              "Total Cost": 344130.79,
              "Plan Rows": 1,
              "Plan Width": 8,
              "Actual Startup Time": 642.246,
              "Actual Total Time": 642.247,
              "Actual Rows": 1,
              "Actual Loops": 7,
              "Plans": [
                {
                  "Node Type": "Seq Scan",
                  "Parent Relationship": "Outer",
                  "Parallel Aware": true,
                  "Relation Name": "cast_info",
                  "Alias": "ci",
                  "Startup Cost": 0.0,
                  "Total Cost": 343257.03,
                  "Plan Rows": 349502,
                  "Plan Width": 0,
                  "Actual Startup Time": 444.574,
                  "Actual Total Time": 612.756,
                  "Actual Rows": 634254,
                  "Actual Loops": 7,
                  "Filter": "((person_id > 3250828) AND (role_id > 2))",
                  "Rows Removed by Filter": 4543510
                }
              ]
            }
          ]
        }
      ]
    },
    "Planning Time": 0.217,
    "Triggers": [],
    "Execution Time": 706.186
  }
]