[
  {
    "Plan": {
      "Node Type": "Aggregate",
      "Strategy": "Plain",
      "Partial Mode": "Finalize",
      "Parallel Aware": false,
      "Startup Cost": 200520.13,
      "Total Cost": 200520.14,
      "Plan Rows": 1,
      "Plan Width": 8,
      "Actual Startup Time": 298.693,
      "Actual Total Time": 313.985,
      "Actual Rows": 1,
      "Actual Loops": 1,
      "Plans": [
        {
          "Node Type": "Gather",
          "Parent Relationship": "Outer",
          "Parallel Aware": false,
          "Startup Cost": 200519.5,
          "Total Cost": 200520.11,
          "Plan Rows": 6,
          "Plan Width": 8,
          "Actual Startup Time": 298.576,
          "Actual Total Time": 313.972,
          "Actual Rows": 7,
          "Actual Loops": 1,
          "Workers Planned": 6,
          "Workers Launched": 6,
          "Single Copy": false,
          "Plans": [
            {
              "Node Type": "Aggregate",
              "Strategy": "Plain",
              "Partial Mode": "Partial",
              "Parent Relationship": "Outer",
              "Parallel Aware": false,
              "Startup Cost": 199519.5,
              "Total Cost": 199519.51,
              "Plan Rows": 1,
              "Plan Width": 8,
              "Actual Startup Time": 288.636,
              "Actual Total Time": 288.637,
              "Actual Rows": 1,
              "Actual Loops": 7,
              "Plans": [
                {
                  "Node Type": "Index Scan",
                  "Parent Relationship": "Outer",
                  "Parallel Aware": true,
                  "Scan Direction": "Forward",
                  "Index Name": "role_id_cast_info",
                  "Relation Name": "cast_info",
                  "Alias": "ci",
                  "Startup Cost": 0.56,
                  "Total Cost": 197877.72,
                  "Plan Rows": 656712,
                  "Plan Width": 0,
                  "Actual Startup Time": 0.156,
                  "Actual Total Time": 273.083,
                  "Actual Rows": 237722,
                  "Actual Loops": 7,
                  "Index Cond": "(role_id = 2)",
                  "Rows Removed by Index Recheck": 0,
                  "Filter": "(person_id < 1949084)",
                  "Rows Removed by Filter": 826845
                }
              ]
            }
          ]
        }
      ]
    },
    "Planning Time": 0.238,
    "Triggers": [],
    "Execution Time": 314.051
  }
]