[
  {
    "Plan": {
      "Node Type": "Aggregate",
      "Strategy": "Plain",
      "Partial Mode": "Finalize",
      "Parallel Aware": false,
      "Startup Cost": 44907.13,
      "Total Cost": 44907.14,
      "Plan Rows": 1,
      "Plan Width": 8,
      "Actual Startup Time": 92.326,
      "Actual Total Time": 105.075,
      "Actual Rows": 1,
      "Actual Loops": 1,
      "Plans": [
        {
          "Node Type": "Gather",
          "Parent Relationship": "Outer",
          "Parallel Aware": false,
          "Startup Cost": 44906.71,
          "Total Cost": 44907.12,
          "Plan Rows": 4,
          "Plan Width": 8,
          "Actual Startup Time": 92.086,
          "Actual Total Time": 105.066,
          "Actual Rows": 5,
          "Actual Loops": 1,
          "Workers Planned": 4,
          "Workers Launched": 4,
          "Single Copy": false,
          "Plans": [
            {
              "Node Type": "Aggregate",
              "Strategy": "Plain",
              "Partial Mode": "Partial",
              "Parent Relationship": "Outer",
              "Parallel Aware": false,
              "Startup Cost": 43906.71,
              "Total Cost": 43906.72,
              "Plan Rows": 1,
              "Plan Width": 8,
              "Actual Startup Time": 86.018,
              "Actual Total Time": 86.02,
              "Actual Rows": 1,
              "Actual Loops": 5,
              "Plans": [
                {
                  "Node Type": "Seq Scan",
                  "Parent Relationship": "Outer",
                  "Parallel Aware": true,
                  "Relation Name": "title",
                  "Alias": "t",
                  "Startup Cost": 0.0,
                  "Total Cost": 43898.92,
                  "Plan Rows": 3118,
                  "Plan Width": 0,
                  "Actual Startup Time": 0.091,
                  "Actual Total Time": 85.651,
                  "Actual Rows": 2742,
                  "Actual Loops": 5,
                  "Filter": "(production_year = 1966)",
                  "Rows Removed by Filter": 502920
                }
              ]
            }
          ]
        }
      ]
    },
    "Planning Time": 0.152,
    "Triggers": [],
    "Execution Time": 105.136
  }
]