[
  {
    "Plan": {
      "Node Type": "Aggregate",
      "Strategy": "Plain",
      "Partial Mode": "Finalize",
      "Parallel Aware": false,
      "Startup Cost": 32721.83,
      "Total Cost": 32721.84,
      "Plan Rows": 1,
      "Plan Width": 8,
      "Actual Startup Time": 87.562,
      "Actual Total Time": 95.374,
      "Actual Rows": 1,
      "Actual Loops": 1,
      "Plans": [
        {
          "Node Type": "Gather",
          "Parent Relationship": "Outer",
          "Parallel Aware": false,
          "Startup Cost": 32721.52,
          "Total Cost": 32721.83,
          "Plan Rows": 3,
          "Plan Width": 8,
          "Actual Startup Time": 87.428,
          "Actual Total Time": 95.367,
          "Actual Rows": 4,
          "Actual Loops": 1,
          "Workers Planned": 3,
          "Workers Launched": 3,
          "Single Copy": false,
          "Plans": [
            {
              "Node Type": "Aggregate",
              "Strategy": "Plain",
              "Partial Mode": "Partial",
              "Parent Relationship": "Outer",
              "Parallel Aware": false,
              "Startup Cost": 31721.52,
              "Total Cost": 31721.53,
              "Plan Rows": 1,
              "Plan Width": 8,
              "Actual Startup Time": 81.202,
              "Actual Total Time": 81.202,
              "Actual Rows": 1,
              "Actual Loops": 4,
              "Plans": [
                {
                  "Node Type": "Seq Scan",
                  "Parent Relationship": "Outer",
                  "Parallel Aware": true,
                  "Relation Name": "movie_companies",
                  "Alias": "mc",
                  "Startup Cost": 0.0,
                  "Total Cost": 31414.82,
                  "Plan Rows": 122679,
                  "Plan Width": 0,
                  "Actual Startup Time": 0.036,
                  "Actual Total Time": 72.142,
                  "Actual Rows": 134332,
                  "Actual Loops": 4,
                  "Filter": "((company_id < 1583) AND (company_type_id < 2))",
                  "Rows Removed by Filter": 517950
                }
              ]
            }
          ]
        }
      ]
    },
    "Planning Time": 0.216,
    "Triggers": [],
    "Execution Time": 95.43
  }
]