[
  {
    "Plan": {
      "Node Type": "Aggregate",
      "Strategy": "Plain",
      "Partial Mode": "Finalize",
      "Parallel Aware": false,
      "Startup Cost": 158819.47,
      "Total Cost": 158819.48,
      "Plan Rows": 1,
      "Plan Width": 8,
      "Actual Startup Time": 355.514,
      "Actual Total Time": 373.861,
      "Actual Rows": 1,
      "Actual Loops": 1,
      "Plans": [
        {
          "Node Type": "Gather",
          "Parent Relationship": "Outer",
          "Parallel Aware": false,
          "Startup Cost": 158818.95,
          "Total Cost": 158819.46,
          "Plan Rows": 5,
          "Plan Width": 8,
          "Actual Startup Time": 348.242,
          "Actual Total Time": 373.848,
          "Actual Rows": 6,
          "Actual Loops": 1,
          "Workers Planned": 5,
          "Workers Launched": 5,
          "Single Copy": false,
          "Plans": [
            {
              "Node Type": "Aggregate",
              "Strategy": "Plain",
              "Partial Mode": "Partial",
              "Parent Relationship": "Outer",
              "Parallel Aware": false,
              "Startup Cost": 157818.95,
              "Total Cost": 157818.96,
              "Plan Rows": 1,
              "Plan Width": 8,
              "Actual Startup Time": 337.721,
              "Actual Total Time": 337.725,
              "Actual Rows": 1,
              "Actual Loops": 6,
              "Plans": [
                {
                  "Node Type": "Hash Join",
                  "Parent Relationship": "Outer",
                  "Parallel Aware": true,
                  "Join Type": "Inner",
                  "Startup Cost": 45830.32,
                  "Total Cost": 157524.24,
                  "Plan Rows": 117883,
                  "Plan Width": 0,
                  "Actual Startup Time": 137.028,
                  "Actual Total Time": 335.723,
                  "Actual Rows": 39361,
                  "Actual Loops": 6,
                  "Inner Unique": true,
                  "Hash Cond": "(ci.movie_id = t.id)",
                  "Plans": [
                    {
                      "Node Type": "Index Scan",
                      "Parent Relationship": "Outer",
                      "Parallel Aware": true,
                      "Scan Direction": "Forward",
                      "Index Name": "role_id_cast_info",
                      "Relation Name": "cast_info",
                      "Alias": "ci",
                      "Startup Cost": 0.56,
                      "Total Cost": 110428.26,
                      "Plan Rows": 482375,
                      "Plan Width": 4,
                      "Actual Startup Time": 0.25,
                      "Actual Total Time": 127.205,
                      "Actual Rows": 252713,
                      "Actual Loops": 6,
                      "Index Cond": "(role_id = 3)",
                      "Rows Removed by Index Recheck": 0,
                      "Filter": "(person_id < 2197282)",
                      "Rows Removed by Filter": 415293
                    },
                    {
                      "Node Type": "Hash",
                      "Parent Relationship": "Inner",
                      "Parallel Aware": true,
                      "Startup Cost": 43898.92,
                      "Total Cost": 43898.92,
                      "Plan Rows": 154467,
                      "Plan Width": 4,
                      "Actual Startup Time": 133.056,
                      "Actual Total Time": 133.057,
                      "Actual Rows": 103808,
                      "Actual Loops": 6,
                      "Hash Buckets": 1048576,
                      "Original Hash Buckets": 1048576,
                      "Hash Batches": 1,
                      "Original Hash Batches": 1,
                      "Peak Memory Usage": 32640,
                      "Plans": [
                        {
                          "Node Type": "Seq Scan",
                          "Parent Relationship": "Outer",
                          "Parallel Aware": true,
                          "Relation Name": "title",
                          "Alias": "t",
                          "Startup Cost": 0.0,
                          "Total Cost": 43898.92,
                          "Plan Rows": 154467,
                          "Plan Width": 4,
                          "Actual Startup Time": 0.05,
                          "Actual Total Time": 84.982,
                          "Actual Rows": 103808,
                          "Actual Loops": 6,
                          "Filter": "(production_year < 1987)",
                          "Rows Removed by Filter": 317577
                        }
                      ]
                    }
                  ]
                }
              ]
            }
          ]
        }
      ]
    },
    "Planning Time": 0.681,
    "Triggers": [],
    "Execution Time": 373.941
  }
]