[
    {
        "Bao": {
            "Bao prediction": "NaN",
            "Bao recommended hint": "(no hint)"
        }
    },
    {
        "Plan": {
            "Node Type": "Aggregate",
            "Strategy": "Plain",
            "Partial Mode": "Finalize",
            "Parallel Aware": false,
            "Startup Cost": 248028.4,
            "Total Cost": 248028.41,
            "Plan Rows": 1,
            "Plan Width": 8,
            "Actual Startup Time": 502.141,
            "Actual Total Time": 526.267,
            "Actual Rows": 1,
            "Actual Loops": 1,
            "Output": [
                "count(*)"
            ],
            "Plans": [
                {
                    "Node Type": "Gather",
                    "Parent Relationship": "Outer",
                    "Parallel Aware": false,
                    "Startup Cost": 248027.88,
                    "Total Cost": 248028.39,
                    "Plan Rows": 5,
                    "Plan Width": 8,
                    "Actual Startup Time": 501.457,
                    "Actual Total Time": 526.257,
                    "Actual Rows": 6,
                    "Actual Loops": 1,
                    "Output": [
                        "(PARTIAL count(*))"
                    ],
                    "Workers Planned": 5,
                    "Workers Launched": 5,
                    "Single Copy": false,
                    "Plans": [
                        {
                            "Node Type": "Aggregate",
                            "Strategy": "Plain",
                            "Partial Mode": "Partial",
                            "Parent Relationship": "Outer",
                            "Parallel Aware": false,
                            "Startup Cost": 247027.88,
                            "Total Cost": 247027.89,
                            "Plan Rows": 1,
                            "Plan Width": 8,
                            "Actual Startup Time": 492.038,
                            "Actual Total Time": 492.041,
                            "Actual Rows": 1,
                            "Actual Loops": 6,
                            "Output": [
                                "PARTIAL count(*)"
                            ],
                            "Workers": [
                                {
                                    "Worker Number": 0,
                                    "Actual Startup Time": 489.947,
                                    "Actual Total Time": 489.95,
                                    "Actual Rows": 1,
                                    "Actual Loops": 1
                                },
                                {
                                    "Worker Number": 1,
                                    "Actual Startup Time": 490.055,
                                    "Actual Total Time": 490.057,
                                    "Actual Rows": 1,
                                    "Actual Loops": 1
                                },
                                {
                                    "Worker Number": 2,
                                    "Actual Startup Time": 490.343,
                                    "Actual Total Time": 490.346,
                                    "Actual Rows": 1,
                                    "Actual Loops": 1
                                },
                                {
                                    "Worker Number": 3,
                                    "Actual Startup Time": 490.449,
                                    "Actual Total Time": 490.451,
                                    "Actual Rows": 1,
                                    "Actual Loops": 1
                                },
                                {
                                    "Worker Number": 4,
                                    "Actual Startup Time": 490.382,
                                    "Actual Total Time": 490.385,
                                    "Actual Rows": 1,
                                    "Actual Loops": 1
                                }
                            ],
                            "Plans": [
                                {
                                    "Node Type": "Hash Join",
                                    "Parent Relationship": "Outer",
                                    "Parallel Aware": true,
                                    "Join Type": "Inner",
                                    "Startup Cost": 44107.33,
                                    "Total Cost": 246928.92,
                                    "Plan Rows": 39583,
                                    "Plan Width": 0,
                                    "Actual Startup Time": 88.108,
                                    "Actual Total Time": 489.974,
                                    "Actual Rows": 35414,
                                    "Actual Loops": 6,
                                    "Inner Unique": true,
                                    "Hash Cond": "(mi.movie_id = t.id)",
                                    "Workers": [
                                        {
                                            "Worker Number": 0,
                                            "Actual Startup Time": 86.014,
                                            "Actual Total Time": 487.85,
                                            "Actual Rows": 36663,
                                            "Actual Loops": 1
                                        },
                                        {
                                            "Worker Number": 1,
                                            "Actual Startup Time": 85.99,
                                            "Actual Total Time": 487.766,
                                            "Actual Rows": 23637,
                                            "Actual Loops": 1
                                        },
                                        {
                                            "Worker Number": 2,
                                            "Actual Startup Time": 86.432,
                                            "Actual Total Time": 488.304,
                                            "Actual Rows": 35653,
                                            "Actual Loops": 1
                                        },
                                        {
                                            "Worker Number": 3,
                                            "Actual Startup Time": 86.471,
                                            "Actual Total Time": 488.435,
                                            "Actual Rows": 35020,
                                            "Actual Loops": 1
                                        },
                                        {
                                            "Worker Number": 4,
                                            "Actual Startup Time": 86.519,
                                            "Actual Total Time": 488.376,
                                            "Actual Rows": 34499,
                                            "Actual Loops": 1
                                        }
                                    ],
                                    "Plans": [
                                        {
                                            "Node Type": "Seq Scan",
                                            "Parent Relationship": "Outer",
                                            "Parallel Aware": true,
                                            "Relation Name": "movie_info",
                                            "Schema": "public",
                                            "Alias": "mi",
                                            "Startup Cost": 0.0,
                                            "Total Cost": 198880.74,
                                            "Plan Rows": 1501273,
                                            "Plan Width": 4,
                                            "Actual Startup Time": 14.183,
                                            "Actual Total Time": 299.705,
                                            "Actual Rows": 1258142,
                                            "Actual Loops": 6,
                                            "Output": [
                                                "mi.id",
                                                "mi.movie_id",
                                                "mi.info_type_id",
                                                "mi.info",
                                                "mi.note"
                                            ],
                                            "Filter": "(mi.info_type_id > 7)",
                                            "Rows Removed by Filter": 1214478,
                                            "Workers": [
                                                {
                                                    "Worker Number": 0,
                                                    "Actual Startup Time": 14.19,
                                                    "Actual Total Time": 302.615,
                                                    "Actual Rows": 1271454,
                                                    "Actual Loops": 1
                                                },
                                                {
                                                    "Worker Number": 1,
                                                    "Actual Startup Time": 14.182,
                                                    "Actual Total Time": 301.628,
                                                    "Actual Rows": 831782,
                                                    "Actual Loops": 1
                                                },
                                                {
                                                    "Worker Number": 2,
                                                    "Actual Startup Time": 14.187,
                                                    "Actual Total Time": 302.636,
                                                    "Actual Rows": 1265482,
                                                    "Actual Loops": 1
                                                },
                                                {
                                                    "Worker Number": 3,
                                                    "Actual Startup Time": 14.091,
                                                    "Actual Total Time": 301.537,
                                                    "Actual Rows": 1256886,
                                                    "Actual Loops": 1
                                                },
                                                {
                                                    "Worker Number": 4,
                                                    "Actual Startup Time": 14.229,
                                                    "Actual Total Time": 301.99,
                                                    "Actual Rows": 1256584,
                                                    "Actual Loops": 1
                                                }
                                            ]
                                        },
                                        {
                                            "Node Type": "Hash",
                                            "Parent Relationship": "Inner",
                                            "Parallel Aware": true,
                                            "Startup Cost": 43899.01,
                                            "Total Cost": 43899.01,
                                            "Plan Rows": 16666,
                                            "Plan Width": 4,
                                            "Actual Startup Time": 72.951,
                                            "Actual Total Time": 72.952,
                                            "Actual Rows": 10428,
                                            "Actual Loops": 6,
                                            "Output": [
                                                "t.id"
                                            ],
                                            "Hash Buckets": 131072,
                                            "Original Hash Buckets": 131072,
                                            "Hash Batches": 1,
                                            "Original Hash Batches": 1,
                                            "Peak Memory Usage": 3552,
                                            "Workers": [
                                                {
                                                    "Worker Number": 0,
                                                    "Actual Startup Time": 70.98,
                                                    "Actual Total Time": 70.982,
                                                    "Actual Rows": 8662,
                                                    "Actual Loops": 1
                                                },
                                                {
                                                    "Worker Number": 1,
                                                    "Actual Startup Time": 70.997,
                                                    "Actual Total Time": 70.998,
                                                    "Actual Rows": 6427,
                                                    "Actual Loops": 1
                                                },
                                                {
                                                    "Worker Number": 2,
                                                    "Actual Startup Time": 71.408,
                                                    "Actual Total Time": 71.409,
                                                    "Actual Rows": 8760,
                                                    "Actual Loops": 1
                                                },
                                                {
                                                    "Worker Number": 3,
                                                    "Actual Startup Time": 71.561,
                                                    "Actual Total Time": 71.562,
                                                    "Actual Rows": 7365,
                                                    "Actual Loops": 1
                                                },
                                                {
                                                    "Worker Number": 4,
                                                    "Actual Startup Time": 71.421,
                                                    "Actual Total Time": 71.422,
                                                    "Actual Rows": 7787,
                                                    "Actual Loops": 1
                                                }
                                            ],
                                            "Plans": [
                                                {
                                                    "Node Type": "Seq Scan",
                                                    "Parent Relationship": "Outer",
                                                    "Parallel Aware": true,
                                                    "Relation Name": "title",
                                                    "Schema": "public",
                                                    "Alias": "t",
                                                    "Startup Cost": 0.0,
                                                    "Total Cost": 43899.01,
                                                    "Plan Rows": 16666,
                                                    "Plan Width": 4,
                                                    "Actual Startup Time": 0.052,
                                                    "Actual Total Time": 68.195,
                                                    "Actual Rows": 10428,
                                                    "Actual Loops": 6,
                                                    "Output": [
                                                        "t.id"
                                                    ],
                                                    "Filter": "(t.production_year = 2002)",
                                                    "Rows Removed by Filter": 410957,
                                                    "Workers": [
                                                        {
                                                            "Worker Number": 0,
                                                            "Actual Startup Time": 0.071,
                                                            "Actual Total Time": 66.583,
                                                            "Actual Rows": 8662,
                                                            "Actual Loops": 1
                                                        },
                                                        {
                                                            "Worker Number": 1,
                                                            "Actual Startup Time": 0.058,
                                                            "Actual Total Time": 66.585,
                                                            "Actual Rows": 6427,
                                                            "Actual Loops": 1
                                                        },
                                                        {
                                                            "Worker Number": 2,
                                                            "Actual Startup Time": 0.065,
                                                            "Actual Total Time": 66.976,
                                                            "Actual Rows": 8760,
                                                            "Actual Loops": 1
                                                        },
                                                        {
                                                            "Worker Number": 3,
                                                            "Actual Startup Time": 0.044,
                                                            "Actual Total Time": 67.058,
                                                            "Actual Rows": 7365,
                                                            "Actual Loops": 1
                                                        },
                                                        {
                                                            "Worker Number": 4,
                                                            "Actual Startup Time": 0.062,
                                                            "Actual Total Time": 67.093,
                                                            "Actual Rows": 7787,
                                                            "Actual Loops": 1
                                                        }
                                                    ]
                                                }
                                            ]
                                        }
                                    ]
                                }
                            ]
                        }
                    ]
                }
            ]
        },
        "Planning Time": 180.7,
        "Triggers": [],
        "Execution Time": 526.326
    }
]