[
  {
    "Plan": {
      "Node Type": "Aggregate",
      "Strategy": "Plain",
      "Partial Mode": "Simple",
      "Parallel Aware": false,
      "Startup Cost": 39121.85,
      "Total Cost": 39121.86,
      "Plan Rows": 1,
      "Plan Width": 8,
      "Actual Startup Time": 73.108,
      "Actual Total Time": 73.109,
      "Actual Rows": 1,
      "Actual Loops": 1,
      "Plans": [
        {
          "Node Type": "Bitmap Heap Scan",
          "Parent Relationship": "Outer",
          "Parallel Aware": false,
          "Relation Name": "title",
          "Alias": "t",
          "Startup Cost": 1697.48,
          "Total Cost": 39121.52,
          "Plan Rows": 132,
          "Plan Width": 0,
          "Actual Startup Time": 26.357,
          "Actual Total Time": 73.091,
          "Actual Rows": 86,
          "Actual Loops": 1,
          "Recheck Cond": "(kind_id = 2)",
          "Rows Removed by Index Recheck": 0,
          "Filter": "(production_year > 2013)",
          "Rows Removed by Filter": 90766,
          "Exact Heap Blocks": 23872,
          "Lossy Heap Blocks": 0,
          "Plans": [
            {
              "Node Type": "Bitmap Index Scan",
              "Parent Relationship": "Outer",
              "Parallel Aware": false,
              "Index Name": "kind_id_title",
              "Startup Cost": 0.0,
              "Total Cost": 1697.45,
              "Plan Rows": 95069,
              "Plan Width": 0,
              "Actual Startup Time": 19.645,
              "Actual Total Time": 19.646,
              "Actual Rows": 90852,
              "Actual Loops": 1,
              "Index Cond": "(kind_id = 2)"
            }
          ]
        }
      ]
    },
    "Planning Time": 0.226,
    "Triggers": [],
    "Execution Time": 73.258
  }
]