[
  {
    "Plan": {
      "Node Type": "Aggregate",
      "Strategy": "Plain",
      "Partial Mode": "Finalize",
      "Parallel Aware": false,
      "Startup Cost": 46579.11,
      "Total Cost": 46579.12,
      "Plan Rows": 1,
      "Plan Width": 8,
      "Actual Startup Time": 96.592,
      "Actual Total Time": 109.513,
      "Actual Rows": 1,
      "Actual Loops": 1,
      "Plans": [
        {
          "Node Type": "Gather",
          "Parent Relationship": "Outer",
          "Parallel Aware": false,
          "Startup Cost": 46578.69,
          "Total Cost": 46579.1,
          "Plan Rows": 4,
          "Plan Width": 8,
          "Actual Startup Time": 96.422,
          "Actual Total Time": 109.503,
          "Actual Rows": 5,
          "Actual Loops": 1,
          "Workers Planned": 4,
          "Workers Launched": 4,
          "Single Copy": false,
          "Plans": [
            {
              "Node Type": "Aggregate",
              "Strategy": "Plain",
              "Partial Mode": "Partial",
              "Parent Relationship": "Outer",
              "Parallel Aware": false,
              "Startup Cost": 45578.69,
              "Total Cost": 45578.7,
              "Plan Rows": 1,
              "Plan Width": 8,
              "Actual Startup Time": 90.571,
              "Actual Total Time": 90.574,
              "Actual Rows": 1,
              "Actual Loops": 5,
              "Plans": [
                {
                  "Node Type": "Seq Scan",
                  "Parent Relationship": "Outer",
                  "Parallel Aware": true,
                  "Relation Name": "title",
                  "Alias": "t",
                  "Startup Cost": 0.0,
                  "Total Cost": 45479.59,
                  "Plan Rows": 39640,
                  "Plan Width": 0,
                  "Actual Startup Time": 0.077,
                  "Actual Total Time": 87.553,
                  "Actual Rows": 53983,
                  "Actual Loops": 5,
                  "Filter": "((kind_id < 7) AND (production_year < 1974))",
                  "Rows Removed by Filter": 451679
                }
              ]
            }
          ]
        }
      ]
    },
    "Planning Time": 0.132,
    "Triggers": [],
    "Execution Time": 109.555
  }
]