{
  "Plan": {
    "Node Type": "Aggregate",
    "Strategy": "Plain",
    "Partial Mode": "Finalize",
    "Parallel Aware": false,
    "Startup Cost": 690759.53,
    "Total Cost": 690759.54,
    "Plan Rows": 1,
    "Plan Width": 8,
    "Actual Startup Time": 1077.365,
    "Actual Total Time": 1102.725,
    "Actual Rows": 1,
    "Actual Loops": 1,
    "Plans": [
      {
        "Node Type": "Gather",
        "Parent Relationship": "Outer",
        "Parallel Aware": false,
        "Startup Cost": 690759.42,
        "Total Cost": 690759.53,
        "Plan Rows": 1,
        "Plan Width": 8,
        "Actual Startup Time": 1075.048,
        "Actual Total Time": 1102.718,
        "Actual Rows": 2,
        "Actual Loops": 1,
        "Workers Planned": 1,
        "Workers Launched": 1,
        "Single Copy": false,
        "Plans": [
          {
            "Node Type": "Aggregate",
            "Strategy": "Plain",
            "Partial Mode": "Partial",
            "Parent Relationship": "Outer",
            "Parallel Aware": false,
            "Startup Cost": 689759.42,
            "Total Cost": 689759.43,
            "Plan Rows": 1,
            "Plan Width": 8,
            "Actual Startup Time": 1066.919,
            "Actual Total Time": 1066.923,
            "Actual Rows": 1,
            "Actual Loops": 2,
            "Plans": [
              {
                "Node Type": "Nested Loop",
                "Parent Relationship": "Outer",
                "Parallel Aware": false,
                "Join Type": "Inner",
                "Startup Cost": 67179.42,
                "Total Cost": 685961.58,
                "Plan Rows": 1519133,
                "Plan Width": 0,
                "Actual Startup Time": 341.499,
                "Actual Total Time": 1024.392,
                "Actual Rows": 959179,
                "Actual Loops": 2,
                "Inner Unique": false,
                "Plans": [
                  {
                    "Node Type": "Hash Join",
                    "Parent Relationship": "Outer",
                    "Parallel Aware": true,
                    "Join Type": "Inner",
                    "Startup Cost": 67178.98,
                    "Total Cost": 86690.23,
                    "Plan Rows": 259801,
                    "Plan Width": 8,
                    "Actual Startup Time": 341.432,
                    "Actual Total Time": 505.599,
                    "Actual Rows": 120164,
                    "Actual Loops": 2,
                    "Inner Unique": true,
                    "Hash Cond": "(mi_idx.movie_id = t.id)",
                    "Plans": [
                      {
                        "Node Type": "Seq Scan",
                        "Parent Relationship": "Outer",
                        "Parallel Aware": true,
                        "Relation Name": "movie_info_idx",
                        "Alias": "mi_idx",
                        "Startup Cost": 0.0,
                        "Total Cost": 18082.32,
                        "Plan Rows": 544356,
                        "Plan Width": 4,
                        "Actual Startup Time": 0.021,
                        "Actual Total Time": 58.329,
                        "Actual Rows": 460055,
                        "Actual Loops": 2,
                        "Filter": "(info_type_id > 99)",
                        "Rows Removed by Filter": 229962
                      },
                      {
                        "Node Type": "Hash",
                        "Parent Relationship": "Inner",
                        "Parallel Aware": true,
                        "Startup Cost": 58306.47,
                        "Total Cost": 58306.47,
                        "Plan Rows": 709801,
                        "Plan Width": 4,
                        "Actual Startup Time": 327.327,
                        "Actual Total Time": 327.328,
                        "Actual Rows": 646578,
                        "Actual Loops": 2,
                        "Hash Buckets": 2097152,
                        "Original Hash Buckets": 2097152,
                        "Hash Batches": 1,
                        "Original Hash Batches": 1,
                        "Peak Memory Usage": 67008,
                        "Plans": [
                          {
                            "Node Type": "Seq Scan",
                            "Parent Relationship": "Outer",
                            "Parallel Aware": true,
                            "Relation Name": "title",
                            "Alias": "t",
                            "Startup Cost": 0.0,
                            "Total Cost": 58306.47,
                            "Plan Rows": 709801,
                            "Plan Width": 4,
                            "Actual Startup Time": 0.027,
                            "Actual Total Time": 160.958,
                            "Actual Rows": 646578,
                            "Actual Loops": 2,
                            "Filter": "((production_year > 1977) AND (kind_id = 7))",
                            "Rows Removed by Filter": 617578
                          }
                        ]
                      }
                    ]
                  },
                  {
                    "Node Type": "Index Only Scan",
                    "Parent Relationship": "Inner",
                    "Parallel Aware": false,
                    "Scan Direction": "Forward",
                    "Index Name": "movie_id_movie_info",
                    "Relation Name": "movie_info",
                    "Alias": "mi",
                    "Startup Cost": 0.43,
                    "Total Cost": 1.89,
                    "Plan Rows": 42,
                    "Plan Width": 4,
                    "Actual Startup Time": 0.002,
                    "Actual Total Time": 0.004,
                    "Actual Rows": 8,
                    "Actual Loops": 240328,
                    "Index Cond": "(movie_id = t.id)",
                    "Rows Removed by Index Recheck": 0,
                    "Heap Fetches": 1918358
                  }
                ]
              }
            ]
          }
        ]
      }
    ]
  },
  "Planning Time": 1.036,
  "Triggers": [],
  "Execution Time": 1102.812
}