[
  {
    "Plan": {
      "Node Type": "Aggregate",
      "Strategy": "Plain",
      "Partial Mode": "Finalize",
      "Parallel Aware": false,
      "Startup Cost": 24118.99,
      "Total Cost": 24119.0,
      "Plan Rows": 1,
      "Plan Width": 8,
      "Actual Startup Time": 50.213,
      "Actual Total Time": 53.892,
      "Actual Rows": 1,
      "Actual Loops": 1,
      "Plans": [
        {
          "Node Type": "Gather",
          "Parent Relationship": "Outer",
          "Parallel Aware": false,
          "Startup Cost": 24118.68,
          "Total Cost": 24118.99,
          "Plan Rows": 3,
          "Plan Width": 8,
          "Actual Startup Time": 49.999,
          "Actual Total Time": 53.883,
          "Actual Rows": 4,
          "Actual Loops": 1,
          "Workers Planned": 3,
          "Workers Launched": 3,
          "Single Copy": false,
          "Plans": [
            {
              "Node Type": "Aggregate",
              "Strategy": "Plain",
              "Partial Mode": "Partial",
              "Parent Relationship": "Outer",
              "Parallel Aware": false,
              "Startup Cost": 23118.68,
              "Total Cost": 23118.69,
              "Plan Rows": 1,
              "Plan Width": 8,
              "Actual Startup Time": 44.229,
              "Actual Total Time": 44.231,
              "Actual Rows": 1,
              "Actual Loops": 4,
              "Plans": [
                {
                  "Node Type": "Bitmap Heap Scan",
                  "Parent Relationship": "Outer",
                  "Parallel Aware": true,
                  "Relation Name": "movie_companies",
                  "Alias": "mc",
                  "Startup Cost": 3480.52,
                  "Total Cost": 23052.1,
                  "Plan Rows": 26629,
                  "Plan Width": 0,
                  "Actual Startup Time": 16.259,
                  "Actual Total Time": 41.088,
                  "Actual Rows": 39328,
                  "Actual Loops": 4,
                  "Recheck Cond": "(company_id > 128912)",
                  "Rows Removed by Index Recheck": 0,
                  "Filter": "(company_type_id = 2)",
                  "Rows Removed by Filter": 0,
                  "Exact Heap Blocks": 1757,
                  "Lossy Heap Blocks": 0,
                  "Plans": [
                    {
                      "Node Type": "Bitmap Index Scan",
                      "Parent Relationship": "Outer",
                      "Parallel Aware": false,
                      "Index Name": "company_id_movie_companies",
                      "Startup Cost": 0.0,
                      "Total Cost": 3459.88,
                      "Plan Rows": 161527,
                      "Plan Width": 0,
                      "Actual Startup Time": 19.987,
                      "Actual Total Time": 19.987,
                      "Actual Rows": 157312,
                      "Actual Loops": 1,
                      "Index Cond": "(company_id > 128912)"
                    }
                  ]
                }
              ]
            }
          ]
        }
      ]
    },
    "Planning Time": 0.233,
    "Triggers": [],
    "Execution Time": 53.97
  }
]