{
  "Plan": {
    "Node Type": "Aggregate",
    "Strategy": "Plain",
    "Partial Mode": "Simple",
    "Parallel Aware": false,
    "Startup Cost": 621020.8,
    "Total Cost": 621020.81,
    "Plan Rows": 1,
    "Plan Width": 128,
    "Actual Startup Time": 4463.332,
    "Actual Total Time": 4479.595,
    "Actual Rows": 1,
    "Actual Loops": 1,
    "Plans": [
      {
        "Node Type": "Gather",
        "Parent Relationship": "Outer",
        "Parallel Aware": false,
        "Startup Cost": 327836.4,
        "Total Cost": 621020.79,
        "Plan Rows": 1,
        "Plan Width": 81,
        "Actual Startup Time": 3795.373,
        "Actual Total Time": 4479.414,
        "Actual Rows": 433,
        "Actual Loops": 1,
        "Workers Planned": 1,
        "Workers Launched": 0,
        "Single Copy": false,
        "Plans": [
          {
            "Node Type": "Nested Loop",
            "Parent Relationship": "Outer",
            "Parallel Aware": false,
            "Join Type": "Inner",
            "Startup Cost": 326836.4,
            "Total Cost": 620020.69,
            "Plan Rows": 1,
            "Plan Width": 81,
            "Actual Startup Time": 3793.907,
            "Actual Total Time": 4461.639,
            "Actual Rows": 433,
            "Actual Loops": 1,
            "Inner Unique": true,
            "Plans": [
              {
                "Node Type": "Nested Loop",
                "Parent Relationship": "Outer",
                "Parallel Aware": false,
                "Join Type": "Inner",
                "Startup Cost": 326836.26,
                "Total Cost": 620020.51,
                "Plan Rows": 1,
                "Plan Width": 85,
                "Actual Startup Time": 3793.857,
                "Actual Total Time": 4460.442,
                "Actual Rows": 1307,
                "Actual Loops": 1,
                "Inner Unique": true,
                "Plans": [
                  {
                    "Node Type": "Nested Loop",
                    "Parent Relationship": "Outer",
                    "Parallel Aware": false,
                    "Join Type": "Inner",
                    "Startup Cost": 326835.83,
                    "Total Cost": 620019.82,
                    "Plan Rows": 1,
                    "Plan Width": 74,
                    "Actual Startup Time": 3793.839,
                    "Actual Total Time": 4456.615,
                    "Actual Rows": 1649,
                    "Actual Loops": 1,
                    "Inner Unique": false,
                    "Plans": [
                      {
                        "Node Type": "Nested Loop",
                        "Parent Relationship": "Outer",
                        "Parallel Aware": false,
                        "Join Type": "Inner",
                        "Startup Cost": 326835.27,
                        "Total Cost": 620018.1,
                        "Plan Rows": 1,
                        "Plan Width": 90,
                        "Actual Startup Time": 3779.641,
                        "Actual Total Time": 4313.25,
                        "Actual Rows": 1971,
                        "Actual Loops": 1,
                        "Inner Unique": true,
                        "Plans": [
                          {
                            "Node Type": "Nested Loop",
                            "Parent Relationship": "Outer",
                            "Parallel Aware": false,
                            "Join Type": "Inner",
                            "Startup Cost": 326835.12,
                            "Total Cost": 620017.92,
                            "Plan Rows": 1,
                            "Plan Width": 94,
                            "Actual Startup Time": 3779.63,
                            "Actual Total Time": 4311.346,
                            "Actual Rows": 1971,
                            "Actual Loops": 1,
                            "Inner Unique": true,
                            "Plans": [
                              {
                                "Node Type": "Hash Join",
                                "Parent Relationship": "Outer",
                                "Parallel Aware": false,
                                "Join Type": "Inner",
                                "Startup Cost": 326834.7,
                                "Total Cost": 618748.26,
                                "Plan Rows": 2837,
                                "Plan Width": 98,
                                "Actual Startup Time": 3779.449,
                                "Actual Total Time": 4160.12,
                                "Actual Rows": 98962,
                                "Actual Loops": 1,
                                "Inner Unique": true,
                                "Hash Cond": "(cc.status_id = cct2.id)",
                                "Plans": [
                                  {
                                    "Node Type": "Nested Loop",
                                    "Parent Relationship": "Outer",
                                    "Parallel Aware": false,
                                    "Join Type": "Inner",
                                    "Startup Cost": 326833.64,
                                    "Total Cost": 618685.85,
                                    "Plan Rows": 11348,
                                    "Plan Width": 102,
                                    "Actual Startup Time": 3779.402,
                                    "Actual Total Time": 4135.638,
                                    "Actual Rows": 256717,
                                    "Actual Loops": 1,
                                    "Inner Unique": false,
                                    "Plans": [
                                      {
                                        "Node Type": "Hash Join",
                                        "Parent Relationship": "Outer",
                                        "Parallel Aware": true,
                                        "Join Type": "Inner",
                                        "Startup Cost": 326833.21,
                                        "Total Cost": 607822.9,
                                        "Plan Rows": 20789,
                                        "Plan Width": 88,
                                        "Actual Startup Time": 3779.364,
                                        "Actual Total Time": 3982.858,
                                        "Actual Rows": 84426,
                                        "Actual Loops": 1,
                                        "Inner Unique": false,
                                        "Hash Cond": "(mi.movie_id = mk.movie_id)",
                                        "Plans": [
                                          {
                                            "Node Type": "Seq Scan",
                                            "Parent Relationship": "Outer",
                                            "Parallel Aware": true,
                                            "Relation Name": "movie_info",
                                            "Alias": "mi",
                                            "Startup Cost": 0.0,
                                            "Total Cost": 271102.71,
                                            "Plan Rows": 32588,
                                            "Plan Width": 51,
                                            "Actual Startup Time": 672.557,
                                            "Actual Total Time": 1449.967,
                                            "Actual Rows": 56155,
                                            "Actual Loops": 1,
                                            "Filter": "(info = ANY ('{Sci-Fi,Crime}'::text[]))",
                                            "Rows Removed by Filter": 14779565
                                          },
                                          {
                                            "Node Type": "Hash",
                                            "Parent Relationship": "Inner",
                                            "Parallel Aware": true,
                                            "Startup Cost": 314973.75,
                                            "Total Cost": 314973.75,
                                            "Plan Rows": 948757,
                                            "Plan Width": 37,
                                            "Actual Startup Time": 2475.645,
                                            "Actual Total Time": 2475.654,
                                            "Actual Rows": 334072,
                                            "Actual Loops": 1,
                                            "Hash Buckets": 2097152,
                                            "Original Hash Buckets": 2097152,
                                            "Hash Batches": 1,
                                            "Original Hash Batches": 1,
                                            "Peak Memory Usage": 39872,
                                            "Plans": [
                                              {
                                                "Node Type": "Hash Join",
                                                "Parent Relationship": "Outer",
                                                "Parallel Aware": true,
                                                "Join Type": "Inner",
                                                "Startup Cost": 64295.26,
                                                "Total Cost": 314973.75,
                                                "Plan Rows": 948757,
                                                "Plan Width": 37,
                                                "Actual Startup Time": 819.271,
                                                "Actual Total Time": 2387.459,
                                                "Actual Rows": 334072,
                                                "Actual Loops": 1,
                                                "Inner Unique": true,
                                                "Hash Cond": "(mk.movie_id = t.id)",
                                                "Plans": [
                                                  {
                                                    "Node Type": "Hash Join",
                                                    "Parent Relationship": "Outer",
                                                    "Parallel Aware": false,
                                                    "Join Type": "Inner",
                                                    "Startup Cost": 4.39,
                                                    "Total Cost": 245911.51,
                                                    "Plan Rows": 1817659,
                                                    "Plan Width": 16,
                                                    "Actual Startup Time": 0.158,
                                                    "Actual Total Time": 1432.414,
                                                    "Actual Rows": 1436647,
                                                    "Actual Loops": 1,
                                                    "Inner Unique": true,
                                                    "Hash Cond": "(cc.subject_id = cct1.id)",
                                                    "Plans": [
                                                      {
                                                        "Node Type": "Merge Join",
                                                        "Parent Relationship": "Outer",
                                                        "Parallel Aware": false,
                                                        "Join Type": "Inner",
                                                        "Startup Cost": 3.32,
                                                        "Total Cost": 226256.99,
                                                        "Plan Rows": 3635319,
                                                        "Plan Width": 20,
                                                        "Actual Startup Time": 0.11,
                                                        "Actual Total Time": 1216.188,
                                                        "Actual Rows": 2171367,
                                                        "Actual Loops": 1,
                                                        "Inner Unique": false,
                                                        "Merge Cond": "(mk.movie_id = cc.movie_id)",
                                                        "Plans": [
                                                          {
                                                            "Node Type": "Index Scan",
                                                            "Parent Relationship": "Outer",
                                                            "Parallel Aware": true,
                                                            "Scan Direction": "Forward",
                                                            "Index Name": "movie_id_movie_keyword",
                                                            "Relation Name": "movie_keyword",
                                                            "Alias": "mk",
                                                            "Startup Cost": 0.43,
                                                            "Total Cost": 158529.96,
                                                            "Plan Rows": 2661135,
                                                            "Plan Width": 8,
                                                            "Actual Startup Time": 0.026,
                                                            "Actual Total Time": 560.558,
                                                            "Actual Rows": 4523930,
                                                            "Actual Loops": 1
                                                          },
                                                          {
                                                            "Node Type": "Materialize",
                                                            "Parent Relationship": "Inner",
                                                            "Parallel Aware": false,
                                                            "Startup Cost": 0.42,
                                                            "Total Cost": 6984.15,
                                                            "Plan Rows": 135086,
                                                            "Plan Width": 12,
                                                            "Actual Startup Time": 0.024,
                                                            "Actual Total Time": 122.22,
                                                            "Actual Rows": 2223797,
                                                            "Actual Loops": 1,
                                                            "Plans": [
                                                              {
                                                                "Node Type": "Index Scan",
                                                                "Parent Relationship": "Outer",
                                                                "Parallel Aware": false,
                                                                "Scan Direction": "Forward",
                                                                "Index Name": "movie_id_complete_cast",
                                                                "Relation Name": "complete_cast",
                                                                "Alias": "cc",
                                                                "Startup Cost": 0.42,
                                                                "Total Cost": 6646.43,
                                                                "Plan Rows": 135086,
                                                                "Plan Width": 12,
                                                                "Actual Startup Time": 0.019,
                                                                "Actual Total Time": 37.722,
                                                                "Actual Rows": 132440,
                                                                "Actual Loops": 1
                                                              }
                                                            ]
                                                          }
                                                        ]
                                                      },
                                                      {
                                                        "Node Type": "Hash",
                                                        "Parent Relationship": "Inner",
                                                        "Parallel Aware": false,
                                                        "Startup Cost": 1.05,
                                                        "Total Cost": 1.05,
                                                        "Plan Rows": 2,
                                                        "Plan Width": 4,
                                                        "Actual Startup Time": 0.03,
                                                        "Actual Total Time": 0.032,
                                                        "Actual Rows": 2,
                                                        "Actual Loops": 1,
                                                        "Hash Buckets": 1024,
                                                        "Original Hash Buckets": 1024,
                                                        "Hash Batches": 1,
                                                        "Original Hash Batches": 1,
                                                        "Peak Memory Usage": 9,
                                                        "Plans": [
                                                          {
                                                            "Node Type": "Seq Scan",
                                                            "Parent Relationship": "Outer",
                                                            "Parallel Aware": false,
                                                            "Relation Name": "comp_cast_type",
                                                            "Alias": "cct1",
                                                            "Startup Cost": 0.0,
                                                            "Total Cost": 1.05,
                                                            "Plan Rows": 2,
                                                            "Plan Width": 4,
                                                            "Actual Startup Time": 0.025,
                                                            "Actual Total Time": 0.026,
                                                            "Actual Rows": 2,
                                                            "Actual Loops": 1,
                                                            "Filter": "((kind)::text = ANY ('{complete,cast}'::text[]))",
                                                            "Rows Removed by Filter": 2
                                                          }
                                                        ]
                                                      }
                                                    ]
                                                  },
                                                  {
                                                    "Node Type": "Hash",
                                                    "Parent Relationship": "Inner",
                                                    "Parallel Aware": true,
                                                    "Startup Cost": 54587.68,
                                                    "Total Cost": 54587.68,
                                                    "Plan Rows": 776255,
                                                    "Plan Width": 21,
                                                    "Actual Startup Time": 800.23,
                                                    "Actual Total Time": 800.231,
                                                    "Actual Rows": 1322863,
                                                    "Actual Loops": 1,
                                                    "Hash Buckets": 2097152,
                                                    "Original Hash Buckets": 2097152,
                                                    "Hash Batches": 1,
                                                    "Original Hash Batches": 1,
                                                    "Peak Memory Usage": 90560,
                                                    "Plans": [
                                                      {
                                                        "Node Type": "Seq Scan",
                                                        "Parent Relationship": "Outer",
                                                        "Parallel Aware": true,
                                                        "Relation Name": "title",
                                                        "Alias": "t",
                                                        "Startup Cost": 0.0,
                                                        "Total Cost": 54587.68,
                                                        "Plan Rows": 776255,
                                                        "Plan Width": 21,
                                                        "Actual Startup Time": 0.016,
                                                        "Actual Total Time": 329.329,
                                                        "Actual Rows": 1322863,
                                                        "Actual Loops": 1,
                                                        "Filter": "(production_year > 2001)",
                                                        "Rows Removed by Filter": 1205449
                                                      }
                                                    ]
                                                  }
                                                ]
                                              }
                                            ]
                                          }
                                        ]
                                      },
                                      {
                                        "Node Type": "Index Scan",
                                        "Parent Relationship": "Inner",
                                        "Parallel Aware": false,
                                        "Scan Direction": "Forward",
                                        "Index Name": "movie_id_movie_info_idx",
                                        "Relation Name": "movie_info_idx",
                                        "Alias": "mi_idx",
                                        "Startup Cost": 0.43,
                                        "Total Cost": 0.49,
                                        "Plan Rows": 3,
                                        "Plan Width": 14,
                                        "Actual Startup Time": 0.001,
                                        "Actual Total Time": 0.001,
                                        "Actual Rows": 3,
                                        "Actual Loops": 84426,
                                        "Index Cond": "(movie_id = mk.movie_id)",
                                        "Rows Removed by Index Recheck": 0
                                      }
                                    ]
                                  },
                                  {
                                    "Node Type": "Hash",
                                    "Parent Relationship": "Inner",
                                    "Parallel Aware": false,
                                    "Startup Cost": 1.05,
                                    "Total Cost": 1.05,
                                    "Plan Rows": 1,
                                    "Plan Width": 4,
                                    "Actual Startup Time": 0.031,
                                    "Actual Total Time": 0.032,
                                    "Actual Rows": 1,
                                    "Actual Loops": 1,
                                    "Hash Buckets": 1024,
                                    "Original Hash Buckets": 1024,
                                    "Hash Batches": 1,
                                    "Original Hash Batches": 1,
                                    "Peak Memory Usage": 9,
                                    "Plans": [
                                      {
                                        "Node Type": "Seq Scan",
                                        "Parent Relationship": "Outer",
                                        "Parallel Aware": false,
                                        "Relation Name": "comp_cast_type",
                                        "Alias": "cct2",
                                        "Startup Cost": 0.0,
                                        "Total Cost": 1.05,
                                        "Plan Rows": 1,
                                        "Plan Width": 4,
                                        "Actual Startup Time": 0.022,
                                        "Actual Total Time": 0.023,
                                        "Actual Rows": 1,
                                        "Actual Loops": 1,
                                        "Filter": "((kind)::text = 'complete+verified'::text)",
                                        "Rows Removed by Filter": 3
                                      }
                                    ]
                                  }
                                ]
                              },
                              {
                                "Node Type": "Index Scan",
                                "Parent Relationship": "Inner",
                                "Parallel Aware": false,
                                "Scan Direction": "Forward",
                                "Index Name": "keyword_pkey",
                                "Relation Name": "keyword",
                                "Alias": "k",
                                "Startup Cost": 0.42,
                                "Total Cost": 0.45,
                                "Plan Rows": 1,
                                "Plan Width": 4,
                                "Actual Startup Time": 0.001,
                                "Actual Total Time": 0.001,
                                "Actual Rows": 0,
                                "Actual Loops": 98962,
                                "Index Cond": "(id = mk.keyword_id)",
                                "Rows Removed by Index Recheck": 0,
                                "Filter": "(keyword = ANY ('{murder,violence,blood,gore,death,female-nudity,hospital}'::text[]))",
                                "Rows Removed by Filter": 1
                              }
                            ]
                          },
                          {
                            "Node Type": "Index Scan",
                            "Parent Relationship": "Inner",
                            "Parallel Aware": false,
                            "Scan Direction": "Forward",
                            "Index Name": "info_type_pkey",
                            "Relation Name": "info_type",
                            "Alias": "it1",
                            "Startup Cost": 0.14,
                            "Total Cost": 0.16,
                            "Plan Rows": 1,
                            "Plan Width": 4,
                            "Actual Startup Time": 0.001,
                            "Actual Total Time": 0.001,
                            "Actual Rows": 1,
                            "Actual Loops": 1971,
                            "Index Cond": "(id = mi.info_type_id)",
                            "Rows Removed by Index Recheck": 0,
                            "Filter": "((info)::text = 'genres'::text)",
                            "Rows Removed by Filter": 0
                          }
                        ]
                      },
                      {
                        "Node Type": "Index Scan",
                        "Parent Relationship": "Inner",
                        "Parallel Aware": false,
                        "Scan Direction": "Forward",
                        "Index Name": "movie_id_cast_info",
                        "Relation Name": "cast_info",
                        "Alias": "ci",
                        "Startup Cost": 0.56,
                        "Total Cost": 1.71,
                        "Plan Rows": 1,
                        "Plan Width": 8,
                        "Actual Startup Time": 0.05,
                        "Actual Total Time": 0.072,
                        "Actual Rows": 1,
                        "Actual Loops": 1971,
                        "Index Cond": "(movie_id = mk.movie_id)",
                        "Rows Removed by Index Recheck": 0,
                        "Filter": "(note = ANY ('{(writer),\"(head writer)\",\"(written by)\",(story),\"(story editor)\"}'::text[]))",
                        "Rows Removed by Filter": 152
                      }
                    ]
                  },
                  {
                    "Node Type": "Index Scan",
                    "Parent Relationship": "Inner",
                    "Parallel Aware": false,
                    "Scan Direction": "Forward",
                    "Index Name": "name_pkey",
                    "Relation Name": "name",
                    "Alias": "n",
                    "Startup Cost": 0.43,
                    "Total Cost": 0.69,
                    "Plan Rows": 1,
                    "Plan Width": 19,
                    "Actual Startup Time": 0.002,
                    "Actual Total Time": 0.002,
                    "Actual Rows": 1,
                    "Actual Loops": 1649,
                    "Index Cond": "(id = ci.person_id)",
                    "Rows Removed by Index Recheck": 0,
                    "Filter": "((gender)::text = 'm'::text)",
                    "Rows Removed by Filter": 0
                  }
                ]
              },
              {
                "Node Type": "Index Scan",
                "Parent Relationship": "Inner",
                "Parallel Aware": false,
                "Scan Direction": "Forward",
                "Index Name": "info_type_pkey",
                "Relation Name": "info_type",
                "Alias": "it2",
                "Startup Cost": 0.14,
                "Total Cost": 0.16,
                "Plan Rows": 1,
                "Plan Width": 4,
                "Actual Startup Time": 0.001,
                "Actual Total Time": 0.001,
                "Actual Rows": 0,
                "Actual Loops": 1307,
                "Index Cond": "(id = mi_idx.info_type_id)",
                "Rows Removed by Index Recheck": 0,
                "Filter": "((info)::text = 'votes'::text)",
                "Rows Removed by Filter": 1
              }
            ]
          }
        ]
      }
    ]
  },
  "Planning Time": 3.721,
  "Triggers": [],
  "Execution Time": 4479.807
}