[
  {
    "Plan": {
      "Node Type": "Aggregate",
      "Strategy": "Plain",
      "Partial Mode": "Finalize",
      "Parallel Aware": false,
      "Startup Cost": 639789.82,
      "Total Cost": 639789.83,
      "Plan Rows": 1,
      "Plan Width": 8,
      "Actual Startup Time": 5608.781,
      "Actual Total Time": 5726.005,
      "Actual Rows": 1,
      "Actual Loops": 1,
      "Plans": [
        {
          "Node Type": "Gather",
          "Parent Relationship": "Outer",
          "Parallel Aware": false,
          "Startup Cost": 639789.3,
          "Total Cost": 639789.81,
          "Plan Rows": 5,
          "Plan Width": 8,
          "Actual Startup Time": 5567.132,
          "Actual Total Time": 5725.982,
          "Actual Rows": 6,
          "Actual Loops": 1,
          "Workers Planned": 5,
          "Workers Launched": 5,
          "Single Copy": false,
          "Plans": [
            {
              "Node Type": "Aggregate",
              "Strategy": "Plain",
              "Partial Mode": "Partial",
              "Parent Relationship": "Outer",
              "Parallel Aware": false,
              "Startup Cost": 638789.3,
              "Total Cost": 638789.31,
              "Plan Rows": 1,
              "Plan Width": 8,
              "Actual Startup Time": 5535.549,
              "Actual Total Time": 5536.69,
              "Actual Rows": 1,
              "Actual Loops": 6,
              "Plans": [
                {
                  "Node Type": "Hash Join",
                  "Parent Relationship": "Outer",
                  "Parallel Aware": true,
                  "Join Type": "Inner",
                  "Startup Cost": 408670.6,
                  "Total Cost": 622409.94,
                  "Plan Rows": 6551744,
                  "Plan Width": 0,
                  "Actual Startup Time": 2103.23,
                  "Actual Total Time": 4892.983,
                  "Actual Rows": 15214476,
                  "Actual Loops": 6,
                  "Inner Unique": false,
                  "Hash Cond": "(mi.movie_id = t.id)",
                  "Plans": [
                    {
                      "Node Type": "Seq Scan",
                      "Parent Relationship": "Outer",
                      "Parallel Aware": true,
                      "Relation Name": "movie_info",
                      "Alias": "mi",
                      "Startup Cost": 0.0,
                      "Total Cost": 191685.19,
                      "Plan Rows": 2969219,
                      "Plan Width": 4,
                      "Actual Startup Time": 0.033,
                      "Actual Total Time": 313.745,
                      "Actual Rows": 2472620,
                      "Actual Loops": 6
                    },
                    {
                      "Node Type": "Hash",
                      "Parent Relationship": "Inner",
                      "Parallel Aware": true,
                      "Startup Cost": 397047.48,
                      "Total Cost": 397047.48,
                      "Plan Rows": 929850,
                      "Plan Width": 8,
                      "Actual Startup Time": 2091.0,
                      "Actual Total Time": 2092.138,
                      "Actual Rows": 943326,
                      "Actual Loops": 6,
                      "Hash Buckets": 8388608,
                      "Original Hash Buckets": 8388608,
                      "Hash Batches": 1,
                      "Original Hash Batches": 1,
                      "Peak Memory Usage": 287104,
                      "Plans": [
                        {
                          "Node Type": "Hash Join",
                          "Parent Relationship": "Outer",
                          "Parallel Aware": true,
                          "Join Type": "Inner",
                          "Startup Cost": 51024.45,
                          "Total Cost": 397047.48,
                          "Plan Rows": 929850,
                          "Plan Width": 8,
                          "Actual Startup Time": 788.261,
                          "Actual Total Time": 1635.132,
                          "Actual Rows": 943326,
                          "Actual Loops": 6,
                          "Inner Unique": true,
                          "Hash Cond": "(ci.movie_id = t.id)",
                          "Plans": [
                            {
                              "Node Type": "Seq Scan",
                              "Parent Relationship": "Outer",
                              "Parallel Aware": true,
                              "Relation Name": "cast_info",
                              "Alias": "ci",
                              "Startup Cost": 0.0,
                              "Total Cost": 343316.27,
                              "Plan Rows": 1031146,
                              "Plan Width": 4,
                              "Actual Startup Time": 486.475,
                              "Actual Total Time": 812.874,
                              "Actual Rows": 995248,
                              "Actual Loops": 6,
                              "Filter": "((person_id > 3032515) AND (role_id < 11))",
                              "Rows Removed by Filter": 5045476
                            },
                            {
                              "Node Type": "Hash",
                              "Parent Relationship": "Inner",
                              "Parallel Aware": true,
                              "Startup Cost": 43899.32,
                              "Total Cost": 43899.32,
                              "Plan Rows": 570010,
                              "Plan Width": 4,
                              "Actual Startup Time": 296.767,
                              "Actual Total Time": 296.77,
                              "Actual Rows": 378071,
                              "Actual Loops": 6,
                              "Hash Buckets": 4194304,
                              "Original Hash Buckets": 4194304,
                              "Hash Batches": 1,
                              "Original Hash Batches": 1,
                              "Peak Memory Usage": 121632,
                              "Plans": [
                                {
                                  "Node Type": "Seq Scan",
                                  "Parent Relationship": "Outer",
                                  "Parallel Aware": true,
                                  "Relation Name": "title",
                                  "Alias": "t",
                                  "Startup Cost": 0.0,
                                  "Total Cost": 43899.32,
                                  "Plan Rows": 570010,
                                  "Plan Width": 4,
                                  "Actual Startup Time": 0.068,
                                  "Actual Total Time": 103.311,
                                  "Actual Rows": 378071,
                                  "Actual Loops": 6,
                                  "Filter": "(production_year > 1953)",
                                  "Rows Removed by Filter": 43314
                                }
                              ]
                            }
                          ]
                        }
                      ]
                    }
                  ]
                }
              ]
            }
          ]
        }
      ]
    },
    "Planning Time": 1.325,
    "Triggers": [],
    "Execution Time": 5726.108
  }
]