[
  {
    "Plan": {
      "Node Type": "Aggregate",
      "Strategy": "Plain",
      "Partial Mode": "Finalize",
      "Parallel Aware": false,
      "Startup Cost": 26330.9,
      "Total Cost": 26330.91,
      "Plan Rows": 1,
      "Plan Width": 8,
      "Actual Startup Time": 88.437,
      "Actual Total Time": 93.273,
      "Actual Rows": 1,
      "Actual Loops": 1,
      "Plans": [
        {
          "Node Type": "Gather",
          "Parent Relationship": "Outer",
          "Parallel Aware": false,
          "Startup Cost": 26330.58,
          "Total Cost": 26330.89,
          "Plan Rows": 3,
          "Plan Width": 8,
          "Actual Startup Time": 88.2,
          "Actual Total Time": 93.263,
          "Actual Rows": 4,
          "Actual Loops": 1,
          "Workers Planned": 3,
          "Workers Launched": 3,
          "Single Copy": false,
          "Plans": [
            {
              "Node Type": "Aggregate",
              "Strategy": "Plain",
              "Partial Mode": "Partial",
              "Parent Relationship": "Outer",
              "Parallel Aware": false,
              "Startup Cost": 25330.58,
              "Total Cost": 25330.59,
              "Plan Rows": 1,
              "Plan Width": 8,
              "Actual Startup Time": 82.528,
              "Actual Total Time": 82.529,
              "Actual Rows": 1,
              "Actual Loops": 4,
              "Plans": [
                {
                  "Node Type": "Bitmap Heap Scan",
                  "Parent Relationship": "Outer",
                  "Parallel Aware": true,
                  "Relation Name": "movie_companies",
                  "Alias": "mc",
                  "Startup Cost": 5262.31,
                  "Total Cost": 25234.26,
                  "Plan Rows": 38526,
                  "Plan Width": 0,
                  "Actual Startup Time": 32.107,
                  "Actual Total Time": 77.958,
                  "Actual Rows": 46060,
                  "Actual Loops": 4,
                  "Recheck Cond": "(company_id < 95)",
                  "Rows Removed by Index Recheck": 0,
                  "Filter": "(company_type_id = 1)",
                  "Rows Removed by Filter": 13721,
                  "Exact Heap Blocks": 7762,
                  "Lossy Heap Blocks": 0,
                  "Plans": [
                    {
                      "Node Type": "Bitmap Index Scan",
                      "Parent Relationship": "Outer",
                      "Parallel Aware": false,
                      "Index Name": "company_id_movie_companies",
                      "Startup Cost": 0.0,
                      "Total Cost": 5232.45,
                      "Plan Rows": 244270,
                      "Plan Width": 0,
                      "Actual Startup Time": 32.521,
                      "Actual Total Time": 32.521,
                      "Actual Rows": 239124,
                      "Actual Loops": 1,
                      "Index Cond": "(company_id < 95)"
                    }
                  ]
                }
              ]
            }
          ]
        }
      ]
    },
    "Planning Time": 0.211,
    "Triggers": [],
    "Execution Time": 93.349
  }
]