{
  "Plan": {
    "Node Type": "Aggregate",
    "Strategy": "Plain",
    "Partial Mode": "Finalize",
    "Parallel Aware": false,
    "Startup Cost": 105738.01,
    "Total Cost": 105738.02,
    "Plan Rows": 1,
    "Plan Width": 8,
    "Actual Startup Time": 335.913,
    "Actual Total Time": 374.069,
    "Actual Rows": 1,
    "Actual Loops": 1,
    "Plans": [
      {
        "Node Type": "Gather",
        "Parent Relationship": "Outer",
        "Parallel Aware": false,
        "Startup Cost": 105737.9,
        "Total Cost": 105738.01,
        "Plan Rows": 1,
        "Plan Width": 8,
        "Actual Startup Time": 335.443,
        "Actual Total Time": 374.062,
        "Actual Rows": 2,
        "Actual Loops": 1,
        "Workers Planned": 1,
        "Workers Launched": 1,
        "Single Copy": false,
        "Plans": [
          {
            "Node Type": "Aggregate",
            "Strategy": "Plain",
            "Partial Mode": "Partial",
            "Parent Relationship": "Outer",
            "Parallel Aware": false,
            "Startup Cost": 104737.9,
            "Total Cost": 104737.91,
            "Plan Rows": 1,
            "Plan Width": 8,
            "Actual Startup Time": 329.049,
            "Actual Total Time": 329.054,
            "Actual Rows": 1,
            "Actual Loops": 2,
            "Plans": [
              {
                "Node Type": "Nested Loop",
                "Parent Relationship": "Outer",
                "Parallel Aware": false,
                "Join Type": "Inner",
                "Startup Cost": 66601.46,
                "Total Cost": 104672.74,
                "Plan Rows": 26062,
                "Plan Width": 0,
                "Actual Startup Time": 158.472,
                "Actual Total Time": 325.86,
                "Actual Rows": 59439,
                "Actual Loops": 2,
                "Inner Unique": false,
                "Join Filter": "(t.id = ci.movie_id)",
                "Rows Removed by Join Filter": 0,
                "Plans": [
                  {
                    "Node Type": "Hash Join",
                    "Parent Relationship": "Outer",
                    "Parallel Aware": true,
                    "Join Type": "Inner",
                    "Startup Cost": 66600.89,
                    "Total Cost": 89953.95,
                    "Plan Rows": 1819,
                    "Plan Width": 8,
                    "Actual Startup Time": 158.395,
                    "Actual Total Time": 221.366,
                    "Actual Rows": 1804,
                    "Actual Loops": 2,
                    "Inner Unique": true,
                    "Hash Cond": "(mc.movie_id = t.id)",
                    "Plans": [
                      {
                        "Node Type": "Bitmap Heap Scan",
                        "Parent Relationship": "Outer",
                        "Parallel Aware": true,
                        "Relation Name": "movie_companies",
                        "Alias": "mc",
                        "Startup Cost": 10258.0,
                        "Total Cost": 33249.15,
                        "Plan Rows": 137872,
                        "Plan Width": 4,
                        "Actual Startup Time": 18.913,
                        "Actual Total Time": 65.702,
                        "Actual Rows": 174543,
                        "Actual Loops": 2,
                        "Recheck Cond": "(company_id < 419)",
                        "Rows Removed by Index Recheck": 0,
                        "Filter": "(company_type_id < 2)",
                        "Rows Removed by Filter": 61222,
                        "Exact Heap Blocks": 12721,
                        "Lossy Heap Blocks": 0,
                        "Plans": [
                          {
                            "Node Type": "Bitmap Index Scan",
                            "Parent Relationship": "Outer",
                            "Parallel Aware": false,
                            "Index Name": "company_id_movie_companies",
                            "Startup Cost": 0.0,
                            "Total Cost": 10199.41,
                            "Plan Rows": 476130,
                            "Plan Width": 0,
                            "Actual Startup Time": 16.229,
                            "Actual Total Time": 16.229,
                            "Actual Rows": 471529,
                            "Actual Loops": 1,
                            "Index Cond": "(company_id < 419)"
                          }
                        ]
                      },
                      {
                        "Node Type": "Hash",
                        "Parent Relationship": "Inner",
                        "Parallel Aware": true,
                        "Startup Cost": 56097.68,
                        "Total Cost": 56097.68,
                        "Plan Rows": 19617,
                        "Plan Width": 4,
                        "Actual Startup Time": 138.126,
                        "Actual Total Time": 138.127,
                        "Actual Rows": 10104,
                        "Actual Loops": 2,
                        "Hash Buckets": 65536,
                        "Original Hash Buckets": 65536,
                        "Hash Batches": 1,
                        "Original Hash Batches": 1,
                        "Peak Memory Usage": 1312,
                        "Plans": [
                          {
                            "Node Type": "Bitmap Heap Scan",
                            "Parent Relationship": "Outer",
                            "Parallel Aware": true,
                            "Relation Name": "title",
                            "Alias": "t",
                            "Startup Cost": 13447.29,
                            "Total Cost": 56097.68,
                            "Plan Rows": 19617,
                            "Plan Width": 4,
                            "Actual Startup Time": 50.438,
                            "Actual Total Time": 134.974,
                            "Actual Rows": 10104,
                            "Actual Loops": 2,
                            "Recheck Cond": "(kind_id < 3)",
                            "Rows Removed by Index Recheck": 0,
                            "Filter": "(production_year = 2006)",
                            "Rows Removed by Filter": 366734,
                            "Exact Heap Blocks": 28159,
                            "Lossy Heap Blocks": 0,
                            "Plans": [
                              {
                                "Node Type": "Bitmap Index Scan",
                                "Parent Relationship": "Outer",
                                "Parallel Aware": false,
                                "Index Name": "kind_id_title",
                                "Startup Cost": 0.0,
                                "Total Cost": 13438.96,
                                "Plan Rows": 753937,
                                "Plan Width": 0,
                                "Actual Startup Time": 48.761,
                                "Actual Total Time": 48.761,
                                "Actual Rows": 753677,
                                "Actual Loops": 1,
                                "Index Cond": "(kind_id < 3)"
                              }
                            ]
                          }
                        ]
                      }
                    ]
                  },
                  {
                    "Node Type": "Index Only Scan",
                    "Parent Relationship": "Inner",
                    "Parallel Aware": false,
                    "Scan Direction": "Forward",
                    "Index Name": "movie_id_cast_info",
                    "Relation Name": "cast_info",
                    "Alias": "ci",
                    "Startup Cost": 0.56,
                    "Total Cost": 7.63,
                    "Plan Rows": 37,
                    "Plan Width": 4,
                    "Actual Startup Time": 0.009,
                    "Actual Total Time": 0.054,
                    "Actual Rows": 33,
                    "Actual Loops": 3609,
                    "Index Cond": "(movie_id = mc.movie_id)",
                    "Rows Removed by Index Recheck": 0,
                    "Heap Fetches": 118878
                  }
                ]
              }
            ]
          }
        ]
      }
    ]
  },
  "Planning Time": 1.011,
  "Triggers": [],
  "Execution Time": 374.193
}