[
  {
    "Plan": {
      "Node Type": "Aggregate",
      "Strategy": "Plain",
      "Partial Mode": "Finalize",
      "Parallel Aware": false,
      "Startup Cost": 451689.55,
      "Total Cost": 451689.56,
      "Plan Rows": 1,
      "Plan Width": 8,
      "Actual Startup Time": 3029.439,
      "Actual Total Time": 3087.321,
      "Actual Rows": 1,
      "Actual Loops": 1,
      "Plans": [
        {
          "Node Type": "Gather",
          "Parent Relationship": "Outer",
          "Parallel Aware": false,
          "Startup Cost": 451688.93,
          "Total Cost": 451689.54,
          "Plan Rows": 6,
          "Plan Width": 8,
          "Actual Startup Time": 3020.981,
          "Actual Total Time": 3087.305,
          "Actual Rows": 7,
          "Actual Loops": 1,
          "Workers Planned": 6,
          "Workers Launched": 6,
          "Single Copy": false,
          "Plans": [
            {
              "Node Type": "Aggregate",
              "Strategy": "Plain",
              "Partial Mode": "Partial",
              "Parent Relationship": "Outer",
              "Parallel Aware": false,
              "Startup Cost": 450688.93,
              "Total Cost": 450688.94,
              "Plan Rows": 1,
              "Plan Width": 8,
              "Actual Startup Time": 3011.501,
              "Actual Total Time": 3011.588,
              "Actual Rows": 1,
              "Actual Loops": 7,
              "Plans": [
                {
                  "Node Type": "Hash Join",
                  "Parent Relationship": "Outer",
                  "Parallel Aware": true,
                  "Join Type": "Inner",
                  "Startup Cost": 94669.08,
                  "Total Cost": 447434.33,
                  "Plan Rows": 1301840,
                  "Plan Width": 0,
                  "Actual Startup Time": 365.125,
                  "Actual Total Time": 2609.275,
                  "Actual Rows": 8069653,
                  "Actual Loops": 7,
                  "Inner Unique": false,
                  "Hash Cond": "(ci.movie_id = t.id)",
                  "Plans": [
                    {
                      "Node Type": "Seq Scan",
                      "Parent Relationship": "Outer",
                      "Parallel Aware": true,
                      "Relation Name": "cast_info",
                      "Alias": "ci",
                      "Startup Cost": 0.0,
                      "Total Cost": 328211.39,
                      "Plan Rows": 5427831,
                      "Plan Width": 4,
                      "Actual Startup Time": 46.673,
                      "Actual Total Time": 716.13,
                      "Actual Rows": 4632189,
                      "Actual Loops": 7,
                      "Filter": "(person_id > 366134)",
                      "Rows Removed by Filter": 545574
                    },
                    {
                      "Node Type": "Hash",
                      "Parent Relationship": "Inner",
                      "Parallel Aware": true,
                      "Startup Cost": 92223.79,
                      "Total Cost": 92223.79,
                      "Plan Rows": 195623,
                      "Plan Width": 8,
                      "Actual Startup Time": 315.89,
                      "Actual Total Time": 315.975,
                      "Actual Rows": 148915,
                      "Actual Loops": 7,
                      "Hash Buckets": 1048576,
                      "Original Hash Buckets": 1048576,
                      "Hash Batches": 1,
                      "Original Hash Batches": 1,
                      "Peak Memory Usage": 49056,
                      "Plans": [
                        {
                          "Node Type": "Hash Join",
                          "Parent Relationship": "Outer",
                          "Parallel Aware": true,
                          "Join Type": "Inner",
                          "Startup Cost": 47303.15,
                          "Total Cost": 92223.79,
                          "Plan Rows": 195623,
                          "Plan Width": 8,
                          "Actual Startup Time": 124.358,
                          "Actual Total Time": 263.65,
                          "Actual Rows": 148915,
                          "Actual Loops": 7,
                          "Inner Unique": true,
                          "Hash Cond": "(mk.movie_id = t.id)",
                          "Plans": [
                            {
                              "Node Type": "Seq Scan",
                              "Parent Relationship": "Outer",
                              "Parallel Aware": true,
                              "Relation Name": "movie_keyword",
                              "Alias": "mk",
                              "Startup Cost": 0.0,
                              "Total Cost": 42695.65,
                              "Plan Rows": 847616,
                              "Plan Width": 4,
                              "Actual Startup Time": 0.039,
                              "Actual Total Time": 79.768,
                              "Actual Rows": 376995,
                              "Actual Loops": 7,
                              "Filter": "(keyword_id < 7281)",
                              "Rows Removed by Filter": 269281
                            },
                            {
                              "Node Type": "Hash",
                              "Parent Relationship": "Inner",
                              "Parallel Aware": true,
                              "Startup Cost": 45479.59,
                              "Total Cost": 45479.59,
                              "Plan Rows": 145885,
                              "Plan Width": 4,
                              "Actual Startup Time": 122.891,
                              "Actual Total Time": 122.892,
                              "Actual Rows": 70423,
                              "Actual Loops": 7,
                              "Hash Buckets": 1048576,
                              "Original Hash Buckets": 1048576,
                              "Hash Batches": 1,
                              "Original Hash Batches": 1,
                              "Peak Memory Usage": 27552,
                              "Plans": [
                                {
                                  "Node Type": "Seq Scan",
                                  "Parent Relationship": "Outer",
                                  "Parallel Aware": true,
                                  "Relation Name": "title",
                                  "Alias": "t",
                                  "Startup Cost": 0.0,
                                  "Total Cost": 45479.59,
                                  "Plan Rows": 145885,
                                  "Plan Width": 4,
                                  "Actual Startup Time": 0.056,
                                  "Actual Total Time": 81.754,
                                  "Actual Rows": 70423,
                                  "Actual Loops": 7,
                                  "Filter": "((kind_id < 7) AND (production_year > 1998))",
                                  "Rows Removed by Filter": 290765
                                }
                              ]
                            }
                          ]
                        }
                      ]
                    }
                  ]
                }
              ]
            }
          ]
        }
      ]
    },
    "Planning Time": 0.576,
    "Triggers": [],
    "Execution Time": 3087.382
  }
]