[
  {
    "Plan": {
      "Node Type": "Aggregate",
      "Strategy": "Plain",
      "Partial Mode": "Finalize",
      "Parallel Aware": false,
      "Startup Cost": 78075.54,
      "Total Cost": 78075.55,
      "Plan Rows": 1,
      "Plan Width": 8,
      "Actual Startup Time": 313.528,
      "Actual Total Time": 330.351,
      "Actual Rows": 1,
      "Actual Loops": 1,
      "Plans": [
        {
          "Node Type": "Gather",
          "Parent Relationship": "Outer",
          "Parallel Aware": false,
          "Startup Cost": 78075.12,
          "Total Cost": 78075.53,
          "Plan Rows": 4,
          "Plan Width": 8,
          "Actual Startup Time": 311.86,
          "Actual Total Time": 330.342,
          "Actual Rows": 5,
          "Actual Loops": 1,
          "Workers Planned": 4,
          "Workers Launched": 4,
          "Single Copy": false,
          "Plans": [
            {
              "Node Type": "Aggregate",
              "Strategy": "Plain",
              "Partial Mode": "Partial",
              "Parent Relationship": "Outer",
              "Parallel Aware": false,
              "Startup Cost": 77075.12,
              "Total Cost": 77075.13,
              "Plan Rows": 1,
              "Plan Width": 8,
              "Actual Startup Time": 301.526,
              "Actual Total Time": 301.53,
              "Actual Rows": 1,
              "Actual Loops": 5,
              "Plans": [
                {
                  "Node Type": "Hash Join",
                  "Parent Relationship": "Outer",
                  "Parallel Aware": true,
                  "Join Type": "Inner",
                  "Startup Cost": 31285.64,
                  "Total Cost": 76939.6,
                  "Plan Rows": 54206,
                  "Plan Width": 0,
                  "Actual Startup Time": 131.042,
                  "Actual Total Time": 298.264,
                  "Actual Rows": 66450,
                  "Actual Loops": 5,
                  "Inner Unique": false,
                  "Hash Cond": "(t.id = mc.movie_id)",
                  "Plans": [
                    {
                      "Node Type": "Seq Scan",
                      "Parent Relationship": "Outer",
                      "Parallel Aware": true,
                      "Relation Name": "title",
                      "Alias": "t",
                      "Startup Cost": 0.0,
                      "Total Cost": 42318.73,
                      "Plan Rows": 632073,
                      "Plan Width": 4,
                      "Actual Startup Time": 0.013,
                      "Actual Total Time": 67.156,
                      "Actual Rows": 505662,
                      "Actual Loops": 5
                    },
                    {
                      "Node Type": "Hash",
                      "Parent Relationship": "Inner",
                      "Parallel Aware": true,
                      "Startup Cost": 30411.36,
                      "Total Cost": 30411.36,
                      "Plan Rows": 69943,
                      "Plan Width": 4,
                      "Actual Startup Time": 129.069,
                      "Actual Total Time": 129.071,
                      "Actual Rows": 66450,
                      "Actual Loops": 5,
                      "Hash Buckets": 524288,
                      "Original Hash Buckets": 262144,
                      "Hash Batches": 1,
                      "Original Hash Batches": 1,
                      "Peak Memory Usage": 19232,
                      "Plans": [
                        {
                          "Node Type": "Bitmap Heap Scan",
                          "Parent Relationship": "Outer",
                          "Parallel Aware": true,
                          "Relation Name": "movie_companies",
                          "Alias": "mc",
                          "Startup Cost": 9490.09,
                          "Total Cost": 30411.36,
                          "Plan Rows": 69943,
                          "Plan Width": 4,
                          "Actual Startup Time": 38.444,
                          "Actual Total Time": 91.759,
                          "Actual Rows": 66450,
                          "Actual Loops": 5,
                          "Recheck Cond": "(company_id < 317)",
                          "Rows Removed by Index Recheck": 0,
                          "Filter": "(company_type_id = 1)",
                          "Rows Removed by Filter": 20674,
                          "Exact Heap Blocks": 4691,
                          "Lossy Heap Blocks": 0,
                          "Plans": [
                            {
                              "Node Type": "Bitmap Index Scan",
                              "Parent Relationship": "Outer",
                              "Parallel Aware": false,
                              "Index Name": "company_id_movie_companies",
                              "Startup Cost": 0.0,
                              "Total Cost": 9435.89,
                              "Plan Rows": 440461,
                              "Plan Width": 0,
                              "Actual Startup Time": 36.564,
                              "Actual Total Time": 36.564,
                              "Actual Rows": 435621,
                              "Actual Loops": 1,
                              "Index Cond": "(company_id < 317)"
                            }
                          ]
                        }
                      ]
                    }
                  ]
                }
              ]
            }
          ]
        }
      ]
    },
    "Planning Time": 0.64,
    "Triggers": [],
    "Execution Time": 330.45
  }
]