{
  "Plan": {
    "Node Type": "Aggregate",
    "Strategy": "Plain",
    "Partial Mode": "Finalize",
    "Parallel Aware": false,
    "Startup Cost": 906054.57,
    "Total Cost": 906054.58,
    "Plan Rows": 1,
    "Plan Width": 8,
    "Actual Startup Time": 4974.107,
    "Actual Total Time": 5080.995,
    "Actual Rows": 1,
    "Actual Loops": 1,
    "Plans": [
      {
        "Node Type": "Gather",
        "Parent Relationship": "Outer",
        "Parallel Aware": false,
        "Startup Cost": 906054.46,
        "Total Cost": 906054.57,
        "Plan Rows": 1,
        "Plan Width": 8,
        "Actual Startup Time": 4970.843,
        "Actual Total Time": 5080.987,
        "Actual Rows": 2,
        "Actual Loops": 1,
        "Workers Planned": 1,
        "Workers Launched": 1,
        "Single Copy": false,
        "Plans": [
          {
            "Node Type": "Aggregate",
            "Strategy": "Plain",
            "Partial Mode": "Partial",
            "Parent Relationship": "Outer",
            "Parallel Aware": false,
            "Startup Cost": 905054.46,
            "Total Cost": 905054.47,
            "Plan Rows": 1,
            "Plan Width": 8,
            "Actual Startup Time": 4962.693,
            "Actual Total Time": 4962.698,
            "Actual Rows": 1,
            "Actual Loops": 2,
            "Plans": [
              {
                "Node Type": "Hash Join",
                "Parent Relationship": "Outer",
                "Parallel Aware": true,
                "Join Type": "Inner",
                "Startup Cost": 588423.9,
                "Total Cost": 902035.13,
                "Plan Rows": 1207730,
                "Plan Width": 0,
                "Actual Startup Time": 3764.711,
                "Actual Total Time": 4941.378,
                "Actual Rows": 528666,
                "Actual Loops": 2,
                "Inner Unique": false,
                "Hash Cond": "(mi.movie_id = t.id)",
                "Plans": [
                  {
                    "Node Type": "Seq Scan",
                    "Parent Relationship": "Outer",
                    "Parallel Aware": true,
                    "Relation Name": "movie_info",
                    "Alias": "mi",
                    "Startup Cost": 0.0,
                    "Total Cost": 270696.42,
                    "Plan Rows": 2864842,
                    "Plan Width": 4,
                    "Actual Startup Time": 0.023,
                    "Actual Total Time": 625.891,
                    "Actual Rows": 2461983,
                    "Actual Loops": 2,
                    "Filter": "(info_type_id < 5)",
                    "Rows Removed by Filter": 4955877
                  },
                  {
                    "Node Type": "Hash",
                    "Parent Relationship": "Inner",
                    "Parallel Aware": true,
                    "Startup Cost": 580586.76,
                    "Total Cost": 580586.76,
                    "Plan Rows": 626971,
                    "Plan Width": 8,
                    "Actual Startup Time": 3748.441,
                    "Actual Total Time": 3748.444,
                    "Actual Rows": 699334,
                    "Actual Loops": 2,
                    "Hash Buckets": 2097152,
                    "Original Hash Buckets": 2097152,
                    "Hash Batches": 1,
                    "Original Hash Batches": 1,
                    "Peak Memory Usage": 71136,
                    "Plans": [
                      {
                        "Node Type": "Hash Join",
                        "Parent Relationship": "Outer",
                        "Parallel Aware": true,
                        "Join Type": "Inner",
                        "Startup Cost": 58853.41,
                        "Total Cost": 580586.76,
                        "Plan Rows": 626971,
                        "Plan Width": 8,
                        "Actual Startup Time": 146.698,
                        "Actual Total Time": 3541.073,
                        "Actual Rows": 699334,
                        "Actual Loops": 2,
                        "Inner Unique": true,
                        "Hash Cond": "(ci.movie_id = t.id)",
                        "Plans": [
                          {
                            "Node Type": "Seq Scan",
                            "Parent Relationship": "Outer",
                            "Parallel Aware": true,
                            "Relation Name": "cast_info",
                            "Alias": "ci",
                            "Startup Cost": 0.0,
                            "Total Cost": 465792.95,
                            "Plan Rows": 21310595,
                            "Plan Width": 4,
                            "Actual Startup Time": 0.015,
                            "Actual Total Time": 1333.798,
                            "Actual Rows": 18122172,
                            "Actual Loops": 2
                          },
                          {
                            "Node Type": "Hash",
                            "Parent Relationship": "Inner",
                            "Parallel Aware": true,
                            "Startup Cost": 58306.47,
                            "Total Cost": 58306.47,
                            "Plan Rows": 43755,
                            "Plan Width": 4,
                            "Actual Startup Time": 145.924,
                            "Actual Total Time": 145.925,
                            "Actual Rows": 42054,
                            "Actual Loops": 2,
                            "Hash Buckets": 131072,
                            "Original Hash Buckets": 131072,
                            "Hash Batches": 1,
                            "Original Hash Batches": 1,
                            "Peak Memory Usage": 4352,
                            "Plans": [
                              {
                                "Node Type": "Seq Scan",
                                "Parent Relationship": "Outer",
                                "Parallel Aware": true,
                                "Relation Name": "title",
                                "Alias": "t",
                                "Startup Cost": 0.0,
                                "Total Cost": 58306.47,
                                "Plan Rows": 43755,
                                "Plan Width": 4,
                                "Actual Startup Time": 0.032,
                                "Actual Total Time": 134.138,
                                "Actual Rows": 42054,
                                "Actual Loops": 2,
                                "Filter": "((kind_id = 7) AND (production_year = 2008))",
                                "Rows Removed by Filter": 1222102
                              }
                            ]
                          }
                        ]
                      }
                    ]
                  }
                ]
              }
            ]
          }
        ]
      }
    ]
  },
  "Planning Time": 0.987,
  "Triggers": [],
  "Execution Time": 5081.094
}