{
  "Plan": {
    "Node Type": "Aggregate",
    "Strategy": "Plain",
    "Partial Mode": "Finalize",
    "Parallel Aware": false,
    "Startup Cost": 330656.71,
    "Total Cost": 330656.72,
    "Plan Rows": 1,
    "Plan Width": 8,
    "Actual Startup Time": 1011.236,
    "Actual Total Time": 1064.492,
    "Actual Rows": 1,
    "Actual Loops": 1,
    "Plans": [
      {
        "Node Type": "Gather",
        "Parent Relationship": "Outer",
        "Parallel Aware": false,
        "Startup Cost": 330656.59,
        "Total Cost": 330656.7,
        "Plan Rows": 1,
        "Plan Width": 8,
        "Actual Startup Time": 1010.601,
        "Actual Total Time": 1064.482,
        "Actual Rows": 2,
        "Actual Loops": 1,
        "Workers Planned": 1,
        "Workers Launched": 1,
        "Single Copy": false,
        "Plans": [
          {
            "Node Type": "Aggregate",
            "Strategy": "Plain",
            "Partial Mode": "Partial",
            "Parent Relationship": "Outer",
            "Parallel Aware": false,
            "Startup Cost": 329656.59,
            "Total Cost": 329656.6,
            "Plan Rows": 1,
            "Plan Width": 8,
            "Actual Startup Time": 1004.542,
            "Actual Total Time": 1004.545,
            "Actual Rows": 1,
            "Actual Loops": 2,
            "Plans": [
              {
                "Node Type": "Nested Loop",
                "Parent Relationship": "Outer",
                "Parallel Aware": false,
                "Join Type": "Inner",
                "Startup Cost": 55462.64,
                "Total Cost": 326125.41,
                "Plan Rows": 1412472,
                "Plan Width": 0,
                "Actual Startup Time": 208.108,
                "Actual Total Time": 968.202,
                "Actual Rows": 806337,
                "Actual Loops": 2,
                "Inner Unique": false,
                "Join Filter": "(t.id = ci.movie_id)",
                "Rows Removed by Join Filter": 0,
                "Plans": [
                  {
                    "Node Type": "Hash Join",
                    "Parent Relationship": "Outer",
                    "Parallel Aware": true,
                    "Join Type": "Inner",
                    "Startup Cost": 55462.08,
                    "Total Cost": 118686.17,
                    "Plan Rows": 98574,
                    "Plan Width": 8,
                    "Actual Startup Time": 208.021,
                    "Actual Total Time": 474.13,
                    "Actual Rows": 48033,
                    "Actual Loops": 2,
                    "Inner Unique": true,
                    "Hash Cond": "(mk.movie_id = t.id)",
                    "Plans": [
                      {
                        "Node Type": "Seq Scan",
                        "Parent Relationship": "Outer",
                        "Parallel Aware": true,
                        "Relation Name": "movie_keyword",
                        "Alias": "mk",
                        "Startup Cost": 0.0,
                        "Total Cost": 57718.19,
                        "Plan Rows": 2097482,
                        "Plan Width": 4,
                        "Actual Startup Time": 0.066,
                        "Actual Total Time": 190.768,
                        "Actual Rows": 1781472,
                        "Actual Loops": 2,
                        "Filter": "(keyword_id > 902)",
                        "Rows Removed by Filter": 480492
                      },
                      {
                        "Node Type": "Hash",
                        "Parent Relationship": "Inner",
                        "Parallel Aware": true,
                        "Startup Cost": 54588.39,
                        "Total Cost": 54588.39,
                        "Plan Rows": 69895,
                        "Plan Width": 4,
                        "Actual Startup Time": 150.646,
                        "Actual Total Time": 150.647,
                        "Actual Rows": 60182,
                        "Actual Loops": 2,
                        "Hash Buckets": 131072,
                        "Original Hash Buckets": 131072,
                        "Hash Batches": 1,
                        "Original Hash Batches": 1,
                        "Peak Memory Usage": 5760,
                        "Plans": [
                          {
                            "Node Type": "Seq Scan",
                            "Parent Relationship": "Outer",
                            "Parallel Aware": true,
                            "Relation Name": "title",
                            "Alias": "t",
                            "Startup Cost": 0.0,
                            "Total Cost": 54588.39,
                            "Plan Rows": 69895,
                            "Plan Width": 4,
                            "Actual Startup Time": 56.967,
                            "Actual Total Time": 138.038,
                            "Actual Rows": 60182,
                            "Actual Loops": 2,
                            "Filter": "(production_year < 1932)",
                            "Rows Removed by Filter": 1203974
                          }
                        ]
                      }
                    ]
                  },
                  {
                    "Node Type": "Index Only Scan",
                    "Parent Relationship": "Inner",
                    "Parallel Aware": false,
                    "Scan Direction": "Forward",
                    "Index Name": "movie_id_cast_info",
                    "Relation Name": "cast_info",
                    "Alias": "ci",
                    "Startup Cost": 0.56,
                    "Total Cost": 1.64,
                    "Plan Rows": 37,
                    "Plan Width": 4,
                    "Actual Startup Time": 0.003,
                    "Actual Total Time": 0.009,
                    "Actual Rows": 17,
                    "Actual Loops": 96066,
                    "Index Cond": "(movie_id = mk.movie_id)",
                    "Rows Removed by Index Recheck": 0,
                    "Heap Fetches": 1612674
                  }
                ]
              }
            ]
          }
        ]
      }
    ]
  },
  "Planning Time": 0.934,
  "Triggers": [],
  "Execution Time": 1064.591
}