[
  {
    "Plan": {
      "Node Type": "Aggregate",
      "Strategy": "Plain",
      "Partial Mode": "Finalize",
      "Parallel Aware": false,
      "Startup Cost": 138393.79,
      "Total Cost": 138393.8,
      "Plan Rows": 1,
      "Plan Width": 8,
      "Actual Startup Time": 140.486,
      "Actual Total Time": 162.913,
      "Actual Rows": 1,
      "Actual Loops": 1,
      "Plans": [
        {
          "Node Type": "Gather",
          "Parent Relationship": "Outer",
          "Parallel Aware": false,
          "Startup Cost": 138393.37,
          "Total Cost": 138393.78,
          "Plan Rows": 4,
          "Plan Width": 8,
          "Actual Startup Time": 140.154,
          "Actual Total Time": 162.903,
          "Actual Rows": 5,
          "Actual Loops": 1,
          "Workers Planned": 4,
          "Workers Launched": 4,
          "Single Copy": false,
          "Plans": [
            {
              "Node Type": "Aggregate",
              "Strategy": "Plain",
              "Partial Mode": "Partial",
              "Parent Relationship": "Outer",
              "Parallel Aware": false,
              "Startup Cost": 137393.37,
              "Total Cost": 137393.38,
              "Plan Rows": 1,
              "Plan Width": 8,
              "Actual Startup Time": 130.813,
              "Actual Total Time": 130.814,
              "Actual Rows": 1,
              "Actual Loops": 5,
              "Plans": [
                {
                  "Node Type": "Nested Loop",
                  "Parent Relationship": "Outer",
                  "Parallel Aware": false,
                  "Join Type": "Inner",
                  "Startup Cost": 0.56,
                  "Total Cost": 137367.62,
                  "Plan Rows": 10299,
                  "Plan Width": 0,
                  "Actual Startup Time": 1.47,
                  "Actual Total Time": 129.743,
                  "Actual Rows": 10712,
                  "Actual Loops": 5,
                  "Inner Unique": false,
                  "Plans": [
                    {
                      "Node Type": "Seq Scan",
                      "Parent Relationship": "Outer",
                      "Parallel Aware": true,
                      "Relation Name": "title",
                      "Alias": "t",
                      "Startup Cost": 0.0,
                      "Total Cost": 45479.1,
                      "Plan Rows": 719,
                      "Plan Width": 4,
                      "Actual Startup Time": 1.232,
                      "Actual Total Time": 77.693,
                      "Actual Rows": 636,
                      "Actual Loops": 5,
                      "Filter": "((kind_id < 7) AND (production_year = 1954))",
                      "Rows Removed by Filter": 505027
                    },
                    {
                      "Node Type": "Index Only Scan",
                      "Parent Relationship": "Inner",
                      "Parallel Aware": false,
                      "Scan Direction": "Forward",
                      "Index Name": "movie_id_cast_info",
                      "Relation Name": "cast_info",
                      "Alias": "ci",
                      "Startup Cost": 0.56,
                      "Total Cost": 127.43,
                      "Plan Rows": 37,
                      "Plan Width": 4,
                      "Actual Startup Time": 0.015,
                      "Actual Total Time": 0.08,
                      "Actual Rows": 17,
                      "Actual Loops": 3178,
                      "Index Cond": "(movie_id = t.id)",
                      "Rows Removed by Index Recheck": 0,
                      "Heap Fetches": 53560
                    }
                  ]
                }
              ]
            }
          ]
        }
      ]
    },
    "Planning Time": 0.621,
    "Triggers": [],
    "Execution Time": 162.997
  }
]