{
  "Plan": {
    "Node Type": "Aggregate",
    "Strategy": "Plain",
    "Partial Mode": "Finalize",
    "Parallel Aware": false,
    "Startup Cost": 32252.43,
    "Total Cost": 32252.44,
    "Plan Rows": 1,
    "Plan Width": 8,
    "Actual Startup Time": 42.506,
    "Actual Total Time": 47.664,
    "Actual Rows": 1,
    "Actual Loops": 1,
    "Plans": [
      {
        "Node Type": "Gather",
        "Parent Relationship": "Outer",
        "Parallel Aware": false,
        "Startup Cost": 32252.32,
        "Total Cost": 32252.43,
        "Plan Rows": 1,
        "Plan Width": 8,
        "Actual Startup Time": 42.399,
        "Actual Total Time": 47.657,
        "Actual Rows": 2,
        "Actual Loops": 1,
        "Workers Planned": 1,
        "Workers Launched": 1,
        "Single Copy": false,
        "Plans": [
          {
            "Node Type": "Aggregate",
            "Strategy": "Plain",
            "Partial Mode": "Partial",
            "Parent Relationship": "Outer",
            "Parallel Aware": false,
            "Startup Cost": 31252.32,
            "Total Cost": 31252.33,
            "Plan Rows": 1,
            "Plan Width": 8,
            "Actual Startup Time": 36.233,
            "Actual Total Time": 36.234,
            "Actual Rows": 1,
            "Actual Loops": 2,
            "Plans": [
              {
                "Node Type": "Nested Loop",
                "Parent Relationship": "Outer",
                "Parallel Aware": false,
                "Join Type": "Inner",
                "Startup Cost": 160.35,
                "Total Cost": 31251.49,
                "Plan Rows": 330,
                "Plan Width": 0,
                "Actual Startup Time": 3.78,
                "Actual Total Time": 36.102,
                "Actual Rows": 860,
                "Actual Loops": 2,
                "Inner Unique": false,
                "Plans": [
                  {
                    "Node Type": "Nested Loop",
                    "Parent Relationship": "Outer",
                    "Parallel Aware": false,
                    "Join Type": "Inner",
                    "Startup Cost": 159.92,
                    "Total Cost": 30478.12,
                    "Plan Rows": 56,
                    "Plan Width": 8,
                    "Actual Startup Time": 3.687,
                    "Actual Total Time": 32.98,
                    "Actual Rows": 115,
                    "Actual Loops": 2,
                    "Inner Unique": true,
                    "Plans": [
                      {
                        "Node Type": "Bitmap Heap Scan",
                        "Parent Relationship": "Outer",
                        "Parallel Aware": true,
                        "Relation Name": "movie_companies",
                        "Alias": "mc",
                        "Startup Cost": 159.49,
                        "Total Cost": 14132.96,
                        "Plan Rows": 2156,
                        "Plan Width": 4,
                        "Actual Startup Time": 2.399,
                        "Actual Total Time": 5.213,
                        "Actual Rows": 3911,
                        "Actual Loops": 2,
                        "Recheck Cond": "(company_id = 424)",
                        "Rows Removed by Index Recheck": 0,
                        "Filter": "(company_type_id > 1)",
                        "Rows Removed by Filter": 206,
                        "Exact Heap Blocks": 864,
                        "Lossy Heap Blocks": 0,
                        "Plans": [
                          {
                            "Node Type": "Bitmap Index Scan",
                            "Parent Relationship": "Outer",
                            "Parallel Aware": false,
                            "Index Name": "company_id_movie_companies",
                            "Startup Cost": 0.0,
                            "Total Cost": 158.57,
                            "Plan Rows": 7219,
                            "Plan Width": 0,
                            "Actual Startup Time": 2.807,
                            "Actual Total Time": 2.807,
                            "Actual Rows": 8235,
                            "Actual Loops": 1,
                            "Index Cond": "(company_id = 424)"
                          }
                        ]
                      },
                      {
                        "Node Type": "Index Scan",
                        "Parent Relationship": "Inner",
                        "Parallel Aware": false,
                        "Scan Direction": "Forward",
                        "Index Name": "title_pkey",
                        "Relation Name": "title",
                        "Alias": "t",
                        "Startup Cost": 0.43,
                        "Total Cost": 7.58,
                        "Plan Rows": 1,
                        "Plan Width": 4,
                        "Actual Startup Time": 0.007,
                        "Actual Total Time": 0.007,
                        "Actual Rows": 0,
                        "Actual Loops": 7822,
                        "Index Cond": "(id = mc.movie_id)",
                        "Rows Removed by Index Recheck": 0,
                        "Filter": "(production_year = 2013)",
                        "Rows Removed by Filter": 1
                      }
                    ]
                  },
                  {
                    "Node Type": "Index Only Scan",
                    "Parent Relationship": "Inner",
                    "Parallel Aware": false,
                    "Scan Direction": "Forward",
                    "Index Name": "movie_id_movie_info",
                    "Relation Name": "movie_info",
                    "Alias": "mi",
                    "Startup Cost": 0.43,
                    "Total Cost": 13.39,
                    "Plan Rows": 42,
                    "Plan Width": 4,
                    "Actual Startup Time": 0.01,
                    "Actual Total Time": 0.025,
                    "Actual Rows": 7,
                    "Actual Loops": 230,
                    "Index Cond": "(movie_id = t.id)",
                    "Rows Removed by Index Recheck": 0,
                    "Heap Fetches": 1719
                  }
                ]
              }
            ]
          }
        ]
      }
    ]
  },
  "Planning Time": 1.037,
  "Triggers": [],
  "Execution Time": 47.759
}