[
  {
    "Plan": {
      "Node Type": "Aggregate",
      "Strategy": "Plain",
      "Partial Mode": "Finalize",
      "Parallel Aware": false,
      "Startup Cost": 634483.26,
      "Total Cost": 634483.27,
      "Plan Rows": 1,
      "Plan Width": 8,
      "Actual Startup Time": 2823.894,
      "Actual Total Time": 2914.876,
      "Actual Rows": 1,
      "Actual Loops": 1,
      "Plans": [
        {
          "Node Type": "Gather",
          "Parent Relationship": "Outer",
          "Parallel Aware": false,
          "Startup Cost": 634482.63,
          "Total Cost": 634483.24,
          "Plan Rows": 6,
          "Plan Width": 8,
          "Actual Startup Time": 2798.03,
          "Actual Total Time": 2914.861,
          "Actual Rows": 7,
          "Actual Loops": 1,
          "Workers Planned": 6,
          "Workers Launched": 6,
          "Single Copy": false,
          "Plans": [
            {
              "Node Type": "Aggregate",
              "Strategy": "Plain",
              "Partial Mode": "Partial",
              "Parent Relationship": "Outer",
              "Parallel Aware": false,
              "Startup Cost": 633482.63,
              "Total Cost": 633482.64,
              "Plan Rows": 1,
              "Plan Width": 8,
              "Actual Startup Time": 2765.23,
              "Actual Total Time": 2765.629,
              "Actual Rows": 1,
              "Actual Loops": 7,
              "Plans": [
                {
                  "Node Type": "Hash Join",
                  "Parent Relationship": "Outer",
                  "Parallel Aware": true,
                  "Join Type": "Inner",
                  "Startup Cost": 267047.86,
                  "Total Cost": 617910.39,
                  "Plan Rows": 6228898,
                  "Plan Width": 0,
                  "Actual Startup Time": 1351.507,
                  "Actual Total Time": 2610.217,
                  "Actual Rows": 3708057,
                  "Actual Loops": 7,
                  "Inner Unique": false,
                  "Hash Cond": "(ci.movie_id = t.id)",
                  "Plans": [
                    {
                      "Node Type": "Seq Scan",
                      "Parent Relationship": "Outer",
                      "Parallel Aware": true,
                      "Relation Name": "cast_info",
                      "Alias": "ci",
                      "Startup Cost": 0.0,
                      "Total Cost": 328162.03,
                      "Plan Rows": 2731391,
                      "Plan Width": 4,
                      "Actual Startup Time": 318.237,
                      "Actual Total Time": 633.406,
                      "Actual Rows": 2303098,
                      "Actual Loops": 7,
                      "Filter": "(role_id > 2)",
                      "Rows Removed by Filter": 2874666
                    },
                    {
                      "Node Type": "Hash",
                      "Parent Relationship": "Inner",
                      "Parallel Aware": true,
                      "Startup Cost": 252633.52,
                      "Total Cost": 252633.52,
                      "Plan Rows": 1153147,
                      "Plan Width": 8,
                      "Actual Startup Time": 1021.17,
                      "Actual Total Time": 1021.568,
                      "Actual Rows": 278691,
                      "Actual Loops": 7,
                      "Hash Buckets": 8388608,
                      "Original Hash Buckets": 8388608,
                      "Hash Batches": 1,
                      "Original Hash Batches": 1,
                      "Peak Memory Usage": 141984,
                      "Plans": [
                        {
                          "Node Type": "Hash Join",
                          "Parent Relationship": "Outer",
                          "Parallel Aware": true,
                          "Join Type": "Inner",
                          "Startup Cost": 48701.62,
                          "Total Cost": 252633.52,
                          "Plan Rows": 1153147,
                          "Plan Width": 8,
                          "Actual Startup Time": 185.998,
                          "Actual Total Time": 862.738,
                          "Actual Rows": 278691,
                          "Actual Loops": 7,
                          "Inner Unique": true,
                          "Hash Cond": "(mi.movie_id = t.id)",
                          "Plans": [
                            {
                              "Node Type": "Seq Scan",
                              "Parent Relationship": "Outer",
                              "Parallel Aware": true,
                              "Relation Name": "movie_info",
                              "Alias": "mi",
                              "Startup Cost": 0.0,
                              "Total Cost": 198952.16,
                              "Plan Rows": 1897040,
                              "Plan Width": 4,
                              "Actual Startup Time": 0.034,
                              "Actual Total Time": 306.404,
                              "Actual Rows": 1366450,
                              "Actual Loops": 7,
                              "Filter": "(info_type_id < 16)",
                              "Rows Removed by Filter": 752938
                            },
                            {
                              "Node Type": "Hash",
                              "Parent Relationship": "Inner",
                              "Parallel Aware": true,
                              "Startup Cost": 43898.92,
                              "Total Cost": 43898.92,
                              "Plan Rows": 384216,
                              "Plan Width": 4,
                              "Actual Startup Time": 183.321,
                              "Actual Total Time": 183.322,
                              "Actual Rows": 220466,
                              "Actual Loops": 7,
                              "Hash Buckets": 2097152,
                              "Original Hash Buckets": 2097152,
                              "Hash Batches": 1,
                              "Original Hash Batches": 1,
                              "Peak Memory Usage": 76832,
                              "Plans": [
                                {
                                  "Node Type": "Seq Scan",
                                  "Parent Relationship": "Outer",
                                  "Parallel Aware": true,
                                  "Relation Name": "title",
                                  "Alias": "t",
                                  "Startup Cost": 0.0,
                                  "Total Cost": 43898.92,
                                  "Plan Rows": 384216,
                                  "Plan Width": 4,
                                  "Actual Startup Time": 0.064,
                                  "Actual Total Time": 75.371,
                                  "Actual Rows": 220466,
                                  "Actual Loops": 7,
                                  "Filter": "(kind_id = 7)",
                                  "Rows Removed by Filter": 140721
                                }
                              ]
                            }
                          ]
                        }
                      ]
                    }
                  ]
                }
              ]
            }
          ]
        }
      ]
    },
    "Planning Time": 1.335,
    "Triggers": [],
    "Execution Time": 2914.975
  }
]