{
  "Plan": {
    "Node Type": "Aggregate",
    "Strategy": "Plain",
    "Partial Mode": "Finalize",
    "Parallel Aware": false,
    "Startup Cost": 65439.18,
    "Total Cost": 65439.19,
    "Plan Rows": 1,
    "Plan Width": 8,
    "Actual Startup Time": 279.899,
    "Actual Total Time": 288.664,
    "Actual Rows": 1,
    "Actual Loops": 1,
    "Plans": [
      {
        "Node Type": "Gather",
        "Parent Relationship": "Outer",
        "Parallel Aware": false,
        "Startup Cost": 65439.07,
        "Total Cost": 65439.18,
        "Plan Rows": 1,
        "Plan Width": 8,
        "Actual Startup Time": 279.577,
        "Actual Total Time": 288.655,
        "Actual Rows": 2,
        "Actual Loops": 1,
        "Workers Planned": 1,
        "Workers Launched": 1,
        "Single Copy": false,
        "Plans": [
          {
            "Node Type": "Aggregate",
            "Strategy": "Plain",
            "Partial Mode": "Partial",
            "Parent Relationship": "Outer",
            "Parallel Aware": false,
            "Startup Cost": 64439.07,
            "Total Cost": 64439.08,
            "Plan Rows": 1,
            "Plan Width": 8,
            "Actual Startup Time": 273.354,
            "Actual Total Time": 273.359,
            "Actual Rows": 1,
            "Actual Loops": 2,
            "Plans": [
              {
                "Node Type": "Hash Join",
                "Parent Relationship": "Outer",
                "Parallel Aware": true,
                "Join Type": "Inner",
                "Startup Cost": 26259.34,
                "Total Cost": 64425.97,
                "Plan Rows": 5237,
                "Plan Width": 0,
                "Actual Startup Time": 70.425,
                "Actual Total Time": 272.616,
                "Actual Rows": 12278,
                "Actual Loops": 2,
                "Inner Unique": true,
                "Hash Cond": "(mc.movie_id = t.id)",
                "Plans": [
                  {
                    "Node Type": "Seq Scan",
                    "Parent Relationship": "Outer",
                    "Parallel Aware": true,
                    "Relation Name": "movie_companies",
                    "Alias": "mc",
                    "Startup Cost": 0.0,
                    "Total Cost": 34137.82,
                    "Plan Rows": 1534782,
                    "Plan Width": 4,
                    "Actual Startup Time": 0.016,
                    "Actual Total Time": 117.736,
                    "Actual Rows": 1304564,
                    "Actual Loops": 2
                  },
                  {
                    "Node Type": "Hash",
                    "Parent Relationship": "Inner",
                    "Parallel Aware": true,
                    "Startup Cost": 26195.9,
                    "Total Cost": 26195.9,
                    "Plan Rows": 5075,
                    "Plan Width": 4,
                    "Actual Startup Time": 28.2,
                    "Actual Total Time": 28.201,
                    "Actual Rows": 5088,
                    "Actual Loops": 2,
                    "Hash Buckets": 16384,
                    "Original Hash Buckets": 16384,
                    "Hash Batches": 1,
                    "Original Hash Batches": 1,
                    "Peak Memory Usage": 576,
                    "Plans": [
                      {
                        "Node Type": "Bitmap Heap Scan",
                        "Parent Relationship": "Outer",
                        "Parallel Aware": true,
                        "Relation Name": "title",
                        "Alias": "t",
                        "Startup Cost": 236.56,
                        "Total Cost": 26195.9,
                        "Plan Rows": 5075,
                        "Plan Width": 4,
                        "Actual Startup Time": 5.976,
                        "Actual Total Time": 26.041,
                        "Actual Rows": 5088,
                        "Actual Loops": 2,
                        "Recheck Cond": "(kind_id = 6)",
                        "Rows Removed by Index Recheck": 0,
                        "Filter": "(production_year < 2008)",
                        "Rows Removed by Filter": 1212,
                        "Exact Heap Blocks": 7026,
                        "Lossy Heap Blocks": 0,
                        "Plans": [
                          {
                            "Node Type": "Bitmap Index Scan",
                            "Parent Relationship": "Outer",
                            "Parallel Aware": false,
                            "Index Name": "kind_id_title",
                            "Startup Cost": 0.0,
                            "Total Cost": 234.4,
                            "Plan Rows": 13063,
                            "Plan Width": 0,
                            "Actual Startup Time": 6.29,
                            "Actual Total Time": 6.29,
                            "Actual Rows": 12600,
                            "Actual Loops": 1,
                            "Index Cond": "(kind_id = 6)"
                          }
                        ]
                      }
                    ]
                  }
                ]
              }
            ]
          }
        ]
      }
    ]
  },
  "Planning Time": 0.455,
  "Triggers": [],
  "Execution Time": 288.757
}