[
    {
        "Bao": {
            "Bao prediction": "NaN",
            "Bao recommended hint": "(no hint)"
        }
    },
    {
        "Plan": {
            "Node Type": "Aggregate",
            "Strategy": "Plain",
            "Partial Mode": "Finalize",
            "Parallel Aware": false,
            "Startup Cost": 350076.46,
            "Total Cost": 350076.47,
            "Plan Rows": 1,
            "Plan Width": 8,
            "Actual Startup Time": 662.215,
            "Actual Total Time": 683.775,
            "Actual Rows": 1,
            "Actual Loops": 1,
            "Output": [
                "count(*)"
            ],
            "Plans": [
                {
                    "Node Type": "Gather",
                    "Parent Relationship": "Outer",
                    "Parallel Aware": false,
                    "Startup Cost": 350075.84,
                    "Total Cost": 350076.45,
                    "Plan Rows": 6,
                    "Plan Width": 8,
                    "Actual Startup Time": 662.101,
                    "Actual Total Time": 683.765,
                    "Actual Rows": 7,
                    "Actual Loops": 1,
                    "Output": [
                        "(PARTIAL count(*))"
                    ],
                    "Workers Planned": 6,
                    "Workers Launched": 6,
                    "Single Copy": false,
                    "Plans": [
                        {
                            "Node Type": "Aggregate",
                            "Strategy": "Plain",
                            "Partial Mode": "Partial",
                            "Parent Relationship": "Outer",
                            "Parallel Aware": false,
                            "Startup Cost": 349075.84,
                            "Total Cost": 349075.85,
                            "Plan Rows": 1,
                            "Plan Width": 8,
                            "Actual Startup Time": 652.647,
                            "Actual Total Time": 652.648,
                            "Actual Rows": 1,
                            "Actual Loops": 7,
                            "Output": [
                                "PARTIAL count(*)"
                            ],
                            "Workers": [
                                {
                                    "Worker Number": 0,
                                    "Actual Startup Time": 650.192,
                                    "Actual Total Time": 650.194,
                                    "Actual Rows": 1,
                                    "Actual Loops": 1
                                },
                                {
                                    "Worker Number": 1,
                                    "Actual Startup Time": 650.857,
                                    "Actual Total Time": 650.858,
                                    "Actual Rows": 1,
                                    "Actual Loops": 1
                                },
                                {
                                    "Worker Number": 2,
                                    "Actual Startup Time": 651.191,
                                    "Actual Total Time": 651.191,
                                    "Actual Rows": 1,
                                    "Actual Loops": 1
                                },
                                {
                                    "Worker Number": 3,
                                    "Actual Startup Time": 651.275,
                                    "Actual Total Time": 651.275,
                                    "Actual Rows": 1,
                                    "Actual Loops": 1
                                },
                                {
                                    "Worker Number": 4,
                                    "Actual Startup Time": 651.344,
                                    "Actual Total Time": 651.345,
                                    "Actual Rows": 1,
                                    "Actual Loops": 1
                                },
                                {
                                    "Worker Number": 5,
                                    "Actual Startup Time": 651.925,
                                    "Actual Total Time": 651.926,
                                    "Actual Rows": 1,
                                    "Actual Loops": 1
                                }
                            ],
                            "Plans": [
                                {
                                    "Node Type": "Seq Scan",
                                    "Parent Relationship": "Outer",
                                    "Parallel Aware": true,
                                    "Relation Name": "cast_info",
                                    "Schema": "public",
                                    "Alias": "ci",
                                    "Startup Cost": 0.0,
                                    "Total Cost": 343318.94,
                                    "Plan Rows": 2302758,
                                    "Plan Width": 0,
                                    "Actual Startup Time": 313.215,
                                    "Actual Total Time": 586.484,
                                    "Actual Rows": 1597115,
                                    "Actual Loops": 7,
                                    "Output": [
                                        "id",
                                        "person_id",
                                        "movie_id",
                                        "person_role_id",
                                        "note",
                                        "nr_order",
                                        "role_id"
                                    ],
                                    "Filter": "((ci.person_id < 3177948) AND (ci.role_id > 2))",
                                    "Rows Removed by Filter": 3580648,
                                    "Workers": [
                                        {
                                            "Worker Number": 0,
                                            "Actual Startup Time": 310.775,
                                            "Actual Total Time": 585.766,
                                            "Actual Rows": 1524861,
                                            "Actual Loops": 1
                                        },
                                        {
                                            "Worker Number": 1,
                                            "Actual Startup Time": 311.423,
                                            "Actual Total Time": 587.348,
                                            "Actual Rows": 1546371,
                                            "Actual Loops": 1
                                        },
                                        {
                                            "Worker Number": 2,
                                            "Actual Startup Time": 311.751,
                                            "Actual Total Time": 587.614,
                                            "Actual Rows": 1549136,
                                            "Actual Loops": 1
                                        },
                                        {
                                            "Worker Number": 3,
                                            "Actual Startup Time": 311.83,
                                            "Actual Total Time": 587.228,
                                            "Actual Rows": 1555428,
                                            "Actual Loops": 1
                                        },
                                        {
                                            "Worker Number": 4,
                                            "Actual Startup Time": 311.917,
                                            "Actual Total Time": 586.857,
                                            "Actual Rows": 1526939,
                                            "Actual Loops": 1
                                        },
                                        {
                                            "Worker Number": 5,
                                            "Actual Startup Time": 312.49,
                                            "Actual Total Time": 588.048,
                                            "Actual Rows": 1549601,
                                            "Actual Loops": 1
                                        }
                                    ]
                                }
                            ]
                        }
                    ]
                }
            ]
        },
        "Planning Time": 196.606,
        "Triggers": [],
        "Execution Time": 683.828
    }
]