[
  {
    "Plan": {
      "Node Type": "Aggregate",
      "Strategy": "Plain",
      "Partial Mode": "Simple",
      "Parallel Aware": false,
      "Startup Cost": 698444.19,
      "Total Cost": 698444.2,
      "Plan Rows": 1,
      "Plan Width": 64,
      "Actual Startup Time": 5771.408,
      "Actual Total Time": 5771.609,
      "Actual Rows": 1,
      "Actual Loops": 1,
      "Plans": [
        {
          "Node Type": "Merge Join",
          "Parent Relationship": "Outer",
          "Parallel Aware": false,
          "Join Type": "Inner",
          "Startup Cost": 555364.1,
          "Total Cost": 698424.53,
          "Plan Rows": 3932,
          "Plan Width": 38,
          "Actual Startup Time": 3109.542,
          "Actual Total Time": 5769.894,
          "Actual Rows": 11347,
          "Actual Loops": 1,
          "Inner Unique": false,
          "Merge Cond": "(t.id = at.movie_id)",
          "Plans": [
            {
              "Node Type": "Merge Join",
              "Parent Relationship": "Outer",
              "Parallel Aware": false,
              "Join Type": "Inner",
              "Startup Cost": 555363.68,
              "Total Cost": 676292.1,
              "Plan Rows": 1580,
              "Plan Width": 33,
              "Actual Startup Time": 3082.53,
              "Actual Total Time": 5253.129,
              "Actual Rows": 25564,
              "Actual Loops": 1,
              "Inner Unique": false,
              "Merge Cond": "(t.id = mi.movie_id)",
              "Plans": [
                {
                  "Node Type": "Index Scan",
                  "Parent Relationship": "Outer",
                  "Parallel Aware": false,
                  "Scan Direction": "Forward",
                  "Index Name": "title_pkey",
                  "Relation Name": "title",
                  "Alias": "t",
                  "Startup Cost": 0.43,
                  "Total Cost": 116669.5,
                  "Plan Rows": 1732450,
                  "Plan Width": 21,
                  "Actual Startup Time": 0.014,
                  "Actual Total Time": 2055.591,
                  "Actual Rows": 1747289,
                  "Actual Loops": 1,
                  "Filter": "(production_year > 1990)",
                  "Rows Removed by Filter": 775982
                },
                {
                  "Node Type": "Sort",
                  "Parent Relationship": "Inner",
                  "Parallel Aware": false,
                  "Startup Cost": 555362.06,
                  "Total Cost": 555367.83,
                  "Plan Rows": 2306,
                  "Plan Width": 12,
                  "Actual Startup Time": 3082.419,
                  "Actual Total Time": 3086.301,
                  "Actual Rows": 25738,
                  "Actual Loops": 1,
                  "Sort Key": [
                    "mc.movie_id"
                  ],
                  "Sort Method": "quicksort",
                  "Sort Space Used": 1975,
                  "Sort Space Type": "Memory",
                  "Plans": [
                    {
                      "Node Type": "Merge Join",
                      "Parent Relationship": "Outer",
                      "Parallel Aware": false,
                      "Join Type": "Inner",
                      "Startup Cost": 542495.67,
                      "Total Cost": 555233.26,
                      "Plan Rows": 2306,
                      "Plan Width": 12,
                      "Actual Startup Time": 2878.101,
                      "Actual Total Time": 3076.891,
                      "Actual Rows": 25738,
                      "Actual Loops": 1,
                      "Inner Unique": false,
                      "Merge Cond": "(cn.id = mc.company_id)",
                      "Plans": [
                        {
                          "Node Type": "Index Scan",
                          "Parent Relationship": "Outer",
                          "Parallel Aware": false,
                          "Scan Direction": "Forward",
                          "Index Name": "company_name_pkey",
                          "Relation Name": "company_name",
                          "Alias": "cn",
                          "Startup Cost": 0.42,
                          "Total Cost": 12474.79,
                          "Plan Rows": 84928,
                          "Plan Width": 4,
                          "Actual Startup Time": 0.012,
                          "Actual Total Time": 177.972,
                          "Actual Rows": 84788,
                          "Actual Loops": 1,
                          "Filter": "((country_code)::text = '[us]'::text)",
                          "Rows Removed by Filter": 149658
                        },
                        {
                          "Node Type": "Sort",
                          "Parent Relationship": "Inner",
                          "Parallel Aware": false,
                          "Startup Cost": 542495.24,
                          "Total Cost": 542511.19,
                          "Plan Rows": 6379,
                          "Plan Width": 16,
                          "Actual Startup Time": 2878.068,
                          "Actual Total Time": 2887.554,
                          "Actual Rows": 52749,
                          "Actual Loops": 1,
                          "Sort Key": [
                            "mc.company_id"
                          ],
                          "Sort Method": "quicksort",
                          "Sort Space Used": 4009,
                          "Sort Space Type": "Memory",
                          "Plans": [
                            {
                              "Node Type": "Merge Join",
                              "Parent Relationship": "Outer",
                              "Parallel Aware": false,
                              "Join Type": "Inner",
                              "Startup Cost": 536676.92,
                              "Total Cost": 542092.11,
                              "Plan Rows": 6379,
                              "Plan Width": 16,
                              "Actual Startup Time": 2785.509,
                              "Actual Total Time": 2865.891,
                              "Actual Rows": 52749,
                              "Actual Loops": 1,
                              "Inner Unique": false,
                              "Merge Cond": "(k.id = mk.keyword_id)",
                              "Plans": [
                                {
                                  "Node Type": "Index Only Scan",
                                  "Parent Relationship": "Outer",
                                  "Parallel Aware": false,
                                  "Scan Direction": "Forward",
                                  "Index Name": "keyword_pkey",
                                  "Relation Name": "keyword",
                                  "Alias": "k",
                                  "Startup Cost": 0.42,
                                  "Total Cost": 5007.72,
                                  "Plan Rows": 134170,
                                  "Plan Width": 4,
                                  "Actual Startup Time": 0.035,
                                  "Actual Total Time": 58.767,
                                  "Actual Rows": 133881,
                                  "Actual Loops": 1,
                                  "Heap Fetches": 133881
                                },
                                {
                                  "Node Type": "Sort",
                                  "Parent Relationship": "Inner",
                                  "Parallel Aware": false,
                                  "Startup Cost": 536676.42,
                                  "Total Cost": 536692.36,
                                  "Plan Rows": 6379,
                                  "Plan Width": 20,
                                  "Actual Startup Time": 2785.469,
                                  "Actual Total Time": 2792.3,
                                  "Actual Rows": 52749,
                                  "Actual Loops": 1,
                                  "Sort Key": [
                                    "mk.keyword_id"
                                  ],
                                  "Sort Method": "quicksort",
                                  "Sort Space Used": 5658,
                                  "Sort Space Type": "Memory",
                                  "Plans": [
                                    {
                                      "Node Type": "Merge Join",
                                      "Parent Relationship": "Outer",
                                      "Parallel Aware": false,
                                      "Join Type": "Inner",
                                      "Startup Cost": 347711.4,
                                      "Total Cost": 536273.29,
                                      "Plan Rows": 6379,
                                      "Plan Width": 20,
                                      "Actual Startup Time": 1673.902,
                                      "Actual Total Time": 2770.564,
                                      "Actual Rows": 52749,
                                      "Actual Loops": 1,
                                      "Inner Unique": false,
                                      "Merge Cond": "(mk.movie_id = mi.movie_id)",
                                      "Plans": [
                                        {
                                          "Node Type": "Index Scan",
                                          "Parent Relationship": "Outer",
                                          "Parallel Aware": false,
                                          "Scan Direction": "Forward",
                                          "Index Name": "movie_id_movie_keyword",
                                          "Relation Name": "movie_keyword",
                                          "Alias": "mk",
                                          "Startup Cost": 0.43,
                                          "Total Cost": 177156.82,
                                          "Plan Rows": 4523930,
                                          "Plan Width": 8,
                                          "Actual Startup Time": 0.017,
                                          "Actual Total Time": 799.934,
                                          "Actual Rows": 4523865,
                                          "Actual Loops": 1
                                        },
                                        {
                                          "Node Type": "Sort",
                                          "Parent Relationship": "Inner",
                                          "Parallel Aware": false,
                                          "Startup Cost": 347710.96,
                                          "Total Cost": 347712.26,
                                          "Plan Rows": 520,
                                          "Plan Width": 12,
                                          "Actual Startup Time": 1673.876,
                                          "Actual Total Time": 1678.39,
                                          "Actual Rows": 62085,
                                          "Actual Loops": 1,
                                          "Sort Key": [
                                            "mc.movie_id"
                                          ],
                                          "Sort Method": "quicksort",
                                          "Sort Space Used": 1060,
                                          "Sort Space Type": "Memory",
                                          "Plans": [
                                            {
                                              "Node Type": "Merge Join",
                                              "Parent Relationship": "Outer",
                                              "Parallel Aware": false,
                                              "Join Type": "Inner",
                                              "Startup Cost": 347679.68,
                                              "Total Cost": 347687.5,
                                              "Plan Rows": 520,
                                              "Plan Width": 12,
                                              "Actual Startup Time": 1668.543,
                                              "Actual Total Time": 1670.944,
                                              "Actual Rows": 14401,
                                              "Actual Loops": 1,
                                              "Inner Unique": true,
                                              "Merge Cond": "(mc.company_type_id = ct.id)",
                                              "Plans": [
                                                {
                                                  "Node Type": "Sort",
                                                  "Parent Relationship": "Outer",
                                                  "Parallel Aware": false,
                                                  "Startup Cost": 347678.6,
                                                  "Total Cost": 347679.9,
                                                  "Plan Rows": 520,
                                                  "Plan Width": 16,
                                                  "Actual Startup Time": 1668.51,
                                                  "Actual Total Time": 1669.279,
                                                  "Actual Rows": 14401,
                                                  "Actual Loops": 1,
                                                  "Sort Key": [
                                                    "mc.company_type_id"
                                                  ],
                                                  "Sort Method": "quicksort",
                                                  "Sort Space Used": 1060,
                                                  "Sort Space Type": "Memory",
                                                  "Plans": [
                                                    {
                                                      "Node Type": "Merge Join",
                                                      "Parent Relationship": "Outer",
                                                      "Parallel Aware": false,
                                                      "Join Type": "Inner",
                                                      "Startup Cost": 200244.11,
                                                      "Total Cost": 347655.15,
                                                      "Plan Rows": 520,
                                                      "Plan Width": 16,
                                                      "Actual Startup Time": 563.031,
                                                      "Actual Total Time": 1664.311,
                                                      "Actual Rows": 14401,
                                                      "Actual Loops": 1,
                                                      "Inner Unique": false,
                                                      "Merge Cond": "(mc.movie_id = mi.movie_id)",
                                                      "Plans": [
                                                        {
                                                          "Node Type": "Index Scan",
                                                          "Parent Relationship": "Outer",
                                                          "Parallel Aware": false,
                                                          "Scan Direction": "Forward",
                                                          "Index Name": "movie_id_movie_companies",
                                                          "Relation Name": "movie_companies",
                                                          "Alias": "mc",
                                                          "Startup Cost": 0.43,
                                                          "Total Cost": 140880.84,
                                                          "Plan Rows": 2609129,
                                                          "Plan Width": 12,
                                                          "Actual Startup Time": 0.016,
                                                          "Actual Total Time": 907.764,
                                                          "Actual Rows": 2608949,
                                                          "Actual Loops": 1
                                                        },
                                                        {
                                                          "Node Type": "Sort",
                                                          "Parent Relationship": "Inner",
                                                          "Parallel Aware": false,
                                                          "Startup Cost": 200243.68,
                                                          "Total Cost": 200243.92,
                                                          "Plan Rows": 97,
                                                          "Plan Width": 4,
                                                          "Actual Startup Time": 562.98,
                                                          "Actual Total Time": 565.023,
                                                          "Actual Rows": 17501,
                                                          "Actual Loops": 1,
                                                          "Sort Key": [
                                                            "mi.movie_id"
                                                          ],
                                                          "Sort Method": "quicksort",
                                                          "Sort Space Used": 885,
                                                          "Sort Space Type": "Memory",
                                                          "Plans": [
                                                            {
                                                              "Node Type": "Gather",
                                                              "Parent Relationship": "Outer",
                                                              "Parallel Aware": false,
                                                              "Startup Cost": 200219.61,
                                                              "Total Cost": 200240.48,
                                                              "Plan Rows": 97,
                                                              "Plan Width": 4,
                                                              "Actual Startup Time": 558.572,
                                                              "Actual Total Time": 560.479,
                                                              "Actual Rows": 10679,
                                                              "Actual Loops": 1,
                                                              "Workers Planned": 5,
                                                              "Workers Launched": 5,
                                                              "Single Copy": false,
                                                              "Plans": [
                                                                {
                                                                  "Node Type": "Merge Join",
                                                                  "Parent Relationship": "Outer",
                                                                  "Parallel Aware": false,
                                                                  "Join Type": "Inner",
                                                                  "Startup Cost": 199219.61,
                                                                  "Total Cost": 199230.78,
                                                                  "Plan Rows": 19,
                                                                  "Plan Width": 4,
                                                                  "Actual Startup Time": 547.467,
                                                                  "Actual Total Time": 547.734,
                                                                  "Actual Rows": 1780,
                                                                  "Actual Loops": 6,
                                                                  "Inner Unique": true,
                                                                  "Merge Cond": "(mi.info_type_id = it1.id)",
                                                                  "Plans": [
                                                                    {
                                                                      "Node Type": "Sort",
                                                                      "Parent Relationship": "Outer",
                                                                      "Parallel Aware": false,
                                                                      "Startup Cost": 199217.19,
                                                                      "Total Cost": 199222.67,
                                                                      "Plan Rows": 2194,
                                                                      "Plan Width": 8,
                                                                      "Actual Startup Time": 547.297,
                                                                      "Actual Total Time": 547.372,
                                                                      "Actual Rows": 1786,
                                                                      "Actual Loops": 6,
                                                                      "Sort Key": [
                                                                        "mi.info_type_id"
                                                                      ],
                                                                      "Sort Method": "quicksort",
                                                                      "Sort Space Used": 126,
                                                                      "Sort Space Type": "Memory",
                                                                      "Workers": [
                                                                        {
                                                                          "Worker Number": 0,
                                                                          "Sort Method": "quicksort",
                                                                          "Sort Space Used": 132,
                                                                          "Sort Space Type": "Memory"
                                                                        },
                                                                        {
                                                                          "Worker Number": 1,
                                                                          "Sort Method": "quicksort",
                                                                          "Sort Space Used": 140,
                                                                          "Sort Space Type": "Memory"
                                                                        },
                                                                        {
                                                                          "Worker Number": 2,
                                                                          "Sort Method": "quicksort",
                                                                          "Sort Space Used": 140,
                                                                          "Sort Space Type": "Memory"
                                                                        },
                                                                        {
                                                                          "Worker Number": 3,
                                                                          "Sort Method": "quicksort",
                                                                          "Sort Space Used": 125,
                                                                          "Sort Space Type": "Memory"
                                                                        },
                                                                        {
                                                                          "Worker Number": 4,
                                                                          "Sort Method": "quicksort",
                                                                          "Sort Space Used": 134,
                                                                          "Sort Space Type": "Memory"
                                                                        }
                                                                      ],
                                                                      "Plans": [
                                                                        {
                                                                          "Node Type": "Seq Scan",
                                                                          "Parent Relationship": "Outer",
                                                                          "Parallel Aware": true,
                                                                          "Relation Name": "movie_info",
                                                                          "Alias": "mi",
                                                                          "Startup Cost": 0.0,
                                                                          "Total Cost": 199095.43,
                                                                          "Plan Rows": 2194,
                                                                          "Plan Width": 8,
                                                                          "Actual Startup Time": 59.197,
                                                                          "Actual Total Time": 546.423,
                                                                          "Actual Rows": 1802,
                                                                          "Actual Loops": 6,
                                                                          "Filter": "(note ~~ '%internet%'::text)",
                                                                          "Rows Removed by Filter": 2470818
                                                                        }
                                                                      ]
                                                                    },
                                                                    {
                                                                      "Node Type": "Sort",
                                                                      "Parent Relationship": "Inner",
                                                                      "Parallel Aware": false,
                                                                      "Startup Cost": 2.42,
                                                                      "Total Cost": 2.43,
                                                                      "Plan Rows": 1,
                                                                      "Plan Width": 4,
                                                                      "Actual Startup Time": 0.153,
                                                                      "Actual Total Time": 0.154,
                                                                      "Actual Rows": 1,
                                                                      "Actual Loops": 6,
                                                                      "Sort Key": [
                                                                        "it1.id"
                                                                      ],
                                                                      "Sort Method": "quicksort",
                                                                      "Sort Space Used": 25,
                                                                      "Sort Space Type": "Memory",
                                                                      "Workers": [
                                                                        {
                                                                          "Worker Number": 0,
                                                                          "Sort Method": "quicksort",
                                                                          "Sort Space Used": 25,
                                                                          "Sort Space Type": "Memory"
                                                                        },
                                                                        {
                                                                          "Worker Number": 1,
                                                                          "Sort Method": "quicksort",
                                                                          "Sort Space Used": 25,
                                                                          "Sort Space Type": "Memory"
                                                                        },
                                                                        {
                                                                          "Worker Number": 2,
                                                                          "Sort Method": "quicksort",
                                                                          "Sort Space Used": 25,
                                                                          "Sort Space Type": "Memory"
                                                                        },
                                                                        {
                                                                          "Worker Number": 3,
                                                                          "Sort Method": "quicksort",
                                                                          "Sort Space Used": 25,
                                                                          "Sort Space Type": "Memory"
                                                                        },
                                                                        {
                                                                          "Worker Number": 4,
                                                                          "Sort Method": "quicksort",
                                                                          "Sort Space Used": 25,
                                                                          "Sort Space Type": "Memory"
                                                                        }
                                                                      ],
                                                                      "Plans": [
                                                                        {
                                                                          "Node Type": "Seq Scan",
                                                                          "Parent Relationship": "Outer",
                                                                          "Parallel Aware": false,
                                                                          "Relation Name": "info_type",
                                                                          "Alias": "it1",
                                                                          "Startup Cost": 0.0,
                                                                          "Total Cost": 2.41,
                                                                          "Plan Rows": 1,
                                                                          "Plan Width": 4,
                                                                          "Actual Startup Time": 0.096,
                                                                          "Actual Total Time": 0.101,
                                                                          "Actual Rows": 1,
                                                                          "Actual Loops": 6,
                                                                          "Filter": "((info)::text = 'release dates'::text)",
                                                                          "Rows Removed by Filter": 112
                                                                        }
                                                                      ]
                                                                    }
                                                                  ]
                                                                }
                                                              ]
                                                            }
                                                          ]
                                                        }
                                                      ]
                                                    }
                                                  ]
                                                },
                                                {
                                                  "Node Type": "Sort",
                                                  "Parent Relationship": "Inner",
                                                  "Parallel Aware": false,
                                                  "Startup Cost": 1.08,
                                                  "Total Cost": 1.09,
                                                  "Plan Rows": 4,
                                                  "Plan Width": 4,
                                                  "Actual Startup Time": 0.029,
                                                  "Actual Total Time": 0.03,
                                                  "Actual Rows": 2,
                                                  "Actual Loops": 1,
                                                  "Sort Key": [
                                                    "ct.id"
                                                  ],
                                                  "Sort Method": "quicksort",
                                                  "Sort Space Used": 25,
                                                  "Sort Space Type": "Memory",
                                                  "Plans": [
                                                    {
                                                      "Node Type": "Seq Scan",
                                                      "Parent Relationship": "Outer",
                                                      "Parallel Aware": false,
                                                      "Relation Name": "company_type",
                                                      "Alias": "ct",
                                                      "Startup Cost": 0.0,
                                                      "Total Cost": 1.04,
                                                      "Plan Rows": 4,
                                                      "Plan Width": 4,
                                                      "Actual Startup Time": 0.014,
                                                      "Actual Total Time": 0.015,
                                                      "Actual Rows": 4,
                                                      "Actual Loops": 1
                                                    }
                                                  ]
                                                }
                                              ]
                                            }
                                          ]
                                        }
                                      ]
                                    }
                                  ]
                                }
                              ]
                            }
                          ]
                        }
                      ]
                    }
                  ]
                }
              ]
            },
            {
              "Node Type": "Index Scan",
              "Parent Relationship": "Inner",
              "Parallel Aware": false,
              "Scan Direction": "Forward",
              "Index Name": "movie_id_aka_title",
              "Relation Name": "aka_title",
              "Alias": "at",
              "Startup Cost": 0.42,
              "Total Cost": 21375.62,
              "Plan Rows": 361472,
              "Plan Width": 25,
              "Actual Startup Time": 0.02,
              "Actual Total Time": 474.966,
              "Actual Rows": 371412,
              "Actual Loops": 1
            }
          ]
        }
      ]
    },
    "Planning Time": 23.202,
    "Triggers": [],
    "Execution Time": 5773.812
  }
]