{
  "Plan": {
    "Node Type": "Aggregate",
    "Strategy": "Plain",
    "Partial Mode": "Finalize",
    "Parallel Aware": false,
    "Startup Cost": 630704.13,
    "Total Cost": 630704.14,
    "Plan Rows": 1,
    "Plan Width": 8,
    "Actual Startup Time": 3407.769,
    "Actual Total Time": 3477.805,
    "Actual Rows": 1,
    "Actual Loops": 1,
    "Plans": [
      {
        "Node Type": "Gather",
        "Parent Relationship": "Outer",
        "Parallel Aware": false,
        "Startup Cost": 630704.01,
        "Total Cost": 630704.12,
        "Plan Rows": 1,
        "Plan Width": 8,
        "Actual Startup Time": 3406.479,
        "Actual Total Time": 3477.795,
        "Actual Rows": 2,
        "Actual Loops": 1,
        "Workers Planned": 1,
        "Workers Launched": 1,
        "Single Copy": false,
        "Plans": [
          {
            "Node Type": "Aggregate",
            "Strategy": "Plain",
            "Partial Mode": "Partial",
            "Parent Relationship": "Outer",
            "Parallel Aware": false,
            "Startup Cost": 629704.01,
            "Total Cost": 629704.02,
            "Plan Rows": 1,
            "Plan Width": 8,
            "Actual Startup Time": 3400.68,
            "Actual Total Time": 3400.685,
            "Actual Rows": 1,
            "Actual Loops": 2,
            "Plans": [
              {
                "Node Type": "Hash Join",
                "Parent Relationship": "Outer",
                "Parallel Aware": true,
                "Join Type": "Inner",
                "Startup Cost": 104595.7,
                "Total Cost": 629463.31,
                "Plan Rows": 96281,
                "Plan Width": 0,
                "Actual Startup Time": 283.717,
                "Actual Total Time": 3389.283,
                "Actual Rows": 226105,
                "Actual Loops": 2,
                "Inner Unique": false,
                "Hash Cond": "(t.id = mc.movie_id)",
                "Plans": [
                  {
                    "Node Type": "Hash Join",
                    "Parent Relationship": "Outer",
                    "Parallel Aware": true,
                    "Join Type": "Inner",
                    "Startup Cost": 58664.89,
                    "Total Cost": 580398.25,
                    "Plan Rows": 410864,
                    "Plan Width": 8,
                    "Actual Startup Time": 123.438,
                    "Actual Total Time": 3130.323,
                    "Actual Rows": 289222,
                    "Actual Loops": 2,
                    "Inner Unique": true,
                    "Hash Cond": "(ci.movie_id = t.id)",
                    "Plans": [
                      {
                        "Node Type": "Seq Scan",
                        "Parent Relationship": "Outer",
                        "Parallel Aware": true,
                        "Relation Name": "cast_info",
                        "Alias": "ci",
                        "Startup Cost": 0.0,
                        "Total Cost": 465792.95,
                        "Plan Rows": 21310595,
                        "Plan Width": 4,
                        "Actual Startup Time": 0.01,
                        "Actual Total Time": 1294.804,
                        "Actual Rows": 18122172,
                        "Actual Loops": 2
                      },
                      {
                        "Node Type": "Hash",
                        "Parent Relationship": "Inner",
                        "Parallel Aware": true,
                        "Startup Cost": 58306.47,
                        "Total Cost": 58306.47,
                        "Plan Rows": 28674,
                        "Plan Width": 4,
                        "Actual Startup Time": 123.211,
                        "Actual Total Time": 123.212,
                        "Actual Rows": 17744,
                        "Actual Loops": 2,
                        "Hash Buckets": 65536,
                        "Original Hash Buckets": 65536,
                        "Hash Batches": 1,
                        "Original Hash Batches": 1,
                        "Peak Memory Usage": 1952,
                        "Plans": [
                          {
                            "Node Type": "Seq Scan",
                            "Parent Relationship": "Outer",
                            "Parallel Aware": true,
                            "Relation Name": "title",
                            "Alias": "t",
                            "Startup Cost": 0.0,
                            "Total Cost": 58306.47,
                            "Plan Rows": 28674,
                            "Plan Width": 4,
                            "Actual Startup Time": 0.064,
                            "Actual Total Time": 117.417,
                            "Actual Rows": 17744,
                            "Actual Loops": 2,
                            "Filter": "((kind_id < 7) AND (production_year = 2007))",
                            "Rows Removed by Filter": 1246412
                          }
                        ]
                      }
                    ]
                  },
                  {
                    "Node Type": "Hash",
                    "Parent Relationship": "Inner",
                    "Parallel Aware": true,
                    "Startup Cost": 41574.35,
                    "Total Cost": 41574.35,
                    "Plan Rows": 348516,
                    "Plan Width": 4,
                    "Actual Startup Time": 151.409,
                    "Actual Total Time": 151.41,
                    "Actual Rows": 161316,
                    "Actual Loops": 2,
                    "Hash Buckets": 1048576,
                    "Original Hash Buckets": 1048576,
                    "Hash Batches": 1,
                    "Original Hash Batches": 1,
                    "Peak Memory Usage": 20864,
                    "Plans": [
                      {
                        "Node Type": "Index Scan",
                        "Parent Relationship": "Outer",
                        "Parallel Aware": true,
                        "Scan Direction": "Forward",
                        "Index Name": "company_type_id_movie_companies",
                        "Relation Name": "movie_companies",
                        "Alias": "mc",
                        "Startup Cost": 0.43,
                        "Total Cost": 41574.35,
                        "Plan Rows": 348516,
                        "Plan Width": 4,
                        "Actual Startup Time": 44.211,
                        "Actual Total Time": 112.943,
                        "Actual Rows": 161316,
                        "Actual Loops": 2,
                        "Index Cond": "(company_type_id < 2)",
                        "Rows Removed by Index Recheck": 0,
                        "Filter": "(company_id > 12236)",
                        "Rows Removed by Filter": 475806
                      }
                    ]
                  }
                ]
              }
            ]
          }
        ]
      }
    ]
  },
  "Planning Time": 1.049,
  "Triggers": [],
  "Execution Time": 3477.907
}