[
  {
    "Plan": {
      "Node Type": "Aggregate",
      "Strategy": "Plain",
      "Partial Mode": "Finalize",
      "Parallel Aware": false,
      "Startup Cost": 32350.57,
      "Total Cost": 32350.58,
      "Plan Rows": 1,
      "Plan Width": 8,
      "Actual Startup Time": 125.18,
      "Actual Total Time": 133.477,
      "Actual Rows": 1,
      "Actual Loops": 1,
      "Plans": [
        {
          "Node Type": "Gather",
          "Parent Relationship": "Outer",
          "Parallel Aware": false,
          "Startup Cost": 32350.25,
          "Total Cost": 32350.56,
          "Plan Rows": 3,
          "Plan Width": 8,
          "Actual Startup Time": 125.062,
          "Actual Total Time": 133.468,
          "Actual Rows": 4,
          "Actual Loops": 1,
          "Workers Planned": 3,
          "Workers Launched": 3,
          "Single Copy": false,
          "Plans": [
            {
              "Node Type": "Aggregate",
              "Strategy": "Plain",
              "Partial Mode": "Partial",
              "Parent Relationship": "Outer",
              "Parallel Aware": false,
              "Startup Cost": 31350.25,
              "Total Cost": 31350.26,
              "Plan Rows": 1,
              "Plan Width": 8,
              "Actual Startup Time": 117.18,
              "Actual Total Time": 117.181,
              "Actual Rows": 1,
              "Actual Loops": 4,
              "Plans": [
                {
                  "Node Type": "Seq Scan",
                  "Parent Relationship": "Outer",
                  "Parallel Aware": true,
                  "Relation Name": "movie_companies",
                  "Alias": "mc",
                  "Startup Cost": 0.0,
                  "Total Cost": 29310.68,
                  "Plan Rows": 815828,
                  "Plan Width": 0,
                  "Actual Startup Time": 0.041,
                  "Actual Total Time": 85.389,
                  "Actual Rows": 633070,
                  "Actual Loops": 4,
                  "Filter": "(company_id < 171999)",
                  "Rows Removed by Filter": 19212
                }
              ]
            }
          ]
        }
      ]
    },
    "Planning Time": 0.19,
    "Triggers": [],
    "Execution Time": 133.543
  }
]