{
  "Plan": {
    "Node Type": "Aggregate",
    "Strategy": "Plain",
    "Partial Mode": "Finalize",
    "Parallel Aware": false,
    "Startup Cost": 789020.44,
    "Total Cost": 789020.45,
    "Plan Rows": 1,
    "Plan Width": 8,
    "Actual Startup Time": 8247.153,
    "Actual Total Time": 8305.358,
    "Actual Rows": 1,
    "Actual Loops": 1,
    "Plans": [
      {
        "Node Type": "Gather",
        "Parent Relationship": "Outer",
        "Parallel Aware": false,
        "Startup Cost": 789020.32,
        "Total Cost": 789020.43,
        "Plan Rows": 1,
        "Plan Width": 8,
        "Actual Startup Time": 8240.452,
        "Actual Total Time": 8305.337,
        "Actual Rows": 2,
        "Actual Loops": 1,
        "Workers Planned": 1,
        "Workers Launched": 1,
        "Single Copy": false,
        "Plans": [
          {
            "Node Type": "Aggregate",
            "Strategy": "Plain",
            "Partial Mode": "Partial",
            "Parent Relationship": "Outer",
            "Parallel Aware": false,
            "Startup Cost": 788020.32,
            "Total Cost": 788020.33,
            "Plan Rows": 1,
            "Plan Width": 8,
            "Actual Startup Time": 8234.643,
            "Actual Total Time": 8234.994,
            "Actual Rows": 1,
            "Actual Loops": 2,
            "Plans": [
              {
                "Node Type": "Hash Join",
                "Parent Relationship": "Outer",
                "Parallel Aware": true,
                "Join Type": "Inner",
                "Startup Cost": 132610.19,
                "Total Cost": 768610.65,
                "Plan Rows": 7763871,
                "Plan Width": 0,
                "Actual Startup Time": 1126.102,
                "Actual Total Time": 7473.475,
                "Actual Rows": 19388833,
                "Actual Loops": 2,
                "Inner Unique": false,
                "Hash Cond": "(ci.movie_id = t.id)",
                "Plans": [
                  {
                    "Node Type": "Seq Scan",
                    "Parent Relationship": "Outer",
                    "Parallel Aware": true,
                    "Relation Name": "cast_info",
                    "Alias": "ci",
                    "Startup Cost": 0.0,
                    "Total Cost": 519069.44,
                    "Plan Rows": 19002984,
                    "Plan Width": 4,
                    "Actual Startup Time": 96.455,
                    "Actual Total Time": 1748.019,
                    "Actual Rows": 16096522,
                    "Actual Loops": 2,
                    "Filter": "(person_id > 388718)",
                    "Rows Removed by Filter": 2025650
                  },
                  {
                    "Node Type": "Hash",
                    "Parent Relationship": "Inner",
                    "Parallel Aware": true,
                    "Startup Cost": 125014.89,
                    "Total Cost": 125014.89,
                    "Plan Rows": 607624,
                    "Plan Width": 8,
                    "Actual Startup Time": 1020.705,
                    "Actual Total Time": 1021.053,
                    "Actual Rows": 518595,
                    "Actual Loops": 2,
                    "Hash Buckets": 1048576,
                    "Original Hash Buckets": 1048576,
                    "Hash Batches": 1,
                    "Original Hash Batches": 1,
                    "Peak Memory Usage": 48800,
                    "Plans": [
                      {
                        "Node Type": "Hash Join",
                        "Parent Relationship": "Outer",
                        "Parallel Aware": true,
                        "Join Type": "Inner",
                        "Startup Cost": 91370.58,
                        "Total Cost": 125014.89,
                        "Plan Rows": 607624,
                        "Plan Width": 8,
                        "Actual Startup Time": 636.672,
                        "Actual Total Time": 900.759,
                        "Actual Rows": 518595,
                        "Actual Loops": 2,
                        "Inner Unique": true,
                        "Hash Cond": "(mk.movie_id = t.id)",
                        "Plans": [
                          {
                            "Node Type": "Bitmap Heap Scan",
                            "Parent Relationship": "Outer",
                            "Parallel Aware": true,
                            "Relation Name": "movie_keyword",
                            "Alias": "mk",
                            "Startup Cost": 21909.88,
                            "Total Cost": 53959.18,
                            "Plan Rows": 607624,
                            "Plan Width": 4,
                            "Actual Startup Time": 53.376,
                            "Actual Total Time": 166.307,
                            "Actual Rows": 518595,
                            "Actual Loops": 2,
                            "Recheck Cond": "(keyword_id < 1028)",
                            "Rows Removed by Index Recheck": 0,
                            "Exact Heap Blocks": 12796,
                            "Lossy Heap Blocks": 0,
                            "Plans": [
                              {
                                "Node Type": "Bitmap Index Scan",
                                "Parent Relationship": "Outer",
                                "Parallel Aware": false,
                                "Index Name": "keyword_id_movie_keyword",
                                "Startup Cost": 0.0,
                                "Total Cost": 21651.64,
                                "Plan Rows": 1032961,
                                "Plan Width": 0,
                                "Actual Startup Time": 49.699,
                                "Actual Total Time": 49.699,
                                "Actual Rows": 1037190,
                                "Actual Loops": 1,
                                "Index Cond": "(keyword_id < 1028)"
                              }
                            ]
                          },
                          {
                            "Node Type": "Hash",
                            "Parent Relationship": "Inner",
                            "Parallel Aware": true,
                            "Startup Cost": 50870.31,
                            "Total Cost": 50870.31,
                            "Plan Rows": 1487231,
                            "Plan Width": 4,
                            "Actual Startup Time": 567.848,
                            "Actual Total Time": 567.853,
                            "Actual Rows": 1264156,
                            "Actual Loops": 2,
                            "Hash Buckets": 4194304,
                            "Original Hash Buckets": 4194304,
                            "Hash Batches": 1,
                            "Original Hash Batches": 1,
                            "Peak Memory Usage": 131712,
                            "Plans": [
                              {
                                "Node Type": "Seq Scan",
                                "Parent Relationship": "Outer",
                                "Parallel Aware": true,
                                "Relation Name": "title",
                                "Alias": "t",
                                "Startup Cost": 0.0,
                                "Total Cost": 50870.31,
                                "Plan Rows": 1487231,
                                "Plan Width": 4,
                                "Actual Startup Time": 0.033,
                                "Actual Total Time": 154.197,
                                "Actual Rows": 1264156,
                                "Actual Loops": 2
                              }
                            ]
                          }
                        ]
                      }
                    ]
                  }
                ]
              }
            ]
          }
        ]
      }
    ]
  },
  "Planning Time": 0.946,
  "Triggers": [],
  "Execution Time": 8305.474
}