[
  {
    "Plan": {
      "Node Type": "Aggregate",
      "Strategy": "Plain",
      "Partial Mode": "Finalize",
      "Parallel Aware": false,
      "Startup Cost": 345021.52,
      "Total Cost": 345021.53,
      "Plan Rows": 1,
      "Plan Width": 8,
      "Actual Startup Time": 705.288,
      "Actual Total Time": 766.458,
      "Actual Rows": 1,
      "Actual Loops": 1,
      "Plans": [
        {
          "Node Type": "Gather",
          "Parent Relationship": "Outer",
          "Parallel Aware": false,
          "Startup Cost": 345020.9,
          "Total Cost": 345021.51,
          "Plan Rows": 6,
          "Plan Width": 8,
          "Actual Startup Time": 705.189,
          "Actual Total Time": 766.447,
          "Actual Rows": 7,
          "Actual Loops": 1,
          "Workers Planned": 6,
          "Workers Launched": 6,
          "Single Copy": false,
          "Plans": [
            {
              "Node Type": "Aggregate",
              "Strategy": "Plain",
              "Partial Mode": "Partial",
              "Parent Relationship": "Outer",
              "Parallel Aware": false,
              "Startup Cost": 344020.9,
              "Total Cost": 344020.91,
              "Plan Rows": 1,
              "Plan Width": 8,
              "Actual Startup Time": 696.271,
              "Actual Total Time": 696.272,
              "Actual Rows": 1,
              "Actual Loops": 7,
              "Plans": [
                {
                  "Node Type": "Seq Scan",
                  "Parent Relationship": "Outer",
                  "Parallel Aware": true,
                  "Relation Name": "cast_info",
                  "Alias": "ci",
                  "Startup Cost": 0.0,
                  "Total Cost": 343257.03,
                  "Plan Rows": 305547,
                  "Plan Width": 0,
                  "Actual Startup Time": 507.314,
                  "Actual Total Time": 668.079,
                  "Actual Rows": 549810,
                  "Actual Loops": 7,
                  "Filter": "((person_id > 3356495) AND (role_id > 2))",
                  "Rows Removed by Filter": 4627954
                }
              ]
            }
          ]
        }
      ]
    },
    "Planning Time": 0.181,
    "Triggers": [],
    "Execution Time": 766.522
  }
]