[
  {
    "Plan": {
      "Node Type": "Aggregate",
      "Strategy": "Plain",
      "Partial Mode": "Finalize",
      "Parallel Aware": false,
      "Startup Cost": 81184.82,
      "Total Cost": 81184.83,
      "Plan Rows": 1,
      "Plan Width": 8,
      "Actual Startup Time": 324.328,
      "Actual Total Time": 339.527,
      "Actual Rows": 1,
      "Actual Loops": 1,
      "Plans": [
        {
          "Node Type": "Gather",
          "Parent Relationship": "Outer",
          "Parallel Aware": false,
          "Startup Cost": 81184.4,
          "Total Cost": 81184.81,
          "Plan Rows": 4,
          "Plan Width": 8,
          "Actual Startup Time": 319.235,
          "Actual Total Time": 339.517,
          "Actual Rows": 5,
          "Actual Loops": 1,
          "Workers Planned": 4,
          "Workers Launched": 4,
          "Single Copy": false,
          "Plans": [
            {
              "Node Type": "Aggregate",
              "Strategy": "Plain",
              "Partial Mode": "Partial",
              "Parent Relationship": "Outer",
              "Parallel Aware": false,
              "Startup Cost": 80184.4,
              "Total Cost": 80184.41,
              "Plan Rows": 1,
              "Plan Width": 8,
              "Actual Startup Time": 309.975,
              "Actual Total Time": 309.979,
              "Actual Rows": 1,
              "Actual Loops": 5,
              "Plans": [
                {
                  "Node Type": "Hash Join",
                  "Parent Relationship": "Outer",
                  "Parallel Aware": true,
                  "Join Type": "Inner",
                  "Startup Cost": 33840.88,
                  "Total Cost": 79955.82,
                  "Plan Rows": 91433,
                  "Plan Width": 0,
                  "Actual Startup Time": 144.76,
                  "Actual Total Time": 307.947,
                  "Actual Rows": 39678,
                  "Actual Loops": 5,
                  "Inner Unique": false,
                  "Hash Cond": "(t.id = mc.movie_id)",
                  "Plans": [
                    {
                      "Node Type": "Seq Scan",
                      "Parent Relationship": "Outer",
                      "Parallel Aware": true,
                      "Relation Name": "title",
                      "Alias": "t",
                      "Startup Cost": 0.0,
                      "Total Cost": 43898.92,
                      "Plan Rows": 384216,
                      "Plan Width": 4,
                      "Actual Startup Time": 0.017,
                      "Actual Total Time": 76.821,
                      "Actual Rows": 308653,
                      "Actual Loops": 5,
                      "Filter": "(kind_id = 7)",
                      "Rows Removed by Filter": 197010
                    },
                    {
                      "Node Type": "Hash",
                      "Parent Relationship": "Inner",
                      "Parallel Aware": true,
                      "Startup Cost": 31414.82,
                      "Total Cost": 31414.82,
                      "Plan Rows": 194085,
                      "Plan Width": 4,
                      "Actual Startup Time": 140.343,
                      "Actual Total Time": 140.345,
                      "Actual Rows": 175873,
                      "Actual Loops": 5,
                      "Hash Buckets": 1048576,
                      "Original Hash Buckets": 1048576,
                      "Hash Batches": 1,
                      "Original Hash Batches": 1,
                      "Peak Memory Usage": 42688,
                      "Plans": [
                        {
                          "Node Type": "Seq Scan",
                          "Parent Relationship": "Outer",
                          "Parallel Aware": true,
                          "Relation Name": "movie_companies",
                          "Alias": "mc",
                          "Startup Cost": 0.0,
                          "Total Cost": 31414.82,
                          "Plan Rows": 194085,
                          "Plan Width": 4,
                          "Actual Startup Time": 46.059,
                          "Actual Total Time": 80.215,
                          "Actual Rows": 175873,
                          "Actual Loops": 5,
                          "Filter": "((company_id > 12529) AND (company_type_id > 1))",
                          "Rows Removed by Filter": 345953
                        }
                      ]
                    }
                  ]
                }
              ]
            }
          ]
        }
      ]
    },
    "Planning Time": 0.616,
    "Triggers": [],
    "Execution Time": 339.593
  }
]