{
  "Plan": {
    "Node Type": "Aggregate",
    "Strategy": "Plain",
    "Partial Mode": "Finalize",
    "Parallel Aware": false,
    "Startup Cost": 64954.49,
    "Total Cost": 64954.5,
    "Plan Rows": 1,
    "Plan Width": 8,
    "Actual Startup Time": 136.431,
    "Actual Total Time": 146.675,
    "Actual Rows": 1,
    "Actual Loops": 1,
    "Plans": [
      {
        "Node Type": "Gather",
        "Parent Relationship": "Outer",
        "Parallel Aware": false,
        "Startup Cost": 64954.38,
        "Total Cost": 64954.49,
        "Plan Rows": 1,
        "Plan Width": 8,
        "Actual Startup Time": 136.14,
        "Actual Total Time": 146.668,
        "Actual Rows": 2,
        "Actual Loops": 1,
        "Workers Planned": 1,
        "Workers Launched": 1,
        "Single Copy": false,
        "Plans": [
          {
            "Node Type": "Aggregate",
            "Strategy": "Plain",
            "Partial Mode": "Partial",
            "Parent Relationship": "Outer",
            "Parallel Aware": false,
            "Startup Cost": 63954.38,
            "Total Cost": 63954.39,
            "Plan Rows": 1,
            "Plan Width": 8,
            "Actual Startup Time": 130.078,
            "Actual Total Time": 130.08,
            "Actual Rows": 1,
            "Actual Loops": 2,
            "Plans": [
              {
                "Node Type": "Nested Loop",
                "Parent Relationship": "Outer",
                "Parallel Aware": false,
                "Join Type": "Inner",
                "Startup Cost": 11823.75,
                "Total Cost": 63949.49,
                "Plan Rows": 1955,
                "Plan Width": 0,
                "Actual Startup Time": 36.327,
                "Actual Total Time": 129.884,
                "Actual Rows": 1712,
                "Actual Loops": 2,
                "Inner Unique": false,
                "Plans": [
                  {
                    "Node Type": "Bitmap Heap Scan",
                    "Parent Relationship": "Outer",
                    "Parallel Aware": true,
                    "Relation Name": "title",
                    "Alias": "t",
                    "Startup Cost": 11823.31,
                    "Total Cost": 53673.57,
                    "Plan Rows": 1092,
                    "Plan Width": 4,
                    "Actual Startup Time": 36.052,
                    "Actual Total Time": 100.869,
                    "Actual Rows": 4062,
                    "Actual Loops": 2,
                    "Recheck Cond": "(kind_id < 2)",
                    "Rows Removed by Index Recheck": 0,
                    "Filter": "(production_year = 1914)",
                    "Rows Removed by Filter": 327350,
                    "Exact Heap Blocks": 7926,
                    "Lossy Heap Blocks": 0,
                    "Plans": [
                      {
                        "Node Type": "Bitmap Index Scan",
                        "Parent Relationship": "Outer",
                        "Parallel Aware": false,
                        "Index Name": "kind_id_title",
                        "Startup Cost": 0.0,
                        "Total Cost": 11822.85,
                        "Plan Rows": 663256,
                        "Plan Width": 0,
                        "Actual Startup Time": 38.466,
                        "Actual Total Time": 38.467,
                        "Actual Rows": 662825,
                        "Actual Loops": 1,
                        "Index Cond": "(kind_id < 2)"
                      }
                    ]
                  },
                  {
                    "Node Type": "Index Only Scan",
                    "Parent Relationship": "Inner",
                    "Parallel Aware": false,
                    "Scan Direction": "Forward",
                    "Index Name": "movie_id_movie_keyword",
                    "Relation Name": "movie_keyword",
                    "Alias": "mk",
                    "Startup Cost": 0.43,
                    "Total Cost": 8.96,
                    "Plan Rows": 45,
                    "Plan Width": 4,
                    "Actual Startup Time": 0.007,
                    "Actual Total Time": 0.007,
                    "Actual Rows": 0,
                    "Actual Loops": 8125,
                    "Index Cond": "(movie_id = t.id)",
                    "Rows Removed by Index Recheck": 0,
                    "Heap Fetches": 3424
                  }
                ]
              }
            ]
          }
        ]
      }
    ]
  },
  "Planning Time": 0.378,
  "Triggers": [],
  "Execution Time": 146.756
}