{
  "Plan": {
    "Node Type": "Aggregate",
    "Strategy": "Plain",
    "Partial Mode": "Finalize",
    "Parallel Aware": false,
    "Startup Cost": 87079.91,
    "Total Cost": 87079.92,
    "Plan Rows": 1,
    "Plan Width": 8,
    "Actual Startup Time": 369.749,
    "Actual Total Time": 398.432,
    "Actual Rows": 1,
    "Actual Loops": 1,
    "Plans": [
      {
        "Node Type": "Gather",
        "Parent Relationship": "Outer",
        "Parallel Aware": false,
        "Startup Cost": 87079.8,
        "Total Cost": 87079.91,
        "Plan Rows": 1,
        "Plan Width": 8,
        "Actual Startup Time": 369.682,
        "Actual Total Time": 398.426,
        "Actual Rows": 2,
        "Actual Loops": 1,
        "Workers Planned": 1,
        "Workers Launched": 1,
        "Single Copy": false,
        "Plans": [
          {
            "Node Type": "Aggregate",
            "Strategy": "Plain",
            "Partial Mode": "Partial",
            "Parent Relationship": "Outer",
            "Parallel Aware": false,
            "Startup Cost": 86079.8,
            "Total Cost": 86079.81,
            "Plan Rows": 1,
            "Plan Width": 8,
            "Actual Startup Time": 365.027,
            "Actual Total Time": 365.03,
            "Actual Rows": 1,
            "Actual Loops": 2,
            "Plans": [
              {
                "Node Type": "Nested Loop",
                "Parent Relationship": "Outer",
                "Parallel Aware": false,
                "Join Type": "Inner",
                "Startup Cost": 56208.24,
                "Total Cost": 86006.66,
                "Plan Rows": 29254,
                "Plan Width": 0,
                "Actual Startup Time": 135.146,
                "Actual Total Time": 356.172,
                "Actual Rows": 197077,
                "Actual Loops": 2,
                "Inner Unique": false,
                "Join Filter": "(t.id = mi.movie_id)",
                "Rows Removed by Join Filter": 0,
                "Plans": [
                  {
                    "Node Type": "Hash Join",
                    "Parent Relationship": "Outer",
                    "Parallel Aware": true,
                    "Join Type": "Inner",
                    "Startup Cost": 56207.8,
                    "Total Cost": 74391.59,
                    "Plan Rows": 5003,
                    "Plan Width": 8,
                    "Actual Startup Time": 135.08,
                    "Actual Total Time": 233.837,
                    "Actual Rows": 8416,
                    "Actual Loops": 2,
                    "Inner Unique": true,
                    "Hash Cond": "(mi_idx.movie_id = t.id)",
                    "Plans": [
                      {
                        "Node Type": "Seq Scan",
                        "Parent Relationship": "Outer",
                        "Parallel Aware": true,
                        "Relation Name": "movie_info_idx",
                        "Alias": "mi_idx",
                        "Startup Cost": 0.0,
                        "Total Cost": 16052.85,
                        "Plan Rows": 811785,
                        "Plan Width": 4,
                        "Actual Startup Time": 0.018,
                        "Actual Total Time": 46.509,
                        "Actual Rows": 690018,
                        "Actual Loops": 2
                      },
                      {
                        "Node Type": "Hash",
                        "Parent Relationship": "Inner",
                        "Parallel Aware": true,
                        "Startup Cost": 56093.24,
                        "Total Cost": 56093.24,
                        "Plan Rows": 9165,
                        "Plan Width": 4,
                        "Actual Startup Time": 134.205,
                        "Actual Total Time": 134.206,
                        "Actual Rows": 5681,
                        "Actual Loops": 2,
                        "Hash Buckets": 16384,
                        "Original Hash Buckets": 16384,
                        "Hash Batches": 1,
                        "Original Hash Batches": 1,
                        "Peak Memory Usage": 576,
                        "Plans": [
                          {
                            "Node Type": "Bitmap Heap Scan",
                            "Parent Relationship": "Outer",
                            "Parallel Aware": true,
                            "Relation Name": "title",
                            "Alias": "t",
                            "Startup Cost": 13442.85,
                            "Total Cost": 56093.24,
                            "Plan Rows": 9165,
                            "Plan Width": 4,
                            "Actual Startup Time": 51.016,
                            "Actual Total Time": 132.363,
                            "Actual Rows": 5681,
                            "Actual Loops": 2,
                            "Recheck Cond": "(kind_id < 3)",
                            "Rows Removed by Index Recheck": 0,
                            "Filter": "(production_year = 2001)",
                            "Rows Removed by Filter": 371158,
                            "Exact Heap Blocks": 28193,
                            "Lossy Heap Blocks": 0,
                            "Plans": [
                              {
                                "Node Type": "Bitmap Index Scan",
                                "Parent Relationship": "Outer",
                                "Parallel Aware": false,
                                "Index Name": "kind_id_title",
                                "Startup Cost": 0.0,
                                "Total Cost": 13438.96,
                                "Plan Rows": 753937,
                                "Plan Width": 0,
                                "Actual Startup Time": 47.964,
                                "Actual Total Time": 47.965,
                                "Actual Rows": 753677,
                                "Actual Loops": 1,
                                "Index Cond": "(kind_id < 3)"
                              }
                            ]
                          }
                        ]
                      }
                    ]
                  },
                  {
                    "Node Type": "Index Only Scan",
                    "Parent Relationship": "Inner",
                    "Parallel Aware": false,
                    "Scan Direction": "Forward",
                    "Index Name": "movie_id_movie_info",
                    "Relation Name": "movie_info",
                    "Alias": "mi",
                    "Startup Cost": 0.43,
                    "Total Cost": 1.8,
                    "Plan Rows": 42,
                    "Plan Width": 4,
                    "Actual Startup Time": 0.004,
                    "Actual Total Time": 0.012,
                    "Actual Rows": 23,
                    "Actual Loops": 16833,
                    "Index Cond": "(movie_id = mi_idx.movie_id)",
                    "Rows Removed by Index Recheck": 0,
                    "Heap Fetches": 394154
                  }
                ]
              }
            ]
          }
        ]
      }
    ]
  },
  "Planning Time": 0.741,
  "Triggers": [],
  "Execution Time": 398.528
}