{
  "Plan": {
    "Node Type": "Aggregate",
    "Strategy": "Plain",
    "Partial Mode": "Finalize",
    "Parallel Aware": false,
    "Startup Cost": 565253.73,
    "Total Cost": 565253.74,
    "Plan Rows": 1,
    "Plan Width": 8,
    "Actual Startup Time": 2204.414,
    "Actual Total Time": 2231.832,
    "Actual Rows": 1,
    "Actual Loops": 1,
    "Plans": [
      {
        "Node Type": "Gather",
        "Parent Relationship": "Outer",
        "Parallel Aware": false,
        "Startup Cost": 565253.62,
        "Total Cost": 565253.73,
        "Plan Rows": 1,
        "Plan Width": 8,
        "Actual Startup Time": 2202.362,
        "Actual Total Time": 2231.824,
        "Actual Rows": 2,
        "Actual Loops": 1,
        "Workers Planned": 1,
        "Workers Launched": 1,
        "Single Copy": false,
        "Plans": [
          {
            "Node Type": "Aggregate",
            "Strategy": "Plain",
            "Partial Mode": "Partial",
            "Parent Relationship": "Outer",
            "Parallel Aware": false,
            "Startup Cost": 564253.62,
            "Total Cost": 564253.63,
            "Plan Rows": 1,
            "Plan Width": 8,
            "Actual Startup Time": 2197.63,
            "Actual Total Time": 2197.633,
            "Actual Rows": 1,
            "Actual Loops": 2,
            "Plans": [
              {
                "Node Type": "Merge Join",
                "Parent Relationship": "Outer",
                "Parallel Aware": false,
                "Join Type": "Inner",
                "Startup Cost": 296583.19,
                "Total Cost": 563305.4,
                "Plan Rows": 379286,
                "Plan Width": 0,
                "Actual Startup Time": 609.571,
                "Actual Total Time": 2175.731,
                "Actual Rows": 511564,
                "Actual Loops": 2,
                "Inner Unique": false,
                "Merge Cond": "(t.id = mc.movie_id)",
                "Plans": [
                  {
                    "Node Type": "Merge Join",
                    "Parent Relationship": "Outer",
                    "Parallel Aware": false,
                    "Join Type": "Inner",
                    "Startup Cost": 296580.55,
                    "Total Cost": 412129.32,
                    "Plan Rows": 367535,
                    "Plan Width": 8,
                    "Actual Startup Time": 609.271,
                    "Actual Total Time": 1340.864,
                    "Actual Rows": 117318,
                    "Actual Loops": 2,
                    "Inner Unique": false,
                    "Merge Cond": "(t.id = ci.movie_id)",
                    "Plans": [
                      {
                        "Node Type": "Index Scan",
                        "Parent Relationship": "Outer",
                        "Parallel Aware": true,
                        "Scan Direction": "Forward",
                        "Index Name": "title_pkey",
                        "Relation Name": "title",
                        "Alias": "t",
                        "Startup Cost": 0.43,
                        "Total Cost": 103647.43,
                        "Plan Rows": 709255,
                        "Plan Width": 4,
                        "Actual Startup Time": 0.28,
                        "Actual Total Time": 611.611,
                        "Actual Rows": 596112,
                        "Actual Loops": 2,
                        "Filter": "(production_year > 2003)",
                        "Rows Removed by Filter": 666847
                      },
                      {
                        "Node Type": "Sort",
                        "Parent Relationship": "Inner",
                        "Parallel Aware": false,
                        "Startup Cost": 296579.98,
                        "Total Cost": 299855.37,
                        "Plan Rows": 1310158,
                        "Plan Width": 4,
                        "Actual Startup Time": 608.962,
                        "Actual Total Time": 660.257,
                        "Actual Rows": 423222,
                        "Actual Loops": 2,
                        "Sort Key": [
                          "ci.movie_id"
                        ],
                        "Sort Method": "quicksort",
                        "Sort Space Used": 32127,
                        "Sort Space Type": "Memory",
                        "Workers": [
                          {
                            "Worker Number": 0,
                            "Sort Method": "quicksort",
                            "Sort Space Used": 32127,
                            "Sort Space Type": "Memory"
                          }
                        ],
                        "Plans": [
                          {
                            "Node Type": "Index Scan",
                            "Parent Relationship": "Outer",
                            "Parallel Aware": false,
                            "Scan Direction": "Forward",
                            "Index Name": "role_id_cast_info",
                            "Relation Name": "cast_info",
                            "Alias": "ci",
                            "Startup Cost": 0.56,
                            "Total Cost": 163459.35,
                            "Plan Rows": 1310158,
                            "Plan Width": 4,
                            "Actual Startup Time": 0.162,
                            "Actual Total Time": 516.021,
                            "Actual Rows": 423222,
                            "Actual Loops": 2,
                            "Index Cond": "(role_id = 10)",
                            "Rows Removed by Index Recheck": 0,
                            "Filter": "(person_id < 1065198)",
                            "Rows Removed by Filter": 3899796
                          }
                        ]
                      }
                    ]
                  },
                  {
                    "Node Type": "Index Only Scan",
                    "Parent Relationship": "Inner",
                    "Parallel Aware": false,
                    "Scan Direction": "Forward",
                    "Index Name": "movie_id_movie_companies",
                    "Relation Name": "movie_companies",
                    "Alias": "mc",
                    "Startup Cost": 0.43,
                    "Total Cost": 140059.44,
                    "Plan Rows": 2609129,
                    "Plan Width": 4,
                    "Actual Startup Time": 0.036,
                    "Actual Total Time": 670.823,
                    "Actual Rows": 2969285,
                    "Actual Loops": 2,
                    "Heap Fetches": 5938570
                  }
                ]
              }
            ]
          }
        ]
      }
    ]
  },
  "Planning Time": 1.043,
  "Triggers": [],
  "Execution Time": 2231.952
}