[
  {
    "Plan": {
      "Node Type": "Aggregate",
      "Strategy": "Plain",
      "Partial Mode": "Finalize",
      "Parallel Aware": false,
      "Startup Cost": 83776.99,
      "Total Cost": 83777.0,
      "Plan Rows": 1,
      "Plan Width": 8,
      "Actual Startup Time": 456.121,
      "Actual Total Time": 478.254,
      "Actual Rows": 1,
      "Actual Loops": 1,
      "Plans": [
        {
          "Node Type": "Gather",
          "Parent Relationship": "Outer",
          "Parallel Aware": false,
          "Startup Cost": 83776.67,
          "Total Cost": 83776.98,
          "Plan Rows": 3,
          "Plan Width": 8,
          "Actual Startup Time": 447.908,
          "Actual Total Time": 478.236,
          "Actual Rows": 4,
          "Actual Loops": 1,
          "Workers Planned": 3,
          "Workers Launched": 3,
          "Single Copy": false,
          "Plans": [
            {
              "Node Type": "Aggregate",
              "Strategy": "Plain",
              "Partial Mode": "Partial",
              "Parent Relationship": "Outer",
              "Parallel Aware": false,
              "Startup Cost": 82776.67,
              "Total Cost": 82776.68,
              "Plan Rows": 1,
              "Plan Width": 8,
              "Actual Startup Time": 439.527,
              "Actual Total Time": 439.531,
              "Actual Rows": 1,
              "Actual Loops": 4,
              "Plans": [
                {
                  "Node Type": "Hash Join",
                  "Parent Relationship": "Outer",
                  "Parallel Aware": true,
                  "Join Type": "Inner",
                  "Startup Cost": 50403.04,
                  "Total Cost": 82419.58,
                  "Plan Rows": 142836,
                  "Plan Width": 0,
                  "Actual Startup Time": 343.681,
                  "Actual Total Time": 435.859,
                  "Actual Rows": 69370,
                  "Actual Loops": 4,
                  "Inner Unique": true,
                  "Hash Cond": "(mc.movie_id = t.id)",
                  "Plans": [
                    {
                      "Node Type": "Seq Scan",
                      "Parent Relationship": "Outer",
                      "Parallel Aware": true,
                      "Relation Name": "movie_companies",
                      "Alias": "mc",
                      "Startup Cost": 0.0,
                      "Total Cost": 31414.82,
                      "Plan Rows": 229229,
                      "Plan Width": 4,
                      "Actual Startup Time": 36.855,
                      "Actual Total Time": 74.28,
                      "Actual Rows": 112630,
                      "Actual Loops": 4,
                      "Filter": "((company_id < 12199) AND (company_type_id = 2))",
                      "Rows Removed by Filter": 539652
                    },
                    {
                      "Node Type": "Hash",
                      "Parent Relationship": "Inner",
                      "Parallel Aware": true,
                      "Startup Cost": 45479.59,
                      "Total Cost": 45479.59,
                      "Plan Rows": 393876,
                      "Plan Width": 4,
                      "Actual Startup Time": 301.547,
                      "Actual Total Time": 301.548,
                      "Actual Rows": 419914,
                      "Actual Loops": 4,
                      "Hash Buckets": 2097152,
                      "Original Hash Buckets": 2097152,
                      "Hash Batches": 1,
                      "Original Hash Batches": 1,
                      "Peak Memory Usage": 82144,
                      "Plans": [
                        {
                          "Node Type": "Seq Scan",
                          "Parent Relationship": "Outer",
                          "Parallel Aware": true,
                          "Relation Name": "title",
                          "Alias": "t",
                          "Startup Cost": 0.0,
                          "Total Cost": 45479.59,
                          "Plan Rows": 393876,
                          "Plan Width": 4,
                          "Actual Startup Time": 0.062,
                          "Actual Total Time": 129.883,
                          "Actual Rows": 419914,
                          "Actual Loops": 4,
                          "Filter": "((kind_id > 1) AND (production_year > 1967))",
                          "Rows Removed by Filter": 212164
                        }
                      ]
                    }
                  ]
                }
              ]
            }
          ]
        }
      ]
    },
    "Planning Time": 0.539,
    "Triggers": [],
    "Execution Time": 478.296
  }
]