[
  {
    "Plan": {
      "Node Type": "Aggregate",
      "Strategy": "Plain",
      "Partial Mode": "Finalize",
      "Parallel Aware": false,
      "Startup Cost": 295110.32,
      "Total Cost": 295110.33,
      "Plan Rows": 1,
      "Plan Width": 8,
      "Actual Startup Time": 833.346,
      "Actual Total Time": 876.571,
      "Actual Rows": 1,
      "Actual Loops": 1,
      "Plans": [
        {
          "Node Type": "Gather",
          "Parent Relationship": "Outer",
          "Parallel Aware": false,
          "Startup Cost": 295109.8,
          "Total Cost": 295110.31,
          "Plan Rows": 5,
          "Plan Width": 8,
          "Actual Startup Time": 821.228,
          "Actual Total Time": 876.559,
          "Actual Rows": 6,
          "Actual Loops": 1,
          "Workers Planned": 5,
          "Workers Launched": 5,
          "Single Copy": false,
          "Plans": [
            {
              "Node Type": "Aggregate",
              "Strategy": "Plain",
              "Partial Mode": "Partial",
              "Parent Relationship": "Outer",
              "Parallel Aware": false,
              "Startup Cost": 294109.8,
              "Total Cost": 294109.81,
              "Plan Rows": 1,
              "Plan Width": 8,
              "Actual Startup Time": 811.586,
              "Actual Total Time": 811.662,
              "Actual Rows": 1,
              "Actual Loops": 6,
              "Plans": [
                {
                  "Node Type": "Hash Join",
                  "Parent Relationship": "Outer",
                  "Parallel Aware": true,
                  "Join Type": "Inner",
                  "Startup Cost": 93046.81,
                  "Total Cost": 293861.73,
                  "Plan Rows": 99227,
                  "Plan Width": 0,
                  "Actual Startup Time": 470.292,
                  "Actual Total Time": 803.98,
                  "Actual Rows": 193954,
                  "Actual Loops": 6,
                  "Inner Unique": false,
                  "Hash Cond": "(mi.movie_id = t.id)",
                  "Plans": [
                    {
                      "Node Type": "Seq Scan",
                      "Parent Relationship": "Outer",
                      "Parallel Aware": true,
                      "Relation Name": "movie_info",
                      "Alias": "mi",
                      "Startup Cost": 0.0,
                      "Total Cost": 198952.16,
                      "Plan Rows": 411380,
                      "Plan Width": 4,
                      "Actual Startup Time": 28.119,
                      "Actual Total Time": 283.414,
                      "Actual Rows": 348511,
                      "Actual Loops": 6,
                      "Filter": "(info_type_id < 3)",
                      "Rows Removed by Filter": 2124109
                    },
                    {
                      "Node Type": "Hash",
                      "Parent Relationship": "Inner",
                      "Parallel Aware": true,
                      "Startup Cost": 90587.77,
                      "Total Cost": 90587.77,
                      "Plan Rows": 196723,
                      "Plan Width": 8,
                      "Actual Startup Time": 438.557,
                      "Actual Total Time": 438.631,
                      "Actual Rows": 103109,
                      "Actual Loops": 6,
                      "Hash Buckets": 1048576,
                      "Original Hash Buckets": 1048576,
                      "Hash Batches": 1,
                      "Original Hash Batches": 1,
                      "Peak Memory Usage": 32448,
                      "Plans": [
                        {
                          "Node Type": "Hash Join",
                          "Parent Relationship": "Outer",
                          "Parallel Aware": true,
                          "Join Type": "Inner",
                          "Startup Cost": 63158.34,
                          "Total Cost": 90587.77,
                          "Plan Rows": 196723,
                          "Plan Width": 8,
                          "Actual Startup Time": 301.641,
                          "Actual Total Time": 394.229,
                          "Actual Rows": 103109,
                          "Actual Loops": 6,
                          "Inner Unique": true,
                          "Hash Cond": "(mk.movie_id = t.id)",
                          "Plans": [
                            {
                              "Node Type": "Bitmap Heap Scan",
                              "Parent Relationship": "Outer",
                              "Parallel Aware": true,
                              "Relation Name": "movie_keyword",
                              "Alias": "mk",
                              "Startup Cost": 12938.69,
                              "Total Cost": 39851.72,
                              "Plan Rows": 196723,
                              "Plan Width": 4,
                              "Actual Startup Time": 35.61,
                              "Actual Total Time": 84.223,
                              "Actual Rows": 103109,
                              "Actual Loops": 6,
                              "Recheck Cond": "(keyword_id < 469)",
                              "Rows Removed by Index Recheck": 0,
                              "Exact Heap Blocks": 5249,
                              "Lossy Heap Blocks": 0,
                              "Plans": [
                                {
                                  "Node Type": "Bitmap Index Scan",
                                  "Parent Relationship": "Outer",
                                  "Parallel Aware": false,
                                  "Index Name": "keyword_id_movie_keyword",
                                  "Startup Cost": 0.0,
                                  "Total Cost": 12786.23,
                                  "Plan Rows": 609840,
                                  "Plan Width": 0,
                                  "Actual Startup Time": 31.915,
                                  "Actual Total Time": 31.916,
                                  "Actual Rows": 618656,
                                  "Actual Loops": 1,
                                  "Index Cond": "(keyword_id < 469)"
                                }
                              ]
                            },
                            {
                              "Node Type": "Hash",
                              "Parent Relationship": "Inner",
                              "Parallel Aware": true,
                              "Startup Cost": 42318.73,
                              "Total Cost": 42318.73,
                              "Plan Rows": 632073,
                              "Plan Width": 4,
                              "Actual Startup Time": 261.01,
                              "Actual Total Time": 261.011,
                              "Actual Rows": 421385,
                              "Actual Loops": 6,
                              "Hash Buckets": 4194304,
                              "Original Hash Buckets": 4194304,
                              "Hash Batches": 1,
                              "Original Hash Batches": 1,
                              "Peak Memory Usage": 131776,
                              "Plans": [
                                {
                                  "Node Type": "Seq Scan",
                                  "Parent Relationship": "Outer",
                                  "Parallel Aware": true,
                                  "Relation Name": "title",
                                  "Alias": "t",
                                  "Startup Cost": 0.0,
                                  "Total Cost": 42318.73,
                                  "Plan Rows": 632073,
                                  "Plan Width": 4,
                                  "Actual Startup Time": 0.04,
                                  "Actual Total Time": 74.549,
                                  "Actual Rows": 421385,
                                  "Actual Loops": 6
                                }
                              ]
                            }
                          ]
                        }
                      ]
                    }
                  ]
                }
              ]
            }
          ]
        }
      ]
    },
    "Planning Time": 1.365,
    "Triggers": [],
    "Execution Time": 876.68
  }
]