{
  "Plan": {
    "Node Type": "Aggregate",
    "Strategy": "Plain",
    "Partial Mode": "Simple",
    "Parallel Aware": false,
    "Startup Cost": 2737559.52,
    "Total Cost": 2737559.53,
    "Plan Rows": 1,
    "Plan Width": 32,
    "Actual Startup Time": 37210.449,
    "Actual Total Time": 37270.296,
    "Actual Rows": 1,
    "Actual Loops": 1,
    "Plans": [
      {
        "Node Type": "Nested Loop",
        "Parent Relationship": "Outer",
        "Parallel Aware": false,
        "Join Type": "Inner",
        "Startup Cost": 2691422.09,
        "Total Cost": 2737559.52,
        "Plan Rows": 1,
        "Plan Width": 17,
        "Actual Startup Time": 37059.615,
        "Actual Total Time": 37270.259,
        "Actual Rows": 17,
        "Actual Loops": 1,
        "Inner Unique": false,
        "Join Filter": "(t.kind_id = kt.id)",
        "Rows Removed by Join Filter": 0,
        "Plans": [
          {
            "Node Type": "Seq Scan",
            "Parent Relationship": "Outer",
            "Parallel Aware": false,
            "Relation Name": "kind_type",
            "Alias": "kt",
            "Startup Cost": 0.0,
            "Total Cost": 1.09,
            "Plan Rows": 1,
            "Plan Width": 4,
            "Actual Startup Time": 0.057,
            "Actual Total Time": 0.085,
            "Actual Rows": 1,
            "Actual Loops": 1,
            "Filter": "((kind)::text = 'movie'::text)",
            "Rows Removed by Filter": 6
          },
          {
            "Node Type": "Gather",
            "Parent Relationship": "Inner",
            "Parallel Aware": false,
            "Startup Cost": 2691422.09,
            "Total Cost": 2737558.42,
            "Plan Rows": 1,
            "Plan Width": 21,
            "Actual Startup Time": 37059.55,
            "Actual Total Time": 37270.155,
            "Actual Rows": 17,
            "Actual Loops": 1,
            "Workers Planned": 4,
            "Workers Launched": 4,
            "Single Copy": false,
            "Plans": [
              {
                "Node Type": "Hash Join",
                "Parent Relationship": "Outer",
                "Parallel Aware": true,
                "Join Type": "Inner",
                "Startup Cost": 2690422.09,
                "Total Cost": 2736558.32,
                "Plan Rows": 1,
                "Plan Width": 21,
                "Actual Startup Time": 37080.354,
                "Actual Total Time": 37088.255,
                "Actual Rows": 3,
                "Actual Loops": 5,
                "Inner Unique": false,
                "Hash Cond": "(t.id = mk.movie_id)",
                "Plans": [
                  {
                    "Node Type": "Seq Scan",
                    "Parent Relationship": "Outer",
                    "Parallel Aware": true,
                    "Relation Name": "title",
                    "Alias": "t",
                    "Startup Cost": 0.0,
                    "Total Cost": 43898.97,
                    "Plan Rows": 596598,
                    "Plan Width": 25,
                    "Actual Startup Time": 0.029,
                    "Actual Total Time": 131.893,
                    "Actual Rows": 477775,
                    "Actual Loops": 5,
                    "Filter": "(production_year < 2013)",
                    "Rows Removed by Filter": 27887
                  },
                  {
                    "Node Type": "Hash",
                    "Parent Relationship": "Inner",
                    "Parallel Aware": true,
                    "Startup Cost": 2690422.08,
                    "Total Cost": 2690422.08,
                    "Plan Rows": 1,
                    "Plan Width": 12,
                    "Actual Startup Time": 36925.671,
                    "Actual Total Time": 36925.733,
                    "Actual Rows": 3,
                    "Actual Loops": 5,
                    "Hash Buckets": 1024,
                    "Original Hash Buckets": 1024,
                    "Hash Batches": 1,
                    "Original Hash Batches": 1,
                    "Peak Memory Usage": 40,
                    "Plans": [
                      {
                        "Node Type": "Hash Join",
                        "Parent Relationship": "Outer",
                        "Parallel Aware": true,
                        "Join Type": "Inner",
                        "Startup Cost": 2640234.5,
                        "Total Cost": 2690422.08,
                        "Plan Rows": 1,
                        "Plan Width": 12,
                        "Actual Startup Time": 36884.539,
                        "Actual Total Time": 36925.486,
                        "Actual Rows": 3,
                        "Actual Loops": 5,
                        "Inner Unique": false,
                        "Hash Cond": "(chn.id = ci.person_role_id)",
                        "Plans": [
                          {
                            "Node Type": "Seq Scan",
                            "Parent Relationship": "Outer",
                            "Parallel Aware": true,
                            "Relation Name": "char_name",
                            "Alias": "chn",
                            "Startup Cost": 0.0,
                            "Total Cost": 50186.98,
                            "Plan Rows": 157,
                            "Plan Width": 4,
                            "Actual Startup Time": 27.849,
                            "Actual Total Time": 212.158,
                            "Actual Rows": 6,
                            "Actual Loops": 5,
                            "Filter": "((name !~~ '%Sherlock%'::text) AND ((name ~~ '%Tony%Stark%'::text) OR (name ~~ '%Iron%Man%'::text)))",
                            "Rows Removed by Filter": 628062
                          },
                          {
                            "Node Type": "Hash",
                            "Parent Relationship": "Inner",
                            "Parallel Aware": true,
                            "Startup Cost": 2640234.48,
                            "Total Cost": 2640234.48,
                            "Plan Rows": 1,
                            "Plan Width": 16,
                            "Actual Startup Time": 36712.467,
                            "Actual Total Time": 36712.526,
                            "Actual Rows": 8,
                            "Actual Loops": 5,
                            "Hash Buckets": 1024,
                            "Original Hash Buckets": 1024,
                            "Hash Batches": 1,
                            "Original Hash Batches": 1,
                            "Peak Memory Usage": 72,
                            "Plans": [
                              {
                                "Node Type": "Hash Join",
                                "Parent Relationship": "Outer",
                                "Parallel Aware": true,
                                "Join Type": "Inner",
                                "Startup Cost": 2571597.9,
                                "Total Cost": 2640234.48,
                                "Plan Rows": 1,
                                "Plan Width": 16,
                                "Actual Startup Time": 36621.148,
                                "Actual Total Time": 36711.328,
                                "Actual Rows": 8,
                                "Actual Loops": 5,
                                "Inner Unique": false,
                                "Hash Cond": "(n.id = ci.person_id)",
                                "Plans": [
                                  {
                                    "Node Type": "Seq Scan",
                                    "Parent Relationship": "Outer",
                                    "Parallel Aware": true,
                                    "Relation Name": "name",
                                    "Alias": "n",
                                    "Startup Cost": 0.0,
                                    "Total Cost": 68636.18,
                                    "Plan Rows": 104,
                                    "Plan Width": 4,
                                    "Actual Startup Time": 173.625,
                                    "Actual Total Time": 263.738,
                                    "Actual Rows": 0,
                                    "Actual Loops": 5,
                                    "Filter": "(name ~~ '%Downey%Robert%'::text)",
                                    "Rows Removed by Filter": 833498
                                  },
                                  {
                                    "Node Type": "Hash",
                                    "Parent Relationship": "Inner",
                                    "Parallel Aware": true,
                                    "Startup Cost": 2571597.73,
                                    "Total Cost": 2571597.73,
                                    "Plan Rows": 14,
                                    "Plan Width": 20,
                                    "Actual Startup Time": 36447.043,
                                    "Actual Total Time": 36447.075,
                                    "Actual Rows": 131118,
                                    "Actual Loops": 5,
                                    "Hash Buckets": 1048576,
                                    "Original Hash Buckets": 1024,
                                    "Hash Batches": 1,
                                    "Original Hash Batches": 1,
                                    "Peak Memory Usage": 49880,
                                    "Plans": [
                                      {
                                        "Node Type": "Hash Join",
                                        "Parent Relationship": "Outer",
                                        "Parallel Aware": false,
                                        "Join Type": "Inner",
                                        "Startup Cost": 1571051.54,
                                        "Total Cost": 2571597.73,
                                        "Plan Rows": 14,
                                        "Plan Width": 20,
                                        "Actual Startup Time": 9224.818,
                                        "Actual Total Time": 32299.34,
                                        "Actual Rows": 131118,
                                        "Actual Loops": 5,
                                        "Inner Unique": true,
                                        "Hash Cond": "(cc.status_id = cct2.id)",
                                        "Plans": [
                                          {
                                            "Node Type": "Hash Join",
                                            "Parent Relationship": "Outer",
                                            "Parallel Aware": false,
                                            "Join Type": "Inner",
                                            "Startup Cost": 1571050.47,
                                            "Total Cost": 2571596.35,
                                            "Plan Rows": 58,
                                            "Plan Width": 24,
                                            "Actual Startup Time": 9224.636,
                                            "Actual Total Time": 32274.234,
                                            "Actual Rows": 131118,
                                            "Actual Loops": 5,
                                            "Inner Unique": true,
                                            "Hash Cond": "(mk.keyword_id = k.id)",
                                            "Plans": [
                                              {
                                                "Node Type": "Hash Join",
                                                "Parent Relationship": "Outer",
                                                "Parallel Aware": false,
                                                "Join Type": "Inner",
                                                "Startup Cost": 1567417.97,
                                                "Total Cost": 2565409.44,
                                                "Plan Rows": 973080,
                                                "Plan Width": 28,
                                                "Actual Startup Time": 9131.261,
                                                "Actual Total Time": 30828.796,
                                                "Actual Rows": 21810430,
                                                "Actual Loops": 5,
                                                "Inner Unique": true,
                                                "Hash Cond": "(cc.subject_id = cct1.id)",
                                                "Plans": [
                                                  {
                                                    "Node Type": "Hash Join",
                                                    "Parent Relationship": "Outer",
                                                    "Parallel Aware": false,
                                                    "Join Type": "Inner",
                                                    "Startup Cost": 1567416.91,
                                                    "Total Cost": 2544365.85,
                                                    "Plan Rows": 3892259,
                                                    "Plan Width": 32,
                                                    "Actual Startup Time": 9131.115,
                                                    "Actual Total Time": 26863.793,
                                                    "Actual Rows": 31456606,
                                                    "Actual Loops": 5,
                                                    "Inner Unique": false,
                                                    "Hash Cond": "(mk.movie_id = cc.movie_id)",
                                                    "Plans": [
                                                      {
                                                        "Node Type": "Merge Join",
                                                        "Parent Relationship": "Outer",
                                                        "Parallel Aware": false,
                                                        "Join Type": "Inner",
                                                        "Startup Cost": 1563646.48,
                                                        "Total Cost": 2014863.9,
                                                        "Plan Rows": 28067392,
                                                        "Plan Width": 20,
                                                        "Actual Startup Time": 9026.242,
                                                        "Actual Total Time": 20128.059,
                                                        "Actual Rows": 43153095,
                                                        "Actual Loops": 5,
                                                        "Inner Unique": false,
                                                        "Merge Cond": "(ci.movie_id = mk.movie_id)",
                                                        "Plans": [
                                                          {
                                                            "Node Type": "Sort",
                                                            "Parent Relationship": "Outer",
                                                            "Parallel Aware": false,
                                                            "Startup Cost": 993845.26,
                                                            "Total Cost": 1008954.3,
                                                            "Plan Rows": 6043616,
                                                            "Plan Width": 12,
                                                            "Actual Startup Time": 6141.195,
                                                            "Actual Total Time": 8686.184,
                                                            "Actual Rows": 7248867,
                                                            "Actual Loops": 5,
                                                            "Sort Key": [
                                                              "ci.movie_id"
                                                            ],
                                                            "Sort Method": "quicksort",
                                                            "Sort Space Used": 566763,
                                                            "Sort Space Type": "Memory",
                                                            "Workers": [
                                                              {
                                                                "Worker Number": 0,
                                                                "Sort Method": "quicksort",
                                                                "Sort Space Used": 500663,
                                                                "Sort Space Type": "Memory"
                                                              },
                                                              {
                                                                "Worker Number": 1,
                                                                "Sort Method": "quicksort",
                                                                "Sort Space Used": 527525,
                                                                "Sort Space Type": "Memory"
                                                              },
                                                              {
                                                                "Worker Number": 2,
                                                                "Sort Method": "quicksort",
                                                                "Sort Space Used": 789617,
                                                                "Sort Space Type": "Memory"
                                                              },
                                                              {
                                                                "Worker Number": 3,
                                                                "Sort Method": "quicksort",
                                                                "Sort Space Used": 494037,
                                                                "Sort Space Type": "Memory"
                                                              }
                                                            ],
                                                            "Plans": [
                                                              {
                                                                "Node Type": "Seq Scan",
                                                                "Parent Relationship": "Outer",
                                                                "Parallel Aware": true,
                                                                "Relation Name": "cast_info",
                                                                "Alias": "ci",
                                                                "Startup Cost": 0.0,
                                                                "Total Cost": 313123.16,
                                                                "Plan Rows": 6043616,
                                                                "Plan Width": 12,
                                                                "Actual Startup Time": 0.086,
                                                                "Actual Total Time": 1960.53,
                                                                "Actual Rows": 7248869,
                                                                "Actual Loops": 5
                                                              }
                                                            ]
                                                          },
                                                          {
                                                            "Node Type": "Sort",
                                                            "Parent Relationship": "Inner",
                                                            "Parallel Aware": false,
                                                            "Startup Cost": 569794.43,
                                                            "Total Cost": 581104.25,
                                                            "Plan Rows": 4523930,
                                                            "Plan Width": 8,
                                                            "Actual Startup Time": 2884.962,
                                                            "Actual Total Time": 4883.978,
                                                            "Actual Rows": 43514722,
                                                            "Actual Loops": 5,
                                                            "Sort Key": [
                                                              "mk.movie_id"
                                                            ],
                                                            "Sort Method": "quicksort",
                                                            "Sort Space Used": 408668,
                                                            "Sort Space Type": "Memory",
                                                            "Workers": [
                                                              {
                                                                "Worker Number": 0,
                                                                "Sort Method": "quicksort",
                                                                "Sort Space Used": 408668,
                                                                "Sort Space Type": "Memory"
                                                              },
                                                              {
                                                                "Worker Number": 1,
                                                                "Sort Method": "quicksort",
                                                                "Sort Space Used": 408668,
                                                                "Sort Space Type": "Memory"
                                                              },
                                                              {
                                                                "Worker Number": 2,
                                                                "Sort Method": "quicksort",
                                                                "Sort Space Used": 408668,
                                                                "Sort Space Type": "Memory"
                                                              },
                                                              {
                                                                "Worker Number": 3,
                                                                "Sort Method": "quicksort",
                                                                "Sort Space Used": 408668,
                                                                "Sort Space Type": "Memory"
                                                              }
                                                            ],
                                                            "Plans": [
                                                              {
                                                                "Node Type": "Seq Scan",
                                                                "Parent Relationship": "Outer",
                                                                "Parallel Aware": false,
                                                                "Relation Name": "movie_keyword",
                                                                "Alias": "mk",
                                                                "Startup Cost": 0.0,
                                                                "Total Cost": 69693.3,
                                                                "Plan Rows": 4523930,
                                                                "Plan Width": 8,
                                                                "Actual Startup Time": 0.196,
                                                                "Actual Total Time": 823.272,
                                                                "Actual Rows": 4523930,
                                                                "Actual Loops": 5
                                                              }
                                                            ]
                                                          }
                                                        ]
                                                      },
                                                      {
                                                        "Node Type": "Hash",
                                                        "Parent Relationship": "Inner",
                                                        "Parallel Aware": false,
                                                        "Startup Cost": 2081.86,
                                                        "Total Cost": 2081.86,
                                                        "Plan Rows": 135086,
                                                        "Plan Width": 12,
                                                        "Actual Startup Time": 101.55,
                                                        "Actual Total Time": 101.553,
                                                        "Actual Rows": 135086,
                                                        "Actual Loops": 5,
                                                        "Hash Buckets": 262144,
                                                        "Original Hash Buckets": 262144,
                                                        "Hash Batches": 1,
                                                        "Original Hash Batches": 1,
                                                        "Peak Memory Usage": 7853,
                                                        "Plans": [
                                                          {
                                                            "Node Type": "Seq Scan",
                                                            "Parent Relationship": "Outer",
                                                            "Parallel Aware": false,
                                                            "Relation Name": "complete_cast",
                                                            "Alias": "cc",
                                                            "Startup Cost": 0.0,
                                                            "Total Cost": 2081.86,
                                                            "Plan Rows": 135086,
                                                            "Plan Width": 12,
                                                            "Actual Startup Time": 0.078,
                                                            "Actual Total Time": 37.732,
                                                            "Actual Rows": 135086,
                                                            "Actual Loops": 5
                                                          }
                                                        ]
                                                      }
                                                    ]
                                                  },
                                                  {
                                                    "Node Type": "Hash",
                                                    "Parent Relationship": "Inner",
                                                    "Parallel Aware": false,
                                                    "Startup Cost": 1.05,
                                                    "Total Cost": 1.05,
                                                    "Plan Rows": 1,
                                                    "Plan Width": 4,
                                                    "Actual Startup Time": 0.032,
                                                    "Actual Total Time": 0.035,
                                                    "Actual Rows": 1,
                                                    "Actual Loops": 5,
                                                    "Hash Buckets": 1024,
                                                    "Original Hash Buckets": 1024,
                                                    "Hash Batches": 1,
                                                    "Original Hash Batches": 1,
                                                    "Peak Memory Usage": 9,
                                                    "Plans": [
                                                      {
                                                        "Node Type": "Seq Scan",
                                                        "Parent Relationship": "Outer",
                                                        "Parallel Aware": false,
                                                        "Relation Name": "comp_cast_type",
                                                        "Alias": "cct1",
                                                        "Startup Cost": 0.0,
                                                        "Total Cost": 1.05,
                                                        "Plan Rows": 1,
                                                        "Plan Width": 4,
                                                        "Actual Startup Time": 0.02,
                                                        "Actual Total Time": 0.022,
                                                        "Actual Rows": 1,
                                                        "Actual Loops": 5,
                                                        "Filter": "((kind)::text = 'cast'::text)",
                                                        "Rows Removed by Filter": 3
                                                      }
                                                    ]
                                                  }
                                                ]
                                              },
                                              {
                                                "Node Type": "Hash",
                                                "Parent Relationship": "Inner",
                                                "Parallel Aware": false,
                                                "Startup Cost": 3632.4,
                                                "Total Cost": 3632.4,
                                                "Plan Rows": 8,
                                                "Plan Width": 4,
                                                "Actual Startup Time": 51.253,
                                                "Actual Total Time": 51.256,
                                                "Actual Rows": 8,
                                                "Actual Loops": 5,
                                                "Hash Buckets": 1024,
                                                "Original Hash Buckets": 1024,
                                                "Hash Batches": 1,
                                                "Original Hash Batches": 1,
                                                "Peak Memory Usage": 9,
                                                "Plans": [
                                                  {
                                                    "Node Type": "Seq Scan",
                                                    "Parent Relationship": "Outer",
                                                    "Parallel Aware": false,
                                                    "Relation Name": "keyword",
                                                    "Alias": "k",
                                                    "Startup Cost": 0.0,
                                                    "Total Cost": 3632.4,
                                                    "Plan Rows": 8,
                                                    "Plan Width": 4,
                                                    "Actual Startup Time": 0.339,
                                                    "Actual Total Time": 51.226,
                                                    "Actual Rows": 8,
                                                    "Actual Loops": 5,
                                                    "Filter": "(keyword = ANY ('{superhero,sequel,second-part,marvel-comics,based-on-comic,tv-special,fight,violence}'::text[]))",
                                                    "Rows Removed by Filter": 134162
                                                  }
                                                ]
                                              }
                                            ]
                                          },
                                          {
                                            "Node Type": "Hash",
                                            "Parent Relationship": "Inner",
                                            "Parallel Aware": false,
                                            "Startup Cost": 1.05,
                                            "Total Cost": 1.05,
                                            "Plan Rows": 1,
                                            "Plan Width": 4,
                                            "Actual Startup Time": 0.124,
                                            "Actual Total Time": 0.126,
                                            "Actual Rows": 2,
                                            "Actual Loops": 5,
                                            "Hash Buckets": 1024,
                                            "Original Hash Buckets": 1024,
                                            "Hash Batches": 1,
                                            "Original Hash Batches": 1,
                                            "Peak Memory Usage": 9,
                                            "Plans": [
                                              {
                                                "Node Type": "Seq Scan",
                                                "Parent Relationship": "Outer",
                                                "Parallel Aware": false,
                                                "Relation Name": "comp_cast_type",
                                                "Alias": "cct2",
                                                "Startup Cost": 0.0,
                                                "Total Cost": 1.05,
                                                "Plan Rows": 1,
                                                "Plan Width": 4,
                                                "Actual Startup Time": 0.096,
                                                "Actual Total Time": 0.099,
                                                "Actual Rows": 2,
                                                "Actual Loops": 5,
                                                "Filter": "((kind)::text ~~ '%complete%'::text)",
                                                "Rows Removed by Filter": 2
                                              }
                                            ]
                                          }
                                        ]
                                      }
                                    ]
                                  }
                                ]
                              }
                            ]
                          }
                        ]
                      }
                    ]
                  }
                ]
              }
            ]
          }
        ]
      }
    ]
  },
  "Planning Time": 19.929,
  "Triggers": [],
  "Execution Time": 37355.33
}