{
  "Plan": {
    "Node Type": "Aggregate",
    "Strategy": "Plain",
    "Partial Mode": "Simple",
    "Parallel Aware": false,
    "Startup Cost": 533507.97,
    "Total Cost": 533507.98,
    "Plan Rows": 1,
    "Plan Width": 32,
    "Actual Startup Time": 2703.309,
    "Actual Total Time": 2703.635,
    "Actual Rows": 1,
    "Actual Loops": 1,
    "Plans": [
      {
        "Node Type": "Nested Loop",
        "Parent Relationship": "Outer",
        "Parallel Aware": false,
        "Join Type": "Inner",
        "Startup Cost": 453273.94,
        "Total Cost": 533507.97,
        "Plan Rows": 1,
        "Plan Width": 17,
        "Actual Startup Time": 2555.311,
        "Actual Total Time": 2703.619,
        "Actual Rows": 17,
        "Actual Loops": 1,
        "Inner Unique": false,
        "Join Filter": "(cc.status_id = cct2.id)",
        "Rows Removed by Join Filter": 17,
        "Plans": [
          {
            "Node Type": "Seq Scan",
            "Parent Relationship": "Outer",
            "Parallel Aware": false,
            "Relation Name": "comp_cast_type",
            "Alias": "cct2",
            "Startup Cost": 0.0,
            "Total Cost": 1.05,
            "Plan Rows": 1,
            "Plan Width": 4,
            "Actual Startup Time": 0.012,
            "Actual Total Time": 0.016,
            "Actual Rows": 2,
            "Actual Loops": 1,
            "Filter": "((kind)::text ~~ '%complete%'::text)",
            "Rows Removed by Filter": 2
          },
          {
            "Node Type": "Nested Loop",
            "Parent Relationship": "Inner",
            "Parallel Aware": false,
            "Join Type": "Inner",
            "Startup Cost": 453273.94,
            "Total Cost": 533506.9,
            "Plan Rows": 1,
            "Plan Width": 21,
            "Actual Startup Time": 1277.692,
            "Actual Total Time": 1351.793,
            "Actual Rows": 17,
            "Actual Loops": 2,
            "Inner Unique": false,
            "Join Filter": "(t.kind_id = kt.id)",
            "Rows Removed by Join Filter": 0,
            "Plans": [
              {
                "Node Type": "Seq Scan",
                "Parent Relationship": "Outer",
                "Parallel Aware": false,
                "Relation Name": "kind_type",
                "Alias": "kt",
                "Startup Cost": 0.0,
                "Total Cost": 1.09,
                "Plan Rows": 1,
                "Plan Width": 4,
                "Actual Startup Time": 0.004,
                "Actual Total Time": 0.007,
                "Actual Rows": 1,
                "Actual Loops": 2,
                "Filter": "((kind)::text = 'movie'::text)",
                "Rows Removed by Filter": 6
              },
              {
                "Node Type": "Nested Loop",
                "Parent Relationship": "Inner",
                "Parallel Aware": false,
                "Join Type": "Inner",
                "Startup Cost": 453273.94,
                "Total Cost": 533505.8,
                "Plan Rows": 1,
                "Plan Width": 25,
                "Actual Startup Time": 1277.685,
                "Actual Total Time": 1351.781,
                "Actual Rows": 17,
                "Actual Loops": 2,
                "Inner Unique": false,
                "Join Filter": "(mk.keyword_id = k.id)",
                "Rows Removed by Join Filter": 5567,
                "Plans": [
                  {
                    "Node Type": "Seq Scan",
                    "Parent Relationship": "Outer",
                    "Parallel Aware": false,
                    "Relation Name": "keyword",
                    "Alias": "k",
                    "Startup Cost": 0.0,
                    "Total Cost": 3632.4,
                    "Plan Rows": 8,
                    "Plan Width": 4,
                    "Actual Startup Time": 0.125,
                    "Actual Total Time": 19.921,
                    "Actual Rows": 8,
                    "Actual Loops": 2,
                    "Filter": "(keyword = ANY ('{superhero,sequel,second-part,marvel-comics,based-on-comic,tv-special,fight,violence}'::text[]))",
                    "Rows Removed by Filter": 134162
                  },
                  {
                    "Node Type": "Materialize",
                    "Parent Relationship": "Inner",
                    "Parallel Aware": false,
                    "Startup Cost": 453273.94,
                    "Total Cost": 529873.29,
                    "Plan Rows": 1,
                    "Plan Width": 29,
                    "Actual Startup Time": 159.689,
                    "Actual Total Time": 166.449,
                    "Actual Rows": 698,
                    "Actual Loops": 16,
                    "Plans": [
                      {
                        "Node Type": "Nested Loop",
                        "Parent Relationship": "Outer",
                        "Parallel Aware": false,
                        "Join Type": "Inner",
                        "Startup Cost": 453273.94,
                        "Total Cost": 529873.28,
                        "Plan Rows": 1,
                        "Plan Width": 29,
                        "Actual Startup Time": 2555.005,
                        "Actual Total Time": 2662.598,
                        "Actual Rows": 698,
                        "Actual Loops": 1,
                        "Inner Unique": false,
                        "Join Filter": "(cc.subject_id = cct1.id)",
                        "Rows Removed by Join Filter": 0,
                        "Plans": [
                          {
                            "Node Type": "Seq Scan",
                            "Parent Relationship": "Outer",
                            "Parallel Aware": false,
                            "Relation Name": "comp_cast_type",
                            "Alias": "cct1",
                            "Startup Cost": 0.0,
                            "Total Cost": 1.05,
                            "Plan Rows": 1,
                            "Plan Width": 4,
                            "Actual Startup Time": 0.009,
                            "Actual Total Time": 0.013,
                            "Actual Rows": 1,
                            "Actual Loops": 1,
                            "Filter": "((kind)::text = 'cast'::text)",
                            "Rows Removed by Filter": 3
                          },
                          {
                            "Node Type": "Hash Join",
                            "Parent Relationship": "Inner",
                            "Parallel Aware": false,
                            "Join Type": "Inner",
                            "Startup Cost": 453273.94,
                            "Total Cost": 529872.22,
                            "Plan Rows": 1,
                            "Plan Width": 33,
                            "Actual Startup Time": 2554.992,
                            "Actual Total Time": 2662.519,
                            "Actual Rows": 698,
                            "Actual Loops": 1,
                            "Inner Unique": false,
                            "Hash Cond": "(t.id = mk.movie_id)",
                            "Plans": [
                              {
                                "Node Type": "Seq Scan",
                                "Parent Relationship": "Outer",
                                "Parallel Aware": false,
                                "Relation Name": "title",
                                "Alias": "t",
                                "Startup Cost": 0.0,
                                "Total Cost": 67604.36,
                                "Plan Rows": 2398376,
                                "Plan Width": 25,
                                "Actual Startup Time": 0.03,
                                "Actual Total Time": 311.94,
                                "Actual Rows": 2388876,
                                "Actual Loops": 1,
                                "Filter": "(production_year < 2013)",
                                "Rows Removed by Filter": 139436
                              },
                              {
                                "Node Type": "Hash",
                                "Parent Relationship": "Inner",
                                "Parallel Aware": false,
                                "Startup Cost": 453273.92,
                                "Total Cost": 453273.92,
                                "Plan Rows": 1,
                                "Plan Width": 24,
                                "Actual Startup Time": 2229.933,
                                "Actual Total Time": 2230.254,
                                "Actual Rows": 698,
                                "Actual Loops": 1,
                                "Hash Buckets": 1024,
                                "Original Hash Buckets": 1024,
                                "Hash Batches": 1,
                                "Original Hash Batches": 1,
                                "Peak Memory Usage": 47,
                                "Plans": [
                                  {
                                    "Node Type": "Nested Loop",
                                    "Parent Relationship": "Outer",
                                    "Parallel Aware": false,
                                    "Join Type": "Inner",
                                    "Startup Cost": 402625.25,
                                    "Total Cost": 453273.92,
                                    "Plan Rows": 1,
                                    "Plan Width": 24,
                                    "Actual Startup Time": 2229.546,
                                    "Actual Total Time": 2230.111,
                                    "Actual Rows": 698,
                                    "Actual Loops": 1,
                                    "Inner Unique": false,
                                    "Plans": [
                                      {
                                        "Node Type": "Hash Join",
                                        "Parent Relationship": "Outer",
                                        "Parallel Aware": false,
                                        "Join Type": "Inner",
                                        "Startup Cost": 402624.81,
                                        "Total Cost": 453272.22,
                                        "Plan Rows": 1,
                                        "Plan Width": 16,
                                        "Actual Startup Time": 2229.466,
                                        "Actual Total Time": 2229.815,
                                        "Actual Rows": 4,
                                        "Actual Loops": 1,
                                        "Inner Unique": false,
                                        "Hash Cond": "(chn.id = ci.person_role_id)",
                                        "Plans": [
                                          {
                                            "Node Type": "Gather",
                                            "Parent Relationship": "Outer",
                                            "Parallel Aware": false,
                                            "Startup Cost": 1000.0,
                                            "Total Cost": 51249.4,
                                            "Plan Rows": 628,
                                            "Plan Width": 4,
                                            "Actual Startup Time": 23.665,
                                            "Actual Total Time": 23.802,
                                            "Actual Rows": 30,
                                            "Actual Loops": 1,
                                            "Workers Planned": 4,
                                            "Workers Launched": 4,
                                            "Single Copy": false,
                                            "Plans": [
                                              {
                                                "Node Type": "Seq Scan",
                                                "Parent Relationship": "Outer",
                                                "Parallel Aware": true,
                                                "Relation Name": "char_name",
                                                "Alias": "chn",
                                                "Startup Cost": 0.0,
                                                "Total Cost": 50186.6,
                                                "Plan Rows": 157,
                                                "Plan Width": 4,
                                                "Actual Startup Time": 26.016,
                                                "Actual Total Time": 234.173,
                                                "Actual Rows": 6,
                                                "Actual Loops": 5,
                                                "Filter": "((name !~~ '%Sherlock%'::text) AND ((name ~~ '%Tony%Stark%'::text) OR (name ~~ '%Iron%Man%'::text)))",
                                                "Rows Removed by Filter": 628062
                                              }
                                            ]
                                          },
                                          {
                                            "Node Type": "Hash",
                                            "Parent Relationship": "Inner",
                                            "Parallel Aware": false,
                                            "Startup Cost": 401618.5,
                                            "Total Cost": 401618.5,
                                            "Plan Rows": 505,
                                            "Plan Width": 20,
                                            "Actual Startup Time": 2205.768,
                                            "Actual Total Time": 2205.973,
                                            "Actual Rows": 103,
                                            "Actual Loops": 1,
                                            "Hash Buckets": 1024,
                                            "Original Hash Buckets": 1024,
                                            "Hash Batches": 1,
                                            "Original Hash Batches": 1,
                                            "Peak Memory Usage": 14,
                                            "Plans": [
                                              {
                                                "Node Type": "Hash Join",
                                                "Parent Relationship": "Outer",
                                                "Parallel Aware": false,
                                                "Join Type": "Inner",
                                                "Startup Cost": 399025.02,
                                                "Total Cost": 401618.5,
                                                "Plan Rows": 505,
                                                "Plan Width": 20,
                                                "Actual Startup Time": 2187.814,
                                                "Actual Total Time": 2205.918,
                                                "Actual Rows": 109,
                                                "Actual Loops": 1,
                                                "Inner Unique": false,
                                                "Hash Cond": "(cc.movie_id = ci.movie_id)",
                                                "Plans": [
                                                  {
                                                    "Node Type": "Seq Scan",
                                                    "Parent Relationship": "Outer",
                                                    "Parallel Aware": false,
                                                    "Relation Name": "complete_cast",
                                                    "Alias": "cc",
                                                    "Startup Cost": 0.0,
                                                    "Total Cost": 2081.86,
                                                    "Plan Rows": 135086,
                                                    "Plan Width": 12,
                                                    "Actual Startup Time": 0.049,
                                                    "Actual Total Time": 9.73,
                                                    "Actual Rows": 135086,
                                                    "Actual Loops": 1
                                                  },
                                                  {
                                                    "Node Type": "Hash",
                                                    "Parent Relationship": "Inner",
                                                    "Parallel Aware": false,
                                                    "Startup Cost": 398979.67,
                                                    "Total Cost": 398979.67,
                                                    "Plan Rows": 3628,
                                                    "Plan Width": 8,
                                                    "Actual Startup Time": 2187.678,
                                                    "Actual Total Time": 2187.88,
                                                    "Actual Rows": 486,
                                                    "Actual Loops": 1,
                                                    "Hash Buckets": 4096,
                                                    "Original Hash Buckets": 4096,
                                                    "Hash Batches": 1,
                                                    "Original Hash Batches": 1,
                                                    "Peak Memory Usage": 51,
                                                    "Plans": [
                                                      {
                                                        "Node Type": "Gather",
                                                        "Parent Relationship": "Outer",
                                                        "Parallel Aware": false,
                                                        "Startup Cost": 69637.35,
                                                        "Total Cost": 398979.67,
                                                        "Plan Rows": 3628,
                                                        "Plan Width": 8,
                                                        "Actual Startup Time": 440.041,
                                                        "Actual Total Time": 2187.722,
                                                        "Actual Rows": 486,
                                                        "Actual Loops": 1,
                                                        "Workers Planned": 6,
                                                        "Workers Launched": 3,
                                                        "Single Copy": false,
                                                        "Plans": [
                                                          {
                                                            "Node Type": "Hash Join",
                                                            "Parent Relationship": "Outer",
                                                            "Parallel Aware": true,
                                                            "Join Type": "Inner",
                                                            "Startup Cost": 68637.35,
                                                            "Total Cost": 397616.87,
                                                            "Plan Rows": 605,
                                                            "Plan Width": 8,
                                                            "Actual Startup Time": 431.717,
                                                            "Actual Total Time": 2179.127,
                                                            "Actual Rows": 122,
                                                            "Actual Loops": 4,
                                                            "Inner Unique": true,
                                                            "Hash Cond": "(ci.person_id = n.id)",
                                                            "Plans": [
                                                              {
                                                                "Node Type": "Seq Scan",
                                                                "Parent Relationship": "Outer",
                                                                "Parallel Aware": true,
                                                                "Relation Name": "cast_info",
                                                                "Alias": "ci",
                                                                "Startup Cost": 0.0,
                                                                "Total Cost": 313116.71,
                                                                "Plan Rows": 6042971,
                                                                "Plan Width": 12,
                                                                "Actual Startup Time": 0.014,
                                                                "Actual Total Time": 1162.509,
                                                                "Actual Rows": 9061086,
                                                                "Actual Loops": 4
                                                              },
                                                              {
                                                                "Node Type": "Hash",
                                                                "Parent Relationship": "Inner",
                                                                "Parallel Aware": true,
                                                                "Startup Cost": 68636.05,
                                                                "Total Cost": 68636.05,
                                                                "Plan Rows": 104,
                                                                "Plan Width": 4,
                                                                "Actual Startup Time": 246.589,
                                                                "Actual Total Time": 246.59,
                                                                "Actual Rows": 0,
                                                                "Actual Loops": 4,
                                                                "Hash Buckets": 1024,
                                                                "Original Hash Buckets": 1024,
                                                                "Hash Batches": 1,
                                                                "Original Hash Batches": 1,
                                                                "Peak Memory Usage": 72,
                                                                "Plans": [
                                                                  {
                                                                    "Node Type": "Seq Scan",
                                                                    "Parent Relationship": "Outer",
                                                                    "Parallel Aware": true,
                                                                    "Relation Name": "name",
                                                                    "Alias": "n",
                                                                    "Startup Cost": 0.0,
                                                                    "Total Cost": 68636.05,
                                                                    "Plan Rows": 104,
                                                                    "Plan Width": 4,
                                                                    "Actual Startup Time": 139.932,
                                                                    "Actual Total Time": 246.443,
                                                                    "Actual Rows": 0,
                                                                    "Actual Loops": 4,
                                                                    "Filter": "(name ~~ '%Downey%Robert%'::text)",
                                                                    "Rows Removed by Filter": 1041872
                                                                  }
                                                                ]
                                                              }
                                                            ]
                                                          }
                                                        ]
                                                      }
                                                    ]
                                                  }
                                                ]
                                              }
                                            ]
                                          }
                                        ]
                                      },
                                      {
                                        "Node Type": "Index Scan",
                                        "Parent Relationship": "Inner",
                                        "Parallel Aware": false,
                                        "Scan Direction": "Forward",
                                        "Index Name": "movie_id_movie_keyword",
                                        "Relation Name": "movie_keyword",
                                        "Alias": "mk",
                                        "Startup Cost": 0.43,
                                        "Total Cost": 1.24,
                                        "Plan Rows": 46,
                                        "Plan Width": 8,
                                        "Actual Startup Time": 0.035,
                                        "Actual Total Time": 0.056,
                                        "Actual Rows": 174,
                                        "Actual Loops": 4,
                                        "Index Cond": "(movie_id = ci.movie_id)",
                                        "Rows Removed by Index Recheck": 0
                                      }
                                    ]
                                  }
                                ]
                              }
                            ]
                          }
                        ]
                      }
                    ]
                  }
                ]
              }
            ]
          }
        ]
      }
    ]
  },
  "Planning Time": 27.38,
  "Triggers": [],
  "Execution Time": 2704.115
}