[
  {
    "Plan": {
      "Node Type": "Aggregate",
      "Strategy": "Plain",
      "Partial Mode": "Finalize",
      "Parallel Aware": false,
      "Startup Cost": 334886.9,
      "Total Cost": 334886.91,
      "Plan Rows": 1,
      "Plan Width": 8,
      "Actual Startup Time": 633.843,
      "Actual Total Time": 693.83,
      "Actual Rows": 1,
      "Actual Loops": 1,
      "Plans": [
        {
          "Node Type": "Gather",
          "Parent Relationship": "Outer",
          "Parallel Aware": false,
          "Startup Cost": 334886.27,
          "Total Cost": 334886.88,
          "Plan Rows": 6,
          "Plan Width": 8,
          "Actual Startup Time": 633.712,
          "Actual Total Time": 693.819,
          "Actual Rows": 7,
          "Actual Loops": 1,
          "Workers Planned": 6,
          "Workers Launched": 6,
          "Single Copy": false,
          "Plans": [
            {
              "Node Type": "Aggregate",
              "Strategy": "Plain",
              "Partial Mode": "Partial",
              "Parent Relationship": "Outer",
              "Parallel Aware": false,
              "Startup Cost": 333886.27,
              "Total Cost": 333886.28,
              "Plan Rows": 1,
              "Plan Width": 8,
              "Actual Startup Time": 623.527,
              "Actual Total Time": 623.528,
              "Actual Rows": 1,
              "Actual Loops": 7,
              "Plans": [
                {
                  "Node Type": "Seq Scan",
                  "Parent Relationship": "Outer",
                  "Parallel Aware": true,
                  "Relation Name": "cast_info",
                  "Alias": "ci",
                  "Startup Cost": 0.0,
                  "Total Cost": 328162.03,
                  "Plan Rows": 2289698,
                  "Plan Width": 0,
                  "Actual Startup Time": 240.136,
                  "Actual Total Time": 547.448,
                  "Actual Rows": 1958863,
                  "Actual Loops": 7,
                  "Filter": "(person_id > 2298801)",
                  "Rows Removed by Filter": 3218901
                }
              ]
            }
          ]
        }
      ]
    },
    "Planning Time": 0.172,
    "Triggers": [],
    "Execution Time": 693.897
  }
]