{
  "Plan": {
    "Node Type": "Aggregate",
    "Strategy": "Plain",
    "Partial Mode": "Finalize",
    "Parallel Aware": false,
    "Startup Cost": 125531.55,
    "Total Cost": 125531.56,
    "Plan Rows": 1,
    "Plan Width": 8,
    "Actual Startup Time": 499.797,
    "Actual Total Time": 517.345,
    "Actual Rows": 1,
    "Actual Loops": 1,
    "Plans": [
      {
        "Node Type": "Gather",
        "Parent Relationship": "Outer",
        "Parallel Aware": false,
        "Startup Cost": 125531.44,
        "Total Cost": 125531.55,
        "Plan Rows": 1,
        "Plan Width": 8,
        "Actual Startup Time": 499.107,
        "Actual Total Time": 517.337,
        "Actual Rows": 2,
        "Actual Loops": 1,
        "Workers Planned": 1,
        "Workers Launched": 1,
        "Single Copy": false,
        "Plans": [
          {
            "Node Type": "Aggregate",
            "Strategy": "Plain",
            "Partial Mode": "Partial",
            "Parent Relationship": "Outer",
            "Parallel Aware": false,
            "Startup Cost": 124531.44,
            "Total Cost": 124531.45,
            "Plan Rows": 1,
            "Plan Width": 8,
            "Actual Startup Time": 493.399,
            "Actual Total Time": 493.402,
            "Actual Rows": 1,
            "Actual Loops": 2,
            "Plans": [
              {
                "Node Type": "Hash Join",
                "Parent Relationship": "Outer",
                "Parallel Aware": true,
                "Join Type": "Inner",
                "Startup Cost": 60973.79,
                "Total Cost": 123829.43,
                "Plan Rows": 280805,
                "Plan Width": 0,
                "Actual Startup Time": 179.54,
                "Actual Total Time": 491.619,
                "Actual Rows": 45725,
                "Actual Loops": 2,
                "Inner Unique": true,
                "Hash Cond": "(mk.movie_id = t.id)",
                "Plans": [
                  {
                    "Node Type": "Seq Scan",
                    "Parent Relationship": "Outer",
                    "Parallel Aware": true,
                    "Relation Name": "movie_keyword",
                    "Alias": "mk",
                    "Startup Cost": 0.0,
                    "Total Cost": 57718.19,
                    "Plan Rows": 1957118,
                    "Plan Width": 4,
                    "Actual Startup Time": 0.015,
                    "Actual Total Time": 190.418,
                    "Actual Rows": 1661852,
                    "Actual Loops": 2,
                    "Filter": "(keyword_id < 15321)",
                    "Rows Removed by Filter": 600112
                  },
                  {
                    "Node Type": "Hash",
                    "Parent Relationship": "Inner",
                    "Parallel Aware": true,
                    "Startup Cost": 58306.47,
                    "Total Cost": 58306.47,
                    "Plan Rows": 213386,
                    "Plan Width": 4,
                    "Actual Startup Time": 173.828,
                    "Actual Total Time": 173.829,
                    "Actual Rows": 126883,
                    "Actual Loops": 2,
                    "Hash Buckets": 524288,
                    "Original Hash Buckets": 524288,
                    "Hash Batches": 1,
                    "Original Hash Batches": 1,
                    "Peak Memory Usage": 14048,
                    "Plans": [
                      {
                        "Node Type": "Seq Scan",
                        "Parent Relationship": "Outer",
                        "Parallel Aware": true,
                        "Relation Name": "title",
                        "Alias": "t",
                        "Startup Cost": 0.0,
                        "Total Cost": 58306.47,
                        "Plan Rows": 213386,
                        "Plan Width": 4,
                        "Actual Startup Time": 0.034,
                        "Actual Total Time": 142.439,
                        "Actual Rows": 126883,
                        "Actual Loops": 2,
                        "Filter": "((production_year < 1986) AND (kind_id = 7))",
                        "Rows Removed by Filter": 1137273
                      }
                    ]
                  }
                ]
              }
            ]
          }
        ]
      }
    ]
  },
  "Planning Time": 0.62,
  "Triggers": [],
  "Execution Time": 517.468
}