[
  {
    "Plan": {
      "Node Type": "Aggregate",
      "Strategy": "Plain",
      "Partial Mode": "Finalize",
      "Parallel Aware": false,
      "Startup Cost": 341865.67,
      "Total Cost": 341865.68,
      "Plan Rows": 1,
      "Plan Width": 8,
      "Actual Startup Time": 855.482,
      "Actual Total Time": 911.911,
      "Actual Rows": 1,
      "Actual Loops": 1,
      "Plans": [
        {
          "Node Type": "Gather",
          "Parent Relationship": "Outer",
          "Parallel Aware": false,
          "Startup Cost": 341865.05,
          "Total Cost": 341865.66,
          "Plan Rows": 6,
          "Plan Width": 8,
          "Actual Startup Time": 855.397,
          "Actual Total Time": 911.9,
          "Actual Rows": 7,
          "Actual Loops": 1,
          "Workers Planned": 6,
          "Workers Launched": 6,
          "Single Copy": false,
          "Plans": [
            {
              "Node Type": "Aggregate",
              "Strategy": "Plain",
              "Partial Mode": "Partial",
              "Parent Relationship": "Outer",
              "Parallel Aware": false,
              "Startup Cost": 340865.05,
              "Total Cost": 340865.06,
              "Plan Rows": 1,
              "Plan Width": 8,
              "Actual Startup Time": 847.401,
              "Actual Total Time": 847.402,
              "Actual Rows": 1,
              "Actual Loops": 7,
              "Plans": [
                {
                  "Node Type": "Seq Scan",
                  "Parent Relationship": "Outer",
                  "Parallel Aware": true,
                  "Relation Name": "cast_info",
                  "Alias": "ci",
                  "Startup Cost": 0.0,
                  "Total Cost": 328162.03,
                  "Plan Rows": 5081208,
                  "Plan Width": 0,
                  "Actual Startup Time": 76.141,
                  "Actual Total Time": 656.186,
                  "Actual Rows": 4337035,
                  "Actual Loops": 7,
                  "Filter": "(person_id > 569717)",
                  "Rows Removed by Filter": 840729
                }
              ]
            }
          ]
        }
      ]
    },
    "Planning Time": 0.198,
    "Triggers": [],
    "Execution Time": 911.985
  }
]