[
  {
    "Plan": {
      "Node Type": "Aggregate",
      "Strategy": "Plain",
      "Partial Mode": "Finalize",
      "Parallel Aware": false,
      "Startup Cost": 337799.9,
      "Total Cost": 337799.91,
      "Plan Rows": 1,
      "Plan Width": 8,
      "Actual Startup Time": 736.727,
      "Actual Total Time": 811.649,
      "Actual Rows": 1,
      "Actual Loops": 1,
      "Plans": [
        {
          "Node Type": "Gather",
          "Parent Relationship": "Outer",
          "Parallel Aware": false,
          "Startup Cost": 337799.28,
          "Total Cost": 337799.89,
          "Plan Rows": 6,
          "Plan Width": 8,
          "Actual Startup Time": 736.621,
          "Actual Total Time": 811.638,
          "Actual Rows": 7,
          "Actual Loops": 1,
          "Workers Planned": 6,
          "Workers Launched": 6,
          "Single Copy": false,
          "Plans": [
            {
              "Node Type": "Aggregate",
              "Strategy": "Plain",
              "Partial Mode": "Partial",
              "Parent Relationship": "Outer",
              "Parallel Aware": false,
              "Startup Cost": 336799.28,
              "Total Cost": 336799.29,
              "Plan Rows": 1,
              "Plan Width": 8,
              "Actual Startup Time": 729.19,
              "Actual Total Time": 729.191,
              "Actual Rows": 1,
              "Actual Loops": 7,
              "Plans": [
                {
                  "Node Type": "Seq Scan",
                  "Parent Relationship": "Outer",
                  "Parallel Aware": true,
                  "Relation Name": "cast_info",
                  "Alias": "ci",
                  "Startup Cost": 0.0,
                  "Total Cost": 328162.03,
                  "Plan Rows": 3454901,
                  "Plan Width": 0,
                  "Actual Startup Time": 167.937,
                  "Actual Total Time": 604.422,
                  "Actual Rows": 2969088,
                  "Actual Loops": 7,
                  "Filter": "(person_id > 1524024)",
                  "Rows Removed by Filter": 2208676
                }
              ]
            }
          ]
        }
      ]
    },
    "Planning Time": 0.202,
    "Triggers": [],
    "Execution Time": 811.725
  }
]