[
  {
    "Plan": {
      "Node Type": "Aggregate",
      "Strategy": "Plain",
      "Partial Mode": "Finalize",
      "Parallel Aware": false,
      "Startup Cost": 78773.38,
      "Total Cost": 78773.39,
      "Plan Rows": 1,
      "Plan Width": 8,
      "Actual Startup Time": 186.212,
      "Actual Total Time": 202.888,
      "Actual Rows": 1,
      "Actual Loops": 1,
      "Plans": [
        {
          "Node Type": "Gather",
          "Parent Relationship": "Outer",
          "Parallel Aware": false,
          "Startup Cost": 78773.06,
          "Total Cost": 78773.37,
          "Plan Rows": 3,
          "Plan Width": 8,
          "Actual Startup Time": 185.42,
          "Actual Total Time": 202.879,
          "Actual Rows": 4,
          "Actual Loops": 1,
          "Workers Planned": 3,
          "Workers Launched": 3,
          "Single Copy": false,
          "Plans": [
            {
              "Node Type": "Aggregate",
              "Strategy": "Plain",
              "Partial Mode": "Partial",
              "Parent Relationship": "Outer",
              "Parallel Aware": false,
              "Startup Cost": 77773.06,
              "Total Cost": 77773.07,
              "Plan Rows": 1,
              "Plan Width": 8,
              "Actual Startup Time": 180.445,
              "Actual Total Time": 180.449,
              "Actual Rows": 1,
              "Actual Loops": 4,
              "Plans": [
                {
                  "Node Type": "Hash Join",
                  "Parent Relationship": "Outer",
                  "Parallel Aware": true,
                  "Join Type": "Inner",
                  "Startup Cost": 45769.94,
                  "Total Cost": 77753.17,
                  "Plan Rows": 7957,
                  "Plan Width": 0,
                  "Actual Startup Time": 133.559,
                  "Actual Total Time": 180.248,
                  "Actual Rows": 3593,
                  "Actual Loops": 4,
                  "Inner Unique": true,
                  "Hash Cond": "(mc.movie_id = t.id)",
                  "Plans": [
                    {
                      "Node Type": "Seq Scan",
                      "Parent Relationship": "Outer",
                      "Parallel Aware": true,
                      "Relation Name": "movie_companies",
                      "Alias": "mc",
                      "Startup Cost": 0.0,
                      "Total Cost": 31414.82,
                      "Plan Rows": 216540,
                      "Plan Width": 4,
                      "Actual Startup Time": 31.745,
                      "Actual Total Time": 62.439,
                      "Actual Rows": 108036,
                      "Actual Loops": 4,
                      "Filter": "((company_id < 11387) AND (company_type_id = 2))",
                      "Rows Removed by Filter": 544246
                    },
                    {
                      "Node Type": "Hash",
                      "Parent Relationship": "Inner",
                      "Parallel Aware": true,
                      "Startup Cost": 45479.59,
                      "Total Cost": 45479.59,
                      "Plan Rows": 23228,
                      "Plan Width": 4,
                      "Actual Startup Time": 100.985,
                      "Actual Total Time": 100.986,
                      "Actual Rows": 25148,
                      "Actual Loops": 4,
                      "Hash Buckets": 131072,
                      "Original Hash Buckets": 131072,
                      "Hash Batches": 1,
                      "Original Hash Batches": 1,
                      "Peak Memory Usage": 5024,
                      "Plans": [
                        {
                          "Node Type": "Seq Scan",
                          "Parent Relationship": "Outer",
                          "Parallel Aware": true,
                          "Relation Name": "title",
                          "Alias": "t",
                          "Startup Cost": 0.0,
                          "Total Cost": 45479.59,
                          "Plan Rows": 23228,
                          "Plan Width": 4,
                          "Actual Startup Time": 0.042,
                          "Actual Total Time": 91.169,
                          "Actual Rows": 25148,
                          "Actual Loops": 4,
                          "Filter": "((kind_id > 1) AND (production_year = 2009))",
                          "Rows Removed by Filter": 606930
                        }
                      ]
                    }
                  ]
                }
              ]
            }
          ]
        }
      ]
    },
    "Planning Time": 0.542,
    "Triggers": [],
    "Execution Time": 202.92
  }
]