[
  {
    "Plan": {
      "Node Type": "Aggregate",
      "Strategy": "Plain",
      "Partial Mode": "Finalize",
      "Parallel Aware": false,
      "Startup Cost": 45112.5,
      "Total Cost": 45112.51,
      "Plan Rows": 1,
      "Plan Width": 8,
      "Actual Startup Time": 150.034,
      "Actual Total Time": 158.827,
      "Actual Rows": 1,
      "Actual Loops": 1,
      "Plans": [
        {
          "Node Type": "Gather",
          "Parent Relationship": "Outer",
          "Parallel Aware": false,
          "Startup Cost": 45112.18,
          "Total Cost": 45112.49,
          "Plan Rows": 3,
          "Plan Width": 8,
          "Actual Startup Time": 149.909,
          "Actual Total Time": 158.818,
          "Actual Rows": 4,
          "Actual Loops": 1,
          "Workers Planned": 3,
          "Workers Launched": 3,
          "Single Copy": false,
          "Plans": [
            {
              "Node Type": "Aggregate",
              "Strategy": "Plain",
              "Partial Mode": "Partial",
              "Parent Relationship": "Outer",
              "Parallel Aware": false,
              "Startup Cost": 44112.18,
              "Total Cost": 44112.19,
              "Plan Rows": 1,
              "Plan Width": 8,
              "Actual Startup Time": 141.47,
              "Actual Total Time": 141.471,
              "Actual Rows": 1,
              "Actual Loops": 4,
              "Plans": [
                {
                  "Node Type": "Seq Scan",
                  "Parent Relationship": "Outer",
                  "Parallel Aware": true,
                  "Relation Name": "movie_keyword",
                  "Alias": "mk",
                  "Startup Cost": 0.0,
                  "Total Cost": 42695.65,
                  "Plan Rows": 566610,
                  "Plan Width": 0,
                  "Actual Startup Time": 1.168,
                  "Actual Total Time": 118.867,
                  "Actual Rows": 439333,
                  "Actual Loops": 4,
                  "Filter": "(keyword_id > 7885)",
                  "Rows Removed by Filter": 691650
                }
              ]
            }
          ]
        }
      ]
    },
    "Planning Time": 0.155,
    "Triggers": [],
    "Execution Time": 158.877
  }
]