[
  {
    "Plan": {
      "Node Type": "Aggregate",
      "Strategy": "Plain",
      "Partial Mode": "Finalize",
      "Parallel Aware": false,
      "Startup Cost": 370953.83,
      "Total Cost": 370953.84,
      "Plan Rows": 1,
      "Plan Width": 8,
      "Actual Startup Time": 720.141,
      "Actual Total Time": 744.672,
      "Actual Rows": 1,
      "Actual Loops": 1,
      "Plans": [
        {
          "Node Type": "Gather",
          "Parent Relationship": "Outer",
          "Parallel Aware": false,
          "Startup Cost": 370953.2,
          "Total Cost": 370953.81,
          "Plan Rows": 6,
          "Plan Width": 8,
          "Actual Startup Time": 698.098,
          "Actual Total Time": 744.641,
          "Actual Rows": 7,
          "Actual Loops": 1,
          "Workers Planned": 6,
          "Workers Launched": 6,
          "Single Copy": false,
          "Plans": [
            {
              "Node Type": "Aggregate",
              "Strategy": "Plain",
              "Partial Mode": "Partial",
              "Parent Relationship": "Outer",
              "Parallel Aware": false,
              "Startup Cost": 369953.2,
              "Total Cost": 369953.21,
              "Plan Rows": 1,
              "Plan Width": 8,
              "Actual Startup Time": 684.867,
              "Actual Total Time": 684.873,
              "Actual Rows": 1,
              "Actual Loops": 7,
              "Plans": [
                {
                  "Node Type": "Hash Join",
                  "Parent Relationship": "Outer",
                  "Parallel Aware": true,
                  "Join Type": "Inner",
                  "Startup Cost": 109672.4,
                  "Total Cost": 369557.17,
                  "Plan Rows": 158411,
                  "Plan Width": 0,
                  "Actual Startup Time": 415.046,
                  "Actual Total Time": 669.939,
                  "Actual Rows": 288716,
                  "Actual Loops": 7,
                  "Inner Unique": true,
                  "Hash Cond": "(ci.movie_id = t.id)",
                  "Plans": [
                    {
                      "Node Type": "Bitmap Heap Scan",
                      "Parent Relationship": "Outer",
                      "Parallel Aware": true,
                      "Relation Name": "cast_info",
                      "Alias": "ci",
                      "Startup Cost": 59452.02,
                      "Total Cost": 318920.96,
                      "Plan Rows": 158411,
                      "Plan Width": 4,
                      "Actual Startup Time": 156.029,
                      "Actual Total Time": 259.915,
                      "Actual Rows": 288716,
                      "Actual Loops": 7,
                      "Recheck Cond": "(person_id < 271075)",
                      "Rows Removed by Index Recheck": 0,
                      "Filter": "(role_id < 2)",
                      "Rows Removed by Filter": 112964,
                      "Exact Heap Blocks": 6069,
                      "Lossy Heap Blocks": 0,
                      "Plans": [
                        {
                          "Node Type": "Bitmap Index Scan",
                          "Parent Relationship": "Outer",
                          "Parallel Aware": false,
                          "Index Name": "person_id_cast_info",
                          "Startup Cost": 0.0,
                          "Total Cost": 59214.4,
                          "Plan Rows": 2712778,
                          "Plan Width": 0,
                          "Actual Startup Time": 148.138,
                          "Actual Total Time": 148.142,
                          "Actual Rows": 2811763,
                          "Actual Loops": 1,
                          "Index Cond": "(person_id < 271075)"
                        }
                      ]
                    },
                    {
                      "Node Type": "Hash",
                      "Parent Relationship": "Inner",
                      "Parallel Aware": true,
                      "Startup Cost": 42319.06,
                      "Total Cost": 42319.06,
                      "Plan Rows": 632106,
                      "Plan Width": 4,
                      "Actual Startup Time": 254.524,
                      "Actual Total Time": 254.526,
                      "Actual Rows": 361187,
                      "Actual Loops": 7,
                      "Hash Buckets": 4194304,
                      "Original Hash Buckets": 4194304,
                      "Hash Batches": 1,
                      "Original Hash Batches": 1,
                      "Peak Memory Usage": 131808,
                      "Plans": [
                        {
                          "Node Type": "Seq Scan",
                          "Parent Relationship": "Outer",
                          "Parallel Aware": true,
                          "Relation Name": "title",
                          "Alias": "t",
                          "Startup Cost": 0.0,
                          "Total Cost": 42319.06,
                          "Plan Rows": 632106,
                          "Plan Width": 4,
                          "Actual Startup Time": 0.051,
                          "Actual Total Time": 76.672,
                          "Actual Rows": 361187,
                          "Actual Loops": 7
                        }
                      ]
                    }
                  ]
                }
              ]
            }
          ]
        }
      ]
    },
    "Planning Time": 0.222,
    "Triggers": [],
    "Execution Time": 744.716
  }
]