[
  {
    "Plan": {
      "Node Type": "Aggregate",
      "Strategy": "Plain",
      "Partial Mode": "Finalize",
      "Parallel Aware": false,
      "Startup Cost": 90380.68,
      "Total Cost": 90380.69,
      "Plan Rows": 1,
      "Plan Width": 8,
      "Actual Startup Time": 218.048,
      "Actual Total Time": 228.306,
      "Actual Rows": 1,
      "Actual Loops": 1,
      "Plans": [
        {
          "Node Type": "Gather",
          "Parent Relationship": "Outer",
          "Parallel Aware": false,
          "Startup Cost": 90380.36,
          "Total Cost": 90380.67,
          "Plan Rows": 3,
          "Plan Width": 8,
          "Actual Startup Time": 217.385,
          "Actual Total Time": 228.298,
          "Actual Rows": 4,
          "Actual Loops": 1,
          "Workers Planned": 3,
          "Workers Launched": 3,
          "Single Copy": false,
          "Plans": [
            {
              "Node Type": "Aggregate",
              "Strategy": "Plain",
              "Partial Mode": "Partial",
              "Parent Relationship": "Outer",
              "Parallel Aware": false,
              "Startup Cost": 89380.36,
              "Total Cost": 89380.37,
              "Plan Rows": 1,
              "Plan Width": 8,
              "Actual Startup Time": 209.768,
              "Actual Total Time": 209.771,
              "Actual Rows": 1,
              "Actual Loops": 4,
              "Plans": [
                {
                  "Node Type": "Hash Join",
                  "Parent Relationship": "Outer",
                  "Parallel Aware": true,
                  "Join Type": "Inner",
                  "Startup Cost": 45729.12,
                  "Total Cost": 89352.42,
                  "Plan Rows": 11178,
                  "Plan Width": 0,
                  "Actual Startup Time": 98.704,
                  "Actual Total Time": 209.412,
                  "Actual Rows": 5948,
                  "Actual Loops": 4,
                  "Inner Unique": true,
                  "Hash Cond": "(mk.movie_id = t.id)",
                  "Plans": [
                    {
                      "Node Type": "Seq Scan",
                      "Parent Relationship": "Outer",
                      "Parallel Aware": true,
                      "Relation Name": "movie_keyword",
                      "Alias": "mk",
                      "Startup Cost": 0.0,
                      "Total Cost": 42695.65,
                      "Plan Rows": 353389,
                      "Plan Width": 4,
                      "Actual Startup Time": 0.011,
                      "Actual Total Time": 85.095,
                      "Actual Rows": 275672,
                      "Actual Loops": 4,
                      "Filter": "(keyword_id < 1135)",
                      "Rows Removed by Filter": 855311
                    },
                    {
                      "Node Type": "Hash",
                      "Parent Relationship": "Inner",
                      "Parallel Aware": true,
                      "Startup Cost": 45479.21,
                      "Total Cost": 45479.21,
                      "Plan Rows": 19993,
                      "Plan Width": 4,
                      "Actual Startup Time": 96.937,
                      "Actual Total Time": 96.938,
                      "Actual Rows": 23078,
                      "Actual Loops": 4,
                      "Hash Buckets": 131072,
                      "Original Hash Buckets": 131072,
                      "Hash Batches": 1,
                      "Original Hash Batches": 1,
                      "Peak Memory Usage": 4704,
                      "Plans": [
                        {
                          "Node Type": "Seq Scan",
                          "Parent Relationship": "Outer",
                          "Parallel Aware": true,
                          "Relation Name": "title",
                          "Alias": "t",
                          "Startup Cost": 0.0,
                          "Total Cost": 45479.21,
                          "Plan Rows": 19993,
                          "Plan Width": 4,
                          "Actual Startup Time": 0.051,
                          "Actual Total Time": 87.33,
                          "Actual Rows": 23078,
                          "Actual Loops": 4,
                          "Filter": "((kind_id > 1) AND (production_year = 2006))",
                          "Rows Removed by Filter": 609000
                        }
                      ]
                    }
                  ]
                }
              ]
            }
          ]
        }
      ]
    },
    "Planning Time": 0.443,
    "Triggers": [],
    "Execution Time": 228.358
  }
]