[
  {
    "Plan": {
      "Node Type": "Aggregate",
      "Strategy": "Plain",
      "Partial Mode": "Finalize",
      "Parallel Aware": false,
      "Startup Cost": 92190.46,
      "Total Cost": 92190.47,
      "Plan Rows": 1,
      "Plan Width": 8,
      "Actual Startup Time": 377.912,
      "Actual Total Time": 393.542,
      "Actual Rows": 1,
      "Actual Loops": 1,
      "Plans": [
        {
          "Node Type": "Gather",
          "Parent Relationship": "Outer",
          "Parallel Aware": false,
          "Startup Cost": 92190.15,
          "Total Cost": 92190.46,
          "Plan Rows": 3,
          "Plan Width": 8,
          "Actual Startup Time": 373.532,
          "Actual Total Time": 393.531,
          "Actual Rows": 4,
          "Actual Loops": 1,
          "Workers Planned": 3,
          "Workers Launched": 3,
          "Single Copy": false,
          "Plans": [
            {
              "Node Type": "Aggregate",
              "Strategy": "Plain",
              "Partial Mode": "Partial",
              "Parent Relationship": "Outer",
              "Parallel Aware": false,
              "Startup Cost": 91190.15,
              "Total Cost": 91190.16,
              "Plan Rows": 1,
              "Plan Width": 8,
              "Actual Startup Time": 361.044,
              "Actual Total Time": 361.047,
              "Actual Rows": 1,
              "Actual Loops": 4,
              "Plans": [
                {
                  "Node Type": "Hash Join",
                  "Parent Relationship": "Outer",
                  "Parallel Aware": true,
                  "Join Type": "Inner",
                  "Startup Cost": 47399.97,
                  "Total Cost": 90865.32,
                  "Plan Rows": 129931,
                  "Plan Width": 0,
                  "Actual Startup Time": 222.127,
                  "Actual Total Time": 358.051,
                  "Actual Rows": 69008,
                  "Actual Loops": 4,
                  "Inner Unique": true,
                  "Hash Cond": "(mk.movie_id = t.id)",
                  "Plans": [
                    {
                      "Node Type": "Seq Scan",
                      "Parent Relationship": "Outer",
                      "Parallel Aware": true,
                      "Relation Name": "movie_keyword",
                      "Alias": "mk",
                      "Startup Cost": 0.0,
                      "Total Cost": 42695.65,
                      "Plan Rows": 293219,
                      "Plan Width": 4,
                      "Actual Startup Time": 0.025,
                      "Actual Total Time": 89.851,
                      "Actual Rows": 229430,
                      "Actual Loops": 4,
                      "Filter": "(keyword_id < 869)",
                      "Rows Removed by Filter": 901553
                    },
                    {
                      "Node Type": "Hash",
                      "Parent Relationship": "Inner",
                      "Parallel Aware": true,
                      "Startup Cost": 43898.92,
                      "Total Cost": 43898.92,
                      "Plan Rows": 280084,
                      "Plan Width": 4,
                      "Actual Startup Time": 214.551,
                      "Actual Total Time": 214.552,
                      "Actual Rows": 276981,
                      "Actual Loops": 4,
                      "Hash Buckets": 2097152,
                      "Original Hash Buckets": 2097152,
                      "Hash Batches": 1,
                      "Original Hash Batches": 1,
                      "Peak Memory Usage": 59808,
                      "Plans": [
                        {
                          "Node Type": "Seq Scan",
                          "Parent Relationship": "Outer",
                          "Parallel Aware": true,
                          "Relation Name": "title",
                          "Alias": "t",
                          "Startup Cost": 0.0,
                          "Total Cost": 43898.92,
                          "Plan Rows": 280084,
                          "Plan Width": 4,
                          "Actual Startup Time": 0.042,
                          "Actual Total Time": 105.018,
                          "Actual Rows": 276981,
                          "Actual Loops": 4,
                          "Filter": "(production_year > 2004)",
                          "Rows Removed by Filter": 355097
                        }
                      ]
                    }
                  ]
                }
              ]
            }
          ]
        }
      ]
    },
    "Planning Time": 0.577,
    "Triggers": [],
    "Execution Time": 393.605
  }
]