[
    {
        "Bao": {
            "Bao prediction": "NaN",
            "Bao recommended hint": "(no hint)"
        }
    },
    {
        "Plan": {
            "Node Type": "Aggregate",
            "Strategy": "Plain",
            "Partial Mode": "Finalize",
            "Parallel Aware": false,
            "Startup Cost": 40584.83,
            "Total Cost": 40584.84,
            "Plan Rows": 1,
            "Plan Width": 8,
            "Actual Startup Time": 140.408,
            "Actual Total Time": 147.146,
            "Actual Rows": 1,
            "Actual Loops": 1,
            "Output": [
                "count(*)"
            ],
            "Plans": [
                {
                    "Node Type": "Gather",
                    "Parent Relationship": "Outer",
                    "Parallel Aware": false,
                    "Startup Cost": 40584.51,
                    "Total Cost": 40584.82,
                    "Plan Rows": 3,
                    "Plan Width": 8,
                    "Actual Startup Time": 140.112,
                    "Actual Total Time": 147.138,
                    "Actual Rows": 4,
                    "Actual Loops": 1,
                    "Output": [
                        "(PARTIAL count(*))"
                    ],
                    "Workers Planned": 3,
                    "Workers Launched": 3,
                    "Single Copy": false,
                    "Plans": [
                        {
                            "Node Type": "Aggregate",
                            "Strategy": "Plain",
                            "Partial Mode": "Partial",
                            "Parent Relationship": "Outer",
                            "Parallel Aware": false,
                            "Startup Cost": 39584.51,
                            "Total Cost": 39584.52,
                            "Plan Rows": 1,
                            "Plan Width": 8,
                            "Actual Startup Time": 131.221,
                            "Actual Total Time": 131.223,
                            "Actual Rows": 1,
                            "Actual Loops": 4,
                            "Output": [
                                "PARTIAL count(*)"
                            ],
                            "Workers": [
                                {
                                    "Worker Number": 0,
                                    "Actual Startup Time": 128.149,
                                    "Actual Total Time": 128.15,
                                    "Actual Rows": 1,
                                    "Actual Loops": 1
                                },
                                {
                                    "Worker Number": 1,
                                    "Actual Startup Time": 128.02,
                                    "Actual Total Time": 128.021,
                                    "Actual Rows": 1,
                                    "Actual Loops": 1
                                },
                                {
                                    "Worker Number": 2,
                                    "Actual Startup Time": 129.04,
                                    "Actual Total Time": 129.041,
                                    "Actual Rows": 1,
                                    "Actual Loops": 1
                                }
                            ],
                            "Plans": [
                                {
                                    "Node Type": "Bitmap Heap Scan",
                                    "Parent Relationship": "Outer",
                                    "Parallel Aware": true,
                                    "Relation Name": "movie_keyword",
                                    "Schema": "public",
                                    "Alias": "mk",
                                    "Startup Cost": 12320.74,
                                    "Total Cost": 39116.21,
                                    "Plan Rows": 187318,
                                    "Plan Width": 0,
                                    "Actual Startup Time": 49.828,
                                    "Actual Total Time": 123.203,
                                    "Actual Rows": 143900,
                                    "Actual Loops": 4,
                                    "Recheck Cond": "(mk.keyword_id > 31866)",
                                    "Rows Removed by Index Recheck": 0,
                                    "Exact Heap Blocks": 10091,
                                    "Lossy Heap Blocks": 0,
                                    "Workers": [
                                        {
                                            "Worker Number": 0,
                                            "Actual Startup Time": 46.85,
                                            "Actual Total Time": 120.895,
                                            "Actual Rows": 109904,
                                            "Actual Loops": 1
                                        },
                                        {
                                            "Worker Number": 1,
                                            "Actual Startup Time": 46.811,
                                            "Actual Total Time": 121.153,
                                            "Actual Rows": 104993,
                                            "Actual Loops": 1
                                        },
                                        {
                                            "Worker Number": 2,
                                            "Actual Startup Time": 47.74,
                                            "Actual Total Time": 121.716,
                                            "Actual Rows": 111536,
                                            "Actual Loops": 1
                                        }
                                    ],
                                    "Plans": [
                                        {
                                            "Node Type": "Bitmap Index Scan",
                                            "Parent Relationship": "Outer",
                                            "Parallel Aware": false,
                                            "Index Name": "keyword_id_movie_keyword",
                                            "Startup Cost": 0.0,
                                            "Total Cost": 12175.57,
                                            "Plan Rows": 580685,
                                            "Plan Width": 0,
                                            "Actual Startup Time": 54.555,
                                            "Actual Total Time": 54.556,
                                            "Actual Rows": 575599,
                                            "Actual Loops": 1,
                                            "Index Cond": "(mk.keyword_id > 31866)"
                                        }
                                    ]
                                }
                            ]
                        }
                    ]
                }
            ]
        },
        "Planning Time": 175.114,
        "Triggers": [],
        "Execution Time": 147.228
    }
]