[
  {
    "Plan": {
      "Node Type": "Aggregate",
      "Strategy": "Plain",
      "Partial Mode": "Finalize",
      "Parallel Aware": false,
      "Startup Cost": 80026.04,
      "Total Cost": 80026.05,
      "Plan Rows": 1,
      "Plan Width": 8,
      "Actual Startup Time": 472.791,
      "Actual Total Time": 491.279,
      "Actual Rows": 1,
      "Actual Loops": 1,
      "Plans": [
        {
          "Node Type": "Gather",
          "Parent Relationship": "Outer",
          "Parallel Aware": false,
          "Startup Cost": 80025.72,
          "Total Cost": 80026.03,
          "Plan Rows": 3,
          "Plan Width": 8,
          "Actual Startup Time": 463.699,
          "Actual Total Time": 491.262,
          "Actual Rows": 4,
          "Actual Loops": 1,
          "Workers Planned": 3,
          "Workers Launched": 3,
          "Single Copy": false,
          "Plans": [
            {
              "Node Type": "Aggregate",
              "Strategy": "Plain",
              "Partial Mode": "Partial",
              "Parent Relationship": "Outer",
              "Parallel Aware": false,
              "Startup Cost": 79025.72,
              "Total Cost": 79025.73,
              "Plan Rows": 1,
              "Plan Width": 8,
              "Actual Startup Time": 445.162,
              "Actual Total Time": 445.165,
              "Actual Rows": 1,
              "Actual Loops": 4,
              "Plans": [
                {
                  "Node Type": "Hash Join",
                  "Parent Relationship": "Outer",
                  "Parallel Aware": true,
                  "Join Type": "Inner",
                  "Startup Cost": 58154.19,
                  "Total Cost": 78730.47,
                  "Plan Rows": 118101,
                  "Plan Width": 0,
                  "Actual Startup Time": 381.569,
                  "Actual Total Time": 440.732,
                  "Actual Rows": 90868,
                  "Actual Loops": 4,
                  "Inner Unique": true,
                  "Hash Cond": "(mc.movie_id = t.id)",
                  "Plans": [
                    {
                      "Node Type": "Bitmap Heap Scan",
                      "Parent Relationship": "Outer",
                      "Parallel Aware": true,
                      "Relation Name": "movie_companies",
                      "Alias": "mc",
                      "Startup Cost": 7933.81,
                      "Total Cost": 28200.07,
                      "Plan Rows": 118101,
                      "Plan Width": 4,
                      "Actual Startup Time": 17.001,
                      "Actual Total Time": 35.664,
                      "Actual Rows": 90868,
                      "Actual Loops": 4,
                      "Recheck Cond": "(company_id > 86362)",
                      "Rows Removed by Index Recheck": 0,
                      "Exact Heap Blocks": 1449,
                      "Lossy Heap Blocks": 0,
                      "Plans": [
                        {
                          "Node Type": "Bitmap Index Scan",
                          "Parent Relationship": "Outer",
                          "Parallel Aware": false,
                          "Index Name": "company_id_movie_companies",
                          "Startup Cost": 0.0,
                          "Total Cost": 7842.28,
                          "Plan Rows": 366113,
                          "Plan Width": 0,
                          "Actual Startup Time": 16.169,
                          "Actual Total Time": 16.17,
                          "Actual Rows": 363471,
                          "Actual Loops": 1,
                          "Index Cond": "(company_id > 86362)"
                        }
                      ]
                    },
                    {
                      "Node Type": "Hash",
                      "Parent Relationship": "Inner",
                      "Parallel Aware": true,
                      "Startup Cost": 42319.06,
                      "Total Cost": 42319.06,
                      "Plan Rows": 632106,
                      "Plan Width": 4,
                      "Actual Startup Time": 352.862,
                      "Actual Total Time": 352.863,
                      "Actual Rows": 632078,
                      "Actual Loops": 4,
                      "Hash Buckets": 4194304,
                      "Original Hash Buckets": 4194304,
                      "Hash Batches": 1,
                      "Original Hash Batches": 1,
                      "Peak Memory Usage": 131744,
                      "Plans": [
                        {
                          "Node Type": "Seq Scan",
                          "Parent Relationship": "Outer",
                          "Parallel Aware": true,
                          "Relation Name": "title",
                          "Alias": "t",
                          "Startup Cost": 0.0,
                          "Total Cost": 42319.06,
                          "Plan Rows": 632106,
                          "Plan Width": 4,
                          "Actual Startup Time": 0.051,
                          "Actual Total Time": 101.213,
                          "Actual Rows": 632078,
                          "Actual Loops": 4
                        }
                      ]
                    }
                  ]
                }
              ]
            }
          ]
        }
      ]
    },
    "Planning Time": 0.687,
    "Triggers": [],
    "Execution Time": 491.374
  }
]