[
  {
    "Plan": {
      "Node Type": "Aggregate",
      "Strategy": "Plain",
      "Partial Mode": "Finalize",
      "Parallel Aware": false,
      "Startup Cost": 33425.97,
      "Total Cost": 33425.98,
      "Plan Rows": 1,
      "Plan Width": 8,
      "Actual Startup Time": 87.796,
      "Actual Total Time": 96.019,
      "Actual Rows": 1,
      "Actual Loops": 1,
      "Plans": [
        {
          "Node Type": "Gather",
          "Parent Relationship": "Outer",
          "Parallel Aware": false,
          "Startup Cost": 33425.66,
          "Total Cost": 33425.97,
          "Plan Rows": 3,
          "Plan Width": 8,
          "Actual Startup Time": 87.698,
          "Actual Total Time": 96.008,
          "Actual Rows": 4,
          "Actual Loops": 1,
          "Workers Planned": 3,
          "Workers Launched": 3,
          "Single Copy": false,
          "Plans": [
            {
              "Node Type": "Aggregate",
              "Strategy": "Plain",
              "Partial Mode": "Partial",
              "Parent Relationship": "Outer",
              "Parallel Aware": false,
              "Startup Cost": 32425.66,
              "Total Cost": 32425.67,
              "Plan Rows": 1,
              "Plan Width": 8,
              "Actual Startup Time": 84.313,
              "Actual Total Time": 84.314,
              "Actual Rows": 1,
              "Actual Loops": 4,
              "Plans": [
                {
                  "Node Type": "Seq Scan",
                  "Parent Relationship": "Outer",
                  "Parallel Aware": true,
                  "Relation Name": "movie_companies",
                  "Alias": "mc",
                  "Startup Cost": 0.0,
                  "Total Cost": 31414.82,
                  "Plan Rows": 404335,
                  "Plan Width": 0,
                  "Actual Startup Time": 0.014,
                  "Actual Total Time": 70.579,
                  "Actual Rows": 318562,
                  "Actual Loops": 4,
                  "Filter": "((company_id < 195386) AND (company_type_id < 2))",
                  "Rows Removed by Filter": 333721
                }
              ]
            }
          ]
        }
      ]
    },
    "Planning Time": 0.125,
    "Triggers": [],
    "Execution Time": 96.051
  }
]