{
  "Plan": {
    "Node Type": "Aggregate",
    "Strategy": "Plain",
    "Partial Mode": "Finalize",
    "Parallel Aware": false,
    "Startup Cost": 96028.07,
    "Total Cost": 96028.08,
    "Plan Rows": 1,
    "Plan Width": 8,
    "Actual Startup Time": 283.012,
    "Actual Total Time": 296.44,
    "Actual Rows": 1,
    "Actual Loops": 1,
    "Plans": [
      {
        "Node Type": "Gather",
        "Parent Relationship": "Outer",
        "Parallel Aware": false,
        "Startup Cost": 96027.96,
        "Total Cost": 96028.07,
        "Plan Rows": 1,
        "Plan Width": 8,
        "Actual Startup Time": 282.608,
        "Actual Total Time": 296.432,
        "Actual Rows": 2,
        "Actual Loops": 1,
        "Workers Planned": 1,
        "Workers Launched": 1,
        "Single Copy": false,
        "Plans": [
          {
            "Node Type": "Aggregate",
            "Strategy": "Plain",
            "Partial Mode": "Partial",
            "Parent Relationship": "Outer",
            "Parallel Aware": false,
            "Startup Cost": 95027.96,
            "Total Cost": 95027.97,
            "Plan Rows": 1,
            "Plan Width": 8,
            "Actual Startup Time": 276.585,
            "Actual Total Time": 276.59,
            "Actual Rows": 1,
            "Actual Loops": 2,
            "Plans": [
              {
                "Node Type": "Hash Join",
                "Parent Relationship": "Outer",
                "Parallel Aware": true,
                "Join Type": "Inner",
                "Startup Cost": 61137.89,
                "Total Cost": 95005.38,
                "Plan Rows": 9032,
                "Plan Width": 0,
                "Actual Startup Time": 128.197,
                "Actual Total Time": 276.051,
                "Actual Rows": 8550,
                "Actual Loops": 2,
                "Inner Unique": true,
                "Hash Cond": "(mk.movie_id = t.id)",
                "Plans": [
                  {
                    "Node Type": "Bitmap Heap Scan",
                    "Parent Relationship": "Outer",
                    "Parallel Aware": true,
                    "Relation Name": "movie_keyword",
                    "Alias": "mk",
                    "Startup Cost": 22444.28,
                    "Total Cost": 54678.02,
                    "Plan Rows": 622379,
                    "Plan Width": 4,
                    "Actual Startup Time": 54.92,
                    "Actual Total Time": 153.345,
                    "Actual Rows": 532242,
                    "Actual Loops": 2,
                    "Recheck Cond": "(keyword_id < 1064)",
                    "Rows Removed by Index Recheck": 0,
                    "Exact Heap Blocks": 14384,
                    "Lossy Heap Blocks": 0,
                    "Plans": [
                      {
                        "Node Type": "Bitmap Index Scan",
                        "Parent Relationship": "Outer",
                        "Parallel Aware": false,
                        "Index Name": "keyword_id_movie_keyword",
                        "Startup Cost": 0.0,
                        "Total Cost": 22179.77,
                        "Plan Rows": 1058045,
                        "Plan Width": 0,
                        "Actual Startup Time": 51.199,
                        "Actual Total Time": 51.2,
                        "Actual Rows": 1064484,
                        "Actual Loops": 1,
                        "Index Cond": "(keyword_id < 1064)"
                      }
                    ]
                  },
                  {
                    "Node Type": "Hash",
                    "Parent Relationship": "Inner",
                    "Parallel Aware": true,
                    "Startup Cost": 38423.84,
                    "Total Cost": 38423.84,
                    "Plan Rows": 21582,
                    "Plan Width": 4,
                    "Actual Startup Time": 71.84,
                    "Actual Total Time": 71.841,
                    "Actual Rows": 16960,
                    "Actual Loops": 2,
                    "Hash Buckets": 65536,
                    "Original Hash Buckets": 65536,
                    "Hash Batches": 1,
                    "Original Hash Batches": 1,
                    "Peak Memory Usage": 1888,
                    "Plans": [
                      {
                        "Node Type": "Bitmap Heap Scan",
                        "Parent Relationship": "Outer",
                        "Parallel Aware": true,
                        "Relation Name": "title",
                        "Alias": "t",
                        "Startup Cost": 1625.71,
                        "Total Cost": 38423.84,
                        "Plan Rows": 21582,
                        "Plan Width": 4,
                        "Actual Startup Time": 21.941,
                        "Actual Total Time": 67.55,
                        "Actual Rows": 16960,
                        "Actual Loops": 2,
                        "Recheck Cond": "(kind_id = 2)",
                        "Rows Removed by Index Recheck": 0,
                        "Filter": "(production_year > 2005)",
                        "Rows Removed by Filter": 28466,
                        "Exact Heap Blocks": 20619,
                        "Lossy Heap Blocks": 0,
                        "Plans": [
                          {
                            "Node Type": "Bitmap Index Scan",
                            "Parent Relationship": "Outer",
                            "Parallel Aware": false,
                            "Index Name": "kind_id_title",
                            "Startup Cost": 0.0,
                            "Total Cost": 1616.54,
                            "Plan Rows": 90681,
                            "Plan Width": 0,
                            "Actual Startup Time": 19.028,
                            "Actual Total Time": 19.029,
                            "Actual Rows": 90852,
                            "Actual Loops": 1,
                            "Index Cond": "(kind_id = 2)"
                          }
                        ]
                      }
                    ]
                  }
                ]
              }
            ]
          }
        ]
      }
    ]
  },
  "Planning Time": 0.522,
  "Triggers": [],
  "Execution Time": 296.548
}