[
    {
        "Bao": {
            "Bao prediction": "NaN",
            "Bao recommended hint": "(no hint)"
        }
    },
    {
        "Plan": {
            "Node Type": "Aggregate",
            "Strategy": "Plain",
            "Partial Mode": "Finalize",
            "Parallel Aware": false,
            "Startup Cost": 223929.93,
            "Total Cost": 223929.94,
            "Plan Rows": 1,
            "Plan Width": 8,
            "Actual Startup Time": 260.132,
            "Actual Total Time": 268.692,
            "Actual Rows": 1,
            "Actual Loops": 1,
            "Output": [
                "count(*)"
            ],
            "Plans": [
                {
                    "Node Type": "Gather",
                    "Parent Relationship": "Outer",
                    "Parallel Aware": false,
                    "Startup Cost": 223929.4,
                    "Total Cost": 223929.91,
                    "Plan Rows": 5,
                    "Plan Width": 8,
                    "Actual Startup Time": 251.927,
                    "Actual Total Time": 268.683,
                    "Actual Rows": 6,
                    "Actual Loops": 1,
                    "Output": [
                        "(PARTIAL count(*))"
                    ],
                    "Workers Planned": 5,
                    "Workers Launched": 5,
                    "Single Copy": false,
                    "Plans": [
                        {
                            "Node Type": "Aggregate",
                            "Strategy": "Plain",
                            "Partial Mode": "Partial",
                            "Parent Relationship": "Outer",
                            "Parallel Aware": false,
                            "Startup Cost": 222929.4,
                            "Total Cost": 222929.41,
                            "Plan Rows": 1,
                            "Plan Width": 8,
                            "Actual Startup Time": 240.697,
                            "Actual Total Time": 240.701,
                            "Actual Rows": 1,
                            "Actual Loops": 6,
                            "Output": [
                                "PARTIAL count(*)"
                            ],
                            "Workers": [
                                {
                                    "Worker Number": 0,
                                    "Actual Startup Time": 239.523,
                                    "Actual Total Time": 239.526,
                                    "Actual Rows": 1,
                                    "Actual Loops": 1
                                },
                                {
                                    "Worker Number": 1,
                                    "Actual Startup Time": 238.303,
                                    "Actual Total Time": 238.306,
                                    "Actual Rows": 1,
                                    "Actual Loops": 1
                                },
                                {
                                    "Worker Number": 2,
                                    "Actual Startup Time": 238.295,
                                    "Actual Total Time": 238.299,
                                    "Actual Rows": 1,
                                    "Actual Loops": 1
                                },
                                {
                                    "Worker Number": 3,
                                    "Actual Startup Time": 238.297,
                                    "Actual Total Time": 238.3,
                                    "Actual Rows": 1,
                                    "Actual Loops": 1
                                },
                                {
                                    "Worker Number": 4,
                                    "Actual Startup Time": 238.416,
                                    "Actual Total Time": 238.419,
                                    "Actual Rows": 1,
                                    "Actual Loops": 1
                                }
                            ],
                            "Plans": [
                                {
                                    "Node Type": "Hash Join",
                                    "Parent Relationship": "Outer",
                                    "Parallel Aware": true,
                                    "Join Type": "Inner",
                                    "Startup Cost": 53525.74,
                                    "Total Cost": 222875.67,
                                    "Plan Rows": 21493,
                                    "Plan Width": 0,
                                    "Actual Startup Time": 217.806,
                                    "Actual Total Time": 240.123,
                                    "Actual Rows": 7064,
                                    "Actual Loops": 6,
                                    "Inner Unique": true,
                                    "Hash Cond": "(mi.movie_id = t.id)",
                                    "Workers": [
                                        {
                                            "Worker Number": 0,
                                            "Actual Startup Time": 215.601,
                                            "Actual Total Time": 238.959,
                                            "Actual Rows": 6357,
                                            "Actual Loops": 1
                                        },
                                        {
                                            "Worker Number": 1,
                                            "Actual Startup Time": 215.478,
                                            "Actual Total Time": 237.731,
                                            "Actual Rows": 6982,
                                            "Actual Loops": 1
                                        },
                                        {
                                            "Worker Number": 2,
                                            "Actual Startup Time": 215.644,
                                            "Actual Total Time": 237.727,
                                            "Actual Rows": 6469,
                                            "Actual Loops": 1
                                        },
                                        {
                                            "Worker Number": 3,
                                            "Actual Startup Time": 215.671,
                                            "Actual Total Time": 237.778,
                                            "Actual Rows": 6036,
                                            "Actual Loops": 1
                                        },
                                        {
                                            "Worker Number": 4,
                                            "Actual Startup Time": 215.768,
                                            "Actual Total Time": 237.807,
                                            "Actual Rows": 7500,
                                            "Actual Loops": 1
                                        }
                                    ],
                                    "Plans": [
                                        {
                                            "Node Type": "Bitmap Heap Scan",
                                            "Parent Relationship": "Outer",
                                            "Parallel Aware": true,
                                            "Relation Name": "movie_info",
                                            "Schema": "public",
                                            "Alias": "mi",
                                            "Startup Cost": 3142.16,
                                            "Total Cost": 172401.2,
                                            "Plan Rows": 34625,
                                            "Plan Width": 4,
                                            "Actual Startup Time": 14.478,
                                            "Actual Total Time": 25.939,
                                            "Actual Rows": 30019,
                                            "Actual Loops": 6,
                                            "Output": [
                                                "mi.id",
                                                "mi.movie_id",
                                                "mi.info_type_id",
                                                "mi.info",
                                                "mi.note"
                                            ],
                                            "Recheck Cond": "(mi.info_type_id = 13)",
                                            "Rows Removed by Index Recheck": 0,
                                            "Exact Heap Blocks": 1324,
                                            "Lossy Heap Blocks": 0,
                                            "Workers": [
                                                {
                                                    "Worker Number": 0,
                                                    "Actual Startup Time": 14.468,
                                                    "Actual Total Time": 26.204,
                                                    "Actual Rows": 26392,
                                                    "Actual Loops": 1
                                                },
                                                {
                                                    "Worker Number": 1,
                                                    "Actual Startup Time": 14.499,
                                                    "Actual Total Time": 26.314,
                                                    "Actual Rows": 28158,
                                                    "Actual Loops": 1
                                                },
                                                {
                                                    "Worker Number": 2,
                                                    "Actual Startup Time": 14.487,
                                                    "Actual Total Time": 26.094,
                                                    "Actual Rows": 27187,
                                                    "Actual Loops": 1
                                                },
                                                {
                                                    "Worker Number": 3,
                                                    "Actual Startup Time": 14.523,
                                                    "Actual Total Time": 26.625,
                                                    "Actual Rows": 26606,
                                                    "Actual Loops": 1
                                                },
                                                {
                                                    "Worker Number": 4,
                                                    "Actual Startup Time": 14.475,
                                                    "Actual Total Time": 26.163,
                                                    "Actual Rows": 30540,
                                                    "Actual Loops": 1
                                                }
                                            ],
                                            "Plans": [
                                                {
                                                    "Node Type": "Bitmap Index Scan",
                                                    "Parent Relationship": "Outer",
                                                    "Parallel Aware": false,
                                                    "Index Name": "info_type_id_movie_info",
                                                    "Startup Cost": 0.0,
                                                    "Total Cost": 3098.88,
                                                    "Plan Rows": 173126,
                                                    "Plan Width": 0,
                                                    "Actual Startup Time": 13.243,
                                                    "Actual Total Time": 13.244,
                                                    "Actual Rows": 180112,
                                                    "Actual Loops": 1,
                                                    "Index Cond": "(mi.info_type_id = 13)",
                                                    "Workers": [
                                                        {
                                                            "Worker Number": 1,
                                                            "Actual Startup Time": 13.243,
                                                            "Actual Total Time": 13.244,
                                                            "Actual Rows": 180112,
                                                            "Actual Loops": 1
                                                        }
                                                    ]
                                                }
                                            ]
                                        },
                                        {
                                            "Node Type": "Hash",
                                            "Parent Relationship": "Inner",
                                            "Parallel Aware": true,
                                            "Startup Cost": 45479.21,
                                            "Total Cost": 45479.21,
                                            "Plan Rows": 392350,
                                            "Plan Width": 4,
                                            "Actual Startup Time": 198.654,
                                            "Actual Total Time": 198.655,
                                            "Actual Rows": 261206,
                                            "Actual Loops": 6,
                                            "Output": [
                                                "t.id"
                                            ],
                                            "Hash Buckets": 2097152,
                                            "Original Hash Buckets": 2097152,
                                            "Hash Batches": 1,
                                            "Original Hash Batches": 1,
                                            "Peak Memory Usage": 77792,
                                            "Workers": [
                                                {
                                                    "Worker Number": 0,
                                                    "Actual Startup Time": 200.436,
                                                    "Actual Total Time": 200.437,
                                                    "Actual Rows": 211073,
                                                    "Actual Loops": 1
                                                },
                                                {
                                                    "Worker Number": 1,
                                                    "Actual Startup Time": 200.552,
                                                    "Actual Total Time": 200.553,
                                                    "Actual Rows": 211775,
                                                    "Actual Loops": 1
                                                },
                                                {
                                                    "Worker Number": 2,
                                                    "Actual Startup Time": 200.484,
                                                    "Actual Total Time": 200.486,
                                                    "Actual Rows": 212592,
                                                    "Actual Loops": 1
                                                },
                                                {
                                                    "Worker Number": 3,
                                                    "Actual Startup Time": 200.517,
                                                    "Actual Total Time": 200.518,
                                                    "Actual Rows": 257957,
                                                    "Actual Loops": 1
                                                },
                                                {
                                                    "Worker Number": 4,
                                                    "Actual Startup Time": 200.69,
                                                    "Actual Total Time": 200.69,
                                                    "Actual Rows": 285063,
                                                    "Actual Loops": 1
                                                }
                                            ],
                                            "Plans": [
                                                {
                                                    "Node Type": "Seq Scan",
                                                    "Parent Relationship": "Outer",
                                                    "Parallel Aware": true,
                                                    "Relation Name": "title",
                                                    "Schema": "public",
                                                    "Alias": "t",
                                                    "Startup Cost": 0.0,
                                                    "Total Cost": 45479.21,
                                                    "Plan Rows": 392350,
                                                    "Plan Width": 4,
                                                    "Actual Startup Time": 0.036,
                                                    "Actual Total Time": 88.167,
                                                    "Actual Rows": 261206,
                                                    "Actual Loops": 6,
                                                    "Output": [
                                                        "t.id"
                                                    ],
                                                    "Filter": "((t.kind_id > 3) AND (t.production_year < 2013))",
                                                    "Rows Removed by Filter": 160179,
                                                    "Workers": [
                                                        {
                                                            "Worker Number": 0,
                                                            "Actual Startup Time": 0.039,
                                                            "Actual Total Time": 92.683,
                                                            "Actual Rows": 211073,
                                                            "Actual Loops": 1
                                                        },
                                                        {
                                                            "Worker Number": 1,
                                                            "Actual Startup Time": 0.039,
                                                            "Actual Total Time": 92.587,
                                                            "Actual Rows": 211775,
                                                            "Actual Loops": 1
                                                        },
                                                        {
                                                            "Worker Number": 2,
                                                            "Actual Startup Time": 0.053,
                                                            "Actual Total Time": 93.086,
                                                            "Actual Rows": 212592,
                                                            "Actual Loops": 1
                                                        },
                                                        {
                                                            "Worker Number": 3,
                                                            "Actual Startup Time": 0.027,
                                                            "Actual Total Time": 84.032,
                                                            "Actual Rows": 257957,
                                                            "Actual Loops": 1
                                                        },
                                                        {
                                                            "Worker Number": 4,
                                                            "Actual Startup Time": 0.043,
                                                            "Actual Total Time": 88.228,
                                                            "Actual Rows": 285063,
                                                            "Actual Loops": 1
                                                        }
                                                    ]
                                                }
                                            ]
                                        }
                                    ]
                                }
                            ]
                        }
                    ]
                }
            ]
        },
        "Planning Time": 211.018,
        "Triggers": [],
        "Execution Time": 268.78
    }
]