{
  "Plan": {
    "Node Type": "Aggregate",
    "Strategy": "Plain",
    "Partial Mode": "Finalize",
    "Parallel Aware": false,
    "Startup Cost": 145453.19,
    "Total Cost": 145453.2,
    "Plan Rows": 1,
    "Plan Width": 8,
    "Actual Startup Time": 1023.962,
    "Actual Total Time": 1042.667,
    "Actual Rows": 1,
    "Actual Loops": 1,
    "Plans": [
      {
        "Node Type": "Gather",
        "Parent Relationship": "Outer",
        "Parallel Aware": false,
        "Startup Cost": 145453.08,
        "Total Cost": 145453.19,
        "Plan Rows": 1,
        "Plan Width": 8,
        "Actual Startup Time": 1019.673,
        "Actual Total Time": 1042.655,
        "Actual Rows": 2,
        "Actual Loops": 1,
        "Workers Planned": 1,
        "Workers Launched": 1,
        "Single Copy": false,
        "Plans": [
          {
            "Node Type": "Aggregate",
            "Strategy": "Plain",
            "Partial Mode": "Partial",
            "Parent Relationship": "Outer",
            "Parallel Aware": false,
            "Startup Cost": 144453.08,
            "Total Cost": 144453.09,
            "Plan Rows": 1,
            "Plan Width": 8,
            "Actual Startup Time": 1014.417,
            "Actual Total Time": 1015.873,
            "Actual Rows": 1,
            "Actual Loops": 2,
            "Plans": [
              {
                "Node Type": "Hash Join",
                "Parent Relationship": "Outer",
                "Parallel Aware": true,
                "Join Type": "Inner",
                "Startup Cost": 82503.73,
                "Total Cost": 144084.13,
                "Plan Rows": 147579,
                "Plan Width": 0,
                "Actual Startup Time": 616.615,
                "Actual Total Time": 965.67,
                "Actual Rows": 1230490,
                "Actual Loops": 2,
                "Inner Unique": false,
                "Hash Cond": "(mk.movie_id = t.id)",
                "Plans": [
                  {
                    "Node Type": "Seq Scan",
                    "Parent Relationship": "Outer",
                    "Parallel Aware": true,
                    "Relation Name": "movie_keyword",
                    "Alias": "mk",
                    "Startup Cost": 0.0,
                    "Total Cost": 57718.19,
                    "Plan Rows": 798424,
                    "Plan Width": 4,
                    "Actual Startup Time": 1.346,
                    "Actual Total Time": 172.885,
                    "Actual Rows": 681499,
                    "Actual Loops": 2,
                    "Filter": "(keyword_id > 12297)",
                    "Rows Removed by Filter": 1580466
                  },
                  {
                    "Node Type": "Hash",
                    "Parent Relationship": "Inner",
                    "Parallel Aware": true,
                    "Startup Cost": 79067.5,
                    "Total Cost": 79067.5,
                    "Plan Rows": 274898,
                    "Plan Width": 8,
                    "Actual Startup Time": 609.604,
                    "Actual Total Time": 611.058,
                    "Actual Rows": 427052,
                    "Actual Loops": 2,
                    "Hash Buckets": 1048576,
                    "Original Hash Buckets": 524288,
                    "Hash Batches": 1,
                    "Original Hash Batches": 1,
                    "Peak Memory Usage": 45760,
                    "Plans": [
                      {
                        "Node Type": "Hash Join",
                        "Parent Relationship": "Outer",
                        "Parallel Aware": true,
                        "Join Type": "Inner",
                        "Startup Cost": 60883.71,
                        "Total Cost": 79067.5,
                        "Plan Rows": 274898,
                        "Plan Width": 8,
                        "Actual Startup Time": 293.775,
                        "Actual Total Time": 508.936,
                        "Actual Rows": 427052,
                        "Actual Loops": 2,
                        "Inner Unique": true,
                        "Hash Cond": "(mi_idx.movie_id = t.id)",
                        "Plans": [
                          {
                            "Node Type": "Seq Scan",
                            "Parent Relationship": "Outer",
                            "Parallel Aware": true,
                            "Relation Name": "movie_info_idx",
                            "Alias": "mi_idx",
                            "Startup Cost": 0.0,
                            "Total Cost": 16052.85,
                            "Plan Rows": 811785,
                            "Plan Width": 4,
                            "Actual Startup Time": 0.022,
                            "Actual Total Time": 52.939,
                            "Actual Rows": 690018,
                            "Actual Loops": 2
                          },
                          {
                            "Node Type": "Hash",
                            "Parent Relationship": "Inner",
                            "Parallel Aware": true,
                            "Startup Cost": 54588.39,
                            "Total Cost": 54588.39,
                            "Plan Rows": 503626,
                            "Plan Width": 4,
                            "Actual Startup Time": 287.48,
                            "Actual Total Time": 287.481,
                            "Actual Rows": 427107,
                            "Actual Loops": 2,
                            "Hash Buckets": 1048576,
                            "Original Hash Buckets": 1048576,
                            "Hash Batches": 1,
                            "Original Hash Batches": 1,
                            "Peak Memory Usage": 41664,
                            "Plans": [
                              {
                                "Node Type": "Seq Scan",
                                "Parent Relationship": "Outer",
                                "Parallel Aware": true,
                                "Relation Name": "title",
                                "Alias": "t",
                                "Startup Cost": 0.0,
                                "Total Cost": 54588.39,
                                "Plan Rows": 503626,
                                "Plan Width": 4,
                                "Actual Startup Time": 0.04,
                                "Actual Total Time": 155.161,
                                "Actual Rows": 427107,
                                "Actual Loops": 2,
                                "Filter": "(kind_id < 4)",
                                "Rows Removed by Filter": 837049
                              }
                            ]
                          }
                        ]
                      }
                    ]
                  }
                ]
              }
            ]
          }
        ]
      }
    ]
  },
  "Planning Time": 1.102,
  "Triggers": [],
  "Execution Time": 1042.76
}