{
  "Plan": {
    "Node Type": "Aggregate",
    "Strategy": "Plain",
    "Partial Mode": "Finalize",
    "Parallel Aware": false,
    "Startup Cost": 256220.35,
    "Total Cost": 256220.36,
    "Plan Rows": 1,
    "Plan Width": 8,
    "Actual Startup Time": 324.392,
    "Actual Total Time": 337.291,
    "Actual Rows": 1,
    "Actual Loops": 1,
    "Plans": [
      {
        "Node Type": "Gather",
        "Parent Relationship": "Outer",
        "Parallel Aware": false,
        "Startup Cost": 256220.24,
        "Total Cost": 256220.35,
        "Plan Rows": 1,
        "Plan Width": 8,
        "Actual Startup Time": 324.113,
        "Actual Total Time": 337.284,
        "Actual Rows": 2,
        "Actual Loops": 1,
        "Workers Planned": 1,
        "Workers Launched": 1,
        "Single Copy": false,
        "Plans": [
          {
            "Node Type": "Aggregate",
            "Strategy": "Plain",
            "Partial Mode": "Partial",
            "Parent Relationship": "Outer",
            "Parallel Aware": false,
            "Startup Cost": 255220.24,
            "Total Cost": 255220.25,
            "Plan Rows": 1,
            "Plan Width": 8,
            "Actual Startup Time": 318.122,
            "Actual Total Time": 318.125,
            "Actual Rows": 1,
            "Actual Loops": 2,
            "Plans": [
              {
                "Node Type": "Hash Join",
                "Parent Relationship": "Outer",
                "Parallel Aware": true,
                "Join Type": "Inner",
                "Startup Cost": 81818.51,
                "Total Cost": 255184.56,
                "Plan Rows": 14271,
                "Plan Width": 0,
                "Actual Startup Time": 190.944,
                "Actual Total Time": 317.147,
                "Actual Rows": 20196,
                "Actual Loops": 2,
                "Inner Unique": true,
                "Hash Cond": "(mi.movie_id = t.id)",
                "Plans": [
                  {
                    "Node Type": "Bitmap Heap Scan",
                    "Parent Relationship": "Outer",
                    "Parallel Aware": true,
                    "Relation Name": "movie_info",
                    "Alias": "mi",
                    "Startup Cost": 23159.21,
                    "Total Cost": 194551.43,
                    "Plan Rows": 751938,
                    "Plan Width": 4,
                    "Actual Startup Time": 46.712,
                    "Actual Total Time": 104.743,
                    "Actual Rows": 649494,
                    "Actual Loops": 2,
                    "Recheck Cond": "(info_type_id = 4)",
                    "Rows Removed by Index Recheck": 0,
                    "Exact Heap Blocks": 4903,
                    "Lossy Heap Blocks": 0,
                    "Plans": [
                      {
                        "Node Type": "Bitmap Index Scan",
                        "Parent Relationship": "Outer",
                        "Parallel Aware": false,
                        "Index Name": "info_type_id_movie_info",
                        "Startup Cost": 0.0,
                        "Total Cost": 22839.64,
                        "Plan Rows": 1278294,
                        "Plan Width": 0,
                        "Actual Startup Time": 45.421,
                        "Actual Total Time": 45.422,
                        "Actual Rows": 1298989,
                        "Actual Loops": 1,
                        "Index Cond": "(info_type_id = 4)"
                      }
                    ]
                  },
                  {
                    "Node Type": "Hash",
                    "Parent Relationship": "Inner",
                    "Parallel Aware": true,
                    "Startup Cost": 58306.47,
                    "Total Cost": 58306.47,
                    "Plan Rows": 28226,
                    "Plan Width": 4,
                    "Actual Startup Time": 141.771,
                    "Actual Total Time": 141.772,
                    "Actual Rows": 19376,
                    "Actual Loops": 2,
                    "Hash Buckets": 65536,
                    "Original Hash Buckets": 65536,
                    "Hash Batches": 1,
                    "Original Hash Batches": 1,
                    "Peak Memory Usage": 2080,
                    "Plans": [
                      {
                        "Node Type": "Seq Scan",
                        "Parent Relationship": "Outer",
                        "Parallel Aware": true,
                        "Relation Name": "title",
                        "Alias": "t",
                        "Startup Cost": 0.0,
                        "Total Cost": 58306.47,
                        "Plan Rows": 28226,
                        "Plan Width": 4,
                        "Actual Startup Time": 0.346,
                        "Actual Total Time": 136.631,
                        "Actual Rows": 19376,
                        "Actual Loops": 2,
                        "Filter": "((kind_id < 7) AND (production_year = 2008))",
                        "Rows Removed by Filter": 1244780
                      }
                    ]
                  }
                ]
              }
            ]
          }
        ]
      }
    ]
  },
  "Planning Time": 0.507,
  "Triggers": [],
  "Execution Time": 337.389
}