[
    {
        "Bao": {
            "Bao prediction": "NaN",
            "Bao recommended hint": "(no hint)"
        }
    },
    {
        "Plan": {
            "Node Type": "Aggregate",
            "Strategy": "Plain",
            "Partial Mode": "Finalize",
            "Parallel Aware": false,
            "Startup Cost": 34431.7,
            "Total Cost": 34431.71,
            "Plan Rows": 1,
            "Plan Width": 8,
            "Actual Startup Time": 106.973,
            "Actual Total Time": 113.316,
            "Actual Rows": 1,
            "Actual Loops": 1,
            "Output": [
                "count(*)"
            ],
            "Plans": [
                {
                    "Node Type": "Gather",
                    "Parent Relationship": "Outer",
                    "Parallel Aware": false,
                    "Startup Cost": 34431.38,
                    "Total Cost": 34431.69,
                    "Plan Rows": 3,
                    "Plan Width": 8,
                    "Actual Startup Time": 106.655,
                    "Actual Total Time": 113.309,
                    "Actual Rows": 4,
                    "Actual Loops": 1,
                    "Output": [
                        "(PARTIAL count(*))"
                    ],
                    "Workers Planned": 3,
                    "Workers Launched": 3,
                    "Single Copy": false,
                    "Plans": [
                        {
                            "Node Type": "Aggregate",
                            "Strategy": "Plain",
                            "Partial Mode": "Partial",
                            "Parent Relationship": "Outer",
                            "Parallel Aware": false,
                            "Startup Cost": 33431.38,
                            "Total Cost": 33431.39,
                            "Plan Rows": 1,
                            "Plan Width": 8,
                            "Actual Startup Time": 97.908,
                            "Actual Total Time": 97.91,
                            "Actual Rows": 1,
                            "Actual Loops": 4,
                            "Output": [
                                "PARTIAL count(*)"
                            ],
                            "Workers": [
                                {
                                    "Worker Number": 0,
                                    "Actual Startup Time": 94.897,
                                    "Actual Total Time": 94.899,
                                    "Actual Rows": 1,
                                    "Actual Loops": 1
                                },
                                {
                                    "Worker Number": 1,
                                    "Actual Startup Time": 95.095,
                                    "Actual Total Time": 95.096,
                                    "Actual Rows": 1,
                                    "Actual Loops": 1
                                },
                                {
                                    "Worker Number": 2,
                                    "Actual Startup Time": 95.387,
                                    "Actual Total Time": 95.389,
                                    "Actual Rows": 1,
                                    "Actual Loops": 1
                                }
                            ],
                            "Plans": [
                                {
                                    "Node Type": "Bitmap Heap Scan",
                                    "Parent Relationship": "Outer",
                                    "Parallel Aware": true,
                                    "Relation Name": "movie_keyword",
                                    "Schema": "public",
                                    "Alias": "mk",
                                    "Startup Cost": 7310.39,
                                    "Total Cost": 33153.55,
                                    "Plan Rows": 111133,
                                    "Plan Width": 0,
                                    "Actual Startup Time": 30.396,
                                    "Actual Total Time": 92.894,
                                    "Actual Rows": 85699,
                                    "Actual Loops": 4,
                                    "Recheck Cond": "(mk.keyword_id > 48487)",
                                    "Rows Removed by Index Recheck": 0,
                                    "Exact Heap Blocks": 10971,
                                    "Lossy Heap Blocks": 0,
                                    "Workers": [
                                        {
                                            "Worker Number": 0,
                                            "Actual Startup Time": 27.443,
                                            "Actual Total Time": 90.415,
                                            "Actual Rows": 57990,
                                            "Actual Loops": 1
                                        },
                                        {
                                            "Worker Number": 1,
                                            "Actual Startup Time": 27.873,
                                            "Actual Total Time": 90.672,
                                            "Actual Rows": 56650,
                                            "Actual Loops": 1
                                        },
                                        {
                                            "Worker Number": 2,
                                            "Actual Startup Time": 27.909,
                                            "Actual Total Time": 90.992,
                                            "Actual Rows": 59360,
                                            "Actual Loops": 1
                                        }
                                    ],
                                    "Plans": [
                                        {
                                            "Node Type": "Bitmap Index Scan",
                                            "Parent Relationship": "Outer",
                                            "Parallel Aware": false,
                                            "Index Name": "keyword_id_movie_keyword",
                                            "Startup Cost": 0.0,
                                            "Total Cost": 7224.27,
                                            "Plan Rows": 344511,
                                            "Plan Width": 0,
                                            "Actual Startup Time": 34.977,
                                            "Actual Total Time": 34.978,
                                            "Actual Rows": 342795,
                                            "Actual Loops": 1,
                                            "Index Cond": "(mk.keyword_id > 48487)"
                                        }
                                    ]
                                }
                            ]
                        }
                    ]
                }
            ]
        },
        "Planning Time": 232.561,
        "Triggers": [],
        "Execution Time": 113.393
    }
]