[
  {
    "Plan": {
      "Node Type": "Aggregate",
      "Strategy": "Plain",
      "Partial Mode": "Finalize",
      "Parallel Aware": false,
      "Startup Cost": 65060.95,
      "Total Cost": 65060.96,
      "Plan Rows": 1,
      "Plan Width": 8,
      "Actual Startup Time": 71.485,
      "Actual Total Time": 82.108,
      "Actual Rows": 1,
      "Actual Loops": 1,
      "Plans": [
        {
          "Node Type": "Gather",
          "Parent Relationship": "Outer",
          "Parallel Aware": false,
          "Startup Cost": 65060.63,
          "Total Cost": 65060.94,
          "Plan Rows": 3,
          "Plan Width": 8,
          "Actual Startup Time": 71.199,
          "Actual Total Time": 82.1,
          "Actual Rows": 4,
          "Actual Loops": 1,
          "Workers Planned": 3,
          "Workers Launched": 3,
          "Single Copy": false,
          "Plans": [
            {
              "Node Type": "Aggregate",
              "Strategy": "Plain",
              "Partial Mode": "Partial",
              "Parent Relationship": "Outer",
              "Parallel Aware": false,
              "Startup Cost": 64060.63,
              "Total Cost": 64060.64,
              "Plan Rows": 1,
              "Plan Width": 8,
              "Actual Startup Time": 61.729,
              "Actual Total Time": 61.731,
              "Actual Rows": 1,
              "Actual Loops": 4,
              "Plans": [
                {
                  "Node Type": "Nested Loop",
                  "Parent Relationship": "Outer",
                  "Parallel Aware": false,
                  "Join Type": "Inner",
                  "Startup Cost": 224.78,
                  "Total Cost": 64060.51,
                  "Plan Rows": 49,
                  "Plan Width": 0,
                  "Actual Startup Time": 2.382,
                  "Actual Total Time": 61.39,
                  "Actual Rows": 2233,
                  "Actual Loops": 4,
                  "Inner Unique": false,
                  "Plans": [
                    {
                      "Node Type": "Nested Loop",
                      "Parent Relationship": "Outer",
                      "Parallel Aware": false,
                      "Join Type": "Inner",
                      "Startup Cost": 224.34,
                      "Total Cost": 62921.45,
                      "Plan Rows": 630,
                      "Plan Width": 8,
                      "Actual Startup Time": 2.095,
                      "Actual Total Time": 29.713,
                      "Actual Rows": 2101,
                      "Actual Loops": 4,
                      "Inner Unique": true,
                      "Plans": [
                        {
                          "Node Type": "Bitmap Heap Scan",
                          "Parent Relationship": "Outer",
                          "Parallel Aware": true,
                          "Relation Name": "movie_info",
                          "Alias": "mi",
                          "Startup Cost": 223.91,
                          "Total Cost": 38111.43,
                          "Plan Rows": 3974,
                          "Plan Width": 4,
                          "Actual Startup Time": 1.739,
                          "Actual Total Time": 6.519,
                          "Actual Rows": 2405,
                          "Actual Loops": 4,
                          "Recheck Cond": "(info_type_id = 96)",
                          "Rows Removed by Index Recheck": 0,
                          "Exact Heap Blocks": 1079,
                          "Lossy Heap Blocks": 0,
                          "Plans": [
                            {
                              "Node Type": "Bitmap Index Scan",
                              "Parent Relationship": "Outer",
                              "Parallel Aware": false,
                              "Index Name": "info_type_id_movie_info",
                              "Startup Cost": 0.0,
                              "Total Cost": 220.83,
                              "Plan Rows": 12320,
                              "Plan Width": 0,
                              "Actual Startup Time": 5.5,
                              "Actual Total Time": 5.5,
                              "Actual Rows": 9621,
                              "Actual Loops": 1,
                              "Index Cond": "(info_type_id = 96)"
                            }
                          ]
                        },
                        {
                          "Node Type": "Index Scan",
                          "Parent Relationship": "Inner",
                          "Parallel Aware": false,
                          "Scan Direction": "Forward",
                          "Index Name": "title_pkey",
                          "Relation Name": "title",
                          "Alias": "t",
                          "Startup Cost": 0.43,
                          "Total Cost": 6.24,
                          "Plan Rows": 1,
                          "Plan Width": 4,
                          "Actual Startup Time": 0.009,
                          "Actual Total Time": 0.009,
                          "Actual Rows": 1,
                          "Actual Loops": 9621,
                          "Index Cond": "(id = mi.movie_id)",
                          "Rows Removed by Index Recheck": 0,
                          "Filter": "((kind_id < 4) AND (production_year < 2003))",
                          "Rows Removed by Filter": 0
                        }
                      ]
                    },
                    {
                      "Node Type": "Index Scan",
                      "Parent Relationship": "Inner",
                      "Parallel Aware": false,
                      "Scan Direction": "Forward",
                      "Index Name": "movie_id_movie_keyword",
                      "Relation Name": "movie_keyword",
                      "Alias": "mk",
                      "Startup Cost": 0.43,
                      "Total Cost": 1.79,
                      "Plan Rows": 2,
                      "Plan Width": 4,
                      "Actual Startup Time": 0.011,
                      "Actual Total Time": 0.014,
                      "Actual Rows": 1,
                      "Actual Loops": 8404,
                      "Index Cond": "(movie_id = t.id)",
                      "Rows Removed by Index Recheck": 0,
                      "Filter": "(keyword_id < 140)",
                      "Rows Removed by Filter": 24
                    }
                  ]
                }
              ]
            }
          ]
        }
      ]
    },
    "Planning Time": 1.437,
    "Triggers": [],
    "Execution Time": 82.209
  }
]