[
    {
        "Bao": {
            "Bao prediction": 662.058,
            "Bao recommended hint": "(no hint)"
        }
    },
    {
        "Plan": {
            "Node Type": "Aggregate",
            "Strategy": "Plain",
            "Partial Mode": "Finalize",
            "Parallel Aware": false,
            "Startup Cost": 36916.72,
            "Total Cost": 36916.73,
            "Plan Rows": 1,
            "Plan Width": 8,
            "Actual Startup Time": 132.421,
            "Actual Total Time": 138.832,
            "Actual Rows": 1,
            "Actual Loops": 1,
            "Output": [
                "count(*)"
            ],
            "Plans": [
                {
                    "Node Type": "Gather",
                    "Parent Relationship": "Outer",
                    "Parallel Aware": false,
                    "Startup Cost": 36916.41,
                    "Total Cost": 36916.72,
                    "Plan Rows": 3,
                    "Plan Width": 8,
                    "Actual Startup Time": 132.077,
                    "Actual Total Time": 138.825,
                    "Actual Rows": 4,
                    "Actual Loops": 1,
                    "Output": [
                        "(PARTIAL count(*))"
                    ],
                    "Workers Planned": 3,
                    "Workers Launched": 3,
                    "Single Copy": false,
                    "Plans": [
                        {
                            "Node Type": "Aggregate",
                            "Strategy": "Plain",
                            "Partial Mode": "Partial",
                            "Parent Relationship": "Outer",
                            "Parallel Aware": false,
                            "Startup Cost": 35916.41,
                            "Total Cost": 35916.42,
                            "Plan Rows": 1,
                            "Plan Width": 8,
                            "Actual Startup Time": 123.495,
                            "Actual Total Time": 123.497,
                            "Actual Rows": 1,
                            "Actual Loops": 4,
                            "Output": [
                                "PARTIAL count(*)"
                            ],
                            "Workers": [
                                {
                                    "Worker Number": 0,
                                    "Actual Startup Time": 120.38,
                                    "Actual Total Time": 120.382,
                                    "Actual Rows": 1,
                                    "Actual Loops": 1
                                },
                                {
                                    "Worker Number": 1,
                                    "Actual Startup Time": 120.344,
                                    "Actual Total Time": 120.346,
                                    "Actual Rows": 1,
                                    "Actual Loops": 1
                                },
                                {
                                    "Worker Number": 2,
                                    "Actual Startup Time": 121.775,
                                    "Actual Total Time": 121.777,
                                    "Actual Rows": 1,
                                    "Actual Loops": 1
                                }
                            ],
                            "Plans": [
                                {
                                    "Node Type": "Bitmap Heap Scan",
                                    "Parent Relationship": "Outer",
                                    "Parallel Aware": true,
                                    "Relation Name": "movie_keyword",
                                    "Schema": "public",
                                    "Alias": "mk",
                                    "Startup Cost": 9333.78,
                                    "Total Cost": 35561.64,
                                    "Plan Rows": 141908,
                                    "Plan Width": 0,
                                    "Actual Startup Time": 41.291,
                                    "Actual Total Time": 116.292,
                                    "Actual Rows": 109864,
                                    "Actual Loops": 4,
                                    "Recheck Cond": "(mk.keyword_id < 341)",
                                    "Rows Removed by Index Recheck": 0,
                                    "Exact Heap Blocks": 12342,
                                    "Lossy Heap Blocks": 0,
                                    "Workers": [
                                        {
                                            "Worker Number": 0,
                                            "Actual Startup Time": 38.236,
                                            "Actual Total Time": 113.845,
                                            "Actual Rows": 72095,
                                            "Actual Loops": 1
                                        },
                                        {
                                            "Worker Number": 1,
                                            "Actual Startup Time": 38.264,
                                            "Actual Total Time": 113.81,
                                            "Actual Rows": 71351,
                                            "Actual Loops": 1
                                        },
                                        {
                                            "Worker Number": 2,
                                            "Actual Startup Time": 39.664,
                                            "Actual Total Time": 114.945,
                                            "Actual Rows": 74451,
                                            "Actual Loops": 1
                                        }
                                    ],
                                    "Plans": [
                                        {
                                            "Node Type": "Bitmap Index Scan",
                                            "Parent Relationship": "Outer",
                                            "Parallel Aware": false,
                                            "Index Name": "keyword_id_movie_keyword",
                                            "Startup Cost": 0.0,
                                            "Total Cost": 9223.8,
                                            "Plan Rows": 439916,
                                            "Plan Width": 0,
                                            "Actual Startup Time": 45.51,
                                            "Actual Total Time": 45.51,
                                            "Actual Rows": 439454,
                                            "Actual Loops": 1,
                                            "Index Cond": "(mk.keyword_id < 341)"
                                        }
                                    ]
                                }
                            ]
                        }
                    ]
                }
            ]
        },
        "Planning Time": 751.547,
        "Triggers": [],
        "Execution Time": 138.939
    }
]