{
  "Plan": {
    "Node Type": "Aggregate",
    "Strategy": "Plain",
    "Partial Mode": "Finalize",
    "Parallel Aware": false,
    "Startup Cost": 107784.41,
    "Total Cost": 107784.42,
    "Plan Rows": 1,
    "Plan Width": 8,
    "Actual Startup Time": 286.383,
    "Actual Total Time": 293.646,
    "Actual Rows": 1,
    "Actual Loops": 1,
    "Plans": [
      {
        "Node Type": "Gather",
        "Parent Relationship": "Outer",
        "Parallel Aware": false,
        "Startup Cost": 107784.3,
        "Total Cost": 107784.41,
        "Plan Rows": 1,
        "Plan Width": 8,
        "Actual Startup Time": 242.582,
        "Actual Total Time": 293.634,
        "Actual Rows": 2,
        "Actual Loops": 1,
        "Workers Planned": 1,
        "Workers Launched": 1,
        "Single Copy": false,
        "Plans": [
          {
            "Node Type": "Aggregate",
            "Strategy": "Plain",
            "Partial Mode": "Partial",
            "Parent Relationship": "Outer",
            "Parallel Aware": false,
            "Startup Cost": 106784.3,
            "Total Cost": 106784.31,
            "Plan Rows": 1,
            "Plan Width": 8,
            "Actual Startup Time": 257.59,
            "Actual Total Time": 257.594,
            "Actual Rows": 1,
            "Actual Loops": 2,
            "Plans": [
              {
                "Node Type": "Merge Join",
                "Parent Relationship": "Outer",
                "Parallel Aware": false,
                "Join Type": "Inner",
                "Startup Cost": 105147.47,
                "Total Cost": 106762.21,
                "Plan Rows": 8835,
                "Plan Width": 0,
                "Actual Startup Time": 218.701,
                "Actual Total Time": 256.313,
                "Actual Rows": 26326,
                "Actual Loops": 2,
                "Inner Unique": false,
                "Merge Cond": "(t.id = mc.movie_id)",
                "Plans": [
                  {
                    "Node Type": "Sort",
                    "Parent Relationship": "Outer",
                    "Parallel Aware": false,
                    "Startup Cost": 63977.4,
                    "Total Cost": 64280.93,
                    "Plan Rows": 121409,
                    "Plan Width": 4,
                    "Actual Startup Time": 126.781,
                    "Actual Total Time": 135.586,
                    "Actual Rows": 91103,
                    "Actual Loops": 2,
                    "Sort Key": [
                      "t.id"
                    ],
                    "Sort Method": "quicksort",
                    "Sort Space Used": 12357,
                    "Sort Space Type": "Memory",
                    "Workers": [
                      {
                        "Worker Number": 0,
                        "Sort Method": "quicksort",
                        "Sort Space Used": 3874,
                        "Sort Space Type": "Memory"
                      }
                    ],
                    "Plans": [
                      {
                        "Node Type": "Bitmap Heap Scan",
                        "Parent Relationship": "Outer",
                        "Parallel Aware": true,
                        "Relation Name": "title",
                        "Alias": "t",
                        "Startup Cost": 11874.45,
                        "Total Cost": 53724.71,
                        "Plan Rows": 121409,
                        "Plan Width": 4,
                        "Actual Startup Time": 32.456,
                        "Actual Total Time": 102.502,
                        "Actual Rows": 91196,
                        "Actual Loops": 2,
                        "Recheck Cond": "(kind_id = 1)",
                        "Rows Removed by Index Recheck": 0,
                        "Filter": "(production_year > 2007)",
                        "Rows Removed by Filter": 240216,
                        "Exact Heap Blocks": 9492,
                        "Lossy Heap Blocks": 0,
                        "Plans": [
                          {
                            "Node Type": "Bitmap Index Scan",
                            "Parent Relationship": "Outer",
                            "Parallel Aware": false,
                            "Index Name": "kind_id_title",
                            "Startup Cost": 0.0,
                            "Total Cost": 11822.85,
                            "Plan Rows": 663256,
                            "Plan Width": 0,
                            "Actual Startup Time": 35.859,
                            "Actual Total Time": 35.86,
                            "Actual Rows": 662825,
                            "Actual Loops": 1,
                            "Index Cond": "(kind_id = 1)"
                          }
                        ]
                      }
                    ]
                  },
                  {
                    "Node Type": "Sort",
                    "Parent Relationship": "Inner",
                    "Parallel Aware": false,
                    "Startup Cost": 41170.05,
                    "Total Cost": 41630.04,
                    "Plan Rows": 183995,
                    "Plan Width": 4,
                    "Actual Startup Time": 91.136,
                    "Actual Total Time": 99.541,
                    "Actual Rows": 179622,
                    "Actual Loops": 2,
                    "Sort Key": [
                      "mc.movie_id"
                    ],
                    "Sort Method": "quicksort",
                    "Sort Space Used": 14564,
                    "Sort Space Type": "Memory",
                    "Workers": [
                      {
                        "Worker Number": 0,
                        "Sort Method": "quicksort",
                        "Sort Space Used": 14564,
                        "Sort Space Type": "Memory"
                      }
                    ],
                    "Plans": [
                      {
                        "Node Type": "Bitmap Heap Scan",
                        "Parent Relationship": "Outer",
                        "Parallel Aware": false,
                        "Relation Name": "movie_companies",
                        "Alias": "mc",
                        "Startup Cost": 3990.39,
                        "Total Cost": 25080.33,
                        "Plan Rows": 183995,
                        "Plan Width": 4,
                        "Actual Startup Time": 11.06,
                        "Actual Total Time": 48.915,
                        "Actual Rows": 179622,
                        "Actual Loops": 2,
                        "Recheck Cond": "(company_id > 120462)",
                        "Rows Removed by Index Recheck": 0,
                        "Exact Heap Blocks": 4193,
                        "Lossy Heap Blocks": 0,
                        "Plans": [
                          {
                            "Node Type": "Bitmap Index Scan",
                            "Parent Relationship": "Outer",
                            "Parallel Aware": false,
                            "Index Name": "company_id_movie_companies",
                            "Startup Cost": 0.0,
                            "Total Cost": 3944.39,
                            "Plan Rows": 183995,
                            "Plan Width": 0,
                            "Actual Startup Time": 10.449,
                            "Actual Total Time": 10.449,
                            "Actual Rows": 179622,
                            "Actual Loops": 2,
                            "Index Cond": "(company_id > 120462)"
                          }
                        ]
                      }
                    ]
                  }
                ]
              }
            ]
          }
        ]
      }
    ]
  },
  "Planning Time": 0.626,
  "Triggers": [],
  "Execution Time": 293.787
}