[
  {
    "Plan": {
      "Node Type": "Aggregate",
      "Strategy": "Plain",
      "Partial Mode": "Finalize",
      "Parallel Aware": false,
      "Startup Cost": 211938.75,
      "Total Cost": 211938.76,
      "Plan Rows": 1,
      "Plan Width": 8,
      "Actual Startup Time": 118.816,
      "Actual Total Time": 124.907,
      "Actual Rows": 1,
      "Actual Loops": 1,
      "Plans": [
        {
          "Node Type": "Gather",
          "Parent Relationship": "Outer",
          "Parallel Aware": false,
          "Startup Cost": 211938.23,
          "Total Cost": 211938.74,
          "Plan Rows": 5,
          "Plan Width": 8,
          "Actual Startup Time": 117.453,
          "Actual Total Time": 124.899,
          "Actual Rows": 6,
          "Actual Loops": 1,
          "Workers Planned": 5,
          "Workers Launched": 5,
          "Single Copy": false,
          "Plans": [
            {
              "Node Type": "Aggregate",
              "Strategy": "Plain",
              "Partial Mode": "Partial",
              "Parent Relationship": "Outer",
              "Parallel Aware": false,
              "Startup Cost": 210938.23,
              "Total Cost": 210938.24,
              "Plan Rows": 1,
              "Plan Width": 8,
              "Actual Startup Time": 107.508,
              "Actual Total Time": 107.512,
              "Actual Rows": 1,
              "Actual Loops": 6,
              "Plans": [
                {
                  "Node Type": "Hash Join",
                  "Parent Relationship": "Outer",
                  "Parallel Aware": true,
                  "Join Type": "Inner",
                  "Startup Cost": 47508.75,
                  "Total Cost": 210926.84,
                  "Plan Rows": 4554,
                  "Plan Width": 0,
                  "Actual Startup Time": 88.581,
                  "Actual Total Time": 107.365,
                  "Actual Rows": 2031,
                  "Actual Loops": 6,
                  "Inner Unique": true,
                  "Hash Cond": "(mi.movie_id = t.id)",
                  "Plans": [
                    {
                      "Node Type": "Bitmap Heap Scan",
                      "Parent Relationship": "Outer",
                      "Parallel Aware": true,
                      "Relation Name": "movie_info",
                      "Alias": "mi",
                      "Startup Cost": 8535.51,
                      "Total Cost": 171706.27,
                      "Plan Rows": 94221,
                      "Plan Width": 4,
                      "Actual Startup Time": 17.257,
                      "Actual Total Time": 30.858,
                      "Actual Rows": 79074,
                      "Actual Loops": 6,
                      "Recheck Cond": "(info_type_id = 6)",
                      "Rows Removed by Index Recheck": 0,
                      "Exact Heap Blocks": 641,
                      "Lossy Heap Blocks": 0,
                      "Plans": [
                        {
                          "Node Type": "Bitmap Index Scan",
                          "Parent Relationship": "Outer",
                          "Parallel Aware": false,
                          "Index Name": "info_type_id_movie_info",
                          "Startup Cost": 0.0,
                          "Total Cost": 8417.73,
                          "Plan Rows": 471106,
                          "Plan Width": 0,
                          "Actual Startup Time": 16.7,
                          "Actual Total Time": 16.701,
                          "Actual Rows": 474443,
                          "Actual Loops": 1,
                          "Index Cond": "(info_type_id = 6)"
                        }
                      ]
                    },
                    {
                      "Node Type": "Hash",
                      "Parent Relationship": "Inner",
                      "Parallel Aware": true,
                      "Startup Cost": 38591.37,
                      "Total Cost": 38591.37,
                      "Plan Rows": 30550,
                      "Plan Width": 4,
                      "Actual Startup Time": 59.002,
                      "Actual Total Time": 59.003,
                      "Actual Rows": 19706,
                      "Actual Loops": 6,
                      "Hash Buckets": 131072,
                      "Original Hash Buckets": 131072,
                      "Hash Batches": 1,
                      "Original Hash Batches": 1,
                      "Peak Memory Usage": 5760,
                      "Plans": [
                        {
                          "Node Type": "Bitmap Heap Scan",
                          "Parent Relationship": "Outer",
                          "Parallel Aware": true,
                          "Relation Name": "title",
                          "Alias": "t",
                          "Startup Cost": 2211.49,
                          "Total Cost": 38591.37,
                          "Plan Rows": 30550,
                          "Plan Width": 4,
                          "Actual Startup Time": 14.235,
                          "Actual Total Time": 49.031,
                          "Actual Rows": 19706,
                          "Actual Loops": 6,
                          "Recheck Cond": "(kind_id = 4)",
                          "Rows Removed by Index Recheck": 0,
                          "Exact Heap Blocks": 5424,
                          "Lossy Heap Blocks": 0,
                          "Plans": [
                            {
                              "Node Type": "Bitmap Index Scan",
                              "Parent Relationship": "Outer",
                              "Parallel Aware": false,
                              "Index Name": "kind_id_title",
                              "Startup Cost": 0.0,
                              "Total Cost": 2180.94,
                              "Plan Rows": 122201,
                              "Plan Width": 0,
                              "Actual Startup Time": 14.132,
                              "Actual Total Time": 14.132,
                              "Actual Rows": 118234,
                              "Actual Loops": 1,
                              "Index Cond": "(kind_id = 4)"
                            }
                          ]
                        }
                      ]
                    }
                  ]
                }
              ]
            }
          ]
        }
      ]
    },
    "Planning Time": 0.633,
    "Triggers": [],
    "Execution Time": 125.019
  }
]