[
  {
    "Plan": {
      "Node Type": "Aggregate",
      "Strategy": "Plain",
      "Partial Mode": "Finalize",
      "Parallel Aware": false,
      "Startup Cost": 45665.8,
      "Total Cost": 45665.81,
      "Plan Rows": 1,
      "Plan Width": 8,
      "Actual Startup Time": 141.929,
      "Actual Total Time": 151.235,
      "Actual Rows": 1,
      "Actual Loops": 1,
      "Plans": [
        {
          "Node Type": "Gather",
          "Parent Relationship": "Outer",
          "Parallel Aware": false,
          "Startup Cost": 45665.48,
          "Total Cost": 45665.79,
          "Plan Rows": 3,
          "Plan Width": 8,
          "Actual Startup Time": 141.82,
          "Actual Total Time": 151.226,
          "Actual Rows": 4,
          "Actual Loops": 1,
          "Workers Planned": 3,
          "Workers Launched": 3,
          "Single Copy": false,
          "Plans": [
            {
              "Node Type": "Aggregate",
              "Strategy": "Plain",
              "Partial Mode": "Partial",
              "Parent Relationship": "Outer",
              "Parallel Aware": false,
              "Startup Cost": 44665.48,
              "Total Cost": 44665.49,
              "Plan Rows": 1,
              "Plan Width": 8,
              "Actual Startup Time": 136.72,
              "Actual Total Time": 136.721,
              "Actual Rows": 1,
              "Actual Loops": 4,
              "Plans": [
                {
                  "Node Type": "Seq Scan",
                  "Parent Relationship": "Outer",
                  "Parallel Aware": true,
                  "Relation Name": "movie_keyword",
                  "Alias": "mk",
                  "Startup Cost": 0.0,
                  "Total Cost": 42695.65,
                  "Plan Rows": 787932,
                  "Plan Width": 0,
                  "Actual Startup Time": 0.565,
                  "Actual Total Time": 109.804,
                  "Actual Rows": 608019,
                  "Actual Loops": 4,
                  "Filter": "(keyword_id > 3741)",
                  "Rows Removed by Filter": 522963
                }
              ]
            }
          ]
        }
      ]
    },
    "Planning Time": 0.184,
    "Triggers": [],
    "Execution Time": 151.288
  }
]