[
  {
    "Plan": {
      "Node Type": "Aggregate",
      "Strategy": "Plain",
      "Partial Mode": "Finalize",
      "Parallel Aware": false,
      "Startup Cost": 45660.49,
      "Total Cost": 45660.5,
      "Plan Rows": 1,
      "Plan Width": 8,
      "Actual Startup Time": 161.758,
      "Actual Total Time": 172.266,
      "Actual Rows": 1,
      "Actual Loops": 1,
      "Plans": [
        {
          "Node Type": "Gather",
          "Parent Relationship": "Outer",
          "Parallel Aware": false,
          "Startup Cost": 45660.17,
          "Total Cost": 45660.48,
          "Plan Rows": 3,
          "Plan Width": 8,
          "Actual Startup Time": 161.627,
          "Actual Total Time": 172.259,
          "Actual Rows": 4,
          "Actual Loops": 1,
          "Workers Planned": 3,
          "Workers Launched": 3,
          "Single Copy": false,
          "Plans": [
            {
              "Node Type": "Aggregate",
              "Strategy": "Plain",
              "Partial Mode": "Partial",
              "Parent Relationship": "Outer",
              "Parallel Aware": false,
              "Startup Cost": 44660.17,
              "Total Cost": 44660.18,
              "Plan Rows": 1,
              "Plan Width": 8,
              "Actual Startup Time": 155.686,
              "Actual Total Time": 155.688,
              "Actual Rows": 1,
              "Actual Loops": 4,
              "Plans": [
                {
                  "Node Type": "Seq Scan",
                  "Parent Relationship": "Outer",
                  "Parallel Aware": true,
                  "Relation Name": "movie_keyword",
                  "Alias": "mk",
                  "Startup Cost": 0.0,
                  "Total Cost": 42695.65,
                  "Plan Rows": 785808,
                  "Plan Width": 0,
                  "Actual Startup Time": 0.462,
                  "Actual Total Time": 127.113,
                  "Actual Rows": 608019,
                  "Actual Loops": 4,
                  "Filter": "(keyword_id > 3741)",
                  "Rows Removed by Filter": 522963
                }
              ]
            }
          ]
        }
      ]
    },
    "Planning Time": 0.151,
    "Triggers": [],
    "Execution Time": 172.312
  }
]