[
  {
    "Plan": {
      "Node Type": "Aggregate",
      "Strategy": "Plain",
      "Partial Mode": "Finalize",
      "Parallel Aware": false,
      "Startup Cost": 352464.85,
      "Total Cost": 352464.86,
      "Plan Rows": 1,
      "Plan Width": 8,
      "Actual Startup Time": 1019.881,
      "Actual Total Time": 1085.296,
      "Actual Rows": 1,
      "Actual Loops": 1,
      "Plans": [
        {
          "Node Type": "Gather",
          "Parent Relationship": "Outer",
          "Parallel Aware": false,
          "Startup Cost": 352464.23,
          "Total Cost": 352464.84,
          "Plan Rows": 6,
          "Plan Width": 8,
          "Actual Startup Time": 1019.746,
          "Actual Total Time": 1085.286,
          "Actual Rows": 7,
          "Actual Loops": 1,
          "Workers Planned": 6,
          "Workers Launched": 6,
          "Single Copy": false,
          "Plans": [
            {
              "Node Type": "Aggregate",
              "Strategy": "Plain",
              "Partial Mode": "Partial",
              "Parent Relationship": "Outer",
              "Parallel Aware": false,
              "Startup Cost": 351464.23,
              "Total Cost": 351464.24,
              "Plan Rows": 1,
              "Plan Width": 8,
              "Actual Startup Time": 1010.512,
              "Actual Total Time": 1010.513,
              "Actual Rows": 1,
              "Actual Loops": 7,
              "Plans": [
                {
                  "Node Type": "Seq Scan",
                  "Parent Relationship": "Outer",
                  "Parallel Aware": true,
                  "Relation Name": "cast_info",
                  "Alias": "ci",
                  "Startup Cost": 0.0,
                  "Total Cost": 343257.03,
                  "Plan Rows": 3282879,
                  "Plan Width": 0,
                  "Actual Startup Time": 262.331,
                  "Actual Total Time": 845.039,
                  "Actual Rows": 3112868,
                  "Actual Loops": 7,
                  "Filter": "((person_id > 615382) AND (role_id > 1))",
                  "Rows Removed by Filter": 2064895
                }
              ]
            }
          ]
        }
      ]
    },
    "Planning Time": 0.217,
    "Triggers": [],
    "Execution Time": 1085.368
  }
]