[
    {
        "Bao": {
            "Bao prediction": "NaN",
            "Bao recommended hint": "(no hint)"
        }
    },
    {
        "Plan": {
            "Node Type": "Aggregate",
            "Strategy": "Plain",
            "Partial Mode": "Finalize",
            "Parallel Aware": false,
            "Startup Cost": 40121.5,
            "Total Cost": 40121.51,
            "Plan Rows": 1,
            "Plan Width": 8,
            "Actual Startup Time": 124.413,
            "Actual Total Time": 132.205,
            "Actual Rows": 1,
            "Actual Loops": 1,
            "Output": [
                "count(*)"
            ],
            "Plans": [
                {
                    "Node Type": "Gather",
                    "Parent Relationship": "Outer",
                    "Parallel Aware": false,
                    "Startup Cost": 40121.18,
                    "Total Cost": 40121.49,
                    "Plan Rows": 3,
                    "Plan Width": 8,
                    "Actual Startup Time": 124.067,
                    "Actual Total Time": 132.198,
                    "Actual Rows": 4,
                    "Actual Loops": 1,
                    "Output": [
                        "(PARTIAL count(*))"
                    ],
                    "Workers Planned": 3,
                    "Workers Launched": 3,
                    "Single Copy": false,
                    "Plans": [
                        {
                            "Node Type": "Aggregate",
                            "Strategy": "Plain",
                            "Partial Mode": "Partial",
                            "Parent Relationship": "Outer",
                            "Parallel Aware": false,
                            "Startup Cost": 39121.18,
                            "Total Cost": 39121.19,
                            "Plan Rows": 1,
                            "Plan Width": 8,
                            "Actual Startup Time": 115.383,
                            "Actual Total Time": 115.385,
                            "Actual Rows": 1,
                            "Actual Loops": 4,
                            "Output": [
                                "PARTIAL count(*)"
                            ],
                            "Workers": [
                                {
                                    "Worker Number": 0,
                                    "Actual Startup Time": 112.446,
                                    "Actual Total Time": 112.448,
                                    "Actual Rows": 1,
                                    "Actual Loops": 1
                                },
                                {
                                    "Worker Number": 1,
                                    "Actual Startup Time": 112.359,
                                    "Actual Total Time": 112.361,
                                    "Actual Rows": 1,
                                    "Actual Loops": 1
                                },
                                {
                                    "Worker Number": 2,
                                    "Actual Startup Time": 112.905,
                                    "Actual Total Time": 112.907,
                                    "Actual Rows": 1,
                                    "Actual Loops": 1
                                }
                            ],
                            "Plans": [
                                {
                                    "Node Type": "Bitmap Heap Scan",
                                    "Parent Relationship": "Outer",
                                    "Parallel Aware": true,
                                    "Relation Name": "movie_keyword",
                                    "Schema": "public",
                                    "Alias": "mk",
                                    "Startup Cost": 11943.26,
                                    "Total Cost": 38667.2,
                                    "Plan Rows": 181595,
                                    "Plan Width": 0,
                                    "Actual Startup Time": 28.321,
                                    "Actual Total Time": 106.567,
                                    "Actual Rows": 139576,
                                    "Actual Loops": 4,
                                    "Recheck Cond": "(mk.keyword_id > 32935)",
                                    "Rows Removed by Index Recheck": 0,
                                    "Exact Heap Blocks": 11718,
                                    "Lossy Heap Blocks": 0,
                                    "Workers": [
                                        {
                                            "Worker Number": 0,
                                            "Actual Startup Time": 25.422,
                                            "Actual Total Time": 104.313,
                                            "Actual Rows": 93825,
                                            "Actual Loops": 1
                                        },
                                        {
                                            "Worker Number": 1,
                                            "Actual Startup Time": 25.509,
                                            "Actual Total Time": 104.538,
                                            "Actual Rows": 89034,
                                            "Actual Loops": 1
                                        },
                                        {
                                            "Worker Number": 2,
                                            "Actual Startup Time": 25.912,
                                            "Actual Total Time": 104.62,
                                            "Actual Rows": 95213,
                                            "Actual Loops": 1
                                        }
                                    ],
                                    "Plans": [
                                        {
                                            "Node Type": "Bitmap Index Scan",
                                            "Parent Relationship": "Outer",
                                            "Parallel Aware": false,
                                            "Index Name": "keyword_id_movie_keyword",
                                            "Startup Cost": 0.0,
                                            "Total Cost": 11802.52,
                                            "Plan Rows": 562945,
                                            "Plan Width": 0,
                                            "Actual Startup Time": 33.077,
                                            "Actual Total Time": 33.078,
                                            "Actual Rows": 558302,
                                            "Actual Loops": 1,
                                            "Index Cond": "(mk.keyword_id > 32935)"
                                        }
                                    ]
                                }
                            ]
                        }
                    ]
                }
            ]
        },
        "Planning Time": 199.346,
        "Triggers": [],
        "Execution Time": 132.25
    }
]