[
  {
    "Plan": {
      "Node Type": "Aggregate",
      "Strategy": "Plain",
      "Partial Mode": "Finalize",
      "Parallel Aware": false,
      "Startup Cost": 27378.91,
      "Total Cost": 27378.92,
      "Plan Rows": 1,
      "Plan Width": 8,
      "Actual Startup Time": 63.044,
      "Actual Total Time": 66.737,
      "Actual Rows": 1,
      "Actual Loops": 1,
      "Plans": [
        {
          "Node Type": "Gather",
          "Parent Relationship": "Outer",
          "Parallel Aware": false,
          "Startup Cost": 27378.59,
          "Total Cost": 27378.9,
          "Plan Rows": 3,
          "Plan Width": 8,
          "Actual Startup Time": 62.809,
          "Actual Total Time": 66.732,
          "Actual Rows": 4,
          "Actual Loops": 1,
          "Workers Planned": 3,
          "Workers Launched": 3,
          "Single Copy": false,
          "Plans": [
            {
              "Node Type": "Aggregate",
              "Strategy": "Plain",
              "Partial Mode": "Partial",
              "Parent Relationship": "Outer",
              "Parallel Aware": false,
              "Startup Cost": 26378.59,
              "Total Cost": 26378.6,
              "Plan Rows": 1,
              "Plan Width": 8,
              "Actual Startup Time": 58.596,
              "Actual Total Time": 58.597,
              "Actual Rows": 1,
              "Actual Loops": 4,
              "Plans": [
                {
                  "Node Type": "Bitmap Heap Scan",
                  "Parent Relationship": "Outer",
                  "Parallel Aware": true,
                  "Relation Name": "movie_companies",
                  "Alias": "mc",
                  "Startup Cost": 6105.02,
                  "Total Cost": 26266.55,
                  "Plan Rows": 44818,
                  "Plan Width": 0,
                  "Actual Startup Time": 13.852,
                  "Actual Total Time": 55.045,
                  "Actual Rows": 53401,
                  "Actual Loops": 4,
                  "Recheck Cond": "(company_id < 147)",
                  "Rows Removed by Index Recheck": 0,
                  "Filter": "(company_type_id = 1)",
                  "Rows Removed by Filter": 16020,
                  "Exact Heap Blocks": 8417,
                  "Lossy Heap Blocks": 0,
                  "Plans": [
                    {
                      "Node Type": "Bitmap Index Scan",
                      "Parent Relationship": "Outer",
                      "Parallel Aware": false,
                      "Index Name": "company_id_movie_companies",
                      "Startup Cost": 0.0,
                      "Total Cost": 6070.29,
                      "Plan Rows": 283448,
                      "Plan Width": 0,
                      "Actual Startup Time": 15.085,
                      "Actual Total Time": 15.085,
                      "Actual Rows": 277682,
                      "Actual Loops": 1,
                      "Index Cond": "(company_id < 147)"
                    }
                  ]
                }
              ]
            }
          ]
        }
      ]
    },
    "Planning Time": 0.069,
    "Triggers": [],
    "Execution Time": 66.763
  }
]