[
  {
    "Plan": {
      "Node Type": "Aggregate",
      "Strategy": "Plain",
      "Partial Mode": "Finalize",
      "Parallel Aware": false,
      "Startup Cost": 32886.04,
      "Total Cost": 32886.05,
      "Plan Rows": 1,
      "Plan Width": 8,
      "Actual Startup Time": 94.296,
      "Actual Total Time": 101.954,
      "Actual Rows": 1,
      "Actual Loops": 1,
      "Plans": [
        {
          "Node Type": "Gather",
          "Parent Relationship": "Outer",
          "Parallel Aware": false,
          "Startup Cost": 32885.72,
          "Total Cost": 32886.03,
          "Plan Rows": 3,
          "Plan Width": 8,
          "Actual Startup Time": 94.174,
          "Actual Total Time": 101.947,
          "Actual Rows": 4,
          "Actual Loops": 1,
          "Workers Planned": 3,
          "Workers Launched": 3,
          "Single Copy": false,
          "Plans": [
            {
              "Node Type": "Aggregate",
              "Strategy": "Plain",
              "Partial Mode": "Partial",
              "Parent Relationship": "Outer",
              "Parallel Aware": false,
              "Startup Cost": 31885.72,
              "Total Cost": 31885.73,
              "Plan Rows": 1,
              "Plan Width": 8,
              "Actual Startup Time": 88.329,
              "Actual Total Time": 88.33,
              "Actual Rows": 1,
              "Actual Loops": 4,
              "Plans": [
                {
                  "Node Type": "Seq Scan",
                  "Parent Relationship": "Outer",
                  "Parallel Aware": true,
                  "Relation Name": "movie_companies",
                  "Alias": "mc",
                  "Startup Cost": 0.0,
                  "Total Cost": 31414.82,
                  "Plan Rows": 188362,
                  "Plan Width": 0,
                  "Actual Startup Time": 41.75,
                  "Actual Total Time": 78.613,
                  "Actual Rows": 216133,
                  "Actual Loops": 4,
                  "Filter": "((company_id > 13449) AND (company_type_id = 2))",
                  "Rows Removed by Filter": 436150
                }
              ]
            }
          ]
        }
      ]
    },
    "Planning Time": 0.085,
    "Triggers": [],
    "Execution Time": 101.981
  }
]