[
  {
    "Plan": {
      "Node Type": "Aggregate",
      "Strategy": "Plain",
      "Partial Mode": "Finalize",
      "Parallel Aware": false,
      "Startup Cost": 32878.37,
      "Total Cost": 32878.38,
      "Plan Rows": 1,
      "Plan Width": 8,
      "Actual Startup Time": 99.858,
      "Actual Total Time": 107.78,
      "Actual Rows": 1,
      "Actual Loops": 1,
      "Plans": [
        {
          "Node Type": "Gather",
          "Parent Relationship": "Outer",
          "Parallel Aware": false,
          "Startup Cost": 32878.06,
          "Total Cost": 32878.37,
          "Plan Rows": 3,
          "Plan Width": 8,
          "Actual Startup Time": 99.761,
          "Actual Total Time": 107.772,
          "Actual Rows": 4,
          "Actual Loops": 1,
          "Workers Planned": 3,
          "Workers Launched": 3,
          "Single Copy": false,
          "Plans": [
            {
              "Node Type": "Aggregate",
              "Strategy": "Plain",
              "Partial Mode": "Partial",
              "Parent Relationship": "Outer",
              "Parallel Aware": false,
              "Startup Cost": 31878.06,
              "Total Cost": 31878.07,
              "Plan Rows": 1,
              "Plan Width": 8,
              "Actual Startup Time": 93.331,
              "Actual Total Time": 93.332,
              "Actual Rows": 1,
              "Actual Loops": 4,
              "Plans": [
                {
                  "Node Type": "Seq Scan",
                  "Parent Relationship": "Outer",
                  "Parallel Aware": true,
                  "Relation Name": "movie_companies",
                  "Alias": "mc",
                  "Startup Cost": 0.0,
                  "Total Cost": 31414.82,
                  "Plan Rows": 185295,
                  "Plan Width": 0,
                  "Actual Startup Time": 47.944,
                  "Actual Total Time": 84.035,
                  "Actual Rows": 216133,
                  "Actual Loops": 4,
                  "Filter": "((company_id > 13449) AND (company_type_id = 2))",
                  "Rows Removed by Filter": 436150
                }
              ]
            }
          ]
        }
      ]
    },
    "Planning Time": 0.219,
    "Triggers": [],
    "Execution Time": 107.836
  }
]