[
    {
        "Bao": {
            "Bao prediction": 1239.328,
            "Bao recommended hint": "(no hint)"
        }
    },
    {
        "Plan": {
            "Node Type": "Aggregate",
            "Strategy": "Plain",
            "Partial Mode": "Finalize",
            "Parallel Aware": false,
            "Startup Cost": 626520.35,
            "Total Cost": 626520.36,
            "Plan Rows": 1,
            "Plan Width": 8,
            "Actual Startup Time": 4338.653,
            "Actual Total Time": 4379.02,
            "Actual Rows": 1,
            "Actual Loops": 1,
            "Output": [
                "count(*)"
            ],
            "Plans": [
                {
                    "Node Type": "Gather",
                    "Parent Relationship": "Outer",
                    "Parallel Aware": false,
                    "Startup Cost": 626519.72,
                    "Total Cost": 626520.33,
                    "Plan Rows": 6,
                    "Plan Width": 8,
                    "Actual Startup Time": 4301.803,
                    "Actual Total Time": 4379.004,
                    "Actual Rows": 7,
                    "Actual Loops": 1,
                    "Output": [
                        "(PARTIAL count(*))"
                    ],
                    "Workers Planned": 6,
                    "Workers Launched": 6,
                    "Single Copy": false,
                    "Plans": [
                        {
                            "Node Type": "Aggregate",
                            "Strategy": "Plain",
                            "Partial Mode": "Partial",
                            "Parent Relationship": "Outer",
                            "Parallel Aware": false,
                            "Startup Cost": 625519.72,
                            "Total Cost": 625519.73,
                            "Plan Rows": 1,
                            "Plan Width": 8,
                            "Actual Startup Time": 4279.746,
                            "Actual Total Time": 4280.45,
                            "Actual Rows": 1,
                            "Actual Loops": 7,
                            "Output": [
                                "PARTIAL count(*)"
                            ],
                            "Workers": [
                                {
                                    "Worker Number": 0,
                                    "Actual Startup Time": 4275.806,
                                    "Actual Total Time": 4275.81,
                                    "Actual Rows": 1,
                                    "Actual Loops": 1
                                },
                                {
                                    "Worker Number": 1,
                                    "Actual Startup Time": 4275.812,
                                    "Actual Total Time": 4275.816,
                                    "Actual Rows": 1,
                                    "Actual Loops": 1
                                },
                                {
                                    "Worker Number": 2,
                                    "Actual Startup Time": 4275.773,
                                    "Actual Total Time": 4275.778,
                                    "Actual Rows": 1,
                                    "Actual Loops": 1
                                },
                                {
                                    "Worker Number": 3,
                                    "Actual Startup Time": 4275.958,
                                    "Actual Total Time": 4275.963,
                                    "Actual Rows": 1,
                                    "Actual Loops": 1
                                },
                                {
                                    "Worker Number": 4,
                                    "Actual Startup Time": 4275.922,
                                    "Actual Total Time": 4275.926,
                                    "Actual Rows": 1,
                                    "Actual Loops": 1
                                },
                                {
                                    "Worker Number": 5,
                                    "Actual Startup Time": 4278.335,
                                    "Actual Total Time": 4278.339,
                                    "Actual Rows": 1,
                                    "Actual Loops": 1
                                }
                            ],
                            "Plans": [
                                {
                                    "Node Type": "Hash Join",
                                    "Parent Relationship": "Outer",
                                    "Parallel Aware": true,
                                    "Join Type": "Inner",
                                    "Startup Cost": 255841.56,
                                    "Total Cost": 617992.52,
                                    "Plan Rows": 3010882,
                                    "Plan Width": 0,
                                    "Actual Startup Time": 1208.846,
                                    "Actual Total Time": 3752.069,
                                    "Actual Rows": 10828876,
                                    "Actual Loops": 7,
                                    "Inner Unique": false,
                                    "Hash Cond": "(ci.movie_id = t.id)",
                                    "Workers": [
                                        {
                                            "Worker Number": 0,
                                            "Actual Startup Time": 1205.19,
                                            "Actual Total Time": 3754.322,
                                            "Actual Rows": 11193009,
                                            "Actual Loops": 1
                                        },
                                        {
                                            "Worker Number": 1,
                                            "Actual Startup Time": 1205.231,
                                            "Actual Total Time": 3747.053,
                                            "Actual Rows": 10955183,
                                            "Actual Loops": 1
                                        },
                                        {
                                            "Worker Number": 2,
                                            "Actual Startup Time": 1205.209,
                                            "Actual Total Time": 3755.264,
                                            "Actual Rows": 11255975,
                                            "Actual Loops": 1
                                        },
                                        {
                                            "Worker Number": 3,
                                            "Actual Startup Time": 1205.455,
                                            "Actual Total Time": 3741.322,
                                            "Actual Rows": 10460437,
                                            "Actual Loops": 1
                                        },
                                        {
                                            "Worker Number": 4,
                                            "Actual Startup Time": 1205.335,
                                            "Actual Total Time": 3776.143,
                                            "Actual Rows": 11380447,
                                            "Actual Loops": 1
                                        },
                                        {
                                            "Worker Number": 5,
                                            "Actual Startup Time": 1205.401,
                                            "Actual Total Time": 3746.533,
                                            "Actual Rows": 9868129,
                                            "Actual Loops": 1
                                        }
                                    ],
                                    "Plans": [
                                        {
                                            "Node Type": "Seq Scan",
                                            "Parent Relationship": "Outer",
                                            "Parallel Aware": true,
                                            "Relation Name": "cast_info",
                                            "Schema": "public",
                                            "Alias": "ci",
                                            "Startup Cost": 0.0,
                                            "Total Cost": 343318.94,
                                            "Plan Rows": 3416066,
                                            "Plan Width": 4,
                                            "Actual Startup Time": 274.27,
                                            "Actual Total Time": 797.13,
                                            "Actual Rows": 3181251,
                                            "Actual Loops": 7,
                                            "Output": [
                                                "ci.id",
                                                "ci.person_id",
                                                "ci.movie_id",
                                                "ci.person_role_id",
                                                "ci.note",
                                                "ci.nr_order",
                                                "ci.role_id"
                                            ],
                                            "Filter": "((ci.person_id > 456202) AND (ci.role_id > 1))",
                                            "Rows Removed by Filter": 1996513,
                                            "Workers": [
                                                {
                                                    "Worker Number": 0,
                                                    "Actual Startup Time": 274.285,
                                                    "Actual Total Time": 790.863,
                                                    "Actual Rows": 3327400,
                                                    "Actual Loops": 1
                                                },
                                                {
                                                    "Worker Number": 1,
                                                    "Actual Startup Time": 274.288,
                                                    "Actual Total Time": 796.505,
                                                    "Actual Rows": 3170814,
                                                    "Actual Loops": 1
                                                },
                                                {
                                                    "Worker Number": 2,
                                                    "Actual Startup Time": 274.27,
                                                    "Actual Total Time": 790.015,
                                                    "Actual Rows": 3349920,
                                                    "Actual Loops": 1
                                                },
                                                {
                                                    "Worker Number": 3,
                                                    "Actual Startup Time": 274.214,
                                                    "Actual Total Time": 817.128,
                                                    "Actual Rows": 2893104,
                                                    "Actual Loops": 1
                                                },
                                                {
                                                    "Worker Number": 4,
                                                    "Actual Startup Time": 274.282,
                                                    "Actual Total Time": 797.891,
                                                    "Actual Rows": 3320043,
                                                    "Actual Loops": 1
                                                },
                                                {
                                                    "Worker Number": 5,
                                                    "Actual Startup Time": 274.259,
                                                    "Actual Total Time": 791.516,
                                                    "Actual Rows": 3119751,
                                                    "Actual Loops": 1
                                                }
                                            ]
                                        },
                                        {
                                            "Node Type": "Hash",
                                            "Parent Relationship": "Inner",
                                            "Parallel Aware": true,
                                            "Startup Cost": 250270.47,
                                            "Total Cost": 250270.47,
                                            "Plan Rows": 445687,
                                            "Plan Width": 8,
                                            "Actual Startup Time": 927.124,
                                            "Actual Total Time": 927.827,
                                            "Actual Rows": 319121,
                                            "Actual Loops": 7,
                                            "Output": [
                                                "t.id",
                                                "mi.movie_id"
                                            ],
                                            "Hash Buckets": 4194304,
                                            "Original Hash Buckets": 4194304,
                                            "Hash Batches": 1,
                                            "Original Hash Batches": 1,
                                            "Peak Memory Usage": 120256,
                                            "Workers": [
                                                {
                                                    "Worker Number": 0,
                                                    "Actual Startup Time": 930.109,
                                                    "Actual Total Time": 930.112,
                                                    "Actual Rows": 317906,
                                                    "Actual Loops": 1
                                                },
                                                {
                                                    "Worker Number": 1,
                                                    "Actual Startup Time": 930.147,
                                                    "Actual Total Time": 930.15,
                                                    "Actual Rows": 321480,
                                                    "Actual Loops": 1
                                                },
                                                {
                                                    "Worker Number": 2,
                                                    "Actual Startup Time": 930.146,
                                                    "Actual Total Time": 930.15,
                                                    "Actual Rows": 322155,
                                                    "Actual Loops": 1
                                                },
                                                {
                                                    "Worker Number": 3,
                                                    "Actual Startup Time": 930.237,
                                                    "Actual Total Time": 930.241,
                                                    "Actual Rows": 322045,
                                                    "Actual Loops": 1
                                                },
                                                {
                                                    "Worker Number": 4,
                                                    "Actual Startup Time": 930.261,
                                                    "Actual Total Time": 930.264,
                                                    "Actual Rows": 306124,
                                                    "Actual Loops": 1
                                                },
                                                {
                                                    "Worker Number": 5,
                                                    "Actual Startup Time": 930.374,
                                                    "Actual Total Time": 930.377,
                                                    "Actual Rows": 321219,
                                                    "Actual Loops": 1
                                                }
                                            ],
                                            "Plans": [
                                                {
                                                    "Node Type": "Hash Join",
                                                    "Parent Relationship": "Outer",
                                                    "Parallel Aware": true,
                                                    "Join Type": "Inner",
                                                    "Startup Cost": 50219.81,
                                                    "Total Cost": 250270.47,
                                                    "Plan Rows": 445687,
                                                    "Plan Width": 8,
                                                    "Actual Startup Time": 301.172,
                                                    "Actual Total Time": 785.684,
                                                    "Actual Rows": 319121,
                                                    "Actual Loops": 7,
                                                    "Output": [
                                                        "t.id",
                                                        "mi.movie_id"
                                                    ],
                                                    "Inner Unique": true,
                                                    "Hash Cond": "(mi.movie_id = t.id)",
                                                    "Workers": [
                                                        {
                                                            "Worker Number": 0,
                                                            "Actual Startup Time": 301.169,
                                                            "Actual Total Time": 784.273,
                                                            "Actual Rows": 317906,
                                                            "Actual Loops": 1
                                                        },
                                                        {
                                                            "Worker Number": 1,
                                                            "Actual Startup Time": 301.157,
                                                            "Actual Total Time": 783.971,
                                                            "Actual Rows": 321480,
                                                            "Actual Loops": 1
                                                        },
                                                        {
                                                            "Worker Number": 2,
                                                            "Actual Startup Time": 301.144,
                                                            "Actual Total Time": 783.793,
                                                            "Actual Rows": 322155,
                                                            "Actual Loops": 1
                                                        },
                                                        {
                                                            "Worker Number": 3,
                                                            "Actual Startup Time": 301.148,
                                                            "Actual Total Time": 786.258,
                                                            "Actual Rows": 322045,
                                                            "Actual Loops": 1
                                                        },
                                                        {
                                                            "Worker Number": 4,
                                                            "Actual Startup Time": 301.158,
                                                            "Actual Total Time": 784.29,
                                                            "Actual Rows": 306124,
                                                            "Actual Loops": 1
                                                        },
                                                        {
                                                            "Worker Number": 5,
                                                            "Actual Startup Time": 301.136,
                                                            "Actual Total Time": 784.457,
                                                            "Actual Rows": 321219,
                                                            "Actual Loops": 1
                                                        }
                                                    ],
                                                    "Plans": [
                                                        {
                                                            "Node Type": "Seq Scan",
                                                            "Parent Relationship": "Outer",
                                                            "Parallel Aware": true,
                                                            "Relation Name": "movie_info",
                                                            "Schema": "public",
                                                            "Alias": "mi",
                                                            "Startup Cost": 0.0,
                                                            "Total Cost": 198880.74,
                                                            "Plan Rows": 445687,
                                                            "Plan Width": 4,
                                                            "Actual Startup Time": 19.522,
                                                            "Actual Total Time": 376.353,
                                                            "Actual Rows": 319121,
                                                            "Actual Loops": 7,
                                                            "Output": [
                                                                "mi.id",
                                                                "mi.movie_id",
                                                                "mi.info_type_id",
                                                                "mi.info",
                                                                "mi.note"
                                                            ],
                                                            "Filter": "(mi.info_type_id > 16)",
                                                            "Rows Removed by Filter": 1800267,
                                                            "Workers": [
                                                                {
                                                                    "Worker Number": 0,
                                                                    "Actual Startup Time": 19.532,
                                                                    "Actual Total Time": 376.023,
                                                                    "Actual Rows": 317906,
                                                                    "Actual Loops": 1
                                                                },
                                                                {
                                                                    "Worker Number": 1,
                                                                    "Actual Startup Time": 19.521,
                                                                    "Actual Total Time": 376.358,
                                                                    "Actual Rows": 321480,
                                                                    "Actual Loops": 1
                                                                },
                                                                {
                                                                    "Worker Number": 2,
                                                                    "Actual Startup Time": 19.502,
                                                                    "Actual Total Time": 376.089,
                                                                    "Actual Rows": 322155,
                                                                    "Actual Loops": 1
                                                                },
                                                                {
                                                                    "Worker Number": 3,
                                                                    "Actual Startup Time": 19.535,
                                                                    "Actual Total Time": 376.508,
                                                                    "Actual Rows": 322045,
                                                                    "Actual Loops": 1
                                                                },
                                                                {
                                                                    "Worker Number": 4,
                                                                    "Actual Startup Time": 19.563,
                                                                    "Actual Total Time": 376.806,
                                                                    "Actual Rows": 306124,
                                                                    "Actual Loops": 1
                                                                },
                                                                {
                                                                    "Worker Number": 5,
                                                                    "Actual Startup Time": 19.534,
                                                                    "Actual Total Time": 376.124,
                                                                    "Actual Rows": 321219,
                                                                    "Actual Loops": 1
                                                                }
                                                            ]
                                                        },
                                                        {
                                                            "Node Type": "Hash",
                                                            "Parent Relationship": "Inner",
                                                            "Parallel Aware": true,
                                                            "Startup Cost": 42318.81,
                                                            "Total Cost": 42318.81,
                                                            "Plan Rows": 632080,
                                                            "Plan Width": 4,
                                                            "Actual Startup Time": 277.22,
                                                            "Actual Total Time": 277.221,
                                                            "Actual Rows": 361187,
                                                            "Actual Loops": 7,
                                                            "Output": [
                                                                "t.id"
                                                            ],
                                                            "Hash Buckets": 4194304,
                                                            "Original Hash Buckets": 4194304,
                                                            "Hash Batches": 1,
                                                            "Original Hash Batches": 1,
                                                            "Peak Memory Usage": 131808,
                                                            "Workers": [
                                                                {
                                                                    "Worker Number": 0,
                                                                    "Actual Startup Time": 281.549,
                                                                    "Actual Total Time": 281.55,
                                                                    "Actual Rows": 353565,
                                                                    "Actual Loops": 1
                                                                },
                                                                {
                                                                    "Worker Number": 1,
                                                                    "Actual Startup Time": 281.549,
                                                                    "Actual Total Time": 281.551,
                                                                    "Actual Rows": 356551,
                                                                    "Actual Loops": 1
                                                                },
                                                                {
                                                                    "Worker Number": 2,
                                                                    "Actual Startup Time": 281.545,
                                                                    "Actual Total Time": 281.547,
                                                                    "Actual Rows": 358571,
                                                                    "Actual Loops": 1
                                                                },
                                                                {
                                                                    "Worker Number": 3,
                                                                    "Actual Startup Time": 281.513,
                                                                    "Actual Total Time": 281.514,
                                                                    "Actual Rows": 362892,
                                                                    "Actual Loops": 1
                                                                },
                                                                {
                                                                    "Worker Number": 4,
                                                                    "Actual Startup Time": 281.415,
                                                                    "Actual Total Time": 281.416,
                                                                    "Actual Rows": 330131,
                                                                    "Actual Loops": 1
                                                                },
                                                                {
                                                                    "Worker Number": 5,
                                                                    "Actual Startup Time": 281.533,
                                                                    "Actual Total Time": 281.534,
                                                                    "Actual Rows": 361660,
                                                                    "Actual Loops": 1
                                                                }
                                                            ],
                                                            "Plans": [
                                                                {
                                                                    "Node Type": "Seq Scan",
                                                                    "Parent Relationship": "Outer",
                                                                    "Parallel Aware": true,
                                                                    "Relation Name": "title",
                                                                    "Schema": "public",
                                                                    "Alias": "t",
                                                                    "Startup Cost": 0.0,
                                                                    "Total Cost": 42318.81,
                                                                    "Plan Rows": 632080,
                                                                    "Plan Width": 4,
                                                                    "Actual Startup Time": 0.057,
                                                                    "Actual Total Time": 84.222,
                                                                    "Actual Rows": 361187,
                                                                    "Actual Loops": 7,
                                                                    "Output": [
                                                                        "t.id"
                                                                    ],
                                                                    "Workers": [
                                                                        {
                                                                            "Worker Number": 0,
                                                                            "Actual Startup Time": 0.088,
                                                                            "Actual Total Time": 84.954,
                                                                            "Actual Rows": 353565,
                                                                            "Actual Loops": 1
                                                                        },
                                                                        {
                                                                            "Worker Number": 1,
                                                                            "Actual Startup Time": 0.047,
                                                                            "Actual Total Time": 84.408,
                                                                            "Actual Rows": 356551,
                                                                            "Actual Loops": 1
                                                                        },
                                                                        {
                                                                            "Worker Number": 2,
                                                                            "Actual Startup Time": 0.08,
                                                                            "Actual Total Time": 84.405,
                                                                            "Actual Rows": 358571,
                                                                            "Actual Loops": 1
                                                                        },
                                                                        {
                                                                            "Worker Number": 3,
                                                                            "Actual Startup Time": 0.093,
                                                                            "Actual Total Time": 84.994,
                                                                            "Actual Rows": 362892,
                                                                            "Actual Loops": 1
                                                                        },
                                                                        {
                                                                            "Worker Number": 4,
                                                                            "Actual Startup Time": 0.044,
                                                                            "Actual Total Time": 82.273,
                                                                            "Actual Rows": 330131,
                                                                            "Actual Loops": 1
                                                                        },
                                                                        {
                                                                            "Worker Number": 5,
                                                                            "Actual Startup Time": 0.025,
                                                                            "Actual Total Time": 84.806,
                                                                            "Actual Rows": 361660,
                                                                            "Actual Loops": 1
                                                                        }
                                                                    ]
                                                                }
                                                            ]
                                                        }
                                                    ]
                                                }
                                            ]
                                        }
                                    ]
                                }
                            ]
                        }
                    ]
                }
            ]
        },
        "Planning Time": 733.681,
        "Triggers": [],
        "Execution Time": 4379.307
    }
]