[
  {
    "Plan": {
      "Node Type": "Aggregate",
      "Strategy": "Plain",
      "Partial Mode": "Finalize",
      "Parallel Aware": false,
      "Startup Cost": 96033.92,
      "Total Cost": 96033.93,
      "Plan Rows": 1,
      "Plan Width": 8,
      "Actual Startup Time": 466.139,
      "Actual Total Time": 480.278,
      "Actual Rows": 1,
      "Actual Loops": 1,
      "Plans": [
        {
          "Node Type": "Gather",
          "Parent Relationship": "Outer",
          "Parallel Aware": false,
          "Startup Cost": 96033.6,
          "Total Cost": 96033.91,
          "Plan Rows": 3,
          "Plan Width": 8,
          "Actual Startup Time": 461.017,
          "Actual Total Time": 480.27,
          "Actual Rows": 4,
          "Actual Loops": 1,
          "Workers Planned": 3,
          "Workers Launched": 3,
          "Single Copy": false,
          "Plans": [
            {
              "Node Type": "Aggregate",
              "Strategy": "Plain",
              "Partial Mode": "Partial",
              "Parent Relationship": "Outer",
              "Parallel Aware": false,
              "Startup Cost": 95033.6,
              "Total Cost": 95033.61,
              "Plan Rows": 1,
              "Plan Width": 8,
              "Actual Startup Time": 454.364,
              "Actual Total Time": 454.367,
              "Actual Rows": 1,
              "Actual Loops": 4,
              "Plans": [
                {
                  "Node Type": "Hash Join",
                  "Parent Relationship": "Outer",
                  "Parallel Aware": true,
                  "Join Type": "Inner",
                  "Startup Cost": 50046.71,
                  "Total Cost": 92924.79,
                  "Plan Rows": 843523,
                  "Plan Width": 0,
                  "Actual Startup Time": 231.716,
                  "Actual Total Time": 447.123,
                  "Actual Rows": 158871,
                  "Actual Loops": 4,
                  "Inner Unique": true,
                  "Hash Cond": "(mk.movie_id = t.id)",
                  "Plans": [
                    {
                      "Node Type": "Seq Scan",
                      "Parent Relationship": "Outer",
                      "Parallel Aware": true,
                      "Relation Name": "movie_keyword",
                      "Alias": "mk",
                      "Startup Cost": 0.0,
                      "Total Cost": 39047.32,
                      "Plan Rows": 1459332,
                      "Plan Width": 4,
                      "Actual Startup Time": 0.025,
                      "Actual Total Time": 86.984,
                      "Actual Rows": 1130982,
                      "Actual Loops": 4
                    },
                    {
                      "Node Type": "Hash",
                      "Parent Relationship": "Inner",
                      "Parallel Aware": true,
                      "Startup Cost": 45479.59,
                      "Total Cost": 45479.59,
                      "Plan Rows": 365370,
                      "Plan Width": 4,
                      "Actual Startup Time": 226.918,
                      "Actual Total Time": 226.919,
                      "Actual Rows": 369610,
                      "Actual Loops": 4,
                      "Hash Buckets": 2097152,
                      "Original Hash Buckets": 2097152,
                      "Hash Batches": 1,
                      "Original Hash Batches": 1,
                      "Peak Memory Usage": 74304,
                      "Plans": [
                        {
                          "Node Type": "Seq Scan",
                          "Parent Relationship": "Outer",
                          "Parallel Aware": true,
                          "Relation Name": "title",
                          "Alias": "t",
                          "Startup Cost": 0.0,
                          "Total Cost": 45479.59,
                          "Plan Rows": 365370,
                          "Plan Width": 4,
                          "Actual Startup Time": 0.027,
                          "Actual Total Time": 105.484,
                          "Actual Rows": 369610,
                          "Actual Loops": 4,
                          "Filter": "((kind_id > 6) AND (production_year > 1914))",
                          "Rows Removed by Filter": 262468
                        }
                      ]
                    }
                  ]
                }
              ]
            }
          ]
        }
      ]
    },
    "Planning Time": 0.278,
    "Triggers": [],
    "Execution Time": 480.312
  }
]