[
  {
    "Plan": {
      "Node Type": "Aggregate",
      "Strategy": "Plain",
      "Partial Mode": "Finalize",
      "Parallel Aware": false,
      "Startup Cost": 31625.08,
      "Total Cost": 31625.09,
      "Plan Rows": 1,
      "Plan Width": 8,
      "Actual Startup Time": 118.223,
      "Actual Total Time": 125.894,
      "Actual Rows": 1,
      "Actual Loops": 1,
      "Plans": [
        {
          "Node Type": "Gather",
          "Parent Relationship": "Outer",
          "Parallel Aware": false,
          "Startup Cost": 31624.77,
          "Total Cost": 31625.08,
          "Plan Rows": 3,
          "Plan Width": 8,
          "Actual Startup Time": 118.042,
          "Actual Total Time": 125.885,
          "Actual Rows": 4,
          "Actual Loops": 1,
          "Workers Planned": 3,
          "Workers Launched": 3,
          "Single Copy": false,
          "Plans": [
            {
              "Node Type": "Aggregate",
              "Strategy": "Plain",
              "Partial Mode": "Partial",
              "Parent Relationship": "Outer",
              "Parallel Aware": false,
              "Startup Cost": 30624.77,
              "Total Cost": 30624.78,
              "Plan Rows": 1,
              "Plan Width": 8,
              "Actual Startup Time": 112.045,
              "Actual Total Time": 112.046,
              "Actual Rows": 1,
              "Actual Loops": 4,
              "Plans": [
                {
                  "Node Type": "Seq Scan",
                  "Parent Relationship": "Outer",
                  "Parallel Aware": true,
                  "Relation Name": "movie_companies",
                  "Alias": "mc",
                  "Startup Cost": 0.0,
                  "Total Cost": 29310.68,
                  "Plan Rows": 525634,
                  "Plan Width": 0,
                  "Actual Startup Time": 5.191,
                  "Actual Total Time": 90.444,
                  "Actual Rows": 407320,
                  "Actual Loops": 4,
                  "Filter": "(company_id > 4360)",
                  "Rows Removed by Filter": 244963
                }
              ]
            }
          ]
        }
      ]
    },
    "Planning Time": 0.175,
    "Triggers": [],
    "Execution Time": 125.942
  }
]