{
  "Plan": {
    "Node Type": "Aggregate",
    "Strategy": "Plain",
    "Partial Mode": "Finalize",
    "Parallel Aware": false,
    "Startup Cost": 125689.98,
    "Total Cost": 125689.99,
    "Plan Rows": 1,
    "Plan Width": 8,
    "Actual Startup Time": 655.954,
    "Actual Total Time": 669.724,
    "Actual Rows": 1,
    "Actual Loops": 1,
    "Plans": [
      {
        "Node Type": "Gather",
        "Parent Relationship": "Outer",
        "Parallel Aware": false,
        "Startup Cost": 125689.86,
        "Total Cost": 125689.97,
        "Plan Rows": 1,
        "Plan Width": 8,
        "Actual Startup Time": 652.928,
        "Actual Total Time": 669.713,
        "Actual Rows": 2,
        "Actual Loops": 1,
        "Workers Planned": 1,
        "Workers Launched": 1,
        "Single Copy": false,
        "Plans": [
          {
            "Node Type": "Aggregate",
            "Strategy": "Plain",
            "Partial Mode": "Partial",
            "Parent Relationship": "Outer",
            "Parallel Aware": false,
            "Startup Cost": 124689.86,
            "Total Cost": 124689.87,
            "Plan Rows": 1,
            "Plan Width": 8,
            "Actual Startup Time": 646.088,
            "Actual Total Time": 646.366,
            "Actual Rows": 1,
            "Actual Loops": 2,
            "Plans": [
              {
                "Node Type": "Hash Join",
                "Parent Relationship": "Outer",
                "Parallel Aware": true,
                "Join Type": "Inner",
                "Startup Cost": 104127.75,
                "Total Cost": 124559.09,
                "Plan Rows": 52308,
                "Plan Width": 0,
                "Actual Startup Time": 522.614,
                "Actual Total Time": 643.889,
                "Actual Rows": 46854,
                "Actual Loops": 2,
                "Inner Unique": false,
                "Hash Cond": "(mi_idx.movie_id = t.id)",
                "Plans": [
                  {
                    "Node Type": "Seq Scan",
                    "Parent Relationship": "Outer",
                    "Parallel Aware": true,
                    "Relation Name": "movie_info_idx",
                    "Alias": "mi_idx",
                    "Startup Cost": 0.0,
                    "Total Cost": 18082.32,
                    "Plan Rows": 544356,
                    "Plan Width": 4,
                    "Actual Startup Time": 0.03,
                    "Actual Total Time": 67.464,
                    "Actual Rows": 460055,
                    "Actual Loops": 2,
                    "Filter": "(info_type_id > 99)",
                    "Rows Removed by Filter": 229962
                  },
                  {
                    "Node Type": "Hash",
                    "Parent Relationship": "Inner",
                    "Parallel Aware": true,
                    "Startup Cost": 102341.39,
                    "Total Cost": 102341.39,
                    "Plan Rows": 142909,
                    "Plan Width": 8,
                    "Actual Startup Time": 520.229,
                    "Actual Total Time": 520.505,
                    "Actual Rows": 56938,
                    "Actual Loops": 2,
                    "Hash Buckets": 262144,
                    "Original Hash Buckets": 262144,
                    "Hash Batches": 1,
                    "Original Hash Batches": 1,
                    "Peak Memory Usage": 6528,
                    "Plans": [
                      {
                        "Node Type": "Hash Join",
                        "Parent Relationship": "Outer",
                        "Parallel Aware": true,
                        "Join Type": "Inner",
                        "Startup Cost": 78534.76,
                        "Total Cost": 102341.39,
                        "Plan Rows": 142909,
                        "Plan Width": 8,
                        "Actual Startup Time": 375.307,
                        "Actual Total Time": 507.08,
                        "Actual Rows": 56938,
                        "Actual Loops": 2,
                        "Inner Unique": true,
                        "Hash Cond": "(mc.movie_id = t.id)",
                        "Plans": [
                          {
                            "Node Type": "Bitmap Heap Scan",
                            "Parent Relationship": "Outer",
                            "Parallel Aware": true,
                            "Relation Name": "movie_companies",
                            "Alias": "mc",
                            "Startup Cost": 12218.29,
                            "Total Cost": 35154.27,
                            "Plan Rows": 331678,
                            "Plan Width": 4,
                            "Actual Startup Time": 25.994,
                            "Actual Total Time": 67.428,
                            "Actual Rows": 292586,
                            "Actual Loops": 2,
                            "Recheck Cond": "(company_id > 70934)",
                            "Rows Removed by Index Recheck": 0,
                            "Exact Heap Blocks": 4510,
                            "Lossy Heap Blocks": 0,
                            "Plans": [
                              {
                                "Node Type": "Bitmap Index Scan",
                                "Parent Relationship": "Outer",
                                "Parallel Aware": false,
                                "Index Name": "company_id_movie_companies",
                                "Startup Cost": 0.0,
                                "Total Cost": 12077.33,
                                "Plan Rows": 563853,
                                "Plan Width": 0,
                                "Actual Startup Time": 24.854,
                                "Actual Total Time": 24.854,
                                "Actual Rows": 585173,
                                "Actual Loops": 1,
                                "Index Cond": "(company_id > 70934)"
                              }
                            ]
                          },
                          {
                            "Node Type": "Hash",
                            "Parent Relationship": "Inner",
                            "Parallel Aware": true,
                            "Startup Cost": 58306.47,
                            "Total Cost": 58306.47,
                            "Plan Rows": 640800,
                            "Plan Width": 4,
                            "Actual Startup Time": 339.43,
                            "Actual Total Time": 339.431,
                            "Actual Rows": 522111,
                            "Actual Loops": 2,
                            "Hash Buckets": 2097152,
                            "Original Hash Buckets": 2097152,
                            "Hash Batches": 1,
                            "Original Hash Batches": 1,
                            "Peak Memory Usage": 57248,
                            "Plans": [
                              {
                                "Node Type": "Seq Scan",
                                "Parent Relationship": "Outer",
                                "Parallel Aware": true,
                                "Relation Name": "title",
                                "Alias": "t",
                                "Startup Cost": 0.0,
                                "Total Cost": 58306.47,
                                "Plan Rows": 640800,
                                "Plan Width": 4,
                                "Actual Startup Time": 0.028,
                                "Actual Total Time": 181.648,
                                "Actual Rows": 522111,
                                "Actual Loops": 2,
                                "Filter": "((production_year < 2009) AND (kind_id = 7))",
                                "Rows Removed by Filter": 742045
                              }
                            ]
                          }
                        ]
                      }
                    ]
                  }
                ]
              }
            ]
          }
        ]
      }
    ]
  },
  "Planning Time": 0.622,
  "Triggers": [],
  "Execution Time": 669.798
}