{
  "Plan": {
    "Node Type": "Aggregate",
    "Strategy": "Plain",
    "Partial Mode": "Finalize",
    "Parallel Aware": false,
    "Startup Cost": 109438.48,
    "Total Cost": 109438.49,
    "Plan Rows": 1,
    "Plan Width": 8,
    "Actual Startup Time": 466.223,
    "Actual Total Time": 482.349,
    "Actual Rows": 1,
    "Actual Loops": 1,
    "Plans": [
      {
        "Node Type": "Gather",
        "Parent Relationship": "Outer",
        "Parallel Aware": false,
        "Startup Cost": 109438.37,
        "Total Cost": 109438.48,
        "Plan Rows": 1,
        "Plan Width": 8,
        "Actual Startup Time": 465.164,
        "Actual Total Time": 482.343,
        "Actual Rows": 2,
        "Actual Loops": 1,
        "Workers Planned": 1,
        "Workers Launched": 1,
        "Single Copy": false,
        "Plans": [
          {
            "Node Type": "Aggregate",
            "Strategy": "Plain",
            "Partial Mode": "Partial",
            "Parent Relationship": "Outer",
            "Parallel Aware": false,
            "Startup Cost": 108438.37,
            "Total Cost": 108438.38,
            "Plan Rows": 1,
            "Plan Width": 8,
            "Actual Startup Time": 459.455,
            "Actual Total Time": 459.458,
            "Actual Rows": 1,
            "Actual Loops": 2,
            "Plans": [
              {
                "Node Type": "Hash Join",
                "Parent Relationship": "Outer",
                "Parallel Aware": true,
                "Join Type": "Inner",
                "Startup Cost": 46349.86,
                "Total Cost": 107886.65,
                "Plan Rows": 220686,
                "Plan Width": 0,
                "Actual Startup Time": 178.767,
                "Actual Total Time": 455.221,
                "Actual Rows": 100718,
                "Actual Loops": 2,
                "Inner Unique": false,
                "Hash Cond": "(t.id = mc.movie_id)",
                "Plans": [
                  {
                    "Node Type": "Seq Scan",
                    "Parent Relationship": "Outer",
                    "Parallel Aware": true,
                    "Relation Name": "title",
                    "Alias": "t",
                    "Startup Cost": 0.0,
                    "Total Cost": 54588.39,
                    "Plan Rows": 904038,
                    "Plan Width": 4,
                    "Actual Startup Time": 0.01,
                    "Actual Total Time": 138.409,
                    "Actual Rows": 771632,
                    "Actual Loops": 2,
                    "Filter": "(kind_id = 7)",
                    "Rows Removed by Filter": 492524
                  },
                  {
                    "Node Type": "Hash",
                    "Parent Relationship": "Inner",
                    "Parallel Aware": true,
                    "Startup Cost": 41811.73,
                    "Total Cost": 41811.73,
                    "Plan Rows": 363051,
                    "Plan Width": 4,
                    "Actual Startup Time": 170.36,
                    "Actual Total Time": 170.361,
                    "Actual Rows": 199648,
                    "Actual Loops": 2,
                    "Hash Buckets": 1048576,
                    "Original Hash Buckets": 1048576,
                    "Hash Batches": 1,
                    "Original Hash Batches": 1,
                    "Peak Memory Usage": 23872,
                    "Plans": [
                      {
                        "Node Type": "Seq Scan",
                        "Parent Relationship": "Outer",
                        "Parallel Aware": true,
                        "Relation Name": "movie_companies",
                        "Alias": "mc",
                        "Startup Cost": 0.0,
                        "Total Cost": 41811.73,
                        "Plan Rows": 363051,
                        "Plan Width": 4,
                        "Actual Startup Time": 66.553,
                        "Actual Total Time": 122.981,
                        "Actual Rows": 199648,
                        "Actual Loops": 2,
                        "Filter": "((company_id < 11137) AND (company_type_id > 1))",
                        "Rows Removed by Filter": 1104916
                      }
                    ]
                  }
                ]
              }
            ]
          }
        ]
      }
    ]
  },
  "Planning Time": 0.523,
  "Triggers": [],
  "Execution Time": 482.404
}