[
  {
    "Plan": {
      "Node Type": "Aggregate",
      "Strategy": "Plain",
      "Partial Mode": "Finalize",
      "Parallel Aware": false,
      "Startup Cost": 317658.18,
      "Total Cost": 317658.19,
      "Plan Rows": 1,
      "Plan Width": 8,
      "Actual Startup Time": 163.398,
      "Actual Total Time": 171.893,
      "Actual Rows": 1,
      "Actual Loops": 1,
      "Plans": [
        {
          "Node Type": "Gather",
          "Parent Relationship": "Outer",
          "Parallel Aware": false,
          "Startup Cost": 317657.66,
          "Total Cost": 317658.17,
          "Plan Rows": 5,
          "Plan Width": 8,
          "Actual Startup Time": 159.431,
          "Actual Total Time": 171.887,
          "Actual Rows": 6,
          "Actual Loops": 1,
          "Workers Planned": 5,
          "Workers Launched": 5,
          "Single Copy": false,
          "Plans": [
            {
              "Node Type": "Aggregate",
              "Strategy": "Plain",
              "Partial Mode": "Partial",
              "Parent Relationship": "Outer",
              "Parallel Aware": false,
              "Startup Cost": 316657.66,
              "Total Cost": 316657.67,
              "Plan Rows": 1,
              "Plan Width": 8,
              "Actual Startup Time": 154.316,
              "Actual Total Time": 154.319,
              "Actual Rows": 1,
              "Actual Loops": 6,
              "Plans": [
                {
                  "Node Type": "Hash Join",
                  "Parent Relationship": "Outer",
                  "Parallel Aware": true,
                  "Join Type": "Inner",
                  "Startup Cost": 54732.27,
                  "Total Cost": 316630.74,
                  "Plan Rows": 10769,
                  "Plan Width": 0,
                  "Actual Startup Time": 117.172,
                  "Actual Total Time": 153.617,
                  "Actual Rows": 10462,
                  "Actual Loops": 6,
                  "Inner Unique": true,
                  "Hash Cond": "(ci.movie_id = t.id)",
                  "Plans": [
                    {
                      "Node Type": "Bitmap Heap Scan",
                      "Parent Relationship": "Outer",
                      "Parallel Aware": true,
                      "Relation Name": "cast_info",
                      "Alias": "ci",
                      "Startup Cost": 9611.79,
                      "Total Cost": 271327.4,
                      "Plan Rows": 69661,
                      "Plan Width": 4,
                      "Actual Startup Time": 22.758,
                      "Actual Total Time": 40.76,
                      "Actual Rows": 66082,
                      "Actual Loops": 6,
                      "Recheck Cond": "(person_id < 49815)",
                      "Rows Removed by Index Recheck": 0,
                      "Filter": "(role_id < 8)",
                      "Rows Removed by Filter": 7041,
                      "Exact Heap Blocks": 918,
                      "Lossy Heap Blocks": 0,
                      "Plans": [
                        {
                          "Node Type": "Bitmap Index Scan",
                          "Parent Relationship": "Outer",
                          "Parallel Aware": false,
                          "Index Name": "person_id_cast_info",
                          "Startup Cost": 0.0,
                          "Total Cost": 9524.72,
                          "Plan Rows": 436287,
                          "Plan Width": 0,
                          "Actual Startup Time": 22.021,
                          "Actual Total Time": 22.022,
                          "Actual Rows": 438742,
                          "Actual Loops": 1,
                          "Index Cond": "(person_id < 49815)"
                        }
                      ]
                    },
                    {
                      "Node Type": "Hash",
                      "Parent Relationship": "Inner",
                      "Parallel Aware": true,
                      "Startup Cost": 43899.01,
                      "Total Cost": 43899.01,
                      "Plan Rows": 97718,
                      "Plan Width": 4,
                      "Actual Startup Time": 93.11,
                      "Actual Total Time": 93.111,
                      "Actual Rows": 65278,
                      "Actual Loops": 6,
                      "Hash Buckets": 524288,
                      "Original Hash Buckets": 524288,
                      "Hash Batches": 1,
                      "Original Hash Batches": 1,
                      "Peak Memory Usage": 19552,
                      "Plans": [
                        {
                          "Node Type": "Seq Scan",
                          "Parent Relationship": "Outer",
                          "Parallel Aware": true,
                          "Relation Name": "title",
                          "Alias": "t",
                          "Startup Cost": 0.0,
                          "Total Cost": 43899.01,
                          "Plan Rows": 97718,
                          "Plan Width": 4,
                          "Actual Startup Time": 0.021,
                          "Actual Total Time": 67.863,
                          "Actual Rows": 65278,
                          "Actual Loops": 6,
                          "Filter": "(production_year > 2010)",
                          "Rows Removed by Filter": 356108
                        }
                      ]
                    }
                  ]
                }
              ]
            }
          ]
        }
      ]
    },
    "Planning Time": 0.263,
    "Triggers": [],
    "Execution Time": 171.936
  }
]