[
  {
    "Plan": {
      "Node Type": "Aggregate",
      "Strategy": "Plain",
      "Partial Mode": "Finalize",
      "Parallel Aware": false,
      "Startup Cost": 316471.13,
      "Total Cost": 316471.14,
      "Plan Rows": 1,
      "Plan Width": 8,
      "Actual Startup Time": 165.163,
      "Actual Total Time": 175.883,
      "Actual Rows": 1,
      "Actual Loops": 1,
      "Plans": [
        {
          "Node Type": "Gather",
          "Parent Relationship": "Outer",
          "Parallel Aware": false,
          "Startup Cost": 316470.61,
          "Total Cost": 316471.12,
          "Plan Rows": 5,
          "Plan Width": 8,
          "Actual Startup Time": 162.659,
          "Actual Total Time": 175.876,
          "Actual Rows": 6,
          "Actual Loops": 1,
          "Workers Planned": 5,
          "Workers Launched": 5,
          "Single Copy": false,
          "Plans": [
            {
              "Node Type": "Aggregate",
              "Strategy": "Plain",
              "Partial Mode": "Partial",
              "Parent Relationship": "Outer",
              "Parallel Aware": false,
              "Startup Cost": 315470.61,
              "Total Cost": 315470.62,
              "Plan Rows": 1,
              "Plan Width": 8,
              "Actual Startup Time": 154.645,
              "Actual Total Time": 154.649,
              "Actual Rows": 1,
              "Actual Loops": 6,
              "Plans": [
                {
                  "Node Type": "Hash Join",
                  "Parent Relationship": "Outer",
                  "Parallel Aware": true,
                  "Join Type": "Inner",
                  "Startup Cost": 55087.53,
                  "Total Cost": 315442.83,
                  "Plan Rows": 11113,
                  "Plan Width": 0,
                  "Actual Startup Time": 118.181,
                  "Actual Total Time": 154.063,
                  "Actual Rows": 10462,
                  "Actual Loops": 6,
                  "Inner Unique": true,
                  "Hash Cond": "(ci.movie_id = t.id)",
                  "Plans": [
                    {
                      "Node Type": "Bitmap Heap Scan",
                      "Parent Relationship": "Outer",
                      "Parallel Aware": true,
                      "Relation Name": "cast_info",
                      "Alias": "ci",
                      "Startup Cost": 9966.44,
                      "Total Cost": 270133.15,
                      "Plan Rows": 71843,
                      "Plan Width": 4,
                      "Actual Startup Time": 15.764,
                      "Actual Total Time": 33.178,
                      "Actual Rows": 66082,
                      "Actual Loops": 6,
                      "Recheck Cond": "(person_id < 49815)",
                      "Rows Removed by Index Recheck": 0,
                      "Filter": "(role_id < 8)",
                      "Rows Removed by Filter": 7041,
                      "Exact Heap Blocks": 1038,
                      "Lossy Heap Blocks": 0,
                      "Plans": [
                        {
                          "Node Type": "Bitmap Index Scan",
                          "Parent Relationship": "Outer",
                          "Parallel Aware": false,
                          "Index Name": "person_id_cast_info",
                          "Startup Cost": 0.0,
                          "Total Cost": 9876.64,
                          "Plan Rows": 452276,
                          "Plan Width": 0,
                          "Actual Startup Time": 15.022,
                          "Actual Total Time": 15.022,
                          "Actual Rows": 438742,
                          "Actual Loops": 1,
                          "Index Cond": "(person_id < 49815)"
                        }
                      ]
                    },
                    {
                      "Node Type": "Hash",
                      "Parent Relationship": "Inner",
                      "Parallel Aware": true,
                      "Startup Cost": 43898.92,
                      "Total Cost": 43898.92,
                      "Plan Rows": 97774,
                      "Plan Width": 4,
                      "Actual Startup Time": 100.841,
                      "Actual Total Time": 100.842,
                      "Actual Rows": 65278,
                      "Actual Loops": 6,
                      "Hash Buckets": 524288,
                      "Original Hash Buckets": 524288,
                      "Hash Batches": 1,
                      "Original Hash Batches": 1,
                      "Peak Memory Usage": 19520,
                      "Plans": [
                        {
                          "Node Type": "Seq Scan",
                          "Parent Relationship": "Outer",
                          "Parallel Aware": true,
                          "Relation Name": "title",
                          "Alias": "t",
                          "Startup Cost": 0.0,
                          "Total Cost": 43898.92,
                          "Plan Rows": 97774,
                          "Plan Width": 4,
                          "Actual Startup Time": 0.035,
                          "Actual Total Time": 74.496,
                          "Actual Rows": 65278,
                          "Actual Loops": 6,
                          "Filter": "(production_year > 2010)",
                          "Rows Removed by Filter": 356108
                        }
                      ]
                    }
                  ]
                }
              ]
            }
          ]
        }
      ]
    },
    "Planning Time": 0.328,
    "Triggers": [],
    "Execution Time": 175.936
  }
]