{
  "Plan": {
    "Node Type": "Aggregate",
    "Strategy": "Plain",
    "Partial Mode": "Finalize",
    "Parallel Aware": false,
    "Startup Cost": 549995.85,
    "Total Cost": 549995.86,
    "Plan Rows": 1,
    "Plan Width": 64,
    "Actual Startup Time": 10699.405,
    "Actual Total Time": 10781.707,
    "Actual Rows": 1,
    "Actual Loops": 1,
    "Plans": [
      {
        "Node Type": "Gather",
        "Parent Relationship": "Outer",
        "Parallel Aware": false,
        "Startup Cost": 549995.74,
        "Total Cost": 549995.85,
        "Plan Rows": 1,
        "Plan Width": 64,
        "Actual Startup Time": 10696.15,
        "Actual Total Time": 10781.691,
        "Actual Rows": 2,
        "Actual Loops": 1,
        "Workers Planned": 1,
        "Workers Launched": 1,
        "Single Copy": false,
        "Plans": [
          {
            "Node Type": "Aggregate",
            "Strategy": "Plain",
            "Partial Mode": "Partial",
            "Parent Relationship": "Outer",
            "Parallel Aware": false,
            "Startup Cost": 548995.74,
            "Total Cost": 548995.75,
            "Plan Rows": 1,
            "Plan Width": 64,
            "Actual Startup Time": 10688.102,
            "Actual Total Time": 10688.116,
            "Actual Rows": 1,
            "Actual Loops": 2,
            "Plans": [
              {
                "Node Type": "Nested Loop",
                "Parent Relationship": "Outer",
                "Parallel Aware": false,
                "Join Type": "Inner",
                "Startup Cost": 246720.6,
                "Total Cost": 548991.91,
                "Plan Rows": 765,
                "Plan Width": 32,
                "Actual Startup Time": 2207.014,
                "Actual Total Time": 10589.879,
                "Actual Rows": 751450,
                "Actual Loops": 2,
                "Inner Unique": true,
                "Plans": [
                  {
                    "Node Type": "Nested Loop",
                    "Parent Relationship": "Outer",
                    "Parallel Aware": false,
                    "Join Type": "Inner",
                    "Startup Cost": 246720.17,
                    "Total Cost": 548601.05,
                    "Plan Rows": 765,
                    "Plan Width": 36,
                    "Actual Startup Time": 2206.964,
                    "Actual Total Time": 9535.478,
                    "Actual Rows": 843064,
                    "Actual Loops": 2,
                    "Inner Unique": true,
                    "Plans": [
                      {
                        "Node Type": "Nested Loop",
                        "Parent Relationship": "Outer",
                        "Parallel Aware": false,
                        "Join Type": "Inner",
                        "Startup Cost": 246719.74,
                        "Total Cost": 546782.22,
                        "Plan Rows": 3344,
                        "Plan Width": 29,
                        "Actual Startup Time": 2206.915,
                        "Actual Total Time": 8359.718,
                        "Actual Rows": 843380,
                        "Actual Loops": 2,
                        "Inner Unique": true,
                        "Plans": [
                          {
                            "Node Type": "Nested Loop",
                            "Parent Relationship": "Outer",
                            "Parallel Aware": false,
                            "Join Type": "Inner",
                            "Startup Cost": 246719.32,
                            "Total Cost": 542670.6,
                            "Plan Rows": 9220,
                            "Plan Width": 33,
                            "Actual Startup Time": 2206.876,
                            "Actual Total Time": 4625.428,
                            "Actual Rows": 2735084,
                            "Actual Loops": 2,
                            "Inner Unique": false,
                            "Join Filter": "(t.id = mc.movie_id)",
                            "Rows Removed by Join Filter": 0,
                            "Plans": [
                              {
                                "Node Type": "Hash Join",
                                "Parent Relationship": "Outer",
                                "Parallel Aware": false,
                                "Join Type": "Inner",
                                "Startup Cost": 246718.89,
                                "Total Cost": 537420.7,
                                "Plan Rows": 8934,
                                "Plan Width": 41,
                                "Actual Startup Time": 2206.803,
                                "Actual Total Time": 3482.587,
                                "Actual Rows": 333494,
                                "Actual Loops": 2,
                                "Inner Unique": true,
                                "Hash Cond": "(mi.info_type_id = it.id)",
                                "Plans": [
                                  {
                                    "Node Type": "Hash Join",
                                    "Parent Relationship": "Outer",
                                    "Parallel Aware": true,
                                    "Join Type": "Inner",
                                    "Startup Cost": 246716.46,
                                    "Total Cost": 534668.78,
                                    "Plan Rows": 1009566,
                                    "Plan Width": 45,
                                    "Actual Startup Time": 1795.072,
                                    "Actual Total Time": 3365.48,
                                    "Actual Rows": 1648945,
                                    "Actual Loops": 2,
                                    "Inner Unique": false,
                                    "Hash Cond": "(mi.movie_id = t.id)",
                                    "Plans": [
                                      {
                                        "Node Type": "Seq Scan",
                                        "Parent Relationship": "Outer",
                                        "Parallel Aware": true,
                                        "Relation Name": "movie_info",
                                        "Alias": "mi",
                                        "Startup Cost": 0.0,
                                        "Total Cost": 249280.77,
                                        "Plan Rows": 8728777,
                                        "Plan Width": 8,
                                        "Actual Startup Time": 0.013,
                                        "Actual Total Time": 599.765,
                                        "Actual Rows": 7417860,
                                        "Actual Loops": 2
                                      },
                                      {
                                        "Node Type": "Hash",
                                        "Parent Relationship": "Inner",
                                        "Parallel Aware": true,
                                        "Startup Cost": 244566.39,
                                        "Total Cost": 244566.39,
                                        "Plan Rows": 172006,
                                        "Plan Width": 37,
                                        "Actual Startup Time": 1789.324,
                                        "Actual Total Time": 1789.331,
                                        "Actual Rows": 155532,
                                        "Actual Loops": 2,
                                        "Hash Buckets": 524288,
                                        "Original Hash Buckets": 524288,
                                        "Hash Batches": 1,
                                        "Original Hash Batches": 1,
                                        "Peak Memory Usage": 27808,
                                        "Plans": [
                                          {
                                            "Node Type": "Hash Join",
                                            "Parent Relationship": "Outer",
                                            "Parallel Aware": false,
                                            "Join Type": "Inner",
                                            "Startup Cost": 179936.41,
                                            "Total Cost": 244566.39,
                                            "Plan Rows": 172006,
                                            "Plan Width": 37,
                                            "Actual Startup Time": 1421.115,
                                            "Actual Total Time": 1740.963,
                                            "Actual Rows": 155532,
                                            "Actual Loops": 2,
                                            "Inner Unique": false,
                                            "Hash Cond": "(t.id = ci.movie_id)",
                                            "Plans": [
                                              {
                                                "Node Type": "Seq Scan",
                                                "Parent Relationship": "Outer",
                                                "Parallel Aware": true,
                                                "Relation Name": "title",
                                                "Alias": "t",
                                                "Startup Cost": 0.0,
                                                "Total Cost": 54587.68,
                                                "Plan Rows": 739754,
                                                "Plan Width": 21,
                                                "Actual Startup Time": 0.026,
                                                "Actual Total Time": 152.909,
                                                "Actual Rows": 630148,
                                                "Actual Loops": 2,
                                                "Filter": "(production_year > 2002)",
                                                "Rows Removed by Filter": 634008
                                              },
                                              {
                                                "Node Type": "Hash",
                                                "Parent Relationship": "Inner",
                                                "Parallel Aware": false,
                                                "Startup Cost": 172588.27,
                                                "Total Cost": 172588.27,
                                                "Plan Rows": 587851,
                                                "Plan Width": 16,
                                                "Actual Startup Time": 1415.047,
                                                "Actual Total Time": 1415.052,
                                                "Actual Rows": 585159,
                                                "Actual Loops": 2,
                                                "Hash Buckets": 1048576,
                                                "Original Hash Buckets": 1048576,
                                                "Hash Batches": 1,
                                                "Original Hash Batches": 1,
                                                "Peak Memory Usage": 35213,
                                                "Plans": [
                                                  {
                                                    "Node Type": "Hash Join",
                                                    "Parent Relationship": "Outer",
                                                    "Parallel Aware": false,
                                                    "Join Type": "Inner",
                                                    "Startup Cost": 31676.78,
                                                    "Total Cost": 172588.27,
                                                    "Plan Rows": 587851,
                                                    "Plan Width": 16,
                                                    "Actual Startup Time": 257.446,
                                                    "Actual Total Time": 1315.391,
                                                    "Actual Rows": 585159,
                                                    "Actual Loops": 2,
                                                    "Inner Unique": false,
                                                    "Hash Cond": "(ci.person_id = an.person_id)",
                                                    "Plans": [
                                                      {
                                                        "Node Type": "Nested Loop",
                                                        "Parent Relationship": "Outer",
                                                        "Parallel Aware": false,
                                                        "Join Type": "Inner",
                                                        "Startup Cost": 0.56,
                                                        "Total Cost": 133780.13,
                                                        "Plan Rows": 250684,
                                                        "Plan Width": 12,
                                                        "Actual Startup Time": 0.237,
                                                        "Actual Total Time": 964.888,
                                                        "Actual Rows": 283864,
                                                        "Actual Loops": 2,
                                                        "Inner Unique": false,
                                                        "Plans": [
                                                          {
                                                            "Node Type": "Seq Scan",
                                                            "Parent Relationship": "Outer",
                                                            "Parallel Aware": false,
                                                            "Relation Name": "role_type",
                                                            "Alias": "rt",
                                                            "Startup Cost": 0.0,
                                                            "Total Cost": 1.15,
                                                            "Plan Rows": 1,
                                                            "Plan Width": 4,
                                                            "Actual Startup Time": 0.031,
                                                            "Actual Total Time": 0.034,
                                                            "Actual Rows": 1,
                                                            "Actual Loops": 2,
                                                            "Filter": "((role)::text = 'actress'::text)",
                                                            "Rows Removed by Filter": 11
                                                          },
                                                          {
                                                            "Node Type": "Index Scan",
                                                            "Parent Relationship": "Inner",
                                                            "Parallel Aware": false,
                                                            "Scan Direction": "Forward",
                                                            "Index Name": "role_id_cast_info",
                                                            "Relation Name": "cast_info",
                                                            "Alias": "ci",
                                                            "Startup Cost": 0.56,
                                                            "Total Cost": 131044.24,
                                                            "Plan Rows": 273474,
                                                            "Plan Width": 16,
                                                            "Actual Startup Time": 0.2,
                                                            "Actual Total Time": 943.898,
                                                            "Actual Rows": 283864,
                                                            "Actual Loops": 2,
                                                            "Index Cond": "(role_id = rt.id)",
                                                            "Rows Removed by Index Recheck": 0,
                                                            "Filter": "(note = ANY ('{(voice),(writer),(producer),\"(archive footage)\"}'::text[]))",
                                                            "Rows Removed by Filter": 7168109
                                                          }
                                                        ]
                                                      },
                                                      {
                                                        "Node Type": "Hash",
                                                        "Parent Relationship": "Inner",
                                                        "Parallel Aware": false,
                                                        "Startup Cost": 20409.43,
                                                        "Total Cost": 20409.43,
                                                        "Plan Rows": 901343,
                                                        "Plan Width": 4,
                                                        "Actual Startup Time": 252.44,
                                                        "Actual Total Time": 252.441,
                                                        "Actual Rows": 901343,
                                                        "Actual Loops": 2,
                                                        "Hash Buckets": 1048576,
                                                        "Original Hash Buckets": 1048576,
                                                        "Hash Batches": 1,
                                                        "Original Hash Batches": 1,
                                                        "Peak Memory Usage": 39880,
                                                        "Plans": [
                                                          {
                                                            "Node Type": "Seq Scan",
                                                            "Parent Relationship": "Outer",
                                                            "Parallel Aware": false,
                                                            "Relation Name": "aka_name",
                                                            "Alias": "an",
                                                            "Startup Cost": 0.0,
                                                            "Total Cost": 20409.43,
                                                            "Plan Rows": 901343,
                                                            "Plan Width": 4,
                                                            "Actual Startup Time": 0.049,
                                                            "Actual Total Time": 102.709,
                                                            "Actual Rows": 901343,
                                                            "Actual Loops": 2
                                                          }
                                                        ]
                                                      }
                                                    ]
                                                  }
                                                ]
                                              }
                                            ]
                                          }
                                        ]
                                      }
                                    ]
                                  },
                                  {
                                    "Node Type": "Hash",
                                    "Parent Relationship": "Inner",
                                    "Parallel Aware": false,
                                    "Startup Cost": 2.41,
                                    "Total Cost": 2.41,
                                    "Plan Rows": 1,
                                    "Plan Width": 4,
                                    "Actual Startup Time": 0.082,
                                    "Actual Total Time": 0.083,
                                    "Actual Rows": 1,
                                    "Actual Loops": 2,
                                    "Hash Buckets": 1024,
                                    "Original Hash Buckets": 1024,
                                    "Hash Batches": 1,
                                    "Original Hash Batches": 1,
                                    "Peak Memory Usage": 9,
                                    "Plans": [
                                      {
                                        "Node Type": "Seq Scan",
                                        "Parent Relationship": "Outer",
                                        "Parallel Aware": false,
                                        "Relation Name": "info_type",
                                        "Alias": "it",
                                        "Startup Cost": 0.0,
                                        "Total Cost": 2.41,
                                        "Plan Rows": 1,
                                        "Plan Width": 4,
                                        "Actual Startup Time": 0.048,
                                        "Actual Total Time": 0.067,
                                        "Actual Rows": 1,
                                        "Actual Loops": 2,
                                        "Filter": "((info)::text = 'release dates'::text)",
                                        "Rows Removed by Filter": 112
                                      }
                                    ]
                                  }
                                ]
                              },
                              {
                                "Node Type": "Index Scan",
                                "Parent Relationship": "Inner",
                                "Parallel Aware": false,
                                "Scan Direction": "Forward",
                                "Index Name": "movie_id_movie_companies",
                                "Relation Name": "movie_companies",
                                "Alias": "mc",
                                "Startup Cost": 0.43,
                                "Total Cost": 0.53,
                                "Plan Rows": 5,
                                "Plan Width": 8,
                                "Actual Startup Time": 0.001,
                                "Actual Total Time": 0.002,
                                "Actual Rows": 8,
                                "Actual Loops": 666987,
                                "Index Cond": "(movie_id = mi.movie_id)",
                                "Rows Removed by Index Recheck": 0
                              }
                            ]
                          },
                          {
                            "Node Type": "Index Scan",
                            "Parent Relationship": "Inner",
                            "Parallel Aware": false,
                            "Scan Direction": "Forward",
                            "Index Name": "company_name_pkey",
                            "Relation Name": "company_name",
                            "Alias": "cn",
                            "Startup Cost": 0.42,
                            "Total Cost": 0.45,
                            "Plan Rows": 1,
                            "Plan Width": 4,
                            "Actual Startup Time": 0.001,
                            "Actual Total Time": 0.001,
                            "Actual Rows": 0,
                            "Actual Loops": 5470167,
                            "Index Cond": "(id = mc.company_id)",
                            "Rows Removed by Index Recheck": 0,
                            "Filter": "((country_code)::text = '[us]'::text)",
                            "Rows Removed by Filter": 1
                          }
                        ]
                      },
                      {
                        "Node Type": "Index Scan",
                        "Parent Relationship": "Inner",
                        "Parallel Aware": false,
                        "Scan Direction": "Forward",
                        "Index Name": "name_pkey",
                        "Relation Name": "name",
                        "Alias": "n",
                        "Startup Cost": 0.43,
                        "Total Cost": 0.54,
                        "Plan Rows": 1,
                        "Plan Width": 19,
                        "Actual Startup Time": 0.001,
                        "Actual Total Time": 0.001,
                        "Actual Rows": 1,
                        "Actual Loops": 1686761,
                        "Index Cond": "(id = ci.person_id)",
                        "Rows Removed by Index Recheck": 0,
                        "Filter": "((gender)::text = 'f'::text)",
                        "Rows Removed by Filter": 0
                      }
                    ]
                  },
                  {
                    "Node Type": "Index Only Scan",
                    "Parent Relationship": "Inner",
                    "Parallel Aware": false,
                    "Scan Direction": "Forward",
                    "Index Name": "char_name_pkey",
                    "Relation Name": "char_name",
                    "Alias": "chn",
                    "Startup Cost": 0.43,
                    "Total Cost": 0.51,
                    "Plan Rows": 1,
                    "Plan Width": 4,
                    "Actual Startup Time": 0.001,
                    "Actual Total Time": 0.001,
                    "Actual Rows": 1,
                    "Actual Loops": 1686128,
                    "Index Cond": "(id = ci.person_role_id)",
                    "Rows Removed by Index Recheck": 0,
                    "Heap Fetches": 1502899
                  }
                ]
              }
            ]
          }
        ]
      }
    ]
  },
  "Planning Time": 2.981,
  "Triggers": [],
  "Execution Time": 10782.881
}