[
  {
    "Plan": {
      "Node Type": "Aggregate",
      "Strategy": "Plain",
      "Partial Mode": "Finalize",
      "Parallel Aware": false,
      "Startup Cost": 264923.84,
      "Total Cost": 264923.85,
      "Plan Rows": 1,
      "Plan Width": 8,
      "Actual Startup Time": 3566.381,
      "Actual Total Time": 3664.742,
      "Actual Rows": 1,
      "Actual Loops": 1,
      "Plans": [
        {
          "Node Type": "Gather",
          "Parent Relationship": "Outer",
          "Parallel Aware": false,
          "Startup Cost": 264923.42,
          "Total Cost": 264923.83,
          "Plan Rows": 4,
          "Plan Width": 8,
          "Actual Startup Time": 3562.638,
          "Actual Total Time": 3664.733,
          "Actual Rows": 5,
          "Actual Loops": 1,
          "Workers Planned": 4,
          "Workers Launched": 4,
          "Single Copy": false,
          "Plans": [
            {
              "Node Type": "Aggregate",
              "Strategy": "Plain",
              "Partial Mode": "Partial",
              "Parent Relationship": "Outer",
              "Parallel Aware": false,
              "Startup Cost": 263923.42,
              "Total Cost": 263923.43,
              "Plan Rows": 1,
              "Plan Width": 8,
              "Actual Startup Time": 3552.396,
              "Actual Total Time": 3552.399,
              "Actual Rows": 1,
              "Actual Loops": 5,
              "Plans": [
                {
                  "Node Type": "Nested Loop",
                  "Parent Relationship": "Outer",
                  "Parallel Aware": false,
                  "Join Type": "Inner",
                  "Startup Cost": 32883.07,
                  "Total Cost": 261067.7,
                  "Plan Rows": 1142290,
                  "Plan Width": 0,
                  "Actual Startup Time": 103.771,
                  "Actual Total Time": 3409.368,
                  "Actual Rows": 3361361,
                  "Actual Loops": 5,
                  "Inner Unique": false,
                  "Plans": [
                    {
                      "Node Type": "Hash Join",
                      "Parent Relationship": "Outer",
                      "Parallel Aware": true,
                      "Join Type": "Inner",
                      "Startup Cost": 32882.51,
                      "Total Cost": 79807.26,
                      "Plan Rows": 79718,
                      "Plan Width": 8,
                      "Actual Startup Time": 103.662,
                      "Actual Total Time": 384.383,
                      "Actual Rows": 90532,
                      "Actual Loops": 5,
                      "Inner Unique": false,
                      "Hash Cond": "(t.id = mc.movie_id)",
                      "Plans": [
                        {
                          "Node Type": "Seq Scan",
                          "Parent Relationship": "Outer",
                          "Parallel Aware": true,
                          "Relation Name": "title",
                          "Alias": "t",
                          "Startup Cost": 0.0,
                          "Total Cost": 43898.92,
                          "Plan Rows": 553736,
                          "Plan Width": 4,
                          "Actual Startup Time": 0.014,
                          "Actual Total Time": 82.369,
                          "Actual Rows": 440739,
                          "Actual Loops": 5,
                          "Filter": "(production_year > 1960)",
                          "Rows Removed by Filter": 64923
                        },
                        {
                          "Node Type": "Hash",
                          "Parent Relationship": "Inner",
                          "Parallel Aware": true,
                          "Startup Cost": 31414.82,
                          "Total Cost": 31414.82,
                          "Plan Rows": 117415,
                          "Plan Width": 4,
                          "Actual Startup Time": 100.777,
                          "Actual Total Time": 100.778,
                          "Actual Rows": 103939,
                          "Actual Loops": 5,
                          "Hash Buckets": 524288,
                          "Original Hash Buckets": 524288,
                          "Hash Batches": 1,
                          "Original Hash Batches": 1,
                          "Peak Memory Usage": 24512,
                          "Plans": [
                            {
                              "Node Type": "Seq Scan",
                              "Parent Relationship": "Outer",
                              "Parallel Aware": true,
                              "Relation Name": "movie_companies",
                              "Alias": "mc",
                              "Startup Cost": 0.0,
                              "Total Cost": 31414.82,
                              "Plan Rows": 117415,
                              "Plan Width": 4,
                              "Actual Startup Time": 0.048,
                              "Actual Total Time": 62.65,
                              "Actual Rows": 103939,
                              "Actual Loops": 5,
                              "Filter": "((company_id < 1435) AND (company_type_id < 2))",
                              "Rows Removed by Filter": 417887
                            }
                          ]
                        }
                      ]
                    },
                    {
                      "Node Type": "Index Only Scan",
                      "Parent Relationship": "Inner",
                      "Parallel Aware": false,
                      "Scan Direction": "Forward",
                      "Index Name": "movie_id_cast_info",
                      "Relation Name": "cast_info",
                      "Alias": "ci",
                      "Startup Cost": 0.56,
                      "Total Cost": 1.9,
                      "Plan Rows": 37,
                      "Plan Width": 4,
                      "Actual Startup Time": 0.005,
                      "Actual Total Time": 0.031,
                      "Actual Rows": 37,
                      "Actual Loops": 452662,
                      "Index Cond": "(movie_id = t.id)",
                      "Rows Removed by Index Recheck": 0,
                      "Heap Fetches": 16806805
                    }
                  ]
                }
              ]
            }
          ]
        }
      ]
    },
    "Planning Time": 1.422,
    "Triggers": [],
    "Execution Time": 3664.853
  }
]