[
  {
    "Plan": {
      "Node Type": "Aggregate",
      "Strategy": "Plain",
      "Partial Mode": "Finalize",
      "Parallel Aware": false,
      "Startup Cost": 9762.99,
      "Total Cost": 9763.0,
      "Plan Rows": 1,
      "Plan Width": 8,
      "Actual Startup Time": 39.772,
      "Actual Total Time": 41.774,
      "Actual Rows": 1,
      "Actual Loops": 1,
      "Plans": [
        {
          "Node Type": "Gather",
          "Parent Relationship": "Outer",
          "Parallel Aware": false,
          "Startup Cost": 9762.67,
          "Total Cost": 9762.98,
          "Plan Rows": 3,
          "Plan Width": 8,
          "Actual Startup Time": 39.703,
          "Actual Total Time": 41.766,
          "Actual Rows": 4,
          "Actual Loops": 1,
          "Workers Planned": 3,
          "Workers Launched": 3,
          "Single Copy": false,
          "Plans": [
            {
              "Node Type": "Aggregate",
              "Strategy": "Plain",
              "Partial Mode": "Partial",
              "Parent Relationship": "Outer",
              "Parallel Aware": false,
              "Startup Cost": 8762.67,
              "Total Cost": 8762.68,
              "Plan Rows": 1,
              "Plan Width": 8,
              "Actual Startup Time": 31.714,
              "Actual Total Time": 31.714,
              "Actual Rows": 1,
              "Actual Loops": 4,
              "Plans": [
                {
                  "Node Type": "Index Scan",
                  "Parent Relationship": "Outer",
                  "Parallel Aware": true,
                  "Scan Direction": "Forward",
                  "Index Name": "role_id_cast_info",
                  "Relation Name": "cast_info",
                  "Alias": "ci",
                  "Startup Cost": 0.56,
                  "Total Cost": 8600.37,
                  "Plan Rows": 64920,
                  "Plan Width": 0,
                  "Actual Startup Time": 0.246,
                  "Actual Total Time": 29.519,
                  "Actual Rows": 20502,
                  "Actual Loops": 4,
                  "Index Cond": "(role_id > 10)",
                  "Rows Removed by Index Recheck": 0,
                  "Filter": "(person_id < 2519760)",
                  "Rows Removed by Filter": 58527
                }
              ]
            }
          ]
        }
      ]
    },
    "Planning Time": 0.238,
    "Triggers": [],
    "Execution Time": 41.847
  }
]