[
  {
    "Plan": {
      "Node Type": "Aggregate",
      "Strategy": "Plain",
      "Partial Mode": "Finalize",
      "Parallel Aware": false,
      "Startup Cost": 32826.98,
      "Total Cost": 32826.99,
      "Plan Rows": 1,
      "Plan Width": 8,
      "Actual Startup Time": 86.511,
      "Actual Total Time": 94.685,
      "Actual Rows": 1,
      "Actual Loops": 1,
      "Plans": [
        {
          "Node Type": "Gather",
          "Parent Relationship": "Outer",
          "Parallel Aware": false,
          "Startup Cost": 32826.67,
          "Total Cost": 32826.98,
          "Plan Rows": 3,
          "Plan Width": 8,
          "Actual Startup Time": 86.404,
          "Actual Total Time": 94.677,
          "Actual Rows": 4,
          "Actual Loops": 1,
          "Workers Planned": 3,
          "Workers Launched": 3,
          "Single Copy": false,
          "Plans": [
            {
              "Node Type": "Aggregate",
              "Strategy": "Plain",
              "Partial Mode": "Partial",
              "Parent Relationship": "Outer",
              "Parallel Aware": false,
              "Startup Cost": 31826.67,
              "Total Cost": 31826.68,
              "Plan Rows": 1,
              "Plan Width": 8,
              "Actual Startup Time": 79.516,
              "Actual Total Time": 79.518,
              "Actual Rows": 1,
              "Actual Loops": 4,
              "Plans": [
                {
                  "Node Type": "Seq Scan",
                  "Parent Relationship": "Outer",
                  "Parallel Aware": true,
                  "Relation Name": "movie_companies",
                  "Alias": "mc",
                  "Startup Cost": 0.0,
                  "Total Cost": 31414.82,
                  "Plan Rows": 164739,
                  "Plan Width": 0,
                  "Actual Startup Time": 24.09,
                  "Actual Total Time": 76.854,
                  "Actual Rows": 53291,
                  "Actual Loops": 4,
                  "Filter": "((company_id > 15033) AND (company_type_id = 1))",
                  "Rows Removed by Filter": 598992
                }
              ]
            }
          ]
        }
      ]
    },
    "Planning Time": 0.22,
    "Triggers": [],
    "Execution Time": 94.742
  }
]