[
  {
    "Plan": {
      "Node Type": "Aggregate",
      "Strategy": "Plain",
      "Partial Mode": "Finalize",
      "Parallel Aware": false,
      "Startup Cost": 32790.74,
      "Total Cost": 32790.75,
      "Plan Rows": 1,
      "Plan Width": 8,
      "Actual Startup Time": 96.686,
      "Actual Total Time": 104.477,
      "Actual Rows": 1,
      "Actual Loops": 1,
      "Plans": [
        {
          "Node Type": "Gather",
          "Parent Relationship": "Outer",
          "Parallel Aware": false,
          "Startup Cost": 32790.43,
          "Total Cost": 32790.74,
          "Plan Rows": 3,
          "Plan Width": 8,
          "Actual Startup Time": 96.554,
          "Actual Total Time": 104.468,
          "Actual Rows": 4,
          "Actual Loops": 1,
          "Workers Planned": 3,
          "Workers Launched": 3,
          "Single Copy": false,
          "Plans": [
            {
              "Node Type": "Aggregate",
              "Strategy": "Plain",
              "Partial Mode": "Partial",
              "Parent Relationship": "Outer",
              "Parallel Aware": false,
              "Startup Cost": 31790.43,
              "Total Cost": 31790.44,
              "Plan Rows": 1,
              "Plan Width": 8,
              "Actual Startup Time": 90.476,
              "Actual Total Time": 90.477,
              "Actual Rows": 1,
              "Actual Loops": 4,
              "Plans": [
                {
                  "Node Type": "Seq Scan",
                  "Parent Relationship": "Outer",
                  "Parallel Aware": true,
                  "Relation Name": "movie_companies",
                  "Alias": "mc",
                  "Startup Cost": 0.0,
                  "Total Cost": 31414.82,
                  "Plan Rows": 150243,
                  "Plan Width": 0,
                  "Actual Startup Time": 46.237,
                  "Actual Total Time": 82.067,
                  "Actual Rows": 197714,
                  "Actual Loops": 4,
                  "Filter": "((company_id > 19636) AND (company_type_id > 1))",
                  "Rows Removed by Filter": 454568
                }
              ]
            }
          ]
        }
      ]
    },
    "Planning Time": 0.218,
    "Triggers": [],
    "Execution Time": 104.544
  }
]