[
    {
        "Bao": {
            "Bao prediction": "NaN",
            "Bao recommended hint": "(no hint)"
        }
    },
    {
        "Plan": {
            "Node Type": "Aggregate",
            "Strategy": "Plain",
            "Partial Mode": "Finalize",
            "Parallel Aware": false,
            "Startup Cost": 347748.1,
            "Total Cost": 347748.11,
            "Plan Rows": 1,
            "Plan Width": 8,
            "Actual Startup Time": 678.548,
            "Actual Total Time": 701.777,
            "Actual Rows": 1,
            "Actual Loops": 1,
            "Output": [
                "count(*)"
            ],
            "Plans": [
                {
                    "Node Type": "Gather",
                    "Parent Relationship": "Outer",
                    "Parallel Aware": false,
                    "Startup Cost": 347747.47,
                    "Total Cost": 347748.08,
                    "Plan Rows": 6,
                    "Plan Width": 8,
                    "Actual Startup Time": 678.464,
                    "Actual Total Time": 701.768,
                    "Actual Rows": 7,
                    "Actual Loops": 1,
                    "Output": [
                        "(PARTIAL count(*))"
                    ],
                    "Workers Planned": 6,
                    "Workers Launched": 6,
                    "Single Copy": false,
                    "Plans": [
                        {
                            "Node Type": "Aggregate",
                            "Strategy": "Plain",
                            "Partial Mode": "Partial",
                            "Parent Relationship": "Outer",
                            "Parallel Aware": false,
                            "Startup Cost": 346747.47,
                            "Total Cost": 346747.48,
                            "Plan Rows": 1,
                            "Plan Width": 8,
                            "Actual Startup Time": 668.518,
                            "Actual Total Time": 668.519,
                            "Actual Rows": 1,
                            "Actual Loops": 7,
                            "Output": [
                                "PARTIAL count(*)"
                            ],
                            "Workers": [
                                {
                                    "Worker Number": 0,
                                    "Actual Startup Time": 666.115,
                                    "Actual Total Time": 666.116,
                                    "Actual Rows": 1,
                                    "Actual Loops": 1
                                },
                                {
                                    "Worker Number": 1,
                                    "Actual Startup Time": 666.492,
                                    "Actual Total Time": 666.493,
                                    "Actual Rows": 1,
                                    "Actual Loops": 1
                                },
                                {
                                    "Worker Number": 2,
                                    "Actual Startup Time": 666.563,
                                    "Actual Total Time": 666.563,
                                    "Actual Rows": 1,
                                    "Actual Loops": 1
                                },
                                {
                                    "Worker Number": 3,
                                    "Actual Startup Time": 666.906,
                                    "Actual Total Time": 666.908,
                                    "Actual Rows": 1,
                                    "Actual Loops": 1
                                },
                                {
                                    "Worker Number": 4,
                                    "Actual Startup Time": 667.633,
                                    "Actual Total Time": 667.634,
                                    "Actual Rows": 1,
                                    "Actual Loops": 1
                                },
                                {
                                    "Worker Number": 5,
                                    "Actual Startup Time": 667.846,
                                    "Actual Total Time": 667.847,
                                    "Actual Rows": 1,
                                    "Actual Loops": 1
                                }
                            ],
                            "Plans": [
                                {
                                    "Node Type": "Seq Scan",
                                    "Parent Relationship": "Outer",
                                    "Parallel Aware": true,
                                    "Relation Name": "cast_info",
                                    "Schema": "public",
                                    "Alias": "ci",
                                    "Startup Cost": 0.0,
                                    "Total Cost": 343318.94,
                                    "Plan Rows": 1371413,
                                    "Plan Width": 0,
                                    "Actual Startup Time": 318.963,
                                    "Actual Total Time": 600.659,
                                    "Actual Rows": 1604510,
                                    "Actual Loops": 7,
                                    "Output": [
                                        "id",
                                        "person_id",
                                        "movie_id",
                                        "person_role_id",
                                        "note",
                                        "nr_order",
                                        "role_id"
                                    ],
                                    "Filter": "((ci.person_id > 1733672) AND (ci.role_id > 2))",
                                    "Rows Removed by Filter": 3573253,
                                    "Workers": [
                                        {
                                            "Worker Number": 0,
                                            "Actual Startup Time": 316.549,
                                            "Actual Total Time": 601.854,
                                            "Actual Rows": 1561806,
                                            "Actual Loops": 1
                                        },
                                        {
                                            "Worker Number": 1,
                                            "Actual Startup Time": 316.958,
                                            "Actual Total Time": 599.463,
                                            "Actual Rows": 1510190,
                                            "Actual Loops": 1
                                        },
                                        {
                                            "Worker Number": 2,
                                            "Actual Startup Time": 317.01,
                                            "Actual Total Time": 599.318,
                                            "Actual Rows": 1514784,
                                            "Actual Loops": 1
                                        },
                                        {
                                            "Worker Number": 3,
                                            "Actual Startup Time": 317.358,
                                            "Actual Total Time": 599.764,
                                            "Actual Rows": 1514177,
                                            "Actual Loops": 1
                                        },
                                        {
                                            "Worker Number": 4,
                                            "Actual Startup Time": 318.076,
                                            "Actual Total Time": 602.63,
                                            "Actual Rows": 1572218,
                                            "Actual Loops": 1
                                        },
                                        {
                                            "Worker Number": 5,
                                            "Actual Startup Time": 318.278,
                                            "Actual Total Time": 602.93,
                                            "Actual Rows": 1577297,
                                            "Actual Loops": 1
                                        }
                                    ]
                                }
                            ]
                        }
                    ]
                }
            ]
        },
        "Planning Time": 194.658,
        "Triggers": [],
        "Execution Time": 701.828
    }
]