[
  {
    "Plan": {
      "Node Type": "Aggregate",
      "Strategy": "Plain",
      "Partial Mode": "Finalize",
      "Parallel Aware": false,
      "Startup Cost": 46587.4,
      "Total Cost": 46587.41,
      "Plan Rows": 1,
      "Plan Width": 8,
      "Actual Startup Time": 97.776,
      "Actual Total Time": 107.979,
      "Actual Rows": 1,
      "Actual Loops": 1,
      "Plans": [
        {
          "Node Type": "Gather",
          "Parent Relationship": "Outer",
          "Parallel Aware": false,
          "Startup Cost": 46586.98,
          "Total Cost": 46587.39,
          "Plan Rows": 4,
          "Plan Width": 8,
          "Actual Startup Time": 97.646,
          "Actual Total Time": 107.97,
          "Actual Rows": 5,
          "Actual Loops": 1,
          "Workers Planned": 4,
          "Workers Launched": 4,
          "Single Copy": false,
          "Plans": [
            {
              "Node Type": "Aggregate",
              "Strategy": "Plain",
              "Partial Mode": "Partial",
              "Parent Relationship": "Outer",
              "Parallel Aware": false,
              "Startup Cost": 45586.98,
              "Total Cost": 45586.99,
              "Plan Rows": 1,
              "Plan Width": 8,
              "Actual Startup Time": 89.345,
              "Actual Total Time": 89.346,
              "Actual Rows": 1,
              "Actual Loops": 5,
              "Plans": [
                {
                  "Node Type": "Seq Scan",
                  "Parent Relationship": "Outer",
                  "Parallel Aware": true,
                  "Relation Name": "title",
                  "Alias": "t",
                  "Startup Cost": 0.0,
                  "Total Cost": 45479.1,
                  "Plan Rows": 43151,
                  "Plan Width": 0,
                  "Actual Startup Time": 0.096,
                  "Actual Total Time": 86.252,
                  "Actual Rows": 56405,
                  "Actual Loops": 5,
                  "Filter": "((kind_id < 7) AND (production_year < 1976))",
                  "Rows Removed by Filter": 449257
                }
              ]
            }
          ]
        }
      ]
    },
    "Planning Time": 0.234,
    "Triggers": [],
    "Execution Time": 108.041
  }
]