[
  {
    "Plan": {
      "Node Type": "Aggregate",
      "Strategy": "Plain",
      "Partial Mode": "Finalize",
      "Parallel Aware": false,
      "Startup Cost": 248813.5,
      "Total Cost": 248813.51,
      "Plan Rows": 1,
      "Plan Width": 8,
      "Actual Startup Time": 527.589,
      "Actual Total Time": 573.272,
      "Actual Rows": 1,
      "Actual Loops": 1,
      "Plans": [
        {
          "Node Type": "Gather",
          "Parent Relationship": "Outer",
          "Parallel Aware": false,
          "Startup Cost": 248812.97,
          "Total Cost": 248813.48,
          "Plan Rows": 5,
          "Plan Width": 8,
          "Actual Startup Time": 526.602,
          "Actual Total Time": 573.261,
          "Actual Rows": 6,
          "Actual Loops": 1,
          "Workers Planned": 5,
          "Workers Launched": 5,
          "Single Copy": false,
          "Plans": [
            {
              "Node Type": "Aggregate",
              "Strategy": "Plain",
              "Partial Mode": "Partial",
              "Parent Relationship": "Outer",
              "Parallel Aware": false,
              "Startup Cost": 247812.97,
              "Total Cost": 247812.98,
              "Plan Rows": 1,
              "Plan Width": 8,
              "Actual Startup Time": 516.452,
              "Actual Total Time": 516.455,
              "Actual Rows": 1,
              "Actual Loops": 6,
              "Plans": [
                {
                  "Node Type": "Hash Join",
                  "Parent Relationship": "Outer",
                  "Parallel Aware": true,
                  "Join Type": "Inner",
                  "Startup Cost": 45715.24,
                  "Total Cost": 247725.92,
                  "Plan Rows": 34823,
                  "Plan Width": 0,
                  "Actual Startup Time": 90.05,
                  "Actual Total Time": 516.069,
                  "Actual Rows": 6956,
                  "Actual Loops": 6,
                  "Inner Unique": true,
                  "Hash Cond": "(mi.movie_id = t.id)",
                  "Plans": [
                    {
                      "Node Type": "Seq Scan",
                      "Parent Relationship": "Outer",
                      "Parallel Aware": true,
                      "Relation Name": "movie_info",
                      "Alias": "mi",
                      "Startup Cost": 0.0,
                      "Total Cost": 198952.16,
                      "Plan Rows": 1165150,
                      "Plan Width": 4,
                      "Actual Startup Time": 0.026,
                      "Actual Total Time": 318.412,
                      "Actual Rows": 980827,
                      "Actual Loops": 6,
                      "Filter": "(info_type_id < 7)",
                      "Rows Removed by Filter": 1491793
                    },
                    {
                      "Node Type": "Hash",
                      "Parent Relationship": "Inner",
                      "Parallel Aware": true,
                      "Startup Cost": 45479.1,
                      "Total Cost": 45479.1,
                      "Plan Rows": 18891,
                      "Plan Width": 4,
                      "Actual Startup Time": 87.847,
                      "Actual Total Time": 87.847,
                      "Actual Rows": 14013,
                      "Actual Loops": 6,
                      "Hash Buckets": 131072,
                      "Original Hash Buckets": 131072,
                      "Hash Batches": 1,
                      "Original Hash Batches": 1,
                      "Peak Memory Usage": 4416,
                      "Plans": [
                        {
                          "Node Type": "Seq Scan",
                          "Parent Relationship": "Outer",
                          "Parallel Aware": true,
                          "Relation Name": "title",
                          "Alias": "t",
                          "Startup Cost": 0.0,
                          "Total Cost": 45479.1,
                          "Plan Rows": 18891,
                          "Plan Width": 4,
                          "Actual Startup Time": 0.046,
                          "Actual Total Time": 80.961,
                          "Actual Rows": 14013,
                          "Actual Loops": 6,
                          "Filter": "((kind_id = 7) AND (production_year = 2007))",
                          "Rows Removed by Filter": 407373
                        }
                      ]
                    }
                  ]
                }
              ]
            }
          ]
        }
      ]
    },
    "Planning Time": 0.696,
    "Triggers": [],
    "Execution Time": 573.357
  }
]