{
  "Plan": {
    "Node Type": "Aggregate",
    "Strategy": "Plain",
    "Partial Mode": "Finalize",
    "Parallel Aware": false,
    "Startup Cost": 2017257.02,
    "Total Cost": 2017257.03,
    "Plan Rows": 1,
    "Plan Width": 8,
    "Actual Startup Time": 10124.055,
    "Actual Total Time": 10191.119,
    "Actual Rows": 1,
    "Actual Loops": 1,
    "Plans": [
      {
        "Node Type": "Gather",
        "Parent Relationship": "Outer",
        "Parallel Aware": false,
        "Startup Cost": 2017256.91,
        "Total Cost": 2017257.02,
        "Plan Rows": 1,
        "Plan Width": 8,
        "Actual Startup Time": 10065.32,
        "Actual Total Time": 10191.103,
        "Actual Rows": 2,
        "Actual Loops": 1,
        "Workers Planned": 1,
        "Workers Launched": 1,
        "Single Copy": false,
        "Plans": [
          {
            "Node Type": "Aggregate",
            "Strategy": "Plain",
            "Partial Mode": "Partial",
            "Parent Relationship": "Outer",
            "Parallel Aware": false,
            "Startup Cost": 2016256.91,
            "Total Cost": 2016256.92,
            "Plan Rows": 1,
            "Plan Width": 8,
            "Actual Startup Time": 10062.058,
            "Actual Total Time": 10062.068,
            "Actual Rows": 1,
            "Actual Loops": 2,
            "Plans": [
              {
                "Node Type": "Merge Join",
                "Parent Relationship": "Outer",
                "Parallel Aware": false,
                "Join Type": "Inner",
                "Startup Cost": 1955701.91,
                "Total Cost": 2014347.06,
                "Plan Rows": 763942,
                "Plan Width": 0,
                "Actual Startup Time": 7996.369,
                "Actual Total Time": 9928.833,
                "Actual Rows": 3473564,
                "Actual Loops": 2,
                "Inner Unique": false,
                "Merge Cond": "(t.id = mi.movie_id)",
                "Plans": [
                  {
                    "Node Type": "Sort",
                    "Parent Relationship": "Outer",
                    "Parallel Aware": false,
                    "Startup Cost": 1760794.57,
                    "Total Cost": 1784405.85,
                    "Plan Rows": 9444512,
                    "Plan Width": 8,
                    "Actual Startup Time": 7900.544,
                    "Actual Total Time": 8897.546,
                    "Actual Rows": 7507988,
                    "Actual Loops": 2,
                    "Sort Key": [
                      "t.id"
                    ],
                    "Sort Method": "quicksort",
                    "Sort Space Used": 547482,
                    "Sort Space Type": "Memory",
                    "Workers": [
                      {
                        "Worker Number": 0,
                        "Sort Method": "quicksort",
                        "Sort Space Used": 549683,
                        "Sort Space Type": "Memory"
                      }
                    ],
                    "Plans": [
                      {
                        "Node Type": "Hash Join",
                        "Parent Relationship": "Outer",
                        "Parallel Aware": true,
                        "Join Type": "Inner",
                        "Startup Cost": 69460.7,
                        "Total Cost": 666598.52,
                        "Plan Rows": 9444512,
                        "Plan Width": 8,
                        "Actual Startup Time": 752.203,
                        "Actual Total Time": 5886.401,
                        "Actual Rows": 7508777,
                        "Actual Loops": 2,
                        "Inner Unique": true,
                        "Hash Cond": "(ci.movie_id = t.id)",
                        "Plans": [
                          {
                            "Node Type": "Seq Scan",
                            "Parent Relationship": "Outer",
                            "Parallel Aware": true,
                            "Relation Name": "cast_info",
                            "Alias": "ci",
                            "Startup Cost": 0.0,
                            "Total Cost": 572345.93,
                            "Plan Rows": 9444512,
                            "Plan Width": 4,
                            "Actual Startup Time": 204.333,
                            "Actual Total Time": 1860.214,
                            "Actual Rows": 7508777,
                            "Actual Loops": 2,
                            "Filter": "((person_id > 684783) AND (role_id < 3))",
                            "Rows Removed by Filter": 10613395
                          },
                          {
                            "Node Type": "Hash",
                            "Parent Relationship": "Inner",
                            "Parallel Aware": true,
                            "Startup Cost": 50870.31,
                            "Total Cost": 50870.31,
                            "Plan Rows": 1487231,
                            "Plan Width": 4,
                            "Actual Startup Time": 526.404,
                            "Actual Total Time": 526.406,
                            "Actual Rows": 1264156,
                            "Actual Loops": 2,
                            "Hash Buckets": 4194304,
                            "Original Hash Buckets": 4194304,
                            "Hash Batches": 1,
                            "Original Hash Batches": 1,
                            "Peak Memory Usage": 131712,
                            "Plans": [
                              {
                                "Node Type": "Seq Scan",
                                "Parent Relationship": "Outer",
                                "Parallel Aware": true,
                                "Relation Name": "title",
                                "Alias": "t",
                                "Startup Cost": 0.0,
                                "Total Cost": 50870.31,
                                "Plan Rows": 1487231,
                                "Plan Width": 4,
                                "Actual Startup Time": 0.05,
                                "Actual Total Time": 160.165,
                                "Actual Rows": 1264156,
                                "Actual Loops": 2
                              }
                            ]
                          }
                        ]
                      }
                    ]
                  },
                  {
                    "Node Type": "Sort",
                    "Parent Relationship": "Inner",
                    "Parallel Aware": false,
                    "Startup Cost": 194906.38,
                    "Total Cost": 195417.65,
                    "Plan Rows": 204507,
                    "Plan Width": 4,
                    "Actual Startup Time": 74.359,
                    "Actual Total Time": 196.7,
                    "Actual Rows": 3477119,
                    "Actual Loops": 2,
                    "Sort Key": [
                      "mi.movie_id"
                    ],
                    "Sort Method": "quicksort",
                    "Sort Space Used": 15414,
                    "Sort Space Type": "Memory",
                    "Workers": [
                      {
                        "Worker Number": 0,
                        "Sort Method": "quicksort",
                        "Sort Space Used": 15414,
                        "Sort Space Type": "Memory"
                      }
                    ],
                    "Plans": [
                      {
                        "Node Type": "Bitmap Heap Scan",
                        "Parent Relationship": "Outer",
                        "Parallel Aware": false,
                        "Relation Name": "movie_info",
                        "Alias": "mi",
                        "Startup Cost": 3705.36,
                        "Total Cost": 176867.04,
                        "Plan Rows": 204507,
                        "Plan Width": 4,
                        "Actual Startup Time": 9.612,
                        "Actual Total Time": 39.388,
                        "Actual Rows": 197754,
                        "Actual Loops": 2,
                        "Recheck Cond": "(info_type_id > 106)",
                        "Rows Removed by Index Recheck": 0,
                        "Exact Heap Blocks": 4967,
                        "Lossy Heap Blocks": 0,
                        "Plans": [
                          {
                            "Node Type": "Bitmap Index Scan",
                            "Parent Relationship": "Outer",
                            "Parallel Aware": false,
                            "Index Name": "info_type_id_movie_info",
                            "Startup Cost": 0.0,
                            "Total Cost": 3654.24,
                            "Plan Rows": 204507,
                            "Plan Width": 0,
                            "Actual Startup Time": 9.083,
                            "Actual Total Time": 9.083,
                            "Actual Rows": 197754,
                            "Actual Loops": 2,
                            "Index Cond": "(info_type_id > 106)"
                          }
                        ]
                      }
                    ]
                  }
                ]
              }
            ]
          }
        ]
      }
    ]
  },
  "Planning Time": 1.22,
  "Triggers": [],
  "Execution Time": 10233.235
}