[
  {
    "Plan": {
      "Node Type": "Aggregate",
      "Strategy": "Plain",
      "Partial Mode": "Finalize",
      "Parallel Aware": false,
      "Startup Cost": 273592.69,
      "Total Cost": 273592.7,
      "Plan Rows": 1,
      "Plan Width": 8,
      "Actual Startup Time": 90.814,
      "Actual Total Time": 94.387,
      "Actual Rows": 1,
      "Actual Loops": 1,
      "Plans": [
        {
          "Node Type": "Gather",
          "Parent Relationship": "Outer",
          "Parallel Aware": false,
          "Startup Cost": 273592.06,
          "Total Cost": 273592.67,
          "Plan Rows": 6,
          "Plan Width": 8,
          "Actual Startup Time": 90.524,
          "Actual Total Time": 94.379,
          "Actual Rows": 7,
          "Actual Loops": 1,
          "Workers Planned": 6,
          "Workers Launched": 6,
          "Single Copy": false,
          "Plans": [
            {
              "Node Type": "Aggregate",
              "Strategy": "Plain",
              "Partial Mode": "Partial",
              "Parent Relationship": "Outer",
              "Parallel Aware": false,
              "Startup Cost": 272592.06,
              "Total Cost": 272592.07,
              "Plan Rows": 1,
              "Plan Width": 8,
              "Actual Startup Time": 79.989,
              "Actual Total Time": 79.991,
              "Actual Rows": 1,
              "Actual Loops": 7,
              "Plans": [
                {
                  "Node Type": "Bitmap Heap Scan",
                  "Parent Relationship": "Outer",
                  "Parallel Aware": true,
                  "Relation Name": "cast_info",
                  "Alias": "ci",
                  "Startup Cost": 17677.27,
                  "Total Cost": 272372.61,
                  "Plan Rows": 87782,
                  "Plan Width": 0,
                  "Actual Startup Time": 65.686,
                  "Actual Total Time": 78.072,
                  "Actual Rows": 29456,
                  "Actual Loops": 7,
                  "Recheck Cond": "(person_id < 83129)",
                  "Rows Removed by Index Recheck": 0,
                  "Filter": "(role_id > 1)",
                  "Rows Removed by Filter": 82795,
                  "Exact Heap Blocks": 3210,
                  "Lossy Heap Blocks": 0,
                  "Plans": [
                    {
                      "Node Type": "Bitmap Index Scan",
                      "Parent Relationship": "Outer",
                      "Parallel Aware": false,
                      "Index Name": "person_id_cast_info",
                      "Startup Cost": 0.0,
                      "Total Cost": 17545.59,
                      "Plan Rows": 803337,
                      "Plan Width": 0,
                      "Actual Startup Time": 47.724,
                      "Actual Total Time": 47.724,
                      "Actual Rows": 785758,
                      "Actual Loops": 1,
                      "Index Cond": "(person_id < 83129)"
                    }
                  ]
                }
              ]
            }
          ]
        }
      ]
    },
    "Planning Time": 0.251,
    "Triggers": [],
    "Execution Time": 94.465
  }
]