[
  {
    "Plan": {
      "Node Type": "Aggregate",
      "Strategy": "Plain",
      "Partial Mode": "Finalize",
      "Parallel Aware": false,
      "Startup Cost": 127305.88,
      "Total Cost": 127305.89,
      "Plan Rows": 1,
      "Plan Width": 8,
      "Actual Startup Time": 841.747,
      "Actual Total Time": 863.224,
      "Actual Rows": 1,
      "Actual Loops": 1,
      "Plans": [
        {
          "Node Type": "Gather",
          "Parent Relationship": "Outer",
          "Parallel Aware": false,
          "Startup Cost": 127305.57,
          "Total Cost": 127305.88,
          "Plan Rows": 3,
          "Plan Width": 8,
          "Actual Startup Time": 834.442,
          "Actual Total Time": 863.193,
          "Actual Rows": 4,
          "Actual Loops": 1,
          "Workers Planned": 3,
          "Workers Launched": 3,
          "Single Copy": false,
          "Plans": [
            {
              "Node Type": "Aggregate",
              "Strategy": "Plain",
              "Partial Mode": "Partial",
              "Parent Relationship": "Outer",
              "Parallel Aware": false,
              "Startup Cost": 126305.57,
              "Total Cost": 126305.58,
              "Plan Rows": 1,
              "Plan Width": 8,
              "Actual Startup Time": 819.757,
              "Actual Total Time": 820.323,
              "Actual Rows": 1,
              "Actual Loops": 4,
              "Plans": [
                {
                  "Node Type": "Hash Join",
                  "Parent Relationship": "Outer",
                  "Parallel Aware": true,
                  "Join Type": "Inner",
                  "Startup Cost": 81558.05,
                  "Total Cost": 126111.26,
                  "Plan Rows": 77722,
                  "Plan Width": 0,
                  "Actual Startup Time": 502.712,
                  "Actual Total Time": 768.427,
                  "Actual Rows": 863536,
                  "Actual Loops": 4,
                  "Inner Unique": false,
                  "Hash Cond": "(mk.movie_id = t.id)",
                  "Plans": [
                    {
                      "Node Type": "Seq Scan",
                      "Parent Relationship": "Outer",
                      "Parallel Aware": true,
                      "Relation Name": "movie_keyword",
                      "Alias": "mk",
                      "Startup Cost": 0.0,
                      "Total Cost": 42695.65,
                      "Plan Rows": 428490,
                      "Plan Width": 4,
                      "Actual Startup Time": 0.037,
                      "Actual Total Time": 122.429,
                      "Actual Rows": 332734,
                      "Actual Loops": 4,
                      "Filter": "(keyword_id < 1740)",
                      "Rows Removed by Filter": 798249
                    },
                    {
                      "Node Type": "Hash",
                      "Parent Relationship": "Inner",
                      "Parallel Aware": true,
                      "Startup Cost": 79708.76,
                      "Total Cost": 79708.76,
                      "Plan Rows": 147943,
                      "Plan Width": 8,
                      "Actual Startup Time": 499.589,
                      "Actual Total Time": 500.154,
                      "Actual Rows": 132756,
                      "Actual Loops": 4,
                      "Hash Buckets": 1048576,
                      "Original Hash Buckets": 524288,
                      "Hash Batches": 1,
                      "Original Hash Batches": 1,
                      "Peak Memory Usage": 33152,
                      "Plans": [
                        {
                          "Node Type": "Hash Join",
                          "Parent Relationship": "Outer",
                          "Parallel Aware": true,
                          "Join Type": "Inner",
                          "Startup Cost": 47423.17,
                          "Total Cost": 79708.76,
                          "Plan Rows": 147943,
                          "Plan Width": 8,
                          "Actual Startup Time": 274.755,
                          "Actual Total Time": 436.5,
                          "Actual Rows": 132756,
                          "Actual Loops": 4,
                          "Inner Unique": true,
                          "Hash Cond": "(mc.movie_id = t.id)",
                          "Plans": [
                            {
                              "Node Type": "Seq Scan",
                              "Parent Relationship": "Outer",
                              "Parallel Aware": true,
                              "Relation Name": "movie_companies",
                              "Alias": "mc",
                              "Startup Cost": 0.0,
                              "Total Cost": 31414.82,
                              "Plan Rows": 331723,
                              "Plan Width": 4,
                              "Actual Startup Time": 0.103,
                              "Actual Total Time": 86.418,
                              "Actual Rows": 227869,
                              "Actual Loops": 4,
                              "Filter": "((company_id > 439) AND (company_type_id < 2))",
                              "Rows Removed by Filter": 424413
                            },
                            {
                              "Node Type": "Hash",
                              "Parent Relationship": "Inner",
                              "Parallel Aware": true,
                              "Startup Cost": 43899.32,
                              "Total Cost": 43899.32,
                              "Plan Rows": 281908,
                              "Plan Width": 4,
                              "Actual Startup Time": 269.41,
                              "Actual Total Time": 269.412,
                              "Actual Rows": 283339,
                              "Actual Loops": 4,
                              "Hash Buckets": 2097152,
                              "Original Hash Buckets": 2097152,
                              "Hash Batches": 1,
                              "Original Hash Batches": 1,
                              "Peak Memory Usage": 60800,
                              "Plans": [
                                {
                                  "Node Type": "Seq Scan",
                                  "Parent Relationship": "Outer",
                                  "Parallel Aware": true,
                                  "Relation Name": "title",
                                  "Alias": "t",
                                  "Startup Cost": 0.0,
                                  "Total Cost": 43899.32,
                                  "Plan Rows": 281908,
                                  "Plan Width": 4,
                                  "Actual Startup Time": 0.047,
                                  "Actual Total Time": 134.673,
                                  "Actual Rows": 283339,
                                  "Actual Loops": 4,
                                  "Filter": "(production_year < 2002)",
                                  "Rows Removed by Filter": 348739
                                }
                              ]
                            }
                          ]
                        }
                      ]
                    }
                  ]
                }
              ]
            }
          ]
        }
      ]
    },
    "Planning Time": 0.596,
    "Triggers": [],
    "Execution Time": 863.273
  }
]