[
  {
    "Plan": {
      "Node Type": "Aggregate",
      "Strategy": "Plain",
      "Partial Mode": "Finalize",
      "Parallel Aware": false,
      "Startup Cost": 78641.53,
      "Total Cost": 78641.54,
      "Plan Rows": 1,
      "Plan Width": 8,
      "Actual Startup Time": 309.759,
      "Actual Total Time": 330.404,
      "Actual Rows": 1,
      "Actual Loops": 1,
      "Plans": [
        {
          "Node Type": "Gather",
          "Parent Relationship": "Outer",
          "Parallel Aware": false,
          "Startup Cost": 78641.21,
          "Total Cost": 78641.52,
          "Plan Rows": 3,
          "Plan Width": 8,
          "Actual Startup Time": 307.581,
          "Actual Total Time": 330.396,
          "Actual Rows": 4,
          "Actual Loops": 1,
          "Workers Planned": 3,
          "Workers Launched": 3,
          "Single Copy": false,
          "Plans": [
            {
              "Node Type": "Aggregate",
              "Strategy": "Plain",
              "Partial Mode": "Partial",
              "Parent Relationship": "Outer",
              "Parallel Aware": false,
              "Startup Cost": 77641.21,
              "Total Cost": 77641.22,
              "Plan Rows": 1,
              "Plan Width": 8,
              "Actual Startup Time": 297.253,
              "Actual Total Time": 297.257,
              "Actual Rows": 1,
              "Actual Loops": 4,
              "Plans": [
                {
                  "Node Type": "Nested Loop",
                  "Parent Relationship": "Outer",
                  "Parallel Aware": false,
                  "Join Type": "Inner",
                  "Startup Cost": 47698.13,
                  "Total Cost": 77623.47,
                  "Plan Rows": 7095,
                  "Plan Width": 0,
                  "Actual Startup Time": 192.144,
                  "Actual Total Time": 292.759,
                  "Actual Rows": 82814,
                  "Actual Loops": 4,
                  "Inner Unique": false,
                  "Plans": [
                    {
                      "Node Type": "Hash Join",
                      "Parent Relationship": "Outer",
                      "Parallel Aware": true,
                      "Join Type": "Inner",
                      "Startup Cost": 47697.7,
                      "Total Cost": 72548.12,
                      "Plan Rows": 6875,
                      "Plan Width": 8,
                      "Actual Startup Time": 192.036,
                      "Actual Total Time": 220.759,
                      "Actual Rows": 10074,
                      "Actual Loops": 4,
                      "Inner Unique": true,
                      "Hash Cond": "(mk.movie_id = t.id)",
                      "Plans": [
                        {
                          "Node Type": "Bitmap Heap Scan",
                          "Parent Relationship": "Outer",
                          "Parallel Aware": true,
                          "Relation Name": "movie_keyword",
                          "Alias": "mk",
                          "Startup Cost": 1726.11,
                          "Total Cost": 26507.73,
                          "Plan Rows": 26209,
                          "Plan Width": 4,
                          "Actual Startup Time": 11.038,
                          "Actual Total Time": 39.81,
                          "Actual Rows": 21240,
                          "Actual Loops": 4,
                          "Recheck Cond": "(keyword_id < 73)",
                          "Rows Removed by Index Recheck": 0,
                          "Exact Heap Blocks": 5511,
                          "Lossy Heap Blocks": 0,
                          "Plans": [
                            {
                              "Node Type": "Bitmap Index Scan",
                              "Parent Relationship": "Outer",
                              "Parallel Aware": false,
                              "Index Name": "keyword_id_movie_keyword",
                              "Startup Cost": 0.0,
                              "Total Cost": 1705.8,
                              "Plan Rows": 81249,
                              "Plan Width": 0,
                              "Actual Startup Time": 7.862,
                              "Actual Total Time": 7.863,
                              "Actual Rows": 84961,
                              "Actual Loops": 1,
                              "Index Cond": "(keyword_id < 73)"
                            }
                          ]
                        },
                        {
                          "Node Type": "Hash",
                          "Parent Relationship": "Inner",
                          "Parallel Aware": true,
                          "Startup Cost": 43898.92,
                          "Total Cost": 43898.92,
                          "Plan Rows": 165814,
                          "Plan Width": 4,
                          "Actual Startup Time": 164.355,
                          "Actual Total Time": 164.355,
                          "Actual Rows": 165706,
                          "Actual Loops": 4,
                          "Hash Buckets": 1048576,
                          "Original Hash Buckets": 1048576,
                          "Hash Batches": 1,
                          "Original Hash Batches": 1,
                          "Peak Memory Usage": 34208,
                          "Plans": [
                            {
                              "Node Type": "Seq Scan",
                              "Parent Relationship": "Outer",
                              "Parallel Aware": true,
                              "Relation Name": "title",
                              "Alias": "t",
                              "Startup Cost": 0.0,
                              "Total Cost": 43898.92,
                              "Plan Rows": 165814,
                              "Plan Width": 4,
                              "Actual Startup Time": 48.793,
                              "Actual Total Time": 106.692,
                              "Actual Rows": 165706,
                              "Actual Loops": 4,
                              "Filter": "(kind_id = 1)",
                              "Rows Removed by Filter": 466372
                            }
                          ]
                        }
                      ]
                    },
                    {
                      "Node Type": "Index Only Scan",
                      "Parent Relationship": "Inner",
                      "Parallel Aware": false,
                      "Scan Direction": "Forward",
                      "Index Name": "movie_id_movie_companies",
                      "Relation Name": "movie_companies",
                      "Alias": "mc",
                      "Startup Cost": 0.43,
                      "Total Cost": 0.69,
                      "Plan Rows": 5,
                      "Plan Width": 4,
                      "Actual Startup Time": 0.004,
                      "Actual Total Time": 0.006,
                      "Actual Rows": 8,
                      "Actual Loops": 40295,
                      "Index Cond": "(movie_id = t.id)",
                      "Rows Removed by Index Recheck": 0,
                      "Heap Fetches": 331256
                    }
                  ]
                }
              ]
            }
          ]
        }
      ]
    },
    "Planning Time": 1.447,
    "Triggers": [],
    "Execution Time": 330.516
  }
]