[
  {
    "Plan": {
      "Node Type": "Aggregate",
      "Strategy": "Plain",
      "Partial Mode": "Finalize",
      "Parallel Aware": false,
      "Startup Cost": 28860.64,
      "Total Cost": 28860.65,
      "Plan Rows": 1,
      "Plan Width": 8,
      "Actual Startup Time": 26.611,
      "Actual Total Time": 29.838,
      "Actual Rows": 1,
      "Actual Loops": 1,
      "Plans": [
        {
          "Node Type": "Gather",
          "Parent Relationship": "Outer",
          "Parallel Aware": false,
          "Startup Cost": 28860.43,
          "Total Cost": 28860.64,
          "Plan Rows": 2,
          "Plan Width": 8,
          "Actual Startup Time": 26.074,
          "Actual Total Time": 29.832,
          "Actual Rows": 3,
          "Actual Loops": 1,
          "Workers Planned": 2,
          "Workers Launched": 2,
          "Single Copy": false,
          "Plans": [
            {
              "Node Type": "Aggregate",
              "Strategy": "Plain",
              "Partial Mode": "Partial",
              "Parent Relationship": "Outer",
              "Parallel Aware": false,
              "Startup Cost": 27860.43,
              "Total Cost": 27860.44,
              "Plan Rows": 1,
              "Plan Width": 8,
              "Actual Startup Time": 20.628,
              "Actual Total Time": 20.629,
              "Actual Rows": 1,
              "Actual Loops": 3,
              "Plans": [
                {
                  "Node Type": "Nested Loop",
                  "Parent Relationship": "Outer",
                  "Parallel Aware": false,
                  "Join Type": "Inner",
                  "Startup Cost": 117.97,
                  "Total Cost": 27854.9,
                  "Plan Rows": 2210,
                  "Plan Width": 0,
                  "Actual Startup Time": 0.756,
                  "Actual Total Time": 20.418,
                  "Actual Rows": 1892,
                  "Actual Loops": 3,
                  "Inner Unique": true,
                  "Plans": [
                    {
                      "Node Type": "Bitmap Heap Scan",
                      "Parent Relationship": "Outer",
                      "Parallel Aware": true,
                      "Relation Name": "movie_companies",
                      "Alias": "mc",
                      "Startup Cost": 117.54,
                      "Total Cost": 11803.77,
                      "Plan Rows": 2210,
                      "Plan Width": 4,
                      "Actual Startup Time": 0.599,
                      "Actual Total Time": 4.942,
                      "Actual Rows": 1892,
                      "Actual Loops": 3,
                      "Recheck Cond": "(company_id = 73)",
                      "Rows Removed by Index Recheck": 0,
                      "Exact Heap Blocks": 2016,
                      "Lossy Heap Blocks": 0,
                      "Plans": [
                        {
                          "Node Type": "Bitmap Index Scan",
                          "Parent Relationship": "Outer",
                          "Parallel Aware": false,
                          "Index Name": "company_id_movie_companies",
                          "Startup Cost": 0.0,
                          "Total Cost": 116.22,
                          "Plan Rows": 5305,
                          "Plan Width": 0,
                          "Actual Startup Time": 1.099,
                          "Actual Total Time": 1.099,
                          "Actual Rows": 5677,
                          "Actual Loops": 1,
                          "Index Cond": "(company_id = 73)"
                        }
                      ]
                    },
                    {
                      "Node Type": "Index Only Scan",
                      "Parent Relationship": "Inner",
                      "Parallel Aware": false,
                      "Scan Direction": "Forward",
                      "Index Name": "title_pkey",
                      "Relation Name": "title",
                      "Alias": "t",
                      "Startup Cost": 0.43,
                      "Total Cost": 7.26,
                      "Plan Rows": 1,
                      "Plan Width": 4,
                      "Actual Startup Time": 0.008,
                      "Actual Total Time": 0.008,
                      "Actual Rows": 1,
                      "Actual Loops": 5677,
                      "Index Cond": "(id = mc.movie_id)",
                      "Rows Removed by Index Recheck": 0,
                      "Heap Fetches": 5677
                    }
                  ]
                }
              ]
            }
          ]
        }
      ]
    },
    "Planning Time": 0.267,
    "Triggers": [],
    "Execution Time": 29.89
  }
]