{
  "Plan": {
    "Node Type": "Aggregate",
    "Strategy": "Plain",
    "Partial Mode": "Finalize",
    "Parallel Aware": false,
    "Startup Cost": 123857.33,
    "Total Cost": 123857.34,
    "Plan Rows": 1,
    "Plan Width": 8,
    "Actual Startup Time": 432.613,
    "Actual Total Time": 475.155,
    "Actual Rows": 1,
    "Actual Loops": 1,
    "Plans": [
      {
        "Node Type": "Gather",
        "Parent Relationship": "Outer",
        "Parallel Aware": false,
        "Startup Cost": 123857.22,
        "Total Cost": 123857.33,
        "Plan Rows": 1,
        "Plan Width": 8,
        "Actual Startup Time": 432.427,
        "Actual Total Time": 475.149,
        "Actual Rows": 2,
        "Actual Loops": 1,
        "Workers Planned": 1,
        "Workers Launched": 1,
        "Single Copy": false,
        "Plans": [
          {
            "Node Type": "Aggregate",
            "Strategy": "Plain",
            "Partial Mode": "Partial",
            "Parent Relationship": "Outer",
            "Parallel Aware": false,
            "Startup Cost": 122857.22,
            "Total Cost": 122857.23,
            "Plan Rows": 1,
            "Plan Width": 8,
            "Actual Startup Time": 426.252,
            "Actual Total Time": 426.255,
            "Actual Rows": 1,
            "Actual Loops": 2,
            "Plans": [
              {
                "Node Type": "Nested Loop",
                "Parent Relationship": "Outer",
                "Parallel Aware": false,
                "Join Type": "Inner",
                "Startup Cost": 58680.48,
                "Total Cost": 122273.04,
                "Plan Rows": 233673,
                "Plan Width": 0,
                "Actual Startup Time": 154.706,
                "Actual Total Time": 417.438,
                "Actual Rows": 178288,
                "Actual Loops": 2,
                "Inner Unique": false,
                "Join Filter": "(t.id = ci.movie_id)",
                "Rows Removed by Join Filter": 0,
                "Plans": [
                  {
                    "Node Type": "Hash Join",
                    "Parent Relationship": "Outer",
                    "Parallel Aware": true,
                    "Join Type": "Inner",
                    "Startup Cost": 58679.92,
                    "Total Cost": 76863.71,
                    "Plan Rows": 16308,
                    "Plan Width": 8,
                    "Actual Startup Time": 154.632,
                    "Actual Total Time": 259.198,
                    "Actual Rows": 5174,
                    "Actual Loops": 2,
                    "Inner Unique": true,
                    "Hash Cond": "(mi_idx.movie_id = t.id)",
                    "Plans": [
                      {
                        "Node Type": "Seq Scan",
                        "Parent Relationship": "Outer",
                        "Parallel Aware": true,
                        "Relation Name": "movie_info_idx",
                        "Alias": "mi_idx",
                        "Startup Cost": 0.0,
                        "Total Cost": 16052.85,
                        "Plan Rows": 811785,
                        "Plan Width": 4,
                        "Actual Startup Time": 0.018,
                        "Actual Total Time": 46.227,
                        "Actual Rows": 690018,
                        "Actual Loops": 2
                      },
                      {
                        "Node Type": "Hash",
                        "Parent Relationship": "Inner",
                        "Parallel Aware": true,
                        "Startup Cost": 58306.47,
                        "Total Cost": 58306.47,
                        "Plan Rows": 29876,
                        "Plan Width": 4,
                        "Actual Startup Time": 153.057,
                        "Actual Total Time": 153.058,
                        "Actual Rows": 22660,
                        "Actual Loops": 2,
                        "Hash Buckets": 65536,
                        "Original Hash Buckets": 65536,
                        "Hash Batches": 1,
                        "Original Hash Batches": 1,
                        "Peak Memory Usage": 2336,
                        "Plans": [
                          {
                            "Node Type": "Seq Scan",
                            "Parent Relationship": "Outer",
                            "Parallel Aware": true,
                            "Relation Name": "title",
                            "Alias": "t",
                            "Startup Cost": 0.0,
                            "Total Cost": 58306.47,
                            "Plan Rows": 29876,
                            "Plan Width": 4,
                            "Actual Startup Time": 0.051,
                            "Actual Total Time": 146.004,
                            "Actual Rows": 22660,
                            "Actual Loops": 2,
                            "Filter": "((kind_id > 1) AND (production_year > 2012))",
                            "Rows Removed by Filter": 1241496
                          }
                        ]
                      }
                    ]
                  },
                  {
                    "Node Type": "Index Only Scan",
                    "Parent Relationship": "Inner",
                    "Parallel Aware": false,
                    "Scan Direction": "Forward",
                    "Index Name": "movie_id_cast_info",
                    "Relation Name": "cast_info",
                    "Alias": "ci",
                    "Startup Cost": 0.56,
                    "Total Cost": 2.32,
                    "Plan Rows": 37,
                    "Plan Width": 4,
                    "Actual Startup Time": 0.005,
                    "Actual Total Time": 0.027,
                    "Actual Rows": 34,
                    "Actual Loops": 10347,
                    "Index Cond": "(movie_id = mi_idx.movie_id)",
                    "Rows Removed by Index Recheck": 0,
                    "Heap Fetches": 356577
                  }
                ]
              }
            ]
          }
        ]
      }
    ]
  },
  "Planning Time": 0.94,
  "Triggers": [],
  "Execution Time": 475.247
}