[
  {
    "Plan": {
      "Node Type": "Aggregate",
      "Strategy": "Plain",
      "Partial Mode": "Finalize",
      "Parallel Aware": false,
      "Startup Cost": 31639.99,
      "Total Cost": 31640.0,
      "Plan Rows": 1,
      "Plan Width": 8,
      "Actual Startup Time": 82.532,
      "Actual Total Time": 88.485,
      "Actual Rows": 1,
      "Actual Loops": 1,
      "Plans": [
        {
          "Node Type": "Gather",
          "Parent Relationship": "Outer",
          "Parallel Aware": false,
          "Startup Cost": 31639.67,
          "Total Cost": 31639.98,
          "Plan Rows": 3,
          "Plan Width": 8,
          "Actual Startup Time": 82.49,
          "Actual Total Time": 88.48,
          "Actual Rows": 4,
          "Actual Loops": 1,
          "Workers Planned": 3,
          "Workers Launched": 3,
          "Single Copy": false,
          "Plans": [
            {
              "Node Type": "Aggregate",
              "Strategy": "Plain",
              "Partial Mode": "Partial",
              "Parent Relationship": "Outer",
              "Parallel Aware": false,
              "Startup Cost": 30639.67,
              "Total Cost": 30639.68,
              "Plan Rows": 1,
              "Plan Width": 8,
              "Actual Startup Time": 80.075,
              "Actual Total Time": 80.076,
              "Actual Rows": 1,
              "Actual Loops": 4,
              "Plans": [
                {
                  "Node Type": "Seq Scan",
                  "Parent Relationship": "Outer",
                  "Parallel Aware": true,
                  "Relation Name": "movie_companies",
                  "Alias": "mc",
                  "Startup Cost": 0.0,
                  "Total Cost": 29310.68,
                  "Plan Rows": 531596,
                  "Plan Width": 0,
                  "Actual Startup Time": 0.016,
                  "Actual Total Time": 62.755,
                  "Actual Rows": 411043,
                  "Actual Loops": 4,
                  "Filter": "(company_id < 17914)",
                  "Rows Removed by Filter": 241239
                }
              ]
            }
          ]
        }
      ]
    },
    "Planning Time": 0.059,
    "Triggers": [],
    "Execution Time": 88.512
  }
]