[
  {
    "Plan": {
      "Node Type": "Aggregate",
      "Strategy": "Plain",
      "Partial Mode": "Finalize",
      "Parallel Aware": false,
      "Startup Cost": 44311.33,
      "Total Cost": 44311.34,
      "Plan Rows": 1,
      "Plan Width": 8,
      "Actual Startup Time": 116.276,
      "Actual Total Time": 126.113,
      "Actual Rows": 1,
      "Actual Loops": 1,
      "Plans": [
        {
          "Node Type": "Gather",
          "Parent Relationship": "Outer",
          "Parallel Aware": false,
          "Startup Cost": 44311.01,
          "Total Cost": 44311.32,
          "Plan Rows": 3,
          "Plan Width": 8,
          "Actual Startup Time": 116.155,
          "Actual Total Time": 126.101,
          "Actual Rows": 4,
          "Actual Loops": 1,
          "Workers Planned": 3,
          "Workers Launched": 3,
          "Single Copy": false,
          "Plans": [
            {
              "Node Type": "Aggregate",
              "Strategy": "Plain",
              "Partial Mode": "Partial",
              "Parent Relationship": "Outer",
              "Parallel Aware": false,
              "Startup Cost": 43311.01,
              "Total Cost": 43311.02,
              "Plan Rows": 1,
              "Plan Width": 8,
              "Actual Startup Time": 107.839,
              "Actual Total Time": 107.84,
              "Actual Rows": 1,
              "Actual Loops": 4,
              "Plans": [
                {
                  "Node Type": "Seq Scan",
                  "Parent Relationship": "Outer",
                  "Parallel Aware": true,
                  "Relation Name": "movie_keyword",
                  "Alias": "mk",
                  "Startup Cost": 0.0,
                  "Total Cost": 42695.65,
                  "Plan Rows": 246143,
                  "Plan Width": 0,
                  "Actual Startup Time": 2.056,
                  "Actual Total Time": 98.466,
                  "Actual Rows": 189335,
                  "Actual Loops": 4,
                  "Filter": "(keyword_id > 24718)",
                  "Rows Removed by Filter": 941648
                }
              ]
            }
          ]
        }
      ]
    },
    "Planning Time": 0.088,
    "Triggers": [],
    "Execution Time": 126.139
  }
]