[
    {
        "Bao": {
            "Bao prediction": "NaN",
            "Bao recommended hint": "(no hint)"
        }
    },
    {
        "Plan": {
            "Node Type": "Aggregate",
            "Strategy": "Plain",
            "Partial Mode": "Finalize",
            "Parallel Aware": false,
            "Startup Cost": 39648.5,
            "Total Cost": 39648.51,
            "Plan Rows": 1,
            "Plan Width": 8,
            "Actual Startup Time": 45.081,
            "Actual Total Time": 48.581,
            "Actual Rows": 1,
            "Actual Loops": 1,
            "Output": [
                "count(*)"
            ],
            "Plans": [
                {
                    "Node Type": "Gather",
                    "Parent Relationship": "Outer",
                    "Parallel Aware": false,
                    "Startup Cost": 39648.08,
                    "Total Cost": 39648.49,
                    "Plan Rows": 4,
                    "Plan Width": 8,
                    "Actual Startup Time": 44.728,
                    "Actual Total Time": 48.575,
                    "Actual Rows": 5,
                    "Actual Loops": 1,
                    "Output": [
                        "(PARTIAL count(*))"
                    ],
                    "Workers Planned": 4,
                    "Workers Launched": 4,
                    "Single Copy": false,
                    "Plans": [
                        {
                            "Node Type": "Aggregate",
                            "Strategy": "Plain",
                            "Partial Mode": "Partial",
                            "Parent Relationship": "Outer",
                            "Parallel Aware": false,
                            "Startup Cost": 38648.08,
                            "Total Cost": 38648.09,
                            "Plan Rows": 1,
                            "Plan Width": 8,
                            "Actual Startup Time": 35.533,
                            "Actual Total Time": 35.534,
                            "Actual Rows": 1,
                            "Actual Loops": 5,
                            "Output": [
                                "PARTIAL count(*)"
                            ],
                            "Workers": [
                                {
                                    "Worker Number": 0,
                                    "Actual Startup Time": 33.009,
                                    "Actual Total Time": 33.01,
                                    "Actual Rows": 1,
                                    "Actual Loops": 1
                                },
                                {
                                    "Worker Number": 1,
                                    "Actual Startup Time": 33.224,
                                    "Actual Total Time": 33.225,
                                    "Actual Rows": 1,
                                    "Actual Loops": 1
                                },
                                {
                                    "Worker Number": 2,
                                    "Actual Startup Time": 33.251,
                                    "Actual Total Time": 33.252,
                                    "Actual Rows": 1,
                                    "Actual Loops": 1
                                },
                                {
                                    "Worker Number": 3,
                                    "Actual Startup Time": 33.727,
                                    "Actual Total Time": 33.728,
                                    "Actual Rows": 1,
                                    "Actual Loops": 1
                                }
                            ],
                            "Plans": [
                                {
                                    "Node Type": "Bitmap Heap Scan",
                                    "Parent Relationship": "Outer",
                                    "Parallel Aware": true,
                                    "Relation Name": "title",
                                    "Schema": "public",
                                    "Alias": "t",
                                    "Startup Cost": 2135.29,
                                    "Total Cost": 38576.38,
                                    "Plan Rows": 28681,
                                    "Plan Width": 0,
                                    "Actual Startup Time": 1.973,
                                    "Actual Total Time": 33.723,
                                    "Actual Rows": 23584,
                                    "Actual Loops": 5,
                                    "Recheck Cond": "(t.kind_id = 4)",
                                    "Rows Removed by Index Recheck": 0,
                                    "Filter": "(t.production_year > 0)",
                                    "Rows Removed by Filter": 63,
                                    "Exact Heap Blocks": 7242,
                                    "Lossy Heap Blocks": 0,
                                    "Workers": [
                                        {
                                            "Worker Number": 0,
                                            "Actual Startup Time": 0.163,
                                            "Actual Total Time": 31.555,
                                            "Actual Rows": 12311,
                                            "Actual Loops": 1
                                        },
                                        {
                                            "Worker Number": 1,
                                            "Actual Startup Time": 0.363,
                                            "Actual Total Time": 31.751,
                                            "Actual Rows": 13092,
                                            "Actual Loops": 1
                                        },
                                        {
                                            "Worker Number": 2,
                                            "Actual Startup Time": 0.216,
                                            "Actual Total Time": 31.775,
                                            "Actual Rows": 12875,
                                            "Actual Loops": 1
                                        },
                                        {
                                            "Worker Number": 3,
                                            "Actual Startup Time": 0.18,
                                            "Actual Total Time": 32.267,
                                            "Actual Rows": 13012,
                                            "Actual Loops": 1
                                        }
                                    ],
                                    "Plans": [
                                        {
                                            "Node Type": "Bitmap Index Scan",
                                            "Parent Relationship": "Outer",
                                            "Parallel Aware": false,
                                            "Index Name": "kind_id_title",
                                            "Startup Cost": 0.0,
                                            "Total Cost": 2106.61,
                                            "Plan Rows": 118157,
                                            "Plan Width": 0,
                                            "Actual Startup Time": 6.406,
                                            "Actual Total Time": 6.406,
                                            "Actual Rows": 118234,
                                            "Actual Loops": 1,
                                            "Index Cond": "(t.kind_id = 4)"
                                        }
                                    ]
                                }
                            ]
                        }
                    ]
                }
            ]
        },
        "Planning Time": 179.83,
        "Triggers": [],
        "Execution Time": 48.63
    }
]