[
  {
    "Plan": {
      "Node Type": "Aggregate",
      "Strategy": "Plain",
      "Partial Mode": "Finalize",
      "Parallel Aware": false,
      "Startup Cost": 565214.76,
      "Total Cost": 565214.77,
      "Plan Rows": 1,
      "Plan Width": 8,
      "Actual Startup Time": 2236.231,
      "Actual Total Time": 2277.055,
      "Actual Rows": 1,
      "Actual Loops": 1,
      "Plans": [
        {
          "Node Type": "Gather",
          "Parent Relationship": "Outer",
          "Parallel Aware": false,
          "Startup Cost": 565214.23,
          "Total Cost": 565214.74,
          "Plan Rows": 5,
          "Plan Width": 8,
          "Actual Startup Time": 2217.54,
          "Actual Total Time": 2277.041,
          "Actual Rows": 6,
          "Actual Loops": 1,
          "Workers Planned": 5,
          "Workers Launched": 5,
          "Single Copy": false,
          "Plans": [
            {
              "Node Type": "Aggregate",
              "Strategy": "Plain",
              "Partial Mode": "Partial",
              "Parent Relationship": "Outer",
              "Parallel Aware": false,
              "Startup Cost": 564214.23,
              "Total Cost": 564214.24,
              "Plan Rows": 1,
              "Plan Width": 8,
              "Actual Startup Time": 2206.279,
              "Actual Total Time": 2206.367,
              "Actual Rows": 1,
              "Actual Loops": 6,
              "Plans": [
                {
                  "Node Type": "Hash Join",
                  "Parent Relationship": "Outer",
                  "Parallel Aware": true,
                  "Join Type": "Inner",
                  "Startup Cost": 358897.8,
                  "Total Cost": 563056.73,
                  "Plan Rows": 463003,
                  "Plan Width": 0,
                  "Actual Startup Time": 951.847,
                  "Actual Total Time": 1964.904,
                  "Actual Rows": 5736219,
                  "Actual Loops": 6,
                  "Inner Unique": false,
                  "Hash Cond": "(mi.movie_id = t.id)",
                  "Plans": [
                    {
                      "Node Type": "Seq Scan",
                      "Parent Relationship": "Outer",
                      "Parallel Aware": true,
                      "Relation Name": "movie_info",
                      "Alias": "mi",
                      "Startup Cost": 0.0,
                      "Total Cost": 198952.16,
                      "Plan Rows": 1182693,
                      "Plan Width": 4,
                      "Actual Startup Time": 26.529,
                      "Actual Total Time": 329.897,
                      "Actual Rows": 978171,
                      "Actual Loops": 6,
                      "Filter": "(info_type_id > 13)",
                      "Rows Removed by Filter": 1494449
                    },
                    {
                      "Node Type": "Hash",
                      "Parent Relationship": "Inner",
                      "Parallel Aware": true,
                      "Startup Cost": 356835.75,
                      "Total Cost": 356835.75,
                      "Plan Rows": 164964,
                      "Plan Width": 8,
                      "Actual Startup Time": 921.389,
                      "Actual Total Time": 921.476,
                      "Actual Rows": 349955,
                      "Actual Loops": 6,
                      "Hash Buckets": 4194304,
                      "Original Hash Buckets": 1048576,
                      "Hash Batches": 1,
                      "Original Hash Batches": 1,
                      "Peak Memory Usage": 139616,
                      "Plans": [
                        {
                          "Node Type": "Hash Join",
                          "Parent Relationship": "Outer",
                          "Parallel Aware": true,
                          "Join Type": "Inner",
                          "Startup Cost": 98245.7,
                          "Total Cost": 356835.75,
                          "Plan Rows": 164964,
                          "Plan Width": 8,
                          "Actual Startup Time": 367.808,
                          "Actual Total Time": 645.59,
                          "Actual Rows": 349955,
                          "Actual Loops": 6,
                          "Inner Unique": true,
                          "Hash Cond": "(ci.movie_id = t.id)",
                          "Plans": [
                            {
                              "Node Type": "Bitmap Heap Scan",
                              "Parent Relationship": "Outer",
                              "Parallel Aware": true,
                              "Relation Name": "cast_info",
                              "Alias": "ci",
                              "Startup Cost": 48026.06,
                              "Total Cost": 306183.07,
                              "Plan Rows": 164964,
                              "Plan Width": 4,
                              "Actual Startup Time": 92.183,
                              "Actual Total Time": 182.387,
                              "Actual Rows": 349955,
                              "Actual Loops": 6,
                              "Recheck Cond": "(person_id > 3651984)",
                              "Rows Removed by Index Recheck": 0,
                              "Filter": "(role_id > 2)",
                              "Rows Removed by Filter": 0,
                              "Exact Heap Blocks": 5473,
                              "Lossy Heap Blocks": 0,
                              "Plans": [
                                {
                                  "Node Type": "Bitmap Index Scan",
                                  "Parent Relationship": "Outer",
                                  "Parallel Aware": false,
                                  "Index Name": "person_id_cast_info",
                                  "Startup Cost": 0.0,
                                  "Total Cost": 47778.61,
                                  "Plan Rows": 2188006,
                                  "Plan Width": 0,
                                  "Actual Startup Time": 86.924,
                                  "Actual Total Time": 86.924,
                                  "Actual Rows": 2099732,
                                  "Actual Loops": 1,
                                  "Index Cond": "(person_id > 3651984)"
                                }
                              ]
                            },
                            {
                              "Node Type": "Hash",
                              "Parent Relationship": "Inner",
                              "Parallel Aware": true,
                              "Startup Cost": 42318.73,
                              "Total Cost": 42318.73,
                              "Plan Rows": 632073,
                              "Plan Width": 4,
                              "Actual Startup Time": 270.59,
                              "Actual Total Time": 270.591,
                              "Actual Rows": 421385,
                              "Actual Loops": 6,
                              "Hash Buckets": 4194304,
                              "Original Hash Buckets": 4194304,
                              "Hash Batches": 1,
                              "Original Hash Batches": 1,
                              "Peak Memory Usage": 131744,
                              "Plans": [
                                {
                                  "Node Type": "Seq Scan",
                                  "Parent Relationship": "Outer",
                                  "Parallel Aware": true,
                                  "Relation Name": "title",
                                  "Alias": "t",
                                  "Startup Cost": 0.0,
                                  "Total Cost": 42318.73,
                                  "Plan Rows": 632073,
                                  "Plan Width": 4,
                                  "Actual Startup Time": 0.041,
                                  "Actual Total Time": 78.048,
                                  "Actual Rows": 421385,
                                  "Actual Loops": 6
                                }
                              ]
                            }
                          ]
                        }
                      ]
                    }
                  ]
                }
              ]
            }
          ]
        }
      ]
    },
    "Planning Time": 1.365,
    "Triggers": [],
    "Execution Time": 2277.18
  }
]