[
  {
    "Plan": {
      "Node Type": "Aggregate",
      "Strategy": "Plain",
      "Partial Mode": "Finalize",
      "Parallel Aware": false,
      "Startup Cost": 95667.82,
      "Total Cost": 95667.83,
      "Plan Rows": 1,
      "Plan Width": 8,
      "Actual Startup Time": 397.014,
      "Actual Total Time": 411.006,
      "Actual Rows": 1,
      "Actual Loops": 1,
      "Plans": [
        {
          "Node Type": "Gather",
          "Parent Relationship": "Outer",
          "Parallel Aware": false,
          "Startup Cost": 95667.5,
          "Total Cost": 95667.81,
          "Plan Rows": 3,
          "Plan Width": 8,
          "Actual Startup Time": 394.055,
          "Actual Total Time": 410.996,
          "Actual Rows": 4,
          "Actual Loops": 1,
          "Workers Planned": 3,
          "Workers Launched": 3,
          "Single Copy": false,
          "Plans": [
            {
              "Node Type": "Aggregate",
              "Strategy": "Plain",
              "Partial Mode": "Partial",
              "Parent Relationship": "Outer",
              "Parallel Aware": false,
              "Startup Cost": 94667.5,
              "Total Cost": 94667.51,
              "Plan Rows": 1,
              "Plan Width": 8,
              "Actual Startup Time": 383.116,
              "Actual Total Time": 383.122,
              "Actual Rows": 1,
              "Actual Loops": 4,
              "Plans": [
                {
                  "Node Type": "Hash Join",
                  "Parent Relationship": "Outer",
                  "Parallel Aware": true,
                  "Join Type": "Inner",
                  "Startup Cost": 63892.14,
                  "Total Cost": 94623.06,
                  "Plan Rows": 17779,
                  "Plan Width": 0,
                  "Actual Startup Time": 264.846,
                  "Actual Total Time": 381.73,
                  "Actual Rows": 24379,
                  "Actual Loops": 4,
                  "Inner Unique": false,
                  "Hash Cond": "(mc.movie_id = t.id)",
                  "Plans": [
                    {
                      "Node Type": "Seq Scan",
                      "Parent Relationship": "Outer",
                      "Parallel Aware": true,
                      "Relation Name": "movie_companies",
                      "Alias": "mc",
                      "Startup Cost": 0.0,
                      "Total Cost": 29310.68,
                      "Plan Rows": 358975,
                      "Plan Width": 4,
                      "Actual Startup Time": 0.027,
                      "Actual Total Time": 78.056,
                      "Actual Rows": 278278,
                      "Actual Loops": 4,
                      "Filter": "(company_id < 7848)",
                      "Rows Removed by Filter": 374004
                    },
                    {
                      "Node Type": "Hash",
                      "Parent Relationship": "Inner",
                      "Parallel Aware": true,
                      "Startup Cost": 63239.96,
                      "Total Cost": 63239.96,
                      "Plan Rows": 52174,
                      "Plan Width": 8,
                      "Actual Startup Time": 262.674,
                      "Actual Total Time": 262.678,
                      "Actual Rows": 17533,
                      "Actual Loops": 4,
                      "Hash Buckets": 131072,
                      "Original Hash Buckets": 131072,
                      "Hash Batches": 1,
                      "Original Hash Batches": 1,
                      "Peak Memory Usage": 3872,
                      "Plans": [
                        {
                          "Node Type": "Hash Join",
                          "Parent Relationship": "Outer",
                          "Parallel Aware": true,
                          "Join Type": "Inner",
                          "Startup Cost": 47609.31,
                          "Total Cost": 63239.96,
                          "Plan Rows": 52174,
                          "Plan Width": 8,
                          "Actual Startup Time": 181.198,
                          "Actual Total Time": 254.887,
                          "Actual Rows": 17533,
                          "Actual Loops": 4,
                          "Inner Unique": true,
                          "Hash Cond": "(mi_idx.movie_id = t.id)",
                          "Plans": [
                            {
                              "Node Type": "Seq Scan",
                              "Parent Relationship": "Outer",
                              "Parallel Aware": true,
                              "Relation Name": "movie_info_idx",
                              "Alias": "mi_idx",
                              "Startup Cost": 0.0,
                              "Total Cost": 15122.68,
                              "Plan Rows": 193512,
                              "Plan Width": 4,
                              "Actual Startup Time": 0.028,
                              "Actual Total Time": 36.846,
                              "Actual Rows": 114981,
                              "Actual Loops": 4,
                              "Filter": "(info_type_id = 100)",
                              "Rows Removed by Filter": 230028
                            },
                            {
                              "Node Type": "Hash",
                              "Parent Relationship": "Inner",
                              "Parallel Aware": true,
                              "Startup Cost": 45479.1,
                              "Total Cost": 45479.1,
                              "Plan Rows": 170417,
                              "Plan Width": 4,
                              "Actual Startup Time": 177.126,
                              "Actual Total Time": 177.127,
                              "Actual Rows": 149124,
                              "Actual Loops": 4,
                              "Hash Buckets": 1048576,
                              "Original Hash Buckets": 1048576,
                              "Hash Batches": 1,
                              "Original Hash Batches": 1,
                              "Peak Memory Usage": 31616,
                              "Plans": [
                                {
                                  "Node Type": "Seq Scan",
                                  "Parent Relationship": "Outer",
                                  "Parallel Aware": true,
                                  "Relation Name": "title",
                                  "Alias": "t",
                                  "Startup Cost": 0.0,
                                  "Total Cost": 45479.1,
                                  "Plan Rows": 170417,
                                  "Plan Width": 4,
                                  "Actual Startup Time": 0.052,
                                  "Actual Total Time": 116.089,
                                  "Actual Rows": 149124,
                                  "Actual Loops": 4,
                                  "Filter": "((production_year < 2002) AND (kind_id = 7))",
                                  "Rows Removed by Filter": 482954
                                }
                              ]
                            }
                          ]
                        }
                      ]
                    }
                  ]
                }
              ]
            }
          ]
        }
      ]
    },
    "Planning Time": 1.494,
    "Triggers": [],
    "Execution Time": 411.09
  }
]