[
  {
    "Plan": {
      "Node Type": "Aggregate",
      "Strategy": "Plain",
      "Partial Mode": "Finalize",
      "Parallel Aware": false,
      "Startup Cost": 46481.67,
      "Total Cost": 46481.68,
      "Plan Rows": 1,
      "Plan Width": 8,
      "Actual Startup Time": 85.33,
      "Actual Total Time": 96.389,
      "Actual Rows": 1,
      "Actual Loops": 1,
      "Plans": [
        {
          "Node Type": "Gather",
          "Parent Relationship": "Outer",
          "Parallel Aware": false,
          "Startup Cost": 46481.25,
          "Total Cost": 46481.66,
          "Plan Rows": 4,
          "Plan Width": 8,
          "Actual Startup Time": 84.983,
          "Actual Total Time": 96.376,
          "Actual Rows": 5,
          "Actual Loops": 1,
          "Workers Planned": 4,
          "Workers Launched": 4,
          "Single Copy": false,
          "Plans": [
            {
              "Node Type": "Aggregate",
              "Strategy": "Plain",
              "Partial Mode": "Partial",
              "Parent Relationship": "Outer",
              "Parallel Aware": false,
              "Startup Cost": 45481.25,
              "Total Cost": 45481.26,
              "Plan Rows": 1,
              "Plan Width": 8,
              "Actual Startup Time": 78.177,
              "Actual Total Time": 78.179,
              "Actual Rows": 1,
              "Actual Loops": 5,
              "Plans": [
                {
                  "Node Type": "Seq Scan",
                  "Parent Relationship": "Outer",
                  "Parallel Aware": true,
                  "Relation Name": "title",
                  "Alias": "t",
                  "Startup Cost": 0.0,
                  "Total Cost": 45479.59,
                  "Plan Rows": 667,
                  "Plan Width": 0,
                  "Actual Startup Time": 1.191,
                  "Actual Total Time": 78.076,
                  "Actual Rows": 830,
                  "Actual Loops": 5,
                  "Filter": "((kind_id < 3) AND (production_year = 1964))",
                  "Rows Removed by Filter": 504833
                }
              ]
            }
          ]
        }
      ]
    },
    "Planning Time": 0.126,
    "Triggers": [],
    "Execution Time": 96.424
  }
]