[
    {
        "Bao": {
            "Bao prediction": 1259.308,
            "Bao recommended hint": "SET enable_mergejoin TO off; "
        }
    },
    {
        "Plan": {
            "Node Type": "Aggregate",
            "Strategy": "Plain",
            "Partial Mode": "Finalize",
            "Parallel Aware": false,
            "Startup Cost": 279641.66,
            "Total Cost": 279641.67,
            "Plan Rows": 1,
            "Plan Width": 8,
            "Actual Startup Time": 1048.664,
            "Actual Total Time": 1075.083,
            "Actual Rows": 1,
            "Actual Loops": 1,
            "Output": [
                "count(*)"
            ],
            "Plans": [
                {
                    "Node Type": "Gather",
                    "Parent Relationship": "Outer",
                    "Parallel Aware": false,
                    "Startup Cost": 279641.14,
                    "Total Cost": 279641.65,
                    "Plan Rows": 5,
                    "Plan Width": 8,
                    "Actual Startup Time": 1027.641,
                    "Actual Total Time": 1075.072,
                    "Actual Rows": 6,
                    "Actual Loops": 1,
                    "Output": [
                        "(PARTIAL count(*))"
                    ],
                    "Workers Planned": 5,
                    "Workers Launched": 5,
                    "Single Copy": false,
                    "Plans": [
                        {
                            "Node Type": "Aggregate",
                            "Strategy": "Plain",
                            "Partial Mode": "Partial",
                            "Parent Relationship": "Outer",
                            "Parallel Aware": false,
                            "Startup Cost": 278641.14,
                            "Total Cost": 278641.15,
                            "Plan Rows": 1,
                            "Plan Width": 8,
                            "Actual Startup Time": 1018.017,
                            "Actual Total Time": 1018.425,
                            "Actual Rows": 1,
                            "Actual Loops": 6,
                            "Output": [
                                "PARTIAL count(*)"
                            ],
                            "Workers": [
                                {
                                    "Worker Number": 0,
                                    "Actual Startup Time": 1016.924,
                                    "Actual Total Time": 1016.929,
                                    "Actual Rows": 1,
                                    "Actual Loops": 1
                                },
                                {
                                    "Worker Number": 1,
                                    "Actual Startup Time": 1016.111,
                                    "Actual Total Time": 1016.116,
                                    "Actual Rows": 1,
                                    "Actual Loops": 1
                                },
                                {
                                    "Worker Number": 2,
                                    "Actual Startup Time": 1016.139,
                                    "Actual Total Time": 1016.144,
                                    "Actual Rows": 1,
                                    "Actual Loops": 1
                                },
                                {
                                    "Worker Number": 3,
                                    "Actual Startup Time": 1016.112,
                                    "Actual Total Time": 1016.117,
                                    "Actual Rows": 1,
                                    "Actual Loops": 1
                                },
                                {
                                    "Worker Number": 4,
                                    "Actual Startup Time": 1016.152,
                                    "Actual Total Time": 1016.156,
                                    "Actual Rows": 1,
                                    "Actual Loops": 1
                                }
                            ],
                            "Plans": [
                                {
                                    "Node Type": "Hash Join",
                                    "Parent Relationship": "Outer",
                                    "Parallel Aware": true,
                                    "Join Type": "Inner",
                                    "Startup Cost": 69018.9,
                                    "Total Cost": 277071.75,
                                    "Plan Rows": 627754,
                                    "Plan Width": 0,
                                    "Actual Startup Time": 354.063,
                                    "Actual Total Time": 996.105,
                                    "Actual Rows": 378004,
                                    "Actual Loops": 6,
                                    "Inner Unique": false,
                                    "Hash Cond": "(mi.movie_id = t.id)",
                                    "Workers": [
                                        {
                                            "Worker Number": 0,
                                            "Actual Startup Time": 351.804,
                                            "Actual Total Time": 995.329,
                                            "Actual Rows": 328917,
                                            "Actual Loops": 1
                                        },
                                        {
                                            "Worker Number": 1,
                                            "Actual Startup Time": 352.265,
                                            "Actual Total Time": 993.666,
                                            "Actual Rows": 342759,
                                            "Actual Loops": 1
                                        },
                                        {
                                            "Worker Number": 2,
                                            "Actual Startup Time": 352.587,
                                            "Actual Total Time": 993.182,
                                            "Actual Rows": 351867,
                                            "Actual Loops": 1
                                        },
                                        {
                                            "Worker Number": 3,
                                            "Actual Startup Time": 352.535,
                                            "Actual Total Time": 994.05,
                                            "Actual Rows": 339021,
                                            "Actual Loops": 1
                                        },
                                        {
                                            "Worker Number": 4,
                                            "Actual Startup Time": 352.467,
                                            "Actual Total Time": 993.379,
                                            "Actual Rows": 350550,
                                            "Actual Loops": 1
                                        }
                                    ],
                                    "Plans": [
                                        {
                                            "Node Type": "Seq Scan",
                                            "Parent Relationship": "Outer",
                                            "Parallel Aware": true,
                                            "Relation Name": "movie_info",
                                            "Schema": "public",
                                            "Alias": "mi",
                                            "Startup Cost": 0.0,
                                            "Total Cost": 198880.74,
                                            "Plan Rows": 1748389,
                                            "Plan Width": 4,
                                            "Actual Startup Time": 0.032,
                                            "Actual Total Time": 395.497,
                                            "Actual Rows": 1464430,
                                            "Actual Loops": 6,
                                            "Output": [
                                                "mi.id",
                                                "mi.movie_id",
                                                "mi.info_type_id",
                                                "mi.info",
                                                "mi.note"
                                            ],
                                            "Filter": "(mi.info_type_id < 13)",
                                            "Rows Removed by Filter": 1008190,
                                            "Workers": [
                                                {
                                                    "Worker Number": 0,
                                                    "Actual Startup Time": 0.035,
                                                    "Actual Total Time": 400.576,
                                                    "Actual Rows": 1271807,
                                                    "Actual Loops": 1
                                                },
                                                {
                                                    "Worker Number": 1,
                                                    "Actual Startup Time": 0.033,
                                                    "Actual Total Time": 399.357,
                                                    "Actual Rows": 1337141,
                                                    "Actual Loops": 1
                                                },
                                                {
                                                    "Worker Number": 2,
                                                    "Actual Startup Time": 0.04,
                                                    "Actual Total Time": 400.178,
                                                    "Actual Rows": 1339782,
                                                    "Actual Loops": 1
                                                },
                                                {
                                                    "Worker Number": 3,
                                                    "Actual Startup Time": 0.037,
                                                    "Actual Total Time": 399.988,
                                                    "Actual Rows": 1283694,
                                                    "Actual Loops": 1
                                                },
                                                {
                                                    "Worker Number": 4,
                                                    "Actual Startup Time": 0.034,
                                                    "Actual Total Time": 398.073,
                                                    "Actual Rows": 1330554,
                                                    "Actual Loops": 1
                                                }
                                            ]
                                        },
                                        {
                                            "Node Type": "Hash",
                                            "Parent Relationship": "Inner",
                                            "Parallel Aware": true,
                                            "Startup Cost": 64290.84,
                                            "Total Cost": 64290.84,
                                            "Plan Rows": 378245,
                                            "Plan Width": 8,
                                            "Actual Startup Time": 349.602,
                                            "Actual Total Time": 350.009,
                                            "Actual Rows": 87655,
                                            "Actual Loops": 6,
                                            "Output": [
                                                "t.id",
                                                "mi_idx.movie_id"
                                            ],
                                            "Hash Buckets": 1048576,
                                            "Original Hash Buckets": 1048576,
                                            "Hash Batches": 1,
                                            "Original Hash Batches": 1,
                                            "Peak Memory Usage": 28832,
                                            "Workers": [
                                                {
                                                    "Worker Number": 0,
                                                    "Actual Startup Time": 350.352,
                                                    "Actual Total Time": 350.356,
                                                    "Actual Rows": 75909,
                                                    "Actual Loops": 1
                                                },
                                                {
                                                    "Worker Number": 1,
                                                    "Actual Startup Time": 350.865,
                                                    "Actual Total Time": 350.868,
                                                    "Actual Rows": 82218,
                                                    "Actual Loops": 1
                                                },
                                                {
                                                    "Worker Number": 2,
                                                    "Actual Startup Time": 350.898,
                                                    "Actual Total Time": 350.901,
                                                    "Actual Rows": 82700,
                                                    "Actual Loops": 1
                                                },
                                                {
                                                    "Worker Number": 3,
                                                    "Actual Startup Time": 350.868,
                                                    "Actual Total Time": 350.872,
                                                    "Actual Rows": 78508,
                                                    "Actual Loops": 1
                                                },
                                                {
                                                    "Worker Number": 4,
                                                    "Actual Startup Time": 350.915,
                                                    "Actual Total Time": 350.918,
                                                    "Actual Rows": 81452,
                                                    "Actual Loops": 1
                                                }
                                            ],
                                            "Plans": [
                                                {
                                                    "Node Type": "Hash Join",
                                                    "Parent Relationship": "Outer",
                                                    "Parallel Aware": true,
                                                    "Join Type": "Inner",
                                                    "Startup Cost": 49096.28,
                                                    "Total Cost": 64290.84,
                                                    "Plan Rows": 378245,
                                                    "Plan Width": 8,
                                                    "Actual Startup Time": 229.373,
                                                    "Actual Total Time": 315.985,
                                                    "Actual Rows": 87655,
                                                    "Actual Loops": 6,
                                                    "Output": [
                                                        "t.id",
                                                        "mi_idx.movie_id"
                                                    ],
                                                    "Inner Unique": true,
                                                    "Hash Cond": "(mi_idx.movie_id = t.id)",
                                                    "Workers": [
                                                        {
                                                            "Worker Number": 0,
                                                            "Actual Startup Time": 229.352,
                                                            "Actual Total Time": 316.714,
                                                            "Actual Rows": 75909,
                                                            "Actual Loops": 1
                                                        },
                                                        {
                                                            "Worker Number": 1,
                                                            "Actual Startup Time": 229.397,
                                                            "Actual Total Time": 315.485,
                                                            "Actual Rows": 82218,
                                                            "Actual Loops": 1
                                                        },
                                                        {
                                                            "Worker Number": 2,
                                                            "Actual Startup Time": 229.365,
                                                            "Actual Total Time": 315.298,
                                                            "Actual Rows": 82700,
                                                            "Actual Loops": 1
                                                        },
                                                        {
                                                            "Worker Number": 3,
                                                            "Actual Startup Time": 229.361,
                                                            "Actual Total Time": 315.206,
                                                            "Actual Rows": 78508,
                                                            "Actual Loops": 1
                                                        },
                                                        {
                                                            "Worker Number": 4,
                                                            "Actual Startup Time": 229.389,
                                                            "Actual Total Time": 315.497,
                                                            "Actual Rows": 81452,
                                                            "Actual Loops": 1
                                                        }
                                                    ],
                                                    "Plans": [
                                                        {
                                                            "Node Type": "Seq Scan",
                                                            "Parent Relationship": "Outer",
                                                            "Parallel Aware": true,
                                                            "Relation Name": "movie_info_idx",
                                                            "Schema": "public",
                                                            "Alias": "mi_idx",
                                                            "Startup Cost": 0.0,
                                                            "Total Cost": 13685.15,
                                                            "Plan Rows": 575015,
                                                            "Plan Width": 4,
                                                            "Actual Startup Time": 0.033,
                                                            "Actual Total Time": 26.727,
                                                            "Actual Rows": 230006,
                                                            "Actual Loops": 6,
                                                            "Output": [
                                                                "mi_idx.id",
                                                                "mi_idx.movie_id",
                                                                "mi_idx.info_type_id",
                                                                "mi_idx.info",
                                                                "mi_idx.note"
                                                            ],
                                                            "Workers": [
                                                                {
                                                                    "Worker Number": 0,
                                                                    "Actual Startup Time": 0.042,
                                                                    "Actual Total Time": 27.187,
                                                                    "Actual Rows": 200905,
                                                                    "Actual Loops": 1
                                                                },
                                                                {
                                                                    "Worker Number": 1,
                                                                    "Actual Startup Time": 0.036,
                                                                    "Actual Total Time": 27.808,
                                                                    "Actual Rows": 214959,
                                                                    "Actual Loops": 1
                                                                },
                                                                {
                                                                    "Worker Number": 2,
                                                                    "Actual Startup Time": 0.039,
                                                                    "Actual Total Time": 27.867,
                                                                    "Actual Rows": 215151,
                                                                    "Actual Loops": 1
                                                                },
                                                                {
                                                                    "Worker Number": 3,
                                                                    "Actual Startup Time": 0.034,
                                                                    "Actual Total Time": 27.303,
                                                                    "Actual Rows": 204108,
                                                                    "Actual Loops": 1
                                                                },
                                                                {
                                                                    "Worker Number": 4,
                                                                    "Actual Startup Time": 0.038,
                                                                    "Actual Total Time": 27.788,
                                                                    "Actual Rows": 213567,
                                                                    "Actual Loops": 1
                                                                }
                                                            ]
                                                        },
                                                        {
                                                            "Node Type": "Hash",
                                                            "Parent Relationship": "Inner",
                                                            "Parallel Aware": true,
                                                            "Startup Cost": 43899.01,
                                                            "Total Cost": 43899.01,
                                                            "Plan Rows": 415782,
                                                            "Plan Width": 4,
                                                            "Actual Startup Time": 226.031,
                                                            "Actual Total Time": 226.032,
                                                            "Actual Rows": 279016,
                                                            "Actual Loops": 6,
                                                            "Output": [
                                                                "t.id"
                                                            ],
                                                            "Hash Buckets": 2097152,
                                                            "Original Hash Buckets": 2097152,
                                                            "Hash Batches": 1,
                                                            "Original Hash Batches": 1,
                                                            "Peak Memory Usage": 81984,
                                                            "Workers": [
                                                                {
                                                                    "Worker Number": 0,
                                                                    "Actual Startup Time": 229.013,
                                                                    "Actual Total Time": 229.015,
                                                                    "Actual Rows": 231726,
                                                                    "Actual Loops": 1
                                                                },
                                                                {
                                                                    "Worker Number": 1,
                                                                    "Actual Startup Time": 229.033,
                                                                    "Actual Total Time": 229.034,
                                                                    "Actual Rows": 248159,
                                                                    "Actual Loops": 1
                                                                },
                                                                {
                                                                    "Worker Number": 2,
                                                                    "Actual Startup Time": 229.06,
                                                                    "Actual Total Time": 229.061,
                                                                    "Actual Rows": 248846,
                                                                    "Actual Loops": 1
                                                                },
                                                                {
                                                                    "Worker Number": 3,
                                                                    "Actual Startup Time": 229.063,
                                                                    "Actual Total Time": 229.064,
                                                                    "Actual Rows": 235335,
                                                                    "Actual Loops": 1
                                                                },
                                                                {
                                                                    "Worker Number": 4,
                                                                    "Actual Startup Time": 229.043,
                                                                    "Actual Total Time": 229.044,
                                                                    "Actual Rows": 248127,
                                                                    "Actual Loops": 1
                                                                }
                                                            ],
                                                            "Plans": [
                                                                {
                                                                    "Node Type": "Seq Scan",
                                                                    "Parent Relationship": "Outer",
                                                                    "Parallel Aware": true,
                                                                    "Relation Name": "title",
                                                                    "Schema": "public",
                                                                    "Alias": "t",
                                                                    "Startup Cost": 0.0,
                                                                    "Total Cost": 43899.01,
                                                                    "Plan Rows": 415782,
                                                                    "Plan Width": 4,
                                                                    "Actual Startup Time": 0.044,
                                                                    "Actual Total Time": 92.991,
                                                                    "Actual Rows": 279016,
                                                                    "Actual Loops": 6,
                                                                    "Output": [
                                                                        "t.id"
                                                                    ],
                                                                    "Filter": "(t.kind_id > 3)",
                                                                    "Rows Removed by Filter": 142369,
                                                                    "Workers": [
                                                                        {
                                                                            "Worker Number": 0,
                                                                            "Actual Startup Time": 0.069,
                                                                            "Actual Total Time": 93.853,
                                                                            "Actual Rows": 231726,
                                                                            "Actual Loops": 1
                                                                        },
                                                                        {
                                                                            "Worker Number": 1,
                                                                            "Actual Startup Time": 0.036,
                                                                            "Actual Total Time": 96.617,
                                                                            "Actual Rows": 248159,
                                                                            "Actual Loops": 1
                                                                        },
                                                                        {
                                                                            "Worker Number": 2,
                                                                            "Actual Startup Time": 0.05,
                                                                            "Actual Total Time": 96.927,
                                                                            "Actual Rows": 248846,
                                                                            "Actual Loops": 1
                                                                        },
                                                                        {
                                                                            "Worker Number": 3,
                                                                            "Actual Startup Time": 0.047,
                                                                            "Actual Total Time": 94.108,
                                                                            "Actual Rows": 235335,
                                                                            "Actual Loops": 1
                                                                        },
                                                                        {
                                                                            "Worker Number": 4,
                                                                            "Actual Startup Time": 0.047,
                                                                            "Actual Total Time": 96.08,
                                                                            "Actual Rows": 248127,
                                                                            "Actual Loops": 1
                                                                        }
                                                                    ]
                                                                }
                                                            ]
                                                        }
                                                    ]
                                                }
                                            ]
                                        }
                                    ]
                                }
                            ]
                        }
                    ]
                }
            ]
        },
        "Planning Time": 1078.111,
        "Triggers": [],
        "Execution Time": 1075.242
    }
]