[
  {
    "Plan": {
      "Node Type": "Aggregate",
      "Strategy": "Plain",
      "Partial Mode": "Finalize",
      "Parallel Aware": false,
      "Startup Cost": 102105.95,
      "Total Cost": 102105.96,
      "Plan Rows": 1,
      "Plan Width": 8,
      "Actual Startup Time": 685.439,
      "Actual Total Time": 701.258,
      "Actual Rows": 1,
      "Actual Loops": 1,
      "Plans": [
        {
          "Node Type": "Gather",
          "Parent Relationship": "Outer",
          "Parallel Aware": false,
          "Startup Cost": 102105.73,
          "Total Cost": 102105.94,
          "Plan Rows": 2,
          "Plan Width": 8,
          "Actual Startup Time": 681.207,
          "Actual Total Time": 701.247,
          "Actual Rows": 3,
          "Actual Loops": 1,
          "Workers Planned": 2,
          "Workers Launched": 2,
          "Single Copy": false,
          "Plans": [
            {
              "Node Type": "Aggregate",
              "Strategy": "Plain",
              "Partial Mode": "Partial",
              "Parent Relationship": "Outer",
              "Parallel Aware": false,
              "Startup Cost": 101105.73,
              "Total Cost": 101105.74,
              "Plan Rows": 1,
              "Plan Width": 8,
              "Actual Startup Time": 673.302,
              "Actual Total Time": 673.449,
              "Actual Rows": 1,
              "Actual Loops": 3,
              "Plans": [
                {
                  "Node Type": "Hash Join",
                  "Parent Relationship": "Outer",
                  "Parallel Aware": true,
                  "Join Type": "Inner",
                  "Startup Cost": 84218.4,
                  "Total Cost": 100582.79,
                  "Plan Rows": 209177,
                  "Plan Width": 0,
                  "Actual Startup Time": 544.295,
                  "Actual Total Time": 663.813,
                  "Actual Rows": 246326,
                  "Actual Loops": 3,
                  "Inner Unique": false,
                  "Hash Cond": "(mi_idx.movie_id = t.id)",
                  "Plans": [
                    {
                      "Node Type": "Seq Scan",
                      "Parent Relationship": "Outer",
                      "Parallel Aware": true,
                      "Relation Name": "movie_info_idx",
                      "Alias": "mi_idx",
                      "Startup Cost": 0.0,
                      "Total Cost": 13685.15,
                      "Plan Rows": 575015,
                      "Plan Width": 4,
                      "Actual Startup Time": 0.031,
                      "Actual Total Time": 35.136,
                      "Actual Rows": 460012,
                      "Actual Loops": 3
                    },
                    {
                      "Node Type": "Hash",
                      "Parent Relationship": "Inner",
                      "Parallel Aware": true,
                      "Startup Cost": 81344.24,
                      "Total Cost": 81344.24,
                      "Plan Rows": 229933,
                      "Plan Width": 8,
                      "Actual Startup Time": 537.763,
                      "Actual Total Time": 537.908,
                      "Actual Rows": 199896,
                      "Actual Loops": 3,
                      "Hash Buckets": 1048576,
                      "Original Hash Buckets": 1048576,
                      "Hash Batches": 1,
                      "Original Hash Batches": 1,
                      "Peak Memory Usage": 31680,
                      "Plans": [
                        {
                          "Node Type": "Hash Join",
                          "Parent Relationship": "Outer",
                          "Parallel Aware": true,
                          "Join Type": "Inner",
                          "Startup Cost": 35123.42,
                          "Total Cost": 81344.24,
                          "Plan Rows": 229933,
                          "Plan Width": 8,
                          "Actual Startup Time": 164.304,
                          "Actual Total Time": 472.846,
                          "Actual Rows": 199896,
                          "Actual Loops": 3,
                          "Inner Unique": false,
                          "Hash Cond": "(t.id = mc.movie_id)",
                          "Plans": [
                            {
                              "Node Type": "Seq Scan",
                              "Parent Relationship": "Outer",
                              "Parallel Aware": true,
                              "Relation Name": "title",
                              "Alias": "t",
                              "Startup Cost": 0.0,
                              "Total Cost": 42318.73,
                              "Plan Rows": 632073,
                              "Plan Width": 4,
                              "Actual Startup Time": 0.012,
                              "Actual Total Time": 93.696,
                              "Actual Rows": 842771,
                              "Actual Loops": 3
                            },
                            {
                              "Node Type": "Hash",
                              "Parent Relationship": "Inner",
                              "Parallel Aware": true,
                              "Startup Cost": 31414.82,
                              "Total Cost": 31414.82,
                              "Plan Rows": 296688,
                              "Plan Width": 4,
                              "Actual Startup Time": 160.673,
                              "Actual Total Time": 160.674,
                              "Actual Rows": 199896,
                              "Actual Loops": 3,
                              "Hash Buckets": 1048576,
                              "Original Hash Buckets": 1048576,
                              "Hash Batches": 1,
                              "Original Hash Batches": 1,
                              "Peak Memory Usage": 31712,
                              "Plans": [
                                {
                                  "Node Type": "Seq Scan",
                                  "Parent Relationship": "Outer",
                                  "Parallel Aware": true,
                                  "Relation Name": "movie_companies",
                                  "Alias": "mc",
                                  "Startup Cost": 0.0,
                                  "Total Cost": 31414.82,
                                  "Plan Rows": 296688,
                                  "Plan Width": 4,
                                  "Actual Startup Time": 55.54,
                                  "Actual Total Time": 101.138,
                                  "Actual Rows": 199896,
                                  "Actual Loops": 3,
                                  "Filter": "((company_id < 29015) AND (company_type_id > 1))",
                                  "Rows Removed by Filter": 669814
                                }
                              ]
                            }
                          ]
                        }
                      ]
                    }
                  ]
                }
              ]
            }
          ]
        }
      ]
    },
    "Planning Time": 1.399,
    "Triggers": [],
    "Execution Time": 701.339
  }
]