{
  "Plan": {
    "Node Type": "Aggregate",
    "Strategy": "Plain",
    "Partial Mode": "Finalize",
    "Parallel Aware": false,
    "Startup Cost": 577847.39,
    "Total Cost": 577847.4,
    "Plan Rows": 1,
    "Plan Width": 8,
    "Actual Startup Time": 3326.646,
    "Actual Total Time": 3351.6,
    "Actual Rows": 1,
    "Actual Loops": 1,
    "Plans": [
      {
        "Node Type": "Gather",
        "Parent Relationship": "Outer",
        "Parallel Aware": false,
        "Startup Cost": 577847.27,
        "Total Cost": 577847.38,
        "Plan Rows": 1,
        "Plan Width": 8,
        "Actual Startup Time": 3321.308,
        "Actual Total Time": 3351.591,
        "Actual Rows": 2,
        "Actual Loops": 1,
        "Workers Planned": 1,
        "Workers Launched": 1,
        "Single Copy": false,
        "Plans": [
          {
            "Node Type": "Aggregate",
            "Strategy": "Plain",
            "Partial Mode": "Partial",
            "Parent Relationship": "Outer",
            "Parallel Aware": false,
            "Startup Cost": 576847.27,
            "Total Cost": 576847.28,
            "Plan Rows": 1,
            "Plan Width": 8,
            "Actual Startup Time": 3309.315,
            "Actual Total Time": 3309.319,
            "Actual Rows": 1,
            "Actual Loops": 2,
            "Plans": [
              {
                "Node Type": "Hash Join",
                "Parent Relationship": "Outer",
                "Parallel Aware": true,
                "Join Type": "Inner",
                "Startup Cost": 242795.13,
                "Total Cost": 565306.12,
                "Plan Rows": 4616461,
                "Plan Width": 0,
                "Actual Startup Time": 929.404,
                "Actual Total Time": 3150.033,
                "Actual Rows": 3889933,
                "Actual Loops": 2,
                "Inner Unique": true,
                "Hash Cond": "(ci.movie_id = t.id)",
                "Plans": [
                  {
                    "Node Type": "Bitmap Heap Scan",
                    "Parent Relationship": "Outer",
                    "Parallel Aware": true,
                    "Relation Name": "cast_info",
                    "Alias": "ci",
                    "Startup Cost": 173334.43,
                    "Total Cost": 483727.19,
                    "Plan Rows": 4616461,
                    "Plan Width": 4,
                    "Actual Startup Time": 348.178,
                    "Actual Total Time": 821.917,
                    "Actual Rows": 3889933,
                    "Actual Loops": 2,
                    "Recheck Cond": "(person_id > 2899521)",
                    "Rows Removed by Index Recheck": 0,
                    "Exact Heap Blocks": 46903,
                    "Lossy Heap Blocks": 0,
                    "Plans": [
                      {
                        "Node Type": "Bitmap Index Scan",
                        "Parent Relationship": "Outer",
                        "Parallel Aware": false,
                        "Index Name": "person_id_cast_info",
                        "Startup Cost": 0.0,
                        "Total Cost": 171372.44,
                        "Plan Rows": 7847983,
                        "Plan Width": 0,
                        "Actual Startup Time": 331.956,
                        "Actual Total Time": 331.957,
                        "Actual Rows": 7779866,
                        "Actual Loops": 1,
                        "Index Cond": "(person_id > 2899521)"
                      }
                    ]
                  },
                  {
                    "Node Type": "Hash",
                    "Parent Relationship": "Inner",
                    "Parallel Aware": true,
                    "Startup Cost": 50870.31,
                    "Total Cost": 50870.31,
                    "Plan Rows": 1487231,
                    "Plan Width": 4,
                    "Actual Startup Time": 559.467,
                    "Actual Total Time": 559.468,
                    "Actual Rows": 1264156,
                    "Actual Loops": 2,
                    "Hash Buckets": 4194304,
                    "Original Hash Buckets": 4194304,
                    "Hash Batches": 1,
                    "Original Hash Batches": 1,
                    "Peak Memory Usage": 131712,
                    "Plans": [
                      {
                        "Node Type": "Seq Scan",
                        "Parent Relationship": "Outer",
                        "Parallel Aware": true,
                        "Relation Name": "title",
                        "Alias": "t",
                        "Startup Cost": 0.0,
                        "Total Cost": 50870.31,
                        "Plan Rows": 1487231,
                        "Plan Width": 4,
                        "Actual Startup Time": 0.023,
                        "Actual Total Time": 154.427,
                        "Actual Rows": 1264156,
                        "Actual Loops": 2
                      }
                    ]
                  }
                ]
              }
            ]
          }
        ]
      }
    ]
  },
  "Planning Time": 0.695,
  "Triggers": [],
  "Execution Time": 3351.693
}