[
    {
        "Bao": {
            "Bao prediction": "NaN",
            "Bao recommended hint": "(no hint)"
        }
    },
    {
        "Plan": {
            "Node Type": "Aggregate",
            "Strategy": "Plain",
            "Partial Mode": "Finalize",
            "Parallel Aware": false,
            "Startup Cost": 33181.65,
            "Total Cost": 33181.66,
            "Plan Rows": 1,
            "Plan Width": 8,
            "Actual Startup Time": 86.376,
            "Actual Total Time": 92.717,
            "Actual Rows": 1,
            "Actual Loops": 1,
            "Output": [
                "count(*)"
            ],
            "Plans": [
                {
                    "Node Type": "Gather",
                    "Parent Relationship": "Outer",
                    "Parallel Aware": false,
                    "Startup Cost": 33181.33,
                    "Total Cost": 33181.64,
                    "Plan Rows": 3,
                    "Plan Width": 8,
                    "Actual Startup Time": 86.277,
                    "Actual Total Time": 92.71,
                    "Actual Rows": 4,
                    "Actual Loops": 1,
                    "Output": [
                        "(PARTIAL count(*))"
                    ],
                    "Workers Planned": 3,
                    "Workers Launched": 3,
                    "Single Copy": false,
                    "Plans": [
                        {
                            "Node Type": "Aggregate",
                            "Strategy": "Plain",
                            "Partial Mode": "Partial",
                            "Parent Relationship": "Outer",
                            "Parallel Aware": false,
                            "Startup Cost": 32181.33,
                            "Total Cost": 32181.34,
                            "Plan Rows": 1,
                            "Plan Width": 8,
                            "Actual Startup Time": 78.215,
                            "Actual Total Time": 78.216,
                            "Actual Rows": 1,
                            "Actual Loops": 4,
                            "Output": [
                                "PARTIAL count(*)"
                            ],
                            "Workers": [
                                {
                                    "Worker Number": 0,
                                    "Actual Startup Time": 75.19,
                                    "Actual Total Time": 75.191,
                                    "Actual Rows": 1,
                                    "Actual Loops": 1
                                },
                                {
                                    "Worker Number": 1,
                                    "Actual Startup Time": 75.697,
                                    "Actual Total Time": 75.698,
                                    "Actual Rows": 1,
                                    "Actual Loops": 1
                                },
                                {
                                    "Worker Number": 2,
                                    "Actual Startup Time": 75.94,
                                    "Actual Total Time": 75.941,
                                    "Actual Rows": 1,
                                    "Actual Loops": 1
                                }
                            ],
                            "Plans": [
                                {
                                    "Node Type": "Seq Scan",
                                    "Parent Relationship": "Outer",
                                    "Parallel Aware": true,
                                    "Relation Name": "movie_companies",
                                    "Schema": "public",
                                    "Alias": "mc",
                                    "Startup Cost": 0.0,
                                    "Total Cost": 31414.82,
                                    "Plan Rows": 306605,
                                    "Plan Width": 0,
                                    "Actual Startup Time": 40.048,
                                    "Actual Total Time": 71.628,
                                    "Actual Rows": 159773,
                                    "Actual Loops": 4,
                                    "Output": [
                                        "id",
                                        "movie_id",
                                        "company_id",
                                        "company_type_id",
                                        "note"
                                    ],
                                    "Filter": "((mc.company_id < 37666) AND (mc.company_type_id = 2))",
                                    "Rows Removed by Filter": 492510,
                                    "Workers": [
                                        {
                                            "Worker Number": 0,
                                            "Actual Startup Time": 37.022,
                                            "Actual Total Time": 69.021,
                                            "Actual Rows": 145274,
                                            "Actual Loops": 1
                                        },
                                        {
                                            "Worker Number": 1,
                                            "Actual Startup Time": 37.532,
                                            "Actual Total Time": 69.311,
                                            "Actual Rows": 154318,
                                            "Actual Loops": 1
                                        },
                                        {
                                            "Worker Number": 2,
                                            "Actual Startup Time": 37.771,
                                            "Actual Total Time": 69.588,
                                            "Actual Rows": 153872,
                                            "Actual Loops": 1
                                        }
                                    ]
                                }
                            ]
                        }
                    ]
                }
            ]
        },
        "Planning Time": 196.168,
        "Triggers": [],
        "Execution Time": 92.759
    }
]