[
  {
    "Plan": {
      "Node Type": "Aggregate",
      "Strategy": "Plain",
      "Partial Mode": "Finalize",
      "Parallel Aware": false,
      "Startup Cost": 46500.59,
      "Total Cost": 46500.6,
      "Plan Rows": 1,
      "Plan Width": 8,
      "Actual Startup Time": 99.054,
      "Actual Total Time": 110.242,
      "Actual Rows": 1,
      "Actual Loops": 1,
      "Plans": [
        {
          "Node Type": "Gather",
          "Parent Relationship": "Outer",
          "Parallel Aware": false,
          "Startup Cost": 46500.17,
          "Total Cost": 46500.58,
          "Plan Rows": 4,
          "Plan Width": 8,
          "Actual Startup Time": 98.874,
          "Actual Total Time": 110.233,
          "Actual Rows": 5,
          "Actual Loops": 1,
          "Workers Planned": 4,
          "Workers Launched": 4,
          "Single Copy": false,
          "Plans": [
            {
              "Node Type": "Aggregate",
              "Strategy": "Plain",
              "Partial Mode": "Partial",
              "Parent Relationship": "Outer",
              "Parallel Aware": false,
              "Startup Cost": 45500.17,
              "Total Cost": 45500.18,
              "Plan Rows": 1,
              "Plan Width": 8,
              "Actual Startup Time": 90.322,
              "Actual Total Time": 90.323,
              "Actual Rows": 1,
              "Actual Loops": 5,
              "Plans": [
                {
                  "Node Type": "Seq Scan",
                  "Parent Relationship": "Outer",
                  "Parallel Aware": true,
                  "Relation Name": "title",
                  "Alias": "t",
                  "Startup Cost": 0.0,
                  "Total Cost": 45479.1,
                  "Plan Rows": 8430,
                  "Plan Width": 0,
                  "Actual Startup Time": 59.923,
                  "Actual Total Time": 89.364,
                  "Actual Rows": 17854,
                  "Actual Loops": 5,
                  "Filter": "((kind_id < 7) AND (production_year < 1921))",
                  "Rows Removed by Filter": 487808
                }
              ]
            }
          ]
        }
      ]
    },
    "Planning Time": 0.189,
    "Triggers": [],
    "Execution Time": 110.305
  }
]