[
  {
    "Plan": {
      "Node Type": "Aggregate",
      "Strategy": "Plain",
      "Partial Mode": "Finalize",
      "Parallel Aware": false,
      "Startup Cost": 84125.54,
      "Total Cost": 84125.55,
      "Plan Rows": 1,
      "Plan Width": 8,
      "Actual Startup Time": 206.864,
      "Actual Total Time": 222.159,
      "Actual Rows": 1,
      "Actual Loops": 1,
      "Plans": [
        {
          "Node Type": "Gather",
          "Parent Relationship": "Outer",
          "Parallel Aware": false,
          "Startup Cost": 84125.22,
          "Total Cost": 84125.53,
          "Plan Rows": 3,
          "Plan Width": 8,
          "Actual Startup Time": 205.879,
          "Actual Total Time": 222.149,
          "Actual Rows": 4,
          "Actual Loops": 1,
          "Workers Planned": 3,
          "Workers Launched": 3,
          "Single Copy": false,
          "Plans": [
            {
              "Node Type": "Aggregate",
              "Strategy": "Plain",
              "Partial Mode": "Partial",
              "Parent Relationship": "Outer",
              "Parallel Aware": false,
              "Startup Cost": 83125.22,
              "Total Cost": 83125.23,
              "Plan Rows": 1,
              "Plan Width": 8,
              "Actual Startup Time": 200.045,
              "Actual Total Time": 200.049,
              "Actual Rows": 1,
              "Actual Loops": 4,
              "Plans": [
                {
                  "Node Type": "Hash Join",
                  "Parent Relationship": "Outer",
                  "Parallel Aware": true,
                  "Join Type": "Inner",
                  "Startup Cost": 56319.1,
                  "Total Cost": 83087.72,
                  "Plan Rows": 15000,
                  "Plan Width": 0,
                  "Actual Startup Time": 125.967,
                  "Actual Total Time": 199.86,
                  "Actual Rows": 2216,
                  "Actual Loops": 4,
                  "Inner Unique": true,
                  "Hash Cond": "(mk.movie_id = t.id)",
                  "Plans": [
                    {
                      "Node Type": "Bitmap Heap Scan",
                      "Parent Relationship": "Outer",
                      "Parallel Aware": true,
                      "Relation Name": "movie_keyword",
                      "Alias": "mk",
                      "Startup Cost": 10065.05,
                      "Total Cost": 36431.96,
                      "Plan Rows": 153033,
                      "Plan Width": 4,
                      "Actual Startup Time": 25.909,
                      "Actual Total Time": 79.456,
                      "Actual Rows": 118136,
                      "Actual Loops": 4,
                      "Recheck Cond": "(keyword_id < 359)",
                      "Rows Removed by Index Recheck": 0,
                      "Exact Heap Blocks": 8766,
                      "Lossy Heap Blocks": 0,
                      "Plans": [
                        {
                          "Node Type": "Bitmap Index Scan",
                          "Parent Relationship": "Outer",
                          "Parallel Aware": false,
                          "Index Name": "keyword_id_movie_keyword",
                          "Startup Cost": 0.0,
                          "Total Cost": 9946.45,
                          "Plan Rows": 474402,
                          "Plan Width": 0,
                          "Actual Startup Time": 22.335,
                          "Actual Total Time": 22.335,
                          "Actual Rows": 472545,
                          "Actual Loops": 1,
                          "Index Cond": "(keyword_id < 359)"
                        }
                      ]
                    },
                    {
                      "Node Type": "Hash",
                      "Parent Relationship": "Inner",
                      "Parallel Aware": true,
                      "Startup Cost": 45479.59,
                      "Total Cost": 45479.59,
                      "Plan Rows": 61957,
                      "Plan Width": 4,
                      "Actual Startup Time": 98.274,
                      "Actual Total Time": 98.275,
                      "Actual Rows": 38466,
                      "Actual Loops": 4,
                      "Hash Buckets": 262144,
                      "Original Hash Buckets": 262144,
                      "Hash Batches": 1,
                      "Original Hash Batches": 1,
                      "Peak Memory Usage": 8128,
                      "Plans": [
                        {
                          "Node Type": "Seq Scan",
                          "Parent Relationship": "Outer",
                          "Parallel Aware": true,
                          "Relation Name": "title",
                          "Alias": "t",
                          "Startup Cost": 0.0,
                          "Total Cost": 45479.59,
                          "Plan Rows": 61957,
                          "Plan Width": 4,
                          "Actual Startup Time": 0.035,
                          "Actual Total Time": 85.907,
                          "Actual Rows": 38466,
                          "Actual Loops": 4,
                          "Filter": "((production_year < 1974) AND (kind_id = 7))",
                          "Rows Removed by Filter": 593612
                        }
                      ]
                    }
                  ]
                }
              ]
            }
          ]
        }
      ]
    },
    "Planning Time": 0.616,
    "Triggers": [],
    "Execution Time": 222.26
  }
]