[
    {
        "Bao": {
            "Bao prediction": "NaN",
            "Bao recommended hint": "(no hint)"
        }
    },
    {
        "Plan": {
            "Node Type": "Aggregate",
            "Strategy": "Plain",
            "Partial Mode": "Finalize",
            "Parallel Aware": false,
            "Startup Cost": 84228.6,
            "Total Cost": 84228.61,
            "Plan Rows": 1,
            "Plan Width": 8,
            "Actual Startup Time": 277.964,
            "Actual Total Time": 287.311,
            "Actual Rows": 1,
            "Actual Loops": 1,
            "Output": [
                "count(*)"
            ],
            "Plans": [
                {
                    "Node Type": "Gather",
                    "Parent Relationship": "Outer",
                    "Parallel Aware": false,
                    "Startup Cost": 84228.28,
                    "Total Cost": 84228.59,
                    "Plan Rows": 3,
                    "Plan Width": 8,
                    "Actual Startup Time": 275.347,
                    "Actual Total Time": 287.304,
                    "Actual Rows": 4,
                    "Actual Loops": 1,
                    "Output": [
                        "(PARTIAL count(*))"
                    ],
                    "Workers Planned": 3,
                    "Workers Launched": 3,
                    "Single Copy": false,
                    "Plans": [
                        {
                            "Node Type": "Aggregate",
                            "Strategy": "Plain",
                            "Partial Mode": "Partial",
                            "Parent Relationship": "Outer",
                            "Parallel Aware": false,
                            "Startup Cost": 83228.28,
                            "Total Cost": 83228.29,
                            "Plan Rows": 1,
                            "Plan Width": 8,
                            "Actual Startup Time": 266.814,
                            "Actual Total Time": 266.817,
                            "Actual Rows": 1,
                            "Actual Loops": 4,
                            "Output": [
                                "PARTIAL count(*)"
                            ],
                            "Workers": [
                                {
                                    "Worker Number": 0,
                                    "Actual Startup Time": 263.744,
                                    "Actual Total Time": 263.746,
                                    "Actual Rows": 1,
                                    "Actual Loops": 1
                                },
                                {
                                    "Worker Number": 1,
                                    "Actual Startup Time": 263.981,
                                    "Actual Total Time": 263.984,
                                    "Actual Rows": 1,
                                    "Actual Loops": 1
                                },
                                {
                                    "Worker Number": 2,
                                    "Actual Startup Time": 264.514,
                                    "Actual Total Time": 264.517,
                                    "Actual Rows": 1,
                                    "Actual Loops": 1
                                }
                            ],
                            "Plans": [
                                {
                                    "Node Type": "Hash Join",
                                    "Parent Relationship": "Outer",
                                    "Parallel Aware": true,
                                    "Join Type": "Inner",
                                    "Startup Cost": 56388.79,
                                    "Total Cost": 83102.35,
                                    "Plan Rows": 50375,
                                    "Plan Width": 0,
                                    "Actual Startup Time": 188.25,
                                    "Actual Total Time": 263.979,
                                    "Actual Rows": 54459,
                                    "Actual Loops": 4,
                                    "Inner Unique": true,
                                    "Hash Cond": "(mk.movie_id = t.id)",
                                    "Workers": [
                                        {
                                            "Worker Number": 0,
                                            "Actual Startup Time": 185.499,
                                            "Actual Total Time": 260.88,
                                            "Actual Rows": 50330,
                                            "Actual Loops": 1
                                        },
                                        {
                                            "Worker Number": 1,
                                            "Actual Startup Time": 185.361,
                                            "Actual Total Time": 261.133,
                                            "Actual Rows": 50291,
                                            "Actual Loops": 1
                                        },
                                        {
                                            "Worker Number": 2,
                                            "Actual Startup Time": 185.98,
                                            "Actual Total Time": 261.861,
                                            "Actual Rows": 46972,
                                            "Actual Loops": 1
                                        }
                                    ],
                                    "Plans": [
                                        {
                                            "Node Type": "Bitmap Heap Scan",
                                            "Parent Relationship": "Outer",
                                            "Parallel Aware": true,
                                            "Relation Name": "movie_keyword",
                                            "Schema": "public",
                                            "Alias": "mk",
                                            "Startup Cost": 9825.57,
                                            "Total Cost": 36146.97,
                                            "Plan Rows": 149392,
                                            "Plan Width": 4,
                                            "Actual Startup Time": 30.508,
                                            "Actual Total Time": 78.717,
                                            "Actual Rows": 113556,
                                            "Actual Loops": 4,
                                            "Output": [
                                                "mk.id",
                                                "mk.movie_id",
                                                "mk.keyword_id"
                                            ],
                                            "Recheck Cond": "(mk.keyword_id > 38983)",
                                            "Rows Removed by Index Recheck": 0,
                                            "Exact Heap Blocks": 7718,
                                            "Lossy Heap Blocks": 0,
                                            "Workers": [
                                                {
                                                    "Worker Number": 0,
                                                    "Actual Startup Time": 30.482,
                                                    "Actual Total Time": 80.004,
                                                    "Actual Rows": 102352,
                                                    "Actual Loops": 1
                                                },
                                                {
                                                    "Worker Number": 1,
                                                    "Actual Startup Time": 30.508,
                                                    "Actual Total Time": 79.91,
                                                    "Actual Rows": 103068,
                                                    "Actual Loops": 1
                                                },
                                                {
                                                    "Worker Number": 2,
                                                    "Actual Startup Time": 30.718,
                                                    "Actual Total Time": 80.426,
                                                    "Actual Rows": 95536,
                                                    "Actual Loops": 1
                                                }
                                            ],
                                            "Plans": [
                                                {
                                                    "Node Type": "Bitmap Index Scan",
                                                    "Parent Relationship": "Outer",
                                                    "Parallel Aware": false,
                                                    "Index Name": "keyword_id_movie_keyword",
                                                    "Startup Cost": 0.0,
                                                    "Total Cost": 9709.8,
                                                    "Plan Rows": 463115,
                                                    "Plan Width": 0,
                                                    "Actual Startup Time": 27.058,
                                                    "Actual Total Time": 27.059,
                                                    "Actual Rows": 454225,
                                                    "Actual Loops": 1,
                                                    "Index Cond": "(mk.keyword_id > 38983)"
                                                }
                                            ]
                                        },
                                        {
                                            "Node Type": "Hash",
                                            "Parent Relationship": "Inner",
                                            "Parallel Aware": true,
                                            "Startup Cost": 43899.01,
                                            "Total Cost": 43899.01,
                                            "Plan Rows": 213137,
                                            "Plan Width": 4,
                                            "Actual Startup Time": 154.825,
                                            "Actual Total Time": 154.826,
                                            "Actual Rows": 212285,
                                            "Actual Loops": 4,
                                            "Output": [
                                                "t.id"
                                            ],
                                            "Hash Buckets": 1048576,
                                            "Original Hash Buckets": 1048576,
                                            "Hash Batches": 1,
                                            "Original Hash Batches": 1,
                                            "Peak Memory Usage": 41504,
                                            "Workers": [
                                                {
                                                    "Worker Number": 0,
                                                    "Actual Startup Time": 154.159,
                                                    "Actual Total Time": 154.159,
                                                    "Actual Rows": 199002,
                                                    "Actual Loops": 1
                                                },
                                                {
                                                    "Worker Number": 1,
                                                    "Actual Startup Time": 154.39,
                                                    "Actual Total Time": 154.391,
                                                    "Actual Rows": 200105,
                                                    "Actual Loops": 1
                                                },
                                                {
                                                    "Worker Number": 2,
                                                    "Actual Startup Time": 154.496,
                                                    "Actual Total Time": 154.496,
                                                    "Actual Rows": 180070,
                                                    "Actual Loops": 1
                                                }
                                            ],
                                            "Plans": [
                                                {
                                                    "Node Type": "Seq Scan",
                                                    "Parent Relationship": "Outer",
                                                    "Parallel Aware": true,
                                                    "Relation Name": "title",
                                                    "Schema": "public",
                                                    "Alias": "t",
                                                    "Startup Cost": 0.0,
                                                    "Total Cost": 43899.01,
                                                    "Plan Rows": 213137,
                                                    "Plan Width": 4,
                                                    "Actual Startup Time": 0.037,
                                                    "Actual Total Time": 90.408,
                                                    "Actual Rows": 212285,
                                                    "Actual Loops": 4,
                                                    "Output": [
                                                        "t.id"
                                                    ],
                                                    "Filter": "(t.production_year < 1996)",
                                                    "Rows Removed by Filter": 419793,
                                                    "Workers": [
                                                        {
                                                            "Worker Number": 0,
                                                            "Actual Startup Time": 0.055,
                                                            "Actual Total Time": 92.936,
                                                            "Actual Rows": 199002,
                                                            "Actual Loops": 1
                                                        },
                                                        {
                                                            "Worker Number": 1,
                                                            "Actual Startup Time": 0.037,
                                                            "Actual Total Time": 93.422,
                                                            "Actual Rows": 200105,
                                                            "Actual Loops": 1
                                                        },
                                                        {
                                                            "Worker Number": 2,
                                                            "Actual Startup Time": 0.044,
                                                            "Actual Total Time": 87.987,
                                                            "Actual Rows": 180070,
                                                            "Actual Loops": 1
                                                        }
                                                    ]
                                                }
                                            ]
                                        }
                                    ]
                                }
                            ]
                        }
                    ]
                }
            ]
        },
        "Planning Time": 185.258,
        "Triggers": [],
        "Execution Time": 287.394
    }
]