{
  "Plan": {
    "Node Type": "Aggregate",
    "Strategy": "Plain",
    "Partial Mode": "Finalize",
    "Parallel Aware": false,
    "Startup Cost": 99687.2,
    "Total Cost": 99687.21,
    "Plan Rows": 1,
    "Plan Width": 8,
    "Actual Startup Time": 260.87,
    "Actual Total Time": 275.534,
    "Actual Rows": 1,
    "Actual Loops": 1,
    "Plans": [
      {
        "Node Type": "Gather",
        "Parent Relationship": "Outer",
        "Parallel Aware": false,
        "Startup Cost": 99687.09,
        "Total Cost": 99687.2,
        "Plan Rows": 1,
        "Plan Width": 8,
        "Actual Startup Time": 260.462,
        "Actual Total Time": 275.527,
        "Actual Rows": 2,
        "Actual Loops": 1,
        "Workers Planned": 1,
        "Workers Launched": 1,
        "Single Copy": false,
        "Plans": [
          {
            "Node Type": "Aggregate",
            "Strategy": "Plain",
            "Partial Mode": "Partial",
            "Parent Relationship": "Outer",
            "Parallel Aware": false,
            "Startup Cost": 98687.09,
            "Total Cost": 98687.1,
            "Plan Rows": 1,
            "Plan Width": 8,
            "Actual Startup Time": 254.247,
            "Actual Total Time": 254.251,
            "Actual Rows": 1,
            "Actual Loops": 2,
            "Plans": [
              {
                "Node Type": "Nested Loop",
                "Parent Relationship": "Outer",
                "Parallel Aware": false,
                "Join Type": "Inner",
                "Startup Cost": 70404.6,
                "Total Cost": 98679.45,
                "Plan Rows": 3056,
                "Plan Width": 0,
                "Actual Startup Time": 166.401,
                "Actual Total Time": 254.142,
                "Actual Rows": 1710,
                "Actual Loops": 2,
                "Inner Unique": false,
                "Join Filter": "(t.id = mk.movie_id)",
                "Rows Removed by Join Filter": 0,
                "Plans": [
                  {
                    "Node Type": "Hash Join",
                    "Parent Relationship": "Outer",
                    "Parallel Aware": true,
                    "Join Type": "Inner",
                    "Startup Cost": 70404.17,
                    "Total Cost": 94487.88,
                    "Plan Rows": 1708,
                    "Plan Width": 8,
                    "Actual Startup Time": 166.1,
                    "Actual Total Time": 247.292,
                    "Actual Rows": 882,
                    "Actual Loops": 2,
                    "Inner Unique": true,
                    "Hash Cond": "(mc.movie_id = t.id)",
                    "Plans": [
                      {
                        "Node Type": "Bitmap Heap Scan",
                        "Parent Relationship": "Outer",
                        "Parallel Aware": true,
                        "Relation Name": "movie_companies",
                        "Alias": "mc",
                        "Startup Cost": 11899.18,
                        "Total Cost": 35563.02,
                        "Plan Rows": 159949,
                        "Plan Width": 4,
                        "Actual Startup Time": 29.331,
                        "Actual Total Time": 87.972,
                        "Actual Rows": 202154,
                        "Actual Loops": 2,
                        "Recheck Cond": "(company_id < 554)",
                        "Rows Removed by Index Recheck": 0,
                        "Filter": "(company_type_id < 2)",
                        "Rows Removed by Filter": 71162,
                        "Exact Heap Blocks": 10804,
                        "Lossy Heap Blocks": 0,
                        "Plans": [
                          {
                            "Node Type": "Bitmap Index Scan",
                            "Parent Relationship": "Outer",
                            "Parallel Aware": false,
                            "Index Name": "company_id_movie_companies",
                            "Startup Cost": 0.0,
                            "Total Cost": 11831.2,
                            "Plan Rows": 552369,
                            "Plan Width": 0,
                            "Actual Startup Time": 26.526,
                            "Actual Total Time": 26.527,
                            "Actual Rows": 546632,
                            "Actual Loops": 1,
                            "Index Cond": "(company_id < 554)"
                          }
                        ]
                      },
                      {
                        "Node Type": "Hash",
                        "Parent Relationship": "Inner",
                        "Parallel Aware": true,
                        "Startup Cost": 58306.47,
                        "Total Cost": 58306.47,
                        "Plan Rows": 15882,
                        "Plan Width": 4,
                        "Actual Startup Time": 135.415,
                        "Actual Total Time": 135.416,
                        "Actual Rows": 13542,
                        "Actual Loops": 2,
                        "Hash Buckets": 32768,
                        "Original Hash Buckets": 32768,
                        "Hash Batches": 1,
                        "Original Hash Batches": 1,
                        "Peak Memory Usage": 1344,
                        "Plans": [
                          {
                            "Node Type": "Seq Scan",
                            "Parent Relationship": "Outer",
                            "Parallel Aware": true,
                            "Relation Name": "title",
                            "Alias": "t",
                            "Startup Cost": 0.0,
                            "Total Cost": 58306.47,
                            "Plan Rows": 15882,
                            "Plan Width": 4,
                            "Actual Startup Time": 0.412,
                            "Actual Total Time": 131.807,
                            "Actual Rows": 13542,
                            "Actual Loops": 2,
                            "Filter": "((kind_id < 7) AND (production_year > 2012))",
                            "Rows Removed by Filter": 1250614
                          }
                        ]
                      }
                    ]
                  },
                  {
                    "Node Type": "Index Only Scan",
                    "Parent Relationship": "Inner",
                    "Parallel Aware": false,
                    "Scan Direction": "Forward",
                    "Index Name": "movie_id_movie_keyword",
                    "Relation Name": "movie_keyword",
                    "Alias": "mk",
                    "Startup Cost": 0.43,
                    "Total Cost": 1.89,
                    "Plan Rows": 45,
                    "Plan Width": 4,
                    "Actual Startup Time": 0.007,
                    "Actual Total Time": 0.007,
                    "Actual Rows": 2,
                    "Actual Loops": 1765,
                    "Index Cond": "(movie_id = mc.movie_id)",
                    "Rows Removed by Index Recheck": 0,
                    "Heap Fetches": 3420
                  }
                ]
              }
            ]
          }
        ]
      }
    ]
  },
  "Planning Time": 1.05,
  "Triggers": [],
  "Execution Time": 275.639
}