[
  {
    "Plan": {
      "Node Type": "Aggregate",
      "Strategy": "Plain",
      "Partial Mode": "Finalize",
      "Parallel Aware": false,
      "Startup Cost": 345808.43,
      "Total Cost": 345808.44,
      "Plan Rows": 1,
      "Plan Width": 8,
      "Actual Startup Time": 592.196,
      "Actual Total Time": 656.986,
      "Actual Rows": 1,
      "Actual Loops": 1,
      "Plans": [
        {
          "Node Type": "Gather",
          "Parent Relationship": "Outer",
          "Parallel Aware": false,
          "Startup Cost": 345807.8,
          "Total Cost": 345808.41,
          "Plan Rows": 6,
          "Plan Width": 8,
          "Actual Startup Time": 592.044,
          "Actual Total Time": 656.975,
          "Actual Rows": 7,
          "Actual Loops": 1,
          "Workers Planned": 6,
          "Workers Launched": 6,
          "Single Copy": false,
          "Plans": [
            {
              "Node Type": "Aggregate",
              "Strategy": "Plain",
              "Partial Mode": "Partial",
              "Parent Relationship": "Outer",
              "Parallel Aware": false,
              "Startup Cost": 344807.8,
              "Total Cost": 344807.81,
              "Plan Rows": 1,
              "Plan Width": 8,
              "Actual Startup Time": 581.59,
              "Actual Total Time": 581.591,
              "Actual Rows": 1,
              "Actual Loops": 7,
              "Plans": [
                {
                  "Node Type": "Seq Scan",
                  "Parent Relationship": "Outer",
                  "Parallel Aware": true,
                  "Relation Name": "cast_info",
                  "Alias": "ci",
                  "Startup Cost": 0.0,
                  "Total Cost": 343257.03,
                  "Plan Rows": 620309,
                  "Plan Width": 0,
                  "Actual Startup Time": 214.493,
                  "Actual Total Time": 572.265,
                  "Actual Rows": 229505,
                  "Actual Loops": 7,
                  "Filter": "((person_id < 563218) AND (role_id > 1))",
                  "Rows Removed by Filter": 4948259
                }
              ]
            }
          ]
        }
      ]
    },
    "Planning Time": 0.233,
    "Triggers": [],
    "Execution Time": 657.054
  }
]