[
    {
        "Bao": {
            "Bao prediction": "NaN",
            "Bao recommended hint": "(no hint)"
        }
    },
    {
        "Plan": {
            "Node Type": "Aggregate",
            "Strategy": "Plain",
            "Partial Mode": "Finalize",
            "Parallel Aware": false,
            "Startup Cost": 311373.14,
            "Total Cost": 311373.15,
            "Plan Rows": 1,
            "Plan Width": 8,
            "Actual Startup Time": 203.721,
            "Actual Total Time": 209.202,
            "Actual Rows": 1,
            "Actual Loops": 1,
            "Output": [
                "count(*)"
            ],
            "Plans": [
                {
                    "Node Type": "Gather",
                    "Parent Relationship": "Outer",
                    "Parallel Aware": false,
                    "Startup Cost": 311372.52,
                    "Total Cost": 311373.13,
                    "Plan Rows": 6,
                    "Plan Width": 8,
                    "Actual Startup Time": 203.246,
                    "Actual Total Time": 209.192,
                    "Actual Rows": 7,
                    "Actual Loops": 1,
                    "Output": [
                        "(PARTIAL count(*))"
                    ],
                    "Workers Planned": 6,
                    "Workers Launched": 6,
                    "Single Copy": false,
                    "Plans": [
                        {
                            "Node Type": "Aggregate",
                            "Strategy": "Plain",
                            "Partial Mode": "Partial",
                            "Parent Relationship": "Outer",
                            "Parallel Aware": false,
                            "Startup Cost": 310372.52,
                            "Total Cost": 310372.53,
                            "Plan Rows": 1,
                            "Plan Width": 8,
                            "Actual Startup Time": 192.479,
                            "Actual Total Time": 192.48,
                            "Actual Rows": 1,
                            "Actual Loops": 7,
                            "Output": [
                                "PARTIAL count(*)"
                            ],
                            "Workers": [
                                {
                                    "Worker Number": 0,
                                    "Actual Startup Time": 190.208,
                                    "Actual Total Time": 190.209,
                                    "Actual Rows": 1,
                                    "Actual Loops": 1
                                },
                                {
                                    "Worker Number": 1,
                                    "Actual Startup Time": 190.294,
                                    "Actual Total Time": 190.296,
                                    "Actual Rows": 1,
                                    "Actual Loops": 1
                                },
                                {
                                    "Worker Number": 2,
                                    "Actual Startup Time": 190.824,
                                    "Actual Total Time": 190.825,
                                    "Actual Rows": 1,
                                    "Actual Loops": 1
                                },
                                {
                                    "Worker Number": 3,
                                    "Actual Startup Time": 190.596,
                                    "Actual Total Time": 190.597,
                                    "Actual Rows": 1,
                                    "Actual Loops": 1
                                },
                                {
                                    "Worker Number": 4,
                                    "Actual Startup Time": 191.373,
                                    "Actual Total Time": 191.375,
                                    "Actual Rows": 1,
                                    "Actual Loops": 1
                                },
                                {
                                    "Worker Number": 5,
                                    "Actual Startup Time": 191.361,
                                    "Actual Total Time": 191.363,
                                    "Actual Rows": 1,
                                    "Actual Loops": 1
                                }
                            ],
                            "Plans": [
                                {
                                    "Node Type": "Bitmap Heap Scan",
                                    "Parent Relationship": "Outer",
                                    "Parallel Aware": true,
                                    "Relation Name": "cast_info",
                                    "Schema": "public",
                                    "Alias": "ci",
                                    "Startup Cost": 51817.97,
                                    "Total Cost": 309394.59,
                                    "Plan Rows": 391170,
                                    "Plan Width": 0,
                                    "Actual Startup Time": 96.305,
                                    "Actual Total Time": 173.077,
                                    "Actual Rows": 335795,
                                    "Actual Loops": 7,
                                    "Recheck Cond": "(ci.person_id < 228738)",
                                    "Rows Removed by Index Recheck": 0,
                                    "Exact Heap Blocks": 6106,
                                    "Lossy Heap Blocks": 0,
                                    "Workers": [
                                        {
                                            "Worker Number": 0,
                                            "Actual Startup Time": 94.005,
                                            "Actual Total Time": 170.913,
                                            "Actual Rows": 239483,
                                            "Actual Loops": 1
                                        },
                                        {
                                            "Worker Number": 1,
                                            "Actual Startup Time": 94.172,
                                            "Actual Total Time": 171.308,
                                            "Actual Rows": 227677,
                                            "Actual Loops": 1
                                        },
                                        {
                                            "Worker Number": 2,
                                            "Actual Startup Time": 94.646,
                                            "Actual Total Time": 171.996,
                                            "Actual Rows": 328748,
                                            "Actual Loops": 1
                                        },
                                        {
                                            "Worker Number": 3,
                                            "Actual Startup Time": 94.549,
                                            "Actual Total Time": 172.188,
                                            "Actual Rows": 299967,
                                            "Actual Loops": 1
                                        },
                                        {
                                            "Worker Number": 4,
                                            "Actual Startup Time": 95.186,
                                            "Actual Total Time": 172.333,
                                            "Actual Rows": 330367,
                                            "Actual Loops": 1
                                        },
                                        {
                                            "Worker Number": 5,
                                            "Actual Startup Time": 95.478,
                                            "Actual Total Time": 172.462,
                                            "Actual Rows": 325544,
                                            "Actual Loops": 1
                                        }
                                    ],
                                    "Plans": [
                                        {
                                            "Node Type": "Bitmap Index Scan",
                                            "Parent Relationship": "Outer",
                                            "Parallel Aware": false,
                                            "Index Name": "person_id_cast_info",
                                            "Startup Cost": 0.0,
                                            "Total Cost": 51231.21,
                                            "Plan Rows": 2347020,
                                            "Plan Width": 0,
                                            "Actual Startup Time": 102.51,
                                            "Actual Total Time": 102.511,
                                            "Actual Rows": 2350567,
                                            "Actual Loops": 1,
                                            "Index Cond": "(ci.person_id < 228738)"
                                        }
                                    ]
                                }
                            ]
                        }
                    ]
                }
            ]
        },
        "Planning Time": 193.477,
        "Triggers": [],
        "Execution Time": 209.304
    }
]