[
    {
        "Bao": {
            "Bao prediction": 353.739,
            "Bao recommended hint": "(no hint)"
        }
    },
    {
        "Plan": {
            "Node Type": "Aggregate",
            "Strategy": "Plain",
            "Partial Mode": "Simple",
            "Parallel Aware": false,
            "Startup Cost": 66840.02,
            "Total Cost": 66840.03,
            "Plan Rows": 1,
            "Plan Width": 64,
            "Actual Startup Time": 406.401,
            "Actual Total Time": 430.863,
            "Actual Rows": 1,
            "Actual Loops": 1,
            "Output": [
                "min(n.name)",
                "min(t.title)"
            ],
            "Plans": [
                {
                    "Node Type": "Nested Loop",
                    "Parent Relationship": "Outer",
                    "Parallel Aware": false,
                    "Join Type": "Inner",
                    "Startup Cost": 6354.01,
                    "Total Cost": 66840.01,
                    "Plan Rows": 1,
                    "Plan Width": 32,
                    "Actual Startup Time": 95.238,
                    "Actual Total Time": 430.844,
                    "Actual Rows": 16,
                    "Actual Loops": 1,
                    "Output": [
                        "n.name",
                        "t.title"
                    ],
                    "Inner Unique": true,
                    "Plans": [
                        {
                            "Node Type": "Nested Loop",
                            "Parent Relationship": "Outer",
                            "Parallel Aware": false,
                            "Join Type": "Inner",
                            "Startup Cost": 6353.88,
                            "Total Cost": 66839.84,
                            "Plan Rows": 1,
                            "Plan Width": 36,
                            "Actual Startup Time": 95.217,
                            "Actual Total Time": 430.8,
                            "Actual Rows": 16,
                            "Actual Loops": 1,
                            "Output": [
                                "ci.role_id",
                                "n.name",
                                "t.title"
                            ],
                            "Inner Unique": true,
                            "Join Filter": "(ci.person_id = n.id)",
                            "Rows Removed by Join Filter": 0,
                            "Plans": [
                                {
                                    "Node Type": "Nested Loop",
                                    "Parent Relationship": "Outer",
                                    "Parallel Aware": false,
                                    "Join Type": "Inner",
                                    "Startup Cost": 6353.45,
                                    "Total Cost": 66839.06,
                                    "Plan Rows": 1,
                                    "Plan Width": 29,
                                    "Actual Startup Time": 93.768,
                                    "Actual Total Time": 430.451,
                                    "Actual Rows": 74,
                                    "Actual Loops": 1,
                                    "Output": [
                                        "an.person_id",
                                        "ci.person_id",
                                        "ci.role_id",
                                        "t.title"
                                    ],
                                    "Inner Unique": true,
                                    "Plans": [
                                        {
                                            "Node Type": "Nested Loop",
                                            "Parent Relationship": "Outer",
                                            "Parallel Aware": false,
                                            "Join Type": "Inner",
                                            "Startup Cost": 6353.3,
                                            "Total Cost": 66838.86,
                                            "Plan Rows": 1,
                                            "Plan Width": 33,
                                            "Actual Startup Time": 93.745,
                                            "Actual Total Time": 430.317,
                                            "Actual Rows": 74,
                                            "Actual Loops": 1,
                                            "Output": [
                                                "an.person_id",
                                                "ci.person_id",
                                                "ci.role_id",
                                                "mi.info_type_id",
                                                "t.title"
                                            ],
                                            "Inner Unique": true,
                                            "Plans": [
                                                {
                                                    "Node Type": "Nested Loop",
                                                    "Parent Relationship": "Outer",
                                                    "Parallel Aware": false,
                                                    "Join Type": "Inner",
                                                    "Startup Cost": 6352.87,
                                                    "Total Cost": 66838.14,
                                                    "Plan Rows": 1,
                                                    "Plan Width": 37,
                                                    "Actual Startup Time": 93.665,
                                                    "Actual Total Time": 429.823,
                                                    "Actual Rows": 74,
                                                    "Actual Loops": 1,
                                                    "Output": [
                                                        "an.person_id",
                                                        "ci.person_id",
                                                        "ci.role_id",
                                                        "ci.person_role_id",
                                                        "mi.info_type_id",
                                                        "t.title"
                                                    ],
                                                    "Inner Unique": false,
                                                    "Plans": [
                                                        {
                                                            "Node Type": "Nested Loop",
                                                            "Parent Relationship": "Outer",
                                                            "Parallel Aware": false,
                                                            "Join Type": "Inner",
                                                            "Startup Cost": 6352.45,
                                                            "Total Cost": 66837.57,
                                                            "Plan Rows": 1,
                                                            "Plan Width": 33,
                                                            "Actual Startup Time": 93.597,
                                                            "Actual Total Time": 429.542,
                                                            "Actual Rows": 6,
                                                            "Actual Loops": 1,
                                                            "Output": [
                                                                "ci.person_id",
                                                                "ci.role_id",
                                                                "ci.person_role_id",
                                                                "mi.info_type_id",
                                                                "t.title"
                                                            ],
                                                            "Inner Unique": false,
                                                            "Join Filter": "(t.id = ci.movie_id)",
                                                            "Rows Removed by Join Filter": 0,
                                                            "Plans": [
                                                                {
                                                                    "Node Type": "Gather",
                                                                    "Parent Relationship": "Outer",
                                                                    "Parallel Aware": false,
                                                                    "Startup Cost": 6351.88,
                                                                    "Total Cost": 66823.38,
                                                                    "Plan Rows": 1,
                                                                    "Plan Width": 33,
                                                                    "Actual Startup Time": 92.066,
                                                                    "Actual Total Time": 422.923,
                                                                    "Actual Rows": 11,
                                                                    "Actual Loops": 1,
                                                                    "Output": [
                                                                        "mc.movie_id",
                                                                        "mi.movie_id",
                                                                        "mi.info_type_id",
                                                                        "t.title",
                                                                        "t.id"
                                                                    ],
                                                                    "Workers Planned": 3,
                                                                    "Workers Launched": 3,
                                                                    "Single Copy": false,
                                                                    "Plans": [
                                                                        {
                                                                            "Node Type": "Nested Loop",
                                                                            "Parent Relationship": "Outer",
                                                                            "Parallel Aware": false,
                                                                            "Join Type": "Inner",
                                                                            "Startup Cost": 5351.88,
                                                                            "Total Cost": 65823.28,
                                                                            "Plan Rows": 1,
                                                                            "Plan Width": 33,
                                                                            "Actual Startup Time": 106.878,
                                                                            "Actual Total Time": 392.928,
                                                                            "Actual Rows": 3,
                                                                            "Actual Loops": 4,
                                                                            "Output": [
                                                                                "mc.movie_id",
                                                                                "mi.movie_id",
                                                                                "mi.info_type_id",
                                                                                "t.title",
                                                                                "t.id"
                                                                            ],
                                                                            "Inner Unique": false,
                                                                            "Join Filter": "(t.id = mi.movie_id)",
                                                                            "Rows Removed by Join Filter": 0,
                                                                            "Workers": [
                                                                                {
                                                                                    "Worker Number": 0,
                                                                                    "Actual Startup Time": 234.296,
                                                                                    "Actual Total Time": 391.369,
                                                                                    "Actual Rows": 2,
                                                                                    "Actual Loops": 1
                                                                                },
                                                                                {
                                                                                    "Worker Number": 1,
                                                                                    "Actual Startup Time": 62.741,
                                                                                    "Actual Total Time": 392.24,
                                                                                    "Actual Rows": 2,
                                                                                    "Actual Loops": 1
                                                                                },
                                                                                {
                                                                                    "Worker Number": 2,
                                                                                    "Actual Startup Time": 40.232,
                                                                                    "Actual Total Time": 392.143,
                                                                                    "Actual Rows": 3,
                                                                                    "Actual Loops": 1
                                                                                }
                                                                            ],
                                                                            "Plans": [
                                                                                {
                                                                                    "Node Type": "Nested Loop",
                                                                                    "Parent Relationship": "Outer",
                                                                                    "Parallel Aware": false,
                                                                                    "Join Type": "Inner",
                                                                                    "Startup Cost": 5351.45,
                                                                                    "Total Cost": 65439.9,
                                                                                    "Plan Rows": 39,
                                                                                    "Plan Width": 25,
                                                                                    "Actual Startup Time": 36.986,
                                                                                    "Actual Total Time": 384.167,
                                                                                    "Actual Rows": 85,
                                                                                    "Actual Loops": 4,
                                                                                    "Output": [
                                                                                        "mc.movie_id",
                                                                                        "t.title",
                                                                                        "t.id"
                                                                                    ],
                                                                                    "Inner Unique": true,
                                                                                    "Workers": [
                                                                                        {
                                                                                            "Worker Number": 0,
                                                                                            "Actual Startup Time": 34.029,
                                                                                            "Actual Total Time": 382.904,
                                                                                            "Actual Rows": 78,
                                                                                            "Actual Loops": 1
                                                                                        },
                                                                                        {
                                                                                            "Worker Number": 1,
                                                                                            "Actual Startup Time": 34.7,
                                                                                            "Actual Total Time": 384.547,
                                                                                            "Actual Rows": 80,
                                                                                            "Actual Loops": 1
                                                                                        },
                                                                                        {
                                                                                            "Worker Number": 2,
                                                                                            "Actual Startup Time": 32.3,
                                                                                            "Actual Total Time": 381.612,
                                                                                            "Actual Rows": 116,
                                                                                            "Actual Loops": 1
                                                                                        }
                                                                                    ],
                                                                                    "Plans": [
                                                                                        {
                                                                                            "Node Type": "Hash Join",
                                                                                            "Parent Relationship": "Outer",
                                                                                            "Parallel Aware": true,
                                                                                            "Join Type": "Inner",
                                                                                            "Startup Cost": 5351.02,
                                                                                            "Total Cost": 38955.31,
                                                                                            "Plan Rows": 11818,
                                                                                            "Plan Width": 4,
                                                                                            "Actual Startup Time": 33.099,
                                                                                            "Actual Total Time": 191.142,
                                                                                            "Actual Rows": 44266,
                                                                                            "Actual Loops": 4,
                                                                                            "Output": [
                                                                                                "mc.movie_id"
                                                                                            ],
                                                                                            "Inner Unique": true,
                                                                                            "Hash Cond": "(mc.company_id = cn.id)",
                                                                                            "Workers": [
                                                                                                {
                                                                                                    "Worker Number": 0,
                                                                                                    "Actual Startup Time": 29.606,
                                                                                                    "Actual Total Time": 181.349,
                                                                                                    "Actual Rows": 40718,
                                                                                                    "Actual Loops": 1
                                                                                                },
                                                                                                {
                                                                                                    "Worker Number": 1,
                                                                                                    "Actual Startup Time": 30.324,
                                                                                                    "Actual Total Time": 191.982,
                                                                                                    "Actual Rows": 46571,
                                                                                                    "Actual Loops": 1
                                                                                                },
                                                                                                {
                                                                                                    "Worker Number": 2,
                                                                                                    "Actual Startup Time": 30.342,
                                                                                                    "Actual Total Time": 190.956,
                                                                                                    "Actual Rows": 45920,
                                                                                                    "Actual Loops": 1
                                                                                                }
                                                                                            ],
                                                                                            "Plans": [
                                                                                                {
                                                                                                    "Node Type": "Seq Scan",
                                                                                                    "Parent Relationship": "Outer",
                                                                                                    "Parallel Aware": true,
                                                                                                    "Relation Name": "movie_companies",
                                                                                                    "Schema": "public",
                                                                                                    "Alias": "mc",
                                                                                                    "Startup Cost": 0.0,
                                                                                                    "Total Cost": 33518.95,
                                                                                                    "Plan Rows": 32511,
                                                                                                    "Plan Width": 8,
                                                                                                    "Actual Startup Time": 0.031,
                                                                                                    "Actual Total Time": 137.576,
                                                                                                    "Actual Rows": 49630,
                                                                                                    "Actual Loops": 4,
                                                                                                    "Output": [
                                                                                                        "mc.id",
                                                                                                        "mc.movie_id",
                                                                                                        "mc.company_id",
                                                                                                        "mc.company_type_id",
                                                                                                        "mc.note"
                                                                                                    ],
                                                                                                    "Filter": "((mc.note ~~ '%(200%)%'::text) AND ((mc.note ~~ '%(USA)%'::text) OR (mc.note ~~ '%(worldwide)%'::text)))",
                                                                                                    "Rows Removed by Filter": 602652,
                                                                                                    "Workers": [
                                                                                                        {
                                                                                                            "Worker Number": 0,
                                                                                                            "Actual Startup Time": 0.043,
                                                                                                            "Actual Total Time": 132.093,
                                                                                                            "Actual Rows": 45704,
                                                                                                            "Actual Loops": 1
                                                                                                        },
                                                                                                        {
                                                                                                            "Worker Number": 1,
                                                                                                            "Actual Startup Time": 0.028,
                                                                                                            "Actual Total Time": 140.389,
                                                                                                            "Actual Rows": 52213,
                                                                                                            "Actual Loops": 1
                                                                                                        },
                                                                                                        {
                                                                                                            "Worker Number": 2,
                                                                                                            "Actual Startup Time": 0.028,
                                                                                                            "Actual Total Time": 140.004,
                                                                                                            "Actual Rows": 51555,
                                                                                                            "Actual Loops": 1
                                                                                                        }
                                                                                                    ]
                                                                                                },
                                                                                                {
                                                                                                    "Node Type": "Hash",
                                                                                                    "Parent Relationship": "Inner",
                                                                                                    "Parallel Aware": true,
                                                                                                    "Startup Cost": 4722.92,
                                                                                                    "Total Cost": 4722.92,
                                                                                                    "Plan Rows": 50248,
                                                                                                    "Plan Width": 4,
                                                                                                    "Actual Startup Time": 31.098,
                                                                                                    "Actual Total Time": 31.099,
                                                                                                    "Actual Rows": 21211,
                                                                                                    "Actual Loops": 4,
                                                                                                    "Output": [
                                                                                                        "cn.id"
                                                                                                    ],
                                                                                                    "Hash Buckets": 131072,
                                                                                                    "Original Hash Buckets": 131072,
                                                                                                    "Hash Batches": 1,
                                                                                                    "Original Hash Batches": 1,
                                                                                                    "Peak Memory Usage": 4384,
                                                                                                    "Workers": [
                                                                                                        {
                                                                                                            "Worker Number": 0,
                                                                                                            "Actual Startup Time": 29.082,
                                                                                                            "Actual Total Time": 29.083,
                                                                                                            "Actual Rows": 17759,
                                                                                                            "Actual Loops": 1
                                                                                                        },
                                                                                                        {
                                                                                                            "Worker Number": 1,
                                                                                                            "Actual Startup Time": 29.742,
                                                                                                            "Actual Total Time": 29.743,
                                                                                                            "Actual Rows": 19505,
                                                                                                            "Actual Loops": 1
                                                                                                        },
                                                                                                        {
                                                                                                            "Worker Number": 2,
                                                                                                            "Actual Startup Time": 29.732,
                                                                                                            "Actual Total Time": 29.733,
                                                                                                            "Actual Rows": 19778,
                                                                                                            "Actual Loops": 1
                                                                                                        }
                                                                                                    ],
                                                                                                    "Plans": [
                                                                                                        {
                                                                                                            "Node Type": "Seq Scan",
                                                                                                            "Parent Relationship": "Outer",
                                                                                                            "Parallel Aware": true,
                                                                                                            "Relation Name": "company_name",
                                                                                                            "Schema": "public",
                                                                                                            "Alias": "cn",
                                                                                                            "Startup Cost": 0.0,
                                                                                                            "Total Cost": 4722.92,
                                                                                                            "Plan Rows": 50248,
                                                                                                            "Plan Width": 4,
                                                                                                            "Actual Startup Time": 0.059,
                                                                                                            "Actual Total Time": 20.647,
                                                                                                            "Actual Rows": 21211,
                                                                                                            "Actual Loops": 4,
                                                                                                            "Output": [
                                                                                                                "cn.id"
                                                                                                            ],
                                                                                                            "Filter": "((cn.country_code)::text = '[us]'::text)",
                                                                                                            "Rows Removed by Filter": 37538,
                                                                                                            "Workers": [
                                                                                                                {
                                                                                                                    "Worker Number": 0,
                                                                                                                    "Actual Startup Time": 0.06,
                                                                                                                    "Actual Total Time": 18.739,
                                                                                                                    "Actual Rows": 17759,
                                                                                                                    "Actual Loops": 1
                                                                                                                },
                                                                                                                {
                                                                                                                    "Worker Number": 1,
                                                                                                                    "Actual Startup Time": 0.073,
                                                                                                                    "Actual Total Time": 19.846,
                                                                                                                    "Actual Rows": 19505,
                                                                                                                    "Actual Loops": 1
                                                                                                                },
                                                                                                                {
                                                                                                                    "Worker Number": 2,
                                                                                                                    "Actual Startup Time": 0.064,
                                                                                                                    "Actual Total Time": 19.986,
                                                                                                                    "Actual Rows": 19778,
                                                                                                                    "Actual Loops": 1
                                                                                                                }
                                                                                                            ]
                                                                                                        }
                                                                                                    ]
                                                                                                }
                                                                                            ]
                                                                                        },
                                                                                        {
                                                                                            "Node Type": "Index Scan",
                                                                                            "Parent Relationship": "Inner",
                                                                                            "Parallel Aware": false,
                                                                                            "Scan Direction": "Forward",
                                                                                            "Index Name": "title_pkey",
                                                                                            "Relation Name": "title",
                                                                                            "Schema": "public",
                                                                                            "Alias": "t",
                                                                                            "Startup Cost": 0.43,
                                                                                            "Total Cost": 2.24,
                                                                                            "Plan Rows": 1,
                                                                                            "Plan Width": 21,
                                                                                            "Actual Startup Time": 0.004,
                                                                                            "Actual Total Time": 0.004,
                                                                                            "Actual Rows": 0,
                                                                                            "Actual Loops": 177065,
                                                                                            "Output": [
                                                                                                "t.id",
                                                                                                "t.title",
                                                                                                "t.imdb_index",
                                                                                                "t.kind_id",
                                                                                                "t.production_year",
                                                                                                "t.imdb_id",
                                                                                                "t.phonetic_code",
                                                                                                "t.episode_of_id",
                                                                                                "t.season_nr",
                                                                                                "t.episode_nr",
                                                                                                "t.series_years",
                                                                                                "t.md5sum"
                                                                                            ],
                                                                                            "Index Cond": "(t.id = mc.movie_id)",
                                                                                            "Rows Removed by Index Recheck": 0,
                                                                                            "Filter": "((t.title ~~ '%Two%'::text) AND (t.production_year >= 1995) AND (t.production_year <= 2007))",
                                                                                            "Rows Removed by Filter": 1,
                                                                                            "Workers": [
                                                                                                {
                                                                                                    "Worker Number": 0,
                                                                                                    "Actual Startup Time": 0.005,
                                                                                                    "Actual Total Time": 0.005,
                                                                                                    "Actual Rows": 0,
                                                                                                    "Actual Loops": 40718
                                                                                                },
                                                                                                {
                                                                                                    "Worker Number": 1,
                                                                                                    "Actual Startup Time": 0.004,
                                                                                                    "Actual Total Time": 0.004,
                                                                                                    "Actual Rows": 0,
                                                                                                    "Actual Loops": 46571
                                                                                                },
                                                                                                {
                                                                                                    "Worker Number": 2,
                                                                                                    "Actual Startup Time": 0.004,
                                                                                                    "Actual Total Time": 0.004,
                                                                                                    "Actual Rows": 0,
                                                                                                    "Actual Loops": 45920
                                                                                                }
                                                                                            ]
                                                                                        }
                                                                                    ]
                                                                                },
                                                                                {
                                                                                    "Node Type": "Index Scan",
                                                                                    "Parent Relationship": "Inner",
                                                                                    "Parallel Aware": false,
                                                                                    "Scan Direction": "Forward",
                                                                                    "Index Name": "movie_id_movie_info",
                                                                                    "Relation Name": "movie_info",
                                                                                    "Schema": "public",
                                                                                    "Alias": "mi",
                                                                                    "Startup Cost": 0.43,
                                                                                    "Total Cost": 9.82,
                                                                                    "Plan Rows": 1,
                                                                                    "Plan Width": 8,
                                                                                    "Actual Startup Time": 0.1,
                                                                                    "Actual Total Time": 0.102,
                                                                                    "Actual Rows": 0,
                                                                                    "Actual Loops": 340,
                                                                                    "Output": [
                                                                                        "mi.id",
                                                                                        "mi.movie_id",
                                                                                        "mi.info_type_id",
                                                                                        "mi.info",
                                                                                        "mi.note"
                                                                                    ],
                                                                                    "Index Cond": "(mi.movie_id = mc.movie_id)",
                                                                                    "Rows Removed by Index Recheck": 0,
                                                                                    "Filter": "((mi.info IS NOT NULL) AND ((mi.info ~~ 'Japan:%2007%'::text) OR (mi.info ~~ 'USA:%2008%'::text)))",
                                                                                    "Rows Removed by Filter": 39,
                                                                                    "Workers": [
                                                                                        {
                                                                                            "Worker Number": 0,
                                                                                            "Actual Startup Time": 0.104,
                                                                                            "Actual Total Time": 0.108,
                                                                                            "Actual Rows": 0,
                                                                                            "Actual Loops": 78
                                                                                        },
                                                                                        {
                                                                                            "Worker Number": 1,
                                                                                            "Actual Startup Time": 0.095,
                                                                                            "Actual Total Time": 0.096,
                                                                                            "Actual Rows": 0,
                                                                                            "Actual Loops": 80
                                                                                        },
                                                                                        {
                                                                                            "Worker Number": 2,
                                                                                            "Actual Startup Time": 0.088,
                                                                                            "Actual Total Time": 0.09,
                                                                                            "Actual Rows": 0,
                                                                                            "Actual Loops": 116
                                                                                        }
                                                                                    ]
                                                                                }
                                                                            ]
                                                                        }
                                                                    ]
                                                                },
                                                                {
                                                                    "Node Type": "Index Scan",
                                                                    "Parent Relationship": "Inner",
                                                                    "Parallel Aware": false,
                                                                    "Scan Direction": "Forward",
                                                                    "Index Name": "movie_id_cast_info",
                                                                    "Relation Name": "cast_info",
                                                                    "Schema": "public",
                                                                    "Alias": "ci",
                                                                    "Startup Cost": 0.56,
                                                                    "Total Cost": 14.18,
                                                                    "Plan Rows": 1,
                                                                    "Plan Width": 16,
                                                                    "Actual Startup Time": 0.491,
                                                                    "Actual Total Time": 0.6,
                                                                    "Actual Rows": 1,
                                                                    "Actual Loops": 11,
                                                                    "Output": [
                                                                        "ci.id",
                                                                        "ci.person_id",
                                                                        "ci.movie_id",
                                                                        "ci.person_role_id",
                                                                        "ci.note",
                                                                        "ci.nr_order",
                                                                        "ci.role_id"
                                                                    ],
                                                                    "Index Cond": "(ci.movie_id = mc.movie_id)",
                                                                    "Rows Removed by Index Recheck": 0,
                                                                    "Filter": "(ci.note = '(voice)'::text)",
                                                                    "Rows Removed by Filter": 75
                                                                }
                                                            ]
                                                        },
                                                        {
                                                            "Node Type": "Index Only Scan",
                                                            "Parent Relationship": "Inner",
                                                            "Parallel Aware": false,
                                                            "Scan Direction": "Forward",
                                                            "Index Name": "person_id_aka_name",
                                                            "Relation Name": "aka_name",
                                                            "Schema": "public",
                                                            "Alias": "an",
                                                            "Startup Cost": 0.42,
                                                            "Total Cost": 0.54,
                                                            "Plan Rows": 2,
                                                            "Plan Width": 4,
                                                            "Actual Startup Time": 0.032,
                                                            "Actual Total Time": 0.043,
                                                            "Actual Rows": 12,
                                                            "Actual Loops": 6,
                                                            "Output": [
                                                                "an.person_id"
                                                            ],
                                                            "Index Cond": "(an.person_id = ci.person_id)",
                                                            "Rows Removed by Index Recheck": 0,
                                                            "Heap Fetches": 74
                                                        }
                                                    ]
                                                },
                                                {
                                                    "Node Type": "Index Only Scan",
                                                    "Parent Relationship": "Inner",
                                                    "Parallel Aware": false,
                                                    "Scan Direction": "Forward",
                                                    "Index Name": "char_name_pkey",
                                                    "Relation Name": "char_name",
                                                    "Schema": "public",
                                                    "Alias": "chn",
                                                    "Startup Cost": 0.43,
                                                    "Total Cost": 0.72,
                                                    "Plan Rows": 1,
                                                    "Plan Width": 4,
                                                    "Actual Startup Time": 0.006,
                                                    "Actual Total Time": 0.006,
                                                    "Actual Rows": 1,
                                                    "Actual Loops": 74,
                                                    "Output": [
                                                        "chn.id"
                                                    ],
                                                    "Index Cond": "(chn.id = ci.person_role_id)",
                                                    "Rows Removed by Index Recheck": 0,
                                                    "Heap Fetches": 74
                                                }
                                            ]
                                        },
                                        {
                                            "Node Type": "Index Scan",
                                            "Parent Relationship": "Inner",
                                            "Parallel Aware": false,
                                            "Scan Direction": "Forward",
                                            "Index Name": "info_type_pkey",
                                            "Relation Name": "info_type",
                                            "Schema": "public",
                                            "Alias": "it",
                                            "Startup Cost": 0.14,
                                            "Total Cost": 0.17,
                                            "Plan Rows": 1,
                                            "Plan Width": 4,
                                            "Actual Startup Time": 0.001,
                                            "Actual Total Time": 0.001,
                                            "Actual Rows": 1,
                                            "Actual Loops": 74,
                                            "Output": [
                                                "it.id",
                                                "it.info"
                                            ],
                                            "Index Cond": "(it.id = mi.info_type_id)",
                                            "Rows Removed by Index Recheck": 0,
                                            "Filter": "((it.info)::text = 'release dates'::text)",
                                            "Rows Removed by Filter": 0
                                        }
                                    ]
                                },
                                {
                                    "Node Type": "Index Scan",
                                    "Parent Relationship": "Inner",
                                    "Parallel Aware": false,
                                    "Scan Direction": "Forward",
                                    "Index Name": "name_pkey",
                                    "Relation Name": "name",
                                    "Schema": "public",
                                    "Alias": "n",
                                    "Startup Cost": 0.43,
                                    "Total Cost": 0.77,
                                    "Plan Rows": 1,
                                    "Plan Width": 19,
                                    "Actual Startup Time": 0.004,
                                    "Actual Total Time": 0.004,
                                    "Actual Rows": 0,
                                    "Actual Loops": 74,
                                    "Output": [
                                        "n.id",
                                        "n.name",
                                        "n.imdb_index",
                                        "n.imdb_id",
                                        "n.gender",
                                        "n.name_pcode_cf",
                                        "n.name_pcode_nf",
                                        "n.surname_pcode",
                                        "n.md5sum"
                                    ],
                                    "Index Cond": "(n.id = an.person_id)",
                                    "Rows Removed by Index Recheck": 0,
                                    "Filter": "((n.name ~~ '%Nancy%'::text) AND ((n.gender)::text = 'f'::text))",
                                    "Rows Removed by Filter": 1
                                }
                            ]
                        },
                        {
                            "Node Type": "Index Scan",
                            "Parent Relationship": "Inner",
                            "Parallel Aware": false,
                            "Scan Direction": "Forward",
                            "Index Name": "role_type_pkey",
                            "Relation Name": "role_type",
                            "Schema": "public",
                            "Alias": "rt",
                            "Startup Cost": 0.14,
                            "Total Cost": 0.16,
                            "Plan Rows": 1,
                            "Plan Width": 4,
                            "Actual Startup Time": 0.002,
                            "Actual Total Time": 0.002,
                            "Actual Rows": 1,
                            "Actual Loops": 16,
                            "Output": [
                                "rt.id",
                                "rt.role"
                            ],
                            "Index Cond": "(rt.id = ci.role_id)",
                            "Rows Removed by Index Recheck": 0,
                            "Filter": "((rt.role)::text = 'actress'::text)",
                            "Rows Removed by Filter": 0
                        }
                    ]
                }
            ]
        },
        "Planning Time": 910.914,
        "Triggers": [],
        "Execution Time": 431.947
    }
]