[
  {
    "Plan": {
      "Node Type": "Aggregate",
      "Strategy": "Plain",
      "Partial Mode": "Finalize",
      "Parallel Aware": false,
      "Startup Cost": 82439.41,
      "Total Cost": 82439.42,
      "Plan Rows": 1,
      "Plan Width": 8,
      "Actual Startup Time": 419.207,
      "Actual Total Time": 434.436,
      "Actual Rows": 1,
      "Actual Loops": 1,
      "Plans": [
        {
          "Node Type": "Gather",
          "Parent Relationship": "Outer",
          "Parallel Aware": false,
          "Startup Cost": 82438.99,
          "Total Cost": 82439.4,
          "Plan Rows": 4,
          "Plan Width": 8,
          "Actual Startup Time": 415.2,
          "Actual Total Time": 434.425,
          "Actual Rows": 5,
          "Actual Loops": 1,
          "Workers Planned": 4,
          "Workers Launched": 4,
          "Single Copy": false,
          "Plans": [
            {
              "Node Type": "Aggregate",
              "Strategy": "Plain",
              "Partial Mode": "Partial",
              "Parent Relationship": "Outer",
              "Parallel Aware": false,
              "Startup Cost": 81438.99,
              "Total Cost": 81439.0,
              "Plan Rows": 1,
              "Plan Width": 8,
              "Actual Startup Time": 405.575,
              "Actual Total Time": 405.578,
              "Actual Rows": 1,
              "Actual Loops": 5,
              "Plans": [
                {
                  "Node Type": "Hash Join",
                  "Parent Relationship": "Outer",
                  "Parallel Aware": true,
                  "Join Type": "Inner",
                  "Startup Cost": 34769.12,
                  "Total Cost": 80919.08,
                  "Plan Rows": 207966,
                  "Plan Width": 0,
                  "Actual Startup Time": 151.862,
                  "Actual Total Time": 396.564,
                  "Actual Rows": 209394,
                  "Actual Loops": 5,
                  "Inner Unique": false,
                  "Hash Cond": "(t.id = mc.movie_id)",
                  "Plans": [
                    {
                      "Node Type": "Seq Scan",
                      "Parent Relationship": "Outer",
                      "Parallel Aware": true,
                      "Relation Name": "title",
                      "Alias": "t",
                      "Startup Cost": 0.0,
                      "Total Cost": 42318.73,
                      "Plan Rows": 632073,
                      "Plan Width": 4,
                      "Actual Startup Time": 0.019,
                      "Actual Total Time": 65.636,
                      "Actual Rows": 505662,
                      "Actual Loops": 5
                    },
                    {
                      "Node Type": "Hash",
                      "Parent Relationship": "Inner",
                      "Parallel Aware": true,
                      "Startup Cost": 31414.82,
                      "Total Cost": 31414.82,
                      "Plan Rows": 268344,
                      "Plan Width": 4,
                      "Actual Startup Time": 147.511,
                      "Actual Total Time": 147.512,
                      "Actual Rows": 209394,
                      "Actual Loops": 5,
                      "Hash Buckets": 1048576,
                      "Original Hash Buckets": 1048576,
                      "Hash Batches": 1,
                      "Original Hash Batches": 1,
                      "Peak Memory Usage": 49248,
                      "Plans": [
                        {
                          "Node Type": "Seq Scan",
                          "Parent Relationship": "Outer",
                          "Parallel Aware": true,
                          "Relation Name": "movie_companies",
                          "Alias": "mc",
                          "Startup Cost": 0.0,
                          "Total Cost": 31414.82,
                          "Plan Rows": 268344,
                          "Plan Width": 4,
                          "Actual Startup Time": 46.781,
                          "Actual Total Time": 80.762,
                          "Actual Rows": 209394,
                          "Actual Loops": 5,
                          "Filter": "((company_id > 4130) AND (company_type_id = 2))",
                          "Rows Removed by Filter": 312431
                        }
                      ]
                    }
                  ]
                }
              ]
            }
          ]
        }
      ]
    },
    "Planning Time": 0.66,
    "Triggers": [],
    "Execution Time": 434.504
  }
]