[
    {
        "Bao": {
            "Bao prediction": "NaN",
            "Bao recommended hint": "(no hint)"
        }
    },
    {
        "Plan": {
            "Node Type": "Aggregate",
            "Strategy": "Plain",
            "Partial Mode": "Finalize",
            "Parallel Aware": false,
            "Startup Cost": 42776.82,
            "Total Cost": 42776.83,
            "Plan Rows": 1,
            "Plan Width": 8,
            "Actual Startup Time": 132.291,
            "Actual Total Time": 140.186,
            "Actual Rows": 1,
            "Actual Loops": 1,
            "Output": [
                "count(*)"
            ],
            "Plans": [
                {
                    "Node Type": "Gather",
                    "Parent Relationship": "Outer",
                    "Parallel Aware": false,
                    "Startup Cost": 42776.5,
                    "Total Cost": 42776.81,
                    "Plan Rows": 3,
                    "Plan Width": 8,
                    "Actual Startup Time": 132.016,
                    "Actual Total Time": 140.178,
                    "Actual Rows": 4,
                    "Actual Loops": 1,
                    "Output": [
                        "(PARTIAL count(*))"
                    ],
                    "Workers Planned": 3,
                    "Workers Launched": 3,
                    "Single Copy": false,
                    "Plans": [
                        {
                            "Node Type": "Aggregate",
                            "Strategy": "Plain",
                            "Partial Mode": "Partial",
                            "Parent Relationship": "Outer",
                            "Parallel Aware": false,
                            "Startup Cost": 41776.5,
                            "Total Cost": 41776.51,
                            "Plan Rows": 1,
                            "Plan Width": 8,
                            "Actual Startup Time": 123.583,
                            "Actual Total Time": 123.585,
                            "Actual Rows": 1,
                            "Actual Loops": 4,
                            "Output": [
                                "PARTIAL count(*)"
                            ],
                            "Workers": [
                                {
                                    "Worker Number": 0,
                                    "Actual Startup Time": 120.533,
                                    "Actual Total Time": 120.535,
                                    "Actual Rows": 1,
                                    "Actual Loops": 1
                                },
                                {
                                    "Worker Number": 1,
                                    "Actual Startup Time": 120.841,
                                    "Actual Total Time": 120.843,
                                    "Actual Rows": 1,
                                    "Actual Loops": 1
                                },
                                {
                                    "Worker Number": 2,
                                    "Actual Startup Time": 121.179,
                                    "Actual Total Time": 121.181,
                                    "Actual Rows": 1,
                                    "Actual Loops": 1
                                }
                            ],
                            "Plans": [
                                {
                                    "Node Type": "Bitmap Heap Scan",
                                    "Parent Relationship": "Outer",
                                    "Parallel Aware": true,
                                    "Relation Name": "movie_keyword",
                                    "Schema": "public",
                                    "Alias": "mk",
                                    "Startup Cost": 14105.31,
                                    "Total Cost": 41240.3,
                                    "Plan Rows": 214480,
                                    "Plan Width": 0,
                                    "Actual Startup Time": 37.058,
                                    "Actual Total Time": 114.185,
                                    "Actual Rows": 167416,
                                    "Actual Loops": 4,
                                    "Recheck Cond": "(mk.keyword_id < 527)",
                                    "Rows Removed by Index Recheck": 0,
                                    "Exact Heap Blocks": 9429,
                                    "Lossy Heap Blocks": 0,
                                    "Workers": [
                                        {
                                            "Worker Number": 0,
                                            "Actual Startup Time": 34.131,
                                            "Actual Total Time": 112.063,
                                            "Actual Rows": 136261,
                                            "Actual Loops": 1
                                        },
                                        {
                                            "Worker Number": 1,
                                            "Actual Startup Time": 34.301,
                                            "Actual Total Time": 112.302,
                                            "Actual Rows": 141506,
                                            "Actual Loops": 1
                                        },
                                        {
                                            "Worker Number": 2,
                                            "Actual Startup Time": 34.847,
                                            "Actual Total Time": 112.73,
                                            "Actual Rows": 135399,
                                            "Actual Loops": 1
                                        }
                                    ],
                                    "Plans": [
                                        {
                                            "Node Type": "Bitmap Index Scan",
                                            "Parent Relationship": "Outer",
                                            "Parallel Aware": false,
                                            "Index Name": "keyword_id_movie_keyword",
                                            "Startup Cost": 0.0,
                                            "Total Cost": 13939.09,
                                            "Plan Rows": 664887,
                                            "Plan Width": 0,
                                            "Actual Startup Time": 41.389,
                                            "Actual Total Time": 41.389,
                                            "Actual Rows": 669665,
                                            "Actual Loops": 1,
                                            "Index Cond": "(mk.keyword_id < 527)"
                                        }
                                    ]
                                }
                            ]
                        }
                    ]
                }
            ]
        },
        "Planning Time": 194.902,
        "Triggers": [],
        "Execution Time": 140.296
    }
]