[
    {
        "Bao": {
            "Bao prediction": 448.109,
            "Bao recommended hint": "(no hint)"
        }
    },
    {
        "Plan": {
            "Node Type": "Aggregate",
            "Strategy": "Plain",
            "Partial Mode": "Finalize",
            "Parallel Aware": false,
            "Startup Cost": 30937.9,
            "Total Cost": 30937.91,
            "Plan Rows": 1,
            "Plan Width": 8,
            "Actual Startup Time": 94.847,
            "Actual Total Time": 100.495,
            "Actual Rows": 1,
            "Actual Loops": 1,
            "Output": [
                "count(*)"
            ],
            "Plans": [
                {
                    "Node Type": "Gather",
                    "Parent Relationship": "Outer",
                    "Parallel Aware": false,
                    "Startup Cost": 30937.59,
                    "Total Cost": 30937.9,
                    "Plan Rows": 3,
                    "Plan Width": 8,
                    "Actual Startup Time": 94.775,
                    "Actual Total Time": 100.488,
                    "Actual Rows": 4,
                    "Actual Loops": 1,
                    "Output": [
                        "(PARTIAL count(*))"
                    ],
                    "Workers Planned": 3,
                    "Workers Launched": 3,
                    "Single Copy": false,
                    "Plans": [
                        {
                            "Node Type": "Aggregate",
                            "Strategy": "Plain",
                            "Partial Mode": "Partial",
                            "Parent Relationship": "Outer",
                            "Parallel Aware": false,
                            "Startup Cost": 29937.59,
                            "Total Cost": 29937.6,
                            "Plan Rows": 1,
                            "Plan Width": 8,
                            "Actual Startup Time": 86.953,
                            "Actual Total Time": 86.954,
                            "Actual Rows": 1,
                            "Actual Loops": 4,
                            "Output": [
                                "PARTIAL count(*)"
                            ],
                            "Workers": [
                                {
                                    "Worker Number": 0,
                                    "Actual Startup Time": 84.479,
                                    "Actual Total Time": 84.48,
                                    "Actual Rows": 1,
                                    "Actual Loops": 1
                                },
                                {
                                    "Worker Number": 1,
                                    "Actual Startup Time": 84.438,
                                    "Actual Total Time": 84.439,
                                    "Actual Rows": 1,
                                    "Actual Loops": 1
                                },
                                {
                                    "Worker Number": 2,
                                    "Actual Startup Time": 84.719,
                                    "Actual Total Time": 84.721,
                                    "Actual Rows": 1,
                                    "Actual Loops": 1
                                }
                            ],
                            "Plans": [
                                {
                                    "Node Type": "Seq Scan",
                                    "Parent Relationship": "Outer",
                                    "Parallel Aware": true,
                                    "Relation Name": "movie_companies",
                                    "Schema": "public",
                                    "Alias": "mc",
                                    "Startup Cost": 0.0,
                                    "Total Cost": 29310.68,
                                    "Plan Rows": 250762,
                                    "Plan Width": 0,
                                    "Actual Startup Time": 27.921,
                                    "Actual Total Time": 77.795,
                                    "Actual Rows": 194761,
                                    "Actual Loops": 4,
                                    "Output": [
                                        "id",
                                        "movie_id",
                                        "company_id",
                                        "company_type_id",
                                        "note"
                                    ],
                                    "Filter": "(mc.company_id > 32785)",
                                    "Rows Removed by Filter": 457521,
                                    "Workers": [
                                        {
                                            "Worker Number": 0,
                                            "Actual Startup Time": 25.439,
                                            "Actual Total Time": 75.707,
                                            "Actual Rows": 203803,
                                            "Actual Loops": 1
                                        },
                                        {
                                            "Worker Number": 1,
                                            "Actual Startup Time": 25.412,
                                            "Actual Total Time": 75.678,
                                            "Actual Rows": 126583,
                                            "Actual Loops": 1
                                        },
                                        {
                                            "Worker Number": 2,
                                            "Actual Startup Time": 25.693,
                                            "Actual Total Time": 76.01,
                                            "Actual Rows": 202658,
                                            "Actual Loops": 1
                                        }
                                    ]
                                }
                            ]
                        }
                    ]
                }
            ]
        },
        "Planning Time": 1018.396,
        "Triggers": [],
        "Execution Time": 100.571
    }
]