{
  "Plan": {
    "Node Type": "Aggregate",
    "Strategy": "Plain",
    "Partial Mode": "Finalize",
    "Parallel Aware": false,
    "Startup Cost": 391483.13,
    "Total Cost": 391483.14,
    "Plan Rows": 1,
    "Plan Width": 8,
    "Actual Startup Time": 3370.913,
    "Actual Total Time": 3425.954,
    "Actual Rows": 1,
    "Actual Loops": 1,
    "Plans": [
      {
        "Node Type": "Gather",
        "Parent Relationship": "Outer",
        "Parallel Aware": false,
        "Startup Cost": 391483.01,
        "Total Cost": 391483.12,
        "Plan Rows": 1,
        "Plan Width": 8,
        "Actual Startup Time": 3367.612,
        "Actual Total Time": 3425.943,
        "Actual Rows": 2,
        "Actual Loops": 1,
        "Workers Planned": 1,
        "Workers Launched": 1,
        "Single Copy": false,
        "Plans": [
          {
            "Node Type": "Aggregate",
            "Strategy": "Plain",
            "Partial Mode": "Partial",
            "Parent Relationship": "Outer",
            "Parallel Aware": false,
            "Startup Cost": 390483.01,
            "Total Cost": 390483.02,
            "Plan Rows": 1,
            "Plan Width": 8,
            "Actual Startup Time": 3359.752,
            "Actual Total Time": 3359.759,
            "Actual Rows": 1,
            "Actual Loops": 2,
            "Plans": [
              {
                "Node Type": "Hash Join",
                "Parent Relationship": "Outer",
                "Parallel Aware": true,
                "Join Type": "Inner",
                "Startup Cost": 103152.79,
                "Total Cost": 388764.09,
                "Plan Rows": 687569,
                "Plan Width": 0,
                "Actual Startup Time": 535.064,
                "Actual Total Time": 2972.127,
                "Actual Rows": 9695349,
                "Actual Loops": 2,
                "Inner Unique": false,
                "Hash Cond": "(mi.movie_id = t.id)",
                "Plans": [
                  {
                    "Node Type": "Seq Scan",
                    "Parent Relationship": "Outer",
                    "Parallel Aware": true,
                    "Relation Name": "movie_info",
                    "Alias": "mi",
                    "Startup Cost": 0.0,
                    "Total Cost": 248955.74,
                    "Plan Rows": 8696274,
                    "Plan Width": 4,
                    "Actual Startup Time": 0.037,
                    "Actual Total Time": 690.788,
                    "Actual Rows": 7417860,
                    "Actual Loops": 2
                  },
                  {
                    "Node Type": "Hash",
                    "Parent Relationship": "Inner",
                    "Parallel Aware": true,
                    "Startup Cost": 101682.94,
                    "Total Cost": 101682.94,
                    "Plan Rows": 117588,
                    "Plan Width": 8,
                    "Actual Startup Time": 529.987,
                    "Actual Total Time": 529.992,
                    "Actual Rows": 228578,
                    "Actual Loops": 2,
                    "Hash Buckets": 524288,
                    "Original Hash Buckets": 262144,
                    "Hash Batches": 1,
                    "Original Hash Batches": 1,
                    "Peak Memory Usage": 24064,
                    "Plans": [
                      {
                        "Node Type": "Hash Join",
                        "Parent Relationship": "Outer",
                        "Parallel Aware": true,
                        "Join Type": "Inner",
                        "Startup Cost": 72693.47,
                        "Total Cost": 101682.94,
                        "Plan Rows": 117588,
                        "Plan Width": 8,
                        "Actual Startup Time": 311.198,
                        "Actual Total Time": 477.953,
                        "Actual Rows": 228578,
                        "Actual Loops": 2,
                        "Inner Unique": true,
                        "Hash Cond": "(mk.movie_id = t.id)",
                        "Plans": [
                          {
                            "Node Type": "Bitmap Heap Scan",
                            "Parent Relationship": "Outer",
                            "Parallel Aware": true,
                            "Relation Name": "movie_keyword",
                            "Alias": "mk",
                            "Startup Cost": 10815.17,
                            "Total Cost": 39017.49,
                            "Plan Rows": 299866,
                            "Plan Width": 4,
                            "Actual Startup Time": 39.353,
                            "Actual Total Time": 118.635,
                            "Actual Rows": 260439,
                            "Actual Loops": 2,
                            "Recheck Cond": "(keyword_id < 382)",
                            "Rows Removed by Index Recheck": 0,
                            "Exact Heap Blocks": 13477,
                            "Lossy Heap Blocks": 0,
                            "Plans": [
                              {
                                "Node Type": "Bitmap Index Scan",
                                "Parent Relationship": "Outer",
                                "Parallel Aware": false,
                                "Index Name": "keyword_id_movie_keyword",
                                "Startup Cost": 0.0,
                                "Total Cost": 10687.72,
                                "Plan Rows": 509772,
                                "Plan Width": 0,
                                "Actual Startup Time": 35.752,
                                "Actual Total Time": 35.752,
                                "Actual Rows": 520878,
                                "Actual Loops": 1,
                                "Index Cond": "(keyword_id < 382)"
                              }
                            ]
                          },
                          {
                            "Node Type": "Hash",
                            "Parent Relationship": "Inner",
                            "Parallel Aware": true,
                            "Startup Cost": 54588.39,
                            "Total Cost": 54588.39,
                            "Plan Rows": 583193,
                            "Plan Width": 4,
                            "Actual Startup Time": 264.856,
                            "Actual Total Time": 264.857,
                            "Actual Rows": 492524,
                            "Actual Loops": 2,
                            "Hash Buckets": 1048576,
                            "Original Hash Buckets": 1048576,
                            "Hash Batches": 1,
                            "Original Hash Batches": 1,
                            "Peak Memory Usage": 46752,
                            "Plans": [
                              {
                                "Node Type": "Seq Scan",
                                "Parent Relationship": "Outer",
                                "Parallel Aware": true,
                                "Relation Name": "title",
                                "Alias": "t",
                                "Startup Cost": 0.0,
                                "Total Cost": 54588.39,
                                "Plan Rows": 583193,
                                "Plan Width": 4,
                                "Actual Startup Time": 0.031,
                                "Actual Total Time": 152.024,
                                "Actual Rows": 492524,
                                "Actual Loops": 2,
                                "Filter": "(kind_id < 7)",
                                "Rows Removed by Filter": 771632
                              }
                            ]
                          }
                        ]
                      }
                    ]
                  }
                ]
              }
            ]
          }
        ]
      }
    ]
  },
  "Planning Time": 0.988,
  "Triggers": [],
  "Execution Time": 3426.108
}