{
  "Plan": {
    "Node Type": "Aggregate",
    "Strategy": "Plain",
    "Partial Mode": "Finalize",
    "Parallel Aware": false,
    "Startup Cost": 475714.44,
    "Total Cost": 475714.45,
    "Plan Rows": 1,
    "Plan Width": 8,
    "Actual Startup Time": 3326.272,
    "Actual Total Time": 3361.337,
    "Actual Rows": 1,
    "Actual Loops": 1,
    "Plans": [
      {
        "Node Type": "Gather",
        "Parent Relationship": "Outer",
        "Parallel Aware": false,
        "Startup Cost": 475714.33,
        "Total Cost": 475714.44,
        "Plan Rows": 1,
        "Plan Width": 8,
        "Actual Startup Time": 3323.712,
        "Actual Total Time": 3361.329,
        "Actual Rows": 2,
        "Actual Loops": 1,
        "Workers Planned": 1,
        "Workers Launched": 1,
        "Single Copy": false,
        "Plans": [
          {
            "Node Type": "Aggregate",
            "Strategy": "Plain",
            "Partial Mode": "Partial",
            "Parent Relationship": "Outer",
            "Parallel Aware": false,
            "Startup Cost": 474714.33,
            "Total Cost": 474714.34,
            "Plan Rows": 1,
            "Plan Width": 8,
            "Actual Startup Time": 3315.361,
            "Actual Total Time": 3315.365,
            "Actual Rows": 1,
            "Actual Loops": 2,
            "Plans": [
              {
                "Node Type": "Hash Join",
                "Parent Relationship": "Outer",
                "Parallel Aware": true,
                "Join Type": "Inner",
                "Startup Cost": 67835.82,
                "Total Cost": 465411.52,
                "Plan Rows": 3721126,
                "Plan Width": 0,
                "Actual Startup Time": 362.929,
                "Actual Total Time": 3187.936,
                "Actual Rows": 3259160,
                "Actual Loops": 2,
                "Inner Unique": true,
                "Hash Cond": "(ci.movie_id = t.id)",
                "Plans": [
                  {
                    "Node Type": "Index Scan",
                    "Parent Relationship": "Outer",
                    "Parallel Aware": true,
                    "Scan Direction": "Forward",
                    "Index Name": "role_id_cast_info",
                    "Relation Name": "cast_info",
                    "Alias": "ci",
                    "Startup Cost": 0.56,
                    "Total Cost": 378519.23,
                    "Plan Rows": 7259809,
                    "Plan Width": 4,
                    "Actual Startup Time": 0.084,
                    "Actual Total Time": 834.51,
                    "Actual Rows": 6056823,
                    "Actual Loops": 2,
                    "Index Cond": "(role_id > 3)",
                    "Rows Removed by Index Recheck": 0
                  },
                  {
                    "Node Type": "Hash",
                    "Parent Relationship": "Inner",
                    "Parallel Aware": true,
                    "Startup Cost": 58306.47,
                    "Total Cost": 58306.47,
                    "Plan Rows": 762303,
                    "Plan Width": 4,
                    "Actual Startup Time": 348.238,
                    "Actual Total Time": 348.238,
                    "Actual Rows": 687143,
                    "Actual Loops": 2,
                    "Hash Buckets": 2097152,
                    "Original Hash Buckets": 2097152,
                    "Hash Batches": 1,
                    "Original Hash Batches": 1,
                    "Peak Memory Usage": 70176,
                    "Plans": [
                      {
                        "Node Type": "Seq Scan",
                        "Parent Relationship": "Outer",
                        "Parallel Aware": true,
                        "Relation Name": "title",
                        "Alias": "t",
                        "Startup Cost": 0.0,
                        "Total Cost": 58306.47,
                        "Plan Rows": 762303,
                        "Plan Width": 4,
                        "Actual Startup Time": 0.052,
                        "Actual Total Time": 170.738,
                        "Actual Rows": 687143,
                        "Actual Loops": 2,
                        "Filter": "((production_year > 1967) AND (kind_id = 7))",
                        "Rows Removed by Filter": 577013
                      }
                    ]
                  }
                ]
              }
            ]
          }
        ]
      }
    ]
  },
  "Planning Time": 0.627,
  "Triggers": [],
  "Execution Time": 3361.414
}