{
  "Plan": {
    "Node Type": "Aggregate",
    "Strategy": "Plain",
    "Partial Mode": "Finalize",
    "Parallel Aware": false,
    "Startup Cost": 349210.91,
    "Total Cost": 349210.92,
    "Plan Rows": 1,
    "Plan Width": 8,
    "Actual Startup Time": 1498.219,
    "Actual Total Time": 1547.91,
    "Actual Rows": 1,
    "Actual Loops": 1,
    "Plans": [
      {
        "Node Type": "Gather",
        "Parent Relationship": "Outer",
        "Parallel Aware": false,
        "Startup Cost": 349210.8,
        "Total Cost": 349210.91,
        "Plan Rows": 1,
        "Plan Width": 8,
        "Actual Startup Time": 1497.896,
        "Actual Total Time": 1547.9,
        "Actual Rows": 2,
        "Actual Loops": 1,
        "Workers Planned": 1,
        "Workers Launched": 1,
        "Single Copy": false,
        "Plans": [
          {
            "Node Type": "Aggregate",
            "Strategy": "Plain",
            "Partial Mode": "Partial",
            "Parent Relationship": "Outer",
            "Parallel Aware": false,
            "Startup Cost": 348210.8,
            "Total Cost": 348210.81,
            "Plan Rows": 1,
            "Plan Width": 8,
            "Actual Startup Time": 1492.36,
            "Actual Total Time": 1492.364,
            "Actual Rows": 1,
            "Actual Loops": 2,
            "Plans": [
              {
                "Node Type": "Hash Join",
                "Parent Relationship": "Outer",
                "Parallel Aware": true,
                "Join Type": "Inner",
                "Startup Cost": 54857.33,
                "Total Cost": 347902.88,
                "Plan Rows": 123168,
                "Plan Width": 0,
                "Actual Startup Time": 141.65,
                "Actual Total Time": 1487.27,
                "Actual Rows": 101952,
                "Actual Loops": 2,
                "Inner Unique": true,
                "Hash Cond": "(mi.movie_id = t.id)",
                "Plans": [
                  {
                    "Node Type": "Seq Scan",
                    "Parent Relationship": "Outer",
                    "Parallel Aware": true,
                    "Relation Name": "movie_info",
                    "Alias": "mi",
                    "Startup Cost": 0.0,
                    "Total Cost": 270696.42,
                    "Plan Rows": 8513942,
                    "Plan Width": 4,
                    "Actual Startup Time": 0.01,
                    "Actual Total Time": 792.184,
                    "Actual Rows": 7264466,
                    "Actual Loops": 2,
                    "Filter": "(info_type_id < 106)",
                    "Rows Removed by Filter": 153394
                  },
                  {
                    "Node Type": "Hash",
                    "Parent Relationship": "Inner",
                    "Parallel Aware": true,
                    "Startup Cost": 54588.39,
                    "Total Cost": 54588.39,
                    "Plan Rows": 21515,
                    "Plan Width": 4,
                    "Actual Startup Time": 139.913,
                    "Actual Total Time": 139.914,
                    "Actual Rows": 18254,
                    "Actual Loops": 2,
                    "Hash Buckets": 65536,
                    "Original Hash Buckets": 65536,
                    "Hash Batches": 1,
                    "Original Hash Batches": 1,
                    "Peak Memory Usage": 1952,
                    "Plans": [
                      {
                        "Node Type": "Seq Scan",
                        "Parent Relationship": "Outer",
                        "Parallel Aware": true,
                        "Relation Name": "title",
                        "Alias": "t",
                        "Startup Cost": 0.0,
                        "Total Cost": 54588.39,
                        "Plan Rows": 21515,
                        "Plan Width": 4,
                        "Actual Startup Time": 0.046,
                        "Actual Total Time": 133.765,
                        "Actual Rows": 18254,
                        "Actual Loops": 2,
                        "Filter": "(production_year = 1996)",
                        "Rows Removed by Filter": 1245902
                      }
                    ]
                  }
                ]
              }
            ]
          }
        ]
      }
    ]
  },
  "Planning Time": 0.408,
  "Triggers": [],
  "Execution Time": 1547.985
}