[
  {
    "Plan": {
      "Node Type": "Aggregate",
      "Strategy": "Plain",
      "Partial Mode": "Finalize",
      "Parallel Aware": false,
      "Startup Cost": 32889.56,
      "Total Cost": 32889.57,
      "Plan Rows": 1,
      "Plan Width": 8,
      "Actual Startup Time": 99.152,
      "Actual Total Time": 107.354,
      "Actual Rows": 1,
      "Actual Loops": 1,
      "Plans": [
        {
          "Node Type": "Gather",
          "Parent Relationship": "Outer",
          "Parallel Aware": false,
          "Startup Cost": 32889.24,
          "Total Cost": 32889.55,
          "Plan Rows": 3,
          "Plan Width": 8,
          "Actual Startup Time": 99.041,
          "Actual Total Time": 107.346,
          "Actual Rows": 4,
          "Actual Loops": 1,
          "Workers Planned": 3,
          "Workers Launched": 3,
          "Single Copy": false,
          "Plans": [
            {
              "Node Type": "Aggregate",
              "Strategy": "Plain",
              "Partial Mode": "Partial",
              "Parent Relationship": "Outer",
              "Parallel Aware": false,
              "Startup Cost": 31889.24,
              "Total Cost": 31889.25,
              "Plan Rows": 1,
              "Plan Width": 8,
              "Actual Startup Time": 91.58,
              "Actual Total Time": 91.582,
              "Actual Rows": 1,
              "Actual Loops": 4,
              "Plans": [
                {
                  "Node Type": "Seq Scan",
                  "Parent Relationship": "Outer",
                  "Parallel Aware": true,
                  "Relation Name": "movie_companies",
                  "Alias": "mc",
                  "Startup Cost": 0.0,
                  "Total Cost": 31414.82,
                  "Plan Rows": 189770,
                  "Plan Width": 0,
                  "Actual Startup Time": 23.807,
                  "Actual Total Time": 86.948,
                  "Actual Rows": 78844,
                  "Actual Loops": 4,
                  "Filter": "((company_id > 12368) AND (company_type_id < 2))",
                  "Rows Removed by Filter": 573438
                }
              ]
            }
          ]
        }
      ]
    },
    "Planning Time": 0.218,
    "Triggers": [],
    "Execution Time": 107.41
  }
]