{
  "Plan": {
    "Node Type": "Aggregate",
    "Strategy": "Plain",
    "Partial Mode": "Finalize",
    "Parallel Aware": false,
    "Startup Cost": 285578.85,
    "Total Cost": 285578.86,
    "Plan Rows": 1,
    "Plan Width": 8,
    "Actual Startup Time": 1165.979,
    "Actual Total Time": 1211.645,
    "Actual Rows": 1,
    "Actual Loops": 1,
    "Plans": [
      {
        "Node Type": "Gather",
        "Parent Relationship": "Outer",
        "Parallel Aware": false,
        "Startup Cost": 285578.73,
        "Total Cost": 285578.84,
        "Plan Rows": 1,
        "Plan Width": 8,
        "Actual Startup Time": 1165.814,
        "Actual Total Time": 1211.636,
        "Actual Rows": 2,
        "Actual Loops": 1,
        "Workers Planned": 1,
        "Workers Launched": 1,
        "Single Copy": false,
        "Plans": [
          {
            "Node Type": "Aggregate",
            "Strategy": "Plain",
            "Partial Mode": "Partial",
            "Parent Relationship": "Outer",
            "Parallel Aware": false,
            "Startup Cost": 284578.73,
            "Total Cost": 284578.74,
            "Plan Rows": 1,
            "Plan Width": 8,
            "Actual Startup Time": 1162.178,
            "Actual Total Time": 1162.182,
            "Actual Rows": 1,
            "Actual Loops": 2,
            "Plans": [
              {
                "Node Type": "Hash Join",
                "Parent Relationship": "Outer",
                "Parallel Aware": false,
                "Join Type": "Inner",
                "Startup Cost": 3007.8,
                "Total Cost": 284577.9,
                "Plan Rows": 334,
                "Plan Width": 0,
                "Actual Startup Time": 27.436,
                "Actual Total Time": 1159.77,
                "Actual Rows": 46496,
                "Actual Loops": 2,
                "Inner Unique": false,
                "Hash Cond": "(mi.movie_id = t.id)",
                "Plans": [
                  {
                    "Node Type": "Seq Scan",
                    "Parent Relationship": "Outer",
                    "Parallel Aware": true,
                    "Relation Name": "movie_info",
                    "Alias": "mi",
                    "Startup Cost": 0.0,
                    "Total Cost": 248955.74,
                    "Plan Rows": 8696274,
                    "Plan Width": 4,
                    "Actual Startup Time": 0.016,
                    "Actual Total Time": 624.83,
                    "Actual Rows": 7417860,
                    "Actual Loops": 2
                  },
                  {
                    "Node Type": "Hash",
                    "Parent Relationship": "Inner",
                    "Parallel Aware": false,
                    "Startup Cost": 3006.58,
                    "Total Cost": 3006.58,
                    "Plan Rows": 97,
                    "Plan Width": 8,
                    "Actual Startup Time": 26.395,
                    "Actual Total Time": 26.397,
                    "Actual Rows": 1527,
                    "Actual Loops": 2,
                    "Hash Buckets": 2048,
                    "Original Hash Buckets": 1024,
                    "Hash Batches": 1,
                    "Original Hash Batches": 1,
                    "Peak Memory Usage": 76,
                    "Plans": [
                      {
                        "Node Type": "Nested Loop",
                        "Parent Relationship": "Outer",
                        "Parallel Aware": false,
                        "Join Type": "Inner",
                        "Startup Cost": 6.78,
                        "Total Cost": 3006.58,
                        "Plan Rows": 97,
                        "Plan Width": 8,
                        "Actual Startup Time": 0.854,
                        "Actual Total Time": 25.791,
                        "Actual Rows": 1527,
                        "Actual Loops": 2,
                        "Inner Unique": true,
                        "Plans": [
                          {
                            "Node Type": "Bitmap Heap Scan",
                            "Parent Relationship": "Outer",
                            "Parallel Aware": false,
                            "Relation Name": "movie_keyword",
                            "Alias": "mk",
                            "Startup Cost": 6.35,
                            "Total Cost": 922.98,
                            "Plan Rows": 248,
                            "Plan Width": 4,
                            "Actual Startup Time": 0.777,
                            "Actual Total Time": 7.613,
                            "Actual Rows": 1704,
                            "Actual Loops": 2,
                            "Recheck Cond": "(keyword_id = 793)",
                            "Rows Removed by Index Recheck": 0,
                            "Exact Heap Blocks": 1492,
                            "Lossy Heap Blocks": 0,
                            "Plans": [
                              {
                                "Node Type": "Bitmap Index Scan",
                                "Parent Relationship": "Outer",
                                "Parallel Aware": false,
                                "Index Name": "keyword_id_movie_keyword",
                                "Startup Cost": 0.0,
                                "Total Cost": 6.29,
                                "Plan Rows": 248,
                                "Plan Width": 0,
                                "Actual Startup Time": 0.476,
                                "Actual Total Time": 0.477,
                                "Actual Rows": 1704,
                                "Actual Loops": 2,
                                "Index Cond": "(keyword_id = 793)"
                              }
                            ]
                          },
                          {
                            "Node Type": "Index Scan",
                            "Parent Relationship": "Inner",
                            "Parallel Aware": false,
                            "Scan Direction": "Forward",
                            "Index Name": "title_pkey",
                            "Relation Name": "title",
                            "Alias": "t",
                            "Startup Cost": 0.43,
                            "Total Cost": 8.4,
                            "Plan Rows": 1,
                            "Plan Width": 4,
                            "Actual Startup Time": 0.01,
                            "Actual Total Time": 0.01,
                            "Actual Rows": 1,
                            "Actual Loops": 3408,
                            "Index Cond": "(id = mk.movie_id)",
                            "Rows Removed by Index Recheck": 0,
                            "Filter": "(kind_id < 7)",
                            "Rows Removed by Filter": 0
                          }
                        ]
                      }
                    ]
                  }
                ]
              }
            ]
          }
        ]
      }
    ]
  },
  "Planning Time": 0.517,
  "Triggers": [],
  "Execution Time": 1211.719
}