[
  {
    "Plan": {
      "Node Type": "Aggregate",
      "Strategy": "Plain",
      "Partial Mode": "Finalize",
      "Parallel Aware": false,
      "Startup Cost": 308091.01,
      "Total Cost": 308091.02,
      "Plan Rows": 1,
      "Plan Width": 8,
      "Actual Startup Time": 224.035,
      "Actual Total Time": 235.228,
      "Actual Rows": 1,
      "Actual Loops": 1,
      "Plans": [
        {
          "Node Type": "Gather",
          "Parent Relationship": "Outer",
          "Parallel Aware": false,
          "Startup Cost": 308090.39,
          "Total Cost": 308091.0,
          "Plan Rows": 6,
          "Plan Width": 8,
          "Actual Startup Time": 223.214,
          "Actual Total Time": 235.219,
          "Actual Rows": 7,
          "Actual Loops": 1,
          "Workers Planned": 6,
          "Workers Launched": 6,
          "Single Copy": false,
          "Plans": [
            {
              "Node Type": "Aggregate",
              "Strategy": "Plain",
              "Partial Mode": "Partial",
              "Parent Relationship": "Outer",
              "Parallel Aware": false,
              "Startup Cost": 307090.39,
              "Total Cost": 307090.4,
              "Plan Rows": 1,
              "Plan Width": 8,
              "Actual Startup Time": 214.376,
              "Actual Total Time": 214.378,
              "Actual Rows": 1,
              "Actual Loops": 7,
              "Plans": [
                {
                  "Node Type": "Bitmap Heap Scan",
                  "Parent Relationship": "Outer",
                  "Parallel Aware": true,
                  "Relation Name": "cast_info",
                  "Alias": "ci",
                  "Startup Cost": 48871.97,
                  "Total Cost": 306168.48,
                  "Plan Rows": 368761,
                  "Plan Width": 0,
                  "Actual Startup Time": 103.616,
                  "Actual Total Time": 197.147,
                  "Actual Rows": 303675,
                  "Actual Loops": 7,
                  "Recheck Cond": "(person_id > 3647314)",
                  "Rows Removed by Index Recheck": 0,
                  "Exact Heap Blocks": 7894,
                  "Lossy Heap Blocks": 0,
                  "Plans": [
                    {
                      "Node Type": "Bitmap Index Scan",
                      "Parent Relationship": "Outer",
                      "Parallel Aware": false,
                      "Index Name": "person_id_cast_info",
                      "Startup Cost": 0.0,
                      "Total Cost": 48318.82,
                      "Plan Rows": 2212568,
                      "Plan Width": 0,
                      "Actual Startup Time": 106.286,
                      "Actual Total Time": 106.286,
                      "Actual Rows": 2125724,
                      "Actual Loops": 1,
                      "Index Cond": "(person_id > 3647314)"
                    }
                  ]
                }
              ]
            }
          ]
        }
      ]
    },
    "Planning Time": 0.19,
    "Triggers": [],
    "Execution Time": 235.301
  }
]