[
  {
    "Plan": {
      "Node Type": "Aggregate",
      "Strategy": "Plain",
      "Partial Mode": "Finalize",
      "Parallel Aware": false,
      "Startup Cost": 16777.48,
      "Total Cost": 16777.49,
      "Plan Rows": 1,
      "Plan Width": 8,
      "Actual Startup Time": 9.555,
      "Actual Total Time": 11.645,
      "Actual Rows": 1,
      "Actual Loops": 1,
      "Plans": [
        {
          "Node Type": "Gather",
          "Parent Relationship": "Outer",
          "Parallel Aware": false,
          "Startup Cost": 16777.36,
          "Total Cost": 16777.47,
          "Plan Rows": 1,
          "Plan Width": 8,
          "Actual Startup Time": 9.461,
          "Actual Total Time": 11.641,
          "Actual Rows": 2,
          "Actual Loops": 1,
          "Workers Planned": 1,
          "Workers Launched": 1,
          "Single Copy": false,
          "Plans": [
            {
              "Node Type": "Aggregate",
              "Strategy": "Plain",
              "Partial Mode": "Partial",
              "Parent Relationship": "Outer",
              "Parallel Aware": false,
              "Startup Cost": 15777.36,
              "Total Cost": 15777.37,
              "Plan Rows": 1,
              "Plan Width": 8,
              "Actual Startup Time": 7.504,
              "Actual Total Time": 7.506,
              "Actual Rows": 1,
              "Actual Loops": 2,
              "Plans": [
                {
                  "Node Type": "Nested Loop",
                  "Parent Relationship": "Outer",
                  "Parallel Aware": false,
                  "Join Type": "Inner",
                  "Startup Cost": 62.64,
                  "Total Cost": 15769.17,
                  "Plan Rows": 3278,
                  "Plan Width": 0,
                  "Actual Startup Time": 0.567,
                  "Actual Total Time": 7.47,
                  "Actual Rows": 347,
                  "Actual Loops": 2,
                  "Inner Unique": false,
                  "Plans": [
                    {
                      "Node Type": "Nested Loop",
                      "Parent Relationship": "Outer",
                      "Parallel Aware": false,
                      "Join Type": "Inner",
                      "Startup Cost": 62.07,
                      "Total Cost": 14056.43,
                      "Plan Rows": 802,
                      "Plan Width": 8,
                      "Actual Startup Time": 0.515,
                      "Actual Total Time": 4.814,
                      "Actual Rows": 302,
                      "Actual Loops": 2,
                      "Inner Unique": true,
                      "Plans": [
                        {
                          "Node Type": "Bitmap Heap Scan",
                          "Parent Relationship": "Outer",
                          "Parallel Aware": true,
                          "Relation Name": "movie_companies",
                          "Alias": "mc",
                          "Startup Cost": 61.64,
                          "Total Cost": 7566.11,
                          "Plan Rows": 802,
                          "Plan Width": 4,
                          "Actual Startup Time": 0.465,
                          "Actual Total Time": 3.047,
                          "Actual Rows": 302,
                          "Actual Loops": 2,
                          "Recheck Cond": "(company_id = 13015)",
                          "Rows Removed by Index Recheck": 0,
                          "Filter": "(company_type_id = 1)",
                          "Rows Removed by Filter": 1100,
                          "Exact Heap Blocks": 1498,
                          "Lossy Heap Blocks": 0,
                          "Plans": [
                            {
                              "Node Type": "Bitmap Index Scan",
                              "Parent Relationship": "Outer",
                              "Parallel Aware": false,
                              "Index Name": "company_id_movie_companies",
                              "Startup Cost": 0.0,
                              "Total Cost": 61.3,
                              "Plan Rows": 2783,
                              "Plan Width": 0,
                              "Actual Startup Time": 0.603,
                              "Actual Total Time": 0.603,
                              "Actual Rows": 2805,
                              "Actual Loops": 1,
                              "Index Cond": "(company_id = 13015)"
                            }
                          ]
                        },
                        {
                          "Node Type": "Index Only Scan",
                          "Parent Relationship": "Inner",
                          "Parallel Aware": false,
                          "Scan Direction": "Forward",
                          "Index Name": "title_pkey",
                          "Relation Name": "title",
                          "Alias": "t",
                          "Startup Cost": 0.43,
                          "Total Cost": 8.09,
                          "Plan Rows": 1,
                          "Plan Width": 4,
                          "Actual Startup Time": 0.006,
                          "Actual Total Time": 0.006,
                          "Actual Rows": 1,
                          "Actual Loops": 604,
                          "Index Cond": "(id = mc.movie_id)",
                          "Rows Removed by Index Recheck": 0,
                          "Heap Fetches": 604
                        }
                      ]
                    },
                    {
                      "Node Type": "Index Scan",
                      "Parent Relationship": "Inner",
                      "Parallel Aware": false,
                      "Scan Direction": "Forward",
                      "Index Name": "movie_id_cast_info",
                      "Relation Name": "cast_info",
                      "Alias": "ci",
                      "Startup Cost": 0.56,
                      "Total Cost": 2.03,
                      "Plan Rows": 11,
                      "Plan Width": 4,
                      "Actual Startup Time": 0.008,
                      "Actual Total Time": 0.008,
                      "Actual Rows": 1,
                      "Actual Loops": 604,
                      "Index Cond": "(movie_id = t.id)",
                      "Rows Removed by Index Recheck": 0,
                      "Filter": "((person_id > 2032808) AND (role_id > 1))",
                      "Rows Removed by Filter": 1
                    }
                  ]
                }
              ]
            }
          ]
        }
      ]
    },
    "Planning Time": 0.433,
    "Triggers": [],
    "Execution Time": 11.68
  }
]