[
  {
    "Plan": {
      "Node Type": "Aggregate",
      "Strategy": "Plain",
      "Partial Mode": "Finalize",
      "Parallel Aware": false,
      "Startup Cost": 123789.01,
      "Total Cost": 123789.02,
      "Plan Rows": 1,
      "Plan Width": 8,
      "Actual Startup Time": 1352.204,
      "Actual Total Time": 1406.234,
      "Actual Rows": 1,
      "Actual Loops": 1,
      "Plans": [
        {
          "Node Type": "Gather",
          "Parent Relationship": "Outer",
          "Parallel Aware": false,
          "Startup Cost": 123788.69,
          "Total Cost": 123789.0,
          "Plan Rows": 3,
          "Plan Width": 8,
          "Actual Startup Time": 1352.194,
          "Actual Total Time": 1406.227,
          "Actual Rows": 4,
          "Actual Loops": 1,
          "Workers Planned": 3,
          "Workers Launched": 3,
          "Single Copy": false,
          "Plans": [
            {
              "Node Type": "Aggregate",
              "Strategy": "Plain",
              "Partial Mode": "Partial",
              "Parent Relationship": "Outer",
              "Parallel Aware": false,
              "Startup Cost": 122788.69,
              "Total Cost": 122788.7,
              "Plan Rows": 1,
              "Plan Width": 8,
              "Actual Startup Time": 1342.584,
              "Actual Total Time": 1342.587,
              "Actual Rows": 1,
              "Actual Loops": 4,
              "Plans": [
                {
                  "Node Type": "Nested Loop",
                  "Parent Relationship": "Outer",
                  "Parallel Aware": false,
                  "Join Type": "Inner",
                  "Startup Cost": 45582.75,
                  "Total Cost": 122663.96,
                  "Plan Rows": 49892,
                  "Plan Width": 0,
                  "Actual Startup Time": 131.527,
                  "Actual Total Time": 1299.22,
                  "Actual Rows": 751516,
                  "Actual Loops": 4,
                  "Inner Unique": false,
                  "Join Filter": "(t.id = ci.movie_id)",
                  "Rows Removed by Join Filter": 0,
                  "Plans": [
                    {
                      "Node Type": "Hash Join",
                      "Parent Relationship": "Outer",
                      "Parallel Aware": true,
                      "Join Type": "Inner",
                      "Startup Cost": 45582.19,
                      "Total Cost": 91721.16,
                      "Plan Rows": 17034,
                      "Plan Width": 8,
                      "Actual Startup Time": 130.965,
                      "Actual Total Time": 291.713,
                      "Actual Rows": 26653,
                      "Actual Loops": 4,
                      "Inner Unique": true,
                      "Hash Cond": "(mk.movie_id = t.id)",
                      "Plans": [
                        {
                          "Node Type": "Seq Scan",
                          "Parent Relationship": "Outer",
                          "Parallel Aware": true,
                          "Relation Name": "movie_keyword",
                          "Alias": "mk",
                          "Startup Cost": 0.0,
                          "Total Cost": 42695.65,
                          "Plan Rows": 1311737,
                          "Plan Width": 4,
                          "Actual Startup Time": 0.028,
                          "Actual Total Time": 119.276,
                          "Actual Rows": 1017744,
                          "Actual Loops": 4,
                          "Filter": "(keyword_id < 39094)",
                          "Rows Removed by Filter": 113238
                        },
                        {
                          "Node Type": "Hash",
                          "Parent Relationship": "Inner",
                          "Parallel Aware": true,
                          "Startup Cost": 45479.59,
                          "Total Cost": 45479.59,
                          "Plan Rows": 8208,
                          "Plan Width": 4,
                          "Actual Startup Time": 93.412,
                          "Actual Total Time": 93.413,
                          "Actual Rows": 7026,
                          "Actual Loops": 4,
                          "Hash Buckets": 65536,
                          "Original Hash Buckets": 65536,
                          "Hash Batches": 1,
                          "Original Hash Batches": 1,
                          "Peak Memory Usage": 1664,
                          "Plans": [
                            {
                              "Node Type": "Seq Scan",
                              "Parent Relationship": "Outer",
                              "Parallel Aware": true,
                              "Relation Name": "title",
                              "Alias": "t",
                              "Startup Cost": 0.0,
                              "Total Cost": 45479.59,
                              "Plan Rows": 8208,
                              "Plan Width": 4,
                              "Actual Startup Time": 53.991,
                              "Actual Total Time": 90.757,
                              "Actual Rows": 7026,
                              "Actual Loops": 4,
                              "Filter": "((kind_id = 1) AND (production_year = 2009))",
                              "Rows Removed by Filter": 625052
                            }
                          ]
                        }
                      ]
                    },
                    {
                      "Node Type": "Index Scan",
                      "Parent Relationship": "Inner",
                      "Parallel Aware": false,
                      "Scan Direction": "Forward",
                      "Index Name": "movie_id_cast_info",
                      "Relation Name": "cast_info",
                      "Alias": "ci",
                      "Startup Cost": 0.56,
                      "Total Cost": 1.73,
                      "Plan Rows": 7,
                      "Plan Width": 4,
                      "Actual Startup Time": 0.021,
                      "Actual Total Time": 0.035,
                      "Actual Rows": 28,
                      "Actual Loops": 106613,
                      "Index Cond": "(movie_id = mk.movie_id)",
                      "Rows Removed by Index Recheck": 0,
                      "Filter": "((person_id > 1399802) AND (role_id > 3))",
                      "Rows Removed by Filter": 45
                    }
                  ]
                }
              ]
            }
          ]
        }
      ]
    },
    "Planning Time": 1.213,
    "Triggers": [],
    "Execution Time": 1406.306
  }
]