[
  {
    "Plan": {
      "Node Type": "Aggregate",
      "Strategy": "Plain",
      "Partial Mode": "Finalize",
      "Parallel Aware": false,
      "Startup Cost": 82711.87,
      "Total Cost": 82711.88,
      "Plan Rows": 1,
      "Plan Width": 8,
      "Actual Startup Time": 396.921,
      "Actual Total Time": 410.944,
      "Actual Rows": 1,
      "Actual Loops": 1,
      "Plans": [
        {
          "Node Type": "Gather",
          "Parent Relationship": "Outer",
          "Parallel Aware": false,
          "Startup Cost": 82711.55,
          "Total Cost": 82711.86,
          "Plan Rows": 3,
          "Plan Width": 8,
          "Actual Startup Time": 390.147,
          "Actual Total Time": 410.934,
          "Actual Rows": 4,
          "Actual Loops": 1,
          "Workers Planned": 3,
          "Workers Launched": 3,
          "Single Copy": false,
          "Plans": [
            {
              "Node Type": "Aggregate",
              "Strategy": "Plain",
              "Partial Mode": "Partial",
              "Parent Relationship": "Outer",
              "Parallel Aware": false,
              "Startup Cost": 81711.55,
              "Total Cost": 81711.56,
              "Plan Rows": 1,
              "Plan Width": 8,
              "Actual Startup Time": 377.459,
              "Actual Total Time": 377.462,
              "Actual Rows": 1,
              "Actual Loops": 4,
              "Plans": [
                {
                  "Node Type": "Hash Join",
                  "Parent Relationship": "Outer",
                  "Parallel Aware": true,
                  "Join Type": "Inner",
                  "Startup Cost": 49017.19,
                  "Total Cost": 81329.0,
                  "Plan Rows": 153021,
                  "Plan Width": 0,
                  "Actual Startup Time": 263.658,
                  "Actual Total Time": 374.486,
                  "Actual Rows": 75472,
                  "Actual Loops": 4,
                  "Inner Unique": true,
                  "Hash Cond": "(mc.movie_id = t.id)",
                  "Plans": [
                    {
                      "Node Type": "Seq Scan",
                      "Parent Relationship": "Outer",
                      "Parallel Aware": true,
                      "Relation Name": "movie_companies",
                      "Alias": "mc",
                      "Startup Cost": 0.0,
                      "Total Cost": 31414.82,
                      "Plan Rows": 341711,
                      "Plan Width": 4,
                      "Actual Startup Time": 29.86,
                      "Actual Total Time": 65.948,
                      "Actual Rows": 298637,
                      "Actual Loops": 4,
                      "Filter": "((company_id > 475) AND (company_type_id > 1))",
                      "Rows Removed by Filter": 353645
                    },
                    {
                      "Node Type": "Hash",
                      "Parent Relationship": "Inner",
                      "Parallel Aware": true,
                      "Startup Cost": 45479.1,
                      "Total Cost": 45479.1,
                      "Plan Rows": 283047,
                      "Plan Width": 4,
                      "Actual Startup Time": 225.797,
                      "Actual Total Time": 225.798,
                      "Actual Rows": 309660,
                      "Actual Loops": 4,
                      "Hash Buckets": 2097152,
                      "Original Hash Buckets": 2097152,
                      "Hash Batches": 1,
                      "Original Hash Batches": 1,
                      "Peak Memory Usage": 64896,
                      "Plans": [
                        {
                          "Node Type": "Seq Scan",
                          "Parent Relationship": "Outer",
                          "Parallel Aware": true,
                          "Relation Name": "title",
                          "Alias": "t",
                          "Startup Cost": 0.0,
                          "Total Cost": 45479.1,
                          "Plan Rows": 283047,
                          "Plan Width": 4,
                          "Actual Startup Time": 0.037,
                          "Actual Total Time": 108.669,
                          "Actual Rows": 309660,
                          "Actual Loops": 4,
                          "Filter": "((kind_id > 2) AND (production_year > 1995))",
                          "Rows Removed by Filter": 322418
                        }
                      ]
                    }
                  ]
                }
              ]
            }
          ]
        }
      ]
    },
    "Planning Time": 0.652,
    "Triggers": [],
    "Execution Time": 411.038
  }
]