[
  {
    "Plan": {
      "Node Type": "Aggregate",
      "Strategy": "Plain",
      "Partial Mode": "Finalize",
      "Parallel Aware": false,
      "Startup Cost": 135999.37,
      "Total Cost": 135999.38,
      "Plan Rows": 1,
      "Plan Width": 8,
      "Actual Startup Time": 674.756,
      "Actual Total Time": 710.037,
      "Actual Rows": 1,
      "Actual Loops": 1,
      "Plans": [
        {
          "Node Type": "Gather",
          "Parent Relationship": "Outer",
          "Parallel Aware": false,
          "Startup Cost": 135999.05,
          "Total Cost": 135999.36,
          "Plan Rows": 3,
          "Plan Width": 8,
          "Actual Startup Time": 673.719,
          "Actual Total Time": 710.03,
          "Actual Rows": 4,
          "Actual Loops": 1,
          "Workers Planned": 3,
          "Workers Launched": 3,
          "Single Copy": false,
          "Plans": [
            {
              "Node Type": "Aggregate",
              "Strategy": "Plain",
              "Partial Mode": "Partial",
              "Parent Relationship": "Outer",
              "Parallel Aware": false,
              "Startup Cost": 134999.05,
              "Total Cost": 134999.06,
              "Plan Rows": 1,
              "Plan Width": 8,
              "Actual Startup Time": 669.962,
              "Actual Total Time": 669.965,
              "Actual Rows": 1,
              "Actual Loops": 4,
              "Plans": [
                {
                  "Node Type": "Nested Loop",
                  "Parent Relationship": "Outer",
                  "Parallel Aware": false,
                  "Join Type": "Inner",
                  "Startup Cost": 45913.02,
                  "Total Cost": 134734.77,
                  "Plan Rows": 105712,
                  "Plan Width": 0,
                  "Actual Startup Time": 115.974,
                  "Actual Total Time": 623.249,
                  "Actual Rows": 1173554,
                  "Actual Loops": 4,
                  "Inner Unique": false,
                  "Join Filter": "(t.id = mi.movie_id)",
                  "Rows Removed by Join Filter": 0,
                  "Plans": [
                    {
                      "Node Type": "Hash Join",
                      "Parent Relationship": "Outer",
                      "Parallel Aware": true,
                      "Join Type": "Inner",
                      "Startup Cost": 45912.59,
                      "Total Cost": 89470.61,
                      "Plan Rows": 18004,
                      "Plan Width": 8,
                      "Actual Startup Time": 115.871,
                      "Actual Total Time": 207.514,
                      "Actual Rows": 16830,
                      "Actual Loops": 4,
                      "Inner Unique": true,
                      "Hash Cond": "(mk.movie_id = t.id)",
                      "Plans": [
                        {
                          "Node Type": "Seq Scan",
                          "Parent Relationship": "Outer",
                          "Parallel Aware": true,
                          "Relation Name": "movie_keyword",
                          "Alias": "mk",
                          "Startup Cost": 0.0,
                          "Total Cost": 42695.65,
                          "Plan Rows": 328524,
                          "Plan Width": 4,
                          "Actual Startup Time": 1.229,
                          "Actual Total Time": 84.404,
                          "Actual Rows": 254427,
                          "Actual Loops": 4,
                          "Filter": "(keyword_id > 17723)",
                          "Rows Removed by Filter": 876556
                        },
                        {
                          "Node Type": "Hash",
                          "Parent Relationship": "Inner",
                          "Parallel Aware": true,
                          "Startup Cost": 45479.59,
                          "Total Cost": 45479.59,
                          "Plan Rows": 34640,
                          "Plan Width": 4,
                          "Actual Startup Time": 93.415,
                          "Actual Total Time": 93.416,
                          "Actual Rows": 33046,
                          "Actual Loops": 4,
                          "Hash Buckets": 262144,
                          "Original Hash Buckets": 262144,
                          "Hash Batches": 1,
                          "Original Hash Batches": 1,
                          "Peak Memory Usage": 7328,
                          "Plans": [
                            {
                              "Node Type": "Seq Scan",
                              "Parent Relationship": "Outer",
                              "Parallel Aware": true,
                              "Relation Name": "title",
                              "Alias": "t",
                              "Startup Cost": 0.0,
                              "Total Cost": 45479.59,
                              "Plan Rows": 34640,
                              "Plan Width": 4,
                              "Actual Startup Time": 36.514,
                              "Actual Total Time": 83.12,
                              "Actual Rows": 33046,
                              "Actual Loops": 4,
                              "Filter": "((production_year > 2009) AND (kind_id = 1))",
                              "Rows Removed by Filter": 599032
                            }
                          ]
                        }
                      ]
                    },
                    {
                      "Node Type": "Index Only Scan",
                      "Parent Relationship": "Inner",
                      "Parallel Aware": false,
                      "Scan Direction": "Forward",
                      "Index Name": "movie_id_movie_info",
                      "Relation Name": "movie_info",
                      "Alias": "mi",
                      "Startup Cost": 0.43,
                      "Total Cost": 2.0,
                      "Plan Rows": 41,
                      "Plan Width": 4,
                      "Actual Startup Time": 0.004,
                      "Actual Total Time": 0.019,
                      "Actual Rows": 70,
                      "Actual Loops": 67320,
                      "Index Cond": "(movie_id = mk.movie_id)",
                      "Rows Removed by Index Recheck": 0,
                      "Heap Fetches": 4694214
                    }
                  ]
                }
              ]
            }
          ]
        }
      ]
    },
    "Planning Time": 0.513,
    "Triggers": [],
    "Execution Time": 710.087
  }
]