[
  {
    "Plan": {
      "Node Type": "Aggregate",
      "Strategy": "Plain",
      "Partial Mode": "Finalize",
      "Parallel Aware": false,
      "Startup Cost": 137333.47,
      "Total Cost": 137333.48,
      "Plan Rows": 1,
      "Plan Width": 8,
      "Actual Startup Time": 783.527,
      "Actual Total Time": 821.592,
      "Actual Rows": 1,
      "Actual Loops": 1,
      "Plans": [
        {
          "Node Type": "Gather",
          "Parent Relationship": "Outer",
          "Parallel Aware": false,
          "Startup Cost": 137333.15,
          "Total Cost": 137333.46,
          "Plan Rows": 3,
          "Plan Width": 8,
          "Actual Startup Time": 782.714,
          "Actual Total Time": 821.582,
          "Actual Rows": 4,
          "Actual Loops": 1,
          "Workers Planned": 3,
          "Workers Launched": 3,
          "Single Copy": false,
          "Plans": [
            {
              "Node Type": "Aggregate",
              "Strategy": "Plain",
              "Partial Mode": "Partial",
              "Parent Relationship": "Outer",
              "Parallel Aware": false,
              "Startup Cost": 136333.15,
              "Total Cost": 136333.16,
              "Plan Rows": 1,
              "Plan Width": 8,
              "Actual Startup Time": 773.327,
              "Actual Total Time": 773.33,
              "Actual Rows": 1,
              "Actual Loops": 4,
              "Plans": [
                {
                  "Node Type": "Nested Loop",
                  "Parent Relationship": "Outer",
                  "Parallel Aware": false,
                  "Join Type": "Inner",
                  "Startup Cost": 45918.66,
                  "Total Cost": 136065.1,
                  "Plan Rows": 107223,
                  "Plan Width": 0,
                  "Actual Startup Time": 139.074,
                  "Actual Total Time": 717.904,
                  "Actual Rows": 1173554,
                  "Actual Loops": 4,
                  "Inner Unique": false,
                  "Join Filter": "(t.id = mi.movie_id)",
                  "Rows Removed by Join Filter": 0,
                  "Plans": [
                    {
                      "Node Type": "Hash Join",
                      "Parent Relationship": "Outer",
                      "Parallel Aware": true,
                      "Join Type": "Inner",
                      "Startup Cost": 45918.22,
                      "Total Cost": 89479.94,
                      "Plan Rows": 18337,
                      "Plan Width": 8,
                      "Actual Startup Time": 138.991,
                      "Actual Total Time": 239.368,
                      "Actual Rows": 16830,
                      "Actual Loops": 4,
                      "Inner Unique": true,
                      "Hash Cond": "(mk.movie_id = t.id)",
                      "Plans": [
                        {
                          "Node Type": "Seq Scan",
                          "Parent Relationship": "Outer",
                          "Parallel Aware": true,
                          "Relation Name": "movie_keyword",
                          "Alias": "mk",
                          "Startup Cost": 0.0,
                          "Total Cost": 42695.65,
                          "Plan Rows": 329929,
                          "Plan Width": 4,
                          "Actual Startup Time": 1.447,
                          "Actual Total Time": 92.808,
                          "Actual Rows": 254427,
                          "Actual Loops": 4,
                          "Filter": "(keyword_id > 17723)",
                          "Rows Removed by Filter": 876556
                        },
                        {
                          "Node Type": "Hash",
                          "Parent Relationship": "Inner",
                          "Parallel Aware": true,
                          "Startup Cost": 45479.1,
                          "Total Cost": 45479.1,
                          "Plan Rows": 35130,
                          "Plan Width": 4,
                          "Actual Startup Time": 112.693,
                          "Actual Total Time": 112.694,
                          "Actual Rows": 33046,
                          "Actual Loops": 4,
                          "Hash Buckets": 262144,
                          "Original Hash Buckets": 262144,
                          "Hash Batches": 1,
                          "Original Hash Batches": 1,
                          "Peak Memory Usage": 7296,
                          "Plans": [
                            {
                              "Node Type": "Seq Scan",
                              "Parent Relationship": "Outer",
                              "Parallel Aware": true,
                              "Relation Name": "title",
                              "Alias": "t",
                              "Startup Cost": 0.0,
                              "Total Cost": 45479.1,
                              "Plan Rows": 35130,
                              "Plan Width": 4,
                              "Actual Startup Time": 49.548,
                              "Actual Total Time": 102.212,
                              "Actual Rows": 33046,
                              "Actual Loops": 4,
                              "Filter": "((production_year > 2009) AND (kind_id = 1))",
                              "Rows Removed by Filter": 599032
                            }
                          ]
                        }
                      ]
                    },
                    {
                      "Node Type": "Index Only Scan",
                      "Parent Relationship": "Inner",
                      "Parallel Aware": false,
                      "Scan Direction": "Forward",
                      "Index Name": "movie_id_movie_info",
                      "Relation Name": "movie_info",
                      "Alias": "mi",
                      "Startup Cost": 0.43,
                      "Total Cost": 2.02,
                      "Plan Rows": 42,
                      "Plan Width": 4,
                      "Actual Startup Time": 0.005,
                      "Actual Total Time": 0.022,
                      "Actual Rows": 70,
                      "Actual Loops": 67320,
                      "Index Cond": "(movie_id = mk.movie_id)",
                      "Rows Removed by Index Recheck": 0,
                      "Heap Fetches": 4694214
                    }
                  ]
                }
              ]
            }
          ]
        }
      ]
    },
    "Planning Time": 1.434,
    "Triggers": [],
    "Execution Time": 821.691
  }
]