[
  {
    "Plan": {
      "Node Type": "Aggregate",
      "Strategy": "Plain",
      "Partial Mode": "Finalize",
      "Parallel Aware": false,
      "Startup Cost": 64174.68,
      "Total Cost": 64174.69,
      "Plan Rows": 1,
      "Plan Width": 8,
      "Actual Startup Time": 403.886,
      "Actual Total Time": 431.152,
      "Actual Rows": 1,
      "Actual Loops": 1,
      "Plans": [
        {
          "Node Type": "Gather",
          "Parent Relationship": "Outer",
          "Parallel Aware": false,
          "Startup Cost": 64174.46,
          "Total Cost": 64174.67,
          "Plan Rows": 2,
          "Plan Width": 8,
          "Actual Startup Time": 399.595,
          "Actual Total Time": 431.14,
          "Actual Rows": 3,
          "Actual Loops": 1,
          "Workers Planned": 2,
          "Workers Launched": 2,
          "Single Copy": false,
          "Plans": [
            {
              "Node Type": "Aggregate",
              "Strategy": "Plain",
              "Partial Mode": "Partial",
              "Parent Relationship": "Outer",
              "Parallel Aware": false,
              "Startup Cost": 63174.46,
              "Total Cost": 63174.47,
              "Plan Rows": 1,
              "Plan Width": 8,
              "Actual Startup Time": 391.898,
              "Actual Total Time": 391.903,
              "Actual Rows": 1,
              "Actual Loops": 3,
              "Plans": [
                {
                  "Node Type": "Hash Join",
                  "Parent Relationship": "Outer",
                  "Parallel Aware": true,
                  "Join Type": "Inner",
                  "Startup Cost": 47425.54,
                  "Total Cost": 63055.48,
                  "Plan Rows": 47592,
                  "Plan Width": 0,
                  "Actual Startup Time": 296.375,
                  "Actual Total Time": 387.43,
                  "Actual Rows": 68363,
                  "Actual Loops": 3,
                  "Inner Unique": true,
                  "Hash Cond": "(mi_idx.movie_id = t.id)",
                  "Plans": [
                    {
                      "Node Type": "Seq Scan",
                      "Parent Relationship": "Outer",
                      "Parallel Aware": true,
                      "Relation Name": "movie_info_idx",
                      "Alias": "mi_idx",
                      "Startup Cost": 0.0,
                      "Total Cost": 15122.68,
                      "Plan Rows": 193243,
                      "Plan Width": 4,
                      "Actual Startup Time": 0.018,
                      "Actual Total Time": 64.587,
                      "Actual Rows": 153308,
                      "Actual Loops": 3,
                      "Filter": "(info_type_id = 101)",
                      "Rows Removed by Filter": 306703
                    },
                    {
                      "Node Type": "Hash",
                      "Parent Relationship": "Inner",
                      "Parallel Aware": true,
                      "Startup Cost": 45479.59,
                      "Total Cost": 45479.59,
                      "Plan Rows": 155676,
                      "Plan Width": 4,
                      "Actual Startup Time": 244.68,
                      "Actual Total Time": 244.682,
                      "Actual Rows": 194320,
                      "Actual Loops": 3,
                      "Hash Buckets": 1048576,
                      "Original Hash Buckets": 1048576,
                      "Hash Batches": 1,
                      "Original Hash Batches": 1,
                      "Peak Memory Usage": 31040,
                      "Plans": [
                        {
                          "Node Type": "Seq Scan",
                          "Parent Relationship": "Outer",
                          "Parallel Aware": true,
                          "Relation Name": "title",
                          "Alias": "t",
                          "Startup Cost": 0.0,
                          "Total Cost": 45479.59,
                          "Plan Rows": 155676,
                          "Plan Width": 4,
                          "Actual Startup Time": 56.879,
                          "Actual Total Time": 161.609,
                          "Actual Rows": 194320,
                          "Actual Loops": 3,
                          "Filter": "((production_year > 1916) AND (kind_id = 1))",
                          "Rows Removed by Filter": 648451
                        }
                      ]
                    }
                  ]
                }
              ]
            }
          ]
        }
      ]
    },
    "Planning Time": 0.425,
    "Triggers": [],
    "Execution Time": 431.212
  }
]