[
    {
        "Bao": {
            "Bao prediction": 1550.426,
            "Bao recommended hint": "SET enable_nestloop TO off; "
        }
    },
    {
        "Plan": {
            "Node Type": "Aggregate",
            "Strategy": "Plain",
            "Partial Mode": "Simple",
            "Parallel Aware": false,
            "Startup Cost": 544351.73,
            "Total Cost": 544351.74,
            "Plan Rows": 1,
            "Plan Width": 64,
            "Actual Startup Time": 3656.765,
            "Actual Total Time": 3736.008,
            "Actual Rows": 1,
            "Actual Loops": 1,
            "Output": [
                "min(n.name)",
                "min(t.title)"
            ],
            "Plans": [
                {
                    "Node Type": "Hash Join",
                    "Parent Relationship": "Outer",
                    "Parallel Aware": false,
                    "Join Type": "Inner",
                    "Startup Cost": 474412.57,
                    "Total Cost": 544351.72,
                    "Plan Rows": 1,
                    "Plan Width": 32,
                    "Actual Startup Time": 3418.754,
                    "Actual Total Time": 3735.256,
                    "Actual Rows": 4317,
                    "Actual Loops": 1,
                    "Output": [
                        "n.name",
                        "t.title"
                    ],
                    "Inner Unique": true,
                    "Hash Cond": "(t.kind_id = kt.id)",
                    "Plans": [
                        {
                            "Node Type": "Gather",
                            "Parent Relationship": "Outer",
                            "Parallel Aware": false,
                            "Startup Cost": 474411.47,
                            "Total Cost": 544350.62,
                            "Plan Rows": 1,
                            "Plan Width": 36,
                            "Actual Startup Time": 3418.604,
                            "Actual Total Time": 3733.847,
                            "Actual Rows": 4872,
                            "Actual Loops": 1,
                            "Output": [
                                "n.name",
                                "t.title",
                                "t.kind_id"
                            ],
                            "Workers Planned": 4,
                            "Workers Launched": 4,
                            "Single Copy": false,
                            "Plans": [
                                {
                                    "Node Type": "Hash Join",
                                    "Parent Relationship": "Outer",
                                    "Parallel Aware": true,
                                    "Join Type": "Inner",
                                    "Startup Cost": 473411.47,
                                    "Total Cost": 543350.52,
                                    "Plan Rows": 1,
                                    "Plan Width": 36,
                                    "Actual Startup Time": 3406.74,
                                    "Actual Total Time": 3642.393,
                                    "Actual Rows": 974,
                                    "Actual Loops": 5,
                                    "Output": [
                                        "n.name",
                                        "t.title",
                                        "t.kind_id"
                                    ],
                                    "Inner Unique": false,
                                    "Hash Cond": "(n.id = ci.person_id)",
                                    "Workers": [
                                        {
                                            "Worker Number": 0,
                                            "Actual Startup Time": 3403.543,
                                            "Actual Total Time": 3640.318,
                                            "Actual Rows": 1259,
                                            "Actual Loops": 1
                                        },
                                        {
                                            "Worker Number": 1,
                                            "Actual Startup Time": 3404.381,
                                            "Actual Total Time": 3640.524,
                                            "Actual Rows": 910,
                                            "Actual Loops": 1
                                        },
                                        {
                                            "Worker Number": 2,
                                            "Actual Startup Time": 3404.751,
                                            "Actual Total Time": 3640.506,
                                            "Actual Rows": 901,
                                            "Actual Loops": 1
                                        },
                                        {
                                            "Worker Number": 3,
                                            "Actual Startup Time": 3404.547,
                                            "Actual Total Time": 3640.701,
                                            "Actual Rows": 1025,
                                            "Actual Loops": 1
                                        }
                                    ],
                                    "Plans": [
                                        {
                                            "Node Type": "Seq Scan",
                                            "Parent Relationship": "Outer",
                                            "Parallel Aware": true,
                                            "Relation Name": "name",
                                            "Schema": "public",
                                            "Alias": "n",
                                            "Startup Cost": 0.0,
                                            "Total Cost": 66031.94,
                                            "Plan Rows": 1041894,
                                            "Plan Width": 19,
                                            "Actual Startup Time": 0.027,
                                            "Actual Total Time": 138.126,
                                            "Actual Rows": 833498,
                                            "Actual Loops": 5,
                                            "Output": [
                                                "n.id",
                                                "n.name",
                                                "n.imdb_index",
                                                "n.imdb_id",
                                                "n.gender",
                                                "n.name_pcode_cf",
                                                "n.name_pcode_nf",
                                                "n.surname_pcode",
                                                "n.md5sum"
                                            ],
                                            "Workers": [
                                                {
                                                    "Worker Number": 0,
                                                    "Actual Startup Time": 0.033,
                                                    "Actual Total Time": 138.343,
                                                    "Actual Rows": 1172805,
                                                    "Actual Loops": 1
                                                },
                                                {
                                                    "Worker Number": 1,
                                                    "Actual Startup Time": 0.027,
                                                    "Actual Total Time": 137.587,
                                                    "Actual Rows": 759587,
                                                    "Actual Loops": 1
                                                },
                                                {
                                                    "Worker Number": 2,
                                                    "Actual Startup Time": 0.029,
                                                    "Actual Total Time": 137.776,
                                                    "Actual Rows": 758792,
                                                    "Actual Loops": 1
                                                },
                                                {
                                                    "Worker Number": 3,
                                                    "Actual Startup Time": 0.029,
                                                    "Actual Total Time": 137.823,
                                                    "Actual Rows": 759719,
                                                    "Actual Loops": 1
                                                }
                                            ]
                                        },
                                        {
                                            "Node Type": "Hash",
                                            "Parent Relationship": "Inner",
                                            "Parallel Aware": true,
                                            "Startup Cost": 473411.45,
                                            "Total Cost": 473411.45,
                                            "Plan Rows": 1,
                                            "Plan Width": 25,
                                            "Actual Startup Time": 3404.655,
                                            "Actual Total Time": 3404.676,
                                            "Actual Rows": 974,
                                            "Actual Loops": 5,
                                            "Output": [
                                                "ci.person_id",
                                                "t.title",
                                                "t.kind_id"
                                            ],
                                            "Hash Buckets": 8192,
                                            "Original Hash Buckets": 1024,
                                            "Hash Batches": 1,
                                            "Original Hash Batches": 1,
                                            "Peak Memory Usage": 536,
                                            "Workers": [
                                                {
                                                    "Worker Number": 0,
                                                    "Actual Startup Time": 3402.636,
                                                    "Actual Total Time": 3402.656,
                                                    "Actual Rows": 1094,
                                                    "Actual Loops": 1
                                                },
                                                {
                                                    "Worker Number": 1,
                                                    "Actual Startup Time": 3402.802,
                                                    "Actual Total Time": 3402.822,
                                                    "Actual Rows": 699,
                                                    "Actual Loops": 1
                                                },
                                                {
                                                    "Worker Number": 2,
                                                    "Actual Startup Time": 3402.759,
                                                    "Actual Total Time": 3402.778,
                                                    "Actual Rows": 1217,
                                                    "Actual Loops": 1
                                                },
                                                {
                                                    "Worker Number": 3,
                                                    "Actual Startup Time": 3402.949,
                                                    "Actual Total Time": 3402.969,
                                                    "Actual Rows": 1208,
                                                    "Actual Loops": 1
                                                }
                                            ],
                                            "Plans": [
                                                {
                                                    "Node Type": "Hash Join",
                                                    "Parent Relationship": "Outer",
                                                    "Parallel Aware": false,
                                                    "Join Type": "Inner",
                                                    "Startup Cost": 427472.66,
                                                    "Total Cost": 473411.45,
                                                    "Plan Rows": 1,
                                                    "Plan Width": 25,
                                                    "Actual Startup Time": 3232.476,
                                                    "Actual Total Time": 3380.719,
                                                    "Actual Rows": 974,
                                                    "Actual Loops": 5,
                                                    "Output": [
                                                        "ci.person_id",
                                                        "t.title",
                                                        "t.kind_id"
                                                    ],
                                                    "Inner Unique": false,
                                                    "Hash Cond": "(t.id = cc.movie_id)",
                                                    "Workers": [
                                                        {
                                                            "Worker Number": 0,
                                                            "Actual Startup Time": 3226.881,
                                                            "Actual Total Time": 3368.964,
                                                            "Actual Rows": 1094,
                                                            "Actual Loops": 1
                                                        },
                                                        {
                                                            "Worker Number": 1,
                                                            "Actual Startup Time": 3227.795,
                                                            "Actual Total Time": 3377.35,
                                                            "Actual Rows": 699,
                                                            "Actual Loops": 1
                                                        },
                                                        {
                                                            "Worker Number": 2,
                                                            "Actual Startup Time": 3225.48,
                                                            "Actual Total Time": 3387.672,
                                                            "Actual Rows": 1217,
                                                            "Actual Loops": 1
                                                        },
                                                        {
                                                            "Worker Number": 3,
                                                            "Actual Startup Time": 3236.679,
                                                            "Actual Total Time": 3391.401,
                                                            "Actual Rows": 1208,
                                                            "Actual Loops": 1
                                                        }
                                                    ],
                                                    "Plans": [
                                                        {
                                                            "Node Type": "Hash Join",
                                                            "Parent Relationship": "Outer",
                                                            "Parallel Aware": true,
                                                            "Join Type": "Inner",
                                                            "Startup Cost": 424370.24,
                                                            "Total Cost": 470308.93,
                                                            "Plan Rows": 26,
                                                            "Plan Width": 37,
                                                            "Actual Startup Time": 3140.816,
                                                            "Actual Total Time": 3294.806,
                                                            "Actual Rows": 1817,
                                                            "Actual Loops": 5,
                                                            "Output": [
                                                                "ci.movie_id",
                                                                "ci.person_id",
                                                                "mk.movie_id",
                                                                "t.title",
                                                                "t.kind_id",
                                                                "t.id"
                                                            ],
                                                            "Inner Unique": false,
                                                            "Hash Cond": "(t.id = mk.movie_id)",
                                                            "Workers": [
                                                                {
                                                                    "Worker Number": 0,
                                                                    "Actual Startup Time": 3136.752,
                                                                    "Actual Total Time": 3283.899,
                                                                    "Actual Rows": 2003,
                                                                    "Actual Loops": 1
                                                                },
                                                                {
                                                                    "Worker Number": 1,
                                                                    "Actual Startup Time": 3140.505,
                                                                    "Actual Total Time": 3292.366,
                                                                    "Actual Rows": 1395,
                                                                    "Actual Loops": 1
                                                                },
                                                                {
                                                                    "Worker Number": 2,
                                                                    "Actual Startup Time": 3137.642,
                                                                    "Actual Total Time": 3302.072,
                                                                    "Actual Rows": 2251,
                                                                    "Actual Loops": 1
                                                                },
                                                                {
                                                                    "Worker Number": 3,
                                                                    "Actual Startup Time": 3139.91,
                                                                    "Actual Total Time": 3305.625,
                                                                    "Actual Rows": 2262,
                                                                    "Actual Loops": 1
                                                                }
                                                            ],
                                                            "Plans": [
                                                                {
                                                                    "Node Type": "Seq Scan",
                                                                    "Parent Relationship": "Outer",
                                                                    "Parallel Aware": true,
                                                                    "Relation Name": "title",
                                                                    "Schema": "public",
                                                                    "Alias": "t",
                                                                    "Startup Cost": 0.0,
                                                                    "Total Cost": 43899.32,
                                                                    "Plan Rows": 543820,
                                                                    "Plan Width": 25,
                                                                    "Actual Startup Time": 0.036,
                                                                    "Actual Total Time": 102.681,
                                                                    "Actual Rows": 431949,
                                                                    "Actual Loops": 5,
                                                                    "Output": [
                                                                        "t.id",
                                                                        "t.title",
                                                                        "t.imdb_index",
                                                                        "t.kind_id",
                                                                        "t.production_year",
                                                                        "t.imdb_id",
                                                                        "t.phonetic_code",
                                                                        "t.episode_of_id",
                                                                        "t.season_nr",
                                                                        "t.episode_nr",
                                                                        "t.series_years",
                                                                        "t.md5sum"
                                                                    ],
                                                                    "Filter": "(t.production_year > 1964)",
                                                                    "Rows Removed by Filter": 73713,
                                                                    "Workers": [
                                                                        {
                                                                            "Worker Number": 0,
                                                                            "Actual Startup Time": 0.035,
                                                                            "Actual Total Time": 95.929,
                                                                            "Actual Rows": 596708,
                                                                            "Actual Loops": 1
                                                                        },
                                                                        {
                                                                            "Worker Number": 1,
                                                                            "Actual Startup Time": 0.034,
                                                                            "Actual Total Time": 101.301,
                                                                            "Actual Rows": 383413,
                                                                            "Actual Loops": 1
                                                                        },
                                                                        {
                                                                            "Worker Number": 2,
                                                                            "Actual Startup Time": 0.04,
                                                                            "Actual Total Time": 107.523,
                                                                            "Actual Rows": 410263,
                                                                            "Actual Loops": 1
                                                                        },
                                                                        {
                                                                            "Worker Number": 3,
                                                                            "Actual Startup Time": 0.041,
                                                                            "Actual Total Time": 109.894,
                                                                            "Actual Rows": 423679,
                                                                            "Actual Loops": 1
                                                                        }
                                                                    ]
                                                                },
                                                                {
                                                                    "Node Type": "Hash",
                                                                    "Parent Relationship": "Inner",
                                                                    "Parallel Aware": true,
                                                                    "Startup Cost": 424369.99,
                                                                    "Total Cost": 424369.99,
                                                                    "Plan Rows": 20,
                                                                    "Plan Width": 12,
                                                                    "Actual Startup Time": 3137.606,
                                                                    "Actual Total Time": 3137.617,
                                                                    "Actual Rows": 2353,
                                                                    "Actual Loops": 5,
                                                                    "Output": [
                                                                        "ci.movie_id",
                                                                        "ci.person_id",
                                                                        "mk.movie_id"
                                                                    ],
                                                                    "Hash Buckets": 16384,
                                                                    "Original Hash Buckets": 1024,
                                                                    "Hash Batches": 1,
                                                                    "Original Hash Batches": 1,
                                                                    "Peak Memory Usage": 952,
                                                                    "Workers": [
                                                                        {
                                                                            "Worker Number": 0,
                                                                            "Actual Startup Time": 3136.485,
                                                                            "Actual Total Time": 3136.496,
                                                                            "Actual Rows": 4121,
                                                                            "Actual Loops": 1
                                                                        },
                                                                        {
                                                                            "Worker Number": 1,
                                                                            "Actual Startup Time": 3136.539,
                                                                            "Actual Total Time": 3136.55,
                                                                            "Actual Rows": 1394,
                                                                            "Actual Loops": 1
                                                                        },
                                                                        {
                                                                            "Worker Number": 2,
                                                                            "Actual Startup Time": 3136.222,
                                                                            "Actual Total Time": 3136.232,
                                                                            "Actual Rows": 2084,
                                                                            "Actual Loops": 1
                                                                        },
                                                                        {
                                                                            "Worker Number": 3,
                                                                            "Actual Startup Time": 3136.269,
                                                                            "Actual Total Time": 3136.28,
                                                                            "Actual Rows": 1401,
                                                                            "Actual Loops": 1
                                                                        }
                                                                    ],
                                                                    "Plans": [
                                                                        {
                                                                            "Node Type": "Hash Join",
                                                                            "Parent Relationship": "Outer",
                                                                            "Parallel Aware": true,
                                                                            "Join Type": "Inner",
                                                                            "Startup Cost": 95172.19,
                                                                            "Total Cost": 424369.99,
                                                                            "Plan Rows": 20,
                                                                            "Plan Width": 12,
                                                                            "Actual Startup Time": 462.317,
                                                                            "Actual Total Time": 2145.303,
                                                                            "Actual Rows": 2353,
                                                                            "Actual Loops": 5,
                                                                            "Output": [
                                                                                "ci.movie_id",
                                                                                "ci.person_id",
                                                                                "mk.movie_id"
                                                                            ],
                                                                            "Inner Unique": false,
                                                                            "Hash Cond": "(ci.movie_id = mk.movie_id)",
                                                                            "Workers": [
                                                                                {
                                                                                    "Worker Number": 0,
                                                                                    "Actual Startup Time": 461.317,
                                                                                    "Actual Total Time": 3096.408,
                                                                                    "Actual Rows": 4121,
                                                                                    "Actual Loops": 1
                                                                                },
                                                                                {
                                                                                    "Worker Number": 1,
                                                                                    "Actual Startup Time": 461.548,
                                                                                    "Actual Total Time": 1724.028,
                                                                                    "Actual Rows": 1394,
                                                                                    "Actual Loops": 1
                                                                                },
                                                                                {
                                                                                    "Worker Number": 2,
                                                                                    "Actual Startup Time": 460.4,
                                                                                    "Actual Total Time": 1878.393,
                                                                                    "Actual Rows": 2084,
                                                                                    "Actual Loops": 1
                                                                                },
                                                                                {
                                                                                    "Worker Number": 3,
                                                                                    "Actual Startup Time": 460.991,
                                                                                    "Actual Total Time": 1719.368,
                                                                                    "Actual Rows": 1401,
                                                                                    "Actual Loops": 1
                                                                                }
                                                                            ],
                                                                            "Plans": [
                                                                                {
                                                                                    "Node Type": "Hash Join",
                                                                                    "Parent Relationship": "Outer",
                                                                                    "Parallel Aware": true,
                                                                                    "Join Type": "Inner",
                                                                                    "Startup Cost": 48324.68,
                                                                                    "Total Cost": 377291.33,
                                                                                    "Plan Rows": 61627,
                                                                                    "Plan Width": 8,
                                                                                    "Actual Startup Time": 189.571,
                                                                                    "Actual Total Time": 1862.978,
                                                                                    "Actual Rows": 19621,
                                                                                    "Actual Loops": 5,
                                                                                    "Output": [
                                                                                        "ci.movie_id",
                                                                                        "ci.person_id"
                                                                                    ],
                                                                                    "Inner Unique": true,
                                                                                    "Hash Cond": "(ci.person_role_id = chn.id)",
                                                                                    "Workers": [
                                                                                        {
                                                                                            "Worker Number": 0,
                                                                                            "Actual Startup Time": 189.621,
                                                                                            "Actual Total Time": 2808.776,
                                                                                            "Actual Rows": 34500,
                                                                                            "Actual Loops": 1
                                                                                        },
                                                                                        {
                                                                                            "Worker Number": 1,
                                                                                            "Actual Startup Time": 189.548,
                                                                                            "Actual Total Time": 1446.597,
                                                                                            "Actual Rows": 12175,
                                                                                            "Actual Loops": 1
                                                                                        },
                                                                                        {
                                                                                            "Worker Number": 2,
                                                                                            "Actual Startup Time": 189.458,
                                                                                            "Actual Total Time": 1597.833,
                                                                                            "Actual Rows": 16828,
                                                                                            "Actual Loops": 1
                                                                                        },
                                                                                        {
                                                                                            "Worker Number": 3,
                                                                                            "Actual Startup Time": 189.778,
                                                                                            "Actual Total Time": 1442.255,
                                                                                            "Actual Rows": 12481,
                                                                                            "Actual Loops": 1
                                                                                        }
                                                                                    ],
                                                                                    "Plans": [
                                                                                        {
                                                                                            "Node Type": "Seq Scan",
                                                                                            "Parent Relationship": "Outer",
                                                                                            "Parallel Aware": true,
                                                                                            "Relation Name": "cast_info",
                                                                                            "Schema": "public",
                                                                                            "Alias": "ci",
                                                                                            "Startup Cost": 0.0,
                                                                                            "Total Cost": 313106.51,
                                                                                            "Plan Rows": 6041951,
                                                                                            "Plan Width": 12,
                                                                                            "Actual Startup Time": 0.011,
                                                                                            "Actual Total Time": 875.288,
                                                                                            "Actual Rows": 7248869,
                                                                                            "Actual Loops": 5,
                                                                                            "Output": [
                                                                                                "ci.id",
                                                                                                "ci.person_id",
                                                                                                "ci.movie_id",
                                                                                                "ci.person_role_id",
                                                                                                "ci.note",
                                                                                                "ci.nr_order",
                                                                                                "ci.role_id"
                                                                                            ],
                                                                                            "Workers": [
                                                                                                {
                                                                                                    "Worker Number": 0,
                                                                                                    "Actual Startup Time": 0.009,
                                                                                                    "Actual Total Time": 1285.739,
                                                                                                    "Actual Rows": 12852170,
                                                                                                    "Actual Loops": 1
                                                                                                },
                                                                                                {
                                                                                                    "Worker Number": 1,
                                                                                                    "Actual Startup Time": 0.009,
                                                                                                    "Actual Total Time": 685.923,
                                                                                                    "Actual Rows": 5321290,
                                                                                                    "Actual Loops": 1
                                                                                                },
                                                                                                {
                                                                                                    "Worker Number": 2,
                                                                                                    "Actual Startup Time": 0.014,
                                                                                                    "Actual Total Time": 751.633,
                                                                                                    "Actual Rows": 5668595,
                                                                                                    "Actual Loops": 1
                                                                                                },
                                                                                                {
                                                                                                    "Worker Number": 3,
                                                                                                    "Actual Startup Time": 0.013,
                                                                                                    "Actual Total Time": 683.903,
                                                                                                    "Actual Rows": 5291941,
                                                                                                    "Actual Loops": 1
                                                                                                }
                                                                                            ]
                                                                                        },
                                                                                        {
                                                                                            "Node Type": "Hash",
                                                                                            "Parent Relationship": "Inner",
                                                                                            "Parallel Aware": true,
                                                                                            "Startup Cost": 48224.58,
                                                                                            "Total Cost": 48224.58,
                                                                                            "Plan Rows": 8008,
                                                                                            "Plan Width": 4,
                                                                                            "Actual Startup Time": 188.949,
                                                                                            "Actual Total Time": 188.95,
                                                                                            "Actual Rows": 5982,
                                                                                            "Actual Loops": 5,
                                                                                            "Output": [
                                                                                                "chn.id"
                                                                                            ],
                                                                                            "Hash Buckets": 32768,
                                                                                            "Original Hash Buckets": 32768,
                                                                                            "Hash Batches": 1,
                                                                                            "Original Hash Batches": 1,
                                                                                            "Peak Memory Usage": 1536,
                                                                                            "Workers": [
                                                                                                {
                                                                                                    "Worker Number": 0,
                                                                                                    "Actual Startup Time": 188.991,
                                                                                                    "Actual Total Time": 188.993,
                                                                                                    "Actual Rows": 6057,
                                                                                                    "Actual Loops": 1
                                                                                                },
                                                                                                {
                                                                                                    "Worker Number": 1,
                                                                                                    "Actual Startup Time": 188.751,
                                                                                                    "Actual Total Time": 188.752,
                                                                                                    "Actual Rows": 6048,
                                                                                                    "Actual Loops": 1
                                                                                                },
                                                                                                {
                                                                                                    "Worker Number": 2,
                                                                                                    "Actual Startup Time": 188.979,
                                                                                                    "Actual Total Time": 188.98,
                                                                                                    "Actual Rows": 5822,
                                                                                                    "Actual Loops": 1
                                                                                                },
                                                                                                {
                                                                                                    "Worker Number": 3,
                                                                                                    "Actual Startup Time": 189.002,
                                                                                                    "Actual Total Time": 189.003,
                                                                                                    "Actual Rows": 6076,
                                                                                                    "Actual Loops": 1
                                                                                                }
                                                                                            ],
                                                                                            "Plans": [
                                                                                                {
                                                                                                    "Node Type": "Seq Scan",
                                                                                                    "Parent Relationship": "Outer",
                                                                                                    "Parallel Aware": true,
                                                                                                    "Relation Name": "char_name",
                                                                                                    "Schema": "public",
                                                                                                    "Alias": "chn",
                                                                                                    "Startup Cost": 0.0,
                                                                                                    "Total Cost": 48224.58,
                                                                                                    "Plan Rows": 8008,
                                                                                                    "Plan Width": 4,
                                                                                                    "Actual Startup Time": 0.062,
                                                                                                    "Actual Total Time": 184.822,
                                                                                                    "Actual Rows": 5982,
                                                                                                    "Actual Loops": 5,
                                                                                                    "Output": [
                                                                                                        "chn.id"
                                                                                                    ],
                                                                                                    "Filter": "((chn.name IS NOT NULL) AND ((chn.name ~~ '%Mr.%'::text) OR (chn.name ~~ '%Benson%'::text)))",
                                                                                                    "Rows Removed by Filter": 622086,
                                                                                                    "Workers": [
                                                                                                        {
                                                                                                            "Worker Number": 0,
                                                                                                            "Actual Startup Time": 0.053,
                                                                                                            "Actual Total Time": 184.816,
                                                                                                            "Actual Rows": 6057,
                                                                                                            "Actual Loops": 1
                                                                                                        },
                                                                                                        {
                                                                                                            "Worker Number": 1,
                                                                                                            "Actual Startup Time": 0.046,
                                                                                                            "Actual Total Time": 184.945,
                                                                                                            "Actual Rows": 6048,
                                                                                                            "Actual Loops": 1
                                                                                                        },
                                                                                                        {
                                                                                                            "Worker Number": 2,
                                                                                                            "Actual Startup Time": 0.123,
                                                                                                            "Actual Total Time": 184.854,
                                                                                                            "Actual Rows": 5822,
                                                                                                            "Actual Loops": 1
                                                                                                        },
                                                                                                        {
                                                                                                            "Worker Number": 3,
                                                                                                            "Actual Startup Time": 0.047,
                                                                                                            "Actual Total Time": 184.759,
                                                                                                            "Actual Rows": 6076,
                                                                                                            "Actual Loops": 1
                                                                                                        }
                                                                                                    ]
                                                                                                }
                                                                                            ]
                                                                                        }
                                                                                    ]
                                                                                },
                                                                                {
                                                                                    "Node Type": "Hash",
                                                                                    "Parent Relationship": "Inner",
                                                                                    "Parallel Aware": true,
                                                                                    "Startup Cost": 46846.14,
                                                                                    "Total Cost": 46846.14,
                                                                                    "Plan Rows": 109,
                                                                                    "Plan Width": 4,
                                                                                    "Actual Startup Time": 272.239,
                                                                                    "Actual Total Time": 272.243,
                                                                                    "Actual Rows": 13211,
                                                                                    "Actual Loops": 5,
                                                                                    "Output": [
                                                                                        "mk.movie_id"
                                                                                    ],
                                                                                    "Hash Buckets": 65536,
                                                                                    "Original Hash Buckets": 1024,
                                                                                    "Hash Batches": 1,
                                                                                    "Original Hash Batches": 1,
                                                                                    "Peak Memory Usage": 3704,
                                                                                    "Workers": [
                                                                                        {
                                                                                            "Worker Number": 0,
                                                                                            "Actual Startup Time": 271.057,
                                                                                            "Actual Total Time": 271.061,
                                                                                            "Actual Rows": 14109,
                                                                                            "Actual Loops": 1
                                                                                        },
                                                                                        {
                                                                                            "Worker Number": 1,
                                                                                            "Actual Startup Time": 271.164,
                                                                                            "Actual Total Time": 271.167,
                                                                                            "Actual Rows": 12480,
                                                                                            "Actual Loops": 1
                                                                                        },
                                                                                        {
                                                                                            "Worker Number": 2,
                                                                                            "Actual Startup Time": 270.842,
                                                                                            "Actual Total Time": 270.846,
                                                                                            "Actual Rows": 12380,
                                                                                            "Actual Loops": 1
                                                                                        },
                                                                                        {
                                                                                            "Worker Number": 3,
                                                                                            "Actual Startup Time": 270.868,
                                                                                            "Actual Total Time": 270.872,
                                                                                            "Actual Rows": 13251,
                                                                                            "Actual Loops": 1
                                                                                        }
                                                                                    ],
                                                                                    "Plans": [
                                                                                        {
                                                                                            "Node Type": "Hash Join",
                                                                                            "Parent Relationship": "Outer",
                                                                                            "Parallel Aware": false,
                                                                                            "Join Type": "Inner",
                                                                                            "Startup Cost": 3967.95,
                                                                                            "Total Cost": 46846.14,
                                                                                            "Plan Rows": 109,
                                                                                            "Plan Width": 4,
                                                                                            "Actual Startup Time": 40.911,
                                                                                            "Actual Total Time": 239.567,
                                                                                            "Actual Rows": 13211,
                                                                                            "Actual Loops": 5,
                                                                                            "Output": [
                                                                                                "mk.movie_id"
                                                                                            ],
                                                                                            "Inner Unique": true,
                                                                                            "Hash Cond": "(mk.keyword_id = k.id)",
                                                                                            "Workers": [
                                                                                                {
                                                                                                    "Worker Number": 0,
                                                                                                    "Actual Startup Time": 40.931,
                                                                                                    "Actual Total Time": 249.65,
                                                                                                    "Actual Rows": 14109,
                                                                                                    "Actual Loops": 1
                                                                                                },
                                                                                                {
                                                                                                    "Worker Number": 1,
                                                                                                    "Actual Startup Time": 41.028,
                                                                                                    "Actual Total Time": 225.856,
                                                                                                    "Actual Rows": 12480,
                                                                                                    "Actual Loops": 1
                                                                                                },
                                                                                                {
                                                                                                    "Worker Number": 2,
                                                                                                    "Actual Startup Time": 40.724,
                                                                                                    "Actual Total Time": 225.087,
                                                                                                    "Actual Rows": 12380,
                                                                                                    "Actual Loops": 1
                                                                                                },
                                                                                                {
                                                                                                    "Worker Number": 3,
                                                                                                    "Actual Startup Time": 40.655,
                                                                                                    "Actual Total Time": 239.772,
                                                                                                    "Actual Rows": 13251,
                                                                                                    "Actual Loops": 1
                                                                                                }
                                                                                            ],
                                                                                            "Plans": [
                                                                                                {
                                                                                                    "Node Type": "Seq Scan",
                                                                                                    "Parent Relationship": "Outer",
                                                                                                    "Parallel Aware": true,
                                                                                                    "Relation Name": "movie_keyword",
                                                                                                    "Schema": "public",
                                                                                                    "Alias": "mk",
                                                                                                    "Startup Cost": 0.0,
                                                                                                    "Total Cost": 39047.32,
                                                                                                    "Plan Rows": 1459332,
                                                                                                    "Plan Width": 8,
                                                                                                    "Actual Startup Time": 0.033,
                                                                                                    "Actual Total Time": 106.653,
                                                                                                    "Actual Rows": 904786,
                                                                                                    "Actual Loops": 5,
                                                                                                    "Output": [
                                                                                                        "mk.id",
                                                                                                        "mk.movie_id",
                                                                                                        "mk.keyword_id"
                                                                                                    ],
                                                                                                    "Workers": [
                                                                                                        {
                                                                                                            "Worker Number": 0,
                                                                                                            "Actual Startup Time": 0.035,
                                                                                                            "Actual Total Time": 111.468,
                                                                                                            "Actual Rows": 968475,
                                                                                                            "Actual Loops": 1
                                                                                                        },
                                                                                                        {
                                                                                                            "Worker Number": 1,
                                                                                                            "Actual Startup Time": 0.053,
                                                                                                            "Actual Total Time": 99.24,
                                                                                                            "Actual Rows": 831700,
                                                                                                            "Actual Loops": 1
                                                                                                        },
                                                                                                        {
                                                                                                            "Worker Number": 2,
                                                                                                            "Actual Startup Time": 0.036,
                                                                                                            "Actual Total Time": 99.042,
                                                                                                            "Actual Rows": 819180,
                                                                                                            "Actual Loops": 1
                                                                                                        },
                                                                                                        {
                                                                                                            "Worker Number": 3,
                                                                                                            "Actual Startup Time": 0.031,
                                                                                                            "Actual Total Time": 106.574,
                                                                                                            "Actual Rows": 922780,
                                                                                                            "Actual Loops": 1
                                                                                                        }
                                                                                                    ]
                                                                                                },
                                                                                                {
                                                                                                    "Node Type": "Hash",
                                                                                                    "Parent Relationship": "Inner",
                                                                                                    "Parallel Aware": false,
                                                                                                    "Startup Cost": 3967.82,
                                                                                                    "Total Cost": 3967.82,
                                                                                                    "Plan Rows": 10,
                                                                                                    "Plan Width": 4,
                                                                                                    "Actual Startup Time": 40.794,
                                                                                                    "Actual Total Time": 40.795,
                                                                                                    "Actual Rows": 9,
                                                                                                    "Actual Loops": 5,
                                                                                                    "Output": [
                                                                                                        "k.id"
                                                                                                    ],
                                                                                                    "Hash Buckets": 1024,
                                                                                                    "Original Hash Buckets": 1024,
                                                                                                    "Hash Batches": 1,
                                                                                                    "Original Hash Batches": 1,
                                                                                                    "Peak Memory Usage": 9,
                                                                                                    "Workers": [
                                                                                                        {
                                                                                                            "Worker Number": 0,
                                                                                                            "Actual Startup Time": 40.789,
                                                                                                            "Actual Total Time": 40.791,
                                                                                                            "Actual Rows": 9,
                                                                                                            "Actual Loops": 1
                                                                                                        },
                                                                                                        {
                                                                                                            "Worker Number": 1,
                                                                                                            "Actual Startup Time": 40.869,
                                                                                                            "Actual Total Time": 40.869,
                                                                                                            "Actual Rows": 9,
                                                                                                            "Actual Loops": 1
                                                                                                        },
                                                                                                        {
                                                                                                            "Worker Number": 2,
                                                                                                            "Actual Startup Time": 40.573,
                                                                                                            "Actual Total Time": 40.574,
                                                                                                            "Actual Rows": 9,
                                                                                                            "Actual Loops": 1
                                                                                                        },
                                                                                                        {
                                                                                                            "Worker Number": 3,
                                                                                                            "Actual Startup Time": 40.59,
                                                                                                            "Actual Total Time": 40.591,
                                                                                                            "Actual Rows": 9,
                                                                                                            "Actual Loops": 1
                                                                                                        }
                                                                                                    ],
                                                                                                    "Plans": [
                                                                                                        {
                                                                                                            "Node Type": "Seq Scan",
                                                                                                            "Parent Relationship": "Outer",
                                                                                                            "Parallel Aware": false,
                                                                                                            "Relation Name": "keyword",
                                                                                                            "Schema": "public",
                                                                                                            "Alias": "k",
                                                                                                            "Startup Cost": 0.0,
                                                                                                            "Total Cost": 3967.82,
                                                                                                            "Plan Rows": 10,
                                                                                                            "Plan Width": 4,
                                                                                                            "Actual Startup Time": 0.8,
                                                                                                            "Actual Total Time": 40.778,
                                                                                                            "Actual Rows": 9,
                                                                                                            "Actual Loops": 5,
                                                                                                            "Output": [
                                                                                                                "k.id"
                                                                                                            ],
                                                                                                            "Filter": "(k.keyword = ANY ('{murder,superhero,violence,death,claw,blood,superhero,fight,sequel,spoof-title}'::text[]))",
                                                                                                            "Rows Removed by Filter": 134161,
                                                                                                            "Workers": [
                                                                                                                {
                                                                                                                    "Worker Number": 0,
                                                                                                                    "Actual Startup Time": 0.803,
                                                                                                                    "Actual Total Time": 40.773,
                                                                                                                    "Actual Rows": 9,
                                                                                                                    "Actual Loops": 1
                                                                                                                },
                                                                                                                {
                                                                                                                    "Worker Number": 1,
                                                                                                                    "Actual Startup Time": 0.834,
                                                                                                                    "Actual Total Time": 40.852,
                                                                                                                    "Actual Rows": 9,
                                                                                                                    "Actual Loops": 1
                                                                                                                },
                                                                                                                {
                                                                                                                    "Worker Number": 2,
                                                                                                                    "Actual Startup Time": 0.778,
                                                                                                                    "Actual Total Time": 40.557,
                                                                                                                    "Actual Rows": 9,
                                                                                                                    "Actual Loops": 1
                                                                                                                },
                                                                                                                {
                                                                                                                    "Worker Number": 3,
                                                                                                                    "Actual Startup Time": 0.772,
                                                                                                                    "Actual Total Time": 40.574,
                                                                                                                    "Actual Rows": 9,
                                                                                                                    "Actual Loops": 1
                                                                                                                }
                                                                                                            ]
                                                                                                        }
                                                                                                    ]
                                                                                                }
                                                                                            ]
                                                                                        }
                                                                                    ]
                                                                                }
                                                                            ]
                                                                        }
                                                                    ]
                                                                }
                                                            ]
                                                        },
                                                        {
                                                            "Node Type": "Hash",
                                                            "Parent Relationship": "Inner",
                                                            "Parallel Aware": false,
                                                            "Startup Cost": 2996.88,
                                                            "Total Cost": 2996.88,
                                                            "Plan Rows": 8443,
                                                            "Plan Width": 4,
                                                            "Actual Startup Time": 84.767,
                                                            "Actual Total Time": 84.772,
                                                            "Actual Rows": 85941,
                                                            "Actual Loops": 5,
                                                            "Output": [
                                                                "cc.movie_id"
                                                            ],
                                                            "Hash Buckets": 131072,
                                                            "Original Hash Buckets": 16384,
                                                            "Hash Batches": 1,
                                                            "Original Hash Batches": 1,
                                                            "Peak Memory Usage": 4046,
                                                            "Workers": [
                                                                {
                                                                    "Worker Number": 0,
                                                                    "Actual Startup Time": 83.923,
                                                                    "Actual Total Time": 83.928,
                                                                    "Actual Rows": 85941,
                                                                    "Actual Loops": 1
                                                                },
                                                                {
                                                                    "Worker Number": 1,
                                                                    "Actual Startup Time": 84.012,
                                                                    "Actual Total Time": 84.017,
                                                                    "Actual Rows": 85941,
                                                                    "Actual Loops": 1
                                                                },
                                                                {
                                                                    "Worker Number": 2,
                                                                    "Actual Startup Time": 84.268,
                                                                    "Actual Total Time": 84.273,
                                                                    "Actual Rows": 85941,
                                                                    "Actual Loops": 1
                                                                },
                                                                {
                                                                    "Worker Number": 3,
                                                                    "Actual Startup Time": 84.44,
                                                                    "Actual Total Time": 84.445,
                                                                    "Actual Rows": 85941,
                                                                    "Actual Loops": 1
                                                                }
                                                            ],
                                                            "Plans": [
                                                                {
                                                                    "Node Type": "Hash Join",
                                                                    "Parent Relationship": "Outer",
                                                                    "Parallel Aware": false,
                                                                    "Join Type": "Inner",
                                                                    "Startup Cost": 2.12,
                                                                    "Total Cost": 2996.88,
                                                                    "Plan Rows": 8443,
                                                                    "Plan Width": 4,
                                                                    "Actual Startup Time": 0.329,
                                                                    "Actual Total Time": 63.768,
                                                                    "Actual Rows": 85941,
                                                                    "Actual Loops": 5,
                                                                    "Output": [
                                                                        "cc.movie_id"
                                                                    ],
                                                                    "Inner Unique": true,
                                                                    "Hash Cond": "(cc.status_id = cct2.id)",
                                                                    "Workers": [
                                                                        {
                                                                            "Worker Number": 0,
                                                                            "Actual Startup Time": 0.343,
                                                                            "Actual Total Time": 63.127,
                                                                            "Actual Rows": 85941,
                                                                            "Actual Loops": 1
                                                                        },
                                                                        {
                                                                            "Worker Number": 1,
                                                                            "Actual Startup Time": 0.364,
                                                                            "Actual Total Time": 63.283,
                                                                            "Actual Rows": 85941,
                                                                            "Actual Loops": 1
                                                                        },
                                                                        {
                                                                            "Worker Number": 2,
                                                                            "Actual Startup Time": 0.337,
                                                                            "Actual Total Time": 62.915,
                                                                            "Actual Rows": 85941,
                                                                            "Actual Loops": 1
                                                                        },
                                                                        {
                                                                            "Worker Number": 3,
                                                                            "Actual Startup Time": 0.359,
                                                                            "Actual Total Time": 63.254,
                                                                            "Actual Rows": 85941,
                                                                            "Actual Loops": 1
                                                                        }
                                                                    ],
                                                                    "Plans": [
                                                                        {
                                                                            "Node Type": "Hash Join",
                                                                            "Parent Relationship": "Outer",
                                                                            "Parallel Aware": false,
                                                                            "Join Type": "Inner",
                                                                            "Startup Cost": 1.06,
                                                                            "Total Cost": 2813.24,
                                                                            "Plan Rows": 33772,
                                                                            "Plan Width": 8,
                                                                            "Actual Startup Time": 0.174,
                                                                            "Actual Total Time": 46.041,
                                                                            "Actual Rows": 85941,
                                                                            "Actual Loops": 5,
                                                                            "Output": [
                                                                                "cc.movie_id",
                                                                                "cc.status_id"
                                                                            ],
                                                                            "Inner Unique": true,
                                                                            "Hash Cond": "(cc.subject_id = cct1.id)",
                                                                            "Workers": [
                                                                                {
                                                                                    "Worker Number": 0,
                                                                                    "Actual Startup Time": 0.178,
                                                                                    "Actual Total Time": 45.768,
                                                                                    "Actual Rows": 85941,
                                                                                    "Actual Loops": 1
                                                                                },
                                                                                {
                                                                                    "Worker Number": 1,
                                                                                    "Actual Startup Time": 0.196,
                                                                                    "Actual Total Time": 45.81,
                                                                                    "Actual Rows": 85941,
                                                                                    "Actual Loops": 1
                                                                                },
                                                                                {
                                                                                    "Worker Number": 2,
                                                                                    "Actual Startup Time": 0.176,
                                                                                    "Actual Total Time": 45.06,
                                                                                    "Actual Rows": 85941,
                                                                                    "Actual Loops": 1
                                                                                },
                                                                                {
                                                                                    "Worker Number": 3,
                                                                                    "Actual Startup Time": 0.183,
                                                                                    "Actual Total Time": 45.796,
                                                                                    "Actual Rows": 85941,
                                                                                    "Actual Loops": 1
                                                                                }
                                                                            ],
                                                                            "Plans": [
                                                                                {
                                                                                    "Node Type": "Seq Scan",
                                                                                    "Parent Relationship": "Outer",
                                                                                    "Parallel Aware": false,
                                                                                    "Relation Name": "complete_cast",
                                                                                    "Schema": "public",
                                                                                    "Alias": "cc",
                                                                                    "Startup Cost": 0.0,
                                                                                    "Total Cost": 2081.86,
                                                                                    "Plan Rows": 135086,
                                                                                    "Plan Width": 12,
                                                                                    "Actual Startup Time": 0.07,
                                                                                    "Actual Total Time": 18.479,
                                                                                    "Actual Rows": 135086,
                                                                                    "Actual Loops": 5,
                                                                                    "Output": [
                                                                                        "cc.id",
                                                                                        "cc.movie_id",
                                                                                        "cc.subject_id",
                                                                                        "cc.status_id"
                                                                                    ],
                                                                                    "Workers": [
                                                                                        {
                                                                                            "Worker Number": 0,
                                                                                            "Actual Startup Time": 0.073,
                                                                                            "Actual Total Time": 18.513,
                                                                                            "Actual Rows": 135086,
                                                                                            "Actual Loops": 1
                                                                                        },
                                                                                        {
                                                                                            "Worker Number": 1,
                                                                                            "Actual Startup Time": 0.074,
                                                                                            "Actual Total Time": 18.455,
                                                                                            "Actual Rows": 135086,
                                                                                            "Actual Loops": 1
                                                                                        },
                                                                                        {
                                                                                            "Worker Number": 2,
                                                                                            "Actual Startup Time": 0.073,
                                                                                            "Actual Total Time": 17.759,
                                                                                            "Actual Rows": 135086,
                                                                                            "Actual Loops": 1
                                                                                        },
                                                                                        {
                                                                                            "Worker Number": 3,
                                                                                            "Actual Startup Time": 0.079,
                                                                                            "Actual Total Time": 18.437,
                                                                                            "Actual Rows": 135086,
                                                                                            "Actual Loops": 1
                                                                                        }
                                                                                    ]
                                                                                },
                                                                                {
                                                                                    "Node Type": "Hash",
                                                                                    "Parent Relationship": "Inner",
                                                                                    "Parallel Aware": false,
                                                                                    "Startup Cost": 1.05,
                                                                                    "Total Cost": 1.05,
                                                                                    "Plan Rows": 1,
                                                                                    "Plan Width": 4,
                                                                                    "Actual Startup Time": 0.035,
                                                                                    "Actual Total Time": 0.036,
                                                                                    "Actual Rows": 1,
                                                                                    "Actual Loops": 5,
                                                                                    "Output": [
                                                                                        "cct1.id"
                                                                                    ],
                                                                                    "Hash Buckets": 1024,
                                                                                    "Original Hash Buckets": 1024,
                                                                                    "Hash Batches": 1,
                                                                                    "Original Hash Batches": 1,
                                                                                    "Peak Memory Usage": 9,
                                                                                    "Workers": [
                                                                                        {
                                                                                            "Worker Number": 0,
                                                                                            "Actual Startup Time": 0.031,
                                                                                            "Actual Total Time": 0.032,
                                                                                            "Actual Rows": 1,
                                                                                            "Actual Loops": 1
                                                                                        },
                                                                                        {
                                                                                            "Worker Number": 1,
                                                                                            "Actual Startup Time": 0.048,
                                                                                            "Actual Total Time": 0.048,
                                                                                            "Actual Rows": 1,
                                                                                            "Actual Loops": 1
                                                                                        },
                                                                                        {
                                                                                            "Worker Number": 2,
                                                                                            "Actual Startup Time": 0.031,
                                                                                            "Actual Total Time": 0.032,
                                                                                            "Actual Rows": 1,
                                                                                            "Actual Loops": 1
                                                                                        },
                                                                                        {
                                                                                            "Worker Number": 3,
                                                                                            "Actual Startup Time": 0.031,
                                                                                            "Actual Total Time": 0.032,
                                                                                            "Actual Rows": 1,
                                                                                            "Actual Loops": 1
                                                                                        }
                                                                                    ],
                                                                                    "Plans": [
                                                                                        {
                                                                                            "Node Type": "Seq Scan",
                                                                                            "Parent Relationship": "Outer",
                                                                                            "Parallel Aware": false,
                                                                                            "Relation Name": "comp_cast_type",
                                                                                            "Schema": "public",
                                                                                            "Alias": "cct1",
                                                                                            "Startup Cost": 0.0,
                                                                                            "Total Cost": 1.05,
                                                                                            "Plan Rows": 1,
                                                                                            "Plan Width": 4,
                                                                                            "Actual Startup Time": 0.013,
                                                                                            "Actual Total Time": 0.017,
                                                                                            "Actual Rows": 1,
                                                                                            "Actual Loops": 5,
                                                                                            "Output": [
                                                                                                "cct1.id"
                                                                                            ],
                                                                                            "Filter": "((cct1.kind)::text = 'cast'::text)",
                                                                                            "Rows Removed by Filter": 3,
                                                                                            "Workers": [
                                                                                                {
                                                                                                    "Worker Number": 0,
                                                                                                    "Actual Startup Time": 0.013,
                                                                                                    "Actual Total Time": 0.017,
                                                                                                    "Actual Rows": 1,
                                                                                                    "Actual Loops": 1
                                                                                                },
                                                                                                {
                                                                                                    "Worker Number": 1,
                                                                                                    "Actual Startup Time": 0.014,
                                                                                                    "Actual Total Time": 0.018,
                                                                                                    "Actual Rows": 1,
                                                                                                    "Actual Loops": 1
                                                                                                },
                                                                                                {
                                                                                                    "Worker Number": 2,
                                                                                                    "Actual Startup Time": 0.012,
                                                                                                    "Actual Total Time": 0.016,
                                                                                                    "Actual Rows": 1,
                                                                                                    "Actual Loops": 1
                                                                                                },
                                                                                                {
                                                                                                    "Worker Number": 3,
                                                                                                    "Actual Startup Time": 0.013,
                                                                                                    "Actual Total Time": 0.017,
                                                                                                    "Actual Rows": 1,
                                                                                                    "Actual Loops": 1
                                                                                                }
                                                                                            ]
                                                                                        }
                                                                                    ]
                                                                                }
                                                                            ]
                                                                        },
                                                                        {
                                                                            "Node Type": "Hash",
                                                                            "Parent Relationship": "Inner",
                                                                            "Parallel Aware": false,
                                                                            "Startup Cost": 1.05,
                                                                            "Total Cost": 1.05,
                                                                            "Plan Rows": 1,
                                                                            "Plan Width": 4,
                                                                            "Actual Startup Time": 0.104,
                                                                            "Actual Total Time": 0.105,
                                                                            "Actual Rows": 2,
                                                                            "Actual Loops": 5,
                                                                            "Output": [
                                                                                "cct2.id"
                                                                            ],
                                                                            "Hash Buckets": 1024,
                                                                            "Original Hash Buckets": 1024,
                                                                            "Hash Batches": 1,
                                                                            "Original Hash Batches": 1,
                                                                            "Peak Memory Usage": 9,
                                                                            "Workers": [
                                                                                {
                                                                                    "Worker Number": 0,
                                                                                    "Actual Startup Time": 0.114,
                                                                                    "Actual Total Time": 0.115,
                                                                                    "Actual Rows": 2,
                                                                                    "Actual Loops": 1
                                                                                },
                                                                                {
                                                                                    "Worker Number": 1,
                                                                                    "Actual Startup Time": 0.118,
                                                                                    "Actual Total Time": 0.119,
                                                                                    "Actual Rows": 2,
                                                                                    "Actual Loops": 1
                                                                                },
                                                                                {
                                                                                    "Worker Number": 2,
                                                                                    "Actual Startup Time": 0.113,
                                                                                    "Actual Total Time": 0.114,
                                                                                    "Actual Rows": 2,
                                                                                    "Actual Loops": 1
                                                                                },
                                                                                {
                                                                                    "Worker Number": 3,
                                                                                    "Actual Startup Time": 0.123,
                                                                                    "Actual Total Time": 0.124,
                                                                                    "Actual Rows": 2,
                                                                                    "Actual Loops": 1
                                                                                }
                                                                            ],
                                                                            "Plans": [
                                                                                {
                                                                                    "Node Type": "Seq Scan",
                                                                                    "Parent Relationship": "Outer",
                                                                                    "Parallel Aware": false,
                                                                                    "Relation Name": "comp_cast_type",
                                                                                    "Schema": "public",
                                                                                    "Alias": "cct2",
                                                                                    "Startup Cost": 0.0,
                                                                                    "Total Cost": 1.05,
                                                                                    "Plan Rows": 1,
                                                                                    "Plan Width": 4,
                                                                                    "Actual Startup Time": 0.076,
                                                                                    "Actual Total Time": 0.081,
                                                                                    "Actual Rows": 2,
                                                                                    "Actual Loops": 5,
                                                                                    "Output": [
                                                                                        "cct2.id"
                                                                                    ],
                                                                                    "Filter": "((cct2.kind)::text ~~ '%complete%'::text)",
                                                                                    "Rows Removed by Filter": 2,
                                                                                    "Workers": [
                                                                                        {
                                                                                            "Worker Number": 0,
                                                                                            "Actual Startup Time": 0.085,
                                                                                            "Actual Total Time": 0.089,
                                                                                            "Actual Rows": 2,
                                                                                            "Actual Loops": 1
                                                                                        },
                                                                                        {
                                                                                            "Worker Number": 1,
                                                                                            "Actual Startup Time": 0.09,
                                                                                            "Actual Total Time": 0.094,
                                                                                            "Actual Rows": 2,
                                                                                            "Actual Loops": 1
                                                                                        },
                                                                                        {
                                                                                            "Worker Number": 2,
                                                                                            "Actual Startup Time": 0.085,
                                                                                            "Actual Total Time": 0.089,
                                                                                            "Actual Rows": 2,
                                                                                            "Actual Loops": 1
                                                                                        },
                                                                                        {
                                                                                            "Worker Number": 3,
                                                                                            "Actual Startup Time": 0.094,
                                                                                            "Actual Total Time": 0.098,
                                                                                            "Actual Rows": 2,
                                                                                            "Actual Loops": 1
                                                                                        }
                                                                                    ]
                                                                                }
                                                                            ]
                                                                        }
                                                                    ]
                                                                }
                                                            ]
                                                        }
                                                    ]
                                                }
                                            ]
                                        }
                                    ]
                                }
                            ]
                        },
                        {
                            "Node Type": "Hash",
                            "Parent Relationship": "Inner",
                            "Parallel Aware": false,
                            "Startup Cost": 1.09,
                            "Total Cost": 1.09,
                            "Plan Rows": 1,
                            "Plan Width": 4,
                            "Actual Startup Time": 0.051,
                            "Actual Total Time": 0.054,
                            "Actual Rows": 1,
                            "Actual Loops": 1,
                            "Output": [
                                "kt.id"
                            ],
                            "Hash Buckets": 1024,
                            "Original Hash Buckets": 1024,
                            "Hash Batches": 1,
                            "Original Hash Batches": 1,
                            "Peak Memory Usage": 9,
                            "Plans": [
                                {
                                    "Node Type": "Seq Scan",
                                    "Parent Relationship": "Outer",
                                    "Parallel Aware": false,
                                    "Relation Name": "kind_type",
                                    "Schema": "public",
                                    "Alias": "kt",
                                    "Startup Cost": 0.0,
                                    "Total Cost": 1.09,
                                    "Plan Rows": 1,
                                    "Plan Width": 4,
                                    "Actual Startup Time": 0.029,
                                    "Actual Total Time": 0.035,
                                    "Actual Rows": 1,
                                    "Actual Loops": 1,
                                    "Output": [
                                        "kt.id"
                                    ],
                                    "Filter": "((kt.kind)::text = 'movie'::text)",
                                    "Rows Removed by Filter": 6
                                }
                            ]
                        }
                    ]
                }
            ]
        },
        "Planning Time": 2677.074,
        "Triggers": [],
        "Execution Time": 3737.496
    }
]