[
    {
        "Bao": {
            "Bao prediction": "NaN",
            "Bao recommended hint": "(no hint)"
        }
    },
    {
        "Plan": {
            "Node Type": "Aggregate",
            "Strategy": "Plain",
            "Partial Mode": "Finalize",
            "Parallel Aware": false,
            "Startup Cost": 325881.5,
            "Total Cost": 325881.51,
            "Plan Rows": 1,
            "Plan Width": 8,
            "Actual Startup Time": 270.584,
            "Actual Total Time": 282.358,
            "Actual Rows": 1,
            "Actual Loops": 1,
            "Output": [
                "count(*)"
            ],
            "Plans": [
                {
                    "Node Type": "Gather",
                    "Parent Relationship": "Outer",
                    "Parallel Aware": false,
                    "Startup Cost": 325880.98,
                    "Total Cost": 325881.49,
                    "Plan Rows": 5,
                    "Plan Width": 8,
                    "Actual Startup Time": 263.417,
                    "Actual Total Time": 282.348,
                    "Actual Rows": 6,
                    "Actual Loops": 1,
                    "Output": [
                        "(PARTIAL count(*))"
                    ],
                    "Workers Planned": 5,
                    "Workers Launched": 5,
                    "Single Copy": false,
                    "Plans": [
                        {
                            "Node Type": "Aggregate",
                            "Strategy": "Plain",
                            "Partial Mode": "Partial",
                            "Parent Relationship": "Outer",
                            "Parallel Aware": false,
                            "Startup Cost": 324880.98,
                            "Total Cost": 324880.99,
                            "Plan Rows": 1,
                            "Plan Width": 8,
                            "Actual Startup Time": 253.242,
                            "Actual Total Time": 253.245,
                            "Actual Rows": 1,
                            "Actual Loops": 6,
                            "Output": [
                                "PARTIAL count(*)"
                            ],
                            "Workers": [
                                {
                                    "Worker Number": 0,
                                    "Actual Startup Time": 250.834,
                                    "Actual Total Time": 250.836,
                                    "Actual Rows": 1,
                                    "Actual Loops": 1
                                },
                                {
                                    "Worker Number": 1,
                                    "Actual Startup Time": 250.961,
                                    "Actual Total Time": 250.964,
                                    "Actual Rows": 1,
                                    "Actual Loops": 1
                                },
                                {
                                    "Worker Number": 2,
                                    "Actual Startup Time": 251.228,
                                    "Actual Total Time": 251.232,
                                    "Actual Rows": 1,
                                    "Actual Loops": 1
                                },
                                {
                                    "Worker Number": 3,
                                    "Actual Startup Time": 252.069,
                                    "Actual Total Time": 252.071,
                                    "Actual Rows": 1,
                                    "Actual Loops": 1
                                },
                                {
                                    "Worker Number": 4,
                                    "Actual Startup Time": 251.363,
                                    "Actual Total Time": 251.366,
                                    "Actual Rows": 1,
                                    "Actual Loops": 1
                                }
                            ],
                            "Plans": [
                                {
                                    "Node Type": "Hash Join",
                                    "Parent Relationship": "Outer",
                                    "Parallel Aware": true,
                                    "Join Type": "Inner",
                                    "Startup Cost": 58155.66,
                                    "Total Cost": 324774.0,
                                    "Plan Rows": 42792,
                                    "Plan Width": 0,
                                    "Actual Startup Time": 210.662,
                                    "Actual Total Time": 251.274,
                                    "Actual Rows": 33777,
                                    "Actual Loops": 6,
                                    "Inner Unique": true,
                                    "Hash Cond": "(ci.movie_id = t.id)",
                                    "Workers": [
                                        {
                                            "Worker Number": 0,
                                            "Actual Startup Time": 208.404,
                                            "Actual Total Time": 248.871,
                                            "Actual Rows": 36560,
                                            "Actual Loops": 1
                                        },
                                        {
                                            "Worker Number": 1,
                                            "Actual Startup Time": 208.345,
                                            "Actual Total Time": 249.241,
                                            "Actual Rows": 38475,
                                            "Actual Loops": 1
                                        },
                                        {
                                            "Worker Number": 2,
                                            "Actual Startup Time": 208.829,
                                            "Actual Total Time": 249.038,
                                            "Actual Rows": 28880,
                                            "Actual Loops": 1
                                        },
                                        {
                                            "Worker Number": 3,
                                            "Actual Startup Time": 208.884,
                                            "Actual Total Time": 250.069,
                                            "Actual Rows": 32348,
                                            "Actual Loops": 1
                                        },
                                        {
                                            "Worker Number": 4,
                                            "Actual Startup Time": 209.118,
                                            "Actual Total Time": 249.43,
                                            "Actual Rows": 36155,
                                            "Actual Loops": 1
                                        }
                                    ],
                                    "Plans": [
                                        {
                                            "Node Type": "Bitmap Heap Scan",
                                            "Parent Relationship": "Outer",
                                            "Parallel Aware": true,
                                            "Relation Name": "cast_info",
                                            "Schema": "public",
                                            "Alias": "ci",
                                            "Startup Cost": 8025.45,
                                            "Total Cost": 274452.97,
                                            "Plan Rows": 72694,
                                            "Plan Width": 4,
                                            "Actual Startup Time": 19.956,
                                            "Actual Total Time": 30.657,
                                            "Actual Rows": 61816,
                                            "Actual Loops": 6,
                                            "Output": [
                                                "ci.id",
                                                "ci.person_id",
                                                "ci.movie_id",
                                                "ci.person_role_id",
                                                "ci.note",
                                                "ci.nr_order",
                                                "ci.role_id"
                                            ],
                                            "Recheck Cond": "(ci.person_id < 42506)",
                                            "Rows Removed by Index Recheck": 0,
                                            "Exact Heap Blocks": 635,
                                            "Lossy Heap Blocks": 0,
                                            "Workers": [
                                                {
                                                    "Worker Number": 0,
                                                    "Actual Startup Time": 19.891,
                                                    "Actual Total Time": 30.476,
                                                    "Actual Rows": 66526,
                                                    "Actual Loops": 1
                                                },
                                                {
                                                    "Worker Number": 1,
                                                    "Actual Startup Time": 19.861,
                                                    "Actual Total Time": 30.643,
                                                    "Actual Rows": 69673,
                                                    "Actual Loops": 1
                                                },
                                                {
                                                    "Worker Number": 2,
                                                    "Actual Startup Time": 20.069,
                                                    "Actual Total Time": 31.403,
                                                    "Actual Rows": 52672,
                                                    "Actual Loops": 1
                                                },
                                                {
                                                    "Worker Number": 3,
                                                    "Actual Startup Time": 19.988,
                                                    "Actual Total Time": 31.203,
                                                    "Actual Rows": 61142,
                                                    "Actual Loops": 1
                                                },
                                                {
                                                    "Worker Number": 4,
                                                    "Actual Startup Time": 20.09,
                                                    "Actual Total Time": 30.6,
                                                    "Actual Rows": 65076,
                                                    "Actual Loops": 1
                                                }
                                            ],
                                            "Plans": [
                                                {
                                                    "Node Type": "Bitmap Index Scan",
                                                    "Parent Relationship": "Outer",
                                                    "Parallel Aware": false,
                                                    "Index Name": "person_id_cast_info",
                                                    "Startup Cost": 0.0,
                                                    "Total Cost": 7934.58,
                                                    "Plan Rows": 363469,
                                                    "Plan Width": 0,
                                                    "Actual Startup Time": 19.272,
                                                    "Actual Total Time": 19.273,
                                                    "Actual Rows": 370899,
                                                    "Actual Loops": 1,
                                                    "Index Cond": "(ci.person_id < 42506)",
                                                    "Workers": [
                                                        {
                                                            "Worker Number": 1,
                                                            "Actual Startup Time": 19.272,
                                                            "Actual Total Time": 19.273,
                                                            "Actual Rows": 370899,
                                                            "Actual Loops": 1
                                                        }
                                                    ]
                                                }
                                            ]
                                        },
                                        {
                                            "Node Type": "Hash",
                                            "Parent Relationship": "Inner",
                                            "Parallel Aware": true,
                                            "Startup Cost": 45479.21,
                                            "Total Cost": 45479.21,
                                            "Plan Rows": 372080,
                                            "Plan Width": 4,
                                            "Actual Startup Time": 186.927,
                                            "Actual Total Time": 186.928,
                                            "Actual Rows": 246407,
                                            "Actual Loops": 6,
                                            "Output": [
                                                "t.id"
                                            ],
                                            "Hash Buckets": 2097152,
                                            "Original Hash Buckets": 2097152,
                                            "Hash Batches": 1,
                                            "Original Hash Batches": 1,
                                            "Peak Memory Usage": 74336,
                                            "Workers": [
                                                {
                                                    "Worker Number": 0,
                                                    "Actual Startup Time": 187.848,
                                                    "Actual Total Time": 187.849,
                                                    "Actual Rows": 257733,
                                                    "Actual Loops": 1
                                                },
                                                {
                                                    "Worker Number": 1,
                                                    "Actual Startup Time": 187.993,
                                                    "Actual Total Time": 187.993,
                                                    "Actual Rows": 243354,
                                                    "Actual Loops": 1
                                                },
                                                {
                                                    "Worker Number": 2,
                                                    "Actual Startup Time": 188.129,
                                                    "Actual Total Time": 188.13,
                                                    "Actual Rows": 196288,
                                                    "Actual Loops": 1
                                                },
                                                {
                                                    "Worker Number": 3,
                                                    "Actual Startup Time": 188.091,
                                                    "Actual Total Time": 188.091,
                                                    "Actual Rows": 267147,
                                                    "Actual Loops": 1
                                                },
                                                {
                                                    "Worker Number": 4,
                                                    "Actual Startup Time": 188.402,
                                                    "Actual Total Time": 188.403,
                                                    "Actual Rows": 261035,
                                                    "Actual Loops": 1
                                                }
                                            ],
                                            "Plans": [
                                                {
                                                    "Node Type": "Seq Scan",
                                                    "Parent Relationship": "Outer",
                                                    "Parallel Aware": true,
                                                    "Relation Name": "title",
                                                    "Schema": "public",
                                                    "Alias": "t",
                                                    "Startup Cost": 0.0,
                                                    "Total Cost": 45479.21,
                                                    "Plan Rows": 372080,
                                                    "Plan Width": 4,
                                                    "Actual Startup Time": 0.042,
                                                    "Actual Total Time": 83.563,
                                                    "Actual Rows": 246407,
                                                    "Actual Loops": 6,
                                                    "Output": [
                                                        "t.id"
                                                    ],
                                                    "Filter": "((t.production_year > 0) AND (t.kind_id = 7))",
                                                    "Rows Removed by Filter": 174979,
                                                    "Workers": [
                                                        {
                                                            "Worker Number": 0,
                                                            "Actual Startup Time": 0.057,
                                                            "Actual Total Time": 84.925,
                                                            "Actual Rows": 257733,
                                                            "Actual Loops": 1
                                                        },
                                                        {
                                                            "Worker Number": 1,
                                                            "Actual Startup Time": 0.06,
                                                            "Actual Total Time": 82.577,
                                                            "Actual Rows": 243354,
                                                            "Actual Loops": 1
                                                        },
                                                        {
                                                            "Worker Number": 2,
                                                            "Actual Startup Time": 0.04,
                                                            "Actual Total Time": 87.973,
                                                            "Actual Rows": 196288,
                                                            "Actual Loops": 1
                                                        },
                                                        {
                                                            "Worker Number": 3,
                                                            "Actual Startup Time": 0.052,
                                                            "Actual Total Time": 84.294,
                                                            "Actual Rows": 267147,
                                                            "Actual Loops": 1
                                                        },
                                                        {
                                                            "Worker Number": 4,
                                                            "Actual Startup Time": 0.029,
                                                            "Actual Total Time": 84.512,
                                                            "Actual Rows": 261035,
                                                            "Actual Loops": 1
                                                        }
                                                    ]
                                                }
                                            ]
                                        }
                                    ]
                                }
                            ]
                        }
                    ]
                }
            ]
        },
        "Planning Time": 281.813,
        "Triggers": [],
        "Execution Time": 282.43
    }
]