[
  {
    "Plan": {
      "Node Type": "Aggregate",
      "Strategy": "Plain",
      "Partial Mode": "Finalize",
      "Parallel Aware": false,
      "Startup Cost": 32686.6,
      "Total Cost": 32686.61,
      "Plan Rows": 1,
      "Plan Width": 8,
      "Actual Startup Time": 96.731,
      "Actual Total Time": 105.24,
      "Actual Rows": 1,
      "Actual Loops": 1,
      "Plans": [
        {
          "Node Type": "Gather",
          "Parent Relationship": "Outer",
          "Parallel Aware": false,
          "Startup Cost": 32686.29,
          "Total Cost": 32686.6,
          "Plan Rows": 3,
          "Plan Width": 8,
          "Actual Startup Time": 96.607,
          "Actual Total Time": 105.232,
          "Actual Rows": 4,
          "Actual Loops": 1,
          "Workers Planned": 3,
          "Workers Launched": 3,
          "Single Copy": false,
          "Plans": [
            {
              "Node Type": "Aggregate",
              "Strategy": "Plain",
              "Partial Mode": "Partial",
              "Parent Relationship": "Outer",
              "Parallel Aware": false,
              "Startup Cost": 31686.29,
              "Total Cost": 31686.3,
              "Plan Rows": 1,
              "Plan Width": 8,
              "Actual Startup Time": 88.675,
              "Actual Total Time": 88.677,
              "Actual Rows": 1,
              "Actual Loops": 4,
              "Plans": [
                {
                  "Node Type": "Seq Scan",
                  "Parent Relationship": "Outer",
                  "Parallel Aware": true,
                  "Relation Name": "movie_companies",
                  "Alias": "mc",
                  "Startup Cost": 0.0,
                  "Total Cost": 31414.82,
                  "Plan Rows": 108587,
                  "Plan Width": 0,
                  "Actual Startup Time": 47.559,
                  "Actual Total Time": 81.612,
                  "Actual Rows": 161885,
                  "Actual Loops": 4,
                  "Filter": "((company_id > 49529) AND (company_type_id > 1))",
                  "Rows Removed by Filter": 490397
                }
              ]
            }
          ]
        }
      ]
    },
    "Planning Time": 0.181,
    "Triggers": [],
    "Execution Time": 105.29
  }
]