[
  {
    "Plan": {
      "Node Type": "Aggregate",
      "Strategy": "Plain",
      "Partial Mode": "Finalize",
      "Parallel Aware": false,
      "Startup Cost": 46484.13,
      "Total Cost": 46484.14,
      "Plan Rows": 1,
      "Plan Width": 8,
      "Actual Startup Time": 93.014,
      "Actual Total Time": 106.931,
      "Actual Rows": 1,
      "Actual Loops": 1,
      "Plans": [
        {
          "Node Type": "Gather",
          "Parent Relationship": "Outer",
          "Parallel Aware": false,
          "Startup Cost": 46483.71,
          "Total Cost": 46484.12,
          "Plan Rows": 4,
          "Plan Width": 8,
          "Actual Startup Time": 92.849,
          "Actual Total Time": 106.916,
          "Actual Rows": 5,
          "Actual Loops": 1,
          "Workers Planned": 4,
          "Workers Launched": 4,
          "Single Copy": false,
          "Plans": [
            {
              "Node Type": "Aggregate",
              "Strategy": "Plain",
              "Partial Mode": "Partial",
              "Parent Relationship": "Outer",
              "Parallel Aware": false,
              "Startup Cost": 45483.71,
              "Total Cost": 45483.72,
              "Plan Rows": 1,
              "Plan Width": 8,
              "Actual Startup Time": 84.624,
              "Actual Total Time": 84.626,
              "Actual Rows": 1,
              "Actual Loops": 5,
              "Plans": [
                {
                  "Node Type": "Seq Scan",
                  "Parent Relationship": "Outer",
                  "Parallel Aware": true,
                  "Relation Name": "title",
                  "Alias": "t",
                  "Startup Cost": 0.0,
                  "Total Cost": 45479.59,
                  "Plan Rows": 1650,
                  "Plan Width": 0,
                  "Actual Startup Time": 0.285,
                  "Actual Total Time": 84.438,
                  "Actual Rows": 1347,
                  "Actual Loops": 5,
                  "Filter": "((kind_id > 1) AND (production_year = 1958))",
                  "Rows Removed by Filter": 504315
                }
              ]
            }
          ]
        }
      ]
    },
    "Planning Time": 0.203,
    "Triggers": [],
    "Execution Time": 107.003
  }
]