[
  {
    "Plan": {
      "Node Type": "Aggregate",
      "Strategy": "Plain",
      "Partial Mode": "Finalize",
      "Parallel Aware": false,
      "Startup Cost": 31995.04,
      "Total Cost": 31995.05,
      "Plan Rows": 1,
      "Plan Width": 8,
      "Actual Startup Time": 119.878,
      "Actual Total Time": 128.605,
      "Actual Rows": 1,
      "Actual Loops": 1,
      "Plans": [
        {
          "Node Type": "Gather",
          "Parent Relationship": "Outer",
          "Parallel Aware": false,
          "Startup Cost": 31994.72,
          "Total Cost": 31995.03,
          "Plan Rows": 3,
          "Plan Width": 8,
          "Actual Startup Time": 119.733,
          "Actual Total Time": 128.597,
          "Actual Rows": 4,
          "Actual Loops": 1,
          "Workers Planned": 3,
          "Workers Launched": 3,
          "Single Copy": false,
          "Plans": [
            {
              "Node Type": "Aggregate",
              "Strategy": "Plain",
              "Partial Mode": "Partial",
              "Parent Relationship": "Outer",
              "Parallel Aware": false,
              "Startup Cost": 30994.72,
              "Total Cost": 30994.73,
              "Plan Rows": 1,
              "Plan Width": 8,
              "Actual Startup Time": 113.272,
              "Actual Total Time": 113.273,
              "Actual Rows": 1,
              "Actual Loops": 4,
              "Plans": [
                {
                  "Node Type": "Seq Scan",
                  "Parent Relationship": "Outer",
                  "Parallel Aware": true,
                  "Relation Name": "movie_companies",
                  "Alias": "mc",
                  "Startup Cost": 0.0,
                  "Total Cost": 29310.68,
                  "Plan Rows": 673615,
                  "Plan Width": 0,
                  "Actual Startup Time": 0.039,
                  "Actual Total Time": 86.411,
                  "Actual Rows": 519542,
                  "Actual Loops": 4,
                  "Filter": "(company_id < 72673)",
                  "Rows Removed by Filter": 132741
                }
              ]
            }
          ]
        }
      ]
    },
    "Planning Time": 0.129,
    "Triggers": [],
    "Execution Time": 128.648
  }
]