{
  "Plan": {
    "Node Type": "Aggregate",
    "Strategy": "Plain",
    "Partial Mode": "Finalize",
    "Parallel Aware": false,
    "Startup Cost": 300838.37,
    "Total Cost": 300838.38,
    "Plan Rows": 1,
    "Plan Width": 8,
    "Actual Startup Time": 2088.728,
    "Actual Total Time": 2115.943,
    "Actual Rows": 1,
    "Actual Loops": 1,
    "Plans": [
      {
        "Node Type": "Gather",
        "Parent Relationship": "Outer",
        "Parallel Aware": false,
        "Startup Cost": 300838.25,
        "Total Cost": 300838.36,
        "Plan Rows": 1,
        "Plan Width": 8,
        "Actual Startup Time": 2085.626,
        "Actual Total Time": 2115.935,
        "Actual Rows": 2,
        "Actual Loops": 1,
        "Workers Planned": 1,
        "Workers Launched": 1,
        "Single Copy": false,
        "Plans": [
          {
            "Node Type": "Aggregate",
            "Strategy": "Plain",
            "Partial Mode": "Partial",
            "Parent Relationship": "Outer",
            "Parallel Aware": false,
            "Startup Cost": 299838.25,
            "Total Cost": 299838.26,
            "Plan Rows": 1,
            "Plan Width": 8,
            "Actual Startup Time": 2079.936,
            "Actual Total Time": 2079.939,
            "Actual Rows": 1,
            "Actual Loops": 2,
            "Plans": [
              {
                "Node Type": "Merge Join",
                "Parent Relationship": "Outer",
                "Parallel Aware": false,
                "Join Type": "Inner",
                "Startup Cost": 37506.49,
                "Total Cost": 299712.14,
                "Plan Rows": 50446,
                "Plan Width": 0,
                "Actual Startup Time": 173.866,
                "Actual Total Time": 2074.663,
                "Actual Rows": 101696,
                "Actual Loops": 2,
                "Inner Unique": false,
                "Merge Cond": "(t.id = ci.movie_id)",
                "Plans": [
                  {
                    "Node Type": "Merge Join",
                    "Parent Relationship": "Outer",
                    "Parallel Aware": false,
                    "Join Type": "Inner",
                    "Startup Cost": 3.28,
                    "Total Cost": 259384.69,
                    "Plan Rows": 427603,
                    "Plan Width": 8,
                    "Actual Startup Time": 4.544,
                    "Actual Total Time": 1805.49,
                    "Actual Rows": 310000,
                    "Actual Loops": 2,
                    "Inner Unique": true,
                    "Merge Cond": "(mc.movie_id = t.id)",
                    "Plans": [
                      {
                        "Node Type": "Index Scan",
                        "Parent Relationship": "Outer",
                        "Parallel Aware": true,
                        "Scan Direction": "Forward",
                        "Index Name": "movie_id_movie_companies",
                        "Relation Name": "movie_companies",
                        "Alias": "mc",
                        "Startup Cost": 0.43,
                        "Total Cost": 133152.93,
                        "Plan Rows": 779260,
                        "Plan Width": 4,
                        "Actual Startup Time": 0.137,
                        "Actual Total Time": 327.351,
                        "Actual Rows": 667442,
                        "Actual Loops": 2,
                        "Filter": "(company_type_id = 2)",
                        "Rows Removed by Filter": 637123
                      },
                      {
                        "Node Type": "Index Scan",
                        "Parent Relationship": "Inner",
                        "Parallel Aware": false,
                        "Scan Direction": "Forward",
                        "Index Name": "title_pkey",
                        "Relation Name": "title",
                        "Alias": "t",
                        "Startup Cost": 0.43,
                        "Total Cost": 116660.7,
                        "Plan Rows": 1387348,
                        "Plan Width": 4,
                        "Actual Startup Time": 0.103,
                        "Actual Total Time": 1322.486,
                        "Actual Rows": 1381046,
                        "Actual Loops": 2,
                        "Filter": "(production_year > 2000)",
                        "Rows Removed by Filter": 1144628
                      }
                    ]
                  },
                  {
                    "Node Type": "Sort",
                    "Parent Relationship": "Inner",
                    "Parallel Aware": false,
                    "Startup Cost": 37503.18,
                    "Total Cost": 38248.87,
                    "Plan Rows": 298277,
                    "Plan Width": 4,
                    "Actual Startup Time": 169.187,
                    "Actual Total Time": 214.929,
                    "Actual Rows": 370319,
                    "Actual Loops": 2,
                    "Sort Key": [
                      "ci.movie_id"
                    ],
                    "Sort Method": "quicksort",
                    "Sort Space Used": 27107,
                    "Sort Space Type": "Memory",
                    "Workers": [
                      {
                        "Worker Number": 0,
                        "Sort Method": "quicksort",
                        "Sort Space Used": 27107,
                        "Sort Space Type": "Memory"
                      }
                    ],
                    "Plans": [
                      {
                        "Node Type": "Index Scan",
                        "Parent Relationship": "Outer",
                        "Parallel Aware": false,
                        "Scan Direction": "Forward",
                        "Index Name": "role_id_cast_info",
                        "Relation Name": "cast_info",
                        "Alias": "ci",
                        "Startup Cost": 0.56,
                        "Total Cost": 10380.41,
                        "Plan Rows": 298277,
                        "Plan Width": 4,
                        "Actual Startup Time": 0.179,
                        "Actual Total Time": 73.321,
                        "Actual Rows": 316118,
                        "Actual Loops": 2,
                        "Index Cond": "(role_id > 10)",
                        "Rows Removed by Index Recheck": 0
                      }
                    ]
                  }
                ]
              }
            ]
          }
        ]
      }
    ]
  },
  "Planning Time": 1.058,
  "Triggers": [],
  "Execution Time": 2116.074
}