[
  {
    "Plan": {
      "Node Type": "Aggregate",
      "Strategy": "Plain",
      "Partial Mode": "Finalize",
      "Parallel Aware": false,
      "Startup Cost": 185296.62,
      "Total Cost": 185296.63,
      "Plan Rows": 1,
      "Plan Width": 8,
      "Actual Startup Time": 186.223,
      "Actual Total Time": 220.689,
      "Actual Rows": 1,
      "Actual Loops": 1,
      "Plans": [
        {
          "Node Type": "Gather",
          "Parent Relationship": "Outer",
          "Parallel Aware": false,
          "Startup Cost": 185296.2,
          "Total Cost": 185296.61,
          "Plan Rows": 4,
          "Plan Width": 8,
          "Actual Startup Time": 185.922,
          "Actual Total Time": 220.679,
          "Actual Rows": 5,
          "Actual Loops": 1,
          "Workers Planned": 4,
          "Workers Launched": 4,
          "Single Copy": false,
          "Plans": [
            {
              "Node Type": "Aggregate",
              "Strategy": "Plain",
              "Partial Mode": "Partial",
              "Parent Relationship": "Outer",
              "Parallel Aware": false,
              "Startup Cost": 184296.2,
              "Total Cost": 184296.21,
              "Plan Rows": 1,
              "Plan Width": 8,
              "Actual Startup Time": 177.513,
              "Actual Total Time": 177.514,
              "Actual Rows": 1,
              "Actual Loops": 5,
              "Plans": [
                {
                  "Node Type": "Nested Loop",
                  "Parent Relationship": "Outer",
                  "Parallel Aware": false,
                  "Join Type": "Inner",
                  "Startup Cost": 0.56,
                  "Total Cost": 184250.52,
                  "Plan Rows": 18270,
                  "Plan Width": 0,
                  "Actual Startup Time": 1.474,
                  "Actual Total Time": 175.484,
                  "Actual Rows": 19253,
                  "Actual Loops": 5,
                  "Inner Unique": false,
                  "Plans": [
                    {
                      "Node Type": "Seq Scan",
                      "Parent Relationship": "Outer",
                      "Parallel Aware": true,
                      "Relation Name": "title",
                      "Alias": "t",
                      "Startup Cost": 0.0,
                      "Total Cost": 45479.59,
                      "Plan Rows": 1274,
                      "Plan Width": 4,
                      "Actual Startup Time": 0.801,
                      "Actual Total Time": 79.24,
                      "Actual Rows": 1219,
                      "Actual Loops": 5,
                      "Filter": "((kind_id < 7) AND (production_year = 1977))",
                      "Rows Removed by Filter": 504444
                    },
                    {
                      "Node Type": "Index Only Scan",
                      "Parent Relationship": "Inner",
                      "Parallel Aware": false,
                      "Scan Direction": "Forward",
                      "Index Name": "movie_id_cast_info",
                      "Relation Name": "cast_info",
                      "Alias": "ci",
                      "Startup Cost": 0.56,
                      "Total Cost": 108.58,
                      "Plan Rows": 35,
                      "Plan Width": 4,
                      "Actual Startup Time": 0.015,
                      "Actual Total Time": 0.077,
                      "Actual Rows": 16,
                      "Actual Loops": 6093,
                      "Index Cond": "(movie_id = t.id)",
                      "Rows Removed by Index Recheck": 0,
                      "Heap Fetches": 96264
                    }
                  ]
                }
              ]
            }
          ]
        }
      ]
    },
    "Planning Time": 0.338,
    "Triggers": [],
    "Execution Time": 220.741
  }
]