[
  {
    "Plan": {
      "Node Type": "Aggregate",
      "Strategy": "Plain",
      "Partial Mode": "Finalize",
      "Parallel Aware": false,
      "Startup Cost": 45094.8,
      "Total Cost": 45094.81,
      "Plan Rows": 1,
      "Plan Width": 8,
      "Actual Startup Time": 139.449,
      "Actual Total Time": 148.88,
      "Actual Rows": 1,
      "Actual Loops": 1,
      "Plans": [
        {
          "Node Type": "Gather",
          "Parent Relationship": "Outer",
          "Parallel Aware": false,
          "Startup Cost": 45094.48,
          "Total Cost": 45094.79,
          "Plan Rows": 3,
          "Plan Width": 8,
          "Actual Startup Time": 139.346,
          "Actual Total Time": 148.873,
          "Actual Rows": 4,
          "Actual Loops": 1,
          "Workers Planned": 3,
          "Workers Launched": 3,
          "Single Copy": false,
          "Plans": [
            {
              "Node Type": "Aggregate",
              "Strategy": "Plain",
              "Partial Mode": "Partial",
              "Parent Relationship": "Outer",
              "Parallel Aware": false,
              "Startup Cost": 44094.48,
              "Total Cost": 44094.49,
              "Plan Rows": 1,
              "Plan Width": 8,
              "Actual Startup Time": 130.903,
              "Actual Total Time": 130.904,
              "Actual Rows": 1,
              "Actual Loops": 4,
              "Plans": [
                {
                  "Node Type": "Seq Scan",
                  "Parent Relationship": "Outer",
                  "Parallel Aware": true,
                  "Relation Name": "movie_keyword",
                  "Alias": "mk",
                  "Startup Cost": 0.0,
                  "Total Cost": 42695.65,
                  "Plan Rows": 559531,
                  "Plan Width": 0,
                  "Actual Startup Time": 1.174,
                  "Actual Total Time": 110.222,
                  "Actual Rows": 435846,
                  "Actual Loops": 4,
                  "Filter": "(keyword_id > 8039)",
                  "Rows Removed by Filter": 695136
                }
              ]
            }
          ]
        }
      ]
    },
    "Planning Time": 0.153,
    "Triggers": [],
    "Execution Time": 148.929
  }
]