[
  {
    "Plan": {
      "Node Type": "Aggregate",
      "Strategy": "Plain",
      "Partial Mode": "Finalize",
      "Parallel Aware": false,
      "Startup Cost": 68929.67,
      "Total Cost": 68929.68,
      "Plan Rows": 1,
      "Plan Width": 8,
      "Actual Startup Time": 174.244,
      "Actual Total Time": 193.583,
      "Actual Rows": 1,
      "Actual Loops": 1,
      "Plans": [
        {
          "Node Type": "Gather",
          "Parent Relationship": "Outer",
          "Parallel Aware": false,
          "Startup Cost": 68929.36,
          "Total Cost": 68929.67,
          "Plan Rows": 3,
          "Plan Width": 8,
          "Actual Startup Time": 173.265,
          "Actual Total Time": 193.565,
          "Actual Rows": 4,
          "Actual Loops": 1,
          "Workers Planned": 3,
          "Workers Launched": 3,
          "Single Copy": false,
          "Plans": [
            {
              "Node Type": "Aggregate",
              "Strategy": "Plain",
              "Partial Mode": "Partial",
              "Parent Relationship": "Outer",
              "Parallel Aware": false,
              "Startup Cost": 67929.36,
              "Total Cost": 67929.37,
              "Plan Rows": 1,
              "Plan Width": 8,
              "Actual Startup Time": 163.977,
              "Actual Total Time": 163.983,
              "Actual Rows": 1,
              "Actual Loops": 4,
              "Plans": [
                {
                  "Node Type": "Nested Loop",
                  "Parent Relationship": "Outer",
                  "Parallel Aware": false,
                  "Join Type": "Inner",
                  "Startup Cost": 45687.38,
                  "Total Cost": 67925.12,
                  "Plan Rows": 1694,
                  "Plan Width": 0,
                  "Actual Startup Time": 142.368,
                  "Actual Total Time": 163.811,
                  "Actual Rows": 2129,
                  "Actual Loops": 4,
                  "Inner Unique": false,
                  "Plans": [
                    {
                      "Node Type": "Hash Join",
                      "Parent Relationship": "Outer",
                      "Parallel Aware": true,
                      "Join Type": "Inner",
                      "Startup Cost": 45686.94,
                      "Total Cost": 64800.61,
                      "Plan Rows": 946,
                      "Plan Width": 8,
                      "Actual Startup Time": 142.218,
                      "Actual Total Time": 159.98,
                      "Actual Rows": 397,
                      "Actual Loops": 4,
                      "Inner Unique": true,
                      "Hash Cond": "(mc.movie_id = t.id)",
                      "Plans": [
                        {
                          "Node Type": "Bitmap Heap Scan",
                          "Parent Relationship": "Outer",
                          "Parallel Aware": true,
                          "Relation Name": "movie_companies",
                          "Alias": "mc",
                          "Startup Cost": 1438.54,
                          "Total Cost": 20496.03,
                          "Plan Rows": 21399,
                          "Plan Width": 4,
                          "Actual Startup Time": 5.409,
                          "Actual Total Time": 17.677,
                          "Actual Rows": 17482,
                          "Actual Loops": 4,
                          "Recheck Cond": "(company_id < 11)",
                          "Rows Removed by Index Recheck": 0,
                          "Exact Heap Blocks": 3221,
                          "Lossy Heap Blocks": 0,
                          "Plans": [
                            {
                              "Node Type": "Bitmap Index Scan",
                              "Parent Relationship": "Outer",
                              "Parallel Aware": false,
                              "Index Name": "company_id_movie_companies",
                              "Startup Cost": 0.0,
                              "Total Cost": 1421.96,
                              "Plan Rows": 66337,
                              "Plan Width": 0,
                              "Actual Startup Time": 4.003,
                              "Actual Total Time": 4.004,
                              "Actual Rows": 69928,
                              "Actual Loops": 1,
                              "Index Cond": "(company_id < 11)"
                            }
                          ]
                        },
                        {
                          "Node Type": "Hash",
                          "Parent Relationship": "Inner",
                          "Parallel Aware": true,
                          "Startup Cost": 43898.92,
                          "Total Cost": 43898.92,
                          "Plan Rows": 27959,
                          "Plan Width": 4,
                          "Actual Startup Time": 134.732,
                          "Actual Total Time": 134.732,
                          "Actual Rows": 27107,
                          "Actual Loops": 4,
                          "Hash Buckets": 131072,
                          "Original Hash Buckets": 131072,
                          "Hash Batches": 1,
                          "Original Hash Batches": 1,
                          "Peak Memory Usage": 5312,
                          "Plans": [
                            {
                              "Node Type": "Seq Scan",
                              "Parent Relationship": "Outer",
                              "Parallel Aware": true,
                              "Relation Name": "title",
                              "Alias": "t",
                              "Startup Cost": 0.0,
                              "Total Cost": 43898.92,
                              "Plan Rows": 27959,
                              "Plan Width": 4,
                              "Actual Startup Time": 0.045,
                              "Actual Total Time": 120.498,
                              "Actual Rows": 27107,
                              "Actual Loops": 4,
                              "Filter": "(production_year = 2006)",
                              "Rows Removed by Filter": 604971
                            }
                          ]
                        }
                      ]
                    },
                    {
                      "Node Type": "Index Only Scan",
                      "Parent Relationship": "Inner",
                      "Parallel Aware": false,
                      "Scan Direction": "Forward",
                      "Index Name": "movie_id_movie_keyword",
                      "Relation Name": "movie_keyword",
                      "Alias": "mk",
                      "Startup Cost": 0.43,
                      "Total Cost": 2.85,
                      "Plan Rows": 45,
                      "Plan Width": 4,
                      "Actual Startup Time": 0.007,
                      "Actual Total Time": 0.009,
                      "Actual Rows": 5,
                      "Actual Loops": 1587,
                      "Index Cond": "(movie_id = t.id)",
                      "Rows Removed by Index Recheck": 0,
                      "Heap Fetches": 8517
                    }
                  ]
                }
              ]
            }
          ]
        }
      ]
    },
    "Planning Time": 1.48,
    "Triggers": [],
    "Execution Time": 193.686
  }
]