[
    {
        "Bao": {
            "Bao prediction": "NaN",
            "Bao recommended hint": "(no hint)"
        }
    },
    {
        "Plan": {
            "Node Type": "Aggregate",
            "Strategy": "Plain",
            "Partial Mode": "Finalize",
            "Parallel Aware": false,
            "Startup Cost": 386045.56,
            "Total Cost": 386045.57,
            "Plan Rows": 1,
            "Plan Width": 8,
            "Actual Startup Time": 898.369,
            "Actual Total Time": 927.125,
            "Actual Rows": 1,
            "Actual Loops": 1,
            "Output": [
                "count(*)"
            ],
            "Plans": [
                {
                    "Node Type": "Gather",
                    "Parent Relationship": "Outer",
                    "Parallel Aware": false,
                    "Startup Cost": 386044.94,
                    "Total Cost": 386045.55,
                    "Plan Rows": 6,
                    "Plan Width": 8,
                    "Actual Startup Time": 897.238,
                    "Actual Total Time": 927.115,
                    "Actual Rows": 7,
                    "Actual Loops": 1,
                    "Output": [
                        "(PARTIAL count(*))"
                    ],
                    "Workers Planned": 6,
                    "Workers Launched": 6,
                    "Single Copy": false,
                    "Plans": [
                        {
                            "Node Type": "Aggregate",
                            "Strategy": "Plain",
                            "Partial Mode": "Partial",
                            "Parent Relationship": "Outer",
                            "Parallel Aware": false,
                            "Startup Cost": 385044.94,
                            "Total Cost": 385044.95,
                            "Plan Rows": 1,
                            "Plan Width": 8,
                            "Actual Startup Time": 886.417,
                            "Actual Total Time": 886.42,
                            "Actual Rows": 1,
                            "Actual Loops": 7,
                            "Output": [
                                "PARTIAL count(*)"
                            ],
                            "Workers": [
                                {
                                    "Worker Number": 0,
                                    "Actual Startup Time": 884.272,
                                    "Actual Total Time": 884.274,
                                    "Actual Rows": 1,
                                    "Actual Loops": 1
                                },
                                {
                                    "Worker Number": 1,
                                    "Actual Startup Time": 884.396,
                                    "Actual Total Time": 884.399,
                                    "Actual Rows": 1,
                                    "Actual Loops": 1
                                },
                                {
                                    "Worker Number": 2,
                                    "Actual Startup Time": 884.388,
                                    "Actual Total Time": 884.391,
                                    "Actual Rows": 1,
                                    "Actual Loops": 1
                                },
                                {
                                    "Worker Number": 3,
                                    "Actual Startup Time": 884.639,
                                    "Actual Total Time": 884.642,
                                    "Actual Rows": 1,
                                    "Actual Loops": 1
                                },
                                {
                                    "Worker Number": 4,
                                    "Actual Startup Time": 884.79,
                                    "Actual Total Time": 884.793,
                                    "Actual Rows": 1,
                                    "Actual Loops": 1
                                },
                                {
                                    "Worker Number": 5,
                                    "Actual Startup Time": 885.55,
                                    "Actual Total Time": 885.553,
                                    "Actual Rows": 1,
                                    "Actual Loops": 1
                                }
                            ],
                            "Plans": [
                                {
                                    "Node Type": "Hash Join",
                                    "Parent Relationship": "Outer",
                                    "Parallel Aware": true,
                                    "Join Type": "Inner",
                                    "Startup Cost": 38897.93,
                                    "Total Cost": 384938.55,
                                    "Plan Rows": 42556,
                                    "Plan Width": 0,
                                    "Actual Startup Time": 359.254,
                                    "Actual Total Time": 883.773,
                                    "Actual Rows": 34984,
                                    "Actual Loops": 7,
                                    "Inner Unique": true,
                                    "Hash Cond": "(ci.movie_id = t.id)",
                                    "Workers": [
                                        {
                                            "Worker Number": 0,
                                            "Actual Startup Time": 356.922,
                                            "Actual Total Time": 881.627,
                                            "Actual Rows": 39394,
                                            "Actual Loops": 1
                                        },
                                        {
                                            "Worker Number": 1,
                                            "Actual Startup Time": 357.144,
                                            "Actual Total Time": 881.721,
                                            "Actual Rows": 39479,
                                            "Actual Loops": 1
                                        },
                                        {
                                            "Worker Number": 2,
                                            "Actual Startup Time": 357.478,
                                            "Actual Total Time": 881.585,
                                            "Actual Rows": 25309,
                                            "Actual Loops": 1
                                        },
                                        {
                                            "Worker Number": 3,
                                            "Actual Startup Time": 357.378,
                                            "Actual Total Time": 881.907,
                                            "Actual Rows": 25372,
                                            "Actual Loops": 1
                                        },
                                        {
                                            "Worker Number": 4,
                                            "Actual Startup Time": 357.79,
                                            "Actual Total Time": 882.076,
                                            "Actual Rows": 40564,
                                            "Actual Loops": 1
                                        },
                                        {
                                            "Worker Number": 5,
                                            "Actual Startup Time": 358.256,
                                            "Actual Total Time": 882.866,
                                            "Actual Rows": 24382,
                                            "Actual Loops": 1
                                        }
                                    ],
                                    "Plans": [
                                        {
                                            "Node Type": "Seq Scan",
                                            "Parent Relationship": "Outer",
                                            "Parallel Aware": true,
                                            "Relation Name": "cast_info",
                                            "Schema": "public",
                                            "Alias": "ci",
                                            "Startup Cost": 0.0,
                                            "Total Cost": 343318.94,
                                            "Plan Rows": 1036830,
                                            "Plan Width": 4,
                                            "Actual Startup Time": 319.752,
                                            "Actual Total Time": 634.15,
                                            "Actual Rows": 1520821,
                                            "Actual Loops": 7,
                                            "Output": [
                                                "ci.id",
                                                "ci.person_id",
                                                "ci.movie_id",
                                                "ci.person_role_id",
                                                "ci.note",
                                                "ci.nr_order",
                                                "ci.role_id"
                                            ],
                                            "Filter": "((ci.person_id > 2248872) AND (ci.role_id > 2))",
                                            "Rows Removed by Filter": 3656942,
                                            "Workers": [
                                                {
                                                    "Worker Number": 0,
                                                    "Actual Startup Time": 319.758,
                                                    "Actual Total Time": 628.83,
                                                    "Actual Rows": 1707478,
                                                    "Actual Loops": 1
                                                },
                                                {
                                                    "Worker Number": 1,
                                                    "Actual Startup Time": 319.772,
                                                    "Actual Total Time": 629.981,
                                                    "Actual Rows": 1728081,
                                                    "Actual Loops": 1
                                                },
                                                {
                                                    "Worker Number": 2,
                                                    "Actual Startup Time": 319.744,
                                                    "Actual Total Time": 633.863,
                                                    "Actual Rows": 1128263,
                                                    "Actual Loops": 1
                                                },
                                                {
                                                    "Worker Number": 3,
                                                    "Actual Startup Time": 319.76,
                                                    "Actual Total Time": 638.871,
                                                    "Actual Rows": 1093564,
                                                    "Actual Loops": 1
                                                },
                                                {
                                                    "Worker Number": 4,
                                                    "Actual Startup Time": 319.732,
                                                    "Actual Total Time": 631.673,
                                                    "Actual Rows": 1738026,
                                                    "Actual Loops": 1
                                                },
                                                {
                                                    "Worker Number": 5,
                                                    "Actual Startup Time": 319.748,
                                                    "Actual Total Time": 640.501,
                                                    "Actual Rows": 1100753,
                                                    "Actual Loops": 1
                                                }
                                            ]
                                        },
                                        {
                                            "Node Type": "Hash",
                                            "Parent Relationship": "Inner",
                                            "Parallel Aware": true,
                                            "Startup Cost": 38573.64,
                                            "Total Cost": 38573.64,
                                            "Plan Rows": 25943,
                                            "Plan Width": 4,
                                            "Actual Startup Time": 38.653,
                                            "Actual Total Time": 38.655,
                                            "Actual Rows": 15941,
                                            "Actual Loops": 7,
                                            "Output": [
                                                "t.id"
                                            ],
                                            "Hash Buckets": 131072,
                                            "Original Hash Buckets": 131072,
                                            "Hash Batches": 1,
                                            "Original Hash Batches": 1,
                                            "Peak Memory Usage": 5472,
                                            "Workers": [
                                                {
                                                    "Worker Number": 0,
                                                    "Actual Startup Time": 36.403,
                                                    "Actual Total Time": 36.404,
                                                    "Actual Rows": 11255,
                                                    "Actual Loops": 1
                                                },
                                                {
                                                    "Worker Number": 1,
                                                    "Actual Startup Time": 36.637,
                                                    "Actual Total Time": 36.638,
                                                    "Actual Rows": 10623,
                                                    "Actual Loops": 1
                                                },
                                                {
                                                    "Worker Number": 2,
                                                    "Actual Startup Time": 36.612,
                                                    "Actual Total Time": 36.613,
                                                    "Actual Rows": 11115,
                                                    "Actual Loops": 1
                                                },
                                                {
                                                    "Worker Number": 3,
                                                    "Actual Startup Time": 37.079,
                                                    "Actual Total Time": 37.08,
                                                    "Actual Rows": 9950,
                                                    "Actual Loops": 1
                                                },
                                                {
                                                    "Worker Number": 4,
                                                    "Actual Startup Time": 37.248,
                                                    "Actual Total Time": 37.249,
                                                    "Actual Rows": 12783,
                                                    "Actual Loops": 1
                                                },
                                                {
                                                    "Worker Number": 5,
                                                    "Actual Startup Time": 37.865,
                                                    "Actual Total Time": 37.866,
                                                    "Actual Rows": 11764,
                                                    "Actual Loops": 1
                                                }
                                            ],
                                            "Plans": [
                                                {
                                                    "Node Type": "Bitmap Heap Scan",
                                                    "Parent Relationship": "Outer",
                                                    "Parallel Aware": true,
                                                    "Relation Name": "title",
                                                    "Schema": "public",
                                                    "Alias": "t",
                                                    "Startup Cost": 2132.55,
                                                    "Total Cost": 38573.64,
                                                    "Plan Rows": 25943,
                                                    "Plan Width": 4,
                                                    "Actual Startup Time": 1.455,
                                                    "Actual Total Time": 30.874,
                                                    "Actual Rows": 15941,
                                                    "Actual Loops": 7,
                                                    "Output": [
                                                        "t.id"
                                                    ],
                                                    "Recheck Cond": "(t.kind_id = 4)",
                                                    "Rows Removed by Index Recheck": 0,
                                                    "Filter": "(t.production_year < 2012)",
                                                    "Rows Removed by Filter": 950,
                                                    "Exact Heap Blocks": 5183,
                                                    "Lossy Heap Blocks": 0,
                                                    "Workers": [
                                                        {
                                                            "Worker Number": 0,
                                                            "Actual Startup Time": 0.268,
                                                            "Actual Total Time": 29.337,
                                                            "Actual Rows": 11255,
                                                            "Actual Loops": 1
                                                        },
                                                        {
                                                            "Worker Number": 1,
                                                            "Actual Startup Time": 0.262,
                                                            "Actual Total Time": 28.911,
                                                            "Actual Rows": 10623,
                                                            "Actual Loops": 1
                                                        },
                                                        {
                                                            "Worker Number": 2,
                                                            "Actual Startup Time": 0.38,
                                                            "Actual Total Time": 29.027,
                                                            "Actual Rows": 11115,
                                                            "Actual Loops": 1
                                                        },
                                                        {
                                                            "Worker Number": 3,
                                                            "Actual Startup Time": 0.538,
                                                            "Actual Total Time": 29.415,
                                                            "Actual Rows": 9950,
                                                            "Actual Loops": 1
                                                        },
                                                        {
                                                            "Worker Number": 4,
                                                            "Actual Startup Time": 0.263,
                                                            "Actual Total Time": 30.554,
                                                            "Actual Rows": 12783,
                                                            "Actual Loops": 1
                                                        },
                                                        {
                                                            "Worker Number": 5,
                                                            "Actual Startup Time": 0.147,
                                                            "Actual Total Time": 31.332,
                                                            "Actual Rows": 11764,
                                                            "Actual Loops": 1
                                                        }
                                                    ],
                                                    "Plans": [
                                                        {
                                                            "Node Type": "Bitmap Index Scan",
                                                            "Parent Relationship": "Outer",
                                                            "Parallel Aware": false,
                                                            "Index Name": "kind_id_title",
                                                            "Startup Cost": 0.0,
                                                            "Total Cost": 2106.61,
                                                            "Plan Rows": 118157,
                                                            "Plan Width": 0,
                                                            "Actual Startup Time": 5.991,
                                                            "Actual Total Time": 5.992,
                                                            "Actual Rows": 118234,
                                                            "Actual Loops": 1,
                                                            "Index Cond": "(t.kind_id = 4)"
                                                        }
                                                    ]
                                                }
                                            ]
                                        }
                                    ]
                                }
                            ]
                        }
                    ]
                }
            ]
        },
        "Planning Time": 188.156,
        "Triggers": [],
        "Execution Time": 927.189
    }
]