[
  {
    "Plan": {
      "Node Type": "Aggregate",
      "Strategy": "Plain",
      "Partial Mode": "Finalize",
      "Parallel Aware": false,
      "Startup Cost": 46501.75,
      "Total Cost": 46501.76,
      "Plan Rows": 1,
      "Plan Width": 8,
      "Actual Startup Time": 91.663,
      "Actual Total Time": 104.958,
      "Actual Rows": 1,
      "Actual Loops": 1,
      "Plans": [
        {
          "Node Type": "Gather",
          "Parent Relationship": "Outer",
          "Parallel Aware": false,
          "Startup Cost": 46501.33,
          "Total Cost": 46501.74,
          "Plan Rows": 4,
          "Plan Width": 8,
          "Actual Startup Time": 91.54,
          "Actual Total Time": 104.95,
          "Actual Rows": 5,
          "Actual Loops": 1,
          "Workers Planned": 4,
          "Workers Launched": 4,
          "Single Copy": false,
          "Plans": [
            {
              "Node Type": "Aggregate",
              "Strategy": "Plain",
              "Partial Mode": "Partial",
              "Parent Relationship": "Outer",
              "Parallel Aware": false,
              "Startup Cost": 45501.33,
              "Total Cost": 45501.34,
              "Plan Rows": 1,
              "Plan Width": 8,
              "Actual Startup Time": 83.287,
              "Actual Total Time": 83.288,
              "Actual Rows": 1,
              "Actual Loops": 5,
              "Plans": [
                {
                  "Node Type": "Seq Scan",
                  "Parent Relationship": "Outer",
                  "Parallel Aware": true,
                  "Relation Name": "title",
                  "Alias": "t",
                  "Startup Cost": 0.0,
                  "Total Cost": 45479.1,
                  "Plan Rows": 8891,
                  "Plan Width": 0,
                  "Actual Startup Time": 54.599,
                  "Actual Total Time": 81.942,
                  "Actual Rows": 27167,
                  "Actual Loops": 5,
                  "Filter": "((production_year < 1938) AND (kind_id = 1))",
                  "Rows Removed by Filter": 478495
                }
              ]
            }
          ]
        }
      ]
    },
    "Planning Time": 0.158,
    "Triggers": [],
    "Execution Time": 105.009
  }
]