{
    "Plan": {
        "Node Type": "Aggregate",
        "Strategy": "Plain",
        "Partial Mode": "Finalize",
        "Parallel Aware": false,
        "Startup Cost": 64664.61,
        "Total Cost": 64664.62,
        "Plan Rows": 1,
        "Plan Width": 8,
        "Actual Startup Time": 129.088,
        "Actual Total Time": 146.027,
        "Actual Rows": 1,
        "Actual Loops": 1,
        "Output": [
            "count(*)"
        ],
        "Plans": [
            {
                "Node Type": "Gather",
                "Parent Relationship": "Outer",
                "Parallel Aware": false,
                "Startup Cost": 64664.19,
                "Total Cost": 64664.6,
                "Plan Rows": 4,
                "Plan Width": 8,
                "Actual Startup Time": 128.936,
                "Actual Total Time": 146.017,
                "Actual Rows": 5,
                "Actual Loops": 1,
                "Output": [
                    "(PARTIAL count(*))"
                ],
                "Workers Planned": 4,
                "Workers Launched": 4,
                "Single Copy": false,
                "Plans": [
                    {
                        "Node Type": "Aggregate",
                        "Strategy": "Plain",
                        "Partial Mode": "Partial",
                        "Parent Relationship": "Outer",
                        "Parallel Aware": false,
                        "Startup Cost": 63664.19,
                        "Total Cost": 63664.2,
                        "Plan Rows": 1,
                        "Plan Width": 8,
                        "Actual Startup Time": 118.769,
                        "Actual Total Time": 118.771,
                        "Actual Rows": 1,
                        "Actual Loops": 5,
                        "Output": [
                            "PARTIAL count(*)"
                        ],
                        "Workers": [
                            {
                                "Worker Number": 0,
                                "Actual Startup Time": 116.128,
                                "Actual Total Time": 116.13,
                                "Actual Rows": 1,
                                "Actual Loops": 1
                            },
                            {
                                "Worker Number": 1,
                                "Actual Startup Time": 116.543,
                                "Actual Total Time": 116.545,
                                "Actual Rows": 1,
                                "Actual Loops": 1
                            },
                            {
                                "Worker Number": 2,
                                "Actual Startup Time": 116.547,
                                "Actual Total Time": 116.548,
                                "Actual Rows": 1,
                                "Actual Loops": 1
                            },
                            {
                                "Worker Number": 3,
                                "Actual Startup Time": 116.551,
                                "Actual Total Time": 116.553,
                                "Actual Rows": 1,
                                "Actual Loops": 1
                            }
                        ],
                        "Plans": [
                            {
                                "Node Type": "Nested Loop",
                                "Parent Relationship": "Outer",
                                "Parallel Aware": false,
                                "Join Type": "Inner",
                                "Startup Cost": 0.86,
                                "Total Cost": 63661.32,
                                "Plan Rows": 1150,
                                "Plan Width": 0,
                                "Actual Startup Time": 56.697,
                                "Actual Total Time": 118.589,
                                "Actual Rows": 2349,
                                "Actual Loops": 5,
                                "Inner Unique": false,
                                "Join Filter": "(t.id = mi.movie_id)",
                                "Rows Removed by Join Filter": 0,
                                "Workers": [
                                    {
                                        "Worker Number": 0,
                                        "Actual Startup Time": 55.038,
                                        "Actual Total Time": 115.977,
                                        "Actual Rows": 899,
                                        "Actual Loops": 1
                                    },
                                    {
                                        "Worker Number": 1,
                                        "Actual Startup Time": 55.318,
                                        "Actual Total Time": 116.412,
                                        "Actual Rows": 1317,
                                        "Actual Loops": 1
                                    },
                                    {
                                        "Worker Number": 2,
                                        "Actual Startup Time": 52.165,
                                        "Actual Total Time": 116.411,
                                        "Actual Rows": 1237,
                                        "Actual Loops": 1
                                    },
                                    {
                                        "Worker Number": 3,
                                        "Actual Startup Time": 54.825,
                                        "Actual Total Time": 116.418,
                                        "Actual Rows": 1315,
                                        "Actual Loops": 1
                                    }
                                ],
                                "Plans": [
                                    {
                                        "Node Type": "Nested Loop",
                                        "Parent Relationship": "Outer",
                                        "Parallel Aware": false,
                                        "Join Type": "Inner",
                                        "Startup Cost": 0.43,
                                        "Total Cost": 61545.34,
                                        "Plan Rows": 1305,
                                        "Plan Width": 8,
                                        "Actual Startup Time": 56.36,
                                        "Actual Total Time": 89.095,
                                        "Actual Rows": 1623,
                                        "Actual Loops": 5,
                                        "Output": [
                                            "t.id",
                                            "mc.movie_id"
                                        ],
                                        "Inner Unique": false,
                                        "Workers": [
                                            {
                                                "Worker Number": 0,
                                                "Actual Startup Time": 54.326,
                                                "Actual Total Time": 84.422,
                                                "Actual Rows": 977,
                                                "Actual Loops": 1
                                            },
                                            {
                                                "Worker Number": 1,
                                                "Actual Startup Time": 54.695,
                                                "Actual Total Time": 85.826,
                                                "Actual Rows": 1374,
                                                "Actual Loops": 1
                                            },
                                            {
                                                "Worker Number": 2,
                                                "Actual Startup Time": 51.988,
                                                "Actual Total Time": 85.471,
                                                "Actual Rows": 1446,
                                                "Actual Loops": 1
                                            },
                                            {
                                                "Worker Number": 3,
                                                "Actual Startup Time": 54.68,
                                                "Actual Total Time": 86.034,
                                                "Actual Rows": 1429,
                                                "Actual Loops": 1
                                            }
                                        ],
                                        "Plans": [
                                            {
                                                "Node Type": "Seq Scan",
                                                "Parent Relationship": "Outer",
                                                "Parallel Aware": true,
                                                "Relation Name": "title",
                                                "Schema": "public",
                                                "Alias": "t",
                                                "Startup Cost": 0.0,
                                                "Total Cost": 43899.01,
                                                "Plan Rows": 1264,
                                                "Plan Width": 4,
                                                "Actual Startup Time": 52.547,
                                                "Actual Total Time": 78.859,
                                                "Actual Rows": 903,
                                                "Actual Loops": 5,
                                                "Output": [
                                                    "t.id",
                                                    "t.title",
                                                    "t.imdb_index",
                                                    "t.kind_id",
                                                    "t.production_year",
                                                    "t.imdb_id",
                                                    "t.phonetic_code",
                                                    "t.episode_of_id",
                                                    "t.season_nr",
                                                    "t.episode_nr",
                                                    "t.series_years",
                                                    "t.md5sum"
                                                ],
                                                "Filter": "(t.production_year = 1917)",
                                                "Rows Removed by Filter": 504760,
                                                "Workers": [
                                                    {
                                                        "Worker Number": 0,
                                                        "Actual Startup Time": 54.21,
                                                        "Actual Total Time": 73.351,
                                                        "Actual Rows": 547,
                                                        "Actual Loops": 1
                                                    },
                                                    {
                                                        "Worker Number": 1,
                                                        "Actual Startup Time": 54.597,
                                                        "Actual Total Time": 75.079,
                                                        "Actual Rows": 785,
                                                        "Actual Loops": 1
                                                    },
                                                    {
                                                        "Worker Number": 2,
                                                        "Actual Startup Time": 51.79,
                                                        "Actual Total Time": 74.752,
                                                        "Actual Rows": 781,
                                                        "Actual Loops": 1
                                                    },
                                                    {
                                                        "Worker Number": 3,
                                                        "Actual Startup Time": 54.562,
                                                        "Actual Total Time": 75.582,
                                                        "Actual Rows": 790,
                                                        "Actual Loops": 1
                                                    }
                                                ]
                                            },
                                            {
                                                "Node Type": "Index Only Scan",
                                                "Parent Relationship": "Inner",
                                                "Parallel Aware": false,
                                                "Scan Direction": "Forward",
                                                "Index Name": "movie_id_movie_companies",
                                                "Relation Name": "movie_companies",
                                                "Schema": "public",
                                                "Alias": "mc",
                                                "Startup Cost": 0.43,
                                                "Total Cost": 13.91,
                                                "Plan Rows": 5,
                                                "Plan Width": 4,
                                                "Actual Startup Time": 0.008,
                                                "Actual Total Time": 0.011,
                                                "Actual Rows": 2,
                                                "Actual Loops": 4514,
                                                "Output": [
                                                    "mc.movie_id"
                                                ],
                                                "Index Cond": "(mc.movie_id = t.id)",
                                                "Rows Removed by Index Recheck": 0,
                                                "Heap Fetches": 8117,
                                                "Workers": [
                                                    {
                                                        "Worker Number": 0,
                                                        "Actual Startup Time": 0.015,
                                                        "Actual Total Time": 0.019,
                                                        "Actual Rows": 2,
                                                        "Actual Loops": 547
                                                    },
                                                    {
                                                        "Worker Number": 1,
                                                        "Actual Startup Time": 0.01,
                                                        "Actual Total Time": 0.013,
                                                        "Actual Rows": 2,
                                                        "Actual Loops": 785
                                                    },
                                                    {
                                                        "Worker Number": 2,
                                                        "Actual Startup Time": 0.01,
                                                        "Actual Total Time": 0.013,
                                                        "Actual Rows": 2,
                                                        "Actual Loops": 781
                                                    },
                                                    {
                                                        "Worker Number": 3,
                                                        "Actual Startup Time": 0.01,
                                                        "Actual Total Time": 0.012,
                                                        "Actual Rows": 2,
                                                        "Actual Loops": 790
                                                    }
                                                ]
                                            }
                                        ]
                                    },
                                    {
                                        "Node Type": "Index Scan",
                                        "Parent Relationship": "Inner",
                                        "Parallel Aware": false,
                                        "Scan Direction": "Forward",
                                        "Index Name": "movie_id_movie_info",
                                        "Relation Name": "movie_info",
                                        "Schema": "public",
                                        "Alias": "mi",
                                        "Startup Cost": 0.43,
                                        "Total Cost": 1.55,
                                        "Plan Rows": 6,
                                        "Plan Width": 4,
                                        "Actual Startup Time": 0.015,
                                        "Actual Total Time": 0.018,
                                        "Actual Rows": 1,
                                        "Actual Loops": 8117,
                                        "Output": [
                                            "mi.id",
                                            "mi.movie_id",
                                            "mi.info_type_id",
                                            "mi.info",
                                            "mi.note"
                                        ],
                                        "Index Cond": "(mi.movie_id = mc.movie_id)",
                                        "Rows Removed by Index Recheck": 0,
                                        "Filter": "(mi.info_type_id > 16)",
                                        "Rows Removed by Filter": 11,
                                        "Workers": [
                                            {
                                                "Worker Number": 0,
                                                "Actual Startup Time": 0.026,
                                                "Actual Total Time": 0.031,
                                                "Actual Rows": 1,
                                                "Actual Loops": 977
                                            },
                                            {
                                                "Worker Number": 1,
                                                "Actual Startup Time": 0.018,
                                                "Actual Total Time": 0.022,
                                                "Actual Rows": 1,
                                                "Actual Loops": 1374
                                            },
                                            {
                                                "Worker Number": 2,
                                                "Actual Startup Time": 0.017,
                                                "Actual Total Time": 0.021,
                                                "Actual Rows": 1,
                                                "Actual Loops": 1446
                                            },
                                            {
                                                "Worker Number": 3,
                                                "Actual Startup Time": 0.017,
                                                "Actual Total Time": 0.021,
                                                "Actual Rows": 1,
                                                "Actual Loops": 1429
                                            }
                                        ]
                                    }
                                ]
                            }
                        ]
                    }
                ]
            }
        ]
    },
    "Planning Time": 1.589,
    "Triggers": [],
    "Execution Time": 146.12
}