[
  {
    "Plan": {
      "Node Type": "Aggregate",
      "Strategy": "Plain",
      "Partial Mode": "Finalize",
      "Parallel Aware": false,
      "Startup Cost": 9740.77,
      "Total Cost": 9740.78,
      "Plan Rows": 1,
      "Plan Width": 8,
      "Actual Startup Time": 36.927,
      "Actual Total Time": 39.828,
      "Actual Rows": 1,
      "Actual Loops": 1,
      "Plans": [
        {
          "Node Type": "Gather",
          "Parent Relationship": "Outer",
          "Parallel Aware": false,
          "Startup Cost": 9740.46,
          "Total Cost": 9740.77,
          "Plan Rows": 3,
          "Plan Width": 8,
          "Actual Startup Time": 36.826,
          "Actual Total Time": 39.82,
          "Actual Rows": 4,
          "Actual Loops": 1,
          "Workers Planned": 3,
          "Workers Launched": 3,
          "Single Copy": false,
          "Plans": [
            {
              "Node Type": "Aggregate",
              "Strategy": "Plain",
              "Partial Mode": "Partial",
              "Parent Relationship": "Outer",
              "Parallel Aware": false,
              "Startup Cost": 8740.46,
              "Total Cost": 8740.47,
              "Plan Rows": 1,
              "Plan Width": 8,
              "Actual Startup Time": 29.563,
              "Actual Total Time": 29.564,
              "Actual Rows": 1,
              "Actual Loops": 4,
              "Plans": [
                {
                  "Node Type": "Index Scan",
                  "Parent Relationship": "Outer",
                  "Parallel Aware": true,
                  "Scan Direction": "Forward",
                  "Index Name": "role_id_cast_info",
                  "Relation Name": "cast_info",
                  "Alias": "ci",
                  "Startup Cost": 0.56,
                  "Total Cost": 8600.37,
                  "Plan Rows": 56034,
                  "Plan Width": 0,
                  "Actual Startup Time": 0.159,
                  "Actual Total Time": 27.602,
                  "Actual Rows": 19238,
                  "Actual Loops": 4,
                  "Index Cond": "(role_id > 10)",
                  "Rows Removed by Index Recheck": 0,
                  "Filter": "(person_id < 2137458)",
                  "Rows Removed by Filter": 59792
                }
              ]
            }
          ]
        }
      ]
    },
    "Planning Time": 0.235,
    "Triggers": [],
    "Execution Time": 39.891
  }
]