{
  "Plan": {
    "Node Type": "Aggregate",
    "Strategy": "Plain",
    "Partial Mode": "Finalize",
    "Parallel Aware": false,
    "Startup Cost": 272703.93,
    "Total Cost": 272703.94,
    "Plan Rows": 1,
    "Plan Width": 8,
    "Actual Startup Time": 113.972,
    "Actual Total Time": 130.497,
    "Actual Rows": 1,
    "Actual Loops": 1,
    "Plans": [
      {
        "Node Type": "Gather",
        "Parent Relationship": "Outer",
        "Parallel Aware": false,
        "Startup Cost": 272703.82,
        "Total Cost": 272703.93,
        "Plan Rows": 1,
        "Plan Width": 8,
        "Actual Startup Time": 113.722,
        "Actual Total Time": 130.489,
        "Actual Rows": 2,
        "Actual Loops": 1,
        "Workers Planned": 1,
        "Workers Launched": 1,
        "Single Copy": false,
        "Plans": [
          {
            "Node Type": "Aggregate",
            "Strategy": "Plain",
            "Partial Mode": "Partial",
            "Parent Relationship": "Outer",
            "Parallel Aware": false,
            "Startup Cost": 271703.82,
            "Total Cost": 271703.83,
            "Plan Rows": 1,
            "Plan Width": 8,
            "Actual Startup Time": 107.738,
            "Actual Total Time": 107.74,
            "Actual Rows": 1,
            "Actual Loops": 2,
            "Plans": [
              {
                "Node Type": "Nested Loop",
                "Parent Relationship": "Outer",
                "Parallel Aware": false,
                "Join Type": "Inner",
                "Startup Cost": 2182.18,
                "Total Cost": 271676.85,
                "Plan Rows": 10786,
                "Plan Width": 0,
                "Actual Startup Time": 17.515,
                "Actual Total Time": 106.113,
                "Actual Rows": 24080,
                "Actual Loops": 2,
                "Inner Unique": false,
                "Plans": [
                  {
                    "Node Type": "Bitmap Heap Scan",
                    "Parent Relationship": "Outer",
                    "Parallel Aware": true,
                    "Relation Name": "title",
                    "Alias": "t",
                    "Startup Cost": 2181.75,
                    "Total Cost": 39257.99,
                    "Plan Rows": 1902,
                    "Plan Width": 4,
                    "Actual Startup Time": 17.352,
                    "Actual Total Time": 42.312,
                    "Actual Rows": 3154,
                    "Actual Loops": 2,
                    "Recheck Cond": "(kind_id = 4)",
                    "Rows Removed by Index Recheck": 0,
                    "Filter": "(production_year = 2003)",
                    "Rows Removed by Filter": 55962,
                    "Exact Heap Blocks": 9941,
                    "Lossy Heap Blocks": 0,
                    "Plans": [
                      {
                        "Node Type": "Bitmap Index Scan",
                        "Parent Relationship": "Outer",
                        "Parallel Aware": false,
                        "Index Name": "kind_id_title",
                        "Startup Cost": 0.0,
                        "Total Cost": 2180.94,
                        "Plan Rows": 122201,
                        "Plan Width": 0,
                        "Actual Startup Time": 18.237,
                        "Actual Total Time": 18.238,
                        "Actual Rows": 118234,
                        "Actual Loops": 1,
                        "Index Cond": "(kind_id = 4)"
                      }
                    ]
                  },
                  {
                    "Node Type": "Index Scan",
                    "Parent Relationship": "Inner",
                    "Parallel Aware": false,
                    "Scan Direction": "Forward",
                    "Index Name": "movie_id_movie_info",
                    "Relation Name": "movie_info",
                    "Alias": "mi",
                    "Startup Cost": 0.43,
                    "Total Cost": 121.79,
                    "Plan Rows": 41,
                    "Plan Width": 4,
                    "Actual Startup Time": 0.007,
                    "Actual Total Time": 0.019,
                    "Actual Rows": 8,
                    "Actual Loops": 6309,
                    "Index Cond": "(movie_id = t.id)",
                    "Rows Removed by Index Recheck": 0,
                    "Filter": "(info_type_id < 105)",
                    "Rows Removed by Filter": 0
                  }
                ]
              }
            ]
          }
        ]
      }
    ]
  },
  "Planning Time": 0.553,
  "Triggers": [],
  "Execution Time": 130.593
}