[
  {
    "Plan": {
      "Node Type": "Aggregate",
      "Strategy": "Plain",
      "Partial Mode": "Finalize",
      "Parallel Aware": false,
      "Startup Cost": 437236.47,
      "Total Cost": 437236.48,
      "Plan Rows": 1,
      "Plan Width": 8,
      "Actual Startup Time": 2186.874,
      "Actual Total Time": 2235.863,
      "Actual Rows": 1,
      "Actual Loops": 1,
      "Plans": [
        {
          "Node Type": "Gather",
          "Parent Relationship": "Outer",
          "Parallel Aware": false,
          "Startup Cost": 437235.85,
          "Total Cost": 437236.46,
          "Plan Rows": 6,
          "Plan Width": 8,
          "Actual Startup Time": 2180.128,
          "Actual Total Time": 2235.849,
          "Actual Rows": 7,
          "Actual Loops": 1,
          "Workers Planned": 6,
          "Workers Launched": 6,
          "Single Copy": false,
          "Plans": [
            {
              "Node Type": "Aggregate",
              "Strategy": "Plain",
              "Partial Mode": "Partial",
              "Parent Relationship": "Outer",
              "Parallel Aware": false,
              "Startup Cost": 436235.85,
              "Total Cost": 436235.86,
              "Plan Rows": 1,
              "Plan Width": 8,
              "Actual Startup Time": 2169.788,
              "Actual Total Time": 2169.871,
              "Actual Rows": 1,
              "Actual Loops": 7,
              "Plans": [
                {
                  "Node Type": "Hash Join",
                  "Parent Relationship": "Outer",
                  "Parallel Aware": true,
                  "Join Type": "Inner",
                  "Startup Cost": 92803.4,
                  "Total Cost": 432887.58,
                  "Plan Rows": 1339307,
                  "Plan Width": 0,
                  "Actual Startup Time": 288.35,
                  "Actual Total Time": 1981.245,
                  "Actual Rows": 3859897,
                  "Actual Loops": 7,
                  "Inner Unique": false,
                  "Hash Cond": "(ci.movie_id = t.id)",
                  "Plans": [
                    {
                      "Node Type": "Seq Scan",
                      "Parent Relationship": "Outer",
                      "Parallel Aware": true,
                      "Relation Name": "cast_info",
                      "Alias": "ci",
                      "Startup Cost": 0.0,
                      "Total Cost": 313106.51,
                      "Plan Rows": 6041951,
                      "Plan Width": 4,
                      "Actual Startup Time": 0.034,
                      "Actual Total Time": 553.749,
                      "Actual Rows": 5177763,
                      "Actual Loops": 7
                    },
                    {
                      "Node Type": "Hash",
                      "Parent Relationship": "Inner",
                      "Parallel Aware": true,
                      "Startup Cost": 90543.44,
                      "Total Cost": 90543.44,
                      "Plan Rows": 180797,
                      "Plan Width": 8,
                      "Actual Startup Time": 284.922,
                      "Actual Total Time": 285.003,
                      "Actual Rows": 116165,
                      "Actual Loops": 7,
                      "Hash Buckets": 1048576,
                      "Original Hash Buckets": 1048576,
                      "Hash Batches": 1,
                      "Original Hash Batches": 1,
                      "Peak Memory Usage": 40160,
                      "Plans": [
                        {
                          "Node Type": "Hash Join",
                          "Parent Relationship": "Outer",
                          "Parallel Aware": true,
                          "Join Type": "Inner",
                          "Startup Cost": 45489.26,
                          "Total Cost": 90543.44,
                          "Plan Rows": 180797,
                          "Plan Width": 8,
                          "Actual Startup Time": 117.115,
                          "Actual Total Time": 244.383,
                          "Actual Rows": 116165,
                          "Actual Loops": 7,
                          "Inner Unique": true,
                          "Hash Cond": "(mk.movie_id = t.id)",
                          "Plans": [
                            {
                              "Node Type": "Seq Scan",
                              "Parent Relationship": "Outer",
                              "Parallel Aware": true,
                              "Relation Name": "movie_keyword",
                              "Alias": "mk",
                              "Startup Cost": 0.0,
                              "Total Cost": 42695.65,
                              "Plan Rows": 898485,
                              "Plan Width": 4,
                              "Actual Startup Time": 0.036,
                              "Actual Total Time": 72.166,
                              "Actual Rows": 399344,
                              "Actual Loops": 7,
                              "Filter": "(keyword_id < 8193)",
                              "Rows Removed by Filter": 246932
                            },
                            {
                              "Node Type": "Hash",
                              "Parent Relationship": "Inner",
                              "Parallel Aware": true,
                              "Startup Cost": 43899.32,
                              "Total Cost": 43899.32,
                              "Plan Rows": 127195,
                              "Plan Width": 4,
                              "Actual Startup Time": 116.097,
                              "Actual Total Time": 116.099,
                              "Actual Rows": 74819,
                              "Actual Loops": 7,
                              "Hash Buckets": 524288,
                              "Original Hash Buckets": 524288,
                              "Hash Batches": 1,
                              "Original Hash Batches": 1,
                              "Peak Memory Usage": 24704,
                              "Plans": [
                                {
                                  "Node Type": "Seq Scan",
                                  "Parent Relationship": "Outer",
                                  "Parallel Aware": true,
                                  "Relation Name": "title",
                                  "Alias": "t",
                                  "Startup Cost": 0.0,
                                  "Total Cost": 43899.32,
                                  "Plan Rows": 127195,
                                  "Plan Width": 4,
                                  "Actual Startup Time": 0.045,
                                  "Actual Total Time": 79.3,
                                  "Actual Rows": 74819,
                                  "Actual Loops": 7,
                                  "Filter": "(production_year < 1981)",
                                  "Rows Removed by Filter": 286368
                                }
                              ]
                            }
                          ]
                        }
                      ]
                    }
                  ]
                }
              ]
            }
          ]
        }
      ]
    },
    "Planning Time": 1.237,
    "Triggers": [],
    "Execution Time": 2235.946
  }
]