{
  "Plan": {
    "Node Type": "Aggregate",
    "Strategy": "Plain",
    "Partial Mode": "Finalize",
    "Parallel Aware": false,
    "Startup Cost": 736931.27,
    "Total Cost": 736931.28,
    "Plan Rows": 1,
    "Plan Width": 8,
    "Actual Startup Time": 3739.658,
    "Actual Total Time": 3797.241,
    "Actual Rows": 1,
    "Actual Loops": 1,
    "Plans": [
      {
        "Node Type": "Gather",
        "Parent Relationship": "Outer",
        "Parallel Aware": false,
        "Startup Cost": 736931.16,
        "Total Cost": 736931.27,
        "Plan Rows": 1,
        "Plan Width": 8,
        "Actual Startup Time": 3736.556,
        "Actual Total Time": 3797.231,
        "Actual Rows": 2,
        "Actual Loops": 1,
        "Workers Planned": 1,
        "Workers Launched": 1,
        "Single Copy": false,
        "Plans": [
          {
            "Node Type": "Aggregate",
            "Strategy": "Plain",
            "Partial Mode": "Partial",
            "Parent Relationship": "Outer",
            "Parallel Aware": false,
            "Startup Cost": 735931.16,
            "Total Cost": 735931.17,
            "Plan Rows": 1,
            "Plan Width": 8,
            "Actual Startup Time": 3731.348,
            "Actual Total Time": 3731.886,
            "Actual Rows": 1,
            "Actual Loops": 2,
            "Plans": [
              {
                "Node Type": "Hash Join",
                "Parent Relationship": "Outer",
                "Parallel Aware": true,
                "Join Type": "Inner",
                "Startup Cost": 110929.55,
                "Total Cost": 730606.42,
                "Plan Rows": 2129896,
                "Plan Width": 0,
                "Actual Startup Time": 688.166,
                "Actual Total Time": 3650.36,
                "Actual Rows": 1747940,
                "Actual Loops": 2,
                "Inner Unique": false,
                "Hash Cond": "(ci.movie_id = t.id)",
                "Plans": [
                  {
                    "Node Type": "Seq Scan",
                    "Parent Relationship": "Outer",
                    "Parallel Aware": true,
                    "Relation Name": "cast_info",
                    "Alias": "ci",
                    "Startup Cost": 0.0,
                    "Total Cost": 572345.93,
                    "Plan Rows": 9280566,
                    "Plan Width": 4,
                    "Actual Startup Time": 0.02,
                    "Actual Total Time": 1746.807,
                    "Actual Rows": 9098873,
                    "Actual Loops": 2,
                    "Filter": "((person_id < 2022704) AND (role_id < 7))",
                    "Rows Removed by Filter": 9023299
                  },
                  {
                    "Node Type": "Hash",
                    "Parent Relationship": "Inner",
                    "Parallel Aware": true,
                    "Startup Cost": 106663.03,
                    "Total Cost": 106663.03,
                    "Plan Rows": 341321,
                    "Plan Width": 8,
                    "Actual Startup Time": 680.296,
                    "Actual Total Time": 680.832,
                    "Actual Rows": 103274,
                    "Actual Loops": 2,
                    "Hash Buckets": 1048576,
                    "Original Hash Buckets": 1048576,
                    "Hash Batches": 1,
                    "Original Hash Batches": 1,
                    "Peak Memory Usage": 16288,
                    "Plans": [
                      {
                        "Node Type": "Hash Join",
                        "Parent Relationship": "Outer",
                        "Parallel Aware": true,
                        "Join Type": "Inner",
                        "Startup Cost": 66705.02,
                        "Total Cost": 106663.03,
                        "Plan Rows": 341321,
                        "Plan Width": 8,
                        "Actual Startup Time": 376.736,
                        "Actual Total Time": 650.285,
                        "Actual Rows": 103274,
                        "Actual Loops": 2,
                        "Inner Unique": true,
                        "Hash Cond": "(mc.movie_id = t.id)",
                        "Plans": [
                          {
                            "Node Type": "Seq Scan",
                            "Parent Relationship": "Outer",
                            "Parallel Aware": true,
                            "Relation Name": "movie_companies",
                            "Alias": "mc",
                            "Startup Cost": 0.0,
                            "Total Cost": 37974.77,
                            "Plan Rows": 755522,
                            "Plan Width": 4,
                            "Actual Startup Time": 0.016,
                            "Actual Total Time": 127.502,
                            "Actual Rows": 637123,
                            "Actual Loops": 2,
                            "Filter": "(company_type_id = 1)",
                            "Rows Removed by Filter": 667442
                          },
                          {
                            "Node Type": "Hash",
                            "Parent Relationship": "Inner",
                            "Parallel Aware": true,
                            "Startup Cost": 58306.47,
                            "Total Cost": 58306.47,
                            "Plan Rows": 671884,
                            "Plan Width": 4,
                            "Actual Startup Time": 367.757,
                            "Actual Total Time": 367.758,
                            "Actual Rows": 617644,
                            "Actual Loops": 2,
                            "Hash Buckets": 2097152,
                            "Original Hash Buckets": 2097152,
                            "Hash Batches": 1,
                            "Original Hash Batches": 1,
                            "Peak Memory Usage": 64736,
                            "Plans": [
                              {
                                "Node Type": "Seq Scan",
                                "Parent Relationship": "Outer",
                                "Parallel Aware": true,
                                "Relation Name": "title",
                                "Alias": "t",
                                "Startup Cost": 0.0,
                                "Total Cost": 58306.47,
                                "Plan Rows": 671884,
                                "Plan Width": 4,
                                "Actual Startup Time": 0.035,
                                "Actual Total Time": 183.003,
                                "Actual Rows": 617644,
                                "Actual Loops": 2,
                                "Filter": "((production_year > 1984) AND (kind_id = 7))",
                                "Rows Removed by Filter": 646512
                              }
                            ]
                          }
                        ]
                      }
                    ]
                  }
                ]
              }
            ]
          }
        ]
      }
    ]
  },
  "Planning Time": 0.632,
  "Triggers": [],
  "Execution Time": 3797.313
}