[
  {
    "Plan": {
      "Node Type": "Aggregate",
      "Strategy": "Plain",
      "Partial Mode": "Finalize",
      "Parallel Aware": false,
      "Startup Cost": 32656.87,
      "Total Cost": 32656.88,
      "Plan Rows": 1,
      "Plan Width": 8,
      "Actual Startup Time": 82.539,
      "Actual Total Time": 90.685,
      "Actual Rows": 1,
      "Actual Loops": 1,
      "Plans": [
        {
          "Node Type": "Gather",
          "Parent Relationship": "Outer",
          "Parallel Aware": false,
          "Startup Cost": 32656.55,
          "Total Cost": 32656.86,
          "Plan Rows": 3,
          "Plan Width": 8,
          "Actual Startup Time": 82.436,
          "Actual Total Time": 90.678,
          "Actual Rows": 4,
          "Actual Loops": 1,
          "Workers Planned": 3,
          "Workers Launched": 3,
          "Single Copy": false,
          "Plans": [
            {
              "Node Type": "Aggregate",
              "Strategy": "Plain",
              "Partial Mode": "Partial",
              "Parent Relationship": "Outer",
              "Parallel Aware": false,
              "Startup Cost": 31656.55,
              "Total Cost": 31656.56,
              "Plan Rows": 1,
              "Plan Width": 8,
              "Actual Startup Time": 77.583,
              "Actual Total Time": 77.584,
              "Actual Rows": 1,
              "Actual Loops": 4,
              "Plans": [
                {
                  "Node Type": "Seq Scan",
                  "Parent Relationship": "Outer",
                  "Parallel Aware": true,
                  "Relation Name": "movie_companies",
                  "Alias": "mc",
                  "Startup Cost": 0.0,
                  "Total Cost": 31414.82,
                  "Plan Rows": 96692,
                  "Plan Width": 0,
                  "Actual Startup Time": 0.034,
                  "Actual Total Time": 70.247,
                  "Actual Rows": 108543,
                  "Actual Loops": 4,
                  "Filter": "((company_id < 698) AND (company_type_id < 2))",
                  "Rows Removed by Filter": 543739
                }
              ]
            }
          ]
        }
      ]
    },
    "Planning Time": 0.259,
    "Triggers": [],
    "Execution Time": 90.761
  }
]