[
  {
    "Plan": {
      "Node Type": "Aggregate",
      "Strategy": "Plain",
      "Partial Mode": "Finalize",
      "Parallel Aware": false,
      "Startup Cost": 46508.25,
      "Total Cost": 46508.26,
      "Plan Rows": 1,
      "Plan Width": 8,
      "Actual Startup Time": 75.014,
      "Actual Total Time": 82.043,
      "Actual Rows": 1,
      "Actual Loops": 1,
      "Plans": [
        {
          "Node Type": "Gather",
          "Parent Relationship": "Outer",
          "Parallel Aware": false,
          "Startup Cost": 46507.83,
          "Total Cost": 46508.24,
          "Plan Rows": 4,
          "Plan Width": 8,
          "Actual Startup Time": 74.925,
          "Actual Total Time": 82.038,
          "Actual Rows": 5,
          "Actual Loops": 1,
          "Workers Planned": 4,
          "Workers Launched": 4,
          "Single Copy": false,
          "Plans": [
            {
              "Node Type": "Aggregate",
              "Strategy": "Plain",
              "Partial Mode": "Partial",
              "Parent Relationship": "Outer",
              "Parallel Aware": false,
              "Startup Cost": 45507.83,
              "Total Cost": 45507.84,
              "Plan Rows": 1,
              "Plan Width": 8,
              "Actual Startup Time": 69.389,
              "Actual Total Time": 69.39,
              "Actual Rows": 1,
              "Actual Loops": 5,
              "Plans": [
                {
                  "Node Type": "Seq Scan",
                  "Parent Relationship": "Outer",
                  "Parallel Aware": true,
                  "Relation Name": "title",
                  "Alias": "t",
                  "Startup Cost": 0.0,
                  "Total Cost": 45479.21,
                  "Plan Rows": 11450,
                  "Plan Width": 0,
                  "Actual Startup Time": 41.771,
                  "Actual Total Time": 67.814,
                  "Actual Rows": 33259,
                  "Actual Loops": 5,
                  "Filter": "((production_year < 1952) AND (kind_id = 1))",
                  "Rows Removed by Filter": 472404
                }
              ]
            }
          ]
        }
      ]
    },
    "Planning Time": 0.039,
    "Triggers": [],
    "Execution Time": 82.063
  }
]