[
  {
    "Plan": {
      "Node Type": "Aggregate",
      "Strategy": "Plain",
      "Partial Mode": "Finalize",
      "Parallel Aware": false,
      "Startup Cost": 340073.35,
      "Total Cost": 340073.36,
      "Plan Rows": 1,
      "Plan Width": 8,
      "Actual Startup Time": 427.826,
      "Actual Total Time": 449.402,
      "Actual Rows": 1,
      "Actual Loops": 1,
      "Plans": [
        {
          "Node Type": "Gather",
          "Parent Relationship": "Outer",
          "Parallel Aware": false,
          "Startup Cost": 340072.72,
          "Total Cost": 340073.33,
          "Plan Rows": 6,
          "Plan Width": 8,
          "Actual Startup Time": 427.565,
          "Actual Total Time": 449.394,
          "Actual Rows": 7,
          "Actual Loops": 1,
          "Workers Planned": 6,
          "Workers Launched": 6,
          "Single Copy": false,
          "Plans": [
            {
              "Node Type": "Aggregate",
              "Strategy": "Plain",
              "Partial Mode": "Partial",
              "Parent Relationship": "Outer",
              "Parallel Aware": false,
              "Startup Cost": 339072.72,
              "Total Cost": 339072.73,
              "Plan Rows": 1,
              "Plan Width": 8,
              "Actual Startup Time": 417.04,
              "Actual Total Time": 417.041,
              "Actual Rows": 1,
              "Actual Loops": 7,
              "Plans": [
                {
                  "Node Type": "Index Scan",
                  "Parent Relationship": "Outer",
                  "Parallel Aware": true,
                  "Scan Direction": "Forward",
                  "Index Name": "role_id_cast_info",
                  "Relation Name": "cast_info",
                  "Alias": "ci",
                  "Startup Cost": 0.56,
                  "Total Cost": 335235.55,
                  "Plan Rows": 1534870,
                  "Plan Width": 0,
                  "Actual Startup Time": 207.101,
                  "Actual Total Time": 380.482,
                  "Actual Rows": 828023,
                  "Actual Loops": 7,
                  "Index Cond": "(role_id = 1)",
                  "Rows Removed by Index Recheck": 0,
                  "Filter": "(person_id > 940742)",
                  "Rows Removed by Filter": 982075
                }
              ]
            }
          ]
        }
      ]
    },
    "Planning Time": 0.216,
    "Triggers": [],
    "Execution Time": 449.464
  }
]