[
  {
    "Plan": {
      "Node Type": "Aggregate",
      "Strategy": "Plain",
      "Partial Mode": "Finalize",
      "Parallel Aware": false,
      "Startup Cost": 25406.33,
      "Total Cost": 25406.34,
      "Plan Rows": 1,
      "Plan Width": 8,
      "Actual Startup Time": 58.169,
      "Actual Total Time": 62.525,
      "Actual Rows": 1,
      "Actual Loops": 1,
      "Plans": [
        {
          "Node Type": "Gather",
          "Parent Relationship": "Outer",
          "Parallel Aware": false,
          "Startup Cost": 25406.01,
          "Total Cost": 25406.32,
          "Plan Rows": 3,
          "Plan Width": 8,
          "Actual Startup Time": 57.929,
          "Actual Total Time": 62.519,
          "Actual Rows": 4,
          "Actual Loops": 1,
          "Workers Planned": 3,
          "Workers Launched": 3,
          "Single Copy": false,
          "Plans": [
            {
              "Node Type": "Aggregate",
              "Strategy": "Plain",
              "Partial Mode": "Partial",
              "Parent Relationship": "Outer",
              "Parallel Aware": false,
              "Startup Cost": 24406.01,
              "Total Cost": 24406.02,
              "Plan Rows": 1,
              "Plan Width": 8,
              "Actual Startup Time": 50.791,
              "Actual Total Time": 50.794,
              "Actual Rows": 1,
              "Actual Loops": 4,
              "Plans": [
                {
                  "Node Type": "Bitmap Heap Scan",
                  "Parent Relationship": "Outer",
                  "Parallel Aware": true,
                  "Relation Name": "movie_companies",
                  "Alias": "mc",
                  "Startup Cost": 4518.71,
                  "Total Cost": 24323.33,
                  "Plan Rows": 33072,
                  "Plan Width": 0,
                  "Actual Startup Time": 7.461,
                  "Actual Total Time": 47.619,
                  "Actual Rows": 40319,
                  "Actual Loops": 4,
                  "Recheck Cond": "(company_id < 67)",
                  "Rows Removed by Index Recheck": 0,
                  "Filter": "(company_type_id = 1)",
                  "Rows Removed by Filter": 10504,
                  "Exact Heap Blocks": 9629,
                  "Lossy Heap Blocks": 0,
                  "Plans": [
                    {
                      "Node Type": "Bitmap Index Scan",
                      "Parent Relationship": "Outer",
                      "Parallel Aware": false,
                      "Index Name": "company_id_movie_companies",
                      "Startup Cost": 0.0,
                      "Total Cost": 4493.08,
                      "Plan Rows": 209687,
                      "Plan Width": 0,
                      "Actual Startup Time": 11.836,
                      "Actual Total Time": 11.836,
                      "Actual Rows": 203291,
                      "Actual Loops": 1,
                      "Index Cond": "(company_id < 67)"
                    }
                  ]
                }
              ]
            }
          ]
        }
      ]
    },
    "Planning Time": 0.198,
    "Triggers": [],
    "Execution Time": 62.593
  }
]