[
  {
    "Plan": {
      "Node Type": "Aggregate",
      "Strategy": "Plain",
      "Partial Mode": "Simple",
      "Parallel Aware": false,
      "Startup Cost": 7479.87,
      "Total Cost": 7479.88,
      "Plan Rows": 1,
      "Plan Width": 96,
      "Actual Startup Time": 8290.842,
      "Actual Total Time": 8290.909,
      "Actual Rows": 1,
      "Actual Loops": 1,
      "Plans": [
        {
          "Node Type": "Nested Loop",
          "Parent Relationship": "Outer",
          "Parallel Aware": false,
          "Join Type": "Inner",
          "Startup Cost": 13.61,
          "Total Cost": 7479.87,
          "Plan Rows": 1,
          "Plan Width": 42,
          "Actual Startup Time": 18.751,
          "Actual Total Time": 8287.298,
          "Actual Rows": 6476,
          "Actual Loops": 1,
          "Inner Unique": true,
          "Plans": [
            {
              "Node Type": "Nested Loop",
              "Parent Relationship": "Outer",
              "Parallel Aware": false,
              "Join Type": "Inner",
              "Startup Cost": 13.48,
              "Total Cost": 7479.71,
              "Plan Rows": 1,
              "Plan Width": 46,
              "Actual Startup Time": 18.743,
              "Actual Total Time": 8272.084,
              "Actual Rows": 12810,
              "Actual Loops": 1,
              "Inner Unique": true,
              "Plans": [
                {
                  "Node Type": "Nested Loop",
                  "Parent Relationship": "Outer",
                  "Parallel Aware": false,
                  "Join Type": "Inner",
                  "Startup Cost": 13.35,
                  "Total Cost": 7479.54,
                  "Plan Rows": 1,
                  "Plan Width": 50,
                  "Actual Startup Time": 18.624,
                  "Actual Total Time": 8198.995,
                  "Actual Rows": 46962,
                  "Actual Loops": 1,
                  "Inner Unique": true,
                  "Plans": [
                    {
                      "Node Type": "Nested Loop",
                      "Parent Relationship": "Outer",
                      "Parallel Aware": false,
                      "Join Type": "Inner",
                      "Startup Cost": 12.93,
                      "Total Cost": 7479.0,
                      "Plan Rows": 1,
                      "Plan Width": 35,
                      "Actual Startup Time": 18.521,
                      "Actual Total Time": 7916.85,
                      "Actual Rows": 49724,
                      "Actual Loops": 1,
                      "Inner Unique": true,
                      "Join Filter": "(t.kind_id = kt.id)",
                      "Rows Removed by Join Filter": 2873,
                      "Plans": [
                        {
                          "Node Type": "Nested Loop",
                          "Parent Relationship": "Outer",
                          "Parallel Aware": false,
                          "Join Type": "Inner",
                          "Startup Cost": 12.93,
                          "Total Cost": 7477.88,
                          "Plan Rows": 1,
                          "Plan Width": 39,
                          "Actual Startup Time": 9.838,
                          "Actual Total Time": 7740.719,
                          "Actual Rows": 51032,
                          "Actual Loops": 1,
                          "Inner Unique": true,
                          "Join Filter": "(mi.info_type_id = it1.id)",
                          "Rows Removed by Join Filter": 62446,
                          "Plans": [
                            {
                              "Node Type": "Nested Loop",
                              "Parent Relationship": "Outer",
                              "Parallel Aware": false,
                              "Join Type": "Inner",
                              "Startup Cost": 12.93,
                              "Total Cost": 7475.46,
                              "Plan Rows": 1,
                              "Plan Width": 43,
                              "Actual Startup Time": 9.824,
                              "Actual Total Time": 6761.672,
                              "Actual Rows": 113478,
                              "Actual Loops": 1,
                              "Inner Unique": false,
                              "Join Filter": "(t.id = mi.movie_id)",
                              "Rows Removed by Join Filter": 0,
                              "Plans": [
                                {
                                  "Node Type": "Nested Loop",
                                  "Parent Relationship": "Outer",
                                  "Parallel Aware": false,
                                  "Join Type": "Inner",
                                  "Startup Cost": 12.5,
                                  "Total Cost": 7473.61,
                                  "Plan Rows": 1,
                                  "Plan Width": 59,
                                  "Actual Startup Time": 9.173,
                                  "Actual Total Time": 1661.546,
                                  "Actual Rows": 54064,
                                  "Actual Loops": 1,
                                  "Inner Unique": true,
                                  "Plans": [
                                    {
                                      "Node Type": "Nested Loop",
                                      "Parent Relationship": "Outer",
                                      "Parallel Aware": false,
                                      "Join Type": "Inner",
                                      "Startup Cost": 12.07,
                                      "Total Cost": 7473.12,
                                      "Plan Rows": 1,
                                      "Plan Width": 34,
                                      "Actual Startup Time": 9.055,
                                      "Actual Total Time": 1318.239,
                                      "Actual Rows": 70488,
                                      "Actual Loops": 1,
                                      "Inner Unique": true,
                                      "Join Filter": "(mc.company_type_id = ct.id)",
                                      "Rows Removed by Join Filter": 10,
                                      "Plans": [
                                        {
                                          "Node Type": "Nested Loop",
                                          "Parent Relationship": "Outer",
                                          "Parallel Aware": false,
                                          "Join Type": "Inner",
                                          "Startup Cost": 12.07,
                                          "Total Cost": 7472.03,
                                          "Plan Rows": 1,
                                          "Plan Width": 38,
                                          "Actual Startup Time": 9.035,
                                          "Actual Total Time": 1073.344,
                                          "Actual Rows": 70488,
                                          "Actual Loops": 1,
                                          "Inner Unique": false,
                                          "Plans": [
                                            {
                                              "Node Type": "Nested Loop",
                                              "Parent Relationship": "Outer",
                                              "Parallel Aware": false,
                                              "Join Type": "Inner",
                                              "Startup Cost": 11.64,
                                              "Total Cost": 7471.45,
                                              "Plan Rows": 1,
                                              "Plan Width": 26,
                                              "Actual Startup Time": 8.754,
                                              "Actual Total Time": 669.382,
                                              "Actual Rows": 19344,
                                              "Actual Loops": 1,
                                              "Inner Unique": false,
                                              "Plans": [
                                                {
                                                  "Node Type": "Nested Loop",
                                                  "Parent Relationship": "Outer",
                                                  "Parallel Aware": false,
                                                  "Join Type": "Inner",
                                                  "Startup Cost": 11.22,
                                                  "Total Cost": 7470.02,
                                                  "Plan Rows": 3,
                                                  "Plan Width": 14,
                                                  "Actual Startup Time": 6.579,
                                                  "Actual Total Time": 557.369,
                                                  "Actual Rows": 31800,
                                                  "Actual Loops": 1,
                                                  "Inner Unique": false,
                                                  "Join Filter": "(mi_idx.info_type_id = it2.id)",
                                                  "Rows Removed by Join Filter": 62093,
                                                  "Plans": [
                                                    {
                                                      "Node Type": "Seq Scan",
                                                      "Parent Relationship": "Outer",
                                                      "Parallel Aware": false,
                                                      "Relation Name": "info_type",
                                                      "Alias": "it2",
                                                      "Startup Cost": 0.0,
                                                      "Total Cost": 2.41,
                                                      "Plan Rows": 1,
                                                      "Plan Width": 4,
                                                      "Actual Startup Time": 0.037,
                                                      "Actual Total Time": 0.067,
                                                      "Actual Rows": 1,
                                                      "Actual Loops": 1,
                                                      "Filter": "((info)::text = 'rating'::text)",
                                                      "Rows Removed by Filter": 112
                                                    },
                                                    {
                                                      "Node Type": "Nested Loop",
                                                      "Parent Relationship": "Inner",
                                                      "Parallel Aware": false,
                                                      "Join Type": "Inner",
                                                      "Startup Cost": 11.22,
                                                      "Total Cost": 7462.85,
                                                      "Plan Rows": 381,
                                                      "Plan Width": 18,
                                                      "Actual Startup Time": 6.533,
                                                      "Actual Total Time": 545.935,
                                                      "Actual Rows": 93893,
                                                      "Actual Loops": 1,
                                                      "Inner Unique": false,
                                                      "Plans": [
                                                        {
                                                          "Node Type": "Nested Loop",
                                                          "Parent Relationship": "Outer",
                                                          "Parallel Aware": false,
                                                          "Join Type": "Inner",
                                                          "Startup Cost": 10.79,
                                                          "Total Cost": 7391.29,
                                                          "Plan Rows": 135,
                                                          "Plan Width": 4,
                                                          "Actual Startup Time": 6.451,
                                                          "Actual Total Time": 286.653,
                                                          "Actual Rows": 37091,
                                                          "Actual Loops": 1,
                                                          "Inner Unique": false,
                                                          "Plans": [
                                                            {
                                                              "Node Type": "Seq Scan",
                                                              "Parent Relationship": "Outer",
                                                              "Parallel Aware": false,
                                                              "Relation Name": "keyword",
                                                              "Alias": "k",
                                                              "Startup Cost": 0.0,
                                                              "Total Cost": 2961.55,
                                                              "Plan Rows": 4,
                                                              "Plan Width": 4,
                                                              "Actual Startup Time": 1.69,
                                                              "Actual Total Time": 60.31,
                                                              "Actual Rows": 3,
                                                              "Actual Loops": 1,
                                                              "Filter": "(keyword = ANY ('{murder,murder-in-title,blood,violence}'::text[]))",
                                                              "Rows Removed by Filter": 134167
                                                            },
                                                            {
                                                              "Node Type": "Bitmap Heap Scan",
                                                              "Parent Relationship": "Inner",
                                                              "Parallel Aware": false,
                                                              "Relation Name": "movie_keyword",
                                                              "Alias": "mk",
                                                              "Startup Cost": 10.79,
                                                              "Total Cost": 1104.4,
                                                              "Plan Rows": 304,
                                                              "Plan Width": 8,
                                                              "Actual Startup Time": 3.678,
                                                              "Actual Total Time": 72.359,
                                                              "Actual Rows": 12364,
                                                              "Actual Loops": 3,
                                                              "Recheck Cond": "(keyword_id = k.id)",
                                                              "Rows Removed by Index Recheck": 0,
                                                              "Exact Heap Blocks": 26312,
                                                              "Lossy Heap Blocks": 0,
                                                              "Plans": [
                                                                {
                                                                  "Node Type": "Bitmap Index Scan",
                                                                  "Parent Relationship": "Outer",
                                                                  "Parallel Aware": false,
                                                                  "Index Name": "keyword_id_movie_keyword",
                                                                  "Startup Cost": 0.0,
                                                                  "Total Cost": 10.71,
                                                                  "Plan Rows": 304,
                                                                  "Plan Width": 0,
                                                                  "Actual Startup Time": 2.525,
                                                                  "Actual Total Time": 2.525,
                                                                  "Actual Rows": 12364,
                                                                  "Actual Loops": 3,
                                                                  "Index Cond": "(keyword_id = k.id)"
                                                                }
                                                              ]
                                                            }
                                                          ]
                                                        },
                                                        {
                                                          "Node Type": "Index Scan",
                                                          "Parent Relationship": "Inner",
                                                          "Parallel Aware": false,
                                                          "Scan Direction": "Forward",
                                                          "Index Name": "movie_id_movie_info_idx",
                                                          "Relation Name": "movie_info_idx",
                                                          "Alias": "mi_idx",
                                                          "Startup Cost": 0.43,
                                                          "Total Cost": 0.5,
                                                          "Plan Rows": 3,
                                                          "Plan Width": 14,
                                                          "Actual Startup Time": 0.005,
                                                          "Actual Total Time": 0.006,
                                                          "Actual Rows": 3,
                                                          "Actual Loops": 37091,
                                                          "Index Cond": "(movie_id = mk.movie_id)",
                                                          "Rows Removed by Index Recheck": 0,
                                                          "Filter": "(info < '8.5'::text)",
                                                          "Rows Removed by Filter": 0
                                                        }
                                                      ]
                                                    }
                                                  ]
                                                },
                                                {
                                                  "Node Type": "Index Scan",
                                                  "Parent Relationship": "Inner",
                                                  "Parallel Aware": false,
                                                  "Scan Direction": "Forward",
                                                  "Index Name": "movie_id_complete_cast",
                                                  "Relation Name": "complete_cast",
                                                  "Alias": "cc",
                                                  "Startup Cost": 0.42,
                                                  "Total Cost": 0.46,
                                                  "Plan Rows": 2,
                                                  "Plan Width": 12,
                                                  "Actual Startup Time": 0.003,
                                                  "Actual Total Time": 0.003,
                                                  "Actual Rows": 1,
                                                  "Actual Loops": 31800,
                                                  "Index Cond": "(movie_id = mk.movie_id)",
                                                  "Rows Removed by Index Recheck": 0
                                                }
                                              ]
                                            },
                                            {
                                              "Node Type": "Index Scan",
                                              "Parent Relationship": "Inner",
                                              "Parallel Aware": false,
                                              "Scan Direction": "Forward",
                                              "Index Name": "movie_id_movie_companies",
                                              "Relation Name": "movie_companies",
                                              "Alias": "mc",
                                              "Startup Cost": 0.43,
                                              "Total Cost": 0.57,
                                              "Plan Rows": 1,
                                              "Plan Width": 12,
                                              "Actual Startup Time": 0.013,
                                              "Actual Total Time": 0.02,
                                              "Actual Rows": 4,
                                              "Actual Loops": 19344,
                                              "Index Cond": "(movie_id = mk.movie_id)",
                                              "Rows Removed by Index Recheck": 0,
                                              "Filter": "((note !~~ '%(USA)%'::text) AND (note ~~ '%(200%)%'::text))",
                                              "Rows Removed by Filter": 10
                                            }
                                          ]
                                        },
                                        {
                                          "Node Type": "Seq Scan",
                                          "Parent Relationship": "Inner",
                                          "Parallel Aware": false,
                                          "Relation Name": "company_type",
                                          "Alias": "ct",
                                          "Startup Cost": 0.0,
                                          "Total Cost": 1.04,
                                          "Plan Rows": 4,
                                          "Plan Width": 4,
                                          "Actual Startup Time": 0.001,
                                          "Actual Total Time": 0.001,
                                          "Actual Rows": 1,
                                          "Actual Loops": 70488
                                        }
                                      ]
                                    },
                                    {
                                      "Node Type": "Index Scan",
                                      "Parent Relationship": "Inner",
                                      "Parallel Aware": false,
                                      "Scan Direction": "Forward",
                                      "Index Name": "title_pkey",
                                      "Relation Name": "title",
                                      "Alias": "t",
                                      "Startup Cost": 0.43,
                                      "Total Cost": 0.49,
                                      "Plan Rows": 1,
                                      "Plan Width": 25,
                                      "Actual Startup Time": 0.004,
                                      "Actual Total Time": 0.004,
                                      "Actual Rows": 1,
                                      "Actual Loops": 70488,
                                      "Index Cond": "(id = mk.movie_id)",
                                      "Rows Removed by Index Recheck": 0,
                                      "Filter": "(production_year < 2006)",
                                      "Rows Removed by Filter": 0
                                    }
                                  ]
                                },
                                {
                                  "Node Type": "Index Scan",
                                  "Parent Relationship": "Inner",
                                  "Parallel Aware": false,
                                  "Scan Direction": "Forward",
                                  "Index Name": "movie_id_movie_info",
                                  "Relation Name": "movie_info",
                                  "Alias": "mi",
                                  "Startup Cost": 0.43,
                                  "Total Cost": 1.83,
                                  "Plan Rows": 2,
                                  "Plan Width": 8,
                                  "Actual Startup Time": 0.073,
                                  "Actual Total Time": 0.094,
                                  "Actual Rows": 2,
                                  "Actual Loops": 54064,
                                  "Index Cond": "(movie_id = mk.movie_id)",
                                  "Rows Removed by Index Recheck": 0,
                                  "Filter": "(info = ANY ('{Sweden,Norway,Germany,Denmark,Swedish,Danish,Norwegian,German,USA,American}'::text[]))",
                                  "Rows Removed by Filter": 217
                                }
                              ]
                            },
                            {
                              "Node Type": "Seq Scan",
                              "Parent Relationship": "Inner",
                              "Parallel Aware": false,
                              "Relation Name": "info_type",
                              "Alias": "it1",
                              "Startup Cost": 0.0,
                              "Total Cost": 2.41,
                              "Plan Rows": 1,
                              "Plan Width": 4,
                              "Actual Startup Time": 0.003,
                              "Actual Total Time": 0.007,
                              "Actual Rows": 1,
                              "Actual Loops": 113478,
                              "Filter": "((info)::text = 'countries'::text)",
                              "Rows Removed by Filter": 65
                            }
                          ]
                        },
                        {
                          "Node Type": "Seq Scan",
                          "Parent Relationship": "Inner",
                          "Parallel Aware": false,
                          "Relation Name": "kind_type",
                          "Alias": "kt",
                          "Startup Cost": 0.0,
                          "Total Cost": 1.09,
                          "Plan Rows": 2,
                          "Plan Width": 4,
                          "Actual Startup Time": 0.001,
                          "Actual Total Time": 0.001,
                          "Actual Rows": 1,
                          "Actual Loops": 51032,
                          "Filter": "((kind)::text = ANY ('{movie,episode}'::text[]))",
                          "Rows Removed by Filter": 0
                        }
                      ]
                    },
                    {
                      "Node Type": "Index Scan",
                      "Parent Relationship": "Inner",
                      "Parallel Aware": false,
                      "Scan Direction": "Forward",
                      "Index Name": "company_name_pkey",
                      "Relation Name": "company_name",
                      "Alias": "cn",
                      "Startup Cost": 0.42,
                      "Total Cost": 0.54,
                      "Plan Rows": 1,
                      "Plan Width": 23,
                      "Actual Startup Time": 0.005,
                      "Actual Total Time": 0.005,
                      "Actual Rows": 1,
                      "Actual Loops": 49724,
                      "Index Cond": "(id = mc.company_id)",
                      "Rows Removed by Index Recheck": 0,
                      "Filter": "((country_code)::text <> '[us]'::text)",
                      "Rows Removed by Filter": 0
                    }
                  ]
                },
                {
                  "Node Type": "Index Scan",
                  "Parent Relationship": "Inner",
                  "Parallel Aware": false,
                  "Scan Direction": "Forward",
                  "Index Name": "comp_cast_type_pkey",
                  "Relation Name": "comp_cast_type",
                  "Alias": "cct1",
                  "Startup Cost": 0.13,
                  "Total Cost": 0.15,
                  "Plan Rows": 1,
                  "Plan Width": 4,
                  "Actual Startup Time": 0.001,
                  "Actual Total Time": 0.001,
                  "Actual Rows": 0,
                  "Actual Loops": 46962,
                  "Index Cond": "(id = cc.subject_id)",
                  "Rows Removed by Index Recheck": 0,
                  "Filter": "((kind)::text = 'crew'::text)",
                  "Rows Removed by Filter": 1
                }
              ]
            },
            {
              "Node Type": "Index Scan",
              "Parent Relationship": "Inner",
              "Parallel Aware": false,
              "Scan Direction": "Forward",
              "Index Name": "comp_cast_type_pkey",
              "Relation Name": "comp_cast_type",
              "Alias": "cct2",
              "Startup Cost": 0.13,
              "Total Cost": 0.15,
              "Plan Rows": 1,
              "Plan Width": 4,
              "Actual Startup Time": 0.001,
              "Actual Total Time": 0.001,
              "Actual Rows": 1,
              "Actual Loops": 12810,
              "Index Cond": "(id = cc.status_id)",
              "Rows Removed by Index Recheck": 0,
              "Filter": "((kind)::text <> 'complete+verified'::text)",
              "Rows Removed by Filter": 0
            }
          ]
        }
      ]
    },
    "Planning Time": 521.832,
    "Triggers": [],
    "Execution Time": 8292.053
  }
]