[
  {
    "Plan": {
      "Node Type": "Aggregate",
      "Strategy": "Plain",
      "Partial Mode": "Finalize",
      "Parallel Aware": false,
      "Startup Cost": 24721.68,
      "Total Cost": 24721.69,
      "Plan Rows": 1,
      "Plan Width": 8,
      "Actual Startup Time": 69.542,
      "Actual Total Time": 73.92,
      "Actual Rows": 1,
      "Actual Loops": 1,
      "Plans": [
        {
          "Node Type": "Gather",
          "Parent Relationship": "Outer",
          "Parallel Aware": false,
          "Startup Cost": 24721.36,
          "Total Cost": 24721.67,
          "Plan Rows": 3,
          "Plan Width": 8,
          "Actual Startup Time": 69.333,
          "Actual Total Time": 73.912,
          "Actual Rows": 4,
          "Actual Loops": 1,
          "Workers Planned": 3,
          "Workers Launched": 3,
          "Single Copy": false,
          "Plans": [
            {
              "Node Type": "Aggregate",
              "Strategy": "Plain",
              "Partial Mode": "Partial",
              "Parent Relationship": "Outer",
              "Parallel Aware": false,
              "Startup Cost": 23721.36,
              "Total Cost": 23721.37,
              "Plan Rows": 1,
              "Plan Width": 8,
              "Actual Startup Time": 60.74,
              "Actual Total Time": 60.741,
              "Actual Rows": 1,
              "Actual Loops": 4,
              "Plans": [
                {
                  "Node Type": "Bitmap Heap Scan",
                  "Parent Relationship": "Outer",
                  "Parallel Aware": true,
                  "Relation Name": "movie_companies",
                  "Alias": "mc",
                  "Startup Cost": 3967.85,
                  "Total Cost": 23648.76,
                  "Plan Rows": 29040,
                  "Plan Width": 0,
                  "Actual Startup Time": 22.267,
                  "Actual Total Time": 57.439,
                  "Actual Rows": 35710,
                  "Actual Loops": 4,
                  "Recheck Cond": "(company_id < 39)",
                  "Rows Removed by Index Recheck": 0,
                  "Filter": "(company_type_id < 2)",
                  "Rows Removed by Filter": 9588,
                  "Exact Heap Blocks": 9450,
                  "Lossy Heap Blocks": 0,
                  "Plans": [
                    {
                      "Node Type": "Bitmap Index Scan",
                      "Parent Relationship": "Outer",
                      "Parallel Aware": false,
                      "Index Name": "company_id_movie_companies",
                      "Startup Cost": 0.0,
                      "Total Cost": 3945.34,
                      "Plan Rows": 184122,
                      "Plan Width": 0,
                      "Actual Startup Time": 26.449,
                      "Actual Total Time": 26.45,
                      "Actual Rows": 181192,
                      "Actual Loops": 1,
                      "Index Cond": "(company_id < 39)"
                    }
                  ]
                }
              ]
            }
          ]
        }
      ]
    },
    "Planning Time": 0.313,
    "Triggers": [],
    "Execution Time": 73.996
  }
]