[
    {
        "Bao": {
            "Bao prediction": "NaN",
            "Bao recommended hint": "(no hint)"
        }
    },
    {
        "Plan": {
            "Node Type": "Aggregate",
            "Strategy": "Plain",
            "Partial Mode": "Finalize",
            "Parallel Aware": false,
            "Startup Cost": 32694.59,
            "Total Cost": 32694.6,
            "Plan Rows": 1,
            "Plan Width": 8,
            "Actual Startup Time": 77.718,
            "Actual Total Time": 82.479,
            "Actual Rows": 1,
            "Actual Loops": 1,
            "Output": [
                "count(*)"
            ],
            "Plans": [
                {
                    "Node Type": "Gather",
                    "Parent Relationship": "Outer",
                    "Parallel Aware": false,
                    "Startup Cost": 32694.27,
                    "Total Cost": 32694.58,
                    "Plan Rows": 3,
                    "Plan Width": 8,
                    "Actual Startup Time": 77.628,
                    "Actual Total Time": 82.472,
                    "Actual Rows": 4,
                    "Actual Loops": 1,
                    "Output": [
                        "(PARTIAL count(*))"
                    ],
                    "Workers Planned": 3,
                    "Workers Launched": 3,
                    "Single Copy": false,
                    "Plans": [
                        {
                            "Node Type": "Aggregate",
                            "Strategy": "Plain",
                            "Partial Mode": "Partial",
                            "Parent Relationship": "Outer",
                            "Parallel Aware": false,
                            "Startup Cost": 31694.27,
                            "Total Cost": 31694.28,
                            "Plan Rows": 1,
                            "Plan Width": 8,
                            "Actual Startup Time": 69.624,
                            "Actual Total Time": 69.625,
                            "Actual Rows": 1,
                            "Actual Loops": 4,
                            "Output": [
                                "PARTIAL count(*)"
                            ],
                            "Workers": [
                                {
                                    "Worker Number": 0,
                                    "Actual Startup Time": 66.751,
                                    "Actual Total Time": 66.751,
                                    "Actual Rows": 1,
                                    "Actual Loops": 1
                                },
                                {
                                    "Worker Number": 1,
                                    "Actual Startup Time": 67.245,
                                    "Actual Total Time": 67.246,
                                    "Actual Rows": 1,
                                    "Actual Loops": 1
                                },
                                {
                                    "Worker Number": 2,
                                    "Actual Startup Time": 67.272,
                                    "Actual Total Time": 67.273,
                                    "Actual Rows": 1,
                                    "Actual Loops": 1
                                }
                            ],
                            "Plans": [
                                {
                                    "Node Type": "Seq Scan",
                                    "Parent Relationship": "Outer",
                                    "Parallel Aware": true,
                                    "Relation Name": "movie_companies",
                                    "Schema": "public",
                                    "Alias": "mc",
                                    "Startup Cost": 0.0,
                                    "Total Cost": 31414.82,
                                    "Plan Rows": 111780,
                                    "Plan Width": 0,
                                    "Actual Startup Time": 24.9,
                                    "Actual Total Time": 69.062,
                                    "Actual Rows": 8958,
                                    "Actual Loops": 4,
                                    "Output": [
                                        "id",
                                        "movie_id",
                                        "company_id",
                                        "company_type_id",
                                        "note"
                                    ],
                                    "Filter": "((mc.company_id > 44480) AND (mc.company_type_id < 2))",
                                    "Rows Removed by Filter": 643324,
                                    "Workers": [
                                        {
                                            "Worker Number": 0,
                                            "Actual Startup Time": 22.026,
                                            "Actual Total Time": 66.192,
                                            "Actual Rows": 7667,
                                            "Actual Loops": 1
                                        },
                                        {
                                            "Worker Number": 1,
                                            "Actual Startup Time": 22.522,
                                            "Actual Total Time": 66.708,
                                            "Actual Rows": 7381,
                                            "Actual Loops": 1
                                        },
                                        {
                                            "Worker Number": 2,
                                            "Actual Startup Time": 22.552,
                                            "Actual Total Time": 66.721,
                                            "Actual Rows": 6408,
                                            "Actual Loops": 1
                                        }
                                    ]
                                }
                            ]
                        }
                    ]
                }
            ]
        },
        "Planning Time": 282.312,
        "Triggers": [],
        "Execution Time": 82.56
    }
]