{
  "Plan": {
    "Node Type": "Aggregate",
    "Strategy": "Plain",
    "Partial Mode": "Finalize",
    "Parallel Aware": false,
    "Startup Cost": 78066.0,
    "Total Cost": 78066.01,
    "Plan Rows": 1,
    "Plan Width": 8,
    "Actual Startup Time": 347.714,
    "Actual Total Time": 360.559,
    "Actual Rows": 1,
    "Actual Loops": 1,
    "Plans": [
      {
        "Node Type": "Gather",
        "Parent Relationship": "Outer",
        "Parallel Aware": false,
        "Startup Cost": 78065.89,
        "Total Cost": 78066.0,
        "Plan Rows": 1,
        "Plan Width": 8,
        "Actual Startup Time": 346.857,
        "Actual Total Time": 360.55,
        "Actual Rows": 2,
        "Actual Loops": 1,
        "Workers Planned": 1,
        "Workers Launched": 1,
        "Single Copy": false,
        "Plans": [
          {
            "Node Type": "Aggregate",
            "Strategy": "Plain",
            "Partial Mode": "Partial",
            "Parent Relationship": "Outer",
            "Parallel Aware": false,
            "Startup Cost": 77065.89,
            "Total Cost": 77065.9,
            "Plan Rows": 1,
            "Plan Width": 8,
            "Actual Startup Time": 341.12,
            "Actual Total Time": 341.31,
            "Actual Rows": 1,
            "Actual Loops": 2,
            "Plans": [
              {
                "Node Type": "Hash Join",
                "Parent Relationship": "Outer",
                "Parallel Aware": true,
                "Join Type": "Inner",
                "Startup Cost": 58825.44,
                "Total Cost": 77009.23,
                "Plan Rows": 22662,
                "Plan Width": 0,
                "Actual Startup Time": 195.594,
                "Actual Total Time": 338.889,
                "Actual Rows": 48261,
                "Actual Loops": 2,
                "Inner Unique": true,
                "Hash Cond": "(mi_idx.movie_id = t.id)",
                "Plans": [
                  {
                    "Node Type": "Seq Scan",
                    "Parent Relationship": "Outer",
                    "Parallel Aware": true,
                    "Relation Name": "movie_info_idx",
                    "Alias": "mi_idx",
                    "Startup Cost": 0.0,
                    "Total Cost": 16052.85,
                    "Plan Rows": 811785,
                    "Plan Width": 4,
                    "Actual Startup Time": 0.021,
                    "Actual Total Time": 58.122,
                    "Actual Rows": 690018,
                    "Actual Loops": 2
                  },
                  {
                    "Node Type": "Hash",
                    "Parent Relationship": "Inner",
                    "Parallel Aware": true,
                    "Startup Cost": 58306.47,
                    "Total Cost": 58306.47,
                    "Plan Rows": 41518,
                    "Plan Width": 4,
                    "Actual Startup Time": 192.548,
                    "Actual Total Time": 192.549,
                    "Actual Rows": 86948,
                    "Actual Loops": 2,
                    "Hash Buckets": 262144,
                    "Original Hash Buckets": 131072,
                    "Hash Batches": 1,
                    "Original Hash Batches": 1,
                    "Peak Memory Usage": 9920,
                    "Plans": [
                      {
                        "Node Type": "Seq Scan",
                        "Parent Relationship": "Outer",
                        "Parallel Aware": true,
                        "Relation Name": "title",
                        "Alias": "t",
                        "Startup Cost": 0.0,
                        "Total Cost": 58306.47,
                        "Plan Rows": 41518,
                        "Plan Width": 4,
                        "Actual Startup Time": 0.285,
                        "Actual Total Time": 161.448,
                        "Actual Rows": 86948,
                        "Actual Loops": 2,
                        "Filter": "((kind_id < 7) AND (production_year < 1954))",
                        "Rows Removed by Filter": 1177208
                      }
                    ]
                  }
                ]
              }
            ]
          }
        ]
      }
    ]
  },
  "Planning Time": 0.377,
  "Triggers": [],
  "Execution Time": 360.624
}