[
  {
    "Plan": {
      "Node Type": "Aggregate",
      "Strategy": "Plain",
      "Partial Mode": "Finalize",
      "Parallel Aware": false,
      "Startup Cost": 47462.71,
      "Total Cost": 47462.72,
      "Plan Rows": 1,
      "Plan Width": 8,
      "Actual Startup Time": 99.527,
      "Actual Total Time": 112.684,
      "Actual Rows": 1,
      "Actual Loops": 1,
      "Plans": [
        {
          "Node Type": "Gather",
          "Parent Relationship": "Outer",
          "Parallel Aware": false,
          "Startup Cost": 47462.29,
          "Total Cost": 47462.7,
          "Plan Rows": 4,
          "Plan Width": 8,
          "Actual Startup Time": 99.414,
          "Actual Total Time": 112.677,
          "Actual Rows": 5,
          "Actual Loops": 1,
          "Workers Planned": 4,
          "Workers Launched": 4,
          "Single Copy": false,
          "Plans": [
            {
              "Node Type": "Aggregate",
              "Strategy": "Plain",
              "Partial Mode": "Partial",
              "Parent Relationship": "Outer",
              "Parallel Aware": false,
              "Startup Cost": 46462.29,
              "Total Cost": 46462.3,
              "Plan Rows": 1,
              "Plan Width": 8,
              "Actual Startup Time": 89.984,
              "Actual Total Time": 89.986,
              "Actual Rows": 1,
              "Actual Loops": 5,
              "Plans": [
                {
                  "Node Type": "Nested Loop",
                  "Parent Relationship": "Outer",
                  "Parallel Aware": false,
                  "Join Type": "Inner",
                  "Startup Cost": 0.43,
                  "Total Cost": 46462.19,
                  "Plan Rows": 43,
                  "Plan Width": 0,
                  "Actual Startup Time": 60.486,
                  "Actual Total Time": 89.959,
                  "Actual Rows": 153,
                  "Actual Loops": 5,
                  "Inner Unique": false,
                  "Plans": [
                    {
                      "Node Type": "Seq Scan",
                      "Parent Relationship": "Outer",
                      "Parallel Aware": true,
                      "Relation Name": "title",
                      "Alias": "t",
                      "Startup Cost": 0.0,
                      "Total Cost": 45479.1,
                      "Plan Rows": 119,
                      "Plan Width": 4,
                      "Actual Startup Time": 60.003,
                      "Actual Total Time": 85.406,
                      "Actual Rows": 569,
                      "Actual Loops": 5,
                      "Filter": "((kind_id = 1) AND (production_year = 1926))",
                      "Rows Removed by Filter": 505093
                    },
                    {
                      "Node Type": "Index Scan",
                      "Parent Relationship": "Inner",
                      "Parallel Aware": false,
                      "Scan Direction": "Forward",
                      "Index Name": "movie_id_movie_info_idx",
                      "Relation Name": "movie_info_idx",
                      "Alias": "mi_idx",
                      "Startup Cost": 0.43,
                      "Total Cost": 8.24,
                      "Plan Rows": 2,
                      "Plan Width": 4,
                      "Actual Startup Time": 0.007,
                      "Actual Total Time": 0.007,
                      "Actual Rows": 0,
                      "Actual Loops": 2847,
                      "Index Cond": "(movie_id = t.id)",
                      "Rows Removed by Index Recheck": 0,
                      "Filter": "(info_type_id < 101)",
                      "Rows Removed by Filter": 0
                    }
                  ]
                }
              ]
            }
          ]
        }
      ]
    },
    "Planning Time": 0.649,
    "Triggers": [],
    "Execution Time": 112.754
  }
]