{
  "Plan": {
    "Node Type": "Aggregate",
    "Strategy": "Plain",
    "Partial Mode": "Finalize",
    "Parallel Aware": false,
    "Startup Cost": 949984.56,
    "Total Cost": 949984.57,
    "Plan Rows": 1,
    "Plan Width": 8,
    "Actual Startup Time": 19573.373,
    "Actual Total Time": 19783.186,
    "Actual Rows": 1,
    "Actual Loops": 1,
    "Plans": [
      {
        "Node Type": "Gather",
        "Parent Relationship": "Outer",
        "Parallel Aware": false,
        "Startup Cost": 949984.45,
        "Total Cost": 949984.56,
        "Plan Rows": 1,
        "Plan Width": 8,
        "Actual Startup Time": 19540.985,
        "Actual Total Time": 19783.176,
        "Actual Rows": 2,
        "Actual Loops": 1,
        "Workers Planned": 1,
        "Workers Launched": 1,
        "Single Copy": false,
        "Plans": [
          {
            "Node Type": "Aggregate",
            "Strategy": "Plain",
            "Partial Mode": "Partial",
            "Parent Relationship": "Outer",
            "Parallel Aware": false,
            "Startup Cost": 948984.45,
            "Total Cost": 948984.46,
            "Plan Rows": 1,
            "Plan Width": 8,
            "Actual Startup Time": 19488.977,
            "Actual Total Time": 19488.985,
            "Actual Rows": 1,
            "Actual Loops": 2,
            "Plans": [
              {
                "Node Type": "Hash Join",
                "Parent Relationship": "Outer",
                "Parallel Aware": true,
                "Join Type": "Inner",
                "Startup Cost": 833536.65,
                "Total Cost": 929167.32,
                "Plan Rows": 7926850,
                "Plan Width": 0,
                "Actual Startup Time": 15934.905,
                "Actual Total Time": 18539.666,
                "Actual Rows": 23377918,
                "Actual Loops": 2,
                "Inner Unique": false,
                "Hash Cond": "(mk.movie_id = t.id)",
                "Plans": [
                  {
                    "Node Type": "Bitmap Heap Scan",
                    "Parent Relationship": "Outer",
                    "Parallel Aware": true,
                    "Relation Name": "movie_keyword",
                    "Alias": "mk",
                    "Startup Cost": 24418.41,
                    "Total Cost": 57337.29,
                    "Plan Rows": 677190,
                    "Plan Width": 4,
                    "Actual Startup Time": 75.348,
                    "Actual Total Time": 182.174,
                    "Actual Rows": 579930,
                    "Actual Loops": 2,
                    "Recheck Cond": "(keyword_id < 1382)",
                    "Rows Removed by Index Recheck": 0,
                    "Exact Heap Blocks": 11977,
                    "Lossy Heap Blocks": 0,
                    "Plans": [
                      {
                        "Node Type": "Bitmap Index Scan",
                        "Parent Relationship": "Outer",
                        "Parallel Aware": false,
                        "Index Name": "keyword_id_movie_keyword",
                        "Startup Cost": 0.0,
                        "Total Cost": 24130.6,
                        "Plan Rows": 1151223,
                        "Plan Width": 0,
                        "Actual Startup Time": 71.701,
                        "Actual Total Time": 71.702,
                        "Actual Rows": 1159861,
                        "Actual Loops": 1,
                        "Index Cond": "(keyword_id < 1382)"
                      }
                    ]
                  },
                  {
                    "Node Type": "Hash",
                    "Parent Relationship": "Inner",
                    "Parallel Aware": true,
                    "Startup Cost": 591508.38,
                    "Total Cost": 591508.38,
                    "Plan Rows": 17408789,
                    "Plan Width": 8,
                    "Actual Startup Time": 15755.726,
                    "Actual Total Time": 15755.731,
                    "Actual Rows": 14949944,
                    "Actual Loops": 2,
                    "Hash Buckets": 33554432,
                    "Original Hash Buckets": 33554432,
                    "Hash Batches": 1,
                    "Original Hash Batches": 1,
                    "Peak Memory Usage": 1431872,
                    "Plans": [
                      {
                        "Node Type": "Hash Join",
                        "Parent Relationship": "Outer",
                        "Parallel Aware": true,
                        "Join Type": "Inner",
                        "Startup Cost": 69775.03,
                        "Total Cost": 591508.38,
                        "Plan Rows": 17408789,
                        "Plan Width": 8,
                        "Actual Startup Time": 513.318,
                        "Actual Total Time": 10349.032,
                        "Actual Rows": 14949944,
                        "Actual Loops": 2,
                        "Inner Unique": true,
                        "Hash Cond": "(ci.movie_id = t.id)",
                        "Plans": [
                          {
                            "Node Type": "Seq Scan",
                            "Parent Relationship": "Outer",
                            "Parallel Aware": true,
                            "Relation Name": "cast_info",
                            "Alias": "ci",
                            "Startup Cost": 0.0,
                            "Total Cost": 465792.95,
                            "Plan Rows": 21310595,
                            "Plan Width": 4,
                            "Actual Startup Time": 0.015,
                            "Actual Total Time": 1507.803,
                            "Actual Rows": 18122172,
                            "Actual Loops": 2
                          },
                          {
                            "Node Type": "Hash",
                            "Parent Relationship": "Inner",
                            "Parallel Aware": true,
                            "Startup Cost": 54588.39,
                            "Total Cost": 54588.39,
                            "Plan Rows": 1214931,
                            "Plan Width": 4,
                            "Actual Startup Time": 507.083,
                            "Actual Total Time": 507.085,
                            "Actual Rows": 1032276,
                            "Actual Loops": 2,
                            "Hash Buckets": 2097152,
                            "Original Hash Buckets": 2097152,
                            "Hash Batches": 1,
                            "Original Hash Batches": 1,
                            "Peak Memory Usage": 97184,
                            "Plans": [
                              {
                                "Node Type": "Seq Scan",
                                "Parent Relationship": "Outer",
                                "Parallel Aware": true,
                                "Relation Name": "title",
                                "Alias": "t",
                                "Startup Cost": 0.0,
                                "Total Cost": 54588.39,
                                "Plan Rows": 1214931,
                                "Plan Width": 4,
                                "Actual Startup Time": 0.043,
                                "Actual Total Time": 216.909,
                                "Actual Rows": 1032276,
                                "Actual Loops": 2,
                                "Filter": "(production_year < 2011)",
                                "Rows Removed by Filter": 231880
                              }
                            ]
                          }
                        ]
                      }
                    ]
                  }
                ]
              }
            ]
          }
        ]
      }
    ]
  },
  "Planning Time": 0.894,
  "Triggers": [],
  "Execution Time": 19783.295
}