[
  {
    "Plan": {
      "Node Type": "Aggregate",
      "Strategy": "Plain",
      "Partial Mode": "Finalize",
      "Parallel Aware": false,
      "Startup Cost": 334779.98,
      "Total Cost": 334779.99,
      "Plan Rows": 1,
      "Plan Width": 8,
      "Actual Startup Time": 671.187,
      "Actual Total Time": 731.333,
      "Actual Rows": 1,
      "Actual Loops": 1,
      "Plans": [
        {
          "Node Type": "Gather",
          "Parent Relationship": "Outer",
          "Parallel Aware": false,
          "Startup Cost": 334779.35,
          "Total Cost": 334779.96,
          "Plan Rows": 6,
          "Plan Width": 8,
          "Actual Startup Time": 671.067,
          "Actual Total Time": 731.324,
          "Actual Rows": 7,
          "Actual Loops": 1,
          "Workers Planned": 6,
          "Workers Launched": 6,
          "Single Copy": false,
          "Plans": [
            {
              "Node Type": "Aggregate",
              "Strategy": "Plain",
              "Partial Mode": "Partial",
              "Parent Relationship": "Outer",
              "Parallel Aware": false,
              "Startup Cost": 333779.35,
              "Total Cost": 333779.36,
              "Plan Rows": 1,
              "Plan Width": 8,
              "Actual Startup Time": 662.82,
              "Actual Total Time": 662.821,
              "Actual Rows": 1,
              "Actual Loops": 7,
              "Plans": [
                {
                  "Node Type": "Seq Scan",
                  "Parent Relationship": "Outer",
                  "Parallel Aware": true,
                  "Relation Name": "cast_info",
                  "Alias": "ci",
                  "Startup Cost": 0.0,
                  "Total Cost": 328162.03,
                  "Plan Rows": 2246930,
                  "Plan Width": 0,
                  "Actual Startup Time": 0.047,
                  "Actual Total Time": 574.278,
                  "Actual Rows": 1925625,
                  "Actual Loops": 7,
                  "Filter": "(person_id < 1328926)",
                  "Rows Removed by Filter": 3252138
                }
              ]
            }
          ]
        }
      ]
    },
    "Planning Time": 0.201,
    "Triggers": [],
    "Execution Time": 731.403
  }
]