[
    {
        "Bao": {
            "Bao prediction": 448.24,
            "Bao recommended hint": "(no hint)"
        }
    },
    {
        "Plan": {
            "Node Type": "Aggregate",
            "Strategy": "Plain",
            "Partial Mode": "Finalize",
            "Parallel Aware": false,
            "Startup Cost": 44437.48,
            "Total Cost": 44437.49,
            "Plan Rows": 1,
            "Plan Width": 8,
            "Actual Startup Time": 143.804,
            "Actual Total Time": 152.163,
            "Actual Rows": 1,
            "Actual Loops": 1,
            "Output": [
                "count(*)"
            ],
            "Plans": [
                {
                    "Node Type": "Gather",
                    "Parent Relationship": "Outer",
                    "Parallel Aware": false,
                    "Startup Cost": 44437.16,
                    "Total Cost": 44437.47,
                    "Plan Rows": 3,
                    "Plan Width": 8,
                    "Actual Startup Time": 143.701,
                    "Actual Total Time": 152.156,
                    "Actual Rows": 4,
                    "Actual Loops": 1,
                    "Output": [
                        "(PARTIAL count(*))"
                    ],
                    "Workers Planned": 3,
                    "Workers Launched": 3,
                    "Single Copy": false,
                    "Plans": [
                        {
                            "Node Type": "Aggregate",
                            "Strategy": "Plain",
                            "Partial Mode": "Partial",
                            "Parent Relationship": "Outer",
                            "Parallel Aware": false,
                            "Startup Cost": 43437.16,
                            "Total Cost": 43437.17,
                            "Plan Rows": 1,
                            "Plan Width": 8,
                            "Actual Startup Time": 135.908,
                            "Actual Total Time": 135.909,
                            "Actual Rows": 1,
                            "Actual Loops": 4,
                            "Output": [
                                "PARTIAL count(*)"
                            ],
                            "Workers": [
                                {
                                    "Worker Number": 0,
                                    "Actual Startup Time": 133.128,
                                    "Actual Total Time": 133.129,
                                    "Actual Rows": 1,
                                    "Actual Loops": 1
                                },
                                {
                                    "Worker Number": 1,
                                    "Actual Startup Time": 133.584,
                                    "Actual Total Time": 133.585,
                                    "Actual Rows": 1,
                                    "Actual Loops": 1
                                },
                                {
                                    "Worker Number": 2,
                                    "Actual Startup Time": 133.815,
                                    "Actual Total Time": 133.816,
                                    "Actual Rows": 1,
                                    "Actual Loops": 1
                                }
                            ],
                            "Plans": [
                                {
                                    "Node Type": "Seq Scan",
                                    "Parent Relationship": "Outer",
                                    "Parallel Aware": true,
                                    "Relation Name": "movie_keyword",
                                    "Schema": "public",
                                    "Alias": "mk",
                                    "Startup Cost": 0.0,
                                    "Total Cost": 42695.65,
                                    "Plan Rows": 296602,
                                    "Plan Width": 0,
                                    "Actual Startup Time": 4.513,
                                    "Actual Total Time": 120.871,
                                    "Actual Rows": 223863,
                                    "Actual Loops": 4,
                                    "Output": [
                                        "id",
                                        "movie_id",
                                        "keyword_id"
                                    ],
                                    "Filter": "(mk.keyword_id > 20602)",
                                    "Rows Removed by Filter": 907120,
                                    "Workers": [
                                        {
                                            "Worker Number": 0,
                                            "Actual Startup Time": 1.76,
                                            "Actual Total Time": 118.656,
                                            "Actual Rows": 181852,
                                            "Actual Loops": 1
                                        },
                                        {
                                            "Worker Number": 1,
                                            "Actual Startup Time": 2.183,
                                            "Actual Total Time": 119.069,
                                            "Actual Rows": 186174,
                                            "Actual Loops": 1
                                        },
                                        {
                                            "Worker Number": 2,
                                            "Actual Startup Time": 2.405,
                                            "Actual Total Time": 119.34,
                                            "Actual Rows": 185811,
                                            "Actual Loops": 1
                                        }
                                    ]
                                }
                            ]
                        }
                    ]
                }
            ]
        },
        "Planning Time": 1003.557,
        "Triggers": [],
        "Execution Time": 152.259
    }
]