[
  {
    "Plan": {
      "Node Type": "Aggregate",
      "Strategy": "Plain",
      "Partial Mode": "Finalize",
      "Parallel Aware": false,
      "Startup Cost": 45763.19,
      "Total Cost": 45763.2,
      "Plan Rows": 1,
      "Plan Width": 8,
      "Actual Startup Time": 151.629,
      "Actual Total Time": 160.93,
      "Actual Rows": 1,
      "Actual Loops": 1,
      "Plans": [
        {
          "Node Type": "Gather",
          "Parent Relationship": "Outer",
          "Parallel Aware": false,
          "Startup Cost": 45762.87,
          "Total Cost": 45763.18,
          "Plan Rows": 3,
          "Plan Width": 8,
          "Actual Startup Time": 151.522,
          "Actual Total Time": 160.92,
          "Actual Rows": 4,
          "Actual Loops": 1,
          "Workers Planned": 3,
          "Workers Launched": 3,
          "Single Copy": false,
          "Plans": [
            {
              "Node Type": "Aggregate",
              "Strategy": "Plain",
              "Partial Mode": "Partial",
              "Parent Relationship": "Outer",
              "Parallel Aware": false,
              "Startup Cost": 44762.87,
              "Total Cost": 44762.88,
              "Plan Rows": 1,
              "Plan Width": 8,
              "Actual Startup Time": 145.815,
              "Actual Total Time": 145.817,
              "Actual Rows": 1,
              "Actual Loops": 4,
              "Plans": [
                {
                  "Node Type": "Seq Scan",
                  "Parent Relationship": "Outer",
                  "Parallel Aware": true,
                  "Relation Name": "movie_keyword",
                  "Alias": "mk",
                  "Startup Cost": 0.0,
                  "Total Cost": 42695.65,
                  "Plan Rows": 826887,
                  "Plan Width": 0,
                  "Actual Startup Time": 0.522,
                  "Actual Total Time": 117.156,
                  "Actual Rows": 637868,
                  "Actual Loops": 4,
                  "Filter": "(keyword_id > 3452)",
                  "Rows Removed by Filter": 493114
                }
              ]
            }
          ]
        }
      ]
    },
    "Planning Time": 0.177,
    "Triggers": [],
    "Execution Time": 160.984
  }
]