{
  "Plan": {
    "Node Type": "Aggregate",
    "Strategy": "Plain",
    "Partial Mode": "Finalize",
    "Parallel Aware": false,
    "Startup Cost": 111211.92,
    "Total Cost": 111211.93,
    "Plan Rows": 1,
    "Plan Width": 8,
    "Actual Startup Time": 815.586,
    "Actual Total Time": 834.132,
    "Actual Rows": 1,
    "Actual Loops": 1,
    "Plans": [
      {
        "Node Type": "Gather",
        "Parent Relationship": "Outer",
        "Parallel Aware": false,
        "Startup Cost": 111211.81,
        "Total Cost": 111211.92,
        "Plan Rows": 1,
        "Plan Width": 8,
        "Actual Startup Time": 811.985,
        "Actual Total Time": 834.124,
        "Actual Rows": 2,
        "Actual Loops": 1,
        "Workers Planned": 1,
        "Workers Launched": 1,
        "Single Copy": false,
        "Plans": [
          {
            "Node Type": "Aggregate",
            "Strategy": "Plain",
            "Partial Mode": "Partial",
            "Parent Relationship": "Outer",
            "Parallel Aware": false,
            "Startup Cost": 110211.81,
            "Total Cost": 110211.82,
            "Plan Rows": 1,
            "Plan Width": 8,
            "Actual Startup Time": 803.929,
            "Actual Total Time": 803.934,
            "Actual Rows": 1,
            "Actual Loops": 2,
            "Plans": [
              {
                "Node Type": "Hash Join",
                "Parent Relationship": "Outer",
                "Parallel Aware": true,
                "Join Type": "Inner",
                "Startup Cost": 67634.49,
                "Total Cost": 108723.57,
                "Plan Rows": 595296,
                "Plan Width": 0,
                "Actual Startup Time": 408.604,
                "Actual Total Time": 793.278,
                "Actual Rows": 211864,
                "Actual Loops": 2,
                "Inner Unique": true,
                "Hash Cond": "(mc.movie_id = t.id)",
                "Plans": [
                  {
                    "Node Type": "Seq Scan",
                    "Parent Relationship": "Outer",
                    "Parallel Aware": true,
                    "Relation Name": "movie_companies",
                    "Alias": "mc",
                    "Startup Cost": 0.0,
                    "Total Cost": 37974.77,
                    "Plan Rows": 1186402,
                    "Plan Width": 4,
                    "Actual Startup Time": 0.017,
                    "Actual Total Time": 145.15,
                    "Actual Rows": 1001975,
                    "Actual Loops": 2,
                    "Filter": "(company_id < 66063)",
                    "Rows Removed by Filter": 302590
                  },
                  {
                    "Node Type": "Hash",
                    "Parent Relationship": "Inner",
                    "Parallel Aware": true,
                    "Startup Cost": 58306.47,
                    "Total Cost": 58306.47,
                    "Plan Rows": 746242,
                    "Plan Width": 4,
                    "Actual Startup Time": 393.719,
                    "Actual Total Time": 393.72,
                    "Actual Rows": 674442,
                    "Actual Loops": 2,
                    "Hash Buckets": 2097152,
                    "Original Hash Buckets": 2097152,
                    "Hash Batches": 1,
                    "Original Hash Batches": 1,
                    "Peak Memory Usage": 69184,
                    "Plans": [
                      {
                        "Node Type": "Seq Scan",
                        "Parent Relationship": "Outer",
                        "Parallel Aware": true,
                        "Relation Name": "title",
                        "Alias": "t",
                        "Startup Cost": 0.0,
                        "Total Cost": 58306.47,
                        "Plan Rows": 746242,
                        "Plan Width": 4,
                        "Actual Startup Time": 0.03,
                        "Actual Total Time": 198.651,
                        "Actual Rows": 674442,
                        "Actual Loops": 2,
                        "Filter": "((production_year > 1970) AND (kind_id = 7))",
                        "Rows Removed by Filter": 589714
                      }
                    ]
                  }
                ]
              }
            ]
          }
        ]
      }
    ]
  },
  "Planning Time": 0.587,
  "Triggers": [],
  "Execution Time": 834.196
}