[
  {
    "Plan": {
      "Node Type": "Aggregate",
      "Strategy": "Plain",
      "Partial Mode": "Finalize",
      "Parallel Aware": false,
      "Startup Cost": 32169.55,
      "Total Cost": 32169.56,
      "Plan Rows": 1,
      "Plan Width": 8,
      "Actual Startup Time": 150.244,
      "Actual Total Time": 160.469,
      "Actual Rows": 1,
      "Actual Loops": 1,
      "Plans": [
        {
          "Node Type": "Gather",
          "Parent Relationship": "Outer",
          "Parallel Aware": false,
          "Startup Cost": 32169.23,
          "Total Cost": 32169.54,
          "Plan Rows": 3,
          "Plan Width": 8,
          "Actual Startup Time": 150.114,
          "Actual Total Time": 160.457,
          "Actual Rows": 4,
          "Actual Loops": 1,
          "Workers Planned": 3,
          "Workers Launched": 3,
          "Single Copy": false,
          "Plans": [
            {
              "Node Type": "Aggregate",
              "Strategy": "Plain",
              "Partial Mode": "Partial",
              "Parent Relationship": "Outer",
              "Parallel Aware": false,
              "Startup Cost": 31169.23,
              "Total Cost": 31169.24,
              "Plan Rows": 1,
              "Plan Width": 8,
              "Actual Startup Time": 142.45,
              "Actual Total Time": 142.452,
              "Actual Rows": 1,
              "Actual Loops": 4,
              "Plans": [
                {
                  "Node Type": "Seq Scan",
                  "Parent Relationship": "Outer",
                  "Parallel Aware": true,
                  "Relation Name": "movie_companies",
                  "Alias": "mc",
                  "Startup Cost": 0.0,
                  "Total Cost": 29310.68,
                  "Plan Rows": 743421,
                  "Plan Width": 0,
                  "Actual Startup Time": 0.057,
                  "Actual Total Time": 106.079,
                  "Actual Rows": 576816,
                  "Actual Loops": 4,
                  "Filter": "(company_id < 93962)",
                  "Rows Removed by Filter": 75466
                }
              ]
            }
          ]
        }
      ]
    },
    "Planning Time": 0.158,
    "Triggers": [],
    "Execution Time": 160.536
  }
]