[
    {
        "Bao": {
            "Bao prediction": "NaN",
            "Bao recommended hint": "(no hint)"
        }
    },
    {
        "Plan": {
            "Node Type": "Aggregate",
            "Strategy": "Plain",
            "Partial Mode": "Finalize",
            "Parallel Aware": false,
            "Startup Cost": 325054.01,
            "Total Cost": 325054.02,
            "Plan Rows": 1,
            "Plan Width": 8,
            "Actual Startup Time": 513.747,
            "Actual Total Time": 531.626,
            "Actual Rows": 1,
            "Actual Loops": 1,
            "Output": [
                "count(*)"
            ],
            "Plans": [
                {
                    "Node Type": "Gather",
                    "Parent Relationship": "Outer",
                    "Parallel Aware": false,
                    "Startup Cost": 325053.39,
                    "Total Cost": 325053.99,
                    "Plan Rows": 6,
                    "Plan Width": 8,
                    "Actual Startup Time": 513.642,
                    "Actual Total Time": 531.613,
                    "Actual Rows": 7,
                    "Actual Loops": 1,
                    "Output": [
                        "(PARTIAL count(*))"
                    ],
                    "Workers Planned": 6,
                    "Workers Launched": 6,
                    "Single Copy": false,
                    "Plans": [
                        {
                            "Node Type": "Aggregate",
                            "Strategy": "Plain",
                            "Partial Mode": "Partial",
                            "Parent Relationship": "Outer",
                            "Parallel Aware": false,
                            "Startup Cost": 324053.39,
                            "Total Cost": 324053.4,
                            "Plan Rows": 1,
                            "Plan Width": 8,
                            "Actual Startup Time": 503.817,
                            "Actual Total Time": 503.818,
                            "Actual Rows": 1,
                            "Actual Loops": 7,
                            "Output": [
                                "PARTIAL count(*)"
                            ],
                            "Workers": [
                                {
                                    "Worker Number": 0,
                                    "Actual Startup Time": 501.565,
                                    "Actual Total Time": 501.566,
                                    "Actual Rows": 1,
                                    "Actual Loops": 1
                                },
                                {
                                    "Worker Number": 1,
                                    "Actual Startup Time": 501.784,
                                    "Actual Total Time": 501.785,
                                    "Actual Rows": 1,
                                    "Actual Loops": 1
                                },
                                {
                                    "Worker Number": 2,
                                    "Actual Startup Time": 501.748,
                                    "Actual Total Time": 501.749,
                                    "Actual Rows": 1,
                                    "Actual Loops": 1
                                },
                                {
                                    "Worker Number": 3,
                                    "Actual Startup Time": 502.422,
                                    "Actual Total Time": 502.423,
                                    "Actual Rows": 1,
                                    "Actual Loops": 1
                                },
                                {
                                    "Worker Number": 4,
                                    "Actual Startup Time": 502.854,
                                    "Actual Total Time": 502.855,
                                    "Actual Rows": 1,
                                    "Actual Loops": 1
                                },
                                {
                                    "Worker Number": 5,
                                    "Actual Startup Time": 503.049,
                                    "Actual Total Time": 503.051,
                                    "Actual Rows": 1,
                                    "Actual Loops": 1
                                }
                            ],
                            "Plans": [
                                {
                                    "Node Type": "Index Scan",
                                    "Parent Relationship": "Outer",
                                    "Parallel Aware": true,
                                    "Scan Direction": "Forward",
                                    "Index Name": "role_id_cast_info",
                                    "Relation Name": "cast_info",
                                    "Schema": "public",
                                    "Alias": "ci",
                                    "Startup Cost": 0.56,
                                    "Total Cost": 322560.04,
                                    "Plan Rows": 597340,
                                    "Plan Width": 0,
                                    "Actual Startup Time": 0.289,
                                    "Actual Total Time": 454.545,
                                    "Actual Rows": 1125259,
                                    "Actual Loops": 7,
                                    "Output": [
                                        "id",
                                        "person_id",
                                        "movie_id",
                                        "person_role_id",
                                        "note",
                                        "nr_order",
                                        "role_id"
                                    ],
                                    "Index Cond": "(ci.role_id > 3)",
                                    "Rows Removed by Index Recheck": 0,
                                    "Filter": "(ci.person_id > 2619182)",
                                    "Rows Removed by Filter": 605262,
                                    "Workers": [
                                        {
                                            "Worker Number": 0,
                                            "Actual Startup Time": 0.224,
                                            "Actual Total Time": 452.605,
                                            "Actual Rows": 1109675,
                                            "Actual Loops": 1
                                        },
                                        {
                                            "Worker Number": 1,
                                            "Actual Startup Time": 0.345,
                                            "Actual Total Time": 452.276,
                                            "Actual Rows": 1126430,
                                            "Actual Loops": 1
                                        },
                                        {
                                            "Worker Number": 2,
                                            "Actual Startup Time": 0.591,
                                            "Actual Total Time": 452.767,
                                            "Actual Rows": 1114804,
                                            "Actual Loops": 1
                                        },
                                        {
                                            "Worker Number": 3,
                                            "Actual Startup Time": 0.282,
                                            "Actual Total Time": 452.99,
                                            "Actual Rows": 1126179,
                                            "Actual Loops": 1
                                        },
                                        {
                                            "Worker Number": 4,
                                            "Actual Startup Time": 0.294,
                                            "Actual Total Time": 454.054,
                                            "Actual Rows": 1086793,
                                            "Actual Loops": 1
                                        },
                                        {
                                            "Worker Number": 5,
                                            "Actual Startup Time": 0.202,
                                            "Actual Total Time": 454.255,
                                            "Actual Rows": 1081401,
                                            "Actual Loops": 1
                                        }
                                    ]
                                }
                            ]
                        }
                    ]
                }
            ]
        },
        "Planning Time": 192.504,
        "Triggers": [],
        "Execution Time": 531.686
    }
]