[
  {
    "Plan": {
      "Node Type": "Aggregate",
      "Strategy": "Plain",
      "Partial Mode": "Finalize",
      "Parallel Aware": false,
      "Startup Cost": 46689.82,
      "Total Cost": 46689.83,
      "Plan Rows": 1,
      "Plan Width": 8,
      "Actual Startup Time": 76.059,
      "Actual Total Time": 83.482,
      "Actual Rows": 1,
      "Actual Loops": 1,
      "Plans": [
        {
          "Node Type": "Gather",
          "Parent Relationship": "Outer",
          "Parallel Aware": false,
          "Startup Cost": 46689.4,
          "Total Cost": 46689.81,
          "Plan Rows": 4,
          "Plan Width": 8,
          "Actual Startup Time": 75.945,
          "Actual Total Time": 83.477,
          "Actual Rows": 5,
          "Actual Loops": 1,
          "Workers Planned": 4,
          "Workers Launched": 4,
          "Single Copy": false,
          "Plans": [
            {
              "Node Type": "Aggregate",
              "Strategy": "Plain",
              "Partial Mode": "Partial",
              "Parent Relationship": "Outer",
              "Parallel Aware": false,
              "Startup Cost": 45689.4,
              "Total Cost": 45689.41,
              "Plan Rows": 1,
              "Plan Width": 8,
              "Actual Startup Time": 72.746,
              "Actual Total Time": 72.747,
              "Actual Rows": 1,
              "Actual Loops": 5,
              "Plans": [
                {
                  "Node Type": "Seq Scan",
                  "Parent Relationship": "Outer",
                  "Parallel Aware": true,
                  "Relation Name": "title",
                  "Alias": "t",
                  "Startup Cost": 0.0,
                  "Total Cost": 45479.21,
                  "Plan Rows": 84078,
                  "Plan Width": 0,
                  "Actual Startup Time": 0.017,
                  "Actual Total Time": 70.216,
                  "Actual Rows": 45101,
                  "Actual Loops": 5,
                  "Filter": "((production_year < 1983) AND (kind_id = 7))",
                  "Rows Removed by Filter": 460561
                }
              ]
            }
          ]
        }
      ]
    },
    "Planning Time": 0.097,
    "Triggers": [],
    "Execution Time": 83.514
  }
]