[
  {
    "Plan": {
      "Node Type": "Aggregate",
      "Strategy": "Plain",
      "Partial Mode": "Finalize",
      "Parallel Aware": false,
      "Startup Cost": 46685.08,
      "Total Cost": 46685.09,
      "Plan Rows": 1,
      "Plan Width": 8,
      "Actual Startup Time": 101.197,
      "Actual Total Time": 113.174,
      "Actual Rows": 1,
      "Actual Loops": 1,
      "Plans": [
        {
          "Node Type": "Gather",
          "Parent Relationship": "Outer",
          "Parallel Aware": false,
          "Startup Cost": 46684.66,
          "Total Cost": 46685.07,
          "Plan Rows": 4,
          "Plan Width": 8,
          "Actual Startup Time": 100.832,
          "Actual Total Time": 113.164,
          "Actual Rows": 5,
          "Actual Loops": 1,
          "Workers Planned": 4,
          "Workers Launched": 4,
          "Single Copy": false,
          "Plans": [
            {
              "Node Type": "Aggregate",
              "Strategy": "Plain",
              "Partial Mode": "Partial",
              "Parent Relationship": "Outer",
              "Parallel Aware": false,
              "Startup Cost": 45684.66,
              "Total Cost": 45684.67,
              "Plan Rows": 1,
              "Plan Width": 8,
              "Actual Startup Time": 92.734,
              "Actual Total Time": 92.735,
              "Actual Rows": 1,
              "Actual Loops": 5,
              "Plans": [
                {
                  "Node Type": "Seq Scan",
                  "Parent Relationship": "Outer",
                  "Parallel Aware": true,
                  "Relation Name": "title",
                  "Alias": "t",
                  "Startup Cost": 0.0,
                  "Total Cost": 45479.1,
                  "Plan Rows": 82224,
                  "Plan Width": 0,
                  "Actual Startup Time": 0.04,
                  "Actual Total Time": 89.573,
                  "Actual Rows": 45101,
                  "Actual Loops": 5,
                  "Filter": "((production_year < 1983) AND (kind_id = 7))",
                  "Rows Removed by Filter": 460561
                }
              ]
            }
          ]
        }
      ]
    },
    "Planning Time": 0.204,
    "Triggers": [],
    "Execution Time": 113.238
  }
]