{
  "Plan": {
    "Node Type": "Aggregate",
    "Strategy": "Plain",
    "Partial Mode": "Finalize",
    "Parallel Aware": false,
    "Startup Cost": 97607.27,
    "Total Cost": 97607.28,
    "Plan Rows": 1,
    "Plan Width": 8,
    "Actual Startup Time": 333.129,
    "Actual Total Time": 345.208,
    "Actual Rows": 1,
    "Actual Loops": 1,
    "Plans": [
      {
        "Node Type": "Gather",
        "Parent Relationship": "Outer",
        "Parallel Aware": false,
        "Startup Cost": 97607.16,
        "Total Cost": 97607.27,
        "Plan Rows": 1,
        "Plan Width": 8,
        "Actual Startup Time": 333.011,
        "Actual Total Time": 345.19,
        "Actual Rows": 2,
        "Actual Loops": 1,
        "Workers Planned": 1,
        "Workers Launched": 1,
        "Single Copy": false,
        "Plans": [
          {
            "Node Type": "Aggregate",
            "Strategy": "Plain",
            "Partial Mode": "Partial",
            "Parent Relationship": "Outer",
            "Parallel Aware": false,
            "Startup Cost": 96607.16,
            "Total Cost": 96607.17,
            "Plan Rows": 1,
            "Plan Width": 8,
            "Actual Startup Time": 327.64,
            "Actual Total Time": 327.643,
            "Actual Rows": 1,
            "Actual Loops": 2,
            "Plans": [
              {
                "Node Type": "Hash Join",
                "Parent Relationship": "Outer",
                "Parallel Aware": true,
                "Join Type": "Inner",
                "Startup Cost": 58417.59,
                "Total Cost": 96584.22,
                "Plan Rows": 9174,
                "Plan Width": 0,
                "Actual Startup Time": 130.7,
                "Actual Total Time": 327.497,
                "Actual Rows": 3049,
                "Actual Loops": 2,
                "Inner Unique": true,
                "Hash Cond": "(mc.movie_id = t.id)",
                "Plans": [
                  {
                    "Node Type": "Seq Scan",
                    "Parent Relationship": "Outer",
                    "Parallel Aware": true,
                    "Relation Name": "movie_companies",
                    "Alias": "mc",
                    "Startup Cost": 0.0,
                    "Total Cost": 34137.82,
                    "Plan Rows": 1534782,
                    "Plan Width": 4,
                    "Actual Startup Time": 0.013,
                    "Actual Total Time": 91.798,
                    "Actual Rows": 1304564,
                    "Actual Loops": 2
                  },
                  {
                    "Node Type": "Hash",
                    "Parent Relationship": "Inner",
                    "Parallel Aware": true,
                    "Startup Cost": 58306.47,
                    "Total Cost": 58306.47,
                    "Plan Rows": 8890,
                    "Plan Width": 4,
                    "Actual Startup Time": 129.622,
                    "Actual Total Time": 129.623,
                    "Actual Rows": 7162,
                    "Actual Loops": 2,
                    "Hash Buckets": 16384,
                    "Original Hash Buckets": 16384,
                    "Hash Batches": 1,
                    "Original Hash Batches": 1,
                    "Peak Memory Usage": 704,
                    "Plans": [
                      {
                        "Node Type": "Seq Scan",
                        "Parent Relationship": "Outer",
                        "Parallel Aware": true,
                        "Relation Name": "title",
                        "Alias": "t",
                        "Startup Cost": 0.0,
                        "Total Cost": 58306.47,
                        "Plan Rows": 8890,
                        "Plan Width": 4,
                        "Actual Startup Time": 0.041,
                        "Actual Total Time": 127.251,
                        "Actual Rows": 7162,
                        "Actual Loops": 2,
                        "Filter": "((kind_id = 7) AND (production_year = 1991))",
                        "Rows Removed by Filter": 1256994
                      }
                    ]
                  }
                ]
              }
            ]
          }
        ]
      }
    ]
  },
  "Planning Time": 0.278,
  "Triggers": [],
  "Execution Time": 345.255
}