[
  {
    "Plan": {
      "Node Type": "Aggregate",
      "Strategy": "Plain",
      "Partial Mode": "Finalize",
      "Parallel Aware": false,
      "Startup Cost": 36367.26,
      "Total Cost": 36367.27,
      "Plan Rows": 1,
      "Plan Width": 8,
      "Actual Startup Time": 41.286,
      "Actual Total Time": 48.775,
      "Actual Rows": 1,
      "Actual Loops": 1,
      "Plans": [
        {
          "Node Type": "Gather",
          "Parent Relationship": "Outer",
          "Parallel Aware": false,
          "Startup Cost": 36367.05,
          "Total Cost": 36367.26,
          "Plan Rows": 2,
          "Plan Width": 8,
          "Actual Startup Time": 41.17,
          "Actual Total Time": 48.769,
          "Actual Rows": 3,
          "Actual Loops": 1,
          "Workers Planned": 2,
          "Workers Launched": 2,
          "Single Copy": false,
          "Plans": [
            {
              "Node Type": "Aggregate",
              "Strategy": "Plain",
              "Partial Mode": "Partial",
              "Parent Relationship": "Outer",
              "Parallel Aware": false,
              "Startup Cost": 35367.05,
              "Total Cost": 35367.06,
              "Plan Rows": 1,
              "Plan Width": 8,
              "Actual Startup Time": 36.567,
              "Actual Total Time": 36.569,
              "Actual Rows": 1,
              "Actual Loops": 3,
              "Plans": [
                {
                  "Node Type": "Nested Loop",
                  "Parent Relationship": "Outer",
                  "Parallel Aware": false,
                  "Join Type": "Inner",
                  "Startup Cost": 144.72,
                  "Total Cost": 35366.73,
                  "Plan Rows": 125,
                  "Plan Width": 0,
                  "Actual Startup Time": 10.706,
                  "Actual Total Time": 36.552,
                  "Actual Rows": 47,
                  "Actual Loops": 3,
                  "Inner Unique": false,
                  "Plans": [
                    {
                      "Node Type": "Nested Loop",
                      "Parent Relationship": "Outer",
                      "Parallel Aware": false,
                      "Join Type": "Inner",
                      "Startup Cost": 144.28,
                      "Total Cost": 34444.24,
                      "Plan Rows": 53,
                      "Plan Width": 8,
                      "Actual Startup Time": 5.971,
                      "Actual Total Time": 35.281,
                      "Actual Rows": 23,
                      "Actual Loops": 3,
                      "Inner Unique": true,
                      "Plans": [
                        {
                          "Node Type": "Bitmap Heap Scan",
                          "Parent Relationship": "Outer",
                          "Parallel Aware": true,
                          "Relation Name": "movie_keyword",
                          "Alias": "mk",
                          "Startup Cost": 143.85,
                          "Total Cost": 14982.0,
                          "Plan Rows": 2765,
                          "Plan Width": 4,
                          "Actual Startup Time": 4.31,
                          "Actual Total Time": 11.828,
                          "Actual Rows": 2498,
                          "Actual Loops": 3,
                          "Recheck Cond": "(keyword_id = 889)",
                          "Rows Removed by Index Recheck": 0,
                          "Exact Heap Blocks": 2964,
                          "Lossy Heap Blocks": 0,
                          "Plans": [
                            {
                              "Node Type": "Bitmap Index Scan",
                              "Parent Relationship": "Outer",
                              "Parallel Aware": false,
                              "Index Name": "keyword_id_movie_keyword",
                              "Startup Cost": 0.0,
                              "Total Cost": 142.19,
                              "Plan Rows": 6635,
                              "Plan Width": 0,
                              "Actual Startup Time": 5.844,
                              "Actual Total Time": 5.844,
                              "Actual Rows": 7495,
                              "Actual Loops": 1,
                              "Index Cond": "(keyword_id = 889)"
                            }
                          ]
                        },
                        {
                          "Node Type": "Index Scan",
                          "Parent Relationship": "Inner",
                          "Parallel Aware": false,
                          "Scan Direction": "Forward",
                          "Index Name": "title_pkey",
                          "Relation Name": "title",
                          "Alias": "t",
                          "Startup Cost": 0.43,
                          "Total Cost": 7.04,
                          "Plan Rows": 1,
                          "Plan Width": 4,
                          "Actual Startup Time": 0.009,
                          "Actual Total Time": 0.009,
                          "Actual Rows": 0,
                          "Actual Loops": 7495,
                          "Index Cond": "(id = mk.movie_id)",
                          "Rows Removed by Index Recheck": 0,
                          "Filter": "((kind_id > 2) AND (production_year > 2012))",
                          "Rows Removed by Filter": 1
                        }
                      ]
                    },
                    {
                      "Node Type": "Index Scan",
                      "Parent Relationship": "Inner",
                      "Parallel Aware": false,
                      "Scan Direction": "Forward",
                      "Index Name": "movie_id_movie_info",
                      "Relation Name": "movie_info",
                      "Alias": "mi",
                      "Startup Cost": 0.43,
                      "Total Cost": 17.24,
                      "Plan Rows": 17,
                      "Plan Width": 4,
                      "Actual Startup Time": 0.028,
                      "Actual Total Time": 0.053,
                      "Actual Rows": 2,
                      "Actual Loops": 70,
                      "Index Cond": "(movie_id = t.id)",
                      "Rows Removed by Index Recheck": 0,
                      "Filter": "(info_type_id < 7)",
                      "Rows Removed by Filter": 5
                    }
                  ]
                }
              ]
            }
          ]
        }
      ]
    },
    "Planning Time": 1.51,
    "Triggers": [],
    "Execution Time": 48.867
  }
]