[
  {
    "Plan": {
      "Node Type": "Aggregate",
      "Strategy": "Plain",
      "Partial Mode": "Finalize",
      "Parallel Aware": false,
      "Startup Cost": 46129.15,
      "Total Cost": 46129.16,
      "Plan Rows": 1,
      "Plan Width": 8,
      "Actual Startup Time": 153.836,
      "Actual Total Time": 163.601,
      "Actual Rows": 1,
      "Actual Loops": 1,
      "Plans": [
        {
          "Node Type": "Gather",
          "Parent Relationship": "Outer",
          "Parallel Aware": false,
          "Startup Cost": 46128.83,
          "Total Cost": 46129.14,
          "Plan Rows": 3,
          "Plan Width": 8,
          "Actual Startup Time": 153.734,
          "Actual Total Time": 163.595,
          "Actual Rows": 4,
          "Actual Loops": 1,
          "Workers Planned": 3,
          "Workers Launched": 3,
          "Single Copy": false,
          "Plans": [
            {
              "Node Type": "Aggregate",
              "Strategy": "Plain",
              "Partial Mode": "Partial",
              "Parent Relationship": "Outer",
              "Parallel Aware": false,
              "Startup Cost": 45128.83,
              "Total Cost": 45128.84,
              "Plan Rows": 1,
              "Plan Width": 8,
              "Actual Startup Time": 148.812,
              "Actual Total Time": 148.813,
              "Actual Rows": 1,
              "Actual Loops": 4,
              "Plans": [
                {
                  "Node Type": "Seq Scan",
                  "Parent Relationship": "Outer",
                  "Parallel Aware": true,
                  "Relation Name": "movie_keyword",
                  "Alias": "mk",
                  "Startup Cost": 0.0,
                  "Total Cost": 42695.65,
                  "Plan Rows": 973271,
                  "Plan Width": 0,
                  "Actual Startup Time": 0.041,
                  "Actual Total Time": 116.028,
                  "Actual Rows": 751571,
                  "Actual Loops": 4,
                  "Filter": "(keyword_id < 10650)",
                  "Rows Removed by Filter": 379411
                }
              ]
            }
          ]
        }
      ]
    },
    "Planning Time": 0.145,
    "Triggers": [],
    "Execution Time": 163.647
  }
]