[
  {
    "Plan": {
      "Node Type": "Aggregate",
      "Strategy": "Plain",
      "Partial Mode": "Finalize",
      "Parallel Aware": false,
      "Startup Cost": 80752.02,
      "Total Cost": 80752.03,
      "Plan Rows": 1,
      "Plan Width": 8,
      "Actual Startup Time": 266.755,
      "Actual Total Time": 287.649,
      "Actual Rows": 1,
      "Actual Loops": 1,
      "Plans": [
        {
          "Node Type": "Gather",
          "Parent Relationship": "Outer",
          "Parallel Aware": false,
          "Startup Cost": 80751.6,
          "Total Cost": 80752.01,
          "Plan Rows": 4,
          "Plan Width": 8,
          "Actual Startup Time": 265.291,
          "Actual Total Time": 287.641,
          "Actual Rows": 5,
          "Actual Loops": 1,
          "Workers Planned": 4,
          "Workers Launched": 4,
          "Single Copy": false,
          "Plans": [
            {
              "Node Type": "Aggregate",
              "Strategy": "Plain",
              "Partial Mode": "Partial",
              "Parent Relationship": "Outer",
              "Parallel Aware": false,
              "Startup Cost": 79751.6,
              "Total Cost": 79751.61,
              "Plan Rows": 1,
              "Plan Width": 8,
              "Actual Startup Time": 256.149,
              "Actual Total Time": 256.152,
              "Actual Rows": 1,
              "Actual Loops": 5,
              "Plans": [
                {
                  "Node Type": "Hash Join",
                  "Parent Relationship": "Outer",
                  "Parallel Aware": true,
                  "Join Type": "Inner",
                  "Startup Cost": 33523.81,
                  "Total Cost": 79424.7,
                  "Plan Rows": 130757,
                  "Plan Width": 0,
                  "Actual Startup Time": 94.724,
                  "Actual Total Time": 252.936,
                  "Actual Rows": 62918,
                  "Actual Loops": 5,
                  "Inner Unique": false,
                  "Hash Cond": "(t.id = mc.movie_id)",
                  "Plans": [
                    {
                      "Node Type": "Seq Scan",
                      "Parent Relationship": "Outer",
                      "Parallel Aware": true,
                      "Relation Name": "title",
                      "Alias": "t",
                      "Startup Cost": 0.0,
                      "Total Cost": 42318.73,
                      "Plan Rows": 632073,
                      "Plan Width": 4,
                      "Actual Startup Time": 0.011,
                      "Actual Total Time": 64.991,
                      "Actual Rows": 505662,
                      "Actual Loops": 5
                    },
                    {
                      "Node Type": "Hash",
                      "Parent Relationship": "Inner",
                      "Parallel Aware": true,
                      "Startup Cost": 31414.82,
                      "Total Cost": 31414.82,
                      "Plan Rows": 168719,
                      "Plan Width": 4,
                      "Actual Startup Time": 91.612,
                      "Actual Total Time": 91.613,
                      "Actual Rows": 62918,
                      "Actual Loops": 5,
                      "Hash Buckets": 524288,
                      "Original Hash Buckets": 524288,
                      "Hash Batches": 1,
                      "Original Hash Batches": 1,
                      "Peak Memory Usage": 16512,
                      "Plans": [
                        {
                          "Node Type": "Seq Scan",
                          "Parent Relationship": "Outer",
                          "Parallel Aware": true,
                          "Relation Name": "movie_companies",
                          "Alias": "mc",
                          "Startup Cost": 0.0,
                          "Total Cost": 31414.82,
                          "Plan Rows": 168719,
                          "Plan Width": 4,
                          "Actual Startup Time": 43.705,
                          "Actual Total Time": 70.566,
                          "Actual Rows": 62918,
                          "Actual Loops": 5,
                          "Filter": "((company_id < 5636) AND (company_type_id > 1))",
                          "Rows Removed by Filter": 458908
                        }
                      ]
                    }
                  ]
                }
              ]
            }
          ]
        }
      ]
    },
    "Planning Time": 0.638,
    "Triggers": [],
    "Execution Time": 287.717
  }
]