[
  {
    "Plan": {
      "Node Type": "Aggregate",
      "Strategy": "Plain",
      "Partial Mode": "Finalize",
      "Parallel Aware": false,
      "Startup Cost": 93404.22,
      "Total Cost": 93404.23,
      "Plan Rows": 1,
      "Plan Width": 8,
      "Actual Startup Time": 293.641,
      "Actual Total Time": 311.641,
      "Actual Rows": 1,
      "Actual Loops": 1,
      "Plans": [
        {
          "Node Type": "Gather",
          "Parent Relationship": "Outer",
          "Parallel Aware": false,
          "Startup Cost": 93403.91,
          "Total Cost": 93404.22,
          "Plan Rows": 3,
          "Plan Width": 8,
          "Actual Startup Time": 292.232,
          "Actual Total Time": 311.631,
          "Actual Rows": 4,
          "Actual Loops": 1,
          "Workers Planned": 3,
          "Workers Launched": 3,
          "Single Copy": false,
          "Plans": [
            {
              "Node Type": "Aggregate",
              "Strategy": "Plain",
              "Partial Mode": "Partial",
              "Parent Relationship": "Outer",
              "Parallel Aware": false,
              "Startup Cost": 92403.91,
              "Total Cost": 92403.92,
              "Plan Rows": 1,
              "Plan Width": 8,
              "Actual Startup Time": 283.273,
              "Actual Total Time": 283.276,
              "Actual Rows": 1,
              "Actual Loops": 4,
              "Plans": [
                {
                  "Node Type": "Hash Join",
                  "Parent Relationship": "Outer",
                  "Parallel Aware": true,
                  "Join Type": "Inner",
                  "Startup Cost": 46451.56,
                  "Total Cost": 92062.21,
                  "Plan Rows": 136680,
                  "Plan Width": 0,
                  "Actual Startup Time": 115.489,
                  "Actual Total Time": 282.37,
                  "Actual Rows": 21880,
                  "Actual Loops": 4,
                  "Inner Unique": true,
                  "Hash Cond": "(mk.movie_id = t.id)",
                  "Plans": [
                    {
                      "Node Type": "Seq Scan",
                      "Parent Relationship": "Outer",
                      "Parallel Aware": true,
                      "Relation Name": "movie_keyword",
                      "Alias": "mk",
                      "Startup Cost": 0.0,
                      "Total Cost": 42695.65,
                      "Plan Rows": 1110473,
                      "Plan Width": 4,
                      "Actual Startup Time": 0.066,
                      "Actual Total Time": 105.011,
                      "Actual Rows": 857361,
                      "Actual Loops": 4,
                      "Filter": "(keyword_id > 1117)",
                      "Rows Removed by Filter": 273622
                    },
                    {
                      "Node Type": "Hash",
                      "Parent Relationship": "Inner",
                      "Parallel Aware": true,
                      "Startup Cost": 45479.1,
                      "Total Cost": 45479.1,
                      "Plan Rows": 77797,
                      "Plan Width": 4,
                      "Actual Startup Time": 111.748,
                      "Actual Total Time": 111.749,
                      "Actual Rows": 52451,
                      "Actual Loops": 4,
                      "Hash Buckets": 524288,
                      "Original Hash Buckets": 524288,
                      "Hash Batches": 1,
                      "Original Hash Batches": 1,
                      "Peak Memory Usage": 12352,
                      "Plans": [
                        {
                          "Node Type": "Seq Scan",
                          "Parent Relationship": "Outer",
                          "Parallel Aware": true,
                          "Relation Name": "title",
                          "Alias": "t",
                          "Startup Cost": 0.0,
                          "Total Cost": 45479.1,
                          "Plan Rows": 77797,
                          "Plan Width": 4,
                          "Actual Startup Time": 0.041,
                          "Actual Total Time": 93.045,
                          "Actual Rows": 52451,
                          "Actual Loops": 4,
                          "Filter": "((production_year < 1981) AND (kind_id = 7))",
                          "Rows Removed by Filter": 579627
                        }
                      ]
                    }
                  ]
                }
              ]
            }
          ]
        }
      ]
    },
    "Planning Time": 0.647,
    "Triggers": [],
    "Execution Time": 311.71
  }
]