[
    {
        "Bao": {
            "Bao prediction": 1237.369,
            "Bao recommended hint": "SET enable_nestloop TO off; "
        }
    },
    {
        "Plan": {
            "Node Type": "Aggregate",
            "Strategy": "Plain",
            "Partial Mode": "Finalize",
            "Parallel Aware": false,
            "Startup Cost": 393739.53,
            "Total Cost": 393739.54,
            "Plan Rows": 1,
            "Plan Width": 8,
            "Actual Startup Time": 2589.546,
            "Actual Total Time": 2613.199,
            "Actual Rows": 1,
            "Actual Loops": 1,
            "Output": [
                "count(*)"
            ],
            "Plans": [
                {
                    "Node Type": "Gather",
                    "Parent Relationship": "Outer",
                    "Parallel Aware": false,
                    "Startup Cost": 393739.32,
                    "Total Cost": 393739.53,
                    "Plan Rows": 2,
                    "Plan Width": 8,
                    "Actual Startup Time": 2588.365,
                    "Actual Total Time": 2613.189,
                    "Actual Rows": 3,
                    "Actual Loops": 1,
                    "Output": [
                        "(PARTIAL count(*))"
                    ],
                    "Workers Planned": 2,
                    "Workers Launched": 2,
                    "Single Copy": false,
                    "Plans": [
                        {
                            "Node Type": "Aggregate",
                            "Strategy": "Plain",
                            "Partial Mode": "Partial",
                            "Parent Relationship": "Outer",
                            "Parallel Aware": false,
                            "Startup Cost": 392739.32,
                            "Total Cost": 392739.33,
                            "Plan Rows": 1,
                            "Plan Width": 8,
                            "Actual Startup Time": 2580.491,
                            "Actual Total Time": 2580.497,
                            "Actual Rows": 1,
                            "Actual Loops": 3,
                            "Output": [
                                "PARTIAL count(*)"
                            ],
                            "Workers": [
                                {
                                    "Worker Number": 0,
                                    "Actual Startup Time": 2576.87,
                                    "Actual Total Time": 2576.874,
                                    "Actual Rows": 1,
                                    "Actual Loops": 1
                                },
                                {
                                    "Worker Number": 1,
                                    "Actual Startup Time": 2577.084,
                                    "Actual Total Time": 2577.089,
                                    "Actual Rows": 1,
                                    "Actual Loops": 1
                                }
                            ],
                            "Plans": [
                                {
                                    "Node Type": "Hash Join",
                                    "Parent Relationship": "Outer",
                                    "Parallel Aware": true,
                                    "Join Type": "Inner",
                                    "Startup Cost": 375955.49,
                                    "Total Cost": 392606.32,
                                    "Plan Rows": 53200,
                                    "Plan Width": 0,
                                    "Actual Startup Time": 2495.427,
                                    "Actual Total Time": 2578.253,
                                    "Actual Rows": 46774,
                                    "Actual Loops": 3,
                                    "Inner Unique": false,
                                    "Hash Cond": "(mi_idx.movie_id = t.id)",
                                    "Workers": [
                                        {
                                            "Worker Number": 0,
                                            "Actual Startup Time": 2491.711,
                                            "Actual Total Time": 2574.746,
                                            "Actual Rows": 51649,
                                            "Actual Loops": 1
                                        },
                                        {
                                            "Worker Number": 1,
                                            "Actual Startup Time": 2492.116,
                                            "Actual Total Time": 2575.086,
                                            "Actual Rows": 49099,
                                            "Actual Loops": 1
                                        }
                                    ],
                                    "Plans": [
                                        {
                                            "Node Type": "Seq Scan",
                                            "Parent Relationship": "Outer",
                                            "Parallel Aware": true,
                                            "Relation Name": "movie_info_idx",
                                            "Schema": "public",
                                            "Alias": "mi_idx",
                                            "Startup Cost": 0.0,
                                            "Total Cost": 15122.68,
                                            "Plan Rows": 383860,
                                            "Plan Width": 4,
                                            "Actual Startup Time": 0.02,
                                            "Actual Total Time": 45.366,
                                            "Actual Rows": 306617,
                                            "Actual Loops": 3,
                                            "Output": [
                                                "mi_idx.id",
                                                "mi_idx.movie_id",
                                                "mi_idx.info_type_id",
                                                "mi_idx.info",
                                                "mi_idx.note"
                                            ],
                                            "Filter": "(mi_idx.info_type_id < 101)",
                                            "Rows Removed by Filter": 153395,
                                            "Workers": [
                                                {
                                                    "Worker Number": 0,
                                                    "Actual Startup Time": 0.028,
                                                    "Actual Total Time": 45.806,
                                                    "Actual Rows": 337879,
                                                    "Actual Loops": 1
                                                },
                                                {
                                                    "Worker Number": 1,
                                                    "Actual Startup Time": 0.023,
                                                    "Actual Total Time": 44.731,
                                                    "Actual Rows": 329207,
                                                    "Actual Loops": 1
                                                }
                                            ]
                                        },
                                        {
                                            "Node Type": "Hash",
                                            "Parent Relationship": "Inner",
                                            "Parallel Aware": true,
                                            "Startup Cost": 375225.48,
                                            "Total Cost": 375225.48,
                                            "Plan Rows": 58401,
                                            "Plan Width": 8,
                                            "Actual Startup Time": 2491.453,
                                            "Actual Total Time": 2491.457,
                                            "Actual Rows": 47511,
                                            "Actual Loops": 3,
                                            "Output": [
                                                "t.id",
                                                "ci.movie_id"
                                            ],
                                            "Hash Buckets": 524288,
                                            "Original Hash Buckets": 524288,
                                            "Hash Batches": 1,
                                            "Original Hash Batches": 1,
                                            "Peak Memory Usage": 9728,
                                            "Workers": [
                                                {
                                                    "Worker Number": 0,
                                                    "Actual Startup Time": 2491.286,
                                                    "Actual Total Time": 2491.289,
                                                    "Actual Rows": 46919,
                                                    "Actual Loops": 1
                                                },
                                                {
                                                    "Worker Number": 1,
                                                    "Actual Startup Time": 2491.598,
                                                    "Actual Total Time": 2491.601,
                                                    "Actual Rows": 46292,
                                                    "Actual Loops": 1
                                                }
                                            ],
                                            "Plans": [
                                                {
                                                    "Node Type": "Hash Join",
                                                    "Parent Relationship": "Outer",
                                                    "Parallel Aware": true,
                                                    "Join Type": "Inner",
                                                    "Startup Cost": 38156.88,
                                                    "Total Cost": 375225.48,
                                                    "Plan Rows": 58401,
                                                    "Plan Width": 8,
                                                    "Actual Startup Time": 80.597,
                                                    "Actual Total Time": 2469.282,
                                                    "Actual Rows": 47511,
                                                    "Actual Loops": 3,
                                                    "Output": [
                                                        "t.id",
                                                        "ci.movie_id"
                                                    ],
                                                    "Inner Unique": true,
                                                    "Hash Cond": "(ci.movie_id = t.id)",
                                                    "Workers": [
                                                        {
                                                            "Worker Number": 0,
                                                            "Actual Startup Time": 80.443,
                                                            "Actual Total Time": 2469.087,
                                                            "Actual Rows": 46919,
                                                            "Actual Loops": 1
                                                        },
                                                        {
                                                            "Worker Number": 1,
                                                            "Actual Startup Time": 80.677,
                                                            "Actual Total Time": 2467.858,
                                                            "Actual Rows": 46292,
                                                            "Actual Loops": 1
                                                        }
                                                    ],
                                                    "Plans": [
                                                        {
                                                            "Node Type": "Seq Scan",
                                                            "Parent Relationship": "Outer",
                                                            "Parallel Aware": true,
                                                            "Relation Name": "cast_info",
                                                            "Schema": "public",
                                                            "Alias": "ci",
                                                            "Startup Cost": 0.0,
                                                            "Total Cost": 328213.62,
                                                            "Plan Rows": 3373321,
                                                            "Plan Width": 4,
                                                            "Actual Startup Time": 0.019,
                                                            "Actual Total Time": 1528.719,
                                                            "Actual Rows": 6707554,
                                                            "Actual Loops": 3,
                                                            "Output": [
                                                                "ci.id",
                                                                "ci.person_id",
                                                                "ci.movie_id",
                                                                "ci.person_role_id",
                                                                "ci.note",
                                                                "ci.nr_order",
                                                                "ci.role_id"
                                                            ],
                                                            "Filter": "(ci.role_id < 3)",
                                                            "Rows Removed by Filter": 5373894,
                                                            "Workers": [
                                                                {
                                                                    "Worker Number": 0,
                                                                    "Actual Startup Time": 0.023,
                                                                    "Actual Total Time": 1525.062,
                                                                    "Actual Rows": 6648267,
                                                                    "Actual Loops": 1
                                                                },
                                                                {
                                                                    "Worker Number": 1,
                                                                    "Actual Startup Time": 0.025,
                                                                    "Actual Total Time": 1510.344,
                                                                    "Actual Rows": 6471741,
                                                                    "Actual Loops": 1
                                                                }
                                                            ]
                                                        },
                                                        {
                                                            "Node Type": "Hash",
                                                            "Parent Relationship": "Inner",
                                                            "Parallel Aware": true,
                                                            "Startup Cost": 38020.1,
                                                            "Total Cost": 38020.1,
                                                            "Plan Rows": 10943,
                                                            "Plan Width": 4,
                                                            "Actual Startup Time": 80.238,
                                                            "Actual Total Time": 80.24,
                                                            "Actual Rows": 13604,
                                                            "Actual Loops": 3,
                                                            "Output": [
                                                                "t.id"
                                                            ],
                                                            "Hash Buckets": 65536,
                                                            "Original Hash Buckets": 65536,
                                                            "Hash Batches": 1,
                                                            "Original Hash Batches": 1,
                                                            "Peak Memory Usage": 2176,
                                                            "Workers": [
                                                                {
                                                                    "Worker Number": 0,
                                                                    "Actual Startup Time": 80.319,
                                                                    "Actual Total Time": 80.321,
                                                                    "Actual Rows": 7651,
                                                                    "Actual Loops": 1
                                                                },
                                                                {
                                                                    "Worker Number": 1,
                                                                    "Actual Startup Time": 80.48,
                                                                    "Actual Total Time": 80.482,
                                                                    "Actual Rows": 6870,
                                                                    "Actual Loops": 1
                                                                }
                                                            ],
                                                            "Plans": [
                                                                {
                                                                    "Node Type": "Bitmap Heap Scan",
                                                                    "Parent Relationship": "Outer",
                                                                    "Parallel Aware": true,
                                                                    "Relation Name": "title",
                                                                    "Schema": "public",
                                                                    "Alias": "t",
                                                                    "Startup Cost": 1673.19,
                                                                    "Total Cost": 38020.1,
                                                                    "Plan Rows": 10943,
                                                                    "Plan Width": 4,
                                                                    "Actual Startup Time": 24.818,
                                                                    "Actual Total Time": 74.23,
                                                                    "Actual Rows": 13604,
                                                                    "Actual Loops": 3,
                                                                    "Output": [
                                                                        "t.id"
                                                                    ],
                                                                    "Recheck Cond": "(t.kind_id = 2)",
                                                                    "Rows Removed by Index Recheck": 0,
                                                                    "Filter": "(t.production_year > 2003)",
                                                                    "Rows Removed by Filter": 16680,
                                                                    "Exact Heap Blocks": 15273,
                                                                    "Lossy Heap Blocks": 0,
                                                                    "Workers": [
                                                                        {
                                                                            "Worker Number": 0,
                                                                            "Actual Startup Time": 24.899,
                                                                            "Actual Total Time": 75.164,
                                                                            "Actual Rows": 7651,
                                                                            "Actual Loops": 1
                                                                        },
                                                                        {
                                                                            "Worker Number": 1,
                                                                            "Actual Startup Time": 24.853,
                                                                            "Actual Total Time": 75.074,
                                                                            "Actual Rows": 6870,
                                                                            "Actual Loops": 1
                                                                        }
                                                                    ],
                                                                    "Plans": [
                                                                        {
                                                                            "Node Type": "Bitmap Index Scan",
                                                                            "Parent Relationship": "Outer",
                                                                            "Parallel Aware": false,
                                                                            "Index Name": "kind_id_title",
                                                                            "Startup Cost": 0.0,
                                                                            "Total Cost": 1662.25,
                                                                            "Plan Rows": 93042,
                                                                            "Plan Width": 0,
                                                                            "Actual Startup Time": 18.622,
                                                                            "Actual Total Time": 18.622,
                                                                            "Actual Rows": 90852,
                                                                            "Actual Loops": 1,
                                                                            "Index Cond": "(t.kind_id = 2)"
                                                                        }
                                                                    ]
                                                                }
                                                            ]
                                                        }
                                                    ]
                                                }
                                            ]
                                        }
                                    ]
                                }
                            ]
                        }
                    ]
                }
            ]
        },
        "Planning Time": 657.187,
        "Triggers": [],
        "Execution Time": 2613.466
    }
]