{
  "Plan": {
    "Node Type": "Aggregate",
    "Strategy": "Plain",
    "Partial Mode": "Finalize",
    "Parallel Aware": false,
    "Startup Cost": 360869.56,
    "Total Cost": 360869.57,
    "Plan Rows": 1,
    "Plan Width": 8,
    "Actual Startup Time": 1043.806,
    "Actual Total Time": 1057.302,
    "Actual Rows": 1,
    "Actual Loops": 1,
    "Plans": [
      {
        "Node Type": "Gather",
        "Parent Relationship": "Outer",
        "Parallel Aware": false,
        "Startup Cost": 360869.45,
        "Total Cost": 360869.56,
        "Plan Rows": 1,
        "Plan Width": 8,
        "Actual Startup Time": 1040.735,
        "Actual Total Time": 1057.296,
        "Actual Rows": 2,
        "Actual Loops": 1,
        "Workers Planned": 1,
        "Workers Launched": 1,
        "Single Copy": false,
        "Plans": [
          {
            "Node Type": "Aggregate",
            "Strategy": "Plain",
            "Partial Mode": "Partial",
            "Parent Relationship": "Outer",
            "Parallel Aware": false,
            "Startup Cost": 359869.45,
            "Total Cost": 359869.46,
            "Plan Rows": 1,
            "Plan Width": 8,
            "Actual Startup Time": 1031.395,
            "Actual Total Time": 1031.401,
            "Actual Rows": 1,
            "Actual Loops": 2,
            "Plans": [
              {
                "Node Type": "Merge Join",
                "Parent Relationship": "Outer",
                "Parallel Aware": false,
                "Join Type": "Inner",
                "Startup Cost": 356191.13,
                "Total Cost": 359869.09,
                "Plan Rows": 145,
                "Plan Width": 0,
                "Actual Startup Time": 1011.43,
                "Actual Total Time": 1031.391,
                "Actual Rows": 18,
                "Actual Loops": 2,
                "Inner Unique": false,
                "Merge Cond": "(t.id = ci.movie_id)",
                "Plans": [
                  {
                    "Node Type": "Sort",
                    "Parent Relationship": "Outer",
                    "Parallel Aware": false,
                    "Startup Cost": 355110.44,
                    "Total Cost": 356949.15,
                    "Plan Rows": 735484,
                    "Plan Width": 8,
                    "Actual Startup Time": 1010.046,
                    "Actual Total Time": 1018.587,
                    "Actual Rows": 260510,
                    "Actual Loops": 2,
                    "Sort Key": [
                      "t.id"
                    ],
                    "Sort Method": "quicksort",
                    "Sort Space Used": 24788,
                    "Sort Space Type": "Memory",
                    "Workers": [
                      {
                        "Worker Number": 0,
                        "Sort Method": "quicksort",
                        "Sort Space Used": 18069,
                        "Sort Space Type": "Memory"
                      }
                    ],
                    "Plans": [
                      {
                        "Node Type": "Hash Join",
                        "Parent Relationship": "Outer",
                        "Parallel Aware": true,
                        "Join Type": "Inner",
                        "Startup Cost": 103150.28,
                        "Total Cost": 283443.65,
                        "Plan Rows": 735484,
                        "Plan Width": 8,
                        "Actual Startup Time": 486.704,
                        "Actual Total Time": 950.012,
                        "Actual Rows": 260520,
                        "Actual Loops": 2,
                        "Inner Unique": true,
                        "Hash Cond": "(mi.movie_id = t.id)",
                        "Plans": [
                          {
                            "Node Type": "Bitmap Heap Scan",
                            "Parent Relationship": "Outer",
                            "Parallel Aware": true,
                            "Relation Name": "movie_info",
                            "Alias": "mi",
                            "Startup Cost": 37261.42,
                            "Total Cost": 214378.69,
                            "Plan Rows": 1209942,
                            "Plan Width": 4,
                            "Actual Startup Time": 68.776,
                            "Actual Total Time": 170.406,
                            "Actual Rows": 1045534,
                            "Actual Loops": 2,
                            "Recheck Cond": "(info_type_id < 3)",
                            "Rows Removed by Index Recheck": 0,
                            "Exact Heap Blocks": 6760,
                            "Lossy Heap Blocks": 0,
                            "Plans": [
                              {
                                "Node Type": "Bitmap Index Scan",
                                "Parent Relationship": "Outer",
                                "Parallel Aware": false,
                                "Index Name": "info_type_id_movie_info",
                                "Startup Cost": 0.0,
                                "Total Cost": 36747.19,
                                "Plan Rows": 2056901,
                                "Plan Width": 0,
                                "Actual Startup Time": 66.815,
                                "Actual Total Time": 66.815,
                                "Actual Rows": 2091068,
                                "Actual Loops": 1,
                                "Index Cond": "(info_type_id < 3)"
                              }
                            ]
                          },
                          {
                            "Node Type": "Hash",
                            "Parent Relationship": "Inner",
                            "Parallel Aware": true,
                            "Startup Cost": 54588.39,
                            "Total Cost": 54588.39,
                            "Plan Rows": 904038,
                            "Plan Width": 4,
                            "Actual Startup Time": 402.865,
                            "Actual Total Time": 402.866,
                            "Actual Rows": 771632,
                            "Actual Loops": 2,
                            "Hash Buckets": 2097152,
                            "Original Hash Buckets": 2097152,
                            "Hash Batches": 1,
                            "Original Hash Batches": 1,
                            "Peak Memory Usage": 76768,
                            "Plans": [
                              {
                                "Node Type": "Seq Scan",
                                "Parent Relationship": "Outer",
                                "Parallel Aware": true,
                                "Relation Name": "title",
                                "Alias": "t",
                                "Startup Cost": 0.0,
                                "Total Cost": 54588.39,
                                "Plan Rows": 904038,
                                "Plan Width": 4,
                                "Actual Startup Time": 0.036,
                                "Actual Total Time": 165.996,
                                "Actual Rows": 771632,
                                "Actual Loops": 2,
                                "Filter": "(kind_id = 7)",
                                "Rows Removed by Filter": 492524
                              }
                            ]
                          }
                        ]
                      }
                    ]
                  },
                  {
                    "Node Type": "Sort",
                    "Parent Relationship": "Inner",
                    "Parallel Aware": false,
                    "Startup Cost": 1080.69,
                    "Total Cost": 1081.93,
                    "Plan Rows": 497,
                    "Plan Width": 4,
                    "Actual Startup Time": 0.57,
                    "Actual Total Time": 0.573,
                    "Actual Rows": 42,
                    "Actual Loops": 2,
                    "Sort Key": [
                      "ci.movie_id"
                    ],
                    "Sort Method": "quicksort",
                    "Sort Space Used": 26,
                    "Sort Space Type": "Memory",
                    "Workers": [
                      {
                        "Worker Number": 0,
                        "Sort Method": "quicksort",
                        "Sort Space Used": 26,
                        "Sort Space Type": "Memory"
                      }
                    ],
                    "Plans": [
                      {
                        "Node Type": "Index Scan",
                        "Parent Relationship": "Outer",
                        "Parallel Aware": false,
                        "Scan Direction": "Forward",
                        "Index Name": "person_id_cast_info",
                        "Relation Name": "cast_info",
                        "Alias": "ci",
                        "Startup Cost": 0.56,
                        "Total Cost": 1058.43,
                        "Plan Rows": 497,
                        "Plan Width": 4,
                        "Actual Startup Time": 0.526,
                        "Actual Total Time": 0.543,
                        "Actual Rows": 42,
                        "Actual Loops": 2,
                        "Index Cond": "(person_id = 2305021)",
                        "Rows Removed by Index Recheck": 0
                      }
                    ]
                  }
                ]
              }
            ]
          }
        ]
      }
    ]
  },
  "Planning Time": 1.084,
  "Triggers": [],
  "Execution Time": 1057.418
}