{
  "Plan": {
    "Node Type": "Aggregate",
    "Strategy": "Plain",
    "Partial Mode": "Finalize",
    "Parallel Aware": false,
    "Startup Cost": 129861.07,
    "Total Cost": 129861.08,
    "Plan Rows": 1,
    "Plan Width": 8,
    "Actual Startup Time": 735.262,
    "Actual Total Time": 755.275,
    "Actual Rows": 1,
    "Actual Loops": 1,
    "Plans": [
      {
        "Node Type": "Gather",
        "Parent Relationship": "Outer",
        "Parallel Aware": false,
        "Startup Cost": 129860.96,
        "Total Cost": 129861.07,
        "Plan Rows": 1,
        "Plan Width": 8,
        "Actual Startup Time": 732.967,
        "Actual Total Time": 755.268,
        "Actual Rows": 2,
        "Actual Loops": 1,
        "Workers Planned": 1,
        "Workers Launched": 1,
        "Single Copy": false,
        "Plans": [
          {
            "Node Type": "Aggregate",
            "Strategy": "Plain",
            "Partial Mode": "Partial",
            "Parent Relationship": "Outer",
            "Parallel Aware": false,
            "Startup Cost": 128860.96,
            "Total Cost": 128860.97,
            "Plan Rows": 1,
            "Plan Width": 8,
            "Actual Startup Time": 727.138,
            "Actual Total Time": 727.142,
            "Actual Rows": 1,
            "Actual Loops": 2,
            "Plans": [
              {
                "Node Type": "Hash Join",
                "Parent Relationship": "Outer",
                "Parallel Aware": true,
                "Join Type": "Inner",
                "Startup Cost": 64736.89,
                "Total Cost": 127273.6,
                "Plan Rows": 634942,
                "Plan Width": 0,
                "Actual Startup Time": 319.617,
                "Actual Total Time": 720.405,
                "Actual Rows": 139402,
                "Actual Loops": 2,
                "Inner Unique": true,
                "Hash Cond": "(mk.movie_id = t.id)",
                "Plans": [
                  {
                    "Node Type": "Seq Scan",
                    "Parent Relationship": "Outer",
                    "Parallel Aware": true,
                    "Relation Name": "movie_keyword",
                    "Alias": "mk",
                    "Startup Cost": 0.0,
                    "Total Cost": 57718.19,
                    "Plan Rows": 1835621,
                    "Plan Width": 4,
                    "Actual Startup Time": 0.204,
                    "Actual Total Time": 228.085,
                    "Actual Rows": 1553772,
                    "Actual Loops": 2,
                    "Filter": "(keyword_id > 1941)",
                    "Rows Removed by Filter": 708194
                  },
                  {
                    "Node Type": "Hash",
                    "Parent Relationship": "Inner",
                    "Parallel Aware": true,
                    "Startup Cost": 58306.47,
                    "Total Cost": 58306.47,
                    "Plan Rows": 514434,
                    "Plan Width": 4,
                    "Actual Startup Time": 310.288,
                    "Actual Total Time": 310.289,
                    "Actual Rows": 478650,
                    "Actual Loops": 2,
                    "Hash Buckets": 1048576,
                    "Original Hash Buckets": 1048576,
                    "Hash Batches": 1,
                    "Original Hash Batches": 1,
                    "Peak Memory Usage": 45696,
                    "Plans": [
                      {
                        "Node Type": "Seq Scan",
                        "Parent Relationship": "Outer",
                        "Parallel Aware": true,
                        "Relation Name": "title",
                        "Alias": "t",
                        "Startup Cost": 0.0,
                        "Total Cost": 58306.47,
                        "Plan Rows": 514434,
                        "Plan Width": 4,
                        "Actual Startup Time": 0.031,
                        "Actual Total Time": 185.195,
                        "Actual Rows": 478650,
                        "Actual Loops": 2,
                        "Filter": "((production_year > 1999) AND (kind_id = 7))",
                        "Rows Removed by Filter": 785506
                      }
                    ]
                  }
                ]
              }
            ]
          }
        ]
      }
    ]
  },
  "Planning Time": 0.5,
  "Triggers": [],
  "Execution Time": 755.344
}