[
  {
    "Plan": {
      "Node Type": "Aggregate",
      "Strategy": "Plain",
      "Partial Mode": "Finalize",
      "Parallel Aware": false,
      "Startup Cost": 339867.55,
      "Total Cost": 339867.56,
      "Plan Rows": 1,
      "Plan Width": 8,
      "Actual Startup Time": 885.223,
      "Actual Total Time": 933.625,
      "Actual Rows": 1,
      "Actual Loops": 1,
      "Plans": [
        {
          "Node Type": "Gather",
          "Parent Relationship": "Outer",
          "Parallel Aware": false,
          "Startup Cost": 339866.92,
          "Total Cost": 339867.53,
          "Plan Rows": 6,
          "Plan Width": 8,
          "Actual Startup Time": 885.034,
          "Actual Total Time": 933.612,
          "Actual Rows": 7,
          "Actual Loops": 1,
          "Workers Planned": 6,
          "Workers Launched": 6,
          "Single Copy": false,
          "Plans": [
            {
              "Node Type": "Aggregate",
              "Strategy": "Plain",
              "Partial Mode": "Partial",
              "Parent Relationship": "Outer",
              "Parallel Aware": false,
              "Startup Cost": 338866.92,
              "Total Cost": 338866.93,
              "Plan Rows": 1,
              "Plan Width": 8,
              "Actual Startup Time": 876.677,
              "Actual Total Time": 876.678,
              "Actual Rows": 1,
              "Actual Loops": 7,
              "Plans": [
                {
                  "Node Type": "Seq Scan",
                  "Parent Relationship": "Outer",
                  "Parallel Aware": true,
                  "Relation Name": "cast_info",
                  "Alias": "ci",
                  "Startup Cost": 0.0,
                  "Total Cost": 328211.39,
                  "Plan Rows": 4262213,
                  "Plan Width": 0,
                  "Actual Startup Time": 0.053,
                  "Actual Total Time": 674.525,
                  "Actual Rows": 3669252,
                  "Actual Loops": 7,
                  "Filter": "(person_id < 2653116)",
                  "Rows Removed by Filter": 1508512
                }
              ]
            }
          ]
        }
      ]
    },
    "Planning Time": 0.121,
    "Triggers": [],
    "Execution Time": 933.675
  }
]