[
  {
    "Plan": {
      "Node Type": "Aggregate",
      "Strategy": "Plain",
      "Partial Mode": "Finalize",
      "Parallel Aware": false,
      "Startup Cost": 90835.48,
      "Total Cost": 90835.49,
      "Plan Rows": 1,
      "Plan Width": 8,
      "Actual Startup Time": 326.339,
      "Actual Total Time": 345.827,
      "Actual Rows": 1,
      "Actual Loops": 1,
      "Plans": [
        {
          "Node Type": "Gather",
          "Parent Relationship": "Outer",
          "Parallel Aware": false,
          "Startup Cost": 90835.06,
          "Total Cost": 90835.47,
          "Plan Rows": 4,
          "Plan Width": 8,
          "Actual Startup Time": 324.392,
          "Actual Total Time": 345.818,
          "Actual Rows": 5,
          "Actual Loops": 1,
          "Workers Planned": 4,
          "Workers Launched": 4,
          "Single Copy": false,
          "Plans": [
            {
              "Node Type": "Aggregate",
              "Strategy": "Plain",
              "Partial Mode": "Partial",
              "Parent Relationship": "Outer",
              "Parallel Aware": false,
              "Startup Cost": 89835.06,
              "Total Cost": 89835.07,
              "Plan Rows": 1,
              "Plan Width": 8,
              "Actual Startup Time": 314.144,
              "Actual Total Time": 314.149,
              "Actual Rows": 1,
              "Actual Loops": 5,
              "Plans": [
                {
                  "Node Type": "Nested Loop",
                  "Parent Relationship": "Outer",
                  "Parallel Aware": false,
                  "Join Type": "Inner",
                  "Startup Cost": 30650.17,
                  "Total Cost": 89801.58,
                  "Plan Rows": 13392,
                  "Plan Width": 0,
                  "Actual Startup Time": 114.18,
                  "Actual Total Time": 312.137,
                  "Actual Rows": 39476,
                  "Actual Loops": 5,
                  "Inner Unique": false,
                  "Plans": [
                    {
                      "Node Type": "Hash Join",
                      "Parent Relationship": "Outer",
                      "Parallel Aware": true,
                      "Join Type": "Inner",
                      "Startup Cost": 30649.74,
                      "Total Cost": 76134.96,
                      "Plan Rows": 24535,
                      "Plan Width": 8,
                      "Actual Startup Time": 114.055,
                      "Actual Total Time": 244.377,
                      "Actual Rows": 22183,
                      "Actual Loops": 5,
                      "Inner Unique": false,
                      "Hash Cond": "(t.id = mc.movie_id)",
                      "Plans": [
                        {
                          "Node Type": "Seq Scan",
                          "Parent Relationship": "Outer",
                          "Parallel Aware": true,
                          "Relation Name": "title",
                          "Alias": "t",
                          "Startup Cost": 0.0,
                          "Total Cost": 43898.92,
                          "Plan Rows": 301434,
                          "Plan Width": 4,
                          "Actual Startup Time": 0.013,
                          "Actual Total Time": 75.335,
                          "Actual Rows": 238504,
                          "Actual Loops": 5,
                          "Filter": "(production_year > 2003)",
                          "Rows Removed by Filter": 267159
                        },
                        {
                          "Node Type": "Hash",
                          "Parent Relationship": "Inner",
                          "Parallel Aware": true,
                          "Startup Cost": 29819.95,
                          "Total Cost": 29819.95,
                          "Plan Rows": 66383,
                          "Plan Width": 4,
                          "Actual Startup Time": 112.054,
                          "Actual Total Time": 112.056,
                          "Actual Rows": 63721,
                          "Actual Loops": 5,
                          "Hash Buckets": 524288,
                          "Original Hash Buckets": 262144,
                          "Hash Batches": 1,
                          "Original Hash Batches": 1,
                          "Peak Memory Usage": 18688,
                          "Plans": [
                            {
                              "Node Type": "Bitmap Heap Scan",
                              "Parent Relationship": "Outer",
                              "Parallel Aware": true,
                              "Relation Name": "movie_companies",
                              "Alias": "mc",
                              "Startup Cost": 9007.18,
                              "Total Cost": 29819.95,
                              "Plan Rows": 66383,
                              "Plan Width": 4,
                              "Actual Startup Time": 29.64,
                              "Actual Total Time": 79.453,
                              "Actual Rows": 63721,
                              "Actual Loops": 5,
                              "Recheck Cond": "(company_id < 292)",
                              "Rows Removed by Index Recheck": 0,
                              "Filter": "(company_type_id = 1)",
                              "Rows Removed by Filter": 19682,
                              "Exact Heap Blocks": 6620,
                              "Lossy Heap Blocks": 0,
                              "Plans": [
                                {
                                  "Node Type": "Bitmap Index Scan",
                                  "Parent Relationship": "Outer",
                                  "Parallel Aware": false,
                                  "Index Name": "company_id_movie_companies",
                                  "Startup Cost": 0.0,
                                  "Total Cost": 8955.73,
                                  "Plan Rows": 418040,
                                  "Plan Width": 0,
                                  "Actual Startup Time": 29.563,
                                  "Actual Total Time": 29.563,
                                  "Actual Rows": 417014,
                                  "Actual Loops": 1,
                                  "Index Cond": "(company_id < 292)"
                                }
                              ]
                            }
                          ]
                        }
                      ]
                    },
                    {
                      "Node Type": "Index Only Scan",
                      "Parent Relationship": "Inner",
                      "Parallel Aware": false,
                      "Scan Direction": "Forward",
                      "Index Name": "movie_id_movie_info_idx",
                      "Relation Name": "movie_info_idx",
                      "Alias": "mi_idx",
                      "Startup Cost": 0.43,
                      "Total Cost": 0.53,
                      "Plan Rows": 3,
                      "Plan Width": 4,
                      "Actual Startup Time": 0.002,
                      "Actual Total Time": 0.003,
                      "Actual Rows": 2,
                      "Actual Loops": 110916,
                      "Index Cond": "(movie_id = t.id)",
                      "Rows Removed by Index Recheck": 0,
                      "Heap Fetches": 197380
                    }
                  ]
                }
              ]
            }
          ]
        }
      ]
    },
    "Planning Time": 1.519,
    "Triggers": [],
    "Execution Time": 345.94
  }
]