[
  {
    "Plan": {
      "Node Type": "Aggregate",
      "Strategy": "Plain",
      "Partial Mode": "Finalize",
      "Parallel Aware": false,
      "Startup Cost": 33074.98,
      "Total Cost": 33074.99,
      "Plan Rows": 1,
      "Plan Width": 8,
      "Actual Startup Time": 34.121,
      "Actual Total Time": 38.63,
      "Actual Rows": 1,
      "Actual Loops": 1,
      "Plans": [
        {
          "Node Type": "Gather",
          "Parent Relationship": "Outer",
          "Parallel Aware": false,
          "Startup Cost": 33074.77,
          "Total Cost": 33074.98,
          "Plan Rows": 2,
          "Plan Width": 8,
          "Actual Startup Time": 33.882,
          "Actual Total Time": 38.622,
          "Actual Rows": 3,
          "Actual Loops": 1,
          "Workers Planned": 2,
          "Workers Launched": 2,
          "Single Copy": false,
          "Plans": [
            {
              "Node Type": "Aggregate",
              "Strategy": "Plain",
              "Partial Mode": "Partial",
              "Parent Relationship": "Outer",
              "Parallel Aware": false,
              "Startup Cost": 32074.77,
              "Total Cost": 32074.78,
              "Plan Rows": 1,
              "Plan Width": 8,
              "Actual Startup Time": 25.572,
              "Actual Total Time": 25.574,
              "Actual Rows": 1,
              "Actual Loops": 3,
              "Plans": [
                {
                  "Node Type": "Nested Loop",
                  "Parent Relationship": "Outer",
                  "Parallel Aware": false,
                  "Join Type": "Inner",
                  "Startup Cost": 91.06,
                  "Total Cost": 32074.69,
                  "Plan Rows": 30,
                  "Plan Width": 0,
                  "Actual Startup Time": 2.898,
                  "Actual Total Time": 25.545,
                  "Actual Rows": 78,
                  "Actual Loops": 3,
                  "Inner Unique": true,
                  "Plans": [
                    {
                      "Node Type": "Bitmap Heap Scan",
                      "Parent Relationship": "Outer",
                      "Parallel Aware": true,
                      "Relation Name": "movie_info",
                      "Alias": "mi",
                      "Startup Cost": 90.63,
                      "Total Cost": 17014.81,
                      "Plan Rows": 2053,
                      "Plan Width": 4,
                      "Actual Startup Time": 1.37,
                      "Actual Total Time": 5.181,
                      "Actual Rows": 2047,
                      "Actual Loops": 3,
                      "Recheck Cond": "(info_type_id = 46)",
                      "Rows Removed by Index Recheck": 0,
                      "Exact Heap Blocks": 1022,
                      "Lossy Heap Blocks": 0,
                      "Plans": [
                        {
                          "Node Type": "Bitmap Index Scan",
                          "Parent Relationship": "Outer",
                          "Parallel Aware": false,
                          "Index Name": "info_type_id_movie_info",
                          "Startup Cost": 0.0,
                          "Total Cost": 89.4,
                          "Plan Rows": 4928,
                          "Plan Width": 0,
                          "Actual Startup Time": 3.23,
                          "Actual Total Time": 3.231,
                          "Actual Rows": 6142,
                          "Actual Loops": 1,
                          "Index Cond": "(info_type_id = 46)"
                        }
                      ]
                    },
                    {
                      "Node Type": "Index Scan",
                      "Parent Relationship": "Inner",
                      "Parallel Aware": false,
                      "Scan Direction": "Forward",
                      "Index Name": "title_pkey",
                      "Relation Name": "title",
                      "Alias": "t",
                      "Startup Cost": 0.43,
                      "Total Cost": 7.34,
                      "Plan Rows": 1,
                      "Plan Width": 4,
                      "Actual Startup Time": 0.009,
                      "Actual Total Time": 0.009,
                      "Actual Rows": 0,
                      "Actual Loops": 6142,
                      "Index Cond": "(id = mi.movie_id)",
                      "Rows Removed by Index Recheck": 0,
                      "Filter": "(production_year = 1996)",
                      "Rows Removed by Filter": 1
                    }
                  ]
                }
              ]
            }
          ]
        }
      ]
    },
    "Planning Time": 0.521,
    "Triggers": [],
    "Execution Time": 38.705
  }
]