{
  "Plan": {
    "Node Type": "Aggregate",
    "Strategy": "Plain",
    "Partial Mode": "Finalize",
    "Parallel Aware": false,
    "Startup Cost": 346724.89,
    "Total Cost": 346724.9,
    "Plan Rows": 1,
    "Plan Width": 8,
    "Actual Startup Time": 1842.24,
    "Actual Total Time": 1878.065,
    "Actual Rows": 1,
    "Actual Loops": 1,
    "Plans": [
      {
        "Node Type": "Gather",
        "Parent Relationship": "Outer",
        "Parallel Aware": false,
        "Startup Cost": 346724.78,
        "Total Cost": 346724.89,
        "Plan Rows": 1,
        "Plan Width": 8,
        "Actual Startup Time": 1841.102,
        "Actual Total Time": 1878.058,
        "Actual Rows": 2,
        "Actual Loops": 1,
        "Workers Planned": 1,
        "Workers Launched": 1,
        "Single Copy": false,
        "Plans": [
          {
            "Node Type": "Aggregate",
            "Strategy": "Plain",
            "Partial Mode": "Partial",
            "Parent Relationship": "Outer",
            "Parallel Aware": false,
            "Startup Cost": 345724.78,
            "Total Cost": 345724.79,
            "Plan Rows": 1,
            "Plan Width": 8,
            "Actual Startup Time": 1834.701,
            "Actual Total Time": 1834.705,
            "Actual Rows": 1,
            "Actual Loops": 2,
            "Plans": [
              {
                "Node Type": "Hash Join",
                "Parent Relationship": "Outer",
                "Parallel Aware": true,
                "Join Type": "Inner",
                "Startup Cost": 57740.43,
                "Total Cost": 342268.95,
                "Plan Rows": 1382330,
                "Plan Width": 0,
                "Actual Startup Time": 248.854,
                "Actual Total Time": 1736.559,
                "Actual Rows": 2431316,
                "Actual Loops": 2,
                "Inner Unique": true,
                "Hash Cond": "(mi.movie_id = t.id)",
                "Plans": [
                  {
                    "Node Type": "Seq Scan",
                    "Parent Relationship": "Outer",
                    "Parallel Aware": true,
                    "Relation Name": "movie_info",
                    "Alias": "mi",
                    "Startup Cost": 0.0,
                    "Total Cost": 270696.42,
                    "Plan Rows": 5269362,
                    "Plan Width": 4,
                    "Actual Startup Time": 33.783,
                    "Actual Total Time": 695.279,
                    "Actual Rows": 4475378,
                    "Actual Loops": 2,
                    "Filter": "(info_type_id > 6)",
                    "Rows Removed by Filter": 2942482
                  },
                  {
                    "Node Type": "Hash",
                    "Parent Relationship": "Inner",
                    "Parallel Aware": true,
                    "Startup Cost": 52863.55,
                    "Total Cost": 52863.55,
                    "Plan Rows": 390151,
                    "Plan Width": 4,
                    "Actual Startup Time": 172.67,
                    "Actual Total Time": 172.672,
                    "Actual Rows": 331412,
                    "Actual Loops": 2,
                    "Hash Buckets": 1048576,
                    "Original Hash Buckets": 1048576,
                    "Hash Batches": 1,
                    "Original Hash Batches": 1,
                    "Peak Memory Usage": 34144,
                    "Plans": [
                      {
                        "Node Type": "Bitmap Heap Scan",
                        "Parent Relationship": "Outer",
                        "Parallel Aware": true,
                        "Relation Name": "title",
                        "Alias": "t",
                        "Startup Cost": 11988.66,
                        "Total Cost": 52863.55,
                        "Plan Rows": 390151,
                        "Plan Width": 4,
                        "Actual Startup Time": 31.491,
                        "Actual Total Time": 92.105,
                        "Actual Rows": 331412,
                        "Actual Loops": 2,
                        "Recheck Cond": "(kind_id = 1)",
                        "Rows Removed by Index Recheck": 0,
                        "Exact Heap Blocks": 7784,
                        "Lossy Heap Blocks": 0,
                        "Plans": [
                          {
                            "Node Type": "Bitmap Index Scan",
                            "Parent Relationship": "Outer",
                            "Parallel Aware": false,
                            "Index Name": "kind_id_title",
                            "Startup Cost": 0.0,
                            "Total Cost": 11822.85,
                            "Plan Rows": 663256,
                            "Plan Width": 0,
                            "Actual Startup Time": 29.714,
                            "Actual Total Time": 29.715,
                            "Actual Rows": 662825,
                            "Actual Loops": 1,
                            "Index Cond": "(kind_id = 1)"
                          }
                        ]
                      }
                    ]
                  }
                ]
              }
            ]
          }
        ]
      }
    ]
  },
  "Planning Time": 0.609,
  "Triggers": [],
  "Execution Time": 1878.162
}