[
  {
    "Plan": {
      "Node Type": "Aggregate",
      "Strategy": "Plain",
      "Partial Mode": "Finalize",
      "Parallel Aware": false,
      "Startup Cost": 61094.65,
      "Total Cost": 61094.66,
      "Plan Rows": 1,
      "Plan Width": 8,
      "Actual Startup Time": 199.07,
      "Actual Total Time": 212.41,
      "Actual Rows": 1,
      "Actual Loops": 1,
      "Plans": [
        {
          "Node Type": "Gather",
          "Parent Relationship": "Outer",
          "Parallel Aware": false,
          "Startup Cost": 61094.44,
          "Total Cost": 61094.65,
          "Plan Rows": 2,
          "Plan Width": 8,
          "Actual Startup Time": 198.74,
          "Actual Total Time": 212.402,
          "Actual Rows": 3,
          "Actual Loops": 1,
          "Workers Planned": 2,
          "Workers Launched": 2,
          "Single Copy": false,
          "Plans": [
            {
              "Node Type": "Aggregate",
              "Strategy": "Plain",
              "Partial Mode": "Partial",
              "Parent Relationship": "Outer",
              "Parallel Aware": false,
              "Startup Cost": 60094.44,
              "Total Cost": 60094.45,
              "Plan Rows": 1,
              "Plan Width": 8,
              "Actual Startup Time": 191.641,
              "Actual Total Time": 191.648,
              "Actual Rows": 1,
              "Actual Loops": 3,
              "Plans": [
                {
                  "Node Type": "Hash Join",
                  "Parent Relationship": "Outer",
                  "Parallel Aware": true,
                  "Join Type": "Inner",
                  "Startup Cost": 43959.23,
                  "Total Cost": 60087.13,
                  "Plan Rows": 2923,
                  "Plan Width": 0,
                  "Actual Startup Time": 120.516,
                  "Actual Total Time": 191.423,
                  "Actual Rows": 3257,
                  "Actual Loops": 3,
                  "Inner Unique": true,
                  "Hash Cond": "(mi_idx.movie_id = t.id)",
                  "Plans": [
                    {
                      "Node Type": "Seq Scan",
                      "Parent Relationship": "Outer",
                      "Parallel Aware": true,
                      "Relation Name": "movie_info_idx",
                      "Alias": "mi_idx",
                      "Startup Cost": 0.0,
                      "Total Cost": 15122.68,
                      "Plan Rows": 382940,
                      "Plan Width": 4,
                      "Actual Startup Time": 0.028,
                      "Actual Total Time": 45.628,
                      "Actual Rows": 306617,
                      "Actual Loops": 3,
                      "Filter": "(info_type_id < 101)",
                      "Rows Removed by Filter": 153395
                    },
                    {
                      "Node Type": "Hash",
                      "Parent Relationship": "Inner",
                      "Parallel Aware": true,
                      "Startup Cost": 43898.92,
                      "Total Cost": 43898.92,
                      "Plan Rows": 4825,
                      "Plan Width": 4,
                      "Actual Startup Time": 119.295,
                      "Actual Total Time": 119.296,
                      "Actual Rows": 6130,
                      "Actual Loops": 3,
                      "Hash Buckets": 32768,
                      "Original Hash Buckets": 32768,
                      "Hash Batches": 1,
                      "Original Hash Batches": 1,
                      "Peak Memory Usage": 1024,
                      "Plans": [
                        {
                          "Node Type": "Seq Scan",
                          "Parent Relationship": "Outer",
                          "Parallel Aware": true,
                          "Relation Name": "title",
                          "Alias": "t",
                          "Startup Cost": 0.0,
                          "Total Cost": 43898.92,
                          "Plan Rows": 4825,
                          "Plan Width": 4,
                          "Actual Startup Time": 0.177,
                          "Actual Total Time": 115.782,
                          "Actual Rows": 6130,
                          "Actual Loops": 3,
                          "Filter": "(production_year = 1985)",
                          "Rows Removed by Filter": 836640
                        }
                      ]
                    }
                  ]
                }
              ]
            }
          ]
        }
      ]
    },
    "Planning Time": 0.589,
    "Triggers": [],
    "Execution Time": 212.482
  }
]