[
  {
    "Plan": {
      "Node Type": "Aggregate",
      "Strategy": "Plain",
      "Partial Mode": "Finalize",
      "Parallel Aware": false,
      "Startup Cost": 39642.37,
      "Total Cost": 39642.38,
      "Plan Rows": 1,
      "Plan Width": 8,
      "Actual Startup Time": 105.715,
      "Actual Total Time": 119.031,
      "Actual Rows": 1,
      "Actual Loops": 1,
      "Plans": [
        {
          "Node Type": "Gather",
          "Parent Relationship": "Outer",
          "Parallel Aware": false,
          "Startup Cost": 39642.05,
          "Total Cost": 39642.36,
          "Plan Rows": 3,
          "Plan Width": 8,
          "Actual Startup Time": 105.393,
          "Actual Total Time": 119.023,
          "Actual Rows": 4,
          "Actual Loops": 1,
          "Workers Planned": 3,
          "Workers Launched": 3,
          "Single Copy": false,
          "Plans": [
            {
              "Node Type": "Aggregate",
              "Strategy": "Plain",
              "Partial Mode": "Partial",
              "Parent Relationship": "Outer",
              "Parallel Aware": false,
              "Startup Cost": 38642.05,
              "Total Cost": 38642.06,
              "Plan Rows": 1,
              "Plan Width": 8,
              "Actual Startup Time": 96.636,
              "Actual Total Time": 96.638,
              "Actual Rows": 1,
              "Actual Loops": 4,
              "Plans": [
                {
                  "Node Type": "Nested Loop",
                  "Parent Relationship": "Outer",
                  "Parallel Aware": false,
                  "Join Type": "Inner",
                  "Startup Cost": 308.7,
                  "Total Cost": 38609.34,
                  "Plan Rows": 13083,
                  "Plan Width": 0,
                  "Actual Startup Time": 2.588,
                  "Actual Total Time": 93.481,
                  "Actual Rows": 40898,
                  "Actual Loops": 4,
                  "Inner Unique": false,
                  "Plans": [
                    {
                      "Node Type": "Nested Loop",
                      "Parent Relationship": "Outer",
                      "Parallel Aware": false,
                      "Join Type": "Inner",
                      "Startup Cost": 308.26,
                      "Total Cost": 34287.39,
                      "Plan Rows": 2237,
                      "Plan Width": 8,
                      "Actual Startup Time": 2.418,
                      "Actual Total Time": 28.979,
                      "Actual Rows": 3237,
                      "Actual Loops": 4,
                      "Inner Unique": true,
                      "Plans": [
                        {
                          "Node Type": "Bitmap Heap Scan",
                          "Parent Relationship": "Outer",
                          "Parallel Aware": true,
                          "Relation Name": "movie_companies",
                          "Alias": "mc",
                          "Startup Cost": 307.83,
                          "Total Cost": 18663.26,
                          "Plan Rows": 2237,
                          "Plan Width": 4,
                          "Actual Startup Time": 2.249,
                          "Actual Total Time": 7.716,
                          "Actual Rows": 3237,
                          "Actual Loops": 4,
                          "Recheck Cond": "(company_id = 11137)",
                          "Rows Removed by Index Recheck": 0,
                          "Filter": "(company_type_id = 1)",
                          "Rows Removed by Filter": 0,
                          "Exact Heap Blocks": 1638,
                          "Lossy Heap Blocks": 0,
                          "Plans": [
                            {
                              "Node Type": "Bitmap Index Scan",
                              "Parent Relationship": "Outer",
                              "Parallel Aware": false,
                              "Index Name": "company_id_movie_companies",
                              "Startup Cost": 0.0,
                              "Total Cost": 306.1,
                              "Plan Rows": 14089,
                              "Plan Width": 0,
                              "Actual Startup Time": 6.811,
                              "Actual Total Time": 6.812,
                              "Actual Rows": 12948,
                              "Actual Loops": 1,
                              "Index Cond": "(company_id = 11137)"
                            }
                          ]
                        },
                        {
                          "Node Type": "Index Only Scan",
                          "Parent Relationship": "Inner",
                          "Parallel Aware": false,
                          "Scan Direction": "Forward",
                          "Index Name": "title_pkey",
                          "Relation Name": "title",
                          "Alias": "t",
                          "Startup Cost": 0.43,
                          "Total Cost": 6.98,
                          "Plan Rows": 1,
                          "Plan Width": 4,
                          "Actual Startup Time": 0.006,
                          "Actual Total Time": 0.006,
                          "Actual Rows": 1,
                          "Actual Loops": 12948,
                          "Index Cond": "(id = mc.movie_id)",
                          "Rows Removed by Index Recheck": 0,
                          "Heap Fetches": 12948
                        }
                      ]
                    },
                    {
                      "Node Type": "Index Only Scan",
                      "Parent Relationship": "Inner",
                      "Parallel Aware": false,
                      "Scan Direction": "Forward",
                      "Index Name": "movie_id_movie_info",
                      "Relation Name": "movie_info",
                      "Alias": "mi",
                      "Startup Cost": 0.43,
                      "Total Cost": 1.51,
                      "Plan Rows": 42,
                      "Plan Width": 4,
                      "Actual Startup Time": 0.007,
                      "Actual Total Time": 0.018,
                      "Actual Rows": 13,
                      "Actual Loops": 12948,
                      "Index Cond": "(movie_id = t.id)",
                      "Rows Removed by Index Recheck": 0,
                      "Heap Fetches": 163591
                    }
                  ]
                }
              ]
            }
          ]
        }
      ]
    },
    "Planning Time": 1.491,
    "Triggers": [],
    "Execution Time": 119.127
  }
]