{
  "Plan": {
    "Node Type": "Aggregate",
    "Strategy": "Plain",
    "Partial Mode": "Finalize",
    "Parallel Aware": false,
    "Startup Cost": 148105.39,
    "Total Cost": 148105.4,
    "Plan Rows": 1,
    "Plan Width": 8,
    "Actual Startup Time": 897.614,
    "Actual Total Time": 917.128,
    "Actual Rows": 1,
    "Actual Loops": 1,
    "Plans": [
      {
        "Node Type": "Gather",
        "Parent Relationship": "Outer",
        "Parallel Aware": false,
        "Startup Cost": 148105.28,
        "Total Cost": 148105.39,
        "Plan Rows": 1,
        "Plan Width": 8,
        "Actual Startup Time": 892.553,
        "Actual Total Time": 917.119,
        "Actual Rows": 2,
        "Actual Loops": 1,
        "Workers Planned": 1,
        "Workers Launched": 1,
        "Single Copy": false,
        "Plans": [
          {
            "Node Type": "Aggregate",
            "Strategy": "Plain",
            "Partial Mode": "Partial",
            "Parent Relationship": "Outer",
            "Parallel Aware": false,
            "Startup Cost": 147105.28,
            "Total Cost": 147105.29,
            "Plan Rows": 1,
            "Plan Width": 8,
            "Actual Startup Time": 880.933,
            "Actual Total Time": 880.939,
            "Actual Rows": 1,
            "Actual Loops": 2,
            "Plans": [
              {
                "Node Type": "Hash Join",
                "Parent Relationship": "Outer",
                "Parallel Aware": false,
                "Join Type": "Inner",
                "Startup Cost": 89572.57,
                "Total Cost": 147105.02,
                "Plan Rows": 104,
                "Plan Width": 0,
                "Actual Startup Time": 816.531,
                "Actual Total Time": 880.931,
                "Actual Rows": 2,
                "Actual Loops": 2,
                "Inner Unique": false,
                "Hash Cond": "(t.id = ci.movie_id)",
                "Plans": [
                  {
                    "Node Type": "Hash Join",
                    "Parent Relationship": "Outer",
                    "Parallel Aware": true,
                    "Join Type": "Inner",
                    "Startup Cost": 88507.93,
                    "Total Cost": 120950.69,
                    "Plan Rows": 528182,
                    "Plan Width": 8,
                    "Actual Startup Time": 617.419,
                    "Actual Total Time": 856.084,
                    "Actual Rows": 453007,
                    "Actual Loops": 2,
                    "Inner Unique": true,
                    "Hash Cond": "(mk.movie_id = t.id)",
                    "Plans": [
                      {
                        "Node Type": "Bitmap Heap Scan",
                        "Parent Relationship": "Outer",
                        "Parallel Aware": true,
                        "Relation Name": "movie_keyword",
                        "Alias": "mk",
                        "Startup Cost": 19047.24,
                        "Total Cost": 50103.51,
                        "Plan Rows": 528182,
                        "Plan Width": 4,
                        "Actual Startup Time": 46.645,
                        "Actual Total Time": 152.302,
                        "Actual Rows": 453007,
                        "Actual Loops": 2,
                        "Recheck Cond": "(keyword_id < 865)",
                        "Rows Removed by Index Recheck": 0,
                        "Exact Heap Blocks": 14077,
                        "Lossy Heap Blocks": 0,
                        "Plans": [
                          {
                            "Node Type": "Bitmap Index Scan",
                            "Parent Relationship": "Outer",
                            "Parallel Aware": false,
                            "Index Name": "keyword_id_movie_keyword",
                            "Startup Cost": 0.0,
                            "Total Cost": 18822.76,
                            "Plan Rows": 897910,
                            "Plan Width": 0,
                            "Actual Startup Time": 43.068,
                            "Actual Total Time": 43.069,
                            "Actual Rows": 906014,
                            "Actual Loops": 1,
                            "Index Cond": "(keyword_id < 865)"
                          }
                        ]
                      },
                      {
                        "Node Type": "Hash",
                        "Parent Relationship": "Inner",
                        "Parallel Aware": true,
                        "Startup Cost": 50870.31,
                        "Total Cost": 50870.31,
                        "Plan Rows": 1487231,
                        "Plan Width": 4,
                        "Actual Startup Time": 549.699,
                        "Actual Total Time": 549.7,
                        "Actual Rows": 1264156,
                        "Actual Loops": 2,
                        "Hash Buckets": 4194304,
                        "Original Hash Buckets": 4194304,
                        "Hash Batches": 1,
                        "Original Hash Batches": 1,
                        "Peak Memory Usage": 131712,
                        "Plans": [
                          {
                            "Node Type": "Seq Scan",
                            "Parent Relationship": "Outer",
                            "Parallel Aware": true,
                            "Relation Name": "title",
                            "Alias": "t",
                            "Startup Cost": 0.0,
                            "Total Cost": 50870.31,
                            "Plan Rows": 1487231,
                            "Plan Width": 4,
                            "Actual Startup Time": 0.064,
                            "Actual Total Time": 159.112,
                            "Actual Rows": 1264156,
                            "Actual Loops": 2
                          }
                        ]
                      }
                    ]
                  },
                  {
                    "Node Type": "Hash",
                    "Parent Relationship": "Inner",
                    "Parallel Aware": false,
                    "Startup Cost": 1058.43,
                    "Total Cost": 1058.43,
                    "Plan Rows": 497,
                    "Plan Width": 4,
                    "Actual Startup Time": 0.373,
                    "Actual Total Time": 0.374,
                    "Actual Rows": 20,
                    "Actual Loops": 2,
                    "Hash Buckets": 1024,
                    "Original Hash Buckets": 1024,
                    "Hash Batches": 1,
                    "Original Hash Batches": 1,
                    "Peak Memory Usage": 9,
                    "Plans": [
                      {
                        "Node Type": "Index Scan",
                        "Parent Relationship": "Outer",
                        "Parallel Aware": false,
                        "Scan Direction": "Forward",
                        "Index Name": "person_id_cast_info",
                        "Relation Name": "cast_info",
                        "Alias": "ci",
                        "Startup Cost": 0.56,
                        "Total Cost": 1058.43,
                        "Plan Rows": 497,
                        "Plan Width": 4,
                        "Actual Startup Time": 0.191,
                        "Actual Total Time": 0.342,
                        "Actual Rows": 20,
                        "Actual Loops": 2,
                        "Index Cond": "(person_id = 1076672)",
                        "Rows Removed by Index Recheck": 0
                      }
                    ]
                  }
                ]
              }
            ]
          }
        ]
      }
    ]
  },
  "Planning Time": 0.834,
  "Triggers": [],
  "Execution Time": 917.231
}