{
  "Plan": {
    "Node Type": "Aggregate",
    "Strategy": "Plain",
    "Partial Mode": "Finalize",
    "Parallel Aware": false,
    "Startup Cost": 962996.85,
    "Total Cost": 962996.86,
    "Plan Rows": 1,
    "Plan Width": 8,
    "Actual Startup Time": 13447.489,
    "Actual Total Time": 13500.705,
    "Actual Rows": 1,
    "Actual Loops": 1,
    "Plans": [
      {
        "Node Type": "Gather",
        "Parent Relationship": "Outer",
        "Parallel Aware": false,
        "Startup Cost": 962996.73,
        "Total Cost": 962996.84,
        "Plan Rows": 1,
        "Plan Width": 8,
        "Actual Startup Time": 13440.191,
        "Actual Total Time": 13500.697,
        "Actual Rows": 2,
        "Actual Loops": 1,
        "Workers Planned": 1,
        "Workers Launched": 1,
        "Single Copy": false,
        "Plans": [
          {
            "Node Type": "Aggregate",
            "Strategy": "Plain",
            "Partial Mode": "Partial",
            "Parent Relationship": "Outer",
            "Parallel Aware": false,
            "Startup Cost": 961996.73,
            "Total Cost": 961996.74,
            "Plan Rows": 1,
            "Plan Width": 8,
            "Actual Startup Time": 13429.724,
            "Actual Total Time": 13429.729,
            "Actual Rows": 1,
            "Actual Loops": 2,
            "Plans": [
              {
                "Node Type": "Hash Join",
                "Parent Relationship": "Outer",
                "Parallel Aware": true,
                "Join Type": "Inner",
                "Startup Cost": 149119.71,
                "Total Cost": 902542.42,
                "Plan Rows": 23781724,
                "Plan Width": 0,
                "Actual Startup Time": 1344.724,
                "Actual Total Time": 11018.356,
                "Actual Rows": 61094326,
                "Actual Loops": 2,
                "Inner Unique": false,
                "Hash Cond": "(ci.movie_id = t.id)",
                "Plans": [
                  {
                    "Node Type": "Seq Scan",
                    "Parent Relationship": "Outer",
                    "Parallel Aware": true,
                    "Relation Name": "cast_info",
                    "Alias": "ci",
                    "Startup Cost": 0.0,
                    "Total Cost": 519069.44,
                    "Plan Rows": 18892153,
                    "Plan Width": 4,
                    "Actual Startup Time": 0.019,
                    "Actual Total Time": 1657.248,
                    "Actual Rows": 16169264,
                    "Actual Loops": 2,
                    "Filter": "(person_id < 3344261)",
                    "Rows Removed by Filter": 1952908
                  },
                  {
                    "Node Type": "Hash",
                    "Parent Relationship": "Inner",
                    "Parallel Aware": true,
                    "Startup Cost": 125717.85,
                    "Total Cost": 125717.85,
                    "Plan Rows": 1872149,
                    "Plan Width": 8,
                    "Actual Startup Time": 1325.901,
                    "Actual Total Time": 1325.904,
                    "Actual Rows": 1398112,
                    "Actual Loops": 2,
                    "Hash Buckets": 4194304,
                    "Original Hash Buckets": 4194304,
                    "Hash Batches": 1,
                    "Original Hash Batches": 1,
                    "Peak Memory Usage": 142176,
                    "Plans": [
                      {
                        "Node Type": "Hash Join",
                        "Parent Relationship": "Outer",
                        "Parallel Aware": true,
                        "Join Type": "Inner",
                        "Startup Cost": 67667.0,
                        "Total Cost": 125717.85,
                        "Plan Rows": 1872149,
                        "Plan Width": 8,
                        "Actual Startup Time": 447.994,
                        "Actual Total Time": 1034.396,
                        "Actual Rows": 1398112,
                        "Actual Loops": 2,
                        "Inner Unique": true,
                        "Hash Cond": "(mk.movie_id = t.id)",
                        "Plans": [
                          {
                            "Node Type": "Seq Scan",
                            "Parent Relationship": "Outer",
                            "Parallel Aware": true,
                            "Relation Name": "movie_keyword",
                            "Alias": "mk",
                            "Startup Cost": 0.0,
                            "Total Cost": 51065.35,
                            "Plan Rows": 2661135,
                            "Plan Width": 4,
                            "Actual Startup Time": 0.014,
                            "Actual Total Time": 186.062,
                            "Actual Rows": 2261965,
                            "Actual Loops": 2
                          },
                          {
                            "Node Type": "Hash",
                            "Parent Relationship": "Inner",
                            "Parallel Aware": true,
                            "Startup Cost": 54588.39,
                            "Total Cost": 54588.39,
                            "Plan Rows": 1046289,
                            "Plan Width": 4,
                            "Actual Startup Time": 442.117,
                            "Actual Total Time": 442.118,
                            "Actual Rows": 886036,
                            "Actual Loops": 2,
                            "Hash Buckets": 2097152,
                            "Original Hash Buckets": 2097152,
                            "Hash Batches": 1,
                            "Original Hash Batches": 1,
                            "Peak Memory Usage": 85760,
                            "Plans": [
                              {
                                "Node Type": "Seq Scan",
                                "Parent Relationship": "Outer",
                                "Parallel Aware": true,
                                "Relation Name": "title",
                                "Alias": "t",
                                "Startup Cost": 0.0,
                                "Total Cost": 54588.39,
                                "Plan Rows": 1046289,
                                "Plan Width": 4,
                                "Actual Startup Time": 0.031,
                                "Actual Total Time": 196.685,
                                "Actual Rows": 886036,
                                "Actual Loops": 2,
                                "Filter": "(production_year > 1989)",
                                "Rows Removed by Filter": 378120
                              }
                            ]
                          }
                        ]
                      }
                    ]
                  }
                ]
              }
            ]
          }
        ]
      }
    ]
  },
  "Planning Time": 0.669,
  "Triggers": [],
  "Execution Time": 13500.776
}