[
  {
    "Plan": {
      "Node Type": "Aggregate",
      "Strategy": "Plain",
      "Partial Mode": "Finalize",
      "Parallel Aware": false,
      "Startup Cost": 32001.62,
      "Total Cost": 32001.63,
      "Plan Rows": 1,
      "Plan Width": 8,
      "Actual Startup Time": 124.49,
      "Actual Total Time": 132.806,
      "Actual Rows": 1,
      "Actual Loops": 1,
      "Plans": [
        {
          "Node Type": "Gather",
          "Parent Relationship": "Outer",
          "Parallel Aware": false,
          "Startup Cost": 32001.3,
          "Total Cost": 32001.61,
          "Plan Rows": 3,
          "Plan Width": 8,
          "Actual Startup Time": 124.201,
          "Actual Total Time": 132.795,
          "Actual Rows": 4,
          "Actual Loops": 1,
          "Workers Planned": 3,
          "Workers Launched": 3,
          "Single Copy": false,
          "Plans": [
            {
              "Node Type": "Aggregate",
              "Strategy": "Plain",
              "Partial Mode": "Partial",
              "Parent Relationship": "Outer",
              "Parallel Aware": false,
              "Startup Cost": 31001.3,
              "Total Cost": 31001.31,
              "Plan Rows": 1,
              "Plan Width": 8,
              "Actual Startup Time": 115.405,
              "Actual Total Time": 115.407,
              "Actual Rows": 1,
              "Actual Loops": 4,
              "Plans": [
                {
                  "Node Type": "Seq Scan",
                  "Parent Relationship": "Outer",
                  "Parallel Aware": true,
                  "Relation Name": "movie_companies",
                  "Alias": "mc",
                  "Startup Cost": 0.0,
                  "Total Cost": 29310.68,
                  "Plan Rows": 676248,
                  "Plan Width": 0,
                  "Actual Startup Time": 0.274,
                  "Actual Total Time": 88.795,
                  "Actual Rows": 526121,
                  "Actual Loops": 4,
                  "Filter": "(company_id > 452)",
                  "Rows Removed by Filter": 126161
                }
              ]
            }
          ]
        }
      ]
    },
    "Planning Time": 0.21,
    "Triggers": [],
    "Execution Time": 132.856
  }
]