[
  {
    "Plan": {
      "Node Type": "Aggregate",
      "Strategy": "Plain",
      "Partial Mode": "Finalize",
      "Parallel Aware": false,
      "Startup Cost": 226602.37,
      "Total Cost": 226602.38,
      "Plan Rows": 1,
      "Plan Width": 8,
      "Actual Startup Time": 158.622,
      "Actual Total Time": 170.64,
      "Actual Rows": 1,
      "Actual Loops": 1,
      "Plans": [
        {
          "Node Type": "Gather",
          "Parent Relationship": "Outer",
          "Parallel Aware": false,
          "Startup Cost": 226601.85,
          "Total Cost": 226602.36,
          "Plan Rows": 5,
          "Plan Width": 8,
          "Actual Startup Time": 157.919,
          "Actual Total Time": 170.632,
          "Actual Rows": 6,
          "Actual Loops": 1,
          "Workers Planned": 5,
          "Workers Launched": 5,
          "Single Copy": false,
          "Plans": [
            {
              "Node Type": "Aggregate",
              "Strategy": "Plain",
              "Partial Mode": "Partial",
              "Parent Relationship": "Outer",
              "Parallel Aware": false,
              "Startup Cost": 225601.85,
              "Total Cost": 225601.86,
              "Plan Rows": 1,
              "Plan Width": 8,
              "Actual Startup Time": 150.068,
              "Actual Total Time": 150.072,
              "Actual Rows": 1,
              "Actual Loops": 6,
              "Plans": [
                {
                  "Node Type": "Hash Join",
                  "Parent Relationship": "Outer",
                  "Parallel Aware": true,
                  "Join Type": "Inner",
                  "Startup Cost": 61075.55,
                  "Total Cost": 225567.02,
                  "Plan Rows": 13934,
                  "Plan Width": 0,
                  "Actual Startup Time": 104.728,
                  "Actual Total Time": 149.501,
                  "Actual Rows": 7954,
                  "Actual Loops": 6,
                  "Inner Unique": true,
                  "Hash Cond": "(mi.movie_id = t.id)",
                  "Plans": [
                    {
                      "Node Type": "Bitmap Heap Scan",
                      "Parent Relationship": "Outer",
                      "Parallel Aware": true,
                      "Relation Name": "movie_info",
                      "Alias": "mi",
                      "Startup Cost": 14929.45,
                      "Total Cost": 178987.3,
                      "Plan Rows": 165188,
                      "Plan Width": 4,
                      "Actual Startup Time": 24.804,
                      "Actual Total Time": 45.164,
                      "Actual Rows": 133690,
                      "Actual Loops": 6,
                      "Recheck Cond": "(info_type_id = 1)",
                      "Rows Removed by Index Recheck": 0,
                      "Exact Heap Blocks": 982,
                      "Lossy Heap Blocks": 0,
                      "Plans": [
                        {
                          "Node Type": "Bitmap Index Scan",
                          "Parent Relationship": "Outer",
                          "Parallel Aware": false,
                          "Index Name": "info_type_id_movie_info",
                          "Startup Cost": 0.0,
                          "Total Cost": 14722.97,
                          "Plan Rows": 825938,
                          "Plan Width": 0,
                          "Actual Startup Time": 24.086,
                          "Actual Total Time": 24.087,
                          "Actual Rows": 802140,
                          "Actual Loops": 1,
                          "Index Cond": "(info_type_id = 1)"
                        }
                      ]
                    },
                    {
                      "Node Type": "Hash",
                      "Parent Relationship": "Inner",
                      "Parallel Aware": true,
                      "Startup Cost": 45479.59,
                      "Total Cost": 45479.59,
                      "Plan Rows": 53321,
                      "Plan Width": 4,
                      "Actual Startup Time": 78.459,
                      "Actual Total Time": 78.46,
                      "Actual Rows": 20131,
                      "Actual Loops": 6,
                      "Hash Buckets": 262144,
                      "Original Hash Buckets": 262144,
                      "Hash Batches": 1,
                      "Original Hash Batches": 1,
                      "Peak Memory Usage": 6912,
                      "Plans": [
                        {
                          "Node Type": "Seq Scan",
                          "Parent Relationship": "Outer",
                          "Parallel Aware": true,
                          "Relation Name": "title",
                          "Alias": "t",
                          "Startup Cost": 0.0,
                          "Total Cost": 45479.59,
                          "Plan Rows": 53321,
                          "Plan Width": 4,
                          "Actual Startup Time": 0.036,
                          "Actual Total Time": 70.651,
                          "Actual Rows": 20131,
                          "Actual Loops": 6,
                          "Filter": "((production_year < 1970) AND (kind_id = 7))",
                          "Rows Removed by Filter": 401254
                        }
                      ]
                    }
                  ]
                }
              ]
            }
          ]
        }
      ]
    },
    "Planning Time": 0.229,
    "Triggers": [],
    "Execution Time": 170.694
  }
]