[
  {
    "Plan": {
      "Node Type": "Aggregate",
      "Strategy": "Plain",
      "Partial Mode": "Finalize",
      "Parallel Aware": false,
      "Startup Cost": 298918.14,
      "Total Cost": 298918.15,
      "Plan Rows": 1,
      "Plan Width": 32,
      "Actual Startup Time": 124.387,
      "Actual Total Time": 136.922,
      "Actual Rows": 1,
      "Actual Loops": 1,
      "Plans": [
        {
          "Node Type": "Gather",
          "Parent Relationship": "Outer",
          "Parallel Aware": false,
          "Startup Cost": 298917.62,
          "Total Cost": 298918.13,
          "Plan Rows": 5,
          "Plan Width": 32,
          "Actual Startup Time": 124.19,
          "Actual Total Time": 136.901,
          "Actual Rows": 6,
          "Actual Loops": 1,
          "Workers Planned": 5,
          "Workers Launched": 5,
          "Single Copy": false,
          "Plans": [
            {
              "Node Type": "Aggregate",
              "Strategy": "Plain",
              "Partial Mode": "Partial",
              "Parent Relationship": "Outer",
              "Parallel Aware": false,
              "Startup Cost": 297917.62,
              "Total Cost": 297917.63,
              "Plan Rows": 1,
              "Plan Width": 32,
              "Actual Startup Time": 113.514,
              "Actual Total Time": 113.523,
              "Actual Rows": 1,
              "Actual Loops": 6,
              "Plans": [
                {
                  "Node Type": "Hash Join",
                  "Parent Relationship": "Outer",
                  "Parallel Aware": false,
                  "Join Type": "Inner",
                  "Startup Cost": 76121.11,
                  "Total Cost": 297917.07,
                  "Plan Rows": 217,
                  "Plan Width": 17,
                  "Actual Startup Time": 113.508,
                  "Actual Total Time": 113.516,
                  "Actual Rows": 0,
                  "Actual Loops": 6,
                  "Inner Unique": true,
                  "Hash Cond": "(mi.info_type_id = it.id)",
                  "Plans": [
                    {
                      "Node Type": "Hash Join",
                      "Parent Relationship": "Outer",
                      "Parallel Aware": true,
                      "Join Type": "Inner",
                      "Startup Cost": 76117.57,
                      "Total Cost": 297912.94,
                      "Plan Rows": 217,
                      "Plan Width": 21,
                      "Actual Startup Time": 112.794,
                      "Actual Total Time": 112.8,
                      "Actual Rows": 0,
                      "Actual Loops": 6,
                      "Inner Unique": false,
                      "Hash Cond": "(mi.movie_id = t.id)",
                      "Plans": [
                        {
                          "Node Type": "Seq Scan",
                          "Parent Relationship": "Outer",
                          "Parallel Aware": true,
                          "Relation Name": "movie_info",
                          "Alias": "mi",
                          "Startup Cost": 0.0,
                          "Total Cost": 221348.68,
                          "Plan Rows": 119090,
                          "Plan Width": 8,
                          "Actual Startup Time": 0.0,
                          "Actual Total Time": 0.0,
                          "Actual Rows": 0,
                          "Actual Loops": 0,
                          "Filter": "(info = ANY ('{German,American,Swedish,Denish,Danish,USA,Norway,Norwegian}'::text[]))",
                          "Rows Removed by Filter": 0
                        },
                        {
                          "Node Type": "Hash",
                          "Parent Relationship": "Inner",
                          "Parallel Aware": true,
                          "Startup Cost": 76114.84,
                          "Total Cost": 76114.84,
                          "Plan Rows": 218,
                          "Plan Width": 25,
                          "Actual Startup Time": 112.366,
                          "Actual Total Time": 112.371,
                          "Actual Rows": 0,
                          "Actual Loops": 6,
                          "Hash Buckets": 1024,
                          "Original Hash Buckets": 1024,
                          "Hash Batches": 1,
                          "Original Hash Batches": 1,
                          "Peak Memory Usage": 0,
                          "Plans": [
                            {
                              "Node Type": "Hash Join",
                              "Parent Relationship": "Outer",
                              "Parallel Aware": true,
                              "Join Type": "Inner",
                              "Startup Cost": 31425.47,
                              "Total Cost": 76114.84,
                              "Plan Rows": 218,
                              "Plan Width": 25,
                              "Actual Startup Time": 112.18,
                              "Actual Total Time": 112.184,
                              "Actual Rows": 0,
                              "Actual Loops": 6,
                              "Inner Unique": false,
                              "Hash Cond": "(t.id = mc.movie_id)",
                              "Plans": [
                                {
                                  "Node Type": "Seq Scan",
                                  "Parent Relationship": "Outer",
                                  "Parallel Aware": true,
                                  "Relation Name": "title",
                                  "Alias": "t",
                                  "Startup Cost": 0.0,
                                  "Total Cost": 42318.49,
                                  "Plan Rows": 632049,
                                  "Plan Width": 21,
                                  "Actual Startup Time": 0.0,
                                  "Actual Total Time": 0.0,
                                  "Actual Rows": 0,
                                  "Actual Loops": 0
                                },
                                {
                                  "Node Type": "Hash",
                                  "Parent Relationship": "Inner",
                                  "Parallel Aware": true,
                                  "Startup Cost": 31421.95,
                                  "Total Cost": 31421.95,
                                  "Plan Rows": 281,
                                  "Plan Width": 4,
                                  "Actual Startup Time": 112.156,
                                  "Actual Total Time": 112.159,
                                  "Actual Rows": 0,
                                  "Actual Loops": 6,
                                  "Hash Buckets": 1024,
                                  "Original Hash Buckets": 1024,
                                  "Hash Batches": 1,
                                  "Original Hash Batches": 1,
                                  "Peak Memory Usage": 0,
                                  "Plans": [
                                    {
                                      "Node Type": "Hash Join",
                                      "Parent Relationship": "Outer",
                                      "Parallel Aware": false,
                                      "Join Type": "Inner",
                                      "Startup Cost": 1.06,
                                      "Total Cost": 31421.95,
                                      "Plan Rows": 281,
                                      "Plan Width": 4,
                                      "Actual Startup Time": 111.914,
                                      "Actual Total Time": 111.917,
                                      "Actual Rows": 0,
                                      "Actual Loops": 6,
                                      "Inner Unique": true,
                                      "Hash Cond": "(mc.company_type_id = ct.id)",
                                      "Plans": [
                                        {
                                          "Node Type": "Seq Scan",
                                          "Parent Relationship": "Outer",
                                          "Parallel Aware": true,
                                          "Relation Name": "movie_companies",
                                          "Alias": "mc",
                                          "Startup Cost": 0.0,
                                          "Total Cost": 31414.82,
                                          "Plan Rows": 1123,
                                          "Plan Width": 8,
                                          "Actual Startup Time": 9.032,
                                          "Actual Total Time": 111.077,
                                          "Actual Rows": 4004,
                                          "Actual Loops": 6,
                                          "Filter": "((note ~~ '%(theatrical)%'::text) AND (note ~~ '%(France)%'::text))",
                                          "Rows Removed by Filter": 430851
                                        },
                                        {
                                          "Node Type": "Hash",
                                          "Parent Relationship": "Inner",
                                          "Parallel Aware": false,
                                          "Startup Cost": 1.05,
                                          "Total Cost": 1.05,
                                          "Plan Rows": 1,
                                          "Plan Width": 4,
                                          "Actual Startup Time": 0.074,
                                          "Actual Total Time": 0.075,
                                          "Actual Rows": 1,
                                          "Actual Loops": 6,
                                          "Hash Buckets": 1024,
                                          "Original Hash Buckets": 1024,
                                          "Hash Batches": 1,
                                          "Original Hash Batches": 1,
                                          "Peak Memory Usage": 9,
                                          "Plans": [
                                            {
                                              "Node Type": "Seq Scan",
                                              "Parent Relationship": "Outer",
                                              "Parallel Aware": false,
                                              "Relation Name": "company_type",
                                              "Alias": "ct",
                                              "Startup Cost": 0.0,
                                              "Total Cost": 1.05,
                                              "Plan Rows": 1,
                                              "Plan Width": 4,
                                              "Actual Startup Time": 0.062,
                                              "Actual Total Time": 0.064,
                                              "Actual Rows": 1,
                                              "Actual Loops": 6,
                                              "Filter": "((kind)::text = 'production companies'::text)",
                                              "Rows Removed by Filter": 3
                                            }
                                          ]
                                        }
                                      ]
                                    }
                                  ]
                                }
                              ]
                            }
                          ]
                        }
                      ]
                    },
                    {
                      "Node Type": "Hash",
                      "Parent Relationship": "Inner",
                      "Parallel Aware": false,
                      "Startup Cost": 2.13,
                      "Total Cost": 2.13,
                      "Plan Rows": 113,
                      "Plan Width": 4,
                      "Actual Startup Time": 0.163,
                      "Actual Total Time": 0.164,
                      "Actual Rows": 113,
                      "Actual Loops": 6,
                      "Hash Buckets": 1024,
                      "Original Hash Buckets": 1024,
                      "Hash Batches": 1,
                      "Original Hash Batches": 1,
                      "Peak Memory Usage": 12,
                      "Plans": [
                        {
                          "Node Type": "Seq Scan",
                          "Parent Relationship": "Outer",
                          "Parallel Aware": false,
                          "Relation Name": "info_type",
                          "Alias": "it",
                          "Startup Cost": 0.0,
                          "Total Cost": 2.13,
                          "Plan Rows": 113,
                          "Plan Width": 4,
                          "Actual Startup Time": 0.077,
                          "Actual Total Time": 0.102,
                          "Actual Rows": 113,
                          "Actual Loops": 6
                        }
                      ]
                    }
                  ]
                }
              ]
            }
          ]
        }
      ]
    },
    "Planning Time": 5.312,
    "Triggers": [],
    "Execution Time": 137.387
  }
]