{
    "Plan": {
        "Node Type": "Aggregate",
        "Strategy": "Plain",
        "Partial Mode": "Finalize",
        "Parallel Aware": false,
        "Startup Cost": 253333.66,
        "Total Cost": 253333.67,
        "Plan Rows": 1,
        "Plan Width": 8,
        "Actual Startup Time": 938.545,
        "Actual Total Time": 983.268,
        "Actual Rows": 1,
        "Actual Loops": 1,
        "Output": [
            "count(*)"
        ],
        "Plans": [
            {
                "Node Type": "Gather",
                "Parent Relationship": "Outer",
                "Parallel Aware": false,
                "Startup Cost": 253333.14,
                "Total Cost": 253333.65,
                "Plan Rows": 5,
                "Plan Width": 8,
                "Actual Startup Time": 936.243,
                "Actual Total Time": 983.255,
                "Actual Rows": 6,
                "Actual Loops": 1,
                "Output": [
                    "(PARTIAL count(*))"
                ],
                "Workers Planned": 5,
                "Workers Launched": 5,
                "Single Copy": false,
                "Plans": [
                    {
                        "Node Type": "Aggregate",
                        "Strategy": "Plain",
                        "Partial Mode": "Partial",
                        "Parent Relationship": "Outer",
                        "Parallel Aware": false,
                        "Startup Cost": 252333.14,
                        "Total Cost": 252333.15,
                        "Plan Rows": 1,
                        "Plan Width": 8,
                        "Actual Startup Time": 925.696,
                        "Actual Total Time": 925.699,
                        "Actual Rows": 1,
                        "Actual Loops": 6,
                        "Output": [
                            "PARTIAL count(*)"
                        ],
                        "Workers": [
                            {
                                "Worker Number": 0,
                                "Actual Startup Time": 923.527,
                                "Actual Total Time": 923.53,
                                "Actual Rows": 1,
                                "Actual Loops": 1
                            },
                            {
                                "Worker Number": 1,
                                "Actual Startup Time": 924.151,
                                "Actual Total Time": 924.154,
                                "Actual Rows": 1,
                                "Actual Loops": 1
                            },
                            {
                                "Worker Number": 2,
                                "Actual Startup Time": 923.658,
                                "Actual Total Time": 923.663,
                                "Actual Rows": 1,
                                "Actual Loops": 1
                            },
                            {
                                "Worker Number": 3,
                                "Actual Startup Time": 923.683,
                                "Actual Total Time": 923.687,
                                "Actual Rows": 1,
                                "Actual Loops": 1
                            },
                            {
                                "Worker Number": 4,
                                "Actual Startup Time": 923.741,
                                "Actual Total Time": 923.743,
                                "Actual Rows": 1,
                                "Actual Loops": 1
                            }
                        ],
                        "Plans": [
                            {
                                "Node Type": "Hash Join",
                                "Parent Relationship": "Outer",
                                "Parallel Aware": true,
                                "Join Type": "Inner",
                                "Startup Cost": 47358.8,
                                "Total Cost": 251207.56,
                                "Plan Rows": 450229,
                                "Plan Width": 0,
                                "Actual Startup Time": 170.814,
                                "Actual Total Time": 891.605,
                                "Actual Rows": 627954,
                                "Actual Loops": 6,
                                "Inner Unique": true,
                                "Hash Cond": "(mi.movie_id = t.id)",
                                "Workers": [
                                    {
                                        "Worker Number": 0,
                                        "Actual Startup Time": 168.744,
                                        "Actual Total Time": 889.346,
                                        "Actual Rows": 530844,
                                        "Actual Loops": 1
                                    },
                                    {
                                        "Worker Number": 1,
                                        "Actual Startup Time": 168.859,
                                        "Actual Total Time": 890.994,
                                        "Actual Rows": 514183,
                                        "Actual Loops": 1
                                    },
                                    {
                                        "Worker Number": 2,
                                        "Actual Startup Time": 168.878,
                                        "Actual Total Time": 893.42,
                                        "Actual Rows": 760470,
                                        "Actual Loops": 1
                                    },
                                    {
                                        "Worker Number": 3,
                                        "Actual Startup Time": 168.874,
                                        "Actual Total Time": 890.315,
                                        "Actual Rows": 515600,
                                        "Actual Loops": 1
                                    },
                                    {
                                        "Worker Number": 4,
                                        "Actual Startup Time": 168.93,
                                        "Actual Total Time": 892.631,
                                        "Actual Rows": 790942,
                                        "Actual Loops": 1
                                    }
                                ],
                                "Plans": [
                                    {
                                        "Node Type": "Seq Scan",
                                        "Parent Relationship": "Outer",
                                        "Parallel Aware": true,
                                        "Relation Name": "movie_info",
                                        "Schema": "public",
                                        "Alias": "mi",
                                        "Startup Cost": 0.0,
                                        "Total Cost": 198880.74,
                                        "Plan Rows": 1892579,
                                        "Plan Width": 4,
                                        "Actual Startup Time": 18.807,
                                        "Actual Total Time": 395.95,
                                        "Actual Rows": 1570867,
                                        "Actual Loops": 6,
                                        "Output": [
                                            "mi.id",
                                            "mi.movie_id",
                                            "mi.info_type_id",
                                            "mi.info",
                                            "mi.note"
                                        ],
                                        "Filter": "(mi.info_type_id > 5)",
                                        "Rows Removed by Filter": 901753,
                                        "Workers": [
                                            {
                                                "Worker Number": 0,
                                                "Actual Startup Time": 18.82,
                                                "Actual Total Time": 410.597,
                                                "Actual Rows": 1338607,
                                                "Actual Loops": 1
                                            },
                                            {
                                                "Worker Number": 1,
                                                "Actual Startup Time": 18.801,
                                                "Actual Total Time": 414.057,
                                                "Actual Rows": 1282968,
                                                "Actual Loops": 1
                                            },
                                            {
                                                "Worker Number": 2,
                                                "Actual Startup Time": 18.822,
                                                "Actual Total Time": 392.776,
                                                "Actual Rows": 1880166,
                                                "Actual Loops": 1
                                            },
                                            {
                                                "Worker Number": 3,
                                                "Actual Startup Time": 18.816,
                                                "Actual Total Time": 412.583,
                                                "Actual Rows": 1293143,
                                                "Actual Loops": 1
                                            },
                                            {
                                                "Worker Number": 4,
                                                "Actual Startup Time": 18.797,
                                                "Actual Total Time": 389.125,
                                                "Actual Rows": 1964472,
                                                "Actual Loops": 1
                                            }
                                        ]
                                    },
                                    {
                                        "Node Type": "Hash",
                                        "Parent Relationship": "Inner",
                                        "Parallel Aware": true,
                                        "Startup Cost": 45479.21,
                                        "Total Cost": 45479.21,
                                        "Plan Rows": 150367,
                                        "Plan Width": 4,
                                        "Actual Startup Time": 131.597,
                                        "Actual Total Time": 131.598,
                                        "Actual Rows": 80771,
                                        "Actual Loops": 6,
                                        "Output": [
                                            "t.id"
                                        ],
                                        "Hash Buckets": 1048576,
                                        "Original Hash Buckets": 1048576,
                                        "Hash Batches": 1,
                                        "Original Hash Batches": 1,
                                        "Peak Memory Usage": 27232,
                                        "Workers": [
                                            {
                                                "Worker Number": 0,
                                                "Actual Startup Time": 132.809,
                                                "Actual Total Time": 132.809,
                                                "Actual Rows": 70757,
                                                "Actual Loops": 1
                                            },
                                            {
                                                "Worker Number": 1,
                                                "Actual Startup Time": 132.831,
                                                "Actual Total Time": 132.833,
                                                "Actual Rows": 68379,
                                                "Actual Loops": 1
                                            },
                                            {
                                                "Worker Number": 2,
                                                "Actual Startup Time": 132.816,
                                                "Actual Total Time": 132.818,
                                                "Actual Rows": 94397,
                                                "Actual Loops": 1
                                            },
                                            {
                                                "Worker Number": 3,
                                                "Actual Startup Time": 132.795,
                                                "Actual Total Time": 132.796,
                                                "Actual Rows": 68667,
                                                "Actual Loops": 1
                                            },
                                            {
                                                "Worker Number": 4,
                                                "Actual Startup Time": 132.968,
                                                "Actual Total Time": 132.969,
                                                "Actual Rows": 97611,
                                                "Actual Loops": 1
                                            }
                                        ],
                                        "Plans": [
                                            {
                                                "Node Type": "Seq Scan",
                                                "Parent Relationship": "Outer",
                                                "Parallel Aware": true,
                                                "Relation Name": "title",
                                                "Schema": "public",
                                                "Alias": "t",
                                                "Startup Cost": 0.0,
                                                "Total Cost": 45479.21,
                                                "Plan Rows": 150367,
                                                "Plan Width": 4,
                                                "Actual Startup Time": 45.623,
                                                "Actual Total Time": 90.25,
                                                "Actual Rows": 80771,
                                                "Actual Loops": 6,
                                                "Output": [
                                                    "t.id"
                                                ],
                                                "Filter": "((t.kind_id < 2) AND (t.production_year > 1953))",
                                                "Rows Removed by Filter": 340614,
                                                "Workers": [
                                                    {
                                                        "Worker Number": 0,
                                                        "Actual Startup Time": 53.575,
                                                        "Actual Total Time": 91.179,
                                                        "Actual Rows": 70757,
                                                        "Actual Loops": 1
                                                    },
                                                    {
                                                        "Worker Number": 1,
                                                        "Actual Startup Time": 6.491,
                                                        "Actual Total Time": 91.256,
                                                        "Actual Rows": 68379,
                                                        "Actual Loops": 1
                                                    },
                                                    {
                                                        "Worker Number": 2,
                                                        "Actual Startup Time": 53.416,
                                                        "Actual Total Time": 90.005,
                                                        "Actual Rows": 94397,
                                                        "Actual Loops": 1
                                                    },
                                                    {
                                                        "Worker Number": 3,
                                                        "Actual Startup Time": 53.347,
                                                        "Actual Total Time": 91.078,
                                                        "Actual Rows": 68667,
                                                        "Actual Loops": 1
                                                    },
                                                    {
                                                        "Worker Number": 4,
                                                        "Actual Startup Time": 53.472,
                                                        "Actual Total Time": 89.767,
                                                        "Actual Rows": 97611,
                                                        "Actual Loops": 1
                                                    }
                                                ]
                                            }
                                        ]
                                    }
                                ]
                            }
                        ]
                    }
                ]
            }
        ]
    },
    "Planning Time": 0.811,
    "Triggers": [],
    "Execution Time": 983.346
}