[
  {
    "Plan": {
      "Node Type": "Aggregate",
      "Strategy": "Plain",
      "Partial Mode": "Finalize",
      "Parallel Aware": false,
      "Startup Cost": 89225.3,
      "Total Cost": 89225.31,
      "Plan Rows": 1,
      "Plan Width": 8,
      "Actual Startup Time": 309.264,
      "Actual Total Time": 352.457,
      "Actual Rows": 1,
      "Actual Loops": 1,
      "Plans": [
        {
          "Node Type": "Gather",
          "Parent Relationship": "Outer",
          "Parallel Aware": false,
          "Startup Cost": 89224.99,
          "Total Cost": 89225.3,
          "Plan Rows": 3,
          "Plan Width": 8,
          "Actual Startup Time": 308.731,
          "Actual Total Time": 352.435,
          "Actual Rows": 4,
          "Actual Loops": 1,
          "Workers Planned": 3,
          "Workers Launched": 3,
          "Single Copy": false,
          "Plans": [
            {
              "Node Type": "Aggregate",
              "Strategy": "Plain",
              "Partial Mode": "Partial",
              "Parent Relationship": "Outer",
              "Parallel Aware": false,
              "Startup Cost": 88224.99,
              "Total Cost": 88225.0,
              "Plan Rows": 1,
              "Plan Width": 8,
              "Actual Startup Time": 299.544,
              "Actual Total Time": 299.55,
              "Actual Rows": 1,
              "Actual Loops": 4,
              "Plans": [
                {
                  "Node Type": "Nested Loop",
                  "Parent Relationship": "Outer",
                  "Parallel Aware": false,
                  "Join Type": "Inner",
                  "Startup Cost": 45600.11,
                  "Total Cost": 88181.78,
                  "Plan Rows": 17282,
                  "Plan Width": 0,
                  "Actual Startup Time": 121.131,
                  "Actual Total Time": 298.51,
                  "Actual Rows": 13573,
                  "Actual Loops": 4,
                  "Inner Unique": false,
                  "Join Filter": "(t.id = ci.movie_id)",
                  "Rows Removed by Join Filter": 0,
                  "Plans": [
                    {
                      "Node Type": "Hash Join",
                      "Parent Relationship": "Outer",
                      "Parallel Aware": true,
                      "Join Type": "Inner",
                      "Startup Cost": 45599.55,
                      "Total Cost": 75513.26,
                      "Plan Rows": 3502,
                      "Plan Width": 8,
                      "Actual Startup Time": 121.039,
                      "Actual Total Time": 187.726,
                      "Actual Rows": 1775,
                      "Actual Loops": 4,
                      "Inner Unique": true,
                      "Hash Cond": "(mc.movie_id = t.id)",
                      "Plans": [
                        {
                          "Node Type": "Seq Scan",
                          "Parent Relationship": "Outer",
                          "Parallel Aware": true,
                          "Relation Name": "movie_companies",
                          "Alias": "mc",
                          "Startup Cost": 0.0,
                          "Total Cost": 29310.68,
                          "Plan Rows": 229725,
                          "Plan Width": 4,
                          "Actual Startup Time": 15.452,
                          "Actual Total Time": 59.72,
                          "Actual Rows": 181609,
                          "Actual Loops": 4,
                          "Filter": "(company_id > 41159)",
                          "Rows Removed by Filter": 470673
                        },
                        {
                          "Node Type": "Hash",
                          "Parent Relationship": "Inner",
                          "Parallel Aware": true,
                          "Startup Cost": 45479.1,
                          "Total Cost": 45479.1,
                          "Plan Rows": 9636,
                          "Plan Width": 4,
                          "Actual Startup Time": 104.083,
                          "Actual Total Time": 104.085,
                          "Actual Rows": 12462,
                          "Actual Loops": 4,
                          "Hash Buckets": 65536,
                          "Original Hash Buckets": 65536,
                          "Hash Batches": 1,
                          "Original Hash Batches": 1,
                          "Peak Memory Usage": 2496,
                          "Plans": [
                            {
                              "Node Type": "Seq Scan",
                              "Parent Relationship": "Outer",
                              "Parallel Aware": true,
                              "Relation Name": "title",
                              "Alias": "t",
                              "Startup Cost": 0.0,
                              "Total Cost": 45479.1,
                              "Plan Rows": 9636,
                              "Plan Width": 4,
                              "Actual Startup Time": 0.068,
                              "Actual Total Time": 98.28,
                              "Actual Rows": 12462,
                              "Actual Loops": 4,
                              "Filter": "((kind_id > 1) AND (production_year = 2001))",
                              "Rows Removed by Filter": 619616
                            }
                          ]
                        }
                      ]
                    },
                    {
                      "Node Type": "Index Scan",
                      "Parent Relationship": "Inner",
                      "Parallel Aware": false,
                      "Scan Direction": "Forward",
                      "Index Name": "movie_id_cast_info",
                      "Relation Name": "cast_info",
                      "Alias": "ci",
                      "Startup Cost": 0.56,
                      "Total Cost": 3.46,
                      "Plan Rows": 13,
                      "Plan Width": 4,
                      "Actual Startup Time": 0.013,
                      "Actual Total Time": 0.061,
                      "Actual Rows": 8,
                      "Actual Loops": 7101,
                      "Index Cond": "(movie_id = mc.movie_id)",
                      "Rows Removed by Index Recheck": 0,
                      "Filter": "(role_id < 2)",
                      "Rows Removed by Filter": 19
                    }
                  ]
                }
              ]
            }
          ]
        }
      ]
    },
    "Planning Time": 1.436,
    "Triggers": [],
    "Execution Time": 352.564
  }
]