[
  {
    "Plan": {
      "Node Type": "Aggregate",
      "Strategy": "Plain",
      "Partial Mode": "Finalize",
      "Parallel Aware": false,
      "Startup Cost": 59058.79,
      "Total Cost": 59058.8,
      "Plan Rows": 1,
      "Plan Width": 8,
      "Actual Startup Time": 96.456,
      "Actual Total Time": 110.966,
      "Actual Rows": 1,
      "Actual Loops": 1,
      "Plans": [
        {
          "Node Type": "Gather",
          "Parent Relationship": "Outer",
          "Parallel Aware": false,
          "Startup Cost": 59058.37,
          "Total Cost": 59058.78,
          "Plan Rows": 4,
          "Plan Width": 8,
          "Actual Startup Time": 96.286,
          "Actual Total Time": 110.954,
          "Actual Rows": 5,
          "Actual Loops": 1,
          "Workers Planned": 4,
          "Workers Launched": 4,
          "Single Copy": false,
          "Plans": [
            {
              "Node Type": "Aggregate",
              "Strategy": "Plain",
              "Partial Mode": "Partial",
              "Parent Relationship": "Outer",
              "Parallel Aware": false,
              "Startup Cost": 58058.37,
              "Total Cost": 58058.38,
              "Plan Rows": 1,
              "Plan Width": 8,
              "Actual Startup Time": 90.751,
              "Actual Total Time": 90.753,
              "Actual Rows": 1,
              "Actual Loops": 5,
              "Plans": [
                {
                  "Node Type": "Nested Loop",
                  "Parent Relationship": "Outer",
                  "Parallel Aware": false,
                  "Join Type": "Inner",
                  "Startup Cost": 0.43,
                  "Total Cost": 58055.1,
                  "Plan Rows": 1310,
                  "Plan Width": 0,
                  "Actual Startup Time": 4.001,
                  "Actual Total Time": 90.595,
                  "Actual Rows": 2394,
                  "Actual Loops": 5,
                  "Inner Unique": false,
                  "Plans": [
                    {
                      "Node Type": "Seq Scan",
                      "Parent Relationship": "Outer",
                      "Parallel Aware": true,
                      "Relation Name": "title",
                      "Alias": "t",
                      "Startup Cost": 0.0,
                      "Total Cost": 45479.59,
                      "Plan Rows": 1447,
                      "Plan Width": 4,
                      "Actual Startup Time": 0.629,
                      "Actual Total Time": 77.079,
                      "Actual Rows": 1218,
                      "Actual Loops": 5,
                      "Filter": "((kind_id < 7) AND (production_year = 1968))",
                      "Rows Removed by Filter": 504444
                    },
                    {
                      "Node Type": "Index Scan",
                      "Parent Relationship": "Inner",
                      "Parallel Aware": false,
                      "Scan Direction": "Forward",
                      "Index Name": "movie_id_movie_keyword",
                      "Relation Name": "movie_keyword",
                      "Alias": "mk",
                      "Startup Cost": 0.43,
                      "Total Cost": 8.46,
                      "Plan Rows": 23,
                      "Plan Width": 4,
                      "Actual Startup Time": 0.01,
                      "Actual Total Time": 0.01,
                      "Actual Rows": 2,
                      "Actual Loops": 6090,
                      "Index Cond": "(movie_id = t.id)",
                      "Rows Removed by Index Recheck": 0,
                      "Filter": "(keyword_id < 4935)",
                      "Rows Removed by Filter": 2
                    }
                  ]
                }
              ]
            }
          ]
        }
      ]
    },
    "Planning Time": 0.277,
    "Triggers": [],
    "Execution Time": 111.003
  }
]