[
  {
    "Plan": {
      "Node Type": "Aggregate",
      "Strategy": "Plain",
      "Partial Mode": "Finalize",
      "Parallel Aware": false,
      "Startup Cost": 73275.4,
      "Total Cost": 73275.41,
      "Plan Rows": 1,
      "Plan Width": 8,
      "Actual Startup Time": 100.45,
      "Actual Total Time": 114.489,
      "Actual Rows": 1,
      "Actual Loops": 1,
      "Plans": [
        {
          "Node Type": "Gather",
          "Parent Relationship": "Outer",
          "Parallel Aware": false,
          "Startup Cost": 73274.98,
          "Total Cost": 73275.39,
          "Plan Rows": 4,
          "Plan Width": 8,
          "Actual Startup Time": 100.333,
          "Actual Total Time": 114.483,
          "Actual Rows": 5,
          "Actual Loops": 1,
          "Workers Planned": 4,
          "Workers Launched": 4,
          "Single Copy": false,
          "Plans": [
            {
              "Node Type": "Aggregate",
              "Strategy": "Plain",
              "Partial Mode": "Partial",
              "Parent Relationship": "Outer",
              "Parallel Aware": false,
              "Startup Cost": 72274.98,
              "Total Cost": 72274.99,
              "Plan Rows": 1,
              "Plan Width": 8,
              "Actual Startup Time": 93.534,
              "Actual Total Time": 93.536,
              "Actual Rows": 1,
              "Actual Loops": 5,
              "Plans": [
                {
                  "Node Type": "Nested Loop",
                  "Parent Relationship": "Outer",
                  "Parallel Aware": false,
                  "Join Type": "Inner",
                  "Startup Cost": 0.43,
                  "Total Cost": 72272.87,
                  "Plan Rows": 842,
                  "Plan Width": 0,
                  "Actual Startup Time": 51.616,
                  "Actual Total Time": 93.441,
                  "Actual Rows": 1341,
                  "Actual Loops": 5,
                  "Inner Unique": false,
                  "Plans": [
                    {
                      "Node Type": "Seq Scan",
                      "Parent Relationship": "Outer",
                      "Parallel Aware": true,
                      "Relation Name": "title",
                      "Alias": "t",
                      "Startup Cost": 0.0,
                      "Total Cost": 45479.1,
                      "Plan Rows": 3582,
                      "Plan Width": 4,
                      "Actual Startup Time": 49.562,
                      "Actual Total Time": 76.377,
                      "Actual Rows": 1516,
                      "Actual Loops": 5,
                      "Filter": "((kind_id < 2) AND (production_year = 1999))",
                      "Rows Removed by Filter": 504147
                    },
                    {
                      "Node Type": "Index Scan",
                      "Parent Relationship": "Inner",
                      "Parallel Aware": false,
                      "Scan Direction": "Forward",
                      "Index Name": "movie_id_movie_keyword",
                      "Relation Name": "movie_keyword",
                      "Alias": "mk",
                      "Startup Cost": 0.43,
                      "Total Cost": 7.42,
                      "Plan Rows": 6,
                      "Plan Width": 4,
                      "Actual Startup Time": 0.01,
                      "Actual Total Time": 0.011,
                      "Actual Rows": 1,
                      "Actual Loops": 7578,
                      "Index Cond": "(movie_id = t.id)",
                      "Rows Removed by Index Recheck": 0,
                      "Filter": "(keyword_id < 460)",
                      "Rows Removed by Filter": 6
                    }
                  ]
                }
              ]
            }
          ]
        }
      ]
    },
    "Planning Time": 0.304,
    "Triggers": [],
    "Execution Time": 114.53
  }
]