[
  {
    "Plan": {
      "Node Type": "Aggregate",
      "Strategy": "Plain",
      "Partial Mode": "Finalize",
      "Parallel Aware": false,
      "Startup Cost": 246781.8,
      "Total Cost": 246781.81,
      "Plan Rows": 1,
      "Plan Width": 8,
      "Actual Startup Time": 774.515,
      "Actual Total Time": 822.104,
      "Actual Rows": 1,
      "Actual Loops": 1,
      "Plans": [
        {
          "Node Type": "Gather",
          "Parent Relationship": "Outer",
          "Parallel Aware": false,
          "Startup Cost": 246781.27,
          "Total Cost": 246781.78,
          "Plan Rows": 5,
          "Plan Width": 8,
          "Actual Startup Time": 772.302,
          "Actual Total Time": 822.094,
          "Actual Rows": 6,
          "Actual Loops": 1,
          "Workers Planned": 5,
          "Workers Launched": 5,
          "Single Copy": false,
          "Plans": [
            {
              "Node Type": "Aggregate",
              "Strategy": "Plain",
              "Partial Mode": "Partial",
              "Parent Relationship": "Outer",
              "Parallel Aware": false,
              "Startup Cost": 245781.27,
              "Total Cost": 245781.28,
              "Plan Rows": 1,
              "Plan Width": 8,
              "Actual Startup Time": 762.585,
              "Actual Total Time": 762.636,
              "Actual Rows": 1,
              "Actual Loops": 6,
              "Plans": [
                {
                  "Node Type": "Hash Join",
                  "Parent Relationship": "Outer",
                  "Parallel Aware": true,
                  "Join Type": "Inner",
                  "Startup Cost": 45985.62,
                  "Total Cost": 245307.39,
                  "Plan Rows": 189554,
                  "Plan Width": 0,
                  "Actual Startup Time": 114.924,
                  "Actual Total Time": 737.554,
                  "Actual Rows": 596649,
                  "Actual Loops": 6,
                  "Inner Unique": true,
                  "Hash Cond": "(mi.movie_id = t.id)",
                  "Plans": [
                    {
                      "Node Type": "Seq Scan",
                      "Parent Relationship": "Outer",
                      "Parallel Aware": true,
                      "Relation Name": "movie_info",
                      "Alias": "mi",
                      "Startup Cost": 0.0,
                      "Total Cost": 191560.33,
                      "Plan Rows": 2956733,
                      "Plan Width": 4,
                      "Actual Startup Time": 0.024,
                      "Actual Total Time": 285.926,
                      "Actual Rows": 2472620,
                      "Actual Loops": 6
                    },
                    {
                      "Node Type": "Hash",
                      "Parent Relationship": "Inner",
                      "Parallel Aware": true,
                      "Startup Cost": 45479.1,
                      "Total Cost": 45479.1,
                      "Plan Rows": 40522,
                      "Plan Width": 4,
                      "Actual Startup Time": 102.764,
                      "Actual Total Time": 102.765,
                      "Actual Rows": 50181,
                      "Actual Loops": 6,
                      "Hash Buckets": 524288,
                      "Original Hash Buckets": 262144,
                      "Hash Batches": 1,
                      "Original Hash Batches": 1,
                      "Peak Memory Usage": 18016,
                      "Plans": [
                        {
                          "Node Type": "Seq Scan",
                          "Parent Relationship": "Outer",
                          "Parallel Aware": true,
                          "Relation Name": "title",
                          "Alias": "t",
                          "Startup Cost": 0.0,
                          "Total Cost": 45479.1,
                          "Plan Rows": 40522,
                          "Plan Width": 4,
                          "Actual Startup Time": 49.601,
                          "Actual Total Time": 79.805,
                          "Actual Rows": 50181,
                          "Actual Loops": 6,
                          "Filter": "((production_year < 1987) AND (kind_id = 1))",
                          "Rows Removed by Filter": 371205
                        }
                      ]
                    }
                  ]
                }
              ]
            }
          ]
        }
      ]
    },
    "Planning Time": 0.436,
    "Triggers": [],
    "Execution Time": 822.17
  }
]