{
    "Plan": {
        "Node Type": "Aggregate",
        "Strategy": "Plain",
        "Partial Mode": "Finalize",
        "Parallel Aware": false,
        "Startup Cost": 245799.43,
        "Total Cost": 245799.44,
        "Plan Rows": 1,
        "Plan Width": 8,
        "Actual Startup Time": 407.196,
        "Actual Total Time": 451.287,
        "Actual Rows": 1,
        "Actual Loops": 1,
        "Output": [
            "count(*)"
        ],
        "Plans": [
            {
                "Node Type": "Gather",
                "Parent Relationship": "Outer",
                "Parallel Aware": false,
                "Startup Cost": 245798.9,
                "Total Cost": 245799.41,
                "Plan Rows": 5,
                "Plan Width": 8,
                "Actual Startup Time": 406.337,
                "Actual Total Time": 451.276,
                "Actual Rows": 6,
                "Actual Loops": 1,
                "Output": [
                    "(PARTIAL count(*))"
                ],
                "Workers Planned": 5,
                "Workers Launched": 5,
                "Single Copy": false,
                "Plans": [
                    {
                        "Node Type": "Aggregate",
                        "Strategy": "Plain",
                        "Partial Mode": "Partial",
                        "Parent Relationship": "Outer",
                        "Parallel Aware": false,
                        "Startup Cost": 244798.9,
                        "Total Cost": 244798.91,
                        "Plan Rows": 1,
                        "Plan Width": 8,
                        "Actual Startup Time": 396.278,
                        "Actual Total Time": 396.281,
                        "Actual Rows": 1,
                        "Actual Loops": 6,
                        "Output": [
                            "PARTIAL count(*)"
                        ],
                        "Workers": [
                            {
                                "Worker Number": 0,
                                "Actual Startup Time": 393.883,
                                "Actual Total Time": 393.886,
                                "Actual Rows": 1,
                                "Actual Loops": 1
                            },
                            {
                                "Worker Number": 1,
                                "Actual Startup Time": 394.305,
                                "Actual Total Time": 394.308,
                                "Actual Rows": 1,
                                "Actual Loops": 1
                            },
                            {
                                "Worker Number": 2,
                                "Actual Startup Time": 394.768,
                                "Actual Total Time": 394.773,
                                "Actual Rows": 1,
                                "Actual Loops": 1
                            },
                            {
                                "Worker Number": 3,
                                "Actual Startup Time": 394.711,
                                "Actual Total Time": 394.714,
                                "Actual Rows": 1,
                                "Actual Loops": 1
                            },
                            {
                                "Worker Number": 4,
                                "Actual Startup Time": 394.471,
                                "Actual Total Time": 394.475,
                                "Actual Rows": 1,
                                "Actual Loops": 1
                            }
                        ],
                        "Plans": [
                            {
                                "Node Type": "Hash Join",
                                "Parent Relationship": "Outer",
                                "Parallel Aware": true,
                                "Join Type": "Inner",
                                "Startup Cost": 45733.73,
                                "Total Cost": 244793.41,
                                "Plan Rows": 2196,
                                "Plan Width": 0,
                                "Actual Startup Time": 259.434,
                                "Actual Total Time": 396.138,
                                "Actual Rows": 1754,
                                "Actual Loops": 6,
                                "Inner Unique": true,
                                "Hash Cond": "(mi.movie_id = t.id)",
                                "Workers": [
                                    {
                                        "Worker Number": 0,
                                        "Actual Startup Time": 257.914,
                                        "Actual Total Time": 393.734,
                                        "Actual Rows": 1298,
                                        "Actual Loops": 1
                                    },
                                    {
                                        "Worker Number": 1,
                                        "Actual Startup Time": 256.534,
                                        "Actual Total Time": 394.149,
                                        "Actual Rows": 1333,
                                        "Actual Loops": 1
                                    },
                                    {
                                        "Worker Number": 2,
                                        "Actual Startup Time": 257.108,
                                        "Actual Total Time": 394.634,
                                        "Actual Rows": 1882,
                                        "Actual Loops": 1
                                    },
                                    {
                                        "Worker Number": 3,
                                        "Actual Startup Time": 256.993,
                                        "Actual Total Time": 394.575,
                                        "Actual Rows": 1932,
                                        "Actual Loops": 1
                                    },
                                    {
                                        "Worker Number": 4,
                                        "Actual Startup Time": 258.508,
                                        "Actual Total Time": 394.335,
                                        "Actual Rows": 1152,
                                        "Actual Loops": 1
                                    }
                                ],
                                "Plans": [
                                    {
                                        "Node Type": "Seq Scan",
                                        "Parent Relationship": "Outer",
                                        "Parallel Aware": true,
                                        "Relation Name": "movie_info",
                                        "Schema": "public",
                                        "Alias": "mi",
                                        "Startup Cost": 0.0,
                                        "Total Cost": 198880.74,
                                        "Plan Rows": 68169,
                                        "Plan Width": 4,
                                        "Actual Startup Time": 160.45,
                                        "Actual Total Time": 298.016,
                                        "Actual Rows": 61370,
                                        "Actual Loops": 6,
                                        "Output": [
                                            "mi.id",
                                            "mi.movie_id",
                                            "mi.info_type_id",
                                            "mi.info",
                                            "mi.note"
                                        ],
                                        "Filter": "(mi.info_type_id = 17)",
                                        "Rows Removed by Filter": 2411250,
                                        "Workers": [
                                            {
                                                "Worker Number": 0,
                                                "Actual Startup Time": 160.004,
                                                "Actual Total Time": 298.655,
                                                "Actual Rows": 44394,
                                                "Actual Loops": 1
                                            },
                                            {
                                                "Worker Number": 1,
                                                "Actual Startup Time": 160.898,
                                                "Actual Total Time": 298.675,
                                                "Actual Rows": 44799,
                                                "Actual Loops": 1
                                            },
                                            {
                                                "Worker Number": 2,
                                                "Actual Startup Time": 161.017,
                                                "Actual Total Time": 298.369,
                                                "Actual Rows": 69271,
                                                "Actual Loops": 1
                                            },
                                            {
                                                "Worker Number": 3,
                                                "Actual Startup Time": 160.92,
                                                "Actual Total Time": 298.197,
                                                "Actual Rows": 69648,
                                                "Actual Loops": 1
                                            },
                                            {
                                                "Worker Number": 4,
                                                "Actual Startup Time": 159.867,
                                                "Actual Total Time": 298.369,
                                                "Actual Rows": 37272,
                                                "Actual Loops": 1
                                            }
                                        ]
                                    },
                                    {
                                        "Node Type": "Hash",
                                        "Parent Relationship": "Inner",
                                        "Parallel Aware": true,
                                        "Startup Cost": 45479.21,
                                        "Total Cost": 45479.21,
                                        "Plan Rows": 20362,
                                        "Plan Width": 4,
                                        "Actual Startup Time": 87.583,
                                        "Actual Total Time": 87.585,
                                        "Actual Rows": 18671,
                                        "Actual Loops": 6,
                                        "Output": [
                                            "t.id"
                                        ],
                                        "Hash Buckets": 131072,
                                        "Original Hash Buckets": 131072,
                                        "Hash Batches": 1,
                                        "Original Hash Batches": 1,
                                        "Peak Memory Usage": 5472,
                                        "Workers": [
                                            {
                                                "Worker Number": 0,
                                                "Actual Startup Time": 86.189,
                                                "Actual Total Time": 86.19,
                                                "Actual Rows": 14470,
                                                "Actual Loops": 1
                                            },
                                            {
                                                "Worker Number": 1,
                                                "Actual Startup Time": 86.61,
                                                "Actual Total Time": 86.611,
                                                "Actual Rows": 14591,
                                                "Actual Loops": 1
                                            },
                                            {
                                                "Worker Number": 2,
                                                "Actual Startup Time": 86.847,
                                                "Actual Total Time": 86.849,
                                                "Actual Rows": 20872,
                                                "Actual Loops": 1
                                            },
                                            {
                                                "Worker Number": 3,
                                                "Actual Startup Time": 87.006,
                                                "Actual Total Time": 87.007,
                                                "Actual Rows": 20977,
                                                "Actual Loops": 1
                                            },
                                            {
                                                "Worker Number": 4,
                                                "Actual Startup Time": 86.725,
                                                "Actual Total Time": 86.726,
                                                "Actual Rows": 13652,
                                                "Actual Loops": 1
                                            }
                                        ],
                                        "Plans": [
                                            {
                                                "Node Type": "Seq Scan",
                                                "Parent Relationship": "Outer",
                                                "Parallel Aware": true,
                                                "Relation Name": "title",
                                                "Schema": "public",
                                                "Alias": "t",
                                                "Startup Cost": 0.0,
                                                "Total Cost": 45479.21,
                                                "Plan Rows": 20362,
                                                "Plan Width": 4,
                                                "Actual Startup Time": 50.912,
                                                "Actual Total Time": 80.198,
                                                "Actual Rows": 18671,
                                                "Actual Loops": 6,
                                                "Output": [
                                                    "t.id"
                                                ],
                                                "Filter": "((t.production_year > 1990) AND (t.kind_id = 4))",
                                                "Rows Removed by Filter": 402714,
                                                "Workers": [
                                                    {
                                                        "Worker Number": 0,
                                                        "Actual Startup Time": 49.439,
                                                        "Actual Total Time": 78.878,
                                                        "Actual Rows": 14470,
                                                        "Actual Loops": 1
                                                    },
                                                    {
                                                        "Worker Number": 1,
                                                        "Actual Startup Time": 49.42,
                                                        "Actual Total Time": 79.633,
                                                        "Actual Rows": 14591,
                                                        "Actual Loops": 1
                                                    },
                                                    {
                                                        "Worker Number": 2,
                                                        "Actual Startup Time": 49.641,
                                                        "Actual Total Time": 79.23,
                                                        "Actual Rows": 20872,
                                                        "Actual Loops": 1
                                                    },
                                                    {
                                                        "Worker Number": 3,
                                                        "Actual Startup Time": 50.216,
                                                        "Actual Total Time": 79.792,
                                                        "Actual Rows": 20977,
                                                        "Actual Loops": 1
                                                    },
                                                    {
                                                        "Worker Number": 4,
                                                        "Actual Startup Time": 51.539,
                                                        "Actual Total Time": 79.742,
                                                        "Actual Rows": 13652,
                                                        "Actual Loops": 1
                                                    }
                                                ]
                                            }
                                        ]
                                    }
                                ]
                            }
                        ]
                    }
                ]
            }
        ]
    },
    "Planning Time": 0.714,
    "Triggers": [],
    "Execution Time": 451.367
}