{
  "Plan": {
    "Node Type": "Aggregate",
    "Strategy": "Plain",
    "Partial Mode": "Finalize",
    "Parallel Aware": false,
    "Startup Cost": 338206.49,
    "Total Cost": 338206.5,
    "Plan Rows": 1,
    "Plan Width": 8,
    "Actual Startup Time": 1074.389,
    "Actual Total Time": 1123.626,
    "Actual Rows": 1,
    "Actual Loops": 1,
    "Plans": [
      {
        "Node Type": "Gather",
        "Parent Relationship": "Outer",
        "Parallel Aware": false,
        "Startup Cost": 338206.37,
        "Total Cost": 338206.48,
        "Plan Rows": 1,
        "Plan Width": 8,
        "Actual Startup Time": 1074.247,
        "Actual Total Time": 1123.605,
        "Actual Rows": 2,
        "Actual Loops": 1,
        "Workers Planned": 1,
        "Workers Launched": 1,
        "Single Copy": false,
        "Plans": [
          {
            "Node Type": "Aggregate",
            "Strategy": "Plain",
            "Partial Mode": "Partial",
            "Parent Relationship": "Outer",
            "Parallel Aware": false,
            "Startup Cost": 337206.37,
            "Total Cost": 337206.38,
            "Plan Rows": 1,
            "Plan Width": 8,
            "Actual Startup Time": 1069.849,
            "Actual Total Time": 1069.853,
            "Actual Rows": 1,
            "Actual Loops": 2,
            "Plans": [
              {
                "Node Type": "Hash Join",
                "Parent Relationship": "Outer",
                "Parallel Aware": true,
                "Join Type": "Inner",
                "Startup Cost": 54692.49,
                "Total Cost": 337143.68,
                "Plan Rows": 25076,
                "Plan Width": 0,
                "Actual Startup Time": 167.028,
                "Actual Total Time": 1068.733,
                "Actual Rows": 20508,
                "Actual Loops": 2,
                "Inner Unique": true,
                "Hash Cond": "(mi.movie_id = t.id)",
                "Plans": [
                  {
                    "Node Type": "Seq Scan",
                    "Parent Relationship": "Outer",
                    "Parallel Aware": true,
                    "Relation Name": "movie_info",
                    "Alias": "mi",
                    "Startup Cost": 0.0,
                    "Total Cost": 270696.42,
                    "Plan Rows": 4478001,
                    "Plan Width": 4,
                    "Actual Startup Time": 33.501,
                    "Actual Total Time": 664.407,
                    "Actual Rows": 3774428,
                    "Actual Loops": 2,
                    "Filter": "(info_type_id > 7)",
                    "Rows Removed by Filter": 3643432
                  },
                  {
                    "Node Type": "Hash",
                    "Parent Relationship": "Inner",
                    "Parallel Aware": true,
                    "Startup Cost": 54588.39,
                    "Total Cost": 54588.39,
                    "Plan Rows": 8328,
                    "Plan Width": 4,
                    "Actual Startup Time": 131.921,
                    "Actual Total Time": 131.922,
                    "Actual Rows": 7174,
                    "Actual Loops": 2,
                    "Hash Buckets": 16384,
                    "Original Hash Buckets": 16384,
                    "Hash Batches": 1,
                    "Original Hash Batches": 1,
                    "Peak Memory Usage": 704,
                    "Plans": [
                      {
                        "Node Type": "Seq Scan",
                        "Parent Relationship": "Outer",
                        "Parallel Aware": true,
                        "Relation Name": "title",
                        "Alias": "t",
                        "Startup Cost": 0.0,
                        "Total Cost": 54588.39,
                        "Plan Rows": 8328,
                        "Plan Width": 4,
                        "Actual Startup Time": 0.297,
                        "Actual Total Time": 129.52,
                        "Actual Rows": 7174,
                        "Actual Loops": 2,
                        "Filter": "(production_year = 1969)",
                        "Rows Removed by Filter": 1256982
                      }
                    ]
                  }
                ]
              }
            ]
          }
        ]
      }
    ]
  },
  "Planning Time": 0.435,
  "Triggers": [],
  "Execution Time": 1123.708
}