{
  "Plan": {
    "Node Type": "Aggregate",
    "Strategy": "Plain",
    "Partial Mode": "Finalize",
    "Parallel Aware": false,
    "Startup Cost": 145425.08,
    "Total Cost": 145425.09,
    "Plan Rows": 1,
    "Plan Width": 8,
    "Actual Startup Time": 664.111,
    "Actual Total Time": 681.921,
    "Actual Rows": 1,
    "Actual Loops": 1,
    "Plans": [
      {
        "Node Type": "Gather",
        "Parent Relationship": "Outer",
        "Parallel Aware": false,
        "Startup Cost": 145424.97,
        "Total Cost": 145425.08,
        "Plan Rows": 1,
        "Plan Width": 8,
        "Actual Startup Time": 663.689,
        "Actual Total Time": 681.913,
        "Actual Rows": 2,
        "Actual Loops": 1,
        "Workers Planned": 1,
        "Workers Launched": 1,
        "Single Copy": false,
        "Plans": [
          {
            "Node Type": "Aggregate",
            "Strategy": "Plain",
            "Partial Mode": "Partial",
            "Parent Relationship": "Outer",
            "Parallel Aware": false,
            "Startup Cost": 144424.97,
            "Total Cost": 144424.98,
            "Plan Rows": 1,
            "Plan Width": 8,
            "Actual Startup Time": 657.477,
            "Actual Total Time": 657.483,
            "Actual Rows": 1,
            "Actual Loops": 2,
            "Plans": [
              {
                "Node Type": "Hash Join",
                "Parent Relationship": "Outer",
                "Parallel Aware": true,
                "Join Type": "Inner",
                "Startup Cost": 82683.53,
                "Total Cost": 144217.14,
                "Plan Rows": 83130,
                "Plan Width": 0,
                "Actual Startup Time": 482.477,
                "Actual Total Time": 645.397,
                "Actual Rows": 311945,
                "Actual Loops": 2,
                "Inner Unique": false,
                "Hash Cond": "(mk.movie_id = t.id)",
                "Plans": [
                  {
                    "Node Type": "Seq Scan",
                    "Parent Relationship": "Outer",
                    "Parallel Aware": true,
                    "Relation Name": "movie_keyword",
                    "Alias": "mk",
                    "Startup Cost": 0.0,
                    "Total Cost": 51065.35,
                    "Plan Rows": 2661135,
                    "Plan Width": 4,
                    "Actual Startup Time": 0.016,
                    "Actual Total Time": 151.991,
                    "Actual Rows": 2261965,
                    "Actual Loops": 2
                  },
                  {
                    "Node Type": "Hash",
                    "Parent Relationship": "Inner",
                    "Parallel Aware": true,
                    "Startup Cost": 82102.79,
                    "Total Cost": 82102.79,
                    "Plan Rows": 46459,
                    "Plan Width": 8,
                    "Actual Startup Time": 313.264,
                    "Actual Total Time": 313.267,
                    "Actual Rows": 37920,
                    "Actual Loops": 2,
                    "Hash Buckets": 131072,
                    "Original Hash Buckets": 131072,
                    "Hash Batches": 1,
                    "Original Hash Batches": 1,
                    "Peak Memory Usage": 4000,
                    "Plans": [
                      {
                        "Node Type": "Hash Join",
                        "Parent Relationship": "Outer",
                        "Parallel Aware": true,
                        "Join Type": "Inner",
                        "Startup Cost": 21664.0,
                        "Total Cost": 82102.79,
                        "Plan Rows": 46459,
                        "Plan Width": 8,
                        "Actual Startup Time": 212.343,
                        "Actual Total Time": 305.03,
                        "Actual Rows": 37920,
                        "Actual Loops": 2,
                        "Inner Unique": false,
                        "Hash Cond": "(t.id = mc.movie_id)",
                        "Plans": [
                          {
                            "Node Type": "Seq Scan",
                            "Parent Relationship": "Outer",
                            "Parallel Aware": true,
                            "Relation Name": "title",
                            "Alias": "t",
                            "Startup Cost": 0.0,
                            "Total Cost": 50870.31,
                            "Plan Rows": 1487231,
                            "Plan Width": 4,
                            "Actual Startup Time": 0.011,
                            "Actual Total Time": 119.488,
                            "Actual Rows": 1264156,
                            "Actual Loops": 2
                          },
                          {
                            "Node Type": "Hash",
                            "Parent Relationship": "Inner",
                            "Parallel Aware": true,
                            "Startup Cost": 21083.26,
                            "Total Cost": 21083.26,
                            "Plan Rows": 46459,
                            "Plan Width": 4,
                            "Actual Startup Time": 41.474,
                            "Actual Total Time": 41.475,
                            "Actual Rows": 37920,
                            "Actual Loops": 2,
                            "Hash Buckets": 131072,
                            "Original Hash Buckets": 131072,
                            "Hash Batches": 1,
                            "Original Hash Batches": 1,
                            "Peak Memory Usage": 4032,
                            "Plans": [
                              {
                                "Node Type": "Bitmap Heap Scan",
                                "Parent Relationship": "Outer",
                                "Parallel Aware": true,
                                "Relation Name": "movie_companies",
                                "Alias": "mc",
                                "Startup Cost": 1712.52,
                                "Total Cost": 21083.26,
                                "Plan Rows": 46459,
                                "Plan Width": 4,
                                "Actual Startup Time": 10.411,
                                "Actual Total Time": 29.821,
                                "Actual Rows": 37920,
                                "Actual Loops": 2,
                                "Recheck Cond": "(company_id > 172665)",
                                "Rows Removed by Index Recheck": 0,
                                "Exact Heap Blocks": 2092,
                                "Lossy Heap Blocks": 0,
                                "Plans": [
                                  {
                                    "Node Type": "Bitmap Index Scan",
                                    "Parent Relationship": "Outer",
                                    "Parallel Aware": false,
                                    "Index Name": "company_id_movie_companies",
                                    "Startup Cost": 0.0,
                                    "Total Cost": 1692.78,
                                    "Plan Rows": 78980,
                                    "Plan Width": 0,
                                    "Actual Startup Time": 12.07,
                                    "Actual Total Time": 12.07,
                                    "Actual Rows": 75839,
                                    "Actual Loops": 1,
                                    "Index Cond": "(company_id > 172665)"
                                  }
                                ]
                              }
                            ]
                          }
                        ]
                      }
                    ]
                  }
                ]
              }
            ]
          }
        ]
      }
    ]
  },
  "Planning Time": 0.936,
  "Triggers": [],
  "Execution Time": 682.024
}