{
  "Plan": {
    "Node Type": "Aggregate",
    "Strategy": "Plain",
    "Partial Mode": "Finalize",
    "Parallel Aware": false,
    "Startup Cost": 451344.84,
    "Total Cost": 451344.85,
    "Plan Rows": 1,
    "Plan Width": 8,
    "Actual Startup Time": 1297.811,
    "Actual Total Time": 1316.436,
    "Actual Rows": 1,
    "Actual Loops": 1,
    "Plans": [
      {
        "Node Type": "Gather",
        "Parent Relationship": "Outer",
        "Parallel Aware": false,
        "Startup Cost": 451344.73,
        "Total Cost": 451344.84,
        "Plan Rows": 1,
        "Plan Width": 8,
        "Actual Startup Time": 1006.289,
        "Actual Total Time": 1316.419,
        "Actual Rows": 2,
        "Actual Loops": 1,
        "Workers Planned": 1,
        "Workers Launched": 1,
        "Single Copy": false,
        "Plans": [
          {
            "Node Type": "Aggregate",
            "Strategy": "Plain",
            "Partial Mode": "Partial",
            "Parent Relationship": "Outer",
            "Parallel Aware": false,
            "Startup Cost": 450344.73,
            "Total Cost": 450344.74,
            "Plan Rows": 1,
            "Plan Width": 8,
            "Actual Startup Time": 1142.449,
            "Actual Total Time": 1142.474,
            "Actual Rows": 1,
            "Actual Loops": 2,
            "Plans": [
              {
                "Node Type": "Merge Join",
                "Parent Relationship": "Outer",
                "Parallel Aware": false,
                "Join Type": "Inner",
                "Startup Cost": 447127.67,
                "Total Cost": 450271.21,
                "Plan Rows": 29409,
                "Plan Width": 0,
                "Actual Startup Time": 986.573,
                "Actual Total Time": 1140.248,
                "Actual Rows": 44684,
                "Actual Loops": 2,
                "Inner Unique": false,
                "Merge Cond": "(t.id = ci.movie_id)",
                "Plans": [
                  {
                    "Node Type": "Sort",
                    "Parent Relationship": "Outer",
                    "Parallel Aware": false,
                    "Startup Cost": 120947.0,
                    "Total Cost": 121452.02,
                    "Plan Rows": 202008,
                    "Plan Width": 8,
                    "Actual Startup Time": 540.232,
                    "Actual Total Time": 545.39,
                    "Actual Rows": 104254,
                    "Actual Loops": 2,
                    "Sort Key": [
                      "t.id"
                    ],
                    "Sort Method": "quicksort",
                    "Sort Space Used": 8996,
                    "Sort Space Type": "Memory",
                    "Workers": [
                      {
                        "Worker Number": 0,
                        "Sort Method": "quicksort",
                        "Sort Space Used": 6923,
                        "Sort Space Type": "Memory"
                      }
                    ],
                    "Plans": [
                      {
                        "Node Type": "Hash Join",
                        "Parent Relationship": "Outer",
                        "Parallel Aware": true,
                        "Join Type": "Inner",
                        "Startup Cost": 63125.67,
                        "Total Cost": 103146.0,
                        "Plan Rows": 202008,
                        "Plan Width": 8,
                        "Actual Startup Time": 313.567,
                        "Actual Total Time": 517.414,
                        "Actual Rows": 104254,
                        "Actual Loops": 2,
                        "Inner Unique": true,
                        "Hash Cond": "(mc.movie_id = t.id)",
                        "Plans": [
                          {
                            "Node Type": "Seq Scan",
                            "Parent Relationship": "Outer",
                            "Parallel Aware": true,
                            "Relation Name": "movie_companies",
                            "Alias": "mc",
                            "Startup Cost": 0.0,
                            "Total Cost": 37974.77,
                            "Plan Rows": 779260,
                            "Plan Width": 4,
                            "Actual Startup Time": 52.472,
                            "Actual Total Time": 130.033,
                            "Actual Rows": 667442,
                            "Actual Loops": 2,
                            "Filter": "(company_type_id > 1)",
                            "Rows Removed by Filter": 637123
                          },
                          {
                            "Node Type": "Hash",
                            "Parent Relationship": "Inner",
                            "Parallel Aware": true,
                            "Startup Cost": 58306.47,
                            "Total Cost": 58306.47,
                            "Plan Rows": 385536,
                            "Plan Width": 4,
                            "Actual Startup Time": 252.722,
                            "Actual Total Time": 252.724,
                            "Actual Rows": 281958,
                            "Actual Loops": 2,
                            "Hash Buckets": 1048576,
                            "Original Hash Buckets": 1048576,
                            "Hash Batches": 1,
                            "Original Hash Batches": 1,
                            "Peak Memory Usage": 30304,
                            "Plans": [
                              {
                                "Node Type": "Seq Scan",
                                "Parent Relationship": "Outer",
                                "Parallel Aware": true,
                                "Relation Name": "title",
                                "Alias": "t",
                                "Startup Cost": 0.0,
                                "Total Cost": 58306.47,
                                "Plan Rows": 385536,
                                "Plan Width": 4,
                                "Actual Startup Time": 0.048,
                                "Actual Total Time": 170.071,
                                "Actual Rows": 281958,
                                "Actual Loops": 2,
                                "Filter": "((kind_id > 4) AND (production_year < 2001))",
                                "Rows Removed by Filter": 982198
                              }
                            ]
                          }
                        ]
                      }
                    ]
                  },
                  {
                    "Node Type": "Sort",
                    "Parent Relationship": "Inner",
                    "Parallel Aware": false,
                    "Startup Cost": 326180.64,
                    "Total Cost": 327100.83,
                    "Plan Rows": 368076,
                    "Plan Width": 4,
                    "Actual Startup Time": 446.183,
                    "Actual Total Time": 521.94,
                    "Actual Rows": 798894,
                    "Actual Loops": 2,
                    "Sort Key": [
                      "ci.movie_id"
                    ],
                    "Sort Method": "quicksort",
                    "Sort Space Used": 61329,
                    "Sort Space Type": "Memory",
                    "Workers": [
                      {
                        "Worker Number": 0,
                        "Sort Method": "quicksort",
                        "Sort Space Used": 61329,
                        "Sort Space Type": "Memory"
                      }
                    ],
                    "Plans": [
                      {
                        "Node Type": "Bitmap Heap Scan",
                        "Parent Relationship": "Outer",
                        "Parallel Aware": false,
                        "Relation Name": "cast_info",
                        "Alias": "ci",
                        "Startup Cost": 23432.94,
                        "Total Cost": 292152.66,
                        "Plan Rows": 368076,
                        "Plan Width": 4,
                        "Actual Startup Time": 46.023,
                        "Actual Total Time": 214.552,
                        "Actual Rows": 784050,
                        "Actual Loops": 2,
                        "Recheck Cond": "(person_id < 109822)",
                        "Rows Removed by Index Recheck": 0,
                        "Filter": "(role_id = 1)",
                        "Rows Removed by Filter": 291072,
                        "Exact Heap Blocks": 11180,
                        "Lossy Heap Blocks": 0,
                        "Plans": [
                          {
                            "Node Type": "Bitmap Index Scan",
                            "Parent Relationship": "Outer",
                            "Parallel Aware": false,
                            "Index Name": "person_id_cast_info",
                            "Startup Cost": 0.0,
                            "Total Cost": 23340.92,
                            "Plan Rows": 1068848,
                            "Plan Width": 0,
                            "Actual Startup Time": 44.352,
                            "Actual Total Time": 44.352,
                            "Actual Rows": 1075122,
                            "Actual Loops": 2,
                            "Index Cond": "(person_id < 109822)"
                          }
                        ]
                      }
                    ]
                  }
                ]
              }
            ]
          }
        ]
      }
    ]
  },
  "Planning Time": 1.107,
  "Triggers": [],
  "Execution Time": 1316.575
}