[
    {
        "Bao": {
            "Bao prediction": 678.382,
            "Bao recommended hint": "(no hint)"
        }
    },
    {
        "Plan": {
            "Node Type": "Aggregate",
            "Strategy": "Plain",
            "Partial Mode": "Finalize",
            "Parallel Aware": false,
            "Startup Cost": 321200.22,
            "Total Cost": 321200.23,
            "Plan Rows": 1,
            "Plan Width": 8,
            "Actual Startup Time": 292.288,
            "Actual Total Time": 298.344,
            "Actual Rows": 1,
            "Actual Loops": 1,
            "Output": [
                "count(*)"
            ],
            "Plans": [
                {
                    "Node Type": "Gather",
                    "Parent Relationship": "Outer",
                    "Parallel Aware": false,
                    "Startup Cost": 321199.6,
                    "Total Cost": 321200.21,
                    "Plan Rows": 6,
                    "Plan Width": 8,
                    "Actual Startup Time": 291.401,
                    "Actual Total Time": 298.336,
                    "Actual Rows": 7,
                    "Actual Loops": 1,
                    "Output": [
                        "(PARTIAL count(*))"
                    ],
                    "Workers Planned": 6,
                    "Workers Launched": 6,
                    "Single Copy": false,
                    "Plans": [
                        {
                            "Node Type": "Aggregate",
                            "Strategy": "Plain",
                            "Partial Mode": "Partial",
                            "Parent Relationship": "Outer",
                            "Parallel Aware": false,
                            "Startup Cost": 320199.6,
                            "Total Cost": 320199.61,
                            "Plan Rows": 1,
                            "Plan Width": 8,
                            "Actual Startup Time": 281.521,
                            "Actual Total Time": 281.522,
                            "Actual Rows": 1,
                            "Actual Loops": 7,
                            "Output": [
                                "PARTIAL count(*)"
                            ],
                            "Workers": [
                                {
                                    "Worker Number": 0,
                                    "Actual Startup Time": 279.693,
                                    "Actual Total Time": 279.694,
                                    "Actual Rows": 1,
                                    "Actual Loops": 1
                                },
                                {
                                    "Worker Number": 1,
                                    "Actual Startup Time": 279.907,
                                    "Actual Total Time": 279.908,
                                    "Actual Rows": 1,
                                    "Actual Loops": 1
                                },
                                {
                                    "Worker Number": 2,
                                    "Actual Startup Time": 280.048,
                                    "Actual Total Time": 280.05,
                                    "Actual Rows": 1,
                                    "Actual Loops": 1
                                },
                                {
                                    "Worker Number": 3,
                                    "Actual Startup Time": 280.016,
                                    "Actual Total Time": 280.018,
                                    "Actual Rows": 1,
                                    "Actual Loops": 1
                                },
                                {
                                    "Worker Number": 4,
                                    "Actual Startup Time": 280.019,
                                    "Actual Total Time": 280.02,
                                    "Actual Rows": 1,
                                    "Actual Loops": 1
                                },
                                {
                                    "Worker Number": 5,
                                    "Actual Startup Time": 280.325,
                                    "Actual Total Time": 280.326,
                                    "Actual Rows": 1,
                                    "Actual Loops": 1
                                }
                            ],
                            "Plans": [
                                {
                                    "Node Type": "Bitmap Heap Scan",
                                    "Parent Relationship": "Outer",
                                    "Parallel Aware": true,
                                    "Relation Name": "cast_info",
                                    "Schema": "public",
                                    "Alias": "ci",
                                    "Startup Cost": 60645.27,
                                    "Total Cost": 319055.04,
                                    "Plan Rows": 457822,
                                    "Plan Width": 0,
                                    "Actual Startup Time": 151.085,
                                    "Actual Total Time": 252.387,
                                    "Actual Rows": 400511,
                                    "Actual Loops": 7,
                                    "Recheck Cond": "(ci.person_id < 269989)",
                                    "Rows Removed by Index Recheck": 0,
                                    "Exact Heap Blocks": 5940,
                                    "Lossy Heap Blocks": 0,
                                    "Workers": [
                                        {
                                            "Worker Number": 0,
                                            "Actual Startup Time": 149.307,
                                            "Actual Total Time": 250.822,
                                            "Actual Rows": 381048,
                                            "Actual Loops": 1
                                        },
                                        {
                                            "Worker Number": 1,
                                            "Actual Startup Time": 149.622,
                                            "Actual Total Time": 251.457,
                                            "Actual Rows": 376097,
                                            "Actual Loops": 1
                                        },
                                        {
                                            "Worker Number": 2,
                                            "Actual Startup Time": 149.608,
                                            "Actual Total Time": 251.24,
                                            "Actual Rows": 380477,
                                            "Actual Loops": 1
                                        },
                                        {
                                            "Worker Number": 3,
                                            "Actual Startup Time": 149.813,
                                            "Actual Total Time": 251.485,
                                            "Actual Rows": 378816,
                                            "Actual Loops": 1
                                        },
                                        {
                                            "Worker Number": 4,
                                            "Actual Startup Time": 149.659,
                                            "Actual Total Time": 251.659,
                                            "Actual Rows": 372934,
                                            "Actual Loops": 1
                                        },
                                        {
                                            "Worker Number": 5,
                                            "Actual Startup Time": 149.762,
                                            "Actual Total Time": 253.681,
                                            "Actual Rows": 346691,
                                            "Actual Loops": 1
                                        }
                                    ],
                                    "Plans": [
                                        {
                                            "Node Type": "Bitmap Index Scan",
                                            "Parent Relationship": "Outer",
                                            "Parallel Aware": false,
                                            "Index Name": "person_id_cast_info",
                                            "Startup Cost": 0.0,
                                            "Total Cost": 59958.54,
                                            "Plan Rows": 2746930,
                                            "Plan Width": 0,
                                            "Actual Startup Time": 152.438,
                                            "Actual Total Time": 152.438,
                                            "Actual Rows": 2803576,
                                            "Actual Loops": 1,
                                            "Index Cond": "(ci.person_id < 269989)"
                                        }
                                    ]
                                }
                            ]
                        }
                    ]
                }
            ]
        },
        "Planning Time": 2213.508,
        "Triggers": [],
        "Execution Time": 298.46
    }
]