[
  {
    "Plan": {
      "Node Type": "Aggregate",
      "Strategy": "Plain",
      "Partial Mode": "Finalize",
      "Parallel Aware": false,
      "Startup Cost": 32100.05,
      "Total Cost": 32100.06,
      "Plan Rows": 1,
      "Plan Width": 8,
      "Actual Startup Time": 119.338,
      "Actual Total Time": 127.861,
      "Actual Rows": 1,
      "Actual Loops": 1,
      "Plans": [
        {
          "Node Type": "Gather",
          "Parent Relationship": "Outer",
          "Parallel Aware": false,
          "Startup Cost": 32099.74,
          "Total Cost": 32100.05,
          "Plan Rows": 3,
          "Plan Width": 8,
          "Actual Startup Time": 119.193,
          "Actual Total Time": 127.851,
          "Actual Rows": 4,
          "Actual Loops": 1,
          "Workers Planned": 3,
          "Workers Launched": 3,
          "Single Copy": false,
          "Plans": [
            {
              "Node Type": "Aggregate",
              "Strategy": "Plain",
              "Partial Mode": "Partial",
              "Parent Relationship": "Outer",
              "Parallel Aware": false,
              "Startup Cost": 31099.74,
              "Total Cost": 31099.75,
              "Plan Rows": 1,
              "Plan Width": 8,
              "Actual Startup Time": 110.716,
              "Actual Total Time": 110.717,
              "Actual Rows": 1,
              "Actual Loops": 4,
              "Plans": [
                {
                  "Node Type": "Seq Scan",
                  "Parent Relationship": "Outer",
                  "Parallel Aware": true,
                  "Relation Name": "movie_companies",
                  "Alias": "mc",
                  "Startup Cost": 0.0,
                  "Total Cost": 29310.68,
                  "Plan Rows": 715622,
                  "Plan Width": 0,
                  "Actual Startup Time": 0.041,
                  "Actual Total Time": 83.288,
                  "Actual Rows": 554844,
                  "Actual Loops": 4,
                  "Filter": "(company_id < 83293)",
                  "Rows Removed by Filter": 97438
                }
              ]
            }
          ]
        }
      ]
    },
    "Planning Time": 0.125,
    "Triggers": [],
    "Execution Time": 127.898
  }
]