[
  {
    "Plan": {
      "Node Type": "Aggregate",
      "Strategy": "Plain",
      "Partial Mode": "Finalize",
      "Parallel Aware": false,
      "Startup Cost": 78773.28,
      "Total Cost": 78773.29,
      "Plan Rows": 1,
      "Plan Width": 8,
      "Actual Startup Time": 188.336,
      "Actual Total Time": 203.122,
      "Actual Rows": 1,
      "Actual Loops": 1,
      "Plans": [
        {
          "Node Type": "Gather",
          "Parent Relationship": "Outer",
          "Parallel Aware": false,
          "Startup Cost": 78772.96,
          "Total Cost": 78773.27,
          "Plan Rows": 3,
          "Plan Width": 8,
          "Actual Startup Time": 188.073,
          "Actual Total Time": 203.114,
          "Actual Rows": 4,
          "Actual Loops": 1,
          "Workers Planned": 3,
          "Workers Launched": 3,
          "Single Copy": false,
          "Plans": [
            {
              "Node Type": "Aggregate",
              "Strategy": "Plain",
              "Partial Mode": "Partial",
              "Parent Relationship": "Outer",
              "Parallel Aware": false,
              "Startup Cost": 77772.96,
              "Total Cost": 77772.97,
              "Plan Rows": 1,
              "Plan Width": 8,
              "Actual Startup Time": 179.369,
              "Actual Total Time": 179.372,
              "Actual Rows": 1,
              "Actual Loops": 4,
              "Plans": [
                {
                  "Node Type": "Hash Join",
                  "Parent Relationship": "Outer",
                  "Parallel Aware": true,
                  "Join Type": "Inner",
                  "Startup Cost": 45631.42,
                  "Total Cost": 77759.86,
                  "Plan Rows": 5241,
                  "Plan Width": 0,
                  "Actual Startup Time": 100.425,
                  "Actual Total Time": 179.058,
                  "Actual Rows": 5746,
                  "Actual Loops": 4,
                  "Inner Unique": true,
                  "Hash Cond": "(mc.movie_id = t.id)",
                  "Plans": [
                    {
                      "Node Type": "Seq Scan",
                      "Parent Relationship": "Outer",
                      "Parallel Aware": true,
                      "Relation Name": "movie_companies",
                      "Alias": "mc",
                      "Startup Cost": 0.0,
                      "Total Cost": 31414.82,
                      "Plan Rows": 271854,
                      "Plan Width": 4,
                      "Actual Startup Time": 1.199,
                      "Actual Total Time": 63.529,
                      "Actual Rows": 160621,
                      "Actual Loops": 4,
                      "Filter": "((company_id > 2782) AND (company_type_id = 1))",
                      "Rows Removed by Filter": 491661
                    },
                    {
                      "Node Type": "Hash",
                      "Parent Relationship": "Inner",
                      "Parallel Aware": true,
                      "Startup Cost": 45479.1,
                      "Total Cost": 45479.1,
                      "Plan Rows": 12186,
                      "Plan Width": 4,
                      "Actual Startup Time": 97.505,
                      "Actual Total Time": 97.506,
                      "Actual Rows": 8872,
                      "Actual Loops": 4,
                      "Hash Buckets": 65536,
                      "Original Hash Buckets": 65536,
                      "Hash Batches": 1,
                      "Original Hash Batches": 1,
                      "Peak Memory Usage": 1952,
                      "Plans": [
                        {
                          "Node Type": "Seq Scan",
                          "Parent Relationship": "Outer",
                          "Parallel Aware": true,
                          "Relation Name": "title",
                          "Alias": "t",
                          "Startup Cost": 0.0,
                          "Total Cost": 45479.1,
                          "Plan Rows": 12186,
                          "Plan Width": 4,
                          "Actual Startup Time": 0.149,
                          "Actual Total Time": 93.249,
                          "Actual Rows": 8872,
                          "Actual Loops": 4,
                          "Filter": "((kind_id < 7) AND (production_year = 2007))",
                          "Rows Removed by Filter": 623206
                        }
                      ]
                    }
                  ]
                }
              ]
            }
          ]
        }
      ]
    },
    "Planning Time": 0.667,
    "Triggers": [],
    "Execution Time": 203.203
  }
]