[
  {
    "Plan": {
      "Node Type": "Aggregate",
      "Strategy": "Plain",
      "Partial Mode": "Finalize",
      "Parallel Aware": false,
      "Startup Cost": 335840.7,
      "Total Cost": 335840.71,
      "Plan Rows": 1,
      "Plan Width": 8,
      "Actual Startup Time": 694.987,
      "Actual Total Time": 752.536,
      "Actual Rows": 1,
      "Actual Loops": 1,
      "Plans": [
        {
          "Node Type": "Gather",
          "Parent Relationship": "Outer",
          "Parallel Aware": false,
          "Startup Cost": 335840.07,
          "Total Cost": 335840.68,
          "Plan Rows": 6,
          "Plan Width": 8,
          "Actual Startup Time": 694.845,
          "Actual Total Time": 752.526,
          "Actual Rows": 7,
          "Actual Loops": 1,
          "Workers Planned": 6,
          "Workers Launched": 6,
          "Single Copy": false,
          "Plans": [
            {
              "Node Type": "Aggregate",
              "Strategy": "Plain",
              "Partial Mode": "Partial",
              "Parent Relationship": "Outer",
              "Parallel Aware": false,
              "Startup Cost": 334840.07,
              "Total Cost": 334840.08,
              "Plan Rows": 1,
              "Plan Width": 8,
              "Actual Startup Time": 684.468,
              "Actual Total Time": 684.469,
              "Actual Rows": 1,
              "Actual Loops": 7,
              "Plans": [
                {
                  "Node Type": "Seq Scan",
                  "Parent Relationship": "Outer",
                  "Parallel Aware": true,
                  "Relation Name": "cast_info",
                  "Alias": "ci",
                  "Startup Cost": 0.0,
                  "Total Cost": 328162.03,
                  "Plan Rows": 2671219,
                  "Plan Width": 0,
                  "Actual Startup Time": 225.649,
                  "Actual Total Time": 586.647,
                  "Actual Rows": 2285404,
                  "Actual Loops": 7,
                  "Filter": "(person_id > 2034204)",
                  "Rows Removed by Filter": 2892359
                }
              ]
            }
          ]
        }
      ]
    },
    "Planning Time": 0.161,
    "Triggers": [],
    "Execution Time": 752.606
  }
]