[
  {
    "Plan": {
      "Node Type": "Aggregate",
      "Strategy": "Plain",
      "Partial Mode": "Finalize",
      "Parallel Aware": false,
      "Startup Cost": 46291.12,
      "Total Cost": 46291.13,
      "Plan Rows": 1,
      "Plan Width": 8,
      "Actual Startup Time": 158.094,
      "Actual Total Time": 168.344,
      "Actual Rows": 1,
      "Actual Loops": 1,
      "Plans": [
        {
          "Node Type": "Gather",
          "Parent Relationship": "Outer",
          "Parallel Aware": false,
          "Startup Cost": 46290.8,
          "Total Cost": 46291.11,
          "Plan Rows": 3,
          "Plan Width": 8,
          "Actual Startup Time": 158.01,
          "Actual Total Time": 168.334,
          "Actual Rows": 4,
          "Actual Loops": 1,
          "Workers Planned": 3,
          "Workers Launched": 3,
          "Single Copy": false,
          "Plans": [
            {
              "Node Type": "Aggregate",
              "Strategy": "Plain",
              "Partial Mode": "Partial",
              "Parent Relationship": "Outer",
              "Parallel Aware": false,
              "Startup Cost": 45290.8,
              "Total Cost": 45290.81,
              "Plan Rows": 1,
              "Plan Width": 8,
              "Actual Startup Time": 153.88,
              "Actual Total Time": 153.881,
              "Actual Rows": 1,
              "Actual Loops": 4,
              "Plans": [
                {
                  "Node Type": "Seq Scan",
                  "Parent Relationship": "Outer",
                  "Parallel Aware": true,
                  "Relation Name": "movie_keyword",
                  "Alias": "mk",
                  "Startup Cost": 0.0,
                  "Total Cost": 42695.65,
                  "Plan Rows": 1038060,
                  "Plan Width": 0,
                  "Actual Startup Time": 0.036,
                  "Actual Total Time": 117.213,
                  "Actual Rows": 803970,
                  "Actual Loops": 4,
                  "Filter": "(keyword_id < 13440)",
                  "Rows Removed by Filter": 327012
                }
              ]
            }
          ]
        }
      ]
    },
    "Planning Time": 0.187,
    "Triggers": [],
    "Execution Time": 168.399
  }
]