[
  {
    "Plan": {
      "Node Type": "Aggregate",
      "Strategy": "Plain",
      "Partial Mode": "Finalize",
      "Parallel Aware": false,
      "Startup Cost": 246501.14,
      "Total Cost": 246501.15,
      "Plan Rows": 1,
      "Plan Width": 8,
      "Actual Startup Time": 706.046,
      "Actual Total Time": 750.071,
      "Actual Rows": 1,
      "Actual Loops": 1,
      "Plans": [
        {
          "Node Type": "Gather",
          "Parent Relationship": "Outer",
          "Parallel Aware": false,
          "Startup Cost": 246500.62,
          "Total Cost": 246501.13,
          "Plan Rows": 5,
          "Plan Width": 8,
          "Actual Startup Time": 705.147,
          "Actual Total Time": 750.061,
          "Actual Rows": 6,
          "Actual Loops": 1,
          "Workers Planned": 5,
          "Workers Launched": 5,
          "Single Copy": false,
          "Plans": [
            {
              "Node Type": "Aggregate",
              "Strategy": "Plain",
              "Partial Mode": "Partial",
              "Parent Relationship": "Outer",
              "Parallel Aware": false,
              "Startup Cost": 245500.62,
              "Total Cost": 245500.63,
              "Plan Rows": 1,
              "Plan Width": 8,
              "Actual Startup Time": 697.306,
              "Actual Total Time": 697.309,
              "Actual Rows": 1,
              "Actual Loops": 6,
              "Plans": [
                {
                  "Node Type": "Hash Join",
                  "Parent Relationship": "Outer",
                  "Parallel Aware": true,
                  "Join Type": "Inner",
                  "Startup Cost": 45758.85,
                  "Total Cost": 245238.25,
                  "Plan Rows": 104945,
                  "Plan Width": 0,
                  "Actual Startup Time": 89.404,
                  "Actual Total Time": 693.942,
                  "Actual Rows": 54785,
                  "Actual Loops": 6,
                  "Inner Unique": true,
                  "Hash Cond": "(mi.movie_id = t.id)",
                  "Plans": [
                    {
                      "Node Type": "Seq Scan",
                      "Parent Relationship": "Outer",
                      "Parallel Aware": true,
                      "Relation Name": "movie_info",
                      "Alias": "mi",
                      "Startup Cost": 0.0,
                      "Total Cost": 191685.19,
                      "Plan Rows": 2969219,
                      "Plan Width": 4,
                      "Actual Startup Time": 0.033,
                      "Actual Total Time": 296.525,
                      "Actual Rows": 2472620,
                      "Actual Loops": 6
                    },
                    {
                      "Node Type": "Hash",
                      "Parent Relationship": "Inner",
                      "Parallel Aware": true,
                      "Startup Cost": 45479.59,
                      "Total Cost": 45479.59,
                      "Plan Rows": 22341,
                      "Plan Width": 4,
                      "Actual Startup Time": 87.941,
                      "Actual Total Time": 87.942,
                      "Actual Rows": 16966,
                      "Actual Loops": 6,
                      "Hash Buckets": 131072,
                      "Original Hash Buckets": 131072,
                      "Hash Batches": 1,
                      "Original Hash Batches": 1,
                      "Peak Memory Usage": 5088,
                      "Plans": [
                        {
                          "Node Type": "Seq Scan",
                          "Parent Relationship": "Outer",
                          "Parallel Aware": true,
                          "Relation Name": "title",
                          "Alias": "t",
                          "Startup Cost": 0.0,
                          "Total Cost": 45479.59,
                          "Plan Rows": 22341,
                          "Plan Width": 4,
                          "Actual Startup Time": 0.047,
                          "Actual Total Time": 80.294,
                          "Actual Rows": 16966,
                          "Actual Loops": 6,
                          "Filter": "((kind_id > 1) AND (production_year = 2007))",
                          "Rows Removed by Filter": 404420
                        }
                      ]
                    }
                  ]
                }
              ]
            }
          ]
        }
      ]
    },
    "Planning Time": 0.257,
    "Triggers": [],
    "Execution Time": 750.117
  }
]