[
  {
    "Plan": {
      "Node Type": "Aggregate",
      "Strategy": "Plain",
      "Partial Mode": "Finalize",
      "Parallel Aware": false,
      "Startup Cost": 343257.42,
      "Total Cost": 343257.43,
      "Plan Rows": 1,
      "Plan Width": 8,
      "Actual Startup Time": 903.329,
      "Actual Total Time": 964.426,
      "Actual Rows": 1,
      "Actual Loops": 1,
      "Plans": [
        {
          "Node Type": "Gather",
          "Parent Relationship": "Outer",
          "Parallel Aware": false,
          "Startup Cost": 343256.79,
          "Total Cost": 343257.4,
          "Plan Rows": 6,
          "Plan Width": 8,
          "Actual Startup Time": 903.171,
          "Actual Total Time": 964.416,
          "Actual Rows": 7,
          "Actual Loops": 1,
          "Workers Planned": 6,
          "Workers Launched": 6,
          "Single Copy": false,
          "Plans": [
            {
              "Node Type": "Aggregate",
              "Strategy": "Plain",
              "Partial Mode": "Partial",
              "Parent Relationship": "Outer",
              "Parallel Aware": false,
              "Startup Cost": 342256.79,
              "Total Cost": 342256.8,
              "Plan Rows": 1,
              "Plan Width": 8,
              "Actual Startup Time": 893.777,
              "Actual Total Time": 893.778,
              "Actual Rows": 1,
              "Actual Loops": 7,
              "Plans": [
                {
                  "Node Type": "Seq Scan",
                  "Parent Relationship": "Outer",
                  "Parallel Aware": true,
                  "Relation Name": "cast_info",
                  "Alias": "ci",
                  "Startup Cost": 0.0,
                  "Total Cost": 328162.03,
                  "Plan Rows": 5637906,
                  "Plan Width": 0,
                  "Actual Startup Time": 0.056,
                  "Actual Total Time": 675.055,
                  "Actual Rows": 4848433,
                  "Actual Loops": 7,
                  "Filter": "(person_id < 3611663)",
                  "Rows Removed by Filter": 329330
                }
              ]
            }
          ]
        }
      ]
    },
    "Planning Time": 0.136,
    "Triggers": [],
    "Execution Time": 964.482
  }
]