[
  {
    "Plan": {
      "Node Type": "Aggregate",
      "Strategy": "Plain",
      "Partial Mode": "Finalize",
      "Parallel Aware": false,
      "Startup Cost": 46489.7,
      "Total Cost": 46489.71,
      "Plan Rows": 1,
      "Plan Width": 8,
      "Actual Startup Time": 98.382,
      "Actual Total Time": 112.853,
      "Actual Rows": 1,
      "Actual Loops": 1,
      "Plans": [
        {
          "Node Type": "Gather",
          "Parent Relationship": "Outer",
          "Parallel Aware": false,
          "Startup Cost": 46489.28,
          "Total Cost": 46489.69,
          "Plan Rows": 4,
          "Plan Width": 8,
          "Actual Startup Time": 98.128,
          "Actual Total Time": 112.845,
          "Actual Rows": 5,
          "Actual Loops": 1,
          "Workers Planned": 4,
          "Workers Launched": 4,
          "Single Copy": false,
          "Plans": [
            {
              "Node Type": "Aggregate",
              "Strategy": "Plain",
              "Partial Mode": "Partial",
              "Parent Relationship": "Outer",
              "Parallel Aware": false,
              "Startup Cost": 45489.28,
              "Total Cost": 45489.29,
              "Plan Rows": 1,
              "Plan Width": 8,
              "Actual Startup Time": 88.898,
              "Actual Total Time": 88.9,
              "Actual Rows": 1,
              "Actual Loops": 5,
              "Plans": [
                {
                  "Node Type": "Seq Scan",
                  "Parent Relationship": "Outer",
                  "Parallel Aware": true,
                  "Relation Name": "title",
                  "Alias": "t",
                  "Startup Cost": 0.0,
                  "Total Cost": 45479.1,
                  "Plan Rows": 4071,
                  "Plan Width": 0,
                  "Actual Startup Time": 0.379,
                  "Actual Total Time": 88.656,
                  "Actual Rows": 1969,
                  "Actual Loops": 5,
                  "Filter": "((kind_id < 3) AND (production_year = 1999))",
                  "Rows Removed by Filter": 503693
                }
              ]
            }
          ]
        }
      ]
    },
    "Planning Time": 0.158,
    "Triggers": [],
    "Execution Time": 112.907
  }
]