{
  "Plan": {
    "Node Type": "Aggregate",
    "Strategy": "Plain",
    "Partial Mode": "Finalize",
    "Parallel Aware": false,
    "Startup Cost": 116592.15,
    "Total Cost": 116592.16,
    "Plan Rows": 1,
    "Plan Width": 8,
    "Actual Startup Time": 387.75,
    "Actual Total Time": 418.202,
    "Actual Rows": 1,
    "Actual Loops": 1,
    "Plans": [
      {
        "Node Type": "Gather",
        "Parent Relationship": "Outer",
        "Parallel Aware": false,
        "Startup Cost": 116592.04,
        "Total Cost": 116592.15,
        "Plan Rows": 1,
        "Plan Width": 8,
        "Actual Startup Time": 387.318,
        "Actual Total Time": 418.195,
        "Actual Rows": 2,
        "Actual Loops": 1,
        "Workers Planned": 1,
        "Workers Launched": 1,
        "Single Copy": false,
        "Plans": [
          {
            "Node Type": "Aggregate",
            "Strategy": "Plain",
            "Partial Mode": "Partial",
            "Parent Relationship": "Outer",
            "Parallel Aware": false,
            "Startup Cost": 115592.04,
            "Total Cost": 115592.05,
            "Plan Rows": 1,
            "Plan Width": 8,
            "Actual Startup Time": 380.948,
            "Actual Total Time": 380.952,
            "Actual Rows": 1,
            "Actual Loops": 2,
            "Plans": [
              {
                "Node Type": "Nested Loop",
                "Parent Relationship": "Outer",
                "Parallel Aware": false,
                "Join Type": "Inner",
                "Startup Cost": 57554.75,
                "Total Cost": 115583.21,
                "Plan Rows": 3531,
                "Plan Width": 0,
                "Actual Startup Time": 148.837,
                "Actual Total Time": 380.025,
                "Actual Rows": 9568,
                "Actual Loops": 2,
                "Inner Unique": false,
                "Join Filter": "(t.id = mi.movie_id)",
                "Rows Removed by Join Filter": 0,
                "Plans": [
                  {
                    "Node Type": "Hash Join",
                    "Parent Relationship": "Outer",
                    "Parallel Aware": true,
                    "Join Type": "Inner",
                    "Startup Cost": 57554.32,
                    "Total Cost": 89499.85,
                    "Plan Rows": 11209,
                    "Plan Width": 8,
                    "Actual Startup Time": 148.747,
                    "Actual Total Time": 265.632,
                    "Actual Rows": 11156,
                    "Actual Loops": 2,
                    "Inner Unique": true,
                    "Hash Cond": "(mk.movie_id = t.id)",
                    "Plans": [
                      {
                        "Node Type": "Bitmap Heap Scan",
                        "Parent Relationship": "Outer",
                        "Parallel Aware": true,
                        "Relation Name": "movie_keyword",
                        "Alias": "mk",
                        "Startup Cost": 17862.12,
                        "Total Cost": 48507.47,
                        "Plan Rows": 495308,
                        "Plan Width": 4,
                        "Actual Startup Time": 55.819,
                        "Actual Total Time": 159.269,
                        "Actual Rows": 416477,
                        "Actual Loops": 2,
                        "Recheck Cond": "(keyword_id > 22099)",
                        "Rows Removed by Index Recheck": 0,
                        "Exact Heap Blocks": 17284,
                        "Lossy Heap Blocks": 0,
                        "Plans": [
                          {
                            "Node Type": "Bitmap Index Scan",
                            "Parent Relationship": "Outer",
                            "Parallel Aware": false,
                            "Index Name": "keyword_id_movie_keyword",
                            "Startup Cost": 0.0,
                            "Total Cost": 17651.61,
                            "Plan Rows": 842024,
                            "Plan Width": 0,
                            "Actual Startup Time": 52.162,
                            "Actual Total Time": 52.162,
                            "Actual Rows": 832954,
                            "Actual Loops": 1,
                            "Index Cond": "(keyword_id > 22099)"
                          }
                        ]
                      },
                      {
                        "Node Type": "Hash",
                        "Parent Relationship": "Inner",
                        "Parallel Aware": true,
                        "Startup Cost": 39271.49,
                        "Total Cost": 39271.49,
                        "Plan Rows": 33657,
                        "Plan Width": 4,
                        "Actual Startup Time": 58.494,
                        "Actual Total Time": 58.495,
                        "Actual Rows": 19671,
                        "Actual Loops": 2,
                        "Hash Buckets": 65536,
                        "Original Hash Buckets": 65536,
                        "Hash Batches": 1,
                        "Original Hash Batches": 1,
                        "Peak Memory Usage": 2112,
                        "Plans": [
                          {
                            "Node Type": "Bitmap Heap Scan",
                            "Parent Relationship": "Outer",
                            "Parallel Aware": true,
                            "Relation Name": "title",
                            "Alias": "t",
                            "Startup Cost": 2195.24,
                            "Total Cost": 39271.49,
                            "Plan Rows": 33657,
                            "Plan Width": 4,
                            "Actual Startup Time": 11.743,
                            "Actual Total Time": 52.747,
                            "Actual Rows": 19671,
                            "Actual Loops": 2,
                            "Recheck Cond": "(kind_id = 4)",
                            "Rows Removed by Index Recheck": 0,
                            "Filter": "(production_year < 2003)",
                            "Rows Removed by Filter": 39446,
                            "Exact Heap Blocks": 10043,
                            "Lossy Heap Blocks": 0,
                            "Plans": [
                              {
                                "Node Type": "Bitmap Index Scan",
                                "Parent Relationship": "Outer",
                                "Parallel Aware": false,
                                "Index Name": "kind_id_title",
                                "Startup Cost": 0.0,
                                "Total Cost": 2180.94,
                                "Plan Rows": 122201,
                                "Plan Width": 0,
                                "Actual Startup Time": 13.732,
                                "Actual Total Time": 13.733,
                                "Actual Rows": 118234,
                                "Actual Loops": 1,
                                "Index Cond": "(kind_id = 4)"
                              }
                            ]
                          }
                        ]
                      }
                    ]
                  },
                  {
                    "Node Type": "Index Scan",
                    "Parent Relationship": "Inner",
                    "Parallel Aware": false,
                    "Scan Direction": "Forward",
                    "Index Name": "movie_id_movie_info",
                    "Relation Name": "movie_info",
                    "Alias": "mi",
                    "Startup Cost": 0.43,
                    "Total Cost": 2.3,
                    "Plan Rows": 2,
                    "Plan Width": 4,
                    "Actual Startup Time": 0.005,
                    "Actual Total Time": 0.01,
                    "Actual Rows": 1,
                    "Actual Loops": 22312,
                    "Index Cond": "(movie_id = mk.movie_id)",
                    "Rows Removed by Index Recheck": 0,
                    "Filter": "(info_type_id < 2)",
                    "Rows Removed by Filter": 12
                  }
                ]
              }
            ]
          }
        ]
      }
    ]
  },
  "Planning Time": 0.564,
  "Triggers": [],
  "Execution Time": 418.289
}