[
  {
    "Plan": {
      "Node Type": "Aggregate",
      "Strategy": "Plain",
      "Partial Mode": "Finalize",
      "Parallel Aware": false,
      "Startup Cost": 32937.28,
      "Total Cost": 32937.29,
      "Plan Rows": 1,
      "Plan Width": 8,
      "Actual Startup Time": 104.733,
      "Actual Total Time": 112.153,
      "Actual Rows": 1,
      "Actual Loops": 1,
      "Plans": [
        {
          "Node Type": "Gather",
          "Parent Relationship": "Outer",
          "Parallel Aware": false,
          "Startup Cost": 32936.96,
          "Total Cost": 32937.27,
          "Plan Rows": 3,
          "Plan Width": 8,
          "Actual Startup Time": 104.633,
          "Actual Total Time": 112.145,
          "Actual Rows": 4,
          "Actual Loops": 1,
          "Workers Planned": 3,
          "Workers Launched": 3,
          "Single Copy": false,
          "Plans": [
            {
              "Node Type": "Aggregate",
              "Strategy": "Plain",
              "Partial Mode": "Partial",
              "Parent Relationship": "Outer",
              "Parallel Aware": false,
              "Startup Cost": 31936.96,
              "Total Cost": 31936.97,
              "Plan Rows": 1,
              "Plan Width": 8,
              "Actual Startup Time": 97.46,
              "Actual Total Time": 97.461,
              "Actual Rows": 1,
              "Actual Loops": 4,
              "Plans": [
                {
                  "Node Type": "Seq Scan",
                  "Parent Relationship": "Outer",
                  "Parallel Aware": true,
                  "Relation Name": "movie_companies",
                  "Alias": "mc",
                  "Startup Cost": 0.0,
                  "Total Cost": 31414.82,
                  "Plan Rows": 208858,
                  "Plan Width": 0,
                  "Actual Startup Time": 49.338,
                  "Actual Total Time": 87.279,
                  "Actual Rows": 224617,
                  "Actual Loops": 4,
                  "Filter": "((company_id > 11402) AND (company_type_id = 2))",
                  "Rows Removed by Filter": 427665
                }
              ]
            }
          ]
        }
      ]
    },
    "Planning Time": 0.214,
    "Triggers": [],
    "Execution Time": 112.21
  }
]