[
  {
    "Plan": {
      "Node Type": "Aggregate",
      "Strategy": "Plain",
      "Partial Mode": "Finalize",
      "Parallel Aware": false,
      "Startup Cost": 33233.66,
      "Total Cost": 33233.67,
      "Plan Rows": 1,
      "Plan Width": 8,
      "Actual Startup Time": 94.771,
      "Actual Total Time": 102.797,
      "Actual Rows": 1,
      "Actual Loops": 1,
      "Plans": [
        {
          "Node Type": "Gather",
          "Parent Relationship": "Outer",
          "Parallel Aware": false,
          "Startup Cost": 33233.34,
          "Total Cost": 33233.65,
          "Plan Rows": 3,
          "Plan Width": 8,
          "Actual Startup Time": 94.687,
          "Actual Total Time": 102.79,
          "Actual Rows": 4,
          "Actual Loops": 1,
          "Workers Planned": 3,
          "Workers Launched": 3,
          "Single Copy": false,
          "Plans": [
            {
              "Node Type": "Aggregate",
              "Strategy": "Plain",
              "Partial Mode": "Partial",
              "Parent Relationship": "Outer",
              "Parallel Aware": false,
              "Startup Cost": 32233.34,
              "Total Cost": 32233.35,
              "Plan Rows": 1,
              "Plan Width": 8,
              "Actual Startup Time": 88.251,
              "Actual Total Time": 88.252,
              "Actual Rows": 1,
              "Actual Loops": 4,
              "Plans": [
                {
                  "Node Type": "Seq Scan",
                  "Parent Relationship": "Outer",
                  "Parallel Aware": true,
                  "Relation Name": "movie_companies",
                  "Alias": "mc",
                  "Startup Cost": 0.0,
                  "Total Cost": 31414.82,
                  "Plan Rows": 327409,
                  "Plan Width": 0,
                  "Actual Startup Time": 0.256,
                  "Actual Total Time": 77.45,
                  "Actual Rows": 218006,
                  "Actual Loops": 4,
                  "Filter": "((company_id > 531) AND (company_type_id = 1))",
                  "Rows Removed by Filter": 434276
                }
              ]
            }
          ]
        }
      ]
    },
    "Planning Time": 0.213,
    "Triggers": [],
    "Execution Time": 102.843
  }
]