[
  {
    "Plan": {
      "Node Type": "Aggregate",
      "Strategy": "Plain",
      "Partial Mode": "Finalize",
      "Parallel Aware": false,
      "Startup Cost": 119187.79,
      "Total Cost": 119187.8,
      "Plan Rows": 1,
      "Plan Width": 8,
      "Actual Startup Time": 449.951,
      "Actual Total Time": 466.865,
      "Actual Rows": 1,
      "Actual Loops": 1,
      "Plans": [
        {
          "Node Type": "Gather",
          "Parent Relationship": "Outer",
          "Parallel Aware": false,
          "Startup Cost": 119187.47,
          "Total Cost": 119187.78,
          "Plan Rows": 3,
          "Plan Width": 8,
          "Actual Startup Time": 445.629,
          "Actual Total Time": 466.852,
          "Actual Rows": 4,
          "Actual Loops": 1,
          "Workers Planned": 3,
          "Workers Launched": 3,
          "Single Copy": false,
          "Plans": [
            {
              "Node Type": "Aggregate",
              "Strategy": "Plain",
              "Partial Mode": "Partial",
              "Parent Relationship": "Outer",
              "Parallel Aware": false,
              "Startup Cost": 118187.47,
              "Total Cost": 118187.48,
              "Plan Rows": 1,
              "Plan Width": 8,
              "Actual Startup Time": 440.704,
              "Actual Total Time": 440.711,
              "Actual Rows": 1,
              "Actual Loops": 4,
              "Plans": [
                {
                  "Node Type": "Hash Join",
                  "Parent Relationship": "Outer",
                  "Parallel Aware": true,
                  "Join Type": "Inner",
                  "Startup Cost": 73395.7,
                  "Total Cost": 118068.73,
                  "Plan Rows": 47495,
                  "Plan Width": 0,
                  "Actual Startup Time": 253.472,
                  "Actual Total Time": 438.762,
                  "Actual Rows": 43848,
                  "Actual Loops": 4,
                  "Inner Unique": false,
                  "Hash Cond": "(mk.movie_id = t.id)",
                  "Plans": [
                    {
                      "Node Type": "Seq Scan",
                      "Parent Relationship": "Outer",
                      "Parallel Aware": true,
                      "Relation Name": "movie_keyword",
                      "Alias": "mk",
                      "Startup Cost": 0.0,
                      "Total Cost": 39047.32,
                      "Plan Rows": 1459332,
                      "Plan Width": 4,
                      "Actual Startup Time": 0.031,
                      "Actual Total Time": 88.742,
                      "Actual Rows": 1130982,
                      "Actual Loops": 4
                    },
                    {
                      "Node Type": "Hash",
                      "Parent Relationship": "Inner",
                      "Parallel Aware": true,
                      "Startup Cost": 73063.89,
                      "Total Cost": 73063.89,
                      "Plan Rows": 26545,
                      "Plan Width": 8,
                      "Actual Startup Time": 252.534,
                      "Actual Total Time": 252.539,
                      "Actual Rows": 30759,
                      "Actual Loops": 4,
                      "Hash Buckets": 131072,
                      "Original Hash Buckets": 131072,
                      "Hash Batches": 1,
                      "Original Hash Batches": 1,
                      "Peak Memory Usage": 5920,
                      "Plans": [
                        {
                          "Node Type": "Hash Join",
                          "Parent Relationship": "Outer",
                          "Parallel Aware": true,
                          "Join Type": "Inner",
                          "Startup Cost": 53200.93,
                          "Total Cost": 73063.89,
                          "Plan Rows": 26545,
                          "Plan Width": 8,
                          "Actual Startup Time": 189.221,
                          "Actual Total Time": 243.411,
                          "Actual Rows": 30759,
                          "Actual Loops": 4,
                          "Inner Unique": true,
                          "Hash Cond": "(mc.movie_id = t.id)",
                          "Plans": [
                            {
                              "Node Type": "Bitmap Heap Scan",
                              "Parent Relationship": "Outer",
                              "Parallel Aware": true,
                              "Relation Name": "movie_companies",
                              "Alias": "mc",
                              "Startup Cost": 4764.75,
                              "Total Cost": 24441.49,
                              "Plan Rows": 70939,
                              "Plan Width": 4,
                              "Actual Startup Time": 12.395,
                              "Actual Total Time": 40.715,
                              "Actual Rows": 53801,
                              "Actual Loops": 4,
                              "Recheck Cond": "(company_id < 73)",
                              "Rows Removed by Index Recheck": 0,
                              "Exact Heap Blocks": 5294,
                              "Lossy Heap Blocks": 0,
                              "Plans": [
                                {
                                  "Node Type": "Bitmap Index Scan",
                                  "Parent Relationship": "Outer",
                                  "Parallel Aware": false,
                                  "Index Name": "company_id_movie_companies",
                                  "Startup Cost": 0.0,
                                  "Total Cost": 4709.77,
                                  "Plan Rows": 219912,
                                  "Plan Width": 0,
                                  "Actual Startup Time": 10.019,
                                  "Actual Total Time": 10.019,
                                  "Actual Rows": 215203,
                                  "Actual Loops": 1,
                                  "Index Cond": "(company_id < 73)"
                                }
                              ]
                            },
                            {
                              "Node Type": "Hash",
                              "Parent Relationship": "Inner",
                              "Parallel Aware": true,
                              "Startup Cost": 45479.59,
                              "Total Cost": 45479.59,
                              "Plan Rows": 236528,
                              "Plan Width": 4,
                              "Actual Startup Time": 174.597,
                              "Actual Total Time": 174.598,
                              "Actual Rows": 219009,
                              "Actual Loops": 4,
                              "Hash Buckets": 1048576,
                              "Original Hash Buckets": 1048576,
                              "Hash Batches": 1,
                              "Original Hash Batches": 1,
                              "Peak Memory Usage": 42496,
                              "Plans": [
                                {
                                  "Node Type": "Seq Scan",
                                  "Parent Relationship": "Outer",
                                  "Parallel Aware": true,
                                  "Relation Name": "title",
                                  "Alias": "t",
                                  "Startup Cost": 0.0,
                                  "Total Cost": 45479.59,
                                  "Plan Rows": 236528,
                                  "Plan Width": 4,
                                  "Actual Startup Time": 0.016,
                                  "Actual Total Time": 100.161,
                                  "Actual Rows": 219009,
                                  "Actual Loops": 4,
                                  "Filter": "((production_year < 2007) AND (kind_id = 7))",
                                  "Rows Removed by Filter": 413069
                                }
                              ]
                            }
                          ]
                        }
                      ]
                    }
                  ]
                }
              ]
            }
          ]
        }
      ]
    },
    "Planning Time": 0.469,
    "Triggers": [],
    "Execution Time": 466.921
  }
]