[
  {
    "Plan": {
      "Node Type": "Aggregate",
      "Strategy": "Plain",
      "Partial Mode": "Finalize",
      "Parallel Aware": false,
      "Startup Cost": 110275.01,
      "Total Cost": 110275.02,
      "Plan Rows": 1,
      "Plan Width": 8,
      "Actual Startup Time": 278.38,
      "Actual Total Time": 296.351,
      "Actual Rows": 1,
      "Actual Loops": 1,
      "Plans": [
        {
          "Node Type": "Gather",
          "Parent Relationship": "Outer",
          "Parallel Aware": false,
          "Startup Cost": 110274.59,
          "Total Cost": 110275.0,
          "Plan Rows": 4,
          "Plan Width": 8,
          "Actual Startup Time": 275.664,
          "Actual Total Time": 296.337,
          "Actual Rows": 5,
          "Actual Loops": 1,
          "Workers Planned": 4,
          "Workers Launched": 4,
          "Single Copy": false,
          "Plans": [
            {
              "Node Type": "Aggregate",
              "Strategy": "Plain",
              "Partial Mode": "Partial",
              "Parent Relationship": "Outer",
              "Parallel Aware": false,
              "Startup Cost": 109274.59,
              "Total Cost": 109274.6,
              "Plan Rows": 1,
              "Plan Width": 8,
              "Actual Startup Time": 267.227,
              "Actual Total Time": 267.233,
              "Actual Rows": 1,
              "Actual Loops": 5,
              "Plans": [
                {
                  "Node Type": "Nested Loop",
                  "Parent Relationship": "Outer",
                  "Parallel Aware": false,
                  "Join Type": "Inner",
                  "Startup Cost": 25191.01,
                  "Total Cost": 109185.15,
                  "Plan Rows": 35776,
                  "Plan Width": 0,
                  "Actual Startup Time": 84.025,
                  "Actual Total Time": 265.445,
                  "Actual Rows": 35078,
                  "Actual Loops": 5,
                  "Inner Unique": false,
                  "Plans": [
                    {
                      "Node Type": "Hash Join",
                      "Parent Relationship": "Outer",
                      "Parallel Aware": true,
                      "Join Type": "Inner",
                      "Startup Cost": 25190.58,
                      "Total Cost": 71908.41,
                      "Plan Rows": 19994,
                      "Plan Width": 8,
                      "Actual Startup Time": 83.827,
                      "Actual Total Time": 201.648,
                      "Actual Rows": 24607,
                      "Actual Loops": 5,
                      "Inner Unique": false,
                      "Hash Cond": "(t.id = mc.movie_id)",
                      "Plans": [
                        {
                          "Node Type": "Seq Scan",
                          "Parent Relationship": "Outer",
                          "Parallel Aware": true,
                          "Relation Name": "title",
                          "Alias": "t",
                          "Startup Cost": 0.0,
                          "Total Cost": 45479.1,
                          "Plan Rows": 234845,
                          "Plan Width": 4,
                          "Actual Startup Time": 0.013,
                          "Actual Total Time": 79.258,
                          "Actual Rows": 175207,
                          "Actual Loops": 5,
                          "Filter": "((production_year < 2007) AND (kind_id = 7))",
                          "Rows Removed by Filter": 330455
                        },
                        {
                          "Node Type": "Hash",
                          "Parent Relationship": "Inner",
                          "Parallel Aware": true,
                          "Startup Cost": 24322.62,
                          "Total Cost": 24322.62,
                          "Plan Rows": 69437,
                          "Plan Width": 4,
                          "Actual Startup Time": 82.076,
                          "Actual Total Time": 82.078,
                          "Actual Rows": 43041,
                          "Actual Loops": 5,
                          "Hash Buckets": 262144,
                          "Original Hash Buckets": 262144,
                          "Hash Batches": 1,
                          "Original Hash Batches": 1,
                          "Peak Memory Usage": 10560,
                          "Plans": [
                            {
                              "Node Type": "Bitmap Heap Scan",
                              "Parent Relationship": "Outer",
                              "Parallel Aware": true,
                              "Relation Name": "movie_companies",
                              "Alias": "mc",
                              "Startup Cost": 4664.66,
                              "Total Cost": 24322.62,
                              "Plan Rows": 69437,
                              "Plan Width": 4,
                              "Actual Startup Time": 24.684,
                              "Actual Total Time": 64.703,
                              "Actual Rows": 43041,
                              "Actual Loops": 5,
                              "Recheck Cond": "(company_id < 73)",
                              "Rows Removed by Index Recheck": 0,
                              "Exact Heap Blocks": 7550,
                              "Lossy Heap Blocks": 0,
                              "Plans": [
                                {
                                  "Node Type": "Bitmap Index Scan",
                                  "Parent Relationship": "Outer",
                                  "Parallel Aware": false,
                                  "Index Name": "company_id_movie_companies",
                                  "Startup Cost": 0.0,
                                  "Total Cost": 4610.84,
                                  "Plan Rows": 215255,
                                  "Plan Width": 0,
                                  "Actual Startup Time": 22.687,
                                  "Actual Total Time": 22.687,
                                  "Actual Rows": 215203,
                                  "Actual Loops": 1,
                                  "Index Cond": "(company_id < 73)"
                                }
                              ]
                            }
                          ]
                        }
                      ]
                    },
                    {
                      "Node Type": "Index Only Scan",
                      "Parent Relationship": "Inner",
                      "Parallel Aware": false,
                      "Scan Direction": "Forward",
                      "Index Name": "movie_id_movie_keyword",
                      "Relation Name": "movie_keyword",
                      "Alias": "mk",
                      "Startup Cost": 0.43,
                      "Total Cost": 1.41,
                      "Plan Rows": 45,
                      "Plan Width": 4,
                      "Actual Startup Time": 0.002,
                      "Actual Total Time": 0.002,
                      "Actual Rows": 1,
                      "Actual Loops": 123037,
                      "Index Cond": "(movie_id = t.id)",
                      "Rows Removed by Index Recheck": 0,
                      "Heap Fetches": 175392
                    }
                  ]
                }
              ]
            }
          ]
        }
      ]
    },
    "Planning Time": 1.426,
    "Triggers": [],
    "Execution Time": 296.485
  }
]