[
  {
    "Plan": {
      "Node Type": "Aggregate",
      "Strategy": "Plain",
      "Partial Mode": "Finalize",
      "Parallel Aware": false,
      "Startup Cost": 32895.44,
      "Total Cost": 32895.45,
      "Plan Rows": 1,
      "Plan Width": 8,
      "Actual Startup Time": 95.051,
      "Actual Total Time": 102.638,
      "Actual Rows": 1,
      "Actual Loops": 1,
      "Plans": [
        {
          "Node Type": "Gather",
          "Parent Relationship": "Outer",
          "Parallel Aware": false,
          "Startup Cost": 32895.12,
          "Total Cost": 32895.43,
          "Plan Rows": 3,
          "Plan Width": 8,
          "Actual Startup Time": 94.95,
          "Actual Total Time": 102.629,
          "Actual Rows": 4,
          "Actual Loops": 1,
          "Workers Planned": 3,
          "Workers Launched": 3,
          "Single Copy": false,
          "Plans": [
            {
              "Node Type": "Aggregate",
              "Strategy": "Plain",
              "Partial Mode": "Partial",
              "Parent Relationship": "Outer",
              "Parallel Aware": false,
              "Startup Cost": 31895.12,
              "Total Cost": 31895.13,
              "Plan Rows": 1,
              "Plan Width": 8,
              "Actual Startup Time": 88.028,
              "Actual Total Time": 88.029,
              "Actual Rows": 1,
              "Actual Loops": 4,
              "Plans": [
                {
                  "Node Type": "Seq Scan",
                  "Parent Relationship": "Outer",
                  "Parallel Aware": true,
                  "Relation Name": "movie_companies",
                  "Alias": "mc",
                  "Startup Cost": 0.0,
                  "Total Cost": 31414.82,
                  "Plan Rows": 192121,
                  "Plan Width": 0,
                  "Actual Startup Time": 0.041,
                  "Actual Total Time": 75.886,
                  "Actual Rows": 200843,
                  "Actual Loops": 4,
                  "Filter": "((company_id < 10999) AND (company_type_id < 2))",
                  "Rows Removed by Filter": 451440
                }
              ]
            }
          ]
        }
      ]
    },
    "Planning Time": 0.218,
    "Triggers": [],
    "Execution Time": 102.696
  }
]