[
  {
    "Plan": {
      "Node Type": "Aggregate",
      "Strategy": "Plain",
      "Partial Mode": "Finalize",
      "Parallel Aware": false,
      "Startup Cost": 654920.25,
      "Total Cost": 654920.26,
      "Plan Rows": 1,
      "Plan Width": 8,
      "Actual Startup Time": 4097.84,
      "Actual Total Time": 4177.958,
      "Actual Rows": 1,
      "Actual Loops": 1,
      "Plans": [
        {
          "Node Type": "Gather",
          "Parent Relationship": "Outer",
          "Parallel Aware": false,
          "Startup Cost": 654919.63,
          "Total Cost": 654920.24,
          "Plan Rows": 6,
          "Plan Width": 8,
          "Actual Startup Time": 4072.858,
          "Actual Total Time": 4177.947,
          "Actual Rows": 7,
          "Actual Loops": 1,
          "Workers Planned": 6,
          "Workers Launched": 6,
          "Single Copy": false,
          "Plans": [
            {
              "Node Type": "Aggregate",
              "Strategy": "Plain",
              "Partial Mode": "Partial",
              "Parent Relationship": "Outer",
              "Parallel Aware": false,
              "Startup Cost": 653919.63,
              "Total Cost": 653919.64,
              "Plan Rows": 1,
              "Plan Width": 8,
              "Actual Startup Time": 4036.976,
              "Actual Total Time": 4036.982,
              "Actual Rows": 1,
              "Actual Loops": 7,
              "Plans": [
                {
                  "Node Type": "Hash Join",
                  "Parent Relationship": "Outer",
                  "Parallel Aware": true,
                  "Join Type": "Inner",
                  "Startup Cost": 268092.33,
                  "Total Cost": 630130.69,
                  "Plan Rows": 9515576,
                  "Plan Width": 0,
                  "Actual Startup Time": 1379.237,
                  "Actual Total Time": 3703.746,
                  "Actual Rows": 7396732,
                  "Actual Loops": 7,
                  "Inner Unique": false,
                  "Hash Cond": "(ci.movie_id = t.id)",
                  "Plans": [
                    {
                      "Node Type": "Seq Scan",
                      "Parent Relationship": "Outer",
                      "Parallel Aware": true,
                      "Relation Name": "cast_info",
                      "Alias": "ci",
                      "Startup Cost": 0.0,
                      "Total Cost": 328162.03,
                      "Plan Rows": 3958715,
                      "Plan Width": 4,
                      "Actual Startup Time": 223.86,
                      "Actual Total Time": 727.319,
                      "Actual Rows": 3367665,
                      "Actual Loops": 7,
                      "Filter": "(role_id > 1)",
                      "Rows Removed by Filter": 1810098
                    },
                    {
                      "Node Type": "Hash",
                      "Parent Relationship": "Inner",
                      "Parallel Aware": true,
                      "Startup Cost": 252899.17,
                      "Total Cost": 252899.17,
                      "Plan Rows": 1215453,
                      "Plan Width": 8,
                      "Actual Startup Time": 1143.433,
                      "Actual Total Time": 1143.437,
                      "Actual Rows": 448715,
                      "Actual Loops": 7,
                      "Hash Buckets": 8388608,
                      "Original Hash Buckets": 8388608,
                      "Hash Batches": 1,
                      "Original Hash Batches": 1,
                      "Peak Memory Usage": 188544,
                      "Plans": [
                        {
                          "Node Type": "Hash Join",
                          "Parent Relationship": "Outer",
                          "Parallel Aware": true,
                          "Join Type": "Inner",
                          "Startup Cost": 48742.44,
                          "Total Cost": 252899.17,
                          "Plan Rows": 1215453,
                          "Plan Width": 8,
                          "Actual Startup Time": 210.45,
                          "Actual Total Time": 913.883,
                          "Actual Rows": 448715,
                          "Actual Loops": 7,
                          "Inner Unique": true,
                          "Hash Cond": "(mi.movie_id = t.id)",
                          "Plans": [
                            {
                              "Node Type": "Seq Scan",
                              "Parent Relationship": "Outer",
                              "Parallel Aware": true,
                              "Relation Name": "movie_info",
                              "Alias": "mi",
                              "Startup Cost": 0.0,
                              "Total Cost": 198952.16,
                              "Plan Rows": 1982687,
                              "Plan Width": 4,
                              "Actual Startup Time": 15.478,
                              "Actual Total Time": 330.265,
                              "Actual Rows": 1415965,
                              "Actual Loops": 7,
                              "Filter": "(info_type_id > 4)",
                              "Rows Removed by Filter": 703424
                            },
                            {
                              "Node Type": "Hash",
                              "Parent Relationship": "Inner",
                              "Parallel Aware": true,
                              "Startup Cost": 43898.92,
                              "Total Cost": 43898.92,
                              "Plan Rows": 387482,
                              "Plan Width": 4,
                              "Actual Startup Time": 192.506,
                              "Actual Total Time": 192.507,
                              "Actual Rows": 222266,
                              "Actual Loops": 7,
                              "Hash Buckets": 2097152,
                              "Original Hash Buckets": 2097152,
                              "Hash Batches": 1,
                              "Original Hash Batches": 1,
                              "Peak Memory Usage": 77408,
                              "Plans": [
                                {
                                  "Node Type": "Seq Scan",
                                  "Parent Relationship": "Outer",
                                  "Parallel Aware": true,
                                  "Relation Name": "title",
                                  "Alias": "t",
                                  "Startup Cost": 0.0,
                                  "Total Cost": 43898.92,
                                  "Plan Rows": 387482,
                                  "Plan Width": 4,
                                  "Actual Startup Time": 0.058,
                                  "Actual Total Time": 79.936,
                                  "Actual Rows": 222266,
                                  "Actual Loops": 7,
                                  "Filter": "(kind_id > 4)",
                                  "Rows Removed by Filter": 138921
                                }
                              ]
                            }
                          ]
                        }
                      ]
                    }
                  ]
                }
              ]
            }
          ]
        }
      ]
    },
    "Planning Time": 1.368,
    "Triggers": [],
    "Execution Time": 4178.126
  }
]