[
  {
    "Plan": {
      "Node Type": "Aggregate",
      "Strategy": "Plain",
      "Partial Mode": "Finalize",
      "Parallel Aware": false,
      "Startup Cost": 26740.08,
      "Total Cost": 26740.09,
      "Plan Rows": 1,
      "Plan Width": 96,
      "Actual Startup Time": 5791.75,
      "Actual Total Time": 5975.835,
      "Actual Rows": 1,
      "Actual Loops": 1,
      "Plans": [
        {
          "Node Type": "Gather",
          "Parent Relationship": "Outer",
          "Parallel Aware": false,
          "Startup Cost": 26739.86,
          "Total Cost": 26740.07,
          "Plan Rows": 2,
          "Plan Width": 96,
          "Actual Startup Time": 5791.737,
          "Actual Total Time": 5975.825,
          "Actual Rows": 3,
          "Actual Loops": 1,
          "Workers Planned": 2,
          "Workers Launched": 2,
          "Single Copy": false,
          "Plans": [
            {
              "Node Type": "Aggregate",
              "Strategy": "Plain",
              "Partial Mode": "Partial",
              "Parent Relationship": "Outer",
              "Parallel Aware": false,
              "Startup Cost": 25739.86,
              "Total Cost": 25739.87,
              "Plan Rows": 1,
              "Plan Width": 96,
              "Actual Startup Time": 5776.168,
              "Actual Total Time": 5776.174,
              "Actual Rows": 1,
              "Actual Loops": 3,
              "Plans": [
                {
                  "Node Type": "Nested Loop",
                  "Parent Relationship": "Outer",
                  "Parallel Aware": false,
                  "Join Type": "Inner",
                  "Startup Cost": 6.71,
                  "Total Cost": 25739.79,
                  "Plan Rows": 9,
                  "Plan Width": 65,
                  "Actual Startup Time": 43.434,
                  "Actual Total Time": 5772.459,
                  "Actual Rows": 9358,
                  "Actual Loops": 3,
                  "Inner Unique": true,
                  "Plans": [
                    {
                      "Node Type": "Nested Loop",
                      "Parent Relationship": "Outer",
                      "Parallel Aware": false,
                      "Join Type": "Inner",
                      "Startup Cost": 6.28,
                      "Total Cost": 25724.77,
                      "Plan Rows": 22,
                      "Plan Width": 69,
                      "Actual Startup Time": 20.857,
                      "Actual Total Time": 5642.527,
                      "Actual Rows": 18052,
                      "Actual Loops": 3,
                      "Inner Unique": false,
                      "Plans": [
                        {
                          "Node Type": "Nested Loop",
                          "Parent Relationship": "Outer",
                          "Parallel Aware": false,
                          "Join Type": "Inner",
                          "Startup Cost": 5.72,
                          "Total Cost": 25687.27,
                          "Plan Rows": 18,
                          "Plan Width": 77,
                          "Actual Startup Time": 1.971,
                          "Actual Total Time": 2313.431,
                          "Actual Rows": 34172,
                          "Actual Loops": 3,
                          "Inner Unique": true,
                          "Join Filter": "(mi.movie_id = t.id)",
                          "Rows Removed by Join Filter": 0,
                          "Plans": [
                            {
                              "Node Type": "Hash Join",
                              "Parent Relationship": "Outer",
                              "Parallel Aware": false,
                              "Join Type": "Inner",
                              "Startup Cost": 5.29,
                              "Total Cost": 25676.64,
                              "Plan Rows": 18,
                              "Plan Width": 56,
                              "Actual Startup Time": 1.824,
                              "Actual Total Time": 2138.636,
                              "Actual Rows": 34172,
                              "Actual Loops": 3,
                              "Inner Unique": true,
                              "Hash Cond": "(mi.info_type_id = it1.id)",
                              "Plans": [
                                {
                                  "Node Type": "Nested Loop",
                                  "Parent Relationship": "Outer",
                                  "Parallel Aware": false,
                                  "Join Type": "Inner",
                                  "Startup Cost": 2.86,
                                  "Total Cost": 25668.86,
                                  "Plan Rows": 1970,
                                  "Plan Width": 60,
                                  "Actual Startup Time": 1.53,
                                  "Actual Total Time": 2124.981,
                                  "Actual Rows": 34964,
                                  "Actual Loops": 3,
                                  "Inner Unique": false,
                                  "Plans": [
                                    {
                                      "Node Type": "Hash Join",
                                      "Parent Relationship": "Outer",
                                      "Parallel Aware": false,
                                      "Join Type": "Inner",
                                      "Startup Cost": 2.43,
                                      "Total Cost": 15253.6,
                                      "Plan Rows": 5089,
                                      "Plan Width": 9,
                                      "Actual Startup Time": 0.097,
                                      "Actual Total Time": 151.801,
                                      "Actual Rows": 153308,
                                      "Actual Loops": 3,
                                      "Inner Unique": true,
                                      "Hash Cond": "(mi_idx.info_type_id = it2.id)",
                                      "Plans": [
                                        {
                                          "Node Type": "Seq Scan",
                                          "Parent Relationship": "Outer",
                                          "Parallel Aware": true,
                                          "Relation Name": "movie_info_idx",
                                          "Alias": "mi_idx",
                                          "Startup Cost": 0.0,
                                          "Total Cost": 13685.15,
                                          "Plan Rows": 575015,
                                          "Plan Width": 13,
                                          "Actual Startup Time": 0.018,
                                          "Actual Total Time": 59.658,
                                          "Actual Rows": 460012,
                                          "Actual Loops": 3
                                        },
                                        {
                                          "Node Type": "Hash",
                                          "Parent Relationship": "Inner",
                                          "Parallel Aware": false,
                                          "Startup Cost": 2.41,
                                          "Total Cost": 2.41,
                                          "Plan Rows": 1,
                                          "Plan Width": 4,
                                          "Actual Startup Time": 0.039,
                                          "Actual Total Time": 0.04,
                                          "Actual Rows": 1,
                                          "Actual Loops": 3,
                                          "Hash Buckets": 1024,
                                          "Original Hash Buckets": 1024,
                                          "Hash Batches": 1,
                                          "Original Hash Batches": 1,
                                          "Peak Memory Usage": 9,
                                          "Plans": [
                                            {
                                              "Node Type": "Seq Scan",
                                              "Parent Relationship": "Outer",
                                              "Parallel Aware": false,
                                              "Relation Name": "info_type",
                                              "Alias": "it2",
                                              "Startup Cost": 0.0,
                                              "Total Cost": 2.41,
                                              "Plan Rows": 1,
                                              "Plan Width": 4,
                                              "Actual Startup Time": 0.025,
                                              "Actual Total Time": 0.028,
                                              "Actual Rows": 1,
                                              "Actual Loops": 3,
                                              "Filter": "((info)::text = 'votes'::text)",
                                              "Rows Removed by Filter": 112
                                            }
                                          ]
                                        }
                                      ]
                                    },
                                    {
                                      "Node Type": "Index Scan",
                                      "Parent Relationship": "Inner",
                                      "Parallel Aware": false,
                                      "Scan Direction": "Forward",
                                      "Index Name": "movie_id_movie_info",
                                      "Relation Name": "movie_info",
                                      "Alias": "mi",
                                      "Startup Cost": 0.43,
                                      "Total Cost": 2.04,
                                      "Plan Rows": 1,
                                      "Plan Width": 51,
                                      "Actual Startup Time": 0.012,
                                      "Actual Total Time": 0.013,
                                      "Actual Rows": 0,
                                      "Actual Loops": 459925,
                                      "Index Cond": "(movie_id = mi_idx.movie_id)",
                                      "Rows Removed by Index Recheck": 0,
                                      "Filter": "(info = ANY ('{Horror,Action,Sci-Fi,Thriller,Crime,War}'::text[]))",
                                      "Rows Removed by Filter": 15
                                    }
                                  ]
                                },
                                {
                                  "Node Type": "Hash",
                                  "Parent Relationship": "Inner",
                                  "Parallel Aware": false,
                                  "Startup Cost": 2.41,
                                  "Total Cost": 2.41,
                                  "Plan Rows": 1,
                                  "Plan Width": 4,
                                  "Actual Startup Time": 0.077,
                                  "Actual Total Time": 0.078,
                                  "Actual Rows": 1,
                                  "Actual Loops": 3,
                                  "Hash Buckets": 1024,
                                  "Original Hash Buckets": 1024,
                                  "Hash Batches": 1,
                                  "Original Hash Batches": 1,
                                  "Peak Memory Usage": 9,
                                  "Plans": [
                                    {
                                      "Node Type": "Seq Scan",
                                      "Parent Relationship": "Outer",
                                      "Parallel Aware": false,
                                      "Relation Name": "info_type",
                                      "Alias": "it1",
                                      "Startup Cost": 0.0,
                                      "Total Cost": 2.41,
                                      "Plan Rows": 1,
                                      "Plan Width": 4,
                                      "Actual Startup Time": 0.043,
                                      "Actual Total Time": 0.06,
                                      "Actual Rows": 1,
                                      "Actual Loops": 3,
                                      "Filter": "((info)::text = 'genres'::text)",
                                      "Rows Removed by Filter": 112
                                    }
                                  ]
                                }
                              ]
                            },
                            {
                              "Node Type": "Index Scan",
                              "Parent Relationship": "Inner",
                              "Parallel Aware": false,
                              "Scan Direction": "Forward",
                              "Index Name": "title_pkey",
                              "Relation Name": "title",
                              "Alias": "t",
                              "Startup Cost": 0.43,
                              "Total Cost": 0.58,
                              "Plan Rows": 1,
                              "Plan Width": 21,
                              "Actual Startup Time": 0.004,
                              "Actual Total Time": 0.004,
                              "Actual Rows": 1,
                              "Actual Loops": 102516,
                              "Index Cond": "(id = mi_idx.movie_id)",
                              "Rows Removed by Index Recheck": 0
                            }
                          ]
                        },
                        {
                          "Node Type": "Index Scan",
                          "Parent Relationship": "Inner",
                          "Parallel Aware": false,
                          "Scan Direction": "Forward",
                          "Index Name": "movie_id_cast_info",
                          "Relation Name": "cast_info",
                          "Alias": "ci",
                          "Startup Cost": 0.56,
                          "Total Cost": 2.07,
                          "Plan Rows": 1,
                          "Plan Width": 8,
                          "Actual Startup Time": 0.087,
                          "Actual Total Time": 0.097,
                          "Actual Rows": 1,
                          "Actual Loops": 102516,
                          "Index Cond": "(movie_id = t.id)",
                          "Rows Removed by Index Recheck": 0,
                          "Filter": "(note = ANY ('{(writer),\"(head writer)\",\"(written by)\",(story),\"(story editor)\"}'::text[]))",
                          "Rows Removed by Filter": 39
                        }
                      ]
                    },
                    {
                      "Node Type": "Index Scan",
                      "Parent Relationship": "Inner",
                      "Parallel Aware": false,
                      "Scan Direction": "Forward",
                      "Index Name": "name_pkey",
                      "Relation Name": "name",
                      "Alias": "n",
                      "Startup Cost": 0.43,
                      "Total Cost": 0.68,
                      "Plan Rows": 1,
                      "Plan Width": 4,
                      "Actual Startup Time": 0.007,
                      "Actual Total Time": 0.007,
                      "Actual Rows": 1,
                      "Actual Loops": 54155,
                      "Index Cond": "(id = ci.person_id)",
                      "Rows Removed by Index Recheck": 0,
                      "Filter": "((gender)::text = 'm'::text)",
                      "Rows Removed by Filter": 0
                    }
                  ]
                }
              ]
            }
          ]
        }
      ]
    },
    "Planning Time": 13.155,
    "Triggers": [],
    "Execution Time": 5976.48
  }
]