{
  "Plan": {
    "Node Type": "Aggregate",
    "Strategy": "Plain",
    "Partial Mode": "Simple",
    "Parallel Aware": false,
    "Startup Cost": 21188.21,
    "Total Cost": 21188.22,
    "Plan Rows": 1,
    "Plan Width": 96,
    "Actual Startup Time": 193.24,
    "Actual Total Time": 193.245,
    "Actual Rows": 1,
    "Actual Loops": 1,
    "Plans": [
      {
        "Node Type": "Nested Loop",
        "Parent Relationship": "Outer",
        "Parallel Aware": false,
        "Join Type": "Inner",
        "Startup Cost": 6161.04,
        "Total Cost": 21188.2,
        "Plan Rows": 1,
        "Plan Width": 42,
        "Actual Startup Time": 42.028,
        "Actual Total Time": 193.136,
        "Actual Rows": 397,
        "Actual Loops": 1,
        "Inner Unique": true,
        "Plans": [
          {
            "Node Type": "Nested Loop",
            "Parent Relationship": "Outer",
            "Parallel Aware": false,
            "Join Type": "Inner",
            "Startup Cost": 6160.62,
            "Total Cost": 21187.76,
            "Plan Rows": 1,
            "Plan Width": 27,
            "Actual Startup Time": 41.305,
            "Actual Total Time": 189.86,
            "Actual Rows": 708,
            "Actual Loops": 1,
            "Inner Unique": true,
            "Plans": [
              {
                "Node Type": "Nested Loop",
                "Parent Relationship": "Outer",
                "Parallel Aware": false,
                "Join Type": "Inner",
                "Startup Cost": 6160.49,
                "Total Cost": 21187.59,
                "Plan Rows": 1,
                "Plan Width": 31,
                "Actual Startup Time": 41.296,
                "Actual Total Time": 188.347,
                "Actual Rows": 1934,
                "Actual Loops": 1,
                "Inner Unique": false,
                "Plans": [
                  {
                    "Node Type": "Nested Loop",
                    "Parent Relationship": "Outer",
                    "Parallel Aware": false,
                    "Join Type": "Inner",
                    "Startup Cost": 6160.06,
                    "Total Cost": 21186.77,
                    "Plan Rows": 1,
                    "Plan Width": 35,
                    "Actual Startup Time": 41.283,
                    "Actual Total Time": 184.766,
                    "Actual Rows": 557,
                    "Actual Loops": 1,
                    "Inner Unique": true,
                    "Plans": [
                      {
                        "Node Type": "Nested Loop",
                        "Parent Relationship": "Outer",
                        "Parallel Aware": false,
                        "Join Type": "Inner",
                        "Startup Cost": 6159.92,
                        "Total Cost": 21185.45,
                        "Plan Rows": 8,
                        "Plan Width": 39,
                        "Actual Startup Time": 41.275,
                        "Actual Total Time": 184.153,
                        "Actual Rows": 557,
                        "Actual Loops": 1,
                        "Inner Unique": false,
                        "Plans": [
                          {
                            "Node Type": "Nested Loop",
                            "Parent Relationship": "Outer",
                            "Parallel Aware": false,
                            "Join Type": "Inner",
                            "Startup Cost": 6159.48,
                            "Total Cost": 20940.01,
                            "Plan Rows": 77,
                            "Plan Width": 31,
                            "Actual Startup Time": 35.043,
                            "Actual Total Time": 129.75,
                            "Actual Rows": 4047,
                            "Actual Loops": 1,
                            "Inner Unique": true,
                            "Plans": [
                              {
                                "Node Type": "Nested Loop",
                                "Parent Relationship": "Outer",
                                "Parallel Aware": false,
                                "Join Type": "Inner",
                                "Startup Cost": 6159.05,
                                "Total Cost": 19393.87,
                                "Plan Rows": 433,
                                "Plan Width": 10,
                                "Actual Startup Time": 34.522,
                                "Actual Total Time": 86.427,
                                "Actual Rows": 15849,
                                "Actual Loops": 1,
                                "Inner Unique": false,
                                "Plans": [
                                  {
                                    "Node Type": "Seq Scan",
                                    "Parent Relationship": "Outer",
                                    "Parallel Aware": false,
                                    "Relation Name": "info_type",
                                    "Alias": "it2",
                                    "Startup Cost": 0.0,
                                    "Total Cost": 2.41,
                                    "Plan Rows": 1,
                                    "Plan Width": 4,
                                    "Actual Startup Time": 0.045,
                                    "Actual Total Time": 0.05,
                                    "Actual Rows": 1,
                                    "Actual Loops": 1,
                                    "Filter": "((info)::text = 'rating'::text)",
                                    "Rows Removed by Filter": 112
                                  },
                                  {
                                    "Node Type": "Bitmap Heap Scan",
                                    "Parent Relationship": "Inner",
                                    "Parallel Aware": false,
                                    "Relation Name": "movie_info_idx",
                                    "Alias": "mi_idx",
                                    "Startup Cost": 6159.05,
                                    "Total Cost": 19269.19,
                                    "Plan Rows": 12227,
                                    "Plan Width": 14,
                                    "Actual Startup Time": 34.466,
                                    "Actual Total Time": 85.177,
                                    "Actual Rows": 15849,
                                    "Actual Loops": 1,
                                    "Recheck Cond": "(info_type_id = it2.id)",
                                    "Rows Removed by Index Recheck": 0,
                                    "Filter": "(info > '8.0'::text)",
                                    "Rows Removed by Filter": 444076,
                                    "Exact Heap Blocks": 7934,
                                    "Lossy Heap Blocks": 0,
                                    "Plans": [
                                      {
                                        "Node Type": "Bitmap Index Scan",
                                        "Parent Relationship": "Outer",
                                        "Parallel Aware": false,
                                        "Index Name": "info_type_id_movie_info_idx",
                                        "Startup Cost": 0.0,
                                        "Total Cost": 6155.99,
                                        "Plan Rows": 345009,
                                        "Plan Width": 0,
                                        "Actual Startup Time": 33.169,
                                        "Actual Total Time": 33.17,
                                        "Actual Rows": 459925,
                                        "Actual Loops": 1,
                                        "Index Cond": "(info_type_id = it2.id)"
                                      }
                                    ]
                                  }
                                ]
                              },
                              {
                                "Node Type": "Index Scan",
                                "Parent Relationship": "Inner",
                                "Parallel Aware": false,
                                "Scan Direction": "Forward",
                                "Index Name": "title_pkey",
                                "Relation Name": "title",
                                "Alias": "t",
                                "Startup Cost": 0.43,
                                "Total Cost": 3.57,
                                "Plan Rows": 1,
                                "Plan Width": 21,
                                "Actual Startup Time": 0.003,
                                "Actual Total Time": 0.003,
                                "Actual Rows": 0,
                                "Actual Loops": 15849,
                                "Index Cond": "(id = mi_idx.movie_id)",
                                "Rows Removed by Index Recheck": 0,
                                "Filter": "((production_year >= 2005) AND (production_year <= 2008))",
                                "Rows Removed by Filter": 1
                              }
                            ]
                          },
                          {
                            "Node Type": "Index Scan",
                            "Parent Relationship": "Inner",
                            "Parallel Aware": false,
                            "Scan Direction": "Forward",
                            "Index Name": "movie_id_movie_info",
                            "Relation Name": "movie_info",
                            "Alias": "mi",
                            "Startup Cost": 0.43,
                            "Total Cost": 3.18,
                            "Plan Rows": 1,
                            "Plan Width": 8,
                            "Actual Startup Time": 0.013,
                            "Actual Total Time": 0.013,
                            "Actual Rows": 0,
                            "Actual Loops": 4047,
                            "Index Cond": "(movie_id = t.id)",
                            "Rows Removed by Index Recheck": 0,
                            "Filter": "(info = ANY ('{Drama,Horror}'::text[]))",
                            "Rows Removed by Filter": 21
                          }
                        ]
                      },
                      {
                        "Node Type": "Index Scan",
                        "Parent Relationship": "Inner",
                        "Parallel Aware": false,
                        "Scan Direction": "Forward",
                        "Index Name": "info_type_pkey",
                        "Relation Name": "info_type",
                        "Alias": "it1",
                        "Startup Cost": 0.14,
                        "Total Cost": 0.16,
                        "Plan Rows": 1,
                        "Plan Width": 4,
                        "Actual Startup Time": 0.001,
                        "Actual Total Time": 0.001,
                        "Actual Rows": 1,
                        "Actual Loops": 557,
                        "Index Cond": "(id = mi.info_type_id)",
                        "Rows Removed by Index Recheck": 0,
                        "Filter": "((info)::text = 'genres'::text)",
                        "Rows Removed by Filter": 0
                      }
                    ]
                  },
                  {
                    "Node Type": "Index Scan",
                    "Parent Relationship": "Inner",
                    "Parallel Aware": false,
                    "Scan Direction": "Forward",
                    "Index Name": "movie_id_movie_companies",
                    "Relation Name": "movie_companies",
                    "Alias": "mc",
                    "Startup Cost": 0.43,
                    "Total Cost": 0.77,
                    "Plan Rows": 5,
                    "Plan Width": 12,
                    "Actual Startup Time": 0.005,
                    "Actual Total Time": 0.006,
                    "Actual Rows": 3,
                    "Actual Loops": 557,
                    "Index Cond": "(movie_id = t.id)",
                    "Rows Removed by Index Recheck": 0
                  }
                ]
              },
              {
                "Node Type": "Index Scan",
                "Parent Relationship": "Inner",
                "Parallel Aware": false,
                "Scan Direction": "Forward",
                "Index Name": "company_type_pkey",
                "Relation Name": "company_type",
                "Alias": "ct",
                "Startup Cost": 0.13,
                "Total Cost": 0.15,
                "Plan Rows": 1,
                "Plan Width": 4,
                "Actual Startup Time": 0.001,
                "Actual Total Time": 0.001,
                "Actual Rows": 0,
                "Actual Loops": 1934,
                "Index Cond": "(id = mc.company_type_id)",
                "Rows Removed by Index Recheck": 0,
                "Filter": "((kind)::text = 'production companies'::text)",
                "Rows Removed by Filter": 1
              }
            ]
          },
          {
            "Node Type": "Index Scan",
            "Parent Relationship": "Inner",
            "Parallel Aware": false,
            "Scan Direction": "Forward",
            "Index Name": "company_name_pkey",
            "Relation Name": "company_name",
            "Alias": "cn",
            "Startup Cost": 0.42,
            "Total Cost": 0.45,
            "Plan Rows": 1,
            "Plan Width": 23,
            "Actual Startup Time": 0.004,
            "Actual Total Time": 0.004,
            "Actual Rows": 1,
            "Actual Loops": 708,
            "Index Cond": "(id = mc.company_id)",
            "Rows Removed by Index Recheck": 0,
            "Filter": "((country_code)::text = '[us]'::text)",
            "Rows Removed by Filter": 0
          }
        ]
      }
    ]
  },
  "Planning Time": 1.538,
  "Triggers": [],
  "Execution Time": 193.387
}