{
  "Plan": {
    "Node Type": "Aggregate",
    "Strategy": "Plain",
    "Partial Mode": "Finalize",
    "Parallel Aware": false,
    "Startup Cost": 79156.78,
    "Total Cost": 79156.79,
    "Plan Rows": 1,
    "Plan Width": 8,
    "Actual Startup Time": 291.862,
    "Actual Total Time": 317.394,
    "Actual Rows": 1,
    "Actual Loops": 1,
    "Plans": [
      {
        "Node Type": "Gather",
        "Parent Relationship": "Outer",
        "Parallel Aware": false,
        "Startup Cost": 79156.67,
        "Total Cost": 79156.78,
        "Plan Rows": 1,
        "Plan Width": 8,
        "Actual Startup Time": 291.751,
        "Actual Total Time": 317.377,
        "Actual Rows": 2,
        "Actual Loops": 1,
        "Workers Planned": 1,
        "Workers Launched": 1,
        "Single Copy": false,
        "Plans": [
          {
            "Node Type": "Aggregate",
            "Strategy": "Plain",
            "Partial Mode": "Partial",
            "Parent Relationship": "Outer",
            "Parallel Aware": false,
            "Startup Cost": 78156.67,
            "Total Cost": 78156.68,
            "Plan Rows": 1,
            "Plan Width": 8,
            "Actual Startup Time": 287.154,
            "Actual Total Time": 287.157,
            "Actual Rows": 1,
            "Actual Loops": 2,
            "Plans": [
              {
                "Node Type": "Nested Loop",
                "Parent Relationship": "Outer",
                "Parallel Aware": false,
                "Join Type": "Inner",
                "Startup Cost": 54636.67,
                "Total Cost": 78148.64,
                "Plan Rows": 3210,
                "Plan Width": 0,
                "Actual Startup Time": 124.718,
                "Actual Total Time": 286.893,
                "Actual Rows": 3080,
                "Actual Loops": 2,
                "Inner Unique": false,
                "Join Filter": "(t.id = ci.movie_id)",
                "Rows Removed by Join Filter": 0,
                "Plans": [
                  {
                    "Node Type": "Hash Join",
                    "Parent Relationship": "Outer",
                    "Parallel Aware": true,
                    "Join Type": "Inner",
                    "Startup Cost": 54636.1,
                    "Total Cost": 72819.89,
                    "Plan Rows": 2084,
                    "Plan Width": 8,
                    "Actual Startup Time": 124.059,
                    "Actual Total Time": 218.055,
                    "Actual Rows": 2642,
                    "Actual Loops": 2,
                    "Inner Unique": true,
                    "Hash Cond": "(mi_idx.movie_id = t.id)",
                    "Plans": [
                      {
                        "Node Type": "Seq Scan",
                        "Parent Relationship": "Outer",
                        "Parallel Aware": true,
                        "Relation Name": "movie_info_idx",
                        "Alias": "mi_idx",
                        "Startup Cost": 0.0,
                        "Total Cost": 16052.85,
                        "Plan Rows": 811785,
                        "Plan Width": 4,
                        "Actual Startup Time": 0.017,
                        "Actual Total Time": 44.235,
                        "Actual Rows": 690018,
                        "Actual Loops": 2
                      },
                      {
                        "Node Type": "Hash",
                        "Parent Relationship": "Inner",
                        "Parallel Aware": true,
                        "Startup Cost": 54588.39,
                        "Total Cost": 54588.39,
                        "Plan Rows": 3817,
                        "Plan Width": 4,
                        "Actual Startup Time": 122.866,
                        "Actual Total Time": 122.867,
                        "Actual Rows": 4004,
                        "Actual Loops": 2,
                        "Hash Buckets": 8192,
                        "Original Hash Buckets": 8192,
                        "Hash Batches": 1,
                        "Original Hash Batches": 1,
                        "Peak Memory Usage": 416,
                        "Plans": [
                          {
                            "Node Type": "Seq Scan",
                            "Parent Relationship": "Outer",
                            "Parallel Aware": true,
                            "Relation Name": "title",
                            "Alias": "t",
                            "Startup Cost": 0.0,
                            "Total Cost": 54588.39,
                            "Plan Rows": 3817,
                            "Plan Width": 4,
                            "Actual Startup Time": 0.112,
                            "Actual Total Time": 121.368,
                            "Actual Rows": 4004,
                            "Actual Loops": 2,
                            "Filter": "(production_year = 1955)",
                            "Rows Removed by Filter": 1260152
                          }
                        ]
                      }
                    ]
                  },
                  {
                    "Node Type": "Index Scan",
                    "Parent Relationship": "Inner",
                    "Parallel Aware": false,
                    "Scan Direction": "Forward",
                    "Index Name": "movie_id_cast_info",
                    "Relation Name": "cast_info",
                    "Alias": "ci",
                    "Startup Cost": 0.56,
                    "Total Cost": 2.51,
                    "Plan Rows": 4,
                    "Plan Width": 4,
                    "Actual Startup Time": 0.02,
                    "Actual Total Time": 0.026,
                    "Actual Rows": 1,
                    "Actual Loops": 5284,
                    "Index Cond": "(movie_id = mi_idx.movie_id)",
                    "Rows Removed by Index Recheck": 0,
                    "Filter": "((person_id < 3802323) AND (role_id = 3))",
                    "Rows Removed by Filter": 24
                  }
                ]
              }
            ]
          }
        ]
      }
    ]
  },
  "Planning Time": 0.445,
  "Triggers": [],
  "Execution Time": 317.449
}