[
  {
    "Plan": {
      "Node Type": "Aggregate",
      "Strategy": "Plain",
      "Partial Mode": "Finalize",
      "Parallel Aware": false,
      "Startup Cost": 32312.01,
      "Total Cost": 32312.02,
      "Plan Rows": 1,
      "Plan Width": 8,
      "Actual Startup Time": 98.134,
      "Actual Total Time": 107.595,
      "Actual Rows": 1,
      "Actual Loops": 1,
      "Plans": [
        {
          "Node Type": "Gather",
          "Parent Relationship": "Outer",
          "Parallel Aware": false,
          "Startup Cost": 32311.69,
          "Total Cost": 32312.0,
          "Plan Rows": 3,
          "Plan Width": 8,
          "Actual Startup Time": 97.884,
          "Actual Total Time": 107.586,
          "Actual Rows": 4,
          "Actual Loops": 1,
          "Workers Planned": 3,
          "Workers Launched": 3,
          "Single Copy": false,
          "Plans": [
            {
              "Node Type": "Aggregate",
              "Strategy": "Plain",
              "Partial Mode": "Partial",
              "Parent Relationship": "Outer",
              "Parallel Aware": false,
              "Startup Cost": 31311.69,
              "Total Cost": 31311.7,
              "Plan Rows": 1,
              "Plan Width": 8,
              "Actual Startup Time": 91.442,
              "Actual Total Time": 91.444,
              "Actual Rows": 1,
              "Actual Loops": 4,
              "Plans": [
                {
                  "Node Type": "Bitmap Heap Scan",
                  "Parent Relationship": "Outer",
                  "Parallel Aware": true,
                  "Relation Name": "movie_keyword",
                  "Alias": "mk",
                  "Startup Cost": 5584.18,
                  "Total Cost": 31099.44,
                  "Plan Rows": 84901,
                  "Plan Width": 0,
                  "Actual Startup Time": 29.236,
                  "Actual Total Time": 87.242,
                  "Actual Rows": 63515,
                  "Actual Loops": 4,
                  "Recheck Cond": "(keyword_id > 59979)",
                  "Rows Removed by Index Recheck": 0,
                  "Exact Heap Blocks": 11422,
                  "Lossy Heap Blocks": 0,
                  "Plans": [
                    {
                      "Node Type": "Bitmap Index Scan",
                      "Parent Relationship": "Outer",
                      "Parallel Aware": false,
                      "Index Name": "keyword_id_movie_keyword",
                      "Startup Cost": 0.0,
                      "Total Cost": 5518.38,
                      "Plan Rows": 263193,
                      "Plan Width": 0,
                      "Actual Startup Time": 31.141,
                      "Actual Total Time": 31.141,
                      "Actual Rows": 254059,
                      "Actual Loops": 1,
                      "Index Cond": "(keyword_id > 59979)"
                    }
                  ]
                }
              ]
            }
          ]
        }
      ]
    },
    "Planning Time": 0.181,
    "Triggers": [],
    "Execution Time": 107.669
  }
]