[
  {
    "Plan": {
      "Node Type": "Aggregate",
      "Strategy": "Plain",
      "Partial Mode": "Finalize",
      "Parallel Aware": false,
      "Startup Cost": 215611.28,
      "Total Cost": 215611.29,
      "Plan Rows": 1,
      "Plan Width": 8,
      "Actual Startup Time": 128.082,
      "Actual Total Time": 139.751,
      "Actual Rows": 1,
      "Actual Loops": 1,
      "Plans": [
        {
          "Node Type": "Gather",
          "Parent Relationship": "Outer",
          "Parallel Aware": false,
          "Startup Cost": 215610.76,
          "Total Cost": 215611.27,
          "Plan Rows": 5,
          "Plan Width": 8,
          "Actual Startup Time": 126.317,
          "Actual Total Time": 139.745,
          "Actual Rows": 6,
          "Actual Loops": 1,
          "Workers Planned": 5,
          "Workers Launched": 5,
          "Single Copy": false,
          "Plans": [
            {
              "Node Type": "Aggregate",
              "Strategy": "Plain",
              "Partial Mode": "Partial",
              "Parent Relationship": "Outer",
              "Parallel Aware": false,
              "Startup Cost": 214610.76,
              "Total Cost": 214610.77,
              "Plan Rows": 1,
              "Plan Width": 8,
              "Actual Startup Time": 118.915,
              "Actual Total Time": 118.918,
              "Actual Rows": 1,
              "Actual Loops": 6,
              "Plans": [
                {
                  "Node Type": "Hash Join",
                  "Parent Relationship": "Outer",
                  "Parallel Aware": true,
                  "Join Type": "Inner",
                  "Startup Cost": 49969.25,
                  "Total Cost": 214601.9,
                  "Plan Rows": 3544,
                  "Plan Width": 0,
                  "Actual Startup Time": 111.718,
                  "Actual Total Time": 118.794,
                  "Actual Rows": 2317,
                  "Actual Loops": 6,
                  "Inner Unique": true,
                  "Hash Cond": "(mi.movie_id = t.id)",
                  "Plans": [
                    {
                      "Node Type": "Bitmap Heap Scan",
                      "Parent Relationship": "Outer",
                      "Parallel Aware": true,
                      "Relation Name": "movie_info",
                      "Alias": "mi",
                      "Startup Cost": 5618.66,
                      "Total Cost": 170088.58,
                      "Plan Rows": 61993,
                      "Plan Width": 4,
                      "Actual Startup Time": 11.762,
                      "Actual Total Time": 26.155,
                      "Actual Rows": 51131,
                      "Actual Loops": 6,
                      "Recheck Cond": "(info_type_id > 105)",
                      "Rows Removed by Index Recheck": 0,
                      "Exact Heap Blocks": 1313,
                      "Lossy Heap Blocks": 0,
                      "Plans": [
                        {
                          "Node Type": "Bitmap Index Scan",
                          "Parent Relationship": "Outer",
                          "Parallel Aware": false,
                          "Index Name": "info_type_id_movie_info",
                          "Startup Cost": 0.0,
                          "Total Cost": 5541.16,
                          "Plan Rows": 309964,
                          "Plan Width": 0,
                          "Actual Startup Time": 10.957,
                          "Actual Total Time": 10.957,
                          "Actual Rows": 306788,
                          "Actual Loops": 1,
                          "Index Cond": "(info_type_id > 105)"
                        }
                      ]
                    },
                    {
                      "Node Type": "Hash",
                      "Parent Relationship": "Inner",
                      "Parallel Aware": true,
                      "Startup Cost": 43898.92,
                      "Total Cost": 43898.92,
                      "Plan Rows": 36134,
                      "Plan Width": 4,
                      "Actual Startup Time": 86.032,
                      "Actual Total Time": 86.033,
                      "Actual Rows": 23617,
                      "Actual Loops": 6,
                      "Hash Buckets": 262144,
                      "Original Hash Buckets": 262144,
                      "Hash Batches": 1,
                      "Original Hash Batches": 1,
                      "Peak Memory Usage": 7680,
                      "Plans": [
                        {
                          "Node Type": "Seq Scan",
                          "Parent Relationship": "Outer",
                          "Parallel Aware": true,
                          "Relation Name": "title",
                          "Alias": "t",
                          "Startup Cost": 0.0,
                          "Total Cost": 43898.92,
                          "Plan Rows": 36134,
                          "Plan Width": 4,
                          "Actual Startup Time": 0.028,
                          "Actual Total Time": 74.933,
                          "Actual Rows": 23617,
                          "Actual Loops": 6,
                          "Filter": "(production_year = 2010)",
                          "Rows Removed by Filter": 397768
                        }
                      ]
                    }
                  ]
                }
              ]
            }
          ]
        }
      ]
    },
    "Planning Time": 0.286,
    "Triggers": [],
    "Execution Time": 139.798
  }
]