[
  {
    "Plan": {
      "Node Type": "Aggregate",
      "Strategy": "Plain",
      "Partial Mode": "Finalize",
      "Parallel Aware": false,
      "Startup Cost": 73170.14,
      "Total Cost": 73170.15,
      "Plan Rows": 1,
      "Plan Width": 8,
      "Actual Startup Time": 407.234,
      "Actual Total Time": 426.105,
      "Actual Rows": 1,
      "Actual Loops": 1,
      "Plans": [
        {
          "Node Type": "Gather",
          "Parent Relationship": "Outer",
          "Parallel Aware": false,
          "Startup Cost": 73169.82,
          "Total Cost": 73170.13,
          "Plan Rows": 3,
          "Plan Width": 8,
          "Actual Startup Time": 392.698,
          "Actual Total Time": 426.097,
          "Actual Rows": 4,
          "Actual Loops": 1,
          "Workers Planned": 3,
          "Workers Launched": 3,
          "Single Copy": false,
          "Plans": [
            {
              "Node Type": "Aggregate",
              "Strategy": "Plain",
              "Partial Mode": "Partial",
              "Parent Relationship": "Outer",
              "Parallel Aware": false,
              "Startup Cost": 72169.82,
              "Total Cost": 72169.83,
              "Plan Rows": 1,
              "Plan Width": 8,
              "Actual Startup Time": 382.224,
              "Actual Total Time": 382.229,
              "Actual Rows": 1,
              "Actual Loops": 4,
              "Plans": [
                {
                  "Node Type": "Hash Join",
                  "Parent Relationship": "Outer",
                  "Parallel Aware": true,
                  "Join Type": "Inner",
                  "Startup Cost": 52723.48,
                  "Total Cost": 72076.72,
                  "Plan Rows": 37239,
                  "Plan Width": 0,
                  "Actual Startup Time": 356.872,
                  "Actual Total Time": 380.84,
                  "Actual Rows": 28391,
                  "Actual Loops": 4,
                  "Inner Unique": true,
                  "Hash Cond": "(mc.movie_id = t.id)",
                  "Plans": [
                    {
                      "Node Type": "Bitmap Heap Scan",
                      "Parent Relationship": "Outer",
                      "Parallel Aware": true,
                      "Relation Name": "movie_companies",
                      "Alias": "mc",
                      "Startup Cost": 2503.1,
                      "Total Cost": 21758.59,
                      "Plan Rows": 37239,
                      "Plan Width": 4,
                      "Actual Startup Time": 8.83,
                      "Actual Total Time": 17.901,
                      "Actual Rows": 28391,
                      "Actual Loops": 4,
                      "Recheck Cond": "(company_id > 149889)",
                      "Rows Removed by Index Recheck": 0,
                      "Exact Heap Blocks": 1033,
                      "Lossy Heap Blocks": 0,
                      "Plans": [
                        {
                          "Node Type": "Bitmap Index Scan",
                          "Parent Relationship": "Outer",
                          "Parallel Aware": false,
                          "Index Name": "company_id_movie_companies",
                          "Startup Cost": 0.0,
                          "Total Cost": 2474.24,
                          "Plan Rows": 115441,
                          "Plan Width": 0,
                          "Actual Startup Time": 7.997,
                          "Actual Total Time": 7.998,
                          "Actual Rows": 113565,
                          "Actual Loops": 1,
                          "Index Cond": "(company_id > 149889)"
                        }
                      ]
                    },
                    {
                      "Node Type": "Hash",
                      "Parent Relationship": "Inner",
                      "Parallel Aware": true,
                      "Startup Cost": 42319.06,
                      "Total Cost": 42319.06,
                      "Plan Rows": 632106,
                      "Plan Width": 4,
                      "Actual Startup Time": 340.557,
                      "Actual Total Time": 340.558,
                      "Actual Rows": 632078,
                      "Actual Loops": 4,
                      "Hash Buckets": 4194304,
                      "Original Hash Buckets": 4194304,
                      "Hash Batches": 1,
                      "Original Hash Batches": 1,
                      "Peak Memory Usage": 131712,
                      "Plans": [
                        {
                          "Node Type": "Seq Scan",
                          "Parent Relationship": "Outer",
                          "Parallel Aware": true,
                          "Relation Name": "title",
                          "Alias": "t",
                          "Startup Cost": 0.0,
                          "Total Cost": 42319.06,
                          "Plan Rows": 632106,
                          "Plan Width": 4,
                          "Actual Startup Time": 0.037,
                          "Actual Total Time": 101.304,
                          "Actual Rows": 632078,
                          "Actual Loops": 4
                        }
                      ]
                    }
                  ]
                }
              ]
            }
          ]
        }
      ]
    },
    "Planning Time": 0.42,
    "Triggers": [],
    "Execution Time": 426.145
  }
]