[
  {
    "Plan": {
      "Node Type": "Aggregate",
      "Strategy": "Plain",
      "Partial Mode": "Finalize",
      "Parallel Aware": false,
      "Startup Cost": 255972.94,
      "Total Cost": 255972.95,
      "Plan Rows": 1,
      "Plan Width": 8,
      "Actual Startup Time": 2810.894,
      "Actual Total Time": 2891.368,
      "Actual Rows": 1,
      "Actual Loops": 1,
      "Plans": [
        {
          "Node Type": "Gather",
          "Parent Relationship": "Outer",
          "Parallel Aware": false,
          "Startup Cost": 255972.62,
          "Total Cost": 255972.93,
          "Plan Rows": 3,
          "Plan Width": 8,
          "Actual Startup Time": 2800.647,
          "Actual Total Time": 2891.347,
          "Actual Rows": 4,
          "Actual Loops": 1,
          "Workers Planned": 3,
          "Workers Launched": 3,
          "Single Copy": false,
          "Plans": [
            {
              "Node Type": "Aggregate",
              "Strategy": "Plain",
              "Partial Mode": "Partial",
              "Parent Relationship": "Outer",
              "Parallel Aware": false,
              "Startup Cost": 254972.62,
              "Total Cost": 254972.63,
              "Plan Rows": 1,
              "Plan Width": 8,
              "Actual Startup Time": 2780.382,
              "Actual Total Time": 2780.385,
              "Actual Rows": 1,
              "Actual Loops": 4,
              "Plans": [
                {
                  "Node Type": "Nested Loop",
                  "Parent Relationship": "Outer",
                  "Parallel Aware": false,
                  "Join Type": "Inner",
                  "Startup Cost": 55740.63,
                  "Total Cost": 254095.3,
                  "Plan Rows": 350927,
                  "Plan Width": 0,
                  "Actual Startup Time": 379.752,
                  "Actual Total Time": 2721.947,
                  "Actual Rows": 1214238,
                  "Actual Loops": 4,
                  "Inner Unique": false,
                  "Plans": [
                    {
                      "Node Type": "Hash Join",
                      "Parent Relationship": "Outer",
                      "Parallel Aware": true,
                      "Join Type": "Inner",
                      "Startup Cost": 55740.06,
                      "Total Cost": 81462.77,
                      "Plan Rows": 83881,
                      "Plan Width": 8,
                      "Actual Startup Time": 379.583,
                      "Actual Total Time": 450.26,
                      "Actual Rows": 66599,
                      "Actual Loops": 4,
                      "Inner Unique": true,
                      "Hash Cond": "(mk.movie_id = t.id)",
                      "Plans": [
                        {
                          "Node Type": "Bitmap Heap Scan",
                          "Parent Relationship": "Outer",
                          "Parallel Aware": true,
                          "Relation Name": "movie_keyword",
                          "Alias": "mk",
                          "Startup Cost": 5519.68,
                          "Total Cost": 31022.2,
                          "Plan Rows": 83881,
                          "Plan Width": 4,
                          "Actual Startup Time": 17.701,
                          "Actual Total Time": 52.811,
                          "Actual Rows": 66599,
                          "Actual Loops": 4,
                          "Recheck Cond": "(keyword_id > 58831)",
                          "Rows Removed by Index Recheck": 0,
                          "Exact Heap Blocks": 5753,
                          "Lossy Heap Blocks": 0,
                          "Plans": [
                            {
                              "Node Type": "Bitmap Index Scan",
                              "Parent Relationship": "Outer",
                              "Parallel Aware": false,
                              "Index Name": "keyword_id_movie_keyword",
                              "Startup Cost": 0.0,
                              "Total Cost": 5454.67,
                              "Plan Rows": 260032,
                              "Plan Width": 0,
                              "Actual Startup Time": 14.59,
                              "Actual Total Time": 14.591,
                              "Actual Rows": 266396,
                              "Actual Loops": 1,
                              "Index Cond": "(keyword_id > 58831)"
                            }
                          ]
                        },
                        {
                          "Node Type": "Hash",
                          "Parent Relationship": "Inner",
                          "Parallel Aware": true,
                          "Startup Cost": 42319.06,
                          "Total Cost": 42319.06,
                          "Plan Rows": 632106,
                          "Plan Width": 4,
                          "Actual Startup Time": 349.912,
                          "Actual Total Time": 349.913,
                          "Actual Rows": 632078,
                          "Actual Loops": 4,
                          "Hash Buckets": 4194304,
                          "Original Hash Buckets": 4194304,
                          "Hash Batches": 1,
                          "Original Hash Batches": 1,
                          "Peak Memory Usage": 131744,
                          "Plans": [
                            {
                              "Node Type": "Seq Scan",
                              "Parent Relationship": "Outer",
                              "Parallel Aware": true,
                              "Relation Name": "title",
                              "Alias": "t",
                              "Startup Cost": 0.0,
                              "Total Cost": 42319.06,
                              "Plan Rows": 632106,
                              "Plan Width": 4,
                              "Actual Startup Time": 0.056,
                              "Actual Total Time": 98.152,
                              "Actual Rows": 632078,
                              "Actual Loops": 4
                            }
                          ]
                        }
                      ]
                    },
                    {
                      "Node Type": "Index Scan",
                      "Parent Relationship": "Inner",
                      "Parallel Aware": false,
                      "Scan Direction": "Forward",
                      "Index Name": "movie_id_cast_info",
                      "Relation Name": "cast_info",
                      "Alias": "ci",
                      "Startup Cost": 0.56,
                      "Total Cost": 1.96,
                      "Plan Rows": 10,
                      "Plan Width": 4,
                      "Actual Startup Time": 0.004,
                      "Actual Total Time": 0.033,
                      "Actual Rows": 18,
                      "Actual Loops": 266396,
                      "Index Cond": "(movie_id = t.id)",
                      "Rows Removed by Index Recheck": 0,
                      "Filter": "((person_id < 3046650) AND (role_id < 2))",
                      "Rows Removed by Filter": 31
                    }
                  ]
                }
              ]
            }
          ]
        }
      ]
    },
    "Planning Time": 1.354,
    "Triggers": [],
    "Execution Time": 2891.503
  }
]