[
  {
    "Plan": {
      "Node Type": "Aggregate",
      "Strategy": "Plain",
      "Partial Mode": "Finalize",
      "Parallel Aware": false,
      "Startup Cost": 311507.37,
      "Total Cost": 311507.38,
      "Plan Rows": 1,
      "Plan Width": 8,
      "Actual Startup Time": 1597.927,
      "Actual Total Time": 1715.985,
      "Actual Rows": 1,
      "Actual Loops": 1,
      "Plans": [
        {
          "Node Type": "Gather",
          "Parent Relationship": "Outer",
          "Parallel Aware": false,
          "Startup Cost": 311506.84,
          "Total Cost": 311507.35,
          "Plan Rows": 5,
          "Plan Width": 8,
          "Actual Startup Time": 1594.965,
          "Actual Total Time": 1715.973,
          "Actual Rows": 6,
          "Actual Loops": 1,
          "Workers Planned": 5,
          "Workers Launched": 5,
          "Single Copy": false,
          "Plans": [
            {
              "Node Type": "Aggregate",
              "Strategy": "Plain",
              "Partial Mode": "Partial",
              "Parent Relationship": "Outer",
              "Parallel Aware": false,
              "Startup Cost": 310506.84,
              "Total Cost": 310506.85,
              "Plan Rows": 1,
              "Plan Width": 8,
              "Actual Startup Time": 1588.443,
              "Actual Total Time": 1588.446,
              "Actual Rows": 1,
              "Actual Loops": 6,
              "Plans": [
                {
                  "Node Type": "Nested Loop",
                  "Parent Relationship": "Outer",
                  "Parallel Aware": false,
                  "Join Type": "Inner",
                  "Startup Cost": 74445.01,
                  "Total Cost": 309688.42,
                  "Plan Rows": 327370,
                  "Plan Width": 0,
                  "Actual Startup Time": 205.068,
                  "Actual Total Time": 1572.697,
                  "Actual Rows": 266507,
                  "Actual Loops": 6,
                  "Inner Unique": false,
                  "Plans": [
                    {
                      "Node Type": "Merge Join",
                      "Parent Relationship": "Outer",
                      "Parallel Aware": false,
                      "Join Type": "Inner",
                      "Startup Cost": 74444.44,
                      "Total Cost": 168130.64,
                      "Plan Rows": 68120,
                      "Plan Width": 8,
                      "Actual Startup Time": 204.853,
                      "Actual Total Time": 574.952,
                      "Actual Rows": 31047,
                      "Actual Loops": 6,
                      "Inner Unique": false,
                      "Merge Cond": "(t.id = mc.movie_id)",
                      "Plans": [
                        {
                          "Node Type": "Index Only Scan",
                          "Parent Relationship": "Outer",
                          "Parallel Aware": true,
                          "Scan Direction": "Forward",
                          "Index Name": "title_pkey",
                          "Relation Name": "title",
                          "Alias": "t",
                          "Startup Cost": 0.43,
                          "Total Cost": 90125.02,
                          "Plan Rows": 505685,
                          "Plan Width": 4,
                          "Actual Startup Time": 0.099,
                          "Actual Total Time": 316.057,
                          "Actual Rows": 420947,
                          "Actual Loops": 6,
                          "Heap Fetches": 2525683
                        },
                        {
                          "Node Type": "Sort",
                          "Parent Relationship": "Inner",
                          "Parallel Aware": false,
                          "Startup Cost": 74443.96,
                          "Total Cost": 75295.46,
                          "Plan Rows": 340600,
                          "Plan Width": 4,
                          "Actual Startup Time": 204.457,
                          "Actual Total Time": 215.63,
                          "Actual Rows": 186284,
                          "Actual Loops": 6,
                          "Sort Key": [
                            "mc.movie_id"
                          ],
                          "Sort Method": "quicksort",
                          "Sort Space Used": 14877,
                          "Sort Space Type": "Memory",
                          "Workers": [
                            {
                              "Worker Number": 0,
                              "Sort Method": "quicksort",
                              "Sort Space Used": 14877,
                              "Sort Space Type": "Memory"
                            },
                            {
                              "Worker Number": 1,
                              "Sort Method": "quicksort",
                              "Sort Space Used": 14877,
                              "Sort Space Type": "Memory"
                            },
                            {
                              "Worker Number": 2,
                              "Sort Method": "quicksort",
                              "Sort Space Used": 14877,
                              "Sort Space Type": "Memory"
                            },
                            {
                              "Worker Number": 3,
                              "Sort Method": "quicksort",
                              "Sort Space Used": 14877,
                              "Sort Space Type": "Memory"
                            },
                            {
                              "Worker Number": 4,
                              "Sort Method": "quicksort",
                              "Sort Space Used": 14877,
                              "Sort Space Type": "Memory"
                            }
                          ],
                          "Plans": [
                            {
                              "Node Type": "Bitmap Heap Scan",
                              "Parent Relationship": "Outer",
                              "Parallel Aware": false,
                              "Relation Name": "movie_companies",
                              "Alias": "mc",
                              "Startup Cost": 14359.95,
                              "Total Cost": 43146.71,
                              "Plan Rows": 340600,
                              "Plan Width": 4,
                              "Actual Startup Time": 109.968,
                              "Actual Total Time": 158.713,
                              "Actual Rows": 186284,
                              "Actual Loops": 6,
                              "Recheck Cond": "(company_id < 966)",
                              "Rows Removed by Index Recheck": 0,
                              "Filter": "(company_type_id > 1)",
                              "Rows Removed by Filter": 473711,
                              "Exact Heap Blocks": 18527,
                              "Lossy Heap Blocks": 0,
                              "Plans": [
                                {
                                  "Node Type": "Bitmap Index Scan",
                                  "Parent Relationship": "Outer",
                                  "Parallel Aware": false,
                                  "Index Name": "company_id_movie_companies",
                                  "Startup Cost": 0.0,
                                  "Total Cost": 14274.81,
                                  "Plan Rows": 666450,
                                  "Plan Width": 0,
                                  "Actual Startup Time": 40.078,
                                  "Actual Total Time": 40.078,
                                  "Actual Rows": 659995,
                                  "Actual Loops": 6,
                                  "Index Cond": "(company_id < 966)"
                                }
                              ]
                            }
                          ]
                        }
                      ]
                    },
                    {
                      "Node Type": "Index Scan",
                      "Parent Relationship": "Inner",
                      "Parallel Aware": false,
                      "Scan Direction": "Forward",
                      "Index Name": "movie_id_cast_info",
                      "Relation Name": "cast_info",
                      "Alias": "ci",
                      "Startup Cost": 0.56,
                      "Total Cost": 1.96,
                      "Plan Rows": 12,
                      "Plan Width": 4,
                      "Actual Startup Time": 0.006,
                      "Actual Total Time": 0.031,
                      "Actual Rows": 9,
                      "Actual Loops": 186284,
                      "Index Cond": "(movie_id = t.id)",
                      "Rows Removed by Index Recheck": 0,
                      "Filter": "((person_id < 3769740) AND (role_id < 2))",
                      "Rows Removed by Filter": 17
                    }
                  ]
                }
              ]
            }
          ]
        }
      ]
    },
    "Planning Time": 1.05,
    "Triggers": [],
    "Execution Time": 1718.949
  }
]