[
    {
        "Bao": {
            "Bao prediction": "NaN",
            "Bao recommended hint": "(no hint)"
        }
    },
    {
        "Plan": {
            "Node Type": "Aggregate",
            "Strategy": "Plain",
            "Partial Mode": "Finalize",
            "Parallel Aware": false,
            "Startup Cost": 324080.84,
            "Total Cost": 324080.85,
            "Plan Rows": 1,
            "Plan Width": 8,
            "Actual Startup Time": 134.203,
            "Actual Total Time": 150.181,
            "Actual Rows": 1,
            "Actual Loops": 1,
            "Output": [
                "count(*)"
            ],
            "Plans": [
                {
                    "Node Type": "Gather",
                    "Parent Relationship": "Outer",
                    "Parallel Aware": false,
                    "Startup Cost": 324080.42,
                    "Total Cost": 324080.83,
                    "Plan Rows": 4,
                    "Plan Width": 8,
                    "Actual Startup Time": 134.09,
                    "Actual Total Time": 150.173,
                    "Actual Rows": 5,
                    "Actual Loops": 1,
                    "Output": [
                        "(PARTIAL count(*))"
                    ],
                    "Workers Planned": 4,
                    "Workers Launched": 4,
                    "Single Copy": false,
                    "Plans": [
                        {
                            "Node Type": "Aggregate",
                            "Strategy": "Plain",
                            "Partial Mode": "Partial",
                            "Parent Relationship": "Outer",
                            "Parallel Aware": false,
                            "Startup Cost": 323080.42,
                            "Total Cost": 323080.43,
                            "Plan Rows": 1,
                            "Plan Width": 8,
                            "Actual Startup Time": 124.201,
                            "Actual Total Time": 124.202,
                            "Actual Rows": 1,
                            "Actual Loops": 5,
                            "Output": [
                                "PARTIAL count(*)"
                            ],
                            "Workers": [
                                {
                                    "Worker Number": 0,
                                    "Actual Startup Time": 121.418,
                                    "Actual Total Time": 121.42,
                                    "Actual Rows": 1,
                                    "Actual Loops": 1
                                },
                                {
                                    "Worker Number": 1,
                                    "Actual Startup Time": 121.607,
                                    "Actual Total Time": 121.608,
                                    "Actual Rows": 1,
                                    "Actual Loops": 1
                                },
                                {
                                    "Worker Number": 2,
                                    "Actual Startup Time": 122.125,
                                    "Actual Total Time": 122.126,
                                    "Actual Rows": 1,
                                    "Actual Loops": 1
                                },
                                {
                                    "Worker Number": 3,
                                    "Actual Startup Time": 122.436,
                                    "Actual Total Time": 122.438,
                                    "Actual Rows": 1,
                                    "Actual Loops": 1
                                }
                            ],
                            "Plans": [
                                {
                                    "Node Type": "Nested Loop",
                                    "Parent Relationship": "Outer",
                                    "Parallel Aware": false,
                                    "Join Type": "Inner",
                                    "Startup Cost": 0.56,
                                    "Total Cost": 323021.82,
                                    "Plan Rows": 23439,
                                    "Plan Width": 0,
                                    "Actual Startup Time": 59.27,
                                    "Actual Total Time": 124.111,
                                    "Actual Rows": 741,
                                    "Actual Loops": 5,
                                    "Inner Unique": false,
                                    "Workers": [
                                        {
                                            "Worker Number": 0,
                                            "Actual Startup Time": 56.5,
                                            "Actual Total Time": 121.319,
                                            "Actual Rows": 464,
                                            "Actual Loops": 1
                                        },
                                        {
                                            "Worker Number": 1,
                                            "Actual Startup Time": 57.042,
                                            "Actual Total Time": 121.53,
                                            "Actual Rows": 612,
                                            "Actual Loops": 1
                                        },
                                        {
                                            "Worker Number": 2,
                                            "Actual Startup Time": 57.315,
                                            "Actual Total Time": 122.038,
                                            "Actual Rows": 667,
                                            "Actual Loops": 1
                                        },
                                        {
                                            "Worker Number": 3,
                                            "Actual Startup Time": 57.256,
                                            "Actual Total Time": 122.353,
                                            "Actual Rows": 404,
                                            "Actual Loops": 1
                                        }
                                    ],
                                    "Plans": [
                                        {
                                            "Node Type": "Seq Scan",
                                            "Parent Relationship": "Outer",
                                            "Parallel Aware": true,
                                            "Relation Name": "title",
                                            "Schema": "public",
                                            "Alias": "t",
                                            "Startup Cost": 0.0,
                                            "Total Cost": 43899.01,
                                            "Plan Rows": 5033,
                                            "Plan Width": 4,
                                            "Actual Startup Time": 54.502,
                                            "Actual Total Time": 82.255,
                                            "Actual Rows": 4218,
                                            "Actual Loops": 5,
                                            "Output": [
                                                "t.id",
                                                "t.title",
                                                "t.imdb_index",
                                                "t.kind_id",
                                                "t.production_year",
                                                "t.imdb_id",
                                                "t.phonetic_code",
                                                "t.episode_of_id",
                                                "t.season_nr",
                                                "t.episode_nr",
                                                "t.series_years",
                                                "t.md5sum"
                                            ],
                                            "Filter": "(t.production_year < 1909)",
                                            "Rows Removed by Filter": 501444,
                                            "Workers": [
                                                {
                                                    "Worker Number": 0,
                                                    "Actual Startup Time": 56.094,
                                                    "Actual Total Time": 77.109,
                                                    "Actual Rows": 2549,
                                                    "Actual Loops": 1
                                                },
                                                {
                                                    "Worker Number": 1,
                                                    "Actual Startup Time": 56.303,
                                                    "Actual Total Time": 78.765,
                                                    "Actual Rows": 3534,
                                                    "Actual Loops": 1
                                                },
                                                {
                                                    "Worker Number": 2,
                                                    "Actual Startup Time": 56.817,
                                                    "Actual Total Time": 78.024,
                                                    "Actual Rows": 3862,
                                                    "Actual Loops": 1
                                                },
                                                {
                                                    "Worker Number": 3,
                                                    "Actual Startup Time": 57.129,
                                                    "Actual Total Time": 78.641,
                                                    "Actual Rows": 2506,
                                                    "Actual Loops": 1
                                                }
                                            ]
                                        },
                                        {
                                            "Node Type": "Index Scan",
                                            "Parent Relationship": "Inner",
                                            "Parallel Aware": false,
                                            "Scan Direction": "Forward",
                                            "Index Name": "movie_id_cast_info",
                                            "Relation Name": "cast_info",
                                            "Schema": "public",
                                            "Alias": "ci",
                                            "Startup Cost": 0.56,
                                            "Total Cost": 55.34,
                                            "Plan Rows": 12,
                                            "Plan Width": 4,
                                            "Actual Startup Time": 0.009,
                                            "Actual Total Time": 0.01,
                                            "Actual Rows": 0,
                                            "Actual Loops": 21091,
                                            "Output": [
                                                "ci.id",
                                                "ci.person_id",
                                                "ci.movie_id",
                                                "ci.person_role_id",
                                                "ci.note",
                                                "ci.nr_order",
                                                "ci.role_id"
                                            ],
                                            "Index Cond": "(ci.movie_id = t.id)",
                                            "Rows Removed by Index Recheck": 0,
                                            "Filter": "((ci.person_id < 3521351) AND (ci.role_id = 1))",
                                            "Rows Removed by Filter": 1,
                                            "Workers": [
                                                {
                                                    "Worker Number": 0,
                                                    "Actual Startup Time": 0.015,
                                                    "Actual Total Time": 0.017,
                                                    "Actual Rows": 0,
                                                    "Actual Loops": 2549
                                                },
                                                {
                                                    "Worker Number": 1,
                                                    "Actual Startup Time": 0.011,
                                                    "Actual Total Time": 0.012,
                                                    "Actual Rows": 0,
                                                    "Actual Loops": 3534
                                                },
                                                {
                                                    "Worker Number": 2,
                                                    "Actual Startup Time": 0.01,
                                                    "Actual Total Time": 0.011,
                                                    "Actual Rows": 0,
                                                    "Actual Loops": 3862
                                                },
                                                {
                                                    "Worker Number": 3,
                                                    "Actual Startup Time": 0.016,
                                                    "Actual Total Time": 0.017,
                                                    "Actual Rows": 0,
                                                    "Actual Loops": 2506
                                                }
                                            ]
                                        }
                                    ]
                                }
                            ]
                        }
                    ]
                }
            ]
        },
        "Planning Time": 204.917,
        "Triggers": [],
        "Execution Time": 150.284
    }
]