{
    "Plan": {
        "Node Type": "Aggregate",
        "Strategy": "Plain",
        "Partial Mode": "Finalize",
        "Parallel Aware": false,
        "Startup Cost": 394877.91,
        "Total Cost": 394877.92,
        "Plan Rows": 1,
        "Plan Width": 8,
        "Actual Startup Time": 841.488,
        "Actual Total Time": 891.976,
        "Actual Rows": 1,
        "Actual Loops": 1,
        "Output": [
            "count(*)"
        ],
        "Plans": [
            {
                "Node Type": "Gather",
                "Parent Relationship": "Outer",
                "Parallel Aware": false,
                "Startup Cost": 394877.29,
                "Total Cost": 394877.9,
                "Plan Rows": 6,
                "Plan Width": 8,
                "Actual Startup Time": 829.565,
                "Actual Total Time": 891.964,
                "Actual Rows": 7,
                "Actual Loops": 1,
                "Output": [
                    "(PARTIAL count(*))"
                ],
                "Workers Planned": 6,
                "Workers Launched": 6,
                "Single Copy": false,
                "Plans": [
                    {
                        "Node Type": "Aggregate",
                        "Strategy": "Plain",
                        "Partial Mode": "Partial",
                        "Parent Relationship": "Outer",
                        "Parallel Aware": false,
                        "Startup Cost": 393877.29,
                        "Total Cost": 393877.3,
                        "Plan Rows": 1,
                        "Plan Width": 8,
                        "Actual Startup Time": 814.393,
                        "Actual Total Time": 814.398,
                        "Actual Rows": 1,
                        "Actual Loops": 7,
                        "Output": [
                            "PARTIAL count(*)"
                        ],
                        "Workers": [
                            {
                                "Worker Number": 0,
                                "Actual Startup Time": 811.692,
                                "Actual Total Time": 811.707,
                                "Actual Rows": 1,
                                "Actual Loops": 1
                            },
                            {
                                "Worker Number": 1,
                                "Actual Startup Time": 811.76,
                                "Actual Total Time": 811.763,
                                "Actual Rows": 1,
                                "Actual Loops": 1
                            },
                            {
                                "Worker Number": 2,
                                "Actual Startup Time": 812.676,
                                "Actual Total Time": 812.679,
                                "Actual Rows": 1,
                                "Actual Loops": 1
                            },
                            {
                                "Worker Number": 3,
                                "Actual Startup Time": 812.001,
                                "Actual Total Time": 812.003,
                                "Actual Rows": 1,
                                "Actual Loops": 1
                            },
                            {
                                "Worker Number": 4,
                                "Actual Startup Time": 811.986,
                                "Actual Total Time": 811.988,
                                "Actual Rows": 1,
                                "Actual Loops": 1
                            },
                            {
                                "Worker Number": 5,
                                "Actual Startup Time": 812.018,
                                "Actual Total Time": 812.02,
                                "Actual Rows": 1,
                                "Actual Loops": 1
                            }
                        ],
                        "Plans": [
                            {
                                "Node Type": "Hash Join",
                                "Parent Relationship": "Outer",
                                "Parallel Aware": true,
                                "Join Type": "Inner",
                                "Startup Cost": 50212.07,
                                "Total Cost": 393751.5,
                                "Plan Rows": 50316,
                                "Plan Width": 0,
                                "Actual Startup Time": 700.043,
                                "Actual Total Time": 809.945,
                                "Actual Rows": 99153,
                                "Actual Loops": 7,
                                "Inner Unique": true,
                                "Hash Cond": "(ci.movie_id = t.id)",
                                "Workers": [
                                    {
                                        "Worker Number": 0,
                                        "Actual Startup Time": 697.481,
                                        "Actual Total Time": 806.585,
                                        "Actual Rows": 75495,
                                        "Actual Loops": 1
                                    },
                                    {
                                        "Worker Number": 1,
                                        "Actual Startup Time": 697.546,
                                        "Actual Total Time": 807.637,
                                        "Actual Rows": 95563,
                                        "Actual Loops": 1
                                    },
                                    {
                                        "Worker Number": 2,
                                        "Actual Startup Time": 697.526,
                                        "Actual Total Time": 808.484,
                                        "Actual Rows": 97221,
                                        "Actual Loops": 1
                                    },
                                    {
                                        "Worker Number": 3,
                                        "Actual Startup Time": 697.75,
                                        "Actual Total Time": 807.529,
                                        "Actual Rows": 107294,
                                        "Actual Loops": 1
                                    },
                                    {
                                        "Worker Number": 4,
                                        "Actual Startup Time": 697.779,
                                        "Actual Total Time": 807.632,
                                        "Actual Rows": 104690,
                                        "Actual Loops": 1
                                    },
                                    {
                                        "Worker Number": 5,
                                        "Actual Startup Time": 697.793,
                                        "Actual Total Time": 807.539,
                                        "Actual Rows": 107829,
                                        "Actual Loops": 1
                                    }
                                ],
                                "Plans": [
                                    {
                                        "Node Type": "Seq Scan",
                                        "Parent Relationship": "Outer",
                                        "Parallel Aware": true,
                                        "Relation Name": "cast_info",
                                        "Schema": "public",
                                        "Alias": "ci",
                                        "Startup Cost": 0.0,
                                        "Total Cost": 343318.94,
                                        "Plan Rows": 83996,
                                        "Plan Width": 4,
                                        "Actual Startup Time": 504.721,
                                        "Actual Total Time": 545.513,
                                        "Actual Rows": 176250,
                                        "Actual Loops": 7,
                                        "Output": [
                                            "ci.id",
                                            "ci.person_id",
                                            "ci.movie_id",
                                            "ci.person_role_id",
                                            "ci.note",
                                            "ci.nr_order",
                                            "ci.role_id"
                                        ],
                                        "Filter": "((ci.person_id > 3823007) AND (ci.role_id > 2))",
                                        "Rows Removed by Filter": 5001513,
                                        "Workers": [
                                            {
                                                "Worker Number": 0,
                                                "Actual Startup Time": 504.716,
                                                "Actual Total Time": 549.208,
                                                "Actual Rows": 133996,
                                                "Actual Loops": 1
                                            },
                                            {
                                                "Worker Number": 1,
                                                "Actual Startup Time": 504.711,
                                                "Actual Total Time": 545.519,
                                                "Actual Rows": 171642,
                                                "Actual Loops": 1
                                            },
                                            {
                                                "Worker Number": 2,
                                                "Actual Startup Time": 504.717,
                                                "Actual Total Time": 545.165,
                                                "Actual Rows": 172122,
                                                "Actual Loops": 1
                                            },
                                            {
                                                "Worker Number": 3,
                                                "Actual Startup Time": 504.712,
                                                "Actual Total Time": 546.354,
                                                "Actual Rows": 190256,
                                                "Actual Loops": 1
                                            },
                                            {
                                                "Worker Number": 4,
                                                "Actual Startup Time": 504.717,
                                                "Actual Total Time": 545.405,
                                                "Actual Rows": 188999,
                                                "Actual Loops": 1
                                            },
                                            {
                                                "Worker Number": 5,
                                                "Actual Startup Time": 504.749,
                                                "Actual Total Time": 545.537,
                                                "Actual Rows": 189996,
                                                "Actual Loops": 1
                                            }
                                        ]
                                    },
                                    {
                                        "Node Type": "Hash",
                                        "Parent Relationship": "Inner",
                                        "Parallel Aware": true,
                                        "Startup Cost": 45479.21,
                                        "Total Cost": 45479.21,
                                        "Plan Rows": 378629,
                                        "Plan Width": 4,
                                        "Actual Startup Time": 190.493,
                                        "Actual Total Time": 190.494,
                                        "Actual Rows": 215319,
                                        "Actual Loops": 7,
                                        "Output": [
                                            "t.id"
                                        ],
                                        "Hash Buckets": 2097152,
                                        "Original Hash Buckets": 2097152,
                                        "Hash Batches": 1,
                                        "Original Hash Batches": 1,
                                        "Peak Memory Usage": 75488,
                                        "Workers": [
                                            {
                                                "Worker Number": 0,
                                                "Actual Startup Time": 192.121,
                                                "Actual Total Time": 192.122,
                                                "Actual Rows": 160504,
                                                "Actual Loops": 1
                                            },
                                            {
                                                "Worker Number": 1,
                                                "Actual Startup Time": 192.171,
                                                "Actual Total Time": 192.172,
                                                "Actual Rows": 201634,
                                                "Actual Loops": 1
                                            },
                                            {
                                                "Worker Number": 2,
                                                "Actual Startup Time": 192.168,
                                                "Actual Total Time": 192.169,
                                                "Actual Rows": 202778,
                                                "Actual Loops": 1
                                            },
                                            {
                                                "Worker Number": 3,
                                                "Actual Startup Time": 192.404,
                                                "Actual Total Time": 192.405,
                                                "Actual Rows": 214329,
                                                "Actual Loops": 1
                                            },
                                            {
                                                "Worker Number": 4,
                                                "Actual Startup Time": 192.389,
                                                "Actual Total Time": 192.39,
                                                "Actual Rows": 214426,
                                                "Actual Loops": 1
                                            },
                                            {
                                                "Worker Number": 5,
                                                "Actual Startup Time": 192.388,
                                                "Actual Total Time": 192.389,
                                                "Actual Rows": 214163,
                                                "Actual Loops": 1
                                            }
                                        ],
                                        "Plans": [
                                            {
                                                "Node Type": "Seq Scan",
                                                "Parent Relationship": "Outer",
                                                "Parallel Aware": true,
                                                "Relation Name": "title",
                                                "Schema": "public",
                                                "Alias": "t",
                                                "Startup Cost": 0.0,
                                                "Total Cost": 45479.21,
                                                "Plan Rows": 378629,
                                                "Plan Width": 4,
                                                "Actual Startup Time": 0.06,
                                                "Actual Total Time": 78.733,
                                                "Actual Rows": 215319,
                                                "Actual Loops": 7,
                                                "Output": [
                                                    "t.id"
                                                ],
                                                "Filter": "((t.kind_id > 1) AND (t.production_year < 2011))",
                                                "Rows Removed by Filter": 145868,
                                                "Workers": [
                                                    {
                                                        "Worker Number": 0,
                                                        "Actual Startup Time": 0.075,
                                                        "Actual Total Time": 82.042,
                                                        "Actual Rows": 160504,
                                                        "Actual Loops": 1
                                                    },
                                                    {
                                                        "Worker Number": 1,
                                                        "Actual Startup Time": 0.065,
                                                        "Actual Total Time": 81.19,
                                                        "Actual Rows": 201634,
                                                        "Actual Loops": 1
                                                    },
                                                    {
                                                        "Worker Number": 2,
                                                        "Actual Startup Time": 0.064,
                                                        "Actual Total Time": 81.09,
                                                        "Actual Rows": 202778,
                                                        "Actual Loops": 1
                                                    },
                                                    {
                                                        "Worker Number": 3,
                                                        "Actual Startup Time": 0.061,
                                                        "Actual Total Time": 79.204,
                                                        "Actual Rows": 214329,
                                                        "Actual Loops": 1
                                                    },
                                                    {
                                                        "Worker Number": 4,
                                                        "Actual Startup Time": 0.07,
                                                        "Actual Total Time": 78.689,
                                                        "Actual Rows": 214426,
                                                        "Actual Loops": 1
                                                    },
                                                    {
                                                        "Worker Number": 5,
                                                        "Actual Startup Time": 0.067,
                                                        "Actual Total Time": 79.689,
                                                        "Actual Rows": 214163,
                                                        "Actual Loops": 1
                                                    }
                                                ]
                                            }
                                        ]
                                    }
                                ]
                            }
                        ]
                    }
                ]
            }
        ]
    },
    "Planning Time": 1.005,
    "Triggers": [],
    "Execution Time": 892.075
}