[
  {
    "Plan": {
      "Node Type": "Aggregate",
      "Strategy": "Plain",
      "Partial Mode": "Finalize",
      "Parallel Aware": false,
      "Startup Cost": 223248.75,
      "Total Cost": 223248.76,
      "Plan Rows": 1,
      "Plan Width": 8,
      "Actual Startup Time": 1361.46,
      "Actual Total Time": 1433.386,
      "Actual Rows": 1,
      "Actual Loops": 1,
      "Plans": [
        {
          "Node Type": "Gather",
          "Parent Relationship": "Outer",
          "Parallel Aware": false,
          "Startup Cost": 223248.43,
          "Total Cost": 223248.74,
          "Plan Rows": 3,
          "Plan Width": 8,
          "Actual Startup Time": 1352.403,
          "Actual Total Time": 1433.375,
          "Actual Rows": 4,
          "Actual Loops": 1,
          "Workers Planned": 3,
          "Workers Launched": 3,
          "Single Copy": false,
          "Plans": [
            {
              "Node Type": "Aggregate",
              "Strategy": "Plain",
              "Partial Mode": "Partial",
              "Parent Relationship": "Outer",
              "Parallel Aware": false,
              "Startup Cost": 222248.43,
              "Total Cost": 222248.44,
              "Plan Rows": 1,
              "Plan Width": 8,
              "Actual Startup Time": 1329.26,
              "Actual Total Time": 1329.264,
              "Actual Rows": 1,
              "Actual Loops": 4,
              "Plans": [
                {
                  "Node Type": "Nested Loop",
                  "Parent Relationship": "Outer",
                  "Parallel Aware": false,
                  "Join Type": "Inner",
                  "Startup Cost": 58810.26,
                  "Total Cost": 219892.64,
                  "Plan Rows": 942318,
                  "Plan Width": 0,
                  "Actual Startup Time": 454.85,
                  "Actual Total Time": 1289.984,
                  "Actual Rows": 597430,
                  "Actual Loops": 4,
                  "Inner Unique": false,
                  "Plans": [
                    {
                      "Node Type": "Hash Join",
                      "Parent Relationship": "Outer",
                      "Parallel Aware": true,
                      "Join Type": "Inner",
                      "Startup Cost": 58809.7,
                      "Total Cost": 79701.22,
                      "Plan Rows": 65723,
                      "Plan Width": 8,
                      "Actual Startup Time": 454.741,
                      "Actual Total Time": 497.678,
                      "Actual Rows": 23216,
                      "Actual Loops": 4,
                      "Inner Unique": true,
                      "Hash Cond": "(mc.movie_id = t.id)",
                      "Plans": [
                        {
                          "Node Type": "Bitmap Heap Scan",
                          "Parent Relationship": "Outer",
                          "Parallel Aware": true,
                          "Relation Name": "movie_companies",
                          "Alias": "mc",
                          "Startup Cost": 8589.32,
                          "Total Cost": 29308.32,
                          "Plan Rows": 65723,
                          "Plan Width": 4,
                          "Actual Startup Time": 43.184,
                          "Actual Total Time": 56.829,
                          "Actual Rows": 23216,
                          "Actual Loops": 4,
                          "Recheck Cond": "(company_id < 239)",
                          "Rows Removed by Index Recheck": 0,
                          "Filter": "(company_type_id = 2)",
                          "Rows Removed by Filter": 74684,
                          "Exact Heap Blocks": 5361,
                          "Lossy Heap Blocks": 0,
                          "Plans": [
                            {
                              "Node Type": "Bitmap Index Scan",
                              "Parent Relationship": "Outer",
                              "Parallel Aware": false,
                              "Index Name": "company_id_movie_companies",
                              "Startup Cost": 0.0,
                              "Total Cost": 8538.38,
                              "Plan Rows": 398660,
                              "Plan Width": 0,
                              "Actual Startup Time": 15.737,
                              "Actual Total Time": 15.738,
                              "Actual Rows": 391600,
                              "Actual Loops": 1,
                              "Index Cond": "(company_id < 239)"
                            }
                          ]
                        },
                        {
                          "Node Type": "Hash",
                          "Parent Relationship": "Inner",
                          "Parallel Aware": true,
                          "Startup Cost": 42319.06,
                          "Total Cost": 42319.06,
                          "Plan Rows": 632106,
                          "Plan Width": 4,
                          "Actual Startup Time": 399.093,
                          "Actual Total Time": 399.093,
                          "Actual Rows": 632078,
                          "Actual Loops": 4,
                          "Hash Buckets": 4194304,
                          "Original Hash Buckets": 4194304,
                          "Hash Batches": 1,
                          "Original Hash Batches": 1,
                          "Peak Memory Usage": 131744,
                          "Plans": [
                            {
                              "Node Type": "Seq Scan",
                              "Parent Relationship": "Outer",
                              "Parallel Aware": true,
                              "Relation Name": "title",
                              "Alias": "t",
                              "Startup Cost": 0.0,
                              "Total Cost": 42319.06,
                              "Plan Rows": 632106,
                              "Plan Width": 4,
                              "Actual Startup Time": 0.054,
                              "Actual Total Time": 117.369,
                              "Actual Rows": 632078,
                              "Actual Loops": 4
                            }
                          ]
                        }
                      ]
                    },
                    {
                      "Node Type": "Index Only Scan",
                      "Parent Relationship": "Inner",
                      "Parallel Aware": false,
                      "Scan Direction": "Forward",
                      "Index Name": "movie_id_cast_info",
                      "Relation Name": "cast_info",
                      "Alias": "ci",
                      "Startup Cost": 0.56,
                      "Total Cost": 1.78,
                      "Plan Rows": 35,
                      "Plan Width": 4,
                      "Actual Startup Time": 0.005,
                      "Actual Total Time": 0.031,
                      "Actual Rows": 26,
                      "Actual Loops": 92864,
                      "Index Cond": "(movie_id = t.id)",
                      "Rows Removed by Index Recheck": 0,
                      "Heap Fetches": 2389719
                    }
                  ]
                }
              ]
            }
          ]
        }
      ]
    },
    "Planning Time": 1.472,
    "Triggers": [],
    "Execution Time": 1433.521
  }
]