[
  {
    "Plan": {
      "Node Type": "Aggregate",
      "Strategy": "Plain",
      "Partial Mode": "Finalize",
      "Parallel Aware": false,
      "Startup Cost": 188581.14,
      "Total Cost": 188581.15,
      "Plan Rows": 1,
      "Plan Width": 8,
      "Actual Startup Time": 1124.083,
      "Actual Total Time": 1210.138,
      "Actual Rows": 1,
      "Actual Loops": 1,
      "Plans": [
        {
          "Node Type": "Gather",
          "Parent Relationship": "Outer",
          "Parallel Aware": false,
          "Startup Cost": 188580.72,
          "Total Cost": 188581.13,
          "Plan Rows": 4,
          "Plan Width": 8,
          "Actual Startup Time": 1123.15,
          "Actual Total Time": 1210.126,
          "Actual Rows": 5,
          "Actual Loops": 1,
          "Workers Planned": 4,
          "Workers Launched": 4,
          "Single Copy": false,
          "Plans": [
            {
              "Node Type": "Aggregate",
              "Strategy": "Plain",
              "Partial Mode": "Partial",
              "Parent Relationship": "Outer",
              "Parallel Aware": false,
              "Startup Cost": 187580.72,
              "Total Cost": 187580.73,
              "Plan Rows": 1,
              "Plan Width": 8,
              "Actual Startup Time": 1112.991,
              "Actual Total Time": 1112.996,
              "Actual Rows": 1,
              "Actual Loops": 5,
              "Plans": [
                {
                  "Node Type": "Nested Loop",
                  "Parent Relationship": "Outer",
                  "Parallel Aware": false,
                  "Join Type": "Inner",
                  "Startup Cost": 30059.0,
                  "Total Cost": 185778.55,
                  "Plan Rows": 720869,
                  "Plan Width": 0,
                  "Actual Startup Time": 88.627,
                  "Actual Total Time": 1082.416,
                  "Actual Rows": 477944,
                  "Actual Loops": 5,
                  "Inner Unique": false,
                  "Plans": [
                    {
                      "Node Type": "Hash Join",
                      "Parent Relationship": "Outer",
                      "Parallel Aware": true,
                      "Join Type": "Inner",
                      "Startup Cost": 30058.44,
                      "Total Cost": 75699.82,
                      "Plan Rows": 50308,
                      "Plan Width": 8,
                      "Actual Startup Time": 88.522,
                      "Actual Total Time": 265.824,
                      "Actual Rows": 18573,
                      "Actual Loops": 5,
                      "Inner Unique": false,
                      "Hash Cond": "(t.id = mc.movie_id)",
                      "Plans": [
                        {
                          "Node Type": "Seq Scan",
                          "Parent Relationship": "Outer",
                          "Parallel Aware": true,
                          "Relation Name": "title",
                          "Alias": "t",
                          "Startup Cost": 0.0,
                          "Total Cost": 42318.73,
                          "Plan Rows": 632073,
                          "Plan Width": 4,
                          "Actual Startup Time": 0.016,
                          "Actual Total Time": 69.768,
                          "Actual Rows": 505662,
                          "Actual Loops": 5
                        },
                        {
                          "Node Type": "Hash",
                          "Parent Relationship": "Inner",
                          "Parallel Aware": true,
                          "Startup Cost": 29247.01,
                          "Total Cost": 29247.01,
                          "Plan Rows": 64914,
                          "Plan Width": 4,
                          "Actual Startup Time": 86.7,
                          "Actual Total Time": 86.702,
                          "Actual Rows": 18573,
                          "Actual Loops": 5,
                          "Hash Buckets": 262144,
                          "Original Hash Buckets": 262144,
                          "Hash Batches": 1,
                          "Original Hash Batches": 1,
                          "Peak Memory Usage": 5728,
                          "Plans": [
                            {
                              "Node Type": "Bitmap Heap Scan",
                              "Parent Relationship": "Outer",
                              "Parallel Aware": true,
                              "Relation Name": "movie_companies",
                              "Alias": "mc",
                              "Startup Cost": 8539.26,
                              "Total Cost": 29247.01,
                              "Plan Rows": 64914,
                              "Plan Width": 4,
                              "Actual Startup Time": 66.027,
                              "Actual Total Time": 80.013,
                              "Actual Rows": 18573,
                              "Actual Loops": 5,
                              "Recheck Cond": "(company_id < 239)",
                              "Rows Removed by Index Recheck": 0,
                              "Filter": "(company_type_id = 2)",
                              "Rows Removed by Filter": 59747,
                              "Exact Heap Blocks": 8440,
                              "Lossy Heap Blocks": 0,
                              "Plans": [
                                {
                                  "Node Type": "Bitmap Index Scan",
                                  "Parent Relationship": "Outer",
                                  "Parallel Aware": false,
                                  "Index Name": "company_id_movie_companies",
                                  "Startup Cost": 0.0,
                                  "Total Cost": 8488.95,
                                  "Plan Rows": 396336,
                                  "Plan Width": 0,
                                  "Actual Startup Time": 28.293,
                                  "Actual Total Time": 28.293,
                                  "Actual Rows": 391600,
                                  "Actual Loops": 1,
                                  "Index Cond": "(company_id < 239)"
                                }
                              ]
                            }
                          ]
                        }
                      ]
                    },
                    {
                      "Node Type": "Index Only Scan",
                      "Parent Relationship": "Inner",
                      "Parallel Aware": false,
                      "Scan Direction": "Forward",
                      "Index Name": "movie_id_cast_info",
                      "Relation Name": "cast_info",
                      "Alias": "ci",
                      "Startup Cost": 0.56,
                      "Total Cost": 1.82,
                      "Plan Rows": 37,
                      "Plan Width": 4,
                      "Actual Startup Time": 0.008,
                      "Actual Total Time": 0.041,
                      "Actual Rows": 26,
                      "Actual Loops": 92864,
                      "Index Cond": "(movie_id = t.id)",
                      "Rows Removed by Index Recheck": 0,
                      "Heap Fetches": 2389719
                    }
                  ]
                }
              ]
            }
          ]
        }
      ]
    },
    "Planning Time": 0.952,
    "Triggers": [],
    "Execution Time": 1210.244
  }
]