[
  {
    "Plan": {
      "Node Type": "Aggregate",
      "Strategy": "Plain",
      "Partial Mode": "Finalize",
      "Parallel Aware": false,
      "Startup Cost": 46431.27,
      "Total Cost": 46431.28,
      "Plan Rows": 1,
      "Plan Width": 8,
      "Actual Startup Time": 141.503,
      "Actual Total Time": 154.976,
      "Actual Rows": 1,
      "Actual Loops": 1,
      "Plans": [
        {
          "Node Type": "Gather",
          "Parent Relationship": "Outer",
          "Parallel Aware": false,
          "Startup Cost": 46430.85,
          "Total Cost": 46431.26,
          "Plan Rows": 4,
          "Plan Width": 8,
          "Actual Startup Time": 141.327,
          "Actual Total Time": 154.967,
          "Actual Rows": 5,
          "Actual Loops": 1,
          "Workers Planned": 4,
          "Workers Launched": 4,
          "Single Copy": false,
          "Plans": [
            {
              "Node Type": "Aggregate",
              "Strategy": "Plain",
              "Partial Mode": "Partial",
              "Parent Relationship": "Outer",
              "Parallel Aware": false,
              "Startup Cost": 45430.85,
              "Total Cost": 45430.86,
              "Plan Rows": 1,
              "Plan Width": 8,
              "Actual Startup Time": 131.837,
              "Actual Total Time": 131.839,
              "Actual Rows": 1,
              "Actual Loops": 5,
              "Plans": [
                {
                  "Node Type": "Seq Scan",
                  "Parent Relationship": "Outer",
                  "Parallel Aware": true,
                  "Relation Name": "title",
                  "Alias": "t",
                  "Startup Cost": 0.0,
                  "Total Cost": 43899.32,
                  "Plan Rows": 612610,
                  "Plan Width": 0,
                  "Actual Startup Time": 0.058,
                  "Actual Total Time": 105.676,
                  "Actual Rows": 490541,
                  "Actual Loops": 5,
                  "Filter": "(production_year < 2014)",
                  "Rows Removed by Filter": 15122
                }
              ]
            }
          ]
        }
      ]
    },
    "Planning Time": 0.086,
    "Triggers": [],
    "Execution Time": 155.012
  }
]