[
  {
    "Plan": {
      "Node Type": "Aggregate",
      "Strategy": "Plain",
      "Partial Mode": "Finalize",
      "Parallel Aware": false,
      "Startup Cost": 46432.81,
      "Total Cost": 46432.82,
      "Plan Rows": 1,
      "Plan Width": 8,
      "Actual Startup Time": 128.505,
      "Actual Total Time": 140.979,
      "Actual Rows": 1,
      "Actual Loops": 1,
      "Plans": [
        {
          "Node Type": "Gather",
          "Parent Relationship": "Outer",
          "Parallel Aware": false,
          "Startup Cost": 46432.39,
          "Total Cost": 46432.8,
          "Plan Rows": 4,
          "Plan Width": 8,
          "Actual Startup Time": 128.237,
          "Actual Total Time": 140.969,
          "Actual Rows": 5,
          "Actual Loops": 1,
          "Workers Planned": 4,
          "Workers Launched": 4,
          "Single Copy": false,
          "Plans": [
            {
              "Node Type": "Aggregate",
              "Strategy": "Plain",
              "Partial Mode": "Partial",
              "Parent Relationship": "Outer",
              "Parallel Aware": false,
              "Startup Cost": 45432.39,
              "Total Cost": 45432.4,
              "Plan Rows": 1,
              "Plan Width": 8,
              "Actual Startup Time": 119.247,
              "Actual Total Time": 119.248,
              "Actual Rows": 1,
              "Actual Loops": 5,
              "Plans": [
                {
                  "Node Type": "Seq Scan",
                  "Parent Relationship": "Outer",
                  "Parallel Aware": true,
                  "Relation Name": "title",
                  "Alias": "t",
                  "Startup Cost": 0.0,
                  "Total Cost": 43898.92,
                  "Plan Rows": 613389,
                  "Plan Width": 0,
                  "Actual Startup Time": 0.036,
                  "Actual Total Time": 95.438,
                  "Actual Rows": 490541,
                  "Actual Loops": 5,
                  "Filter": "(production_year < 2014)",
                  "Rows Removed by Filter": 15122
                }
              ]
            }
          ]
        }
      ]
    },
    "Planning Time": 0.129,
    "Triggers": [],
    "Execution Time": 141.032
  }
]