[
  {
    "Plan": {
      "Node Type": "Aggregate",
      "Strategy": "Plain",
      "Partial Mode": "Finalize",
      "Parallel Aware": false,
      "Startup Cost": 71275.35,
      "Total Cost": 71275.36,
      "Plan Rows": 1,
      "Plan Width": 8,
      "Actual Startup Time": 120.997,
      "Actual Total Time": 137.277,
      "Actual Rows": 1,
      "Actual Loops": 1,
      "Plans": [
        {
          "Node Type": "Gather",
          "Parent Relationship": "Outer",
          "Parallel Aware": false,
          "Startup Cost": 71274.93,
          "Total Cost": 71275.34,
          "Plan Rows": 4,
          "Plan Width": 8,
          "Actual Startup Time": 120.741,
          "Actual Total Time": 137.269,
          "Actual Rows": 5,
          "Actual Loops": 1,
          "Workers Planned": 4,
          "Workers Launched": 4,
          "Single Copy": false,
          "Plans": [
            {
              "Node Type": "Aggregate",
              "Strategy": "Plain",
              "Partial Mode": "Partial",
              "Parent Relationship": "Outer",
              "Parallel Aware": false,
              "Startup Cost": 70274.93,
              "Total Cost": 70274.94,
              "Plan Rows": 1,
              "Plan Width": 8,
              "Actual Startup Time": 111.509,
              "Actual Total Time": 111.511,
              "Actual Rows": 1,
              "Actual Loops": 5,
              "Plans": [
                {
                  "Node Type": "Nested Loop",
                  "Parent Relationship": "Outer",
                  "Parallel Aware": false,
                  "Join Type": "Inner",
                  "Startup Cost": 0.43,
                  "Total Cost": 70268.11,
                  "Plan Rows": 2728,
                  "Plan Width": 0,
                  "Actual Startup Time": 0.906,
                  "Actual Total Time": 111.122,
                  "Actual Rows": 3730,
                  "Actual Loops": 5,
                  "Inner Unique": false,
                  "Plans": [
                    {
                      "Node Type": "Seq Scan",
                      "Parent Relationship": "Outer",
                      "Parallel Aware": true,
                      "Relation Name": "title",
                      "Alias": "t",
                      "Startup Cost": 0.0,
                      "Total Cost": 45479.1,
                      "Plan Rows": 2644,
                      "Plan Width": 4,
                      "Actual Startup Time": 0.708,
                      "Actual Total Time": 87.496,
                      "Actual Rows": 2039,
                      "Actual Loops": 5,
                      "Filter": "((kind_id < 7) AND (production_year = 1992))",
                      "Rows Removed by Filter": 503623
                    },
                    {
                      "Node Type": "Index Only Scan",
                      "Parent Relationship": "Inner",
                      "Parallel Aware": false,
                      "Scan Direction": "Forward",
                      "Index Name": "movie_id_movie_companies",
                      "Relation Name": "movie_companies",
                      "Alias": "mc",
                      "Startup Cost": 0.43,
                      "Total Cost": 9.33,
                      "Plan Rows": 5,
                      "Plan Width": 4,
                      "Actual Startup Time": 0.009,
                      "Actual Total Time": 0.011,
                      "Actual Rows": 2,
                      "Actual Loops": 10197,
                      "Index Cond": "(movie_id = t.id)",
                      "Rows Removed by Index Recheck": 0,
                      "Heap Fetches": 18652
                    }
                  ]
                }
              ]
            }
          ]
        }
      ]
    },
    "Planning Time": 0.649,
    "Triggers": [],
    "Execution Time": 137.349
  }
]