[
  {
    "Plan": {
      "Node Type": "Aggregate",
      "Strategy": "Plain",
      "Partial Mode": "Finalize",
      "Parallel Aware": false,
      "Startup Cost": 45966.72,
      "Total Cost": 45966.73,
      "Plan Rows": 1,
      "Plan Width": 8,
      "Actual Startup Time": 159.078,
      "Actual Total Time": 168.214,
      "Actual Rows": 1,
      "Actual Loops": 1,
      "Plans": [
        {
          "Node Type": "Gather",
          "Parent Relationship": "Outer",
          "Parallel Aware": false,
          "Startup Cost": 45966.4,
          "Total Cost": 45966.71,
          "Plan Rows": 3,
          "Plan Width": 8,
          "Actual Startup Time": 158.98,
          "Actual Total Time": 168.205,
          "Actual Rows": 4,
          "Actual Loops": 1,
          "Workers Planned": 3,
          "Workers Launched": 3,
          "Single Copy": false,
          "Plans": [
            {
              "Node Type": "Aggregate",
              "Strategy": "Plain",
              "Partial Mode": "Partial",
              "Parent Relationship": "Outer",
              "Parallel Aware": false,
              "Startup Cost": 44966.4,
              "Total Cost": 44966.41,
              "Plan Rows": 1,
              "Plan Width": 8,
              "Actual Startup Time": 154.57,
              "Actual Total Time": 154.571,
              "Actual Rows": 1,
              "Actual Loops": 4,
              "Plans": [
                {
                  "Node Type": "Seq Scan",
                  "Parent Relationship": "Outer",
                  "Parallel Aware": true,
                  "Relation Name": "movie_keyword",
                  "Alias": "mk",
                  "Startup Cost": 0.0,
                  "Total Cost": 42695.65,
                  "Plan Rows": 908299,
                  "Plan Width": 0,
                  "Actual Startup Time": 0.04,
                  "Actual Total Time": 121.523,
                  "Actual Rows": 702816,
                  "Actual Loops": 4,
                  "Filter": "(keyword_id < 8342)",
                  "Rows Removed by Filter": 428166
                }
              ]
            }
          ]
        }
      ]
    },
    "Planning Time": 0.117,
    "Triggers": [],
    "Execution Time": 168.252
  }
]