[
  {
    "Plan": {
      "Node Type": "Aggregate",
      "Strategy": "Plain",
      "Partial Mode": "Finalize",
      "Parallel Aware": false,
      "Startup Cost": 83380.97,
      "Total Cost": 83380.98,
      "Plan Rows": 1,
      "Plan Width": 8,
      "Actual Startup Time": 463.021,
      "Actual Total Time": 482.469,
      "Actual Rows": 1,
      "Actual Loops": 1,
      "Plans": [
        {
          "Node Type": "Gather",
          "Parent Relationship": "Outer",
          "Parallel Aware": false,
          "Startup Cost": 83380.66,
          "Total Cost": 83380.97,
          "Plan Rows": 3,
          "Plan Width": 8,
          "Actual Startup Time": 452.602,
          "Actual Total Time": 482.457,
          "Actual Rows": 4,
          "Actual Loops": 1,
          "Workers Planned": 3,
          "Workers Launched": 3,
          "Single Copy": false,
          "Plans": [
            {
              "Node Type": "Aggregate",
              "Strategy": "Plain",
              "Partial Mode": "Partial",
              "Parent Relationship": "Outer",
              "Parallel Aware": false,
              "Startup Cost": 82380.66,
              "Total Cost": 82380.67,
              "Plan Rows": 1,
              "Plan Width": 8,
              "Actual Startup Time": 434.509,
              "Actual Total Time": 434.512,
              "Actual Rows": 1,
              "Actual Loops": 4,
              "Plans": [
                {
                  "Node Type": "Hash Join",
                  "Parent Relationship": "Outer",
                  "Parallel Aware": true,
                  "Join Type": "Inner",
                  "Startup Cost": 50220.38,
                  "Total Cost": 82017.02,
                  "Plan Rows": 145455,
                  "Plan Width": 0,
                  "Actual Startup Time": 368.767,
                  "Actual Total Time": 433.116,
                  "Actual Rows": 31912,
                  "Actual Loops": 4,
                  "Inner Unique": true,
                  "Hash Cond": "(mc.movie_id = t.id)",
                  "Plans": [
                    {
                      "Node Type": "Seq Scan",
                      "Parent Relationship": "Outer",
                      "Parallel Aware": true,
                      "Relation Name": "movie_companies",
                      "Alias": "mc",
                      "Startup Cost": 0.0,
                      "Total Cost": 31414.82,
                      "Plan Rows": 145455,
                      "Plan Width": 4,
                      "Actual Startup Time": 10.495,
                      "Actual Total Time": 58.393,
                      "Actual Rows": 31912,
                      "Actual Loops": 4,
                      "Filter": "((company_id > 20567) AND (company_type_id = 1))",
                      "Rows Removed by Filter": 620371
                    },
                    {
                      "Node Type": "Hash",
                      "Parent Relationship": "Inner",
                      "Parallel Aware": true,
                      "Startup Cost": 42319.06,
                      "Total Cost": 42319.06,
                      "Plan Rows": 632106,
                      "Plan Width": 4,
                      "Actual Startup Time": 346.339,
                      "Actual Total Time": 346.34,
                      "Actual Rows": 632078,
                      "Actual Loops": 4,
                      "Hash Buckets": 4194304,
                      "Original Hash Buckets": 4194304,
                      "Hash Batches": 1,
                      "Original Hash Batches": 1,
                      "Peak Memory Usage": 131744,
                      "Plans": [
                        {
                          "Node Type": "Seq Scan",
                          "Parent Relationship": "Outer",
                          "Parallel Aware": true,
                          "Relation Name": "title",
                          "Alias": "t",
                          "Startup Cost": 0.0,
                          "Total Cost": 42319.06,
                          "Plan Rows": 632106,
                          "Plan Width": 4,
                          "Actual Startup Time": 0.048,
                          "Actual Total Time": 98.038,
                          "Actual Rows": 632078,
                          "Actual Loops": 4
                        }
                      ]
                    }
                  ]
                }
              ]
            }
          ]
        }
      ]
    },
    "Planning Time": 0.713,
    "Triggers": [],
    "Execution Time": 482.538
  }
]