[
    {
        "Bao": {
            "Bao prediction": "NaN",
            "Bao recommended hint": "(no hint)"
        }
    },
    {
        "Plan": {
            "Node Type": "Aggregate",
            "Strategy": "Plain",
            "Partial Mode": "Finalize",
            "Parallel Aware": false,
            "Startup Cost": 307889.95,
            "Total Cost": 307889.96,
            "Plan Rows": 1,
            "Plan Width": 8,
            "Actual Startup Time": 319.878,
            "Actual Total Time": 329.026,
            "Actual Rows": 1,
            "Actual Loops": 1,
            "Output": [
                "count(*)"
            ],
            "Plans": [
                {
                    "Node Type": "Gather",
                    "Parent Relationship": "Outer",
                    "Parallel Aware": false,
                    "Startup Cost": 307889.33,
                    "Total Cost": 307889.94,
                    "Plan Rows": 6,
                    "Plan Width": 8,
                    "Actual Startup Time": 318.906,
                    "Actual Total Time": 329.017,
                    "Actual Rows": 7,
                    "Actual Loops": 1,
                    "Output": [
                        "(PARTIAL count(*))"
                    ],
                    "Workers Planned": 6,
                    "Workers Launched": 6,
                    "Single Copy": false,
                    "Plans": [
                        {
                            "Node Type": "Aggregate",
                            "Strategy": "Plain",
                            "Partial Mode": "Partial",
                            "Parent Relationship": "Outer",
                            "Parallel Aware": false,
                            "Startup Cost": 306889.33,
                            "Total Cost": 306889.34,
                            "Plan Rows": 1,
                            "Plan Width": 8,
                            "Actual Startup Time": 308.931,
                            "Actual Total Time": 308.933,
                            "Actual Rows": 1,
                            "Actual Loops": 7,
                            "Output": [
                                "PARTIAL count(*)"
                            ],
                            "Workers": [
                                {
                                    "Worker Number": 0,
                                    "Actual Startup Time": 307.162,
                                    "Actual Total Time": 307.164,
                                    "Actual Rows": 1,
                                    "Actual Loops": 1
                                },
                                {
                                    "Worker Number": 1,
                                    "Actual Startup Time": 307.145,
                                    "Actual Total Time": 307.147,
                                    "Actual Rows": 1,
                                    "Actual Loops": 1
                                },
                                {
                                    "Worker Number": 2,
                                    "Actual Startup Time": 307.127,
                                    "Actual Total Time": 307.129,
                                    "Actual Rows": 1,
                                    "Actual Loops": 1
                                },
                                {
                                    "Worker Number": 3,
                                    "Actual Startup Time": 307.297,
                                    "Actual Total Time": 307.299,
                                    "Actual Rows": 1,
                                    "Actual Loops": 1
                                },
                                {
                                    "Worker Number": 4,
                                    "Actual Startup Time": 307.665,
                                    "Actual Total Time": 307.667,
                                    "Actual Rows": 1,
                                    "Actual Loops": 1
                                },
                                {
                                    "Worker Number": 5,
                                    "Actual Startup Time": 307.639,
                                    "Actual Total Time": 307.641,
                                    "Actual Rows": 1,
                                    "Actual Loops": 1
                                }
                            ],
                            "Plans": [
                                {
                                    "Node Type": "Bitmap Heap Scan",
                                    "Parent Relationship": "Outer",
                                    "Parallel Aware": true,
                                    "Relation Name": "cast_info",
                                    "Schema": "public",
                                    "Alias": "ci",
                                    "Startup Cost": 48138.27,
                                    "Total Cost": 306298.3,
                                    "Plan Rows": 236410,
                                    "Plan Width": 0,
                                    "Actual Startup Time": 159.521,
                                    "Actual Total Time": 287.958,
                                    "Actual Rows": 325455,
                                    "Actual Loops": 7,
                                    "Recheck Cond": "(ci.person_id > 3616739)",
                                    "Rows Removed by Index Recheck": 0,
                                    "Filter": "(ci.role_id > 1)",
                                    "Rows Removed by Filter": 0,
                                    "Exact Heap Blocks": 5924,
                                    "Lossy Heap Blocks": 0,
                                    "Workers": [
                                        {
                                            "Worker Number": 0,
                                            "Actual Startup Time": 157.616,
                                            "Actual Total Time": 286.645,
                                            "Actual Rows": 271403,
                                            "Actual Loops": 1
                                        },
                                        {
                                            "Worker Number": 1,
                                            "Actual Startup Time": 157.606,
                                            "Actual Total Time": 286.851,
                                            "Actual Rows": 269758,
                                            "Actual Loops": 1
                                        },
                                        {
                                            "Worker Number": 2,
                                            "Actual Startup Time": 158.037,
                                            "Actual Total Time": 286.781,
                                            "Actual Rows": 270140,
                                            "Actual Loops": 1
                                        },
                                        {
                                            "Worker Number": 3,
                                            "Actual Startup Time": 157.939,
                                            "Actual Total Time": 287.426,
                                            "Actual Rows": 396448,
                                            "Actual Loops": 1
                                        },
                                        {
                                            "Worker Number": 4,
                                            "Actual Startup Time": 158.419,
                                            "Actual Total Time": 287.03,
                                            "Actual Rows": 273507,
                                            "Actual Loops": 1
                                        },
                                        {
                                            "Worker Number": 5,
                                            "Actual Startup Time": 158.47,
                                            "Actual Total Time": 287.535,
                                            "Actual Rows": 394325,
                                            "Actual Loops": 1
                                        }
                                    ],
                                    "Plans": [
                                        {
                                            "Node Type": "Bitmap Index Scan",
                                            "Parent Relationship": "Outer",
                                            "Parallel Aware": false,
                                            "Index Name": "person_id_cast_info",
                                            "Startup Cost": 0.0,
                                            "Total Cost": 47783.65,
                                            "Plan Rows": 2189212,
                                            "Plan Width": 0,
                                            "Actual Startup Time": 160.131,
                                            "Actual Total Time": 160.131,
                                            "Actual Rows": 2278188,
                                            "Actual Loops": 1,
                                            "Index Cond": "(ci.person_id > 3616739)"
                                        }
                                    ]
                                }
                            ]
                        }
                    ]
                }
            ]
        },
        "Planning Time": 304.719,
        "Triggers": [],
        "Execution Time": 329.092
    }
]