[
  {
    "Plan": {
      "Node Type": "Aggregate",
      "Strategy": "Plain",
      "Partial Mode": "Finalize",
      "Parallel Aware": false,
      "Startup Cost": 83585.02,
      "Total Cost": 83585.03,
      "Plan Rows": 1,
      "Plan Width": 8,
      "Actual Startup Time": 387.547,
      "Actual Total Time": 400.836,
      "Actual Rows": 1,
      "Actual Loops": 1,
      "Plans": [
        {
          "Node Type": "Gather",
          "Parent Relationship": "Outer",
          "Parallel Aware": false,
          "Startup Cost": 83584.7,
          "Total Cost": 83585.01,
          "Plan Rows": 3,
          "Plan Width": 8,
          "Actual Startup Time": 381.701,
          "Actual Total Time": 400.827,
          "Actual Rows": 4,
          "Actual Loops": 1,
          "Workers Planned": 3,
          "Workers Launched": 3,
          "Single Copy": false,
          "Plans": [
            {
              "Node Type": "Aggregate",
              "Strategy": "Plain",
              "Partial Mode": "Partial",
              "Parent Relationship": "Outer",
              "Parallel Aware": false,
              "Startup Cost": 82584.7,
              "Total Cost": 82584.71,
              "Plan Rows": 1,
              "Plan Width": 8,
              "Actual Startup Time": 368.198,
              "Actual Total Time": 368.204,
              "Actual Rows": 1,
              "Actual Loops": 4,
              "Plans": [
                {
                  "Node Type": "Hash Join",
                  "Parent Relationship": "Outer",
                  "Parallel Aware": true,
                  "Join Type": "Inner",
                  "Startup Cost": 50469.31,
                  "Total Cost": 82321.6,
                  "Plan Rows": 105243,
                  "Plan Width": 0,
                  "Actual Startup Time": 289.335,
                  "Actual Total Time": 367.532,
                  "Actual Rows": 11508,
                  "Actual Loops": 4,
                  "Inner Unique": true,
                  "Hash Cond": "(mc.movie_id = t.id)",
                  "Plans": [
                    {
                      "Node Type": "Seq Scan",
                      "Parent Relationship": "Outer",
                      "Parallel Aware": true,
                      "Relation Name": "movie_companies",
                      "Alias": "mc",
                      "Startup Cost": 0.0,
                      "Total Cost": 31414.82,
                      "Plan Rows": 166654,
                      "Plan Width": 4,
                      "Actual Startup Time": 11.11,
                      "Actual Total Time": 68.429,
                      "Actual Rows": 53670,
                      "Actual Loops": 4,
                      "Filter": "((company_id > 14982) AND (company_type_id < 2))",
                      "Rows Removed by Filter": 598612
                    },
                    {
                      "Node Type": "Hash",
                      "Parent Relationship": "Inner",
                      "Parallel Aware": true,
                      "Startup Cost": 45479.59,
                      "Total Cost": 45479.59,
                      "Plan Rows": 399178,
                      "Plan Width": 4,
                      "Actual Startup Time": 271.745,
                      "Actual Total Time": 271.749,
                      "Actual Rows": 425031,
                      "Actual Loops": 4,
                      "Hash Buckets": 2097152,
                      "Original Hash Buckets": 2097152,
                      "Hash Batches": 1,
                      "Original Hash Batches": 1,
                      "Peak Memory Usage": 82944,
                      "Plans": [
                        {
                          "Node Type": "Seq Scan",
                          "Parent Relationship": "Outer",
                          "Parallel Aware": true,
                          "Relation Name": "title",
                          "Alias": "t",
                          "Startup Cost": 0.0,
                          "Total Cost": 45479.59,
                          "Plan Rows": 399178,
                          "Plan Width": 4,
                          "Actual Startup Time": 0.033,
                          "Actual Total Time": 122.774,
                          "Actual Rows": 425031,
                          "Actual Loops": 4,
                          "Filter": "((kind_id > 1) AND (production_year > 1965))",
                          "Rows Removed by Filter": 207047
                        }
                      ]
                    }
                  ]
                }
              ]
            }
          ]
        }
      ]
    },
    "Planning Time": 0.25,
    "Triggers": [],
    "Execution Time": 400.87
  }
]