[
    {
        "Bao": {
            "Bao prediction": 603.272,
            "Bao recommended hint": "(no hint)"
        }
    },
    {
        "Plan": {
            "Node Type": "Aggregate",
            "Strategy": "Plain",
            "Partial Mode": "Simple",
            "Parallel Aware": false,
            "Startup Cost": 27186.31,
            "Total Cost": 27186.32,
            "Plan Rows": 1,
            "Plan Width": 8,
            "Actual Startup Time": 64.111,
            "Actual Total Time": 64.113,
            "Actual Rows": 1,
            "Actual Loops": 1,
            "Output": [
                "count(*)"
            ],
            "Plans": [
                {
                    "Node Type": "Bitmap Heap Scan",
                    "Parent Relationship": "Outer",
                    "Parallel Aware": false,
                    "Relation Name": "movie_keyword",
                    "Schema": "public",
                    "Alias": "mk",
                    "Startup Cost": 1600.96,
                    "Total Cost": 26997.75,
                    "Plan Rows": 75423,
                    "Plan Width": 0,
                    "Actual Startup Time": 22.708,
                    "Actual Total Time": 58.858,
                    "Actual Rows": 71389,
                    "Actual Loops": 1,
                    "Recheck Cond": "(mk.keyword_id > 90707)",
                    "Rows Removed by Index Recheck": 0,
                    "Exact Heap Blocks": 15009,
                    "Lossy Heap Blocks": 0,
                    "Plans": [
                        {
                            "Node Type": "Bitmap Index Scan",
                            "Parent Relationship": "Outer",
                            "Parallel Aware": false,
                            "Index Name": "keyword_id_movie_keyword",
                            "Startup Cost": 0.0,
                            "Total Cost": 1582.11,
                            "Plan Rows": 75423,
                            "Plan Width": 0,
                            "Actual Startup Time": 17.493,
                            "Actual Total Time": 17.494,
                            "Actual Rows": 71389,
                            "Actual Loops": 1,
                            "Index Cond": "(mk.keyword_id > 90707)"
                        }
                    ]
                }
            ]
        },
        "Planning Time": 450.839,
        "Triggers": [],
        "Execution Time": 64.432
    }
]