[
  {
    "Plan": {
      "Node Type": "Aggregate",
      "Strategy": "Plain",
      "Partial Mode": "Simple",
      "Parallel Aware": false,
      "Startup Cost": 2958.74,
      "Total Cost": 2958.75,
      "Plan Rows": 1,
      "Plan Width": 8,
      "Actual Startup Time": 15.148,
      "Actual Total Time": 15.151,
      "Actual Rows": 1,
      "Actual Loops": 1,
      "Plans": [
        {
          "Node Type": "Nested Loop",
          "Parent Relationship": "Outer",
          "Parallel Aware": false,
          "Join Type": "Inner",
          "Startup Cost": 6.75,
          "Total Cost": 2958.5,
          "Plan Rows": 96,
          "Plan Width": 0,
          "Actual Startup Time": 0.971,
          "Actual Total Time": 14.854,
          "Actual Rows": 1267,
          "Actual Loops": 1,
          "Inner Unique": true,
          "Plans": [
            {
              "Node Type": "Bitmap Heap Scan",
              "Parent Relationship": "Outer",
              "Parallel Aware": false,
              "Relation Name": "movie_keyword",
              "Alias": "mk",
              "Startup Cost": 6.32,
              "Total Cost": 908.7,
              "Plan Rows": 244,
              "Plan Width": 4,
              "Actual Startup Time": 0.945,
              "Actual Total Time": 4.208,
              "Actual Rows": 1413,
              "Actual Loops": 1,
              "Recheck Cond": "(keyword_id = 4619)",
              "Rows Removed by Index Recheck": 0,
              "Exact Heap Blocks": 1211,
              "Lossy Heap Blocks": 0,
              "Plans": [
                {
                  "Node Type": "Bitmap Index Scan",
                  "Parent Relationship": "Outer",
                  "Parallel Aware": false,
                  "Index Name": "keyword_id_movie_keyword",
                  "Startup Cost": 0.0,
                  "Total Cost": 6.26,
                  "Plan Rows": 244,
                  "Plan Width": 0,
                  "Actual Startup Time": 0.478,
                  "Actual Total Time": 0.479,
                  "Actual Rows": 1413,
                  "Actual Loops": 1,
                  "Index Cond": "(keyword_id = 4619)"
                }
              ]
            },
            {
              "Node Type": "Index Scan",
              "Parent Relationship": "Inner",
              "Parallel Aware": false,
              "Scan Direction": "Forward",
              "Index Name": "title_pkey",
              "Relation Name": "title",
              "Alias": "t",
              "Startup Cost": 0.43,
              "Total Cost": 8.4,
              "Plan Rows": 1,
              "Plan Width": 4,
              "Actual Startup Time": 0.007,
              "Actual Total Time": 0.007,
              "Actual Rows": 1,
              "Actual Loops": 1413,
              "Index Cond": "(id = mk.movie_id)",
              "Rows Removed by Index Recheck": 0,
              "Filter": "(kind_id < 7)",
              "Rows Removed by Filter": 0
            }
          ]
        }
      ]
    },
    "Planning Time": 0.594,
    "Triggers": [],
    "Execution Time": 15.224
  }
]