[
  {
    "Plan": {
      "Node Type": "Aggregate",
      "Strategy": "Plain",
      "Partial Mode": "Finalize",
      "Parallel Aware": false,
      "Startup Cost": 77102.48,
      "Total Cost": 77102.49,
      "Plan Rows": 1,
      "Plan Width": 8,
      "Actual Startup Time": 272.196,
      "Actual Total Time": 287.965,
      "Actual Rows": 1,
      "Actual Loops": 1,
      "Plans": [
        {
          "Node Type": "Gather",
          "Parent Relationship": "Outer",
          "Parallel Aware": false,
          "Startup Cost": 77102.17,
          "Total Cost": 77102.48,
          "Plan Rows": 3,
          "Plan Width": 8,
          "Actual Startup Time": 270.797,
          "Actual Total Time": 287.953,
          "Actual Rows": 4,
          "Actual Loops": 1,
          "Workers Planned": 3,
          "Workers Launched": 3,
          "Single Copy": false,
          "Plans": [
            {
              "Node Type": "Aggregate",
              "Strategy": "Plain",
              "Partial Mode": "Partial",
              "Parent Relationship": "Outer",
              "Parallel Aware": false,
              "Startup Cost": 76102.17,
              "Total Cost": 76102.18,
              "Plan Rows": 1,
              "Plan Width": 8,
              "Actual Startup Time": 266.548,
              "Actual Total Time": 266.552,
              "Actual Rows": 1,
              "Actual Loops": 4,
              "Plans": [
                {
                  "Node Type": "Hash Join",
                  "Parent Relationship": "Outer",
                  "Parallel Aware": true,
                  "Join Type": "Inner",
                  "Startup Cost": 46432.51,
                  "Total Cost": 75848.4,
                  "Plan Rows": 101506,
                  "Plan Width": 0,
                  "Actual Startup Time": 118.223,
                  "Actual Total Time": 262.089,
                  "Actual Rows": 105022,
                  "Actual Loops": 4,
                  "Inner Unique": true,
                  "Hash Cond": "(mc.movie_id = t.id)",
                  "Plans": [
                    {
                      "Node Type": "Seq Scan",
                      "Parent Relationship": "Outer",
                      "Parallel Aware": true,
                      "Relation Name": "movie_companies",
                      "Alias": "mc",
                      "Startup Cost": 0.0,
                      "Total Cost": 27206.55,
                      "Plan Rows": 841655,
                      "Plan Width": 4,
                      "Actual Startup Time": 0.017,
                      "Actual Total Time": 54.355,
                      "Actual Rows": 652282,
                      "Actual Loops": 4
                    },
                    {
                      "Node Type": "Hash",
                      "Parent Relationship": "Inner",
                      "Parallel Aware": true,
                      "Startup Cost": 45479.59,
                      "Total Cost": 45479.59,
                      "Plan Rows": 76234,
                      "Plan Width": 4,
                      "Actual Startup Time": 115.614,
                      "Actual Total Time": 115.615,
                      "Actual Rows": 66650,
                      "Actual Loops": 4,
                      "Hash Buckets": 524288,
                      "Original Hash Buckets": 524288,
                      "Hash Batches": 1,
                      "Original Hash Batches": 1,
                      "Peak Memory Usage": 14592,
                      "Plans": [
                        {
                          "Node Type": "Seq Scan",
                          "Parent Relationship": "Outer",
                          "Parallel Aware": true,
                          "Relation Name": "title",
                          "Alias": "t",
                          "Startup Cost": 0.0,
                          "Total Cost": 45479.59,
                          "Plan Rows": 76234,
                          "Plan Width": 4,
                          "Actual Startup Time": 0.045,
                          "Actual Total Time": 89.516,
                          "Actual Rows": 66650,
                          "Actual Loops": 4,
                          "Filter": "((kind_id < 7) AND (production_year > 2007))",
                          "Rows Removed by Filter": 565428
                        }
                      ]
                    }
                  ]
                }
              ]
            }
          ]
        }
      ]
    },
    "Planning Time": 0.487,
    "Triggers": [],
    "Execution Time": 288.02
  }
]