{
    "Plan": {
        "Node Type": "Aggregate",
        "Strategy": "Plain",
        "Partial Mode": "Finalize",
        "Parallel Aware": false,
        "Startup Cost": 101394.52,
        "Total Cost": 101394.53,
        "Plan Rows": 1,
        "Plan Width": 8,
        "Actual Startup Time": 437.286,
        "Actual Total Time": 476.722,
        "Actual Rows": 1,
        "Actual Loops": 1,
        "Output": [
            "count(*)"
        ],
        "Plans": [
            {
                "Node Type": "Gather",
                "Parent Relationship": "Outer",
                "Parallel Aware": false,
                "Startup Cost": 101394.1,
                "Total Cost": 101394.51,
                "Plan Rows": 4,
                "Plan Width": 8,
                "Actual Startup Time": 436.272,
                "Actual Total Time": 476.712,
                "Actual Rows": 5,
                "Actual Loops": 1,
                "Output": [
                    "(PARTIAL count(*))"
                ],
                "Workers Planned": 4,
                "Workers Launched": 4,
                "Single Copy": false,
                "Plans": [
                    {
                        "Node Type": "Aggregate",
                        "Strategy": "Plain",
                        "Partial Mode": "Partial",
                        "Parent Relationship": "Outer",
                        "Parallel Aware": false,
                        "Startup Cost": 100394.1,
                        "Total Cost": 100394.11,
                        "Plan Rows": 1,
                        "Plan Width": 8,
                        "Actual Startup Time": 425.781,
                        "Actual Total Time": 425.783,
                        "Actual Rows": 1,
                        "Actual Loops": 5,
                        "Output": [
                            "PARTIAL count(*)"
                        ],
                        "Workers": [
                            {
                                "Worker Number": 0,
                                "Actual Startup Time": 424.951,
                                "Actual Total Time": 424.953,
                                "Actual Rows": 1,
                                "Actual Loops": 1
                            },
                            {
                                "Worker Number": 1,
                                "Actual Startup Time": 423.569,
                                "Actual Total Time": 423.572,
                                "Actual Rows": 1,
                                "Actual Loops": 1
                            },
                            {
                                "Worker Number": 2,
                                "Actual Startup Time": 423.948,
                                "Actual Total Time": 423.95,
                                "Actual Rows": 1,
                                "Actual Loops": 1
                            },
                            {
                                "Worker Number": 3,
                                "Actual Startup Time": 422.902,
                                "Actual Total Time": 422.904,
                                "Actual Rows": 1,
                                "Actual Loops": 1
                            }
                        ],
                        "Plans": [
                            {
                                "Node Type": "Nested Loop",
                                "Parent Relationship": "Outer",
                                "Parallel Aware": false,
                                "Join Type": "Inner",
                                "Startup Cost": 1.0,
                                "Total Cost": 100092.28,
                                "Plan Rows": 120729,
                                "Plan Width": 0,
                                "Actual Startup Time": 1.714,
                                "Actual Total Time": 407.344,
                                "Actual Rows": 366980,
                                "Actual Loops": 5,
                                "Inner Unique": false,
                                "Join Filter": "(t.id = ci.movie_id)",
                                "Rows Removed by Join Filter": 0,
                                "Workers": [
                                    {
                                        "Worker Number": 0,
                                        "Actual Startup Time": 1.13,
                                        "Actual Total Time": 407.447,
                                        "Actual Rows": 362925,
                                        "Actual Loops": 1
                                    },
                                    {
                                        "Worker Number": 1,
                                        "Actual Startup Time": 5.033,
                                        "Actual Total Time": 404.861,
                                        "Actual Rows": 243630,
                                        "Actual Loops": 1
                                    },
                                    {
                                        "Worker Number": 2,
                                        "Actual Startup Time": 0.64,
                                        "Actual Total Time": 407.317,
                                        "Actual Rows": 352238,
                                        "Actual Loops": 1
                                    },
                                    {
                                        "Worker Number": 3,
                                        "Actual Startup Time": 1.636,
                                        "Actual Total Time": 404.74,
                                        "Actual Rows": 382579,
                                        "Actual Loops": 1
                                    }
                                ],
                                "Plans": [
                                    {
                                        "Node Type": "Nested Loop",
                                        "Parent Relationship": "Outer",
                                        "Parallel Aware": false,
                                        "Join Type": "Inner",
                                        "Startup Cost": 0.43,
                                        "Total Cost": 80845.47,
                                        "Plan Rows": 9161,
                                        "Plan Width": 8,
                                        "Actual Startup Time": 1.508,
                                        "Actual Total Time": 104.357,
                                        "Actual Rows": 9813,
                                        "Actual Loops": 5,
                                        "Output": [
                                            "t.id",
                                            "mk.movie_id"
                                        ],
                                        "Inner Unique": false,
                                        "Workers": [
                                            {
                                                "Worker Number": 0,
                                                "Actual Startup Time": 0.875,
                                                "Actual Total Time": 105.658,
                                                "Actual Rows": 9712,
                                                "Actual Loops": 1
                                            },
                                            {
                                                "Worker Number": 1,
                                                "Actual Startup Time": 4.821,
                                                "Actual Total Time": 101.041,
                                                "Actual Rows": 6614,
                                                "Actual Loops": 1
                                            },
                                            {
                                                "Worker Number": 2,
                                                "Actual Startup Time": 0.375,
                                                "Actual Total Time": 100.522,
                                                "Actual Rows": 9578,
                                                "Actual Loops": 1
                                            },
                                            {
                                                "Worker Number": 3,
                                                "Actual Startup Time": 1.372,
                                                "Actual Total Time": 97.782,
                                                "Actual Rows": 9323,
                                                "Actual Loops": 1
                                            }
                                        ],
                                        "Plans": [
                                            {
                                                "Node Type": "Seq Scan",
                                                "Parent Relationship": "Outer",
                                                "Parallel Aware": true,
                                                "Relation Name": "title",
                                                "Schema": "public",
                                                "Alias": "t",
                                                "Startup Cost": 0.0,
                                                "Total Cost": 43899.01,
                                                "Plan Rows": 5120,
                                                "Plan Width": 4,
                                                "Actual Startup Time": 0.206,
                                                "Actual Total Time": 74.415,
                                                "Actual Rows": 4024,
                                                "Actual Loops": 5,
                                                "Output": [
                                                    "t.id",
                                                    "t.title",
                                                    "t.imdb_index",
                                                    "t.kind_id",
                                                    "t.production_year",
                                                    "t.imdb_id",
                                                    "t.phonetic_code",
                                                    "t.episode_of_id",
                                                    "t.season_nr",
                                                    "t.episode_nr",
                                                    "t.series_years",
                                                    "t.md5sum"
                                                ],
                                                "Filter": "(t.production_year = 1987)",
                                                "Rows Removed by Filter": 501638,
                                                "Workers": [
                                                    {
                                                        "Worker Number": 0,
                                                        "Actual Startup Time": 0.272,
                                                        "Actual Total Time": 72.98,
                                                        "Actual Rows": 3680,
                                                        "Actual Loops": 1
                                                    },
                                                    {
                                                        "Worker Number": 1,
                                                        "Actual Startup Time": 0.567,
                                                        "Actual Total Time": 69.567,
                                                        "Actual Rows": 2582,
                                                        "Actual Loops": 1
                                                    },
                                                    {
                                                        "Worker Number": 2,
                                                        "Actual Startup Time": 0.07,
                                                        "Actual Total Time": 69.563,
                                                        "Actual Rows": 3645,
                                                        "Actual Loops": 1
                                                    },
                                                    {
                                                        "Worker Number": 3,
                                                        "Actual Startup Time": 0.069,
                                                        "Actual Total Time": 69.054,
                                                        "Actual Rows": 3393,
                                                        "Actual Loops": 1
                                                    }
                                                ]
                                            },
                                            {
                                                "Node Type": "Index Only Scan",
                                                "Parent Relationship": "Inner",
                                                "Parallel Aware": false,
                                                "Scan Direction": "Forward",
                                                "Index Name": "movie_id_movie_keyword",
                                                "Relation Name": "movie_keyword",
                                                "Schema": "public",
                                                "Alias": "mk",
                                                "Startup Cost": 0.43,
                                                "Total Cost": 6.76,
                                                "Plan Rows": 46,
                                                "Plan Width": 4,
                                                "Actual Startup Time": 0.006,
                                                "Actual Total Time": 0.007,
                                                "Actual Rows": 2,
                                                "Actual Loops": 20122,
                                                "Output": [
                                                    "mk.movie_id"
                                                ],
                                                "Index Cond": "(mk.movie_id = t.id)",
                                                "Rows Removed by Index Recheck": 0,
                                                "Heap Fetches": 49065,
                                                "Workers": [
                                                    {
                                                        "Worker Number": 0,
                                                        "Actual Startup Time": 0.008,
                                                        "Actual Total Time": 0.008,
                                                        "Actual Rows": 3,
                                                        "Actual Loops": 3680
                                                    },
                                                    {
                                                        "Worker Number": 1,
                                                        "Actual Startup Time": 0.01,
                                                        "Actual Total Time": 0.011,
                                                        "Actual Rows": 3,
                                                        "Actual Loops": 2582
                                                    },
                                                    {
                                                        "Worker Number": 2,
                                                        "Actual Startup Time": 0.007,
                                                        "Actual Total Time": 0.008,
                                                        "Actual Rows": 3,
                                                        "Actual Loops": 3645
                                                    },
                                                    {
                                                        "Worker Number": 3,
                                                        "Actual Startup Time": 0.007,
                                                        "Actual Total Time": 0.008,
                                                        "Actual Rows": 3,
                                                        "Actual Loops": 3393
                                                    }
                                                ]
                                            }
                                        ]
                                    },
                                    {
                                        "Node Type": "Index Scan",
                                        "Parent Relationship": "Inner",
                                        "Parallel Aware": false,
                                        "Scan Direction": "Forward",
                                        "Index Name": "movie_id_cast_info",
                                        "Relation Name": "cast_info",
                                        "Schema": "public",
                                        "Alias": "ci",
                                        "Startup Cost": 0.56,
                                        "Total Cost": 1.66,
                                        "Plan Rows": 35,
                                        "Plan Width": 4,
                                        "Actual Startup Time": 0.004,
                                        "Actual Total Time": 0.027,
                                        "Actual Rows": 37,
                                        "Actual Loops": 49065,
                                        "Output": [
                                            "ci.id",
                                            "ci.person_id",
                                            "ci.movie_id",
                                            "ci.person_role_id",
                                            "ci.note",
                                            "ci.nr_order",
                                            "ci.role_id"
                                        ],
                                        "Index Cond": "(ci.movie_id = mk.movie_id)",
                                        "Rows Removed by Index Recheck": 0,
                                        "Filter": "(ci.person_id < 3503645)",
                                        "Rows Removed by Filter": 6,
                                        "Workers": [
                                            {
                                                "Worker Number": 0,
                                                "Actual Startup Time": 0.004,
                                                "Actual Total Time": 0.027,
                                                "Actual Rows": 37,
                                                "Actual Loops": 9712
                                            },
                                            {
                                                "Worker Number": 1,
                                                "Actual Startup Time": 0.005,
                                                "Actual Total Time": 0.04,
                                                "Actual Rows": 37,
                                                "Actual Loops": 6614
                                            },
                                            {
                                                "Worker Number": 2,
                                                "Actual Startup Time": 0.004,
                                                "Actual Total Time": 0.028,
                                                "Actual Rows": 37,
                                                "Actual Loops": 9578
                                            },
                                            {
                                                "Worker Number": 3,
                                                "Actual Startup Time": 0.004,
                                                "Actual Total Time": 0.029,
                                                "Actual Rows": 41,
                                                "Actual Loops": 9323
                                            }
                                        ]
                                    }
                                ]
                            }
                        ]
                    }
                ]
            }
        ]
    },
    "Planning Time": 1.51,
    "Triggers": [],
    "Execution Time": 476.837
}