[
  {
    "Plan": {
      "Node Type": "Aggregate",
      "Strategy": "Plain",
      "Partial Mode": "Finalize",
      "Parallel Aware": false,
      "Startup Cost": 44579.35,
      "Total Cost": 44579.36,
      "Plan Rows": 1,
      "Plan Width": 8,
      "Actual Startup Time": 117.349,
      "Actual Total Time": 126.224,
      "Actual Rows": 1,
      "Actual Loops": 1,
      "Plans": [
        {
          "Node Type": "Gather",
          "Parent Relationship": "Outer",
          "Parallel Aware": false,
          "Startup Cost": 44579.03,
          "Total Cost": 44579.34,
          "Plan Rows": 3,
          "Plan Width": 8,
          "Actual Startup Time": 117.195,
          "Actual Total Time": 126.215,
          "Actual Rows": 4,
          "Actual Loops": 1,
          "Workers Planned": 3,
          "Workers Launched": 3,
          "Single Copy": false,
          "Plans": [
            {
              "Node Type": "Aggregate",
              "Strategy": "Plain",
              "Partial Mode": "Partial",
              "Parent Relationship": "Outer",
              "Parallel Aware": false,
              "Startup Cost": 43579.03,
              "Total Cost": 43579.04,
              "Plan Rows": 1,
              "Plan Width": 8,
              "Actual Startup Time": 112.406,
              "Actual Total Time": 112.407,
              "Actual Rows": 1,
              "Actual Loops": 4,
              "Plans": [
                {
                  "Node Type": "Seq Scan",
                  "Parent Relationship": "Outer",
                  "Parallel Aware": true,
                  "Relation Name": "movie_keyword",
                  "Alias": "mk",
                  "Startup Cost": 0.0,
                  "Total Cost": 42695.65,
                  "Plan Rows": 353350,
                  "Plan Width": 0,
                  "Actual Startup Time": 0.033,
                  "Actual Total Time": 99.655,
                  "Actual Rows": 275672,
                  "Actual Loops": 4,
                  "Filter": "(keyword_id < 1135)",
                  "Rows Removed by Filter": 855311
                }
              ]
            }
          ]
        }
      ]
    },
    "Planning Time": 0.078,
    "Triggers": [],
    "Execution Time": 126.25
  }
]