{
  "Plan": {
    "Node Type": "Aggregate",
    "Strategy": "Plain",
    "Partial Mode": "Finalize",
    "Parallel Aware": false,
    "Startup Cost": 50375.08,
    "Total Cost": 50375.09,
    "Plan Rows": 1,
    "Plan Width": 8,
    "Actual Startup Time": 149.864,
    "Actual Total Time": 180.791,
    "Actual Rows": 1,
    "Actual Loops": 1,
    "Plans": [
      {
        "Node Type": "Gather",
        "Parent Relationship": "Outer",
        "Parallel Aware": false,
        "Startup Cost": 50374.97,
        "Total Cost": 50375.08,
        "Plan Rows": 1,
        "Plan Width": 8,
        "Actual Startup Time": 149.577,
        "Actual Total Time": 180.783,
        "Actual Rows": 2,
        "Actual Loops": 1,
        "Workers Planned": 1,
        "Workers Launched": 1,
        "Single Copy": false,
        "Plans": [
          {
            "Node Type": "Aggregate",
            "Strategy": "Plain",
            "Partial Mode": "Partial",
            "Parent Relationship": "Outer",
            "Parallel Aware": false,
            "Startup Cost": 49374.97,
            "Total Cost": 49374.98,
            "Plan Rows": 1,
            "Plan Width": 8,
            "Actual Startup Time": 143.417,
            "Actual Total Time": 143.42,
            "Actual Rows": 1,
            "Actual Loops": 2,
            "Plans": [
              {
                "Node Type": "Nested Loop",
                "Parent Relationship": "Outer",
                "Parallel Aware": false,
                "Join Type": "Inner",
                "Startup Cost": 152.22,
                "Total Cost": 49373.2,
                "Plan Rows": 708,
                "Plan Width": 0,
                "Actual Startup Time": 4.214,
                "Actual Total Time": 143.007,
                "Actual Rows": 6151,
                "Actual Loops": 2,
                "Inner Unique": false,
                "Plans": [
                  {
                    "Node Type": "Nested Loop",
                    "Parent Relationship": "Outer",
                    "Parallel Aware": false,
                    "Join Type": "Inner",
                    "Startup Cost": 151.79,
                    "Total Cost": 44647.73,
                    "Plan Rows": 2548,
                    "Plan Width": 8,
                    "Actual Startup Time": 4.096,
                    "Actual Total Time": 37.704,
                    "Actual Rows": 3064,
                    "Actual Loops": 2,
                    "Inner Unique": true,
                    "Plans": [
                      {
                        "Node Type": "Bitmap Heap Scan",
                        "Parent Relationship": "Outer",
                        "Parallel Aware": true,
                        "Relation Name": "movie_keyword",
                        "Alias": "mk",
                        "Startup Cost": 151.36,
                        "Total Cost": 15622.29,
                        "Plan Rows": 4169,
                        "Plan Width": 4,
                        "Actual Startup Time": 3.895,
                        "Actual Total Time": 13.635,
                        "Actual Rows": 3852,
                        "Actual Loops": 2,
                        "Recheck Cond": "(keyword_id = 797)",
                        "Rows Removed by Index Recheck": 0,
                        "Exact Heap Blocks": 4613,
                        "Lossy Heap Blocks": 0,
                        "Plans": [
                          {
                            "Node Type": "Bitmap Index Scan",
                            "Parent Relationship": "Outer",
                            "Parallel Aware": false,
                            "Index Name": "keyword_id_movie_keyword",
                            "Startup Cost": 0.0,
                            "Total Cost": 149.59,
                            "Plan Rows": 7087,
                            "Plan Width": 0,
                            "Actual Startup Time": 4.488,
                            "Actual Total Time": 4.489,
                            "Actual Rows": 7704,
                            "Actual Loops": 1,
                            "Index Cond": "(keyword_id = 797)"
                          }
                        ]
                      },
                      {
                        "Node Type": "Index Scan",
                        "Parent Relationship": "Inner",
                        "Parallel Aware": false,
                        "Scan Direction": "Forward",
                        "Index Name": "title_pkey",
                        "Relation Name": "title",
                        "Alias": "t",
                        "Startup Cost": 0.43,
                        "Total Cost": 6.96,
                        "Plan Rows": 1,
                        "Plan Width": 4,
                        "Actual Startup Time": 0.006,
                        "Actual Total Time": 0.006,
                        "Actual Rows": 1,
                        "Actual Loops": 7704,
                        "Index Cond": "(id = mk.movie_id)",
                        "Rows Removed by Index Recheck": 0,
                        "Filter": "(production_year < 2007)",
                        "Rows Removed by Filter": 0
                      }
                    ]
                  },
                  {
                    "Node Type": "Index Scan",
                    "Parent Relationship": "Inner",
                    "Parallel Aware": false,
                    "Scan Direction": "Forward",
                    "Index Name": "movie_id_movie_info",
                    "Relation Name": "movie_info",
                    "Alias": "mi",
                    "Startup Cost": 0.43,
                    "Total Cost": 1.83,
                    "Plan Rows": 2,
                    "Plan Width": 4,
                    "Actual Startup Time": 0.016,
                    "Actual Total Time": 0.034,
                    "Actual Rows": 2,
                    "Actual Loops": 6127,
                    "Index Cond": "(movie_id = t.id)",
                    "Rows Removed by Index Recheck": 0,
                    "Filter": "(info_type_id = 18)",
                    "Rows Removed by Filter": 51
                  }
                ]
              }
            ]
          }
        ]
      }
    ]
  },
  "Planning Time": 0.944,
  "Triggers": [],
  "Execution Time": 180.896
}