[
  {
    "Plan": {
      "Node Type": "Aggregate",
      "Strategy": "Plain",
      "Partial Mode": "Finalize",
      "Parallel Aware": false,
      "Startup Cost": 31806.82,
      "Total Cost": 31806.83,
      "Plan Rows": 1,
      "Plan Width": 8,
      "Actual Startup Time": 109.476,
      "Actual Total Time": 113.664,
      "Actual Rows": 1,
      "Actual Loops": 1,
      "Plans": [
        {
          "Node Type": "Gather",
          "Parent Relationship": "Outer",
          "Parallel Aware": false,
          "Startup Cost": 31806.5,
          "Total Cost": 31806.81,
          "Plan Rows": 3,
          "Plan Width": 8,
          "Actual Startup Time": 109.381,
          "Actual Total Time": 113.62,
          "Actual Rows": 4,
          "Actual Loops": 1,
          "Workers Planned": 3,
          "Workers Launched": 3,
          "Single Copy": false,
          "Plans": [
            {
              "Node Type": "Aggregate",
              "Strategy": "Plain",
              "Partial Mode": "Partial",
              "Parent Relationship": "Outer",
              "Parallel Aware": false,
              "Startup Cost": 30806.5,
              "Total Cost": 30806.51,
              "Plan Rows": 1,
              "Plan Width": 8,
              "Actual Startup Time": 101.894,
              "Actual Total Time": 101.895,
              "Actual Rows": 1,
              "Actual Loops": 4,
              "Plans": [
                {
                  "Node Type": "Seq Scan",
                  "Parent Relationship": "Outer",
                  "Parallel Aware": true,
                  "Relation Name": "movie_companies",
                  "Alias": "mc",
                  "Startup Cost": 0.0,
                  "Total Cost": 29310.68,
                  "Plan Rows": 598329,
                  "Plan Width": 0,
                  "Actual Startup Time": 0.956,
                  "Actual Total Time": 80.771,
                  "Actual Rows": 463798,
                  "Actual Loops": 4,
                  "Filter": "(company_id > 1479)",
                  "Rows Removed by Filter": 188484
                }
              ]
            }
          ]
        }
      ]
    },
    "Planning Time": 0.139,
    "Triggers": [],
    "Execution Time": 113.706
  }
]