[
  {
    "Plan": {
      "Node Type": "Aggregate",
      "Strategy": "Plain",
      "Partial Mode": "Finalize",
      "Parallel Aware": false,
      "Startup Cost": 73978.22,
      "Total Cost": 73978.23,
      "Plan Rows": 1,
      "Plan Width": 8,
      "Actual Startup Time": 243.814,
      "Actual Total Time": 258.457,
      "Actual Rows": 1,
      "Actual Loops": 1,
      "Plans": [
        {
          "Node Type": "Gather",
          "Parent Relationship": "Outer",
          "Parallel Aware": false,
          "Startup Cost": 73977.91,
          "Total Cost": 73978.22,
          "Plan Rows": 3,
          "Plan Width": 8,
          "Actual Startup Time": 239.848,
          "Actual Total Time": 258.45,
          "Actual Rows": 4,
          "Actual Loops": 1,
          "Workers Planned": 3,
          "Workers Launched": 3,
          "Single Copy": false,
          "Plans": [
            {
              "Node Type": "Aggregate",
              "Strategy": "Plain",
              "Partial Mode": "Partial",
              "Parent Relationship": "Outer",
              "Parallel Aware": false,
              "Startup Cost": 72977.91,
              "Total Cost": 72977.92,
              "Plan Rows": 1,
              "Plan Width": 8,
              "Actual Startup Time": 231.077,
              "Actual Total Time": 231.081,
              "Actual Rows": 1,
              "Actual Loops": 4,
              "Plans": [
                {
                  "Node Type": "Hash Join",
                  "Parent Relationship": "Outer",
                  "Parallel Aware": true,
                  "Join Type": "Inner",
                  "Startup Cost": 48224.38,
                  "Total Cost": 72959.67,
                  "Plan Rows": 7293,
                  "Plan Width": 0,
                  "Actual Startup Time": 202.998,
                  "Actual Total Time": 230.158,
                  "Actual Rows": 14080,
                  "Actual Loops": 4,
                  "Inner Unique": true,
                  "Hash Cond": "(mk.movie_id = t.id)",
                  "Plans": [
                    {
                      "Node Type": "Bitmap Heap Scan",
                      "Parent Relationship": "Outer",
                      "Parallel Aware": true,
                      "Relation Name": "movie_keyword",
                      "Alias": "mk",
                      "Startup Cost": 1227.25,
                      "Total Cost": 25913.73,
                      "Plan Rows": 18598,
                      "Plan Width": 4,
                      "Actual Startup Time": 8.555,
                      "Actual Total Time": 28.745,
                      "Actual Rows": 14080,
                      "Actual Loops": 4,
                      "Recheck Cond": "(keyword_id > 96723)",
                      "Rows Removed by Index Recheck": 0,
                      "Exact Heap Blocks": 5886,
                      "Lossy Heap Blocks": 0,
                      "Plans": [
                        {
                          "Node Type": "Bitmap Index Scan",
                          "Parent Relationship": "Outer",
                          "Parallel Aware": false,
                          "Index Name": "keyword_id_movie_keyword",
                          "Startup Cost": 0.0,
                          "Total Cost": 1212.84,
                          "Plan Rows": 57654,
                          "Plan Width": 0,
                          "Actual Startup Time": 5.582,
                          "Actual Total Time": 5.583,
                          "Actual Rows": 56318,
                          "Actual Loops": 1,
                          "Index Cond": "(keyword_id > 96723)"
                        }
                      ]
                    },
                    {
                      "Node Type": "Hash",
                      "Parent Relationship": "Inner",
                      "Parallel Aware": true,
                      "Startup Cost": 43898.92,
                      "Total Cost": 43898.92,
                      "Plan Rows": 247857,
                      "Plan Width": 4,
                      "Actual Startup Time": 189.408,
                      "Actual Total Time": 189.409,
                      "Actual Rows": 246262,
                      "Actual Loops": 4,
                      "Hash Buckets": 1048576,
                      "Original Hash Buckets": 1048576,
                      "Hash Batches": 1,
                      "Original Hash Batches": 1,
                      "Peak Memory Usage": 46816,
                      "Plans": [
                        {
                          "Node Type": "Seq Scan",
                          "Parent Relationship": "Outer",
                          "Parallel Aware": true,
                          "Relation Name": "title",
                          "Alias": "t",
                          "Startup Cost": 0.0,
                          "Total Cost": 43898.92,
                          "Plan Rows": 247857,
                          "Plan Width": 4,
                          "Actual Startup Time": 0.044,
                          "Actual Total Time": 106.33,
                          "Actual Rows": 246262,
                          "Actual Loops": 4,
                          "Filter": "(kind_id < 7)",
                          "Rows Removed by Filter": 385816
                        }
                      ]
                    }
                  ]
                }
              ]
            }
          ]
        }
      ]
    },
    "Planning Time": 0.649,
    "Triggers": [],
    "Execution Time": 258.541
  }
]