[
  {
    "Plan": {
      "Node Type": "Aggregate",
      "Strategy": "Plain",
      "Partial Mode": "Finalize",
      "Parallel Aware": false,
      "Startup Cost": 80867.97,
      "Total Cost": 80867.98,
      "Plan Rows": 1,
      "Plan Width": 8,
      "Actual Startup Time": 404.523,
      "Actual Total Time": 420.129,
      "Actual Rows": 1,
      "Actual Loops": 1,
      "Plans": [
        {
          "Node Type": "Gather",
          "Parent Relationship": "Outer",
          "Parallel Aware": false,
          "Startup Cost": 80867.65,
          "Total Cost": 80867.96,
          "Plan Rows": 3,
          "Plan Width": 8,
          "Actual Startup Time": 401.276,
          "Actual Total Time": 420.121,
          "Actual Rows": 4,
          "Actual Loops": 1,
          "Workers Planned": 3,
          "Workers Launched": 3,
          "Single Copy": false,
          "Plans": [
            {
              "Node Type": "Aggregate",
              "Strategy": "Plain",
              "Partial Mode": "Partial",
              "Parent Relationship": "Outer",
              "Parallel Aware": false,
              "Startup Cost": 79867.65,
              "Total Cost": 79867.66,
              "Plan Rows": 1,
              "Plan Width": 8,
              "Actual Startup Time": 393.703,
              "Actual Total Time": 393.707,
              "Actual Rows": 1,
              "Actual Loops": 4,
              "Plans": [
                {
                  "Node Type": "Hash Join",
                  "Parent Relationship": "Outer",
                  "Parallel Aware": true,
                  "Join Type": "Inner",
                  "Startup Cost": 48745.44,
                  "Total Cost": 79355.97,
                  "Plan Rows": 204673,
                  "Plan Width": 0,
                  "Actual Startup Time": 242.974,
                  "Actual Total Time": 392.257,
                  "Actual Rows": 34840,
                  "Actual Loops": 4,
                  "Inner Unique": true,
                  "Hash Cond": "(mc.movie_id = t.id)",
                  "Plans": [
                    {
                      "Node Type": "Seq Scan",
                      "Parent Relationship": "Outer",
                      "Parallel Aware": true,
                      "Relation Name": "movie_companies",
                      "Alias": "mc",
                      "Startup Cost": 0.0,
                      "Total Cost": 29310.68,
                      "Plan Rows": 495181,
                      "Plan Width": 4,
                      "Actual Startup Time": 3.627,
                      "Actual Total Time": 64.948,
                      "Actual Rows": 382212,
                      "Actual Loops": 4,
                      "Filter": "(company_id > 6914)",
                      "Rows Removed by Filter": 270070
                    },
                    {
                      "Node Type": "Hash",
                      "Parent Relationship": "Inner",
                      "Parallel Aware": true,
                      "Startup Cost": 45479.59,
                      "Total Cost": 45479.59,
                      "Plan Rows": 261268,
                      "Plan Width": 4,
                      "Actual Startup Time": 236.488,
                      "Actual Total Time": 236.489,
                      "Actual Rows": 283557,
                      "Actual Loops": 4,
                      "Hash Buckets": 2097152,
                      "Original Hash Buckets": 1048576,
                      "Hash Batches": 1,
                      "Original Hash Batches": 1,
                      "Peak Memory Usage": 68992,
                      "Plans": [
                        {
                          "Node Type": "Seq Scan",
                          "Parent Relationship": "Outer",
                          "Parallel Aware": true,
                          "Relation Name": "title",
                          "Alias": "t",
                          "Startup Cost": 0.0,
                          "Total Cost": 45479.59,
                          "Plan Rows": 261268,
                          "Plan Width": 4,
                          "Actual Startup Time": 0.039,
                          "Actual Total Time": 105.547,
                          "Actual Rows": 283557,
                          "Actual Loops": 4,
                          "Filter": "((production_year > 1992) AND (kind_id = 7))",
                          "Rows Removed by Filter": 348521
                        }
                      ]
                    }
                  ]
                }
              ]
            }
          ]
        }
      ]
    },
    "Planning Time": 0.39,
    "Triggers": [],
    "Execution Time": 420.162
  }
]