[
  {
    "Plan": {
      "Node Type": "Aggregate",
      "Strategy": "Plain",
      "Partial Mode": "Finalize",
      "Parallel Aware": false,
      "Startup Cost": 302715.79,
      "Total Cost": 302715.8,
      "Plan Rows": 1,
      "Plan Width": 8,
      "Actual Startup Time": 1762.489,
      "Actual Total Time": 1813.646,
      "Actual Rows": 1,
      "Actual Loops": 1,
      "Plans": [
        {
          "Node Type": "Gather",
          "Parent Relationship": "Outer",
          "Parallel Aware": false,
          "Startup Cost": 302715.26,
          "Total Cost": 302715.77,
          "Plan Rows": 5,
          "Plan Width": 8,
          "Actual Startup Time": 1732.753,
          "Actual Total Time": 1813.634,
          "Actual Rows": 6,
          "Actual Loops": 1,
          "Workers Planned": 5,
          "Workers Launched": 5,
          "Single Copy": false,
          "Plans": [
            {
              "Node Type": "Aggregate",
              "Strategy": "Plain",
              "Partial Mode": "Partial",
              "Parent Relationship": "Outer",
              "Parallel Aware": false,
              "Startup Cost": 301715.26,
              "Total Cost": 301715.27,
              "Plan Rows": 1,
              "Plan Width": 8,
              "Actual Startup Time": 1721.32,
              "Actual Total Time": 1721.326,
              "Actual Rows": 1,
              "Actual Loops": 6,
              "Plans": [
                {
                  "Node Type": "Hash Join",
                  "Parent Relationship": "Outer",
                  "Parallel Aware": true,
                  "Join Type": "Inner",
                  "Startup Cost": 94631.36,
                  "Total Cost": 299778.49,
                  "Plan Rows": 774708,
                  "Plan Width": 0,
                  "Actual Startup Time": 466.358,
                  "Actual Total Time": 1519.857,
                  "Actual Rows": 4323910,
                  "Actual Loops": 6,
                  "Inner Unique": false,
                  "Hash Cond": "(mi.movie_id = t.id)",
                  "Plans": [
                    {
                      "Node Type": "Seq Scan",
                      "Parent Relationship": "Outer",
                      "Parallel Aware": true,
                      "Relation Name": "movie_info",
                      "Alias": "mi",
                      "Startup Cost": 0.0,
                      "Total Cost": 191560.33,
                      "Plan Rows": 2956733,
                      "Plan Width": 4,
                      "Actual Startup Time": 0.053,
                      "Actual Total Time": 323.274,
                      "Actual Rows": 2472620,
                      "Actual Loops": 6
                    },
                    {
                      "Node Type": "Hash",
                      "Parent Relationship": "Inner",
                      "Parallel Aware": true,
                      "Startup Cost": 91960.18,
                      "Total Cost": 91960.18,
                      "Plan Rows": 213694,
                      "Plan Width": 8,
                      "Actual Startup Time": 462.165,
                      "Actual Total Time": 462.169,
                      "Actual Rows": 111860,
                      "Actual Loops": 6,
                      "Hash Buckets": 1048576,
                      "Original Hash Buckets": 1048576,
                      "Hash Batches": 1,
                      "Original Hash Batches": 1,
                      "Peak Memory Usage": 34560,
                      "Plans": [
                        {
                          "Node Type": "Hash Join",
                          "Parent Relationship": "Outer",
                          "Parallel Aware": true,
                          "Join Type": "Inner",
                          "Startup Cost": 64274.06,
                          "Total Cost": 91960.18,
                          "Plan Rows": 213694,
                          "Plan Width": 8,
                          "Actual Startup Time": 313.529,
                          "Actual Total Time": 413.988,
                          "Actual Rows": 111860,
                          "Actual Loops": 6,
                          "Inner Unique": true,
                          "Hash Cond": "(mk.movie_id = t.id)",
                          "Plans": [
                            {
                              "Node Type": "Bitmap Heap Scan",
                              "Parent Relationship": "Outer",
                              "Parallel Aware": true,
                              "Relation Name": "movie_keyword",
                              "Alias": "mk",
                              "Startup Cost": 14054.42,
                              "Total Cost": 41179.59,
                              "Plan Rows": 213694,
                              "Plan Width": 4,
                              "Actual Startup Time": 35.616,
                              "Actual Total Time": 88.516,
                              "Actual Rows": 111860,
                              "Actual Loops": 6,
                              "Recheck Cond": "(keyword_id < 536)",
                              "Rows Removed by Index Recheck": 0,
                              "Exact Heap Blocks": 5628,
                              "Lossy Heap Blocks": 0,
                              "Plans": [
                                {
                                  "Node Type": "Bitmap Index Scan",
                                  "Parent Relationship": "Outer",
                                  "Parallel Aware": false,
                                  "Index Name": "keyword_id_movie_keyword",
                                  "Startup Cost": 0.0,
                                  "Total Cost": 13888.81,
                                  "Plan Rows": 662450,
                                  "Plan Width": 0,
                                  "Actual Startup Time": 31.961,
                                  "Actual Total Time": 31.962,
                                  "Actual Rows": 671159,
                                  "Actual Loops": 1,
                                  "Index Cond": "(keyword_id < 536)"
                                }
                              ]
                            },
                            {
                              "Node Type": "Hash",
                              "Parent Relationship": "Inner",
                              "Parallel Aware": true,
                              "Startup Cost": 42318.73,
                              "Total Cost": 42318.73,
                              "Plan Rows": 632073,
                              "Plan Width": 4,
                              "Actual Startup Time": 272.795,
                              "Actual Total Time": 272.796,
                              "Actual Rows": 421385,
                              "Actual Loops": 6,
                              "Hash Buckets": 4194304,
                              "Original Hash Buckets": 4194304,
                              "Hash Batches": 1,
                              "Original Hash Batches": 1,
                              "Peak Memory Usage": 131776,
                              "Plans": [
                                {
                                  "Node Type": "Seq Scan",
                                  "Parent Relationship": "Outer",
                                  "Parallel Aware": true,
                                  "Relation Name": "title",
                                  "Alias": "t",
                                  "Startup Cost": 0.0,
                                  "Total Cost": 42318.73,
                                  "Plan Rows": 632073,
                                  "Plan Width": 4,
                                  "Actual Startup Time": 0.05,
                                  "Actual Total Time": 85.346,
                                  "Actual Rows": 421385,
                                  "Actual Loops": 6
                                }
                              ]
                            }
                          ]
                        }
                      ]
                    }
                  ]
                }
              ]
            }
          ]
        }
      ]
    },
    "Planning Time": 1.286,
    "Triggers": [],
    "Execution Time": 1813.758
  }
]