[
  {
    "Plan": {
      "Node Type": "Aggregate",
      "Strategy": "Plain",
      "Partial Mode": "Finalize",
      "Parallel Aware": false,
      "Startup Cost": 45891.47,
      "Total Cost": 45891.48,
      "Plan Rows": 1,
      "Plan Width": 8,
      "Actual Startup Time": 121.913,
      "Actual Total Time": 134.168,
      "Actual Rows": 1,
      "Actual Loops": 1,
      "Plans": [
        {
          "Node Type": "Gather",
          "Parent Relationship": "Outer",
          "Parallel Aware": false,
          "Startup Cost": 45891.05,
          "Total Cost": 45891.46,
          "Plan Rows": 4,
          "Plan Width": 8,
          "Actual Startup Time": 121.633,
          "Actual Total Time": 134.159,
          "Actual Rows": 5,
          "Actual Loops": 1,
          "Workers Planned": 4,
          "Workers Launched": 4,
          "Single Copy": false,
          "Plans": [
            {
              "Node Type": "Aggregate",
              "Strategy": "Plain",
              "Partial Mode": "Partial",
              "Parent Relationship": "Outer",
              "Parallel Aware": false,
              "Startup Cost": 44891.05,
              "Total Cost": 44891.06,
              "Plan Rows": 1,
              "Plan Width": 8,
              "Actual Startup Time": 112.318,
              "Actual Total Time": 112.319,
              "Actual Rows": 1,
              "Actual Loops": 5,
              "Plans": [
                {
                  "Node Type": "Seq Scan",
                  "Parent Relationship": "Outer",
                  "Parallel Aware": true,
                  "Relation Name": "title",
                  "Alias": "t",
                  "Startup Cost": 0.0,
                  "Total Cost": 43899.32,
                  "Plan Rows": 396692,
                  "Plan Width": 0,
                  "Actual Startup Time": 0.052,
                  "Actual Total Time": 95.772,
                  "Actual Rows": 314114,
                  "Actual Loops": 5,
                  "Filter": "(production_year > 1996)",
                  "Rows Removed by Filter": 191549
                }
              ]
            }
          ]
        }
      ]
    },
    "Planning Time": 0.157,
    "Triggers": [],
    "Execution Time": 134.224
  }
]