[
  {
    "Plan": {
      "Node Type": "Aggregate",
      "Strategy": "Plain",
      "Partial Mode": "Finalize",
      "Parallel Aware": false,
      "Startup Cost": 91725.86,
      "Total Cost": 91725.87,
      "Plan Rows": 1,
      "Plan Width": 8,
      "Actual Startup Time": 377.214,
      "Actual Total Time": 395.676,
      "Actual Rows": 1,
      "Actual Loops": 1,
      "Plans": [
        {
          "Node Type": "Gather",
          "Parent Relationship": "Outer",
          "Parallel Aware": false,
          "Startup Cost": 91725.54,
          "Total Cost": 91725.85,
          "Plan Rows": 3,
          "Plan Width": 8,
          "Actual Startup Time": 373.311,
          "Actual Total Time": 395.667,
          "Actual Rows": 4,
          "Actual Loops": 1,
          "Workers Planned": 3,
          "Workers Launched": 3,
          "Single Copy": false,
          "Plans": [
            {
              "Node Type": "Aggregate",
              "Strategy": "Plain",
              "Partial Mode": "Partial",
              "Parent Relationship": "Outer",
              "Parallel Aware": false,
              "Startup Cost": 90725.54,
              "Total Cost": 90725.55,
              "Plan Rows": 1,
              "Plan Width": 8,
              "Actual Startup Time": 366.459,
              "Actual Total Time": 366.463,
              "Actual Rows": 1,
              "Actual Loops": 4,
              "Plans": [
                {
                  "Node Type": "Hash Join",
                  "Parent Relationship": "Outer",
                  "Parallel Aware": true,
                  "Join Type": "Inner",
                  "Startup Cost": 46341.67,
                  "Total Cost": 90341.58,
                  "Plan Rows": 153583,
                  "Plan Width": 0,
                  "Actual Startup Time": 191.028,
                  "Actual Total Time": 362.677,
                  "Actual Rows": 71473,
                  "Actual Loops": 4,
                  "Inner Unique": true,
                  "Hash Cond": "(mk.movie_id = t.id)",
                  "Plans": [
                    {
                      "Node Type": "Seq Scan",
                      "Parent Relationship": "Outer",
                      "Parallel Aware": true,
                      "Relation Name": "movie_keyword",
                      "Alias": "mk",
                      "Startup Cost": 0.0,
                      "Total Cost": 42695.65,
                      "Plan Rows": 496860,
                      "Plan Width": 4,
                      "Actual Startup Time": 0.035,
                      "Actual Total Time": 108.106,
                      "Actual Rows": 384749,
                      "Actual Loops": 4,
                      "Filter": "(keyword_id < 2256)",
                      "Rows Removed by Filter": 746234
                    },
                    {
                      "Node Type": "Hash",
                      "Parent Relationship": "Inner",
                      "Parallel Aware": true,
                      "Startup Cost": 43899.32,
                      "Total Cost": 43899.32,
                      "Plan Rows": 195388,
                      "Plan Width": 4,
                      "Actual Startup Time": 186.599,
                      "Actual Total Time": 186.6,
                      "Actual Rows": 196232,
                      "Actual Loops": 4,
                      "Hash Buckets": 1048576,
                      "Original Hash Buckets": 1048576,
                      "Hash Batches": 1,
                      "Original Hash Batches": 1,
                      "Peak Memory Usage": 38976,
                      "Plans": [
                        {
                          "Node Type": "Seq Scan",
                          "Parent Relationship": "Outer",
                          "Parallel Aware": true,
                          "Relation Name": "title",
                          "Alias": "t",
                          "Startup Cost": 0.0,
                          "Total Cost": 43899.32,
                          "Plan Rows": 195388,
                          "Plan Width": 4,
                          "Actual Startup Time": 0.037,
                          "Actual Total Time": 109.405,
                          "Actual Rows": 196232,
                          "Actual Loops": 4,
                          "Filter": "(production_year > 2007)",
                          "Rows Removed by Filter": 435846
                        }
                      ]
                    }
                  ]
                }
              ]
            }
          ]
        }
      ]
    },
    "Planning Time": 0.399,
    "Triggers": [],
    "Execution Time": 395.723
  }
]