[
  {
    "Plan": {
      "Node Type": "Aggregate",
      "Strategy": "Plain",
      "Partial Mode": "Finalize",
      "Parallel Aware": false,
      "Startup Cost": 46497.97,
      "Total Cost": 46497.98,
      "Plan Rows": 1,
      "Plan Width": 8,
      "Actual Startup Time": 72.784,
      "Actual Total Time": 82.531,
      "Actual Rows": 1,
      "Actual Loops": 1,
      "Plans": [
        {
          "Node Type": "Gather",
          "Parent Relationship": "Outer",
          "Parallel Aware": false,
          "Startup Cost": 46497.55,
          "Total Cost": 46497.96,
          "Plan Rows": 4,
          "Plan Width": 8,
          "Actual Startup Time": 72.684,
          "Actual Total Time": 82.524,
          "Actual Rows": 5,
          "Actual Loops": 1,
          "Workers Planned": 4,
          "Workers Launched": 4,
          "Single Copy": false,
          "Plans": [
            {
              "Node Type": "Aggregate",
              "Strategy": "Plain",
              "Partial Mode": "Partial",
              "Parent Relationship": "Outer",
              "Parallel Aware": false,
              "Startup Cost": 45497.55,
              "Total Cost": 45497.56,
              "Plan Rows": 1,
              "Plan Width": 8,
              "Actual Startup Time": 68.627,
              "Actual Total Time": 68.628,
              "Actual Rows": 1,
              "Actual Loops": 5,
              "Plans": [
                {
                  "Node Type": "Seq Scan",
                  "Parent Relationship": "Outer",
                  "Parallel Aware": true,
                  "Relation Name": "title",
                  "Alias": "t",
                  "Startup Cost": 0.0,
                  "Total Cost": 45479.21,
                  "Plan Rows": 7335,
                  "Plan Width": 0,
                  "Actual Startup Time": 0.03,
                  "Actual Total Time": 68.089,
                  "Actual Rows": 6170,
                  "Actual Loops": 5,
                  "Filter": "((kind_id > 1) AND (production_year = 1995))",
                  "Rows Removed by Filter": 499492
                }
              ]
            }
          ]
        }
      ]
    },
    "Planning Time": 0.075,
    "Triggers": [],
    "Execution Time": 82.556
  }
]