[
  {
    "Plan": {
      "Node Type": "Aggregate",
      "Strategy": "Plain",
      "Partial Mode": "Finalize",
      "Parallel Aware": false,
      "Startup Cost": 53774.98,
      "Total Cost": 53774.99,
      "Plan Rows": 1,
      "Plan Width": 8,
      "Actual Startup Time": 155.547,
      "Actual Total Time": 173.646,
      "Actual Rows": 1,
      "Actual Loops": 1,
      "Plans": [
        {
          "Node Type": "Gather",
          "Parent Relationship": "Outer",
          "Parallel Aware": false,
          "Startup Cost": 53774.56,
          "Total Cost": 53774.97,
          "Plan Rows": 4,
          "Plan Width": 8,
          "Actual Startup Time": 155.215,
          "Actual Total Time": 173.629,
          "Actual Rows": 5,
          "Actual Loops": 1,
          "Workers Planned": 4,
          "Workers Launched": 4,
          "Single Copy": false,
          "Plans": [
            {
              "Node Type": "Aggregate",
              "Strategy": "Plain",
              "Partial Mode": "Partial",
              "Parent Relationship": "Outer",
              "Parallel Aware": false,
              "Startup Cost": 52774.56,
              "Total Cost": 52774.57,
              "Plan Rows": 1,
              "Plan Width": 8,
              "Actual Startup Time": 138.445,
              "Actual Total Time": 138.448,
              "Actual Rows": 1,
              "Actual Loops": 5,
              "Plans": [
                {
                  "Node Type": "Nested Loop",
                  "Parent Relationship": "Outer",
                  "Parallel Aware": false,
                  "Join Type": "Inner",
                  "Startup Cost": 0.43,
                  "Total Cost": 52773.05,
                  "Plan Rows": 604,
                  "Plan Width": 0,
                  "Actual Startup Time": 4.841,
                  "Actual Total Time": 138.201,
                  "Actual Rows": 1363,
                  "Actual Loops": 5,
                  "Inner Unique": false,
                  "Plans": [
                    {
                      "Node Type": "Seq Scan",
                      "Parent Relationship": "Outer",
                      "Parallel Aware": true,
                      "Relation Name": "title",
                      "Alias": "t",
                      "Startup Cost": 0.0,
                      "Total Cost": 45479.1,
                      "Plan Rows": 1106,
                      "Plan Width": 4,
                      "Actual Startup Time": 0.816,
                      "Actual Total Time": 121.457,
                      "Actual Rows": 1023,
                      "Actual Loops": 5,
                      "Filter": "((kind_id < 3) AND (production_year = 1982))",
                      "Rows Removed by Filter": 504640
                    },
                    {
                      "Node Type": "Index Only Scan",
                      "Parent Relationship": "Inner",
                      "Parallel Aware": false,
                      "Scan Direction": "Forward",
                      "Index Name": "movie_id_movie_info_idx",
                      "Relation Name": "movie_info_idx",
                      "Alias": "mi_idx",
                      "Startup Cost": 0.43,
                      "Total Cost": 6.56,
                      "Plan Rows": 3,
                      "Plan Width": 4,
                      "Actual Startup Time": 0.014,
                      "Actual Total Time": 0.015,
                      "Actual Rows": 1,
                      "Actual Loops": 5114,
                      "Index Cond": "(movie_id = t.id)",
                      "Rows Removed by Index Recheck": 0,
                      "Heap Fetches": 6816
                    }
                  ]
                }
              ]
            }
          ]
        }
      ]
    },
    "Planning Time": 0.544,
    "Triggers": [],
    "Execution Time": 173.712
  }
]