[
  {
    "Plan": {
      "Node Type": "Aggregate",
      "Strategy": "Plain",
      "Partial Mode": "Finalize",
      "Parallel Aware": false,
      "Startup Cost": 200071.48,
      "Total Cost": 200071.49,
      "Plan Rows": 1,
      "Plan Width": 8,
      "Actual Startup Time": 227.898,
      "Actual Total Time": 243.243,
      "Actual Rows": 1,
      "Actual Loops": 1,
      "Plans": [
        {
          "Node Type": "Gather",
          "Parent Relationship": "Outer",
          "Parallel Aware": false,
          "Startup Cost": 200070.85,
          "Total Cost": 200071.46,
          "Plan Rows": 6,
          "Plan Width": 8,
          "Actual Startup Time": 227.734,
          "Actual Total Time": 243.231,
          "Actual Rows": 7,
          "Actual Loops": 1,
          "Workers Planned": 6,
          "Workers Launched": 6,
          "Single Copy": false,
          "Plans": [
            {
              "Node Type": "Aggregate",
              "Strategy": "Plain",
              "Partial Mode": "Partial",
              "Parent Relationship": "Outer",
              "Parallel Aware": false,
              "Startup Cost": 199070.85,
              "Total Cost": 199070.86,
              "Plan Rows": 1,
              "Plan Width": 8,
              "Actual Startup Time": 218.372,
              "Actual Total Time": 218.374,
              "Actual Rows": 1,
              "Actual Loops": 7,
              "Plans": [
                {
                  "Node Type": "Index Scan",
                  "Parent Relationship": "Outer",
                  "Parallel Aware": true,
                  "Scan Direction": "Forward",
                  "Index Name": "role_id_cast_info",
                  "Relation Name": "cast_info",
                  "Alias": "ci",
                  "Startup Cost": 0.56,
                  "Total Cost": 197877.72,
                  "Plan Rows": 477251,
                  "Plan Width": 0,
                  "Actual Startup Time": 9.739,
                  "Actual Total Time": 218.333,
                  "Actual Rows": 376,
                  "Actual Loops": 7,
                  "Index Cond": "(role_id = 2)",
                  "Rows Removed by Index Recheck": 0,
                  "Filter": "(person_id < 1387588)",
                  "Rows Removed by Filter": 1064192
                }
              ]
            }
          ]
        }
      ]
    },
    "Planning Time": 0.228,
    "Triggers": [],
    "Execution Time": 243.323
  }
]