[
  {
    "Plan": {
      "Node Type": "Aggregate",
      "Strategy": "Plain",
      "Partial Mode": "Finalize",
      "Parallel Aware": false,
      "Startup Cost": 33173.79,
      "Total Cost": 33173.8,
      "Plan Rows": 1,
      "Plan Width": 8,
      "Actual Startup Time": 89.132,
      "Actual Total Time": 97.237,
      "Actual Rows": 1,
      "Actual Loops": 1,
      "Plans": [
        {
          "Node Type": "Gather",
          "Parent Relationship": "Outer",
          "Parallel Aware": false,
          "Startup Cost": 33173.47,
          "Total Cost": 33173.78,
          "Plan Rows": 3,
          "Plan Width": 8,
          "Actual Startup Time": 89.007,
          "Actual Total Time": 97.231,
          "Actual Rows": 4,
          "Actual Loops": 1,
          "Workers Planned": 3,
          "Workers Launched": 3,
          "Single Copy": false,
          "Plans": [
            {
              "Node Type": "Aggregate",
              "Strategy": "Plain",
              "Partial Mode": "Partial",
              "Parent Relationship": "Outer",
              "Parallel Aware": false,
              "Startup Cost": 32173.47,
              "Total Cost": 32173.48,
              "Plan Rows": 1,
              "Plan Width": 8,
              "Actual Startup Time": 83.703,
              "Actual Total Time": 83.703,
              "Actual Rows": 1,
              "Actual Loops": 4,
              "Plans": [
                {
                  "Node Type": "Seq Scan",
                  "Parent Relationship": "Outer",
                  "Parallel Aware": true,
                  "Relation Name": "movie_companies",
                  "Alias": "mc",
                  "Startup Cost": 0.0,
                  "Total Cost": 31414.82,
                  "Plan Rows": 303461,
                  "Plan Width": 0,
                  "Actual Startup Time": 41.314,
                  "Actual Total Time": 76.46,
                  "Actual Rows": 157534,
                  "Actual Loops": 4,
                  "Filter": "((company_id < 35298) AND (company_type_id = 2))",
                  "Rows Removed by Filter": 494748
                }
              ]
            }
          ]
        }
      ]
    },
    "Planning Time": 0.116,
    "Triggers": [],
    "Execution Time": 97.267
  }
]