[
  {
    "Plan": {
      "Node Type": "Aggregate",
      "Strategy": "Plain",
      "Partial Mode": "Finalize",
      "Parallel Aware": false,
      "Startup Cost": 30705.45,
      "Total Cost": 30705.46,
      "Plan Rows": 1,
      "Plan Width": 8,
      "Actual Startup Time": 84.452,
      "Actual Total Time": 92.467,
      "Actual Rows": 1,
      "Actual Loops": 1,
      "Plans": [
        {
          "Node Type": "Gather",
          "Parent Relationship": "Outer",
          "Parallel Aware": false,
          "Startup Cost": 30705.13,
          "Total Cost": 30705.44,
          "Plan Rows": 3,
          "Plan Width": 8,
          "Actual Startup Time": 84.36,
          "Actual Total Time": 92.459,
          "Actual Rows": 4,
          "Actual Loops": 1,
          "Workers Planned": 3,
          "Workers Launched": 3,
          "Single Copy": false,
          "Plans": [
            {
              "Node Type": "Aggregate",
              "Strategy": "Plain",
              "Partial Mode": "Partial",
              "Parent Relationship": "Outer",
              "Parallel Aware": false,
              "Startup Cost": 29705.13,
              "Total Cost": 29705.14,
              "Plan Rows": 1,
              "Plan Width": 8,
              "Actual Startup Time": 77.367,
              "Actual Total Time": 77.368,
              "Actual Rows": 1,
              "Actual Loops": 4,
              "Plans": [
                {
                  "Node Type": "Seq Scan",
                  "Parent Relationship": "Outer",
                  "Parallel Aware": true,
                  "Relation Name": "movie_companies",
                  "Alias": "mc",
                  "Startup Cost": 0.0,
                  "Total Cost": 29310.68,
                  "Plan Rows": 157780,
                  "Plan Width": 0,
                  "Actual Startup Time": 0.044,
                  "Actual Total Time": 69.252,
                  "Actual Rows": 122133,
                  "Actual Loops": 4,
                  "Filter": "(company_id < 428)",
                  "Rows Removed by Filter": 530149
                }
              ]
            }
          ]
        }
      ]
    },
    "Planning Time": 0.13,
    "Triggers": [],
    "Execution Time": 92.508
  }
]