{
  "Plan": {
    "Node Type": "Aggregate",
    "Strategy": "Plain",
    "Partial Mode": "Finalize",
    "Parallel Aware": false,
    "Startup Cost": 102987.75,
    "Total Cost": 102987.76,
    "Plan Rows": 1,
    "Plan Width": 8,
    "Actual Startup Time": 294.188,
    "Actual Total Time": 309.93,
    "Actual Rows": 1,
    "Actual Loops": 1,
    "Plans": [
      {
        "Node Type": "Gather",
        "Parent Relationship": "Outer",
        "Parallel Aware": false,
        "Startup Cost": 102987.63,
        "Total Cost": 102987.74,
        "Plan Rows": 1,
        "Plan Width": 8,
        "Actual Startup Time": 293.959,
        "Actual Total Time": 309.923,
        "Actual Rows": 2,
        "Actual Loops": 1,
        "Workers Planned": 1,
        "Workers Launched": 1,
        "Single Copy": false,
        "Plans": [
          {
            "Node Type": "Aggregate",
            "Strategy": "Plain",
            "Partial Mode": "Partial",
            "Parent Relationship": "Outer",
            "Parallel Aware": false,
            "Startup Cost": 101987.63,
            "Total Cost": 101987.64,
            "Plan Rows": 1,
            "Plan Width": 8,
            "Actual Startup Time": 289.937,
            "Actual Total Time": 289.94,
            "Actual Rows": 1,
            "Actual Loops": 2,
            "Plans": [
              {
                "Node Type": "Hash Join",
                "Parent Relationship": "Outer",
                "Parallel Aware": true,
                "Join Type": "Inner",
                "Startup Cost": 58486.28,
                "Total Cost": 101972.21,
                "Plan Rows": 6169,
                "Plan Width": 0,
                "Actual Startup Time": 192.483,
                "Actual Total Time": 289.577,
                "Actual Rows": 6918,
                "Actual Loops": 2,
                "Inner Unique": true,
                "Hash Cond": "(mc.movie_id = t.id)",
                "Plans": [
                  {
                    "Node Type": "Seq Scan",
                    "Parent Relationship": "Outer",
                    "Parallel Aware": true,
                    "Relation Name": "movie_companies",
                    "Alias": "mc",
                    "Startup Cost": 0.0,
                    "Total Cost": 41811.73,
                    "Plan Rows": 637792,
                    "Plan Width": 4,
                    "Actual Startup Time": 51.94,
                    "Actual Total Time": 114.628,
                    "Actual Rows": 427406,
                    "Actual Loops": 2,
                    "Filter": "((company_id < 75262) AND (company_type_id > 1))",
                    "Rows Removed by Filter": 877158
                  },
                  {
                    "Node Type": "Hash",
                    "Parent Relationship": "Inner",
                    "Parallel Aware": true,
                    "Startup Cost": 58306.47,
                    "Total Cost": 58306.47,
                    "Plan Rows": 14385,
                    "Plan Width": 4,
                    "Actual Startup Time": 139.678,
                    "Actual Total Time": 139.679,
                    "Actual Rows": 10316,
                    "Actual Loops": 2,
                    "Hash Buckets": 32768,
                    "Original Hash Buckets": 32768,
                    "Hash Batches": 1,
                    "Original Hash Batches": 1,
                    "Peak Memory Usage": 1088,
                    "Plans": [
                      {
                        "Node Type": "Seq Scan",
                        "Parent Relationship": "Outer",
                        "Parallel Aware": true,
                        "Relation Name": "title",
                        "Alias": "t",
                        "Startup Cost": 0.0,
                        "Total Cost": 58306.47,
                        "Plan Rows": 14385,
                        "Plan Width": 4,
                        "Actual Startup Time": 0.182,
                        "Actual Total Time": 136.529,
                        "Actual Rows": 10316,
                        "Actual Loops": 2,
                        "Filter": "((kind_id < 7) AND (production_year = 2002))",
                        "Rows Removed by Filter": 1253840
                      }
                    ]
                  }
                ]
              }
            ]
          }
        ]
      }
    ]
  },
  "Planning Time": 0.406,
  "Triggers": [],
  "Execution Time": 309.992
}