[
  {
    "Plan": {
      "Node Type": "Aggregate",
      "Strategy": "Plain",
      "Partial Mode": "Finalize",
      "Parallel Aware": false,
      "Startup Cost": 295061.2,
      "Total Cost": 295061.21,
      "Plan Rows": 1,
      "Plan Width": 8,
      "Actual Startup Time": 1268.432,
      "Actual Total Time": 1377.84,
      "Actual Rows": 1,
      "Actual Loops": 1,
      "Plans": [
        {
          "Node Type": "Gather",
          "Parent Relationship": "Outer",
          "Parallel Aware": false,
          "Startup Cost": 295060.68,
          "Total Cost": 295061.19,
          "Plan Rows": 5,
          "Plan Width": 8,
          "Actual Startup Time": 1267.351,
          "Actual Total Time": 1377.828,
          "Actual Rows": 6,
          "Actual Loops": 1,
          "Workers Planned": 5,
          "Workers Launched": 5,
          "Single Copy": false,
          "Plans": [
            {
              "Node Type": "Aggregate",
              "Strategy": "Plain",
              "Partial Mode": "Partial",
              "Parent Relationship": "Outer",
              "Parallel Aware": false,
              "Startup Cost": 294060.68,
              "Total Cost": 294060.69,
              "Plan Rows": 1,
              "Plan Width": 8,
              "Actual Startup Time": 1259.493,
              "Actual Total Time": 1259.498,
              "Actual Rows": 1,
              "Actual Loops": 6,
              "Plans": [
                {
                  "Node Type": "Nested Loop",
                  "Parent Relationship": "Outer",
                  "Parallel Aware": false,
                  "Join Type": "Inner",
                  "Startup Cost": 44344.74,
                  "Total Cost": 293581.76,
                  "Plan Rows": 191569,
                  "Plan Width": 0,
                  "Actual Startup Time": 107.654,
                  "Actual Total Time": 1231.161,
                  "Actual Rows": 488739,
                  "Actual Loops": 6,
                  "Inner Unique": false,
                  "Join Filter": "(t.id = ci.movie_id)",
                  "Rows Removed by Join Filter": 0,
                  "Plans": [
                    {
                      "Node Type": "Hash Join",
                      "Parent Relationship": "Outer",
                      "Parallel Aware": true,
                      "Join Type": "Inner",
                      "Startup Cost": 44344.17,
                      "Total Cost": 244411.37,
                      "Plan Rows": 20567,
                      "Plan Width": 8,
                      "Actual Startup Time": 107.507,
                      "Actual Total Time": 464.287,
                      "Actual Rows": 14635,
                      "Actual Loops": 6,
                      "Inner Unique": true,
                      "Hash Cond": "(mi.movie_id = t.id)",
                      "Plans": [
                        {
                          "Node Type": "Seq Scan",
                          "Parent Relationship": "Outer",
                          "Parallel Aware": true,
                          "Relation Name": "movie_info",
                          "Alias": "mi",
                          "Startup Cost": 0.0,
                          "Total Cost": 199108.24,
                          "Plan Rows": 365318,
                          "Plan Width": 4,
                          "Actual Startup Time": 17.508,
                          "Actual Total Time": 316.928,
                          "Actual Rows": 310939,
                          "Actual Loops": 6,
                          "Filter": "(info_type_id > 17)",
                          "Rows Removed by Filter": 2161681
                        },
                        {
                          "Node Type": "Hash",
                          "Parent Relationship": "Inner",
                          "Parallel Aware": true,
                          "Startup Cost": 43899.32,
                          "Total Cost": 43899.32,
                          "Plan Rows": 35588,
                          "Plan Width": 4,
                          "Actual Startup Time": 88.058,
                          "Actual Total Time": 88.06,
                          "Actual Rows": 23617,
                          "Actual Loops": 6,
                          "Hash Buckets": 262144,
                          "Original Hash Buckets": 262144,
                          "Hash Batches": 1,
                          "Original Hash Batches": 1,
                          "Peak Memory Usage": 7712,
                          "Plans": [
                            {
                              "Node Type": "Seq Scan",
                              "Parent Relationship": "Outer",
                              "Parallel Aware": true,
                              "Relation Name": "title",
                              "Alias": "t",
                              "Startup Cost": 0.0,
                              "Total Cost": 43899.32,
                              "Plan Rows": 35588,
                              "Plan Width": 4,
                              "Actual Startup Time": 0.049,
                              "Actual Total Time": 77.146,
                              "Actual Rows": 23617,
                              "Actual Loops": 6,
                              "Filter": "(production_year = 2010)",
                              "Rows Removed by Filter": 397768
                            }
                          ]
                        }
                      ]
                    },
                    {
                      "Node Type": "Index Scan",
                      "Parent Relationship": "Inner",
                      "Parallel Aware": false,
                      "Scan Direction": "Forward",
                      "Index Name": "movie_id_cast_info",
                      "Relation Name": "cast_info",
                      "Alias": "ci",
                      "Startup Cost": 0.56,
                      "Total Cost": 2.1,
                      "Plan Rows": 23,
                      "Plan Width": 4,
                      "Actual Startup Time": 0.019,
                      "Actual Total Time": 0.049,
                      "Actual Rows": 33,
                      "Actual Loops": 87812,
                      "Index Cond": "(movie_id = mi.movie_id)",
                      "Rows Removed by Index Recheck": 0,
                      "Filter": "(role_id > 1)",
                      "Rows Removed by Filter": 14
                    }
                  ]
                }
              ]
            }
          ]
        }
      ]
    },
    "Planning Time": 1.402,
    "Triggers": [],
    "Execution Time": 1377.986
  }
]