{
  "Plan": {
    "Node Type": "Aggregate",
    "Strategy": "Plain",
    "Partial Mode": "Finalize",
    "Parallel Aware": false,
    "Startup Cost": 601686.3,
    "Total Cost": 601686.31,
    "Plan Rows": 1,
    "Plan Width": 8,
    "Actual Startup Time": 2248.636,
    "Actual Total Time": 2275.41,
    "Actual Rows": 1,
    "Actual Loops": 1,
    "Plans": [
      {
        "Node Type": "Gather",
        "Parent Relationship": "Outer",
        "Parallel Aware": false,
        "Startup Cost": 601686.18,
        "Total Cost": 601686.29,
        "Plan Rows": 1,
        "Plan Width": 8,
        "Actual Startup Time": 2241.194,
        "Actual Total Time": 2275.403,
        "Actual Rows": 2,
        "Actual Loops": 1,
        "Workers Planned": 1,
        "Workers Launched": 1,
        "Single Copy": false,
        "Plans": [
          {
            "Node Type": "Aggregate",
            "Strategy": "Plain",
            "Partial Mode": "Partial",
            "Parent Relationship": "Outer",
            "Parallel Aware": false,
            "Startup Cost": 600686.18,
            "Total Cost": 600686.19,
            "Plan Rows": 1,
            "Plan Width": 8,
            "Actual Startup Time": 2234.861,
            "Actual Total Time": 2234.863,
            "Actual Rows": 1,
            "Actual Loops": 2,
            "Plans": [
              {
                "Node Type": "Merge Join",
                "Parent Relationship": "Outer",
                "Parallel Aware": false,
                "Join Type": "Inner",
                "Startup Cost": 330792.31,
                "Total Cost": 599540.35,
                "Plan Rows": 458332,
                "Plan Width": 0,
                "Actual Startup Time": 474.669,
                "Actual Total Time": 2206.909,
                "Actual Rows": 638277,
                "Actual Loops": 2,
                "Inner Unique": false,
                "Merge Cond": "(t.id = mc.movie_id)",
                "Plans": [
                  {
                    "Node Type": "Merge Join",
                    "Parent Relationship": "Outer",
                    "Parallel Aware": false,
                    "Join Type": "Inner",
                    "Startup Cost": 330789.49,
                    "Total Cost": 447383.43,
                    "Plan Rows": 444132,
                    "Plan Width": 8,
                    "Actual Startup Time": 474.556,
                    "Actual Total Time": 1348.527,
                    "Actual Rows": 340902,
                    "Actual Loops": 2,
                    "Inner Unique": false,
                    "Merge Cond": "(t.id = mi.movie_id)",
                    "Plans": [
                      {
                        "Node Type": "Index Scan",
                        "Parent Relationship": "Outer",
                        "Parallel Aware": true,
                        "Scan Direction": "Forward",
                        "Index Name": "title_pkey",
                        "Relation Name": "title",
                        "Alias": "t",
                        "Startup Cost": 0.43,
                        "Total Cost": 103647.43,
                        "Plan Rows": 878434,
                        "Plan Width": 4,
                        "Actual Startup Time": 0.331,
                        "Actual Total Time": 654.77,
                        "Actual Rows": 742318,
                        "Actual Loops": 2,
                        "Filter": "(production_year > 1998)",
                        "Rows Removed by Filter": 520610
                      },
                      {
                        "Node Type": "Sort",
                        "Parent Relationship": "Inner",
                        "Parallel Aware": false,
                        "Startup Cost": 330786.9,
                        "Total Cost": 333982.63,
                        "Plan Rows": 1278294,
                        "Plan Width": 4,
                        "Actual Startup Time": 474.203,
                        "Actual Total Time": 541.575,
                        "Actual Rows": 1298966,
                        "Actual Loops": 2,
                        "Sort Key": [
                          "mi.movie_id"
                        ],
                        "Sort Method": "quicksort",
                        "Sort Space Used": 110043,
                        "Sort Space Type": "Memory",
                        "Workers": [
                          {
                            "Worker Number": 0,
                            "Sort Method": "quicksort",
                            "Sort Space Used": 110043,
                            "Sort Space Type": "Memory"
                          }
                        ],
                        "Plans": [
                          {
                            "Node Type": "Bitmap Heap Scan",
                            "Parent Relationship": "Outer",
                            "Parallel Aware": false,
                            "Relation Name": "movie_info",
                            "Alias": "mi",
                            "Startup Cost": 23159.21,
                            "Total Cost": 201130.89,
                            "Plan Rows": 1278294,
                            "Plan Width": 4,
                            "Actual Startup Time": 64.146,
                            "Actual Total Time": 205.328,
                            "Actual Rows": 1298989,
                            "Actual Loops": 2,
                            "Recheck Cond": "(info_type_id = 4)",
                            "Rows Removed by Index Recheck": 0,
                            "Exact Heap Blocks": 8382,
                            "Lossy Heap Blocks": 0,
                            "Plans": [
                              {
                                "Node Type": "Bitmap Index Scan",
                                "Parent Relationship": "Outer",
                                "Parallel Aware": false,
                                "Index Name": "info_type_id_movie_info",
                                "Startup Cost": 0.0,
                                "Total Cost": 22839.64,
                                "Plan Rows": 1278294,
                                "Plan Width": 0,
                                "Actual Startup Time": 63.155,
                                "Actual Total Time": 63.155,
                                "Actual Rows": 1298989,
                                "Actual Loops": 2,
                                "Index Cond": "(info_type_id = 4)"
                              }
                            ]
                          }
                        ]
                      }
                    ]
                  },
                  {
                    "Node Type": "Index Only Scan",
                    "Parent Relationship": "Inner",
                    "Parallel Aware": false,
                    "Scan Direction": "Forward",
                    "Index Name": "movie_id_movie_companies",
                    "Relation Name": "movie_companies",
                    "Alias": "mc",
                    "Startup Cost": 0.43,
                    "Total Cost": 140059.44,
                    "Plan Rows": 2609129,
                    "Plan Width": 4,
                    "Actual Startup Time": 0.072,
                    "Actual Total Time": 670.219,
                    "Actual Rows": 2711337,
                    "Actual Loops": 2,
                    "Heap Fetches": 5422674
                  }
                ]
              }
            ]
          }
        ]
      }
    ]
  },
  "Planning Time": 1.09,
  "Triggers": [],
  "Execution Time": 2289.171
}