[
    {
        "Bao": {
            "Bao prediction": "NaN",
            "Bao recommended hint": "(no hint)"
        }
    },
    {
        "Plan": {
            "Node Type": "Aggregate",
            "Strategy": "Plain",
            "Partial Mode": "Finalize",
            "Parallel Aware": false,
            "Startup Cost": 85446.91,
            "Total Cost": 85446.92,
            "Plan Rows": 1,
            "Plan Width": 8,
            "Actual Startup Time": 286.557,
            "Actual Total Time": 297.267,
            "Actual Rows": 1,
            "Actual Loops": 1,
            "Output": [
                "count(*)"
            ],
            "Plans": [
                {
                    "Node Type": "Gather",
                    "Parent Relationship": "Outer",
                    "Parallel Aware": false,
                    "Startup Cost": 85446.59,
                    "Total Cost": 85446.9,
                    "Plan Rows": 3,
                    "Plan Width": 8,
                    "Actual Startup Time": 284.39,
                    "Actual Total Time": 297.257,
                    "Actual Rows": 4,
                    "Actual Loops": 1,
                    "Output": [
                        "(PARTIAL count(*))"
                    ],
                    "Workers Planned": 3,
                    "Workers Launched": 3,
                    "Single Copy": false,
                    "Plans": [
                        {
                            "Node Type": "Aggregate",
                            "Strategy": "Plain",
                            "Partial Mode": "Partial",
                            "Parent Relationship": "Outer",
                            "Parallel Aware": false,
                            "Startup Cost": 84446.59,
                            "Total Cost": 84446.6,
                            "Plan Rows": 1,
                            "Plan Width": 8,
                            "Actual Startup Time": 275.53,
                            "Actual Total Time": 275.534,
                            "Actual Rows": 1,
                            "Actual Loops": 4,
                            "Output": [
                                "PARTIAL count(*)"
                            ],
                            "Workers": [
                                {
                                    "Worker Number": 0,
                                    "Actual Startup Time": 272.419,
                                    "Actual Total Time": 272.424,
                                    "Actual Rows": 1,
                                    "Actual Loops": 1
                                },
                                {
                                    "Worker Number": 1,
                                    "Actual Startup Time": 272.895,
                                    "Actual Total Time": 272.899,
                                    "Actual Rows": 1,
                                    "Actual Loops": 1
                                },
                                {
                                    "Worker Number": 2,
                                    "Actual Startup Time": 273.096,
                                    "Actual Total Time": 273.099,
                                    "Actual Rows": 1,
                                    "Actual Loops": 1
                                }
                            ],
                            "Plans": [
                                {
                                    "Node Type": "Hash Join",
                                    "Parent Relationship": "Outer",
                                    "Parallel Aware": true,
                                    "Join Type": "Inner",
                                    "Startup Cost": 57229.04,
                                    "Total Cost": 84349.88,
                                    "Plan Rows": 38685,
                                    "Plan Width": 0,
                                    "Actual Startup Time": 176.913,
                                    "Actual Total Time": 272.898,
                                    "Actual Rows": 41169,
                                    "Actual Loops": 4,
                                    "Inner Unique": true,
                                    "Hash Cond": "(mk.movie_id = t.id)",
                                    "Workers": [
                                        {
                                            "Worker Number": 0,
                                            "Actual Startup Time": 173.936,
                                            "Actual Total Time": 269.654,
                                            "Actual Rows": 32313,
                                            "Actual Loops": 1
                                        },
                                        {
                                            "Worker Number": 1,
                                            "Actual Startup Time": 174.065,
                                            "Actual Total Time": 270.339,
                                            "Actual Rows": 28732,
                                            "Actual Loops": 1
                                        },
                                        {
                                            "Worker Number": 2,
                                            "Actual Startup Time": 174.6,
                                            "Actual Total Time": 270.525,
                                            "Actual Rows": 45481,
                                            "Actual Loops": 1
                                        }
                                    ],
                                    "Plans": [
                                        {
                                            "Node Type": "Bitmap Heap Scan",
                                            "Parent Relationship": "Outer",
                                            "Parallel Aware": true,
                                            "Relation Name": "movie_keyword",
                                            "Schema": "public",
                                            "Alias": "mk",
                                            "Startup Cost": 11596.51,
                                            "Total Cost": 38254.51,
                                            "Plan Rows": 176320,
                                            "Plan Width": 4,
                                            "Actual Startup Time": 31.107,
                                            "Actual Total Time": 91.111,
                                            "Actual Rows": 136338,
                                            "Actual Loops": 4,
                                            "Output": [
                                                "mk.id",
                                                "mk.movie_id",
                                                "mk.keyword_id"
                                            ],
                                            "Recheck Cond": "(mk.keyword_id < 393)",
                                            "Rows Removed by Index Recheck": 0,
                                            "Exact Heap Blocks": 8861,
                                            "Lossy Heap Blocks": 0,
                                            "Workers": [
                                                {
                                                    "Worker Number": 0,
                                                    "Actual Startup Time": 31.111,
                                                    "Actual Total Time": 93.154,
                                                    "Actual Rows": 107628,
                                                    "Actual Loops": 1
                                                },
                                                {
                                                    "Worker Number": 1,
                                                    "Actual Startup Time": 31.103,
                                                    "Actual Total Time": 94.15,
                                                    "Actual Rows": 93615,
                                                    "Actual Loops": 1
                                                },
                                                {
                                                    "Worker Number": 2,
                                                    "Actual Startup Time": 31.189,
                                                    "Actual Total Time": 91.605,
                                                    "Actual Rows": 146672,
                                                    "Actual Loops": 1
                                                }
                                            ],
                                            "Plans": [
                                                {
                                                    "Node Type": "Bitmap Index Scan",
                                                    "Parent Relationship": "Outer",
                                                    "Parallel Aware": false,
                                                    "Index Name": "keyword_id_movie_keyword",
                                                    "Startup Cost": 0.0,
                                                    "Total Cost": 11459.86,
                                                    "Plan Rows": 546591,
                                                    "Plan Width": 0,
                                                    "Actual Startup Time": 27.55,
                                                    "Actual Total Time": 27.552,
                                                    "Actual Rows": 545354,
                                                    "Actual Loops": 1,
                                                    "Index Cond": "(mk.keyword_id < 393)"
                                                }
                                            ]
                                        },
                                        {
                                            "Node Type": "Hash",
                                            "Parent Relationship": "Inner",
                                            "Parallel Aware": true,
                                            "Startup Cost": 43899.01,
                                            "Total Cost": 43899.01,
                                            "Plan Rows": 138682,
                                            "Plan Width": 4,
                                            "Actual Startup Time": 142.737,
                                            "Actual Total Time": 142.738,
                                            "Actual Rows": 138240,
                                            "Actual Loops": 4,
                                            "Output": [
                                                "t.id"
                                            ],
                                            "Hash Buckets": 1048576,
                                            "Original Hash Buckets": 1048576,
                                            "Hash Batches": 1,
                                            "Original Hash Batches": 1,
                                            "Peak Memory Usage": 29856,
                                            "Workers": [
                                                {
                                                    "Worker Number": 0,
                                                    "Actual Startup Time": 142.303,
                                                    "Actual Total Time": 142.304,
                                                    "Actual Rows": 103030,
                                                    "Actual Loops": 1
                                                },
                                                {
                                                    "Worker Number": 1,
                                                    "Actual Startup Time": 142.347,
                                                    "Actual Total Time": 142.347,
                                                    "Actual Rows": 93616,
                                                    "Actual Loops": 1
                                                },
                                                {
                                                    "Worker Number": 2,
                                                    "Actual Startup Time": 142.959,
                                                    "Actual Total Time": 142.959,
                                                    "Actual Rows": 154536,
                                                    "Actual Loops": 1
                                                }
                                            ],
                                            "Plans": [
                                                {
                                                    "Node Type": "Seq Scan",
                                                    "Parent Relationship": "Outer",
                                                    "Parallel Aware": true,
                                                    "Relation Name": "title",
                                                    "Schema": "public",
                                                    "Alias": "t",
                                                    "Startup Cost": 0.0,
                                                    "Total Cost": 43899.01,
                                                    "Plan Rows": 138682,
                                                    "Plan Width": 4,
                                                    "Actual Startup Time": 0.034,
                                                    "Actual Total Time": 96.228,
                                                    "Actual Rows": 138240,
                                                    "Actual Loops": 4,
                                                    "Output": [
                                                        "t.id"
                                                    ],
                                                    "Filter": "(t.production_year < 1983)",
                                                    "Rows Removed by Filter": 493838,
                                                    "Workers": [
                                                        {
                                                            "Worker Number": 0,
                                                            "Actual Startup Time": 0.036,
                                                            "Actual Total Time": 98.761,
                                                            "Actual Rows": 103030,
                                                            "Actual Loops": 1
                                                        },
                                                        {
                                                            "Worker Number": 1,
                                                            "Actual Startup Time": 0.044,
                                                            "Actual Total Time": 96.738,
                                                            "Actual Rows": 93616,
                                                            "Actual Loops": 1
                                                        },
                                                        {
                                                            "Worker Number": 2,
                                                            "Actual Startup Time": 0.043,
                                                            "Actual Total Time": 97.275,
                                                            "Actual Rows": 154536,
                                                            "Actual Loops": 1
                                                        }
                                                    ]
                                                }
                                            ]
                                        }
                                    ]
                                }
                            ]
                        }
                    ]
                }
            ]
        },
        "Planning Time": 195.78,
        "Triggers": [],
        "Execution Time": 297.386
    }
]