[
  {
    "Plan": {
      "Node Type": "Aggregate",
      "Strategy": "Plain",
      "Partial Mode": "Finalize",
      "Parallel Aware": false,
      "Startup Cost": 55490.63,
      "Total Cost": 55490.64,
      "Plan Rows": 1,
      "Plan Width": 8,
      "Actual Startup Time": 94.456,
      "Actual Total Time": 106.045,
      "Actual Rows": 1,
      "Actual Loops": 1,
      "Plans": [
        {
          "Node Type": "Gather",
          "Parent Relationship": "Outer",
          "Parallel Aware": false,
          "Startup Cost": 55490.41,
          "Total Cost": 55490.62,
          "Plan Rows": 2,
          "Plan Width": 8,
          "Actual Startup Time": 94.448,
          "Actual Total Time": 106.039,
          "Actual Rows": 3,
          "Actual Loops": 1,
          "Workers Planned": 2,
          "Workers Launched": 2,
          "Single Copy": false,
          "Plans": [
            {
              "Node Type": "Aggregate",
              "Strategy": "Plain",
              "Partial Mode": "Partial",
              "Parent Relationship": "Outer",
              "Parallel Aware": false,
              "Startup Cost": 54490.41,
              "Total Cost": 54490.42,
              "Plan Rows": 1,
              "Plan Width": 8,
              "Actual Startup Time": 85.956,
              "Actual Total Time": 85.959,
              "Actual Rows": 1,
              "Actual Loops": 3,
              "Plans": [
                {
                  "Node Type": "Nested Loop",
                  "Parent Relationship": "Outer",
                  "Parallel Aware": false,
                  "Join Type": "Inner",
                  "Startup Cost": 243.57,
                  "Total Cost": 54484.87,
                  "Plan Rows": 2219,
                  "Plan Width": 0,
                  "Actual Startup Time": 4.092,
                  "Actual Total Time": 85.917,
                  "Actual Rows": 197,
                  "Actual Loops": 3,
                  "Inner Unique": false,
                  "Plans": [
                    {
                      "Node Type": "Nested Loop",
                      "Parent Relationship": "Outer",
                      "Parallel Aware": false,
                      "Join Type": "Inner",
                      "Startup Cost": 243.13,
                      "Total Cost": 46845.93,
                      "Plan Rows": 4638,
                      "Plan Width": 8,
                      "Actual Startup Time": 2.557,
                      "Actual Total Time": 30.022,
                      "Actual Rows": 3939,
                      "Actual Loops": 3,
                      "Inner Unique": true,
                      "Plans": [
                        {
                          "Node Type": "Bitmap Heap Scan",
                          "Parent Relationship": "Outer",
                          "Parallel Aware": true,
                          "Relation Name": "movie_companies",
                          "Alias": "mc",
                          "Startup Cost": 242.7,
                          "Total Cost": 17235.73,
                          "Plan Rows": 4638,
                          "Plan Width": 4,
                          "Actual Startup Time": 2.388,
                          "Actual Total Time": 8.385,
                          "Actual Rows": 3939,
                          "Actual Loops": 3,
                          "Recheck Cond": "(company_id = 11203)",
                          "Rows Removed by Index Recheck": 0,
                          "Exact Heap Blocks": 2043,
                          "Lossy Heap Blocks": 0,
                          "Plans": [
                            {
                              "Node Type": "Bitmap Index Scan",
                              "Parent Relationship": "Outer",
                              "Parallel Aware": false,
                              "Index Name": "company_id_movie_companies",
                              "Startup Cost": 0.0,
                              "Total Cost": 239.92,
                              "Plan Rows": 11132,
                              "Plan Width": 0,
                              "Actual Startup Time": 5.182,
                              "Actual Total Time": 5.183,
                              "Actual Rows": 11817,
                              "Actual Loops": 1,
                              "Index Cond": "(company_id = 11203)"
                            }
                          ]
                        },
                        {
                          "Node Type": "Index Only Scan",
                          "Parent Relationship": "Inner",
                          "Parallel Aware": false,
                          "Scan Direction": "Forward",
                          "Index Name": "title_pkey",
                          "Relation Name": "title",
                          "Alias": "t",
                          "Startup Cost": 0.43,
                          "Total Cost": 6.38,
                          "Plan Rows": 1,
                          "Plan Width": 4,
                          "Actual Startup Time": 0.005,
                          "Actual Total Time": 0.005,
                          "Actual Rows": 1,
                          "Actual Loops": 11817,
                          "Index Cond": "(id = mc.movie_id)",
                          "Rows Removed by Index Recheck": 0,
                          "Heap Fetches": 11817
                        }
                      ]
                    },
                    {
                      "Node Type": "Index Scan",
                      "Parent Relationship": "Inner",
                      "Parallel Aware": false,
                      "Scan Direction": "Forward",
                      "Index Name": "movie_id_movie_info",
                      "Relation Name": "movie_info",
                      "Alias": "mi",
                      "Startup Cost": 0.43,
                      "Total Cost": 1.62,
                      "Plan Rows": 3,
                      "Plan Width": 4,
                      "Actual Startup Time": 0.014,
                      "Actual Total Time": 0.014,
                      "Actual Rows": 0,
                      "Actual Loops": 11817,
                      "Index Cond": "(movie_id = t.id)",
                      "Rows Removed by Index Recheck": 0,
                      "Filter": "(info_type_id > 46)",
                      "Rows Removed by Filter": 12
                    }
                  ]
                }
              ]
            }
          ]
        }
      ]
    },
    "Planning Time": 1.54,
    "Triggers": [],
    "Execution Time": 106.146
  }
]