[
  {
    "Plan": {
      "Node Type": "Aggregate",
      "Strategy": "Plain",
      "Partial Mode": "Finalize",
      "Parallel Aware": false,
      "Startup Cost": 347350.36,
      "Total Cost": 347350.37,
      "Plan Rows": 1,
      "Plan Width": 8,
      "Actual Startup Time": 704.755,
      "Actual Total Time": 761.365,
      "Actual Rows": 1,
      "Actual Loops": 1,
      "Plans": [
        {
          "Node Type": "Gather",
          "Parent Relationship": "Outer",
          "Parallel Aware": false,
          "Startup Cost": 347349.73,
          "Total Cost": 347350.34,
          "Plan Rows": 6,
          "Plan Width": 8,
          "Actual Startup Time": 704.623,
          "Actual Total Time": 761.356,
          "Actual Rows": 7,
          "Actual Loops": 1,
          "Workers Planned": 6,
          "Workers Launched": 6,
          "Single Copy": false,
          "Plans": [
            {
              "Node Type": "Aggregate",
              "Strategy": "Plain",
              "Partial Mode": "Partial",
              "Parent Relationship": "Outer",
              "Parallel Aware": false,
              "Startup Cost": 346349.73,
              "Total Cost": 346349.74,
              "Plan Rows": 1,
              "Plan Width": 8,
              "Actual Startup Time": 694.407,
              "Actual Total Time": 694.408,
              "Actual Rows": 1,
              "Actual Loops": 7,
              "Plans": [
                {
                  "Node Type": "Seq Scan",
                  "Parent Relationship": "Outer",
                  "Parallel Aware": true,
                  "Relation Name": "cast_info",
                  "Alias": "ci",
                  "Startup Cost": 0.0,
                  "Total Cost": 343257.03,
                  "Plan Rows": 1237082,
                  "Plan Width": 0,
                  "Actual Startup Time": 328.612,
                  "Actual Total Time": 629.846,
                  "Actual Rows": 1562581,
                  "Actual Loops": 7,
                  "Filter": "((person_id > 1993776) AND (role_id > 2))",
                  "Rows Removed by Filter": 3615183
                }
              ]
            }
          ]
        }
      ]
    },
    "Planning Time": 0.221,
    "Triggers": [],
    "Execution Time": 761.437
  }
]