[
    {
        "Bao": {
            "Bao prediction": 441.773,
            "Bao recommended hint": "(no hint)"
        }
    },
    {
        "Plan": {
            "Node Type": "Aggregate",
            "Strategy": "Plain",
            "Partial Mode": "Finalize",
            "Parallel Aware": false,
            "Startup Cost": 32809.53,
            "Total Cost": 32809.54,
            "Plan Rows": 1,
            "Plan Width": 8,
            "Actual Startup Time": 99.696,
            "Actual Total Time": 104.705,
            "Actual Rows": 1,
            "Actual Loops": 1,
            "Output": [
                "count(*)"
            ],
            "Plans": [
                {
                    "Node Type": "Gather",
                    "Parent Relationship": "Outer",
                    "Parallel Aware": false,
                    "Startup Cost": 32809.21,
                    "Total Cost": 32809.52,
                    "Plan Rows": 3,
                    "Plan Width": 8,
                    "Actual Startup Time": 99.587,
                    "Actual Total Time": 104.697,
                    "Actual Rows": 4,
                    "Actual Loops": 1,
                    "Output": [
                        "(PARTIAL count(*))"
                    ],
                    "Workers Planned": 3,
                    "Workers Launched": 3,
                    "Single Copy": false,
                    "Plans": [
                        {
                            "Node Type": "Aggregate",
                            "Strategy": "Plain",
                            "Partial Mode": "Partial",
                            "Parent Relationship": "Outer",
                            "Parallel Aware": false,
                            "Startup Cost": 31809.21,
                            "Total Cost": 31809.22,
                            "Plan Rows": 1,
                            "Plan Width": 8,
                            "Actual Startup Time": 91.978,
                            "Actual Total Time": 91.979,
                            "Actual Rows": 1,
                            "Actual Loops": 4,
                            "Output": [
                                "PARTIAL count(*)"
                            ],
                            "Workers": [
                                {
                                    "Worker Number": 0,
                                    "Actual Startup Time": 89.475,
                                    "Actual Total Time": 89.477,
                                    "Actual Rows": 1,
                                    "Actual Loops": 1
                                },
                                {
                                    "Worker Number": 1,
                                    "Actual Startup Time": 89.683,
                                    "Actual Total Time": 89.685,
                                    "Actual Rows": 1,
                                    "Actual Loops": 1
                                },
                                {
                                    "Worker Number": 2,
                                    "Actual Startup Time": 89.761,
                                    "Actual Total Time": 89.762,
                                    "Actual Rows": 1,
                                    "Actual Loops": 1
                                }
                            ],
                            "Plans": [
                                {
                                    "Node Type": "Seq Scan",
                                    "Parent Relationship": "Outer",
                                    "Parallel Aware": true,
                                    "Relation Name": "movie_companies",
                                    "Schema": "public",
                                    "Alias": "mc",
                                    "Startup Cost": 0.0,
                                    "Total Cost": 31414.82,
                                    "Plan Rows": 157757,
                                    "Plan Width": 0,
                                    "Actual Startup Time": 23.389,
                                    "Actual Total Time": 88.765,
                                    "Actual Rows": 45466,
                                    "Actual Loops": 4,
                                    "Output": [
                                        "id",
                                        "movie_id",
                                        "company_id",
                                        "company_type_id",
                                        "note"
                                    ],
                                    "Filter": "((mc.company_id > 16708) AND (mc.company_type_id = 1))",
                                    "Rows Removed by Filter": 606816,
                                    "Workers": [
                                        {
                                            "Worker Number": 0,
                                            "Actual Startup Time": 20.893,
                                            "Actual Total Time": 86.422,
                                            "Actual Rows": 41959,
                                            "Actual Loops": 1
                                        },
                                        {
                                            "Worker Number": 1,
                                            "Actual Startup Time": 21.102,
                                            "Actual Total Time": 86.61,
                                            "Actual Rows": 42181,
                                            "Actual Loops": 1
                                        },
                                        {
                                            "Worker Number": 2,
                                            "Actual Startup Time": 21.163,
                                            "Actual Total Time": 86.645,
                                            "Actual Rows": 42713,
                                            "Actual Loops": 1
                                        }
                                    ]
                                }
                            ]
                        }
                    ]
                }
            ]
        },
        "Planning Time": 1299.895,
        "Triggers": [],
        "Execution Time": 104.8
    }
]