{
  "Plan": {
    "Node Type": "Aggregate",
    "Strategy": "Plain",
    "Partial Mode": "Finalize",
    "Parallel Aware": false,
    "Startup Cost": 83240.13,
    "Total Cost": 83240.14,
    "Plan Rows": 1,
    "Plan Width": 8,
    "Actual Startup Time": 166.099,
    "Actual Total Time": 180.576,
    "Actual Rows": 1,
    "Actual Loops": 1,
    "Plans": [
      {
        "Node Type": "Gather",
        "Parent Relationship": "Outer",
        "Parallel Aware": false,
        "Startup Cost": 83240.02,
        "Total Cost": 83240.13,
        "Plan Rows": 1,
        "Plan Width": 8,
        "Actual Startup Time": 165.975,
        "Actual Total Time": 180.568,
        "Actual Rows": 2,
        "Actual Loops": 1,
        "Workers Planned": 1,
        "Workers Launched": 1,
        "Single Copy": false,
        "Plans": [
          {
            "Node Type": "Aggregate",
            "Strategy": "Plain",
            "Partial Mode": "Partial",
            "Parent Relationship": "Outer",
            "Parallel Aware": false,
            "Startup Cost": 82240.02,
            "Total Cost": 82240.03,
            "Plan Rows": 1,
            "Plan Width": 8,
            "Actual Startup Time": 159.966,
            "Actual Total Time": 159.968,
            "Actual Rows": 1,
            "Actual Loops": 2,
            "Plans": [
              {
                "Node Type": "Nested Loop",
                "Parent Relationship": "Outer",
                "Parallel Aware": false,
                "Join Type": "Inner",
                "Startup Cost": 0.43,
                "Total Cost": 82236.86,
                "Plan Rows": 1266,
                "Plan Width": 0,
                "Actual Startup Time": 0.68,
                "Actual Total Time": 159.903,
                "Actual Rows": 361,
                "Actual Loops": 2,
                "Inner Unique": false,
                "Plans": [
                  {
                    "Node Type": "Seq Scan",
                    "Parent Relationship": "Outer",
                    "Parallel Aware": true,
                    "Relation Name": "title",
                    "Alias": "t",
                    "Startup Cost": 0.0,
                    "Total Cost": 58306.47,
                    "Plan Rows": 2742,
                    "Plan Width": 4,
                    "Actual Startup Time": 0.438,
                    "Actual Total Time": 149.592,
                    "Actual Rows": 2922,
                    "Actual Loops": 2,
                    "Filter": "((kind_id = 7) AND (production_year = 1957))",
                    "Rows Removed by Filter": 1261234
                  },
                  {
                    "Node Type": "Index Scan",
                    "Parent Relationship": "Inner",
                    "Parallel Aware": false,
                    "Scan Direction": "Forward",
                    "Index Name": "movie_id_movie_keyword",
                    "Relation Name": "movie_keyword",
                    "Alias": "mk",
                    "Startup Cost": 0.43,
                    "Total Cost": 8.61,
                    "Plan Rows": 12,
                    "Plan Width": 4,
                    "Actual Startup Time": 0.003,
                    "Actual Total Time": 0.003,
                    "Actual Rows": 0,
                    "Actual Loops": 5845,
                    "Index Cond": "(movie_id = t.id)",
                    "Rows Removed by Index Recheck": 0,
                    "Filter": "(keyword_id < 1397)",
                    "Rows Removed by Filter": 0
                  }
                ]
              }
            ]
          }
        ]
      }
    ]
  },
  "Planning Time": 0.478,
  "Triggers": [],
  "Execution Time": 180.649
}