{
  "Plan": {
    "Node Type": "Aggregate",
    "Strategy": "Plain",
    "Partial Mode": "Finalize",
    "Parallel Aware": false,
    "Startup Cost": 129799.63,
    "Total Cost": 129799.64,
    "Plan Rows": 1,
    "Plan Width": 8,
    "Actual Startup Time": 641.164,
    "Actual Total Time": 658.094,
    "Actual Rows": 1,
    "Actual Loops": 1,
    "Plans": [
      {
        "Node Type": "Gather",
        "Parent Relationship": "Outer",
        "Parallel Aware": false,
        "Startup Cost": 129799.52,
        "Total Cost": 129799.63,
        "Plan Rows": 1,
        "Plan Width": 8,
        "Actual Startup Time": 639.408,
        "Actual Total Time": 658.087,
        "Actual Rows": 2,
        "Actual Loops": 1,
        "Workers Planned": 1,
        "Workers Launched": 1,
        "Single Copy": false,
        "Plans": [
          {
            "Node Type": "Aggregate",
            "Strategy": "Plain",
            "Partial Mode": "Partial",
            "Parent Relationship": "Outer",
            "Parallel Aware": false,
            "Startup Cost": 128799.52,
            "Total Cost": 128799.53,
            "Plan Rows": 1,
            "Plan Width": 8,
            "Actual Startup Time": 633.534,
            "Actual Total Time": 633.538,
            "Actual Rows": 1,
            "Actual Loops": 2,
            "Plans": [
              {
                "Node Type": "Hash Join",
                "Parent Relationship": "Outer",
                "Parallel Aware": true,
                "Join Type": "Inner",
                "Startup Cost": 63855.07,
                "Total Cost": 127200.08,
                "Plan Rows": 639776,
                "Plan Width": 0,
                "Actual Startup Time": 272.391,
                "Actual Total Time": 624.504,
                "Actual Rows": 228792,
                "Actual Loops": 2,
                "Inner Unique": true,
                "Hash Cond": "(mk.movie_id = t.id)",
                "Plans": [
                  {
                    "Node Type": "Seq Scan",
                    "Parent Relationship": "Outer",
                    "Parallel Aware": true,
                    "Relation Name": "movie_keyword",
                    "Alias": "mk",
                    "Startup Cost": 0.0,
                    "Total Cost": 57718.19,
                    "Plan Rows": 2143545,
                    "Plan Width": 4,
                    "Actual Startup Time": 0.061,
                    "Actual Total Time": 192.358,
                    "Actual Rows": 1813956,
                    "Actual Loops": 2,
                    "Filter": "(keyword_id > 845)",
                    "Rows Removed by Filter": 448008
                  },
                  {
                    "Node Type": "Hash",
                    "Parent Relationship": "Inner",
                    "Parallel Aware": true,
                    "Startup Cost": 58306.47,
                    "Total Cost": 58306.47,
                    "Plan Rows": 443888,
                    "Plan Width": 4,
                    "Actual Startup Time": 262.554,
                    "Actual Total Time": 262.555,
                    "Actual Rows": 398319,
                    "Actual Loops": 2,
                    "Hash Buckets": 1048576,
                    "Original Hash Buckets": 1048576,
                    "Hash Batches": 1,
                    "Original Hash Batches": 1,
                    "Peak Memory Usage": 39392,
                    "Plans": [
                      {
                        "Node Type": "Seq Scan",
                        "Parent Relationship": "Outer",
                        "Parallel Aware": true,
                        "Relation Name": "title",
                        "Alias": "t",
                        "Startup Cost": 0.0,
                        "Total Cost": 58306.47,
                        "Plan Rows": 443888,
                        "Plan Width": 4,
                        "Actual Startup Time": 0.035,
                        "Actual Total Time": 163.033,
                        "Actual Rows": 398319,
                        "Actual Loops": 2,
                        "Filter": "((kind_id > 1) AND (production_year > 2005))",
                        "Rows Removed by Filter": 865837
                      }
                    ]
                  }
                ]
              }
            ]
          }
        ]
      }
    ]
  },
  "Planning Time": 0.651,
  "Triggers": [],
  "Execution Time": 658.161
}