{
  "Plan": {
    "Node Type": "Aggregate",
    "Strategy": "Plain",
    "Partial Mode": "Finalize",
    "Parallel Aware": false,
    "Startup Cost": 137976.33,
    "Total Cost": 137976.34,
    "Plan Rows": 1,
    "Plan Width": 8,
    "Actual Startup Time": 732.463,
    "Actual Total Time": 791.581,
    "Actual Rows": 1,
    "Actual Loops": 1,
    "Plans": [
      {
        "Node Type": "Gather",
        "Parent Relationship": "Outer",
        "Parallel Aware": false,
        "Startup Cost": 137976.22,
        "Total Cost": 137976.33,
        "Plan Rows": 1,
        "Plan Width": 8,
        "Actual Startup Time": 732.015,
        "Actual Total Time": 791.572,
        "Actual Rows": 2,
        "Actual Loops": 1,
        "Workers Planned": 1,
        "Workers Launched": 1,
        "Single Copy": false,
        "Plans": [
          {
            "Node Type": "Aggregate",
            "Strategy": "Plain",
            "Partial Mode": "Partial",
            "Parent Relationship": "Outer",
            "Parallel Aware": false,
            "Startup Cost": 136976.22,
            "Total Cost": 136976.23,
            "Plan Rows": 1,
            "Plan Width": 8,
            "Actual Startup Time": 725.991,
            "Actual Total Time": 725.995,
            "Actual Rows": 1,
            "Actual Loops": 2,
            "Plans": [
              {
                "Node Type": "Nested Loop",
                "Parent Relationship": "Outer",
                "Parallel Aware": false,
                "Join Type": "Inner",
                "Startup Cost": 55502.98,
                "Total Cost": 136880.47,
                "Plan Rows": 38298,
                "Plan Width": 0,
                "Actual Startup Time": 166.269,
                "Actual Total Time": 722.998,
                "Actual Rows": 51960,
                "Actual Loops": 2,
                "Inner Unique": false,
                "Join Filter": "(t.id = ci.movie_id)",
                "Rows Removed by Join Filter": 0,
                "Plans": [
                  {
                    "Node Type": "Hash Join",
                    "Parent Relationship": "Outer",
                    "Parallel Aware": true,
                    "Join Type": "Inner",
                    "Startup Cost": 55502.41,
                    "Total Cost": 74286.73,
                    "Plan Rows": 13149,
                    "Plan Width": 8,
                    "Actual Startup Time": 166.104,
                    "Actual Total Time": 270.766,
                    "Actual Rows": 9670,
                    "Actual Loops": 2,
                    "Inner Unique": true,
                    "Hash Cond": "(mi_idx.movie_id = t.id)",
                    "Plans": [
                      {
                        "Node Type": "Seq Scan",
                        "Parent Relationship": "Outer",
                        "Parallel Aware": true,
                        "Relation Name": "movie_info_idx",
                        "Alias": "mi_idx",
                        "Startup Cost": 0.0,
                        "Total Cost": 18082.32,
                        "Plan Rows": 267429,
                        "Plan Width": 4,
                        "Actual Startup Time": 0.019,
                        "Actual Total Time": 51.159,
                        "Actual Rows": 229962,
                        "Actual Loops": 2,
                        "Filter": "(info_type_id < 100)",
                        "Rows Removed by Filter": 460055
                      },
                      {
                        "Node Type": "Hash",
                        "Parent Relationship": "Inner",
                        "Parallel Aware": true,
                        "Startup Cost": 54588.39,
                        "Total Cost": 54588.39,
                        "Plan Rows": 73122,
                        "Plan Width": 4,
                        "Actual Startup Time": 163.645,
                        "Actual Total Time": 163.646,
                        "Actual Rows": 59782,
                        "Actual Loops": 2,
                        "Hash Buckets": 131072,
                        "Original Hash Buckets": 131072,
                        "Hash Batches": 1,
                        "Original Hash Batches": 1,
                        "Peak Memory Usage": 5728,
                        "Plans": [
                          {
                            "Node Type": "Seq Scan",
                            "Parent Relationship": "Outer",
                            "Parallel Aware": true,
                            "Relation Name": "title",
                            "Alias": "t",
                            "Startup Cost": 0.0,
                            "Total Cost": 54588.39,
                            "Plan Rows": 73122,
                            "Plan Width": 4,
                            "Actual Startup Time": 0.046,
                            "Actual Total Time": 143.908,
                            "Actual Rows": 59782,
                            "Actual Loops": 2,
                            "Filter": "(production_year = 2007)",
                            "Rows Removed by Filter": 1204374
                          }
                        ]
                      }
                    ]
                  },
                  {
                    "Node Type": "Index Scan",
                    "Parent Relationship": "Inner",
                    "Parallel Aware": false,
                    "Scan Direction": "Forward",
                    "Index Name": "movie_id_cast_info",
                    "Relation Name": "cast_info",
                    "Alias": "ci",
                    "Startup Cost": 0.56,
                    "Total Cost": 4.67,
                    "Plan Rows": 7,
                    "Plan Width": 4,
                    "Actual Startup Time": 0.022,
                    "Actual Total Time": 0.046,
                    "Actual Rows": 5,
                    "Actual Loops": 19339,
                    "Index Cond": "(movie_id = mi_idx.movie_id)",
                    "Rows Removed by Index Recheck": 0,
                    "Filter": "(role_id = 2)",
                    "Rows Removed by Filter": 27
                  }
                ]
              }
            ]
          }
        ]
      }
    ]
  },
  "Planning Time": 0.943,
  "Triggers": [],
  "Execution Time": 791.685
}