[
  {
    "Plan": {
      "Node Type": "Aggregate",
      "Strategy": "Plain",
      "Partial Mode": "Finalize",
      "Parallel Aware": false,
      "Startup Cost": 345310.98,
      "Total Cost": 345310.99,
      "Plan Rows": 1,
      "Plan Width": 8,
      "Actual Startup Time": 464.725,
      "Actual Total Time": 503.35,
      "Actual Rows": 1,
      "Actual Loops": 1,
      "Plans": [
        {
          "Node Type": "Gather",
          "Parent Relationship": "Outer",
          "Parallel Aware": false,
          "Startup Cost": 345310.35,
          "Total Cost": 345310.96,
          "Plan Rows": 6,
          "Plan Width": 8,
          "Actual Startup Time": 464.614,
          "Actual Total Time": 503.339,
          "Actual Rows": 7,
          "Actual Loops": 1,
          "Workers Planned": 6,
          "Workers Launched": 6,
          "Single Copy": false,
          "Plans": [
            {
              "Node Type": "Aggregate",
              "Strategy": "Plain",
              "Partial Mode": "Partial",
              "Parent Relationship": "Outer",
              "Parallel Aware": false,
              "Startup Cost": 344310.35,
              "Total Cost": 344310.36,
              "Plan Rows": 1,
              "Plan Width": 8,
              "Actual Startup Time": 455.957,
              "Actual Total Time": 455.959,
              "Actual Rows": 1,
              "Actual Loops": 7,
              "Plans": [
                {
                  "Node Type": "Index Scan",
                  "Parent Relationship": "Outer",
                  "Parallel Aware": true,
                  "Scan Direction": "Forward",
                  "Index Name": "role_id_cast_info",
                  "Relation Name": "cast_info",
                  "Alias": "ci",
                  "Startup Cost": 0.56,
                  "Total Cost": 341155.22,
                  "Plan Rows": 1262054,
                  "Plan Width": 0,
                  "Actual Startup Time": 373.279,
                  "Actual Total Time": 440.716,
                  "Actual Rows": 289187,
                  "Actual Loops": 7,
                  "Index Cond": "(role_id = 1)",
                  "Rows Removed by Index Recheck": 0,
                  "Filter": "(person_id > 1456569)",
                  "Rows Removed by Filter": 1520911
                }
              ]
            }
          ]
        }
      ]
    },
    "Planning Time": 0.092,
    "Triggers": [],
    "Execution Time": 503.394
  }
]