[
  {
    "Plan": {
      "Node Type": "Aggregate",
      "Strategy": "Plain",
      "Partial Mode": "Finalize",
      "Parallel Aware": false,
      "Startup Cost": 339314.02,
      "Total Cost": 339314.03,
      "Plan Rows": 1,
      "Plan Width": 8,
      "Actual Startup Time": 395.903,
      "Actual Total Time": 418.008,
      "Actual Rows": 1,
      "Actual Loops": 1,
      "Plans": [
        {
          "Node Type": "Gather",
          "Parent Relationship": "Outer",
          "Parallel Aware": false,
          "Startup Cost": 339313.39,
          "Total Cost": 339314.0,
          "Plan Rows": 6,
          "Plan Width": 8,
          "Actual Startup Time": 395.836,
          "Actual Total Time": 417.999,
          "Actual Rows": 7,
          "Actual Loops": 1,
          "Workers Planned": 6,
          "Workers Launched": 6,
          "Single Copy": false,
          "Plans": [
            {
              "Node Type": "Aggregate",
              "Strategy": "Plain",
              "Partial Mode": "Partial",
              "Parent Relationship": "Outer",
              "Parallel Aware": false,
              "Startup Cost": 338313.39,
              "Total Cost": 338313.4,
              "Plan Rows": 1,
              "Plan Width": 8,
              "Actual Startup Time": 385.706,
              "Actual Total Time": 385.707,
              "Actual Rows": 1,
              "Actual Loops": 7,
              "Plans": [
                {
                  "Node Type": "Index Scan",
                  "Parent Relationship": "Outer",
                  "Parallel Aware": true,
                  "Scan Direction": "Forward",
                  "Index Name": "role_id_cast_info",
                  "Relation Name": "cast_info",
                  "Alias": "ci",
                  "Startup Cost": 0.56,
                  "Total Cost": 335235.55,
                  "Plan Rows": 1231137,
                  "Plan Width": 0,
                  "Actual Startup Time": 312.052,
                  "Actual Total Time": 373.087,
                  "Actual Rows": 289187,
                  "Actual Loops": 7,
                  "Index Cond": "(role_id = 1)",
                  "Rows Removed by Index Recheck": 0,
                  "Filter": "(person_id > 1456569)",
                  "Rows Removed by Filter": 1520911
                }
              ]
            }
          ]
        }
      ]
    },
    "Planning Time": 0.243,
    "Triggers": [],
    "Execution Time": 418.083
  }
]