[
  {
    "Plan": {
      "Node Type": "Aggregate",
      "Strategy": "Plain",
      "Partial Mode": "Finalize",
      "Parallel Aware": false,
      "Startup Cost": 95697.38,
      "Total Cost": 95697.39,
      "Plan Rows": 1,
      "Plan Width": 128,
      "Actual Startup Time": 243.978,
      "Actual Total Time": 277.572,
      "Actual Rows": 1,
      "Actual Loops": 1,
      "Plans": [
        {
          "Node Type": "Gather",
          "Parent Relationship": "Outer",
          "Parallel Aware": false,
          "Startup Cost": 95696.93,
          "Total Cost": 95697.34,
          "Plan Rows": 4,
          "Plan Width": 128,
          "Actual Startup Time": 243.709,
          "Actual Total Time": 277.552,
          "Actual Rows": 5,
          "Actual Loops": 1,
          "Workers Planned": 4,
          "Workers Launched": 4,
          "Single Copy": false,
          "Plans": [
            {
              "Node Type": "Aggregate",
              "Strategy": "Plain",
              "Partial Mode": "Partial",
              "Parent Relationship": "Outer",
              "Parallel Aware": false,
              "Startup Cost": 94696.93,
              "Total Cost": 94696.94,
              "Plan Rows": 1,
              "Plan Width": 128,
              "Actual Startup Time": 232.426,
              "Actual Total Time": 232.435,
              "Actual Rows": 1,
              "Actual Loops": 5,
              "Plans": [
                {
                  "Node Type": "Nested Loop",
                  "Parent Relationship": "Outer",
                  "Parallel Aware": false,
                  "Join Type": "Inner",
                  "Startup Cost": 3.86,
                  "Total Cost": 94692.99,
                  "Plan Rows": 394,
                  "Plan Width": 64,
                  "Actual Startup Time": 88.959,
                  "Actual Total Time": 231.673,
                  "Actual Rows": 2438,
                  "Actual Loops": 5,
                  "Inner Unique": true,
                  "Plans": [
                    {
                      "Node Type": "Nested Loop",
                      "Parent Relationship": "Outer",
                      "Parallel Aware": false,
                      "Join Type": "Inner",
                      "Startup Cost": 3.43,
                      "Total Cost": 94497.35,
                      "Plan Rows": 394,
                      "Plan Width": 55,
                      "Actual Startup Time": 88.893,
                      "Actual Total Time": 222.662,
                      "Actual Rows": 2438,
                      "Actual Loops": 5,
                      "Inner Unique": true,
                      "Plans": [
                        {
                          "Node Type": "Nested Loop",
                          "Parent Relationship": "Outer",
                          "Parallel Aware": false,
                          "Join Type": "Inner",
                          "Startup Cost": 3.0,
                          "Total Cost": 94300.56,
                          "Plan Rows": 394,
                          "Plan Width": 43,
                          "Actual Startup Time": 88.802,
                          "Actual Total Time": 214.406,
                          "Actual Rows": 2544,
                          "Actual Loops": 5,
                          "Inner Unique": true,
                          "Plans": [
                            {
                              "Node Type": "Nested Loop",
                              "Parent Relationship": "Outer",
                              "Parallel Aware": false,
                              "Join Type": "Inner",
                              "Startup Cost": 2.58,
                              "Total Cost": 93817.6,
                              "Plan Rows": 1083,
                              "Plan Width": 47,
                              "Actual Startup Time": 83.599,
                              "Actual Total Time": 200.314,
                              "Actual Rows": 4609,
                              "Actual Loops": 5,
                              "Inner Unique": false,
                              "Plans": [
                                {
                                  "Node Type": "Hash Join",
                                  "Parent Relationship": "Outer",
                                  "Parallel Aware": false,
                                  "Join Type": "Inner",
                                  "Startup Cost": 2.15,
                                  "Total Cost": 93559.71,
                                  "Plan Rows": 431,
                                  "Plan Width": 39,
                                  "Actual Startup Time": 83.505,
                                  "Actual Total Time": 188.95,
                                  "Actual Rows": 1187,
                                  "Actual Loops": 5,
                                  "Inner Unique": true,
                                  "Hash Cond": "(ci.role_id = rt.id)",
                                  "Plans": [
                                    {
                                      "Node Type": "Nested Loop",
                                      "Parent Relationship": "Outer",
                                      "Parallel Aware": false,
                                      "Join Type": "Inner",
                                      "Startup Cost": 0.99,
                                      "Total Cost": 93540.18,
                                      "Plan Rows": 5170,
                                      "Plan Width": 43,
                                      "Actual Startup Time": 82.565,
                                      "Actual Total Time": 188.394,
                                      "Actual Rows": 1543,
                                      "Actual Loops": 5,
                                      "Inner Unique": false,
                                      "Join Filter": "(n.id = ci.person_id)",
                                      "Rows Removed by Join Filter": 0,
                                      "Plans": [
                                        {
                                          "Node Type": "Nested Loop",
                                          "Parent Relationship": "Outer",
                                          "Parallel Aware": false,
                                          "Join Type": "Inner",
                                          "Startup Cost": 0.42,
                                          "Total Cost": 86180.41,
                                          "Plan Rows": 529,
                                          "Plan Width": 39,
                                          "Actual Startup Time": 80.601,
                                          "Actual Total Time": 176.38,
                                          "Actual Rows": 504,
                                          "Actual Loops": 5,
                                          "Inner Unique": false,
                                          "Plans": [
                                            {
                                              "Node Type": "Seq Scan",
                                              "Parent Relationship": "Outer",
                                              "Parallel Aware": true,
                                              "Relation Name": "name",
                                              "Alias": "n",
                                              "Startup Cost": 0.0,
                                              "Total Cost": 71241.41,
                                              "Plan Rows": 2447,
                                              "Plan Width": 19,
                                              "Actual Startup Time": 79.791,
                                              "Actual Total Time": 169.446,
                                              "Actual Rows": 2365,
                                              "Actual Loops": 5,
                                              "Filter": "((name ~~ '%Wi%'::text) AND ((gender)::text = 'f'::text))",
                                              "Rows Removed by Filter": 831133
                                            },
                                            {
                                              "Node Type": "Index Scan",
                                              "Parent Relationship": "Inner",
                                              "Parallel Aware": false,
                                              "Scan Direction": "Forward",
                                              "Index Name": "person_id_aka_name",
                                              "Relation Name": "aka_name",
                                              "Alias": "an",
                                              "Startup Cost": 0.42,
                                              "Total Cost": 6.09,
                                              "Plan Rows": 2,
                                              "Plan Width": 20,
                                              "Actual Startup Time": 0.003,
                                              "Actual Total Time": 0.003,
                                              "Actual Rows": 0,
                                              "Actual Loops": 11827,
                                              "Index Cond": "(person_id = n.id)",
                                              "Rows Removed by Index Recheck": 0
                                            }
                                          ]
                                        },
                                        {
                                          "Node Type": "Index Scan",
                                          "Parent Relationship": "Inner",
                                          "Parallel Aware": false,
                                          "Scan Direction": "Forward",
                                          "Index Name": "person_id_cast_info",
                                          "Relation Name": "cast_info",
                                          "Alias": "ci",
                                          "Startup Cost": 0.56,
                                          "Total Cost": 13.29,
                                          "Plan Rows": 50,
                                          "Plan Width": 16,
                                          "Actual Startup Time": 0.017,
                                          "Actual Total Time": 0.023,
                                          "Actual Rows": 3,
                                          "Actual Loops": 2518,
                                          "Index Cond": "(person_id = an.person_id)",
                                          "Rows Removed by Index Recheck": 0,
                                          "Filter": "(note = ANY ('{(voice),(producer),\"(executive producer)\",(uncredited)}'::text[]))",
                                          "Rows Removed by Filter": 50
                                        }
                                      ]
                                    },
                                    {
                                      "Node Type": "Hash",
                                      "Parent Relationship": "Inner",
                                      "Parallel Aware": false,
                                      "Startup Cost": 1.15,
                                      "Total Cost": 1.15,
                                      "Plan Rows": 1,
                                      "Plan Width": 4,
                                      "Actual Startup Time": 0.048,
                                      "Actual Total Time": 0.049,
                                      "Actual Rows": 1,
                                      "Actual Loops": 5,
                                      "Hash Buckets": 1024,
                                      "Original Hash Buckets": 1024,
                                      "Hash Batches": 1,
                                      "Original Hash Batches": 1,
                                      "Peak Memory Usage": 9,
                                      "Plans": [
                                        {
                                          "Node Type": "Seq Scan",
                                          "Parent Relationship": "Outer",
                                          "Parallel Aware": false,
                                          "Relation Name": "role_type",
                                          "Alias": "rt",
                                          "Startup Cost": 0.0,
                                          "Total Cost": 1.15,
                                          "Plan Rows": 1,
                                          "Plan Width": 4,
                                          "Actual Startup Time": 0.037,
                                          "Actual Total Time": 0.039,
                                          "Actual Rows": 1,
                                          "Actual Loops": 5,
                                          "Filter": "((role)::text = 'actress'::text)",
                                          "Rows Removed by Filter": 11
                                        }
                                      ]
                                    }
                                  ]
                                },
                                {
                                  "Node Type": "Index Scan",
                                  "Parent Relationship": "Inner",
                                  "Parallel Aware": false,
                                  "Scan Direction": "Forward",
                                  "Index Name": "movie_id_movie_companies",
                                  "Relation Name": "movie_companies",
                                  "Alias": "mc",
                                  "Startup Cost": 0.43,
                                  "Total Cost": 0.55,
                                  "Plan Rows": 5,
                                  "Plan Width": 8,
                                  "Actual Startup Time": 0.006,
                                  "Actual Total Time": 0.009,
                                  "Actual Rows": 4,
                                  "Actual Loops": 5933,
                                  "Index Cond": "(movie_id = ci.movie_id)",
                                  "Rows Removed by Index Recheck": 0
                                }
                              ]
                            },
                            {
                              "Node Type": "Index Scan",
                              "Parent Relationship": "Inner",
                              "Parallel Aware": false,
                              "Scan Direction": "Forward",
                              "Index Name": "company_name_pkey",
                              "Relation Name": "company_name",
                              "Alias": "cn",
                              "Startup Cost": 0.42,
                              "Total Cost": 0.45,
                              "Plan Rows": 1,
                              "Plan Width": 4,
                              "Actual Startup Time": 0.003,
                              "Actual Total Time": 0.003,
                              "Actual Rows": 1,
                              "Actual Loops": 23044,
                              "Index Cond": "(id = mc.company_id)",
                              "Rows Removed by Index Recheck": 0,
                              "Filter": "((country_code)::text = '[us]'::text)",
                              "Rows Removed by Filter": 0
                            }
                          ]
                        },
                        {
                          "Node Type": "Index Scan",
                          "Parent Relationship": "Inner",
                          "Parallel Aware": false,
                          "Scan Direction": "Forward",
                          "Index Name": "char_name_pkey",
                          "Relation Name": "char_name",
                          "Alias": "chn",
                          "Startup Cost": 0.43,
                          "Total Cost": 0.5,
                          "Plan Rows": 1,
                          "Plan Width": 20,
                          "Actual Startup Time": 0.003,
                          "Actual Total Time": 0.003,
                          "Actual Rows": 1,
                          "Actual Loops": 12721,
                          "Index Cond": "(id = ci.person_role_id)",
                          "Rows Removed by Index Recheck": 0
                        }
                      ]
                    },
                    {
                      "Node Type": "Index Scan",
                      "Parent Relationship": "Inner",
                      "Parallel Aware": false,
                      "Scan Direction": "Forward",
                      "Index Name": "title_pkey",
                      "Relation Name": "title",
                      "Alias": "t",
                      "Startup Cost": 0.43,
                      "Total Cost": 0.5,
                      "Plan Rows": 1,
                      "Plan Width": 21,
                      "Actual Startup Time": 0.003,
                      "Actual Total Time": 0.003,
                      "Actual Rows": 1,
                      "Actual Loops": 12192,
                      "Index Cond": "(id = ci.movie_id)",
                      "Rows Removed by Index Recheck": 0
                    }
                  ]
                }
              ]
            }
          ]
        }
      ]
    },
    "Planning Time": 11.323,
    "Triggers": [],
    "Execution Time": 277.966
  }
]