[
  {
    "Plan": {
      "Node Type": "Aggregate",
      "Strategy": "Plain",
      "Partial Mode": "Finalize",
      "Parallel Aware": false,
      "Startup Cost": 346045.27,
      "Total Cost": 346045.28,
      "Plan Rows": 1,
      "Plan Width": 8,
      "Actual Startup Time": 718.886,
      "Actual Total Time": 770.337,
      "Actual Rows": 1,
      "Actual Loops": 1,
      "Plans": [
        {
          "Node Type": "Gather",
          "Parent Relationship": "Outer",
          "Parallel Aware": false,
          "Startup Cost": 346044.64,
          "Total Cost": 346045.25,
          "Plan Rows": 6,
          "Plan Width": 8,
          "Actual Startup Time": 718.677,
          "Actual Total Time": 770.316,
          "Actual Rows": 7,
          "Actual Loops": 1,
          "Workers Planned": 6,
          "Workers Launched": 6,
          "Single Copy": false,
          "Plans": [
            {
              "Node Type": "Aggregate",
              "Strategy": "Plain",
              "Partial Mode": "Partial",
              "Parent Relationship": "Outer",
              "Parallel Aware": false,
              "Startup Cost": 345044.64,
              "Total Cost": 345044.65,
              "Plan Rows": 1,
              "Plan Width": 8,
              "Actual Startup Time": 708.003,
              "Actual Total Time": 708.005,
              "Actual Rows": 1,
              "Actual Loops": 7,
              "Plans": [
                {
                  "Node Type": "Seq Scan",
                  "Parent Relationship": "Outer",
                  "Parallel Aware": true,
                  "Relation Name": "cast_info",
                  "Alias": "ci",
                  "Startup Cost": 0.0,
                  "Total Cost": 343316.27,
                  "Plan Rows": 691348,
                  "Plan Width": 0,
                  "Actual Startup Time": 392.457,
                  "Actual Total Time": 686.665,
                  "Actual Rows": 378899,
                  "Actual Loops": 7,
                  "Filter": "((person_id < 929237) AND (role_id > 2))",
                  "Rows Removed by Filter": 4798865
                }
              ]
            }
          ]
        }
      ]
    },
    "Planning Time": 0.367,
    "Triggers": [],
    "Execution Time": 770.444
  }
]