{
  "Plan": {
    "Node Type": "Aggregate",
    "Strategy": "Plain",
    "Partial Mode": "Finalize",
    "Parallel Aware": false,
    "Startup Cost": 595896.76,
    "Total Cost": 595896.77,
    "Plan Rows": 1,
    "Plan Width": 8,
    "Actual Startup Time": 5104.746,
    "Actual Total Time": 5165.205,
    "Actual Rows": 1,
    "Actual Loops": 1,
    "Plans": [
      {
        "Node Type": "Gather",
        "Parent Relationship": "Outer",
        "Parallel Aware": false,
        "Startup Cost": 595896.65,
        "Total Cost": 595896.76,
        "Plan Rows": 1,
        "Plan Width": 8,
        "Actual Startup Time": 5094.783,
        "Actual Total Time": 5165.198,
        "Actual Rows": 2,
        "Actual Loops": 1,
        "Workers Planned": 1,
        "Workers Launched": 1,
        "Single Copy": false,
        "Plans": [
          {
            "Node Type": "Aggregate",
            "Strategy": "Plain",
            "Partial Mode": "Partial",
            "Parent Relationship": "Outer",
            "Parallel Aware": false,
            "Startup Cost": 594896.65,
            "Total Cost": 594896.66,
            "Plan Rows": 1,
            "Plan Width": 8,
            "Actual Startup Time": 5075.704,
            "Actual Total Time": 5075.709,
            "Actual Rows": 1,
            "Actual Loops": 2,
            "Plans": [
              {
                "Node Type": "Hash Join",
                "Parent Relationship": "Outer",
                "Parallel Aware": true,
                "Join Type": "Inner",
                "Startup Cost": 385797.51,
                "Total Cost": 578400.67,
                "Plan Rows": 6598391,
                "Plan Width": 0,
                "Actual Startup Time": 3281.595,
                "Actual Total Time": 4792.922,
                "Actual Rows": 7259438,
                "Actual Loops": 2,
                "Inner Unique": false,
                "Hash Cond": "(ci.movie_id = t.id)",
                "Plans": [
                  {
                    "Node Type": "Index Scan",
                    "Parent Relationship": "Outer",
                    "Parallel Aware": true,
                    "Scan Direction": "Forward",
                    "Index Name": "role_id_cast_info",
                    "Relation Name": "cast_info",
                    "Alias": "ci",
                    "Startup Cost": 0.56,
                    "Total Cost": 134450.3,
                    "Plan Rows": 2578582,
                    "Plan Width": 4,
                    "Actual Startup Time": 0.069,
                    "Actual Total Time": 315.595,
                    "Actual Rows": 2161509,
                    "Actual Loops": 2,
                    "Index Cond": "(role_id = 10)",
                    "Rows Removed by Index Recheck": 0
                  },
                  {
                    "Node Type": "Hash",
                    "Parent Relationship": "Inner",
                    "Parallel Aware": true,
                    "Startup Cost": 338225.58,
                    "Total Cost": 338225.58,
                    "Plan Rows": 3805709,
                    "Plan Width": 8,
                    "Actual Startup Time": 3242.664,
                    "Actual Total Time": 3242.667,
                    "Actual Rows": 1383739,
                    "Actual Loops": 2,
                    "Hash Buckets": 8388608,
                    "Original Hash Buckets": 8388608,
                    "Hash Batches": 1,
                    "Original Hash Batches": 1,
                    "Peak Memory Usage": 173824,
                    "Plans": [
                      {
                        "Node Type": "Hash Join",
                        "Parent Relationship": "Outer",
                        "Parallel Aware": true,
                        "Join Type": "Inner",
                        "Startup Cost": 66442.09,
                        "Total Cost": 338225.58,
                        "Plan Rows": 3805709,
                        "Plan Width": 8,
                        "Actual Startup Time": 378.928,
                        "Actual Total Time": 2767.239,
                        "Actual Rows": 1383739,
                        "Actual Loops": 2,
                        "Inner Unique": true,
                        "Hash Cond": "(mi.movie_id = t.id)",
                        "Plans": [
                          {
                            "Node Type": "Seq Scan",
                            "Parent Relationship": "Outer",
                            "Parallel Aware": true,
                            "Relation Name": "movie_info",
                            "Alias": "mi",
                            "Startup Cost": 0.0,
                            "Total Cost": 248955.74,
                            "Plan Rows": 8696274,
                            "Plan Width": 4,
                            "Actual Startup Time": 0.011,
                            "Actual Total Time": 752.18,
                            "Actual Rows": 7417860,
                            "Actual Loops": 2
                          },
                          {
                            "Node Type": "Hash",
                            "Parent Relationship": "Inner",
                            "Parallel Aware": true,
                            "Startup Cost": 58306.47,
                            "Total Cost": 58306.47,
                            "Plan Rows": 650850,
                            "Plan Width": 4,
                            "Actual Startup Time": 370.726,
                            "Actual Total Time": 370.728,
                            "Actual Rows": 600545,
                            "Actual Loops": 2,
                            "Hash Buckets": 2097152,
                            "Original Hash Buckets": 2097152,
                            "Hash Batches": 1,
                            "Original Hash Batches": 1,
                            "Peak Memory Usage": 63392,
                            "Plans": [
                              {
                                "Node Type": "Seq Scan",
                                "Parent Relationship": "Outer",
                                "Parallel Aware": true,
                                "Relation Name": "title",
                                "Alias": "t",
                                "Startup Cost": 0.0,
                                "Total Cost": 58306.47,
                                "Plan Rows": 650850,
                                "Plan Width": 4,
                                "Actual Startup Time": 0.056,
                                "Actual Total Time": 196.122,
                                "Actual Rows": 600545,
                                "Actual Loops": 2,
                                "Filter": "((production_year > 1987) AND (kind_id = 7))",
                                "Rows Removed by Filter": 663611
                              }
                            ]
                          }
                        ]
                      }
                    ]
                  }
                ]
              }
            ]
          }
        ]
      }
    ]
  },
  "Planning Time": 1.129,
  "Triggers": [],
  "Execution Time": 5165.299
}