{
  "Plan": {
    "Node Type": "Aggregate",
    "Strategy": "Plain",
    "Partial Mode": "Finalize",
    "Parallel Aware": false,
    "Startup Cost": 29697.66,
    "Total Cost": 29697.67,
    "Plan Rows": 1,
    "Plan Width": 8,
    "Actual Startup Time": 29.543,
    "Actual Total Time": 33.674,
    "Actual Rows": 1,
    "Actual Loops": 1,
    "Plans": [
      {
        "Node Type": "Gather",
        "Parent Relationship": "Outer",
        "Parallel Aware": false,
        "Startup Cost": 29697.55,
        "Total Cost": 29697.66,
        "Plan Rows": 1,
        "Plan Width": 8,
        "Actual Startup Time": 29.438,
        "Actual Total Time": 33.668,
        "Actual Rows": 2,
        "Actual Loops": 1,
        "Workers Planned": 1,
        "Workers Launched": 1,
        "Single Copy": false,
        "Plans": [
          {
            "Node Type": "Aggregate",
            "Strategy": "Plain",
            "Partial Mode": "Partial",
            "Parent Relationship": "Outer",
            "Parallel Aware": false,
            "Startup Cost": 28697.55,
            "Total Cost": 28697.56,
            "Plan Rows": 1,
            "Plan Width": 8,
            "Actual Startup Time": 24.457,
            "Actual Total Time": 24.458,
            "Actual Rows": 1,
            "Actual Loops": 2,
            "Plans": [
              {
                "Node Type": "Nested Loop",
                "Parent Relationship": "Outer",
                "Parallel Aware": false,
                "Join Type": "Inner",
                "Startup Cost": 88.42,
                "Total Cost": 28695.2,
                "Plan Rows": 939,
                "Plan Width": 0,
                "Actual Startup Time": 1.952,
                "Actual Total Time": 24.196,
                "Actual Rows": 1674,
                "Actual Loops": 2,
                "Inner Unique": true,
                "Plans": [
                  {
                    "Node Type": "Bitmap Heap Scan",
                    "Parent Relationship": "Outer",
                    "Parallel Aware": true,
                    "Relation Name": "movie_keyword",
                    "Alias": "mk",
                    "Startup Cost": 87.99,
                    "Total Cost": 10734.82,
                    "Plan Rows": 2395,
                    "Plan Width": 4,
                    "Actual Startup Time": 1.834,
                    "Actual Total Time": 8.327,
                    "Actual Rows": 1896,
                    "Actual Loops": 2,
                    "Recheck Cond": "(keyword_id = 1617)",
                    "Rows Removed by Index Recheck": 0,
                    "Exact Heap Blocks": 3208,
                    "Lossy Heap Blocks": 0,
                    "Plans": [
                      {
                        "Node Type": "Bitmap Index Scan",
                        "Parent Relationship": "Outer",
                        "Parallel Aware": false,
                        "Index Name": "keyword_id_movie_keyword",
                        "Startup Cost": 0.0,
                        "Total Cost": 86.97,
                        "Plan Rows": 4072,
                        "Plan Width": 0,
                        "Actual Startup Time": 2.423,
                        "Actual Total Time": 2.423,
                        "Actual Rows": 3792,
                        "Actual Loops": 1,
                        "Index Cond": "(keyword_id = 1617)"
                      }
                    ]
                  },
                  {
                    "Node Type": "Index Scan",
                    "Parent Relationship": "Inner",
                    "Parallel Aware": false,
                    "Scan Direction": "Forward",
                    "Index Name": "title_pkey",
                    "Relation Name": "title",
                    "Alias": "t",
                    "Startup Cost": 0.43,
                    "Total Cost": 7.5,
                    "Plan Rows": 1,
                    "Plan Width": 4,
                    "Actual Startup Time": 0.008,
                    "Actual Total Time": 0.008,
                    "Actual Rows": 1,
                    "Actual Loops": 3792,
                    "Index Cond": "(id = mk.movie_id)",
                    "Rows Removed by Index Recheck": 0,
                    "Filter": "(kind_id < 7)",
                    "Rows Removed by Filter": 0
                  }
                ]
              }
            ]
          }
        ]
      }
    ]
  },
  "Planning Time": 0.346,
  "Triggers": [],
  "Execution Time": 33.732
}