[
  {
    "Plan": {
      "Node Type": "Aggregate",
      "Strategy": "Plain",
      "Partial Mode": "Finalize",
      "Parallel Aware": false,
      "Startup Cost": 337289.9,
      "Total Cost": 337289.91,
      "Plan Rows": 1,
      "Plan Width": 8,
      "Actual Startup Time": 665.131,
      "Actual Total Time": 691.955,
      "Actual Rows": 1,
      "Actual Loops": 1,
      "Plans": [
        {
          "Node Type": "Gather",
          "Parent Relationship": "Outer",
          "Parallel Aware": false,
          "Startup Cost": 337289.27,
          "Total Cost": 337289.88,
          "Plan Rows": 6,
          "Plan Width": 8,
          "Actual Startup Time": 665.035,
          "Actual Total Time": 691.949,
          "Actual Rows": 7,
          "Actual Loops": 1,
          "Workers Planned": 6,
          "Workers Launched": 6,
          "Single Copy": false,
          "Plans": [
            {
              "Node Type": "Aggregate",
              "Strategy": "Plain",
              "Partial Mode": "Partial",
              "Parent Relationship": "Outer",
              "Parallel Aware": false,
              "Startup Cost": 336289.27,
              "Total Cost": 336289.28,
              "Plan Rows": 1,
              "Plan Width": 8,
              "Actual Startup Time": 659.859,
              "Actual Total Time": 659.86,
              "Actual Rows": 1,
              "Actual Loops": 7,
              "Plans": [
                {
                  "Node Type": "Seq Scan",
                  "Parent Relationship": "Outer",
                  "Parallel Aware": true,
                  "Relation Name": "cast_info",
                  "Alias": "ci",
                  "Startup Cost": 0.0,
                  "Total Cost": 328213.62,
                  "Plan Rows": 3230262,
                  "Plan Width": 0,
                  "Actual Startup Time": 0.031,
                  "Actual Total Time": 537.767,
                  "Actual Rows": 2758653,
                  "Actual Loops": 7,
                  "Filter": "(person_id < 1931018)",
                  "Rows Removed by Filter": 2419110
                }
              ]
            }
          ]
        }
      ]
    },
    "Planning Time": 0.072,
    "Triggers": [],
    "Execution Time": 691.985
  }
]