[
  {
    "Plan": {
      "Node Type": "Aggregate",
      "Strategy": "Plain",
      "Partial Mode": "Finalize",
      "Parallel Aware": false,
      "Startup Cost": 32780.99,
      "Total Cost": 32781.0,
      "Plan Rows": 1,
      "Plan Width": 8,
      "Actual Startup Time": 87.672,
      "Actual Total Time": 95.502,
      "Actual Rows": 1,
      "Actual Loops": 1,
      "Plans": [
        {
          "Node Type": "Gather",
          "Parent Relationship": "Outer",
          "Parallel Aware": false,
          "Startup Cost": 32780.67,
          "Total Cost": 32780.98,
          "Plan Rows": 3,
          "Plan Width": 8,
          "Actual Startup Time": 87.573,
          "Actual Total Time": 95.494,
          "Actual Rows": 4,
          "Actual Loops": 1,
          "Workers Planned": 3,
          "Workers Launched": 3,
          "Single Copy": false,
          "Plans": [
            {
              "Node Type": "Aggregate",
              "Strategy": "Plain",
              "Partial Mode": "Partial",
              "Parent Relationship": "Outer",
              "Parallel Aware": false,
              "Startup Cost": 31780.67,
              "Total Cost": 31780.68,
              "Plan Rows": 1,
              "Plan Width": 8,
              "Actual Startup Time": 78.84,
              "Actual Total Time": 78.841,
              "Actual Rows": 1,
              "Actual Loops": 4,
              "Plans": [
                {
                  "Node Type": "Seq Scan",
                  "Parent Relationship": "Outer",
                  "Parallel Aware": true,
                  "Relation Name": "movie_companies",
                  "Alias": "mc",
                  "Startup Cost": 0.0,
                  "Total Cost": 31414.82,
                  "Plan Rows": 146340,
                  "Plan Width": 0,
                  "Actual Startup Time": 25.778,
                  "Actual Total Time": 76.997,
                  "Actual Rows": 34910,
                  "Actual Loops": 4,
                  "Filter": "((company_id > 19385) AND (company_type_id < 2))",
                  "Rows Removed by Filter": 617372
                }
              ]
            }
          ]
        }
      ]
    },
    "Planning Time": 0.187,
    "Triggers": [],
    "Execution Time": 95.552
  }
]