{
  "Plan": {
    "Node Type": "Aggregate",
    "Strategy": "Plain",
    "Partial Mode": "Finalize",
    "Parallel Aware": false,
    "Startup Cost": 627551.61,
    "Total Cost": 627551.62,
    "Plan Rows": 1,
    "Plan Width": 8,
    "Actual Startup Time": 4395.935,
    "Actual Total Time": 4458.29,
    "Actual Rows": 1,
    "Actual Loops": 1,
    "Plans": [
      {
        "Node Type": "Gather",
        "Parent Relationship": "Outer",
        "Parallel Aware": false,
        "Startup Cost": 627551.49,
        "Total Cost": 627551.6,
        "Plan Rows": 1,
        "Plan Width": 8,
        "Actual Startup Time": 4395.126,
        "Actual Total Time": 4458.279,
        "Actual Rows": 2,
        "Actual Loops": 1,
        "Workers Planned": 1,
        "Workers Launched": 1,
        "Single Copy": false,
        "Plans": [
          {
            "Node Type": "Aggregate",
            "Strategy": "Plain",
            "Partial Mode": "Partial",
            "Parent Relationship": "Outer",
            "Parallel Aware": false,
            "Startup Cost": 626551.49,
            "Total Cost": 626551.5,
            "Plan Rows": 1,
            "Plan Width": 8,
            "Actual Startup Time": 4389.094,
            "Actual Total Time": 4389.099,
            "Actual Rows": 1,
            "Actual Loops": 2,
            "Plans": [
              {
                "Node Type": "Hash Join",
                "Parent Relationship": "Outer",
                "Parallel Aware": true,
                "Join Type": "Inner",
                "Startup Cost": 57576.95,
                "Total Cost": 618463.41,
                "Plan Rows": 3235234,
                "Plan Width": 0,
                "Actual Startup Time": 425.697,
                "Actual Total Time": 4274.046,
                "Actual Rows": 2645423,
                "Actual Loops": 2,
                "Inner Unique": true,
                "Hash Cond": "(ci.movie_id = t.id)",
                "Plans": [
                  {
                    "Node Type": "Seq Scan",
                    "Parent Relationship": "Outer",
                    "Parallel Aware": true,
                    "Relation Name": "cast_info",
                    "Alias": "ci",
                    "Startup Cost": 0.0,
                    "Total Cost": 519069.44,
                    "Plan Rows": 15930267,
                    "Plan Width": 4,
                    "Actual Startup Time": 261.732,
                    "Actual Total Time": 1746.342,
                    "Actual Rows": 13477716,
                    "Actual Loops": 2,
                    "Filter": "(person_id > 914696)",
                    "Rows Removed by Filter": 4644456
                  },
                  {
                    "Node Type": "Hash",
                    "Parent Relationship": "Inner",
                    "Parallel Aware": true,
                    "Startup Cost": 53801.47,
                    "Total Cost": 53801.47,
                    "Plan Rows": 302038,
                    "Plan Width": 4,
                    "Actual Startup Time": 161.066,
                    "Actual Total Time": 161.068,
                    "Actual Rows": 193288,
                    "Actual Loops": 2,
                    "Hash Buckets": 524288,
                    "Original Hash Buckets": 524288,
                    "Hash Batches": 1,
                    "Original Hash Batches": 1,
                    "Peak Memory Usage": 19232,
                    "Plans": [
                      {
                        "Node Type": "Bitmap Heap Scan",
                        "Parent Relationship": "Outer",
                        "Parallel Aware": true,
                        "Relation Name": "title",
                        "Alias": "t",
                        "Startup Cost": 11951.22,
                        "Total Cost": 53801.47,
                        "Plan Rows": 302038,
                        "Plan Width": 4,
                        "Actual Startup Time": 26.463,
                        "Actual Total Time": 105.126,
                        "Actual Rows": 193288,
                        "Actual Loops": 2,
                        "Recheck Cond": "(kind_id = 1)",
                        "Rows Removed by Index Recheck": 0,
                        "Filter": "(production_year > 1979)",
                        "Rows Removed by Filter": 138125,
                        "Exact Heap Blocks": 8843,
                        "Lossy Heap Blocks": 0,
                        "Plans": [
                          {
                            "Node Type": "Bitmap Index Scan",
                            "Parent Relationship": "Outer",
                            "Parallel Aware": false,
                            "Index Name": "kind_id_title",
                            "Startup Cost": 0.0,
                            "Total Cost": 11822.85,
                            "Plan Rows": 663256,
                            "Plan Width": 0,
                            "Actual Startup Time": 27.906,
                            "Actual Total Time": 27.907,
                            "Actual Rows": 662825,
                            "Actual Loops": 1,
                            "Index Cond": "(kind_id = 1)"
                          }
                        ]
                      }
                    ]
                  }
                ]
              }
            ]
          }
        ]
      }
    ]
  },
  "Planning Time": 0.373,
  "Triggers": [],
  "Execution Time": 4458.372
}