[
  {
    "Plan": {
      "Node Type": "Aggregate",
      "Strategy": "Plain",
      "Partial Mode": "Finalize",
      "Parallel Aware": false,
      "Startup Cost": 35152.03,
      "Total Cost": 35152.04,
      "Plan Rows": 1,
      "Plan Width": 8,
      "Actual Startup Time": 93.355,
      "Actual Total Time": 101.571,
      "Actual Rows": 1,
      "Actual Loops": 1,
      "Plans": [
        {
          "Node Type": "Gather",
          "Parent Relationship": "Outer",
          "Parallel Aware": false,
          "Startup Cost": 35151.71,
          "Total Cost": 35152.02,
          "Plan Rows": 3,
          "Plan Width": 8,
          "Actual Startup Time": 93.081,
          "Actual Total Time": 101.559,
          "Actual Rows": 4,
          "Actual Loops": 1,
          "Workers Planned": 3,
          "Workers Launched": 3,
          "Single Copy": false,
          "Plans": [
            {
              "Node Type": "Aggregate",
              "Strategy": "Plain",
              "Partial Mode": "Partial",
              "Parent Relationship": "Outer",
              "Parallel Aware": false,
              "Startup Cost": 34151.71,
              "Total Cost": 34151.72,
              "Plan Rows": 1,
              "Plan Width": 8,
              "Actual Startup Time": 88.981,
              "Actual Total Time": 88.983,
              "Actual Rows": 1,
              "Actual Loops": 4,
              "Plans": [
                {
                  "Node Type": "Bitmap Heap Scan",
                  "Parent Relationship": "Outer",
                  "Parallel Aware": true,
                  "Relation Name": "movie_keyword",
                  "Alias": "mk",
                  "Startup Cost": 7896.84,
                  "Total Cost": 33851.57,
                  "Plan Rows": 120058,
                  "Plan Width": 0,
                  "Actual Startup Time": 22.001,
                  "Actual Total Time": 83.469,
                  "Actual Rows": 93089,
                  "Actual Loops": 4,
                  "Recheck Cond": "(keyword_id > 45469)",
                  "Rows Removed by Index Recheck": 0,
                  "Exact Heap Blocks": 9154,
                  "Lossy Heap Blocks": 0,
                  "Plans": [
                    {
                      "Node Type": "Bitmap Index Scan",
                      "Parent Relationship": "Outer",
                      "Parallel Aware": false,
                      "Index Name": "keyword_id_movie_keyword",
                      "Startup Cost": 0.0,
                      "Total Cost": 7803.79,
                      "Plan Rows": 372181,
                      "Plan Width": 0,
                      "Actual Startup Time": 22.404,
                      "Actual Total Time": 22.404,
                      "Actual Rows": 372355,
                      "Actual Loops": 1,
                      "Index Cond": "(keyword_id > 45469)"
                    }
                  ]
                }
              ]
            }
          ]
        }
      ]
    },
    "Planning Time": 0.086,
    "Triggers": [],
    "Execution Time": 101.607
  }
]