[
  {
    "Plan": {
      "Node Type": "Aggregate",
      "Strategy": "Plain",
      "Partial Mode": "Finalize",
      "Parallel Aware": false,
      "Startup Cost": 35499.18,
      "Total Cost": 35499.19,
      "Plan Rows": 1,
      "Plan Width": 8,
      "Actual Startup Time": 118.452,
      "Actual Total Time": 127.048,
      "Actual Rows": 1,
      "Actual Loops": 1,
      "Plans": [
        {
          "Node Type": "Gather",
          "Parent Relationship": "Outer",
          "Parallel Aware": false,
          "Startup Cost": 35498.86,
          "Total Cost": 35499.17,
          "Plan Rows": 3,
          "Plan Width": 8,
          "Actual Startup Time": 118.161,
          "Actual Total Time": 127.038,
          "Actual Rows": 4,
          "Actual Loops": 1,
          "Workers Planned": 3,
          "Workers Launched": 3,
          "Single Copy": false,
          "Plans": [
            {
              "Node Type": "Aggregate",
              "Strategy": "Plain",
              "Partial Mode": "Partial",
              "Parent Relationship": "Outer",
              "Parallel Aware": false,
              "Startup Cost": 34498.86,
              "Total Cost": 34498.87,
              "Plan Rows": 1,
              "Plan Width": 8,
              "Actual Startup Time": 109.803,
              "Actual Total Time": 109.805,
              "Actual Rows": 1,
              "Actual Loops": 4,
              "Plans": [
                {
                  "Node Type": "Bitmap Heap Scan",
                  "Parent Relationship": "Outer",
                  "Parallel Aware": true,
                  "Relation Name": "movie_keyword",
                  "Alias": "mk",
                  "Startup Cost": 8179.74,
                  "Total Cost": 34188.01,
                  "Plan Rows": 124342,
                  "Plan Width": 0,
                  "Actual Startup Time": 39.026,
                  "Actual Total Time": 104.175,
                  "Actual Rows": 93089,
                  "Actual Loops": 4,
                  "Recheck Cond": "(keyword_id > 45469)",
                  "Rows Removed by Index Recheck": 0,
                  "Exact Heap Blocks": 10720,
                  "Lossy Heap Blocks": 0,
                  "Plans": [
                    {
                      "Node Type": "Bitmap Index Scan",
                      "Parent Relationship": "Outer",
                      "Parallel Aware": false,
                      "Index Name": "keyword_id_movie_keyword",
                      "Startup Cost": 0.0,
                      "Total Cost": 8083.38,
                      "Plan Rows": 385459,
                      "Plan Width": 0,
                      "Actual Startup Time": 43.164,
                      "Actual Total Time": 43.164,
                      "Actual Rows": 372355,
                      "Actual Loops": 1,
                      "Index Cond": "(keyword_id > 45469)"
                    }
                  ]
                }
              ]
            }
          ]
        }
      ]
    },
    "Planning Time": 0.195,
    "Triggers": [],
    "Execution Time": 127.127
  }
]