[
    {
        "Bao": {
            "Bao prediction": "NaN",
            "Bao recommended hint": "(no hint)"
        }
    },
    {
        "Plan": {
            "Node Type": "Aggregate",
            "Strategy": "Plain",
            "Partial Mode": "Finalize",
            "Parallel Aware": false,
            "Startup Cost": 44734.98,
            "Total Cost": 44734.99,
            "Plan Rows": 1,
            "Plan Width": 8,
            "Actual Startup Time": 59.813,
            "Actual Total Time": 67.143,
            "Actual Rows": 1,
            "Actual Loops": 1,
            "Output": [
                "count(*)"
            ],
            "Plans": [
                {
                    "Node Type": "Gather",
                    "Parent Relationship": "Outer",
                    "Parallel Aware": false,
                    "Startup Cost": 44734.67,
                    "Total Cost": 44734.98,
                    "Plan Rows": 3,
                    "Plan Width": 8,
                    "Actual Startup Time": 59.562,
                    "Actual Total Time": 67.134,
                    "Actual Rows": 4,
                    "Actual Loops": 1,
                    "Output": [
                        "(PARTIAL count(*))"
                    ],
                    "Workers Planned": 3,
                    "Workers Launched": 3,
                    "Single Copy": false,
                    "Plans": [
                        {
                            "Node Type": "Aggregate",
                            "Strategy": "Plain",
                            "Partial Mode": "Partial",
                            "Parent Relationship": "Outer",
                            "Parallel Aware": false,
                            "Startup Cost": 43734.67,
                            "Total Cost": 43734.68,
                            "Plan Rows": 1,
                            "Plan Width": 8,
                            "Actual Startup Time": 49.073,
                            "Actual Total Time": 49.075,
                            "Actual Rows": 1,
                            "Actual Loops": 4,
                            "Output": [
                                "PARTIAL count(*)"
                            ],
                            "Workers": [
                                {
                                    "Worker Number": 0,
                                    "Actual Startup Time": 45.919,
                                    "Actual Total Time": 45.92,
                                    "Actual Rows": 1,
                                    "Actual Loops": 1
                                },
                                {
                                    "Worker Number": 1,
                                    "Actual Startup Time": 45.944,
                                    "Actual Total Time": 45.946,
                                    "Actual Rows": 1,
                                    "Actual Loops": 1
                                },
                                {
                                    "Worker Number": 2,
                                    "Actual Startup Time": 45.895,
                                    "Actual Total Time": 45.896,
                                    "Actual Rows": 1,
                                    "Actual Loops": 1
                                }
                            ],
                            "Plans": [
                                {
                                    "Node Type": "Nested Loop",
                                    "Parent Relationship": "Outer",
                                    "Parallel Aware": false,
                                    "Join Type": "Inner",
                                    "Startup Cost": 245.69,
                                    "Total Cost": 43727.88,
                                    "Plan Rows": 2715,
                                    "Plan Width": 0,
                                    "Actual Startup Time": 3.997,
                                    "Actual Total Time": 48.823,
                                    "Actual Rows": 1075,
                                    "Actual Loops": 4,
                                    "Inner Unique": true,
                                    "Workers": [
                                        {
                                            "Worker Number": 0,
                                            "Actual Startup Time": 0.998,
                                            "Actual Total Time": 45.718,
                                            "Actual Rows": 570,
                                            "Actual Loops": 1
                                        },
                                        {
                                            "Worker Number": 1,
                                            "Actual Startup Time": 0.984,
                                            "Actual Total Time": 45.743,
                                            "Actual Rows": 588,
                                            "Actual Loops": 1
                                        },
                                        {
                                            "Worker Number": 2,
                                            "Actual Startup Time": 0.818,
                                            "Actual Total Time": 45.7,
                                            "Actual Rows": 605,
                                            "Actual Loops": 1
                                        }
                                    ],
                                    "Plans": [
                                        {
                                            "Node Type": "Bitmap Heap Scan",
                                            "Parent Relationship": "Outer",
                                            "Parallel Aware": true,
                                            "Relation Name": "movie_keyword",
                                            "Schema": "public",
                                            "Alias": "mk",
                                            "Startup Cost": 245.26,
                                            "Total Cost": 20268.67,
                                            "Plan Rows": 3697,
                                            "Plan Width": 4,
                                            "Actual Startup Time": 3.865,
                                            "Actual Total Time": 16.64,
                                            "Actual Rows": 2700,
                                            "Actual Loops": 4,
                                            "Output": [
                                                "mk.id",
                                                "mk.movie_id",
                                                "mk.keyword_id"
                                            ],
                                            "Recheck Cond": "(mk.keyword_id = 347)",
                                            "Rows Removed by Index Recheck": 0,
                                            "Exact Heap Blocks": 4018,
                                            "Lossy Heap Blocks": 0,
                                            "Workers": [
                                                {
                                                    "Worker Number": 0,
                                                    "Actual Startup Time": 0.827,
                                                    "Actual Total Time": 13.169,
                                                    "Actual Rows": 1525,
                                                    "Actual Loops": 1
                                                },
                                                {
                                                    "Worker Number": 1,
                                                    "Actual Startup Time": 0.826,
                                                    "Actual Total Time": 13.241,
                                                    "Actual Rows": 1747,
                                                    "Actual Loops": 1
                                                },
                                                {
                                                    "Worker Number": 2,
                                                    "Actual Startup Time": 0.656,
                                                    "Actual Total Time": 13.35,
                                                    "Actual Rows": 1802,
                                                    "Actual Loops": 1
                                                }
                                            ],
                                            "Plans": [
                                                {
                                                    "Node Type": "Bitmap Index Scan",
                                                    "Parent Relationship": "Outer",
                                                    "Parallel Aware": false,
                                                    "Index Name": "keyword_id_movie_keyword",
                                                    "Startup Cost": 0.0,
                                                    "Total Cost": 242.39,
                                                    "Plan Rows": 11461,
                                                    "Plan Width": 0,
                                                    "Actual Startup Time": 9.255,
                                                    "Actual Total Time": 9.255,
                                                    "Actual Rows": 10799,
                                                    "Actual Loops": 1,
                                                    "Index Cond": "(mk.keyword_id = 347)"
                                                }
                                            ]
                                        },
                                        {
                                            "Node Type": "Index Scan",
                                            "Parent Relationship": "Inner",
                                            "Parallel Aware": false,
                                            "Scan Direction": "Forward",
                                            "Index Name": "title_pkey",
                                            "Relation Name": "title",
                                            "Schema": "public",
                                            "Alias": "t",
                                            "Startup Cost": 0.43,
                                            "Total Cost": 6.35,
                                            "Plan Rows": 1,
                                            "Plan Width": 4,
                                            "Actual Startup Time": 0.011,
                                            "Actual Total Time": 0.011,
                                            "Actual Rows": 0,
                                            "Actual Loops": 10799,
                                            "Output": [
                                                "t.id",
                                                "t.title",
                                                "t.imdb_index",
                                                "t.kind_id",
                                                "t.production_year",
                                                "t.imdb_id",
                                                "t.phonetic_code",
                                                "t.episode_of_id",
                                                "t.season_nr",
                                                "t.episode_nr",
                                                "t.series_years",
                                                "t.md5sum"
                                            ],
                                            "Index Cond": "(t.id = mk.movie_id)",
                                            "Rows Removed by Index Recheck": 0,
                                            "Filter": "(t.kind_id > 1)",
                                            "Rows Removed by Filter": 1,
                                            "Workers": [
                                                {
                                                    "Worker Number": 0,
                                                    "Actual Startup Time": 0.02,
                                                    "Actual Total Time": 0.02,
                                                    "Actual Rows": 0,
                                                    "Actual Loops": 1525
                                                },
                                                {
                                                    "Worker Number": 1,
                                                    "Actual Startup Time": 0.018,
                                                    "Actual Total Time": 0.018,
                                                    "Actual Rows": 0,
                                                    "Actual Loops": 1747
                                                },
                                                {
                                                    "Worker Number": 2,
                                                    "Actual Startup Time": 0.017,
                                                    "Actual Total Time": 0.017,
                                                    "Actual Rows": 0,
                                                    "Actual Loops": 1802
                                                }
                                            ]
                                        }
                                    ]
                                }
                            ]
                        }
                    ]
                }
            ]
        },
        "Planning Time": 298.318,
        "Triggers": [],
        "Execution Time": 67.501
    }
]