{
  "Plan": {
    "Node Type": "Aggregate",
    "Strategy": "Plain",
    "Partial Mode": "Finalize",
    "Parallel Aware": false,
    "Startup Cost": 131699.23,
    "Total Cost": 131699.24,
    "Plan Rows": 1,
    "Plan Width": 8,
    "Actual Startup Time": 858.718,
    "Actual Total Time": 876.816,
    "Actual Rows": 1,
    "Actual Loops": 1,
    "Plans": [
      {
        "Node Type": "Gather",
        "Parent Relationship": "Outer",
        "Parallel Aware": false,
        "Startup Cost": 131699.11,
        "Total Cost": 131699.22,
        "Plan Rows": 1,
        "Plan Width": 8,
        "Actual Startup Time": 855.359,
        "Actual Total Time": 876.803,
        "Actual Rows": 2,
        "Actual Loops": 1,
        "Workers Planned": 1,
        "Workers Launched": 1,
        "Single Copy": false,
        "Plans": [
          {
            "Node Type": "Aggregate",
            "Strategy": "Plain",
            "Partial Mode": "Partial",
            "Parent Relationship": "Outer",
            "Parallel Aware": false,
            "Startup Cost": 130699.11,
            "Total Cost": 130699.12,
            "Plan Rows": 1,
            "Plan Width": 8,
            "Actual Startup Time": 847.705,
            "Actual Total Time": 847.71,
            "Actual Rows": 1,
            "Actual Loops": 2,
            "Plans": [
              {
                "Node Type": "Hash Join",
                "Parent Relationship": "Outer",
                "Parallel Aware": true,
                "Join Type": "Inner",
                "Startup Cost": 68888.68,
                "Total Cost": 129260.51,
                "Plan Rows": 575441,
                "Plan Width": 0,
                "Actual Startup Time": 478.038,
                "Actual Total Time": 842.411,
                "Actual Rows": 106472,
                "Actual Loops": 2,
                "Inner Unique": true,
                "Hash Cond": "(mk.movie_id = t.id)",
                "Plans": [
                  {
                    "Node Type": "Seq Scan",
                    "Parent Relationship": "Outer",
                    "Parallel Aware": true,
                    "Relation Name": "movie_keyword",
                    "Alias": "mk",
                    "Startup Cost": 0.0,
                    "Total Cost": 57718.19,
                    "Plan Rows": 1010910,
                    "Plan Width": 4,
                    "Actual Startup Time": 0.022,
                    "Actual Total Time": 216.579,
                    "Actual Rows": 863402,
                    "Actual Loops": 2,
                    "Filter": "(keyword_id < 2808)",
                    "Rows Removed by Filter": 1398563
                  },
                  {
                    "Node Type": "Hash",
                    "Parent Relationship": "Inner",
                    "Parallel Aware": true,
                    "Startup Cost": 58306.47,
                    "Total Cost": 58306.47,
                    "Plan Rows": 846577,
                    "Plan Width": 4,
                    "Actual Startup Time": 463.247,
                    "Actual Total Time": 463.249,
                    "Actual Rows": 739219,
                    "Actual Loops": 2,
                    "Hash Buckets": 2097152,
                    "Original Hash Buckets": 2097152,
                    "Hash Batches": 1,
                    "Original Hash Batches": 1,
                    "Peak Memory Usage": 74240,
                    "Plans": [
                      {
                        "Node Type": "Seq Scan",
                        "Parent Relationship": "Outer",
                        "Parallel Aware": true,
                        "Relation Name": "title",
                        "Alias": "t",
                        "Startup Cost": 0.0,
                        "Total Cost": 58306.47,
                        "Plan Rows": 846577,
                        "Plan Width": 4,
                        "Actual Startup Time": 0.046,
                        "Actual Total Time": 206.004,
                        "Actual Rows": 739219,
                        "Actual Loops": 2,
                        "Filter": "((production_year > 1921) AND (kind_id = 7))",
                        "Rows Removed by Filter": 524937
                      }
                    ]
                  }
                ]
              }
            ]
          }
        ]
      }
    ]
  },
  "Planning Time": 0.653,
  "Triggers": [],
  "Execution Time": 876.885
}