[
  {
    "Plan": {
      "Node Type": "Aggregate",
      "Strategy": "Plain",
      "Partial Mode": "Finalize",
      "Parallel Aware": false,
      "Startup Cost": 46844.59,
      "Total Cost": 46844.6,
      "Plan Rows": 1,
      "Plan Width": 8,
      "Actual Startup Time": 113.125,
      "Actual Total Time": 125.594,
      "Actual Rows": 1,
      "Actual Loops": 1,
      "Plans": [
        {
          "Node Type": "Gather",
          "Parent Relationship": "Outer",
          "Parallel Aware": false,
          "Startup Cost": 46844.17,
          "Total Cost": 46844.58,
          "Plan Rows": 4,
          "Plan Width": 8,
          "Actual Startup Time": 112.987,
          "Actual Total Time": 125.584,
          "Actual Rows": 5,
          "Actual Loops": 1,
          "Workers Planned": 4,
          "Workers Launched": 4,
          "Single Copy": false,
          "Plans": [
            {
              "Node Type": "Aggregate",
              "Strategy": "Plain",
              "Partial Mode": "Partial",
              "Parent Relationship": "Outer",
              "Parallel Aware": false,
              "Startup Cost": 45844.17,
              "Total Cost": 45844.18,
              "Plan Rows": 1,
              "Plan Width": 8,
              "Actual Startup Time": 104.457,
              "Actual Total Time": 104.458,
              "Actual Rows": 1,
              "Actual Loops": 5,
              "Plans": [
                {
                  "Node Type": "Seq Scan",
                  "Parent Relationship": "Outer",
                  "Parallel Aware": true,
                  "Relation Name": "title",
                  "Alias": "t",
                  "Startup Cost": 0.0,
                  "Total Cost": 45479.1,
                  "Plan Rows": 146030,
                  "Plan Width": 0,
                  "Actual Startup Time": 61.062,
                  "Actual Total Time": 98.909,
                  "Actual Rows": 118946,
                  "Actual Loops": 5,
                  "Filter": "((production_year < 2012) AND (kind_id = 1))",
                  "Rows Removed by Filter": 386716
                }
              ]
            }
          ]
        }
      ]
    },
    "Planning Time": 0.176,
    "Triggers": [],
    "Execution Time": 125.654
  }
]