[
  {
    "Plan": {
      "Node Type": "Aggregate",
      "Strategy": "Plain",
      "Partial Mode": "Finalize",
      "Parallel Aware": false,
      "Startup Cost": 84758.64,
      "Total Cost": 84758.65,
      "Plan Rows": 1,
      "Plan Width": 8,
      "Actual Startup Time": 462.464,
      "Actual Total Time": 478.48,
      "Actual Rows": 1,
      "Actual Loops": 1,
      "Plans": [
        {
          "Node Type": "Gather",
          "Parent Relationship": "Outer",
          "Parallel Aware": false,
          "Startup Cost": 84758.32,
          "Total Cost": 84758.63,
          "Plan Rows": 3,
          "Plan Width": 8,
          "Actual Startup Time": 454.986,
          "Actual Total Time": 478.469,
          "Actual Rows": 4,
          "Actual Loops": 1,
          "Workers Planned": 3,
          "Workers Launched": 3,
          "Single Copy": false,
          "Plans": [
            {
              "Node Type": "Aggregate",
              "Strategy": "Plain",
              "Partial Mode": "Partial",
              "Parent Relationship": "Outer",
              "Parallel Aware": false,
              "Startup Cost": 83758.32,
              "Total Cost": 83758.33,
              "Plan Rows": 1,
              "Plan Width": 8,
              "Actual Startup Time": 437.128,
              "Actual Total Time": 437.132,
              "Actual Rows": 1,
              "Actual Loops": 4,
              "Plans": [
                {
                  "Node Type": "Hash Join",
                  "Parent Relationship": "Outer",
                  "Parallel Aware": true,
                  "Join Type": "Inner",
                  "Startup Cost": 57543.33,
                  "Total Cost": 83534.55,
                  "Plan Rows": 89508,
                  "Plan Width": 0,
                  "Actual Startup Time": 350.013,
                  "Actual Total Time": 433.263,
                  "Actual Rows": 80240,
                  "Actual Loops": 4,
                  "Inner Unique": true,
                  "Hash Cond": "(mk.movie_id = t.id)",
                  "Plans": [
                    {
                      "Node Type": "Bitmap Heap Scan",
                      "Parent Relationship": "Outer",
                      "Parallel Aware": true,
                      "Relation Name": "movie_keyword",
                      "Alias": "mk",
                      "Startup Cost": 6686.19,
                      "Total Cost": 32410.62,
                      "Plan Rows": 101634,
                      "Plan Width": 4,
                      "Actual Startup Time": 20.413,
                      "Actual Total Time": 68.587,
                      "Actual Rows": 82980,
                      "Actual Loops": 4,
                      "Recheck Cond": "(keyword_id < 269)",
                      "Rows Removed by Index Recheck": 0,
                      "Exact Heap Blocks": 7511,
                      "Lossy Heap Blocks": 0,
                      "Plans": [
                        {
                          "Node Type": "Bitmap Index Scan",
                          "Parent Relationship": "Outer",
                          "Parallel Aware": false,
                          "Index Name": "keyword_id_movie_keyword",
                          "Startup Cost": 0.0,
                          "Total Cost": 6607.43,
                          "Plan Rows": 315066,
                          "Plan Width": 0,
                          "Actual Startup Time": 16.691,
                          "Actual Total Time": 16.692,
                          "Actual Rows": 331920,
                          "Actual Loops": 1,
                          "Index Cond": "(keyword_id < 269)"
                        }
                      ]
                    },
                    {
                      "Node Type": "Hash",
                      "Parent Relationship": "Inner",
                      "Parallel Aware": true,
                      "Startup Cost": 43898.92,
                      "Total Cost": 43898.92,
                      "Plan Rows": 556658,
                      "Plan Width": 4,
                      "Actual Startup Time": 318.569,
                      "Actual Total Time": 318.57,
                      "Actual Rows": 556142,
                      "Actual Loops": 4,
                      "Hash Buckets": 4194304,
                      "Original Hash Buckets": 4194304,
                      "Hash Batches": 1,
                      "Original Hash Batches": 1,
                      "Peak Memory Usage": 119872,
                      "Plans": [
                        {
                          "Node Type": "Seq Scan",
                          "Parent Relationship": "Outer",
                          "Parallel Aware": true,
                          "Relation Name": "title",
                          "Alias": "t",
                          "Startup Cost": 0.0,
                          "Total Cost": 43898.92,
                          "Plan Rows": 556658,
                          "Plan Width": 4,
                          "Actual Startup Time": 0.035,
                          "Actual Total Time": 112.377,
                          "Actual Rows": 556142,
                          "Actual Loops": 4,
                          "Filter": "(production_year < 2012)",
                          "Rows Removed by Filter": 75936
                        }
                      ]
                    }
                  ]
                }
              ]
            }
          ]
        }
      ]
    },
    "Planning Time": 0.51,
    "Triggers": [],
    "Execution Time": 478.573
  }
]