[
  {
    "Plan": {
      "Node Type": "Aggregate",
      "Strategy": "Plain",
      "Partial Mode": "Finalize",
      "Parallel Aware": false,
      "Startup Cost": 87647.05,
      "Total Cost": 87647.06,
      "Plan Rows": 1,
      "Plan Width": 8,
      "Actual Startup Time": 233.125,
      "Actual Total Time": 249.064,
      "Actual Rows": 1,
      "Actual Loops": 1,
      "Plans": [
        {
          "Node Type": "Gather",
          "Parent Relationship": "Outer",
          "Parallel Aware": false,
          "Startup Cost": 87646.73,
          "Total Cost": 87647.04,
          "Plan Rows": 3,
          "Plan Width": 8,
          "Actual Startup Time": 232.593,
          "Actual Total Time": 249.056,
          "Actual Rows": 4,
          "Actual Loops": 1,
          "Workers Planned": 3,
          "Workers Launched": 3,
          "Single Copy": false,
          "Plans": [
            {
              "Node Type": "Aggregate",
              "Strategy": "Plain",
              "Partial Mode": "Partial",
              "Parent Relationship": "Outer",
              "Parallel Aware": false,
              "Startup Cost": 86646.73,
              "Total Cost": 86646.74,
              "Plan Rows": 1,
              "Plan Width": 8,
              "Actual Startup Time": 223.394,
              "Actual Total Time": 223.397,
              "Actual Rows": 1,
              "Actual Loops": 4,
              "Plans": [
                {
                  "Node Type": "Hash Join",
                  "Parent Relationship": "Outer",
                  "Parallel Aware": true,
                  "Join Type": "Inner",
                  "Startup Cost": 58821.78,
                  "Total Cost": 86619.98,
                  "Plan Rows": 10701,
                  "Plan Width": 0,
                  "Actual Startup Time": 137.643,
                  "Actual Total Time": 222.804,
                  "Actual Rows": 7339,
                  "Actual Loops": 4,
                  "Inner Unique": true,
                  "Hash Cond": "(mk.movie_id = t.id)",
                  "Plans": [
                    {
                      "Node Type": "Bitmap Heap Scan",
                      "Parent Relationship": "Outer",
                      "Parallel Aware": true,
                      "Relation Name": "movie_keyword",
                      "Alias": "mk",
                      "Startup Cost": 14540.46,
                      "Total Cost": 41758.26,
                      "Plan Rows": 221104,
                      "Plan Width": 4,
                      "Actual Startup Time": 38.308,
                      "Actual Total Time": 97.023,
                      "Actual Rows": 172290,
                      "Actual Loops": 4,
                      "Recheck Cond": "(keyword_id < 571)",
                      "Rows Removed by Index Recheck": 0,
                      "Exact Heap Blocks": 8477,
                      "Lossy Heap Blocks": 0,
                      "Plans": [
                        {
                          "Node Type": "Bitmap Index Scan",
                          "Parent Relationship": "Outer",
                          "Parallel Aware": false,
                          "Index Name": "keyword_id_movie_keyword",
                          "Startup Cost": 0.0,
                          "Total Cost": 14369.11,
                          "Plan Rows": 685423,
                          "Plan Width": 0,
                          "Actual Startup Time": 34.609,
                          "Actual Total Time": 34.61,
                          "Actual Rows": 689160,
                          "Actual Loops": 1,
                          "Index Cond": "(keyword_id < 571)"
                        }
                      ]
                    },
                    {
                      "Node Type": "Hash",
                      "Parent Relationship": "Inner",
                      "Parallel Aware": true,
                      "Startup Cost": 43898.92,
                      "Total Cost": 43898.92,
                      "Plan Rows": 30592,
                      "Plan Width": 4,
                      "Actual Startup Time": 97.516,
                      "Actual Total Time": 97.517,
                      "Actual Rows": 30715,
                      "Actual Loops": 4,
                      "Hash Buckets": 131072,
                      "Original Hash Buckets": 131072,
                      "Hash Batches": 1,
                      "Original Hash Batches": 1,
                      "Peak Memory Usage": 5920,
                      "Plans": [
                        {
                          "Node Type": "Seq Scan",
                          "Parent Relationship": "Outer",
                          "Parallel Aware": true,
                          "Relation Name": "title",
                          "Alias": "t",
                          "Startup Cost": 0.0,
                          "Total Cost": 43898.92,
                          "Plan Rows": 30592,
                          "Plan Width": 4,
                          "Actual Startup Time": 0.04,
                          "Actual Total Time": 87.601,
                          "Actual Rows": 30715,
                          "Actual Loops": 4,
                          "Filter": "(production_year = 2008)",
                          "Rows Removed by Filter": 601363
                        }
                      ]
                    }
                  ]
                }
              ]
            }
          ]
        }
      ]
    },
    "Planning Time": 0.631,
    "Triggers": [],
    "Execution Time": 249.155
  }
]