[
  {
    "Plan": {
      "Node Type": "Aggregate",
      "Strategy": "Plain",
      "Partial Mode": "Finalize",
      "Parallel Aware": false,
      "Startup Cost": 98336.54,
      "Total Cost": 98336.55,
      "Plan Rows": 1,
      "Plan Width": 8,
      "Actual Startup Time": 646.89,
      "Actual Total Time": 665.372,
      "Actual Rows": 1,
      "Actual Loops": 1,
      "Plans": [
        {
          "Node Type": "Gather",
          "Parent Relationship": "Outer",
          "Parallel Aware": false,
          "Startup Cost": 98336.23,
          "Total Cost": 98336.54,
          "Plan Rows": 3,
          "Plan Width": 8,
          "Actual Startup Time": 641.99,
          "Actual Total Time": 665.362,
          "Actual Rows": 4,
          "Actual Loops": 1,
          "Workers Planned": 3,
          "Workers Launched": 3,
          "Single Copy": false,
          "Plans": [
            {
              "Node Type": "Aggregate",
              "Strategy": "Plain",
              "Partial Mode": "Partial",
              "Parent Relationship": "Outer",
              "Parallel Aware": false,
              "Startup Cost": 97336.23,
              "Total Cost": 97336.24,
              "Plan Rows": 1,
              "Plan Width": 8,
              "Actual Startup Time": 630.314,
              "Actual Total Time": 630.317,
              "Actual Rows": 1,
              "Actual Loops": 4,
              "Plans": [
                {
                  "Node Type": "Hash Join",
                  "Parent Relationship": "Outer",
                  "Parallel Aware": true,
                  "Join Type": "Inner",
                  "Startup Cost": 48728.2,
                  "Total Cost": 95160.84,
                  "Plan Rows": 870154,
                  "Plan Width": 0,
                  "Actual Startup Time": 276.51,
                  "Actual Total Time": 588.425,
                  "Actual Rows": 837281,
                  "Actual Loops": 4,
                  "Inner Unique": true,
                  "Hash Cond": "(mk.movie_id = t.id)",
                  "Plans": [
                    {
                      "Node Type": "Seq Scan",
                      "Parent Relationship": "Outer",
                      "Parallel Aware": true,
                      "Relation Name": "movie_keyword",
                      "Alias": "mk",
                      "Startup Cost": 0.0,
                      "Total Cost": 42695.65,
                      "Plan Rows": 1423609,
                      "Plan Width": 4,
                      "Actual Startup Time": 0.03,
                      "Actual Total Time": 132.684,
                      "Actual Rows": 1103337,
                      "Actual Loops": 4,
                      "Filter": "(keyword_id < 80009)",
                      "Rows Removed by Filter": 27646
                    },
                    {
                      "Node Type": "Hash",
                      "Parent Relationship": "Inner",
                      "Parallel Aware": true,
                      "Startup Cost": 43898.92,
                      "Total Cost": 43898.92,
                      "Plan Rows": 386343,
                      "Plan Width": 4,
                      "Actual Startup Time": 268.65,
                      "Actual Total Time": 268.651,
                      "Actual Rows": 387932,
                      "Actual Loops": 4,
                      "Hash Buckets": 2097152,
                      "Original Hash Buckets": 2097152,
                      "Hash Batches": 1,
                      "Original Hash Batches": 1,
                      "Peak Memory Usage": 77184,
                      "Plans": [
                        {
                          "Node Type": "Seq Scan",
                          "Parent Relationship": "Outer",
                          "Parallel Aware": true,
                          "Relation Name": "title",
                          "Alias": "t",
                          "Startup Cost": 0.0,
                          "Total Cost": 43898.92,
                          "Plan Rows": 386343,
                          "Plan Width": 4,
                          "Actual Startup Time": 0.037,
                          "Actual Total Time": 120.655,
                          "Actual Rows": 387932,
                          "Actual Loops": 4,
                          "Filter": "(production_year < 2007)",
                          "Rows Removed by Filter": 244146
                        }
                      ]
                    }
                  ]
                }
              ]
            }
          ]
        }
      ]
    },
    "Planning Time": 0.527,
    "Triggers": [],
    "Execution Time": 665.443
  }
]