{
  "Plan": {
    "Node Type": "Aggregate",
    "Strategy": "Plain",
    "Partial Mode": "Finalize",
    "Parallel Aware": false,
    "Startup Cost": 101384.96,
    "Total Cost": 101384.97,
    "Plan Rows": 1,
    "Plan Width": 8,
    "Actual Startup Time": 463.652,
    "Actual Total Time": 479.462,
    "Actual Rows": 1,
    "Actual Loops": 1,
    "Plans": [
      {
        "Node Type": "Gather",
        "Parent Relationship": "Outer",
        "Parallel Aware": false,
        "Startup Cost": 101384.85,
        "Total Cost": 101384.96,
        "Plan Rows": 1,
        "Plan Width": 8,
        "Actual Startup Time": 462.614,
        "Actual Total Time": 479.452,
        "Actual Rows": 2,
        "Actual Loops": 1,
        "Workers Planned": 1,
        "Workers Launched": 1,
        "Single Copy": false,
        "Plans": [
          {
            "Node Type": "Aggregate",
            "Strategy": "Plain",
            "Partial Mode": "Partial",
            "Parent Relationship": "Outer",
            "Parallel Aware": false,
            "Startup Cost": 100384.85,
            "Total Cost": 100384.86,
            "Plan Rows": 1,
            "Plan Width": 8,
            "Actual Startup Time": 457.031,
            "Actual Total Time": 457.035,
            "Actual Rows": 1,
            "Actual Loops": 2,
            "Plans": [
              {
                "Node Type": "Hash Join",
                "Parent Relationship": "Outer",
                "Parallel Aware": true,
                "Join Type": "Inner",
                "Startup Cost": 61548.98,
                "Total Cost": 99715.61,
                "Plan Rows": 267694,
                "Plan Width": 0,
                "Actual Startup Time": 189.015,
                "Actual Total Time": 451.304,
                "Actual Rows": 140927,
                "Actual Loops": 2,
                "Inner Unique": true,
                "Hash Cond": "(mc.movie_id = t.id)",
                "Plans": [
                  {
                    "Node Type": "Seq Scan",
                    "Parent Relationship": "Outer",
                    "Parallel Aware": true,
                    "Relation Name": "movie_companies",
                    "Alias": "mc",
                    "Startup Cost": 0.0,
                    "Total Cost": 34137.82,
                    "Plan Rows": 1534782,
                    "Plan Width": 4,
                    "Actual Startup Time": 0.013,
                    "Actual Total Time": 97.135,
                    "Actual Rows": 1304564,
                    "Actual Loops": 2
                  },
                  {
                    "Node Type": "Hash",
                    "Parent Relationship": "Inner",
                    "Parallel Aware": true,
                    "Startup Cost": 58306.47,
                    "Total Cost": 58306.47,
                    "Plan Rows": 259401,
                    "Plan Width": 4,
                    "Actual Startup Time": 183.314,
                    "Actual Total Time": 183.314,
                    "Actual Rows": 164746,
                    "Actual Loops": 2,
                    "Hash Buckets": 524288,
                    "Original Hash Buckets": 524288,
                    "Hash Batches": 1,
                    "Original Hash Batches": 1,
                    "Peak Memory Usage": 17024,
                    "Plans": [
                      {
                        "Node Type": "Seq Scan",
                        "Parent Relationship": "Outer",
                        "Parallel Aware": true,
                        "Relation Name": "title",
                        "Alias": "t",
                        "Startup Cost": 0.0,
                        "Total Cost": 58306.47,
                        "Plan Rows": 259401,
                        "Plan Width": 4,
                        "Actual Startup Time": 0.028,
                        "Actual Total Time": 144.519,
                        "Actual Rows": 164746,
                        "Actual Loops": 2,
                        "Filter": "((production_year < 1992) AND (kind_id = 7))",
                        "Rows Removed by Filter": 1099410
                      }
                    ]
                  }
                ]
              }
            ]
          }
        ]
      }
    ]
  },
  "Planning Time": 0.602,
  "Triggers": [],
  "Execution Time": 479.529
}