[
  {
    "Plan": {
      "Node Type": "Aggregate",
      "Strategy": "Plain",
      "Partial Mode": "Finalize",
      "Parallel Aware": false,
      "Startup Cost": 94995.5,
      "Total Cost": 94995.51,
      "Plan Rows": 1,
      "Plan Width": 8,
      "Actual Startup Time": 125.346,
      "Actual Total Time": 144.856,
      "Actual Rows": 1,
      "Actual Loops": 1,
      "Plans": [
        {
          "Node Type": "Gather",
          "Parent Relationship": "Outer",
          "Parallel Aware": false,
          "Startup Cost": 94995.08,
          "Total Cost": 94995.49,
          "Plan Rows": 4,
          "Plan Width": 8,
          "Actual Startup Time": 125.171,
          "Actual Total Time": 144.847,
          "Actual Rows": 5,
          "Actual Loops": 1,
          "Workers Planned": 4,
          "Workers Launched": 4,
          "Single Copy": false,
          "Plans": [
            {
              "Node Type": "Aggregate",
              "Strategy": "Plain",
              "Partial Mode": "Partial",
              "Parent Relationship": "Outer",
              "Parallel Aware": false,
              "Startup Cost": 93995.08,
              "Total Cost": 93995.09,
              "Plan Rows": 1,
              "Plan Width": 8,
              "Actual Startup Time": 117.607,
              "Actual Total Time": 117.609,
              "Actual Rows": 1,
              "Actual Loops": 5,
              "Plans": [
                {
                  "Node Type": "Nested Loop",
                  "Parent Relationship": "Outer",
                  "Parallel Aware": false,
                  "Join Type": "Inner",
                  "Startup Cost": 0.56,
                  "Total Cost": 93986.38,
                  "Plan Rows": 3483,
                  "Plan Width": 0,
                  "Actual Startup Time": 59.97,
                  "Actual Total Time": 117.165,
                  "Actual Rows": 3830,
                  "Actual Loops": 5,
                  "Inner Unique": false,
                  "Plans": [
                    {
                      "Node Type": "Seq Scan",
                      "Parent Relationship": "Outer",
                      "Parallel Aware": true,
                      "Relation Name": "title",
                      "Alias": "t",
                      "Startup Cost": 0.0,
                      "Total Cost": 43899.32,
                      "Plan Rows": 379,
                      "Plan Width": 4,
                      "Actual Startup Time": 59.832,
                      "Actual Total Time": 83.681,
                      "Actual Rows": 569,
                      "Actual Loops": 5,
                      "Filter": "(production_year = 1926)",
                      "Rows Removed by Filter": 505093
                    },
                    {
                      "Node Type": "Index Scan",
                      "Parent Relationship": "Inner",
                      "Parallel Aware": false,
                      "Scan Direction": "Forward",
                      "Index Name": "movie_id_cast_info",
                      "Relation Name": "cast_info",
                      "Alias": "ci",
                      "Startup Cost": 0.56,
                      "Total Cost": 131.94,
                      "Plan Rows": 22,
                      "Plan Width": 4,
                      "Actual Startup Time": 0.019,
                      "Actual Total Time": 0.057,
                      "Actual Rows": 7,
                      "Actual Loops": 2847,
                      "Index Cond": "(movie_id = t.id)",
                      "Rows Removed by Index Recheck": 0,
                      "Filter": "(person_id < 2391817)",
                      "Rows Removed by Filter": 3
                    }
                  ]
                }
              ]
            }
          ]
        }
      ]
    },
    "Planning Time": 0.582,
    "Triggers": [],
    "Execution Time": 144.923
  }
]