[
  {
    "Plan": {
      "Node Type": "Aggregate",
      "Strategy": "Plain",
      "Partial Mode": "Finalize",
      "Parallel Aware": false,
      "Startup Cost": 134818.42,
      "Total Cost": 134818.43,
      "Plan Rows": 1,
      "Plan Width": 8,
      "Actual Startup Time": 1044.854,
      "Actual Total Time": 1065.613,
      "Actual Rows": 1,
      "Actual Loops": 1,
      "Plans": [
        {
          "Node Type": "Gather",
          "Parent Relationship": "Outer",
          "Parallel Aware": false,
          "Startup Cost": 134818.1,
          "Total Cost": 134818.41,
          "Plan Rows": 3,
          "Plan Width": 8,
          "Actual Startup Time": 1036.754,
          "Actual Total Time": 1065.606,
          "Actual Rows": 4,
          "Actual Loops": 1,
          "Workers Planned": 3,
          "Workers Launched": 3,
          "Single Copy": false,
          "Plans": [
            {
              "Node Type": "Aggregate",
              "Strategy": "Plain",
              "Partial Mode": "Partial",
              "Parent Relationship": "Outer",
              "Parallel Aware": false,
              "Startup Cost": 133818.1,
              "Total Cost": 133818.11,
              "Plan Rows": 1,
              "Plan Width": 8,
              "Actual Startup Time": 1026.445,
              "Actual Total Time": 1026.451,
              "Actual Rows": 1,
              "Actual Loops": 4,
              "Plans": [
                {
                  "Node Type": "Hash Join",
                  "Parent Relationship": "Outer",
                  "Parallel Aware": true,
                  "Join Type": "Inner",
                  "Startup Cost": 83131.37,
                  "Total Cost": 132396.36,
                  "Plan Rows": 568695,
                  "Plan Width": 0,
                  "Actual Startup Time": 572.07,
                  "Actual Total Time": 935.082,
                  "Actual Rows": 2303692,
                  "Actual Loops": 4,
                  "Inner Unique": false,
                  "Hash Cond": "(mk.movie_id = t.id)",
                  "Plans": [
                    {
                      "Node Type": "Seq Scan",
                      "Parent Relationship": "Outer",
                      "Parallel Aware": true,
                      "Relation Name": "movie_keyword",
                      "Alias": "mk",
                      "Startup Cost": 0.0,
                      "Total Cost": 42695.65,
                      "Plan Rows": 1372692,
                      "Plan Width": 4,
                      "Actual Startup Time": 0.029,
                      "Actual Total Time": 110.669,
                      "Actual Rows": 1065326,
                      "Actual Loops": 4,
                      "Filter": "(keyword_id < 59191)",
                      "Rows Removed by Filter": 65657
                    },
                    {
                      "Node Type": "Hash",
                      "Parent Relationship": "Inner",
                      "Parallel Aware": true,
                      "Startup Cost": 79858.09,
                      "Total Cost": 79858.09,
                      "Plan Rows": 261863,
                      "Plan Width": 8,
                      "Actual Startup Time": 564.828,
                      "Actual Total Time": 564.832,
                      "Actual Rows": 264514,
                      "Actual Loops": 4,
                      "Hash Buckets": 2097152,
                      "Original Hash Buckets": 1048576,
                      "Hash Batches": 1,
                      "Original Hash Batches": 1,
                      "Peak Memory Usage": 66048,
                      "Plans": [
                        {
                          "Node Type": "Hash Join",
                          "Parent Relationship": "Outer",
                          "Parallel Aware": true,
                          "Join Type": "Inner",
                          "Startup Cost": 33534.27,
                          "Total Cost": 79858.09,
                          "Plan Rows": 261863,
                          "Plan Width": 8,
                          "Actual Startup Time": 187.749,
                          "Actual Total Time": 460.263,
                          "Actual Rows": 264514,
                          "Actual Loops": 4,
                          "Inner Unique": false,
                          "Hash Cond": "(t.id = mc.movie_id)",
                          "Plans": [
                            {
                              "Node Type": "Seq Scan",
                              "Parent Relationship": "Outer",
                              "Parallel Aware": true,
                              "Relation Name": "title",
                              "Alias": "t",
                              "Startup Cost": 0.0,
                              "Total Cost": 42318.73,
                              "Plan Rows": 632073,
                              "Plan Width": 4,
                              "Actual Startup Time": 0.012,
                              "Actual Total Time": 73.958,
                              "Actual Rows": 632078,
                              "Actual Loops": 4
                            },
                            {
                              "Node Type": "Hash",
                              "Parent Relationship": "Inner",
                              "Parallel Aware": true,
                              "Startup Cost": 29310.68,
                              "Total Cost": 29310.68,
                              "Plan Rows": 337887,
                              "Plan Width": 4,
                              "Actual Startup Time": 184.1,
                              "Actual Total Time": 184.101,
                              "Actual Rows": 264514,
                              "Actual Loops": 4,
                              "Hash Buckets": 2097152,
                              "Original Hash Buckets": 1048576,
                              "Hash Batches": 1,
                              "Original Hash Batches": 1,
                              "Peak Memory Usage": 66080,
                              "Plans": [
                                {
                                  "Node Type": "Seq Scan",
                                  "Parent Relationship": "Outer",
                                  "Parallel Aware": true,
                                  "Relation Name": "movie_companies",
                                  "Alias": "mc",
                                  "Startup Cost": 0.0,
                                  "Total Cost": 29310.68,
                                  "Plan Rows": 337887,
                                  "Plan Width": 4,
                                  "Actual Startup Time": 22.102,
                                  "Actual Total Time": 83.586,
                                  "Actual Rows": 264514,
                                  "Actual Loops": 4,
                                  "Filter": "(company_id > 14793)",
                                  "Rows Removed by Filter": 387768
                                }
                              ]
                            }
                          ]
                        }
                      ]
                    }
                  ]
                }
              ]
            }
          ]
        }
      ]
    },
    "Planning Time": 1.386,
    "Triggers": [],
    "Execution Time": 1065.696
  }
]