{
  "Plan": {
    "Node Type": "Aggregate",
    "Strategy": "Plain",
    "Partial Mode": "Finalize",
    "Parallel Aware": false,
    "Startup Cost": 113083.92,
    "Total Cost": 113083.93,
    "Plan Rows": 1,
    "Plan Width": 8,
    "Actual Startup Time": 637.531,
    "Actual Total Time": 651.457,
    "Actual Rows": 1,
    "Actual Loops": 1,
    "Plans": [
      {
        "Node Type": "Gather",
        "Parent Relationship": "Outer",
        "Parallel Aware": false,
        "Startup Cost": 113083.81,
        "Total Cost": 113083.92,
        "Plan Rows": 1,
        "Plan Width": 8,
        "Actual Startup Time": 633.926,
        "Actual Total Time": 651.45,
        "Actual Rows": 2,
        "Actual Loops": 1,
        "Workers Planned": 1,
        "Workers Launched": 1,
        "Single Copy": false,
        "Plans": [
          {
            "Node Type": "Aggregate",
            "Strategy": "Plain",
            "Partial Mode": "Partial",
            "Parent Relationship": "Outer",
            "Parallel Aware": false,
            "Startup Cost": 112083.81,
            "Total Cost": 112083.82,
            "Plan Rows": 1,
            "Plan Width": 8,
            "Actual Startup Time": 629.317,
            "Actual Total Time": 629.322,
            "Actual Rows": 1,
            "Actual Loops": 2,
            "Plans": [
              {
                "Node Type": "Hash Join",
                "Parent Relationship": "Outer",
                "Parallel Aware": true,
                "Join Type": "Inner",
                "Startup Cost": 102155.17,
                "Total Cost": 112048.31,
                "Plan Rows": 14200,
                "Plan Width": 0,
                "Actual Startup Time": 579.328,
                "Actual Total Time": 627.224,
                "Actual Rows": 51400,
                "Actual Loops": 2,
                "Inner Unique": false,
                "Hash Cond": "(ci.movie_id = t.id)",
                "Plans": [
                  {
                    "Node Type": "Index Scan",
                    "Parent Relationship": "Outer",
                    "Parallel Aware": true,
                    "Scan Direction": "Forward",
                    "Index Name": "role_id_cast_info",
                    "Relation Name": "cast_info",
                    "Alias": "ci",
                    "Startup Cost": 0.56,
                    "Total Cost": 9152.21,
                    "Plan Rows": 175457,
                    "Plan Width": 4,
                    "Actual Startup Time": 0.072,
                    "Actual Total Time": 20.275,
                    "Actual Rows": 158059,
                    "Actual Loops": 2,
                    "Index Cond": "(role_id > 10)",
                    "Rows Removed by Index Recheck": 0
                  },
                  {
                    "Node Type": "Hash",
                    "Parent Relationship": "Inner",
                    "Parallel Aware": true,
                    "Startup Cost": 100650.03,
                    "Total Cost": 100650.03,
                    "Plan Rows": 120366,
                    "Plan Width": 8,
                    "Actual Startup Time": 576.009,
                    "Actual Total Time": 576.012,
                    "Actual Rows": 136832,
                    "Actual Loops": 2,
                    "Hash Buckets": 524288,
                    "Original Hash Buckets": 262144,
                    "Hash Batches": 1,
                    "Original Hash Batches": 1,
                    "Peak Memory Usage": 16864,
                    "Plans": [
                      {
                        "Node Type": "Hash Join",
                        "Parent Relationship": "Outer",
                        "Parallel Aware": true,
                        "Join Type": "Inner",
                        "Startup Cost": 73439.35,
                        "Total Cost": 100650.03,
                        "Plan Rows": 120366,
                        "Plan Width": 8,
                        "Actual Startup Time": 428.497,
                        "Actual Total Time": 541.645,
                        "Actual Rows": 136832,
                        "Actual Loops": 2,
                        "Inner Unique": true,
                        "Hash Cond": "(mk.movie_id = t.id)",
                        "Plans": [
                          {
                            "Node Type": "Bitmap Heap Scan",
                            "Parent Relationship": "Outer",
                            "Parallel Aware": true,
                            "Relation Name": "movie_keyword",
                            "Alias": "mk",
                            "Startup Cost": 6573.71,
                            "Total Cost": 33305.96,
                            "Plan Rows": 182260,
                            "Plan Width": 4,
                            "Actual Startup Time": 19.206,
                            "Actual Total Time": 74.261,
                            "Actual Rows": 163623,
                            "Actual Loops": 2,
                            "Recheck Cond": "(keyword_id < 266)",
                            "Rows Removed by Index Recheck": 0,
                            "Exact Heap Blocks": 13538,
                            "Lossy Heap Blocks": 0,
                            "Plans": [
                              {
                                "Node Type": "Bitmap Index Scan",
                                "Parent Relationship": "Outer",
                                "Parallel Aware": false,
                                "Index Name": "keyword_id_movie_keyword",
                                "Startup Cost": 0.0,
                                "Total Cost": 6496.25,
                                "Plan Rows": 309842,
                                "Plan Width": 0,
                                "Actual Startup Time": 15.638,
                                "Actual Total Time": 15.638,
                                "Actual Rows": 327246,
                                "Actual Loops": 1,
                                "Index Cond": "(keyword_id < 266)"
                              }
                            ]
                          },
                          {
                            "Node Type": "Hash",
                            "Parent Relationship": "Inner",
                            "Parallel Aware": true,
                            "Startup Cost": 54588.39,
                            "Total Cost": 54588.39,
                            "Plan Rows": 982180,
                            "Plan Width": 4,
                            "Actual Startup Time": 397.66,
                            "Actual Total Time": 397.661,
                            "Actual Rows": 835646,
                            "Actual Loops": 2,
                            "Hash Buckets": 2097152,
                            "Original Hash Buckets": 2097152,
                            "Hash Batches": 1,
                            "Original Hash Batches": 1,
                            "Peak Memory Usage": 81792,
                            "Plans": [
                              {
                                "Node Type": "Seq Scan",
                                "Parent Relationship": "Outer",
                                "Parallel Aware": true,
                                "Relation Name": "title",
                                "Alias": "t",
                                "Startup Cost": 0.0,
                                "Total Cost": 54588.39,
                                "Plan Rows": 982180,
                                "Plan Width": 4,
                                "Actual Startup Time": 0.03,
                                "Actual Total Time": 169.574,
                                "Actual Rows": 835646,
                                "Actual Loops": 2,
                                "Filter": "(production_year < 2008)",
                                "Rows Removed by Filter": 428510
                              }
                            ]
                          }
                        ]
                      }
                    ]
                  }
                ]
              }
            ]
          }
        ]
      }
    ]
  },
  "Planning Time": 0.929,
  "Triggers": [],
  "Execution Time": 651.563
}