[
  {
    "Plan": {
      "Node Type": "Aggregate",
      "Strategy": "Plain",
      "Partial Mode": "Finalize",
      "Parallel Aware": false,
      "Startup Cost": 252832.33,
      "Total Cost": 252832.34,
      "Plan Rows": 1,
      "Plan Width": 8,
      "Actual Startup Time": 831.898,
      "Actual Total Time": 877.023,
      "Actual Rows": 1,
      "Actual Loops": 1,
      "Plans": [
        {
          "Node Type": "Gather",
          "Parent Relationship": "Outer",
          "Parallel Aware": false,
          "Startup Cost": 252831.81,
          "Total Cost": 252832.32,
          "Plan Rows": 5,
          "Plan Width": 8,
          "Actual Startup Time": 825.972,
          "Actual Total Time": 877.007,
          "Actual Rows": 6,
          "Actual Loops": 1,
          "Workers Planned": 5,
          "Workers Launched": 5,
          "Single Copy": false,
          "Plans": [
            {
              "Node Type": "Aggregate",
              "Strategy": "Plain",
              "Partial Mode": "Partial",
              "Parent Relationship": "Outer",
              "Parallel Aware": false,
              "Startup Cost": 251831.81,
              "Total Cost": 251831.82,
              "Plan Rows": 1,
              "Plan Width": 8,
              "Actual Startup Time": 815.088,
              "Actual Total Time": 815.092,
              "Actual Rows": 1,
              "Actual Loops": 6,
              "Plans": [
                {
                  "Node Type": "Hash Join",
                  "Parent Relationship": "Outer",
                  "Parallel Aware": true,
                  "Join Type": "Inner",
                  "Startup Cost": 48411.3,
                  "Total Cost": 250664.91,
                  "Plan Rows": 466759,
                  "Plan Width": 0,
                  "Actual Startup Time": 181.68,
                  "Actual Total Time": 784.788,
                  "Actual Rows": 638220,
                  "Actual Loops": 6,
                  "Inner Unique": true,
                  "Hash Cond": "(mi.movie_id = t.id)",
                  "Plans": [
                    {
                      "Node Type": "Seq Scan",
                      "Parent Relationship": "Outer",
                      "Parallel Aware": true,
                      "Relation Name": "movie_info",
                      "Alias": "mi",
                      "Startup Cost": 0.0,
                      "Total Cost": 198952.16,
                      "Plan Rows": 1257696,
                      "Plan Width": 4,
                      "Actual Startup Time": 18.038,
                      "Actual Total Time": 341.288,
                      "Actual Rows": 1037249,
                      "Actual Loops": 6,
                      "Filter": "(info_type_id > 8)",
                      "Rows Removed by Filter": 1435371
                    },
                    {
                      "Node Type": "Hash",
                      "Parent Relationship": "Inner",
                      "Parallel Aware": true,
                      "Startup Cost": 45479.1,
                      "Total Cost": 45479.1,
                      "Plan Rows": 234576,
                      "Plan Width": 4,
                      "Actual Startup Time": 159.768,
                      "Actual Total Time": 159.769,
                      "Actual Rows": 151710,
                      "Actual Loops": 6,
                      "Hash Buckets": 1048576,
                      "Original Hash Buckets": 1048576,
                      "Hash Batches": 1,
                      "Original Hash Batches": 1,
                      "Peak Memory Usage": 43936,
                      "Plans": [
                        {
                          "Node Type": "Seq Scan",
                          "Parent Relationship": "Outer",
                          "Parallel Aware": true,
                          "Relation Name": "title",
                          "Alias": "t",
                          "Startup Cost": 0.0,
                          "Total Cost": 45479.1,
                          "Plan Rows": 234576,
                          "Plan Width": 4,
                          "Actual Startup Time": 0.05,
                          "Actual Total Time": 91.757,
                          "Actual Rows": 151710,
                          "Actual Loops": 6,
                          "Filter": "((kind_id < 7) AND (production_year > 1915))",
                          "Rows Removed by Filter": 269675
                        }
                      ]
                    }
                  ]
                }
              ]
            }
          ]
        }
      ]
    },
    "Planning Time": 0.667,
    "Triggers": [],
    "Execution Time": 877.099
  }
]