[
  {
    "Plan": {
      "Node Type": "Aggregate",
      "Strategy": "Plain",
      "Partial Mode": "Finalize",
      "Parallel Aware": false,
      "Startup Cost": 154698.48,
      "Total Cost": 154698.49,
      "Plan Rows": 1,
      "Plan Width": 8,
      "Actual Startup Time": 303.799,
      "Actual Total Time": 330.343,
      "Actual Rows": 1,
      "Actual Loops": 1,
      "Plans": [
        {
          "Node Type": "Gather",
          "Parent Relationship": "Outer",
          "Parallel Aware": false,
          "Startup Cost": 154698.16,
          "Total Cost": 154698.47,
          "Plan Rows": 3,
          "Plan Width": 8,
          "Actual Startup Time": 302.169,
          "Actual Total Time": 330.332,
          "Actual Rows": 4,
          "Actual Loops": 1,
          "Workers Planned": 3,
          "Workers Launched": 3,
          "Single Copy": false,
          "Plans": [
            {
              "Node Type": "Aggregate",
              "Strategy": "Plain",
              "Partial Mode": "Partial",
              "Parent Relationship": "Outer",
              "Parallel Aware": false,
              "Startup Cost": 153698.16,
              "Total Cost": 153698.17,
              "Plan Rows": 1,
              "Plan Width": 8,
              "Actual Startup Time": 292.952,
              "Actual Total Time": 292.956,
              "Actual Rows": 1,
              "Actual Loops": 4,
              "Plans": [
                {
                  "Node Type": "Nested Loop",
                  "Parent Relationship": "Outer",
                  "Parallel Aware": false,
                  "Join Type": "Inner",
                  "Startup Cost": 46745.93,
                  "Total Cost": 153563.68,
                  "Plan Rows": 53791,
                  "Plan Width": 0,
                  "Actual Startup Time": 167.814,
                  "Actual Total Time": 291.646,
                  "Actual Rows": 19844,
                  "Actual Loops": 4,
                  "Inner Unique": false,
                  "Join Filter": "(t.id = mi.movie_id)",
                  "Rows Removed by Join Filter": 0,
                  "Plans": [
                    {
                      "Node Type": "Hash Join",
                      "Parent Relationship": "Outer",
                      "Parallel Aware": true,
                      "Join Type": "Inner",
                      "Startup Cost": 46745.5,
                      "Total Cost": 76410.36,
                      "Plan Rows": 21627,
                      "Plan Width": 8,
                      "Actual Startup Time": 167.7,
                      "Actual Total Time": 221.799,
                      "Actual Rows": 6444,
                      "Actual Loops": 4,
                      "Inner Unique": true,
                      "Hash Cond": "(mc.movie_id = t.id)",
                      "Plans": [
                        {
                          "Node Type": "Seq Scan",
                          "Parent Relationship": "Outer",
                          "Parallel Aware": true,
                          "Relation Name": "movie_companies",
                          "Alias": "mc",
                          "Startup Cost": 0.0,
                          "Total Cost": 29310.68,
                          "Plan Rows": 134927,
                          "Plan Width": 4,
                          "Actual Startup Time": 32.973,
                          "Actual Total Time": 61.622,
                          "Actual Rows": 106434,
                          "Actual Loops": 4,
                          "Filter": "(company_id > 79655)",
                          "Rows Removed by Filter": 545848
                        },
                        {
                          "Node Type": "Hash",
                          "Parent Relationship": "Inner",
                          "Parallel Aware": true,
                          "Startup Cost": 45479.1,
                          "Total Cost": 45479.1,
                          "Plan Rows": 101312,
                          "Plan Width": 4,
                          "Actual Startup Time": 131.234,
                          "Actual Total Time": 131.235,
                          "Actual Rows": 68720,
                          "Actual Loops": 4,
                          "Hash Buckets": 524288,
                          "Original Hash Buckets": 524288,
                          "Hash Batches": 1,
                          "Original Hash Batches": 1,
                          "Peak Memory Usage": 14912,
                          "Plans": [
                            {
                              "Node Type": "Seq Scan",
                              "Parent Relationship": "Outer",
                              "Parallel Aware": true,
                              "Relation Name": "title",
                              "Alias": "t",
                              "Startup Cost": 0.0,
                              "Total Cost": 45479.1,
                              "Plan Rows": 101312,
                              "Plan Width": 4,
                              "Actual Startup Time": 0.043,
                              "Actual Total Time": 102.73,
                              "Actual Rows": 68720,
                              "Actual Loops": 4,
                              "Filter": "((kind_id > 2) AND (production_year < 1985))",
                              "Rows Removed by Filter": 563358
                            }
                          ]
                        }
                      ]
                    },
                    {
                      "Node Type": "Index Scan",
                      "Parent Relationship": "Inner",
                      "Parallel Aware": false,
                      "Scan Direction": "Forward",
                      "Index Name": "movie_id_movie_info",
                      "Relation Name": "movie_info",
                      "Alias": "mi",
                      "Startup Cost": 0.43,
                      "Total Cost": 3.34,
                      "Plan Rows": 18,
                      "Plan Width": 4,
                      "Actual Startup Time": 0.005,
                      "Actual Total Time": 0.01,
                      "Actual Rows": 3,
                      "Actual Loops": 25776,
                      "Index Cond": "(movie_id = mc.movie_id)",
                      "Rows Removed by Index Recheck": 0,
                      "Filter": "(info_type_id > 8)",
                      "Rows Removed by Filter": 7
                    }
                  ]
                }
              ]
            }
          ]
        }
      ]
    },
    "Planning Time": 1.446,
    "Triggers": [],
    "Execution Time": 330.435
  }
]