{
  "Plan": {
    "Node Type": "Aggregate",
    "Strategy": "Plain",
    "Partial Mode": "Finalize",
    "Parallel Aware": false,
    "Startup Cost": 226267.98,
    "Total Cost": 226267.99,
    "Plan Rows": 1,
    "Plan Width": 8,
    "Actual Startup Time": 1683.164,
    "Actual Total Time": 1744.635,
    "Actual Rows": 1,
    "Actual Loops": 1,
    "Plans": [
      {
        "Node Type": "Gather",
        "Parent Relationship": "Outer",
        "Parallel Aware": false,
        "Startup Cost": 226267.87,
        "Total Cost": 226267.98,
        "Plan Rows": 1,
        "Plan Width": 8,
        "Actual Startup Time": 1681.762,
        "Actual Total Time": 1744.625,
        "Actual Rows": 2,
        "Actual Loops": 1,
        "Workers Planned": 1,
        "Workers Launched": 1,
        "Single Copy": false,
        "Plans": [
          {
            "Node Type": "Aggregate",
            "Strategy": "Plain",
            "Partial Mode": "Partial",
            "Parent Relationship": "Outer",
            "Parallel Aware": false,
            "Startup Cost": 225267.87,
            "Total Cost": 225267.88,
            "Plan Rows": 1,
            "Plan Width": 8,
            "Actual Startup Time": 1675.621,
            "Actual Total Time": 1675.625,
            "Actual Rows": 1,
            "Actual Loops": 2,
            "Plans": [
              {
                "Node Type": "Nested Loop",
                "Parent Relationship": "Outer",
                "Parallel Aware": false,
                "Join Type": "Inner",
                "Startup Cost": 41342.21,
                "Total Cost": 224848.77,
                "Plan Rows": 167638,
                "Plan Width": 0,
                "Actual Startup Time": 144.694,
                "Actual Total Time": 1615.381,
                "Actual Rows": 1403803,
                "Actual Loops": 2,
                "Inner Unique": false,
                "Plans": [
                  {
                    "Node Type": "Merge Join",
                    "Parent Relationship": "Outer",
                    "Parallel Aware": false,
                    "Join Type": "Inner",
                    "Startup Cost": 41341.78,
                    "Total Cost": 150871.08,
                    "Plan Rows": 28669,
                    "Plan Width": 8,
                    "Actual Startup Time": 144.632,
                    "Actual Total Time": 962.35,
                    "Actual Rows": 34927,
                    "Actual Loops": 2,
                    "Inner Unique": false,
                    "Merge Cond": "(t.id = mc.movie_id)",
                    "Plans": [
                      {
                        "Node Type": "Index Scan",
                        "Parent Relationship": "Outer",
                        "Parallel Aware": true,
                        "Scan Direction": "Forward",
                        "Index Name": "title_pkey",
                        "Relation Name": "title",
                        "Alias": "t",
                        "Startup Cost": 0.43,
                        "Total Cost": 107365.5,
                        "Plan Rows": 513609,
                        "Plan Width": 4,
                        "Actual Startup Time": 0.344,
                        "Actual Total Time": 765.879,
                        "Actual Rows": 447839,
                        "Actual Loops": 2,
                        "Filter": "((kind_id < 7) AND (production_year < 2012))",
                        "Rows Removed by Filter": 815006
                      },
                      {
                        "Node Type": "Sort",
                        "Parent Relationship": "Inner",
                        "Parallel Aware": false,
                        "Startup Cost": 41339.23,
                        "Total Cost": 41692.05,
                        "Plan Rows": 141127,
                        "Plan Width": 4,
                        "Actual Startup Time": 144.269,
                        "Actual Total Time": 156.227,
                        "Actual Rows": 220009,
                        "Actual Loops": 2,
                        "Sort Key": [
                          "mc.movie_id"
                        ],
                        "Sort Method": "quicksort",
                        "Sort Space Used": 16457,
                        "Sort Space Type": "Memory",
                        "Workers": [
                          {
                            "Worker Number": 0,
                            "Sort Method": "quicksort",
                            "Sort Space Used": 16457,
                            "Sort Space Type": "Memory"
                          }
                        ],
                        "Plans": [
                          {
                            "Node Type": "Bitmap Heap Scan",
                            "Parent Relationship": "Outer",
                            "Parallel Aware": false,
                            "Relation Name": "movie_companies",
                            "Alias": "mc",
                            "Startup Cost": 6177.87,
                            "Total Cost": 29268.19,
                            "Plan Rows": 141127,
                            "Plan Width": 4,
                            "Actual Startup Time": 32.311,
                            "Actual Total Time": 99.25,
                            "Actual Rows": 220009,
                            "Actual Loops": 2,
                            "Recheck Cond": "(company_id < 159)",
                            "Rows Removed by Index Recheck": 0,
                            "Filter": "(company_type_id < 2)",
                            "Rows Removed by Filter": 65308,
                            "Exact Heap Blocks": 17308,
                            "Lossy Heap Blocks": 0,
                            "Plans": [
                              {
                                "Node Type": "Bitmap Index Scan",
                                "Parent Relationship": "Outer",
                                "Parallel Aware": false,
                                "Index Name": "company_id_movie_companies",
                                "Startup Cost": 0.0,
                                "Total Cost": 6142.59,
                                "Plan Rows": 286688,
                                "Plan Width": 0,
                                "Actual Startup Time": 29.114,
                                "Actual Total Time": 29.114,
                                "Actual Rows": 285317,
                                "Actual Loops": 2,
                                "Index Cond": "(company_id < 159)"
                              }
                            ]
                          }
                        ]
                      }
                    ]
                  },
                  {
                    "Node Type": "Index Only Scan",
                    "Parent Relationship": "Inner",
                    "Parallel Aware": false,
                    "Scan Direction": "Forward",
                    "Index Name": "movie_id_movie_info",
                    "Relation Name": "movie_info",
                    "Alias": "mi",
                    "Startup Cost": 0.43,
                    "Total Cost": 2.16,
                    "Plan Rows": 42,
                    "Plan Width": 4,
                    "Actual Startup Time": 0.004,
                    "Actual Total Time": 0.016,
                    "Actual Rows": 40,
                    "Actual Loops": 69854,
                    "Index Cond": "(movie_id = t.id)",
                    "Rows Removed by Index Recheck": 0,
                    "Heap Fetches": 2807606
                  }
                ]
              }
            ]
          }
        ]
      }
    ]
  },
  "Planning Time": 1.118,
  "Triggers": [],
  "Execution Time": 1744.783
}