[
  {
    "Plan": {
      "Node Type": "Aggregate",
      "Strategy": "Plain",
      "Partial Mode": "Finalize",
      "Parallel Aware": false,
      "Startup Cost": 258227.52,
      "Total Cost": 258227.53,
      "Plan Rows": 1,
      "Plan Width": 8,
      "Actual Startup Time": 842.323,
      "Actual Total Time": 866.666,
      "Actual Rows": 1,
      "Actual Loops": 1,
      "Plans": [
        {
          "Node Type": "Gather",
          "Parent Relationship": "Outer",
          "Parallel Aware": false,
          "Startup Cost": 258227.2,
          "Total Cost": 258227.51,
          "Plan Rows": 3,
          "Plan Width": 8,
          "Actual Startup Time": 822.814,
          "Actual Total Time": 866.658,
          "Actual Rows": 4,
          "Actual Loops": 1,
          "Workers Planned": 3,
          "Workers Launched": 3,
          "Single Copy": false,
          "Plans": [
            {
              "Node Type": "Aggregate",
              "Strategy": "Plain",
              "Partial Mode": "Partial",
              "Parent Relationship": "Outer",
              "Parallel Aware": false,
              "Startup Cost": 257227.2,
              "Total Cost": 257227.21,
              "Plan Rows": 1,
              "Plan Width": 8,
              "Actual Startup Time": 812.779,
              "Actual Total Time": 812.786,
              "Actual Rows": 1,
              "Actual Loops": 4,
              "Plans": [
                {
                  "Node Type": "Hash Join",
                  "Parent Relationship": "Outer",
                  "Parallel Aware": true,
                  "Join Type": "Inner",
                  "Startup Cost": 224877.65,
                  "Total Cost": 256884.5,
                  "Plan Rows": 137080,
                  "Plan Width": 0,
                  "Actual Startup Time": 499.159,
                  "Actual Total Time": 749.458,
                  "Actual Rows": 1594496,
                  "Actual Loops": 4,
                  "Inner Unique": false,
                  "Hash Cond": "(mc.movie_id = t.id)",
                  "Plans": [
                    {
                      "Node Type": "Seq Scan",
                      "Parent Relationship": "Outer",
                      "Parallel Aware": true,
                      "Relation Name": "movie_companies",
                      "Alias": "mc",
                      "Startup Cost": 0.0,
                      "Total Cost": 29310.68,
                      "Plan Rows": 645870,
                      "Plan Width": 4,
                      "Actual Startup Time": 0.228,
                      "Actual Total Time": 69.449,
                      "Actual Rows": 502242,
                      "Actual Loops": 4,
                      "Filter": "(company_id > 687)",
                      "Rows Removed by Filter": 150040
                    },
                    {
                      "Node Type": "Hash",
                      "Parent Relationship": "Inner",
                      "Parallel Aware": true,
                      "Startup Cost": 223536.06,
                      "Total Cost": 223536.06,
                      "Plan Rows": 107327,
                      "Plan Width": 8,
                      "Actual Startup Time": 493.327,
                      "Actual Total Time": 493.332,
                      "Actual Rows": 135842,
                      "Actual Loops": 4,
                      "Hash Buckets": 1048576,
                      "Original Hash Buckets": 1048576,
                      "Hash Batches": 1,
                      "Original Hash Batches": 1,
                      "Peak Memory Usage": 29536,
                      "Plans": [
                        {
                          "Node Type": "Hash Join",
                          "Parent Relationship": "Outer",
                          "Parallel Aware": true,
                          "Join Type": "Inner",
                          "Startup Cost": 59919.74,
                          "Total Cost": 223536.06,
                          "Plan Rows": 107327,
                          "Plan Width": 8,
                          "Actual Startup Time": 382.648,
                          "Actual Total Time": 450.885,
                          "Actual Rows": 135842,
                          "Actual Loops": 4,
                          "Inner Unique": true,
                          "Hash Cond": "(mi.movie_id = t.id)",
                          "Plans": [
                            {
                              "Node Type": "Bitmap Heap Scan",
                              "Parent Relationship": "Outer",
                              "Parallel Aware": true,
                              "Relation Name": "movie_info",
                              "Alias": "mi",
                              "Startup Cost": 9699.36,
                              "Total Cost": 173033.94,
                              "Plan Rows": 107327,
                              "Plan Width": 4,
                              "Actual Startup Time": 18.881,
                              "Actual Total Time": 38.439,
                              "Actual Rows": 135842,
                              "Actual Loops": 4,
                              "Recheck Cond": "(info_type_id > 98)",
                              "Rows Removed by Index Recheck": 0,
                              "Exact Heap Blocks": 1627,
                              "Lossy Heap Blocks": 0,
                              "Plans": [
                                {
                                  "Node Type": "Bitmap Index Scan",
                                  "Parent Relationship": "Outer",
                                  "Parallel Aware": false,
                                  "Index Name": "info_type_id_movie_info",
                                  "Startup Cost": 0.0,
                                  "Total Cost": 9565.2,
                                  "Plan Rows": 536635,
                                  "Plan Width": 0,
                                  "Actual Startup Time": 17.904,
                                  "Actual Total Time": 17.905,
                                  "Actual Rows": 543367,
                                  "Actual Loops": 1,
                                  "Index Cond": "(info_type_id > 98)"
                                }
                              ]
                            },
                            {
                              "Node Type": "Hash",
                              "Parent Relationship": "Inner",
                              "Parallel Aware": true,
                              "Startup Cost": 42319.06,
                              "Total Cost": 42319.06,
                              "Plan Rows": 632106,
                              "Plan Width": 4,
                              "Actual Startup Time": 355.326,
                              "Actual Total Time": 355.327,
                              "Actual Rows": 632078,
                              "Actual Loops": 4,
                              "Hash Buckets": 4194304,
                              "Original Hash Buckets": 4194304,
                              "Hash Batches": 1,
                              "Original Hash Batches": 1,
                              "Peak Memory Usage": 131712,
                              "Plans": [
                                {
                                  "Node Type": "Seq Scan",
                                  "Parent Relationship": "Outer",
                                  "Parallel Aware": true,
                                  "Relation Name": "title",
                                  "Alias": "t",
                                  "Startup Cost": 0.0,
                                  "Total Cost": 42319.06,
                                  "Plan Rows": 632106,
                                  "Plan Width": 4,
                                  "Actual Startup Time": 0.052,
                                  "Actual Total Time": 97.258,
                                  "Actual Rows": 632078,
                                  "Actual Loops": 4
                                }
                              ]
                            }
                          ]
                        }
                      ]
                    }
                  ]
                }
              ]
            }
          ]
        }
      ]
    },
    "Planning Time": 1.444,
    "Triggers": [],
    "Execution Time": 866.765
  }
]