[
  {
    "Plan": {
      "Node Type": "Aggregate",
      "Strategy": "Plain",
      "Partial Mode": "Finalize",
      "Parallel Aware": false,
      "Startup Cost": 9774.53,
      "Total Cost": 9774.54,
      "Plan Rows": 1,
      "Plan Width": 8,
      "Actual Startup Time": 45.473,
      "Actual Total Time": 48.196,
      "Actual Rows": 1,
      "Actual Loops": 1,
      "Plans": [
        {
          "Node Type": "Gather",
          "Parent Relationship": "Outer",
          "Parallel Aware": false,
          "Startup Cost": 9774.22,
          "Total Cost": 9774.53,
          "Plan Rows": 3,
          "Plan Width": 8,
          "Actual Startup Time": 45.369,
          "Actual Total Time": 48.188,
          "Actual Rows": 4,
          "Actual Loops": 1,
          "Workers Planned": 3,
          "Workers Launched": 3,
          "Single Copy": false,
          "Plans": [
            {
              "Node Type": "Aggregate",
              "Strategy": "Plain",
              "Partial Mode": "Partial",
              "Parent Relationship": "Outer",
              "Parallel Aware": false,
              "Startup Cost": 8774.22,
              "Total Cost": 8774.23,
              "Plan Rows": 1,
              "Plan Width": 8,
              "Actual Startup Time": 36.376,
              "Actual Total Time": 36.377,
              "Actual Rows": 1,
              "Actual Loops": 4,
              "Plans": [
                {
                  "Node Type": "Index Scan",
                  "Parent Relationship": "Outer",
                  "Parallel Aware": true,
                  "Scan Direction": "Forward",
                  "Index Name": "role_id_cast_info",
                  "Relation Name": "cast_info",
                  "Alias": "ci",
                  "Startup Cost": 0.56,
                  "Total Cost": 8600.37,
                  "Plan Rows": 69538,
                  "Plan Width": 0,
                  "Actual Startup Time": 0.167,
                  "Actual Total Time": 30.168,
                  "Actual Rows": 69025,
                  "Actual Loops": 4,
                  "Index Cond": "(role_id > 10)",
                  "Rows Removed by Index Recheck": 0,
                  "Filter": "(person_id > 993885)",
                  "Rows Removed by Filter": 10004
                }
              ]
            }
          ]
        }
      ]
    },
    "Planning Time": 0.205,
    "Triggers": [],
    "Execution Time": 48.251
  }
]