[
  {
    "Plan": {
      "Node Type": "Aggregate",
      "Strategy": "Plain",
      "Partial Mode": "Finalize",
      "Parallel Aware": false,
      "Startup Cost": 31841.98,
      "Total Cost": 31841.99,
      "Plan Rows": 1,
      "Plan Width": 8,
      "Actual Startup Time": 112.016,
      "Actual Total Time": 118.0,
      "Actual Rows": 1,
      "Actual Loops": 1,
      "Plans": [
        {
          "Node Type": "Gather",
          "Parent Relationship": "Outer",
          "Parallel Aware": false,
          "Startup Cost": 31841.66,
          "Total Cost": 31841.97,
          "Plan Rows": 3,
          "Plan Width": 8,
          "Actual Startup Time": 111.895,
          "Actual Total Time": 117.99,
          "Actual Rows": 4,
          "Actual Loops": 1,
          "Workers Planned": 3,
          "Workers Launched": 3,
          "Single Copy": false,
          "Plans": [
            {
              "Node Type": "Aggregate",
              "Strategy": "Plain",
              "Partial Mode": "Partial",
              "Parent Relationship": "Outer",
              "Parallel Aware": false,
              "Startup Cost": 30841.66,
              "Total Cost": 30841.67,
              "Plan Rows": 1,
              "Plan Width": 8,
              "Actual Startup Time": 104.878,
              "Actual Total Time": 104.879,
              "Actual Rows": 1,
              "Actual Loops": 4,
              "Plans": [
                {
                  "Node Type": "Seq Scan",
                  "Parent Relationship": "Outer",
                  "Parallel Aware": true,
                  "Relation Name": "movie_companies",
                  "Alias": "mc",
                  "Startup Cost": 0.0,
                  "Total Cost": 29310.68,
                  "Plan Rows": 612393,
                  "Plan Width": 0,
                  "Actual Startup Time": 0.038,
                  "Actual Total Time": 80.351,
                  "Actual Rows": 471008,
                  "Actual Loops": 4,
                  "Filter": "(company_id < 41434)",
                  "Rows Removed by Filter": 181274
                }
              ]
            }
          ]
        }
      ]
    },
    "Planning Time": 0.184,
    "Triggers": [],
    "Execution Time": 118.052
  }
]