[
  {
    "Plan": {
      "Node Type": "Aggregate",
      "Strategy": "Plain",
      "Partial Mode": "Finalize",
      "Parallel Aware": false,
      "Startup Cost": 98994.26,
      "Total Cost": 98994.27,
      "Plan Rows": 1,
      "Plan Width": 8,
      "Actual Startup Time": 832.638,
      "Actual Total Time": 852.528,
      "Actual Rows": 1,
      "Actual Loops": 1,
      "Plans": [
        {
          "Node Type": "Gather",
          "Parent Relationship": "Outer",
          "Parallel Aware": false,
          "Startup Cost": 98994.05,
          "Total Cost": 98994.26,
          "Plan Rows": 2,
          "Plan Width": 8,
          "Actual Startup Time": 827.882,
          "Actual Total Time": 852.516,
          "Actual Rows": 3,
          "Actual Loops": 1,
          "Workers Planned": 2,
          "Workers Launched": 2,
          "Single Copy": false,
          "Plans": [
            {
              "Node Type": "Aggregate",
              "Strategy": "Plain",
              "Partial Mode": "Partial",
              "Parent Relationship": "Outer",
              "Parallel Aware": false,
              "Startup Cost": 97994.05,
              "Total Cost": 97994.06,
              "Plan Rows": 1,
              "Plan Width": 8,
              "Actual Startup Time": 819.562,
              "Actual Total Time": 819.805,
              "Actual Rows": 1,
              "Actual Loops": 3,
              "Plans": [
                {
                  "Node Type": "Hash Join",
                  "Parent Relationship": "Outer",
                  "Parallel Aware": true,
                  "Join Type": "Inner",
                  "Startup Cost": 80980.4,
                  "Total Cost": 97771.54,
                  "Plan Rows": 89004,
                  "Plan Width": 0,
                  "Actual Startup Time": 670.479,
                  "Actual Total Time": 807.807,
                  "Actual Rows": 213213,
                  "Actual Loops": 3,
                  "Inner Unique": false,
                  "Hash Cond": "(mi_idx.movie_id = t.id)",
                  "Plans": [
                    {
                      "Node Type": "Seq Scan",
                      "Parent Relationship": "Outer",
                      "Parallel Aware": true,
                      "Relation Name": "movie_info_idx",
                      "Alias": "mi_idx",
                      "Startup Cost": 0.0,
                      "Total Cost": 15122.68,
                      "Plan Rows": 385585,
                      "Plan Width": 4,
                      "Actual Startup Time": 0.039,
                      "Actual Total Time": 54.833,
                      "Actual Rows": 306703,
                      "Actual Loops": 3,
                      "Filter": "(info_type_id > 99)",
                      "Rows Removed by Filter": 153308
                    },
                    {
                      "Node Type": "Hash",
                      "Parent Relationship": "Inner",
                      "Parallel Aware": true,
                      "Startup Cost": 79156.65,
                      "Total Cost": 79156.65,
                      "Plan Rows": 145900,
                      "Plan Width": 8,
                      "Actual Startup Time": 664.485,
                      "Actual Total Time": 664.725,
                      "Actual Rows": 201748,
                      "Actual Loops": 3,
                      "Hash Buckets": 1048576,
                      "Original Hash Buckets": 1048576,
                      "Hash Batches": 1,
                      "Original Hash Batches": 1,
                      "Peak Memory Usage": 31936,
                      "Plans": [
                        {
                          "Node Type": "Hash Join",
                          "Parent Relationship": "Outer",
                          "Parallel Aware": true,
                          "Join Type": "Inner",
                          "Startup Cost": 31802.56,
                          "Total Cost": 79156.65,
                          "Plan Rows": 145900,
                          "Plan Width": 8,
                          "Actual Startup Time": 188.77,
                          "Actual Total Time": 590.844,
                          "Actual Rows": 201748,
                          "Actual Loops": 3,
                          "Inner Unique": false,
                          "Hash Cond": "(t.id = mc.movie_id)",
                          "Plans": [
                            {
                              "Node Type": "Seq Scan",
                              "Parent Relationship": "Outer",
                              "Parallel Aware": true,
                              "Relation Name": "title",
                              "Alias": "t",
                              "Startup Cost": 0.0,
                              "Total Cost": 43898.92,
                              "Plan Rows": 596906,
                              "Plan Width": 4,
                              "Actual Startup Time": 0.014,
                              "Actual Total Time": 151.513,
                              "Actual Rows": 796292,
                              "Actual Loops": 3,
                              "Filter": "(production_year < 2013)",
                              "Rows Removed by Filter": 46479
                            },
                            {
                              "Node Type": "Hash",
                              "Parent Relationship": "Inner",
                              "Parallel Aware": true,
                              "Startup Cost": 29310.68,
                              "Total Cost": 29310.68,
                              "Plan Rows": 199350,
                              "Plan Width": 4,
                              "Actual Startup Time": 185.358,
                              "Actual Total Time": 185.359,
                              "Actual Rows": 205240,
                              "Actual Loops": 3,
                              "Hash Buckets": 1048576,
                              "Original Hash Buckets": 1048576,
                              "Hash Batches": 1,
                              "Original Hash Batches": 1,
                              "Peak Memory Usage": 32320,
                              "Plans": [
                                {
                                  "Node Type": "Seq Scan",
                                  "Parent Relationship": "Outer",
                                  "Parallel Aware": true,
                                  "Relation Name": "movie_companies",
                                  "Alias": "mc",
                                  "Startup Cost": 0.0,
                                  "Total Cost": 29310.68,
                                  "Plan Rows": 199350,
                                  "Plan Width": 4,
                                  "Actual Startup Time": 0.052,
                                  "Actual Total Time": 106.943,
                                  "Actual Rows": 205240,
                                  "Actual Loops": 3,
                                  "Filter": "(company_id < 743)",
                                  "Rows Removed by Filter": 664469
                                }
                              ]
                            }
                          ]
                        }
                      ]
                    }
                  ]
                }
              ]
            }
          ]
        }
      ]
    },
    "Planning Time": 1.397,
    "Triggers": [],
    "Execution Time": 852.611
  }
]