{
  "Plan": {
    "Node Type": "Aggregate",
    "Strategy": "Plain",
    "Partial Mode": "Finalize",
    "Parallel Aware": false,
    "Startup Cost": 277218.66,
    "Total Cost": 277218.67,
    "Plan Rows": 1,
    "Plan Width": 8,
    "Actual Startup Time": 553.862,
    "Actual Total Time": 597.698,
    "Actual Rows": 1,
    "Actual Loops": 1,
    "Plans": [
      {
        "Node Type": "Gather",
        "Parent Relationship": "Outer",
        "Parallel Aware": false,
        "Startup Cost": 277218.55,
        "Total Cost": 277218.66,
        "Plan Rows": 1,
        "Plan Width": 8,
        "Actual Startup Time": 553.116,
        "Actual Total Time": 597.689,
        "Actual Rows": 2,
        "Actual Loops": 1,
        "Workers Planned": 1,
        "Workers Launched": 1,
        "Single Copy": false,
        "Plans": [
          {
            "Node Type": "Aggregate",
            "Strategy": "Plain",
            "Partial Mode": "Partial",
            "Parent Relationship": "Outer",
            "Parallel Aware": false,
            "Startup Cost": 276218.55,
            "Total Cost": 276218.56,
            "Plan Rows": 1,
            "Plan Width": 8,
            "Actual Startup Time": 546.89,
            "Actual Total Time": 546.895,
            "Actual Rows": 1,
            "Actual Loops": 2,
            "Plans": [
              {
                "Node Type": "Nested Loop",
                "Parent Relationship": "Outer",
                "Parallel Aware": false,
                "Join Type": "Inner",
                "Startup Cost": 72885.13,
                "Total Cost": 274781.07,
                "Plan Rows": 574991,
                "Plan Width": 0,
                "Actual Startup Time": 244.328,
                "Actual Total Time": 539.744,
                "Actual Rows": 99956,
                "Actual Loops": 2,
                "Inner Unique": false,
                "Join Filter": "(t.id = ci.movie_id)",
                "Rows Removed by Join Filter": 0,
                "Plans": [
                  {
                    "Node Type": "Hash Join",
                    "Parent Relationship": "Outer",
                    "Parallel Aware": true,
                    "Join Type": "Inner",
                    "Startup Cost": 72884.57,
                    "Total Cost": 102543.55,
                    "Plan Rows": 40128,
                    "Plan Width": 8,
                    "Actual Startup Time": 244.149,
                    "Actual Total Time": 376.92,
                    "Actual Rows": 5981,
                    "Actual Loops": 2,
                    "Inner Unique": true,
                    "Hash Cond": "(mk.movie_id = t.id)",
                    "Plans": [
                      {
                        "Node Type": "Bitmap Heap Scan",
                        "Parent Relationship": "Outer",
                        "Parallel Aware": true,
                        "Relation Name": "movie_keyword",
                        "Alias": "mk",
                        "Startup Cost": 12410.36,
                        "Total Cost": 41166.0,
                        "Plan Rows": 344131,
                        "Plan Width": 4,
                        "Actual Startup Time": 50.366,
                        "Actual Total Time": 130.007,
                        "Actual Rows": 300119,
                        "Actual Loops": 2,
                        "Recheck Cond": "(keyword_id < 439)",
                        "Rows Removed by Index Recheck": 0,
                        "Exact Heap Blocks": 11443,
                        "Lossy Heap Blocks": 0,
                        "Plans": [
                          {
                            "Node Type": "Bitmap Index Scan",
                            "Parent Relationship": "Outer",
                            "Parallel Aware": false,
                            "Index Name": "keyword_id_movie_keyword",
                            "Startup Cost": 0.0,
                            "Total Cost": 12264.11,
                            "Plan Rows": 585023,
                            "Plan Width": 0,
                            "Actual Startup Time": 44.51,
                            "Actual Total Time": 44.511,
                            "Actual Rows": 600238,
                            "Actual Loops": 1,
                            "Index Cond": "(keyword_id < 439)"
                          }
                        ]
                      },
                      {
                        "Node Type": "Hash",
                        "Parent Relationship": "Inner",
                        "Parallel Aware": true,
                        "Startup Cost": 58306.47,
                        "Total Cost": 58306.47,
                        "Plan Rows": 173419,
                        "Plan Width": 4,
                        "Actual Startup Time": 187.735,
                        "Actual Total Time": 187.736,
                        "Actual Rows": 96692,
                        "Actual Loops": 2,
                        "Hash Buckets": 524288,
                        "Original Hash Buckets": 524288,
                        "Hash Batches": 1,
                        "Original Hash Batches": 1,
                        "Peak Memory Usage": 11680,
                        "Plans": [
                          {
                            "Node Type": "Seq Scan",
                            "Parent Relationship": "Outer",
                            "Parallel Aware": true,
                            "Relation Name": "title",
                            "Alias": "t",
                            "Startup Cost": 0.0,
                            "Total Cost": 58306.47,
                            "Plan Rows": 173419,
                            "Plan Width": 4,
                            "Actual Startup Time": 0.035,
                            "Actual Total Time": 157.251,
                            "Actual Rows": 96692,
                            "Actual Loops": 2,
                            "Filter": "((production_year < 1979) AND (kind_id = 7))",
                            "Rows Removed by Filter": 1167464
                          }
                        ]
                      }
                    ]
                  },
                  {
                    "Node Type": "Index Only Scan",
                    "Parent Relationship": "Inner",
                    "Parallel Aware": false,
                    "Scan Direction": "Forward",
                    "Index Name": "movie_id_cast_info",
                    "Relation Name": "cast_info",
                    "Alias": "ci",
                    "Startup Cost": 0.56,
                    "Total Cost": 3.83,
                    "Plan Rows": 37,
                    "Plan Width": 4,
                    "Actual Startup Time": 0.006,
                    "Actual Total Time": 0.025,
                    "Actual Rows": 17,
                    "Actual Loops": 11962,
                    "Index Cond": "(movie_id = mk.movie_id)",
                    "Rows Removed by Index Recheck": 0,
                    "Heap Fetches": 199913
                  }
                ]
              }
            ]
          }
        ]
      }
    ]
  },
  "Planning Time": 0.947,
  "Triggers": [],
  "Execution Time": 597.827
}