[
  {
    "Plan": {
      "Node Type": "Aggregate",
      "Strategy": "Plain",
      "Partial Mode": "Finalize",
      "Parallel Aware": false,
      "Startup Cost": 398188.33,
      "Total Cost": 398188.34,
      "Plan Rows": 1,
      "Plan Width": 8,
      "Actual Startup Time": 943.479,
      "Actual Total Time": 996.343,
      "Actual Rows": 1,
      "Actual Loops": 1,
      "Plans": [
        {
          "Node Type": "Gather",
          "Parent Relationship": "Outer",
          "Parallel Aware": false,
          "Startup Cost": 398187.71,
          "Total Cost": 398188.32,
          "Plan Rows": 6,
          "Plan Width": 8,
          "Actual Startup Time": 943.006,
          "Actual Total Time": 996.323,
          "Actual Rows": 7,
          "Actual Loops": 1,
          "Workers Planned": 6,
          "Workers Launched": 6,
          "Single Copy": false,
          "Plans": [
            {
              "Node Type": "Aggregate",
              "Strategy": "Plain",
              "Partial Mode": "Partial",
              "Parent Relationship": "Outer",
              "Parallel Aware": false,
              "Startup Cost": 397187.71,
              "Total Cost": 397187.72,
              "Plan Rows": 1,
              "Plan Width": 8,
              "Actual Startup Time": 933.578,
              "Actual Total Time": 933.583,
              "Actual Rows": 1,
              "Actual Loops": 7,
              "Plans": [
                {
                  "Node Type": "Hash Join",
                  "Parent Relationship": "Outer",
                  "Parallel Aware": true,
                  "Join Type": "Inner",
                  "Startup Cost": 45849.7,
                  "Total Cost": 396845.13,
                  "Plan Rows": 137031,
                  "Plan Width": 0,
                  "Actual Startup Time": 272.456,
                  "Actual Total Time": 933.32,
                  "Actual Rows": 2963,
                  "Actual Loops": 7,
                  "Inner Unique": true,
                  "Hash Cond": "(ci.movie_id = t.id)",
                  "Plans": [
                    {
                      "Node Type": "Seq Scan",
                      "Parent Relationship": "Outer",
                      "Parallel Aware": true,
                      "Relation Name": "cast_info",
                      "Alias": "ci",
                      "Startup Cost": 0.0,
                      "Total Cost": 343316.27,
                      "Plan Rows": 2925390,
                      "Plan Width": 4,
                      "Actual Startup Time": 193.476,
                      "Actual Total Time": 671.319,
                      "Actual Rows": 2287116,
                      "Actual Loops": 7,
                      "Filter": "((person_id > 1613591) AND (role_id < 10))",
                      "Rows Removed by Filter": 2890647
                    },
                    {
                      "Node Type": "Hash",
                      "Parent Relationship": "Inner",
                      "Parallel Aware": true,
                      "Startup Cost": 45479.59,
                      "Total Cost": 45479.59,
                      "Plan Rows": 29609,
                      "Plan Width": 4,
                      "Actual Startup Time": 76.189,
                      "Actual Total Time": 76.191,
                      "Actual Rows": 1188,
                      "Actual Loops": 7,
                      "Hash Buckets": 131072,
                      "Original Hash Buckets": 131072,
                      "Hash Batches": 1,
                      "Original Hash Batches": 1,
                      "Peak Memory Usage": 1440,
                      "Plans": [
                        {
                          "Node Type": "Seq Scan",
                          "Parent Relationship": "Outer",
                          "Parallel Aware": true,
                          "Relation Name": "title",
                          "Alias": "t",
                          "Startup Cost": 0.0,
                          "Total Cost": 45479.59,
                          "Plan Rows": 29609,
                          "Plan Width": 4,
                          "Actual Startup Time": 0.13,
                          "Actual Total Time": 75.08,
                          "Actual Rows": 1188,
                          "Actual Loops": 7,
                          "Filter": "((kind_id > 1) AND (production_year < 1952))",
                          "Rows Removed by Filter": 359999
                        }
                      ]
                    }
                  ]
                }
              ]
            }
          ]
        }
      ]
    },
    "Planning Time": 0.558,
    "Triggers": [],
    "Execution Time": 996.413
  }
]