[
  {
    "Plan": {
      "Node Type": "Aggregate",
      "Strategy": "Plain",
      "Partial Mode": "Simple",
      "Parallel Aware": false,
      "Startup Cost": 1428.32,
      "Total Cost": 1428.33,
      "Plan Rows": 1,
      "Plan Width": 8,
      "Actual Startup Time": 0.488,
      "Actual Total Time": 0.489,
      "Actual Rows": 1,
      "Actual Loops": 1,
      "Plans": [
        {
          "Node Type": "Index Scan",
          "Parent Relationship": "Outer",
          "Parallel Aware": false,
          "Scan Direction": "Forward",
          "Index Name": "company_id_movie_companies",
          "Relation Name": "movie_companies",
          "Alias": "mc",
          "Startup Cost": 0.43,
          "Total Cost": 1427.62,
          "Plan Rows": 280,
          "Plan Width": 0,
          "Actual Startup Time": 0.023,
          "Actual Total Time": 0.399,
          "Actual Rows": 494,
          "Actual Loops": 1,
          "Index Cond": "(company_id > 234510)",
          "Rows Removed by Index Recheck": 0,
          "Filter": "(company_type_id > 1)",
          "Rows Removed by Filter": 0
        }
      ]
    },
    "Planning Time": 0.212,
    "Triggers": [],
    "Execution Time": 0.524
  }
]