{
  "Plan": {
    "Node Type": "Aggregate",
    "Strategy": "Plain",
    "Partial Mode": "Finalize",
    "Parallel Aware": false,
    "Startup Cost": 270693.79,
    "Total Cost": 270693.8,
    "Plan Rows": 1,
    "Plan Width": 8,
    "Actual Startup Time": 721.363,
    "Actual Total Time": 734.221,
    "Actual Rows": 1,
    "Actual Loops": 1,
    "Plans": [
      {
        "Node Type": "Gather",
        "Parent Relationship": "Outer",
        "Parallel Aware": false,
        "Startup Cost": 270693.68,
        "Total Cost": 270693.79,
        "Plan Rows": 1,
        "Plan Width": 8,
        "Actual Startup Time": 719.02,
        "Actual Total Time": 734.21,
        "Actual Rows": 2,
        "Actual Loops": 1,
        "Workers Planned": 1,
        "Workers Launched": 1,
        "Single Copy": false,
        "Plans": [
          {
            "Node Type": "Aggregate",
            "Strategy": "Plain",
            "Partial Mode": "Partial",
            "Parent Relationship": "Outer",
            "Parallel Aware": false,
            "Startup Cost": 269693.68,
            "Total Cost": 269693.69,
            "Plan Rows": 1,
            "Plan Width": 8,
            "Actual Startup Time": 712.579,
            "Actual Total Time": 713.035,
            "Actual Rows": 1,
            "Actual Loops": 2,
            "Plans": [
              {
                "Node Type": "Hash Join",
                "Parent Relationship": "Outer",
                "Parallel Aware": true,
                "Join Type": "Inner",
                "Startup Cost": 99452.09,
                "Total Cost": 269503.86,
                "Plan Rows": 75928,
                "Plan Width": 0,
                "Actual Startup Time": 584.532,
                "Actual Total Time": 707.836,
                "Actual Rows": 102976,
                "Actual Loops": 2,
                "Inner Unique": false,
                "Hash Cond": "(mi.movie_id = t.id)",
                "Plans": [
                  {
                    "Node Type": "Bitmap Heap Scan",
                    "Parent Relationship": "Outer",
                    "Parallel Aware": true,
                    "Relation Name": "movie_info",
                    "Alias": "mi",
                    "Startup Cost": 14428.12,
                    "Total Cost": 182276.62,
                    "Plan Rows": 468439,
                    "Plan Width": 4,
                    "Actual Startup Time": 26.697,
                    "Actual Total Time": 70.264,
                    "Actual Rows": 401070,
                    "Actual Loops": 2,
                    "Recheck Cond": "(info_type_id = 1)",
                    "Rows Removed by Index Recheck": 0,
                    "Exact Heap Blocks": 1998,
                    "Lossy Heap Blocks": 0,
                    "Plans": [
                      {
                        "Node Type": "Bitmap Index Scan",
                        "Parent Relationship": "Outer",
                        "Parallel Aware": false,
                        "Index Name": "info_type_id_movie_info",
                        "Startup Cost": 0.0,
                        "Total Cost": 14229.04,
                        "Plan Rows": 796347,
                        "Plan Width": 0,
                        "Actual Startup Time": 25.992,
                        "Actual Total Time": 25.993,
                        "Actual Rows": 802140,
                        "Actual Loops": 1,
                        "Index Cond": "(info_type_id = 1)"
                      }
                    ]
                  },
                  {
                    "Node Type": "Hash",
                    "Parent Relationship": "Inner",
                    "Parallel Aware": true,
                    "Startup Cost": 82010.71,
                    "Total Cost": 82010.71,
                    "Plan Rows": 241061,
                    "Plan Width": 8,
                    "Actual Startup Time": 552.062,
                    "Actual Total Time": 552.514,
                    "Actual Rows": 161895,
                    "Actual Loops": 2,
                    "Hash Buckets": 524288,
                    "Original Hash Buckets": 524288,
                    "Hash Batches": 1,
                    "Original Hash Batches": 1,
                    "Peak Memory Usage": 16800,
                    "Plans": [
                      {
                        "Node Type": "Hash Join",
                        "Parent Relationship": "Outer",
                        "Parallel Aware": true,
                        "Join Type": "Inner",
                        "Startup Cost": 63826.92,
                        "Total Cost": 82010.71,
                        "Plan Rows": 241061,
                        "Plan Width": 8,
                        "Actual Startup Time": 318.858,
                        "Actual Total Time": 513.737,
                        "Actual Rows": 161895,
                        "Actual Loops": 2,
                        "Inner Unique": true,
                        "Hash Cond": "(mi_idx.movie_id = t.id)",
                        "Plans": [
                          {
                            "Node Type": "Seq Scan",
                            "Parent Relationship": "Outer",
                            "Parallel Aware": true,
                            "Relation Name": "movie_info_idx",
                            "Alias": "mi_idx",
                            "Startup Cost": 0.0,
                            "Total Cost": 16052.85,
                            "Plan Rows": 811785,
                            "Plan Width": 4,
                            "Actual Startup Time": 0.02,
                            "Actual Total Time": 61.036,
                            "Actual Rows": 690018,
                            "Actual Loops": 2
                          },
                          {
                            "Node Type": "Hash",
                            "Parent Relationship": "Inner",
                            "Parallel Aware": true,
                            "Startup Cost": 58306.47,
                            "Total Cost": 58306.47,
                            "Plan Rows": 441636,
                            "Plan Width": 4,
                            "Actual Startup Time": 312.437,
                            "Actual Total Time": 312.438,
                            "Actual Rows": 323778,
                            "Actual Loops": 2,
                            "Hash Buckets": 1048576,
                            "Original Hash Buckets": 1048576,
                            "Hash Batches": 1,
                            "Original Hash Batches": 1,
                            "Peak Memory Usage": 33536,
                            "Plans": [
                              {
                                "Node Type": "Seq Scan",
                                "Parent Relationship": "Outer",
                                "Parallel Aware": true,
                                "Relation Name": "title",
                                "Alias": "t",
                                "Startup Cost": 0.0,
                                "Total Cost": 58306.47,
                                "Plan Rows": 441636,
                                "Plan Width": 4,
                                "Actual Startup Time": 0.042,
                                "Actual Total Time": 189.849,
                                "Actual Rows": 323778,
                                "Actual Loops": 2,
                                "Filter": "((kind_id > 1) AND (production_year < 2000))",
                                "Rows Removed by Filter": 940378
                              }
                            ]
                          }
                        ]
                      }
                    ]
                  }
                ]
              }
            ]
          }
        ]
      }
    ]
  },
  "Planning Time": 1.002,
  "Triggers": [],
  "Execution Time": 734.331
}