[
  {
    "Plan": {
      "Node Type": "Aggregate",
      "Strategy": "Plain",
      "Partial Mode": "Finalize",
      "Parallel Aware": false,
      "Startup Cost": 45944.99,
      "Total Cost": 45945.0,
      "Plan Rows": 1,
      "Plan Width": 8,
      "Actual Startup Time": 105.805,
      "Actual Total Time": 114.933,
      "Actual Rows": 1,
      "Actual Loops": 1,
      "Plans": [
        {
          "Node Type": "Gather",
          "Parent Relationship": "Outer",
          "Parallel Aware": false,
          "Startup Cost": 45944.57,
          "Total Cost": 45944.98,
          "Plan Rows": 4,
          "Plan Width": 8,
          "Actual Startup Time": 105.665,
          "Actual Total Time": 114.924,
          "Actual Rows": 5,
          "Actual Loops": 1,
          "Workers Planned": 4,
          "Workers Launched": 4,
          "Single Copy": false,
          "Plans": [
            {
              "Node Type": "Aggregate",
              "Strategy": "Plain",
              "Partial Mode": "Partial",
              "Parent Relationship": "Outer",
              "Parallel Aware": false,
              "Startup Cost": 44944.57,
              "Total Cost": 44944.58,
              "Plan Rows": 1,
              "Plan Width": 8,
              "Actual Startup Time": 99.392,
              "Actual Total Time": 99.393,
              "Actual Rows": 1,
              "Actual Loops": 5,
              "Plans": [
                {
                  "Node Type": "Seq Scan",
                  "Parent Relationship": "Outer",
                  "Parallel Aware": true,
                  "Relation Name": "title",
                  "Alias": "t",
                  "Startup Cost": 0.0,
                  "Total Cost": 43899.32,
                  "Plan Rows": 418098,
                  "Plan Width": 0,
                  "Actual Startup Time": 0.037,
                  "Actual Total Time": 83.034,
                  "Actual Rows": 334258,
                  "Actual Loops": 5,
                  "Filter": "(production_year < 2008)",
                  "Rows Removed by Filter": 171404
                }
              ]
            }
          ]
        }
      ]
    },
    "Planning Time": 0.151,
    "Triggers": [],
    "Execution Time": 114.987
  }
]