[
  {
    "Plan": {
      "Node Type": "Aggregate",
      "Strategy": "Plain",
      "Partial Mode": "Simple",
      "Parallel Aware": false,
      "Startup Cost": 60886.0,
      "Total Cost": 60886.01,
      "Plan Rows": 1,
      "Plan Width": 64,
      "Actual Startup Time": 25803.973,
      "Actual Total Time": 25804.028,
      "Actual Rows": 1,
      "Actual Loops": 1,
      "Output": [
        "min(chn.name)",
        "min(t.title)"
      ],
      "Plans": [
        {
          "Node Type": "Hash Join",
          "Parent Relationship": "Outer",
          "Parallel Aware": false,
          "Join Type": "Inner",
          "Startup Cost": 5953.56,
          "Total Cost": 60885.94,
          "Plan Rows": 12,
          "Plan Width": 33,
          "Actual Startup Time": 2198.595,
          "Actual Total Time": 25801.59,
          "Actual Rows": 104,
          "Actual Loops": 1,
          "Output": [
            "chn.name",
            "t.title"
          ],
          "Inner Unique": true,
          "Hash Cond": "(mc.company_type_id = ct.id)",
          "Plans": [
            {
              "Node Type": "Nested Loop",
              "Parent Relationship": "Outer",
              "Parallel Aware": false,
              "Join Type": "Inner",
              "Startup Cost": 5952.47,
              "Total Cost": 60884.79,
              "Plan Rows": 12,
              "Plan Width": 37,
              "Actual Startup Time": 2197.949,
              "Actual Total Time": 25797.02,
              "Actual Rows": 104,
              "Actual Loops": 1,
              "Output": [
                "chn.name",
                "mc.company_type_id",
                "t.title"
              ],
              "Inner Unique": true,
              "Plans": [
                {
                  "Node Type": "Nested Loop",
                  "Parent Relationship": "Outer",
                  "Parallel Aware": false,
                  "Join Type": "Inner",
                  "Startup Cost": 5952.04,
                  "Total Cost": 60818.87,
                  "Plan Rows": 12,
                  "Plan Width": 25,
                  "Actual Startup Time": 2196.556,
                  "Actual Total Time": 25762.196,
                  "Actual Rows": 112,
                  "Actual Loops": 1,
                  "Output": [
                    "ci.person_role_id",
                    "mc.company_type_id",
                    "t.title"
                  ],
                  "Inner Unique": true,
                  "Plans": [
                    {
                      "Node Type": "Hash Join",
                      "Parent Relationship": "Outer",
                      "Parallel Aware": false,
                      "Join Type": "Inner",
                      "Startup Cost": 5951.61,
                      "Total Cost": 60802.78,
                      "Plan Rows": 31,
                      "Plan Width": 16,
                      "Actual Startup Time": 2196.082,
                      "Actual Total Time": 25716.163,
                      "Actual Rows": 275,
                      "Actual Loops": 1,
                      "Output": [
                        "ci.movie_id",
                        "ci.person_role_id",
                        "mc.movie_id",
                        "mc.company_type_id"
                      ],
                      "Inner Unique": true,
                      "Hash Cond": "(ci.role_id = rt.id)",
                      "Plans": [
                        {
                          "Node Type": "Nested Loop",
                          "Parent Relationship": "Outer",
                          "Parallel Aware": false,
                          "Join Type": "Inner",
                          "Startup Cost": 5950.45,
                          "Total Cost": 60800.3,
                          "Plan Rows": 370,
                          "Plan Width": 20,
                          "Actual Startup Time": 2195.891,
                          "Actual Total Time": 25707.693,
                          "Actual Rows": 377,
                          "Actual Loops": 1,
                          "Output": [
                            "ci.movie_id",
                            "ci.person_role_id",
                            "ci.role_id",
                            "mc.movie_id",
                            "mc.company_type_id"
                          ],
                          "Inner Unique": false,
                          "Plans": [
                            {
                              "Node Type": "Hash Join",
                              "Parent Relationship": "Outer",
                              "Parallel Aware": false,
                              "Join Type": "Inner",
                              "Startup Cost": 5949.89,
                              "Total Cost": 57680.26,
                              "Plan Rows": 1547,
                              "Plan Width": 8,
                              "Actual Startup Time": 253.555,
                              "Actual Total Time": 2649.608,
                              "Actual Rows": 8790,
                              "Actual Loops": 1,
                              "Output": [
                                "mc.movie_id",
                                "mc.company_type_id"
                              ],
                              "Inner Unique": true,
                              "Hash Cond": "(mc.company_id = cn.id)",
                              "Plans": [
                                {
                                  "Node Type": "Seq Scan",
                                  "Parent Relationship": "Outer",
                                  "Parallel Aware": false,
                                  "Relation Name": "movie_companies",
                                  "Schema": "public",
                                  "Alias": "mc",
                                  "Startup Cost": 0.0,
                                  "Total Cost": 44881.29,
                                  "Plan Rows": 2609129,
                                  "Plan Width": 12,
                                  "Actual Startup Time": 0.221,
                                  "Actual Total Time": 1990.601,
                                  "Actual Rows": 2609129,
                                  "Actual Loops": 1,
                                  "Output": [
                                    "mc.id",
                                    "mc.movie_id",
                                    "mc.company_id",
                                    "mc.company_type_id",
                                    "mc.note"
                                  ]
                                },
                                {
                                  "Node Type": "Hash",
                                  "Parent Relationship": "Inner",
                                  "Parallel Aware": false,
                                  "Startup Cost": 5932.46,
                                  "Total Cost": 5932.46,
                                  "Plan Rows": 1394,
                                  "Plan Width": 4,
                                  "Actual Startup Time": 250.348,
                                  "Actual Total Time": 250.354,
                                  "Actual Rows": 1361,
                                  "Actual Loops": 1,
                                  "Output": [
                                    "cn.id"
                                  ],
                                  "Hash Buckets": 2048,
                                  "Original Hash Buckets": 2048,
                                  "Hash Batches": 1,
                                  "Original Hash Batches": 1,
                                  "Peak Memory Usage": 64,
                                  "Plans": [
                                    {
                                      "Node Type": "Seq Scan",
                                      "Parent Relationship": "Outer",
                                      "Parallel Aware": false,
                                      "Relation Name": "company_name",
                                      "Schema": "public",
                                      "Alias": "cn",
                                      "Startup Cost": 0.0,
                                      "Total Cost": 5932.46,
                                      "Plan Rows": 1394,
                                      "Plan Width": 4,
                                      "Actual Startup Time": 0.246,
                                      "Actual Total Time": 246.289,
                                      "Actual Rows": 1361,
                                      "Actual Loops": 1,
                                      "Output": [
                                        "cn.id"
                                      ],
                                      "Filter": "((cn.country_code)::text = '[ru]'::text)",
                                      "Rows Removed by Filter": 233636
                                    }
                                  ]
                                }
                              ]
                            },
                            {
                              "Node Type": "Index Scan",
                              "Parent Relationship": "Inner",
                              "Parallel Aware": false,
                              "Scan Direction": "Forward",
                              "Index Name": "movie_id_cast_info",
                              "Relation Name": "cast_info",
                              "Schema": "public",
                              "Alias": "ci",
                              "Startup Cost": 0.56,
                              "Total Cost": 2.01,
                              "Plan Rows": 1,
                              "Plan Width": 12,
                              "Actual Startup Time": 2.484,
                              "Actual Total Time": 2.615,
                              "Actual Rows": 0,
                              "Actual Loops": 8790,
                              "Output": [
                                "ci.id",
                                "ci.person_id",
                                "ci.movie_id",
                                "ci.person_role_id",
                                "ci.note",
                                "ci.nr_order",
                                "ci.role_id"
                              ],
                              "Index Cond": "(ci.movie_id = mc.movie_id)",
                              "Rows Removed by Index Recheck": 0,
                              "Filter": "((ci.note ~~ '%(voice)%'::text) AND (ci.note ~~ '%(uncredited)%'::text))",
                              "Rows Removed by Filter": 46
                            }
                          ]
                        },
                        {
                          "Node Type": "Hash",
                          "Parent Relationship": "Inner",
                          "Parallel Aware": false,
                          "Startup Cost": 1.15,
                          "Total Cost": 1.15,
                          "Plan Rows": 1,
                          "Plan Width": 4,
                          "Actual Startup Time": 0.134,
                          "Actual Total Time": 0.135,
                          "Actual Rows": 1,
                          "Actual Loops": 1,
                          "Output": [
                            "rt.id"
                          ],
                          "Hash Buckets": 1024,
                          "Original Hash Buckets": 1024,
                          "Hash Batches": 1,
                          "Original Hash Batches": 1,
                          "Peak Memory Usage": 9,
                          "Plans": [
                            {
                              "Node Type": "Seq Scan",
                              "Parent Relationship": "Outer",
                              "Parallel Aware": false,
                              "Relation Name": "role_type",
                              "Schema": "public",
                              "Alias": "rt",
                              "Startup Cost": 0.0,
                              "Total Cost": 1.15,
                              "Plan Rows": 1,
                              "Plan Width": 4,
                              "Actual Startup Time": 0.13,
                              "Actual Total Time": 0.132,
                              "Actual Rows": 1,
                              "Actual Loops": 1,
                              "Output": [
                                "rt.id"
                              ],
                              "Filter": "((rt.role)::text = 'actor'::text)",
                              "Rows Removed by Filter": 11
                            }
                          ]
                        }
                      ]
                    },
                    {
                      "Node Type": "Index Scan",
                      "Parent Relationship": "Inner",
                      "Parallel Aware": false,
                      "Scan Direction": "Forward",
                      "Index Name": "title_pkey",
                      "Relation Name": "title",
                      "Schema": "public",
                      "Alias": "t",
                      "Startup Cost": 0.43,
                      "Total Cost": 0.52,
                      "Plan Rows": 1,
                      "Plan Width": 21,
                      "Actual Startup Time": 0.119,
                      "Actual Total Time": 0.119,
                      "Actual Rows": 0,
                      "Actual Loops": 275,
                      "Output": [
                        "t.id",
                        "t.title",
                        "t.imdb_index",
                        "t.kind_id",
                        "t.production_year",
                        "t.imdb_id",
                        "t.phonetic_code",
                        "t.episode_of_id",
                        "t.season_nr",
                        "t.episode_nr",
                        "t.series_years",
                        "t.md5sum"
                      ],
                      "Index Cond": "(t.id = mc.movie_id)",
                      "Rows Removed by Index Recheck": 0,
                      "Filter": "(t.production_year > 2005)",
                      "Rows Removed by Filter": 1
                    }
                  ]
                },
                {
                  "Node Type": "Index Scan",
                  "Parent Relationship": "Inner",
                  "Parallel Aware": false,
                  "Scan Direction": "Forward",
                  "Index Name": "char_name_pkey",
                  "Relation Name": "char_name",
                  "Schema": "public",
                  "Alias": "chn",
                  "Startup Cost": 0.43,
                  "Total Cost": 5.49,
                  "Plan Rows": 1,
                  "Plan Width": 20,
                  "Actual Startup Time": 0.242,
                  "Actual Total Time": 0.242,
                  "Actual Rows": 1,
                  "Actual Loops": 112,
                  "Output": [
                    "chn.id",
                    "chn.name",
                    "chn.imdb_index",
                    "chn.imdb_id",
                    "chn.name_pcode_nf",
                    "chn.surname_pcode",
                    "chn.md5sum"
                  ],
                  "Index Cond": "(chn.id = ci.person_role_id)",
                  "Rows Removed by Index Recheck": 0
                }
              ]
            },
            {
              "Node Type": "Hash",
              "Parent Relationship": "Inner",
              "Parallel Aware": false,
              "Startup Cost": 1.04,
              "Total Cost": 1.04,
              "Plan Rows": 4,
              "Plan Width": 4,
              "Actual Startup Time": 0.169,
              "Actual Total Time": 0.173,
              "Actual Rows": 4,
              "Actual Loops": 1,
              "Output": [
                "ct.id"
              ],
              "Hash Buckets": 1024,
              "Original Hash Buckets": 1024,
              "Hash Batches": 1,
              "Original Hash Batches": 1,
              "Peak Memory Usage": 9,
              "Plans": [
                {
                  "Node Type": "Seq Scan",
                  "Parent Relationship": "Outer",
                  "Parallel Aware": false,
                  "Relation Name": "company_type",
                  "Schema": "public",
                  "Alias": "ct",
                  "Startup Cost": 0.0,
                  "Total Cost": 1.04,
                  "Plan Rows": 4,
                  "Plan Width": 4,
                  "Actual Startup Time": 0.143,
                  "Actual Total Time": 0.145,
                  "Actual Rows": 4,
                  "Actual Loops": 1,
                  "Output": [
                    "ct.id"
                  ]
                }
              ]
            }
          ]
        }
      ]
    },
    "Planning Time": 8951.615,
    "Triggers": [],
    "Execution Time": 25807.453
  }
]