[
  {
    "Plan": {
      "Node Type": "Aggregate",
      "Strategy": "Plain",
      "Partial Mode": "Finalize",
      "Parallel Aware": false,
      "Startup Cost": 116017.6,
      "Total Cost": 116017.61,
      "Plan Rows": 1,
      "Plan Width": 8,
      "Actual Startup Time": 400.572,
      "Actual Total Time": 425.971,
      "Actual Rows": 1,
      "Actual Loops": 1,
      "Plans": [
        {
          "Node Type": "Gather",
          "Parent Relationship": "Outer",
          "Parallel Aware": false,
          "Startup Cost": 116017.28,
          "Total Cost": 116017.59,
          "Plan Rows": 3,
          "Plan Width": 8,
          "Actual Startup Time": 399.705,
          "Actual Total Time": 425.96,
          "Actual Rows": 4,
          "Actual Loops": 1,
          "Workers Planned": 3,
          "Workers Launched": 3,
          "Single Copy": false,
          "Plans": [
            {
              "Node Type": "Aggregate",
              "Strategy": "Plain",
              "Partial Mode": "Partial",
              "Parent Relationship": "Outer",
              "Parallel Aware": false,
              "Startup Cost": 115017.28,
              "Total Cost": 115017.29,
              "Plan Rows": 1,
              "Plan Width": 8,
              "Actual Startup Time": 395.924,
              "Actual Total Time": 395.928,
              "Actual Rows": 1,
              "Actual Loops": 4,
              "Plans": [
                {
                  "Node Type": "Nested Loop",
                  "Parent Relationship": "Outer",
                  "Parallel Aware": false,
                  "Join Type": "Inner",
                  "Startup Cost": 44277.7,
                  "Total Cost": 114910.85,
                  "Plan Rows": 42570,
                  "Plan Width": 0,
                  "Actual Startup Time": 99.718,
                  "Actual Total Time": 385.954,
                  "Actual Rows": 232774,
                  "Actual Loops": 4,
                  "Inner Unique": false,
                  "Join Filter": "(t.id = mc.movie_id)",
                  "Rows Removed by Join Filter": 0,
                  "Plans": [
                    {
                      "Node Type": "Hash Join",
                      "Parent Relationship": "Outer",
                      "Parallel Aware": true,
                      "Join Type": "Inner",
                      "Startup Cost": 44277.27,
                      "Total Cost": 89236.8,
                      "Plan Rows": 41253,
                      "Plan Width": 8,
                      "Actual Startup Time": 99.576,
                      "Actual Total Time": 256.997,
                      "Actual Rows": 26606,
                      "Actual Loops": 4,
                      "Inner Unique": true,
                      "Hash Cond": "(mk.movie_id = t.id)",
                      "Plans": [
                        {
                          "Node Type": "Seq Scan",
                          "Parent Relationship": "Outer",
                          "Parallel Aware": true,
                          "Relation Name": "movie_keyword",
                          "Alias": "mk",
                          "Startup Cost": 0.0,
                          "Total Cost": 42695.65,
                          "Plan Rows": 862430,
                          "Plan Width": 4,
                          "Actual Startup Time": 0.185,
                          "Actual Total Time": 103.127,
                          "Actual Rows": 666678,
                          "Actual Loops": 4,
                          "Filter": "(keyword_id > 3089)",
                          "Rows Removed by Filter": 464305
                        },
                        {
                          "Node Type": "Hash",
                          "Parent Relationship": "Inner",
                          "Parallel Aware": true,
                          "Startup Cost": 43899.32,
                          "Total Cost": 43899.32,
                          "Plan Rows": 30236,
                          "Plan Width": 4,
                          "Actual Startup Time": 98.269,
                          "Actual Total Time": 98.27,
                          "Actual Rows": 29891,
                          "Actual Loops": 4,
                          "Hash Buckets": 131072,
                          "Original Hash Buckets": 131072,
                          "Hash Batches": 1,
                          "Original Hash Batches": 1,
                          "Peak Memory Usage": 5792,
                          "Plans": [
                            {
                              "Node Type": "Seq Scan",
                              "Parent Relationship": "Outer",
                              "Parallel Aware": true,
                              "Relation Name": "title",
                              "Alias": "t",
                              "Startup Cost": 0.0,
                              "Total Cost": 43899.32,
                              "Plan Rows": 30236,
                              "Plan Width": 4,
                              "Actual Startup Time": 0.024,
                              "Actual Total Time": 86.964,
                              "Actual Rows": 29891,
                              "Actual Loops": 4,
                              "Filter": "(production_year = 2007)",
                              "Rows Removed by Filter": 602187
                            }
                          ]
                        }
                      ]
                    },
                    {
                      "Node Type": "Index Only Scan",
                      "Parent Relationship": "Inner",
                      "Parallel Aware": false,
                      "Scan Direction": "Forward",
                      "Index Name": "movie_id_movie_companies",
                      "Relation Name": "movie_companies",
                      "Alias": "mc",
                      "Startup Cost": 0.43,
                      "Total Cost": 0.56,
                      "Plan Rows": 5,
                      "Plan Width": 4,
                      "Actual Startup Time": 0.002,
                      "Actual Total Time": 0.004,
                      "Actual Rows": 9,
                      "Actual Loops": 106426,
                      "Index Cond": "(movie_id = mk.movie_id)",
                      "Rows Removed by Index Recheck": 0,
                      "Heap Fetches": 931094
                    }
                  ]
                }
              ]
            }
          ]
        }
      ]
    },
    "Planning Time": 0.71,
    "Triggers": [],
    "Execution Time": 426.039
  }
]