[
  {
    "Plan": {
      "Node Type": "Aggregate",
      "Strategy": "Plain",
      "Partial Mode": "Finalize",
      "Parallel Aware": false,
      "Startup Cost": 31122.7,
      "Total Cost": 31122.71,
      "Plan Rows": 1,
      "Plan Width": 8,
      "Actual Startup Time": 91.274,
      "Actual Total Time": 99.434,
      "Actual Rows": 1,
      "Actual Loops": 1,
      "Plans": [
        {
          "Node Type": "Gather",
          "Parent Relationship": "Outer",
          "Parallel Aware": false,
          "Startup Cost": 31122.39,
          "Total Cost": 31122.7,
          "Plan Rows": 3,
          "Plan Width": 8,
          "Actual Startup Time": 91.132,
          "Actual Total Time": 99.424,
          "Actual Rows": 4,
          "Actual Loops": 1,
          "Workers Planned": 3,
          "Workers Launched": 3,
          "Single Copy": false,
          "Plans": [
            {
              "Node Type": "Aggregate",
              "Strategy": "Plain",
              "Partial Mode": "Partial",
              "Parent Relationship": "Outer",
              "Parallel Aware": false,
              "Startup Cost": 30122.39,
              "Total Cost": 30122.4,
              "Plan Rows": 1,
              "Plan Width": 8,
              "Actual Startup Time": 85.921,
              "Actual Total Time": 85.922,
              "Actual Rows": 1,
              "Actual Loops": 4,
              "Plans": [
                {
                  "Node Type": "Seq Scan",
                  "Parent Relationship": "Outer",
                  "Parallel Aware": true,
                  "Relation Name": "movie_companies",
                  "Alias": "mc",
                  "Startup Cost": 0.0,
                  "Total Cost": 29310.68,
                  "Plan Rows": 324682,
                  "Plan Width": 0,
                  "Actual Startup Time": 0.029,
                  "Actual Total Time": 71.992,
                  "Actual Rows": 251213,
                  "Actual Loops": 4,
                  "Filter": "(company_id < 4803)",
                  "Rows Removed by Filter": 401069
                }
              ]
            }
          ]
        }
      ]
    },
    "Planning Time": 0.193,
    "Triggers": [],
    "Execution Time": 99.49
  }
]