[
  {
    "Plan": {
      "Node Type": "Aggregate",
      "Strategy": "Plain",
      "Partial Mode": "Finalize",
      "Parallel Aware": false,
      "Startup Cost": 353684.08,
      "Total Cost": 353684.09,
      "Plan Rows": 1,
      "Plan Width": 8,
      "Actual Startup Time": 866.604,
      "Actual Total Time": 925.075,
      "Actual Rows": 1,
      "Actual Loops": 1,
      "Plans": [
        {
          "Node Type": "Gather",
          "Parent Relationship": "Outer",
          "Parallel Aware": false,
          "Startup Cost": 353683.45,
          "Total Cost": 353684.06,
          "Plan Rows": 6,
          "Plan Width": 8,
          "Actual Startup Time": 866.501,
          "Actual Total Time": 925.065,
          "Actual Rows": 7,
          "Actual Loops": 1,
          "Workers Planned": 6,
          "Workers Launched": 6,
          "Single Copy": false,
          "Plans": [
            {
              "Node Type": "Aggregate",
              "Strategy": "Plain",
              "Partial Mode": "Partial",
              "Parent Relationship": "Outer",
              "Parallel Aware": false,
              "Startup Cost": 352683.45,
              "Total Cost": 352683.46,
              "Plan Rows": 1,
              "Plan Width": 8,
              "Actual Startup Time": 857.369,
              "Actual Total Time": 857.37,
              "Actual Rows": 1,
              "Actual Loops": 7,
              "Plans": [
                {
                  "Node Type": "Seq Scan",
                  "Parent Relationship": "Outer",
                  "Parallel Aware": true,
                  "Relation Name": "cast_info",
                  "Alias": "ci",
                  "Startup Cost": 0.0,
                  "Total Cost": 343257.03,
                  "Plan Rows": 3770569,
                  "Plan Width": 0,
                  "Actual Startup Time": 174.2,
                  "Actual Total Time": 717.13,
                  "Actual Rows": 3223038,
                  "Actual Loops": 7,
                  "Filter": "((person_id > 1322896) AND (role_id < 11))",
                  "Rows Removed by Filter": 1954725
                }
              ]
            }
          ]
        }
      ]
    },
    "Planning Time": 0.153,
    "Triggers": [],
    "Execution Time": 925.134
  }
]