[
    {
        "Bao": {
            "Bao prediction": "NaN",
            "Bao recommended hint": "(no hint)"
        }
    },
    {
        "Plan": {
            "Node Type": "Aggregate",
            "Strategy": "Plain",
            "Partial Mode": "Finalize",
            "Parallel Aware": false,
            "Startup Cost": 33267.07,
            "Total Cost": 33267.08,
            "Plan Rows": 1,
            "Plan Width": 8,
            "Actual Startup Time": 100.449,
            "Actual Total Time": 105.682,
            "Actual Rows": 1,
            "Actual Loops": 1,
            "Output": [
                "count(*)"
            ],
            "Plans": [
                {
                    "Node Type": "Gather",
                    "Parent Relationship": "Outer",
                    "Parallel Aware": false,
                    "Startup Cost": 33266.76,
                    "Total Cost": 33267.07,
                    "Plan Rows": 3,
                    "Plan Width": 8,
                    "Actual Startup Time": 100.346,
                    "Actual Total Time": 105.677,
                    "Actual Rows": 4,
                    "Actual Loops": 1,
                    "Output": [
                        "(PARTIAL count(*))"
                    ],
                    "Workers Planned": 3,
                    "Workers Launched": 3,
                    "Single Copy": false,
                    "Plans": [
                        {
                            "Node Type": "Aggregate",
                            "Strategy": "Plain",
                            "Partial Mode": "Partial",
                            "Parent Relationship": "Outer",
                            "Parallel Aware": false,
                            "Startup Cost": 32266.76,
                            "Total Cost": 32266.77,
                            "Plan Rows": 1,
                            "Plan Width": 8,
                            "Actual Startup Time": 92.34,
                            "Actual Total Time": 92.341,
                            "Actual Rows": 1,
                            "Actual Loops": 4,
                            "Output": [
                                "PARTIAL count(*)"
                            ],
                            "Workers": [
                                {
                                    "Worker Number": 0,
                                    "Actual Startup Time": 89.429,
                                    "Actual Total Time": 89.43,
                                    "Actual Rows": 1,
                                    "Actual Loops": 1
                                },
                                {
                                    "Worker Number": 1,
                                    "Actual Startup Time": 89.773,
                                    "Actual Total Time": 89.774,
                                    "Actual Rows": 1,
                                    "Actual Loops": 1
                                },
                                {
                                    "Worker Number": 2,
                                    "Actual Startup Time": 90.087,
                                    "Actual Total Time": 90.088,
                                    "Actual Rows": 1,
                                    "Actual Loops": 1
                                }
                            ],
                            "Plans": [
                                {
                                    "Node Type": "Seq Scan",
                                    "Parent Relationship": "Outer",
                                    "Parallel Aware": true,
                                    "Relation Name": "movie_companies",
                                    "Schema": "public",
                                    "Alias": "mc",
                                    "Startup Cost": 0.0,
                                    "Total Cost": 31414.82,
                                    "Plan Rows": 340775,
                                    "Plan Width": 0,
                                    "Actual Startup Time": 44.02,
                                    "Actual Total Time": 82.566,
                                    "Actual Rows": 199492,
                                    "Actual Loops": 4,
                                    "Output": [
                                        "id",
                                        "movie_id",
                                        "company_id",
                                        "company_type_id",
                                        "note"
                                    ],
                                    "Filter": "((mc.company_id < 72343) AND (mc.company_type_id > 1))",
                                    "Rows Removed by Filter": 452790,
                                    "Workers": [
                                        {
                                            "Worker Number": 0,
                                            "Actual Startup Time": 41.104,
                                            "Actual Total Time": 79.812,
                                            "Actual Rows": 145856,
                                            "Actual Loops": 1
                                        },
                                        {
                                            "Worker Number": 1,
                                            "Actual Startup Time": 41.458,
                                            "Actual Total Time": 80.229,
                                            "Actual Rows": 143592,
                                            "Actual Loops": 1
                                        },
                                        {
                                            "Worker Number": 2,
                                            "Actual Startup Time": 41.771,
                                            "Actual Total Time": 80.387,
                                            "Actual Rows": 236053,
                                            "Actual Loops": 1
                                        }
                                    ]
                                }
                            ]
                        }
                    ]
                }
            ]
        },
        "Planning Time": 194.302,
        "Triggers": [],
        "Execution Time": 105.723
    }
]