[
    {
        "Bao": {
            "Bao prediction": "NaN",
            "Bao recommended hint": "(no hint)"
        }
    },
    {
        "Plan": {
            "Node Type": "Aggregate",
            "Strategy": "Plain",
            "Partial Mode": "Finalize",
            "Parallel Aware": false,
            "Startup Cost": 434229.26,
            "Total Cost": 434229.27,
            "Plan Rows": 1,
            "Plan Width": 8,
            "Actual Startup Time": 2190.506,
            "Actual Total Time": 2246.152,
            "Actual Rows": 1,
            "Actual Loops": 1,
            "Output": [
                "count(*)"
            ],
            "Plans": [
                {
                    "Node Type": "Gather",
                    "Parent Relationship": "Outer",
                    "Parallel Aware": false,
                    "Startup Cost": 434228.63,
                    "Total Cost": 434229.24,
                    "Plan Rows": 6,
                    "Plan Width": 8,
                    "Actual Startup Time": 2167.874,
                    "Actual Total Time": 2246.138,
                    "Actual Rows": 7,
                    "Actual Loops": 1,
                    "Output": [
                        "(PARTIAL count(*))"
                    ],
                    "Workers Planned": 6,
                    "Workers Launched": 6,
                    "Single Copy": false,
                    "Plans": [
                        {
                            "Node Type": "Aggregate",
                            "Strategy": "Plain",
                            "Partial Mode": "Partial",
                            "Parent Relationship": "Outer",
                            "Parallel Aware": false,
                            "Startup Cost": 433228.63,
                            "Total Cost": 433228.64,
                            "Plan Rows": 1,
                            "Plan Width": 8,
                            "Actual Startup Time": 2158.022,
                            "Actual Total Time": 2158.46,
                            "Actual Rows": 1,
                            "Actual Loops": 7,
                            "Output": [
                                "PARTIAL count(*)"
                            ],
                            "Workers": [
                                {
                                    "Worker Number": 0,
                                    "Actual Startup Time": 2155.219,
                                    "Actual Total Time": 2155.224,
                                    "Actual Rows": 1,
                                    "Actual Loops": 1
                                },
                                {
                                    "Worker Number": 1,
                                    "Actual Startup Time": 2155.851,
                                    "Actual Total Time": 2155.855,
                                    "Actual Rows": 1,
                                    "Actual Loops": 1
                                },
                                {
                                    "Worker Number": 2,
                                    "Actual Startup Time": 2156.249,
                                    "Actual Total Time": 2156.254,
                                    "Actual Rows": 1,
                                    "Actual Loops": 1
                                },
                                {
                                    "Worker Number": 3,
                                    "Actual Startup Time": 2156.097,
                                    "Actual Total Time": 2156.103,
                                    "Actual Rows": 1,
                                    "Actual Loops": 1
                                },
                                {
                                    "Worker Number": 4,
                                    "Actual Startup Time": 2156.745,
                                    "Actual Total Time": 2156.75,
                                    "Actual Rows": 1,
                                    "Actual Loops": 1
                                },
                                {
                                    "Worker Number": 5,
                                    "Actual Startup Time": 2158.622,
                                    "Actual Total Time": 2158.627,
                                    "Actual Rows": 1,
                                    "Actual Loops": 1
                                }
                            ],
                            "Plans": [
                                {
                                    "Node Type": "Hash Join",
                                    "Parent Relationship": "Outer",
                                    "Parallel Aware": true,
                                    "Join Type": "Inner",
                                    "Startup Cost": 83708.91,
                                    "Total Cost": 429916.01,
                                    "Plan Rows": 1325049,
                                    "Plan Width": 0,
                                    "Actual Startup Time": 612.253,
                                    "Actual Total Time": 2044.655,
                                    "Actual Rows": 2452350,
                                    "Actual Loops": 7,
                                    "Inner Unique": false,
                                    "Hash Cond": "(ci.movie_id = t.id)",
                                    "Workers": [
                                        {
                                            "Worker Number": 0,
                                            "Actual Startup Time": 609.641,
                                            "Actual Total Time": 2048.349,
                                            "Actual Rows": 2548653,
                                            "Actual Loops": 1
                                        },
                                        {
                                            "Worker Number": 1,
                                            "Actual Startup Time": 610.286,
                                            "Actual Total Time": 2045.999,
                                            "Actual Rows": 2669967,
                                            "Actual Loops": 1
                                        },
                                        {
                                            "Worker Number": 2,
                                            "Actual Startup Time": 610.674,
                                            "Actual Total Time": 2045.383,
                                            "Actual Rows": 2691694,
                                            "Actual Loops": 1
                                        },
                                        {
                                            "Worker Number": 3,
                                            "Actual Startup Time": 610.613,
                                            "Actual Total Time": 2033.203,
                                            "Actual Rows": 1832038,
                                            "Actual Loops": 1
                                        },
                                        {
                                            "Worker Number": 4,
                                            "Actual Startup Time": 611.302,
                                            "Actual Total Time": 2046.631,
                                            "Actual Rows": 2677101,
                                            "Actual Loops": 1
                                        },
                                        {
                                            "Worker Number": 5,
                                            "Actual Startup Time": 611.386,
                                            "Actual Total Time": 2033.37,
                                            "Actual Rows": 1876399,
                                            "Actual Loops": 1
                                        }
                                    ],
                                    "Plans": [
                                        {
                                            "Node Type": "Seq Scan",
                                            "Parent Relationship": "Outer",
                                            "Parallel Aware": true,
                                            "Relation Name": "cast_info",
                                            "Schema": "public",
                                            "Alias": "ci",
                                            "Startup Cost": 0.0,
                                            "Total Cost": 328213.62,
                                            "Plan Rows": 3914897,
                                            "Plan Width": 4,
                                            "Actual Startup Time": 190.41,
                                            "Actual Total Time": 652.81,
                                            "Actual Rows": 3367665,
                                            "Actual Loops": 7,
                                            "Output": [
                                                "ci.id",
                                                "ci.person_id",
                                                "ci.movie_id",
                                                "ci.person_role_id",
                                                "ci.note",
                                                "ci.nr_order",
                                                "ci.role_id"
                                            ],
                                            "Filter": "(ci.role_id > 1)",
                                            "Rows Removed by Filter": 1810098,
                                            "Workers": [
                                                {
                                                    "Worker Number": 0,
                                                    "Actual Startup Time": 190.055,
                                                    "Actual Total Time": 634.945,
                                                    "Actual Rows": 3507728,
                                                    "Actual Loops": 1
                                                },
                                                {
                                                    "Worker Number": 1,
                                                    "Actual Startup Time": 190.899,
                                                    "Actual Total Time": 650.88,
                                                    "Actual Rows": 3672464,
                                                    "Actual Loops": 1
                                                },
                                                {
                                                    "Worker Number": 2,
                                                    "Actual Startup Time": 191.44,
                                                    "Actual Total Time": 652.028,
                                                    "Actual Rows": 3688001,
                                                    "Actual Loops": 1
                                                },
                                                {
                                                    "Worker Number": 3,
                                                    "Actual Startup Time": 189.556,
                                                    "Actual Total Time": 678.247,
                                                    "Actual Rows": 2497878,
                                                    "Actual Loops": 1
                                                },
                                                {
                                                    "Worker Number": 4,
                                                    "Actual Startup Time": 191.151,
                                                    "Actual Total Time": 650.821,
                                                    "Actual Rows": 3683905,
                                                    "Actual Loops": 1
                                                },
                                                {
                                                    "Worker Number": 5,
                                                    "Actual Startup Time": 191.422,
                                                    "Actual Total Time": 693.749,
                                                    "Actual Rows": 2572775,
                                                    "Actual Loops": 1
                                                }
                                            ]
                                        },
                                        {
                                            "Node Type": "Hash",
                                            "Parent Relationship": "Inner",
                                            "Parallel Aware": true,
                                            "Startup Cost": 81034.71,
                                            "Total Cost": 81034.71,
                                            "Plan Rows": 213936,
                                            "Plan Width": 8,
                                            "Actual Startup Time": 417.82,
                                            "Actual Total Time": 418.256,
                                            "Actual Rows": 151812,
                                            "Actual Loops": 7,
                                            "Output": [
                                                "t.id",
                                                "mc.movie_id"
                                            ],
                                            "Hash Buckets": 2097152,
                                            "Original Hash Buckets": 1048576,
                                            "Hash Batches": 1,
                                            "Original Hash Batches": 1,
                                            "Peak Memory Usage": 66240,
                                            "Workers": [
                                                {
                                                    "Worker Number": 0,
                                                    "Actual Startup Time": 416.763,
                                                    "Actual Total Time": 416.767,
                                                    "Actual Rows": 150775,
                                                    "Actual Loops": 1
                                                },
                                                {
                                                    "Worker Number": 1,
                                                    "Actual Startup Time": 417.491,
                                                    "Actual Total Time": 417.493,
                                                    "Actual Rows": 163194,
                                                    "Actual Loops": 1
                                                },
                                                {
                                                    "Worker Number": 2,
                                                    "Actual Startup Time": 417.885,
                                                    "Actual Total Time": 417.889,
                                                    "Actual Rows": 164912,
                                                    "Actual Loops": 1
                                                },
                                                {
                                                    "Worker Number": 3,
                                                    "Actual Startup Time": 417.794,
                                                    "Actual Total Time": 417.798,
                                                    "Actual Rows": 114026,
                                                    "Actual Loops": 1
                                                },
                                                {
                                                    "Worker Number": 4,
                                                    "Actual Startup Time": 418.569,
                                                    "Actual Total Time": 418.572,
                                                    "Actual Rows": 165908,
                                                    "Actual Loops": 1
                                                },
                                                {
                                                    "Worker Number": 5,
                                                    "Actual Startup Time": 418.609,
                                                    "Actual Total Time": 418.612,
                                                    "Actual Rows": 121603,
                                                    "Actual Loops": 1
                                                }
                                            ],
                                            "Plans": [
                                                {
                                                    "Node Type": "Hash Join",
                                                    "Parent Relationship": "Outer",
                                                    "Parallel Aware": true,
                                                    "Join Type": "Inner",
                                                    "Startup Cost": 34865.39,
                                                    "Total Cost": 81034.71,
                                                    "Plan Rows": 213936,
                                                    "Plan Width": 8,
                                                    "Actual Startup Time": 156.931,
                                                    "Actual Total Time": 328.898,
                                                    "Actual Rows": 151812,
                                                    "Actual Loops": 7,
                                                    "Output": [
                                                        "t.id",
                                                        "mc.movie_id"
                                                    ],
                                                    "Inner Unique": false,
                                                    "Hash Cond": "(t.id = mc.movie_id)",
                                                    "Workers": [
                                                        {
                                                            "Worker Number": 0,
                                                            "Actual Startup Time": 156.406,
                                                            "Actual Total Time": 326.882,
                                                            "Actual Rows": 150775,
                                                            "Actual Loops": 1
                                                        },
                                                        {
                                                            "Worker Number": 1,
                                                            "Actual Startup Time": 156.991,
                                                            "Actual Total Time": 328.856,
                                                            "Actual Rows": 163194,
                                                            "Actual Loops": 1
                                                        },
                                                        {
                                                            "Worker Number": 2,
                                                            "Actual Startup Time": 156.939,
                                                            "Actual Total Time": 328.879,
                                                            "Actual Rows": 164912,
                                                            "Actual Loops": 1
                                                        },
                                                        {
                                                            "Worker Number": 3,
                                                            "Actual Startup Time": 157.16,
                                                            "Actual Total Time": 328.802,
                                                            "Actual Rows": 114026,
                                                            "Actual Loops": 1
                                                        },
                                                        {
                                                            "Worker Number": 4,
                                                            "Actual Startup Time": 156.914,
                                                            "Actual Total Time": 328.546,
                                                            "Actual Rows": 165908,
                                                            "Actual Loops": 1
                                                        },
                                                        {
                                                            "Worker Number": 5,
                                                            "Actual Startup Time": 156.946,
                                                            "Actual Total Time": 329.914,
                                                            "Actual Rows": 121603,
                                                            "Actual Loops": 1
                                                        }
                                                    ],
                                                    "Plans": [
                                                        {
                                                            "Node Type": "Seq Scan",
                                                            "Parent Relationship": "Outer",
                                                            "Parallel Aware": true,
                                                            "Relation Name": "title",
                                                            "Schema": "public",
                                                            "Alias": "t",
                                                            "Startup Cost": 0.0,
                                                            "Total Cost": 42318.81,
                                                            "Plan Rows": 632080,
                                                            "Plan Width": 4,
                                                            "Actual Startup Time": 0.02,
                                                            "Actual Total Time": 51.532,
                                                            "Actual Rows": 361187,
                                                            "Actual Loops": 7,
                                                            "Output": [
                                                                "t.id",
                                                                "t.title",
                                                                "t.imdb_index",
                                                                "t.kind_id",
                                                                "t.production_year",
                                                                "t.imdb_id",
                                                                "t.phonetic_code",
                                                                "t.episode_of_id",
                                                                "t.season_nr",
                                                                "t.episode_nr",
                                                                "t.series_years",
                                                                "t.md5sum"
                                                            ],
                                                            "Workers": [
                                                                {
                                                                    "Worker Number": 0,
                                                                    "Actual Startup Time": 0.018,
                                                                    "Actual Total Time": 50.7,
                                                                    "Actual Rows": 359388,
                                                                    "Actual Loops": 1
                                                                },
                                                                {
                                                                    "Worker Number": 1,
                                                                    "Actual Startup Time": 0.018,
                                                                    "Actual Total Time": 52.17,
                                                                    "Actual Rows": 387024,
                                                                    "Actual Loops": 1
                                                                },
                                                                {
                                                                    "Worker Number": 2,
                                                                    "Actual Startup Time": 0.021,
                                                                    "Actual Total Time": 52.171,
                                                                    "Actual Rows": 390880,
                                                                    "Actual Loops": 1
                                                                },
                                                                {
                                                                    "Worker Number": 3,
                                                                    "Actual Startup Time": 0.033,
                                                                    "Actual Total Time": 56.868,
                                                                    "Actual Rows": 272953,
                                                                    "Actual Loops": 1
                                                                },
                                                                {
                                                                    "Worker Number": 4,
                                                                    "Actual Startup Time": 0.023,
                                                                    "Actual Total Time": 52.059,
                                                                    "Actual Rows": 391382,
                                                                    "Actual Loops": 1
                                                                },
                                                                {
                                                                    "Worker Number": 5,
                                                                    "Actual Startup Time": 0.023,
                                                                    "Actual Total Time": 57.755,
                                                                    "Actual Rows": 285709,
                                                                    "Actual Loops": 1
                                                                }
                                                            ]
                                                        },
                                                        {
                                                            "Node Type": "Hash",
                                                            "Parent Relationship": "Inner",
                                                            "Parallel Aware": true,
                                                            "Startup Cost": 31414.82,
                                                            "Total Cost": 31414.82,
                                                            "Plan Rows": 276046,
                                                            "Plan Width": 4,
                                                            "Actual Startup Time": 155.678,
                                                            "Actual Total Time": 155.679,
                                                            "Actual Rows": 151812,
                                                            "Actual Loops": 7,
                                                            "Output": [
                                                                "mc.movie_id"
                                                            ],
                                                            "Hash Buckets": 2097152,
                                                            "Original Hash Buckets": 1048576,
                                                            "Hash Batches": 1,
                                                            "Original Hash Batches": 1,
                                                            "Peak Memory Usage": 66304,
                                                            "Workers": [
                                                                {
                                                                    "Worker Number": 0,
                                                                    "Actual Startup Time": 156.141,
                                                                    "Actual Total Time": 156.143,
                                                                    "Actual Rows": 144014,
                                                                    "Actual Loops": 1
                                                                },
                                                                {
                                                                    "Worker Number": 1,
                                                                    "Actual Startup Time": 156.793,
                                                                    "Actual Total Time": 156.794,
                                                                    "Actual Rows": 170936,
                                                                    "Actual Loops": 1
                                                                },
                                                                {
                                                                    "Worker Number": 2,
                                                                    "Actual Startup Time": 156.704,
                                                                    "Actual Total Time": 156.706,
                                                                    "Actual Rows": 168380,
                                                                    "Actual Loops": 1
                                                                },
                                                                {
                                                                    "Worker Number": 3,
                                                                    "Actual Startup Time": 156.875,
                                                                    "Actual Total Time": 156.876,
                                                                    "Actual Rows": 103941,
                                                                    "Actual Loops": 1
                                                                },
                                                                {
                                                                    "Worker Number": 4,
                                                                    "Actual Startup Time": 156.667,
                                                                    "Actual Total Time": 156.669,
                                                                    "Actual Rows": 169352,
                                                                    "Actual Loops": 1
                                                                },
                                                                {
                                                                    "Worker Number": 5,
                                                                    "Actual Startup Time": 156.808,
                                                                    "Actual Total Time": 156.81,
                                                                    "Actual Rows": 117093,
                                                                    "Actual Loops": 1
                                                                }
                                                            ],
                                                            "Plans": [
                                                                {
                                                                    "Node Type": "Seq Scan",
                                                                    "Parent Relationship": "Outer",
                                                                    "Parallel Aware": true,
                                                                    "Relation Name": "movie_companies",
                                                                    "Schema": "public",
                                                                    "Alias": "mc",
                                                                    "Startup Cost": 0.0,
                                                                    "Total Cost": 31414.82,
                                                                    "Plan Rows": 276046,
                                                                    "Plan Width": 4,
                                                                    "Actual Startup Time": 37.415,
                                                                    "Actual Total Time": 65.244,
                                                                    "Actual Rows": 151812,
                                                                    "Actual Loops": 7,
                                                                    "Output": [
                                                                        "mc.movie_id"
                                                                    ],
                                                                    "Filter": "((mc.company_id > 3283) AND (mc.company_type_id > 1))",
                                                                    "Rows Removed by Filter": 220920,
                                                                    "Workers": [
                                                                        {
                                                                            "Worker Number": 0,
                                                                            "Actual Startup Time": 37.342,
                                                                            "Actual Total Time": 63.165,
                                                                            "Actual Rows": 144014,
                                                                            "Actual Loops": 1
                                                                        },
                                                                        {
                                                                            "Worker Number": 1,
                                                                            "Actual Startup Time": 37.413,
                                                                            "Actual Total Time": 65.952,
                                                                            "Actual Rows": 170936,
                                                                            "Actual Loops": 1
                                                                        },
                                                                        {
                                                                            "Worker Number": 2,
                                                                            "Actual Startup Time": 37.441,
                                                                            "Actual Total Time": 65.638,
                                                                            "Actual Rows": 168380,
                                                                            "Actual Loops": 1
                                                                        },
                                                                        {
                                                                            "Worker Number": 3,
                                                                            "Actual Startup Time": 37.383,
                                                                            "Actual Total Time": 65.576,
                                                                            "Actual Rows": 103941,
                                                                            "Actual Loops": 1
                                                                        },
                                                                        {
                                                                            "Worker Number": 4,
                                                                            "Actual Startup Time": 37.42,
                                                                            "Actual Total Time": 65.788,
                                                                            "Actual Rows": 169352,
                                                                            "Actual Loops": 1
                                                                        },
                                                                        {
                                                                            "Worker Number": 5,
                                                                            "Actual Startup Time": 37.431,
                                                                            "Actual Total Time": 67.569,
                                                                            "Actual Rows": 117093,
                                                                            "Actual Loops": 1
                                                                        }
                                                                    ]
                                                                }
                                                            ]
                                                        }
                                                    ]
                                                }
                                            ]
                                        }
                                    ]
                                }
                            ]
                        }
                    ]
                }
            ]
        },
        "Planning Time": 223.244,
        "Triggers": [],
        "Execution Time": 2246.259
    }
]