[
  {
    "Plan": {
      "Node Type": "Aggregate",
      "Strategy": "Plain",
      "Partial Mode": "Finalize",
      "Parallel Aware": false,
      "Startup Cost": 33202.13,
      "Total Cost": 33202.14,
      "Plan Rows": 1,
      "Plan Width": 8,
      "Actual Startup Time": 84.626,
      "Actual Total Time": 91.977,
      "Actual Rows": 1,
      "Actual Loops": 1,
      "Plans": [
        {
          "Node Type": "Gather",
          "Parent Relationship": "Outer",
          "Parallel Aware": false,
          "Startup Cost": 33201.81,
          "Total Cost": 33202.12,
          "Plan Rows": 3,
          "Plan Width": 8,
          "Actual Startup Time": 84.472,
          "Actual Total Time": 91.967,
          "Actual Rows": 4,
          "Actual Loops": 1,
          "Workers Planned": 3,
          "Workers Launched": 3,
          "Single Copy": false,
          "Plans": [
            {
              "Node Type": "Aggregate",
              "Strategy": "Plain",
              "Partial Mode": "Partial",
              "Parent Relationship": "Outer",
              "Parallel Aware": false,
              "Startup Cost": 32201.81,
              "Total Cost": 32201.82,
              "Plan Rows": 1,
              "Plan Width": 8,
              "Actual Startup Time": 80.523,
              "Actual Total Time": 80.524,
              "Actual Rows": 1,
              "Actual Loops": 4,
              "Plans": [
                {
                  "Node Type": "Seq Scan",
                  "Parent Relationship": "Outer",
                  "Parallel Aware": true,
                  "Relation Name": "movie_companies",
                  "Alias": "mc",
                  "Startup Cost": 0.0,
                  "Total Cost": 31414.82,
                  "Plan Rows": 314798,
                  "Plan Width": 0,
                  "Actual Startup Time": 0.209,
                  "Actual Total Time": 70.805,
                  "Actual Rows": 208956,
                  "Actual Loops": 4,
                  "Filter": "((company_id > 708) AND (company_type_id = 1))",
                  "Rows Removed by Filter": 443326
                }
              ]
            }
          ]
        }
      ]
    },
    "Planning Time": 0.125,
    "Triggers": [],
    "Execution Time": 92.012
  }
]