{
  "Plan": {
    "Node Type": "Aggregate",
    "Strategy": "Plain",
    "Partial Mode": "Finalize",
    "Parallel Aware": false,
    "Startup Cost": 145038.6,
    "Total Cost": 145038.61,
    "Plan Rows": 1,
    "Plan Width": 8,
    "Actual Startup Time": 997.388,
    "Actual Total Time": 1018.977,
    "Actual Rows": 1,
    "Actual Loops": 1,
    "Plans": [
      {
        "Node Type": "Gather",
        "Parent Relationship": "Outer",
        "Parallel Aware": false,
        "Startup Cost": 145038.48,
        "Total Cost": 145038.59,
        "Plan Rows": 1,
        "Plan Width": 8,
        "Actual Startup Time": 996.503,
        "Actual Total Time": 1018.966,
        "Actual Rows": 2,
        "Actual Loops": 1,
        "Workers Planned": 1,
        "Workers Launched": 1,
        "Single Copy": false,
        "Plans": [
          {
            "Node Type": "Aggregate",
            "Strategy": "Plain",
            "Partial Mode": "Partial",
            "Parent Relationship": "Outer",
            "Parallel Aware": false,
            "Startup Cost": 144038.48,
            "Total Cost": 144038.49,
            "Plan Rows": 1,
            "Plan Width": 8,
            "Actual Startup Time": 989.687,
            "Actual Total Time": 989.69,
            "Actual Rows": 1,
            "Actual Loops": 2,
            "Plans": [
              {
                "Node Type": "Merge Join",
                "Parent Relationship": "Outer",
                "Parallel Aware": false,
                "Join Type": "Inner",
                "Startup Cost": 38989.62,
                "Total Cost": 143857.89,
                "Plan Rows": 72238,
                "Plan Width": 0,
                "Actual Startup Time": 686.989,
                "Actual Total Time": 986.905,
                "Actual Rows": 59888,
                "Actual Loops": 2,
                "Inner Unique": false,
                "Merge Cond": "(t.id = mk.movie_id)",
                "Plans": [
                  {
                    "Node Type": "Index Only Scan",
                    "Parent Relationship": "Outer",
                    "Parallel Aware": true,
                    "Scan Direction": "Forward",
                    "Index Name": "title_pkey",
                    "Relation Name": "title",
                    "Alias": "t",
                    "Startup Cost": 0.43,
                    "Total Cost": 99929.35,
                    "Plan Rows": 1487231,
                    "Plan Width": 4,
                    "Actual Startup Time": 0.114,
                    "Actual Total Time": 792.204,
                    "Actual Rows": 1262858,
                    "Actual Loops": 2,
                    "Heap Fetches": 2525715
                  },
                  {
                    "Node Type": "Sort",
                    "Parent Relationship": "Inner",
                    "Parallel Aware": false,
                    "Startup Cost": 38977.83,
                    "Total Cost": 39284.84,
                    "Plan Rows": 122804,
                    "Plan Width": 4,
                    "Actual Startup Time": 112.13,
                    "Actual Total Time": 118.433,
                    "Actual Rows": 119775,
                    "Actual Loops": 2,
                    "Sort Key": [
                      "mk.movie_id"
                    ],
                    "Sort Method": "quicksort",
                    "Sort Space Used": 8687,
                    "Sort Space Type": "Memory",
                    "Workers": [
                      {
                        "Worker Number": 0,
                        "Sort Method": "quicksort",
                        "Sort Space Used": 8687,
                        "Sort Space Type": "Memory"
                      }
                    ],
                    "Plans": [
                      {
                        "Node Type": "Bitmap Heap Scan",
                        "Parent Relationship": "Outer",
                        "Parallel Aware": false,
                        "Relation Name": "movie_keyword",
                        "Alias": "mk",
                        "Startup Cost": 2608.16,
                        "Total Cost": 28597.21,
                        "Plan Rows": 122804,
                        "Plan Width": 4,
                        "Actual Startup Time": 26.552,
                        "Actual Total Time": 89.608,
                        "Actual Rows": 119775,
                        "Actual Loops": 2,
                        "Recheck Cond": "(keyword_id > 78080)",
                        "Rows Removed by Index Recheck": 0,
                        "Exact Heap Blocks": 18274,
                        "Lossy Heap Blocks": 0,
                        "Plans": [
                          {
                            "Node Type": "Bitmap Index Scan",
                            "Parent Relationship": "Outer",
                            "Parallel Aware": false,
                            "Index Name": "keyword_id_movie_keyword",
                            "Startup Cost": 0.0,
                            "Total Cost": 2577.46,
                            "Plan Rows": 122804,
                            "Plan Width": 0,
                            "Actual Startup Time": 22.202,
                            "Actual Total Time": 22.202,
                            "Actual Rows": 119775,
                            "Actual Loops": 2,
                            "Index Cond": "(keyword_id > 78080)"
                          }
                        ]
                      }
                    ]
                  }
                ]
              }
            ]
          }
        ]
      }
    ]
  },
  "Planning Time": 0.758,
  "Triggers": [],
  "Execution Time": 1019.16
}