[
    {
        "Bao": {
            "Bao prediction": "NaN",
            "Bao recommended hint": "(no hint)"
        }
    },
    {
        "Plan": {
            "Node Type": "Aggregate",
            "Strategy": "Plain",
            "Partial Mode": "Finalize",
            "Parallel Aware": false,
            "Startup Cost": 33420.76,
            "Total Cost": 33420.77,
            "Plan Rows": 1,
            "Plan Width": 8,
            "Actual Startup Time": 114.541,
            "Actual Total Time": 119.598,
            "Actual Rows": 1,
            "Actual Loops": 1,
            "Output": [
                "count(*)"
            ],
            "Plans": [
                {
                    "Node Type": "Gather",
                    "Parent Relationship": "Outer",
                    "Parallel Aware": false,
                    "Startup Cost": 33420.44,
                    "Total Cost": 33420.75,
                    "Plan Rows": 3,
                    "Plan Width": 8,
                    "Actual Startup Time": 114.424,
                    "Actual Total Time": 119.59,
                    "Actual Rows": 4,
                    "Actual Loops": 1,
                    "Output": [
                        "(PARTIAL count(*))"
                    ],
                    "Workers Planned": 3,
                    "Workers Launched": 3,
                    "Single Copy": false,
                    "Plans": [
                        {
                            "Node Type": "Aggregate",
                            "Strategy": "Plain",
                            "Partial Mode": "Partial",
                            "Parent Relationship": "Outer",
                            "Parallel Aware": false,
                            "Startup Cost": 32420.44,
                            "Total Cost": 32420.45,
                            "Plan Rows": 1,
                            "Plan Width": 8,
                            "Actual Startup Time": 106.451,
                            "Actual Total Time": 106.452,
                            "Actual Rows": 1,
                            "Actual Loops": 4,
                            "Output": [
                                "PARTIAL count(*)"
                            ],
                            "Workers": [
                                {
                                    "Worker Number": 0,
                                    "Actual Startup Time": 103.498,
                                    "Actual Total Time": 103.499,
                                    "Actual Rows": 1,
                                    "Actual Loops": 1
                                },
                                {
                                    "Worker Number": 1,
                                    "Actual Startup Time": 103.917,
                                    "Actual Total Time": 103.918,
                                    "Actual Rows": 1,
                                    "Actual Loops": 1
                                },
                                {
                                    "Worker Number": 2,
                                    "Actual Startup Time": 104.276,
                                    "Actual Total Time": 104.277,
                                    "Actual Rows": 1,
                                    "Actual Loops": 1
                                }
                            ],
                            "Plans": [
                                {
                                    "Node Type": "Seq Scan",
                                    "Parent Relationship": "Outer",
                                    "Parallel Aware": true,
                                    "Relation Name": "movie_companies",
                                    "Schema": "public",
                                    "Alias": "mc",
                                    "Startup Cost": 0.0,
                                    "Total Cost": 31414.82,
                                    "Plan Rows": 402250,
                                    "Plan Width": 0,
                                    "Actual Startup Time": 47.743,
                                    "Actual Total Time": 90.176,
                                    "Actual Rows": 324201,
                                    "Actual Loops": 4,
                                    "Output": [
                                        "id",
                                        "movie_id",
                                        "company_id",
                                        "company_type_id",
                                        "note"
                                    ],
                                    "Filter": "((mc.company_id > 31) AND (mc.company_type_id = 2))",
                                    "Rows Removed by Filter": 328081,
                                    "Workers": [
                                        {
                                            "Worker Number": 0,
                                            "Actual Startup Time": 44.779,
                                            "Actual Total Time": 87.811,
                                            "Actual Rows": 239205,
                                            "Actual Loops": 1
                                        },
                                        {
                                            "Worker Number": 1,
                                            "Actual Startup Time": 45.219,
                                            "Actual Total Time": 88.012,
                                            "Actual Rows": 389301,
                                            "Actual Loops": 1
                                        },
                                        {
                                            "Worker Number": 2,
                                            "Actual Startup Time": 45.564,
                                            "Actual Total Time": 88.25,
                                            "Actual Rows": 391662,
                                            "Actual Loops": 1
                                        }
                                    ]
                                }
                            ]
                        }
                    ]
                }
            ]
        },
        "Planning Time": 303.149,
        "Triggers": [],
        "Execution Time": 119.645
    }
]