[
  {
    "Plan": {
      "Node Type": "Aggregate",
      "Strategy": "Plain",
      "Partial Mode": "Finalize",
      "Parallel Aware": false,
      "Startup Cost": 350177.8,
      "Total Cost": 350177.82,
      "Plan Rows": 1,
      "Plan Width": 8,
      "Actual Startup Time": 819.138,
      "Actual Total Time": 863.687,
      "Actual Rows": 1,
      "Actual Loops": 1,
      "Plans": [
        {
          "Node Type": "Gather",
          "Parent Relationship": "Outer",
          "Parallel Aware": false,
          "Startup Cost": 350177.18,
          "Total Cost": 350177.79,
          "Plan Rows": 6,
          "Plan Width": 8,
          "Actual Startup Time": 818.937,
          "Actual Total Time": 863.673,
          "Actual Rows": 7,
          "Actual Loops": 1,
          "Workers Planned": 6,
          "Workers Launched": 6,
          "Single Copy": false,
          "Plans": [
            {
              "Node Type": "Aggregate",
              "Strategy": "Plain",
              "Partial Mode": "Partial",
              "Parent Relationship": "Outer",
              "Parallel Aware": false,
              "Startup Cost": 349177.18,
              "Total Cost": 349177.19,
              "Plan Rows": 1,
              "Plan Width": 8,
              "Actual Startup Time": 810.762,
              "Actual Total Time": 810.763,
              "Actual Rows": 1,
              "Actual Loops": 7,
              "Plans": [
                {
                  "Node Type": "Seq Scan",
                  "Parent Relationship": "Outer",
                  "Parallel Aware": true,
                  "Relation Name": "cast_info",
                  "Alias": "ci",
                  "Startup Cost": 0.0,
                  "Total Cost": 343316.27,
                  "Plan Rows": 2344364,
                  "Plan Width": 0,
                  "Actual Startup Time": 384.135,
                  "Actual Total Time": 722.379,
                  "Actual Rows": 1673937,
                  "Actual Loops": 7,
                  "Filter": "((person_id < 3256568) AND (role_id > 2))",
                  "Rows Removed by Filter": 3503826
                }
              ]
            }
          ]
        }
      ]
    },
    "Planning Time": 0.187,
    "Triggers": [],
    "Execution Time": 863.75
  }
]