[
  {
    "Plan": {
      "Node Type": "Aggregate",
      "Strategy": "Plain",
      "Partial Mode": "Finalize",
      "Parallel Aware": false,
      "Startup Cost": 350218.97,
      "Total Cost": 350218.98,
      "Plan Rows": 1,
      "Plan Width": 8,
      "Actual Startup Time": 1070.587,
      "Actual Total Time": 1184.169,
      "Actual Rows": 1,
      "Actual Loops": 1,
      "Plans": [
        {
          "Node Type": "Gather",
          "Parent Relationship": "Outer",
          "Parallel Aware": false,
          "Startup Cost": 350218.35,
          "Total Cost": 350218.96,
          "Plan Rows": 6,
          "Plan Width": 8,
          "Actual Startup Time": 1070.388,
          "Actual Total Time": 1184.151,
          "Actual Rows": 7,
          "Actual Loops": 1,
          "Workers Planned": 6,
          "Workers Launched": 6,
          "Single Copy": false,
          "Plans": [
            {
              "Node Type": "Aggregate",
              "Strategy": "Plain",
              "Partial Mode": "Partial",
              "Parent Relationship": "Outer",
              "Parallel Aware": false,
              "Startup Cost": 349218.35,
              "Total Cost": 349218.36,
              "Plan Rows": 1,
              "Plan Width": 8,
              "Actual Startup Time": 1059.838,
              "Actual Total Time": 1059.84,
              "Actual Rows": 1,
              "Actual Loops": 7,
              "Plans": [
                {
                  "Node Type": "Seq Scan",
                  "Parent Relationship": "Outer",
                  "Parallel Aware": true,
                  "Relation Name": "cast_info",
                  "Alias": "ci",
                  "Startup Cost": 0.0,
                  "Total Cost": 343257.03,
                  "Plan Rows": 2384528,
                  "Plan Width": 0,
                  "Actual Startup Time": 473.695,
                  "Actual Total Time": 953.93,
                  "Actual Rows": 1673937,
                  "Actual Loops": 7,
                  "Filter": "((person_id < 3256568) AND (role_id > 2))",
                  "Rows Removed by Filter": 3503826
                }
              ]
            }
          ]
        }
      ]
    },
    "Planning Time": 0.237,
    "Triggers": [],
    "Execution Time": 1184.264
  }
]