[
    {
        "Bao": {
            "Bao prediction": 318.143,
            "Bao recommended hint": "(no hint)"
        }
    },
    {
        "Plan": {
            "Node Type": "Aggregate",
            "Strategy": "Plain",
            "Partial Mode": "Finalize",
            "Parallel Aware": false,
            "Startup Cost": 145555.44,
            "Total Cost": 145555.45,
            "Plan Rows": 1,
            "Plan Width": 8,
            "Actual Startup Time": 104.219,
            "Actual Total Time": 119.625,
            "Actual Rows": 1,
            "Actual Loops": 1,
            "Output": [
                "count(*)"
            ],
            "Plans": [
                {
                    "Node Type": "Gather",
                    "Parent Relationship": "Outer",
                    "Parallel Aware": false,
                    "Startup Cost": 145555.02,
                    "Total Cost": 145555.43,
                    "Plan Rows": 4,
                    "Plan Width": 8,
                    "Actual Startup Time": 103.845,
                    "Actual Total Time": 119.616,
                    "Actual Rows": 5,
                    "Actual Loops": 1,
                    "Output": [
                        "(PARTIAL count(*))"
                    ],
                    "Workers Planned": 4,
                    "Workers Launched": 4,
                    "Single Copy": false,
                    "Plans": [
                        {
                            "Node Type": "Aggregate",
                            "Strategy": "Plain",
                            "Partial Mode": "Partial",
                            "Parent Relationship": "Outer",
                            "Parallel Aware": false,
                            "Startup Cost": 144555.02,
                            "Total Cost": 144555.03,
                            "Plan Rows": 1,
                            "Plan Width": 8,
                            "Actual Startup Time": 94.248,
                            "Actual Total Time": 94.25,
                            "Actual Rows": 1,
                            "Actual Loops": 5,
                            "Output": [
                                "PARTIAL count(*)"
                            ],
                            "Workers": [
                                {
                                    "Worker Number": 0,
                                    "Actual Startup Time": 92.024,
                                    "Actual Total Time": 92.026,
                                    "Actual Rows": 1,
                                    "Actual Loops": 1
                                },
                                {
                                    "Worker Number": 1,
                                    "Actual Startup Time": 91.963,
                                    "Actual Total Time": 91.965,
                                    "Actual Rows": 1,
                                    "Actual Loops": 1
                                },
                                {
                                    "Worker Number": 2,
                                    "Actual Startup Time": 91.903,
                                    "Actual Total Time": 91.905,
                                    "Actual Rows": 1,
                                    "Actual Loops": 1
                                },
                                {
                                    "Worker Number": 3,
                                    "Actual Startup Time": 92.276,
                                    "Actual Total Time": 92.278,
                                    "Actual Rows": 1,
                                    "Actual Loops": 1
                                }
                            ],
                            "Plans": [
                                {
                                    "Node Type": "Nested Loop",
                                    "Parent Relationship": "Outer",
                                    "Parallel Aware": false,
                                    "Join Type": "Inner",
                                    "Startup Cost": 1801.81,
                                    "Total Cost": 144553.18,
                                    "Plan Rows": 739,
                                    "Plan Width": 0,
                                    "Actual Startup Time": 18.799,
                                    "Actual Total Time": 94.096,
                                    "Actual Rows": 1103,
                                    "Actual Loops": 5,
                                    "Inner Unique": false,
                                    "Workers": [
                                        {
                                            "Worker Number": 0,
                                            "Actual Startup Time": 18.117,
                                            "Actual Total Time": 91.884,
                                            "Actual Rows": 549,
                                            "Actual Loops": 1
                                        },
                                        {
                                            "Worker Number": 1,
                                            "Actual Startup Time": 17.98,
                                            "Actual Total Time": 91.828,
                                            "Actual Rows": 568,
                                            "Actual Loops": 1
                                        },
                                        {
                                            "Worker Number": 2,
                                            "Actual Startup Time": 19.689,
                                            "Actual Total Time": 91.756,
                                            "Actual Rows": 650,
                                            "Actual Loops": 1
                                        },
                                        {
                                            "Worker Number": 3,
                                            "Actual Startup Time": 15.568,
                                            "Actual Total Time": 92.162,
                                            "Actual Rows": 465,
                                            "Actual Loops": 1
                                        }
                                    ],
                                    "Plans": [
                                        {
                                            "Node Type": "Bitmap Heap Scan",
                                            "Parent Relationship": "Outer",
                                            "Parallel Aware": true,
                                            "Relation Name": "title",
                                            "Schema": "public",
                                            "Alias": "t",
                                            "Startup Cost": 1801.24,
                                            "Total Cost": 38177.22,
                                            "Plan Rows": 840,
                                            "Plan Width": 4,
                                            "Actual Startup Time": 13.82,
                                            "Actual Total Time": 28.11,
                                            "Actual Rows": 727,
                                            "Actual Loops": 5,
                                            "Output": [
                                                "t.id",
                                                "t.title",
                                                "t.imdb_index",
                                                "t.kind_id",
                                                "t.production_year",
                                                "t.imdb_id",
                                                "t.phonetic_code",
                                                "t.episode_of_id",
                                                "t.season_nr",
                                                "t.episode_nr",
                                                "t.series_years",
                                                "t.md5sum"
                                            ],
                                            "Recheck Cond": "(t.kind_id = 3)",
                                            "Rows Removed by Index Recheck": 0,
                                            "Filter": "(t.production_year = 2004)",
                                            "Rows Removed by Filter": 19380,
                                            "Exact Heap Blocks": 7184,
                                            "Lossy Heap Blocks": 0,
                                            "Workers": [
                                                {
                                                    "Worker Number": 0,
                                                    "Actual Startup Time": 11.691,
                                                    "Actual Total Time": 23.196,
                                                    "Actual Rows": 394,
                                                    "Actual Loops": 1
                                                },
                                                {
                                                    "Worker Number": 1,
                                                    "Actual Startup Time": 11.882,
                                                    "Actual Total Time": 24.868,
                                                    "Actual Rows": 406,
                                                    "Actual Loops": 1
                                                },
                                                {
                                                    "Worker Number": 2,
                                                    "Actual Startup Time": 11.534,
                                                    "Actual Total Time": 24.076,
                                                    "Actual Rows": 386,
                                                    "Actual Loops": 1
                                                },
                                                {
                                                    "Worker Number": 3,
                                                    "Actual Startup Time": 11.7,
                                                    "Actual Total Time": 25.061,
                                                    "Actual Rows": 391,
                                                    "Actual Loops": 1
                                                }
                                            ],
                                            "Plans": [
                                                {
                                                    "Node Type": "Bitmap Index Scan",
                                                    "Parent Relationship": "Outer",
                                                    "Parallel Aware": false,
                                                    "Index Name": "kind_id_title",
                                                    "Startup Cost": 0.0,
                                                    "Total Cost": 1800.4,
                                                    "Plan Rows": 100796,
                                                    "Plan Width": 0,
                                                    "Actual Startup Time": 17.435,
                                                    "Actual Total Time": 17.436,
                                                    "Actual Rows": 100537,
                                                    "Actual Loops": 1,
                                                    "Index Cond": "(t.kind_id = 3)"
                                                }
                                            ]
                                        },
                                        {
                                            "Node Type": "Index Scan",
                                            "Parent Relationship": "Inner",
                                            "Parallel Aware": false,
                                            "Scan Direction": "Forward",
                                            "Index Name": "movie_id_cast_info",
                                            "Relation Name": "cast_info",
                                            "Schema": "public",
                                            "Alias": "ci",
                                            "Startup Cost": 0.56,
                                            "Total Cost": 126.62,
                                            "Plan Rows": 2,
                                            "Plan Width": 4,
                                            "Actual Startup Time": 0.083,
                                            "Actual Total Time": 0.09,
                                            "Actual Rows": 2,
                                            "Actual Loops": 3637,
                                            "Output": [
                                                "ci.id",
                                                "ci.person_id",
                                                "ci.movie_id",
                                                "ci.person_role_id",
                                                "ci.note",
                                                "ci.nr_order",
                                                "ci.role_id"
                                            ],
                                            "Index Cond": "(ci.movie_id = t.id)",
                                            "Rows Removed by Index Recheck": 0,
                                            "Filter": "(ci.person_id > 3610737)",
                                            "Rows Removed by Filter": 19,
                                            "Workers": [
                                                {
                                                    "Worker Number": 0,
                                                    "Actual Startup Time": 0.158,
                                                    "Actual Total Time": 0.173,
                                                    "Actual Rows": 1,
                                                    "Actual Loops": 394
                                                },
                                                {
                                                    "Worker Number": 1,
                                                    "Actual Startup Time": 0.15,
                                                    "Actual Total Time": 0.164,
                                                    "Actual Rows": 1,
                                                    "Actual Loops": 406
                                                },
                                                {
                                                    "Worker Number": 2,
                                                    "Actual Startup Time": 0.159,
                                                    "Actual Total Time": 0.174,
                                                    "Actual Rows": 2,
                                                    "Actual Loops": 386
                                                },
                                                {
                                                    "Worker Number": 3,
                                                    "Actual Startup Time": 0.159,
                                                    "Actual Total Time": 0.17,
                                                    "Actual Rows": 1,
                                                    "Actual Loops": 391
                                                }
                                            ]
                                        }
                                    ]
                                }
                            ]
                        }
                    ]
                }
            ]
        },
        "Planning Time": 1015.566,
        "Triggers": [],
        "Execution Time": 119.778
    }
]