[
  {
    "Plan": {
      "Node Type": "Aggregate",
      "Strategy": "Plain",
      "Partial Mode": "Finalize",
      "Parallel Aware": false,
      "Startup Cost": 95214.31,
      "Total Cost": 95214.32,
      "Plan Rows": 1,
      "Plan Width": 8,
      "Actual Startup Time": 282.363,
      "Actual Total Time": 298.804,
      "Actual Rows": 1,
      "Actual Loops": 1,
      "Plans": [
        {
          "Node Type": "Gather",
          "Parent Relationship": "Outer",
          "Parallel Aware": false,
          "Startup Cost": 95213.89,
          "Total Cost": 95214.3,
          "Plan Rows": 4,
          "Plan Width": 8,
          "Actual Startup Time": 277.601,
          "Actual Total Time": 298.793,
          "Actual Rows": 5,
          "Actual Loops": 1,
          "Workers Planned": 4,
          "Workers Launched": 4,
          "Single Copy": false,
          "Plans": [
            {
              "Node Type": "Aggregate",
              "Strategy": "Plain",
              "Partial Mode": "Partial",
              "Parent Relationship": "Outer",
              "Parallel Aware": false,
              "Startup Cost": 94213.89,
              "Total Cost": 94213.9,
              "Plan Rows": 1,
              "Plan Width": 8,
              "Actual Startup Time": 266.031,
              "Actual Total Time": 266.053,
              "Actual Rows": 1,
              "Actual Loops": 5,
              "Plans": [
                {
                  "Node Type": "Hash Join",
                  "Parent Relationship": "Outer",
                  "Parallel Aware": true,
                  "Join Type": "Inner",
                  "Startup Cost": 48430.29,
                  "Total Cost": 94196.81,
                  "Plan Rows": 6832,
                  "Plan Width": 0,
                  "Actual Startup Time": 193.185,
                  "Actual Total Time": 265.787,
                  "Actual Rows": 4072,
                  "Actual Loops": 5,
                  "Inner Unique": false,
                  "Hash Cond": "(t.id = mi_idx.movie_id)",
                  "Plans": [
                    {
                      "Node Type": "Seq Scan",
                      "Parent Relationship": "Outer",
                      "Parallel Aware": true,
                      "Relation Name": "title",
                      "Alias": "t",
                      "Startup Cost": 0.0,
                      "Total Cost": 43898.92,
                      "Plan Rows": 466259,
                      "Plan Width": 4,
                      "Actual Startup Time": 0.016,
                      "Actual Total Time": 73.022,
                      "Actual Rows": 373097,
                      "Actual Loops": 5,
                      "Filter": "(kind_id > 1)",
                      "Rows Removed by Filter": 132565
                    },
                    {
                      "Node Type": "Hash",
                      "Parent Relationship": "Inner",
                      "Parallel Aware": true,
                      "Startup Cost": 47622.79,
                      "Total Cost": 47622.79,
                      "Plan Rows": 64600,
                      "Plan Width": 8,
                      "Actual Startup Time": 147.59,
                      "Actual Total Time": 147.611,
                      "Actual Rows": 31368,
                      "Actual Loops": 5,
                      "Hash Buckets": 262144,
                      "Original Hash Buckets": 262144,
                      "Hash Batches": 1,
                      "Original Hash Batches": 1,
                      "Peak Memory Usage": 8256,
                      "Plans": [
                        {
                          "Node Type": "Hash Join",
                          "Parent Relationship": "Outer",
                          "Parallel Aware": true,
                          "Join Type": "Inner",
                          "Startup Cost": 21834.62,
                          "Total Cost": 47622.79,
                          "Plan Rows": 64600,
                          "Plan Width": 8,
                          "Actual Startup Time": 90.386,
                          "Actual Total Time": 137.335,
                          "Actual Rows": 31368,
                          "Actual Loops": 5,
                          "Inner Unique": false,
                          "Hash Cond": "(mk.movie_id = mi_idx.movie_id)",
                          "Plans": [
                            {
                              "Node Type": "Bitmap Heap Scan",
                              "Parent Relationship": "Outer",
                              "Parallel Aware": true,
                              "Relation Name": "movie_keyword",
                              "Alias": "mk",
                              "Startup Cost": 4311.01,
                              "Total Cost": 29584.25,
                              "Plan Rows": 65539,
                              "Plan Width": 4,
                              "Actual Startup Time": 13.798,
                              "Actual Total Time": 46.886,
                              "Actual Rows": 39969,
                              "Actual Loops": 5,
                              "Recheck Cond": "(keyword_id > 68724)",
                              "Rows Removed by Index Recheck": 0,
                              "Exact Heap Blocks": 5986,
                              "Lossy Heap Blocks": 0,
                              "Plans": [
                                {
                                  "Node Type": "Bitmap Index Scan",
                                  "Parent Relationship": "Outer",
                                  "Parallel Aware": false,
                                  "Index Name": "keyword_id_movie_keyword",
                                  "Startup Cost": 0.0,
                                  "Total Cost": 4260.22,
                                  "Plan Rows": 203171,
                                  "Plan Width": 0,
                                  "Actual Startup Time": 10.686,
                                  "Actual Total Time": 10.686,
                                  "Actual Rows": 199845,
                                  "Actual Loops": 1,
                                  "Index Cond": "(keyword_id > 68724)"
                                }
                              ]
                            },
                            {
                              "Node Type": "Hash",
                              "Parent Relationship": "Inner",
                              "Parallel Aware": true,
                              "Startup Cost": 15122.68,
                              "Total Cost": 15122.68,
                              "Plan Rows": 192074,
                              "Plan Width": 4,
                              "Actual Startup Time": 75.016,
                              "Actual Total Time": 75.017,
                              "Actual Rows": 92037,
                              "Actual Loops": 5,
                              "Hash Buckets": 524288,
                              "Original Hash Buckets": 524288,
                              "Hash Batches": 1,
                              "Original Hash Batches": 1,
                              "Peak Memory Usage": 22144,
                              "Plans": [
                                {
                                  "Node Type": "Seq Scan",
                                  "Parent Relationship": "Outer",
                                  "Parallel Aware": true,
                                  "Relation Name": "movie_info_idx",
                                  "Alias": "mi_idx",
                                  "Startup Cost": 0.0,
                                  "Total Cost": 15122.68,
                                  "Plan Rows": 192074,
                                  "Plan Width": 4,
                                  "Actual Startup Time": 0.067,
                                  "Actual Total Time": 39.719,
                                  "Actual Rows": 92037,
                                  "Actual Loops": 5,
                                  "Filter": "(info_type_id > 100)",
                                  "Rows Removed by Filter": 183970
                                }
                              ]
                            }
                          ]
                        }
                      ]
                    }
                  ]
                }
              ]
            }
          ]
        }
      ]
    },
    "Planning Time": 1.356,
    "Triggers": [],
    "Execution Time": 298.915
  }
]