[
  {
    "Plan": {
      "Node Type": "Aggregate",
      "Strategy": "Plain",
      "Partial Mode": "Finalize",
      "Parallel Aware": false,
      "Startup Cost": 191857.24,
      "Total Cost": 191857.25,
      "Plan Rows": 1,
      "Plan Width": 8,
      "Actual Startup Time": 251.664,
      "Actual Total Time": 281.018,
      "Actual Rows": 1,
      "Actual Loops": 1,
      "Plans": [
        {
          "Node Type": "Gather",
          "Parent Relationship": "Outer",
          "Parallel Aware": false,
          "Startup Cost": 191856.82,
          "Total Cost": 191857.23,
          "Plan Rows": 4,
          "Plan Width": 8,
          "Actual Startup Time": 250.936,
          "Actual Total Time": 281.008,
          "Actual Rows": 5,
          "Actual Loops": 1,
          "Workers Planned": 4,
          "Workers Launched": 4,
          "Single Copy": false,
          "Plans": [
            {
              "Node Type": "Aggregate",
              "Strategy": "Plain",
              "Partial Mode": "Partial",
              "Parent Relationship": "Outer",
              "Parallel Aware": false,
              "Startup Cost": 190856.82,
              "Total Cost": 190856.83,
              "Plan Rows": 1,
              "Plan Width": 8,
              "Actual Startup Time": 240.764,
              "Actual Total Time": 240.767,
              "Actual Rows": 1,
              "Actual Loops": 5,
              "Plans": [
                {
                  "Node Type": "Nested Loop",
                  "Parent Relationship": "Outer",
                  "Parallel Aware": false,
                  "Join Type": "Inner",
                  "Startup Cost": 32582.63,
                  "Total Cost": 190274.39,
                  "Plan Rows": 232972,
                  "Plan Width": 0,
                  "Actual Startup Time": 164.607,
                  "Actual Total Time": 240.371,
                  "Actual Rows": 3979,
                  "Actual Loops": 5,
                  "Inner Unique": false,
                  "Plans": [
                    {
                      "Node Type": "Hash Join",
                      "Parent Relationship": "Outer",
                      "Parallel Aware": true,
                      "Join Type": "Inner",
                      "Startup Cost": 32582.07,
                      "Total Cost": 78695.09,
                      "Plan Rows": 47214,
                      "Plan Width": 8,
                      "Actual Startup Time": 163.3,
                      "Actual Total Time": 190.294,
                      "Actual Rows": 571,
                      "Actual Loops": 5,
                      "Inner Unique": false,
                      "Hash Cond": "(t.id = mc.movie_id)",
                      "Plans": [
                        {
                          "Node Type": "Seq Scan",
                          "Parent Relationship": "Outer",
                          "Parallel Aware": true,
                          "Relation Name": "title",
                          "Alias": "t",
                          "Startup Cost": 0.0,
                          "Total Cost": 43898.92,
                          "Plan Rows": 412361,
                          "Plan Width": 4,
                          "Actual Startup Time": 0.013,
                          "Actual Total Time": 83.458,
                          "Actual Rows": 328703,
                          "Actual Loops": 5,
                          "Filter": "(production_year > 1994)",
                          "Rows Removed by Filter": 176960
                        },
                        {
                          "Node Type": "Hash",
                          "Parent Relationship": "Inner",
                          "Parallel Aware": true,
                          "Startup Cost": 31414.82,
                          "Total Cost": 31414.82,
                          "Plan Rows": 93380,
                          "Plan Width": 4,
                          "Actual Startup Time": 68.294,
                          "Actual Total Time": 68.295,
                          "Actual Rows": 789,
                          "Actual Loops": 5,
                          "Hash Buckets": 524288,
                          "Original Hash Buckets": 524288,
                          "Hash Batches": 1,
                          "Original Hash Batches": 1,
                          "Peak Memory Usage": 4288,
                          "Plans": [
                            {
                              "Node Type": "Seq Scan",
                              "Parent Relationship": "Outer",
                              "Parallel Aware": true,
                              "Relation Name": "movie_companies",
                              "Alias": "mc",
                              "Startup Cost": 0.0,
                              "Total Cost": 31414.82,
                              "Plan Rows": 93380,
                              "Plan Width": 4,
                              "Actual Startup Time": 39.655,
                              "Actual Total Time": 67.491,
                              "Actual Rows": 789,
                              "Actual Loops": 5,
                              "Filter": "((company_id > 67253) AND (company_type_id < 2))",
                              "Rows Removed by Filter": 521037
                            }
                          ]
                        }
                      ]
                    },
                    {
                      "Node Type": "Index Scan",
                      "Parent Relationship": "Inner",
                      "Parallel Aware": false,
                      "Scan Direction": "Forward",
                      "Index Name": "movie_id_cast_info",
                      "Relation Name": "cast_info",
                      "Alias": "ci",
                      "Startup Cost": 0.56,
                      "Total Cost": 2.23,
                      "Plan Rows": 13,
                      "Plan Width": 4,
                      "Actual Startup Time": 0.015,
                      "Actual Total Time": 0.086,
                      "Actual Rows": 7,
                      "Actual Loops": 2856,
                      "Index Cond": "(movie_id = t.id)",
                      "Rows Removed by Index Recheck": 0,
                      "Filter": "(role_id < 2)",
                      "Rows Removed by Filter": 14
                    }
                  ]
                }
              ]
            }
          ]
        }
      ]
    },
    "Planning Time": 1.429,
    "Triggers": [],
    "Execution Time": 281.115
  }
]