[
  {
    "Plan": {
      "Node Type": "Aggregate",
      "Strategy": "Plain",
      "Partial Mode": "Finalize",
      "Parallel Aware": false,
      "Startup Cost": 247609.72,
      "Total Cost": 247609.73,
      "Plan Rows": 1,
      "Plan Width": 8,
      "Actual Startup Time": 352.299,
      "Actual Total Time": 373.788,
      "Actual Rows": 1,
      "Actual Loops": 1,
      "Plans": [
        {
          "Node Type": "Gather",
          "Parent Relationship": "Outer",
          "Parallel Aware": false,
          "Startup Cost": 247609.1,
          "Total Cost": 247609.71,
          "Plan Rows": 6,
          "Plan Width": 8,
          "Actual Startup Time": 348.942,
          "Actual Total Time": 373.776,
          "Actual Rows": 7,
          "Actual Loops": 1,
          "Workers Planned": 6,
          "Workers Launched": 6,
          "Single Copy": false,
          "Plans": [
            {
              "Node Type": "Aggregate",
              "Strategy": "Plain",
              "Partial Mode": "Partial",
              "Parent Relationship": "Outer",
              "Parallel Aware": false,
              "Startup Cost": 246609.1,
              "Total Cost": 246609.11,
              "Plan Rows": 1,
              "Plan Width": 8,
              "Actual Startup Time": 336.665,
              "Actual Total Time": 336.668,
              "Actual Rows": 1,
              "Actual Loops": 7,
              "Plans": [
                {
                  "Node Type": "Hash Join",
                  "Parent Relationship": "Outer",
                  "Parallel Aware": true,
                  "Join Type": "Inner",
                  "Startup Cost": 47432.89,
                  "Total Cost": 246361.53,
                  "Plan Rows": 99026,
                  "Plan Width": 0,
                  "Actual Startup Time": 128.945,
                  "Actual Total Time": 336.644,
                  "Actual Rows": 70,
                  "Actual Loops": 7,
                  "Inner Unique": true,
                  "Hash Cond": "(ci.movie_id = t.id)",
                  "Plans": [
                    {
                      "Node Type": "Index Scan",
                      "Parent Relationship": "Outer",
                      "Parallel Aware": true,
                      "Scan Direction": "Forward",
                      "Index Name": "role_id_cast_info",
                      "Relation Name": "cast_info",
                      "Alias": "ci",
                      "Startup Cost": 0.56,
                      "Total Cost": 197877.72,
                      "Plan Rows": 400565,
                      "Plan Width": 4,
                      "Actual Startup Time": 5.76,
                      "Actual Total Time": 214.209,
                      "Actual Rows": 274,
                      "Actual Loops": 7,
                      "Index Cond": "(role_id = 2)",
                      "Rows Removed by Index Recheck": 0,
                      "Filter": "(person_id < 1162472)",
                      "Rows Removed by Filter": 1064294
                    },
                    {
                      "Node Type": "Hash",
                      "Parent Relationship": "Inner",
                      "Parallel Aware": true,
                      "Startup Cost": 45479.1,
                      "Total Cost": 45479.1,
                      "Plan Rows": 156258,
                      "Plan Width": 4,
                      "Actual Startup Time": 118.343,
                      "Actual Total Time": 118.345,
                      "Actual Rows": 82635,
                      "Actual Loops": 7,
                      "Hash Buckets": 1048576,
                      "Original Hash Buckets": 1048576,
                      "Hash Batches": 1,
                      "Original Hash Batches": 1,
                      "Peak Memory Usage": 30944,
                      "Plans": [
                        {
                          "Node Type": "Seq Scan",
                          "Parent Relationship": "Outer",
                          "Parallel Aware": true,
                          "Relation Name": "title",
                          "Alias": "t",
                          "Startup Cost": 0.0,
                          "Total Cost": 45479.1,
                          "Plan Rows": 156258,
                          "Plan Width": 4,
                          "Actual Startup Time": 44.81,
                          "Actual Total Time": 83.709,
                          "Actual Rows": 82635,
                          "Actual Loops": 7,
                          "Filter": "((production_year > 1917) AND (kind_id = 1))",
                          "Rows Removed by Filter": 278552
                        }
                      ]
                    }
                  ]
                }
              ]
            }
          ]
        }
      ]
    },
    "Planning Time": 0.65,
    "Triggers": [],
    "Execution Time": 373.869
  }
]