{
  "Plan": {
    "Node Type": "Aggregate",
    "Strategy": "Plain",
    "Partial Mode": "Finalize",
    "Parallel Aware": false,
    "Startup Cost": 135877.8,
    "Total Cost": 135877.81,
    "Plan Rows": 1,
    "Plan Width": 8,
    "Actual Startup Time": 980.699,
    "Actual Total Time": 997.595,
    "Actual Rows": 1,
    "Actual Loops": 1,
    "Plans": [
      {
        "Node Type": "Gather",
        "Parent Relationship": "Outer",
        "Parallel Aware": false,
        "Startup Cost": 135877.68,
        "Total Cost": 135877.79,
        "Plan Rows": 1,
        "Plan Width": 8,
        "Actual Startup Time": 976.871,
        "Actual Total Time": 997.583,
        "Actual Rows": 2,
        "Actual Loops": 1,
        "Workers Planned": 1,
        "Workers Launched": 1,
        "Single Copy": false,
        "Plans": [
          {
            "Node Type": "Aggregate",
            "Strategy": "Plain",
            "Partial Mode": "Partial",
            "Parent Relationship": "Outer",
            "Parallel Aware": false,
            "Startup Cost": 134877.68,
            "Total Cost": 134877.69,
            "Plan Rows": 1,
            "Plan Width": 8,
            "Actual Startup Time": 970.498,
            "Actual Total Time": 970.51,
            "Actual Rows": 1,
            "Actual Loops": 2,
            "Plans": [
              {
                "Node Type": "Hash Join",
                "Parent Relationship": "Outer",
                "Parallel Aware": true,
                "Join Type": "Inner",
                "Startup Cost": 69775.03,
                "Total Cost": 131646.45,
                "Plan Rows": 1292494,
                "Plan Width": 0,
                "Actual Startup Time": 500.377,
                "Actual Total Time": 920.673,
                "Actual Rows": 1241956,
                "Actual Loops": 2,
                "Inner Unique": true,
                "Hash Cond": "(mk.movie_id = t.id)",
                "Plans": [
                  {
                    "Node Type": "Seq Scan",
                    "Parent Relationship": "Outer",
                    "Parallel Aware": true,
                    "Relation Name": "movie_keyword",
                    "Alias": "mk",
                    "Startup Cost": 0.0,
                    "Total Cost": 57718.19,
                    "Plan Rows": 1582179,
                    "Plan Width": 4,
                    "Actual Startup Time": 0.274,
                    "Actual Total Time": 191.542,
                    "Actual Rows": 1340306,
                    "Actual Loops": 2,
                    "Filter": "(keyword_id > 3052)",
                    "Rows Removed by Filter": 921658
                  },
                  {
                    "Node Type": "Hash",
                    "Parent Relationship": "Inner",
                    "Parallel Aware": true,
                    "Startup Cost": 54588.39,
                    "Total Cost": 54588.39,
                    "Plan Rows": 1214931,
                    "Plan Width": 4,
                    "Actual Startup Time": 489.292,
                    "Actual Total Time": 489.294,
                    "Actual Rows": 1032276,
                    "Actual Loops": 2,
                    "Hash Buckets": 2097152,
                    "Original Hash Buckets": 2097152,
                    "Hash Batches": 1,
                    "Original Hash Batches": 1,
                    "Peak Memory Usage": 97184,
                    "Plans": [
                      {
                        "Node Type": "Seq Scan",
                        "Parent Relationship": "Outer",
                        "Parallel Aware": true,
                        "Relation Name": "title",
                        "Alias": "t",
                        "Startup Cost": 0.0,
                        "Total Cost": 54588.39,
                        "Plan Rows": 1214931,
                        "Plan Width": 4,
                        "Actual Startup Time": 0.032,
                        "Actual Total Time": 185.226,
                        "Actual Rows": 1032276,
                        "Actual Loops": 2,
                        "Filter": "(production_year < 2011)",
                        "Rows Removed by Filter": 231880
                      }
                    ]
                  }
                ]
              }
            ]
          }
        ]
      }
    ]
  },
  "Planning Time": 0.274,
  "Triggers": [],
  "Execution Time": 997.647
}