{
  "Plan": {
    "Node Type": "Aggregate",
    "Strategy": "Plain",
    "Partial Mode": "Finalize",
    "Parallel Aware": false,
    "Startup Cost": 81719.87,
    "Total Cost": 81719.88,
    "Plan Rows": 1,
    "Plan Width": 8,
    "Actual Startup Time": 250.089,
    "Actual Total Time": 262.258,
    "Actual Rows": 1,
    "Actual Loops": 1,
    "Plans": [
      {
        "Node Type": "Gather",
        "Parent Relationship": "Outer",
        "Parallel Aware": false,
        "Startup Cost": 81719.76,
        "Total Cost": 81719.87,
        "Plan Rows": 1,
        "Plan Width": 8,
        "Actual Startup Time": 249.556,
        "Actual Total Time": 262.249,
        "Actual Rows": 2,
        "Actual Loops": 1,
        "Workers Planned": 1,
        "Workers Launched": 1,
        "Single Copy": false,
        "Plans": [
          {
            "Node Type": "Aggregate",
            "Strategy": "Plain",
            "Partial Mode": "Partial",
            "Parent Relationship": "Outer",
            "Parallel Aware": false,
            "Startup Cost": 80719.76,
            "Total Cost": 80719.77,
            "Plan Rows": 1,
            "Plan Width": 8,
            "Actual Startup Time": 243.523,
            "Actual Total Time": 243.527,
            "Actual Rows": 1,
            "Actual Loops": 2,
            "Plans": [
              {
                "Node Type": "Hash Join",
                "Parent Relationship": "Outer",
                "Parallel Aware": true,
                "Join Type": "Inner",
                "Startup Cost": 22383.08,
                "Total Cost": 80688.94,
                "Plan Rows": 12328,
                "Plan Width": 0,
                "Actual Startup Time": 141.705,
                "Actual Total Time": 241.447,
                "Actual Rows": 49850,
                "Actual Loops": 2,
                "Inner Unique": false,
                "Hash Cond": "(t.id = mc.movie_id)",
                "Plans": [
                  {
                    "Node Type": "Seq Scan",
                    "Parent Relationship": "Outer",
                    "Parallel Aware": true,
                    "Relation Name": "title",
                    "Alias": "t",
                    "Startup Cost": 0.0,
                    "Total Cost": 54588.39,
                    "Plan Rows": 583193,
                    "Plan Width": 4,
                    "Actual Startup Time": 0.014,
                    "Actual Total Time": 126.022,
                    "Actual Rows": 492524,
                    "Actual Loops": 2,
                    "Filter": "(kind_id < 7)",
                    "Rows Removed by Filter": 771632
                  },
                  {
                    "Node Type": "Hash",
                    "Parent Relationship": "Inner",
                    "Parallel Aware": true,
                    "Startup Cost": 21990.09,
                    "Total Cost": 21990.09,
                    "Plan Rows": 31439,
                    "Plan Width": 4,
                    "Actual Startup Time": 49.527,
                    "Actual Total Time": 49.529,
                    "Actual Rows": 49850,
                    "Actual Loops": 2,
                    "Hash Buckets": 131072,
                    "Original Hash Buckets": 65536,
                    "Hash Batches": 1,
                    "Original Hash Batches": 1,
                    "Peak Memory Usage": 5472,
                    "Plans": [
                      {
                        "Node Type": "Bitmap Heap Scan",
                        "Parent Relationship": "Outer",
                        "Parallel Aware": true,
                        "Relation Name": "movie_companies",
                        "Alias": "mc",
                        "Startup Cost": 2271.28,
                        "Total Cost": 21990.09,
                        "Plan Rows": 31439,
                        "Plan Width": 4,
                        "Actual Startup Time": 10.032,
                        "Actual Total Time": 33.484,
                        "Actual Rows": 49850,
                        "Actual Loops": 2,
                        "Recheck Cond": "(company_id > 157685)",
                        "Rows Removed by Index Recheck": 0,
                        "Filter": "(company_type_id > 1)",
                        "Rows Removed by Filter": 0,
                        "Exact Heap Blocks": 2357,
                        "Lossy Heap Blocks": 0,
                        "Plans": [
                          {
                            "Node Type": "Bitmap Index Scan",
                            "Parent Relationship": "Outer",
                            "Parallel Aware": false,
                            "Index Name": "company_id_movie_companies",
                            "Startup Cost": 0.0,
                            "Total Cost": 2257.92,
                            "Plan Rows": 105265,
                            "Plan Width": 0,
                            "Actual Startup Time": 13.532,
                            "Actual Total Time": 13.532,
                            "Actual Rows": 99699,
                            "Actual Loops": 1,
                            "Index Cond": "(company_id > 157685)"
                          }
                        ]
                      }
                    ]
                  }
                ]
              }
            ]
          }
        ]
      }
    ]
  },
  "Planning Time": 0.705,
  "Triggers": [],
  "Execution Time": 262.351
}