{
  "Plan": {
    "Node Type": "Aggregate",
    "Strategy": "Plain",
    "Partial Mode": "Finalize",
    "Parallel Aware": false,
    "Startup Cost": 1100544.19,
    "Total Cost": 1100544.2,
    "Plan Rows": 1,
    "Plan Width": 8,
    "Actual Startup Time": 5947.727,
    "Actual Total Time": 5956.883,
    "Actual Rows": 1,
    "Actual Loops": 1,
    "Plans": [
      {
        "Node Type": "Gather",
        "Parent Relationship": "Outer",
        "Parallel Aware": false,
        "Startup Cost": 1100544.08,
        "Total Cost": 1100544.19,
        "Plan Rows": 1,
        "Plan Width": 8,
        "Actual Startup Time": 5947.717,
        "Actual Total Time": 5956.876,
        "Actual Rows": 2,
        "Actual Loops": 1,
        "Workers Planned": 1,
        "Workers Launched": 1,
        "Single Copy": false,
        "Plans": [
          {
            "Node Type": "Aggregate",
            "Strategy": "Plain",
            "Partial Mode": "Partial",
            "Parent Relationship": "Outer",
            "Parallel Aware": false,
            "Startup Cost": 1099544.08,
            "Total Cost": 1099544.09,
            "Plan Rows": 1,
            "Plan Width": 8,
            "Actual Startup Time": 5901.62,
            "Actual Total Time": 5901.626,
            "Actual Rows": 1,
            "Actual Loops": 2,
            "Plans": [
              {
                "Node Type": "Merge Join",
                "Parent Relationship": "Outer",
                "Parallel Aware": false,
                "Join Type": "Inner",
                "Startup Cost": 1030426.14,
                "Total Cost": 1092793.63,
                "Plan Rows": 2700179,
                "Plan Width": 0,
                "Actual Startup Time": 4219.287,
                "Actual Total Time": 5599.15,
                "Actual Rows": 8070788,
                "Actual Loops": 2,
                "Inner Unique": false,
                "Merge Cond": "(t.id = mc.movie_id)",
                "Plans": [
                  {
                    "Node Type": "Sort",
                    "Parent Relationship": "Outer",
                    "Parallel Aware": false,
                    "Startup Cost": 818602.15,
                    "Total Cost": 829545.84,
                    "Plan Rows": 4377478,
                    "Plan Width": 8,
                    "Actual Startup Time": 3656.146,
                    "Actual Total Time": 3797.086,
                    "Actual Rows": 3153088,
                    "Actual Loops": 2,
                    "Sort Key": [
                      "t.id"
                    ],
                    "Sort Method": "quicksort",
                    "Sort Space Used": 248242,
                    "Sort Space Type": "Memory",
                    "Workers": [
                      {
                        "Worker Number": 0,
                        "Sort Method": "quicksort",
                        "Sort Space Used": 243991,
                        "Sort Space Type": "Memory"
                      }
                    ],
                    "Plans": [
                      {
                        "Node Type": "Hash Join",
                        "Parent Relationship": "Outer",
                        "Parallel Aware": true,
                        "Join Type": "Inner",
                        "Startup Cost": 63946.31,
                        "Total Cost": 335729.8,
                        "Plan Rows": 4377478,
                        "Plan Width": 8,
                        "Actual Startup Time": 353.11,
                        "Actual Total Time": 2943.637,
                        "Actual Rows": 3153326,
                        "Actual Loops": 2,
                        "Inner Unique": true,
                        "Hash Cond": "(mi.movie_id = t.id)",
                        "Plans": [
                          {
                            "Node Type": "Seq Scan",
                            "Parent Relationship": "Outer",
                            "Parallel Aware": true,
                            "Relation Name": "movie_info",
                            "Alias": "mi",
                            "Startup Cost": 0.0,
                            "Total Cost": 248955.74,
                            "Plan Rows": 8696274,
                            "Plan Width": 4,
                            "Actual Startup Time": 0.008,
                            "Actual Total Time": 627.938,
                            "Actual Rows": 7417860,
                            "Actual Loops": 2
                          },
                          {
                            "Node Type": "Hash",
                            "Parent Relationship": "Inner",
                            "Parallel Aware": true,
                            "Startup Cost": 54588.39,
                            "Total Cost": 54588.39,
                            "Plan Rows": 748634,
                            "Plan Width": 4,
                            "Actual Startup Time": 337.621,
                            "Actual Total Time": 337.623,
                            "Actual Rows": 630148,
                            "Actual Loops": 2,
                            "Hash Buckets": 2097152,
                            "Original Hash Buckets": 2097152,
                            "Hash Batches": 1,
                            "Original Hash Batches": 1,
                            "Peak Memory Usage": 65728,
                            "Plans": [
                              {
                                "Node Type": "Seq Scan",
                                "Parent Relationship": "Outer",
                                "Parallel Aware": true,
                                "Relation Name": "title",
                                "Alias": "t",
                                "Startup Cost": 0.0,
                                "Total Cost": 54588.39,
                                "Plan Rows": 748634,
                                "Plan Width": 4,
                                "Actual Startup Time": 0.026,
                                "Actual Total Time": 156.92,
                                "Actual Rows": 630148,
                                "Actual Loops": 2,
                                "Filter": "(production_year > 2002)",
                                "Rows Removed by Filter": 634008
                              }
                            ]
                          }
                        ]
                      }
                    ]
                  },
                  {
                    "Node Type": "Sort",
                    "Parent Relationship": "Inner",
                    "Parallel Aware": false,
                    "Startup Cost": 211823.55,
                    "Total Cost": 215722.4,
                    "Plan Rows": 1559538,
                    "Plan Width": 4,
                    "Actual Startup Time": 563.129,
                    "Actual Total Time": 862.479,
                    "Actual Rows": 9027968,
                    "Actual Loops": 2,
                    "Sort Key": [
                      "mc.movie_id"
                    ],
                    "Sort Method": "quicksort",
                    "Sort Space Used": 122272,
                    "Sort Space Type": "Memory",
                    "Workers": [
                      {
                        "Worker Number": 0,
                        "Sort Method": "quicksort",
                        "Sort Space Used": 122272,
                        "Sort Space Type": "Memory"
                      }
                    ],
                    "Plans": [
                      {
                        "Node Type": "Seq Scan",
                        "Parent Relationship": "Outer",
                        "Parallel Aware": false,
                        "Relation Name": "movie_companies",
                        "Alias": "mc",
                        "Startup Cost": 0.0,
                        "Total Cost": 51404.11,
                        "Plan Rows": 1559538,
                        "Plan Width": 4,
                        "Actual Startup Time": 8.697,
                        "Actual Total Time": 226.424,
                        "Actual Rows": 1559873,
                        "Actual Loops": 2,
                        "Filter": "(company_id > 6132)",
                        "Rows Removed by Filter": 1049256
                      }
                    ]
                  }
                ]
              }
            ]
          }
        ]
      }
    ]
  },
  "Planning Time": 1.115,
  "Triggers": [],
  "Execution Time": 5969.594
}