{
    "Plan": {
        "Node Type": "Aggregate",
        "Strategy": "Plain",
        "Partial Mode": "Finalize",
        "Parallel Aware": false,
        "Startup Cost": 450045.36,
        "Total Cost": 450045.37,
        "Plan Rows": 1,
        "Plan Width": 8,
        "Actual Startup Time": 1366.43,
        "Actual Total Time": 1419.886,
        "Actual Rows": 1,
        "Actual Loops": 1,
        "Output": [
            "count(*)"
        ],
        "Plans": [
            {
                "Node Type": "Gather",
                "Parent Relationship": "Outer",
                "Parallel Aware": false,
                "Startup Cost": 450044.74,
                "Total Cost": 450045.35,
                "Plan Rows": 6,
                "Plan Width": 8,
                "Actual Startup Time": 1360.809,
                "Actual Total Time": 1419.875,
                "Actual Rows": 7,
                "Actual Loops": 1,
                "Output": [
                    "(PARTIAL count(*))"
                ],
                "Workers Planned": 6,
                "Workers Launched": 6,
                "Single Copy": false,
                "Plans": [
                    {
                        "Node Type": "Aggregate",
                        "Strategy": "Plain",
                        "Partial Mode": "Partial",
                        "Parent Relationship": "Outer",
                        "Parallel Aware": false,
                        "Startup Cost": 449044.74,
                        "Total Cost": 449044.75,
                        "Plan Rows": 1,
                        "Plan Width": 8,
                        "Actual Startup Time": 1348.421,
                        "Actual Total Time": 1348.426,
                        "Actual Rows": 1,
                        "Actual Loops": 7,
                        "Output": [
                            "PARTIAL count(*)"
                        ],
                        "Workers": [
                            {
                                "Worker Number": 0,
                                "Actual Startup Time": 1346.609,
                                "Actual Total Time": 1346.614,
                                "Actual Rows": 1,
                                "Actual Loops": 1
                            },
                            {
                                "Worker Number": 1,
                                "Actual Startup Time": 1346.516,
                                "Actual Total Time": 1346.52,
                                "Actual Rows": 1,
                                "Actual Loops": 1
                            },
                            {
                                "Worker Number": 2,
                                "Actual Startup Time": 1346.469,
                                "Actual Total Time": 1346.475,
                                "Actual Rows": 1,
                                "Actual Loops": 1
                            },
                            {
                                "Worker Number": 3,
                                "Actual Startup Time": 1346.569,
                                "Actual Total Time": 1346.574,
                                "Actual Rows": 1,
                                "Actual Loops": 1
                            },
                            {
                                "Worker Number": 4,
                                "Actual Startup Time": 1346.471,
                                "Actual Total Time": 1346.476,
                                "Actual Rows": 1,
                                "Actual Loops": 1
                            },
                            {
                                "Worker Number": 5,
                                "Actual Startup Time": 1346.557,
                                "Actual Total Time": 1346.561,
                                "Actual Rows": 1,
                                "Actual Loops": 1
                            }
                        ],
                        "Plans": [
                            {
                                "Node Type": "Hash Join",
                                "Parent Relationship": "Outer",
                                "Parallel Aware": true,
                                "Join Type": "Inner",
                                "Startup Cost": 93405.01,
                                "Total Cost": 447186.97,
                                "Plan Rows": 743106,
                                "Plan Width": 0,
                                "Actual Startup Time": 637.807,
                                "Actual Total Time": 1310.79,
                                "Actual Rows": 763032,
                                "Actual Loops": 7,
                                "Inner Unique": false,
                                "Hash Cond": "(ci.movie_id = t.id)",
                                "Workers": [
                                    {
                                        "Worker Number": 0,
                                        "Actual Startup Time": 636.187,
                                        "Actual Total Time": 1309.318,
                                        "Actual Rows": 573649,
                                        "Actual Loops": 1
                                    },
                                    {
                                        "Worker Number": 1,
                                        "Actual Startup Time": 636.055,
                                        "Actual Total Time": 1310.051,
                                        "Actual Rows": 914982,
                                        "Actual Loops": 1
                                    },
                                    {
                                        "Worker Number": 2,
                                        "Actual Startup Time": 635.885,
                                        "Actual Total Time": 1308.137,
                                        "Actual Rows": 589919,
                                        "Actual Loops": 1
                                    },
                                    {
                                        "Worker Number": 3,
                                        "Actual Startup Time": 636.003,
                                        "Actual Total Time": 1311.375,
                                        "Actual Rows": 881475,
                                        "Actual Loops": 1
                                    },
                                    {
                                        "Worker Number": 4,
                                        "Actual Startup Time": 635.873,
                                        "Actual Total Time": 1311.955,
                                        "Actual Rows": 829939,
                                        "Actual Loops": 1
                                    },
                                    {
                                        "Worker Number": 5,
                                        "Actual Startup Time": 636.025,
                                        "Actual Total Time": 1311.54,
                                        "Actual Rows": 876080,
                                        "Actual Loops": 1
                                    }
                                ],
                                "Plans": [
                                    {
                                        "Node Type": "Seq Scan",
                                        "Parent Relationship": "Outer",
                                        "Parallel Aware": true,
                                        "Relation Name": "cast_info",
                                        "Schema": "public",
                                        "Alias": "ci",
                                        "Startup Cost": 0.0,
                                        "Total Cost": 343318.94,
                                        "Plan Rows": 2150906,
                                        "Plan Width": 4,
                                        "Actual Startup Time": 348.303,
                                        "Actual Total Time": 692.119,
                                        "Actual Rows": 2013441,
                                        "Actual Loops": 7,
                                        "Output": [
                                            "ci.id",
                                            "ci.person_id",
                                            "ci.movie_id",
                                            "ci.person_role_id",
                                            "ci.note",
                                            "ci.nr_order",
                                            "ci.role_id"
                                        ],
                                        "Filter": "((ci.person_id > 702134) AND (ci.role_id > 2))",
                                        "Rows Removed by Filter": 3164322,
                                        "Workers": [
                                            {
                                                "Worker Number": 0,
                                                "Actual Startup Time": 348.251,
                                                "Actual Total Time": 701.524,
                                                "Actual Rows": 1534219,
                                                "Actual Loops": 1
                                            },
                                            {
                                                "Worker Number": 1,
                                                "Actual Startup Time": 348.314,
                                                "Actual Total Time": 689.591,
                                                "Actual Rows": 2370234,
                                                "Actual Loops": 1
                                            },
                                            {
                                                "Worker Number": 2,
                                                "Actual Startup Time": 348.33,
                                                "Actual Total Time": 697.646,
                                                "Actual Rows": 1515831,
                                                "Actual Loops": 1
                                            },
                                            {
                                                "Worker Number": 3,
                                                "Actual Startup Time": 348.299,
                                                "Actual Total Time": 689.506,
                                                "Actual Rows": 2368285,
                                                "Actual Loops": 1
                                            },
                                            {
                                                "Worker Number": 4,
                                                "Actual Startup Time": 348.304,
                                                "Actual Total Time": 693.667,
                                                "Actual Rows": 2194683,
                                                "Actual Loops": 1
                                            },
                                            {
                                                "Worker Number": 5,
                                                "Actual Startup Time": 348.318,
                                                "Actual Total Time": 689.691,
                                                "Actual Rows": 2356921,
                                                "Actual Loops": 1
                                            }
                                        ]
                                    },
                                    {
                                        "Node Type": "Hash",
                                        "Parent Relationship": "Inner",
                                        "Parallel Aware": true,
                                        "Startup Cost": 89882.84,
                                        "Total Cost": 89882.84,
                                        "Plan Rows": 281774,
                                        "Plan Width": 8,
                                        "Actual Startup Time": 285.943,
                                        "Actual Total Time": 285.947,
                                        "Actual Rows": 43478,
                                        "Actual Loops": 7,
                                        "Output": [
                                            "t.id",
                                            "mk.movie_id"
                                        ],
                                        "Hash Buckets": 1048576,
                                        "Original Hash Buckets": 1048576,
                                        "Hash Batches": 1,
                                        "Original Hash Batches": 1,
                                        "Peak Memory Usage": 20224,
                                        "Workers": [
                                            {
                                                "Worker Number": 0,
                                                "Actual Startup Time": 286.946,
                                                "Actual Total Time": 286.951,
                                                "Actual Rows": 33597,
                                                "Actual Loops": 1
                                            },
                                            {
                                                "Worker Number": 1,
                                                "Actual Startup Time": 286.954,
                                                "Actual Total Time": 286.956,
                                                "Actual Rows": 51372,
                                                "Actual Loops": 1
                                            },
                                            {
                                                "Worker Number": 2,
                                                "Actual Startup Time": 286.836,
                                                "Actual Total Time": 286.84,
                                                "Actual Rows": 33597,
                                                "Actual Loops": 1
                                            },
                                            {
                                                "Worker Number": 3,
                                                "Actual Startup Time": 286.957,
                                                "Actual Total Time": 286.96,
                                                "Actual Rows": 50019,
                                                "Actual Loops": 1
                                            },
                                            {
                                                "Worker Number": 4,
                                                "Actual Startup Time": 286.848,
                                                "Actual Total Time": 286.852,
                                                "Actual Rows": 46623,
                                                "Actual Loops": 1
                                            },
                                            {
                                                "Worker Number": 5,
                                                "Actual Startup Time": 286.94,
                                                "Actual Total Time": 286.943,
                                                "Actual Rows": 49459,
                                                "Actual Loops": 1
                                            }
                                        ],
                                        "Plans": [
                                            {
                                                "Node Type": "Hash Join",
                                                "Parent Relationship": "Outer",
                                                "Parallel Aware": true,
                                                "Join Type": "Inner",
                                                "Startup Cost": 47004.76,
                                                "Total Cost": 89882.84,
                                                "Plan Rows": 281774,
                                                "Plan Width": 8,
                                                "Actual Startup Time": 119.439,
                                                "Actual Total Time": 266.92,
                                                "Actual Rows": 43478,
                                                "Actual Loops": 7,
                                                "Output": [
                                                    "t.id",
                                                    "mk.movie_id"
                                                ],
                                                "Inner Unique": true,
                                                "Hash Cond": "(mk.movie_id = t.id)",
                                                "Workers": [
                                                    {
                                                        "Worker Number": 0,
                                                        "Actual Startup Time": 119.455,
                                                        "Actual Total Time": 267.083,
                                                        "Actual Rows": 33597,
                                                        "Actual Loops": 1
                                                    },
                                                    {
                                                        "Worker Number": 1,
                                                        "Actual Startup Time": 119.405,
                                                        "Actual Total Time": 267.374,
                                                        "Actual Rows": 51372,
                                                        "Actual Loops": 1
                                                    },
                                                    {
                                                        "Worker Number": 2,
                                                        "Actual Startup Time": 119.572,
                                                        "Actual Total Time": 266.862,
                                                        "Actual Rows": 33597,
                                                        "Actual Loops": 1
                                                    },
                                                    {
                                                        "Worker Number": 3,
                                                        "Actual Startup Time": 119.389,
                                                        "Actual Total Time": 266.981,
                                                        "Actual Rows": 50019,
                                                        "Actual Loops": 1
                                                    },
                                                    {
                                                        "Worker Number": 4,
                                                        "Actual Startup Time": 119.594,
                                                        "Actual Total Time": 267.28,
                                                        "Actual Rows": 46623,
                                                        "Actual Loops": 1
                                                    },
                                                    {
                                                        "Worker Number": 5,
                                                        "Actual Startup Time": 119.211,
                                                        "Actual Total Time": 266.146,
                                                        "Actual Rows": 49459,
                                                        "Actual Loops": 1
                                                    }
                                                ],
                                                "Plans": [
                                                    {
                                                        "Node Type": "Seq Scan",
                                                        "Parent Relationship": "Outer",
                                                        "Parallel Aware": true,
                                                        "Relation Name": "movie_keyword",
                                                        "Schema": "public",
                                                        "Alias": "mk",
                                                        "Startup Cost": 0.0,
                                                        "Total Cost": 39047.32,
                                                        "Plan Rows": 1459332,
                                                        "Plan Width": 4,
                                                        "Actual Startup Time": 0.025,
                                                        "Actual Total Time": 70.693,
                                                        "Actual Rows": 646276,
                                                        "Actual Loops": 7,
                                                        "Output": [
                                                            "mk.id",
                                                            "mk.movie_id",
                                                            "mk.keyword_id"
                                                        ],
                                                        "Workers": [
                                                            {
                                                                "Worker Number": 0,
                                                                "Actual Startup Time": 0.033,
                                                                "Actual Total Time": 72.296,
                                                                "Actual Rows": 487290,
                                                                "Actual Loops": 1
                                                            },
                                                            {
                                                                "Worker Number": 1,
                                                                "Actual Startup Time": 0.024,
                                                                "Actual Total Time": 72.39,
                                                                "Actual Rows": 757020,
                                                                "Actual Loops": 1
                                                            },
                                                            {
                                                                "Worker Number": 2,
                                                                "Actual Startup Time": 0.046,
                                                                "Actual Total Time": 72.324,
                                                                "Actual Rows": 486735,
                                                                "Actual Loops": 1
                                                            },
                                                            {
                                                                "Worker Number": 3,
                                                                "Actual Startup Time": 0.024,
                                                                "Actual Total Time": 72.024,
                                                                "Actual Rows": 748880,
                                                                "Actual Loops": 1
                                                            },
                                                            {
                                                                "Worker Number": 4,
                                                                "Actual Startup Time": 0.023,
                                                                "Actual Total Time": 73.207,
                                                                "Actual Rows": 704665,
                                                                "Actual Loops": 1
                                                            },
                                                            {
                                                                "Worker Number": 5,
                                                                "Actual Startup Time": 0.014,
                                                                "Actual Total Time": 71.884,
                                                                "Actual Rows": 749435,
                                                                "Actual Loops": 1
                                                            }
                                                        ]
                                                    },
                                                    {
                                                        "Node Type": "Hash",
                                                        "Parent Relationship": "Inner",
                                                        "Parallel Aware": true,
                                                        "Startup Cost": 45479.21,
                                                        "Total Cost": 45479.21,
                                                        "Plan Rows": 122044,
                                                        "Plan Width": 4,
                                                        "Actual Startup Time": 118.381,
                                                        "Actual Total Time": 118.382,
                                                        "Actual Rows": 71683,
                                                        "Actual Loops": 7,
                                                        "Output": [
                                                            "t.id"
                                                        ],
                                                        "Hash Buckets": 524288,
                                                        "Original Hash Buckets": 524288,
                                                        "Hash Batches": 1,
                                                        "Original Hash Batches": 1,
                                                        "Peak Memory Usage": 23840,
                                                        "Workers": [
                                                            {
                                                                "Worker Number": 0,
                                                                "Actual Startup Time": 119.13,
                                                                "Actual Total Time": 119.131,
                                                                "Actual Rows": 56428,
                                                                "Actual Loops": 1
                                                            },
                                                            {
                                                                "Worker Number": 1,
                                                                "Actual Startup Time": 119.122,
                                                                "Actual Total Time": 119.123,
                                                                "Actual Rows": 75154,
                                                                "Actual Loops": 1
                                                            },
                                                            {
                                                                "Worker Number": 2,
                                                                "Actual Startup Time": 119.15,
                                                                "Actual Total Time": 119.152,
                                                                "Actual Rows": 55648,
                                                                "Actual Loops": 1
                                                            },
                                                            {
                                                                "Worker Number": 3,
                                                                "Actual Startup Time": 119.104,
                                                                "Actual Total Time": 119.105,
                                                                "Actual Rows": 74775,
                                                                "Actual Loops": 1
                                                            },
                                                            {
                                                                "Worker Number": 4,
                                                                "Actual Startup Time": 119.11,
                                                                "Actual Total Time": 119.111,
                                                                "Actual Rows": 69643,
                                                                "Actual Loops": 1
                                                            },
                                                            {
                                                                "Worker Number": 5,
                                                                "Actual Startup Time": 119.076,
                                                                "Actual Total Time": 119.077,
                                                                "Actual Rows": 74902,
                                                                "Actual Loops": 1
                                                            }
                                                        ],
                                                        "Plans": [
                                                            {
                                                                "Node Type": "Seq Scan",
                                                                "Parent Relationship": "Outer",
                                                                "Parallel Aware": true,
                                                                "Relation Name": "title",
                                                                "Schema": "public",
                                                                "Alias": "t",
                                                                "Startup Cost": 0.0,
                                                                "Total Cost": 45479.21,
                                                                "Plan Rows": 122044,
                                                                "Plan Width": 4,
                                                                "Actual Startup Time": 0.067,
                                                                "Actual Total Time": 79.968,
                                                                "Actual Rows": 71683,
                                                                "Actual Loops": 7,
                                                                "Output": [
                                                                    "t.id"
                                                                ],
                                                                "Filter": "((t.kind_id > 1) AND (t.production_year > 2008))",
                                                                "Rows Removed by Filter": 289505,
                                                                "Workers": [
                                                                    {
                                                                        "Worker Number": 0,
                                                                        "Actual Startup Time": 0.08,
                                                                        "Actual Total Time": 81.584,
                                                                        "Actual Rows": 56428,
                                                                        "Actual Loops": 1
                                                                    },
                                                                    {
                                                                        "Worker Number": 1,
                                                                        "Actual Startup Time": 0.077,
                                                                        "Actual Total Time": 80.069,
                                                                        "Actual Rows": 75154,
                                                                        "Actual Loops": 1
                                                                    },
                                                                    {
                                                                        "Worker Number": 2,
                                                                        "Actual Startup Time": 0.074,
                                                                        "Actual Total Time": 82.02,
                                                                        "Actual Rows": 55648,
                                                                        "Actual Loops": 1
                                                                    },
                                                                    {
                                                                        "Worker Number": 3,
                                                                        "Actual Startup Time": 0.076,
                                                                        "Actual Total Time": 80.283,
                                                                        "Actual Rows": 74775,
                                                                        "Actual Loops": 1
                                                                    },
                                                                    {
                                                                        "Worker Number": 4,
                                                                        "Actual Startup Time": 0.075,
                                                                        "Actual Total Time": 80.967,
                                                                        "Actual Rows": 69643,
                                                                        "Actual Loops": 1
                                                                    },
                                                                    {
                                                                        "Worker Number": 5,
                                                                        "Actual Startup Time": 0.065,
                                                                        "Actual Total Time": 80.182,
                                                                        "Actual Rows": 74902,
                                                                        "Actual Loops": 1
                                                                    }
                                                                ]
                                                            }
                                                        ]
                                                    }
                                                ]
                                            }
                                        ]
                                    }
                                ]
                            }
                        ]
                    }
                ]
            }
        ]
    },
    "Planning Time": 1.384,
    "Triggers": [],
    "Execution Time": 1419.987
}