[
  {
    "Plan": {
      "Node Type": "Aggregate",
      "Strategy": "Plain",
      "Partial Mode": "Finalize",
      "Parallel Aware": false,
      "Startup Cost": 102901.6,
      "Total Cost": 102901.61,
      "Plan Rows": 1,
      "Plan Width": 8,
      "Actual Startup Time": 949.944,
      "Actual Total Time": 966.097,
      "Actual Rows": 1,
      "Actual Loops": 1,
      "Plans": [
        {
          "Node Type": "Gather",
          "Parent Relationship": "Outer",
          "Parallel Aware": false,
          "Startup Cost": 102901.39,
          "Total Cost": 102901.6,
          "Plan Rows": 2,
          "Plan Width": 8,
          "Actual Startup Time": 941.218,
          "Actual Total Time": 966.086,
          "Actual Rows": 3,
          "Actual Loops": 1,
          "Workers Planned": 2,
          "Workers Launched": 2,
          "Single Copy": false,
          "Plans": [
            {
              "Node Type": "Aggregate",
              "Strategy": "Plain",
              "Partial Mode": "Partial",
              "Parent Relationship": "Outer",
              "Parallel Aware": false,
              "Startup Cost": 101901.39,
              "Total Cost": 101901.4,
              "Plan Rows": 1,
              "Plan Width": 8,
              "Actual Startup Time": 933.201,
              "Actual Total Time": 933.819,
              "Actual Rows": 1,
              "Actual Loops": 3,
              "Plans": [
                {
                  "Node Type": "Hash Join",
                  "Parent Relationship": "Outer",
                  "Parallel Aware": true,
                  "Join Type": "Inner",
                  "Startup Cost": 84914.64,
                  "Total Cost": 101328.74,
                  "Plan Rows": 229060,
                  "Plan Width": 0,
                  "Actual Startup Time": 764.698,
                  "Actual Total Time": 913.602,
                  "Actual Rows": 510199,
                  "Actual Loops": 3,
                  "Inner Unique": false,
                  "Hash Cond": "(mi_idx.movie_id = t.id)",
                  "Plans": [
                    {
                      "Node Type": "Seq Scan",
                      "Parent Relationship": "Outer",
                      "Parallel Aware": true,
                      "Relation Name": "movie_info_idx",
                      "Alias": "mi_idx",
                      "Startup Cost": 0.0,
                      "Total Cost": 13685.15,
                      "Plan Rows": 575015,
                      "Plan Width": 4,
                      "Actual Startup Time": 0.025,
                      "Actual Total Time": 36.629,
                      "Actual Rows": 460012,
                      "Actual Loops": 3
                    },
                    {
                      "Node Type": "Hash",
                      "Parent Relationship": "Inner",
                      "Parallel Aware": true,
                      "Startup Cost": 81767.26,
                      "Total Cost": 81767.26,
                      "Plan Rows": 251790,
                      "Plan Width": 8,
                      "Actual Startup Time": 756.444,
                      "Actual Total Time": 757.062,
                      "Actual Rows": 387190,
                      "Actual Loops": 3,
                      "Hash Buckets": 2097152,
                      "Original Hash Buckets": 1048576,
                      "Hash Batches": 1,
                      "Original Hash Batches": 1,
                      "Peak Memory Usage": 70080,
                      "Plans": [
                        {
                          "Node Type": "Hash Join",
                          "Parent Relationship": "Outer",
                          "Parallel Aware": true,
                          "Join Type": "Inner",
                          "Startup Cost": 35475.94,
                          "Total Cost": 81767.26,
                          "Plan Rows": 251790,
                          "Plan Width": 8,
                          "Actual Startup Time": 237.686,
                          "Actual Total Time": 620.373,
                          "Actual Rows": 387190,
                          "Actual Loops": 3,
                          "Inner Unique": false,
                          "Hash Cond": "(t.id = mc.movie_id)",
                          "Plans": [
                            {
                              "Node Type": "Seq Scan",
                              "Parent Relationship": "Outer",
                              "Parallel Aware": true,
                              "Relation Name": "title",
                              "Alias": "t",
                              "Startup Cost": 0.0,
                              "Total Cost": 42318.73,
                              "Plan Rows": 632073,
                              "Plan Width": 4,
                              "Actual Startup Time": 0.01,
                              "Actual Total Time": 97.71,
                              "Actual Rows": 842771,
                              "Actual Loops": 3
                            },
                            {
                              "Node Type": "Hash",
                              "Parent Relationship": "Inner",
                              "Parallel Aware": true,
                              "Startup Cost": 31414.82,
                              "Total Cost": 31414.82,
                              "Plan Rows": 324890,
                              "Plan Width": 4,
                              "Actual Startup Time": 234.102,
                              "Actual Total Time": 234.103,
                              "Actual Rows": 387190,
                              "Actual Loops": 3,
                              "Hash Buckets": 2097152,
                              "Original Hash Buckets": 1048576,
                              "Hash Batches": 1,
                              "Original Hash Batches": 1,
                              "Peak Memory Usage": 70080,
                              "Plans": [
                                {
                                  "Node Type": "Seq Scan",
                                  "Parent Relationship": "Outer",
                                  "Parallel Aware": true,
                                  "Relation Name": "movie_companies",
                                  "Alias": "mc",
                                  "Startup Cost": 0.0,
                                  "Total Cost": 31414.82,
                                  "Plan Rows": 324890,
                                  "Plan Width": 4,
                                  "Actual Startup Time": 55.359,
                                  "Actual Total Time": 108.477,
                                  "Actual Rows": 387190,
                                  "Actual Loops": 3,
                                  "Filter": "((company_id > 774) AND (company_type_id = 2))",
                                  "Rows Removed by Filter": 482519
                                }
                              ]
                            }
                          ]
                        }
                      ]
                    }
                  ]
                }
              ]
            }
          ]
        }
      ]
    },
    "Planning Time": 1.404,
    "Triggers": [],
    "Execution Time": 966.183
  }
]