[
  {
    "Plan": {
      "Node Type": "Aggregate",
      "Strategy": "Plain",
      "Partial Mode": "Finalize",
      "Parallel Aware": false,
      "Startup Cost": 45010.17,
      "Total Cost": 45010.18,
      "Plan Rows": 1,
      "Plan Width": 8,
      "Actual Startup Time": 122.842,
      "Actual Total Time": 129.973,
      "Actual Rows": 1,
      "Actual Loops": 1,
      "Plans": [
        {
          "Node Type": "Gather",
          "Parent Relationship": "Outer",
          "Parallel Aware": false,
          "Startup Cost": 45009.85,
          "Total Cost": 45010.16,
          "Plan Rows": 3,
          "Plan Width": 8,
          "Actual Startup Time": 122.716,
          "Actual Total Time": 129.965,
          "Actual Rows": 4,
          "Actual Loops": 1,
          "Workers Planned": 3,
          "Workers Launched": 3,
          "Single Copy": false,
          "Plans": [
            {
              "Node Type": "Aggregate",
              "Strategy": "Plain",
              "Partial Mode": "Partial",
              "Parent Relationship": "Outer",
              "Parallel Aware": false,
              "Startup Cost": 44009.85,
              "Total Cost": 44009.86,
              "Plan Rows": 1,
              "Plan Width": 8,
              "Actual Startup Time": 118.741,
              "Actual Total Time": 118.742,
              "Actual Rows": 1,
              "Actual Loops": 4,
              "Plans": [
                {
                  "Node Type": "Seq Scan",
                  "Parent Relationship": "Outer",
                  "Parallel Aware": true,
                  "Relation Name": "movie_keyword",
                  "Alias": "mk",
                  "Startup Cost": 0.0,
                  "Total Cost": 42695.65,
                  "Plan Rows": 525678,
                  "Plan Width": 0,
                  "Actual Startup Time": 0.615,
                  "Actual Total Time": 100.571,
                  "Actual Rows": 409194,
                  "Actual Loops": 4,
                  "Filter": "(keyword_id > 9070)",
                  "Rows Removed by Filter": 721788
                }
              ]
            }
          ]
        }
      ]
    },
    "Planning Time": 0.094,
    "Triggers": [],
    "Execution Time": 130.007
  }
]