[
  {
    "Plan": {
      "Node Type": "Aggregate",
      "Strategy": "Plain",
      "Partial Mode": "Finalize",
      "Parallel Aware": false,
      "Startup Cost": 341618.37,
      "Total Cost": 341618.38,
      "Plan Rows": 1,
      "Plan Width": 8,
      "Actual Startup Time": 435.693,
      "Actual Total Time": 449.273,
      "Actual Rows": 1,
      "Actual Loops": 1,
      "Plans": [
        {
          "Node Type": "Gather",
          "Parent Relationship": "Outer",
          "Parallel Aware": false,
          "Startup Cost": 341617.75,
          "Total Cost": 341618.36,
          "Plan Rows": 6,
          "Plan Width": 8,
          "Actual Startup Time": 432.762,
          "Actual Total Time": 449.258,
          "Actual Rows": 7,
          "Actual Loops": 1,
          "Workers Planned": 6,
          "Workers Launched": 6,
          "Single Copy": false,
          "Plans": [
            {
              "Node Type": "Aggregate",
              "Strategy": "Plain",
              "Partial Mode": "Partial",
              "Parent Relationship": "Outer",
              "Parallel Aware": false,
              "Startup Cost": 340617.75,
              "Total Cost": 340617.76,
              "Plan Rows": 1,
              "Plan Width": 8,
              "Actual Startup Time": 422.689,
              "Actual Total Time": 422.691,
              "Actual Rows": 1,
              "Actual Loops": 7,
              "Plans": [
                {
                  "Node Type": "Bitmap Heap Scan",
                  "Parent Relationship": "Outer",
                  "Parallel Aware": true,
                  "Relation Name": "cast_info",
                  "Alias": "ci",
                  "Startup Cost": 78091.46,
                  "Total Cost": 339656.5,
                  "Plan Rows": 384498,
                  "Plan Width": 0,
                  "Actual Startup Time": 236.962,
                  "Actual Total Time": 397.704,
                  "Actual Rows": 502291,
                  "Actual Loops": 7,
                  "Recheck Cond": "(person_id > 3421951)",
                  "Rows Removed by Index Recheck": 0,
                  "Filter": "(role_id > 1)",
                  "Rows Removed by Filter": 0,
                  "Exact Heap Blocks": 11974,
                  "Lossy Heap Blocks": 0,
                  "Plans": [
                    {
                      "Node Type": "Bitmap Index Scan",
                      "Parent Relationship": "Outer",
                      "Parallel Aware": false,
                      "Index Name": "person_id_cast_info",
                      "Startup Cost": 0.0,
                      "Total Cost": 77514.71,
                      "Plan Rows": 3551219,
                      "Plan Width": 0,
                      "Actual Startup Time": 237.083,
                      "Actual Total Time": 237.084,
                      "Actual Rows": 3516038,
                      "Actual Loops": 1,
                      "Index Cond": "(person_id > 3421951)"
                    }
                  ]
                }
              ]
            }
          ]
        }
      ]
    },
    "Planning Time": 0.185,
    "Triggers": [],
    "Execution Time": 449.353
  }
]