[
  {
    "Plan": {
      "Node Type": "Aggregate",
      "Strategy": "Plain",
      "Partial Mode": "Finalize",
      "Parallel Aware": false,
      "Startup Cost": 227164.34,
      "Total Cost": 227164.35,
      "Plan Rows": 1,
      "Plan Width": 8,
      "Actual Startup Time": 1707.562,
      "Actual Total Time": 1745.613,
      "Actual Rows": 1,
      "Actual Loops": 1,
      "Plans": [
        {
          "Node Type": "Gather",
          "Parent Relationship": "Outer",
          "Parallel Aware": false,
          "Startup Cost": 227164.02,
          "Total Cost": 227164.33,
          "Plan Rows": 3,
          "Plan Width": 8,
          "Actual Startup Time": 1680.859,
          "Actual Total Time": 1745.602,
          "Actual Rows": 4,
          "Actual Loops": 1,
          "Workers Planned": 3,
          "Workers Launched": 3,
          "Single Copy": false,
          "Plans": [
            {
              "Node Type": "Aggregate",
              "Strategy": "Plain",
              "Partial Mode": "Partial",
              "Parent Relationship": "Outer",
              "Parallel Aware": false,
              "Startup Cost": 226164.02,
              "Total Cost": 226164.03,
              "Plan Rows": 1,
              "Plan Width": 8,
              "Actual Startup Time": 1665.453,
              "Actual Total Time": 1665.459,
              "Actual Rows": 1,
              "Actual Loops": 4,
              "Plans": [
                {
                  "Node Type": "Hash Join",
                  "Parent Relationship": "Outer",
                  "Parallel Aware": true,
                  "Join Type": "Inner",
                  "Startup Cost": 175473.92,
                  "Total Cost": 222736.09,
                  "Plan Rows": 1371173,
                  "Plan Width": 0,
                  "Actual Startup Time": 979.453,
                  "Actual Total Time": 1503.073,
                  "Actual Rows": 2918463,
                  "Actual Loops": 4,
                  "Inner Unique": false,
                  "Hash Cond": "(mk.movie_id = t.id)",
                  "Plans": [
                    {
                      "Node Type": "Seq Scan",
                      "Parent Relationship": "Outer",
                      "Parallel Aware": true,
                      "Relation Name": "movie_keyword",
                      "Alias": "mk",
                      "Startup Cost": 0.0,
                      "Total Cost": 39047.32,
                      "Plan Rows": 1459332,
                      "Plan Width": 4,
                      "Actual Startup Time": 0.03,
                      "Actual Total Time": 110.503,
                      "Actual Rows": 1130982,
                      "Actual Loops": 4
                    },
                    {
                      "Node Type": "Hash",
                      "Parent Relationship": "Inner",
                      "Parallel Aware": true,
                      "Startup Cost": 169534.72,
                      "Total Cost": 169534.72,
                      "Plan Rows": 475136,
                      "Plan Width": 8,
                      "Actual Startup Time": 969.291,
                      "Actual Total Time": 969.296,
                      "Actual Rows": 194448,
                      "Actual Loops": 4,
                      "Hash Buckets": 4194304,
                      "Original Hash Buckets": 4194304,
                      "Hash Batches": 1,
                      "Original Hash Batches": 1,
                      "Peak Memory Usage": 63232,
                      "Plans": [
                        {
                          "Node Type": "Hash Join",
                          "Parent Relationship": "Outer",
                          "Parallel Aware": true,
                          "Join Type": "Inner",
                          "Startup Cost": 50220.95,
                          "Total Cost": 169534.72,
                          "Plan Rows": 475136,
                          "Plan Width": 8,
                          "Actual Startup Time": 449.4,
                          "Actual Total Time": 847.802,
                          "Actual Rows": 194448,
                          "Actual Loops": 4,
                          "Inner Unique": true,
                          "Hash Cond": "(ci.movie_id = t.id)",
                          "Plans": [
                            {
                              "Node Type": "Index Scan",
                              "Parent Relationship": "Outer",
                              "Parallel Aware": true,
                              "Scan Direction": "Forward",
                              "Index Name": "role_id_cast_info",
                              "Relation Name": "cast_info",
                              "Alias": "ci",
                              "Startup Cost": 0.56,
                              "Total Cost": 118067.1,
                              "Plan Rows": 475136,
                              "Plan Width": 4,
                              "Actual Startup Time": 0.13,
                              "Actual Total Time": 252.926,
                              "Actual Rows": 194448,
                              "Actual Loops": 4,
                              "Index Cond": "(role_id = 10)",
                              "Rows Removed by Index Recheck": 0,
                              "Filter": "(person_id < 2023256)",
                              "Rows Removed by Filter": 886307
                            },
                            {
                              "Node Type": "Hash",
                              "Parent Relationship": "Inner",
                              "Parallel Aware": true,
                              "Startup Cost": 42319.06,
                              "Total Cost": 42319.06,
                              "Plan Rows": 632106,
                              "Plan Width": 4,
                              "Actual Startup Time": 439.665,
                              "Actual Total Time": 439.666,
                              "Actual Rows": 632078,
                              "Actual Loops": 4,
                              "Hash Buckets": 4194304,
                              "Original Hash Buckets": 4194304,
                              "Hash Batches": 1,
                              "Original Hash Batches": 1,
                              "Peak Memory Usage": 131744,
                              "Plans": [
                                {
                                  "Node Type": "Seq Scan",
                                  "Parent Relationship": "Outer",
                                  "Parallel Aware": true,
                                  "Relation Name": "title",
                                  "Alias": "t",
                                  "Startup Cost": 0.0,
                                  "Total Cost": 42319.06,
                                  "Plan Rows": 632106,
                                  "Plan Width": 4,
                                  "Actual Startup Time": 0.062,
                                  "Actual Total Time": 126.645,
                                  "Actual Rows": 632078,
                                  "Actual Loops": 4
                                }
                              ]
                            }
                          ]
                        }
                      ]
                    }
                  ]
                }
              ]
            }
          ]
        }
      ]
    },
    "Planning Time": 0.886,
    "Triggers": [],
    "Execution Time": 1745.675
  }
]