[
  {
    "Plan": {
      "Node Type": "Aggregate",
      "Strategy": "Plain",
      "Partial Mode": "Finalize",
      "Parallel Aware": false,
      "Startup Cost": 330707.14,
      "Total Cost": 330707.15,
      "Plan Rows": 1,
      "Plan Width": 8,
      "Actual Startup Time": 3133.501,
      "Actual Total Time": 3221.618,
      "Actual Rows": 1,
      "Actual Loops": 1,
      "Plans": [
        {
          "Node Type": "Gather",
          "Parent Relationship": "Outer",
          "Parallel Aware": false,
          "Startup Cost": 330706.72,
          "Total Cost": 330707.13,
          "Plan Rows": 4,
          "Plan Width": 8,
          "Actual Startup Time": 3131.336,
          "Actual Total Time": 3221.606,
          "Actual Rows": 5,
          "Actual Loops": 1,
          "Workers Planned": 4,
          "Workers Launched": 4,
          "Single Copy": false,
          "Plans": [
            {
              "Node Type": "Aggregate",
              "Strategy": "Plain",
              "Partial Mode": "Partial",
              "Parent Relationship": "Outer",
              "Parallel Aware": false,
              "Startup Cost": 329706.72,
              "Total Cost": 329706.73,
              "Plan Rows": 1,
              "Plan Width": 8,
              "Actual Startup Time": 3121.439,
              "Actual Total Time": 3121.445,
              "Actual Rows": 1,
              "Actual Loops": 5,
              "Plans": [
                {
                  "Node Type": "Nested Loop",
                  "Parent Relationship": "Outer",
                  "Parallel Aware": false,
                  "Join Type": "Inner",
                  "Startup Cost": 31210.01,
                  "Total Cost": 328182.75,
                  "Plan Rows": 609588,
                  "Plan Width": 0,
                  "Actual Startup Time": 104.645,
                  "Actual Total Time": 3073.523,
                  "Actual Rows": 1048702,
                  "Actual Loops": 5,
                  "Inner Unique": false,
                  "Plans": [
                    {
                      "Node Type": "Hash Join",
                      "Parent Relationship": "Outer",
                      "Parallel Aware": true,
                      "Join Type": "Inner",
                      "Startup Cost": 31209.44,
                      "Total Cost": 77068.29,
                      "Plan Rows": 117723,
                      "Plan Width": 8,
                      "Actual Startup Time": 104.524,
                      "Actual Total Time": 374.473,
                      "Actual Rows": 95679,
                      "Actual Loops": 5,
                      "Inner Unique": false,
                      "Hash Cond": "(t.id = mc.movie_id)",
                      "Plans": [
                        {
                          "Node Type": "Seq Scan",
                          "Parent Relationship": "Outer",
                          "Parallel Aware": true,
                          "Relation Name": "title",
                          "Alias": "t",
                          "Startup Cost": 0.0,
                          "Total Cost": 42318.73,
                          "Plan Rows": 632073,
                          "Plan Width": 4,
                          "Actual Startup Time": 0.01,
                          "Actual Total Time": 64.457,
                          "Actual Rows": 505662,
                          "Actual Loops": 5
                        },
                        {
                          "Node Type": "Hash",
                          "Parent Relationship": "Inner",
                          "Parallel Aware": true,
                          "Startup Cost": 29310.68,
                          "Total Cost": 29310.68,
                          "Plan Rows": 151901,
                          "Plan Width": 4,
                          "Actual Startup Time": 93.596,
                          "Actual Total Time": 93.597,
                          "Actual Rows": 95679,
                          "Actual Loops": 5,
                          "Hash Buckets": 524288,
                          "Original Hash Buckets": 524288,
                          "Hash Batches": 1,
                          "Original Hash Batches": 1,
                          "Peak Memory Usage": 22880,
                          "Plans": [
                            {
                              "Node Type": "Seq Scan",
                              "Parent Relationship": "Outer",
                              "Parallel Aware": true,
                              "Relation Name": "movie_companies",
                              "Alias": "mc",
                              "Startup Cost": 0.0,
                              "Total Cost": 29310.68,
                              "Plan Rows": 151901,
                              "Plan Width": 4,
                              "Actual Startup Time": 41.042,
                              "Actual Total Time": 66.293,
                              "Actual Rows": 95679,
                              "Actual Loops": 5,
                              "Filter": "(company_id > 75437)",
                              "Rows Removed by Filter": 426146
                            }
                          ]
                        }
                      ]
                    },
                    {
                      "Node Type": "Index Scan",
                      "Parent Relationship": "Inner",
                      "Parallel Aware": false,
                      "Scan Direction": "Forward",
                      "Index Name": "movie_id_cast_info",
                      "Relation Name": "cast_info",
                      "Alias": "ci",
                      "Startup Cost": 0.56,
                      "Total Cost": 2.0,
                      "Plan Rows": 13,
                      "Plan Width": 4,
                      "Actual Startup Time": 0.017,
                      "Actual Total Time": 0.027,
                      "Actual Rows": 11,
                      "Actual Loops": 478397,
                      "Index Cond": "(movie_id = t.id)",
                      "Rows Removed by Index Recheck": 0,
                      "Filter": "((person_id > 724887) AND (role_id > 2))",
                      "Rows Removed by Filter": 15
                    }
                  ]
                }
              ]
            }
          ]
        }
      ]
    },
    "Planning Time": 1.404,
    "Triggers": [],
    "Execution Time": 3221.731
  }
]