[
  {
    "Plan": {
      "Node Type": "Aggregate",
      "Strategy": "Plain",
      "Partial Mode": "Finalize",
      "Parallel Aware": false,
      "Startup Cost": 210909.57,
      "Total Cost": 210909.58,
      "Plan Rows": 1,
      "Plan Width": 8,
      "Actual Startup Time": 2071.481,
      "Actual Total Time": 2156.587,
      "Actual Rows": 1,
      "Actual Loops": 1,
      "Plans": [
        {
          "Node Type": "Gather",
          "Parent Relationship": "Outer",
          "Parallel Aware": false,
          "Startup Cost": 210909.15,
          "Total Cost": 210909.56,
          "Plan Rows": 4,
          "Plan Width": 8,
          "Actual Startup Time": 2069.809,
          "Actual Total Time": 2156.577,
          "Actual Rows": 5,
          "Actual Loops": 1,
          "Workers Planned": 4,
          "Workers Launched": 4,
          "Single Copy": false,
          "Plans": [
            {
              "Node Type": "Aggregate",
              "Strategy": "Plain",
              "Partial Mode": "Partial",
              "Parent Relationship": "Outer",
              "Parallel Aware": false,
              "Startup Cost": 209909.15,
              "Total Cost": 209909.16,
              "Plan Rows": 1,
              "Plan Width": 8,
              "Actual Startup Time": 2059.696,
              "Actual Total Time": 2059.7,
              "Actual Rows": 1,
              "Actual Loops": 5,
              "Plans": [
                {
                  "Node Type": "Nested Loop",
                  "Parent Relationship": "Outer",
                  "Parallel Aware": false,
                  "Join Type": "Inner",
                  "Startup Cost": 26173.95,
                  "Total Cost": 207685.35,
                  "Plan Rows": 889522,
                  "Plan Width": 0,
                  "Actual Startup Time": 159.086,
                  "Actual Total Time": 1992.043,
                  "Actual Rows": 1284710,
                  "Actual Loops": 5,
                  "Inner Unique": false,
                  "Plans": [
                    {
                      "Node Type": "Hash Join",
                      "Parent Relationship": "Outer",
                      "Parallel Aware": true,
                      "Join Type": "Inner",
                      "Startup Cost": 26173.38,
                      "Total Cost": 71852.73,
                      "Plan Rows": 62078,
                      "Plan Width": 8,
                      "Actual Startup Time": 158.967,
                      "Actual Total Time": 280.461,
                      "Actual Rows": 49190,
                      "Actual Loops": 5,
                      "Inner Unique": false,
                      "Hash Cond": "(t.id = mc.movie_id)",
                      "Plans": [
                        {
                          "Node Type": "Seq Scan",
                          "Parent Relationship": "Outer",
                          "Parallel Aware": true,
                          "Relation Name": "title",
                          "Alias": "t",
                          "Startup Cost": 0.0,
                          "Total Cost": 42318.73,
                          "Plan Rows": 632073,
                          "Plan Width": 4,
                          "Actual Startup Time": 0.013,
                          "Actual Total Time": 69.055,
                          "Actual Rows": 505662,
                          "Actual Loops": 5
                        },
                        {
                          "Node Type": "Hash",
                          "Parent Relationship": "Inner",
                          "Parallel Aware": true,
                          "Startup Cost": 25172.12,
                          "Total Cost": 25172.12,
                          "Plan Rows": 80101,
                          "Plan Width": 4,
                          "Actual Startup Time": 67.142,
                          "Actual Total Time": 67.143,
                          "Actual Rows": 49190,
                          "Actual Loops": 5,
                          "Hash Buckets": 262144,
                          "Original Hash Buckets": 262144,
                          "Hash Batches": 1,
                          "Original Hash Batches": 1,
                          "Peak Memory Usage": 11744,
                          "Plans": [
                            {
                              "Node Type": "Bitmap Heap Scan",
                              "Parent Relationship": "Outer",
                              "Parallel Aware": true,
                              "Relation Name": "movie_companies",
                              "Alias": "mc",
                              "Startup Cost": 5380.86,
                              "Total Cost": 25172.12,
                              "Plan Rows": 80101,
                              "Plan Width": 4,
                              "Actual Startup Time": 18.886,
                              "Actual Total Time": 45.19,
                              "Actual Rows": 49190,
                              "Actual Loops": 5,
                              "Recheck Cond": "(company_id > 101865)",
                              "Rows Removed by Index Recheck": 0,
                              "Exact Heap Blocks": 1903,
                              "Lossy Heap Blocks": 0,
                              "Plans": [
                                {
                                  "Node Type": "Bitmap Index Scan",
                                  "Parent Relationship": "Outer",
                                  "Parallel Aware": false,
                                  "Index Name": "company_id_movie_companies",
                                  "Startup Cost": 0.0,
                                  "Total Cost": 5318.78,
                                  "Plan Rows": 248313,
                                  "Plan Width": 0,
                                  "Actual Startup Time": 20.981,
                                  "Actual Total Time": 20.981,
                                  "Actual Rows": 245950,
                                  "Actual Loops": 1,
                                  "Index Cond": "(company_id > 101865)"
                                }
                              ]
                            }
                          ]
                        }
                      ]
                    },
                    {
                      "Node Type": "Index Only Scan",
                      "Parent Relationship": "Inner",
                      "Parallel Aware": false,
                      "Scan Direction": "Forward",
                      "Index Name": "movie_id_cast_info",
                      "Relation Name": "cast_info",
                      "Alias": "ci",
                      "Startup Cost": 0.56,
                      "Total Cost": 1.82,
                      "Plan Rows": 37,
                      "Plan Width": 4,
                      "Actual Startup Time": 0.006,
                      "Actual Total Time": 0.033,
                      "Actual Rows": 26,
                      "Actual Loops": 245950,
                      "Index Cond": "(movie_id = t.id)",
                      "Rows Removed by Index Recheck": 0,
                      "Heap Fetches": 6423549
                    }
                  ]
                }
              ]
            }
          ]
        }
      ]
    },
    "Planning Time": 1.273,
    "Triggers": [],
    "Execution Time": 2156.762
  }
]