{
  "Plan": {
    "Node Type": "Aggregate",
    "Strategy": "Plain",
    "Partial Mode": "Finalize",
    "Parallel Aware": false,
    "Startup Cost": 333633.71,
    "Total Cost": 333633.72,
    "Plan Rows": 1,
    "Plan Width": 8,
    "Actual Startup Time": 1460.268,
    "Actual Total Time": 1508.211,
    "Actual Rows": 1,
    "Actual Loops": 1,
    "Plans": [
      {
        "Node Type": "Gather",
        "Parent Relationship": "Outer",
        "Parallel Aware": false,
        "Startup Cost": 333633.59,
        "Total Cost": 333633.7,
        "Plan Rows": 1,
        "Plan Width": 8,
        "Actual Startup Time": 1459.852,
        "Actual Total Time": 1508.201,
        "Actual Rows": 2,
        "Actual Loops": 1,
        "Workers Planned": 1,
        "Workers Launched": 1,
        "Single Copy": false,
        "Plans": [
          {
            "Node Type": "Aggregate",
            "Strategy": "Plain",
            "Partial Mode": "Partial",
            "Parent Relationship": "Outer",
            "Parallel Aware": false,
            "Startup Cost": 332633.59,
            "Total Cost": 332633.6,
            "Plan Rows": 1,
            "Plan Width": 8,
            "Actual Startup Time": 1456.429,
            "Actual Total Time": 1456.433,
            "Actual Rows": 1,
            "Actual Loops": 2,
            "Plans": [
              {
                "Node Type": "Hash Join",
                "Parent Relationship": "Outer",
                "Parallel Aware": true,
                "Join Type": "Inner",
                "Startup Cost": 59478.94,
                "Total Cost": 331262.43,
                "Plan Rows": 548465,
                "Plan Width": 0,
                "Actual Startup Time": 154.631,
                "Actual Total Time": 1448.517,
                "Actual Rows": 191158,
                "Actual Loops": 2,
                "Inner Unique": true,
                "Hash Cond": "(mi.movie_id = t.id)",
                "Plans": [
                  {
                    "Node Type": "Seq Scan",
                    "Parent Relationship": "Outer",
                    "Parallel Aware": true,
                    "Relation Name": "movie_info",
                    "Alias": "mi",
                    "Startup Cost": 0.0,
                    "Total Cost": 248955.74,
                    "Plan Rows": 8696274,
                    "Plan Width": 4,
                    "Actual Startup Time": 0.009,
                    "Actual Total Time": 638.652,
                    "Actual Rows": 7417860,
                    "Actual Loops": 2
                  },
                  {
                    "Node Type": "Hash",
                    "Parent Relationship": "Inner",
                    "Parallel Aware": true,
                    "Startup Cost": 58306.47,
                    "Total Cost": 58306.47,
                    "Plan Rows": 93798,
                    "Plan Width": 4,
                    "Actual Startup Time": 150.853,
                    "Actual Total Time": 150.854,
                    "Actual Rows": 33039,
                    "Actual Loops": 2,
                    "Hash Buckets": 262144,
                    "Original Hash Buckets": 262144,
                    "Hash Batches": 1,
                    "Original Hash Batches": 1,
                    "Peak Memory Usage": 4672,
                    "Plans": [
                      {
                        "Node Type": "Seq Scan",
                        "Parent Relationship": "Outer",
                        "Parallel Aware": true,
                        "Relation Name": "title",
                        "Alias": "t",
                        "Startup Cost": 0.0,
                        "Total Cost": 58306.47,
                        "Plan Rows": 93798,
                        "Plan Width": 4,
                        "Actual Startup Time": 0.024,
                        "Actual Total Time": 139.05,
                        "Actual Rows": 33039,
                        "Actual Loops": 2,
                        "Filter": "((kind_id > 6) AND (production_year < 1963))",
                        "Rows Removed by Filter": 1231117
                      }
                    ]
                  }
                ]
              }
            ]
          }
        ]
      }
    ]
  },
  "Planning Time": 0.276,
  "Triggers": [],
  "Execution Time": 1508.271
}