[
  {
    "Plan": {
      "Node Type": "Aggregate",
      "Strategy": "Plain",
      "Partial Mode": "Finalize",
      "Parallel Aware": false,
      "Startup Cost": 101371.89,
      "Total Cost": 101371.9,
      "Plan Rows": 1,
      "Plan Width": 8,
      "Actual Startup Time": 562.729,
      "Actual Total Time": 584.645,
      "Actual Rows": 1,
      "Actual Loops": 1,
      "Plans": [
        {
          "Node Type": "Gather",
          "Parent Relationship": "Outer",
          "Parallel Aware": false,
          "Startup Cost": 101371.47,
          "Total Cost": 101371.88,
          "Plan Rows": 4,
          "Plan Width": 8,
          "Actual Startup Time": 542.186,
          "Actual Total Time": 584.636,
          "Actual Rows": 5,
          "Actual Loops": 1,
          "Workers Planned": 4,
          "Workers Launched": 4,
          "Single Copy": false,
          "Plans": [
            {
              "Node Type": "Aggregate",
              "Strategy": "Plain",
              "Partial Mode": "Partial",
              "Parent Relationship": "Outer",
              "Parallel Aware": false,
              "Startup Cost": 100371.47,
              "Total Cost": 100371.48,
              "Plan Rows": 1,
              "Plan Width": 8,
              "Actual Startup Time": 524.752,
              "Actual Total Time": 524.756,
              "Actual Rows": 1,
              "Actual Loops": 5,
              "Plans": [
                {
                  "Node Type": "Hash Join",
                  "Parent Relationship": "Outer",
                  "Parallel Aware": true,
                  "Join Type": "Inner",
                  "Startup Cost": 50220.95,
                  "Total Cost": 99855.51,
                  "Plan Rows": 206386,
                  "Plan Width": 0,
                  "Actual Startup Time": 345.485,
                  "Actual Total Time": 516.133,
                  "Actual Rows": 178422,
                  "Actual Loops": 5,
                  "Inner Unique": true,
                  "Hash Cond": "(ci.movie_id = t.id)",
                  "Plans": [
                    {
                      "Node Type": "Index Scan",
                      "Parent Relationship": "Outer",
                      "Parallel Aware": true,
                      "Scan Direction": "Forward",
                      "Index Name": "role_id_cast_info",
                      "Relation Name": "cast_info",
                      "Alias": "ci",
                      "Startup Cost": 0.56,
                      "Total Cost": 49093.36,
                      "Plan Rows": 206386,
                      "Plan Width": 4,
                      "Actual Startup Time": 0.104,
                      "Actual Total Time": 69.299,
                      "Actual Rows": 178422,
                      "Actual Loops": 5,
                      "Index Cond": "(role_id = 8)",
                      "Rows Removed by Index Recheck": 0,
                      "Filter": "(person_id > 1945294)",
                      "Rows Removed by Filter": 162287
                    },
                    {
                      "Node Type": "Hash",
                      "Parent Relationship": "Inner",
                      "Parallel Aware": true,
                      "Startup Cost": 42319.06,
                      "Total Cost": 42319.06,
                      "Plan Rows": 632106,
                      "Plan Width": 4,
                      "Actual Startup Time": 336.744,
                      "Actual Total Time": 336.745,
                      "Actual Rows": 505662,
                      "Actual Loops": 5,
                      "Hash Buckets": 4194304,
                      "Original Hash Buckets": 4194304,
                      "Hash Batches": 1,
                      "Original Hash Batches": 1,
                      "Peak Memory Usage": 131776,
                      "Plans": [
                        {
                          "Node Type": "Seq Scan",
                          "Parent Relationship": "Outer",
                          "Parallel Aware": true,
                          "Relation Name": "title",
                          "Alias": "t",
                          "Startup Cost": 0.0,
                          "Total Cost": 42319.06,
                          "Plan Rows": 632106,
                          "Plan Width": 4,
                          "Actual Startup Time": 0.04,
                          "Actual Total Time": 99.062,
                          "Actual Rows": 505662,
                          "Actual Loops": 5
                        }
                      ]
                    }
                  ]
                }
              ]
            }
          ]
        }
      ]
    },
    "Planning Time": 0.474,
    "Triggers": [],
    "Execution Time": 584.704
  }
]