[
  {
    "Plan": {
      "Node Type": "Aggregate",
      "Strategy": "Plain",
      "Partial Mode": "Finalize",
      "Parallel Aware": false,
      "Startup Cost": 69914.94,
      "Total Cost": 69914.95,
      "Plan Rows": 1,
      "Plan Width": 8,
      "Actual Startup Time": 186.415,
      "Actual Total Time": 201.001,
      "Actual Rows": 1,
      "Actual Loops": 1,
      "Plans": [
        {
          "Node Type": "Gather",
          "Parent Relationship": "Outer",
          "Parallel Aware": false,
          "Startup Cost": 69914.63,
          "Total Cost": 69914.94,
          "Plan Rows": 3,
          "Plan Width": 8,
          "Actual Startup Time": 185.458,
          "Actual Total Time": 200.992,
          "Actual Rows": 4,
          "Actual Loops": 1,
          "Workers Planned": 3,
          "Workers Launched": 3,
          "Single Copy": false,
          "Plans": [
            {
              "Node Type": "Aggregate",
              "Strategy": "Plain",
              "Partial Mode": "Partial",
              "Parent Relationship": "Outer",
              "Parallel Aware": false,
              "Startup Cost": 68914.63,
              "Total Cost": 68914.64,
              "Plan Rows": 1,
              "Plan Width": 8,
              "Actual Startup Time": 176.445,
              "Actual Total Time": 176.449,
              "Actual Rows": 1,
              "Actual Loops": 4,
              "Plans": [
                {
                  "Node Type": "Hash Join",
                  "Parent Relationship": "Outer",
                  "Parallel Aware": true,
                  "Join Type": "Inner",
                  "Startup Cost": 38954.39,
                  "Total Cost": 68892.42,
                  "Plan Rows": 8884,
                  "Plan Width": 0,
                  "Actual Startup Time": 81.731,
                  "Actual Total Time": 175.703,
                  "Actual Rows": 10942,
                  "Actual Loops": 4,
                  "Inner Unique": true,
                  "Hash Cond": "(mc.movie_id = t.id)",
                  "Plans": [
                    {
                      "Node Type": "Seq Scan",
                      "Parent Relationship": "Outer",
                      "Parallel Aware": true,
                      "Relation Name": "movie_companies",
                      "Alias": "mc",
                      "Startup Cost": 0.0,
                      "Total Cost": 29310.68,
                      "Plan Rows": 238989,
                      "Plan Width": 4,
                      "Actual Startup Time": 16.875,
                      "Actual Total Time": 77.447,
                      "Actual Rows": 188894,
                      "Actual Loops": 4,
                      "Filter": "(company_id > 36101)",
                      "Rows Removed by Filter": 463388
                    },
                    {
                      "Node Type": "Hash",
                      "Parent Relationship": "Inner",
                      "Parallel Aware": true,
                      "Startup Cost": 38660.69,
                      "Total Cost": 38660.69,
                      "Plan Rows": 23496,
                      "Plan Width": 4,
                      "Actual Startup Time": 63.135,
                      "Actual Total Time": 63.137,
                      "Actual Rows": 29436,
                      "Actual Loops": 4,
                      "Hash Buckets": 131072,
                      "Original Hash Buckets": 131072,
                      "Hash Batches": 1,
                      "Original Hash Batches": 1,
                      "Peak Memory Usage": 5696,
                      "Plans": [
                        {
                          "Node Type": "Bitmap Heap Scan",
                          "Parent Relationship": "Outer",
                          "Parallel Aware": true,
                          "Relation Name": "title",
                          "Alias": "t",
                          "Startup Cost": 2204.43,
                          "Total Cost": 38660.69,
                          "Plan Rows": 23496,
                          "Plan Width": 4,
                          "Actual Startup Time": 14.33,
                          "Actual Total Time": 51.967,
                          "Actual Rows": 29436,
                          "Actual Loops": 4,
                          "Recheck Cond": "(kind_id = 4)",
                          "Rows Removed by Index Recheck": 0,
                          "Filter": "(production_year > 1980)",
                          "Rows Removed by Filter": 123,
                          "Exact Heap Blocks": 7210,
                          "Lossy Heap Blocks": 0,
                          "Plans": [
                            {
                              "Node Type": "Bitmap Index Scan",
                              "Parent Relationship": "Outer",
                              "Parallel Aware": false,
                              "Index Name": "kind_id_title",
                              "Startup Cost": 0.0,
                              "Total Cost": 2180.94,
                              "Plan Rows": 122201,
                              "Plan Width": 0,
                              "Actual Startup Time": 14.299,
                              "Actual Total Time": 14.299,
                              "Actual Rows": 118234,
                              "Actual Loops": 1,
                              "Index Cond": "(kind_id = 4)"
                            }
                          ]
                        }
                      ]
                    }
                  ]
                }
              ]
            }
          ]
        }
      ]
    },
    "Planning Time": 0.651,
    "Triggers": [],
    "Execution Time": 201.09
  }
]