[
  {
    "Plan": {
      "Node Type": "Aggregate",
      "Strategy": "Plain",
      "Partial Mode": "Finalize",
      "Parallel Aware": false,
      "Startup Cost": 31435.05,
      "Total Cost": 31435.06,
      "Plan Rows": 1,
      "Plan Width": 8,
      "Actual Startup Time": 101.855,
      "Actual Total Time": 109.577,
      "Actual Rows": 1,
      "Actual Loops": 1,
      "Plans": [
        {
          "Node Type": "Gather",
          "Parent Relationship": "Outer",
          "Parallel Aware": false,
          "Startup Cost": 31434.73,
          "Total Cost": 31435.04,
          "Plan Rows": 3,
          "Plan Width": 8,
          "Actual Startup Time": 101.754,
          "Actual Total Time": 109.569,
          "Actual Rows": 4,
          "Actual Loops": 1,
          "Workers Planned": 3,
          "Workers Launched": 3,
          "Single Copy": false,
          "Plans": [
            {
              "Node Type": "Aggregate",
              "Strategy": "Plain",
              "Partial Mode": "Partial",
              "Parent Relationship": "Outer",
              "Parallel Aware": false,
              "Startup Cost": 30434.73,
              "Total Cost": 30434.74,
              "Plan Rows": 1,
              "Plan Width": 8,
              "Actual Startup Time": 96.37,
              "Actual Total Time": 96.371,
              "Actual Rows": 1,
              "Actual Loops": 4,
              "Plans": [
                {
                  "Node Type": "Seq Scan",
                  "Parent Relationship": "Outer",
                  "Parallel Aware": true,
                  "Relation Name": "movie_companies",
                  "Alias": "mc",
                  "Startup Cost": 0.0,
                  "Total Cost": 29310.68,
                  "Plan Rows": 449621,
                  "Plan Width": 0,
                  "Actual Startup Time": 20.097,
                  "Actual Total Time": 80.814,
                  "Actual Rows": 350884,
                  "Actual Loops": 4,
                  "Filter": "(company_id > 11128)",
                  "Rows Removed by Filter": 301398
                }
              ]
            }
          ]
        }
      ]
    },
    "Planning Time": 0.124,
    "Triggers": [],
    "Execution Time": 109.615
  }
]