{
  "Plan": {
    "Node Type": "Aggregate",
    "Strategy": "Plain",
    "Partial Mode": "Finalize",
    "Parallel Aware": false,
    "Startup Cost": 3433274.37,
    "Total Cost": 3433274.38,
    "Plan Rows": 1,
    "Plan Width": 8,
    "Actual Startup Time": 36986.161,
    "Actual Total Time": 37116.137,
    "Actual Rows": 1,
    "Actual Loops": 1,
    "Plans": [
      {
        "Node Type": "Gather",
        "Parent Relationship": "Outer",
        "Parallel Aware": false,
        "Startup Cost": 3433274.26,
        "Total Cost": 3433274.37,
        "Plan Rows": 1,
        "Plan Width": 8,
        "Actual Startup Time": 36942.422,
        "Actual Total Time": 37116.125,
        "Actual Rows": 2,
        "Actual Loops": 1,
        "Workers Planned": 1,
        "Workers Launched": 1,
        "Single Copy": false,
        "Plans": [
          {
            "Node Type": "Aggregate",
            "Strategy": "Plain",
            "Partial Mode": "Partial",
            "Parent Relationship": "Outer",
            "Parallel Aware": false,
            "Startup Cost": 3432274.26,
            "Total Cost": 3432274.27,
            "Plan Rows": 1,
            "Plan Width": 8,
            "Actual Startup Time": 36936.013,
            "Actual Total Time": 36936.019,
            "Actual Rows": 1,
            "Actual Loops": 2,
            "Plans": [
              {
                "Node Type": "Merge Join",
                "Parent Relationship": "Outer",
                "Parallel Aware": false,
                "Join Type": "Inner",
                "Startup Cost": 1862900.18,
                "Total Cost": 3356639.04,
                "Plan Rows": 30254090,
                "Plan Width": 0,
                "Actual Startup Time": 13946.351,
                "Actual Total Time": 32558.058,
                "Actual Rows": 116684043,
                "Actual Loops": 2,
                "Inner Unique": false,
                "Merge Cond": "(mi.movie_id = t.id)",
                "Plans": [
                  {
                    "Node Type": "Index Only Scan",
                    "Parent Relationship": "Outer",
                    "Parallel Aware": true,
                    "Scan Direction": "Forward",
                    "Index Name": "movie_id_movie_info",
                    "Relation Name": "movie_info",
                    "Alias": "mi",
                    "Startup Cost": 0.43,
                    "Total Cost": 1018223.42,
                    "Plan Rows": 8696274,
                    "Plan Width": 4,
                    "Actual Startup Time": 0.105,
                    "Actual Total Time": 2464.324,
                    "Actual Rows": 7417515,
                    "Actual Loops": 2,
                    "Heap Fetches": 14835030
                  },
                  {
                    "Node Type": "Sort",
                    "Parent Relationship": "Inner",
                    "Parallel Aware": false,
                    "Startup Cost": 1862897.78,
                    "Total Cost": 1884887.43,
                    "Plan Rows": 8795860,
                    "Plan Width": 8,
                    "Actual Startup Time": 13946.206,
                    "Actual Total Time": 19684.908,
                    "Actual Rows": 121175215,
                    "Actual Loops": 2,
                    "Sort Key": [
                      "t.id"
                    ],
                    "Sort Method": "quicksort",
                    "Sort Space Used": 816058,
                    "Sort Space Type": "Memory",
                    "Workers": [
                      {
                        "Worker Number": 0,
                        "Sort Method": "quicksort",
                        "Sort Space Used": 816058,
                        "Sort Space Type": "Memory"
                      }
                    ],
                    "Plans": [
                      {
                        "Node Type": "Hash Join",
                        "Parent Relationship": "Outer",
                        "Parallel Aware": false,
                        "Join Type": "Inner",
                        "Startup Cost": 80478.98,
                        "Total Cost": 848365.99,
                        "Plan Rows": 8795860,
                        "Plan Width": 8,
                        "Actual Startup Time": 1657.095,
                        "Actual Total Time": 11460.436,
                        "Actual Rows": 9020622,
                        "Actual Loops": 2,
                        "Inner Unique": true,
                        "Hash Cond": "(ci.movie_id = t.id)",
                        "Plans": [
                          {
                            "Node Type": "Seq Scan",
                            "Parent Relationship": "Outer",
                            "Parallel Aware": false,
                            "Relation Name": "cast_info",
                            "Alias": "ci",
                            "Startup Cost": 0.0,
                            "Total Cost": 705537.15,
                            "Plan Rows": 23752292,
                            "Plan Width": 4,
                            "Actual Startup Time": 1147.418,
                            "Actual Total Time": 3763.669,
                            "Actual Rows": 23573656,
                            "Actual Loops": 2,
                            "Filter": "(role_id > 1)",
                            "Rows Removed by Filter": 12670688
                          },
                          {
                            "Node Type": "Hash",
                            "Parent Relationship": "Inner",
                            "Parallel Aware": false,
                            "Startup Cost": 68775.63,
                            "Total Cost": 68775.63,
                            "Plan Rows": 936268,
                            "Plan Width": 4,
                            "Actual Startup Time": 504.922,
                            "Actual Total Time": 504.924,
                            "Actual Rows": 950693,
                            "Actual Loops": 2,
                            "Hash Buckets": 1048576,
                            "Original Hash Buckets": 1048576,
                            "Hash Batches": 1,
                            "Original Hash Batches": 1,
                            "Peak Memory Usage": 41615,
                            "Plans": [
                              {
                                "Node Type": "Bitmap Heap Scan",
                                "Parent Relationship": "Outer",
                                "Parallel Aware": false,
                                "Relation Name": "title",
                                "Alias": "t",
                                "Startup Cost": 17906.21,
                                "Total Cost": 68775.63,
                                "Plan Rows": 936268,
                                "Plan Width": 4,
                                "Actual Startup Time": 48.794,
                                "Actual Total Time": 278.922,
                                "Actual Rows": 950693,
                                "Actual Loops": 2,
                                "Recheck Cond": "(kind_id < 7)",
                                "Rows Removed by Index Recheck": 0,
                                "Filter": "(production_year < 2013)",
                                "Rows Removed by Filter": 34355,
                                "Exact Heap Blocks": 35472,
                                "Lossy Heap Blocks": 0,
                                "Plans": [
                                  {
                                    "Node Type": "Bitmap Index Scan",
                                    "Parent Relationship": "Outer",
                                    "Parallel Aware": false,
                                    "Index Name": "kind_id_title",
                                    "Startup Cost": 0.0,
                                    "Total Cost": 17672.14,
                                    "Plan Rows": 991428,
                                    "Plan Width": 0,
                                    "Actual Startup Time": 42.474,
                                    "Actual Total Time": 42.474,
                                    "Actual Rows": 985048,
                                    "Actual Loops": 2,
                                    "Index Cond": "(kind_id < 7)"
                                  }
                                ]
                              }
                            ]
                          }
                        ]
                      }
                    ]
                  }
                ]
              }
            ]
          }
        ]
      }
    ]
  },
  "Planning Time": 1.048,
  "Triggers": [],
  "Execution Time": 37175.862
}