[
  {
    "Plan": {
      "Node Type": "Aggregate",
      "Strategy": "Plain",
      "Partial Mode": "Finalize",
      "Parallel Aware": false,
      "Startup Cost": 370353.4,
      "Total Cost": 370353.41,
      "Plan Rows": 1,
      "Plan Width": 8,
      "Actual Startup Time": 875.635,
      "Actual Total Time": 897.518,
      "Actual Rows": 1,
      "Actual Loops": 1,
      "Plans": [
        {
          "Node Type": "Gather",
          "Parent Relationship": "Outer",
          "Parallel Aware": false,
          "Startup Cost": 370353.09,
          "Total Cost": 370353.4,
          "Plan Rows": 3,
          "Plan Width": 8,
          "Actual Startup Time": 865.841,
          "Actual Total Time": 897.504,
          "Actual Rows": 4,
          "Actual Loops": 1,
          "Workers Planned": 3,
          "Workers Launched": 3,
          "Single Copy": false,
          "Plans": [
            {
              "Node Type": "Aggregate",
              "Strategy": "Plain",
              "Partial Mode": "Partial",
              "Parent Relationship": "Outer",
              "Parallel Aware": false,
              "Startup Cost": 369353.09,
              "Total Cost": 369353.1,
              "Plan Rows": 1,
              "Plan Width": 8,
              "Actual Startup Time": 856.611,
              "Actual Total Time": 857.081,
              "Actual Rows": 1,
              "Actual Loops": 4,
              "Plans": [
                {
                  "Node Type": "Hash Join",
                  "Parent Relationship": "Outer",
                  "Parallel Aware": true,
                  "Join Type": "Inner",
                  "Startup Cost": 324101.69,
                  "Total Cost": 368914.14,
                  "Plan Rows": 175579,
                  "Plan Width": 0,
                  "Actual Startup Time": 576.096,
                  "Actual Total Time": 845.948,
                  "Actual Rows": 195950,
                  "Actual Loops": 4,
                  "Inner Unique": false,
                  "Hash Cond": "(mk.movie_id = t.id)",
                  "Plans": [
                    {
                      "Node Type": "Seq Scan",
                      "Parent Relationship": "Outer",
                      "Parallel Aware": true,
                      "Relation Name": "movie_keyword",
                      "Alias": "mk",
                      "Startup Cost": 0.0,
                      "Total Cost": 39047.32,
                      "Plan Rows": 1459332,
                      "Plan Width": 4,
                      "Actual Startup Time": 0.033,
                      "Actual Total Time": 113.333,
                      "Actual Rows": 1130982,
                      "Actual Loops": 4
                    },
                    {
                      "Node Type": "Hash",
                      "Parent Relationship": "Inner",
                      "Parallel Aware": true,
                      "Startup Cost": 323467.97,
                      "Total Cost": 323467.97,
                      "Plan Rows": 50698,
                      "Plan Width": 8,
                      "Actual Startup Time": 572.693,
                      "Actual Total Time": 573.161,
                      "Actual Rows": 128020,
                      "Actual Loops": 4,
                      "Hash Buckets": 524288,
                      "Original Hash Buckets": 524288,
                      "Hash Batches": 1,
                      "Original Hash Batches": 1,
                      "Peak Memory Usage": 24192,
                      "Plans": [
                        {
                          "Node Type": "Hash Join",
                          "Parent Relationship": "Outer",
                          "Parallel Aware": true,
                          "Join Type": "Inner",
                          "Startup Cost": 68423.85,
                          "Total Cost": 323467.97,
                          "Plan Rows": 50698,
                          "Plan Width": 8,
                          "Actual Startup Time": 362.428,
                          "Actual Total Time": 522.14,
                          "Actual Rows": 128020,
                          "Actual Loops": 4,
                          "Inner Unique": true,
                          "Hash Cond": "(ci.movie_id = t.id)",
                          "Plans": [
                            {
                              "Node Type": "Bitmap Heap Scan",
                              "Parent Relationship": "Outer",
                              "Parallel Aware": true,
                              "Relation Name": "cast_info",
                              "Alias": "ci",
                              "Startup Cost": 18610.71,
                              "Total Cost": 273412.22,
                              "Plan Rows": 92423,
                              "Plan Width": 4,
                              "Actual Startup Time": 59.86,
                              "Actual Total Time": 115.26,
                              "Actual Rows": 204244,
                              "Actual Loops": 4,
                              "Recheck Cond": "(person_id > 3905567)",
                              "Rows Removed by Index Recheck": 0,
                              "Filter": "(role_id > 1)",
                              "Rows Removed by Filter": 0,
                              "Exact Heap Blocks": 2785,
                              "Lossy Heap Blocks": 0,
                              "Plans": [
                                {
                                  "Node Type": "Bitmap Index Scan",
                                  "Parent Relationship": "Outer",
                                  "Parallel Aware": false,
                                  "Index Name": "person_id_cast_info",
                                  "Startup Cost": 0.0,
                                  "Total Cost": 18472.08,
                                  "Plan Rows": 845802,
                                  "Plan Width": 0,
                                  "Actual Startup Time": 57.042,
                                  "Actual Total Time": 57.042,
                                  "Actual Rows": 816978,
                                  "Actual Loops": 1,
                                  "Index Cond": "(person_id > 3905567)"
                                }
                              ]
                            },
                            {
                              "Node Type": "Hash",
                              "Parent Relationship": "Inner",
                              "Parallel Aware": true,
                              "Startup Cost": 45479.1,
                              "Total Cost": 45479.1,
                              "Plan Rows": 346723,
                              "Plan Width": 4,
                              "Actual Startup Time": 297.063,
                              "Actual Total Time": 297.064,
                              "Actual Rows": 367052,
                              "Actual Loops": 4,
                              "Hash Buckets": 2097152,
                              "Original Hash Buckets": 2097152,
                              "Hash Batches": 1,
                              "Original Hash Batches": 1,
                              "Peak Memory Usage": 73856,
                              "Plans": [
                                {
                                  "Node Type": "Seq Scan",
                                  "Parent Relationship": "Outer",
                                  "Parallel Aware": true,
                                  "Relation Name": "title",
                                  "Alias": "t",
                                  "Startup Cost": 0.0,
                                  "Total Cost": 45479.1,
                                  "Plan Rows": 346723,
                                  "Plan Width": 4,
                                  "Actual Startup Time": 0.049,
                                  "Actual Total Time": 133.123,
                                  "Actual Rows": 367052,
                                  "Actual Loops": 4,
                                  "Filter": "((production_year > 1952) AND (kind_id = 7))",
                                  "Rows Removed by Filter": 265026
                                }
                              ]
                            }
                          ]
                        }
                      ]
                    }
                  ]
                }
              ]
            }
          ]
        }
      ]
    },
    "Planning Time": 1.362,
    "Triggers": [],
    "Execution Time": 897.624
  }
]