[
  {
    "Plan": {
      "Node Type": "Aggregate",
      "Strategy": "Plain",
      "Partial Mode": "Finalize",
      "Parallel Aware": false,
      "Startup Cost": 32780.87,
      "Total Cost": 32780.88,
      "Plan Rows": 1,
      "Plan Width": 8,
      "Actual Startup Time": 77.835,
      "Actual Total Time": 85.068,
      "Actual Rows": 1,
      "Actual Loops": 1,
      "Plans": [
        {
          "Node Type": "Gather",
          "Parent Relationship": "Outer",
          "Parallel Aware": false,
          "Startup Cost": 32780.55,
          "Total Cost": 32780.86,
          "Plan Rows": 3,
          "Plan Width": 8,
          "Actual Startup Time": 77.733,
          "Actual Total Time": 85.063,
          "Actual Rows": 4,
          "Actual Loops": 1,
          "Workers Planned": 3,
          "Workers Launched": 3,
          "Single Copy": false,
          "Plans": [
            {
              "Node Type": "Aggregate",
              "Strategy": "Plain",
              "Partial Mode": "Partial",
              "Parent Relationship": "Outer",
              "Parallel Aware": false,
              "Startup Cost": 31780.55,
              "Total Cost": 31780.56,
              "Plan Rows": 1,
              "Plan Width": 8,
              "Actual Startup Time": 73.044,
              "Actual Total Time": 73.045,
              "Actual Rows": 1,
              "Actual Loops": 4,
              "Plans": [
                {
                  "Node Type": "Seq Scan",
                  "Parent Relationship": "Outer",
                  "Parallel Aware": true,
                  "Relation Name": "movie_companies",
                  "Alias": "mc",
                  "Startup Cost": 0.0,
                  "Total Cost": 31414.82,
                  "Plan Rows": 146294,
                  "Plan Width": 0,
                  "Actual Startup Time": 31.814,
                  "Actual Total Time": 65.096,
                  "Actual Rows": 192436,
                  "Actual Loops": 4,
                  "Filter": "((company_id > 22982) AND (company_type_id = 2))",
                  "Rows Removed by Filter": 459846
                }
              ]
            }
          ]
        }
      ]
    },
    "Planning Time": 0.089,
    "Triggers": [],
    "Execution Time": 85.093
  }
]