[
  {
    "Plan": {
      "Node Type": "Aggregate",
      "Strategy": "Plain",
      "Partial Mode": "Finalize",
      "Parallel Aware": false,
      "Startup Cost": 31935.92,
      "Total Cost": 31935.93,
      "Plan Rows": 1,
      "Plan Width": 8,
      "Actual Startup Time": 111.633,
      "Actual Total Time": 119.807,
      "Actual Rows": 1,
      "Actual Loops": 1,
      "Plans": [
        {
          "Node Type": "Gather",
          "Parent Relationship": "Outer",
          "Parallel Aware": false,
          "Startup Cost": 31935.6,
          "Total Cost": 31935.91,
          "Plan Rows": 3,
          "Plan Width": 8,
          "Actual Startup Time": 111.533,
          "Actual Total Time": 119.799,
          "Actual Rows": 4,
          "Actual Loops": 1,
          "Workers Planned": 3,
          "Workers Launched": 3,
          "Single Copy": false,
          "Plans": [
            {
              "Node Type": "Aggregate",
              "Strategy": "Plain",
              "Partial Mode": "Partial",
              "Parent Relationship": "Outer",
              "Parallel Aware": false,
              "Startup Cost": 30935.6,
              "Total Cost": 30935.61,
              "Plan Rows": 1,
              "Plan Width": 8,
              "Actual Startup Time": 105.134,
              "Actual Total Time": 105.135,
              "Actual Rows": 1,
              "Actual Loops": 4,
              "Plans": [
                {
                  "Node Type": "Seq Scan",
                  "Parent Relationship": "Outer",
                  "Parallel Aware": true,
                  "Relation Name": "movie_companies",
                  "Alias": "mc",
                  "Startup Cost": 0.0,
                  "Total Cost": 29310.68,
                  "Plan Rows": 649967,
                  "Plan Width": 0,
                  "Actual Startup Time": 0.039,
                  "Actual Total Time": 80.961,
                  "Actual Rows": 500422,
                  "Actual Loops": 4,
                  "Filter": "(company_id < 65485)",
                  "Rows Removed by Filter": 151861
                }
              ]
            }
          ]
        }
      ]
    },
    "Planning Time": 0.175,
    "Triggers": [],
    "Execution Time": 119.856
  }
]