[
  {
    "Plan": {
      "Node Type": "Aggregate",
      "Strategy": "Plain",
      "Partial Mode": "Finalize",
      "Parallel Aware": false,
      "Startup Cost": 31538.58,
      "Total Cost": 31538.59,
      "Plan Rows": 1,
      "Plan Width": 8,
      "Actual Startup Time": 130.051,
      "Actual Total Time": 140.26,
      "Actual Rows": 1,
      "Actual Loops": 1,
      "Plans": [
        {
          "Node Type": "Gather",
          "Parent Relationship": "Outer",
          "Parallel Aware": false,
          "Startup Cost": 31538.26,
          "Total Cost": 31538.57,
          "Plan Rows": 3,
          "Plan Width": 8,
          "Actual Startup Time": 129.926,
          "Actual Total Time": 140.25,
          "Actual Rows": 4,
          "Actual Loops": 1,
          "Workers Planned": 3,
          "Workers Launched": 3,
          "Single Copy": false,
          "Plans": [
            {
              "Node Type": "Aggregate",
              "Strategy": "Plain",
              "Partial Mode": "Partial",
              "Parent Relationship": "Outer",
              "Parallel Aware": false,
              "Startup Cost": 30538.26,
              "Total Cost": 30538.27,
              "Plan Rows": 1,
              "Plan Width": 8,
              "Actual Startup Time": 121.691,
              "Actual Total Time": 121.692,
              "Actual Rows": 1,
              "Actual Loops": 4,
              "Plans": [
                {
                  "Node Type": "Seq Scan",
                  "Parent Relationship": "Outer",
                  "Parallel Aware": true,
                  "Relation Name": "movie_companies",
                  "Alias": "mc",
                  "Startup Cost": 0.0,
                  "Total Cost": 29310.68,
                  "Plan Rows": 491032,
                  "Plan Width": 0,
                  "Actual Startup Time": 0.048,
                  "Actual Total Time": 96.436,
                  "Actual Rows": 378997,
                  "Actual Loops": 4,
                  "Filter": "(company_id < 14164)",
                  "Rows Removed by Filter": 273286
                }
              ]
            }
          ]
        }
      ]
    },
    "Planning Time": 0.189,
    "Triggers": [],
    "Execution Time": 140.317
  }
]