[
  {
    "Plan": {
      "Node Type": "Aggregate",
      "Strategy": "Plain",
      "Partial Mode": "Finalize",
      "Parallel Aware": false,
      "Startup Cost": 210739.99,
      "Total Cost": 210740.0,
      "Plan Rows": 1,
      "Plan Width": 8,
      "Actual Startup Time": 2088.698,
      "Actual Total Time": 2168.82,
      "Actual Rows": 1,
      "Actual Loops": 1,
      "Plans": [
        {
          "Node Type": "Gather",
          "Parent Relationship": "Outer",
          "Parallel Aware": false,
          "Startup Cost": 210739.47,
          "Total Cost": 210739.98,
          "Plan Rows": 5,
          "Plan Width": 8,
          "Actual Startup Time": 2088.685,
          "Actual Total Time": 2168.811,
          "Actual Rows": 6,
          "Actual Loops": 1,
          "Workers Planned": 5,
          "Workers Launched": 5,
          "Single Copy": false,
          "Plans": [
            {
              "Node Type": "Aggregate",
              "Strategy": "Plain",
              "Partial Mode": "Partial",
              "Parent Relationship": "Outer",
              "Parallel Aware": false,
              "Startup Cost": 209739.47,
              "Total Cost": 209739.48,
              "Plan Rows": 1,
              "Plan Width": 8,
              "Actual Startup Time": 2075.955,
              "Actual Total Time": 2075.957,
              "Actual Rows": 1,
              "Actual Loops": 6,
              "Plans": [
                {
                  "Node Type": "Nested Loop",
                  "Parent Relationship": "Outer",
                  "Parallel Aware": false,
                  "Join Type": "Inner",
                  "Startup Cost": 81902.52,
                  "Total Cost": 208830.27,
                  "Plan Rows": 363679,
                  "Plan Width": 0,
                  "Actual Startup Time": 286.294,
                  "Actual Total Time": 1995.969,
                  "Actual Rows": 1511921,
                  "Actual Loops": 6,
                  "Inner Unique": false,
                  "Join Filter": "(t.id = ci.movie_id)",
                  "Rows Removed by Join Filter": 0,
                  "Plans": [
                    {
                      "Node Type": "Merge Join",
                      "Parent Relationship": "Outer",
                      "Parallel Aware": false,
                      "Join Type": "Inner",
                      "Startup Cost": 81901.95,
                      "Total Cost": 126796.56,
                      "Plan Rows": 29147,
                      "Plan Width": 8,
                      "Actual Startup Time": 286.21,
                      "Actual Total Time": 439.187,
                      "Actual Rows": 59584,
                      "Actual Loops": 6,
                      "Inner Unique": true,
                      "Merge Cond": "(mi_idx.movie_id = t.id)",
                      "Plans": [
                        {
                          "Node Type": "Index Only Scan",
                          "Parent Relationship": "Outer",
                          "Parallel Aware": true,
                          "Scan Direction": "Forward",
                          "Index Name": "movie_id_movie_info_idx",
                          "Relation Name": "movie_info_idx",
                          "Alias": "mi_idx",
                          "Startup Cost": 0.43,
                          "Total Cost": 42579.94,
                          "Plan Rows": 276007,
                          "Plan Width": 4,
                          "Actual Startup Time": 0.141,
                          "Actual Total Time": 61.678,
                          "Actual Rows": 230006,
                          "Actual Loops": 6,
                          "Heap Fetches": 1380035
                        },
                        {
                          "Node Type": "Sort",
                          "Parent Relationship": "Inner",
                          "Parallel Aware": false,
                          "Startup Cost": 81901.5,
                          "Total Cost": 82568.99,
                          "Plan Rows": 266997,
                          "Plan Width": 4,
                          "Actual Startup Time": 260.613,
                          "Actual Total Time": 325.767,
                          "Actual Rows": 373236,
                          "Actual Loops": 6,
                          "Sort Key": [
                            "t.id"
                          ],
                          "Sort Method": "quicksort",
                          "Sort Space Used": 29829,
                          "Sort Space Type": "Memory",
                          "Workers": [
                            {
                              "Worker Number": 0,
                              "Sort Method": "quicksort",
                              "Sort Space Used": 29829,
                              "Sort Space Type": "Memory"
                            },
                            {
                              "Worker Number": 1,
                              "Sort Method": "quicksort",
                              "Sort Space Used": 29829,
                              "Sort Space Type": "Memory"
                            },
                            {
                              "Worker Number": 2,
                              "Sort Method": "quicksort",
                              "Sort Space Used": 29829,
                              "Sort Space Type": "Memory"
                            },
                            {
                              "Worker Number": 3,
                              "Sort Method": "quicksort",
                              "Sort Space Used": 29829,
                              "Sort Space Type": "Memory"
                            },
                            {
                              "Worker Number": 4,
                              "Sort Method": "quicksort",
                              "Sort Space Used": 29829,
                              "Sort Space Type": "Memory"
                            }
                          ],
                          "Plans": [
                            {
                              "Node Type": "Bitmap Heap Scan",
                              "Parent Relationship": "Outer",
                              "Parallel Aware": false,
                              "Relation Name": "title",
                              "Alias": "t",
                              "Startup Cost": 11889.6,
                              "Total Cost": 57836.44,
                              "Plan Rows": 266997,
                              "Plan Width": 4,
                              "Actual Startup Time": 41.025,
                              "Actual Total Time": 153.836,
                              "Actual Rows": 374196,
                              "Actual Loops": 6,
                              "Recheck Cond": "(kind_id = 1)",
                              "Rows Removed by Index Recheck": 0,
                              "Filter": "(production_year < 2000)",
                              "Rows Removed by Filter": 288629,
                              "Exact Heap Blocks": 12863,
                              "Lossy Heap Blocks": 0,
                              "Plans": [
                                {
                                  "Node Type": "Bitmap Index Scan",
                                  "Parent Relationship": "Outer",
                                  "Parallel Aware": false,
                                  "Index Name": "kind_id_title",
                                  "Startup Cost": 0.0,
                                  "Total Cost": 11822.85,
                                  "Plan Rows": 663256,
                                  "Plan Width": 0,
                                  "Actual Startup Time": 39.243,
                                  "Actual Total Time": 39.243,
                                  "Actual Rows": 662825,
                                  "Actual Loops": 6,
                                  "Index Cond": "(kind_id = 1)"
                                }
                              ]
                            }
                          ]
                        }
                      ]
                    },
                    {
                      "Node Type": "Index Scan",
                      "Parent Relationship": "Inner",
                      "Parallel Aware": false,
                      "Scan Direction": "Forward",
                      "Index Name": "movie_id_cast_info",
                      "Relation Name": "cast_info",
                      "Alias": "ci",
                      "Startup Cost": 0.56,
                      "Total Cost": 2.41,
                      "Plan Rows": 32,
                      "Plan Width": 4,
                      "Actual Startup Time": 0.003,
                      "Actual Total Time": 0.023,
                      "Actual Rows": 25,
                      "Actual Loops": 357502,
                      "Index Cond": "(movie_id = mi_idx.movie_id)",
                      "Rows Removed by Index Recheck": 0,
                      "Filter": "(role_id < 10)",
                      "Rows Removed by Filter": 3
                    }
                  ]
                }
              ]
            }
          ]
        }
      ]
    },
    "Planning Time": 0.779,
    "Triggers": [],
    "Execution Time": 2173.872
  }
]