[
  {
    "Plan": {
      "Node Type": "Aggregate",
      "Strategy": "Plain",
      "Partial Mode": "Finalize",
      "Parallel Aware": false,
      "Startup Cost": 118252.28,
      "Total Cost": 118252.29,
      "Plan Rows": 1,
      "Plan Width": 8,
      "Actual Startup Time": 60.121,
      "Actual Total Time": 67.923,
      "Actual Rows": 1,
      "Actual Loops": 1,
      "Plans": [
        {
          "Node Type": "Gather",
          "Parent Relationship": "Outer",
          "Parallel Aware": false,
          "Startup Cost": 118251.86,
          "Total Cost": 118252.27,
          "Plan Rows": 4,
          "Plan Width": 8,
          "Actual Startup Time": 59.99,
          "Actual Total Time": 67.916,
          "Actual Rows": 5,
          "Actual Loops": 1,
          "Workers Planned": 4,
          "Workers Launched": 4,
          "Single Copy": false,
          "Plans": [
            {
              "Node Type": "Aggregate",
              "Strategy": "Plain",
              "Partial Mode": "Partial",
              "Parent Relationship": "Outer",
              "Parallel Aware": false,
              "Startup Cost": 117251.86,
              "Total Cost": 117251.87,
              "Plan Rows": 1,
              "Plan Width": 8,
              "Actual Startup Time": 50.781,
              "Actual Total Time": 50.782,
              "Actual Rows": 1,
              "Actual Loops": 5,
              "Plans": [
                {
                  "Node Type": "Nested Loop",
                  "Parent Relationship": "Outer",
                  "Parallel Aware": false,
                  "Join Type": "Inner",
                  "Startup Cost": 600.75,
                  "Total Cost": 117231.23,
                  "Plan Rows": 8254,
                  "Plan Width": 0,
                  "Actual Startup Time": 2.572,
                  "Actual Total Time": 50.062,
                  "Actual Rows": 6411,
                  "Actual Loops": 5,
                  "Inner Unique": true,
                  "Plans": [
                    {
                      "Node Type": "Bitmap Heap Scan",
                      "Parent Relationship": "Outer",
                      "Parallel Aware": true,
                      "Relation Name": "movie_info",
                      "Alias": "mi",
                      "Startup Cost": 600.32,
                      "Total Cost": 81898.52,
                      "Plan Rows": 8254,
                      "Plan Width": 4,
                      "Actual Startup Time": 2.373,
                      "Actual Total Time": 8.959,
                      "Actual Rows": 6411,
                      "Actual Loops": 5,
                      "Recheck Cond": "(info_type_id > 108)",
                      "Rows Removed by Index Recheck": 0,
                      "Exact Heap Blocks": 1532,
                      "Lossy Heap Blocks": 0,
                      "Plans": [
                        {
                          "Node Type": "Bitmap Index Scan",
                          "Parent Relationship": "Outer",
                          "Parallel Aware": false,
                          "Index Name": "info_type_id_movie_info",
                          "Startup Cost": 0.0,
                          "Total Cost": 592.06,
                          "Plan Rows": 33017,
                          "Plan Width": 0,
                          "Actual Startup Time": 8.4,
                          "Actual Total Time": 8.4,
                          "Actual Rows": 32053,
                          "Actual Loops": 1,
                          "Index Cond": "(info_type_id > 108)"
                        }
                      ]
                    },
                    {
                      "Node Type": "Index Only Scan",
                      "Parent Relationship": "Inner",
                      "Parallel Aware": false,
                      "Scan Direction": "Forward",
                      "Index Name": "title_pkey",
                      "Relation Name": "title",
                      "Alias": "t",
                      "Startup Cost": 0.43,
                      "Total Cost": 4.28,
                      "Plan Rows": 1,
                      "Plan Width": 4,
                      "Actual Startup Time": 0.006,
                      "Actual Total Time": 0.006,
                      "Actual Rows": 1,
                      "Actual Loops": 32053,
                      "Index Cond": "(id = mi.movie_id)",
                      "Rows Removed by Index Recheck": 0,
                      "Heap Fetches": 32053
                    }
                  ]
                }
              ]
            }
          ]
        }
      ]
    },
    "Planning Time": 0.616,
    "Triggers": [],
    "Execution Time": 68.009
  }
]