[
  {
    "Plan": {
      "Node Type": "Aggregate",
      "Strategy": "Plain",
      "Partial Mode": "Finalize",
      "Parallel Aware": false,
      "Startup Cost": 68901.47,
      "Total Cost": 68901.48,
      "Plan Rows": 1,
      "Plan Width": 8,
      "Actual Startup Time": 161.66,
      "Actual Total Time": 192.052,
      "Actual Rows": 1,
      "Actual Loops": 1,
      "Plans": [
        {
          "Node Type": "Gather",
          "Parent Relationship": "Outer",
          "Parallel Aware": false,
          "Startup Cost": 68901.05,
          "Total Cost": 68901.46,
          "Plan Rows": 4,
          "Plan Width": 8,
          "Actual Startup Time": 161.46,
          "Actual Total Time": 192.039,
          "Actual Rows": 5,
          "Actual Loops": 1,
          "Workers Planned": 4,
          "Workers Launched": 4,
          "Single Copy": false,
          "Plans": [
            {
              "Node Type": "Aggregate",
              "Strategy": "Plain",
              "Partial Mode": "Partial",
              "Parent Relationship": "Outer",
              "Parallel Aware": false,
              "Startup Cost": 67901.05,
              "Total Cost": 67901.06,
              "Plan Rows": 1,
              "Plan Width": 8,
              "Actual Startup Time": 157.156,
              "Actual Total Time": 157.159,
              "Actual Rows": 1,
              "Actual Loops": 5,
              "Plans": [
                {
                  "Node Type": "Nested Loop",
                  "Parent Relationship": "Outer",
                  "Parallel Aware": false,
                  "Join Type": "Inner",
                  "Startup Cost": 0.99,
                  "Total Cost": 67868.38,
                  "Plan Rows": 13068,
                  "Plan Width": 0,
                  "Actual Startup Time": 0.477,
                  "Actual Total Time": 155.818,
                  "Actual Rows": 19728,
                  "Actual Loops": 5,
                  "Inner Unique": false,
                  "Join Filter": "(t.id = ci.movie_id)",
                  "Rows Removed by Join Filter": 0,
                  "Plans": [
                    {
                      "Node Type": "Nested Loop",
                      "Parent Relationship": "Outer",
                      "Parallel Aware": false,
                      "Join Type": "Inner",
                      "Startup Cost": 0.43,
                      "Total Cost": 64416.8,
                      "Plan Rows": 1652,
                      "Plan Width": 8,
                      "Actual Startup Time": 0.232,
                      "Actual Total Time": 76.742,
                      "Actual Rows": 2142,
                      "Actual Loops": 5,
                      "Inner Unique": false,
                      "Plans": [
                        {
                          "Node Type": "Seq Scan",
                          "Parent Relationship": "Outer",
                          "Parallel Aware": true,
                          "Relation Name": "title",
                          "Alias": "t",
                          "Startup Cost": 0.0,
                          "Total Cost": 43899.32,
                          "Plan Rows": 1601,
                          "Plan Width": 4,
                          "Actual Startup Time": 0.141,
                          "Actual Total Time": 63.84,
                          "Actual Rows": 1269,
                          "Actual Loops": 5,
                          "Filter": "(production_year = 1952)",
                          "Rows Removed by Filter": 504393
                        },
                        {
                          "Node Type": "Index Only Scan",
                          "Parent Relationship": "Inner",
                          "Parallel Aware": false,
                          "Scan Direction": "Forward",
                          "Index Name": "movie_id_movie_companies",
                          "Relation Name": "movie_companies",
                          "Alias": "mc",
                          "Startup Cost": 0.43,
                          "Total Cost": 12.77,
                          "Plan Rows": 5,
                          "Plan Width": 4,
                          "Actual Startup Time": 0.008,
                          "Actual Total Time": 0.01,
                          "Actual Rows": 2,
                          "Actual Loops": 6346,
                          "Index Cond": "(movie_id = t.id)",
                          "Rows Removed by Index Recheck": 0,
                          "Heap Fetches": 10710
                        }
                      ]
                    },
                    {
                      "Node Type": "Index Scan",
                      "Parent Relationship": "Inner",
                      "Parallel Aware": false,
                      "Scan Direction": "Forward",
                      "Index Name": "movie_id_cast_info",
                      "Relation Name": "cast_info",
                      "Alias": "ci",
                      "Startup Cost": 0.56,
                      "Total Cost": 1.85,
                      "Plan Rows": 19,
                      "Plan Width": 4,
                      "Actual Startup Time": 0.02,
                      "Actual Total Time": 0.036,
                      "Actual Rows": 9,
                      "Actual Loops": 10710,
                      "Index Cond": "(movie_id = mc.movie_id)",
                      "Rows Removed by Index Recheck": 0,
                      "Filter": "(person_id > 1626631)",
                      "Rows Removed by Filter": 13
                    }
                  ]
                }
              ]
            }
          ]
        }
      ]
    },
    "Planning Time": 0.695,
    "Triggers": [],
    "Execution Time": 192.103
  }
]