{
  "Plan": {
    "Node Type": "Aggregate",
    "Strategy": "Plain",
    "Partial Mode": "Finalize",
    "Parallel Aware": false,
    "Startup Cost": 230799.9,
    "Total Cost": 230799.91,
    "Plan Rows": 1,
    "Plan Width": 8,
    "Actual Startup Time": 224.458,
    "Actual Total Time": 241.988,
    "Actual Rows": 1,
    "Actual Loops": 1,
    "Plans": [
      {
        "Node Type": "Gather",
        "Parent Relationship": "Outer",
        "Parallel Aware": false,
        "Startup Cost": 230799.78,
        "Total Cost": 230799.89,
        "Plan Rows": 1,
        "Plan Width": 8,
        "Actual Startup Time": 224.037,
        "Actual Total Time": 241.98,
        "Actual Rows": 2,
        "Actual Loops": 1,
        "Workers Planned": 1,
        "Workers Launched": 1,
        "Single Copy": false,
        "Plans": [
          {
            "Node Type": "Aggregate",
            "Strategy": "Plain",
            "Partial Mode": "Partial",
            "Parent Relationship": "Outer",
            "Parallel Aware": false,
            "Startup Cost": 229799.78,
            "Total Cost": 229799.79,
            "Plan Rows": 1,
            "Plan Width": 8,
            "Actual Startup Time": 219.066,
            "Actual Total Time": 219.07,
            "Actual Rows": 1,
            "Actual Loops": 2,
            "Plans": [
              {
                "Node Type": "Hash Join",
                "Parent Relationship": "Outer",
                "Parallel Aware": true,
                "Join Type": "Inner",
                "Startup Cost": 64696.66,
                "Total Cost": 229798.18,
                "Plan Rows": 641,
                "Plan Width": 0,
                "Actual Startup Time": 155.893,
                "Actual Total Time": 219.035,
                "Actual Rows": 352,
                "Actual Loops": 2,
                "Inner Unique": true,
                "Hash Cond": "(mi.movie_id = t.id)",
                "Plans": [
                  {
                    "Node Type": "Bitmap Heap Scan",
                    "Parent Relationship": "Outer",
                    "Parallel Aware": true,
                    "Relation Name": "movie_info",
                    "Alias": "mi",
                    "Startup Cost": 6332.18,
                    "Total Cost": 170894.21,
                    "Plan Rows": 205522,
                    "Plan Width": 4,
                    "Actual Startup Time": 18.664,
                    "Actual Total Time": 64.893,
                    "Actual Rows": 164428,
                    "Actual Loops": 2,
                    "Recheck Cond": "(info_type_id = 98)",
                    "Rows Removed by Index Recheck": 0,
                    "Exact Heap Blocks": 14479,
                    "Lossy Heap Blocks": 0,
                    "Plans": [
                      {
                        "Node Type": "Bitmap Index Scan",
                        "Parent Relationship": "Outer",
                        "Parallel Aware": false,
                        "Index Name": "info_type_id_movie_info",
                        "Startup Cost": 0.0,
                        "Total Cost": 6244.84,
                        "Plan Rows": 349387,
                        "Plan Width": 0,
                        "Actual Startup Time": 15.008,
                        "Actual Total Time": 15.009,
                        "Actual Rows": 328857,
                        "Actual Loops": 1,
                        "Index Cond": "(info_type_id = 98)"
                      }
                    ]
                  },
                  {
                    "Node Type": "Hash",
                    "Parent Relationship": "Inner",
                    "Parallel Aware": true,
                    "Startup Cost": 58306.47,
                    "Total Cost": 58306.47,
                    "Plan Rows": 4641,
                    "Plan Width": 4,
                    "Actual Startup Time": 135.435,
                    "Actual Total Time": 135.436,
                    "Actual Rows": 3929,
                    "Actual Loops": 2,
                    "Hash Buckets": 8192,
                    "Original Hash Buckets": 8192,
                    "Hash Batches": 1,
                    "Original Hash Batches": 1,
                    "Peak Memory Usage": 416,
                    "Plans": [
                      {
                        "Node Type": "Seq Scan",
                        "Parent Relationship": "Outer",
                        "Parallel Aware": true,
                        "Relation Name": "title",
                        "Alias": "t",
                        "Startup Cost": 0.0,
                        "Total Cost": 58306.47,
                        "Plan Rows": 4641,
                        "Plan Width": 4,
                        "Actual Startup Time": 0.179,
                        "Actual Total Time": 133.963,
                        "Actual Rows": 3929,
                        "Actual Loops": 2,
                        "Filter": "((kind_id = 7) AND (production_year = 1975))",
                        "Rows Removed by Filter": 1260227
                      }
                    ]
                  }
                ]
              }
            ]
          }
        ]
      }
    ]
  },
  "Planning Time": 0.468,
  "Triggers": [],
  "Execution Time": 242.082
}