{
  "Plan": {
    "Node Type": "Aggregate",
    "Strategy": "Plain",
    "Partial Mode": "Finalize",
    "Parallel Aware": false,
    "Startup Cost": 285742.53,
    "Total Cost": 285742.54,
    "Plan Rows": 1,
    "Plan Width": 8,
    "Actual Startup Time": 517.748,
    "Actual Total Time": 540.759,
    "Actual Rows": 1,
    "Actual Loops": 1,
    "Plans": [
      {
        "Node Type": "Gather",
        "Parent Relationship": "Outer",
        "Parallel Aware": false,
        "Startup Cost": 285742.42,
        "Total Cost": 285742.53,
        "Plan Rows": 1,
        "Plan Width": 8,
        "Actual Startup Time": 517.065,
        "Actual Total Time": 540.75,
        "Actual Rows": 2,
        "Actual Loops": 1,
        "Workers Planned": 1,
        "Workers Launched": 1,
        "Single Copy": false,
        "Plans": [
          {
            "Node Type": "Aggregate",
            "Strategy": "Plain",
            "Partial Mode": "Partial",
            "Parent Relationship": "Outer",
            "Parallel Aware": false,
            "Startup Cost": 284742.42,
            "Total Cost": 284742.43,
            "Plan Rows": 1,
            "Plan Width": 8,
            "Actual Startup Time": 511.277,
            "Actual Total Time": 511.281,
            "Actual Rows": 1,
            "Actual Loops": 2,
            "Plans": [
              {
                "Node Type": "Hash Join",
                "Parent Relationship": "Outer",
                "Parallel Aware": true,
                "Join Type": "Inner",
                "Startup Cost": 101852.04,
                "Total Cost": 284451.6,
                "Plan Rows": 116328,
                "Plan Width": 0,
                "Actual Startup Time": 238.678,
                "Actual Total Time": 509.255,
                "Actual Rows": 36014,
                "Actual Loops": 2,
                "Inner Unique": true,
                "Hash Cond": "(mi.movie_id = t.id)",
                "Plans": [
                  {
                    "Node Type": "Bitmap Heap Scan",
                    "Parent Relationship": "Outer",
                    "Parallel Aware": true,
                    "Relation Name": "movie_info",
                    "Alias": "mi",
                    "Startup Cost": 41958.26,
                    "Total Cost": 220981.46,
                    "Plan Rows": 1362416,
                    "Plan Width": 4,
                    "Actual Startup Time": 83.233,
                    "Actual Total Time": 236.684,
                    "Actual Rows": 1116925,
                    "Actual Loops": 2,
                    "Recheck Cond": "(info_type_id > 16)",
                    "Rows Removed by Index Recheck": 0,
                    "Exact Heap Blocks": 29744,
                    "Lossy Heap Blocks": 0,
                    "Plans": [
                      {
                        "Node Type": "Bitmap Index Scan",
                        "Parent Relationship": "Outer",
                        "Parallel Aware": false,
                        "Index Name": "info_type_id_movie_info",
                        "Startup Cost": 0.0,
                        "Total Cost": 41379.24,
                        "Plan Rows": 2316107,
                        "Plan Width": 0,
                        "Actual Startup Time": 75.048,
                        "Actual Total Time": 75.049,
                        "Actual Rows": 2233850,
                        "Actual Loops": 1,
                        "Index Cond": "(info_type_id > 16)"
                      }
                    ]
                  },
                  {
                    "Node Type": "Hash",
                    "Parent Relationship": "Inner",
                    "Parallel Aware": true,
                    "Startup Cost": 58306.47,
                    "Total Cost": 58306.47,
                    "Plan Rows": 126985,
                    "Plan Width": 4,
                    "Actual Startup Time": 151.73,
                    "Actual Total Time": 151.731,
                    "Actual Rows": 60394,
                    "Actual Loops": 2,
                    "Hash Buckets": 262144,
                    "Original Hash Buckets": 262144,
                    "Hash Batches": 1,
                    "Original Hash Batches": 1,
                    "Peak Memory Usage": 6816,
                    "Plans": [
                      {
                        "Node Type": "Seq Scan",
                        "Parent Relationship": "Outer",
                        "Parallel Aware": true,
                        "Relation Name": "title",
                        "Alias": "t",
                        "Startup Cost": 0.0,
                        "Total Cost": 58306.47,
                        "Plan Rows": 126985,
                        "Plan Width": 4,
                        "Actual Startup Time": 0.037,
                        "Actual Total Time": 135.708,
                        "Actual Rows": 60394,
                        "Actual Loops": 2,
                        "Filter": "((production_year < 1970) AND (kind_id = 7))",
                        "Rows Removed by Filter": 1203762
                      }
                    ]
                  }
                ]
              }
            ]
          }
        ]
      }
    ]
  },
  "Planning Time": 0.498,
  "Triggers": [],
  "Execution Time": 540.851
}