[
  {
    "Plan": {
      "Node Type": "Aggregate",
      "Strategy": "Plain",
      "Partial Mode": "Finalize",
      "Parallel Aware": false,
      "Startup Cost": 728497.25,
      "Total Cost": 728497.26,
      "Plan Rows": 1,
      "Plan Width": 128,
      "Actual Startup Time": 2363.653,
      "Actual Total Time": 2535.7,
      "Actual Rows": 1,
      "Actual Loops": 1,
      "Plans": [
        {
          "Node Type": "Gather",
          "Parent Relationship": "Outer",
          "Parallel Aware": false,
          "Startup Cost": 728496.8,
          "Total Cost": 728497.21,
          "Plan Rows": 4,
          "Plan Width": 128,
          "Actual Startup Time": 2363.435,
          "Actual Total Time": 2535.686,
          "Actual Rows": 5,
          "Actual Loops": 1,
          "Workers Planned": 4,
          "Workers Launched": 4,
          "Single Copy": false,
          "Plans": [
            {
              "Node Type": "Aggregate",
              "Strategy": "Plain",
              "Partial Mode": "Partial",
              "Parent Relationship": "Outer",
              "Parallel Aware": false,
              "Startup Cost": 727496.8,
              "Total Cost": 727496.81,
              "Plan Rows": 1,
              "Plan Width": 128,
              "Actual Startup Time": 2352.2,
              "Actual Total Time": 2352.225,
              "Actual Rows": 1,
              "Actual Loops": 5,
              "Plans": [
                {
                  "Node Type": "Hash Join",
                  "Parent Relationship": "Outer",
                  "Parallel Aware": true,
                  "Join Type": "Inner",
                  "Startup Cost": 657206.29,
                  "Total Cost": 727496.79,
                  "Plan Rows": 1,
                  "Plan Width": 81,
                  "Actual Startup Time": 2335.857,
                  "Actual Total Time": 2352.214,
                  "Actual Rows": 0,
                  "Actual Loops": 5,
                  "Inner Unique": false,
                  "Hash Cond": "(n.id = ci.person_id)",
                  "Plans": [
                    {
                      "Node Type": "Seq Scan",
                      "Parent Relationship": "Outer",
                      "Parallel Aware": true,
                      "Relation Name": "name",
                      "Alias": "n",
                      "Startup Cost": 0.0,
                      "Total Cost": 68635.58,
                      "Plan Rows": 441309,
                      "Plan Width": 19,
                      "Actual Startup Time": 0.03,
                      "Actual Total Time": 150.297,
                      "Actual Rows": 347916,
                      "Actual Loops": 5,
                      "Filter": "((gender)::text = 'm'::text)",
                      "Rows Removed by Filter": 485582
                    },
                    {
                      "Node Type": "Hash",
                      "Parent Relationship": "Inner",
                      "Parallel Aware": true,
                      "Startup Cost": 657206.27,
                      "Total Cost": 657206.27,
                      "Plan Rows": 1,
                      "Plan Width": 70,
                      "Actual Startup Time": 2177.677,
                      "Actual Total Time": 2177.7,
                      "Actual Rows": 0,
                      "Actual Loops": 5,
                      "Hash Buckets": 1024,
                      "Original Hash Buckets": 1024,
                      "Hash Batches": 1,
                      "Original Hash Batches": 1,
                      "Peak Memory Usage": 40,
                      "Plans": [
                        {
                          "Node Type": "Hash Join",
                          "Parent Relationship": "Outer",
                          "Parallel Aware": true,
                          "Join Type": "Inner",
                          "Startup Cost": 458094.97,
                          "Total Cost": 657206.27,
                          "Plan Rows": 1,
                          "Plan Width": 70,
                          "Actual Startup Time": 2168.82,
                          "Actual Total Time": 2177.596,
                          "Actual Rows": 0,
                          "Actual Loops": 5,
                          "Inner Unique": false,
                          "Hash Cond": "(mi.movie_id = t.id)",
                          "Plans": [
                            {
                              "Node Type": "Hash Join",
                              "Parent Relationship": "Outer",
                              "Parallel Aware": false,
                              "Join Type": "Inner",
                              "Startup Cost": 2.43,
                              "Total Cost": 199113.47,
                              "Plan Rows": 67,
                              "Plan Width": 47,
                              "Actual Startup Time": 436.151,
                              "Actual Total Time": 479.147,
                              "Actual Rows": 7812,
                              "Actual Loops": 5,
                              "Inner Unique": true,
                              "Hash Cond": "(mi.info_type_id = it1.id)",
                              "Plans": [
                                {
                                  "Node Type": "Seq Scan",
                                  "Parent Relationship": "Outer",
                                  "Parallel Aware": true,
                                  "Relation Name": "movie_info",
                                  "Alias": "mi",
                                  "Startup Cost": 0.0,
                                  "Total Cost": 199090.3,
                                  "Plan Rows": 7617,
                                  "Plan Width": 51,
                                  "Actual Startup Time": 412.26,
                                  "Actual Total Time": 477.451,
                                  "Actual Rows": 7812,
                                  "Actual Loops": 5,
                                  "Filter": "(info = 'Family'::text)",
                                  "Rows Removed by Filter": 2959332
                                },
                                {
                                  "Node Type": "Hash",
                                  "Parent Relationship": "Inner",
                                  "Parallel Aware": false,
                                  "Startup Cost": 2.41,
                                  "Total Cost": 2.41,
                                  "Plan Rows": 1,
                                  "Plan Width": 4,
                                  "Actual Startup Time": 0.033,
                                  "Actual Total Time": 0.035,
                                  "Actual Rows": 1,
                                  "Actual Loops": 5,
                                  "Hash Buckets": 1024,
                                  "Original Hash Buckets": 1024,
                                  "Hash Batches": 1,
                                  "Original Hash Batches": 1,
                                  "Peak Memory Usage": 9,
                                  "Plans": [
                                    {
                                      "Node Type": "Seq Scan",
                                      "Parent Relationship": "Outer",
                                      "Parallel Aware": false,
                                      "Relation Name": "info_type",
                                      "Alias": "it1",
                                      "Startup Cost": 0.0,
                                      "Total Cost": 2.41,
                                      "Plan Rows": 1,
                                      "Plan Width": 4,
                                      "Actual Startup Time": 0.016,
                                      "Actual Total Time": 0.024,
                                      "Actual Rows": 1,
                                      "Actual Loops": 5,
                                      "Filter": "((info)::text = 'genres'::text)",
                                      "Rows Removed by Filter": 112
                                    }
                                  ]
                                }
                              ]
                            },
                            {
                              "Node Type": "Hash",
                              "Parent Relationship": "Inner",
                              "Parallel Aware": true,
                              "Startup Cost": 458092.53,
                              "Total Cost": 458092.53,
                              "Plan Rows": 1,
                              "Plan Width": 43,
                              "Actual Startup Time": 1697.635,
                              "Actual Total Time": 1697.651,
                              "Actual Rows": 0,
                              "Actual Loops": 5,
                              "Hash Buckets": 1024,
                              "Original Hash Buckets": 1024,
                              "Hash Batches": 1,
                              "Original Hash Batches": 1,
                              "Peak Memory Usage": 40,
                              "Plans": [
                                {
                                  "Node Type": "Hash Join",
                                  "Parent Relationship": "Outer",
                                  "Parallel Aware": true,
                                  "Join Type": "Inner",
                                  "Startup Cost": 442822.26,
                                  "Total Cost": 458092.53,
                                  "Plan Rows": 1,
                                  "Plan Width": 43,
                                  "Actual Startup Time": 1681.001,
                                  "Actual Total Time": 1697.581,
                                  "Actual Rows": 0,
                                  "Actual Loops": 5,
                                  "Inner Unique": false,
                                  "Hash Cond": "(mi_idx.movie_id = t.id)",
                                  "Plans": [
                                    {
                                      "Node Type": "Hash Join",
                                      "Parent Relationship": "Outer",
                                      "Parallel Aware": false,
                                      "Join Type": "Inner",
                                      "Startup Cost": 2.43,
                                      "Total Cost": 15253.6,
                                      "Plan Rows": 5089,
                                      "Plan Width": 10,
                                      "Actual Startup Time": 0.136,
                                      "Actual Total Time": 76.068,
                                      "Actual Rows": 91985,
                                      "Actual Loops": 5,
                                      "Inner Unique": true,
                                      "Hash Cond": "(mi_idx.info_type_id = it2.id)",
                                      "Plans": [
                                        {
                                          "Node Type": "Seq Scan",
                                          "Parent Relationship": "Outer",
                                          "Parallel Aware": true,
                                          "Relation Name": "movie_info_idx",
                                          "Alias": "mi_idx",
                                          "Startup Cost": 0.0,
                                          "Total Cost": 13685.15,
                                          "Plan Rows": 575015,
                                          "Plan Width": 14,
                                          "Actual Startup Time": 0.02,
                                          "Actual Total Time": 37.304,
                                          "Actual Rows": 276007,
                                          "Actual Loops": 5
                                        },
                                        {
                                          "Node Type": "Hash",
                                          "Parent Relationship": "Inner",
                                          "Parallel Aware": false,
                                          "Startup Cost": 2.41,
                                          "Total Cost": 2.41,
                                          "Plan Rows": 1,
                                          "Plan Width": 4,
                                          "Actual Startup Time": 0.074,
                                          "Actual Total Time": 0.075,
                                          "Actual Rows": 1,
                                          "Actual Loops": 5,
                                          "Hash Buckets": 1024,
                                          "Original Hash Buckets": 1024,
                                          "Hash Batches": 1,
                                          "Original Hash Batches": 1,
                                          "Peak Memory Usage": 9,
                                          "Plans": [
                                            {
                                              "Node Type": "Seq Scan",
                                              "Parent Relationship": "Outer",
                                              "Parallel Aware": false,
                                              "Relation Name": "info_type",
                                              "Alias": "it2",
                                              "Startup Cost": 0.0,
                                              "Total Cost": 2.41,
                                              "Plan Rows": 1,
                                              "Plan Width": 4,
                                              "Actual Startup Time": 0.059,
                                              "Actual Total Time": 0.061,
                                              "Actual Rows": 1,
                                              "Actual Loops": 5,
                                              "Filter": "((info)::text = 'votes'::text)",
                                              "Rows Removed by Filter": 112
                                            }
                                          ]
                                        }
                                      ]
                                    },
                                    {
                                      "Node Type": "Hash",
                                      "Parent Relationship": "Inner",
                                      "Parallel Aware": true,
                                      "Startup Cost": 442819.82,
                                      "Total Cost": 442819.82,
                                      "Plan Rows": 1,
                                      "Plan Width": 33,
                                      "Actual Startup Time": 1614.453,
                                      "Actual Total Time": 1614.465,
                                      "Actual Rows": 0,
                                      "Actual Loops": 5,
                                      "Hash Buckets": 1024,
                                      "Original Hash Buckets": 1024,
                                      "Hash Batches": 1,
                                      "Original Hash Batches": 1,
                                      "Peak Memory Usage": 40,
                                      "Plans": [
                                        {
                                          "Node Type": "Hash Join",
                                          "Parent Relationship": "Outer",
                                          "Parallel Aware": true,
                                          "Join Type": "Inner",
                                          "Startup Cost": 399941.42,
                                          "Total Cost": 442819.82,
                                          "Plan Rows": 1,
                                          "Plan Width": 33,
                                          "Actual Startup Time": 1574.249,
                                          "Actual Total Time": 1614.393,
                                          "Actual Rows": 0,
                                          "Actual Loops": 5,
                                          "Inner Unique": false,
                                          "Hash Cond": "(mk.movie_id = t.id)",
                                          "Plans": [
                                            {
                                              "Node Type": "Hash Join",
                                              "Parent Relationship": "Outer",
                                              "Parallel Aware": false,
                                              "Join Type": "Inner",
                                              "Startup Cost": 3129.33,
                                              "Total Cost": 46007.52,
                                              "Plan Rows": 55,
                                              "Plan Width": 4,
                                              "Actual Startup Time": 28.09,
                                              "Actual Total Time": 221.056,
                                              "Actual Rows": 1414,
                                              "Actual Loops": 5,
                                              "Inner Unique": true,
                                              "Hash Cond": "(mk.keyword_id = k.id)",
                                              "Plans": [
                                                {
                                                  "Node Type": "Seq Scan",
                                                  "Parent Relationship": "Outer",
                                                  "Parallel Aware": true,
                                                  "Relation Name": "movie_keyword",
                                                  "Alias": "mk",
                                                  "Startup Cost": 0.0,
                                                  "Total Cost": 39047.32,
                                                  "Plan Rows": 1459332,
                                                  "Plan Width": 8,
                                                  "Actual Startup Time": 0.038,
                                                  "Actual Total Time": 112.649,
                                                  "Actual Rows": 904786,
                                                  "Actual Loops": 5
                                                },
                                                {
                                                  "Node Type": "Hash",
                                                  "Parent Relationship": "Inner",
                                                  "Parallel Aware": false,
                                                  "Startup Cost": 3129.26,
                                                  "Total Cost": 3129.26,
                                                  "Plan Rows": 5,
                                                  "Plan Width": 4,
                                                  "Actual Startup Time": 27.505,
                                                  "Actual Total Time": 27.506,
                                                  "Actual Rows": 5,
                                                  "Actual Loops": 5,
                                                  "Hash Buckets": 1024,
                                                  "Original Hash Buckets": 1024,
                                                  "Hash Batches": 1,
                                                  "Original Hash Batches": 1,
                                                  "Peak Memory Usage": 9,
                                                  "Plans": [
                                                    {
                                                      "Node Type": "Seq Scan",
                                                      "Parent Relationship": "Outer",
                                                      "Parallel Aware": false,
                                                      "Relation Name": "keyword",
                                                      "Alias": "k",
                                                      "Startup Cost": 0.0,
                                                      "Total Cost": 3129.26,
                                                      "Plan Rows": 5,
                                                      "Plan Width": 4,
                                                      "Actual Startup Time": 0.609,
                                                      "Actual Total Time": 27.493,
                                                      "Actual Rows": 5,
                                                      "Actual Loops": 5,
                                                      "Filter": "(keyword = ANY ('{gore,second-part,marvel-comics,superhero,classmate}'::text[]))",
                                                      "Rows Removed by Filter": 134165
                                                    }
                                                  ]
                                                }
                                              ]
                                            },
                                            {
                                              "Node Type": "Hash",
                                              "Parent Relationship": "Inner",
                                              "Parallel Aware": true,
                                              "Startup Cost": 396811.95,
                                              "Total Cost": 396811.95,
                                              "Plan Rows": 11,
                                              "Plan Width": 29,
                                              "Actual Startup Time": 1392.914,
                                              "Actual Total Time": 1392.92,
                                              "Actual Rows": 31,
                                              "Actual Loops": 5,
                                              "Hash Buckets": 1024,
                                              "Original Hash Buckets": 1024,
                                              "Hash Batches": 1,
                                              "Original Hash Batches": 1,
                                              "Peak Memory Usage": 168,
                                              "Plans": [
                                                {
                                                  "Node Type": "Hash Join",
                                                  "Parent Relationship": "Outer",
                                                  "Parallel Aware": true,
                                                  "Join Type": "Inner",
                                                  "Startup Cost": 45479.19,
                                                  "Total Cost": 396811.95,
                                                  "Plan Rows": 11,
                                                  "Plan Width": 29,
                                                  "Actual Startup Time": 917.549,
                                                  "Actual Total Time": 1392.758,
                                                  "Actual Rows": 31,
                                                  "Actual Loops": 5,
                                                  "Inner Unique": true,
                                                  "Hash Cond": "(ci.movie_id = t.id)",
                                                  "Plans": [
                                                    {
                                                      "Node Type": "Seq Scan",
                                                      "Parent Relationship": "Outer",
                                                      "Parallel Aware": true,
                                                      "Relation Name": "cast_info",
                                                      "Alias": "ci",
                                                      "Startup Cost": 0.0,
                                                      "Total Cost": 350807.07,
                                                      "Plan Rows": 200266,
                                                      "Plan Width": 8,
                                                      "Actual Startup Time": 104.246,
                                                      "Actual Total Time": 1235.037,
                                                      "Actual Rows": 248943,
                                                      "Actual Loops": 5,
                                                      "Filter": "(note = ANY ('{(writer),\"(head writer)\",\"(written by)\",(story),\"(story editor)\"}'::text[]))",
                                                      "Rows Removed by Filter": 6999926
                                                    },
                                                    {
                                                      "Node Type": "Hash",
                                                      "Parent Relationship": "Inner",
                                                      "Parallel Aware": true,
                                                      "Startup Cost": 45478.74,
                                                      "Total Cost": 45478.74,
                                                      "Plan Rows": 36,
                                                      "Plan Width": 21,
                                                      "Actual Startup Time": 133.139,
                                                      "Actual Total Time": 133.14,
                                                      "Actual Rows": 93,
                                                      "Actual Loops": 5,
                                                      "Hash Buckets": 1024,
                                                      "Original Hash Buckets": 1024,
                                                      "Hash Batches": 1,
                                                      "Original Hash Batches": 1,
                                                      "Peak Memory Usage": 168,
                                                      "Plans": [
                                                        {
                                                          "Node Type": "Seq Scan",
                                                          "Parent Relationship": "Outer",
                                                          "Parallel Aware": true,
                                                          "Relation Name": "title",
                                                          "Alias": "t",
                                                          "Startup Cost": 0.0,
                                                          "Total Cost": 45478.74,
                                                          "Plan Rows": 36,
                                                          "Plan Width": 21,
                                                          "Actual Startup Time": 2.93,
                                                          "Actual Total Time": 132.957,
                                                          "Actual Rows": 93,
                                                          "Actual Loops": 5,
                                                          "Filter": "((title ~~ '100%'::text) AND (production_year > 1997))",
                                                          "Rows Removed by Filter": 505569
                                                        }
                                                      ]
                                                    }
                                                  ]
                                                }
                                              ]
                                            }
                                          ]
                                        }
                                      ]
                                    }
                                  ]
                                }
                              ]
                            }
                          ]
                        }
                      ]
                    }
                  ]
                }
              ]
            }
          ]
        }
      ]
    },
    "Planning Time": 20.997,
    "Triggers": [],
    "Execution Time": 2536.228
  }
]