[
  {
    "Plan": {
      "Node Type": "Aggregate",
      "Strategy": "Plain",
      "Partial Mode": "Finalize",
      "Parallel Aware": false,
      "Startup Cost": 32736.5,
      "Total Cost": 32736.51,
      "Plan Rows": 1,
      "Plan Width": 8,
      "Actual Startup Time": 80.902,
      "Actual Total Time": 88.85,
      "Actual Rows": 1,
      "Actual Loops": 1,
      "Plans": [
        {
          "Node Type": "Gather",
          "Parent Relationship": "Outer",
          "Parallel Aware": false,
          "Startup Cost": 32736.18,
          "Total Cost": 32736.49,
          "Plan Rows": 3,
          "Plan Width": 8,
          "Actual Startup Time": 80.8,
          "Actual Total Time": 88.841,
          "Actual Rows": 4,
          "Actual Loops": 1,
          "Workers Planned": 3,
          "Workers Launched": 3,
          "Single Copy": false,
          "Plans": [
            {
              "Node Type": "Aggregate",
              "Strategy": "Plain",
              "Partial Mode": "Partial",
              "Parent Relationship": "Outer",
              "Parallel Aware": false,
              "Startup Cost": 31736.18,
              "Total Cost": 31736.19,
              "Plan Rows": 1,
              "Plan Width": 8,
              "Actual Startup Time": 75.375,
              "Actual Total Time": 75.376,
              "Actual Rows": 1,
              "Actual Loops": 4,
              "Plans": [
                {
                  "Node Type": "Seq Scan",
                  "Parent Relationship": "Outer",
                  "Parallel Aware": true,
                  "Relation Name": "movie_companies",
                  "Alias": "mc",
                  "Startup Cost": 0.0,
                  "Total Cost": 31414.82,
                  "Plan Rows": 128545,
                  "Plan Width": 0,
                  "Actual Startup Time": 23.251,
                  "Actual Total Time": 74.294,
                  "Actual Rows": 20386,
                  "Actual Loops": 4,
                  "Filter": "((company_id > 28002) AND (company_type_id < 2))",
                  "Rows Removed by Filter": 631896
                }
              ]
            }
          ]
        }
      ]
    },
    "Planning Time": 0.214,
    "Triggers": [],
    "Execution Time": 88.907
  }
]