{
  "Plan": {
    "Node Type": "Aggregate",
    "Strategy": "Plain",
    "Partial Mode": "Simple",
    "Parallel Aware": false,
    "Startup Cost": 454865.67,
    "Total Cost": 454865.68,
    "Plan Rows": 1,
    "Plan Width": 96,
    "Actual Startup Time": 4046.996,
    "Actual Total Time": 4048.563,
    "Actual Rows": 1,
    "Actual Loops": 1,
    "Plans": [
      {
        "Node Type": "Nested Loop",
        "Parent Relationship": "Outer",
        "Parallel Aware": false,
        "Join Type": "Inner",
        "Startup Cost": 152263.3,
        "Total Cost": 454865.67,
        "Plan Rows": 1,
        "Plan Width": 42,
        "Actual Startup Time": 3285.178,
        "Actual Total Time": 4047.809,
        "Actual Rows": 3862,
        "Actual Loops": 1,
        "Inner Unique": false,
        "Join Filter": "(mi.info_type_id = it1.id)",
        "Rows Removed by Join Filter": 9042,
        "Plans": [
          {
            "Node Type": "Seq Scan",
            "Parent Relationship": "Outer",
            "Parallel Aware": false,
            "Relation Name": "info_type",
            "Alias": "it1",
            "Startup Cost": 0.0,
            "Total Cost": 2.41,
            "Plan Rows": 1,
            "Plan Width": 4,
            "Actual Startup Time": 0.01,
            "Actual Total Time": 0.018,
            "Actual Rows": 1,
            "Actual Loops": 1,
            "Filter": "((info)::text = 'countries'::text)",
            "Rows Removed by Filter": 112
          },
          {
            "Node Type": "Nested Loop",
            "Parent Relationship": "Inner",
            "Parallel Aware": false,
            "Join Type": "Inner",
            "Startup Cost": 152263.3,
            "Total Cost": 454863.24,
            "Plan Rows": 1,
            "Plan Width": 46,
            "Actual Startup Time": 2142.481,
            "Actual Total Time": 4046.726,
            "Actual Rows": 12904,
            "Actual Loops": 1,
            "Inner Unique": false,
            "Join Filter": "(mk.keyword_id = k.id)",
            "Rows Removed by Join Filter": 4648745,
            "Plans": [
              {
                "Node Type": "Seq Scan",
                "Parent Relationship": "Outer",
                "Parallel Aware": false,
                "Relation Name": "keyword",
                "Alias": "k",
                "Startup Cost": 0.0,
                "Total Cost": 2961.55,
                "Plan Rows": 4,
                "Plan Width": 4,
                "Actual Startup Time": 0.891,
                "Actual Total Time": 16.065,
                "Actual Rows": 3,
                "Actual Loops": 1,
                "Filter": "(keyword = ANY ('{murder,murder-in-title,blood,violence}'::text[]))",
                "Rows Removed by Filter": 134167
              },
              {
                "Node Type": "Materialize",
                "Parent Relationship": "Inner",
                "Parallel Aware": false,
                "Startup Cost": 152263.3,
                "Total Cost": 451804.69,
                "Plan Rows": 1687,
                "Plan Width": 50,
                "Actual Startup Time": 713.025,
                "Actual Total Time": 1245.816,
                "Actual Rows": 1553883,
                "Actual Loops": 3,
                "Plans": [
                  {
                    "Node Type": "Hash Join",
                    "Parent Relationship": "Outer",
                    "Parallel Aware": false,
                    "Join Type": "Inner",
                    "Startup Cost": 152263.3,
                    "Total Cost": 451796.25,
                    "Plan Rows": 1687,
                    "Plan Width": 50,
                    "Actual Startup Time": 2139.062,
                    "Actual Total Time": 3104.209,
                    "Actual Rows": 1553883,
                    "Actual Loops": 1,
                    "Inner Unique": false,
                    "Hash Cond": "(mi.movie_id = t.id)",
                    "Plans": [
                      {
                        "Node Type": "Gather",
                        "Parent Relationship": "Outer",
                        "Parallel Aware": false,
                        "Startup Cost": 1000.0,
                        "Total Cost": 297977.68,
                        "Plan Rows": 680764,
                        "Plan Width": 8,
                        "Actual Startup Time": 1.984,
                        "Actual Total Time": 646.74,
                        "Actual Rows": 716210,
                        "Actual Loops": 1,
                        "Workers Planned": 5,
                        "Workers Launched": 5,
                        "Single Copy": false,
                        "Plans": [
                          {
                            "Node Type": "Seq Scan",
                            "Parent Relationship": "Outer",
                            "Parallel Aware": true,
                            "Relation Name": "movie_info",
                            "Alias": "mi",
                            "Startup Cost": 0.0,
                            "Total Cost": 228901.28,
                            "Plan Rows": 136153,
                            "Plan Width": 8,
                            "Actual Startup Time": 0.4,
                            "Actual Total Time": 964.692,
                            "Actual Rows": 119368,
                            "Actual Loops": 6,
                            "Filter": "(info = ANY ('{Sweden,Norway,Germany,Denmark,Swedish,Danish,Norwegian,German,USA,American}'::text[]))",
                            "Rows Removed by Filter": 2353252
                          }
                        ]
                      },
                      {
                        "Node Type": "Hash",
                        "Parent Relationship": "Inner",
                        "Parallel Aware": false,
                        "Startup Cost": 151252.11,
                        "Total Cost": 151252.11,
                        "Plan Rows": 895,
                        "Plan Width": 62,
                        "Actual Startup Time": 2132.708,
                        "Actual Total Time": 2134.101,
                        "Actual Rows": 719825,
                        "Actual Loops": 1,
                        "Hash Buckets": 1048576,
                        "Original Hash Buckets": 1024,
                        "Hash Batches": 1,
                        "Original Hash Batches": 1,
                        "Peak Memory Usage": 76924,
                        "Plans": [
                          {
                            "Node Type": "Nested Loop",
                            "Parent Relationship": "Outer",
                            "Parallel Aware": false,
                            "Join Type": "Inner",
                            "Startup Cost": 81138.14,
                            "Total Cost": 151252.11,
                            "Plan Rows": 895,
                            "Plan Width": 62,
                            "Actual Startup Time": 953.174,
                            "Actual Total Time": 1926.414,
                            "Actual Rows": 719825,
                            "Actual Loops": 1,
                            "Inner Unique": false,
                            "Join Filter": "(t.kind_id = kt.id)",
                            "Rows Removed by Join Filter": 742351,
                            "Plans": [
                              {
                                "Node Type": "Seq Scan",
                                "Parent Relationship": "Outer",
                                "Parallel Aware": false,
                                "Relation Name": "kind_type",
                                "Alias": "kt",
                                "Startup Cost": 0.0,
                                "Total Cost": 1.09,
                                "Plan Rows": 2,
                                "Plan Width": 4,
                                "Actual Startup Time": 0.005,
                                "Actual Total Time": 0.015,
                                "Actual Rows": 2,
                                "Actual Loops": 1,
                                "Filter": "((kind)::text = ANY ('{movie,episode}'::text[]))",
                                "Rows Removed by Filter": 5
                              },
                              {
                                "Node Type": "Materialize",
                                "Parent Relationship": "Inner",
                                "Parallel Aware": false,
                                "Startup Cost": 81138.14,
                                "Total Cost": 151164.92,
                                "Plan Rows": 3131,
                                "Plan Width": 66,
                                "Actual Startup Time": 346.132,
                                "Actual Total Time": 887.457,
                                "Actual Rows": 731088,
                                "Actual Loops": 2,
                                "Plans": [
                                  {
                                    "Node Type": "Nested Loop",
                                    "Parent Relationship": "Outer",
                                    "Parallel Aware": false,
                                    "Join Type": "Inner",
                                    "Startup Cost": 81138.14,
                                    "Total Cost": 151149.27,
                                    "Plan Rows": 3131,
                                    "Plan Width": 66,
                                    "Actual Startup Time": 692.25,
                                    "Actual Total Time": 1434.909,
                                    "Actual Rows": 731088,
                                    "Actual Loops": 1,
                                    "Inner Unique": false,
                                    "Join Filter": "(t.id = mk.movie_id)",
                                    "Rows Removed by Join Filter": 0,
                                    "Plans": [
                                      {
                                        "Node Type": "Hash Join",
                                        "Parent Relationship": "Outer",
                                        "Parallel Aware": false,
                                        "Join Type": "Inner",
                                        "Startup Cost": 81137.71,
                                        "Total Cost": 150541.3,
                                        "Plan Rows": 312,
                                        "Plan Width": 58,
                                        "Actual Startup Time": 692.195,
                                        "Actual Total Time": 1141.445,
                                        "Actual Rows": 13884,
                                        "Actual Loops": 1,
                                        "Inner Unique": false,
                                        "Hash Cond": "(t.id = mi_idx.movie_id)",
                                        "Plans": [
                                          {
                                            "Node Type": "Seq Scan",
                                            "Parent Relationship": "Outer",
                                            "Parallel Aware": false,
                                            "Relation Name": "title",
                                            "Alias": "t",
                                            "Startup Cost": 0.0,
                                            "Total Cost": 67604.36,
                                            "Plan Rows": 478961,
                                            "Plan Width": 25,
                                            "Actual Startup Time": 0.024,
                                            "Actual Total Time": 315.888,
                                            "Actual Rows": 479601,
                                            "Actual Loops": 1,
                                            "Filter": "(production_year < 1978)",
                                            "Rows Removed by Filter": 2048711
                                          },
                                          {
                                            "Node Type": "Hash",
                                            "Parent Relationship": "Inner",
                                            "Parallel Aware": false,
                                            "Startup Cost": 81117.11,
                                            "Total Cost": 81117.11,
                                            "Plan Rows": 1648,
                                            "Plan Width": 33,
                                            "Actual Startup Time": 691.352,
                                            "Actual Total Time": 692.739,
                                            "Actual Rows": 178762,
                                            "Actual Loops": 1,
                                            "Hash Buckets": 262144,
                                            "Original Hash Buckets": 2048,
                                            "Hash Batches": 1,
                                            "Original Hash Batches": 1,
                                            "Peak Memory Usage": 13255,
                                            "Plans": [
                                              {
                                                "Node Type": "Nested Loop",
                                                "Parent Relationship": "Outer",
                                                "Parallel Aware": false,
                                                "Join Type": "Inner",
                                                "Startup Cost": 6647.04,
                                                "Total Cost": 81117.11,
                                                "Plan Rows": 1648,
                                                "Plan Width": 33,
                                                "Actual Startup Time": 50.577,
                                                "Actual Total Time": 648.474,
                                                "Actual Rows": 178762,
                                                "Actual Loops": 1,
                                                "Inner Unique": false,
                                                "Join Filter": "(mi_idx.info_type_id = it2.id)",
                                                "Rows Removed by Join Filter": 353846,
                                                "Plans": [
                                                  {
                                                    "Node Type": "Seq Scan",
                                                    "Parent Relationship": "Outer",
                                                    "Parallel Aware": false,
                                                    "Relation Name": "info_type",
                                                    "Alias": "it2",
                                                    "Startup Cost": 0.0,
                                                    "Total Cost": 2.41,
                                                    "Plan Rows": 1,
                                                    "Plan Width": 4,
                                                    "Actual Startup Time": 0.009,
                                                    "Actual Total Time": 0.015,
                                                    "Actual Rows": 1,
                                                    "Actual Loops": 1,
                                                    "Filter": "((info)::text = 'rating'::text)",
                                                    "Rows Removed by Filter": 112
                                                  },
                                                  {
                                                    "Node Type": "Gather",
                                                    "Parent Relationship": "Inner",
                                                    "Parallel Aware": false,
                                                    "Startup Cost": 6647.04,
                                                    "Total Cost": 78786.37,
                                                    "Plan Rows": 186266,
                                                    "Plan Width": 37,
                                                    "Actual Startup Time": 50.563,
                                                    "Actual Total Time": 603.149,
                                                    "Actual Rows": 532608,
                                                    "Actual Loops": 1,
                                                    "Workers Planned": 3,
                                                    "Workers Launched": 2,
                                                    "Single Copy": false,
                                                    "Plans": [
                                                      {
                                                        "Node Type": "Nested Loop",
                                                        "Parent Relationship": "Outer",
                                                        "Parallel Aware": false,
                                                        "Join Type": "Inner",
                                                        "Startup Cost": 5647.04,
                                                        "Total Cost": 59159.77,
                                                        "Plan Rows": 60086,
                                                        "Plan Width": 37,
                                                        "Actual Startup Time": 42.821,
                                                        "Actual Total Time": 554.772,
                                                        "Actual Rows": 177536,
                                                        "Actual Loops": 3,
                                                        "Inner Unique": false,
                                                        "Plans": [
                                                          {
                                                            "Node Type": "Hash Join",
                                                            "Parent Relationship": "Outer",
                                                            "Parallel Aware": false,
                                                            "Join Type": "Inner",
                                                            "Startup Cost": 5646.61,
                                                            "Total Cost": 37302.61,
                                                            "Plan Rows": 23365,
                                                            "Plan Width": 23,
                                                            "Actual Startup Time": 42.733,
                                                            "Actual Total Time": 270.21,
                                                            "Actual Rows": 82796,
                                                            "Actual Loops": 3,
                                                            "Inner Unique": true,
                                                            "Hash Cond": "(mc.company_type_id = ct.id)",
                                                            "Plans": [
                                                              {
                                                                "Node Type": "Hash Join",
                                                                "Parent Relationship": "Outer",
                                                                "Parallel Aware": true,
                                                                "Join Type": "Inner",
                                                                "Startup Cost": 5645.52,
                                                                "Total Cost": 37175.21,
                                                                "Plan Rows": 23365,
                                                                "Plan Width": 27,
                                                                "Actual Startup Time": 42.299,
                                                                "Actual Total Time": 253.578,
                                                                "Actual Rows": 82796,
                                                                "Actual Loops": 3,
                                                                "Inner Unique": true,
                                                                "Hash Cond": "(mc.company_id = cn.id)",
                                                                "Plans": [
                                                                  {
                                                                    "Node Type": "Seq Scan",
                                                                    "Parent Relationship": "Outer",
                                                                    "Parallel Aware": true,
                                                                    "Relation Name": "movie_companies",
                                                                    "Alias": "mc",
                                                                    "Startup Cost": 0.0,
                                                                    "Total Cost": 31414.82,
                                                                    "Plan Rows": 43760,
                                                                    "Plan Width": 12,
                                                                    "Actual Startup Time": 0.015,
                                                                    "Actual Total Time": 176.312,
                                                                    "Actual Rows": 101090,
                                                                    "Actual Loops": 3,
                                                                    "Filter": "((note !~~ '%(USA)%'::text) AND (note ~~ '%(200%)%'::text))",
                                                                    "Rows Removed by Filter": 768619
                                                                  },
                                                                  {
                                                                    "Node Type": "Hash",
                                                                    "Parent Relationship": "Inner",
                                                                    "Parallel Aware": true,
                                                                    "Startup Cost": 4722.92,
                                                                    "Total Cost": 4722.92,
                                                                    "Plan Rows": 73808,
                                                                    "Plan Width": 23,
                                                                    "Actual Startup Time": 41.495,
                                                                    "Actual Total Time": 41.496,
                                                                    "Actual Rows": 42077,
                                                                    "Actual Loops": 3,
                                                                    "Hash Buckets": 131072,
                                                                    "Original Hash Buckets": 131072,
                                                                    "Hash Batches": 1,
                                                                    "Original Hash Batches": 1,
                                                                    "Peak Memory Usage": 8288,
                                                                    "Plans": [
                                                                      {
                                                                        "Node Type": "Seq Scan",
                                                                        "Parent Relationship": "Outer",
                                                                        "Parallel Aware": true,
                                                                        "Relation Name": "company_name",
                                                                        "Alias": "cn",
                                                                        "Startup Cost": 0.0,
                                                                        "Total Cost": 4722.92,
                                                                        "Plan Rows": 73808,
                                                                        "Plan Width": 23,
                                                                        "Actual Startup Time": 0.054,
                                                                        "Actual Total Time": 22.209,
                                                                        "Actual Rows": 42077,
                                                                        "Actual Loops": 3,
                                                                        "Filter": "((country_code)::text <> '[us]'::text)",
                                                                        "Rows Removed by Filter": 36256
                                                                      }
                                                                    ]
                                                                  }
                                                                ]
                                                              },
                                                              {
                                                                "Node Type": "Hash",
                                                                "Parent Relationship": "Inner",
                                                                "Parallel Aware": false,
                                                                "Startup Cost": 1.04,
                                                                "Total Cost": 1.04,
                                                                "Plan Rows": 4,
                                                                "Plan Width": 4,
                                                                "Actual Startup Time": 0.08,
                                                                "Actual Total Time": 0.081,
                                                                "Actual Rows": 4,
                                                                "Actual Loops": 3,
                                                                "Hash Buckets": 1024,
                                                                "Original Hash Buckets": 1024,
                                                                "Hash Batches": 1,
                                                                "Original Hash Batches": 1,
                                                                "Peak Memory Usage": 9,
                                                                "Plans": [
                                                                  {
                                                                    "Node Type": "Seq Scan",
                                                                    "Parent Relationship": "Outer",
                                                                    "Parallel Aware": false,
                                                                    "Relation Name": "company_type",
                                                                    "Alias": "ct",
                                                                    "Startup Cost": 0.0,
                                                                    "Total Cost": 1.04,
                                                                    "Plan Rows": 4,
                                                                    "Plan Width": 4,
                                                                    "Actual Startup Time": 0.056,
                                                                    "Actual Total Time": 0.059,
                                                                    "Actual Rows": 4,
                                                                    "Actual Loops": 3
                                                                  }
                                                                ]
                                                              }
                                                            ]
                                                          },
                                                          {
                                                            "Node Type": "Index Scan",
                                                            "Parent Relationship": "Inner",
                                                            "Parallel Aware": false,
                                                            "Scan Direction": "Forward",
                                                            "Index Name": "movie_id_movie_info_idx",
                                                            "Relation Name": "movie_info_idx",
                                                            "Alias": "mi_idx",
                                                            "Startup Cost": 0.43,
                                                            "Total Cost": 0.91,
                                                            "Plan Rows": 3,
                                                            "Plan Width": 14,
                                                            "Actual Startup Time": 0.002,
                                                            "Actual Total Time": 0.003,
                                                            "Actual Rows": 2,
                                                            "Actual Loops": 248388,
                                                            "Index Cond": "(movie_id = mc.movie_id)",
                                                            "Rows Removed by Index Recheck": 0,
                                                            "Filter": "(info < '8.5'::text)",
                                                            "Rows Removed by Filter": 0
                                                          }
                                                        ]
                                                      }
                                                    ]
                                                  }
                                                ]
                                              }
                                            ]
                                          }
                                        ]
                                      },
                                      {
                                        "Node Type": "Index Scan",
                                        "Parent Relationship": "Inner",
                                        "Parallel Aware": false,
                                        "Scan Direction": "Forward",
                                        "Index Name": "movie_id_movie_keyword",
                                        "Relation Name": "movie_keyword",
                                        "Alias": "mk",
                                        "Startup Cost": 0.43,
                                        "Total Cost": 1.37,
                                        "Plan Rows": 46,
                                        "Plan Width": 8,
                                        "Actual Startup Time": 0.007,
                                        "Actual Total Time": 0.014,
                                        "Actual Rows": 53,
                                        "Actual Loops": 13884,
                                        "Index Cond": "(movie_id = mi_idx.movie_id)",
                                        "Rows Removed by Index Recheck": 0
                                      }
                                    ]
                                  }
                                ]
                              }
                            ]
                          }
                        ]
                      }
                    ]
                  }
                ]
              }
            ]
          }
        ]
      }
    ]
  },
  "Planning Time": 40.646,
  "Triggers": [],
  "Execution Time": 4140.204
}