[
  {
    "Plan": {
      "Node Type": "Aggregate",
      "Strategy": "Plain",
      "Partial Mode": "Simple",
      "Parallel Aware": false,
      "Startup Cost": 20108.34,
      "Total Cost": 20108.35,
      "Plan Rows": 1,
      "Plan Width": 96,
      "Actual Startup Time": 911.281,
      "Actual Total Time": 934.404,
      "Actual Rows": 1,
      "Actual Loops": 1,
      "Plans": [
        {
          "Node Type": "Gather",
          "Parent Relationship": "Outer",
          "Parallel Aware": false,
          "Startup Cost": 1008.73,
          "Total Cost": 20108.33,
          "Plan Rows": 2,
          "Plan Width": 41,
          "Actual Startup Time": 4.366,
          "Actual Total Time": 916.795,
          "Actual Rows": 92655,
          "Actual Loops": 1,
          "Workers Planned": 2,
          "Workers Launched": 2,
          "Single Copy": false,
          "Plans": [
            {
              "Node Type": "Hash Join",
              "Parent Relationship": "Outer",
              "Parallel Aware": false,
              "Join Type": "Inner",
              "Startup Cost": 8.73,
              "Total Cost": 19108.13,
              "Plan Rows": 1,
              "Plan Width": 41,
              "Actual Startup Time": 3.896,
              "Actual Total Time": 885.005,
              "Actual Rows": 30885,
              "Actual Loops": 3,
              "Inner Unique": true,
              "Hash Cond": "(mi.info_type_id = it2.id)",
              "Plans": [
                {
                  "Node Type": "Nested Loop",
                  "Parent Relationship": "Outer",
                  "Parallel Aware": false,
                  "Join Type": "Inner",
                  "Startup Cost": 6.3,
                  "Total Cost": 19105.4,
                  "Plan Rows": 110,
                  "Plan Width": 45,
                  "Actual Startup Time": 3.458,
                  "Actual Total Time": 871.225,
                  "Actual Rows": 101767,
                  "Actual Loops": 3,
                  "Inner Unique": false,
                  "Plans": [
                    {
                      "Node Type": "Nested Loop",
                      "Parent Relationship": "Outer",
                      "Parallel Aware": false,
                      "Join Type": "Inner",
                      "Startup Cost": 5.87,
                      "Total Cost": 19099.69,
                      "Plan Rows": 3,
                      "Plan Width": 53,
                      "Actual Startup Time": 3.315,
                      "Actual Total Time": 780.78,
                      "Actual Rows": 6667,
                      "Actual Loops": 3,
                      "Inner Unique": true,
                      "Plans": [
                        {
                          "Node Type": "Hash Join",
                          "Parent Relationship": "Outer",
                          "Parallel Aware": false,
                          "Join Type": "Inner",
                          "Startup Cost": 5.45,
                          "Total Cost": 18683.62,
                          "Plan Rows": 933,
                          "Plan Width": 38,
                          "Actual Startup Time": 2.177,
                          "Actual Total Time": 678.383,
                          "Actual Rows": 50969,
                          "Actual Loops": 3,
                          "Inner Unique": true,
                          "Hash Cond": "(mc.company_type_id = ct.id)",
                          "Plans": [
                            {
                              "Node Type": "Nested Loop",
                              "Parent Relationship": "Outer",
                              "Parallel Aware": false,
                              "Join Type": "Inner",
                              "Startup Cost": 4.39,
                              "Total Cost": 18662.39,
                              "Plan Rows": 3731,
                              "Plan Width": 42,
                              "Actual Startup Time": 1.148,
                              "Actual Total Time": 661.149,
                              "Actual Rows": 98964,
                              "Actual Loops": 3,
                              "Inner Unique": false,
                              "Plans": [
                                {
                                  "Node Type": "Hash Join",
                                  "Parent Relationship": "Outer",
                                  "Parallel Aware": false,
                                  "Join Type": "Inner",
                                  "Startup Cost": 3.96,
                                  "Total Cost": 18217.25,
                                  "Plan Rows": 727,
                                  "Plan Width": 30,
                                  "Actual Startup Time": 0.447,
                                  "Actual Total Time": 521.24,
                                  "Actual Rows": 47302,
                                  "Actual Loops": 3,
                                  "Inner Unique": true,
                                  "Hash Cond": "(t.kind_id = kt.id)",
                                  "Plans": [
                                    {
                                      "Node Type": "Nested Loop",
                                      "Parent Relationship": "Outer",
                                      "Parallel Aware": false,
                                      "Join Type": "Inner",
                                      "Startup Cost": 2.86,
                                      "Total Cost": 18194.71,
                                      "Plan Rows": 5089,
                                      "Plan Width": 34,
                                      "Actual Startup Time": 0.327,
                                      "Actual Total Time": 499.509,
                                      "Actual Rows": 153308,
                                      "Actual Loops": 3,
                                      "Inner Unique": true,
                                      "Plans": [
                                        {
                                          "Node Type": "Hash Join",
                                          "Parent Relationship": "Outer",
                                          "Parallel Aware": false,
                                          "Join Type": "Inner",
                                          "Startup Cost": 2.43,
                                          "Total Cost": 15253.6,
                                          "Plan Rows": 5089,
                                          "Plan Width": 9,
                                          "Actual Startup Time": 0.135,
                                          "Actual Total Time": 118.621,
                                          "Actual Rows": 153308,
                                          "Actual Loops": 3,
                                          "Inner Unique": true,
                                          "Hash Cond": "(miidx.info_type_id = it.id)",
                                          "Plans": [
                                            {
                                              "Node Type": "Seq Scan",
                                              "Parent Relationship": "Outer",
                                              "Parallel Aware": true,
                                              "Relation Name": "movie_info_idx",
                                              "Alias": "miidx",
                                              "Startup Cost": 0.0,
                                              "Total Cost": 13685.15,
                                              "Plan Rows": 575015,
                                              "Plan Width": 13,
                                              "Actual Startup Time": 0.041,
                                              "Actual Total Time": 49.792,
                                              "Actual Rows": 460012,
                                              "Actual Loops": 3
                                            },
                                            {
                                              "Node Type": "Hash",
                                              "Parent Relationship": "Inner",
                                              "Parallel Aware": false,
                                              "Startup Cost": 2.41,
                                              "Total Cost": 2.41,
                                              "Plan Rows": 1,
                                              "Plan Width": 4,
                                              "Actual Startup Time": 0.044,
                                              "Actual Total Time": 0.045,
                                              "Actual Rows": 1,
                                              "Actual Loops": 3,
                                              "Hash Buckets": 1024,
                                              "Original Hash Buckets": 1024,
                                              "Hash Batches": 1,
                                              "Original Hash Batches": 1,
                                              "Peak Memory Usage": 9,
                                              "Plans": [
                                                {
                                                  "Node Type": "Seq Scan",
                                                  "Parent Relationship": "Outer",
                                                  "Parallel Aware": false,
                                                  "Relation Name": "info_type",
                                                  "Alias": "it",
                                                  "Startup Cost": 0.0,
                                                  "Total Cost": 2.41,
                                                  "Plan Rows": 1,
                                                  "Plan Width": 4,
                                                  "Actual Startup Time": 0.026,
                                                  "Actual Total Time": 0.031,
                                                  "Actual Rows": 1,
                                                  "Actual Loops": 3,
                                                  "Filter": "((info)::text = 'rating'::text)",
                                                  "Rows Removed by Filter": 112
                                                }
                                              ]
                                            }
                                          ]
                                        },
                                        {
                                          "Node Type": "Index Scan",
                                          "Parent Relationship": "Inner",
                                          "Parallel Aware": false,
                                          "Scan Direction": "Forward",
                                          "Index Name": "title_pkey",
                                          "Relation Name": "title",
                                          "Alias": "t",
                                          "Startup Cost": 0.43,
                                          "Total Cost": 0.58,
                                          "Plan Rows": 1,
                                          "Plan Width": 25,
                                          "Actual Startup Time": 0.002,
                                          "Actual Total Time": 0.002,
                                          "Actual Rows": 1,
                                          "Actual Loops": 459925,
                                          "Index Cond": "(id = miidx.movie_id)",
                                          "Rows Removed by Index Recheck": 0
                                        }
                                      ]
                                    },
                                    {
                                      "Node Type": "Hash",
                                      "Parent Relationship": "Inner",
                                      "Parallel Aware": false,
                                      "Startup Cost": 1.09,
                                      "Total Cost": 1.09,
                                      "Plan Rows": 1,
                                      "Plan Width": 4,
                                      "Actual Startup Time": 0.047,
                                      "Actual Total Time": 0.048,
                                      "Actual Rows": 1,
                                      "Actual Loops": 3,
                                      "Hash Buckets": 1024,
                                      "Original Hash Buckets": 1024,
                                      "Hash Batches": 1,
                                      "Original Hash Batches": 1,
                                      "Peak Memory Usage": 9,
                                      "Plans": [
                                        {
                                          "Node Type": "Seq Scan",
                                          "Parent Relationship": "Outer",
                                          "Parallel Aware": false,
                                          "Relation Name": "kind_type",
                                          "Alias": "kt",
                                          "Startup Cost": 0.0,
                                          "Total Cost": 1.09,
                                          "Plan Rows": 1,
                                          "Plan Width": 4,
                                          "Actual Startup Time": 0.033,
                                          "Actual Total Time": 0.034,
                                          "Actual Rows": 1,
                                          "Actual Loops": 3,
                                          "Filter": "((kind)::text = 'episode'::text)",
                                          "Rows Removed by Filter": 6
                                        }
                                      ]
                                    }
                                  ]
                                },
                                {
                                  "Node Type": "Index Scan",
                                  "Parent Relationship": "Inner",
                                  "Parallel Aware": false,
                                  "Scan Direction": "Forward",
                                  "Index Name": "movie_id_movie_companies",
                                  "Relation Name": "movie_companies",
                                  "Alias": "mc",
                                  "Startup Cost": 0.43,
                                  "Total Cost": 0.56,
                                  "Plan Rows": 5,
                                  "Plan Width": 12,
                                  "Actual Startup Time": 0.002,
                                  "Actual Total Time": 0.002,
                                  "Actual Rows": 2,
                                  "Actual Loops": 141906,
                                  "Index Cond": "(movie_id = t.id)",
                                  "Rows Removed by Index Recheck": 0
                                }
                              ]
                            },
                            {
                              "Node Type": "Hash",
                              "Parent Relationship": "Inner",
                              "Parallel Aware": false,
                              "Startup Cost": 1.05,
                              "Total Cost": 1.05,
                              "Plan Rows": 1,
                              "Plan Width": 4,
                              "Actual Startup Time": 0.043,
                              "Actual Total Time": 0.044,
                              "Actual Rows": 1,
                              "Actual Loops": 3,
                              "Hash Buckets": 1024,
                              "Original Hash Buckets": 1024,
                              "Hash Batches": 1,
                              "Original Hash Batches": 1,
                              "Peak Memory Usage": 9,
                              "Plans": [
                                {
                                  "Node Type": "Seq Scan",
                                  "Parent Relationship": "Outer",
                                  "Parallel Aware": false,
                                  "Relation Name": "company_type",
                                  "Alias": "ct",
                                  "Startup Cost": 0.0,
                                  "Total Cost": 1.05,
                                  "Plan Rows": 1,
                                  "Plan Width": 4,
                                  "Actual Startup Time": 0.031,
                                  "Actual Total Time": 0.034,
                                  "Actual Rows": 1,
                                  "Actual Loops": 3,
                                  "Filter": "((kind)::text = 'distributors'::text)",
                                  "Rows Removed by Filter": 3
                                }
                              ]
                            }
                          ]
                        },
                        {
                          "Node Type": "Index Scan",
                          "Parent Relationship": "Inner",
                          "Parallel Aware": false,
                          "Scan Direction": "Forward",
                          "Index Name": "company_name_pkey",
                          "Relation Name": "company_name",
                          "Alias": "cn",
                          "Startup Cost": 0.42,
                          "Total Cost": 0.45,
                          "Plan Rows": 1,
                          "Plan Width": 23,
                          "Actual Startup Time": 0.002,
                          "Actual Total Time": 0.002,
                          "Actual Rows": 0,
                          "Actual Loops": 152907,
                          "Index Cond": "(id = mc.company_id)",
                          "Rows Removed by Index Recheck": 0,
                          "Filter": "((country_code)::text = '[hu]'::text)",
                          "Rows Removed by Filter": 1
                        }
                      ]
                    },
                    {
                      "Node Type": "Index Scan",
                      "Parent Relationship": "Inner",
                      "Parallel Aware": false,
                      "Scan Direction": "Forward",
                      "Index Name": "movie_id_movie_info",
                      "Relation Name": "movie_info",
                      "Alias": "mi",
                      "Startup Cost": 0.43,
                      "Total Cost": 1.49,
                      "Plan Rows": 41,
                      "Plan Width": 8,
                      "Actual Startup Time": 0.003,
                      "Actual Total Time": 0.011,
                      "Actual Rows": 15,
                      "Actual Loops": 20000,
                      "Index Cond": "(movie_id = t.id)",
                      "Rows Removed by Index Recheck": 0
                    }
                  ]
                },
                {
                  "Node Type": "Hash",
                  "Parent Relationship": "Inner",
                  "Parallel Aware": false,
                  "Startup Cost": 2.41,
                  "Total Cost": 2.41,
                  "Plan Rows": 1,
                  "Plan Width": 4,
                  "Actual Startup Time": 0.089,
                  "Actual Total Time": 0.09,
                  "Actual Rows": 1,
                  "Actual Loops": 3,
                  "Hash Buckets": 1024,
                  "Original Hash Buckets": 1024,
                  "Hash Batches": 1,
                  "Original Hash Batches": 1,
                  "Peak Memory Usage": 9,
                  "Plans": [
                    {
                      "Node Type": "Seq Scan",
                      "Parent Relationship": "Outer",
                      "Parallel Aware": false,
                      "Relation Name": "info_type",
                      "Alias": "it2",
                      "Startup Cost": 0.0,
                      "Total Cost": 2.41,
                      "Plan Rows": 1,
                      "Plan Width": 4,
                      "Actual Startup Time": 0.051,
                      "Actual Total Time": 0.067,
                      "Actual Rows": 1,
                      "Actual Loops": 3,
                      "Filter": "((info)::text = 'release dates'::text)",
                      "Rows Removed by Filter": 112
                    }
                  ]
                }
              ]
            }
          ]
        }
      ]
    },
    "Planning Time": 20.268,
    "Triggers": [],
    "Execution Time": 934.816
  }
]