[
  {
    "Plan": {
      "Node Type": "Aggregate",
      "Strategy": "Plain",
      "Partial Mode": "Finalize",
      "Parallel Aware": false,
      "Startup Cost": 44909.91,
      "Total Cost": 44909.92,
      "Plan Rows": 1,
      "Plan Width": 8,
      "Actual Startup Time": 85.805,
      "Actual Total Time": 97.428,
      "Actual Rows": 1,
      "Actual Loops": 1,
      "Plans": [
        {
          "Node Type": "Gather",
          "Parent Relationship": "Outer",
          "Parallel Aware": false,
          "Startup Cost": 44909.49,
          "Total Cost": 44909.9,
          "Plan Rows": 4,
          "Plan Width": 8,
          "Actual Startup Time": 85.644,
          "Actual Total Time": 97.417,
          "Actual Rows": 5,
          "Actual Loops": 1,
          "Workers Planned": 4,
          "Workers Launched": 4,
          "Single Copy": false,
          "Plans": [
            {
              "Node Type": "Aggregate",
              "Strategy": "Plain",
              "Partial Mode": "Partial",
              "Parent Relationship": "Outer",
              "Parallel Aware": false,
              "Startup Cost": 43909.49,
              "Total Cost": 43909.5,
              "Plan Rows": 1,
              "Plan Width": 8,
              "Actual Startup Time": 80.4,
              "Actual Total Time": 80.401,
              "Actual Rows": 1,
              "Actual Loops": 5,
              "Plans": [
                {
                  "Node Type": "Seq Scan",
                  "Parent Relationship": "Outer",
                  "Parallel Aware": true,
                  "Relation Name": "title",
                  "Alias": "t",
                  "Startup Cost": 0.0,
                  "Total Cost": 43899.32,
                  "Plan Rows": 4066,
                  "Plan Width": 0,
                  "Actual Startup Time": 0.087,
                  "Actual Total Time": 80.062,
                  "Actual Rows": 2886,
                  "Actual Loops": 5,
                  "Filter": "(production_year = 1978)",
                  "Rows Removed by Filter": 502777
                }
              ]
            }
          ]
        }
      ]
    },
    "Planning Time": 0.084,
    "Triggers": [],
    "Execution Time": 97.469
  }
]