{
  "Plan": {
    "Node Type": "Aggregate",
    "Strategy": "Plain",
    "Partial Mode": "Finalize",
    "Parallel Aware": false,
    "Startup Cost": 452796.25,
    "Total Cost": 452796.26,
    "Plan Rows": 1,
    "Plan Width": 8,
    "Actual Startup Time": 1316.141,
    "Actual Total Time": 1334.374,
    "Actual Rows": 1,
    "Actual Loops": 1,
    "Plans": [
      {
        "Node Type": "Gather",
        "Parent Relationship": "Outer",
        "Parallel Aware": false,
        "Startup Cost": 452796.13,
        "Total Cost": 452796.24,
        "Plan Rows": 1,
        "Plan Width": 8,
        "Actual Startup Time": 1313.399,
        "Actual Total Time": 1334.365,
        "Actual Rows": 2,
        "Actual Loops": 1,
        "Workers Planned": 1,
        "Workers Launched": 1,
        "Single Copy": false,
        "Plans": [
          {
            "Node Type": "Aggregate",
            "Strategy": "Plain",
            "Partial Mode": "Partial",
            "Parent Relationship": "Outer",
            "Parallel Aware": false,
            "Startup Cost": 451796.13,
            "Total Cost": 451796.14,
            "Plan Rows": 1,
            "Plan Width": 8,
            "Actual Startup Time": 1307.757,
            "Actual Total Time": 1307.761,
            "Actual Rows": 1,
            "Actual Loops": 2,
            "Plans": [
              {
                "Node Type": "Hash Join",
                "Parent Relationship": "Outer",
                "Parallel Aware": true,
                "Join Type": "Inner",
                "Startup Cost": 157974.47,
                "Total Cost": 448986.42,
                "Plan Rows": 1123886,
                "Plan Width": 0,
                "Actual Startup Time": 509.381,
                "Actual Total Time": 1277.852,
                "Actual Rows": 692486,
                "Actual Loops": 2,
                "Inner Unique": true,
                "Hash Cond": "(ci.movie_id = t.id)",
                "Plans": [
                  {
                    "Node Type": "Bitmap Heap Scan",
                    "Parent Relationship": "Outer",
                    "Parallel Aware": true,
                    "Relation Name": "cast_info",
                    "Alias": "ci",
                    "Startup Cost": 95140.43,
                    "Total Cost": 379500.93,
                    "Plan Rows": 2533880,
                    "Plan Width": 4,
                    "Actual Startup Time": 192.377,
                    "Actual Total Time": 419.788,
                    "Actual Rows": 2054410,
                    "Actual Loops": 2,
                    "Recheck Cond": "(person_id > 3304434)",
                    "Rows Removed by Index Recheck": 0,
                    "Exact Heap Blocks": 30784,
                    "Lossy Heap Blocks": 0,
                    "Plans": [
                      {
                        "Node Type": "Bitmap Index Scan",
                        "Parent Relationship": "Outer",
                        "Parallel Aware": false,
                        "Index Name": "person_id_cast_info",
                        "Startup Cost": 0.0,
                        "Total Cost": 94063.54,
                        "Plan Rows": 4307596,
                        "Plan Width": 0,
                        "Actual Startup Time": 182.283,
                        "Actual Total Time": 182.283,
                        "Actual Rows": 4108821,
                        "Actual Loops": 1,
                        "Index Cond": "(person_id > 3304434)"
                      }
                    ]
                  },
                  {
                    "Node Type": "Hash",
                    "Parent Relationship": "Inner",
                    "Parallel Aware": true,
                    "Startup Cost": 54588.39,
                    "Total Cost": 54588.39,
                    "Plan Rows": 659652,
                    "Plan Width": 4,
                    "Actual Startup Time": 307.629,
                    "Actual Total Time": 307.629,
                    "Actual Rows": 566678,
                    "Actual Loops": 2,
                    "Hash Buckets": 2097152,
                    "Original Hash Buckets": 2097152,
                    "Hash Batches": 1,
                    "Original Hash Batches": 1,
                    "Peak Memory Usage": 60736,
                    "Plans": [
                      {
                        "Node Type": "Seq Scan",
                        "Parent Relationship": "Outer",
                        "Parallel Aware": true,
                        "Relation Name": "title",
                        "Alias": "t",
                        "Startup Cost": 0.0,
                        "Total Cost": 54588.39,
                        "Plan Rows": 659652,
                        "Plan Width": 4,
                        "Actual Startup Time": 0.032,
                        "Actual Total Time": 156.324,
                        "Actual Rows": 566678,
                        "Actual Loops": 2,
                        "Filter": "(production_year < 2002)",
                        "Rows Removed by Filter": 697478
                      }
                    ]
                  }
                ]
              }
            ]
          }
        ]
      }
    ]
  },
  "Planning Time": 0.384,
  "Triggers": [],
  "Execution Time": 1334.432
}