[
  {
    "Plan": {
      "Node Type": "Aggregate",
      "Strategy": "Plain",
      "Partial Mode": "Finalize",
      "Parallel Aware": false,
      "Startup Cost": 79001.75,
      "Total Cost": 79001.76,
      "Plan Rows": 1,
      "Plan Width": 8,
      "Actual Startup Time": 309.4,
      "Actual Total Time": 318.189,
      "Actual Rows": 1,
      "Actual Loops": 1,
      "Plans": [
        {
          "Node Type": "Gather",
          "Parent Relationship": "Outer",
          "Parallel Aware": false,
          "Startup Cost": 79001.33,
          "Total Cost": 79001.74,
          "Plan Rows": 4,
          "Plan Width": 8,
          "Actual Startup Time": 306.372,
          "Actual Total Time": 318.181,
          "Actual Rows": 5,
          "Actual Loops": 1,
          "Workers Planned": 4,
          "Workers Launched": 4,
          "Single Copy": false,
          "Plans": [
            {
              "Node Type": "Aggregate",
              "Strategy": "Plain",
              "Partial Mode": "Partial",
              "Parent Relationship": "Outer",
              "Parallel Aware": false,
              "Startup Cost": 78001.33,
              "Total Cost": 78001.34,
              "Plan Rows": 1,
              "Plan Width": 8,
              "Actual Startup Time": 300.514,
              "Actual Total Time": 300.518,
              "Actual Rows": 1,
              "Actual Loops": 5,
              "Plans": [
                {
                  "Node Type": "Hash Join",
                  "Parent Relationship": "Outer",
                  "Parallel Aware": true,
                  "Join Type": "Inner",
                  "Startup Cost": 32178.58,
                  "Total Cost": 77851.33,
                  "Plan Rows": 60000,
                  "Plan Width": 0,
                  "Actual Startup Time": 129.392,
                  "Actual Total Time": 295.646,
                  "Actual Rows": 94773,
                  "Actual Loops": 5,
                  "Inner Unique": false,
                  "Hash Cond": "(t.id = mc.movie_id)",
                  "Plans": [
                    {
                      "Node Type": "Seq Scan",
                      "Parent Relationship": "Outer",
                      "Parallel Aware": true,
                      "Relation Name": "title",
                      "Alias": "t",
                      "Startup Cost": 0.0,
                      "Total Cost": 42318.81,
                      "Plan Rows": 632080,
                      "Plan Width": 4,
                      "Actual Startup Time": 0.01,
                      "Actual Total Time": 62.931,
                      "Actual Rows": 505662,
                      "Actual Loops": 5
                    },
                    {
                      "Node Type": "Hash",
                      "Parent Relationship": "Inner",
                      "Parallel Aware": true,
                      "Startup Cost": 31210.83,
                      "Total Cost": 31210.83,
                      "Plan Rows": 77420,
                      "Plan Width": 4,
                      "Actual Startup Time": 118.441,
                      "Actual Total Time": 118.442,
                      "Actual Rows": 94773,
                      "Actual Loops": 5,
                      "Hash Buckets": 524288,
                      "Original Hash Buckets": 262144,
                      "Hash Batches": 1,
                      "Original Hash Batches": 1,
                      "Peak Memory Usage": 24800,
                      "Plans": [
                        {
                          "Node Type": "Bitmap Heap Scan",
                          "Parent Relationship": "Outer",
                          "Parallel Aware": true,
                          "Relation Name": "movie_companies",
                          "Alias": "mc",
                          "Startup Cost": 10143.03,
                          "Total Cost": 31210.83,
                          "Plan Rows": 77420,
                          "Plan Width": 4,
                          "Actual Startup Time": 34.388,
                          "Actual Total Time": 73.632,
                          "Actual Rows": 94773,
                          "Actual Loops": 5,
                          "Recheck Cond": "(company_id > 75709)",
                          "Rows Removed by Index Recheck": 0,
                          "Filter": "(company_type_id = 2)",
                          "Rows Removed by Filter": 0,
                          "Exact Heap Blocks": 2053,
                          "Lossy Heap Blocks": 0,
                          "Plans": [
                            {
                              "Node Type": "Bitmap Index Scan",
                              "Parent Relationship": "Outer",
                              "Parallel Aware": false,
                              "Index Name": "company_id_movie_companies",
                              "Startup Cost": 0.0,
                              "Total Cost": 10083.02,
                              "Plan Rows": 470746,
                              "Plan Width": 0,
                              "Actual Startup Time": 33.744,
                              "Actual Total Time": 33.745,
                              "Actual Rows": 473867,
                              "Actual Loops": 1,
                              "Index Cond": "(company_id > 75709)"
                            }
                          ]
                        }
                      ]
                    }
                  ]
                }
              ]
            }
          ]
        }
      ]
    },
    "Planning Time": 0.335,
    "Triggers": [],
    "Execution Time": 318.246
  }
]