[
  {
    "Plan": {
      "Node Type": "Aggregate",
      "Strategy": "Plain",
      "Partial Mode": "Finalize",
      "Parallel Aware": false,
      "Startup Cost": 111491.39,
      "Total Cost": 111491.4,
      "Plan Rows": 1,
      "Plan Width": 8,
      "Actual Startup Time": 414.864,
      "Actual Total Time": 467.38,
      "Actual Rows": 1,
      "Actual Loops": 1,
      "Plans": [
        {
          "Node Type": "Gather",
          "Parent Relationship": "Outer",
          "Parallel Aware": false,
          "Startup Cost": 111490.97,
          "Total Cost": 111491.38,
          "Plan Rows": 4,
          "Plan Width": 8,
          "Actual Startup Time": 414.36,
          "Actual Total Time": 467.371,
          "Actual Rows": 5,
          "Actual Loops": 1,
          "Workers Planned": 4,
          "Workers Launched": 4,
          "Single Copy": false,
          "Plans": [
            {
              "Node Type": "Aggregate",
              "Strategy": "Plain",
              "Partial Mode": "Partial",
              "Parent Relationship": "Outer",
              "Parallel Aware": false,
              "Startup Cost": 110490.97,
              "Total Cost": 110490.98,
              "Plan Rows": 1,
              "Plan Width": 8,
              "Actual Startup Time": 403.863,
              "Actual Total Time": 403.866,
              "Actual Rows": 1,
              "Actual Loops": 5,
              "Plans": [
                {
                  "Node Type": "Nested Loop",
                  "Parent Relationship": "Outer",
                  "Parallel Aware": false,
                  "Join Type": "Inner",
                  "Startup Cost": 23936.35,
                  "Total Cost": 109905.53,
                  "Plan Rows": 234176,
                  "Plan Width": 0,
                  "Actual Startup Time": 58.462,
                  "Actual Total Time": 396.903,
                  "Actual Rows": 103576,
                  "Actual Loops": 5,
                  "Inner Unique": false,
                  "Plans": [
                    {
                      "Node Type": "Hash Join",
                      "Parent Relationship": "Outer",
                      "Parallel Aware": true,
                      "Join Type": "Inner",
                      "Startup Cost": 23935.79,
                      "Total Cost": 70136.74,
                      "Plan Rows": 16343,
                      "Plan Width": 8,
                      "Actual Startup Time": 58.349,
                      "Actual Total Time": 167.585,
                      "Actual Rows": 3261,
                      "Actual Loops": 5,
                      "Inner Unique": false,
                      "Hash Cond": "(t.id = mc.movie_id)",
                      "Plans": [
                        {
                          "Node Type": "Seq Scan",
                          "Parent Relationship": "Outer",
                          "Parallel Aware": true,
                          "Relation Name": "title",
                          "Alias": "t",
                          "Startup Cost": 0.0,
                          "Total Cost": 43898.92,
                          "Plan Rows": 449863,
                          "Plan Width": 4,
                          "Actual Startup Time": 0.013,
                          "Actual Total Time": 69.559,
                          "Actual Rows": 358677,
                          "Actual Loops": 5,
                          "Filter": "(production_year > 1988)",
                          "Rows Removed by Filter": 146986
                        },
                        {
                          "Node Type": "Hash",
                          "Parent Relationship": "Inner",
                          "Parallel Aware": true,
                          "Startup Cost": 23565.44,
                          "Total Cost": 23565.44,
                          "Plan Rows": 29628,
                          "Plan Width": 4,
                          "Actual Startup Time": 56.782,
                          "Actual Total Time": 56.783,
                          "Actual Rows": 7718,
                          "Actual Loops": 5,
                          "Hash Buckets": 131072,
                          "Original Hash Buckets": 131072,
                          "Hash Batches": 1,
                          "Original Hash Batches": 1,
                          "Peak Memory Usage": 2624,
                          "Plans": [
                            {
                              "Node Type": "Bitmap Heap Scan",
                              "Parent Relationship": "Outer",
                              "Parallel Aware": true,
                              "Relation Name": "movie_companies",
                              "Alias": "mc",
                              "Startup Cost": 3900.13,
                              "Total Cost": 23565.44,
                              "Plan Rows": 29628,
                              "Plan Width": 4,
                              "Actual Startup Time": 44.65,
                              "Actual Total Time": 52.917,
                              "Actual Rows": 7718,
                              "Actual Loops": 5,
                              "Recheck Cond": "(company_id < 41)",
                              "Rows Removed by Index Recheck": 0,
                              "Filter": "(company_type_id > 1)",
                              "Rows Removed by Filter": 28591,
                              "Exact Heap Blocks": 8896,
                              "Lossy Heap Blocks": 0,
                              "Plans": [
                                {
                                  "Node Type": "Bitmap Index Scan",
                                  "Parent Relationship": "Outer",
                                  "Parallel Aware": false,
                                  "Index Name": "company_id_movie_companies",
                                  "Startup Cost": 0.0,
                                  "Total Cost": 3877.16,
                                  "Plan Rows": 180898,
                                  "Plan Width": 0,
                                  "Actual Startup Time": 18.848,
                                  "Actual Total Time": 18.849,
                                  "Actual Rows": 181543,
                                  "Actual Loops": 1,
                                  "Index Cond": "(company_id < 41)"
                                }
                              ]
                            }
                          ]
                        }
                      ]
                    },
                    {
                      "Node Type": "Index Only Scan",
                      "Parent Relationship": "Inner",
                      "Parallel Aware": false,
                      "Scan Direction": "Forward",
                      "Index Name": "movie_id_cast_info",
                      "Relation Name": "cast_info",
                      "Alias": "ci",
                      "Startup Cost": 0.56,
                      "Total Cost": 2.06,
                      "Plan Rows": 37,
                      "Plan Width": 4,
                      "Actual Startup Time": 0.011,
                      "Actual Total Time": 0.067,
                      "Actual Rows": 32,
                      "Actual Loops": 16305,
                      "Index Cond": "(movie_id = t.id)",
                      "Rows Removed by Index Recheck": 0,
                      "Heap Fetches": 517879
                    }
                  ]
                }
              ]
            }
          ]
        }
      ]
    },
    "Planning Time": 1.516,
    "Triggers": [],
    "Execution Time": 467.515
  }
]