[
  {
    "Plan": {
      "Node Type": "Aggregate",
      "Strategy": "Plain",
      "Partial Mode": "Finalize",
      "Parallel Aware": false,
      "Startup Cost": 207098.27,
      "Total Cost": 207098.28,
      "Plan Rows": 1,
      "Plan Width": 8,
      "Actual Startup Time": 795.425,
      "Actual Total Time": 823.31,
      "Actual Rows": 1,
      "Actual Loops": 1,
      "Plans": [
        {
          "Node Type": "Gather",
          "Parent Relationship": "Outer",
          "Parallel Aware": false,
          "Startup Cost": 207097.75,
          "Total Cost": 207098.26,
          "Plan Rows": 5,
          "Plan Width": 8,
          "Actual Startup Time": 784.211,
          "Actual Total Time": 823.295,
          "Actual Rows": 6,
          "Actual Loops": 1,
          "Workers Planned": 5,
          "Workers Launched": 5,
          "Single Copy": false,
          "Plans": [
            {
              "Node Type": "Aggregate",
              "Strategy": "Plain",
              "Partial Mode": "Partial",
              "Parent Relationship": "Outer",
              "Parallel Aware": false,
              "Startup Cost": 206097.75,
              "Total Cost": 206097.76,
              "Plan Rows": 1,
              "Plan Width": 8,
              "Actual Startup Time": 774.949,
              "Actual Total Time": 775.329,
              "Actual Rows": 1,
              "Actual Loops": 6,
              "Plans": [
                {
                  "Node Type": "Hash Join",
                  "Parent Relationship": "Outer",
                  "Parallel Aware": true,
                  "Join Type": "Inner",
                  "Startup Cost": 85587.9,
                  "Total Cost": 205503.43,
                  "Plan Rows": 237729,
                  "Plan Width": 0,
                  "Actual Startup Time": 418.09,
                  "Actual Total Time": 755.102,
                  "Actual Rows": 444106,
                  "Actual Loops": 6,
                  "Inner Unique": false,
                  "Hash Cond": "(ci.movie_id = t.id)",
                  "Plans": [
                    {
                      "Node Type": "Index Scan",
                      "Parent Relationship": "Outer",
                      "Parallel Aware": true,
                      "Scan Direction": "Forward",
                      "Index Name": "role_id_cast_info",
                      "Relation Name": "cast_info",
                      "Alias": "ci",
                      "Startup Cost": 0.56,
                      "Total Cost": 115902.88,
                      "Plan Rows": 865691,
                      "Plan Width": 4,
                      "Actual Startup Time": 0.238,
                      "Actual Total Time": 147.54,
                      "Actual Rows": 720503,
                      "Actual Loops": 6,
                      "Index Cond": "(role_id = 10)",
                      "Rows Removed by Index Recheck": 0
                    },
                    {
                      "Node Type": "Hash",
                      "Parent Relationship": "Inner",
                      "Parallel Aware": true,
                      "Startup Cost": 82787.6,
                      "Total Cost": 82787.6,
                      "Plan Rows": 223979,
                      "Plan Width": 8,
                      "Actual Startup Time": 415.175,
                      "Actual Total Time": 415.552,
                      "Actual Rows": 87766,
                      "Actual Loops": 6,
                      "Hash Buckets": 1048576,
                      "Original Hash Buckets": 1048576,
                      "Hash Batches": 1,
                      "Original Hash Batches": 1,
                      "Peak Memory Usage": 28896,
                      "Plans": [
                        {
                          "Node Type": "Hash Join",
                          "Parent Relationship": "Outer",
                          "Parallel Aware": true,
                          "Join Type": "Inner",
                          "Startup Cost": 50435.39,
                          "Total Cost": 82787.6,
                          "Plan Rows": 223979,
                          "Plan Width": 8,
                          "Actual Startup Time": 270.261,
                          "Actual Total Time": 380.536,
                          "Actual Rows": 87766,
                          "Actual Loops": 6,
                          "Inner Unique": true,
                          "Hash Cond": "(mc.movie_id = t.id)",
                          "Plans": [
                            {
                              "Node Type": "Seq Scan",
                              "Parent Relationship": "Outer",
                              "Parallel Aware": true,
                              "Relation Name": "movie_companies",
                              "Alias": "mc",
                              "Startup Cost": 0.0,
                              "Total Cost": 31414.82,
                              "Plan Rows": 357103,
                              "Plan Width": 4,
                              "Actual Startup Time": 27.573,
                              "Actual Total Time": 59.467,
                              "Actual Rows": 205283,
                              "Actual Loops": 6,
                              "Filter": "((company_id > 312) AND (company_type_id = 2))",
                              "Rows Removed by Filter": 229572
                            },
                            {
                              "Node Type": "Hash",
                              "Parent Relationship": "Inner",
                              "Parallel Aware": true,
                              "Startup Cost": 45479.59,
                              "Total Cost": 45479.59,
                              "Plan Rows": 396464,
                              "Plan Width": 4,
                              "Actual Startup Time": 240.097,
                              "Actual Total Time": 240.099,
                              "Actual Rows": 281701,
                              "Actual Loops": 6,
                              "Hash Buckets": 2097152,
                              "Original Hash Buckets": 2097152,
                              "Hash Batches": 1,
                              "Original Hash Batches": 1,
                              "Peak Memory Usage": 82624,
                              "Plans": [
                                {
                                  "Node Type": "Seq Scan",
                                  "Parent Relationship": "Outer",
                                  "Parallel Aware": true,
                                  "Relation Name": "title",
                                  "Alias": "t",
                                  "Startup Cost": 0.0,
                                  "Total Cost": 45479.59,
                                  "Plan Rows": 396464,
                                  "Plan Width": 4,
                                  "Actual Startup Time": 0.056,
                                  "Actual Total Time": 98.292,
                                  "Actual Rows": 281701,
                                  "Actual Loops": 6,
                                  "Filter": "((kind_id > 1) AND (production_year > 1966))",
                                  "Rows Removed by Filter": 139684
                                }
                              ]
                            }
                          ]
                        }
                      ]
                    }
                  ]
                }
              ]
            }
          ]
        }
      ]
    },
    "Planning Time": 1.026,
    "Triggers": [],
    "Execution Time": 823.389
  }
]