{
  "Plan": {
    "Node Type": "Aggregate",
    "Strategy": "Plain",
    "Partial Mode": "Finalize",
    "Parallel Aware": false,
    "Startup Cost": 684539.12,
    "Total Cost": 684539.13,
    "Plan Rows": 1,
    "Plan Width": 96,
    "Actual Startup Time": 3523.958,
    "Actual Total Time": 3600.077,
    "Actual Rows": 1,
    "Actual Loops": 1,
    "Plans": [
      {
        "Node Type": "Gather",
        "Parent Relationship": "Outer",
        "Parallel Aware": false,
        "Startup Cost": 684539.0,
        "Total Cost": 684539.11,
        "Plan Rows": 1,
        "Plan Width": 96,
        "Actual Startup Time": 3523.361,
        "Actual Total Time": 3600.068,
        "Actual Rows": 2,
        "Actual Loops": 1,
        "Workers Planned": 1,
        "Workers Launched": 1,
        "Single Copy": false,
        "Plans": [
          {
            "Node Type": "Aggregate",
            "Strategy": "Plain",
            "Partial Mode": "Partial",
            "Parent Relationship": "Outer",
            "Parallel Aware": false,
            "Startup Cost": 683539.0,
            "Total Cost": 683539.01,
            "Plan Rows": 1,
            "Plan Width": 96,
            "Actual Startup Time": 3516.695,
            "Actual Total Time": 3516.702,
            "Actual Rows": 1,
            "Actual Loops": 2,
            "Plans": [
              {
                "Node Type": "Nested Loop",
                "Parent Relationship": "Outer",
                "Parallel Aware": false,
                "Join Type": "Inner",
                "Startup Cost": 614627.88,
                "Total Cost": 683538.82,
                "Plan Rows": 24,
                "Plan Width": 48,
                "Actual Startup Time": 3156.214,
                "Actual Total Time": 3516.465,
                "Actual Rows": 955,
                "Actual Loops": 2,
                "Inner Unique": true,
                "Plans": [
                  {
                    "Node Type": "Hash Join",
                    "Parent Relationship": "Outer",
                    "Parallel Aware": false,
                    "Join Type": "Inner",
                    "Startup Cost": 614627.45,
                    "Total Cost": 683513.8,
                    "Plan Rows": 55,
                    "Plan Width": 39,
                    "Actual Startup Time": 3151.813,
                    "Actual Total Time": 3504.105,
                    "Actual Rows": 2498,
                    "Actual Loops": 2,
                    "Inner Unique": true,
                    "Hash Cond": "(mk.keyword_id = k.id)",
                    "Plans": [
                      {
                        "Node Type": "Hash Join",
                        "Parent Relationship": "Outer",
                        "Parallel Aware": true,
                        "Join Type": "Inner",
                        "Startup Cost": 610994.95,
                        "Total Cost": 677461.63,
                        "Plan Rows": 921751,
                        "Plan Width": 27,
                        "Actual Startup Time": 3111.67,
                        "Actual Total Time": 3450.049,
                        "Actual Rows": 305082,
                        "Actual Loops": 2,
                        "Inner Unique": false,
                        "Hash Cond": "(mk.movie_id = ci.movie_id)",
                        "Plans": [
                          {
                            "Node Type": "Seq Scan",
                            "Parent Relationship": "Outer",
                            "Parallel Aware": true,
                            "Relation Name": "movie_keyword",
                            "Alias": "mk",
                            "Startup Cost": 0.0,
                            "Total Cost": 51065.35,
                            "Plan Rows": 2661135,
                            "Plan Width": 8,
                            "Actual Startup Time": 0.012,
                            "Actual Total Time": 150.641,
                            "Actual Rows": 2261965,
                            "Actual Loops": 2
                          },
                          {
                            "Node Type": "Hash",
                            "Parent Relationship": "Inner",
                            "Parallel Aware": true,
                            "Startup Cost": 608304.16,
                            "Total Cost": 608304.16,
                            "Plan Rows": 215263,
                            "Plan Width": 19,
                            "Actual Startup Time": 3109.846,
                            "Actual Total Time": 3109.85,
                            "Actual Rows": 40538,
                            "Actual Loops": 2,
                            "Hash Buckets": 524288,
                            "Original Hash Buckets": 524288,
                            "Hash Batches": 1,
                            "Original Hash Batches": 1,
                            "Peak Memory Usage": 8448,
                            "Plans": [
                              {
                                "Node Type": "Hash Join",
                                "Parent Relationship": "Outer",
                                "Parallel Aware": true,
                                "Join Type": "Inner",
                                "Startup Cost": 86563.89,
                                "Total Cost": 608304.16,
                                "Plan Rows": 215263,
                                "Plan Width": 19,
                                "Actual Startup Time": 288.872,
                                "Actual Total Time": 3092.781,
                                "Actual Rows": 40538,
                                "Actual Loops": 2,
                                "Inner Unique": true,
                                "Hash Cond": "(ci.person_id = n.id)",
                                "Plans": [
                                  {
                                    "Node Type": "Seq Scan",
                                    "Parent Relationship": "Outer",
                                    "Parallel Aware": true,
                                    "Relation Name": "cast_info",
                                    "Alias": "ci",
                                    "Startup Cost": 0.0,
                                    "Total Cost": 465798.46,
                                    "Plan Rows": 21311146,
                                    "Plan Width": 8,
                                    "Actual Startup Time": 0.011,
                                    "Actual Total Time": 1461.472,
                                    "Actual Rows": 18122172,
                                    "Actual Loops": 2
                                  },
                                  {
                                    "Node Type": "Hash",
                                    "Parent Relationship": "Inner",
                                    "Parallel Aware": true,
                                    "Startup Cost": 86254.38,
                                    "Total Cost": 86254.38,
                                    "Plan Rows": 24761,
                                    "Plan Width": 19,
                                    "Actual Startup Time": 286.069,
                                    "Actual Total Time": 286.07,
                                    "Actual Rows": 5191,
                                    "Actual Loops": 2,
                                    "Hash Buckets": 65536,
                                    "Original Hash Buckets": 65536,
                                    "Hash Batches": 1,
                                    "Original Hash Batches": 1,
                                    "Peak Memory Usage": 1088,
                                    "Plans": [
                                      {
                                        "Node Type": "Seq Scan",
                                        "Parent Relationship": "Outer",
                                        "Parallel Aware": true,
                                        "Relation Name": "name",
                                        "Alias": "n",
                                        "Startup Cost": 0.0,
                                        "Total Cost": 86254.38,
                                        "Plan Rows": 24761,
                                        "Plan Width": 19,
                                        "Actual Startup Time": 0.07,
                                        "Actual Total Time": 283.887,
                                        "Actual Rows": 5191,
                                        "Actual Loops": 2,
                                        "Filter": "(name ~~ '%Brown,%'::text)",
                                        "Rows Removed by Filter": 2078554
                                      }
                                    ]
                                  }
                                ]
                              }
                            ]
                          }
                        ]
                      },
                      {
                        "Node Type": "Hash",
                        "Parent Relationship": "Inner",
                        "Parallel Aware": false,
                        "Startup Cost": 3632.4,
                        "Total Cost": 3632.4,
                        "Plan Rows": 8,
                        "Plan Width": 20,
                        "Actual Startup Time": 37.866,
                        "Actual Total Time": 37.867,
                        "Actual Rows": 8,
                        "Actual Loops": 2,
                        "Hash Buckets": 1024,
                        "Original Hash Buckets": 1024,
                        "Hash Batches": 1,
                        "Original Hash Batches": 1,
                        "Peak Memory Usage": 9,
                        "Plans": [
                          {
                            "Node Type": "Seq Scan",
                            "Parent Relationship": "Outer",
                            "Parallel Aware": false,
                            "Relation Name": "keyword",
                            "Alias": "k",
                            "Startup Cost": 0.0,
                            "Total Cost": 3632.4,
                            "Plan Rows": 8,
                            "Plan Width": 20,
                            "Actual Startup Time": 0.314,
                            "Actual Total Time": 37.84,
                            "Actual Rows": 8,
                            "Actual Loops": 2,
                            "Filter": "(keyword = ANY ('{gore,sequel,death,magnet,female-nudity,second-part,based-on-comic,tv-special}'::text[]))",
                            "Rows Removed by Filter": 134162
                          }
                        ]
                      }
                    ]
                  },
                  {
                    "Node Type": "Index Scan",
                    "Parent Relationship": "Inner",
                    "Parallel Aware": false,
                    "Scan Direction": "Forward",
                    "Index Name": "title_pkey",
                    "Relation Name": "title",
                    "Alias": "t",
                    "Startup Cost": 0.43,
                    "Total Cost": 0.45,
                    "Plan Rows": 1,
                    "Plan Width": 21,
                    "Actual Startup Time": 0.005,
                    "Actual Total Time": 0.005,
                    "Actual Rows": 0,
                    "Actual Loops": 4995,
                    "Index Cond": "(id = ci.movie_id)",
                    "Rows Removed by Index Recheck": 0,
                    "Filter": "(production_year > 2004)",
                    "Rows Removed by Filter": 1
                  }
                ]
              }
            ]
          }
        ]
      }
    ]
  },
  "Planning Time": 1.075,
  "Triggers": [],
  "Execution Time": 3600.193
}