[
  {
    "Plan": {
      "Node Type": "Aggregate",
      "Strategy": "Plain",
      "Partial Mode": "Finalize",
      "Parallel Aware": false,
      "Startup Cost": 86893.81,
      "Total Cost": 86893.82,
      "Plan Rows": 1,
      "Plan Width": 8,
      "Actual Startup Time": 279.723,
      "Actual Total Time": 296.977,
      "Actual Rows": 1,
      "Actual Loops": 1,
      "Plans": [
        {
          "Node Type": "Gather",
          "Parent Relationship": "Outer",
          "Parallel Aware": false,
          "Startup Cost": 86893.5,
          "Total Cost": 86893.81,
          "Plan Rows": 3,
          "Plan Width": 8,
          "Actual Startup Time": 278.107,
          "Actual Total Time": 296.968,
          "Actual Rows": 4,
          "Actual Loops": 1,
          "Workers Planned": 3,
          "Workers Launched": 3,
          "Single Copy": false,
          "Plans": [
            {
              "Node Type": "Aggregate",
              "Strategy": "Plain",
              "Partial Mode": "Partial",
              "Parent Relationship": "Outer",
              "Parallel Aware": false,
              "Startup Cost": 85893.5,
              "Total Cost": 85893.51,
              "Plan Rows": 1,
              "Plan Width": 8,
              "Actual Startup Time": 269.522,
              "Actual Total Time": 269.626,
              "Actual Rows": 1,
              "Actual Loops": 4,
              "Plans": [
                {
                  "Node Type": "Hash Join",
                  "Parent Relationship": "Outer",
                  "Parallel Aware": true,
                  "Join Type": "Inner",
                  "Startup Cost": 58535.27,
                  "Total Cost": 85858.82,
                  "Plan Rows": 13871,
                  "Plan Width": 0,
                  "Actual Startup Time": 170.458,
                  "Actual Total Time": 267.536,
                  "Actual Rows": 36697,
                  "Actual Loops": 4,
                  "Inner Unique": true,
                  "Hash Cond": "(mk.movie_id = t.id)",
                  "Plans": [
                    {
                      "Node Type": "Bitmap Heap Scan",
                      "Parent Relationship": "Outer",
                      "Parallel Aware": true,
                      "Relation Name": "movie_keyword",
                      "Alias": "mk",
                      "Startup Cost": 12478.51,
                      "Total Cost": 39304.04,
                      "Plan Rows": 189722,
                      "Plan Width": 4,
                      "Actual Startup Time": 37.812,
                      "Actual Total Time": 101.63,
                      "Actual Rows": 150493,
                      "Actual Loops": 4,
                      "Recheck Cond": "(keyword_id < 446)",
                      "Rows Removed by Index Recheck": 0,
                      "Exact Heap Blocks": 5875,
                      "Lossy Heap Blocks": 0,
                      "Plans": [
                        {
                          "Node Type": "Bitmap Index Scan",
                          "Parent Relationship": "Outer",
                          "Parallel Aware": false,
                          "Index Name": "keyword_id_movie_keyword",
                          "Startup Cost": 0.0,
                          "Total Cost": 12331.48,
                          "Plan Rows": 588139,
                          "Plan Width": 0,
                          "Actual Startup Time": 34.102,
                          "Actual Total Time": 34.103,
                          "Actual Rows": 601971,
                          "Actual Loops": 1,
                          "Index Cond": "(keyword_id < 446)"
                        }
                      ]
                    },
                    {
                      "Node Type": "Hash",
                      "Parent Relationship": "Inner",
                      "Parallel Aware": true,
                      "Startup Cost": 45479.1,
                      "Total Cost": 45479.1,
                      "Plan Rows": 46213,
                      "Plan Width": 4,
                      "Actual Startup Time": 130.398,
                      "Actual Total Time": 130.399,
                      "Actual Rows": 73579,
                      "Actual Loops": 4,
                      "Hash Buckets": 524288,
                      "Original Hash Buckets": 262144,
                      "Hash Batches": 1,
                      "Original Hash Batches": 1,
                      "Peak Memory Usage": 17728,
                      "Plans": [
                        {
                          "Node Type": "Seq Scan",
                          "Parent Relationship": "Outer",
                          "Parallel Aware": true,
                          "Relation Name": "title",
                          "Alias": "t",
                          "Startup Cost": 0.0,
                          "Total Cost": 45479.1,
                          "Plan Rows": 46213,
                          "Plan Width": 4,
                          "Actual Startup Time": 0.103,
                          "Actual Total Time": 100.433,
                          "Actual Rows": 73579,
                          "Actual Loops": 4,
                          "Filter": "((kind_id < 7) AND (production_year < 1978))",
                          "Rows Removed by Filter": 558499
                        }
                      ]
                    }
                  ]
                }
              ]
            }
          ]
        }
      ]
    },
    "Planning Time": 0.536,
    "Triggers": [],
    "Execution Time": 297.055
  }
]