{
  "Plan": {
    "Node Type": "Aggregate",
    "Strategy": "Plain",
    "Partial Mode": "Finalize",
    "Parallel Aware": false,
    "Startup Cost": 103438.14,
    "Total Cost": 103438.15,
    "Plan Rows": 1,
    "Plan Width": 8,
    "Actual Startup Time": 317.441,
    "Actual Total Time": 333.626,
    "Actual Rows": 1,
    "Actual Loops": 1,
    "Plans": [
      {
        "Node Type": "Gather",
        "Parent Relationship": "Outer",
        "Parallel Aware": false,
        "Startup Cost": 103438.03,
        "Total Cost": 103438.14,
        "Plan Rows": 1,
        "Plan Width": 8,
        "Actual Startup Time": 316.445,
        "Actual Total Time": 333.617,
        "Actual Rows": 2,
        "Actual Loops": 1,
        "Workers Planned": 1,
        "Workers Launched": 1,
        "Single Copy": false,
        "Plans": [
          {
            "Node Type": "Aggregate",
            "Strategy": "Plain",
            "Partial Mode": "Partial",
            "Parent Relationship": "Outer",
            "Parallel Aware": false,
            "Startup Cost": 102438.03,
            "Total Cost": 102438.04,
            "Plan Rows": 1,
            "Plan Width": 8,
            "Actual Startup Time": 311.15,
            "Actual Total Time": 311.305,
            "Actual Rows": 1,
            "Actual Loops": 2,
            "Plans": [
              {
                "Node Type": "Hash Join",
                "Parent Relationship": "Outer",
                "Parallel Aware": true,
                "Join Type": "Inner",
                "Startup Cost": 59866.54,
                "Total Cost": 102381.8,
                "Plan Rows": 22491,
                "Plan Width": 0,
                "Actual Startup Time": 235.566,
                "Actual Total Time": 310.368,
                "Actual Rows": 21692,
                "Actual Loops": 2,
                "Inner Unique": true,
                "Hash Cond": "(mc.movie_id = t.id)",
                "Plans": [
                  {
                    "Node Type": "Seq Scan",
                    "Parent Relationship": "Outer",
                    "Parallel Aware": true,
                    "Relation Name": "movie_companies",
                    "Alias": "mc",
                    "Startup Cost": 0.0,
                    "Total Cost": 41811.73,
                    "Plan Rows": 268011,
                    "Plan Width": 4,
                    "Actual Startup Time": 48.656,
                    "Actual Total Time": 97.355,
                    "Actual Rows": 129782,
                    "Actual Loops": 2,
                    "Filter": "((company_id < 2787) AND (company_type_id > 1))",
                    "Rows Removed by Filter": 1174783
                  },
                  {
                    "Node Type": "Hash",
                    "Parent Relationship": "Inner",
                    "Parallel Aware": true,
                    "Startup Cost": 58306.47,
                    "Total Cost": 58306.47,
                    "Plan Rows": 124806,
                    "Plan Width": 4,
                    "Actual Startup Time": 183.457,
                    "Actual Total Time": 183.458,
                    "Actual Rows": 163727,
                    "Actual Loops": 2,
                    "Hash Buckets": 524288,
                    "Original Hash Buckets": 262144,
                    "Hash Batches": 1,
                    "Original Hash Batches": 1,
                    "Peak Memory Usage": 18976,
                    "Plans": [
                      {
                        "Node Type": "Seq Scan",
                        "Parent Relationship": "Outer",
                        "Parallel Aware": true,
                        "Relation Name": "title",
                        "Alias": "t",
                        "Startup Cost": 0.0,
                        "Total Cost": 58306.47,
                        "Plan Rows": 124806,
                        "Plan Width": 4,
                        "Actual Startup Time": 0.082,
                        "Actual Total Time": 146.412,
                        "Actual Rows": 163727,
                        "Actual Loops": 2,
                        "Filter": "((kind_id < 7) AND (production_year < 1983))",
                        "Rows Removed by Filter": 1100429
                      }
                    ]
                  }
                ]
              }
            ]
          }
        ]
      }
    ]
  },
  "Planning Time": 0.659,
  "Triggers": [],
  "Execution Time": 333.697
}