[
  {
    "Plan": {
      "Node Type": "Aggregate",
      "Strategy": "Plain",
      "Partial Mode": "Finalize",
      "Parallel Aware": false,
      "Startup Cost": 79481.68,
      "Total Cost": 79481.69,
      "Plan Rows": 1,
      "Plan Width": 8,
      "Actual Startup Time": 331.337,
      "Actual Total Time": 355.501,
      "Actual Rows": 1,
      "Actual Loops": 1,
      "Plans": [
        {
          "Node Type": "Gather",
          "Parent Relationship": "Outer",
          "Parallel Aware": false,
          "Startup Cost": 79481.36,
          "Total Cost": 79481.67,
          "Plan Rows": 3,
          "Plan Width": 8,
          "Actual Startup Time": 326.489,
          "Actual Total Time": 355.49,
          "Actual Rows": 4,
          "Actual Loops": 1,
          "Workers Planned": 3,
          "Workers Launched": 3,
          "Single Copy": false,
          "Plans": [
            {
              "Node Type": "Aggregate",
              "Strategy": "Plain",
              "Partial Mode": "Partial",
              "Parent Relationship": "Outer",
              "Parallel Aware": false,
              "Startup Cost": 78481.36,
              "Total Cost": 78481.37,
              "Plan Rows": 1,
              "Plan Width": 8,
              "Actual Startup Time": 317.655,
              "Actual Total Time": 317.659,
              "Actual Rows": 1,
              "Actual Loops": 4,
              "Plans": [
                {
                  "Node Type": "Hash Join",
                  "Parent Relationship": "Outer",
                  "Parallel Aware": true,
                  "Join Type": "Inner",
                  "Startup Cost": 52641.92,
                  "Total Cost": 78397.43,
                  "Plan Rows": 33574,
                  "Plan Width": 0,
                  "Actual Startup Time": 231.773,
                  "Actual Total Time": 314.45,
                  "Actual Rows": 55417,
                  "Actual Loops": 4,
                  "Inner Unique": true,
                  "Hash Cond": "(mk.movie_id = t.id)",
                  "Plans": [
                    {
                      "Node Type": "Bitmap Heap Scan",
                      "Parent Relationship": "Outer",
                      "Parallel Aware": true,
                      "Relation Name": "movie_keyword",
                      "Alias": "mk",
                      "Startup Cost": 5659.78,
                      "Total Cost": 31189.4,
                      "Plan Rows": 86050,
                      "Plan Width": 4,
                      "Actual Startup Time": 18.774,
                      "Actual Total Time": 69.41,
                      "Actual Rows": 65233,
                      "Actual Loops": 4,
                      "Recheck Cond": "(keyword_id < 229)",
                      "Rows Removed by Index Recheck": 0,
                      "Exact Heap Blocks": 9027,
                      "Lossy Heap Blocks": 0,
                      "Plans": [
                        {
                          "Node Type": "Bitmap Index Scan",
                          "Parent Relationship": "Outer",
                          "Parallel Aware": false,
                          "Index Name": "keyword_id_movie_keyword",
                          "Startup Cost": 0.0,
                          "Total Cost": 5593.09,
                          "Plan Rows": 266754,
                          "Plan Width": 0,
                          "Actual Startup Time": 14.956,
                          "Actual Total Time": 14.956,
                          "Actual Rows": 260933,
                          "Actual Loops": 1,
                          "Index Cond": "(keyword_id < 229)"
                        }
                      ]
                    },
                    {
                      "Node Type": "Hash",
                      "Parent Relationship": "Inner",
                      "Parallel Aware": true,
                      "Startup Cost": 43899.32,
                      "Total Cost": 43899.32,
                      "Plan Rows": 246626,
                      "Plan Width": 4,
                      "Actual Startup Time": 210.054,
                      "Actual Total Time": 210.055,
                      "Actual Rows": 246262,
                      "Actual Loops": 4,
                      "Hash Buckets": 1048576,
                      "Original Hash Buckets": 1048576,
                      "Hash Batches": 1,
                      "Original Hash Batches": 1,
                      "Peak Memory Usage": 46784,
                      "Plans": [
                        {
                          "Node Type": "Seq Scan",
                          "Parent Relationship": "Outer",
                          "Parallel Aware": true,
                          "Relation Name": "title",
                          "Alias": "t",
                          "Startup Cost": 0.0,
                          "Total Cost": 43899.32,
                          "Plan Rows": 246626,
                          "Plan Width": 4,
                          "Actual Startup Time": 0.049,
                          "Actual Total Time": 115.747,
                          "Actual Rows": 246262,
                          "Actual Loops": 4,
                          "Filter": "(kind_id < 7)",
                          "Rows Removed by Filter": 385816
                        }
                      ]
                    }
                  ]
                }
              ]
            }
          ]
        }
      ]
    },
    "Planning Time": 0.258,
    "Triggers": [],
    "Execution Time": 355.554
  }
]