[
  {
    "Plan": {
      "Node Type": "Aggregate",
      "Strategy": "Plain",
      "Partial Mode": "Finalize",
      "Parallel Aware": false,
      "Startup Cost": 79136.3,
      "Total Cost": 79136.31,
      "Plan Rows": 1,
      "Plan Width": 8,
      "Actual Startup Time": 312.914,
      "Actual Total Time": 330.606,
      "Actual Rows": 1,
      "Actual Loops": 1,
      "Plans": [
        {
          "Node Type": "Gather",
          "Parent Relationship": "Outer",
          "Parallel Aware": false,
          "Startup Cost": 79135.98,
          "Total Cost": 79136.29,
          "Plan Rows": 3,
          "Plan Width": 8,
          "Actual Startup Time": 307.853,
          "Actual Total Time": 330.596,
          "Actual Rows": 4,
          "Actual Loops": 1,
          "Workers Planned": 3,
          "Workers Launched": 3,
          "Single Copy": false,
          "Plans": [
            {
              "Node Type": "Aggregate",
              "Strategy": "Plain",
              "Partial Mode": "Partial",
              "Parent Relationship": "Outer",
              "Parallel Aware": false,
              "Startup Cost": 78135.98,
              "Total Cost": 78135.99,
              "Plan Rows": 1,
              "Plan Width": 8,
              "Actual Startup Time": 299.161,
              "Actual Total Time": 299.164,
              "Actual Rows": 1,
              "Actual Loops": 4,
              "Plans": [
                {
                  "Node Type": "Hash Join",
                  "Parent Relationship": "Outer",
                  "Parallel Aware": true,
                  "Join Type": "Inner",
                  "Startup Cost": 52367.07,
                  "Total Cost": 78055.94,
                  "Plan Rows": 32015,
                  "Plan Width": 0,
                  "Actual Startup Time": 218.898,
                  "Actual Total Time": 296.204,
                  "Actual Rows": 55417,
                  "Actual Loops": 4,
                  "Inner Unique": true,
                  "Hash Cond": "(mk.movie_id = t.id)",
                  "Plans": [
                    {
                      "Node Type": "Bitmap Heap Scan",
                      "Parent Relationship": "Outer",
                      "Parallel Aware": true,
                      "Relation Name": "movie_keyword",
                      "Alias": "mk",
                      "Startup Cost": 5369.94,
                      "Total Cost": 30844.5,
                      "Plan Rows": 81645,
                      "Plan Width": 4,
                      "Actual Startup Time": 19.582,
                      "Actual Total Time": 67.494,
                      "Actual Rows": 65233,
                      "Actual Loops": 4,
                      "Recheck Cond": "(keyword_id < 229)",
                      "Rows Removed by Index Recheck": 0,
                      "Exact Heap Blocks": 8043,
                      "Lossy Heap Blocks": 0,
                      "Plans": [
                        {
                          "Node Type": "Bitmap Index Scan",
                          "Parent Relationship": "Outer",
                          "Parallel Aware": false,
                          "Index Name": "keyword_id_movie_keyword",
                          "Startup Cost": 0.0,
                          "Total Cost": 5306.67,
                          "Plan Rows": 253098,
                          "Plan Width": 0,
                          "Actual Startup Time": 15.897,
                          "Actual Total Time": 15.898,
                          "Actual Rows": 260933,
                          "Actual Loops": 1,
                          "Index Cond": "(keyword_id < 229)"
                        }
                      ]
                    },
                    {
                      "Node Type": "Hash",
                      "Parent Relationship": "Inner",
                      "Parallel Aware": true,
                      "Startup Cost": 43898.92,
                      "Total Cost": 43898.92,
                      "Plan Rows": 247857,
                      "Plan Width": 4,
                      "Actual Startup Time": 194.659,
                      "Actual Total Time": 194.66,
                      "Actual Rows": 246262,
                      "Actual Loops": 4,
                      "Hash Buckets": 1048576,
                      "Original Hash Buckets": 1048576,
                      "Hash Batches": 1,
                      "Original Hash Batches": 1,
                      "Peak Memory Usage": 46816,
                      "Plans": [
                        {
                          "Node Type": "Seq Scan",
                          "Parent Relationship": "Outer",
                          "Parallel Aware": true,
                          "Relation Name": "title",
                          "Alias": "t",
                          "Startup Cost": 0.0,
                          "Total Cost": 43898.92,
                          "Plan Rows": 247857,
                          "Plan Width": 4,
                          "Actual Startup Time": 0.046,
                          "Actual Total Time": 106.382,
                          "Actual Rows": 246262,
                          "Actual Loops": 4,
                          "Filter": "(kind_id < 7)",
                          "Rows Removed by Filter": 385816
                        }
                      ]
                    }
                  ]
                }
              ]
            }
          ]
        }
      ]
    },
    "Planning Time": 0.546,
    "Triggers": [],
    "Execution Time": 330.687
  }
]