{
  "Plan": {
    "Node Type": "Aggregate",
    "Strategy": "Plain",
    "Partial Mode": "Finalize",
    "Parallel Aware": false,
    "Startup Cost": 115089.21,
    "Total Cost": 115089.22,
    "Plan Rows": 1,
    "Plan Width": 8,
    "Actual Startup Time": 888.139,
    "Actual Total Time": 900.797,
    "Actual Rows": 1,
    "Actual Loops": 1,
    "Plans": [
      {
        "Node Type": "Gather",
        "Parent Relationship": "Outer",
        "Parallel Aware": false,
        "Startup Cost": 115089.1,
        "Total Cost": 115089.21,
        "Plan Rows": 1,
        "Plan Width": 8,
        "Actual Startup Time": 884.746,
        "Actual Total Time": 900.788,
        "Actual Rows": 2,
        "Actual Loops": 1,
        "Workers Planned": 1,
        "Workers Launched": 1,
        "Single Copy": false,
        "Plans": [
          {
            "Node Type": "Aggregate",
            "Strategy": "Plain",
            "Partial Mode": "Partial",
            "Parent Relationship": "Outer",
            "Parallel Aware": false,
            "Startup Cost": 114089.1,
            "Total Cost": 114089.11,
            "Plan Rows": 1,
            "Plan Width": 8,
            "Actual Startup Time": 882.235,
            "Actual Total Time": 882.848,
            "Actual Rows": 1,
            "Actual Loops": 2,
            "Plans": [
              {
                "Node Type": "Hash Join",
                "Parent Relationship": "Outer",
                "Parallel Aware": true,
                "Join Type": "Inner",
                "Startup Cost": 49061.79,
                "Total Cost": 112639.08,
                "Plan Rows": 580005,
                "Plan Width": 0,
                "Actual Startup Time": 316.33,
                "Actual Total Time": 859.76,
                "Actual Rows": 573950,
                "Actual Loops": 2,
                "Inner Unique": false,
                "Hash Cond": "(t.id = mc.movie_id)",
                "Plans": [
                  {
                    "Node Type": "Seq Scan",
                    "Parent Relationship": "Outer",
                    "Parallel Aware": true,
                    "Relation Name": "title",
                    "Alias": "t",
                    "Startup Cost": 0.0,
                    "Total Cost": 50870.31,
                    "Plan Rows": 1487231,
                    "Plan Width": 4,
                    "Actual Startup Time": 0.009,
                    "Actual Total Time": 122.836,
                    "Actual Rows": 1264156,
                    "Actual Loops": 2
                  },
                  {
                    "Node Type": "Hash",
                    "Parent Relationship": "Inner",
                    "Parallel Aware": true,
                    "Startup Cost": 41811.73,
                    "Total Cost": 41811.73,
                    "Plan Rows": 580005,
                    "Plan Width": 4,
                    "Actual Startup Time": 310.465,
                    "Actual Total Time": 310.466,
                    "Actual Rows": 573950,
                    "Actual Loops": 2,
                    "Hash Buckets": 2097152,
                    "Original Hash Buckets": 1048576,
                    "Hash Batches": 1,
                    "Original Hash Batches": 1,
                    "Peak Memory Usage": 69504,
                    "Plans": [
                      {
                        "Node Type": "Seq Scan",
                        "Parent Relationship": "Outer",
                        "Parallel Aware": true,
                        "Relation Name": "movie_companies",
                        "Alias": "mc",
                        "Startup Cost": 0.0,
                        "Total Cost": 41811.73,
                        "Plan Rows": 580005,
                        "Plan Width": 4,
                        "Actual Startup Time": 60.267,
                        "Actual Total Time": 139.705,
                        "Actual Rows": 573950,
                        "Actual Loops": 2,
                        "Filter": "((company_id > 981) AND (company_type_id = 2))",
                        "Rows Removed by Filter": 730614
                      }
                    ]
                  }
                ]
              }
            ]
          }
        ]
      }
    ]
  },
  "Planning Time": 0.367,
  "Triggers": [],
  "Execution Time": 900.838
}