[
  {
    "Plan": {
      "Node Type": "Aggregate",
      "Strategy": "Plain",
      "Partial Mode": "Finalize",
      "Parallel Aware": false,
      "Startup Cost": 113567.13,
      "Total Cost": 113567.14,
      "Plan Rows": 1,
      "Plan Width": 8,
      "Actual Startup Time": 132.49,
      "Actual Total Time": 157.87,
      "Actual Rows": 1,
      "Actual Loops": 1,
      "Plans": [
        {
          "Node Type": "Gather",
          "Parent Relationship": "Outer",
          "Parallel Aware": false,
          "Startup Cost": 113566.71,
          "Total Cost": 113567.12,
          "Plan Rows": 4,
          "Plan Width": 8,
          "Actual Startup Time": 132.285,
          "Actual Total Time": 157.857,
          "Actual Rows": 5,
          "Actual Loops": 1,
          "Workers Planned": 4,
          "Workers Launched": 4,
          "Single Copy": false,
          "Plans": [
            {
              "Node Type": "Aggregate",
              "Strategy": "Plain",
              "Partial Mode": "Partial",
              "Parent Relationship": "Outer",
              "Parallel Aware": false,
              "Startup Cost": 112566.71,
              "Total Cost": 112566.72,
              "Plan Rows": 1,
              "Plan Width": 8,
              "Actual Startup Time": 127.896,
              "Actual Total Time": 127.898,
              "Actual Rows": 1,
              "Actual Loops": 5,
              "Plans": [
                {
                  "Node Type": "Nested Loop",
                  "Parent Relationship": "Outer",
                  "Parallel Aware": false,
                  "Join Type": "Inner",
                  "Startup Cost": 0.56,
                  "Total Cost": 112565.12,
                  "Plan Rows": 638,
                  "Plan Width": 0,
                  "Actual Startup Time": 10.164,
                  "Actual Total Time": 127.771,
                  "Actual Rows": 1026,
                  "Actual Loops": 5,
                  "Inner Unique": false,
                  "Plans": [
                    {
                      "Node Type": "Seq Scan",
                      "Parent Relationship": "Outer",
                      "Parallel Aware": true,
                      "Relation Name": "title",
                      "Alias": "t",
                      "Startup Cost": 0.0,
                      "Total Cost": 45479.59,
                      "Plan Rows": 526,
                      "Plan Width": 4,
                      "Actual Startup Time": 2.392,
                      "Actual Total Time": 76.03,
                      "Actual Rows": 550,
                      "Actual Loops": 5,
                      "Filter": "((kind_id < 7) AND (production_year = 1951))",
                      "Rows Removed by Filter": 505113
                    },
                    {
                      "Node Type": "Index Scan",
                      "Parent Relationship": "Inner",
                      "Parallel Aware": false,
                      "Scan Direction": "Forward",
                      "Index Name": "movie_id_cast_info",
                      "Relation Name": "cast_info",
                      "Alias": "ci",
                      "Startup Cost": 0.56,
                      "Total Cost": 127.51,
                      "Plan Rows": 3,
                      "Plan Width": 4,
                      "Actual Startup Time": 0.068,
                      "Actual Total Time": 0.093,
                      "Actual Rows": 2,
                      "Actual Loops": 2748,
                      "Index Cond": "(movie_id = t.id)",
                      "Rows Removed by Index Recheck": 0,
                      "Filter": "((person_id > 2206532) AND (role_id = 2))",
                      "Rows Removed by Filter": 17
                    }
                  ]
                }
              ]
            }
          ]
        }
      ]
    },
    "Planning Time": 0.668,
    "Triggers": [],
    "Execution Time": 157.951
  }
]