[
  {
    "Plan": {
      "Node Type": "Aggregate",
      "Strategy": "Plain",
      "Partial Mode": "Finalize",
      "Parallel Aware": false,
      "Startup Cost": 50142.73,
      "Total Cost": 50142.74,
      "Plan Rows": 1,
      "Plan Width": 8,
      "Actual Startup Time": 44.361,
      "Actual Total Time": 50.214,
      "Actual Rows": 1,
      "Actual Loops": 1,
      "Plans": [
        {
          "Node Type": "Gather",
          "Parent Relationship": "Outer",
          "Parallel Aware": false,
          "Startup Cost": 50142.52,
          "Total Cost": 50142.73,
          "Plan Rows": 2,
          "Plan Width": 8,
          "Actual Startup Time": 44.207,
          "Actual Total Time": 50.206,
          "Actual Rows": 3,
          "Actual Loops": 1,
          "Workers Planned": 2,
          "Workers Launched": 2,
          "Single Copy": false,
          "Plans": [
            {
              "Node Type": "Aggregate",
              "Strategy": "Plain",
              "Partial Mode": "Partial",
              "Parent Relationship": "Outer",
              "Parallel Aware": false,
              "Startup Cost": 49142.52,
              "Total Cost": 49142.53,
              "Plan Rows": 1,
              "Plan Width": 8,
              "Actual Startup Time": 35.638,
              "Actual Total Time": 35.664,
              "Actual Rows": 1,
              "Actual Loops": 3,
              "Plans": [
                {
                  "Node Type": "Nested Loop",
                  "Parent Relationship": "Outer",
                  "Parallel Aware": false,
                  "Join Type": "Inner",
                  "Startup Cost": 248.24,
                  "Total Cost": 49138.4,
                  "Plan Rows": 1647,
                  "Plan Width": 0,
                  "Actual Startup Time": 9.746,
                  "Actual Total Time": 35.499,
                  "Actual Rows": 1080,
                  "Actual Loops": 3,
                  "Inner Unique": false,
                  "Plans": [
                    {
                      "Node Type": "Nested Loop",
                      "Parent Relationship": "Outer",
                      "Parallel Aware": false,
                      "Join Type": "Inner",
                      "Startup Cost": 247.81,
                      "Total Cost": 47095.69,
                      "Plan Rows": 282,
                      "Plan Width": 8,
                      "Actual Startup Time": 9.59,
                      "Actual Total Time": 31.488,
                      "Actual Rows": 31,
                      "Actual Loops": 3,
                      "Inner Unique": true,
                      "Plans": [
                        {
                          "Node Type": "Bitmap Heap Scan",
                          "Parent Relationship": "Outer",
                          "Parallel Aware": true,
                          "Relation Name": "movie_companies",
                          "Alias": "mc",
                          "Startup Cost": 247.38,
                          "Total Cost": 17289.47,
                          "Plan Rows": 4675,
                          "Plan Width": 4,
                          "Actual Startup Time": 1.404,
                          "Actual Total Time": 4.187,
                          "Actual Rows": 3556,
                          "Actual Loops": 3,
                          "Recheck Cond": "(company_id = 11)",
                          "Rows Removed by Index Recheck": 0,
                          "Exact Heap Blocks": 1025,
                          "Lossy Heap Blocks": 0,
                          "Plans": [
                            {
                              "Node Type": "Bitmap Index Scan",
                              "Parent Relationship": "Outer",
                              "Parallel Aware": false,
                              "Index Name": "company_id_movie_companies",
                              "Startup Cost": 0.0,
                              "Total Cost": 244.57,
                              "Plan Rows": 11219,
                              "Plan Width": 0,
                              "Actual Startup Time": 3.366,
                              "Actual Total Time": 3.366,
                              "Actual Rows": 10667,
                              "Actual Loops": 1,
                              "Index Cond": "(company_id = 11)"
                            }
                          ]
                        },
                        {
                          "Node Type": "Index Scan",
                          "Parent Relationship": "Inner",
                          "Parallel Aware": false,
                          "Scan Direction": "Forward",
                          "Index Name": "title_pkey",
                          "Relation Name": "title",
                          "Alias": "t",
                          "Startup Cost": 0.43,
                          "Total Cost": 6.38,
                          "Plan Rows": 1,
                          "Plan Width": 4,
                          "Actual Startup Time": 0.007,
                          "Actual Total Time": 0.007,
                          "Actual Rows": 0,
                          "Actual Loops": 10667,
                          "Index Cond": "(id = mc.movie_id)",
                          "Rows Removed by Index Recheck": 0,
                          "Filter": "(production_year < 1947)",
                          "Rows Removed by Filter": 1
                        }
                      ]
                    },
                    {
                      "Node Type": "Index Only Scan",
                      "Parent Relationship": "Inner",
                      "Parallel Aware": false,
                      "Scan Direction": "Forward",
                      "Index Name": "movie_id_movie_info",
                      "Relation Name": "movie_info",
                      "Alias": "mi",
                      "Startup Cost": 0.43,
                      "Total Cost": 6.82,
                      "Plan Rows": 42,
                      "Plan Width": 4,
                      "Actual Startup Time": 0.029,
                      "Actual Total Time": 0.122,
                      "Actual Rows": 35,
                      "Actual Loops": 93,
                      "Index Cond": "(movie_id = t.id)",
                      "Rows Removed by Index Recheck": 0,
                      "Heap Fetches": 3241
                    }
                  ]
                }
              ]
            }
          ]
        }
      ]
    },
    "Planning Time": 2.071,
    "Triggers": [],
    "Execution Time": 50.324
  }
]