{
    "Plan": {
        "Node Type": "Aggregate",
        "Strategy": "Plain",
        "Partial Mode": "Finalize",
        "Parallel Aware": false,
        "Startup Cost": 284223.15,
        "Total Cost": 284223.16,
        "Plan Rows": 1,
        "Plan Width": 8,
        "Actual Startup Time": 1506.942,
        "Actual Total Time": 1547.028,
        "Actual Rows": 1,
        "Actual Loops": 1,
        "Output": [
            "count(*)"
        ],
        "Plans": [
            {
                "Node Type": "Gather",
                "Parent Relationship": "Outer",
                "Parallel Aware": false,
                "Startup Cost": 284222.62,
                "Total Cost": 284223.13,
                "Plan Rows": 5,
                "Plan Width": 8,
                "Actual Startup Time": 1500.794,
                "Actual Total Time": 1547.017,
                "Actual Rows": 6,
                "Actual Loops": 1,
                "Output": [
                    "(PARTIAL count(*))"
                ],
                "Workers Planned": 5,
                "Workers Launched": 5,
                "Single Copy": false,
                "Plans": [
                    {
                        "Node Type": "Aggregate",
                        "Strategy": "Plain",
                        "Partial Mode": "Partial",
                        "Parent Relationship": "Outer",
                        "Parallel Aware": false,
                        "Startup Cost": 283222.62,
                        "Total Cost": 283222.63,
                        "Plan Rows": 1,
                        "Plan Width": 8,
                        "Actual Startup Time": 1490.257,
                        "Actual Total Time": 1490.299,
                        "Actual Rows": 1,
                        "Actual Loops": 6,
                        "Output": [
                            "PARTIAL count(*)"
                        ],
                        "Workers": [
                            {
                                "Worker Number": 0,
                                "Actual Startup Time": 1487.941,
                                "Actual Total Time": 1487.946,
                                "Actual Rows": 1,
                                "Actual Loops": 1
                            },
                            {
                                "Worker Number": 1,
                                "Actual Startup Time": 1488.398,
                                "Actual Total Time": 1488.402,
                                "Actual Rows": 1,
                                "Actual Loops": 1
                            },
                            {
                                "Worker Number": 2,
                                "Actual Startup Time": 1487.935,
                                "Actual Total Time": 1487.94,
                                "Actual Rows": 1,
                                "Actual Loops": 1
                            },
                            {
                                "Worker Number": 3,
                                "Actual Startup Time": 1487.959,
                                "Actual Total Time": 1487.964,
                                "Actual Rows": 1,
                                "Actual Loops": 1
                            },
                            {
                                "Worker Number": 4,
                                "Actual Startup Time": 1489.397,
                                "Actual Total Time": 1489.402,
                                "Actual Rows": 1,
                                "Actual Loops": 1
                            }
                        ],
                        "Plans": [
                            {
                                "Node Type": "Hash Join",
                                "Parent Relationship": "Outer",
                                "Parallel Aware": true,
                                "Join Type": "Inner",
                                "Startup Cost": 77853.16,
                                "Total Cost": 282000.11,
                                "Plan Rows": 489005,
                                "Plan Width": 0,
                                "Actual Startup Time": 275.544,
                                "Actual Total Time": 1293.061,
                                "Actual Rows": 4703119,
                                "Actual Loops": 6,
                                "Inner Unique": false,
                                "Hash Cond": "(mi.movie_id = t.id)",
                                "Workers": [
                                    {
                                        "Worker Number": 0,
                                        "Actual Startup Time": 273.3,
                                        "Actual Total Time": 1296.87,
                                        "Actual Rows": 4889375,
                                        "Actual Loops": 1
                                    },
                                    {
                                        "Worker Number": 1,
                                        "Actual Startup Time": 273.33,
                                        "Actual Total Time": 1297.879,
                                        "Actual Rows": 4868344,
                                        "Actual Loops": 1
                                    },
                                    {
                                        "Worker Number": 2,
                                        "Actual Startup Time": 273.288,
                                        "Actual Total Time": 1286.155,
                                        "Actual Rows": 3287263,
                                        "Actual Loops": 1
                                    },
                                    {
                                        "Worker Number": 3,
                                        "Actual Startup Time": 273.317,
                                        "Actual Total Time": 1295.956,
                                        "Actual Rows": 4912650,
                                        "Actual Loops": 1
                                    },
                                    {
                                        "Worker Number": 4,
                                        "Actual Startup Time": 274.758,
                                        "Actual Total Time": 1296.749,
                                        "Actual Rows": 5095152,
                                        "Actual Loops": 1
                                    }
                                ],
                                "Plans": [
                                    {
                                        "Node Type": "Seq Scan",
                                        "Parent Relationship": "Outer",
                                        "Parallel Aware": true,
                                        "Relation Name": "movie_info",
                                        "Schema": "public",
                                        "Alias": "mi",
                                        "Startup Cost": 0.0,
                                        "Total Cost": 191503.19,
                                        "Plan Rows": 2951019,
                                        "Plan Width": 4,
                                        "Actual Startup Time": 0.023,
                                        "Actual Total Time": 288.516,
                                        "Actual Rows": 2472620,
                                        "Actual Loops": 6,
                                        "Output": [
                                            "mi.id",
                                            "mi.movie_id",
                                            "mi.info_type_id",
                                            "mi.info",
                                            "mi.note"
                                        ],
                                        "Workers": [
                                            {
                                                "Worker Number": 0,
                                                "Actual Startup Time": 0.028,
                                                "Actual Total Time": 300.757,
                                                "Actual Rows": 2515220,
                                                "Actual Loops": 1
                                            },
                                            {
                                                "Worker Number": 1,
                                                "Actual Startup Time": 0.028,
                                                "Actual Total Time": 301.66,
                                                "Actual Rows": 2517255,
                                                "Actual Loops": 1
                                            },
                                            {
                                                "Worker Number": 2,
                                                "Actual Startup Time": 0.025,
                                                "Actual Total Time": 302.76,
                                                "Actual Rows": 1721580,
                                                "Actual Loops": 1
                                            },
                                            {
                                                "Worker Number": 3,
                                                "Actual Startup Time": 0.025,
                                                "Actual Total Time": 301.643,
                                                "Actual Rows": 2530764,
                                                "Actual Loops": 1
                                            },
                                            {
                                                "Worker Number": 4,
                                                "Actual Startup Time": 0.028,
                                                "Actual Total Time": 296.447,
                                                "Actual Rows": 2613096,
                                                "Actual Loops": 1
                                            }
                                        ]
                                    },
                                    {
                                        "Node Type": "Hash",
                                        "Parent Relationship": "Inner",
                                        "Parallel Aware": true,
                                        "Startup Cost": 76163.8,
                                        "Total Cost": 76163.8,
                                        "Plan Rows": 135149,
                                        "Plan Width": 8,
                                        "Actual Startup Time": 261.683,
                                        "Actual Total Time": 261.724,
                                        "Actual Rows": 89829,
                                        "Actual Loops": 6,
                                        "Output": [
                                            "t.id",
                                            "mc.movie_id"
                                        ],
                                        "Hash Buckets": 1048576,
                                        "Original Hash Buckets": 524288,
                                        "Hash Batches": 1,
                                        "Original Hash Batches": 1,
                                        "Peak Memory Usage": 33504,
                                        "Workers": [
                                            {
                                                "Worker Number": 0,
                                                "Actual Startup Time": 261.352,
                                                "Actual Total Time": 261.355,
                                                "Actual Rows": 91834,
                                                "Actual Loops": 1
                                            },
                                            {
                                                "Worker Number": 1,
                                                "Actual Startup Time": 261.389,
                                                "Actual Total Time": 261.392,
                                                "Actual Rows": 91747,
                                                "Actual Loops": 1
                                            },
                                            {
                                                "Worker Number": 2,
                                                "Actual Startup Time": 261.359,
                                                "Actual Total Time": 261.363,
                                                "Actual Rows": 65206,
                                                "Actual Loops": 1
                                            },
                                            {
                                                "Worker Number": 3,
                                                "Actual Startup Time": 261.447,
                                                "Actual Total Time": 261.45,
                                                "Actual Rows": 93276,
                                                "Actual Loops": 1
                                            },
                                            {
                                                "Worker Number": 4,
                                                "Actual Startup Time": 262.756,
                                                "Actual Total Time": 262.76,
                                                "Actual Rows": 95278,
                                                "Actual Loops": 1
                                            }
                                        ],
                                        "Plans": [
                                            {
                                                "Node Type": "Hash Join",
                                                "Parent Relationship": "Outer",
                                                "Parallel Aware": true,
                                                "Join Type": "Inner",
                                                "Startup Cost": 46747.91,
                                                "Total Cost": 76163.8,
                                                "Plan Rows": 135149,
                                                "Plan Width": 8,
                                                "Actual Startup Time": 126.796,
                                                "Actual Total Time": 226.379,
                                                "Actual Rows": 89829,
                                                "Actual Loops": 6,
                                                "Output": [
                                                    "t.id",
                                                    "mc.movie_id"
                                                ],
                                                "Inner Unique": true,
                                                "Hash Cond": "(mc.movie_id = t.id)",
                                                "Workers": [
                                                    {
                                                        "Worker Number": 0,
                                                        "Actual Startup Time": 126.669,
                                                        "Actual Total Time": 226.36,
                                                        "Actual Rows": 91834,
                                                        "Actual Loops": 1
                                                    },
                                                    {
                                                        "Worker Number": 1,
                                                        "Actual Startup Time": 126.672,
                                                        "Actual Total Time": 225.991,
                                                        "Actual Rows": 91747,
                                                        "Actual Loops": 1
                                                    },
                                                    {
                                                        "Worker Number": 2,
                                                        "Actual Startup Time": 126.678,
                                                        "Actual Total Time": 227.478,
                                                        "Actual Rows": 65206,
                                                        "Actual Loops": 1
                                                    },
                                                    {
                                                        "Worker Number": 3,
                                                        "Actual Startup Time": 126.741,
                                                        "Actual Total Time": 225.716,
                                                        "Actual Rows": 93276,
                                                        "Actual Loops": 1
                                                    },
                                                    {
                                                        "Worker Number": 4,
                                                        "Actual Startup Time": 126.88,
                                                        "Actual Total Time": 227.107,
                                                        "Actual Rows": 95278,
                                                        "Actual Loops": 1
                                                    }
                                                ],
                                                "Plans": [
                                                    {
                                                        "Node Type": "Seq Scan",
                                                        "Parent Relationship": "Outer",
                                                        "Parallel Aware": true,
                                                        "Relation Name": "movie_companies",
                                                        "Schema": "public",
                                                        "Alias": "mc",
                                                        "Startup Cost": 0.0,
                                                        "Total Cost": 27206.55,
                                                        "Plan Rows": 841655,
                                                        "Plan Width": 4,
                                                        "Actual Startup Time": 0.02,
                                                        "Actual Total Time": 43.373,
                                                        "Actual Rows": 434855,
                                                        "Actual Loops": 6,
                                                        "Output": [
                                                            "mc.id",
                                                            "mc.movie_id",
                                                            "mc.company_id",
                                                            "mc.company_type_id",
                                                            "mc.note"
                                                        ],
                                                        "Workers": [
                                                            {
                                                                "Worker Number": 0,
                                                                "Actual Startup Time": 0.019,
                                                                "Actual Total Time": 44.535,
                                                                "Actual Rows": 445811,
                                                                "Actual Loops": 1
                                                            },
                                                            {
                                                                "Worker Number": 1,
                                                                "Actual Startup Time": 0.026,
                                                                "Actual Total Time": 44.471,
                                                                "Actual Rows": 442868,
                                                                "Actual Loops": 1
                                                            },
                                                            {
                                                                "Worker Number": 2,
                                                                "Actual Startup Time": 0.03,
                                                                "Actual Total Time": 46.653,
                                                                "Actual Rows": 310055,
                                                                "Actual Loops": 1
                                                            },
                                                            {
                                                                "Worker Number": 3,
                                                                "Actual Startup Time": 0.021,
                                                                "Actual Total Time": 44.579,
                                                                "Actual Rows": 447338,
                                                                "Actual Loops": 1
                                                            },
                                                            {
                                                                "Worker Number": 4,
                                                                "Actual Startup Time": 0.019,
                                                                "Actual Total Time": 43.672,
                                                                "Actual Rows": 456198,
                                                                "Actual Loops": 1
                                                            }
                                                        ]
                                                    },
                                                    {
                                                        "Node Type": "Hash",
                                                        "Parent Relationship": "Inner",
                                                        "Parallel Aware": true,
                                                        "Startup Cost": 45479.21,
                                                        "Total Cost": 45479.21,
                                                        "Plan Rows": 101496,
                                                        "Plan Width": 4,
                                                        "Actual Startup Time": 105.673,
                                                        "Actual Total Time": 105.674,
                                                        "Actual Rows": 49461,
                                                        "Actual Loops": 6,
                                                        "Output": [
                                                            "t.id"
                                                        ],
                                                        "Hash Buckets": 524288,
                                                        "Original Hash Buckets": 524288,
                                                        "Hash Batches": 1,
                                                        "Original Hash Batches": 1,
                                                        "Peak Memory Usage": 15808,
                                                        "Workers": [
                                                            {
                                                                "Worker Number": 0,
                                                                "Actual Startup Time": 106.547,
                                                                "Actual Total Time": 106.548,
                                                                "Actual Rows": 48672,
                                                                "Actual Loops": 1
                                                            },
                                                            {
                                                                "Worker Number": 1,
                                                                "Actual Startup Time": 106.587,
                                                                "Actual Total Time": 106.588,
                                                                "Actual Rows": 48240,
                                                                "Actual Loops": 1
                                                            },
                                                            {
                                                                "Worker Number": 2,
                                                                "Actual Startup Time": 106.535,
                                                                "Actual Total Time": 106.536,
                                                                "Actual Rows": 36136,
                                                                "Actual Loops": 1
                                                            },
                                                            {
                                                                "Worker Number": 3,
                                                                "Actual Startup Time": 106.622,
                                                                "Actual Total Time": 106.623,
                                                                "Actual Rows": 49166,
                                                                "Actual Loops": 1
                                                            },
                                                            {
                                                                "Worker Number": 4,
                                                                "Actual Startup Time": 106.771,
                                                                "Actual Total Time": 106.772,
                                                                "Actual Rows": 51816,
                                                                "Actual Loops": 1
                                                            }
                                                        ],
                                                        "Plans": [
                                                            {
                                                                "Node Type": "Seq Scan",
                                                                "Parent Relationship": "Outer",
                                                                "Parallel Aware": true,
                                                                "Relation Name": "title",
                                                                "Schema": "public",
                                                                "Alias": "t",
                                                                "Startup Cost": 0.0,
                                                                "Total Cost": 45479.21,
                                                                "Plan Rows": 101496,
                                                                "Plan Width": 4,
                                                                "Actual Startup Time": 45.673,
                                                                "Actual Total Time": 83.858,
                                                                "Actual Rows": 49461,
                                                                "Actual Loops": 6,
                                                                "Output": [
                                                                    "t.id"
                                                                ],
                                                                "Filter": "((t.production_year > 1997) AND (t.kind_id = 1))",
                                                                "Rows Removed by Filter": 371924,
                                                                "Workers": [
                                                                    {
                                                                        "Worker Number": 0,
                                                                        "Actual Startup Time": 53.304,
                                                                        "Actual Total Time": 84.047,
                                                                        "Actual Rows": 48672,
                                                                        "Actual Loops": 1
                                                                    },
                                                                    {
                                                                        "Worker Number": 1,
                                                                        "Actual Startup Time": 53.405,
                                                                        "Actual Total Time": 84.168,
                                                                        "Actual Rows": 48240,
                                                                        "Actual Loops": 1
                                                                    },
                                                                    {
                                                                        "Worker Number": 2,
                                                                        "Actual Startup Time": 53.504,
                                                                        "Actual Total Time": 84.879,
                                                                        "Actual Rows": 36136,
                                                                        "Actual Loops": 1
                                                                    },
                                                                    {
                                                                        "Worker Number": 3,
                                                                        "Actual Startup Time": 53.293,
                                                                        "Actual Total Time": 84.735,
                                                                        "Actual Rows": 49166,
                                                                        "Actual Loops": 1
                                                                    },
                                                                    {
                                                                        "Worker Number": 4,
                                                                        "Actual Startup Time": 53.262,
                                                                        "Actual Total Time": 84.0,
                                                                        "Actual Rows": 51816,
                                                                        "Actual Loops": 1
                                                                    }
                                                                ]
                                                            }
                                                        ]
                                                    }
                                                ]
                                            }
                                        ]
                                    }
                                ]
                            }
                        ]
                    }
                ]
            }
        ]
    },
    "Planning Time": 1.607,
    "Triggers": [],
    "Execution Time": 1547.144
}