[
  {
    "Plan": {
      "Node Type": "Aggregate",
      "Strategy": "Plain",
      "Partial Mode": "Finalize",
      "Parallel Aware": false,
      "Startup Cost": 39687.84,
      "Total Cost": 39687.85,
      "Plan Rows": 1,
      "Plan Width": 8,
      "Actual Startup Time": 59.834,
      "Actual Total Time": 65.982,
      "Actual Rows": 1,
      "Actual Loops": 1,
      "Plans": [
        {
          "Node Type": "Gather",
          "Parent Relationship": "Outer",
          "Parallel Aware": false,
          "Startup Cost": 39687.42,
          "Total Cost": 39687.83,
          "Plan Rows": 4,
          "Plan Width": 8,
          "Actual Startup Time": 59.513,
          "Actual Total Time": 65.975,
          "Actual Rows": 5,
          "Actual Loops": 1,
          "Workers Planned": 4,
          "Workers Launched": 4,
          "Single Copy": false,
          "Plans": [
            {
              "Node Type": "Aggregate",
              "Strategy": "Plain",
              "Partial Mode": "Partial",
              "Parent Relationship": "Outer",
              "Parallel Aware": false,
              "Startup Cost": 38687.42,
              "Total Cost": 38687.43,
              "Plan Rows": 1,
              "Plan Width": 8,
              "Actual Startup Time": 52.047,
              "Actual Total Time": 52.048,
              "Actual Rows": 1,
              "Actual Loops": 5,
              "Plans": [
                {
                  "Node Type": "Bitmap Heap Scan",
                  "Parent Relationship": "Outer",
                  "Parallel Aware": true,
                  "Relation Name": "title",
                  "Alias": "t",
                  "Startup Cost": 2186.35,
                  "Total Cost": 38639.79,
                  "Plan Rows": 19054,
                  "Plan Width": 0,
                  "Actual Startup Time": 16.578,
                  "Actual Total Time": 50.308,
                  "Actual Rows": 19873,
                  "Actual Loops": 5,
                  "Recheck Cond": "(kind_id = 4)",
                  "Rows Removed by Index Recheck": 0,
                  "Filter": "(production_year > 1996)",
                  "Rows Removed by Filter": 3774,
                  "Exact Heap Blocks": 6716,
                  "Lossy Heap Blocks": 0,
                  "Plans": [
                    {
                      "Node Type": "Bitmap Index Scan",
                      "Parent Relationship": "Outer",
                      "Parallel Aware": false,
                      "Index Name": "kind_id_title",
                      "Startup Cost": 0.0,
                      "Total Cost": 2167.3,
                      "Plan Rows": 121449,
                      "Plan Width": 0,
                      "Actual Startup Time": 18.996,
                      "Actual Total Time": 18.996,
                      "Actual Rows": 118234,
                      "Actual Loops": 1,
                      "Index Cond": "(kind_id = 4)"
                    }
                  ]
                }
              ]
            }
          ]
        }
      ]
    },
    "Planning Time": 0.267,
    "Triggers": [],
    "Execution Time": 66.058
  }
]