[
  {
    "Plan": {
      "Node Type": "Aggregate",
      "Strategy": "Plain",
      "Partial Mode": "Finalize",
      "Parallel Aware": false,
      "Startup Cost": 390690.57,
      "Total Cost": 390690.58,
      "Plan Rows": 1,
      "Plan Width": 8,
      "Actual Startup Time": 810.806,
      "Actual Total Time": 835.947,
      "Actual Rows": 1,
      "Actual Loops": 1,
      "Plans": [
        {
          "Node Type": "Gather",
          "Parent Relationship": "Outer",
          "Parallel Aware": false,
          "Startup Cost": 390690.26,
          "Total Cost": 390690.57,
          "Plan Rows": 3,
          "Plan Width": 8,
          "Actual Startup Time": 798.673,
          "Actual Total Time": 835.937,
          "Actual Rows": 4,
          "Actual Loops": 1,
          "Workers Planned": 3,
          "Workers Launched": 3,
          "Single Copy": false,
          "Plans": [
            {
              "Node Type": "Aggregate",
              "Strategy": "Plain",
              "Partial Mode": "Partial",
              "Parent Relationship": "Outer",
              "Parallel Aware": false,
              "Startup Cost": 389690.26,
              "Total Cost": 389690.27,
              "Plan Rows": 1,
              "Plan Width": 8,
              "Actual Startup Time": 789.591,
              "Actual Total Time": 789.968,
              "Actual Rows": 1,
              "Actual Loops": 4,
              "Plans": [
                {
                  "Node Type": "Hash Join",
                  "Parent Relationship": "Outer",
                  "Parallel Aware": true,
                  "Join Type": "Inner",
                  "Startup Cost": 345271.74,
                  "Total Cost": 389367.28,
                  "Plan Rows": 129191,
                  "Plan Width": 0,
                  "Actual Startup Time": 651.272,
                  "Actual Total Time": 787.318,
                  "Actual Rows": 65807,
                  "Actual Loops": 4,
                  "Inner Unique": false,
                  "Hash Cond": "(mk.movie_id = t.id)",
                  "Plans": [
                    {
                      "Node Type": "Seq Scan",
                      "Parent Relationship": "Outer",
                      "Parallel Aware": true,
                      "Relation Name": "movie_keyword",
                      "Alias": "mk",
                      "Startup Cost": 0.0,
                      "Total Cost": 42695.65,
                      "Plan Rows": 315885,
                      "Plan Width": 4,
                      "Actual Startup Time": 0.051,
                      "Actual Total Time": 84.524,
                      "Actual Rows": 247202,
                      "Actual Loops": 4,
                      "Filter": "(keyword_id < 928)",
                      "Rows Removed by Filter": 883780
                    },
                    {
                      "Node Type": "Hash",
                      "Parent Relationship": "Inner",
                      "Parallel Aware": true,
                      "Startup Cost": 343117.4,
                      "Total Cost": 343117.4,
                      "Plan Rows": 172347,
                      "Plan Width": 8,
                      "Actual Startup Time": 646.153,
                      "Actual Total Time": 646.527,
                      "Actual Rows": 258186,
                      "Actual Loops": 4,
                      "Hash Buckets": 1048576,
                      "Original Hash Buckets": 1048576,
                      "Hash Batches": 1,
                      "Original Hash Batches": 1,
                      "Peak Memory Usage": 48672,
                      "Plans": [
                        {
                          "Node Type": "Hash Join",
                          "Parent Relationship": "Outer",
                          "Parallel Aware": true,
                          "Join Type": "Inner",
                          "Startup Cost": 86155.88,
                          "Total Cost": 343117.4,
                          "Plan Rows": 172347,
                          "Plan Width": 8,
                          "Actual Startup Time": 314.542,
                          "Actual Total Time": 558.09,
                          "Actual Rows": 258186,
                          "Actual Loops": 4,
                          "Inner Unique": true,
                          "Hash Cond": "(ci.movie_id = t.id)",
                          "Plans": [
                            {
                              "Node Type": "Bitmap Heap Scan",
                              "Parent Relationship": "Outer",
                              "Parallel Aware": true,
                              "Relation Name": "cast_info",
                              "Alias": "ci",
                              "Startup Cost": 37438.07,
                              "Total Cost": 293657.73,
                              "Plan Rows": 282613,
                              "Plan Width": 4,
                              "Actual Startup Time": 58.737,
                              "Actual Total Time": 136.12,
                              "Actual Rows": 402647,
                              "Actual Loops": 4,
                              "Recheck Cond": "(person_id > 3742833)",
                              "Rows Removed by Index Recheck": 0,
                              "Exact Heap Blocks": 6689,
                              "Lossy Heap Blocks": 0,
                              "Plans": [
                                {
                                  "Node Type": "Bitmap Index Scan",
                                  "Parent Relationship": "Outer",
                                  "Parallel Aware": false,
                                  "Index Name": "person_id_cast_info",
                                  "Startup Cost": 0.0,
                                  "Total Cost": 37014.15,
                                  "Plan Rows": 1695678,
                                  "Plan Width": 0,
                                  "Actual Startup Time": 55.321,
                                  "Actual Total Time": 55.322,
                                  "Actual Rows": 1610589,
                                  "Actual Loops": 1,
                                  "Index Cond": "(person_id > 3742833)"
                                }
                              ]
                            },
                            {
                              "Node Type": "Hash",
                              "Parent Relationship": "Inner",
                              "Parallel Aware": true,
                              "Startup Cost": 43899.32,
                              "Total Cost": 43899.32,
                              "Plan Rows": 385479,
                              "Plan Width": 4,
                              "Actual Startup Time": 250.738,
                              "Actual Total Time": 250.739,
                              "Actual Rows": 385816,
                              "Actual Loops": 4,
                              "Hash Buckets": 2097152,
                              "Original Hash Buckets": 2097152,
                              "Hash Batches": 1,
                              "Original Hash Batches": 1,
                              "Peak Memory Usage": 76864,
                              "Plans": [
                                {
                                  "Node Type": "Seq Scan",
                                  "Parent Relationship": "Outer",
                                  "Parallel Aware": true,
                                  "Relation Name": "title",
                                  "Alias": "t",
                                  "Startup Cost": 0.0,
                                  "Total Cost": 43899.32,
                                  "Plan Rows": 385479,
                                  "Plan Width": 4,
                                  "Actual Startup Time": 0.056,
                                  "Actual Total Time": 103.146,
                                  "Actual Rows": 385816,
                                  "Actual Loops": 4,
                                  "Filter": "(kind_id = 7)",
                                  "Rows Removed by Filter": 246262
                                }
                              ]
                            }
                          ]
                        }
                      ]
                    }
                  ]
                }
              ]
            }
          ]
        }
      ]
    },
    "Planning Time": 1.191,
    "Triggers": [],
    "Execution Time": 836.036
  }
]