[
  {
    "Plan": {
      "Node Type": "Aggregate",
      "Strategy": "Plain",
      "Partial Mode": "Finalize",
      "Parallel Aware": false,
      "Startup Cost": 278128.73,
      "Total Cost": 278128.74,
      "Plan Rows": 1,
      "Plan Width": 8,
      "Actual Startup Time": 840.993,
      "Actual Total Time": 859.045,
      "Actual Rows": 1,
      "Actual Loops": 1,
      "Plans": [
        {
          "Node Type": "Gather",
          "Parent Relationship": "Outer",
          "Parallel Aware": false,
          "Startup Cost": 278128.41,
          "Total Cost": 278128.72,
          "Plan Rows": 3,
          "Plan Width": 8,
          "Actual Startup Time": 830.44,
          "Actual Total Time": 859.035,
          "Actual Rows": 4,
          "Actual Loops": 1,
          "Workers Planned": 3,
          "Workers Launched": 3,
          "Single Copy": false,
          "Plans": [
            {
              "Node Type": "Aggregate",
              "Strategy": "Plain",
              "Partial Mode": "Partial",
              "Parent Relationship": "Outer",
              "Parallel Aware": false,
              "Startup Cost": 277128.41,
              "Total Cost": 277128.42,
              "Plan Rows": 1,
              "Plan Width": 8,
              "Actual Startup Time": 821.358,
              "Actual Total Time": 821.495,
              "Actual Rows": 1,
              "Actual Loops": 4,
              "Plans": [
                {
                  "Node Type": "Hash Join",
                  "Parent Relationship": "Outer",
                  "Parallel Aware": true,
                  "Join Type": "Inner",
                  "Startup Cost": 231173.27,
                  "Total Cost": 276331.01,
                  "Plan Rows": 318962,
                  "Plan Width": 0,
                  "Actual Startup Time": 543.638,
                  "Actual Total Time": 806.562,
                  "Actual Rows": 268740,
                  "Actual Loops": 4,
                  "Inner Unique": false,
                  "Hash Cond": "(mk.movie_id = t.id)",
                  "Plans": [
                    {
                      "Node Type": "Seq Scan",
                      "Parent Relationship": "Outer",
                      "Parallel Aware": true,
                      "Relation Name": "movie_keyword",
                      "Alias": "mk",
                      "Startup Cost": 0.0,
                      "Total Cost": 39047.32,
                      "Plan Rows": 1459332,
                      "Plan Width": 4,
                      "Actual Startup Time": 0.031,
                      "Actual Total Time": 112.956,
                      "Actual Rows": 1130982,
                      "Actual Loops": 4
                    },
                    {
                      "Node Type": "Hash",
                      "Parent Relationship": "Inner",
                      "Parallel Aware": true,
                      "Startup Cost": 229791.77,
                      "Total Cost": 229791.77,
                      "Plan Rows": 110520,
                      "Plan Width": 8,
                      "Actual Startup Time": 538.743,
                      "Actual Total Time": 538.879,
                      "Actual Rows": 89413,
                      "Actual Loops": 4,
                      "Hash Buckets": 1048576,
                      "Original Hash Buckets": 1048576,
                      "Hash Batches": 1,
                      "Original Hash Batches": 1,
                      "Peak Memory Usage": 22240,
                      "Plans": [
                        {
                          "Node Type": "Hash Join",
                          "Parent Relationship": "Outer",
                          "Parallel Aware": true,
                          "Join Type": "Inner",
                          "Startup Cost": 65389.82,
                          "Total Cost": 229791.77,
                          "Plan Rows": 110520,
                          "Plan Width": 8,
                          "Actual Startup Time": 368.342,
                          "Actual Total Time": 495.092,
                          "Actual Rows": 89413,
                          "Actual Loops": 4,
                          "Inner Unique": true,
                          "Hash Cond": "(mi.movie_id = t.id)",
                          "Plans": [
                            {
                              "Node Type": "Bitmap Heap Scan",
                              "Parent Relationship": "Outer",
                              "Parallel Aware": true,
                              "Relation Name": "movie_info",
                              "Alias": "mi",
                              "Startup Cost": 14428.12,
                              "Total Cost": 178411.99,
                              "Plan Rows": 159269,
                              "Plan Width": 4,
                              "Actual Startup Time": 45.414,
                              "Actual Total Time": 76.431,
                              "Actual Rows": 200535,
                              "Actual Loops": 4,
                              "Recheck Cond": "(info_type_id = 1)",
                              "Rows Removed by Index Recheck": 0,
                              "Exact Heap Blocks": 1216,
                              "Lossy Heap Blocks": 0,
                              "Plans": [
                                {
                                  "Node Type": "Bitmap Index Scan",
                                  "Parent Relationship": "Outer",
                                  "Parallel Aware": false,
                                  "Index Name": "info_type_id_movie_info",
                                  "Startup Cost": 0.0,
                                  "Total Cost": 14229.04,
                                  "Plan Rows": 796347,
                                  "Plan Width": 0,
                                  "Actual Startup Time": 44.206,
                                  "Actual Total Time": 44.207,
                                  "Actual Rows": 802140,
                                  "Actual Loops": 1,
                                  "Index Cond": "(info_type_id = 1)"
                                }
                              ]
                            },
                            {
                              "Node Type": "Hash",
                              "Parent Relationship": "Inner",
                              "Parallel Aware": true,
                              "Startup Cost": 45479.1,
                              "Total Cost": 45479.1,
                              "Plan Rows": 438608,
                              "Plan Width": 4,
                              "Actual Startup Time": 318.172,
                              "Actual Total Time": 318.173,
                              "Actual Rows": 449976,
                              "Actual Loops": 4,
                              "Hash Buckets": 2097152,
                              "Original Hash Buckets": 2097152,
                              "Hash Batches": 1,
                              "Original Hash Batches": 1,
                              "Peak Memory Usage": 86848,
                              "Plans": [
                                {
                                  "Node Type": "Seq Scan",
                                  "Parent Relationship": "Outer",
                                  "Parallel Aware": true,
                                  "Relation Name": "title",
                                  "Alias": "t",
                                  "Startup Cost": 0.0,
                                  "Total Cost": 45479.1,
                                  "Plan Rows": 438608,
                                  "Plan Width": 4,
                                  "Actual Startup Time": 0.043,
                                  "Actual Total Time": 135.813,
                                  "Actual Rows": 449976,
                                  "Actual Loops": 4,
                                  "Filter": "((kind_id > 1) AND (production_year > 1918))",
                                  "Rows Removed by Filter": 182102
                                }
                              ]
                            }
                          ]
                        }
                      ]
                    }
                  ]
                }
              ]
            }
          ]
        }
      ]
    },
    "Planning Time": 1.399,
    "Triggers": [],
    "Execution Time": 859.151
  }
]