[
  {
    "Plan": {
      "Node Type": "Aggregate",
      "Strategy": "Plain",
      "Partial Mode": "Finalize",
      "Parallel Aware": false,
      "Startup Cost": 44809.87,
      "Total Cost": 44809.88,
      "Plan Rows": 1,
      "Plan Width": 8,
      "Actual Startup Time": 142.333,
      "Actual Total Time": 152.084,
      "Actual Rows": 1,
      "Actual Loops": 1,
      "Plans": [
        {
          "Node Type": "Gather",
          "Parent Relationship": "Outer",
          "Parallel Aware": false,
          "Startup Cost": 44809.56,
          "Total Cost": 44809.87,
          "Plan Rows": 3,
          "Plan Width": 8,
          "Actual Startup Time": 142.221,
          "Actual Total Time": 152.077,
          "Actual Rows": 4,
          "Actual Loops": 1,
          "Workers Planned": 3,
          "Workers Launched": 3,
          "Single Copy": false,
          "Plans": [
            {
              "Node Type": "Aggregate",
              "Strategy": "Plain",
              "Partial Mode": "Partial",
              "Parent Relationship": "Outer",
              "Parallel Aware": false,
              "Startup Cost": 43809.56,
              "Total Cost": 43809.57,
              "Plan Rows": 1,
              "Plan Width": 8,
              "Actual Startup Time": 133.659,
              "Actual Total Time": 133.661,
              "Actual Rows": 1,
              "Actual Loops": 4,
              "Plans": [
                {
                  "Node Type": "Seq Scan",
                  "Parent Relationship": "Outer",
                  "Parallel Aware": true,
                  "Relation Name": "movie_keyword",
                  "Alias": "mk",
                  "Startup Cost": 0.0,
                  "Total Cost": 42695.65,
                  "Plan Rows": 445561,
                  "Plan Width": 0,
                  "Actual Startup Time": 1.321,
                  "Actual Total Time": 115.631,
                  "Actual Rows": 346736,
                  "Actual Loops": 4,
                  "Filter": "(keyword_id > 12026)",
                  "Rows Removed by Filter": 784246
                }
              ]
            }
          ]
        }
      ]
    },
    "Planning Time": 0.156,
    "Triggers": [],
    "Execution Time": 152.128
  }
]