{
  "Plan": {
    "Node Type": "Aggregate",
    "Strategy": "Plain",
    "Partial Mode": "Finalize",
    "Parallel Aware": false,
    "Startup Cost": 252954.12,
    "Total Cost": 252954.13,
    "Plan Rows": 1,
    "Plan Width": 8,
    "Actual Startup Time": 627.979,
    "Actual Total Time": 644.6,
    "Actual Rows": 1,
    "Actual Loops": 1,
    "Plans": [
      {
        "Node Type": "Gather",
        "Parent Relationship": "Outer",
        "Parallel Aware": false,
        "Startup Cost": 252954.01,
        "Total Cost": 252954.12,
        "Plan Rows": 1,
        "Plan Width": 8,
        "Actual Startup Time": 623.2,
        "Actual Total Time": 644.591,
        "Actual Rows": 2,
        "Actual Loops": 1,
        "Workers Planned": 1,
        "Workers Launched": 1,
        "Single Copy": false,
        "Plans": [
          {
            "Node Type": "Aggregate",
            "Strategy": "Plain",
            "Partial Mode": "Partial",
            "Parent Relationship": "Outer",
            "Parallel Aware": false,
            "Startup Cost": 251954.01,
            "Total Cost": 251954.02,
            "Plan Rows": 1,
            "Plan Width": 8,
            "Actual Startup Time": 611.362,
            "Actual Total Time": 611.367,
            "Actual Rows": 1,
            "Actual Loops": 2,
            "Plans": [
              {
                "Node Type": "Hash Join",
                "Parent Relationship": "Outer",
                "Parallel Aware": false,
                "Join Type": "Inner",
                "Startup Cost": 74132.7,
                "Total Cost": 251953.95,
                "Plan Rows": 23,
                "Plan Width": 0,
                "Actual Startup Time": 592.181,
                "Actual Total Time": 611.36,
                "Actual Rows": 1,
                "Actual Loops": 2,
                "Inner Unique": false,
                "Hash Cond": "(t.id = ci.movie_id)",
                "Plans": [
                  {
                    "Node Type": "Hash Join",
                    "Parent Relationship": "Outer",
                    "Parallel Aware": true,
                    "Join Type": "Inner",
                    "Startup Cost": 73068.06,
                    "Total Cost": 245326.35,
                    "Plan Rows": 117110,
                    "Plan Width": 8,
                    "Actual Startup Time": 563.221,
                    "Actual Total Time": 605.252,
                    "Actual Rows": 90056,
                    "Actual Loops": 2,
                    "Inner Unique": true,
                    "Hash Cond": "(mi.movie_id = t.id)",
                    "Plans": [
                      {
                        "Node Type": "Bitmap Heap Scan",
                        "Parent Relationship": "Outer",
                        "Parallel Aware": true,
                        "Relation Name": "movie_info",
                        "Alias": "mi",
                        "Startup Cost": 3607.36,
                        "Total Cost": 175558.24,
                        "Plan Rows": 117110,
                        "Plan Width": 4,
                        "Actual Startup Time": 8.888,
                        "Actual Total Time": 24.354,
                        "Actual Rows": 90056,
                        "Actual Loops": 2,
                        "Recheck Cond": "(info_type_id = 13)",
                        "Rows Removed by Index Recheck": 0,
                        "Exact Heap Blocks": 3180,
                        "Lossy Heap Blocks": 0,
                        "Plans": [
                          {
                            "Node Type": "Bitmap Index Scan",
                            "Parent Relationship": "Outer",
                            "Parallel Aware": false,
                            "Index Name": "info_type_id_movie_info",
                            "Startup Cost": 0.0,
                            "Total Cost": 3557.59,
                            "Plan Rows": 199087,
                            "Plan Width": 0,
                            "Actual Startup Time": 8.071,
                            "Actual Total Time": 8.072,
                            "Actual Rows": 180112,
                            "Actual Loops": 1,
                            "Index Cond": "(info_type_id = 13)"
                          }
                        ]
                      },
                      {
                        "Node Type": "Hash",
                        "Parent Relationship": "Inner",
                        "Parallel Aware": true,
                        "Startup Cost": 50870.31,
                        "Total Cost": 50870.31,
                        "Plan Rows": 1487231,
                        "Plan Width": 4,
                        "Actual Startup Time": 533.572,
                        "Actual Total Time": 533.572,
                        "Actual Rows": 1264156,
                        "Actual Loops": 2,
                        "Hash Buckets": 4194304,
                        "Original Hash Buckets": 4194304,
                        "Hash Batches": 1,
                        "Original Hash Batches": 1,
                        "Peak Memory Usage": 131712,
                        "Plans": [
                          {
                            "Node Type": "Seq Scan",
                            "Parent Relationship": "Outer",
                            "Parallel Aware": true,
                            "Relation Name": "title",
                            "Alias": "t",
                            "Startup Cost": 0.0,
                            "Total Cost": 50870.31,
                            "Plan Rows": 1487231,
                            "Plan Width": 4,
                            "Actual Startup Time": 0.024,
                            "Actual Total Time": 147.064,
                            "Actual Rows": 1264156,
                            "Actual Loops": 2
                          }
                        ]
                      }
                    ]
                  },
                  {
                    "Node Type": "Hash",
                    "Parent Relationship": "Inner",
                    "Parallel Aware": false,
                    "Startup Cost": 1058.43,
                    "Total Cost": 1058.43,
                    "Plan Rows": 497,
                    "Plan Width": 4,
                    "Actual Startup Time": 0.794,
                    "Actual Total Time": 0.795,
                    "Actual Rows": 242,
                    "Actual Loops": 2,
                    "Hash Buckets": 1024,
                    "Original Hash Buckets": 1024,
                    "Hash Batches": 1,
                    "Original Hash Batches": 1,
                    "Peak Memory Usage": 17,
                    "Plans": [
                      {
                        "Node Type": "Index Scan",
                        "Parent Relationship": "Outer",
                        "Parallel Aware": false,
                        "Scan Direction": "Forward",
                        "Index Name": "person_id_cast_info",
                        "Relation Name": "cast_info",
                        "Alias": "ci",
                        "Startup Cost": 0.56,
                        "Total Cost": 1058.43,
                        "Plan Rows": 497,
                        "Plan Width": 4,
                        "Actual Startup Time": 0.325,
                        "Actual Total Time": 0.675,
                        "Actual Rows": 242,
                        "Actual Loops": 2,
                        "Index Cond": "(person_id = 1886571)",
                        "Rows Removed by Index Recheck": 0
                      }
                    ]
                  }
                ]
              }
            ]
          }
        ]
      }
    ]
  },
  "Planning Time": 0.897,
  "Triggers": [],
  "Execution Time": 644.71
}