{
  "Plan": {
    "Node Type": "Aggregate",
    "Strategy": "Plain",
    "Partial Mode": "Finalize",
    "Parallel Aware": false,
    "Startup Cost": 847117.03,
    "Total Cost": 847117.04,
    "Plan Rows": 1,
    "Plan Width": 8,
    "Actual Startup Time": 15271.344,
    "Actual Total Time": 15331.618,
    "Actual Rows": 1,
    "Actual Loops": 1,
    "Plans": [
      {
        "Node Type": "Gather",
        "Parent Relationship": "Outer",
        "Parallel Aware": false,
        "Startup Cost": 847116.92,
        "Total Cost": 847117.03,
        "Plan Rows": 1,
        "Plan Width": 8,
        "Actual Startup Time": 15267.722,
        "Actual Total Time": 15331.609,
        "Actual Rows": 2,
        "Actual Loops": 1,
        "Workers Planned": 1,
        "Workers Launched": 1,
        "Single Copy": false,
        "Plans": [
          {
            "Node Type": "Aggregate",
            "Strategy": "Plain",
            "Partial Mode": "Partial",
            "Parent Relationship": "Outer",
            "Parallel Aware": false,
            "Startup Cost": 846116.92,
            "Total Cost": 846116.93,
            "Plan Rows": 1,
            "Plan Width": 8,
            "Actual Startup Time": 15262.191,
            "Actual Total Time": 15262.195,
            "Actual Rows": 1,
            "Actual Loops": 2,
            "Plans": [
              {
                "Node Type": "Hash Join",
                "Parent Relationship": "Outer",
                "Parallel Aware": true,
                "Join Type": "Inner",
                "Startup Cost": 112978.67,
                "Total Cost": 832087.61,
                "Plan Rows": 5611723,
                "Plan Width": 0,
                "Actual Startup Time": 894.702,
                "Actual Total Time": 14917.353,
                "Actual Rows": 8641253,
                "Actual Loops": 2,
                "Inner Unique": false,
                "Hash Cond": "(t.id = mc.movie_id)",
                "Plans": [
                  {
                    "Node Type": "Hash Join",
                    "Parent Relationship": "Outer",
                    "Parallel Aware": true,
                    "Join Type": "Inner",
                    "Startup Cost": 69460.7,
                    "Total Cost": 637933.25,
                    "Plan Rows": 18820201,
                    "Plan Width": 8,
                    "Actual Startup Time": 658.532,
                    "Actual Total Time": 9722.86,
                    "Actual Rows": 15951612,
                    "Actual Loops": 2,
                    "Inner Unique": true,
                    "Hash Cond": "(ci.movie_id = t.id)",
                    "Plans": [
                      {
                        "Node Type": "Seq Scan",
                        "Parent Relationship": "Outer",
                        "Parallel Aware": true,
                        "Relation Name": "cast_info",
                        "Alias": "ci",
                        "Startup Cost": 0.0,
                        "Total Cost": 519069.44,
                        "Plan Rows": 18820201,
                        "Plan Width": 4,
                        "Actual Startup Time": 103.966,
                        "Actual Total Time": 1760.224,
                        "Actual Rows": 15951612,
                        "Actual Loops": 2,
                        "Filter": "(person_id > 418918)",
                        "Rows Removed by Filter": 2170560
                      },
                      {
                        "Node Type": "Hash",
                        "Parent Relationship": "Inner",
                        "Parallel Aware": true,
                        "Startup Cost": 50870.31,
                        "Total Cost": 50870.31,
                        "Plan Rows": 1487231,
                        "Plan Width": 4,
                        "Actual Startup Time": 543.225,
                        "Actual Total Time": 543.226,
                        "Actual Rows": 1264156,
                        "Actual Loops": 2,
                        "Hash Buckets": 4194304,
                        "Original Hash Buckets": 4194304,
                        "Hash Batches": 1,
                        "Original Hash Batches": 1,
                        "Peak Memory Usage": 131680,
                        "Plans": [
                          {
                            "Node Type": "Seq Scan",
                            "Parent Relationship": "Outer",
                            "Parallel Aware": true,
                            "Relation Name": "title",
                            "Alias": "t",
                            "Startup Cost": 0.0,
                            "Total Cost": 50870.31,
                            "Plan Rows": 1487231,
                            "Plan Width": 4,
                            "Actual Startup Time": 0.019,
                            "Actual Total Time": 153.59,
                            "Actual Rows": 1264156,
                            "Actual Loops": 2
                          }
                        ]
                      }
                    ]
                  },
                  {
                    "Node Type": "Hash",
                    "Parent Relationship": "Inner",
                    "Parallel Aware": true,
                    "Startup Cost": 37974.77,
                    "Total Cost": 37974.77,
                    "Plan Rows": 443456,
                    "Plan Width": 4,
                    "Actual Startup Time": 227.478,
                    "Actual Total Time": 227.479,
                    "Actual Rows": 384181,
                    "Actual Loops": 2,
                    "Hash Buckets": 1048576,
                    "Original Hash Buckets": 1048576,
                    "Hash Batches": 1,
                    "Original Hash Batches": 1,
                    "Peak Memory Usage": 38304,
                    "Plans": [
                      {
                        "Node Type": "Seq Scan",
                        "Parent Relationship": "Outer",
                        "Parallel Aware": true,
                        "Relation Name": "movie_companies",
                        "Alias": "mc",
                        "Startup Cost": 0.0,
                        "Total Cost": 37974.77,
                        "Plan Rows": 443456,
                        "Plan Width": 4,
                        "Actual Startup Time": 35.907,
                        "Actual Total Time": 128.036,
                        "Actual Rows": 384181,
                        "Actual Loops": 2,
                        "Filter": "(company_id > 34204)",
                        "Rows Removed by Filter": 920384
                      }
                    ]
                  }
                ]
              }
            ]
          }
        ]
      }
    ]
  },
  "Planning Time": 1.093,
  "Triggers": [],
  "Execution Time": 15331.708
}