{
  "Plan": {
    "Node Type": "Aggregate",
    "Strategy": "Plain",
    "Partial Mode": "Finalize",
    "Parallel Aware": false,
    "Startup Cost": 88609.82,
    "Total Cost": 88609.83,
    "Plan Rows": 1,
    "Plan Width": 8,
    "Actual Startup Time": 380.047,
    "Actual Total Time": 392.517,
    "Actual Rows": 1,
    "Actual Loops": 1,
    "Plans": [
      {
        "Node Type": "Gather",
        "Parent Relationship": "Outer",
        "Parallel Aware": false,
        "Startup Cost": 88609.7,
        "Total Cost": 88609.81,
        "Plan Rows": 1,
        "Plan Width": 8,
        "Actual Startup Time": 379.517,
        "Actual Total Time": 392.51,
        "Actual Rows": 2,
        "Actual Loops": 1,
        "Workers Planned": 1,
        "Workers Launched": 1,
        "Single Copy": false,
        "Plans": [
          {
            "Node Type": "Aggregate",
            "Strategy": "Plain",
            "Partial Mode": "Partial",
            "Parent Relationship": "Outer",
            "Parallel Aware": false,
            "Startup Cost": 87609.7,
            "Total Cost": 87609.71,
            "Plan Rows": 1,
            "Plan Width": 8,
            "Actual Startup Time": 373.626,
            "Actual Total Time": 373.631,
            "Actual Rows": 1,
            "Actual Loops": 2,
            "Plans": [
              {
                "Node Type": "Hash Join",
                "Parent Relationship": "Outer",
                "Parallel Aware": true,
                "Join Type": "Inner",
                "Startup Cost": 26411.14,
                "Total Cost": 87301.6,
                "Plan Rows": 123241,
                "Plan Width": 0,
                "Actual Startup Time": 259.235,
                "Actual Total Time": 369.604,
                "Actual Rows": 102182,
                "Actual Loops": 2,
                "Inner Unique": false,
                "Hash Cond": "(t.id = mc.movie_id)",
                "Plans": [
                  {
                    "Node Type": "Seq Scan",
                    "Parent Relationship": "Outer",
                    "Parallel Aware": true,
                    "Relation Name": "title",
                    "Alias": "t",
                    "Startup Cost": 0.0,
                    "Total Cost": 50870.31,
                    "Plan Rows": 1487231,
                    "Plan Width": 4,
                    "Actual Startup Time": 0.013,
                    "Actual Total Time": 115.095,
                    "Actual Rows": 1264156,
                    "Actual Loops": 2
                  },
                  {
                    "Node Type": "Hash",
                    "Parent Relationship": "Inner",
                    "Parallel Aware": true,
                    "Startup Cost": 24870.63,
                    "Total Cost": 24870.63,
                    "Plan Rows": 123241,
                    "Plan Width": 4,
                    "Actual Startup Time": 71.672,
                    "Actual Total Time": 71.673,
                    "Actual Rows": 102182,
                    "Actual Loops": 2,
                    "Hash Buckets": 262144,
                    "Original Hash Buckets": 262144,
                    "Hash Batches": 1,
                    "Original Hash Batches": 1,
                    "Peak Memory Usage": 10080,
                    "Plans": [
                      {
                        "Node Type": "Bitmap Heap Scan",
                        "Parent Relationship": "Outer",
                        "Parallel Aware": true,
                        "Relation Name": "movie_companies",
                        "Alias": "mc",
                        "Startup Cost": 4540.12,
                        "Total Cost": 24870.63,
                        "Plan Rows": 123241,
                        "Plan Width": 4,
                        "Actual Startup Time": 19.309,
                        "Actual Total Time": 48.65,
                        "Actual Rows": 102182,
                        "Actual Loops": 2,
                        "Recheck Cond": "(company_id > 112150)",
                        "Rows Removed by Index Recheck": 0,
                        "Exact Heap Blocks": 3091,
                        "Lossy Heap Blocks": 0,
                        "Plans": [
                          {
                            "Node Type": "Bitmap Index Scan",
                            "Parent Relationship": "Outer",
                            "Parallel Aware": false,
                            "Index Name": "company_id_movie_companies",
                            "Startup Cost": 0.0,
                            "Total Cost": 4487.75,
                            "Plan Rows": 209509,
                            "Plan Width": 0,
                            "Actual Startup Time": 20.249,
                            "Actual Total Time": 20.249,
                            "Actual Rows": 204364,
                            "Actual Loops": 1,
                            "Index Cond": "(company_id > 112150)"
                          }
                        ]
                      }
                    ]
                  }
                ]
              }
            ]
          }
        ]
      }
    ]
  },
  "Planning Time": 0.614,
  "Triggers": [],
  "Execution Time": 392.606
}