{
  "Plan": {
    "Node Type": "Aggregate",
    "Strategy": "Plain",
    "Partial Mode": "Simple",
    "Parallel Aware": false,
    "Startup Cost": 855092.53,
    "Total Cost": 855092.54,
    "Plan Rows": 1,
    "Plan Width": 128,
    "Actual Startup Time": 4420.343,
    "Actual Total Time": 4460.345,
    "Actual Rows": 1,
    "Actual Loops": 1,
    "Plans": [
      {
        "Node Type": "Nested Loop",
        "Parent Relationship": "Outer",
        "Parallel Aware": false,
        "Join Type": "Inner",
        "Startup Cost": 368257.45,
        "Total Cost": 855092.52,
        "Plan Rows": 1,
        "Plan Width": 81,
        "Actual Startup Time": 4420.311,
        "Actual Total Time": 4460.312,
        "Actual Rows": 0,
        "Actual Loops": 1,
        "Inner Unique": true,
        "Plans": [
          {
            "Node Type": "Hash Join",
            "Parent Relationship": "Outer",
            "Parallel Aware": false,
            "Join Type": "Inner",
            "Startup Cost": 368257.02,
            "Total Cost": 855091.85,
            "Plan Rows": 1,
            "Plan Width": 70,
            "Actual Startup Time": 4420.307,
            "Actual Total Time": 4460.307,
            "Actual Rows": 0,
            "Actual Loops": 1,
            "Inner Unique": false,
            "Hash Cond": "(ci.movie_id = t.id)",
            "Plans": [
              {
                "Node Type": "Gather",
                "Parent Relationship": "Outer",
                "Parallel Aware": false,
                "Startup Cost": 1000.0,
                "Total Cost": 482921.36,
                "Plan Rows": 1310256,
                "Plan Width": 8,
                "Actual Startup Time": 254.319,
                "Actual Total Time": 817.421,
                "Actual Rows": 1244716,
                "Actual Loops": 1,
                "Workers Planned": 6,
                "Workers Launched": 6,
                "Single Copy": false,
                "Plans": [
                  {
                    "Node Type": "Seq Scan",
                    "Parent Relationship": "Outer",
                    "Parallel Aware": true,
                    "Relation Name": "cast_info",
                    "Alias": "ci",
                    "Startup Cost": 0.0,
                    "Total Cost": 350895.76,
                    "Plan Rows": 218376,
                    "Plan Width": 8,
                    "Actual Startup Time": 141.71,
                    "Actual Total Time": 1439.051,
                    "Actual Rows": 177817,
                    "Actual Loops": 7,
                    "Filter": "(note = ANY ('{(writer),\"(head writer)\",\"(written by)\",(story),\"(story editor)\"}'::text[]))",
                    "Rows Removed by Filter": 4999947
                  }
                ]
              },
              {
                "Node Type": "Hash",
                "Parent Relationship": "Inner",
                "Parallel Aware": false,
                "Startup Cost": 367257.01,
                "Total Cost": 367257.01,
                "Plan Rows": 1,
                "Plan Width": 82,
                "Actual Startup Time": 3567.324,
                "Actual Total Time": 3567.773,
                "Actual Rows": 4,
                "Actual Loops": 1,
                "Hash Buckets": 1024,
                "Original Hash Buckets": 1024,
                "Hash Batches": 1,
                "Original Hash Batches": 1,
                "Peak Memory Usage": 9,
                "Plans": [
                  {
                    "Node Type": "Nested Loop",
                    "Parent Relationship": "Outer",
                    "Parallel Aware": false,
                    "Join Type": "Inner",
                    "Startup Cost": 46490.16,
                    "Total Cost": 367257.01,
                    "Plan Rows": 1,
                    "Plan Width": 82,
                    "Actual Startup Time": 3444.286,
                    "Actual Total Time": 3567.759,
                    "Actual Rows": 4,
                    "Actual Loops": 1,
                    "Inner Unique": false,
                    "Join Filter": "(mi.info_type_id = it1.id)",
                    "Rows Removed by Join Filter": 0,
                    "Plans": [
                      {
                        "Node Type": "Seq Scan",
                        "Parent Relationship": "Outer",
                        "Parallel Aware": false,
                        "Relation Name": "info_type",
                        "Alias": "it1",
                        "Startup Cost": 0.0,
                        "Total Cost": 2.41,
                        "Plan Rows": 1,
                        "Plan Width": 4,
                        "Actual Startup Time": 0.026,
                        "Actual Total Time": 0.041,
                        "Actual Rows": 1,
                        "Actual Loops": 1,
                        "Filter": "((info)::text = 'genres'::text)",
                        "Rows Removed by Filter": 112
                      },
                      {
                        "Node Type": "Nested Loop",
                        "Parent Relationship": "Inner",
                        "Parallel Aware": false,
                        "Join Type": "Inner",
                        "Startup Cost": 46490.16,
                        "Total Cost": 367254.58,
                        "Plan Rows": 1,
                        "Plan Width": 86,
                        "Actual Startup Time": 3444.255,
                        "Actual Total Time": 3567.711,
                        "Actual Rows": 4,
                        "Actual Loops": 1,
                        "Inner Unique": false,
                        "Join Filter": "(t.id = mi.movie_id)",
                        "Rows Removed by Join Filter": 0,
                        "Plans": [
                          {
                            "Node Type": "Gather",
                            "Parent Relationship": "Outer",
                            "Parallel Aware": false,
                            "Startup Cost": 46489.73,
                            "Total Cost": 367253.14,
                            "Plan Rows": 1,
                            "Plan Width": 35,
                            "Actual Startup Time": 3444.203,
                            "Actual Total Time": 3567.626,
                            "Actual Rows": 4,
                            "Actual Loops": 1,
                            "Workers Planned": 2,
                            "Workers Launched": 1,
                            "Single Copy": false,
                            "Plans": [
                              {
                                "Node Type": "Nested Loop",
                                "Parent Relationship": "Outer",
                                "Parallel Aware": false,
                                "Join Type": "Inner",
                                "Startup Cost": 45489.73,
                                "Total Cost": 366253.04,
                                "Plan Rows": 1,
                                "Plan Width": 35,
                                "Actual Startup Time": 3497.863,
                                "Actual Total Time": 3559.367,
                                "Actual Rows": 2,
                                "Actual Loops": 2,
                                "Inner Unique": true,
                                "Plans": [
                                  {
                                    "Node Type": "Hash Join",
                                    "Parent Relationship": "Outer",
                                    "Parallel Aware": false,
                                    "Join Type": "Inner",
                                    "Startup Cost": 45489.31,
                                    "Total Cost": 366252.59,
                                    "Plan Rows": 1,
                                    "Plan Width": 39,
                                    "Actual Startup Time": 3497.755,
                                    "Actual Total Time": 3559.256,
                                    "Actual Rows": 19,
                                    "Actual Loops": 2,
                                    "Inner Unique": true,
                                    "Hash Cond": "(mi_idx.info_type_id = it2.id)",
                                    "Plans": [
                                      {
                                        "Node Type": "Hash Join",
                                        "Parent Relationship": "Outer",
                                        "Parallel Aware": true,
                                        "Join Type": "Inner",
                                        "Startup Cost": 45486.88,
                                        "Total Cost": 366249.89,
                                        "Plan Rows": 100,
                                        "Plan Width": 43,
                                        "Actual Startup Time": 3497.432,
                                        "Actual Total Time": 3558.926,
                                        "Actual Rows": 57,
                                        "Actual Loops": 2,
                                        "Inner Unique": true,
                                        "Hash Cond": "(mi_idx.movie_id = t.id)",
                                        "Plans": [
                                          {
                                            "Node Type": "Merge Join",
                                            "Parent Relationship": "Outer",
                                            "Parallel Aware": false,
                                            "Join Type": "Inner",
                                            "Startup Cost": 7.56,
                                            "Total Cost": 306374.77,
                                            "Plan Rows": 5484107,
                                            "Plan Width": 22,
                                            "Actual Startup Time": 0.476,
                                            "Actual Total Time": 2750.09,
                                            "Actual Rows": 5212313,
                                            "Actual Loops": 2,
                                            "Inner Unique": false,
                                            "Merge Cond": "(mi_idx.movie_id = mk.movie_id)",
                                            "Plans": [
                                              {
                                                "Node Type": "Index Scan",
                                                "Parent Relationship": "Outer",
                                                "Parallel Aware": true,
                                                "Scan Direction": "Forward",
                                                "Index Name": "movie_id_movie_info_idx",
                                                "Relation Name": "movie_info_idx",
                                                "Alias": "mi_idx",
                                                "Startup Cost": 0.43,
                                                "Total Cost": 45571.34,
                                                "Plan Rows": 575015,
                                                "Plan Width": 14,
                                                "Actual Startup Time": 0.273,
                                                "Actual Total Time": 133.168,
                                                "Actual Rows": 690018,
                                                "Actual Loops": 2
                                              },
                                              {
                                                "Node Type": "Materialize",
                                                "Parent Relationship": "Inner",
                                                "Parallel Aware": false,
                                                "Startup Cost": 0.43,
                                                "Total Cost": 188466.64,
                                                "Plan Rows": 4523930,
                                                "Plan Width": 8,
                                                "Actual Startup Time": 0.119,
                                                "Actual Total Time": 1637.484,
                                                "Actual Rows": 8005230,
                                                "Actual Loops": 2,
                                                "Plans": [
                                                  {
                                                    "Node Type": "Index Scan",
                                                    "Parent Relationship": "Outer",
                                                    "Parallel Aware": false,
                                                    "Scan Direction": "Forward",
                                                    "Index Name": "movie_id_movie_keyword",
                                                    "Relation Name": "movie_keyword",
                                                    "Alias": "mk",
                                                    "Startup Cost": 0.43,
                                                    "Total Cost": 177156.82,
                                                    "Plan Rows": 4523930,
                                                    "Plan Width": 8,
                                                    "Actual Startup Time": 0.083,
                                                    "Actual Total Time": 838.828,
                                                    "Actual Rows": 4523812,
                                                    "Actual Loops": 2
                                                  }
                                                ]
                                              }
                                            ]
                                          },
                                          {
                                            "Node Type": "Hash",
                                            "Parent Relationship": "Inner",
                                            "Parallel Aware": true,
                                            "Startup Cost": 45479.17,
                                            "Total Cost": 45479.17,
                                            "Plan Rows": 12,
                                            "Plan Width": 21,
                                            "Actual Startup Time": 486.338,
                                            "Actual Total Time": 486.34,
                                            "Actual Rows": 4,
                                            "Actual Loops": 2,
                                            "Hash Buckets": 1024,
                                            "Original Hash Buckets": 1024,
                                            "Hash Batches": 1,
                                            "Original Hash Batches": 1,
                                            "Peak Memory Usage": 72,
                                            "Plans": [
                                              {
                                                "Node Type": "Seq Scan",
                                                "Parent Relationship": "Outer",
                                                "Parallel Aware": true,
                                                "Relation Name": "title",
                                                "Alias": "t",
                                                "Startup Cost": 0.0,
                                                "Total Cost": 45479.17,
                                                "Plan Rows": 12,
                                                "Plan Width": 21,
                                                "Actual Startup Time": 357.278,
                                                "Actual Total Time": 486.083,
                                                "Actual Rows": 4,
                                                "Actual Loops": 2,
                                                "Filter": "((production_year < 1978) AND (title ~~ 'Vampire%'::text))",
                                                "Rows Removed by Filter": 1264152
                                              }
                                            ]
                                          }
                                        ]
                                      },
                                      {
                                        "Node Type": "Hash",
                                        "Parent Relationship": "Inner",
                                        "Parallel Aware": false,
                                        "Startup Cost": 2.41,
                                        "Total Cost": 2.41,
                                        "Plan Rows": 1,
                                        "Plan Width": 4,
                                        "Actual Startup Time": 0.086,
                                        "Actual Total Time": 0.086,
                                        "Actual Rows": 1,
                                        "Actual Loops": 2,
                                        "Hash Buckets": 1024,
                                        "Original Hash Buckets": 1024,
                                        "Hash Batches": 1,
                                        "Original Hash Batches": 1,
                                        "Peak Memory Usage": 9,
                                        "Plans": [
                                          {
                                            "Node Type": "Seq Scan",
                                            "Parent Relationship": "Outer",
                                            "Parallel Aware": false,
                                            "Relation Name": "info_type",
                                            "Alias": "it2",
                                            "Startup Cost": 0.0,
                                            "Total Cost": 2.41,
                                            "Plan Rows": 1,
                                            "Plan Width": 4,
                                            "Actual Startup Time": 0.069,
                                            "Actual Total Time": 0.072,
                                            "Actual Rows": 1,
                                            "Actual Loops": 2,
                                            "Filter": "((info)::text = 'votes'::text)",
                                            "Rows Removed by Filter": 112
                                          }
                                        ]
                                      }
                                    ]
                                  },
                                  {
                                    "Node Type": "Index Scan",
                                    "Parent Relationship": "Inner",
                                    "Parallel Aware": false,
                                    "Scan Direction": "Forward",
                                    "Index Name": "keyword_pkey",
                                    "Relation Name": "keyword",
                                    "Alias": "k",
                                    "Startup Cost": 0.42,
                                    "Total Cost": 0.45,
                                    "Plan Rows": 1,
                                    "Plan Width": 4,
                                    "Actual Startup Time": 0.005,
                                    "Actual Total Time": 0.005,
                                    "Actual Rows": 0,
                                    "Actual Loops": 38,
                                    "Index Cond": "(id = mk.keyword_id)",
                                    "Rows Removed by Index Recheck": 0,
                                    "Filter": "(keyword = ANY ('{murder,blood,gore,death,female-nudity}'::text[]))",
                                    "Rows Removed by Filter": 1
                                  }
                                ]
                              }
                            ]
                          },
                          {
                            "Node Type": "Index Scan",
                            "Parent Relationship": "Inner",
                            "Parallel Aware": false,
                            "Scan Direction": "Forward",
                            "Index Name": "movie_id_movie_info",
                            "Relation Name": "movie_info",
                            "Alias": "mi",
                            "Startup Cost": 0.43,
                            "Total Cost": 1.43,
                            "Plan Rows": 1,
                            "Plan Width": 51,
                            "Actual Startup Time": 0.019,
                            "Actual Total Time": 0.019,
                            "Actual Rows": 1,
                            "Actual Loops": 4,
                            "Index Cond": "(movie_id = mk.movie_id)",
                            "Rows Removed by Index Recheck": 0,
                            "Filter": "(info = 'Horror'::text)",
                            "Rows Removed by Filter": 50
                          }
                        ]
                      }
                    ]
                  }
                ]
              }
            ]
          },
          {
            "Node Type": "Index Scan",
            "Parent Relationship": "Inner",
            "Parallel Aware": false,
            "Scan Direction": "Forward",
            "Index Name": "name_pkey",
            "Relation Name": "name",
            "Alias": "n",
            "Startup Cost": 0.43,
            "Total Cost": 0.67,
            "Plan Rows": 1,
            "Plan Width": 19,
            "Actual Startup Time": 0.0,
            "Actual Total Time": 0.0,
            "Actual Rows": 0,
            "Actual Loops": 0,
            "Index Cond": "(id = ci.person_id)",
            "Rows Removed by Index Recheck": 0,
            "Filter": "((gender)::text = 'm'::text)",
            "Rows Removed by Filter": 0
          }
        ]
      }
    ]
  },
  "Planning Time": 4.728,
  "Triggers": [],
  "Execution Time": 4578.389
}