{
  "Plan": {
    "Node Type": "Aggregate",
    "Strategy": "Plain",
    "Partial Mode": "Simple",
    "Parallel Aware": false,
    "Startup Cost": 459793.06,
    "Total Cost": 459793.07,
    "Plan Rows": 1,
    "Plan Width": 128,
    "Actual Startup Time": 2120.93,
    "Actual Total Time": 2171.981,
    "Actual Rows": 1,
    "Actual Loops": 1,
    "Plans": [
      {
        "Node Type": "Nested Loop",
        "Parent Relationship": "Outer",
        "Parallel Aware": false,
        "Join Type": "Inner",
        "Startup Cost": 345535.63,
        "Total Cost": 459793.05,
        "Plan Rows": 1,
        "Plan Width": 81,
        "Actual Startup Time": 2120.924,
        "Actual Total Time": 2171.975,
        "Actual Rows": 0,
        "Actual Loops": 1,
        "Inner Unique": true,
        "Plans": [
          {
            "Node Type": "Hash Join",
            "Parent Relationship": "Outer",
            "Parallel Aware": false,
            "Join Type": "Inner",
            "Startup Cost": 345535.48,
            "Total Cost": 459792.86,
            "Plan Rows": 1,
            "Plan Width": 85,
            "Actual Startup Time": 2120.924,
            "Actual Total Time": 2171.973,
            "Actual Rows": 0,
            "Actual Loops": 1,
            "Inner Unique": false,
            "Hash Cond": "(n.id = ci.person_id)",
            "Plans": [
              {
                "Node Type": "Seq Scan",
                "Parent Relationship": "Outer",
                "Parallel Aware": false,
                "Relation Name": "name",
                "Alias": "n",
                "Startup Cost": 0.0,
                "Total Cost": 107705.21,
                "Plan Rows": 1747242,
                "Plan Width": 19,
                "Actual Startup Time": 0.049,
                "Actual Total Time": 0.049,
                "Actual Rows": 1,
                "Actual Loops": 1,
                "Filter": "((gender)::text = 'm'::text)",
                "Rows Removed by Filter": 0
              },
              {
                "Node Type": "Hash",
                "Parent Relationship": "Inner",
                "Parallel Aware": false,
                "Startup Cost": 345535.47,
                "Total Cost": 345535.47,
                "Plan Rows": 1,
                "Plan Width": 74,
                "Actual Startup Time": 2120.818,
                "Actual Total Time": 2171.865,
                "Actual Rows": 0,
                "Actual Loops": 1,
                "Hash Buckets": 1024,
                "Original Hash Buckets": 1024,
                "Hash Batches": 1,
                "Original Hash Batches": 1,
                "Peak Memory Usage": 8,
                "Plans": [
                  {
                    "Node Type": "Nested Loop",
                    "Parent Relationship": "Outer",
                    "Parallel Aware": false,
                    "Join Type": "Inner",
                    "Startup Cost": 345531.37,
                    "Total Cost": 345535.47,
                    "Plan Rows": 1,
                    "Plan Width": 74,
                    "Actual Startup Time": 2120.817,
                    "Actual Total Time": 2171.863,
                    "Actual Rows": 0,
                    "Actual Loops": 1,
                    "Inner Unique": false,
                    "Join Filter": "(t.id = ci.movie_id)",
                    "Rows Removed by Join Filter": 0,
                    "Plans": [
                      {
                        "Node Type": "Nested Loop",
                        "Parent Relationship": "Outer",
                        "Parallel Aware": false,
                        "Join Type": "Inner",
                        "Startup Cost": 345530.81,
                        "Total Cost": 345533.68,
                        "Plan Rows": 1,
                        "Plan Width": 86,
                        "Actual Startup Time": 2119.572,
                        "Actual Total Time": 2170.656,
                        "Actual Rows": 12,
                        "Actual Loops": 1,
                        "Inner Unique": false,
                        "Join Filter": "(mi.info_type_id = it1.id)",
                        "Rows Removed by Join Filter": 0,
                        "Plans": [
                          {
                            "Node Type": "Seq Scan",
                            "Parent Relationship": "Outer",
                            "Parallel Aware": false,
                            "Relation Name": "info_type",
                            "Alias": "it1",
                            "Startup Cost": 0.0,
                            "Total Cost": 2.41,
                            "Plan Rows": 1,
                            "Plan Width": 4,
                            "Actual Startup Time": 0.011,
                            "Actual Total Time": 0.022,
                            "Actual Rows": 1,
                            "Actual Loops": 1,
                            "Filter": "((info)::text = 'genres'::text)",
                            "Rows Removed by Filter": 112
                          },
                          {
                            "Node Type": "Merge Join",
                            "Parent Relationship": "Inner",
                            "Parallel Aware": false,
                            "Join Type": "Inner",
                            "Startup Cost": 345530.81,
                            "Total Cost": 345531.25,
                            "Plan Rows": 1,
                            "Plan Width": 90,
                            "Actual Startup Time": 2119.556,
                            "Actual Total Time": 2170.626,
                            "Actual Rows": 12,
                            "Actual Loops": 1,
                            "Inner Unique": false,
                            "Merge Cond": "(t.id = mi.movie_id)",
                            "Plans": [
                              {
                                "Node Type": "Sort",
                                "Parent Relationship": "Outer",
                                "Parallel Aware": false,
                                "Startup Cost": 46485.51,
                                "Total Cost": 46485.62,
                                "Plan Rows": 44,
                                "Plan Width": 21,
                                "Actual Startup Time": 126.784,
                                "Actual Total Time": 126.89,
                                "Actual Rows": 9,
                                "Actual Loops": 1,
                                "Sort Key": [
                                  "t.id"
                                ],
                                "Sort Method": "quicksort",
                                "Sort Space Used": 25,
                                "Sort Space Type": "Memory",
                                "Plans": [
                                  {
                                    "Node Type": "Gather",
                                    "Parent Relationship": "Outer",
                                    "Parallel Aware": false,
                                    "Startup Cost": 1000.0,
                                    "Total Cost": 46484.31,
                                    "Plan Rows": 44,
                                    "Plan Width": 21,
                                    "Actual Startup Time": 126.61,
                                    "Actual Total Time": 126.811,
                                    "Actual Rows": 9,
                                    "Actual Loops": 1,
                                    "Workers Planned": 4,
                                    "Workers Launched": 4,
                                    "Single Copy": false,
                                    "Plans": [
                                      {
                                        "Node Type": "Seq Scan",
                                        "Parent Relationship": "Outer",
                                        "Parallel Aware": true,
                                        "Relation Name": "title",
                                        "Alias": "t",
                                        "Startup Cost": 0.0,
                                        "Total Cost": 45479.91,
                                        "Plan Rows": 11,
                                        "Plan Width": 21,
                                        "Actual Startup Time": 106.421,
                                        "Actual Total Time": 117.093,
                                        "Actual Rows": 2,
                                        "Actual Loops": 5,
                                        "Filter": "((production_year < 1978) AND (title ~~ 'Vampire%'::text))",
                                        "Rows Removed by Filter": 505661
                                      }
                                    ]
                                  }
                                ]
                              },
                              {
                                "Node Type": "Sort",
                                "Parent Relationship": "Inner",
                                "Parallel Aware": false,
                                "Startup Cost": 299045.3,
                                "Total Cost": 299045.41,
                                "Plan Rows": 43,
                                "Plan Width": 69,
                                "Actual Startup Time": 1987.552,
                                "Actual Total Time": 2040.702,
                                "Actual Rows": 34957,
                                "Actual Loops": 1,
                                "Sort Key": [
                                  "mk.movie_id"
                                ],
                                "Sort Method": "quicksort",
                                "Sort Space Used": 4416,
                                "Sort Space Type": "Memory",
                                "Plans": [
                                  {
                                    "Node Type": "Gather",
                                    "Parent Relationship": "Outer",
                                    "Parallel Aware": false,
                                    "Startup Cost": 99852.87,
                                    "Total Cost": 299044.13,
                                    "Plan Rows": 43,
                                    "Plan Width": 69,
                                    "Actual Startup Time": 1731.405,
                                    "Actual Total Time": 2026.505,
                                    "Actual Rows": 36852,
                                    "Actual Loops": 1,
                                    "Workers Planned": 5,
                                    "Workers Launched": 3,
                                    "Single Copy": false,
                                    "Plans": [
                                      {
                                        "Node Type": "Hash Join",
                                        "Parent Relationship": "Outer",
                                        "Parallel Aware": true,
                                        "Join Type": "Inner",
                                        "Startup Cost": 98852.87,
                                        "Total Cost": 298039.83,
                                        "Plan Rows": 9,
                                        "Plan Width": 69,
                                        "Actual Startup Time": 1721.822,
                                        "Actual Total Time": 1958.315,
                                        "Actual Rows": 9213,
                                        "Actual Loops": 4,
                                        "Inner Unique": false,
                                        "Hash Cond": "(mi.movie_id = mi_idx.movie_id)",
                                        "Plans": [
                                          {
                                            "Node Type": "Seq Scan",
                                            "Parent Relationship": "Outer",
                                            "Parallel Aware": true,
                                            "Relation Name": "movie_info",
                                            "Alias": "mi",
                                            "Startup Cost": 0.0,
                                            "Total Cost": 199164.27,
                                            "Plan Rows": 6047,
                                            "Plan Width": 51,
                                            "Actual Startup Time": 406.16,
                                            "Actual Total Time": 636.87,
                                            "Actual Rows": 7700,
                                            "Actual Loops": 4,
                                            "Filter": "(info = 'Horror'::text)",
                                            "Rows Removed by Filter": 3701230
                                          },
                                          {
                                            "Node Type": "Hash",
                                            "Parent Relationship": "Inner",
                                            "Parallel Aware": true,
                                            "Startup Cost": 98850.78,
                                            "Total Cost": 98850.78,
                                            "Plan Rows": 167,
                                            "Plan Width": 18,
                                            "Actual Startup Time": 1314.596,
                                            "Actual Total Time": 1314.753,
                                            "Actual Rows": 38180,
                                            "Actual Loops": 4,
                                            "Hash Buckets": 262144,
                                            "Original Hash Buckets": 1024,
                                            "Hash Batches": 1,
                                            "Original Hash Batches": 1,
                                            "Peak Memory Usage": 11832,
                                            "Plans": [
                                              {
                                                "Node Type": "Hash Join",
                                                "Parent Relationship": "Outer",
                                                "Parallel Aware": false,
                                                "Join Type": "Inner",
                                                "Startup Cost": 24002.16,
                                                "Total Cost": 98850.78,
                                                "Plan Rows": 167,
                                                "Plan Width": 18,
                                                "Actual Startup Time": 245.2,
                                                "Actual Total Time": 1170.445,
                                                "Actual Rows": 38180,
                                                "Actual Loops": 4,
                                                "Inner Unique": true,
                                                "Hash Cond": "(mk.keyword_id = k.id)",
                                                "Plans": [
                                                  {
                                                    "Node Type": "Hash Join",
                                                    "Parent Relationship": "Outer",
                                                    "Parallel Aware": true,
                                                    "Join Type": "Inner",
                                                    "Startup Cost": 20872.83,
                                                    "Total Cost": 83999.06,
                                                    "Plan Rows": 4465535,
                                                    "Plan Width": 22,
                                                    "Actual Startup Time": 209.246,
                                                    "Actual Total Time": 926.857,
                                                    "Actual Rows": 2606156,
                                                    "Actual Loops": 4,
                                                    "Inner Unique": false,
                                                    "Hash Cond": "(mk.movie_id = mi_idx.movie_id)",
                                                    "Plans": [
                                                      {
                                                        "Node Type": "Seq Scan",
                                                        "Parent Relationship": "Outer",
                                                        "Parallel Aware": true,
                                                        "Relation Name": "movie_keyword",
                                                        "Alias": "mk",
                                                        "Startup Cost": 0.0,
                                                        "Total Cost": 39047.32,
                                                        "Plan Rows": 1459332,
                                                        "Plan Width": 8,
                                                        "Actual Startup Time": 0.038,
                                                        "Actual Total Time": 135.895,
                                                        "Actual Rows": 1130982,
                                                        "Actual Loops": 4
                                                      },
                                                      {
                                                        "Node Type": "Hash",
                                                        "Parent Relationship": "Inner",
                                                        "Parallel Aware": true,
                                                        "Startup Cost": 13685.15,
                                                        "Total Cost": 13685.15,
                                                        "Plan Rows": 575015,
                                                        "Plan Width": 14,
                                                        "Actual Startup Time": 204.529,
                                                        "Actual Total Time": 204.53,
                                                        "Actual Rows": 345009,
                                                        "Actual Loops": 4,
                                                        "Hash Buckets": 2097152,
                                                        "Original Hash Buckets": 2097152,
                                                        "Hash Batches": 1,
                                                        "Original Hash Batches": 1,
                                                        "Peak Memory Usage": 84800,
                                                        "Plans": [
                                                          {
                                                            "Node Type": "Seq Scan",
                                                            "Parent Relationship": "Outer",
                                                            "Parallel Aware": true,
                                                            "Relation Name": "movie_info_idx",
                                                            "Alias": "mi_idx",
                                                            "Startup Cost": 0.0,
                                                            "Total Cost": 13685.15,
                                                            "Plan Rows": 575015,
                                                            "Plan Width": 14,
                                                            "Actual Startup Time": 0.031,
                                                            "Actual Total Time": 68.157,
                                                            "Actual Rows": 345009,
                                                            "Actual Loops": 4
                                                          }
                                                        ]
                                                      }
                                                    ]
                                                  },
                                                  {
                                                    "Node Type": "Hash",
                                                    "Parent Relationship": "Inner",
                                                    "Parallel Aware": false,
                                                    "Startup Cost": 3129.26,
                                                    "Total Cost": 3129.26,
                                                    "Plan Rows": 5,
                                                    "Plan Width": 4,
                                                    "Actual Startup Time": 35.659,
                                                    "Actual Total Time": 35.66,
                                                    "Actual Rows": 5,
                                                    "Actual Loops": 4,
                                                    "Hash Buckets": 1024,
                                                    "Original Hash Buckets": 1024,
                                                    "Hash Batches": 1,
                                                    "Original Hash Batches": 1,
                                                    "Peak Memory Usage": 9,
                                                    "Plans": [
                                                      {
                                                        "Node Type": "Seq Scan",
                                                        "Parent Relationship": "Outer",
                                                        "Parallel Aware": false,
                                                        "Relation Name": "keyword",
                                                        "Alias": "k",
                                                        "Startup Cost": 0.0,
                                                        "Total Cost": 3129.26,
                                                        "Plan Rows": 5,
                                                        "Plan Width": 4,
                                                        "Actual Startup Time": 1.647,
                                                        "Actual Total Time": 35.628,
                                                        "Actual Rows": 5,
                                                        "Actual Loops": 4,
                                                        "Filter": "(keyword = ANY ('{murder,blood,gore,death,female-nudity}'::text[]))",
                                                        "Rows Removed by Filter": 134165
                                                      }
                                                    ]
                                                  }
                                                ]
                                              }
                                            ]
                                          }
                                        ]
                                      }
                                    ]
                                  }
                                ]
                              }
                            ]
                          }
                        ]
                      },
                      {
                        "Node Type": "Index Scan",
                        "Parent Relationship": "Inner",
                        "Parallel Aware": false,
                        "Scan Direction": "Forward",
                        "Index Name": "movie_id_cast_info",
                        "Relation Name": "cast_info",
                        "Alias": "ci",
                        "Startup Cost": 0.56,
                        "Total Cost": 1.78,
                        "Plan Rows": 1,
                        "Plan Width": 8,
                        "Actual Startup Time": 0.1,
                        "Actual Total Time": 0.1,
                        "Actual Rows": 0,
                        "Actual Loops": 12,
                        "Index Cond": "(movie_id = mk.movie_id)",
                        "Rows Removed by Index Recheck": 0,
                        "Filter": "(note = ANY ('{(writer),\"(head writer)\",\"(written by)\",(story),\"(story editor)\"}'::text[]))",
                        "Rows Removed by Filter": 48
                      }
                    ]
                  }
                ]
              }
            ]
          },
          {
            "Node Type": "Index Scan",
            "Parent Relationship": "Inner",
            "Parallel Aware": false,
            "Scan Direction": "Forward",
            "Index Name": "info_type_pkey",
            "Relation Name": "info_type",
            "Alias": "it2",
            "Startup Cost": 0.14,
            "Total Cost": 0.16,
            "Plan Rows": 1,
            "Plan Width": 4,
            "Actual Startup Time": 0.0,
            "Actual Total Time": 0.0,
            "Actual Rows": 0,
            "Actual Loops": 0,
            "Index Cond": "(id = mi_idx.info_type_id)",
            "Rows Removed by Index Recheck": 0,
            "Filter": "((info)::text = 'votes'::text)",
            "Rows Removed by Filter": 0
          }
        ]
      }
    ]
  },
  "Planning Time": 22.717,
  "Triggers": [],
  "Execution Time": 2172.993
}