[
  {
    "Plan": {
      "Node Type": "Aggregate",
      "Strategy": "Plain",
      "Partial Mode": "Simple",
      "Parallel Aware": false,
      "Startup Cost": 22264.42,
      "Total Cost": 22264.43,
      "Plan Rows": 1,
      "Plan Width": 8,
      "Actual Startup Time": 24.759,
      "Actual Total Time": 24.76,
      "Actual Rows": 1,
      "Actual Loops": 1,
      "Plans": [
        {
          "Node Type": "Bitmap Heap Scan",
          "Parent Relationship": "Outer",
          "Parallel Aware": false,
          "Relation Name": "movie_companies",
          "Alias": "mc",
          "Startup Cost": 2054.21,
          "Total Cost": 22027.72,
          "Plan Rows": 94681,
          "Plan Width": 0,
          "Actual Startup Time": 5.12,
          "Actual Total Time": 20.136,
          "Actual Rows": 94302,
          "Actual Loops": 1,
          "Recheck Cond": "(company_id > 161023)",
          "Rows Removed by Index Recheck": 0,
          "Exact Heap Blocks": 3037,
          "Lossy Heap Blocks": 0,
          "Plans": [
            {
              "Node Type": "Bitmap Index Scan",
              "Parent Relationship": "Outer",
              "Parallel Aware": false,
              "Index Name": "company_id_movie_companies",
              "Startup Cost": 0.0,
              "Total Cost": 2030.54,
              "Plan Rows": 94681,
              "Plan Width": 0,
              "Actual Startup Time": 4.812,
              "Actual Total Time": 4.812,
              "Actual Rows": 94302,
              "Actual Loops": 1,
              "Index Cond": "(company_id > 161023)"
            }
          ]
        }
      ]
    },
    "Planning Time": 0.183,
    "Triggers": [],
    "Execution Time": 24.817
  }
]