[
  {
    "Plan": {
      "Node Type": "Aggregate",
      "Strategy": "Plain",
      "Partial Mode": "Finalize",
      "Parallel Aware": false,
      "Startup Cost": 81135.18,
      "Total Cost": 81135.19,
      "Plan Rows": 1,
      "Plan Width": 8,
      "Actual Startup Time": 222.854,
      "Actual Total Time": 238.522,
      "Actual Rows": 1,
      "Actual Loops": 1,
      "Plans": [
        {
          "Node Type": "Gather",
          "Parent Relationship": "Outer",
          "Parallel Aware": false,
          "Startup Cost": 81134.76,
          "Total Cost": 81135.17,
          "Plan Rows": 4,
          "Plan Width": 8,
          "Actual Startup Time": 220.726,
          "Actual Total Time": 238.511,
          "Actual Rows": 5,
          "Actual Loops": 1,
          "Workers Planned": 4,
          "Workers Launched": 4,
          "Single Copy": false,
          "Plans": [
            {
              "Node Type": "Aggregate",
              "Strategy": "Plain",
              "Partial Mode": "Partial",
              "Parent Relationship": "Outer",
              "Parallel Aware": false,
              "Startup Cost": 80134.76,
              "Total Cost": 80134.77,
              "Plan Rows": 1,
              "Plan Width": 8,
              "Actual Startup Time": 211.078,
              "Actual Total Time": 211.081,
              "Actual Rows": 1,
              "Actual Loops": 5,
              "Plans": [
                {
                  "Node Type": "Hash Join",
                  "Parent Relationship": "Outer",
                  "Parallel Aware": true,
                  "Join Type": "Inner",
                  "Startup Cost": 32716.43,
                  "Total Cost": 80026.76,
                  "Plan Rows": 43202,
                  "Plan Width": 0,
                  "Actual Startup Time": 85.927,
                  "Actual Total Time": 210.097,
                  "Actual Rows": 16646,
                  "Actual Loops": 5,
                  "Inner Unique": false,
                  "Hash Cond": "(t.id = mc.movie_id)",
                  "Plans": [
                    {
                      "Node Type": "Seq Scan",
                      "Parent Relationship": "Outer",
                      "Parallel Aware": true,
                      "Relation Name": "title",
                      "Alias": "t",
                      "Startup Cost": 0.0,
                      "Total Cost": 45479.1,
                      "Plan Rows": 338374,
                      "Plan Width": 4,
                      "Actual Startup Time": 0.013,
                      "Actual Total Time": 81.761,
                      "Actual Rows": 265556,
                      "Actual Loops": 5,
                      "Filter": "((production_year < 2012) AND (kind_id = 7))",
                      "Rows Removed by Filter": 240106
                    },
                    {
                      "Node Type": "Hash",
                      "Parent Relationship": "Inner",
                      "Parallel Aware": true,
                      "Startup Cost": 31414.82,
                      "Total Cost": 31414.82,
                      "Plan Rows": 104129,
                      "Plan Width": 4,
                      "Actual Startup Time": 82.839,
                      "Actual Total Time": 82.841,
                      "Actual Rows": 35541,
                      "Actual Loops": 5,
                      "Hash Buckets": 524288,
                      "Original Hash Buckets": 524288,
                      "Hash Batches": 1,
                      "Original Hash Batches": 1,
                      "Peak Memory Usage": 11136,
                      "Plans": [
                        {
                          "Node Type": "Seq Scan",
                          "Parent Relationship": "Outer",
                          "Parallel Aware": true,
                          "Relation Name": "movie_companies",
                          "Alias": "mc",
                          "Startup Cost": 0.0,
                          "Total Cost": 31414.82,
                          "Plan Rows": 104129,
                          "Plan Width": 4,
                          "Actual Startup Time": 44.315,
                          "Actual Total Time": 70.05,
                          "Actual Rows": 35541,
                          "Actual Loops": 5,
                          "Filter": "((company_id < 846) AND (company_type_id > 1))",
                          "Rows Removed by Filter": 486285
                        }
                      ]
                    }
                  ]
                }
              ]
            }
          ]
        }
      ]
    },
    "Planning Time": 0.742,
    "Triggers": [],
    "Execution Time": 238.597
  }
]