[
  {
    "Plan": {
      "Node Type": "Aggregate",
      "Strategy": "Plain",
      "Partial Mode": "Finalize",
      "Parallel Aware": false,
      "Startup Cost": 635376.56,
      "Total Cost": 635376.57,
      "Plan Rows": 1,
      "Plan Width": 8,
      "Actual Startup Time": 5925.984,
      "Actual Total Time": 6012.839,
      "Actual Rows": 1,
      "Actual Loops": 1,
      "Plans": [
        {
          "Node Type": "Gather",
          "Parent Relationship": "Outer",
          "Parallel Aware": false,
          "Startup Cost": 635376.04,
          "Total Cost": 635376.55,
          "Plan Rows": 5,
          "Plan Width": 8,
          "Actual Startup Time": 5901.646,
          "Actual Total Time": 6012.826,
          "Actual Rows": 6,
          "Actual Loops": 1,
          "Workers Planned": 5,
          "Workers Launched": 5,
          "Single Copy": false,
          "Plans": [
            {
              "Node Type": "Aggregate",
              "Strategy": "Plain",
              "Partial Mode": "Partial",
              "Parent Relationship": "Outer",
              "Parallel Aware": false,
              "Startup Cost": 634376.04,
              "Total Cost": 634376.05,
              "Plan Rows": 1,
              "Plan Width": 8,
              "Actual Startup Time": 5870.98,
              "Actual Total Time": 5871.871,
              "Actual Rows": 1,
              "Actual Loops": 6,
              "Plans": [
                {
                  "Node Type": "Hash Join",
                  "Parent Relationship": "Outer",
                  "Parallel Aware": true,
                  "Join Type": "Inner",
                  "Startup Cost": 406739.26,
                  "Total Cost": 619382.82,
                  "Plan Rows": 5997288,
                  "Plan Width": 0,
                  "Actual Startup Time": 2496.608,
                  "Actual Total Time": 5284.582,
                  "Actual Rows": 14342324,
                  "Actual Loops": 6,
                  "Inner Unique": false,
                  "Hash Cond": "(mi.movie_id = t.id)",
                  "Plans": [
                    {
                      "Node Type": "Seq Scan",
                      "Parent Relationship": "Outer",
                      "Parallel Aware": true,
                      "Relation Name": "movie_info",
                      "Alias": "mi",
                      "Startup Cost": 0.0,
                      "Total Cost": 191560.33,
                      "Plan Rows": 2956733,
                      "Plan Width": 4,
                      "Actual Startup Time": 0.028,
                      "Actual Total Time": 295.493,
                      "Actual Rows": 2472620,
                      "Actual Loops": 6
                    },
                    {
                      "Node Type": "Hash",
                      "Parent Relationship": "Inner",
                      "Parallel Aware": true,
                      "Startup Cost": 396055.38,
                      "Total Cost": 396055.38,
                      "Plan Rows": 854710,
                      "Plan Width": 8,
                      "Actual Startup Time": 2482.92,
                      "Actual Total Time": 2483.809,
                      "Actual Rows": 1001078,
                      "Actual Loops": 6,
                      "Hash Buckets": 8388608,
                      "Original Hash Buckets": 8388608,
                      "Hash Batches": 1,
                      "Original Hash Batches": 1,
                      "Peak Memory Usage": 300608,
                      "Plans": [
                        {
                          "Node Type": "Hash Join",
                          "Parent Relationship": "Outer",
                          "Parallel Aware": true,
                          "Join Type": "Inner",
                          "Startup Cost": 46908.73,
                          "Total Cost": 396055.38,
                          "Plan Rows": 854710,
                          "Plan Width": 8,
                          "Actual Startup Time": 414.174,
                          "Actual Total Time": 1984.698,
                          "Actual Rows": 1001078,
                          "Actual Loops": 6,
                          "Inner Unique": true,
                          "Hash Cond": "(ci.movie_id = t.id)",
                          "Plans": [
                            {
                              "Node Type": "Seq Scan",
                              "Parent Relationship": "Outer",
                              "Parallel Aware": true,
                              "Relation Name": "cast_info",
                              "Alias": "ci",
                              "Startup Cost": 0.0,
                              "Total Cost": 343257.03,
                              "Plan Rows": 2243662,
                              "Plan Width": 4,
                              "Actual Startup Time": 247.449,
                              "Actual Total Time": 844.255,
                              "Actual Rows": 3199918,
                              "Actual Loops": 6,
                              "Filter": "((person_id > 1545547) AND (role_id > 1))",
                              "Rows Removed by Filter": 2840806
                            },
                            {
                              "Node Type": "Hash",
                              "Parent Relationship": "Inner",
                              "Parallel Aware": true,
                              "Startup Cost": 43898.92,
                              "Total Cost": 43898.92,
                              "Plan Rows": 240785,
                              "Plan Width": 4,
                              "Actual Startup Time": 164.956,
                              "Actual Total Time": 164.957,
                              "Actual Rows": 161865,
                              "Actual Loops": 6,
                              "Hash Buckets": 1048576,
                              "Original Hash Buckets": 1048576,
                              "Hash Batches": 1,
                              "Original Hash Batches": 1,
                              "Peak Memory Usage": 46272,
                              "Plans": [
                                {
                                  "Node Type": "Seq Scan",
                                  "Parent Relationship": "Outer",
                                  "Parallel Aware": true,
                                  "Relation Name": "title",
                                  "Alias": "t",
                                  "Startup Cost": 0.0,
                                  "Total Cost": 43898.92,
                                  "Plan Rows": 240785,
                                  "Plan Width": 4,
                                  "Actual Startup Time": 0.043,
                                  "Actual Total Time": 92.223,
                                  "Actual Rows": 161865,
                                  "Actual Loops": 6,
                                  "Filter": "(production_year < 1999)",
                                  "Rows Removed by Filter": 259521
                                }
                              ]
                            }
                          ]
                        }
                      ]
                    }
                  ]
                }
              ]
            }
          ]
        }
      ]
    },
    "Planning Time": 1.276,
    "Triggers": [],
    "Execution Time": 6012.931
  }
]