{
  "Plan": {
    "Node Type": "Aggregate",
    "Strategy": "Plain",
    "Partial Mode": "Finalize",
    "Parallel Aware": false,
    "Startup Cost": 978206.2,
    "Total Cost": 978206.21,
    "Plan Rows": 1,
    "Plan Width": 8,
    "Actual Startup Time": 9955.236,
    "Actual Total Time": 10004.264,
    "Actual Rows": 1,
    "Actual Loops": 1,
    "Plans": [
      {
        "Node Type": "Gather",
        "Parent Relationship": "Outer",
        "Parallel Aware": false,
        "Startup Cost": 978206.09,
        "Total Cost": 978206.2,
        "Plan Rows": 1,
        "Plan Width": 8,
        "Actual Startup Time": 9951.308,
        "Actual Total Time": 10004.256,
        "Actual Rows": 2,
        "Actual Loops": 1,
        "Workers Planned": 1,
        "Workers Launched": 1,
        "Single Copy": false,
        "Plans": [
          {
            "Node Type": "Aggregate",
            "Strategy": "Plain",
            "Partial Mode": "Partial",
            "Parent Relationship": "Outer",
            "Parallel Aware": false,
            "Startup Cost": 977206.09,
            "Total Cost": 977206.1,
            "Plan Rows": 1,
            "Plan Width": 8,
            "Actual Startup Time": 9945.492,
            "Actual Total Time": 9945.495,
            "Actual Rows": 1,
            "Actual Loops": 2,
            "Plans": [
              {
                "Node Type": "Nested Loop",
                "Parent Relationship": "Outer",
                "Parallel Aware": false,
                "Join Type": "Inner",
                "Startup Cost": 113863.28,
                "Total Cost": 972022.68,
                "Plan Rows": 2073364,
                "Plan Width": 0,
                "Actual Startup Time": 415.373,
                "Actual Total Time": 8877.122,
                "Actual Rows": 25851316,
                "Actual Loops": 2,
                "Inner Unique": false,
                "Join Filter": "(t.id = mi.movie_id)",
                "Rows Removed by Join Filter": 0,
                "Plans": [
                  {
                    "Node Type": "Merge Join",
                    "Parent Relationship": "Outer",
                    "Parallel Aware": false,
                    "Join Type": "Inner",
                    "Startup Cost": 113862.84,
                    "Total Cost": 253478.77,
                    "Plan Rows": 354585,
                    "Plan Width": 8,
                    "Actual Startup Time": 415.306,
                    "Actual Total Time": 895.006,
                    "Actual Rows": 610575,
                    "Actual Loops": 2,
                    "Inner Unique": true,
                    "Merge Cond": "(mc.movie_id = t.id)",
                    "Plans": [
                      {
                        "Node Type": "Index Only Scan",
                        "Parent Relationship": "Outer",
                        "Parallel Aware": true,
                        "Scan Direction": "Forward",
                        "Index Name": "movie_id_movie_companies",
                        "Relation Name": "movie_companies",
                        "Alias": "mc",
                        "Startup Cost": 0.43,
                        "Total Cost": 129315.97,
                        "Plan Rows": 1534782,
                        "Plan Width": 4,
                        "Actual Startup Time": 0.086,
                        "Actual Total Time": 337.112,
                        "Actual Rows": 1304564,
                        "Actual Loops": 2,
                        "Heap Fetches": 2609129
                      },
                      {
                        "Node Type": "Sort",
                        "Parent Relationship": "Inner",
                        "Parallel Aware": false,
                        "Startup Cost": 113862.35,
                        "Total Cost": 115322.65,
                        "Plan Rows": 584119,
                        "Plan Width": 4,
                        "Actual Startup Time": 283.894,
                        "Actual Total Time": 394.912,
                        "Actual Rows": 593833,
                        "Actual Loops": 2,
                        "Sort Key": [
                          "t.id"
                        ],
                        "Sort Method": "quicksort",
                        "Sort Space Used": 52454,
                        "Sort Space Type": "Memory",
                        "Workers": [
                          {
                            "Worker Number": 0,
                            "Sort Method": "quicksort",
                            "Sort Space Used": 52454,
                            "Sort Space Type": "Memory"
                          }
                        ],
                        "Plans": [
                          {
                            "Node Type": "Bitmap Heap Scan",
                            "Parent Relationship": "Outer",
                            "Parallel Aware": false,
                            "Relation Name": "title",
                            "Alias": "t",
                            "Startup Cost": 11968.88,
                            "Total Cost": 57915.72,
                            "Plan Rows": 584119,
                            "Plan Width": 4,
                            "Actual Startup Time": 36.877,
                            "Actual Total Time": 149.042,
                            "Actual Rows": 594730,
                            "Actual Loops": 2,
                            "Recheck Cond": "(kind_id = 1)",
                            "Rows Removed by Index Recheck": 0,
                            "Filter": "(production_year < 2012)",
                            "Rows Removed by Filter": 68095,
                            "Exact Heap Blocks": 12863,
                            "Lossy Heap Blocks": 0,
                            "Plans": [
                              {
                                "Node Type": "Bitmap Index Scan",
                                "Parent Relationship": "Outer",
                                "Parallel Aware": false,
                                "Index Name": "kind_id_title",
                                "Startup Cost": 0.0,
                                "Total Cost": 11822.85,
                                "Plan Rows": 663256,
                                "Plan Width": 0,
                                "Actual Startup Time": 35.295,
                                "Actual Total Time": 35.296,
                                "Actual Rows": 662825,
                                "Actual Loops": 2,
                                "Index Cond": "(kind_id = 1)"
                              }
                            ]
                          }
                        ]
                      }
                    ]
                  },
                  {
                    "Node Type": "Index Only Scan",
                    "Parent Relationship": "Inner",
                    "Parallel Aware": false,
                    "Scan Direction": "Forward",
                    "Index Name": "movie_id_movie_info",
                    "Relation Name": "movie_info",
                    "Alias": "mi",
                    "Startup Cost": 0.43,
                    "Total Cost": 1.5,
                    "Plan Rows": 42,
                    "Plan Width": 4,
                    "Actual Startup Time": 0.002,
                    "Actual Total Time": 0.01,
                    "Actual Rows": 42,
                    "Actual Loops": 1221150,
                    "Index Cond": "(movie_id = mc.movie_id)",
                    "Rows Removed by Index Recheck": 0,
                    "Heap Fetches": 51702631
                  }
                ]
              }
            ]
          }
        ]
      }
    ]
  },
  "Planning Time": 0.509,
  "Triggers": [],
  "Execution Time": 10004.351
}