[
  {
    "Plan": {
      "Node Type": "Aggregate",
      "Strategy": "Plain",
      "Partial Mode": "Finalize",
      "Parallel Aware": false,
      "Startup Cost": 214863.9,
      "Total Cost": 214863.91,
      "Plan Rows": 1,
      "Plan Width": 8,
      "Actual Startup Time": 130.042,
      "Actual Total Time": 151.462,
      "Actual Rows": 1,
      "Actual Loops": 1,
      "Plans": [
        {
          "Node Type": "Gather",
          "Parent Relationship": "Outer",
          "Parallel Aware": false,
          "Startup Cost": 214863.48,
          "Total Cost": 214863.89,
          "Plan Rows": 4,
          "Plan Width": 8,
          "Actual Startup Time": 129.774,
          "Actual Total Time": 151.454,
          "Actual Rows": 5,
          "Actual Loops": 1,
          "Workers Planned": 4,
          "Workers Launched": 4,
          "Single Copy": false,
          "Plans": [
            {
              "Node Type": "Aggregate",
              "Strategy": "Plain",
              "Partial Mode": "Partial",
              "Parent Relationship": "Outer",
              "Parallel Aware": false,
              "Startup Cost": 213863.48,
              "Total Cost": 213863.49,
              "Plan Rows": 1,
              "Plan Width": 8,
              "Actual Startup Time": 122.829,
              "Actual Total Time": 122.83,
              "Actual Rows": 1,
              "Actual Loops": 5,
              "Plans": [
                {
                  "Node Type": "Nested Loop",
                  "Parent Relationship": "Outer",
                  "Parallel Aware": false,
                  "Join Type": "Inner",
                  "Startup Cost": 0.43,
                  "Total Cost": 213860.96,
                  "Plan Rows": 1008,
                  "Plan Width": 0,
                  "Actual Startup Time": 2.047,
                  "Actual Total Time": 122.612,
                  "Actual Rows": 1670,
                  "Actual Loops": 5,
                  "Inner Unique": false,
                  "Plans": [
                    {
                      "Node Type": "Seq Scan",
                      "Parent Relationship": "Outer",
                      "Parallel Aware": true,
                      "Relation Name": "title",
                      "Alias": "t",
                      "Startup Cost": 0.0,
                      "Total Cost": 45479.59,
                      "Plan Rows": 1940,
                      "Plan Width": 4,
                      "Actual Startup Time": 1.757,
                      "Actual Total Time": 73.32,
                      "Actual Rows": 1570,
                      "Actual Loops": 5,
                      "Filter": "((kind_id < 7) AND (production_year = 1986))",
                      "Rows Removed by Filter": 504092
                    },
                    {
                      "Node Type": "Index Scan",
                      "Parent Relationship": "Inner",
                      "Parallel Aware": false,
                      "Scan Direction": "Forward",
                      "Index Name": "movie_id_movie_info",
                      "Relation Name": "movie_info",
                      "Alias": "mi",
                      "Startup Cost": 0.43,
                      "Total Cost": 86.75,
                      "Plan Rows": 4,
                      "Plan Width": 4,
                      "Actual Startup Time": 0.027,
                      "Actual Total Time": 0.031,
                      "Actual Rows": 1,
                      "Actual Loops": 7852,
                      "Index Cond": "(movie_id = t.id)",
                      "Rows Removed by Index Recheck": 0,
                      "Filter": "(info_type_id = 8)",
                      "Rows Removed by Filter": 10
                    }
                  ]
                }
              ]
            }
          ]
        }
      ]
    },
    "Planning Time": 0.359,
    "Triggers": [],
    "Execution Time": 151.509
  }
]