[
  {
    "Plan": {
      "Node Type": "Aggregate",
      "Strategy": "Plain",
      "Partial Mode": "Finalize",
      "Parallel Aware": false,
      "Startup Cost": 77876.35,
      "Total Cost": 77876.36,
      "Plan Rows": 1,
      "Plan Width": 8,
      "Actual Startup Time": 226.236,
      "Actual Total Time": 258.676,
      "Actual Rows": 1,
      "Actual Loops": 1,
      "Plans": [
        {
          "Node Type": "Gather",
          "Parent Relationship": "Outer",
          "Parallel Aware": false,
          "Startup Cost": 77876.04,
          "Total Cost": 77876.35,
          "Plan Rows": 3,
          "Plan Width": 8,
          "Actual Startup Time": 225.399,
          "Actual Total Time": 258.666,
          "Actual Rows": 4,
          "Actual Loops": 1,
          "Workers Planned": 3,
          "Workers Launched": 3,
          "Single Copy": false,
          "Plans": [
            {
              "Node Type": "Aggregate",
              "Strategy": "Plain",
              "Partial Mode": "Partial",
              "Parent Relationship": "Outer",
              "Parallel Aware": false,
              "Startup Cost": 76876.04,
              "Total Cost": 76876.05,
              "Plan Rows": 1,
              "Plan Width": 8,
              "Actual Startup Time": 215.839,
              "Actual Total Time": 215.843,
              "Actual Rows": 1,
              "Actual Loops": 4,
              "Plans": [
                {
                  "Node Type": "Nested Loop",
                  "Parent Relationship": "Outer",
                  "Parallel Aware": false,
                  "Join Type": "Inner",
                  "Startup Cost": 45779.1,
                  "Total Cost": 76862.74,
                  "Plan Rows": 5318,
                  "Plan Width": 0,
                  "Actual Startup Time": 130.894,
                  "Actual Total Time": 214.309,
                  "Actual Rows": 12831,
                  "Actual Loops": 4,
                  "Inner Unique": false,
                  "Join Filter": "(t.id = ci.movie_id)",
                  "Rows Removed by Join Filter": 0,
                  "Plans": [
                    {
                      "Node Type": "Hash Join",
                      "Parent Relationship": "Outer",
                      "Parallel Aware": true,
                      "Join Type": "Inner",
                      "Startup Cost": 45778.54,
                      "Total Cost": 70639.07,
                      "Plan Rows": 371,
                      "Plan Width": 8,
                      "Actual Startup Time": 130.762,
                      "Actual Total Time": 157.971,
                      "Actual Rows": 351,
                      "Actual Loops": 4,
                      "Inner Unique": true,
                      "Hash Cond": "(mk.movie_id = t.id)",
                      "Plans": [
                        {
                          "Node Type": "Bitmap Heap Scan",
                          "Parent Relationship": "Outer",
                          "Parallel Aware": true,
                          "Relation Name": "movie_keyword",
                          "Alias": "mk",
                          "Startup Cost": 1770.18,
                          "Total Cost": 26560.15,
                          "Plan Rows": 26878,
                          "Plan Width": 4,
                          "Actual Startup Time": 15.69,
                          "Actual Total Time": 37.909,
                          "Actual Rows": 21240,
                          "Actual Loops": 4,
                          "Recheck Cond": "(keyword_id < 73)",
                          "Rows Removed by Index Recheck": 0,
                          "Exact Heap Blocks": 13116,
                          "Lossy Heap Blocks": 0,
                          "Plans": [
                            {
                              "Node Type": "Bitmap Index Scan",
                              "Parent Relationship": "Outer",
                              "Parallel Aware": false,
                              "Index Name": "keyword_id_movie_keyword",
                              "Startup Cost": 0.0,
                              "Total Cost": 1749.35,
                              "Plan Rows": 83322,
                              "Plan Width": 0,
                              "Actual Startup Time": 10.841,
                              "Actual Total Time": 10.842,
                              "Actual Rows": 84961,
                              "Actual Loops": 1,
                              "Index Cond": "(keyword_id < 73)"
                            }
                          ]
                        },
                        {
                          "Node Type": "Hash",
                          "Parent Relationship": "Inner",
                          "Parallel Aware": true,
                          "Startup Cost": 43899.32,
                          "Total Cost": 43899.32,
                          "Plan Rows": 8723,
                          "Plan Width": 4,
                          "Actual Startup Time": 113.39,
                          "Actual Total Time": 113.391,
                          "Actual Rows": 9127,
                          "Actual Loops": 4,
                          "Hash Buckets": 65536,
                          "Original Hash Buckets": 65536,
                          "Hash Batches": 1,
                          "Original Hash Batches": 1,
                          "Peak Memory Usage": 1984,
                          "Plans": [
                            {
                              "Node Type": "Seq Scan",
                              "Parent Relationship": "Outer",
                              "Parallel Aware": true,
                              "Relation Name": "title",
                              "Alias": "t",
                              "Startup Cost": 0.0,
                              "Total Cost": 43899.32,
                              "Plan Rows": 8723,
                              "Plan Width": 4,
                              "Actual Startup Time": 0.093,
                              "Actual Total Time": 107.92,
                              "Actual Rows": 9127,
                              "Actual Loops": 4,
                              "Filter": "(production_year = 1996)",
                              "Rows Removed by Filter": 622951
                            }
                          ]
                        }
                      ]
                    },
                    {
                      "Node Type": "Index Only Scan",
                      "Parent Relationship": "Inner",
                      "Parallel Aware": false,
                      "Scan Direction": "Forward",
                      "Index Name": "movie_id_cast_info",
                      "Relation Name": "cast_info",
                      "Alias": "ci",
                      "Startup Cost": 0.56,
                      "Total Cost": 16.34,
                      "Plan Rows": 35,
                      "Plan Width": 4,
                      "Actual Startup Time": 0.018,
                      "Actual Total Time": 0.153,
                      "Actual Rows": 37,
                      "Actual Loops": 1404,
                      "Index Cond": "(movie_id = mk.movie_id)",
                      "Rows Removed by Index Recheck": 0,
                      "Heap Fetches": 51325
                    }
                  ]
                }
              ]
            }
          ]
        }
      ]
    },
    "Planning Time": 1.328,
    "Triggers": [],
    "Execution Time": 258.787
  }
]