[
  {
    "Plan": {
      "Node Type": "Aggregate",
      "Strategy": "Plain",
      "Partial Mode": "Finalize",
      "Parallel Aware": false,
      "Startup Cost": 47378.69,
      "Total Cost": 47378.7,
      "Plan Rows": 1,
      "Plan Width": 8,
      "Actual Startup Time": 109.187,
      "Actual Total Time": 123.414,
      "Actual Rows": 1,
      "Actual Loops": 1,
      "Plans": [
        {
          "Node Type": "Gather",
          "Parent Relationship": "Outer",
          "Parallel Aware": false,
          "Startup Cost": 47378.27,
          "Total Cost": 47378.68,
          "Plan Rows": 4,
          "Plan Width": 8,
          "Actual Startup Time": 109.014,
          "Actual Total Time": 123.402,
          "Actual Rows": 5,
          "Actual Loops": 1,
          "Workers Planned": 4,
          "Workers Launched": 4,
          "Single Copy": false,
          "Plans": [
            {
              "Node Type": "Aggregate",
              "Strategy": "Plain",
              "Partial Mode": "Partial",
              "Parent Relationship": "Outer",
              "Parallel Aware": false,
              "Startup Cost": 46378.27,
              "Total Cost": 46378.28,
              "Plan Rows": 1,
              "Plan Width": 8,
              "Actual Startup Time": 105.184,
              "Actual Total Time": 105.186,
              "Actual Rows": 1,
              "Actual Loops": 5,
              "Plans": [
                {
                  "Node Type": "Seq Scan",
                  "Parent Relationship": "Outer",
                  "Parallel Aware": true,
                  "Relation Name": "title",
                  "Alias": "t",
                  "Startup Cost": 0.0,
                  "Total Cost": 45479.59,
                  "Plan Rows": 359474,
                  "Plan Width": 0,
                  "Actual Startup Time": 0.023,
                  "Actual Total Time": 91.349,
                  "Actual Rows": 295687,
                  "Actual Loops": 5,
                  "Filter": "((production_year > 1925) AND (kind_id = 7))",
                  "Rows Removed by Filter": 209975
                }
              ]
            }
          ]
        }
      ]
    },
    "Planning Time": 0.137,
    "Triggers": [],
    "Execution Time": 123.458
  }
]