[
  {
    "Plan": {
      "Node Type": "Aggregate",
      "Strategy": "Plain",
      "Partial Mode": "Finalize",
      "Parallel Aware": false,
      "Startup Cost": 47373.79,
      "Total Cost": 47373.8,
      "Plan Rows": 1,
      "Plan Width": 8,
      "Actual Startup Time": 109.943,
      "Actual Total Time": 120.324,
      "Actual Rows": 1,
      "Actual Loops": 1,
      "Plans": [
        {
          "Node Type": "Gather",
          "Parent Relationship": "Outer",
          "Parallel Aware": false,
          "Startup Cost": 47373.37,
          "Total Cost": 47373.78,
          "Plan Rows": 4,
          "Plan Width": 8,
          "Actual Startup Time": 109.815,
          "Actual Total Time": 120.317,
          "Actual Rows": 5,
          "Actual Loops": 1,
          "Workers Planned": 4,
          "Workers Launched": 4,
          "Single Copy": false,
          "Plans": [
            {
              "Node Type": "Aggregate",
              "Strategy": "Plain",
              "Partial Mode": "Partial",
              "Parent Relationship": "Outer",
              "Parallel Aware": false,
              "Startup Cost": 46373.37,
              "Total Cost": 46373.38,
              "Plan Rows": 1,
              "Plan Width": 8,
              "Actual Startup Time": 102.45,
              "Actual Total Time": 102.451,
              "Actual Rows": 1,
              "Actual Loops": 5,
              "Plans": [
                {
                  "Node Type": "Seq Scan",
                  "Parent Relationship": "Outer",
                  "Parallel Aware": true,
                  "Relation Name": "title",
                  "Alias": "t",
                  "Startup Cost": 0.0,
                  "Total Cost": 45479.1,
                  "Plan Rows": 357709,
                  "Plan Width": 0,
                  "Actual Startup Time": 0.032,
                  "Actual Total Time": 87.1,
                  "Actual Rows": 295687,
                  "Actual Loops": 5,
                  "Filter": "((production_year > 1925) AND (kind_id = 7))",
                  "Rows Removed by Filter": 209975
                }
              ]
            }
          ]
        }
      ]
    },
    "Planning Time": 0.194,
    "Triggers": [],
    "Execution Time": 120.385
  }
]