[
    {
        "Bao": {
            "Bao prediction": "NaN",
            "Bao recommended hint": "(no hint)"
        }
    },
    {
        "Plan": {
            "Node Type": "Aggregate",
            "Strategy": "Plain",
            "Partial Mode": "Finalize",
            "Parallel Aware": false,
            "Startup Cost": 32829.6,
            "Total Cost": 32829.61,
            "Plan Rows": 1,
            "Plan Width": 8,
            "Actual Startup Time": 98.241,
            "Actual Total Time": 103.829,
            "Actual Rows": 1,
            "Actual Loops": 1,
            "Output": [
                "count(*)"
            ],
            "Plans": [
                {
                    "Node Type": "Gather",
                    "Parent Relationship": "Outer",
                    "Parallel Aware": false,
                    "Startup Cost": 32829.29,
                    "Total Cost": 32829.6,
                    "Plan Rows": 3,
                    "Plan Width": 8,
                    "Actual Startup Time": 98.155,
                    "Actual Total Time": 103.821,
                    "Actual Rows": 4,
                    "Actual Loops": 1,
                    "Output": [
                        "(PARTIAL count(*))"
                    ],
                    "Workers Planned": 3,
                    "Workers Launched": 3,
                    "Single Copy": false,
                    "Plans": [
                        {
                            "Node Type": "Aggregate",
                            "Strategy": "Plain",
                            "Partial Mode": "Partial",
                            "Parent Relationship": "Outer",
                            "Parallel Aware": false,
                            "Startup Cost": 31829.29,
                            "Total Cost": 31829.3,
                            "Plan Rows": 1,
                            "Plan Width": 8,
                            "Actual Startup Time": 90.076,
                            "Actual Total Time": 90.077,
                            "Actual Rows": 1,
                            "Actual Loops": 4,
                            "Output": [
                                "PARTIAL count(*)"
                            ],
                            "Workers": [
                                {
                                    "Worker Number": 0,
                                    "Actual Startup Time": 87.363,
                                    "Actual Total Time": 87.364,
                                    "Actual Rows": 1,
                                    "Actual Loops": 1
                                },
                                {
                                    "Worker Number": 1,
                                    "Actual Startup Time": 87.497,
                                    "Actual Total Time": 87.498,
                                    "Actual Rows": 1,
                                    "Actual Loops": 1
                                },
                                {
                                    "Worker Number": 2,
                                    "Actual Startup Time": 87.622,
                                    "Actual Total Time": 87.623,
                                    "Actual Rows": 1,
                                    "Actual Loops": 1
                                }
                            ],
                            "Plans": [
                                {
                                    "Node Type": "Seq Scan",
                                    "Parent Relationship": "Outer",
                                    "Parallel Aware": true,
                                    "Relation Name": "movie_companies",
                                    "Schema": "public",
                                    "Alias": "mc",
                                    "Startup Cost": 0.0,
                                    "Total Cost": 31414.82,
                                    "Plan Rows": 165787,
                                    "Plan Width": 0,
                                    "Actual Startup Time": 48.137,
                                    "Actual Total Time": 85.562,
                                    "Actual Rows": 76553,
                                    "Actual Loops": 4,
                                    "Output": [
                                        "id",
                                        "movie_id",
                                        "company_id",
                                        "company_type_id",
                                        "note"
                                    ],
                                    "Filter": "((mc.company_id < 5030) AND (mc.company_type_id > 1))",
                                    "Rows Removed by Filter": 575729,
                                    "Workers": [
                                        {
                                            "Worker Number": 0,
                                            "Actual Startup Time": 45.42,
                                            "Actual Total Time": 82.927,
                                            "Actual Rows": 63839,
                                            "Actual Loops": 1
                                        },
                                        {
                                            "Worker Number": 1,
                                            "Actual Startup Time": 45.569,
                                            "Actual Total Time": 83.166,
                                            "Actual Rows": 102298,
                                            "Actual Loops": 1
                                        },
                                        {
                                            "Worker Number": 2,
                                            "Actual Startup Time": 45.686,
                                            "Actual Total Time": 83.3,
                                            "Actual Rows": 62455,
                                            "Actual Loops": 1
                                        }
                                    ]
                                }
                            ]
                        }
                    ]
                }
            ]
        },
        "Planning Time": 306.467,
        "Triggers": [],
        "Execution Time": 103.882
    }
]