{
  "Plan": {
    "Node Type": "Aggregate",
    "Strategy": "Plain",
    "Partial Mode": "Finalize",
    "Parallel Aware": false,
    "Startup Cost": 239698.63,
    "Total Cost": 239698.64,
    "Plan Rows": 1,
    "Plan Width": 8,
    "Actual Startup Time": 659.951,
    "Actual Total Time": 701.101,
    "Actual Rows": 1,
    "Actual Loops": 1,
    "Plans": [
      {
        "Node Type": "Gather",
        "Parent Relationship": "Outer",
        "Parallel Aware": false,
        "Startup Cost": 239698.52,
        "Total Cost": 239698.63,
        "Plan Rows": 1,
        "Plan Width": 8,
        "Actual Startup Time": 659.551,
        "Actual Total Time": 701.094,
        "Actual Rows": 2,
        "Actual Loops": 1,
        "Workers Planned": 1,
        "Workers Launched": 1,
        "Single Copy": false,
        "Plans": [
          {
            "Node Type": "Aggregate",
            "Strategy": "Plain",
            "Partial Mode": "Partial",
            "Parent Relationship": "Outer",
            "Parallel Aware": false,
            "Startup Cost": 238698.52,
            "Total Cost": 238698.53,
            "Plan Rows": 1,
            "Plan Width": 8,
            "Actual Startup Time": 653.438,
            "Actual Total Time": 653.442,
            "Actual Rows": 1,
            "Actual Loops": 2,
            "Plans": [
              {
                "Node Type": "Nested Loop",
                "Parent Relationship": "Outer",
                "Parallel Aware": false,
                "Join Type": "Inner",
                "Startup Cost": 27618.21,
                "Total Cost": 237568.65,
                "Plan Rows": 451948,
                "Plan Width": 0,
                "Actual Startup Time": 80.013,
                "Actual Total Time": 638.6,
                "Actual Rows": 318108,
                "Actual Loops": 2,
                "Inner Unique": false,
                "Plans": [
                  {
                    "Node Type": "Hash Join",
                    "Parent Relationship": "Outer",
                    "Parallel Aware": true,
                    "Join Type": "Inner",
                    "Startup Cost": 27617.78,
                    "Total Cost": 88237.94,
                    "Plan Rows": 77292,
                    "Plan Width": 8,
                    "Actual Startup Time": 79.952,
                    "Actual Total Time": 330.924,
                    "Actual Rows": 29983,
                    "Actual Loops": 2,
                    "Inner Unique": false,
                    "Hash Cond": "(t.id = mc.movie_id)",
                    "Plans": [
                      {
                        "Node Type": "Seq Scan",
                        "Parent Relationship": "Outer",
                        "Parallel Aware": true,
                        "Relation Name": "title",
                        "Alias": "t",
                        "Startup Cost": 0.0,
                        "Total Cost": 50870.31,
                        "Plan Rows": 1487231,
                        "Plan Width": 4,
                        "Actual Startup Time": 0.009,
                        "Actual Total Time": 107.287,
                        "Actual Rows": 1264156,
                        "Actual Loops": 2
                      },
                      {
                        "Node Type": "Hash",
                        "Parent Relationship": "Inner",
                        "Parallel Aware": true,
                        "Startup Cost": 26651.63,
                        "Total Cost": 26651.63,
                        "Plan Rows": 77292,
                        "Plan Width": 4,
                        "Actual Startup Time": 76.587,
                        "Actual Total Time": 76.589,
                        "Actual Rows": 29983,
                        "Actual Loops": 2,
                        "Hash Buckets": 262144,
                        "Original Hash Buckets": 262144,
                        "Hash Batches": 1,
                        "Original Hash Batches": 1,
                        "Peak Memory Usage": 4416,
                        "Plans": [
                          {
                            "Node Type": "Bitmap Heap Scan",
                            "Parent Relationship": "Outer",
                            "Parallel Aware": true,
                            "Relation Name": "movie_companies",
                            "Alias": "mc",
                            "Startup Cost": 5578.2,
                            "Total Cost": 26651.63,
                            "Plan Rows": 77292,
                            "Plan Width": 4,
                            "Actual Startup Time": 56.541,
                            "Actual Total Time": 69.957,
                            "Actual Rows": 29983,
                            "Actual Loops": 2,
                            "Recheck Cond": "(company_id < 127)",
                            "Rows Removed by Index Recheck": 0,
                            "Filter": "(company_type_id = 2)",
                            "Rows Removed by Filter": 98540,
                            "Exact Heap Blocks": 14388,
                            "Lossy Heap Blocks": 0,
                            "Plans": [
                              {
                                "Node Type": "Bitmap Index Scan",
                                "Parent Relationship": "Outer",
                                "Parallel Aware": false,
                                "Index Name": "company_id_movie_companies",
                                "Startup Cost": 0.0,
                                "Total Cost": 5545.35,
                                "Plan Rows": 258789,
                                "Plan Width": 0,
                                "Actual Startup Time": 24.659,
                                "Actual Total Time": 24.659,
                                "Actual Rows": 257045,
                                "Actual Loops": 1,
                                "Index Cond": "(company_id < 127)"
                              }
                            ]
                          }
                        ]
                      }
                    ]
                  },
                  {
                    "Node Type": "Index Only Scan",
                    "Parent Relationship": "Inner",
                    "Parallel Aware": false,
                    "Scan Direction": "Forward",
                    "Index Name": "movie_id_movie_info",
                    "Relation Name": "movie_info",
                    "Alias": "mi",
                    "Startup Cost": 0.43,
                    "Total Cost": 1.51,
                    "Plan Rows": 42,
                    "Plan Width": 4,
                    "Actual Startup Time": 0.004,
                    "Actual Total Time": 0.009,
                    "Actual Rows": 11,
                    "Actual Loops": 59966,
                    "Index Cond": "(movie_id = t.id)",
                    "Rows Removed by Index Recheck": 0,
                    "Heap Fetches": 636215
                  }
                ]
              }
            ]
          }
        ]
      }
    ]
  },
  "Planning Time": 0.716,
  "Triggers": [],
  "Execution Time": 701.218
}