{
  "Plan": {
    "Node Type": "Aggregate",
    "Strategy": "Plain",
    "Partial Mode": "Finalize",
    "Parallel Aware": false,
    "Startup Cost": 101689.42,
    "Total Cost": 101689.43,
    "Plan Rows": 1,
    "Plan Width": 8,
    "Actual Startup Time": 385.199,
    "Actual Total Time": 403.167,
    "Actual Rows": 1,
    "Actual Loops": 1,
    "Plans": [
      {
        "Node Type": "Gather",
        "Parent Relationship": "Outer",
        "Parallel Aware": false,
        "Startup Cost": 101689.31,
        "Total Cost": 101689.42,
        "Plan Rows": 1,
        "Plan Width": 8,
        "Actual Startup Time": 384.398,
        "Actual Total Time": 403.159,
        "Actual Rows": 2,
        "Actual Loops": 1,
        "Workers Planned": 1,
        "Workers Launched": 1,
        "Single Copy": false,
        "Plans": [
          {
            "Node Type": "Aggregate",
            "Strategy": "Plain",
            "Partial Mode": "Partial",
            "Parent Relationship": "Outer",
            "Parallel Aware": false,
            "Startup Cost": 100689.31,
            "Total Cost": 100689.32,
            "Plan Rows": 1,
            "Plan Width": 8,
            "Actual Startup Time": 378.445,
            "Actual Total Time": 378.449,
            "Actual Rows": 1,
            "Actual Loops": 2,
            "Plans": [
              {
                "Node Type": "Hash Join",
                "Parent Relationship": "Outer",
                "Parallel Aware": true,
                "Join Type": "Inner",
                "Startup Cost": 37099.62,
                "Total Cost": 100490.23,
                "Plan Rows": 79631,
                "Plan Width": 0,
                "Actual Startup Time": 125.883,
                "Actual Total Time": 376.677,
                "Actual Rows": 29132,
                "Actual Loops": 2,
                "Inner Unique": false,
                "Hash Cond": "(t.id = mc.movie_id)",
                "Plans": [
                  {
                    "Node Type": "Seq Scan",
                    "Parent Relationship": "Outer",
                    "Parallel Aware": true,
                    "Relation Name": "title",
                    "Alias": "t",
                    "Startup Cost": 0.0,
                    "Total Cost": 58306.47,
                    "Plan Rows": 738516,
                    "Plan Width": 4,
                    "Actual Startup Time": 0.014,
                    "Actual Total Time": 167.428,
                    "Actual Rows": 610767,
                    "Actual Loops": 2,
                    "Filter": "((production_year < 2011) AND (kind_id = 7))",
                    "Rows Removed by Filter": 653389
                  },
                  {
                    "Node Type": "Hash",
                    "Parent Relationship": "Inner",
                    "Parallel Aware": true,
                    "Startup Cost": 35095.09,
                    "Total Cost": 35095.09,
                    "Plan Rows": 160362,
                    "Plan Width": 4,
                    "Actual Startup Time": 120.287,
                    "Actual Total Time": 120.288,
                    "Actual Rows": 70384,
                    "Actual Loops": 2,
                    "Hash Buckets": 524288,
                    "Original Hash Buckets": 524288,
                    "Hash Batches": 1,
                    "Original Hash Batches": 1,
                    "Peak Memory Usage": 9632,
                    "Plans": [
                      {
                        "Node Type": "Bitmap Heap Scan",
                        "Parent Relationship": "Outer",
                        "Parallel Aware": true,
                        "Relation Name": "movie_companies",
                        "Alias": "mc",
                        "Startup Cost": 11567.52,
                        "Total Cost": 35095.09,
                        "Plan Rows": 160362,
                        "Plan Width": 4,
                        "Actual Startup Time": 79.498,
                        "Actual Total Time": 102.932,
                        "Actual Rows": 70384,
                        "Actual Loops": 2,
                        "Recheck Cond": "(company_id < 517)",
                        "Rows Removed by Index Recheck": 0,
                        "Filter": "(company_type_id > 1)",
                        "Rows Removed by Filter": 195362,
                        "Exact Heap Blocks": 14311,
                        "Lossy Heap Blocks": 0,
                        "Plans": [
                          {
                            "Node Type": "Bitmap Index Scan",
                            "Parent Relationship": "Outer",
                            "Parallel Aware": false,
                            "Index Name": "company_id_movie_companies",
                            "Startup Cost": 0.0,
                            "Total Cost": 11499.37,
                            "Plan Rows": 536925,
                            "Plan Width": 0,
                            "Actual Startup Time": 34.22,
                            "Actual Total Time": 34.221,
                            "Actual Rows": 531492,
                            "Actual Loops": 1,
                            "Index Cond": "(company_id < 517)"
                          }
                        ]
                      }
                    ]
                  }
                ]
              }
            ]
          }
        ]
      }
    ]
  },
  "Planning Time": 0.724,
  "Triggers": [],
  "Execution Time": 403.262
}