[
    {
        "Bao": {
            "Bao prediction": "NaN",
            "Bao recommended hint": "(no hint)"
        }
    },
    {
        "Plan": {
            "Node Type": "Aggregate",
            "Strategy": "Plain",
            "Partial Mode": "Finalize",
            "Parallel Aware": false,
            "Startup Cost": 30243.46,
            "Total Cost": 30243.47,
            "Plan Rows": 1,
            "Plan Width": 8,
            "Actual Startup Time": 70.012,
            "Actual Total Time": 74.454,
            "Actual Rows": 1,
            "Actual Loops": 1,
            "Output": [
                "count(*)"
            ],
            "Plans": [
                {
                    "Node Type": "Gather",
                    "Parent Relationship": "Outer",
                    "Parallel Aware": false,
                    "Startup Cost": 30243.14,
                    "Total Cost": 30243.45,
                    "Plan Rows": 3,
                    "Plan Width": 8,
                    "Actual Startup Time": 69.669,
                    "Actual Total Time": 74.445,
                    "Actual Rows": 4,
                    "Actual Loops": 1,
                    "Output": [
                        "(PARTIAL count(*))"
                    ],
                    "Workers Planned": 3,
                    "Workers Launched": 3,
                    "Single Copy": false,
                    "Plans": [
                        {
                            "Node Type": "Aggregate",
                            "Strategy": "Plain",
                            "Partial Mode": "Partial",
                            "Parent Relationship": "Outer",
                            "Parallel Aware": false,
                            "Startup Cost": 29243.14,
                            "Total Cost": 29243.15,
                            "Plan Rows": 1,
                            "Plan Width": 8,
                            "Actual Startup Time": 61.1,
                            "Actual Total Time": 61.101,
                            "Actual Rows": 1,
                            "Actual Loops": 4,
                            "Output": [
                                "PARTIAL count(*)"
                            ],
                            "Workers": [
                                {
                                    "Worker Number": 0,
                                    "Actual Startup Time": 57.946,
                                    "Actual Total Time": 57.948,
                                    "Actual Rows": 1,
                                    "Actual Loops": 1
                                },
                                {
                                    "Worker Number": 1,
                                    "Actual Startup Time": 58.397,
                                    "Actual Total Time": 58.398,
                                    "Actual Rows": 1,
                                    "Actual Loops": 1
                                },
                                {
                                    "Worker Number": 2,
                                    "Actual Startup Time": 58.686,
                                    "Actual Total Time": 58.687,
                                    "Actual Rows": 1,
                                    "Actual Loops": 1
                                }
                            ],
                            "Plans": [
                                {
                                    "Node Type": "Bitmap Heap Scan",
                                    "Parent Relationship": "Outer",
                                    "Parallel Aware": true,
                                    "Relation Name": "movie_keyword",
                                    "Schema": "public",
                                    "Alias": "mk",
                                    "Startup Cost": 3900.21,
                                    "Total Cost": 29094.99,
                                    "Plan Rows": 59262,
                                    "Plan Width": 0,
                                    "Actual Startup Time": 10.886,
                                    "Actual Total Time": 57.747,
                                    "Actual Rows": 46751,
                                    "Actual Loops": 4,
                                    "Recheck Cond": "(mk.keyword_id > 71440)",
                                    "Rows Removed by Index Recheck": 0,
                                    "Exact Heap Blocks": 11562,
                                    "Lossy Heap Blocks": 0,
                                    "Workers": [
                                        {
                                            "Worker Number": 0,
                                            "Actual Startup Time": 7.779,
                                            "Actual Total Time": 55.185,
                                            "Actual Rows": 24123,
                                            "Actual Loops": 1
                                        },
                                        {
                                            "Worker Number": 1,
                                            "Actual Startup Time": 8.367,
                                            "Actual Total Time": 55.548,
                                            "Actual Rows": 27601,
                                            "Actual Loops": 1
                                        },
                                        {
                                            "Worker Number": 2,
                                            "Actual Startup Time": 8.486,
                                            "Actual Total Time": 55.886,
                                            "Actual Rows": 27153,
                                            "Actual Loops": 1
                                        }
                                    ],
                                    "Plans": [
                                        {
                                            "Node Type": "Bitmap Index Scan",
                                            "Parent Relationship": "Outer",
                                            "Parallel Aware": false,
                                            "Index Name": "keyword_id_movie_keyword",
                                            "Startup Cost": 0.0,
                                            "Total Cost": 3854.28,
                                            "Plan Rows": 183713,
                                            "Plan Width": 0,
                                            "Actual Startup Time": 15.245,
                                            "Actual Total Time": 15.245,
                                            "Actual Rows": 187003,
                                            "Actual Loops": 1,
                                            "Index Cond": "(mk.keyword_id > 71440)"
                                        }
                                    ]
                                }
                            ]
                        }
                    ]
                }
            ]
        },
        "Planning Time": 215.796,
        "Triggers": [],
        "Execution Time": 74.517
    }
]