[
    {
        "Bao": {
            "Bao prediction": "NaN",
            "Bao recommended hint": "(no hint)"
        }
    },
    {
        "Plan": {
            "Node Type": "Aggregate",
            "Strategy": "Plain",
            "Partial Mode": "Finalize",
            "Parallel Aware": false,
            "Startup Cost": 40958.29,
            "Total Cost": 40958.3,
            "Plan Rows": 1,
            "Plan Width": 8,
            "Actual Startup Time": 131.886,
            "Actual Total Time": 138.999,
            "Actual Rows": 1,
            "Actual Loops": 1,
            "Output": [
                "count(*)"
            ],
            "Plans": [
                {
                    "Node Type": "Gather",
                    "Parent Relationship": "Outer",
                    "Parallel Aware": false,
                    "Startup Cost": 40957.97,
                    "Total Cost": 40958.28,
                    "Plan Rows": 3,
                    "Plan Width": 8,
                    "Actual Startup Time": 131.532,
                    "Actual Total Time": 138.991,
                    "Actual Rows": 4,
                    "Actual Loops": 1,
                    "Output": [
                        "(PARTIAL count(*))"
                    ],
                    "Workers Planned": 3,
                    "Workers Launched": 3,
                    "Single Copy": false,
                    "Plans": [
                        {
                            "Node Type": "Aggregate",
                            "Strategy": "Plain",
                            "Partial Mode": "Partial",
                            "Parent Relationship": "Outer",
                            "Parallel Aware": false,
                            "Startup Cost": 39957.97,
                            "Total Cost": 39957.98,
                            "Plan Rows": 1,
                            "Plan Width": 8,
                            "Actual Startup Time": 122.837,
                            "Actual Total Time": 122.839,
                            "Actual Rows": 1,
                            "Actual Loops": 4,
                            "Output": [
                                "PARTIAL count(*)"
                            ],
                            "Workers": [
                                {
                                    "Worker Number": 0,
                                    "Actual Startup Time": 119.763,
                                    "Actual Total Time": 119.764,
                                    "Actual Rows": 1,
                                    "Actual Loops": 1
                                },
                                {
                                    "Worker Number": 1,
                                    "Actual Startup Time": 120.233,
                                    "Actual Total Time": 120.234,
                                    "Actual Rows": 1,
                                    "Actual Loops": 1
                                },
                                {
                                    "Worker Number": 2,
                                    "Actual Startup Time": 120.428,
                                    "Actual Total Time": 120.43,
                                    "Actual Rows": 1,
                                    "Actual Loops": 1
                                }
                            ],
                            "Plans": [
                                {
                                    "Node Type": "Bitmap Heap Scan",
                                    "Parent Relationship": "Outer",
                                    "Parallel Aware": true,
                                    "Relation Name": "movie_keyword",
                                    "Schema": "public",
                                    "Alias": "mk",
                                    "Startup Cost": 12624.46,
                                    "Total Cost": 39478.05,
                                    "Plan Rows": 191968,
                                    "Plan Width": 0,
                                    "Actual Startup Time": 31.794,
                                    "Actual Total Time": 113.453,
                                    "Actual Rows": 147066,
                                    "Actual Loops": 4,
                                    "Recheck Cond": "(mk.keyword_id > 31205)",
                                    "Rows Removed by Index Recheck": 0,
                                    "Exact Heap Blocks": 10833,
                                    "Lossy Heap Blocks": 0,
                                    "Workers": [
                                        {
                                            "Worker Number": 0,
                                            "Actual Startup Time": 28.834,
                                            "Actual Total Time": 110.851,
                                            "Actual Rows": 104949,
                                            "Actual Loops": 1
                                        },
                                        {
                                            "Worker Number": 1,
                                            "Actual Startup Time": 29.148,
                                            "Actual Total Time": 111.312,
                                            "Actual Rows": 105789,
                                            "Actual Loops": 1
                                        },
                                        {
                                            "Worker Number": 2,
                                            "Actual Startup Time": 29.739,
                                            "Actual Total Time": 111.631,
                                            "Actual Rows": 104954,
                                            "Actual Loops": 1
                                        }
                                    ],
                                    "Plans": [
                                        {
                                            "Node Type": "Bitmap Index Scan",
                                            "Parent Relationship": "Outer",
                                            "Parallel Aware": false,
                                            "Index Name": "keyword_id_movie_keyword",
                                            "Startup Cost": 0.0,
                                            "Total Cost": 12475.68,
                                            "Plan Rows": 595100,
                                            "Plan Width": 0,
                                            "Actual Startup Time": 35.968,
                                            "Actual Total Time": 35.969,
                                            "Actual Rows": 588262,
                                            "Actual Loops": 1,
                                            "Index Cond": "(mk.keyword_id > 31205)"
                                        }
                                    ]
                                }
                            ]
                        }
                    ]
                }
            ]
        },
        "Planning Time": 190.853,
        "Triggers": [],
        "Execution Time": 139.093
    }
]