[
  {
    "Plan": {
      "Node Type": "Aggregate",
      "Strategy": "Plain",
      "Partial Mode": "Finalize",
      "Parallel Aware": false,
      "Startup Cost": 109136.82,
      "Total Cost": 109136.83,
      "Plan Rows": 1,
      "Plan Width": 8,
      "Actual Startup Time": 182.076,
      "Actual Total Time": 200.238,
      "Actual Rows": 1,
      "Actual Loops": 1,
      "Plans": [
        {
          "Node Type": "Gather",
          "Parent Relationship": "Outer",
          "Parallel Aware": false,
          "Startup Cost": 109136.3,
          "Total Cost": 109136.81,
          "Plan Rows": 5,
          "Plan Width": 8,
          "Actual Startup Time": 181.946,
          "Actual Total Time": 200.225,
          "Actual Rows": 6,
          "Actual Loops": 1,
          "Workers Planned": 5,
          "Workers Launched": 5,
          "Single Copy": false,
          "Plans": [
            {
              "Node Type": "Aggregate",
              "Strategy": "Plain",
              "Partial Mode": "Partial",
              "Parent Relationship": "Outer",
              "Parallel Aware": false,
              "Startup Cost": 108136.3,
              "Total Cost": 108136.31,
              "Plan Rows": 1,
              "Plan Width": 8,
              "Actual Startup Time": 174.754,
              "Actual Total Time": 174.755,
              "Actual Rows": 1,
              "Actual Loops": 6,
              "Plans": [
                {
                  "Node Type": "Index Scan",
                  "Parent Relationship": "Outer",
                  "Parallel Aware": true,
                  "Scan Direction": "Forward",
                  "Index Name": "role_id_cast_info",
                  "Relation Name": "cast_info",
                  "Alias": "ci",
                  "Startup Cost": 0.56,
                  "Total Cost": 107159.34,
                  "Plan Rows": 390784,
                  "Plan Width": 0,
                  "Actual Startup Time": 0.113,
                  "Actual Total Time": 161.297,
                  "Actual Rows": 230423,
                  "Actual Loops": 6,
                  "Index Cond": "(role_id = 3)",
                  "Rows Removed by Index Recheck": 0,
                  "Filter": "(person_id < 1808050)",
                  "Rows Removed by Filter": 437584
                }
              ]
            }
          ]
        }
      ]
    },
    "Planning Time": 0.16,
    "Triggers": [],
    "Execution Time": 200.286
  }
]