[
  {
    "Plan": {
      "Node Type": "Aggregate",
      "Strategy": "Plain",
      "Partial Mode": "Finalize",
      "Parallel Aware": false,
      "Startup Cost": 340446.31,
      "Total Cost": 340446.32,
      "Plan Rows": 1,
      "Plan Width": 8,
      "Actual Startup Time": 903.394,
      "Actual Total Time": 973.548,
      "Actual Rows": 1,
      "Actual Loops": 1,
      "Plans": [
        {
          "Node Type": "Gather",
          "Parent Relationship": "Outer",
          "Parallel Aware": false,
          "Startup Cost": 340445.69,
          "Total Cost": 340446.3,
          "Plan Rows": 6,
          "Plan Width": 8,
          "Actual Startup Time": 903.18,
          "Actual Total Time": 973.532,
          "Actual Rows": 7,
          "Actual Loops": 1,
          "Workers Planned": 6,
          "Workers Launched": 6,
          "Single Copy": false,
          "Plans": [
            {
              "Node Type": "Aggregate",
              "Strategy": "Plain",
              "Partial Mode": "Partial",
              "Parent Relationship": "Outer",
              "Parallel Aware": false,
              "Startup Cost": 339445.69,
              "Total Cost": 339445.7,
              "Plan Rows": 1,
              "Plan Width": 8,
              "Actual Startup Time": 893.463,
              "Actual Total Time": 893.465,
              "Actual Rows": 1,
              "Actual Loops": 7,
              "Plans": [
                {
                  "Node Type": "Seq Scan",
                  "Parent Relationship": "Outer",
                  "Parallel Aware": true,
                  "Relation Name": "cast_info",
                  "Alias": "ci",
                  "Startup Cost": 0.0,
                  "Total Cost": 328211.39,
                  "Plan Rows": 4493719,
                  "Plan Width": 0,
                  "Actual Startup Time": 123.16,
                  "Actual Total Time": 712.837,
                  "Actual Rows": 3844498,
                  "Actual Loops": 7,
                  "Filter": "(person_id > 919292)",
                  "Rows Removed by Filter": 1333266
                }
              ]
            }
          ]
        }
      ]
    },
    "Planning Time": 0.124,
    "Triggers": [],
    "Execution Time": 973.601
  }
]