[
    {
        "Bao": {
            "Bao prediction": "NaN",
            "Bao recommended hint": "(no hint)"
        }
    },
    {
        "Plan": {
            "Node Type": "Aggregate",
            "Strategy": "Plain",
            "Partial Mode": "Finalize",
            "Parallel Aware": false,
            "Startup Cost": 45938.5,
            "Total Cost": 45938.51,
            "Plan Rows": 1,
            "Plan Width": 8,
            "Actual Startup Time": 150.589,
            "Actual Total Time": 158.169,
            "Actual Rows": 1,
            "Actual Loops": 1,
            "Output": [
                "count(*)"
            ],
            "Plans": [
                {
                    "Node Type": "Gather",
                    "Parent Relationship": "Outer",
                    "Parallel Aware": false,
                    "Startup Cost": 45938.18,
                    "Total Cost": 45938.49,
                    "Plan Rows": 3,
                    "Plan Width": 8,
                    "Actual Startup Time": 150.509,
                    "Actual Total Time": 158.163,
                    "Actual Rows": 4,
                    "Actual Loops": 1,
                    "Output": [
                        "(PARTIAL count(*))"
                    ],
                    "Workers Planned": 3,
                    "Workers Launched": 3,
                    "Single Copy": false,
                    "Plans": [
                        {
                            "Node Type": "Aggregate",
                            "Strategy": "Plain",
                            "Partial Mode": "Partial",
                            "Parent Relationship": "Outer",
                            "Parallel Aware": false,
                            "Startup Cost": 44938.18,
                            "Total Cost": 44938.19,
                            "Plan Rows": 1,
                            "Plan Width": 8,
                            "Actual Startup Time": 142.386,
                            "Actual Total Time": 142.387,
                            "Actual Rows": 1,
                            "Actual Loops": 4,
                            "Output": [
                                "PARTIAL count(*)"
                            ],
                            "Workers": [
                                {
                                    "Worker Number": 0,
                                    "Actual Startup Time": 139.615,
                                    "Actual Total Time": 139.615,
                                    "Actual Rows": 1,
                                    "Actual Loops": 1
                                },
                                {
                                    "Worker Number": 1,
                                    "Actual Startup Time": 139.655,
                                    "Actual Total Time": 139.656,
                                    "Actual Rows": 1,
                                    "Actual Loops": 1
                                },
                                {
                                    "Worker Number": 2,
                                    "Actual Startup Time": 140.037,
                                    "Actual Total Time": 140.038,
                                    "Actual Rows": 1,
                                    "Actual Loops": 1
                                }
                            ],
                            "Plans": [
                                {
                                    "Node Type": "Seq Scan",
                                    "Parent Relationship": "Outer",
                                    "Parallel Aware": true,
                                    "Relation Name": "movie_keyword",
                                    "Schema": "public",
                                    "Alias": "mk",
                                    "Startup Cost": 0.0,
                                    "Total Cost": 42695.65,
                                    "Plan Rows": 897011,
                                    "Plan Width": 0,
                                    "Actual Startup Time": 0.048,
                                    "Actual Total Time": 110.474,
                                    "Actual Rows": 700820,
                                    "Actual Loops": 4,
                                    "Output": [
                                        "id",
                                        "movie_id",
                                        "keyword_id"
                                    ],
                                    "Filter": "(mk.keyword_id < 8238)",
                                    "Rows Removed by Filter": 430162,
                                    "Workers": [
                                        {
                                            "Worker Number": 0,
                                            "Actual Startup Time": 0.058,
                                            "Actual Total Time": 109.029,
                                            "Actual Rows": 629318,
                                            "Actual Loops": 1
                                        },
                                        {
                                            "Worker Number": 1,
                                            "Actual Startup Time": 0.061,
                                            "Actual Total Time": 109.491,
                                            "Actual Rows": 624409,
                                            "Actual Loops": 1
                                        },
                                        {
                                            "Worker Number": 2,
                                            "Actual Startup Time": 0.06,
                                            "Actual Total Time": 109.238,
                                            "Actual Rows": 632809,
                                            "Actual Loops": 1
                                        }
                                    ]
                                }
                            ]
                        }
                    ]
                }
            ]
        },
        "Planning Time": 175.998,
        "Triggers": [],
        "Execution Time": 158.211
    }
]