[
    {
        "Bao": {
            "Bao prediction": "NaN",
            "Bao recommended hint": "(no hint)"
        }
    },
    {
        "Plan": {
            "Node Type": "Aggregate",
            "Strategy": "Plain",
            "Partial Mode": "Finalize",
            "Parallel Aware": false,
            "Startup Cost": 317524.64,
            "Total Cost": 317524.65,
            "Plan Rows": 1,
            "Plan Width": 8,
            "Actual Startup Time": 3405.588,
            "Actual Total Time": 3436.984,
            "Actual Rows": 1,
            "Actual Loops": 1,
            "Output": [
                "count(*)"
            ],
            "Plans": [
                {
                    "Node Type": "Gather",
                    "Parent Relationship": "Outer",
                    "Parallel Aware": false,
                    "Startup Cost": 317524.12,
                    "Total Cost": 317524.63,
                    "Plan Rows": 5,
                    "Plan Width": 8,
                    "Actual Startup Time": 3384.157,
                    "Actual Total Time": 3436.974,
                    "Actual Rows": 6,
                    "Actual Loops": 1,
                    "Output": [
                        "(PARTIAL count(*))"
                    ],
                    "Workers Planned": 5,
                    "Workers Launched": 5,
                    "Single Copy": false,
                    "Plans": [
                        {
                            "Node Type": "Aggregate",
                            "Strategy": "Plain",
                            "Partial Mode": "Partial",
                            "Parent Relationship": "Outer",
                            "Parallel Aware": false,
                            "Startup Cost": 316524.12,
                            "Total Cost": 316524.13,
                            "Plan Rows": 1,
                            "Plan Width": 8,
                            "Actual Startup Time": 3366.252,
                            "Actual Total Time": 3367.056,
                            "Actual Rows": 1,
                            "Actual Loops": 6,
                            "Output": [
                                "PARTIAL count(*)"
                            ],
                            "Workers": [
                                {
                                    "Worker Number": 0,
                                    "Actual Startup Time": 3362.018,
                                    "Actual Total Time": 3362.023,
                                    "Actual Rows": 1,
                                    "Actual Loops": 1
                                },
                                {
                                    "Worker Number": 1,
                                    "Actual Startup Time": 3362.151,
                                    "Actual Total Time": 3362.156,
                                    "Actual Rows": 1,
                                    "Actual Loops": 1
                                },
                                {
                                    "Worker Number": 2,
                                    "Actual Startup Time": 3362.153,
                                    "Actual Total Time": 3362.158,
                                    "Actual Rows": 1,
                                    "Actual Loops": 1
                                },
                                {
                                    "Worker Number": 3,
                                    "Actual Startup Time": 3362.191,
                                    "Actual Total Time": 3362.195,
                                    "Actual Rows": 1,
                                    "Actual Loops": 1
                                },
                                {
                                    "Worker Number": 4,
                                    "Actual Startup Time": 3365.407,
                                    "Actual Total Time": 3365.414,
                                    "Actual Rows": 1,
                                    "Actual Loops": 1
                                }
                            ],
                            "Plans": [
                                {
                                    "Node Type": "Hash Join",
                                    "Parent Relationship": "Outer",
                                    "Parallel Aware": true,
                                    "Join Type": "Inner",
                                    "Startup Cost": 104653.28,
                                    "Total Cost": 313310.45,
                                    "Plan Rows": 1285466,
                                    "Plan Width": 0,
                                    "Actual Startup Time": 662.607,
                                    "Actual Total Time": 2573.632,
                                    "Actual Rows": 15973526,
                                    "Actual Loops": 6,
                                    "Inner Unique": false,
                                    "Hash Cond": "(mi.movie_id = t.id)",
                                    "Workers": [
                                        {
                                            "Worker Number": 0,
                                            "Actual Startup Time": 658.869,
                                            "Actual Total Time": 2564.665,
                                            "Actual Rows": 15195653,
                                            "Actual Loops": 1
                                        },
                                        {
                                            "Worker Number": 1,
                                            "Actual Startup Time": 659.17,
                                            "Actual Total Time": 2564.14,
                                            "Actual Rows": 16986060,
                                            "Actual Loops": 1
                                        },
                                        {
                                            "Worker Number": 2,
                                            "Actual Startup Time": 659.095,
                                            "Actual Total Time": 2567.201,
                                            "Actual Rows": 16125404,
                                            "Actual Loops": 1
                                        },
                                        {
                                            "Worker Number": 3,
                                            "Actual Startup Time": 659.082,
                                            "Actual Total Time": 2563.064,
                                            "Actual Rows": 14470163,
                                            "Actual Loops": 1
                                        },
                                        {
                                            "Worker Number": 4,
                                            "Actual Startup Time": 659.023,
                                            "Actual Total Time": 2568.277,
                                            "Actual Rows": 12588537,
                                            "Actual Loops": 1
                                        }
                                    ],
                                    "Plans": [
                                        {
                                            "Node Type": "Seq Scan",
                                            "Parent Relationship": "Outer",
                                            "Parallel Aware": true,
                                            "Relation Name": "movie_info",
                                            "Schema": "public",
                                            "Alias": "mi",
                                            "Startup Cost": 0.0,
                                            "Total Cost": 198880.74,
                                            "Plan Rows": 1501273,
                                            "Plan Width": 4,
                                            "Actual Startup Time": 18.761,
                                            "Actual Total Time": 342.948,
                                            "Actual Rows": 1258142,
                                            "Actual Loops": 6,
                                            "Output": [
                                                "mi.id",
                                                "mi.movie_id",
                                                "mi.info_type_id",
                                                "mi.info",
                                                "mi.note"
                                            ],
                                            "Filter": "(mi.info_type_id > 7)",
                                            "Rows Removed by Filter": 1214478,
                                            "Workers": [
                                                {
                                                    "Worker Number": 0,
                                                    "Actual Startup Time": 18.726,
                                                    "Actual Total Time": 349.769,
                                                    "Actual Rows": 1197582,
                                                    "Actual Loops": 1
                                                },
                                                {
                                                    "Worker Number": 1,
                                                    "Actual Startup Time": 18.757,
                                                    "Actual Total Time": 349.653,
                                                    "Actual Rows": 1248534,
                                                    "Actual Loops": 1
                                                },
                                                {
                                                    "Worker Number": 2,
                                                    "Actual Startup Time": 18.794,
                                                    "Actual Total Time": 352.04,
                                                    "Actual Rows": 1244431,
                                                    "Actual Loops": 1
                                                },
                                                {
                                                    "Worker Number": 3,
                                                    "Actual Startup Time": 18.764,
                                                    "Actual Total Time": 349.187,
                                                    "Actual Rows": 1177525,
                                                    "Actual Loops": 1
                                                },
                                                {
                                                    "Worker Number": 4,
                                                    "Actual Startup Time": 18.757,
                                                    "Actual Total Time": 348.833,
                                                    "Actual Rows": 987319,
                                                    "Actual Loops": 1
                                                }
                                            ]
                                        },
                                        {
                                            "Node Type": "Hash",
                                            "Parent Relationship": "Inner",
                                            "Parallel Aware": true,
                                            "Startup Cost": 95923.95,
                                            "Total Cost": 95923.95,
                                            "Plan Rows": 698347,
                                            "Plan Width": 8,
                                            "Actual Startup Time": 636.371,
                                            "Actual Total Time": 637.173,
                                            "Actual Rows": 381542,
                                            "Actual Loops": 6,
                                            "Output": [
                                                "t.id",
                                                "mk.movie_id"
                                            ],
                                            "Hash Buckets": 4194304,
                                            "Original Hash Buckets": 4194304,
                                            "Hash Batches": 1,
                                            "Original Hash Batches": 1,
                                            "Peak Memory Usage": 122432,
                                            "Workers": [
                                                {
                                                    "Worker Number": 0,
                                                    "Actual Startup Time": 638.914,
                                                    "Actual Total Time": 638.917,
                                                    "Actual Rows": 347641,
                                                    "Actual Loops": 1
                                                },
                                                {
                                                    "Worker Number": 1,
                                                    "Actual Startup Time": 639.086,
                                                    "Actual Total Time": 639.089,
                                                    "Actual Rows": 348880,
                                                    "Actual Loops": 1
                                                },
                                                {
                                                    "Worker Number": 2,
                                                    "Actual Startup Time": 639.06,
                                                    "Actual Total Time": 639.064,
                                                    "Actual Rows": 348074,
                                                    "Actual Loops": 1
                                                },
                                                {
                                                    "Worker Number": 3,
                                                    "Actual Startup Time": 639.172,
                                                    "Actual Total Time": 639.175,
                                                    "Actual Rows": 347831,
                                                    "Actual Loops": 1
                                                },
                                                {
                                                    "Worker Number": 4,
                                                    "Actual Startup Time": 639.313,
                                                    "Actual Total Time": 639.317,
                                                    "Actual Rows": 329677,
                                                    "Actual Loops": 1
                                                }
                                            ],
                                            "Plans": [
                                                {
                                                    "Node Type": "Hash Join",
                                                    "Parent Relationship": "Outer",
                                                    "Parallel Aware": true,
                                                    "Join Type": "Inner",
                                                    "Startup Cost": 51260.88,
                                                    "Total Cost": 95923.95,
                                                    "Plan Rows": 698347,
                                                    "Plan Width": 8,
                                                    "Actual Startup Time": 302.428,
                                                    "Actual Total Time": 507.185,
                                                    "Actual Rows": 381542,
                                                    "Actual Loops": 6,
                                                    "Output": [
                                                        "t.id",
                                                        "mk.movie_id"
                                                    ],
                                                    "Inner Unique": true,
                                                    "Hash Cond": "(mk.movie_id = t.id)",
                                                    "Workers": [
                                                        {
                                                            "Worker Number": 0,
                                                            "Actual Startup Time": 302.443,
                                                            "Actual Total Time": 508.628,
                                                            "Actual Rows": 347641,
                                                            "Actual Loops": 1
                                                        },
                                                        {
                                                            "Worker Number": 1,
                                                            "Actual Startup Time": 302.456,
                                                            "Actual Total Time": 506.592,
                                                            "Actual Rows": 348880,
                                                            "Actual Loops": 1
                                                        },
                                                        {
                                                            "Worker Number": 2,
                                                            "Actual Startup Time": 302.426,
                                                            "Actual Total Time": 506.727,
                                                            "Actual Rows": 348074,
                                                            "Actual Loops": 1
                                                        },
                                                        {
                                                            "Worker Number": 3,
                                                            "Actual Startup Time": 302.436,
                                                            "Actual Total Time": 506.73,
                                                            "Actual Rows": 347831,
                                                            "Actual Loops": 1
                                                        },
                                                        {
                                                            "Worker Number": 4,
                                                            "Actual Startup Time": 302.268,
                                                            "Actual Total Time": 505.796,
                                                            "Actual Rows": 329677,
                                                            "Actual Loops": 1
                                                        }
                                                    ],
                                                    "Plans": [
                                                        {
                                                            "Node Type": "Seq Scan",
                                                            "Parent Relationship": "Outer",
                                                            "Parallel Aware": true,
                                                            "Relation Name": "movie_keyword",
                                                            "Schema": "public",
                                                            "Alias": "mk",
                                                            "Startup Cost": 0.0,
                                                            "Total Cost": 42695.65,
                                                            "Plan Rows": 749490,
                                                            "Plan Width": 4,
                                                            "Actual Startup Time": 0.233,
                                                            "Actual Total Time": 103.622,
                                                            "Actual Rows": 387470,
                                                            "Actual Loops": 6,
                                                            "Output": [
                                                                "mk.id",
                                                                "mk.movie_id",
                                                                "mk.keyword_id"
                                                            ],
                                                            "Filter": "(mk.keyword_id > 4392)",
                                                            "Rows Removed by Filter": 366518,
                                                            "Workers": [
                                                                {
                                                                    "Worker Number": 0,
                                                                    "Actual Startup Time": 0.239,
                                                                    "Actual Total Time": 105.802,
                                                                    "Actual Rows": 352953,
                                                                    "Actual Loops": 1
                                                                },
                                                                {
                                                                    "Worker Number": 1,
                                                                    "Actual Startup Time": 0.254,
                                                                    "Actual Total Time": 105.558,
                                                                    "Actual Rows": 353820,
                                                                    "Actual Loops": 1
                                                                },
                                                                {
                                                                    "Worker Number": 2,
                                                                    "Actual Startup Time": 0.239,
                                                                    "Actual Total Time": 105.622,
                                                                    "Actual Rows": 353922,
                                                                    "Actual Loops": 1
                                                                },
                                                                {
                                                                    "Worker Number": 3,
                                                                    "Actual Startup Time": 0.158,
                                                                    "Actual Total Time": 105.579,
                                                                    "Actual Rows": 353851,
                                                                    "Actual Loops": 1
                                                                },
                                                                {
                                                                    "Worker Number": 4,
                                                                    "Actual Startup Time": 0.264,
                                                                    "Actual Total Time": 104.487,
                                                                    "Actual Rows": 334959,
                                                                    "Actual Loops": 1
                                                                }
                                                            ]
                                                        },
                                                        {
                                                            "Node Type": "Hash",
                                                            "Parent Relationship": "Inner",
                                                            "Parallel Aware": true,
                                                            "Startup Cost": 43899.01,
                                                            "Total Cost": 43899.01,
                                                            "Plan Rows": 588950,
                                                            "Plan Width": 4,
                                                            "Actual Startup Time": 298.315,
                                                            "Actual Total Time": 298.317,
                                                            "Actual Rows": 393376,
                                                            "Actual Loops": 6,
                                                            "Output": [
                                                                "t.id"
                                                            ],
                                                            "Hash Buckets": 4194304,
                                                            "Original Hash Buckets": 4194304,
                                                            "Hash Batches": 1,
                                                            "Original Hash Batches": 1,
                                                            "Peak Memory Usage": 125184,
                                                            "Workers": [
                                                                {
                                                                    "Worker Number": 0,
                                                                    "Actual Startup Time": 302.08,
                                                                    "Actual Total Time": 302.081,
                                                                    "Actual Rows": 353740,
                                                                    "Actual Loops": 1
                                                                },
                                                                {
                                                                    "Worker Number": 1,
                                                                    "Actual Startup Time": 302.073,
                                                                    "Actual Total Time": 302.074,
                                                                    "Actual Rows": 355949,
                                                                    "Actual Loops": 1
                                                                },
                                                                {
                                                                    "Worker Number": 2,
                                                                    "Actual Startup Time": 302.043,
                                                                    "Actual Total Time": 302.044,
                                                                    "Actual Rows": 357090,
                                                                    "Actual Loops": 1
                                                                },
                                                                {
                                                                    "Worker Number": 3,
                                                                    "Actual Startup Time": 302.035,
                                                                    "Actual Total Time": 302.036,
                                                                    "Actual Rows": 355802,
                                                                    "Actual Loops": 1
                                                                },
                                                                {
                                                                    "Worker Number": 4,
                                                                    "Actual Startup Time": 301.923,
                                                                    "Actual Total Time": 301.925,
                                                                    "Actual Rows": 312816,
                                                                    "Actual Loops": 1
                                                                }
                                                            ],
                                                            "Plans": [
                                                                {
                                                                    "Node Type": "Seq Scan",
                                                                    "Parent Relationship": "Outer",
                                                                    "Parallel Aware": true,
                                                                    "Relation Name": "title",
                                                                    "Schema": "public",
                                                                    "Alias": "t",
                                                                    "Startup Cost": 0.0,
                                                                    "Total Cost": 43899.01,
                                                                    "Plan Rows": 588950,
                                                                    "Plan Width": 4,
                                                                    "Actual Startup Time": 0.046,
                                                                    "Actual Total Time": 102.737,
                                                                    "Actual Rows": 393376,
                                                                    "Actual Loops": 6,
                                                                    "Output": [
                                                                        "t.id"
                                                                    ],
                                                                    "Filter": "(t.production_year > 1922)",
                                                                    "Rows Removed by Filter": 28010,
                                                                    "Workers": [
                                                                        {
                                                                            "Worker Number": 0,
                                                                            "Actual Startup Time": 0.039,
                                                                            "Actual Total Time": 106.519,
                                                                            "Actual Rows": 353740,
                                                                            "Actual Loops": 1
                                                                        },
                                                                        {
                                                                            "Worker Number": 1,
                                                                            "Actual Startup Time": 0.052,
                                                                            "Actual Total Time": 106.946,
                                                                            "Actual Rows": 355949,
                                                                            "Actual Loops": 1
                                                                        },
                                                                        {
                                                                            "Worker Number": 2,
                                                                            "Actual Startup Time": 0.052,
                                                                            "Actual Total Time": 106.945,
                                                                            "Actual Rows": 357090,
                                                                            "Actual Loops": 1
                                                                        },
                                                                        {
                                                                            "Worker Number": 3,
                                                                            "Actual Startup Time": 0.053,
                                                                            "Actual Total Time": 107.04,
                                                                            "Actual Rows": 355802,
                                                                            "Actual Loops": 1
                                                                        },
                                                                        {
                                                                            "Worker Number": 4,
                                                                            "Actual Startup Time": 0.065,
                                                                            "Actual Total Time": 102.034,
                                                                            "Actual Rows": 312816,
                                                                            "Actual Loops": 1
                                                                        }
                                                                    ]
                                                                }
                                                            ]
                                                        }
                                                    ]
                                                }
                                            ]
                                        }
                                    ]
                                }
                            ]
                        }
                    ]
                }
            ]
        },
        "Planning Time": 182.429,
        "Triggers": [],
        "Execution Time": 3437.065
    }
]