{
  "Plan": {
    "Node Type": "Aggregate",
    "Strategy": "Plain",
    "Partial Mode": "Finalize",
    "Parallel Aware": false,
    "Startup Cost": 126420.67,
    "Total Cost": 126420.68,
    "Plan Rows": 1,
    "Plan Width": 8,
    "Actual Startup Time": 731.066,
    "Actual Total Time": 744.175,
    "Actual Rows": 1,
    "Actual Loops": 1,
    "Plans": [
      {
        "Node Type": "Gather",
        "Parent Relationship": "Outer",
        "Parallel Aware": false,
        "Startup Cost": 126420.56,
        "Total Cost": 126420.67,
        "Plan Rows": 1,
        "Plan Width": 8,
        "Actual Startup Time": 729.588,
        "Actual Total Time": 744.165,
        "Actual Rows": 2,
        "Actual Loops": 1,
        "Workers Planned": 1,
        "Workers Launched": 1,
        "Single Copy": false,
        "Plans": [
          {
            "Node Type": "Aggregate",
            "Strategy": "Plain",
            "Partial Mode": "Partial",
            "Parent Relationship": "Outer",
            "Parallel Aware": false,
            "Startup Cost": 125420.56,
            "Total Cost": 125420.57,
            "Plan Rows": 1,
            "Plan Width": 8,
            "Actual Startup Time": 723.554,
            "Actual Total Time": 723.558,
            "Actual Rows": 1,
            "Actual Loops": 2,
            "Plans": [
              {
                "Node Type": "Hash Join",
                "Parent Relationship": "Outer",
                "Parallel Aware": true,
                "Join Type": "Inner",
                "Startup Cost": 64981.11,
                "Total Cost": 123031.95,
                "Plan Rows": 955445,
                "Plan Width": 0,
                "Actual Startup Time": 327.212,
                "Actual Total Time": 715.786,
                "Actual Rows": 201578,
                "Actual Loops": 2,
                "Inner Unique": true,
                "Hash Cond": "(mk.movie_id = t.id)",
                "Plans": [
                  {
                    "Node Type": "Seq Scan",
                    "Parent Relationship": "Outer",
                    "Parallel Aware": true,
                    "Relation Name": "movie_keyword",
                    "Alias": "mk",
                    "Startup Cost": 0.0,
                    "Total Cost": 51065.35,
                    "Plan Rows": 2661135,
                    "Plan Width": 4,
                    "Actual Startup Time": 0.017,
                    "Actual Total Time": 156.906,
                    "Actual Rows": 2261965,
                    "Actual Loops": 2
                  },
                  {
                    "Node Type": "Hash",
                    "Parent Relationship": "Inner",
                    "Parallel Aware": true,
                    "Startup Cost": 58306.47,
                    "Total Cost": 58306.47,
                    "Plan Rows": 533971,
                    "Plan Width": 4,
                    "Actual Startup Time": 318.071,
                    "Actual Total Time": 318.072,
                    "Actual Rows": 496036,
                    "Actual Loops": 2,
                    "Hash Buckets": 1048576,
                    "Original Hash Buckets": 1048576,
                    "Hash Batches": 1,
                    "Original Hash Batches": 1,
                    "Peak Memory Usage": 47008,
                    "Plans": [
                      {
                        "Node Type": "Seq Scan",
                        "Parent Relationship": "Outer",
                        "Parallel Aware": true,
                        "Relation Name": "title",
                        "Alias": "t",
                        "Startup Cost": 0.0,
                        "Total Cost": 58306.47,
                        "Plan Rows": 533971,
                        "Plan Width": 4,
                        "Actual Startup Time": 0.04,
                        "Actual Total Time": 172.252,
                        "Actual Rows": 496036,
                        "Actual Loops": 2,
                        "Filter": "((production_year > 1998) AND (kind_id = 7))",
                        "Rows Removed by Filter": 768120
                      }
                    ]
                  }
                ]
              }
            ]
          }
        ]
      }
    ]
  },
  "Planning Time": 0.763,
  "Triggers": [],
  "Execution Time": 744.25
}