{
  "Plan": {
    "Node Type": "Aggregate",
    "Strategy": "Plain",
    "Partial Mode": "Finalize",
    "Parallel Aware": false,
    "Startup Cost": 735204.09,
    "Total Cost": 735204.1,
    "Plan Rows": 1,
    "Plan Width": 8,
    "Actual Startup Time": 7475.673,
    "Actual Total Time": 7543.488,
    "Actual Rows": 1,
    "Actual Loops": 1,
    "Plans": [
      {
        "Node Type": "Gather",
        "Parent Relationship": "Outer",
        "Parallel Aware": false,
        "Startup Cost": 735203.98,
        "Total Cost": 735204.09,
        "Plan Rows": 1,
        "Plan Width": 8,
        "Actual Startup Time": 7471.675,
        "Actual Total Time": 7543.479,
        "Actual Rows": 2,
        "Actual Loops": 1,
        "Workers Planned": 1,
        "Workers Launched": 1,
        "Single Copy": false,
        "Plans": [
          {
            "Node Type": "Aggregate",
            "Strategy": "Plain",
            "Partial Mode": "Partial",
            "Parent Relationship": "Outer",
            "Parallel Aware": false,
            "Startup Cost": 734203.98,
            "Total Cost": 734203.99,
            "Plan Rows": 1,
            "Plan Width": 8,
            "Actual Startup Time": 7463.665,
            "Actual Total Time": 7463.669,
            "Actual Rows": 1,
            "Actual Loops": 2,
            "Plans": [
              {
                "Node Type": "Hash Join",
                "Parent Relationship": "Outer",
                "Parallel Aware": true,
                "Join Type": "Inner",
                "Startup Cost": 112710.69,
                "Total Cost": 730699.32,
                "Plan Rows": 1401865,
                "Plan Width": 0,
                "Actual Startup Time": 1227.509,
                "Actual Total Time": 7225.731,
                "Actual Rows": 5418218,
                "Actual Loops": 2,
                "Inner Unique": false,
                "Hash Cond": "(t.id = mc.movie_id)",
                "Plans": [
                  {
                    "Node Type": "Hash Join",
                    "Parent Relationship": "Outer",
                    "Parallel Aware": true,
                    "Join Type": "Inner",
                    "Startup Cost": 61878.3,
                    "Total Cost": 653564.06,
                    "Plan Rows": 2889058,
                    "Plan Width": 8,
                    "Actual Startup Time": 870.208,
                    "Actual Total Time": 5010.646,
                    "Actual Rows": 3680771,
                    "Actual Loops": 2,
                    "Inner Unique": true,
                    "Hash Cond": "(ci.movie_id = t.id)",
                    "Plans": [
                      {
                        "Node Type": "Seq Scan",
                        "Parent Relationship": "Outer",
                        "Parallel Aware": true,
                        "Relation Name": "cast_info",
                        "Alias": "ci",
                        "Startup Cost": 0.0,
                        "Total Cost": 572345.93,
                        "Plan Rows": 7367540,
                        "Plan Width": 4,
                        "Actual Startup Time": 580.842,
                        "Actual Total Time": 1885.16,
                        "Actual Rows": 9383864,
                        "Actual Loops": 2,
                        "Filter": "((person_id > 1698775) AND (role_id > 1))",
                        "Rows Removed by Filter": 8738308
                      },
                      {
                        "Node Type": "Hash",
                        "Parent Relationship": "Inner",
                        "Parallel Aware": true,
                        "Startup Cost": 54588.39,
                        "Total Cost": 54588.39,
                        "Plan Rows": 583193,
                        "Plan Width": 4,
                        "Actual Startup Time": 285.549,
                        "Actual Total Time": 285.55,
                        "Actual Rows": 492524,
                        "Actual Loops": 2,
                        "Hash Buckets": 1048576,
                        "Original Hash Buckets": 1048576,
                        "Hash Batches": 1,
                        "Original Hash Batches": 1,
                        "Peak Memory Usage": 46752,
                        "Plans": [
                          {
                            "Node Type": "Seq Scan",
                            "Parent Relationship": "Outer",
                            "Parallel Aware": true,
                            "Relation Name": "title",
                            "Alias": "t",
                            "Startup Cost": 0.0,
                            "Total Cost": 54588.39,
                            "Plan Rows": 583193,
                            "Plan Width": 4,
                            "Actual Startup Time": 0.019,
                            "Actual Total Time": 162.157,
                            "Actual Rows": 492524,
                            "Actual Loops": 2,
                            "Filter": "(kind_id < 7)",
                            "Rows Removed by Filter": 771632
                          }
                        ]
                      }
                    ]
                  },
                  {
                    "Node Type": "Hash",
                    "Parent Relationship": "Inner",
                    "Parallel Aware": true,
                    "Startup Cost": 41811.73,
                    "Total Cost": 41811.73,
                    "Plan Rows": 721653,
                    "Plan Width": 4,
                    "Actual Startup Time": 342.638,
                    "Actual Total Time": 342.639,
                    "Actual Rows": 647880,
                    "Actual Loops": 2,
                    "Hash Buckets": 2097152,
                    "Original Hash Buckets": 2097152,
                    "Hash Batches": 1,
                    "Original Hash Batches": 1,
                    "Peak Memory Usage": 67136,
                    "Plans": [
                      {
                        "Node Type": "Seq Scan",
                        "Parent Relationship": "Outer",
                        "Parallel Aware": true,
                        "Relation Name": "movie_companies",
                        "Alias": "mc",
                        "Startup Cost": 0.0,
                        "Total Cost": 41811.73,
                        "Plan Rows": 721653,
                        "Plan Width": 4,
                        "Actual Startup Time": 77.134,
                        "Actual Total Time": 174.104,
                        "Actual Rows": 647880,
                        "Actual Loops": 2,
                        "Filter": "((company_id > 49) AND (company_type_id > 1))",
                        "Rows Removed by Filter": 656684
                      }
                    ]
                  }
                ]
              }
            ]
          }
        ]
      }
    ]
  },
  "Planning Time": 1.089,
  "Triggers": [],
  "Execution Time": 7543.581
}