[
    {
        "Bao": {
            "Bao prediction": "NaN",
            "Bao recommended hint": "(no hint)"
        }
    },
    {
        "Plan": {
            "Node Type": "Aggregate",
            "Strategy": "Plain",
            "Partial Mode": "Finalize",
            "Parallel Aware": false,
            "Startup Cost": 342888.72,
            "Total Cost": 342888.73,
            "Plan Rows": 1,
            "Plan Width": 8,
            "Actual Startup Time": 827.116,
            "Actual Total Time": 856.552,
            "Actual Rows": 1,
            "Actual Loops": 1,
            "Output": [
                "count(*)"
            ],
            "Plans": [
                {
                    "Node Type": "Gather",
                    "Parent Relationship": "Outer",
                    "Parallel Aware": false,
                    "Startup Cost": 342888.1,
                    "Total Cost": 342888.71,
                    "Plan Rows": 6,
                    "Plan Width": 8,
                    "Actual Startup Time": 827.004,
                    "Actual Total Time": 856.542,
                    "Actual Rows": 7,
                    "Actual Loops": 1,
                    "Output": [
                        "(PARTIAL count(*))"
                    ],
                    "Workers Planned": 6,
                    "Workers Launched": 6,
                    "Single Copy": false,
                    "Plans": [
                        {
                            "Node Type": "Aggregate",
                            "Strategy": "Plain",
                            "Partial Mode": "Partial",
                            "Parent Relationship": "Outer",
                            "Parallel Aware": false,
                            "Startup Cost": 341888.1,
                            "Total Cost": 341888.11,
                            "Plan Rows": 1,
                            "Plan Width": 8,
                            "Actual Startup Time": 816.536,
                            "Actual Total Time": 816.537,
                            "Actual Rows": 1,
                            "Actual Loops": 7,
                            "Output": [
                                "PARTIAL count(*)"
                            ],
                            "Workers": [
                                {
                                    "Worker Number": 0,
                                    "Actual Startup Time": 811.058,
                                    "Actual Total Time": 811.06,
                                    "Actual Rows": 1,
                                    "Actual Loops": 1
                                },
                                {
                                    "Worker Number": 1,
                                    "Actual Startup Time": 815.288,
                                    "Actual Total Time": 815.29,
                                    "Actual Rows": 1,
                                    "Actual Loops": 1
                                },
                                {
                                    "Worker Number": 2,
                                    "Actual Startup Time": 814.107,
                                    "Actual Total Time": 814.108,
                                    "Actual Rows": 1,
                                    "Actual Loops": 1
                                },
                                {
                                    "Worker Number": 3,
                                    "Actual Startup Time": 816.015,
                                    "Actual Total Time": 816.017,
                                    "Actual Rows": 1,
                                    "Actual Loops": 1
                                },
                                {
                                    "Worker Number": 4,
                                    "Actual Startup Time": 816.234,
                                    "Actual Total Time": 816.235,
                                    "Actual Rows": 1,
                                    "Actual Loops": 1
                                },
                                {
                                    "Worker Number": 5,
                                    "Actual Startup Time": 816.527,
                                    "Actual Total Time": 816.528,
                                    "Actual Rows": 1,
                                    "Actual Loops": 1
                                }
                            ],
                            "Plans": [
                                {
                                    "Node Type": "Seq Scan",
                                    "Parent Relationship": "Outer",
                                    "Parallel Aware": true,
                                    "Relation Name": "cast_info",
                                    "Schema": "public",
                                    "Alias": "ci",
                                    "Startup Cost": 0.0,
                                    "Total Cost": 328213.62,
                                    "Plan Rows": 5469793,
                                    "Plan Width": 0,
                                    "Actual Startup Time": 45.98,
                                    "Actual Total Time": 605.023,
                                    "Actual Rows": 4679802,
                                    "Actual Loops": 7,
                                    "Output": [
                                        "id",
                                        "person_id",
                                        "movie_id",
                                        "person_role_id",
                                        "note",
                                        "nr_order",
                                        "role_id"
                                    ],
                                    "Filter": "(ci.person_id > 334375)",
                                    "Rows Removed by Filter": 497962,
                                    "Workers": [
                                        {
                                            "Worker Number": 0,
                                            "Actual Startup Time": 40.528,
                                            "Actual Total Time": 597.097,
                                            "Actual Rows": 3244391,
                                            "Actual Loops": 1
                                        },
                                        {
                                            "Worker Number": 1,
                                            "Actual Startup Time": 44.746,
                                            "Actual Total Time": 605.693,
                                            "Actual Rows": 3189422,
                                            "Actual Loops": 1
                                        },
                                        {
                                            "Worker Number": 2,
                                            "Actual Startup Time": 43.533,
                                            "Actual Total Time": 606.289,
                                            "Actual Rows": 5010600,
                                            "Actual Loops": 1
                                        },
                                        {
                                            "Worker Number": 3,
                                            "Actual Startup Time": 45.468,
                                            "Actual Total Time": 608.216,
                                            "Actual Rows": 5013833,
                                            "Actual Loops": 1
                                        },
                                        {
                                            "Worker Number": 4,
                                            "Actual Startup Time": 45.664,
                                            "Actual Total Time": 612.783,
                                            "Actual Rows": 5037599,
                                            "Actual Loops": 1
                                        },
                                        {
                                            "Worker Number": 5,
                                            "Actual Startup Time": 45.953,
                                            "Actual Total Time": 609.285,
                                            "Actual Rows": 5000602,
                                            "Actual Loops": 1
                                        }
                                    ]
                                }
                            ]
                        }
                    ]
                }
            ]
        },
        "Planning Time": 178.578,
        "Triggers": [],
        "Execution Time": 856.644
    }
]