[
  {
    "Plan": {
      "Node Type": "Aggregate",
      "Strategy": "Plain",
      "Partial Mode": "Finalize",
      "Parallel Aware": false,
      "Startup Cost": 338983.94,
      "Total Cost": 338983.95,
      "Plan Rows": 1,
      "Plan Width": 8,
      "Actual Startup Time": 753.691,
      "Actual Total Time": 809.644,
      "Actual Rows": 1,
      "Actual Loops": 1,
      "Plans": [
        {
          "Node Type": "Gather",
          "Parent Relationship": "Outer",
          "Parallel Aware": false,
          "Startup Cost": 338983.32,
          "Total Cost": 338983.92,
          "Plan Rows": 6,
          "Plan Width": 8,
          "Actual Startup Time": 753.571,
          "Actual Total Time": 809.635,
          "Actual Rows": 7,
          "Actual Loops": 1,
          "Workers Planned": 6,
          "Workers Launched": 6,
          "Single Copy": false,
          "Plans": [
            {
              "Node Type": "Aggregate",
              "Strategy": "Plain",
              "Partial Mode": "Partial",
              "Parent Relationship": "Outer",
              "Parallel Aware": false,
              "Startup Cost": 337983.32,
              "Total Cost": 337983.33,
              "Plan Rows": 1,
              "Plan Width": 8,
              "Actual Startup Time": 743.144,
              "Actual Total Time": 743.145,
              "Actual Rows": 1,
              "Actual Loops": 7,
              "Plans": [
                {
                  "Node Type": "Seq Scan",
                  "Parent Relationship": "Outer",
                  "Parallel Aware": true,
                  "Relation Name": "cast_info",
                  "Alias": "ci",
                  "Startup Cost": 0.0,
                  "Total Cost": 328162.03,
                  "Plan Rows": 3928516,
                  "Plan Width": 0,
                  "Actual Startup Time": 0.052,
                  "Actual Total Time": 599.669,
                  "Actual Rows": 3372961,
                  "Actual Loops": 7,
                  "Filter": "(person_id < 2418626)",
                  "Rows Removed by Filter": 1804803
                }
              ]
            }
          ]
        }
      ]
    },
    "Planning Time": 0.171,
    "Triggers": [],
    "Execution Time": 809.712
  }
]