{
  "Plan": {
    "Node Type": "Aggregate",
    "Strategy": "Plain",
    "Partial Mode": "Finalize",
    "Parallel Aware": false,
    "Startup Cost": 128619.12,
    "Total Cost": 128619.13,
    "Plan Rows": 1,
    "Plan Width": 8,
    "Actual Startup Time": 502.579,
    "Actual Total Time": 519.213,
    "Actual Rows": 1,
    "Actual Loops": 1,
    "Plans": [
      {
        "Node Type": "Gather",
        "Parent Relationship": "Outer",
        "Parallel Aware": false,
        "Startup Cost": 128619.0,
        "Total Cost": 128619.11,
        "Plan Rows": 1,
        "Plan Width": 8,
        "Actual Startup Time": 502.139,
        "Actual Total Time": 519.206,
        "Actual Rows": 2,
        "Actual Loops": 1,
        "Workers Planned": 1,
        "Workers Launched": 1,
        "Single Copy": false,
        "Plans": [
          {
            "Node Type": "Aggregate",
            "Strategy": "Plain",
            "Partial Mode": "Partial",
            "Parent Relationship": "Outer",
            "Parallel Aware": false,
            "Startup Cost": 127619.0,
            "Total Cost": 127619.01,
            "Plan Rows": 1,
            "Plan Width": 8,
            "Actual Startup Time": 495.945,
            "Actual Total Time": 495.95,
            "Actual Rows": 1,
            "Actual Loops": 2,
            "Plans": [
              {
                "Node Type": "Hash Join",
                "Parent Relationship": "Outer",
                "Parallel Aware": true,
                "Join Type": "Inner",
                "Startup Cost": 117587.8,
                "Total Cost": 127611.04,
                "Plan Rows": 3185,
                "Plan Width": 0,
                "Actual Startup Time": 454.034,
                "Actual Total Time": 495.368,
                "Actual Rows": 14358,
                "Actual Loops": 2,
                "Inner Unique": false,
                "Hash Cond": "(ci.movie_id = t.id)",
                "Plans": [
                  {
                    "Node Type": "Index Scan",
                    "Parent Relationship": "Outer",
                    "Parallel Aware": true,
                    "Scan Direction": "Forward",
                    "Index Name": "role_id_cast_info",
                    "Relation Name": "cast_info",
                    "Alias": "ci",
                    "Startup Cost": 0.56,
                    "Total Cost": 9590.86,
                    "Plan Rows": 110459,
                    "Plan Width": 4,
                    "Actual Startup Time": 0.124,
                    "Actual Total Time": 24.476,
                    "Actual Rows": 132269,
                    "Actual Loops": 2,
                    "Index Cond": "(role_id > 10)",
                    "Rows Removed by Index Recheck": 0,
                    "Filter": "(person_id > 1323260)",
                    "Rows Removed by Filter": 25790
                  },
                  {
                    "Node Type": "Hash",
                    "Parent Relationship": "Inner",
                    "Parallel Aware": true,
                    "Startup Cost": 117051.27,
                    "Total Cost": 117051.27,
                    "Plan Rows": 42877,
                    "Plan Width": 8,
                    "Actual Startup Time": 451.847,
                    "Actual Total Time": 451.851,
                    "Actual Rows": 43608,
                    "Actual Loops": 2,
                    "Hash Buckets": 131072,
                    "Original Hash Buckets": 131072,
                    "Hash Batches": 1,
                    "Original Hash Batches": 1,
                    "Peak Memory Usage": 4448,
                    "Plans": [
                      {
                        "Node Type": "Hash Join",
                        "Parent Relationship": "Outer",
                        "Parallel Aware": true,
                        "Join Type": "Inner",
                        "Startup Cost": 55080.41,
                        "Total Cost": 117051.27,
                        "Plan Rows": 42877,
                        "Plan Width": 8,
                        "Actual Startup Time": 154.519,
                        "Actual Total Time": 442.768,
                        "Actual Rows": 43608,
                        "Actual Loops": 2,
                        "Inner Unique": true,
                        "Hash Cond": "(mk.movie_id = t.id)",
                        "Plans": [
                          {
                            "Node Type": "Seq Scan",
                            "Parent Relationship": "Outer",
                            "Parallel Aware": true,
                            "Relation Name": "movie_keyword",
                            "Alias": "mk",
                            "Startup Cost": 0.0,
                            "Total Cost": 57718.19,
                            "Plan Rows": 1620059,
                            "Plan Width": 4,
                            "Actual Startup Time": 0.298,
                            "Actual Total Time": 194.855,
                            "Actual Rows": 1371600,
                            "Actual Loops": 2,
                            "Filter": "(keyword_id > 2882)",
                            "Rows Removed by Filter": 890365
                          },
                          {
                            "Node Type": "Hash",
                            "Parent Relationship": "Inner",
                            "Parallel Aware": true,
                            "Startup Cost": 54588.39,
                            "Total Cost": 54588.39,
                            "Plan Rows": 39362,
                            "Plan Width": 4,
                            "Actual Startup Time": 152.958,
                            "Actual Total Time": 152.959,
                            "Actual Rows": 33888,
                            "Actual Loops": 2,
                            "Hash Buckets": 131072,
                            "Original Hash Buckets": 131072,
                            "Hash Batches": 1,
                            "Original Hash Batches": 1,
                            "Peak Memory Usage": 3712,
                            "Plans": [
                              {
                                "Node Type": "Seq Scan",
                                "Parent Relationship": "Outer",
                                "Parallel Aware": true,
                                "Relation Name": "title",
                                "Alias": "t",
                                "Startup Cost": 0.0,
                                "Total Cost": 54588.39,
                                "Plan Rows": 39362,
                                "Plan Width": 4,
                                "Actual Startup Time": 0.062,
                                "Actual Total Time": 140.53,
                                "Actual Rows": 33888,
                                "Actual Loops": 2,
                                "Filter": "(production_year = 2003)",
                                "Rows Removed by Filter": 1230268
                              }
                            ]
                          }
                        ]
                      }
                    ]
                  }
                ]
              }
            ]
          }
        ]
      }
    ]
  },
  "Planning Time": 0.878,
  "Triggers": [],
  "Execution Time": 519.295
}