[
  {
    "Plan": {
      "Node Type": "Aggregate",
      "Strategy": "Plain",
      "Partial Mode": "Finalize",
      "Parallel Aware": false,
      "Startup Cost": 82052.95,
      "Total Cost": 82052.96,
      "Plan Rows": 1,
      "Plan Width": 8,
      "Actual Startup Time": 359.262,
      "Actual Total Time": 375.55,
      "Actual Rows": 1,
      "Actual Loops": 1,
      "Plans": [
        {
          "Node Type": "Gather",
          "Parent Relationship": "Outer",
          "Parallel Aware": false,
          "Startup Cost": 82052.53,
          "Total Cost": 82052.94,
          "Plan Rows": 4,
          "Plan Width": 8,
          "Actual Startup Time": 355.561,
          "Actual Total Time": 375.539,
          "Actual Rows": 5,
          "Actual Loops": 1,
          "Workers Planned": 4,
          "Workers Launched": 4,
          "Single Copy": false,
          "Plans": [
            {
              "Node Type": "Aggregate",
              "Strategy": "Plain",
              "Partial Mode": "Partial",
              "Parent Relationship": "Outer",
              "Parallel Aware": false,
              "Startup Cost": 81052.53,
              "Total Cost": 81052.54,
              "Plan Rows": 1,
              "Plan Width": 8,
              "Actual Startup Time": 346.176,
              "Actual Total Time": 346.18,
              "Actual Rows": 1,
              "Actual Loops": 5,
              "Plans": [
                {
                  "Node Type": "Hash Join",
                  "Parent Relationship": "Outer",
                  "Parallel Aware": true,
                  "Join Type": "Inner",
                  "Startup Cost": 34483.91,
                  "Total Cost": 80576.82,
                  "Plan Rows": 190284,
                  "Plan Width": 0,
                  "Actual Startup Time": 129.043,
                  "Actual Total Time": 340.311,
                  "Actual Rows": 95396,
                  "Actual Loops": 5,
                  "Inner Unique": false,
                  "Hash Cond": "(t.id = mc.movie_id)",
                  "Plans": [
                    {
                      "Node Type": "Seq Scan",
                      "Parent Relationship": "Outer",
                      "Parallel Aware": true,
                      "Relation Name": "title",
                      "Alias": "t",
                      "Startup Cost": 0.0,
                      "Total Cost": 42318.73,
                      "Plan Rows": 632073,
                      "Plan Width": 4,
                      "Actual Startup Time": 0.014,
                      "Actual Total Time": 76.856,
                      "Actual Rows": 505662,
                      "Actual Loops": 5
                    },
                    {
                      "Node Type": "Hash",
                      "Parent Relationship": "Inner",
                      "Parallel Aware": true,
                      "Startup Cost": 31414.82,
                      "Total Cost": 31414.82,
                      "Plan Rows": 245527,
                      "Plan Width": 4,
                      "Actual Startup Time": 124.529,
                      "Actual Total Time": 124.53,
                      "Actual Rows": 95396,
                      "Actual Loops": 5,
                      "Hash Buckets": 1048576,
                      "Original Hash Buckets": 1048576,
                      "Hash Batches": 1,
                      "Original Hash Batches": 1,
                      "Peak Memory Usage": 26944,
                      "Plans": [
                        {
                          "Node Type": "Seq Scan",
                          "Parent Relationship": "Outer",
                          "Parallel Aware": true,
                          "Relation Name": "movie_companies",
                          "Alias": "mc",
                          "Startup Cost": 0.0,
                          "Total Cost": 31414.82,
                          "Plan Rows": 245527,
                          "Plan Width": 4,
                          "Actual Startup Time": 50.378,
                          "Actual Total Time": 84.65,
                          "Actual Rows": 95396,
                          "Actual Loops": 5,
                          "Filter": "((company_id < 13836) AND (company_type_id = 2))",
                          "Rows Removed by Filter": 426430
                        }
                      ]
                    }
                  ]
                }
              ]
            }
          ]
        }
      ]
    },
    "Planning Time": 0.661,
    "Triggers": [],
    "Execution Time": 375.625
  }
]