[
  {
    "Plan": {
      "Node Type": "Aggregate",
      "Strategy": "Plain",
      "Partial Mode": "Finalize",
      "Parallel Aware": false,
      "Startup Cost": 90405.86,
      "Total Cost": 90405.87,
      "Plan Rows": 1,
      "Plan Width": 8,
      "Actual Startup Time": 292.852,
      "Actual Total Time": 325.549,
      "Actual Rows": 1,
      "Actual Loops": 1,
      "Plans": [
        {
          "Node Type": "Gather",
          "Parent Relationship": "Outer",
          "Parallel Aware": false,
          "Startup Cost": 90405.54,
          "Total Cost": 90405.85,
          "Plan Rows": 3,
          "Plan Width": 8,
          "Actual Startup Time": 292.515,
          "Actual Total Time": 325.538,
          "Actual Rows": 4,
          "Actual Loops": 1,
          "Workers Planned": 3,
          "Workers Launched": 3,
          "Single Copy": false,
          "Plans": [
            {
              "Node Type": "Aggregate",
              "Strategy": "Plain",
              "Partial Mode": "Partial",
              "Parent Relationship": "Outer",
              "Parallel Aware": false,
              "Startup Cost": 89405.54,
              "Total Cost": 89405.55,
              "Plan Rows": 1,
              "Plan Width": 8,
              "Actual Startup Time": 282.45,
              "Actual Total Time": 282.453,
              "Actual Rows": 1,
              "Actual Loops": 4,
              "Plans": [
                {
                  "Node Type": "Nested Loop",
                  "Parent Relationship": "Outer",
                  "Parallel Aware": false,
                  "Join Type": "Inner",
                  "Startup Cost": 44020.5,
                  "Total Cost": 89354.84,
                  "Plan Rows": 20282,
                  "Plan Width": 0,
                  "Actual Startup Time": 138.172,
                  "Actual Total Time": 280.334,
                  "Actual Rows": 31875,
                  "Actual Loops": 4,
                  "Inner Unique": false,
                  "Join Filter": "(t.id = mi.movie_id)",
                  "Rows Removed by Join Filter": 0,
                  "Plans": [
                    {
                      "Node Type": "Hash Join",
                      "Parent Relationship": "Outer",
                      "Parallel Aware": true,
                      "Join Type": "Inner",
                      "Startup Cost": 44020.07,
                      "Total Cost": 76360.37,
                      "Plan Rows": 5406,
                      "Plan Width": 8,
                      "Actual Startup Time": 138.093,
                      "Actual Total Time": 203.004,
                      "Actual Rows": 3434,
                      "Actual Loops": 4,
                      "Inner Unique": true,
                      "Hash Cond": "(mc.movie_id = t.id)",
                      "Plans": [
                        {
                          "Node Type": "Seq Scan",
                          "Parent Relationship": "Outer",
                          "Parallel Aware": true,
                          "Relation Name": "movie_companies",
                          "Alias": "mc",
                          "Startup Cost": 0.0,
                          "Total Cost": 31414.82,
                          "Plan Rows": 352567,
                          "Plan Width": 4,
                          "Actual Startup Time": 33.603,
                          "Actual Total Time": 72.86,
                          "Actual Rows": 217652,
                          "Actual Loops": 4,
                          "Filter": "((company_id < 76377) AND (company_type_id = 2))",
                          "Rows Removed by Filter": 434630
                        },
                        {
                          "Node Type": "Hash",
                          "Parent Relationship": "Inner",
                          "Parallel Aware": true,
                          "Startup Cost": 43898.92,
                          "Total Cost": 43898.92,
                          "Plan Rows": 9692,
                          "Plan Width": 4,
                          "Actual Startup Time": 102.814,
                          "Actual Total Time": 102.815,
                          "Actual Rows": 9739,
                          "Actual Loops": 4,
                          "Hash Buckets": 65536,
                          "Original Hash Buckets": 65536,
                          "Hash Batches": 1,
                          "Original Hash Batches": 1,
                          "Peak Memory Usage": 2080,
                          "Plans": [
                            {
                              "Node Type": "Seq Scan",
                              "Parent Relationship": "Outer",
                              "Parallel Aware": true,
                              "Relation Name": "title",
                              "Alias": "t",
                              "Startup Cost": 0.0,
                              "Total Cost": 43898.92,
                              "Plan Rows": 9692,
                              "Plan Width": 4,
                              "Actual Startup Time": 0.054,
                              "Actual Total Time": 97.483,
                              "Actual Rows": 9739,
                              "Actual Loops": 4,
                              "Filter": "(production_year = 1997)",
                              "Rows Removed by Filter": 622339
                            }
                          ]
                        }
                      ]
                    },
                    {
                      "Node Type": "Index Scan",
                      "Parent Relationship": "Inner",
                      "Parallel Aware": false,
                      "Scan Direction": "Forward",
                      "Index Name": "movie_id_movie_info",
                      "Relation Name": "movie_info",
                      "Alias": "mi",
                      "Startup Cost": 0.43,
                      "Total Cost": 2.07,
                      "Plan Rows": 27,
                      "Plan Width": 4,
                      "Actual Startup Time": 0.007,
                      "Actual Total Time": 0.021,
                      "Actual Rows": 9,
                      "Actual Loops": 13734,
                      "Index Cond": "(movie_id = mc.movie_id)",
                      "Rows Removed by Index Recheck": 0,
                      "Filter": "(info_type_id < 16)",
                      "Rows Removed by Filter": 7
                    }
                  ]
                }
              ]
            }
          ]
        }
      ]
    },
    "Planning Time": 1.491,
    "Triggers": [],
    "Execution Time": 325.649
  }
]