{
  "Plan": {
    "Node Type": "Aggregate",
    "Strategy": "Plain",
    "Partial Mode": "Finalize",
    "Parallel Aware": false,
    "Startup Cost": 96132.2,
    "Total Cost": 96132.21,
    "Plan Rows": 1,
    "Plan Width": 8,
    "Actual Startup Time": 253.394,
    "Actual Total Time": 272.783,
    "Actual Rows": 1,
    "Actual Loops": 1,
    "Plans": [
      {
        "Node Type": "Gather",
        "Parent Relationship": "Outer",
        "Parallel Aware": false,
        "Startup Cost": 96132.08,
        "Total Cost": 96132.19,
        "Plan Rows": 1,
        "Plan Width": 8,
        "Actual Startup Time": 253.073,
        "Actual Total Time": 272.775,
        "Actual Rows": 2,
        "Actual Loops": 1,
        "Workers Planned": 1,
        "Workers Launched": 1,
        "Single Copy": false,
        "Plans": [
          {
            "Node Type": "Aggregate",
            "Strategy": "Plain",
            "Partial Mode": "Partial",
            "Parent Relationship": "Outer",
            "Parallel Aware": false,
            "Startup Cost": 95132.08,
            "Total Cost": 95132.09,
            "Plan Rows": 1,
            "Plan Width": 8,
            "Actual Startup Time": 246.984,
            "Actual Total Time": 246.987,
            "Actual Rows": 1,
            "Actual Loops": 2,
            "Plans": [
              {
                "Node Type": "Nested Loop",
                "Parent Relationship": "Outer",
                "Parallel Aware": false,
                "Join Type": "Inner",
                "Startup Cost": 64632.79,
                "Total Cost": 95127.44,
                "Plan Rows": 1858,
                "Plan Width": 0,
                "Actual Startup Time": 166.697,
                "Actual Total Time": 246.82,
                "Actual Rows": 2075,
                "Actual Loops": 2,
                "Inner Unique": false,
                "Join Filter": "(t.id = mc.movie_id)",
                "Rows Removed by Join Filter": 0,
                "Plans": [
                  {
                    "Node Type": "Hash Join",
                    "Parent Relationship": "Outer",
                    "Parallel Aware": true,
                    "Join Type": "Inner",
                    "Startup Cost": 64632.36,
                    "Total Cost": 91564.1,
                    "Plan Rows": 3658,
                    "Plan Width": 8,
                    "Actual Startup Time": 166.64,
                    "Actual Total Time": 237.786,
                    "Actual Rows": 1563,
                    "Actual Loops": 2,
                    "Inner Unique": true,
                    "Hash Cond": "(mk.movie_id = t.id)",
                    "Plans": [
                      {
                        "Node Type": "Bitmap Heap Scan",
                        "Parent Relationship": "Outer",
                        "Parallel Aware": true,
                        "Relation Name": "movie_keyword",
                        "Alias": "mk",
                        "Startup Cost": 5910.73,
                        "Total Cost": 32412.45,
                        "Plan Rows": 163818,
                        "Plan Width": 4,
                        "Actual Startup Time": 18.107,
                        "Actual Total Time": 69.525,
                        "Actual Rows": 146742,
                        "Actual Loops": 2,
                        "Recheck Cond": "(keyword_id < 237)",
                        "Rows Removed by Index Recheck": 0,
                        "Exact Heap Blocks": 15328,
                        "Lossy Heap Blocks": 0,
                        "Plans": [
                          {
                            "Node Type": "Bitmap Index Scan",
                            "Parent Relationship": "Outer",
                            "Parallel Aware": false,
                            "Index Name": "keyword_id_movie_keyword",
                            "Startup Cost": 0.0,
                            "Total Cost": 5841.11,
                            "Plan Rows": 278490,
                            "Plan Width": 0,
                            "Actual Startup Time": 14.545,
                            "Actual Total Time": 14.546,
                            "Actual Rows": 293485,
                            "Actual Loops": 1,
                            "Index Cond": "(keyword_id < 237)"
                          }
                        ]
                      },
                      {
                        "Node Type": "Hash",
                        "Parent Relationship": "Inner",
                        "Parallel Aware": true,
                        "Startup Cost": 58306.47,
                        "Total Cost": 58306.47,
                        "Plan Rows": 33213,
                        "Plan Width": 4,
                        "Actual Startup Time": 146.893,
                        "Actual Total Time": 146.894,
                        "Actual Rows": 32318,
                        "Actual Loops": 2,
                        "Hash Buckets": 65536,
                        "Original Hash Buckets": 65536,
                        "Hash Batches": 1,
                        "Original Hash Batches": 1,
                        "Peak Memory Usage": 3072,
                        "Plans": [
                          {
                            "Node Type": "Seq Scan",
                            "Parent Relationship": "Outer",
                            "Parallel Aware": true,
                            "Relation Name": "title",
                            "Alias": "t",
                            "Startup Cost": 0.0,
                            "Total Cost": 58306.47,
                            "Plan Rows": 33213,
                            "Plan Width": 4,
                            "Actual Startup Time": 0.051,
                            "Actual Total Time": 137.985,
                            "Actual Rows": 32318,
                            "Actual Loops": 2,
                            "Filter": "((kind_id > 3) AND (production_year = 2004))",
                            "Rows Removed by Filter": 1231838
                          }
                        ]
                      }
                    ]
                  },
                  {
                    "Node Type": "Index Scan",
                    "Parent Relationship": "Inner",
                    "Parallel Aware": false,
                    "Scan Direction": "Forward",
                    "Index Name": "movie_id_movie_companies",
                    "Relation Name": "movie_companies",
                    "Alias": "mc",
                    "Startup Cost": 0.43,
                    "Total Cost": 0.94,
                    "Plan Rows": 3,
                    "Plan Width": 4,
                    "Actual Startup Time": 0.004,
                    "Actual Total Time": 0.005,
                    "Actual Rows": 1,
                    "Actual Loops": 3126,
                    "Index Cond": "(movie_id = mk.movie_id)",
                    "Rows Removed by Index Recheck": 0,
                    "Filter": "(company_type_id = 1)",
                    "Rows Removed by Filter": 1
                  }
                ]
              }
            ]
          }
        ]
      }
    ]
  },
  "Planning Time": 1.06,
  "Triggers": [],
  "Execution Time": 272.892
}