[
  {
    "Plan": {
      "Node Type": "Aggregate",
      "Strategy": "Plain",
      "Partial Mode": "Finalize",
      "Parallel Aware": false,
      "Startup Cost": 619434.0,
      "Total Cost": 619434.01,
      "Plan Rows": 1,
      "Plan Width": 8,
      "Actual Startup Time": 8820.749,
      "Actual Total Time": 8901.1,
      "Actual Rows": 1,
      "Actual Loops": 1,
      "Plans": [
        {
          "Node Type": "Gather",
          "Parent Relationship": "Outer",
          "Parallel Aware": false,
          "Startup Cost": 619433.38,
          "Total Cost": 619433.99,
          "Plan Rows": 6,
          "Plan Width": 8,
          "Actual Startup Time": 8776.208,
          "Actual Total Time": 8901.084,
          "Actual Rows": 7,
          "Actual Loops": 1,
          "Workers Planned": 6,
          "Workers Launched": 6,
          "Single Copy": false,
          "Plans": [
            {
              "Node Type": "Aggregate",
              "Strategy": "Plain",
              "Partial Mode": "Partial",
              "Parent Relationship": "Outer",
              "Parallel Aware": false,
              "Startup Cost": 618433.38,
              "Total Cost": 618433.39,
              "Plan Rows": 1,
              "Plan Width": 8,
              "Actual Startup Time": 8753.341,
              "Actual Total Time": 8753.52,
              "Actual Rows": 1,
              "Actual Loops": 7,
              "Plans": [
                {
                  "Node Type": "Hash Join",
                  "Parent Relationship": "Outer",
                  "Parallel Aware": true,
                  "Join Type": "Inner",
                  "Startup Cost": 253253.7,
                  "Total Cost": 602091.24,
                  "Plan Rows": 6536854,
                  "Plan Width": 0,
                  "Actual Startup Time": 1457.763,
                  "Actual Total Time": 7367.746,
                  "Actual Rows": 32228965,
                  "Actual Loops": 7,
                  "Inner Unique": false,
                  "Hash Cond": "(ci.movie_id = t.id)",
                  "Plans": [
                    {
                      "Node Type": "Seq Scan",
                      "Parent Relationship": "Outer",
                      "Parallel Aware": true,
                      "Relation Name": "cast_info",
                      "Alias": "ci",
                      "Startup Cost": 0.0,
                      "Total Cost": 313106.51,
                      "Plan Rows": 6041951,
                      "Plan Width": 4,
                      "Actual Startup Time": 0.017,
                      "Actual Total Time": 554.798,
                      "Actual Rows": 5177763,
                      "Actual Loops": 7
                    },
                    {
                      "Node Type": "Hash",
                      "Parent Relationship": "Inner",
                      "Parallel Aware": true,
                      "Startup Cost": 246414.88,
                      "Total Cost": 246414.88,
                      "Plan Rows": 547106,
                      "Plan Width": 8,
                      "Actual Startup Time": 1451.404,
                      "Actual Total Time": 1451.58,
                      "Actual Rows": 643231,
                      "Actual Loops": 7,
                      "Hash Buckets": 8388608,
                      "Original Hash Buckets": 4194304,
                      "Hash Batches": 1,
                      "Original Hash Batches": 1,
                      "Peak Memory Usage": 274560,
                      "Plans": [
                        {
                          "Node Type": "Hash Join",
                          "Parent Relationship": "Outer",
                          "Parallel Aware": true,
                          "Join Type": "Inner",
                          "Startup Cost": 46935.47,
                          "Total Cost": 246414.88,
                          "Plan Rows": 547106,
                          "Plan Width": 8,
                          "Actual Startup Time": 133.768,
                          "Actual Total Time": 900.997,
                          "Actual Rows": 643231,
                          "Actual Loops": 7,
                          "Inner Unique": true,
                          "Hash Cond": "(mi.movie_id = t.id)",
                          "Plans": [
                            {
                              "Node Type": "Seq Scan",
                              "Parent Relationship": "Outer",
                              "Parallel Aware": true,
                              "Relation Name": "movie_info",
                              "Alias": "mi",
                              "Startup Cost": 0.0,
                              "Total Cost": 191685.19,
                              "Plan Rows": 2969219,
                              "Plan Width": 4,
                              "Actual Startup Time": 0.035,
                              "Actual Total Time": 324.64,
                              "Actual Rows": 2119389,
                              "Actual Loops": 7
                            },
                            {
                              "Node Type": "Hash",
                              "Parent Relationship": "Inner",
                              "Parallel Aware": true,
                              "Startup Cost": 45479.59,
                              "Total Cost": 45479.59,
                              "Plan Rows": 116471,
                              "Plan Width": 4,
                              "Actual Startup Time": 121.102,
                              "Actual Total Time": 121.104,
                              "Actual Rows": 48678,
                              "Actual Loops": 7,
                              "Hash Buckets": 524288,
                              "Original Hash Buckets": 524288,
                              "Hash Batches": 1,
                              "Original Hash Batches": 1,
                              "Peak Memory Usage": 17536,
                              "Plans": [
                                {
                                  "Node Type": "Seq Scan",
                                  "Parent Relationship": "Outer",
                                  "Parallel Aware": true,
                                  "Relation Name": "title",
                                  "Alias": "t",
                                  "Startup Cost": 0.0,
                                  "Total Cost": 45479.59,
                                  "Plan Rows": 116471,
                                  "Plan Width": 4,
                                  "Actual Startup Time": 46.201,
                                  "Actual Total Time": 86.562,
                                  "Actual Rows": 48678,
                                  "Actual Loops": 7,
                                  "Filter": "((production_year > 1989) AND (kind_id = 1))",
                                  "Rows Removed by Filter": 312509
                                }
                              ]
                            }
                          ]
                        }
                      ]
                    }
                  ]
                }
              ]
            }
          ]
        }
      ]
    },
    "Planning Time": 0.627,
    "Triggers": [],
    "Execution Time": 8901.158
  }
]