[
    {
        "Bao": {
            "Bao prediction": "NaN",
            "Bao recommended hint": "(no hint)"
        }
    },
    {
        "Plan": {
            "Node Type": "Aggregate",
            "Strategy": "Plain",
            "Partial Mode": "Finalize",
            "Parallel Aware": false,
            "Startup Cost": 27278.14,
            "Total Cost": 27278.15,
            "Plan Rows": 1,
            "Plan Width": 8,
            "Actual Startup Time": 20.626,
            "Actual Total Time": 23.647,
            "Actual Rows": 1,
            "Actual Loops": 1,
            "Output": [
                "count(*)"
            ],
            "Plans": [
                {
                    "Node Type": "Gather",
                    "Parent Relationship": "Outer",
                    "Parallel Aware": false,
                    "Startup Cost": 27277.92,
                    "Total Cost": 27278.13,
                    "Plan Rows": 2,
                    "Plan Width": 8,
                    "Actual Startup Time": 20.23,
                    "Actual Total Time": 23.641,
                    "Actual Rows": 3,
                    "Actual Loops": 1,
                    "Output": [
                        "(PARTIAL count(*))"
                    ],
                    "Workers Planned": 2,
                    "Workers Launched": 2,
                    "Single Copy": false,
                    "Plans": [
                        {
                            "Node Type": "Aggregate",
                            "Strategy": "Plain",
                            "Partial Mode": "Partial",
                            "Parent Relationship": "Outer",
                            "Parallel Aware": false,
                            "Startup Cost": 26277.92,
                            "Total Cost": 26277.93,
                            "Plan Rows": 1,
                            "Plan Width": 8,
                            "Actual Startup Time": 12.199,
                            "Actual Total Time": 12.202,
                            "Actual Rows": 1,
                            "Actual Loops": 3,
                            "Output": [
                                "PARTIAL count(*)"
                            ],
                            "Workers": [
                                {
                                    "Worker Number": 0,
                                    "Actual Startup Time": 8.02,
                                    "Actual Total Time": 8.023,
                                    "Actual Rows": 1,
                                    "Actual Loops": 1
                                },
                                {
                                    "Worker Number": 1,
                                    "Actual Startup Time": 8.659,
                                    "Actual Total Time": 8.662,
                                    "Actual Rows": 1,
                                    "Actual Loops": 1
                                }
                            ],
                            "Plans": [
                                {
                                    "Node Type": "Nested Loop",
                                    "Parent Relationship": "Outer",
                                    "Parallel Aware": false,
                                    "Join Type": "Inner",
                                    "Startup Cost": 95.19,
                                    "Total Cost": 26270.28,
                                    "Plan Rows": 3058,
                                    "Plan Width": 0,
                                    "Actual Startup Time": 2.95,
                                    "Actual Total Time": 12.139,
                                    "Actual Rows": 776,
                                    "Actual Loops": 3,
                                    "Inner Unique": false,
                                    "Workers": [
                                        {
                                            "Worker Number": 0,
                                            "Actual Startup Time": 6.055,
                                            "Actual Total Time": 8.005,
                                            "Actual Rows": 19,
                                            "Actual Loops": 1
                                        },
                                        {
                                            "Worker Number": 1,
                                            "Actual Startup Time": 1.407,
                                            "Actual Total Time": 8.642,
                                            "Actual Rows": 19,
                                            "Actual Loops": 1
                                        }
                                    ],
                                    "Plans": [
                                        {
                                            "Node Type": "Nested Loop",
                                            "Parent Relationship": "Outer",
                                            "Parallel Aware": false,
                                            "Join Type": "Inner",
                                            "Startup Cost": 94.75,
                                            "Total Cost": 24857.02,
                                            "Plan Rows": 524,
                                            "Plan Width": 8,
                                            "Actual Startup Time": 2.787,
                                            "Actual Total Time": 10.541,
                                            "Actual Rows": 81,
                                            "Actual Loops": 3,
                                            "Output": [
                                                "t.id",
                                                "mk.movie_id"
                                            ],
                                            "Inner Unique": true,
                                            "Workers": [
                                                {
                                                    "Worker Number": 0,
                                                    "Actual Startup Time": 5.868,
                                                    "Actual Total Time": 7.289,
                                                    "Actual Rows": 2,
                                                    "Actual Loops": 1
                                                },
                                                {
                                                    "Worker Number": 1,
                                                    "Actual Startup Time": 1.12,
                                                    "Actual Total Time": 7.705,
                                                    "Actual Rows": 3,
                                                    "Actual Loops": 1
                                                }
                                            ],
                                            "Plans": [
                                                {
                                                    "Node Type": "Bitmap Heap Scan",
                                                    "Parent Relationship": "Outer",
                                                    "Parallel Aware": true,
                                                    "Relation Name": "movie_keyword",
                                                    "Schema": "public",
                                                    "Alias": "mk",
                                                    "Startup Cost": 94.32,
                                                    "Total Cost": 11296.48,
                                                    "Plan Rows": 1822,
                                                    "Plan Width": 4,
                                                    "Actual Startup Time": 0.543,
                                                    "Actual Total Time": 3.503,
                                                    "Actual Rows": 1013,
                                                    "Actual Loops": 3,
                                                    "Output": [
                                                        "mk.id",
                                                        "mk.movie_id",
                                                        "mk.keyword_id"
                                                    ],
                                                    "Recheck Cond": "(mk.keyword_id = 580)",
                                                    "Rows Removed by Index Recheck": 0,
                                                    "Exact Heap Blocks": 2446,
                                                    "Lossy Heap Blocks": 0,
                                                    "Workers": [
                                                        {
                                                            "Worker Number": 0,
                                                            "Actual Startup Time": 0.151,
                                                            "Actual Total Time": 2.483,
                                                            "Actual Rows": 74,
                                                            "Actual Loops": 1
                                                        },
                                                        {
                                                            "Worker Number": 1,
                                                            "Actual Startup Time": 0.125,
                                                            "Actual Total Time": 2.479,
                                                            "Actual Rows": 77,
                                                            "Actual Loops": 1
                                                        }
                                                    ],
                                                    "Plans": [
                                                        {
                                                            "Node Type": "Bitmap Index Scan",
                                                            "Parent Relationship": "Outer",
                                                            "Parallel Aware": false,
                                                            "Index Name": "keyword_id_movie_keyword",
                                                            "Startup Cost": 0.0,
                                                            "Total Cost": 93.23,
                                                            "Plan Rows": 4373,
                                                            "Plan Width": 0,
                                                            "Actual Startup Time": 0.94,
                                                            "Actual Total Time": 0.94,
                                                            "Actual Rows": 3040,
                                                            "Actual Loops": 1,
                                                            "Index Cond": "(mk.keyword_id = 580)"
                                                        }
                                                    ]
                                                },
                                                {
                                                    "Node Type": "Index Scan",
                                                    "Parent Relationship": "Inner",
                                                    "Parallel Aware": false,
                                                    "Scan Direction": "Forward",
                                                    "Index Name": "title_pkey",
                                                    "Relation Name": "title",
                                                    "Schema": "public",
                                                    "Alias": "t",
                                                    "Startup Cost": 0.43,
                                                    "Total Cost": 7.44,
                                                    "Plan Rows": 1,
                                                    "Plan Width": 4,
                                                    "Actual Startup Time": 0.007,
                                                    "Actual Total Time": 0.007,
                                                    "Actual Rows": 0,
                                                    "Actual Loops": 3040,
                                                    "Output": [
                                                        "t.id",
                                                        "t.title",
                                                        "t.imdb_index",
                                                        "t.kind_id",
                                                        "t.production_year",
                                                        "t.imdb_id",
                                                        "t.phonetic_code",
                                                        "t.episode_of_id",
                                                        "t.season_nr",
                                                        "t.episode_nr",
                                                        "t.series_years",
                                                        "t.md5sum"
                                                    ],
                                                    "Index Cond": "(t.id = mk.movie_id)",
                                                    "Rows Removed by Index Recheck": 0,
                                                    "Filter": "((t.kind_id > 3) AND (t.production_year > 2004))",
                                                    "Rows Removed by Filter": 1,
                                                    "Workers": [
                                                        {
                                                            "Worker Number": 0,
                                                            "Actual Startup Time": 0.063,
                                                            "Actual Total Time": 0.063,
                                                            "Actual Rows": 0,
                                                            "Actual Loops": 74
                                                        },
                                                        {
                                                            "Worker Number": 1,
                                                            "Actual Startup Time": 0.065,
                                                            "Actual Total Time": 0.065,
                                                            "Actual Rows": 0,
                                                            "Actual Loops": 77
                                                        }
                                                    ]
                                                }
                                            ]
                                        },
                                        {
                                            "Node Type": "Index Only Scan",
                                            "Parent Relationship": "Inner",
                                            "Parallel Aware": false,
                                            "Scan Direction": "Forward",
                                            "Index Name": "movie_id_movie_info",
                                            "Relation Name": "movie_info",
                                            "Schema": "public",
                                            "Alias": "mi",
                                            "Startup Cost": 0.43,
                                            "Total Cost": 2.31,
                                            "Plan Rows": 39,
                                            "Plan Width": 4,
                                            "Actual Startup Time": 0.008,
                                            "Actual Total Time": 0.019,
                                            "Actual Rows": 10,
                                            "Actual Loops": 243,
                                            "Output": [
                                                "mi.movie_id"
                                            ],
                                            "Index Cond": "(mi.movie_id = t.id)",
                                            "Rows Removed by Index Recheck": 0,
                                            "Heap Fetches": 2327,
                                            "Workers": [
                                                {
                                                    "Worker Number": 0,
                                                    "Actual Startup Time": 0.146,
                                                    "Actual Total Time": 0.35,
                                                    "Actual Rows": 10,
                                                    "Actual Loops": 2
                                                },
                                                {
                                                    "Worker Number": 1,
                                                    "Actual Startup Time": 0.147,
                                                    "Actual Total Time": 0.305,
                                                    "Actual Rows": 6,
                                                    "Actual Loops": 3
                                                }
                                            ]
                                        }
                                    ]
                                }
                            ]
                        }
                    ]
                }
            ]
        },
        "Planning Time": 175.817,
        "Triggers": [],
        "Execution Time": 23.716
    }
]