[
  {
    "Plan": {
      "Node Type": "Aggregate",
      "Strategy": "Plain",
      "Partial Mode": "Finalize",
      "Parallel Aware": false,
      "Startup Cost": 46170.36,
      "Total Cost": 46170.37,
      "Plan Rows": 1,
      "Plan Width": 8,
      "Actual Startup Time": 240.204,
      "Actual Total Time": 259.167,
      "Actual Rows": 1,
      "Actual Loops": 1,
      "Plans": [
        {
          "Node Type": "Gather",
          "Parent Relationship": "Outer",
          "Parallel Aware": false,
          "Startup Cost": 46170.05,
          "Total Cost": 46170.36,
          "Plan Rows": 3,
          "Plan Width": 8,
          "Actual Startup Time": 239.986,
          "Actual Total Time": 259.151,
          "Actual Rows": 4,
          "Actual Loops": 1,
          "Workers Planned": 3,
          "Workers Launched": 3,
          "Single Copy": false,
          "Plans": [
            {
              "Node Type": "Aggregate",
              "Strategy": "Plain",
              "Partial Mode": "Partial",
              "Parent Relationship": "Outer",
              "Parallel Aware": false,
              "Startup Cost": 45170.05,
              "Total Cost": 45170.06,
              "Plan Rows": 1,
              "Plan Width": 8,
              "Actual Startup Time": 231.202,
              "Actual Total Time": 231.205,
              "Actual Rows": 1,
              "Actual Loops": 4,
              "Plans": [
                {
                  "Node Type": "Seq Scan",
                  "Parent Relationship": "Outer",
                  "Parallel Aware": true,
                  "Relation Name": "movie_keyword",
                  "Alias": "mk",
                  "Startup Cost": 0.0,
                  "Total Cost": 42695.65,
                  "Plan Rows": 989757,
                  "Plan Width": 0,
                  "Actual Startup Time": 0.062,
                  "Actual Total Time": 177.966,
                  "Actual Rows": 768334,
                  "Actual Loops": 4,
                  "Filter": "(keyword_id < 11524)",
                  "Rows Removed by Filter": 362648
                }
              ]
            }
          ]
        }
      ]
    },
    "Planning Time": 0.203,
    "Triggers": [],
    "Execution Time": 259.238
  }
]