[
  {
    "Plan": {
      "Node Type": "Aggregate",
      "Strategy": "Plain",
      "Partial Mode": "Finalize",
      "Parallel Aware": false,
      "Startup Cost": 432343.05,
      "Total Cost": 432343.06,
      "Plan Rows": 1,
      "Plan Width": 8,
      "Actual Startup Time": 1669.299,
      "Actual Total Time": 1731.027,
      "Actual Rows": 1,
      "Actual Loops": 1,
      "Plans": [
        {
          "Node Type": "Gather",
          "Parent Relationship": "Outer",
          "Parallel Aware": false,
          "Startup Cost": 432342.43,
          "Total Cost": 432343.04,
          "Plan Rows": 6,
          "Plan Width": 8,
          "Actual Startup Time": 1654.981,
          "Actual Total Time": 1731.014,
          "Actual Rows": 7,
          "Actual Loops": 1,
          "Workers Planned": 6,
          "Workers Launched": 6,
          "Single Copy": false,
          "Plans": [
            {
              "Node Type": "Aggregate",
              "Strategy": "Plain",
              "Partial Mode": "Partial",
              "Parent Relationship": "Outer",
              "Parallel Aware": false,
              "Startup Cost": 431342.43,
              "Total Cost": 431342.44,
              "Plan Rows": 1,
              "Plan Width": 8,
              "Actual Startup Time": 1643.799,
              "Actual Total Time": 1644.025,
              "Actual Rows": 1,
              "Actual Loops": 7,
              "Plans": [
                {
                  "Node Type": "Hash Join",
                  "Parent Relationship": "Outer",
                  "Parallel Aware": true,
                  "Join Type": "Inner",
                  "Startup Cost": 91791.87,
                  "Total Cost": 429632.55,
                  "Plan Rows": 683953,
                  "Plan Width": 0,
                  "Actual Startup Time": 358.899,
                  "Actual Total Time": 1519.827,
                  "Actual Rows": 2664780,
                  "Actual Loops": 7,
                  "Inner Unique": false,
                  "Hash Cond": "(ci.movie_id = t.id)",
                  "Plans": [
                    {
                      "Node Type": "Seq Scan",
                      "Parent Relationship": "Outer",
                      "Parallel Aware": true,
                      "Relation Name": "cast_info",
                      "Alias": "ci",
                      "Startup Cost": 0.0,
                      "Total Cost": 328162.03,
                      "Plan Rows": 1992627,
                      "Plan Width": 4,
                      "Actual Startup Time": 0.025,
                      "Actual Total Time": 588.506,
                      "Actual Rows": 1706400,
                      "Actual Loops": 7,
                      "Filter": "(person_id < 1175025)",
                      "Rows Removed by Filter": 3471364
                    },
                    {
                      "Node Type": "Hash",
                      "Parent Relationship": "Inner",
                      "Parallel Aware": true,
                      "Startup Cost": 88292.61,
                      "Total Cost": 88292.61,
                      "Plan Rows": 279941,
                      "Plan Width": 8,
                      "Actual Startup Time": 355.478,
                      "Actual Total Time": 355.703,
                      "Actual Rows": 177519,
                      "Actual Loops": 7,
                      "Hash Buckets": 2097152,
                      "Original Hash Buckets": 1048576,
                      "Hash Batches": 1,
                      "Original Hash Batches": 1,
                      "Peak Memory Usage": 73280,
                      "Plans": [
                        {
                          "Node Type": "Hash Join",
                          "Parent Relationship": "Outer",
                          "Parallel Aware": true,
                          "Join Type": "Inner",
                          "Startup Cost": 45414.53,
                          "Total Cost": 88292.61,
                          "Plan Rows": 279941,
                          "Plan Width": 8,
                          "Actual Startup Time": 114.362,
                          "Actual Total Time": 269.595,
                          "Actual Rows": 177519,
                          "Actual Loops": 7,
                          "Inner Unique": true,
                          "Hash Cond": "(mk.movie_id = t.id)",
                          "Plans": [
                            {
                              "Node Type": "Seq Scan",
                              "Parent Relationship": "Outer",
                              "Parallel Aware": true,
                              "Relation Name": "movie_keyword",
                              "Alias": "mk",
                              "Startup Cost": 0.0,
                              "Total Cost": 39047.32,
                              "Plan Rows": 1459332,
                              "Plan Width": 4,
                              "Actual Startup Time": 0.026,
                              "Actual Total Time": 65.854,
                              "Actual Rows": 646276,
                              "Actual Loops": 7
                            },
                            {
                              "Node Type": "Hash",
                              "Parent Relationship": "Inner",
                              "Parallel Aware": true,
                              "Startup Cost": 43898.92,
                              "Total Cost": 43898.92,
                              "Plan Rows": 121249,
                              "Plan Width": 4,
                              "Actual Startup Time": 113.405,
                              "Actual Total Time": 113.406,
                              "Actual Rows": 70576,
                              "Actual Loops": 7,
                              "Hash Buckets": 524288,
                              "Original Hash Buckets": 524288,
                              "Hash Batches": 1,
                              "Original Hash Batches": 1,
                              "Peak Memory Usage": 23552,
                              "Plans": [
                                {
                                  "Node Type": "Seq Scan",
                                  "Parent Relationship": "Outer",
                                  "Parallel Aware": true,
                                  "Relation Name": "title",
                                  "Alias": "t",
                                  "Startup Cost": 0.0,
                                  "Total Cost": 43898.92,
                                  "Plan Rows": 121249,
                                  "Plan Width": 4,
                                  "Actual Startup Time": 0.048,
                                  "Actual Total Time": 79.713,
                                  "Actual Rows": 70576,
                                  "Actual Loops": 7,
                                  "Filter": "(production_year < 1979)",
                                  "Rows Removed by Filter": 290612
                                }
                              ]
                            }
                          ]
                        }
                      ]
                    }
                  ]
                }
              ]
            }
          ]
        }
      ]
    },
    "Planning Time": 1.335,
    "Triggers": [],
    "Execution Time": 1731.127
  }
]