{
  "Plan": {
    "Node Type": "Aggregate",
    "Strategy": "Plain",
    "Partial Mode": "Finalize",
    "Parallel Aware": false,
    "Startup Cost": 541948.9,
    "Total Cost": 541948.91,
    "Plan Rows": 1,
    "Plan Width": 8,
    "Actual Startup Time": 2065.561,
    "Actual Total Time": 2080.356,
    "Actual Rows": 1,
    "Actual Loops": 1,
    "Plans": [
      {
        "Node Type": "Gather",
        "Parent Relationship": "Outer",
        "Parallel Aware": false,
        "Startup Cost": 541948.79,
        "Total Cost": 541948.9,
        "Plan Rows": 1,
        "Plan Width": 8,
        "Actual Startup Time": 1564.182,
        "Actual Total Time": 2080.344,
        "Actual Rows": 2,
        "Actual Loops": 1,
        "Workers Planned": 1,
        "Workers Launched": 1,
        "Single Copy": false,
        "Plans": [
          {
            "Node Type": "Aggregate",
            "Strategy": "Plain",
            "Partial Mode": "Partial",
            "Parent Relationship": "Outer",
            "Parallel Aware": false,
            "Startup Cost": 540948.79,
            "Total Cost": 540948.8,
            "Plan Rows": 1,
            "Plan Width": 8,
            "Actual Startup Time": 1804.628,
            "Actual Total Time": 1804.636,
            "Actual Rows": 1,
            "Actual Loops": 2,
            "Plans": [
              {
                "Node Type": "Merge Join",
                "Parent Relationship": "Outer",
                "Parallel Aware": false,
                "Join Type": "Inner",
                "Startup Cost": 526633.78,
                "Total Cost": 540048.04,
                "Plan Rows": 360302,
                "Plan Width": 0,
                "Actual Startup Time": 1710.824,
                "Actual Total Time": 1796.01,
                "Actual Rows": 209578,
                "Actual Loops": 2,
                "Inner Unique": false,
                "Merge Cond": "(mi.movie_id = t.id)",
                "Plans": [
                  {
                    "Node Type": "Sort",
                    "Parent Relationship": "Outer",
                    "Parallel Aware": false,
                    "Startup Cost": 336622.19,
                    "Total Cost": 339647.05,
                    "Plan Rows": 1209942,
                    "Plan Width": 4,
                    "Actual Startup Time": 471.266,
                    "Actual Total Time": 483.193,
                    "Actual Rows": 329884,
                    "Actual Loops": 2,
                    "Sort Key": [
                      "mi.movie_id"
                    ],
                    "Sort Method": "quicksort",
                    "Sort Space Used": 112732,
                    "Sort Space Type": "Memory",
                    "Workers": [
                      {
                        "Worker Number": 0,
                        "Sort Method": "quicksort",
                        "Sort Space Used": 59016,
                        "Sort Space Type": "Memory"
                      }
                    ],
                    "Plans": [
                      {
                        "Node Type": "Bitmap Heap Scan",
                        "Parent Relationship": "Outer",
                        "Parallel Aware": true,
                        "Relation Name": "movie_info",
                        "Alias": "mi",
                        "Startup Cost": 37261.42,
                        "Total Cost": 214378.69,
                        "Plan Rows": 1209942,
                        "Plan Width": 4,
                        "Actual Startup Time": 69.604,
                        "Actual Total Time": 211.268,
                        "Actual Rows": 1045534,
                        "Actual Loops": 2,
                        "Recheck Cond": "(info_type_id < 3)",
                        "Rows Removed by Index Recheck": 0,
                        "Exact Heap Blocks": 8716,
                        "Lossy Heap Blocks": 0,
                        "Plans": [
                          {
                            "Node Type": "Bitmap Index Scan",
                            "Parent Relationship": "Outer",
                            "Parallel Aware": false,
                            "Index Name": "info_type_id_movie_info",
                            "Startup Cost": 0.0,
                            "Total Cost": 36747.19,
                            "Plan Rows": 2056901,
                            "Plan Width": 0,
                            "Actual Startup Time": 73.157,
                            "Actual Total Time": 73.158,
                            "Actual Rows": 2091068,
                            "Actual Loops": 1,
                            "Index Cond": "(info_type_id < 3)"
                          }
                        ]
                      }
                    ]
                  },
                  {
                    "Node Type": "Sort",
                    "Parent Relationship": "Inner",
                    "Parallel Aware": false,
                    "Startup Cost": 190011.51,
                    "Total Cost": 191893.73,
                    "Plan Rows": 752887,
                    "Plan Width": 8,
                    "Actual Startup Time": 1239.545,
                    "Actual Total Time": 1257.533,
                    "Actual Rows": 473295,
                    "Actual Loops": 2,
                    "Sort Key": [
                      "mi_idx.movie_id"
                    ],
                    "Sort Method": "quicksort",
                    "Sort Space Used": 32090,
                    "Sort Space Type": "Memory",
                    "Workers": [
                      {
                        "Worker Number": 0,
                        "Sort Method": "quicksort",
                        "Sort Space Used": 32090,
                        "Sort Space Type": "Memory"
                      }
                    ],
                    "Plans": [
                      {
                        "Node Type": "Hash Join",
                        "Parent Relationship": "Outer",
                        "Parallel Aware": false,
                        "Join Type": "Inner",
                        "Startup Cost": 91163.98,
                        "Total Cost": 116521.94,
                        "Plan Rows": 752887,
                        "Plan Width": 8,
                        "Actual Startup Time": 736.43,
                        "Actual Total Time": 1132.302,
                        "Actual Rows": 422439,
                        "Actual Loops": 2,
                        "Inner Unique": true,
                        "Hash Cond": "(mi_idx.movie_id = t.id)",
                        "Plans": [
                          {
                            "Node Type": "Seq Scan",
                            "Parent Relationship": "Outer",
                            "Parallel Aware": false,
                            "Relation Name": "movie_info_idx",
                            "Alias": "mi_idx",
                            "Startup Cost": 0.0,
                            "Total Cost": 21735.35,
                            "Plan Rows": 1380035,
                            "Plan Width": 4,
                            "Actual Startup Time": 0.047,
                            "Actual Total Time": 115.376,
                            "Actual Rows": 1380035,
                            "Actual Loops": 2
                          },
                          {
                            "Node Type": "Hash",
                            "Parent Relationship": "Inner",
                            "Parallel Aware": false,
                            "Startup Cost": 73922.39,
                            "Total Cost": 73922.39,
                            "Plan Rows": 1379327,
                            "Plan Width": 4,
                            "Actual Startup Time": 726.829,
                            "Actual Total Time": 726.831,
                            "Actual Rows": 1460524,
                            "Actual Loops": 2,
                            "Hash Buckets": 2097152,
                            "Original Hash Buckets": 2097152,
                            "Hash Batches": 1,
                            "Original Hash Batches": 1,
                            "Peak Memory Usage": 67731,
                            "Plans": [
                              {
                                "Node Type": "Seq Scan",
                                "Parent Relationship": "Outer",
                                "Parallel Aware": false,
                                "Relation Name": "title",
                                "Alias": "t",
                                "Startup Cost": 0.0,
                                "Total Cost": 73922.39,
                                "Plan Rows": 1379327,
                                "Plan Width": 4,
                                "Actual Startup Time": 0.029,
                                "Actual Total Time": 359.28,
                                "Actual Rows": 1460524,
                                "Actual Loops": 2,
                                "Filter": "((production_year > 1954) AND (kind_id = 7))",
                                "Rows Removed by Filter": 1067788
                              }
                            ]
                          }
                        ]
                      }
                    ]
                  }
                ]
              }
            ]
          }
        ]
      }
    ]
  },
  "Planning Time": 0.573,
  "Triggers": [],
  "Execution Time": 2093.055
}