{
  "Plan": {
    "Node Type": "Aggregate",
    "Strategy": "Plain",
    "Partial Mode": "Simple",
    "Parallel Aware": false,
    "Startup Cost": 696.44,
    "Total Cost": 696.45,
    "Plan Rows": 1,
    "Plan Width": 8,
    "Actual Startup Time": 2.353,
    "Actual Total Time": 2.356,
    "Actual Rows": 1,
    "Actual Loops": 1,
    "Plans": [
      {
        "Node Type": "Nested Loop",
        "Parent Relationship": "Outer",
        "Parallel Aware": false,
        "Join Type": "Inner",
        "Startup Cost": 0.86,
        "Total Cost": 696.33,
        "Plan Rows": 43,
        "Plan Width": 0,
        "Actual Startup Time": 0.346,
        "Actual Total Time": 2.319,
        "Actual Rows": 107,
        "Actual Loops": 1,
        "Inner Unique": true,
        "Plans": [
          {
            "Node Type": "Index Scan",
            "Parent Relationship": "Outer",
            "Parallel Aware": false,
            "Scan Direction": "Forward",
            "Index Name": "company_id_movie_companies",
            "Relation Name": "movie_companies",
            "Alias": "mc",
            "Startup Cost": 0.43,
            "Total Cost": 273.83,
            "Plan Rows": 50,
            "Plan Width": 4,
            "Actual Startup Time": 0.3,
            "Actual Total Time": 0.865,
            "Actual Rows": 109,
            "Actual Loops": 1,
            "Index Cond": "(company_id = 15524)",
            "Rows Removed by Index Recheck": 0,
            "Filter": "(company_type_id < 2)",
            "Rows Removed by Filter": 83
          },
          {
            "Node Type": "Index Scan",
            "Parent Relationship": "Inner",
            "Parallel Aware": false,
            "Scan Direction": "Forward",
            "Index Name": "title_pkey",
            "Relation Name": "title",
            "Alias": "t",
            "Startup Cost": 0.43,
            "Total Cost": 8.45,
            "Plan Rows": 1,
            "Plan Width": 4,
            "Actual Startup Time": 0.012,
            "Actual Total Time": 0.012,
            "Actual Rows": 1,
            "Actual Loops": 109,
            "Index Cond": "(id = mc.movie_id)",
            "Rows Removed by Index Recheck": 0,
            "Filter": "(production_year > 1965)",
            "Rows Removed by Filter": 0
          }
        ]
      }
    ]
  },
  "Planning Time": 0.468,
  "Triggers": [],
  "Execution Time": 2.429
}