[
  {
    "Plan": {
      "Node Type": "Aggregate",
      "Strategy": "Plain",
      "Partial Mode": "Finalize",
      "Parallel Aware": false,
      "Startup Cost": 85048.05,
      "Total Cost": 85048.06,
      "Plan Rows": 1,
      "Plan Width": 8,
      "Actual Startup Time": 197.491,
      "Actual Total Time": 223.85,
      "Actual Rows": 1,
      "Actual Loops": 1,
      "Plans": [
        {
          "Node Type": "Gather",
          "Parent Relationship": "Outer",
          "Parallel Aware": false,
          "Startup Cost": 85047.73,
          "Total Cost": 85048.04,
          "Plan Rows": 3,
          "Plan Width": 8,
          "Actual Startup Time": 197.247,
          "Actual Total Time": 223.833,
          "Actual Rows": 4,
          "Actual Loops": 1,
          "Workers Planned": 3,
          "Workers Launched": 3,
          "Single Copy": false,
          "Plans": [
            {
              "Node Type": "Aggregate",
              "Strategy": "Plain",
              "Partial Mode": "Partial",
              "Parent Relationship": "Outer",
              "Parallel Aware": false,
              "Startup Cost": 84047.73,
              "Total Cost": 84047.74,
              "Plan Rows": 1,
              "Plan Width": 8,
              "Actual Startup Time": 190.511,
              "Actual Total Time": 190.514,
              "Actual Rows": 1,
              "Actual Loops": 4,
              "Plans": [
                {
                  "Node Type": "Hash Join",
                  "Parent Relationship": "Outer",
                  "Parallel Aware": true,
                  "Join Type": "Inner",
                  "Startup Cost": 38726.03,
                  "Total Cost": 84017.23,
                  "Plan Rows": 12201,
                  "Plan Width": 0,
                  "Actual Startup Time": 63.32,
                  "Actual Total Time": 190.342,
                  "Actual Rows": 2964,
                  "Actual Loops": 4,
                  "Inner Unique": true,
                  "Hash Cond": "(mk.movie_id = t.id)",
                  "Plans": [
                    {
                      "Node Type": "Seq Scan",
                      "Parent Relationship": "Outer",
                      "Parallel Aware": true,
                      "Relation Name": "movie_keyword",
                      "Alias": "mk",
                      "Startup Cost": 0.0,
                      "Total Cost": 42695.65,
                      "Plan Rows": 988779,
                      "Plan Width": 4,
                      "Actual Startup Time": 0.141,
                      "Actual Total Time": 111.814,
                      "Actual Rows": 766371,
                      "Actual Loops": 4,
                      "Filter": "(keyword_id > 2056)",
                      "Rows Removed by Filter": 364611
                    },
                    {
                      "Node Type": "Hash",
                      "Parent Relationship": "Inner",
                      "Parallel Aware": true,
                      "Startup Cost": 38628.53,
                      "Total Cost": 38628.53,
                      "Plan Rows": 7800,
                      "Plan Width": 4,
                      "Actual Startup Time": 32.891,
                      "Actual Total Time": 32.892,
                      "Actual Rows": 1004,
                      "Actual Loops": 4,
                      "Hash Buckets": 32768,
                      "Original Hash Buckets": 32768,
                      "Hash Batches": 1,
                      "Original Hash Batches": 1,
                      "Peak Memory Usage": 448,
                      "Plans": [
                        {
                          "Node Type": "Bitmap Heap Scan",
                          "Parent Relationship": "Outer",
                          "Parallel Aware": true,
                          "Relation Name": "title",
                          "Alias": "t",
                          "Startup Cost": 2175.1,
                          "Total Cost": 38628.53,
                          "Plan Rows": 7800,
                          "Plan Width": 4,
                          "Actual Startup Time": 3.277,
                          "Actual Total Time": 32.288,
                          "Actual Rows": 1004,
                          "Actual Loops": 4,
                          "Recheck Cond": "(kind_id = 4)",
                          "Rows Removed by Index Recheck": 0,
                          "Filter": "(production_year < 1989)",
                          "Rows Removed by Filter": 28555,
                          "Exact Heap Blocks": 7903,
                          "Lossy Heap Blocks": 0,
                          "Plans": [
                            {
                              "Node Type": "Bitmap Index Scan",
                              "Parent Relationship": "Outer",
                              "Parallel Aware": false,
                              "Index Name": "kind_id_title",
                              "Startup Cost": 0.0,
                              "Total Cost": 2167.3,
                              "Plan Rows": 121449,
                              "Plan Width": 0,
                              "Actual Startup Time": 6.421,
                              "Actual Total Time": 6.421,
                              "Actual Rows": 118234,
                              "Actual Loops": 1,
                              "Index Cond": "(kind_id = 4)"
                            }
                          ]
                        }
                      ]
                    }
                  ]
                }
              ]
            }
          ]
        }
      ]
    },
    "Planning Time": 0.418,
    "Triggers": [],
    "Execution Time": 223.889
  }
]