[
  {
    "Plan": {
      "Node Type": "Aggregate",
      "Strategy": "Plain",
      "Partial Mode": "Finalize",
      "Parallel Aware": false,
      "Startup Cost": 85078.77,
      "Total Cost": 85078.78,
      "Plan Rows": 1,
      "Plan Width": 8,
      "Actual Startup Time": 210.554,
      "Actual Total Time": 222.204,
      "Actual Rows": 1,
      "Actual Loops": 1,
      "Plans": [
        {
          "Node Type": "Gather",
          "Parent Relationship": "Outer",
          "Parallel Aware": false,
          "Startup Cost": 85078.46,
          "Total Cost": 85078.77,
          "Plan Rows": 3,
          "Plan Width": 8,
          "Actual Startup Time": 210.291,
          "Actual Total Time": 222.194,
          "Actual Rows": 4,
          "Actual Loops": 1,
          "Workers Planned": 3,
          "Workers Launched": 3,
          "Single Copy": false,
          "Plans": [
            {
              "Node Type": "Aggregate",
              "Strategy": "Plain",
              "Partial Mode": "Partial",
              "Parent Relationship": "Outer",
              "Parallel Aware": false,
              "Startup Cost": 84078.46,
              "Total Cost": 84078.47,
              "Plan Rows": 1,
              "Plan Width": 8,
              "Actual Startup Time": 201.146,
              "Actual Total Time": 201.149,
              "Actual Rows": 1,
              "Actual Loops": 4,
              "Plans": [
                {
                  "Node Type": "Hash Join",
                  "Parent Relationship": "Outer",
                  "Parallel Aware": true,
                  "Join Type": "Inner",
                  "Startup Cost": 38744.37,
                  "Total Cost": 84047.27,
                  "Plan Rows": 12475,
                  "Plan Width": 0,
                  "Actual Startup Time": 81.009,
                  "Actual Total Time": 200.989,
                  "Actual Rows": 2964,
                  "Actual Loops": 4,
                  "Inner Unique": true,
                  "Hash Cond": "(mk.movie_id = t.id)",
                  "Plans": [
                    {
                      "Node Type": "Seq Scan",
                      "Parent Relationship": "Outer",
                      "Parallel Aware": true,
                      "Relation Name": "movie_keyword",
                      "Alias": "mk",
                      "Startup Cost": 0.0,
                      "Total Cost": 42695.65,
                      "Plan Rows": 993237,
                      "Plan Width": 4,
                      "Actual Startup Time": 0.154,
                      "Actual Total Time": 106.676,
                      "Actual Rows": 766371,
                      "Actual Loops": 4,
                      "Filter": "(keyword_id > 2056)",
                      "Rows Removed by Filter": 364611
                    },
                    {
                      "Node Type": "Hash",
                      "Parent Relationship": "Inner",
                      "Parallel Aware": true,
                      "Startup Cost": 38645.13,
                      "Total Cost": 38645.13,
                      "Plan Rows": 7939,
                      "Plan Width": 4,
                      "Actual Startup Time": 51.012,
                      "Actual Total Time": 51.013,
                      "Actual Rows": 1004,
                      "Actual Loops": 4,
                      "Hash Buckets": 32768,
                      "Original Hash Buckets": 32768,
                      "Hash Batches": 1,
                      "Original Hash Batches": 1,
                      "Peak Memory Usage": 480,
                      "Plans": [
                        {
                          "Node Type": "Bitmap Heap Scan",
                          "Parent Relationship": "Outer",
                          "Parallel Aware": true,
                          "Relation Name": "title",
                          "Alias": "t",
                          "Startup Cost": 2188.88,
                          "Total Cost": 38645.13,
                          "Plan Rows": 7939,
                          "Plan Width": 4,
                          "Actual Startup Time": 14.326,
                          "Actual Total Time": 50.143,
                          "Actual Rows": 1004,
                          "Actual Loops": 4,
                          "Recheck Cond": "(kind_id = 4)",
                          "Rows Removed by Index Recheck": 0,
                          "Filter": "(production_year < 1989)",
                          "Rows Removed by Filter": 28555,
                          "Exact Heap Blocks": 8218,
                          "Lossy Heap Blocks": 0,
                          "Plans": [
                            {
                              "Node Type": "Bitmap Index Scan",
                              "Parent Relationship": "Outer",
                              "Parallel Aware": false,
                              "Index Name": "kind_id_title",
                              "Startup Cost": 0.0,
                              "Total Cost": 2180.94,
                              "Plan Rows": 122201,
                              "Plan Width": 0,
                              "Actual Startup Time": 15.698,
                              "Actual Total Time": 15.698,
                              "Actual Rows": 118234,
                              "Actual Loops": 1,
                              "Index Cond": "(kind_id = 4)"
                            }
                          ]
                        }
                      ]
                    }
                  ]
                }
              ]
            }
          ]
        }
      ]
    },
    "Planning Time": 0.654,
    "Triggers": [],
    "Execution Time": 222.311
  }
]