[
  {
    "Plan": {
      "Node Type": "Aggregate",
      "Strategy": "Plain",
      "Partial Mode": "Simple",
      "Parallel Aware": false,
      "Startup Cost": 17063.06,
      "Total Cost": 17063.07,
      "Plan Rows": 1,
      "Plan Width": 8,
      "Actual Startup Time": 9.467,
      "Actual Total Time": 9.469,
      "Actual Rows": 1,
      "Actual Loops": 1,
      "Plans": [
        {
          "Node Type": "Bitmap Heap Scan",
          "Parent Relationship": "Outer",
          "Parallel Aware": false,
          "Relation Name": "movie_info",
          "Alias": "mi",
          "Startup Cost": 90.63,
          "Total Cost": 17050.74,
          "Plan Rows": 4928,
          "Plan Width": 0,
          "Actual Startup Time": 1.64,
          "Actual Total Time": 8.361,
          "Actual Rows": 6592,
          "Actual Loops": 1,
          "Recheck Cond": "(info_type_id = 63)",
          "Rows Removed by Index Recheck": 0,
          "Exact Heap Blocks": 1314,
          "Lossy Heap Blocks": 0,
          "Plans": [
            {
              "Node Type": "Bitmap Index Scan",
              "Parent Relationship": "Outer",
              "Parallel Aware": false,
              "Index Name": "info_type_id_movie_info",
              "Startup Cost": 0.0,
              "Total Cost": 89.4,
              "Plan Rows": 4928,
              "Plan Width": 0,
              "Actual Startup Time": 1.107,
              "Actual Total Time": 1.107,
              "Actual Rows": 6592,
              "Actual Loops": 1,
              "Index Cond": "(info_type_id = 63)"
            }
          ]
        }
      ]
    },
    "Planning Time": 0.146,
    "Triggers": [],
    "Execution Time": 9.53
  }
]