[
  {
    "Plan": {
      "Node Type": "Aggregate",
      "Strategy": "Plain",
      "Partial Mode": "Finalize",
      "Parallel Aware": false,
      "Startup Cost": 78345.8,
      "Total Cost": 78345.81,
      "Plan Rows": 1,
      "Plan Width": 8,
      "Actual Startup Time": 234.196,
      "Actual Total Time": 241.761,
      "Actual Rows": 1,
      "Actual Loops": 1,
      "Plans": [
        {
          "Node Type": "Gather",
          "Parent Relationship": "Outer",
          "Parallel Aware": false,
          "Startup Cost": 78345.38,
          "Total Cost": 78345.79,
          "Plan Rows": 4,
          "Plan Width": 8,
          "Actual Startup Time": 232.424,
          "Actual Total Time": 241.754,
          "Actual Rows": 5,
          "Actual Loops": 1,
          "Workers Planned": 4,
          "Workers Launched": 4,
          "Single Copy": false,
          "Plans": [
            {
              "Node Type": "Aggregate",
              "Strategy": "Plain",
              "Partial Mode": "Partial",
              "Parent Relationship": "Outer",
              "Parallel Aware": false,
              "Startup Cost": 77345.38,
              "Total Cost": 77345.39,
              "Plan Rows": 1,
              "Plan Width": 8,
              "Actual Startup Time": 228.236,
              "Actual Total Time": 228.289,
              "Actual Rows": 1,
              "Actual Loops": 5,
              "Plans": [
                {
                  "Node Type": "Hash Join",
                  "Parent Relationship": "Outer",
                  "Parallel Aware": true,
                  "Join Type": "Inner",
                  "Startup Cost": 30896.96,
                  "Total Cost": 77245.74,
                  "Plan Rows": 39855,
                  "Plan Width": 0,
                  "Actual Startup Time": 100.412,
                  "Actual Total Time": 226.761,
                  "Actual Rows": 26474,
                  "Actual Loops": 5,
                  "Inner Unique": false,
                  "Hash Cond": "(t.id = mc.movie_id)",
                  "Plans": [
                    {
                      "Node Type": "Seq Scan",
                      "Parent Relationship": "Outer",
                      "Parallel Aware": true,
                      "Relation Name": "title",
                      "Alias": "t",
                      "Startup Cost": 0.0,
                      "Total Cost": 43899.01,
                      "Plan Rows": 464242,
                      "Plan Width": 4,
                      "Actual Startup Time": 0.009,
                      "Actual Total Time": 70.467,
                      "Actual Rows": 373097,
                      "Actual Loops": 5,
                      "Filter": "(kind_id > 1)",
                      "Rows Removed by Filter": 132565
                    },
                    {
                      "Node Type": "Hash",
                      "Parent Relationship": "Inner",
                      "Parallel Aware": true,
                      "Startup Cost": 30021.74,
                      "Total Cost": 30021.74,
                      "Plan Rows": 70018,
                      "Plan Width": 4,
                      "Actual Startup Time": 86.201,
                      "Actual Total Time": 86.202,
                      "Actual Rows": 86231,
                      "Actual Loops": 5,
                      "Hash Buckets": 524288,
                      "Original Hash Buckets": 262144,
                      "Hash Batches": 1,
                      "Original Hash Batches": 1,
                      "Peak Memory Usage": 23072,
                      "Plans": [
                        {
                          "Node Type": "Bitmap Heap Scan",
                          "Parent Relationship": "Outer",
                          "Parallel Aware": true,
                          "Relation Name": "movie_companies",
                          "Alias": "mc",
                          "Startup Cost": 9171.72,
                          "Total Cost": 30021.74,
                          "Plan Rows": 70018,
                          "Plan Width": 4,
                          "Actual Startup Time": 21.743,
                          "Actual Total Time": 51.399,
                          "Actual Rows": 86231,
                          "Actual Loops": 5,
                          "Recheck Cond": "(company_id > 79056)",
                          "Rows Removed by Index Recheck": 0,
                          "Filter": "(company_type_id = 2)",
                          "Rows Removed by Filter": 0,
                          "Exact Heap Blocks": 2068,
                          "Lossy Heap Blocks": 0,
                          "Plans": [
                            {
                              "Node Type": "Bitmap Index Scan",
                              "Parent Relationship": "Outer",
                              "Parallel Aware": false,
                              "Index Name": "company_id_movie_companies",
                              "Startup Cost": 0.0,
                              "Total Cost": 9117.46,
                              "Plan Rows": 425737,
                              "Plan Width": 0,
                              "Actual Startup Time": 22.367,
                              "Actual Total Time": 22.367,
                              "Actual Rows": 431153,
                              "Actual Loops": 1,
                              "Index Cond": "(company_id > 79056)"
                            }
                          ]
                        }
                      ]
                    }
                  ]
                }
              ]
            }
          ]
        }
      ]
    },
    "Planning Time": 0.27,
    "Triggers": [],
    "Execution Time": 241.803
  }
]