{
  "Plan": {
    "Node Type": "Aggregate",
    "Strategy": "Plain",
    "Partial Mode": "Finalize",
    "Parallel Aware": false,
    "Startup Cost": 74745.64,
    "Total Cost": 74745.65,
    "Plan Rows": 1,
    "Plan Width": 8,
    "Actual Startup Time": 237.033,
    "Actual Total Time": 247.627,
    "Actual Rows": 1,
    "Actual Loops": 1,
    "Plans": [
      {
        "Node Type": "Gather",
        "Parent Relationship": "Outer",
        "Parallel Aware": false,
        "Startup Cost": 74745.52,
        "Total Cost": 74745.63,
        "Plan Rows": 1,
        "Plan Width": 8,
        "Actual Startup Time": 236.697,
        "Actual Total Time": 247.621,
        "Actual Rows": 2,
        "Actual Loops": 1,
        "Workers Planned": 1,
        "Workers Launched": 1,
        "Single Copy": false,
        "Plans": [
          {
            "Node Type": "Aggregate",
            "Strategy": "Plain",
            "Partial Mode": "Partial",
            "Parent Relationship": "Outer",
            "Parallel Aware": false,
            "Startup Cost": 73745.52,
            "Total Cost": 73745.53,
            "Plan Rows": 1,
            "Plan Width": 8,
            "Actual Startup Time": 230.822,
            "Actual Total Time": 230.825,
            "Actual Rows": 1,
            "Actual Loops": 2,
            "Plans": [
              {
                "Node Type": "Hash Join",
                "Parent Relationship": "Outer",
                "Parallel Aware": true,
                "Join Type": "Inner",
                "Startup Cost": 54948.26,
                "Total Cost": 73732.58,
                "Plan Rows": 5177,
                "Plan Width": 0,
                "Actual Startup Time": 183.927,
                "Actual Total Time": 230.695,
                "Actual Rows": 2028,
                "Actual Loops": 2,
                "Inner Unique": true,
                "Hash Cond": "(mi_idx.movie_id = t.id)",
                "Plans": [
                  {
                    "Node Type": "Seq Scan",
                    "Parent Relationship": "Outer",
                    "Parallel Aware": true,
                    "Relation Name": "movie_info_idx",
                    "Alias": "mi_idx",
                    "Startup Cost": 0.0,
                    "Total Cost": 18082.32,
                    "Plan Rows": 267429,
                    "Plan Width": 4,
                    "Actual Startup Time": 0.024,
                    "Actual Total Time": 52.63,
                    "Actual Rows": 229962,
                    "Actual Loops": 2,
                    "Filter": "(info_type_id < 100)",
                    "Rows Removed by Filter": 460055
                  },
                  {
                    "Node Type": "Hash",
                    "Parent Relationship": "Inner",
                    "Parallel Aware": true,
                    "Startup Cost": 54588.39,
                    "Total Cost": 54588.39,
                    "Plan Rows": 28790,
                    "Plan Width": 4,
                    "Actual Startup Time": 149.114,
                    "Actual Total Time": 149.115,
                    "Actual Rows": 25861,
                    "Actual Loops": 2,
                    "Hash Buckets": 65536,
                    "Original Hash Buckets": 65536,
                    "Hash Batches": 1,
                    "Original Hash Batches": 1,
                    "Peak Memory Usage": 2560,
                    "Plans": [
                      {
                        "Node Type": "Seq Scan",
                        "Parent Relationship": "Outer",
                        "Parallel Aware": true,
                        "Relation Name": "title",
                        "Alias": "t",
                        "Startup Cost": 0.0,
                        "Total Cost": 54588.39,
                        "Plan Rows": 28790,
                        "Plan Width": 4,
                        "Actual Startup Time": 75.491,
                        "Actual Total Time": 141.588,
                        "Actual Rows": 25861,
                        "Actual Loops": 2,
                        "Filter": "(production_year < 1914)",
                        "Rows Removed by Filter": 1238295
                      }
                    ]
                  }
                ]
              }
            ]
          }
        ]
      }
    ]
  },
  "Planning Time": 0.436,
  "Triggers": [],
  "Execution Time": 247.735
}