[
  {
    "Plan": {
      "Node Type": "Aggregate",
      "Strategy": "Plain",
      "Partial Mode": "Finalize",
      "Parallel Aware": false,
      "Startup Cost": 44335.93,
      "Total Cost": 44335.94,
      "Plan Rows": 1,
      "Plan Width": 8,
      "Actual Startup Time": 113.225,
      "Actual Total Time": 122.336,
      "Actual Rows": 1,
      "Actual Loops": 1,
      "Plans": [
        {
          "Node Type": "Gather",
          "Parent Relationship": "Outer",
          "Parallel Aware": false,
          "Startup Cost": 44335.61,
          "Total Cost": 44335.92,
          "Plan Rows": 3,
          "Plan Width": 8,
          "Actual Startup Time": 113.105,
          "Actual Total Time": 122.329,
          "Actual Rows": 4,
          "Actual Loops": 1,
          "Workers Planned": 3,
          "Workers Launched": 3,
          "Single Copy": false,
          "Plans": [
            {
              "Node Type": "Aggregate",
              "Strategy": "Plain",
              "Partial Mode": "Partial",
              "Parent Relationship": "Outer",
              "Parallel Aware": false,
              "Startup Cost": 43335.61,
              "Total Cost": 43335.62,
              "Plan Rows": 1,
              "Plan Width": 8,
              "Actual Startup Time": 107.577,
              "Actual Total Time": 107.578,
              "Actual Rows": 1,
              "Actual Loops": 4,
              "Plans": [
                {
                  "Node Type": "Seq Scan",
                  "Parent Relationship": "Outer",
                  "Parallel Aware": true,
                  "Relation Name": "movie_keyword",
                  "Alias": "mk",
                  "Startup Cost": 0.0,
                  "Total Cost": 42695.65,
                  "Plan Rows": 255984,
                  "Plan Width": 0,
                  "Actual Startup Time": 5.068,
                  "Actual Total Time": 98.123,
                  "Actual Rows": 196762,
                  "Actual Loops": 4,
                  "Filter": "(keyword_id > 23927)",
                  "Rows Removed by Filter": 934221
                }
              ]
            }
          ]
        }
      ]
    },
    "Planning Time": 0.167,
    "Triggers": [],
    "Execution Time": 122.379
  }
]