{
    "Plan": {
        "Node Type": "Aggregate",
        "Strategy": "Plain",
        "Partial Mode": "Simple",
        "Parallel Aware": false,
        "Startup Cost": 60007223710.57,
        "Total Cost": 60007223710.58,
        "Plan Rows": 1,
        "Plan Width": 128,
        "Actual Startup Time": 5070.203,
        "Actual Total Time": 5173.004,
        "Actual Rows": 1,
        "Actual Loops": 1,
        "Output": [
            "min(mi.info)",
            "min(mi_idx.info)",
            "min(n.name)",
            "min(t.title)"
        ],
        "Plans": [
            {
                "Node Type": "Nested Loop",
                "Parent Relationship": "Outer",
                "Parallel Aware": false,
                "Join Type": "Inner",
                "Startup Cost": 60007178205.62,
                "Total Cost": 60007223710.56,
                "Plan Rows": 1,
                "Plan Width": 80,
                "Actual Startup Time": 5018.015,
                "Actual Total Time": 5172.971,
                "Actual Rows": 2,
                "Actual Loops": 1,
                "Output": [
                    "mi.info",
                    "mi_idx.info",
                    "n.name",
                    "t.title"
                ],
                "Inner Unique": true,
                "Plans": [
                    {
                        "Node Type": "Nested Loop",
                        "Parent Relationship": "Outer",
                        "Parallel Aware": false,
                        "Join Type": "Inner",
                        "Startup Cost": 50007178205.19,
                        "Total Cost": 50007223704.77,
                        "Plan Rows": 1,
                        "Plan Width": 84,
                        "Actual Startup Time": 5017.751,
                        "Actual Total Time": 5172.749,
                        "Actual Rows": 38,
                        "Actual Loops": 1,
                        "Output": [
                            "mi.info",
                            "mi_idx.info",
                            "mk.keyword_id",
                            "n.name",
                            "t.title"
                        ],
                        "Inner Unique": true,
                        "Plans": [
                            {
                                "Node Type": "Gather",
                                "Parent Relationship": "Outer",
                                "Parallel Aware": false,
                                "Startup Cost": 40007178205.04,
                                "Total Cost": 40007223692.43,
                                "Plan Rows": 2,
                                "Plan Width": 88,
                                "Actual Startup Time": 5017.715,
                                "Actual Total Time": 5172.31,
                                "Actual Rows": 114,
                                "Actual Loops": 1,
                                "Output": [
                                    "mi.info",
                                    "mi_idx.info",
                                    "mi_idx.info_type_id",
                                    "mk.keyword_id",
                                    "n.name",
                                    "t.title"
                                ],
                                "Workers Planned": 4,
                                "Workers Launched": 4,
                                "Single Copy": false,
                                "Plans": [
                                    {
                                        "Node Type": "Hash Join",
                                        "Parent Relationship": "Outer",
                                        "Parallel Aware": true,
                                        "Join Type": "Inner",
                                        "Startup Cost": 40007177205.04,
                                        "Total Cost": 40007222692.23,
                                        "Plan Rows": 1,
                                        "Plan Width": 88,
                                        "Actual Startup Time": 4985.885,
                                        "Actual Total Time": 4998.748,
                                        "Actual Rows": 23,
                                        "Actual Loops": 5,
                                        "Output": [
                                            "mi.info",
                                            "mi_idx.info",
                                            "mi_idx.info_type_id",
                                            "mk.keyword_id",
                                            "n.name",
                                            "t.title"
                                        ],
                                        "Inner Unique": false,
                                        "Hash Cond": "(t.id = mi.movie_id)",
                                        "Workers": [
                                            {
                                                "Worker Number": 0,
                                                "Actual Startup Time": 4993.523,
                                                "Actual Total Time": 4993.537,
                                                "Actual Rows": 0,
                                                "Actual Loops": 1
                                            },
                                            {
                                                "Worker Number": 1,
                                                "Actual Startup Time": 4993.672,
                                                "Actual Total Time": 4993.687,
                                                "Actual Rows": 0,
                                                "Actual Loops": 1
                                            },
                                            {
                                                "Worker Number": 2,
                                                "Actual Startup Time": 4930.776,
                                                "Actual Total Time": 4995.019,
                                                "Actual Rows": 114,
                                                "Actual Loops": 1
                                            },
                                            {
                                                "Worker Number": 3,
                                                "Actual Startup Time": 4995.052,
                                                "Actual Total Time": 4995.067,
                                                "Actual Rows": 0,
                                                "Actual Loops": 1
                                            }
                                        ],
                                        "Plans": [
                                            {
                                                "Node Type": "Seq Scan",
                                                "Parent Relationship": "Outer",
                                                "Parallel Aware": true,
                                                "Relation Name": "title",
                                                "Schema": "public",
                                                "Alias": "t",
                                                "Startup Cost": 10000000000.0,
                                                "Total Cost": 10000045479.21,
                                                "Plan Rows": 36,
                                                "Plan Width": 21,
                                                "Actual Startup Time": 0.307,
                                                "Actual Total Time": 65.582,
                                                "Actual Rows": 93,
                                                "Actual Loops": 5,
                                                "Output": [
                                                    "t.id",
                                                    "t.title",
                                                    "t.imdb_index",
                                                    "t.kind_id",
                                                    "t.production_year",
                                                    "t.imdb_id",
                                                    "t.phonetic_code",
                                                    "t.episode_of_id",
                                                    "t.season_nr",
                                                    "t.episode_nr",
                                                    "t.series_years",
                                                    "t.md5sum"
                                                ],
                                                "Filter": "((t.title ~~ '100%'::text) AND (t.production_year > 1997))",
                                                "Rows Removed by Filter": 505569,
                                                "Workers": [
                                                    {
                                                        "Worker Number": 0,
                                                        "Actual Startup Time": 0.64,
                                                        "Actual Total Time": 65.632,
                                                        "Actual Rows": 98,
                                                        "Actual Loops": 1
                                                    },
                                                    {
                                                        "Worker Number": 1,
                                                        "Actual Startup Time": 0.07,
                                                        "Actual Total Time": 65.624,
                                                        "Actual Rows": 95,
                                                        "Actual Loops": 1
                                                    },
                                                    {
                                                        "Worker Number": 2,
                                                        "Actual Startup Time": 0.417,
                                                        "Actual Total Time": 65.517,
                                                        "Actual Rows": 95,
                                                        "Actual Loops": 1
                                                    },
                                                    {
                                                        "Worker Number": 3,
                                                        "Actual Startup Time": 0.055,
                                                        "Actual Total Time": 65.647,
                                                        "Actual Rows": 87,
                                                        "Actual Loops": 1
                                                    }
                                                ]
                                            },
                                            {
                                                "Node Type": "Hash",
                                                "Parent Relationship": "Inner",
                                                "Parallel Aware": true,
                                                "Startup Cost": 30007177136.18,
                                                "Total Cost": 30007177136.18,
                                                "Plan Rows": 5509,
                                                "Plan Width": 87,
                                                "Actual Startup Time": 4932.186,
                                                "Actual Total Time": 4932.201,
                                                "Actual Rows": 15647,
                                                "Actual Loops": 5,
                                                "Output": [
                                                    "ci.movie_id",
                                                    "mi.info",
                                                    "mi.movie_id",
                                                    "mi_idx.info",
                                                    "mi_idx.movie_id",
                                                    "mi_idx.info_type_id",
                                                    "mk.movie_id",
                                                    "mk.keyword_id",
                                                    "n.name"
                                                ],
                                                "Hash Buckets": 131072,
                                                "Original Hash Buckets": 32768,
                                                "Hash Batches": 1,
                                                "Original Hash Batches": 1,
                                                "Peak Memory Usage": 8992,
                                                "Workers": [
                                                    {
                                                        "Worker Number": 0,
                                                        "Actual Startup Time": 4926.911,
                                                        "Actual Total Time": 4926.924,
                                                        "Actual Rows": 13542,
                                                        "Actual Loops": 1
                                                    },
                                                    {
                                                        "Worker Number": 1,
                                                        "Actual Startup Time": 4926.917,
                                                        "Actual Total Time": 4926.931,
                                                        "Actual Rows": 14337,
                                                        "Actual Loops": 1
                                                    },
                                                    {
                                                        "Worker Number": 2,
                                                        "Actual Startup Time": 4928.686,
                                                        "Actual Total Time": 4928.698,
                                                        "Actual Rows": 15564,
                                                        "Actual Loops": 1
                                                    },
                                                    {
                                                        "Worker Number": 3,
                                                        "Actual Startup Time": 4928.652,
                                                        "Actual Total Time": 4928.665,
                                                        "Actual Rows": 17415,
                                                        "Actual Loops": 1
                                                    }
                                                ],
                                                "Plans": [
                                                    {
                                                        "Node Type": "Merge Join",
                                                        "Parent Relationship": "Outer",
                                                        "Parallel Aware": false,
                                                        "Join Type": "Inner",
                                                        "Startup Cost": 30007173941.53,
                                                        "Total Cost": 30007177136.18,
                                                        "Plan Rows": 5509,
                                                        "Plan Width": 87,
                                                        "Actual Startup Time": 4904.964,
                                                        "Actual Total Time": 4908.706,
                                                        "Actual Rows": 15647,
                                                        "Actual Loops": 5,
                                                        "Output": [
                                                            "ci.movie_id",
                                                            "mi.info",
                                                            "mi.movie_id",
                                                            "mi_idx.info",
                                                            "mi_idx.movie_id",
                                                            "mi_idx.info_type_id",
                                                            "mk.movie_id",
                                                            "mk.keyword_id",
                                                            "n.name"
                                                        ],
                                                        "Inner Unique": false,
                                                        "Merge Cond": "(mi.info_type_id = it1.id)",
                                                        "Workers": [
                                                            {
                                                                "Worker Number": 0,
                                                                "Actual Startup Time": 4915.489,
                                                                "Actual Total Time": 4918.725,
                                                                "Actual Rows": 13542,
                                                                "Actual Loops": 1
                                                            },
                                                            {
                                                                "Worker Number": 1,
                                                                "Actual Startup Time": 4915.423,
                                                                "Actual Total Time": 4918.846,
                                                                "Actual Rows": 14337,
                                                                "Actual Loops": 1
                                                            },
                                                            {
                                                                "Worker Number": 2,
                                                                "Actual Startup Time": 4917.427,
                                                                "Actual Total Time": 4921.151,
                                                                "Actual Rows": 15564,
                                                                "Actual Loops": 1
                                                            },
                                                            {
                                                                "Worker Number": 3,
                                                                "Actual Startup Time": 4918.774,
                                                                "Actual Total Time": 4922.924,
                                                                "Actual Rows": 17415,
                                                                "Actual Loops": 1
                                                            }
                                                        ],
                                                        "Plans": [
                                                            {
                                                                "Node Type": "Sort",
                                                                "Parent Relationship": "Outer",
                                                                "Parallel Aware": false,
                                                                "Startup Cost": 20007173939.11,
                                                                "Total Cost": 20007175495.12,
                                                                "Plan Rows": 622405,
                                                                "Plan Width": 91,
                                                                "Actual Startup Time": 4904.901,
                                                                "Actual Total Time": 4905.447,
                                                                "Actual Rows": 15648,
                                                                "Actual Loops": 5,
                                                                "Output": [
                                                                    "ci.movie_id",
                                                                    "mi.info",
                                                                    "mi.movie_id",
                                                                    "mi.info_type_id",
                                                                    "mi_idx.info",
                                                                    "mi_idx.movie_id",
                                                                    "mi_idx.info_type_id",
                                                                    "mk.movie_id",
                                                                    "mk.keyword_id",
                                                                    "n.name"
                                                                ],
                                                                "Sort Key": [
                                                                    "mi.info_type_id"
                                                                ],
                                                                "Sort Method": "quicksort",
                                                                "Sort Space Used": 3212,
                                                                "Sort Space Type": "Memory",
                                                                "Workers": [
                                                                    {
                                                                        "Worker Number": 0,
                                                                        "Actual Startup Time": 4915.423,
                                                                        "Actual Total Time": 4915.884,
                                                                        "Actual Rows": 13543,
                                                                        "Actual Loops": 1
                                                                    },
                                                                    {
                                                                        "Worker Number": 1,
                                                                        "Actual Startup Time": 4915.327,
                                                                        "Actual Total Time": 4915.817,
                                                                        "Actual Rows": 14338,
                                                                        "Actual Loops": 1
                                                                    },
                                                                    {
                                                                        "Worker Number": 2,
                                                                        "Actual Startup Time": 4917.376,
                                                                        "Actual Total Time": 4917.909,
                                                                        "Actual Rows": 15565,
                                                                        "Actual Loops": 1
                                                                    },
                                                                    {
                                                                        "Worker Number": 3,
                                                                        "Actual Startup Time": 4918.716,
                                                                        "Actual Total Time": 4919.309,
                                                                        "Actual Rows": 17415,
                                                                        "Actual Loops": 1
                                                                    }
                                                                ],
                                                                "Plans": [
                                                                    {
                                                                        "Node Type": "Merge Join",
                                                                        "Parent Relationship": "Outer",
                                                                        "Parallel Aware": false,
                                                                        "Join Type": "Inner",
                                                                        "Startup Cost": 20007099817.25,
                                                                        "Total Cost": 20007114040.43,
                                                                        "Plan Rows": 622405,
                                                                        "Plan Width": 91,
                                                                        "Actual Startup Time": 4778.463,
                                                                        "Actual Total Time": 4899.675,
                                                                        "Actual Rows": 15815,
                                                                        "Actual Loops": 5,
                                                                        "Output": [
                                                                            "ci.movie_id",
                                                                            "mi.info",
                                                                            "mi.movie_id",
                                                                            "mi.info_type_id",
                                                                            "mi_idx.info",
                                                                            "mi_idx.movie_id",
                                                                            "mi_idx.info_type_id",
                                                                            "mk.movie_id",
                                                                            "mk.keyword_id",
                                                                            "n.name"
                                                                        ],
                                                                        "Inner Unique": false,
                                                                        "Merge Cond": "(mi.movie_id = mi_idx.movie_id)",
                                                                        "Workers": [
                                                                            {
                                                                                "Worker Number": 0,
                                                                                "Actual Startup Time": 4789.464,
                                                                                "Actual Total Time": 4910.265,
                                                                                "Actual Rows": 13566,
                                                                                "Actual Loops": 1
                                                                            },
                                                                            {
                                                                                "Worker Number": 1,
                                                                                "Actual Startup Time": 4789.282,
                                                                                "Actual Total Time": 4909.929,
                                                                                "Actual Rows": 14529,
                                                                                "Actual Loops": 1
                                                                            },
                                                                            {
                                                                                "Worker Number": 2,
                                                                                "Actual Startup Time": 4790.471,
                                                                                "Actual Total Time": 4911.78,
                                                                                "Actual Rows": 16188,
                                                                                "Actual Loops": 1
                                                                            },
                                                                            {
                                                                                "Worker Number": 3,
                                                                                "Actual Startup Time": 4792.793,
                                                                                "Actual Total Time": 4912.547,
                                                                                "Actual Rows": 17415,
                                                                                "Actual Loops": 1
                                                                            }
                                                                        ],
                                                                        "Plans": [
                                                                            {
                                                                                "Node Type": "Sort",
                                                                                "Parent Relationship": "Outer",
                                                                                "Parallel Aware": false,
                                                                                "Startup Cost": 10006937343.35,
                                                                                "Total Cost": 10006937893.4,
                                                                                "Plan Rows": 220019,
                                                                                "Plan Width": 78,
                                                                                "Actual Startup Time": 4318.759,
                                                                                "Actual Total Time": 4319.092,
                                                                                "Actual Rows": 6763,
                                                                                "Actual Loops": 5,
                                                                                "Output": [
                                                                                    "ci.movie_id",
                                                                                    "mi.info",
                                                                                    "mi.movie_id",
                                                                                    "mi.info_type_id",
                                                                                    "mk.movie_id",
                                                                                    "mk.keyword_id",
                                                                                    "n.name"
                                                                                ],
                                                                                "Sort Key": [
                                                                                    "ci.movie_id"
                                                                                ],
                                                                                "Sort Method": "quicksort",
                                                                                "Sort Space Used": 881,
                                                                                "Sort Space Type": "Memory",
                                                                                "Workers": [
                                                                                    {
                                                                                        "Worker Number": 0,
                                                                                        "Actual Startup Time": 4316.039,
                                                                                        "Actual Total Time": 4316.338,
                                                                                        "Actual Rows": 5872,
                                                                                        "Actual Loops": 1
                                                                                    },
                                                                                    {
                                                                                        "Worker Number": 1,
                                                                                        "Actual Startup Time": 4312.854,
                                                                                        "Actual Total Time": 4313.18,
                                                                                        "Actual Rows": 6281,
                                                                                        "Actual Loops": 1
                                                                                    },
                                                                                    {
                                                                                        "Worker Number": 2,
                                                                                        "Actual Startup Time": 4314.671,
                                                                                        "Actual Total Time": 4315.047,
                                                                                        "Actual Rows": 6815,
                                                                                        "Actual Loops": 1
                                                                                    },
                                                                                    {
                                                                                        "Worker Number": 3,
                                                                                        "Actual Startup Time": 4314.584,
                                                                                        "Actual Total Time": 4314.917,
                                                                                        "Actual Rows": 7418,
                                                                                        "Actual Loops": 1
                                                                                    }
                                                                                ],
                                                                                "Plans": [
                                                                                    {
                                                                                        "Node Type": "Hash Join",
                                                                                        "Parent Relationship": "Outer",
                                                                                        "Parallel Aware": true,
                                                                                        "Join Type": "Inner",
                                                                                        "Startup Cost": 10006717824.14,
                                                                                        "Total Cost": 10006917819.67,
                                                                                        "Plan Rows": 220019,
                                                                                        "Plan Width": 78,
                                                                                        "Actual Startup Time": 4225.456,
                                                                                        "Actual Total Time": 4316.799,
                                                                                        "Actual Rows": 6763,
                                                                                        "Actual Loops": 5,
                                                                                        "Output": [
                                                                                            "ci.movie_id",
                                                                                            "mi.info",
                                                                                            "mi.movie_id",
                                                                                            "mi.info_type_id",
                                                                                            "mk.movie_id",
                                                                                            "mk.keyword_id",
                                                                                            "n.name"
                                                                                        ],
                                                                                        "Inner Unique": false,
                                                                                        "Hash Cond": "(mi.movie_id = ci.movie_id)",
                                                                                        "Workers": [
                                                                                            {
                                                                                                "Worker Number": 0,
                                                                                                "Actual Startup Time": 4188.593,
                                                                                                "Actual Total Time": 4314.164,
                                                                                                "Actual Rows": 5872,
                                                                                                "Actual Loops": 1
                                                                                            },
                                                                                            {
                                                                                                "Worker Number": 1,
                                                                                                "Actual Startup Time": 4187.598,
                                                                                                "Actual Total Time": 4310.901,
                                                                                                "Actual Rows": 6281,
                                                                                                "Actual Loops": 1
                                                                                            },
                                                                                            {
                                                                                                "Worker Number": 2,
                                                                                                "Actual Startup Time": 4189.607,
                                                                                                "Actual Total Time": 4312.561,
                                                                                                "Actual Rows": 6815,
                                                                                                "Actual Loops": 1
                                                                                            },
                                                                                            {
                                                                                                "Worker Number": 3,
                                                                                                "Actual Startup Time": 4270.257,
                                                                                                "Actual Total Time": 4312.257,
                                                                                                "Actual Rows": 7418,
                                                                                                "Actual Loops": 1
                                                                                            }
                                                                                        ],
                                                                                        "Plans": [
                                                                                            {
                                                                                                "Node Type": "Seq Scan",
                                                                                                "Parent Relationship": "Outer",
                                                                                                "Parallel Aware": true,
                                                                                                "Relation Name": "movie_info",
                                                                                                "Schema": "public",
                                                                                                "Alias": "mi",
                                                                                                "Startup Cost": 10000000000.0,
                                                                                                "Total Cost": 10000198880.74,
                                                                                                "Plan Rows": 34133,
                                                                                                "Plan Width": 51,
                                                                                                "Actual Startup Time": 237.158,
                                                                                                "Actual Total Time": 348.859,
                                                                                                "Actual Rows": 32404,
                                                                                                "Actual Loops": 5,
                                                                                                "Output": [
                                                                                                    "mi.id",
                                                                                                    "mi.movie_id",
                                                                                                    "mi.info_type_id",
                                                                                                    "mi.info",
                                                                                                    "mi.note"
                                                                                                ],
                                                                                                "Filter": "(mi.info = 'Documentary'::text)",
                                                                                                "Rows Removed by Filter": 2934740,
                                                                                                "Workers": [
                                                                                                    {
                                                                                                        "Worker Number": 0,
                                                                                                        "Actual Startup Time": 237.363,
                                                                                                        "Actual Total Time": 348.915,
                                                                                                        "Actual Rows": 31620,
                                                                                                        "Actual Loops": 1
                                                                                                    },
                                                                                                    {
                                                                                                        "Worker Number": 1,
                                                                                                        "Actual Startup Time": 237.114,
                                                                                                        "Actual Total Time": 348.919,
                                                                                                        "Actual Rows": 31125,
                                                                                                        "Actual Loops": 1
                                                                                                    },
                                                                                                    {
                                                                                                        "Worker Number": 2,
                                                                                                        "Actual Startup Time": 237.021,
                                                                                                        "Actual Total Time": 349.186,
                                                                                                        "Actual Rows": 31545,
                                                                                                        "Actual Loops": 1
                                                                                                    },
                                                                                                    {
                                                                                                        "Worker Number": 3,
                                                                                                        "Actual Startup Time": 236.916,
                                                                                                        "Actual Total Time": 348.774,
                                                                                                        "Actual Rows": 31068,
                                                                                                        "Actual Loops": 1
                                                                                                    }
                                                                                                ]
                                                                                            },
                                                                                            {
                                                                                                "Node Type": "Hash",
                                                                                                "Parent Relationship": "Inner",
                                                                                                "Parallel Aware": true,
                                                                                                "Startup Cost": 6710262.89,
                                                                                                "Total Cost": 6710262.89,
                                                                                                "Plan Rows": 604900,
                                                                                                "Plan Width": 27,
                                                                                                "Actual Startup Time": 3947.95,
                                                                                                "Actual Total Time": 3947.955,
                                                                                                "Actual Rows": 287291,
                                                                                                "Actual Loops": 5,
                                                                                                "Output": [
                                                                                                    "ci.movie_id",
                                                                                                    "mk.movie_id",
                                                                                                    "mk.keyword_id",
                                                                                                    "n.name"
                                                                                                ],
                                                                                                "Hash Buckets": 4194304,
                                                                                                "Original Hash Buckets": 4194304,
                                                                                                "Hash Batches": 1,
                                                                                                "Original Hash Batches": 1,
                                                                                                "Peak Memory Usage": 121568,
                                                                                                "Workers": [
                                                                                                    {
                                                                                                        "Worker Number": 0,
                                                                                                        "Actual Startup Time": 3949.899,
                                                                                                        "Actual Total Time": 3949.904,
                                                                                                        "Actual Rows": 197615,
                                                                                                        "Actual Loops": 1
                                                                                                    },
                                                                                                    {
                                                                                                        "Worker Number": 1,
                                                                                                        "Actual Startup Time": 3950.103,
                                                                                                        "Actual Total Time": 3950.108,
                                                                                                        "Actual Rows": 199708,
                                                                                                        "Actual Loops": 1
                                                                                                    },
                                                                                                    {
                                                                                                        "Worker Number": 2,
                                                                                                        "Actual Startup Time": 3951.94,
                                                                                                        "Actual Total Time": 3951.944,
                                                                                                        "Actual Rows": 323551,
                                                                                                        "Actual Loops": 1
                                                                                                    },
                                                                                                    {
                                                                                                        "Worker Number": 3,
                                                                                                        "Actual Startup Time": 3951.931,
                                                                                                        "Actual Total Time": 3951.937,
                                                                                                        "Actual Rows": 330797,
                                                                                                        "Actual Loops": 1
                                                                                                    }
                                                                                                ],
                                                                                                "Plans": [
                                                                                                    {
                                                                                                        "Node Type": "Merge Join",
                                                                                                        "Parent Relationship": "Outer",
                                                                                                        "Parallel Aware": false,
                                                                                                        "Join Type": "Inner",
                                                                                                        "Startup Cost": 6680965.75,
                                                                                                        "Total Cost": 6710262.89,
                                                                                                        "Plan Rows": 604900,
                                                                                                        "Plan Width": 27,
                                                                                                        "Actual Startup Time": 3272.185,
                                                                                                        "Actual Total Time": 3694.112,
                                                                                                        "Actual Rows": 287291,
                                                                                                        "Actual Loops": 5,
                                                                                                        "Output": [
                                                                                                            "ci.movie_id",
                                                                                                            "mk.movie_id",
                                                                                                            "mk.keyword_id",
                                                                                                            "n.name"
                                                                                                        ],
                                                                                                        "Inner Unique": false,
                                                                                                        "Merge Cond": "(ci.movie_id = mk.movie_id)",
                                                                                                        "Workers": [
                                                                                                            {
                                                                                                                "Worker Number": 0,
                                                                                                                "Actual Startup Time": 3466.66,
                                                                                                                "Actual Total Time": 3874.033,
                                                                                                                "Actual Rows": 197615,
                                                                                                                "Actual Loops": 1
                                                                                                            },
                                                                                                            {
                                                                                                                "Worker Number": 1,
                                                                                                                "Actual Startup Time": 3283.8,
                                                                                                                "Actual Total Time": 3706.198,
                                                                                                                "Actual Rows": 199708,
                                                                                                                "Actual Loops": 1
                                                                                                            },
                                                                                                            {
                                                                                                                "Worker Number": 2,
                                                                                                                "Actual Startup Time": 3283.655,
                                                                                                                "Actual Total Time": 3705.085,
                                                                                                                "Actual Rows": 323551,
                                                                                                                "Actual Loops": 1
                                                                                                            },
                                                                                                            {
                                                                                                                "Worker Number": 3,
                                                                                                                "Actual Startup Time": 3283.434,
                                                                                                                "Actual Total Time": 3711.703,
                                                                                                                "Actual Rows": 330797,
                                                                                                                "Actual Loops": 1
                                                                                                            }
                                                                                                        ],
                                                                                                        "Plans": [
                                                                                                            {
                                                                                                                "Node Type": "Sort",
                                                                                                                "Parent Relationship": "Outer",
                                                                                                                "Parallel Aware": false,
                                                                                                                "Startup Cost": 6111171.18,
                                                                                                                "Total Cost": 6111486.63,
                                                                                                                "Plan Rows": 126179,
                                                                                                                "Plan Width": 19,
                                                                                                                "Actual Startup Time": 2006.257,
                                                                                                                "Actual Total Time": 2016.97,
                                                                                                                "Actual Rows": 111704,
                                                                                                                "Actual Loops": 5,
                                                                                                                "Output": [
                                                                                                                    "ci.movie_id",
                                                                                                                    "n.name"
                                                                                                                ],
                                                                                                                "Sort Key": [
                                                                                                                    "ci.movie_id"
                                                                                                                ],
                                                                                                                "Sort Method": "quicksort",
                                                                                                                "Sort Space Used": 16999,
                                                                                                                "Sort Space Type": "Memory",
                                                                                                                "Workers": [
                                                                                                                    {
                                                                                                                        "Worker Number": 0,
                                                                                                                        "Actual Startup Time": 2006.176,
                                                                                                                        "Actual Total Time": 2013.136,
                                                                                                                        "Actual Rows": 77811,
                                                                                                                        "Actual Loops": 1
                                                                                                                    },
                                                                                                                    {
                                                                                                                        "Worker Number": 1,
                                                                                                                        "Actual Startup Time": 2002.42,
                                                                                                                        "Actual Total Time": 2010.148,
                                                                                                                        "Actual Rows": 83250,
                                                                                                                        "Actual Loops": 1
                                                                                                                    },
                                                                                                                    {
                                                                                                                        "Worker Number": 2,
                                                                                                                        "Actual Startup Time": 2005.95,
                                                                                                                        "Actual Total Time": 2017.477,
                                                                                                                        "Actual Rows": 115955,
                                                                                                                        "Actual Loops": 1
                                                                                                                    },
                                                                                                                    {
                                                                                                                        "Worker Number": 3,
                                                                                                                        "Actual Startup Time": 2007.663,
                                                                                                                        "Actual Total Time": 2019.947,
                                                                                                                        "Actual Rows": 133793,
                                                                                                                        "Actual Loops": 1
                                                                                                                    }
                                                                                                                ],
                                                                                                                "Plans": [
                                                                                                                    {
                                                                                                                        "Node Type": "Nested Loop",
                                                                                                                        "Parent Relationship": "Outer",
                                                                                                                        "Parallel Aware": false,
                                                                                                                        "Join Type": "Inner",
                                                                                                                        "Startup Cost": 0.99,
                                                                                                                        "Total Cost": 6100480.59,
                                                                                                                        "Plan Rows": 126179,
                                                                                                                        "Plan Width": 19,
                                                                                                                        "Actual Startup Time": 1.341,
                                                                                                                        "Actual Total Time": 1970.518,
                                                                                                                        "Actual Rows": 111704,
                                                                                                                        "Actual Loops": 5,
                                                                                                                        "Output": [
                                                                                                                            "ci.movie_id",
                                                                                                                            "n.name"
                                                                                                                        ],
                                                                                                                        "Inner Unique": false,
                                                                                                                        "Workers": [
                                                                                                                            {
                                                                                                                                "Worker Number": 0,
                                                                                                                                "Actual Startup Time": 1.593,
                                                                                                                                "Actual Total Time": 1969.368,
                                                                                                                                "Actual Rows": 77811,
                                                                                                                                "Actual Loops": 1
                                                                                                                            },
                                                                                                                            {
                                                                                                                                "Worker Number": 1,
                                                                                                                                "Actual Startup Time": 1.267,
                                                                                                                                "Actual Total Time": 1968.025,
                                                                                                                                "Actual Rows": 83250,
                                                                                                                                "Actual Loops": 1
                                                                                                                            },
                                                                                                                            {
                                                                                                                                "Worker Number": 2,
                                                                                                                                "Actual Startup Time": 1.832,
                                                                                                                                "Actual Total Time": 1970.586,
                                                                                                                                "Actual Rows": 115955,
                                                                                                                                "Actual Loops": 1
                                                                                                                            },
                                                                                                                            {
                                                                                                                                "Worker Number": 3,
                                                                                                                                "Actual Startup Time": 1.726,
                                                                                                                                "Actual Total Time": 1967.771,
                                                                                                                                "Actual Rows": 133793,
                                                                                                                                "Actual Loops": 1
                                                                                                                            }
                                                                                                                        ],
                                                                                                                        "Plans": [
                                                                                                                            {
                                                                                                                                "Node Type": "Index Scan",
                                                                                                                                "Parent Relationship": "Outer",
                                                                                                                                "Parallel Aware": true,
                                                                                                                                "Scan Direction": "Forward",
                                                                                                                                "Index Name": "name_pkey",
                                                                                                                                "Relation Name": "name",
                                                                                                                                "Schema": "public",
                                                                                                                                "Alias": "n",
                                                                                                                                "Startup Cost": 0.43,
                                                                                                                                "Total Cost": 149521.9,
                                                                                                                                "Plan Rows": 433425,
                                                                                                                                "Plan Width": 19,
                                                                                                                                "Actual Startup Time": 0.258,
                                                                                                                                "Actual Total Time": 437.135,
                                                                                                                                "Actual Rows": 347916,
                                                                                                                                "Actual Loops": 5,
                                                                                                                                "Output": [
                                                                                                                                    "n.id",
                                                                                                                                    "n.name",
                                                                                                                                    "n.imdb_index",
                                                                                                                                    "n.imdb_id",
                                                                                                                                    "n.gender",
                                                                                                                                    "n.name_pcode_cf",
                                                                                                                                    "n.name_pcode_nf",
                                                                                                                                    "n.surname_pcode",
                                                                                                                                    "n.md5sum"
                                                                                                                                ],
                                                                                                                                "Filter": "((n.gender)::text = 'm'::text)",
                                                                                                                                "Rows Removed by Filter": 485582,
                                                                                                                                "Workers": [
                                                                                                                                    {
                                                                                                                                        "Worker Number": 0,
                                                                                                                                        "Actual Startup Time": 0.354,
                                                                                                                                        "Actual Total Time": 439.234,
                                                                                                                                        "Actual Rows": 250725,
                                                                                                                                        "Actual Loops": 1
                                                                                                                                    },
                                                                                                                                    {
                                                                                                                                        "Worker Number": 1,
                                                                                                                                        "Actual Startup Time": 0.481,
                                                                                                                                        "Actual Total Time": 438.838,
                                                                                                                                        "Actual Rows": 253106,
                                                                                                                                        "Actual Loops": 1
                                                                                                                                    },
                                                                                                                                    {
                                                                                                                                        "Worker Number": 2,
                                                                                                                                        "Actual Startup Time": 0.166,
                                                                                                                                        "Actual Total Time": 440.654,
                                                                                                                                        "Actual Rows": 386667,
                                                                                                                                        "Actual Loops": 1
                                                                                                                                    },
                                                                                                                                    {
                                                                                                                                        "Worker Number": 3,
                                                                                                                                        "Actual Startup Time": 0.259,
                                                                                                                                        "Actual Total Time": 442.273,
                                                                                                                                        "Actual Rows": 387373,
                                                                                                                                        "Actual Loops": 1
                                                                                                                                    }
                                                                                                                                ]
                                                                                                                            },
                                                                                                                            {
                                                                                                                                "Node Type": "Index Scan",
                                                                                                                                "Parent Relationship": "Inner",
                                                                                                                                "Parallel Aware": false,
                                                                                                                                "Scan Direction": "Forward",
                                                                                                                                "Index Name": "person_id_cast_info",
                                                                                                                                "Relation Name": "cast_info",
                                                                                                                                "Schema": "public",
                                                                                                                                "Alias": "ci",
                                                                                                                                "Startup Cost": 0.56,
                                                                                                                                "Total Cost": 13.56,
                                                                                                                                "Plan Rows": 17,
                                                                                                                                "Plan Width": 8,
                                                                                                                                "Actual Startup Time": 0.004,
                                                                                                                                "Actual Total Time": 0.004,
                                                                                                                                "Actual Rows": 0,
                                                                                                                                "Actual Loops": 1739579,
                                                                                                                                "Output": [
                                                                                                                                    "ci.id",
                                                                                                                                    "ci.person_id",
                                                                                                                                    "ci.movie_id",
                                                                                                                                    "ci.person_role_id",
                                                                                                                                    "ci.note",
                                                                                                                                    "ci.nr_order",
                                                                                                                                    "ci.role_id"
                                                                                                                                ],
                                                                                                                                "Index Cond": "(ci.person_id = n.id)",
                                                                                                                                "Rows Removed by Index Recheck": 0,
                                                                                                                                "Filter": "(ci.note = ANY ('{(writer),\"(head writer)\",\"(written by)\",(story),\"(story editor)\"}'::text[]))",
                                                                                                                                "Rows Removed by Filter": 10,
                                                                                                                                "Workers": [
                                                                                                                                    {
                                                                                                                                        "Worker Number": 0,
                                                                                                                                        "Actual Startup Time": 0.005,
                                                                                                                                        "Actual Total Time": 0.006,
                                                                                                                                        "Actual Rows": 0,
                                                                                                                                        "Actual Loops": 250725
                                                                                                                                    },
                                                                                                                                    {
                                                                                                                                        "Worker Number": 1,
                                                                                                                                        "Actual Startup Time": 0.005,
                                                                                                                                        "Actual Total Time": 0.006,
                                                                                                                                        "Actual Rows": 0,
                                                                                                                                        "Actual Loops": 253106
                                                                                                                                    },
                                                                                                                                    {
                                                                                                                                        "Worker Number": 2,
                                                                                                                                        "Actual Startup Time": 0.004,
                                                                                                                                        "Actual Total Time": 0.004,
                                                                                                                                        "Actual Rows": 0,
                                                                                                                                        "Actual Loops": 386667
                                                                                                                                    },
                                                                                                                                    {
                                                                                                                                        "Worker Number": 3,
                                                                                                                                        "Actual Startup Time": 0.004,
                                                                                                                                        "Actual Total Time": 0.004,
                                                                                                                                        "Actual Rows": 0,
                                                                                                                                        "Actual Loops": 387373
                                                                                                                                    }
                                                                                                                                ]
                                                                                                                            }
                                                                                                                        ]
                                                                                                                    }
                                                                                                                ]
                                                                                                            },
                                                                                                            {
                                                                                                                "Node Type": "Sort",
                                                                                                                "Parent Relationship": "Inner",
                                                                                                                "Parallel Aware": false,
                                                                                                                "Startup Cost": 569794.43,
                                                                                                                "Total Cost": 581104.25,
                                                                                                                "Plan Rows": 4523930,
                                                                                                                "Plan Width": 8,
                                                                                                                "Actual Startup Time": 1265.86,
                                                                                                                "Actual Total Time": 1431.187,
                                                                                                                "Actual Rows": 4548872,
                                                                                                                "Actual Loops": 5,
                                                                                                                "Output": [
                                                                                                                    "mk.movie_id",
                                                                                                                    "mk.keyword_id"
                                                                                                                ],
                                                                                                                "Sort Key": [
                                                                                                                    "mk.movie_id"
                                                                                                                ],
                                                                                                                "Sort Method": "quicksort",
                                                                                                                "Sort Space Used": 408668,
                                                                                                                "Sort Space Type": "Memory",
                                                                                                                "Workers": [
                                                                                                                    {
                                                                                                                        "Worker Number": 0,
                                                                                                                        "Actual Startup Time": 1460.368,
                                                                                                                        "Actual Total Time": 1623.65,
                                                                                                                        "Actual Rows": 4539484,
                                                                                                                        "Actual Loops": 1
                                                                                                                    },
                                                                                                                    {
                                                                                                                        "Worker Number": 1,
                                                                                                                        "Actual Startup Time": 1281.253,
                                                                                                                        "Actual Total Time": 1450.154,
                                                                                                                        "Actual Rows": 4537754,
                                                                                                                        "Actual Loops": 1
                                                                                                                    },
                                                                                                                    {
                                                                                                                        "Worker Number": 2,
                                                                                                                        "Actual Startup Time": 1277.672,
                                                                                                                        "Actual Total Time": 1441.589,
                                                                                                                        "Actual Rows": 4549684,
                                                                                                                        "Actual Loops": 1
                                                                                                                    },
                                                                                                                    {
                                                                                                                        "Worker Number": 3,
                                                                                                                        "Actual Startup Time": 1275.751,
                                                                                                                        "Actual Total Time": 1442.188,
                                                                                                                        "Actual Rows": 4557212,
                                                                                                                        "Actual Loops": 1
                                                                                                                    }
                                                                                                                ],
                                                                                                                "Plans": [
                                                                                                                    {
                                                                                                                        "Node Type": "Seq Scan",
                                                                                                                        "Parent Relationship": "Outer",
                                                                                                                        "Parallel Aware": false,
                                                                                                                        "Relation Name": "movie_keyword",
                                                                                                                        "Schema": "public",
                                                                                                                        "Alias": "mk",
                                                                                                                        "Startup Cost": 0.0,
                                                                                                                        "Total Cost": 69693.3,
                                                                                                                        "Plan Rows": 4523930,
                                                                                                                        "Plan Width": 8,
                                                                                                                        "Actual Startup Time": 0.033,
                                                                                                                        "Actual Total Time": 407.577,
                                                                                                                        "Actual Rows": 4523930,
                                                                                                                        "Actual Loops": 5,
                                                                                                                        "Output": [
                                                                                                                            "mk.movie_id",
                                                                                                                            "mk.keyword_id"
                                                                                                                        ],
                                                                                                                        "Workers": [
                                                                                                                            {
                                                                                                                                "Worker Number": 0,
                                                                                                                                "Actual Startup Time": 0.04,
                                                                                                                                "Actual Total Time": 482.917,
                                                                                                                                "Actual Rows": 4523930,
                                                                                                                                "Actual Loops": 1
                                                                                                                            },
                                                                                                                            {
                                                                                                                                "Worker Number": 1,
                                                                                                                                "Actual Startup Time": 0.05,
                                                                                                                                "Actual Total Time": 397.982,
                                                                                                                                "Actual Rows": 4523930,
                                                                                                                                "Actual Loops": 1
                                                                                                                            },
                                                                                                                            {
                                                                                                                                "Worker Number": 2,
                                                                                                                                "Actual Startup Time": 0.033,
                                                                                                                                "Actual Total Time": 391.659,
                                                                                                                                "Actual Rows": 4523930,
                                                                                                                                "Actual Loops": 1
                                                                                                                            },
                                                                                                                            {
                                                                                                                                "Worker Number": 3,
                                                                                                                                "Actual Startup Time": 0.031,
                                                                                                                                "Actual Total Time": 393.252,
                                                                                                                                "Actual Rows": 4523930,
                                                                                                                                "Actual Loops": 1
                                                                                                                            }
                                                                                                                        ]
                                                                                                                    }
                                                                                                                ]
                                                                                                            }
                                                                                                        ]
                                                                                                    }
                                                                                                ]
                                                                                            }
                                                                                        ]
                                                                                    }
                                                                                ]
                                                                            },
                                                                            {
                                                                                "Node Type": "Sort",
                                                                                "Parent Relationship": "Inner",
                                                                                "Parallel Aware": false,
                                                                                "Startup Cost": 10000162473.21,
                                                                                "Total Cost": 10000165923.29,
                                                                                "Plan Rows": 1380035,
                                                                                "Plan Width": 13,
                                                                                "Actual Startup Time": 458.602,
                                                                                "Actual Total Time": 507.239,
                                                                                "Actual Rows": 1391756,
                                                                                "Actual Loops": 5,
                                                                                "Output": [
                                                                                    "mi_idx.info",
                                                                                    "mi_idx.movie_id",
                                                                                    "mi_idx.info_type_id"
                                                                                ],
                                                                                "Sort Key": [
                                                                                    "mi_idx.movie_id"
                                                                                ],
                                                                                "Sort Method": "quicksort",
                                                                                "Sort Space Used": 128214,
                                                                                "Sort Space Type": "Memory",
                                                                                "Workers": [
                                                                                    {
                                                                                        "Worker Number": 0,
                                                                                        "Actual Startup Time": 472.138,
                                                                                        "Actual Total Time": 520.761,
                                                                                        "Actual Rows": 1391817,
                                                                                        "Actual Loops": 1
                                                                                    },
                                                                                    {
                                                                                        "Worker Number": 1,
                                                                                        "Actual Startup Time": 475.477,
                                                                                        "Actual Total Time": 523.912,
                                                                                        "Actual Rows": 1385307,
                                                                                        "Actual Loops": 1
                                                                                    },
                                                                                    {
                                                                                        "Worker Number": 2,
                                                                                        "Actual Startup Time": 475.39,
                                                                                        "Actual Total Time": 523.75,
                                                                                        "Actual Rows": 1393503,
                                                                                        "Actual Loops": 1
                                                                                    },
                                                                                    {
                                                                                        "Worker Number": 3,
                                                                                        "Actual Startup Time": 475.494,
                                                                                        "Actual Total Time": 524.226,
                                                                                        "Actual Rows": 1392630,
                                                                                        "Actual Loops": 1
                                                                                    }
                                                                                ],
                                                                                "Plans": [
                                                                                    {
                                                                                        "Node Type": "Seq Scan",
                                                                                        "Parent Relationship": "Outer",
                                                                                        "Parallel Aware": false,
                                                                                        "Relation Name": "movie_info_idx",
                                                                                        "Schema": "public",
                                                                                        "Alias": "mi_idx",
                                                                                        "Startup Cost": 10000000000.0,
                                                                                        "Total Cost": 10000021735.35,
                                                                                        "Plan Rows": 1380035,
                                                                                        "Plan Width": 13,
                                                                                        "Actual Startup Time": 0.038,
                                                                                        "Actual Total Time": 139.32,
                                                                                        "Actual Rows": 1380035,
                                                                                        "Actual Loops": 5,
                                                                                        "Output": [
                                                                                            "mi_idx.info",
                                                                                            "mi_idx.movie_id",
                                                                                            "mi_idx.info_type_id"
                                                                                        ],
                                                                                        "Workers": [
                                                                                            {
                                                                                                "Worker Number": 0,
                                                                                                "Actual Startup Time": 0.033,
                                                                                                "Actual Total Time": 136.805,
                                                                                                "Actual Rows": 1380035,
                                                                                                "Actual Loops": 1
                                                                                            },
                                                                                            {
                                                                                                "Worker Number": 1,
                                                                                                "Actual Startup Time": 0.039,
                                                                                                "Actual Total Time": 139.118,
                                                                                                "Actual Rows": 1380035,
                                                                                                "Actual Loops": 1
                                                                                            },
                                                                                            {
                                                                                                "Worker Number": 2,
                                                                                                "Actual Startup Time": 0.033,
                                                                                                "Actual Total Time": 138.187,
                                                                                                "Actual Rows": 1380035,
                                                                                                "Actual Loops": 1
                                                                                            },
                                                                                            {
                                                                                                "Worker Number": 3,
                                                                                                "Actual Startup Time": 0.064,
                                                                                                "Actual Total Time": 139.017,
                                                                                                "Actual Rows": 1380035,
                                                                                                "Actual Loops": 1
                                                                                            }
                                                                                        ]
                                                                                    }
                                                                                ]
                                                                            }
                                                                        ]
                                                                    }
                                                                ]
                                                            },
                                                            {
                                                                "Node Type": "Materialize",
                                                                "Parent Relationship": "Inner",
                                                                "Parallel Aware": false,
                                                                "Startup Cost": 10000000002.42,
                                                                "Total Cost": 10000000002.43,
                                                                "Plan Rows": 1,
                                                                "Plan Width": 4,
                                                                "Actual Startup Time": 0.059,
                                                                "Actual Total Time": 0.508,
                                                                "Actual Rows": 1,
                                                                "Actual Loops": 5,
                                                                "Output": [
                                                                    "it1.id"
                                                                ],
                                                                "Workers": [
                                                                    {
                                                                        "Worker Number": 0,
                                                                        "Actual Startup Time": 0.063,
                                                                        "Actual Total Time": 0.451,
                                                                        "Actual Rows": 1,
                                                                        "Actual Loops": 1
                                                                    },
                                                                    {
                                                                        "Worker Number": 1,
                                                                        "Actual Startup Time": 0.089,
                                                                        "Actual Total Time": 0.5,
                                                                        "Actual Rows": 1,
                                                                        "Actual Loops": 1
                                                                    },
                                                                    {
                                                                        "Worker Number": 2,
                                                                        "Actual Startup Time": 0.046,
                                                                        "Actual Total Time": 0.493,
                                                                        "Actual Rows": 1,
                                                                        "Actual Loops": 1
                                                                    },
                                                                    {
                                                                        "Worker Number": 3,
                                                                        "Actual Startup Time": 0.053,
                                                                        "Actual Total Time": 0.552,
                                                                        "Actual Rows": 1,
                                                                        "Actual Loops": 1
                                                                    }
                                                                ],
                                                                "Plans": [
                                                                    {
                                                                        "Node Type": "Sort",
                                                                        "Parent Relationship": "Outer",
                                                                        "Parallel Aware": false,
                                                                        "Startup Cost": 10000000002.42,
                                                                        "Total Cost": 10000000002.43,
                                                                        "Plan Rows": 1,
                                                                        "Plan Width": 4,
                                                                        "Actual Startup Time": 0.057,
                                                                        "Actual Total Time": 0.057,
                                                                        "Actual Rows": 1,
                                                                        "Actual Loops": 5,
                                                                        "Output": [
                                                                            "it1.id"
                                                                        ],
                                                                        "Sort Key": [
                                                                            "it1.id"
                                                                        ],
                                                                        "Sort Method": "quicksort",
                                                                        "Sort Space Used": 25,
                                                                        "Sort Space Type": "Memory",
                                                                        "Workers": [
                                                                            {
                                                                                "Worker Number": 0,
                                                                                "Actual Startup Time": 0.06,
                                                                                "Actual Total Time": 0.061,
                                                                                "Actual Rows": 1,
                                                                                "Actual Loops": 1
                                                                            },
                                                                            {
                                                                                "Worker Number": 1,
                                                                                "Actual Startup Time": 0.087,
                                                                                "Actual Total Time": 0.087,
                                                                                "Actual Rows": 1,
                                                                                "Actual Loops": 1
                                                                            },
                                                                            {
                                                                                "Worker Number": 2,
                                                                                "Actual Startup Time": 0.045,
                                                                                "Actual Total Time": 0.045,
                                                                                "Actual Rows": 1,
                                                                                "Actual Loops": 1
                                                                            },
                                                                            {
                                                                                "Worker Number": 3,
                                                                                "Actual Startup Time": 0.051,
                                                                                "Actual Total Time": 0.052,
                                                                                "Actual Rows": 1,
                                                                                "Actual Loops": 1
                                                                            }
                                                                        ],
                                                                        "Plans": [
                                                                            {
                                                                                "Node Type": "Seq Scan",
                                                                                "Parent Relationship": "Outer",
                                                                                "Parallel Aware": false,
                                                                                "Relation Name": "info_type",
                                                                                "Schema": "public",
                                                                                "Alias": "it1",
                                                                                "Startup Cost": 10000000000.0,
                                                                                "Total Cost": 10000000002.41,
                                                                                "Plan Rows": 1,
                                                                                "Plan Width": 4,
                                                                                "Actual Startup Time": 0.045,
                                                                                "Actual Total Time": 0.05,
                                                                                "Actual Rows": 1,
                                                                                "Actual Loops": 5,
                                                                                "Output": [
                                                                                    "it1.id"
                                                                                ],
                                                                                "Filter": "((it1.info)::text = 'genres'::text)",
                                                                                "Rows Removed by Filter": 112,
                                                                                "Workers": [
                                                                                    {
                                                                                        "Worker Number": 0,
                                                                                        "Actual Startup Time": 0.049,
                                                                                        "Actual Total Time": 0.054,
                                                                                        "Actual Rows": 1,
                                                                                        "Actual Loops": 1
                                                                                    },
                                                                                    {
                                                                                        "Worker Number": 1,
                                                                                        "Actual Startup Time": 0.074,
                                                                                        "Actual Total Time": 0.079,
                                                                                        "Actual Rows": 1,
                                                                                        "Actual Loops": 1
                                                                                    },
                                                                                    {
                                                                                        "Worker Number": 2,
                                                                                        "Actual Startup Time": 0.035,
                                                                                        "Actual Total Time": 0.04,
                                                                                        "Actual Rows": 1,
                                                                                        "Actual Loops": 1
                                                                                    },
                                                                                    {
                                                                                        "Worker Number": 3,
                                                                                        "Actual Startup Time": 0.04,
                                                                                        "Actual Total Time": 0.045,
                                                                                        "Actual Rows": 1,
                                                                                        "Actual Loops": 1
                                                                                    }
                                                                                ]
                                                                            }
                                                                        ]
                                                                    }
                                                                ]
                                                            }
                                                        ]
                                                    }
                                                ]
                                            }
                                        ]
                                    }
                                ]
                            },
                            {
                                "Node Type": "Bitmap Heap Scan",
                                "Parent Relationship": "Inner",
                                "Parallel Aware": false,
                                "Relation Name": "info_type",
                                "Schema": "public",
                                "Alias": "it2",
                                "Startup Cost": 0.15,
                                "Total Cost": 4.17,
                                "Plan Rows": 1,
                                "Plan Width": 4,
                                "Actual Startup Time": 0.002,
                                "Actual Total Time": 0.002,
                                "Actual Rows": 0,
                                "Actual Loops": 114,
                                "Output": [
                                    "it2.id",
                                    "it2.info"
                                ],
                                "Recheck Cond": "(it2.id = mi_idx.info_type_id)",
                                "Rows Removed by Index Recheck": 0,
                                "Filter": "((it2.info)::text = 'votes'::text)",
                                "Rows Removed by Filter": 1,
                                "Exact Heap Blocks": 114,
                                "Lossy Heap Blocks": 0,
                                "Plans": [
                                    {
                                        "Node Type": "Bitmap Index Scan",
                                        "Parent Relationship": "Outer",
                                        "Parallel Aware": false,
                                        "Index Name": "info_type_pkey",
                                        "Startup Cost": 0.0,
                                        "Total Cost": 0.15,
                                        "Plan Rows": 1,
                                        "Plan Width": 0,
                                        "Actual Startup Time": 0.001,
                                        "Actual Total Time": 0.001,
                                        "Actual Rows": 1,
                                        "Actual Loops": 114,
                                        "Index Cond": "(it2.id = mi_idx.info_type_id)"
                                    }
                                ]
                            }
                        ]
                    },
                    {
                        "Node Type": "Bitmap Heap Scan",
                        "Parent Relationship": "Inner",
                        "Parallel Aware": false,
                        "Relation Name": "keyword",
                        "Schema": "public",
                        "Alias": "k",
                        "Startup Cost": 0.43,
                        "Total Cost": 4.45,
                        "Plan Rows": 1,
                        "Plan Width": 4,
                        "Actual Startup Time": 0.004,
                        "Actual Total Time": 0.004,
                        "Actual Rows": 0,
                        "Actual Loops": 38,
                        "Output": [
                            "k.id",
                            "k.keyword",
                            "k.phonetic_code"
                        ],
                        "Recheck Cond": "(k.id = mk.keyword_id)",
                        "Rows Removed by Index Recheck": 0,
                        "Filter": "(k.keyword = ANY ('{revenge,death,sequel,claw,1980s}'::text[]))",
                        "Rows Removed by Filter": 1,
                        "Exact Heap Blocks": 38,
                        "Lossy Heap Blocks": 0,
                        "Plans": [
                            {
                                "Node Type": "Bitmap Index Scan",
                                "Parent Relationship": "Outer",
                                "Parallel Aware": false,
                                "Index Name": "keyword_pkey",
                                "Startup Cost": 0.0,
                                "Total Cost": 0.43,
                                "Plan Rows": 1,
                                "Plan Width": 0,
                                "Actual Startup Time": 0.002,
                                "Actual Total Time": 0.002,
                                "Actual Rows": 1,
                                "Actual Loops": 38,
                                "Index Cond": "(k.id = mk.keyword_id)"
                            }
                        ]
                    }
                ]
            }
        ]
    },
    "Planning Time": 10.78,
    "Triggers": [],
    "Execution Time": 5173.375
}