[
  {
    "Plan": {
      "Node Type": "Aggregate",
      "Strategy": "Plain",
      "Partial Mode": "Finalize",
      "Parallel Aware": false,
      "Startup Cost": 32141.44,
      "Total Cost": 32141.45,
      "Plan Rows": 1,
      "Plan Width": 8,
      "Actual Startup Time": 100.642,
      "Actual Total Time": 106.744,
      "Actual Rows": 1,
      "Actual Loops": 1,
      "Plans": [
        {
          "Node Type": "Gather",
          "Parent Relationship": "Outer",
          "Parallel Aware": false,
          "Startup Cost": 32141.12,
          "Total Cost": 32141.43,
          "Plan Rows": 3,
          "Plan Width": 8,
          "Actual Startup Time": 100.569,
          "Actual Total Time": 106.739,
          "Actual Rows": 4,
          "Actual Loops": 1,
          "Workers Planned": 3,
          "Workers Launched": 3,
          "Single Copy": false,
          "Plans": [
            {
              "Node Type": "Aggregate",
              "Strategy": "Plain",
              "Partial Mode": "Partial",
              "Parent Relationship": "Outer",
              "Parallel Aware": false,
              "Startup Cost": 31141.12,
              "Total Cost": 31141.13,
              "Plan Rows": 1,
              "Plan Width": 8,
              "Actual Startup Time": 97.713,
              "Actual Total Time": 97.713,
              "Actual Rows": 1,
              "Actual Loops": 4,
              "Plans": [
                {
                  "Node Type": "Seq Scan",
                  "Parent Relationship": "Outer",
                  "Parallel Aware": true,
                  "Relation Name": "movie_companies",
                  "Alias": "mc",
                  "Startup Cost": 0.0,
                  "Total Cost": 29310.68,
                  "Plan Rows": 732176,
                  "Plan Width": 0,
                  "Actual Startup Time": 0.023,
                  "Actual Total Time": 72.443,
                  "Actual Rows": 565682,
                  "Actual Loops": 4,
                  "Filter": "(company_id < 88649)",
                  "Rows Removed by Filter": 86600
                }
              ]
            }
          ]
        }
      ]
    },
    "Planning Time": 0.064,
    "Triggers": [],
    "Execution Time": 106.767
  }
]