[
  {
    "Plan": {
      "Node Type": "Aggregate",
      "Strategy": "Plain",
      "Partial Mode": "Finalize",
      "Parallel Aware": false,
      "Startup Cost": 32137.42,
      "Total Cost": 32137.43,
      "Plan Rows": 1,
      "Plan Width": 8,
      "Actual Startup Time": 120.511,
      "Actual Total Time": 128.088,
      "Actual Rows": 1,
      "Actual Loops": 1,
      "Plans": [
        {
          "Node Type": "Gather",
          "Parent Relationship": "Outer",
          "Parallel Aware": false,
          "Startup Cost": 32137.1,
          "Total Cost": 32137.41,
          "Plan Rows": 3,
          "Plan Width": 8,
          "Actual Startup Time": 120.31,
          "Actual Total Time": 128.079,
          "Actual Rows": 4,
          "Actual Loops": 1,
          "Workers Planned": 3,
          "Workers Launched": 3,
          "Single Copy": false,
          "Plans": [
            {
              "Node Type": "Aggregate",
              "Strategy": "Plain",
              "Partial Mode": "Partial",
              "Parent Relationship": "Outer",
              "Parallel Aware": false,
              "Startup Cost": 31137.1,
              "Total Cost": 31137.11,
              "Plan Rows": 1,
              "Plan Width": 8,
              "Actual Startup Time": 111.791,
              "Actual Total Time": 111.792,
              "Actual Rows": 1,
              "Actual Loops": 4,
              "Plans": [
                {
                  "Node Type": "Seq Scan",
                  "Parent Relationship": "Outer",
                  "Parallel Aware": true,
                  "Relation Name": "movie_companies",
                  "Alias": "mc",
                  "Startup Cost": 0.0,
                  "Total Cost": 29310.68,
                  "Plan Rows": 730567,
                  "Plan Width": 0,
                  "Actual Startup Time": 0.046,
                  "Actual Total Time": 83.852,
                  "Actual Rows": 565682,
                  "Actual Loops": 4,
                  "Filter": "(company_id < 88649)",
                  "Rows Removed by Filter": 86600
                }
              ]
            }
          ]
        }
      ]
    },
    "Planning Time": 0.164,
    "Triggers": [],
    "Execution Time": 128.139
  }
]