[
    {
        "Bao": {
            "Bao prediction": "NaN",
            "Bao recommended hint": "(no hint)"
        }
    },
    {
        "Plan": {
            "Node Type": "Aggregate",
            "Strategy": "Plain",
            "Partial Mode": "Simple",
            "Parallel Aware": false,
            "Startup Cost": 16469.3,
            "Total Cost": 16469.31,
            "Plan Rows": 1,
            "Plan Width": 8,
            "Actual Startup Time": 24.92,
            "Actual Total Time": 24.922,
            "Actual Rows": 1,
            "Actual Loops": 1,
            "Output": [
                "count(*)"
            ],
            "Plans": [
                {
                    "Node Type": "Bitmap Heap Scan",
                    "Parent Relationship": "Outer",
                    "Parallel Aware": false,
                    "Relation Name": "movie_keyword",
                    "Schema": "public",
                    "Alias": "mk",
                    "Startup Cost": 164.04,
                    "Total Cost": 16450.08,
                    "Plan Rows": 7691,
                    "Plan Width": 0,
                    "Actual Startup Time": 5.345,
                    "Actual Total Time": 23.743,
                    "Actual Rows": 8337,
                    "Actual Loops": 1,
                    "Recheck Cond": "(mk.keyword_id = 865)",
                    "Rows Removed by Index Recheck": 0,
                    "Exact Heap Blocks": 6751,
                    "Lossy Heap Blocks": 0,
                    "Plans": [
                        {
                            "Node Type": "Bitmap Index Scan",
                            "Parent Relationship": "Outer",
                            "Parallel Aware": false,
                            "Index Name": "keyword_id_movie_keyword",
                            "Startup Cost": 0.0,
                            "Total Cost": 162.12,
                            "Plan Rows": 7691,
                            "Plan Width": 0,
                            "Actual Startup Time": 2.908,
                            "Actual Total Time": 2.908,
                            "Actual Rows": 8337,
                            "Actual Loops": 1,
                            "Index Cond": "(mk.keyword_id = 865)"
                        }
                    ]
                }
            ]
        },
        "Planning Time": 189.743,
        "Triggers": [],
        "Execution Time": 25.016
    }
]