[
  {
    "Plan": {
      "Node Type": "Aggregate",
      "Strategy": "Plain",
      "Partial Mode": "Finalize",
      "Parallel Aware": false,
      "Startup Cost": 385910.02,
      "Total Cost": 385910.03,
      "Plan Rows": 1,
      "Plan Width": 8,
      "Actual Startup Time": 1522.777,
      "Actual Total Time": 1575.511,
      "Actual Rows": 1,
      "Actual Loops": 1,
      "Plans": [
        {
          "Node Type": "Gather",
          "Parent Relationship": "Outer",
          "Parallel Aware": false,
          "Startup Cost": 385909.39,
          "Total Cost": 385910.0,
          "Plan Rows": 6,
          "Plan Width": 8,
          "Actual Startup Time": 1515.514,
          "Actual Total Time": 1575.495,
          "Actual Rows": 7,
          "Actual Loops": 1,
          "Workers Planned": 6,
          "Workers Launched": 6,
          "Single Copy": false,
          "Plans": [
            {
              "Node Type": "Aggregate",
              "Strategy": "Plain",
              "Partial Mode": "Partial",
              "Parent Relationship": "Outer",
              "Parallel Aware": false,
              "Startup Cost": 384909.39,
              "Total Cost": 384909.4,
              "Plan Rows": 1,
              "Plan Width": 8,
              "Actual Startup Time": 1507.176,
              "Actual Total Time": 1507.18,
              "Actual Rows": 1,
              "Actual Loops": 7,
              "Plans": [
                {
                  "Node Type": "Hash Join",
                  "Parent Relationship": "Outer",
                  "Parallel Aware": true,
                  "Join Type": "Inner",
                  "Startup Cost": 45991.9,
                  "Total Cost": 382752.93,
                  "Plan Rows": 862583,
                  "Plan Width": 0,
                  "Actual Startup Time": 128.441,
                  "Actual Total Time": 1468.93,
                  "Actual Rows": 785744,
                  "Actual Loops": 7,
                  "Inner Unique": true,
                  "Hash Cond": "(ci.movie_id = t.id)",
                  "Plans": [
                    {
                      "Node Type": "Seq Scan",
                      "Parent Relationship": "Outer",
                      "Parallel Aware": true,
                      "Relation Name": "cast_info",
                      "Alias": "ci",
                      "Startup Cost": 0.0,
                      "Total Cost": 328211.39,
                      "Plan Rows": 3257003,
                      "Plan Width": 4,
                      "Actual Startup Time": 0.037,
                      "Actual Total Time": 644.316,
                      "Actual Rows": 2825206,
                      "Actual Loops": 7,
                      "Filter": "(person_id < 1983162)",
                      "Rows Removed by Filter": 2352557
                    },
                    {
                      "Node Type": "Hash",
                      "Parent Relationship": "Inner",
                      "Parallel Aware": true,
                      "Startup Cost": 43899.32,
                      "Total Cost": 43899.32,
                      "Plan Rows": 167406,
                      "Plan Width": 4,
                      "Actual Startup Time": 126.108,
                      "Actual Total Time": 126.109,
                      "Actual Rows": 97735,
                      "Actual Loops": 7,
                      "Hash Buckets": 1048576,
                      "Original Hash Buckets": 1048576,
                      "Hash Batches": 1,
                      "Original Hash Batches": 1,
                      "Peak Memory Usage": 35104,
                      "Plans": [
                        {
                          "Node Type": "Seq Scan",
                          "Parent Relationship": "Outer",
                          "Parallel Aware": true,
                          "Relation Name": "title",
                          "Alias": "t",
                          "Startup Cost": 0.0,
                          "Total Cost": 43899.32,
                          "Plan Rows": 167406,
                          "Plan Width": 4,
                          "Actual Startup Time": 0.039,
                          "Actual Total Time": 75.664,
                          "Actual Rows": 97735,
                          "Actual Loops": 7,
                          "Filter": "(production_year < 1990)",
                          "Rows Removed by Filter": 263452
                        }
                      ]
                    }
                  ]
                }
              ]
            }
          ]
        }
      ]
    },
    "Planning Time": 0.231,
    "Triggers": [],
    "Execution Time": 1575.563
  }
]