[
    {
        "Bao": {
            "Bao prediction": "NaN",
            "Bao recommended hint": "(no hint)"
        }
    },
    {
        "Plan": {
            "Node Type": "Aggregate",
            "Strategy": "Plain",
            "Partial Mode": "Finalize",
            "Parallel Aware": false,
            "Startup Cost": 80612.29,
            "Total Cost": 80612.3,
            "Plan Rows": 1,
            "Plan Width": 8,
            "Actual Startup Time": 240.082,
            "Actual Total Time": 258.773,
            "Actual Rows": 1,
            "Actual Loops": 1,
            "Output": [
                "count(*)"
            ],
            "Plans": [
                {
                    "Node Type": "Gather",
                    "Parent Relationship": "Outer",
                    "Parallel Aware": false,
                    "Startup Cost": 80611.98,
                    "Total Cost": 80612.29,
                    "Plan Rows": 3,
                    "Plan Width": 8,
                    "Actual Startup Time": 238.23,
                    "Actual Total Time": 258.763,
                    "Actual Rows": 4,
                    "Actual Loops": 1,
                    "Output": [
                        "(PARTIAL count(*))"
                    ],
                    "Workers Planned": 3,
                    "Workers Launched": 3,
                    "Single Copy": false,
                    "Plans": [
                        {
                            "Node Type": "Aggregate",
                            "Strategy": "Plain",
                            "Partial Mode": "Partial",
                            "Parent Relationship": "Outer",
                            "Parallel Aware": false,
                            "Startup Cost": 79611.98,
                            "Total Cost": 79611.99,
                            "Plan Rows": 1,
                            "Plan Width": 8,
                            "Actual Startup Time": 229.582,
                            "Actual Total Time": 229.586,
                            "Actual Rows": 1,
                            "Actual Loops": 4,
                            "Output": [
                                "PARTIAL count(*)"
                            ],
                            "Workers": [
                                {
                                    "Worker Number": 0,
                                    "Actual Startup Time": 226.82,
                                    "Actual Total Time": 226.824,
                                    "Actual Rows": 1,
                                    "Actual Loops": 1
                                },
                                {
                                    "Worker Number": 1,
                                    "Actual Startup Time": 226.785,
                                    "Actual Total Time": 226.788,
                                    "Actual Rows": 1,
                                    "Actual Loops": 1
                                },
                                {
                                    "Worker Number": 2,
                                    "Actual Startup Time": 226.958,
                                    "Actual Total Time": 226.961,
                                    "Actual Rows": 1,
                                    "Actual Loops": 1
                                }
                            ],
                            "Plans": [
                                {
                                    "Node Type": "Nested Loop",
                                    "Parent Relationship": "Outer",
                                    "Parallel Aware": false,
                                    "Join Type": "Inner",
                                    "Startup Cost": 47404.2,
                                    "Total Cost": 79611.16,
                                    "Plan Rows": 327,
                                    "Plan Width": 0,
                                    "Actual Startup Time": 157.46,
                                    "Actual Total Time": 229.152,
                                    "Actual Rows": 5376,
                                    "Actual Loops": 4,
                                    "Inner Unique": false,
                                    "Workers": [
                                        {
                                            "Worker Number": 0,
                                            "Actual Startup Time": 154.611,
                                            "Actual Total Time": 226.464,
                                            "Actual Rows": 3520,
                                            "Actual Loops": 1
                                        },
                                        {
                                            "Worker Number": 1,
                                            "Actual Startup Time": 154.663,
                                            "Actual Total Time": 226.46,
                                            "Actual Rows": 5251,
                                            "Actual Loops": 1
                                        },
                                        {
                                            "Worker Number": 2,
                                            "Actual Startup Time": 154.944,
                                            "Actual Total Time": 226.623,
                                            "Actual Rows": 3214,
                                            "Actual Loops": 1
                                        }
                                    ],
                                    "Plans": [
                                        {
                                            "Node Type": "Hash Join",
                                            "Parent Relationship": "Outer",
                                            "Parallel Aware": true,
                                            "Join Type": "Inner",
                                            "Startup Cost": 47403.76,
                                            "Total Cost": 72895.86,
                                            "Plan Rows": 1766,
                                            "Plan Width": 8,
                                            "Actual Startup Time": 157.213,
                                            "Actual Total Time": 167.37,
                                            "Actual Rows": 1659,
                                            "Actual Loops": 4,
                                            "Output": [
                                                "t.id",
                                                "mk.movie_id"
                                            ],
                                            "Inner Unique": true,
                                            "Hash Cond": "(mk.movie_id = t.id)",
                                            "Workers": [
                                                {
                                                    "Worker Number": 0,
                                                    "Actual Startup Time": 154.137,
                                                    "Actual Total Time": 163.688,
                                                    "Actual Rows": 1157,
                                                    "Actual Loops": 1
                                                },
                                                {
                                                    "Worker Number": 1,
                                                    "Actual Startup Time": 154.491,
                                                    "Actual Total Time": 164.477,
                                                    "Actual Rows": 1659,
                                                    "Actual Loops": 1
                                                },
                                                {
                                                    "Worker Number": 2,
                                                    "Actual Startup Time": 154.692,
                                                    "Actual Total Time": 164.438,
                                                    "Actual Rows": 1126,
                                                    "Actual Loops": 1
                                                }
                                            ],
                                            "Plans": [
                                                {
                                                    "Node Type": "Bitmap Heap Scan",
                                                    "Parent Relationship": "Outer",
                                                    "Parallel Aware": true,
                                                    "Relation Name": "movie_keyword",
                                                    "Schema": "public",
                                                    "Alias": "mk",
                                                    "Startup Cost": 876.13,
                                                    "Total Cost": 26333.29,
                                                    "Plan Rows": 13307,
                                                    "Plan Width": 4,
                                                    "Actual Startup Time": 5.467,
                                                    "Actual Total Time": 17.928,
                                                    "Actual Rows": 7005,
                                                    "Actual Loops": 4,
                                                    "Output": [
                                                        "mk.id",
                                                        "mk.movie_id",
                                                        "mk.keyword_id"
                                                    ],
                                                    "Recheck Cond": "(mk.keyword_id < 36)",
                                                    "Rows Removed by Index Recheck": 0,
                                                    "Exact Heap Blocks": 4051,
                                                    "Lossy Heap Blocks": 0,
                                                    "Workers": [
                                                        {
                                                            "Worker Number": 0,
                                                            "Actual Startup Time": 5.571,
                                                            "Actual Total Time": 17.799,
                                                            "Actual Rows": 4833,
                                                            "Actual Loops": 1
                                                        },
                                                        {
                                                            "Worker Number": 1,
                                                            "Actual Startup Time": 5.501,
                                                            "Actual Total Time": 18.292,
                                                            "Actual Rows": 7942,
                                                            "Actual Loops": 1
                                                        },
                                                        {
                                                            "Worker Number": 2,
                                                            "Actual Startup Time": 5.415,
                                                            "Actual Total Time": 18.072,
                                                            "Actual Rows": 5043,
                                                            "Actual Loops": 1
                                                        }
                                                    ],
                                                    "Plans": [
                                                        {
                                                            "Node Type": "Bitmap Index Scan",
                                                            "Parent Relationship": "Outer",
                                                            "Parallel Aware": false,
                                                            "Index Name": "keyword_id_movie_keyword",
                                                            "Startup Cost": 0.0,
                                                            "Total Cost": 865.81,
                                                            "Plan Rows": 41251,
                                                            "Plan Width": 0,
                                                            "Actual Startup Time": 3.147,
                                                            "Actual Total Time": 3.148,
                                                            "Actual Rows": 28021,
                                                            "Actual Loops": 1,
                                                            "Index Cond": "(mk.keyword_id < 36)"
                                                        }
                                                    ]
                                                },
                                                {
                                                    "Node Type": "Hash",
                                                    "Parent Relationship": "Inner",
                                                    "Parallel Aware": true,
                                                    "Startup Cost": 45479.21,
                                                    "Total Cost": 45479.21,
                                                    "Plan Rows": 83874,
                                                    "Plan Width": 4,
                                                    "Actual Startup Time": 142.366,
                                                    "Actual Total Time": 142.367,
                                                    "Actual Rows": 102880,
                                                    "Actual Loops": 4,
                                                    "Output": [
                                                        "t.id"
                                                    ],
                                                    "Hash Buckets": 524288,
                                                    "Original Hash Buckets": 524288,
                                                    "Hash Batches": 1,
                                                    "Original Hash Batches": 1,
                                                    "Peak Memory Usage": 20288,
                                                    "Workers": [
                                                        {
                                                            "Worker Number": 0,
                                                            "Actual Startup Time": 141.06,
                                                            "Actual Total Time": 141.061,
                                                            "Actual Rows": 90001,
                                                            "Actual Loops": 1
                                                        },
                                                        {
                                                            "Worker Number": 1,
                                                            "Actual Startup Time": 141.433,
                                                            "Actual Total Time": 141.433,
                                                            "Actual Rows": 132938,
                                                            "Actual Loops": 1
                                                        },
                                                        {
                                                            "Worker Number": 2,
                                                            "Actual Startup Time": 141.618,
                                                            "Actual Total Time": 141.619,
                                                            "Actual Rows": 90205,
                                                            "Actual Loops": 1
                                                        }
                                                    ],
                                                    "Plans": [
                                                        {
                                                            "Node Type": "Seq Scan",
                                                            "Parent Relationship": "Outer",
                                                            "Parallel Aware": true,
                                                            "Relation Name": "title",
                                                            "Schema": "public",
                                                            "Alias": "t",
                                                            "Startup Cost": 0.0,
                                                            "Total Cost": 45479.21,
                                                            "Plan Rows": 83874,
                                                            "Plan Width": 4,
                                                            "Actual Startup Time": 58.77,
                                                            "Actual Total Time": 106.665,
                                                            "Actual Rows": 102880,
                                                            "Actual Loops": 4,
                                                            "Output": [
                                                                "t.id"
                                                            ],
                                                            "Filter": "((t.production_year < 2004) AND (t.kind_id = 1))",
                                                            "Rows Removed by Filter": 529198,
                                                            "Workers": [
                                                                {
                                                                    "Worker Number": 0,
                                                                    "Actual Startup Time": 57.468,
                                                                    "Actual Total Time": 107.154,
                                                                    "Actual Rows": 90001,
                                                                    "Actual Loops": 1
                                                                },
                                                                {
                                                                    "Worker Number": 1,
                                                                    "Actual Startup Time": 57.802,
                                                                    "Actual Total Time": 105.646,
                                                                    "Actual Rows": 132938,
                                                                    "Actual Loops": 1
                                                                },
                                                                {
                                                                    "Worker Number": 2,
                                                                    "Actual Startup Time": 58.077,
                                                                    "Actual Total Time": 108.114,
                                                                    "Actual Rows": 90205,
                                                                    "Actual Loops": 1
                                                                }
                                                            ]
                                                        }
                                                    ]
                                                }
                                            ]
                                        },
                                        {
                                            "Node Type": "Index Scan",
                                            "Parent Relationship": "Inner",
                                            "Parallel Aware": false,
                                            "Scan Direction": "Forward",
                                            "Index Name": "movie_id_movie_info",
                                            "Relation Name": "movie_info",
                                            "Schema": "public",
                                            "Alias": "mi",
                                            "Startup Cost": 0.43,
                                            "Total Cost": 3.79,
                                            "Plan Rows": 1,
                                            "Plan Width": 4,
                                            "Actual Startup Time": 0.032,
                                            "Actual Total Time": 0.036,
                                            "Actual Rows": 3,
                                            "Actual Loops": 6635,
                                            "Output": [
                                                "mi.id",
                                                "mi.movie_id",
                                                "mi.info_type_id",
                                                "mi.info",
                                                "mi.note"
                                            ],
                                            "Index Cond": "(mi.movie_id = t.id)",
                                            "Rows Removed by Index Recheck": 0,
                                            "Filter": "(mi.info_type_id = 5)",
                                            "Rows Removed by Filter": 35,
                                            "Workers": [
                                                {
                                                    "Worker Number": 0,
                                                    "Actual Startup Time": 0.047,
                                                    "Actual Total Time": 0.053,
                                                    "Actual Rows": 3,
                                                    "Actual Loops": 1157
                                                },
                                                {
                                                    "Worker Number": 1,
                                                    "Actual Startup Time": 0.032,
                                                    "Actual Total Time": 0.037,
                                                    "Actual Rows": 3,
                                                    "Actual Loops": 1659
                                                },
                                                {
                                                    "Worker Number": 2,
                                                    "Actual Startup Time": 0.048,
                                                    "Actual Total Time": 0.054,
                                                    "Actual Rows": 3,
                                                    "Actual Loops": 1126
                                                }
                                            ]
                                        }
                                    ]
                                }
                            ]
                        }
                    ]
                }
            ]
        },
        "Planning Time": 300.347,
        "Triggers": [],
        "Execution Time": 258.864
    }
]