[
  {
    "Plan": {
      "Node Type": "Aggregate",
      "Strategy": "Plain",
      "Partial Mode": "Finalize",
      "Parallel Aware": false,
      "Startup Cost": 129372.1,
      "Total Cost": 129372.11,
      "Plan Rows": 1,
      "Plan Width": 8,
      "Actual Startup Time": 737.024,
      "Actual Total Time": 757.881,
      "Actual Rows": 1,
      "Actual Loops": 1,
      "Plans": [
        {
          "Node Type": "Gather",
          "Parent Relationship": "Outer",
          "Parallel Aware": false,
          "Startup Cost": 129371.78,
          "Total Cost": 129372.09,
          "Plan Rows": 3,
          "Plan Width": 8,
          "Actual Startup Time": 720.093,
          "Actual Total Time": 757.867,
          "Actual Rows": 4,
          "Actual Loops": 1,
          "Workers Planned": 3,
          "Workers Launched": 3,
          "Single Copy": false,
          "Plans": [
            {
              "Node Type": "Aggregate",
              "Strategy": "Plain",
              "Partial Mode": "Partial",
              "Parent Relationship": "Outer",
              "Parallel Aware": false,
              "Startup Cost": 128371.78,
              "Total Cost": 128371.79,
              "Plan Rows": 1,
              "Plan Width": 8,
              "Actual Startup Time": 715.393,
              "Actual Total Time": 715.4,
              "Actual Rows": 1,
              "Actual Loops": 4,
              "Plans": [
                {
                  "Node Type": "Hash Join",
                  "Parent Relationship": "Outer",
                  "Parallel Aware": true,
                  "Join Type": "Inner",
                  "Startup Cost": 83066.83,
                  "Total Cost": 128200.29,
                  "Plan Rows": 68595,
                  "Plan Width": 0,
                  "Actual Startup Time": 514.959,
                  "Actual Total Time": 695.184,
                  "Actual Rows": 501108,
                  "Actual Loops": 4,
                  "Inner Unique": false,
                  "Hash Cond": "(mk.movie_id = t.id)",
                  "Plans": [
                    {
                      "Node Type": "Seq Scan",
                      "Parent Relationship": "Outer",
                      "Parallel Aware": true,
                      "Relation Name": "movie_keyword",
                      "Alias": "mk",
                      "Startup Cost": 0.0,
                      "Total Cost": 42695.65,
                      "Plan Rows": 591078,
                      "Plan Width": 4,
                      "Actual Startup Time": 0.641,
                      "Actual Total Time": 96.599,
                      "Actual Rows": 456592,
                      "Actual Loops": 4,
                      "Filter": "(keyword_id > 7633)",
                      "Rows Removed by Filter": 674390
                    },
                    {
                      "Node Type": "Hash",
                      "Parent Relationship": "Inner",
                      "Parallel Aware": true,
                      "Startup Cost": 81883.66,
                      "Total Cost": 81883.66,
                      "Plan Rows": 94653,
                      "Plan Width": 8,
                      "Actual Startup Time": 512.082,
                      "Actual Total Time": 512.087,
                      "Actual Rows": 107042,
                      "Actual Loops": 4,
                      "Hash Buckets": 524288,
                      "Original Hash Buckets": 524288,
                      "Hash Batches": 1,
                      "Original Hash Batches": 1,
                      "Peak Memory Usage": 20928,
                      "Plans": [
                        {
                          "Node Type": "Hash Join",
                          "Parent Relationship": "Outer",
                          "Parallel Aware": true,
                          "Join Type": "Inner",
                          "Startup Cost": 50220.38,
                          "Total Cost": 81883.66,
                          "Plan Rows": 94653,
                          "Plan Width": 8,
                          "Actual Startup Time": 362.422,
                          "Actual Total Time": 475.661,
                          "Actual Rows": 107042,
                          "Actual Loops": 4,
                          "Inner Unique": true,
                          "Hash Cond": "(mc.movie_id = t.id)",
                          "Plans": [
                            {
                              "Node Type": "Seq Scan",
                              "Parent Relationship": "Outer",
                              "Parallel Aware": true,
                              "Relation Name": "movie_companies",
                              "Alias": "mc",
                              "Startup Cost": 0.0,
                              "Total Cost": 31414.82,
                              "Plan Rows": 94653,
                              "Plan Width": 4,
                              "Actual Startup Time": 0.011,
                              "Actual Total Time": 60.916,
                              "Actual Rows": 107042,
                              "Actual Loops": 4,
                              "Filter": "((company_id < 686) AND (company_type_id < 2))",
                              "Rows Removed by Filter": 545240
                            },
                            {
                              "Node Type": "Hash",
                              "Parent Relationship": "Inner",
                              "Parallel Aware": true,
                              "Startup Cost": 42319.06,
                              "Total Cost": 42319.06,
                              "Plan Rows": 632106,
                              "Plan Width": 4,
                              "Actual Startup Time": 354.623,
                              "Actual Total Time": 354.624,
                              "Actual Rows": 632078,
                              "Actual Loops": 4,
                              "Hash Buckets": 4194304,
                              "Original Hash Buckets": 4194304,
                              "Hash Batches": 1,
                              "Original Hash Batches": 1,
                              "Peak Memory Usage": 131712,
                              "Plans": [
                                {
                                  "Node Type": "Seq Scan",
                                  "Parent Relationship": "Outer",
                                  "Parallel Aware": true,
                                  "Relation Name": "title",
                                  "Alias": "t",
                                  "Startup Cost": 0.0,
                                  "Total Cost": 42319.06,
                                  "Plan Rows": 632106,
                                  "Plan Width": 4,
                                  "Actual Startup Time": 0.049,
                                  "Actual Total Time": 97.616,
                                  "Actual Rows": 632078,
                                  "Actual Loops": 4
                                }
                              ]
                            }
                          ]
                        }
                      ]
                    }
                  ]
                }
              ]
            }
          ]
        }
      ]
    },
    "Planning Time": 1.02,
    "Triggers": [],
    "Execution Time": 757.933
  }
]