[
  {
    "Plan": {
      "Node Type": "Aggregate",
      "Strategy": "Plain",
      "Partial Mode": "Finalize",
      "Parallel Aware": false,
      "Startup Cost": 23917.54,
      "Total Cost": 23917.55,
      "Plan Rows": 1,
      "Plan Width": 8,
      "Actual Startup Time": 56.487,
      "Actual Total Time": 60.423,
      "Actual Rows": 1,
      "Actual Loops": 1,
      "Plans": [
        {
          "Node Type": "Gather",
          "Parent Relationship": "Outer",
          "Parallel Aware": false,
          "Startup Cost": 23917.12,
          "Total Cost": 23917.53,
          "Plan Rows": 4,
          "Plan Width": 8,
          "Actual Startup Time": 56.392,
          "Actual Total Time": 60.415,
          "Actual Rows": 5,
          "Actual Loops": 1,
          "Workers Planned": 4,
          "Workers Launched": 4,
          "Single Copy": false,
          "Plans": [
            {
              "Node Type": "Aggregate",
              "Strategy": "Plain",
              "Partial Mode": "Partial",
              "Parent Relationship": "Outer",
              "Parallel Aware": false,
              "Startup Cost": 22917.12,
              "Total Cost": 22917.13,
              "Plan Rows": 1,
              "Plan Width": 8,
              "Actual Startup Time": 48.023,
              "Actual Total Time": 48.024,
              "Actual Rows": 1,
              "Actual Loops": 5,
              "Plans": [
                {
                  "Node Type": "Index Scan",
                  "Parent Relationship": "Outer",
                  "Parallel Aware": true,
                  "Scan Direction": "Forward",
                  "Index Name": "role_id_cast_info",
                  "Relation Name": "cast_info",
                  "Alias": "ci",
                  "Startup Cost": 0.56,
                  "Total Cost": 22554.34,
                  "Plan Rows": 145110,
                  "Plan Width": 0,
                  "Actual Startup Time": 0.169,
                  "Actual Total Time": 43.529,
                  "Actual Rows": 62462,
                  "Actual Loops": 5,
                  "Index Cond": "(role_id = 6)",
                  "Rows Removed by Index Recheck": 0,
                  "Filter": "(person_id < 2704726)",
                  "Rows Removed by Filter": 92273
                }
              ]
            }
          ]
        }
      ]
    },
    "Planning Time": 0.243,
    "Triggers": [],
    "Execution Time": 60.497
  }
]