[
  {
    "Plan": {
      "Node Type": "Aggregate",
      "Strategy": "Plain",
      "Partial Mode": "Finalize",
      "Parallel Aware": false,
      "Startup Cost": 47224.14,
      "Total Cost": 47224.15,
      "Plan Rows": 1,
      "Plan Width": 8,
      "Actual Startup Time": 177.993,
      "Actual Total Time": 187.747,
      "Actual Rows": 1,
      "Actual Loops": 1,
      "Plans": [
        {
          "Node Type": "Gather",
          "Parent Relationship": "Outer",
          "Parallel Aware": false,
          "Startup Cost": 47223.83,
          "Total Cost": 47224.14,
          "Plan Rows": 3,
          "Plan Width": 8,
          "Actual Startup Time": 177.895,
          "Actual Total Time": 187.738,
          "Actual Rows": 4,
          "Actual Loops": 1,
          "Workers Planned": 3,
          "Workers Launched": 3,
          "Single Copy": false,
          "Plans": [
            {
              "Node Type": "Aggregate",
              "Strategy": "Plain",
              "Partial Mode": "Partial",
              "Parent Relationship": "Outer",
              "Parallel Aware": false,
              "Startup Cost": 46223.83,
              "Total Cost": 46223.84,
              "Plan Rows": 1,
              "Plan Width": 8,
              "Actual Startup Time": 170.409,
              "Actual Total Time": 170.41,
              "Actual Rows": 1,
              "Actual Loops": 4,
              "Plans": [
                {
                  "Node Type": "Seq Scan",
                  "Parent Relationship": "Outer",
                  "Parallel Aware": true,
                  "Relation Name": "movie_keyword",
                  "Alias": "mk",
                  "Startup Cost": 0.0,
                  "Total Cost": 42695.65,
                  "Plan Rows": 1411269,
                  "Plan Width": 0,
                  "Actual Startup Time": 0.085,
                  "Actual Total Time": 124.345,
                  "Actual Rows": 1090042,
                  "Actual Loops": 4,
                  "Filter": "(keyword_id > 117)",
                  "Rows Removed by Filter": 40940
                }
              ]
            }
          ]
        }
      ]
    },
    "Planning Time": 0.178,
    "Triggers": [],
    "Execution Time": 187.801
  }
]