[
  {
    "Plan": {
      "Node Type": "Aggregate",
      "Strategy": "Plain",
      "Partial Mode": "Finalize",
      "Parallel Aware": false,
      "Startup Cost": 354332.05,
      "Total Cost": 354332.07,
      "Plan Rows": 1,
      "Plan Width": 8,
      "Actual Startup Time": 1094.602,
      "Actual Total Time": 1170.491,
      "Actual Rows": 1,
      "Actual Loops": 1,
      "Plans": [
        {
          "Node Type": "Gather",
          "Parent Relationship": "Outer",
          "Parallel Aware": false,
          "Startup Cost": 354331.43,
          "Total Cost": 354332.04,
          "Plan Rows": 6,
          "Plan Width": 8,
          "Actual Startup Time": 1094.469,
          "Actual Total Time": 1170.479,
          "Actual Rows": 7,
          "Actual Loops": 1,
          "Workers Planned": 6,
          "Workers Launched": 6,
          "Single Copy": false,
          "Plans": [
            {
              "Node Type": "Aggregate",
              "Strategy": "Plain",
              "Partial Mode": "Partial",
              "Parent Relationship": "Outer",
              "Parallel Aware": false,
              "Startup Cost": 353331.43,
              "Total Cost": 353331.44,
              "Plan Rows": 1,
              "Plan Width": 8,
              "Actual Startup Time": 1085.83,
              "Actual Total Time": 1085.832,
              "Actual Rows": 1,
              "Actual Loops": 7,
              "Plans": [
                {
                  "Node Type": "Seq Scan",
                  "Parent Relationship": "Outer",
                  "Parallel Aware": true,
                  "Relation Name": "cast_info",
                  "Alias": "ci",
                  "Startup Cost": 0.0,
                  "Total Cost": 343257.03,
                  "Plan Rows": 4029760,
                  "Plan Width": 0,
                  "Actual Startup Time": 135.133,
                  "Actual Total Time": 896.047,
                  "Actual Rows": 3339191,
                  "Actual Loops": 7,
                  "Filter": "((person_id > 845129) AND (role_id < 10))",
                  "Rows Removed by Filter": 1838573
                }
              ]
            }
          ]
        }
      ]
    },
    "Planning Time": 0.152,
    "Triggers": [],
    "Execution Time": 1170.549
  }
]