{
  "Plan": {
    "Node Type": "Aggregate",
    "Strategy": "Plain",
    "Partial Mode": "Finalize",
    "Parallel Aware": false,
    "Startup Cost": 103244.78,
    "Total Cost": 103244.79,
    "Plan Rows": 1,
    "Plan Width": 8,
    "Actual Startup Time": 696.427,
    "Actual Total Time": 717.54,
    "Actual Rows": 1,
    "Actual Loops": 1,
    "Plans": [
      {
        "Node Type": "Gather",
        "Parent Relationship": "Outer",
        "Parallel Aware": false,
        "Startup Cost": 103244.67,
        "Total Cost": 103244.78,
        "Plan Rows": 1,
        "Plan Width": 8,
        "Actual Startup Time": 693.041,
        "Actual Total Time": 717.529,
        "Actual Rows": 2,
        "Actual Loops": 1,
        "Workers Planned": 1,
        "Workers Launched": 1,
        "Single Copy": false,
        "Plans": [
          {
            "Node Type": "Aggregate",
            "Strategy": "Plain",
            "Partial Mode": "Partial",
            "Parent Relationship": "Outer",
            "Parallel Aware": false,
            "Startup Cost": 102244.67,
            "Total Cost": 102244.68,
            "Plan Rows": 1,
            "Plan Width": 8,
            "Actual Startup Time": 680.576,
            "Actual Total Time": 680.583,
            "Actual Rows": 1,
            "Actual Loops": 2,
            "Plans": [
              {
                "Node Type": "Hash Join",
                "Parent Relationship": "Outer",
                "Parallel Aware": true,
                "Join Type": "Inner",
                "Startup Cost": 75056.77,
                "Total Cost": 101856.88,
                "Plan Rows": 155115,
                "Plan Width": 0,
                "Actual Startup Time": 584.845,
                "Actual Total Time": 674.601,
                "Actual Rows": 128246,
                "Actual Loops": 2,
                "Inner Unique": true,
                "Hash Cond": "(mk.movie_id = t.id)",
                "Plans": [
                  {
                    "Node Type": "Bitmap Heap Scan",
                    "Parent Relationship": "Outer",
                    "Parallel Aware": true,
                    "Relation Name": "movie_keyword",
                    "Alias": "mk",
                    "Startup Cost": 5596.07,
                    "Total Cost": 31989.0,
                    "Plan Rows": 155115,
                    "Plan Width": 4,
                    "Actual Startup Time": 16.806,
                    "Actual Total Time": 68.536,
                    "Actual Rows": 128246,
                    "Actual Loops": 2,
                    "Recheck Cond": "(keyword_id > 59902)",
                    "Rows Removed by Index Recheck": 0,
                    "Exact Heap Blocks": 12408,
                    "Lossy Heap Blocks": 0,
                    "Plans": [
                      {
                        "Node Type": "Bitmap Index Scan",
                        "Parent Relationship": "Outer",
                        "Parallel Aware": false,
                        "Index Name": "keyword_id_movie_keyword",
                        "Startup Cost": 0.0,
                        "Total Cost": 5530.14,
                        "Plan Rows": 263695,
                        "Plan Width": 0,
                        "Actual Startup Time": 13.689,
                        "Actual Total Time": 13.69,
                        "Actual Rows": 256492,
                        "Actual Loops": 1,
                        "Index Cond": "(keyword_id > 59902)"
                      }
                    ]
                  },
                  {
                    "Node Type": "Hash",
                    "Parent Relationship": "Inner",
                    "Parallel Aware": true,
                    "Startup Cost": 50870.31,
                    "Total Cost": 50870.31,
                    "Plan Rows": 1487231,
                    "Plan Width": 4,
                    "Actual Startup Time": 546.707,
                    "Actual Total Time": 546.709,
                    "Actual Rows": 1264156,
                    "Actual Loops": 2,
                    "Hash Buckets": 4194304,
                    "Original Hash Buckets": 4194304,
                    "Hash Batches": 1,
                    "Original Hash Batches": 1,
                    "Peak Memory Usage": 131712,
                    "Plans": [
                      {
                        "Node Type": "Seq Scan",
                        "Parent Relationship": "Outer",
                        "Parallel Aware": true,
                        "Relation Name": "title",
                        "Alias": "t",
                        "Startup Cost": 0.0,
                        "Total Cost": 50870.31,
                        "Plan Rows": 1487231,
                        "Plan Width": 4,
                        "Actual Startup Time": 0.021,
                        "Actual Total Time": 156.301,
                        "Actual Rows": 1264156,
                        "Actual Loops": 2
                      }
                    ]
                  }
                ]
              }
            ]
          }
        ]
      }
    ]
  },
  "Planning Time": 0.732,
  "Triggers": [],
  "Execution Time": 717.633
}