[
  {
    "Plan": {
      "Node Type": "Aggregate",
      "Strategy": "Plain",
      "Partial Mode": "Finalize",
      "Parallel Aware": false,
      "Startup Cost": 32030.81,
      "Total Cost": 32030.82,
      "Plan Rows": 1,
      "Plan Width": 8,
      "Actual Startup Time": 108.352,
      "Actual Total Time": 114.306,
      "Actual Rows": 1,
      "Actual Loops": 1,
      "Plans": [
        {
          "Node Type": "Gather",
          "Parent Relationship": "Outer",
          "Parallel Aware": false,
          "Startup Cost": 32030.49,
          "Total Cost": 32030.8,
          "Plan Rows": 3,
          "Plan Width": 8,
          "Actual Startup Time": 108.254,
          "Actual Total Time": 114.299,
          "Actual Rows": 4,
          "Actual Loops": 1,
          "Workers Planned": 3,
          "Workers Launched": 3,
          "Single Copy": false,
          "Plans": [
            {
              "Node Type": "Aggregate",
              "Strategy": "Plain",
              "Partial Mode": "Partial",
              "Parent Relationship": "Outer",
              "Parallel Aware": false,
              "Startup Cost": 31030.49,
              "Total Cost": 31030.5,
              "Plan Rows": 1,
              "Plan Width": 8,
              "Actual Startup Time": 101.704,
              "Actual Total Time": 101.705,
              "Actual Rows": 1,
              "Actual Loops": 4,
              "Plans": [
                {
                  "Node Type": "Seq Scan",
                  "Parent Relationship": "Outer",
                  "Parallel Aware": true,
                  "Relation Name": "movie_companies",
                  "Alias": "mc",
                  "Startup Cost": 0.0,
                  "Total Cost": 29310.68,
                  "Plan Rows": 687924,
                  "Plan Width": 0,
                  "Actual Startup Time": 0.029,
                  "Actual Total Time": 76.444,
                  "Actual Rows": 533140,
                  "Actual Loops": 4,
                  "Filter": "(company_id < 75554)",
                  "Rows Removed by Filter": 119142
                }
              ]
            }
          ]
        }
      ]
    },
    "Planning Time": 0.125,
    "Triggers": [],
    "Execution Time": 114.342
  }
]