[
  {
    "Plan": {
      "Node Type": "Aggregate",
      "Strategy": "Plain",
      "Partial Mode": "Finalize",
      "Parallel Aware": false,
      "Startup Cost": 28547.02,
      "Total Cost": 28547.03,
      "Plan Rows": 1,
      "Plan Width": 8,
      "Actual Startup Time": 36.183,
      "Actual Total Time": 43.475,
      "Actual Rows": 1,
      "Actual Loops": 1,
      "Plans": [
        {
          "Node Type": "Gather",
          "Parent Relationship": "Outer",
          "Parallel Aware": false,
          "Startup Cost": 28546.81,
          "Total Cost": 28547.02,
          "Plan Rows": 2,
          "Plan Width": 8,
          "Actual Startup Time": 36.055,
          "Actual Total Time": 43.47,
          "Actual Rows": 3,
          "Actual Loops": 1,
          "Workers Planned": 2,
          "Workers Launched": 2,
          "Single Copy": false,
          "Plans": [
            {
              "Node Type": "Aggregate",
              "Strategy": "Plain",
              "Partial Mode": "Partial",
              "Parent Relationship": "Outer",
              "Parallel Aware": false,
              "Startup Cost": 27546.81,
              "Total Cost": 27546.82,
              "Plan Rows": 1,
              "Plan Width": 8,
              "Actual Startup Time": 31.748,
              "Actual Total Time": 31.749,
              "Actual Rows": 1,
              "Actual Loops": 3,
              "Plans": [
                {
                  "Node Type": "Nested Loop",
                  "Parent Relationship": "Outer",
                  "Parallel Aware": false,
                  "Join Type": "Inner",
                  "Startup Cost": 113.06,
                  "Total Cost": 27546.21,
                  "Plan Rows": 241,
                  "Plan Width": 0,
                  "Actual Startup Time": 9.696,
                  "Actual Total Time": 31.725,
                  "Actual Rows": 197,
                  "Actual Loops": 3,
                  "Inner Unique": false,
                  "Plans": [
                    {
                      "Node Type": "Nested Loop",
                      "Parent Relationship": "Outer",
                      "Parallel Aware": false,
                      "Join Type": "Inner",
                      "Startup Cost": 112.63,
                      "Total Cost": 27161.95,
                      "Plan Rows": 135,
                      "Plan Width": 8,
                      "Actual Startup Time": 3.162,
                      "Actual Total Time": 30.86,
                      "Actual Rows": 57,
                      "Actual Loops": 3,
                      "Inner Unique": true,
                      "Plans": [
                        {
                          "Node Type": "Bitmap Heap Scan",
                          "Parent Relationship": "Outer",
                          "Parallel Aware": true,
                          "Relation Name": "movie_companies",
                          "Alias": "mc",
                          "Startup Cost": 112.2,
                          "Total Cost": 11559.28,
                          "Plan Rows": 2138,
                          "Plan Width": 4,
                          "Actual Startup Time": 1.531,
                          "Actual Total Time": 6.112,
                          "Actual Rows": 2022,
                          "Actual Loops": 3,
                          "Recheck Cond": "(company_id = 93)",
                          "Rows Removed by Index Recheck": 0,
                          "Exact Heap Blocks": 1349,
                          "Lossy Heap Blocks": 0,
                          "Plans": [
                            {
                              "Node Type": "Bitmap Index Scan",
                              "Parent Relationship": "Outer",
                              "Parallel Aware": false,
                              "Index Name": "company_id_movie_companies",
                              "Startup Cost": 0.0,
                              "Total Cost": 110.91,
                              "Plan Rows": 5131,
                              "Plan Width": 0,
                              "Actual Startup Time": 3.63,
                              "Actual Total Time": 3.631,
                              "Actual Rows": 6067,
                              "Actual Loops": 1,
                              "Index Cond": "(company_id = 93)"
                            }
                          ]
                        },
                        {
                          "Node Type": "Index Scan",
                          "Parent Relationship": "Inner",
                          "Parallel Aware": false,
                          "Scan Direction": "Forward",
                          "Index Name": "title_pkey",
                          "Relation Name": "title",
                          "Alias": "t",
                          "Startup Cost": 0.43,
                          "Total Cost": 7.3,
                          "Plan Rows": 1,
                          "Plan Width": 4,
                          "Actual Startup Time": 0.012,
                          "Actual Total Time": 0.012,
                          "Actual Rows": 0,
                          "Actual Loops": 6067,
                          "Index Cond": "(id = mc.movie_id)",
                          "Rows Removed by Index Recheck": 0,
                          "Filter": "(production_year = 2011)",
                          "Rows Removed by Filter": 1
                        }
                      ]
                    },
                    {
                      "Node Type": "Index Only Scan",
                      "Parent Relationship": "Inner",
                      "Parallel Aware": false,
                      "Scan Direction": "Forward",
                      "Index Name": "movie_id_movie_keyword",
                      "Relation Name": "movie_keyword",
                      "Alias": "mk",
                      "Startup Cost": 0.43,
                      "Total Cost": 2.39,
                      "Plan Rows": 46,
                      "Plan Width": 4,
                      "Actual Startup Time": 0.013,
                      "Actual Total Time": 0.014,
                      "Actual Rows": 3,
                      "Actual Loops": 171,
                      "Index Cond": "(movie_id = t.id)",
                      "Rows Removed by Index Recheck": 0,
                      "Heap Fetches": 592
                    }
                  ]
                }
              ]
            }
          ]
        }
      ]
    },
    "Planning Time": 0.879,
    "Triggers": [],
    "Execution Time": 43.542
  }
]