[
    {
        "Bao": {
            "Bao prediction": "NaN",
            "Bao recommended hint": "(no hint)"
        }
    },
    {
        "Plan": {
            "Node Type": "Aggregate",
            "Strategy": "Plain",
            "Partial Mode": "Finalize",
            "Parallel Aware": false,
            "Startup Cost": 46854.39,
            "Total Cost": 46854.4,
            "Plan Rows": 1,
            "Plan Width": 8,
            "Actual Startup Time": 170.873,
            "Actual Total Time": 179.403,
            "Actual Rows": 1,
            "Actual Loops": 1,
            "Output": [
                "count(*)"
            ],
            "Plans": [
                {
                    "Node Type": "Gather",
                    "Parent Relationship": "Outer",
                    "Parallel Aware": false,
                    "Startup Cost": 46854.07,
                    "Total Cost": 46854.38,
                    "Plan Rows": 3,
                    "Plan Width": 8,
                    "Actual Startup Time": 170.764,
                    "Actual Total Time": 179.394,
                    "Actual Rows": 4,
                    "Actual Loops": 1,
                    "Output": [
                        "(PARTIAL count(*))"
                    ],
                    "Workers Planned": 3,
                    "Workers Launched": 3,
                    "Single Copy": false,
                    "Plans": [
                        {
                            "Node Type": "Aggregate",
                            "Strategy": "Plain",
                            "Partial Mode": "Partial",
                            "Parent Relationship": "Outer",
                            "Parallel Aware": false,
                            "Startup Cost": 45854.07,
                            "Total Cost": 45854.08,
                            "Plan Rows": 1,
                            "Plan Width": 8,
                            "Actual Startup Time": 162.568,
                            "Actual Total Time": 162.569,
                            "Actual Rows": 1,
                            "Actual Loops": 4,
                            "Output": [
                                "PARTIAL count(*)"
                            ],
                            "Workers": [
                                {
                                    "Worker Number": 0,
                                    "Actual Startup Time": 159.71,
                                    "Actual Total Time": 159.711,
                                    "Actual Rows": 1,
                                    "Actual Loops": 1
                                },
                                {
                                    "Worker Number": 1,
                                    "Actual Startup Time": 159.776,
                                    "Actual Total Time": 159.778,
                                    "Actual Rows": 1,
                                    "Actual Loops": 1
                                },
                                {
                                    "Worker Number": 2,
                                    "Actual Startup Time": 160.424,
                                    "Actual Total Time": 160.426,
                                    "Actual Rows": 1,
                                    "Actual Loops": 1
                                }
                            ],
                            "Plans": [
                                {
                                    "Node Type": "Seq Scan",
                                    "Parent Relationship": "Outer",
                                    "Parallel Aware": true,
                                    "Relation Name": "movie_keyword",
                                    "Schema": "public",
                                    "Alias": "mk",
                                    "Startup Cost": 0.0,
                                    "Total Cost": 42695.65,
                                    "Plan Rows": 1263368,
                                    "Plan Width": 0,
                                    "Actual Startup Time": 0.073,
                                    "Actual Total Time": 116.284,
                                    "Actual Rows": 977948,
                                    "Actual Loops": 4,
                                    "Output": [
                                        "id",
                                        "movie_id",
                                        "keyword_id"
                                    ],
                                    "Filter": "(mk.keyword_id > 460)",
                                    "Rows Removed by Filter": 153034,
                                    "Workers": [
                                        {
                                            "Worker Number": 0,
                                            "Actual Startup Time": 0.062,
                                            "Actual Total Time": 115.825,
                                            "Actual Rows": 916204,
                                            "Actual Loops": 1
                                        },
                                        {
                                            "Worker Number": 1,
                                            "Actual Startup Time": 0.062,
                                            "Actual Total Time": 115.933,
                                            "Actual Rows": 915250,
                                            "Actual Loops": 1
                                        },
                                        {
                                            "Worker Number": 2,
                                            "Actual Startup Time": 0.06,
                                            "Actual Total Time": 116.218,
                                            "Actual Rows": 943676,
                                            "Actual Loops": 1
                                        }
                                    ]
                                }
                            ]
                        }
                    ]
                }
            ]
        },
        "Planning Time": 176.01,
        "Triggers": [],
        "Execution Time": 179.458
    }
]