[
  {
    "Plan": {
      "Node Type": "Aggregate",
      "Strategy": "Plain",
      "Partial Mode": "Finalize",
      "Parallel Aware": false,
      "Startup Cost": 96434.72,
      "Total Cost": 96434.73,
      "Plan Rows": 1,
      "Plan Width": 8,
      "Actual Startup Time": 563.283,
      "Actual Total Time": 581.3,
      "Actual Rows": 1,
      "Actual Loops": 1,
      "Plans": [
        {
          "Node Type": "Gather",
          "Parent Relationship": "Outer",
          "Parallel Aware": false,
          "Startup Cost": 96434.5,
          "Total Cost": 96434.71,
          "Plan Rows": 2,
          "Plan Width": 8,
          "Actual Startup Time": 557.084,
          "Actual Total Time": 581.29,
          "Actual Rows": 3,
          "Actual Loops": 1,
          "Workers Planned": 2,
          "Workers Launched": 2,
          "Single Copy": false,
          "Plans": [
            {
              "Node Type": "Aggregate",
              "Strategy": "Plain",
              "Partial Mode": "Partial",
              "Parent Relationship": "Outer",
              "Parallel Aware": false,
              "Startup Cost": 95434.5,
              "Total Cost": 95434.51,
              "Plan Rows": 1,
              "Plan Width": 8,
              "Actual Startup Time": 538.023,
              "Actual Total Time": 538.029,
              "Actual Rows": 1,
              "Actual Loops": 3,
              "Plans": [
                {
                  "Node Type": "Hash Join",
                  "Parent Relationship": "Outer",
                  "Parallel Aware": true,
                  "Join Type": "Inner",
                  "Startup Cost": 79389.28,
                  "Total Cost": 95345.53,
                  "Plan Rows": 35589,
                  "Plan Width": 0,
                  "Actual Startup Time": 481.314,
                  "Actual Total Time": 533.02,
                  "Actual Rows": 123684,
                  "Actual Loops": 3,
                  "Inner Unique": false,
                  "Hash Cond": "(mi_idx.movie_id = t.id)",
                  "Plans": [
                    {
                      "Node Type": "Seq Scan",
                      "Parent Relationship": "Outer",
                      "Parallel Aware": true,
                      "Relation Name": "movie_info_idx",
                      "Alias": "mi_idx",
                      "Startup Cost": 0.0,
                      "Total Cost": 13685.15,
                      "Plan Rows": 575015,
                      "Plan Width": 4,
                      "Actual Startup Time": 0.025,
                      "Actual Total Time": 32.901,
                      "Actual Rows": 460012,
                      "Actual Loops": 3
                    },
                    {
                      "Node Type": "Hash",
                      "Parent Relationship": "Inner",
                      "Parallel Aware": true,
                      "Startup Cost": 78758.31,
                      "Total Cost": 78758.31,
                      "Plan Rows": 50478,
                      "Plan Width": 8,
                      "Actual Startup Time": 449.482,
                      "Actual Total Time": 449.486,
                      "Actual Rows": 50568,
                      "Actual Loops": 3,
                      "Hash Buckets": 262144,
                      "Original Hash Buckets": 262144,
                      "Hash Batches": 1,
                      "Original Hash Batches": 1,
                      "Peak Memory Usage": 8032,
                      "Plans": [
                        {
                          "Node Type": "Hash Join",
                          "Parent Relationship": "Outer",
                          "Parallel Aware": true,
                          "Join Type": "Inner",
                          "Startup Cost": 53540.82,
                          "Total Cost": 78758.31,
                          "Plan Rows": 50478,
                          "Plan Width": 8,
                          "Actual Startup Time": 388.848,
                          "Actual Total Time": 437.643,
                          "Actual Rows": 50568,
                          "Actual Loops": 3,
                          "Inner Unique": true,
                          "Hash Cond": "(mk.movie_id = t.id)",
                          "Plans": [
                            {
                              "Node Type": "Bitmap Heap Scan",
                              "Parent Relationship": "Outer",
                              "Parallel Aware": true,
                              "Relation Name": "movie_keyword",
                              "Alias": "mk",
                              "Startup Cost": 3321.18,
                              "Total Cost": 28406.16,
                              "Plan Rows": 50478,
                              "Plan Width": 4,
                              "Actual Startup Time": 11.086,
                              "Actual Total Time": 41.871,
                              "Actual Rows": 50568,
                              "Actual Loops": 3,
                              "Recheck Cond": "(keyword_id > 73686)",
                              "Rows Removed by Index Recheck": 0,
                              "Exact Heap Blocks": 8172,
                              "Lossy Heap Blocks": 0,
                              "Plans": [
                                {
                                  "Node Type": "Bitmap Index Scan",
                                  "Parent Relationship": "Outer",
                                  "Parallel Aware": false,
                                  "Index Name": "keyword_id_movie_keyword",
                                  "Startup Cost": 0.0,
                                  "Total Cost": 3282.05,
                                  "Plan Rows": 156483,
                                  "Plan Width": 0,
                                  "Actual Startup Time": 8.242,
                                  "Actual Total Time": 8.242,
                                  "Actual Rows": 151705,
                                  "Actual Loops": 1,
                                  "Index Cond": "(keyword_id > 73686)"
                                }
                              ]
                            },
                            {
                              "Node Type": "Hash",
                              "Parent Relationship": "Inner",
                              "Parallel Aware": true,
                              "Startup Cost": 42318.73,
                              "Total Cost": 42318.73,
                              "Plan Rows": 632073,
                              "Plan Width": 4,
                              "Actual Startup Time": 364.556,
                              "Actual Total Time": 364.557,
                              "Actual Rows": 842771,
                              "Actual Loops": 3,
                              "Hash Buckets": 4194304,
                              "Original Hash Buckets": 4194304,
                              "Hash Batches": 1,
                              "Original Hash Batches": 1,
                              "Peak Memory Usage": 131712,
                              "Plans": [
                                {
                                  "Node Type": "Seq Scan",
                                  "Parent Relationship": "Outer",
                                  "Parallel Aware": true,
                                  "Relation Name": "title",
                                  "Alias": "t",
                                  "Startup Cost": 0.0,
                                  "Total Cost": 42318.73,
                                  "Plan Rows": 632073,
                                  "Plan Width": 4,
                                  "Actual Startup Time": 0.031,
                                  "Actual Total Time": 108.494,
                                  "Actual Rows": 842771,
                                  "Actual Loops": 3
                                }
                              ]
                            }
                          ]
                        }
                      ]
                    }
                  ]
                }
              ]
            }
          ]
        }
      ]
    },
    "Planning Time": 1.327,
    "Triggers": [],
    "Execution Time": 581.397
  }
]