[
  {
    "Plan": {
      "Node Type": "Aggregate",
      "Strategy": "Plain",
      "Partial Mode": "Finalize",
      "Parallel Aware": false,
      "Startup Cost": 80612.56,
      "Total Cost": 80612.57,
      "Plan Rows": 1,
      "Plan Width": 8,
      "Actual Startup Time": 277.527,
      "Actual Total Time": 294.26,
      "Actual Rows": 1,
      "Actual Loops": 1,
      "Plans": [
        {
          "Node Type": "Gather",
          "Parent Relationship": "Outer",
          "Parallel Aware": false,
          "Startup Cost": 80612.24,
          "Total Cost": 80612.55,
          "Plan Rows": 3,
          "Plan Width": 8,
          "Actual Startup Time": 275.302,
          "Actual Total Time": 294.251,
          "Actual Rows": 4,
          "Actual Loops": 1,
          "Workers Planned": 3,
          "Workers Launched": 3,
          "Single Copy": false,
          "Plans": [
            {
              "Node Type": "Aggregate",
              "Strategy": "Plain",
              "Partial Mode": "Partial",
              "Parent Relationship": "Outer",
              "Parallel Aware": false,
              "Startup Cost": 79612.24,
              "Total Cost": 79612.25,
              "Plan Rows": 1,
              "Plan Width": 8,
              "Actual Startup Time": 266.791,
              "Actual Total Time": 266.797,
              "Actual Rows": 1,
              "Actual Loops": 4,
              "Plans": [
                {
                  "Node Type": "Hash Join",
                  "Parent Relationship": "Outer",
                  "Parallel Aware": true,
                  "Join Type": "Inner",
                  "Startup Cost": 47294.72,
                  "Total Cost": 79450.2,
                  "Plan Rows": 64818,
                  "Plan Width": 0,
                  "Actual Startup Time": 166.071,
                  "Actual Total Time": 261.216,
                  "Actual Rows": 124797,
                  "Actual Loops": 4,
                  "Inner Unique": true,
                  "Hash Cond": "(mc.movie_id = t.id)",
                  "Plans": [
                    {
                      "Node Type": "Seq Scan",
                      "Parent Relationship": "Outer",
                      "Parallel Aware": true,
                      "Relation Name": "movie_companies",
                      "Alias": "mc",
                      "Startup Cost": 0.0,
                      "Total Cost": 31414.82,
                      "Plan Rows": 282154,
                      "Plan Width": 4,
                      "Actual Startup Time": 0.492,
                      "Actual Total Time": 66.705,
                      "Actual Rows": 172974,
                      "Actual Loops": 4,
                      "Filter": "((company_id > 1964) AND (company_type_id < 2))",
                      "Rows Removed by Filter": 479308
                    },
                    {
                      "Node Type": "Hash",
                      "Parent Relationship": "Inner",
                      "Parallel Aware": true,
                      "Startup Cost": 45479.59,
                      "Total Cost": 45479.59,
                      "Plan Rows": 145211,
                      "Plan Width": 4,
                      "Actual Startup Time": 148.405,
                      "Actual Total Time": 148.408,
                      "Actual Rows": 148682,
                      "Actual Loops": 4,
                      "Hash Buckets": 1048576,
                      "Original Hash Buckets": 1048576,
                      "Hash Batches": 1,
                      "Original Hash Batches": 1,
                      "Peak Memory Usage": 31520,
                      "Plans": [
                        {
                          "Node Type": "Seq Scan",
                          "Parent Relationship": "Outer",
                          "Parallel Aware": true,
                          "Relation Name": "title",
                          "Alias": "t",
                          "Startup Cost": 0.0,
                          "Total Cost": 45479.59,
                          "Plan Rows": 145211,
                          "Plan Width": 4,
                          "Actual Startup Time": 56.656,
                          "Actual Total Time": 101.823,
                          "Actual Rows": 148682,
                          "Actual Loops": 4,
                          "Filter": "((production_year < 2012) AND (kind_id = 1))",
                          "Rows Removed by Filter": 483396
                        }
                      ]
                    }
                  ]
                }
              ]
            }
          ]
        }
      ]
    },
    "Planning Time": 0.245,
    "Triggers": [],
    "Execution Time": 294.3
  }
]