{
  "Plan": {
    "Node Type": "Aggregate",
    "Strategy": "Plain",
    "Partial Mode": "Finalize",
    "Parallel Aware": false,
    "Startup Cost": 156305.31,
    "Total Cost": 156305.32,
    "Plan Rows": 1,
    "Plan Width": 8,
    "Actual Startup Time": 660.457,
    "Actual Total Time": 677.536,
    "Actual Rows": 1,
    "Actual Loops": 1,
    "Plans": [
      {
        "Node Type": "Gather",
        "Parent Relationship": "Outer",
        "Parallel Aware": false,
        "Startup Cost": 156305.2,
        "Total Cost": 156305.31,
        "Plan Rows": 1,
        "Plan Width": 8,
        "Actual Startup Time": 659.983,
        "Actual Total Time": 677.528,
        "Actual Rows": 2,
        "Actual Loops": 1,
        "Workers Planned": 1,
        "Workers Launched": 1,
        "Single Copy": false,
        "Plans": [
          {
            "Node Type": "Aggregate",
            "Strategy": "Plain",
            "Partial Mode": "Partial",
            "Parent Relationship": "Outer",
            "Parallel Aware": false,
            "Startup Cost": 155305.2,
            "Total Cost": 155305.21,
            "Plan Rows": 1,
            "Plan Width": 8,
            "Actual Startup Time": 653.603,
            "Actual Total Time": 653.609,
            "Actual Rows": 1,
            "Actual Loops": 2,
            "Plans": [
              {
                "Node Type": "Hash Join",
                "Parent Relationship": "Outer",
                "Parallel Aware": true,
                "Join Type": "Inner",
                "Startup Cost": 93685.6,
                "Total Cost": 155133.71,
                "Plan Rows": 68596,
                "Plan Width": 0,
                "Actual Startup Time": 324.561,
                "Actual Total Time": 648.452,
                "Actual Rows": 125098,
                "Actual Loops": 2,
                "Inner Unique": false,
                "Hash Cond": "(mk.movie_id = t.id)",
                "Plans": [
                  {
                    "Node Type": "Seq Scan",
                    "Parent Relationship": "Outer",
                    "Parallel Aware": true,
                    "Relation Name": "movie_keyword",
                    "Alias": "mk",
                    "Startup Cost": 0.0,
                    "Total Cost": 51065.35,
                    "Plan Rows": 2661135,
                    "Plan Width": 4,
                    "Actual Startup Time": 0.008,
                    "Actual Total Time": 161.395,
                    "Actual Rows": 2261965,
                    "Actual Loops": 2
                  },
                  {
                    "Node Type": "Hash",
                    "Parent Relationship": "Inner",
                    "Parallel Aware": true,
                    "Startup Cost": 93206.4,
                    "Total Cost": 93206.4,
                    "Plan Rows": 38336,
                    "Plan Width": 8,
                    "Actual Startup Time": 323.25,
                    "Actual Total Time": 323.254,
                    "Actual Rows": 18312,
                    "Actual Loops": 2,
                    "Hash Buckets": 65536,
                    "Original Hash Buckets": 65536,
                    "Hash Batches": 1,
                    "Original Hash Batches": 1,
                    "Peak Memory Usage": 1984,
                    "Plans": [
                      {
                        "Node Type": "Hash Join",
                        "Parent Relationship": "Outer",
                        "Parallel Aware": true,
                        "Join Type": "Inner",
                        "Startup Cost": 31464.37,
                        "Total Cost": 93206.4,
                        "Plan Rows": 38336,
                        "Plan Width": 8,
                        "Actual Startup Time": 103.356,
                        "Actual Total Time": 316.636,
                        "Actual Rows": 18312,
                        "Actual Loops": 2,
                        "Inner Unique": false,
                        "Hash Cond": "(t.id = mc.movie_id)",
                        "Plans": [
                          {
                            "Node Type": "Seq Scan",
                            "Parent Relationship": "Outer",
                            "Parallel Aware": true,
                            "Relation Name": "title",
                            "Alias": "t",
                            "Startup Cost": 0.0,
                            "Total Cost": 58306.47,
                            "Plan Rows": 513609,
                            "Plan Width": 4,
                            "Actual Startup Time": 0.013,
                            "Actual Total Time": 150.828,
                            "Actual Rows": 448394,
                            "Actual Loops": 2,
                            "Filter": "((kind_id < 7) AND (production_year < 2012))",
                            "Rows Removed by Filter": 815762
                          },
                          {
                            "Node Type": "Hash",
                            "Parent Relationship": "Inner",
                            "Parallel Aware": true,
                            "Startup Cost": 30076.75,
                            "Total Cost": 30076.75,
                            "Plan Rows": 111009,
                            "Plan Width": 4,
                            "Actual Startup Time": 100.985,
                            "Actual Total Time": 100.987,
                            "Actual Rows": 42332,
                            "Actual Loops": 2,
                            "Hash Buckets": 262144,
                            "Original Hash Buckets": 262144,
                            "Hash Batches": 1,
                            "Original Hash Batches": 1,
                            "Peak Memory Usage": 5408,
                            "Plans": [
                              {
                                "Node Type": "Bitmap Heap Scan",
                                "Parent Relationship": "Outer",
                                "Parallel Aware": true,
                                "Relation Name": "movie_companies",
                                "Alias": "mc",
                                "Startup Cost": 8007.22,
                                "Total Cost": 30076.75,
                                "Plan Rows": 111009,
                                "Plan Width": 4,
                                "Actual Startup Time": 72.563,
                                "Actual Total Time": 90.223,
                                "Actual Rows": 42332,
                                "Actual Loops": 2,
                                "Recheck Cond": "(company_id < 197)",
                                "Rows Removed by Index Recheck": 0,
                                "Filter": "(company_type_id > 1)",
                                "Rows Removed by Filter": 141749,
                                "Exact Heap Blocks": 13196,
                                "Lossy Heap Blocks": 0,
                                "Plans": [
                                  {
                                    "Node Type": "Bitmap Index Scan",
                                    "Parent Relationship": "Outer",
                                    "Parallel Aware": false,
                                    "Index Name": "company_id_movie_companies",
                                    "Startup Cost": 0.0,
                                    "Total Cost": 7960.04,
                                    "Plan Rows": 371681,
                                    "Plan Width": 0,
                                    "Actual Startup Time": 31.519,
                                    "Actual Total Time": 31.52,
                                    "Actual Rows": 368162,
                                    "Actual Loops": 1,
                                    "Index Cond": "(company_id < 197)"
                                  }
                                ]
                              }
                            ]
                          }
                        ]
                      }
                    ]
                  }
                ]
              }
            ]
          }
        ]
      }
    ]
  },
  "Planning Time": 1.176,
  "Triggers": [],
  "Execution Time": 677.676
}