[
    {
        "Bao": {
            "Bao prediction": "NaN",
            "Bao recommended hint": "(no hint)"
        }
    },
    {
        "Plan": {
            "Node Type": "Aggregate",
            "Strategy": "Plain",
            "Partial Mode": "Finalize",
            "Parallel Aware": false,
            "Startup Cost": 32709.19,
            "Total Cost": 32709.2,
            "Plan Rows": 1,
            "Plan Width": 8,
            "Actual Startup Time": 83.86,
            "Actual Total Time": 88.328,
            "Actual Rows": 1,
            "Actual Loops": 1,
            "Output": [
                "count(*)"
            ],
            "Plans": [
                {
                    "Node Type": "Gather",
                    "Parent Relationship": "Outer",
                    "Parallel Aware": false,
                    "Startup Cost": 32708.77,
                    "Total Cost": 32709.18,
                    "Plan Rows": 4,
                    "Plan Width": 8,
                    "Actual Startup Time": 83.665,
                    "Actual Total Time": 88.32,
                    "Actual Rows": 5,
                    "Actual Loops": 1,
                    "Output": [
                        "(PARTIAL count(*))"
                    ],
                    "Workers Planned": 4,
                    "Workers Launched": 4,
                    "Single Copy": false,
                    "Plans": [
                        {
                            "Node Type": "Aggregate",
                            "Strategy": "Plain",
                            "Partial Mode": "Partial",
                            "Parent Relationship": "Outer",
                            "Parallel Aware": false,
                            "Startup Cost": 31708.77,
                            "Total Cost": 31708.78,
                            "Plan Rows": 1,
                            "Plan Width": 8,
                            "Actual Startup Time": 74.574,
                            "Actual Total Time": 74.575,
                            "Actual Rows": 1,
                            "Actual Loops": 5,
                            "Output": [
                                "PARTIAL count(*)"
                            ],
                            "Workers": [
                                {
                                    "Worker Number": 0,
                                    "Actual Startup Time": 72.052,
                                    "Actual Total Time": 72.054,
                                    "Actual Rows": 1,
                                    "Actual Loops": 1
                                },
                                {
                                    "Worker Number": 1,
                                    "Actual Startup Time": 72.177,
                                    "Actual Total Time": 72.179,
                                    "Actual Rows": 1,
                                    "Actual Loops": 1
                                },
                                {
                                    "Worker Number": 2,
                                    "Actual Startup Time": 72.372,
                                    "Actual Total Time": 72.374,
                                    "Actual Rows": 1,
                                    "Actual Loops": 1
                                },
                                {
                                    "Worker Number": 3,
                                    "Actual Startup Time": 72.922,
                                    "Actual Total Time": 72.923,
                                    "Actual Rows": 1,
                                    "Actual Loops": 1
                                }
                            ],
                            "Plans": [
                                {
                                    "Node Type": "Index Scan",
                                    "Parent Relationship": "Outer",
                                    "Parallel Aware": true,
                                    "Scan Direction": "Forward",
                                    "Index Name": "role_id_cast_info",
                                    "Relation Name": "cast_info",
                                    "Schema": "public",
                                    "Alias": "ci",
                                    "Startup Cost": 0.56,
                                    "Total Cost": 31429.0,
                                    "Plan Rows": 111908,
                                    "Plan Width": 0,
                                    "Actual Startup Time": 0.166,
                                    "Actual Total Time": 62.987,
                                    "Actual Rows": 170305,
                                    "Actual Loops": 5,
                                    "Output": [
                                        "id",
                                        "person_id",
                                        "movie_id",
                                        "person_role_id",
                                        "note",
                                        "nr_order",
                                        "role_id"
                                    ],
                                    "Index Cond": "(ci.role_id = 9)",
                                    "Rows Removed by Index Recheck": 0,
                                    "Filter": "(ci.person_id > 2207989)",
                                    "Rows Removed by Filter": 48406,
                                    "Workers": [
                                        {
                                            "Worker Number": 0,
                                            "Actual Startup Time": 0.323,
                                            "Actual Total Time": 60.749,
                                            "Actual Rows": 137321,
                                            "Actual Loops": 1
                                        },
                                        {
                                            "Worker Number": 1,
                                            "Actual Startup Time": 0.186,
                                            "Actual Total Time": 60.844,
                                            "Actual Rows": 138931,
                                            "Actual Loops": 1
                                        },
                                        {
                                            "Worker Number": 2,
                                            "Actual Startup Time": 0.125,
                                            "Actual Total Time": 61.226,
                                            "Actual Rows": 139710,
                                            "Actual Loops": 1
                                        },
                                        {
                                            "Worker Number": 3,
                                            "Actual Startup Time": 0.149,
                                            "Actual Total Time": 61.417,
                                            "Actual Rows": 146525,
                                            "Actual Loops": 1
                                        }
                                    ]
                                }
                            ]
                        }
                    ]
                }
            ]
        },
        "Planning Time": 180.001,
        "Triggers": [],
        "Execution Time": 88.376
    }
]