[
  {
    "Plan": {
      "Node Type": "Aggregate",
      "Strategy": "Plain",
      "Partial Mode": "Finalize",
      "Parallel Aware": false,
      "Startup Cost": 125989.68,
      "Total Cost": 125989.69,
      "Plan Rows": 1,
      "Plan Width": 8,
      "Actual Startup Time": 1282.957,
      "Actual Total Time": 1312.047,
      "Actual Rows": 1,
      "Actual Loops": 1,
      "Plans": [
        {
          "Node Type": "Gather",
          "Parent Relationship": "Outer",
          "Parallel Aware": false,
          "Startup Cost": 125989.37,
          "Total Cost": 125989.68,
          "Plan Rows": 3,
          "Plan Width": 8,
          "Actual Startup Time": 1278.505,
          "Actual Total Time": 1312.039,
          "Actual Rows": 4,
          "Actual Loops": 1,
          "Workers Planned": 3,
          "Workers Launched": 3,
          "Single Copy": false,
          "Plans": [
            {
              "Node Type": "Aggregate",
              "Strategy": "Plain",
              "Partial Mode": "Partial",
              "Parent Relationship": "Outer",
              "Parallel Aware": false,
              "Startup Cost": 124989.37,
              "Total Cost": 124989.38,
              "Plan Rows": 1,
              "Plan Width": 8,
              "Actual Startup Time": 1271.273,
              "Actual Total Time": 1271.279,
              "Actual Rows": 1,
              "Actual Loops": 4,
              "Plans": [
                {
                  "Node Type": "Hash Join",
                  "Parent Relationship": "Outer",
                  "Parallel Aware": true,
                  "Join Type": "Inner",
                  "Startup Cost": 79860.94,
                  "Total Cost": 124723.63,
                  "Plan Rows": 106293,
                  "Plan Width": 0,
                  "Actual Startup Time": 443.608,
                  "Actual Total Time": 1025.362,
                  "Actual Rows": 4218072,
                  "Actual Loops": 4,
                  "Inner Unique": false,
                  "Hash Cond": "(mk.movie_id = t.id)",
                  "Plans": [
                    {
                      "Node Type": "Seq Scan",
                      "Parent Relationship": "Outer",
                      "Parallel Aware": true,
                      "Relation Name": "movie_keyword",
                      "Alias": "mk",
                      "Startup Cost": 0.0,
                      "Total Cost": 39047.32,
                      "Plan Rows": 1459332,
                      "Plan Width": 4,
                      "Actual Startup Time": 0.065,
                      "Actual Total Time": 109.822,
                      "Actual Rows": 1130982,
                      "Actual Loops": 4
                    },
                    {
                      "Node Type": "Hash",
                      "Parent Relationship": "Inner",
                      "Parallel Aware": true,
                      "Startup Cost": 79118.35,
                      "Total Cost": 79118.35,
                      "Plan Rows": 59407,
                      "Plan Width": 8,
                      "Actual Startup Time": 393.236,
                      "Actual Total Time": 393.24,
                      "Actual Rows": 127529,
                      "Actual Loops": 4,
                      "Hash Buckets": 524288,
                      "Original Hash Buckets": 262144,
                      "Hash Batches": 1,
                      "Original Hash Batches": 1,
                      "Peak Memory Usage": 26144,
                      "Plans": [
                        {
                          "Node Type": "Hash Join",
                          "Parent Relationship": "Outer",
                          "Parallel Aware": true,
                          "Join Type": "Inner",
                          "Startup Cost": 46657.34,
                          "Total Cost": 79118.35,
                          "Plan Rows": 59407,
                          "Plan Width": 8,
                          "Actual Startup Time": 214.528,
                          "Actual Total Time": 344.025,
                          "Actual Rows": 127529,
                          "Actual Loops": 4,
                          "Inner Unique": true,
                          "Hash Cond": "(mc.movie_id = t.id)",
                          "Plans": [
                            {
                              "Node Type": "Seq Scan",
                              "Parent Relationship": "Outer",
                              "Parallel Aware": true,
                              "Relation Name": "movie_companies",
                              "Alias": "mc",
                              "Startup Cost": 0.0,
                              "Total Cost": 31414.82,
                              "Plan Rows": 398550,
                              "Plan Width": 4,
                              "Actual Startup Time": 0.014,
                              "Actual Total Time": 90.917,
                              "Actual Rows": 301962,
                              "Actual Loops": 4,
                              "Filter": "((company_id > 17) AND (company_type_id = 1))",
                              "Rows Removed by Filter": 350320
                            },
                            {
                              "Node Type": "Hash",
                              "Parent Relationship": "Inner",
                              "Parallel Aware": true,
                              "Startup Cost": 45479.59,
                              "Total Cost": 45479.59,
                              "Plan Rows": 94220,
                              "Plan Width": 4,
                              "Actual Startup Time": 174.347,
                              "Actual Total Time": 174.348,
                              "Actual Rows": 110007,
                              "Actual Loops": 4,
                              "Hash Buckets": 524288,
                              "Original Hash Buckets": 524288,
                              "Hash Batches": 1,
                              "Original Hash Batches": 1,
                              "Peak Memory Usage": 21376,
                              "Plans": [
                                {
                                  "Node Type": "Seq Scan",
                                  "Parent Relationship": "Outer",
                                  "Parallel Aware": true,
                                  "Relation Name": "title",
                                  "Alias": "t",
                                  "Startup Cost": 0.0,
                                  "Total Cost": 45479.59,
                                  "Plan Rows": 94220,
                                  "Plan Width": 4,
                                  "Actual Startup Time": 69.123,
                                  "Actual Total Time": 125.427,
                                  "Actual Rows": 110007,
                                  "Actual Loops": 4,
                                  "Filter": "((production_year < 2006) AND (kind_id = 1))",
                                  "Rows Removed by Filter": 522071
                                }
                              ]
                            }
                          ]
                        }
                      ]
                    }
                  ]
                }
              ]
            }
          ]
        }
      ]
    },
    "Planning Time": 1.53,
    "Triggers": [],
    "Execution Time": 1312.135
  }
]