[
  {
    "Plan": {
      "Node Type": "Aggregate",
      "Strategy": "Plain",
      "Partial Mode": "Finalize",
      "Parallel Aware": false,
      "Startup Cost": 352398.22,
      "Total Cost": 352398.23,
      "Plan Rows": 1,
      "Plan Width": 8,
      "Actual Startup Time": 865.951,
      "Actual Total Time": 927.458,
      "Actual Rows": 1,
      "Actual Loops": 1,
      "Plans": [
        {
          "Node Type": "Gather",
          "Parent Relationship": "Outer",
          "Parallel Aware": false,
          "Startup Cost": 352397.6,
          "Total Cost": 352398.21,
          "Plan Rows": 6,
          "Plan Width": 8,
          "Actual Startup Time": 865.641,
          "Actual Total Time": 927.447,
          "Actual Rows": 7,
          "Actual Loops": 1,
          "Workers Planned": 6,
          "Workers Launched": 6,
          "Single Copy": false,
          "Plans": [
            {
              "Node Type": "Aggregate",
              "Strategy": "Plain",
              "Partial Mode": "Partial",
              "Parent Relationship": "Outer",
              "Parallel Aware": false,
              "Startup Cost": 351397.6,
              "Total Cost": 351397.61,
              "Plan Rows": 1,
              "Plan Width": 8,
              "Actual Startup Time": 856.409,
              "Actual Total Time": 856.41,
              "Actual Rows": 1,
              "Actual Loops": 7,
              "Plans": [
                {
                  "Node Type": "Seq Scan",
                  "Parent Relationship": "Outer",
                  "Parallel Aware": true,
                  "Relation Name": "cast_info",
                  "Alias": "ci",
                  "Startup Cost": 0.0,
                  "Total Cost": 343257.03,
                  "Plan Rows": 3256227,
                  "Plan Width": 0,
                  "Actual Startup Time": 0.048,
                  "Actual Total Time": 715.723,
                  "Actual Rows": 3218328,
                  "Actual Loops": 7,
                  "Filter": "((person_id < 2539283) AND (role_id < 8))",
                  "Rows Removed by Filter": 1959436
                }
              ]
            }
          ]
        }
      ]
    },
    "Planning Time": 0.168,
    "Triggers": [],
    "Execution Time": 927.517
  }
]