[
    {
        "Bao": {
            "Bao prediction": "NaN",
            "Bao recommended hint": "(no hint)"
        }
    },
    {
        "Plan": {
            "Node Type": "Aggregate",
            "Strategy": "Plain",
            "Partial Mode": "Finalize",
            "Parallel Aware": false,
            "Startup Cost": 390146.84,
            "Total Cost": 390146.85,
            "Plan Rows": 1,
            "Plan Width": 8,
            "Actual Startup Time": 1201.467,
            "Actual Total Time": 1224.195,
            "Actual Rows": 1,
            "Actual Loops": 1,
            "Output": [
                "count(*)"
            ],
            "Plans": [
                {
                    "Node Type": "Gather",
                    "Parent Relationship": "Outer",
                    "Parallel Aware": false,
                    "Startup Cost": 390146.22,
                    "Total Cost": 390146.83,
                    "Plan Rows": 6,
                    "Plan Width": 8,
                    "Actual Startup Time": 1199.896,
                    "Actual Total Time": 1224.186,
                    "Actual Rows": 7,
                    "Actual Loops": 1,
                    "Output": [
                        "(PARTIAL count(*))"
                    ],
                    "Workers Planned": 6,
                    "Workers Launched": 6,
                    "Single Copy": false,
                    "Plans": [
                        {
                            "Node Type": "Aggregate",
                            "Strategy": "Plain",
                            "Partial Mode": "Partial",
                            "Parent Relationship": "Outer",
                            "Parallel Aware": false,
                            "Startup Cost": 389146.22,
                            "Total Cost": 389146.23,
                            "Plan Rows": 1,
                            "Plan Width": 8,
                            "Actual Startup Time": 1189.539,
                            "Actual Total Time": 1189.542,
                            "Actual Rows": 1,
                            "Actual Loops": 7,
                            "Output": [
                                "PARTIAL count(*)"
                            ],
                            "Workers": [
                                {
                                    "Worker Number": 0,
                                    "Actual Startup Time": 1187.217,
                                    "Actual Total Time": 1187.219,
                                    "Actual Rows": 1,
                                    "Actual Loops": 1
                                },
                                {
                                    "Worker Number": 1,
                                    "Actual Startup Time": 1187.406,
                                    "Actual Total Time": 1187.408,
                                    "Actual Rows": 1,
                                    "Actual Loops": 1
                                },
                                {
                                    "Worker Number": 2,
                                    "Actual Startup Time": 1187.875,
                                    "Actual Total Time": 1187.876,
                                    "Actual Rows": 1,
                                    "Actual Loops": 1
                                },
                                {
                                    "Worker Number": 3,
                                    "Actual Startup Time": 1188.074,
                                    "Actual Total Time": 1188.077,
                                    "Actual Rows": 1,
                                    "Actual Loops": 1
                                },
                                {
                                    "Worker Number": 4,
                                    "Actual Startup Time": 1188.207,
                                    "Actual Total Time": 1188.21,
                                    "Actual Rows": 1,
                                    "Actual Loops": 1
                                },
                                {
                                    "Worker Number": 5,
                                    "Actual Startup Time": 1188.788,
                                    "Actual Total Time": 1188.791,
                                    "Actual Rows": 1,
                                    "Actual Loops": 1
                                }
                            ],
                            "Plans": [
                                {
                                    "Node Type": "Hash Join",
                                    "Parent Relationship": "Outer",
                                    "Parallel Aware": true,
                                    "Join Type": "Inner",
                                    "Startup Cost": 46466.21,
                                    "Total Cost": 387608.12,
                                    "Plan Rows": 615240,
                                    "Plan Width": 0,
                                    "Actual Startup Time": 149.195,
                                    "Actual Total Time": 1165.268,
                                    "Actual Rows": 507952,
                                    "Actual Loops": 7,
                                    "Inner Unique": true,
                                    "Hash Cond": "(ci.movie_id = t.id)",
                                    "Workers": [
                                        {
                                            "Worker Number": 0,
                                            "Actual Startup Time": 146.865,
                                            "Actual Total Time": 1163.112,
                                            "Actual Rows": 503052,
                                            "Actual Loops": 1
                                        },
                                        {
                                            "Worker Number": 1,
                                            "Actual Startup Time": 147.019,
                                            "Actual Total Time": 1163.201,
                                            "Actual Rows": 490909,
                                            "Actual Loops": 1
                                        },
                                        {
                                            "Worker Number": 2,
                                            "Actual Startup Time": 147.574,
                                            "Actual Total Time": 1163.846,
                                            "Actual Rows": 500869,
                                            "Actual Loops": 1
                                        },
                                        {
                                            "Worker Number": 3,
                                            "Actual Startup Time": 147.74,
                                            "Actual Total Time": 1162.568,
                                            "Actual Rows": 491900,
                                            "Actual Loops": 1
                                        },
                                        {
                                            "Worker Number": 4,
                                            "Actual Startup Time": 147.874,
                                            "Actual Total Time": 1164.349,
                                            "Actual Rows": 496456,
                                            "Actual Loops": 1
                                        },
                                        {
                                            "Worker Number": 5,
                                            "Actual Startup Time": 148.62,
                                            "Actual Total Time": 1164.658,
                                            "Actual Rows": 487230,
                                            "Actual Loops": 1
                                        }
                                    ],
                                    "Plans": [
                                        {
                                            "Node Type": "Seq Scan",
                                            "Parent Relationship": "Outer",
                                            "Parallel Aware": true,
                                            "Relation Name": "cast_info",
                                            "Schema": "public",
                                            "Alias": "ci",
                                            "Startup Cost": 0.0,
                                            "Total Cost": 328213.62,
                                            "Plan Rows": 4925055,
                                            "Plan Width": 4,
                                            "Actual Startup Time": 62.162,
                                            "Actual Total Time": 543.21,
                                            "Actual Rows": 4190960,
                                            "Actual Loops": 7,
                                            "Output": [
                                                "ci.id",
                                                "ci.person_id",
                                                "ci.movie_id",
                                                "ci.person_role_id",
                                                "ci.note",
                                                "ci.nr_order",
                                                "ci.role_id"
                                            ],
                                            "Filter": "(ci.person_id > 667620)",
                                            "Rows Removed by Filter": 986803,
                                            "Workers": [
                                                {
                                                    "Worker Number": 0,
                                                    "Actual Startup Time": 62.064,
                                                    "Actual Total Time": 553.352,
                                                    "Actual Rows": 4109317,
                                                    "Actual Loops": 1
                                                },
                                                {
                                                    "Worker Number": 1,
                                                    "Actual Startup Time": 62.173,
                                                    "Actual Total Time": 543.335,
                                                    "Actual Rows": 4065397,
                                                    "Actual Loops": 1
                                                },
                                                {
                                                    "Worker Number": 2,
                                                    "Actual Startup Time": 62.18,
                                                    "Actual Total Time": 554.677,
                                                    "Actual Rows": 4115350,
                                                    "Actual Loops": 1
                                                },
                                                {
                                                    "Worker Number": 3,
                                                    "Actual Startup Time": 62.187,
                                                    "Actual Total Time": 542.911,
                                                    "Actual Rows": 4054687,
                                                    "Actual Loops": 1
                                                },
                                                {
                                                    "Worker Number": 4,
                                                    "Actual Startup Time": 62.163,
                                                    "Actual Total Time": 554.666,
                                                    "Actual Rows": 4106641,
                                                    "Actual Loops": 1
                                                },
                                                {
                                                    "Worker Number": 5,
                                                    "Actual Startup Time": 62.178,
                                                    "Actual Total Time": 538.553,
                                                    "Actual Rows": 4014802,
                                                    "Actual Loops": 1
                                                }
                                            ]
                                        },
                                        {
                                            "Node Type": "Hash",
                                            "Parent Relationship": "Inner",
                                            "Parallel Aware": true,
                                            "Startup Cost": 45479.21,
                                            "Total Cost": 45479.21,
                                            "Plan Rows": 78960,
                                            "Plan Width": 4,
                                            "Actual Startup Time": 84.854,
                                            "Actual Total Time": 84.855,
                                            "Actual Rows": 34970,
                                            "Actual Loops": 7,
                                            "Output": [
                                                "t.id"
                                            ],
                                            "Hash Buckets": 524288,
                                            "Original Hash Buckets": 524288,
                                            "Hash Batches": 1,
                                            "Original Hash Batches": 1,
                                            "Peak Memory Usage": 13760,
                                            "Workers": [
                                                {
                                                    "Worker Number": 0,
                                                    "Actual Startup Time": 83.962,
                                                    "Actual Total Time": 83.963,
                                                    "Actual Rows": 33433,
                                                    "Actual Loops": 1
                                                },
                                                {
                                                    "Worker Number": 1,
                                                    "Actual Startup Time": 84.128,
                                                    "Actual Total Time": 84.128,
                                                    "Actual Rows": 33332,
                                                    "Actual Loops": 1
                                                },
                                                {
                                                    "Worker Number": 2,
                                                    "Actual Startup Time": 84.585,
                                                    "Actual Total Time": 84.585,
                                                    "Actual Rows": 32218,
                                                    "Actual Loops": 1
                                                },
                                                {
                                                    "Worker Number": 3,
                                                    "Actual Startup Time": 84.739,
                                                    "Actual Total Time": 84.74,
                                                    "Actual Rows": 33152,
                                                    "Actual Loops": 1
                                                },
                                                {
                                                    "Worker Number": 4,
                                                    "Actual Startup Time": 84.941,
                                                    "Actual Total Time": 84.942,
                                                    "Actual Rows": 32465,
                                                    "Actual Loops": 1
                                                },
                                                {
                                                    "Worker Number": 5,
                                                    "Actual Startup Time": 85.541,
                                                    "Actual Total Time": 85.542,
                                                    "Actual Rows": 32534,
                                                    "Actual Loops": 1
                                                }
                                            ],
                                            "Plans": [
                                                {
                                                    "Node Type": "Seq Scan",
                                                    "Parent Relationship": "Outer",
                                                    "Parallel Aware": true,
                                                    "Relation Name": "title",
                                                    "Schema": "public",
                                                    "Alias": "t",
                                                    "Startup Cost": 0.0,
                                                    "Total Cost": 45479.21,
                                                    "Plan Rows": 78960,
                                                    "Plan Width": 4,
                                                    "Actual Startup Time": 40.854,
                                                    "Actual Total Time": 72.2,
                                                    "Actual Rows": 34970,
                                                    "Actual Loops": 7,
                                                    "Output": [
                                                        "t.id"
                                                    ],
                                                    "Filter": "((t.production_year > 2003) AND (t.kind_id = 1))",
                                                    "Rows Removed by Filter": 326218,
                                                    "Workers": [
                                                        {
                                                            "Worker Number": 0,
                                                            "Actual Startup Time": 46.72,
                                                            "Actual Total Time": 71.751,
                                                            "Actual Rows": 33433,
                                                            "Actual Loops": 1
                                                        },
                                                        {
                                                            "Worker Number": 1,
                                                            "Actual Startup Time": 45.974,
                                                            "Actual Total Time": 72.083,
                                                            "Actual Rows": 33332,
                                                            "Actual Loops": 1
                                                        },
                                                        {
                                                            "Worker Number": 2,
                                                            "Actual Startup Time": 46.213,
                                                            "Actual Total Time": 72.206,
                                                            "Actual Rows": 32218,
                                                            "Actual Loops": 1
                                                        },
                                                        {
                                                            "Worker Number": 3,
                                                            "Actual Startup Time": 5.118,
                                                            "Actual Total Time": 72.415,
                                                            "Actual Rows": 33152,
                                                            "Actual Loops": 1
                                                        },
                                                        {
                                                            "Worker Number": 4,
                                                            "Actual Startup Time": 46.684,
                                                            "Actual Total Time": 72.536,
                                                            "Actual Rows": 32465,
                                                            "Actual Loops": 1
                                                        },
                                                        {
                                                            "Worker Number": 5,
                                                            "Actual Startup Time": 47.323,
                                                            "Actual Total Time": 73.1,
                                                            "Actual Rows": 32534,
                                                            "Actual Loops": 1
                                                        }
                                                    ]
                                                }
                                            ]
                                        }
                                    ]
                                }
                            ]
                        }
                    ]
                }
            ]
        },
        "Planning Time": 204.891,
        "Triggers": [],
        "Execution Time": 1224.305
    }
]