[
  {
    "Plan": {
      "Node Type": "Aggregate",
      "Strategy": "Plain",
      "Partial Mode": "Finalize",
      "Parallel Aware": false,
      "Startup Cost": 111670.48,
      "Total Cost": 111670.49,
      "Plan Rows": 1,
      "Plan Width": 8,
      "Actual Startup Time": 434.794,
      "Actual Total Time": 444.722,
      "Actual Rows": 1,
      "Actual Loops": 1,
      "Plans": [
        {
          "Node Type": "Gather",
          "Parent Relationship": "Outer",
          "Parallel Aware": false,
          "Startup Cost": 111670.16,
          "Total Cost": 111670.47,
          "Plan Rows": 3,
          "Plan Width": 8,
          "Actual Startup Time": 431.743,
          "Actual Total Time": 444.713,
          "Actual Rows": 4,
          "Actual Loops": 1,
          "Workers Planned": 3,
          "Workers Launched": 3,
          "Single Copy": false,
          "Plans": [
            {
              "Node Type": "Aggregate",
              "Strategy": "Plain",
              "Partial Mode": "Partial",
              "Parent Relationship": "Outer",
              "Parallel Aware": false,
              "Startup Cost": 110670.16,
              "Total Cost": 110670.17,
              "Plan Rows": 1,
              "Plan Width": 8,
              "Actual Startup Time": 429.211,
              "Actual Total Time": 429.437,
              "Actual Rows": 1,
              "Actual Loops": 4,
              "Plans": [
                {
                  "Node Type": "Hash Join",
                  "Parent Relationship": "Outer",
                  "Parallel Aware": true,
                  "Join Type": "Inner",
                  "Startup Cost": 62863.42,
                  "Total Cost": 110569.96,
                  "Plan Rows": 40081,
                  "Plan Width": 0,
                  "Actual Startup Time": 209.109,
                  "Actual Total Time": 410.447,
                  "Actual Rows": 455844,
                  "Actual Loops": 4,
                  "Inner Unique": false,
                  "Hash Cond": "(mk.movie_id = t.id)",
                  "Plans": [
                    {
                      "Node Type": "Seq Scan",
                      "Parent Relationship": "Outer",
                      "Parallel Aware": true,
                      "Relation Name": "movie_keyword",
                      "Alias": "mk",
                      "Startup Cost": 0.0,
                      "Total Cost": 42695.65,
                      "Plan Rows": 1291701,
                      "Plan Width": 4,
                      "Actual Startup Time": 0.018,
                      "Actual Total Time": 103.008,
                      "Actual Rows": 1001756,
                      "Actual Loops": 4,
                      "Filter": "(keyword_id > 373)",
                      "Rows Removed by Filter": 129226
                    },
                    {
                      "Node Type": "Hash",
                      "Parent Relationship": "Inner",
                      "Parallel Aware": true,
                      "Startup Cost": 62454.81,
                      "Total Cost": 62454.81,
                      "Plan Rows": 32689,
                      "Plan Width": 8,
                      "Actual Startup Time": 208.587,
                      "Actual Total Time": 208.811,
                      "Actual Rows": 45630,
                      "Actual Loops": 4,
                      "Hash Buckets": 262144,
                      "Original Hash Buckets": 131072,
                      "Hash Batches": 1,
                      "Original Hash Batches": 1,
                      "Peak Memory Usage": 10304,
                      "Plans": [
                        {
                          "Node Type": "Hash Join",
                          "Parent Relationship": "Outer",
                          "Parallel Aware": true,
                          "Join Type": "Inner",
                          "Startup Cost": 46830.35,
                          "Total Cost": 62454.81,
                          "Plan Rows": 32689,
                          "Plan Width": 8,
                          "Actual Startup Time": 130.701,
                          "Actual Total Time": 191.301,
                          "Actual Rows": 45630,
                          "Actual Loops": 4,
                          "Inner Unique": true,
                          "Hash Cond": "(mi_idx.movie_id = t.id)",
                          "Plans": [
                            {
                              "Node Type": "Seq Scan",
                              "Parent Relationship": "Outer",
                              "Parallel Aware": true,
                              "Relation Name": "movie_info_idx",
                              "Alias": "mi_idx",
                              "Startup Cost": 0.0,
                              "Total Cost": 15122.68,
                              "Plan Rows": 191154,
                              "Plan Width": 4,
                              "Actual Startup Time": 0.02,
                              "Actual Total Time": 30.066,
                              "Actual Rows": 114981,
                              "Actual Loops": 4,
                              "Filter": "(info_type_id < 100)",
                              "Rows Removed by Filter": 230028
                            },
                            {
                              "Node Type": "Hash",
                              "Parent Relationship": "Inner",
                              "Parallel Aware": true,
                              "Startup Cost": 45479.21,
                              "Total Cost": 45479.21,
                              "Plan Rows": 108091,
                              "Plan Width": 4,
                              "Actual Startup Time": 129.839,
                              "Actual Total Time": 129.84,
                              "Actual Rows": 131836,
                              "Actual Loops": 4,
                              "Hash Buckets": 1048576,
                              "Original Hash Buckets": 524288,
                              "Hash Batches": 1,
                              "Original Hash Batches": 1,
                              "Peak Memory Usage": 33024,
                              "Plans": [
                                {
                                  "Node Type": "Seq Scan",
                                  "Parent Relationship": "Outer",
                                  "Parallel Aware": true,
                                  "Relation Name": "title",
                                  "Alias": "t",
                                  "Startup Cost": 0.0,
                                  "Total Cost": 45479.21,
                                  "Plan Rows": 108091,
                                  "Plan Width": 4,
                                  "Actual Startup Time": 0.017,
                                  "Actual Total Time": 79.185,
                                  "Actual Rows": 131836,
                                  "Actual Loops": 4,
                                  "Filter": "((kind_id < 4) AND (production_year < 2004))",
                                  "Rows Removed by Filter": 500242
                                }
                              ]
                            }
                          ]
                        }
                      ]
                    }
                  ]
                }
              ]
            }
          ]
        }
      ]
    },
    "Planning Time": 0.401,
    "Triggers": [],
    "Execution Time": 444.755
  }
]