{
  "Plan": {
    "Node Type": "Aggregate",
    "Strategy": "Plain",
    "Partial Mode": "Finalize",
    "Parallel Aware": false,
    "Startup Cost": 103482.07,
    "Total Cost": 103482.08,
    "Plan Rows": 1,
    "Plan Width": 8,
    "Actual Startup Time": 343.164,
    "Actual Total Time": 358.953,
    "Actual Rows": 1,
    "Actual Loops": 1,
    "Plans": [
      {
        "Node Type": "Gather",
        "Parent Relationship": "Outer",
        "Parallel Aware": false,
        "Startup Cost": 103481.96,
        "Total Cost": 103482.07,
        "Plan Rows": 1,
        "Plan Width": 8,
        "Actual Startup Time": 342.332,
        "Actual Total Time": 358.944,
        "Actual Rows": 2,
        "Actual Loops": 1,
        "Workers Planned": 1,
        "Workers Launched": 1,
        "Single Copy": false,
        "Plans": [
          {
            "Node Type": "Aggregate",
            "Strategy": "Plain",
            "Partial Mode": "Partial",
            "Parent Relationship": "Outer",
            "Parallel Aware": false,
            "Startup Cost": 102481.96,
            "Total Cost": 102481.97,
            "Plan Rows": 1,
            "Plan Width": 8,
            "Actual Startup Time": 338.473,
            "Actual Total Time": 338.477,
            "Actual Rows": 1,
            "Actual Loops": 2,
            "Plans": [
              {
                "Node Type": "Hash Join",
                "Parent Relationship": "Outer",
                "Parallel Aware": true,
                "Join Type": "Inner",
                "Startup Cost": 40411.24,
                "Total Cost": 102318.21,
                "Plan Rows": 65499,
                "Plan Width": 0,
                "Actual Startup Time": 136.458,
                "Actual Total Time": 337.407,
                "Actual Rows": 21486,
                "Actual Loops": 2,
                "Inner Unique": false,
                "Hash Cond": "(t.id = mc.movie_id)",
                "Plans": [
                  {
                    "Node Type": "Seq Scan",
                    "Parent Relationship": "Outer",
                    "Parallel Aware": true,
                    "Relation Name": "title",
                    "Alias": "t",
                    "Startup Cost": 0.0,
                    "Total Cost": 58306.47,
                    "Plan Rows": 514434,
                    "Plan Width": 4,
                    "Actual Startup Time": 0.013,
                    "Actual Total Time": 138.614,
                    "Actual Rows": 478650,
                    "Actual Loops": 2,
                    "Filter": "((production_year > 1999) AND (kind_id = 7))",
                    "Rows Removed by Filter": 785506
                  },
                  {
                    "Node Type": "Hash",
                    "Parent Relationship": "Inner",
                    "Parallel Aware": true,
                    "Startup Cost": 38044.25,
                    "Total Cost": 38044.25,
                    "Plan Rows": 189359,
                    "Plan Width": 4,
                    "Actual Startup Time": 131.857,
                    "Actual Total Time": 131.859,
                    "Actual Rows": 87991,
                    "Actual Loops": 2,
                    "Hash Buckets": 524288,
                    "Original Hash Buckets": 524288,
                    "Hash Batches": 1,
                    "Original Hash Batches": 1,
                    "Peak Memory Usage": 11008,
                    "Plans": [
                      {
                        "Node Type": "Bitmap Heap Scan",
                        "Parent Relationship": "Outer",
                        "Parallel Aware": true,
                        "Relation Name": "movie_companies",
                        "Alias": "mc",
                        "Startup Cost": 13660.01,
                        "Total Cost": 38044.25,
                        "Plan Rows": 189359,
                        "Plan Width": 4,
                        "Actual Startup Time": 90.02,
                        "Actual Total Time": 112.616,
                        "Actual Rows": 87991,
                        "Actual Loops": 2,
                        "Recheck Cond": "(company_id < 836)",
                        "Rows Removed by Index Recheck": 0,
                        "Filter": "(company_type_id = 2)",
                        "Rows Removed by Filter": 226914,
                        "Exact Heap Blocks": 13210,
                        "Lossy Heap Blocks": 0,
                        "Plans": [
                          {
                            "Node Type": "Bitmap Index Scan",
                            "Parent Relationship": "Outer",
                            "Parallel Aware": false,
                            "Index Name": "company_id_movie_companies",
                            "Startup Cost": 0.0,
                            "Total Cost": 13579.53,
                            "Plan Rows": 634014,
                            "Plan Width": 0,
                            "Actual Startup Time": 42.498,
                            "Actual Total Time": 42.499,
                            "Actual Rows": 629809,
                            "Actual Loops": 1,
                            "Index Cond": "(company_id < 836)"
                          }
                        ]
                      }
                    ]
                  }
                ]
              }
            ]
          }
        ]
      }
    ]
  },
  "Planning Time": 0.543,
  "Triggers": [],
  "Execution Time": 359.032
}