[
  {
    "Plan": {
      "Node Type": "Aggregate",
      "Strategy": "Plain",
      "Partial Mode": "Finalize",
      "Parallel Aware": false,
      "Startup Cost": 332425.52,
      "Total Cost": 332425.53,
      "Plan Rows": 1,
      "Plan Width": 8,
      "Actual Startup Time": 650.141,
      "Actual Total Time": 693.568,
      "Actual Rows": 1,
      "Actual Loops": 1,
      "Plans": [
        {
          "Node Type": "Gather",
          "Parent Relationship": "Outer",
          "Parallel Aware": false,
          "Startup Cost": 332424.9,
          "Total Cost": 332425.51,
          "Plan Rows": 6,
          "Plan Width": 8,
          "Actual Startup Time": 649.919,
          "Actual Total Time": 693.553,
          "Actual Rows": 7,
          "Actual Loops": 1,
          "Workers Planned": 6,
          "Workers Launched": 6,
          "Single Copy": false,
          "Plans": [
            {
              "Node Type": "Aggregate",
              "Strategy": "Plain",
              "Partial Mode": "Partial",
              "Parent Relationship": "Outer",
              "Parallel Aware": false,
              "Startup Cost": 331424.9,
              "Total Cost": 331424.91,
              "Plan Rows": 1,
              "Plan Width": 8,
              "Actual Startup Time": 641.791,
              "Actual Total Time": 641.793,
              "Actual Rows": 1,
              "Actual Loops": 7,
              "Plans": [
                {
                  "Node Type": "Seq Scan",
                  "Parent Relationship": "Outer",
                  "Parallel Aware": true,
                  "Relation Name": "cast_info",
                  "Alias": "ci",
                  "Startup Cost": 0.0,
                  "Total Cost": 328211.39,
                  "Plan Rows": 1285403,
                  "Plan Width": 0,
                  "Actual Startup Time": 360.286,
                  "Actual Total Time": 588.356,
                  "Actual Rows": 1095874,
                  "Actual Loops": 7,
                  "Filter": "(person_id > 2909150)",
                  "Rows Removed by Filter": 4081889
                }
              ]
            }
          ]
        }
      ]
    },
    "Planning Time": 0.1,
    "Triggers": [],
    "Execution Time": 693.61
  }
]