[
  {
    "Plan": {
      "Node Type": "Aggregate",
      "Strategy": "Plain",
      "Partial Mode": "Finalize",
      "Parallel Aware": false,
      "Startup Cost": 332386.21,
      "Total Cost": 332386.22,
      "Plan Rows": 1,
      "Plan Width": 8,
      "Actual Startup Time": 635.195,
      "Actual Total Time": 687.242,
      "Actual Rows": 1,
      "Actual Loops": 1,
      "Plans": [
        {
          "Node Type": "Gather",
          "Parent Relationship": "Outer",
          "Parallel Aware": false,
          "Startup Cost": 332385.58,
          "Total Cost": 332386.19,
          "Plan Rows": 6,
          "Plan Width": 8,
          "Actual Startup Time": 635.064,
          "Actual Total Time": 687.234,
          "Actual Rows": 7,
          "Actual Loops": 1,
          "Workers Planned": 6,
          "Workers Launched": 6,
          "Single Copy": false,
          "Plans": [
            {
              "Node Type": "Aggregate",
              "Strategy": "Plain",
              "Partial Mode": "Partial",
              "Parent Relationship": "Outer",
              "Parallel Aware": false,
              "Startup Cost": 331385.58,
              "Total Cost": 331385.59,
              "Plan Rows": 1,
              "Plan Width": 8,
              "Actual Startup Time": 627.48,
              "Actual Total Time": 627.482,
              "Actual Rows": 1,
              "Actual Loops": 7,
              "Plans": [
                {
                  "Node Type": "Seq Scan",
                  "Parent Relationship": "Outer",
                  "Parallel Aware": true,
                  "Relation Name": "cast_info",
                  "Alias": "ci",
                  "Startup Cost": 0.0,
                  "Total Cost": 328162.03,
                  "Plan Rows": 1289422,
                  "Plan Width": 0,
                  "Actual Startup Time": 338.704,
                  "Actual Total Time": 576.473,
                  "Actual Rows": 1095874,
                  "Actual Loops": 7,
                  "Filter": "(person_id > 2909150)",
                  "Rows Removed by Filter": 4081889
                }
              ]
            }
          ]
        }
      ]
    },
    "Planning Time": 0.103,
    "Triggers": [],
    "Execution Time": 687.288
  }
]