[
  {
    "Plan": {
      "Node Type": "Aggregate",
      "Strategy": "Plain",
      "Partial Mode": "Finalize",
      "Parallel Aware": false,
      "Startup Cost": 30671.6,
      "Total Cost": 30671.61,
      "Plan Rows": 1,
      "Plan Width": 8,
      "Actual Startup Time": 85.414,
      "Actual Total Time": 92.132,
      "Actual Rows": 1,
      "Actual Loops": 1,
      "Plans": [
        {
          "Node Type": "Gather",
          "Parent Relationship": "Outer",
          "Parallel Aware": false,
          "Startup Cost": 30671.28,
          "Total Cost": 30671.59,
          "Plan Rows": 3,
          "Plan Width": 8,
          "Actual Startup Time": 85.045,
          "Actual Total Time": 92.122,
          "Actual Rows": 4,
          "Actual Loops": 1,
          "Workers Planned": 3,
          "Workers Launched": 3,
          "Single Copy": false,
          "Plans": [
            {
              "Node Type": "Aggregate",
              "Strategy": "Plain",
              "Partial Mode": "Partial",
              "Parent Relationship": "Outer",
              "Parallel Aware": false,
              "Startup Cost": 29671.28,
              "Total Cost": 29671.29,
              "Plan Rows": 1,
              "Plan Width": 8,
              "Actual Startup Time": 77.917,
              "Actual Total Time": 77.918,
              "Actual Rows": 1,
              "Actual Loops": 4,
              "Plans": [
                {
                  "Node Type": "Bitmap Heap Scan",
                  "Parent Relationship": "Outer",
                  "Parallel Aware": true,
                  "Relation Name": "movie_keyword",
                  "Alias": "mk",
                  "Startup Cost": 4248.35,
                  "Total Cost": 29509.79,
                  "Plan Rows": 64596,
                  "Plan Width": 0,
                  "Actual Startup Time": 18.32,
                  "Actual Total Time": 73.962,
                  "Actual Rows": 50960,
                  "Actual Loops": 4,
                  "Recheck Cond": "(keyword_id > 67854)",
                  "Rows Removed by Index Recheck": 0,
                  "Exact Heap Blocks": 8471,
                  "Lossy Heap Blocks": 0,
                  "Plans": [
                    {
                      "Node Type": "Bitmap Index Scan",
                      "Parent Relationship": "Outer",
                      "Parallel Aware": false,
                      "Index Name": "keyword_id_movie_keyword",
                      "Startup Cost": 0.0,
                      "Total Cost": 4198.28,
                      "Plan Rows": 200247,
                      "Plan Width": 0,
                      "Actual Startup Time": 20.154,
                      "Actual Total Time": 20.155,
                      "Actual Rows": 203840,
                      "Actual Loops": 1,
                      "Index Cond": "(keyword_id > 67854)"
                    }
                  ]
                }
              ]
            }
          ]
        }
      ]
    },
    "Planning Time": 0.114,
    "Triggers": [],
    "Execution Time": 92.179
  }
]