{
  "Plan": {
    "Node Type": "Aggregate",
    "Strategy": "Plain",
    "Partial Mode": "Finalize",
    "Parallel Aware": false,
    "Startup Cost": 99860.64,
    "Total Cost": 99860.65,
    "Plan Rows": 1,
    "Plan Width": 8,
    "Actual Startup Time": 615.912,
    "Actual Total Time": 627.992,
    "Actual Rows": 1,
    "Actual Loops": 1,
    "Plans": [
      {
        "Node Type": "Gather",
        "Parent Relationship": "Outer",
        "Parallel Aware": false,
        "Startup Cost": 99860.53,
        "Total Cost": 99860.64,
        "Plan Rows": 1,
        "Plan Width": 8,
        "Actual Startup Time": 614.448,
        "Actual Total Time": 627.981,
        "Actual Rows": 2,
        "Actual Loops": 1,
        "Workers Planned": 1,
        "Workers Launched": 1,
        "Single Copy": false,
        "Plans": [
          {
            "Node Type": "Aggregate",
            "Strategy": "Plain",
            "Partial Mode": "Partial",
            "Parent Relationship": "Outer",
            "Parallel Aware": false,
            "Startup Cost": 98860.53,
            "Total Cost": 98860.54,
            "Plan Rows": 1,
            "Plan Width": 8,
            "Actual Startup Time": 608.584,
            "Actual Total Time": 608.588,
            "Actual Rows": 1,
            "Actual Loops": 2,
            "Plans": [
              {
                "Node Type": "Hash Join",
                "Parent Relationship": "Outer",
                "Parallel Aware": true,
                "Join Type": "Inner",
                "Startup Cost": 36319.06,
                "Total Cost": 98151.91,
                "Plan Rows": 283448,
                "Plan Width": 0,
                "Actual Startup Time": 144.803,
                "Actual Total Time": 595.785,
                "Actual Rows": 245047,
                "Actual Loops": 2,
                "Inner Unique": false,
                "Hash Cond": "(t.id = mc.movie_id)",
                "Plans": [
                  {
                    "Node Type": "Seq Scan",
                    "Parent Relationship": "Outer",
                    "Parallel Aware": true,
                    "Relation Name": "title",
                    "Alias": "t",
                    "Startup Cost": 0.0,
                    "Total Cost": 50870.31,
                    "Plan Rows": 1487231,
                    "Plan Width": 4,
                    "Actual Startup Time": 0.011,
                    "Actual Total Time": 135.374,
                    "Actual Rows": 1264156,
                    "Actual Loops": 2
                  },
                  {
                    "Node Type": "Hash",
                    "Parent Relationship": "Inner",
                    "Parallel Aware": true,
                    "Startup Cost": 32775.96,
                    "Total Cost": 32775.96,
                    "Plan Rows": 283448,
                    "Plan Width": 4,
                    "Actual Startup Time": 138.816,
                    "Actual Total Time": 138.818,
                    "Actual Rows": 245047,
                    "Actual Loops": 2,
                    "Hash Buckets": 524288,
                    "Original Hash Buckets": 524288,
                    "Hash Batches": 1,
                    "Original Hash Batches": 1,
                    "Peak Memory Usage": 23296,
                    "Plans": [
                      {
                        "Node Type": "Bitmap Heap Scan",
                        "Parent Relationship": "Outer",
                        "Parallel Aware": true,
                        "Relation Name": "movie_companies",
                        "Alias": "mc",
                        "Startup Cost": 10442.86,
                        "Total Cost": 32775.96,
                        "Plan Rows": 283448,
                        "Plan Width": 4,
                        "Actual Startup Time": 33.52,
                        "Actual Total Time": 84.161,
                        "Actual Rows": 245047,
                        "Actual Loops": 2,
                        "Recheck Cond": "(company_id > 74747)",
                        "Rows Removed by Index Recheck": 0,
                        "Exact Heap Blocks": 5028,
                        "Lossy Heap Blocks": 0,
                        "Plans": [
                          {
                            "Node Type": "Bitmap Index Scan",
                            "Parent Relationship": "Outer",
                            "Parallel Aware": false,
                            "Index Name": "company_id_movie_companies",
                            "Startup Cost": 0.0,
                            "Total Cost": 10322.4,
                            "Plan Rows": 481862,
                            "Plan Width": 0,
                            "Actual Startup Time": 32.253,
                            "Actual Total Time": 32.253,
                            "Actual Rows": 490094,
                            "Actual Loops": 1,
                            "Index Cond": "(company_id > 74747)"
                          }
                        ]
                      }
                    ]
                  }
                ]
              }
            ]
          }
        ]
      }
    ]
  },
  "Planning Time": 0.606,
  "Triggers": [],
  "Execution Time": 628.083
}