{
    "Plan": {
        "Node Type": "Aggregate",
        "Strategy": "Plain",
        "Partial Mode": "Finalize",
        "Parallel Aware": false,
        "Startup Cost": 271496.51,
        "Total Cost": 271496.52,
        "Plan Rows": 1,
        "Plan Width": 8,
        "Actual Startup Time": 1809.619,
        "Actual Total Time": 1859.621,
        "Actual Rows": 1,
        "Actual Loops": 1,
        "Output": [
            "count(*)"
        ],
        "Plans": [
            {
                "Node Type": "Gather",
                "Parent Relationship": "Outer",
                "Parallel Aware": false,
                "Startup Cost": 271496.19,
                "Total Cost": 271496.5,
                "Plan Rows": 3,
                "Plan Width": 8,
                "Actual Startup Time": 1807.38,
                "Actual Total Time": 1859.611,
                "Actual Rows": 4,
                "Actual Loops": 1,
                "Output": [
                    "(PARTIAL count(*))"
                ],
                "Workers Planned": 3,
                "Workers Launched": 3,
                "Single Copy": false,
                "Plans": [
                    {
                        "Node Type": "Aggregate",
                        "Strategy": "Plain",
                        "Partial Mode": "Partial",
                        "Parent Relationship": "Outer",
                        "Parallel Aware": false,
                        "Startup Cost": 270496.19,
                        "Total Cost": 270496.2,
                        "Plan Rows": 1,
                        "Plan Width": 8,
                        "Actual Startup Time": 1798.586,
                        "Actual Total Time": 1798.59,
                        "Actual Rows": 1,
                        "Actual Loops": 4,
                        "Output": [
                            "PARTIAL count(*)"
                        ],
                        "Workers": [
                            {
                                "Worker Number": 0,
                                "Actual Startup Time": 1795.681,
                                "Actual Total Time": 1795.685,
                                "Actual Rows": 1,
                                "Actual Loops": 1
                            },
                            {
                                "Worker Number": 1,
                                "Actual Startup Time": 1796.535,
                                "Actual Total Time": 1796.538,
                                "Actual Rows": 1,
                                "Actual Loops": 1
                            },
                            {
                                "Worker Number": 2,
                                "Actual Startup Time": 1795.476,
                                "Actual Total Time": 1795.479,
                                "Actual Rows": 1,
                                "Actual Loops": 1
                            }
                        ],
                        "Plans": [
                            {
                                "Node Type": "Nested Loop",
                                "Parent Relationship": "Outer",
                                "Parallel Aware": false,
                                "Join Type": "Inner",
                                "Startup Cost": 44965.72,
                                "Total Cost": 269908.79,
                                "Plan Rows": 234962,
                                "Plan Width": 0,
                                "Actual Startup Time": 139.328,
                                "Actual Total Time": 1746.688,
                                "Actual Rows": 1023591,
                                "Actual Loops": 4,
                                "Inner Unique": false,
                                "Join Filter": "(t.id = mi.movie_id)",
                                "Rows Removed by Join Filter": 0,
                                "Workers": [
                                    {
                                        "Worker Number": 0,
                                        "Actual Startup Time": 136.78,
                                        "Actual Total Time": 1739.283,
                                        "Actual Rows": 791593,
                                        "Actual Loops": 1
                                    },
                                    {
                                        "Worker Number": 1,
                                        "Actual Startup Time": 137.36,
                                        "Actual Total Time": 1746.792,
                                        "Actual Rows": 1078996,
                                        "Actual Loops": 1
                                    },
                                    {
                                        "Worker Number": 2,
                                        "Actual Startup Time": 136.048,
                                        "Actual Total Time": 1748.114,
                                        "Actual Rows": 1022387,
                                        "Actual Loops": 1
                                    }
                                ],
                                "Plans": [
                                    {
                                        "Node Type": "Hash Join",
                                        "Parent Relationship": "Outer",
                                        "Parallel Aware": true,
                                        "Join Type": "Inner",
                                        "Startup Cost": 44965.28,
                                        "Total Cost": 74381.17,
                                        "Plan Rows": 113584,
                                        "Plan Width": 8,
                                        "Actual Startup Time": 139.2,
                                        "Actual Total Time": 379.067,
                                        "Actual Rows": 154929,
                                        "Actual Loops": 4,
                                        "Output": [
                                            "t.id",
                                            "mc.movie_id"
                                        ],
                                        "Inner Unique": true,
                                        "Hash Cond": "(mc.movie_id = t.id)",
                                        "Workers": [
                                            {
                                                "Worker Number": 0,
                                                "Actual Startup Time": 136.66,
                                                "Actual Total Time": 362.826,
                                                "Actual Rows": 116136,
                                                "Actual Loops": 1
                                            },
                                            {
                                                "Worker Number": 1,
                                                "Actual Startup Time": 137.112,
                                                "Actual Total Time": 378.967,
                                                "Actual Rows": 157070,
                                                "Actual Loops": 1
                                            },
                                            {
                                                "Worker Number": 2,
                                                "Actual Startup Time": 135.937,
                                                "Actual Total Time": 380.768,
                                                "Actual Rows": 158933,
                                                "Actual Loops": 1
                                            }
                                        ],
                                        "Plans": [
                                            {
                                                "Node Type": "Seq Scan",
                                                "Parent Relationship": "Outer",
                                                "Parallel Aware": true,
                                                "Relation Name": "movie_companies",
                                                "Schema": "public",
                                                "Alias": "mc",
                                                "Startup Cost": 0.0,
                                                "Total Cost": 27206.55,
                                                "Plan Rows": 841655,
                                                "Plan Width": 4,
                                                "Actual Startup Time": 0.02,
                                                "Actual Total Time": 61.96,
                                                "Actual Rows": 652282,
                                                "Actual Loops": 4,
                                                "Output": [
                                                    "mc.id",
                                                    "mc.movie_id",
                                                    "mc.company_id",
                                                    "mc.company_type_id",
                                                    "mc.note"
                                                ],
                                                "Workers": [
                                                    {
                                                        "Worker Number": 0,
                                                        "Actual Startup Time": 0.026,
                                                        "Actual Total Time": 66.33,
                                                        "Actual Rows": 485801,
                                                        "Actual Loops": 1
                                                    },
                                                    {
                                                        "Worker Number": 1,
                                                        "Actual Startup Time": 0.025,
                                                        "Actual Total Time": 60.99,
                                                        "Actual Rows": 646160,
                                                        "Actual Loops": 1
                                                    },
                                                    {
                                                        "Worker Number": 2,
                                                        "Actual Startup Time": 0.022,
                                                        "Actual Total Time": 61.816,
                                                        "Actual Rows": 654549,
                                                        "Actual Loops": 1
                                                    }
                                                ]
                                            },
                                            {
                                                "Node Type": "Hash",
                                                "Parent Relationship": "Inner",
                                                "Parallel Aware": true,
                                                "Startup Cost": 43899.01,
                                                "Total Cost": 43899.01,
                                                "Plan Rows": 85302,
                                                "Plan Width": 4,
                                                "Actual Startup Time": 135.708,
                                                "Actual Total Time": 135.708,
                                                "Actual Rows": 84462,
                                                "Actual Loops": 4,
                                                "Output": [
                                                    "t.id"
                                                ],
                                                "Hash Buckets": 524288,
                                                "Original Hash Buckets": 524288,
                                                "Hash Batches": 1,
                                                "Original Hash Batches": 1,
                                                "Peak Memory Usage": 17344,
                                                "Workers": [
                                                    {
                                                        "Worker Number": 0,
                                                        "Actual Startup Time": 135.646,
                                                        "Actual Total Time": 135.647,
                                                        "Actual Rows": 61813,
                                                        "Actual Loops": 1
                                                    },
                                                    {
                                                        "Worker Number": 1,
                                                        "Actual Startup Time": 135.984,
                                                        "Actual Total Time": 135.984,
                                                        "Actual Rows": 80701,
                                                        "Actual Loops": 1
                                                    },
                                                    {
                                                        "Worker Number": 2,
                                                        "Actual Startup Time": 135.42,
                                                        "Actual Total Time": 135.421,
                                                        "Actual Rows": 80927,
                                                        "Actual Loops": 1
                                                    }
                                                ],
                                                "Plans": [
                                                    {
                                                        "Node Type": "Seq Scan",
                                                        "Parent Relationship": "Outer",
                                                        "Parallel Aware": true,
                                                        "Relation Name": "title",
                                                        "Schema": "public",
                                                        "Alias": "t",
                                                        "Startup Cost": 0.0,
                                                        "Total Cost": 43899.01,
                                                        "Plan Rows": 85302,
                                                        "Plan Width": 4,
                                                        "Actual Startup Time": 0.063,
                                                        "Actual Total Time": 102.769,
                                                        "Actual Rows": 84462,
                                                        "Actual Loops": 4,
                                                        "Output": [
                                                            "t.id"
                                                        ],
                                                        "Filter": "(t.production_year < 1968)",
                                                        "Rows Removed by Filter": 547616,
                                                        "Workers": [
                                                            {
                                                                "Worker Number": 0,
                                                                "Actual Startup Time": 0.077,
                                                                "Actual Total Time": 105.673,
                                                                "Actual Rows": 61813,
                                                                "Actual Loops": 1
                                                            },
                                                            {
                                                                "Worker Number": 1,
                                                                "Actual Startup Time": 0.084,
                                                                "Actual Total Time": 102.636,
                                                                "Actual Rows": 80701,
                                                                "Actual Loops": 1
                                                            },
                                                            {
                                                                "Worker Number": 2,
                                                                "Actual Startup Time": 0.07,
                                                                "Actual Total Time": 103.048,
                                                                "Actual Rows": 80927,
                                                                "Actual Loops": 1
                                                            }
                                                        ]
                                                    }
                                                ]
                                            }
                                        ]
                                    },
                                    {
                                        "Node Type": "Index Scan",
                                        "Parent Relationship": "Inner",
                                        "Parallel Aware": false,
                                        "Scan Direction": "Forward",
                                        "Index Name": "movie_id_movie_info",
                                        "Relation Name": "movie_info",
                                        "Schema": "public",
                                        "Alias": "mi",
                                        "Startup Cost": 0.43,
                                        "Total Cost": 1.55,
                                        "Plan Rows": 14,
                                        "Plan Width": 4,
                                        "Actual Startup Time": 0.004,
                                        "Actual Total Time": 0.008,
                                        "Actual Rows": 7,
                                        "Actual Loops": 619717,
                                        "Output": [
                                            "mi.id",
                                            "mi.movie_id",
                                            "mi.info_type_id",
                                            "mi.info",
                                            "mi.note"
                                        ],
                                        "Index Cond": "(mi.movie_id = mc.movie_id)",
                                        "Rows Removed by Index Recheck": 0,
                                        "Filter": "(mi.info_type_id > 15)",
                                        "Rows Removed by Filter": 12,
                                        "Workers": [
                                            {
                                                "Worker Number": 0,
                                                "Actual Startup Time": 0.005,
                                                "Actual Total Time": 0.011,
                                                "Actual Rows": 7,
                                                "Actual Loops": 116136
                                            },
                                            {
                                                "Worker Number": 1,
                                                "Actual Startup Time": 0.004,
                                                "Actual Total Time": 0.008,
                                                "Actual Rows": 7,
                                                "Actual Loops": 157070
                                            },
                                            {
                                                "Worker Number": 2,
                                                "Actual Startup Time": 0.004,
                                                "Actual Total Time": 0.008,
                                                "Actual Rows": 6,
                                                "Actual Loops": 158933
                                            }
                                        ]
                                    }
                                ]
                            }
                        ]
                    }
                ]
            }
        ]
    },
    "Planning Time": 1.668,
    "Triggers": [],
    "Execution Time": 1859.721
}