{
  "Plan": {
    "Node Type": "Aggregate",
    "Strategy": "Plain",
    "Partial Mode": "Finalize",
    "Parallel Aware": false,
    "Startup Cost": 79672.5,
    "Total Cost": 79672.51,
    "Plan Rows": 1,
    "Plan Width": 8,
    "Actual Startup Time": 300.183,
    "Actual Total Time": 313.431,
    "Actual Rows": 1,
    "Actual Loops": 1,
    "Plans": [
      {
        "Node Type": "Gather",
        "Parent Relationship": "Outer",
        "Parallel Aware": false,
        "Startup Cost": 79672.39,
        "Total Cost": 79672.5,
        "Plan Rows": 1,
        "Plan Width": 8,
        "Actual Startup Time": 299.516,
        "Actual Total Time": 313.424,
        "Actual Rows": 2,
        "Actual Loops": 1,
        "Workers Planned": 1,
        "Workers Launched": 1,
        "Single Copy": false,
        "Plans": [
          {
            "Node Type": "Aggregate",
            "Strategy": "Plain",
            "Partial Mode": "Partial",
            "Parent Relationship": "Outer",
            "Parallel Aware": false,
            "Startup Cost": 78672.39,
            "Total Cost": 78672.4,
            "Plan Rows": 1,
            "Plan Width": 8,
            "Actual Startup Time": 293.921,
            "Actual Total Time": 293.925,
            "Actual Rows": 1,
            "Actual Loops": 2,
            "Plans": [
              {
                "Node Type": "Hash Join",
                "Parent Relationship": "Outer",
                "Parallel Aware": true,
                "Join Type": "Inner",
                "Startup Cost": 60273.83,
                "Total Cost": 78457.62,
                "Plan Rows": 85909,
                "Plan Width": 0,
                "Actual Startup Time": 174.21,
                "Actual Total Time": 292.55,
                "Actual Rows": 29386,
                "Actual Loops": 2,
                "Inner Unique": true,
                "Hash Cond": "(mi_idx.movie_id = t.id)",
                "Plans": [
                  {
                    "Node Type": "Seq Scan",
                    "Parent Relationship": "Outer",
                    "Parallel Aware": true,
                    "Relation Name": "movie_info_idx",
                    "Alias": "mi_idx",
                    "Startup Cost": 0.0,
                    "Total Cost": 16052.85,
                    "Plan Rows": 811785,
                    "Plan Width": 4,
                    "Actual Startup Time": 0.018,
                    "Actual Total Time": 50.171,
                    "Actual Rows": 690018,
                    "Actual Loops": 2
                  },
                  {
                    "Node Type": "Hash",
                    "Parent Relationship": "Inner",
                    "Parallel Aware": true,
                    "Startup Cost": 58306.47,
                    "Total Cost": 58306.47,
                    "Plan Rows": 157389,
                    "Plan Width": 4,
                    "Actual Startup Time": 168.234,
                    "Actual Total Time": 168.235,
                    "Actual Rows": 84772,
                    "Actual Loops": 2,
                    "Hash Buckets": 524288,
                    "Original Hash Buckets": 524288,
                    "Hash Batches": 1,
                    "Original Hash Batches": 1,
                    "Peak Memory Usage": 10752,
                    "Plans": [
                      {
                        "Node Type": "Seq Scan",
                        "Parent Relationship": "Outer",
                        "Parallel Aware": true,
                        "Relation Name": "title",
                        "Alias": "t",
                        "Startup Cost": 0.0,
                        "Total Cost": 58306.47,
                        "Plan Rows": 157389,
                        "Plan Width": 4,
                        "Actual Startup Time": 0.031,
                        "Actual Total Time": 142.675,
                        "Actual Rows": 84772,
                        "Actual Loops": 2,
                        "Filter": "((production_year < 1976) AND (kind_id = 7))",
                        "Rows Removed by Filter": 1179384
                      }
                    ]
                  }
                ]
              }
            ]
          }
        ]
      }
    ]
  },
  "Planning Time": 0.502,
  "Triggers": [],
  "Execution Time": 313.504
}