[
  {
    "Plan": {
      "Node Type": "Aggregate",
      "Strategy": "Plain",
      "Partial Mode": "Finalize",
      "Parallel Aware": false,
      "Startup Cost": 31910.21,
      "Total Cost": 31910.22,
      "Plan Rows": 1,
      "Plan Width": 8,
      "Actual Startup Time": 111.698,
      "Actual Total Time": 119.977,
      "Actual Rows": 1,
      "Actual Loops": 1,
      "Plans": [
        {
          "Node Type": "Gather",
          "Parent Relationship": "Outer",
          "Parallel Aware": false,
          "Startup Cost": 31909.89,
          "Total Cost": 31910.2,
          "Plan Rows": 3,
          "Plan Width": 8,
          "Actual Startup Time": 111.569,
          "Actual Total Time": 119.965,
          "Actual Rows": 4,
          "Actual Loops": 1,
          "Workers Planned": 3,
          "Workers Launched": 3,
          "Single Copy": false,
          "Plans": [
            {
              "Node Type": "Aggregate",
              "Strategy": "Plain",
              "Partial Mode": "Partial",
              "Parent Relationship": "Outer",
              "Parallel Aware": false,
              "Startup Cost": 30909.89,
              "Total Cost": 30909.9,
              "Plan Rows": 1,
              "Plan Width": 8,
              "Actual Startup Time": 107.957,
              "Actual Total Time": 107.959,
              "Actual Rows": 1,
              "Actual Loops": 4,
              "Plans": [
                {
                  "Node Type": "Seq Scan",
                  "Parent Relationship": "Outer",
                  "Parallel Aware": true,
                  "Relation Name": "movie_companies",
                  "Alias": "mc",
                  "Startup Cost": 0.0,
                  "Total Cost": 29310.68,
                  "Plan Rows": 639684,
                  "Plan Width": 0,
                  "Actual Startup Time": 0.025,
                  "Actual Total Time": 82.405,
                  "Actual Rows": 497004,
                  "Actual Loops": 4,
                  "Filter": "(company_id < 61985)",
                  "Rows Removed by Filter": 155278
                }
              ]
            }
          ]
        }
      ]
    },
    "Planning Time": 0.107,
    "Triggers": [],
    "Execution Time": 120.017
  }
]