[
  {
    "Plan": {
      "Node Type": "Aggregate",
      "Strategy": "Plain",
      "Partial Mode": "Finalize",
      "Parallel Aware": false,
      "Startup Cost": 249710.21,
      "Total Cost": 249710.22,
      "Plan Rows": 1,
      "Plan Width": 8,
      "Actual Startup Time": 1528.742,
      "Actual Total Time": 1632.74,
      "Actual Rows": 1,
      "Actual Loops": 1,
      "Plans": [
        {
          "Node Type": "Gather",
          "Parent Relationship": "Outer",
          "Parallel Aware": false,
          "Startup Cost": 249709.79,
          "Total Cost": 249710.2,
          "Plan Rows": 4,
          "Plan Width": 8,
          "Actual Startup Time": 1527.436,
          "Actual Total Time": 1632.729,
          "Actual Rows": 5,
          "Actual Loops": 1,
          "Workers Planned": 4,
          "Workers Launched": 4,
          "Single Copy": false,
          "Plans": [
            {
              "Node Type": "Aggregate",
              "Strategy": "Plain",
              "Partial Mode": "Partial",
              "Parent Relationship": "Outer",
              "Parallel Aware": false,
              "Startup Cost": 248709.79,
              "Total Cost": 248709.8,
              "Plan Rows": 1,
              "Plan Width": 8,
              "Actual Startup Time": 1517.071,
              "Actual Total Time": 1517.075,
              "Actual Rows": 1,
              "Actual Loops": 5,
              "Plans": [
                {
                  "Node Type": "Nested Loop",
                  "Parent Relationship": "Outer",
                  "Parallel Aware": false,
                  "Join Type": "Inner",
                  "Startup Cost": 33093.92,
                  "Total Cost": 248150.8,
                  "Plan Rows": 223596,
                  "Plan Width": 0,
                  "Actual Startup Time": 91.119,
                  "Actual Total Time": 1507.192,
                  "Actual Rows": 167724,
                  "Actual Loops": 5,
                  "Inner Unique": false,
                  "Plans": [
                    {
                      "Node Type": "Hash Join",
                      "Parent Relationship": "Outer",
                      "Parallel Aware": true,
                      "Join Type": "Inner",
                      "Startup Cost": 33093.36,
                      "Total Cost": 79571.21,
                      "Plan Rows": 76768,
                      "Plan Width": 8,
                      "Actual Startup Time": 90.857,
                      "Actual Total Time": 288.542,
                      "Actual Rows": 39399,
                      "Actual Loops": 5,
                      "Inner Unique": false,
                      "Hash Cond": "(t.id = mc.movie_id)",
                      "Plans": [
                        {
                          "Node Type": "Seq Scan",
                          "Parent Relationship": "Outer",
                          "Parallel Aware": true,
                          "Relation Name": "title",
                          "Alias": "t",
                          "Startup Cost": 0.0,
                          "Total Cost": 43898.92,
                          "Plan Rows": 466259,
                          "Plan Width": 4,
                          "Actual Startup Time": 0.013,
                          "Actual Total Time": 78.04,
                          "Actual Rows": 373097,
                          "Actual Loops": 5,
                          "Filter": "(kind_id > 1)",
                          "Rows Removed by Filter": 132565
                        },
                        {
                          "Node Type": "Hash",
                          "Parent Relationship": "Inner",
                          "Parallel Aware": true,
                          "Startup Cost": 31414.82,
                          "Total Cost": 31414.82,
                          "Plan Rows": 134283,
                          "Plan Width": 4,
                          "Actual Startup Time": 88.027,
                          "Actual Total Time": 88.027,
                          "Actual Rows": 46869,
                          "Actual Loops": 5,
                          "Hash Buckets": 524288,
                          "Original Hash Buckets": 524288,
                          "Hash Batches": 1,
                          "Original Hash Batches": 1,
                          "Peak Memory Usage": 13344,
                          "Plans": [
                            {
                              "Node Type": "Seq Scan",
                              "Parent Relationship": "Outer",
                              "Parallel Aware": true,
                              "Relation Name": "movie_companies",
                              "Alias": "mc",
                              "Startup Cost": 0.0,
                              "Total Cost": 31414.82,
                              "Plan Rows": 134283,
                              "Plan Width": 4,
                              "Actual Startup Time": 44.403,
                              "Actual Total Time": 72.291,
                              "Actual Rows": 46869,
                              "Actual Loops": 5,
                              "Filter": "((company_id < 1886) AND (company_type_id > 1))",
                              "Rows Removed by Filter": 474957
                            }
                          ]
                        }
                      ]
                    },
                    {
                      "Node Type": "Index Scan",
                      "Parent Relationship": "Inner",
                      "Parallel Aware": false,
                      "Scan Direction": "Forward",
                      "Index Name": "movie_id_cast_info",
                      "Relation Name": "cast_info",
                      "Alias": "ci",
                      "Startup Cost": 0.56,
                      "Total Cost": 2.13,
                      "Plan Rows": 7,
                      "Plan Width": 4,
                      "Actual Startup Time": 0.016,
                      "Actual Total Time": 0.03,
                      "Actual Rows": 4,
                      "Actual Loops": 196996,
                      "Index Cond": "(movie_id = t.id)",
                      "Rows Removed by Index Recheck": 0,
                      "Filter": "(role_id = 2)",
                      "Rows Removed by Filter": 20
                    }
                  ]
                }
              ]
            }
          ]
        }
      ]
    },
    "Planning Time": 1.547,
    "Triggers": [],
    "Execution Time": 1632.876
  }
]