[
  {
    "Plan": {
      "Node Type": "Aggregate",
      "Strategy": "Plain",
      "Partial Mode": "Finalize",
      "Parallel Aware": false,
      "Startup Cost": 111018.66,
      "Total Cost": 111018.67,
      "Plan Rows": 1,
      "Plan Width": 8,
      "Actual Startup Time": 793.716,
      "Actual Total Time": 815.21,
      "Actual Rows": 1,
      "Actual Loops": 1,
      "Plans": [
        {
          "Node Type": "Gather",
          "Parent Relationship": "Outer",
          "Parallel Aware": false,
          "Startup Cost": 111018.34,
          "Total Cost": 111018.65,
          "Plan Rows": 3,
          "Plan Width": 8,
          "Actual Startup Time": 789.162,
          "Actual Total Time": 815.2,
          "Actual Rows": 4,
          "Actual Loops": 1,
          "Workers Planned": 3,
          "Workers Launched": 3,
          "Single Copy": false,
          "Plans": [
            {
              "Node Type": "Aggregate",
              "Strategy": "Plain",
              "Partial Mode": "Partial",
              "Parent Relationship": "Outer",
              "Parallel Aware": false,
              "Startup Cost": 110018.34,
              "Total Cost": 110018.35,
              "Plan Rows": 1,
              "Plan Width": 8,
              "Actual Startup Time": 780.283,
              "Actual Total Time": 780.29,
              "Actual Rows": 1,
              "Actual Loops": 4,
              "Plans": [
                {
                  "Node Type": "Hash Join",
                  "Parent Relationship": "Outer",
                  "Parallel Aware": true,
                  "Join Type": "Inner",
                  "Startup Cost": 64160.11,
                  "Total Cost": 109349.14,
                  "Plan Rows": 267683,
                  "Plan Width": 0,
                  "Actual Startup Time": 426.654,
                  "Actual Total Time": 736.769,
                  "Actual Rows": 865448,
                  "Actual Loops": 4,
                  "Inner Unique": false,
                  "Hash Cond": "(mk.movie_id = t.id)",
                  "Plans": [
                    {
                      "Node Type": "Seq Scan",
                      "Parent Relationship": "Outer",
                      "Parallel Aware": true,
                      "Relation Name": "movie_keyword",
                      "Alias": "mk",
                      "Startup Cost": 0.0,
                      "Total Cost": 39047.32,
                      "Plan Rows": 1459332,
                      "Plan Width": 4,
                      "Actual Startup Time": 0.047,
                      "Actual Total Time": 103.418,
                      "Actual Rows": 1130982,
                      "Actual Loops": 4
                    },
                    {
                      "Node Type": "Hash",
                      "Parent Relationship": "Inner",
                      "Parallel Aware": true,
                      "Startup Cost": 62710.78,
                      "Total Cost": 62710.78,
                      "Plan Rows": 115946,
                      "Plan Width": 8,
                      "Actual Startup Time": 422.861,
                      "Actual Total Time": 422.866,
                      "Actual Rows": 114981,
                      "Actual Loops": 4,
                      "Hash Buckets": 524288,
                      "Original Hash Buckets": 524288,
                      "Hash Batches": 1,
                      "Original Hash Batches": 1,
                      "Peak Memory Usage": 22176,
                      "Plans": [
                        {
                          "Node Type": "Hash Join",
                          "Parent Relationship": "Outer",
                          "Parallel Aware": true,
                          "Join Type": "Inner",
                          "Startup Cost": 17538.22,
                          "Total Cost": 62710.78,
                          "Plan Rows": 115946,
                          "Plan Width": 8,
                          "Actual Startup Time": 105.505,
                          "Actual Total Time": 373.816,
                          "Actual Rows": 114981,
                          "Actual Loops": 4,
                          "Inner Unique": false,
                          "Hash Cond": "(t.id = mi_idx.movie_id)",
                          "Plans": [
                            {
                              "Node Type": "Seq Scan",
                              "Parent Relationship": "Outer",
                              "Parallel Aware": true,
                              "Relation Name": "title",
                              "Alias": "t",
                              "Startup Cost": 0.0,
                              "Total Cost": 42319.06,
                              "Plan Rows": 632106,
                              "Plan Width": 4,
                              "Actual Startup Time": 0.015,
                              "Actual Total Time": 90.587,
                              "Actual Rows": 632078,
                              "Actual Loops": 4
                            },
                            {
                              "Node Type": "Hash",
                              "Parent Relationship": "Inner",
                              "Parallel Aware": true,
                              "Startup Cost": 15122.68,
                              "Total Cost": 15122.68,
                              "Plan Rows": 193243,
                              "Plan Width": 4,
                              "Actual Startup Time": 103.522,
                              "Actual Total Time": 103.523,
                              "Actual Rows": 114981,
                              "Actual Loops": 4,
                              "Hash Buckets": 524288,
                              "Original Hash Buckets": 524288,
                              "Hash Batches": 1,
                              "Original Hash Batches": 1,
                              "Peak Memory Usage": 22176,
                              "Plans": [
                                {
                                  "Node Type": "Seq Scan",
                                  "Parent Relationship": "Outer",
                                  "Parallel Aware": true,
                                  "Relation Name": "movie_info_idx",
                                  "Alias": "mi_idx",
                                  "Startup Cost": 0.0,
                                  "Total Cost": 15122.68,
                                  "Plan Rows": 193243,
                                  "Plan Width": 4,
                                  "Actual Startup Time": 0.067,
                                  "Actual Total Time": 52.793,
                                  "Actual Rows": 114981,
                                  "Actual Loops": 4,
                                  "Filter": "(info_type_id = 101)",
                                  "Rows Removed by Filter": 230028
                                }
                              ]
                            }
                          ]
                        }
                      ]
                    }
                  ]
                }
              ]
            }
          ]
        }
      ]
    },
    "Planning Time": 1.332,
    "Triggers": [],
    "Execution Time": 815.306
  }
]