{
  "Plan": {
    "Node Type": "Aggregate",
    "Strategy": "Plain",
    "Partial Mode": "Simple",
    "Parallel Aware": false,
    "Startup Cost": 272202.71,
    "Total Cost": 272202.72,
    "Plan Rows": 1,
    "Plan Width": 64,
    "Actual Startup Time": 2418.779,
    "Actual Total Time": 2486.558,
    "Actual Rows": 1,
    "Actual Loops": 1,
    "Plans": [
      {
        "Node Type": "Nested Loop",
        "Parent Relationship": "Outer",
        "Parallel Aware": false,
        "Join Type": "Inner",
        "Startup Cost": 266145.89,
        "Total Cost": 272202.71,
        "Plan Rows": 1,
        "Plan Width": 60,
        "Actual Startup Time": 2390.512,
        "Actual Total Time": 2486.502,
        "Actual Rows": 10,
        "Actual Loops": 1,
        "Inner Unique": false,
        "Join Filter": "(mi.info_type_id = it1.id)",
        "Rows Removed by Join Filter": 1200,
        "Plans": [
          {
            "Node Type": "Seq Scan",
            "Parent Relationship": "Outer",
            "Parallel Aware": false,
            "Relation Name": "info_type",
            "Alias": "it1",
            "Startup Cost": 0.0,
            "Total Cost": 2.41,
            "Plan Rows": 1,
            "Plan Width": 4,
            "Actual Startup Time": 0.028,
            "Actual Total Time": 0.032,
            "Actual Rows": 1,
            "Actual Loops": 1,
            "Filter": "((info)::text = 'budget'::text)",
            "Rows Removed by Filter": 112
          },
          {
            "Node Type": "Gather",
            "Parent Relationship": "Inner",
            "Parallel Aware": false,
            "Startup Cost": 266145.89,
            "Total Cost": 272199.82,
            "Plan Rows": 38,
            "Plan Width": 64,
            "Actual Startup Time": 2389.423,
            "Actual Total Time": 2486.233,
            "Actual Rows": 1210,
            "Actual Loops": 1,
            "Workers Planned": 1,
            "Workers Launched": 1,
            "Single Copy": false,
            "Plans": [
              {
                "Node Type": "Hash Join",
                "Parent Relationship": "Outer",
                "Parallel Aware": false,
                "Join Type": "Inner",
                "Startup Cost": 265145.89,
                "Total Cost": 271196.02,
                "Plan Rows": 22,
                "Plan Width": 64,
                "Actual Startup Time": 2393.707,
                "Actual Total Time": 2411.01,
                "Actual Rows": 605,
                "Actual Loops": 2,
                "Inner Unique": true,
                "Hash Cond": "(mc.company_type_id = ct.id)",
                "Plans": [
                  {
                    "Node Type": "Hash Join",
                    "Parent Relationship": "Outer",
                    "Parallel Aware": true,
                    "Join Type": "Inner",
                    "Startup Cost": 265144.8,
                    "Total Cost": 271194.7,
                    "Plan Rows": 44,
                    "Plan Width": 68,
                    "Actual Startup Time": 2393.323,
                    "Actual Total Time": 2410.3,
                    "Actual Rows": 605,
                    "Actual Loops": 2,
                    "Inner Unique": false,
                    "Hash Cond": "(cn.id = mc.company_id)",
                    "Plans": [
                      {
                        "Node Type": "Seq Scan",
                        "Parent Relationship": "Outer",
                        "Parallel Aware": true,
                        "Relation Name": "company_name",
                        "Alias": "cn",
                        "Startup Cost": 0.0,
                        "Total Cost": 4722.92,
                        "Plan Rows": 50548,
                        "Plan Width": 4,
                        "Actual Startup Time": 0.042,
                        "Actual Total Time": 23.926,
                        "Actual Rows": 42422,
                        "Actual Loops": 2,
                        "Filter": "((country_code)::text = '[us]'::text)",
                        "Rows Removed by Filter": 75077
                      },
                      {
                        "Node Type": "Hash",
                        "Parent Relationship": "Inner",
                        "Parallel Aware": true,
                        "Startup Cost": 265144.29,
                        "Total Cost": 265144.29,
                        "Plan Rows": 41,
                        "Plan Width": 72,
                        "Actual Startup Time": 2379.867,
                        "Actual Total Time": 2379.878,
                        "Actual Rows": 2480,
                        "Actual Loops": 2,
                        "Hash Buckets": 8192,
                        "Original Hash Buckets": 1024,
                        "Hash Batches": 1,
                        "Original Hash Batches": 1,
                        "Peak Memory Usage": 760,
                        "Plans": [
                          {
                            "Node Type": "Nested Loop",
                            "Parent Relationship": "Outer",
                            "Parallel Aware": false,
                            "Join Type": "Inner",
                            "Startup Cost": 62258.62,
                            "Total Cost": 265144.29,
                            "Plan Rows": 41,
                            "Plan Width": 72,
                            "Actual Startup Time": 525.529,
                            "Actual Total Time": 1911.265,
                            "Actual Rows": 2480,
                            "Actual Loops": 2,
                            "Inner Unique": false,
                            "Join Filter": "(t.id = mc.movie_id)",
                            "Rows Removed by Join Filter": 0,
                            "Plans": [
                              {
                                "Node Type": "Hash Join",
                                "Parent Relationship": "Outer",
                                "Parallel Aware": true,
                                "Join Type": "Inner",
                                "Startup Cost": 62258.19,
                                "Total Cost": 265139.59,
                                "Plan Rows": 8,
                                "Plan Width": 76,
                                "Actual Startup Time": 525.359,
                                "Actual Total Time": 1908.865,
                                "Actual Rows": 110,
                                "Actual Loops": 2,
                                "Inner Unique": false,
                                "Hash Cond": "(mi.movie_id = t.id)",
                                "Plans": [
                                  {
                                    "Node Type": "Seq Scan",
                                    "Parent Relationship": "Outer",
                                    "Parallel Aware": true,
                                    "Relation Name": "movie_info",
                                    "Alias": "mi",
                                    "Startup Cost": 0.0,
                                    "Total Cost": 191730.01,
                                    "Plan Rows": 2973701,
                                    "Plan Width": 51,
                                    "Actual Startup Time": 0.014,
                                    "Actual Total Time": 886.163,
                                    "Actual Rows": 7417860,
                                    "Actual Loops": 2
                                  },
                                  {
                                    "Node Type": "Hash",
                                    "Parent Relationship": "Inner",
                                    "Parallel Aware": true,
                                    "Startup Cost": 62258.18,
                                    "Total Cost": 62258.18,
                                    "Plan Rows": 1,
                                    "Plan Width": 25,
                                    "Actual Startup Time": 454.907,
                                    "Actual Total Time": 454.915,
                                    "Actual Rows": 1,
                                    "Actual Loops": 2,
                                    "Hash Buckets": 1024,
                                    "Original Hash Buckets": 1024,
                                    "Hash Batches": 1,
                                    "Original Hash Batches": 1,
                                    "Peak Memory Usage": 40,
                                    "Plans": [
                                      {
                                        "Node Type": "Hash Join",
                                        "Parent Relationship": "Outer",
                                        "Parallel Aware": false,
                                        "Join Type": "Inner",
                                        "Startup Cost": 47063.45,
                                        "Total Cost": 62258.18,
                                        "Plan Rows": 1,
                                        "Plan Width": 25,
                                        "Actual Startup Time": 454.836,
                                        "Actual Total Time": 454.848,
                                        "Actual Rows": 1,
                                        "Actual Loops": 2,
                                        "Inner Unique": true,
                                        "Hash Cond": "(mi_idx.info_type_id = it2.id)",
                                        "Plans": [
                                          {
                                            "Node Type": "Hash Join",
                                            "Parent Relationship": "Outer",
                                            "Parallel Aware": true,
                                            "Join Type": "Inner",
                                            "Startup Cost": 47061.03,
                                            "Total Cost": 62255.59,
                                            "Plan Rows": 59,
                                            "Plan Width": 29,
                                            "Actual Startup Time": 322.727,
                                            "Actual Total Time": 454.582,
                                            "Actual Rows": 1322,
                                            "Actual Loops": 2,
                                            "Inner Unique": true,
                                            "Hash Cond": "(mi_idx.movie_id = t.id)",
                                            "Plans": [
                                              {
                                                "Node Type": "Seq Scan",
                                                "Parent Relationship": "Outer",
                                                "Parallel Aware": true,
                                                "Relation Name": "movie_info_idx",
                                                "Alias": "mi_idx",
                                                "Startup Cost": 0.0,
                                                "Total Cost": 13685.15,
                                                "Plan Rows": 575015,
                                                "Plan Width": 8,
                                                "Actual Startup Time": 0.021,
                                                "Actual Total Time": 70.294,
                                                "Actual Rows": 690018,
                                                "Actual Loops": 2
                                              },
                                              {
                                                "Node Type": "Hash",
                                                "Parent Relationship": "Inner",
                                                "Parallel Aware": true,
                                                "Startup Cost": 47060.23,
                                                "Total Cost": 47060.23,
                                                "Plan Rows": 64,
                                                "Plan Width": 21,
                                                "Actual Startup Time": 322.28,
                                                "Actual Total Time": 322.281,
                                                "Actual Rows": 1268,
                                                "Actual Loops": 2,
                                                "Hash Buckets": 2048,
                                                "Original Hash Buckets": 1024,
                                                "Hash Batches": 1,
                                                "Original Hash Batches": 1,
                                                "Peak Memory Usage": 216,
                                                "Plans": [
                                                  {
                                                    "Node Type": "Seq Scan",
                                                    "Parent Relationship": "Outer",
                                                    "Parallel Aware": true,
                                                    "Relation Name": "title",
                                                    "Alias": "t",
                                                    "Startup Cost": 0.0,
                                                    "Total Cost": 47060.23,
                                                    "Plan Rows": 64,
                                                    "Plan Width": 21,
                                                    "Actual Startup Time": 3.622,
                                                    "Actual Total Time": 297.962,
                                                    "Actual Rows": 1268,
                                                    "Actual Loops": 2,
                                                    "Filter": "((production_year > 2000) AND ((title ~~ 'Birdemic%'::text) OR (title ~~ '%Movie%'::text)))",
                                                    "Rows Removed by Filter": 1262888
                                                  }
                                                ]
                                              }
                                            ]
                                          },
                                          {
                                            "Node Type": "Hash",
                                            "Parent Relationship": "Inner",
                                            "Parallel Aware": false,
                                            "Startup Cost": 2.41,
                                            "Total Cost": 2.41,
                                            "Plan Rows": 1,
                                            "Plan Width": 4,
                                            "Actual Startup Time": 0.072,
                                            "Actual Total Time": 0.073,
                                            "Actual Rows": 1,
                                            "Actual Loops": 2,
                                            "Hash Buckets": 1024,
                                            "Original Hash Buckets": 1024,
                                            "Hash Batches": 1,
                                            "Original Hash Batches": 1,
                                            "Peak Memory Usage": 9,
                                            "Plans": [
                                              {
                                                "Node Type": "Seq Scan",
                                                "Parent Relationship": "Outer",
                                                "Parallel Aware": false,
                                                "Relation Name": "info_type",
                                                "Alias": "it2",
                                                "Startup Cost": 0.0,
                                                "Total Cost": 2.41,
                                                "Plan Rows": 1,
                                                "Plan Width": 4,
                                                "Actual Startup Time": 0.057,
                                                "Actual Total Time": 0.059,
                                                "Actual Rows": 1,
                                                "Actual Loops": 2,
                                                "Filter": "((info)::text = 'bottom 10 rank'::text)",
                                                "Rows Removed by Filter": 112
                                              }
                                            ]
                                          }
                                        ]
                                      }
                                    ]
                                  }
                                ]
                              },
                              {
                                "Node Type": "Index Scan",
                                "Parent Relationship": "Inner",
                                "Parallel Aware": false,
                                "Scan Direction": "Forward",
                                "Index Name": "movie_id_movie_companies",
                                "Relation Name": "movie_companies",
                                "Alias": "mc",
                                "Startup Cost": 0.43,
                                "Total Cost": 0.53,
                                "Plan Rows": 5,
                                "Plan Width": 12,
                                "Actual Startup Time": 0.008,
                                "Actual Total Time": 0.015,
                                "Actual Rows": 22,
                                "Actual Loops": 221,
                                "Index Cond": "(movie_id = mi.movie_id)",
                                "Rows Removed by Index Recheck": 0
                              }
                            ]
                          }
                        ]
                      }
                    ]
                  },
                  {
                    "Node Type": "Hash",
                    "Parent Relationship": "Inner",
                    "Parallel Aware": false,
                    "Startup Cost": 1.06,
                    "Total Cost": 1.06,
                    "Plan Rows": 2,
                    "Plan Width": 4,
                    "Actual Startup Time": 0.085,
                    "Actual Total Time": 0.086,
                    "Actual Rows": 2,
                    "Actual Loops": 2,
                    "Hash Buckets": 1024,
                    "Original Hash Buckets": 1024,
                    "Hash Batches": 1,
                    "Original Hash Batches": 1,
                    "Peak Memory Usage": 9,
                    "Plans": [
                      {
                        "Node Type": "Seq Scan",
                        "Parent Relationship": "Outer",
                        "Parallel Aware": false,
                        "Relation Name": "company_type",
                        "Alias": "ct",
                        "Startup Cost": 0.0,
                        "Total Cost": 1.06,
                        "Plan Rows": 2,
                        "Plan Width": 4,
                        "Actual Startup Time": 0.057,
                        "Actual Total Time": 0.062,
                        "Actual Rows": 2,
                        "Actual Loops": 2,
                        "Filter": "((kind IS NOT NULL) AND (((kind)::text = 'production companies'::text) OR ((kind)::text = 'distributors'::text)))",
                        "Rows Removed by Filter": 2
                      }
                    ]
                  }
                ]
              }
            ]
          }
        ]
      }
    ]
  },
  "Planning Time": 15.931,
  "Triggers": [],
  "Execution Time": 2487.204
}