{
  "Plan": {
    "Node Type": "Aggregate",
    "Strategy": "Plain",
    "Partial Mode": "Finalize",
    "Parallel Aware": false,
    "Startup Cost": 262012.83,
    "Total Cost": 262012.84,
    "Plan Rows": 1,
    "Plan Width": 8,
    "Actual Startup Time": 545.779,
    "Actual Total Time": 563.428,
    "Actual Rows": 1,
    "Actual Loops": 1,
    "Plans": [
      {
        "Node Type": "Gather",
        "Parent Relationship": "Outer",
        "Parallel Aware": false,
        "Startup Cost": 262012.72,
        "Total Cost": 262012.83,
        "Plan Rows": 1,
        "Plan Width": 8,
        "Actual Startup Time": 542.306,
        "Actual Total Time": 563.42,
        "Actual Rows": 2,
        "Actual Loops": 1,
        "Workers Planned": 1,
        "Workers Launched": 1,
        "Single Copy": false,
        "Plans": [
          {
            "Node Type": "Aggregate",
            "Strategy": "Plain",
            "Partial Mode": "Partial",
            "Parent Relationship": "Outer",
            "Parallel Aware": false,
            "Startup Cost": 261012.72,
            "Total Cost": 261012.73,
            "Plan Rows": 1,
            "Plan Width": 8,
            "Actual Startup Time": 534.722,
            "Actual Total Time": 534.726,
            "Actual Rows": 1,
            "Actual Loops": 2,
            "Plans": [
              {
                "Node Type": "Nested Loop",
                "Parent Relationship": "Outer",
                "Parallel Aware": false,
                "Join Type": "Inner",
                "Startup Cost": 66989.67,
                "Total Cost": 260898.59,
                "Plan Rows": 45651,
                "Plan Width": 0,
                "Actual Startup Time": 367.983,
                "Actual Total Time": 527.284,
                "Actual Rows": 176852,
                "Actual Loops": 2,
                "Inner Unique": false,
                "Plans": [
                  {
                    "Node Type": "Hash Join",
                    "Parent Relationship": "Outer",
                    "Parallel Aware": true,
                    "Join Type": "Inner",
                    "Startup Cost": 66989.24,
                    "Total Cost": 232041.93,
                    "Plan Rows": 44237,
                    "Plan Width": 8,
                    "Actual Startup Time": 367.92,
                    "Actual Total Time": 402.479,
                    "Actual Rows": 37132,
                    "Actual Loops": 2,
                    "Inner Unique": true,
                    "Hash Cond": "(mi.movie_id = t.id)",
                    "Plans": [
                      {
                        "Node Type": "Bitmap Heap Scan",
                        "Parent Relationship": "Outer",
                        "Parallel Aware": true,
                        "Relation Name": "movie_info",
                        "Alias": "mi",
                        "Startup Cost": 2584.16,
                        "Total Cost": 167416.95,
                        "Plan Rows": 83774,
                        "Plan Width": 4,
                        "Actual Startup Time": 6.685,
                        "Actual Total Time": 14.564,
                        "Actual Rows": 70032,
                        "Actual Loops": 2,
                        "Recheck Cond": "(info_type_id = 9)",
                        "Rows Removed by Index Recheck": 0,
                        "Exact Heap Blocks": 904,
                        "Lossy Heap Blocks": 0,
                        "Plans": [
                          {
                            "Node Type": "Bitmap Index Scan",
                            "Parent Relationship": "Outer",
                            "Parallel Aware": false,
                            "Index Name": "info_type_id_movie_info",
                            "Startup Cost": 0.0,
                            "Total Cost": 2548.55,
                            "Plan Rows": 142416,
                            "Plan Width": 0,
                            "Actual Startup Time": 6.421,
                            "Actual Total Time": 6.421,
                            "Actual Rows": 140065,
                            "Actual Loops": 1,
                            "Index Cond": "(info_type_id = 9)"
                          }
                        ]
                      },
                      {
                        "Node Type": "Hash",
                        "Parent Relationship": "Inner",
                        "Parallel Aware": true,
                        "Startup Cost": 54588.39,
                        "Total Cost": 54588.39,
                        "Plan Rows": 785335,
                        "Plan Width": 4,
                        "Actual Startup Time": 346.92,
                        "Actual Total Time": 346.921,
                        "Actual Rows": 661432,
                        "Actual Loops": 2,
                        "Hash Buckets": 2097152,
                        "Original Hash Buckets": 2097152,
                        "Hash Batches": 1,
                        "Original Hash Batches": 1,
                        "Peak Memory Usage": 68160,
                        "Plans": [
                          {
                            "Node Type": "Seq Scan",
                            "Parent Relationship": "Outer",
                            "Parallel Aware": true,
                            "Relation Name": "title",
                            "Alias": "t",
                            "Startup Cost": 0.0,
                            "Total Cost": 54588.39,
                            "Plan Rows": 785335,
                            "Plan Width": 4,
                            "Actual Startup Time": 0.029,
                            "Actual Total Time": 167.978,
                            "Actual Rows": 661432,
                            "Actual Loops": 2,
                            "Filter": "(production_year > 2001)",
                            "Rows Removed by Filter": 602724
                          }
                        ]
                      }
                    ]
                  },
                  {
                    "Node Type": "Index Only Scan",
                    "Parent Relationship": "Inner",
                    "Parallel Aware": false,
                    "Scan Direction": "Forward",
                    "Index Name": "movie_id_movie_companies",
                    "Relation Name": "movie_companies",
                    "Alias": "mc",
                    "Startup Cost": 0.43,
                    "Total Cost": 0.6,
                    "Plan Rows": 5,
                    "Plan Width": 4,
                    "Actual Startup Time": 0.002,
                    "Actual Total Time": 0.003,
                    "Actual Rows": 5,
                    "Actual Loops": 74263,
                    "Index Cond": "(movie_id = t.id)",
                    "Rows Removed by Index Recheck": 0,
                    "Heap Fetches": 353705
                  }
                ]
              }
            ]
          }
        ]
      }
    ]
  },
  "Planning Time": 1.094,
  "Triggers": [],
  "Execution Time": 563.533
}