{
  "Plan": {
    "Node Type": "Aggregate",
    "Strategy": "Plain",
    "Partial Mode": "Finalize",
    "Parallel Aware": false,
    "Startup Cost": 121886.27,
    "Total Cost": 121886.28,
    "Plan Rows": 1,
    "Plan Width": 8,
    "Actual Startup Time": 505.144,
    "Actual Total Time": 522.182,
    "Actual Rows": 1,
    "Actual Loops": 1,
    "Plans": [
      {
        "Node Type": "Gather",
        "Parent Relationship": "Outer",
        "Parallel Aware": false,
        "Startup Cost": 121886.16,
        "Total Cost": 121886.27,
        "Plan Rows": 1,
        "Plan Width": 8,
        "Actual Startup Time": 504.871,
        "Actual Total Time": 522.175,
        "Actual Rows": 2,
        "Actual Loops": 1,
        "Workers Planned": 1,
        "Workers Launched": 1,
        "Single Copy": false,
        "Plans": [
          {
            "Node Type": "Aggregate",
            "Strategy": "Plain",
            "Partial Mode": "Partial",
            "Parent Relationship": "Outer",
            "Parallel Aware": false,
            "Startup Cost": 120886.16,
            "Total Cost": 120886.17,
            "Plan Rows": 1,
            "Plan Width": 8,
            "Actual Startup Time": 499.313,
            "Actual Total Time": 499.317,
            "Actual Rows": 1,
            "Actual Loops": 2,
            "Plans": [
              {
                "Node Type": "Hash Join",
                "Parent Relationship": "Outer",
                "Parallel Aware": true,
                "Join Type": "Inner",
                "Startup Cost": 58688.04,
                "Total Cost": 120800.26,
                "Plan Rows": 34358,
                "Plan Width": 0,
                "Actual Startup Time": 163.035,
                "Actual Total Time": 498.988,
                "Actual Rows": 6082,
                "Actual Loops": 2,
                "Inner Unique": true,
                "Hash Cond": "(mk.movie_id = t.id)",
                "Plans": [
                  {
                    "Node Type": "Seq Scan",
                    "Parent Relationship": "Outer",
                    "Parallel Aware": true,
                    "Relation Name": "movie_keyword",
                    "Alias": "mk",
                    "Startup Cost": 0.0,
                    "Total Cost": 57718.19,
                    "Plan Rows": 1673911,
                    "Plan Width": 4,
                    "Actual Startup Time": 0.013,
                    "Actual Total Time": 221.287,
                    "Actual Rows": 1419236,
                    "Actual Loops": 2,
                    "Filter": "(keyword_id < 8610)",
                    "Rows Removed by Filter": 842729
                  },
                  {
                    "Node Type": "Hash",
                    "Parent Relationship": "Inner",
                    "Parallel Aware": true,
                    "Startup Cost": 58306.47,
                    "Total Cost": 58306.47,
                    "Plan Rows": 30526,
                    "Plan Width": 4,
                    "Actual Startup Time": 161.243,
                    "Actual Total Time": 161.244,
                    "Actual Rows": 28240,
                    "Actual Loops": 2,
                    "Hash Buckets": 65536,
                    "Original Hash Buckets": 65536,
                    "Hash Batches": 1,
                    "Original Hash Batches": 1,
                    "Peak Memory Usage": 2752,
                    "Plans": [
                      {
                        "Node Type": "Seq Scan",
                        "Parent Relationship": "Outer",
                        "Parallel Aware": true,
                        "Relation Name": "title",
                        "Alias": "t",
                        "Startup Cost": 0.0,
                        "Total Cost": 58306.47,
                        "Plan Rows": 30526,
                        "Plan Width": 4,
                        "Actual Startup Time": 0.043,
                        "Actual Total Time": 152.269,
                        "Actual Rows": 28240,
                        "Actual Loops": 2,
                        "Filter": "((kind_id = 7) AND (production_year = 2004))",
                        "Rows Removed by Filter": 1235916
                      }
                    ]
                  }
                ]
              }
            ]
          }
        ]
      }
    ]
  },
  "Planning Time": 0.459,
  "Triggers": [],
  "Execution Time": 522.254
}