[
  {
    "Plan": {
      "Node Type": "Aggregate",
      "Strategy": "Plain",
      "Partial Mode": "Finalize",
      "Parallel Aware": false,
      "Startup Cost": 46399.21,
      "Total Cost": 46399.22,
      "Plan Rows": 1,
      "Plan Width": 8,
      "Actual Startup Time": 186.601,
      "Actual Total Time": 196.875,
      "Actual Rows": 1,
      "Actual Loops": 1,
      "Plans": [
        {
          "Node Type": "Gather",
          "Parent Relationship": "Outer",
          "Parallel Aware": false,
          "Startup Cost": 46398.9,
          "Total Cost": 46399.21,
          "Plan Rows": 3,
          "Plan Width": 8,
          "Actual Startup Time": 186.472,
          "Actual Total Time": 196.865,
          "Actual Rows": 4,
          "Actual Loops": 1,
          "Workers Planned": 3,
          "Workers Launched": 3,
          "Single Copy": false,
          "Plans": [
            {
              "Node Type": "Aggregate",
              "Strategy": "Plain",
              "Partial Mode": "Partial",
              "Parent Relationship": "Outer",
              "Parallel Aware": false,
              "Startup Cost": 45398.9,
              "Total Cost": 45398.91,
              "Plan Rows": 1,
              "Plan Width": 8,
              "Actual Startup Time": 179.798,
              "Actual Total Time": 179.8,
              "Actual Rows": 1,
              "Actual Loops": 4,
              "Plans": [
                {
                  "Node Type": "Seq Scan",
                  "Parent Relationship": "Outer",
                  "Parallel Aware": true,
                  "Relation Name": "movie_keyword",
                  "Alias": "mk",
                  "Startup Cost": 0.0,
                  "Total Cost": 42695.65,
                  "Plan Rows": 1081297,
                  "Plan Width": 0,
                  "Actual Startup Time": 0.047,
                  "Actual Total Time": 137.232,
                  "Actual Rows": 835604,
                  "Actual Loops": 4,
                  "Filter": "(keyword_id < 15783)",
                  "Rows Removed by Filter": 295379
                }
              ]
            }
          ]
        }
      ]
    },
    "Planning Time": 0.085,
    "Triggers": [],
    "Execution Time": 196.906
  }
]