{
  "Plan": {
    "Node Type": "Aggregate",
    "Strategy": "Plain",
    "Partial Mode": "Finalize",
    "Parallel Aware": false,
    "Startup Cost": 158697.11,
    "Total Cost": 158697.12,
    "Plan Rows": 1,
    "Plan Width": 8,
    "Actual Startup Time": 1124.286,
    "Actual Total Time": 1167.736,
    "Actual Rows": 1,
    "Actual Loops": 1,
    "Plans": [
      {
        "Node Type": "Gather",
        "Parent Relationship": "Outer",
        "Parallel Aware": false,
        "Startup Cost": 158697.0,
        "Total Cost": 158697.11,
        "Plan Rows": 1,
        "Plan Width": 8,
        "Actual Startup Time": 1117.554,
        "Actual Total Time": 1167.726,
        "Actual Rows": 2,
        "Actual Loops": 1,
        "Workers Planned": 1,
        "Workers Launched": 1,
        "Single Copy": false,
        "Plans": [
          {
            "Node Type": "Aggregate",
            "Strategy": "Plain",
            "Partial Mode": "Partial",
            "Parent Relationship": "Outer",
            "Parallel Aware": false,
            "Startup Cost": 157697.0,
            "Total Cost": 157697.01,
            "Plan Rows": 1,
            "Plan Width": 8,
            "Actual Startup Time": 1105.498,
            "Actual Total Time": 1105.503,
            "Actual Rows": 1,
            "Actual Loops": 2,
            "Plans": [
              {
                "Node Type": "Nested Loop",
                "Parent Relationship": "Outer",
                "Parallel Aware": false,
                "Join Type": "Inner",
                "Startup Cost": 70733.04,
                "Total Cost": 157527.59,
                "Plan Rows": 67764,
                "Plan Width": 0,
                "Actual Startup Time": 544.053,
                "Actual Total Time": 1096.323,
                "Actual Rows": 173134,
                "Actual Loops": 2,
                "Inner Unique": false,
                "Plans": [
                  {
                    "Node Type": "Hash Join",
                    "Parent Relationship": "Outer",
                    "Parallel Aware": true,
                    "Join Type": "Inner",
                    "Startup Cost": 70732.61,
                    "Total Cost": 95718.68,
                    "Plan Rows": 35178,
                    "Plan Width": 8,
                    "Actual Startup Time": 543.989,
                    "Actual Total Time": 583.587,
                    "Actual Rows": 29216,
                    "Actual Loops": 2,
                    "Inner Unique": true,
                    "Hash Cond": "(mk.movie_id = t.id)",
                    "Plans": [
                      {
                        "Node Type": "Bitmap Heap Scan",
                        "Parent Relationship": "Outer",
                        "Parallel Aware": true,
                        "Relation Name": "movie_keyword",
                        "Alias": "mk",
                        "Startup Cost": 1271.91,
                        "Total Cost": 26165.63,
                        "Plan Rows": 35178,
                        "Plan Width": 4,
                        "Actual Startup Time": 6.835,
                        "Actual Total Time": 30.264,
                        "Actual Rows": 29216,
                        "Actual Loops": 2,
                        "Recheck Cond": "(keyword_id > 95788)",
                        "Rows Removed by Index Recheck": 0,
                        "Exact Heap Blocks": 7738,
                        "Lossy Heap Blocks": 0,
                        "Plans": [
                          {
                            "Node Type": "Bitmap Index Scan",
                            "Parent Relationship": "Outer",
                            "Parallel Aware": false,
                            "Index Name": "keyword_id_movie_keyword",
                            "Startup Cost": 0.0,
                            "Total Cost": 1256.95,
                            "Plan Rows": 59803,
                            "Plan Width": 0,
                            "Actual Startup Time": 4.793,
                            "Actual Total Time": 4.794,
                            "Actual Rows": 58431,
                            "Actual Loops": 1,
                            "Index Cond": "(keyword_id > 95788)"
                          }
                        ]
                      },
                      {
                        "Node Type": "Hash",
                        "Parent Relationship": "Inner",
                        "Parallel Aware": true,
                        "Startup Cost": 50870.31,
                        "Total Cost": 50870.31,
                        "Plan Rows": 1487231,
                        "Plan Width": 4,
                        "Actual Startup Time": 515.201,
                        "Actual Total Time": 515.201,
                        "Actual Rows": 1264156,
                        "Actual Loops": 2,
                        "Hash Buckets": 4194304,
                        "Original Hash Buckets": 4194304,
                        "Hash Batches": 1,
                        "Original Hash Batches": 1,
                        "Peak Memory Usage": 131680,
                        "Plans": [
                          {
                            "Node Type": "Seq Scan",
                            "Parent Relationship": "Outer",
                            "Parallel Aware": true,
                            "Relation Name": "title",
                            "Alias": "t",
                            "Startup Cost": 0.0,
                            "Total Cost": 50870.31,
                            "Plan Rows": 1487231,
                            "Plan Width": 4,
                            "Actual Startup Time": 0.026,
                            "Actual Total Time": 152.134,
                            "Actual Rows": 1264156,
                            "Actual Loops": 2
                          }
                        ]
                      }
                    ]
                  },
                  {
                    "Node Type": "Index Scan",
                    "Parent Relationship": "Inner",
                    "Parallel Aware": false,
                    "Scan Direction": "Forward",
                    "Index Name": "movie_id_movie_info",
                    "Relation Name": "movie_info",
                    "Alias": "mi",
                    "Startup Cost": 0.43,
                    "Total Cost": 1.62,
                    "Plan Rows": 14,
                    "Plan Width": 4,
                    "Actual Startup Time": 0.004,
                    "Actual Total Time": 0.017,
                    "Actual Rows": 6,
                    "Actual Loops": 58431,
                    "Index Cond": "(movie_id = t.id)",
                    "Rows Removed by Index Recheck": 0,
                    "Filter": "(info_type_id < 5)",
                    "Rows Removed by Filter": 68
                  }
                ]
              }
            ]
          }
        ]
      }
    ]
  },
  "Planning Time": 1.059,
  "Triggers": [],
  "Execution Time": 1167.853
}