[
  {
    "Plan": {
      "Node Type": "Aggregate",
      "Strategy": "Plain",
      "Partial Mode": "Finalize",
      "Parallel Aware": false,
      "Startup Cost": 32805.07,
      "Total Cost": 32805.08,
      "Plan Rows": 1,
      "Plan Width": 8,
      "Actual Startup Time": 95.143,
      "Actual Total Time": 102.01,
      "Actual Rows": 1,
      "Actual Loops": 1,
      "Plans": [
        {
          "Node Type": "Gather",
          "Parent Relationship": "Outer",
          "Parallel Aware": false,
          "Startup Cost": 32804.76,
          "Total Cost": 32805.07,
          "Plan Rows": 3,
          "Plan Width": 8,
          "Actual Startup Time": 95.026,
          "Actual Total Time": 102.004,
          "Actual Rows": 4,
          "Actual Loops": 1,
          "Workers Planned": 3,
          "Workers Launched": 3,
          "Single Copy": false,
          "Plans": [
            {
              "Node Type": "Aggregate",
              "Strategy": "Plain",
              "Partial Mode": "Partial",
              "Parent Relationship": "Outer",
              "Parallel Aware": false,
              "Startup Cost": 31804.76,
              "Total Cost": 31804.77,
              "Plan Rows": 1,
              "Plan Width": 8,
              "Actual Startup Time": 87.374,
              "Actual Total Time": 87.375,
              "Actual Rows": 1,
              "Actual Loops": 4,
              "Plans": [
                {
                  "Node Type": "Seq Scan",
                  "Parent Relationship": "Outer",
                  "Parallel Aware": true,
                  "Relation Name": "movie_companies",
                  "Alias": "mc",
                  "Startup Cost": 0.0,
                  "Total Cost": 31414.82,
                  "Plan Rows": 155975,
                  "Plan Width": 0,
                  "Actual Startup Time": 46.184,
                  "Actual Total Time": 79.554,
                  "Actual Rows": 200979,
                  "Actual Loops": 4,
                  "Filter": "((company_id > 17959) AND (company_type_id > 1))",
                  "Rows Removed by Filter": 451303
                }
              ]
            }
          ]
        }
      ]
    },
    "Planning Time": 0.209,
    "Triggers": [],
    "Execution Time": 102.067
  }
]