{
    "Plan": {
        "Node Type": "Aggregate",
        "Strategy": "Plain",
        "Partial Mode": "Simple",
        "Parallel Aware": false,
        "Startup Cost": 40005212920.63,
        "Total Cost": 40005212920.64,
        "Plan Rows": 1,
        "Plan Width": 64,
        "Actual Startup Time": 2429.119,
        "Actual Total Time": 2487.954,
        "Actual Rows": 1,
        "Actual Loops": 1,
        "Output": [
            "min(mi_idx.info)",
            "min(t.title)"
        ],
        "Plans": [
            {
                "Node Type": "Nested Loop",
                "Parent Relationship": "Outer",
                "Parallel Aware": false,
                "Join Type": "Inner",
                "Startup Cost": 40005212912.58,
                "Total Cost": 40005212920.63,
                "Plan Rows": 1,
                "Plan Width": 22,
                "Actual Startup Time": 2429.111,
                "Actual Total Time": 2487.947,
                "Actual Rows": 1,
                "Actual Loops": 1,
                "Output": [
                    "mi_idx.info",
                    "t.title"
                ],
                "Inner Unique": true,
                "Plans": [
                    {
                        "Node Type": "Merge Join",
                        "Parent Relationship": "Outer",
                        "Parallel Aware": false,
                        "Join Type": "Inner",
                        "Startup Cost": 30005212912.4,
                        "Total Cost": 30005212912.42,
                        "Plan Rows": 1,
                        "Plan Width": 26,
                        "Actual Startup Time": 2429.075,
                        "Actual Total Time": 2487.908,
                        "Actual Rows": 1,
                        "Actual Loops": 1,
                        "Output": [
                            "mi_idx.info",
                            "t.title",
                            "t.kind_id"
                        ],
                        "Inner Unique": false,
                        "Merge Cond": "(mi_idx.info_type_id = it2.id)",
                        "Plans": [
                            {
                                "Node Type": "Sort",
                                "Parent Relationship": "Outer",
                                "Parallel Aware": false,
                                "Startup Cost": 20005212909.97,
                                "Total Cost": 20005212909.97,
                                "Plan Rows": 1,
                                "Plan Width": 30,
                                "Actual Startup Time": 2429.035,
                                "Actual Total Time": 2487.865,
                                "Actual Rows": 1,
                                "Actual Loops": 1,
                                "Output": [
                                    "mi_idx.info",
                                    "mi_idx.info_type_id",
                                    "t.title",
                                    "t.kind_id"
                                ],
                                "Sort Key": [
                                    "mi_idx.info_type_id"
                                ],
                                "Sort Method": "quicksort",
                                "Sort Space Used": 25,
                                "Sort Space Type": "Memory",
                                "Plans": [
                                    {
                                        "Node Type": "Hash Join",
                                        "Parent Relationship": "Outer",
                                        "Parallel Aware": false,
                                        "Join Type": "Inner",
                                        "Startup Cost": 20000639117.39,
                                        "Total Cost": 20005212909.96,
                                        "Plan Rows": 1,
                                        "Plan Width": 30,
                                        "Actual Startup Time": 2422.94,
                                        "Actual Total Time": 2487.852,
                                        "Actual Rows": 1,
                                        "Actual Loops": 1,
                                        "Output": [
                                            "mi_idx.info",
                                            "mi_idx.info_type_id",
                                            "t.title",
                                            "t.kind_id"
                                        ],
                                        "Inner Unique": false,
                                        "Hash Cond": "(mi.info_type_id = it1.id)",
                                        "Plans": [
                                            {
                                                "Node Type": "Gather",
                                                "Parent Relationship": "Outer",
                                                "Parallel Aware": false,
                                                "Startup Cost": 20000639114.96,
                                                "Total Cost": 20005212907.52,
                                                "Plan Rows": 1,
                                                "Plan Width": 34,
                                                "Actual Startup Time": 2422.868,
                                                "Actual Total Time": 2487.773,
                                                "Actual Rows": 2,
                                                "Actual Loops": 1,
                                                "Output": [
                                                    "mi.info_type_id",
                                                    "mi_idx.info",
                                                    "mi_idx.info_type_id",
                                                    "t.title",
                                                    "t.kind_id"
                                                ],
                                                "Workers Planned": 3,
                                                "Workers Launched": 3,
                                                "Single Copy": false,
                                                "Plans": [
                                                    {
                                                        "Node Type": "Hash Join",
                                                        "Parent Relationship": "Outer",
                                                        "Parallel Aware": false,
                                                        "Join Type": "Inner",
                                                        "Startup Cost": 20000638114.96,
                                                        "Total Cost": 20005211907.42,
                                                        "Plan Rows": 1,
                                                        "Plan Width": 34,
                                                        "Actual Startup Time": 2248.744,
                                                        "Actual Total Time": 2413.924,
                                                        "Actual Rows": 0,
                                                        "Actual Loops": 4,
                                                        "Output": [
                                                            "mi.info_type_id",
                                                            "mi_idx.info",
                                                            "mi_idx.info_type_id",
                                                            "t.title",
                                                            "t.kind_id"
                                                        ],
                                                        "Inner Unique": true,
                                                        "Hash Cond": "(mk.keyword_id = k.id)",
                                                        "Workers": [
                                                            {
                                                                "Worker Number": 0,
                                                                "Actual Startup Time": 2410.214,
                                                                "Actual Total Time": 2410.222,
                                                                "Actual Rows": 0,
                                                                "Actual Loops": 1
                                                            },
                                                            {
                                                                "Worker Number": 1,
                                                                "Actual Startup Time": 1751.187,
                                                                "Actual Total Time": 2410.307,
                                                                "Actual Rows": 2,
                                                                "Actual Loops": 1
                                                            },
                                                            {
                                                                "Worker Number": 2,
                                                                "Actual Startup Time": 2411.799,
                                                                "Actual Total Time": 2411.808,
                                                                "Actual Rows": 0,
                                                                "Actual Loops": 1
                                                            }
                                                        ],
                                                        "Plans": [
                                                            {
                                                                "Node Type": "Hash Join",
                                                                "Parent Relationship": "Outer",
                                                                "Parallel Aware": true,
                                                                "Join Type": "Inner",
                                                                "Startup Cost": 20000632772.01,
                                                                "Total Cost": 20005206563.01,
                                                                "Plan Rows": 556,
                                                                "Plan Width": 38,
                                                                "Actual Startup Time": 1669.086,
                                                                "Actual Total Time": 2323.391,
                                                                "Actual Rows": 552,
                                                                "Actual Loops": 4,
                                                                "Output": [
                                                                    "mi.info_type_id",
                                                                    "mi_idx.info",
                                                                    "mi_idx.info_type_id",
                                                                    "mk.keyword_id",
                                                                    "t.title",
                                                                    "t.kind_id"
                                                                ],
                                                                "Inner Unique": false,
                                                                "Hash Cond": "(mi.movie_id = t.id)",
                                                                "Workers": [
                                                                    {
                                                                        "Worker Number": 0,
                                                                        "Actual Startup Time": 1697.462,
                                                                        "Actual Total Time": 2308.808,
                                                                        "Actual Rows": 1107,
                                                                        "Actual Loops": 1
                                                                    },
                                                                    {
                                                                        "Worker Number": 1,
                                                                        "Actual Startup Time": 1649.823,
                                                                        "Actual Total Time": 2308.917,
                                                                        "Actual Rows": 186,
                                                                        "Actual Loops": 1
                                                                    },
                                                                    {
                                                                        "Worker Number": 2,
                                                                        "Actual Startup Time": 1641.513,
                                                                        "Actual Total Time": 2313.659,
                                                                        "Actual Rows": 374,
                                                                        "Actual Loops": 1
                                                                    }
                                                                ],
                                                                "Plans": [
                                                                    {
                                                                        "Node Type": "Hash Join",
                                                                        "Parent Relationship": "Outer",
                                                                        "Parallel Aware": true,
                                                                        "Join Type": "Inner",
                                                                        "Startup Cost": 10000584131.83,
                                                                        "Total Cost": 10005129402.08,
                                                                        "Plan Rows": 7605165,
                                                                        "Plan Width": 29,
                                                                        "Actual Startup Time": 1526.333,
                                                                        "Actual Total Time": 2080.27,
                                                                        "Actual Rows": 1828457,
                                                                        "Actual Loops": 4,
                                                                        "Output": [
                                                                            "mi.movie_id",
                                                                            "mi.info_type_id",
                                                                            "mi_idx.info",
                                                                            "mi_idx.movie_id",
                                                                            "mi_idx.info_type_id",
                                                                            "mk.movie_id",
                                                                            "mk.keyword_id"
                                                                        ],
                                                                        "Inner Unique": false,
                                                                        "Hash Cond": "(mk.movie_id = mi.movie_id)",
                                                                        "Workers": [
                                                                            {
                                                                                "Worker Number": 0,
                                                                                "Actual Startup Time": 1526.24,
                                                                                "Actual Total Time": 2079.612,
                                                                                "Actual Rows": 1796554,
                                                                                "Actual Loops": 1
                                                                            },
                                                                            {
                                                                                "Worker Number": 1,
                                                                                "Actual Startup Time": 1526.362,
                                                                                "Actual Total Time": 2079.744,
                                                                                "Actual Rows": 1878519,
                                                                                "Actual Loops": 1
                                                                            },
                                                                            {
                                                                                "Worker Number": 2,
                                                                                "Actual Startup Time": 1526.435,
                                                                                "Actual Total Time": 2080.419,
                                                                                "Actual Rows": 1370441,
                                                                                "Actual Loops": 1
                                                                            }
                                                                        ],
                                                                        "Plans": [
                                                                            {
                                                                                "Node Type": "Index Scan",
                                                                                "Parent Relationship": "Outer",
                                                                                "Parallel Aware": true,
                                                                                "Scan Direction": "Forward",
                                                                                "Index Name": "movie_id_movie_keyword",
                                                                                "Relation Name": "movie_keyword",
                                                                                "Schema": "public",
                                                                                "Alias": "mk",
                                                                                "Startup Cost": 10000000000.43,
                                                                                "Total Cost": 10000146531.48,
                                                                                "Plan Rows": 1459332,
                                                                                "Plan Width": 8,
                                                                                "Actual Startup Time": 0.1,
                                                                                "Actual Total Time": 205.026,
                                                                                "Actual Rows": 1130982,
                                                                                "Actual Loops": 4,
                                                                                "Output": [
                                                                                    "mk.id",
                                                                                    "mk.movie_id",
                                                                                    "mk.keyword_id"
                                                                                ],
                                                                                "Workers": [
                                                                                    {
                                                                                        "Worker Number": 0,
                                                                                        "Actual Startup Time": 0.074,
                                                                                        "Actual Total Time": 207.236,
                                                                                        "Actual Rows": 1086827,
                                                                                        "Actual Loops": 1
                                                                                    },
                                                                                    {
                                                                                        "Worker Number": 1,
                                                                                        "Actual Startup Time": 0.185,
                                                                                        "Actual Total Time": 207.852,
                                                                                        "Actual Rows": 1136708,
                                                                                        "Actual Loops": 1
                                                                                    },
                                                                                    {
                                                                                        "Worker Number": 2,
                                                                                        "Actual Startup Time": 0.053,
                                                                                        "Actual Total Time": 207.42,
                                                                                        "Actual Rows": 860878,
                                                                                        "Actual Loops": 1
                                                                                    }
                                                                                ]
                                                                            },
                                                                            {
                                                                                "Node Type": "Hash",
                                                                                "Parent Relationship": "Inner",
                                                                                "Parallel Aware": true,
                                                                                "Startup Cost": 573942.75,
                                                                                "Total Cost": 573942.75,
                                                                                "Plan Rows": 815092,
                                                                                "Plan Width": 21,
                                                                                "Actual Startup Time": 1522.995,
                                                                                "Actual Total Time": 1523.393,
                                                                                "Actual Rows": 137122,
                                                                                "Actual Loops": 4,
                                                                                "Output": [
                                                                                    "mi.movie_id",
                                                                                    "mi.info_type_id",
                                                                                    "mi_idx.info",
                                                                                    "mi_idx.movie_id",
                                                                                    "mi_idx.info_type_id"
                                                                                ],
                                                                                "Hash Buckets": 2097152,
                                                                                "Original Hash Buckets": 2097152,
                                                                                "Hash Batches": 1,
                                                                                "Original Hash Batches": 1,
                                                                                "Peak Memory Usage": 46560,
                                                                                "Workers": [
                                                                                    {
                                                                                        "Worker Number": 0,
                                                                                        "Actual Startup Time": 1526.106,
                                                                                        "Actual Total Time": 1526.109,
                                                                                        "Actual Rows": 121705,
                                                                                        "Actual Loops": 1
                                                                                    },
                                                                                    {
                                                                                        "Worker Number": 1,
                                                                                        "Actual Startup Time": 1526.056,
                                                                                        "Actual Total Time": 1526.059,
                                                                                        "Actual Rows": 122689,
                                                                                        "Actual Loops": 1
                                                                                    },
                                                                                    {
                                                                                        "Worker Number": 2,
                                                                                        "Actual Startup Time": 1525.968,
                                                                                        "Actual Total Time": 1525.973,
                                                                                        "Actual Rows": 118933,
                                                                                        "Actual Loops": 1
                                                                                    }
                                                                                ],
                                                                                "Plans": [
                                                                                    {
                                                                                        "Node Type": "Hash Join",
                                                                                        "Parent Relationship": "Outer",
                                                                                        "Parallel Aware": true,
                                                                                        "Join Type": "Inner",
                                                                                        "Startup Cost": 232999.67,
                                                                                        "Total Cost": 573942.75,
                                                                                        "Plan Rows": 815092,
                                                                                        "Plan Width": 21,
                                                                                        "Actual Startup Time": 1289.685,
                                                                                        "Actual Total Time": 1454.614,
                                                                                        "Actual Rows": 137122,
                                                                                        "Actual Loops": 4,
                                                                                        "Output": [
                                                                                            "mi.movie_id",
                                                                                            "mi.info_type_id",
                                                                                            "mi_idx.info",
                                                                                            "mi_idx.movie_id",
                                                                                            "mi_idx.info_type_id"
                                                                                        ],
                                                                                        "Inner Unique": false,
                                                                                        "Hash Cond": "(mi_idx.movie_id = mi.movie_id)",
                                                                                        "Workers": [
                                                                                            {
                                                                                                "Worker Number": 0,
                                                                                                "Actual Startup Time": 1289.576,
                                                                                                "Actual Total Time": 1453.43,
                                                                                                "Actual Rows": 121705,
                                                                                                "Actual Loops": 1
                                                                                            },
                                                                                            {
                                                                                                "Worker Number": 1,
                                                                                                "Actual Startup Time": 1289.616,
                                                                                                "Actual Total Time": 1453.633,
                                                                                                "Actual Rows": 122689,
                                                                                                "Actual Loops": 1
                                                                                            },
                                                                                            {
                                                                                                "Worker Number": 2,
                                                                                                "Actual Startup Time": 1289.721,
                                                                                                "Actual Total Time": 1455.764,
                                                                                                "Actual Rows": 118933,
                                                                                                "Actual Loops": 1
                                                                                            }
                                                                                        ],
                                                                                        "Plans": [
                                                                                            {
                                                                                                "Node Type": "Index Scan",
                                                                                                "Parent Relationship": "Outer",
                                                                                                "Parallel Aware": true,
                                                                                                "Scan Direction": "Forward",
                                                                                                "Index Name": "movie_id_movie_info_idx",
                                                                                                "Relation Name": "movie_info_idx",
                                                                                                "Schema": "public",
                                                                                                "Alias": "mi_idx",
                                                                                                "Startup Cost": 0.43,
                                                                                                "Total Cost": 47018.15,
                                                                                                "Plan Rows": 215716,
                                                                                                "Plan Width": 13,
                                                                                                "Actual Startup Time": 0.122,
                                                                                                "Actual Total Time": 94.704,
                                                                                                "Actual Rows": 131569,
                                                                                                "Actual Loops": 4,
                                                                                                "Output": [
                                                                                                    "mi_idx.id",
                                                                                                    "mi_idx.movie_id",
                                                                                                    "mi_idx.info_type_id",
                                                                                                    "mi_idx.info",
                                                                                                    "mi_idx.note"
                                                                                                ],
                                                                                                "Filter": "(mi_idx.info > '5'::text)",
                                                                                                "Rows Removed by Filter": 213440,
                                                                                                "Workers": [
                                                                                                    {
                                                                                                        "Worker Number": 0,
                                                                                                        "Actual Startup Time": 0.113,
                                                                                                        "Actual Total Time": 96.625,
                                                                                                        "Actual Rows": 115021,
                                                                                                        "Actual Loops": 1
                                                                                                    },
                                                                                                    {
                                                                                                        "Worker Number": 1,
                                                                                                        "Actual Startup Time": 0.071,
                                                                                                        "Actual Total Time": 96.843,
                                                                                                        "Actual Rows": 116578,
                                                                                                        "Actual Loops": 1
                                                                                                    },
                                                                                                    {
                                                                                                        "Worker Number": 2,
                                                                                                        "Actual Startup Time": 0.125,
                                                                                                        "Actual Total Time": 97.306,
                                                                                                        "Actual Rows": 116672,
                                                                                                        "Actual Loops": 1
                                                                                                    }
                                                                                                ]
                                                                                            },
                                                                                            {
                                                                                                "Node Type": "Hash",
                                                                                                "Parent Relationship": "Inner",
                                                                                                "Parallel Aware": true,
                                                                                                "Startup Cost": 228390.93,
                                                                                                "Total Cost": 228390.93,
                                                                                                "Plan Rows": 368665,
                                                                                                "Plan Width": 8,
                                                                                                "Actual Startup Time": 1286.223,
                                                                                                "Actual Total Time": 1286.224,
                                                                                                "Actual Rows": 341646,
                                                                                                "Actual Loops": 4,
                                                                                                "Output": [
                                                                                                    "mi.movie_id",
                                                                                                    "mi.info_type_id"
                                                                                                ],
                                                                                                "Hash Buckets": 2097152,
                                                                                                "Original Hash Buckets": 2097152,
                                                                                                "Hash Batches": 1,
                                                                                                "Original Hash Batches": 1,
                                                                                                "Peak Memory Usage": 69920,
                                                                                                "Workers": [
                                                                                                    {
                                                                                                        "Worker Number": 0,
                                                                                                        "Actual Startup Time": 1289.405,
                                                                                                        "Actual Total Time": 1289.407,
                                                                                                        "Actual Rows": 299916,
                                                                                                        "Actual Loops": 1
                                                                                                    },
                                                                                                    {
                                                                                                        "Worker Number": 1,
                                                                                                        "Actual Startup Time": 1289.228,
                                                                                                        "Actual Total Time": 1289.229,
                                                                                                        "Actual Rows": 300342,
                                                                                                        "Actual Loops": 1
                                                                                                    },
                                                                                                    {
                                                                                                        "Worker Number": 2,
                                                                                                        "Actual Startup Time": 1289.285,
                                                                                                        "Actual Total Time": 1289.287,
                                                                                                        "Actual Rows": 284268,
                                                                                                        "Actual Loops": 1
                                                                                                    }
                                                                                                ],
                                                                                                "Plans": [
                                                                                                    {
                                                                                                        "Node Type": "Seq Scan",
                                                                                                        "Parent Relationship": "Outer",
                                                                                                        "Parallel Aware": true,
                                                                                                        "Relation Name": "movie_info",
                                                                                                        "Schema": "public",
                                                                                                        "Alias": "mi",
                                                                                                        "Startup Cost": 0.0,
                                                                                                        "Total Cost": 228390.93,
                                                                                                        "Plan Rows": 368665,
                                                                                                        "Plan Width": 8,
                                                                                                        "Actual Startup Time": 0.047,
                                                                                                        "Actual Total Time": 1149.461,
                                                                                                        "Actual Rows": 341646,
                                                                                                        "Actual Loops": 4,
                                                                                                        "Output": [
                                                                                                            "mi.movie_id",
                                                                                                            "mi.info_type_id"
                                                                                                        ],
                                                                                                        "Filter": "(mi.info = ANY ('{Norwegian,American,Bulgaria,Denmark,America,Danish,USA,English,Norway,USA}'::text[]))",
                                                                                                        "Rows Removed by Filter": 3367284,
                                                                                                        "Workers": [
                                                                                                            {
                                                                                                                "Worker Number": 0,
                                                                                                                "Actual Startup Time": 0.058,
                                                                                                                "Actual Total Time": 1154.57,
                                                                                                                "Actual Rows": 299916,
                                                                                                                "Actual Loops": 1
                                                                                                            },
                                                                                                            {
                                                                                                                "Worker Number": 1,
                                                                                                                "Actual Startup Time": 0.046,
                                                                                                                "Actual Total Time": 1154.115,
                                                                                                                "Actual Rows": 300342,
                                                                                                                "Actual Loops": 1
                                                                                                            },
                                                                                                            {
                                                                                                                "Worker Number": 2,
                                                                                                                "Actual Startup Time": 0.066,
                                                                                                                "Actual Total Time": 1149.603,
                                                                                                                "Actual Rows": 284268,
                                                                                                                "Actual Loops": 1
                                                                                                            }
                                                                                                        ]
                                                                                                    }
                                                                                                ]
                                                                                            }
                                                                                        ]
                                                                                    }
                                                                                ]
                                                                            }
                                                                        ]
                                                                    },
                                                                    {
                                                                        "Node Type": "Hash",
                                                                        "Parent Relationship": "Inner",
                                                                        "Parallel Aware": true,
                                                                        "Startup Cost": 10000048639.61,
                                                                        "Total Cost": 10000048639.61,
                                                                        "Plan Rows": 46,
                                                                        "Plan Width": 25,
                                                                        "Actual Startup Time": 119.754,
                                                                        "Actual Total Time": 119.755,
                                                                        "Actual Rows": 196,
                                                                        "Actual Loops": 4,
                                                                        "Output": [
                                                                            "t.title",
                                                                            "t.kind_id",
                                                                            "t.id"
                                                                        ],
                                                                        "Hash Buckets": 1024,
                                                                        "Original Hash Buckets": 1024,
                                                                        "Hash Batches": 1,
                                                                        "Original Hash Batches": 1,
                                                                        "Peak Memory Usage": 136,
                                                                        "Workers": [
                                                                            {
                                                                                "Worker Number": 0,
                                                                                "Actual Startup Time": 106.058,
                                                                                "Actual Total Time": 106.059,
                                                                                "Actual Rows": 122,
                                                                                "Actual Loops": 1
                                                                            },
                                                                            {
                                                                                "Worker Number": 1,
                                                                                "Actual Startup Time": 106.043,
                                                                                "Actual Total Time": 106.044,
                                                                                "Actual Rows": 112,
                                                                                "Actual Loops": 1
                                                                            },
                                                                            {
                                                                                "Worker Number": 2,
                                                                                "Actual Startup Time": 109.427,
                                                                                "Actual Total Time": 109.428,
                                                                                "Actual Rows": 107,
                                                                                "Actual Loops": 1
                                                                            }
                                                                        ],
                                                                        "Plans": [
                                                                            {
                                                                                "Node Type": "Seq Scan",
                                                                                "Parent Relationship": "Outer",
                                                                                "Parallel Aware": true,
                                                                                "Relation Name": "title",
                                                                                "Schema": "public",
                                                                                "Alias": "t",
                                                                                "Startup Cost": 10000000000.0,
                                                                                "Total Cost": 10000048639.61,
                                                                                "Plan Rows": 46,
                                                                                "Plan Width": 25,
                                                                                "Actual Startup Time": 0.361,
                                                                                "Actual Total Time": 119.495,
                                                                                "Actual Rows": 196,
                                                                                "Actual Loops": 4,
                                                                                "Output": [
                                                                                    "t.title",
                                                                                    "t.kind_id",
                                                                                    "t.id"
                                                                                ],
                                                                                "Filter": "((t.production_year > 2008) AND ((t.title ~~ '%murder%'::text) OR (t.title ~~ '%Murder%'::text) OR (t.title ~~ '%Mord%'::text)))",
                                                                                "Rows Removed by Filter": 631882,
                                                                                "Workers": [
                                                                                    {
                                                                                        "Worker Number": 0,
                                                                                        "Actual Startup Time": 0.624,
                                                                                        "Actual Total Time": 105.807,
                                                                                        "Actual Rows": 122,
                                                                                        "Actual Loops": 1
                                                                                    },
                                                                                    {
                                                                                        "Worker Number": 1,
                                                                                        "Actual Startup Time": 0.047,
                                                                                        "Actual Total Time": 105.822,
                                                                                        "Actual Rows": 112,
                                                                                        "Actual Loops": 1
                                                                                    },
                                                                                    {
                                                                                        "Worker Number": 2,
                                                                                        "Actual Startup Time": 0.604,
                                                                                        "Actual Total Time": 109.163,
                                                                                        "Actual Rows": 107,
                                                                                        "Actual Loops": 1
                                                                                    }
                                                                                ]
                                                                            }
                                                                        ]
                                                                    }
                                                                ]
                                                            },
                                                            {
                                                                "Node Type": "Hash",
                                                                "Parent Relationship": "Inner",
                                                                "Parallel Aware": false,
                                                                "Startup Cost": 5342.92,
                                                                "Total Cost": 5342.92,
                                                                "Plan Rows": 2,
                                                                "Plan Width": 4,
                                                                "Actual Startup Time": 89.958,
                                                                "Actual Total Time": 89.959,
                                                                "Actual Rows": 2,
                                                                "Actual Loops": 4,
                                                                "Output": [
                                                                    "k.id"
                                                                ],
                                                                "Hash Buckets": 1024,
                                                                "Original Hash Buckets": 1024,
                                                                "Hash Batches": 1,
                                                                "Original Hash Batches": 1,
                                                                "Peak Memory Usage": 9,
                                                                "Workers": [
                                                                    {
                                                                        "Worker Number": 0,
                                                                        "Actual Startup Time": 100.633,
                                                                        "Actual Total Time": 100.633,
                                                                        "Actual Rows": 2,
                                                                        "Actual Loops": 1
                                                                    },
                                                                    {
                                                                        "Worker Number": 1,
                                                                        "Actual Startup Time": 100.656,
                                                                        "Actual Total Time": 100.656,
                                                                        "Actual Rows": 2,
                                                                        "Actual Loops": 1
                                                                    },
                                                                    {
                                                                        "Worker Number": 2,
                                                                        "Actual Startup Time": 97.431,
                                                                        "Actual Total Time": 97.432,
                                                                        "Actual Rows": 2,
                                                                        "Actual Loops": 1
                                                                    }
                                                                ],
                                                                "Plans": [
                                                                    {
                                                                        "Node Type": "Index Scan",
                                                                        "Parent Relationship": "Outer",
                                                                        "Parallel Aware": false,
                                                                        "Scan Direction": "Forward",
                                                                        "Index Name": "keyword_pkey",
                                                                        "Relation Name": "keyword",
                                                                        "Schema": "public",
                                                                        "Alias": "k",
                                                                        "Startup Cost": 0.42,
                                                                        "Total Cost": 5342.92,
                                                                        "Plan Rows": 2,
                                                                        "Plan Width": 4,
                                                                        "Actual Startup Time": 2.046,
                                                                        "Actual Total Time": 89.932,
                                                                        "Actual Rows": 2,
                                                                        "Actual Loops": 4,
                                                                        "Output": [
                                                                            "k.id"
                                                                        ],
                                                                        "Filter": "(k.keyword = ANY ('{based-on-comic,gift}'::text[]))",
                                                                        "Rows Removed by Filter": 134168,
                                                                        "Workers": [
                                                                            {
                                                                                "Worker Number": 0,
                                                                                "Actual Startup Time": 2.659,
                                                                                "Actual Total Time": 100.599,
                                                                                "Actual Rows": 2,
                                                                                "Actual Loops": 1
                                                                            },
                                                                            {
                                                                                "Worker Number": 1,
                                                                                "Actual Startup Time": 2.683,
                                                                                "Actual Total Time": 100.62,
                                                                                "Actual Rows": 2,
                                                                                "Actual Loops": 1
                                                                            },
                                                                            {
                                                                                "Worker Number": 2,
                                                                                "Actual Startup Time": 2.148,
                                                                                "Actual Total Time": 97.405,
                                                                                "Actual Rows": 2,
                                                                                "Actual Loops": 1
                                                                            }
                                                                        ]
                                                                    }
                                                                ]
                                                            }
                                                        ]
                                                    }
                                                ]
                                            },
                                            {
                                                "Node Type": "Hash",
                                                "Parent Relationship": "Inner",
                                                "Parallel Aware": false,
                                                "Startup Cost": 2.41,
                                                "Total Cost": 2.41,
                                                "Plan Rows": 1,
                                                "Plan Width": 4,
                                                "Actual Startup Time": 0.06,
                                                "Actual Total Time": 0.063,
                                                "Actual Rows": 1,
                                                "Actual Loops": 1,
                                                "Output": [
                                                    "it1.id"
                                                ],
                                                "Hash Buckets": 1024,
                                                "Original Hash Buckets": 1024,
                                                "Hash Batches": 1,
                                                "Original Hash Batches": 1,
                                                "Peak Memory Usage": 9,
                                                "Plans": [
                                                    {
                                                        "Node Type": "Seq Scan",
                                                        "Parent Relationship": "Outer",
                                                        "Parallel Aware": false,
                                                        "Relation Name": "info_type",
                                                        "Schema": "public",
                                                        "Alias": "it1",
                                                        "Startup Cost": 0.0,
                                                        "Total Cost": 2.41,
                                                        "Plan Rows": 1,
                                                        "Plan Width": 4,
                                                        "Actual Startup Time": 0.035,
                                                        "Actual Total Time": 0.055,
                                                        "Actual Rows": 1,
                                                        "Actual Loops": 1,
                                                        "Output": [
                                                            "it1.id"
                                                        ],
                                                        "Filter": "((it1.info)::text = 'countries'::text)",
                                                        "Rows Removed by Filter": 112
                                                    }
                                                ]
                                            }
                                        ]
                                    }
                                ]
                            },
                            {
                                "Node Type": "Sort",
                                "Parent Relationship": "Inner",
                                "Parallel Aware": false,
                                "Startup Cost": 10000000002.42,
                                "Total Cost": 10000000002.43,
                                "Plan Rows": 1,
                                "Plan Width": 4,
                                "Actual Startup Time": 0.034,
                                "Actual Total Time": 0.035,
                                "Actual Rows": 1,
                                "Actual Loops": 1,
                                "Output": [
                                    "it2.id"
                                ],
                                "Sort Key": [
                                    "it2.id"
                                ],
                                "Sort Method": "quicksort",
                                "Sort Space Used": 25,
                                "Sort Space Type": "Memory",
                                "Plans": [
                                    {
                                        "Node Type": "Seq Scan",
                                        "Parent Relationship": "Outer",
                                        "Parallel Aware": false,
                                        "Relation Name": "info_type",
                                        "Schema": "public",
                                        "Alias": "it2",
                                        "Startup Cost": 10000000000.0,
                                        "Total Cost": 10000000002.41,
                                        "Plan Rows": 1,
                                        "Plan Width": 4,
                                        "Actual Startup Time": 0.023,
                                        "Actual Total Time": 0.024,
                                        "Actual Rows": 1,
                                        "Actual Loops": 1,
                                        "Output": [
                                            "it2.id"
                                        ],
                                        "Filter": "((it2.info)::text = 'rating'::text)",
                                        "Rows Removed by Filter": 112
                                    }
                                ]
                            }
                        ]
                    },
                    {
                        "Node Type": "Bitmap Heap Scan",
                        "Parent Relationship": "Inner",
                        "Parallel Aware": false,
                        "Relation Name": "kind_type",
                        "Schema": "public",
                        "Alias": "kt",
                        "Startup Cost": 0.18,
                        "Total Cost": 4.2,
                        "Plan Rows": 1,
                        "Plan Width": 4,
                        "Actual Startup Time": 0.028,
                        "Actual Total Time": 0.029,
                        "Actual Rows": 1,
                        "Actual Loops": 1,
                        "Output": [
                            "kt.id",
                            "kt.kind"
                        ],
                        "Recheck Cond": "(kt.id = t.kind_id)",
                        "Rows Removed by Index Recheck": 0,
                        "Filter": "((kt.kind)::text = 'episode'::text)",
                        "Rows Removed by Filter": 0,
                        "Exact Heap Blocks": 1,
                        "Lossy Heap Blocks": 0,
                        "Plans": [
                            {
                                "Node Type": "Bitmap Index Scan",
                                "Parent Relationship": "Outer",
                                "Parallel Aware": false,
                                "Index Name": "kind_type_pkey",
                                "Startup Cost": 0.0,
                                "Total Cost": 0.18,
                                "Plan Rows": 1,
                                "Plan Width": 0,
                                "Actual Startup Time": 0.008,
                                "Actual Total Time": 0.008,
                                "Actual Rows": 1,
                                "Actual Loops": 1,
                                "Index Cond": "(kt.id = t.kind_id)"
                            }
                        ]
                    }
                ]
            }
        ]
    },
    "Planning Time": 5.991,
    "Triggers": [],
    "Execution Time": 2488.179
}