[
    {
        "Bao": {
            "Bao prediction": "NaN",
            "Bao recommended hint": "(no hint)"
        }
    },
    {
        "Plan": {
            "Node Type": "Aggregate",
            "Strategy": "Plain",
            "Partial Mode": "Simple",
            "Parallel Aware": false,
            "Startup Cost": 25996.86,
            "Total Cost": 25996.87,
            "Plan Rows": 1,
            "Plan Width": 8,
            "Actual Startup Time": 19.388,
            "Actual Total Time": 19.391,
            "Actual Rows": 1,
            "Actual Loops": 1,
            "Output": [
                "count(*)"
            ],
            "Plans": [
                {
                    "Node Type": "Nested Loop",
                    "Parent Relationship": "Outer",
                    "Parallel Aware": false,
                    "Join Type": "Inner",
                    "Startup Cost": 220.46,
                    "Total Cost": 25993.14,
                    "Plan Rows": 1489,
                    "Plan Width": 0,
                    "Actual Startup Time": 4.428,
                    "Actual Total Time": 19.374,
                    "Actual Rows": 76,
                    "Actual Loops": 1,
                    "Inner Unique": false,
                    "Join Filter": "(t.id = ci.movie_id)",
                    "Rows Removed by Join Filter": 0,
                    "Plans": [
                        {
                            "Node Type": "Nested Loop",
                            "Parent Relationship": "Outer",
                            "Parallel Aware": false,
                            "Join Type": "Inner",
                            "Startup Cost": 219.9,
                            "Total Cost": 25780.62,
                            "Plan Rows": 104,
                            "Plan Width": 8,
                            "Actual Startup Time": 4.406,
                            "Actual Total Time": 18.834,
                            "Actual Rows": 143,
                            "Actual Loops": 1,
                            "Output": [
                                "t.id",
                                "mk.movie_id"
                            ],
                            "Inner Unique": false,
                            "Plans": [
                                {
                                    "Node Type": "Bitmap Heap Scan",
                                    "Parent Relationship": "Outer",
                                    "Parallel Aware": false,
                                    "Relation Name": "title",
                                    "Schema": "public",
                                    "Alias": "t",
                                    "Startup Cost": 219.46,
                                    "Total Cost": 25209.39,
                                    "Plan Rows": 58,
                                    "Plan Width": 4,
                                    "Actual Startup Time": 4.38,
                                    "Actual Total Time": 18.404,
                                    "Actual Rows": 30,
                                    "Actual Loops": 1,
                                    "Output": [
                                        "t.id",
                                        "t.title",
                                        "t.imdb_index",
                                        "t.kind_id",
                                        "t.production_year",
                                        "t.imdb_id",
                                        "t.phonetic_code",
                                        "t.episode_of_id",
                                        "t.season_nr",
                                        "t.episode_nr",
                                        "t.series_years",
                                        "t.md5sum"
                                    ],
                                    "Recheck Cond": "(t.kind_id = 6)",
                                    "Rows Removed by Index Recheck": 0,
                                    "Filter": "(t.production_year = 1972)",
                                    "Rows Removed by Filter": 12570,
                                    "Exact Heap Blocks": 7903,
                                    "Lossy Heap Blocks": 0,
                                    "Plans": [
                                        {
                                            "Node Type": "Bitmap Index Scan",
                                            "Parent Relationship": "Outer",
                                            "Parallel Aware": false,
                                            "Index Name": "kind_id_title",
                                            "Startup Cost": 0.0,
                                            "Total Cost": 219.45,
                                            "Plan Rows": 12136,
                                            "Plan Width": 0,
                                            "Actual Startup Time": 2.29,
                                            "Actual Total Time": 2.291,
                                            "Actual Rows": 12600,
                                            "Actual Loops": 1,
                                            "Index Cond": "(t.kind_id = 6)"
                                        }
                                    ]
                                },
                                {
                                    "Node Type": "Index Only Scan",
                                    "Parent Relationship": "Inner",
                                    "Parallel Aware": false,
                                    "Scan Direction": "Forward",
                                    "Index Name": "movie_id_movie_keyword",
                                    "Relation Name": "movie_keyword",
                                    "Schema": "public",
                                    "Alias": "mk",
                                    "Startup Cost": 0.43,
                                    "Total Cost": 9.39,
                                    "Plan Rows": 46,
                                    "Plan Width": 4,
                                    "Actual Startup Time": 0.012,
                                    "Actual Total Time": 0.013,
                                    "Actual Rows": 5,
                                    "Actual Loops": 30,
                                    "Output": [
                                        "mk.movie_id"
                                    ],
                                    "Index Cond": "(mk.movie_id = t.id)",
                                    "Rows Removed by Index Recheck": 0,
                                    "Heap Fetches": 143
                                }
                            ]
                        },
                        {
                            "Node Type": "Index Only Scan",
                            "Parent Relationship": "Inner",
                            "Parallel Aware": false,
                            "Scan Direction": "Forward",
                            "Index Name": "movie_id_cast_info",
                            "Relation Name": "cast_info",
                            "Schema": "public",
                            "Alias": "ci",
                            "Startup Cost": 0.56,
                            "Total Cost": 1.57,
                            "Plan Rows": 38,
                            "Plan Width": 4,
                            "Actual Startup Time": 0.003,
                            "Actual Total Time": 0.003,
                            "Actual Rows": 1,
                            "Actual Loops": 143,
                            "Output": [
                                "ci.movie_id"
                            ],
                            "Index Cond": "(ci.movie_id = mk.movie_id)",
                            "Rows Removed by Index Recheck": 0,
                            "Heap Fetches": 76
                        }
                    ]
                }
            ]
        },
        "Planning Time": 310.549,
        "Triggers": [],
        "Execution Time": 19.521
    }
]