[
  {
    "Plan": {
      "Node Type": "Aggregate",
      "Strategy": "Plain",
      "Partial Mode": "Finalize",
      "Parallel Aware": false,
      "Startup Cost": 46273.66,
      "Total Cost": 46273.67,
      "Plan Rows": 1,
      "Plan Width": 8,
      "Actual Startup Time": 163.044,
      "Actual Total Time": 173.133,
      "Actual Rows": 1,
      "Actual Loops": 1,
      "Plans": [
        {
          "Node Type": "Gather",
          "Parent Relationship": "Outer",
          "Parallel Aware": false,
          "Startup Cost": 46273.34,
          "Total Cost": 46273.65,
          "Plan Rows": 3,
          "Plan Width": 8,
          "Actual Startup Time": 162.912,
          "Actual Total Time": 173.124,
          "Actual Rows": 4,
          "Actual Loops": 1,
          "Workers Planned": 3,
          "Workers Launched": 3,
          "Single Copy": false,
          "Plans": [
            {
              "Node Type": "Aggregate",
              "Strategy": "Plain",
              "Partial Mode": "Partial",
              "Parent Relationship": "Outer",
              "Parallel Aware": false,
              "Startup Cost": 45273.34,
              "Total Cost": 45273.35,
              "Plan Rows": 1,
              "Plan Width": 8,
              "Actual Startup Time": 155.845,
              "Actual Total Time": 155.846,
              "Actual Rows": 1,
              "Actual Loops": 4,
              "Plans": [
                {
                  "Node Type": "Seq Scan",
                  "Parent Relationship": "Outer",
                  "Parallel Aware": true,
                  "Relation Name": "movie_keyword",
                  "Alias": "mk",
                  "Startup Cost": 0.0,
                  "Total Cost": 42695.65,
                  "Plan Rows": 1031074,
                  "Plan Width": 0,
                  "Actual Startup Time": 0.06,
                  "Actual Total Time": 120.465,
                  "Actual Rows": 797235,
                  "Actual Loops": 4,
                  "Filter": "(keyword_id < 12888)",
                  "Rows Removed by Filter": 333748
                }
              ]
            }
          ]
        }
      ]
    },
    "Planning Time": 0.182,
    "Triggers": [],
    "Execution Time": 173.189
  }
]