[
  {
    "Plan": {
      "Node Type": "Aggregate",
      "Strategy": "Plain",
      "Partial Mode": "Finalize",
      "Parallel Aware": false,
      "Startup Cost": 106281.45,
      "Total Cost": 106281.46,
      "Plan Rows": 1,
      "Plan Width": 8,
      "Actual Startup Time": 606.147,
      "Actual Total Time": 640.512,
      "Actual Rows": 1,
      "Actual Loops": 1,
      "Plans": [
        {
          "Node Type": "Gather",
          "Parent Relationship": "Outer",
          "Parallel Aware": false,
          "Startup Cost": 106281.13,
          "Total Cost": 106281.44,
          "Plan Rows": 3,
          "Plan Width": 8,
          "Actual Startup Time": 601.826,
          "Actual Total Time": 640.503,
          "Actual Rows": 4,
          "Actual Loops": 1,
          "Workers Planned": 3,
          "Workers Launched": 3,
          "Single Copy": false,
          "Plans": [
            {
              "Node Type": "Aggregate",
              "Strategy": "Plain",
              "Partial Mode": "Partial",
              "Parent Relationship": "Outer",
              "Parallel Aware": false,
              "Startup Cost": 105281.13,
              "Total Cost": 105281.14,
              "Plan Rows": 1,
              "Plan Width": 8,
              "Actual Startup Time": 592.642,
              "Actual Total Time": 592.646,
              "Actual Rows": 1,
              "Actual Loops": 4,
              "Plans": [
                {
                  "Node Type": "Nested Loop",
                  "Parent Relationship": "Outer",
                  "Parallel Aware": false,
                  "Join Type": "Inner",
                  "Startup Cost": 49498.37,
                  "Total Cost": 105097.73,
                  "Plan Rows": 73361,
                  "Plan Width": 0,
                  "Actual Startup Time": 208.379,
                  "Actual Total Time": 569.683,
                  "Actual Rows": 443868,
                  "Actual Loops": 4,
                  "Inner Unique": false,
                  "Plans": [
                    {
                      "Node Type": "Hash Join",
                      "Parent Relationship": "Outer",
                      "Parallel Aware": true,
                      "Join Type": "Inner",
                      "Startup Cost": 49497.93,
                      "Total Cost": 68854.13,
                      "Plan Rows": 14605,
                      "Plan Width": 8,
                      "Actual Startup Time": 208.28,
                      "Actual Total Time": 236.487,
                      "Actual Rows": 28534,
                      "Actual Loops": 4,
                      "Inner Unique": true,
                      "Hash Cond": "(mc.movie_id = t.id)",
                      "Plans": [
                        {
                          "Node Type": "Bitmap Heap Scan",
                          "Parent Relationship": "Outer",
                          "Parallel Aware": true,
                          "Relation Name": "movie_companies",
                          "Alias": "mc",
                          "Startup Cost": 2515.79,
                          "Total Cost": 21773.71,
                          "Plan Rows": 37434,
                          "Plan Width": 4,
                          "Actual Startup Time": 6.041,
                          "Actual Total Time": 15.278,
                          "Actual Rows": 28534,
                          "Actual Loops": 4,
                          "Recheck Cond": "(company_id > 149582)",
                          "Rows Removed by Index Recheck": 0,
                          "Exact Heap Blocks": 1162,
                          "Lossy Heap Blocks": 0,
                          "Plans": [
                            {
                              "Node Type": "Bitmap Index Scan",
                              "Parent Relationship": "Outer",
                              "Parallel Aware": false,
                              "Index Name": "company_id_movie_companies",
                              "Startup Cost": 0.0,
                              "Total Cost": 2486.77,
                              "Plan Rows": 116046,
                              "Plan Width": 0,
                              "Actual Startup Time": 5.589,
                              "Actual Total Time": 5.59,
                              "Actual Rows": 114135,
                              "Actual Loops": 1,
                              "Index Cond": "(company_id > 149582)"
                            }
                          ]
                        },
                        {
                          "Node Type": "Hash",
                          "Parent Relationship": "Inner",
                          "Parallel Aware": true,
                          "Startup Cost": 43899.32,
                          "Total Cost": 43899.32,
                          "Plan Rows": 246626,
                          "Plan Width": 4,
                          "Actual Startup Time": 197.734,
                          "Actual Total Time": 197.735,
                          "Actual Rows": 246262,
                          "Actual Loops": 4,
                          "Hash Buckets": 1048576,
                          "Original Hash Buckets": 1048576,
                          "Hash Batches": 1,
                          "Original Hash Batches": 1,
                          "Peak Memory Usage": 46816,
                          "Plans": [
                            {
                              "Node Type": "Seq Scan",
                              "Parent Relationship": "Outer",
                              "Parallel Aware": true,
                              "Relation Name": "title",
                              "Alias": "t",
                              "Startup Cost": 0.0,
                              "Total Cost": 43899.32,
                              "Plan Rows": 246626,
                              "Plan Width": 4,
                              "Actual Startup Time": 0.045,
                              "Actual Total Time": 107.64,
                              "Actual Rows": 246262,
                              "Actual Loops": 4,
                              "Filter": "(kind_id < 7)",
                              "Rows Removed by Filter": 385816
                            }
                          ]
                        }
                      ]
                    },
                    {
                      "Node Type": "Index Scan",
                      "Parent Relationship": "Inner",
                      "Parallel Aware": false,
                      "Scan Direction": "Forward",
                      "Index Name": "movie_id_movie_info",
                      "Relation Name": "movie_info",
                      "Alias": "mi",
                      "Startup Cost": 0.43,
                      "Total Cost": 2.13,
                      "Plan Rows": 35,
                      "Plan Width": 4,
                      "Actual Startup Time": 0.003,
                      "Actual Total Time": 0.01,
                      "Actual Rows": 16,
                      "Actual Loops": 114135,
                      "Index Cond": "(movie_id = t.id)",
                      "Rows Removed by Index Recheck": 0,
                      "Filter": "(info_type_id > 2)",
                      "Rows Removed by Filter": 2
                    }
                  ]
                }
              ]
            }
          ]
        }
      ]
    },
    "Planning Time": 1.403,
    "Triggers": [],
    "Execution Time": 640.613
  }
]