[
  {
    "Plan": {
      "Node Type": "Aggregate",
      "Strategy": "Plain",
      "Partial Mode": "Finalize",
      "Parallel Aware": false,
      "Startup Cost": 97855.2,
      "Total Cost": 97855.21,
      "Plan Rows": 1,
      "Plan Width": 8,
      "Actual Startup Time": 504.028,
      "Actual Total Time": 541.037,
      "Actual Rows": 1,
      "Actual Loops": 1,
      "Plans": [
        {
          "Node Type": "Gather",
          "Parent Relationship": "Outer",
          "Parallel Aware": false,
          "Startup Cost": 97854.78,
          "Total Cost": 97855.19,
          "Plan Rows": 4,
          "Plan Width": 8,
          "Actual Startup Time": 502.936,
          "Actual Total Time": 541.027,
          "Actual Rows": 5,
          "Actual Loops": 1,
          "Workers Planned": 4,
          "Workers Launched": 4,
          "Single Copy": false,
          "Plans": [
            {
              "Node Type": "Aggregate",
              "Strategy": "Plain",
              "Partial Mode": "Partial",
              "Parent Relationship": "Outer",
              "Parallel Aware": false,
              "Startup Cost": 96854.78,
              "Total Cost": 96854.79,
              "Plan Rows": 1,
              "Plan Width": 8,
              "Actual Startup Time": 492.616,
              "Actual Total Time": 492.62,
              "Actual Rows": 1,
              "Actual Loops": 5,
              "Plans": [
                {
                  "Node Type": "Nested Loop",
                  "Parent Relationship": "Outer",
                  "Parallel Aware": false,
                  "Join Type": "Inner",
                  "Startup Cost": 22326.04,
                  "Total Cost": 96708.19,
                  "Plan Rows": 58638,
                  "Plan Width": 0,
                  "Actual Startup Time": 97.462,
                  "Actual Total Time": 475.768,
                  "Actual Rows": 355094,
                  "Actual Loops": 5,
                  "Inner Unique": false,
                  "Plans": [
                    {
                      "Node Type": "Hash Join",
                      "Parent Relationship": "Outer",
                      "Parallel Aware": true,
                      "Join Type": "Inner",
                      "Startup Cost": 22325.61,
                      "Total Cost": 67501.39,
                      "Plan Rows": 11649,
                      "Plan Width": 8,
                      "Actual Startup Time": 97.386,
                      "Actual Total Time": 158.062,
                      "Actual Rows": 22827,
                      "Actual Loops": 5,
                      "Inner Unique": false,
                      "Hash Cond": "(t.id = mc.movie_id)",
                      "Plans": [
                        {
                          "Node Type": "Seq Scan",
                          "Parent Relationship": "Outer",
                          "Parallel Aware": true,
                          "Relation Name": "title",
                          "Alias": "t",
                          "Startup Cost": 0.0,
                          "Total Cost": 43898.92,
                          "Plan Rows": 247857,
                          "Plan Width": 4,
                          "Actual Startup Time": 0.02,
                          "Actual Total Time": 71.441,
                          "Actual Rows": 197010,
                          "Actual Loops": 5,
                          "Filter": "(kind_id < 7)",
                          "Rows Removed by Filter": 308653
                        },
                        {
                          "Node Type": "Hash",
                          "Parent Relationship": "Inner",
                          "Parallel Aware": true,
                          "Startup Cost": 21846.47,
                          "Total Cost": 21846.47,
                          "Plan Rows": 38331,
                          "Plan Width": 4,
                          "Actual Startup Time": 40.432,
                          "Actual Total Time": 40.434,
                          "Actual Rows": 22827,
                          "Actual Loops": 5,
                          "Hash Buckets": 131072,
                          "Original Hash Buckets": 131072,
                          "Hash Batches": 1,
                          "Original Hash Batches": 1,
                          "Peak Memory Usage": 5536,
                          "Plans": [
                            {
                              "Node Type": "Bitmap Heap Scan",
                              "Parent Relationship": "Outer",
                              "Parallel Aware": true,
                              "Relation Name": "movie_companies",
                              "Alias": "mc",
                              "Startup Cost": 2577.33,
                              "Total Cost": 21846.47,
                              "Plan Rows": 38331,
                              "Plan Width": 4,
                              "Actual Startup Time": 9.949,
                              "Actual Total Time": 29.93,
                              "Actual Rows": 22827,
                              "Actual Loops": 5,
                              "Recheck Cond": "(company_id > 149582)",
                              "Rows Removed by Index Recheck": 0,
                              "Exact Heap Blocks": 1530,
                              "Lossy Heap Blocks": 0,
                              "Plans": [
                                {
                                  "Node Type": "Bitmap Index Scan",
                                  "Parent Relationship": "Outer",
                                  "Parallel Aware": false,
                                  "Index Name": "company_id_movie_companies",
                                  "Startup Cost": 0.0,
                                  "Total Cost": 2547.62,
                                  "Plan Rows": 118826,
                                  "Plan Width": 0,
                                  "Actual Startup Time": 13.667,
                                  "Actual Total Time": 13.668,
                                  "Actual Rows": 114135,
                                  "Actual Loops": 1,
                                  "Index Cond": "(company_id > 149582)"
                                }
                              ]
                            }
                          ]
                        }
                      ]
                    },
                    {
                      "Node Type": "Index Scan",
                      "Parent Relationship": "Inner",
                      "Parallel Aware": false,
                      "Scan Direction": "Forward",
                      "Index Name": "movie_id_movie_info",
                      "Relation Name": "movie_info",
                      "Alias": "mi",
                      "Startup Cost": 0.43,
                      "Total Cost": 2.15,
                      "Plan Rows": 36,
                      "Plan Width": 4,
                      "Actual Startup Time": 0.004,
                      "Actual Total Time": 0.013,
                      "Actual Rows": 16,
                      "Actual Loops": 114135,
                      "Index Cond": "(movie_id = t.id)",
                      "Rows Removed by Index Recheck": 0,
                      "Filter": "(info_type_id > 2)",
                      "Rows Removed by Filter": 2
                    }
                  ]
                }
              ]
            }
          ]
        }
      ]
    },
    "Planning Time": 1.786,
    "Triggers": [],
    "Execution Time": 541.159
  }
]