[
  {
    "Plan": {
      "Node Type": "Aggregate",
      "Strategy": "Plain",
      "Partial Mode": "Finalize",
      "Parallel Aware": false,
      "Startup Cost": 394118.7,
      "Total Cost": 394118.71,
      "Plan Rows": 1,
      "Plan Width": 8,
      "Actual Startup Time": 1082.861,
      "Actual Total Time": 1136.177,
      "Actual Rows": 1,
      "Actual Loops": 1,
      "Plans": [
        {
          "Node Type": "Gather",
          "Parent Relationship": "Outer",
          "Parallel Aware": false,
          "Startup Cost": 394118.07,
          "Total Cost": 394118.68,
          "Plan Rows": 6,
          "Plan Width": 8,
          "Actual Startup Time": 1074.334,
          "Actual Total Time": 1136.163,
          "Actual Rows": 7,
          "Actual Loops": 1,
          "Workers Planned": 6,
          "Workers Launched": 6,
          "Single Copy": false,
          "Plans": [
            {
              "Node Type": "Aggregate",
              "Strategy": "Plain",
              "Partial Mode": "Partial",
              "Parent Relationship": "Outer",
              "Parallel Aware": false,
              "Startup Cost": 393118.07,
              "Total Cost": 393118.08,
              "Plan Rows": 1,
              "Plan Width": 8,
              "Actual Startup Time": 1065.476,
              "Actual Total Time": 1065.479,
              "Actual Rows": 1,
              "Actual Loops": 7,
              "Plans": [
                {
                  "Node Type": "Hash Join",
                  "Parent Relationship": "Outer",
                  "Parallel Aware": true,
                  "Join Type": "Inner",
                  "Startup Cost": 48375.56,
                  "Total Cost": 392749.04,
                  "Plan Rows": 147614,
                  "Plan Width": 0,
                  "Actual Startup Time": 573.926,
                  "Actual Total Time": 1048.995,
                  "Actual Rows": 318454,
                  "Actual Loops": 7,
                  "Inner Unique": true,
                  "Hash Cond": "(ci.movie_id = t.id)",
                  "Plans": [
                    {
                      "Node Type": "Seq Scan",
                      "Parent Relationship": "Outer",
                      "Parallel Aware": true,
                      "Relation Name": "cast_info",
                      "Alias": "ci",
                      "Startup Cost": 0.0,
                      "Total Cost": 343316.27,
                      "Plan Rows": 402745,
                      "Plan Width": 4,
                      "Actual Startup Time": 423.509,
                      "Actual Total Time": 647.463,
                      "Actual Rows": 772695,
                      "Actual Loops": 7,
                      "Filter": "((person_id > 3116377) AND (role_id > 2))",
                      "Rows Removed by Filter": 4405068
                    },
                    {
                      "Node Type": "Hash",
                      "Parent Relationship": "Inner",
                      "Parallel Aware": true,
                      "Startup Cost": 45479.59,
                      "Total Cost": 45479.59,
                      "Plan Rows": 231678,
                      "Plan Width": 4,
                      "Actual Startup Time": 147.96,
                      "Actual Total Time": 147.961,
                      "Actual Rows": 128019,
                      "Actual Loops": 7,
                      "Hash Buckets": 1048576,
                      "Original Hash Buckets": 1048576,
                      "Hash Batches": 1,
                      "Original Hash Batches": 1,
                      "Peak Memory Usage": 43360,
                      "Plans": [
                        {
                          "Node Type": "Seq Scan",
                          "Parent Relationship": "Outer",
                          "Parallel Aware": true,
                          "Relation Name": "title",
                          "Alias": "t",
                          "Startup Cost": 0.0,
                          "Total Cost": 45479.59,
                          "Plan Rows": 231678,
                          "Plan Width": 4,
                          "Actual Startup Time": 0.047,
                          "Actual Total Time": 83.732,
                          "Actual Rows": 128019,
                          "Actual Loops": 7,
                          "Filter": "((kind_id < 7) AND (production_year > 1918))",
                          "Rows Removed by Filter": 233168
                        }
                      ]
                    }
                  ]
                }
              ]
            }
          ]
        }
      ]
    },
    "Planning Time": 0.459,
    "Triggers": [],
    "Execution Time": 1136.229
  }
]