[
  {
    "Plan": {
      "Node Type": "Aggregate",
      "Strategy": "Plain",
      "Partial Mode": "Finalize",
      "Parallel Aware": false,
      "Startup Cost": 77730.41,
      "Total Cost": 77730.42,
      "Plan Rows": 1,
      "Plan Width": 8,
      "Actual Startup Time": 387.842,
      "Actual Total Time": 402.309,
      "Actual Rows": 1,
      "Actual Loops": 1,
      "Plans": [
        {
          "Node Type": "Gather",
          "Parent Relationship": "Outer",
          "Parallel Aware": false,
          "Startup Cost": 77730.09,
          "Total Cost": 77730.4,
          "Plan Rows": 3,
          "Plan Width": 8,
          "Actual Startup Time": 383.376,
          "Actual Total Time": 402.301,
          "Actual Rows": 4,
          "Actual Loops": 1,
          "Workers Planned": 3,
          "Workers Launched": 3,
          "Single Copy": false,
          "Plans": [
            {
              "Node Type": "Aggregate",
              "Strategy": "Plain",
              "Partial Mode": "Partial",
              "Parent Relationship": "Outer",
              "Parallel Aware": false,
              "Startup Cost": 76730.09,
              "Total Cost": 76730.1,
              "Plan Rows": 1,
              "Plan Width": 8,
              "Actual Startup Time": 377.573,
              "Actual Total Time": 377.577,
              "Actual Rows": 1,
              "Actual Loops": 4,
              "Plans": [
                {
                  "Node Type": "Hash Join",
                  "Parent Relationship": "Outer",
                  "Parallel Aware": true,
                  "Join Type": "Inner",
                  "Startup Cost": 46928.39,
                  "Total Cost": 76344.28,
                  "Plan Rows": 154327,
                  "Plan Width": 0,
                  "Actual Startup Time": 168.631,
                  "Actual Total Time": 364.554,
                  "Actual Rows": 285086,
                  "Actual Loops": 4,
                  "Inner Unique": true,
                  "Hash Cond": "(mc.movie_id = t.id)",
                  "Plans": [
                    {
                      "Node Type": "Seq Scan",
                      "Parent Relationship": "Outer",
                      "Parallel Aware": true,
                      "Relation Name": "movie_companies",
                      "Alias": "mc",
                      "Startup Cost": 0.0,
                      "Total Cost": 27206.55,
                      "Plan Rows": 841655,
                      "Plan Width": 4,
                      "Actual Startup Time": 0.008,
                      "Actual Total Time": 60.085,
                      "Actual Rows": 652282,
                      "Actual Loops": 4
                    },
                    {
                      "Node Type": "Hash",
                      "Parent Relationship": "Inner",
                      "Parallel Aware": true,
                      "Startup Cost": 45479.59,
                      "Total Cost": 45479.59,
                      "Plan Rows": 115904,
                      "Plan Width": 4,
                      "Actual Startup Time": 166.241,
                      "Actual Total Time": 166.243,
                      "Actual Rows": 139373,
                      "Actual Loops": 4,
                      "Hash Buckets": 1048576,
                      "Original Hash Buckets": 524288,
                      "Hash Batches": 1,
                      "Original Hash Batches": 1,
                      "Peak Memory Usage": 34144,
                      "Plans": [
                        {
                          "Node Type": "Seq Scan",
                          "Parent Relationship": "Outer",
                          "Parallel Aware": true,
                          "Relation Name": "title",
                          "Alias": "t",
                          "Startup Cost": 0.0,
                          "Total Cost": 45479.59,
                          "Plan Rows": 115904,
                          "Plan Width": 4,
                          "Actual Startup Time": 0.039,
                          "Actual Total Time": 101.789,
                          "Actual Rows": 139373,
                          "Actual Loops": 4,
                          "Filter": "((kind_id < 7) AND (production_year < 2003))",
                          "Rows Removed by Filter": 492705
                        }
                      ]
                    }
                  ]
                }
              ]
            }
          ]
        }
      ]
    },
    "Planning Time": 0.329,
    "Triggers": [],
    "Execution Time": 402.351
  }
]