{
  "Plan": {
    "Node Type": "Aggregate",
    "Strategy": "Plain",
    "Partial Mode": "Finalize",
    "Parallel Aware": false,
    "Startup Cost": 130991.52,
    "Total Cost": 130991.53,
    "Plan Rows": 1,
    "Plan Width": 8,
    "Actual Startup Time": 87.949,
    "Actual Total Time": 97.052,
    "Actual Rows": 1,
    "Actual Loops": 1,
    "Plans": [
      {
        "Node Type": "Gather",
        "Parent Relationship": "Outer",
        "Parallel Aware": false,
        "Startup Cost": 130991.41,
        "Total Cost": 130991.52,
        "Plan Rows": 1,
        "Plan Width": 8,
        "Actual Startup Time": 87.782,
        "Actual Total Time": 97.046,
        "Actual Rows": 2,
        "Actual Loops": 1,
        "Workers Planned": 1,
        "Workers Launched": 1,
        "Single Copy": false,
        "Plans": [
          {
            "Node Type": "Aggregate",
            "Strategy": "Plain",
            "Partial Mode": "Partial",
            "Parent Relationship": "Outer",
            "Parallel Aware": false,
            "Startup Cost": 129991.41,
            "Total Cost": 129991.42,
            "Plan Rows": 1,
            "Plan Width": 8,
            "Actual Startup Time": 82.111,
            "Actual Total Time": 82.112,
            "Actual Rows": 1,
            "Actual Loops": 2,
            "Plans": [
              {
                "Node Type": "Nested Loop",
                "Parent Relationship": "Outer",
                "Parallel Aware": false,
                "Join Type": "Inner",
                "Startup Cost": 1617.23,
                "Total Cost": 129989.62,
                "Plan Rows": 714,
                "Plan Width": 0,
                "Actual Startup Time": 19.897,
                "Actual Total Time": 82.015,
                "Actual Rows": 625,
                "Actual Loops": 2,
                "Inner Unique": false,
                "Plans": [
                  {
                    "Node Type": "Bitmap Heap Scan",
                    "Parent Relationship": "Outer",
                    "Parallel Aware": true,
                    "Relation Name": "title",
                    "Alias": "t",
                    "Startup Cost": 1616.79,
                    "Total Cost": 38414.92,
                    "Plan Rows": 605,
                    "Plan Width": 4,
                    "Actual Startup Time": 19.671,
                    "Actual Total Time": 63.974,
                    "Actual Rows": 726,
                    "Actual Loops": 2,
                    "Recheck Cond": "(kind_id = 2)",
                    "Rows Removed by Index Recheck": 0,
                    "Filter": "(production_year = 1994)",
                    "Rows Removed by Filter": 44700,
                    "Exact Heap Blocks": 18557,
                    "Lossy Heap Blocks": 0,
                    "Plans": [
                      {
                        "Node Type": "Bitmap Index Scan",
                        "Parent Relationship": "Outer",
                        "Parallel Aware": false,
                        "Index Name": "kind_id_title",
                        "Startup Cost": 0.0,
                        "Total Cost": 1616.54,
                        "Plan Rows": 90681,
                        "Plan Width": 0,
                        "Actual Startup Time": 16.582,
                        "Actual Total Time": 16.583,
                        "Actual Rows": 90852,
                        "Actual Loops": 1,
                        "Index Cond": "(kind_id = 2)"
                      }
                    ]
                  },
                  {
                    "Node Type": "Index Scan",
                    "Parent Relationship": "Inner",
                    "Parallel Aware": false,
                    "Scan Direction": "Forward",
                    "Index Name": "movie_id_movie_info",
                    "Relation Name": "movie_info",
                    "Alias": "mi",
                    "Startup Cost": 0.43,
                    "Total Cost": 151.28,
                    "Plan Rows": 8,
                    "Plan Width": 4,
                    "Actual Startup Time": 0.017,
                    "Actual Total Time": 0.024,
                    "Actual Rows": 1,
                    "Actual Loops": 1452,
                    "Index Cond": "(movie_id = t.id)",
                    "Rows Removed by Index Recheck": 0,
                    "Filter": "(info_type_id = 16)",
                    "Rows Removed by Filter": 8
                  }
                ]
              }
            ]
          }
        ]
      }
    ]
  },
  "Planning Time": 0.312,
  "Triggers": [],
  "Execution Time": 97.129
}