[
  {
    "Plan": {
      "Node Type": "Aggregate",
      "Strategy": "Plain",
      "Partial Mode": "Finalize",
      "Parallel Aware": false,
      "Startup Cost": 32956.45,
      "Total Cost": 32956.46,
      "Plan Rows": 1,
      "Plan Width": 8,
      "Actual Startup Time": 90.747,
      "Actual Total Time": 98.72,
      "Actual Rows": 1,
      "Actual Loops": 1,
      "Plans": [
        {
          "Node Type": "Gather",
          "Parent Relationship": "Outer",
          "Parallel Aware": false,
          "Startup Cost": 32956.13,
          "Total Cost": 32956.44,
          "Plan Rows": 3,
          "Plan Width": 8,
          "Actual Startup Time": 90.643,
          "Actual Total Time": 98.712,
          "Actual Rows": 4,
          "Actual Loops": 1,
          "Workers Planned": 3,
          "Workers Launched": 3,
          "Single Copy": false,
          "Plans": [
            {
              "Node Type": "Aggregate",
              "Strategy": "Plain",
              "Partial Mode": "Partial",
              "Parent Relationship": "Outer",
              "Parallel Aware": false,
              "Startup Cost": 31956.13,
              "Total Cost": 31956.14,
              "Plan Rows": 1,
              "Plan Width": 8,
              "Actual Startup Time": 82.176,
              "Actual Total Time": 82.177,
              "Actual Rows": 1,
              "Actual Loops": 4,
              "Plans": [
                {
                  "Node Type": "Seq Scan",
                  "Parent Relationship": "Outer",
                  "Parallel Aware": true,
                  "Relation Name": "movie_companies",
                  "Alias": "mc",
                  "Startup Cost": 0.0,
                  "Total Cost": 31414.82,
                  "Plan Rows": 216524,
                  "Plan Width": 0,
                  "Actual Startup Time": 48.602,
                  "Actual Total Time": 77.905,
                  "Actual Rows": 107427,
                  "Actual Loops": 4,
                  "Filter": "((company_id < 11373) AND (company_type_id > 1))",
                  "Rows Removed by Filter": 544855
                }
              ]
            }
          ]
        }
      ]
    },
    "Planning Time": 0.194,
    "Triggers": [],
    "Execution Time": 98.773
  }
]