[
  {
    "Plan": {
      "Node Type": "Aggregate",
      "Strategy": "Plain",
      "Partial Mode": "Finalize",
      "Parallel Aware": false,
      "Startup Cost": 350542.45,
      "Total Cost": 350542.46,
      "Plan Rows": 1,
      "Plan Width": 8,
      "Actual Startup Time": 906.492,
      "Actual Total Time": 955.013,
      "Actual Rows": 1,
      "Actual Loops": 1,
      "Plans": [
        {
          "Node Type": "Gather",
          "Parent Relationship": "Outer",
          "Parallel Aware": false,
          "Startup Cost": 350541.82,
          "Total Cost": 350542.43,
          "Plan Rows": 6,
          "Plan Width": 8,
          "Actual Startup Time": 906.176,
          "Actual Total Time": 954.996,
          "Actual Rows": 7,
          "Actual Loops": 1,
          "Workers Planned": 6,
          "Workers Launched": 6,
          "Single Copy": false,
          "Plans": [
            {
              "Node Type": "Aggregate",
              "Strategy": "Plain",
              "Partial Mode": "Partial",
              "Parent Relationship": "Outer",
              "Parallel Aware": false,
              "Startup Cost": 349541.82,
              "Total Cost": 349541.83,
              "Plan Rows": 1,
              "Plan Width": 8,
              "Actual Startup Time": 897.987,
              "Actual Total Time": 897.989,
              "Actual Rows": 1,
              "Actual Loops": 7,
              "Plans": [
                {
                  "Node Type": "Seq Scan",
                  "Parent Relationship": "Outer",
                  "Parallel Aware": true,
                  "Relation Name": "cast_info",
                  "Alias": "ci",
                  "Startup Cost": 0.0,
                  "Total Cost": 343316.27,
                  "Plan Rows": 2490220,
                  "Plan Width": 0,
                  "Actual Startup Time": 211.016,
                  "Actual Total Time": 787.906,
                  "Actual Rows": 1854607,
                  "Actual Loops": 7,
                  "Filter": "((person_id > 1376422) AND (role_id < 4))",
                  "Rows Removed by Filter": 3323157
                }
              ]
            }
          ]
        }
      ]
    },
    "Planning Time": 0.116,
    "Triggers": [],
    "Execution Time": 955.056
  }
]