[
  {
    "Plan": {
      "Node Type": "Aggregate",
      "Strategy": "Plain",
      "Partial Mode": "Finalize",
      "Parallel Aware": false,
      "Startup Cost": 46921.83,
      "Total Cost": 46921.84,
      "Plan Rows": 1,
      "Plan Width": 8,
      "Actual Startup Time": 112.989,
      "Actual Total Time": 127.155,
      "Actual Rows": 1,
      "Actual Loops": 1,
      "Plans": [
        {
          "Node Type": "Gather",
          "Parent Relationship": "Outer",
          "Parallel Aware": false,
          "Startup Cost": 46921.41,
          "Total Cost": 46921.82,
          "Plan Rows": 4,
          "Plan Width": 8,
          "Actual Startup Time": 112.812,
          "Actual Total Time": 127.147,
          "Actual Rows": 5,
          "Actual Loops": 1,
          "Workers Planned": 4,
          "Workers Launched": 4,
          "Single Copy": false,
          "Plans": [
            {
              "Node Type": "Aggregate",
              "Strategy": "Plain",
              "Partial Mode": "Partial",
              "Parent Relationship": "Outer",
              "Parallel Aware": false,
              "Startup Cost": 45921.41,
              "Total Cost": 45921.42,
              "Plan Rows": 1,
              "Plan Width": 8,
              "Actual Startup Time": 103.134,
              "Actual Total Time": 103.135,
              "Actual Rows": 1,
              "Actual Loops": 5,
              "Plans": [
                {
                  "Node Type": "Seq Scan",
                  "Parent Relationship": "Outer",
                  "Parallel Aware": true,
                  "Relation Name": "title",
                  "Alias": "t",
                  "Startup Cost": 0.0,
                  "Total Cost": 45479.59,
                  "Plan Rows": 176731,
                  "Plan Width": 0,
                  "Actual Startup Time": 0.056,
                  "Actual Total Time": 95.608,
                  "Actual Rows": 118886,
                  "Actual Loops": 5,
                  "Filter": "((kind_id > 3) AND (production_year < 2001))",
                  "Rows Removed by Filter": 386777
                }
              ]
            }
          ]
        }
      ]
    },
    "Planning Time": 0.198,
    "Triggers": [],
    "Execution Time": 127.218
  }
]