[
  {
    "Plan": {
      "Node Type": "Aggregate",
      "Strategy": "Plain",
      "Partial Mode": "Finalize",
      "Parallel Aware": false,
      "Startup Cost": 46921.45,
      "Total Cost": 46921.46,
      "Plan Rows": 1,
      "Plan Width": 8,
      "Actual Startup Time": 103.608,
      "Actual Total Time": 117.106,
      "Actual Rows": 1,
      "Actual Loops": 1,
      "Plans": [
        {
          "Node Type": "Gather",
          "Parent Relationship": "Outer",
          "Parallel Aware": false,
          "Startup Cost": 46921.03,
          "Total Cost": 46921.44,
          "Plan Rows": 4,
          "Plan Width": 8,
          "Actual Startup Time": 103.329,
          "Actual Total Time": 117.097,
          "Actual Rows": 5,
          "Actual Loops": 1,
          "Workers Planned": 4,
          "Workers Launched": 4,
          "Single Copy": false,
          "Plans": [
            {
              "Node Type": "Aggregate",
              "Strategy": "Plain",
              "Partial Mode": "Partial",
              "Parent Relationship": "Outer",
              "Parallel Aware": false,
              "Startup Cost": 45921.03,
              "Total Cost": 45921.04,
              "Plan Rows": 1,
              "Plan Width": 8,
              "Actual Startup Time": 94.023,
              "Actual Total Time": 94.024,
              "Actual Rows": 1,
              "Actual Loops": 5,
              "Plans": [
                {
                  "Node Type": "Seq Scan",
                  "Parent Relationship": "Outer",
                  "Parallel Aware": true,
                  "Relation Name": "title",
                  "Alias": "t",
                  "Startup Cost": 0.0,
                  "Total Cost": 45479.1,
                  "Plan Rows": 176772,
                  "Plan Width": 0,
                  "Actual Startup Time": 0.047,
                  "Actual Total Time": 86.844,
                  "Actual Rows": 118886,
                  "Actual Loops": 5,
                  "Filter": "((kind_id > 3) AND (production_year < 2001))",
                  "Rows Removed by Filter": 386777
                }
              ]
            }
          ]
        }
      ]
    },
    "Planning Time": 0.162,
    "Triggers": [],
    "Execution Time": 117.159
  }
]