[
  {
    "Plan": {
      "Node Type": "Aggregate",
      "Strategy": "Plain",
      "Partial Mode": "Finalize",
      "Parallel Aware": false,
      "Startup Cost": 131496.31,
      "Total Cost": 131496.32,
      "Plan Rows": 1,
      "Plan Width": 8,
      "Actual Startup Time": 828.139,
      "Actual Total Time": 848.718,
      "Actual Rows": 1,
      "Actual Loops": 1,
      "Plans": [
        {
          "Node Type": "Gather",
          "Parent Relationship": "Outer",
          "Parallel Aware": false,
          "Startup Cost": 131495.99,
          "Total Cost": 131496.3,
          "Plan Rows": 3,
          "Plan Width": 8,
          "Actual Startup Time": 822.556,
          "Actual Total Time": 848.709,
          "Actual Rows": 4,
          "Actual Loops": 1,
          "Workers Planned": 3,
          "Workers Launched": 3,
          "Single Copy": false,
          "Plans": [
            {
              "Node Type": "Aggregate",
              "Strategy": "Plain",
              "Partial Mode": "Partial",
              "Parent Relationship": "Outer",
              "Parallel Aware": false,
              "Startup Cost": 130495.99,
              "Total Cost": 130496.0,
              "Plan Rows": 1,
              "Plan Width": 8,
              "Actual Startup Time": 803.789,
              "Actual Total Time": 803.886,
              "Actual Rows": 1,
              "Actual Loops": 4,
              "Plans": [
                {
                  "Node Type": "Hash Join",
                  "Parent Relationship": "Outer",
                  "Parallel Aware": true,
                  "Join Type": "Inner",
                  "Startup Cost": 83967.57,
                  "Total Cost": 129884.67,
                  "Plan Rows": 244529,
                  "Plan Width": 0,
                  "Actual Startup Time": 427.657,
                  "Actual Total Time": 726.289,
                  "Actual Rows": 2016332,
                  "Actual Loops": 4,
                  "Inner Unique": false,
                  "Hash Cond": "(mk.movie_id = t.id)",
                  "Plans": [
                    {
                      "Node Type": "Seq Scan",
                      "Parent Relationship": "Outer",
                      "Parallel Aware": true,
                      "Relation Name": "movie_keyword",
                      "Alias": "mk",
                      "Startup Cost": 0.0,
                      "Total Cost": 42695.65,
                      "Plan Rows": 696032,
                      "Plan Width": 4,
                      "Actual Startup Time": 0.03,
                      "Actual Total Time": 100.298,
                      "Actual Rows": 540488,
                      "Actual Loops": 4,
                      "Filter": "(keyword_id < 4134)",
                      "Rows Removed by Filter": 590494
                    },
                    {
                      "Node Type": "Hash",
                      "Parent Relationship": "Inner",
                      "Parallel Aware": true,
                      "Startup Cost": 81191.84,
                      "Total Cost": 81191.84,
                      "Plan Rows": 222059,
                      "Plan Width": 8,
                      "Actual Startup Time": 420.217,
                      "Actual Total Time": 420.313,
                      "Actual Rows": 176727,
                      "Actual Loops": 4,
                      "Hash Buckets": 1048576,
                      "Original Hash Buckets": 1048576,
                      "Hash Batches": 1,
                      "Original Hash Batches": 1,
                      "Peak Memory Usage": 35904,
                      "Plans": [
                        {
                          "Node Type": "Hash Join",
                          "Parent Relationship": "Outer",
                          "Parallel Aware": true,
                          "Join Type": "Inner",
                          "Startup Cost": 34996.42,
                          "Total Cost": 81191.84,
                          "Plan Rows": 222059,
                          "Plan Width": 8,
                          "Actual Startup Time": 133.868,
                          "Actual Total Time": 373.78,
                          "Actual Rows": 176727,
                          "Actual Loops": 4,
                          "Inner Unique": false,
                          "Hash Cond": "(t.id = mc.movie_id)",
                          "Plans": [
                            {
                              "Node Type": "Seq Scan",
                              "Parent Relationship": "Outer",
                              "Parallel Aware": true,
                              "Relation Name": "title",
                              "Alias": "t",
                              "Startup Cost": 0.0,
                              "Total Cost": 42318.73,
                              "Plan Rows": 632073,
                              "Plan Width": 4,
                              "Actual Startup Time": 0.009,
                              "Actual Total Time": 73.182,
                              "Actual Rows": 632078,
                              "Actual Loops": 4
                            },
                            {
                              "Node Type": "Hash",
                              "Parent Relationship": "Inner",
                              "Parallel Aware": true,
                              "Startup Cost": 31414.82,
                              "Total Cost": 31414.82,
                              "Plan Rows": 286528,
                              "Plan Width": 4,
                              "Actual Startup Time": 130.969,
                              "Actual Total Time": 130.97,
                              "Actual Rows": 176727,
                              "Actual Loops": 4,
                              "Hash Buckets": 1048576,
                              "Original Hash Buckets": 1048576,
                              "Hash Batches": 1,
                              "Original Hash Batches": 1,
                              "Peak Memory Usage": 35872,
                              "Plans": [
                                {
                                  "Node Type": "Seq Scan",
                                  "Parent Relationship": "Outer",
                                  "Parallel Aware": true,
                                  "Relation Name": "movie_companies",
                                  "Alias": "mc",
                                  "Startup Cost": 0.0,
                                  "Total Cost": 31414.82,
                                  "Plan Rows": 286528,
                                  "Plan Width": 4,
                                  "Actual Startup Time": 1.285,
                                  "Actual Total Time": 78.992,
                                  "Actual Rows": 176727,
                                  "Actual Loops": 4,
                                  "Filter": "((company_id > 1736) AND (company_type_id = 1))",
                                  "Rows Removed by Filter": 475555
                                }
                              ]
                            }
                          ]
                        }
                      ]
                    }
                  ]
                }
              ]
            }
          ]
        }
      ]
    },
    "Planning Time": 1.414,
    "Triggers": [],
    "Execution Time": 848.803
  }
]