[
  {
    "Plan": {
      "Node Type": "Aggregate",
      "Strategy": "Plain",
      "Partial Mode": "Finalize",
      "Parallel Aware": false,
      "Startup Cost": 99606.68,
      "Total Cost": 99606.69,
      "Plan Rows": 1,
      "Plan Width": 8,
      "Actual Startup Time": 571.577,
      "Actual Total Time": 587.714,
      "Actual Rows": 1,
      "Actual Loops": 1,
      "Plans": [
        {
          "Node Type": "Gather",
          "Parent Relationship": "Outer",
          "Parallel Aware": false,
          "Startup Cost": 99606.47,
          "Total Cost": 99606.68,
          "Plan Rows": 2,
          "Plan Width": 8,
          "Actual Startup Time": 568.862,
          "Actual Total Time": 587.705,
          "Actual Rows": 3,
          "Actual Loops": 1,
          "Workers Planned": 2,
          "Workers Launched": 2,
          "Single Copy": false,
          "Plans": [
            {
              "Node Type": "Aggregate",
              "Strategy": "Plain",
              "Partial Mode": "Partial",
              "Parent Relationship": "Outer",
              "Parallel Aware": false,
              "Startup Cost": 98606.47,
              "Total Cost": 98606.48,
              "Plan Rows": 1,
              "Plan Width": 8,
              "Actual Startup Time": 560.357,
              "Actual Total Time": 560.362,
              "Actual Rows": 1,
              "Actual Loops": 3,
              "Plans": [
                {
                  "Node Type": "Hash Join",
                  "Parent Relationship": "Outer",
                  "Parallel Aware": true,
                  "Join Type": "Inner",
                  "Startup Cost": 81600.22,
                  "Total Cost": 98382.7,
                  "Plan Rows": 89509,
                  "Plan Width": 0,
                  "Actual Startup Time": 461.16,
                  "Actual Total Time": 555.927,
                  "Actual Rows": 112252,
                  "Actual Loops": 3,
                  "Inner Unique": false,
                  "Hash Cond": "(mi_idx.movie_id = t.id)",
                  "Plans": [
                    {
                      "Node Type": "Seq Scan",
                      "Parent Relationship": "Outer",
                      "Parallel Aware": true,
                      "Relation Name": "movie_info_idx",
                      "Alias": "mi_idx",
                      "Startup Cost": 0.0,
                      "Total Cost": 15122.68,
                      "Plan Rows": 382940,
                      "Plan Width": 4,
                      "Actual Startup Time": 0.028,
                      "Actual Total Time": 41.138,
                      "Actual Rows": 306617,
                      "Actual Loops": 3,
                      "Filter": "(info_type_id < 101)",
                      "Rows Removed by Filter": 153395
                    },
                    {
                      "Node Type": "Hash",
                      "Parent Relationship": "Inner",
                      "Parallel Aware": true,
                      "Startup Cost": 79753.44,
                      "Total Cost": 79753.44,
                      "Plan Rows": 147742,
                      "Plan Width": 8,
                      "Actual Startup Time": 454.39,
                      "Actual Total Time": 454.394,
                      "Actual Rows": 126064,
                      "Actual Loops": 3,
                      "Hash Buckets": 1048576,
                      "Original Hash Buckets": 1048576,
                      "Hash Batches": 1,
                      "Original Hash Batches": 1,
                      "Peak Memory Usage": 23040,
                      "Plans": [
                        {
                          "Node Type": "Hash Join",
                          "Parent Relationship": "Outer",
                          "Parallel Aware": true,
                          "Join Type": "Inner",
                          "Startup Cost": 33797.76,
                          "Total Cost": 79753.44,
                          "Plan Rows": 147742,
                          "Plan Width": 8,
                          "Actual Startup Time": 143.282,
                          "Actual Total Time": 407.962,
                          "Actual Rows": 126064,
                          "Actual Loops": 3,
                          "Inner Unique": false,
                          "Hash Cond": "(t.id = mc.movie_id)",
                          "Plans": [
                            {
                              "Node Type": "Seq Scan",
                              "Parent Relationship": "Outer",
                              "Parallel Aware": true,
                              "Relation Name": "title",
                              "Alias": "t",
                              "Startup Cost": 0.0,
                              "Total Cost": 42318.73,
                              "Plan Rows": 632073,
                              "Plan Width": 4,
                              "Actual Startup Time": 0.009,
                              "Actual Total Time": 90.871,
                              "Actual Rows": 842771,
                              "Actual Loops": 3
                            },
                            {
                              "Node Type": "Hash",
                              "Parent Relationship": "Inner",
                              "Parallel Aware": true,
                              "Startup Cost": 31414.82,
                              "Total Cost": 31414.82,
                              "Plan Rows": 190635,
                              "Plan Width": 4,
                              "Actual Startup Time": 139.538,
                              "Actual Total Time": 139.539,
                              "Actual Rows": 126064,
                              "Actual Loops": 3,
                              "Hash Buckets": 1048576,
                              "Original Hash Buckets": 1048576,
                              "Hash Batches": 1,
                              "Original Hash Batches": 1,
                              "Peak Memory Usage": 23040,
                              "Plans": [
                                {
                                  "Node Type": "Seq Scan",
                                  "Parent Relationship": "Outer",
                                  "Parallel Aware": true,
                                  "Relation Name": "movie_companies",
                                  "Alias": "mc",
                                  "Startup Cost": 0.0,
                                  "Total Cost": 31414.82,
                                  "Plan Rows": 190635,
                                  "Plan Width": 4,
                                  "Actual Startup Time": 55.522,
                                  "Actual Total Time": 95.986,
                                  "Actual Rows": 126064,
                                  "Actual Loops": 3,
                                  "Filter": "((company_id < 9471) AND (company_type_id = 2))",
                                  "Rows Removed by Filter": 743646
                                }
                              ]
                            }
                          ]
                        }
                      ]
                    }
                  ]
                }
              ]
            }
          ]
        }
      ]
    },
    "Planning Time": 1.583,
    "Triggers": [],
    "Execution Time": 587.808
  }
]