[
    {
        "Bao": {
            "Bao prediction": "NaN",
            "Bao recommended hint": "(no hint)"
        }
    },
    {
        "Plan": {
            "Node Type": "Aggregate",
            "Strategy": "Plain",
            "Partial Mode": "Finalize",
            "Parallel Aware": false,
            "Startup Cost": 39415.97,
            "Total Cost": 39415.98,
            "Plan Rows": 1,
            "Plan Width": 8,
            "Actual Startup Time": 120.727,
            "Actual Total Time": 126.055,
            "Actual Rows": 1,
            "Actual Loops": 1,
            "Output": [
                "count(*)"
            ],
            "Plans": [
                {
                    "Node Type": "Gather",
                    "Parent Relationship": "Outer",
                    "Parallel Aware": false,
                    "Startup Cost": 39415.65,
                    "Total Cost": 39415.96,
                    "Plan Rows": 3,
                    "Plan Width": 8,
                    "Actual Startup Time": 120.476,
                    "Actual Total Time": 126.047,
                    "Actual Rows": 4,
                    "Actual Loops": 1,
                    "Output": [
                        "(PARTIAL count(*))"
                    ],
                    "Workers Planned": 3,
                    "Workers Launched": 3,
                    "Single Copy": false,
                    "Plans": [
                        {
                            "Node Type": "Aggregate",
                            "Strategy": "Plain",
                            "Partial Mode": "Partial",
                            "Parent Relationship": "Outer",
                            "Parallel Aware": false,
                            "Startup Cost": 38415.65,
                            "Total Cost": 38415.66,
                            "Plan Rows": 1,
                            "Plan Width": 8,
                            "Actual Startup Time": 111.795,
                            "Actual Total Time": 111.797,
                            "Actual Rows": 1,
                            "Actual Loops": 4,
                            "Output": [
                                "PARTIAL count(*)"
                            ],
                            "Workers": [
                                {
                                    "Worker Number": 0,
                                    "Actual Startup Time": 108.787,
                                    "Actual Total Time": 108.789,
                                    "Actual Rows": 1,
                                    "Actual Loops": 1
                                },
                                {
                                    "Worker Number": 1,
                                    "Actual Startup Time": 109.108,
                                    "Actual Total Time": 109.11,
                                    "Actual Rows": 1,
                                    "Actual Loops": 1
                                },
                                {
                                    "Worker Number": 2,
                                    "Actual Startup Time": 109.371,
                                    "Actual Total Time": 109.373,
                                    "Actual Rows": 1,
                                    "Actual Loops": 1
                                }
                            ],
                            "Plans": [
                                {
                                    "Node Type": "Bitmap Heap Scan",
                                    "Parent Relationship": "Outer",
                                    "Parallel Aware": true,
                                    "Relation Name": "movie_keyword",
                                    "Schema": "public",
                                    "Alias": "mk",
                                    "Startup Cost": 11369.0,
                                    "Total Cost": 37983.54,
                                    "Plan Rows": 172844,
                                    "Plan Width": 0,
                                    "Actual Startup Time": 36.969,
                                    "Actual Total Time": 103.731,
                                    "Actual Rows": 131520,
                                    "Actual Loops": 4,
                                    "Recheck Cond": "(mk.keyword_id > 34546)",
                                    "Rows Removed by Index Recheck": 0,
                                    "Exact Heap Blocks": 11180,
                                    "Lossy Heap Blocks": 0,
                                    "Workers": [
                                        {
                                            "Worker Number": 0,
                                            "Actual Startup Time": 34.044,
                                            "Actual Total Time": 101.457,
                                            "Actual Rows": 82454,
                                            "Actual Loops": 1
                                        },
                                        {
                                            "Worker Number": 1,
                                            "Actual Startup Time": 34.493,
                                            "Actual Total Time": 101.889,
                                            "Actual Rows": 109942,
                                            "Actual Loops": 1
                                        },
                                        {
                                            "Worker Number": 2,
                                            "Actual Startup Time": 34.607,
                                            "Actual Total Time": 102.063,
                                            "Actual Rows": 80983,
                                            "Actual Loops": 1
                                        }
                                    ],
                                    "Plans": [
                                        {
                                            "Node Type": "Bitmap Index Scan",
                                            "Parent Relationship": "Outer",
                                            "Parallel Aware": false,
                                            "Index Name": "keyword_id_movie_keyword",
                                            "Startup Cost": 0.0,
                                            "Total Cost": 11235.05,
                                            "Plan Rows": 535815,
                                            "Plan Width": 0,
                                            "Actual Startup Time": 41.385,
                                            "Actual Total Time": 41.386,
                                            "Actual Rows": 526079,
                                            "Actual Loops": 1,
                                            "Index Cond": "(mk.keyword_id > 34546)"
                                        }
                                    ]
                                }
                            ]
                        }
                    ]
                }
            ]
        },
        "Planning Time": 199.012,
        "Triggers": [],
        "Execution Time": 126.159
    }
]