[
  {
    "Plan": {
      "Node Type": "Aggregate",
      "Strategy": "Plain",
      "Partial Mode": "Finalize",
      "Parallel Aware": false,
      "Startup Cost": 77058.86,
      "Total Cost": 77058.87,
      "Plan Rows": 1,
      "Plan Width": 8,
      "Actual Startup Time": 208.679,
      "Actual Total Time": 223.934,
      "Actual Rows": 1,
      "Actual Loops": 1,
      "Plans": [
        {
          "Node Type": "Gather",
          "Parent Relationship": "Outer",
          "Parallel Aware": false,
          "Startup Cost": 77058.55,
          "Total Cost": 77058.86,
          "Plan Rows": 3,
          "Plan Width": 8,
          "Actual Startup Time": 208.454,
          "Actual Total Time": 223.917,
          "Actual Rows": 4,
          "Actual Loops": 1,
          "Workers Planned": 3,
          "Workers Launched": 3,
          "Single Copy": false,
          "Plans": [
            {
              "Node Type": "Aggregate",
              "Strategy": "Plain",
              "Partial Mode": "Partial",
              "Parent Relationship": "Outer",
              "Parallel Aware": false,
              "Startup Cost": 76058.55,
              "Total Cost": 76058.56,
              "Plan Rows": 1,
              "Plan Width": 8,
              "Actual Startup Time": 199.934,
              "Actual Total Time": 199.937,
              "Actual Rows": 1,
              "Actual Loops": 4,
              "Plans": [
                {
                  "Node Type": "Hash Join",
                  "Parent Relationship": "Outer",
                  "Parallel Aware": true,
                  "Join Type": "Inner",
                  "Startup Cost": 45608.6,
                  "Total Cost": 76041.04,
                  "Plan Rows": 7004,
                  "Plan Width": 0,
                  "Actual Startup Time": 132.053,
                  "Actual Total Time": 199.468,
                  "Actual Rows": 8262,
                  "Actual Loops": 4,
                  "Inner Unique": true,
                  "Hash Cond": "(mc.movie_id = t.id)",
                  "Plans": [
                    {
                      "Node Type": "Seq Scan",
                      "Parent Relationship": "Outer",
                      "Parallel Aware": true,
                      "Relation Name": "movie_companies",
                      "Alias": "mc",
                      "Startup Cost": 0.0,
                      "Total Cost": 29310.68,
                      "Plan Rows": 427336,
                      "Plan Width": 4,
                      "Actual Startup Time": 30.323,
                      "Actual Total Time": 68.191,
                      "Actual Rows": 333721,
                      "Actual Loops": 4,
                      "Filter": "(company_type_id > 1)",
                      "Rows Removed by Filter": 318562
                    },
                    {
                      "Node Type": "Hash",
                      "Parent Relationship": "Inner",
                      "Parallel Aware": true,
                      "Startup Cost": 45479.1,
                      "Total Cost": 45479.1,
                      "Plan Rows": 10360,
                      "Plan Width": 4,
                      "Actual Startup Time": 100.055,
                      "Actual Total Time": 100.055,
                      "Actual Rows": 7445,
                      "Actual Loops": 4,
                      "Hash Buckets": 65536,
                      "Original Hash Buckets": 65536,
                      "Hash Batches": 1,
                      "Original Hash Batches": 1,
                      "Peak Memory Usage": 1728,
                      "Plans": [
                        {
                          "Node Type": "Seq Scan",
                          "Parent Relationship": "Outer",
                          "Parallel Aware": true,
                          "Relation Name": "title",
                          "Alias": "t",
                          "Startup Cost": 0.0,
                          "Total Cost": 45479.1,
                          "Plan Rows": 10360,
                          "Plan Width": 4,
                          "Actual Startup Time": 0.344,
                          "Actual Total Time": 96.434,
                          "Actual Rows": 7445,
                          "Actual Loops": 4,
                          "Filter": "((kind_id < 4) AND (production_year = 2008))",
                          "Rows Removed by Filter": 624633
                        }
                      ]
                    }
                  ]
                }
              ]
            }
          ]
        }
      ]
    },
    "Planning Time": 0.642,
    "Triggers": [],
    "Execution Time": 224.0
  }
]