[
  {
    "Plan": {
      "Node Type": "Aggregate",
      "Strategy": "Plain",
      "Partial Mode": "Finalize",
      "Parallel Aware": false,
      "Startup Cost": 82206.43,
      "Total Cost": 82206.44,
      "Plan Rows": 1,
      "Plan Width": 8,
      "Actual Startup Time": 317.994,
      "Actual Total Time": 330.433,
      "Actual Rows": 1,
      "Actual Loops": 1,
      "Plans": [
        {
          "Node Type": "Gather",
          "Parent Relationship": "Outer",
          "Parallel Aware": false,
          "Startup Cost": 82206.01,
          "Total Cost": 82206.42,
          "Plan Rows": 4,
          "Plan Width": 8,
          "Actual Startup Time": 314.658,
          "Actual Total Time": 330.404,
          "Actual Rows": 5,
          "Actual Loops": 1,
          "Workers Planned": 4,
          "Workers Launched": 4,
          "Single Copy": false,
          "Plans": [
            {
              "Node Type": "Aggregate",
              "Strategy": "Plain",
              "Partial Mode": "Partial",
              "Parent Relationship": "Outer",
              "Parallel Aware": false,
              "Startup Cost": 81206.01,
              "Total Cost": 81206.02,
              "Plan Rows": 1,
              "Plan Width": 8,
              "Actual Startup Time": 305.179,
              "Actual Total Time": 305.183,
              "Actual Rows": 1,
              "Actual Loops": 5,
              "Plans": [
                {
                  "Node Type": "Hash Join",
                  "Parent Relationship": "Outer",
                  "Parallel Aware": true,
                  "Join Type": "Inner",
                  "Startup Cost": 34597.18,
                  "Total Cost": 80712.75,
                  "Plan Rows": 197306,
                  "Plan Width": 0,
                  "Actual Startup Time": 132.653,
                  "Actual Total Time": 299.584,
                  "Actual Rows": 114742,
                  "Actual Loops": 5,
                  "Inner Unique": false,
                  "Hash Cond": "(t.id = mc.movie_id)",
                  "Plans": [
                    {
                      "Node Type": "Seq Scan",
                      "Parent Relationship": "Outer",
                      "Parallel Aware": true,
                      "Relation Name": "title",
                      "Alias": "t",
                      "Startup Cost": 0.0,
                      "Total Cost": 42318.73,
                      "Plan Rows": 632073,
                      "Plan Width": 4,
                      "Actual Startup Time": 0.011,
                      "Actual Total Time": 63.326,
                      "Actual Rows": 505662,
                      "Actual Loops": 5
                    },
                    {
                      "Node Type": "Hash",
                      "Parent Relationship": "Inner",
                      "Parallel Aware": true,
                      "Startup Cost": 31414.82,
                      "Total Cost": 31414.82,
                      "Plan Rows": 254589,
                      "Plan Width": 4,
                      "Actual Startup Time": 115.095,
                      "Actual Total Time": 115.096,
                      "Actual Rows": 114742,
                      "Actual Loops": 5,
                      "Hash Buckets": 1048576,
                      "Original Hash Buckets": 1048576,
                      "Hash Batches": 1,
                      "Original Hash Batches": 1,
                      "Peak Memory Usage": 30720,
                      "Plans": [
                        {
                          "Node Type": "Seq Scan",
                          "Parent Relationship": "Outer",
                          "Parallel Aware": true,
                          "Relation Name": "movie_companies",
                          "Alias": "mc",
                          "Startup Cost": 0.0,
                          "Total Cost": 31414.82,
                          "Plan Rows": 254589,
                          "Plan Width": 4,
                          "Actual Startup Time": 6.091,
                          "Actual Total Time": 71.015,
                          "Actual Rows": 114742,
                          "Actual Loops": 5,
                          "Filter": "((company_id > 4775) AND (company_type_id < 2))",
                          "Rows Removed by Filter": 407084
                        }
                      ]
                    }
                  ]
                }
              ]
            }
          ]
        }
      ]
    },
    "Planning Time": 0.657,
    "Triggers": [],
    "Execution Time": 330.509
  }
]