[
  {
    "Plan": {
      "Node Type": "Aggregate",
      "Strategy": "Plain",
      "Partial Mode": "Finalize",
      "Parallel Aware": false,
      "Startup Cost": 338571.17,
      "Total Cost": 338571.18,
      "Plan Rows": 1,
      "Plan Width": 8,
      "Actual Startup Time": 777.299,
      "Actual Total Time": 825.617,
      "Actual Rows": 1,
      "Actual Loops": 1,
      "Plans": [
        {
          "Node Type": "Gather",
          "Parent Relationship": "Outer",
          "Parallel Aware": false,
          "Startup Cost": 338570.55,
          "Total Cost": 338571.16,
          "Plan Rows": 6,
          "Plan Width": 8,
          "Actual Startup Time": 777.131,
          "Actual Total Time": 825.605,
          "Actual Rows": 7,
          "Actual Loops": 1,
          "Workers Planned": 6,
          "Workers Launched": 6,
          "Single Copy": false,
          "Plans": [
            {
              "Node Type": "Aggregate",
              "Strategy": "Plain",
              "Partial Mode": "Partial",
              "Parent Relationship": "Outer",
              "Parallel Aware": false,
              "Startup Cost": 337570.55,
              "Total Cost": 337570.56,
              "Plan Rows": 1,
              "Plan Width": 8,
              "Actual Startup Time": 770.604,
              "Actual Total Time": 770.606,
              "Actual Rows": 1,
              "Actual Loops": 7,
              "Plans": [
                {
                  "Node Type": "Seq Scan",
                  "Parent Relationship": "Outer",
                  "Parallel Aware": true,
                  "Relation Name": "cast_info",
                  "Alias": "ci",
                  "Startup Cost": 0.0,
                  "Total Cost": 328211.39,
                  "Plan Rows": 3743662,
                  "Plan Width": 0,
                  "Actual Startup Time": 155.583,
                  "Actual Total Time": 616.613,
                  "Actual Rows": 3187139,
                  "Actual Loops": 7,
                  "Filter": "(person_id > 1373150)",
                  "Rows Removed by Filter": 1990625
                }
              ]
            }
          ]
        }
      ]
    },
    "Planning Time": 0.208,
    "Triggers": [],
    "Execution Time": 825.692
  }
]