[
  {
    "Plan": {
      "Node Type": "Aggregate",
      "Strategy": "Plain",
      "Partial Mode": "Finalize",
      "Parallel Aware": false,
      "Startup Cost": 17443.29,
      "Total Cost": 17443.3,
      "Plan Rows": 1,
      "Plan Width": 8,
      "Actual Startup Time": 22.299,
      "Actual Total Time": 25.478,
      "Actual Rows": 1,
      "Actual Loops": 1,
      "Plans": [
        {
          "Node Type": "Gather",
          "Parent Relationship": "Outer",
          "Parallel Aware": false,
          "Startup Cost": 17443.07,
          "Total Cost": 17443.28,
          "Plan Rows": 2,
          "Plan Width": 8,
          "Actual Startup Time": 22.104,
          "Actual Total Time": 25.469,
          "Actual Rows": 3,
          "Actual Loops": 1,
          "Workers Planned": 2,
          "Workers Launched": 2,
          "Single Copy": false,
          "Plans": [
            {
              "Node Type": "Aggregate",
              "Strategy": "Plain",
              "Partial Mode": "Partial",
              "Parent Relationship": "Outer",
              "Parallel Aware": false,
              "Startup Cost": 16443.07,
              "Total Cost": 16443.08,
              "Plan Rows": 1,
              "Plan Width": 8,
              "Actual Startup Time": 14.736,
              "Actual Total Time": 14.739,
              "Actual Rows": 1,
              "Actual Loops": 3,
              "Plans": [
                {
                  "Node Type": "Nested Loop",
                  "Parent Relationship": "Outer",
                  "Parallel Aware": false,
                  "Join Type": "Inner",
                  "Startup Cost": 86.6,
                  "Total Cost": 16438.49,
                  "Plan Rows": 1834,
                  "Plan Width": 0,
                  "Actual Startup Time": 9.548,
                  "Actual Total Time": 14.725,
                  "Actual Rows": 36,
                  "Actual Loops": 3,
                  "Inner Unique": false,
                  "Plans": [
                    {
                      "Node Type": "Nested Loop",
                      "Parent Relationship": "Outer",
                      "Parallel Aware": false,
                      "Join Type": "Inner",
                      "Startup Cost": 86.03,
                      "Total Cost": 15758.64,
                      "Plan Rows": 128,
                      "Plan Width": 8,
                      "Actual Startup Time": 9.528,
                      "Actual Total Time": 14.604,
                      "Actual Rows": 1,
                      "Actual Loops": 3,
                      "Inner Unique": true,
                      "Plans": [
                        {
                          "Node Type": "Bitmap Heap Scan",
                          "Parent Relationship": "Outer",
                          "Parallel Aware": true,
                          "Relation Name": "movie_companies",
                          "Alias": "mc",
                          "Startup Cost": 85.6,
                          "Total Cost": 9524.24,
                          "Plan Rows": 782,
                          "Plan Width": 4,
                          "Actual Startup Time": 0.768,
                          "Actual Total Time": 2.284,
                          "Actual Rows": 1236,
                          "Actual Loops": 3,
                          "Recheck Cond": "(company_id = 164)",
                          "Rows Removed by Index Recheck": 0,
                          "Filter": "(company_type_id < 2)",
                          "Rows Removed by Filter": 5,
                          "Exact Heap Blocks": 374,
                          "Lossy Heap Blocks": 0,
                          "Plans": [
                            {
                              "Node Type": "Bitmap Index Scan",
                              "Parent Relationship": "Outer",
                              "Parallel Aware": false,
                              "Index Name": "company_id_movie_companies",
                              "Startup Cost": 0.0,
                              "Total Cost": 85.13,
                              "Plan Rows": 3827,
                              "Plan Width": 0,
                              "Actual Startup Time": 1.868,
                              "Actual Total Time": 1.869,
                              "Actual Rows": 3722,
                              "Actual Loops": 1,
                              "Index Cond": "(company_id = 164)"
                            }
                          ]
                        },
                        {
                          "Node Type": "Index Scan",
                          "Parent Relationship": "Inner",
                          "Parallel Aware": false,
                          "Scan Direction": "Forward",
                          "Index Name": "title_pkey",
                          "Relation Name": "title",
                          "Alias": "t",
                          "Startup Cost": 0.43,
                          "Total Cost": 7.97,
                          "Plan Rows": 1,
                          "Plan Width": 4,
                          "Actual Startup Time": 0.009,
                          "Actual Total Time": 0.009,
                          "Actual Rows": 0,
                          "Actual Loops": 3707,
                          "Index Cond": "(id = mc.movie_id)",
                          "Rows Removed by Index Recheck": 0,
                          "Filter": "(production_year < 1973)",
                          "Rows Removed by Filter": 1
                        }
                      ]
                    },
                    {
                      "Node Type": "Index Only Scan",
                      "Parent Relationship": "Inner",
                      "Parallel Aware": false,
                      "Scan Direction": "Forward",
                      "Index Name": "movie_id_cast_info",
                      "Relation Name": "cast_info",
                      "Alias": "ci",
                      "Startup Cost": 0.56,
                      "Total Cost": 4.93,
                      "Plan Rows": 38,
                      "Plan Width": 4,
                      "Actual Startup Time": 0.024,
                      "Actual Total Time": 0.081,
                      "Actual Rows": 27,
                      "Actual Loops": 4,
                      "Index Cond": "(movie_id = t.id)",
                      "Rows Removed by Index Recheck": 0,
                      "Heap Fetches": 109
                    }
                  ]
                }
              ]
            }
          ]
        }
      ]
    },
    "Planning Time": 1.439,
    "Triggers": [],
    "Execution Time": 25.573
  }
]