[
  {
    "Plan": {
      "Node Type": "Aggregate",
      "Strategy": "Plain",
      "Partial Mode": "Simple",
      "Parallel Aware": false,
      "Startup Cost": 26899.2,
      "Total Cost": 26899.21,
      "Plan Rows": 1,
      "Plan Width": 8,
      "Actual Startup Time": 41.334,
      "Actual Total Time": 41.335,
      "Actual Rows": 1,
      "Actual Loops": 1,
      "Plans": [
        {
          "Node Type": "Bitmap Heap Scan",
          "Parent Relationship": "Outer",
          "Parallel Aware": false,
          "Relation Name": "movie_keyword",
          "Alias": "mk",
          "Startup Cost": 824.85,
          "Total Cost": 26802.29,
          "Plan Rows": 38764,
          "Plan Width": 0,
          "Actual Startup Time": 13.018,
          "Actual Total Time": 38.361,
          "Actual Rows": 31860,
          "Actual Loops": 1,
          "Recheck Cond": "(keyword_id < 38)",
          "Rows Removed by Index Recheck": 0,
          "Exact Heap Blocks": 11423,
          "Lossy Heap Blocks": 0,
          "Plans": [
            {
              "Node Type": "Bitmap Index Scan",
              "Parent Relationship": "Outer",
              "Parallel Aware": false,
              "Index Name": "keyword_id_movie_keyword",
              "Startup Cost": 0.0,
              "Total Cost": 815.16,
              "Plan Rows": 38764,
              "Plan Width": 0,
              "Actual Startup Time": 7.554,
              "Actual Total Time": 7.555,
              "Actual Rows": 31860,
              "Actual Loops": 1,
              "Index Cond": "(keyword_id < 38)"
            }
          ]
        }
      ]
    },
    "Planning Time": 0.237,
    "Triggers": [],
    "Execution Time": 41.39
  }
]