[
  {
    "Bao": {
      "Bao prediction": 2007.764,
      "Bao recommended hint": "SET enable_nestloop TO off; SET enable_mergejoin TO off; SET enable_indexscan TO off; "
    }
  },
  {
    "Plan": {
      "Node Type": "Aggregate",
      "Strategy": "Plain",
      "Partial Mode": "Finalize",
      "Parallel Aware": false,
      "Startup Cost": 338684.67,
      "Total Cost": 338684.68,
      "Plan Rows": 1,
      "Plan Width": 64,
      "Actual Startup Time": 1057.274,
      "Actual Total Time": 1105.906,
      "Actual Rows": 1,
      "Actual Loops": 1,
      "Plans": [
        {
          "Node Type": "Gather",
          "Parent Relationship": "Outer",
          "Parallel Aware": false,
          "Startup Cost": 338684.34,
          "Total Cost": 338684.65,
          "Plan Rows": 3,
          "Plan Width": 64,
          "Actual Startup Time": 1056.731,
          "Actual Total Time": 1105.887,
          "Actual Rows": 4,
          "Actual Loops": 1,
          "Workers Planned": 3,
          "Workers Launched": 3,
          "Single Copy": false,
          "Plans": [
            {
              "Node Type": "Aggregate",
              "Strategy": "Plain",
              "Partial Mode": "Partial",
              "Parent Relationship": "Outer",
              "Parallel Aware": false,
              "Startup Cost": 337684.34,
              "Total Cost": 337684.35,
              "Plan Rows": 1,
              "Plan Width": 64,
              "Actual Startup Time": 1045.523,
              "Actual Total Time": 1045.55,
              "Actual Rows": 1,
              "Actual Loops": 4,
              "Plans": [
                {
                  "Node Type": "Hash Join",
                  "Parent Relationship": "Outer",
                  "Parallel Aware": false,
                  "Join Type": "Inner",
                  "Startup Cost": 293152.42,
                  "Total Cost": 337676.72,
                  "Plan Rows": 1524,
                  "Plan Width": 38,
                  "Actual Startup Time": 876.325,
                  "Actual Total Time": 1045.285,
                  "Actual Rows": 2837,
                  "Actual Loops": 4,
                  "Inner Unique": true,
                  "Hash Cond": "(mk.keyword_id = k.id)",
                  "Plans": [
                    {
                      "Node Type": "Hash Join",
                      "Parent Relationship": "Outer",
                      "Parallel Aware": true,
                      "Join Type": "Inner",
                      "Startup Cost": 289184.59,
                      "Total Cost": 333704.9,
                      "Plan Rows": 1524,
                      "Plan Width": 42,
                      "Actual Startup Time": 822.189,
                      "Actual Total Time": 990.409,
                      "Actual Rows": 2837,
                      "Actual Loops": 4,
                      "Inner Unique": false,
                      "Hash Cond": "(mk.movie_id = t.id)",
                      "Plans": [
                        {
                          "Node Type": "Seq Scan",
                          "Parent Relationship": "Outer",
                          "Parallel Aware": true,
                          "Relation Name": "movie_keyword",
                          "Alias": "mk",
                          "Startup Cost": 0.0,
                          "Total Cost": 39047.32,
                          "Plan Rows": 1459332,
                          "Plan Width": 8,
                          "Actual Startup Time": 0.009,
                          "Actual Total Time": 91.198,
                          "Actual Rows": 1130982,
                          "Actual Loops": 4
                        },
                        {
                          "Node Type": "Hash",
                          "Parent Relationship": "Inner",
                          "Parallel Aware": true,
                          "Startup Cost": 289183.53,
                          "Total Cost": 289183.53,
                          "Plan Rows": 85,
                          "Plan Width": 54,
                          "Actual Startup Time": 818.399,
                          "Actual Total Time": 818.421,
                          "Actual Rows": 219,
                          "Actual Loops": 4,
                          "Hash Buckets": 1024,
                          "Original Hash Buckets": 1024,
                          "Hash Batches": 1,
                          "Original Hash Batches": 1,
                          "Peak Memory Usage": 136,
                          "Plans": [
                            {
                              "Node Type": "Hash Join",
                              "Parent Relationship": "Outer",
                              "Parallel Aware": false,
                              "Join Type": "Inner",
                              "Startup Cost": 284148.68,
                              "Total Cost": 289183.53,
                              "Plan Rows": 85,
                              "Plan Width": 54,
                              "Actual Startup Time": 805.664,
                              "Actual Total Time": 818.268,
                              "Actual Rows": 219,
                              "Actual Loops": 4,
                              "Inner Unique": true,
                              "Hash Cond": "(mc.company_type_id = ct.id)",
                              "Plans": [
                                {
                                  "Node Type": "Hash Join",
                                  "Parent Relationship": "Outer",
                                  "Parallel Aware": true,
                                  "Join Type": "Inner",
                                  "Startup Cost": 284147.59,
                                  "Total Cost": 289181.98,
                                  "Plan Rows": 85,
                                  "Plan Width": 58,
                                  "Actual Startup Time": 805.619,
                                  "Actual Total Time": 818.175,
                                  "Actual Rows": 219,
                                  "Actual Loops": 4,
                                  "Inner Unique": false,
                                  "Hash Cond": "(cn.id = mc.company_id)",
                                  "Plans": [
                                    {
                                      "Node Type": "Seq Scan",
                                      "Parent Relationship": "Outer",
                                      "Parallel Aware": true,
                                      "Relation Name": "company_name",
                                      "Alias": "cn",
                                      "Startup Cost": 0.0,
                                      "Total Cost": 4722.92,
                                      "Plan Rows": 49792,
                                      "Plan Width": 4,
                                      "Actual Startup Time": 0.009,
                                      "Actual Total Time": 9.955,
                                      "Actual Rows": 21211,
                                      "Actual Loops": 4,
                                      "Filter": "((country_code)::text = '[us]'::text)",
                                      "Rows Removed by Filter": 37538
                                    },
                                    {
                                      "Node Type": "Hash",
                                      "Parent Relationship": "Inner",
                                      "Parallel Aware": true,
                                      "Startup Cost": 284145.98,
                                      "Total Cost": 284145.98,
                                      "Plan Rows": 129,
                                      "Plan Width": 62,
                                      "Actual Startup Time": 805.536,
                                      "Actual Total Time": 805.553,
                                      "Actual Rows": 525,
                                      "Actual Loops": 4,
                                      "Hash Buckets": 1024,
                                      "Original Hash Buckets": 1024,
                                      "Hash Batches": 1,
                                      "Original Hash Batches": 1,
                                      "Peak Memory Usage": 232,
                                      "Plans": [
                                        {
                                          "Node Type": "Hash Join",
                                          "Parent Relationship": "Outer",
                                          "Parallel Aware": true,
                                          "Join Type": "Inner",
                                          "Startup Cost": 253783.17,
                                          "Total Cost": 284145.98,
                                          "Plan Rows": 129,
                                          "Plan Width": 62,
                                          "Actual Startup Time": 694.123,
                                          "Actual Total Time": 805.284,
                                          "Actual Rows": 525,
                                          "Actual Loops": 4,
                                          "Inner Unique": false,
                                          "Hash Cond": "(mc.movie_id = t.id)",
                                          "Plans": [
                                            {
                                              "Node Type": "Seq Scan",
                                              "Parent Relationship": "Outer",
                                              "Parallel Aware": true,
                                              "Relation Name": "movie_companies",
                                              "Alias": "mc",
                                              "Startup Cost": 0.0,
                                              "Total Cost": 27206.55,
                                              "Plan Rows": 841655,
                                              "Plan Width": 12,
                                              "Actual Startup Time": 0.019,
                                              "Actual Total Time": 60.88,
                                              "Actual Rows": 652282,
                                              "Actual Loops": 4
                                            },
                                            {
                                              "Node Type": "Hash",
                                              "Parent Relationship": "Inner",
                                              "Parallel Aware": true,
                                              "Startup Cost": 253782.93,
                                              "Total Cost": 253782.93,
                                              "Plan Rows": 19,
                                              "Plan Width": 50,
                                              "Actual Startup Time": 693.531,
                                              "Actual Total Time": 693.543,
                                              "Actual Rows": 146,
                                              "Actual Loops": 4,
                                              "Hash Buckets": 1024,
                                              "Original Hash Buckets": 1024,
                                              "Hash Batches": 1,
                                              "Original Hash Batches": 1,
                                              "Peak Memory Usage": 136,
                                              "Plans": [
                                                {
                                                  "Node Type": "Hash Join",
                                                  "Parent Relationship": "Outer",
                                                  "Parallel Aware": true,
                                                  "Join Type": "Inner",
                                                  "Startup Cost": 208248.53,
                                                  "Total Cost": 253782.93,
                                                  "Plan Rows": 19,
                                                  "Plan Width": 50,
                                                  "Actual Startup Time": 563.906,
                                                  "Actual Total Time": 693.373,
                                                  "Actual Rows": 146,
                                                  "Actual Loops": 4,
                                                  "Inner Unique": false,
                                                  "Hash Cond": "(t.id = at.movie_id)",
                                                  "Plans": [
                                                    {
                                                      "Node Type": "Seq Scan",
                                                      "Parent Relationship": "Outer",
                                                      "Parallel Aware": true,
                                                      "Relation Name": "title",
                                                      "Alias": "t",
                                                      "Startup Cost": 0.0,
                                                      "Total Cost": 43897.41,
                                                      "Plan Rows": 436509,
                                                      "Plan Width": 21,
                                                      "Actual Startup Time": 0.018,
                                                      "Actual Total Time": 99.346,
                                                      "Actual Rows": 437258,
                                                      "Actual Loops": 4,
                                                      "Filter": "(production_year > 1990)",
                                                      "Rows Removed by Filter": 194820
                                                    },
                                                    {
                                                      "Node Type": "Hash",
                                                      "Parent Relationship": "Inner",
                                                      "Parallel Aware": true,
                                                      "Startup Cost": 208247.97,
                                                      "Total Cost": 208247.97,
                                                      "Plan Rows": 45,
                                                      "Plan Width": 29,
                                                      "Actual Startup Time": 562.271,
                                                      "Actual Total Time": 562.281,
                                                      "Actual Rows": 148,
                                                      "Actual Loops": 4,
                                                      "Hash Buckets": 1024,
                                                      "Original Hash Buckets": 1024,
                                                      "Hash Batches": 1,
                                                      "Original Hash Batches": 1,
                                                      "Peak Memory Usage": 136,
                                                      "Plans": [
                                                        {
                                                          "Node Type": "Hash Join",
                                                          "Parent Relationship": "Outer",
                                                          "Parallel Aware": true,
                                                          "Join Type": "Inner",
                                                          "Startup Cost": 199043.62,
                                                          "Total Cost": 208247.97,
                                                          "Plan Rows": 45,
                                                          "Plan Width": 29,
                                                          "Actual Startup Time": 532.123,
                                                          "Actual Total Time": 562.057,
                                                          "Actual Rows": 148,
                                                          "Actual Loops": 4,
                                                          "Inner Unique": false,
                                                          "Hash Cond": "(at.movie_id = mi.movie_id)",
                                                          "Plans": [
                                                            {
                                                              "Node Type": "Seq Scan",
                                                              "Parent Relationship": "Outer",
                                                              "Parallel Aware": true,
                                                              "Relation Name": "aka_title",
                                                              "Alias": "at",
                                                              "Startup Cost": 0.0,
                                                              "Total Cost": 7698.13,
                                                              "Plan Rows": 150613,
                                                              "Plan Width": 25,
                                                              "Actual Startup Time": 0.063,
                                                              "Actual Total Time": 17.85,
                                                              "Actual Rows": 90368,
                                                              "Actual Loops": 4
                                                            },
                                                            {
                                                              "Node Type": "Hash",
                                                              "Parent Relationship": "Inner",
                                                              "Parallel Aware": true,
                                                              "Startup Cost": 199043.35,
                                                              "Total Cost": 199043.35,
                                                              "Plan Rows": 21,
                                                              "Plan Width": 4,
                                                              "Actual Startup Time": 531.702,
                                                              "Actual Total Time": 531.706,
                                                              "Actual Rows": 2670,
                                                              "Actual Loops": 4,
                                                              "Hash Buckets": 16384,
                                                              "Original Hash Buckets": 1024,
                                                              "Hash Batches": 1,
                                                              "Original Hash Batches": 1,
                                                              "Peak Memory Usage": 728,
                                                              "Plans": [
                                                                {
                                                                  "Node Type": "Hash Join",
                                                                  "Parent Relationship": "Outer",
                                                                  "Parallel Aware": false,
                                                                  "Join Type": "Inner",
                                                                  "Startup Cost": 2.43,
                                                                  "Total Cost": 199043.35,
                                                                  "Plan Rows": 21,
                                                                  "Plan Width": 4,
                                                                  "Actual Startup Time": 106.337,
                                                                  "Actual Total Time": 421.742,
                                                                  "Actual Rows": 2670,
                                                                  "Actual Loops": 4,
                                                                  "Inner Unique": true,
                                                                  "Hash Cond": "(mi.info_type_id = it1.id)",
                                                                  "Plans": [
                                                                    {
                                                                      "Node Type": "Seq Scan",
                                                                      "Parent Relationship": "Outer",
                                                                      "Parallel Aware": true,
                                                                      "Relation Name": "movie_info",
                                                                      "Alias": "mi",
                                                                      "Startup Cost": 0.0,
                                                                      "Total Cost": 199034.43,
                                                                      "Plan Rows": 2388,
                                                                      "Plan Width": 8,
                                                                      "Actual Startup Time": 47.472,
                                                                      "Actual Total Time": 420.66,
                                                                      "Actual Rows": 2702,
                                                                      "Actual Loops": 4,
                                                                      "Filter": "(note ~~ '%internet%'::text)",
                                                                      "Rows Removed by Filter": 3706228
                                                                    },
                                                                    {
                                                                      "Node Type": "Hash",
                                                                      "Parent Relationship": "Inner",
                                                                      "Parallel Aware": false,
                                                                      "Startup Cost": 2.41,
                                                                      "Total Cost": 2.41,
                                                                      "Plan Rows": 1,
                                                                      "Plan Width": 4,
                                                                      "Actual Startup Time": 0.039,
                                                                      "Actual Total Time": 0.04,
                                                                      "Actual Rows": 1,
                                                                      "Actual Loops": 4,
                                                                      "Hash Buckets": 1024,
                                                                      "Original Hash Buckets": 1024,
                                                                      "Hash Batches": 1,
                                                                      "Original Hash Batches": 1,
                                                                      "Peak Memory Usage": 9,
                                                                      "Plans": [
                                                                        {
                                                                          "Node Type": "Seq Scan",
                                                                          "Parent Relationship": "Outer",
                                                                          "Parallel Aware": false,
                                                                          "Relation Name": "info_type",
                                                                          "Alias": "it1",
                                                                          "Startup Cost": 0.0,
                                                                          "Total Cost": 2.41,
                                                                          "Plan Rows": 1,
                                                                          "Plan Width": 4,
                                                                          "Actual Startup Time": 0.027,
                                                                          "Actual Total Time": 0.033,
                                                                          "Actual Rows": 1,
                                                                          "Actual Loops": 4,
                                                                          "Filter": "((info)::text = 'release dates'::text)",
                                                                          "Rows Removed by Filter": 112
                                                                        }
                                                                      ]
                                                                    }
                                                                  ]
                                                                }
                                                              ]
                                                            }
                                                          ]
                                                        }
                                                      ]
                                                    }
                                                  ]
                                                }
                                              ]
                                            }
                                          ]
                                        }
                                      ]
                                    }
                                  ]
                                },
                                {
                                  "Node Type": "Hash",
                                  "Parent Relationship": "Inner",
                                  "Parallel Aware": false,
                                  "Startup Cost": 1.04,
                                  "Total Cost": 1.04,
                                  "Plan Rows": 4,
                                  "Plan Width": 4,
                                  "Actual Startup Time": 0.022,
                                  "Actual Total Time": 0.024,
                                  "Actual Rows": 4,
                                  "Actual Loops": 4,
                                  "Hash Buckets": 1024,
                                  "Original Hash Buckets": 1024,
                                  "Hash Batches": 1,
                                  "Original Hash Batches": 1,
                                  "Peak Memory Usage": 9,
                                  "Plans": [
                                    {
                                      "Node Type": "Seq Scan",
                                      "Parent Relationship": "Outer",
                                      "Parallel Aware": false,
                                      "Relation Name": "company_type",
                                      "Alias": "ct",
                                      "Startup Cost": 0.0,
                                      "Total Cost": 1.04,
                                      "Plan Rows": 4,
                                      "Plan Width": 4,
                                      "Actual Startup Time": 0.014,
                                      "Actual Total Time": 0.016,
                                      "Actual Rows": 4,
                                      "Actual Loops": 4
                                    }
                                  ]
                                }
                              ]
                            }
                          ]
                        }
                      ]
                    },
                    {
                      "Node Type": "Hash",
                      "Parent Relationship": "Inner",
                      "Parallel Aware": false,
                      "Startup Cost": 2290.7,
                      "Total Cost": 2290.7,
                      "Plan Rows": 134170,
                      "Plan Width": 4,
                      "Actual Startup Time": 50.69,
                      "Actual Total Time": 50.693,
                      "Actual Rows": 134170,
                      "Actual Loops": 4,
                      "Hash Buckets": 262144,
                      "Original Hash Buckets": 262144,
                      "Hash Batches": 1,
                      "Original Hash Batches": 1,
                      "Peak Memory Usage": 6765,
                      "Plans": [
                        {
                          "Node Type": "Seq Scan",
                          "Parent Relationship": "Outer",
                          "Parallel Aware": false,
                          "Relation Name": "keyword",
                          "Alias": "k",
                          "Startup Cost": 0.0,
                          "Total Cost": 2290.7,
                          "Plan Rows": 134170,
                          "Plan Width": 4,
                          "Actual Startup Time": 0.051,
                          "Actual Total Time": 22.334,
                          "Actual Rows": 134170,
                          "Actual Loops": 4
                        }
                      ]
                    }
                  ]
                }
              ]
            }
          ]
        }
      ]
    },
    "Planning Time": 525.647,
    "Triggers": [],
    "Execution Time": 1106.951
  }
]