[
  {
    "Plan": {
      "Node Type": "Aggregate",
      "Strategy": "Plain",
      "Partial Mode": "Finalize",
      "Parallel Aware": false,
      "Startup Cost": 415680.62,
      "Total Cost": 415680.63,
      "Plan Rows": 1,
      "Plan Width": 8,
      "Actual Startup Time": 1921.165,
      "Actual Total Time": 1978.413,
      "Actual Rows": 1,
      "Actual Loops": 1,
      "Plans": [
        {
          "Node Type": "Gather",
          "Parent Relationship": "Outer",
          "Parallel Aware": false,
          "Startup Cost": 415679.99,
          "Total Cost": 415680.6,
          "Plan Rows": 6,
          "Plan Width": 8,
          "Actual Startup Time": 1912.547,
          "Actual Total Time": 1978.399,
          "Actual Rows": 7,
          "Actual Loops": 1,
          "Workers Planned": 6,
          "Workers Launched": 6,
          "Single Copy": false,
          "Plans": [
            {
              "Node Type": "Aggregate",
              "Strategy": "Plain",
              "Partial Mode": "Partial",
              "Parent Relationship": "Outer",
              "Parallel Aware": false,
              "Startup Cost": 414679.99,
              "Total Cost": 414680.0,
              "Plan Rows": 1,
              "Plan Width": 8,
              "Actual Startup Time": 1903.943,
              "Actual Total Time": 1904.27,
              "Actual Rows": 1,
              "Actual Loops": 7,
              "Plans": [
                {
                  "Node Type": "Hash Join",
                  "Parent Relationship": "Outer",
                  "Parallel Aware": true,
                  "Join Type": "Inner",
                  "Startup Cost": 64903.66,
                  "Total Cost": 412480.45,
                  "Plan Rows": 879818,
                  "Plan Width": 0,
                  "Actual Startup Time": 389.582,
                  "Actual Total Time": 1794.583,
                  "Actual Rows": 2394566,
                  "Actual Loops": 7,
                  "Inner Unique": false,
                  "Hash Cond": "(ci.movie_id = t.id)",
                  "Plans": [
                    {
                      "Node Type": "Seq Scan",
                      "Parent Relationship": "Outer",
                      "Parallel Aware": true,
                      "Relation Name": "cast_info",
                      "Alias": "ci",
                      "Startup Cost": 0.0,
                      "Total Cost": 328211.39,
                      "Plan Rows": 4186530,
                      "Plan Width": 4,
                      "Actual Startup Time": 123.169,
                      "Actual Total Time": 633.142,
                      "Actual Rows": 3574329,
                      "Actual Loops": 7,
                      "Filter": "(person_id > 1101599)",
                      "Rows Removed by Filter": 1603434
                    },
                    {
                      "Node Type": "Hash",
                      "Parent Relationship": "Inner",
                      "Parallel Aware": true,
                      "Startup Cost": 62136.16,
                      "Total Cost": 62136.16,
                      "Plan Rows": 221400,
                      "Plan Width": 8,
                      "Actual Startup Time": 263.923,
                      "Actual Total Time": 264.249,
                      "Actual Rows": 133951,
                      "Actual Loops": 7,
                      "Hash Buckets": 1048576,
                      "Original Hash Buckets": 1048576,
                      "Hash Batches": 1,
                      "Original Hash Batches": 1,
                      "Peak Memory Usage": 44992,
                      "Plans": [
                        {
                          "Node Type": "Hash Join",
                          "Parent Relationship": "Outer",
                          "Parallel Aware": true,
                          "Join Type": "Inner",
                          "Startup Cost": 46941.6,
                          "Total Cost": 62136.16,
                          "Plan Rows": 221400,
                          "Plan Width": 8,
                          "Actual Startup Time": 145.553,
                          "Actual Total Time": 215.757,
                          "Actual Rows": 133951,
                          "Actual Loops": 7,
                          "Inner Unique": true,
                          "Hash Cond": "(mi_idx.movie_id = t.id)",
                          "Plans": [
                            {
                              "Node Type": "Seq Scan",
                              "Parent Relationship": "Outer",
                              "Parallel Aware": true,
                              "Relation Name": "movie_info_idx",
                              "Alias": "mi_idx",
                              "Startup Cost": 0.0,
                              "Total Cost": 13685.15,
                              "Plan Rows": 575015,
                              "Plan Width": 4,
                              "Actual Startup Time": 0.015,
                              "Actual Total Time": 20.785,
                              "Actual Rows": 197148,
                              "Actual Loops": 7
                            },
                            {
                              "Node Type": "Hash",
                              "Parent Relationship": "Inner",
                              "Parallel Aware": true,
                              "Startup Cost": 43899.32,
                              "Total Cost": 43899.32,
                              "Plan Rows": 243382,
                              "Plan Width": 4,
                              "Actual Startup Time": 144.321,
                              "Actual Total Time": 144.323,
                              "Actual Rows": 138921,
                              "Actual Loops": 7,
                              "Hash Buckets": 1048576,
                              "Original Hash Buckets": 1048576,
                              "Hash Batches": 1,
                              "Original Hash Batches": 1,
                              "Peak Memory Usage": 46336,
                              "Plans": [
                                {
                                  "Node Type": "Seq Scan",
                                  "Parent Relationship": "Outer",
                                  "Parallel Aware": true,
                                  "Relation Name": "title",
                                  "Alias": "t",
                                  "Startup Cost": 0.0,
                                  "Total Cost": 43899.32,
                                  "Plan Rows": 243382,
                                  "Plan Width": 4,
                                  "Actual Startup Time": 0.035,
                                  "Actual Total Time": 78.648,
                                  "Actual Rows": 138921,
                                  "Actual Loops": 7,
                                  "Filter": "(kind_id < 6)",
                                  "Rows Removed by Filter": 222266
                                }
                              ]
                            }
                          ]
                        }
                      ]
                    }
                  ]
                }
              ]
            }
          ]
        }
      ]
    },
    "Planning Time": 0.697,
    "Triggers": [],
    "Execution Time": 1978.492
  }
]