{
  "Plan": {
    "Node Type": "Aggregate",
    "Strategy": "Plain",
    "Partial Mode": "Finalize",
    "Parallel Aware": false,
    "Startup Cost": 555639.33,
    "Total Cost": 555639.34,
    "Plan Rows": 1,
    "Plan Width": 8,
    "Actual Startup Time": 729.796,
    "Actual Total Time": 776.419,
    "Actual Rows": 1,
    "Actual Loops": 1,
    "Plans": [
      {
        "Node Type": "Gather",
        "Parent Relationship": "Outer",
        "Parallel Aware": false,
        "Startup Cost": 555639.22,
        "Total Cost": 555639.33,
        "Plan Rows": 1,
        "Plan Width": 8,
        "Actual Startup Time": 729.45,
        "Actual Total Time": 776.409,
        "Actual Rows": 2,
        "Actual Loops": 1,
        "Workers Planned": 1,
        "Workers Launched": 1,
        "Single Copy": false,
        "Plans": [
          {
            "Node Type": "Aggregate",
            "Strategy": "Plain",
            "Partial Mode": "Partial",
            "Parent Relationship": "Outer",
            "Parallel Aware": false,
            "Startup Cost": 554639.22,
            "Total Cost": 554639.23,
            "Plan Rows": 1,
            "Plan Width": 8,
            "Actual Startup Time": 723.202,
            "Actual Total Time": 723.207,
            "Actual Rows": 1,
            "Actual Loops": 2,
            "Plans": [
              {
                "Node Type": "Hash Join",
                "Parent Relationship": "Outer",
                "Parallel Aware": true,
                "Join Type": "Inner",
                "Startup Cost": 470952.36,
                "Total Cost": 554444.46,
                "Plan Rows": 77902,
                "Plan Width": 0,
                "Actual Startup Time": 330.704,
                "Actual Total Time": 681.554,
                "Actual Rows": 832070,
                "Actual Loops": 2,
                "Inner Unique": false,
                "Hash Cond": "(mk.movie_id = t.id)",
                "Plans": [
                  {
                    "Node Type": "Seq Scan",
                    "Parent Relationship": "Outer",
                    "Parallel Aware": true,
                    "Relation Name": "movie_keyword",
                    "Alias": "mk",
                    "Startup Cost": 0.0,
                    "Total Cost": 57718.19,
                    "Plan Rows": 2025254,
                    "Plan Width": 4,
                    "Actual Startup Time": 0.012,
                    "Actual Total Time": 224.392,
                    "Actual Rows": 1720394,
                    "Actual Loops": 2,
                    "Filter": "(keyword_id < 16348)",
                    "Rows Removed by Filter": 541572
                  },
                  {
                    "Node Type": "Hash",
                    "Parent Relationship": "Inner",
                    "Parallel Aware": true,
                    "Startup Cost": 470237.28,
                    "Total Cost": 470237.28,
                    "Plan Rows": 57206,
                    "Plan Width": 8,
                    "Actual Startup Time": 262.521,
                    "Actual Total Time": 262.523,
                    "Actual Rows": 48472,
                    "Actual Loops": 2,
                    "Hash Buckets": 131072,
                    "Original Hash Buckets": 131072,
                    "Hash Batches": 1,
                    "Original Hash Batches": 1,
                    "Peak Memory Usage": 4864,
                    "Plans": [
                      {
                        "Node Type": "Nested Loop",
                        "Parent Relationship": "Outer",
                        "Parallel Aware": false,
                        "Join Type": "Inner",
                        "Startup Cost": 11825.11,
                        "Total Cost": 470237.28,
                        "Plan Rows": 57206,
                        "Plan Width": 8,
                        "Actual Startup Time": 40.06,
                        "Actual Total Time": 247.934,
                        "Actual Rows": 48472,
                        "Actual Loops": 2,
                        "Inner Unique": false,
                        "Plans": [
                          {
                            "Node Type": "Bitmap Heap Scan",
                            "Parent Relationship": "Outer",
                            "Parallel Aware": true,
                            "Relation Name": "title",
                            "Alias": "t",
                            "Startup Cost": 11824.55,
                            "Total Cost": 53674.81,
                            "Plan Rows": 3992,
                            "Plan Width": 4,
                            "Actual Startup Time": 39.888,
                            "Actual Total Time": 93.898,
                            "Actual Rows": 2534,
                            "Actual Loops": 2,
                            "Recheck Cond": "(kind_id < 2)",
                            "Rows Removed by Index Recheck": 0,
                            "Filter": "(production_year = 1993)",
                            "Rows Removed by Filter": 328878,
                            "Exact Heap Blocks": 8756,
                            "Lossy Heap Blocks": 0,
                            "Plans": [
                              {
                                "Node Type": "Bitmap Index Scan",
                                "Parent Relationship": "Outer",
                                "Parallel Aware": false,
                                "Index Name": "kind_id_title",
                                "Startup Cost": 0.0,
                                "Total Cost": 11822.85,
                                "Plan Rows": 663256,
                                "Plan Width": 0,
                                "Actual Startup Time": 40.519,
                                "Actual Total Time": 40.52,
                                "Actual Rows": 662825,
                                "Actual Loops": 1,
                                "Index Cond": "(kind_id < 2)"
                              }
                            ]
                          },
                          {
                            "Node Type": "Index Only Scan",
                            "Parent Relationship": "Inner",
                            "Parallel Aware": false,
                            "Scan Direction": "Forward",
                            "Index Name": "movie_id_cast_info",
                            "Relation Name": "cast_info",
                            "Alias": "ci",
                            "Startup Cost": 0.56,
                            "Total Cost": 103.98,
                            "Plan Rows": 37,
                            "Plan Width": 4,
                            "Actual Startup Time": 0.011,
                            "Actual Total Time": 0.058,
                            "Actual Rows": 19,
                            "Actual Loops": 5068,
                            "Index Cond": "(movie_id = t.id)",
                            "Rows Removed by Index Recheck": 0,
                            "Heap Fetches": 96943
                          }
                        ]
                      }
                    ]
                  }
                ]
              }
            ]
          }
        ]
      }
    ]
  },
  "Planning Time": 0.956,
  "Triggers": [],
  "Execution Time": 776.537
}