[
    {
        "Bao": {
            "Bao prediction": "NaN",
            "Bao recommended hint": "(no hint)"
        }
    },
    {
        "Plan": {
            "Node Type": "Aggregate",
            "Strategy": "Plain",
            "Partial Mode": "Finalize",
            "Parallel Aware": false,
            "Startup Cost": 63518.45,
            "Total Cost": 63518.46,
            "Plan Rows": 1,
            "Plan Width": 8,
            "Actual Startup Time": 20.616,
            "Actual Total Time": 23.922,
            "Actual Rows": 1,
            "Actual Loops": 1,
            "Output": [
                "count(*)"
            ],
            "Plans": [
                {
                    "Node Type": "Gather",
                    "Parent Relationship": "Outer",
                    "Parallel Aware": false,
                    "Startup Cost": 63518.13,
                    "Total Cost": 63518.44,
                    "Plan Rows": 3,
                    "Plan Width": 8,
                    "Actual Startup Time": 20.183,
                    "Actual Total Time": 23.915,
                    "Actual Rows": 4,
                    "Actual Loops": 1,
                    "Output": [
                        "(PARTIAL count(*))"
                    ],
                    "Workers Planned": 3,
                    "Workers Launched": 3,
                    "Single Copy": false,
                    "Plans": [
                        {
                            "Node Type": "Aggregate",
                            "Strategy": "Plain",
                            "Partial Mode": "Partial",
                            "Parent Relationship": "Outer",
                            "Parallel Aware": false,
                            "Startup Cost": 62518.13,
                            "Total Cost": 62518.14,
                            "Plan Rows": 1,
                            "Plan Width": 8,
                            "Actual Startup Time": 11.309,
                            "Actual Total Time": 11.312,
                            "Actual Rows": 1,
                            "Actual Loops": 4,
                            "Output": [
                                "PARTIAL count(*)"
                            ],
                            "Workers": [
                                {
                                    "Worker Number": 0,
                                    "Actual Startup Time": 8.265,
                                    "Actual Total Time": 8.268,
                                    "Actual Rows": 1,
                                    "Actual Loops": 1
                                },
                                {
                                    "Worker Number": 1,
                                    "Actual Startup Time": 8.478,
                                    "Actual Total Time": 8.481,
                                    "Actual Rows": 1,
                                    "Actual Loops": 1
                                },
                                {
                                    "Worker Number": 2,
                                    "Actual Startup Time": 8.578,
                                    "Actual Total Time": 8.581,
                                    "Actual Rows": 1,
                                    "Actual Loops": 1
                                }
                            ],
                            "Plans": [
                                {
                                    "Node Type": "Nested Loop",
                                    "Parent Relationship": "Outer",
                                    "Parallel Aware": false,
                                    "Join Type": "Inner",
                                    "Startup Cost": 786.58,
                                    "Total Cost": 62510.25,
                                    "Plan Rows": 3155,
                                    "Plan Width": 0,
                                    "Actual Startup Time": 3.787,
                                    "Actual Total Time": 11.273,
                                    "Actual Rows": 309,
                                    "Actual Loops": 4,
                                    "Inner Unique": false,
                                    "Workers": [
                                        {
                                            "Worker Number": 0,
                                            "Actual Startup Time": 0.744,
                                            "Actual Total Time": 8.231,
                                            "Actual Rows": 105,
                                            "Actual Loops": 1
                                        },
                                        {
                                            "Worker Number": 1,
                                            "Actual Startup Time": 1.147,
                                            "Actual Total Time": 8.453,
                                            "Actual Rows": 61,
                                            "Actual Loops": 1
                                        },
                                        {
                                            "Worker Number": 2,
                                            "Actual Startup Time": 1.123,
                                            "Actual Total Time": 8.554,
                                            "Actual Rows": 60,
                                            "Actual Loops": 1
                                        }
                                    ],
                                    "Plans": [
                                        {
                                            "Node Type": "Nested Loop",
                                            "Parent Relationship": "Outer",
                                            "Parallel Aware": false,
                                            "Join Type": "Inner",
                                            "Startup Cost": 786.15,
                                            "Total Cost": 53214.54,
                                            "Plan Rows": 5979,
                                            "Plan Width": 8,
                                            "Actual Startup Time": 3.645,
                                            "Actual Total Time": 7.616,
                                            "Actual Rows": 155,
                                            "Actual Loops": 4,
                                            "Output": [
                                                "t.id",
                                                "mc.movie_id"
                                            ],
                                            "Inner Unique": true,
                                            "Workers": [
                                                {
                                                    "Worker Number": 0,
                                                    "Actual Startup Time": 0.578,
                                                    "Actual Total Time": 4.749,
                                                    "Actual Rows": 32,
                                                    "Actual Loops": 1
                                                },
                                                {
                                                    "Worker Number": 1,
                                                    "Actual Startup Time": 0.917,
                                                    "Actual Total Time": 5.151,
                                                    "Actual Rows": 37,
                                                    "Actual Loops": 1
                                                },
                                                {
                                                    "Worker Number": 2,
                                                    "Actual Startup Time": 0.966,
                                                    "Actual Total Time": 5.118,
                                                    "Actual Rows": 39,
                                                    "Actual Loops": 1
                                                }
                                            ],
                                            "Plans": [
                                                {
                                                    "Node Type": "Bitmap Heap Scan",
                                                    "Parent Relationship": "Outer",
                                                    "Parallel Aware": true,
                                                    "Relation Name": "movie_companies",
                                                    "Schema": "public",
                                                    "Alias": "mc",
                                                    "Startup Cost": 785.72,
                                                    "Total Cost": 19901.32,
                                                    "Plan Rows": 5979,
                                                    "Plan Width": 4,
                                                    "Actual Startup Time": 3.494,
                                                    "Actual Total Time": 4.408,
                                                    "Actual Rows": 155,
                                                    "Actual Loops": 4,
                                                    "Output": [
                                                        "mc.id",
                                                        "mc.movie_id",
                                                        "mc.company_id",
                                                        "mc.company_type_id",
                                                        "mc.note"
                                                    ],
                                                    "Recheck Cond": "(mc.company_id = 160)",
                                                    "Rows Removed by Index Recheck": 0,
                                                    "Filter": "(mc.company_type_id = 2)",
                                                    "Rows Removed by Filter": 8879,
                                                    "Exact Heap Blocks": 4215,
                                                    "Lossy Heap Blocks": 0,
                                                    "Workers": [
                                                        {
                                                            "Worker Number": 0,
                                                            "Actual Startup Time": 0.363,
                                                            "Actual Total Time": 1.382,
                                                            "Actual Rows": 32,
                                                            "Actual Loops": 1
                                                        },
                                                        {
                                                            "Worker Number": 1,
                                                            "Actual Startup Time": 0.711,
                                                            "Actual Total Time": 1.675,
                                                            "Actual Rows": 37,
                                                            "Actual Loops": 1
                                                        },
                                                        {
                                                            "Worker Number": 2,
                                                            "Actual Startup Time": 0.802,
                                                            "Actual Total Time": 1.711,
                                                            "Actual Rows": 39,
                                                            "Actual Loops": 1
                                                        }
                                                    ],
                                                    "Plans": [
                                                        {
                                                            "Node Type": "Bitmap Index Scan",
                                                            "Parent Relationship": "Outer",
                                                            "Parallel Aware": false,
                                                            "Index Name": "company_id_movie_companies",
                                                            "Startup Cost": 0.0,
                                                            "Total Cost": 781.08,
                                                            "Plan Rows": 36354,
                                                            "Plan Width": 0,
                                                            "Actual Startup Time": 3.165,
                                                            "Actual Total Time": 3.166,
                                                            "Actual Rows": 36136,
                                                            "Actual Loops": 1,
                                                            "Index Cond": "(mc.company_id = 160)"
                                                        }
                                                    ]
                                                },
                                                {
                                                    "Node Type": "Index Only Scan",
                                                    "Parent Relationship": "Inner",
                                                    "Parallel Aware": false,
                                                    "Scan Direction": "Forward",
                                                    "Index Name": "title_pkey",
                                                    "Relation Name": "title",
                                                    "Schema": "public",
                                                    "Alias": "t",
                                                    "Startup Cost": 0.43,
                                                    "Total Cost": 5.57,
                                                    "Plan Rows": 1,
                                                    "Plan Width": 4,
                                                    "Actual Startup Time": 0.02,
                                                    "Actual Total Time": 0.02,
                                                    "Actual Rows": 1,
                                                    "Actual Loops": 619,
                                                    "Output": [
                                                        "t.id"
                                                    ],
                                                    "Index Cond": "(t.id = mc.movie_id)",
                                                    "Rows Removed by Index Recheck": 0,
                                                    "Heap Fetches": 619,
                                                    "Workers": [
                                                        {
                                                            "Worker Number": 0,
                                                            "Actual Startup Time": 0.102,
                                                            "Actual Total Time": 0.102,
                                                            "Actual Rows": 1,
                                                            "Actual Loops": 32
                                                        },
                                                        {
                                                            "Worker Number": 1,
                                                            "Actual Startup Time": 0.091,
                                                            "Actual Total Time": 0.091,
                                                            "Actual Rows": 1,
                                                            "Actual Loops": 37
                                                        },
                                                        {
                                                            "Worker Number": 2,
                                                            "Actual Startup Time": 0.085,
                                                            "Actual Total Time": 0.085,
                                                            "Actual Rows": 1,
                                                            "Actual Loops": 39
                                                        }
                                                    ]
                                                }
                                            ]
                                        },
                                        {
                                            "Node Type": "Index Scan",
                                            "Parent Relationship": "Inner",
                                            "Parallel Aware": false,
                                            "Scan Direction": "Forward",
                                            "Index Name": "movie_id_movie_keyword",
                                            "Relation Name": "movie_keyword",
                                            "Schema": "public",
                                            "Alias": "mk",
                                            "Startup Cost": 0.43,
                                            "Total Cost": 1.42,
                                            "Plan Rows": 13,
                                            "Plan Width": 4,
                                            "Actual Startup Time": 0.022,
                                            "Actual Total Time": 0.023,
                                            "Actual Rows": 2,
                                            "Actual Loops": 619,
                                            "Output": [
                                                "mk.id",
                                                "mk.movie_id",
                                                "mk.keyword_id"
                                            ],
                                            "Index Cond": "(mk.movie_id = t.id)",
                                            "Rows Removed by Index Recheck": 0,
                                            "Filter": "(mk.keyword_id < 1738)",
                                            "Rows Removed by Filter": 4,
                                            "Workers": [
                                                {
                                                    "Worker Number": 0,
                                                    "Actual Startup Time": 0.1,
                                                    "Actual Total Time": 0.106,
                                                    "Actual Rows": 3,
                                                    "Actual Loops": 32
                                                },
                                                {
                                                    "Worker Number": 1,
                                                    "Actual Startup Time": 0.084,
                                                    "Actual Total Time": 0.087,
                                                    "Actual Rows": 2,
                                                    "Actual Loops": 37
                                                },
                                                {
                                                    "Worker Number": 2,
                                                    "Actual Startup Time": 0.085,
                                                    "Actual Total Time": 0.086,
                                                    "Actual Rows": 2,
                                                    "Actual Loops": 39
                                                }
                                            ]
                                        }
                                    ]
                                }
                            ]
                        }
                    ]
                }
            ]
        },
        "Planning Time": 187.994,
        "Triggers": [],
        "Execution Time": 23.981
    }
]