[
    {
        "Bao": {
            "Bao prediction": 721.27,
            "Bao recommended hint": "SET enable_mergejoin TO off; SET enable_indexscan TO off; "
        }
    },
    {
        "Plan": {
            "Node Type": "Aggregate",
            "Strategy": "Plain",
            "Partial Mode": "Finalize",
            "Parallel Aware": false,
            "Startup Cost": 145779.24,
            "Total Cost": 145779.25,
            "Plan Rows": 1,
            "Plan Width": 64,
            "Actual Startup Time": 1046.048,
            "Actual Total Time": 1112.015,
            "Actual Rows": 1,
            "Actual Loops": 1,
            "Output": [
                "min(chn.name)",
                "min(t.title)"
            ],
            "Plans": [
                {
                    "Node Type": "Gather",
                    "Parent Relationship": "Outer",
                    "Parallel Aware": false,
                    "Startup Cost": 145778.92,
                    "Total Cost": 145779.23,
                    "Plan Rows": 3,
                    "Plan Width": 64,
                    "Actual Startup Time": 1042.489,
                    "Actual Total Time": 1111.997,
                    "Actual Rows": 4,
                    "Actual Loops": 1,
                    "Output": [
                        "(PARTIAL min(chn.name))",
                        "(PARTIAL min(t.title))"
                    ],
                    "Workers Planned": 3,
                    "Workers Launched": 3,
                    "Single Copy": false,
                    "Plans": [
                        {
                            "Node Type": "Aggregate",
                            "Strategy": "Plain",
                            "Partial Mode": "Partial",
                            "Parent Relationship": "Outer",
                            "Parallel Aware": false,
                            "Startup Cost": 144778.92,
                            "Total Cost": 144778.93,
                            "Plan Rows": 1,
                            "Plan Width": 64,
                            "Actual Startup Time": 1031.273,
                            "Actual Total Time": 1031.284,
                            "Actual Rows": 1,
                            "Actual Loops": 4,
                            "Output": [
                                "PARTIAL min(chn.name)",
                                "PARTIAL min(t.title)"
                            ],
                            "Workers": [
                                {
                                    "Worker Number": 0,
                                    "Actual Startup Time": 1027.851,
                                    "Actual Total Time": 1027.86,
                                    "Actual Rows": 1,
                                    "Actual Loops": 1
                                },
                                {
                                    "Worker Number": 1,
                                    "Actual Startup Time": 1028.445,
                                    "Actual Total Time": 1028.453,
                                    "Actual Rows": 1,
                                    "Actual Loops": 1
                                },
                                {
                                    "Worker Number": 2,
                                    "Actual Startup Time": 1027.987,
                                    "Actual Total Time": 1027.996,
                                    "Actual Rows": 1,
                                    "Actual Loops": 1
                                }
                            ],
                            "Plans": [
                                {
                                    "Node Type": "Hash Join",
                                    "Parent Relationship": "Outer",
                                    "Parallel Aware": false,
                                    "Join Type": "Inner",
                                    "Startup Cost": 50402.24,
                                    "Total Cost": 144778.89,
                                    "Plan Rows": 5,
                                    "Plan Width": 33,
                                    "Actual Startup Time": 695.981,
                                    "Actual Total Time": 1031.275,
                                    "Actual Rows": 0,
                                    "Actual Loops": 4,
                                    "Output": [
                                        "chn.name",
                                        "t.title"
                                    ],
                                    "Inner Unique": true,
                                    "Hash Cond": "(ci.role_id = rt.id)",
                                    "Workers": [
                                        {
                                            "Worker Number": 0,
                                            "Actual Startup Time": 487.591,
                                            "Actual Total Time": 1027.847,
                                            "Actual Rows": 1,
                                            "Actual Loops": 1
                                        },
                                        {
                                            "Worker Number": 1,
                                            "Actual Startup Time": 1028.441,
                                            "Actual Total Time": 1028.449,
                                            "Actual Rows": 0,
                                            "Actual Loops": 1
                                        },
                                        {
                                            "Worker Number": 2,
                                            "Actual Startup Time": 1027.982,
                                            "Actual Total Time": 1027.991,
                                            "Actual Rows": 0,
                                            "Actual Loops": 1
                                        }
                                    ],
                                    "Plans": [
                                        {
                                            "Node Type": "Hash Join",
                                            "Parent Relationship": "Outer",
                                            "Parallel Aware": false,
                                            "Join Type": "Inner",
                                            "Startup Cost": 50400.97,
                                            "Total Cost": 144777.61,
                                            "Plan Rows": 5,
                                            "Plan Width": 37,
                                            "Actual Startup Time": 695.566,
                                            "Actual Total Time": 1030.857,
                                            "Actual Rows": 0,
                                            "Actual Loops": 4,
                                            "Output": [
                                                "chn.name",
                                                "ci.role_id",
                                                "t.title"
                                            ],
                                            "Inner Unique": true,
                                            "Hash Cond": "(mc.company_type_id = ct.id)",
                                            "Workers": [
                                                {
                                                    "Worker Number": 0,
                                                    "Actual Startup Time": 487.111,
                                                    "Actual Total Time": 1027.364,
                                                    "Actual Rows": 1,
                                                    "Actual Loops": 1
                                                },
                                                {
                                                    "Worker Number": 1,
                                                    "Actual Startup Time": 1027.944,
                                                    "Actual Total Time": 1027.951,
                                                    "Actual Rows": 0,
                                                    "Actual Loops": 1
                                                },
                                                {
                                                    "Worker Number": 2,
                                                    "Actual Startup Time": 1027.486,
                                                    "Actual Total Time": 1027.493,
                                                    "Actual Rows": 0,
                                                    "Actual Loops": 1
                                                }
                                            ],
                                            "Plans": [
                                                {
                                                    "Node Type": "Nested Loop",
                                                    "Parent Relationship": "Outer",
                                                    "Parallel Aware": false,
                                                    "Join Type": "Inner",
                                                    "Startup Cost": 50399.88,
                                                    "Total Cost": 144776.5,
                                                    "Plan Rows": 5,
                                                    "Plan Width": 41,
                                                    "Actual Startup Time": 695.446,
                                                    "Actual Total Time": 1030.735,
                                                    "Actual Rows": 0,
                                                    "Actual Loops": 4,
                                                    "Output": [
                                                        "chn.name",
                                                        "ci.role_id",
                                                        "mc.company_type_id",
                                                        "t.title"
                                                    ],
                                                    "Inner Unique": true,
                                                    "Workers": [
                                                        {
                                                            "Worker Number": 0,
                                                            "Actual Startup Time": 486.984,
                                                            "Actual Total Time": 1027.235,
                                                            "Actual Rows": 1,
                                                            "Actual Loops": 1
                                                        },
                                                        {
                                                            "Worker Number": 1,
                                                            "Actual Startup Time": 1027.805,
                                                            "Actual Total Time": 1027.811,
                                                            "Actual Rows": 0,
                                                            "Actual Loops": 1
                                                        },
                                                        {
                                                            "Worker Number": 2,
                                                            "Actual Startup Time": 1027.36,
                                                            "Actual Total Time": 1027.366,
                                                            "Actual Rows": 0,
                                                            "Actual Loops": 1
                                                        }
                                                    ],
                                                    "Plans": [
                                                        {
                                                            "Node Type": "Nested Loop",
                                                            "Parent Relationship": "Outer",
                                                            "Parallel Aware": false,
                                                            "Join Type": "Inner",
                                                            "Startup Cost": 50395.52,
                                                            "Total Cost": 144734.62,
                                                            "Plan Rows": 5,
                                                            "Plan Width": 29,
                                                            "Actual Startup Time": 695.408,
                                                            "Actual Total Time": 1030.695,
                                                            "Actual Rows": 0,
                                                            "Actual Loops": 4,
                                                            "Output": [
                                                                "ci.person_role_id",
                                                                "ci.role_id",
                                                                "mc.company_type_id",
                                                                "t.title"
                                                            ],
                                                            "Inner Unique": false,
                                                            "Join Filter": "(t.id = ci.movie_id)",
                                                            "Rows Removed by Join Filter": 0,
                                                            "Workers": [
                                                                {
                                                                    "Worker Number": 0,
                                                                    "Actual Startup Time": 486.891,
                                                                    "Actual Total Time": 1027.14,
                                                                    "Actual Rows": 1,
                                                                    "Actual Loops": 1
                                                                },
                                                                {
                                                                    "Worker Number": 1,
                                                                    "Actual Startup Time": 1027.804,
                                                                    "Actual Total Time": 1027.808,
                                                                    "Actual Rows": 0,
                                                                    "Actual Loops": 1
                                                                },
                                                                {
                                                                    "Worker Number": 2,
                                                                    "Actual Startup Time": 1027.359,
                                                                    "Actual Total Time": 1027.364,
                                                                    "Actual Rows": 0,
                                                                    "Actual Loops": 1
                                                                }
                                                            ],
                                                            "Plans": [
                                                                {
                                                                    "Node Type": "Hash Join",
                                                                    "Parent Relationship": "Outer",
                                                                    "Parallel Aware": true,
                                                                    "Join Type": "Inner",
                                                                    "Startup Cost": 50394.49,
                                                                    "Total Cost": 79956.02,
                                                                    "Plan Rows": 11641,
                                                                    "Plan Width": 29,
                                                                    "Actual Startup Time": 228.108,
                                                                    "Actual Total Time": 445.24,
                                                                    "Actual Rows": 7606,
                                                                    "Actual Loops": 4,
                                                                    "Output": [
                                                                        "mc.movie_id",
                                                                        "mc.company_type_id",
                                                                        "t.title",
                                                                        "t.id"
                                                                    ],
                                                                    "Inner Unique": true,
                                                                    "Hash Cond": "(mc.movie_id = t.id)",
                                                                    "Workers": [
                                                                        {
                                                                            "Worker Number": 0,
                                                                            "Actual Startup Time": 224.804,
                                                                            "Actual Total Time": 435.799,
                                                                            "Actual Rows": 7705,
                                                                            "Actual Loops": 1
                                                                        },
                                                                        {
                                                                            "Worker Number": 1,
                                                                            "Actual Startup Time": 224.846,
                                                                            "Actual Total Time": 447.714,
                                                                            "Actual Rows": 7597,
                                                                            "Actual Loops": 1
                                                                        },
                                                                        {
                                                                            "Worker Number": 2,
                                                                            "Actual Startup Time": 224.813,
                                                                            "Actual Total Time": 445.566,
                                                                            "Actual Rows": 7486,
                                                                            "Actual Loops": 1
                                                                        }
                                                                    ],
                                                                    "Plans": [
                                                                        {
                                                                            "Node Type": "Hash Join",
                                                                            "Parent Relationship": "Outer",
                                                                            "Parallel Aware": true,
                                                                            "Join Type": "Inner",
                                                                            "Startup Cost": 4836.78,
                                                                            "Total Cost": 34252.72,
                                                                            "Plan Rows": 55464,
                                                                            "Plan Width": 8,
                                                                            "Actual Startup Time": 12.191,
                                                                            "Actual Total Time": 202.549,
                                                                            "Actual Rows": 51184,
                                                                            "Actual Loops": 4,
                                                                            "Output": [
                                                                                "mc.movie_id",
                                                                                "mc.company_type_id"
                                                                            ],
                                                                            "Inner Unique": true,
                                                                            "Hash Cond": "(mc.company_id = cn.id)",
                                                                            "Workers": [
                                                                                {
                                                                                    "Worker Number": 0,
                                                                                    "Actual Startup Time": 12.237,
                                                                                    "Actual Total Time": 196.724,
                                                                                    "Actual Rows": 51668,
                                                                                    "Actual Loops": 1
                                                                                },
                                                                                {
                                                                                    "Worker Number": 1,
                                                                                    "Actual Startup Time": 12.293,
                                                                                    "Actual Total Time": 207.668,
                                                                                    "Actual Rows": 53044,
                                                                                    "Actual Loops": 1
                                                                                },
                                                                                {
                                                                                    "Worker Number": 2,
                                                                                    "Actual Startup Time": 12.109,
                                                                                    "Actual Total Time": 205.656,
                                                                                    "Actual Rows": 49636,
                                                                                    "Actual Loops": 1
                                                                                }
                                                                            ],
                                                                            "Plans": [
                                                                                {
                                                                                    "Node Type": "Seq Scan",
                                                                                    "Parent Relationship": "Outer",
                                                                                    "Parallel Aware": true,
                                                                                    "Relation Name": "movie_companies",
                                                                                    "Schema": "public",
                                                                                    "Alias": "mc",
                                                                                    "Startup Cost": 0.0,
                                                                                    "Total Cost": 27206.55,
                                                                                    "Plan Rows": 841655,
                                                                                    "Plan Width": 12,
                                                                                    "Actual Startup Time": 0.018,
                                                                                    "Actual Total Time": 75.437,
                                                                                    "Actual Rows": 652282,
                                                                                    "Actual Loops": 4,
                                                                                    "Output": [
                                                                                        "mc.id",
                                                                                        "mc.movie_id",
                                                                                        "mc.company_id",
                                                                                        "mc.company_type_id",
                                                                                        "mc.note"
                                                                                    ],
                                                                                    "Workers": [
                                                                                        {
                                                                                            "Worker Number": 0,
                                                                                            "Actual Startup Time": 0.019,
                                                                                            "Actual Total Time": 73.193,
                                                                                            "Actual Rows": 634005,
                                                                                            "Actual Loops": 1
                                                                                        },
                                                                                        {
                                                                                            "Worker Number": 1,
                                                                                            "Actual Startup Time": 0.026,
                                                                                            "Actual Total Time": 77.704,
                                                                                            "Actual Rows": 682833,
                                                                                            "Actual Loops": 1
                                                                                        },
                                                                                        {
                                                                                            "Worker Number": 2,
                                                                                            "Actual Startup Time": 0.022,
                                                                                            "Actual Total Time": 76.912,
                                                                                            "Actual Rows": 652575,
                                                                                            "Actual Loops": 1
                                                                                        }
                                                                                    ]
                                                                                },
                                                                                {
                                                                                    "Node Type": "Hash",
                                                                                    "Parent Relationship": "Inner",
                                                                                    "Parallel Aware": true,
                                                                                    "Startup Cost": 4722.92,
                                                                                    "Total Cost": 4722.92,
                                                                                    "Plan Rows": 9109,
                                                                                    "Plan Width": 4,
                                                                                    "Actual Startup Time": 12.015,
                                                                                    "Actual Total Time": 12.016,
                                                                                    "Actual Rows": 4011,
                                                                                    "Actual Loops": 4,
                                                                                    "Output": [
                                                                                        "cn.id"
                                                                                    ],
                                                                                    "Hash Buckets": 16384,
                                                                                    "Original Hash Buckets": 16384,
                                                                                    "Hash Batches": 1,
                                                                                    "Original Hash Batches": 1,
                                                                                    "Peak Memory Usage": 768,
                                                                                    "Workers": [
                                                                                        {
                                                                                            "Worker Number": 0,
                                                                                            "Actual Startup Time": 12.05,
                                                                                            "Actual Total Time": 12.051,
                                                                                            "Actual Rows": 3991,
                                                                                            "Actual Loops": 1
                                                                                        },
                                                                                        {
                                                                                            "Worker Number": 1,
                                                                                            "Actual Startup Time": 11.95,
                                                                                            "Actual Total Time": 11.951,
                                                                                            "Actual Rows": 3963,
                                                                                            "Actual Loops": 1
                                                                                        },
                                                                                        {
                                                                                            "Worker Number": 2,
                                                                                            "Actual Startup Time": 12.003,
                                                                                            "Actual Total Time": 12.004,
                                                                                            "Actual Rows": 4054,
                                                                                            "Actual Loops": 1
                                                                                        }
                                                                                    ],
                                                                                    "Plans": [
                                                                                        {
                                                                                            "Node Type": "Seq Scan",
                                                                                            "Parent Relationship": "Outer",
                                                                                            "Parallel Aware": true,
                                                                                            "Relation Name": "company_name",
                                                                                            "Schema": "public",
                                                                                            "Alias": "cn",
                                                                                            "Startup Cost": 0.0,
                                                                                            "Total Cost": 4722.92,
                                                                                            "Plan Rows": 9109,
                                                                                            "Plan Width": 4,
                                                                                            "Actual Startup Time": 0.031,
                                                                                            "Actual Total Time": 10.461,
                                                                                            "Actual Rows": 4011,
                                                                                            "Actual Loops": 4,
                                                                                            "Output": [
                                                                                                "cn.id"
                                                                                            ],
                                                                                            "Filter": "((cn.country_code)::text = '[gb]'::text)",
                                                                                            "Rows Removed by Filter": 54738,
                                                                                            "Workers": [
                                                                                                {
                                                                                                    "Worker Number": 0,
                                                                                                    "Actual Startup Time": 0.036,
                                                                                                    "Actual Total Time": 10.413,
                                                                                                    "Actual Rows": 3991,
                                                                                                    "Actual Loops": 1
                                                                                                },
                                                                                                {
                                                                                                    "Worker Number": 1,
                                                                                                    "Actual Startup Time": 0.028,
                                                                                                    "Actual Total Time": 10.62,
                                                                                                    "Actual Rows": 3963,
                                                                                                    "Actual Loops": 1
                                                                                                },
                                                                                                {
                                                                                                    "Worker Number": 2,
                                                                                                    "Actual Startup Time": 0.036,
                                                                                                    "Actual Total Time": 10.374,
                                                                                                    "Actual Rows": 4054,
                                                                                                    "Actual Loops": 1
                                                                                                }
                                                                                            ]
                                                                                        }
                                                                                    ]
                                                                                }
                                                                            ]
                                                                        },
                                                                        {
                                                                            "Node Type": "Hash",
                                                                            "Parent Relationship": "Inner",
                                                                            "Parallel Aware": true,
                                                                            "Startup Cost": 43899.32,
                                                                            "Total Cost": 43899.32,
                                                                            "Plan Rows": 132671,
                                                                            "Plan Width": 21,
                                                                            "Actual Startup Time": 210.973,
                                                                            "Actual Total Time": 210.974,
                                                                            "Actual Rows": 133342,
                                                                            "Actual Loops": 4,
                                                                            "Output": [
                                                                                "t.title",
                                                                                "t.id"
                                                                            ],
                                                                            "Hash Buckets": 1048576,
                                                                            "Original Hash Buckets": 1048576,
                                                                            "Hash Batches": 1,
                                                                            "Original Hash Batches": 1,
                                                                            "Peak Memory Usage": 38336,
                                                                            "Workers": [
                                                                                {
                                                                                    "Worker Number": 0,
                                                                                    "Actual Startup Time": 212.446,
                                                                                    "Actual Total Time": 212.446,
                                                                                    "Actual Rows": 132180,
                                                                                    "Actual Loops": 1
                                                                                },
                                                                                {
                                                                                    "Worker Number": 1,
                                                                                    "Actual Startup Time": 212.44,
                                                                                    "Actual Total Time": 212.44,
                                                                                    "Actual Rows": 131993,
                                                                                    "Actual Loops": 1
                                                                                },
                                                                                {
                                                                                    "Worker Number": 2,
                                                                                    "Actual Startup Time": 212.55,
                                                                                    "Actual Total Time": 212.551,
                                                                                    "Actual Rows": 129254,
                                                                                    "Actual Loops": 1
                                                                                }
                                                                            ],
                                                                            "Plans": [
                                                                                {
                                                                                    "Node Type": "Seq Scan",
                                                                                    "Parent Relationship": "Outer",
                                                                                    "Parallel Aware": true,
                                                                                    "Relation Name": "title",
                                                                                    "Schema": "public",
                                                                                    "Alias": "t",
                                                                                    "Startup Cost": 0.0,
                                                                                    "Total Cost": 43899.32,
                                                                                    "Plan Rows": 132671,
                                                                                    "Plan Width": 21,
                                                                                    "Actual Startup Time": 0.067,
                                                                                    "Actual Total Time": 130.339,
                                                                                    "Actual Rows": 133342,
                                                                                    "Actual Loops": 4,
                                                                                    "Output": [
                                                                                        "t.title",
                                                                                        "t.id"
                                                                                    ],
                                                                                    "Filter": "(t.production_year > 2009)",
                                                                                    "Rows Removed by Filter": 498736,
                                                                                    "Workers": [
                                                                                        {
                                                                                            "Worker Number": 0,
                                                                                            "Actual Startup Time": 0.076,
                                                                                            "Actual Total Time": 130.407,
                                                                                            "Actual Rows": 132180,
                                                                                            "Actual Loops": 1
                                                                                        },
                                                                                        {
                                                                                            "Worker Number": 1,
                                                                                            "Actual Startup Time": 0.091,
                                                                                            "Actual Total Time": 130.092,
                                                                                            "Actual Rows": 131993,
                                                                                            "Actual Loops": 1
                                                                                        },
                                                                                        {
                                                                                            "Worker Number": 2,
                                                                                            "Actual Startup Time": 0.075,
                                                                                            "Actual Total Time": 129.799,
                                                                                            "Actual Rows": 129254,
                                                                                            "Actual Loops": 1
                                                                                        }
                                                                                    ]
                                                                                }
                                                                            ]
                                                                        }
                                                                    ]
                                                                },
                                                                {
                                                                    "Node Type": "Bitmap Heap Scan",
                                                                    "Parent Relationship": "Inner",
                                                                    "Parallel Aware": false,
                                                                    "Relation Name": "cast_info",
                                                                    "Schema": "public",
                                                                    "Alias": "ci",
                                                                    "Startup Cost": 1.03,
                                                                    "Total Cost": 5.55,
                                                                    "Plan Rows": 1,
                                                                    "Plan Width": 12,
                                                                    "Actual Startup Time": 0.074,
                                                                    "Actual Total Time": 0.074,
                                                                    "Actual Rows": 0,
                                                                    "Actual Loops": 30423,
                                                                    "Output": [
                                                                        "ci.id",
                                                                        "ci.person_id",
                                                                        "ci.movie_id",
                                                                        "ci.person_role_id",
                                                                        "ci.note",
                                                                        "ci.nr_order",
                                                                        "ci.role_id"
                                                                    ],
                                                                    "Recheck Cond": "(ci.movie_id = mc.movie_id)",
                                                                    "Rows Removed by Index Recheck": 0,
                                                                    "Filter": "(ci.note ~~ '%Marcy%'::text)",
                                                                    "Rows Removed by Filter": 29,
                                                                    "Exact Heap Blocks": 219109,
                                                                    "Lossy Heap Blocks": 0,
                                                                    "Workers": [
                                                                        {
                                                                            "Worker Number": 0,
                                                                            "Actual Startup Time": 0.074,
                                                                            "Actual Total Time": 0.074,
                                                                            "Actual Rows": 0,
                                                                            "Actual Loops": 7705
                                                                        },
                                                                        {
                                                                            "Worker Number": 1,
                                                                            "Actual Startup Time": 0.073,
                                                                            "Actual Total Time": 0.073,
                                                                            "Actual Rows": 0,
                                                                            "Actual Loops": 7597
                                                                        },
                                                                        {
                                                                            "Worker Number": 2,
                                                                            "Actual Startup Time": 0.075,
                                                                            "Actual Total Time": 0.075,
                                                                            "Actual Rows": 0,
                                                                            "Actual Loops": 7486
                                                                        }
                                                                    ],
                                                                    "Plans": [
                                                                        {
                                                                            "Node Type": "Bitmap Index Scan",
                                                                            "Parent Relationship": "Outer",
                                                                            "Parallel Aware": false,
                                                                            "Index Name": "movie_id_cast_info",
                                                                            "Startup Cost": 0.0,
                                                                            "Total Cost": 1.03,
                                                                            "Plan Rows": 35,
                                                                            "Plan Width": 0,
                                                                            "Actual Startup Time": 0.013,
                                                                            "Actual Total Time": 0.013,
                                                                            "Actual Rows": 29,
                                                                            "Actual Loops": 30423,
                                                                            "Index Cond": "(ci.movie_id = mc.movie_id)",
                                                                            "Workers": [
                                                                                {
                                                                                    "Worker Number": 0,
                                                                                    "Actual Startup Time": 0.013,
                                                                                    "Actual Total Time": 0.013,
                                                                                    "Actual Rows": 30,
                                                                                    "Actual Loops": 7705
                                                                                },
                                                                                {
                                                                                    "Worker Number": 1,
                                                                                    "Actual Startup Time": 0.013,
                                                                                    "Actual Total Time": 0.013,
                                                                                    "Actual Rows": 29,
                                                                                    "Actual Loops": 7597
                                                                                },
                                                                                {
                                                                                    "Worker Number": 2,
                                                                                    "Actual Startup Time": 0.013,
                                                                                    "Actual Total Time": 0.013,
                                                                                    "Actual Rows": 28,
                                                                                    "Actual Loops": 7486
                                                                                }
                                                                            ]
                                                                        }
                                                                    ]
                                                                }
                                                            ]
                                                        },
                                                        {
                                                            "Node Type": "Bitmap Heap Scan",
                                                            "Parent Relationship": "Inner",
                                                            "Parallel Aware": false,
                                                            "Relation Name": "char_name",
                                                            "Schema": "public",
                                                            "Alias": "chn",
                                                            "Startup Cost": 4.36,
                                                            "Total Cost": 8.37,
                                                            "Plan Rows": 1,
                                                            "Plan Width": 20,
                                                            "Actual Startup Time": 0.068,
                                                            "Actual Total Time": 0.069,
                                                            "Actual Rows": 1,
                                                            "Actual Loops": 2,
                                                            "Output": [
                                                                "chn.id",
                                                                "chn.name",
                                                                "chn.imdb_index",
                                                                "chn.imdb_id",
                                                                "chn.name_pcode_nf",
                                                                "chn.surname_pcode",
                                                                "chn.md5sum"
                                                            ],
                                                            "Recheck Cond": "(chn.id = ci.person_role_id)",
                                                            "Rows Removed by Index Recheck": 0,
                                                            "Exact Heap Blocks": 1,
                                                            "Lossy Heap Blocks": 0,
                                                            "Workers": [
                                                                {
                                                                    "Worker Number": 0,
                                                                    "Actual Startup Time": 0.086,
                                                                    "Actual Total Time": 0.087,
                                                                    "Actual Rows": 1,
                                                                    "Actual Loops": 1
                                                                }
                                                            ],
                                                            "Plans": [
                                                                {
                                                                    "Node Type": "Bitmap Index Scan",
                                                                    "Parent Relationship": "Outer",
                                                                    "Parallel Aware": false,
                                                                    "Index Name": "char_name_pkey",
                                                                    "Startup Cost": 0.0,
                                                                    "Total Cost": 4.36,
                                                                    "Plan Rows": 1,
                                                                    "Plan Width": 0,
                                                                    "Actual Startup Time": 0.053,
                                                                    "Actual Total Time": 0.054,
                                                                    "Actual Rows": 1,
                                                                    "Actual Loops": 2,
                                                                    "Index Cond": "(chn.id = ci.person_role_id)",
                                                                    "Workers": [
                                                                        {
                                                                            "Worker Number": 0,
                                                                            "Actual Startup Time": 0.069,
                                                                            "Actual Total Time": 0.069,
                                                                            "Actual Rows": 1,
                                                                            "Actual Loops": 1
                                                                        }
                                                                    ]
                                                                }
                                                            ]
                                                        }
                                                    ]
                                                },
                                                {
                                                    "Node Type": "Hash",
                                                    "Parent Relationship": "Inner",
                                                    "Parallel Aware": false,
                                                    "Startup Cost": 1.04,
                                                    "Total Cost": 1.04,
                                                    "Plan Rows": 4,
                                                    "Plan Width": 4,
                                                    "Actual Startup Time": 0.064,
                                                    "Actual Total Time": 0.065,
                                                    "Actual Rows": 4,
                                                    "Actual Loops": 4,
                                                    "Output": [
                                                        "ct.id"
                                                    ],
                                                    "Hash Buckets": 1024,
                                                    "Original Hash Buckets": 1024,
                                                    "Hash Batches": 1,
                                                    "Original Hash Batches": 1,
                                                    "Peak Memory Usage": 9,
                                                    "Workers": [
                                                        {
                                                            "Worker Number": 0,
                                                            "Actual Startup Time": 0.076,
                                                            "Actual Total Time": 0.077,
                                                            "Actual Rows": 4,
                                                            "Actual Loops": 1
                                                        },
                                                        {
                                                            "Worker Number": 1,
                                                            "Actual Startup Time": 0.075,
                                                            "Actual Total Time": 0.075,
                                                            "Actual Rows": 4,
                                                            "Actual Loops": 1
                                                        },
                                                        {
                                                            "Worker Number": 2,
                                                            "Actual Startup Time": 0.078,
                                                            "Actual Total Time": 0.078,
                                                            "Actual Rows": 4,
                                                            "Actual Loops": 1
                                                        }
                                                    ],
                                                    "Plans": [
                                                        {
                                                            "Node Type": "Seq Scan",
                                                            "Parent Relationship": "Outer",
                                                            "Parallel Aware": false,
                                                            "Relation Name": "company_type",
                                                            "Schema": "public",
                                                            "Alias": "ct",
                                                            "Startup Cost": 0.0,
                                                            "Total Cost": 1.04,
                                                            "Plan Rows": 4,
                                                            "Plan Width": 4,
                                                            "Actual Startup Time": 0.043,
                                                            "Actual Total Time": 0.046,
                                                            "Actual Rows": 4,
                                                            "Actual Loops": 4,
                                                            "Output": [
                                                                "ct.id"
                                                            ],
                                                            "Workers": [
                                                                {
                                                                    "Worker Number": 0,
                                                                    "Actual Startup Time": 0.053,
                                                                    "Actual Total Time": 0.056,
                                                                    "Actual Rows": 4,
                                                                    "Actual Loops": 1
                                                                },
                                                                {
                                                                    "Worker Number": 1,
                                                                    "Actual Startup Time": 0.052,
                                                                    "Actual Total Time": 0.055,
                                                                    "Actual Rows": 4,
                                                                    "Actual Loops": 1
                                                                },
                                                                {
                                                                    "Worker Number": 2,
                                                                    "Actual Startup Time": 0.054,
                                                                    "Actual Total Time": 0.057,
                                                                    "Actual Rows": 4,
                                                                    "Actual Loops": 1
                                                                }
                                                            ]
                                                        }
                                                    ]
                                                }
                                            ]
                                        },
                                        {
                                            "Node Type": "Hash",
                                            "Parent Relationship": "Inner",
                                            "Parallel Aware": false,
                                            "Startup Cost": 1.12,
                                            "Total Cost": 1.12,
                                            "Plan Rows": 12,
                                            "Plan Width": 4,
                                            "Actual Startup Time": 0.102,
                                            "Actual Total Time": 0.103,
                                            "Actual Rows": 12,
                                            "Actual Loops": 4,
                                            "Output": [
                                                "rt.id"
                                            ],
                                            "Hash Buckets": 1024,
                                            "Original Hash Buckets": 1024,
                                            "Hash Batches": 1,
                                            "Original Hash Batches": 1,
                                            "Peak Memory Usage": 9,
                                            "Workers": [
                                                {
                                                    "Worker Number": 0,
                                                    "Actual Startup Time": 0.104,
                                                    "Actual Total Time": 0.105,
                                                    "Actual Rows": 12,
                                                    "Actual Loops": 1
                                                },
                                                {
                                                    "Worker Number": 1,
                                                    "Actual Startup Time": 0.107,
                                                    "Actual Total Time": 0.108,
                                                    "Actual Rows": 12,
                                                    "Actual Loops": 1
                                                },
                                                {
                                                    "Worker Number": 2,
                                                    "Actual Startup Time": 0.145,
                                                    "Actual Total Time": 0.145,
                                                    "Actual Rows": 12,
                                                    "Actual Loops": 1
                                                }
                                            ],
                                            "Plans": [
                                                {
                                                    "Node Type": "Seq Scan",
                                                    "Parent Relationship": "Outer",
                                                    "Parallel Aware": false,
                                                    "Relation Name": "role_type",
                                                    "Schema": "public",
                                                    "Alias": "rt",
                                                    "Startup Cost": 0.0,
                                                    "Total Cost": 1.12,
                                                    "Plan Rows": 12,
                                                    "Plan Width": 4,
                                                    "Actual Startup Time": 0.06,
                                                    "Actual Total Time": 0.066,
                                                    "Actual Rows": 12,
                                                    "Actual Loops": 4,
                                                    "Output": [
                                                        "rt.id"
                                                    ],
                                                    "Workers": [
                                                        {
                                                            "Worker Number": 0,
                                                            "Actual Startup Time": 0.071,
                                                            "Actual Total Time": 0.077,
                                                            "Actual Rows": 12,
                                                            "Actual Loops": 1
                                                        },
                                                        {
                                                            "Worker Number": 1,
                                                            "Actual Startup Time": 0.074,
                                                            "Actual Total Time": 0.08,
                                                            "Actual Rows": 12,
                                                            "Actual Loops": 1
                                                        },
                                                        {
                                                            "Worker Number": 2,
                                                            "Actual Startup Time": 0.076,
                                                            "Actual Total Time": 0.082,
                                                            "Actual Rows": 12,
                                                            "Actual Loops": 1
                                                        }
                                                    ]
                                                }
                                            ]
                                        }
                                    ]
                                }
                            ]
                        }
                    ]
                }
            ]
        },
        "Planning Time": 2020.62,
        "Triggers": [],
        "Execution Time": 1113.013
    }
]