[
  {
    "Plan": {
      "Node Type": "Aggregate",
      "Strategy": "Plain",
      "Partial Mode": "Finalize",
      "Parallel Aware": false,
      "Startup Cost": 125200.38,
      "Total Cost": 125200.39,
      "Plan Rows": 1,
      "Plan Width": 8,
      "Actual Startup Time": 1017.706,
      "Actual Total Time": 1037.183,
      "Actual Rows": 1,
      "Actual Loops": 1,
      "Plans": [
        {
          "Node Type": "Gather",
          "Parent Relationship": "Outer",
          "Parallel Aware": false,
          "Startup Cost": 125200.06,
          "Total Cost": 125200.37,
          "Plan Rows": 3,
          "Plan Width": 8,
          "Actual Startup Time": 1014.452,
          "Actual Total Time": 1037.176,
          "Actual Rows": 4,
          "Actual Loops": 1,
          "Workers Planned": 3,
          "Workers Launched": 3,
          "Single Copy": false,
          "Plans": [
            {
              "Node Type": "Aggregate",
              "Strategy": "Plain",
              "Partial Mode": "Partial",
              "Parent Relationship": "Outer",
              "Parallel Aware": false,
              "Startup Cost": 124200.06,
              "Total Cost": 124200.07,
              "Plan Rows": 1,
              "Plan Width": 8,
              "Actual Startup Time": 1004.861,
              "Actual Total Time": 1004.866,
              "Actual Rows": 1,
              "Actual Loops": 4,
              "Plans": [
                {
                  "Node Type": "Hash Join",
                  "Parent Relationship": "Outer",
                  "Parallel Aware": true,
                  "Join Type": "Inner",
                  "Startup Cost": 78748.48,
                  "Total Cost": 123793.24,
                  "Plan Rows": 162730,
                  "Plan Width": 0,
                  "Actual Startup Time": 341.968,
                  "Actual Total Time": 815.89,
                  "Actual Rows": 4666698,
                  "Actual Loops": 4,
                  "Inner Unique": false,
                  "Hash Cond": "(mk.movie_id = t.id)",
                  "Plans": [
                    {
                      "Node Type": "Seq Scan",
                      "Parent Relationship": "Outer",
                      "Parallel Aware": true,
                      "Relation Name": "movie_keyword",
                      "Alias": "mk",
                      "Startup Cost": 0.0,
                      "Total Cost": 39047.32,
                      "Plan Rows": 1459332,
                      "Plan Width": 4,
                      "Actual Startup Time": 0.057,
                      "Actual Total Time": 88.458,
                      "Actual Rows": 1130982,
                      "Actual Loops": 4
                    },
                    {
                      "Node Type": "Hash",
                      "Parent Relationship": "Inner",
                      "Parallel Aware": true,
                      "Startup Cost": 77611.66,
                      "Total Cost": 77611.66,
                      "Plan Rows": 90945,
                      "Plan Width": 8,
                      "Actual Startup Time": 300.246,
                      "Actual Total Time": 300.25,
                      "Actual Rows": 101531,
                      "Actual Loops": 4,
                      "Hash Buckets": 524288,
                      "Original Hash Buckets": 524288,
                      "Hash Batches": 1,
                      "Original Hash Batches": 1,
                      "Peak Memory Usage": 20032,
                      "Plans": [
                        {
                          "Node Type": "Hash Join",
                          "Parent Relationship": "Outer",
                          "Parallel Aware": true,
                          "Join Type": "Inner",
                          "Startup Cost": 47213.4,
                          "Total Cost": 77611.66,
                          "Plan Rows": 90945,
                          "Plan Width": 8,
                          "Actual Startup Time": 181.172,
                          "Actual Total Time": 274.907,
                          "Actual Rows": 101531,
                          "Actual Loops": 4,
                          "Inner Unique": true,
                          "Hash Cond": "(mc.movie_id = t.id)",
                          "Plans": [
                            {
                              "Node Type": "Seq Scan",
                              "Parent Relationship": "Outer",
                              "Parallel Aware": true,
                              "Relation Name": "movie_companies",
                              "Alias": "mc",
                              "Startup Cost": 0.0,
                              "Total Cost": 29310.68,
                              "Plan Rows": 414318,
                              "Plan Width": 4,
                              "Actual Startup Time": 0.022,
                              "Actual Total Time": 66.424,
                              "Actual Rows": 318562,
                              "Actual Loops": 4,
                              "Filter": "(company_type_id < 2)",
                              "Rows Removed by Filter": 333721
                            },
                            {
                              "Node Type": "Hash",
                              "Parent Relationship": "Inner",
                              "Parallel Aware": true,
                              "Startup Cost": 45479.1,
                              "Total Cost": 45479.1,
                              "Plan Rows": 138744,
                              "Plan Width": 4,
                              "Actual Startup Time": 148.022,
                              "Actual Total Time": 148.023,
                              "Actual Rows": 108539,
                              "Actual Loops": 4,
                              "Hash Buckets": 1048576,
                              "Original Hash Buckets": 1048576,
                              "Hash Batches": 1,
                              "Original Hash Batches": 1,
                              "Peak Memory Usage": 25280,
                              "Plans": [
                                {
                                  "Node Type": "Seq Scan",
                                  "Parent Relationship": "Outer",
                                  "Parallel Aware": true,
                                  "Relation Name": "title",
                                  "Alias": "t",
                                  "Startup Cost": 0.0,
                                  "Total Cost": 45479.1,
                                  "Plan Rows": 138744,
                                  "Plan Width": 4,
                                  "Actual Startup Time": 48.423,
                                  "Actual Total Time": 103.545,
                                  "Actual Rows": 108539,
                                  "Actual Loops": 4,
                                  "Filter": "((production_year > 1968) AND (kind_id = 1))",
                                  "Rows Removed by Filter": 523539
                                }
                              ]
                            }
                          ]
                        }
                      ]
                    }
                  ]
                }
              ]
            }
          ]
        }
      ]
    },
    "Planning Time": 1.413,
    "Triggers": [],
    "Execution Time": 1037.264
  }
]