[
  {
    "Plan": {
      "Node Type": "Aggregate",
      "Strategy": "Plain",
      "Partial Mode": "Finalize",
      "Parallel Aware": false,
      "Startup Cost": 45754.41,
      "Total Cost": 45754.42,
      "Plan Rows": 1,
      "Plan Width": 8,
      "Actual Startup Time": 150.25,
      "Actual Total Time": 159.421,
      "Actual Rows": 1,
      "Actual Loops": 1,
      "Plans": [
        {
          "Node Type": "Gather",
          "Parent Relationship": "Outer",
          "Parallel Aware": false,
          "Startup Cost": 45754.09,
          "Total Cost": 45754.4,
          "Plan Rows": 3,
          "Plan Width": 8,
          "Actual Startup Time": 150.109,
          "Actual Total Time": 159.413,
          "Actual Rows": 4,
          "Actual Loops": 1,
          "Workers Planned": 3,
          "Workers Launched": 3,
          "Single Copy": false,
          "Plans": [
            {
              "Node Type": "Aggregate",
              "Strategy": "Plain",
              "Partial Mode": "Partial",
              "Parent Relationship": "Outer",
              "Parallel Aware": false,
              "Startup Cost": 44754.09,
              "Total Cost": 44754.1,
              "Plan Rows": 1,
              "Plan Width": 8,
              "Actual Startup Time": 141.595,
              "Actual Total Time": 141.597,
              "Actual Rows": 1,
              "Actual Loops": 4,
              "Plans": [
                {
                  "Node Type": "Seq Scan",
                  "Parent Relationship": "Outer",
                  "Parallel Aware": true,
                  "Relation Name": "movie_keyword",
                  "Alias": "mk",
                  "Startup Cost": 0.0,
                  "Total Cost": 42695.65,
                  "Plan Rows": 823374,
                  "Plan Width": 0,
                  "Actual Startup Time": 0.063,
                  "Actual Total Time": 113.077,
                  "Actual Rows": 640154,
                  "Actual Loops": 4,
                  "Filter": "(keyword_id < 6480)",
                  "Rows Removed by Filter": 490828
                }
              ]
            }
          ]
        }
      ]
    },
    "Planning Time": 0.054,
    "Triggers": [],
    "Execution Time": 159.447
  }
]