[
  {
    "Plan": {
      "Node Type": "Aggregate",
      "Strategy": "Plain",
      "Partial Mode": "Finalize",
      "Parallel Aware": false,
      "Startup Cost": 46360.77,
      "Total Cost": 46360.78,
      "Plan Rows": 1,
      "Plan Width": 8,
      "Actual Startup Time": 167.906,
      "Actual Total Time": 175.46,
      "Actual Rows": 1,
      "Actual Loops": 1,
      "Plans": [
        {
          "Node Type": "Gather",
          "Parent Relationship": "Outer",
          "Parallel Aware": false,
          "Startup Cost": 46360.45,
          "Total Cost": 46360.76,
          "Plan Rows": 3,
          "Plan Width": 8,
          "Actual Startup Time": 167.787,
          "Actual Total Time": 175.452,
          "Actual Rows": 4,
          "Actual Loops": 1,
          "Workers Planned": 3,
          "Workers Launched": 3,
          "Single Copy": false,
          "Plans": [
            {
              "Node Type": "Aggregate",
              "Strategy": "Plain",
              "Partial Mode": "Partial",
              "Parent Relationship": "Outer",
              "Parallel Aware": false,
              "Startup Cost": 45360.45,
              "Total Cost": 45360.46,
              "Plan Rows": 1,
              "Plan Width": 8,
              "Actual Startup Time": 164.135,
              "Actual Total Time": 164.137,
              "Actual Rows": 1,
              "Actual Loops": 4,
              "Plans": [
                {
                  "Node Type": "Seq Scan",
                  "Parent Relationship": "Outer",
                  "Parallel Aware": true,
                  "Relation Name": "movie_keyword",
                  "Alias": "mk",
                  "Startup Cost": 0.0,
                  "Total Cost": 42695.65,
                  "Plan Rows": 1065918,
                  "Plan Width": 0,
                  "Actual Startup Time": 0.077,
                  "Actual Total Time": 124.265,
                  "Actual Rows": 826393,
                  "Actual Loops": 4,
                  "Filter": "(keyword_id > 1534)",
                  "Rows Removed by Filter": 304589
                }
              ]
            }
          ]
        }
      ]
    },
    "Planning Time": 0.088,
    "Triggers": [],
    "Execution Time": 175.487
  }
]