[
  {
    "Plan": {
      "Node Type": "Aggregate",
      "Strategy": "Plain",
      "Partial Mode": "Finalize",
      "Parallel Aware": false,
      "Startup Cost": 46369.37,
      "Total Cost": 46369.38,
      "Plan Rows": 1,
      "Plan Width": 8,
      "Actual Startup Time": 166.307,
      "Actual Total Time": 176.29,
      "Actual Rows": 1,
      "Actual Loops": 1,
      "Plans": [
        {
          "Node Type": "Gather",
          "Parent Relationship": "Outer",
          "Parallel Aware": false,
          "Startup Cost": 46369.06,
          "Total Cost": 46369.37,
          "Plan Rows": 3,
          "Plan Width": 8,
          "Actual Startup Time": 166.196,
          "Actual Total Time": 176.28,
          "Actual Rows": 4,
          "Actual Loops": 1,
          "Workers Planned": 3,
          "Workers Launched": 3,
          "Single Copy": false,
          "Plans": [
            {
              "Node Type": "Aggregate",
              "Strategy": "Plain",
              "Partial Mode": "Partial",
              "Parent Relationship": "Outer",
              "Parallel Aware": false,
              "Startup Cost": 45369.06,
              "Total Cost": 45369.07,
              "Plan Rows": 1,
              "Plan Width": 8,
              "Actual Startup Time": 158.642,
              "Actual Total Time": 158.643,
              "Actual Rows": 1,
              "Actual Loops": 4,
              "Plans": [
                {
                  "Node Type": "Seq Scan",
                  "Parent Relationship": "Outer",
                  "Parallel Aware": true,
                  "Relation Name": "movie_keyword",
                  "Alias": "mk",
                  "Startup Cost": 0.0,
                  "Total Cost": 42695.65,
                  "Plan Rows": 1069361,
                  "Plan Width": 0,
                  "Actual Startup Time": 0.159,
                  "Actual Total Time": 121.845,
                  "Actual Rows": 826393,
                  "Actual Loops": 4,
                  "Filter": "(keyword_id > 1534)",
                  "Rows Removed by Filter": 304589
                }
              ]
            }
          ]
        }
      ]
    },
    "Planning Time": 0.181,
    "Triggers": [],
    "Execution Time": 176.356
  }
]