[
  {
    "Plan": {
      "Node Type": "Aggregate",
      "Strategy": "Plain",
      "Partial Mode": "Finalize",
      "Parallel Aware": false,
      "Startup Cost": 337049.17,
      "Total Cost": 337049.18,
      "Plan Rows": 1,
      "Plan Width": 8,
      "Actual Startup Time": 730.945,
      "Actual Total Time": 774.06,
      "Actual Rows": 1,
      "Actual Loops": 1,
      "Plans": [
        {
          "Node Type": "Gather",
          "Parent Relationship": "Outer",
          "Parallel Aware": false,
          "Startup Cost": 337048.55,
          "Total Cost": 337049.16,
          "Plan Rows": 6,
          "Plan Width": 8,
          "Actual Startup Time": 730.744,
          "Actual Total Time": 774.043,
          "Actual Rows": 7,
          "Actual Loops": 1,
          "Workers Planned": 6,
          "Workers Launched": 6,
          "Single Copy": false,
          "Plans": [
            {
              "Node Type": "Aggregate",
              "Strategy": "Plain",
              "Partial Mode": "Partial",
              "Parent Relationship": "Outer",
              "Parallel Aware": false,
              "Startup Cost": 336048.55,
              "Total Cost": 336048.56,
              "Plan Rows": 1,
              "Plan Width": 8,
              "Actual Startup Time": 722.477,
              "Actual Total Time": 722.478,
              "Actual Rows": 1,
              "Actual Loops": 7,
              "Plans": [
                {
                  "Node Type": "Seq Scan",
                  "Parent Relationship": "Outer",
                  "Parallel Aware": true,
                  "Relation Name": "cast_info",
                  "Alias": "ci",
                  "Startup Cost": 0.0,
                  "Total Cost": 328211.39,
                  "Plan Rows": 3134863,
                  "Plan Width": 0,
                  "Actual Startup Time": 197.251,
                  "Actual Total Time": 595.661,
                  "Actual Rows": 2668894,
                  "Actual Loops": 7,
                  "Filter": "(person_id > 1737999)",
                  "Rows Removed by Filter": 2508869
                }
              ]
            }
          ]
        }
      ]
    },
    "Planning Time": 0.164,
    "Triggers": [],
    "Execution Time": 774.12
  }
]