{
  "Plan": {
    "Node Type": "Aggregate",
    "Strategy": "Plain",
    "Partial Mode": "Finalize",
    "Parallel Aware": false,
    "Startup Cost": 729699.64,
    "Total Cost": 729699.65,
    "Plan Rows": 1,
    "Plan Width": 8,
    "Actual Startup Time": 10494.313,
    "Actual Total Time": 10567.534,
    "Actual Rows": 1,
    "Actual Loops": 1,
    "Plans": [
      {
        "Node Type": "Gather",
        "Parent Relationship": "Outer",
        "Parallel Aware": false,
        "Startup Cost": 729699.52,
        "Total Cost": 729699.63,
        "Plan Rows": 1,
        "Plan Width": 8,
        "Actual Startup Time": 10489.075,
        "Actual Total Time": 10567.527,
        "Actual Rows": 2,
        "Actual Loops": 1,
        "Workers Planned": 1,
        "Workers Launched": 1,
        "Single Copy": false,
        "Plans": [
          {
            "Node Type": "Aggregate",
            "Strategy": "Plain",
            "Partial Mode": "Partial",
            "Parent Relationship": "Outer",
            "Parallel Aware": false,
            "Startup Cost": 728699.52,
            "Total Cost": 728699.53,
            "Plan Rows": 1,
            "Plan Width": 8,
            "Actual Startup Time": 10484.135,
            "Actual Total Time": 10484.141,
            "Actual Rows": 1,
            "Actual Loops": 2,
            "Plans": [
              {
                "Node Type": "Hash Join",
                "Parent Relationship": "Outer",
                "Parallel Aware": true,
                "Join Type": "Inner",
                "Startup Cost": 130926.2,
                "Total Cost": 713171.16,
                "Plan Rows": 6211344,
                "Plan Width": 0,
                "Actual Startup Time": 780.828,
                "Actual Total Time": 8808.163,
                "Actual Rows": 41600136,
                "Actual Loops": 2,
                "Inner Unique": false,
                "Hash Cond": "(ci.movie_id = t.id)",
                "Plans": [
                  {
                    "Node Type": "Seq Scan",
                    "Parent Relationship": "Outer",
                    "Parallel Aware": true,
                    "Relation Name": "cast_info",
                    "Alias": "ci",
                    "Startup Cost": 0.0,
                    "Total Cost": 465792.95,
                    "Plan Rows": 21310595,
                    "Plan Width": 4,
                    "Actual Startup Time": 0.015,
                    "Actual Total Time": 1355.993,
                    "Actual Rows": 18122172,
                    "Actual Loops": 2
                  },
                  {
                    "Node Type": "Hash",
                    "Parent Relationship": "Inner",
                    "Parallel Aware": true,
                    "Startup Cost": 125507.71,
                    "Total Cost": 125507.71,
                    "Plan Rows": 433479,
                    "Plan Width": 8,
                    "Actual Startup Time": 771.99,
                    "Actual Total Time": 771.994,
                    "Actual Rows": 718805,
                    "Actual Loops": 2,
                    "Hash Buckets": 2097152,
                    "Original Hash Buckets": 1048576,
                    "Hash Batches": 1,
                    "Original Hash Batches": 1,
                    "Peak Memory Usage": 80832,
                    "Plans": [
                      {
                        "Node Type": "Hash Join",
                        "Parent Relationship": "Outer",
                        "Parallel Aware": true,
                        "Join Type": "Inner",
                        "Startup Cost": 64200.52,
                        "Total Cost": 125507.71,
                        "Plan Rows": 433479,
                        "Plan Width": 8,
                        "Actual Startup Time": 252.113,
                        "Actual Total Time": 616.015,
                        "Actual Rows": 718805,
                        "Actual Loops": 2,
                        "Inner Unique": true,
                        "Hash Cond": "(mk.movie_id = t.id)",
                        "Plans": [
                          {
                            "Node Type": "Seq Scan",
                            "Parent Relationship": "Outer",
                            "Parallel Aware": true,
                            "Relation Name": "movie_keyword",
                            "Alias": "mk",
                            "Startup Cost": 0.0,
                            "Total Cost": 57718.19,
                            "Plan Rows": 1367235,
                            "Plan Width": 4,
                            "Actual Startup Time": 0.404,
                            "Actual Total Time": 193.039,
                            "Actual Rows": 1161288,
                            "Actual Loops": 2,
                            "Filter": "(keyword_id > 4412)",
                            "Rows Removed by Filter": 1100677
                          },
                          {
                            "Node Type": "Hash",
                            "Parent Relationship": "Inner",
                            "Parallel Aware": true,
                            "Startup Cost": 58306.47,
                            "Total Cost": 58306.47,
                            "Plan Rows": 471524,
                            "Plan Width": 4,
                            "Actual Startup Time": 246.404,
                            "Actual Total Time": 246.405,
                            "Actual Rows": 353932,
                            "Actual Loops": 2,
                            "Hash Buckets": 1048576,
                            "Original Hash Buckets": 1048576,
                            "Hash Batches": 1,
                            "Original Hash Batches": 1,
                            "Peak Memory Usage": 35904,
                            "Plans": [
                              {
                                "Node Type": "Seq Scan",
                                "Parent Relationship": "Outer",
                                "Parallel Aware": true,
                                "Relation Name": "title",
                                "Alias": "t",
                                "Startup Cost": 0.0,
                                "Total Cost": 58306.47,
                                "Plan Rows": 471524,
                                "Plan Width": 4,
                                "Actual Startup Time": 0.03,
                                "Actual Total Time": 155.108,
                                "Actual Rows": 353932,
                                "Actual Loops": 2,
                                "Filter": "((kind_id < 7) AND (production_year > 1973))",
                                "Rows Removed by Filter": 910224
                              }
                            ]
                          }
                        ]
                      }
                    ]
                  }
                ]
              }
            ]
          }
        ]
      }
    ]
  },
  "Planning Time": 0.749,
  "Triggers": [],
  "Execution Time": 10567.615
}