[
  {
    "Plan": {
      "Node Type": "Aggregate",
      "Strategy": "Plain",
      "Partial Mode": "Finalize",
      "Parallel Aware": false,
      "Startup Cost": 388122.15,
      "Total Cost": 388122.16,
      "Plan Rows": 1,
      "Plan Width": 8,
      "Actual Startup Time": 1542.888,
      "Actual Total Time": 1605.423,
      "Actual Rows": 1,
      "Actual Loops": 1,
      "Plans": [
        {
          "Node Type": "Gather",
          "Parent Relationship": "Outer",
          "Parallel Aware": false,
          "Startup Cost": 388121.52,
          "Total Cost": 388122.13,
          "Plan Rows": 6,
          "Plan Width": 8,
          "Actual Startup Time": 1538.094,
          "Actual Total Time": 1605.41,
          "Actual Rows": 7,
          "Actual Loops": 1,
          "Workers Planned": 6,
          "Workers Launched": 6,
          "Single Copy": false,
          "Plans": [
            {
              "Node Type": "Aggregate",
              "Strategy": "Plain",
              "Partial Mode": "Partial",
              "Parent Relationship": "Outer",
              "Parallel Aware": false,
              "Startup Cost": 387121.52,
              "Total Cost": 387121.53,
              "Plan Rows": 1,
              "Plan Width": 8,
              "Actual Startup Time": 1527.378,
              "Actual Total Time": 1527.38,
              "Actual Rows": 1,
              "Actual Loops": 7,
              "Plans": [
                {
                  "Node Type": "Hash Join",
                  "Parent Relationship": "Outer",
                  "Parallel Aware": true,
                  "Join Type": "Inner",
                  "Startup Cost": 45971.59,
                  "Total Cost": 384525.26,
                  "Plan Rows": 1038504,
                  "Plan Width": 0,
                  "Actual Startup Time": 314.192,
                  "Actual Total Time": 1487.602,
                  "Actual Rows": 940691,
                  "Actual Loops": 7,
                  "Inner Unique": true,
                  "Hash Cond": "(ci.movie_id = t.id)",
                  "Plans": [
                    {
                      "Node Type": "Seq Scan",
                      "Parent Relationship": "Outer",
                      "Parallel Aware": true,
                      "Relation Name": "cast_info",
                      "Alias": "ci",
                      "Startup Cost": 0.0,
                      "Total Cost": 328162.03,
                      "Plan Rows": 3958715,
                      "Plan Width": 4,
                      "Actual Startup Time": 193.689,
                      "Actual Total Time": 657.351,
                      "Actual Rows": 3367665,
                      "Actual Loops": 7,
                      "Filter": "(role_id > 1)",
                      "Rows Removed by Filter": 1810098
                    },
                    {
                      "Node Type": "Hash",
                      "Parent Relationship": "Inner",
                      "Parallel Aware": true,
                      "Startup Cost": 43898.92,
                      "Total Cost": 43898.92,
                      "Plan Rows": 165814,
                      "Plan Width": 4,
                      "Actual Startup Time": 117.157,
                      "Actual Total Time": 117.158,
                      "Actual Rows": 94689,
                      "Actual Loops": 7,
                      "Hash Buckets": 1048576,
                      "Original Hash Buckets": 1048576,
                      "Hash Batches": 1,
                      "Original Hash Batches": 1,
                      "Peak Memory Usage": 34240,
                      "Plans": [
                        {
                          "Node Type": "Seq Scan",
                          "Parent Relationship": "Outer",
                          "Parallel Aware": true,
                          "Relation Name": "title",
                          "Alias": "t",
                          "Startup Cost": 0.0,
                          "Total Cost": 43898.92,
                          "Plan Rows": 165814,
                          "Plan Width": 4,
                          "Actual Startup Time": 42.978,
                          "Actual Total Time": 78.647,
                          "Actual Rows": 94689,
                          "Actual Loops": 7,
                          "Filter": "(kind_id < 2)",
                          "Rows Removed by Filter": 266498
                        }
                      ]
                    }
                  ]
                }
              ]
            }
          ]
        }
      ]
    },
    "Planning Time": 0.649,
    "Triggers": [],
    "Execution Time": 1605.526
  }
]