[
  {
    "Plan": {
      "Node Type": "Aggregate",
      "Strategy": "Plain",
      "Partial Mode": "Finalize",
      "Parallel Aware": false,
      "Startup Cost": 336440.38,
      "Total Cost": 336440.39,
      "Plan Rows": 1,
      "Plan Width": 8,
      "Actual Startup Time": 693.446,
      "Actual Total Time": 746.949,
      "Actual Rows": 1,
      "Actual Loops": 1,
      "Plans": [
        {
          "Node Type": "Gather",
          "Parent Relationship": "Outer",
          "Parallel Aware": false,
          "Startup Cost": 336439.75,
          "Total Cost": 336440.36,
          "Plan Rows": 6,
          "Plan Width": 8,
          "Actual Startup Time": 693.324,
          "Actual Total Time": 746.937,
          "Actual Rows": 7,
          "Actual Loops": 1,
          "Workers Planned": 6,
          "Workers Launched": 6,
          "Single Copy": false,
          "Plans": [
            {
              "Node Type": "Aggregate",
              "Strategy": "Plain",
              "Partial Mode": "Partial",
              "Parent Relationship": "Outer",
              "Parallel Aware": false,
              "Startup Cost": 335439.75,
              "Total Cost": 335439.76,
              "Plan Rows": 1,
              "Plan Width": 8,
              "Actual Startup Time": 683.041,
              "Actual Total Time": 683.042,
              "Actual Rows": 1,
              "Actual Loops": 7,
              "Plans": [
                {
                  "Node Type": "Seq Scan",
                  "Parent Relationship": "Outer",
                  "Parallel Aware": true,
                  "Relation Name": "cast_info",
                  "Alias": "ci",
                  "Startup Cost": 0.0,
                  "Total Cost": 328162.03,
                  "Plan Rows": 2911091,
                  "Plan Width": 0,
                  "Actual Startup Time": 0.054,
                  "Actual Total Time": 574.567,
                  "Actual Rows": 2502304,
                  "Actual Loops": 7,
                  "Filter": "(person_id < 1734195)",
                  "Rows Removed by Filter": 2675459
                }
              ]
            }
          ]
        }
      ]
    },
    "Planning Time": 0.175,
    "Triggers": [],
    "Execution Time": 747.02
  }
]