{
  "Plan": {
    "Node Type": "Aggregate",
    "Strategy": "Plain",
    "Partial Mode": "Finalize",
    "Parallel Aware": false,
    "Startup Cost": 748215.47,
    "Total Cost": 748215.48,
    "Plan Rows": 1,
    "Plan Width": 8,
    "Actual Startup Time": 3054.456,
    "Actual Total Time": 3110.855,
    "Actual Rows": 1,
    "Actual Loops": 1,
    "Plans": [
      {
        "Node Type": "Gather",
        "Parent Relationship": "Outer",
        "Parallel Aware": false,
        "Startup Cost": 748215.36,
        "Total Cost": 748215.47,
        "Plan Rows": 1,
        "Plan Width": 8,
        "Actual Startup Time": 3049.363,
        "Actual Total Time": 3110.837,
        "Actual Rows": 2,
        "Actual Loops": 1,
        "Workers Planned": 1,
        "Workers Launched": 1,
        "Single Copy": false,
        "Plans": [
          {
            "Node Type": "Aggregate",
            "Strategy": "Plain",
            "Partial Mode": "Partial",
            "Parent Relationship": "Outer",
            "Parallel Aware": false,
            "Startup Cost": 747215.36,
            "Total Cost": 747215.37,
            "Plan Rows": 1,
            "Plan Width": 8,
            "Actual Startup Time": 3041.317,
            "Actual Total Time": 3042.15,
            "Actual Rows": 1,
            "Actual Loops": 2,
            "Plans": [
              {
                "Node Type": "Hash Join",
                "Parent Relationship": "Outer",
                "Parallel Aware": true,
                "Join Type": "Inner",
                "Startup Cost": 434327.04,
                "Total Cost": 737873.84,
                "Plan Rows": 3736608,
                "Plan Width": 0,
                "Actual Startup Time": 1042.829,
                "Actual Total Time": 2974.226,
                "Actual Rows": 1617088,
                "Actual Loops": 2,
                "Inner Unique": false,
                "Hash Cond": "(mi.movie_id = t.id)",
                "Plans": [
                  {
                    "Node Type": "Seq Scan",
                    "Parent Relationship": "Outer",
                    "Parallel Aware": true,
                    "Relation Name": "movie_info",
                    "Alias": "mi",
                    "Startup Cost": 0.0,
                    "Total Cost": 248955.74,
                    "Plan Rows": 8696274,
                    "Plan Width": 4,
                    "Actual Startup Time": 0.017,
                    "Actual Total Time": 660.64,
                    "Actual Rows": 7417860,
                    "Actual Loops": 2
                  },
                  {
                    "Node Type": "Hash",
                    "Parent Relationship": "Inner",
                    "Parallel Aware": true,
                    "Startup Cost": 426339.14,
                    "Total Cost": 426339.14,
                    "Plan Rows": 639032,
                    "Plan Width": 8,
                    "Actual Startup Time": 1028.163,
                    "Actual Total Time": 1028.993,
                    "Actual Rows": 257409,
                    "Actual Loops": 2,
                    "Hash Buckets": 2097152,
                    "Original Hash Buckets": 2097152,
                    "Hash Batches": 1,
                    "Original Hash Batches": 1,
                    "Peak Memory Usage": 36576,
                    "Plans": [
                      {
                        "Node Type": "Hash Join",
                        "Parent Relationship": "Outer",
                        "Parallel Aware": true,
                        "Join Type": "Inner",
                        "Startup Cost": 140871.55,
                        "Total Cost": 426339.14,
                        "Plan Rows": 639032,
                        "Plan Width": 8,
                        "Actual Startup Time": 655.402,
                        "Actual Total Time": 940.974,
                        "Actual Rows": 257409,
                        "Actual Loops": 2,
                        "Inner Unique": true,
                        "Hash Cond": "(ci.movie_id = t.id)",
                        "Plans": [
                          {
                            "Node Type": "Bitmap Heap Scan",
                            "Parent Relationship": "Outer",
                            "Parallel Aware": true,
                            "Relation Name": "cast_info",
                            "Alias": "ci",
                            "Startup Cost": 73322.42,
                            "Total Cost": 355416.01,
                            "Plan Rows": 1285329,
                            "Plan Width": 4,
                            "Actual Startup Time": 252.808,
                            "Actual Total Time": 345.993,
                            "Actual Rows": 482616,
                            "Actual Loops": 2,
                            "Recheck Cond": "(person_id < 330183)",
                            "Rows Removed by Index Recheck": 0,
                            "Filter": "(role_id > 1)",
                            "Rows Removed by Filter": 1235370,
                            "Exact Heap Blocks": 19313,
                            "Lossy Heap Blocks": 0,
                            "Plans": [
                              {
                                "Node Type": "Bitmap Index Scan",
                                "Parent Relationship": "Outer",
                                "Parallel Aware": false,
                                "Index Name": "person_id_cast_info",
                                "Startup Cost": 0.0,
                                "Total Cost": 72776.16,
                                "Plan Rows": 3332746,
                                "Plan Width": 0,
                                "Actual Startup Time": 116.05,
                                "Actual Total Time": 116.05,
                                "Actual Rows": 3435972,
                                "Actual Loops": 1,
                                "Index Cond": "(person_id < 330183)"
                              }
                            ]
                          },
                          {
                            "Node Type": "Hash",
                            "Parent Relationship": "Inner",
                            "Parallel Aware": true,
                            "Startup Cost": 58306.47,
                            "Total Cost": 58306.47,
                            "Plan Rows": 739413,
                            "Plan Width": 4,
                            "Actual Startup Time": 395.184,
                            "Actual Total Time": 395.185,
                            "Actual Rows": 687614,
                            "Actual Loops": 2,
                            "Hash Buckets": 2097152,
                            "Original Hash Buckets": 2097152,
                            "Hash Batches": 1,
                            "Original Hash Batches": 1,
                            "Peak Memory Usage": 70208,
                            "Plans": [
                              {
                                "Node Type": "Seq Scan",
                                "Parent Relationship": "Outer",
                                "Parallel Aware": true,
                                "Relation Name": "title",
                                "Alias": "t",
                                "Startup Cost": 0.0,
                                "Total Cost": 58306.47,
                                "Plan Rows": 739413,
                                "Plan Width": 4,
                                "Actual Startup Time": 0.029,
                                "Actual Total Time": 178.521,
                                "Actual Rows": 687614,
                                "Actual Loops": 2,
                                "Filter": "((kind_id > 1) AND (production_year > 1992))",
                                "Rows Removed by Filter": 576542
                              }
                            ]
                          }
                        ]
                      }
                    ]
                  }
                ]
              }
            ]
          }
        ]
      }
    ]
  },
  "Planning Time": 0.944,
  "Triggers": [],
  "Execution Time": 3110.972
}