{
  "Plan": {
    "Node Type": "Aggregate",
    "Strategy": "Plain",
    "Partial Mode": "Finalize",
    "Parallel Aware": false,
    "Startup Cost": 549725.37,
    "Total Cost": 549725.38,
    "Plan Rows": 1,
    "Plan Width": 8,
    "Actual Startup Time": 2648.332,
    "Actual Total Time": 2699.787,
    "Actual Rows": 1,
    "Actual Loops": 1,
    "Plans": [
      {
        "Node Type": "Gather",
        "Parent Relationship": "Outer",
        "Parallel Aware": false,
        "Startup Cost": 549725.26,
        "Total Cost": 549725.37,
        "Plan Rows": 1,
        "Plan Width": 8,
        "Actual Startup Time": 2648.071,
        "Actual Total Time": 2699.778,
        "Actual Rows": 2,
        "Actual Loops": 1,
        "Workers Planned": 1,
        "Workers Launched": 1,
        "Single Copy": false,
        "Plans": [
          {
            "Node Type": "Aggregate",
            "Strategy": "Plain",
            "Partial Mode": "Partial",
            "Parent Relationship": "Outer",
            "Parallel Aware": false,
            "Startup Cost": 548725.26,
            "Total Cost": 548725.27,
            "Plan Rows": 1,
            "Plan Width": 8,
            "Actual Startup Time": 2641.901,
            "Actual Total Time": 2641.906,
            "Actual Rows": 1,
            "Actual Loops": 2,
            "Plans": [
              {
                "Node Type": "Hash Join",
                "Parent Relationship": "Outer",
                "Parallel Aware": false,
                "Join Type": "Inner",
                "Startup Cost": 3008.3,
                "Total Cost": 548723.41,
                "Plan Rows": 742,
                "Plan Width": 0,
                "Actual Startup Time": 21.601,
                "Actual Total Time": 2640.479,
                "Actual Rows": 14530,
                "Actual Loops": 2,
                "Inner Unique": false,
                "Hash Cond": "(ci.movie_id = t.id)",
                "Plans": [
                  {
                    "Node Type": "Seq Scan",
                    "Parent Relationship": "Outer",
                    "Parallel Aware": true,
                    "Relation Name": "cast_info",
                    "Alias": "ci",
                    "Startup Cost": 0.0,
                    "Total Cost": 465792.95,
                    "Plan Rows": 21310595,
                    "Plan Width": 4,
                    "Actual Startup Time": 0.031,
                    "Actual Total Time": 1376.39,
                    "Actual Rows": 18122172,
                    "Actual Loops": 2
                  },
                  {
                    "Node Type": "Hash",
                    "Parent Relationship": "Inner",
                    "Parallel Aware": false,
                    "Startup Cost": 3007.2,
                    "Total Cost": 3007.2,
                    "Plan Rows": 88,
                    "Plan Width": 8,
                    "Actual Startup Time": 20.706,
                    "Actual Total Time": 20.708,
                    "Actual Rows": 518,
                    "Actual Loops": 2,
                    "Hash Buckets": 1024,
                    "Original Hash Buckets": 1024,
                    "Hash Batches": 1,
                    "Original Hash Batches": 1,
                    "Peak Memory Usage": 29,
                    "Plans": [
                      {
                        "Node Type": "Nested Loop",
                        "Parent Relationship": "Outer",
                        "Parallel Aware": false,
                        "Join Type": "Inner",
                        "Startup Cost": 6.78,
                        "Total Cost": 3007.2,
                        "Plan Rows": 88,
                        "Plan Width": 8,
                        "Actual Startup Time": 1.446,
                        "Actual Total Time": 20.317,
                        "Actual Rows": 518,
                        "Actual Loops": 2,
                        "Inner Unique": true,
                        "Plans": [
                          {
                            "Node Type": "Bitmap Heap Scan",
                            "Parent Relationship": "Outer",
                            "Parallel Aware": false,
                            "Relation Name": "movie_keyword",
                            "Alias": "mk",
                            "Startup Cost": 6.35,
                            "Total Cost": 922.98,
                            "Plan Rows": 248,
                            "Plan Width": 4,
                            "Actual Startup Time": 1.078,
                            "Actual Total Time": 6.447,
                            "Actual Rows": 724,
                            "Actual Loops": 2,
                            "Recheck Cond": "(keyword_id = 5363)",
                            "Rows Removed by Index Recheck": 0,
                            "Exact Heap Blocks": 692,
                            "Lossy Heap Blocks": 0,
                            "Plans": [
                              {
                                "Node Type": "Bitmap Index Scan",
                                "Parent Relationship": "Outer",
                                "Parallel Aware": false,
                                "Index Name": "keyword_id_movie_keyword",
                                "Startup Cost": 0.0,
                                "Total Cost": 6.29,
                                "Plan Rows": 248,
                                "Plan Width": 0,
                                "Actual Startup Time": 0.812,
                                "Actual Total Time": 0.813,
                                "Actual Rows": 724,
                                "Actual Loops": 2,
                                "Index Cond": "(keyword_id = 5363)"
                              }
                            ]
                          },
                          {
                            "Node Type": "Index Scan",
                            "Parent Relationship": "Inner",
                            "Parallel Aware": false,
                            "Scan Direction": "Forward",
                            "Index Name": "title_pkey",
                            "Relation Name": "title",
                            "Alias": "t",
                            "Startup Cost": 0.43,
                            "Total Cost": 8.4,
                            "Plan Rows": 1,
                            "Plan Width": 4,
                            "Actual Startup Time": 0.018,
                            "Actual Total Time": 0.018,
                            "Actual Rows": 1,
                            "Actual Loops": 1448,
                            "Index Cond": "(id = mk.movie_id)",
                            "Rows Removed by Index Recheck": 0,
                            "Filter": "((kind_id < 7) AND (production_year > 1950))",
                            "Rows Removed by Filter": 0
                          }
                        ]
                      }
                    ]
                  }
                ]
              }
            ]
          }
        ]
      }
    ]
  },
  "Planning Time": 1.064,
  "Triggers": [],
  "Execution Time": 2699.917
}