[
  {
    "Plan": {
      "Node Type": "Aggregate",
      "Strategy": "Plain",
      "Partial Mode": "Finalize",
      "Parallel Aware": false,
      "Startup Cost": 253089.35,
      "Total Cost": 253089.36,
      "Plan Rows": 1,
      "Plan Width": 8,
      "Actual Startup Time": 704.684,
      "Actual Total Time": 734.535,
      "Actual Rows": 1,
      "Actual Loops": 1,
      "Plans": [
        {
          "Node Type": "Gather",
          "Parent Relationship": "Outer",
          "Parallel Aware": false,
          "Startup Cost": 253089.04,
          "Total Cost": 253089.35,
          "Plan Rows": 3,
          "Plan Width": 8,
          "Actual Startup Time": 698.633,
          "Actual Total Time": 734.523,
          "Actual Rows": 4,
          "Actual Loops": 1,
          "Workers Planned": 3,
          "Workers Launched": 3,
          "Single Copy": false,
          "Plans": [
            {
              "Node Type": "Aggregate",
              "Strategy": "Plain",
              "Partial Mode": "Partial",
              "Parent Relationship": "Outer",
              "Parallel Aware": false,
              "Startup Cost": 252089.04,
              "Total Cost": 252089.05,
              "Plan Rows": 1,
              "Plan Width": 8,
              "Actual Startup Time": 692.915,
              "Actual Total Time": 693.028,
              "Actual Rows": 1,
              "Actual Loops": 4,
              "Plans": [
                {
                  "Node Type": "Hash Join",
                  "Parent Relationship": "Outer",
                  "Parallel Aware": true,
                  "Join Type": "Inner",
                  "Startup Cost": 206266.37,
                  "Total Cost": 251365.23,
                  "Plan Rows": 289522,
                  "Plan Width": 0,
                  "Actual Startup Time": 495.047,
                  "Actual Total Time": 689.779,
                  "Actual Rows": 65729,
                  "Actual Loops": 4,
                  "Inner Unique": false,
                  "Hash Cond": "(mk.movie_id = t.id)",
                  "Plans": [
                    {
                      "Node Type": "Seq Scan",
                      "Parent Relationship": "Outer",
                      "Parallel Aware": true,
                      "Relation Name": "movie_keyword",
                      "Alias": "mk",
                      "Startup Cost": 0.0,
                      "Total Cost": 39047.32,
                      "Plan Rows": 1459332,
                      "Plan Width": 4,
                      "Actual Startup Time": 0.027,
                      "Actual Total Time": 95.162,
                      "Actual Rows": 1130982,
                      "Actual Loops": 4
                    },
                    {
                      "Node Type": "Hash",
                      "Parent Relationship": "Inner",
                      "Parallel Aware": true,
                      "Startup Cost": 205012.32,
                      "Total Cost": 205012.32,
                      "Plan Rows": 100324,
                      "Plan Width": 8,
                      "Actual Startup Time": 493.54,
                      "Actual Total Time": 493.651,
                      "Actual Rows": 33501,
                      "Actual Loops": 4,
                      "Hash Buckets": 524288,
                      "Original Hash Buckets": 524288,
                      "Hash Batches": 1,
                      "Original Hash Batches": 1,
                      "Peak Memory Usage": 9376,
                      "Plans": [
                        {
                          "Node Type": "Hash Join",
                          "Parent Relationship": "Outer",
                          "Parallel Aware": true,
                          "Join Type": "Inner",
                          "Startup Cost": 48436.75,
                          "Total Cost": 205012.32,
                          "Plan Rows": 100324,
                          "Plan Width": 8,
                          "Actual Startup Time": 196.655,
                          "Actual Total Time": 481.966,
                          "Actual Rows": 33501,
                          "Actual Loops": 4,
                          "Inner Unique": true,
                          "Hash Cond": "(ci.movie_id = t.id)",
                          "Plans": [
                            {
                              "Node Type": "Index Scan",
                              "Parent Relationship": "Outer",
                              "Parallel Aware": true,
                              "Scan Direction": "Forward",
                              "Index Name": "role_id_cast_info",
                              "Relation Name": "cast_info",
                              "Alias": "ci",
                              "Startup Cost": 0.56,
                              "Total Cost": 155872.35,
                              "Plan Rows": 268111,
                              "Plan Width": 4,
                              "Actual Startup Time": 0.206,
                              "Actual Total Time": 233.535,
                              "Actual Rows": 119134,
                              "Actual Loops": 4,
                              "Index Cond": "(role_id > 8)",
                              "Rows Removed by Index Recheck": 0,
                              "Filter": "(person_id < 842438)",
                              "Rows Removed by Filter": 1314039
                            },
                            {
                              "Node Type": "Hash",
                              "Parent Relationship": "Inner",
                              "Parallel Aware": true,
                              "Startup Cost": 45479.59,
                              "Total Cost": 45479.59,
                              "Plan Rows": 236528,
                              "Plan Width": 4,
                              "Actual Startup Time": 194.276,
                              "Actual Total Time": 194.278,
                              "Actual Rows": 219009,
                              "Actual Loops": 4,
                              "Hash Buckets": 1048576,
                              "Original Hash Buckets": 1048576,
                              "Hash Batches": 1,
                              "Original Hash Batches": 1,
                              "Peak Memory Usage": 42528,
                              "Plans": [
                                {
                                  "Node Type": "Seq Scan",
                                  "Parent Relationship": "Outer",
                                  "Parallel Aware": true,
                                  "Relation Name": "title",
                                  "Alias": "t",
                                  "Startup Cost": 0.0,
                                  "Total Cost": 45479.59,
                                  "Plan Rows": 236528,
                                  "Plan Width": 4,
                                  "Actual Startup Time": 0.05,
                                  "Actual Total Time": 111.283,
                                  "Actual Rows": 219009,
                                  "Actual Loops": 4,
                                  "Filter": "((production_year < 2007) AND (kind_id = 7))",
                                  "Rows Removed by Filter": 413069
                                }
                              ]
                            }
                          ]
                        }
                      ]
                    }
                  ]
                }
              ]
            }
          ]
        }
      ]
    },
    "Planning Time": 0.466,
    "Triggers": [],
    "Execution Time": 734.582
  }
]