[
  {
    "Plan": {
      "Node Type": "Aggregate",
      "Strategy": "Plain",
      "Partial Mode": "Finalize",
      "Parallel Aware": false,
      "Startup Cost": 45800.03,
      "Total Cost": 45800.04,
      "Plan Rows": 1,
      "Plan Width": 8,
      "Actual Startup Time": 152.786,
      "Actual Total Time": 162.607,
      "Actual Rows": 1,
      "Actual Loops": 1,
      "Plans": [
        {
          "Node Type": "Gather",
          "Parent Relationship": "Outer",
          "Parallel Aware": false,
          "Startup Cost": 45799.71,
          "Total Cost": 45800.02,
          "Plan Rows": 3,
          "Plan Width": 8,
          "Actual Startup Time": 152.672,
          "Actual Total Time": 162.6,
          "Actual Rows": 4,
          "Actual Loops": 1,
          "Workers Planned": 3,
          "Workers Launched": 3,
          "Single Copy": false,
          "Plans": [
            {
              "Node Type": "Aggregate",
              "Strategy": "Plain",
              "Partial Mode": "Partial",
              "Parent Relationship": "Outer",
              "Parallel Aware": false,
              "Startup Cost": 44799.71,
              "Total Cost": 44799.72,
              "Plan Rows": 1,
              "Plan Width": 8,
              "Actual Startup Time": 147.523,
              "Actual Total Time": 147.524,
              "Actual Rows": 1,
              "Actual Loops": 4,
              "Plans": [
                {
                  "Node Type": "Seq Scan",
                  "Parent Relationship": "Outer",
                  "Parallel Aware": true,
                  "Relation Name": "movie_keyword",
                  "Alias": "mk",
                  "Startup Cost": 0.0,
                  "Total Cost": 42695.65,
                  "Plan Rows": 841622,
                  "Plan Width": 0,
                  "Actual Startup Time": 0.039,
                  "Actual Total Time": 116.746,
                  "Actual Rows": 656141,
                  "Actual Loops": 4,
                  "Filter": "(keyword_id < 7121)",
                  "Rows Removed by Filter": 474841
                }
              ]
            }
          ]
        }
      ]
    },
    "Planning Time": 0.187,
    "Triggers": [],
    "Execution Time": 162.66
  }
]