[
    {
        "Bao": {
            "Bao prediction": 613.498,
            "Bao recommended hint": "SET enable_nestloop TO off; "
        }
    },
    {
        "Plan": {
            "Node Type": "Aggregate",
            "Strategy": "Plain",
            "Partial Mode": "Simple",
            "Parallel Aware": false,
            "Startup Cost": 10001286426.21,
            "Total Cost": 10001286426.22,
            "Plan Rows": 1,
            "Plan Width": 64,
            "Actual Startup Time": 11334.69,
            "Actual Total Time": 11334.697,
            "Actual Rows": 1,
            "Actual Loops": 1,
            "Output": [
                "min(chn.name)",
                "min(t.title)"
            ],
            "Plans": [
                {
                    "Node Type": "Hash Join",
                    "Parent Relationship": "Outer",
                    "Parallel Aware": false,
                    "Join Type": "Inner",
                    "Startup Cost": 10000231742.4,
                    "Total Cost": 10001284875.69,
                    "Plan Rows": 310104,
                    "Plan Width": 33,
                    "Actual Startup Time": 2529.433,
                    "Actual Total Time": 11312.042,
                    "Actual Rows": 299232,
                    "Actual Loops": 1,
                    "Output": [
                        "chn.name",
                        "t.title"
                    ],
                    "Inner Unique": false,
                    "Hash Cond": "(ci.movie_id = t.id)",
                    "Plans": [
                        {
                            "Node Type": "Merge Join",
                            "Parent Relationship": "Outer",
                            "Parallel Aware": false,
                            "Join Type": "Inner",
                            "Startup Cost": 10000082036.78,
                            "Total Cost": 10001132919.51,
                            "Plan Rows": 260772,
                            "Plan Width": 20,
                            "Actual Startup Time": 0.19,
                            "Actual Total Time": 8716.705,
                            "Actual Rows": 380280,
                            "Actual Loops": 1,
                            "Output": [
                                "chn.name",
                                "ci.movie_id"
                            ],
                            "Inner Unique": true,
                            "Merge Cond": "(ci.person_role_id = chn.id)",
                            "Plans": [
                                {
                                    "Node Type": "Nested Loop",
                                    "Parent Relationship": "Outer",
                                    "Parallel Aware": false,
                                    "Join Type": "Inner",
                                    "Startup Cost": 10000000000.57,
                                    "Total Cost": 10002048255.48,
                                    "Plan Rows": 260772,
                                    "Plan Width": 8,
                                    "Actual Startup Time": 0.163,
                                    "Actual Total Time": 7020.401,
                                    "Actual Rows": 380281,
                                    "Actual Loops": 1,
                                    "Output": [
                                        "ci.movie_id",
                                        "ci.person_role_id"
                                    ],
                                    "Inner Unique": false,
                                    "Plans": [
                                        {
                                            "Node Type": "Index Scan",
                                            "Parent Relationship": "Outer",
                                            "Parallel Aware": false,
                                            "Scan Direction": "Forward",
                                            "Index Name": "person_role_id_cast_info",
                                            "Relation Name": "cast_info",
                                            "Schema": "public",
                                            "Alias": "ci",
                                            "Startup Cost": 0.56,
                                            "Total Cost": 2044994.68,
                                            "Plan Rows": 21731,
                                            "Plan Width": 8,
                                            "Actual Startup Time": 0.142,
                                            "Actual Total Time": 6975.086,
                                            "Actual Rows": 31691,
                                            "Actual Loops": 1,
                                            "Output": [
                                                "ci.id",
                                                "ci.person_id",
                                                "ci.movie_id",
                                                "ci.person_role_id",
                                                "ci.note",
                                                "ci.nr_order",
                                                "ci.role_id"
                                            ],
                                            "Filter": "((ci.note ~~ '%(voice)%'::text) AND (ci.note ~~ '%(uncredited)%'::text))",
                                            "Rows Removed by Filter": 17548846
                                        },
                                        {
                                            "Node Type": "Materialize",
                                            "Parent Relationship": "Inner",
                                            "Parallel Aware": false,
                                            "Startup Cost": 0.0,
                                            "Total Cost": 1.18,
                                            "Plan Rows": 12,
                                            "Plan Width": 0,
                                            "Actual Startup Time": 0.0,
                                            "Actual Total Time": 0.0,
                                            "Actual Rows": 12,
                                            "Actual Loops": 31691,
                                            "Plans": [
                                                {
                                                    "Node Type": "Seq Scan",
                                                    "Parent Relationship": "Outer",
                                                    "Parallel Aware": false,
                                                    "Relation Name": "role_type",
                                                    "Schema": "public",
                                                    "Alias": "rt",
                                                    "Startup Cost": 0.0,
                                                    "Total Cost": 1.12,
                                                    "Plan Rows": 12,
                                                    "Plan Width": 0,
                                                    "Actual Startup Time": 0.011,
                                                    "Actual Total Time": 0.013,
                                                    "Actual Rows": 12,
                                                    "Actual Loops": 1
                                                }
                                            ]
                                        }
                                    ]
                                },
                                {
                                    "Node Type": "Index Scan",
                                    "Parent Relationship": "Inner",
                                    "Parallel Aware": false,
                                    "Scan Direction": "Forward",
                                    "Index Name": "char_name_pkey",
                                    "Relation Name": "char_name",
                                    "Schema": "public",
                                    "Alias": "chn",
                                    "Startup Cost": 0.43,
                                    "Total Cost": 128717.75,
                                    "Plan Rows": 3140422,
                                    "Plan Width": 20,
                                    "Actual Startup Time": 0.022,
                                    "Actual Total Time": 1461.725,
                                    "Actual Rows": 3139199,
                                    "Actual Loops": 1,
                                    "Output": [
                                        "chn.id",
                                        "chn.name",
                                        "chn.imdb_index",
                                        "chn.imdb_id",
                                        "chn.name_pcode_nf",
                                        "chn.surname_pcode",
                                        "chn.md5sum"
                                    ]
                                }
                            ]
                        },
                        {
                            "Node Type": "Hash",
                            "Parent Relationship": "Inner",
                            "Parallel Aware": false,
                            "Startup Cost": 134281.03,
                            "Total Cost": 134281.03,
                            "Plan Rows": 1233967,
                            "Plan Width": 25,
                            "Actual Startup Time": 2515.696,
                            "Actual Total Time": 2515.699,
                            "Actual Rows": 992855,
                            "Actual Loops": 1,
                            "Output": [
                                "mc.movie_id",
                                "t.title",
                                "t.id"
                            ],
                            "Hash Buckets": 2097152,
                            "Original Hash Buckets": 2097152,
                            "Hash Batches": 1,
                            "Original Hash Batches": 1,
                            "Peak Memory Usage": 75258,
                            "Plans": [
                                {
                                    "Node Type": "Hash Join",
                                    "Parent Relationship": "Outer",
                                    "Parallel Aware": false,
                                    "Join Type": "Inner",
                                    "Startup Cost": 82550.76,
                                    "Total Cost": 134281.03,
                                    "Plan Rows": 1233967,
                                    "Plan Width": 25,
                                    "Actual Startup Time": 1006.44,
                                    "Actual Total Time": 2149.672,
                                    "Actual Rows": 992855,
                                    "Actual Loops": 1,
                                    "Output": [
                                        "mc.movie_id",
                                        "t.title",
                                        "t.id"
                                    ],
                                    "Inner Unique": true,
                                    "Hash Cond": "(mc.movie_id = t.id)",
                                    "Plans": [
                                        {
                                            "Node Type": "Seq Scan",
                                            "Parent Relationship": "Outer",
                                            "Parallel Aware": false,
                                            "Relation Name": "movie_companies",
                                            "Schema": "public",
                                            "Alias": "mc",
                                            "Startup Cost": 0.0,
                                            "Total Cost": 44881.29,
                                            "Plan Rows": 2609129,
                                            "Plan Width": 4,
                                            "Actual Startup Time": 0.017,
                                            "Actual Total Time": 266.552,
                                            "Actual Rows": 2609129,
                                            "Actual Loops": 1,
                                            "Output": [
                                                "mc.id",
                                                "mc.movie_id",
                                                "mc.company_id",
                                                "mc.company_type_id",
                                                "mc.note"
                                            ]
                                        },
                                        {
                                            "Node Type": "Hash",
                                            "Parent Relationship": "Inner",
                                            "Parallel Aware": false,
                                            "Startup Cost": 67603.29,
                                            "Total Cost": 67603.29,
                                            "Plan Rows": 1195798,
                                            "Plan Width": 21,
                                            "Actual Startup Time": 993.774,
                                            "Actual Total Time": 993.775,
                                            "Actual Rows": 1192518,
                                            "Actual Loops": 1,
                                            "Output": [
                                                "t.title",
                                                "t.id"
                                            ],
                                            "Hash Buckets": 2097152,
                                            "Original Hash Buckets": 2097152,
                                            "Hash Batches": 1,
                                            "Original Hash Batches": 1,
                                            "Peak Memory Usage": 80312,
                                            "Plans": [
                                                {
                                                    "Node Type": "Seq Scan",
                                                    "Parent Relationship": "Outer",
                                                    "Parallel Aware": false,
                                                    "Relation Name": "title",
                                                    "Schema": "public",
                                                    "Alias": "t",
                                                    "Startup Cost": 0.0,
                                                    "Total Cost": 67603.29,
                                                    "Plan Rows": 1195798,
                                                    "Plan Width": 21,
                                                    "Actual Startup Time": 0.029,
                                                    "Actual Total Time": 485.617,
                                                    "Actual Rows": 1192518,
                                                    "Actual Loops": 1,
                                                    "Output": [
                                                        "t.title",
                                                        "t.id"
                                                    ],
                                                    "Filter": "(t.production_year > 2003)",
                                                    "Rows Removed by Filter": 1335794
                                                }
                                            ]
                                        }
                                    ]
                                }
                            ]
                        }
                    ]
                }
            ]
        },
        "Planning Time": 311.254,
        "Triggers": [],
        "Execution Time": 11339.49
    }
]