[
  {
    "Plan": {
      "Node Type": "Aggregate",
      "Strategy": "Plain",
      "Partial Mode": "Finalize",
      "Parallel Aware": false,
      "Startup Cost": 441190.98,
      "Total Cost": 441190.99,
      "Plan Rows": 1,
      "Plan Width": 8,
      "Actual Startup Time": 994.483,
      "Actual Total Time": 1044.942,
      "Actual Rows": 1,
      "Actual Loops": 1,
      "Plans": [
        {
          "Node Type": "Gather",
          "Parent Relationship": "Outer",
          "Parallel Aware": false,
          "Startup Cost": 441190.35,
          "Total Cost": 441190.96,
          "Plan Rows": 6,
          "Plan Width": 8,
          "Actual Startup Time": 969.769,
          "Actual Total Time": 1044.932,
          "Actual Rows": 7,
          "Actual Loops": 1,
          "Workers Planned": 6,
          "Workers Launched": 6,
          "Single Copy": false,
          "Plans": [
            {
              "Node Type": "Aggregate",
              "Strategy": "Plain",
              "Partial Mode": "Partial",
              "Parent Relationship": "Outer",
              "Parallel Aware": false,
              "Startup Cost": 440190.35,
              "Total Cost": 440190.36,
              "Plan Rows": 1,
              "Plan Width": 8,
              "Actual Startup Time": 959.443,
              "Actual Total Time": 959.565,
              "Actual Rows": 1,
              "Actual Loops": 7,
              "Plans": [
                {
                  "Node Type": "Hash Join",
                  "Parent Relationship": "Outer",
                  "Parallel Aware": true,
                  "Join Type": "Inner",
                  "Startup Cost": 93344.27,
                  "Total Cost": 439513.65,
                  "Plan Rows": 270682,
                  "Plan Width": 0,
                  "Actual Startup Time": 949.389,
                  "Actual Total Time": 959.141,
                  "Actual Rows": 6874,
                  "Actual Loops": 7,
                  "Inner Unique": false,
                  "Hash Cond": "(ci.movie_id = t.id)",
                  "Plans": [
                    {
                      "Node Type": "Index Scan",
                      "Parent Relationship": "Outer",
                      "Parallel Aware": true,
                      "Scan Direction": "Forward",
                      "Index Name": "role_id_cast_info",
                      "Relation Name": "cast_info",
                      "Alias": "ci",
                      "Startup Cost": 0.56,
                      "Total Cost": 341155.22,
                      "Plan Rows": 1104416,
                      "Plan Width": 4,
                      "Actual Startup Time": 451.1,
                      "Actual Total Time": 454.338,
                      "Actual Rows": 11665,
                      "Actual Loops": 7,
                      "Index Cond": "(role_id < 2)",
                      "Rows Removed by Index Recheck": 0,
                      "Filter": "(person_id > 1728409)",
                      "Rows Removed by Filter": 1798433
                    },
                    {
                      "Node Type": "Hash",
                      "Parent Relationship": "Inner",
                      "Parallel Aware": true,
                      "Startup Cost": 90844.94,
                      "Total Cost": 90844.94,
                      "Plan Rows": 199901,
                      "Plan Width": 8,
                      "Actual Startup Time": 495.628,
                      "Actual Total Time": 495.749,
                      "Actual Rows": 88227,
                      "Actual Loops": 7,
                      "Hash Buckets": 1048576,
                      "Original Hash Buckets": 1048576,
                      "Hash Batches": 1,
                      "Original Hash Batches": 1,
                      "Peak Memory Usage": 32448,
                      "Plans": [
                        {
                          "Node Type": "Hash Join",
                          "Parent Relationship": "Outer",
                          "Parallel Aware": true,
                          "Join Type": "Inner",
                          "Startup Cost": 63367.44,
                          "Total Cost": 90844.94,
                          "Plan Rows": 199901,
                          "Plan Width": 8,
                          "Actual Startup Time": 339.297,
                          "Actual Total Time": 443.306,
                          "Actual Rows": 88227,
                          "Actual Loops": 7,
                          "Inner Unique": true,
                          "Hash Cond": "(mk.movie_id = t.id)",
                          "Plans": [
                            {
                              "Node Type": "Bitmap Heap Scan",
                              "Parent Relationship": "Outer",
                              "Parallel Aware": true,
                              "Relation Name": "movie_keyword",
                              "Alias": "mk",
                              "Startup Cost": 13147.05,
                              "Total Cost": 40099.82,
                              "Plan Rows": 199901,
                              "Plan Width": 4,
                              "Actual Startup Time": 37.575,
                              "Actual Total Time": 97.975,
                              "Actual Rows": 88227,
                              "Actual Loops": 7,
                              "Recheck Cond": "(keyword_id > 29534)",
                              "Rows Removed by Index Recheck": 0,
                              "Exact Heap Blocks": 5191,
                              "Lossy Heap Blocks": 0,
                              "Plans": [
                                {
                                  "Node Type": "Bitmap Index Scan",
                                  "Parent Relationship": "Outer",
                                  "Parallel Aware": false,
                                  "Index Name": "keyword_id_movie_keyword",
                                  "Startup Cost": 0.0,
                                  "Total Cost": 12992.13,
                                  "Plan Rows": 619693,
                                  "Plan Width": 0,
                                  "Actual Startup Time": 33.753,
                                  "Actual Total Time": 33.753,
                                  "Actual Rows": 617587,
                                  "Actual Loops": 1,
                                  "Index Cond": "(keyword_id > 29534)"
                                }
                              ]
                            },
                            {
                              "Node Type": "Hash",
                              "Parent Relationship": "Inner",
                              "Parallel Aware": true,
                              "Startup Cost": 42319.06,
                              "Total Cost": 42319.06,
                              "Plan Rows": 632106,
                              "Plan Width": 4,
                              "Actual Startup Time": 297.445,
                              "Actual Total Time": 297.447,
                              "Actual Rows": 361187,
                              "Actual Loops": 7,
                              "Hash Buckets": 4194304,
                              "Original Hash Buckets": 4194304,
                              "Hash Batches": 1,
                              "Original Hash Batches": 1,
                              "Peak Memory Usage": 131744,
                              "Plans": [
                                {
                                  "Node Type": "Seq Scan",
                                  "Parent Relationship": "Outer",
                                  "Parallel Aware": true,
                                  "Relation Name": "title",
                                  "Alias": "t",
                                  "Startup Cost": 0.0,
                                  "Total Cost": 42319.06,
                                  "Plan Rows": 632106,
                                  "Plan Width": 4,
                                  "Actual Startup Time": 0.06,
                                  "Actual Total Time": 87.112,
                                  "Actual Rows": 361187,
                                  "Actual Loops": 7
                                }
                              ]
                            }
                          ]
                        }
                      ]
                    }
                  ]
                }
              ]
            }
          ]
        }
      ]
    },
    "Planning Time": 0.904,
    "Triggers": [],
    "Execution Time": 1045.02
  }
]