[
  {
    "Plan": {
      "Node Type": "Aggregate",
      "Strategy": "Plain",
      "Partial Mode": "Finalize",
      "Parallel Aware": false,
      "Startup Cost": 32967.8,
      "Total Cost": 32967.81,
      "Plan Rows": 1,
      "Plan Width": 8,
      "Actual Startup Time": 95.21,
      "Actual Total Time": 103.508,
      "Actual Rows": 1,
      "Actual Loops": 1,
      "Plans": [
        {
          "Node Type": "Gather",
          "Parent Relationship": "Outer",
          "Parallel Aware": false,
          "Startup Cost": 32967.49,
          "Total Cost": 32967.8,
          "Plan Rows": 3,
          "Plan Width": 8,
          "Actual Startup Time": 95.038,
          "Actual Total Time": 103.498,
          "Actual Rows": 4,
          "Actual Loops": 1,
          "Workers Planned": 3,
          "Workers Launched": 3,
          "Single Copy": false,
          "Plans": [
            {
              "Node Type": "Aggregate",
              "Strategy": "Plain",
              "Partial Mode": "Partial",
              "Parent Relationship": "Outer",
              "Parallel Aware": false,
              "Startup Cost": 31967.49,
              "Total Cost": 31967.5,
              "Plan Rows": 1,
              "Plan Width": 8,
              "Actual Startup Time": 89.652,
              "Actual Total Time": 89.653,
              "Actual Rows": 1,
              "Actual Loops": 4,
              "Plans": [
                {
                  "Node Type": "Seq Scan",
                  "Parent Relationship": "Outer",
                  "Parallel Aware": true,
                  "Relation Name": "movie_companies",
                  "Alias": "mc",
                  "Startup Cost": 0.0,
                  "Total Cost": 31414.82,
                  "Plan Rows": 221067,
                  "Plan Width": 0,
                  "Actual Startup Time": 0.027,
                  "Actual Total Time": 76.522,
                  "Actual Rows": 239587,
                  "Actual Loops": 4,
                  "Filter": "((company_id < 12363) AND (company_type_id < 2))",
                  "Rows Removed by Filter": 412695
                }
              ]
            }
          ]
        }
      ]
    },
    "Planning Time": 0.117,
    "Triggers": [],
    "Execution Time": 103.54
  }
]