[
  {
    "Plan": {
      "Node Type": "Aggregate",
      "Strategy": "Plain",
      "Partial Mode": "Finalize",
      "Parallel Aware": false,
      "Startup Cost": 214347.07,
      "Total Cost": 214347.08,
      "Plan Rows": 1,
      "Plan Width": 8,
      "Actual Startup Time": 1938.965,
      "Actual Total Time": 1986.58,
      "Actual Rows": 1,
      "Actual Loops": 1,
      "Plans": [
        {
          "Node Type": "Gather",
          "Parent Relationship": "Outer",
          "Parallel Aware": false,
          "Startup Cost": 214346.75,
          "Total Cost": 214347.06,
          "Plan Rows": 3,
          "Plan Width": 8,
          "Actual Startup Time": 1929.207,
          "Actual Total Time": 1986.569,
          "Actual Rows": 4,
          "Actual Loops": 1,
          "Workers Planned": 3,
          "Workers Launched": 3,
          "Single Copy": false,
          "Plans": [
            {
              "Node Type": "Aggregate",
              "Strategy": "Plain",
              "Partial Mode": "Partial",
              "Parent Relationship": "Outer",
              "Parallel Aware": false,
              "Startup Cost": 213346.75,
              "Total Cost": 213346.76,
              "Plan Rows": 1,
              "Plan Width": 8,
              "Actual Startup Time": 1916.121,
              "Actual Total Time": 1916.125,
              "Actual Rows": 1,
              "Actual Loops": 4,
              "Plans": [
                {
                  "Node Type": "Nested Loop",
                  "Parent Relationship": "Outer",
                  "Parallel Aware": false,
                  "Join Type": "Inner",
                  "Startup Cost": 54782.94,
                  "Total Cost": 212329.02,
                  "Plan Rows": 407093,
                  "Plan Width": 0,
                  "Actual Startup Time": 379.812,
                  "Actual Total Time": 1759.01,
                  "Actual Rows": 3348602,
                  "Actual Loops": 4,
                  "Inner Unique": false,
                  "Plans": [
                    {
                      "Node Type": "Hash Join",
                      "Parent Relationship": "Outer",
                      "Parallel Aware": true,
                      "Join Type": "Inner",
                      "Startup Cost": 54782.51,
                      "Total Cost": 80285.15,
                      "Plan Rows": 69332,
                      "Plan Width": 8,
                      "Actual Startup Time": 379.642,
                      "Actual Total Time": 445.041,
                      "Actual Rows": 54840,
                      "Actual Loops": 4,
                      "Inner Unique": true,
                      "Hash Cond": "(mk.movie_id = t.id)",
                      "Plans": [
                        {
                          "Node Type": "Bitmap Heap Scan",
                          "Parent Relationship": "Outer",
                          "Parallel Aware": true,
                          "Relation Name": "movie_keyword",
                          "Alias": "mk",
                          "Startup Cost": 4562.12,
                          "Total Cost": 29882.77,
                          "Plan Rows": 69332,
                          "Plan Width": 4,
                          "Actual Startup Time": 17.027,
                          "Actual Total Time": 52.682,
                          "Actual Rows": 54840,
                          "Actual Loops": 4,
                          "Recheck Cond": "(keyword_id > 64915)",
                          "Rows Removed by Index Recheck": 0,
                          "Exact Heap Blocks": 6090,
                          "Lossy Heap Blocks": 0,
                          "Plans": [
                            {
                              "Node Type": "Bitmap Index Scan",
                              "Parent Relationship": "Outer",
                              "Parallel Aware": false,
                              "Index Name": "keyword_id_movie_keyword",
                              "Startup Cost": 0.0,
                              "Total Cost": 4508.39,
                              "Plan Rows": 214928,
                              "Plan Width": 0,
                              "Actual Startup Time": 13.951,
                              "Actual Total Time": 13.952,
                              "Actual Rows": 219359,
                              "Actual Loops": 1,
                              "Index Cond": "(keyword_id > 64915)"
                            }
                          ]
                        },
                        {
                          "Node Type": "Hash",
                          "Parent Relationship": "Inner",
                          "Parallel Aware": true,
                          "Startup Cost": 42319.06,
                          "Total Cost": 42319.06,
                          "Plan Rows": 632106,
                          "Plan Width": 4,
                          "Actual Startup Time": 353.925,
                          "Actual Total Time": 353.926,
                          "Actual Rows": 632078,
                          "Actual Loops": 4,
                          "Hash Buckets": 4194304,
                          "Original Hash Buckets": 4194304,
                          "Hash Batches": 1,
                          "Original Hash Batches": 1,
                          "Peak Memory Usage": 131776,
                          "Plans": [
                            {
                              "Node Type": "Seq Scan",
                              "Parent Relationship": "Outer",
                              "Parallel Aware": true,
                              "Relation Name": "title",
                              "Alias": "t",
                              "Startup Cost": 0.0,
                              "Total Cost": 42319.06,
                              "Plan Rows": 632106,
                              "Plan Width": 4,
                              "Actual Startup Time": 0.044,
                              "Actual Total Time": 104.162,
                              "Actual Rows": 632078,
                              "Actual Loops": 4
                            }
                          ]
                        }
                      ]
                    },
                    {
                      "Node Type": "Index Only Scan",
                      "Parent Relationship": "Inner",
                      "Parallel Aware": false,
                      "Scan Direction": "Forward",
                      "Index Name": "movie_id_movie_info",
                      "Relation Name": "movie_info",
                      "Alias": "mi",
                      "Startup Cost": 0.43,
                      "Total Cost": 1.49,
                      "Plan Rows": 41,
                      "Plan Width": 4,
                      "Actual Startup Time": 0.004,
                      "Actual Total Time": 0.019,
                      "Actual Rows": 61,
                      "Actual Loops": 219359,
                      "Index Cond": "(movie_id = t.id)",
                      "Rows Removed by Index Recheck": 0,
                      "Heap Fetches": 13394409
                    }
                  ]
                }
              ]
            }
          ]
        }
      ]
    },
    "Planning Time": 0.976,
    "Triggers": [],
    "Execution Time": 1986.662
  }
]