[
  {
    "Plan": {
      "Node Type": "Aggregate",
      "Strategy": "Plain",
      "Partial Mode": "Finalize",
      "Parallel Aware": false,
      "Startup Cost": 78400.03,
      "Total Cost": 78400.04,
      "Plan Rows": 1,
      "Plan Width": 8,
      "Actual Startup Time": 313.431,
      "Actual Total Time": 334.978,
      "Actual Rows": 1,
      "Actual Loops": 1,
      "Plans": [
        {
          "Node Type": "Gather",
          "Parent Relationship": "Outer",
          "Parallel Aware": false,
          "Startup Cost": 78399.71,
          "Total Cost": 78400.02,
          "Plan Rows": 3,
          "Plan Width": 8,
          "Actual Startup Time": 311.458,
          "Actual Total Time": 334.966,
          "Actual Rows": 4,
          "Actual Loops": 1,
          "Workers Planned": 3,
          "Workers Launched": 3,
          "Single Copy": false,
          "Plans": [
            {
              "Node Type": "Aggregate",
              "Strategy": "Plain",
              "Partial Mode": "Partial",
              "Parent Relationship": "Outer",
              "Parallel Aware": false,
              "Startup Cost": 77399.71,
              "Total Cost": 77399.72,
              "Plan Rows": 1,
              "Plan Width": 8,
              "Actual Startup Time": 304.154,
              "Actual Total Time": 304.158,
              "Actual Rows": 1,
              "Actual Loops": 4,
              "Plans": [
                {
                  "Node Type": "Hash Join",
                  "Parent Relationship": "Outer",
                  "Parallel Aware": true,
                  "Join Type": "Inner",
                  "Startup Cost": 46832.64,
                  "Total Cost": 77223.54,
                  "Plan Rows": 70469,
                  "Plan Width": 0,
                  "Actual Startup Time": 155.327,
                  "Actual Total Time": 299.868,
                  "Actual Rows": 73601,
                  "Actual Loops": 4,
                  "Inner Unique": true,
                  "Hash Cond": "(mc.movie_id = t.id)",
                  "Plans": [
                    {
                      "Node Type": "Seq Scan",
                      "Parent Relationship": "Outer",
                      "Parallel Aware": true,
                      "Relation Name": "movie_companies",
                      "Alias": "mc",
                      "Startup Cost": 0.0,
                      "Total Cost": 29310.68,
                      "Plan Rows": 411513,
                      "Plan Width": 4,
                      "Actual Startup Time": 0.011,
                      "Actual Total Time": 82.839,
                      "Actual Rows": 318562,
                      "Actual Loops": 4,
                      "Filter": "(company_type_id < 2)",
                      "Rows Removed by Filter": 333721
                    },
                    {
                      "Node Type": "Hash",
                      "Parent Relationship": "Inner",
                      "Parallel Aware": true,
                      "Startup Cost": 45479.59,
                      "Total Cost": 45479.59,
                      "Plan Rows": 108244,
                      "Plan Width": 4,
                      "Actual Startup Time": 152.628,
                      "Actual Total Time": 152.63,
                      "Actual Rows": 92062,
                      "Actual Loops": 4,
                      "Hash Buckets": 524288,
                      "Original Hash Buckets": 524288,
                      "Hash Batches": 1,
                      "Original Hash Batches": 1,
                      "Peak Memory Usage": 18560,
                      "Plans": [
                        {
                          "Node Type": "Seq Scan",
                          "Parent Relationship": "Outer",
                          "Parallel Aware": true,
                          "Relation Name": "title",
                          "Alias": "t",
                          "Startup Cost": 0.0,
                          "Total Cost": 45479.59,
                          "Plan Rows": 108244,
                          "Plan Width": 4,
                          "Actual Startup Time": 0.045,
                          "Actual Total Time": 115.631,
                          "Actual Rows": 92062,
                          "Actual Loops": 4,
                          "Filter": "((kind_id < 7) AND (production_year > 2004))",
                          "Rows Removed by Filter": 540016
                        }
                      ]
                    }
                  ]
                }
              ]
            }
          ]
        }
      ]
    },
    "Planning Time": 0.47,
    "Triggers": [],
    "Execution Time": 335.027
  }
]