{
  "Plan": {
    "Node Type": "Aggregate",
    "Strategy": "Plain",
    "Partial Mode": "Finalize",
    "Parallel Aware": false,
    "Startup Cost": 160431.38,
    "Total Cost": 160431.39,
    "Plan Rows": 1,
    "Plan Width": 8,
    "Actual Startup Time": 884.905,
    "Actual Total Time": 902.312,
    "Actual Rows": 1,
    "Actual Loops": 1,
    "Plans": [
      {
        "Node Type": "Gather",
        "Parent Relationship": "Outer",
        "Parallel Aware": false,
        "Startup Cost": 160431.27,
        "Total Cost": 160431.38,
        "Plan Rows": 1,
        "Plan Width": 8,
        "Actual Startup Time": 883.201,
        "Actual Total Time": 902.295,
        "Actual Rows": 2,
        "Actual Loops": 1,
        "Workers Planned": 1,
        "Workers Launched": 1,
        "Single Copy": false,
        "Plans": [
          {
            "Node Type": "Aggregate",
            "Strategy": "Plain",
            "Partial Mode": "Partial",
            "Parent Relationship": "Outer",
            "Parallel Aware": false,
            "Startup Cost": 159431.27,
            "Total Cost": 159431.28,
            "Plan Rows": 1,
            "Plan Width": 8,
            "Actual Startup Time": 877.011,
            "Actual Total Time": 877.714,
            "Actual Rows": 1,
            "Actual Loops": 2,
            "Plans": [
              {
                "Node Type": "Hash Join",
                "Parent Relationship": "Outer",
                "Parallel Aware": true,
                "Join Type": "Inner",
                "Startup Cost": 118544.22,
                "Total Cost": 159134.87,
                "Plan Rows": 118558,
                "Plan Width": 0,
                "Actual Startup Time": 522.685,
                "Actual Total Time": 833.303,
                "Actual Rows": 1113380,
                "Actual Loops": 2,
                "Inner Unique": false,
                "Hash Cond": "(mc.movie_id = t.id)",
                "Plans": [
                  {
                    "Node Type": "Seq Scan",
                    "Parent Relationship": "Outer",
                    "Parallel Aware": true,
                    "Relation Name": "movie_companies",
                    "Alias": "mc",
                    "Startup Cost": 0.0,
                    "Total Cost": 34137.82,
                    "Plan Rows": 1534782,
                    "Plan Width": 4,
                    "Actual Startup Time": 0.015,
                    "Actual Total Time": 100.878,
                    "Actual Rows": 1304564,
                    "Actual Loops": 2
                  },
                  {
                    "Node Type": "Hash",
                    "Parent Relationship": "Inner",
                    "Parallel Aware": true,
                    "Startup Cost": 117108.16,
                    "Total Cost": 117108.16,
                    "Plan Rows": 114885,
                    "Plan Width": 8,
                    "Actual Startup Time": 517.435,
                    "Actual Total Time": 518.135,
                    "Actual Rows": 162924,
                    "Actual Loops": 2,
                    "Hash Buckets": 524288,
                    "Original Hash Buckets": 262144,
                    "Hash Batches": 1,
                    "Original Hash Batches": 1,
                    "Peak Memory Usage": 18912,
                    "Plans": [
                      {
                        "Node Type": "Hash Join",
                        "Parent Relationship": "Outer",
                        "Parallel Aware": true,
                        "Join Type": "Inner",
                        "Startup Cost": 56592.41,
                        "Total Cost": 117108.16,
                        "Plan Rows": 114885,
                        "Plan Width": 8,
                        "Actual Startup Time": 198.68,
                        "Actual Total Time": 479.053,
                        "Actual Rows": 162924,
                        "Actual Loops": 2,
                        "Inner Unique": true,
                        "Hash Cond": "(mk.movie_id = t.id)",
                        "Plans": [
                          {
                            "Node Type": "Seq Scan",
                            "Parent Relationship": "Outer",
                            "Parallel Aware": true,
                            "Relation Name": "movie_keyword",
                            "Alias": "mk",
                            "Startup Cost": 0.0,
                            "Total Cost": 57718.19,
                            "Plan Rows": 1065735,
                            "Plan Width": 4,
                            "Actual Startup Time": 0.694,
                            "Actual Total Time": 179.235,
                            "Actual Rows": 909178,
                            "Actual Loops": 2,
                            "Filter": "(keyword_id > 7637)",
                            "Rows Removed by Filter": 1352788
                          },
                          {
                            "Node Type": "Hash",
                            "Parent Relationship": "Inner",
                            "Parallel Aware": true,
                            "Startup Cost": 54588.39,
                            "Total Cost": 54588.39,
                            "Plan Rows": 160322,
                            "Plan Width": 4,
                            "Actual Startup Time": 193.528,
                            "Actual Total Time": 193.53,
                            "Actual Rows": 142528,
                            "Actual Loops": 2,
                            "Hash Buckets": 524288,
                            "Original Hash Buckets": 524288,
                            "Hash Batches": 1,
                            "Original Hash Batches": 1,
                            "Peak Memory Usage": 15296,
                            "Plans": [
                              {
                                "Node Type": "Seq Scan",
                                "Parent Relationship": "Outer",
                                "Parallel Aware": true,
                                "Relation Name": "title",
                                "Alias": "t",
                                "Startup Cost": 0.0,
                                "Total Cost": 54588.39,
                                "Plan Rows": 160322,
                                "Plan Width": 4,
                                "Actual Startup Time": 0.029,
                                "Actual Total Time": 146.866,
                                "Actual Rows": 142528,
                                "Actual Loops": 2,
                                "Filter": "(production_year < 1964)",
                                "Rows Removed by Filter": 1121628
                              }
                            ]
                          }
                        ]
                      }
                    ]
                  }
                ]
              }
            ]
          }
        ]
      }
    ]
  },
  "Planning Time": 1.012,
  "Triggers": [],
  "Execution Time": 902.413
}