[
  {
    "Plan": {
      "Node Type": "Aggregate",
      "Strategy": "Plain",
      "Partial Mode": "Finalize",
      "Parallel Aware": false,
      "Startup Cost": 60641.49,
      "Total Cost": 60641.5,
      "Plan Rows": 1,
      "Plan Width": 8,
      "Actual Startup Time": 164.128,
      "Actual Total Time": 179.473,
      "Actual Rows": 1,
      "Actual Loops": 1,
      "Plans": [
        {
          "Node Type": "Gather",
          "Parent Relationship": "Outer",
          "Parallel Aware": false,
          "Startup Cost": 60641.27,
          "Total Cost": 60641.48,
          "Plan Rows": 2,
          "Plan Width": 8,
          "Actual Startup Time": 163.757,
          "Actual Total Time": 179.465,
          "Actual Rows": 3,
          "Actual Loops": 1,
          "Workers Planned": 2,
          "Workers Launched": 2,
          "Single Copy": false,
          "Plans": [
            {
              "Node Type": "Aggregate",
              "Strategy": "Plain",
              "Partial Mode": "Partial",
              "Parent Relationship": "Outer",
              "Parallel Aware": false,
              "Startup Cost": 59641.27,
              "Total Cost": 59641.28,
              "Plan Rows": 1,
              "Plan Width": 8,
              "Actual Startup Time": 160.759,
              "Actual Total Time": 160.777,
              "Actual Rows": 1,
              "Actual Loops": 3,
              "Plans": [
                {
                  "Node Type": "Hash Join",
                  "Parent Relationship": "Outer",
                  "Parallel Aware": true,
                  "Join Type": "Inner",
                  "Startup Cost": 44013.62,
                  "Total Cost": 59634.41,
                  "Plan Rows": 2745,
                  "Plan Width": 0,
                  "Actual Startup Time": 104.561,
                  "Actual Total Time": 160.591,
                  "Actual Rows": 2605,
                  "Actual Loops": 3,
                  "Inner Unique": true,
                  "Hash Cond": "(mi_idx.movie_id = t.id)",
                  "Plans": [
                    {
                      "Node Type": "Seq Scan",
                      "Parent Relationship": "Outer",
                      "Parallel Aware": true,
                      "Relation Name": "movie_info_idx",
                      "Alias": "mi_idx",
                      "Startup Cost": 0.0,
                      "Total Cost": 15122.68,
                      "Plan Rows": 189755,
                      "Plan Width": 4,
                      "Actual Startup Time": 0.014,
                      "Actual Total Time": 39.159,
                      "Actual Rows": 153308,
                      "Actual Loops": 3,
                      "Filter": "(info_type_id = 99)",
                      "Rows Removed by Filter": 306703
                    },
                    {
                      "Node Type": "Hash",
                      "Parent Relationship": "Inner",
                      "Parallel Aware": true,
                      "Startup Cost": 43899.32,
                      "Total Cost": 43899.32,
                      "Plan Rows": 9144,
                      "Plan Width": 4,
                      "Actual Startup Time": 103.473,
                      "Actual Total Time": 103.474,
                      "Actual Rows": 12146,
                      "Actual Loops": 3,
                      "Hash Buckets": 65536,
                      "Original Hash Buckets": 65536,
                      "Hash Batches": 1,
                      "Original Hash Batches": 1,
                      "Peak Memory Usage": 1952,
                      "Plans": [
                        {
                          "Node Type": "Seq Scan",
                          "Parent Relationship": "Outer",
                          "Parallel Aware": true,
                          "Relation Name": "title",
                          "Alias": "t",
                          "Startup Cost": 0.0,
                          "Total Cost": 43899.32,
                          "Plan Rows": 9144,
                          "Plan Width": 4,
                          "Actual Startup Time": 0.02,
                          "Actual Total Time": 98.528,
                          "Actual Rows": 12146,
                          "Actual Loops": 3,
                          "Filter": "(production_year = 1995)",
                          "Rows Removed by Filter": 830625
                        }
                      ]
                    }
                  ]
                }
              ]
            }
          ]
        }
      ]
    },
    "Planning Time": 0.291,
    "Triggers": [],
    "Execution Time": 179.512
  }
]