[
  {
    "Plan": {
      "Node Type": "Aggregate",
      "Strategy": "Plain",
      "Partial Mode": "Finalize",
      "Parallel Aware": false,
      "Startup Cost": 392677.88,
      "Total Cost": 392677.89,
      "Plan Rows": 1,
      "Plan Width": 8,
      "Actual Startup Time": 909.742,
      "Actual Total Time": 950.243,
      "Actual Rows": 1,
      "Actual Loops": 1,
      "Plans": [
        {
          "Node Type": "Gather",
          "Parent Relationship": "Outer",
          "Parallel Aware": false,
          "Startup Cost": 392677.25,
          "Total Cost": 392677.86,
          "Plan Rows": 6,
          "Plan Width": 8,
          "Actual Startup Time": 906.765,
          "Actual Total Time": 950.233,
          "Actual Rows": 7,
          "Actual Loops": 1,
          "Workers Planned": 6,
          "Workers Launched": 6,
          "Single Copy": false,
          "Plans": [
            {
              "Node Type": "Aggregate",
              "Strategy": "Plain",
              "Partial Mode": "Partial",
              "Parent Relationship": "Outer",
              "Parallel Aware": false,
              "Startup Cost": 391677.25,
              "Total Cost": 391677.26,
              "Plan Rows": 1,
              "Plan Width": 8,
              "Actual Startup Time": 898.211,
              "Actual Total Time": 898.278,
              "Actual Rows": 1,
              "Actual Loops": 7,
              "Plans": [
                {
                  "Node Type": "Hash Join",
                  "Parent Relationship": "Outer",
                  "Parallel Aware": true,
                  "Join Type": "Inner",
                  "Startup Cost": 46062.73,
                  "Total Cost": 391384.63,
                  "Plan Rows": 117049,
                  "Plan Width": 0,
                  "Actual Startup Time": 108.584,
                  "Actual Total Time": 885.424,
                  "Actual Rows": 234438,
                  "Actual Loops": 7,
                  "Inner Unique": true,
                  "Hash Cond": "(ci.movie_id = t.id)",
                  "Plans": [
                    {
                      "Node Type": "Index Scan",
                      "Parent Relationship": "Outer",
                      "Parallel Aware": true,
                      "Scan Direction": "Forward",
                      "Index Name": "role_id_cast_info",
                      "Relation Name": "cast_info",
                      "Alias": "ci",
                      "Startup Cost": 0.56,
                      "Total Cost": 341155.22,
                      "Plan Rows": 1587520,
                      "Plan Width": 4,
                      "Actual Startup Time": 0.276,
                      "Actual Total Time": 439.271,
                      "Actual Rows": 1810098,
                      "Actual Loops": 7,
                      "Index Cond": "(role_id < 2)",
                      "Rows Removed by Index Recheck": 0,
                      "Filter": "(person_id < 2800890)",
                      "Rows Removed by Filter": 0
                    },
                    {
                      "Node Type": "Hash",
                      "Parent Relationship": "Inner",
                      "Parallel Aware": true,
                      "Startup Cost": 45479.59,
                      "Total Cost": 45479.59,
                      "Plan Rows": 46606,
                      "Plan Width": 4,
                      "Actual Startup Time": 106.677,
                      "Actual Total Time": 106.679,
                      "Actual Rows": 42949,
                      "Actual Loops": 7,
                      "Hash Buckets": 524288,
                      "Original Hash Buckets": 262144,
                      "Hash Batches": 1,
                      "Original Hash Batches": 1,
                      "Peak Memory Usage": 18016,
                      "Plans": [
                        {
                          "Node Type": "Seq Scan",
                          "Parent Relationship": "Outer",
                          "Parallel Aware": true,
                          "Relation Name": "title",
                          "Alias": "t",
                          "Startup Cost": 0.0,
                          "Total Cost": 45479.59,
                          "Plan Rows": 46606,
                          "Plan Width": 4,
                          "Actual Startup Time": 0.103,
                          "Actual Total Time": 77.706,
                          "Actual Rows": 42949,
                          "Actual Loops": 7,
                          "Filter": "((kind_id < 7) AND (production_year < 1979))",
                          "Rows Removed by Filter": 318238
                        }
                      ]
                    }
                  ]
                }
              ]
            }
          ]
        }
      ]
    },
    "Planning Time": 0.593,
    "Triggers": [],
    "Execution Time": 950.328
  }
]