[
  {
    "Plan": {
      "Node Type": "Aggregate",
      "Strategy": "Plain",
      "Partial Mode": "Simple",
      "Parallel Aware": false,
      "Startup Cost": 17399.32,
      "Total Cost": 17399.33,
      "Plan Rows": 1,
      "Plan Width": 8,
      "Actual Startup Time": 11.034,
      "Actual Total Time": 11.036,
      "Actual Rows": 1,
      "Actual Loops": 1,
      "Plans": [
        {
          "Node Type": "Bitmap Heap Scan",
          "Parent Relationship": "Outer",
          "Parallel Aware": false,
          "Relation Name": "movie_companies",
          "Alias": "mc",
          "Startup Cost": 247.38,
          "Total Cost": 17371.27,
          "Plan Rows": 11219,
          "Plan Width": 0,
          "Actual Startup Time": 1.995,
          "Actual Total Time": 9.279,
          "Actual Rows": 10667,
          "Actual Loops": 1,
          "Recheck Cond": "(company_id = 11)",
          "Rows Removed by Index Recheck": 0,
          "Exact Heap Blocks": 1230,
          "Lossy Heap Blocks": 0,
          "Plans": [
            {
              "Node Type": "Bitmap Index Scan",
              "Parent Relationship": "Outer",
              "Parallel Aware": false,
              "Index Name": "company_id_movie_companies",
              "Startup Cost": 0.0,
              "Total Cost": 244.57,
              "Plan Rows": 11219,
              "Plan Width": 0,
              "Actual Startup Time": 1.525,
              "Actual Total Time": 1.526,
              "Actual Rows": 10667,
              "Actual Loops": 1,
              "Index Cond": "(company_id = 11)"
            }
          ]
        }
      ]
    },
    "Planning Time": 0.172,
    "Triggers": [],
    "Execution Time": 11.1
  }
]