[
  {
    "Plan": {
      "Node Type": "Aggregate",
      "Strategy": "Plain",
      "Partial Mode": "Finalize",
      "Parallel Aware": false,
      "Startup Cost": 600525.07,
      "Total Cost": 600525.08,
      "Plan Rows": 1,
      "Plan Width": 8,
      "Actual Startup Time": 5748.888,
      "Actual Total Time": 5850.347,
      "Actual Rows": 1,
      "Actual Loops": 1,
      "Plans": [
        {
          "Node Type": "Gather",
          "Parent Relationship": "Outer",
          "Parallel Aware": false,
          "Startup Cost": 600524.45,
          "Total Cost": 600525.06,
          "Plan Rows": 6,
          "Plan Width": 8,
          "Actual Startup Time": 5732.357,
          "Actual Total Time": 5850.33,
          "Actual Rows": 7,
          "Actual Loops": 1,
          "Workers Planned": 6,
          "Workers Launched": 6,
          "Single Copy": false,
          "Plans": [
            {
              "Node Type": "Aggregate",
              "Strategy": "Plain",
              "Partial Mode": "Partial",
              "Parent Relationship": "Outer",
              "Parallel Aware": false,
              "Startup Cost": 599524.45,
              "Total Cost": 599524.46,
              "Plan Rows": 1,
              "Plan Width": 8,
              "Actual Startup Time": 5722.577,
              "Actual Total Time": 5722.925,
              "Actual Rows": 1,
              "Actual Loops": 7,
              "Plans": [
                {
                  "Node Type": "Hash Join",
                  "Parent Relationship": "Outer",
                  "Parallel Aware": true,
                  "Join Type": "Inner",
                  "Startup Cost": 252967.89,
                  "Total Cost": 593528.48,
                  "Plan Rows": 2398387,
                  "Plan Width": 0,
                  "Actual Startup Time": 1348.11,
                  "Actual Total Time": 5146.571,
                  "Actual Rows": 11755037,
                  "Actual Loops": 7,
                  "Inner Unique": false,
                  "Hash Cond": "(ci.movie_id = t.id)",
                  "Plans": [
                    {
                      "Node Type": "Seq Scan",
                      "Parent Relationship": "Outer",
                      "Parallel Aware": true,
                      "Relation Name": "cast_info",
                      "Alias": "ci",
                      "Startup Cost": 0.0,
                      "Total Cost": 313106.51,
                      "Plan Rows": 6041951,
                      "Plan Width": 4,
                      "Actual Startup Time": 0.026,
                      "Actual Total Time": 594.037,
                      "Actual Rows": 5177763,
                      "Actual Loops": 7
                    },
                    {
                      "Node Type": "Hash",
                      "Parent Relationship": "Inner",
                      "Parallel Aware": true,
                      "Startup Cost": 250458.71,
                      "Total Cost": 250458.71,
                      "Plan Rows": 200734,
                      "Plan Width": 8,
                      "Actual Startup Time": 1345.415,
                      "Actual Total Time": 1345.761,
                      "Actual Rows": 476810,
                      "Actual Loops": 7,
                      "Hash Buckets": 4194304,
                      "Original Hash Buckets": 1048576,
                      "Hash Batches": 1,
                      "Original Hash Batches": 1,
                      "Peak Memory Usage": 188000,
                      "Plans": [
                        {
                          "Node Type": "Hash Join",
                          "Parent Relationship": "Outer",
                          "Parallel Aware": true,
                          "Join Type": "Inner",
                          "Startup Cost": 46304.72,
                          "Total Cost": 250458.71,
                          "Plan Rows": 200734,
                          "Plan Width": 8,
                          "Actual Startup Time": 127.385,
                          "Actual Total Time": 844.659,
                          "Actual Rows": 476810,
                          "Actual Loops": 7,
                          "Inner Unique": true,
                          "Hash Cond": "(mi.movie_id = t.id)",
                          "Plans": [
                            {
                              "Node Type": "Seq Scan",
                              "Parent Relationship": "Outer",
                              "Parallel Aware": true,
                              "Relation Name": "movie_info",
                              "Alias": "mi",
                              "Startup Cost": 0.0,
                              "Total Cost": 199108.24,
                              "Plan Rows": 1922185,
                              "Plan Width": 4,
                              "Actual Startup Time": 0.033,
                              "Actual Total Time": 430.377,
                              "Actual Rows": 1366450,
                              "Actual Loops": 7,
                              "Filter": "(info_type_id < 16)",
                              "Rows Removed by Filter": 752938
                            },
                            {
                              "Node Type": "Hash",
                              "Parent Relationship": "Inner",
                              "Parallel Aware": true,
                              "Startup Cost": 45479.59,
                              "Total Cost": 45479.59,
                              "Plan Rows": 66011,
                              "Plan Width": 4,
                              "Actual Startup Time": 114.346,
                              "Actual Total Time": 114.348,
                              "Actual Rows": 53457,
                              "Actual Loops": 7,
                              "Hash Buckets": 524288,
                              "Original Hash Buckets": 524288,
                              "Hash Batches": 1,
                              "Original Hash Batches": 1,
                              "Peak Memory Usage": 18880,
                              "Plans": [
                                {
                                  "Node Type": "Seq Scan",
                                  "Parent Relationship": "Outer",
                                  "Parallel Aware": true,
                                  "Relation Name": "title",
                                  "Alias": "t",
                                  "Startup Cost": 0.0,
                                  "Total Cost": 45479.59,
                                  "Plan Rows": 66011,
                                  "Plan Width": 4,
                                  "Actual Startup Time": 53.263,
                                  "Actual Total Time": 87.146,
                                  "Actual Rows": 53457,
                                  "Actual Loops": 7,
                                  "Filter": "((production_year < 2000) AND (kind_id = 1))",
                                  "Rows Removed by Filter": 307731
                                }
                              ]
                            }
                          ]
                        }
                      ]
                    }
                  ]
                }
              ]
            }
          ]
        }
      ]
    },
    "Planning Time": 0.855,
    "Triggers": [],
    "Execution Time": 5850.419
  }
]