[
  {
    "Plan": {
      "Node Type": "Aggregate",
      "Strategy": "Plain",
      "Partial Mode": "Finalize",
      "Parallel Aware": false,
      "Startup Cost": 341893.65,
      "Total Cost": 341893.66,
      "Plan Rows": 1,
      "Plan Width": 8,
      "Actual Startup Time": 894.831,
      "Actual Total Time": 939.403,
      "Actual Rows": 1,
      "Actual Loops": 1,
      "Plans": [
        {
          "Node Type": "Gather",
          "Parent Relationship": "Outer",
          "Parallel Aware": false,
          "Startup Cost": 341893.02,
          "Total Cost": 341893.63,
          "Plan Rows": 6,
          "Plan Width": 8,
          "Actual Startup Time": 894.698,
          "Actual Total Time": 939.393,
          "Actual Rows": 7,
          "Actual Loops": 1,
          "Workers Planned": 6,
          "Workers Launched": 6,
          "Single Copy": false,
          "Plans": [
            {
              "Node Type": "Aggregate",
              "Strategy": "Plain",
              "Partial Mode": "Partial",
              "Parent Relationship": "Outer",
              "Parallel Aware": false,
              "Startup Cost": 340893.02,
              "Total Cost": 340893.03,
              "Plan Rows": 1,
              "Plan Width": 8,
              "Actual Startup Time": 888.122,
              "Actual Total Time": 888.124,
              "Actual Rows": 1,
              "Actual Loops": 7,
              "Plans": [
                {
                  "Node Type": "Seq Scan",
                  "Parent Relationship": "Outer",
                  "Parallel Aware": true,
                  "Relation Name": "cast_info",
                  "Alias": "ci",
                  "Startup Cost": 0.0,
                  "Total Cost": 328211.39,
                  "Plan Rows": 5072653,
                  "Plan Width": 0,
                  "Actual Startup Time": 0.042,
                  "Actual Total Time": 665.006,
                  "Actual Rows": 4357175,
                  "Actual Loops": 7,
                  "Filter": "(person_id < 3072402)",
                  "Rows Removed by Filter": 820588
                }
              ]
            }
          ]
        }
      ]
    },
    "Planning Time": 0.092,
    "Triggers": [],
    "Execution Time": 939.44
  }
]