[
  {
    "Plan": {
      "Node Type": "Aggregate",
      "Strategy": "Plain",
      "Partial Mode": "Finalize",
      "Parallel Aware": false,
      "Startup Cost": 31690.73,
      "Total Cost": 31690.74,
      "Plan Rows": 1,
      "Plan Width": 8,
      "Actual Startup Time": 110.06,
      "Actual Total Time": 117.882,
      "Actual Rows": 1,
      "Actual Loops": 1,
      "Plans": [
        {
          "Node Type": "Gather",
          "Parent Relationship": "Outer",
          "Parallel Aware": false,
          "Startup Cost": 31690.42,
          "Total Cost": 31690.73,
          "Plan Rows": 3,
          "Plan Width": 8,
          "Actual Startup Time": 109.925,
          "Actual Total Time": 117.869,
          "Actual Rows": 4,
          "Actual Loops": 1,
          "Workers Planned": 3,
          "Workers Launched": 3,
          "Single Copy": false,
          "Plans": [
            {
              "Node Type": "Aggregate",
              "Strategy": "Plain",
              "Partial Mode": "Partial",
              "Parent Relationship": "Outer",
              "Parallel Aware": false,
              "Startup Cost": 30690.42,
              "Total Cost": 30690.43,
              "Plan Rows": 1,
              "Plan Width": 8,
              "Actual Startup Time": 104.631,
              "Actual Total Time": 104.633,
              "Actual Rows": 1,
              "Actual Loops": 4,
              "Plans": [
                {
                  "Node Type": "Seq Scan",
                  "Parent Relationship": "Outer",
                  "Parallel Aware": true,
                  "Relation Name": "movie_companies",
                  "Alias": "mc",
                  "Startup Cost": 0.0,
                  "Total Cost": 29310.68,
                  "Plan Rows": 551894,
                  "Plan Width": 0,
                  "Actual Startup Time": 0.023,
                  "Actual Total Time": 82.068,
                  "Actual Rows": 429758,
                  "Actual Loops": 4,
                  "Filter": "(company_id < 22146)",
                  "Rows Removed by Filter": 222525
                }
              ]
            }
          ]
        }
      ]
    },
    "Planning Time": 0.124,
    "Triggers": [],
    "Execution Time": 117.92
  }
]