[
  {
    "Plan": {
      "Node Type": "Aggregate",
      "Strategy": "Plain",
      "Partial Mode": "Finalize",
      "Parallel Aware": false,
      "Startup Cost": 23970.45,
      "Total Cost": 23970.46,
      "Plan Rows": 1,
      "Plan Width": 8,
      "Actual Startup Time": 63.132,
      "Actual Total Time": 66.944,
      "Actual Rows": 1,
      "Actual Loops": 1,
      "Plans": [
        {
          "Node Type": "Gather",
          "Parent Relationship": "Outer",
          "Parallel Aware": false,
          "Startup Cost": 23970.03,
          "Total Cost": 23970.44,
          "Plan Rows": 4,
          "Plan Width": 8,
          "Actual Startup Time": 62.899,
          "Actual Total Time": 66.937,
          "Actual Rows": 5,
          "Actual Loops": 1,
          "Workers Planned": 4,
          "Workers Launched": 4,
          "Single Copy": false,
          "Plans": [
            {
              "Node Type": "Aggregate",
              "Strategy": "Plain",
              "Partial Mode": "Partial",
              "Parent Relationship": "Outer",
              "Parallel Aware": false,
              "Startup Cost": 22970.03,
              "Total Cost": 22970.04,
              "Plan Rows": 1,
              "Plan Width": 8,
              "Actual Startup Time": 53.349,
              "Actual Total Time": 53.35,
              "Actual Rows": 1,
              "Actual Loops": 5,
              "Plans": [
                {
                  "Node Type": "Index Scan",
                  "Parent Relationship": "Outer",
                  "Parallel Aware": true,
                  "Scan Direction": "Forward",
                  "Index Name": "role_id_cast_info",
                  "Relation Name": "cast_info",
                  "Alias": "ci",
                  "Startup Cost": 0.56,
                  "Total Cost": 22554.34,
                  "Plan Rows": 166276,
                  "Plan Width": 0,
                  "Actual Startup Time": 0.172,
                  "Actual Total Time": 45.227,
                  "Actual Rows": 133269,
                  "Actual Loops": 5,
                  "Index Cond": "(role_id = 6)",
                  "Rows Removed by Index Recheck": 0,
                  "Filter": "(person_id > 637647)",
                  "Rows Removed by Filter": 21466
                }
              ]
            }
          ]
        }
      ]
    },
    "Planning Time": 0.157,
    "Triggers": [],
    "Execution Time": 66.986
  }
]