[
  {
    "Plan": {
      "Node Type": "Aggregate",
      "Strategy": "Plain",
      "Partial Mode": "Finalize",
      "Parallel Aware": false,
      "Startup Cost": 61723.6,
      "Total Cost": 61723.61,
      "Plan Rows": 1,
      "Plan Width": 8,
      "Actual Startup Time": 226.361,
      "Actual Total Time": 240.245,
      "Actual Rows": 1,
      "Actual Loops": 1,
      "Plans": [
        {
          "Node Type": "Gather",
          "Parent Relationship": "Outer",
          "Parallel Aware": false,
          "Startup Cost": 61723.39,
          "Total Cost": 61723.6,
          "Plan Rows": 2,
          "Plan Width": 8,
          "Actual Startup Time": 226.245,
          "Actual Total Time": 240.236,
          "Actual Rows": 3,
          "Actual Loops": 1,
          "Workers Planned": 2,
          "Workers Launched": 2,
          "Single Copy": false,
          "Plans": [
            {
              "Node Type": "Aggregate",
              "Strategy": "Plain",
              "Partial Mode": "Partial",
              "Parent Relationship": "Outer",
              "Parallel Aware": false,
              "Startup Cost": 60723.39,
              "Total Cost": 60723.4,
              "Plan Rows": 1,
              "Plan Width": 8,
              "Actual Startup Time": 218.533,
              "Actual Total Time": 218.536,
              "Actual Rows": 1,
              "Actual Loops": 3,
              "Plans": [
                {
                  "Node Type": "Hash Join",
                  "Parent Relationship": "Outer",
                  "Parallel Aware": true,
                  "Join Type": "Inner",
                  "Startup Cost": 45521.17,
                  "Total Cost": 60715.73,
                  "Plan Rows": 3062,
                  "Plan Width": 0,
                  "Actual Startup Time": 165.533,
                  "Actual Total Time": 218.226,
                  "Actual Rows": 4202,
                  "Actual Loops": 3,
                  "Inner Unique": true,
                  "Hash Cond": "(mi_idx.movie_id = t.id)",
                  "Plans": [
                    {
                      "Node Type": "Seq Scan",
                      "Parent Relationship": "Outer",
                      "Parallel Aware": true,
                      "Relation Name": "movie_info_idx",
                      "Alias": "mi_idx",
                      "Startup Cost": 0.0,
                      "Total Cost": 13685.15,
                      "Plan Rows": 575015,
                      "Plan Width": 4,
                      "Actual Startup Time": 0.024,
                      "Actual Total Time": 43.666,
                      "Actual Rows": 460012,
                      "Actual Loops": 3
                    },
                    {
                      "Node Type": "Hash",
                      "Parent Relationship": "Inner",
                      "Parallel Aware": true,
                      "Startup Cost": 45479.1,
                      "Total Cost": 45479.1,
                      "Plan Rows": 3366,
                      "Plan Width": 4,
                      "Actual Startup Time": 130.388,
                      "Actual Total Time": 130.389,
                      "Actual Rows": 2700,
                      "Actual Loops": 3,
                      "Hash Buckets": 16384,
                      "Original Hash Buckets": 16384,
                      "Hash Batches": 1,
                      "Original Hash Batches": 1,
                      "Peak Memory Usage": 480,
                      "Plans": [
                        {
                          "Node Type": "Seq Scan",
                          "Parent Relationship": "Outer",
                          "Parallel Aware": true,
                          "Relation Name": "title",
                          "Alias": "t",
                          "Startup Cost": 0.0,
                          "Total Cost": 45479.1,
                          "Plan Rows": 3366,
                          "Plan Width": 4,
                          "Actual Startup Time": 85.56,
                          "Actual Total Time": 128.954,
                          "Actual Rows": 2700,
                          "Actual Loops": 3,
                          "Filter": "((kind_id = 1) AND (production_year = 2000))",
                          "Rows Removed by Filter": 840071
                        }
                      ]
                    }
                  ]
                }
              ]
            }
          ]
        }
      ]
    },
    "Planning Time": 0.609,
    "Triggers": [],
    "Execution Time": 240.327
  }
]