[
  {
    "Plan": {
      "Node Type": "Aggregate",
      "Strategy": "Plain",
      "Partial Mode": "Finalize",
      "Parallel Aware": false,
      "Startup Cost": 32994.05,
      "Total Cost": 32994.06,
      "Plan Rows": 1,
      "Plan Width": 8,
      "Actual Startup Time": 96.689,
      "Actual Total Time": 105.335,
      "Actual Rows": 1,
      "Actual Loops": 1,
      "Plans": [
        {
          "Node Type": "Gather",
          "Parent Relationship": "Outer",
          "Parallel Aware": false,
          "Startup Cost": 32993.73,
          "Total Cost": 32994.04,
          "Plan Rows": 3,
          "Plan Width": 8,
          "Actual Startup Time": 96.547,
          "Actual Total Time": 105.328,
          "Actual Rows": 4,
          "Actual Loops": 1,
          "Workers Planned": 3,
          "Workers Launched": 3,
          "Single Copy": false,
          "Plans": [
            {
              "Node Type": "Aggregate",
              "Strategy": "Plain",
              "Partial Mode": "Partial",
              "Parent Relationship": "Outer",
              "Parallel Aware": false,
              "Startup Cost": 31993.73,
              "Total Cost": 31993.74,
              "Plan Rows": 1,
              "Plan Width": 8,
              "Actual Startup Time": 90.067,
              "Actual Total Time": 90.068,
              "Actual Rows": 1,
              "Actual Loops": 4,
              "Plans": [
                {
                  "Node Type": "Seq Scan",
                  "Parent Relationship": "Outer",
                  "Parallel Aware": true,
                  "Relation Name": "movie_companies",
                  "Alias": "mc",
                  "Startup Cost": 0.0,
                  "Total Cost": 31414.82,
                  "Plan Rows": 231564,
                  "Plan Width": 0,
                  "Actual Startup Time": 0.033,
                  "Actual Total Time": 77.108,
                  "Actual Rows": 250998,
                  "Actual Loops": 4,
                  "Filter": "((company_id < 13485) AND (company_type_id < 2))",
                  "Rows Removed by Filter": 401284
                }
              ]
            }
          ]
        }
      ]
    },
    "Planning Time": 0.2,
    "Triggers": [],
    "Execution Time": 105.387
  }
]