[
  {
    "Plan": {
      "Node Type": "Aggregate",
      "Strategy": "Plain",
      "Partial Mode": "Finalize",
      "Parallel Aware": false,
      "Startup Cost": 44614.22,
      "Total Cost": 44614.23,
      "Plan Rows": 1,
      "Plan Width": 8,
      "Actual Startup Time": 129.394,
      "Actual Total Time": 138.852,
      "Actual Rows": 1,
      "Actual Loops": 1,
      "Plans": [
        {
          "Node Type": "Gather",
          "Parent Relationship": "Outer",
          "Parallel Aware": false,
          "Startup Cost": 44613.9,
          "Total Cost": 44614.21,
          "Plan Rows": 3,
          "Plan Width": 8,
          "Actual Startup Time": 129.256,
          "Actual Total Time": 138.843,
          "Actual Rows": 4,
          "Actual Loops": 1,
          "Workers Planned": 3,
          "Workers Launched": 3,
          "Single Copy": false,
          "Plans": [
            {
              "Node Type": "Aggregate",
              "Strategy": "Plain",
              "Partial Mode": "Partial",
              "Parent Relationship": "Outer",
              "Parallel Aware": false,
              "Startup Cost": 43613.9,
              "Total Cost": 43613.91,
              "Plan Rows": 1,
              "Plan Width": 8,
              "Actual Startup Time": 121.794,
              "Actual Total Time": 121.795,
              "Actual Rows": 1,
              "Actual Loops": 4,
              "Plans": [
                {
                  "Node Type": "Seq Scan",
                  "Parent Relationship": "Outer",
                  "Parallel Aware": true,
                  "Relation Name": "movie_keyword",
                  "Alias": "mk",
                  "Startup Cost": 0.0,
                  "Total Cost": 42695.65,
                  "Plan Rows": 367298,
                  "Plan Width": 0,
                  "Actual Startup Time": 0.064,
                  "Actual Total Time": 107.456,
                  "Actual Rows": 287192,
                  "Actual Loops": 4,
                  "Filter": "(keyword_id < 1322)",
                  "Rows Removed by Filter": 843790
                }
              ]
            }
          ]
        }
      ]
    },
    "Planning Time": 0.19,
    "Triggers": [],
    "Execution Time": 138.912
  }
]