[
  {
    "Plan": {
      "Node Type": "Aggregate",
      "Strategy": "Plain",
      "Partial Mode": "Finalize",
      "Parallel Aware": false,
      "Startup Cost": 31993.32,
      "Total Cost": 31993.33,
      "Plan Rows": 1,
      "Plan Width": 8,
      "Actual Startup Time": 94.843,
      "Actual Total Time": 100.287,
      "Actual Rows": 1,
      "Actual Loops": 1,
      "Plans": [
        {
          "Node Type": "Gather",
          "Parent Relationship": "Outer",
          "Parallel Aware": false,
          "Startup Cost": 31993.0,
          "Total Cost": 31993.31,
          "Plan Rows": 3,
          "Plan Width": 8,
          "Actual Startup Time": 94.599,
          "Actual Total Time": 100.276,
          "Actual Rows": 4,
          "Actual Loops": 1,
          "Workers Planned": 3,
          "Workers Launched": 3,
          "Single Copy": false,
          "Plans": [
            {
              "Node Type": "Aggregate",
              "Strategy": "Plain",
              "Partial Mode": "Partial",
              "Parent Relationship": "Outer",
              "Parallel Aware": false,
              "Startup Cost": 30993.0,
              "Total Cost": 30993.01,
              "Plan Rows": 1,
              "Plan Width": 8,
              "Actual Startup Time": 90.064,
              "Actual Total Time": 90.066,
              "Actual Rows": 1,
              "Actual Loops": 4,
              "Plans": [
                {
                  "Node Type": "Bitmap Heap Scan",
                  "Parent Relationship": "Outer",
                  "Parallel Aware": true,
                  "Relation Name": "movie_keyword",
                  "Alias": "mk",
                  "Startup Cost": 5324.95,
                  "Total Cost": 30790.66,
                  "Plan Rows": 80937,
                  "Plan Width": 0,
                  "Actual Startup Time": 27.933,
                  "Actual Total Time": 84.92,
                  "Actual Rows": 60122,
                  "Actual Loops": 4,
                  "Recheck Cond": "(keyword_id > 61812)",
                  "Rows Removed by Index Recheck": 0,
                  "Exact Heap Blocks": 9485,
                  "Lossy Heap Blocks": 0,
                  "Plans": [
                    {
                      "Node Type": "Bitmap Index Scan",
                      "Parent Relationship": "Outer",
                      "Parallel Aware": false,
                      "Index Name": "keyword_id_movie_keyword",
                      "Startup Cost": 0.0,
                      "Total Cost": 5262.22,
                      "Plan Rows": 250905,
                      "Plan Width": 0,
                      "Actual Startup Time": 27.011,
                      "Actual Total Time": 27.012,
                      "Actual Rows": 240486,
                      "Actual Loops": 1,
                      "Index Cond": "(keyword_id > 61812)"
                    }
                  ]
                }
              ]
            }
          ]
        }
      ]
    },
    "Planning Time": 0.116,
    "Triggers": [],
    "Execution Time": 100.34
  }
]