{
  "Plan": {
    "Node Type": "Aggregate",
    "Strategy": "Plain",
    "Partial Mode": "Finalize",
    "Parallel Aware": false,
    "Startup Cost": 633083.29,
    "Total Cost": 633083.3,
    "Plan Rows": 1,
    "Plan Width": 8,
    "Actual Startup Time": 5095.471,
    "Actual Total Time": 5162.716,
    "Actual Rows": 1,
    "Actual Loops": 1,
    "Plans": [
      {
        "Node Type": "Gather",
        "Parent Relationship": "Outer",
        "Parallel Aware": false,
        "Startup Cost": 633083.18,
        "Total Cost": 633083.29,
        "Plan Rows": 1,
        "Plan Width": 8,
        "Actual Startup Time": 5092.221,
        "Actual Total Time": 5162.708,
        "Actual Rows": 2,
        "Actual Loops": 1,
        "Workers Planned": 1,
        "Workers Launched": 1,
        "Single Copy": false,
        "Plans": [
          {
            "Node Type": "Aggregate",
            "Strategy": "Plain",
            "Partial Mode": "Partial",
            "Parent Relationship": "Outer",
            "Parallel Aware": false,
            "Startup Cost": 632083.18,
            "Total Cost": 632083.19,
            "Plan Rows": 1,
            "Plan Width": 8,
            "Actual Startup Time": 5085.267,
            "Actual Total Time": 5085.27,
            "Actual Rows": 1,
            "Actual Loops": 2,
            "Plans": [
              {
                "Node Type": "Hash Join",
                "Parent Relationship": "Outer",
                "Parallel Aware": true,
                "Join Type": "Inner",
                "Startup Cost": 70383.76,
                "Total Cost": 615788.88,
                "Plan Rows": 6517718,
                "Plan Width": 0,
                "Actual Startup Time": 402.731,
                "Actual Total Time": 4860.505,
                "Actual Rows": 5398415,
                "Actual Loops": 2,
                "Inner Unique": true,
                "Hash Cond": "(ci.movie_id = t.id)",
                "Plans": [
                  {
                    "Node Type": "Seq Scan",
                    "Parent Relationship": "Outer",
                    "Parallel Aware": true,
                    "Relation Name": "cast_info",
                    "Alias": "ci",
                    "Startup Cost": 0.0,
                    "Total Cost": 519069.44,
                    "Plan Rows": 10032626,
                    "Plan Width": 4,
                    "Actual Startup Time": 0.015,
                    "Actual Total Time": 1413.751,
                    "Actual Rows": 8560486,
                    "Actual Loops": 2,
                    "Filter": "(person_id < 1691633)",
                    "Rows Removed by Filter": 9561686
                  },
                  {
                    "Node Type": "Hash",
                    "Parent Relationship": "Inner",
                    "Parallel Aware": true,
                    "Startup Cost": 58306.47,
                    "Total Cost": 58306.47,
                    "Plan Rows": 966183,
                    "Plan Width": 4,
                    "Actual Startup Time": 389.848,
                    "Actual Total Time": 389.849,
                    "Actual Rows": 814920,
                    "Actual Loops": 2,
                    "Hash Buckets": 2097152,
                    "Original Hash Buckets": 2097152,
                    "Hash Batches": 1,
                    "Original Hash Batches": 1,
                    "Peak Memory Usage": 80160,
                    "Plans": [
                      {
                        "Node Type": "Seq Scan",
                        "Parent Relationship": "Outer",
                        "Parallel Aware": true,
                        "Relation Name": "title",
                        "Alias": "t",
                        "Startup Cost": 0.0,
                        "Total Cost": 58306.47,
                        "Plan Rows": 966183,
                        "Plan Width": 4,
                        "Actual Startup Time": 0.035,
                        "Actual Total Time": 173.871,
                        "Actual Rows": 814920,
                        "Actual Loops": 2,
                        "Filter": "((kind_id > 1) AND (production_year < 2012))",
                        "Rows Removed by Filter": 449236
                      }
                    ]
                  }
                ]
              }
            ]
          }
        ]
      }
    ]
  },
  "Planning Time": 0.437,
  "Triggers": [],
  "Execution Time": 5162.781
}