[
    {
        "Bao": {
            "Bao prediction": "NaN",
            "Bao recommended hint": "(no hint)"
        }
    },
    {
        "Plan": {
            "Node Type": "Aggregate",
            "Strategy": "Plain",
            "Partial Mode": "Finalize",
            "Parallel Aware": false,
            "Startup Cost": 393502.77,
            "Total Cost": 393502.78,
            "Plan Rows": 1,
            "Plan Width": 8,
            "Actual Startup Time": 754.662,
            "Actual Total Time": 787.747,
            "Actual Rows": 1,
            "Actual Loops": 1,
            "Output": [
                "count(*)"
            ],
            "Plans": [
                {
                    "Node Type": "Gather",
                    "Parent Relationship": "Outer",
                    "Parallel Aware": false,
                    "Startup Cost": 393502.14,
                    "Total Cost": 393502.75,
                    "Plan Rows": 6,
                    "Plan Width": 8,
                    "Actual Startup Time": 749.991,
                    "Actual Total Time": 787.736,
                    "Actual Rows": 7,
                    "Actual Loops": 1,
                    "Output": [
                        "(PARTIAL count(*))"
                    ],
                    "Workers Planned": 6,
                    "Workers Launched": 6,
                    "Single Copy": false,
                    "Plans": [
                        {
                            "Node Type": "Aggregate",
                            "Strategy": "Plain",
                            "Partial Mode": "Partial",
                            "Parent Relationship": "Outer",
                            "Parallel Aware": false,
                            "Startup Cost": 392502.14,
                            "Total Cost": 392502.15,
                            "Plan Rows": 1,
                            "Plan Width": 8,
                            "Actual Startup Time": 740.01,
                            "Actual Total Time": 740.012,
                            "Actual Rows": 1,
                            "Actual Loops": 7,
                            "Output": [
                                "PARTIAL count(*)"
                            ],
                            "Workers": [
                                {
                                    "Worker Number": 0,
                                    "Actual Startup Time": 737.776,
                                    "Actual Total Time": 737.779,
                                    "Actual Rows": 1,
                                    "Actual Loops": 1
                                },
                                {
                                    "Worker Number": 1,
                                    "Actual Startup Time": 737.96,
                                    "Actual Total Time": 737.962,
                                    "Actual Rows": 1,
                                    "Actual Loops": 1
                                },
                                {
                                    "Worker Number": 2,
                                    "Actual Startup Time": 737.912,
                                    "Actual Total Time": 737.915,
                                    "Actual Rows": 1,
                                    "Actual Loops": 1
                                },
                                {
                                    "Worker Number": 3,
                                    "Actual Startup Time": 738.658,
                                    "Actual Total Time": 738.661,
                                    "Actual Rows": 1,
                                    "Actual Loops": 1
                                },
                                {
                                    "Worker Number": 4,
                                    "Actual Startup Time": 739.129,
                                    "Actual Total Time": 739.132,
                                    "Actual Rows": 1,
                                    "Actual Loops": 1
                                },
                                {
                                    "Worker Number": 5,
                                    "Actual Startup Time": 739.068,
                                    "Actual Total Time": 739.07,
                                    "Actual Rows": 1,
                                    "Actual Loops": 1
                                }
                            ],
                            "Plans": [
                                {
                                    "Node Type": "Hash Join",
                                    "Parent Relationship": "Outer",
                                    "Parallel Aware": true,
                                    "Join Type": "Inner",
                                    "Startup Cost": 47320.38,
                                    "Total Cost": 392163.81,
                                    "Plan Rows": 135334,
                                    "Plan Width": 0,
                                    "Actual Startup Time": 358.687,
                                    "Actual Total Time": 737.81,
                                    "Actual Rows": 42910,
                                    "Actual Loops": 7,
                                    "Inner Unique": true,
                                    "Hash Cond": "(ci.movie_id = t.id)",
                                    "Workers": [
                                        {
                                            "Worker Number": 0,
                                            "Actual Startup Time": 425.251,
                                            "Actual Total Time": 735.371,
                                            "Actual Rows": 32651,
                                            "Actual Loops": 1
                                        },
                                        {
                                            "Worker Number": 1,
                                            "Actual Startup Time": 341.299,
                                            "Actual Total Time": 735.931,
                                            "Actual Rows": 43944,
                                            "Actual Loops": 1
                                        },
                                        {
                                            "Worker Number": 2,
                                            "Actual Startup Time": 327.731,
                                            "Actual Total Time": 735.531,
                                            "Actual Rows": 32409,
                                            "Actual Loops": 1
                                        },
                                        {
                                            "Worker Number": 3,
                                            "Actual Startup Time": 321.332,
                                            "Actual Total Time": 736.541,
                                            "Actual Rows": 46455,
                                            "Actual Loops": 1
                                        },
                                        {
                                            "Worker Number": 4,
                                            "Actual Startup Time": 426.331,
                                            "Actual Total Time": 736.958,
                                            "Actual Rows": 46351,
                                            "Actual Loops": 1
                                        },
                                        {
                                            "Worker Number": 5,
                                            "Actual Startup Time": 333.976,
                                            "Actual Total Time": 736.928,
                                            "Actual Rows": 46740,
                                            "Actual Loops": 1
                                        }
                                    ],
                                    "Plans": [
                                        {
                                            "Node Type": "Seq Scan",
                                            "Parent Relationship": "Outer",
                                            "Parallel Aware": true,
                                            "Relation Name": "cast_info",
                                            "Schema": "public",
                                            "Alias": "ci",
                                            "Startup Cost": 0.0,
                                            "Total Cost": 343318.94,
                                            "Plan Rows": 580756,
                                            "Plan Width": 4,
                                            "Actual Startup Time": 207.226,
                                            "Actual Total Time": 572.375,
                                            "Actual Rows": 218585,
                                            "Actual Loops": 7,
                                            "Output": [
                                                "ci.id",
                                                "ci.person_id",
                                                "ci.movie_id",
                                                "ci.person_role_id",
                                                "ci.note",
                                                "ci.nr_order",
                                                "ci.role_id"
                                            ],
                                            "Filter": "((ci.person_id < 532482) AND (ci.role_id > 1))",
                                            "Rows Removed by Filter": 4959178,
                                            "Workers": [
                                                {
                                                    "Worker Number": 0,
                                                    "Actual Startup Time": 206.592,
                                                    "Actual Total Time": 577.191,
                                                    "Actual Rows": 168282,
                                                    "Actual Loops": 1
                                                },
                                                {
                                                    "Worker Number": 1,
                                                    "Actual Startup Time": 216.374,
                                                    "Actual Total Time": 572.488,
                                                    "Actual Rows": 236736,
                                                    "Actual Loops": 1
                                                },
                                                {
                                                    "Worker Number": 2,
                                                    "Actual Startup Time": 206.579,
                                                    "Actual Total Time": 575.751,
                                                    "Actual Rows": 166968,
                                                    "Actual Loops": 1
                                                },
                                                {
                                                    "Worker Number": 3,
                                                    "Actual Startup Time": 204.895,
                                                    "Actual Total Time": 572.156,
                                                    "Actual Rows": 232398,
                                                    "Actual Loops": 1
                                                },
                                                {
                                                    "Worker Number": 4,
                                                    "Actual Startup Time": 205.166,
                                                    "Actual Total Time": 571.607,
                                                    "Actual Rows": 230285,
                                                    "Actual Loops": 1
                                                },
                                                {
                                                    "Worker Number": 5,
                                                    "Actual Startup Time": 205.047,
                                                    "Actual Total Time": 572.155,
                                                    "Actual Rows": 231195,
                                                    "Actual Loops": 1
                                                }
                                            ]
                                        },
                                        {
                                            "Node Type": "Hash",
                                            "Parent Relationship": "Inner",
                                            "Parallel Aware": true,
                                            "Startup Cost": 45479.21,
                                            "Total Cost": 45479.21,
                                            "Plan Rows": 147294,
                                            "Plan Width": 4,
                                            "Actual Startup Time": 104.409,
                                            "Actual Total Time": 104.409,
                                            "Actual Rows": 69481,
                                            "Actual Loops": 7,
                                            "Output": [
                                                "t.id"
                                            ],
                                            "Hash Buckets": 1048576,
                                            "Original Hash Buckets": 1048576,
                                            "Hash Batches": 1,
                                            "Original Hash Batches": 1,
                                            "Peak Memory Usage": 27328,
                                            "Workers": [
                                                {
                                                    "Worker Number": 0,
                                                    "Actual Startup Time": 103.719,
                                                    "Actual Total Time": 103.72,
                                                    "Actual Rows": 52496,
                                                    "Actual Loops": 1
                                                },
                                                {
                                                    "Worker Number": 1,
                                                    "Actual Startup Time": 103.914,
                                                    "Actual Total Time": 103.915,
                                                    "Actual Rows": 68500,
                                                    "Actual Loops": 1
                                                },
                                                {
                                                    "Worker Number": 2,
                                                    "Actual Startup Time": 103.829,
                                                    "Actual Total Time": 103.83,
                                                    "Actual Rows": 51159,
                                                    "Actual Loops": 1
                                                },
                                                {
                                                    "Worker Number": 3,
                                                    "Actual Startup Time": 104.581,
                                                    "Actual Total Time": 104.582,
                                                    "Actual Rows": 69903,
                                                    "Actual Loops": 1
                                                },
                                                {
                                                    "Worker Number": 4,
                                                    "Actual Startup Time": 104.706,
                                                    "Actual Total Time": 104.706,
                                                    "Actual Rows": 63407,
                                                    "Actual Loops": 1
                                                },
                                                {
                                                    "Worker Number": 5,
                                                    "Actual Startup Time": 104.986,
                                                    "Actual Total Time": 104.987,
                                                    "Actual Rows": 69312,
                                                    "Actual Loops": 1
                                                }
                                            ],
                                            "Plans": [
                                                {
                                                    "Node Type": "Seq Scan",
                                                    "Parent Relationship": "Outer",
                                                    "Parallel Aware": true,
                                                    "Relation Name": "title",
                                                    "Schema": "public",
                                                    "Alias": "t",
                                                    "Startup Cost": 0.0,
                                                    "Total Cost": 45479.21,
                                                    "Plan Rows": 147294,
                                                    "Plan Width": 4,
                                                    "Actual Startup Time": 0.041,
                                                    "Actual Total Time": 72.049,
                                                    "Actual Rows": 69481,
                                                    "Actual Loops": 7,
                                                    "Output": [
                                                        "t.id"
                                                    ],
                                                    "Filter": "((t.production_year < 1999) AND (t.kind_id = 7))",
                                                    "Rows Removed by Filter": 291706,
                                                    "Workers": [
                                                        {
                                                            "Worker Number": 0,
                                                            "Actual Startup Time": 0.038,
                                                            "Actual Total Time": 74.374,
                                                            "Actual Rows": 52496,
                                                            "Actual Loops": 1
                                                        },
                                                        {
                                                            "Worker Number": 1,
                                                            "Actual Startup Time": 0.056,
                                                            "Actual Total Time": 72.02,
                                                            "Actual Rows": 68500,
                                                            "Actual Loops": 1
                                                        },
                                                        {
                                                            "Worker Number": 2,
                                                            "Actual Startup Time": 0.047,
                                                            "Actual Total Time": 73.797,
                                                            "Actual Rows": 51159,
                                                            "Actual Loops": 1
                                                        },
                                                        {
                                                            "Worker Number": 3,
                                                            "Actual Startup Time": 0.05,
                                                            "Actual Total Time": 72.543,
                                                            "Actual Rows": 69903,
                                                            "Actual Loops": 1
                                                        },
                                                        {
                                                            "Worker Number": 4,
                                                            "Actual Startup Time": 0.044,
                                                            "Actual Total Time": 72.917,
                                                            "Actual Rows": 63407,
                                                            "Actual Loops": 1
                                                        },
                                                        {
                                                            "Worker Number": 5,
                                                            "Actual Startup Time": 0.037,
                                                            "Actual Total Time": 72.805,
                                                            "Actual Rows": 69312,
                                                            "Actual Loops": 1
                                                        }
                                                    ]
                                                }
                                            ]
                                        }
                                    ]
                                }
                            ]
                        }
                    ]
                }
            ]
        },
        "Planning Time": 183.75,
        "Triggers": [],
        "Execution Time": 787.824
    }
]