[
  {
    "Plan": {
      "Node Type": "Aggregate",
      "Strategy": "Plain",
      "Partial Mode": "Finalize",
      "Parallel Aware": false,
      "Startup Cost": 33367.32,
      "Total Cost": 33367.33,
      "Plan Rows": 1,
      "Plan Width": 8,
      "Actual Startup Time": 108.139,
      "Actual Total Time": 116.5,
      "Actual Rows": 1,
      "Actual Loops": 1,
      "Plans": [
        {
          "Node Type": "Gather",
          "Parent Relationship": "Outer",
          "Parallel Aware": false,
          "Startup Cost": 33367.0,
          "Total Cost": 33367.31,
          "Plan Rows": 3,
          "Plan Width": 8,
          "Actual Startup Time": 108.008,
          "Actual Total Time": 116.494,
          "Actual Rows": 4,
          "Actual Loops": 1,
          "Workers Planned": 3,
          "Workers Launched": 3,
          "Single Copy": false,
          "Plans": [
            {
              "Node Type": "Aggregate",
              "Strategy": "Plain",
              "Partial Mode": "Partial",
              "Parent Relationship": "Outer",
              "Parallel Aware": false,
              "Startup Cost": 32367.0,
              "Total Cost": 32367.01,
              "Plan Rows": 1,
              "Plan Width": 8,
              "Actual Startup Time": 100.032,
              "Actual Total Time": 100.033,
              "Actual Rows": 1,
              "Actual Loops": 4,
              "Plans": [
                {
                  "Node Type": "Seq Scan",
                  "Parent Relationship": "Outer",
                  "Parallel Aware": true,
                  "Relation Name": "movie_companies",
                  "Alias": "mc",
                  "Startup Cost": 0.0,
                  "Total Cost": 31414.82,
                  "Plan Rows": 380872,
                  "Plan Width": 0,
                  "Actual Startup Time": 44.676,
                  "Actual Total Time": 86.927,
                  "Actual Rows": 259640,
                  "Actual Loops": 4,
                  "Filter": "((company_id < 94756) AND (company_type_id > 1))",
                  "Rows Removed by Filter": 392642
                }
              ]
            }
          ]
        }
      ]
    },
    "Planning Time": 0.062,
    "Triggers": [],
    "Execution Time": 116.525
  }
]