[
    {
        "Bao": {
            "Bao prediction": "NaN",
            "Bao recommended hint": "(no hint)"
        }
    },
    {
        "Plan": {
            "Node Type": "Aggregate",
            "Strategy": "Plain",
            "Partial Mode": "Finalize",
            "Parallel Aware": false,
            "Startup Cost": 377415.27,
            "Total Cost": 377415.28,
            "Plan Rows": 1,
            "Plan Width": 8,
            "Actual Startup Time": 975.933,
            "Actual Total Time": 1001.554,
            "Actual Rows": 1,
            "Actual Loops": 1,
            "Output": [
                "count(*)"
            ],
            "Plans": [
                {
                    "Node Type": "Gather",
                    "Parent Relationship": "Outer",
                    "Parallel Aware": false,
                    "Startup Cost": 377414.64,
                    "Total Cost": 377415.25,
                    "Plan Rows": 6,
                    "Plan Width": 8,
                    "Actual Startup Time": 975.149,
                    "Actual Total Time": 1001.533,
                    "Actual Rows": 7,
                    "Actual Loops": 1,
                    "Output": [
                        "(PARTIAL count(*))"
                    ],
                    "Workers Planned": 6,
                    "Workers Launched": 6,
                    "Single Copy": false,
                    "Plans": [
                        {
                            "Node Type": "Aggregate",
                            "Strategy": "Plain",
                            "Partial Mode": "Partial",
                            "Parent Relationship": "Outer",
                            "Parallel Aware": false,
                            "Startup Cost": 376414.64,
                            "Total Cost": 376414.65,
                            "Plan Rows": 1,
                            "Plan Width": 8,
                            "Actual Startup Time": 964.552,
                            "Actual Total Time": 964.555,
                            "Actual Rows": 1,
                            "Actual Loops": 7,
                            "Output": [
                                "PARTIAL count(*)"
                            ],
                            "Workers": [
                                {
                                    "Worker Number": 0,
                                    "Actual Startup Time": 962.167,
                                    "Actual Total Time": 962.17,
                                    "Actual Rows": 1,
                                    "Actual Loops": 1
                                },
                                {
                                    "Worker Number": 1,
                                    "Actual Startup Time": 962.349,
                                    "Actual Total Time": 962.352,
                                    "Actual Rows": 1,
                                    "Actual Loops": 1
                                },
                                {
                                    "Worker Number": 2,
                                    "Actual Startup Time": 962.59,
                                    "Actual Total Time": 962.593,
                                    "Actual Rows": 1,
                                    "Actual Loops": 1
                                },
                                {
                                    "Worker Number": 3,
                                    "Actual Startup Time": 963.099,
                                    "Actual Total Time": 963.101,
                                    "Actual Rows": 1,
                                    "Actual Loops": 1
                                },
                                {
                                    "Worker Number": 4,
                                    "Actual Startup Time": 963.321,
                                    "Actual Total Time": 963.324,
                                    "Actual Rows": 1,
                                    "Actual Loops": 1
                                },
                                {
                                    "Worker Number": 5,
                                    "Actual Startup Time": 963.622,
                                    "Actual Total Time": 963.625,
                                    "Actual Rows": 1,
                                    "Actual Loops": 1
                                }
                            ],
                            "Plans": [
                                {
                                    "Node Type": "Hash Join",
                                    "Parent Relationship": "Outer",
                                    "Parallel Aware": true,
                                    "Join Type": "Inner",
                                    "Startup Cost": 38894.67,
                                    "Total Cost": 376067.67,
                                    "Plan Rows": 138788,
                                    "Plan Width": 0,
                                    "Actual Startup Time": 182.572,
                                    "Actual Total Time": 958.362,
                                    "Actual Rows": 109295,
                                    "Actual Loops": 7,
                                    "Inner Unique": true,
                                    "Hash Cond": "(ci.movie_id = t.id)",
                                    "Workers": [
                                        {
                                            "Worker Number": 0,
                                            "Actual Startup Time": 180.206,
                                            "Actual Total Time": 955.741,
                                            "Actual Rows": 70702,
                                            "Actual Loops": 1
                                        },
                                        {
                                            "Worker Number": 1,
                                            "Actual Startup Time": 180.618,
                                            "Actual Total Time": 956.372,
                                            "Actual Rows": 107919,
                                            "Actual Loops": 1
                                        },
                                        {
                                            "Worker Number": 2,
                                            "Actual Startup Time": 180.562,
                                            "Actual Total Time": 956.335,
                                            "Actual Rows": 111416,
                                            "Actual Loops": 1
                                        },
                                        {
                                            "Worker Number": 3,
                                            "Actual Startup Time": 180.97,
                                            "Actual Total Time": 957.04,
                                            "Actual Rows": 109944,
                                            "Actual Loops": 1
                                        },
                                        {
                                            "Worker Number": 4,
                                            "Actual Startup Time": 181.384,
                                            "Actual Total Time": 957.17,
                                            "Actual Rows": 111660,
                                            "Actual Loops": 1
                                        },
                                        {
                                            "Worker Number": 5,
                                            "Actual Startup Time": 181.58,
                                            "Actual Total Time": 957.312,
                                            "Actual Rows": 112872,
                                            "Actual Loops": 1
                                        }
                                    ],
                                    "Plans": [
                                        {
                                            "Node Type": "Seq Scan",
                                            "Parent Relationship": "Outer",
                                            "Parallel Aware": true,
                                            "Relation Name": "cast_info",
                                            "Schema": "public",
                                            "Alias": "ci",
                                            "Startup Cost": 0.0,
                                            "Total Cost": 328213.62,
                                            "Plan Rows": 3413094,
                                            "Plan Width": 4,
                                            "Actual Startup Time": 143.889,
                                            "Actual Total Time": 534.523,
                                            "Actual Rows": 2937430,
                                            "Actual Loops": 7,
                                            "Output": [
                                                "ci.id",
                                                "ci.person_id",
                                                "ci.movie_id",
                                                "ci.person_role_id",
                                                "ci.note",
                                                "ci.nr_order",
                                                "ci.role_id"
                                            ],
                                            "Filter": "(ci.person_id > 1548972)",
                                            "Rows Removed by Filter": 2240334,
                                            "Workers": [
                                                {
                                                    "Worker Number": 0,
                                                    "Actual Startup Time": 143.883,
                                                    "Actual Total Time": 538.481,
                                                    "Actual Rows": 1952527,
                                                    "Actual Loops": 1
                                                },
                                                {
                                                    "Worker Number": 1,
                                                    "Actual Startup Time": 143.892,
                                                    "Actual Total Time": 536.033,
                                                    "Actual Rows": 2941851,
                                                    "Actual Loops": 1
                                                },
                                                {
                                                    "Worker Number": 2,
                                                    "Actual Startup Time": 143.879,
                                                    "Actual Total Time": 535.436,
                                                    "Actual Rows": 2987812,
                                                    "Actual Loops": 1
                                                },
                                                {
                                                    "Worker Number": 3,
                                                    "Actual Startup Time": 143.893,
                                                    "Actual Total Time": 537.417,
                                                    "Actual Rows": 2939759,
                                                    "Actual Loops": 1
                                                },
                                                {
                                                    "Worker Number": 4,
                                                    "Actual Startup Time": 143.904,
                                                    "Actual Total Time": 541.616,
                                                    "Actual Rows": 2978857,
                                                    "Actual Loops": 1
                                                },
                                                {
                                                    "Worker Number": 5,
                                                    "Actual Startup Time": 143.878,
                                                    "Actual Total Time": 532.666,
                                                    "Actual Rows": 2963990,
                                                    "Actual Loops": 1
                                                }
                                            ]
                                        },
                                        {
                                            "Node Type": "Hash",
                                            "Parent Relationship": "Inner",
                                            "Parallel Aware": true,
                                            "Startup Cost": 38573.4,
                                            "Total Cost": 38573.4,
                                            "Plan Rows": 25702,
                                            "Plan Width": 4,
                                            "Actual Startup Time": 38.065,
                                            "Actual Total Time": 38.067,
                                            "Actual Rows": 16845,
                                            "Actual Loops": 7,
                                            "Output": [
                                                "t.id"
                                            ],
                                            "Hash Buckets": 131072,
                                            "Original Hash Buckets": 131072,
                                            "Hash Batches": 1,
                                            "Original Hash Batches": 1,
                                            "Peak Memory Usage": 5760,
                                            "Workers": [
                                                {
                                                    "Worker Number": 0,
                                                    "Actual Startup Time": 35.821,
                                                    "Actual Total Time": 35.823,
                                                    "Actual Rows": 11457,
                                                    "Actual Loops": 1
                                                },
                                                {
                                                    "Worker Number": 1,
                                                    "Actual Startup Time": 36.008,
                                                    "Actual Total Time": 36.009,
                                                    "Actual Rows": 13179,
                                                    "Actual Loops": 1
                                                },
                                                {
                                                    "Worker Number": 2,
                                                    "Actual Startup Time": 36.232,
                                                    "Actual Total Time": 36.234,
                                                    "Actual Rows": 12856,
                                                    "Actual Loops": 1
                                                },
                                                {
                                                    "Worker Number": 3,
                                                    "Actual Startup Time": 36.622,
                                                    "Actual Total Time": 36.623,
                                                    "Actual Rows": 13435,
                                                    "Actual Loops": 1
                                                },
                                                {
                                                    "Worker Number": 4,
                                                    "Actual Startup Time": 36.95,
                                                    "Actual Total Time": 36.952,
                                                    "Actual Rows": 12260,
                                                    "Actual Loops": 1
                                                },
                                                {
                                                    "Worker Number": 5,
                                                    "Actual Startup Time": 37.289,
                                                    "Actual Total Time": 37.291,
                                                    "Actual Rows": 13254,
                                                    "Actual Loops": 1
                                                }
                                            ],
                                            "Plans": [
                                                {
                                                    "Node Type": "Bitmap Heap Scan",
                                                    "Parent Relationship": "Outer",
                                                    "Parallel Aware": true,
                                                    "Relation Name": "title",
                                                    "Schema": "public",
                                                    "Alias": "t",
                                                    "Startup Cost": 2132.31,
                                                    "Total Cost": 38573.4,
                                                    "Plan Rows": 25702,
                                                    "Plan Width": 4,
                                                    "Actual Startup Time": 1.475,
                                                    "Actual Total Time": 30.885,
                                                    "Actual Rows": 16845,
                                                    "Actual Loops": 7,
                                                    "Output": [
                                                        "t.id"
                                                    ],
                                                    "Recheck Cond": "(t.kind_id = 4)",
                                                    "Rows Removed by Index Recheck": 0,
                                                    "Filter": "(t.production_year > 1960)",
                                                    "Rows Removed by Filter": 45,
                                                    "Exact Heap Blocks": 4631,
                                                    "Lossy Heap Blocks": 0,
                                                    "Workers": [
                                                        {
                                                            "Worker Number": 0,
                                                            "Actual Startup Time": 0.129,
                                                            "Actual Total Time": 29.082,
                                                            "Actual Rows": 11457,
                                                            "Actual Loops": 1
                                                        },
                                                        {
                                                            "Worker Number": 1,
                                                            "Actual Startup Time": 0.174,
                                                            "Actual Total Time": 29.675,
                                                            "Actual Rows": 13179,
                                                            "Actual Loops": 1
                                                        },
                                                        {
                                                            "Worker Number": 2,
                                                            "Actual Startup Time": 0.124,
                                                            "Actual Total Time": 30.06,
                                                            "Actual Rows": 12856,
                                                            "Actual Loops": 1
                                                        },
                                                        {
                                                            "Worker Number": 3,
                                                            "Actual Startup Time": 0.135,
                                                            "Actual Total Time": 30.267,
                                                            "Actual Rows": 13435,
                                                            "Actual Loops": 1
                                                        },
                                                        {
                                                            "Worker Number": 4,
                                                            "Actual Startup Time": 0.143,
                                                            "Actual Total Time": 30.156,
                                                            "Actual Rows": 12260,
                                                            "Actual Loops": 1
                                                        },
                                                        {
                                                            "Worker Number": 5,
                                                            "Actual Startup Time": 0.113,
                                                            "Actual Total Time": 30.505,
                                                            "Actual Rows": 13254,
                                                            "Actual Loops": 1
                                                        }
                                                    ],
                                                    "Plans": [
                                                        {
                                                            "Node Type": "Bitmap Index Scan",
                                                            "Parent Relationship": "Outer",
                                                            "Parallel Aware": false,
                                                            "Index Name": "kind_id_title",
                                                            "Startup Cost": 0.0,
                                                            "Total Cost": 2106.61,
                                                            "Plan Rows": 118157,
                                                            "Plan Width": 0,
                                                            "Actual Startup Time": 6.857,
                                                            "Actual Total Time": 6.857,
                                                            "Actual Rows": 118234,
                                                            "Actual Loops": 1,
                                                            "Index Cond": "(t.kind_id = 4)"
                                                        }
                                                    ]
                                                }
                                            ]
                                        }
                                    ]
                                }
                            ]
                        }
                    ]
                }
            ]
        },
        "Planning Time": 188.976,
        "Triggers": [],
        "Execution Time": 1001.629
    }
]