[
  {
    "Plan": {
      "Node Type": "Aggregate",
      "Strategy": "Plain",
      "Partial Mode": "Finalize",
      "Parallel Aware": false,
      "Startup Cost": 32954.84,
      "Total Cost": 32954.85,
      "Plan Rows": 1,
      "Plan Width": 8,
      "Actual Startup Time": 110.311,
      "Actual Total Time": 119.137,
      "Actual Rows": 1,
      "Actual Loops": 1,
      "Plans": [
        {
          "Node Type": "Gather",
          "Parent Relationship": "Outer",
          "Parallel Aware": false,
          "Startup Cost": 32954.53,
          "Total Cost": 32954.84,
          "Plan Rows": 3,
          "Plan Width": 8,
          "Actual Startup Time": 110.16,
          "Actual Total Time": 119.122,
          "Actual Rows": 4,
          "Actual Loops": 1,
          "Workers Planned": 3,
          "Workers Launched": 3,
          "Single Copy": false,
          "Plans": [
            {
              "Node Type": "Aggregate",
              "Strategy": "Plain",
              "Partial Mode": "Partial",
              "Parent Relationship": "Outer",
              "Parallel Aware": false,
              "Startup Cost": 31954.53,
              "Total Cost": 31954.54,
              "Plan Rows": 1,
              "Plan Width": 8,
              "Actual Startup Time": 103.094,
              "Actual Total Time": 103.095,
              "Actual Rows": 1,
              "Actual Loops": 4,
              "Plans": [
                {
                  "Node Type": "Seq Scan",
                  "Parent Relationship": "Outer",
                  "Parallel Aware": true,
                  "Relation Name": "movie_companies",
                  "Alias": "mc",
                  "Startup Cost": 0.0,
                  "Total Cost": 31414.82,
                  "Plan Rows": 215883,
                  "Plan Width": 0,
                  "Actual Startup Time": 0.033,
                  "Actual Total Time": 88.163,
                  "Actual Rows": 233182,
                  "Actual Loops": 4,
                  "Filter": "((company_id < 11894) AND (company_type_id < 2))",
                  "Rows Removed by Filter": 419100
                }
              ]
            }
          ]
        }
      ]
    },
    "Planning Time": 0.254,
    "Triggers": [],
    "Execution Time": 119.197
  }
]