[
  {
    "Plan": {
      "Node Type": "Aggregate",
      "Strategy": "Plain",
      "Partial Mode": "Finalize",
      "Parallel Aware": false,
      "Startup Cost": 32963.1,
      "Total Cost": 32963.11,
      "Plan Rows": 1,
      "Plan Width": 8,
      "Actual Startup Time": 98.287,
      "Actual Total Time": 106.571,
      "Actual Rows": 1,
      "Actual Loops": 1,
      "Plans": [
        {
          "Node Type": "Gather",
          "Parent Relationship": "Outer",
          "Parallel Aware": false,
          "Startup Cost": 32962.79,
          "Total Cost": 32963.1,
          "Plan Rows": 3,
          "Plan Width": 8,
          "Actual Startup Time": 98.174,
          "Actual Total Time": 106.563,
          "Actual Rows": 4,
          "Actual Loops": 1,
          "Workers Planned": 3,
          "Workers Launched": 3,
          "Single Copy": false,
          "Plans": [
            {
              "Node Type": "Aggregate",
              "Strategy": "Plain",
              "Partial Mode": "Partial",
              "Parent Relationship": "Outer",
              "Parallel Aware": false,
              "Startup Cost": 31962.79,
              "Total Cost": 31962.8,
              "Plan Rows": 1,
              "Plan Width": 8,
              "Actual Startup Time": 90.905,
              "Actual Total Time": 90.906,
              "Actual Rows": 1,
              "Actual Loops": 4,
              "Plans": [
                {
                  "Node Type": "Seq Scan",
                  "Parent Relationship": "Outer",
                  "Parallel Aware": true,
                  "Relation Name": "movie_companies",
                  "Alias": "mc",
                  "Startup Cost": 0.0,
                  "Total Cost": 31414.82,
                  "Plan Rows": 219187,
                  "Plan Width": 0,
                  "Actual Startup Time": 0.045,
                  "Actual Total Time": 77.756,
                  "Actual Rows": 233182,
                  "Actual Loops": 4,
                  "Filter": "((company_id < 11894) AND (company_type_id < 2))",
                  "Rows Removed by Filter": 419100
                }
              ]
            }
          ]
        }
      ]
    },
    "Planning Time": 0.183,
    "Triggers": [],
    "Execution Time": 106.619
  }
]