[
  {
    "Plan": {
      "Node Type": "Aggregate",
      "Strategy": "Plain",
      "Partial Mode": "Finalize",
      "Parallel Aware": false,
      "Startup Cost": 347619.86,
      "Total Cost": 347619.88,
      "Plan Rows": 1,
      "Plan Width": 8,
      "Actual Startup Time": 726.514,
      "Actual Total Time": 780.779,
      "Actual Rows": 1,
      "Actual Loops": 1,
      "Plans": [
        {
          "Node Type": "Gather",
          "Parent Relationship": "Outer",
          "Parallel Aware": false,
          "Startup Cost": 347619.24,
          "Total Cost": 347619.85,
          "Plan Rows": 6,
          "Plan Width": 8,
          "Actual Startup Time": 726.373,
          "Actual Total Time": 780.769,
          "Actual Rows": 7,
          "Actual Loops": 1,
          "Workers Planned": 6,
          "Workers Launched": 6,
          "Single Copy": false,
          "Plans": [
            {
              "Node Type": "Aggregate",
              "Strategy": "Plain",
              "Partial Mode": "Partial",
              "Parent Relationship": "Outer",
              "Parallel Aware": false,
              "Startup Cost": 346619.24,
              "Total Cost": 346619.25,
              "Plan Rows": 1,
              "Plan Width": 8,
              "Actual Startup Time": 716.598,
              "Actual Total Time": 716.599,
              "Actual Rows": 1,
              "Actual Loops": 7,
              "Plans": [
                {
                  "Node Type": "Seq Scan",
                  "Parent Relationship": "Outer",
                  "Parallel Aware": true,
                  "Relation Name": "cast_info",
                  "Alias": "ci",
                  "Startup Cost": 0.0,
                  "Total Cost": 343257.03,
                  "Plan Rows": 1344884,
                  "Plan Width": 0,
                  "Actual Startup Time": 302.344,
                  "Actual Total Time": 643.027,
                  "Actual Rows": 1755717,
                  "Actual Loops": 7,
                  "Filter": "((person_id > 2457703) AND (role_id > 1))",
                  "Rows Removed by Filter": 3422047
                }
              ]
            }
          ]
        }
      ]
    },
    "Planning Time": 0.238,
    "Triggers": [],
    "Execution Time": 780.856
  }
]