[
  {
    "Plan": {
      "Node Type": "Aggregate",
      "Strategy": "Plain",
      "Partial Mode": "Finalize",
      "Parallel Aware": false,
      "Startup Cost": 45977.19,
      "Total Cost": 45977.2,
      "Plan Rows": 1,
      "Plan Width": 8,
      "Actual Startup Time": 158.974,
      "Actual Total Time": 168.519,
      "Actual Rows": 1,
      "Actual Loops": 1,
      "Plans": [
        {
          "Node Type": "Gather",
          "Parent Relationship": "Outer",
          "Parallel Aware": false,
          "Startup Cost": 45976.88,
          "Total Cost": 45977.19,
          "Plan Rows": 3,
          "Plan Width": 8,
          "Actual Startup Time": 158.842,
          "Actual Total Time": 168.51,
          "Actual Rows": 4,
          "Actual Loops": 1,
          "Workers Planned": 3,
          "Workers Launched": 3,
          "Single Copy": false,
          "Plans": [
            {
              "Node Type": "Aggregate",
              "Strategy": "Plain",
              "Partial Mode": "Partial",
              "Parent Relationship": "Outer",
              "Parallel Aware": false,
              "Startup Cost": 44976.88,
              "Total Cost": 44976.89,
              "Plan Rows": 1,
              "Plan Width": 8,
              "Actual Startup Time": 150.305,
              "Actual Total Time": 150.306,
              "Actual Rows": 1,
              "Actual Loops": 4,
              "Plans": [
                {
                  "Node Type": "Seq Scan",
                  "Parent Relationship": "Outer",
                  "Parallel Aware": true,
                  "Relation Name": "movie_keyword",
                  "Alias": "mk",
                  "Startup Cost": 0.0,
                  "Total Cost": 42695.65,
                  "Plan Rows": 912489,
                  "Plan Width": 0,
                  "Actual Startup Time": 0.061,
                  "Actual Total Time": 119.045,
                  "Actual Rows": 706170,
                  "Actual Loops": 4,
                  "Filter": "(keyword_id < 8469)",
                  "Rows Removed by Filter": 424813
                }
              ]
            }
          ]
        }
      ]
    },
    "Planning Time": 0.183,
    "Triggers": [],
    "Execution Time": 168.569
  }
]