[
  {
    "Plan": {
      "Node Type": "Aggregate",
      "Strategy": "Plain",
      "Partial Mode": "Finalize",
      "Parallel Aware": false,
      "Startup Cost": 344298.06,
      "Total Cost": 344298.07,
      "Plan Rows": 1,
      "Plan Width": 8,
      "Actual Startup Time": 250.722,
      "Actual Total Time": 268.946,
      "Actual Rows": 1,
      "Actual Loops": 1,
      "Plans": [
        {
          "Node Type": "Gather",
          "Parent Relationship": "Outer",
          "Parallel Aware": false,
          "Startup Cost": 344297.43,
          "Total Cost": 344298.04,
          "Plan Rows": 6,
          "Plan Width": 8,
          "Actual Startup Time": 250.011,
          "Actual Total Time": 268.937,
          "Actual Rows": 7,
          "Actual Loops": 1,
          "Workers Planned": 6,
          "Workers Launched": 6,
          "Single Copy": false,
          "Plans": [
            {
              "Node Type": "Aggregate",
              "Strategy": "Plain",
              "Partial Mode": "Partial",
              "Parent Relationship": "Outer",
              "Parallel Aware": false,
              "Startup Cost": 343297.43,
              "Total Cost": 343297.44,
              "Plan Rows": 1,
              "Plan Width": 8,
              "Actual Startup Time": 238.616,
              "Actual Total Time": 238.622,
              "Actual Rows": 1,
              "Actual Loops": 7,
              "Plans": [
                {
                  "Node Type": "Hash Join",
                  "Parent Relationship": "Outer",
                  "Parallel Aware": true,
                  "Join Type": "Inner",
                  "Startup Cost": 85549.65,
                  "Total Cost": 343285.31,
                  "Plan Rows": 4849,
                  "Plan Width": 0,
                  "Actual Startup Time": 199.041,
                  "Actual Total Time": 238.447,
                  "Actual Rows": 1856,
                  "Actual Loops": 7,
                  "Inner Unique": true,
                  "Hash Cond": "(ci.movie_id = t.id)",
                  "Plans": [
                    {
                      "Node Type": "Bitmap Heap Scan",
                      "Parent Relationship": "Outer",
                      "Parallel Aware": true,
                      "Relation Name": "cast_info",
                      "Alias": "ci",
                      "Startup Cost": 39874.92,
                      "Total Cost": 297095.2,
                      "Plan Rows": 196332,
                      "Plan Width": 4,
                      "Actual Startup Time": 113.521,
                      "Actual Total Time": 141.072,
                      "Actual Rows": 75747,
                      "Actual Loops": 7,
                      "Recheck Cond": "(person_id < 184285)",
                      "Rows Removed by Index Recheck": 0,
                      "Filter": "(role_id > 1)",
                      "Rows Removed by Filter": 191788,
                      "Exact Heap Blocks": 4903,
                      "Lossy Heap Blocks": 0,
                      "Plans": [
                        {
                          "Node Type": "Bitmap Index Scan",
                          "Parent Relationship": "Outer",
                          "Parallel Aware": false,
                          "Index Name": "person_id_cast_info",
                          "Startup Cost": 0.0,
                          "Total Cost": 39580.42,
                          "Plan Rows": 1813314,
                          "Plan Width": 0,
                          "Actual Startup Time": 61.217,
                          "Actual Total Time": 61.218,
                          "Actual Rows": 1872744,
                          "Actual Loops": 1,
                          "Index Cond": "(person_id < 184285)"
                        }
                      ]
                    },
                    {
                      "Node Type": "Hash",
                      "Parent Relationship": "Inner",
                      "Parallel Aware": true,
                      "Startup Cost": 45479.59,
                      "Total Cost": 45479.59,
                      "Plan Rows": 15612,
                      "Plan Width": 4,
                      "Actual Startup Time": 84.079,
                      "Actual Total Time": 84.081,
                      "Actual Rows": 7701,
                      "Actual Loops": 7,
                      "Hash Buckets": 65536,
                      "Original Hash Buckets": 65536,
                      "Hash Batches": 1,
                      "Original Hash Batches": 1,
                      "Peak Memory Usage": 2784,
                      "Plans": [
                        {
                          "Node Type": "Seq Scan",
                          "Parent Relationship": "Outer",
                          "Parallel Aware": true,
                          "Relation Name": "title",
                          "Alias": "t",
                          "Startup Cost": 0.0,
                          "Total Cost": 45479.59,
                          "Plan Rows": 15612,
                          "Plan Width": 4,
                          "Actual Startup Time": 0.226,
                          "Actual Total Time": 80.234,
                          "Actual Rows": 7701,
                          "Actual Loops": 7,
                          "Filter": "((kind_id < 7) AND (production_year = 2012))",
                          "Rows Removed by Filter": 353487
                        }
                      ]
                    }
                  ]
                }
              ]
            }
          ]
        }
      ]
    },
    "Planning Time": 0.603,
    "Triggers": [],
    "Execution Time": 269.034
  }
]