{
    "Plan": {
        "Node Type": "Aggregate",
        "Strategy": "Plain",
        "Partial Mode": "Finalize",
        "Parallel Aware": false,
        "Startup Cost": 57124.53,
        "Total Cost": 57124.54,
        "Plan Rows": 1,
        "Plan Width": 8,
        "Actual Startup Time": 107.124,
        "Actual Total Time": 120.225,
        "Actual Rows": 1,
        "Actual Loops": 1,
        "Output": [
            "count(*)"
        ],
        "Plans": [
            {
                "Node Type": "Gather",
                "Parent Relationship": "Outer",
                "Parallel Aware": false,
                "Startup Cost": 57124.11,
                "Total Cost": 57124.52,
                "Plan Rows": 4,
                "Plan Width": 8,
                "Actual Startup Time": 107.006,
                "Actual Total Time": 120.218,
                "Actual Rows": 5,
                "Actual Loops": 1,
                "Output": [
                    "(PARTIAL count(*))"
                ],
                "Workers Planned": 4,
                "Workers Launched": 4,
                "Single Copy": false,
                "Plans": [
                    {
                        "Node Type": "Aggregate",
                        "Strategy": "Plain",
                        "Partial Mode": "Partial",
                        "Parent Relationship": "Outer",
                        "Parallel Aware": false,
                        "Startup Cost": 56124.11,
                        "Total Cost": 56124.12,
                        "Plan Rows": 1,
                        "Plan Width": 8,
                        "Actual Startup Time": 96.762,
                        "Actual Total Time": 96.764,
                        "Actual Rows": 1,
                        "Actual Loops": 5,
                        "Output": [
                            "PARTIAL count(*)"
                        ],
                        "Workers": [
                            {
                                "Worker Number": 0,
                                "Actual Startup Time": 93.799,
                                "Actual Total Time": 93.8,
                                "Actual Rows": 1,
                                "Actual Loops": 1
                            },
                            {
                                "Worker Number": 1,
                                "Actual Startup Time": 94.254,
                                "Actual Total Time": 94.256,
                                "Actual Rows": 1,
                                "Actual Loops": 1
                            },
                            {
                                "Worker Number": 2,
                                "Actual Startup Time": 94.756,
                                "Actual Total Time": 94.758,
                                "Actual Rows": 1,
                                "Actual Loops": 1
                            },
                            {
                                "Worker Number": 3,
                                "Actual Startup Time": 94.763,
                                "Actual Total Time": 94.764,
                                "Actual Rows": 1,
                                "Actual Loops": 1
                            }
                        ],
                        "Plans": [
                            {
                                "Node Type": "Nested Loop",
                                "Parent Relationship": "Outer",
                                "Parallel Aware": false,
                                "Join Type": "Inner",
                                "Startup Cost": 0.86,
                                "Total Cost": 56123.97,
                                "Plan Rows": 56,
                                "Plan Width": 0,
                                "Actual Startup Time": 65.18,
                                "Actual Total Time": 96.714,
                                "Actual Rows": 633,
                                "Actual Loops": 5,
                                "Inner Unique": false,
                                "Join Filter": "(t.id = mc.movie_id)",
                                "Rows Removed by Join Filter": 0,
                                "Workers": [
                                    {
                                        "Worker Number": 0,
                                        "Actual Startup Time": 61.497,
                                        "Actual Total Time": 93.738,
                                        "Actual Rows": 719,
                                        "Actual Loops": 1
                                    },
                                    {
                                        "Worker Number": 1,
                                        "Actual Startup Time": 62.803,
                                        "Actual Total Time": 94.225,
                                        "Actual Rows": 328,
                                        "Actual Loops": 1
                                    },
                                    {
                                        "Worker Number": 2,
                                        "Actual Startup Time": 64.894,
                                        "Actual Total Time": 94.689,
                                        "Actual Rows": 951,
                                        "Actual Loops": 1
                                    },
                                    {
                                        "Worker Number": 3,
                                        "Actual Startup Time": 62.489,
                                        "Actual Total Time": 94.724,
                                        "Actual Rows": 424,
                                        "Actual Loops": 1
                                    }
                                ],
                                "Plans": [
                                    {
                                        "Node Type": "Nested Loop",
                                        "Parent Relationship": "Outer",
                                        "Parallel Aware": false,
                                        "Join Type": "Inner",
                                        "Startup Cost": 0.43,
                                        "Total Cost": 56036.9,
                                        "Plan Rows": 55,
                                        "Plan Width": 8,
                                        "Actual Startup Time": 65.094,
                                        "Actual Total Time": 95.403,
                                        "Actual Rows": 86,
                                        "Actual Loops": 5,
                                        "Output": [
                                            "t.id",
                                            "mk.movie_id"
                                        ],
                                        "Inner Unique": false,
                                        "Workers": [
                                            {
                                                "Worker Number": 0,
                                                "Actual Startup Time": 61.374,
                                                "Actual Total Time": 92.278,
                                                "Actual Rows": 79,
                                                "Actual Loops": 1
                                            },
                                            {
                                                "Worker Number": 1,
                                                "Actual Startup Time": 62.707,
                                                "Actual Total Time": 93.015,
                                                "Actual Rows": 66,
                                                "Actual Loops": 1
                                            },
                                            {
                                                "Worker Number": 2,
                                                "Actual Startup Time": 64.801,
                                                "Actual Total Time": 93.026,
                                                "Actual Rows": 107,
                                                "Actual Loops": 1
                                            },
                                            {
                                                "Worker Number": 3,
                                                "Actual Startup Time": 62.395,
                                                "Actual Total Time": 93.22,
                                                "Actual Rows": 76,
                                                "Actual Loops": 1
                                            }
                                        ],
                                        "Plans": [
                                            {
                                                "Node Type": "Seq Scan",
                                                "Parent Relationship": "Outer",
                                                "Parallel Aware": true,
                                                "Relation Name": "title",
                                                "Schema": "public",
                                                "Alias": "t",
                                                "Startup Cost": 0.0,
                                                "Total Cost": 45479.21,
                                                "Plan Rows": 1228,
                                                "Plan Width": 4,
                                                "Actual Startup Time": 2.675,
                                                "Actual Total Time": 82.782,
                                                "Actual Rows": 868,
                                                "Actual Loops": 5,
                                                "Output": [
                                                    "t.id",
                                                    "t.title",
                                                    "t.imdb_index",
                                                    "t.kind_id",
                                                    "t.production_year",
                                                    "t.imdb_id",
                                                    "t.phonetic_code",
                                                    "t.episode_of_id",
                                                    "t.season_nr",
                                                    "t.episode_nr",
                                                    "t.series_years",
                                                    "t.md5sum"
                                                ],
                                                "Filter": "((t.kind_id < 7) AND (t.production_year = 1961))",
                                                "Rows Removed by Filter": 504795,
                                                "Workers": [
                                                    {
                                                        "Worker Number": 0,
                                                        "Actual Startup Time": 4.894,
                                                        "Actual Total Time": 78.628,
                                                        "Actual Rows": 698,
                                                        "Actual Loops": 1
                                                    },
                                                    {
                                                        "Worker Number": 1,
                                                        "Actual Startup Time": 4.688,
                                                        "Actual Total Time": 79.538,
                                                        "Actual Rows": 803,
                                                        "Actual Loops": 1
                                                    },
                                                    {
                                                        "Worker Number": 2,
                                                        "Actual Startup Time": 2.288,
                                                        "Actual Total Time": 79.512,
                                                        "Actual Rows": 705,
                                                        "Actual Loops": 1
                                                    },
                                                    {
                                                        "Worker Number": 3,
                                                        "Actual Startup Time": 0.928,
                                                        "Actual Total Time": 79.593,
                                                        "Actual Rows": 696,
                                                        "Actual Loops": 1
                                                    }
                                                ]
                                            },
                                            {
                                                "Node Type": "Index Scan",
                                                "Parent Relationship": "Inner",
                                                "Parallel Aware": false,
                                                "Scan Direction": "Forward",
                                                "Index Name": "movie_id_movie_keyword",
                                                "Relation Name": "movie_keyword",
                                                "Schema": "public",
                                                "Alias": "mk",
                                                "Startup Cost": 0.43,
                                                "Total Cost": 8.59,
                                                "Plan Rows": 1,
                                                "Plan Width": 4,
                                                "Actual Startup Time": 0.014,
                                                "Actual Total Time": 0.014,
                                                "Actual Rows": 0,
                                                "Actual Loops": 4339,
                                                "Output": [
                                                    "mk.id",
                                                    "mk.movie_id",
                                                    "mk.keyword_id"
                                                ],
                                                "Index Cond": "(mk.movie_id = t.id)",
                                                "Rows Removed by Index Recheck": 0,
                                                "Filter": "(mk.keyword_id > 80673)",
                                                "Rows Removed by Filter": 3,
                                                "Workers": [
                                                    {
                                                        "Worker Number": 0,
                                                        "Actual Startup Time": 0.019,
                                                        "Actual Total Time": 0.019,
                                                        "Actual Rows": 0,
                                                        "Actual Loops": 698
                                                    },
                                                    {
                                                        "Worker Number": 1,
                                                        "Actual Startup Time": 0.016,
                                                        "Actual Total Time": 0.016,
                                                        "Actual Rows": 0,
                                                        "Actual Loops": 803
                                                    },
                                                    {
                                                        "Worker Number": 2,
                                                        "Actual Startup Time": 0.018,
                                                        "Actual Total Time": 0.018,
                                                        "Actual Rows": 0,
                                                        "Actual Loops": 705
                                                    },
                                                    {
                                                        "Worker Number": 3,
                                                        "Actual Startup Time": 0.019,
                                                        "Actual Total Time": 0.019,
                                                        "Actual Rows": 0,
                                                        "Actual Loops": 696
                                                    }
                                                ]
                                            }
                                        ]
                                    },
                                    {
                                        "Node Type": "Index Only Scan",
                                        "Parent Relationship": "Inner",
                                        "Parallel Aware": false,
                                        "Scan Direction": "Forward",
                                        "Index Name": "movie_id_movie_companies",
                                        "Relation Name": "movie_companies",
                                        "Schema": "public",
                                        "Alias": "mc",
                                        "Startup Cost": 0.43,
                                        "Total Cost": 1.52,
                                        "Plan Rows": 5,
                                        "Plan Width": 4,
                                        "Actual Startup Time": 0.01,
                                        "Actual Total Time": 0.014,
                                        "Actual Rows": 7,
                                        "Actual Loops": 431,
                                        "Output": [
                                            "mc.movie_id"
                                        ],
                                        "Index Cond": "(mc.movie_id = mk.movie_id)",
                                        "Rows Removed by Index Recheck": 0,
                                        "Heap Fetches": 3167,
                                        "Workers": [
                                            {
                                                "Worker Number": 0,
                                                "Actual Startup Time": 0.012,
                                                "Actual Total Time": 0.017,
                                                "Actual Rows": 9,
                                                "Actual Loops": 79
                                            },
                                            {
                                                "Worker Number": 1,
                                                "Actual Startup Time": 0.013,
                                                "Actual Total Time": 0.017,
                                                "Actual Rows": 5,
                                                "Actual Loops": 66
                                            },
                                            {
                                                "Worker Number": 2,
                                                "Actual Startup Time": 0.01,
                                                "Actual Total Time": 0.014,
                                                "Actual Rows": 9,
                                                "Actual Loops": 107
                                            },
                                            {
                                                "Worker Number": 3,
                                                "Actual Startup Time": 0.014,
                                                "Actual Total Time": 0.019,
                                                "Actual Rows": 6,
                                                "Actual Loops": 76
                                            }
                                        ]
                                    }
                                ]
                            }
                        ]
                    }
                ]
            }
        ]
    },
    "Planning Time": 1.604,
    "Triggers": [],
    "Execution Time": 120.331
}