{
    "Plan": {
        "Node Type": "Aggregate",
        "Strategy": "Plain",
        "Partial Mode": "Simple",
        "Parallel Aware": false,
        "Startup Cost": 909.31,
        "Total Cost": 909.32,
        "Plan Rows": 1,
        "Plan Width": 8,
        "Actual Startup Time": 21.71,
        "Actual Total Time": 21.712,
        "Actual Rows": 1,
        "Actual Loops": 1,
        "Output": [
            "count(*)"
        ],
        "Plans": [
            {
                "Node Type": "Bitmap Heap Scan",
                "Parent Relationship": "Outer",
                "Parallel Aware": false,
                "Relation Name": "movie_keyword",
                "Schema": "public",
                "Alias": "mk",
                "Startup Cost": 6.32,
                "Total Cost": 908.7,
                "Plan Rows": 244,
                "Plan Width": 0,
                "Actual Startup Time": 1.585,
                "Actual Total Time": 21.192,
                "Actual Rows": 1436,
                "Actual Loops": 1,
                "Recheck Cond": "(mk.keyword_id = 4649)",
                "Rows Removed by Index Recheck": 0,
                "Exact Heap Blocks": 1202,
                "Lossy Heap Blocks": 0,
                "Plans": [
                    {
                        "Node Type": "Bitmap Index Scan",
                        "Parent Relationship": "Outer",
                        "Parallel Aware": false,
                        "Index Name": "keyword_id_movie_keyword",
                        "Startup Cost": 0.0,
                        "Total Cost": 6.26,
                        "Plan Rows": 244,
                        "Plan Width": 0,
                        "Actual Startup Time": 1.004,
                        "Actual Total Time": 1.005,
                        "Actual Rows": 1436,
                        "Actual Loops": 1,
                        "Index Cond": "(mk.keyword_id = 4649)"
                    }
                ]
            }
        ]
    },
    "Planning Time": 1.92,
    "Triggers": [],
    "Execution Time": 21.954
}