[
  {
    "Plan": {
      "Node Type": "Aggregate",
      "Strategy": "Plain",
      "Partial Mode": "Finalize",
      "Parallel Aware": false,
      "Startup Cost": 45217.01,
      "Total Cost": 45217.02,
      "Plan Rows": 1,
      "Plan Width": 8,
      "Actual Startup Time": 138.829,
      "Actual Total Time": 146.399,
      "Actual Rows": 1,
      "Actual Loops": 1,
      "Plans": [
        {
          "Node Type": "Gather",
          "Parent Relationship": "Outer",
          "Parallel Aware": false,
          "Startup Cost": 45216.69,
          "Total Cost": 45217.0,
          "Plan Rows": 3,
          "Plan Width": 8,
          "Actual Startup Time": 138.706,
          "Actual Total Time": 146.392,
          "Actual Rows": 4,
          "Actual Loops": 1,
          "Workers Planned": 3,
          "Workers Launched": 3,
          "Single Copy": false,
          "Plans": [
            {
              "Node Type": "Aggregate",
              "Strategy": "Plain",
              "Partial Mode": "Partial",
              "Parent Relationship": "Outer",
              "Parallel Aware": false,
              "Startup Cost": 44216.69,
              "Total Cost": 44216.7,
              "Plan Rows": 1,
              "Plan Width": 8,
              "Actual Startup Time": 132.844,
              "Actual Total Time": 132.845,
              "Actual Rows": 1,
              "Actual Loops": 4,
              "Plans": [
                {
                  "Node Type": "Seq Scan",
                  "Parent Relationship": "Outer",
                  "Parallel Aware": true,
                  "Relation Name": "movie_keyword",
                  "Alias": "mk",
                  "Startup Cost": 0.0,
                  "Total Cost": 42695.65,
                  "Plan Rows": 608415,
                  "Plan Width": 0,
                  "Actual Startup Time": 0.616,
                  "Actual Total Time": 110.418,
                  "Actual Rows": 472310,
                  "Actual Loops": 4,
                  "Filter": "(keyword_id > 7226)",
                  "Rows Removed by Filter": 658673
                }
              ]
            }
          ]
        }
      ]
    },
    "Planning Time": 0.113,
    "Triggers": [],
    "Execution Time": 146.444
  }
]