[
  {
    "Plan": {
      "Node Type": "Aggregate",
      "Strategy": "Plain",
      "Partial Mode": "Finalize",
      "Parallel Aware": false,
      "Startup Cost": 214905.34,
      "Total Cost": 214905.35,
      "Plan Rows": 1,
      "Plan Width": 8,
      "Actual Startup Time": 685.995,
      "Actual Total Time": 715.717,
      "Actual Rows": 1,
      "Actual Loops": 1,
      "Plans": [
        {
          "Node Type": "Gather",
          "Parent Relationship": "Outer",
          "Parallel Aware": false,
          "Startup Cost": 214904.81,
          "Total Cost": 214905.32,
          "Plan Rows": 5,
          "Plan Width": 8,
          "Actual Startup Time": 676.027,
          "Actual Total Time": 715.702,
          "Actual Rows": 6,
          "Actual Loops": 1,
          "Workers Planned": 5,
          "Workers Launched": 5,
          "Single Copy": false,
          "Plans": [
            {
              "Node Type": "Aggregate",
              "Strategy": "Plain",
              "Partial Mode": "Partial",
              "Parent Relationship": "Outer",
              "Parallel Aware": false,
              "Startup Cost": 213904.81,
              "Total Cost": 213904.82,
              "Plan Rows": 1,
              "Plan Width": 8,
              "Actual Startup Time": 666.415,
              "Actual Total Time": 666.675,
              "Actual Rows": 1,
              "Actual Loops": 6,
              "Plans": [
                {
                  "Node Type": "Hash Join",
                  "Parent Relationship": "Outer",
                  "Parallel Aware": true,
                  "Join Type": "Inner",
                  "Startup Cost": 83320.04,
                  "Total Cost": 213457.14,
                  "Plan Rows": 179068,
                  "Plan Width": 0,
                  "Actual Startup Time": 332.919,
                  "Actual Total Time": 655.911,
                  "Actual Rows": 218085,
                  "Actual Loops": 6,
                  "Inner Unique": false,
                  "Hash Cond": "(ci.movie_id = t.id)",
                  "Plans": [
                    {
                      "Node Type": "Index Scan",
                      "Parent Relationship": "Outer",
                      "Parallel Aware": true,
                      "Scan Direction": "Forward",
                      "Index Name": "role_id_cast_info",
                      "Relation Name": "cast_info",
                      "Alias": "ci",
                      "Startup Cost": 0.56,
                      "Total Cost": 126672.01,
                      "Plan Rows": 770140,
                      "Plan Width": 4,
                      "Actual Startup Time": 0.619,
                      "Actual Total Time": 189.528,
                      "Actual Rows": 727486,
                      "Actual Loops": 6,
                      "Index Cond": "(role_id > 9)",
                      "Rows Removed by Index Recheck": 0,
                      "Filter": "(person_id > 612745)",
                      "Rows Removed by Filter": 45703
                    },
                    {
                      "Node Type": "Hash",
                      "Parent Relationship": "Inner",
                      "Parallel Aware": true,
                      "Startup Cost": 80948.94,
                      "Total Cost": 80948.94,
                      "Plan Rows": 189643,
                      "Plan Width": 8,
                      "Actual Startup Time": 330.048,
                      "Actual Total Time": 330.306,
                      "Actual Rows": 36150,
                      "Actual Loops": 6,
                      "Hash Buckets": 1048576,
                      "Original Hash Buckets": 1048576,
                      "Hash Batches": 1,
                      "Original Hash Batches": 1,
                      "Peak Memory Usage": 16800,
                      "Plans": [
                        {
                          "Node Type": "Hash Join",
                          "Parent Relationship": "Outer",
                          "Parallel Aware": true,
                          "Join Type": "Inner",
                          "Startup Cost": 48717.81,
                          "Total Cost": 80948.94,
                          "Plan Rows": 189643,
                          "Plan Width": 8,
                          "Actual Startup Time": 244.702,
                          "Actual Total Time": 316.665,
                          "Actual Rows": 36150,
                          "Actual Loops": 6,
                          "Inner Unique": true,
                          "Hash Cond": "(mc.movie_id = t.id)",
                          "Plans": [
                            {
                              "Node Type": "Seq Scan",
                              "Parent Relationship": "Outer",
                              "Parallel Aware": true,
                              "Relation Name": "movie_companies",
                              "Alias": "mc",
                              "Startup Cost": 0.0,
                              "Total Cost": 31414.82,
                              "Plan Rows": 310975,
                              "Plan Width": 4,
                              "Actual Startup Time": 25.738,
                              "Actual Total Time": 53.326,
                              "Actual Rows": 109565,
                              "Actual Loops": 6,
                              "Filter": "((company_id < 43143) AND (company_type_id > 1))",
                              "Rows Removed by Filter": 325290
                            },
                            {
                              "Node Type": "Hash",
                              "Parent Relationship": "Inner",
                              "Parallel Aware": true,
                              "Startup Cost": 43899.32,
                              "Total Cost": 43899.32,
                              "Plan Rows": 385479,
                              "Plan Width": 4,
                              "Actual Startup Time": 216.405,
                              "Actual Total Time": 216.407,
                              "Actual Rows": 257211,
                              "Actual Loops": 6,
                              "Hash Buckets": 2097152,
                              "Original Hash Buckets": 2097152,
                              "Hash Batches": 1,
                              "Original Hash Batches": 1,
                              "Peak Memory Usage": 76800,
                              "Plans": [
                                {
                                  "Node Type": "Seq Scan",
                                  "Parent Relationship": "Outer",
                                  "Parallel Aware": true,
                                  "Relation Name": "title",
                                  "Alias": "t",
                                  "Startup Cost": 0.0,
                                  "Total Cost": 43899.32,
                                  "Plan Rows": 385479,
                                  "Plan Width": 4,
                                  "Actual Startup Time": 0.054,
                                  "Actual Total Time": 91.078,
                                  "Actual Rows": 257211,
                                  "Actual Loops": 6,
                                  "Filter": "(kind_id = 7)",
                                  "Rows Removed by Filter": 164175
                                }
                              ]
                            }
                          ]
                        }
                      ]
                    }
                  ]
                }
              ]
            }
          ]
        }
      ]
    },
    "Planning Time": 1.141,
    "Triggers": [],
    "Execution Time": 715.783
  }
]