[
  {
    "Plan": {
      "Node Type": "Aggregate",
      "Strategy": "Plain",
      "Partial Mode": "Finalize",
      "Parallel Aware": false,
      "Startup Cost": 31542.84,
      "Total Cost": 31542.85,
      "Plan Rows": 1,
      "Plan Width": 8,
      "Actual Startup Time": 104.304,
      "Actual Total Time": 109.807,
      "Actual Rows": 1,
      "Actual Loops": 1,
      "Plans": [
        {
          "Node Type": "Gather",
          "Parent Relationship": "Outer",
          "Parallel Aware": false,
          "Startup Cost": 31542.52,
          "Total Cost": 31542.83,
          "Plan Rows": 3,
          "Plan Width": 8,
          "Actual Startup Time": 104.072,
          "Actual Total Time": 109.799,
          "Actual Rows": 4,
          "Actual Loops": 1,
          "Workers Planned": 3,
          "Workers Launched": 3,
          "Single Copy": false,
          "Plans": [
            {
              "Node Type": "Aggregate",
              "Strategy": "Plain",
              "Partial Mode": "Partial",
              "Parent Relationship": "Outer",
              "Parallel Aware": false,
              "Startup Cost": 30542.52,
              "Total Cost": 30542.53,
              "Plan Rows": 1,
              "Plan Width": 8,
              "Actual Startup Time": 96.923,
              "Actual Total Time": 96.924,
              "Actual Rows": 1,
              "Actual Loops": 4,
              "Plans": [
                {
                  "Node Type": "Seq Scan",
                  "Parent Relationship": "Outer",
                  "Parallel Aware": true,
                  "Relation Name": "movie_companies",
                  "Alias": "mc",
                  "Startup Cost": 0.0,
                  "Total Cost": 29310.68,
                  "Plan Rows": 492736,
                  "Plan Width": 0,
                  "Actual Startup Time": 9.405,
                  "Actual Total Time": 80.217,
                  "Actual Rows": 381701,
                  "Actual Loops": 4,
                  "Filter": "(company_id > 6941)",
                  "Rows Removed by Filter": 270582
                }
              ]
            }
          ]
        }
      ]
    },
    "Planning Time": 0.118,
    "Triggers": [],
    "Execution Time": 109.844
  }
]