[
  {
    "Plan": {
      "Node Type": "Aggregate",
      "Strategy": "Plain",
      "Partial Mode": "Finalize",
      "Parallel Aware": false,
      "Startup Cost": 41747.72,
      "Total Cost": 41747.73,
      "Plan Rows": 1,
      "Plan Width": 8,
      "Actual Startup Time": 124.754,
      "Actual Total Time": 133.232,
      "Actual Rows": 1,
      "Actual Loops": 1,
      "Plans": [
        {
          "Node Type": "Gather",
          "Parent Relationship": "Outer",
          "Parallel Aware": false,
          "Startup Cost": 41747.4,
          "Total Cost": 41747.71,
          "Plan Rows": 3,
          "Plan Width": 8,
          "Actual Startup Time": 124.429,
          "Actual Total Time": 133.224,
          "Actual Rows": 4,
          "Actual Loops": 1,
          "Workers Planned": 3,
          "Workers Launched": 3,
          "Single Copy": false,
          "Plans": [
            {
              "Node Type": "Aggregate",
              "Strategy": "Plain",
              "Partial Mode": "Partial",
              "Parent Relationship": "Outer",
              "Parallel Aware": false,
              "Startup Cost": 40747.4,
              "Total Cost": 40747.41,
              "Plan Rows": 1,
              "Plan Width": 8,
              "Actual Startup Time": 120.859,
              "Actual Total Time": 120.861,
              "Actual Rows": 1,
              "Actual Loops": 4,
              "Plans": [
                {
                  "Node Type": "Bitmap Heap Scan",
                  "Parent Relationship": "Outer",
                  "Parallel Aware": true,
                  "Relation Name": "movie_keyword",
                  "Alias": "mk",
                  "Startup Cost": 13267.27,
                  "Total Cost": 40243.04,
                  "Plan Rows": 201742,
                  "Plan Width": 0,
                  "Actual Startup Time": 40.892,
                  "Actual Total Time": 112.454,
                  "Actual Rows": 156862,
                  "Actual Loops": 4,
                  "Recheck Cond": "(keyword_id > 29261)",
                  "Rows Removed by Index Recheck": 0,
                  "Exact Heap Blocks": 9900,
                  "Lossy Heap Blocks": 0,
                  "Plans": [
                    {
                      "Node Type": "Bitmap Index Scan",
                      "Parent Relationship": "Outer",
                      "Parallel Aware": false,
                      "Index Name": "keyword_id_movie_keyword",
                      "Startup Cost": 0.0,
                      "Total Cost": 13110.93,
                      "Plan Rows": 625399,
                      "Plan Width": 0,
                      "Actual Startup Time": 40.526,
                      "Actual Total Time": 40.528,
                      "Actual Rows": 627448,
                      "Actual Loops": 1,
                      "Index Cond": "(keyword_id > 29261)"
                    }
                  ]
                }
              ]
            }
          ]
        }
      ]
    },
    "Planning Time": 0.105,
    "Triggers": [],
    "Execution Time": 133.277
  }
]