[
  {
    "Plan": {
      "Node Type": "Aggregate",
      "Strategy": "Plain",
      "Partial Mode": "Finalize",
      "Parallel Aware": false,
      "Startup Cost": 47451.75,
      "Total Cost": 47451.76,
      "Plan Rows": 1,
      "Plan Width": 8,
      "Actual Startup Time": 120.966,
      "Actual Total Time": 133.534,
      "Actual Rows": 1,
      "Actual Loops": 1,
      "Plans": [
        {
          "Node Type": "Gather",
          "Parent Relationship": "Outer",
          "Parallel Aware": false,
          "Startup Cost": 47451.33,
          "Total Cost": 47451.74,
          "Plan Rows": 4,
          "Plan Width": 8,
          "Actual Startup Time": 120.811,
          "Actual Total Time": 133.525,
          "Actual Rows": 5,
          "Actual Loops": 1,
          "Workers Planned": 4,
          "Workers Launched": 4,
          "Single Copy": false,
          "Plans": [
            {
              "Node Type": "Aggregate",
              "Strategy": "Plain",
              "Partial Mode": "Partial",
              "Parent Relationship": "Outer",
              "Parallel Aware": false,
              "Startup Cost": 46451.33,
              "Total Cost": 46451.34,
              "Plan Rows": 1,
              "Plan Width": 8,
              "Actual Startup Time": 114.154,
              "Actual Total Time": 114.155,
              "Actual Rows": 1,
              "Actual Loops": 5,
              "Plans": [
                {
                  "Node Type": "Seq Scan",
                  "Parent Relationship": "Outer",
                  "Parallel Aware": true,
                  "Relation Name": "title",
                  "Alias": "t",
                  "Startup Cost": 0.0,
                  "Total Cost": 45479.59,
                  "Plan Rows": 388698,
                  "Plan Width": 0,
                  "Actual Startup Time": 0.036,
                  "Actual Total Time": 95.585,
                  "Actual Rows": 331987,
                  "Actual Loops": 5,
                  "Filter": "((kind_id > 1) AND (production_year > 1969))",
                  "Rows Removed by Filter": 173676
                }
              ]
            }
          ]
        }
      ]
    },
    "Planning Time": 0.186,
    "Triggers": [],
    "Execution Time": 133.598
  }
]