[
  {
    "Plan": {
      "Node Type": "Aggregate",
      "Strategy": "Plain",
      "Partial Mode": "Simple",
      "Parallel Aware": false,
      "Startup Cost": 18711.51,
      "Total Cost": 18711.52,
      "Plan Rows": 1,
      "Plan Width": 8,
      "Actual Startup Time": 20.927,
      "Actual Total Time": 20.929,
      "Actual Rows": 1,
      "Actual Loops": 1,
      "Plans": [
        {
          "Node Type": "Bitmap Heap Scan",
          "Parent Relationship": "Outer",
          "Parallel Aware": false,
          "Relation Name": "movie_keyword",
          "Alias": "mk",
          "Startup Cost": 207.23,
          "Total Cost": 18687.38,
          "Plan Rows": 9651,
          "Plan Width": 0,
          "Actual Startup Time": 4.64,
          "Actual Total Time": 19.722,
          "Actual Rows": 7692,
          "Actual Loops": 1,
          "Recheck Cond": "(keyword_id = 186)",
          "Rows Removed by Index Recheck": 0,
          "Exact Heap Blocks": 5376,
          "Lossy Heap Blocks": 0,
          "Plans": [
            {
              "Node Type": "Bitmap Index Scan",
              "Parent Relationship": "Outer",
              "Parallel Aware": false,
              "Index Name": "keyword_id_movie_keyword",
              "Startup Cost": 0.0,
              "Total Cost": 204.81,
              "Plan Rows": 9651,
              "Plan Width": 0,
              "Actual Startup Time": 2.284,
              "Actual Total Time": 2.285,
              "Actual Rows": 7692,
              "Actual Loops": 1,
              "Index Cond": "(keyword_id = 186)"
            }
          ]
        }
      ]
    },
    "Planning Time": 0.18,
    "Triggers": [],
    "Execution Time": 20.993
  }
]