[
  {
    "Plan": {
      "Node Type": "Aggregate",
      "Strategy": "Plain",
      "Partial Mode": "Simple",
      "Parallel Aware": false,
      "Startup Cost": 14152.34,
      "Total Cost": 14152.35,
      "Plan Rows": 1,
      "Plan Width": 8,
      "Actual Startup Time": 18.287,
      "Actual Total Time": 18.289,
      "Actual Rows": 1,
      "Actual Loops": 1,
      "Plans": [
        {
          "Node Type": "Bitmap Heap Scan",
          "Parent Relationship": "Outer",
          "Parallel Aware": false,
          "Relation Name": "movie_keyword",
          "Alias": "mk",
          "Startup Cost": 131.18,
          "Total Cost": 14137.26,
          "Plan Rows": 6032,
          "Plan Width": 0,
          "Actual Startup Time": 3.818,
          "Actual Total Time": 17.13,
          "Actual Rows": 7692,
          "Actual Loops": 1,
          "Recheck Cond": "(keyword_id = 186)",
          "Rows Removed by Index Recheck": 0,
          "Exact Heap Blocks": 5376,
          "Lossy Heap Blocks": 0,
          "Plans": [
            {
              "Node Type": "Bitmap Index Scan",
              "Parent Relationship": "Outer",
              "Parallel Aware": false,
              "Index Name": "keyword_id_movie_keyword",
              "Startup Cost": 0.0,
              "Total Cost": 129.67,
              "Plan Rows": 6032,
              "Plan Width": 0,
              "Actual Startup Time": 1.908,
              "Actual Total Time": 1.908,
              "Actual Rows": 7692,
              "Actual Loops": 1,
              "Index Cond": "(keyword_id = 186)"
            }
          ]
        }
      ]
    },
    "Planning Time": 0.186,
    "Triggers": [],
    "Execution Time": 18.35
  }
]