[
    {
        "Bao": {
            "Bao prediction": 144.627,
            "Bao recommended hint": "(no hint)"
        }
    },
    {
        "Plan": {
            "Node Type": "Aggregate",
            "Strategy": "Plain",
            "Partial Mode": "Simple",
            "Parallel Aware": false,
            "Startup Cost": 49591.69,
            "Total Cost": 49591.7,
            "Plan Rows": 1,
            "Plan Width": 8,
            "Actual Startup Time": 117.324,
            "Actual Total Time": 127.111,
            "Actual Rows": 1,
            "Actual Loops": 1,
            "Output": [
                "count(*)"
            ],
            "Plans": [
                {
                    "Node Type": "Gather",
                    "Parent Relationship": "Outer",
                    "Parallel Aware": false,
                    "Startup Cost": 1000.86,
                    "Total Cost": 49591.68,
                    "Plan Rows": 4,
                    "Plan Width": 0,
                    "Actual Startup Time": 117.066,
                    "Actual Total Time": 127.102,
                    "Actual Rows": 10,
                    "Actual Loops": 1,
                    "Workers Planned": 4,
                    "Workers Launched": 4,
                    "Single Copy": false,
                    "Plans": [
                        {
                            "Node Type": "Nested Loop",
                            "Parent Relationship": "Outer",
                            "Parallel Aware": false,
                            "Join Type": "Inner",
                            "Startup Cost": 0.86,
                            "Total Cost": 48591.28,
                            "Plan Rows": 1,
                            "Plan Width": 0,
                            "Actual Startup Time": 82.839,
                            "Actual Total Time": 108.106,
                            "Actual Rows": 2,
                            "Actual Loops": 5,
                            "Inner Unique": false,
                            "Join Filter": "(t.id = mc.movie_id)",
                            "Rows Removed by Join Filter": 0,
                            "Workers": [
                                {
                                    "Worker Number": 0,
                                    "Actual Startup Time": 65.166,
                                    "Actual Total Time": 105.913,
                                    "Actual Rows": 2,
                                    "Actual Loops": 1
                                },
                                {
                                    "Worker Number": 1,
                                    "Actual Startup Time": 67.953,
                                    "Actual Total Time": 105.927,
                                    "Actual Rows": 2,
                                    "Actual Loops": 1
                                },
                                {
                                    "Worker Number": 2,
                                    "Actual Startup Time": 96.692,
                                    "Actual Total Time": 106.153,
                                    "Actual Rows": 3,
                                    "Actual Loops": 1
                                },
                                {
                                    "Worker Number": 3,
                                    "Actual Startup Time": 68.149,
                                    "Actual Total Time": 106.301,
                                    "Actual Rows": 3,
                                    "Actual Loops": 1
                                }
                            ],
                            "Plans": [
                                {
                                    "Node Type": "Nested Loop",
                                    "Parent Relationship": "Outer",
                                    "Parallel Aware": false,
                                    "Join Type": "Inner",
                                    "Startup Cost": 0.43,
                                    "Total Cost": 48532.89,
                                    "Plan Rows": 73,
                                    "Plan Width": 8,
                                    "Actual Startup Time": 65.191,
                                    "Actual Total Time": 103.072,
                                    "Actual Rows": 219,
                                    "Actual Loops": 5,
                                    "Output": [
                                        "t.id",
                                        "mi_idx.movie_id"
                                    ],
                                    "Inner Unique": false,
                                    "Workers": [
                                        {
                                            "Worker Number": 0,
                                            "Actual Startup Time": 63.904,
                                            "Actual Total Time": 100.64,
                                            "Actual Rows": 176,
                                            "Actual Loops": 1
                                        },
                                        {
                                            "Worker Number": 1,
                                            "Actual Startup Time": 63.964,
                                            "Actual Total Time": 99.899,
                                            "Actual Rows": 196,
                                            "Actual Loops": 1
                                        },
                                        {
                                            "Worker Number": 2,
                                            "Actual Startup Time": 64.563,
                                            "Actual Total Time": 100.725,
                                            "Actual Rows": 186,
                                            "Actual Loops": 1
                                        },
                                        {
                                            "Worker Number": 3,
                                            "Actual Startup Time": 64.496,
                                            "Actual Total Time": 100.483,
                                            "Actual Rows": 185,
                                            "Actual Loops": 1
                                        }
                                    ],
                                    "Plans": [
                                        {
                                            "Node Type": "Seq Scan",
                                            "Parent Relationship": "Outer",
                                            "Parallel Aware": true,
                                            "Relation Name": "title",
                                            "Schema": "public",
                                            "Alias": "t",
                                            "Startup Cost": 0.0,
                                            "Total Cost": 45479.21,
                                            "Plan Rows": 397,
                                            "Plan Width": 4,
                                            "Actual Startup Time": 65.043,
                                            "Actual Total Time": 96.705,
                                            "Actual Rows": 542,
                                            "Actual Loops": 5,
                                            "Output": [
                                                "t.id",
                                                "t.title",
                                                "t.imdb_index",
                                                "t.kind_id",
                                                "t.production_year",
                                                "t.imdb_id",
                                                "t.phonetic_code",
                                                "t.episode_of_id",
                                                "t.season_nr",
                                                "t.episode_nr",
                                                "t.series_years",
                                                "t.md5sum"
                                            ],
                                            "Filter": "((t.kind_id = 1) AND (t.production_year = 1954))",
                                            "Rows Removed by Filter": 505120,
                                            "Workers": [
                                                {
                                                    "Worker Number": 0,
                                                    "Actual Startup Time": 63.792,
                                                    "Actual Total Time": 93.468,
                                                    "Actual Rows": 468,
                                                    "Actual Loops": 1
                                                },
                                                {
                                                    "Worker Number": 1,
                                                    "Actual Startup Time": 63.88,
                                                    "Actual Total Time": 92.906,
                                                    "Actual Rows": 452,
                                                    "Actual Loops": 1
                                                },
                                                {
                                                    "Worker Number": 2,
                                                    "Actual Startup Time": 64.254,
                                                    "Actual Total Time": 93.867,
                                                    "Actual Rows": 463,
                                                    "Actual Loops": 1
                                                },
                                                {
                                                    "Worker Number": 3,
                                                    "Actual Startup Time": 64.29,
                                                    "Actual Total Time": 93.354,
                                                    "Actual Rows": 452,
                                                    "Actual Loops": 1
                                                }
                                            ]
                                        },
                                        {
                                            "Node Type": "Index Scan",
                                            "Parent Relationship": "Inner",
                                            "Parallel Aware": false,
                                            "Scan Direction": "Forward",
                                            "Index Name": "movie_id_movie_info_idx",
                                            "Relation Name": "movie_info_idx",
                                            "Schema": "public",
                                            "Alias": "mi_idx",
                                            "Startup Cost": 0.43,
                                            "Total Cost": 7.68,
                                            "Plan Rows": 1,
                                            "Plan Width": 4,
                                            "Actual Startup Time": 0.011,
                                            "Actual Total Time": 0.011,
                                            "Actual Rows": 0,
                                            "Actual Loops": 2712,
                                            "Output": [
                                                "mi_idx.id",
                                                "mi_idx.movie_id",
                                                "mi_idx.info_type_id",
                                                "mi_idx.info",
                                                "mi_idx.note"
                                            ],
                                            "Index Cond": "(mi_idx.movie_id = t.id)",
                                            "Rows Removed by Index Recheck": 0,
                                            "Filter": "(mi_idx.info_type_id = 100)",
                                            "Rows Removed by Filter": 1,
                                            "Workers": [
                                                {
                                                    "Worker Number": 0,
                                                    "Actual Startup Time": 0.014,
                                                    "Actual Total Time": 0.014,
                                                    "Actual Rows": 0,
                                                    "Actual Loops": 468
                                                },
                                                {
                                                    "Worker Number": 1,
                                                    "Actual Startup Time": 0.014,
                                                    "Actual Total Time": 0.015,
                                                    "Actual Rows": 0,
                                                    "Actual Loops": 452
                                                },
                                                {
                                                    "Worker Number": 2,
                                                    "Actual Startup Time": 0.014,
                                                    "Actual Total Time": 0.014,
                                                    "Actual Rows": 0,
                                                    "Actual Loops": 463
                                                },
                                                {
                                                    "Worker Number": 3,
                                                    "Actual Startup Time": 0.015,
                                                    "Actual Total Time": 0.015,
                                                    "Actual Rows": 0,
                                                    "Actual Loops": 452
                                                }
                                            ]
                                        }
                                    ]
                                },
                                {
                                    "Node Type": "Index Scan",
                                    "Parent Relationship": "Inner",
                                    "Parallel Aware": false,
                                    "Scan Direction": "Forward",
                                    "Index Name": "movie_id_movie_companies",
                                    "Relation Name": "movie_companies",
                                    "Schema": "public",
                                    "Alias": "mc",
                                    "Startup Cost": 0.43,
                                    "Total Cost": 0.79,
                                    "Plan Rows": 1,
                                    "Plan Width": 4,
                                    "Actual Startup Time": 0.022,
                                    "Actual Total Time": 0.022,
                                    "Actual Rows": 0,
                                    "Actual Loops": 1097,
                                    "Output": [
                                        "mc.id",
                                        "mc.movie_id",
                                        "mc.company_id",
                                        "mc.company_type_id",
                                        "mc.note"
                                    ],
                                    "Index Cond": "(mc.movie_id = mi_idx.movie_id)",
                                    "Rows Removed by Index Recheck": 0,
                                    "Filter": "((mc.company_id < 19) AND (mc.company_type_id < 2))",
                                    "Rows Removed by Filter": 4,
                                    "Workers": [
                                        {
                                            "Worker Number": 0,
                                            "Actual Startup Time": 0.029,
                                            "Actual Total Time": 0.029,
                                            "Actual Rows": 0,
                                            "Actual Loops": 176
                                        },
                                        {
                                            "Worker Number": 1,
                                            "Actual Startup Time": 0.03,
                                            "Actual Total Time": 0.03,
                                            "Actual Rows": 0,
                                            "Actual Loops": 196
                                        },
                                        {
                                            "Worker Number": 2,
                                            "Actual Startup Time": 0.028,
                                            "Actual Total Time": 0.028,
                                            "Actual Rows": 0,
                                            "Actual Loops": 186
                                        },
                                        {
                                            "Worker Number": 3,
                                            "Actual Startup Time": 0.031,
                                            "Actual Total Time": 0.031,
                                            "Actual Rows": 0,
                                            "Actual Loops": 185
                                        }
                                    ]
                                }
                            ]
                        }
                    ]
                }
            ]
        },
        "Planning Time": 2610.289,
        "Triggers": [],
        "Execution Time": 127.226
    }
]