{
  "Plan": {
    "Node Type": "Aggregate",
    "Strategy": "Plain",
    "Partial Mode": "Finalize",
    "Parallel Aware": false,
    "Startup Cost": 1456061.91,
    "Total Cost": 1456061.92,
    "Plan Rows": 1,
    "Plan Width": 8,
    "Actual Startup Time": 26581.634,
    "Actual Total Time": 26702.509,
    "Actual Rows": 1,
    "Actual Loops": 1,
    "Plans": [
      {
        "Node Type": "Gather",
        "Parent Relationship": "Outer",
        "Parallel Aware": false,
        "Startup Cost": 1456061.8,
        "Total Cost": 1456061.91,
        "Plan Rows": 1,
        "Plan Width": 8,
        "Actual Startup Time": 26561.108,
        "Actual Total Time": 26702.499,
        "Actual Rows": 2,
        "Actual Loops": 1,
        "Workers Planned": 1,
        "Workers Launched": 1,
        "Single Copy": false,
        "Plans": [
          {
            "Node Type": "Aggregate",
            "Strategy": "Plain",
            "Partial Mode": "Partial",
            "Parent Relationship": "Outer",
            "Parallel Aware": false,
            "Startup Cost": 1455061.8,
            "Total Cost": 1455061.81,
            "Plan Rows": 1,
            "Plan Width": 8,
            "Actual Startup Time": 26533.213,
            "Actual Total Time": 26533.22,
            "Actual Rows": 1,
            "Actual Loops": 2,
            "Plans": [
              {
                "Node Type": "Hash Join",
                "Parent Relationship": "Outer",
                "Parallel Aware": true,
                "Join Type": "Inner",
                "Startup Cost": 758307.25,
                "Total Cost": 1350686.06,
                "Plan Rows": 41750294,
                "Plan Width": 0,
                "Actual Startup Time": 8804.793,
                "Actual Total Time": 22945.664,
                "Actual Rows": 90610200,
                "Actual Loops": 2,
                "Inner Unique": false,
                "Hash Cond": "(mi.movie_id = t.id)",
                "Plans": [
                  {
                    "Node Type": "Seq Scan",
                    "Parent Relationship": "Outer",
                    "Parallel Aware": true,
                    "Relation Name": "movie_info",
                    "Alias": "mi",
                    "Startup Cost": 0.0,
                    "Total Cost": 248955.74,
                    "Plan Rows": 8696274,
                    "Plan Width": 4,
                    "Actual Startup Time": 0.017,
                    "Actual Total Time": 683.315,
                    "Actual Rows": 7417860,
                    "Actual Loops": 2
                  },
                  {
                    "Node Type": "Hash",
                    "Parent Relationship": "Inner",
                    "Parallel Aware": true,
                    "Startup Cost": 669055.89,
                    "Total Cost": 669055.89,
                    "Plan Rows": 7140109,
                    "Plan Width": 8,
                    "Actual Startup Time": 8750.729,
                    "Actual Total Time": 8750.734,
                    "Actual Rows": 7510840,
                    "Actual Loops": 2,
                    "Hash Buckets": 16777216,
                    "Original Hash Buckets": 16777216,
                    "Hash Batches": 1,
                    "Original Hash Batches": 1,
                    "Peak Memory Usage": 718752,
                    "Plans": [
                      {
                        "Node Type": "Hash Join",
                        "Parent Relationship": "Outer",
                        "Parallel Aware": true,
                        "Join Type": "Inner",
                        "Startup Cost": 65896.2,
                        "Total Cost": 669055.89,
                        "Plan Rows": 7140109,
                        "Plan Width": 8,
                        "Actual Startup Time": 885.079,
                        "Actual Total Time": 6260.848,
                        "Actual Rows": 7510840,
                        "Actual Loops": 2,
                        "Inner Unique": true,
                        "Hash Cond": "(ci.movie_id = t.id)",
                        "Plans": [
                          {
                            "Node Type": "Seq Scan",
                            "Parent Relationship": "Outer",
                            "Parallel Aware": true,
                            "Relation Name": "cast_info",
                            "Alias": "ci",
                            "Startup Cost": 0.0,
                            "Total Cost": 572345.93,
                            "Plan Rows": 11738554,
                            "Plan Width": 4,
                            "Actual Startup Time": 517.703,
                            "Actual Total Time": 1953.685,
                            "Actual Rows": 10963116,
                            "Actual Loops": 2,
                            "Filter": "((person_id > 574853) AND (role_id > 1))",
                            "Rows Removed by Filter": 7159056
                          },
                          {
                            "Node Type": "Hash",
                            "Parent Relationship": "Inner",
                            "Parallel Aware": true,
                            "Startup Cost": 54588.39,
                            "Total Cost": 54588.39,
                            "Plan Rows": 904625,
                            "Plan Width": 4,
                            "Actual Startup Time": 362.006,
                            "Actual Total Time": 362.008,
                            "Actual Rows": 765806,
                            "Actual Loops": 2,
                            "Hash Buckets": 2097152,
                            "Original Hash Buckets": 2097152,
                            "Hash Batches": 1,
                            "Original Hash Batches": 1,
                            "Peak Memory Usage": 76320,
                            "Plans": [
                              {
                                "Node Type": "Seq Scan",
                                "Parent Relationship": "Outer",
                                "Parallel Aware": true,
                                "Relation Name": "title",
                                "Alias": "t",
                                "Startup Cost": 0.0,
                                "Total Cost": 54588.39,
                                "Plan Rows": 904625,
                                "Plan Width": 4,
                                "Actual Startup Time": 0.062,
                                "Actual Total Time": 175.218,
                                "Actual Rows": 765806,
                                "Actual Loops": 2,
                                "Filter": "(production_year > 1997)",
                                "Rows Removed by Filter": 498350
                              }
                            ]
                          }
                        ]
                      }
                    ]
                  }
                ]
              }
            ]
          }
        ]
      }
    ]
  },
  "Planning Time": 1.123,
  "Triggers": [],
  "Execution Time": 26702.618
}