[
  {
    "Plan": {
      "Node Type": "Aggregate",
      "Strategy": "Plain",
      "Partial Mode": "Finalize",
      "Parallel Aware": false,
      "Startup Cost": 30981.86,
      "Total Cost": 30981.87,
      "Plan Rows": 1,
      "Plan Width": 8,
      "Actual Startup Time": 97.888,
      "Actual Total Time": 103.35,
      "Actual Rows": 1,
      "Actual Loops": 1,
      "Plans": [
        {
          "Node Type": "Gather",
          "Parent Relationship": "Outer",
          "Parallel Aware": false,
          "Startup Cost": 30981.54,
          "Total Cost": 30981.85,
          "Plan Rows": 3,
          "Plan Width": 8,
          "Actual Startup Time": 97.769,
          "Actual Total Time": 103.342,
          "Actual Rows": 4,
          "Actual Loops": 1,
          "Workers Planned": 3,
          "Workers Launched": 3,
          "Single Copy": false,
          "Plans": [
            {
              "Node Type": "Aggregate",
              "Strategy": "Plain",
              "Partial Mode": "Partial",
              "Parent Relationship": "Outer",
              "Parallel Aware": false,
              "Startup Cost": 29981.54,
              "Total Cost": 29981.55,
              "Plan Rows": 1,
              "Plan Width": 8,
              "Actual Startup Time": 92.841,
              "Actual Total Time": 92.842,
              "Actual Rows": 1,
              "Actual Loops": 4,
              "Plans": [
                {
                  "Node Type": "Seq Scan",
                  "Parent Relationship": "Outer",
                  "Parallel Aware": true,
                  "Relation Name": "movie_companies",
                  "Alias": "mc",
                  "Startup Cost": 0.0,
                  "Total Cost": 29310.68,
                  "Plan Rows": 268343,
                  "Plan Width": 0,
                  "Actual Startup Time": 0.022,
                  "Actual Total Time": 79.719,
                  "Actual Rows": 208107,
                  "Actual Loops": 4,
                  "Filter": "(company_id < 2085)",
                  "Rows Removed by Filter": 444175
                }
              ]
            }
          ]
        }
      ]
    },
    "Planning Time": 0.103,
    "Triggers": [],
    "Execution Time": 103.382
  }
]