[
  {
    "Plan": {
      "Node Type": "Aggregate",
      "Strategy": "Plain",
      "Partial Mode": "Finalize",
      "Parallel Aware": false,
      "Startup Cost": 30005.42,
      "Total Cost": 30005.43,
      "Plan Rows": 1,
      "Plan Width": 8,
      "Actual Startup Time": 86.701,
      "Actual Total Time": 90.44,
      "Actual Rows": 1,
      "Actual Loops": 1,
      "Plans": [
        {
          "Node Type": "Gather",
          "Parent Relationship": "Outer",
          "Parallel Aware": false,
          "Startup Cost": 30005.1,
          "Total Cost": 30005.41,
          "Plan Rows": 3,
          "Plan Width": 8,
          "Actual Startup Time": 86.529,
          "Actual Total Time": 90.432,
          "Actual Rows": 4,
          "Actual Loops": 1,
          "Workers Planned": 3,
          "Workers Launched": 3,
          "Single Copy": false,
          "Plans": [
            {
              "Node Type": "Aggregate",
              "Strategy": "Plain",
              "Partial Mode": "Partial",
              "Parent Relationship": "Outer",
              "Parallel Aware": false,
              "Startup Cost": 29005.1,
              "Total Cost": 29005.11,
              "Plan Rows": 1,
              "Plan Width": 8,
              "Actual Startup Time": 78.897,
              "Actual Total Time": 78.899,
              "Actual Rows": 1,
              "Actual Loops": 4,
              "Plans": [
                {
                  "Node Type": "Bitmap Heap Scan",
                  "Parent Relationship": "Outer",
                  "Parallel Aware": true,
                  "Relation Name": "movie_keyword",
                  "Alias": "mk",
                  "Startup Cost": 3706.0,
                  "Total Cost": 28864.25,
                  "Plan Rows": 56340,
                  "Plan Width": 0,
                  "Actual Startup Time": 26.143,
                  "Actual Total Time": 75.901,
                  "Actual Rows": 41448,
                  "Actual Loops": 4,
                  "Recheck Cond": "(keyword_id > 72375)",
                  "Rows Removed by Index Recheck": 0,
                  "Exact Heap Blocks": 10911,
                  "Lossy Heap Blocks": 0,
                  "Plans": [
                    {
                      "Node Type": "Bitmap Index Scan",
                      "Parent Relationship": "Outer",
                      "Parallel Aware": false,
                      "Index Name": "keyword_id_movie_keyword",
                      "Startup Cost": 0.0,
                      "Total Cost": 3662.34,
                      "Plan Rows": 174654,
                      "Plan Width": 0,
                      "Actual Startup Time": 28.101,
                      "Actual Total Time": 28.101,
                      "Actual Rows": 165791,
                      "Actual Loops": 1,
                      "Index Cond": "(keyword_id > 72375)"
                    }
                  ]
                }
              ]
            }
          ]
        }
      ]
    },
    "Planning Time": 0.179,
    "Triggers": [],
    "Execution Time": 90.523
  }
]