[
    {
        "Bao": {
            "Bao prediction": "NaN",
            "Bao recommended hint": "(no hint)"
        }
    },
    {
        "Plan": {
            "Node Type": "Aggregate",
            "Strategy": "Plain",
            "Partial Mode": "Finalize",
            "Parallel Aware": false,
            "Startup Cost": 273680.78,
            "Total Cost": 273680.79,
            "Plan Rows": 1,
            "Plan Width": 8,
            "Actual Startup Time": 341.568,
            "Actual Total Time": 354.424,
            "Actual Rows": 1,
            "Actual Loops": 1,
            "Output": [
                "count(*)"
            ],
            "Plans": [
                {
                    "Node Type": "Gather",
                    "Parent Relationship": "Outer",
                    "Parallel Aware": false,
                    "Startup Cost": 273680.26,
                    "Total Cost": 273680.77,
                    "Plan Rows": 5,
                    "Plan Width": 8,
                    "Actual Startup Time": 337.954,
                    "Actual Total Time": 354.414,
                    "Actual Rows": 6,
                    "Actual Loops": 1,
                    "Output": [
                        "(PARTIAL count(*))"
                    ],
                    "Workers Planned": 5,
                    "Workers Launched": 5,
                    "Single Copy": false,
                    "Plans": [
                        {
                            "Node Type": "Aggregate",
                            "Strategy": "Plain",
                            "Partial Mode": "Partial",
                            "Parent Relationship": "Outer",
                            "Parallel Aware": false,
                            "Startup Cost": 272680.26,
                            "Total Cost": 272680.27,
                            "Plan Rows": 1,
                            "Plan Width": 8,
                            "Actual Startup Time": 327.595,
                            "Actual Total Time": 327.598,
                            "Actual Rows": 1,
                            "Actual Loops": 6,
                            "Output": [
                                "PARTIAL count(*)"
                            ],
                            "Workers": [
                                {
                                    "Worker Number": 0,
                                    "Actual Startup Time": 324.845,
                                    "Actual Total Time": 324.849,
                                    "Actual Rows": 1,
                                    "Actual Loops": 1
                                },
                                {
                                    "Worker Number": 1,
                                    "Actual Startup Time": 325.15,
                                    "Actual Total Time": 325.152,
                                    "Actual Rows": 1,
                                    "Actual Loops": 1
                                },
                                {
                                    "Worker Number": 2,
                                    "Actual Startup Time": 325.683,
                                    "Actual Total Time": 325.686,
                                    "Actual Rows": 1,
                                    "Actual Loops": 1
                                },
                                {
                                    "Worker Number": 3,
                                    "Actual Startup Time": 325.905,
                                    "Actual Total Time": 325.909,
                                    "Actual Rows": 1,
                                    "Actual Loops": 1
                                },
                                {
                                    "Worker Number": 4,
                                    "Actual Startup Time": 326.404,
                                    "Actual Total Time": 326.406,
                                    "Actual Rows": 1,
                                    "Actual Loops": 1
                                }
                            ],
                            "Plans": [
                                {
                                    "Node Type": "Nested Loop",
                                    "Parent Relationship": "Outer",
                                    "Parallel Aware": false,
                                    "Join Type": "Inner",
                                    "Startup Cost": 58327.45,
                                    "Total Cost": 272620.15,
                                    "Plan Rows": 24043,
                                    "Plan Width": 0,
                                    "Actual Startup Time": 170.202,
                                    "Actual Total Time": 325.632,
                                    "Actual Rows": 26203,
                                    "Actual Loops": 6,
                                    "Inner Unique": true,
                                    "Join Filter": "(ci.movie_id = t.id)",
                                    "Rows Removed by Join Filter": 0,
                                    "Workers": [
                                        {
                                            "Worker Number": 0,
                                            "Actual Startup Time": 167.181,
                                            "Actual Total Time": 322.669,
                                            "Actual Rows": 19056,
                                            "Actual Loops": 1
                                        },
                                        {
                                            "Worker Number": 1,
                                            "Actual Startup Time": 167.412,
                                            "Actual Total Time": 323.275,
                                            "Actual Rows": 28840,
                                            "Actual Loops": 1
                                        },
                                        {
                                            "Worker Number": 2,
                                            "Actual Startup Time": 168.55,
                                            "Actual Total Time": 323.688,
                                            "Actual Rows": 22749,
                                            "Actual Loops": 1
                                        },
                                        {
                                            "Worker Number": 3,
                                            "Actual Startup Time": 168.82,
                                            "Actual Total Time": 324.012,
                                            "Actual Rows": 25227,
                                            "Actual Loops": 1
                                        },
                                        {
                                            "Worker Number": 4,
                                            "Actual Startup Time": 169.307,
                                            "Actual Total Time": 324.491,
                                            "Actual Rows": 25304,
                                            "Actual Loops": 1
                                        }
                                    ],
                                    "Plans": [
                                        {
                                            "Node Type": "Hash Join",
                                            "Parent Relationship": "Outer",
                                            "Parallel Aware": true,
                                            "Join Type": "Inner",
                                            "Startup Cost": 58327.02,
                                            "Total Cost": 223805.62,
                                            "Plan Rows": 64417,
                                            "Plan Width": 8,
                                            "Actual Startup Time": 170.107,
                                            "Actual Total Time": 224.542,
                                            "Actual Rows": 26203,
                                            "Actual Loops": 6,
                                            "Output": [
                                                "ci.movie_id",
                                                "mi.movie_id"
                                            ],
                                            "Inner Unique": false,
                                            "Hash Cond": "(mi.movie_id = ci.movie_id)",
                                            "Workers": [
                                                {
                                                    "Worker Number": 0,
                                                    "Actual Startup Time": 167.076,
                                                    "Actual Total Time": 221.508,
                                                    "Actual Rows": 19056,
                                                    "Actual Loops": 1
                                                },
                                                {
                                                    "Worker Number": 1,
                                                    "Actual Startup Time": 167.336,
                                                    "Actual Total Time": 220.322,
                                                    "Actual Rows": 28840,
                                                    "Actual Loops": 1
                                                },
                                                {
                                                    "Worker Number": 2,
                                                    "Actual Startup Time": 168.407,
                                                    "Actual Total Time": 222.456,
                                                    "Actual Rows": 22749,
                                                    "Actual Loops": 1
                                                },
                                                {
                                                    "Worker Number": 3,
                                                    "Actual Startup Time": 168.708,
                                                    "Actual Total Time": 222.675,
                                                    "Actual Rows": 25227,
                                                    "Actual Loops": 1
                                                },
                                                {
                                                    "Worker Number": 4,
                                                    "Actual Startup Time": 169.201,
                                                    "Actual Total Time": 223.032,
                                                    "Actual Rows": 25304,
                                                    "Actual Loops": 1
                                                }
                                            ],
                                            "Plans": [
                                                {
                                                    "Node Type": "Bitmap Heap Scan",
                                                    "Parent Relationship": "Outer",
                                                    "Parallel Aware": true,
                                                    "Relation Name": "movie_info",
                                                    "Schema": "public",
                                                    "Alias": "mi",
                                                    "Startup Cost": 10965.05,
                                                    "Total Cost": 174469.22,
                                                    "Plan Rows": 120893,
                                                    "Plan Width": 4,
                                                    "Actual Startup Time": 33.207,
                                                    "Actual Total Time": 64.979,
                                                    "Actual Rows": 99743,
                                                    "Actual Loops": 6,
                                                    "Output": [
                                                        "mi.id",
                                                        "mi.movie_id",
                                                        "mi.info_type_id",
                                                        "mi.info",
                                                        "mi.note"
                                                    ],
                                                    "Recheck Cond": "(mi.info_type_id = 15)",
                                                    "Rows Removed by Index Recheck": 0,
                                                    "Exact Heap Blocks": 4995,
                                                    "Lossy Heap Blocks": 0,
                                                    "Workers": [
                                                        {
                                                            "Worker Number": 0,
                                                            "Actual Startup Time": 33.056,
                                                            "Actual Total Time": 65.645,
                                                            "Actual Rows": 68880,
                                                            "Actual Loops": 1
                                                        },
                                                        {
                                                            "Worker Number": 1,
                                                            "Actual Startup Time": 33.039,
                                                            "Actual Total Time": 64.956,
                                                            "Actual Rows": 106987,
                                                            "Actual Loops": 1
                                                        },
                                                        {
                                                            "Worker Number": 2,
                                                            "Actual Startup Time": 33.464,
                                                            "Actual Total Time": 65.161,
                                                            "Actual Rows": 87557,
                                                            "Actual Loops": 1
                                                        },
                                                        {
                                                            "Worker Number": 3,
                                                            "Actual Startup Time": 33.233,
                                                            "Actual Total Time": 65.463,
                                                            "Actual Rows": 98090,
                                                            "Actual Loops": 1
                                                        },
                                                        {
                                                            "Worker Number": 4,
                                                            "Actual Startup Time": 33.292,
                                                            "Actual Total Time": 65.44,
                                                            "Actual Rows": 96614,
                                                            "Actual Loops": 1
                                                        }
                                                    ],
                                                    "Plans": [
                                                        {
                                                            "Node Type": "Bitmap Index Scan",
                                                            "Parent Relationship": "Outer",
                                                            "Parallel Aware": false,
                                                            "Index Name": "info_type_id_movie_info",
                                                            "Startup Cost": 0.0,
                                                            "Total Cost": 10813.94,
                                                            "Plan Rows": 604467,
                                                            "Plan Width": 0,
                                                            "Actual Startup Time": 29.919,
                                                            "Actual Total Time": 29.919,
                                                            "Actual Rows": 598457,
                                                            "Actual Loops": 1,
                                                            "Index Cond": "(mi.info_type_id = 15)",
                                                            "Workers": [
                                                                {
                                                                    "Worker Number": 1,
                                                                    "Actual Startup Time": 29.919,
                                                                    "Actual Total Time": 29.919,
                                                                    "Actual Rows": 598457,
                                                                    "Actual Loops": 1
                                                                }
                                                            ]
                                                        }
                                                    ]
                                                },
                                                {
                                                    "Node Type": "Hash",
                                                    "Parent Relationship": "Inner",
                                                    "Parallel Aware": true,
                                                    "Startup Cost": 45790.64,
                                                    "Total Cost": 45790.64,
                                                    "Plan Rows": 125706,
                                                    "Plan Width": 4,
                                                    "Actual Startup Time": 135.185,
                                                    "Actual Total Time": 135.186,
                                                    "Actual Rows": 138443,
                                                    "Actual Loops": 6,
                                                    "Output": [
                                                        "ci.movie_id"
                                                    ],
                                                    "Hash Buckets": 1048576,
                                                    "Original Hash Buckets": 524288,
                                                    "Hash Batches": 1,
                                                    "Original Hash Batches": 1,
                                                    "Peak Memory Usage": 44896,
                                                    "Workers": [
                                                        {
                                                            "Worker Number": 0,
                                                            "Actual Startup Time": 133.56,
                                                            "Actual Total Time": 133.561,
                                                            "Actual Rows": 102439,
                                                            "Actual Loops": 1
                                                        },
                                                        {
                                                            "Worker Number": 1,
                                                            "Actual Startup Time": 133.819,
                                                            "Actual Total Time": 133.82,
                                                            "Actual Rows": 139946,
                                                            "Actual Loops": 1
                                                        },
                                                        {
                                                            "Worker Number": 2,
                                                            "Actual Startup Time": 134.402,
                                                            "Actual Total Time": 134.403,
                                                            "Actual Rows": 131771,
                                                            "Actual Loops": 1
                                                        },
                                                        {
                                                            "Worker Number": 3,
                                                            "Actual Startup Time": 134.497,
                                                            "Actual Total Time": 134.498,
                                                            "Actual Rows": 136066,
                                                            "Actual Loops": 1
                                                        },
                                                        {
                                                            "Worker Number": 4,
                                                            "Actual Startup Time": 134.502,
                                                            "Actual Total Time": 134.502,
                                                            "Actual Rows": 134848,
                                                            "Actual Loops": 1
                                                        }
                                                    ],
                                                    "Plans": [
                                                        {
                                                            "Node Type": "Index Scan",
                                                            "Parent Relationship": "Outer",
                                                            "Parallel Aware": true,
                                                            "Scan Direction": "Forward",
                                                            "Index Name": "role_id_cast_info",
                                                            "Relation Name": "cast_info",
                                                            "Schema": "public",
                                                            "Alias": "ci",
                                                            "Startup Cost": 0.56,
                                                            "Total Cost": 45790.64,
                                                            "Plan Rows": 125706,
                                                            "Plan Width": 4,
                                                            "Actual Startup Time": 0.187,
                                                            "Actual Total Time": 67.749,
                                                            "Actual Rows": 138443,
                                                            "Actual Loops": 6,
                                                            "Output": [
                                                                "ci.movie_id"
                                                            ],
                                                            "Index Cond": "(ci.role_id = 8)",
                                                            "Rows Removed by Index Recheck": 0,
                                                            "Filter": "(ci.person_id > 2583910)",
                                                            "Rows Removed by Filter": 145481,
                                                            "Workers": [
                                                                {
                                                                    "Worker Number": 0,
                                                                    "Actual Startup Time": 0.133,
                                                                    "Actual Total Time": 69.593,
                                                                    "Actual Rows": 102439,
                                                                    "Actual Loops": 1
                                                                },
                                                                {
                                                                    "Worker Number": 1,
                                                                    "Actual Startup Time": 0.15,
                                                                    "Actual Total Time": 67.622,
                                                                    "Actual Rows": 139946,
                                                                    "Actual Loops": 1
                                                                },
                                                                {
                                                                    "Worker Number": 2,
                                                                    "Actual Startup Time": 0.155,
                                                                    "Actual Total Time": 67.39,
                                                                    "Actual Rows": 131771,
                                                                    "Actual Loops": 1
                                                                },
                                                                {
                                                                    "Worker Number": 3,
                                                                    "Actual Startup Time": 0.166,
                                                                    "Actual Total Time": 67.898,
                                                                    "Actual Rows": 136066,
                                                                    "Actual Loops": 1
                                                                },
                                                                {
                                                                    "Worker Number": 4,
                                                                    "Actual Startup Time": 0.484,
                                                                    "Actual Total Time": 66.658,
                                                                    "Actual Rows": 134848,
                                                                    "Actual Loops": 1
                                                                }
                                                            ]
                                                        }
                                                    ]
                                                }
                                            ]
                                        },
                                        {
                                            "Node Type": "Index Only Scan",
                                            "Parent Relationship": "Inner",
                                            "Parallel Aware": false,
                                            "Scan Direction": "Forward",
                                            "Index Name": "title_pkey",
                                            "Relation Name": "title",
                                            "Schema": "public",
                                            "Alias": "t",
                                            "Startup Cost": 0.43,
                                            "Total Cost": 0.75,
                                            "Plan Rows": 1,
                                            "Plan Width": 4,
                                            "Actual Startup Time": 0.003,
                                            "Actual Total Time": 0.003,
                                            "Actual Rows": 1,
                                            "Actual Loops": 157216,
                                            "Output": [
                                                "t.id"
                                            ],
                                            "Index Cond": "(t.id = mi.movie_id)",
                                            "Rows Removed by Index Recheck": 0,
                                            "Heap Fetches": 157216,
                                            "Workers": [
                                                {
                                                    "Worker Number": 0,
                                                    "Actual Startup Time": 0.005,
                                                    "Actual Total Time": 0.005,
                                                    "Actual Rows": 1,
                                                    "Actual Loops": 19056
                                                },
                                                {
                                                    "Worker Number": 1,
                                                    "Actual Startup Time": 0.003,
                                                    "Actual Total Time": 0.003,
                                                    "Actual Rows": 1,
                                                    "Actual Loops": 28840
                                                },
                                                {
                                                    "Worker Number": 2,
                                                    "Actual Startup Time": 0.004,
                                                    "Actual Total Time": 0.004,
                                                    "Actual Rows": 1,
                                                    "Actual Loops": 22749
                                                },
                                                {
                                                    "Worker Number": 3,
                                                    "Actual Startup Time": 0.004,
                                                    "Actual Total Time": 0.004,
                                                    "Actual Rows": 1,
                                                    "Actual Loops": 25227
                                                },
                                                {
                                                    "Worker Number": 4,
                                                    "Actual Startup Time": 0.004,
                                                    "Actual Total Time": 0.004,
                                                    "Actual Rows": 1,
                                                    "Actual Loops": 25304
                                                }
                                            ]
                                        }
                                    ]
                                }
                            ]
                        }
                    ]
                }
            ]
        },
        "Planning Time": 195.825,
        "Triggers": [],
        "Execution Time": 354.503
    }
]