[
  {
    "Plan": {
      "Node Type": "Aggregate",
      "Strategy": "Plain",
      "Partial Mode": "Finalize",
      "Parallel Aware": false,
      "Startup Cost": 45552.84,
      "Total Cost": 45552.85,
      "Plan Rows": 1,
      "Plan Width": 8,
      "Actual Startup Time": 148.107,
      "Actual Total Time": 157.921,
      "Actual Rows": 1,
      "Actual Loops": 1,
      "Plans": [
        {
          "Node Type": "Gather",
          "Parent Relationship": "Outer",
          "Parallel Aware": false,
          "Startup Cost": 45552.52,
          "Total Cost": 45552.83,
          "Plan Rows": 3,
          "Plan Width": 8,
          "Actual Startup Time": 147.985,
          "Actual Total Time": 157.913,
          "Actual Rows": 4,
          "Actual Loops": 1,
          "Workers Planned": 3,
          "Workers Launched": 3,
          "Single Copy": false,
          "Plans": [
            {
              "Node Type": "Aggregate",
              "Strategy": "Plain",
              "Partial Mode": "Partial",
              "Parent Relationship": "Outer",
              "Parallel Aware": false,
              "Startup Cost": 44552.52,
              "Total Cost": 44552.53,
              "Plan Rows": 1,
              "Plan Width": 8,
              "Actual Startup Time": 141.989,
              "Actual Total Time": 141.99,
              "Actual Rows": 1,
              "Actual Loops": 4,
              "Plans": [
                {
                  "Node Type": "Seq Scan",
                  "Parent Relationship": "Outer",
                  "Parallel Aware": true,
                  "Relation Name": "movie_keyword",
                  "Alias": "mk",
                  "Startup Cost": 0.0,
                  "Total Cost": 42695.65,
                  "Plan Rows": 742747,
                  "Plan Width": 0,
                  "Actual Startup Time": 0.596,
                  "Actual Total Time": 114.687,
                  "Actual Rows": 574913,
                  "Actual Loops": 4,
                  "Filter": "(keyword_id > 4557)",
                  "Rows Removed by Filter": 556070
                }
              ]
            }
          ]
        }
      ]
    },
    "Planning Time": 0.16,
    "Triggers": [],
    "Execution Time": 157.971
  }
]