[
  {
    "Plan": {
      "Node Type": "Aggregate",
      "Strategy": "Plain",
      "Partial Mode": "Finalize",
      "Parallel Aware": false,
      "Startup Cost": 27230.21,
      "Total Cost": 27230.22,
      "Plan Rows": 1,
      "Plan Width": 8,
      "Actual Startup Time": 11.566,
      "Actual Total Time": 13.182,
      "Actual Rows": 1,
      "Actual Loops": 1,
      "Plans": [
        {
          "Node Type": "Gather",
          "Parent Relationship": "Outer",
          "Parallel Aware": false,
          "Startup Cost": 27230.0,
          "Total Cost": 27230.21,
          "Plan Rows": 2,
          "Plan Width": 8,
          "Actual Startup Time": 10.726,
          "Actual Total Time": 13.178,
          "Actual Rows": 3,
          "Actual Loops": 1,
          "Workers Planned": 2,
          "Workers Launched": 2,
          "Single Copy": false,
          "Plans": [
            {
              "Node Type": "Aggregate",
              "Strategy": "Plain",
              "Partial Mode": "Partial",
              "Parent Relationship": "Outer",
              "Parallel Aware": false,
              "Startup Cost": 26230.0,
              "Total Cost": 26230.01,
              "Plan Rows": 1,
              "Plan Width": 8,
              "Actual Startup Time": 5.645,
              "Actual Total Time": 5.646,
              "Actual Rows": 1,
              "Actual Loops": 3,
              "Plans": [
                {
                  "Node Type": "Nested Loop",
                  "Parent Relationship": "Outer",
                  "Parallel Aware": false,
                  "Join Type": "Inner",
                  "Startup Cost": 101.09,
                  "Total Cost": 26228.4,
                  "Plan Rows": 641,
                  "Plan Width": 0,
                  "Actual Startup Time": 0.276,
                  "Actual Total Time": 5.591,
                  "Actual Rows": 575,
                  "Actual Loops": 3,
                  "Inner Unique": true,
                  "Plans": [
                    {
                      "Node Type": "Bitmap Heap Scan",
                      "Parent Relationship": "Outer",
                      "Parallel Aware": true,
                      "Relation Name": "movie_keyword",
                      "Alias": "mk",
                      "Startup Cost": 100.66,
                      "Total Cost": 11847.89,
                      "Plan Rows": 1948,
                      "Plan Width": 4,
                      "Actual Startup Time": 0.233,
                      "Actual Total Time": 0.681,
                      "Actual Rows": 1463,
                      "Actual Loops": 3,
                      "Recheck Cond": "(keyword_id = 29028)",
                      "Rows Removed by Index Recheck": 0,
                      "Exact Heap Blocks": 176,
                      "Lossy Heap Blocks": 0,
                      "Plans": [
                        {
                          "Node Type": "Bitmap Index Scan",
                          "Parent Relationship": "Outer",
                          "Parallel Aware": false,
                          "Index Name": "keyword_id_movie_keyword",
                          "Startup Cost": 0.0,
                          "Total Cost": 99.5,
                          "Plan Rows": 4675,
                          "Plan Width": 0,
                          "Actual Startup Time": 0.543,
                          "Actual Total Time": 0.544,
                          "Actual Rows": 4389,
                          "Actual Loops": 1,
                          "Index Cond": "(keyword_id = 29028)"
                        }
                      ]
                    },
                    {
                      "Node Type": "Index Scan",
                      "Parent Relationship": "Inner",
                      "Parallel Aware": false,
                      "Scan Direction": "Forward",
                      "Index Name": "title_pkey",
                      "Relation Name": "title",
                      "Alias": "t",
                      "Startup Cost": 0.43,
                      "Total Cost": 7.38,
                      "Plan Rows": 1,
                      "Plan Width": 4,
                      "Actual Startup Time": 0.003,
                      "Actual Total Time": 0.003,
                      "Actual Rows": 0,
                      "Actual Loops": 4389,
                      "Index Cond": "(id = mk.movie_id)",
                      "Rows Removed by Index Recheck": 0,
                      "Filter": "(production_year < 1996)",
                      "Rows Removed by Filter": 1
                    }
                  ]
                }
              ]
            }
          ]
        }
      ]
    },
    "Planning Time": 0.215,
    "Triggers": [],
    "Execution Time": 13.217
  }
]