[
    {
        "Bao": {
            "Bao prediction": 2257.008,
            "Bao recommended hint": "SET enable_nestloop TO off; "
        }
    },
    {
        "Plan": {
            "Node Type": "Aggregate",
            "Strategy": "Plain",
            "Partial Mode": "Finalize",
            "Parallel Aware": false,
            "Startup Cost": 528870.78,
            "Total Cost": 528870.79,
            "Plan Rows": 1,
            "Plan Width": 64,
            "Actual Startup Time": 3550.944,
            "Actual Total Time": 3674.789,
            "Actual Rows": 1,
            "Actual Loops": 1,
            "Output": [
                "min(n.name)",
                "min(n.name)"
            ],
            "Plans": [
                {
                    "Node Type": "Gather",
                    "Parent Relationship": "Outer",
                    "Parallel Aware": false,
                    "Startup Cost": 528870.45,
                    "Total Cost": 528870.76,
                    "Plan Rows": 3,
                    "Plan Width": 32,
                    "Actual Startup Time": 3546.741,
                    "Actual Total Time": 3674.776,
                    "Actual Rows": 4,
                    "Actual Loops": 1,
                    "Output": [
                        "(PARTIAL min(n.name))"
                    ],
                    "Workers Planned": 3,
                    "Workers Launched": 3,
                    "Single Copy": false,
                    "Plans": [
                        {
                            "Node Type": "Aggregate",
                            "Strategy": "Plain",
                            "Partial Mode": "Partial",
                            "Parent Relationship": "Outer",
                            "Parallel Aware": false,
                            "Startup Cost": 527870.45,
                            "Total Cost": 527870.46,
                            "Plan Rows": 1,
                            "Plan Width": 32,
                            "Actual Startup Time": 3535.863,
                            "Actual Total Time": 3536.236,
                            "Actual Rows": 1,
                            "Actual Loops": 4,
                            "Output": [
                                "PARTIAL min(n.name)"
                            ],
                            "Workers": [
                                {
                                    "Worker Number": 0,
                                    "Actual Startup Time": 3533.118,
                                    "Actual Total Time": 3533.13,
                                    "Actual Rows": 1,
                                    "Actual Loops": 1
                                },
                                {
                                    "Worker Number": 1,
                                    "Actual Startup Time": 3532.316,
                                    "Actual Total Time": 3532.328,
                                    "Actual Rows": 1,
                                    "Actual Loops": 1
                                },
                                {
                                    "Worker Number": 2,
                                    "Actual Startup Time": 3532.929,
                                    "Actual Total Time": 3532.944,
                                    "Actual Rows": 1,
                                    "Actual Loops": 1
                                }
                            ],
                            "Plans": [
                                {
                                    "Node Type": "Hash Join",
                                    "Parent Relationship": "Outer",
                                    "Parallel Aware": true,
                                    "Join Type": "Inner",
                                    "Startup Cost": 497507.05,
                                    "Total Cost": 527870.21,
                                    "Plan Rows": 96,
                                    "Plan Width": 15,
                                    "Actual Startup Time": 3346.355,
                                    "Actual Total Time": 3525.111,
                                    "Actual Rows": 185976,
                                    "Actual Loops": 4,
                                    "Output": [
                                        "n.name"
                                    ],
                                    "Inner Unique": true,
                                    "Hash Cond": "(mc.company_id = cn.id)",
                                    "Workers": [
                                        {
                                            "Worker Number": 0,
                                            "Actual Startup Time": 3343.033,
                                            "Actual Total Time": 3522.005,
                                            "Actual Rows": 193040,
                                            "Actual Loops": 1
                                        },
                                        {
                                            "Worker Number": 1,
                                            "Actual Startup Time": 3342.906,
                                            "Actual Total Time": 3520.589,
                                            "Actual Rows": 182887,
                                            "Actual Loops": 1
                                        },
                                        {
                                            "Worker Number": 2,
                                            "Actual Startup Time": 3343.88,
                                            "Actual Total Time": 3522.191,
                                            "Actual Rows": 180826,
                                            "Actual Loops": 1
                                        }
                                    ],
                                    "Plans": [
                                        {
                                            "Node Type": "Hash Join",
                                            "Parent Relationship": "Outer",
                                            "Parallel Aware": true,
                                            "Join Type": "Inner",
                                            "Startup Cost": 491401.79,
                                            "Total Cost": 521764.7,
                                            "Plan Rows": 96,
                                            "Plan Width": 19,
                                            "Actual Startup Time": 3298.788,
                                            "Actual Total Time": 3447.93,
                                            "Actual Rows": 185976,
                                            "Actual Loops": 4,
                                            "Output": [
                                                "mc.company_id",
                                                "n.name"
                                            ],
                                            "Inner Unique": false,
                                            "Hash Cond": "(mc.movie_id = ci.movie_id)",
                                            "Workers": [
                                                {
                                                    "Worker Number": 0,
                                                    "Actual Startup Time": 3298.808,
                                                    "Actual Total Time": 3447.16,
                                                    "Actual Rows": 193040,
                                                    "Actual Loops": 1
                                                },
                                                {
                                                    "Worker Number": 1,
                                                    "Actual Startup Time": 3298.723,
                                                    "Actual Total Time": 3447.0,
                                                    "Actual Rows": 182887,
                                                    "Actual Loops": 1
                                                },
                                                {
                                                    "Worker Number": 2,
                                                    "Actual Startup Time": 3299.004,
                                                    "Actual Total Time": 3448.149,
                                                    "Actual Rows": 180826,
                                                    "Actual Loops": 1
                                                }
                                            ],
                                            "Plans": [
                                                {
                                                    "Node Type": "Seq Scan",
                                                    "Parent Relationship": "Outer",
                                                    "Parallel Aware": true,
                                                    "Relation Name": "movie_companies",
                                                    "Schema": "public",
                                                    "Alias": "mc",
                                                    "Startup Cost": 0.0,
                                                    "Total Cost": 27206.55,
                                                    "Plan Rows": 841655,
                                                    "Plan Width": 8,
                                                    "Actual Startup Time": 0.025,
                                                    "Actual Total Time": 57.309,
                                                    "Actual Rows": 652282,
                                                    "Actual Loops": 4,
                                                    "Output": [
                                                        "mc.id",
                                                        "mc.movie_id",
                                                        "mc.company_id",
                                                        "mc.company_type_id",
                                                        "mc.note"
                                                    ],
                                                    "Workers": [
                                                        {
                                                            "Worker Number": 0,
                                                            "Actual Startup Time": 0.025,
                                                            "Actual Total Time": 55.689,
                                                            "Actual Rows": 657557,
                                                            "Actual Loops": 1
                                                        },
                                                        {
                                                            "Worker Number": 1,
                                                            "Actual Startup Time": 0.036,
                                                            "Actual Total Time": 56.062,
                                                            "Actual Rows": 663627,
                                                            "Actual Loops": 1
                                                        },
                                                        {
                                                            "Worker Number": 2,
                                                            "Actual Startup Time": 0.03,
                                                            "Actual Total Time": 60.176,
                                                            "Actual Rows": 624396,
                                                            "Actual Loops": 1
                                                        }
                                                    ]
                                                },
                                                {
                                                    "Node Type": "Hash",
                                                    "Parent Relationship": "Inner",
                                                    "Parallel Aware": true,
                                                    "Startup Cost": 491401.54,
                                                    "Total Cost": 491401.54,
                                                    "Plan Rows": 20,
                                                    "Plan Width": 27,
                                                    "Actual Startup Time": 3298.263,
                                                    "Actual Total Time": 3298.633,
                                                    "Actual Rows": 25161,
                                                    "Actual Loops": 4,
                                                    "Output": [
                                                        "ci.movie_id",
                                                        "mk.movie_id",
                                                        "n.name",
                                                        "t.id"
                                                    ],
                                                    "Hash Buckets": 131072,
                                                    "Original Hash Buckets": 1024,
                                                    "Hash Batches": 1,
                                                    "Original Hash Batches": 1,
                                                    "Peak Memory Usage": 8344,
                                                    "Workers": [
                                                        {
                                                            "Worker Number": 0,
                                                            "Actual Startup Time": 3298.18,
                                                            "Actual Total Time": 3298.19,
                                                            "Actual Rows": 27088,
                                                            "Actual Loops": 1
                                                        },
                                                        {
                                                            "Worker Number": 1,
                                                            "Actual Startup Time": 3298.295,
                                                            "Actual Total Time": 3298.305,
                                                            "Actual Rows": 23476,
                                                            "Actual Loops": 1
                                                        },
                                                        {
                                                            "Worker Number": 2,
                                                            "Actual Startup Time": 3298.274,
                                                            "Actual Total Time": 3298.286,
                                                            "Actual Rows": 26496,
                                                            "Actual Loops": 1
                                                        }
                                                    ],
                                                    "Plans": [
                                                        {
                                                            "Node Type": "Hash Join",
                                                            "Parent Relationship": "Outer",
                                                            "Parallel Aware": true,
                                                            "Join Type": "Inner",
                                                            "Startup Cost": 160146.25,
                                                            "Total Cost": 491401.54,
                                                            "Plan Rows": 20,
                                                            "Plan Width": 27,
                                                            "Actual Startup Time": 1488.587,
                                                            "Actual Total Time": 3251.911,
                                                            "Actual Rows": 25161,
                                                            "Actual Loops": 4,
                                                            "Output": [
                                                                "ci.movie_id",
                                                                "mk.movie_id",
                                                                "n.name",
                                                                "t.id"
                                                            ],
                                                            "Inner Unique": false,
                                                            "Hash Cond": "(ci.movie_id = t.id)",
                                                            "Workers": [
                                                                {
                                                                    "Worker Number": 0,
                                                                    "Actual Startup Time": 1488.582,
                                                                    "Actual Total Time": 3243.453,
                                                                    "Actual Rows": 27088,
                                                                    "Actual Loops": 1
                                                                },
                                                                {
                                                                    "Worker Number": 1,
                                                                    "Actual Startup Time": 1488.663,
                                                                    "Actual Total Time": 3252.263,
                                                                    "Actual Rows": 23476,
                                                                    "Actual Loops": 1
                                                                },
                                                                {
                                                                    "Worker Number": 2,
                                                                    "Actual Startup Time": 1488.536,
                                                                    "Actual Total Time": 3264.36,
                                                                    "Actual Rows": 26496,
                                                                    "Actual Loops": 1
                                                                }
                                                            ],
                                                            "Plans": [
                                                                {
                                                                    "Node Type": "Hash Join",
                                                                    "Parent Relationship": "Outer",
                                                                    "Parallel Aware": true,
                                                                    "Join Type": "Inner",
                                                                    "Startup Cost": 69952.2,
                                                                    "Total Cost": 398918.85,
                                                                    "Plan Rows": 610298,
                                                                    "Plan Width": 19,
                                                                    "Actual Startup Time": 902.337,
                                                                    "Actual Total Time": 2533.083,
                                                                    "Actual Rows": 873348,
                                                                    "Actual Loops": 4,
                                                                    "Output": [
                                                                        "ci.movie_id",
                                                                        "n.name"
                                                                    ],
                                                                    "Inner Unique": true,
                                                                    "Hash Cond": "(ci.person_id = n.id)",
                                                                    "Workers": [
                                                                        {
                                                                            "Worker Number": 0,
                                                                            "Actual Startup Time": 902.311,
                                                                            "Actual Total Time": 2526.693,
                                                                            "Actual Rows": 937769,
                                                                            "Actual Loops": 1
                                                                        },
                                                                        {
                                                                            "Worker Number": 1,
                                                                            "Actual Startup Time": 902.328,
                                                                            "Actual Total Time": 2533.264,
                                                                            "Actual Rows": 820423,
                                                                            "Actual Loops": 1
                                                                        },
                                                                        {
                                                                            "Worker Number": 2,
                                                                            "Actual Startup Time": 902.399,
                                                                            "Actual Total Time": 2541.459,
                                                                            "Actual Rows": 923258,
                                                                            "Actual Loops": 1
                                                                        }
                                                                    ],
                                                                    "Plans": [
                                                                        {
                                                                            "Node Type": "Seq Scan",
                                                                            "Parent Relationship": "Outer",
                                                                            "Parallel Aware": true,
                                                                            "Relation Name": "cast_info",
                                                                            "Schema": "public",
                                                                            "Alias": "ci",
                                                                            "Startup Cost": 0.0,
                                                                            "Total Cost": 313106.51,
                                                                            "Plan Rows": 6041951,
                                                                            "Plan Width": 8,
                                                                            "Actual Startup Time": 0.012,
                                                                            "Actual Total Time": 1052.007,
                                                                            "Actual Rows": 9061086,
                                                                            "Actual Loops": 4,
                                                                            "Output": [
                                                                                "ci.id",
                                                                                "ci.person_id",
                                                                                "ci.movie_id",
                                                                                "ci.person_role_id",
                                                                                "ci.note",
                                                                                "ci.nr_order",
                                                                                "ci.role_id"
                                                                            ],
                                                                            "Workers": [
                                                                                {
                                                                                    "Worker Number": 0,
                                                                                    "Actual Startup Time": 0.01,
                                                                                    "Actual Total Time": 1045.5,
                                                                                    "Actual Rows": 9998081,
                                                                                    "Actual Loops": 1
                                                                                },
                                                                                {
                                                                                    "Worker Number": 1,
                                                                                    "Actual Startup Time": 0.01,
                                                                                    "Actual Total Time": 1052.726,
                                                                                    "Actual Rows": 8500062,
                                                                                    "Actual Loops": 1
                                                                                },
                                                                                {
                                                                                    "Worker Number": 2,
                                                                                    "Actual Startup Time": 0.009,
                                                                                    "Actual Total Time": 1056.321,
                                                                                    "Actual Rows": 9306872,
                                                                                    "Actual Loops": 1
                                                                                }
                                                                            ]
                                                                        },
                                                                        {
                                                                            "Node Type": "Hash",
                                                                            "Parent Relationship": "Inner",
                                                                            "Parallel Aware": true,
                                                                            "Startup Cost": 68636.68,
                                                                            "Total Cost": 68636.68,
                                                                            "Plan Rows": 105242,
                                                                            "Plan Width": 19,
                                                                            "Actual Startup Time": 258.205,
                                                                            "Actual Total Time": 258.207,
                                                                            "Actual Rows": 101317,
                                                                            "Actual Loops": 4,
                                                                            "Output": [
                                                                                "n.name",
                                                                                "n.id"
                                                                            ],
                                                                            "Hash Buckets": 524288,
                                                                            "Original Hash Buckets": 524288,
                                                                            "Hash Batches": 1,
                                                                            "Original Hash Batches": 1,
                                                                            "Peak Memory Usage": 26240,
                                                                            "Workers": [
                                                                                {
                                                                                    "Worker Number": 0,
                                                                                    "Actual Startup Time": 259.342,
                                                                                    "Actual Total Time": 259.343,
                                                                                    "Actual Rows": 101891,
                                                                                    "Actual Loops": 1
                                                                                },
                                                                                {
                                                                                    "Worker Number": 1,
                                                                                    "Actual Startup Time": 259.322,
                                                                                    "Actual Total Time": 259.324,
                                                                                    "Actual Rows": 101367,
                                                                                    "Actual Loops": 1
                                                                                },
                                                                                {
                                                                                    "Worker Number": 2,
                                                                                    "Actual Startup Time": 254.814,
                                                                                    "Actual Total Time": 254.815,
                                                                                    "Actual Rows": 101249,
                                                                                    "Actual Loops": 1
                                                                                }
                                                                            ],
                                                                            "Plans": [
                                                                                {
                                                                                    "Node Type": "Seq Scan",
                                                                                    "Parent Relationship": "Outer",
                                                                                    "Parallel Aware": true,
                                                                                    "Relation Name": "name",
                                                                                    "Schema": "public",
                                                                                    "Alias": "n",
                                                                                    "Startup Cost": 0.0,
                                                                                    "Total Cost": 68636.68,
                                                                                    "Plan Rows": 105242,
                                                                                    "Plan Width": 19,
                                                                                    "Actual Startup Time": 62.928,
                                                                                    "Actual Total Time": 200.265,
                                                                                    "Actual Rows": 101317,
                                                                                    "Actual Loops": 4,
                                                                                    "Output": [
                                                                                        "n.name",
                                                                                        "n.id"
                                                                                    ],
                                                                                    "Filter": "(n.name ~~ 'S%'::text)",
                                                                                    "Rows Removed by Filter": 940556,
                                                                                    "Workers": [
                                                                                        {
                                                                                            "Worker Number": 0,
                                                                                            "Actual Startup Time": 62.91,
                                                                                            "Actual Total Time": 202.804,
                                                                                            "Actual Rows": 101891,
                                                                                            "Actual Loops": 1
                                                                                        },
                                                                                        {
                                                                                            "Worker Number": 1,
                                                                                            "Actual Startup Time": 62.908,
                                                                                            "Actual Total Time": 199.078,
                                                                                            "Actual Rows": 101367,
                                                                                            "Actual Loops": 1
                                                                                        },
                                                                                        {
                                                                                            "Worker Number": 2,
                                                                                            "Actual Startup Time": 62.973,
                                                                                            "Actual Total Time": 199.732,
                                                                                            "Actual Rows": 101249,
                                                                                            "Actual Loops": 1
                                                                                        }
                                                                                    ]
                                                                                }
                                                                            ]
                                                                        }
                                                                    ]
                                                                },
                                                                {
                                                                    "Node Type": "Hash",
                                                                    "Parent Relationship": "Inner",
                                                                    "Parallel Aware": true,
                                                                    "Startup Cost": 90193.95,
                                                                    "Total Cost": 90193.95,
                                                                    "Plan Rows": 8,
                                                                    "Plan Width": 8,
                                                                    "Actual Startup Time": 586.0,
                                                                    "Actual Total Time": 586.006,
                                                                    "Actual Rows": 10460,
                                                                    "Actual Loops": 4,
                                                                    "Output": [
                                                                        "mk.movie_id",
                                                                        "t.id"
                                                                    ],
                                                                    "Hash Buckets": 65536,
                                                                    "Original Hash Buckets": 1024,
                                                                    "Hash Batches": 1,
                                                                    "Original Hash Batches": 1,
                                                                    "Peak Memory Usage": 2680,
                                                                    "Workers": [
                                                                        {
                                                                            "Worker Number": 0,
                                                                            "Actual Startup Time": 585.951,
                                                                            "Actual Total Time": 585.957,
                                                                            "Actual Rows": 11325,
                                                                            "Actual Loops": 1
                                                                        },
                                                                        {
                                                                            "Worker Number": 1,
                                                                            "Actual Startup Time": 585.991,
                                                                            "Actual Total Time": 585.996,
                                                                            "Actual Rows": 11270,
                                                                            "Actual Loops": 1
                                                                        },
                                                                        {
                                                                            "Worker Number": 2,
                                                                            "Actual Startup Time": 586.082,
                                                                            "Actual Total Time": 586.089,
                                                                            "Actual Rows": 9611,
                                                                            "Actual Loops": 1
                                                                        }
                                                                    ],
                                                                    "Plans": [
                                                                        {
                                                                            "Node Type": "Hash Join",
                                                                            "Parent Relationship": "Outer",
                                                                            "Parallel Aware": true,
                                                                            "Join Type": "Inner",
                                                                            "Startup Cost": 45504.47,
                                                                            "Total Cost": 90193.95,
                                                                            "Plan Rows": 8,
                                                                            "Plan Width": 8,
                                                                            "Actual Startup Time": 290.27,
                                                                            "Actual Total Time": 520.905,
                                                                            "Actual Rows": 10460,
                                                                            "Actual Loops": 4,
                                                                            "Output": [
                                                                                "mk.movie_id",
                                                                                "t.id"
                                                                            ],
                                                                            "Inner Unique": false,
                                                                            "Hash Cond": "(t.id = mk.movie_id)",
                                                                            "Workers": [
                                                                                {
                                                                                    "Worker Number": 0,
                                                                                    "Actual Startup Time": 290.439,
                                                                                    "Actual Total Time": 542.142,
                                                                                    "Actual Rows": 11325,
                                                                                    "Actual Loops": 1
                                                                                },
                                                                                {
                                                                                    "Worker Number": 1,
                                                                                    "Actual Startup Time": 290.185,
                                                                                    "Actual Total Time": 527.571,
                                                                                    "Actual Rows": 11270,
                                                                                    "Actual Loops": 1
                                                                                },
                                                                                {
                                                                                    "Worker Number": 2,
                                                                                    "Actual Startup Time": 290.275,
                                                                                    "Actual Total Time": 508.869,
                                                                                    "Actual Rows": 9611,
                                                                                    "Actual Loops": 1
                                                                                }
                                                                            ],
                                                                            "Plans": [
                                                                                {
                                                                                    "Node Type": "Seq Scan",
                                                                                    "Parent Relationship": "Outer",
                                                                                    "Parallel Aware": true,
                                                                                    "Relation Name": "title",
                                                                                    "Schema": "public",
                                                                                    "Alias": "t",
                                                                                    "Startup Cost": 0.0,
                                                                                    "Total Cost": 42319.06,
                                                                                    "Plan Rows": 632106,
                                                                                    "Plan Width": 4,
                                                                                    "Actual Startup Time": 0.024,
                                                                                    "Actual Total Time": 112.143,
                                                                                    "Actual Rows": 632078,
                                                                                    "Actual Loops": 4,
                                                                                    "Output": [
                                                                                        "t.id",
                                                                                        "t.title",
                                                                                        "t.imdb_index",
                                                                                        "t.kind_id",
                                                                                        "t.production_year",
                                                                                        "t.imdb_id",
                                                                                        "t.phonetic_code",
                                                                                        "t.episode_of_id",
                                                                                        "t.season_nr",
                                                                                        "t.episode_nr",
                                                                                        "t.series_years",
                                                                                        "t.md5sum"
                                                                                    ],
                                                                                    "Workers": [
                                                                                        {
                                                                                            "Worker Number": 0,
                                                                                            "Actual Startup Time": 0.033,
                                                                                            "Actual Total Time": 121.409,
                                                                                            "Actual Rows": 739593,
                                                                                            "Actual Loops": 1
                                                                                        },
                                                                                        {
                                                                                            "Worker Number": 1,
                                                                                            "Actual Startup Time": 0.026,
                                                                                            "Actual Total Time": 115.224,
                                                                                            "Actual Rows": 643649,
                                                                                            "Actual Loops": 1
                                                                                        },
                                                                                        {
                                                                                            "Worker Number": 2,
                                                                                            "Actual Startup Time": 0.032,
                                                                                            "Actual Total Time": 107.151,
                                                                                            "Actual Rows": 567983,
                                                                                            "Actual Loops": 1
                                                                                        }
                                                                                    ]
                                                                                },
                                                                                {
                                                                                    "Node Type": "Hash",
                                                                                    "Parent Relationship": "Inner",
                                                                                    "Parallel Aware": true,
                                                                                    "Startup Cost": 45504.33,
                                                                                    "Total Cost": 45504.33,
                                                                                    "Plan Rows": 11,
                                                                                    "Plan Width": 4,
                                                                                    "Actual Startup Time": 290.037,
                                                                                    "Actual Total Time": 290.041,
                                                                                    "Actual Rows": 10460,
                                                                                    "Actual Loops": 4,
                                                                                    "Output": [
                                                                                        "mk.movie_id"
                                                                                    ],
                                                                                    "Hash Buckets": 65536,
                                                                                    "Original Hash Buckets": 1024,
                                                                                    "Hash Batches": 1,
                                                                                    "Original Hash Batches": 1,
                                                                                    "Peak Memory Usage": 2680,
                                                                                    "Workers": [
                                                                                        {
                                                                                            "Worker Number": 0,
                                                                                            "Actual Startup Time": 290.032,
                                                                                            "Actual Total Time": 290.036,
                                                                                            "Actual Rows": 9626,
                                                                                            "Actual Loops": 1
                                                                                        },
                                                                                        {
                                                                                            "Worker Number": 1,
                                                                                            "Actual Startup Time": 290.013,
                                                                                            "Actual Total Time": 290.015,
                                                                                            "Actual Rows": 10476,
                                                                                            "Actual Loops": 1
                                                                                        },
                                                                                        {
                                                                                            "Worker Number": 2,
                                                                                            "Actual Startup Time": 290.071,
                                                                                            "Actual Total Time": 290.076,
                                                                                            "Actual Rows": 11208,
                                                                                            "Actual Loops": 1
                                                                                        }
                                                                                    ],
                                                                                    "Plans": [
                                                                                        {
                                                                                            "Node Type": "Hash Join",
                                                                                            "Parent Relationship": "Outer",
                                                                                            "Parallel Aware": false,
                                                                                            "Join Type": "Inner",
                                                                                            "Startup Cost": 2626.14,
                                                                                            "Total Cost": 45504.33,
                                                                                            "Plan Rows": 11,
                                                                                            "Plan Width": 4,
                                                                                            "Actual Startup Time": 15.248,
                                                                                            "Actual Total Time": 258.3,
                                                                                            "Actual Rows": 10460,
                                                                                            "Actual Loops": 4,
                                                                                            "Output": [
                                                                                                "mk.movie_id"
                                                                                            ],
                                                                                            "Inner Unique": true,
                                                                                            "Hash Cond": "(mk.keyword_id = k.id)",
                                                                                            "Workers": [
                                                                                                {
                                                                                                    "Worker Number": 0,
                                                                                                    "Actual Startup Time": 15.275,
                                                                                                    "Actual Total Time": 253.883,
                                                                                                    "Actual Rows": 9626,
                                                                                                    "Actual Loops": 1
                                                                                                },
                                                                                                {
                                                                                                    "Worker Number": 1,
                                                                                                    "Actual Startup Time": 15.272,
                                                                                                    "Actual Total Time": 253.081,
                                                                                                    "Actual Rows": 10476,
                                                                                                    "Actual Loops": 1
                                                                                                },
                                                                                                {
                                                                                                    "Worker Number": 2,
                                                                                                    "Actual Startup Time": 15.282,
                                                                                                    "Actual Total Time": 260.378,
                                                                                                    "Actual Rows": 11208,
                                                                                                    "Actual Loops": 1
                                                                                                }
                                                                                            ],
                                                                                            "Plans": [
                                                                                                {
                                                                                                    "Node Type": "Seq Scan",
                                                                                                    "Parent Relationship": "Outer",
                                                                                                    "Parallel Aware": true,
                                                                                                    "Relation Name": "movie_keyword",
                                                                                                    "Schema": "public",
                                                                                                    "Alias": "mk",
                                                                                                    "Startup Cost": 0.0,
                                                                                                    "Total Cost": 39047.32,
                                                                                                    "Plan Rows": 1459332,
                                                                                                    "Plan Width": 8,
                                                                                                    "Actual Startup Time": 0.037,
                                                                                                    "Actual Total Time": 131.388,
                                                                                                    "Actual Rows": 1130982,
                                                                                                    "Actual Loops": 4,
                                                                                                    "Output": [
                                                                                                        "mk.id",
                                                                                                        "mk.movie_id",
                                                                                                        "mk.keyword_id"
                                                                                                    ],
                                                                                                    "Workers": [
                                                                                                        {
                                                                                                            "Worker Number": 0,
                                                                                                            "Actual Startup Time": 0.045,
                                                                                                            "Actual Total Time": 129.492,
                                                                                                            "Actual Rows": 1106425,
                                                                                                            "Actual Loops": 1
                                                                                                        },
                                                                                                        {
                                                                                                            "Worker Number": 1,
                                                                                                            "Actual Startup Time": 0.049,
                                                                                                            "Actual Total Time": 128.874,
                                                                                                            "Actual Rows": 1105005,
                                                                                                            "Actual Loops": 1
                                                                                                        },
                                                                                                        {
                                                                                                            "Worker Number": 2,
                                                                                                            "Actual Startup Time": 0.042,
                                                                                                            "Actual Total Time": 132.58,
                                                                                                            "Actual Rows": 1133865,
                                                                                                            "Actual Loops": 1
                                                                                                        }
                                                                                                    ]
                                                                                                },
                                                                                                {
                                                                                                    "Node Type": "Hash",
                                                                                                    "Parent Relationship": "Inner",
                                                                                                    "Parallel Aware": false,
                                                                                                    "Startup Cost": 2626.12,
                                                                                                    "Total Cost": 2626.12,
                                                                                                    "Plan Rows": 1,
                                                                                                    "Plan Width": 4,
                                                                                                    "Actual Startup Time": 15.118,
                                                                                                    "Actual Total Time": 15.119,
                                                                                                    "Actual Rows": 1,
                                                                                                    "Actual Loops": 4,
                                                                                                    "Output": [
                                                                                                        "k.id"
                                                                                                    ],
                                                                                                    "Hash Buckets": 1024,
                                                                                                    "Original Hash Buckets": 1024,
                                                                                                    "Hash Batches": 1,
                                                                                                    "Original Hash Batches": 1,
                                                                                                    "Peak Memory Usage": 9,
                                                                                                    "Workers": [
                                                                                                        {
                                                                                                            "Worker Number": 0,
                                                                                                            "Actual Startup Time": 15.178,
                                                                                                            "Actual Total Time": 15.179,
                                                                                                            "Actual Rows": 1,
                                                                                                            "Actual Loops": 1
                                                                                                        },
                                                                                                        {
                                                                                                            "Worker Number": 1,
                                                                                                            "Actual Startup Time": 15.167,
                                                                                                            "Actual Total Time": 15.168,
                                                                                                            "Actual Rows": 1,
                                                                                                            "Actual Loops": 1
                                                                                                        },
                                                                                                        {
                                                                                                            "Worker Number": 2,
                                                                                                            "Actual Startup Time": 15.044,
                                                                                                            "Actual Total Time": 15.045,
                                                                                                            "Actual Rows": 1,
                                                                                                            "Actual Loops": 1
                                                                                                        }
                                                                                                    ],
                                                                                                    "Plans": [
                                                                                                        {
                                                                                                            "Node Type": "Seq Scan",
                                                                                                            "Parent Relationship": "Outer",
                                                                                                            "Parallel Aware": false,
                                                                                                            "Relation Name": "keyword",
                                                                                                            "Schema": "public",
                                                                                                            "Alias": "k",
                                                                                                            "Startup Cost": 0.0,
                                                                                                            "Total Cost": 2626.12,
                                                                                                            "Plan Rows": 1,
                                                                                                            "Plan Width": 4,
                                                                                                            "Actual Startup Time": 0.855,
                                                                                                            "Actual Total Time": 15.111,
                                                                                                            "Actual Rows": 1,
                                                                                                            "Actual Loops": 4,
                                                                                                            "Output": [
                                                                                                                "k.id"
                                                                                                            ],
                                                                                                            "Filter": "(k.keyword = 'character-name-in-title'::text)",
                                                                                                            "Rows Removed by Filter": 134169,
                                                                                                            "Workers": [
                                                                                                                {
                                                                                                                    "Worker Number": 0,
                                                                                                                    "Actual Startup Time": 0.861,
                                                                                                                    "Actual Total Time": 15.171,
                                                                                                                    "Actual Rows": 1,
                                                                                                                    "Actual Loops": 1
                                                                                                                },
                                                                                                                {
                                                                                                                    "Worker Number": 1,
                                                                                                                    "Actual Startup Time": 0.859,
                                                                                                                    "Actual Total Time": 15.16,
                                                                                                                    "Actual Rows": 1,
                                                                                                                    "Actual Loops": 1
                                                                                                                },
                                                                                                                {
                                                                                                                    "Worker Number": 2,
                                                                                                                    "Actual Startup Time": 0.926,
                                                                                                                    "Actual Total Time": 15.036,
                                                                                                                    "Actual Rows": 1,
                                                                                                                    "Actual Loops": 1
                                                                                                                }
                                                                                                            ]
                                                                                                        }
                                                                                                    ]
                                                                                                }
                                                                                            ]
                                                                                        }
                                                                                    ]
                                                                                }
                                                                            ]
                                                                        }
                                                                    ]
                                                                }
                                                            ]
                                                        }
                                                    ]
                                                }
                                            ]
                                        },
                                        {
                                            "Node Type": "Hash",
                                            "Parent Relationship": "Inner",
                                            "Parallel Aware": true,
                                            "Startup Cost": 4377.34,
                                            "Total Cost": 4377.34,
                                            "Plan Rows": 138234,
                                            "Plan Width": 4,
                                            "Actual Startup Time": 44.9,
                                            "Actual Total Time": 44.901,
                                            "Actual Rows": 58749,
                                            "Actual Loops": 4,
                                            "Output": [
                                                "cn.id"
                                            ],
                                            "Hash Buckets": 262144,
                                            "Original Hash Buckets": 262144,
                                            "Hash Batches": 1,
                                            "Original Hash Batches": 1,
                                            "Peak Memory Usage": 11296,
                                            "Workers": [
                                                {
                                                    "Worker Number": 0,
                                                    "Actual Startup Time": 43.547,
                                                    "Actual Total Time": 43.548,
                                                    "Actual Rows": 54308,
                                                    "Actual Loops": 1
                                                },
                                                {
                                                    "Worker Number": 1,
                                                    "Actual Startup Time": 43.611,
                                                    "Actual Total Time": 43.613,
                                                    "Actual Rows": 56837,
                                                    "Actual Loops": 1
                                                },
                                                {
                                                    "Worker Number": 2,
                                                    "Actual Startup Time": 44.149,
                                                    "Actual Total Time": 44.15,
                                                    "Actual Rows": 56113,
                                                    "Actual Loops": 1
                                                }
                                            ],
                                            "Plans": [
                                                {
                                                    "Node Type": "Seq Scan",
                                                    "Parent Relationship": "Outer",
                                                    "Parallel Aware": true,
                                                    "Relation Name": "company_name",
                                                    "Schema": "public",
                                                    "Alias": "cn",
                                                    "Startup Cost": 0.0,
                                                    "Total Cost": 4377.34,
                                                    "Plan Rows": 138234,
                                                    "Plan Width": 4,
                                                    "Actual Startup Time": 0.051,
                                                    "Actual Total Time": 18.003,
                                                    "Actual Rows": 58749,
                                                    "Actual Loops": 4,
                                                    "Output": [
                                                        "cn.id"
                                                    ],
                                                    "Workers": [
                                                        {
                                                            "Worker Number": 0,
                                                            "Actual Startup Time": 0.06,
                                                            "Actual Total Time": 17.464,
                                                            "Actual Rows": 54308,
                                                            "Actual Loops": 1
                                                        },
                                                        {
                                                            "Worker Number": 1,
                                                            "Actual Startup Time": 0.051,
                                                            "Actual Total Time": 17.147,
                                                            "Actual Rows": 56837,
                                                            "Actual Loops": 1
                                                        },
                                                        {
                                                            "Worker Number": 2,
                                                            "Actual Startup Time": 0.059,
                                                            "Actual Total Time": 17.889,
                                                            "Actual Rows": 56113,
                                                            "Actual Loops": 1
                                                        }
                                                    ]
                                                }
                                            ]
                                        }
                                    ]
                                }
                            ]
                        }
                    ]
                }
            ]
        },
        "Planning Time": 1829.165,
        "Triggers": [],
        "Execution Time": 3675.829
    }
]