{
  "Plan": {
    "Node Type": "Aggregate",
    "Strategy": "Plain",
    "Partial Mode": "Finalize",
    "Parallel Aware": false,
    "Startup Cost": 17280.03,
    "Total Cost": 17280.04,
    "Plan Rows": 1,
    "Plan Width": 8,
    "Actual Startup Time": 15.145,
    "Actual Total Time": 17.398,
    "Actual Rows": 1,
    "Actual Loops": 1,
    "Plans": [
      {
        "Node Type": "Gather",
        "Parent Relationship": "Outer",
        "Parallel Aware": false,
        "Startup Cost": 17279.91,
        "Total Cost": 17280.02,
        "Plan Rows": 1,
        "Plan Width": 8,
        "Actual Startup Time": 14.962,
        "Actual Total Time": 17.388,
        "Actual Rows": 2,
        "Actual Loops": 1,
        "Workers Planned": 1,
        "Workers Launched": 1,
        "Single Copy": false,
        "Plans": [
          {
            "Node Type": "Aggregate",
            "Strategy": "Plain",
            "Partial Mode": "Partial",
            "Parent Relationship": "Outer",
            "Parallel Aware": false,
            "Startup Cost": 16279.91,
            "Total Cost": 16279.92,
            "Plan Rows": 1,
            "Plan Width": 8,
            "Actual Startup Time": 9.296,
            "Actual Total Time": 9.298,
            "Actual Rows": 1,
            "Actual Loops": 2,
            "Plans": [
              {
                "Node Type": "Nested Loop",
                "Parent Relationship": "Outer",
                "Parallel Aware": false,
                "Join Type": "Inner",
                "Startup Cost": 74.05,
                "Total Cost": 16279.1,
                "Plan Rows": 324,
                "Plan Width": 0,
                "Actual Startup Time": 3.675,
                "Actual Total Time": 9.252,
                "Actual Rows": 132,
                "Actual Loops": 2,
                "Inner Unique": true,
                "Plans": [
                  {
                    "Node Type": "Bitmap Heap Scan",
                    "Parent Relationship": "Outer",
                    "Parallel Aware": true,
                    "Relation Name": "movie_companies",
                    "Alias": "mc",
                    "Startup Cost": 73.62,
                    "Total Cost": 8590.08,
                    "Plan Rows": 957,
                    "Plan Width": 4,
                    "Actual Startup Time": 3.656,
                    "Actual Total Time": 6.623,
                    "Actual Rows": 170,
                    "Actual Loops": 2,
                    "Recheck Cond": "(company_id = 677)",
                    "Rows Removed by Index Recheck": 0,
                    "Filter": "(company_type_id < 2)",
                    "Rows Removed by Filter": 1293,
                    "Exact Heap Blocks": 1666,
                    "Lossy Heap Blocks": 0,
                    "Plans": [
                      {
                        "Node Type": "Bitmap Index Scan",
                        "Parent Relationship": "Outer",
                        "Parallel Aware": false,
                        "Index Name": "company_id_movie_companies",
                        "Startup Cost": 0.0,
                        "Total Cost": 73.22,
                        "Plan Rows": 3305,
                        "Plan Width": 0,
                        "Actual Startup Time": 2.314,
                        "Actual Total Time": 2.314,
                        "Actual Rows": 2926,
                        "Actual Loops": 1,
                        "Index Cond": "(company_id = 677)"
                      }
                    ]
                  },
                  {
                    "Node Type": "Index Scan",
                    "Parent Relationship": "Inner",
                    "Parallel Aware": false,
                    "Scan Direction": "Forward",
                    "Index Name": "title_pkey",
                    "Relation Name": "title",
                    "Alias": "t",
                    "Startup Cost": 0.43,
                    "Total Cost": 8.03,
                    "Plan Rows": 1,
                    "Plan Width": 4,
                    "Actual Startup Time": 0.014,
                    "Actual Total Time": 0.014,
                    "Actual Rows": 1,
                    "Actual Loops": 340,
                    "Index Cond": "(id = mc.movie_id)",
                    "Rows Removed by Index Recheck": 0,
                    "Filter": "(kind_id < 4)",
                    "Rows Removed by Filter": 0
                  }
                ]
              }
            ]
          }
        ]
      }
    ]
  },
  "Planning Time": 0.78,
  "Triggers": [],
  "Execution Time": 17.511
}