[
  {
    "Plan": {
      "Node Type": "Aggregate",
      "Strategy": "Plain",
      "Partial Mode": "Finalize",
      "Parallel Aware": false,
      "Startup Cost": 46004.35,
      "Total Cost": 46004.36,
      "Plan Rows": 1,
      "Plan Width": 8,
      "Actual Startup Time": 166.279,
      "Actual Total Time": 176.265,
      "Actual Rows": 1,
      "Actual Loops": 1,
      "Plans": [
        {
          "Node Type": "Gather",
          "Parent Relationship": "Outer",
          "Parallel Aware": false,
          "Startup Cost": 46004.03,
          "Total Cost": 46004.34,
          "Plan Rows": 3,
          "Plan Width": 8,
          "Actual Startup Time": 166.121,
          "Actual Total Time": 176.257,
          "Actual Rows": 4,
          "Actual Loops": 1,
          "Workers Planned": 3,
          "Workers Launched": 3,
          "Single Copy": false,
          "Plans": [
            {
              "Node Type": "Aggregate",
              "Strategy": "Plain",
              "Partial Mode": "Partial",
              "Parent Relationship": "Outer",
              "Parallel Aware": false,
              "Startup Cost": 45004.03,
              "Total Cost": 45004.04,
              "Plan Rows": 1,
              "Plan Width": 8,
              "Actual Startup Time": 161.179,
              "Actual Total Time": 161.181,
              "Actual Rows": 1,
              "Actual Loops": 4,
              "Plans": [
                {
                  "Node Type": "Seq Scan",
                  "Parent Relationship": "Outer",
                  "Parallel Aware": true,
                  "Relation Name": "movie_keyword",
                  "Alias": "mk",
                  "Startup Cost": 0.0,
                  "Total Cost": 42695.65,
                  "Plan Rows": 923352,
                  "Plan Width": 0,
                  "Actual Startup Time": 0.037,
                  "Actual Total Time": 125.532,
                  "Actual Rows": 719318,
                  "Actual Loops": 4,
                  "Filter": "(keyword_id < 8936)",
                  "Rows Removed by Filter": 411664
                }
              ]
            }
          ]
        }
      ]
    },
    "Planning Time": 0.101,
    "Triggers": [],
    "Execution Time": 176.3
  }
]