[
    {
        "Bao": {
            "Bao prediction": 1383.429,
            "Bao recommended hint": "SET enable_nestloop TO off; "
        }
    },
    {
        "Plan": {
            "Node Type": "Aggregate",
            "Strategy": "Plain",
            "Partial Mode": "Finalize",
            "Parallel Aware": false,
            "Startup Cost": 546572.42,
            "Total Cost": 546572.43,
            "Plan Rows": 1,
            "Plan Width": 64,
            "Actual Startup Time": 3958.411,
            "Actual Total Time": 4058.41,
            "Actual Rows": 1,
            "Actual Loops": 1,
            "Output": [
                "min(an.name)",
                "min(t.title)"
            ],
            "Plans": [
                {
                    "Node Type": "Gather",
                    "Parent Relationship": "Outer",
                    "Parallel Aware": false,
                    "Startup Cost": 546572.09,
                    "Total Cost": 546572.4,
                    "Plan Rows": 3,
                    "Plan Width": 64,
                    "Actual Startup Time": 3954.416,
                    "Actual Total Time": 4058.395,
                    "Actual Rows": 4,
                    "Actual Loops": 1,
                    "Output": [
                        "(PARTIAL min(an.name))",
                        "(PARTIAL min(t.title))"
                    ],
                    "Workers Planned": 3,
                    "Workers Launched": 3,
                    "Single Copy": false,
                    "Plans": [
                        {
                            "Node Type": "Aggregate",
                            "Strategy": "Plain",
                            "Partial Mode": "Partial",
                            "Parent Relationship": "Outer",
                            "Parallel Aware": false,
                            "Startup Cost": 545572.09,
                            "Total Cost": 545572.1,
                            "Plan Rows": 1,
                            "Plan Width": 64,
                            "Actual Startup Time": 3943.223,
                            "Actual Total Time": 3943.582,
                            "Actual Rows": 1,
                            "Actual Loops": 4,
                            "Output": [
                                "PARTIAL min(an.name)",
                                "PARTIAL min(t.title)"
                            ],
                            "Workers": [
                                {
                                    "Worker Number": 0,
                                    "Actual Startup Time": 3940.047,
                                    "Actual Total Time": 3940.066,
                                    "Actual Rows": 1,
                                    "Actual Loops": 1
                                },
                                {
                                    "Worker Number": 1,
                                    "Actual Startup Time": 3940.146,
                                    "Actual Total Time": 3940.172,
                                    "Actual Rows": 1,
                                    "Actual Loops": 1
                                },
                                {
                                    "Worker Number": 2,
                                    "Actual Startup Time": 3940.229,
                                    "Actual Total Time": 3940.25,
                                    "Actual Rows": 1,
                                    "Actual Loops": 1
                                }
                            ],
                            "Plans": [
                                {
                                    "Node Type": "Hash Join",
                                    "Parent Relationship": "Outer",
                                    "Parallel Aware": true,
                                    "Join Type": "Inner",
                                    "Startup Cost": 530177.85,
                                    "Total Cost": 545571.76,
                                    "Plan Rows": 66,
                                    "Plan Width": 33,
                                    "Actual Startup Time": 3849.578,
                                    "Actual Total Time": 3936.829,
                                    "Actual Rows": 56229,
                                    "Actual Loops": 4,
                                    "Output": [
                                        "an.name",
                                        "t.title"
                                    ],
                                    "Inner Unique": false,
                                    "Hash Cond": "(an.person_id = n.id)",
                                    "Workers": [
                                        {
                                            "Worker Number": 0,
                                            "Actual Startup Time": 3845.872,
                                            "Actual Total Time": 3933.766,
                                            "Actual Rows": 45296,
                                            "Actual Loops": 1
                                        },
                                        {
                                            "Worker Number": 1,
                                            "Actual Startup Time": 3846.532,
                                            "Actual Total Time": 3933.67,
                                            "Actual Rows": 78182,
                                            "Actual Loops": 1
                                        },
                                        {
                                            "Worker Number": 2,
                                            "Actual Startup Time": 3847.002,
                                            "Actual Total Time": 3933.307,
                                            "Actual Rows": 50864,
                                            "Actual Loops": 1
                                        }
                                    ],
                                    "Plans": [
                                        {
                                            "Node Type": "Seq Scan",
                                            "Parent Relationship": "Outer",
                                            "Parallel Aware": true,
                                            "Relation Name": "aka_name",
                                            "Schema": "public",
                                            "Alias": "an",
                                            "Startup Cost": 0.0,
                                            "Total Cost": 14303.56,
                                            "Plan Rows": 290756,
                                            "Plan Width": 20,
                                            "Actual Startup Time": 0.019,
                                            "Actual Total Time": 32.808,
                                            "Actual Rows": 225336,
                                            "Actual Loops": 4,
                                            "Output": [
                                                "an.id",
                                                "an.person_id",
                                                "an.name",
                                                "an.imdb_index",
                                                "an.name_pcode_cf",
                                                "an.name_pcode_nf",
                                                "an.surname_pcode",
                                                "an.md5sum"
                                            ],
                                            "Workers": [
                                                {
                                                    "Worker Number": 0,
                                                    "Actual Startup Time": 0.023,
                                                    "Actual Total Time": 33.204,
                                                    "Actual Rows": 184115,
                                                    "Actual Loops": 1
                                                },
                                                {
                                                    "Worker Number": 1,
                                                    "Actual Startup Time": 0.02,
                                                    "Actual Total Time": 31.458,
                                                    "Actual Rows": 308261,
                                                    "Actual Loops": 1
                                                },
                                                {
                                                    "Worker Number": 2,
                                                    "Actual Startup Time": 0.022,
                                                    "Actual Total Time": 32.708,
                                                    "Actual Rows": 206582,
                                                    "Actual Loops": 1
                                                }
                                            ]
                                        },
                                        {
                                            "Node Type": "Hash",
                                            "Parent Relationship": "Inner",
                                            "Parallel Aware": true,
                                            "Startup Cost": 530177.57,
                                            "Total Cost": 530177.57,
                                            "Plan Rows": 22,
                                            "Plan Width": 25,
                                            "Actual Startup Time": 3847.486,
                                            "Actual Total Time": 3847.843,
                                            "Actual Rows": 57433,
                                            "Actual Loops": 4,
                                            "Output": [
                                                "ci.person_id",
                                                "n.id",
                                                "t.title"
                                            ],
                                            "Hash Buckets": 262144,
                                            "Original Hash Buckets": 1024,
                                            "Hash Batches": 1,
                                            "Original Hash Batches": 1,
                                            "Peak Memory Usage": 18456,
                                            "Workers": [
                                                {
                                                    "Worker Number": 0,
                                                    "Actual Startup Time": 3844.44,
                                                    "Actual Total Time": 3844.457,
                                                    "Actual Rows": 46470,
                                                    "Actual Loops": 1
                                                },
                                                {
                                                    "Worker Number": 1,
                                                    "Actual Startup Time": 3845.45,
                                                    "Actual Total Time": 3845.475,
                                                    "Actual Rows": 78818,
                                                    "Actual Loops": 1
                                                },
                                                {
                                                    "Worker Number": 2,
                                                    "Actual Startup Time": 3845.413,
                                                    "Actual Total Time": 3845.431,
                                                    "Actual Rows": 52873,
                                                    "Actual Loops": 1
                                                }
                                            ],
                                            "Plans": [
                                                {
                                                    "Node Type": "Hash Join",
                                                    "Parent Relationship": "Outer",
                                                    "Parallel Aware": true,
                                                    "Join Type": "Inner",
                                                    "Startup Cost": 460238.5,
                                                    "Total Cost": 530177.57,
                                                    "Plan Rows": 22,
                                                    "Plan Width": 25,
                                                    "Actual Startup Time": 3423.004,
                                                    "Actual Total Time": 3798.887,
                                                    "Actual Rows": 57433,
                                                    "Actual Loops": 4,
                                                    "Output": [
                                                        "ci.person_id",
                                                        "n.id",
                                                        "t.title"
                                                    ],
                                                    "Inner Unique": false,
                                                    "Hash Cond": "(n.id = ci.person_id)",
                                                    "Workers": [
                                                        {
                                                            "Worker Number": 0,
                                                            "Actual Startup Time": 3420.011,
                                                            "Actual Total Time": 3800.27,
                                                            "Actual Rows": 46470,
                                                            "Actual Loops": 1
                                                        },
                                                        {
                                                            "Worker Number": 1,
                                                            "Actual Startup Time": 3420.843,
                                                            "Actual Total Time": 3796.493,
                                                            "Actual Rows": 78818,
                                                            "Actual Loops": 1
                                                        },
                                                        {
                                                            "Worker Number": 2,
                                                            "Actual Startup Time": 3421.03,
                                                            "Actual Total Time": 3800.507,
                                                            "Actual Rows": 52873,
                                                            "Actual Loops": 1
                                                        }
                                                    ],
                                                    "Plans": [
                                                        {
                                                            "Node Type": "Seq Scan",
                                                            "Parent Relationship": "Outer",
                                                            "Parallel Aware": true,
                                                            "Relation Name": "name",
                                                            "Schema": "public",
                                                            "Alias": "n",
                                                            "Startup Cost": 0.0,
                                                            "Total Cost": 66031.94,
                                                            "Plan Rows": 1041894,
                                                            "Plan Width": 4,
                                                            "Actual Startup Time": 0.027,
                                                            "Actual Total Time": 156.548,
                                                            "Actual Rows": 1041873,
                                                            "Actual Loops": 4,
                                                            "Output": [
                                                                "n.id",
                                                                "n.name",
                                                                "n.imdb_index",
                                                                "n.imdb_id",
                                                                "n.gender",
                                                                "n.name_pcode_cf",
                                                                "n.name_pcode_nf",
                                                                "n.surname_pcode",
                                                                "n.md5sum"
                                                            ],
                                                            "Workers": [
                                                                {
                                                                    "Worker Number": 0,
                                                                    "Actual Startup Time": 0.034,
                                                                    "Actual Total Time": 164.863,
                                                                    "Actual Rows": 855447,
                                                                    "Actual Loops": 1
                                                                },
                                                                {
                                                                    "Worker Number": 1,
                                                                    "Actual Startup Time": 0.029,
                                                                    "Actual Total Time": 150.642,
                                                                    "Actual Rows": 1403749,
                                                                    "Actual Loops": 1
                                                                },
                                                                {
                                                                    "Worker Number": 2,
                                                                    "Actual Startup Time": 0.034,
                                                                    "Actual Total Time": 157.774,
                                                                    "Actual Rows": 972439,
                                                                    "Actual Loops": 1
                                                                }
                                                            ]
                                                        },
                                                        {
                                                            "Node Type": "Hash",
                                                            "Parent Relationship": "Inner",
                                                            "Parallel Aware": true,
                                                            "Startup Cost": 460238.32,
                                                            "Total Cost": 460238.32,
                                                            "Plan Rows": 14,
                                                            "Plan Width": 21,
                                                            "Actual Startup Time": 3422.698,
                                                            "Actual Total Time": 3423.053,
                                                            "Actual Rows": 57433,
                                                            "Actual Loops": 4,
                                                            "Output": [
                                                                "ci.person_id",
                                                                "t.title"
                                                            ],
                                                            "Hash Buckets": 262144,
                                                            "Original Hash Buckets": 1024,
                                                            "Hash Batches": 1,
                                                            "Original Hash Batches": 1,
                                                            "Peak Memory Usage": 17656,
                                                            "Workers": [
                                                                {
                                                                    "Worker Number": 0,
                                                                    "Actual Startup Time": 3419.566,
                                                                    "Actual Total Time": 3419.581,
                                                                    "Actual Rows": 50336,
                                                                    "Actual Loops": 1
                                                                },
                                                                {
                                                                    "Worker Number": 1,
                                                                    "Actual Startup Time": 3420.693,
                                                                    "Actual Total Time": 3420.716,
                                                                    "Actual Rows": 63893,
                                                                    "Actual Loops": 1
                                                                },
                                                                {
                                                                    "Worker Number": 2,
                                                                    "Actual Startup Time": 3420.629,
                                                                    "Actual Total Time": 3420.645,
                                                                    "Actual Rows": 58881,
                                                                    "Actual Loops": 1
                                                                }
                                                            ],
                                                            "Plans": [
                                                                {
                                                                    "Node Type": "Hash Join",
                                                                    "Parent Relationship": "Outer",
                                                                    "Parallel Aware": true,
                                                                    "Join Type": "Inner",
                                                                    "Startup Cost": 124474.47,
                                                                    "Total Cost": 460238.32,
                                                                    "Plan Rows": 14,
                                                                    "Plan Width": 21,
                                                                    "Actual Startup Time": 837.686,
                                                                    "Actual Total Time": 3275.564,
                                                                    "Actual Rows": 57433,
                                                                    "Actual Loops": 4,
                                                                    "Output": [
                                                                        "ci.person_id",
                                                                        "t.title"
                                                                    ],
                                                                    "Inner Unique": false,
                                                                    "Hash Cond": "(ci.movie_id = t.id)",
                                                                    "Workers": [
                                                                        {
                                                                            "Worker Number": 0,
                                                                            "Actual Startup Time": 834.341,
                                                                            "Actual Total Time": 3224.817,
                                                                            "Actual Rows": 50336,
                                                                            "Actual Loops": 1
                                                                        },
                                                                        {
                                                                            "Worker Number": 1,
                                                                            "Actual Startup Time": 835.374,
                                                                            "Actual Total Time": 3311.636,
                                                                            "Actual Rows": 63893,
                                                                            "Actual Loops": 1
                                                                        },
                                                                        {
                                                                            "Worker Number": 2,
                                                                            "Actual Startup Time": 836.123,
                                                                            "Actual Total Time": 3298.46,
                                                                            "Actual Rows": 58881,
                                                                            "Actual Loops": 1
                                                                        }
                                                                    ],
                                                                    "Plans": [
                                                                        {
                                                                            "Node Type": "Seq Scan",
                                                                            "Parent Relationship": "Outer",
                                                                            "Parallel Aware": true,
                                                                            "Relation Name": "cast_info",
                                                                            "Schema": "public",
                                                                            "Alias": "ci",
                                                                            "Startup Cost": 0.0,
                                                                            "Total Cost": 313106.51,
                                                                            "Plan Rows": 6041951,
                                                                            "Plan Width": 8,
                                                                            "Actual Startup Time": 0.018,
                                                                            "Actual Total Time": 1122.664,
                                                                            "Actual Rows": 9061086,
                                                                            "Actual Loops": 4,
                                                                            "Output": [
                                                                                "ci.id",
                                                                                "ci.person_id",
                                                                                "ci.movie_id",
                                                                                "ci.person_role_id",
                                                                                "ci.note",
                                                                                "ci.nr_order",
                                                                                "ci.role_id"
                                                                            ],
                                                                            "Workers": [
                                                                                {
                                                                                    "Worker Number": 0,
                                                                                    "Actual Startup Time": 0.014,
                                                                                    "Actual Total Time": 1125.828,
                                                                                    "Actual Rows": 8069848,
                                                                                    "Actual Loops": 1
                                                                                },
                                                                                {
                                                                                    "Worker Number": 1,
                                                                                    "Actual Startup Time": 0.014,
                                                                                    "Actual Total Time": 1126.962,
                                                                                    "Actual Rows": 9826425,
                                                                                    "Actual Loops": 1
                                                                                },
                                                                                {
                                                                                    "Worker Number": 2,
                                                                                    "Actual Startup Time": 0.015,
                                                                                    "Actual Total Time": 1121.056,
                                                                                    "Actual Rows": 9366302,
                                                                                    "Actual Loops": 1
                                                                                }
                                                                            ]
                                                                        },
                                                                        {
                                                                            "Node Type": "Hash",
                                                                            "Parent Relationship": "Inner",
                                                                            "Parallel Aware": true,
                                                                            "Startup Cost": 124474.46,
                                                                            "Total Cost": 124474.46,
                                                                            "Plan Rows": 1,
                                                                            "Plan Width": 29,
                                                                            "Actual Startup Time": 837.107,
                                                                            "Actual Total Time": 837.457,
                                                                            "Actual Rows": 1121,
                                                                            "Actual Loops": 4,
                                                                            "Output": [
                                                                                "mc.movie_id",
                                                                                "mk.movie_id",
                                                                                "t.title",
                                                                                "t.id"
                                                                            ],
                                                                            "Hash Buckets": 4096,
                                                                            "Original Hash Buckets": 1024,
                                                                            "Hash Batches": 1,
                                                                            "Original Hash Batches": 1,
                                                                            "Peak Memory Usage": 440,
                                                                            "Workers": [
                                                                                {
                                                                                    "Worker Number": 0,
                                                                                    "Actual Startup Time": 834.01,
                                                                                    "Actual Total Time": 834.023,
                                                                                    "Actual Rows": 1281,
                                                                                    "Actual Loops": 1
                                                                                },
                                                                                {
                                                                                    "Worker Number": 1,
                                                                                    "Actual Startup Time": 835.005,
                                                                                    "Actual Total Time": 835.018,
                                                                                    "Actual Rows": 1887,
                                                                                    "Actual Loops": 1
                                                                                },
                                                                                {
                                                                                    "Worker Number": 2,
                                                                                    "Actual Startup Time": 835.197,
                                                                                    "Actual Total Time": 835.21,
                                                                                    "Actual Rows": 652,
                                                                                    "Actual Loops": 1
                                                                                }
                                                                            ],
                                                                            "Plans": [
                                                                                {
                                                                                    "Node Type": "Hash Join",
                                                                                    "Parent Relationship": "Outer",
                                                                                    "Parallel Aware": true,
                                                                                    "Join Type": "Inner",
                                                                                    "Startup Cost": 79785.0,
                                                                                    "Total Cost": 124474.46,
                                                                                    "Plan Rows": 1,
                                                                                    "Plan Width": 29,
                                                                                    "Actual Startup Time": 600.863,
                                                                                    "Actual Total Time": 804.289,
                                                                                    "Actual Rows": 1121,
                                                                                    "Actual Loops": 4,
                                                                                    "Output": [
                                                                                        "mc.movie_id",
                                                                                        "mk.movie_id",
                                                                                        "t.title",
                                                                                        "t.id"
                                                                                    ],
                                                                                    "Inner Unique": false,
                                                                                    "Hash Cond": "(t.id = mk.movie_id)",
                                                                                    "Workers": [
                                                                                        {
                                                                                            "Worker Number": 0,
                                                                                            "Actual Startup Time": 597.673,
                                                                                            "Actual Total Time": 806.741,
                                                                                            "Actual Rows": 1281,
                                                                                            "Actual Loops": 1
                                                                                        },
                                                                                        {
                                                                                            "Worker Number": 1,
                                                                                            "Actual Startup Time": 597.274,
                                                                                            "Actual Total Time": 833.121,
                                                                                            "Actual Rows": 1887,
                                                                                            "Actual Loops": 1
                                                                                        },
                                                                                        {
                                                                                            "Worker Number": 2,
                                                                                            "Actual Startup Time": 601.474,
                                                                                            "Actual Total Time": 784.328,
                                                                                            "Actual Rows": 652,
                                                                                            "Actual Loops": 1
                                                                                        }
                                                                                    ],
                                                                                    "Plans": [
                                                                                        {
                                                                                            "Node Type": "Seq Scan",
                                                                                            "Parent Relationship": "Outer",
                                                                                            "Parallel Aware": true,
                                                                                            "Relation Name": "title",
                                                                                            "Schema": "public",
                                                                                            "Alias": "t",
                                                                                            "Startup Cost": 0.0,
                                                                                            "Total Cost": 42319.06,
                                                                                            "Plan Rows": 632106,
                                                                                            "Plan Width": 21,
                                                                                            "Actual Startup Time": 0.038,
                                                                                            "Actual Total Time": 110.742,
                                                                                            "Actual Rows": 632078,
                                                                                            "Actual Loops": 4,
                                                                                            "Output": [
                                                                                                "t.id",
                                                                                                "t.title",
                                                                                                "t.imdb_index",
                                                                                                "t.kind_id",
                                                                                                "t.production_year",
                                                                                                "t.imdb_id",
                                                                                                "t.phonetic_code",
                                                                                                "t.episode_of_id",
                                                                                                "t.season_nr",
                                                                                                "t.episode_nr",
                                                                                                "t.series_years",
                                                                                                "t.md5sum"
                                                                                            ],
                                                                                            "Workers": [
                                                                                                {
                                                                                                    "Worker Number": 0,
                                                                                                    "Actual Startup Time": 0.052,
                                                                                                    "Actual Total Time": 115.412,
                                                                                                    "Actual Rows": 634030,
                                                                                                    "Actual Loops": 1
                                                                                                },
                                                                                                {
                                                                                                    "Worker Number": 1,
                                                                                                    "Actual Startup Time": 0.036,
                                                                                                    "Actual Total Time": 124.89,
                                                                                                    "Actual Rows": 804070,
                                                                                                    "Actual Loops": 1
                                                                                                },
                                                                                                {
                                                                                                    "Worker Number": 2,
                                                                                                    "Actual Startup Time": 0.045,
                                                                                                    "Actual Total Time": 100.967,
                                                                                                    "Actual Rows": 556792,
                                                                                                    "Actual Loops": 1
                                                                                                }
                                                                                            ]
                                                                                        },
                                                                                        {
                                                                                            "Node Type": "Hash",
                                                                                            "Parent Relationship": "Inner",
                                                                                            "Parallel Aware": true,
                                                                                            "Startup Cost": 79784.97,
                                                                                            "Total Cost": 79784.97,
                                                                                            "Plan Rows": 2,
                                                                                            "Plan Width": 8,
                                                                                            "Actual Startup Time": 599.129,
                                                                                            "Actual Total Time": 599.476,
                                                                                            "Actual Rows": 1121,
                                                                                            "Actual Loops": 4,
                                                                                            "Output": [
                                                                                                "mc.movie_id",
                                                                                                "mk.movie_id"
                                                                                            ],
                                                                                            "Hash Buckets": 4096,
                                                                                            "Original Hash Buckets": 1024,
                                                                                            "Hash Batches": 1,
                                                                                            "Original Hash Batches": 1,
                                                                                            "Peak Memory Usage": 344,
                                                                                            "Workers": [
                                                                                                {
                                                                                                    "Worker Number": 0,
                                                                                                    "Actual Startup Time": 596.005,
                                                                                                    "Actual Total Time": 596.015,
                                                                                                    "Actual Rows": 861,
                                                                                                    "Actual Loops": 1
                                                                                                },
                                                                                                {
                                                                                                    "Worker Number": 1,
                                                                                                    "Actual Startup Time": 597.15,
                                                                                                    "Actual Total Time": 597.159,
                                                                                                    "Actual Rows": 1780,
                                                                                                    "Actual Loops": 1
                                                                                                },
                                                                                                {
                                                                                                    "Worker Number": 2,
                                                                                                    "Actual Startup Time": 597.167,
                                                                                                    "Actual Total Time": 597.177,
                                                                                                    "Actual Rows": 925,
                                                                                                    "Actual Loops": 1
                                                                                                }
                                                                                            ],
                                                                                            "Plans": [
                                                                                                {
                                                                                                    "Node Type": "Hash Join",
                                                                                                    "Parent Relationship": "Outer",
                                                                                                    "Parallel Aware": true,
                                                                                                    "Join Type": "Inner",
                                                                                                    "Startup Cost": 50277.5,
                                                                                                    "Total Cost": 79784.97,
                                                                                                    "Plan Rows": 2,
                                                                                                    "Plan Width": 8,
                                                                                                    "Actual Startup Time": 337.165,
                                                                                                    "Actual Total Time": 522.07,
                                                                                                    "Actual Rows": 1121,
                                                                                                    "Actual Loops": 4,
                                                                                                    "Output": [
                                                                                                        "mc.movie_id",
                                                                                                        "mk.movie_id"
                                                                                                    ],
                                                                                                    "Inner Unique": false,
                                                                                                    "Hash Cond": "(mc.movie_id = mk.movie_id)",
                                                                                                    "Workers": [
                                                                                                        {
                                                                                                            "Worker Number": 0,
                                                                                                            "Actual Startup Time": 334.641,
                                                                                                            "Actual Total Time": 501.189,
                                                                                                            "Actual Rows": 861,
                                                                                                            "Actual Loops": 1
                                                                                                        },
                                                                                                        {
                                                                                                            "Worker Number": 1,
                                                                                                            "Actual Startup Time": 334.638,
                                                                                                            "Actual Total Time": 594.244,
                                                                                                            "Actual Rows": 1780,
                                                                                                            "Actual Loops": 1
                                                                                                        },
                                                                                                        {
                                                                                                            "Worker Number": 2,
                                                                                                            "Actual Startup Time": 335.565,
                                                                                                            "Actual Total Time": 495.558,
                                                                                                            "Actual Rows": 925,
                                                                                                            "Actual Loops": 1
                                                                                                        }
                                                                                                    ],
                                                                                                    "Plans": [
                                                                                                        {
                                                                                                            "Node Type": "Hash Join",
                                                                                                            "Parent Relationship": "Outer",
                                                                                                            "Parallel Aware": true,
                                                                                                            "Join Type": "Inner",
                                                                                                            "Startup Cost": 4773.03,
                                                                                                            "Total Cost": 34188.97,
                                                                                                            "Plan Rows": 24408,
                                                                                                            "Plan Width": 4,
                                                                                                            "Actual Startup Time": 11.99,
                                                                                                            "Actual Total Time": 190.813,
                                                                                                            "Actual Rows": 26249,
                                                                                                            "Actual Loops": 4,
                                                                                                            "Output": [
                                                                                                                "mc.movie_id"
                                                                                                            ],
                                                                                                            "Inner Unique": true,
                                                                                                            "Hash Cond": "(mc.company_id = cn.id)",
                                                                                                            "Workers": [
                                                                                                                {
                                                                                                                    "Worker Number": 0,
                                                                                                                    "Actual Startup Time": 11.979,
                                                                                                                    "Actual Total Time": 173.545,
                                                                                                                    "Actual Rows": 20372,
                                                                                                                    "Actual Loops": 1
                                                                                                                },
                                                                                                                {
                                                                                                                    "Worker Number": 1,
                                                                                                                    "Actual Startup Time": 11.988,
                                                                                                                    "Actual Total Time": 262.158,
                                                                                                                    "Actual Rows": 42261,
                                                                                                                    "Actual Loops": 1
                                                                                                                },
                                                                                                                {
                                                                                                                    "Worker Number": 2,
                                                                                                                    "Actual Startup Time": 12.012,
                                                                                                                    "Actual Total Time": 167.46,
                                                                                                                    "Actual Rows": 21143,
                                                                                                                    "Actual Loops": 1
                                                                                                                }
                                                                                                            ],
                                                                                                            "Plans": [
                                                                                                                {
                                                                                                                    "Node Type": "Seq Scan",
                                                                                                                    "Parent Relationship": "Outer",
                                                                                                                    "Parallel Aware": true,
                                                                                                                    "Relation Name": "movie_companies",
                                                                                                                    "Schema": "public",
                                                                                                                    "Alias": "mc",
                                                                                                                    "Startup Cost": 0.0,
                                                                                                                    "Total Cost": 27206.55,
                                                                                                                    "Plan Rows": 841655,
                                                                                                                    "Plan Width": 8,
                                                                                                                    "Actual Startup Time": 0.024,
                                                                                                                    "Actual Total Time": 84.859,
                                                                                                                    "Actual Rows": 652282,
                                                                                                                    "Actual Loops": 4,
                                                                                                                    "Output": [
                                                                                                                        "mc.id",
                                                                                                                        "mc.movie_id",
                                                                                                                        "mc.company_id",
                                                                                                                        "mc.company_type_id",
                                                                                                                        "mc.note"
                                                                                                                    ],
                                                                                                                    "Workers": [
                                                                                                                        {
                                                                                                                            "Worker Number": 0,
                                                                                                                            "Actual Startup Time": 0.024,
                                                                                                                            "Actual Total Time": 81.052,
                                                                                                                            "Actual Rows": 535768,
                                                                                                                            "Actual Loops": 1
                                                                                                                        },
                                                                                                                        {
                                                                                                                            "Worker Number": 1,
                                                                                                                            "Actual Startup Time": 0.027,
                                                                                                                            "Actual Total Time": 113.682,
                                                                                                                            "Actual Rows": 1008688,
                                                                                                                            "Actual Loops": 1
                                                                                                                        },
                                                                                                                        {
                                                                                                                            "Worker Number": 2,
                                                                                                                            "Actual Startup Time": 0.029,
                                                                                                                            "Actual Total Time": 73.955,
                                                                                                                            "Actual Rows": 552188,
                                                                                                                            "Actual Loops": 1
                                                                                                                        }
                                                                                                                    ]
                                                                                                                },
                                                                                                                {
                                                                                                                    "Node Type": "Hash",
                                                                                                                    "Parent Relationship": "Inner",
                                                                                                                    "Parallel Aware": true,
                                                                                                                    "Startup Cost": 4722.92,
                                                                                                                    "Total Cost": 4722.92,
                                                                                                                    "Plan Rows": 4009,
                                                                                                                    "Plan Width": 4,
                                                                                                                    "Actual Startup Time": 11.834,
                                                                                                                    "Actual Total Time": 11.835,
                                                                                                                    "Actual Rows": 1688,
                                                                                                                    "Actual Loops": 4,
                                                                                                                    "Output": [
                                                                                                                        "cn.id"
                                                                                                                    ],
                                                                                                                    "Hash Buckets": 8192,
                                                                                                                    "Original Hash Buckets": 8192,
                                                                                                                    "Hash Batches": 1,
                                                                                                                    "Original Hash Batches": 1,
                                                                                                                    "Peak Memory Usage": 416,
                                                                                                                    "Workers": [
                                                                                                                        {
                                                                                                                            "Worker Number": 0,
                                                                                                                            "Actual Startup Time": 11.828,
                                                                                                                            "Actual Total Time": 11.83,
                                                                                                                            "Actual Rows": 1611,
                                                                                                                            "Actual Loops": 1
                                                                                                                        },
                                                                                                                        {
                                                                                                                            "Worker Number": 1,
                                                                                                                            "Actual Startup Time": 11.851,
                                                                                                                            "Actual Total Time": 11.852,
                                                                                                                            "Actual Rows": 1662,
                                                                                                                            "Actual Loops": 1
                                                                                                                        },
                                                                                                                        {
                                                                                                                            "Worker Number": 2,
                                                                                                                            "Actual Startup Time": 11.818,
                                                                                                                            "Actual Total Time": 11.82,
                                                                                                                            "Actual Rows": 1754,
                                                                                                                            "Actual Loops": 1
                                                                                                                        }
                                                                                                                    ],
                                                                                                                    "Plans": [
                                                                                                                        {
                                                                                                                            "Node Type": "Seq Scan",
                                                                                                                            "Parent Relationship": "Outer",
                                                                                                                            "Parallel Aware": true,
                                                                                                                            "Relation Name": "company_name",
                                                                                                                            "Schema": "public",
                                                                                                                            "Alias": "cn",
                                                                                                                            "Startup Cost": 0.0,
                                                                                                                            "Total Cost": 4722.92,
                                                                                                                            "Plan Rows": 4009,
                                                                                                                            "Plan Width": 4,
                                                                                                                            "Actual Startup Time": 0.026,
                                                                                                                            "Actual Total Time": 10.988,
                                                                                                                            "Actual Rows": 1688,
                                                                                                                            "Actual Loops": 4,
                                                                                                                            "Output": [
                                                                                                                                "cn.id"
                                                                                                                            ],
                                                                                                                            "Filter": "((cn.country_code)::text = '[jp]'::text)",
                                                                                                                            "Rows Removed by Filter": 57061,
                                                                                                                            "Workers": [
                                                                                                                                {
                                                                                                                                    "Worker Number": 0,
                                                                                                                                    "Actual Startup Time": 0.031,
                                                                                                                                    "Actual Total Time": 10.977,
                                                                                                                                    "Actual Rows": 1611,
                                                                                                                                    "Actual Loops": 1
                                                                                                                                },
                                                                                                                                {
                                                                                                                                    "Worker Number": 1,
                                                                                                                                    "Actual Startup Time": 0.026,
                                                                                                                                    "Actual Total Time": 11.015,
                                                                                                                                    "Actual Rows": 1662,
                                                                                                                                    "Actual Loops": 1
                                                                                                                                },
                                                                                                                                {
                                                                                                                                    "Worker Number": 2,
                                                                                                                                    "Actual Startup Time": 0.032,
                                                                                                                                    "Actual Total Time": 10.94,
                                                                                                                                    "Actual Rows": 1754,
                                                                                                                                    "Actual Loops": 1
                                                                                                                                }
                                                                                                                            ]
                                                                                                                        }
                                                                                                                    ]
                                                                                                                }
                                                                                                            ]
                                                                                                        },
                                                                                                        {
                                                                                                            "Node Type": "Hash",
                                                                                                            "Parent Relationship": "Inner",
                                                                                                            "Parallel Aware": true,
                                                                                                            "Startup Cost": 45504.33,
                                                                                                            "Total Cost": 45504.33,
                                                                                                            "Plan Rows": 11,
                                                                                                            "Plan Width": 4,
                                                                                                            "Actual Startup Time": 324.594,
                                                                                                            "Actual Total Time": 324.597,
                                                                                                            "Actual Rows": 10460,
                                                                                                            "Actual Loops": 4,
                                                                                                            "Output": [
                                                                                                                "mk.movie_id"
                                                                                                            ],
                                                                                                            "Hash Buckets": 65536,
                                                                                                            "Original Hash Buckets": 1024,
                                                                                                            "Hash Batches": 1,
                                                                                                            "Original Hash Batches": 1,
                                                                                                            "Peak Memory Usage": 2680,
                                                                                                            "Workers": [
                                                                                                                {
                                                                                                                    "Worker Number": 0,
                                                                                                                    "Actual Startup Time": 321.547,
                                                                                                                    "Actual Total Time": 321.55,
                                                                                                                    "Actual Rows": 9591,
                                                                                                                    "Actual Loops": 1
                                                                                                                },
                                                                                                                {
                                                                                                                    "Worker Number": 1,
                                                                                                                    "Actual Startup Time": 322.537,
                                                                                                                    "Actual Total Time": 322.541,
                                                                                                                    "Actual Rows": 10482,
                                                                                                                    "Actual Loops": 1
                                                                                                                },
                                                                                                                {
                                                                                                                    "Worker Number": 2,
                                                                                                                    "Actual Startup Time": 322.608,
                                                                                                                    "Actual Total Time": 322.611,
                                                                                                                    "Actual Rows": 11295,
                                                                                                                    "Actual Loops": 1
                                                                                                                }
                                                                                                            ],
                                                                                                            "Plans": [
                                                                                                                {
                                                                                                                    "Node Type": "Hash Join",
                                                                                                                    "Parent Relationship": "Outer",
                                                                                                                    "Parallel Aware": false,
                                                                                                                    "Join Type": "Inner",
                                                                                                                    "Startup Cost": 2626.14,
                                                                                                                    "Total Cost": 45504.33,
                                                                                                                    "Plan Rows": 11,
                                                                                                                    "Plan Width": 4,
                                                                                                                    "Actual Startup Time": 25.37,
                                                                                                                    "Actual Total Time": 274.726,
                                                                                                                    "Actual Rows": 10460,
                                                                                                                    "Actual Loops": 4,
                                                                                                                    "Output": [
                                                                                                                        "mk.movie_id"
                                                                                                                    ],
                                                                                                                    "Inner Unique": true,
                                                                                                                    "Hash Cond": "(mk.keyword_id = k.id)",
                                                                                                                    "Workers": [
                                                                                                                        {
                                                                                                                            "Worker Number": 0,
                                                                                                                            "Actual Startup Time": 23.923,
                                                                                                                            "Actual Total Time": 268.966,
                                                                                                                            "Actual Rows": 9591,
                                                                                                                            "Actual Loops": 1
                                                                                                                        },
                                                                                                                        {
                                                                                                                            "Worker Number": 1,
                                                                                                                            "Actual Startup Time": 25.169,
                                                                                                                            "Actual Total Time": 268.434,
                                                                                                                            "Actual Rows": 10482,
                                                                                                                            "Actual Loops": 1
                                                                                                                        },
                                                                                                                        {
                                                                                                                            "Worker Number": 2,
                                                                                                                            "Actual Startup Time": 25.306,
                                                                                                                            "Actual Total Time": 292.192,
                                                                                                                            "Actual Rows": 11295,
                                                                                                                            "Actual Loops": 1
                                                                                                                        }
                                                                                                                    ],
                                                                                                                    "Plans": [
                                                                                                                        {
                                                                                                                            "Node Type": "Seq Scan",
                                                                                                                            "Parent Relationship": "Outer",
                                                                                                                            "Parallel Aware": true,
                                                                                                                            "Relation Name": "movie_keyword",
                                                                                                                            "Schema": "public",
                                                                                                                            "Alias": "mk",
                                                                                                                            "Startup Cost": 0.0,
                                                                                                                            "Total Cost": 39047.32,
                                                                                                                            "Plan Rows": 1459332,
                                                                                                                            "Plan Width": 8,
                                                                                                                            "Actual Startup Time": 0.049,
                                                                                                                            "Actual Total Time": 132.847,
                                                                                                                            "Actual Rows": 1130982,
                                                                                                                            "Actual Loops": 4,
                                                                                                                            "Output": [
                                                                                                                                "mk.id",
                                                                                                                                "mk.movie_id",
                                                                                                                                "mk.keyword_id"
                                                                                                                            ],
                                                                                                                            "Workers": [
                                                                                                                                {
                                                                                                                                    "Worker Number": 0,
                                                                                                                                    "Actual Startup Time": 0.051,
                                                                                                                                    "Actual Total Time": 130.926,
                                                                                                                                    "Actual Rows": 1021140,
                                                                                                                                    "Actual Loops": 1
                                                                                                                                },
                                                                                                                                {
                                                                                                                                    "Worker Number": 1,
                                                                                                                                    "Actual Startup Time": 0.062,
                                                                                                                                    "Actual Total Time": 129.147,
                                                                                                                                    "Actual Rows": 1116845,
                                                                                                                                    "Actual Loops": 1
                                                                                                                                },
                                                                                                                                {
                                                                                                                                    "Worker Number": 2,
                                                                                                                                    "Actual Startup Time": 0.065,
                                                                                                                                    "Actual Total Time": 141.156,
                                                                                                                                    "Actual Rows": 1273355,
                                                                                                                                    "Actual Loops": 1
                                                                                                                                }
                                                                                                                            ]
                                                                                                                        },
                                                                                                                        {
                                                                                                                            "Node Type": "Hash",
                                                                                                                            "Parent Relationship": "Inner",
                                                                                                                            "Parallel Aware": false,
                                                                                                                            "Startup Cost": 2626.12,
                                                                                                                            "Total Cost": 2626.12,
                                                                                                                            "Plan Rows": 1,
                                                                                                                            "Plan Width": 4,
                                                                                                                            "Actual Startup Time": 25.237,
                                                                                                                            "Actual Total Time": 25.237,
                                                                                                                            "Actual Rows": 1,
                                                                                                                            "Actual Loops": 4,
                                                                                                                            "Output": [
                                                                                                                                "k.id"
                                                                                                                            ],
                                                                                                                            "Hash Buckets": 1024,
                                                                                                                            "Original Hash Buckets": 1024,
                                                                                                                            "Hash Batches": 1,
                                                                                                                            "Original Hash Batches": 1,
                                                                                                                            "Peak Memory Usage": 9,
                                                                                                                            "Workers": [
                                                                                                                                {
                                                                                                                                    "Worker Number": 0,
                                                                                                                                    "Actual Startup Time": 23.822,
                                                                                                                                    "Actual Total Time": 23.823,
                                                                                                                                    "Actual Rows": 1,
                                                                                                                                    "Actual Loops": 1
                                                                                                                                },
                                                                                                                                {
                                                                                                                                    "Worker Number": 1,
                                                                                                                                    "Actual Startup Time": 25.046,
                                                                                                                                    "Actual Total Time": 25.047,
                                                                                                                                    "Actual Rows": 1,
                                                                                                                                    "Actual Loops": 1
                                                                                                                                },
                                                                                                                                {
                                                                                                                                    "Worker Number": 2,
                                                                                                                                    "Actual Startup Time": 25.104,
                                                                                                                                    "Actual Total Time": 25.105,
                                                                                                                                    "Actual Rows": 1,
                                                                                                                                    "Actual Loops": 1
                                                                                                                                }
                                                                                                                            ],
                                                                                                                            "Plans": [
                                                                                                                                {
                                                                                                                                    "Node Type": "Seq Scan",
                                                                                                                                    "Parent Relationship": "Outer",
                                                                                                                                    "Parallel Aware": false,
                                                                                                                                    "Relation Name": "keyword",
                                                                                                                                    "Schema": "public",
                                                                                                                                    "Alias": "k",
                                                                                                                                    "Startup Cost": 0.0,
                                                                                                                                    "Total Cost": 2626.12,
                                                                                                                                    "Plan Rows": 1,
                                                                                                                                    "Plan Width": 4,
                                                                                                                                    "Actual Startup Time": 1.964,
                                                                                                                                    "Actual Total Time": 25.209,
                                                                                                                                    "Actual Rows": 1,
                                                                                                                                    "Actual Loops": 4,
                                                                                                                                    "Output": [
                                                                                                                                        "k.id"
                                                                                                                                    ],
                                                                                                                                    "Filter": "(k.keyword = 'character-name-in-title'::text)",
                                                                                                                                    "Rows Removed by Filter": 134169,
                                                                                                                                    "Workers": [
                                                                                                                                        {
                                                                                                                                            "Worker Number": 0,
                                                                                                                                            "Actual Startup Time": 1.695,
                                                                                                                                            "Actual Total Time": 23.8,
                                                                                                                                            "Actual Rows": 1,
                                                                                                                                            "Actual Loops": 1
                                                                                                                                        },
                                                                                                                                        {
                                                                                                                                            "Worker Number": 1,
                                                                                                                                            "Actual Startup Time": 2.092,
                                                                                                                                            "Actual Total Time": 25.019,
                                                                                                                                            "Actual Rows": 1,
                                                                                                                                            "Actual Loops": 1
                                                                                                                                        },
                                                                                                                                        {
                                                                                                                                            "Worker Number": 2,
                                                                                                                                            "Actual Startup Time": 2.119,
                                                                                                                                            "Actual Total Time": 25.076,
                                                                                                                                            "Actual Rows": 1,
                                                                                                                                            "Actual Loops": 1
                                                                                                                                        }
                                                                                                                                    ]
                                                                                                                                }
                                                                                                                            ]
                                                                                                                        }
                                                                                                                    ]
                                                                                                                }
                                                                                                            ]
                                                                                                        }
                                                                                                    ]
                                                                                                }
                                                                                            ]
                                                                                        }
                                                                                    ]
                                                                                }
                                                                            ]
                                                                        }
                                                                    ]
                                                                }
                                                            ]
                                                        }
                                                    ]
                                                }
                                            ]
                                        }
                                    ]
                                }
                            ]
                        }
                    ]
                }
            ]
        },
        "Planning Time": 1503.596,
        "Triggers": [],
        "Execution Time": 4059.422
    }
]