[
  {
    "Plan": {
      "Node Type": "Aggregate",
      "Strategy": "Plain",
      "Partial Mode": "Finalize",
      "Parallel Aware": false,
      "Startup Cost": 45159.26,
      "Total Cost": 45159.27,
      "Plan Rows": 1,
      "Plan Width": 8,
      "Actual Startup Time": 130.065,
      "Actual Total Time": 139.333,
      "Actual Rows": 1,
      "Actual Loops": 1,
      "Plans": [
        {
          "Node Type": "Gather",
          "Parent Relationship": "Outer",
          "Parallel Aware": false,
          "Startup Cost": 45158.94,
          "Total Cost": 45159.25,
          "Plan Rows": 3,
          "Plan Width": 8,
          "Actual Startup Time": 129.91,
          "Actual Total Time": 139.324,
          "Actual Rows": 4,
          "Actual Loops": 1,
          "Workers Planned": 3,
          "Workers Launched": 3,
          "Single Copy": false,
          "Plans": [
            {
              "Node Type": "Aggregate",
              "Strategy": "Plain",
              "Partial Mode": "Partial",
              "Parent Relationship": "Outer",
              "Parallel Aware": false,
              "Startup Cost": 44158.94,
              "Total Cost": 44158.95,
              "Plan Rows": 1,
              "Plan Width": 8,
              "Actual Startup Time": 124.333,
              "Actual Total Time": 124.334,
              "Actual Rows": 1,
              "Actual Loops": 4,
              "Plans": [
                {
                  "Node Type": "Seq Scan",
                  "Parent Relationship": "Outer",
                  "Parallel Aware": true,
                  "Relation Name": "movie_keyword",
                  "Alias": "mk",
                  "Startup Cost": 0.0,
                  "Total Cost": 42695.65,
                  "Plan Rows": 585316,
                  "Plan Width": 0,
                  "Actual Startup Time": 0.432,
                  "Actual Total Time": 104.452,
                  "Actual Rows": 450333,
                  "Actual Loops": 4,
                  "Filter": "(keyword_id > 7713)",
                  "Rows Removed by Filter": 680649
                }
              ]
            }
          ]
        }
      ]
    },
    "Planning Time": 0.153,
    "Triggers": [],
    "Execution Time": 139.385
  }
]