[
  {
    "Plan": {
      "Node Type": "Aggregate",
      "Strategy": "Plain",
      "Partial Mode": "Finalize",
      "Parallel Aware": false,
      "Startup Cost": 45140.47,
      "Total Cost": 45140.48,
      "Plan Rows": 1,
      "Plan Width": 8,
      "Actual Startup Time": 170.972,
      "Actual Total Time": 183.631,
      "Actual Rows": 1,
      "Actual Loops": 1,
      "Plans": [
        {
          "Node Type": "Gather",
          "Parent Relationship": "Outer",
          "Parallel Aware": false,
          "Startup Cost": 45140.15,
          "Total Cost": 45140.46,
          "Plan Rows": 3,
          "Plan Width": 8,
          "Actual Startup Time": 170.833,
          "Actual Total Time": 183.621,
          "Actual Rows": 4,
          "Actual Loops": 1,
          "Workers Planned": 3,
          "Workers Launched": 3,
          "Single Copy": false,
          "Plans": [
            {
              "Node Type": "Aggregate",
              "Strategy": "Plain",
              "Partial Mode": "Partial",
              "Parent Relationship": "Outer",
              "Parallel Aware": false,
              "Startup Cost": 44140.15,
              "Total Cost": 44140.16,
              "Plan Rows": 1,
              "Plan Width": 8,
              "Actual Startup Time": 164.208,
              "Actual Total Time": 164.209,
              "Actual Rows": 1,
              "Actual Loops": 4,
              "Plans": [
                {
                  "Node Type": "Seq Scan",
                  "Parent Relationship": "Outer",
                  "Parallel Aware": true,
                  "Relation Name": "movie_keyword",
                  "Alias": "mk",
                  "Startup Cost": 0.0,
                  "Total Cost": 42695.65,
                  "Plan Rows": 577798,
                  "Plan Width": 0,
                  "Actual Startup Time": 1.133,
                  "Actual Total Time": 136.616,
                  "Actual Rows": 450333,
                  "Actual Loops": 4,
                  "Filter": "(keyword_id > 7713)",
                  "Rows Removed by Filter": 680649
                }
              ]
            }
          ]
        }
      ]
    },
    "Planning Time": 0.186,
    "Triggers": [],
    "Execution Time": 183.687
  }
]