[
  {
    "Plan": {
      "Node Type": "Aggregate",
      "Strategy": "Plain",
      "Partial Mode": "Finalize",
      "Parallel Aware": false,
      "Startup Cost": 46276.21,
      "Total Cost": 46276.22,
      "Plan Rows": 1,
      "Plan Width": 8,
      "Actual Startup Time": 166.168,
      "Actual Total Time": 173.501,
      "Actual Rows": 1,
      "Actual Loops": 1,
      "Plans": [
        {
          "Node Type": "Gather",
          "Parent Relationship": "Outer",
          "Parallel Aware": false,
          "Startup Cost": 46275.89,
          "Total Cost": 46276.2,
          "Plan Rows": 3,
          "Plan Width": 8,
          "Actual Startup Time": 166.093,
          "Actual Total Time": 173.493,
          "Actual Rows": 4,
          "Actual Loops": 1,
          "Workers Planned": 3,
          "Workers Launched": 3,
          "Single Copy": false,
          "Plans": [
            {
              "Node Type": "Aggregate",
              "Strategy": "Plain",
              "Partial Mode": "Partial",
              "Parent Relationship": "Outer",
              "Parallel Aware": false,
              "Startup Cost": 45275.89,
              "Total Cost": 45275.9,
              "Plan Rows": 1,
              "Plan Width": 8,
              "Actual Startup Time": 161.118,
              "Actual Total Time": 161.119,
              "Actual Rows": 1,
              "Actual Loops": 4,
              "Plans": [
                {
                  "Node Type": "Seq Scan",
                  "Parent Relationship": "Outer",
                  "Parallel Aware": true,
                  "Relation Name": "movie_keyword",
                  "Alias": "mk",
                  "Startup Cost": 0.0,
                  "Total Cost": 42695.65,
                  "Plan Rows": 1032096,
                  "Plan Width": 0,
                  "Actual Startup Time": 0.119,
                  "Actual Total Time": 122.43,
                  "Actual Rows": 799369,
                  "Actual Loops": 4,
                  "Filter": "(keyword_id > 1732)",
                  "Rows Removed by Filter": 331614
                }
              ]
            }
          ]
        }
      ]
    },
    "Planning Time": 0.102,
    "Triggers": [],
    "Execution Time": 173.533
  }
]