[
  {
    "Plan": {
      "Node Type": "Aggregate",
      "Strategy": "Plain",
      "Partial Mode": "Finalize",
      "Parallel Aware": false,
      "Startup Cost": 105929.09,
      "Total Cost": 105929.1,
      "Plan Rows": 1,
      "Plan Width": 8,
      "Actual Startup Time": 642.332,
      "Actual Total Time": 687.294,
      "Actual Rows": 1,
      "Actual Loops": 1,
      "Plans": [
        {
          "Node Type": "Gather",
          "Parent Relationship": "Outer",
          "Parallel Aware": false,
          "Startup Cost": 105928.77,
          "Total Cost": 105929.08,
          "Plan Rows": 3,
          "Plan Width": 8,
          "Actual Startup Time": 634.488,
          "Actual Total Time": 687.281,
          "Actual Rows": 4,
          "Actual Loops": 1,
          "Workers Planned": 3,
          "Workers Launched": 3,
          "Single Copy": false,
          "Plans": [
            {
              "Node Type": "Aggregate",
              "Strategy": "Plain",
              "Partial Mode": "Partial",
              "Parent Relationship": "Outer",
              "Parallel Aware": false,
              "Startup Cost": 104928.77,
              "Total Cost": 104928.78,
              "Plan Rows": 1,
              "Plan Width": 8,
              "Actual Startup Time": 618.84,
              "Actual Total Time": 618.844,
              "Actual Rows": 1,
              "Actual Loops": 4,
              "Plans": [
                {
                  "Node Type": "Nested Loop",
                  "Parent Relationship": "Outer",
                  "Parallel Aware": false,
                  "Join Type": "Inner",
                  "Startup Cost": 51209.02,
                  "Total Cost": 104708.95,
                  "Plan Rows": 87927,
                  "Plan Width": 0,
                  "Actual Startup Time": 348.192,
                  "Actual Total Time": 605.473,
                  "Actual Rows": 272011,
                  "Actual Loops": 4,
                  "Inner Unique": false,
                  "Plans": [
                    {
                      "Node Type": "Hash Join",
                      "Parent Relationship": "Outer",
                      "Parallel Aware": true,
                      "Join Type": "Inner",
                      "Startup Cost": 51208.59,
                      "Total Cost": 76188.83,
                      "Plan Rows": 14975,
                      "Plan Width": 8,
                      "Actual Startup Time": 348.017,
                      "Actual Total Time": 379.347,
                      "Actual Rows": 9723,
                      "Actual Loops": 4,
                      "Inner Unique": true,
                      "Hash Cond": "(mk.movie_id = t.id)",
                      "Plans": [
                        {
                          "Node Type": "Bitmap Heap Scan",
                          "Parent Relationship": "Outer",
                          "Parallel Aware": true,
                          "Relation Name": "movie_keyword",
                          "Alias": "mk",
                          "Startup Cost": 988.2,
                          "Total Cost": 25929.14,
                          "Plan Rows": 14975,
                          "Plan Width": 4,
                          "Actual Startup Time": 5.8,
                          "Actual Total Time": 23.148,
                          "Actual Rows": 9723,
                          "Actual Loops": 4,
                          "Recheck Cond": "(keyword_id < 47)",
                          "Rows Removed by Index Recheck": 0,
                          "Exact Heap Blocks": 5454,
                          "Lossy Heap Blocks": 0,
                          "Plans": [
                            {
                              "Node Type": "Bitmap Index Scan",
                              "Parent Relationship": "Outer",
                              "Parallel Aware": false,
                              "Index Name": "keyword_id_movie_keyword",
                              "Startup Cost": 0.0,
                              "Total Cost": 976.6,
                              "Plan Rows": 46422,
                              "Plan Width": 0,
                              "Actual Startup Time": 3.647,
                              "Actual Total Time": 3.647,
                              "Actual Rows": 38892,
                              "Actual Loops": 1,
                              "Index Cond": "(keyword_id < 47)"
                            }
                          ]
                        },
                        {
                          "Node Type": "Hash",
                          "Parent Relationship": "Inner",
                          "Parallel Aware": true,
                          "Startup Cost": 42319.06,
                          "Total Cost": 42319.06,
                          "Plan Rows": 632106,
                          "Plan Width": 4,
                          "Actual Startup Time": 333.559,
                          "Actual Total Time": 333.56,
                          "Actual Rows": 632078,
                          "Actual Loops": 4,
                          "Hash Buckets": 4194304,
                          "Original Hash Buckets": 4194304,
                          "Hash Batches": 1,
                          "Original Hash Batches": 1,
                          "Peak Memory Usage": 131712,
                          "Plans": [
                            {
                              "Node Type": "Seq Scan",
                              "Parent Relationship": "Outer",
                              "Parallel Aware": true,
                              "Relation Name": "title",
                              "Alias": "t",
                              "Startup Cost": 0.0,
                              "Total Cost": 42319.06,
                              "Plan Rows": 632106,
                              "Plan Width": 4,
                              "Actual Startup Time": 0.053,
                              "Actual Total Time": 96.751,
                              "Actual Rows": 632078,
                              "Actual Loops": 4
                            }
                          ]
                        }
                      ]
                    },
                    {
                      "Node Type": "Index Only Scan",
                      "Parent Relationship": "Inner",
                      "Parallel Aware": false,
                      "Scan Direction": "Forward",
                      "Index Name": "movie_id_movie_info",
                      "Relation Name": "movie_info",
                      "Alias": "mi",
                      "Startup Cost": 0.43,
                      "Total Cost": 1.49,
                      "Plan Rows": 41,
                      "Plan Width": 4,
                      "Actual Startup Time": 0.006,
                      "Actual Total Time": 0.021,
                      "Actual Rows": 28,
                      "Actual Loops": 38892,
                      "Index Cond": "(movie_id = t.id)",
                      "Rows Removed by Index Recheck": 0,
                      "Heap Fetches": 1088045
                    }
                  ]
                }
              ]
            }
          ]
        }
      ]
    },
    "Planning Time": 0.707,
    "Triggers": [],
    "Execution Time": 687.365
  }
]