{
  "Plan": {
    "Node Type": "Aggregate",
    "Strategy": "Plain",
    "Partial Mode": "Finalize",
    "Parallel Aware": false,
    "Startup Cost": 522793.47,
    "Total Cost": 522793.48,
    "Plan Rows": 1,
    "Plan Width": 8,
    "Actual Startup Time": 2088.272,
    "Actual Total Time": 2139.727,
    "Actual Rows": 1,
    "Actual Loops": 1,
    "Plans": [
      {
        "Node Type": "Gather",
        "Parent Relationship": "Outer",
        "Parallel Aware": false,
        "Startup Cost": 522793.36,
        "Total Cost": 522793.47,
        "Plan Rows": 1,
        "Plan Width": 8,
        "Actual Startup Time": 2087.263,
        "Actual Total Time": 2139.71,
        "Actual Rows": 2,
        "Actual Loops": 1,
        "Workers Planned": 1,
        "Workers Launched": 1,
        "Single Copy": false,
        "Plans": [
          {
            "Node Type": "Aggregate",
            "Strategy": "Plain",
            "Partial Mode": "Partial",
            "Parent Relationship": "Outer",
            "Parallel Aware": false,
            "Startup Cost": 521793.36,
            "Total Cost": 521793.37,
            "Plan Rows": 1,
            "Plan Width": 8,
            "Actual Startup Time": 2081.288,
            "Actual Total Time": 2081.295,
            "Actual Rows": 1,
            "Actual Loops": 2,
            "Plans": [
              {
                "Node Type": "Hash Join",
                "Parent Relationship": "Outer",
                "Parallel Aware": true,
                "Join Type": "Inner",
                "Startup Cost": 207434.09,
                "Total Cost": 521403.38,
                "Plan Rows": 155991,
                "Plan Width": 0,
                "Actual Startup Time": 698.349,
                "Actual Total Time": 2071.567,
                "Actual Rows": 125024,
                "Actual Loops": 2,
                "Inner Unique": true,
                "Hash Cond": "(ci.movie_id = t.id)",
                "Plans": [
                  {
                    "Node Type": "Bitmap Heap Scan",
                    "Parent Relationship": "Outer",
                    "Parallel Aware": true,
                    "Relation Name": "cast_info",
                    "Alias": "ci",
                    "Startup Cost": 152129.98,
                    "Total Cost": 455463.48,
                    "Plan Rows": 4051720,
                    "Plan Width": 4,
                    "Actual Startup Time": 484.847,
                    "Actual Total Time": 1104.563,
                    "Actual Rows": 3368040,
                    "Actual Loops": 2,
                    "Recheck Cond": "(person_id > 2987694)",
                    "Rows Removed by Index Recheck": 0,
                    "Exact Heap Blocks": 46779,
                    "Lossy Heap Blocks": 0,
                    "Plans": [
                      {
                        "Node Type": "Bitmap Index Scan",
                        "Parent Relationship": "Outer",
                        "Parallel Aware": false,
                        "Index Name": "person_id_cast_info",
                        "Startup Cost": 0.0,
                        "Total Cost": 150407.99,
                        "Plan Rows": 6887924,
                        "Plan Width": 0,
                        "Actual Startup Time": 459.687,
                        "Actual Total Time": 459.688,
                        "Actual Rows": 6736080,
                        "Actual Loops": 1,
                        "Index Cond": "(person_id > 2987694)"
                      }
                    ]
                  },
                  {
                    "Node Type": "Hash",
                    "Parent Relationship": "Inner",
                    "Parallel Aware": true,
                    "Startup Cost": 54588.39,
                    "Total Cost": 54588.39,
                    "Plan Rows": 57258,
                    "Plan Width": 4,
                    "Actual Startup Time": 211.097,
                    "Actual Total Time": 211.099,
                    "Actual Rows": 47502,
                    "Actual Loops": 2,
                    "Hash Buckets": 131072,
                    "Original Hash Buckets": 131072,
                    "Hash Batches": 1,
                    "Original Hash Batches": 1,
                    "Peak Memory Usage": 4768,
                    "Plans": [
                      {
                        "Node Type": "Seq Scan",
                        "Parent Relationship": "Outer",
                        "Parallel Aware": true,
                        "Relation Name": "title",
                        "Alias": "t",
                        "Startup Cost": 0.0,
                        "Total Cost": 54588.39,
                        "Plan Rows": 57258,
                        "Plan Width": 4,
                        "Actual Startup Time": 0.058,
                        "Actual Total Time": 192.474,
                        "Actual Rows": 47502,
                        "Actual Loops": 2,
                        "Filter": "(production_year = 2005)",
                        "Rows Removed by Filter": 1216654
                      }
                    ]
                  }
                ]
              }
            ]
          }
        ]
      }
    ]
  },
  "Planning Time": 0.498,
  "Triggers": [],
  "Execution Time": 2139.845
}