{
  "Plan": {
    "Node Type": "Aggregate",
    "Strategy": "Plain",
    "Partial Mode": "Finalize",
    "Parallel Aware": false,
    "Startup Cost": 570173.76,
    "Total Cost": 570173.77,
    "Plan Rows": 1,
    "Plan Width": 8,
    "Actual Startup Time": 2740.412,
    "Actual Total Time": 2767.099,
    "Actual Rows": 1,
    "Actual Loops": 1,
    "Plans": [
      {
        "Node Type": "Gather",
        "Parent Relationship": "Outer",
        "Parallel Aware": false,
        "Startup Cost": 570173.65,
        "Total Cost": 570173.76,
        "Plan Rows": 1,
        "Plan Width": 8,
        "Actual Startup Time": 2736.523,
        "Actual Total Time": 2767.09,
        "Actual Rows": 2,
        "Actual Loops": 1,
        "Workers Planned": 1,
        "Workers Launched": 1,
        "Single Copy": false,
        "Plans": [
          {
            "Node Type": "Aggregate",
            "Strategy": "Plain",
            "Partial Mode": "Partial",
            "Parent Relationship": "Outer",
            "Parallel Aware": false,
            "Startup Cost": 569173.65,
            "Total Cost": 569173.66,
            "Plan Rows": 1,
            "Plan Width": 8,
            "Actual Startup Time": 2728.864,
            "Actual Total Time": 2728.869,
            "Actual Rows": 1,
            "Actual Loops": 2,
            "Plans": [
              {
                "Node Type": "Hash Join",
                "Parent Relationship": "Outer",
                "Parallel Aware": true,
                "Join Type": "Inner",
                "Startup Cost": 238456.17,
                "Total Cost": 565977.99,
                "Plan Rows": 1278265,
                "Plan Width": 0,
                "Actual Startup Time": 726.957,
                "Actual Total Time": 2641.785,
                "Actual Rows": 2053570,
                "Actual Loops": 2,
                "Inner Unique": true,
                "Hash Cond": "(ci.movie_id = t.id)",
                "Plans": [
                  {
                    "Node Type": "Bitmap Heap Scan",
                    "Parent Relationship": "Outer",
                    "Parallel Aware": true,
                    "Relation Name": "cast_info",
                    "Alias": "ci",
                    "Startup Cost": 172504.75,
                    "Total Cost": 494536.91,
                    "Plan Rows": 2091296,
                    "Plan Width": 4,
                    "Actual Startup Time": 290.289,
                    "Actual Total Time": 887.854,
                    "Actual Rows": 3895445,
                    "Actual Loops": 2,
                    "Recheck Cond": "(person_id > 2898559)",
                    "Rows Removed by Index Recheck": 0,
                    "Filter": "(role_id > 2)",
                    "Rows Removed by Filter": 0,
                    "Exact Heap Blocks": 49279,
                    "Lossy Heap Blocks": 0,
                    "Plans": [
                      {
                        "Node Type": "Bitmap Index Scan",
                        "Parent Relationship": "Outer",
                        "Parallel Aware": false,
                        "Index Name": "person_id_cast_info",
                        "Startup Cost": 0.0,
                        "Total Cost": 171615.95,
                        "Plan Rows": 7859118,
                        "Plan Width": 0,
                        "Actual Startup Time": 274.067,
                        "Actual Total Time": 274.068,
                        "Actual Rows": 7790890,
                        "Actual Loops": 1,
                        "Index Cond": "(person_id > 2898559)"
                      }
                    ]
                  },
                  {
                    "Node Type": "Hash",
                    "Parent Relationship": "Inner",
                    "Parallel Aware": true,
                    "Startup Cost": 54588.39,
                    "Total Cost": 54588.39,
                    "Plan Rows": 909042,
                    "Plan Width": 4,
                    "Actual Startup Time": 421.837,
                    "Actual Total Time": 421.838,
                    "Actual Rows": 775864,
                    "Actual Loops": 2,
                    "Hash Buckets": 2097152,
                    "Original Hash Buckets": 2097152,
                    "Hash Batches": 1,
                    "Original Hash Batches": 1,
                    "Peak Memory Usage": 77120,
                    "Plans": [
                      {
                        "Node Type": "Seq Scan",
                        "Parent Relationship": "Outer",
                        "Parallel Aware": true,
                        "Relation Name": "title",
                        "Alias": "t",
                        "Startup Cost": 0.0,
                        "Total Cost": 54588.39,
                        "Plan Rows": 909042,
                        "Plan Width": 4,
                        "Actual Startup Time": 0.038,
                        "Actual Total Time": 176.684,
                        "Actual Rows": 775864,
                        "Actual Loops": 2,
                        "Filter": "(production_year < 2007)",
                        "Rows Removed by Filter": 488292
                      }
                    ]
                  }
                ]
              }
            ]
          }
        ]
      }
    ]
  },
  "Planning Time": 0.719,
  "Triggers": [],
  "Execution Time": 2767.197
}