{
  "Plan": {
    "Node Type": "Aggregate",
    "Strategy": "Plain",
    "Partial Mode": "Finalize",
    "Parallel Aware": false,
    "Startup Cost": 264709.03,
    "Total Cost": 264709.04,
    "Plan Rows": 1,
    "Plan Width": 8,
    "Actual Startup Time": 1235.769,
    "Actual Total Time": 1252.833,
    "Actual Rows": 1,
    "Actual Loops": 1,
    "Plans": [
      {
        "Node Type": "Gather",
        "Parent Relationship": "Outer",
        "Parallel Aware": false,
        "Startup Cost": 264708.92,
        "Total Cost": 264709.03,
        "Plan Rows": 1,
        "Plan Width": 8,
        "Actual Startup Time": 1235.76,
        "Actual Total Time": 1252.826,
        "Actual Rows": 2,
        "Actual Loops": 1,
        "Workers Planned": 1,
        "Workers Launched": 1,
        "Single Copy": false,
        "Plans": [
          {
            "Node Type": "Aggregate",
            "Strategy": "Plain",
            "Partial Mode": "Partial",
            "Parent Relationship": "Outer",
            "Parallel Aware": false,
            "Startup Cost": 263708.92,
            "Total Cost": 263708.93,
            "Plan Rows": 1,
            "Plan Width": 8,
            "Actual Startup Time": 1225.086,
            "Actual Total Time": 1225.09,
            "Actual Rows": 1,
            "Actual Loops": 2,
            "Plans": [
              {
                "Node Type": "Merge Join",
                "Parent Relationship": "Outer",
                "Parallel Aware": false,
                "Join Type": "Inner",
                "Startup Cost": 257477.22,
                "Total Cost": 263515.73,
                "Plan Rows": 77273,
                "Plan Width": 0,
                "Actual Startup Time": 1062.413,
                "Actual Total Time": 1207.306,
                "Actual Rows": 429912,
                "Actual Loops": 2,
                "Inner Unique": false,
                "Merge Cond": "(mk.movie_id = t.id)",
                "Plans": [
                  {
                    "Node Type": "Sort",
                    "Parent Relationship": "Outer",
                    "Parallel Aware": false,
                    "Startup Cost": 137543.3,
                    "Total Cost": 139576.21,
                    "Plan Rows": 813165,
                    "Plan Width": 4,
                    "Actual Startup Time": 359.347,
                    "Actual Total Time": 387.029,
                    "Actual Rows": 693960,
                    "Actual Loops": 2,
                    "Sort Key": [
                      "mk.movie_id"
                    ],
                    "Sort Method": "quicksort",
                    "Sort Space Used": 57713,
                    "Sort Space Type": "Memory",
                    "Workers": [
                      {
                        "Worker Number": 0,
                        "Sort Method": "quicksort",
                        "Sort Space Used": 56499,
                        "Sort Space Type": "Memory"
                      }
                    ],
                    "Plans": [
                      {
                        "Node Type": "Seq Scan",
                        "Parent Relationship": "Outer",
                        "Parallel Aware": true,
                        "Relation Name": "movie_keyword",
                        "Alias": "mk",
                        "Startup Cost": 0.0,
                        "Total Cost": 57718.19,
                        "Plan Rows": 813165,
                        "Plan Width": 4,
                        "Actual Startup Time": 3.741,
                        "Actual Total Time": 204.513,
                        "Actual Rows": 693962,
                        "Actual Loops": 2,
                        "Filter": "(keyword_id > 12015)",
                        "Rows Removed by Filter": 1568003
                      }
                    ]
                  },
                  {
                    "Node Type": "Sort",
                    "Parent Relationship": "Inner",
                    "Parallel Aware": false,
                    "Startup Cost": 119933.79,
                    "Total Cost": 120534.44,
                    "Plan Rows": 240258,
                    "Plan Width": 8,
                    "Actual Startup Time": 702.696,
                    "Actual Total Time": 726.256,
                    "Actual Rows": 643212,
                    "Actual Loops": 2,
                    "Sort Key": [
                      "mi_idx.movie_id"
                    ],
                    "Sort Method": "quicksort",
                    "Sort Space Used": 25191,
                    "Sort Space Type": "Memory",
                    "Workers": [
                      {
                        "Worker Number": 0,
                        "Sort Method": "quicksort",
                        "Sort Space Used": 25191,
                        "Sort Space Type": "Memory"
                      }
                    ],
                    "Plans": [
                      {
                        "Node Type": "Hash Join",
                        "Parent Relationship": "Outer",
                        "Parallel Aware": false,
                        "Join Type": "Inner",
                        "Startup Cost": 73103.71,
                        "Total Cost": 98461.67,
                        "Plan Rows": 240258,
                        "Plan Width": 8,
                        "Actual Startup Time": 337.934,
                        "Actual Total Time": 638.506,
                        "Actual Rows": 275248,
                        "Actual Loops": 2,
                        "Inner Unique": true,
                        "Hash Cond": "(mi_idx.movie_id = t.id)",
                        "Plans": [
                          {
                            "Node Type": "Seq Scan",
                            "Parent Relationship": "Outer",
                            "Parallel Aware": false,
                            "Relation Name": "movie_info_idx",
                            "Alias": "mi_idx",
                            "Startup Cost": 0.0,
                            "Total Cost": 21735.35,
                            "Plan Rows": 1380035,
                            "Plan Width": 4,
                            "Actual Startup Time": 0.034,
                            "Actual Total Time": 96.31,
                            "Actual Rows": 1380035,
                            "Actual Loops": 2
                          },
                          {
                            "Node Type": "Hash",
                            "Parent Relationship": "Inner",
                            "Parallel Aware": false,
                            "Startup Cost": 67601.66,
                            "Total Cost": 67601.66,
                            "Plan Rows": 440164,
                            "Plan Width": 4,
                            "Actual Startup Time": 336.321,
                            "Actual Total Time": 336.322,
                            "Actual Rows": 451569,
                            "Actual Loops": 2,
                            "Hash Buckets": 524288,
                            "Original Hash Buckets": 524288,
                            "Hash Batches": 1,
                            "Original Hash Batches": 1,
                            "Peak Memory Usage": 19972,
                            "Plans": [
                              {
                                "Node Type": "Seq Scan",
                                "Parent Relationship": "Outer",
                                "Parallel Aware": false,
                                "Relation Name": "title",
                                "Alias": "t",
                                "Startup Cost": 0.0,
                                "Total Cost": 67601.66,
                                "Plan Rows": 440164,
                                "Plan Width": 4,
                                "Actual Startup Time": 0.022,
                                "Actual Total Time": 240.872,
                                "Actual Rows": 451569,
                                "Actual Loops": 2,
                                "Filter": "(production_year < 1976)",
                                "Rows Removed by Filter": 2076743
                              }
                            ]
                          }
                        ]
                      }
                    ]
                  }
                ]
              }
            ]
          }
        ]
      }
    ]
  },
  "Planning Time": 1.014,
  "Triggers": [],
  "Execution Time": 1260.606
}