[
  {
    "Plan": {
      "Node Type": "Aggregate",
      "Strategy": "Plain",
      "Partial Mode": "Finalize",
      "Parallel Aware": false,
      "Startup Cost": 31270.95,
      "Total Cost": 31270.96,
      "Plan Rows": 1,
      "Plan Width": 8,
      "Actual Startup Time": 95.509,
      "Actual Total Time": 103.71,
      "Actual Rows": 1,
      "Actual Loops": 1,
      "Plans": [
        {
          "Node Type": "Gather",
          "Parent Relationship": "Outer",
          "Parallel Aware": false,
          "Startup Cost": 31270.63,
          "Total Cost": 31270.94,
          "Plan Rows": 3,
          "Plan Width": 8,
          "Actual Startup Time": 95.343,
          "Actual Total Time": 103.702,
          "Actual Rows": 4,
          "Actual Loops": 1,
          "Workers Planned": 3,
          "Workers Launched": 3,
          "Single Copy": false,
          "Plans": [
            {
              "Node Type": "Aggregate",
              "Strategy": "Plain",
              "Partial Mode": "Partial",
              "Parent Relationship": "Outer",
              "Parallel Aware": false,
              "Startup Cost": 30270.63,
              "Total Cost": 30270.64,
              "Plan Rows": 1,
              "Plan Width": 8,
              "Actual Startup Time": 89.004,
              "Actual Total Time": 89.005,
              "Actual Rows": 1,
              "Actual Loops": 4,
              "Plans": [
                {
                  "Node Type": "Seq Scan",
                  "Parent Relationship": "Outer",
                  "Parallel Aware": true,
                  "Relation Name": "movie_companies",
                  "Alias": "mc",
                  "Startup Cost": 0.0,
                  "Total Cost": 29310.68,
                  "Plan Rows": 383981,
                  "Plan Width": 0,
                  "Actual Startup Time": 0.04,
                  "Actual Total Time": 73.727,
                  "Actual Rows": 299778,
                  "Actual Loops": 4,
                  "Filter": "(company_id < 10822)",
                  "Rows Removed by Filter": 352504
                }
              ]
            }
          ]
        }
      ]
    },
    "Planning Time": 0.059,
    "Triggers": [],
    "Execution Time": 103.734
  }
]