[
  {
    "Plan": {
      "Node Type": "Aggregate",
      "Strategy": "Plain",
      "Partial Mode": "Simple",
      "Parallel Aware": false,
      "Startup Cost": 17450.39,
      "Total Cost": 17450.4,
      "Plan Rows": 1,
      "Plan Width": 8,
      "Actual Startup Time": 10.412,
      "Actual Total Time": 10.414,
      "Actual Rows": 1,
      "Actual Loops": 1,
      "Plans": [
        {
          "Node Type": "Bitmap Heap Scan",
          "Parent Relationship": "Outer",
          "Parallel Aware": false,
          "Relation Name": "movie_companies",
          "Alias": "mc",
          "Startup Cost": 248.05,
          "Total Cost": 17422.12,
          "Plan Rows": 11306,
          "Plan Width": 0,
          "Actual Startup Time": 1.822,
          "Actual Total Time": 8.631,
          "Actual Rows": 10667,
          "Actual Loops": 1,
          "Recheck Cond": "(company_id = 11)",
          "Rows Removed by Index Recheck": 0,
          "Exact Heap Blocks": 1230,
          "Lossy Heap Blocks": 0,
          "Plans": [
            {
              "Node Type": "Bitmap Index Scan",
              "Parent Relationship": "Outer",
              "Parallel Aware": false,
              "Index Name": "company_id_movie_companies",
              "Startup Cost": 0.0,
              "Total Cost": 245.23,
              "Plan Rows": 11306,
              "Plan Width": 0,
              "Actual Startup Time": 1.448,
              "Actual Total Time": 1.449,
              "Actual Rows": 10667,
              "Actual Loops": 1,
              "Index Cond": "(company_id = 11)"
            }
          ]
        }
      ]
    },
    "Planning Time": 0.158,
    "Triggers": [],
    "Execution Time": 10.472
  }
]