[
  {
    "Plan": {
      "Node Type": "Aggregate",
      "Strategy": "Plain",
      "Partial Mode": "Simple",
      "Parallel Aware": false,
      "Startup Cost": 79042.82,
      "Total Cost": 79042.83,
      "Plan Rows": 1,
      "Plan Width": 96,
      "Actual Startup Time": 6013.534,
      "Actual Total Time": 6013.566,
      "Actual Rows": 1,
      "Actual Loops": 1,
      "Output": [
        "min(mi.info)",
        "min(miidx.info)",
        "min(t.title)"
      ],
      "Plans": [
        {
          "Node Type": "Hash Join",
          "Parent Relationship": "Outer",
          "Parallel Aware": false,
          "Join Type": "Inner",
          "Startup Cost": 6064.14,
          "Total Cost": 79042.63,
          "Plan Rows": 26,
          "Plan Width": 65,
          "Actual Startup Time": 2173.709,
          "Actual Total Time": 5989.323,
          "Actual Rows": 111101,
          "Actual Loops": 1,
          "Output": [
            "mi.info",
            "miidx.info",
            "t.title"
          ],
          "Inner Unique": true,
          "Hash Cond": "(mi.info_type_id = it2.id)",
          "Plans": [
            {
              "Node Type": "Nested Loop",
              "Parent Relationship": "Outer",
              "Parallel Aware": false,
              "Join Type": "Inner",
              "Startup Cost": 6061.72,
              "Total Cost": 79032.07,
              "Plan Rows": 2987,
              "Plan Width": 69,
              "Actual Startup Time": 2172.69,
              "Actual Total Time": 5919.417,
              "Actual Rows": 516327,
              "Actual Loops": 1,
              "Output": [
                "mi.info",
                "mi.info_type_id",
                "miidx.info",
                "t.title"
              ],
              "Inner Unique": false,
              "Plans": [
                {
                  "Node Type": "Hash Join",
                  "Parent Relationship": "Outer",
                  "Parallel Aware": false,
                  "Join Type": "Inner",
                  "Startup Cost": 6061.28,
                  "Total Cost": 78850.82,
                  "Plan Rows": 98,
                  "Plan Width": 34,
                  "Actual Startup Time": 2172.056,
                  "Actual Total Time": 4072.022,
                  "Actual Rows": 16470,
                  "Actual Loops": 1,
                  "Output": [
                    "mc.movie_id",
                    "miidx.info",
                    "miidx.movie_id",
                    "t.title",
                    "t.id"
                  ],
                  "Inner Unique": true,
                  "Hash Cond": "(t.kind_id = kt.id)",
                  "Plans": [
                    {
                      "Node Type": "Nested Loop",
                      "Parent Relationship": "Outer",
                      "Parallel Aware": false,
                      "Join Type": "Inner",
                      "Startup Cost": 6060.18,
                      "Total Cost": 78846.83,
                      "Plan Rows": 686,
                      "Plan Width": 38,
                      "Actual Startup Time": 1456.202,
                      "Actual Total Time": 4056.182,
                      "Actual Rows": 31510,
                      "Actual Loops": 1,
                      "Output": [
                        "mc.movie_id",
                        "miidx.info",
                        "miidx.movie_id",
                        "t.title",
                        "t.id",
                        "t.kind_id"
                      ],
                      "Inner Unique": true,
                      "Plans": [
                        {
                          "Node Type": "Hash Join",
                          "Parent Relationship": "Outer",
                          "Parallel Aware": false,
                          "Join Type": "Inner",
                          "Startup Cost": 6059.75,
                          "Total Cost": 78492.52,
                          "Plan Rows": 686,
                          "Plan Width": 13,
                          "Actual Startup Time": 1455.608,
                          "Actual Total Time": 3070.8,
                          "Actual Rows": 31510,
                          "Actual Loops": 1,
                          "Output": [
                            "mc.movie_id",
                            "miidx.info",
                            "miidx.movie_id"
                          ],
                          "Inner Unique": true,
                          "Hash Cond": "(miidx.info_type_id = it.id)",
                          "Plans": [
                            {
                              "Node Type": "Nested Loop",
                              "Parent Relationship": "Outer",
                              "Parallel Aware": false,
                              "Join Type": "Inner",
                              "Startup Cost": 6057.33,
                              "Total Cost": 78279.02,
                              "Plan Rows": 77500,
                              "Plan Width": 17,
                              "Actual Startup Time": 1455.515,
                              "Actual Total Time": 3050.602,
                              "Actual Rows": 94568,
                              "Actual Loops": 1,
                              "Output": [
                                "mc.movie_id",
                                "miidx.info",
                                "miidx.movie_id",
                                "miidx.info_type_id"
                              ],
                              "Inner Unique": false,
                              "Plans": [
                                {
                                  "Node Type": "Hash Join",
                                  "Parent Relationship": "Outer",
                                  "Parallel Aware": false,
                                  "Join Type": "Inner",
                                  "Startup Cost": 6056.9,
                                  "Total Cost": 63711.71,
                                  "Plan Rows": 27396,
                                  "Plan Width": 4,
                                  "Actual Startup Time": 1454.002,
                                  "Actual Total Time": 2326.699,
                                  "Actual Rows": 71294,
                                  "Actual Loops": 1,
                                  "Output": [
                                    "mc.movie_id"
                                  ],
                                  "Inner Unique": true,
                                  "Hash Cond": "(mc.company_type_id = ct.id)",
                                  "Plans": [
                                    {
                                      "Node Type": "Hash Join",
                                      "Parent Relationship": "Outer",
                                      "Parallel Aware": false,
                                      "Join Type": "Inner",
                                      "Startup Cost": 6055.84,
                                      "Total Cost": 57786.21,
                                      "Plan Rows": 1095850,
                                      "Plan Width": 8,
                                      "Actual Startup Time": 169.006,
                                      "Actual Total Time": 2293.871,
                                      "Actual Rows": 148132,
                                      "Actual Loops": 1,
                                      "Output": [
                                        "mc.movie_id",
                                        "mc.company_type_id"
                                      ],
                                      "Inner Unique": true,
                                      "Hash Cond": "(mc.company_id = cn.id)",
                                      "Plans": [
                                        {
                                          "Node Type": "Seq Scan",
                                          "Parent Relationship": "Outer",
                                          "Parallel Aware": false,
                                          "Relation Name": "movie_companies",
                                          "Schema": "public",
                                          "Alias": "mc",
                                          "Startup Cost": 0.0,
                                          "Total Cost": 44881.29,
                                          "Plan Rows": 2609129,
                                          "Plan Width": 12,
                                          "Actual Startup Time": 0.031,
                                          "Actual Total Time": 1636.489,
                                          "Actual Rows": 2609129,
                                          "Actual Loops": 1,
                                          "Output": [
                                            "mc.id",
                                            "mc.movie_id",
                                            "mc.company_id",
                                            "mc.company_type_id",
                                            "mc.note"
                                          ]
                                        },
                                        {
                                          "Node Type": "Hash",
                                          "Parent Relationship": "Inner",
                                          "Parallel Aware": false,
                                          "Startup Cost": 5932.46,
                                          "Total Cost": 5932.46,
                                          "Plan Rows": 9870,
                                          "Plan Width": 4,
                                          "Actual Startup Time": 167.599,
                                          "Actual Total Time": 167.603,
                                          "Actual Rows": 9775,
                                          "Actual Loops": 1,
                                          "Output": [
                                            "cn.id"
                                          ],
                                          "Hash Buckets": 16384,
                                          "Original Hash Buckets": 16384,
                                          "Hash Batches": 1,
                                          "Original Hash Batches": 1,
                                          "Peak Memory Usage": 472,
                                          "Plans": [
                                            {
                                              "Node Type": "Seq Scan",
                                              "Parent Relationship": "Outer",
                                              "Parallel Aware": false,
                                              "Relation Name": "company_name",
                                              "Schema": "public",
                                              "Alias": "cn",
                                              "Startup Cost": 0.0,
                                              "Total Cost": 5932.46,
                                              "Plan Rows": 9870,
                                              "Plan Width": 4,
                                              "Actual Startup Time": 0.215,
                                              "Actual Total Time": 160.458,
                                              "Actual Rows": 9775,
                                              "Actual Loops": 1,
                                              "Output": [
                                                "cn.id"
                                              ],
                                              "Filter": "((cn.country_code)::text = '[de]'::text)",
                                              "Rows Removed by Filter": 225222
                                            }
                                          ]
                                        }
                                      ]
                                    },
                                    {
                                      "Node Type": "Hash",
                                      "Parent Relationship": "Inner",
                                      "Parallel Aware": false,
                                      "Startup Cost": 1.05,
                                      "Total Cost": 1.05,
                                      "Plan Rows": 1,
                                      "Plan Width": 4,
                                      "Actual Startup Time": 0.035,
                                      "Actual Total Time": 0.035,
                                      "Actual Rows": 1,
                                      "Actual Loops": 1,
                                      "Output": [
                                        "ct.id"
                                      ],
                                      "Hash Buckets": 1024,
                                      "Original Hash Buckets": 1024,
                                      "Hash Batches": 1,
                                      "Original Hash Batches": 1,
                                      "Peak Memory Usage": 9,
                                      "Plans": [
                                        {
                                          "Node Type": "Seq Scan",
                                          "Parent Relationship": "Outer",
                                          "Parallel Aware": false,
                                          "Relation Name": "company_type",
                                          "Schema": "public",
                                          "Alias": "ct",
                                          "Startup Cost": 0.0,
                                          "Total Cost": 1.05,
                                          "Plan Rows": 1,
                                          "Plan Width": 4,
                                          "Actual Startup Time": 0.018,
                                          "Actual Total Time": 0.02,
                                          "Actual Rows": 1,
                                          "Actual Loops": 1,
                                          "Output": [
                                            "ct.id"
                                          ],
                                          "Filter": "((ct.kind)::text = 'production companies'::text)",
                                          "Rows Removed by Filter": 3
                                        }
                                      ]
                                    }
                                  ]
                                },
                                {
                                  "Node Type": "Index Scan",
                                  "Parent Relationship": "Inner",
                                  "Parallel Aware": false,
                                  "Scan Direction": "Forward",
                                  "Index Name": "movie_id_movie_info_idx",
                                  "Relation Name": "movie_info_idx",
                                  "Schema": "public",
                                  "Alias": "miidx",
                                  "Startup Cost": 0.43,
                                  "Total Cost": 0.5,
                                  "Plan Rows": 3,
                                  "Plan Width": 13,
                                  "Actual Startup Time": 0.009,
                                  "Actual Total Time": 0.009,
                                  "Actual Rows": 1,
                                  "Actual Loops": 71294,
                                  "Output": [
                                    "miidx.id",
                                    "miidx.movie_id",
                                    "miidx.info_type_id",
                                    "miidx.info",
                                    "miidx.note"
                                  ],
                                  "Index Cond": "(miidx.movie_id = mc.movie_id)",
                                  "Rows Removed by Index Recheck": 0
                                }
                              ]
                            },
                            {
                              "Node Type": "Hash",
                              "Parent Relationship": "Inner",
                              "Parallel Aware": false,
                              "Startup Cost": 2.41,
                              "Total Cost": 2.41,
                              "Plan Rows": 1,
                              "Plan Width": 4,
                              "Actual Startup Time": 0.042,
                              "Actual Total Time": 0.042,
                              "Actual Rows": 1,
                              "Actual Loops": 1,
                              "Output": [
                                "it.id"
                              ],
                              "Hash Buckets": 1024,
                              "Original Hash Buckets": 1024,
                              "Hash Batches": 1,
                              "Original Hash Batches": 1,
                              "Peak Memory Usage": 9,
                              "Plans": [
                                {
                                  "Node Type": "Seq Scan",
                                  "Parent Relationship": "Outer",
                                  "Parallel Aware": false,
                                  "Relation Name": "info_type",
                                  "Schema": "public",
                                  "Alias": "it",
                                  "Startup Cost": 0.0,
                                  "Total Cost": 2.41,
                                  "Plan Rows": 1,
                                  "Plan Width": 4,
                                  "Actual Startup Time": 0.02,
                                  "Actual Total Time": 0.024,
                                  "Actual Rows": 1,
                                  "Actual Loops": 1,
                                  "Output": [
                                    "it.id"
                                  ],
                                  "Filter": "((it.info)::text = 'rating'::text)",
                                  "Rows Removed by Filter": 112
                                }
                              ]
                            }
                          ]
                        },
                        {
                          "Node Type": "Index Scan",
                          "Parent Relationship": "Inner",
                          "Parallel Aware": false,
                          "Scan Direction": "Forward",
                          "Index Name": "title_pkey",
                          "Relation Name": "title",
                          "Schema": "public",
                          "Alias": "t",
                          "Startup Cost": 0.43,
                          "Total Cost": 0.52,
                          "Plan Rows": 1,
                          "Plan Width": 25,
                          "Actual Startup Time": 0.03,
                          "Actual Total Time": 0.03,
                          "Actual Rows": 1,
                          "Actual Loops": 31510,
                          "Output": [
                            "t.id",
                            "t.title",
                            "t.imdb_index",
                            "t.kind_id",
                            "t.production_year",
                            "t.imdb_id",
                            "t.phonetic_code",
                            "t.episode_of_id",
                            "t.season_nr",
                            "t.episode_nr",
                            "t.series_years",
                            "t.md5sum"
                          ],
                          "Index Cond": "(t.id = mc.movie_id)",
                          "Rows Removed by Index Recheck": 0
                        }
                      ]
                    },
                    {
                      "Node Type": "Hash",
                      "Parent Relationship": "Inner",
                      "Parallel Aware": false,
                      "Startup Cost": 1.09,
                      "Total Cost": 1.09,
                      "Plan Rows": 1,
                      "Plan Width": 4,
                      "Actual Startup Time": 0.013,
                      "Actual Total Time": 0.013,
                      "Actual Rows": 1,
                      "Actual Loops": 1,
                      "Output": [
                        "kt.id"
                      ],
                      "Hash Buckets": 1024,
                      "Original Hash Buckets": 1024,
                      "Hash Batches": 1,
                      "Original Hash Batches": 1,
                      "Peak Memory Usage": 9,
                      "Plans": [
                        {
                          "Node Type": "Seq Scan",
                          "Parent Relationship": "Outer",
                          "Parallel Aware": false,
                          "Relation Name": "kind_type",
                          "Schema": "public",
                          "Alias": "kt",
                          "Startup Cost": 0.0,
                          "Total Cost": 1.09,
                          "Plan Rows": 1,
                          "Plan Width": 4,
                          "Actual Startup Time": 0.01,
                          "Actual Total Time": 0.011,
                          "Actual Rows": 1,
                          "Actual Loops": 1,
                          "Output": [
                            "kt.id"
                          ],
                          "Filter": "((kt.kind)::text = 'movie'::text)",
                          "Rows Removed by Filter": 6
                        }
                      ]
                    }
                  ]
                },
                {
                  "Node Type": "Index Scan",
                  "Parent Relationship": "Inner",
                  "Parallel Aware": false,
                  "Scan Direction": "Forward",
                  "Index Name": "movie_id_movie_info",
                  "Relation Name": "movie_info",
                  "Schema": "public",
                  "Alias": "mi",
                  "Startup Cost": 0.43,
                  "Total Cost": 1.46,
                  "Plan Rows": 39,
                  "Plan Width": 51,
                  "Actual Startup Time": 0.023,
                  "Actual Total Time": 0.107,
                  "Actual Rows": 31,
                  "Actual Loops": 16470,
                  "Output": [
                    "mi.id",
                    "mi.movie_id",
                    "mi.info_type_id",
                    "mi.info",
                    "mi.note"
                  ],
                  "Index Cond": "(mi.movie_id = t.id)",
                  "Rows Removed by Index Recheck": 0
                }
              ]
            },
            {
              "Node Type": "Hash",
              "Parent Relationship": "Inner",
              "Parallel Aware": false,
              "Startup Cost": 2.41,
              "Total Cost": 2.41,
              "Plan Rows": 1,
              "Plan Width": 4,
              "Actual Startup Time": 0.134,
              "Actual Total Time": 0.135,
              "Actual Rows": 1,
              "Actual Loops": 1,
              "Output": [
                "it2.id"
              ],
              "Hash Buckets": 1024,
              "Original Hash Buckets": 1024,
              "Hash Batches": 1,
              "Original Hash Batches": 1,
              "Peak Memory Usage": 9,
              "Plans": [
                {
                  "Node Type": "Seq Scan",
                  "Parent Relationship": "Outer",
                  "Parallel Aware": false,
                  "Relation Name": "info_type",
                  "Schema": "public",
                  "Alias": "it2",
                  "Startup Cost": 0.0,
                  "Total Cost": 2.41,
                  "Plan Rows": 1,
                  "Plan Width": 4,
                  "Actual Startup Time": 0.094,
                  "Actual Total Time": 0.105,
                  "Actual Rows": 1,
                  "Actual Loops": 1,
                  "Output": [
                    "it2.id"
                  ],
                  "Filter": "((it2.info)::text = 'release dates'::text)",
                  "Rows Removed by Filter": 112
                }
              ]
            }
          ]
        }
      ]
    },
    "Planning Time": 2114.545,
    "Triggers": [],
    "Execution Time": 6015.632
  }
]