[
  {
    "Plan": {
      "Node Type": "Aggregate",
      "Strategy": "Plain",
      "Partial Mode": "Finalize",
      "Parallel Aware": false,
      "Startup Cost": 46583.0,
      "Total Cost": 46583.01,
      "Plan Rows": 1,
      "Plan Width": 8,
      "Actual Startup Time": 174.647,
      "Actual Total Time": 184.551,
      "Actual Rows": 1,
      "Actual Loops": 1,
      "Plans": [
        {
          "Node Type": "Gather",
          "Parent Relationship": "Outer",
          "Parallel Aware": false,
          "Startup Cost": 46582.68,
          "Total Cost": 46582.99,
          "Plan Rows": 3,
          "Plan Width": 8,
          "Actual Startup Time": 174.515,
          "Actual Total Time": 184.541,
          "Actual Rows": 4,
          "Actual Loops": 1,
          "Workers Planned": 3,
          "Workers Launched": 3,
          "Single Copy": false,
          "Plans": [
            {
              "Node Type": "Aggregate",
              "Strategy": "Plain",
              "Partial Mode": "Partial",
              "Parent Relationship": "Outer",
              "Parallel Aware": false,
              "Startup Cost": 45582.68,
              "Total Cost": 45582.69,
              "Plan Rows": 1,
              "Plan Width": 8,
              "Actual Startup Time": 169.278,
              "Actual Total Time": 169.279,
              "Actual Rows": 1,
              "Actual Loops": 4,
              "Plans": [
                {
                  "Node Type": "Seq Scan",
                  "Parent Relationship": "Outer",
                  "Parallel Aware": true,
                  "Relation Name": "movie_keyword",
                  "Alias": "mk",
                  "Startup Cost": 0.0,
                  "Total Cost": 42695.65,
                  "Plan Rows": 1154811,
                  "Plan Width": 0,
                  "Actual Startup Time": 0.041,
                  "Actual Total Time": 126.115,
                  "Actual Rows": 895594,
                  "Actual Loops": 4,
                  "Filter": "(keyword_id < 20147)",
                  "Rows Removed by Filter": 235388
                }
              ]
            }
          ]
        }
      ]
    },
    "Planning Time": 0.096,
    "Triggers": [],
    "Execution Time": 184.582
  }
]