[
  {
    "Plan": {
      "Node Type": "Aggregate",
      "Strategy": "Plain",
      "Partial Mode": "Finalize",
      "Parallel Aware": false,
      "Startup Cost": 46586.46,
      "Total Cost": 46586.47,
      "Plan Rows": 1,
      "Plan Width": 8,
      "Actual Startup Time": 170.495,
      "Actual Total Time": 180.843,
      "Actual Rows": 1,
      "Actual Loops": 1,
      "Plans": [
        {
          "Node Type": "Gather",
          "Parent Relationship": "Outer",
          "Parallel Aware": false,
          "Startup Cost": 46586.15,
          "Total Cost": 46586.46,
          "Plan Rows": 3,
          "Plan Width": 8,
          "Actual Startup Time": 170.37,
          "Actual Total Time": 180.833,
          "Actual Rows": 4,
          "Actual Loops": 1,
          "Workers Planned": 3,
          "Workers Launched": 3,
          "Single Copy": false,
          "Plans": [
            {
              "Node Type": "Aggregate",
              "Strategy": "Plain",
              "Partial Mode": "Partial",
              "Parent Relationship": "Outer",
              "Parallel Aware": false,
              "Startup Cost": 45586.15,
              "Total Cost": 45586.16,
              "Plan Rows": 1,
              "Plan Width": 8,
              "Actual Startup Time": 161.761,
              "Actual Total Time": 161.762,
              "Actual Rows": 1,
              "Actual Loops": 4,
              "Plans": [
                {
                  "Node Type": "Seq Scan",
                  "Parent Relationship": "Outer",
                  "Parallel Aware": true,
                  "Relation Name": "movie_keyword",
                  "Alias": "mk",
                  "Startup Cost": 0.0,
                  "Total Cost": 42695.65,
                  "Plan Rows": 1156197,
                  "Plan Width": 0,
                  "Actual Startup Time": 0.061,
                  "Actual Total Time": 122.287,
                  "Actual Rows": 895594,
                  "Actual Loops": 4,
                  "Filter": "(keyword_id < 20147)",
                  "Rows Removed by Filter": 235388
                }
              ]
            }
          ]
        }
      ]
    },
    "Planning Time": 0.158,
    "Triggers": [],
    "Execution Time": 180.895
  }
]