[
  {
    "Plan": {
      "Node Type": "Aggregate",
      "Strategy": "Plain",
      "Partial Mode": "Finalize",
      "Parallel Aware": false,
      "Startup Cost": 46314.31,
      "Total Cost": 46314.32,
      "Plan Rows": 1,
      "Plan Width": 8,
      "Actual Startup Time": 192.272,
      "Actual Total Time": 203.573,
      "Actual Rows": 1,
      "Actual Loops": 1,
      "Plans": [
        {
          "Node Type": "Gather",
          "Parent Relationship": "Outer",
          "Parallel Aware": false,
          "Startup Cost": 46313.99,
          "Total Cost": 46314.3,
          "Plan Rows": 3,
          "Plan Width": 8,
          "Actual Startup Time": 192.16,
          "Actual Total Time": 203.563,
          "Actual Rows": 4,
          "Actual Loops": 1,
          "Workers Planned": 3,
          "Workers Launched": 3,
          "Single Copy": false,
          "Plans": [
            {
              "Node Type": "Aggregate",
              "Strategy": "Plain",
              "Partial Mode": "Partial",
              "Parent Relationship": "Outer",
              "Parallel Aware": false,
              "Startup Cost": 45313.99,
              "Total Cost": 45314.0,
              "Plan Rows": 1,
              "Plan Width": 8,
              "Actual Startup Time": 184.458,
              "Actual Total Time": 184.459,
              "Actual Rows": 1,
              "Actual Loops": 4,
              "Plans": [
                {
                  "Node Type": "Seq Scan",
                  "Parent Relationship": "Outer",
                  "Parallel Aware": true,
                  "Relation Name": "movie_keyword",
                  "Alias": "mk",
                  "Startup Cost": 0.0,
                  "Total Cost": 42695.65,
                  "Plan Rows": 1047334,
                  "Plan Width": 0,
                  "Actual Startup Time": 0.055,
                  "Actual Total Time": 140.243,
                  "Actual Rows": 812197,
                  "Actual Loops": 4,
                  "Filter": "(keyword_id < 13936)",
                  "Rows Removed by Filter": 318785
                }
              ]
            }
          ]
        }
      ]
    },
    "Planning Time": 0.144,
    "Triggers": [],
    "Execution Time": 203.624
  }
]