{
  "Plan": {
    "Node Type": "Aggregate",
    "Strategy": "Plain",
    "Partial Mode": "Finalize",
    "Parallel Aware": false,
    "Startup Cost": 619843.81,
    "Total Cost": 619843.82,
    "Plan Rows": 1,
    "Plan Width": 8,
    "Actual Startup Time": 3409.307,
    "Actual Total Time": 3474.329,
    "Actual Rows": 1,
    "Actual Loops": 1,
    "Plans": [
      {
        "Node Type": "Gather",
        "Parent Relationship": "Outer",
        "Parallel Aware": false,
        "Startup Cost": 619843.7,
        "Total Cost": 619843.81,
        "Plan Rows": 1,
        "Plan Width": 8,
        "Actual Startup Time": 3408.991,
        "Actual Total Time": 3474.317,
        "Actual Rows": 2,
        "Actual Loops": 1,
        "Workers Planned": 1,
        "Workers Launched": 1,
        "Single Copy": false,
        "Plans": [
          {
            "Node Type": "Aggregate",
            "Strategy": "Plain",
            "Partial Mode": "Partial",
            "Parent Relationship": "Outer",
            "Parallel Aware": false,
            "Startup Cost": 618843.7,
            "Total Cost": 618843.71,
            "Plan Rows": 1,
            "Plan Width": 8,
            "Actual Startup Time": 3403.114,
            "Actual Total Time": 3403.118,
            "Actual Rows": 1,
            "Actual Loops": 2,
            "Plans": [
              {
                "Node Type": "Hash Join",
                "Parent Relationship": "Outer",
                "Parallel Aware": true,
                "Join Type": "Inner",
                "Startup Cost": 56245.45,
                "Total Cost": 618509.62,
                "Plan Rows": 133630,
                "Plan Width": 0,
                "Actual Startup Time": 157.171,
                "Actual Total Time": 3393.142,
                "Actual Rows": 161000,
                "Actual Loops": 2,
                "Inner Unique": true,
                "Hash Cond": "(ci.movie_id = t.id)",
                "Plans": [
                  {
                    "Node Type": "Seq Scan",
                    "Parent Relationship": "Outer",
                    "Parallel Aware": true,
                    "Relation Name": "cast_info",
                    "Alias": "ci",
                    "Startup Cost": 0.0,
                    "Total Cost": 519069.44,
                    "Plan Rows": 16455106,
                    "Plan Width": 4,
                    "Actual Startup Time": 0.024,
                    "Actual Total Time": 1834.99,
                    "Actual Rows": 14039638,
                    "Actual Loops": 2,
                    "Filter": "(person_id < 2865202)",
                    "Rows Removed by Filter": 4082534
                  },
                  {
                    "Node Type": "Hash",
                    "Parent Relationship": "Inner",
                    "Parallel Aware": true,
                    "Startup Cost": 56094.48,
                    "Total Cost": 56094.48,
                    "Plan Rows": 12078,
                    "Plan Width": 4,
                    "Actual Startup Time": 156.411,
                    "Actual Total Time": 156.413,
                    "Actual Rows": 12166,
                    "Actual Loops": 2,
                    "Hash Buckets": 32768,
                    "Original Hash Buckets": 32768,
                    "Hash Batches": 1,
                    "Original Hash Batches": 1,
                    "Peak Memory Usage": 1216,
                    "Plans": [
                      {
                        "Node Type": "Bitmap Heap Scan",
                        "Parent Relationship": "Outer",
                        "Parallel Aware": true,
                        "Relation Name": "title",
                        "Alias": "t",
                        "Startup Cost": 13444.09,
                        "Total Cost": 56094.48,
                        "Plan Rows": 12078,
                        "Plan Width": 4,
                        "Actual Startup Time": 47.166,
                        "Actual Total Time": 152.241,
                        "Actual Rows": 12166,
                        "Actual Loops": 2,
                        "Recheck Cond": "(kind_id < 3)",
                        "Rows Removed by Index Recheck": 0,
                        "Filter": "(production_year > 2012)",
                        "Rows Removed by Filter": 364673,
                        "Exact Heap Blocks": 27976,
                        "Lossy Heap Blocks": 0,
                        "Plans": [
                          {
                            "Node Type": "Bitmap Index Scan",
                            "Parent Relationship": "Outer",
                            "Parallel Aware": false,
                            "Index Name": "kind_id_title",
                            "Startup Cost": 0.0,
                            "Total Cost": 13438.96,
                            "Plan Rows": 753937,
                            "Plan Width": 0,
                            "Actual Startup Time": 46.085,
                            "Actual Total Time": 46.086,
                            "Actual Rows": 753677,
                            "Actual Loops": 1,
                            "Index Cond": "(kind_id < 3)"
                          }
                        ]
                      }
                    ]
                  }
                ]
              }
            ]
          }
        ]
      }
    ]
  },
  "Planning Time": 0.493,
  "Triggers": [],
  "Execution Time": 3474.433
}