{
  "Plan": {
    "Node Type": "Aggregate",
    "Strategy": "Plain",
    "Partial Mode": "Finalize",
    "Parallel Aware": false,
    "Startup Cost": 604450.22,
    "Total Cost": 604450.23,
    "Plan Rows": 1,
    "Plan Width": 8,
    "Actual Startup Time": 3596.242,
    "Actual Total Time": 3630.597,
    "Actual Rows": 1,
    "Actual Loops": 1,
    "Plans": [
      {
        "Node Type": "Gather",
        "Parent Relationship": "Outer",
        "Parallel Aware": false,
        "Startup Cost": 604450.11,
        "Total Cost": 604450.22,
        "Plan Rows": 1,
        "Plan Width": 8,
        "Actual Startup Time": 3589.198,
        "Actual Total Time": 3630.587,
        "Actual Rows": 2,
        "Actual Loops": 1,
        "Workers Planned": 1,
        "Workers Launched": 1,
        "Single Copy": false,
        "Plans": [
          {
            "Node Type": "Aggregate",
            "Strategy": "Plain",
            "Partial Mode": "Partial",
            "Parent Relationship": "Outer",
            "Parallel Aware": false,
            "Startup Cost": 603450.11,
            "Total Cost": 603450.12,
            "Plan Rows": 1,
            "Plan Width": 8,
            "Actual Startup Time": 3577.222,
            "Actual Total Time": 3577.226,
            "Actual Rows": 1,
            "Actual Loops": 2,
            "Plans": [
              {
                "Node Type": "Hash Join",
                "Parent Relationship": "Outer",
                "Parallel Aware": true,
                "Join Type": "Inner",
                "Startup Cost": 256781.19,
                "Total Cost": 594218.5,
                "Plan Rows": 3692644,
                "Plan Width": 0,
                "Actual Startup Time": 1034.965,
                "Actual Total Time": 3389.628,
                "Actual Rows": 3751454,
                "Actual Loops": 2,
                "Inner Unique": true,
                "Hash Cond": "(ci.movie_id = t.id)",
                "Plans": [
                  {
                    "Node Type": "Bitmap Heap Scan",
                    "Parent Relationship": "Outer",
                    "Parallel Aware": true,
                    "Relation Name": "cast_info",
                    "Alias": "ci",
                    "Startup Cost": 187320.49,
                    "Total Cost": 515064.6,
                    "Plan Rows": 3692644,
                    "Plan Width": 4,
                    "Actual Startup Time": 419.946,
                    "Actual Total Time": 1088.153,
                    "Actual Rows": 3751454,
                    "Actual Loops": 2,
                    "Recheck Cond": "(person_id < 849779)",
                    "Rows Removed by Index Recheck": 0,
                    "Filter": "(role_id < 5)",
                    "Rows Removed by Filter": 567499,
                    "Exact Heap Blocks": 52283,
                    "Lossy Heap Blocks": 0,
                    "Plans": [
                      {
                        "Node Type": "Bitmap Index Scan",
                        "Parent Relationship": "Outer",
                        "Parallel Aware": false,
                        "Index Name": "person_id_cast_info",
                        "Startup Cost": 0.0,
                        "Total Cost": 185751.11,
                        "Plan Rows": 8506473,
                        "Plan Width": 0,
                        "Actual Startup Time": 404.37,
                        "Actual Total Time": 404.37,
                        "Actual Rows": 8637906,
                        "Actual Loops": 1,
                        "Index Cond": "(person_id < 849779)"
                      }
                    ]
                  },
                  {
                    "Node Type": "Hash",
                    "Parent Relationship": "Inner",
                    "Parallel Aware": true,
                    "Startup Cost": 50870.31,
                    "Total Cost": 50870.31,
                    "Plan Rows": 1487231,
                    "Plan Width": 4,
                    "Actual Startup Time": 591.142,
                    "Actual Total Time": 591.143,
                    "Actual Rows": 1264156,
                    "Actual Loops": 2,
                    "Hash Buckets": 4194304,
                    "Original Hash Buckets": 4194304,
                    "Hash Batches": 1,
                    "Original Hash Batches": 1,
                    "Peak Memory Usage": 131712,
                    "Plans": [
                      {
                        "Node Type": "Seq Scan",
                        "Parent Relationship": "Outer",
                        "Parallel Aware": true,
                        "Relation Name": "title",
                        "Alias": "t",
                        "Startup Cost": 0.0,
                        "Total Cost": 50870.31,
                        "Plan Rows": 1487231,
                        "Plan Width": 4,
                        "Actual Startup Time": 0.047,
                        "Actual Total Time": 179.755,
                        "Actual Rows": 1264156,
                        "Actual Loops": 2
                      }
                    ]
                  }
                ]
              }
            ]
          }
        ]
      }
    ]
  },
  "Planning Time": 0.67,
  "Triggers": [],
  "Execution Time": 3630.695
}