[
  {
    "Plan": {
      "Node Type": "Aggregate",
      "Strategy": "Plain",
      "Partial Mode": "Finalize",
      "Parallel Aware": false,
      "Startup Cost": 14127.45,
      "Total Cost": 14127.46,
      "Plan Rows": 1,
      "Plan Width": 8,
      "Actual Startup Time": 27.676,
      "Actual Total Time": 31.128,
      "Actual Rows": 1,
      "Actual Loops": 1,
      "Plans": [
        {
          "Node Type": "Gather",
          "Parent Relationship": "Outer",
          "Parallel Aware": false,
          "Startup Cost": 14127.33,
          "Total Cost": 14127.44,
          "Plan Rows": 1,
          "Plan Width": 8,
          "Actual Startup Time": 27.262,
          "Actual Total Time": 31.118,
          "Actual Rows": 2,
          "Actual Loops": 1,
          "Workers Planned": 1,
          "Workers Launched": 1,
          "Single Copy": false,
          "Plans": [
            {
              "Node Type": "Aggregate",
              "Strategy": "Plain",
              "Partial Mode": "Partial",
              "Parent Relationship": "Outer",
              "Parallel Aware": false,
              "Startup Cost": 13127.33,
              "Total Cost": 13127.34,
              "Plan Rows": 1,
              "Plan Width": 8,
              "Actual Startup Time": 21.133,
              "Actual Total Time": 21.136,
              "Actual Rows": 1,
              "Actual Loops": 2,
              "Plans": [
                {
                  "Node Type": "Nested Loop",
                  "Parent Relationship": "Outer",
                  "Parallel Aware": false,
                  "Join Type": "Inner",
                  "Startup Cost": 55.86,
                  "Total Cost": 13126.34,
                  "Plan Rows": 397,
                  "Plan Width": 0,
                  "Actual Startup Time": 7.085,
                  "Actual Total Time": 21.119,
                  "Actual Rows": 30,
                  "Actual Loops": 2,
                  "Inner Unique": false,
                  "Plans": [
                    {
                      "Node Type": "Nested Loop",
                      "Parent Relationship": "Outer",
                      "Parallel Aware": false,
                      "Join Type": "Inner",
                      "Startup Cost": 55.43,
                      "Total Cost": 12739.27,
                      "Plan Rows": 727,
                      "Plan Width": 8,
                      "Actual Startup Time": 2.133,
                      "Actual Total Time": 15.03,
                      "Actual Rows": 992,
                      "Actual Loops": 2,
                      "Inner Unique": true,
                      "Plans": [
                        {
                          "Node Type": "Bitmap Heap Scan",
                          "Parent Relationship": "Outer",
                          "Parallel Aware": true,
                          "Relation Name": "movie_companies",
                          "Alias": "mc",
                          "Startup Cost": 55.0,
                          "Total Cost": 6830.86,
                          "Plan Rows": 727,
                          "Plan Width": 4,
                          "Actual Startup Time": 1.975,
                          "Actual Total Time": 4.928,
                          "Actual Rows": 992,
                          "Actual Loops": 2,
                          "Recheck Cond": "(company_id = 14048)",
                          "Rows Removed by Index Recheck": 0,
                          "Filter": "(company_type_id > 1)",
                          "Rows Removed by Filter": 132,
                          "Exact Heap Blocks": 1187,
                          "Lossy Heap Blocks": 0,
                          "Plans": [
                            {
                              "Node Type": "Bitmap Index Scan",
                              "Parent Relationship": "Outer",
                              "Parallel Aware": false,
                              "Index Name": "company_id_movie_companies",
                              "Startup Cost": 0.0,
                              "Total Cost": 54.69,
                              "Plan Rows": 2435,
                              "Plan Width": 0,
                              "Actual Startup Time": 2.241,
                              "Actual Total Time": 2.241,
                              "Actual Rows": 2249,
                              "Actual Loops": 1,
                              "Index Cond": "(company_id = 14048)"
                            }
                          ]
                        },
                        {
                          "Node Type": "Index Only Scan",
                          "Parent Relationship": "Inner",
                          "Parallel Aware": false,
                          "Scan Direction": "Forward",
                          "Index Name": "title_pkey",
                          "Relation Name": "title",
                          "Alias": "t",
                          "Startup Cost": 0.43,
                          "Total Cost": 8.13,
                          "Plan Rows": 1,
                          "Plan Width": 4,
                          "Actual Startup Time": 0.009,
                          "Actual Total Time": 0.009,
                          "Actual Rows": 1,
                          "Actual Loops": 1984,
                          "Index Cond": "(id = mc.movie_id)",
                          "Rows Removed by Index Recheck": 0,
                          "Heap Fetches": 1984
                        }
                      ]
                    },
                    {
                      "Node Type": "Index Only Scan",
                      "Parent Relationship": "Inner",
                      "Parallel Aware": false,
                      "Scan Direction": "Forward",
                      "Index Name": "movie_id_movie_info_idx",
                      "Relation Name": "movie_info_idx",
                      "Alias": "mi_idx",
                      "Startup Cost": 0.43,
                      "Total Cost": 0.5,
                      "Plan Rows": 3,
                      "Plan Width": 4,
                      "Actual Startup Time": 0.006,
                      "Actual Total Time": 0.006,
                      "Actual Rows": 0,
                      "Actual Loops": 1984,
                      "Index Cond": "(movie_id = t.id)",
                      "Rows Removed by Index Recheck": 0,
                      "Heap Fetches": 60
                    }
                  ]
                }
              ]
            }
          ]
        }
      ]
    },
    "Planning Time": 1.336,
    "Triggers": [],
    "Execution Time": 31.22
  }
]