[
  {
    "Plan": {
      "Node Type": "Aggregate",
      "Strategy": "Plain",
      "Partial Mode": "Simple",
      "Parallel Aware": false,
      "Startup Cost": 3252.98,
      "Total Cost": 3252.99,
      "Plan Rows": 1,
      "Plan Width": 8,
      "Actual Startup Time": 23.513,
      "Actual Total Time": 23.515,
      "Actual Rows": 1,
      "Actual Loops": 1,
      "Plans": [
        {
          "Node Type": "Nested Loop",
          "Parent Relationship": "Outer",
          "Parallel Aware": false,
          "Join Type": "Inner",
          "Startup Cost": 0.99,
          "Total Cost": 3252.57,
          "Plan Rows": 165,
          "Plan Width": 0,
          "Actual Startup Time": 11.579,
          "Actual Total Time": 23.442,
          "Actual Rows": 632,
          "Actual Loops": 1,
          "Inner Unique": true,
          "Plans": [
            {
              "Node Type": "Index Scan",
              "Parent Relationship": "Outer",
              "Parallel Aware": false,
              "Scan Direction": "Forward",
              "Index Name": "person_id_cast_info",
              "Relation Name": "cast_info",
              "Alias": "ci",
              "Startup Cost": 0.56,
              "Total Cost": 987.07,
              "Plan Rows": 270,
              "Plan Width": 4,
              "Actual Startup Time": 10.943,
              "Actual Total Time": 19.973,
              "Actual Rows": 726,
              "Actual Loops": 1,
              "Index Cond": "(person_id = 637724)",
              "Rows Removed by Index Recheck": 0,
              "Filter": "(role_id < 3)",
              "Rows Removed by Filter": 123
            },
            {
              "Node Type": "Index Scan",
              "Parent Relationship": "Inner",
              "Parallel Aware": false,
              "Scan Direction": "Forward",
              "Index Name": "title_pkey",
              "Relation Name": "title",
              "Alias": "t",
              "Startup Cost": 0.43,
              "Total Cost": 8.39,
              "Plan Rows": 1,
              "Plan Width": 4,
              "Actual Startup Time": 0.004,
              "Actual Total Time": 0.004,
              "Actual Rows": 1,
              "Actual Loops": 726,
              "Index Cond": "(id = ci.movie_id)",
              "Rows Removed by Index Recheck": 0,
              "Filter": "(kind_id = 7)",
              "Rows Removed by Filter": 0
            }
          ]
        }
      ]
    },
    "Planning Time": 0.338,
    "Triggers": [],
    "Execution Time": 23.544
  }
]