[
  {
    "Plan": {
      "Node Type": "Aggregate",
      "Strategy": "Plain",
      "Partial Mode": "Finalize",
      "Parallel Aware": false,
      "Startup Cost": 32966.86,
      "Total Cost": 32966.87,
      "Plan Rows": 1,
      "Plan Width": 8,
      "Actual Startup Time": 105.87,
      "Actual Total Time": 113.243,
      "Actual Rows": 1,
      "Actual Loops": 1,
      "Plans": [
        {
          "Node Type": "Gather",
          "Parent Relationship": "Outer",
          "Parallel Aware": false,
          "Startup Cost": 32966.55,
          "Total Cost": 32966.86,
          "Plan Rows": 3,
          "Plan Width": 8,
          "Actual Startup Time": 105.749,
          "Actual Total Time": 113.234,
          "Actual Rows": 4,
          "Actual Loops": 1,
          "Workers Planned": 3,
          "Workers Launched": 3,
          "Single Copy": false,
          "Plans": [
            {
              "Node Type": "Aggregate",
              "Strategy": "Plain",
              "Partial Mode": "Partial",
              "Parent Relationship": "Outer",
              "Parallel Aware": false,
              "Startup Cost": 31966.55,
              "Total Cost": 31966.56,
              "Plan Rows": 1,
              "Plan Width": 8,
              "Actual Startup Time": 97.058,
              "Actual Total Time": 97.059,
              "Actual Rows": 1,
              "Actual Loops": 4,
              "Plans": [
                {
                  "Node Type": "Seq Scan",
                  "Parent Relationship": "Outer",
                  "Parallel Aware": true,
                  "Relation Name": "movie_companies",
                  "Alias": "mc",
                  "Startup Cost": 0.0,
                  "Total Cost": 31414.82,
                  "Plan Rows": 220691,
                  "Plan Width": 0,
                  "Actual Startup Time": 0.045,
                  "Actual Total Time": 82.129,
                  "Actual Rows": 234727,
                  "Actual Loops": 4,
                  "Filter": "((company_id < 11997) AND (company_type_id = 1))",
                  "Rows Removed by Filter": 417555
                }
              ]
            }
          ]
        }
      ]
    },
    "Planning Time": 0.194,
    "Triggers": [],
    "Execution Time": 113.293
  }
]