[
    {
        "Bao": {
            "Bao prediction": 2326.033,
            "Bao recommended hint": "SET enable_nestloop TO off; "
        }
    },
    {
        "Plan": {
            "Node Type": "Aggregate",
            "Strategy": "Plain",
            "Partial Mode": "Finalize",
            "Parallel Aware": false,
            "Startup Cost": 514143.69,
            "Total Cost": 514143.7,
            "Plan Rows": 1,
            "Plan Width": 64,
            "Actual Startup Time": 3186.804,
            "Actual Total Time": 3509.964,
            "Actual Rows": 1,
            "Actual Loops": 1,
            "Output": [
                "min(an1.name)",
                "min(t.title)"
            ],
            "Plans": [
                {
                    "Node Type": "Gather",
                    "Parent Relationship": "Outer",
                    "Parallel Aware": false,
                    "Startup Cost": 514143.26,
                    "Total Cost": 514143.67,
                    "Plan Rows": 4,
                    "Plan Width": 64,
                    "Actual Startup Time": 3147.606,
                    "Actual Total Time": 3509.934,
                    "Actual Rows": 5,
                    "Actual Loops": 1,
                    "Output": [
                        "(PARTIAL min(an1.name))",
                        "(PARTIAL min(t.title))"
                    ],
                    "Workers Planned": 4,
                    "Workers Launched": 4,
                    "Single Copy": false,
                    "Plans": [
                        {
                            "Node Type": "Aggregate",
                            "Strategy": "Plain",
                            "Partial Mode": "Partial",
                            "Parent Relationship": "Outer",
                            "Parallel Aware": false,
                            "Startup Cost": 513143.26,
                            "Total Cost": 513143.27,
                            "Plan Rows": 1,
                            "Plan Width": 64,
                            "Actual Startup Time": 3135.132,
                            "Actual Total Time": 3135.843,
                            "Actual Rows": 1,
                            "Actual Loops": 5,
                            "Output": [
                                "PARTIAL min(an1.name)",
                                "PARTIAL min(t.title)"
                            ],
                            "Workers": [
                                {
                                    "Worker Number": 0,
                                    "Actual Startup Time": 3132.167,
                                    "Actual Total Time": 3132.202,
                                    "Actual Rows": 1,
                                    "Actual Loops": 1
                                },
                                {
                                    "Worker Number": 1,
                                    "Actual Startup Time": 3132.178,
                                    "Actual Total Time": 3132.206,
                                    "Actual Rows": 1,
                                    "Actual Loops": 1
                                },
                                {
                                    "Worker Number": 2,
                                    "Actual Startup Time": 3133.501,
                                    "Actual Total Time": 3133.518,
                                    "Actual Rows": 1,
                                    "Actual Loops": 1
                                },
                                {
                                    "Worker Number": 3,
                                    "Actual Startup Time": 3132.182,
                                    "Actual Total Time": 3132.205,
                                    "Actual Rows": 1,
                                    "Actual Loops": 1
                                }
                            ],
                            "Plans": [
                                {
                                    "Node Type": "Hash Join",
                                    "Parent Relationship": "Outer",
                                    "Parallel Aware": true,
                                    "Join Type": "Inner",
                                    "Startup Cost": 441839.28,
                                    "Total Cost": 512119.56,
                                    "Plan Rows": 204740,
                                    "Plan Width": 33,
                                    "Actual Startup Time": 2816.647,
                                    "Actual Total Time": 3127.094,
                                    "Actual Rows": 67858,
                                    "Actual Loops": 5,
                                    "Output": [
                                        "an1.name",
                                        "t.title"
                                    ],
                                    "Inner Unique": false,
                                    "Hash Cond": "(n1.id = an1.person_id)",
                                    "Workers": [
                                        {
                                            "Worker Number": 0,
                                            "Actual Startup Time": 2814.051,
                                            "Actual Total Time": 3124.446,
                                            "Actual Rows": 55726,
                                            "Actual Loops": 1
                                        },
                                        {
                                            "Worker Number": 1,
                                            "Actual Startup Time": 2813.954,
                                            "Actual Total Time": 3123.921,
                                            "Actual Rows": 83853,
                                            "Actual Loops": 1
                                        },
                                        {
                                            "Worker Number": 2,
                                            "Actual Startup Time": 2814.007,
                                            "Actual Total Time": 3123.825,
                                            "Actual Rows": 62521,
                                            "Actual Loops": 1
                                        },
                                        {
                                            "Worker Number": 3,
                                            "Actual Startup Time": 2813.929,
                                            "Actual Total Time": 3122.896,
                                            "Actual Rows": 64370,
                                            "Actual Loops": 1
                                        }
                                    ],
                                    "Plans": [
                                        {
                                            "Node Type": "Seq Scan",
                                            "Parent Relationship": "Outer",
                                            "Parallel Aware": true,
                                            "Relation Name": "name",
                                            "Schema": "public",
                                            "Alias": "n1",
                                            "Startup Cost": 0.0,
                                            "Total Cost": 66031.94,
                                            "Plan Rows": 1041894,
                                            "Plan Width": 4,
                                            "Actual Startup Time": 0.041,
                                            "Actual Total Time": 138.58,
                                            "Actual Rows": 833498,
                                            "Actual Loops": 5,
                                            "Output": [
                                                "n1.id",
                                                "n1.name",
                                                "n1.imdb_index",
                                                "n1.imdb_id",
                                                "n1.gender",
                                                "n1.name_pcode_cf",
                                                "n1.name_pcode_nf",
                                                "n1.surname_pcode",
                                                "n1.md5sum"
                                            ],
                                            "Workers": [
                                                {
                                                    "Worker Number": 0,
                                                    "Actual Startup Time": 0.052,
                                                    "Actual Total Time": 135.823,
                                                    "Actual Rows": 709176,
                                                    "Actual Loops": 1
                                                },
                                                {
                                                    "Worker Number": 1,
                                                    "Actual Startup Time": 0.034,
                                                    "Actual Total Time": 134.035,
                                                    "Actual Rows": 1065653,
                                                    "Actual Loops": 1
                                                },
                                                {
                                                    "Worker Number": 2,
                                                    "Actual Startup Time": 0.051,
                                                    "Actual Total Time": 144.143,
                                                    "Actual Rows": 759259,
                                                    "Actual Loops": 1
                                                },
                                                {
                                                    "Worker Number": 3,
                                                    "Actual Startup Time": 0.038,
                                                    "Actual Total Time": 140.84,
                                                    "Actual Rows": 782866,
                                                    "Actual Loops": 1
                                                }
                                            ]
                                        },
                                        {
                                            "Node Type": "Hash",
                                            "Parent Relationship": "Inner",
                                            "Parallel Aware": true,
                                            "Startup Cost": 440133.11,
                                            "Total Cost": 440133.11,
                                            "Plan Rows": 136494,
                                            "Plan Width": 41,
                                            "Actual Startup Time": 2811.8,
                                            "Actual Total Time": 2812.505,
                                            "Actual Rows": 67858,
                                            "Actual Loops": 5,
                                            "Output": [
                                                "an1.name",
                                                "an1.person_id",
                                                "ci.person_id",
                                                "t.title"
                                            ],
                                            "Hash Buckets": 1048576,
                                            "Original Hash Buckets": 1048576,
                                            "Hash Batches": 1,
                                            "Original Hash Batches": 1,
                                            "Peak Memory Usage": 34368,
                                            "Workers": [
                                                {
                                                    "Worker Number": 0,
                                                    "Actual Startup Time": 2813.214,
                                                    "Actual Total Time": 2813.232,
                                                    "Actual Rows": 58265,
                                                    "Actual Loops": 1
                                                },
                                                {
                                                    "Worker Number": 1,
                                                    "Actual Startup Time": 2813.124,
                                                    "Actual Total Time": 2813.151,
                                                    "Actual Rows": 86293,
                                                    "Actual Loops": 1
                                                },
                                                {
                                                    "Worker Number": 2,
                                                    "Actual Startup Time": 2813.164,
                                                    "Actual Total Time": 2813.18,
                                                    "Actual Rows": 63169,
                                                    "Actual Loops": 1
                                                },
                                                {
                                                    "Worker Number": 3,
                                                    "Actual Startup Time": 2813.039,
                                                    "Actual Total Time": 2813.059,
                                                    "Actual Rows": 67867,
                                                    "Actual Loops": 1
                                                }
                                            ],
                                            "Plans": [
                                                {
                                                    "Node Type": "Hash Join",
                                                    "Parent Relationship": "Outer",
                                                    "Parallel Aware": true,
                                                    "Join Type": "Inner",
                                                    "Startup Cost": 102948.04,
                                                    "Total Cost": 440133.11,
                                                    "Plan Rows": 136494,
                                                    "Plan Width": 41,
                                                    "Actual Startup Time": 2222.856,
                                                    "Actual Total Time": 2766.477,
                                                    "Actual Rows": 67858,
                                                    "Actual Loops": 5,
                                                    "Output": [
                                                        "an1.name",
                                                        "an1.person_id",
                                                        "ci.person_id",
                                                        "t.title"
                                                    ],
                                                    "Inner Unique": false,
                                                    "Hash Cond": "(ci.person_id = an1.person_id)",
                                                    "Workers": [
                                                        {
                                                            "Worker Number": 0,
                                                            "Actual Startup Time": 2222.609,
                                                            "Actual Total Time": 2767.477,
                                                            "Actual Rows": 58265,
                                                            "Actual Loops": 1
                                                        },
                                                        {
                                                            "Worker Number": 1,
                                                            "Actual Startup Time": 2222.523,
                                                            "Actual Total Time": 2763.257,
                                                            "Actual Rows": 86293,
                                                            "Actual Loops": 1
                                                        },
                                                        {
                                                            "Worker Number": 2,
                                                            "Actual Startup Time": 2223.447,
                                                            "Actual Total Time": 2766.217,
                                                            "Actual Rows": 63169,
                                                            "Actual Loops": 1
                                                        },
                                                        {
                                                            "Worker Number": 3,
                                                            "Actual Startup Time": 2222.646,
                                                            "Actual Total Time": 2766.103,
                                                            "Actual Rows": 67867,
                                                            "Actual Loops": 1
                                                        }
                                                    ],
                                                    "Plans": [
                                                        {
                                                            "Node Type": "Hash Join",
                                                            "Parent Relationship": "Outer",
                                                            "Parallel Aware": true,
                                                            "Join Type": "Inner",
                                                            "Startup Cost": 85010.03,
                                                            "Total Cost": 421541.48,
                                                            "Plan Rows": 56885,
                                                            "Plan Width": 21,
                                                            "Actual Startup Time": 2062.187,
                                                            "Actual Total Time": 2563.517,
                                                            "Actual Rows": 120277,
                                                            "Actual Loops": 5,
                                                            "Output": [
                                                                "ci.person_id",
                                                                "t.title"
                                                            ],
                                                            "Inner Unique": false,
                                                            "Hash Cond": "(ci.movie_id = t.id)",
                                                            "Workers": [
                                                                {
                                                                    "Worker Number": 0,
                                                                    "Actual Startup Time": 2062.135,
                                                                    "Actual Total Time": 2567.021,
                                                                    "Actual Rows": 106221,
                                                                    "Actual Loops": 1
                                                                },
                                                                {
                                                                    "Worker Number": 1,
                                                                    "Actual Startup Time": 2062.108,
                                                                    "Actual Total Time": 2557.996,
                                                                    "Actual Rows": 157372,
                                                                    "Actual Loops": 1
                                                                },
                                                                {
                                                                    "Worker Number": 2,
                                                                    "Actual Startup Time": 2062.076,
                                                                    "Actual Total Time": 2563.643,
                                                                    "Actual Rows": 109876,
                                                                    "Actual Loops": 1
                                                                },
                                                                {
                                                                    "Worker Number": 3,
                                                                    "Actual Startup Time": 2062.186,
                                                                    "Actual Total Time": 2562.19,
                                                                    "Actual Rows": 115614,
                                                                    "Actual Loops": 1
                                                                }
                                                            ],
                                                            "Plans": [
                                                                {
                                                                    "Node Type": "Hash Join",
                                                                    "Parent Relationship": "Outer",
                                                                    "Parallel Aware": false,
                                                                    "Join Type": "Inner",
                                                                    "Startup Cost": 1.16,
                                                                    "Total Cost": 334569.19,
                                                                    "Plan Rows": 503496,
                                                                    "Plan Width": 8,
                                                                    "Actual Startup Time": 1426.822,
                                                                    "Actual Total Time": 1741.131,
                                                                    "Actual Rows": 864604,
                                                                    "Actual Loops": 5,
                                                                    "Output": [
                                                                        "ci.person_id",
                                                                        "ci.movie_id"
                                                                    ],
                                                                    "Inner Unique": true,
                                                                    "Hash Cond": "(ci.role_id = rt.id)",
                                                                    "Workers": [
                                                                        {
                                                                            "Worker Number": 0,
                                                                            "Actual Startup Time": 1426.756,
                                                                            "Actual Total Time": 1735.342,
                                                                            "Actual Rows": 782464,
                                                                            "Actual Loops": 1
                                                                        },
                                                                        {
                                                                            "Worker Number": 1,
                                                                            "Actual Startup Time": 1426.832,
                                                                            "Actual Total Time": 1732.77,
                                                                            "Actual Rows": 1122115,
                                                                            "Actual Loops": 1
                                                                        },
                                                                        {
                                                                            "Worker Number": 2,
                                                                            "Actual Startup Time": 1426.832,
                                                                            "Actual Total Time": 1747.549,
                                                                            "Actual Rows": 807012,
                                                                            "Actual Loops": 1
                                                                        },
                                                                        {
                                                                            "Worker Number": 3,
                                                                            "Actual Startup Time": 1426.835,
                                                                            "Actual Total Time": 1742.795,
                                                                            "Actual Rows": 812390,
                                                                            "Actual Loops": 1
                                                                        }
                                                                    ],
                                                                    "Plans": [
                                                                        {
                                                                            "Node Type": "Seq Scan",
                                                                            "Parent Relationship": "Outer",
                                                                            "Parallel Aware": true,
                                                                            "Relation Name": "cast_info",
                                                                            "Schema": "public",
                                                                            "Alias": "ci",
                                                                            "Startup Cost": 0.0,
                                                                            "Total Cost": 313106.51,
                                                                            "Plan Rows": 6041951,
                                                                            "Plan Width": 12,
                                                                            "Actual Startup Time": 0.016,
                                                                            "Actual Total Time": 867.695,
                                                                            "Actual Rows": 7248869,
                                                                            "Actual Loops": 5,
                                                                            "Output": [
                                                                                "ci.id",
                                                                                "ci.person_id",
                                                                                "ci.movie_id",
                                                                                "ci.person_role_id",
                                                                                "ci.note",
                                                                                "ci.nr_order",
                                                                                "ci.role_id"
                                                                            ],
                                                                            "Workers": [
                                                                                {
                                                                                    "Worker Number": 0,
                                                                                    "Actual Startup Time": 0.019,
                                                                                    "Actual Total Time": 870.696,
                                                                                    "Actual Rows": 6605814,
                                                                                    "Actual Loops": 1
                                                                                },
                                                                                {
                                                                                    "Worker Number": 1,
                                                                                    "Actual Startup Time": 0.016,
                                                                                    "Actual Total Time": 865.518,
                                                                                    "Actual Rows": 9683305,
                                                                                    "Actual Loops": 1
                                                                                },
                                                                                {
                                                                                    "Worker Number": 2,
                                                                                    "Actual Startup Time": 0.016,
                                                                                    "Actual Total Time": 866.677,
                                                                                    "Actual Rows": 6622104,
                                                                                    "Actual Loops": 1
                                                                                },
                                                                                {
                                                                                    "Worker Number": 3,
                                                                                    "Actual Startup Time": 0.014,
                                                                                    "Actual Total Time": 867.026,
                                                                                    "Actual Rows": 6675962,
                                                                                    "Actual Loops": 1
                                                                                }
                                                                            ]
                                                                        },
                                                                        {
                                                                            "Node Type": "Hash",
                                                                            "Parent Relationship": "Inner",
                                                                            "Parallel Aware": false,
                                                                            "Startup Cost": 1.15,
                                                                            "Total Cost": 1.15,
                                                                            "Plan Rows": 1,
                                                                            "Plan Width": 4,
                                                                            "Actual Startup Time": 0.051,
                                                                            "Actual Total Time": 0.053,
                                                                            "Actual Rows": 1,
                                                                            "Actual Loops": 5,
                                                                            "Output": [
                                                                                "rt.id"
                                                                            ],
                                                                            "Hash Buckets": 1024,
                                                                            "Original Hash Buckets": 1024,
                                                                            "Hash Batches": 1,
                                                                            "Original Hash Batches": 1,
                                                                            "Peak Memory Usage": 9,
                                                                            "Workers": [
                                                                                {
                                                                                    "Worker Number": 0,
                                                                                    "Actual Startup Time": 0.049,
                                                                                    "Actual Total Time": 0.05,
                                                                                    "Actual Rows": 1,
                                                                                    "Actual Loops": 1
                                                                                },
                                                                                {
                                                                                    "Worker Number": 1,
                                                                                    "Actual Startup Time": 0.057,
                                                                                    "Actual Total Time": 0.059,
                                                                                    "Actual Rows": 1,
                                                                                    "Actual Loops": 1
                                                                                },
                                                                                {
                                                                                    "Worker Number": 2,
                                                                                    "Actual Startup Time": 0.053,
                                                                                    "Actual Total Time": 0.055,
                                                                                    "Actual Rows": 1,
                                                                                    "Actual Loops": 1
                                                                                },
                                                                                {
                                                                                    "Worker Number": 3,
                                                                                    "Actual Startup Time": 0.069,
                                                                                    "Actual Total Time": 0.07,
                                                                                    "Actual Rows": 1,
                                                                                    "Actual Loops": 1
                                                                                }
                                                                            ],
                                                                            "Plans": [
                                                                                {
                                                                                    "Node Type": "Seq Scan",
                                                                                    "Parent Relationship": "Outer",
                                                                                    "Parallel Aware": false,
                                                                                    "Relation Name": "role_type",
                                                                                    "Schema": "public",
                                                                                    "Alias": "rt",
                                                                                    "Startup Cost": 0.0,
                                                                                    "Total Cost": 1.15,
                                                                                    "Plan Rows": 1,
                                                                                    "Plan Width": 4,
                                                                                    "Actual Startup Time": 0.036,
                                                                                    "Actual Total Time": 0.038,
                                                                                    "Actual Rows": 1,
                                                                                    "Actual Loops": 5,
                                                                                    "Output": [
                                                                                        "rt.id"
                                                                                    ],
                                                                                    "Filter": "((rt.role)::text = 'miscellaneous crew'::text)",
                                                                                    "Rows Removed by Filter": 11,
                                                                                    "Workers": [
                                                                                        {
                                                                                            "Worker Number": 0,
                                                                                            "Actual Startup Time": 0.035,
                                                                                            "Actual Total Time": 0.037,
                                                                                            "Actual Rows": 1,
                                                                                            "Actual Loops": 1
                                                                                        },
                                                                                        {
                                                                                            "Worker Number": 1,
                                                                                            "Actual Startup Time": 0.04,
                                                                                            "Actual Total Time": 0.042,
                                                                                            "Actual Rows": 1,
                                                                                            "Actual Loops": 1
                                                                                        },
                                                                                        {
                                                                                            "Worker Number": 2,
                                                                                            "Actual Startup Time": 0.034,
                                                                                            "Actual Total Time": 0.036,
                                                                                            "Actual Rows": 1,
                                                                                            "Actual Loops": 1
                                                                                        },
                                                                                        {
                                                                                            "Worker Number": 3,
                                                                                            "Actual Startup Time": 0.055,
                                                                                            "Actual Total Time": 0.057,
                                                                                            "Actual Rows": 1,
                                                                                            "Actual Loops": 1
                                                                                        }
                                                                                    ]
                                                                                }
                                                                            ]
                                                                        }
                                                                    ]
                                                                },
                                                                {
                                                                    "Node Type": "Hash",
                                                                    "Parent Relationship": "Inner",
                                                                    "Parallel Aware": true,
                                                                    "Startup Cost": 84536.15,
                                                                    "Total Cost": 84536.15,
                                                                    "Plan Rows": 37818,
                                                                    "Plan Width": 25,
                                                                    "Actual Startup Time": 634.969,
                                                                    "Actual Total Time": 635.663,
                                                                    "Actual Rows": 24875,
                                                                    "Actual Loops": 5,
                                                                    "Output": [
                                                                        "mc.movie_id",
                                                                        "t.title",
                                                                        "t.id"
                                                                    ],
                                                                    "Hash Buckets": 131072,
                                                                    "Original Hash Buckets": 131072,
                                                                    "Hash Batches": 1,
                                                                    "Original Hash Batches": 1,
                                                                    "Peak Memory Usage": 8800,
                                                                    "Workers": [
                                                                        {
                                                                            "Worker Number": 0,
                                                                            "Actual Startup Time": 634.298,
                                                                            "Actual Total Time": 634.307,
                                                                            "Actual Rows": 22536,
                                                                            "Actual Loops": 1
                                                                        },
                                                                        {
                                                                            "Worker Number": 1,
                                                                            "Actual Startup Time": 635.155,
                                                                            "Actual Total Time": 635.17,
                                                                            "Actual Rows": 33495,
                                                                            "Actual Loops": 1
                                                                        },
                                                                        {
                                                                            "Worker Number": 2,
                                                                            "Actual Startup Time": 635.13,
                                                                            "Actual Total Time": 635.137,
                                                                            "Actual Rows": 22819,
                                                                            "Actual Loops": 1
                                                                        },
                                                                        {
                                                                            "Worker Number": 3,
                                                                            "Actual Startup Time": 635.117,
                                                                            "Actual Total Time": 635.126,
                                                                            "Actual Rows": 22590,
                                                                            "Actual Loops": 1
                                                                        }
                                                                    ],
                                                                    "Plans": [
                                                                        {
                                                                            "Node Type": "Hash Join",
                                                                            "Parent Relationship": "Outer",
                                                                            "Parallel Aware": true,
                                                                            "Join Type": "Inner",
                                                                            "Startup Cost": 55020.94,
                                                                            "Total Cost": 84536.15,
                                                                            "Plan Rows": 37818,
                                                                            "Plan Width": 25,
                                                                            "Actual Startup Time": 460.553,
                                                                            "Actual Total Time": 620.306,
                                                                            "Actual Rows": 24875,
                                                                            "Actual Loops": 5,
                                                                            "Output": [
                                                                                "mc.movie_id",
                                                                                "t.title",
                                                                                "t.id"
                                                                            ],
                                                                            "Inner Unique": true,
                                                                            "Hash Cond": "(mc.movie_id = t.id)",
                                                                            "Workers": [
                                                                                {
                                                                                    "Worker Number": 0,
                                                                                    "Actual Startup Time": 460.599,
                                                                                    "Actual Total Time": 622.961,
                                                                                    "Actual Rows": 22536,
                                                                                    "Actual Loops": 1
                                                                                },
                                                                                {
                                                                                    "Worker Number": 1,
                                                                                    "Actual Startup Time": 460.615,
                                                                                    "Actual Total Time": 618.68,
                                                                                    "Actual Rows": 33495,
                                                                                    "Actual Loops": 1
                                                                                },
                                                                                {
                                                                                    "Worker Number": 2,
                                                                                    "Actual Startup Time": 460.463,
                                                                                    "Actual Total Time": 618.751,
                                                                                    "Actual Rows": 22819,
                                                                                    "Actual Loops": 1
                                                                                },
                                                                                {
                                                                                    "Worker Number": 3,
                                                                                    "Actual Startup Time": 460.593,
                                                                                    "Actual Total Time": 618.938,
                                                                                    "Actual Rows": 22590,
                                                                                    "Actual Loops": 1
                                                                                }
                                                                            ],
                                                                            "Plans": [
                                                                                {
                                                                                    "Node Type": "Hash Join",
                                                                                    "Parent Relationship": "Outer",
                                                                                    "Parallel Aware": true,
                                                                                    "Join Type": "Inner",
                                                                                    "Startup Cost": 4800.56,
                                                                                    "Total Cost": 34216.49,
                                                                                    "Plan Rows": 37818,
                                                                                    "Plan Width": 4,
                                                                                    "Actual Startup Time": 10.395,
                                                                                    "Actual Total Time": 145.519,
                                                                                    "Actual Rows": 24875,
                                                                                    "Actual Loops": 5,
                                                                                    "Output": [
                                                                                        "mc.movie_id"
                                                                                    ],
                                                                                    "Inner Unique": true,
                                                                                    "Hash Cond": "(mc.company_id = cn.id)",
                                                                                    "Workers": [
                                                                                        {
                                                                                            "Worker Number": 0,
                                                                                            "Actual Startup Time": 10.443,
                                                                                            "Actual Total Time": 144.001,
                                                                                            "Actual Rows": 22536,
                                                                                            "Actual Loops": 1
                                                                                        },
                                                                                        {
                                                                                            "Worker Number": 1,
                                                                                            "Actual Startup Time": 10.395,
                                                                                            "Actual Total Time": 143.654,
                                                                                            "Actual Rows": 33495,
                                                                                            "Actual Loops": 1
                                                                                        },
                                                                                        {
                                                                                            "Worker Number": 2,
                                                                                            "Actual Startup Time": 10.282,
                                                                                            "Actual Total Time": 145.251,
                                                                                            "Actual Rows": 22819,
                                                                                            "Actual Loops": 1
                                                                                        },
                                                                                        {
                                                                                            "Worker Number": 3,
                                                                                            "Actual Startup Time": 10.411,
                                                                                            "Actual Total Time": 145.937,
                                                                                            "Actual Rows": 22590,
                                                                                            "Actual Loops": 1
                                                                                        }
                                                                                    ],
                                                                                    "Plans": [
                                                                                        {
                                                                                            "Node Type": "Seq Scan",
                                                                                            "Parent Relationship": "Outer",
                                                                                            "Parallel Aware": true,
                                                                                            "Relation Name": "movie_companies",
                                                                                            "Schema": "public",
                                                                                            "Alias": "mc",
                                                                                            "Startup Cost": 0.0,
                                                                                            "Total Cost": 27206.55,
                                                                                            "Plan Rows": 841655,
                                                                                            "Plan Width": 8,
                                                                                            "Actual Startup Time": 0.021,
                                                                                            "Actual Total Time": 65.785,
                                                                                            "Actual Rows": 521826,
                                                                                            "Actual Loops": 5,
                                                                                            "Output": [
                                                                                                "mc.id",
                                                                                                "mc.movie_id",
                                                                                                "mc.company_id",
                                                                                                "mc.company_type_id",
                                                                                                "mc.note"
                                                                                            ],
                                                                                            "Workers": [
                                                                                                {
                                                                                                    "Worker Number": 0,
                                                                                                    "Actual Startup Time": 0.035,
                                                                                                    "Actual Total Time": 65.09,
                                                                                                    "Actual Rows": 464955,
                                                                                                    "Actual Loops": 1
                                                                                                },
                                                                                                {
                                                                                                    "Worker Number": 1,
                                                                                                    "Actual Startup Time": 0.021,
                                                                                                    "Actual Total Time": 66.179,
                                                                                                    "Actual Rows": 734039,
                                                                                                    "Actual Loops": 1
                                                                                                },
                                                                                                {
                                                                                                    "Worker Number": 2,
                                                                                                    "Actual Startup Time": 0.022,
                                                                                                    "Actual Total Time": 66.398,
                                                                                                    "Actual Rows": 464290,
                                                                                                    "Actual Loops": 1
                                                                                                },
                                                                                                {
                                                                                                    "Worker Number": 3,
                                                                                                    "Actual Startup Time": 0.014,
                                                                                                    "Actual Total Time": 65.584,
                                                                                                    "Actual Rows": 482010,
                                                                                                    "Actual Loops": 1
                                                                                                }
                                                                                            ]
                                                                                        },
                                                                                        {
                                                                                            "Node Type": "Hash",
                                                                                            "Parent Relationship": "Inner",
                                                                                            "Parallel Aware": true,
                                                                                            "Startup Cost": 4722.92,
                                                                                            "Total Cost": 4722.92,
                                                                                            "Plan Rows": 6211,
                                                                                            "Plan Width": 4,
                                                                                            "Actual Startup Time": 10.17,
                                                                                            "Actual Total Time": 10.171,
                                                                                            "Actual Rows": 2079,
                                                                                            "Actual Loops": 5,
                                                                                            "Output": [
                                                                                                "cn.id"
                                                                                            ],
                                                                                            "Hash Buckets": 16384,
                                                                                            "Original Hash Buckets": 16384,
                                                                                            "Hash Batches": 1,
                                                                                            "Original Hash Batches": 1,
                                                                                            "Peak Memory Usage": 640,
                                                                                            "Workers": [
                                                                                                {
                                                                                                    "Worker Number": 0,
                                                                                                    "Actual Startup Time": 10.213,
                                                                                                    "Actual Total Time": 10.213,
                                                                                                    "Actual Rows": 1829,
                                                                                                    "Actual Loops": 1
                                                                                                },
                                                                                                {
                                                                                                    "Worker Number": 1,
                                                                                                    "Actual Startup Time": 10.136,
                                                                                                    "Actual Total Time": 10.137,
                                                                                                    "Actual Rows": 2845,
                                                                                                    "Actual Loops": 1
                                                                                                },
                                                                                                {
                                                                                                    "Worker Number": 2,
                                                                                                    "Actual Startup Time": 10.16,
                                                                                                    "Actual Total Time": 10.16,
                                                                                                    "Actual Rows": 1843,
                                                                                                    "Actual Loops": 1
                                                                                                },
                                                                                                {
                                                                                                    "Worker Number": 3,
                                                                                                    "Actual Startup Time": 10.161,
                                                                                                    "Actual Total Time": 10.164,
                                                                                                    "Actual Rows": 1933,
                                                                                                    "Actual Loops": 1
                                                                                                }
                                                                                            ],
                                                                                            "Plans": [
                                                                                                {
                                                                                                    "Node Type": "Seq Scan",
                                                                                                    "Parent Relationship": "Outer",
                                                                                                    "Parallel Aware": true,
                                                                                                    "Relation Name": "company_name",
                                                                                                    "Schema": "public",
                                                                                                    "Alias": "cn",
                                                                                                    "Startup Cost": 0.0,
                                                                                                    "Total Cost": 4722.92,
                                                                                                    "Plan Rows": 6211,
                                                                                                    "Plan Width": 4,
                                                                                                    "Actual Startup Time": 0.036,
                                                                                                    "Actual Total Time": 9.185,
                                                                                                    "Actual Rows": 2079,
                                                                                                    "Actual Loops": 5,
                                                                                                    "Output": [
                                                                                                        "cn.id"
                                                                                                    ],
                                                                                                    "Filter": "((cn.country_code)::text = '[fr]'::text)",
                                                                                                    "Rows Removed by Filter": 44921,
                                                                                                    "Workers": [
                                                                                                        {
                                                                                                            "Worker Number": 0,
                                                                                                            "Actual Startup Time": 0.042,
                                                                                                            "Actual Total Time": 9.097,
                                                                                                            "Actual Rows": 1829,
                                                                                                            "Actual Loops": 1
                                                                                                        },
                                                                                                        {
                                                                                                            "Worker Number": 1,
                                                                                                            "Actual Startup Time": 0.032,
                                                                                                            "Actual Total Time": 9.179,
                                                                                                            "Actual Rows": 2845,
                                                                                                            "Actual Loops": 1
                                                                                                        },
                                                                                                        {
                                                                                                            "Worker Number": 2,
                                                                                                            "Actual Startup Time": 0.043,
                                                                                                            "Actual Total Time": 9.137,
                                                                                                            "Actual Rows": 1843,
                                                                                                            "Actual Loops": 1
                                                                                                        },
                                                                                                        {
                                                                                                            "Worker Number": 3,
                                                                                                            "Actual Startup Time": 0.046,
                                                                                                            "Actual Total Time": 9.261,
                                                                                                            "Actual Rows": 1933,
                                                                                                            "Actual Loops": 1
                                                                                                        }
                                                                                                    ]
                                                                                                }
                                                                                            ]
                                                                                        }
                                                                                    ]
                                                                                },
                                                                                {
                                                                                    "Node Type": "Hash",
                                                                                    "Parent Relationship": "Inner",
                                                                                    "Parallel Aware": true,
                                                                                    "Startup Cost": 42319.06,
                                                                                    "Total Cost": 42319.06,
                                                                                    "Plan Rows": 632106,
                                                                                    "Plan Width": 21,
                                                                                    "Actual Startup Time": 443.521,
                                                                                    "Actual Total Time": 443.523,
                                                                                    "Actual Rows": 505662,
                                                                                    "Actual Loops": 5,
                                                                                    "Output": [
                                                                                        "t.title",
                                                                                        "t.id"
                                                                                    ],
                                                                                    "Hash Buckets": 4194304,
                                                                                    "Original Hash Buckets": 4194304,
                                                                                    "Hash Batches": 1,
                                                                                    "Original Hash Batches": 1,
                                                                                    "Peak Memory Usage": 174816,
                                                                                    "Workers": [
                                                                                        {
                                                                                            "Worker Number": 0,
                                                                                            "Actual Startup Time": 449.797,
                                                                                            "Actual Total Time": 449.8,
                                                                                            "Actual Rows": 452483,
                                                                                            "Actual Loops": 1
                                                                                        },
                                                                                        {
                                                                                            "Worker Number": 1,
                                                                                            "Actual Startup Time": 418.1,
                                                                                            "Actual Total Time": 418.102,
                                                                                            "Actual Rows": 657285,
                                                                                            "Actual Loops": 1
                                                                                        },
                                                                                        {
                                                                                            "Worker Number": 2,
                                                                                            "Actual Startup Time": 449.837,
                                                                                            "Actual Total Time": 449.838,
                                                                                            "Actual Rows": 469447,
                                                                                            "Actual Loops": 1
                                                                                        },
                                                                                        {
                                                                                            "Worker Number": 3,
                                                                                            "Actual Startup Time": 449.893,
                                                                                            "Actual Total Time": 449.894,
                                                                                            "Actual Rows": 471467,
                                                                                            "Actual Loops": 1
                                                                                        }
                                                                                    ],
                                                                                    "Plans": [
                                                                                        {
                                                                                            "Node Type": "Seq Scan",
                                                                                            "Parent Relationship": "Outer",
                                                                                            "Parallel Aware": true,
                                                                                            "Relation Name": "title",
                                                                                            "Schema": "public",
                                                                                            "Alias": "t",
                                                                                            "Startup Cost": 0.0,
                                                                                            "Total Cost": 42319.06,
                                                                                            "Plan Rows": 632106,
                                                                                            "Plan Width": 21,
                                                                                            "Actual Startup Time": 0.051,
                                                                                            "Actual Total Time": 113.437,
                                                                                            "Actual Rows": 505662,
                                                                                            "Actual Loops": 5,
                                                                                            "Output": [
                                                                                                "t.title",
                                                                                                "t.id"
                                                                                            ],
                                                                                            "Workers": [
                                                                                                {
                                                                                                    "Worker Number": 0,
                                                                                                    "Actual Startup Time": 0.057,
                                                                                                    "Actual Total Time": 113.812,
                                                                                                    "Actual Rows": 452483,
                                                                                                    "Actual Loops": 1
                                                                                                },
                                                                                                {
                                                                                                    "Worker Number": 1,
                                                                                                    "Actual Startup Time": 0.036,
                                                                                                    "Actual Total Time": 107.847,
                                                                                                    "Actual Rows": 657285,
                                                                                                    "Actual Loops": 1
                                                                                                },
                                                                                                {
                                                                                                    "Worker Number": 2,
                                                                                                    "Actual Startup Time": 0.062,
                                                                                                    "Actual Total Time": 115.935,
                                                                                                    "Actual Rows": 469447,
                                                                                                    "Actual Loops": 1
                                                                                                },
                                                                                                {
                                                                                                    "Worker Number": 3,
                                                                                                    "Actual Startup Time": 0.063,
                                                                                                    "Actual Total Time": 114.882,
                                                                                                    "Actual Rows": 471467,
                                                                                                    "Actual Loops": 1
                                                                                                }
                                                                                            ]
                                                                                        }
                                                                                    ]
                                                                                }
                                                                            ]
                                                                        }
                                                                    ]
                                                                }
                                                            ]
                                                        },
                                                        {
                                                            "Node Type": "Hash",
                                                            "Parent Relationship": "Inner",
                                                            "Parallel Aware": true,
                                                            "Startup Cost": 14303.56,
                                                            "Total Cost": 14303.56,
                                                            "Plan Rows": 290756,
                                                            "Plan Width": 20,
                                                            "Actual Startup Time": 158.05,
                                                            "Actual Total Time": 158.052,
                                                            "Actual Rows": 180269,
                                                            "Actual Loops": 5,
                                                            "Output": [
                                                                "an1.name",
                                                                "an1.person_id"
                                                            ],
                                                            "Hash Buckets": 1048576,
                                                            "Original Hash Buckets": 1048576,
                                                            "Hash Batches": 1,
                                                            "Original Hash Batches": 1,
                                                            "Peak Memory Usage": 58144,
                                                            "Workers": [
                                                                {
                                                                    "Worker Number": 0,
                                                                    "Actual Startup Time": 160.401,
                                                                    "Actual Total Time": 160.402,
                                                                    "Actual Rows": 152873,
                                                                    "Actual Loops": 1
                                                                },
                                                                {
                                                                    "Worker Number": 1,
                                                                    "Actual Startup Time": 160.303,
                                                                    "Actual Total Time": 160.305,
                                                                    "Actual Rows": 221040,
                                                                    "Actual Loops": 1
                                                                },
                                                                {
                                                                    "Worker Number": 2,
                                                                    "Actual Startup Time": 160.309,
                                                                    "Actual Total Time": 160.31,
                                                                    "Actual Rows": 159883,
                                                                    "Actual Loops": 1
                                                                },
                                                                {
                                                                    "Worker Number": 3,
                                                                    "Actual Startup Time": 160.28,
                                                                    "Actual Total Time": 160.281,
                                                                    "Actual Rows": 168576,
                                                                    "Actual Loops": 1
                                                                }
                                                            ],
                                                            "Plans": [
                                                                {
                                                                    "Node Type": "Seq Scan",
                                                                    "Parent Relationship": "Outer",
                                                                    "Parallel Aware": true,
                                                                    "Relation Name": "aka_name",
                                                                    "Schema": "public",
                                                                    "Alias": "an1",
                                                                    "Startup Cost": 0.0,
                                                                    "Total Cost": 14303.56,
                                                                    "Plan Rows": 290756,
                                                                    "Plan Width": 20,
                                                                    "Actual Startup Time": 0.054,
                                                                    "Actual Total Time": 52.411,
                                                                    "Actual Rows": 180269,
                                                                    "Actual Loops": 5,
                                                                    "Output": [
                                                                        "an1.name",
                                                                        "an1.person_id"
                                                                    ],
                                                                    "Workers": [
                                                                        {
                                                                            "Worker Number": 0,
                                                                            "Actual Startup Time": 0.053,
                                                                            "Actual Total Time": 50.674,
                                                                            "Actual Rows": 152873,
                                                                            "Actual Loops": 1
                                                                        },
                                                                        {
                                                                            "Worker Number": 1,
                                                                            "Actual Startup Time": 0.065,
                                                                            "Actual Total Time": 52.031,
                                                                            "Actual Rows": 221040,
                                                                            "Actual Loops": 1
                                                                        },
                                                                        {
                                                                            "Worker Number": 2,
                                                                            "Actual Startup Time": 0.066,
                                                                            "Actual Total Time": 53.542,
                                                                            "Actual Rows": 159883,
                                                                            "Actual Loops": 1
                                                                        },
                                                                        {
                                                                            "Worker Number": 3,
                                                                            "Actual Startup Time": 0.073,
                                                                            "Actual Total Time": 52.781,
                                                                            "Actual Rows": 168576,
                                                                            "Actual Loops": 1
                                                                        }
                                                                    ]
                                                                }
                                                            ]
                                                        }
                                                    ]
                                                }
                                            ]
                                        }
                                    ]
                                }
                            ]
                        }
                    ]
                }
            ]
        },
        "Planning Time": 2433.746,
        "Triggers": [],
        "Execution Time": 3510.927
    }
]