[
  {
    "Plan": {
      "Node Type": "Aggregate",
      "Strategy": "Plain",
      "Partial Mode": "Finalize",
      "Parallel Aware": false,
      "Startup Cost": 33033.31,
      "Total Cost": 33033.32,
      "Plan Rows": 1,
      "Plan Width": 8,
      "Actual Startup Time": 86.271,
      "Actual Total Time": 98.139,
      "Actual Rows": 1,
      "Actual Loops": 1,
      "Plans": [
        {
          "Node Type": "Gather",
          "Parent Relationship": "Outer",
          "Parallel Aware": false,
          "Startup Cost": 33032.99,
          "Total Cost": 33033.3,
          "Plan Rows": 3,
          "Plan Width": 8,
          "Actual Startup Time": 85.557,
          "Actual Total Time": 98.131,
          "Actual Rows": 4,
          "Actual Loops": 1,
          "Workers Planned": 3,
          "Workers Launched": 3,
          "Single Copy": false,
          "Plans": [
            {
              "Node Type": "Aggregate",
              "Strategy": "Plain",
              "Partial Mode": "Partial",
              "Parent Relationship": "Outer",
              "Parallel Aware": false,
              "Startup Cost": 32032.99,
              "Total Cost": 32033.0,
              "Plan Rows": 1,
              "Plan Width": 8,
              "Actual Startup Time": 80.66,
              "Actual Total Time": 80.661,
              "Actual Rows": 1,
              "Actual Loops": 4,
              "Plans": [
                {
                  "Node Type": "Seq Scan",
                  "Parent Relationship": "Outer",
                  "Parallel Aware": true,
                  "Relation Name": "movie_companies",
                  "Alias": "mc",
                  "Startup Cost": 0.0,
                  "Total Cost": 31414.82,
                  "Plan Rows": 247269,
                  "Plan Width": 0,
                  "Actual Startup Time": 4.083,
                  "Actual Total Time": 73.847,
                  "Actual Rows": 137340,
                  "Actual Loops": 4,
                  "Filter": "((company_id > 6036) AND (company_type_id = 1))",
                  "Rows Removed by Filter": 514942
                }
              ]
            }
          ]
        }
      ]
    },
    "Planning Time": 0.162,
    "Triggers": [],
    "Execution Time": 98.17
  }
]