[
    {
        "Bao": {
            "Bao prediction": "NaN",
            "Bao recommended hint": "(no hint)"
        }
    },
    {
        "Plan": {
            "Node Type": "Aggregate",
            "Strategy": "Plain",
            "Partial Mode": "Simple",
            "Parallel Aware": false,
            "Startup Cost": 18437.85,
            "Total Cost": 18437.86,
            "Plan Rows": 1,
            "Plan Width": 8,
            "Actual Startup Time": 16.335,
            "Actual Total Time": 16.337,
            "Actual Rows": 1,
            "Actual Loops": 1,
            "Output": [
                "count(*)"
            ],
            "Plans": [
                {
                    "Node Type": "Bitmap Heap Scan",
                    "Parent Relationship": "Outer",
                    "Parallel Aware": false,
                    "Relation Name": "movie_companies",
                    "Schema": "public",
                    "Alias": "mc",
                    "Startup Cost": 286.88,
                    "Total Cost": 18404.8,
                    "Plan Rows": 13220,
                    "Plan Width": 0,
                    "Actual Startup Time": 3.355,
                    "Actual Total Time": 14.778,
                    "Actual Rows": 12948,
                    "Actual Loops": 1,
                    "Recheck Cond": "(mc.company_id = 11137)",
                    "Rows Removed by Index Recheck": 0,
                    "Exact Heap Blocks": 3577,
                    "Lossy Heap Blocks": 0,
                    "Plans": [
                        {
                            "Node Type": "Bitmap Index Scan",
                            "Parent Relationship": "Outer",
                            "Parallel Aware": false,
                            "Index Name": "company_id_movie_companies",
                            "Startup Cost": 0.0,
                            "Total Cost": 283.58,
                            "Plan Rows": 13220,
                            "Plan Width": 0,
                            "Actual Startup Time": 2.068,
                            "Actual Total Time": 2.069,
                            "Actual Rows": 12948,
                            "Actual Loops": 1,
                            "Index Cond": "(mc.company_id = 11137)"
                        }
                    ]
                }
            ]
        },
        "Planning Time": 288.594,
        "Triggers": [],
        "Execution Time": 16.418
    }
]