{
  "Plan": {
    "Node Type": "Aggregate",
    "Strategy": "Plain",
    "Partial Mode": "Finalize",
    "Parallel Aware": false,
    "Startup Cost": 112215.73,
    "Total Cost": 112215.74,
    "Plan Rows": 1,
    "Plan Width": 8,
    "Actual Startup Time": 518.489,
    "Actual Total Time": 534.979,
    "Actual Rows": 1,
    "Actual Loops": 1,
    "Plans": [
      {
        "Node Type": "Gather",
        "Parent Relationship": "Outer",
        "Parallel Aware": false,
        "Startup Cost": 112215.62,
        "Total Cost": 112215.73,
        "Plan Rows": 1,
        "Plan Width": 8,
        "Actual Startup Time": 517.092,
        "Actual Total Time": 534.972,
        "Actual Rows": 2,
        "Actual Loops": 1,
        "Workers Planned": 1,
        "Workers Launched": 1,
        "Single Copy": false,
        "Plans": [
          {
            "Node Type": "Aggregate",
            "Strategy": "Plain",
            "Partial Mode": "Partial",
            "Parent Relationship": "Outer",
            "Parallel Aware": false,
            "Startup Cost": 111215.62,
            "Total Cost": 111215.63,
            "Plan Rows": 1,
            "Plan Width": 8,
            "Actual Startup Time": 510.818,
            "Actual Total Time": 510.822,
            "Actual Rows": 1,
            "Actual Loops": 2,
            "Plans": [
              {
                "Node Type": "Hash Join",
                "Parent Relationship": "Outer",
                "Parallel Aware": true,
                "Join Type": "Inner",
                "Startup Cost": 79872.63,
                "Total Cost": 110868.54,
                "Plan Rows": 138834,
                "Plan Width": 0,
                "Actual Startup Time": 354.882,
                "Actual Total Time": 509.131,
                "Actual Rows": 30978,
                "Actual Loops": 2,
                "Inner Unique": true,
                "Hash Cond": "(mk.movie_id = t.id)",
                "Plans": [
                  {
                    "Node Type": "Bitmap Heap Scan",
                    "Parent Relationship": "Outer",
                    "Parallel Aware": true,
                    "Relation Name": "movie_keyword",
                    "Alias": "mk",
                    "Startup Cost": 15598.92,
                    "Total Cost": 45459.46,
                    "Plan Rows": 432523,
                    "Plan Width": 4,
                    "Actual Startup Time": 47.857,
                    "Actual Total Time": 138.733,
                    "Actual Rows": 362263,
                    "Actual Loops": 2,
                    "Recheck Cond": "(keyword_id > 25884)",
                    "Rows Removed by Index Recheck": 0,
                    "Exact Heap Blocks": 13545,
                    "Lossy Heap Blocks": 0,
                    "Plans": [
                      {
                        "Node Type": "Bitmap Index Scan",
                        "Parent Relationship": "Outer",
                        "Parallel Aware": false,
                        "Index Name": "keyword_id_movie_keyword",
                        "Startup Cost": 0.0,
                        "Total Cost": 15415.1,
                        "Plan Rows": 735289,
                        "Plan Width": 0,
                        "Actual Startup Time": 44.331,
                        "Actual Total Time": 44.332,
                        "Actual Rows": 724526,
                        "Actual Loops": 1,
                        "Index Cond": "(keyword_id > 25884)"
                      }
                    ]
                  },
                  {
                    "Node Type": "Hash",
                    "Parent Relationship": "Inner",
                    "Parallel Aware": true,
                    "Startup Cost": 58306.47,
                    "Total Cost": 58306.47,
                    "Plan Rows": 477379,
                    "Plan Width": 4,
                    "Actual Startup Time": 297.776,
                    "Actual Total Time": 297.777,
                    "Actual Rows": 440972,
                    "Actual Loops": 2,
                    "Hash Buckets": 1048576,
                    "Original Hash Buckets": 1048576,
                    "Hash Batches": 1,
                    "Original Hash Batches": 1,
                    "Peak Memory Usage": 42720,
                    "Plans": [
                      {
                        "Node Type": "Seq Scan",
                        "Parent Relationship": "Outer",
                        "Parallel Aware": true,
                        "Relation Name": "title",
                        "Alias": "t",
                        "Startup Cost": 0.0,
                        "Total Cost": 58306.47,
                        "Plan Rows": 477379,
                        "Plan Width": 4,
                        "Actual Startup Time": 0.049,
                        "Actual Total Time": 167.063,
                        "Actual Rows": 440972,
                        "Actual Loops": 2,
                        "Filter": "((production_year > 2001) AND (kind_id = 7))",
                        "Rows Removed by Filter": 823184
                      }
                    ]
                  }
                ]
              }
            ]
          }
        ]
      }
    ]
  },
  "Planning Time": 0.568,
  "Triggers": [],
  "Execution Time": 535.066
}