[
  {
    "Plan": {
      "Node Type": "Aggregate",
      "Strategy": "Plain",
      "Partial Mode": "Finalize",
      "Parallel Aware": false,
      "Startup Cost": 45946.1,
      "Total Cost": 45946.11,
      "Plan Rows": 1,
      "Plan Width": 8,
      "Actual Startup Time": 158.877,
      "Actual Total Time": 168.88,
      "Actual Rows": 1,
      "Actual Loops": 1,
      "Plans": [
        {
          "Node Type": "Gather",
          "Parent Relationship": "Outer",
          "Parallel Aware": false,
          "Startup Cost": 45945.79,
          "Total Cost": 45946.1,
          "Plan Rows": 3,
          "Plan Width": 8,
          "Actual Startup Time": 158.713,
          "Actual Total Time": 168.869,
          "Actual Rows": 4,
          "Actual Loops": 1,
          "Workers Planned": 3,
          "Workers Launched": 3,
          "Single Copy": false,
          "Plans": [
            {
              "Node Type": "Aggregate",
              "Strategy": "Plain",
              "Partial Mode": "Partial",
              "Parent Relationship": "Outer",
              "Parallel Aware": false,
              "Startup Cost": 44945.79,
              "Total Cost": 44945.8,
              "Plan Rows": 1,
              "Plan Width": 8,
              "Actual Startup Time": 151.471,
              "Actual Total Time": 151.472,
              "Actual Rows": 1,
              "Actual Loops": 4,
              "Plans": [
                {
                  "Node Type": "Seq Scan",
                  "Parent Relationship": "Outer",
                  "Parallel Aware": true,
                  "Relation Name": "movie_keyword",
                  "Alias": "mk",
                  "Startup Cost": 0.0,
                  "Total Cost": 42695.65,
                  "Plan Rows": 900053,
                  "Plan Width": 0,
                  "Actual Startup Time": 0.161,
                  "Actual Total Time": 119.435,
                  "Actual Rows": 698664,
                  "Actual Loops": 4,
                  "Filter": "(keyword_id > 2811)",
                  "Rows Removed by Filter": 432318
                }
              ]
            }
          ]
        }
      ]
    },
    "Planning Time": 0.112,
    "Triggers": [],
    "Execution Time": 168.908
  }
]