[
  {
    "Plan": {
      "Node Type": "Aggregate",
      "Strategy": "Plain",
      "Partial Mode": "Finalize",
      "Parallel Aware": false,
      "Startup Cost": 89652.6,
      "Total Cost": 89652.61,
      "Plan Rows": 1,
      "Plan Width": 8,
      "Actual Startup Time": 496.458,
      "Actual Total Time": 512.19,
      "Actual Rows": 1,
      "Actual Loops": 1,
      "Plans": [
        {
          "Node Type": "Gather",
          "Parent Relationship": "Outer",
          "Parallel Aware": false,
          "Startup Cost": 89652.28,
          "Total Cost": 89652.59,
          "Plan Rows": 3,
          "Plan Width": 8,
          "Actual Startup Time": 482.136,
          "Actual Total Time": 512.175,
          "Actual Rows": 4,
          "Actual Loops": 1,
          "Workers Planned": 3,
          "Workers Launched": 3,
          "Single Copy": false,
          "Plans": [
            {
              "Node Type": "Aggregate",
              "Strategy": "Plain",
              "Partial Mode": "Partial",
              "Parent Relationship": "Outer",
              "Parallel Aware": false,
              "Startup Cost": 88652.28,
              "Total Cost": 88652.29,
              "Plan Rows": 1,
              "Plan Width": 8,
              "Actual Startup Time": 470.359,
              "Actual Total Time": 470.364,
              "Actual Rows": 1,
              "Actual Loops": 4,
              "Plans": [
                {
                  "Node Type": "Hash Join",
                  "Parent Relationship": "Outer",
                  "Parallel Aware": true,
                  "Join Type": "Inner",
                  "Startup Cost": 61243.94,
                  "Total Cost": 88233.23,
                  "Plan Rows": 167622,
                  "Plan Width": 0,
                  "Actual Startup Time": 369.936,
                  "Actual Total Time": 464.184,
                  "Actual Rows": 129466,
                  "Actual Loops": 4,
                  "Inner Unique": true,
                  "Hash Cond": "(mk.movie_id = t.id)",
                  "Plans": [
                    {
                      "Node Type": "Bitmap Heap Scan",
                      "Parent Relationship": "Outer",
                      "Parallel Aware": true,
                      "Relation Name": "movie_keyword",
                      "Alias": "mk",
                      "Startup Cost": 11023.56,
                      "Total Cost": 37572.84,
                      "Plan Rows": 167622,
                      "Plan Width": 4,
                      "Actual Startup Time": 34.208,
                      "Actual Total Time": 88.378,
                      "Actual Rows": 129466,
                      "Actual Loops": 4,
                      "Recheck Cond": "(keyword_id > 34957)",
                      "Rows Removed by Index Recheck": 0,
                      "Exact Heap Blocks": 6713,
                      "Lossy Heap Blocks": 0,
                      "Plans": [
                        {
                          "Node Type": "Bitmap Index Scan",
                          "Parent Relationship": "Outer",
                          "Parallel Aware": false,
                          "Index Name": "keyword_id_movie_keyword",
                          "Startup Cost": 0.0,
                          "Total Cost": 10893.65,
                          "Plan Rows": 519629,
                          "Plan Width": 0,
                          "Actual Startup Time": 30.777,
                          "Actual Total Time": 30.778,
                          "Actual Rows": 517862,
                          "Actual Loops": 1,
                          "Index Cond": "(keyword_id > 34957)"
                        }
                      ]
                    },
                    {
                      "Node Type": "Hash",
                      "Parent Relationship": "Inner",
                      "Parallel Aware": true,
                      "Startup Cost": 42319.06,
                      "Total Cost": 42319.06,
                      "Plan Rows": 632106,
                      "Plan Width": 4,
                      "Actual Startup Time": 327.829,
                      "Actual Total Time": 327.83,
                      "Actual Rows": 632078,
                      "Actual Loops": 4,
                      "Hash Buckets": 4194304,
                      "Original Hash Buckets": 4194304,
                      "Hash Batches": 1,
                      "Original Hash Batches": 1,
                      "Peak Memory Usage": 131744,
                      "Plans": [
                        {
                          "Node Type": "Seq Scan",
                          "Parent Relationship": "Outer",
                          "Parallel Aware": true,
                          "Relation Name": "title",
                          "Alias": "t",
                          "Startup Cost": 0.0,
                          "Total Cost": 42319.06,
                          "Plan Rows": 632106,
                          "Plan Width": 4,
                          "Actual Startup Time": 0.017,
                          "Actual Total Time": 98.357,
                          "Actual Rows": 632078,
                          "Actual Loops": 4
                        }
                      ]
                    }
                  ]
                }
              ]
            }
          ]
        }
      ]
    },
    "Planning Time": 0.228,
    "Triggers": [],
    "Execution Time": 512.236
  }
]