[
  {
    "Plan": {
      "Node Type": "Aggregate",
      "Strategy": "Plain",
      "Partial Mode": "Finalize",
      "Parallel Aware": false,
      "Startup Cost": 90069.02,
      "Total Cost": 90069.03,
      "Plan Rows": 1,
      "Plan Width": 8,
      "Actual Startup Time": 515.635,
      "Actual Total Time": 532.188,
      "Actual Rows": 1,
      "Actual Loops": 1,
      "Plans": [
        {
          "Node Type": "Gather",
          "Parent Relationship": "Outer",
          "Parallel Aware": false,
          "Startup Cost": 90068.71,
          "Total Cost": 90069.02,
          "Plan Rows": 3,
          "Plan Width": 8,
          "Actual Startup Time": 508.445,
          "Actual Total Time": 532.178,
          "Actual Rows": 4,
          "Actual Loops": 1,
          "Workers Planned": 3,
          "Workers Launched": 3,
          "Single Copy": false,
          "Plans": [
            {
              "Node Type": "Aggregate",
              "Strategy": "Plain",
              "Partial Mode": "Partial",
              "Parent Relationship": "Outer",
              "Parallel Aware": false,
              "Startup Cost": 89068.71,
              "Total Cost": 89068.72,
              "Plan Rows": 1,
              "Plan Width": 8,
              "Actual Startup Time": 489.834,
              "Actual Total Time": 489.838,
              "Actual Rows": 1,
              "Actual Loops": 4,
              "Plans": [
                {
                  "Node Type": "Hash Join",
                  "Parent Relationship": "Outer",
                  "Parallel Aware": true,
                  "Join Type": "Inner",
                  "Startup Cost": 61571.85,
                  "Total Cost": 88637.1,
                  "Plan Rows": 172644,
                  "Plan Width": 0,
                  "Actual Startup Time": 382.995,
                  "Actual Total Time": 483.559,
                  "Actual Rows": 129466,
                  "Actual Loops": 4,
                  "Inner Unique": true,
                  "Hash Cond": "(mk.movie_id = t.id)",
                  "Plans": [
                    {
                      "Node Type": "Bitmap Heap Scan",
                      "Parent Relationship": "Outer",
                      "Parallel Aware": true,
                      "Relation Name": "movie_keyword",
                      "Alias": "mk",
                      "Startup Cost": 11352.21,
                      "Total Cost": 37964.26,
                      "Plan Rows": 172644,
                      "Plan Width": 4,
                      "Actual Startup Time": 40.422,
                      "Actual Total Time": 96.862,
                      "Actual Rows": 129466,
                      "Actual Loops": 4,
                      "Recheck Cond": "(keyword_id > 34957)",
                      "Rows Removed by Index Recheck": 0,
                      "Exact Heap Blocks": 6623,
                      "Lossy Heap Blocks": 0,
                      "Plans": [
                        {
                          "Node Type": "Bitmap Index Scan",
                          "Parent Relationship": "Outer",
                          "Parallel Aware": false,
                          "Index Name": "keyword_id_movie_keyword",
                          "Startup Cost": 0.0,
                          "Total Cost": 11218.41,
                          "Plan Rows": 535197,
                          "Plan Width": 0,
                          "Actual Startup Time": 36.767,
                          "Actual Total Time": 36.768,
                          "Actual Rows": 517862,
                          "Actual Loops": 1,
                          "Index Cond": "(keyword_id > 34957)"
                        }
                      ]
                    },
                    {
                      "Node Type": "Hash",
                      "Parent Relationship": "Inner",
                      "Parallel Aware": true,
                      "Startup Cost": 42318.73,
                      "Total Cost": 42318.73,
                      "Plan Rows": 632073,
                      "Plan Width": 4,
                      "Actual Startup Time": 331.365,
                      "Actual Total Time": 331.366,
                      "Actual Rows": 632078,
                      "Actual Loops": 4,
                      "Hash Buckets": 4194304,
                      "Original Hash Buckets": 4194304,
                      "Hash Batches": 1,
                      "Original Hash Batches": 1,
                      "Peak Memory Usage": 131744,
                      "Plans": [
                        {
                          "Node Type": "Seq Scan",
                          "Parent Relationship": "Outer",
                          "Parallel Aware": true,
                          "Relation Name": "title",
                          "Alias": "t",
                          "Startup Cost": 0.0,
                          "Total Cost": 42318.73,
                          "Plan Rows": 632073,
                          "Plan Width": 4,
                          "Actual Startup Time": 0.038,
                          "Actual Total Time": 96.923,
                          "Actual Rows": 632078,
                          "Actual Loops": 4
                        }
                      ]
                    }
                  ]
                }
              ]
            }
          ]
        }
      ]
    },
    "Planning Time": 0.623,
    "Triggers": [],
    "Execution Time": 532.276
  }
]