[
  {
    "Plan": {
      "Node Type": "Aggregate",
      "Strategy": "Plain",
      "Partial Mode": "Finalize",
      "Parallel Aware": false,
      "Startup Cost": 353612.52,
      "Total Cost": 353612.53,
      "Plan Rows": 1,
      "Plan Width": 8,
      "Actual Startup Time": 913.844,
      "Actual Total Time": 971.558,
      "Actual Rows": 1,
      "Actual Loops": 1,
      "Plans": [
        {
          "Node Type": "Gather",
          "Parent Relationship": "Outer",
          "Parallel Aware": false,
          "Startup Cost": 353611.89,
          "Total Cost": 353612.5,
          "Plan Rows": 6,
          "Plan Width": 8,
          "Actual Startup Time": 913.64,
          "Actual Total Time": 971.542,
          "Actual Rows": 7,
          "Actual Loops": 1,
          "Workers Planned": 6,
          "Workers Launched": 6,
          "Single Copy": false,
          "Plans": [
            {
              "Node Type": "Aggregate",
              "Strategy": "Plain",
              "Partial Mode": "Partial",
              "Parent Relationship": "Outer",
              "Parallel Aware": false,
              "Startup Cost": 352611.89,
              "Total Cost": 352611.9,
              "Plan Rows": 1,
              "Plan Width": 8,
              "Actual Startup Time": 905.699,
              "Actual Total Time": 905.701,
              "Actual Rows": 1,
              "Actual Loops": 7,
              "Plans": [
                {
                  "Node Type": "Seq Scan",
                  "Parent Relationship": "Outer",
                  "Parallel Aware": true,
                  "Relation Name": "cast_info",
                  "Alias": "ci",
                  "Startup Cost": 0.0,
                  "Total Cost": 343316.27,
                  "Plan Rows": 3718249,
                  "Plan Width": 0,
                  "Actual Startup Time": 231.799,
                  "Actual Total Time": 746.634,
                  "Actual Rows": 3286970,
                  "Actual Loops": 7,
                  "Filter": "((person_id > 193553) AND (role_id > 1))",
                  "Rows Removed by Filter": 1890793
                }
              ]
            }
          ]
        }
      ]
    },
    "Planning Time": 0.188,
    "Triggers": [],
    "Execution Time": 971.627
  }
]