[
  {
    "Plan": {
      "Node Type": "Aggregate",
      "Strategy": "Plain",
      "Partial Mode": "Finalize",
      "Parallel Aware": false,
      "Startup Cost": 52763.59,
      "Total Cost": 52763.6,
      "Plan Rows": 1,
      "Plan Width": 8,
      "Actual Startup Time": 68.676,
      "Actual Total Time": 78.481,
      "Actual Rows": 1,
      "Actual Loops": 1,
      "Plans": [
        {
          "Node Type": "Gather",
          "Parent Relationship": "Outer",
          "Parallel Aware": false,
          "Startup Cost": 52763.28,
          "Total Cost": 52763.59,
          "Plan Rows": 3,
          "Plan Width": 8,
          "Actual Startup Time": 68.552,
          "Actual Total Time": 78.476,
          "Actual Rows": 4,
          "Actual Loops": 1,
          "Workers Planned": 3,
          "Workers Launched": 3,
          "Single Copy": false,
          "Plans": [
            {
              "Node Type": "Aggregate",
              "Strategy": "Plain",
              "Partial Mode": "Partial",
              "Parent Relationship": "Outer",
              "Parallel Aware": false,
              "Startup Cost": 51763.28,
              "Total Cost": 51763.29,
              "Plan Rows": 1,
              "Plan Width": 8,
              "Actual Startup Time": 60.688,
              "Actual Total Time": 60.689,
              "Actual Rows": 1,
              "Actual Loops": 4,
              "Plans": [
                {
                  "Node Type": "Nested Loop",
                  "Parent Relationship": "Outer",
                  "Parallel Aware": false,
                  "Join Type": "Inner",
                  "Startup Cost": 760.67,
                  "Total Cost": 51762.87,
                  "Plan Rows": 162,
                  "Plan Width": 0,
                  "Actual Startup Time": 5.149,
                  "Actual Total Time": 60.669,
                  "Actual Rows": 60,
                  "Actual Loops": 4,
                  "Inner Unique": true,
                  "Plans": [
                    {
                      "Node Type": "Bitmap Heap Scan",
                      "Parent Relationship": "Outer",
                      "Parallel Aware": true,
                      "Relation Name": "movie_companies",
                      "Alias": "mc",
                      "Startup Cost": 760.24,
                      "Total Cost": 20011.78,
                      "Plan Rows": 5542,
                      "Plan Width": 4,
                      "Actual Startup Time": 1.104,
                      "Actual Total Time": 8.486,
                      "Actual Rows": 8879,
                      "Actual Loops": 4,
                      "Recheck Cond": "(company_id = 160)",
                      "Rows Removed by Index Recheck": 0,
                      "Filter": "(company_type_id < 2)",
                      "Rows Removed by Filter": 155,
                      "Exact Heap Blocks": 2518,
                      "Lossy Heap Blocks": 0,
                      "Plans": [
                        {
                          "Node Type": "Bitmap Index Scan",
                          "Parent Relationship": "Outer",
                          "Parallel Aware": false,
                          "Index Name": "company_id_movie_companies",
                          "Startup Cost": 0.0,
                          "Total Cost": 755.95,
                          "Plan Rows": 35136,
                          "Plan Width": 0,
                          "Actual Startup Time": 3.137,
                          "Actual Total Time": 3.137,
                          "Actual Rows": 36136,
                          "Actual Loops": 1,
                          "Index Cond": "(company_id = 160)"
                        }
                      ]
                    },
                    {
                      "Node Type": "Index Scan",
                      "Parent Relationship": "Inner",
                      "Parallel Aware": false,
                      "Scan Direction": "Forward",
                      "Index Name": "title_pkey",
                      "Relation Name": "title",
                      "Alias": "t",
                      "Startup Cost": 0.43,
                      "Total Cost": 5.73,
                      "Plan Rows": 1,
                      "Plan Width": 4,
                      "Actual Startup Time": 0.006,
                      "Actual Total Time": 0.006,
                      "Actual Rows": 0,
                      "Actual Loops": 35517,
                      "Index Cond": "(id = mc.movie_id)",
                      "Rows Removed by Index Recheck": 0,
                      "Filter": "((kind_id = 7) AND (production_year = 2007))",
                      "Rows Removed by Filter": 1
                    }
                  ]
                }
              ]
            }
          ]
        }
      ]
    },
    "Planning Time": 0.334,
    "Triggers": [],
    "Execution Time": 78.527
  }
]