[
  {
    "Plan": {
      "Node Type": "Aggregate",
      "Strategy": "Plain",
      "Partial Mode": "Finalize",
      "Parallel Aware": false,
      "Startup Cost": 222374.4,
      "Total Cost": 222374.41,
      "Plan Rows": 1,
      "Plan Width": 8,
      "Actual Startup Time": 177.085,
      "Actual Total Time": 190.28,
      "Actual Rows": 1,
      "Actual Loops": 1,
      "Plans": [
        {
          "Node Type": "Gather",
          "Parent Relationship": "Outer",
          "Parallel Aware": false,
          "Startup Cost": 222373.88,
          "Total Cost": 222374.39,
          "Plan Rows": 5,
          "Plan Width": 8,
          "Actual Startup Time": 173.612,
          "Actual Total Time": 190.268,
          "Actual Rows": 6,
          "Actual Loops": 1,
          "Workers Planned": 5,
          "Workers Launched": 5,
          "Single Copy": false,
          "Plans": [
            {
              "Node Type": "Aggregate",
              "Strategy": "Plain",
              "Partial Mode": "Partial",
              "Parent Relationship": "Outer",
              "Parallel Aware": false,
              "Startup Cost": 221373.88,
              "Total Cost": 221373.89,
              "Plan Rows": 1,
              "Plan Width": 8,
              "Actual Startup Time": 164.504,
              "Actual Total Time": 164.508,
              "Actual Rows": 1,
              "Actual Loops": 6,
              "Plans": [
                {
                  "Node Type": "Hash Join",
                  "Parent Relationship": "Outer",
                  "Parallel Aware": true,
                  "Join Type": "Inner",
                  "Startup Cost": 50856.26,
                  "Total Cost": 221350.24,
                  "Plan Rows": 9456,
                  "Plan Width": 0,
                  "Actual Startup Time": 144.645,
                  "Actual Total Time": 164.256,
                  "Actual Rows": 3160,
                  "Actual Loops": 6,
                  "Inner Unique": true,
                  "Hash Cond": "(mi.movie_id = t.id)",
                  "Plans": [
                    {
                      "Node Type": "Bitmap Heap Scan",
                      "Parent Relationship": "Outer",
                      "Parallel Aware": true,
                      "Relation Name": "movie_info",
                      "Alias": "mi",
                      "Startup Cost": 3374.32,
                      "Total Cost": 173770.36,
                      "Plan Rows": 37313,
                      "Plan Width": 4,
                      "Actual Startup Time": 8.475,
                      "Actual Total Time": 20.712,
                      "Actual Rows": 30019,
                      "Actual Loops": 6,
                      "Recheck Cond": "(info_type_id = 13)",
                      "Rows Removed by Index Recheck": 0,
                      "Exact Heap Blocks": 1023,
                      "Lossy Heap Blocks": 0,
                      "Plans": [
                        {
                          "Node Type": "Bitmap Index Scan",
                          "Parent Relationship": "Outer",
                          "Parallel Aware": false,
                          "Index Name": "info_type_id_movie_info",
                          "Startup Cost": 0.0,
                          "Total Cost": 3327.68,
                          "Plan Rows": 186566,
                          "Plan Width": 0,
                          "Actual Startup Time": 7.479,
                          "Actual Total Time": 7.482,
                          "Actual Rows": 180112,
                          "Actual Loops": 1,
                          "Index Cond": "(info_type_id = 13)"
                        }
                      ]
                    },
                    {
                      "Node Type": "Hash",
                      "Parent Relationship": "Inner",
                      "Parallel Aware": true,
                      "Startup Cost": 45479.59,
                      "Total Cost": 45479.59,
                      "Plan Rows": 160188,
                      "Plan Width": 4,
                      "Actual Startup Time": 133.639,
                      "Actual Total Time": 133.64,
                      "Actual Rows": 88762,
                      "Actual Loops": 6,
                      "Hash Buckets": 1048576,
                      "Original Hash Buckets": 1048576,
                      "Hash Batches": 1,
                      "Original Hash Batches": 1,
                      "Peak Memory Usage": 29120,
                      "Plans": [
                        {
                          "Node Type": "Seq Scan",
                          "Parent Relationship": "Outer",
                          "Parallel Aware": true,
                          "Relation Name": "title",
                          "Alias": "t",
                          "Startup Cost": 0.0,
                          "Total Cost": 45479.59,
                          "Plan Rows": 160188,
                          "Plan Width": 4,
                          "Actual Startup Time": 0.04,
                          "Actual Total Time": 89.885,
                          "Actual Rows": 88762,
                          "Actual Loops": 6,
                          "Filter": "((kind_id > 1) AND (production_year < 1997))",
                          "Rows Removed by Filter": 332623
                        }
                      ]
                    }
                  ]
                }
              ]
            }
          ]
        }
      ]
    },
    "Planning Time": 0.327,
    "Triggers": [],
    "Execution Time": 190.334
  }
]