{
  "Plan": {
    "Node Type": "Aggregate",
    "Strategy": "Plain",
    "Partial Mode": "Finalize",
    "Parallel Aware": false,
    "Startup Cost": 185114.45,
    "Total Cost": 185114.46,
    "Plan Rows": 1,
    "Plan Width": 8,
    "Actual Startup Time": 1039.832,
    "Actual Total Time": 1061.523,
    "Actual Rows": 1,
    "Actual Loops": 1,
    "Plans": [
      {
        "Node Type": "Gather",
        "Parent Relationship": "Outer",
        "Parallel Aware": false,
        "Startup Cost": 185114.34,
        "Total Cost": 185114.45,
        "Plan Rows": 1,
        "Plan Width": 8,
        "Actual Startup Time": 1037.33,
        "Actual Total Time": 1061.517,
        "Actual Rows": 2,
        "Actual Loops": 1,
        "Workers Planned": 1,
        "Workers Launched": 1,
        "Single Copy": false,
        "Plans": [
          {
            "Node Type": "Aggregate",
            "Strategy": "Plain",
            "Partial Mode": "Partial",
            "Parent Relationship": "Outer",
            "Parallel Aware": false,
            "Startup Cost": 184114.34,
            "Total Cost": 184114.35,
            "Plan Rows": 1,
            "Plan Width": 8,
            "Actual Startup Time": 1031.208,
            "Actual Total Time": 1031.213,
            "Actual Rows": 1,
            "Actual Loops": 2,
            "Plans": [
              {
                "Node Type": "Hash Join",
                "Parent Relationship": "Outer",
                "Parallel Aware": true,
                "Join Type": "Inner",
                "Startup Cost": 113891.06,
                "Total Cost": 182745.51,
                "Plan Rows": 547531,
                "Plan Width": 0,
                "Actual Startup Time": 611.088,
                "Actual Total Time": 996.686,
                "Actual Rows": 873677,
                "Actual Loops": 2,
                "Inner Unique": false,
                "Hash Cond": "(mk.movie_id = t.id)",
                "Plans": [
                  {
                    "Node Type": "Seq Scan",
                    "Parent Relationship": "Outer",
                    "Parallel Aware": true,
                    "Relation Name": "movie_keyword",
                    "Alias": "mk",
                    "Startup Cost": 0.0,
                    "Total Cost": 57718.19,
                    "Plan Rows": 2110799,
                    "Plan Width": 4,
                    "Actual Startup Time": 0.063,
                    "Actual Total Time": 190.478,
                    "Actual Rows": 1790174,
                    "Actual Loops": 2,
                    "Filter": "(keyword_id > 875)",
                    "Rows Removed by Filter": 471790
                  },
                  {
                    "Node Type": "Hash",
                    "Parent Relationship": "Inner",
                    "Parallel Aware": true,
                    "Startup Cost": 109068.79,
                    "Total Cost": 109068.79,
                    "Plan Rows": 385781,
                    "Plan Width": 8,
                    "Actual Startup Time": 601.636,
                    "Actual Total Time": 601.639,
                    "Actual Rows": 209987,
                    "Actual Loops": 2,
                    "Hash Buckets": 1048576,
                    "Original Hash Buckets": 1048576,
                    "Hash Batches": 1,
                    "Original Hash Batches": 1,
                    "Peak Memory Usage": 24640,
                    "Plans": [
                      {
                        "Node Type": "Hash Join",
                        "Parent Relationship": "Outer",
                        "Parallel Aware": true,
                        "Join Type": "Inner",
                        "Startup Cost": 46633.99,
                        "Total Cost": 109068.79,
                        "Plan Rows": 385781,
                        "Plan Width": 8,
                        "Actual Startup Time": 178.494,
                        "Actual Total Time": 539.911,
                        "Actual Rows": 209987,
                        "Actual Loops": 2,
                        "Inner Unique": false,
                        "Hash Cond": "(t.id = mc.movie_id)",
                        "Plans": [
                          {
                            "Node Type": "Seq Scan",
                            "Parent Relationship": "Outer",
                            "Parallel Aware": true,
                            "Relation Name": "title",
                            "Alias": "t",
                            "Startup Cost": 0.0,
                            "Total Cost": 50870.31,
                            "Plan Rows": 1487231,
                            "Plan Width": 4,
                            "Actual Startup Time": 0.012,
                            "Actual Total Time": 120.367,
                            "Actual Rows": 1264156,
                            "Actual Loops": 2
                          },
                          {
                            "Node Type": "Hash",
                            "Parent Relationship": "Inner",
                            "Parallel Aware": true,
                            "Startup Cost": 41811.73,
                            "Total Cost": 41811.73,
                            "Plan Rows": 385781,
                            "Plan Width": 4,
                            "Actual Startup Time": 173.145,
                            "Actual Total Time": 173.146,
                            "Actual Rows": 209987,
                            "Actual Loops": 2,
                            "Hash Buckets": 1048576,
                            "Original Hash Buckets": 1048576,
                            "Hash Batches": 1,
                            "Original Hash Batches": 1,
                            "Peak Memory Usage": 24640,
                            "Plans": [
                              {
                                "Node Type": "Seq Scan",
                                "Parent Relationship": "Outer",
                                "Parallel Aware": true,
                                "Relation Name": "movie_companies",
                                "Alias": "mc",
                                "Startup Cost": 0.0,
                                "Total Cost": 41811.73,
                                "Plan Rows": 385781,
                                "Plan Width": 4,
                                "Actual Startup Time": 66.201,
                                "Actual Total Time": 123.29,
                                "Actual Rows": 209987,
                                "Actual Loops": 2,
                                "Filter": "((company_id < 11244) AND (company_type_id > 1))",
                                "Rows Removed by Filter": 1094578
                              }
                            ]
                          }
                        ]
                      }
                    ]
                  }
                ]
              }
            ]
          }
        ]
      }
    ]
  },
  "Planning Time": 0.955,
  "Triggers": [],
  "Execution Time": 1061.603
}