{
  "Plan": {
    "Node Type": "Aggregate",
    "Strategy": "Plain",
    "Partial Mode": "Finalize",
    "Parallel Aware": false,
    "Startup Cost": 409330.76,
    "Total Cost": 409330.77,
    "Plan Rows": 1,
    "Plan Width": 8,
    "Actual Startup Time": 894.09,
    "Actual Total Time": 910.666,
    "Actual Rows": 1,
    "Actual Loops": 1,
    "Plans": [
      {
        "Node Type": "Gather",
        "Parent Relationship": "Outer",
        "Parallel Aware": false,
        "Startup Cost": 409330.65,
        "Total Cost": 409330.76,
        "Plan Rows": 1,
        "Plan Width": 8,
        "Actual Startup Time": 892.496,
        "Actual Total Time": 910.657,
        "Actual Rows": 2,
        "Actual Loops": 1,
        "Workers Planned": 1,
        "Workers Launched": 1,
        "Single Copy": false,
        "Plans": [
          {
            "Node Type": "Aggregate",
            "Strategy": "Plain",
            "Partial Mode": "Partial",
            "Parent Relationship": "Outer",
            "Parallel Aware": false,
            "Startup Cost": 408330.65,
            "Total Cost": 408330.66,
            "Plan Rows": 1,
            "Plan Width": 8,
            "Actual Startup Time": 886.696,
            "Actual Total Time": 886.7,
            "Actual Rows": 1,
            "Actual Loops": 2,
            "Plans": [
              {
                "Node Type": "Hash Join",
                "Parent Relationship": "Outer",
                "Parallel Aware": true,
                "Join Type": "Inner",
                "Startup Cost": 128253.72,
                "Total Cost": 407242.85,
                "Plan Rows": 435118,
                "Plan Width": 0,
                "Actual Startup Time": 361.591,
                "Actual Total Time": 870.76,
                "Actual Rows": 375990,
                "Actual Loops": 2,
                "Inner Unique": true,
                "Hash Cond": "(ci.movie_id = t.id)",
                "Plans": [
                  {
                    "Node Type": "Bitmap Heap Scan",
                    "Parent Relationship": "Outer",
                    "Parallel Aware": true,
                    "Relation Name": "cast_info",
                    "Alias": "ci",
                    "Startup Cost": 65295.67,
                    "Total Cost": 339719.97,
                    "Plan Rows": 1738984,
                    "Plan Width": 4,
                    "Actual Startup Time": 113.722,
                    "Actual Total Time": 299.07,
                    "Actual Rows": 1421138,
                    "Actual Loops": 2,
                    "Recheck Cond": "(person_id > 3525207)",
                    "Rows Removed by Index Recheck": 0,
                    "Exact Heap Blocks": 21201,
                    "Lossy Heap Blocks": 0,
                    "Plans": [
                      {
                        "Node Type": "Bitmap Index Scan",
                        "Parent Relationship": "Outer",
                        "Parallel Aware": false,
                        "Index Name": "person_id_cast_info",
                        "Startup Cost": 0.0,
                        "Total Cost": 64556.61,
                        "Plan Rows": 2956272,
                        "Plan Width": 0,
                        "Actual Startup Time": 107.218,
                        "Actual Total Time": 107.218,
                        "Actual Rows": 2842277,
                        "Actual Loops": 1,
                        "Index Cond": "(person_id > 3525207)"
                      }
                    ]
                  },
                  {
                    "Node Type": "Hash",
                    "Parent Relationship": "Inner",
                    "Parallel Aware": true,
                    "Startup Cost": 58306.47,
                    "Total Cost": 58306.47,
                    "Plan Rows": 372126,
                    "Plan Width": 4,
                    "Actual Startup Time": 238.679,
                    "Actual Total Time": 238.68,
                    "Actual Rows": 266292,
                    "Actual Loops": 2,
                    "Hash Buckets": 1048576,
                    "Original Hash Buckets": 1048576,
                    "Hash Batches": 1,
                    "Original Hash Batches": 1,
                    "Peak Memory Usage": 29056,
                    "Plans": [
                      {
                        "Node Type": "Seq Scan",
                        "Parent Relationship": "Outer",
                        "Parallel Aware": true,
                        "Relation Name": "title",
                        "Alias": "t",
                        "Startup Cost": 0.0,
                        "Total Cost": 58306.47,
                        "Plan Rows": 372126,
                        "Plan Width": 4,
                        "Actual Startup Time": 0.032,
                        "Actual Total Time": 154.746,
                        "Actual Rows": 266292,
                        "Actual Loops": 2,
                        "Filter": "((kind_id < 7) AND (production_year > 1995))",
                        "Rows Removed by Filter": 997864
                      }
                    ]
                  }
                ]
              }
            ]
          }
        ]
      }
    ]
  },
  "Planning Time": 0.678,
  "Triggers": [],
  "Execution Time": 910.758
}