[
    {
        "Bao": {
            "Bao prediction": 762.378,
            "Bao recommended hint": "(no hint)"
        }
    },
    {
        "Plan": {
            "Node Type": "Aggregate",
            "Strategy": "Plain",
            "Partial Mode": "Finalize",
            "Parallel Aware": false,
            "Startup Cost": 393599.91,
            "Total Cost": 393599.92,
            "Plan Rows": 1,
            "Plan Width": 8,
            "Actual Startup Time": 1376.737,
            "Actual Total Time": 1410.793,
            "Actual Rows": 1,
            "Actual Loops": 1,
            "Output": [
                "count(*)"
            ],
            "Plans": [
                {
                    "Node Type": "Gather",
                    "Parent Relationship": "Outer",
                    "Parallel Aware": false,
                    "Startup Cost": 393599.29,
                    "Total Cost": 393599.9,
                    "Plan Rows": 6,
                    "Plan Width": 8,
                    "Actual Startup Time": 1368.318,
                    "Actual Total Time": 1410.783,
                    "Actual Rows": 7,
                    "Actual Loops": 1,
                    "Output": [
                        "(PARTIAL count(*))"
                    ],
                    "Workers Planned": 6,
                    "Workers Launched": 6,
                    "Single Copy": false,
                    "Plans": [
                        {
                            "Node Type": "Aggregate",
                            "Strategy": "Plain",
                            "Partial Mode": "Partial",
                            "Parent Relationship": "Outer",
                            "Parallel Aware": false,
                            "Startup Cost": 392599.29,
                            "Total Cost": 392599.3,
                            "Plan Rows": 1,
                            "Plan Width": 8,
                            "Actual Startup Time": 1358.1,
                            "Actual Total Time": 1358.103,
                            "Actual Rows": 1,
                            "Actual Loops": 7,
                            "Output": [
                                "PARTIAL count(*)"
                            ],
                            "Workers": [
                                {
                                    "Worker Number": 0,
                                    "Actual Startup Time": 1356.151,
                                    "Actual Total Time": 1356.154,
                                    "Actual Rows": 1,
                                    "Actual Loops": 1
                                },
                                {
                                    "Worker Number": 1,
                                    "Actual Startup Time": 1356.119,
                                    "Actual Total Time": 1356.122,
                                    "Actual Rows": 1,
                                    "Actual Loops": 1
                                },
                                {
                                    "Worker Number": 2,
                                    "Actual Startup Time": 1357.14,
                                    "Actual Total Time": 1357.143,
                                    "Actual Rows": 1,
                                    "Actual Loops": 1
                                },
                                {
                                    "Worker Number": 3,
                                    "Actual Startup Time": 1357.045,
                                    "Actual Total Time": 1357.047,
                                    "Actual Rows": 1,
                                    "Actual Loops": 1
                                },
                                {
                                    "Worker Number": 4,
                                    "Actual Startup Time": 1356.386,
                                    "Actual Total Time": 1356.389,
                                    "Actual Rows": 1,
                                    "Actual Loops": 1
                                },
                                {
                                    "Worker Number": 5,
                                    "Actual Startup Time": 1356.434,
                                    "Actual Total Time": 1356.436,
                                    "Actual Rows": 1,
                                    "Actual Loops": 1
                                }
                            ],
                            "Plans": [
                                {
                                    "Node Type": "Hash Join",
                                    "Parent Relationship": "Outer",
                                    "Parallel Aware": true,
                                    "Join Type": "Inner",
                                    "Startup Cost": 46674.46,
                                    "Total Cost": 391946.03,
                                    "Plan Rows": 261302,
                                    "Plan Width": 0,
                                    "Actual Startup Time": 541.165,
                                    "Actual Total Time": 1333.039,
                                    "Actual Rows": 368205,
                                    "Actual Loops": 7,
                                    "Inner Unique": true,
                                    "Hash Cond": "(ci.movie_id = t.id)",
                                    "Workers": [
                                        {
                                            "Worker Number": 0,
                                            "Actual Startup Time": 539.227,
                                            "Actual Total Time": 1331.278,
                                            "Actual Rows": 330800,
                                            "Actual Loops": 1
                                        },
                                        {
                                            "Worker Number": 1,
                                            "Actual Startup Time": 539.119,
                                            "Actual Total Time": 1331.107,
                                            "Actual Rows": 332778,
                                            "Actual Loops": 1
                                        },
                                        {
                                            "Worker Number": 2,
                                            "Actual Startup Time": 540.702,
                                            "Actual Total Time": 1330.937,
                                            "Actual Rows": 347887,
                                            "Actual Loops": 1
                                        },
                                        {
                                            "Worker Number": 3,
                                            "Actual Startup Time": 539.328,
                                            "Actual Total Time": 1330.922,
                                            "Actual Rows": 346403,
                                            "Actual Loops": 1
                                        },
                                        {
                                            "Worker Number": 4,
                                            "Actual Startup Time": 539.802,
                                            "Actual Total Time": 1330.114,
                                            "Actual Rows": 349848,
                                            "Actual Loops": 1
                                        },
                                        {
                                            "Worker Number": 5,
                                            "Actual Startup Time": 539.473,
                                            "Actual Total Time": 1329.798,
                                            "Actual Rows": 353725,
                                            "Actual Loops": 1
                                        }
                                    ],
                                    "Plans": [
                                        {
                                            "Node Type": "Seq Scan",
                                            "Parent Relationship": "Outer",
                                            "Parallel Aware": true,
                                            "Relation Name": "cast_info",
                                            "Schema": "public",
                                            "Alias": "ci",
                                            "Startup Cost": 0.0,
                                            "Total Cost": 343318.94,
                                            "Plan Rows": 743861,
                                            "Plan Width": 4,
                                            "Actual Startup Time": 386.125,
                                            "Actual Total Time": 756.403,
                                            "Actual Rows": 1448738,
                                            "Actual Loops": 7,
                                            "Output": [
                                                "ci.id",
                                                "ci.person_id",
                                                "ci.movie_id",
                                                "ci.person_role_id",
                                                "ci.note",
                                                "ci.nr_order",
                                                "ci.role_id"
                                            ],
                                            "Filter": "((ci.person_id > 2701755) AND (ci.role_id > 2))",
                                            "Rows Removed by Filter": 3729025,
                                            "Workers": [
                                                {
                                                    "Worker Number": 0,
                                                    "Actual Startup Time": 386.121,
                                                    "Actual Total Time": 762.827,
                                                    "Actual Rows": 1311959,
                                                    "Actual Loops": 1
                                                },
                                                {
                                                    "Worker Number": 1,
                                                    "Actual Startup Time": 386.112,
                                                    "Actual Total Time": 761.45,
                                                    "Actual Rows": 1308747,
                                                    "Actual Loops": 1
                                                },
                                                {
                                                    "Worker Number": 2,
                                                    "Actual Startup Time": 386.124,
                                                    "Actual Total Time": 763.861,
                                                    "Actual Rows": 1365340,
                                                    "Actual Loops": 1
                                                },
                                                {
                                                    "Worker Number": 3,
                                                    "Actual Startup Time": 386.116,
                                                    "Actual Total Time": 765.546,
                                                    "Actual Rows": 1366064,
                                                    "Actual Loops": 1
                                                },
                                                {
                                                    "Worker Number": 4,
                                                    "Actual Startup Time": 386.149,
                                                    "Actual Total Time": 765.407,
                                                    "Actual Rows": 1376409,
                                                    "Actual Loops": 1
                                                },
                                                {
                                                    "Worker Number": 5,
                                                    "Actual Startup Time": 386.139,
                                                    "Actual Total Time": 768.017,
                                                    "Actual Rows": 1377868,
                                                    "Actual Loops": 1
                                                }
                                            ]
                                        },
                                        {
                                            "Node Type": "Hash",
                                            "Parent Relationship": "Inner",
                                            "Parallel Aware": true,
                                            "Startup Cost": 43899.01,
                                            "Total Cost": 43899.01,
                                            "Plan Rows": 222036,
                                            "Plan Width": 4,
                                            "Actual Startup Time": 151.453,
                                            "Actual Total Time": 151.454,
                                            "Actual Rows": 126521,
                                            "Actual Loops": 7,
                                            "Output": [
                                                "t.id"
                                            ],
                                            "Hash Buckets": 1048576,
                                            "Original Hash Buckets": 1048576,
                                            "Hash Batches": 1,
                                            "Original Hash Batches": 1,
                                            "Peak Memory Usage": 42944,
                                            "Workers": [
                                                {
                                                    "Worker Number": 0,
                                                    "Actual Startup Time": 152.149,
                                                    "Actual Total Time": 152.149,
                                                    "Actual Rows": 108483,
                                                    "Actual Loops": 1
                                                },
                                                {
                                                    "Worker Number": 1,
                                                    "Actual Startup Time": 152.139,
                                                    "Actual Total Time": 152.14,
                                                    "Actual Rows": 107863,
                                                    "Actual Loops": 1
                                                },
                                                {
                                                    "Worker Number": 2,
                                                    "Actual Startup Time": 153.518,
                                                    "Actual Total Time": 153.519,
                                                    "Actual Rows": 116430,
                                                    "Actual Loops": 1
                                                },
                                                {
                                                    "Worker Number": 3,
                                                    "Actual Startup Time": 152.472,
                                                    "Actual Total Time": 152.473,
                                                    "Actual Rows": 112666,
                                                    "Actual Loops": 1
                                                },
                                                {
                                                    "Worker Number": 4,
                                                    "Actual Startup Time": 152.603,
                                                    "Actual Total Time": 152.604,
                                                    "Actual Rows": 112916,
                                                    "Actual Loops": 1
                                                },
                                                {
                                                    "Worker Number": 5,
                                                    "Actual Startup Time": 152.562,
                                                    "Actual Total Time": 152.563,
                                                    "Actual Rows": 112406,
                                                    "Actual Loops": 1
                                                }
                                            ],
                                            "Plans": [
                                                {
                                                    "Node Type": "Seq Scan",
                                                    "Parent Relationship": "Outer",
                                                    "Parallel Aware": true,
                                                    "Relation Name": "title",
                                                    "Schema": "public",
                                                    "Alias": "t",
                                                    "Startup Cost": 0.0,
                                                    "Total Cost": 43899.01,
                                                    "Plan Rows": 222036,
                                                    "Plan Width": 4,
                                                    "Actual Startup Time": 0.04,
                                                    "Actual Total Time": 86.937,
                                                    "Actual Rows": 126521,
                                                    "Actual Loops": 7,
                                                    "Output": [
                                                        "t.id"
                                                    ],
                                                    "Filter": "(t.production_year < 1997)",
                                                    "Rows Removed by Filter": 234666,
                                                    "Workers": [
                                                        {
                                                            "Worker Number": 0,
                                                            "Actual Startup Time": 0.048,
                                                            "Actual Total Time": 88.608,
                                                            "Actual Rows": 108483,
                                                            "Actual Loops": 1
                                                        },
                                                        {
                                                            "Worker Number": 1,
                                                            "Actual Startup Time": 0.051,
                                                            "Actual Total Time": 88.754,
                                                            "Actual Rows": 107863,
                                                            "Actual Loops": 1
                                                        },
                                                        {
                                                            "Worker Number": 2,
                                                            "Actual Startup Time": 0.028,
                                                            "Actual Total Time": 89.359,
                                                            "Actual Rows": 116430,
                                                            "Actual Loops": 1
                                                        },
                                                        {
                                                            "Worker Number": 3,
                                                            "Actual Startup Time": 0.047,
                                                            "Actual Total Time": 88.971,
                                                            "Actual Rows": 112666,
                                                            "Actual Loops": 1
                                                        },
                                                        {
                                                            "Worker Number": 4,
                                                            "Actual Startup Time": 0.041,
                                                            "Actual Total Time": 89.772,
                                                            "Actual Rows": 112916,
                                                            "Actual Loops": 1
                                                        },
                                                        {
                                                            "Worker Number": 5,
                                                            "Actual Startup Time": 0.046,
                                                            "Actual Total Time": 88.845,
                                                            "Actual Rows": 112406,
                                                            "Actual Loops": 1
                                                        }
                                                    ]
                                                }
                                            ]
                                        }
                                    ]
                                }
                            ]
                        }
                    ]
                }
            ]
        },
        "Planning Time": 1912.536,
        "Triggers": [],
        "Execution Time": 1410.921
    }
]