[
  {
    "Plan": {
      "Node Type": "Aggregate",
      "Strategy": "Plain",
      "Partial Mode": "Finalize",
      "Parallel Aware": false,
      "Startup Cost": 74339.71,
      "Total Cost": 74339.72,
      "Plan Rows": 1,
      "Plan Width": 8,
      "Actual Startup Time": 147.202,
      "Actual Total Time": 161.589,
      "Actual Rows": 1,
      "Actual Loops": 1,
      "Plans": [
        {
          "Node Type": "Gather",
          "Parent Relationship": "Outer",
          "Parallel Aware": false,
          "Startup Cost": 74339.19,
          "Total Cost": 74339.7,
          "Plan Rows": 5,
          "Plan Width": 8,
          "Actual Startup Time": 147.024,
          "Actual Total Time": 161.573,
          "Actual Rows": 6,
          "Actual Loops": 1,
          "Workers Planned": 5,
          "Workers Launched": 5,
          "Single Copy": false,
          "Plans": [
            {
              "Node Type": "Aggregate",
              "Strategy": "Plain",
              "Partial Mode": "Partial",
              "Parent Relationship": "Outer",
              "Parallel Aware": false,
              "Startup Cost": 73339.19,
              "Total Cost": 73339.2,
              "Plan Rows": 1,
              "Plan Width": 8,
              "Actual Startup Time": 136.73,
              "Actual Total Time": 136.731,
              "Actual Rows": 1,
              "Actual Loops": 6,
              "Plans": [
                {
                  "Node Type": "Index Scan",
                  "Parent Relationship": "Outer",
                  "Parallel Aware": true,
                  "Scan Direction": "Forward",
                  "Index Name": "role_id_cast_info",
                  "Relation Name": "cast_info",
                  "Alias": "ci",
                  "Startup Cost": 0.56,
                  "Total Cost": 72913.16,
                  "Plan Rows": 170414,
                  "Plan Width": 0,
                  "Actual Startup Time": 0.236,
                  "Actual Total Time": 123.234,
                  "Actual Rows": 219790,
                  "Actual Loops": 6,
                  "Index Cond": "(role_id = 4)",
                  "Rows Removed by Index Recheck": 0,
                  "Filter": "(person_id > 2555749)",
                  "Rows Removed by Filter": 235034
                }
              ]
            }
          ]
        }
      ]
    },
    "Planning Time": 0.248,
    "Triggers": [],
    "Execution Time": 161.662
  }
]