[
  {
    "Plan": {
      "Node Type": "Aggregate",
      "Strategy": "Plain",
      "Partial Mode": "Finalize",
      "Parallel Aware": false,
      "Startup Cost": 98227.0,
      "Total Cost": 98227.01,
      "Plan Rows": 1,
      "Plan Width": 8,
      "Actual Startup Time": 592.928,
      "Actual Total Time": 611.423,
      "Actual Rows": 1,
      "Actual Loops": 1,
      "Plans": [
        {
          "Node Type": "Gather",
          "Parent Relationship": "Outer",
          "Parallel Aware": false,
          "Startup Cost": 98226.68,
          "Total Cost": 98226.99,
          "Plan Rows": 3,
          "Plan Width": 8,
          "Actual Startup Time": 584.813,
          "Actual Total Time": 611.409,
          "Actual Rows": 4,
          "Actual Loops": 1,
          "Workers Planned": 3,
          "Workers Launched": 3,
          "Single Copy": false,
          "Plans": [
            {
              "Node Type": "Aggregate",
              "Strategy": "Plain",
              "Partial Mode": "Partial",
              "Parent Relationship": "Outer",
              "Parallel Aware": false,
              "Startup Cost": 97226.68,
              "Total Cost": 97226.69,
              "Plan Rows": 1,
              "Plan Width": 8,
              "Actual Startup Time": 573.05,
              "Actual Total Time": 573.053,
              "Actual Rows": 1,
              "Actual Loops": 4,
              "Plans": [
                {
                  "Node Type": "Hash Join",
                  "Parent Relationship": "Outer",
                  "Parallel Aware": true,
                  "Join Type": "Inner",
                  "Startup Cost": 49726.52,
                  "Total Cost": 95599.79,
                  "Plan Rows": 650759,
                  "Plan Width": 0,
                  "Actual Startup Time": 294.248,
                  "Actual Total Time": 565.493,
                  "Actual Rows": 130687,
                  "Actual Loops": 4,
                  "Inner Unique": true,
                  "Hash Cond": "(mk.movie_id = t.id)",
                  "Plans": [
                    {
                      "Node Type": "Seq Scan",
                      "Parent Relationship": "Outer",
                      "Parallel Aware": true,
                      "Relation Name": "movie_keyword",
                      "Alias": "mk",
                      "Startup Cost": 0.0,
                      "Total Cost": 42695.65,
                      "Plan Rows": 1210518,
                      "Plan Width": 4,
                      "Actual Startup Time": 0.065,
                      "Actual Total Time": 145.978,
                      "Actual Rows": 934874,
                      "Actual Loops": 4,
                      "Filter": "(keyword_id > 748)",
                      "Rows Removed by Filter": 196109
                    },
                    {
                      "Node Type": "Hash",
                      "Parent Relationship": "Inner",
                      "Parallel Aware": true,
                      "Startup Cost": 45479.1,
                      "Total Cost": 45479.1,
                      "Plan Rows": 339794,
                      "Plan Width": 4,
                      "Actual Startup Time": 286.548,
                      "Actual Total Time": 286.549,
                      "Actual Rows": 359674,
                      "Actual Loops": 4,
                      "Hash Buckets": 2097152,
                      "Original Hash Buckets": 2097152,
                      "Hash Batches": 1,
                      "Original Hash Batches": 1,
                      "Peak Memory Usage": 72736,
                      "Plans": [
                        {
                          "Node Type": "Seq Scan",
                          "Parent Relationship": "Outer",
                          "Parallel Aware": true,
                          "Relation Name": "title",
                          "Alias": "t",
                          "Startup Cost": 0.0,
                          "Total Cost": 45479.1,
                          "Plan Rows": 339794,
                          "Plan Width": 4,
                          "Actual Startup Time": 0.041,
                          "Actual Total Time": 133.143,
                          "Actual Rows": 359674,
                          "Actual Loops": 4,
                          "Filter": "((production_year > 1958) AND (kind_id = 7))",
                          "Rows Removed by Filter": 272404
                        }
                      ]
                    }
                  ]
                }
              ]
            }
          ]
        }
      ]
    },
    "Planning Time": 0.677,
    "Triggers": [],
    "Execution Time": 611.501
  }
]