[
    {
        "Bao": {
            "Bao prediction": "NaN",
            "Bao recommended hint": "(no hint)"
        }
    },
    {
        "Plan": {
            "Node Type": "Aggregate",
            "Strategy": "Plain",
            "Partial Mode": "Finalize",
            "Parallel Aware": false,
            "Startup Cost": 26252.72,
            "Total Cost": 26252.73,
            "Plan Rows": 1,
            "Plan Width": 8,
            "Actual Startup Time": 72.131,
            "Actual Total Time": 76.756,
            "Actual Rows": 1,
            "Actual Loops": 1,
            "Output": [
                "count(*)"
            ],
            "Plans": [
                {
                    "Node Type": "Gather",
                    "Parent Relationship": "Outer",
                    "Parallel Aware": false,
                    "Startup Cost": 26252.41,
                    "Total Cost": 26252.72,
                    "Plan Rows": 3,
                    "Plan Width": 8,
                    "Actual Startup Time": 71.854,
                    "Actual Total Time": 76.748,
                    "Actual Rows": 4,
                    "Actual Loops": 1,
                    "Output": [
                        "(PARTIAL count(*))"
                    ],
                    "Workers Planned": 3,
                    "Workers Launched": 3,
                    "Single Copy": false,
                    "Plans": [
                        {
                            "Node Type": "Aggregate",
                            "Strategy": "Plain",
                            "Partial Mode": "Partial",
                            "Parent Relationship": "Outer",
                            "Parallel Aware": false,
                            "Startup Cost": 25252.41,
                            "Total Cost": 25252.42,
                            "Plan Rows": 1,
                            "Plan Width": 8,
                            "Actual Startup Time": 63.111,
                            "Actual Total Time": 63.112,
                            "Actual Rows": 1,
                            "Actual Loops": 4,
                            "Output": [
                                "PARTIAL count(*)"
                            ],
                            "Workers": [
                                {
                                    "Worker Number": 0,
                                    "Actual Startup Time": 60.005,
                                    "Actual Total Time": 60.006,
                                    "Actual Rows": 1,
                                    "Actual Loops": 1
                                },
                                {
                                    "Worker Number": 1,
                                    "Actual Startup Time": 60.35,
                                    "Actual Total Time": 60.352,
                                    "Actual Rows": 1,
                                    "Actual Loops": 1
                                },
                                {
                                    "Worker Number": 2,
                                    "Actual Startup Time": 60.604,
                                    "Actual Total Time": 60.605,
                                    "Actual Rows": 1,
                                    "Actual Loops": 1
                                }
                            ],
                            "Plans": [
                                {
                                    "Node Type": "Bitmap Heap Scan",
                                    "Parent Relationship": "Outer",
                                    "Parallel Aware": true,
                                    "Relation Name": "movie_companies",
                                    "Schema": "public",
                                    "Alias": "mc",
                                    "Startup Cost": 5199.57,
                                    "Total Cost": 25157.03,
                                    "Plan Rows": 38150,
                                    "Plan Width": 0,
                                    "Actual Startup Time": 15.525,
                                    "Actual Total Time": 59.589,
                                    "Actual Rows": 46164,
                                    "Actual Loops": 4,
                                    "Recheck Cond": "(mc.company_id < 97)",
                                    "Rows Removed by Index Recheck": 0,
                                    "Filter": "(mc.company_type_id = 1)",
                                    "Rows Removed by Filter": 13727,
                                    "Exact Heap Blocks": 10640,
                                    "Lossy Heap Blocks": 0,
                                    "Workers": [
                                        {
                                            "Worker Number": 0,
                                            "Actual Startup Time": 12.62,
                                            "Actual Total Time": 56.936,
                                            "Actual Rows": 18450,
                                            "Actual Loops": 1
                                        },
                                        {
                                            "Worker Number": 1,
                                            "Actual Startup Time": 12.737,
                                            "Actual Total Time": 57.231,
                                            "Actual Rows": 18846,
                                            "Actual Loops": 1
                                        },
                                        {
                                            "Worker Number": 2,
                                            "Actual Startup Time": 13.15,
                                            "Actual Total Time": 57.641,
                                            "Actual Rows": 19071,
                                            "Actual Loops": 1
                                        }
                                    ],
                                    "Plans": [
                                        {
                                            "Node Type": "Bitmap Index Scan",
                                            "Parent Relationship": "Outer",
                                            "Parallel Aware": false,
                                            "Index Name": "company_id_movie_companies",
                                            "Startup Cost": 0.0,
                                            "Total Cost": 5170.0,
                                            "Plan Rows": 241276,
                                            "Plan Width": 0,
                                            "Actual Startup Time": 21.129,
                                            "Actual Total Time": 21.129,
                                            "Actual Rows": 239564,
                                            "Actual Loops": 1,
                                            "Index Cond": "(mc.company_id < 97)"
                                        }
                                    ]
                                }
                            ]
                        }
                    ]
                }
            ]
        },
        "Planning Time": 222.213,
        "Triggers": [],
        "Execution Time": 76.863
    }
]