[
  {
    "Plan": {
      "Node Type": "Aggregate",
      "Strategy": "Plain",
      "Partial Mode": "Finalize",
      "Parallel Aware": false,
      "Startup Cost": 356094.74,
      "Total Cost": 356094.75,
      "Plan Rows": 1,
      "Plan Width": 8,
      "Actual Startup Time": 854.12,
      "Actual Total Time": 907.84,
      "Actual Rows": 1,
      "Actual Loops": 1,
      "Plans": [
        {
          "Node Type": "Gather",
          "Parent Relationship": "Outer",
          "Parallel Aware": false,
          "Startup Cost": 356094.11,
          "Total Cost": 356094.72,
          "Plan Rows": 6,
          "Plan Width": 8,
          "Actual Startup Time": 853.979,
          "Actual Total Time": 907.829,
          "Actual Rows": 7,
          "Actual Loops": 1,
          "Workers Planned": 6,
          "Workers Launched": 6,
          "Single Copy": false,
          "Plans": [
            {
              "Node Type": "Aggregate",
              "Strategy": "Plain",
              "Partial Mode": "Partial",
              "Parent Relationship": "Outer",
              "Parallel Aware": false,
              "Startup Cost": 355094.11,
              "Total Cost": 355094.12,
              "Plan Rows": 1,
              "Plan Width": 8,
              "Actual Startup Time": 846.06,
              "Actual Total Time": 846.061,
              "Actual Rows": 1,
              "Actual Loops": 7,
              "Plans": [
                {
                  "Node Type": "Seq Scan",
                  "Parent Relationship": "Outer",
                  "Parallel Aware": true,
                  "Relation Name": "cast_info",
                  "Alias": "ci",
                  "Startup Cost": 0.0,
                  "Total Cost": 343257.03,
                  "Plan Rows": 4734833,
                  "Plan Width": 0,
                  "Actual Startup Time": 99.29,
                  "Actual Total Time": 689.063,
                  "Actual Rows": 4027374,
                  "Actual Loops": 7,
                  "Filter": "((person_id > 756058) AND (role_id < 11))",
                  "Rows Removed by Filter": 1150389
                }
              ]
            }
          ]
        }
      ]
    },
    "Planning Time": 0.225,
    "Triggers": [],
    "Execution Time": 907.913
  }
]