[
    {
        "Bao": {
            "Bao prediction": "NaN",
            "Bao recommended hint": "(no hint)"
        }
    },
    {
        "Plan": {
            "Node Type": "Aggregate",
            "Strategy": "Plain",
            "Partial Mode": "Finalize",
            "Parallel Aware": false,
            "Startup Cost": 33851.41,
            "Total Cost": 33851.42,
            "Plan Rows": 1,
            "Plan Width": 8,
            "Actual Startup Time": 84.617,
            "Actual Total Time": 99.571,
            "Actual Rows": 1,
            "Actual Loops": 1,
            "Output": [
                "count(*)"
            ],
            "Plans": [
                {
                    "Node Type": "Gather",
                    "Parent Relationship": "Outer",
                    "Parallel Aware": false,
                    "Startup Cost": 33851.19,
                    "Total Cost": 33851.4,
                    "Plan Rows": 2,
                    "Plan Width": 8,
                    "Actual Startup Time": 84.179,
                    "Actual Total Time": 99.563,
                    "Actual Rows": 3,
                    "Actual Loops": 1,
                    "Output": [
                        "(PARTIAL count(*))"
                    ],
                    "Workers Planned": 2,
                    "Workers Launched": 2,
                    "Single Copy": false,
                    "Plans": [
                        {
                            "Node Type": "Aggregate",
                            "Strategy": "Plain",
                            "Partial Mode": "Partial",
                            "Parent Relationship": "Outer",
                            "Parallel Aware": false,
                            "Startup Cost": 32851.19,
                            "Total Cost": 32851.2,
                            "Plan Rows": 1,
                            "Plan Width": 8,
                            "Actual Startup Time": 76.335,
                            "Actual Total Time": 76.337,
                            "Actual Rows": 1,
                            "Actual Loops": 3,
                            "Output": [
                                "PARTIAL count(*)"
                            ],
                            "Workers": [
                                {
                                    "Worker Number": 0,
                                    "Actual Startup Time": 72.335,
                                    "Actual Total Time": 72.337,
                                    "Actual Rows": 1,
                                    "Actual Loops": 1
                                },
                                {
                                    "Worker Number": 1,
                                    "Actual Startup Time": 72.783,
                                    "Actual Total Time": 72.785,
                                    "Actual Rows": 1,
                                    "Actual Loops": 1
                                }
                            ],
                            "Plans": [
                                {
                                    "Node Type": "Nested Loop",
                                    "Parent Relationship": "Outer",
                                    "Parallel Aware": false,
                                    "Join Type": "Inner",
                                    "Startup Cost": 120.67,
                                    "Total Cost": 32845.41,
                                    "Plan Rows": 2312,
                                    "Plan Width": 0,
                                    "Actual Startup Time": 2.256,
                                    "Actual Total Time": 75.845,
                                    "Actual Rows": 5712,
                                    "Actual Loops": 3,
                                    "Inner Unique": false,
                                    "Workers": [
                                        {
                                            "Worker Number": 0,
                                            "Actual Startup Time": 3.098,
                                            "Actual Total Time": 71.92,
                                            "Actual Rows": 1875,
                                            "Actual Loops": 1
                                        },
                                        {
                                            "Worker Number": 1,
                                            "Actual Startup Time": 2.029,
                                            "Actual Total Time": 72.342,
                                            "Actual Rows": 1924,
                                            "Actual Loops": 1
                                        }
                                    ],
                                    "Plans": [
                                        {
                                            "Node Type": "Nested Loop",
                                            "Parent Relationship": "Outer",
                                            "Parallel Aware": false,
                                            "Join Type": "Inner",
                                            "Startup Cost": 120.11,
                                            "Total Cost": 30161.66,
                                            "Plan Rows": 915,
                                            "Plan Width": 8,
                                            "Actual Startup Time": 1.193,
                                            "Actual Total Time": 10.379,
                                            "Actual Rows": 513,
                                            "Actual Loops": 3,
                                            "Output": [
                                                "t.id",
                                                "mk.movie_id"
                                            ],
                                            "Inner Unique": true,
                                            "Workers": [
                                                {
                                                    "Worker Number": 0,
                                                    "Actual Startup Time": 0.816,
                                                    "Actual Total Time": 6.336,
                                                    "Actual Rows": 145,
                                                    "Actual Loops": 1
                                                },
                                                {
                                                    "Worker Number": 1,
                                                    "Actual Startup Time": 1.217,
                                                    "Actual Total Time": 8.004,
                                                    "Actual Rows": 178,
                                                    "Actual Loops": 1
                                                }
                                            ],
                                            "Plans": [
                                                {
                                                    "Node Type": "Bitmap Heap Scan",
                                                    "Parent Relationship": "Outer",
                                                    "Parallel Aware": true,
                                                    "Relation Name": "movie_keyword",
                                                    "Schema": "public",
                                                    "Alias": "mk",
                                                    "Startup Cost": 119.68,
                                                    "Total Cost": 13383.74,
                                                    "Plan Rows": 2325,
                                                    "Plan Width": 4,
                                                    "Actual Startup Time": 0.533,
                                                    "Actual Total Time": 2.984,
                                                    "Actual Rows": 1352,
                                                    "Actual Loops": 3,
                                                    "Output": [
                                                        "mk.id",
                                                        "mk.movie_id",
                                                        "mk.keyword_id"
                                                    ],
                                                    "Recheck Cond": "(mk.keyword_id = 2862)",
                                                    "Rows Removed by Index Recheck": 0,
                                                    "Exact Heap Blocks": 1798,
                                                    "Lossy Heap Blocks": 0,
                                                    "Workers": [
                                                        {
                                                            "Worker Number": 0,
                                                            "Actual Startup Time": 0.107,
                                                            "Actual Total Time": 1.985,
                                                            "Actual Rows": 148,
                                                            "Actual Loops": 1
                                                        },
                                                        {
                                                            "Worker Number": 1,
                                                            "Actual Startup Time": 0.117,
                                                            "Actual Total Time": 2.468,
                                                            "Actual Rows": 191,
                                                            "Actual Loops": 1
                                                        }
                                                    ],
                                                    "Plans": [
                                                        {
                                                            "Node Type": "Bitmap Index Scan",
                                                            "Parent Relationship": "Outer",
                                                            "Parallel Aware": false,
                                                            "Index Name": "keyword_id_movie_keyword",
                                                            "Startup Cost": 0.0,
                                                            "Total Cost": 118.28,
                                                            "Plan Rows": 5580,
                                                            "Plan Width": 0,
                                                            "Actual Startup Time": 1.065,
                                                            "Actual Total Time": 1.065,
                                                            "Actual Rows": 4057,
                                                            "Actual Loops": 1,
                                                            "Index Cond": "(mk.keyword_id = 2862)"
                                                        }
                                                    ]
                                                },
                                                {
                                                    "Node Type": "Index Scan",
                                                    "Parent Relationship": "Inner",
                                                    "Parallel Aware": false,
                                                    "Scan Direction": "Forward",
                                                    "Index Name": "title_pkey",
                                                    "Relation Name": "title",
                                                    "Schema": "public",
                                                    "Alias": "t",
                                                    "Startup Cost": 0.43,
                                                    "Total Cost": 7.22,
                                                    "Plan Rows": 1,
                                                    "Plan Width": 4,
                                                    "Actual Startup Time": 0.005,
                                                    "Actual Total Time": 0.005,
                                                    "Actual Rows": 0,
                                                    "Actual Loops": 4057,
                                                    "Output": [
                                                        "t.id",
                                                        "t.title",
                                                        "t.imdb_index",
                                                        "t.kind_id",
                                                        "t.production_year",
                                                        "t.imdb_id",
                                                        "t.phonetic_code",
                                                        "t.episode_of_id",
                                                        "t.season_nr",
                                                        "t.episode_nr",
                                                        "t.series_years",
                                                        "t.md5sum"
                                                    ],
                                                    "Index Cond": "(t.id = mk.movie_id)",
                                                    "Rows Removed by Index Recheck": 0,
                                                    "Filter": "(t.kind_id < 7)",
                                                    "Rows Removed by Filter": 1,
                                                    "Workers": [
                                                        {
                                                            "Worker Number": 0,
                                                            "Actual Startup Time": 0.028,
                                                            "Actual Total Time": 0.028,
                                                            "Actual Rows": 1,
                                                            "Actual Loops": 148
                                                        },
                                                        {
                                                            "Worker Number": 1,
                                                            "Actual Startup Time": 0.027,
                                                            "Actual Total Time": 0.027,
                                                            "Actual Rows": 1,
                                                            "Actual Loops": 191
                                                        }
                                                    ]
                                                }
                                            ]
                                        },
                                        {
                                            "Node Type": "Index Scan",
                                            "Parent Relationship": "Inner",
                                            "Parallel Aware": false,
                                            "Scan Direction": "Forward",
                                            "Index Name": "movie_id_cast_info",
                                            "Relation Name": "cast_info",
                                            "Schema": "public",
                                            "Alias": "ci",
                                            "Startup Cost": 0.56,
                                            "Total Cost": 2.86,
                                            "Plan Rows": 7,
                                            "Plan Width": 4,
                                            "Actual Startup Time": 0.086,
                                            "Actual Total Time": 0.126,
                                            "Actual Rows": 11,
                                            "Actual Loops": 1538,
                                            "Output": [
                                                "ci.id",
                                                "ci.person_id",
                                                "ci.movie_id",
                                                "ci.person_role_id",
                                                "ci.note",
                                                "ci.nr_order",
                                                "ci.role_id"
                                            ],
                                            "Index Cond": "(ci.movie_id = t.id)",
                                            "Rows Removed by Index Recheck": 0,
                                            "Filter": "(ci.person_id > 3018626)",
                                            "Rows Removed by Filter": 40,
                                            "Workers": [
                                                {
                                                    "Worker Number": 0,
                                                    "Actual Startup Time": 0.306,
                                                    "Actual Total Time": 0.448,
                                                    "Actual Rows": 13,
                                                    "Actual Loops": 145
                                                },
                                                {
                                                    "Worker Number": 1,
                                                    "Actual Startup Time": 0.244,
                                                    "Actual Total Time": 0.358,
                                                    "Actual Rows": 11,
                                                    "Actual Loops": 178
                                                }
                                            ]
                                        }
                                    ]
                                }
                            ]
                        }
                    ]
                }
            ]
        },
        "Planning Time": 189.501,
        "Triggers": [],
        "Execution Time": 99.639
    }
]