[
  {
    "Plan": {
      "Node Type": "Aggregate",
      "Strategy": "Plain",
      "Partial Mode": "Finalize",
      "Parallel Aware": false,
      "Startup Cost": 349931.18,
      "Total Cost": 349931.2,
      "Plan Rows": 1,
      "Plan Width": 8,
      "Actual Startup Time": 797.515,
      "Actual Total Time": 846.668,
      "Actual Rows": 1,
      "Actual Loops": 1,
      "Plans": [
        {
          "Node Type": "Gather",
          "Parent Relationship": "Outer",
          "Parallel Aware": false,
          "Startup Cost": 349930.56,
          "Total Cost": 349931.17,
          "Plan Rows": 6,
          "Plan Width": 8,
          "Actual Startup Time": 797.349,
          "Actual Total Time": 846.645,
          "Actual Rows": 7,
          "Actual Loops": 1,
          "Workers Planned": 6,
          "Workers Launched": 6,
          "Single Copy": false,
          "Plans": [
            {
              "Node Type": "Aggregate",
              "Strategy": "Plain",
              "Partial Mode": "Partial",
              "Parent Relationship": "Outer",
              "Parallel Aware": false,
              "Startup Cost": 348930.56,
              "Total Cost": 348930.57,
              "Plan Rows": 1,
              "Plan Width": 8,
              "Actual Startup Time": 789.853,
              "Actual Total Time": 789.855,
              "Actual Rows": 1,
              "Actual Loops": 7,
              "Plans": [
                {
                  "Node Type": "Seq Scan",
                  "Parent Relationship": "Outer",
                  "Parallel Aware": true,
                  "Relation Name": "cast_info",
                  "Alias": "ci",
                  "Startup Cost": 0.0,
                  "Total Cost": 343316.27,
                  "Plan Rows": 2245716,
                  "Plan Width": 0,
                  "Actual Startup Time": 0.045,
                  "Actual Total Time": 683.894,
                  "Actual Rows": 2214634,
                  "Actual Loops": 7,
                  "Filter": "((person_id < 1704771) AND (role_id < 7))",
                  "Rows Removed by Filter": 2963130
                }
              ]
            }
          ]
        }
      ]
    },
    "Planning Time": 0.22,
    "Triggers": [],
    "Execution Time": 846.737
  }
]