[
  {
    "Plan": {
      "Node Type": "Aggregate",
      "Strategy": "Plain",
      "Partial Mode": "Finalize",
      "Parallel Aware": false,
      "Startup Cost": 139078.67,
      "Total Cost": 139078.68,
      "Plan Rows": 1,
      "Plan Width": 8,
      "Actual Startup Time": 132.842,
      "Actual Total Time": 158.701,
      "Actual Rows": 1,
      "Actual Loops": 1,
      "Plans": [
        {
          "Node Type": "Gather",
          "Parent Relationship": "Outer",
          "Parallel Aware": false,
          "Startup Cost": 139078.25,
          "Total Cost": 139078.66,
          "Plan Rows": 4,
          "Plan Width": 8,
          "Actual Startup Time": 132.677,
          "Actual Total Time": 158.692,
          "Actual Rows": 5,
          "Actual Loops": 1,
          "Workers Planned": 4,
          "Workers Launched": 4,
          "Single Copy": false,
          "Plans": [
            {
              "Node Type": "Aggregate",
              "Strategy": "Plain",
              "Partial Mode": "Partial",
              "Parent Relationship": "Outer",
              "Parallel Aware": false,
              "Startup Cost": 138078.25,
              "Total Cost": 138078.26,
              "Plan Rows": 1,
              "Plan Width": 8,
              "Actual Startup Time": 127.832,
              "Actual Total Time": 127.834,
              "Actual Rows": 1,
              "Actual Loops": 5,
              "Plans": [
                {
                  "Node Type": "Nested Loop",
                  "Parent Relationship": "Outer",
                  "Parallel Aware": false,
                  "Join Type": "Inner",
                  "Startup Cost": 0.56,
                  "Total Cost": 138050.4,
                  "Plan Rows": 11140,
                  "Plan Width": 0,
                  "Actual Startup Time": 30.578,
                  "Actual Total Time": 126.744,
                  "Actual Rows": 10544,
                  "Actual Loops": 5,
                  "Inner Unique": false,
                  "Plans": [
                    {
                      "Node Type": "Seq Scan",
                      "Parent Relationship": "Outer",
                      "Parallel Aware": true,
                      "Relation Name": "title",
                      "Alias": "t",
                      "Startup Cost": 0.0,
                      "Total Cost": 43899.32,
                      "Plan Rows": 780,
                      "Plan Width": 4,
                      "Actual Startup Time": 30.476,
                      "Actual Total Time": 74.303,
                      "Actual Rows": 560,
                      "Actual Loops": 5,
                      "Filter": "(production_year = 1936)",
                      "Rows Removed by Filter": 505103
                    },
                    {
                      "Node Type": "Index Scan",
                      "Parent Relationship": "Inner",
                      "Parallel Aware": false,
                      "Scan Direction": "Forward",
                      "Index Name": "movie_id_cast_info",
                      "Relation Name": "cast_info",
                      "Alias": "ci",
                      "Startup Cost": 0.56,
                      "Total Cost": 120.36,
                      "Plan Rows": 35,
                      "Plan Width": 4,
                      "Actual Startup Time": 0.016,
                      "Actual Total Time": 0.091,
                      "Actual Rows": 19,
                      "Actual Loops": 2798,
                      "Index Cond": "(movie_id = t.id)",
                      "Rows Removed by Index Recheck": 0,
                      "Filter": "(person_id > 14264)",
                      "Rows Removed by Filter": 0
                    }
                  ]
                }
              ]
            }
          ]
        }
      ]
    },
    "Planning Time": 0.327,
    "Triggers": [],
    "Execution Time": 158.745
  }
]