[
  {
    "Plan": {
      "Node Type": "Aggregate",
      "Strategy": "Plain",
      "Partial Mode": "Finalize",
      "Parallel Aware": false,
      "Startup Cost": 48143.18,
      "Total Cost": 48143.19,
      "Plan Rows": 1,
      "Plan Width": 8,
      "Actual Startup Time": 62.176,
      "Actual Total Time": 71.367,
      "Actual Rows": 1,
      "Actual Loops": 1,
      "Plans": [
        {
          "Node Type": "Gather",
          "Parent Relationship": "Outer",
          "Parallel Aware": false,
          "Startup Cost": 48142.96,
          "Total Cost": 48143.17,
          "Plan Rows": 2,
          "Plan Width": 8,
          "Actual Startup Time": 61.997,
          "Actual Total Time": 71.36,
          "Actual Rows": 3,
          "Actual Loops": 1,
          "Workers Planned": 2,
          "Workers Launched": 2,
          "Single Copy": false,
          "Plans": [
            {
              "Node Type": "Aggregate",
              "Strategy": "Plain",
              "Partial Mode": "Partial",
              "Parent Relationship": "Outer",
              "Parallel Aware": false,
              "Startup Cost": 47142.96,
              "Total Cost": 47142.97,
              "Plan Rows": 1,
              "Plan Width": 8,
              "Actual Startup Time": 56.144,
              "Actual Total Time": 56.146,
              "Actual Rows": 1,
              "Actual Loops": 3,
              "Plans": [
                {
                  "Node Type": "Nested Loop",
                  "Parent Relationship": "Outer",
                  "Parallel Aware": false,
                  "Join Type": "Inner",
                  "Startup Cost": 209.26,
                  "Total Cost": 47139.82,
                  "Plan Rows": 1257,
                  "Plan Width": 0,
                  "Actual Startup Time": 2.249,
                  "Actual Total Time": 55.961,
                  "Actual Rows": 1505,
                  "Actual Loops": 3,
                  "Inner Unique": false,
                  "Plans": [
                    {
                      "Node Type": "Nested Loop",
                      "Parent Relationship": "Outer",
                      "Parallel Aware": false,
                      "Join Type": "Inner",
                      "Startup Cost": 208.83,
                      "Total Cost": 45561.92,
                      "Plan Rows": 2491,
                      "Plan Width": 8,
                      "Actual Startup Time": 1.775,
                      "Actual Total Time": 47.851,
                      "Actual Rows": 1050,
                      "Actual Loops": 3,
                      "Inner Unique": true,
                      "Plans": [
                        {
                          "Node Type": "Bitmap Heap Scan",
                          "Parent Relationship": "Outer",
                          "Parallel Aware": true,
                          "Relation Name": "movie_keyword",
                          "Alias": "mk",
                          "Startup Cost": 208.4,
                          "Total Cost": 18766.8,
                          "Plan Rows": 4084,
                          "Plan Width": 4,
                          "Actual Startup Time": 1.651,
                          "Actual Total Time": 15.867,
                          "Actual Rows": 3600,
                          "Actual Loops": 3,
                          "Recheck Cond": "(keyword_id = 347)",
                          "Rows Removed by Index Recheck": 0,
                          "Exact Heap Blocks": 4969,
                          "Lossy Heap Blocks": 0,
                          "Plans": [
                            {
                              "Node Type": "Bitmap Index Scan",
                              "Parent Relationship": "Outer",
                              "Parallel Aware": false,
                              "Index Name": "keyword_id_movie_keyword",
                              "Startup Cost": 0.0,
                              "Total Cost": 205.95,
                              "Plan Rows": 9802,
                              "Plan Width": 0,
                              "Actual Startup Time": 3.062,
                              "Actual Total Time": 3.063,
                              "Actual Rows": 10799,
                              "Actual Loops": 1,
                              "Index Cond": "(keyword_id = 347)"
                            }
                          ]
                        },
                        {
                          "Node Type": "Index Scan",
                          "Parent Relationship": "Inner",
                          "Parallel Aware": false,
                          "Scan Direction": "Forward",
                          "Index Name": "title_pkey",
                          "Relation Name": "title",
                          "Alias": "t",
                          "Startup Cost": 0.43,
                          "Total Cost": 6.56,
                          "Plan Rows": 1,
                          "Plan Width": 4,
                          "Actual Startup Time": 0.008,
                          "Actual Total Time": 0.008,
                          "Actual Rows": 0,
                          "Actual Loops": 10799,
                          "Index Cond": "(id = mk.movie_id)",
                          "Rows Removed by Index Recheck": 0,
                          "Filter": "(kind_id = 7)",
                          "Rows Removed by Filter": 1
                        }
                      ]
                    },
                    {
                      "Node Type": "Index Scan",
                      "Parent Relationship": "Inner",
                      "Parallel Aware": false,
                      "Scan Direction": "Forward",
                      "Index Name": "movie_id_movie_companies",
                      "Relation Name": "movie_companies",
                      "Alias": "mc",
                      "Startup Cost": 0.43,
                      "Total Cost": 0.6,
                      "Plan Rows": 3,
                      "Plan Width": 4,
                      "Actual Startup Time": 0.006,
                      "Actual Total Time": 0.007,
                      "Actual Rows": 1,
                      "Actual Loops": 3150,
                      "Index Cond": "(movie_id = t.id)",
                      "Rows Removed by Index Recheck": 0,
                      "Filter": "(company_type_id < 2)",
                      "Rows Removed by Filter": 1
                    }
                  ]
                }
              ]
            }
          ]
        }
      ]
    },
    "Planning Time": 0.65,
    "Triggers": [],
    "Execution Time": 71.425
  }
]