[
  {
    "Plan": {
      "Node Type": "Aggregate",
      "Strategy": "Plain",
      "Partial Mode": "Finalize",
      "Parallel Aware": false,
      "Startup Cost": 371749.83,
      "Total Cost": 371749.84,
      "Plan Rows": 1,
      "Plan Width": 8,
      "Actual Startup Time": 524.78,
      "Actual Total Time": 599.491,
      "Actual Rows": 1,
      "Actual Loops": 1,
      "Plans": [
        {
          "Node Type": "Gather",
          "Parent Relationship": "Outer",
          "Parallel Aware": false,
          "Startup Cost": 371749.41,
          "Total Cost": 371749.82,
          "Plan Rows": 4,
          "Plan Width": 8,
          "Actual Startup Time": 524.582,
          "Actual Total Time": 599.479,
          "Actual Rows": 5,
          "Actual Loops": 1,
          "Workers Planned": 4,
          "Workers Launched": 4,
          "Single Copy": false,
          "Plans": [
            {
              "Node Type": "Aggregate",
              "Strategy": "Plain",
              "Partial Mode": "Partial",
              "Parent Relationship": "Outer",
              "Parallel Aware": false,
              "Startup Cost": 370749.41,
              "Total Cost": 370749.42,
              "Plan Rows": 1,
              "Plan Width": 8,
              "Actual Startup Time": 514.26,
              "Actual Total Time": 514.261,
              "Actual Rows": 1,
              "Actual Loops": 5,
              "Plans": [
                {
                  "Node Type": "Nested Loop",
                  "Parent Relationship": "Outer",
                  "Parallel Aware": false,
                  "Join Type": "Inner",
                  "Startup Cost": 0.56,
                  "Total Cost": 370601.95,
                  "Plan Rows": 58984,
                  "Plan Width": 0,
                  "Actual Startup Time": 2.017,
                  "Actual Total Time": 511.97,
                  "Actual Rows": 24450,
                  "Actual Loops": 5,
                  "Inner Unique": false,
                  "Plans": [
                    {
                      "Node Type": "Seq Scan",
                      "Parent Relationship": "Outer",
                      "Parallel Aware": true,
                      "Relation Name": "title",
                      "Alias": "t",
                      "Startup Cost": 0.0,
                      "Total Cost": 45479.59,
                      "Plan Rows": 15504,
                      "Plan Width": 4,
                      "Actual Startup Time": 0.19,
                      "Actual Total Time": 79.16,
                      "Actual Rows": 10754,
                      "Actual Loops": 5,
                      "Filter": "((kind_id < 7) AND (production_year = 2011))",
                      "Rows Removed by Filter": 494908
                    },
                    {
                      "Node Type": "Index Scan",
                      "Parent Relationship": "Inner",
                      "Parallel Aware": false,
                      "Scan Direction": "Forward",
                      "Index Name": "movie_id_cast_info",
                      "Relation Name": "cast_info",
                      "Alias": "ci",
                      "Startup Cost": 0.56,
                      "Total Cost": 20.88,
                      "Plan Rows": 9,
                      "Plan Width": 4,
                      "Actual Startup Time": 0.019,
                      "Actual Total Time": 0.04,
                      "Actual Rows": 2,
                      "Actual Loops": 53770,
                      "Index Cond": "(movie_id = t.id)",
                      "Rows Removed by Index Recheck": 0,
                      "Filter": "((person_id > 871366) AND (role_id = 1))",
                      "Rows Removed by Filter": 13
                    }
                  ]
                }
              ]
            }
          ]
        }
      ]
    },
    "Planning Time": 0.615,
    "Triggers": [],
    "Execution Time": 599.583
  }
]