[
  {
    "Plan": {
      "Node Type": "Aggregate",
      "Strategy": "Plain",
      "Partial Mode": "Finalize",
      "Parallel Aware": false,
      "Startup Cost": 373837.96,
      "Total Cost": 373837.97,
      "Plan Rows": 1,
      "Plan Width": 8,
      "Actual Startup Time": 551.71,
      "Actual Total Time": 630.011,
      "Actual Rows": 1,
      "Actual Loops": 1,
      "Plans": [
        {
          "Node Type": "Gather",
          "Parent Relationship": "Outer",
          "Parallel Aware": false,
          "Startup Cost": 373837.54,
          "Total Cost": 373837.95,
          "Plan Rows": 4,
          "Plan Width": 8,
          "Actual Startup Time": 551.513,
          "Actual Total Time": 630.0,
          "Actual Rows": 5,
          "Actual Loops": 1,
          "Workers Planned": 4,
          "Workers Launched": 4,
          "Single Copy": false,
          "Plans": [
            {
              "Node Type": "Aggregate",
              "Strategy": "Plain",
              "Partial Mode": "Partial",
              "Parent Relationship": "Outer",
              "Parallel Aware": false,
              "Startup Cost": 372837.54,
              "Total Cost": 372837.55,
              "Plan Rows": 1,
              "Plan Width": 8,
              "Actual Startup Time": 541.652,
              "Actual Total Time": 541.654,
              "Actual Rows": 1,
              "Actual Loops": 5,
              "Plans": [
                {
                  "Node Type": "Nested Loop",
                  "Parent Relationship": "Outer",
                  "Parallel Aware": false,
                  "Join Type": "Inner",
                  "Startup Cost": 0.56,
                  "Total Cost": 372689.49,
                  "Plan Rows": 59217,
                  "Plan Width": 0,
                  "Actual Startup Time": 1.638,
                  "Actual Total Time": 539.205,
                  "Actual Rows": 24450,
                  "Actual Loops": 5,
                  "Inner Unique": false,
                  "Plans": [
                    {
                      "Node Type": "Seq Scan",
                      "Parent Relationship": "Outer",
                      "Parallel Aware": true,
                      "Relation Name": "title",
                      "Alias": "t",
                      "Startup Cost": 0.0,
                      "Total Cost": 45479.1,
                      "Plan Rows": 15805,
                      "Plan Width": 4,
                      "Actual Startup Time": 0.245,
                      "Actual Total Time": 81.156,
                      "Actual Rows": 10754,
                      "Actual Loops": 5,
                      "Filter": "((kind_id < 7) AND (production_year = 2011))",
                      "Rows Removed by Filter": 494908
                    },
                    {
                      "Node Type": "Index Scan",
                      "Parent Relationship": "Inner",
                      "Parallel Aware": false,
                      "Scan Direction": "Forward",
                      "Index Name": "movie_id_cast_info",
                      "Relation Name": "cast_info",
                      "Alias": "ci",
                      "Startup Cost": 0.56,
                      "Total Cost": 20.6,
                      "Plan Rows": 10,
                      "Plan Width": 4,
                      "Actual Startup Time": 0.02,
                      "Actual Total Time": 0.042,
                      "Actual Rows": 2,
                      "Actual Loops": 53770,
                      "Index Cond": "(movie_id = t.id)",
                      "Rows Removed by Index Recheck": 0,
                      "Filter": "((person_id > 871366) AND (role_id = 1))",
                      "Rows Removed by Filter": 13
                    }
                  ]
                }
              ]
            }
          ]
        }
      ]
    },
    "Planning Time": 0.664,
    "Triggers": [],
    "Execution Time": 630.105
  }
]