[
  {
    "Plan": {
      "Node Type": "Aggregate",
      "Strategy": "Plain",
      "Partial Mode": "Finalize",
      "Parallel Aware": false,
      "Startup Cost": 113574.42,
      "Total Cost": 113574.43,
      "Plan Rows": 1,
      "Plan Width": 8,
      "Actual Startup Time": 728.703,
      "Actual Total Time": 746.761,
      "Actual Rows": 1,
      "Actual Loops": 1,
      "Plans": [
        {
          "Node Type": "Gather",
          "Parent Relationship": "Outer",
          "Parallel Aware": false,
          "Startup Cost": 113574.1,
          "Total Cost": 113574.41,
          "Plan Rows": 3,
          "Plan Width": 8,
          "Actual Startup Time": 718.997,
          "Actual Total Time": 746.752,
          "Actual Rows": 4,
          "Actual Loops": 1,
          "Workers Planned": 3,
          "Workers Launched": 3,
          "Single Copy": false,
          "Plans": [
            {
              "Node Type": "Aggregate",
              "Strategy": "Plain",
              "Partial Mode": "Partial",
              "Parent Relationship": "Outer",
              "Parallel Aware": false,
              "Startup Cost": 112574.1,
              "Total Cost": 112574.11,
              "Plan Rows": 1,
              "Plan Width": 8,
              "Actual Startup Time": 711.154,
              "Actual Total Time": 711.16,
              "Actual Rows": 1,
              "Actual Loops": 4,
              "Plans": [
                {
                  "Node Type": "Hash Join",
                  "Parent Relationship": "Outer",
                  "Parallel Aware": true,
                  "Join Type": "Inner",
                  "Startup Cost": 66329.11,
                  "Total Cost": 112251.1,
                  "Plan Rows": 129201,
                  "Plan Width": 0,
                  "Actual Startup Time": 451.386,
                  "Actual Total Time": 681.314,
                  "Actual Rows": 583728,
                  "Actual Loops": 4,
                  "Inner Unique": false,
                  "Hash Cond": "(mk.movie_id = t.id)",
                  "Plans": [
                    {
                      "Node Type": "Seq Scan",
                      "Parent Relationship": "Outer",
                      "Parallel Aware": true,
                      "Relation Name": "movie_keyword",
                      "Alias": "mk",
                      "Startup Cost": 0.0,
                      "Total Cost": 42695.65,
                      "Plan Rows": 716797,
                      "Plan Width": 4,
                      "Actual Startup Time": 0.044,
                      "Actual Total Time": 119.524,
                      "Actual Rows": 561134,
                      "Actual Loops": 4,
                      "Filter": "(keyword_id < 4620)",
                      "Rows Removed by Filter": 569849
                    },
                    {
                      "Node Type": "Hash",
                      "Parent Relationship": "Inner",
                      "Parallel Aware": true,
                      "Startup Cost": 63955.45,
                      "Total Cost": 63955.45,
                      "Plan Rows": 189893,
                      "Plan Width": 8,
                      "Actual Startup Time": 447.755,
                      "Actual Total Time": 447.76,
                      "Actual Rows": 139988,
                      "Actual Loops": 4,
                      "Hash Buckets": 1048576,
                      "Original Hash Buckets": 524288,
                      "Hash Batches": 1,
                      "Original Hash Batches": 1,
                      "Peak Memory Usage": 34272,
                      "Plans": [
                        {
                          "Node Type": "Hash Join",
                          "Parent Relationship": "Outer",
                          "Parallel Aware": true,
                          "Join Type": "Inner",
                          "Startup Cost": 47831.02,
                          "Total Cost": 63955.45,
                          "Plan Rows": 189893,
                          "Plan Width": 8,
                          "Actual Startup Time": 271.615,
                          "Actual Total Time": 382.908,
                          "Actual Rows": 139988,
                          "Actual Loops": 4,
                          "Inner Unique": true,
                          "Hash Cond": "(mi_idx.movie_id = t.id)",
                          "Plans": [
                            {
                              "Node Type": "Seq Scan",
                              "Parent Relationship": "Outer",
                              "Parallel Aware": true,
                              "Relation Name": "movie_info_idx",
                              "Alias": "mi_idx",
                              "Startup Cost": 0.0,
                              "Total Cost": 15122.68,
                              "Plan Rows": 381618,
                              "Plan Width": 4,
                              "Actual Startup Time": 0.029,
                              "Actual Total Time": 43.171,
                              "Actual Rows": 229962,
                              "Actual Loops": 4,
                              "Filter": "(info_type_id < 101)",
                              "Rows Removed by Filter": 115046
                            },
                            {
                              "Node Type": "Hash",
                              "Parent Relationship": "Inner",
                              "Parallel Aware": true,
                              "Startup Cost": 43899.32,
                              "Total Cost": 43899.32,
                              "Plan Rows": 314536,
                              "Plan Width": 4,
                              "Actual Startup Time": 265.502,
                              "Actual Total Time": 265.504,
                              "Actual Rows": 315925,
                              "Actual Loops": 4,
                              "Hash Buckets": 2097152,
                              "Original Hash Buckets": 2097152,
                              "Hash Batches": 1,
                              "Original Hash Batches": 1,
                              "Peak Memory Usage": 65888,
                              "Plans": [
                                {
                                  "Node Type": "Seq Scan",
                                  "Parent Relationship": "Outer",
                                  "Parallel Aware": true,
                                  "Relation Name": "title",
                                  "Alias": "t",
                                  "Startup Cost": 0.0,
                                  "Total Cost": 43899.32,
                                  "Plan Rows": 314536,
                                  "Plan Width": 4,
                                  "Actual Startup Time": 0.077,
                                  "Actual Total Time": 122.301,
                                  "Actual Rows": 315925,
                                  "Actual Loops": 4,
                                  "Filter": "(production_year < 2004)",
                                  "Rows Removed by Filter": 316153
                                }
                              ]
                            }
                          ]
                        }
                      ]
                    }
                  ]
                }
              ]
            }
          ]
        }
      ]
    },
    "Planning Time": 0.531,
    "Triggers": [],
    "Execution Time": 746.809
  }
]