[
  {
    "Plan": {
      "Node Type": "Aggregate",
      "Strategy": "Plain",
      "Partial Mode": "Finalize",
      "Parallel Aware": false,
      "Startup Cost": 97859.83,
      "Total Cost": 97859.84,
      "Plan Rows": 1,
      "Plan Width": 8,
      "Actual Startup Time": 415.418,
      "Actual Total Time": 433.01,
      "Actual Rows": 1,
      "Actual Loops": 1,
      "Plans": [
        {
          "Node Type": "Gather",
          "Parent Relationship": "Outer",
          "Parallel Aware": false,
          "Startup Cost": 97859.61,
          "Total Cost": 97859.82,
          "Plan Rows": 2,
          "Plan Width": 8,
          "Actual Startup Time": 414.177,
          "Actual Total Time": 433.004,
          "Actual Rows": 3,
          "Actual Loops": 1,
          "Workers Planned": 2,
          "Workers Launched": 2,
          "Single Copy": false,
          "Plans": [
            {
              "Node Type": "Aggregate",
              "Strategy": "Plain",
              "Partial Mode": "Partial",
              "Parent Relationship": "Outer",
              "Parallel Aware": false,
              "Startup Cost": 96859.61,
              "Total Cost": 96859.62,
              "Plan Rows": 1,
              "Plan Width": 8,
              "Actual Startup Time": 406.102,
              "Actual Total Time": 406.108,
              "Actual Rows": 1,
              "Actual Loops": 3,
              "Plans": [
                {
                  "Node Type": "Hash Join",
                  "Parent Relationship": "Outer",
                  "Parallel Aware": true,
                  "Join Type": "Inner",
                  "Startup Cost": 80502.84,
                  "Total Cost": 96601.95,
                  "Plan Rows": 103065,
                  "Plan Width": 0,
                  "Actual Startup Time": 353.254,
                  "Actual Total Time": 402.944,
                  "Actual Rows": 75309,
                  "Actual Loops": 3,
                  "Inner Unique": false,
                  "Hash Cond": "(mi_idx.movie_id = t.id)",
                  "Plans": [
                    {
                      "Node Type": "Seq Scan",
                      "Parent Relationship": "Outer",
                      "Parallel Aware": true,
                      "Relation Name": "movie_info_idx",
                      "Alias": "mi_idx",
                      "Startup Cost": 0.0,
                      "Total Cost": 13685.15,
                      "Plan Rows": 575015,
                      "Plan Width": 4,
                      "Actual Startup Time": 0.03,
                      "Actual Total Time": 35.418,
                      "Actual Rows": 460012,
                      "Actual Loops": 3
                    },
                    {
                      "Node Type": "Hash",
                      "Parent Relationship": "Inner",
                      "Parallel Aware": true,
                      "Startup Cost": 79086.68,
                      "Total Cost": 79086.68,
                      "Plan Rows": 113293,
                      "Plan Width": 8,
                      "Actual Startup Time": 316.034,
                      "Actual Total Time": 316.037,
                      "Actual Rows": 46293,
                      "Actual Loops": 3,
                      "Hash Buckets": 524288,
                      "Original Hash Buckets": 524288,
                      "Hash Batches": 1,
                      "Original Hash Batches": 1,
                      "Peak Memory Usage": 9600,
                      "Plans": [
                        {
                          "Node Type": "Hash Join",
                          "Parent Relationship": "Outer",
                          "Parallel Aware": true,
                          "Join Type": "Inner",
                          "Startup Cost": 33242.12,
                          "Total Cost": 79086.68,
                          "Plan Rows": 113293,
                          "Plan Width": 8,
                          "Actual Startup Time": 215.826,
                          "Actual Total Time": 302.702,
                          "Actual Rows": 46293,
                          "Actual Loops": 3,
                          "Inner Unique": false,
                          "Hash Cond": "(t.id = mc.movie_id)",
                          "Plans": [
                            {
                              "Node Type": "Seq Scan",
                              "Parent Relationship": "Outer",
                              "Parallel Aware": true,
                              "Relation Name": "title",
                              "Alias": "t",
                              "Startup Cost": 0.0,
                              "Total Cost": 42318.73,
                              "Plan Rows": 632073,
                              "Plan Width": 4,
                              "Actual Startup Time": 0.011,
                              "Actual Total Time": 87.167,
                              "Actual Rows": 842771,
                              "Actual Loops": 3
                            },
                            {
                              "Node Type": "Hash",
                              "Parent Relationship": "Inner",
                              "Parallel Aware": true,
                              "Startup Cost": 31414.82,
                              "Total Cost": 31414.82,
                              "Plan Rows": 146184,
                              "Plan Width": 4,
                              "Actual Startup Time": 105.048,
                              "Actual Total Time": 105.049,
                              "Actual Rows": 46293,
                              "Actual Loops": 3,
                              "Hash Buckets": 524288,
                              "Original Hash Buckets": 524288,
                              "Hash Batches": 1,
                              "Original Hash Batches": 1,
                              "Peak Memory Usage": 9568,
                              "Plans": [
                                {
                                  "Node Type": "Seq Scan",
                                  "Parent Relationship": "Outer",
                                  "Parallel Aware": true,
                                  "Relation Name": "movie_companies",
                                  "Alias": "mc",
                                  "Startup Cost": 0.0,
                                  "Total Cost": 31414.82,
                                  "Plan Rows": 146184,
                                  "Plan Width": 4,
                                  "Actual Startup Time": 26.362,
                                  "Actual Total Time": 88.82,
                                  "Actual Rows": 46293,
                                  "Actual Loops": 3,
                                  "Filter": "((company_id > 19443) AND (company_type_id = 1))",
                                  "Rows Removed by Filter": 823417
                                }
                              ]
                            }
                          ]
                        }
                      ]
                    }
                  ]
                }
              ]
            }
          ]
        }
      ]
    },
    "Planning Time": 1.371,
    "Triggers": [],
    "Execution Time": 433.094
  }
]