[
  {
    "Plan": {
      "Node Type": "Aggregate",
      "Strategy": "Plain",
      "Partial Mode": "Finalize",
      "Parallel Aware": false,
      "Startup Cost": 284752.0,
      "Total Cost": 284752.01,
      "Plan Rows": 1,
      "Plan Width": 8,
      "Actual Startup Time": 901.749,
      "Actual Total Time": 949.135,
      "Actual Rows": 1,
      "Actual Loops": 1,
      "Plans": [
        {
          "Node Type": "Gather",
          "Parent Relationship": "Outer",
          "Parallel Aware": false,
          "Startup Cost": 284751.48,
          "Total Cost": 284751.99,
          "Plan Rows": 5,
          "Plan Width": 8,
          "Actual Startup Time": 898.877,
          "Actual Total Time": 949.123,
          "Actual Rows": 6,
          "Actual Loops": 1,
          "Workers Planned": 5,
          "Workers Launched": 5,
          "Single Copy": false,
          "Plans": [
            {
              "Node Type": "Aggregate",
              "Strategy": "Plain",
              "Partial Mode": "Partial",
              "Parent Relationship": "Outer",
              "Parallel Aware": false,
              "Startup Cost": 283751.48,
              "Total Cost": 283751.49,
              "Plan Rows": 1,
              "Plan Width": 8,
              "Actual Startup Time": 890.554,
              "Actual Total Time": 890.632,
              "Actual Rows": 1,
              "Actual Loops": 6,
              "Plans": [
                {
                  "Node Type": "Hash Join",
                  "Parent Relationship": "Outer",
                  "Parallel Aware": true,
                  "Join Type": "Inner",
                  "Startup Cost": 78880.91,
                  "Total Cost": 282856.06,
                  "Plan Rows": 358170,
                  "Plan Width": 0,
                  "Actual Startup Time": 234.446,
                  "Actual Total Time": 878.988,
                  "Actual Rows": 209821,
                  "Actual Loops": 6,
                  "Inner Unique": false,
                  "Hash Cond": "(mi.movie_id = t.id)",
                  "Plans": [
                    {
                      "Node Type": "Seq Scan",
                      "Parent Relationship": "Outer",
                      "Parallel Aware": true,
                      "Relation Name": "movie_info",
                      "Alias": "mi",
                      "Startup Cost": 0.0,
                      "Total Cost": 191685.19,
                      "Plan Rows": 2969219,
                      "Plan Width": 4,
                      "Actual Startup Time": 0.037,
                      "Actual Total Time": 325.392,
                      "Actual Rows": 2472620,
                      "Actual Loops": 6
                    },
                    {
                      "Node Type": "Hash",
                      "Parent Relationship": "Inner",
                      "Parallel Aware": true,
                      "Startup Cost": 77651.09,
                      "Total Cost": 77651.09,
                      "Plan Rows": 98386,
                      "Plan Width": 8,
                      "Actual Startup Time": 232.044,
                      "Actual Total Time": 232.121,
                      "Actual Rows": 20676,
                      "Actual Loops": 6,
                      "Hash Buckets": 524288,
                      "Original Hash Buckets": 524288,
                      "Hash Batches": 1,
                      "Original Hash Batches": 1,
                      "Peak Memory Usage": 9024,
                      "Plans": [
                        {
                          "Node Type": "Hash Join",
                          "Parent Relationship": "Outer",
                          "Parallel Aware": true,
                          "Join Type": "Inner",
                          "Startup Cost": 46836.22,
                          "Total Cost": 77651.09,
                          "Plan Rows": 98386,
                          "Plan Width": 8,
                          "Actual Startup Time": 114.135,
                          "Actual Total Time": 223.058,
                          "Actual Rows": 20676,
                          "Actual Loops": 6,
                          "Inner Unique": true,
                          "Hash Cond": "(mc.movie_id = t.id)",
                          "Plans": [
                            {
                              "Node Type": "Seq Scan",
                              "Parent Relationship": "Outer",
                              "Parallel Aware": true,
                              "Relation Name": "movie_companies",
                              "Alias": "mc",
                              "Startup Cost": 0.0,
                              "Total Cost": 29310.68,
                              "Plan Rows": 573021,
                              "Plan Width": 4,
                              "Actual Startup Time": 0.519,
                              "Actual Total Time": 58.638,
                              "Actual Rows": 295852,
                              "Actual Loops": 6,
                              "Filter": "(company_id > 2096)",
                              "Rows Removed by Filter": 139003
                            },
                            {
                              "Node Type": "Hash",
                              "Parent Relationship": "Inner",
                              "Parallel Aware": true,
                              "Startup Cost": 45479.59,
                              "Total Cost": 45479.59,
                              "Plan Rows": 108531,
                              "Plan Width": 4,
                              "Actual Startup Time": 112.571,
                              "Actual Total Time": 112.572,
                              "Actual Rows": 51162,
                              "Actual Loops": 6,
                              "Hash Buckets": 524288,
                              "Original Hash Buckets": 524288,
                              "Hash Batches": 1,
                              "Original Hash Batches": 1,
                              "Peak Memory Usage": 16224,
                              "Plans": [
                                {
                                  "Node Type": "Seq Scan",
                                  "Parent Relationship": "Outer",
                                  "Parallel Aware": true,
                                  "Relation Name": "title",
                                  "Alias": "t",
                                  "Startup Cost": 0.0,
                                  "Total Cost": 45479.59,
                                  "Plan Rows": 108531,
                                  "Plan Width": 4,
                                  "Actual Startup Time": 0.034,
                                  "Actual Total Time": 87.042,
                                  "Actual Rows": 51162,
                                  "Actual Loops": 6,
                                  "Filter": "((kind_id > 1) AND (production_year < 1986))",
                                  "Rows Removed by Filter": 370224
                                }
                              ]
                            }
                          ]
                        }
                      ]
                    }
                  ]
                }
              ]
            }
          ]
        }
      ]
    },
    "Planning Time": 0.622,
    "Triggers": [],
    "Execution Time": 949.191
  }
]