[
  {
    "Plan": {
      "Node Type": "Aggregate",
      "Strategy": "Plain",
      "Partial Mode": "Finalize",
      "Parallel Aware": false,
      "Startup Cost": 31410.75,
      "Total Cost": 31410.76,
      "Plan Rows": 1,
      "Plan Width": 8,
      "Actual Startup Time": 93.474,
      "Actual Total Time": 110.77,
      "Actual Rows": 1,
      "Actual Loops": 1,
      "Plans": [
        {
          "Node Type": "Gather",
          "Parent Relationship": "Outer",
          "Parallel Aware": false,
          "Startup Cost": 31410.54,
          "Total Cost": 31410.75,
          "Plan Rows": 2,
          "Plan Width": 8,
          "Actual Startup Time": 93.202,
          "Actual Total Time": 110.763,
          "Actual Rows": 3,
          "Actual Loops": 1,
          "Workers Planned": 2,
          "Workers Launched": 2,
          "Single Copy": false,
          "Plans": [
            {
              "Node Type": "Aggregate",
              "Strategy": "Plain",
              "Partial Mode": "Partial",
              "Parent Relationship": "Outer",
              "Parallel Aware": false,
              "Startup Cost": 30410.54,
              "Total Cost": 30410.55,
              "Plan Rows": 1,
              "Plan Width": 8,
              "Actual Startup Time": 89.659,
              "Actual Total Time": 89.661,
              "Actual Rows": 1,
              "Actual Loops": 3,
              "Plans": [
                {
                  "Node Type": "Nested Loop",
                  "Parent Relationship": "Outer",
                  "Parallel Aware": false,
                  "Join Type": "Inner",
                  "Startup Cost": 119.08,
                  "Total Cost": 30399.26,
                  "Plan Rows": 4512,
                  "Plan Width": 0,
                  "Actual Startup Time": 0.891,
                  "Actual Total Time": 86.408,
                  "Actual Rows": 56575,
                  "Actual Loops": 3,
                  "Inner Unique": false,
                  "Plans": [
                    {
                      "Node Type": "Nested Loop",
                      "Parent Relationship": "Outer",
                      "Parallel Aware": false,
                      "Join Type": "Inner",
                      "Startup Cost": 118.65,
                      "Total Cost": 28214.14,
                      "Plan Rows": 877,
                      "Plan Width": 8,
                      "Actual Startup Time": 0.811,
                      "Actual Total Time": 16.881,
                      "Actual Rows": 1710,
                      "Actual Loops": 3,
                      "Inner Unique": true,
                      "Plans": [
                        {
                          "Node Type": "Bitmap Heap Scan",
                          "Parent Relationship": "Outer",
                          "Parallel Aware": true,
                          "Relation Name": "movie_companies",
                          "Alias": "mc",
                          "Startup Cost": 118.22,
                          "Total Cost": 11922.39,
                          "Plan Rows": 2247,
                          "Plan Width": 4,
                          "Actual Startup Time": 0.673,
                          "Actual Total Time": 5.286,
                          "Actual Rows": 1721,
                          "Actual Loops": 3,
                          "Recheck Cond": "(company_id = 1709)",
                          "Rows Removed by Index Recheck": 0,
                          "Exact Heap Blocks": 1934,
                          "Lossy Heap Blocks": 0,
                          "Plans": [
                            {
                              "Node Type": "Bitmap Index Scan",
                              "Parent Relationship": "Outer",
                              "Parallel Aware": false,
                              "Index Name": "company_id_movie_companies",
                              "Startup Cost": 0.0,
                              "Total Cost": 116.87,
                              "Plan Rows": 5392,
                              "Plan Width": 0,
                              "Actual Startup Time": 1.327,
                              "Actual Total Time": 1.327,
                              "Actual Rows": 5164,
                              "Actual Loops": 1,
                              "Index Cond": "(company_id = 1709)"
                            }
                          ]
                        },
                        {
                          "Node Type": "Index Scan",
                          "Parent Relationship": "Inner",
                          "Parallel Aware": false,
                          "Scan Direction": "Forward",
                          "Index Name": "title_pkey",
                          "Relation Name": "title",
                          "Alias": "t",
                          "Startup Cost": 0.43,
                          "Total Cost": 7.25,
                          "Plan Rows": 1,
                          "Plan Width": 4,
                          "Actual Startup Time": 0.006,
                          "Actual Total Time": 0.006,
                          "Actual Rows": 1,
                          "Actual Loops": 5164,
                          "Index Cond": "(id = mc.movie_id)",
                          "Rows Removed by Index Recheck": 0,
                          "Filter": "(kind_id < 7)",
                          "Rows Removed by Filter": 0
                        }
                      ]
                    },
                    {
                      "Node Type": "Index Scan",
                      "Parent Relationship": "Inner",
                      "Parallel Aware": false,
                      "Scan Direction": "Forward",
                      "Index Name": "movie_id_movie_info",
                      "Relation Name": "movie_info",
                      "Alias": "mi",
                      "Startup Cost": 0.43,
                      "Total Cost": 2.13,
                      "Plan Rows": 36,
                      "Plan Width": 4,
                      "Actual Startup Time": 0.008,
                      "Actual Total Time": 0.038,
                      "Actual Rows": 33,
                      "Actual Loops": 5131,
                      "Index Cond": "(movie_id = t.id)",
                      "Rows Removed by Index Recheck": 0,
                      "Filter": "(info_type_id < 18)",
                      "Rows Removed by Filter": 11
                    }
                  ]
                }
              ]
            }
          ]
        }
      ]
    },
    "Planning Time": 0.991,
    "Triggers": [],
    "Execution Time": 110.831
  }
]