{
  "Plan": {
    "Node Type": "Aggregate",
    "Strategy": "Plain",
    "Partial Mode": "Finalize",
    "Parallel Aware": false,
    "Startup Cost": 108195.4,
    "Total Cost": 108195.41,
    "Plan Rows": 1,
    "Plan Width": 8,
    "Actual Startup Time": 691.511,
    "Actual Total Time": 707.451,
    "Actual Rows": 1,
    "Actual Loops": 1,
    "Plans": [
      {
        "Node Type": "Gather",
        "Parent Relationship": "Outer",
        "Parallel Aware": false,
        "Startup Cost": 108195.29,
        "Total Cost": 108195.4,
        "Plan Rows": 1,
        "Plan Width": 8,
        "Actual Startup Time": 689.769,
        "Actual Total Time": 707.445,
        "Actual Rows": 2,
        "Actual Loops": 1,
        "Workers Planned": 1,
        "Workers Launched": 1,
        "Single Copy": false,
        "Plans": [
          {
            "Node Type": "Aggregate",
            "Strategy": "Plain",
            "Partial Mode": "Partial",
            "Parent Relationship": "Outer",
            "Parallel Aware": false,
            "Startup Cost": 107195.29,
            "Total Cost": 107195.3,
            "Plan Rows": 1,
            "Plan Width": 8,
            "Actual Startup Time": 683.888,
            "Actual Total Time": 683.891,
            "Actual Rows": 1,
            "Actual Loops": 2,
            "Plans": [
              {
                "Node Type": "Hash Join",
                "Parent Relationship": "Outer",
                "Parallel Aware": true,
                "Join Type": "Inner",
                "Startup Cost": 43395.02,
                "Total Cost": 106111.24,
                "Plan Rows": 433620,
                "Plan Width": 0,
                "Actual Startup Time": 221.693,
                "Actual Total Time": 668.732,
                "Actual Rows": 375870,
                "Actual Loops": 2,
                "Inner Unique": false,
                "Hash Cond": "(t.id = mc.movie_id)",
                "Plans": [
                  {
                    "Node Type": "Seq Scan",
                    "Parent Relationship": "Outer",
                    "Parallel Aware": true,
                    "Relation Name": "title",
                    "Alias": "t",
                    "Startup Cost": 0.0,
                    "Total Cost": 50870.31,
                    "Plan Rows": 1487231,
                    "Plan Width": 4,
                    "Actual Startup Time": 0.011,
                    "Actual Total Time": 118.957,
                    "Actual Rows": 1264156,
                    "Actual Loops": 2
                  },
                  {
                    "Node Type": "Hash",
                    "Parent Relationship": "Inner",
                    "Parallel Aware": true,
                    "Startup Cost": 37974.77,
                    "Total Cost": 37974.77,
                    "Plan Rows": 433620,
                    "Plan Width": 4,
                    "Actual Startup Time": 212.554,
                    "Actual Total Time": 212.554,
                    "Actual Rows": 375870,
                    "Actual Loops": 2,
                    "Hash Buckets": 1048576,
                    "Original Hash Buckets": 1048576,
                    "Hash Batches": 1,
                    "Original Hash Batches": 1,
                    "Peak Memory Usage": 37632,
                    "Plans": [
                      {
                        "Node Type": "Seq Scan",
                        "Parent Relationship": "Outer",
                        "Parallel Aware": true,
                        "Relation Name": "movie_companies",
                        "Alias": "mc",
                        "Startup Cost": 0.0,
                        "Total Cost": 37974.77,
                        "Plan Rows": 433620,
                        "Plan Width": 4,
                        "Actual Startup Time": 37.774,
                        "Actual Total Time": 129.375,
                        "Actual Rows": 375870,
                        "Actual Loops": 2,
                        "Filter": "(company_id > 36749)",
                        "Rows Removed by Filter": 928695
                      }
                    ]
                  }
                ]
              }
            ]
          }
        ]
      }
    ]
  },
  "Planning Time": 0.685,
  "Triggers": [],
  "Execution Time": 707.522
}