{
  "Plan": {
    "Node Type": "Aggregate",
    "Strategy": "Plain",
    "Partial Mode": "Finalize",
    "Parallel Aware": false,
    "Startup Cost": 572459.28,
    "Total Cost": 572459.29,
    "Plan Rows": 1,
    "Plan Width": 8,
    "Actual Startup Time": 2450.65,
    "Actual Total Time": 2479.407,
    "Actual Rows": 1,
    "Actual Loops": 1,
    "Plans": [
      {
        "Node Type": "Gather",
        "Parent Relationship": "Outer",
        "Parallel Aware": false,
        "Startup Cost": 572459.17,
        "Total Cost": 572459.28,
        "Plan Rows": 1,
        "Plan Width": 8,
        "Actual Startup Time": 2445.14,
        "Actual Total Time": 2479.4,
        "Actual Rows": 2,
        "Actual Loops": 1,
        "Workers Planned": 1,
        "Workers Launched": 1,
        "Single Copy": false,
        "Plans": [
          {
            "Node Type": "Aggregate",
            "Strategy": "Plain",
            "Partial Mode": "Partial",
            "Parent Relationship": "Outer",
            "Parallel Aware": false,
            "Startup Cost": 571459.17,
            "Total Cost": 571459.18,
            "Plan Rows": 1,
            "Plan Width": 8,
            "Actual Startup Time": 2432.919,
            "Actual Total Time": 2432.926,
            "Actual Rows": 1,
            "Actual Loops": 2,
            "Plans": [
              {
                "Node Type": "Hash Join",
                "Parent Relationship": "Outer",
                "Parallel Aware": true,
                "Join Type": "Inner",
                "Startup Cost": 491043.25,
                "Total Cost": 565681.76,
                "Plan Rows": 2310963,
                "Plan Width": 0,
                "Actual Startup Time": 1595.578,
                "Actual Total Time": 2268.354,
                "Actual Rows": 4229976,
                "Actual Loops": 2,
                "Inner Unique": false,
                "Hash Cond": "(mk.movie_id = t.id)",
                "Plans": [
                  {
                    "Node Type": "Seq Scan",
                    "Parent Relationship": "Outer",
                    "Parallel Aware": true,
                    "Relation Name": "movie_keyword",
                    "Alias": "mk",
                    "Startup Cost": 0.0,
                    "Total Cost": 51065.35,
                    "Plan Rows": 2661135,
                    "Plan Width": 4,
                    "Actual Startup Time": 0.022,
                    "Actual Total Time": 154.644,
                    "Actual Rows": 2261965,
                    "Actual Loops": 2
                  },
                  {
                    "Node Type": "Hash",
                    "Parent Relationship": "Inner",
                    "Parallel Aware": true,
                    "Startup Cost": 474899.13,
                    "Total Cost": 474899.13,
                    "Plan Rows": 1291530,
                    "Plan Width": 8,
                    "Actual Startup Time": 1574.745,
                    "Actual Total Time": 1574.751,
                    "Actual Rows": 693125,
                    "Actual Loops": 2,
                    "Hash Buckets": 4194304,
                    "Original Hash Buckets": 4194304,
                    "Hash Batches": 1,
                    "Original Hash Batches": 1,
                    "Peak Memory Usage": 87040,
                    "Plans": [
                      {
                        "Node Type": "Hash Join",
                        "Parent Relationship": "Outer",
                        "Parallel Aware": true,
                        "Join Type": "Inner",
                        "Startup Cost": 175996.07,
                        "Total Cost": 474899.13,
                        "Plan Rows": 1291530,
                        "Plan Width": 8,
                        "Actual Startup Time": 875.346,
                        "Actual Total Time": 1348.255,
                        "Actual Rows": 693125,
                        "Actual Loops": 2,
                        "Inner Unique": true,
                        "Hash Cond": "(ci.movie_id = t.id)",
                        "Plans": [
                          {
                            "Node Type": "Bitmap Heap Scan",
                            "Parent Relationship": "Outer",
                            "Parallel Aware": true,
                            "Relation Name": "cast_info",
                            "Alias": "ci",
                            "Startup Cost": 106535.38,
                            "Total Cost": 402048.15,
                            "Plan Rows": 1291530,
                            "Plan Width": 4,
                            "Actual Startup Time": 358.722,
                            "Actual Total Time": 485.262,
                            "Actual Rows": 693125,
                            "Actual Loops": 2,
                            "Recheck Cond": "(person_id < 486391)",
                            "Rows Removed by Index Recheck": 0,
                            "Filter": "(role_id > 2)",
                            "Rows Removed by Filter": 1819466,
                            "Exact Heap Blocks": 28401,
                            "Lossy Heap Blocks": 0,
                            "Plans": [
                              {
                                "Node Type": "Bitmap Index Scan",
                                "Parent Relationship": "Outer",
                                "Parallel Aware": false,
                                "Index Name": "person_id_cast_info",
                                "Startup Cost": 0.0,
                                "Total Cost": 105986.48,
                                "Plan Rows": 4853588,
                                "Plan Width": 0,
                                "Actual Startup Time": 177.854,
                                "Actual Total Time": 177.854,
                                "Actual Rows": 5025181,
                                "Actual Loops": 1,
                                "Index Cond": "(person_id < 486391)"
                              }
                            ]
                          },
                          {
                            "Node Type": "Hash",
                            "Parent Relationship": "Inner",
                            "Parallel Aware": true,
                            "Startup Cost": 50870.31,
                            "Total Cost": 50870.31,
                            "Plan Rows": 1487231,
                            "Plan Width": 4,
                            "Actual Startup Time": 505.016,
                            "Actual Total Time": 505.017,
                            "Actual Rows": 1264156,
                            "Actual Loops": 2,
                            "Hash Buckets": 4194304,
                            "Original Hash Buckets": 4194304,
                            "Hash Batches": 1,
                            "Original Hash Batches": 1,
                            "Peak Memory Usage": 131712,
                            "Plans": [
                              {
                                "Node Type": "Seq Scan",
                                "Parent Relationship": "Outer",
                                "Parallel Aware": true,
                                "Relation Name": "title",
                                "Alias": "t",
                                "Startup Cost": 0.0,
                                "Total Cost": 50870.31,
                                "Plan Rows": 1487231,
                                "Plan Width": 4,
                                "Actual Startup Time": 0.044,
                                "Actual Total Time": 149.548,
                                "Actual Rows": 1264156,
                                "Actual Loops": 2
                              }
                            ]
                          }
                        ]
                      }
                    ]
                  }
                ]
              }
            ]
          }
        ]
      }
    ]
  },
  "Planning Time": 1.012,
  "Triggers": [],
  "Execution Time": 2479.509
}