[
    {
        "Bao": {
            "Bao prediction": 442.326,
            "Bao recommended hint": "(no hint)"
        }
    },
    {
        "Plan": {
            "Node Type": "Aggregate",
            "Strategy": "Plain",
            "Partial Mode": "Finalize",
            "Parallel Aware": false,
            "Startup Cost": 32874.51,
            "Total Cost": 32874.52,
            "Plan Rows": 1,
            "Plan Width": 8,
            "Actual Startup Time": 123.399,
            "Actual Total Time": 130.905,
            "Actual Rows": 1,
            "Actual Loops": 1,
            "Output": [
                "count(*)"
            ],
            "Plans": [
                {
                    "Node Type": "Gather",
                    "Parent Relationship": "Outer",
                    "Parallel Aware": false,
                    "Startup Cost": 32874.19,
                    "Total Cost": 32874.5,
                    "Plan Rows": 3,
                    "Plan Width": 8,
                    "Actual Startup Time": 123.281,
                    "Actual Total Time": 130.895,
                    "Actual Rows": 4,
                    "Actual Loops": 1,
                    "Output": [
                        "(PARTIAL count(*))"
                    ],
                    "Workers Planned": 3,
                    "Workers Launched": 3,
                    "Single Copy": false,
                    "Plans": [
                        {
                            "Node Type": "Aggregate",
                            "Strategy": "Plain",
                            "Partial Mode": "Partial",
                            "Parent Relationship": "Outer",
                            "Parallel Aware": false,
                            "Startup Cost": 31874.19,
                            "Total Cost": 31874.2,
                            "Plan Rows": 1,
                            "Plan Width": 8,
                            "Actual Startup Time": 115.556,
                            "Actual Total Time": 115.557,
                            "Actual Rows": 1,
                            "Actual Loops": 4,
                            "Output": [
                                "PARTIAL count(*)"
                            ],
                            "Workers": [
                                {
                                    "Worker Number": 0,
                                    "Actual Startup Time": 113.023,
                                    "Actual Total Time": 113.025,
                                    "Actual Rows": 1,
                                    "Actual Loops": 1
                                },
                                {
                                    "Worker Number": 1,
                                    "Actual Startup Time": 113.087,
                                    "Actual Total Time": 113.088,
                                    "Actual Rows": 1,
                                    "Actual Loops": 1
                                },
                                {
                                    "Worker Number": 2,
                                    "Actual Startup Time": 113.443,
                                    "Actual Total Time": 113.445,
                                    "Actual Rows": 1,
                                    "Actual Loops": 1
                                }
                            ],
                            "Plans": [
                                {
                                    "Node Type": "Seq Scan",
                                    "Parent Relationship": "Outer",
                                    "Parallel Aware": true,
                                    "Relation Name": "movie_companies",
                                    "Schema": "public",
                                    "Alias": "mc",
                                    "Startup Cost": 0.0,
                                    "Total Cost": 31414.82,
                                    "Plan Rows": 183748,
                                    "Plan Width": 0,
                                    "Actual Startup Time": 52.573,
                                    "Actual Total Time": 101.484,
                                    "Actual Rows": 214761,
                                    "Actual Loops": 4,
                                    "Output": [
                                        "id",
                                        "movie_id",
                                        "company_id",
                                        "company_type_id",
                                        "note"
                                    ],
                                    "Filter": "((mc.company_id > 13702) AND (mc.company_type_id > 1))",
                                    "Rows Removed by Filter": 437522,
                                    "Workers": [
                                        {
                                            "Worker Number": 0,
                                            "Actual Startup Time": 50.056,
                                            "Actual Total Time": 99.342,
                                            "Actual Rows": 207825,
                                            "Actual Loops": 1
                                        },
                                        {
                                            "Worker Number": 1,
                                            "Actual Startup Time": 50.09,
                                            "Actual Total Time": 99.445,
                                            "Actual Rows": 207447,
                                            "Actual Loops": 1
                                        },
                                        {
                                            "Worker Number": 2,
                                            "Actual Startup Time": 50.456,
                                            "Actual Total Time": 99.753,
                                            "Actual Rows": 208569,
                                            "Actual Loops": 1
                                        }
                                    ]
                                }
                            ]
                        }
                    ]
                }
            ]
        },
        "Planning Time": 2331.254,
        "Triggers": [],
        "Execution Time": 130.997
    }
]