{
  "Plan": {
    "Node Type": "Aggregate",
    "Strategy": "Plain",
    "Partial Mode": "Finalize",
    "Parallel Aware": false,
    "Startup Cost": 490181.82,
    "Total Cost": 490181.83,
    "Plan Rows": 1,
    "Plan Width": 8,
    "Actual Startup Time": 2222.192,
    "Actual Total Time": 2255.858,
    "Actual Rows": 1,
    "Actual Loops": 1,
    "Plans": [
      {
        "Node Type": "Gather",
        "Parent Relationship": "Outer",
        "Parallel Aware": false,
        "Startup Cost": 490181.71,
        "Total Cost": 490181.82,
        "Plan Rows": 1,
        "Plan Width": 8,
        "Actual Startup Time": 2219.779,
        "Actual Total Time": 2255.851,
        "Actual Rows": 2,
        "Actual Loops": 1,
        "Workers Planned": 1,
        "Workers Launched": 1,
        "Single Copy": false,
        "Plans": [
          {
            "Node Type": "Aggregate",
            "Strategy": "Plain",
            "Partial Mode": "Partial",
            "Parent Relationship": "Outer",
            "Parallel Aware": false,
            "Startup Cost": 489181.71,
            "Total Cost": 489181.72,
            "Plan Rows": 1,
            "Plan Width": 8,
            "Actual Startup Time": 2211.669,
            "Actual Total Time": 2211.671,
            "Actual Rows": 1,
            "Actual Loops": 2,
            "Plans": [
              {
                "Node Type": "Hash Join",
                "Parent Relationship": "Outer",
                "Parallel Aware": true,
                "Join Type": "Inner",
                "Startup Cost": 68405.38,
                "Total Cost": 479189.97,
                "Plan Rows": 3996696,
                "Plan Width": 0,
                "Actual Startup Time": 410.351,
                "Actual Total Time": 2137.285,
                "Actual Rows": 1863434,
                "Actual Loops": 2,
                "Inner Unique": true,
                "Hash Cond": "(ci.movie_id = t.id)",
                "Plans": [
                  {
                    "Node Type": "Index Scan",
                    "Parent Relationship": "Outer",
                    "Parallel Aware": true,
                    "Scan Direction": "Forward",
                    "Index Name": "role_id_cast_info",
                    "Relation Name": "cast_info",
                    "Alias": "ci",
                    "Startup Cost": 0.56,
                    "Total Cost": 396668.75,
                    "Plan Rows": 5377669,
                    "Plan Width": 4,
                    "Actual Startup Time": 0.05,
                    "Actual Total Time": 804.511,
                    "Actual Rows": 2348700,
                    "Actual Loops": 2,
                    "Index Cond": "(role_id > 3)",
                    "Rows Removed by Index Recheck": 0,
                    "Filter": "(person_id < 2771778)",
                    "Rows Removed by Filter": 3708123
                  },
                  {
                    "Node Type": "Hash",
                    "Parent Relationship": "Inner",
                    "Parallel Aware": true,
                    "Startup Cost": 54588.39,
                    "Total Cost": 54588.39,
                    "Plan Rows": 1105314,
                    "Plan Width": 4,
                    "Actual Startup Time": 395.998,
                    "Actual Total Time": 395.999,
                    "Actual Rows": 935599,
                    "Actual Loops": 2,
                    "Hash Buckets": 2097152,
                    "Original Hash Buckets": 2097152,
                    "Hash Batches": 1,
                    "Original Hash Batches": 1,
                    "Peak Memory Usage": 89632,
                    "Plans": [
                      {
                        "Node Type": "Seq Scan",
                        "Parent Relationship": "Outer",
                        "Parallel Aware": true,
                        "Relation Name": "title",
                        "Alias": "t",
                        "Startup Cost": 0.0,
                        "Total Cost": 54588.39,
                        "Plan Rows": 1105314,
                        "Plan Width": 4,
                        "Actual Startup Time": 0.048,
                        "Actual Total Time": 170.598,
                        "Actual Rows": 935599,
                        "Actual Loops": 2,
                        "Filter": "(production_year > 1984)",
                        "Rows Removed by Filter": 328557
                      }
                    ]
                  }
                ]
              }
            ]
          }
        ]
      }
    ]
  },
  "Planning Time": 0.751,
  "Triggers": [],
  "Execution Time": 2255.939
}