{
  "Plan": {
    "Node Type": "Aggregate",
    "Strategy": "Plain",
    "Partial Mode": "Finalize",
    "Parallel Aware": false,
    "Startup Cost": 55639.5,
    "Total Cost": 55639.51,
    "Plan Rows": 1,
    "Plan Width": 8,
    "Actual Startup Time": 54.906,
    "Actual Total Time": 61.333,
    "Actual Rows": 1,
    "Actual Loops": 1,
    "Plans": [
      {
        "Node Type": "Gather",
        "Parent Relationship": "Outer",
        "Parallel Aware": false,
        "Startup Cost": 55639.39,
        "Total Cost": 55639.5,
        "Plan Rows": 1,
        "Plan Width": 8,
        "Actual Startup Time": 54.817,
        "Actual Total Time": 61.328,
        "Actual Rows": 2,
        "Actual Loops": 1,
        "Workers Planned": 1,
        "Workers Launched": 1,
        "Single Copy": false,
        "Plans": [
          {
            "Node Type": "Aggregate",
            "Strategy": "Plain",
            "Partial Mode": "Partial",
            "Parent Relationship": "Outer",
            "Parallel Aware": false,
            "Startup Cost": 54639.39,
            "Total Cost": 54639.4,
            "Plan Rows": 1,
            "Plan Width": 8,
            "Actual Startup Time": 50.783,
            "Actual Total Time": 50.784,
            "Actual Rows": 1,
            "Actual Loops": 2,
            "Plans": [
              {
                "Node Type": "Nested Loop",
                "Parent Relationship": "Outer",
                "Parallel Aware": false,
                "Join Type": "Inner",
                "Startup Cost": 217.7,
                "Total Cost": 54639.33,
                "Plan Rows": 25,
                "Plan Width": 0,
                "Actual Startup Time": 11.642,
                "Actual Total Time": 50.768,
                "Actual Rows": 23,
                "Actual Loops": 2,
                "Inner Unique": true,
                "Plans": [
                  {
                    "Node Type": "Bitmap Heap Scan",
                    "Parent Relationship": "Outer",
                    "Parallel Aware": true,
                    "Relation Name": "movie_companies",
                    "Alias": "mc",
                    "Startup Cost": 217.27,
                    "Total Cost": 16464.14,
                    "Plan Rows": 5832,
                    "Plan Width": 4,
                    "Actual Startup Time": 7.943,
                    "Actual Total Time": 18.947,
                    "Actual Rows": 5080,
                    "Actual Loops": 2,
                    "Recheck Cond": "(company_id = 2561)",
                    "Rows Removed by Index Recheck": 0,
                    "Exact Heap Blocks": 4359,
                    "Lossy Heap Blocks": 0,
                    "Plans": [
                      {
                        "Node Type": "Bitmap Index Scan",
                        "Parent Relationship": "Outer",
                        "Parallel Aware": false,
                        "Index Name": "company_id_movie_companies",
                        "Startup Cost": 0.0,
                        "Total Cost": 214.79,
                        "Plan Rows": 9915,
                        "Plan Width": 0,
                        "Actual Startup Time": 8.711,
                        "Actual Total Time": 8.711,
                        "Actual Rows": 10160,
                        "Actual Loops": 1,
                        "Index Cond": "(company_id = 2561)"
                      }
                    ]
                  },
                  {
                    "Node Type": "Index Scan",
                    "Parent Relationship": "Inner",
                    "Parallel Aware": false,
                    "Scan Direction": "Forward",
                    "Index Name": "title_pkey",
                    "Relation Name": "title",
                    "Alias": "t",
                    "Startup Cost": 0.43,
                    "Total Cost": 6.55,
                    "Plan Rows": 1,
                    "Plan Width": 4,
                    "Actual Startup Time": 0.006,
                    "Actual Total Time": 0.006,
                    "Actual Rows": 0,
                    "Actual Loops": 10160,
                    "Index Cond": "(id = mc.movie_id)",
                    "Rows Removed by Index Recheck": 0,
                    "Filter": "(production_year = 1964)",
                    "Rows Removed by Filter": 1
                  }
                ]
              }
            ]
          }
        ]
      }
    ]
  },
  "Planning Time": 0.489,
  "Triggers": [],
  "Execution Time": 61.422
}