[
  {
    "Plan": {
      "Node Type": "Aggregate",
      "Strategy": "Plain",
      "Partial Mode": "Finalize",
      "Parallel Aware": false,
      "Startup Cost": 72748.29,
      "Total Cost": 72748.3,
      "Plan Rows": 1,
      "Plan Width": 8,
      "Actual Startup Time": 424.972,
      "Actual Total Time": 442.78,
      "Actual Rows": 1,
      "Actual Loops": 1,
      "Plans": [
        {
          "Node Type": "Gather",
          "Parent Relationship": "Outer",
          "Parallel Aware": false,
          "Startup Cost": 72747.97,
          "Total Cost": 72748.28,
          "Plan Rows": 3,
          "Plan Width": 8,
          "Actual Startup Time": 416.126,
          "Actual Total Time": 442.77,
          "Actual Rows": 4,
          "Actual Loops": 1,
          "Workers Planned": 3,
          "Workers Launched": 3,
          "Single Copy": false,
          "Plans": [
            {
              "Node Type": "Aggregate",
              "Strategy": "Plain",
              "Partial Mode": "Partial",
              "Parent Relationship": "Outer",
              "Parallel Aware": false,
              "Startup Cost": 71747.97,
              "Total Cost": 71747.98,
              "Plan Rows": 1,
              "Plan Width": 8,
              "Actual Startup Time": 398.243,
              "Actual Total Time": 398.246,
              "Actual Rows": 1,
              "Actual Loops": 4,
              "Plans": [
                {
                  "Node Type": "Hash Join",
                  "Parent Relationship": "Outer",
                  "Parallel Aware": true,
                  "Join Type": "Inner",
                  "Startup Cost": 52387.04,
                  "Total Cost": 71706.57,
                  "Plan Rows": 16561,
                  "Plan Width": 0,
                  "Actual Startup Time": 374.903,
                  "Actual Total Time": 397.04,
                  "Actual Rows": 25008,
                  "Actual Loops": 4,
                  "Inner Unique": true,
                  "Hash Cond": "(mc.movie_id = t.id)",
                  "Plans": [
                    {
                      "Node Type": "Bitmap Heap Scan",
                      "Parent Relationship": "Outer",
                      "Parallel Aware": true,
                      "Relation Name": "movie_companies",
                      "Alias": "mc",
                      "Startup Cost": 2166.65,
                      "Total Cost": 21442.71,
                      "Plan Rows": 16561,
                      "Plan Width": 4,
                      "Actual Startup Time": 4.091,
                      "Actual Total Time": 13.424,
                      "Actual Rows": 25008,
                      "Actual Loops": 4,
                      "Recheck Cond": "(company_id > 157495)",
                      "Rows Removed by Index Recheck": 0,
                      "Filter": "(company_type_id > 1)",
                      "Rows Removed by Filter": 0,
                      "Exact Heap Blocks": 952,
                      "Lossy Heap Blocks": 0,
                      "Plans": [
                        {
                          "Node Type": "Bitmap Index Scan",
                          "Parent Relationship": "Outer",
                          "Parallel Aware": false,
                          "Index Name": "company_id_movie_companies",
                          "Startup Cost": 0.0,
                          "Total Cost": 2153.82,
                          "Plan Rows": 100452,
                          "Plan Width": 0,
                          "Actual Startup Time": 3.664,
                          "Actual Total Time": 3.665,
                          "Actual Rows": 100034,
                          "Actual Loops": 1,
                          "Index Cond": "(company_id > 157495)"
                        }
                      ]
                    },
                    {
                      "Node Type": "Hash",
                      "Parent Relationship": "Inner",
                      "Parallel Aware": true,
                      "Startup Cost": 42319.06,
                      "Total Cost": 42319.06,
                      "Plan Rows": 632106,
                      "Plan Width": 4,
                      "Actual Startup Time": 359.171,
                      "Actual Total Time": 359.172,
                      "Actual Rows": 632078,
                      "Actual Loops": 4,
                      "Hash Buckets": 4194304,
                      "Original Hash Buckets": 4194304,
                      "Hash Batches": 1,
                      "Original Hash Batches": 1,
                      "Peak Memory Usage": 131744,
                      "Plans": [
                        {
                          "Node Type": "Seq Scan",
                          "Parent Relationship": "Outer",
                          "Parallel Aware": true,
                          "Relation Name": "title",
                          "Alias": "t",
                          "Startup Cost": 0.0,
                          "Total Cost": 42319.06,
                          "Plan Rows": 632106,
                          "Plan Width": 4,
                          "Actual Startup Time": 0.05,
                          "Actual Total Time": 104.333,
                          "Actual Rows": 632078,
                          "Actual Loops": 4
                        }
                      ]
                    }
                  ]
                }
              ]
            }
          ]
        }
      ]
    },
    "Planning Time": 0.686,
    "Triggers": [],
    "Execution Time": 442.87
  }
]