[
  {
    "Plan": {
      "Node Type": "Aggregate",
      "Strategy": "Plain",
      "Partial Mode": "Finalize",
      "Parallel Aware": false,
      "Startup Cost": 185668.95,
      "Total Cost": 185668.96,
      "Plan Rows": 1,
      "Plan Width": 8,
      "Actual Startup Time": 179.872,
      "Actual Total Time": 194.991,
      "Actual Rows": 1,
      "Actual Loops": 1,
      "Plans": [
        {
          "Node Type": "Gather",
          "Parent Relationship": "Outer",
          "Parallel Aware": false,
          "Startup Cost": 185668.42,
          "Total Cost": 185668.93,
          "Plan Rows": 5,
          "Plan Width": 8,
          "Actual Startup Time": 178.764,
          "Actual Total Time": 194.981,
          "Actual Rows": 6,
          "Actual Loops": 1,
          "Workers Planned": 5,
          "Workers Launched": 5,
          "Single Copy": false,
          "Plans": [
            {
              "Node Type": "Aggregate",
              "Strategy": "Plain",
              "Partial Mode": "Partial",
              "Parent Relationship": "Outer",
              "Parallel Aware": false,
              "Startup Cost": 184668.42,
              "Total Cost": 184668.43,
              "Plan Rows": 1,
              "Plan Width": 8,
              "Actual Startup Time": 169.619,
              "Actual Total Time": 169.623,
              "Actual Rows": 1,
              "Actual Loops": 6,
              "Plans": [
                {
                  "Node Type": "Bitmap Heap Scan",
                  "Parent Relationship": "Outer",
                  "Parallel Aware": true,
                  "Relation Name": "movie_info",
                  "Alias": "mi",
                  "Startup Cost": 19447.43,
                  "Total Cost": 184130.42,
                  "Plan Rows": 215200,
                  "Plan Width": 0,
                  "Actual Startup Time": 67.076,
                  "Actual Total Time": 155.979,
                  "Actual Rows": 179429,
                  "Actual Loops": 6,
                  "Recheck Cond": "(info_type_id > 71)",
                  "Rows Removed by Index Recheck": 0,
                  "Exact Heap Blocks": 9691,
                  "Lossy Heap Blocks": 0,
                  "Plans": [
                    {
                      "Node Type": "Bitmap Index Scan",
                      "Parent Relationship": "Outer",
                      "Parallel Aware": false,
                      "Index Name": "info_type_id_movie_info",
                      "Startup Cost": 0.0,
                      "Total Cost": 19178.43,
                      "Plan Rows": 1075999,
                      "Plan Width": 0,
                      "Actual Startup Time": 66.65,
                      "Actual Total Time": 66.65,
                      "Actual Rows": 1076576,
                      "Actual Loops": 1,
                      "Index Cond": "(info_type_id > 71)"
                    }
                  ]
                }
              ]
            }
          ]
        }
      ]
    },
    "Planning Time": 0.121,
    "Triggers": [],
    "Execution Time": 195.043
  }
]