[
  {
    "Plan": {
      "Node Type": "Aggregate",
      "Strategy": "Plain",
      "Partial Mode": "Finalize",
      "Parallel Aware": false,
      "Startup Cost": 47473.06,
      "Total Cost": 47473.07,
      "Plan Rows": 1,
      "Plan Width": 8,
      "Actual Startup Time": 125.823,
      "Actual Total Time": 138.637,
      "Actual Rows": 1,
      "Actual Loops": 1,
      "Plans": [
        {
          "Node Type": "Gather",
          "Parent Relationship": "Outer",
          "Parallel Aware": false,
          "Startup Cost": 47472.64,
          "Total Cost": 47473.05,
          "Plan Rows": 4,
          "Plan Width": 8,
          "Actual Startup Time": 125.653,
          "Actual Total Time": 138.616,
          "Actual Rows": 5,
          "Actual Loops": 1,
          "Workers Planned": 4,
          "Workers Launched": 4,
          "Single Copy": false,
          "Plans": [
            {
              "Node Type": "Aggregate",
              "Strategy": "Plain",
              "Partial Mode": "Partial",
              "Parent Relationship": "Outer",
              "Parallel Aware": false,
              "Startup Cost": 46472.64,
              "Total Cost": 46472.65,
              "Plan Rows": 1,
              "Plan Width": 8,
              "Actual Startup Time": 117.785,
              "Actual Total Time": 117.787,
              "Actual Rows": 1,
              "Actual Loops": 5,
              "Plans": [
                {
                  "Node Type": "Seq Scan",
                  "Parent Relationship": "Outer",
                  "Parallel Aware": true,
                  "Relation Name": "title",
                  "Alias": "t",
                  "Startup Cost": 0.0,
                  "Total Cost": 45479.59,
                  "Plan Rows": 397223,
                  "Plan Width": 0,
                  "Actual Startup Time": 0.044,
                  "Actual Total Time": 100.736,
                  "Actual Rows": 321759,
                  "Actual Loops": 5,
                  "Filter": "((kind_id > 3) AND (production_year > 1914))",
                  "Rows Removed by Filter": 183904
                }
              ]
            }
          ]
        }
      ]
    },
    "Planning Time": 0.082,
    "Triggers": [],
    "Execution Time": 138.668
  }
]