{
  "Plan": {
    "Node Type": "Aggregate",
    "Strategy": "Plain",
    "Partial Mode": "Finalize",
    "Parallel Aware": false,
    "Startup Cost": 524637.9,
    "Total Cost": 524637.91,
    "Plan Rows": 1,
    "Plan Width": 8,
    "Actual Startup Time": 2631.764,
    "Actual Total Time": 2653.745,
    "Actual Rows": 1,
    "Actual Loops": 1,
    "Plans": [
      {
        "Node Type": "Gather",
        "Parent Relationship": "Outer",
        "Parallel Aware": false,
        "Startup Cost": 524637.79,
        "Total Cost": 524637.9,
        "Plan Rows": 1,
        "Plan Width": 8,
        "Actual Startup Time": 2625.924,
        "Actual Total Time": 2653.736,
        "Actual Rows": 2,
        "Actual Loops": 1,
        "Workers Planned": 1,
        "Workers Launched": 1,
        "Single Copy": false,
        "Plans": [
          {
            "Node Type": "Aggregate",
            "Strategy": "Plain",
            "Partial Mode": "Partial",
            "Parent Relationship": "Outer",
            "Parallel Aware": false,
            "Startup Cost": 523637.79,
            "Total Cost": 523637.8,
            "Plan Rows": 1,
            "Plan Width": 8,
            "Actual Startup Time": 2617.824,
            "Actual Total Time": 2617.828,
            "Actual Rows": 1,
            "Actual Loops": 2,
            "Plans": [
              {
                "Node Type": "Hash Join",
                "Parent Relationship": "Outer",
                "Parallel Aware": true,
                "Join Type": "Inner",
                "Startup Cost": 203634.35,
                "Total Cost": 517025.47,
                "Plan Rows": 2644930,
                "Plan Width": 0,
                "Actual Startup Time": 838.34,
                "Actual Total Time": 2500.668,
                "Actual Rows": 2724937,
                "Actual Loops": 2,
                "Inner Unique": true,
                "Hash Cond": "(ci.movie_id = t.id)",
                "Plans": [
                  {
                    "Node Type": "Bitmap Heap Scan",
                    "Parent Relationship": "Outer",
                    "Parallel Aware": true,
                    "Relation Name": "cast_info",
                    "Alias": "ci",
                    "Startup Cost": 134173.65,
                    "Total Cost": 440621.81,
                    "Plan Rows": 2644930,
                    "Plan Width": 4,
                    "Actual Startup Time": 314.042,
                    "Actual Total Time": 739.089,
                    "Actual Rows": 2724937,
                    "Actual Loops": 2,
                    "Recheck Cond": "(person_id < 605666)",
                    "Rows Removed by Index Recheck": 0,
                    "Filter": "(role_id < 5)",
                    "Rows Removed by Filter": 417188,
                    "Exact Heap Blocks": 35328,
                    "Lossy Heap Blocks": 0,
                    "Plans": [
                      {
                        "Node Type": "Bitmap Index Scan",
                        "Parent Relationship": "Outer",
                        "Parallel Aware": false,
                        "Index Name": "person_id_cast_info",
                        "Startup Cost": 0.0,
                        "Total Cost": 133049.55,
                        "Plan Rows": 6092932,
                        "Plan Width": 0,
                        "Actual Startup Time": 302.399,
                        "Actual Total Time": 302.4,
                        "Actual Rows": 6284251,
                        "Actual Loops": 1,
                        "Index Cond": "(person_id < 605666)"
                      }
                    ]
                  },
                  {
                    "Node Type": "Hash",
                    "Parent Relationship": "Inner",
                    "Parallel Aware": true,
                    "Startup Cost": 50870.31,
                    "Total Cost": 50870.31,
                    "Plan Rows": 1487231,
                    "Plan Width": 4,
                    "Actual Startup Time": 508.152,
                    "Actual Total Time": 508.153,
                    "Actual Rows": 1264156,
                    "Actual Loops": 2,
                    "Hash Buckets": 4194304,
                    "Original Hash Buckets": 4194304,
                    "Hash Batches": 1,
                    "Original Hash Batches": 1,
                    "Peak Memory Usage": 131712,
                    "Plans": [
                      {
                        "Node Type": "Seq Scan",
                        "Parent Relationship": "Outer",
                        "Parallel Aware": true,
                        "Relation Name": "title",
                        "Alias": "t",
                        "Startup Cost": 0.0,
                        "Total Cost": 50870.31,
                        "Plan Rows": 1487231,
                        "Plan Width": 4,
                        "Actual Startup Time": 0.018,
                        "Actual Total Time": 146.094,
                        "Actual Rows": 1264156,
                        "Actual Loops": 2
                      }
                    ]
                  }
                ]
              }
            ]
          }
        ]
      }
    ]
  },
  "Planning Time": 0.294,
  "Triggers": [],
  "Execution Time": 2653.798
}