[
  {
    "Plan": {
      "Node Type": "Aggregate",
      "Strategy": "Plain",
      "Partial Mode": "Finalize",
      "Parallel Aware": false,
      "Startup Cost": 32634.03,
      "Total Cost": 32634.04,
      "Plan Rows": 1,
      "Plan Width": 8,
      "Actual Startup Time": 68.197,
      "Actual Total Time": 74.395,
      "Actual Rows": 1,
      "Actual Loops": 1,
      "Plans": [
        {
          "Node Type": "Gather",
          "Parent Relationship": "Outer",
          "Parallel Aware": false,
          "Startup Cost": 32633.71,
          "Total Cost": 32634.02,
          "Plan Rows": 3,
          "Plan Width": 8,
          "Actual Startup Time": 68.057,
          "Actual Total Time": 74.388,
          "Actual Rows": 4,
          "Actual Loops": 1,
          "Workers Planned": 3,
          "Workers Launched": 3,
          "Single Copy": false,
          "Plans": [
            {
              "Node Type": "Aggregate",
              "Strategy": "Plain",
              "Partial Mode": "Partial",
              "Parent Relationship": "Outer",
              "Parallel Aware": false,
              "Startup Cost": 31633.71,
              "Total Cost": 31633.72,
              "Plan Rows": 1,
              "Plan Width": 8,
              "Actual Startup Time": 65.122,
              "Actual Total Time": 65.123,
              "Actual Rows": 1,
              "Actual Loops": 4,
              "Plans": [
                {
                  "Node Type": "Seq Scan",
                  "Parent Relationship": "Outer",
                  "Parallel Aware": true,
                  "Relation Name": "movie_companies",
                  "Alias": "mc",
                  "Startup Cost": 0.0,
                  "Total Cost": 31414.82,
                  "Plan Rows": 87558,
                  "Plan Width": 0,
                  "Actual Startup Time": 0.012,
                  "Actual Total Time": 60.459,
                  "Actual Rows": 101628,
                  "Actual Loops": 4,
                  "Filter": "((company_id < 561) AND (company_type_id < 2))",
                  "Rows Removed by Filter": 550654
                }
              ]
            }
          ]
        }
      ]
    },
    "Planning Time": 0.089,
    "Triggers": [],
    "Execution Time": 74.428
  }
]