[
  {
    "Plan": {
      "Node Type": "Aggregate",
      "Strategy": "Plain",
      "Partial Mode": "Finalize",
      "Parallel Aware": false,
      "Startup Cost": 127219.12,
      "Total Cost": 127219.13,
      "Plan Rows": 1,
      "Plan Width": 8,
      "Actual Startup Time": 548.824,
      "Actual Total Time": 589.764,
      "Actual Rows": 1,
      "Actual Loops": 1,
      "Plans": [
        {
          "Node Type": "Gather",
          "Parent Relationship": "Outer",
          "Parallel Aware": false,
          "Startup Cost": 127218.7,
          "Total Cost": 127219.11,
          "Plan Rows": 4,
          "Plan Width": 8,
          "Actual Startup Time": 547.516,
          "Actual Total Time": 589.755,
          "Actual Rows": 5,
          "Actual Loops": 1,
          "Workers Planned": 4,
          "Workers Launched": 4,
          "Single Copy": false,
          "Plans": [
            {
              "Node Type": "Aggregate",
              "Strategy": "Plain",
              "Partial Mode": "Partial",
              "Parent Relationship": "Outer",
              "Parallel Aware": false,
              "Startup Cost": 126218.7,
              "Total Cost": 126218.71,
              "Plan Rows": 1,
              "Plan Width": 8,
              "Actual Startup Time": 537.029,
              "Actual Total Time": 537.032,
              "Actual Rows": 1,
              "Actual Loops": 5,
              "Plans": [
                {
                  "Node Type": "Nested Loop",
                  "Parent Relationship": "Outer",
                  "Parallel Aware": false,
                  "Join Type": "Inner",
                  "Startup Cost": 23293.02,
                  "Total Cost": 126192.45,
                  "Plan Rows": 10499,
                  "Plan Width": 0,
                  "Actual Startup Time": 146.483,
                  "Actual Total Time": 535.142,
                  "Actual Rows": 22521,
                  "Actual Loops": 5,
                  "Inner Unique": false,
                  "Plans": [
                    {
                      "Node Type": "Hash Join",
                      "Parent Relationship": "Outer",
                      "Parallel Aware": true,
                      "Join Type": "Inner",
                      "Startup Cost": 23292.58,
                      "Total Cost": 70082.31,
                      "Plan Rows": 33332,
                      "Plan Width": 8,
                      "Actual Startup Time": 145.866,
                      "Actual Total Time": 208.332,
                      "Actual Rows": 25961,
                      "Actual Loops": 5,
                      "Inner Unique": false,
                      "Hash Cond": "(t.id = mc.movie_id)",
                      "Plans": [
                        {
                          "Node Type": "Seq Scan",
                          "Parent Relationship": "Outer",
                          "Parallel Aware": true,
                          "Relation Name": "title",
                          "Alias": "t",
                          "Startup Cost": 0.0,
                          "Total Cost": 43898.92,
                          "Plan Rows": 556658,
                          "Plan Width": 4,
                          "Actual Startup Time": 0.017,
                          "Actual Total Time": 81.019,
                          "Actual Rows": 444914,
                          "Actual Loops": 5,
                          "Filter": "(production_year < 2012)",
                          "Rows Removed by Filter": 60749
                        },
                        {
                          "Node Type": "Hash",
                          "Parent Relationship": "Inner",
                          "Parallel Aware": true,
                          "Startup Cost": 22682.15,
                          "Total Cost": 22682.15,
                          "Plan Rows": 48835,
                          "Plan Width": 4,
                          "Actual Startup Time": 50.771,
                          "Actual Total Time": 50.772,
                          "Actual Rows": 29563,
                          "Actual Loops": 5,
                          "Hash Buckets": 262144,
                          "Original Hash Buckets": 262144,
                          "Hash Batches": 1,
                          "Original Hash Batches": 1,
                          "Peak Memory Usage": 7904,
                          "Plans": [
                            {
                              "Node Type": "Bitmap Heap Scan",
                              "Parent Relationship": "Outer",
                              "Parallel Aware": true,
                              "Relation Name": "movie_companies",
                              "Alias": "mc",
                              "Startup Cost": 3281.7,
                              "Total Cost": 22682.15,
                              "Plan Rows": 48835,
                              "Plan Width": 4,
                              "Actual Startup Time": 13.624,
                              "Actual Total Time": 35.991,
                              "Actual Rows": 29563,
                              "Actual Loops": 5,
                              "Recheck Cond": "(company_id > 132917)",
                              "Rows Removed by Index Recheck": 0,
                              "Exact Heap Blocks": 1787,
                              "Lossy Heap Blocks": 0,
                              "Plans": [
                                {
                                  "Node Type": "Bitmap Index Scan",
                                  "Parent Relationship": "Outer",
                                  "Parallel Aware": false,
                                  "Index Name": "company_id_movie_companies",
                                  "Startup Cost": 0.0,
                                  "Total Cost": 3243.86,
                                  "Plan Rows": 151390,
                                  "Plan Width": 0,
                                  "Actual Startup Time": 15.88,
                                  "Actual Total Time": 15.881,
                                  "Actual Rows": 147815,
                                  "Actual Loops": 1,
                                  "Index Cond": "(company_id > 132917)"
                                }
                              ]
                            }
                          ]
                        }
                      ]
                    },
                    {
                      "Node Type": "Index Scan",
                      "Parent Relationship": "Inner",
                      "Parallel Aware": false,
                      "Scan Direction": "Forward",
                      "Index Name": "movie_id_movie_info",
                      "Relation Name": "movie_info",
                      "Alias": "mi",
                      "Startup Cost": 0.43,
                      "Total Cost": 1.66,
                      "Plan Rows": 2,
                      "Plan Width": 4,
                      "Actual Startup Time": 0.006,
                      "Actual Total Time": 0.012,
                      "Actual Rows": 1,
                      "Actual Loops": 129806,
                      "Index Cond": "(movie_id = t.id)",
                      "Rows Removed by Index Recheck": 0,
                      "Filter": "(info_type_id < 2)",
                      "Rows Removed by Filter": 17
                    }
                  ]
                }
              ]
            }
          ]
        }
      ]
    },
    "Planning Time": 1.443,
    "Triggers": [],
    "Execution Time": 589.878
  }
]