[
  {
    "Plan": {
      "Node Type": "Aggregate",
      "Strategy": "Plain",
      "Partial Mode": "Finalize",
      "Parallel Aware": false,
      "Startup Cost": 44516.24,
      "Total Cost": 44516.25,
      "Plan Rows": 1,
      "Plan Width": 8,
      "Actual Startup Time": 122.141,
      "Actual Total Time": 129.13,
      "Actual Rows": 1,
      "Actual Loops": 1,
      "Plans": [
        {
          "Node Type": "Gather",
          "Parent Relationship": "Outer",
          "Parallel Aware": false,
          "Startup Cost": 44515.93,
          "Total Cost": 44516.24,
          "Plan Rows": 3,
          "Plan Width": 8,
          "Actual Startup Time": 122.002,
          "Actual Total Time": 129.121,
          "Actual Rows": 4,
          "Actual Loops": 1,
          "Workers Planned": 3,
          "Workers Launched": 3,
          "Single Copy": false,
          "Plans": [
            {
              "Node Type": "Aggregate",
              "Strategy": "Plain",
              "Partial Mode": "Partial",
              "Parent Relationship": "Outer",
              "Parallel Aware": false,
              "Startup Cost": 43515.93,
              "Total Cost": 43515.94,
              "Plan Rows": 1,
              "Plan Width": 8,
              "Actual Startup Time": 115.427,
              "Actual Total Time": 115.428,
              "Actual Rows": 1,
              "Actual Loops": 4,
              "Plans": [
                {
                  "Node Type": "Seq Scan",
                  "Parent Relationship": "Outer",
                  "Parallel Aware": true,
                  "Relation Name": "movie_keyword",
                  "Alias": "mk",
                  "Startup Cost": 0.0,
                  "Total Cost": 42695.65,
                  "Plan Rows": 328109,
                  "Plan Width": 0,
                  "Actual Startup Time": 1.032,
                  "Actual Total Time": 102.435,
                  "Actual Rows": 254094,
                  "Actual Loops": 4,
                  "Filter": "(keyword_id > 17757)",
                  "Rows Removed by Filter": 876889
                }
              ]
            }
          ]
        }
      ]
    },
    "Planning Time": 0.088,
    "Triggers": [],
    "Execution Time": 129.161
  }
]