{
  "Plan": {
    "Node Type": "Aggregate",
    "Strategy": "Plain",
    "Partial Mode": "Finalize",
    "Parallel Aware": false,
    "Startup Cost": 121362.53,
    "Total Cost": 121362.54,
    "Plan Rows": 1,
    "Plan Width": 8,
    "Actual Startup Time": 603.306,
    "Actual Total Time": 620.311,
    "Actual Rows": 1,
    "Actual Loops": 1,
    "Plans": [
      {
        "Node Type": "Gather",
        "Parent Relationship": "Outer",
        "Parallel Aware": false,
        "Startup Cost": 121362.42,
        "Total Cost": 121362.53,
        "Plan Rows": 1,
        "Plan Width": 8,
        "Actual Startup Time": 602.66,
        "Actual Total Time": 620.302,
        "Actual Rows": 2,
        "Actual Loops": 1,
        "Workers Planned": 1,
        "Workers Launched": 1,
        "Single Copy": false,
        "Plans": [
          {
            "Node Type": "Aggregate",
            "Strategy": "Plain",
            "Partial Mode": "Partial",
            "Parent Relationship": "Outer",
            "Parallel Aware": false,
            "Startup Cost": 120362.42,
            "Total Cost": 120362.43,
            "Plan Rows": 1,
            "Plan Width": 8,
            "Actual Startup Time": 598.256,
            "Actual Total Time": 598.26,
            "Actual Rows": 1,
            "Actual Loops": 2,
            "Plans": [
              {
                "Node Type": "Hash Join",
                "Parent Relationship": "Outer",
                "Parallel Aware": true,
                "Join Type": "Inner",
                "Startup Cost": 61256.03,
                "Total Cost": 119306.87,
                "Plan Rows": 422217,
                "Plan Width": 0,
                "Actual Startup Time": 200.191,
                "Actual Total Time": 579.593,
                "Actual Rows": 486418,
                "Actual Loops": 2,
                "Inner Unique": true,
                "Hash Cond": "(mk.movie_id = t.id)",
                "Plans": [
                  {
                    "Node Type": "Seq Scan",
                    "Parent Relationship": "Outer",
                    "Parallel Aware": true,
                    "Relation Name": "movie_keyword",
                    "Alias": "mk",
                    "Startup Cost": 0.0,
                    "Total Cost": 51065.35,
                    "Plan Rows": 2661135,
                    "Plan Width": 4,
                    "Actual Startup Time": 0.019,
                    "Actual Total Time": 158.548,
                    "Actual Rows": 2261965,
                    "Actual Loops": 2
                  },
                  {
                    "Node Type": "Hash",
                    "Parent Relationship": "Inner",
                    "Parallel Aware": true,
                    "Startup Cost": 58306.47,
                    "Total Cost": 58306.47,
                    "Plan Rows": 235965,
                    "Plan Width": 4,
                    "Actual Startup Time": 196.347,
                    "Actual Total Time": 196.348,
                    "Actual Rows": 167996,
                    "Actual Loops": 2,
                    "Hash Buckets": 524288,
                    "Original Hash Buckets": 524288,
                    "Hash Batches": 1,
                    "Original Hash Batches": 1,
                    "Peak Memory Usage": 17248,
                    "Plans": [
                      {
                        "Node Type": "Seq Scan",
                        "Parent Relationship": "Outer",
                        "Parallel Aware": true,
                        "Relation Name": "title",
                        "Alias": "t",
                        "Startup Cost": 0.0,
                        "Total Cost": 58306.47,
                        "Plan Rows": 235965,
                        "Plan Width": 4,
                        "Actual Startup Time": 0.072,
                        "Actual Total Time": 147.95,
                        "Actual Rows": 167996,
                        "Actual Loops": 2,
                        "Filter": "((kind_id < 7) AND (production_year > 2005))",
                        "Rows Removed by Filter": 1096160
                      }
                    ]
                  }
                ]
              }
            ]
          }
        ]
      }
    ]
  },
  "Planning Time": 0.511,
  "Triggers": [],
  "Execution Time": 620.373
}