{
  "Plan": {
    "Node Type": "Aggregate",
    "Strategy": "Plain",
    "Partial Mode": "Finalize",
    "Parallel Aware": false,
    "Startup Cost": 504829.05,
    "Total Cost": 504829.06,
    "Plan Rows": 1,
    "Plan Width": 8,
    "Actual Startup Time": 2179.725,
    "Actual Total Time": 2219.412,
    "Actual Rows": 1,
    "Actual Loops": 1,
    "Plans": [
      {
        "Node Type": "Gather",
        "Parent Relationship": "Outer",
        "Parallel Aware": false,
        "Startup Cost": 504828.94,
        "Total Cost": 504829.05,
        "Plan Rows": 1,
        "Plan Width": 8,
        "Actual Startup Time": 2064.1,
        "Actual Total Time": 2219.395,
        "Actual Rows": 2,
        "Actual Loops": 1,
        "Workers Planned": 1,
        "Workers Launched": 1,
        "Single Copy": false,
        "Plans": [
          {
            "Node Type": "Aggregate",
            "Strategy": "Plain",
            "Partial Mode": "Partial",
            "Parent Relationship": "Outer",
            "Parallel Aware": false,
            "Startup Cost": 503828.94,
            "Total Cost": 503828.95,
            "Plan Rows": 1,
            "Plan Width": 8,
            "Actual Startup Time": 2104.273,
            "Actual Total Time": 2104.284,
            "Actual Rows": 1,
            "Actual Loops": 2,
            "Plans": [
              {
                "Node Type": "Merge Join",
                "Parent Relationship": "Outer",
                "Parallel Aware": false,
                "Join Type": "Inner",
                "Startup Cost": 491990.46,
                "Total Cost": 503310.4,
                "Plan Rows": 207415,
                "Plan Width": 0,
                "Actual Startup Time": 1659.771,
                "Actual Total Time": 2039.533,
                "Actual Rows": 1266686,
                "Actual Loops": 2,
                "Inner Unique": false,
                "Merge Cond": "(t.id = mi.movie_id)",
                "Plans": [
                  {
                    "Node Type": "Sort",
                    "Parent Relationship": "Outer",
                    "Parallel Aware": false,
                    "Startup Cost": 287128.91,
                    "Total Cost": 290881.24,
                    "Plan Rows": 1500932,
                    "Plan Width": 8,
                    "Actual Startup Time": 1456.776,
                    "Actual Total Time": 1527.509,
                    "Actual Rows": 1383760,
                    "Actual Loops": 2,
                    "Sort Key": [
                      "t.id"
                    ],
                    "Sort Method": "quicksort",
                    "Sort Space Used": 129536,
                    "Sort Space Type": "Memory",
                    "Workers": [
                      {
                        "Worker Number": 0,
                        "Sort Method": "quicksort",
                        "Sort Space Used": 98496,
                        "Sort Space Type": "Memory"
                      }
                    ],
                    "Plans": [
                      {
                        "Node Type": "Hash Join",
                        "Parent Relationship": "Outer",
                        "Parallel Aware": true,
                        "Join Type": "Inner",
                        "Startup Cost": 70960.66,
                        "Total Cost": 133152.6,
                        "Plan Rows": 1500932,
                        "Plan Width": 8,
                        "Actual Startup Time": 596.759,
                        "Actual Total Time": 1144.532,
                        "Actual Rows": 1383760,
                        "Actual Loops": 2,
                        "Inner Unique": true,
                        "Hash Cond": "(mk.movie_id = t.id)",
                        "Plans": [
                          {
                            "Node Type": "Seq Scan",
                            "Parent Relationship": "Outer",
                            "Parallel Aware": true,
                            "Relation Name": "movie_keyword",
                            "Alias": "mk",
                            "Startup Cost": 0.0,
                            "Total Cost": 57718.19,
                            "Plan Rows": 1704278,
                            "Plan Width": 4,
                            "Actual Startup Time": 0.265,
                            "Actual Total Time": 247.236,
                            "Actual Rows": 1441516,
                            "Actual Loops": 2,
                            "Filter": "(keyword_id > 2488)",
                            "Rows Removed by Filter": 820450
                          },
                          {
                            "Node Type": "Hash",
                            "Parent Relationship": "Inner",
                            "Parallel Aware": true,
                            "Startup Cost": 54588.39,
                            "Total Cost": 54588.39,
                            "Plan Rows": 1309782,
                            "Plan Width": 4,
                            "Actual Startup Time": 574.676,
                            "Actual Total Time": 574.678,
                            "Actual Rows": 1112284,
                            "Actual Loops": 2,
                            "Hash Buckets": 4194304,
                            "Original Hash Buckets": 4194304,
                            "Hash Batches": 1,
                            "Original Hash Batches": 1,
                            "Peak Memory Usage": 119840,
                            "Plans": [
                              {
                                "Node Type": "Seq Scan",
                                "Parent Relationship": "Outer",
                                "Parallel Aware": true,
                                "Relation Name": "title",
                                "Alias": "t",
                                "Startup Cost": 0.0,
                                "Total Cost": 54588.39,
                                "Plan Rows": 1309782,
                                "Plan Width": 4,
                                "Actual Startup Time": 0.027,
                                "Actual Total Time": 205.943,
                                "Actual Rows": 1112284,
                                "Actual Loops": 2,
                                "Filter": "(production_year < 2012)",
                                "Rows Removed by Filter": 151872
                              }
                            ]
                          }
                        ]
                      }
                    ]
                  },
                  {
                    "Node Type": "Sort",
                    "Parent Relationship": "Inner",
                    "Parallel Aware": false,
                    "Startup Cost": 204861.4,
                    "Total Cost": 205734.87,
                    "Plan Rows": 349387,
                    "Plan Width": 4,
                    "Actual Startup Time": 202.861,
                    "Actual Total Time": 266.225,
                    "Actual Rows": 1516689,
                    "Actual Loops": 2,
                    "Sort Key": [
                      "mi.movie_id"
                    ],
                    "Sort Method": "quicksort",
                    "Sort Space Used": 27704,
                    "Sort Space Type": "Memory",
                    "Workers": [
                      {
                        "Worker Number": 0,
                        "Sort Method": "quicksort",
                        "Sort Space Used": 27704,
                        "Sort Space Type": "Memory"
                      }
                    ],
                    "Plans": [
                      {
                        "Node Type": "Bitmap Heap Scan",
                        "Parent Relationship": "Outer",
                        "Parallel Aware": false,
                        "Relation Name": "movie_info",
                        "Alias": "mi",
                        "Startup Cost": 6332.18,
                        "Total Cost": 172692.52,
                        "Plan Rows": 349387,
                        "Plan Width": 4,
                        "Actual Startup Time": 19.546,
                        "Actual Total Time": 120.49,
                        "Actual Rows": 328857,
                        "Actual Loops": 2,
                        "Recheck Cond": "(info_type_id = 98)",
                        "Rows Removed by Index Recheck": 0,
                        "Exact Heap Blocks": 24545,
                        "Lossy Heap Blocks": 0,
                        "Plans": [
                          {
                            "Node Type": "Bitmap Index Scan",
                            "Parent Relationship": "Outer",
                            "Parallel Aware": false,
                            "Index Name": "info_type_id_movie_info",
                            "Startup Cost": 0.0,
                            "Total Cost": 6244.84,
                            "Plan Rows": 349387,
                            "Plan Width": 0,
                            "Actual Startup Time": 15.579,
                            "Actual Total Time": 15.579,
                            "Actual Rows": 328857,
                            "Actual Loops": 2,
                            "Index Cond": "(info_type_id = 98)"
                          }
                        ]
                      }
                    ]
                  }
                ]
              }
            ]
          }
        ]
      }
    ]
  },
  "Planning Time": 1.025,
  "Triggers": [],
  "Execution Time": 2224.145
}