[
  {
    "Plan": {
      "Node Type": "Aggregate",
      "Strategy": "Plain",
      "Partial Mode": "Finalize",
      "Parallel Aware": false,
      "Startup Cost": 343400.08,
      "Total Cost": 343400.09,
      "Plan Rows": 1,
      "Plan Width": 8,
      "Actual Startup Time": 926.383,
      "Actual Total Time": 969.975,
      "Actual Rows": 1,
      "Actual Loops": 1,
      "Plans": [
        {
          "Node Type": "Gather",
          "Parent Relationship": "Outer",
          "Parallel Aware": false,
          "Startup Cost": 343399.46,
          "Total Cost": 343400.07,
          "Plan Rows": 6,
          "Plan Width": 8,
          "Actual Startup Time": 926.155,
          "Actual Total Time": 969.963,
          "Actual Rows": 7,
          "Actual Loops": 1,
          "Workers Planned": 6,
          "Workers Launched": 6,
          "Single Copy": false,
          "Plans": [
            {
              "Node Type": "Aggregate",
              "Strategy": "Plain",
              "Partial Mode": "Partial",
              "Parent Relationship": "Outer",
              "Parallel Aware": false,
              "Startup Cost": 342399.46,
              "Total Cost": 342399.47,
              "Plan Rows": 1,
              "Plan Width": 8,
              "Actual Startup Time": 918.662,
              "Actual Total Time": 918.664,
              "Actual Rows": 1,
              "Actual Loops": 7,
              "Plans": [
                {
                  "Node Type": "Seq Scan",
                  "Parent Relationship": "Outer",
                  "Parallel Aware": true,
                  "Relation Name": "cast_info",
                  "Alias": "ci",
                  "Startup Cost": 0.0,
                  "Total Cost": 328211.39,
                  "Plan Rows": 5675226,
                  "Plan Width": 0,
                  "Actual Startup Time": 0.046,
                  "Actual Total Time": 670.144,
                  "Actual Rows": 4872494,
                  "Actual Loops": 7,
                  "Filter": "(person_id < 3645091)",
                  "Rows Removed by Filter": 305270
                }
              ]
            }
          ]
        }
      ]
    },
    "Planning Time": 0.094,
    "Triggers": [],
    "Execution Time": 970.015
  }
]