[
  {
    "Plan": {
      "Node Type": "Aggregate",
      "Strategy": "Plain",
      "Partial Mode": "Finalize",
      "Parallel Aware": false,
      "Startup Cost": 60570.41,
      "Total Cost": 60570.42,
      "Plan Rows": 1,
      "Plan Width": 8,
      "Actual Startup Time": 119.37,
      "Actual Total Time": 126.007,
      "Actual Rows": 1,
      "Actual Loops": 1,
      "Plans": [
        {
          "Node Type": "Gather",
          "Parent Relationship": "Outer",
          "Parallel Aware": false,
          "Startup Cost": 60570.19,
          "Total Cost": 60570.4,
          "Plan Rows": 2,
          "Plan Width": 8,
          "Actual Startup Time": 119.24,
          "Actual Total Time": 125.999,
          "Actual Rows": 3,
          "Actual Loops": 1,
          "Workers Planned": 2,
          "Workers Launched": 2,
          "Single Copy": false,
          "Plans": [
            {
              "Node Type": "Aggregate",
              "Strategy": "Plain",
              "Partial Mode": "Partial",
              "Parent Relationship": "Outer",
              "Parallel Aware": false,
              "Startup Cost": 59570.19,
              "Total Cost": 59570.2,
              "Plan Rows": 1,
              "Plan Width": 8,
              "Actual Startup Time": 110.496,
              "Actual Total Time": 110.5,
              "Actual Rows": 1,
              "Actual Loops": 3,
              "Plans": [
                {
                  "Node Type": "Nested Loop",
                  "Parent Relationship": "Outer",
                  "Parallel Aware": false,
                  "Join Type": "Inner",
                  "Startup Cost": 20563.86,
                  "Total Cost": 59564.42,
                  "Plan Rows": 2307,
                  "Plan Width": 0,
                  "Actual Startup Time": 26.81,
                  "Actual Total Time": 110.449,
                  "Actual Rows": 375,
                  "Actual Loops": 3,
                  "Inner Unique": true,
                  "Join Filter": "(mc.movie_id = t.id)",
                  "Rows Removed by Join Filter": 0,
                  "Plans": [
                    {
                      "Node Type": "Hash Join",
                      "Parent Relationship": "Outer",
                      "Parallel Aware": true,
                      "Join Type": "Inner",
                      "Startup Cost": 20563.43,
                      "Total Cost": 37244.57,
                      "Plan Rows": 37485,
                      "Plan Width": 8,
                      "Actual Startup Time": 25.163,
                      "Actual Total Time": 100.308,
                      "Actual Rows": 2641,
                      "Actual Loops": 3,
                      "Inner Unique": false,
                      "Hash Cond": "(mi_idx.movie_id = mc.movie_id)",
                      "Plans": [
                        {
                          "Node Type": "Seq Scan",
                          "Parent Relationship": "Outer",
                          "Parallel Aware": true,
                          "Relation Name": "movie_info_idx",
                          "Alias": "mi_idx",
                          "Startup Cost": 0.0,
                          "Total Cost": 13685.15,
                          "Plan Rows": 575015,
                          "Plan Width": 4,
                          "Actual Startup Time": 0.034,
                          "Actual Total Time": 39.479,
                          "Actual Rows": 460012,
                          "Actual Loops": 3
                        },
                        {
                          "Node Type": "Hash",
                          "Parent Relationship": "Inner",
                          "Parallel Aware": true,
                          "Startup Cost": 20435.76,
                          "Total Cost": 20435.76,
                          "Plan Rows": 10213,
                          "Plan Width": 4,
                          "Actual Startup Time": 22.117,
                          "Actual Total Time": 22.119,
                          "Actual Rows": 2193,
                          "Actual Loops": 3,
                          "Hash Buckets": 32768,
                          "Original Hash Buckets": 32768,
                          "Hash Batches": 1,
                          "Original Hash Batches": 1,
                          "Peak Memory Usage": 544,
                          "Plans": [
                            {
                              "Node Type": "Bitmap Heap Scan",
                              "Parent Relationship": "Outer",
                              "Parallel Aware": true,
                              "Relation Name": "movie_companies",
                              "Alias": "mc",
                              "Startup Cost": 1344.03,
                              "Total Cost": 20435.76,
                              "Plan Rows": 10213,
                              "Plan Width": 4,
                              "Actual Startup Time": 19.627,
                              "Actual Total Time": 21.404,
                              "Actual Rows": 2193,
                              "Actual Loops": 3,
                              "Recheck Cond": "(company_id = 6)",
                              "Rows Removed by Index Recheck": 0,
                              "Filter": "(company_type_id = 2)",
                              "Rows Removed by Filter": 18499,
                              "Exact Heap Blocks": 4018,
                              "Lossy Heap Blocks": 0,
                              "Plans": [
                                {
                                  "Node Type": "Bitmap Index Scan",
                                  "Parent Relationship": "Outer",
                                  "Parallel Aware": false,
                                  "Index Name": "company_id_movie_companies",
                                  "Startup Cost": 0.0,
                                  "Total Cost": 1336.12,
                                  "Plan Rows": 62358,
                                  "Plan Width": 0,
                                  "Actual Startup Time": 8.69,
                                  "Actual Total Time": 8.691,
                                  "Actual Rows": 62075,
                                  "Actual Loops": 1,
                                  "Index Cond": "(company_id = 6)"
                                }
                              ]
                            }
                          ]
                        }
                      ]
                    },
                    {
                      "Node Type": "Index Scan",
                      "Parent Relationship": "Inner",
                      "Parallel Aware": false,
                      "Scan Direction": "Forward",
                      "Index Name": "title_pkey",
                      "Relation Name": "title",
                      "Alias": "t",
                      "Startup Cost": 0.43,
                      "Total Cost": 0.58,
                      "Plan Rows": 1,
                      "Plan Width": 4,
                      "Actual Startup Time": 0.004,
                      "Actual Total Time": 0.004,
                      "Actual Rows": 0,
                      "Actual Loops": 7923,
                      "Index Cond": "(id = mi_idx.movie_id)",
                      "Rows Removed by Index Recheck": 0,
                      "Filter": "((kind_id < 7) AND (production_year < 2011))",
                      "Rows Removed by Filter": 1
                    }
                  ]
                }
              ]
            }
          ]
        }
      ]
    },
    "Planning Time": 1.433,
    "Triggers": [],
    "Execution Time": 126.133
  }
]