[
    {
        "Bao": {
            "Bao prediction": "NaN",
            "Bao recommended hint": "(no hint)"
        }
    },
    {
        "Plan": {
            "Node Type": "Aggregate",
            "Strategy": "Plain",
            "Partial Mode": "Finalize",
            "Parallel Aware": false,
            "Startup Cost": 338688.72,
            "Total Cost": 338688.73,
            "Plan Rows": 1,
            "Plan Width": 8,
            "Actual Startup Time": 766.623,
            "Actual Total Time": 799.584,
            "Actual Rows": 1,
            "Actual Loops": 1,
            "Output": [
                "count(*)"
            ],
            "Plans": [
                {
                    "Node Type": "Gather",
                    "Parent Relationship": "Outer",
                    "Parallel Aware": false,
                    "Startup Cost": 338688.1,
                    "Total Cost": 338688.71,
                    "Plan Rows": 6,
                    "Plan Width": 8,
                    "Actual Startup Time": 766.48,
                    "Actual Total Time": 799.574,
                    "Actual Rows": 7,
                    "Actual Loops": 1,
                    "Output": [
                        "(PARTIAL count(*))"
                    ],
                    "Workers Planned": 6,
                    "Workers Launched": 6,
                    "Single Copy": false,
                    "Plans": [
                        {
                            "Node Type": "Aggregate",
                            "Strategy": "Plain",
                            "Partial Mode": "Partial",
                            "Parent Relationship": "Outer",
                            "Parallel Aware": false,
                            "Startup Cost": 337688.1,
                            "Total Cost": 337688.11,
                            "Plan Rows": 1,
                            "Plan Width": 8,
                            "Actual Startup Time": 756.887,
                            "Actual Total Time": 756.888,
                            "Actual Rows": 1,
                            "Actual Loops": 7,
                            "Output": [
                                "PARTIAL count(*)"
                            ],
                            "Workers": [
                                {
                                    "Worker Number": 0,
                                    "Actual Startup Time": 754.559,
                                    "Actual Total Time": 754.56,
                                    "Actual Rows": 1,
                                    "Actual Loops": 1
                                },
                                {
                                    "Worker Number": 1,
                                    "Actual Startup Time": 754.72,
                                    "Actual Total Time": 754.721,
                                    "Actual Rows": 1,
                                    "Actual Loops": 1
                                },
                                {
                                    "Worker Number": 2,
                                    "Actual Startup Time": 755.279,
                                    "Actual Total Time": 755.28,
                                    "Actual Rows": 1,
                                    "Actual Loops": 1
                                },
                                {
                                    "Worker Number": 3,
                                    "Actual Startup Time": 755.414,
                                    "Actual Total Time": 755.415,
                                    "Actual Rows": 1,
                                    "Actual Loops": 1
                                },
                                {
                                    "Worker Number": 4,
                                    "Actual Startup Time": 755.921,
                                    "Actual Total Time": 755.922,
                                    "Actual Rows": 1,
                                    "Actual Loops": 1
                                },
                                {
                                    "Worker Number": 5,
                                    "Actual Startup Time": 756.151,
                                    "Actual Total Time": 756.153,
                                    "Actual Rows": 1,
                                    "Actual Loops": 1
                                }
                            ],
                            "Plans": [
                                {
                                    "Node Type": "Seq Scan",
                                    "Parent Relationship": "Outer",
                                    "Parallel Aware": true,
                                    "Relation Name": "cast_info",
                                    "Schema": "public",
                                    "Alias": "ci",
                                    "Startup Cost": 0.0,
                                    "Total Cost": 328213.62,
                                    "Plan Rows": 3789793,
                                    "Plan Width": 0,
                                    "Actual Startup Time": 145.143,
                                    "Actual Total Time": 599.465,
                                    "Actual Rows": 3249758,
                                    "Actual Loops": 7,
                                    "Output": [
                                        "id",
                                        "person_id",
                                        "movie_id",
                                        "person_role_id",
                                        "note",
                                        "nr_order",
                                        "role_id"
                                    ],
                                    "Filter": "(ci.person_id > 1330525)",
                                    "Rows Removed by Filter": 1928006,
                                    "Workers": [
                                        {
                                            "Worker Number": 0,
                                            "Actual Startup Time": 142.81,
                                            "Actual Total Time": 597.971,
                                            "Actual Rows": 2372795,
                                            "Actual Loops": 1
                                        },
                                        {
                                            "Worker Number": 1,
                                            "Actual Startup Time": 142.96,
                                            "Actual Total Time": 599.285,
                                            "Actual Rows": 2359057,
                                            "Actual Loops": 1
                                        },
                                        {
                                            "Worker Number": 2,
                                            "Actual Startup Time": 143.531,
                                            "Actual Total Time": 598.915,
                                            "Actual Rows": 2376427,
                                            "Actual Loops": 1
                                        },
                                        {
                                            "Worker Number": 3,
                                            "Actual Startup Time": 143.683,
                                            "Actual Total Time": 603.818,
                                            "Actual Rows": 3627681,
                                            "Actual Loops": 1
                                        },
                                        {
                                            "Worker Number": 4,
                                            "Actual Startup Time": 144.162,
                                            "Actual Total Time": 604.189,
                                            "Actual Rows": 3725277,
                                            "Actual Loops": 1
                                        },
                                        {
                                            "Worker Number": 5,
                                            "Actual Startup Time": 144.428,
                                            "Actual Total Time": 604.923,
                                            "Actual Rows": 3711954,
                                            "Actual Loops": 1
                                        }
                                    ]
                                }
                            ]
                        }
                    ]
                }
            ]
        },
        "Planning Time": 182.855,
        "Triggers": [],
        "Execution Time": 799.631
    }
]