{
    "Plan": {
        "Node Type": "Aggregate",
        "Strategy": "Plain",
        "Partial Mode": "Simple",
        "Parallel Aware": false,
        "Startup Cost": 10000592633.84,
        "Total Cost": 10000592633.85,
        "Plan Rows": 1,
        "Plan Width": 8,
        "Actual Startup Time": 3271.716,
        "Actual Total Time": 3271.721,
        "Actual Rows": 1,
        "Actual Loops": 1,
        "Output": [
            "count(*)"
        ],
        "Plans": [
            {
                "Node Type": "Hash Join",
                "Parent Relationship": "Outer",
                "Parallel Aware": false,
                "Join Type": "Inner",
                "Startup Cost": 10000348574.96,
                "Total Cost": 10000592306.52,
                "Plan Rows": 130929,
                "Plan Width": 0,
                "Actual Startup Time": 841.188,
                "Actual Total Time": 3258.198,
                "Actual Rows": 292985,
                "Actual Loops": 1,
                "Inner Unique": false,
                "Hash Cond": "(t.id = mc.movie_id)",
                "Plans": [
                    {
                        "Node Type": "Hash Join",
                        "Parent Relationship": "Outer",
                        "Parallel Aware": false,
                        "Join Type": "Inner",
                        "Startup Cost": 10000278651.07,
                        "Total Cost": 10000518429.91,
                        "Plan Rows": 302107,
                        "Plan Width": 8,
                        "Actual Startup Time": 168.952,
                        "Actual Total Time": 2438.8,
                        "Actual Rows": 316118,
                        "Actual Loops": 1,
                        "Output": [
                            "t.id",
                            "ci.movie_id"
                        ],
                        "Inner Unique": false,
                        "Hash Cond": "(t.id = ci.movie_id)",
                        "Plans": [
                            {
                                "Node Type": "Index Scan",
                                "Parent Relationship": "Outer",
                                "Parallel Aware": false,
                                "Scan Direction": "Forward",
                                "Index Name": "title_pkey",
                                "Relation Name": "title",
                                "Schema": "public",
                                "Alias": "t",
                                "Startup Cost": 10000000000.43,
                                "Total Cost": 10000110342.1,
                                "Plan Rows": 2528322,
                                "Plan Width": 4,
                                "Actual Startup Time": 0.039,
                                "Actual Total Time": 1528.265,
                                "Actual Rows": 2528312,
                                "Actual Loops": 1,
                                "Output": [
                                    "t.id",
                                    "t.title",
                                    "t.imdb_index",
                                    "t.kind_id",
                                    "t.production_year",
                                    "t.imdb_id",
                                    "t.phonetic_code",
                                    "t.episode_of_id",
                                    "t.season_nr",
                                    "t.episode_nr",
                                    "t.series_years",
                                    "t.md5sum"
                                ]
                            },
                            {
                                "Node Type": "Hash",
                                "Parent Relationship": "Inner",
                                "Parallel Aware": false,
                                "Startup Cost": 274874.31,
                                "Total Cost": 274874.31,
                                "Plan Rows": 302107,
                                "Plan Width": 4,
                                "Actual Startup Time": 166.061,
                                "Actual Total Time": 166.063,
                                "Actual Rows": 316118,
                                "Actual Loops": 1,
                                "Output": [
                                    "ci.movie_id"
                                ],
                                "Hash Buckets": 524288,
                                "Original Hash Buckets": 524288,
                                "Hash Batches": 1,
                                "Original Hash Batches": 1,
                                "Peak Memory Usage": 15210,
                                "Plans": [
                                    {
                                        "Node Type": "Bitmap Heap Scan",
                                        "Parent Relationship": "Outer",
                                        "Parallel Aware": false,
                                        "Relation Name": "cast_info",
                                        "Schema": "public",
                                        "Alias": "ci",
                                        "Startup Cost": 5457.89,
                                        "Total Cost": 274874.31,
                                        "Plan Rows": 302107,
                                        "Plan Width": 4,
                                        "Actual Startup Time": 15.332,
                                        "Actual Total Time": 83.696,
                                        "Actual Rows": 316118,
                                        "Actual Loops": 1,
                                        "Output": [
                                            "ci.movie_id"
                                        ],
                                        "Recheck Cond": "(ci.role_id > 10)",
                                        "Rows Removed by Index Recheck": 0,
                                        "Exact Heap Blocks": 1801,
                                        "Lossy Heap Blocks": 0,
                                        "Plans": [
                                            {
                                                "Node Type": "Bitmap Index Scan",
                                                "Parent Relationship": "Outer",
                                                "Parallel Aware": false,
                                                "Index Name": "role_id_cast_info",
                                                "Startup Cost": 0.0,
                                                "Total Cost": 5382.37,
                                                "Plan Rows": 302107,
                                                "Plan Width": 0,
                                                "Actual Startup Time": 15.05,
                                                "Actual Total Time": 15.05,
                                                "Actual Rows": 316118,
                                                "Actual Loops": 1,
                                                "Index Cond": "(ci.role_id > 10)"
                                            }
                                        ]
                                    }
                                ]
                            }
                        ]
                    },
                    {
                        "Node Type": "Hash",
                        "Parent Relationship": "Inner",
                        "Parallel Aware": false,
                        "Startup Cost": 56227.14,
                        "Total Cost": 56227.14,
                        "Plan Rows": 1095739,
                        "Plan Width": 4,
                        "Actual Startup Time": 653.922,
                        "Actual Total Time": 653.923,
                        "Actual Rows": 1099787,
                        "Actual Loops": 1,
                        "Output": [
                            "mc.movie_id"
                        ],
                        "Hash Buckets": 2097152,
                        "Original Hash Buckets": 2097152,
                        "Hash Batches": 1,
                        "Original Hash Batches": 1,
                        "Peak Memory Usage": 55049,
                        "Plans": [
                            {
                                "Node Type": "Bitmap Heap Scan",
                                "Parent Relationship": "Outer",
                                "Parallel Aware": false,
                                "Relation Name": "movie_companies",
                                "Schema": "public",
                                "Alias": "mc",
                                "Startup Cost": 23740.41,
                                "Total Cost": 56227.14,
                                "Plan Rows": 1095739,
                                "Plan Width": 4,
                                "Actual Startup Time": 86.653,
                                "Actual Total Time": 337.531,
                                "Actual Rows": 1099787,
                                "Actual Loops": 1,
                                "Output": [
                                    "mc.movie_id"
                                ],
                                "Recheck Cond": "(mc.company_id > 14060)",
                                "Rows Removed by Index Recheck": 0,
                                "Exact Heap Blocks": 14986,
                                "Lossy Heap Blocks": 0,
                                "Plans": [
                                    {
                                        "Node Type": "Bitmap Index Scan",
                                        "Parent Relationship": "Outer",
                                        "Parallel Aware": false,
                                        "Index Name": "company_id_movie_companies",
                                        "Startup Cost": 0.0,
                                        "Total Cost": 23466.47,
                                        "Plan Rows": 1095739,
                                        "Plan Width": 0,
                                        "Actual Startup Time": 83.643,
                                        "Actual Total Time": 83.643,
                                        "Actual Rows": 1099787,
                                        "Actual Loops": 1,
                                        "Index Cond": "(mc.company_id > 14060)"
                                    }
                                ]
                            }
                        ]
                    }
                ]
            }
        ]
    },
    "Planning Time": 3.971,
    "Triggers": [],
    "Execution Time": 3273.851
}