[
  {
    "Plan": {
      "Node Type": "Aggregate",
      "Strategy": "Plain",
      "Partial Mode": "Finalize",
      "Parallel Aware": false,
      "Startup Cost": 94987.89,
      "Total Cost": 94987.9,
      "Plan Rows": 1,
      "Plan Width": 8,
      "Actual Startup Time": 528.436,
      "Actual Total Time": 546.062,
      "Actual Rows": 1,
      "Actual Loops": 1,
      "Plans": [
        {
          "Node Type": "Gather",
          "Parent Relationship": "Outer",
          "Parallel Aware": false,
          "Startup Cost": 94987.57,
          "Total Cost": 94987.88,
          "Plan Rows": 3,
          "Plan Width": 8,
          "Actual Startup Time": 515.043,
          "Actual Total Time": 546.053,
          "Actual Rows": 4,
          "Actual Loops": 1,
          "Workers Planned": 3,
          "Workers Launched": 3,
          "Single Copy": false,
          "Plans": [
            {
              "Node Type": "Aggregate",
              "Strategy": "Plain",
              "Partial Mode": "Partial",
              "Parent Relationship": "Outer",
              "Parallel Aware": false,
              "Startup Cost": 93987.57,
              "Total Cost": 93987.58,
              "Plan Rows": 1,
              "Plan Width": 8,
              "Actual Startup Time": 506.88,
              "Actual Total Time": 506.884,
              "Actual Rows": 1,
              "Actual Loops": 4,
              "Plans": [
                {
                  "Node Type": "Hash Join",
                  "Parent Relationship": "Outer",
                  "Parallel Aware": true,
                  "Join Type": "Inner",
                  "Startup Cost": 49475.31,
                  "Total Cost": 93257.39,
                  "Plan Rows": 292074,
                  "Plan Width": 0,
                  "Actual Startup Time": 307.698,
                  "Actual Total Time": 496.495,
                  "Actual Rows": 199824,
                  "Actual Loops": 4,
                  "Inner Unique": true,
                  "Hash Cond": "(mk.movie_id = t.id)",
                  "Plans": [
                    {
                      "Node Type": "Seq Scan",
                      "Parent Relationship": "Outer",
                      "Parallel Aware": true,
                      "Relation Name": "movie_keyword",
                      "Alias": "mk",
                      "Startup Cost": 0.0,
                      "Total Cost": 42695.65,
                      "Plan Rows": 413876,
                      "Plan Width": 4,
                      "Actual Startup Time": 0.037,
                      "Actual Total Time": 108.812,
                      "Actual Rows": 321046,
                      "Actual Loops": 4,
                      "Filter": "(keyword_id < 1661)",
                      "Rows Removed by Filter": 809936
                    },
                    {
                      "Node Type": "Hash",
                      "Parent Relationship": "Inner",
                      "Parallel Aware": true,
                      "Startup Cost": 43899.32,
                      "Total Cost": 43899.32,
                      "Plan Rows": 446079,
                      "Plan Width": 4,
                      "Actual Startup Time": 301.903,
                      "Actual Total Time": 301.904,
                      "Actual Rows": 443018,
                      "Actual Loops": 4,
                      "Hash Buckets": 2097152,
                      "Original Hash Buckets": 2097152,
                      "Hash Batches": 1,
                      "Original Hash Batches": 1,
                      "Peak Memory Usage": 85760,
                      "Plans": [
                        {
                          "Node Type": "Seq Scan",
                          "Parent Relationship": "Outer",
                          "Parallel Aware": true,
                          "Relation Name": "title",
                          "Alias": "t",
                          "Startup Cost": 0.0,
                          "Total Cost": 43899.32,
                          "Plan Rows": 446079,
                          "Plan Width": 4,
                          "Actual Startup Time": 0.033,
                          "Actual Total Time": 127.144,
                          "Actual Rows": 443018,
                          "Actual Loops": 4,
                          "Filter": "(production_year > 1989)",
                          "Rows Removed by Filter": 189060
                        }
                      ]
                    }
                  ]
                }
              ]
            }
          ]
        }
      ]
    },
    "Planning Time": 0.332,
    "Triggers": [],
    "Execution Time": 546.107
  }
]