[
  {
    "Plan": {
      "Node Type": "Aggregate",
      "Strategy": "Plain",
      "Partial Mode": "Finalize",
      "Parallel Aware": false,
      "Startup Cost": 111689.58,
      "Total Cost": 111689.59,
      "Plan Rows": 1,
      "Plan Width": 8,
      "Actual Startup Time": 182.067,
      "Actual Total Time": 194.232,
      "Actual Rows": 1,
      "Actual Loops": 1,
      "Plans": [
        {
          "Node Type": "Gather",
          "Parent Relationship": "Outer",
          "Parallel Aware": false,
          "Startup Cost": 111689.06,
          "Total Cost": 111689.57,
          "Plan Rows": 5,
          "Plan Width": 8,
          "Actual Startup Time": 181.837,
          "Actual Total Time": 194.224,
          "Actual Rows": 6,
          "Actual Loops": 1,
          "Workers Planned": 5,
          "Workers Launched": 5,
          "Single Copy": false,
          "Plans": [
            {
              "Node Type": "Aggregate",
              "Strategy": "Plain",
              "Partial Mode": "Partial",
              "Parent Relationship": "Outer",
              "Parallel Aware": false,
              "Startup Cost": 110689.06,
              "Total Cost": 110689.07,
              "Plan Rows": 1,
              "Plan Width": 8,
              "Actual Startup Time": 171.301,
              "Actual Total Time": 171.303,
              "Actual Rows": 1,
              "Actual Loops": 6,
              "Plans": [
                {
                  "Node Type": "Index Scan",
                  "Parent Relationship": "Outer",
                  "Parallel Aware": true,
                  "Scan Direction": "Forward",
                  "Index Name": "role_id_cast_info",
                  "Relation Name": "cast_info",
                  "Alias": "ci",
                  "Startup Cost": 0.56,
                  "Total Cost": 110428.26,
                  "Plan Rows": 104321,
                  "Plan Width": 0,
                  "Actual Startup Time": 0.299,
                  "Actual Total Time": 166.83,
                  "Actual Rows": 60104,
                  "Actual Loops": 6,
                  "Index Cond": "(role_id = 3)",
                  "Rows Removed by Index Recheck": 0,
                  "Filter": "(person_id < 465683)",
                  "Rows Removed by Filter": 607902
                }
              ]
            }
          ]
        }
      ]
    },
    "Planning Time": 0.207,
    "Triggers": [],
    "Execution Time": 194.294
  }
]