[
  {
    "Plan": {
      "Node Type": "Aggregate",
      "Strategy": "Plain",
      "Partial Mode": "Simple",
      "Parallel Aware": false,
      "Startup Cost": 16371.98,
      "Total Cost": 16371.99,
      "Plan Rows": 1,
      "Plan Width": 96,
      "Actual Startup Time": 781.88,
      "Actual Total Time": 781.888,
      "Actual Rows": 1,
      "Actual Loops": 1,
      "Plans": [
        {
          "Node Type": "Nested Loop",
          "Parent Relationship": "Outer",
          "Parallel Aware": false,
          "Join Type": "Inner",
          "Startup Cost": 13.98,
          "Total Cost": 16371.97,
          "Plan Rows": 1,
          "Plan Width": 39,
          "Actual Startup Time": 34.181,
          "Actual Total Time": 781.714,
          "Actual Rows": 280,
          "Actual Loops": 1,
          "Inner Unique": true,
          "Plans": [
            {
              "Node Type": "Nested Loop",
              "Parent Relationship": "Outer",
              "Parallel Aware": false,
              "Join Type": "Inner",
              "Startup Cost": 13.54,
              "Total Cost": 16367.52,
              "Plan Rows": 1,
              "Plan Width": 43,
              "Actual Startup Time": 34.122,
              "Actual Total Time": 774.88,
              "Actual Rows": 280,
              "Actual Loops": 1,
              "Inner Unique": true,
              "Plans": [
                {
                  "Node Type": "Nested Loop",
                  "Parent Relationship": "Outer",
                  "Parallel Aware": false,
                  "Join Type": "Inner",
                  "Startup Cost": 13.1,
                  "Total Cost": 16363.06,
                  "Plan Rows": 1,
                  "Plan Width": 31,
                  "Actual Startup Time": 34.09,
                  "Actual Total Time": 700.684,
                  "Actual Rows": 13888,
                  "Actual Loops": 1,
                  "Inner Unique": false,
                  "Join Filter": "(t.id = ci.movie_id)",
                  "Rows Removed by Join Filter": 0,
                  "Plans": [
                    {
                      "Node Type": "Nested Loop",
                      "Parent Relationship": "Outer",
                      "Parallel Aware": false,
                      "Join Type": "Inner",
                      "Startup Cost": 12.16,
                      "Total Cost": 16357.27,
                      "Plan Rows": 1,
                      "Plan Width": 39,
                      "Actual Startup Time": 33.976,
                      "Actual Total Time": 633.677,
                      "Actual Rows": 87,
                      "Actual Loops": 1,
                      "Inner Unique": false,
                      "Join Filter": "(mi_idx.info_type_id = it2.id)",
                      "Rows Removed by Join Filter": 178,
                      "Plans": [
                        {
                          "Node Type": "Seq Scan",
                          "Parent Relationship": "Outer",
                          "Parallel Aware": false,
                          "Relation Name": "info_type",
                          "Alias": "it2",
                          "Startup Cost": 0.0,
                          "Total Cost": 2.41,
                          "Plan Rows": 1,
                          "Plan Width": 4,
                          "Actual Startup Time": 0.043,
                          "Actual Total Time": 0.046,
                          "Actual Rows": 1,
                          "Actual Loops": 1,
                          "Filter": "((info)::text = 'rating'::text)",
                          "Rows Removed by Filter": 112
                        },
                        {
                          "Node Type": "Nested Loop",
                          "Parent Relationship": "Inner",
                          "Parallel Aware": false,
                          "Join Type": "Inner",
                          "Startup Cost": 12.16,
                          "Total Cost": 16354.82,
                          "Plan Rows": 3,
                          "Plan Width": 43,
                          "Actual Startup Time": 33.93,
                          "Actual Total Time": 633.591,
                          "Actual Rows": 265,
                          "Actual Loops": 1,
                          "Inner Unique": false,
                          "Join Filter": "(t.id = mi_idx.movie_id)",
                          "Rows Removed by Join Filter": 0,
                          "Plans": [
                            {
                              "Node Type": "Nested Loop",
                              "Parent Relationship": "Outer",
                              "Parallel Aware": false,
                              "Join Type": "Inner",
                              "Startup Cost": 11.7,
                              "Total Cost": 16350.28,
                              "Plan Rows": 1,
                              "Plan Width": 29,
                              "Actual Startup Time": 33.882,
                              "Actual Total Time": 632.046,
                              "Actual Rows": 88,
                              "Actual Loops": 1,
                              "Inner Unique": false,
                              "Join Filter": "(cc.status_id = cct2.id)",
                              "Rows Removed by Join Filter": 88,
                              "Plans": [
                                {
                                  "Node Type": "Seq Scan",
                                  "Parent Relationship": "Outer",
                                  "Parallel Aware": false,
                                  "Relation Name": "comp_cast_type",
                                  "Alias": "cct2",
                                  "Startup Cost": 0.0,
                                  "Total Cost": 1.05,
                                  "Plan Rows": 1,
                                  "Plan Width": 4,
                                  "Actual Startup Time": 0.018,
                                  "Actual Total Time": 0.019,
                                  "Actual Rows": 2,
                                  "Actual Loops": 1,
                                  "Filter": "((kind)::text ~~ '%complete%'::text)",
                                  "Rows Removed by Filter": 2
                                },
                                {
                                  "Node Type": "Nested Loop",
                                  "Parent Relationship": "Inner",
                                  "Parallel Aware": false,
                                  "Join Type": "Inner",
                                  "Startup Cost": 11.7,
                                  "Total Cost": 16349.2,
                                  "Plan Rows": 3,
                                  "Plan Width": 33,
                                  "Actual Startup Time": 21.385,
                                  "Actual Total Time": 315.991,
                                  "Actual Rows": 88,
                                  "Actual Loops": 2,
                                  "Inner Unique": false,
                                  "Join Filter": "(cc.subject_id = cct1.id)",
                                  "Rows Removed by Join Filter": 20,
                                  "Plans": [
                                    {
                                      "Node Type": "Seq Scan",
                                      "Parent Relationship": "Outer",
                                      "Parallel Aware": false,
                                      "Relation Name": "comp_cast_type",
                                      "Alias": "cct1",
                                      "Startup Cost": 0.0,
                                      "Total Cost": 1.05,
                                      "Plan Rows": 1,
                                      "Plan Width": 4,
                                      "Actual Startup Time": 0.003,
                                      "Actual Total Time": 0.005,
                                      "Actual Rows": 1,
                                      "Actual Loops": 2,
                                      "Filter": "((kind)::text = 'cast'::text)",
                                      "Rows Removed by Filter": 3
                                    },
                                    {
                                      "Node Type": "Nested Loop",
                                      "Parent Relationship": "Inner",
                                      "Parallel Aware": false,
                                      "Join Type": "Inner",
                                      "Startup Cost": 11.7,
                                      "Total Cost": 16347.97,
                                      "Plan Rows": 14,
                                      "Plan Width": 37,
                                      "Actual Startup Time": 21.38,
                                      "Actual Total Time": 315.961,
                                      "Actual Rows": 108,
                                      "Actual Loops": 2,
                                      "Inner Unique": false,
                                      "Plans": [
                                        {
                                          "Node Type": "Nested Loop",
                                          "Parent Relationship": "Outer",
                                          "Parallel Aware": false,
                                          "Join Type": "Inner",
                                          "Startup Cost": 11.27,
                                          "Total Cost": 16303.13,
                                          "Plan Rows": 10,
                                          "Plan Width": 25,
                                          "Actual Startup Time": 9.532,
                                          "Actual Total Time": 307.259,
                                          "Actual Rows": 1784,
                                          "Actual Loops": 2,
                                          "Inner Unique": false,
                                          "Join Filter": "(t.kind_id = kt.id)",
                                          "Rows Removed by Join Filter": 1473,
                                          "Plans": [
                                            {
                                              "Node Type": "Seq Scan",
                                              "Parent Relationship": "Outer",
                                              "Parallel Aware": false,
                                              "Relation Name": "kind_type",
                                              "Alias": "kt",
                                              "Startup Cost": 0.0,
                                              "Total Cost": 1.09,
                                              "Plan Rows": 1,
                                              "Plan Width": 4,
                                              "Actual Startup Time": 0.011,
                                              "Actual Total Time": 0.013,
                                              "Actual Rows": 1,
                                              "Actual Loops": 2,
                                              "Filter": "((kind)::text = 'movie'::text)",
                                              "Rows Removed by Filter": 6
                                            },
                                            {
                                              "Node Type": "Nested Loop",
                                              "Parent Relationship": "Inner",
                                              "Parallel Aware": false,
                                              "Join Type": "Inner",
                                              "Startup Cost": 11.27,
                                              "Total Cost": 16301.16,
                                              "Plan Rows": 71,
                                              "Plan Width": 29,
                                              "Actual Startup Time": 0.643,
                                              "Actual Total Time": 306.834,
                                              "Actual Rows": 3257,
                                              "Actual Loops": 2,
                                              "Inner Unique": true,
                                              "Plans": [
                                                {
                                                  "Node Type": "Nested Loop",
                                                  "Parent Relationship": "Outer",
                                                  "Parallel Aware": false,
                                                  "Join Type": "Inner",
                                                  "Startup Cost": 10.82,
                                                  "Total Cost": 14797.9,
                                                  "Plan Rows": 337,
                                                  "Plan Width": 4,
                                                  "Actual Startup Time": 0.547,
                                                  "Actual Total Time": 99.475,
                                                  "Actual Rows": 29282,
                                                  "Actual Loops": 2,
                                                  "Inner Unique": false,
                                                  "Plans": [
                                                    {
                                                      "Node Type": "Seq Scan",
                                                      "Parent Relationship": "Outer",
                                                      "Parallel Aware": false,
                                                      "Relation Name": "keyword",
                                                      "Alias": "k",
                                                      "Startup Cost": 0.0,
                                                      "Total Cost": 3967.82,
                                                      "Plan Rows": 10,
                                                      "Plan Width": 4,
                                                      "Actual Startup Time": 0.121,
                                                      "Actual Total Time": 25.61,
                                                      "Actual Rows": 9,
                                                      "Actual Loops": 2,
                                                      "Filter": "(keyword = ANY ('{based-on-comic,fight,violence,laser,marvel-comics,claw,superhero,fight,hospital,tv-special}'::text[]))",
                                                      "Rows Removed by Filter": 134161
                                                    },
                                                    {
                                                      "Node Type": "Bitmap Heap Scan",
                                                      "Parent Relationship": "Inner",
                                                      "Parallel Aware": false,
                                                      "Relation Name": "movie_keyword",
                                                      "Alias": "mk",
                                                      "Startup Cost": 10.82,
                                                      "Total Cost": 1079.93,
                                                      "Plan Rows": 308,
                                                      "Plan Width": 8,
                                                      "Actual Startup Time": 0.635,
                                                      "Actual Total Time": 7.794,
                                                      "Actual Rows": 3254,
                                                      "Actual Loops": 18,
                                                      "Recheck Cond": "(keyword_id = k.id)",
                                                      "Rows Removed by Index Recheck": 0,
                                                      "Exact Heap Blocks": 43320,
                                                      "Lossy Heap Blocks": 0,
                                                      "Plans": [
                                                        {
                                                          "Node Type": "Bitmap Index Scan",
                                                          "Parent Relationship": "Outer",
                                                          "Parallel Aware": false,
                                                          "Index Name": "keyword_id_movie_keyword",
                                                          "Startup Cost": 0.0,
                                                          "Total Cost": 10.74,
                                                          "Plan Rows": 308,
                                                          "Plan Width": 0,
                                                          "Actual Startup Time": 0.385,
                                                          "Actual Total Time": 0.385,
                                                          "Actual Rows": 3254,
                                                          "Actual Loops": 18,
                                                          "Index Cond": "(keyword_id = k.id)"
                                                        }
                                                      ]
                                                    }
                                                  ]
                                                },
                                                {
                                                  "Node Type": "Bitmap Heap Scan",
                                                  "Parent Relationship": "Inner",
                                                  "Parallel Aware": false,
                                                  "Relation Name": "title",
                                                  "Alias": "t",
                                                  "Startup Cost": 0.45,
                                                  "Total Cost": 4.46,
                                                  "Plan Rows": 1,
                                                  "Plan Width": 25,
                                                  "Actual Startup Time": 0.006,
                                                  "Actual Total Time": 0.006,
                                                  "Actual Rows": 0,
                                                  "Actual Loops": 58564,
                                                  "Recheck Cond": "(id = mk.movie_id)",
                                                  "Rows Removed by Index Recheck": 0,
                                                  "Filter": "(production_year > 2009)",
                                                  "Rows Removed by Filter": 1,
                                                  "Exact Heap Blocks": 58564,
                                                  "Lossy Heap Blocks": 0,
                                                  "Plans": [
                                                    {
                                                      "Node Type": "Bitmap Index Scan",
                                                      "Parent Relationship": "Outer",
                                                      "Parallel Aware": false,
                                                      "Index Name": "title_pkey",
                                                      "Startup Cost": 0.0,
                                                      "Total Cost": 0.45,
                                                      "Plan Rows": 1,
                                                      "Plan Width": 0,
                                                      "Actual Startup Time": 0.003,
                                                      "Actual Total Time": 0.003,
                                                      "Actual Rows": 1,
                                                      "Actual Loops": 58564,
                                                      "Index Cond": "(id = mk.movie_id)"
                                                    }
                                                  ]
                                                }
                                              ]
                                            }
                                          ]
                                        },
                                        {
                                          "Node Type": "Bitmap Heap Scan",
                                          "Parent Relationship": "Inner",
                                          "Parallel Aware": false,
                                          "Relation Name": "complete_cast",
                                          "Alias": "cc",
                                          "Startup Cost": 0.44,
                                          "Total Cost": 4.46,
                                          "Plan Rows": 2,
                                          "Plan Width": 12,
                                          "Actual Startup Time": 0.003,
                                          "Actual Total Time": 0.003,
                                          "Actual Rows": 0,
                                          "Actual Loops": 3568,
                                          "Recheck Cond": "(movie_id = t.id)",
                                          "Rows Removed by Index Recheck": 0,
                                          "Exact Heap Blocks": 216,
                                          "Lossy Heap Blocks": 0,
                                          "Plans": [
                                            {
                                              "Node Type": "Bitmap Index Scan",
                                              "Parent Relationship": "Outer",
                                              "Parallel Aware": false,
                                              "Index Name": "movie_id_complete_cast",
                                              "Startup Cost": 0.0,
                                              "Total Cost": 0.44,
                                              "Plan Rows": 2,
                                              "Plan Width": 0,
                                              "Actual Startup Time": 0.003,
                                              "Actual Total Time": 0.003,
                                              "Actual Rows": 0,
                                              "Actual Loops": 3568,
                                              "Index Cond": "(movie_id = t.id)"
                                            }
                                          ]
                                        }
                                      ]
                                    }
                                  ]
                                }
                              ]
                            },
                            {
                              "Node Type": "Bitmap Heap Scan",
                              "Parent Relationship": "Inner",
                              "Parallel Aware": false,
                              "Relation Name": "movie_info_idx",
                              "Alias": "mi_idx",
                              "Startup Cost": 0.46,
                              "Total Cost": 4.49,
                              "Plan Rows": 3,
                              "Plan Width": 14,
                              "Actual Startup Time": 0.014,
                              "Actual Total Time": 0.015,
                              "Actual Rows": 3,
                              "Actual Loops": 88,
                              "Recheck Cond": "(movie_id = mk.movie_id)",
                              "Rows Removed by Index Recheck": 0,
                              "Exact Heap Blocks": 94,
                              "Lossy Heap Blocks": 0,
                              "Plans": [
                                {
                                  "Node Type": "Bitmap Index Scan",
                                  "Parent Relationship": "Outer",
                                  "Parallel Aware": false,
                                  "Index Name": "movie_id_movie_info_idx",
                                  "Startup Cost": 0.0,
                                  "Total Cost": 0.46,
                                  "Plan Rows": 3,
                                  "Plan Width": 0,
                                  "Actual Startup Time": 0.01,
                                  "Actual Total Time": 0.01,
                                  "Actual Rows": 3,
                                  "Actual Loops": 88,
                                  "Index Cond": "(movie_id = mk.movie_id)"
                                }
                              ]
                            }
                          ]
                        }
                      ]
                    },
                    {
                      "Node Type": "Bitmap Heap Scan",
                      "Parent Relationship": "Inner",
                      "Parallel Aware": false,
                      "Relation Name": "cast_info",
                      "Alias": "ci",
                      "Startup Cost": 0.94,
                      "Total Cost": 5.37,
                      "Plan Rows": 34,
                      "Plan Width": 12,
                      "Actual Startup Time": 0.047,
                      "Actual Total Time": 0.731,
                      "Actual Rows": 160,
                      "Actual Loops": 87,
                      "Recheck Cond": "(movie_id = mk.movie_id)",
                      "Rows Removed by Index Recheck": 0,
                      "Exact Heap Blocks": 13476,
                      "Lossy Heap Blocks": 0,
                      "Plans": [
                        {
                          "Node Type": "Bitmap Index Scan",
                          "Parent Relationship": "Outer",
                          "Parallel Aware": false,
                          "Index Name": "movie_id_cast_info",
                          "Startup Cost": 0.0,
                          "Total Cost": 0.94,
                          "Plan Rows": 34,
                          "Plan Width": 0,
                          "Actual Startup Time": 0.032,
                          "Actual Total Time": 0.032,
                          "Actual Rows": 160,
                          "Actual Loops": 87,
                          "Index Cond": "(movie_id = mk.movie_id)"
                        }
                      ]
                    }
                  ]
                },
                {
                  "Node Type": "Bitmap Heap Scan",
                  "Parent Relationship": "Inner",
                  "Parallel Aware": false,
                  "Relation Name": "char_name",
                  "Alias": "chn",
                  "Startup Cost": 0.44,
                  "Total Cost": 4.46,
                  "Plan Rows": 1,
                  "Plan Width": 20,
                  "Actual Startup Time": 0.004,
                  "Actual Total Time": 0.004,
                  "Actual Rows": 0,
                  "Actual Loops": 13888,
                  "Recheck Cond": "(id = ci.person_role_id)",
                  "Rows Removed by Index Recheck": 0,
                  "Filter": "((name IS NOT NULL) AND ((name ~~ '%man%'::text) OR (name ~~ '%Man%'::text)))",
                  "Rows Removed by Filter": 0,
                  "Exact Heap Blocks": 4908,
                  "Lossy Heap Blocks": 0,
                  "Plans": [
                    {
                      "Node Type": "Bitmap Index Scan",
                      "Parent Relationship": "Outer",
                      "Parallel Aware": false,
                      "Index Name": "char_name_pkey",
                      "Startup Cost": 0.0,
                      "Total Cost": 0.44,
                      "Plan Rows": 1,
                      "Plan Width": 0,
                      "Actual Startup Time": 0.002,
                      "Actual Total Time": 0.002,
                      "Actual Rows": 0,
                      "Actual Loops": 13888,
                      "Index Cond": "(id = ci.person_role_id)"
                    }
                  ]
                }
              ]
            },
            {
              "Node Type": "Bitmap Heap Scan",
              "Parent Relationship": "Inner",
              "Parallel Aware": false,
              "Relation Name": "name",
              "Alias": "n",
              "Startup Cost": 0.44,
              "Total Cost": 4.45,
              "Plan Rows": 1,
              "Plan Width": 4,
              "Actual Startup Time": 0.022,
              "Actual Total Time": 0.022,
              "Actual Rows": 1,
              "Actual Loops": 280,
              "Recheck Cond": "(id = ci.person_id)",
              "Rows Removed by Index Recheck": 0,
              "Exact Heap Blocks": 280,
              "Lossy Heap Blocks": 0,
              "Plans": [
                {
                  "Node Type": "Bitmap Index Scan",
                  "Parent Relationship": "Outer",
                  "Parallel Aware": false,
                  "Index Name": "name_pkey",
                  "Startup Cost": 0.0,
                  "Total Cost": 0.44,
                  "Plan Rows": 1,
                  "Plan Width": 0,
                  "Actual Startup Time": 0.018,
                  "Actual Total Time": 0.018,
                  "Actual Rows": 1,
                  "Actual Loops": 280,
                  "Index Cond": "(id = ci.person_id)"
                }
              ]
            }
          ]
        }
      ]
    },
    "Planning Time": 52.44,
    "Triggers": [],
    "Execution Time": 782.226
  }
]