[
  {
    "Plan": {
      "Node Type": "Aggregate",
      "Strategy": "Plain",
      "Partial Mode": "Finalize",
      "Parallel Aware": false,
      "Startup Cost": 46858.74,
      "Total Cost": 46858.75,
      "Plan Rows": 1,
      "Plan Width": 8,
      "Actual Startup Time": 174.595,
      "Actual Total Time": 183.864,
      "Actual Rows": 1,
      "Actual Loops": 1,
      "Plans": [
        {
          "Node Type": "Gather",
          "Parent Relationship": "Outer",
          "Parallel Aware": false,
          "Startup Cost": 46858.42,
          "Total Cost": 46858.73,
          "Plan Rows": 3,
          "Plan Width": 8,
          "Actual Startup Time": 174.486,
          "Actual Total Time": 183.856,
          "Actual Rows": 4,
          "Actual Loops": 1,
          "Workers Planned": 3,
          "Workers Launched": 3,
          "Single Copy": false,
          "Plans": [
            {
              "Node Type": "Aggregate",
              "Strategy": "Plain",
              "Partial Mode": "Partial",
              "Parent Relationship": "Outer",
              "Parallel Aware": false,
              "Startup Cost": 45858.42,
              "Total Cost": 45858.43,
              "Plan Rows": 1,
              "Plan Width": 8,
              "Actual Startup Time": 168.85,
              "Actual Total Time": 168.851,
              "Actual Rows": 1,
              "Actual Loops": 4,
              "Plans": [
                {
                  "Node Type": "Seq Scan",
                  "Parent Relationship": "Outer",
                  "Parallel Aware": true,
                  "Relation Name": "movie_keyword",
                  "Alias": "mk",
                  "Startup Cost": 0.0,
                  "Total Cost": 42695.65,
                  "Plan Rows": 1265107,
                  "Plan Width": 0,
                  "Actual Startup Time": 0.061,
                  "Actual Total Time": 123.478,
                  "Actual Rows": 977527,
                  "Actual Loops": 4,
                  "Filter": "(keyword_id > 463)",
                  "Rows Removed by Filter": 153456
                }
              ]
            }
          ]
        }
      ]
    },
    "Planning Time": 0.089,
    "Triggers": [],
    "Execution Time": 183.901
  }
]