{
    "Plan": {
        "Node Type": "Aggregate",
        "Strategy": "Plain",
        "Partial Mode": "Finalize",
        "Parallel Aware": false,
        "Startup Cost": 78529.73,
        "Total Cost": 78529.74,
        "Plan Rows": 1,
        "Plan Width": 8,
        "Actual Startup Time": 191.278,
        "Actual Total Time": 207.134,
        "Actual Rows": 1,
        "Actual Loops": 1,
        "Output": [
            "count(*)"
        ],
        "Plans": [
            {
                "Node Type": "Gather",
                "Parent Relationship": "Outer",
                "Parallel Aware": false,
                "Startup Cost": 78529.41,
                "Total Cost": 78529.72,
                "Plan Rows": 3,
                "Plan Width": 8,
                "Actual Startup Time": 190.891,
                "Actual Total Time": 207.125,
                "Actual Rows": 4,
                "Actual Loops": 1,
                "Output": [
                    "(PARTIAL count(*))"
                ],
                "Workers Planned": 3,
                "Workers Launched": 3,
                "Single Copy": false,
                "Plans": [
                    {
                        "Node Type": "Aggregate",
                        "Strategy": "Plain",
                        "Partial Mode": "Partial",
                        "Parent Relationship": "Outer",
                        "Parallel Aware": false,
                        "Startup Cost": 77529.41,
                        "Total Cost": 77529.42,
                        "Plan Rows": 1,
                        "Plan Width": 8,
                        "Actual Startup Time": 183.796,
                        "Actual Total Time": 183.798,
                        "Actual Rows": 1,
                        "Actual Loops": 4,
                        "Output": [
                            "PARTIAL count(*)"
                        ],
                        "Workers": [
                            {
                                "Worker Number": 0,
                                "Actual Startup Time": 179.032,
                                "Actual Total Time": 179.035,
                                "Actual Rows": 1,
                                "Actual Loops": 1
                            },
                            {
                                "Worker Number": 1,
                                "Actual Startup Time": 183.022,
                                "Actual Total Time": 183.024,
                                "Actual Rows": 1,
                                "Actual Loops": 1
                            },
                            {
                                "Worker Number": 2,
                                "Actual Startup Time": 182.898,
                                "Actual Total Time": 182.9,
                                "Actual Rows": 1,
                                "Actual Loops": 1
                            }
                        ],
                        "Plans": [
                            {
                                "Node Type": "Hash Join",
                                "Parent Relationship": "Outer",
                                "Parallel Aware": true,
                                "Join Type": "Inner",
                                "Startup Cost": 45592.95,
                                "Total Cost": 77522.35,
                                "Plan Rows": 2822,
                                "Plan Width": 0,
                                "Actual Startup Time": 129.574,
                                "Actual Total Time": 183.675,
                                "Actual Rows": 1801,
                                "Actual Loops": 4,
                                "Inner Unique": true,
                                "Hash Cond": "(mc.movie_id = t.id)",
                                "Workers": [
                                    {
                                        "Worker Number": 0,
                                        "Actual Startup Time": 124.752,
                                        "Actual Total Time": 178.906,
                                        "Actual Rows": 1639,
                                        "Actual Loops": 1
                                    },
                                    {
                                        "Worker Number": 1,
                                        "Actual Startup Time": 128.594,
                                        "Actual Total Time": 182.898,
                                        "Actual Rows": 1601,
                                        "Actual Loops": 1
                                    },
                                    {
                                        "Worker Number": 2,
                                        "Actual Startup Time": 128.681,
                                        "Actual Total Time": 182.76,
                                        "Actual Rows": 1995,
                                        "Actual Loops": 1
                                    }
                                ],
                                "Plans": [
                                    {
                                        "Node Type": "Seq Scan",
                                        "Parent Relationship": "Outer",
                                        "Parallel Aware": true,
                                        "Relation Name": "movie_companies",
                                        "Schema": "public",
                                        "Alias": "mc",
                                        "Startup Cost": 0.0,
                                        "Total Cost": 31414.82,
                                        "Plan Rows": 196035,
                                        "Plan Width": 4,
                                        "Actual Startup Time": 28.561,
                                        "Actual Total Time": 61.824,
                                        "Actual Rows": 220540,
                                        "Actual Loops": 4,
                                        "Output": [
                                            "mc.id",
                                            "mc.movie_id",
                                            "mc.company_id",
                                            "mc.company_type_id",
                                            "mc.note"
                                        ],
                                        "Filter": "((mc.company_id > 12344) AND (mc.company_type_id = 2))",
                                        "Rows Removed by Filter": 431743,
                                        "Workers": [
                                            {
                                                "Worker Number": 0,
                                                "Actual Startup Time": 28.544,
                                                "Actual Total Time": 61.401,
                                                "Actual Rows": 203958,
                                                "Actual Loops": 1
                                            },
                                            {
                                                "Worker Number": 1,
                                                "Actual Startup Time": 28.57,
                                                "Actual Total Time": 61.966,
                                                "Actual Rows": 211841,
                                                "Actual Loops": 1
                                            },
                                            {
                                                "Worker Number": 2,
                                                "Actual Startup Time": 28.547,
                                                "Actual Total Time": 61.907,
                                                "Actual Rows": 215577,
                                                "Actual Loops": 1
                                            }
                                        ]
                                    },
                                    {
                                        "Node Type": "Hash",
                                        "Parent Relationship": "Inner",
                                        "Parallel Aware": true,
                                        "Startup Cost": 45479.21,
                                        "Total Cost": 45479.21,
                                        "Plan Rows": 9099,
                                        "Plan Width": 4,
                                        "Actual Startup Time": 99.667,
                                        "Actual Total Time": 99.668,
                                        "Actual Rows": 10746,
                                        "Actual Loops": 4,
                                        "Output": [
                                            "t.id"
                                        ],
                                        "Hash Buckets": 65536,
                                        "Original Hash Buckets": 65536,
                                        "Hash Batches": 1,
                                        "Original Hash Batches": 1,
                                        "Peak Memory Usage": 2240,
                                        "Workers": [
                                            {
                                                "Worker Number": 0,
                                                "Actual Startup Time": 95.493,
                                                "Actual Total Time": 95.494,
                                                "Actual Rows": 8087,
                                                "Actual Loops": 1
                                            },
                                            {
                                                "Worker Number": 1,
                                                "Actual Startup Time": 99.456,
                                                "Actual Total Time": 99.457,
                                                "Actual Rows": 9736,
                                                "Actual Loops": 1
                                            },
                                            {
                                                "Worker Number": 2,
                                                "Actual Startup Time": 99.548,
                                                "Actual Total Time": 99.549,
                                                "Actual Rows": 9980,
                                                "Actual Loops": 1
                                            }
                                        ],
                                        "Plans": [
                                            {
                                                "Node Type": "Seq Scan",
                                                "Parent Relationship": "Outer",
                                                "Parallel Aware": true,
                                                "Relation Name": "title",
                                                "Schema": "public",
                                                "Alias": "t",
                                                "Startup Cost": 0.0,
                                                "Total Cost": 45479.21,
                                                "Plan Rows": 9099,
                                                "Plan Width": 4,
                                                "Actual Startup Time": 0.047,
                                                "Actual Total Time": 94.69,
                                                "Actual Rows": 10746,
                                                "Actual Loops": 4,
                                                "Output": [
                                                    "t.id"
                                                ],
                                                "Filter": "((t.kind_id > 1) AND (t.production_year = 1999))",
                                                "Rows Removed by Filter": 621332,
                                                "Workers": [
                                                    {
                                                        "Worker Number": 0,
                                                        "Actual Startup Time": 0.062,
                                                        "Actual Total Time": 90.699,
                                                        "Actual Rows": 8087,
                                                        "Actual Loops": 1
                                                    },
                                                    {
                                                        "Worker Number": 1,
                                                        "Actual Startup Time": 0.043,
                                                        "Actual Total Time": 94.69,
                                                        "Actual Rows": 9736,
                                                        "Actual Loops": 1
                                                    },
                                                    {
                                                        "Worker Number": 2,
                                                        "Actual Startup Time": 0.047,
                                                        "Actual Total Time": 94.471,
                                                        "Actual Rows": 9980,
                                                        "Actual Loops": 1
                                                    }
                                                ]
                                            }
                                        ]
                                    }
                                ]
                            }
                        ]
                    }
                ]
            }
        ]
    },
    "Planning Time": 0.796,
    "Triggers": [],
    "Execution Time": 207.207
}