[
    {
        "Bao": {
            "Bao prediction": 1118.169,
            "Bao recommended hint": "SET enable_mergejoin TO off; SET enable_indexscan TO off; "
        }
    },
    {
        "Plan": {
            "Node Type": "Aggregate",
            "Strategy": "Plain",
            "Partial Mode": "Finalize",
            "Parallel Aware": false,
            "Startup Cost": 94168.8,
            "Total Cost": 94168.81,
            "Plan Rows": 1,
            "Plan Width": 8,
            "Actual Startup Time": 382.891,
            "Actual Total Time": 398.369,
            "Actual Rows": 1,
            "Actual Loops": 1,
            "Output": [
                "count(*)"
            ],
            "Plans": [
                {
                    "Node Type": "Gather",
                    "Parent Relationship": "Outer",
                    "Parallel Aware": false,
                    "Startup Cost": 94168.48,
                    "Total Cost": 94168.79,
                    "Plan Rows": 3,
                    "Plan Width": 8,
                    "Actual Startup Time": 382.882,
                    "Actual Total Time": 398.363,
                    "Actual Rows": 4,
                    "Actual Loops": 1,
                    "Output": [
                        "(PARTIAL count(*))"
                    ],
                    "Workers Planned": 3,
                    "Workers Launched": 3,
                    "Single Copy": false,
                    "Plans": [
                        {
                            "Node Type": "Aggregate",
                            "Strategy": "Plain",
                            "Partial Mode": "Partial",
                            "Parent Relationship": "Outer",
                            "Parallel Aware": false,
                            "Startup Cost": 93168.48,
                            "Total Cost": 93168.49,
                            "Plan Rows": 1,
                            "Plan Width": 8,
                            "Actual Startup Time": 372.067,
                            "Actual Total Time": 372.071,
                            "Actual Rows": 1,
                            "Actual Loops": 4,
                            "Output": [
                                "PARTIAL count(*)"
                            ],
                            "Workers": [
                                {
                                    "Worker Number": 0,
                                    "Actual Startup Time": 368.37,
                                    "Actual Total Time": 368.374,
                                    "Actual Rows": 1,
                                    "Actual Loops": 1
                                },
                                {
                                    "Worker Number": 1,
                                    "Actual Startup Time": 368.815,
                                    "Actual Total Time": 368.819,
                                    "Actual Rows": 1,
                                    "Actual Loops": 1
                                },
                                {
                                    "Worker Number": 2,
                                    "Actual Startup Time": 369.003,
                                    "Actual Total Time": 369.007,
                                    "Actual Rows": 1,
                                    "Actual Loops": 1
                                }
                            ],
                            "Plans": [
                                {
                                    "Node Type": "Nested Loop",
                                    "Parent Relationship": "Outer",
                                    "Parallel Aware": false,
                                    "Join Type": "Inner",
                                    "Startup Cost": 57603.27,
                                    "Total Cost": 93148.56,
                                    "Plan Rows": 7968,
                                    "Plan Width": 0,
                                    "Actual Startup Time": 171.619,
                                    "Actual Total Time": 360.363,
                                    "Actual Rows": 165141,
                                    "Actual Loops": 4,
                                    "Inner Unique": false,
                                    "Join Filter": "(t.id = mi.movie_id)",
                                    "Rows Removed by Join Filter": 0,
                                    "Workers": [
                                        {
                                            "Worker Number": 0,
                                            "Actual Startup Time": 169.473,
                                            "Actual Total Time": 357.641,
                                            "Actual Rows": 145911,
                                            "Actual Loops": 1
                                        },
                                        {
                                            "Worker Number": 1,
                                            "Actual Startup Time": 169.5,
                                            "Actual Total Time": 357.025,
                                            "Actual Rows": 162583,
                                            "Actual Loops": 1
                                        },
                                        {
                                            "Worker Number": 2,
                                            "Actual Startup Time": 168.527,
                                            "Actual Total Time": 357.786,
                                            "Actual Rows": 152952,
                                            "Actual Loops": 1
                                        }
                                    ],
                                    "Plans": [
                                        {
                                            "Node Type": "Hash Join",
                                            "Parent Relationship": "Outer",
                                            "Parallel Aware": true,
                                            "Join Type": "Inner",
                                            "Startup Cost": 57602.15,
                                            "Total Cost": 84831.04,
                                            "Plan Rows": 1365,
                                            "Plan Width": 8,
                                            "Actual Startup Time": 171.458,
                                            "Actual Total Time": 248.355,
                                            "Actual Rows": 2022,
                                            "Actual Loops": 4,
                                            "Output": [
                                                "t.id",
                                                "mk.movie_id"
                                            ],
                                            "Inner Unique": true,
                                            "Hash Cond": "(mk.movie_id = t.id)",
                                            "Workers": [
                                                {
                                                    "Worker Number": 0,
                                                    "Actual Startup Time": 169.275,
                                                    "Actual Total Time": 246.512,
                                                    "Actual Rows": 1755,
                                                    "Actual Loops": 1
                                                },
                                                {
                                                    "Worker Number": 1,
                                                    "Actual Startup Time": 169.298,
                                                    "Actual Total Time": 243.828,
                                                    "Actual Rows": 1853,
                                                    "Actual Loops": 1
                                                },
                                                {
                                                    "Worker Number": 2,
                                                    "Actual Startup Time": 168.321,
                                                    "Actual Total Time": 244.597,
                                                    "Actual Rows": 1876,
                                                    "Actual Loops": 1
                                                }
                                            ],
                                            "Plans": [
                                                {
                                                    "Node Type": "Bitmap Heap Scan",
                                                    "Parent Relationship": "Outer",
                                                    "Parallel Aware": true,
                                                    "Relation Name": "movie_keyword",
                                                    "Schema": "public",
                                                    "Alias": "mk",
                                                    "Startup Cost": 12064.14,
                                                    "Total Cost": 38811.44,
                                                    "Plan Rows": 183464,
                                                    "Plan Width": 4,
                                                    "Actual Startup Time": 56.793,
                                                    "Actual Total Time": 114.454,
                                                    "Actual Rows": 140829,
                                                    "Actual Loops": 4,
                                                    "Output": [
                                                        "mk.id",
                                                        "mk.movie_id",
                                                        "mk.keyword_id"
                                                    ],
                                                    "Recheck Cond": "(mk.keyword_id > 32586)",
                                                    "Rows Removed by Index Recheck": 0,
                                                    "Exact Heap Blocks": 7556,
                                                    "Lossy Heap Blocks": 0,
                                                    "Workers": [
                                                        {
                                                            "Worker Number": 0,
                                                            "Actual Startup Time": 56.911,
                                                            "Actual Total Time": 116.832,
                                                            "Actual Rows": 130117,
                                                            "Actual Loops": 1
                                                        },
                                                        {
                                                            "Worker Number": 1,
                                                            "Actual Startup Time": 56.807,
                                                            "Actual Total Time": 113.632,
                                                            "Actual Rows": 123086,
                                                            "Actual Loops": 1
                                                        },
                                                        {
                                                            "Worker Number": 2,
                                                            "Actual Startup Time": 56.967,
                                                            "Actual Total Time": 113.87,
                                                            "Actual Rows": 125234,
                                                            "Actual Loops": 1
                                                        }
                                                    ],
                                                    "Plans": [
                                                        {
                                                            "Node Type": "Bitmap Index Scan",
                                                            "Parent Relationship": "Outer",
                                                            "Parallel Aware": false,
                                                            "Index Name": "keyword_id_movie_keyword",
                                                            "Startup Cost": 0.0,
                                                            "Total Cost": 11921.96,
                                                            "Plan Rows": 568737,
                                                            "Plan Width": 0,
                                                            "Actual Startup Time": 51.027,
                                                            "Actual Total Time": 51.027,
                                                            "Actual Rows": 563317,
                                                            "Actual Loops": 1,
                                                            "Index Cond": "(mk.keyword_id > 32586)"
                                                        }
                                                    ]
                                                },
                                                {
                                                    "Node Type": "Hash",
                                                    "Parent Relationship": "Inner",
                                                    "Parallel Aware": true,
                                                    "Startup Cost": 45479.21,
                                                    "Total Cost": 45479.21,
                                                    "Plan Rows": 4704,
                                                    "Plan Width": 4,
                                                    "Actual Startup Time": 111.367,
                                                    "Actual Total Time": 111.368,
                                                    "Actual Rows": 3612,
                                                    "Actual Loops": 4,
                                                    "Output": [
                                                        "t.id"
                                                    ],
                                                    "Hash Buckets": 32768,
                                                    "Original Hash Buckets": 32768,
                                                    "Hash Batches": 1,
                                                    "Original Hash Batches": 1,
                                                    "Peak Memory Usage": 832,
                                                    "Workers": [
                                                        {
                                                            "Worker Number": 0,
                                                            "Actual Startup Time": 109.087,
                                                            "Actual Total Time": 109.088,
                                                            "Actual Rows": 3175,
                                                            "Actual Loops": 1
                                                        },
                                                        {
                                                            "Worker Number": 1,
                                                            "Actual Startup Time": 109.461,
                                                            "Actual Total Time": 109.462,
                                                            "Actual Rows": 3240,
                                                            "Actual Loops": 1
                                                        },
                                                        {
                                                            "Worker Number": 2,
                                                            "Actual Startup Time": 109.732,
                                                            "Actual Total Time": 109.733,
                                                            "Actual Rows": 3243,
                                                            "Actual Loops": 1
                                                        }
                                                    ],
                                                    "Plans": [
                                                        {
                                                            "Node Type": "Seq Scan",
                                                            "Parent Relationship": "Outer",
                                                            "Parallel Aware": true,
                                                            "Relation Name": "title",
                                                            "Schema": "public",
                                                            "Alias": "t",
                                                            "Startup Cost": 0.0,
                                                            "Total Cost": 45479.21,
                                                            "Plan Rows": 4704,
                                                            "Plan Width": 4,
                                                            "Actual Startup Time": 0.637,
                                                            "Actual Total Time": 109.27,
                                                            "Actual Rows": 3612,
                                                            "Actual Loops": 4,
                                                            "Output": [
                                                                "t.id"
                                                            ],
                                                            "Filter": "((t.kind_id < 7) AND (t.production_year = 1998))",
                                                            "Rows Removed by Filter": 628466,
                                                            "Workers": [
                                                                {
                                                                    "Worker Number": 0,
                                                                    "Actual Startup Time": 0.134,
                                                                    "Actual Total Time": 106.984,
                                                                    "Actual Rows": 3175,
                                                                    "Actual Loops": 1
                                                                },
                                                                {
                                                                    "Worker Number": 1,
                                                                    "Actual Startup Time": 0.449,
                                                                    "Actual Total Time": 107.262,
                                                                    "Actual Rows": 3240,
                                                                    "Actual Loops": 1
                                                                },
                                                                {
                                                                    "Worker Number": 2,
                                                                    "Actual Startup Time": 0.559,
                                                                    "Actual Total Time": 107.56,
                                                                    "Actual Rows": 3243,
                                                                    "Actual Loops": 1
                                                                }
                                                            ]
                                                        }
                                                    ]
                                                }
                                            ]
                                        },
                                        {
                                            "Node Type": "Bitmap Heap Scan",
                                            "Parent Relationship": "Inner",
                                            "Parallel Aware": false,
                                            "Relation Name": "movie_info",
                                            "Schema": "public",
                                            "Alias": "mi",
                                            "Startup Cost": 1.12,
                                            "Total Cost": 5.61,
                                            "Plan Rows": 39,
                                            "Plan Width": 4,
                                            "Actual Startup Time": 0.013,
                                            "Actual Total Time": 0.04,
                                            "Actual Rows": 82,
                                            "Actual Loops": 8089,
                                            "Output": [
                                                "mi.id",
                                                "mi.movie_id",
                                                "mi.info_type_id",
                                                "mi.info",
                                                "mi.note"
                                            ],
                                            "Recheck Cond": "(mi.movie_id = mk.movie_id)",
                                            "Rows Removed by Index Recheck": 0,
                                            "Exact Heap Blocks": 37272,
                                            "Lossy Heap Blocks": 0,
                                            "Workers": [
                                                {
                                                    "Worker Number": 0,
                                                    "Actual Startup Time": 0.015,
                                                    "Actual Total Time": 0.048,
                                                    "Actual Rows": 83,
                                                    "Actual Loops": 1755
                                                },
                                                {
                                                    "Worker Number": 1,
                                                    "Actual Startup Time": 0.015,
                                                    "Actual Total Time": 0.045,
                                                    "Actual Rows": 88,
                                                    "Actual Loops": 1853
                                                },
                                                {
                                                    "Worker Number": 2,
                                                    "Actual Startup Time": 0.015,
                                                    "Actual Total Time": 0.045,
                                                    "Actual Rows": 82,
                                                    "Actual Loops": 1876
                                                }
                                            ],
                                            "Plans": [
                                                {
                                                    "Node Type": "Bitmap Index Scan",
                                                    "Parent Relationship": "Outer",
                                                    "Parallel Aware": false,
                                                    "Index Name": "movie_id_movie_info",
                                                    "Startup Cost": 0.0,
                                                    "Total Cost": 1.11,
                                                    "Plan Rows": 39,
                                                    "Plan Width": 0,
                                                    "Actual Startup Time": 0.01,
                                                    "Actual Total Time": 0.01,
                                                    "Actual Rows": 82,
                                                    "Actual Loops": 8089,
                                                    "Index Cond": "(mi.movie_id = mk.movie_id)",
                                                    "Workers": [
                                                        {
                                                            "Worker Number": 0,
                                                            "Actual Startup Time": 0.011,
                                                            "Actual Total Time": 0.011,
                                                            "Actual Rows": 83,
                                                            "Actual Loops": 1755
                                                        },
                                                        {
                                                            "Worker Number": 1,
                                                            "Actual Startup Time": 0.011,
                                                            "Actual Total Time": 0.011,
                                                            "Actual Rows": 88,
                                                            "Actual Loops": 1853
                                                        },
                                                        {
                                                            "Worker Number": 2,
                                                            "Actual Startup Time": 0.011,
                                                            "Actual Total Time": 0.011,
                                                            "Actual Rows": 82,
                                                            "Actual Loops": 1876
                                                        }
                                                    ]
                                                }
                                            ]
                                        }
                                    ]
                                }
                            ]
                        }
                    ]
                }
            ]
        },
        "Planning Time": 2297.436,
        "Triggers": [],
        "Execution Time": 398.552
    }
]