[
  {
    "Plan": {
      "Node Type": "Aggregate",
      "Strategy": "Plain",
      "Partial Mode": "Finalize",
      "Parallel Aware": false,
      "Startup Cost": 161886.88,
      "Total Cost": 161886.89,
      "Plan Rows": 1,
      "Plan Width": 8,
      "Actual Startup Time": 523.186,
      "Actual Total Time": 570.68,
      "Actual Rows": 1,
      "Actual Loops": 1,
      "Plans": [
        {
          "Node Type": "Gather",
          "Parent Relationship": "Outer",
          "Parallel Aware": false,
          "Startup Cost": 161886.57,
          "Total Cost": 161886.88,
          "Plan Rows": 3,
          "Plan Width": 8,
          "Actual Startup Time": 522.716,
          "Actual Total Time": 570.668,
          "Actual Rows": 4,
          "Actual Loops": 1,
          "Workers Planned": 3,
          "Workers Launched": 3,
          "Single Copy": false,
          "Plans": [
            {
              "Node Type": "Aggregate",
              "Strategy": "Plain",
              "Partial Mode": "Partial",
              "Parent Relationship": "Outer",
              "Parallel Aware": false,
              "Startup Cost": 160886.57,
              "Total Cost": 160886.58,
              "Plan Rows": 1,
              "Plan Width": 8,
              "Actual Startup Time": 513.097,
              "Actual Total Time": 513.101,
              "Actual Rows": 1,
              "Actual Loops": 4,
              "Plans": [
                {
                  "Node Type": "Nested Loop",
                  "Parent Relationship": "Outer",
                  "Parallel Aware": false,
                  "Join Type": "Inner",
                  "Startup Cost": 45710.64,
                  "Total Cost": 160570.2,
                  "Plan Rows": 126545,
                  "Plan Width": 0,
                  "Actual Startup Time": 114.653,
                  "Actual Total Time": 510.528,
                  "Actual Rows": 43914,
                  "Actual Loops": 4,
                  "Inner Unique": false,
                  "Join Filter": "(t.id = ci.movie_id)",
                  "Rows Removed by Join Filter": 0,
                  "Plans": [
                    {
                      "Node Type": "Hash Join",
                      "Parent Relationship": "Outer",
                      "Parallel Aware": true,
                      "Join Type": "Inner",
                      "Startup Cost": 45710.07,
                      "Total Cost": 88588.15,
                      "Plan Rows": 42569,
                      "Plan Width": 8,
                      "Actual Startup Time": 114.485,
                      "Actual Total Time": 304.061,
                      "Actual Rows": 7222,
                      "Actual Loops": 4,
                      "Inner Unique": true,
                      "Hash Cond": "(mk.movie_id = t.id)",
                      "Plans": [
                        {
                          "Node Type": "Seq Scan",
                          "Parent Relationship": "Outer",
                          "Parallel Aware": true,
                          "Relation Name": "movie_keyword",
                          "Alias": "mk",
                          "Startup Cost": 0.0,
                          "Total Cost": 39047.32,
                          "Plan Rows": 1459332,
                          "Plan Width": 4,
                          "Actual Startup Time": 0.013,
                          "Actual Total Time": 95.036,
                          "Actual Rows": 1130982,
                          "Actual Loops": 4
                        },
                        {
                          "Node Type": "Hash",
                          "Parent Relationship": "Inner",
                          "Parallel Aware": true,
                          "Startup Cost": 45479.59,
                          "Total Cost": 45479.59,
                          "Plan Rows": 18439,
                          "Plan Width": 4,
                          "Actual Startup Time": 112.862,
                          "Actual Total Time": 112.863,
                          "Actual Rows": 21019,
                          "Actual Loops": 4,
                          "Hash Buckets": 131072,
                          "Original Hash Buckets": 131072,
                          "Hash Batches": 1,
                          "Original Hash Batches": 1,
                          "Peak Memory Usage": 4352,
                          "Plans": [
                            {
                              "Node Type": "Seq Scan",
                              "Parent Relationship": "Outer",
                              "Parallel Aware": true,
                              "Relation Name": "title",
                              "Alias": "t",
                              "Startup Cost": 0.0,
                              "Total Cost": 45479.59,
                              "Plan Rows": 18439,
                              "Plan Width": 4,
                              "Actual Startup Time": 0.055,
                              "Actual Total Time": 103.828,
                              "Actual Rows": 21019,
                              "Actual Loops": 4,
                              "Filter": "((kind_id = 7) AND (production_year = 2007))",
                              "Rows Removed by Filter": 611059
                            }
                          ]
                        }
                      ]
                    },
                    {
                      "Node Type": "Index Scan",
                      "Parent Relationship": "Inner",
                      "Parallel Aware": false,
                      "Scan Direction": "Forward",
                      "Index Name": "movie_id_cast_info",
                      "Relation Name": "cast_info",
                      "Alias": "ci",
                      "Startup Cost": 0.56,
                      "Total Cost": 1.6,
                      "Plan Rows": 7,
                      "Plan Width": 4,
                      "Actual Startup Time": 0.011,
                      "Actual Total Time": 0.028,
                      "Actual Rows": 6,
                      "Actual Loops": 28888,
                      "Index Cond": "(movie_id = mk.movie_id)",
                      "Rows Removed by Index Recheck": 0,
                      "Filter": "(role_id = 2)",
                      "Rows Removed by Filter": 35
                    }
                  ]
                }
              ]
            }
          ]
        }
      ]
    },
    "Planning Time": 1.269,
    "Triggers": [],
    "Execution Time": 570.774
  }
]