[
  {
    "Plan": {
      "Node Type": "Aggregate",
      "Strategy": "Plain",
      "Partial Mode": "Finalize",
      "Parallel Aware": false,
      "Startup Cost": 235420.55,
      "Total Cost": 235420.56,
      "Plan Rows": 1,
      "Plan Width": 8,
      "Actual Startup Time": 1229.292,
      "Actual Total Time": 1276.732,
      "Actual Rows": 1,
      "Actual Loops": 1,
      "Plans": [
        {
          "Node Type": "Gather",
          "Parent Relationship": "Outer",
          "Parallel Aware": false,
          "Startup Cost": 235420.13,
          "Total Cost": 235420.54,
          "Plan Rows": 4,
          "Plan Width": 8,
          "Actual Startup Time": 1226.741,
          "Actual Total Time": 1276.722,
          "Actual Rows": 5,
          "Actual Loops": 1,
          "Workers Planned": 4,
          "Workers Launched": 4,
          "Single Copy": false,
          "Plans": [
            {
              "Node Type": "Aggregate",
              "Strategy": "Plain",
              "Partial Mode": "Partial",
              "Parent Relationship": "Outer",
              "Parallel Aware": false,
              "Startup Cost": 234420.13,
              "Total Cost": 234420.14,
              "Plan Rows": 1,
              "Plan Width": 8,
              "Actual Startup Time": 1217.499,
              "Actual Total Time": 1217.504,
              "Actual Rows": 1,
              "Actual Loops": 5,
              "Plans": [
                {
                  "Node Type": "Nested Loop",
                  "Parent Relationship": "Outer",
                  "Parallel Aware": false,
                  "Join Type": "Inner",
                  "Startup Cost": 28565.93,
                  "Total Cost": 233510.59,
                  "Plan Rows": 363814,
                  "Plan Width": 0,
                  "Actual Startup Time": 100.296,
                  "Actual Total Time": 1165.964,
                  "Actual Rows": 954100,
                  "Actual Loops": 5,
                  "Inner Unique": false,
                  "Plans": [
                    {
                      "Node Type": "Hash Join",
                      "Parent Relationship": "Outer",
                      "Parallel Aware": true,
                      "Join Type": "Inner",
                      "Startup Cost": 28565.5,
                      "Total Cost": 74309.71,
                      "Plan Rows": 82188,
                      "Plan Width": 8,
                      "Actual Startup Time": 100.219,
                      "Actual Total Time": 296.923,
                      "Actual Rows": 66229,
                      "Actual Loops": 5,
                      "Inner Unique": false,
                      "Hash Cond": "(t.id = mc.movie_id)",
                      "Plans": [
                        {
                          "Node Type": "Seq Scan",
                          "Parent Relationship": "Outer",
                          "Parallel Aware": true,
                          "Relation Name": "title",
                          "Alias": "t",
                          "Startup Cost": 0.0,
                          "Total Cost": 42318.73,
                          "Plan Rows": 632073,
                          "Plan Width": 4,
                          "Actual Startup Time": 0.016,
                          "Actual Total Time": 70.743,
                          "Actual Rows": 505662,
                          "Actual Loops": 5
                        },
                        {
                          "Node Type": "Hash",
                          "Parent Relationship": "Inner",
                          "Parallel Aware": true,
                          "Startup Cost": 27239.88,
                          "Total Cost": 27239.88,
                          "Plan Rows": 106049,
                          "Plan Width": 4,
                          "Actual Startup Time": 79.552,
                          "Actual Total Time": 79.554,
                          "Actual Rows": 66229,
                          "Actual Loops": 5,
                          "Hash Buckets": 524288,
                          "Original Hash Buckets": 524288,
                          "Hash Batches": 1,
                          "Original Hash Batches": 1,
                          "Peak Memory Usage": 17120,
                          "Plans": [
                            {
                              "Node Type": "Bitmap Heap Scan",
                              "Parent Relationship": "Outer",
                              "Parallel Aware": true,
                              "Relation Name": "movie_companies",
                              "Alias": "mc",
                              "Startup Cost": 7124.27,
                              "Total Cost": 27239.88,
                              "Plan Rows": 106049,
                              "Plan Width": 4,
                              "Actual Startup Time": 23.219,
                              "Actual Total Time": 51.95,
                              "Actual Rows": 66229,
                              "Actual Loops": 5,
                              "Recheck Cond": "(company_id > 90529)",
                              "Rows Removed by Index Recheck": 0,
                              "Exact Heap Blocks": 1542,
                              "Lossy Heap Blocks": 0,
                              "Plans": [
                                {
                                  "Node Type": "Bitmap Index Scan",
                                  "Parent Relationship": "Outer",
                                  "Parallel Aware": false,
                                  "Index Name": "company_id_movie_companies",
                                  "Startup Cost": 0.0,
                                  "Total Cost": 7042.08,
                                  "Plan Rows": 328753,
                                  "Plan Width": 0,
                                  "Actual Startup Time": 23.827,
                                  "Actual Total Time": 23.827,
                                  "Actual Rows": 331146,
                                  "Actual Loops": 1,
                                  "Index Cond": "(company_id > 90529)"
                                }
                              ]
                            }
                          ]
                        }
                      ]
                    },
                    {
                      "Node Type": "Index Scan",
                      "Parent Relationship": "Inner",
                      "Parallel Aware": false,
                      "Scan Direction": "Forward",
                      "Index Name": "movie_id_movie_info",
                      "Relation Name": "movie_info",
                      "Alias": "mi",
                      "Startup Cost": 0.43,
                      "Total Cost": 1.62,
                      "Plan Rows": 32,
                      "Plan Width": 4,
                      "Actual Startup Time": 0.004,
                      "Actual Total Time": 0.012,
                      "Actual Rows": 14,
                      "Actual Loops": 331146,
                      "Index Cond": "(movie_id = t.id)",
                      "Rows Removed by Index Recheck": 0,
                      "Filter": "(info_type_id > 3)",
                      "Rows Removed by Filter": 3
                    }
                  ]
                }
              ]
            }
          ]
        }
      ]
    },
    "Planning Time": 1.314,
    "Triggers": [],
    "Execution Time": 1276.827
  }
]