{
    "Plan": {
        "Node Type": "Aggregate",
        "Strategy": "Plain",
        "Partial Mode": "Finalize",
        "Parallel Aware": false,
        "Startup Cost": 683016.65,
        "Total Cost": 683016.66,
        "Plan Rows": 1,
        "Plan Width": 8,
        "Actual Startup Time": 5978.431,
        "Actual Total Time": 6055.705,
        "Actual Rows": 1,
        "Actual Loops": 1,
        "Output": [
            "count(*)"
        ],
        "Plans": [
            {
                "Node Type": "Gather",
                "Parent Relationship": "Outer",
                "Parallel Aware": false,
                "Startup Cost": 683016.03,
                "Total Cost": 683016.64,
                "Plan Rows": 6,
                "Plan Width": 8,
                "Actual Startup Time": 5938.95,
                "Actual Total Time": 6055.691,
                "Actual Rows": 7,
                "Actual Loops": 1,
                "Output": [
                    "(PARTIAL count(*))"
                ],
                "Workers Planned": 6,
                "Workers Launched": 6,
                "Single Copy": false,
                "Plans": [
                    {
                        "Node Type": "Aggregate",
                        "Strategy": "Plain",
                        "Partial Mode": "Partial",
                        "Parent Relationship": "Outer",
                        "Parallel Aware": false,
                        "Startup Cost": 682016.03,
                        "Total Cost": 682016.04,
                        "Plan Rows": 1,
                        "Plan Width": 8,
                        "Actual Startup Time": 5907.452,
                        "Actual Total Time": 5908.135,
                        "Actual Rows": 1,
                        "Actual Loops": 7,
                        "Output": [
                            "PARTIAL count(*)"
                        ],
                        "Workers": [
                            {
                                "Worker Number": 0,
                                "Actual Startup Time": 5901.624,
                                "Actual Total Time": 5901.629,
                                "Actual Rows": 1,
                                "Actual Loops": 1
                            },
                            {
                                "Worker Number": 1,
                                "Actual Startup Time": 5901.713,
                                "Actual Total Time": 5901.718,
                                "Actual Rows": 1,
                                "Actual Loops": 1
                            },
                            {
                                "Worker Number": 2,
                                "Actual Startup Time": 5901.893,
                                "Actual Total Time": 5901.897,
                                "Actual Rows": 1,
                                "Actual Loops": 1
                            },
                            {
                                "Worker Number": 3,
                                "Actual Startup Time": 5901.717,
                                "Actual Total Time": 5901.722,
                                "Actual Rows": 1,
                                "Actual Loops": 1
                            },
                            {
                                "Worker Number": 4,
                                "Actual Startup Time": 5901.791,
                                "Actual Total Time": 5901.797,
                                "Actual Rows": 1,
                                "Actual Loops": 1
                            },
                            {
                                "Worker Number": 5,
                                "Actual Startup Time": 5905.515,
                                "Actual Total Time": 5905.521,
                                "Actual Rows": 1,
                                "Actual Loops": 1
                            }
                        ],
                        "Plans": [
                            {
                                "Node Type": "Hash Join",
                                "Parent Relationship": "Outer",
                                "Parallel Aware": true,
                                "Join Type": "Inner",
                                "Startup Cost": 271060.02,
                                "Total Cost": 640243.96,
                                "Plan Rows": 16708828,
                                "Plan Width": 0,
                                "Actual Startup Time": 1335.717,
                                "Actual Total Time": 5402.073,
                                "Actual Rows": 12288756,
                                "Actual Loops": 7,
                                "Inner Unique": false,
                                "Hash Cond": "(ci.movie_id = t.id)",
                                "Workers": [
                                    {
                                        "Worker Number": 0,
                                        "Actual Startup Time": 1330.475,
                                        "Actual Total Time": 5412.784,
                                        "Actual Rows": 12218881,
                                        "Actual Loops": 1
                                    },
                                    {
                                        "Worker Number": 1,
                                        "Actual Startup Time": 1330.507,
                                        "Actual Total Time": 5383.187,
                                        "Actual Rows": 11231299,
                                        "Actual Loops": 1
                                    },
                                    {
                                        "Worker Number": 2,
                                        "Actual Startup Time": 1330.512,
                                        "Actual Total Time": 5396.95,
                                        "Actual Rows": 13285878,
                                        "Actual Loops": 1
                                    },
                                    {
                                        "Worker Number": 3,
                                        "Actual Startup Time": 1330.608,
                                        "Actual Total Time": 5359.12,
                                        "Actual Rows": 11602169,
                                        "Actual Loops": 1
                                    },
                                    {
                                        "Worker Number": 4,
                                        "Actual Startup Time": 1330.568,
                                        "Actual Total Time": 5420.159,
                                        "Actual Rows": 11841511,
                                        "Actual Loops": 1
                                    },
                                    {
                                        "Worker Number": 5,
                                        "Actual Startup Time": 1330.659,
                                        "Actual Total Time": 5421.527,
                                        "Actual Rows": 12095308,
                                        "Actual Loops": 1
                                    }
                                ],
                                "Plans": [
                                    {
                                        "Node Type": "Seq Scan",
                                        "Parent Relationship": "Outer",
                                        "Parallel Aware": true,
                                        "Relation Name": "cast_info",
                                        "Schema": "public",
                                        "Alias": "ci",
                                        "Startup Cost": 0.0,
                                        "Total Cost": 313108.29,
                                        "Plan Rows": 6042129,
                                        "Plan Width": 4,
                                        "Actual Startup Time": 0.035,
                                        "Actual Total Time": 564.837,
                                        "Actual Rows": 5177763,
                                        "Actual Loops": 7,
                                        "Output": [
                                            "ci.id",
                                            "ci.person_id",
                                            "ci.movie_id",
                                            "ci.person_role_id",
                                            "ci.note",
                                            "ci.nr_order",
                                            "ci.role_id"
                                        ],
                                        "Workers": [
                                            {
                                                "Worker Number": 0,
                                                "Actual Startup Time": 0.034,
                                                "Actual Total Time": 578.467,
                                                "Actual Rows": 5166084,
                                                "Actual Loops": 1
                                            },
                                            {
                                                "Worker Number": 1,
                                                "Actual Startup Time": 0.041,
                                                "Actual Total Time": 592.447,
                                                "Actual Rows": 4686329,
                                                "Actual Loops": 1
                                            },
                                            {
                                                "Worker Number": 2,
                                                "Actual Startup Time": 0.035,
                                                "Actual Total Time": 583.69,
                                                "Actual Rows": 5618230,
                                                "Actual Loops": 1
                                            },
                                            {
                                                "Worker Number": 3,
                                                "Actual Startup Time": 0.039,
                                                "Actual Total Time": 605.379,
                                                "Actual Rows": 4860176,
                                                "Actual Loops": 1
                                            },
                                            {
                                                "Worker Number": 4,
                                                "Actual Startup Time": 0.039,
                                                "Actual Total Time": 567.539,
                                                "Actual Rows": 4977924,
                                                "Actual Loops": 1
                                            },
                                            {
                                                "Worker Number": 5,
                                                "Actual Startup Time": 0.043,
                                                "Actual Total Time": 578.084,
                                                "Actual Rows": 5089111,
                                                "Actual Loops": 1
                                            }
                                        ]
                                    },
                                    {
                                        "Node Type": "Hash",
                                        "Parent Relationship": "Inner",
                                        "Parallel Aware": true,
                                        "Startup Cost": 253580.54,
                                        "Total Cost": 253580.54,
                                        "Plan Rows": 1398358,
                                        "Plan Width": 8,
                                        "Actual Startup Time": 1325.768,
                                        "Actual Total Time": 1326.449,
                                        "Actual Rows": 556230,
                                        "Actual Loops": 7,
                                        "Output": [
                                            "t.id",
                                            "mi.movie_id"
                                        ],
                                        "Hash Buckets": 8388608,
                                        "Original Hash Buckets": 8388608,
                                        "Hash Batches": 1,
                                        "Original Hash Batches": 1,
                                        "Peak Memory Usage": 217952,
                                        "Workers": [
                                            {
                                                "Worker Number": 0,
                                                "Actual Startup Time": 1329.581,
                                                "Actual Total Time": 1329.584,
                                                "Actual Rows": 564845,
                                                "Actual Loops": 1
                                            },
                                            {
                                                "Worker Number": 1,
                                                "Actual Startup Time": 1329.839,
                                                "Actual Total Time": 1329.842,
                                                "Actual Rows": 471671,
                                                "Actual Loops": 1
                                            },
                                            {
                                                "Worker Number": 2,
                                                "Actual Startup Time": 1329.776,
                                                "Actual Total Time": 1329.779,
                                                "Actual Rows": 610775,
                                                "Actual Loops": 1
                                            },
                                            {
                                                "Worker Number": 3,
                                                "Actual Startup Time": 1329.789,
                                                "Actual Total Time": 1329.792,
                                                "Actual Rows": 456248,
                                                "Actual Loops": 1
                                            },
                                            {
                                                "Worker Number": 4,
                                                "Actual Startup Time": 1329.866,
                                                "Actual Total Time": 1329.87,
                                                "Actual Rows": 563094,
                                                "Actual Loops": 1
                                            },
                                            {
                                                "Worker Number": 5,
                                                "Actual Startup Time": 1329.926,
                                                "Actual Total Time": 1329.93,
                                                "Actual Rows": 557838,
                                                "Actual Loops": 1
                                            }
                                        ],
                                        "Plans": [
                                            {
                                                "Node Type": "Hash Join",
                                                "Parent Relationship": "Outer",
                                                "Parallel Aware": true,
                                                "Join Type": "Inner",
                                                "Startup Cost": 49702.03,
                                                "Total Cost": 253580.54,
                                                "Plan Rows": 1398358,
                                                "Plan Width": 8,
                                                "Actual Startup Time": 198.695,
                                                "Actual Total Time": 994.605,
                                                "Actual Rows": 556230,
                                                "Actual Loops": 7,
                                                "Output": [
                                                    "t.id",
                                                    "mi.movie_id"
                                                ],
                                                "Inner Unique": true,
                                                "Hash Cond": "(mi.movie_id = t.id)",
                                                "Workers": [
                                                    {
                                                        "Worker Number": 0,
                                                        "Actual Startup Time": 198.694,
                                                        "Actual Total Time": 996.51,
                                                        "Actual Rows": 564845,
                                                        "Actual Loops": 1
                                                    },
                                                    {
                                                        "Worker Number": 1,
                                                        "Actual Startup Time": 198.697,
                                                        "Actual Total Time": 996.235,
                                                        "Actual Rows": 471671,
                                                        "Actual Loops": 1
                                                    },
                                                    {
                                                        "Worker Number": 2,
                                                        "Actual Startup Time": 198.683,
                                                        "Actual Total Time": 992.996,
                                                        "Actual Rows": 610775,
                                                        "Actual Loops": 1
                                                    },
                                                    {
                                                        "Worker Number": 3,
                                                        "Actual Startup Time": 198.557,
                                                        "Actual Total Time": 996.183,
                                                        "Actual Rows": 456248,
                                                        "Actual Loops": 1
                                                    },
                                                    {
                                                        "Worker Number": 4,
                                                        "Actual Startup Time": 198.709,
                                                        "Actual Total Time": 994.015,
                                                        "Actual Rows": 563094,
                                                        "Actual Loops": 1
                                                    },
                                                    {
                                                        "Worker Number": 5,
                                                        "Actual Startup Time": 198.712,
                                                        "Actual Total Time": 994.575,
                                                        "Actual Rows": 557838,
                                                        "Actual Loops": 1
                                                    }
                                                ],
                                                "Plans": [
                                                    {
                                                        "Node Type": "Seq Scan",
                                                        "Parent Relationship": "Outer",
                                                        "Parallel Aware": true,
                                                        "Relation Name": "movie_info",
                                                        "Schema": "public",
                                                        "Alias": "mi",
                                                        "Startup Cost": 0.0,
                                                        "Total Cost": 198880.74,
                                                        "Plan Rows": 1903910,
                                                        "Plan Width": 4,
                                                        "Actual Startup Time": 0.037,
                                                        "Actual Total Time": 330.362,
                                                        "Actual Rows": 1366450,
                                                        "Actual Loops": 7,
                                                        "Output": [
                                                            "mi.id",
                                                            "mi.movie_id",
                                                            "mi.info_type_id",
                                                            "mi.info",
                                                            "mi.note"
                                                        ],
                                                        "Filter": "(mi.info_type_id < 16)",
                                                        "Rows Removed by Filter": 752938,
                                                        "Workers": [
                                                            {
                                                                "Worker Number": 0,
                                                                "Actual Startup Time": 0.043,
                                                                "Actual Total Time": 326.702,
                                                                "Actual Rows": 1389191,
                                                                "Actual Loops": 1
                                                            },
                                                            {
                                                                "Worker Number": 1,
                                                                "Actual Startup Time": 0.038,
                                                                "Actual Total Time": 345.311,
                                                                "Actual Rows": 1148976,
                                                                "Actual Loops": 1
                                                            },
                                                            {
                                                                "Worker Number": 2,
                                                                "Actual Startup Time": 0.041,
                                                                "Actual Total Time": 334.009,
                                                                "Actual Rows": 1504751,
                                                                "Actual Loops": 1
                                                            },
                                                            {
                                                                "Worker Number": 3,
                                                                "Actual Startup Time": 0.044,
                                                                "Actual Total Time": 357.056,
                                                                "Actual Rows": 1096134,
                                                                "Actual Loops": 1
                                                            },
                                                            {
                                                                "Worker Number": 4,
                                                                "Actual Startup Time": 0.042,
                                                                "Actual Total Time": 324.87,
                                                                "Actual Rows": 1378821,
                                                                "Actual Loops": 1
                                                            },
                                                            {
                                                                "Worker Number": 5,
                                                                "Actual Startup Time": 0.042,
                                                                "Actual Total Time": 325.64,
                                                                "Actual Rows": 1370945,
                                                                "Actual Loops": 1
                                                            }
                                                        ]
                                                    },
                                                    {
                                                        "Node Type": "Hash",
                                                        "Parent Relationship": "Inner",
                                                        "Parallel Aware": true,
                                                        "Startup Cost": 43899.01,
                                                        "Total Cost": 43899.01,
                                                        "Plan Rows": 464242,
                                                        "Plan Width": 4,
                                                        "Actual Startup Time": 196.827,
                                                        "Actual Total Time": 196.828,
                                                        "Actual Rows": 266498,
                                                        "Actual Loops": 7,
                                                        "Output": [
                                                            "t.id"
                                                        ],
                                                        "Hash Buckets": 2097152,
                                                        "Original Hash Buckets": 2097152,
                                                        "Hash Batches": 1,
                                                        "Original Hash Batches": 1,
                                                        "Peak Memory Usage": 89472,
                                                        "Workers": [
                                                            {
                                                                "Worker Number": 0,
                                                                "Actual Startup Time": 198.382,
                                                                "Actual Total Time": 198.383,
                                                                "Actual Rows": 241720,
                                                                "Actual Loops": 1
                                                            },
                                                            {
                                                                "Worker Number": 1,
                                                                "Actual Startup Time": 198.414,
                                                                "Actual Total Time": 198.415,
                                                                "Actual Rows": 272034,
                                                                "Actual Loops": 1
                                                            },
                                                            {
                                                                "Worker Number": 2,
                                                                "Actual Startup Time": 198.371,
                                                                "Actual Total Time": 198.371,
                                                                "Actual Rows": 262461,
                                                                "Actual Loops": 1
                                                            },
                                                            {
                                                                "Worker Number": 3,
                                                                "Actual Startup Time": 198.425,
                                                                "Actual Total Time": 198.426,
                                                                "Actual Rows": 206373,
                                                                "Actual Loops": 1
                                                            },
                                                            {
                                                                "Worker Number": 4,
                                                                "Actual Startup Time": 198.393,
                                                                "Actual Total Time": 198.394,
                                                                "Actual Rows": 241101,
                                                                "Actual Loops": 1
                                                            },
                                                            {
                                                                "Worker Number": 5,
                                                                "Actual Startup Time": 198.398,
                                                                "Actual Total Time": 198.399,
                                                                "Actual Rows": 246668,
                                                                "Actual Loops": 1
                                                            }
                                                        ],
                                                        "Plans": [
                                                            {
                                                                "Node Type": "Seq Scan",
                                                                "Parent Relationship": "Outer",
                                                                "Parallel Aware": true,
                                                                "Relation Name": "title",
                                                                "Schema": "public",
                                                                "Alias": "t",
                                                                "Startup Cost": 0.0,
                                                                "Total Cost": 43899.01,
                                                                "Plan Rows": 464242,
                                                                "Plan Width": 4,
                                                                "Actual Startup Time": 0.068,
                                                                "Actual Total Time": 76.674,
                                                                "Actual Rows": 266498,
                                                                "Actual Loops": 7,
                                                                "Output": [
                                                                    "t.id"
                                                                ],
                                                                "Filter": "(t.kind_id > 1)",
                                                                "Rows Removed by Filter": 94689,
                                                                "Workers": [
                                                                    {
                                                                        "Worker Number": 0,
                                                                        "Actual Startup Time": 0.081,
                                                                        "Actual Total Time": 77.26,
                                                                        "Actual Rows": 241720,
                                                                        "Actual Loops": 1
                                                                    },
                                                                    {
                                                                        "Worker Number": 1,
                                                                        "Actual Startup Time": 0.078,
                                                                        "Actual Total Time": 79.737,
                                                                        "Actual Rows": 272034,
                                                                        "Actual Loops": 1
                                                                    },
                                                                    {
                                                                        "Worker Number": 2,
                                                                        "Actual Startup Time": 0.076,
                                                                        "Actual Total Time": 78.731,
                                                                        "Actual Rows": 262461,
                                                                        "Actual Loops": 1
                                                                    },
                                                                    {
                                                                        "Worker Number": 3,
                                                                        "Actual Startup Time": 0.068,
                                                                        "Actual Total Time": 81.985,
                                                                        "Actual Rows": 206373,
                                                                        "Actual Loops": 1
                                                                    },
                                                                    {
                                                                        "Worker Number": 4,
                                                                        "Actual Startup Time": 0.078,
                                                                        "Actual Total Time": 76.507,
                                                                        "Actual Rows": 241101,
                                                                        "Actual Loops": 1
                                                                    },
                                                                    {
                                                                        "Worker Number": 5,
                                                                        "Actual Startup Time": 0.079,
                                                                        "Actual Total Time": 77.423,
                                                                        "Actual Rows": 246668,
                                                                        "Actual Loops": 1
                                                                    }
                                                                ]
                                                            }
                                                        ]
                                                    }
                                                ]
                                            }
                                        ]
                                    }
                                ]
                            }
                        ]
                    }
                ]
            }
        ]
    },
    "Planning Time": 1.502,
    "Triggers": [],
    "Execution Time": 6055.8
}