{
  "Plan": {
    "Node Type": "Aggregate",
    "Strategy": "Plain",
    "Partial Mode": "Finalize",
    "Parallel Aware": false,
    "Startup Cost": 93457.88,
    "Total Cost": 93457.89,
    "Plan Rows": 1,
    "Plan Width": 8,
    "Actual Startup Time": 210.782,
    "Actual Total Time": 233.424,
    "Actual Rows": 1,
    "Actual Loops": 1,
    "Plans": [
      {
        "Node Type": "Gather",
        "Parent Relationship": "Outer",
        "Parallel Aware": false,
        "Startup Cost": 93457.77,
        "Total Cost": 93457.88,
        "Plan Rows": 1,
        "Plan Width": 8,
        "Actual Startup Time": 210.336,
        "Actual Total Time": 233.417,
        "Actual Rows": 2,
        "Actual Loops": 1,
        "Workers Planned": 1,
        "Workers Launched": 1,
        "Single Copy": false,
        "Plans": [
          {
            "Node Type": "Aggregate",
            "Strategy": "Plain",
            "Partial Mode": "Partial",
            "Parent Relationship": "Outer",
            "Parallel Aware": false,
            "Startup Cost": 92457.77,
            "Total Cost": 92457.78,
            "Plan Rows": 1,
            "Plan Width": 8,
            "Actual Startup Time": 204.06,
            "Actual Total Time": 204.063,
            "Actual Rows": 1,
            "Actual Loops": 2,
            "Plans": [
              {
                "Node Type": "Nested Loop",
                "Parent Relationship": "Outer",
                "Parallel Aware": false,
                "Join Type": "Inner",
                "Startup Cost": 55977.37,
                "Total Cost": 92456.56,
                "Plan Rows": 484,
                "Plan Width": 0,
                "Actual Startup Time": 158.872,
                "Actual Total Time": 204.033,
                "Actual Rows": 197,
                "Actual Loops": 2,
                "Inner Unique": false,
                "Plans": [
                  {
                    "Node Type": "Hash Join",
                    "Parent Relationship": "Outer",
                    "Parallel Aware": true,
                    "Join Type": "Inner",
                    "Startup Cost": 55976.8,
                    "Total Cost": 82018.21,
                    "Plan Rows": 714,
                    "Plan Width": 8,
                    "Actual Startup Time": 158.36,
                    "Actual Total Time": 175.563,
                    "Actual Rows": 198,
                    "Actual Loops": 2,
                    "Inner Unique": true,
                    "Hash Cond": "(mk.movie_id = t.id)",
                    "Plans": [
                      {
                        "Node Type": "Bitmap Heap Scan",
                        "Parent Relationship": "Outer",
                        "Parallel Aware": true,
                        "Relation Name": "movie_keyword",
                        "Alias": "mk",
                        "Startup Cost": 672.69,
                        "Total Cost": 26665.43,
                        "Plan Rows": 18539,
                        "Plan Width": 4,
                        "Actual Startup Time": 4.544,
                        "Actual Total Time": 18.227,
                        "Actual Rows": 14720,
                        "Actual Loops": 2,
                        "Recheck Cond": "(keyword_id = 359)",
                        "Rows Removed by Index Recheck": 0,
                        "Exact Heap Blocks": 9545,
                        "Lossy Heap Blocks": 0,
                        "Plans": [
                          {
                            "Node Type": "Bitmap Index Scan",
                            "Parent Relationship": "Outer",
                            "Parallel Aware": false,
                            "Index Name": "keyword_id_movie_keyword",
                            "Startup Cost": 0.0,
                            "Total Cost": 664.81,
                            "Plan Rows": 31517,
                            "Plan Width": 0,
                            "Actual Startup Time": 2.825,
                            "Actual Total Time": 2.826,
                            "Actual Rows": 29440,
                            "Actual Loops": 1,
                            "Index Cond": "(keyword_id = 359)"
                          }
                        ]
                      },
                      {
                        "Node Type": "Hash",
                        "Parent Relationship": "Inner",
                        "Parallel Aware": true,
                        "Startup Cost": 54588.39,
                        "Total Cost": 54588.39,
                        "Plan Rows": 57258,
                        "Plan Width": 4,
                        "Actual Startup Time": 151.11,
                        "Actual Total Time": 151.111,
                        "Actual Rows": 47502,
                        "Actual Loops": 2,
                        "Hash Buckets": 131072,
                        "Original Hash Buckets": 131072,
                        "Hash Batches": 1,
                        "Original Hash Batches": 1,
                        "Peak Memory Usage": 4768,
                        "Plans": [
                          {
                            "Node Type": "Seq Scan",
                            "Parent Relationship": "Outer",
                            "Parallel Aware": true,
                            "Relation Name": "title",
                            "Alias": "t",
                            "Startup Cost": 0.0,
                            "Total Cost": 54588.39,
                            "Plan Rows": 57258,
                            "Plan Width": 4,
                            "Actual Startup Time": 0.043,
                            "Actual Total Time": 137.763,
                            "Actual Rows": 47502,
                            "Actual Loops": 2,
                            "Filter": "(production_year = 2005)",
                            "Rows Removed by Filter": 1216654
                          }
                        ]
                      }
                    ]
                  },
                  {
                    "Node Type": "Index Scan",
                    "Parent Relationship": "Inner",
                    "Parallel Aware": false,
                    "Scan Direction": "Forward",
                    "Index Name": "movie_id_cast_info",
                    "Relation Name": "cast_info",
                    "Alias": "ci",
                    "Startup Cost": 0.56,
                    "Total Cost": 14.6,
                    "Plan Rows": 2,
                    "Plan Width": 4,
                    "Actual Startup Time": 0.107,
                    "Actual Total Time": 0.143,
                    "Actual Rows": 1,
                    "Actual Loops": 397,
                    "Index Cond": "(movie_id = t.id)",
                    "Rows Removed by Index Recheck": 0,
                    "Filter": "(role_id = 8)",
                    "Rows Removed by Filter": 54
                  }
                ]
              }
            ]
          }
        ]
      }
    ]
  },
  "Planning Time": 0.935,
  "Triggers": [],
  "Execution Time": 233.527
}