{
    "Plan": {
        "Node Type": "Aggregate",
        "Strategy": "Plain",
        "Partial Mode": "Simple",
        "Parallel Aware": false,
        "Startup Cost": 70071011872.94,
        "Total Cost": 70071011872.95,
        "Plan Rows": 1,
        "Plan Width": 128,
        "Actual Startup Time": 17822.594,
        "Actual Total Time": 17822.617,
        "Actual Rows": 1,
        "Actual Loops": 1,
        "Output": [
            "min(chn.name)",
            "min(mi_idx.info)",
            "min(n.name)",
            "min(t.title)"
        ],
        "Plans": [
            {
                "Node Type": "Nested Loop",
                "Parent Relationship": "Outer",
                "Parallel Aware": false,
                "Join Type": "Inner",
                "Startup Cost": 70071011856.82,
                "Total Cost": 70071011872.93,
                "Plan Rows": 1,
                "Plan Width": 53,
                "Actual Startup Time": 17438.118,
                "Actual Total Time": 17821.613,
                "Actual Rows": 2784,
                "Actual Loops": 1,
                "Output": [
                    "chn.name",
                    "mi_idx.info",
                    "n.name",
                    "t.title"
                ],
                "Inner Unique": true,
                "Plans": [
                    {
                        "Node Type": "Merge Join",
                        "Parent Relationship": "Outer",
                        "Parallel Aware": false,
                        "Join Type": "Inner",
                        "Startup Cost": 60071011856.38,
                        "Total Cost": 60071011868.47,
                        "Plan Rows": 1,
                        "Plan Width": 41,
                        "Actual Startup Time": 17437.81,
                        "Actual Total Time": 17476.165,
                        "Actual Rows": 99810,
                        "Actual Loops": 1,
                        "Output": [
                            "ci.person_role_id",
                            "mi_idx.info",
                            "n.name",
                            "t.title"
                        ],
                        "Inner Unique": false,
                        "Merge Cond": "(cct2.id = cc.status_id)",
                        "Plans": [
                            {
                                "Node Type": "Index Scan",
                                "Parent Relationship": "Outer",
                                "Parallel Aware": false,
                                "Scan Direction": "Forward",
                                "Index Name": "comp_cast_type_pkey",
                                "Relation Name": "comp_cast_type",
                                "Schema": "public",
                                "Alias": "cct2",
                                "Startup Cost": 0.13,
                                "Total Cost": 12.2,
                                "Plan Rows": 1,
                                "Plan Width": 4,
                                "Actual Startup Time": 0.011,
                                "Actual Total Time": 0.019,
                                "Actual Rows": 2,
                                "Actual Loops": 1,
                                "Output": [
                                    "cct2.id",
                                    "cct2.kind"
                                ],
                                "Filter": "((cct2.kind)::text ~~ '%complete%'::text)",
                                "Rows Removed by Filter": 2
                            },
                            {
                                "Node Type": "Sort",
                                "Parent Relationship": "Inner",
                                "Parallel Aware": false,
                                "Startup Cost": 60071011856.25,
                                "Total Cost": 60071011856.26,
                                "Plan Rows": 1,
                                "Plan Width": 45,
                                "Actual Startup Time": 17437.792,
                                "Actual Total Time": 17455.178,
                                "Actual Rows": 99810,
                                "Actual Loops": 1,
                                "Output": [
                                    "cc.status_id",
                                    "ci.person_role_id",
                                    "mi_idx.info",
                                    "n.name",
                                    "t.title"
                                ],
                                "Sort Key": [
                                    "cc.status_id"
                                ],
                                "Sort Method": "quicksort",
                                "Sort Space Used": 12010,
                                "Sort Space Type": "Memory",
                                "Plans": [
                                    {
                                        "Node Type": "Hash Join",
                                        "Parent Relationship": "Outer",
                                        "Parallel Aware": false,
                                        "Join Type": "Inner",
                                        "Startup Cost": 60001156636.98,
                                        "Total Cost": 60071011856.24,
                                        "Plan Rows": 1,
                                        "Plan Width": 45,
                                        "Actual Startup Time": 10053.402,
                                        "Actual Total Time": 17414.509,
                                        "Actual Rows": 99810,
                                        "Actual Loops": 1,
                                        "Output": [
                                            "cc.status_id",
                                            "ci.person_role_id",
                                            "mi_idx.info",
                                            "n.name",
                                            "t.title"
                                        ],
                                        "Inner Unique": false,
                                        "Hash Cond": "(cc.subject_id = cct1.id)",
                                        "Plans": [
                                            {
                                                "Node Type": "Hash Join",
                                                "Parent Relationship": "Outer",
                                                "Parallel Aware": false,
                                                "Join Type": "Inner",
                                                "Startup Cost": 50001156635.92,
                                                "Total Cost": 50071011855.16,
                                                "Plan Rows": 1,
                                                "Plan Width": 49,
                                                "Actual Startup Time": 10053.373,
                                                "Actual Total Time": 17397.676,
                                                "Actual Rows": 125538,
                                                "Actual Loops": 1,
                                                "Output": [
                                                    "cc.subject_id",
                                                    "cc.status_id",
                                                    "ci.person_role_id",
                                                    "mi_idx.info",
                                                    "n.name",
                                                    "t.title"
                                                ],
                                                "Inner Unique": false,
                                                "Hash Cond": "(ci.movie_id = t.id)",
                                                "Plans": [
                                                    {
                                                        "Node Type": "Hash Join",
                                                        "Parent Relationship": "Outer",
                                                        "Parallel Aware": false,
                                                        "Join Type": "Inner",
                                                        "Startup Cost": 10001068374.46,
                                                        "Total Cost": 10070787645.65,
                                                        "Plan Rows": 36252776,
                                                        "Plan Width": 23,
                                                        "Actual Startup Time": 9391.176,
                                                        "Actual Total Time": 14618.254,
                                                        "Actual Rows": 36244344,
                                                        "Actual Loops": 1,
                                                        "Output": [
                                                            "ci.movie_id",
                                                            "ci.person_role_id",
                                                            "n.name"
                                                        ],
                                                        "Inner Unique": false,
                                                        "Hash Cond": "(n.id = ci.person_id)",
                                                        "Plans": [
                                                            {
                                                                "Node Type": "Seq Scan",
                                                                "Parent Relationship": "Outer",
                                                                "Parallel Aware": false,
                                                                "Relation Name": "name",
                                                                "Schema": "public",
                                                                "Alias": "n",
                                                                "Startup Cost": 0.0,
                                                                "Total Cost": 97288.49,
                                                                "Plan Rows": 4167549,
                                                                "Plan Width": 19,
                                                                "Actual Startup Time": 0.019,
                                                                "Actual Total Time": 448.684,
                                                                "Actual Rows": 4167491,
                                                                "Actual Loops": 1,
                                                                "Output": [
                                                                    "n.id",
                                                                    "n.name",
                                                                    "n.imdb_index",
                                                                    "n.imdb_id",
                                                                    "n.gender",
                                                                    "n.name_pcode_cf",
                                                                    "n.name_pcode_nf",
                                                                    "n.surname_pcode",
                                                                    "n.md5sum"
                                                                ]
                                                            },
                                                            {
                                                                "Node Type": "Hash",
                                                                "Parent Relationship": "Inner",
                                                                "Parallel Aware": false,
                                                                "Startup Cost": 10000615214.76,
                                                                "Total Cost": 10000615214.76,
                                                                "Plan Rows": 36252776,
                                                                "Plan Width": 12,
                                                                "Actual Startup Time": 9311.748,
                                                                "Actual Total Time": 9311.75,
                                                                "Actual Rows": 36244344,
                                                                "Actual Loops": 1,
                                                                "Output": [
                                                                    "ci.movie_id",
                                                                    "ci.person_role_id",
                                                                    "ci.person_id"
                                                                ],
                                                                "Hash Buckets": 67108864,
                                                                "Original Hash Buckets": 67108864,
                                                                "Hash Batches": 1,
                                                                "Original Hash Batches": 1,
                                                                "Peak Memory Usage": 2008722,
                                                                "Plans": [
                                                                    {
                                                                        "Node Type": "Seq Scan",
                                                                        "Parent Relationship": "Outer",
                                                                        "Parallel Aware": false,
                                                                        "Relation Name": "cast_info",
                                                                        "Schema": "public",
                                                                        "Alias": "ci",
                                                                        "Startup Cost": 10000000000.0,
                                                                        "Total Cost": 10000615214.76,
                                                                        "Plan Rows": 36252776,
                                                                        "Plan Width": 12,
                                                                        "Actual Startup Time": 0.024,
                                                                        "Actual Total Time": 4185.691,
                                                                        "Actual Rows": 36244344,
                                                                        "Actual Loops": 1,
                                                                        "Output": [
                                                                            "ci.movie_id",
                                                                            "ci.person_role_id",
                                                                            "ci.person_id"
                                                                        ]
                                                                    }
                                                                ]
                                                            }
                                                        ]
                                                    },
                                                    {
                                                        "Node Type": "Hash",
                                                        "Parent Relationship": "Inner",
                                                        "Parallel Aware": false,
                                                        "Startup Cost": 40000088261.45,
                                                        "Total Cost": 40000088261.45,
                                                        "Plan Rows": 1,
                                                        "Plan Width": 46,
                                                        "Actual Startup Time": 661.945,
                                                        "Actual Total Time": 661.96,
                                                        "Actual Rows": 751,
                                                        "Actual Loops": 1,
                                                        "Output": [
                                                            "cc.movie_id",
                                                            "cc.subject_id",
                                                            "cc.status_id",
                                                            "mi_idx.info",
                                                            "mi_idx.movie_id",
                                                            "mk.movie_id",
                                                            "t.title",
                                                            "t.id"
                                                        ],
                                                        "Hash Buckets": 1024,
                                                        "Original Hash Buckets": 1024,
                                                        "Hash Batches": 1,
                                                        "Original Hash Batches": 1,
                                                        "Peak Memory Usage": 66,
                                                        "Plans": [
                                                            {
                                                                "Node Type": "Nested Loop",
                                                                "Parent Relationship": "Outer",
                                                                "Parallel Aware": false,
                                                                "Join Type": "Inner",
                                                                "Startup Cost": 40000029654.93,
                                                                "Total Cost": 40000088261.45,
                                                                "Plan Rows": 1,
                                                                "Plan Width": 46,
                                                                "Actual Startup Time": 505.838,
                                                                "Actual Total Time": 661.601,
                                                                "Actual Rows": 751,
                                                                "Actual Loops": 1,
                                                                "Output": [
                                                                    "cc.movie_id",
                                                                    "cc.subject_id",
                                                                    "cc.status_id",
                                                                    "mi_idx.info",
                                                                    "mi_idx.movie_id",
                                                                    "mk.movie_id",
                                                                    "t.title",
                                                                    "t.id"
                                                                ],
                                                                "Inner Unique": true,
                                                                "Plans": [
                                                                    {
                                                                        "Node Type": "Merge Join",
                                                                        "Parent Relationship": "Outer",
                                                                        "Parallel Aware": false,
                                                                        "Join Type": "Inner",
                                                                        "Startup Cost": 30000029654.78,
                                                                        "Total Cost": 30000088199.12,
                                                                        "Plan Rows": 14,
                                                                        "Plan Width": 50,
                                                                        "Actual Startup Time": 505.668,
                                                                        "Actual Total Time": 657.019,
                                                                        "Actual Rows": 1148,
                                                                        "Actual Loops": 1,
                                                                        "Output": [
                                                                            "cc.movie_id",
                                                                            "cc.subject_id",
                                                                            "cc.status_id",
                                                                            "mi_idx.info",
                                                                            "mi_idx.movie_id",
                                                                            "mi_idx.info_type_id",
                                                                            "mk.movie_id",
                                                                            "t.title",
                                                                            "t.id"
                                                                        ],
                                                                        "Inner Unique": false,
                                                                        "Merge Cond": "(cc.movie_id = t.id)",
                                                                        "Plans": [
                                                                            {
                                                                                "Node Type": "Sort",
                                                                                "Parent Relationship": "Outer",
                                                                                "Parallel Aware": false,
                                                                                "Startup Cost": 13593.56,
                                                                                "Total Cost": 13931.28,
                                                                                "Plan Rows": 135086,
                                                                                "Plan Width": 12,
                                                                                "Actual Startup Time": 36.195,
                                                                                "Actual Total Time": 42.681,
                                                                                "Actual Rows": 132405,
                                                                                "Actual Loops": 1,
                                                                                "Output": [
                                                                                    "cc.movie_id",
                                                                                    "cc.subject_id",
                                                                                    "cc.status_id"
                                                                                ],
                                                                                "Sort Key": [
                                                                                    "cc.movie_id"
                                                                                ],
                                                                                "Sort Method": "quicksort",
                                                                                "Sort Space Used": 12477,
                                                                                "Sort Space Type": "Memory",
                                                                                "Plans": [
                                                                                    {
                                                                                        "Node Type": "Seq Scan",
                                                                                        "Parent Relationship": "Outer",
                                                                                        "Parallel Aware": false,
                                                                                        "Relation Name": "complete_cast",
                                                                                        "Schema": "public",
                                                                                        "Alias": "cc",
                                                                                        "Startup Cost": 0.0,
                                                                                        "Total Cost": 2081.86,
                                                                                        "Plan Rows": 135086,
                                                                                        "Plan Width": 12,
                                                                                        "Actual Startup Time": 0.016,
                                                                                        "Actual Total Time": 12.387,
                                                                                        "Actual Rows": 135086,
                                                                                        "Actual Loops": 1,
                                                                                        "Output": [
                                                                                            "cc.movie_id",
                                                                                            "cc.subject_id",
                                                                                            "cc.status_id"
                                                                                        ]
                                                                                    }
                                                                                ]
                                                                            },
                                                                            {
                                                                                "Node Type": "Materialize",
                                                                                "Parent Relationship": "Inner",
                                                                                "Parallel Aware": false,
                                                                                "Startup Cost": 30000016061.21,
                                                                                "Total Cost": 30000073930.25,
                                                                                "Plan Rows": 10,
                                                                                "Plan Width": 38,
                                                                                "Actual Startup Time": 463.243,
                                                                                "Actual Total Time": 606.711,
                                                                                "Actual Rows": 3166,
                                                                                "Actual Loops": 1,
                                                                                "Output": [
                                                                                    "mk.movie_id",
                                                                                    "mi_idx.info",
                                                                                    "mi_idx.movie_id",
                                                                                    "mi_idx.info_type_id",
                                                                                    "t.title",
                                                                                    "t.id"
                                                                                ],
                                                                                "Plans": [
                                                                                    {
                                                                                        "Node Type": "Nested Loop",
                                                                                        "Parent Relationship": "Outer",
                                                                                        "Parallel Aware": false,
                                                                                        "Join Type": "Inner",
                                                                                        "Startup Cost": 30000016061.21,
                                                                                        "Total Cost": 30000073930.22,
                                                                                        "Plan Rows": 10,
                                                                                        "Plan Width": 38,
                                                                                        "Actual Startup Time": 463.238,
                                                                                        "Actual Total Time": 605.327,
                                                                                        "Actual Rows": 2965,
                                                                                        "Actual Loops": 1,
                                                                                        "Output": [
                                                                                            "mk.movie_id",
                                                                                            "mi_idx.info",
                                                                                            "mi_idx.movie_id",
                                                                                            "mi_idx.info_type_id",
                                                                                            "t.title",
                                                                                            "t.id"
                                                                                        ],
                                                                                        "Inner Unique": true,
                                                                                        "Plans": [
                                                                                            {
                                                                                                "Node Type": "Merge Join",
                                                                                                "Parent Relationship": "Outer",
                                                                                                "Parallel Aware": false,
                                                                                                "Join Type": "Inner",
                                                                                                "Startup Cost": 20000016061.07,
                                                                                                "Total Cost": 20000073626.79,
                                                                                                "Plan Rows": 73,
                                                                                                "Plan Width": 42,
                                                                                                "Actual Startup Time": 378.441,
                                                                                                "Actual Total Time": 585.812,
                                                                                                "Actual Rows": 5088,
                                                                                                "Actual Loops": 1,
                                                                                                "Output": [
                                                                                                    "mk.movie_id",
                                                                                                    "mi_idx.info",
                                                                                                    "mi_idx.movie_id",
                                                                                                    "mi_idx.info_type_id",
                                                                                                    "t.title",
                                                                                                    "t.kind_id",
                                                                                                    "t.id"
                                                                                                ],
                                                                                                "Inner Unique": false,
                                                                                                "Merge Cond": "(mi_idx.movie_id = t.id)",
                                                                                                "Plans": [
                                                                                                    {
                                                                                                        "Node Type": "Index Scan",
                                                                                                        "Parent Relationship": "Outer",
                                                                                                        "Parallel Aware": false,
                                                                                                        "Scan Direction": "Forward",
                                                                                                        "Index Name": "movie_id_movie_info_idx",
                                                                                                        "Relation Name": "movie_info_idx",
                                                                                                        "Schema": "public",
                                                                                                        "Alias": "mi_idx",
                                                                                                        "Startup Cost": 0.43,
                                                                                                        "Total Cost": 57080.9,
                                                                                                        "Plan Rows": 194028,
                                                                                                        "Plan Width": 13,
                                                                                                        "Actual Startup Time": 0.031,
                                                                                                        "Actual Total Time": 192.833,
                                                                                                        "Actual Rows": 192835,
                                                                                                        "Actual Loops": 1,
                                                                                                        "Output": [
                                                                                                            "mi_idx.id",
                                                                                                            "mi_idx.movie_id",
                                                                                                            "mi_idx.info_type_id",
                                                                                                            "mi_idx.info",
                                                                                                            "mi_idx.note"
                                                                                                        ],
                                                                                                        "Filter": "(mi_idx.info > '7.0'::text)",
                                                                                                        "Rows Removed by Filter": 1187173
                                                                                                    },
                                                                                                    {
                                                                                                        "Node Type": "Sort",
                                                                                                        "Parent Relationship": "Inner",
                                                                                                        "Parallel Aware": false,
                                                                                                        "Startup Cost": 20000016059.75,
                                                                                                        "Total Cost": 20000016060.21,
                                                                                                        "Plan Rows": 184,
                                                                                                        "Plan Width": 29,
                                                                                                        "Actual Startup Time": 378.133,
                                                                                                        "Actual Total Time": 380.08,
                                                                                                        "Actual Rows": 19712,
                                                                                                        "Actual Loops": 1,
                                                                                                        "Output": [
                                                                                                            "mk.movie_id",
                                                                                                            "t.title",
                                                                                                            "t.kind_id",
                                                                                                            "t.id"
                                                                                                        ],
                                                                                                        "Sort Key": [
                                                                                                            "mk.movie_id"
                                                                                                        ],
                                                                                                        "Sort Method": "quicksort",
                                                                                                        "Sort Space Used": 2368,
                                                                                                        "Sort Space Type": "Memory",
                                                                                                        "Plans": [
                                                                                                            {
                                                                                                                "Node Type": "Nested Loop",
                                                                                                                "Parent Relationship": "Outer",
                                                                                                                "Parallel Aware": false,
                                                                                                                "Join Type": "Inner",
                                                                                                                "Startup Cost": 20000000011.2,
                                                                                                                "Total Cost": 20000016052.83,
                                                                                                                "Plan Rows": 184,
                                                                                                                "Plan Width": 29,
                                                                                                                "Actual Startup Time": 0.874,
                                                                                                                "Actual Total Time": 369.64,
                                                                                                                "Actual Rows": 19251,
                                                                                                                "Actual Loops": 1,
                                                                                                                "Output": [
                                                                                                                    "mk.movie_id",
                                                                                                                    "t.title",
                                                                                                                    "t.kind_id",
                                                                                                                    "t.id"
                                                                                                                ],
                                                                                                                "Inner Unique": true,
                                                                                                                "Plans": [
                                                                                                                    {
                                                                                                                        "Node Type": "Nested Loop",
                                                                                                                        "Parent Relationship": "Outer",
                                                                                                                        "Parallel Aware": false,
                                                                                                                        "Join Type": "Inner",
                                                                                                                        "Startup Cost": 10000000010.76,
                                                                                                                        "Total Cost": 10000014549.57,
                                                                                                                        "Plan Rows": 337,
                                                                                                                        "Plan Width": 4,
                                                                                                                        "Actual Startup Time": 0.855,
                                                                                                                        "Actual Total Time": 98.365,
                                                                                                                        "Actual Rows": 47741,
                                                                                                                        "Actual Loops": 1,
                                                                                                                        "Output": [
                                                                                                                            "mk.movie_id"
                                                                                                                        ],
                                                                                                                        "Inner Unique": false,
                                                                                                                        "Plans": [
                                                                                                                            {
                                                                                                                                "Node Type": "Seq Scan",
                                                                                                                                "Parent Relationship": "Outer",
                                                                                                                                "Parallel Aware": false,
                                                                                                                                "Relation Name": "keyword",
                                                                                                                                "Schema": "public",
                                                                                                                                "Alias": "k",
                                                                                                                                "Startup Cost": 0.0,
                                                                                                                                "Total Cost": 3967.82,
                                                                                                                                "Plan Rows": 10,
                                                                                                                                "Plan Width": 4,
                                                                                                                                "Actual Startup Time": 0.053,
                                                                                                                                "Actual Total Time": 24.928,
                                                                                                                                "Actual Rows": 8,
                                                                                                                                "Actual Loops": 1,
                                                                                                                                "Output": [
                                                                                                                                    "k.id",
                                                                                                                                    "k.keyword",
                                                                                                                                    "k.phonetic_code"
                                                                                                                                ],
                                                                                                                                "Filter": "(k.keyword = ANY ('{tv-special,violence,murder-in-title,martial-arts,violence,death,second-part,web,sequel,revenge}'::text[]))",
                                                                                                                                "Rows Removed by Filter": 134162
                                                                                                                            },
                                                                                                                            {
                                                                                                                                "Node Type": "Bitmap Heap Scan",
                                                                                                                                "Parent Relationship": "Inner",
                                                                                                                                "Parallel Aware": false,
                                                                                                                                "Relation Name": "movie_keyword",
                                                                                                                                "Schema": "public",
                                                                                                                                "Alias": "mk",
                                                                                                                                "Startup Cost": 10.76,
                                                                                                                                "Total Cost": 1055.17,
                                                                                                                                "Plan Rows": 300,
                                                                                                                                "Plan Width": 8,
                                                                                                                                "Actual Startup Time": 1.109,
                                                                                                                                "Actual Total Time": 8.38,
                                                                                                                                "Actual Rows": 5968,
                                                                                                                                "Actual Loops": 8,
                                                                                                                                "Output": [
                                                                                                                                    "mk.id",
                                                                                                                                    "mk.movie_id",
                                                                                                                                    "mk.keyword_id"
                                                                                                                                ],
                                                                                                                                "Recheck Cond": "(mk.keyword_id = k.id)",
                                                                                                                                "Rows Removed by Index Recheck": 0,
                                                                                                                                "Exact Heap Blocks": 33440,
                                                                                                                                "Lossy Heap Blocks": 0,
                                                                                                                                "Plans": [
                                                                                                                                    {
                                                                                                                                        "Node Type": "Bitmap Index Scan",
                                                                                                                                        "Parent Relationship": "Outer",
                                                                                                                                        "Parallel Aware": false,
                                                                                                                                        "Index Name": "keyword_id_movie_keyword",
                                                                                                                                        "Startup Cost": 0.0,
                                                                                                                                        "Total Cost": 10.68,
                                                                                                                                        "Plan Rows": 300,
                                                                                                                                        "Plan Width": 0,
                                                                                                                                        "Actual Startup Time": 0.661,
                                                                                                                                        "Actual Total Time": 0.661,
                                                                                                                                        "Actual Rows": 5968,
                                                                                                                                        "Actual Loops": 8,
                                                                                                                                        "Index Cond": "(mk.keyword_id = k.id)"
                                                                                                                                    }
                                                                                                                                ]
                                                                                                                            }
                                                                                                                        ]
                                                                                                                    },
                                                                                                                    {
                                                                                                                        "Node Type": "Bitmap Heap Scan",
                                                                                                                        "Parent Relationship": "Inner",
                                                                                                                        "Parallel Aware": false,
                                                                                                                        "Relation Name": "title",
                                                                                                                        "Schema": "public",
                                                                                                                        "Alias": "t",
                                                                                                                        "Startup Cost": 0.45,
                                                                                                                        "Total Cost": 4.46,
                                                                                                                        "Plan Rows": 1,
                                                                                                                        "Plan Width": 25,
                                                                                                                        "Actual Startup Time": 0.004,
                                                                                                                        "Actual Total Time": 0.004,
                                                                                                                        "Actual Rows": 0,
                                                                                                                        "Actual Loops": 47741,
                                                                                                                        "Output": [
                                                                                                                            "t.id",
                                                                                                                            "t.title",
                                                                                                                            "t.imdb_index",
                                                                                                                            "t.kind_id",
                                                                                                                            "t.production_year",
                                                                                                                            "t.imdb_id",
                                                                                                                            "t.phonetic_code",
                                                                                                                            "t.episode_of_id",
                                                                                                                            "t.season_nr",
                                                                                                                            "t.episode_nr",
                                                                                                                            "t.series_years",
                                                                                                                            "t.md5sum"
                                                                                                                        ],
                                                                                                                        "Recheck Cond": "(t.id = mk.movie_id)",
                                                                                                                        "Rows Removed by Index Recheck": 0,
                                                                                                                        "Filter": "(t.production_year > 2000)",
                                                                                                                        "Rows Removed by Filter": 1,
                                                                                                                        "Exact Heap Blocks": 47741,
                                                                                                                        "Lossy Heap Blocks": 0,
                                                                                                                        "Plans": [
                                                                                                                            {
                                                                                                                                "Node Type": "Bitmap Index Scan",
                                                                                                                                "Parent Relationship": "Outer",
                                                                                                                                "Parallel Aware": false,
                                                                                                                                "Index Name": "title_pkey",
                                                                                                                                "Startup Cost": 0.0,
                                                                                                                                "Total Cost": 0.45,
                                                                                                                                "Plan Rows": 1,
                                                                                                                                "Plan Width": 0,
                                                                                                                                "Actual Startup Time": 0.002,
                                                                                                                                "Actual Total Time": 0.002,
                                                                                                                                "Actual Rows": 1,
                                                                                                                                "Actual Loops": 47741,
                                                                                                                                "Index Cond": "(t.id = mk.movie_id)"
                                                                                                                            }
                                                                                                                        ]
                                                                                                                    }
                                                                                                                ]
                                                                                                            }
                                                                                                        ]
                                                                                                    }
                                                                                                ]
                                                                                            },
                                                                                            {
                                                                                                "Node Type": "Bitmap Heap Scan",
                                                                                                "Parent Relationship": "Inner",
                                                                                                "Parallel Aware": false,
                                                                                                "Relation Name": "kind_type",
                                                                                                "Schema": "public",
                                                                                                "Alias": "kt",
                                                                                                "Startup Cost": 0.14,
                                                                                                "Total Cost": 4.16,
                                                                                                "Plan Rows": 1,
                                                                                                "Plan Width": 4,
                                                                                                "Actual Startup Time": 0.002,
                                                                                                "Actual Total Time": 0.002,
                                                                                                "Actual Rows": 1,
                                                                                                "Actual Loops": 5088,
                                                                                                "Output": [
                                                                                                    "kt.id",
                                                                                                    "kt.kind"
                                                                                                ],
                                                                                                "Recheck Cond": "(kt.id = t.kind_id)",
                                                                                                "Rows Removed by Index Recheck": 0,
                                                                                                "Filter": "((kt.kind)::text = 'movie'::text)",
                                                                                                "Rows Removed by Filter": 0,
                                                                                                "Exact Heap Blocks": 5088,
                                                                                                "Lossy Heap Blocks": 0,
                                                                                                "Plans": [
                                                                                                    {
                                                                                                        "Node Type": "Bitmap Index Scan",
                                                                                                        "Parent Relationship": "Outer",
                                                                                                        "Parallel Aware": false,
                                                                                                        "Index Name": "kind_type_pkey",
                                                                                                        "Startup Cost": 0.0,
                                                                                                        "Total Cost": 0.14,
                                                                                                        "Plan Rows": 1,
                                                                                                        "Plan Width": 0,
                                                                                                        "Actual Startup Time": 0.001,
                                                                                                        "Actual Total Time": 0.001,
                                                                                                        "Actual Rows": 1,
                                                                                                        "Actual Loops": 5088,
                                                                                                        "Index Cond": "(kt.id = t.kind_id)"
                                                                                                    }
                                                                                                ]
                                                                                            }
                                                                                        ]
                                                                                    }
                                                                                ]
                                                                            }
                                                                        ]
                                                                    },
                                                                    {
                                                                        "Node Type": "Bitmap Heap Scan",
                                                                        "Parent Relationship": "Inner",
                                                                        "Parallel Aware": false,
                                                                        "Relation Name": "info_type",
                                                                        "Schema": "public",
                                                                        "Alias": "it2",
                                                                        "Startup Cost": 0.15,
                                                                        "Total Cost": 4.17,
                                                                        "Plan Rows": 1,
                                                                        "Plan Width": 4,
                                                                        "Actual Startup Time": 0.002,
                                                                        "Actual Total Time": 0.002,
                                                                        "Actual Rows": 1,
                                                                        "Actual Loops": 1148,
                                                                        "Output": [
                                                                            "it2.id",
                                                                            "it2.info"
                                                                        ],
                                                                        "Recheck Cond": "(it2.id = mi_idx.info_type_id)",
                                                                        "Rows Removed by Index Recheck": 0,
                                                                        "Filter": "((it2.info)::text = 'rating'::text)",
                                                                        "Rows Removed by Filter": 0,
                                                                        "Exact Heap Blocks": 1148,
                                                                        "Lossy Heap Blocks": 0,
                                                                        "Plans": [
                                                                            {
                                                                                "Node Type": "Bitmap Index Scan",
                                                                                "Parent Relationship": "Outer",
                                                                                "Parallel Aware": false,
                                                                                "Index Name": "info_type_pkey",
                                                                                "Startup Cost": 0.0,
                                                                                "Total Cost": 0.15,
                                                                                "Plan Rows": 1,
                                                                                "Plan Width": 0,
                                                                                "Actual Startup Time": 0.001,
                                                                                "Actual Total Time": 0.001,
                                                                                "Actual Rows": 1,
                                                                                "Actual Loops": 1148,
                                                                                "Index Cond": "(it2.id = mi_idx.info_type_id)"
                                                                            }
                                                                        ]
                                                                    }
                                                                ]
                                                            }
                                                        ]
                                                    }
                                                ]
                                            },
                                            {
                                                "Node Type": "Hash",
                                                "Parent Relationship": "Inner",
                                                "Parallel Aware": false,
                                                "Startup Cost": 10000000001.05,
                                                "Total Cost": 10000000001.05,
                                                "Plan Rows": 1,
                                                "Plan Width": 4,
                                                "Actual Startup Time": 0.012,
                                                "Actual Total Time": 0.013,
                                                "Actual Rows": 1,
                                                "Actual Loops": 1,
                                                "Output": [
                                                    "cct1.id"
                                                ],
                                                "Hash Buckets": 1024,
                                                "Original Hash Buckets": 1024,
                                                "Hash Batches": 1,
                                                "Original Hash Batches": 1,
                                                "Peak Memory Usage": 9,
                                                "Plans": [
                                                    {
                                                        "Node Type": "Seq Scan",
                                                        "Parent Relationship": "Outer",
                                                        "Parallel Aware": false,
                                                        "Relation Name": "comp_cast_type",
                                                        "Schema": "public",
                                                        "Alias": "cct1",
                                                        "Startup Cost": 10000000000.0,
                                                        "Total Cost": 10000000001.05,
                                                        "Plan Rows": 1,
                                                        "Plan Width": 4,
                                                        "Actual Startup Time": 0.008,
                                                        "Actual Total Time": 0.009,
                                                        "Actual Rows": 1,
                                                        "Actual Loops": 1,
                                                        "Output": [
                                                            "cct1.id"
                                                        ],
                                                        "Filter": "((cct1.kind)::text = 'cast'::text)",
                                                        "Rows Removed by Filter": 3
                                                    }
                                                ]
                                            }
                                        ]
                                    }
                                ]
                            }
                        ]
                    },
                    {
                        "Node Type": "Bitmap Heap Scan",
                        "Parent Relationship": "Inner",
                        "Parallel Aware": false,
                        "Relation Name": "char_name",
                        "Schema": "public",
                        "Alias": "chn",
                        "Startup Cost": 0.44,
                        "Total Cost": 4.46,
                        "Plan Rows": 1,
                        "Plan Width": 20,
                        "Actual Startup Time": 0.002,
                        "Actual Total Time": 0.002,
                        "Actual Rows": 0,
                        "Actual Loops": 99810,
                        "Output": [
                            "chn.id",
                            "chn.name",
                            "chn.imdb_index",
                            "chn.imdb_id",
                            "chn.name_pcode_nf",
                            "chn.surname_pcode",
                            "chn.md5sum"
                        ],
                        "Recheck Cond": "(chn.id = ci.person_role_id)",
                        "Rows Removed by Index Recheck": 0,
                        "Filter": "((chn.name IS NOT NULL) AND ((chn.name ~~ '%man%'::text) OR (chn.name ~~ '%Man%'::text)))",
                        "Rows Removed by Filter": 0,
                        "Exact Heap Blocks": 38183,
                        "Lossy Heap Blocks": 0,
                        "Plans": [
                            {
                                "Node Type": "Bitmap Index Scan",
                                "Parent Relationship": "Outer",
                                "Parallel Aware": false,
                                "Index Name": "char_name_pkey",
                                "Startup Cost": 0.0,
                                "Total Cost": 0.44,
                                "Plan Rows": 1,
                                "Plan Width": 0,
                                "Actual Startup Time": 0.001,
                                "Actual Total Time": 0.001,
                                "Actual Rows": 0,
                                "Actual Loops": 99810,
                                "Index Cond": "(chn.id = ci.person_role_id)"
                            }
                        ]
                    }
                ]
            }
        ]
    },
    "Planning Time": 40.87,
    "Triggers": [],
    "Execution Time": 17836.057
}