{
  "Plan": {
    "Node Type": "Aggregate",
    "Strategy": "Plain",
    "Partial Mode": "Finalize",
    "Parallel Aware": false,
    "Startup Cost": 313078.54,
    "Total Cost": 313078.55,
    "Plan Rows": 1,
    "Plan Width": 8,
    "Actual Startup Time": 1517.128,
    "Actual Total Time": 1591.715,
    "Actual Rows": 1,
    "Actual Loops": 1,
    "Plans": [
      {
        "Node Type": "Gather",
        "Parent Relationship": "Outer",
        "Parallel Aware": false,
        "Startup Cost": 313078.43,
        "Total Cost": 313078.54,
        "Plan Rows": 1,
        "Plan Width": 8,
        "Actual Startup Time": 1516.636,
        "Actual Total Time": 1591.705,
        "Actual Rows": 2,
        "Actual Loops": 1,
        "Workers Planned": 1,
        "Workers Launched": 1,
        "Single Copy": false,
        "Plans": [
          {
            "Node Type": "Aggregate",
            "Strategy": "Plain",
            "Partial Mode": "Partial",
            "Parent Relationship": "Outer",
            "Parallel Aware": false,
            "Startup Cost": 312078.43,
            "Total Cost": 312078.44,
            "Plan Rows": 1,
            "Plan Width": 8,
            "Actual Startup Time": 1510.554,
            "Actual Total Time": 1510.558,
            "Actual Rows": 1,
            "Actual Loops": 2,
            "Plans": [
              {
                "Node Type": "Nested Loop",
                "Parent Relationship": "Outer",
                "Parallel Aware": false,
                "Join Type": "Inner",
                "Startup Cost": 59005.05,
                "Total Cost": 310491.57,
                "Plan Rows": 634742,
                "Plan Width": 0,
                "Actual Startup Time": 176.282,
                "Actual Total Time": 1463.313,
                "Actual Rows": 862546,
                "Actual Loops": 2,
                "Inner Unique": false,
                "Join Filter": "(t.id = ci.movie_id)",
                "Rows Removed by Join Filter": 0,
                "Plans": [
                  {
                    "Node Type": "Hash Join",
                    "Parent Relationship": "Outer",
                    "Parallel Aware": true,
                    "Join Type": "Inner",
                    "Startup Cost": 59004.48,
                    "Total Cost": 117055.32,
                    "Plan Rows": 99918,
                    "Plan Width": 8,
                    "Actual Startup Time": 176.191,
                    "Actual Total Time": 550.095,
                    "Actual Rows": 43544,
                    "Actual Loops": 2,
                    "Inner Unique": true,
                    "Hash Cond": "(mk.movie_id = t.id)",
                    "Plans": [
                      {
                        "Node Type": "Seq Scan",
                        "Parent Relationship": "Outer",
                        "Parallel Aware": true,
                        "Relation Name": "movie_keyword",
                        "Alias": "mk",
                        "Startup Cost": 0.0,
                        "Total Cost": 51065.35,
                        "Plan Rows": 2661135,
                        "Plan Width": 4,
                        "Actual Startup Time": 0.015,
                        "Actual Total Time": 170.721,
                        "Actual Rows": 2261965,
                        "Actual Loops": 2
                      },
                      {
                        "Node Type": "Hash",
                        "Parent Relationship": "Inner",
                        "Parallel Aware": true,
                        "Startup Cost": 58306.47,
                        "Total Cost": 58306.47,
                        "Plan Rows": 55841,
                        "Plan Width": 4,
                        "Actual Startup Time": 173.733,
                        "Actual Total Time": 173.734,
                        "Actual Rows": 50296,
                        "Actual Loops": 2,
                        "Hash Buckets": 131072,
                        "Original Hash Buckets": 131072,
                        "Hash Batches": 1,
                        "Original Hash Batches": 1,
                        "Peak Memory Usage": 4992,
                        "Plans": [
                          {
                            "Node Type": "Seq Scan",
                            "Parent Relationship": "Outer",
                            "Parallel Aware": true,
                            "Relation Name": "title",
                            "Alias": "t",
                            "Startup Cost": 0.0,
                            "Total Cost": 58306.47,
                            "Plan Rows": 55841,
                            "Plan Width": 4,
                            "Actual Startup Time": 0.039,
                            "Actual Total Time": 158.923,
                            "Actual Rows": 50296,
                            "Actual Loops": 2,
                            "Filter": "((kind_id > 1) AND (production_year = 2009))",
                            "Rows Removed by Filter": 1213860
                          }
                        ]
                      }
                    ]
                  },
                  {
                    "Node Type": "Index Scan",
                    "Parent Relationship": "Inner",
                    "Parallel Aware": false,
                    "Scan Direction": "Forward",
                    "Index Name": "movie_id_cast_info",
                    "Relation Name": "cast_info",
                    "Alias": "ci",
                    "Startup Cost": 0.56,
                    "Total Cost": 1.74,
                    "Plan Rows": 16,
                    "Plan Width": 4,
                    "Actual Startup Time": 0.01,
                    "Actual Total Time": 0.019,
                    "Actual Rows": 20,
                    "Actual Loops": 87088,
                    "Index Cond": "(movie_id = mk.movie_id)",
                    "Rows Removed by Index Recheck": 0,
                    "Filter": "((person_id > 74411) AND (role_id > 2))",
                    "Rows Removed by Filter": 16
                  }
                ]
              }
            ]
          }
        ]
      }
    ]
  },
  "Planning Time": 1.022,
  "Triggers": [],
  "Execution Time": 1591.824
}