{
  "Plan": {
    "Node Type": "Aggregate",
    "Strategy": "Plain",
    "Partial Mode": "Finalize",
    "Parallel Aware": false,
    "Startup Cost": 476829.0,
    "Total Cost": 476829.01,
    "Plan Rows": 1,
    "Plan Width": 8,
    "Actual Startup Time": 2257.046,
    "Actual Total Time": 2295.773,
    "Actual Rows": 1,
    "Actual Loops": 1,
    "Plans": [
      {
        "Node Type": "Gather",
        "Parent Relationship": "Outer",
        "Parallel Aware": false,
        "Startup Cost": 476828.88,
        "Total Cost": 476828.99,
        "Plan Rows": 1,
        "Plan Width": 8,
        "Actual Startup Time": 2252.65,
        "Actual Total Time": 2295.765,
        "Actual Rows": 2,
        "Actual Loops": 1,
        "Workers Planned": 1,
        "Workers Launched": 1,
        "Single Copy": false,
        "Plans": [
          {
            "Node Type": "Aggregate",
            "Strategy": "Plain",
            "Partial Mode": "Partial",
            "Parent Relationship": "Outer",
            "Parallel Aware": false,
            "Startup Cost": 475828.88,
            "Total Cost": 475828.89,
            "Plan Rows": 1,
            "Plan Width": 8,
            "Actual Startup Time": 2239.537,
            "Actual Total Time": 2239.541,
            "Actual Rows": 1,
            "Actual Loops": 2,
            "Plans": [
              {
                "Node Type": "Hash Join",
                "Parent Relationship": "Outer",
                "Parallel Aware": true,
                "Join Type": "Inner",
                "Startup Cost": 69461.26,
                "Total Cost": 473199.38,
                "Plan Rows": 1051802,
                "Plan Width": 0,
                "Actual Startup Time": 519.918,
                "Actual Total Time": 2158.628,
                "Actual Rows": 1939365,
                "Actual Loops": 2,
                "Inner Unique": true,
                "Hash Cond": "(ci.movie_id = t.id)",
                "Plans": [
                  {
                    "Node Type": "Index Scan",
                    "Parent Relationship": "Outer",
                    "Parallel Aware": true,
                    "Scan Direction": "Forward",
                    "Index Name": "role_id_cast_info",
                    "Relation Name": "cast_info",
                    "Alias": "ci",
                    "Startup Cost": 0.56,
                    "Total Cost": 400977.7,
                    "Plan Rows": 1051802,
                    "Plan Width": 4,
                    "Actual Startup Time": 0.057,
                    "Actual Total Time": 847.261,
                    "Actual Rows": 1939365,
                    "Actual Loops": 2,
                    "Index Cond": "(role_id = 1)",
                    "Rows Removed by Index Recheck": 0,
                    "Filter": "(person_id < 517940)",
                    "Rows Removed by Filter": 4395979
                  },
                  {
                    "Node Type": "Hash",
                    "Parent Relationship": "Inner",
                    "Parallel Aware": true,
                    "Startup Cost": 50870.31,
                    "Total Cost": 50870.31,
                    "Plan Rows": 1487231,
                    "Plan Width": 4,
                    "Actual Startup Time": 497.779,
                    "Actual Total Time": 497.78,
                    "Actual Rows": 1264156,
                    "Actual Loops": 2,
                    "Hash Buckets": 4194304,
                    "Original Hash Buckets": 4194304,
                    "Hash Batches": 1,
                    "Original Hash Batches": 1,
                    "Peak Memory Usage": 131712,
                    "Plans": [
                      {
                        "Node Type": "Seq Scan",
                        "Parent Relationship": "Outer",
                        "Parallel Aware": true,
                        "Relation Name": "title",
                        "Alias": "t",
                        "Startup Cost": 0.0,
                        "Total Cost": 50870.31,
                        "Plan Rows": 1487231,
                        "Plan Width": 4,
                        "Actual Startup Time": 0.019,
                        "Actual Total Time": 151.561,
                        "Actual Rows": 1264156,
                        "Actual Loops": 2
                      }
                    ]
                  }
                ]
              }
            ]
          }
        ]
      }
    ]
  },
  "Planning Time": 0.721,
  "Triggers": [],
  "Execution Time": 2295.849
}