[
    {
        "Bao": {
            "Bao prediction": 1163.769,
            "Bao recommended hint": "SET enable_nestloop TO off; "
        }
    },
    {
        "Plan": {
            "Node Type": "Aggregate",
            "Strategy": "Plain",
            "Partial Mode": "Finalize",
            "Parallel Aware": false,
            "Startup Cost": 581771.27,
            "Total Cost": 581771.28,
            "Plan Rows": 1,
            "Plan Width": 8,
            "Actual Startup Time": 2136.122,
            "Actual Total Time": 2188.144,
            "Actual Rows": 1,
            "Actual Loops": 1,
            "Output": [
                "count(*)"
            ],
            "Plans": [
                {
                    "Node Type": "Gather",
                    "Parent Relationship": "Outer",
                    "Parallel Aware": false,
                    "Startup Cost": 581770.65,
                    "Total Cost": 581771.26,
                    "Plan Rows": 6,
                    "Plan Width": 8,
                    "Actual Startup Time": 2135.417,
                    "Actual Total Time": 2188.132,
                    "Actual Rows": 7,
                    "Actual Loops": 1,
                    "Output": [
                        "(PARTIAL count(*))"
                    ],
                    "Workers Planned": 6,
                    "Workers Launched": 6,
                    "Single Copy": false,
                    "Plans": [
                        {
                            "Node Type": "Aggregate",
                            "Strategy": "Plain",
                            "Partial Mode": "Partial",
                            "Parent Relationship": "Outer",
                            "Parallel Aware": false,
                            "Startup Cost": 580770.65,
                            "Total Cost": 580770.66,
                            "Plan Rows": 1,
                            "Plan Width": 8,
                            "Actual Startup Time": 2124.563,
                            "Actual Total Time": 2124.568,
                            "Actual Rows": 1,
                            "Actual Loops": 7,
                            "Output": [
                                "PARTIAL count(*)"
                            ],
                            "Workers": [
                                {
                                    "Worker Number": 0,
                                    "Actual Startup Time": 2119.935,
                                    "Actual Total Time": 2119.94,
                                    "Actual Rows": 1,
                                    "Actual Loops": 1
                                },
                                {
                                    "Worker Number": 1,
                                    "Actual Startup Time": 2123.68,
                                    "Actual Total Time": 2123.686,
                                    "Actual Rows": 1,
                                    "Actual Loops": 1
                                },
                                {
                                    "Worker Number": 2,
                                    "Actual Startup Time": 2120.017,
                                    "Actual Total Time": 2120.022,
                                    "Actual Rows": 1,
                                    "Actual Loops": 1
                                },
                                {
                                    "Worker Number": 3,
                                    "Actual Startup Time": 2124.233,
                                    "Actual Total Time": 2124.238,
                                    "Actual Rows": 1,
                                    "Actual Loops": 1
                                },
                                {
                                    "Worker Number": 4,
                                    "Actual Startup Time": 2124.74,
                                    "Actual Total Time": 2124.745,
                                    "Actual Rows": 1,
                                    "Actual Loops": 1
                                },
                                {
                                    "Worker Number": 5,
                                    "Actual Startup Time": 2124.848,
                                    "Actual Total Time": 2124.852,
                                    "Actual Rows": 1,
                                    "Actual Loops": 1
                                }
                            ],
                            "Plans": [
                                {
                                    "Node Type": "Hash Join",
                                    "Parent Relationship": "Outer",
                                    "Parallel Aware": true,
                                    "Join Type": "Inner",
                                    "Startup Cost": 244789.48,
                                    "Total Cost": 580651.26,
                                    "Plan Rows": 47754,
                                    "Plan Width": 0,
                                    "Actual Startup Time": 768.319,
                                    "Actual Total Time": 2112.932,
                                    "Actual Rows": 185434,
                                    "Actual Loops": 7,
                                    "Inner Unique": false,
                                    "Hash Cond": "(ci.movie_id = t.id)",
                                    "Workers": [
                                        {
                                            "Worker Number": 0,
                                            "Actual Startup Time": 763.451,
                                            "Actual Total Time": 2108.684,
                                            "Actual Rows": 167269,
                                            "Actual Loops": 1
                                        },
                                        {
                                            "Worker Number": 1,
                                            "Actual Startup Time": 767.409,
                                            "Actual Total Time": 2113.0,
                                            "Actual Rows": 194905,
                                            "Actual Loops": 1
                                        },
                                        {
                                            "Worker Number": 2,
                                            "Actual Startup Time": 763.658,
                                            "Actual Total Time": 2108.519,
                                            "Actual Rows": 171533,
                                            "Actual Loops": 1
                                        },
                                        {
                                            "Worker Number": 3,
                                            "Actual Startup Time": 768.22,
                                            "Actual Total Time": 2113.062,
                                            "Actual Rows": 199974,
                                            "Actual Loops": 1
                                        },
                                        {
                                            "Worker Number": 4,
                                            "Actual Startup Time": 768.266,
                                            "Actual Total Time": 2113.141,
                                            "Actual Rows": 172925,
                                            "Actual Loops": 1
                                        },
                                        {
                                            "Worker Number": 5,
                                            "Actual Startup Time": 768.998,
                                            "Actual Total Time": 2113.183,
                                            "Actual Rows": 174056,
                                            "Actual Loops": 1
                                        }
                                    ],
                                    "Plans": [
                                        {
                                            "Node Type": "Seq Scan",
                                            "Parent Relationship": "Outer",
                                            "Parallel Aware": true,
                                            "Relation Name": "cast_info",
                                            "Schema": "public",
                                            "Alias": "ci",
                                            "Startup Cost": 0.0,
                                            "Total Cost": 313108.29,
                                            "Plan Rows": 6042129,
                                            "Plan Width": 4,
                                            "Actual Startup Time": 0.025,
                                            "Actual Total Time": 625.361,
                                            "Actual Rows": 5177763,
                                            "Actual Loops": 7,
                                            "Output": [
                                                "ci.id",
                                                "ci.person_id",
                                                "ci.movie_id",
                                                "ci.person_role_id",
                                                "ci.note",
                                                "ci.nr_order",
                                                "ci.role_id"
                                            ],
                                            "Workers": [
                                                {
                                                    "Worker Number": 0,
                                                    "Actual Startup Time": 0.027,
                                                    "Actual Total Time": 630.712,
                                                    "Actual Rows": 4692685,
                                                    "Actual Loops": 1
                                                },
                                                {
                                                    "Worker Number": 1,
                                                    "Actual Startup Time": 0.029,
                                                    "Actual Total Time": 642.757,
                                                    "Actual Rows": 5817634,
                                                    "Actual Loops": 1
                                                },
                                                {
                                                    "Worker Number": 2,
                                                    "Actual Startup Time": 0.025,
                                                    "Actual Total Time": 635.416,
                                                    "Actual Rows": 4681589,
                                                    "Actual Loops": 1
                                                },
                                                {
                                                    "Worker Number": 3,
                                                    "Actual Startup Time": 0.028,
                                                    "Actual Total Time": 644.237,
                                                    "Actual Rows": 5690665,
                                                    "Actual Loops": 1
                                                },
                                                {
                                                    "Worker Number": 4,
                                                    "Actual Startup Time": 0.027,
                                                    "Actual Total Time": 626.896,
                                                    "Actual Rows": 4656620,
                                                    "Actual Loops": 1
                                                },
                                                {
                                                    "Worker Number": 5,
                                                    "Actual Startup Time": 0.031,
                                                    "Actual Total Time": 631.654,
                                                    "Actual Rows": 4707685,
                                                    "Actual Loops": 1
                                                }
                                            ]
                                        },
                                        {
                                            "Node Type": "Hash",
                                            "Parent Relationship": "Inner",
                                            "Parallel Aware": true,
                                            "Startup Cost": 244739.53,
                                            "Total Cost": 244739.53,
                                            "Plan Rows": 3996,
                                            "Plan Width": 8,
                                            "Actual Startup Time": 766.373,
                                            "Actual Total Time": 766.376,
                                            "Actual Rows": 6781,
                                            "Actual Loops": 7,
                                            "Output": [
                                                "t.id",
                                                "mi.movie_id"
                                            ],
                                            "Hash Buckets": 65536,
                                            "Original Hash Buckets": 32768,
                                            "Hash Batches": 1,
                                            "Original Hash Batches": 1,
                                            "Peak Memory Usage": 2752,
                                            "Workers": [
                                                {
                                                    "Worker Number": 0,
                                                    "Actual Startup Time": 761.98,
                                                    "Actual Total Time": 761.984,
                                                    "Actual Rows": 6199,
                                                    "Actual Loops": 1
                                                },
                                                {
                                                    "Worker Number": 1,
                                                    "Actual Startup Time": 766.106,
                                                    "Actual Total Time": 766.11,
                                                    "Actual Rows": 7075,
                                                    "Actual Loops": 1
                                                },
                                                {
                                                    "Worker Number": 2,
                                                    "Actual Startup Time": 762.13,
                                                    "Actual Total Time": 762.134,
                                                    "Actual Rows": 6000,
                                                    "Actual Loops": 1
                                                },
                                                {
                                                    "Worker Number": 3,
                                                    "Actual Startup Time": 766.664,
                                                    "Actual Total Time": 766.668,
                                                    "Actual Rows": 7057,
                                                    "Actual Loops": 1
                                                },
                                                {
                                                    "Worker Number": 4,
                                                    "Actual Startup Time": 767.126,
                                                    "Actual Total Time": 767.129,
                                                    "Actual Rows": 5974,
                                                    "Actual Loops": 1
                                                },
                                                {
                                                    "Worker Number": 5,
                                                    "Actual Startup Time": 767.379,
                                                    "Actual Total Time": 767.382,
                                                    "Actual Rows": 6020,
                                                    "Actual Loops": 1
                                                }
                                            ],
                                            "Plans": [
                                                {
                                                    "Node Type": "Hash Join",
                                                    "Parent Relationship": "Outer",
                                                    "Parallel Aware": true,
                                                    "Join Type": "Inner",
                                                    "Startup Cost": 45489.91,
                                                    "Total Cost": 244739.53,
                                                    "Plan Rows": 3996,
                                                    "Plan Width": 8,
                                                    "Actual Startup Time": 98.476,
                                                    "Actual Total Time": 726.29,
                                                    "Actual Rows": 6781,
                                                    "Actual Loops": 7,
                                                    "Output": [
                                                        "t.id",
                                                        "mi.movie_id"
                                                    ],
                                                    "Inner Unique": true,
                                                    "Hash Cond": "(mi.movie_id = t.id)",
                                                    "Workers": [
                                                        {
                                                            "Worker Number": 0,
                                                            "Actual Startup Time": 94.12,
                                                            "Actual Total Time": 730.007,
                                                            "Actual Rows": 6199,
                                                            "Actual Loops": 1
                                                        },
                                                        {
                                                            "Worker Number": 1,
                                                            "Actual Startup Time": 98.187,
                                                            "Actual Total Time": 761.373,
                                                            "Actual Rows": 7075,
                                                            "Actual Loops": 1
                                                        },
                                                        {
                                                            "Worker Number": 2,
                                                            "Actual Startup Time": 94.313,
                                                            "Actual Total Time": 697.317,
                                                            "Actual Rows": 6000,
                                                            "Actual Loops": 1
                                                        },
                                                        {
                                                            "Worker Number": 3,
                                                            "Actual Startup Time": 98.715,
                                                            "Actual Total Time": 758.24,
                                                            "Actual Rows": 7057,
                                                            "Actual Loops": 1
                                                        },
                                                        {
                                                            "Worker Number": 4,
                                                            "Actual Startup Time": 99.21,
                                                            "Actual Total Time": 692.625,
                                                            "Actual Rows": 5974,
                                                            "Actual Loops": 1
                                                        },
                                                        {
                                                            "Worker Number": 5,
                                                            "Actual Startup Time": 99.512,
                                                            "Actual Total Time": 693.963,
                                                            "Actual Rows": 6020,
                                                            "Actual Loops": 1
                                                        }
                                                    ],
                                                    "Plans": [
                                                        {
                                                            "Node Type": "Seq Scan",
                                                            "Parent Relationship": "Outer",
                                                            "Parallel Aware": true,
                                                            "Relation Name": "movie_info",
                                                            "Schema": "public",
                                                            "Alias": "mi",
                                                            "Startup Cost": 0.0,
                                                            "Total Cost": 191503.19,
                                                            "Plan Rows": 2951019,
                                                            "Plan Width": 4,
                                                            "Actual Startup Time": 0.029,
                                                            "Actual Total Time": 353.278,
                                                            "Actual Rows": 2119389,
                                                            "Actual Loops": 7,
                                                            "Output": [
                                                                "mi.id",
                                                                "mi.movie_id",
                                                                "mi.info_type_id",
                                                                "mi.info",
                                                                "mi.note"
                                                            ],
                                                            "Workers": [
                                                                {
                                                                    "Worker Number": 0,
                                                                    "Actual Startup Time": 0.035,
                                                                    "Actual Total Time": 365.161,
                                                                    "Actual Rows": 1955267,
                                                                    "Actual Loops": 1
                                                                },
                                                                {
                                                                    "Worker Number": 1,
                                                                    "Actual Startup Time": 0.034,
                                                                    "Actual Total Time": 383.624,
                                                                    "Actual Rows": 2162497,
                                                                    "Actual Loops": 1
                                                                },
                                                                {
                                                                    "Worker Number": 2,
                                                                    "Actual Startup Time": 0.036,
                                                                    "Actual Total Time": 350.073,
                                                                    "Actual Rows": 1850784,
                                                                    "Actual Loops": 1
                                                                },
                                                                {
                                                                    "Worker Number": 3,
                                                                    "Actual Startup Time": 0.025,
                                                                    "Actual Total Time": 381.935,
                                                                    "Actual Rows": 2175194,
                                                                    "Actual Loops": 1
                                                                },
                                                                {
                                                                    "Worker Number": 4,
                                                                    "Actual Startup Time": 0.031,
                                                                    "Actual Total Time": 345.506,
                                                                    "Actual Rows": 1895480,
                                                                    "Actual Loops": 1
                                                                },
                                                                {
                                                                    "Worker Number": 5,
                                                                    "Actual Startup Time": 0.031,
                                                                    "Actual Total Time": 346.609,
                                                                    "Actual Rows": 1895419,
                                                                    "Actual Loops": 1
                                                                }
                                                            ]
                                                        },
                                                        {
                                                            "Node Type": "Hash",
                                                            "Parent Relationship": "Inner",
                                                            "Parallel Aware": true,
                                                            "Startup Cost": 45479.21,
                                                            "Total Cost": 45479.21,
                                                            "Plan Rows": 856,
                                                            "Plan Width": 4,
                                                            "Actual Startup Time": 89.199,
                                                            "Actual Total Time": 89.2,
                                                            "Actual Rows": 615,
                                                            "Actual Loops": 7,
                                                            "Output": [
                                                                "t.id"
                                                            ],
                                                            "Hash Buckets": 4096,
                                                            "Original Hash Buckets": 4096,
                                                            "Hash Batches": 1,
                                                            "Original Hash Batches": 1,
                                                            "Peak Memory Usage": 288,
                                                            "Workers": [
                                                                {
                                                                    "Worker Number": 0,
                                                                    "Actual Startup Time": 84.831,
                                                                    "Actual Total Time": 84.832,
                                                                    "Actual Rows": 376,
                                                                    "Actual Loops": 1
                                                                },
                                                                {
                                                                    "Worker Number": 1,
                                                                    "Actual Startup Time": 88.966,
                                                                    "Actual Total Time": 88.967,
                                                                    "Actual Rows": 562,
                                                                    "Actual Loops": 1
                                                                },
                                                                {
                                                                    "Worker Number": 2,
                                                                    "Actual Startup Time": 84.853,
                                                                    "Actual Total Time": 84.854,
                                                                    "Actual Rows": 375,
                                                                    "Actual Loops": 1
                                                                },
                                                                {
                                                                    "Worker Number": 3,
                                                                    "Actual Startup Time": 89.576,
                                                                    "Actual Total Time": 89.578,
                                                                    "Actual Rows": 568,
                                                                    "Actual Loops": 1
                                                                },
                                                                {
                                                                    "Worker Number": 4,
                                                                    "Actual Startup Time": 89.978,
                                                                    "Actual Total Time": 89.979,
                                                                    "Actual Rows": 639,
                                                                    "Actual Loops": 1
                                                                },
                                                                {
                                                                    "Worker Number": 5,
                                                                    "Actual Startup Time": 90.067,
                                                                    "Actual Total Time": 90.068,
                                                                    "Actual Rows": 622,
                                                                    "Actual Loops": 1
                                                                }
                                                            ],
                                                            "Plans": [
                                                                {
                                                                    "Node Type": "Seq Scan",
                                                                    "Parent Relationship": "Outer",
                                                                    "Parallel Aware": true,
                                                                    "Relation Name": "title",
                                                                    "Schema": "public",
                                                                    "Alias": "t",
                                                                    "Startup Cost": 0.0,
                                                                    "Total Cost": 45479.21,
                                                                    "Plan Rows": 856,
                                                                    "Plan Width": 4,
                                                                    "Actual Startup Time": 57.544,
                                                                    "Actual Total Time": 88.699,
                                                                    "Actual Rows": 615,
                                                                    "Actual Loops": 7,
                                                                    "Output": [
                                                                        "t.id"
                                                                    ],
                                                                    "Filter": "((t.kind_id = 1) AND (t.production_year = 1969))",
                                                                    "Rows Removed by Filter": 360573,
                                                                    "Workers": [
                                                                        {
                                                                            "Worker Number": 0,
                                                                            "Actual Startup Time": 54.66,
                                                                            "Actual Total Time": 84.427,
                                                                            "Actual Rows": 376,
                                                                            "Actual Loops": 1
                                                                        },
                                                                        {
                                                                            "Worker Number": 1,
                                                                            "Actual Startup Time": 58.794,
                                                                            "Actual Total Time": 88.437,
                                                                            "Actual Rows": 562,
                                                                            "Actual Loops": 1
                                                                        },
                                                                        {
                                                                            "Worker Number": 2,
                                                                            "Actual Startup Time": 54.627,
                                                                            "Actual Total Time": 84.292,
                                                                            "Actual Rows": 375,
                                                                            "Actual Loops": 1
                                                                        },
                                                                        {
                                                                            "Worker Number": 3,
                                                                            "Actual Startup Time": 59.311,
                                                                            "Actual Total Time": 89.019,
                                                                            "Actual Rows": 568,
                                                                            "Actual Loops": 1
                                                                        },
                                                                        {
                                                                            "Worker Number": 4,
                                                                            "Actual Startup Time": 59.883,
                                                                            "Actual Total Time": 89.489,
                                                                            "Actual Rows": 639,
                                                                            "Actual Loops": 1
                                                                        },
                                                                        {
                                                                            "Worker Number": 5,
                                                                            "Actual Startup Time": 54.435,
                                                                            "Actual Total Time": 89.597,
                                                                            "Actual Rows": 622,
                                                                            "Actual Loops": 1
                                                                        }
                                                                    ]
                                                                }
                                                            ]
                                                        }
                                                    ]
                                                }
                                            ]
                                        }
                                    ]
                                }
                            ]
                        }
                    ]
                }
            ]
        },
        "Planning Time": 963.695,
        "Triggers": [],
        "Execution Time": 2188.275
    }
]