[
  {
    "Plan": {
      "Node Type": "Aggregate",
      "Strategy": "Plain",
      "Partial Mode": "Simple",
      "Parallel Aware": false,
      "Startup Cost": 3467.25,
      "Total Cost": 3467.26,
      "Plan Rows": 1,
      "Plan Width": 8,
      "Actual Startup Time": 1.145,
      "Actual Total Time": 1.148,
      "Actual Rows": 1,
      "Actual Loops": 1,
      "Plans": [
        {
          "Node Type": "Nested Loop",
          "Parent Relationship": "Outer",
          "Parallel Aware": false,
          "Join Type": "Inner",
          "Startup Cost": 7.23,
          "Total Cost": 3465.43,
          "Plan Rows": 725,
          "Plan Width": 0,
          "Actual Startup Time": 0.141,
          "Actual Total Time": 1.122,
          "Actual Rows": 115,
          "Actual Loops": 1,
          "Inner Unique": false,
          "Plans": [
            {
              "Node Type": "Nested Loop",
              "Parent Relationship": "Outer",
              "Parallel Aware": false,
              "Join Type": "Inner",
              "Startup Cost": 6.79,
              "Total Cost": 3017.98,
              "Plan Rows": 249,
              "Plan Width": 8,
              "Actual Startup Time": 0.118,
              "Actual Total Time": 0.344,
              "Actual Rows": 10,
              "Actual Loops": 1,
              "Inner Unique": true,
              "Plans": [
                {
                  "Node Type": "Bitmap Heap Scan",
                  "Parent Relationship": "Outer",
                  "Parallel Aware": false,
                  "Relation Name": "movie_keyword",
                  "Alias": "mk",
                  "Startup Cost": 6.36,
                  "Total Cost": 926.55,
                  "Plan Rows": 249,
                  "Plan Width": 4,
                  "Actual Startup Time": 0.038,
                  "Actual Total Time": 0.073,
                  "Actual Rows": 10,
                  "Actual Loops": 1,
                  "Recheck Cond": "(keyword_id = 38952)",
                  "Rows Removed by Index Recheck": 0,
                  "Exact Heap Blocks": 9,
                  "Lossy Heap Blocks": 0,
                  "Plans": [
                    {
                      "Node Type": "Bitmap Index Scan",
                      "Parent Relationship": "Outer",
                      "Parallel Aware": false,
                      "Index Name": "keyword_id_movie_keyword",
                      "Startup Cost": 0.0,
                      "Total Cost": 6.3,
                      "Plan Rows": 249,
                      "Plan Width": 0,
                      "Actual Startup Time": 0.027,
                      "Actual Total Time": 0.027,
                      "Actual Rows": 10,
                      "Actual Loops": 1,
                      "Index Cond": "(keyword_id = 38952)"
                    }
                  ]
                },
                {
                  "Node Type": "Index Only Scan",
                  "Parent Relationship": "Inner",
                  "Parallel Aware": false,
                  "Scan Direction": "Forward",
                  "Index Name": "title_pkey",
                  "Relation Name": "title",
                  "Alias": "t",
                  "Startup Cost": 0.43,
                  "Total Cost": 8.4,
                  "Plan Rows": 1,
                  "Plan Width": 4,
                  "Actual Startup Time": 0.025,
                  "Actual Total Time": 0.025,
                  "Actual Rows": 1,
                  "Actual Loops": 10,
                  "Index Cond": "(id = mk.movie_id)",
                  "Rows Removed by Index Recheck": 0,
                  "Heap Fetches": 10
                }
              ]
            },
            {
              "Node Type": "Index Scan",
              "Parent Relationship": "Inner",
              "Parallel Aware": false,
              "Scan Direction": "Forward",
              "Index Name": "movie_id_movie_info",
              "Relation Name": "movie_info",
              "Alias": "mi",
              "Startup Cost": 0.43,
              "Total Cost": 1.6,
              "Plan Rows": 20,
              "Plan Width": 4,
              "Actual Startup Time": 0.016,
              "Actual Total Time": 0.074,
              "Actual Rows": 12,
              "Actual Loops": 10,
              "Index Cond": "(movie_id = t.id)",
              "Rows Removed by Index Recheck": 0,
              "Filter": "(info_type_id < 8)",
              "Rows Removed by Filter": 27
            }
          ]
        }
      ]
    },
    "Planning Time": 1.162,
    "Triggers": [],
    "Execution Time": 1.222
  }
]