[
  {
    "Plan": {
      "Node Type": "Aggregate",
      "Strategy": "Plain",
      "Partial Mode": "Finalize",
      "Parallel Aware": false,
      "Startup Cost": 33297.08,
      "Total Cost": 33297.09,
      "Plan Rows": 1,
      "Plan Width": 8,
      "Actual Startup Time": 105.73,
      "Actual Total Time": 113.512,
      "Actual Rows": 1,
      "Actual Loops": 1,
      "Plans": [
        {
          "Node Type": "Gather",
          "Parent Relationship": "Outer",
          "Parallel Aware": false,
          "Startup Cost": 33296.76,
          "Total Cost": 33297.07,
          "Plan Rows": 3,
          "Plan Width": 8,
          "Actual Startup Time": 105.62,
          "Actual Total Time": 113.503,
          "Actual Rows": 4,
          "Actual Loops": 1,
          "Workers Planned": 3,
          "Workers Launched": 3,
          "Single Copy": false,
          "Plans": [
            {
              "Node Type": "Aggregate",
              "Strategy": "Plain",
              "Partial Mode": "Partial",
              "Parent Relationship": "Outer",
              "Parallel Aware": false,
              "Startup Cost": 32296.76,
              "Total Cost": 32296.77,
              "Plan Rows": 1,
              "Plan Width": 8,
              "Actual Startup Time": 97.079,
              "Actual Total Time": 97.08,
              "Actual Rows": 1,
              "Actual Loops": 4,
              "Plans": [
                {
                  "Node Type": "Seq Scan",
                  "Parent Relationship": "Outer",
                  "Parallel Aware": true,
                  "Relation Name": "movie_companies",
                  "Alias": "mc",
                  "Startup Cost": 0.0,
                  "Total Cost": 31414.82,
                  "Plan Rows": 352778,
                  "Plan Width": 0,
                  "Actual Startup Time": 50.545,
                  "Actual Total Time": 87.735,
                  "Actual Rows": 218230,
                  "Actual Loops": 4,
                  "Filter": "((company_id < 76458) AND (company_type_id > 1))",
                  "Rows Removed by Filter": 434052
                }
              ]
            }
          ]
        }
      ]
    },
    "Planning Time": 0.211,
    "Triggers": [],
    "Execution Time": 113.569
  }
]