[
  {
    "Plan": {
      "Node Type": "Aggregate",
      "Strategy": "Plain",
      "Partial Mode": "Finalize",
      "Parallel Aware": false,
      "Startup Cost": 623409.5,
      "Total Cost": 623409.51,
      "Plan Rows": 1,
      "Plan Width": 8,
      "Actual Startup Time": 3667.29,
      "Actual Total Time": 3752.868,
      "Actual Rows": 1,
      "Actual Loops": 1,
      "Plans": [
        {
          "Node Type": "Gather",
          "Parent Relationship": "Outer",
          "Parallel Aware": false,
          "Startup Cost": 623408.98,
          "Total Cost": 623409.49,
          "Plan Rows": 5,
          "Plan Width": 8,
          "Actual Startup Time": 3652.309,
          "Actual Total Time": 3752.856,
          "Actual Rows": 6,
          "Actual Loops": 1,
          "Workers Planned": 5,
          "Workers Launched": 5,
          "Single Copy": false,
          "Plans": [
            {
              "Node Type": "Aggregate",
              "Strategy": "Plain",
              "Partial Mode": "Partial",
              "Parent Relationship": "Outer",
              "Parallel Aware": false,
              "Startup Cost": 622408.98,
              "Total Cost": 622408.99,
              "Plan Rows": 1,
              "Plan Width": 8,
              "Actual Startup Time": 3632.295,
              "Actual Total Time": 3632.377,
              "Actual Rows": 1,
              "Actual Loops": 6,
              "Plans": [
                {
                  "Node Type": "Hash Join",
                  "Parent Relationship": "Outer",
                  "Parallel Aware": true,
                  "Join Type": "Inner",
                  "Startup Cost": 403500.19,
                  "Total Cost": 612652.55,
                  "Plan Rows": 3902571,
                  "Plan Width": 0,
                  "Actual Startup Time": 1229.924,
                  "Actual Total Time": 3210.649,
                  "Actual Rows": 10928127,
                  "Actual Loops": 6,
                  "Inner Unique": false,
                  "Hash Cond": "(mi.movie_id = t.id)",
                  "Plans": [
                    {
                      "Node Type": "Seq Scan",
                      "Parent Relationship": "Outer",
                      "Parallel Aware": true,
                      "Relation Name": "movie_info",
                      "Alias": "mi",
                      "Startup Cost": 0.0,
                      "Total Cost": 191560.33,
                      "Plan Rows": 2956733,
                      "Plan Width": 4,
                      "Actual Startup Time": 0.024,
                      "Actual Total Time": 272.776,
                      "Actual Rows": 2472620,
                      "Actual Loops": 6
                    },
                    {
                      "Node Type": "Hash",
                      "Parent Relationship": "Inner",
                      "Parallel Aware": true,
                      "Startup Cost": 396547.96,
                      "Total Cost": 396547.96,
                      "Plan Rows": 556179,
                      "Plan Width": 8,
                      "Actual Startup Time": 1220.924,
                      "Actual Total Time": 1221.004,
                      "Actual Rows": 429531,
                      "Actual Loops": 6,
                      "Hash Buckets": 4194304,
                      "Original Hash Buckets": 4194304,
                      "Hash Batches": 1,
                      "Original Hash Batches": 1,
                      "Peak Memory Usage": 133664,
                      "Plans": [
                        {
                          "Node Type": "Hash Join",
                          "Parent Relationship": "Outer",
                          "Parallel Aware": true,
                          "Join Type": "Inner",
                          "Startup Cost": 47456.02,
                          "Total Cost": 396547.96,
                          "Plan Rows": 556179,
                          "Plan Width": 8,
                          "Actual Startup Time": 430.579,
                          "Actual Total Time": 1061.569,
                          "Actual Rows": 429531,
                          "Actual Loops": 6,
                          "Inner Unique": true,
                          "Hash Cond": "(ci.movie_id = t.id)",
                          "Plans": [
                            {
                              "Node Type": "Seq Scan",
                              "Parent Relationship": "Outer",
                              "Parallel Aware": true,
                              "Relation Name": "cast_info",
                              "Alias": "ci",
                              "Startup Cost": 0.0,
                              "Total Cost": 343257.03,
                              "Plan Rows": 2222816,
                              "Plan Width": 4,
                              "Actual Startup Time": 321.812,
                              "Actual Total Time": 627.297,
                              "Actual Rows": 1589346,
                              "Actual Loops": 6,
                              "Filter": "((person_id < 3000189) AND (role_id > 2))",
                              "Rows Removed by Filter": 4451378
                            },
                            {
                              "Node Type": "Hash",
                              "Parent Relationship": "Inner",
                              "Parallel Aware": true,
                              "Startup Cost": 45479.1,
                              "Total Cost": 45479.1,
                              "Plan Rows": 158154,
                              "Plan Width": 4,
                              "Actual Startup Time": 107.648,
                              "Actual Total Time": 107.649,
                              "Actual Rows": 88764,
                              "Actual Loops": 6,
                              "Hash Buckets": 1048576,
                              "Original Hash Buckets": 1048576,
                              "Hash Batches": 1,
                              "Original Hash Batches": 1,
                              "Peak Memory Usage": 29120,
                              "Plans": [
                                {
                                  "Node Type": "Seq Scan",
                                  "Parent Relationship": "Outer",
                                  "Parallel Aware": true,
                                  "Relation Name": "title",
                                  "Alias": "t",
                                  "Startup Cost": 0.0,
                                  "Total Cost": 45479.1,
                                  "Plan Rows": 158154,
                                  "Plan Width": 4,
                                  "Actual Startup Time": 0.04,
                                  "Actual Total Time": 75.341,
                                  "Actual Rows": 88764,
                                  "Actual Loops": 6,
                                  "Filter": "((kind_id < 7) AND (production_year > 1995))",
                                  "Rows Removed by Filter": 332621
                                }
                              ]
                            }
                          ]
                        }
                      ]
                    }
                  ]
                }
              ]
            }
          ]
        }
      ]
    },
    "Planning Time": 1.296,
    "Triggers": [],
    "Execution Time": 3752.969
  }
]