[
  {
    "Plan": {
      "Node Type": "Aggregate",
      "Strategy": "Plain",
      "Partial Mode": "Finalize",
      "Parallel Aware": false,
      "Startup Cost": 201891.11,
      "Total Cost": 201891.12,
      "Plan Rows": 1,
      "Plan Width": 8,
      "Actual Startup Time": 321.747,
      "Actual Total Time": 337.004,
      "Actual Rows": 1,
      "Actual Loops": 1,
      "Plans": [
        {
          "Node Type": "Gather",
          "Parent Relationship": "Outer",
          "Parallel Aware": false,
          "Startup Cost": 201890.49,
          "Total Cost": 201891.1,
          "Plan Rows": 6,
          "Plan Width": 8,
          "Actual Startup Time": 321.649,
          "Actual Total Time": 336.996,
          "Actual Rows": 7,
          "Actual Loops": 1,
          "Workers Planned": 6,
          "Workers Launched": 6,
          "Single Copy": false,
          "Plans": [
            {
              "Node Type": "Aggregate",
              "Strategy": "Plain",
              "Partial Mode": "Partial",
              "Parent Relationship": "Outer",
              "Parallel Aware": false,
              "Startup Cost": 200890.49,
              "Total Cost": 200890.5,
              "Plan Rows": 1,
              "Plan Width": 8,
              "Actual Startup Time": 312.231,
              "Actual Total Time": 312.232,
              "Actual Rows": 1,
              "Actual Loops": 7,
              "Plans": [
                {
                  "Node Type": "Index Scan",
                  "Parent Relationship": "Outer",
                  "Parallel Aware": true,
                  "Scan Direction": "Forward",
                  "Index Name": "role_id_cast_info",
                  "Relation Name": "cast_info",
                  "Alias": "ci",
                  "Startup Cost": 0.56,
                  "Total Cost": 197877.72,
                  "Plan Rows": 1205106,
                  "Plan Width": 0,
                  "Actual Startup Time": 0.128,
                  "Actual Total Time": 256.911,
                  "Actual Rows": 1064546,
                  "Actual Loops": 7,
                  "Index Cond": "(role_id = 2)",
                  "Rows Removed by Index Recheck": 0,
                  "Filter": "(person_id > 68314)",
                  "Rows Removed by Filter": 21
                }
              ]
            }
          ]
        }
      ]
    },
    "Planning Time": 0.2,
    "Triggers": [],
    "Execution Time": 337.069
  }
]