[
  {
    "Plan": {
      "Node Type": "Aggregate",
      "Strategy": "Plain",
      "Partial Mode": "Finalize",
      "Parallel Aware": false,
      "Startup Cost": 144504.33,
      "Total Cost": 144504.34,
      "Plan Rows": 1,
      "Plan Width": 64,
      "Actual Startup Time": 971.883,
      "Actual Total Time": 1081.156,
      "Actual Rows": 1,
      "Actual Loops": 1,
      "Plans": [
        {
          "Node Type": "Gather",
          "Parent Relationship": "Outer",
          "Parallel Aware": false,
          "Startup Cost": 144503.9,
          "Total Cost": 144504.31,
          "Plan Rows": 4,
          "Plan Width": 64,
          "Actual Startup Time": 970.599,
          "Actual Total Time": 1081.14,
          "Actual Rows": 5,
          "Actual Loops": 1,
          "Workers Planned": 4,
          "Workers Launched": 4,
          "Single Copy": false,
          "Plans": [
            {
              "Node Type": "Aggregate",
              "Strategy": "Plain",
              "Partial Mode": "Partial",
              "Parent Relationship": "Outer",
              "Parallel Aware": false,
              "Startup Cost": 143503.9,
              "Total Cost": 143503.91,
              "Plan Rows": 1,
              "Plan Width": 64,
              "Actual Startup Time": 958.54,
              "Actual Total Time": 958.55,
              "Actual Rows": 1,
              "Actual Loops": 5,
              "Plans": [
                {
                  "Node Type": "Hash Join",
                  "Parent Relationship": "Outer",
                  "Parallel Aware": false,
                  "Join Type": "Inner",
                  "Startup Cost": 34662.92,
                  "Total Cost": 143476.99,
                  "Plan Rows": 5382,
                  "Plan Width": 33,
                  "Actual Startup Time": 196.386,
                  "Actual Total Time": 957.029,
                  "Actual Rows": 2884,
                  "Actual Loops": 5,
                  "Inner Unique": true,
                  "Hash Cond": "(ci.role_id = rt.id)",
                  "Plans": [
                    {
                      "Node Type": "Hash Join",
                      "Parent Relationship": "Outer",
                      "Parallel Aware": false,
                      "Join Type": "Inner",
                      "Startup Cost": 34661.65,
                      "Total Cost": 143456.6,
                      "Plan Rows": 5382,
                      "Plan Width": 37,
                      "Actual Startup Time": 195.942,
                      "Actual Total Time": 955.413,
                      "Actual Rows": 2884,
                      "Actual Loops": 5,
                      "Inner Unique": true,
                      "Hash Cond": "(mc.company_type_id = ct.id)",
                      "Plans": [
                        {
                          "Node Type": "Nested Loop",
                          "Parent Relationship": "Outer",
                          "Parallel Aware": false,
                          "Join Type": "Inner",
                          "Startup Cost": 34660.56,
                          "Total Cost": 143426.41,
                          "Plan Rows": 5382,
                          "Plan Width": 41,
                          "Actual Startup Time": 195.84,
                          "Actual Total Time": 953.456,
                          "Actual Rows": 2884,
                          "Actual Loops": 5,
                          "Inner Unique": true,
                          "Plans": [
                            {
                              "Node Type": "Nested Loop",
                              "Parent Relationship": "Outer",
                              "Parallel Aware": false,
                              "Join Type": "Inner",
                              "Startup Cost": 34660.06,
                              "Total Cost": 119168.32,
                              "Plan Rows": 5382,
                              "Plan Width": 29,
                              "Actual Startup Time": 195.064,
                              "Actual Total Time": 907.133,
                              "Actual Rows": 3057,
                              "Actual Loops": 5,
                              "Inner Unique": false,
                              "Join Filter": "(t.id = ci.movie_id)",
                              "Rows Removed by Join Filter": 0,
                              "Plans": [
                                {
                                  "Node Type": "Hash Join",
                                  "Parent Relationship": "Outer",
                                  "Parallel Aware": true,
                                  "Join Type": "Inner",
                                  "Startup Cost": 34659.04,
                                  "Total Cost": 79198.02,
                                  "Plan Rows": 7212,
                                  "Plan Width": 29,
                                  "Actual Startup Time": 192.124,
                                  "Actual Total Time": 336.968,
                                  "Actual Rows": 4977,
                                  "Actual Loops": 5,
                                  "Inner Unique": false,
                                  "Hash Cond": "(t.id = mc.movie_id)",
                                  "Plans": [
                                    {
                                      "Node Type": "Seq Scan",
                                      "Parent Relationship": "Outer",
                                      "Parallel Aware": true,
                                      "Relation Name": "title",
                                      "Alias": "t",
                                      "Startup Cost": 0.0,
                                      "Total Cost": 43898.62,
                                      "Plan Rows": 164558,
                                      "Plan Width": 21,
                                      "Actual Startup Time": 0.022,
                                      "Actual Total Time": 103.134,
                                      "Actual Rows": 132413,
                                      "Actual Loops": 5,
                                      "Filter": "(production_year > 2008)",
                                      "Rows Removed by Filter": 373249
                                    },
                                    {
                                      "Node Type": "Hash",
                                      "Parent Relationship": "Inner",
                                      "Parallel Aware": true,
                                      "Startup Cost": 34212.24,
                                      "Total Cost": 34212.24,
                                      "Plan Rows": 35744,
                                      "Plan Width": 8,
                                      "Actual Startup Time": 191.057,
                                      "Actual Total Time": 191.061,
                                      "Actual Rows": 16839,
                                      "Actual Loops": 5,
                                      "Hash Buckets": 131072,
                                      "Original Hash Buckets": 131072,
                                      "Hash Batches": 1,
                                      "Original Hash Batches": 1,
                                      "Peak Memory Usage": 4384,
                                      "Plans": [
                                        {
                                          "Node Type": "Hash Join",
                                          "Parent Relationship": "Outer",
                                          "Parallel Aware": true,
                                          "Join Type": "Inner",
                                          "Startup Cost": 4796.31,
                                          "Total Cost": 34212.24,
                                          "Plan Rows": 35744,
                                          "Plan Width": 8,
                                          "Actual Startup Time": 22.757,
                                          "Actual Total Time": 183.685,
                                          "Actual Rows": 16839,
                                          "Actual Loops": 5,
                                          "Inner Unique": true,
                                          "Hash Cond": "(mc.company_id = cn.id)",
                                          "Plans": [
                                            {
                                              "Node Type": "Seq Scan",
                                              "Parent Relationship": "Outer",
                                              "Parallel Aware": true,
                                              "Relation Name": "movie_companies",
                                              "Alias": "mc",
                                              "Startup Cost": 0.0,
                                              "Total Cost": 27206.55,
                                              "Plan Rows": 841655,
                                              "Plan Width": 12,
                                              "Actual Startup Time": 0.023,
                                              "Actual Total Time": 86.994,
                                              "Actual Rows": 521826,
                                              "Actual Loops": 5
                                            },
                                            {
                                              "Node Type": "Hash",
                                              "Parent Relationship": "Inner",
                                              "Parallel Aware": true,
                                              "Startup Cost": 4722.92,
                                              "Total Cost": 4722.92,
                                              "Plan Rows": 5871,
                                              "Plan Width": 4,
                                              "Actual Startup Time": 22.533,
                                              "Actual Total Time": 22.534,
                                              "Actual Rows": 1962,
                                              "Actual Loops": 5,
                                              "Hash Buckets": 16384,
                                              "Original Hash Buckets": 16384,
                                              "Hash Batches": 1,
                                              "Original Hash Batches": 1,
                                              "Peak Memory Usage": 544,
                                              "Plans": [
                                                {
                                                  "Node Type": "Seq Scan",
                                                  "Parent Relationship": "Outer",
                                                  "Parallel Aware": true,
                                                  "Relation Name": "company_name",
                                                  "Alias": "cn",
                                                  "Startup Cost": 0.0,
                                                  "Total Cost": 4722.92,
                                                  "Plan Rows": 5871,
                                                  "Plan Width": 4,
                                                  "Actual Startup Time": 0.088,
                                                  "Actual Total Time": 21.102,
                                                  "Actual Rows": 1962,
                                                  "Actual Loops": 5,
                                                  "Filter": "((country_code)::text = '[ca]'::text)",
                                                  "Rows Removed by Filter": 45037
                                                }
                                              ]
                                            }
                                          ]
                                        }
                                      ]
                                    }
                                  ]
                                },
                                {
                                  "Node Type": "Bitmap Heap Scan",
                                  "Parent Relationship": "Inner",
                                  "Parallel Aware": false,
                                  "Relation Name": "cast_info",
                                  "Alias": "ci",
                                  "Startup Cost": 1.02,
                                  "Total Cost": 5.53,
                                  "Plan Rows": 1,
                                  "Plan Width": 12,
                                  "Actual Startup Time": 0.098,
                                  "Actual Total Time": 0.111,
                                  "Actual Rows": 1,
                                  "Actual Loops": 24884,
                                  "Recheck Cond": "(movie_id = mc.movie_id)",
                                  "Rows Removed by Index Recheck": 0,
                                  "Filter": "(note ~~ '%(voice)%'::text)",
                                  "Rows Removed by Filter": 35,
                                  "Exact Heap Blocks": 173841,
                                  "Lossy Heap Blocks": 0,
                                  "Plans": [
                                    {
                                      "Node Type": "Bitmap Index Scan",
                                      "Parent Relationship": "Outer",
                                      "Parallel Aware": false,
                                      "Index Name": "movie_id_cast_info",
                                      "Startup Cost": 0.0,
                                      "Total Cost": 1.02,
                                      "Plan Rows": 34,
                                      "Plan Width": 0,
                                      "Actual Startup Time": 0.013,
                                      "Actual Total Time": 0.013,
                                      "Actual Rows": 36,
                                      "Actual Loops": 24884,
                                      "Index Cond": "(movie_id = mc.movie_id)"
                                    }
                                  ]
                                }
                              ]
                            },
                            {
                              "Node Type": "Bitmap Heap Scan",
                              "Parent Relationship": "Inner",
                              "Parallel Aware": false,
                              "Relation Name": "char_name",
                              "Alias": "chn",
                              "Startup Cost": 0.49,
                              "Total Cost": 4.51,
                              "Plan Rows": 1,
                              "Plan Width": 20,
                              "Actual Startup Time": 0.012,
                              "Actual Total Time": 0.012,
                              "Actual Rows": 1,
                              "Actual Loops": 15283,
                              "Recheck Cond": "(id = ci.person_role_id)",
                              "Rows Removed by Index Recheck": 0,
                              "Exact Heap Blocks": 3318,
                              "Lossy Heap Blocks": 0,
                              "Plans": [
                                {
                                  "Node Type": "Bitmap Index Scan",
                                  "Parent Relationship": "Outer",
                                  "Parallel Aware": false,
                                  "Index Name": "char_name_pkey",
                                  "Startup Cost": 0.0,
                                  "Total Cost": 0.49,
                                  "Plan Rows": 1,
                                  "Plan Width": 0,
                                  "Actual Startup Time": 0.007,
                                  "Actual Total Time": 0.007,
                                  "Actual Rows": 1,
                                  "Actual Loops": 15283,
                                  "Index Cond": "(id = ci.person_role_id)"
                                }
                              ]
                            }
                          ]
                        },
                        {
                          "Node Type": "Hash",
                          "Parent Relationship": "Inner",
                          "Parallel Aware": false,
                          "Startup Cost": 1.04,
                          "Total Cost": 1.04,
                          "Plan Rows": 4,
                          "Plan Width": 4,
                          "Actual Startup Time": 0.053,
                          "Actual Total Time": 0.054,
                          "Actual Rows": 4,
                          "Actual Loops": 5,
                          "Hash Buckets": 1024,
                          "Original Hash Buckets": 1024,
                          "Hash Batches": 1,
                          "Original Hash Batches": 1,
                          "Peak Memory Usage": 9,
                          "Plans": [
                            {
                              "Node Type": "Seq Scan",
                              "Parent Relationship": "Outer",
                              "Parallel Aware": false,
                              "Relation Name": "company_type",
                              "Alias": "ct",
                              "Startup Cost": 0.0,
                              "Total Cost": 1.04,
                              "Plan Rows": 4,
                              "Plan Width": 4,
                              "Actual Startup Time": 0.03,
                              "Actual Total Time": 0.034,
                              "Actual Rows": 4,
                              "Actual Loops": 5
                            }
                          ]
                        }
                      ]
                    },
                    {
                      "Node Type": "Hash",
                      "Parent Relationship": "Inner",
                      "Parallel Aware": false,
                      "Startup Cost": 1.12,
                      "Total Cost": 1.12,
                      "Plan Rows": 12,
                      "Plan Width": 4,
                      "Actual Startup Time": 0.094,
                      "Actual Total Time": 0.094,
                      "Actual Rows": 12,
                      "Actual Loops": 5,
                      "Hash Buckets": 1024,
                      "Original Hash Buckets": 1024,
                      "Hash Batches": 1,
                      "Original Hash Batches": 1,
                      "Peak Memory Usage": 9,
                      "Plans": [
                        {
                          "Node Type": "Seq Scan",
                          "Parent Relationship": "Outer",
                          "Parallel Aware": false,
                          "Relation Name": "role_type",
                          "Alias": "rt",
                          "Startup Cost": 0.0,
                          "Total Cost": 1.12,
                          "Plan Rows": 12,
                          "Plan Width": 4,
                          "Actual Startup Time": 0.06,
                          "Actual Total Time": 0.065,
                          "Actual Rows": 12,
                          "Actual Loops": 5
                        }
                      ]
                    }
                  ]
                }
              ]
            }
          ]
        }
      ]
    },
    "Planning Time": 11.781,
    "Triggers": [],
    "Execution Time": 1081.766
  }
]