{
  "Plan": {
    "Node Type": "Aggregate",
    "Strategy": "Plain",
    "Partial Mode": "Finalize",
    "Parallel Aware": false,
    "Startup Cost": 97271.11,
    "Total Cost": 97271.12,
    "Plan Rows": 1,
    "Plan Width": 8,
    "Actual Startup Time": 692.352,
    "Actual Total Time": 702.585,
    "Actual Rows": 1,
    "Actual Loops": 1,
    "Plans": [
      {
        "Node Type": "Gather",
        "Parent Relationship": "Outer",
        "Parallel Aware": false,
        "Startup Cost": 97271.0,
        "Total Cost": 97271.11,
        "Plan Rows": 1,
        "Plan Width": 8,
        "Actual Startup Time": 690.944,
        "Actual Total Time": 702.575,
        "Actual Rows": 2,
        "Actual Loops": 1,
        "Workers Planned": 1,
        "Workers Launched": 1,
        "Single Copy": false,
        "Plans": [
          {
            "Node Type": "Aggregate",
            "Strategy": "Plain",
            "Partial Mode": "Partial",
            "Parent Relationship": "Outer",
            "Parallel Aware": false,
            "Startup Cost": 96271.0,
            "Total Cost": 96271.01,
            "Plan Rows": 1,
            "Plan Width": 8,
            "Actual Startup Time": 685.378,
            "Actual Total Time": 685.633,
            "Actual Rows": 1,
            "Actual Loops": 2,
            "Plans": [
              {
                "Node Type": "Hash Join",
                "Parent Relationship": "Outer",
                "Parallel Aware": true,
                "Join Type": "Inner",
                "Startup Cost": 34921.33,
                "Total Cost": 95917.82,
                "Plan Rows": 141269,
                "Plan Width": 0,
                "Actual Startup Time": 188.154,
                "Actual Total Time": 672.188,
                "Actual Rows": 239808,
                "Actual Loops": 2,
                "Inner Unique": false,
                "Hash Cond": "(t.id = mc.movie_id)",
                "Plans": [
                  {
                    "Node Type": "Seq Scan",
                    "Parent Relationship": "Outer",
                    "Parallel Aware": true,
                    "Relation Name": "title",
                    "Alias": "t",
                    "Startup Cost": 0.0,
                    "Total Cost": 50870.31,
                    "Plan Rows": 1487231,
                    "Plan Width": 4,
                    "Actual Startup Time": 0.011,
                    "Actual Total Time": 146.587,
                    "Actual Rows": 1264156,
                    "Actual Loops": 2
                  },
                  {
                    "Node Type": "Hash",
                    "Parent Relationship": "Inner",
                    "Parallel Aware": true,
                    "Startup Cost": 33155.47,
                    "Total Cost": 33155.47,
                    "Plan Rows": 141269,
                    "Plan Width": 4,
                    "Actual Startup Time": 176.365,
                    "Actual Total Time": 176.367,
                    "Actual Rows": 239808,
                    "Actual Loops": 2,
                    "Hash Buckets": 524288,
                    "Original Hash Buckets": 262144,
                    "Hash Batches": 1,
                    "Original Hash Batches": 1,
                    "Peak Memory Usage": 24960,
                    "Plans": [
                      {
                        "Node Type": "Bitmap Heap Scan",
                        "Parent Relationship": "Outer",
                        "Parallel Aware": true,
                        "Relation Name": "movie_companies",
                        "Alias": "mc",
                        "Startup Cost": 10191.95,
                        "Total Cost": 33155.47,
                        "Plan Rows": 141269,
                        "Plan Width": 4,
                        "Actual Startup Time": 35.257,
                        "Actual Total Time": 98.18,
                        "Actual Rows": 239808,
                        "Actual Loops": 2,
                        "Recheck Cond": "(company_id > 75299)",
                        "Rows Removed by Index Recheck": 0,
                        "Filter": "(company_type_id > 1)",
                        "Rows Removed by Filter": 0,
                        "Exact Heap Blocks": 3560,
                        "Lossy Heap Blocks": 0,
                        "Plans": [
                          {
                            "Node Type": "Bitmap Index Scan",
                            "Parent Relationship": "Outer",
                            "Parallel Aware": false,
                            "Index Name": "company_id_movie_companies",
                            "Startup Cost": 0.0,
                            "Total Cost": 10131.92,
                            "Plan Rows": 472998,
                            "Plan Width": 0,
                            "Actual Startup Time": 37.356,
                            "Actual Total Time": 37.357,
                            "Actual Rows": 479617,
                            "Actual Loops": 1,
                            "Index Cond": "(company_id > 75299)"
                          }
                        ]
                      }
                    ]
                  }
                ]
              }
            ]
          }
        ]
      }
    ]
  },
  "Planning Time": 0.424,
  "Triggers": [],
  "Execution Time": 702.652
}