[
    {
        "Bao": {
            "Bao prediction": "NaN",
            "Bao recommended hint": "(no hint)"
        }
    },
    {
        "Plan": {
            "Node Type": "Aggregate",
            "Strategy": "Plain",
            "Partial Mode": "Finalize",
            "Parallel Aware": false,
            "Startup Cost": 82960.74,
            "Total Cost": 82960.75,
            "Plan Rows": 1,
            "Plan Width": 8,
            "Actual Startup Time": 296.865,
            "Actual Total Time": 309.792,
            "Actual Rows": 1,
            "Actual Loops": 1,
            "Output": [
                "count(*)"
            ],
            "Plans": [
                {
                    "Node Type": "Gather",
                    "Parent Relationship": "Outer",
                    "Parallel Aware": false,
                    "Startup Cost": 82960.42,
                    "Total Cost": 82960.73,
                    "Plan Rows": 3,
                    "Plan Width": 8,
                    "Actual Startup Time": 296.109,
                    "Actual Total Time": 309.783,
                    "Actual Rows": 4,
                    "Actual Loops": 1,
                    "Output": [
                        "(PARTIAL count(*))"
                    ],
                    "Workers Planned": 3,
                    "Workers Launched": 3,
                    "Single Copy": false,
                    "Plans": [
                        {
                            "Node Type": "Aggregate",
                            "Strategy": "Plain",
                            "Partial Mode": "Partial",
                            "Parent Relationship": "Outer",
                            "Parallel Aware": false,
                            "Startup Cost": 81960.42,
                            "Total Cost": 81960.43,
                            "Plan Rows": 1,
                            "Plan Width": 8,
                            "Actual Startup Time": 287.265,
                            "Actual Total Time": 287.268,
                            "Actual Rows": 1,
                            "Actual Loops": 4,
                            "Output": [
                                "PARTIAL count(*)"
                            ],
                            "Workers": [
                                {
                                    "Worker Number": 0,
                                    "Actual Startup Time": 284.08,
                                    "Actual Total Time": 284.084,
                                    "Actual Rows": 1,
                                    "Actual Loops": 1
                                },
                                {
                                    "Worker Number": 1,
                                    "Actual Startup Time": 284.285,
                                    "Actual Total Time": 284.289,
                                    "Actual Rows": 1,
                                    "Actual Loops": 1
                                },
                                {
                                    "Worker Number": 2,
                                    "Actual Startup Time": 284.858,
                                    "Actual Total Time": 284.861,
                                    "Actual Rows": 1,
                                    "Actual Loops": 1
                                }
                            ],
                            "Plans": [
                                {
                                    "Node Type": "Hash Join",
                                    "Parent Relationship": "Outer",
                                    "Parallel Aware": true,
                                    "Join Type": "Inner",
                                    "Startup Cost": 38922.21,
                                    "Total Cost": 81800.29,
                                    "Plan Rows": 64051,
                                    "Plan Width": 0,
                                    "Actual Startup Time": 87.304,
                                    "Actual Total Time": 280.229,
                                    "Actual Rows": 116936,
                                    "Actual Loops": 4,
                                    "Inner Unique": true,
                                    "Hash Cond": "(mk.movie_id = t.id)",
                                    "Workers": [
                                        {
                                            "Worker Number": 0,
                                            "Actual Startup Time": 84.051,
                                            "Actual Total Time": 276.936,
                                            "Actual Rows": 100226,
                                            "Actual Loops": 1
                                        },
                                        {
                                            "Worker Number": 1,
                                            "Actual Startup Time": 84.334,
                                            "Actual Total Time": 277.12,
                                            "Actual Rows": 100184,
                                            "Actual Loops": 1
                                        },
                                        {
                                            "Worker Number": 2,
                                            "Actual Startup Time": 84.932,
                                            "Actual Total Time": 277.758,
                                            "Actual Rows": 99716,
                                            "Actual Loops": 1
                                        }
                                    ],
                                    "Plans": [
                                        {
                                            "Node Type": "Seq Scan",
                                            "Parent Relationship": "Outer",
                                            "Parallel Aware": true,
                                            "Relation Name": "movie_keyword",
                                            "Schema": "public",
                                            "Alias": "mk",
                                            "Startup Cost": 0.0,
                                            "Total Cost": 39047.32,
                                            "Plan Rows": 1459332,
                                            "Plan Width": 4,
                                            "Actual Startup Time": 0.014,
                                            "Actual Total Time": 110.012,
                                            "Actual Rows": 1130982,
                                            "Actual Loops": 4,
                                            "Output": [
                                                "mk.id",
                                                "mk.movie_id",
                                                "mk.keyword_id"
                                            ],
                                            "Workers": [
                                                {
                                                    "Worker Number": 0,
                                                    "Actual Startup Time": 0.015,
                                                    "Actual Total Time": 111.281,
                                                    "Actual Rows": 961075,
                                                    "Actual Loops": 1
                                                },
                                                {
                                                    "Worker Number": 1,
                                                    "Actual Startup Time": 0.016,
                                                    "Actual Total Time": 110.818,
                                                    "Actual Rows": 951580,
                                                    "Actual Loops": 1
                                                },
                                                {
                                                    "Worker Number": 2,
                                                    "Actual Startup Time": 0.016,
                                                    "Actual Total Time": 111.4,
                                                    "Actual Rows": 962185,
                                                    "Actual Loops": 1
                                                }
                                            ]
                                        },
                                        {
                                            "Node Type": "Hash",
                                            "Parent Relationship": "Inner",
                                            "Parallel Aware": true,
                                            "Startup Cost": 38575.44,
                                            "Total Cost": 38575.44,
                                            "Plan Rows": 27742,
                                            "Plan Width": 4,
                                            "Actual Startup Time": 43.187,
                                            "Actual Total Time": 43.189,
                                            "Actual Rows": 29480,
                                            "Actual Loops": 4,
                                            "Output": [
                                                "t.id"
                                            ],
                                            "Hash Buckets": 131072,
                                            "Original Hash Buckets": 131072,
                                            "Hash Batches": 1,
                                            "Original Hash Batches": 1,
                                            "Peak Memory Usage": 5696,
                                            "Workers": [
                                                {
                                                    "Worker Number": 0,
                                                    "Actual Startup Time": 40.089,
                                                    "Actual Total Time": 40.091,
                                                    "Actual Rows": 16764,
                                                    "Actual Loops": 1
                                                },
                                                {
                                                    "Worker Number": 1,
                                                    "Actual Startup Time": 40.314,
                                                    "Actual Total Time": 40.316,
                                                    "Actual Rows": 15762,
                                                    "Actual Loops": 1
                                                },
                                                {
                                                    "Worker Number": 2,
                                                    "Actual Startup Time": 40.979,
                                                    "Actual Total Time": 40.981,
                                                    "Actual Rows": 17576,
                                                    "Actual Loops": 1
                                                }
                                            ],
                                            "Plans": [
                                                {
                                                    "Node Type": "Bitmap Heap Scan",
                                                    "Parent Relationship": "Outer",
                                                    "Parallel Aware": true,
                                                    "Relation Name": "title",
                                                    "Schema": "public",
                                                    "Alias": "t",
                                                    "Startup Cost": 2134.35,
                                                    "Total Cost": 38575.44,
                                                    "Plan Rows": 27742,
                                                    "Plan Width": 4,
                                                    "Actual Startup Time": 2.272,
                                                    "Actual Total Time": 33.299,
                                                    "Actual Rows": 29480,
                                                    "Actual Loops": 4,
                                                    "Output": [
                                                        "t.id"
                                                    ],
                                                    "Recheck Cond": "(t.kind_id = 4)",
                                                    "Rows Removed by Index Recheck": 0,
                                                    "Filter": "(t.production_year > 1917)",
                                                    "Rows Removed by Filter": 78,
                                                    "Exact Heap Blocks": 7373,
                                                    "Lossy Heap Blocks": 0,
                                                    "Workers": [
                                                        {
                                                            "Worker Number": 0,
                                                            "Actual Startup Time": 0.137,
                                                            "Actual Total Time": 31.375,
                                                            "Actual Rows": 16764,
                                                            "Actual Loops": 1
                                                        },
                                                        {
                                                            "Worker Number": 1,
                                                            "Actual Startup Time": 0.145,
                                                            "Actual Total Time": 31.759,
                                                            "Actual Rows": 15762,
                                                            "Actual Loops": 1
                                                        },
                                                        {
                                                            "Worker Number": 2,
                                                            "Actual Startup Time": 0.143,
                                                            "Actual Total Time": 32.428,
                                                            "Actual Rows": 17576,
                                                            "Actual Loops": 1
                                                        }
                                                    ],
                                                    "Plans": [
                                                        {
                                                            "Node Type": "Bitmap Index Scan",
                                                            "Parent Relationship": "Outer",
                                                            "Parallel Aware": false,
                                                            "Index Name": "kind_id_title",
                                                            "Startup Cost": 0.0,
                                                            "Total Cost": 2106.61,
                                                            "Plan Rows": 118157,
                                                            "Plan Width": 0,
                                                            "Actual Startup Time": 6.331,
                                                            "Actual Total Time": 6.331,
                                                            "Actual Rows": 118234,
                                                            "Actual Loops": 1,
                                                            "Index Cond": "(t.kind_id = 4)"
                                                        }
                                                    ]
                                                }
                                            ]
                                        }
                                    ]
                                }
                            ]
                        }
                    ]
                }
            ]
        },
        "Planning Time": 184.232,
        "Triggers": [],
        "Execution Time": 309.849
    }
]