[
  {
    "Plan": {
      "Node Type": "Aggregate",
      "Strategy": "Plain",
      "Partial Mode": "Finalize",
      "Parallel Aware": false,
      "Startup Cost": 55830.18,
      "Total Cost": 55830.19,
      "Plan Rows": 1,
      "Plan Width": 8,
      "Actual Startup Time": 196.874,
      "Actual Total Time": 226.903,
      "Actual Rows": 1,
      "Actual Loops": 1,
      "Plans": [
        {
          "Node Type": "Gather",
          "Parent Relationship": "Outer",
          "Parallel Aware": false,
          "Startup Cost": 55829.76,
          "Total Cost": 55830.17,
          "Plan Rows": 4,
          "Plan Width": 8,
          "Actual Startup Time": 196.454,
          "Actual Total Time": 226.891,
          "Actual Rows": 5,
          "Actual Loops": 1,
          "Workers Planned": 4,
          "Workers Launched": 4,
          "Single Copy": false,
          "Plans": [
            {
              "Node Type": "Aggregate",
              "Strategy": "Plain",
              "Partial Mode": "Partial",
              "Parent Relationship": "Outer",
              "Parallel Aware": false,
              "Startup Cost": 54829.76,
              "Total Cost": 54829.77,
              "Plan Rows": 1,
              "Plan Width": 8,
              "Actual Startup Time": 188.125,
              "Actual Total Time": 188.128,
              "Actual Rows": 1,
              "Actual Loops": 5,
              "Plans": [
                {
                  "Node Type": "Nested Loop",
                  "Parent Relationship": "Outer",
                  "Parallel Aware": false,
                  "Join Type": "Inner",
                  "Startup Cost": 0.99,
                  "Total Cost": 54812.46,
                  "Plan Rows": 6918,
                  "Plan Width": 0,
                  "Actual Startup Time": 67.015,
                  "Actual Total Time": 184.67,
                  "Actual Rows": 39351,
                  "Actual Loops": 5,
                  "Inner Unique": false,
                  "Join Filter": "(t.id = ci.movie_id)",
                  "Rows Removed by Join Filter": 0,
                  "Plans": [
                    {
                      "Node Type": "Nested Loop",
                      "Parent Relationship": "Outer",
                      "Parallel Aware": false,
                      "Join Type": "Inner",
                      "Startup Cost": 0.43,
                      "Total Cost": 53751.18,
                      "Plan Rows": 482,
                      "Plan Width": 8,
                      "Actual Startup Time": 66.887,
                      "Actual Total Time": 104.75,
                      "Actual Rows": 1276,
                      "Actual Loops": 5,
                      "Inner Unique": false,
                      "Plans": [
                        {
                          "Node Type": "Seq Scan",
                          "Parent Relationship": "Outer",
                          "Parallel Aware": true,
                          "Relation Name": "title",
                          "Alias": "t",
                          "Startup Cost": 0.0,
                          "Total Cost": 45479.59,
                          "Plan Rows": 468,
                          "Plan Width": 4,
                          "Actual Startup Time": 66.741,
                          "Actual Total Time": 94.413,
                          "Actual Rows": 547,
                          "Actual Loops": 5,
                          "Filter": "((kind_id = 1) AND (production_year = 1953))",
                          "Rows Removed by Filter": 505115
                        },
                        {
                          "Node Type": "Index Only Scan",
                          "Parent Relationship": "Inner",
                          "Parallel Aware": false,
                          "Scan Direction": "Forward",
                          "Index Name": "movie_id_movie_companies",
                          "Relation Name": "movie_companies",
                          "Alias": "mc",
                          "Startup Cost": 0.43,
                          "Total Cost": 17.62,
                          "Plan Rows": 5,
                          "Plan Width": 4,
                          "Actual Startup Time": 0.015,
                          "Actual Total Time": 0.018,
                          "Actual Rows": 2,
                          "Actual Loops": 2736,
                          "Index Cond": "(movie_id = t.id)",
                          "Rows Removed by Index Recheck": 0,
                          "Heap Fetches": 6381
                        }
                      ]
                    },
                    {
                      "Node Type": "Index Only Scan",
                      "Parent Relationship": "Inner",
                      "Parallel Aware": false,
                      "Scan Direction": "Forward",
                      "Index Name": "movie_id_cast_info",
                      "Relation Name": "cast_info",
                      "Alias": "ci",
                      "Startup Cost": 0.56,
                      "Total Cost": 1.76,
                      "Plan Rows": 35,
                      "Plan Width": 4,
                      "Actual Startup Time": 0.009,
                      "Actual Total Time": 0.058,
                      "Actual Rows": 31,
                      "Actual Loops": 6381,
                      "Index Cond": "(movie_id = mc.movie_id)",
                      "Rows Removed by Index Recheck": 0,
                      "Heap Fetches": 196755
                    }
                  ]
                }
              ]
            }
          ]
        }
      ]
    },
    "Planning Time": 0.984,
    "Triggers": [],
    "Execution Time": 226.978
  }
]