[
  {
    "Plan": {
      "Node Type": "Aggregate",
      "Strategy": "Plain",
      "Partial Mode": "Finalize",
      "Parallel Aware": false,
      "Startup Cost": 340730.63,
      "Total Cost": 340730.64,
      "Plan Rows": 1,
      "Plan Width": 8,
      "Actual Startup Time": 770.943,
      "Actual Total Time": 833.973,
      "Actual Rows": 1,
      "Actual Loops": 1,
      "Plans": [
        {
          "Node Type": "Gather",
          "Parent Relationship": "Outer",
          "Parallel Aware": false,
          "Startup Cost": 340730.0,
          "Total Cost": 340730.61,
          "Plan Rows": 6,
          "Plan Width": 8,
          "Actual Startup Time": 770.708,
          "Actual Total Time": 833.965,
          "Actual Rows": 7,
          "Actual Loops": 1,
          "Workers Planned": 6,
          "Workers Launched": 6,
          "Single Copy": false,
          "Plans": [
            {
              "Node Type": "Aggregate",
              "Strategy": "Plain",
              "Partial Mode": "Partial",
              "Parent Relationship": "Outer",
              "Parallel Aware": false,
              "Startup Cost": 339730.0,
              "Total Cost": 339730.01,
              "Plan Rows": 1,
              "Plan Width": 8,
              "Actual Startup Time": 761.898,
              "Actual Total Time": 761.899,
              "Actual Rows": 1,
              "Actual Loops": 7,
              "Plans": [
                {
                  "Node Type": "Seq Scan",
                  "Parent Relationship": "Outer",
                  "Parallel Aware": true,
                  "Relation Name": "cast_info",
                  "Alias": "ci",
                  "Startup Cost": 0.0,
                  "Total Cost": 328162.03,
                  "Plan Rows": 4627191,
                  "Plan Width": 0,
                  "Actual Startup Time": 0.055,
                  "Actual Total Time": 600.101,
                  "Actual Rows": 3981950,
                  "Actual Loops": 7,
                  "Filter": "(person_id < 2846648)",
                  "Rows Removed by Filter": 1195814
                }
              ]
            }
          ]
        }
      ]
    },
    "Planning Time": 0.132,
    "Triggers": [],
    "Execution Time": 834.032
  }
]