[
  {
    "Plan": {
      "Node Type": "Aggregate",
      "Strategy": "Plain",
      "Partial Mode": "Finalize",
      "Parallel Aware": false,
      "Startup Cost": 173294.19,
      "Total Cost": 173294.2,
      "Plan Rows": 1,
      "Plan Width": 8,
      "Actual Startup Time": 332.265,
      "Actual Total Time": 357.954,
      "Actual Rows": 1,
      "Actual Loops": 1,
      "Plans": [
        {
          "Node Type": "Gather",
          "Parent Relationship": "Outer",
          "Parallel Aware": false,
          "Startup Cost": 173293.66,
          "Total Cost": 173294.17,
          "Plan Rows": 5,
          "Plan Width": 8,
          "Actual Startup Time": 332.07,
          "Actual Total Time": 357.945,
          "Actual Rows": 6,
          "Actual Loops": 1,
          "Workers Planned": 5,
          "Workers Launched": 5,
          "Single Copy": false,
          "Plans": [
            {
              "Node Type": "Aggregate",
              "Strategy": "Plain",
              "Partial Mode": "Partial",
              "Parent Relationship": "Outer",
              "Parallel Aware": false,
              "Startup Cost": 172293.66,
              "Total Cost": 172293.67,
              "Plan Rows": 1,
              "Plan Width": 8,
              "Actual Startup Time": 324.805,
              "Actual Total Time": 324.81,
              "Actual Rows": 1,
              "Actual Loops": 6,
              "Plans": [
                {
                  "Node Type": "Hash Join",
                  "Parent Relationship": "Outer",
                  "Parallel Aware": true,
                  "Join Type": "Inner",
                  "Startup Cost": 45500.23,
                  "Total Cost": 172287.76,
                  "Plan Rows": 2360,
                  "Plan Width": 0,
                  "Actual Startup Time": 83.324,
                  "Actual Total Time": 324.753,
                  "Actual Rows": 533,
                  "Actual Loops": 6,
                  "Inner Unique": true,
                  "Hash Cond": "(ci.movie_id = t.id)",
                  "Plans": [
                    {
                      "Node Type": "Index Scan",
                      "Parent Relationship": "Outer",
                      "Parallel Aware": true,
                      "Scan Direction": "Forward",
                      "Index Name": "role_id_cast_info",
                      "Relation Name": "cast_info",
                      "Alias": "ci",
                      "Startup Cost": 0.56,
                      "Total Cost": 124350.08,
                      "Plan Rows": 928769,
                      "Plan Width": 4,
                      "Actual Startup Time": 0.131,
                      "Actual Total Time": 160.13,
                      "Actual Rows": 773189,
                      "Actual Loops": 6,
                      "Index Cond": "(role_id > 9)",
                      "Rows Removed by Index Recheck": 0
                    },
                    {
                      "Node Type": "Hash",
                      "Parent Relationship": "Inner",
                      "Parallel Aware": true,
                      "Startup Cost": 45479.59,
                      "Total Cost": 45479.59,
                      "Plan Rows": 1606,
                      "Plan Width": 4,
                      "Actual Startup Time": 77.789,
                      "Actual Total Time": 77.79,
                      "Actual Rows": 1093,
                      "Actual Loops": 6,
                      "Hash Buckets": 8192,
                      "Original Hash Buckets": 8192,
                      "Hash Batches": 1,
                      "Original Hash Batches": 1,
                      "Peak Memory Usage": 416,
                      "Plans": [
                        {
                          "Node Type": "Seq Scan",
                          "Parent Relationship": "Outer",
                          "Parallel Aware": true,
                          "Relation Name": "title",
                          "Alias": "t",
                          "Startup Cost": 0.0,
                          "Total Cost": 45479.59,
                          "Plan Rows": 1606,
                          "Plan Width": 4,
                          "Actual Startup Time": 0.198,
                          "Actual Total Time": 76.99,
                          "Actual Rows": 1093,
                          "Actual Loops": 6,
                          "Filter": "((kind_id = 7) AND (production_year = 1963))",
                          "Rows Removed by Filter": 420292
                        }
                      ]
                    }
                  ]
                }
              ]
            }
          ]
        }
      ]
    },
    "Planning Time": 0.701,
    "Triggers": [],
    "Execution Time": 358.02
  }
]