[
  {
    "Plan": {
      "Node Type": "Aggregate",
      "Strategy": "Plain",
      "Partial Mode": "Finalize",
      "Parallel Aware": false,
      "Startup Cost": 174384.02,
      "Total Cost": 174384.03,
      "Plan Rows": 1,
      "Plan Width": 8,
      "Actual Startup Time": 283.528,
      "Actual Total Time": 302.163,
      "Actual Rows": 1,
      "Actual Loops": 1,
      "Plans": [
        {
          "Node Type": "Gather",
          "Parent Relationship": "Outer",
          "Parallel Aware": false,
          "Startup Cost": 174383.49,
          "Total Cost": 174384.0,
          "Plan Rows": 5,
          "Plan Width": 8,
          "Actual Startup Time": 283.439,
          "Actual Total Time": 302.156,
          "Actual Rows": 6,
          "Actual Loops": 1,
          "Workers Planned": 5,
          "Workers Launched": 5,
          "Single Copy": false,
          "Plans": [
            {
              "Node Type": "Aggregate",
              "Strategy": "Plain",
              "Partial Mode": "Partial",
              "Parent Relationship": "Outer",
              "Parallel Aware": false,
              "Startup Cost": 173383.49,
              "Total Cost": 173383.5,
              "Plan Rows": 1,
              "Plan Width": 8,
              "Actual Startup Time": 274.185,
              "Actual Total Time": 274.188,
              "Actual Rows": 1,
              "Actual Loops": 6,
              "Plans": [
                {
                  "Node Type": "Hash Join",
                  "Parent Relationship": "Outer",
                  "Parallel Aware": true,
                  "Join Type": "Inner",
                  "Startup Cost": 45499.04,
                  "Total Cost": 173377.75,
                  "Plan Rows": 2296,
                  "Plan Width": 0,
                  "Actual Startup Time": 81.972,
                  "Actual Total Time": 274.14,
                  "Actual Rows": 533,
                  "Actual Loops": 6,
                  "Inner Unique": true,
                  "Hash Cond": "(ci.movie_id = t.id)",
                  "Plans": [
                    {
                      "Node Type": "Index Scan",
                      "Parent Relationship": "Outer",
                      "Parallel Aware": true,
                      "Scan Direction": "Forward",
                      "Index Name": "role_id_cast_info",
                      "Relation Name": "cast_info",
                      "Alias": "ci",
                      "Startup Cost": 0.56,
                      "Total Cost": 125421.3,
                      "Plan Rows": 936373,
                      "Plan Width": 4,
                      "Actual Startup Time": 0.216,
                      "Actual Total Time": 125.642,
                      "Actual Rows": 773189,
                      "Actual Loops": 6,
                      "Index Cond": "(role_id > 9)",
                      "Rows Removed by Index Recheck": 0
                    },
                    {
                      "Node Type": "Hash",
                      "Parent Relationship": "Inner",
                      "Parallel Aware": true,
                      "Startup Cost": 45479.1,
                      "Total Cost": 45479.1,
                      "Plan Rows": 1550,
                      "Plan Width": 4,
                      "Actual Startup Time": 75.068,
                      "Actual Total Time": 75.07,
                      "Actual Rows": 1093,
                      "Actual Loops": 6,
                      "Hash Buckets": 8192,
                      "Original Hash Buckets": 8192,
                      "Hash Batches": 1,
                      "Original Hash Batches": 1,
                      "Peak Memory Usage": 384,
                      "Plans": [
                        {
                          "Node Type": "Seq Scan",
                          "Parent Relationship": "Outer",
                          "Parallel Aware": true,
                          "Relation Name": "title",
                          "Alias": "t",
                          "Startup Cost": 0.0,
                          "Total Cost": 45479.1,
                          "Plan Rows": 1550,
                          "Plan Width": 4,
                          "Actual Startup Time": 0.195,
                          "Actual Total Time": 74.247,
                          "Actual Rows": 1093,
                          "Actual Loops": 6,
                          "Filter": "((kind_id = 7) AND (production_year = 1963))",
                          "Rows Removed by Filter": 420292
                        }
                      ]
                    }
                  ]
                }
              ]
            }
          ]
        }
      ]
    },
    "Planning Time": 0.381,
    "Triggers": [],
    "Execution Time": 302.25
  }
]