[
    {
        "Bao": {
            "Bao prediction": "NaN",
            "Bao recommended hint": "(no hint)"
        }
    },
    {
        "Plan": {
            "Node Type": "Aggregate",
            "Strategy": "Plain",
            "Partial Mode": "Finalize",
            "Parallel Aware": false,
            "Startup Cost": 77122.08,
            "Total Cost": 77122.09,
            "Plan Rows": 1,
            "Plan Width": 8,
            "Actual Startup Time": 256.579,
            "Actual Total Time": 269.07,
            "Actual Rows": 1,
            "Actual Loops": 1,
            "Output": [
                "count(*)"
            ],
            "Plans": [
                {
                    "Node Type": "Gather",
                    "Parent Relationship": "Outer",
                    "Parallel Aware": false,
                    "Startup Cost": 77121.66,
                    "Total Cost": 77122.07,
                    "Plan Rows": 4,
                    "Plan Width": 8,
                    "Actual Startup Time": 253.777,
                    "Actual Total Time": 269.058,
                    "Actual Rows": 5,
                    "Actual Loops": 1,
                    "Output": [
                        "(PARTIAL count(*))"
                    ],
                    "Workers Planned": 4,
                    "Workers Launched": 4,
                    "Single Copy": false,
                    "Plans": [
                        {
                            "Node Type": "Aggregate",
                            "Strategy": "Plain",
                            "Partial Mode": "Partial",
                            "Parent Relationship": "Outer",
                            "Parallel Aware": false,
                            "Startup Cost": 76121.66,
                            "Total Cost": 76121.67,
                            "Plan Rows": 1,
                            "Plan Width": 8,
                            "Actual Startup Time": 244.305,
                            "Actual Total Time": 244.308,
                            "Actual Rows": 1,
                            "Actual Loops": 5,
                            "Output": [
                                "PARTIAL count(*)"
                            ],
                            "Workers": [
                                {
                                    "Worker Number": 0,
                                    "Actual Startup Time": 241.864,
                                    "Actual Total Time": 241.867,
                                    "Actual Rows": 1,
                                    "Actual Loops": 1
                                },
                                {
                                    "Worker Number": 1,
                                    "Actual Startup Time": 242.208,
                                    "Actual Total Time": 242.211,
                                    "Actual Rows": 1,
                                    "Actual Loops": 1
                                },
                                {
                                    "Worker Number": 2,
                                    "Actual Startup Time": 241.98,
                                    "Actual Total Time": 241.984,
                                    "Actual Rows": 1,
                                    "Actual Loops": 1
                                },
                                {
                                    "Worker Number": 3,
                                    "Actual Startup Time": 242.266,
                                    "Actual Total Time": 242.269,
                                    "Actual Rows": 1,
                                    "Actual Loops": 1
                                }
                            ],
                            "Plans": [
                                {
                                    "Node Type": "Hash Join",
                                    "Parent Relationship": "Outer",
                                    "Parallel Aware": true,
                                    "Join Type": "Inner",
                                    "Startup Cost": 29487.47,
                                    "Total Cost": 75954.34,
                                    "Plan Rows": 66928,
                                    "Plan Width": 0,
                                    "Actual Startup Time": 86.073,
                                    "Actual Total Time": 241.798,
                                    "Actual Rows": 41268,
                                    "Actual Loops": 5,
                                    "Inner Unique": false,
                                    "Hash Cond": "(t.id = mc.movie_id)",
                                    "Workers": [
                                        {
                                            "Worker Number": 0,
                                            "Actual Startup Time": 83.673,
                                            "Actual Total Time": 239.002,
                                            "Actual Rows": 31049,
                                            "Actual Loops": 1
                                        },
                                        {
                                            "Worker Number": 1,
                                            "Actual Startup Time": 83.771,
                                            "Actual Total Time": 239.396,
                                            "Actual Rows": 31228,
                                            "Actual Loops": 1
                                        },
                                        {
                                            "Worker Number": 2,
                                            "Actual Startup Time": 83.836,
                                            "Actual Total Time": 239.759,
                                            "Actual Rows": 41385,
                                            "Actual Loops": 1
                                        },
                                        {
                                            "Worker Number": 3,
                                            "Actual Startup Time": 84.09,
                                            "Actual Total Time": 239.853,
                                            "Actual Rows": 45662,
                                            "Actual Loops": 1
                                        }
                                    ],
                                    "Plans": [
                                        {
                                            "Node Type": "Seq Scan",
                                            "Parent Relationship": "Outer",
                                            "Parallel Aware": true,
                                            "Relation Name": "title",
                                            "Schema": "public",
                                            "Alias": "t",
                                            "Startup Cost": 0.0,
                                            "Total Cost": 43899.01,
                                            "Plan Rows": 470393,
                                            "Plan Width": 4,
                                            "Actual Startup Time": 0.01,
                                            "Actual Total Time": 81.032,
                                            "Actual Rows": 377554,
                                            "Actual Loops": 5,
                                            "Output": [
                                                "t.id",
                                                "t.title",
                                                "t.imdb_index",
                                                "t.kind_id",
                                                "t.production_year",
                                                "t.imdb_id",
                                                "t.phonetic_code",
                                                "t.episode_of_id",
                                                "t.season_nr",
                                                "t.episode_nr",
                                                "t.series_years",
                                                "t.md5sum"
                                            ],
                                            "Filter": "(t.production_year > 1983)",
                                            "Rows Removed by Filter": 128109,
                                            "Workers": [
                                                {
                                                    "Worker Number": 0,
                                                    "Actual Startup Time": 0.011,
                                                    "Actual Total Time": 85.688,
                                                    "Actual Rows": 282876,
                                                    "Actual Loops": 1
                                                },
                                                {
                                                    "Worker Number": 1,
                                                    "Actual Startup Time": 0.01,
                                                    "Actual Total Time": 85.814,
                                                    "Actual Rows": 284436,
                                                    "Actual Loops": 1
                                                },
                                                {
                                                    "Worker Number": 2,
                                                    "Actual Startup Time": 0.011,
                                                    "Actual Total Time": 78.382,
                                                    "Actual Rows": 379082,
                                                    "Actual Loops": 1
                                                },
                                                {
                                                    "Worker Number": 3,
                                                    "Actual Startup Time": 0.008,
                                                    "Actual Total Time": 81.042,
                                                    "Actual Rows": 420385,
                                                    "Actual Loops": 1
                                                }
                                            ]
                                        },
                                        {
                                            "Node Type": "Hash",
                                            "Parent Relationship": "Inner",
                                            "Parallel Aware": true,
                                            "Startup Cost": 28036.92,
                                            "Total Cost": 28036.92,
                                            "Plan Rows": 116044,
                                            "Plan Width": 4,
                                            "Actual Startup Time": 84.502,
                                            "Actual Total Time": 84.504,
                                            "Actual Rows": 70299,
                                            "Actual Loops": 5,
                                            "Output": [
                                                "mc.movie_id"
                                            ],
                                            "Hash Buckets": 524288,
                                            "Original Hash Buckets": 524288,
                                            "Hash Batches": 1,
                                            "Original Hash Batches": 1,
                                            "Peak Memory Usage": 17920,
                                            "Workers": [
                                                {
                                                    "Worker Number": 0,
                                                    "Actual Startup Time": 83.261,
                                                    "Actual Total Time": 83.262,
                                                    "Actual Rows": 49520,
                                                    "Actual Loops": 1
                                                },
                                                {
                                                    "Worker Number": 1,
                                                    "Actual Startup Time": 83.319,
                                                    "Actual Total Time": 83.32,
                                                    "Actual Rows": 48118,
                                                    "Actual Loops": 1
                                                },
                                                {
                                                    "Worker Number": 2,
                                                    "Actual Startup Time": 83.35,
                                                    "Actual Total Time": 83.352,
                                                    "Actual Rows": 48937,
                                                    "Actual Loops": 1
                                                },
                                                {
                                                    "Worker Number": 3,
                                                    "Actual Startup Time": 83.646,
                                                    "Actual Total Time": 83.648,
                                                    "Actual Rows": 54910,
                                                    "Actual Loops": 1
                                                }
                                            ],
                                            "Plans": [
                                                {
                                                    "Node Type": "Bitmap Heap Scan",
                                                    "Parent Relationship": "Outer",
                                                    "Parallel Aware": true,
                                                    "Relation Name": "movie_companies",
                                                    "Schema": "public",
                                                    "Alias": "mc",
                                                    "Startup Cost": 7796.38,
                                                    "Total Cost": 28036.92,
                                                    "Plan Rows": 116044,
                                                    "Plan Width": 4,
                                                    "Actual Startup Time": 15.292,
                                                    "Actual Total Time": 58.321,
                                                    "Actual Rows": 70299,
                                                    "Actual Loops": 5,
                                                    "Output": [
                                                        "mc.movie_id"
                                                    ],
                                                    "Recheck Cond": "(mc.company_id < 169)",
                                                    "Rows Removed by Index Recheck": 0,
                                                    "Exact Heap Blocks": 7261,
                                                    "Lossy Heap Blocks": 0,
                                                    "Workers": [
                                                        {
                                                            "Worker Number": 0,
                                                            "Actual Startup Time": 13.986,
                                                            "Actual Total Time": 58.311,
                                                            "Actual Rows": 49520,
                                                            "Actual Loops": 1
                                                        },
                                                        {
                                                            "Worker Number": 1,
                                                            "Actual Startup Time": 14.217,
                                                            "Actual Total Time": 58.492,
                                                            "Actual Rows": 48118,
                                                            "Actual Loops": 1
                                                        },
                                                        {
                                                            "Worker Number": 2,
                                                            "Actual Startup Time": 14.451,
                                                            "Actual Total Time": 57.979,
                                                            "Actual Rows": 48937,
                                                            "Actual Loops": 1
                                                        },
                                                        {
                                                            "Worker Number": 3,
                                                            "Actual Startup Time": 14.379,
                                                            "Actual Total Time": 58.745,
                                                            "Actual Rows": 54910,
                                                            "Actual Loops": 1
                                                        }
                                                    ],
                                                    "Plans": [
                                                        {
                                                            "Node Type": "Bitmap Index Scan",
                                                            "Parent Relationship": "Outer",
                                                            "Parallel Aware": false,
                                                            "Index Name": "company_id_movie_companies",
                                                            "Startup Cost": 0.0,
                                                            "Total Cost": 7706.44,
                                                            "Plan Rows": 359735,
                                                            "Plan Width": 0,
                                                            "Actual Startup Time": 16.734,
                                                            "Actual Total Time": 16.735,
                                                            "Actual Rows": 351495,
                                                            "Actual Loops": 1,
                                                            "Index Cond": "(mc.company_id < 169)"
                                                        }
                                                    ]
                                                }
                                            ]
                                        }
                                    ]
                                }
                            ]
                        }
                    ]
                }
            ]
        },
        "Planning Time": 189.783,
        "Triggers": [],
        "Execution Time": 269.198
    }
]