[
  {
    "Plan": {
      "Node Type": "Aggregate",
      "Strategy": "Plain",
      "Partial Mode": "Finalize",
      "Parallel Aware": false,
      "Startup Cost": 32553.91,
      "Total Cost": 32553.92,
      "Plan Rows": 1,
      "Plan Width": 8,
      "Actual Startup Time": 32.155,
      "Actual Total Time": 36.284,
      "Actual Rows": 1,
      "Actual Loops": 1,
      "Plans": [
        {
          "Node Type": "Gather",
          "Parent Relationship": "Outer",
          "Parallel Aware": false,
          "Startup Cost": 32553.69,
          "Total Cost": 32553.9,
          "Plan Rows": 2,
          "Plan Width": 8,
          "Actual Startup Time": 32.011,
          "Actual Total Time": 36.276,
          "Actual Rows": 3,
          "Actual Loops": 1,
          "Workers Planned": 2,
          "Workers Launched": 2,
          "Single Copy": false,
          "Plans": [
            {
              "Node Type": "Aggregate",
              "Strategy": "Plain",
              "Partial Mode": "Partial",
              "Parent Relationship": "Outer",
              "Parallel Aware": false,
              "Startup Cost": 31553.69,
              "Total Cost": 31553.7,
              "Plan Rows": 1,
              "Plan Width": 8,
              "Actual Startup Time": 23.925,
              "Actual Total Time": 23.926,
              "Actual Rows": 1,
              "Actual Loops": 3,
              "Plans": [
                {
                  "Node Type": "Nested Loop",
                  "Parent Relationship": "Outer",
                  "Parallel Aware": false,
                  "Join Type": "Inner",
                  "Startup Cost": 137.39,
                  "Total Cost": 31547.17,
                  "Plan Rows": 2609,
                  "Plan Width": 0,
                  "Actual Startup Time": 1.512,
                  "Actual Total Time": 23.541,
                  "Actual Rows": 1716,
                  "Actual Loops": 3,
                  "Inner Unique": true,
                  "Plans": [
                    {
                      "Node Type": "Bitmap Heap Scan",
                      "Parent Relationship": "Outer",
                      "Parallel Aware": true,
                      "Relation Name": "movie_companies",
                      "Alias": "mc",
                      "Startup Cost": 136.96,
                      "Total Cost": 13034.08,
                      "Plan Rows": 2609,
                      "Plan Width": 4,
                      "Actual Startup Time": 1.314,
                      "Actual Total Time": 3.501,
                      "Actual Rows": 1716,
                      "Actual Loops": 3,
                      "Recheck Cond": "(company_id = 1427)",
                      "Rows Removed by Index Recheck": 0,
                      "Exact Heap Blocks": 759,
                      "Lossy Heap Blocks": 0,
                      "Plans": [
                        {
                          "Node Type": "Bitmap Index Scan",
                          "Parent Relationship": "Outer",
                          "Parallel Aware": false,
                          "Index Name": "company_id_movie_companies",
                          "Startup Cost": 0.0,
                          "Total Cost": 135.4,
                          "Plan Rows": 6262,
                          "Plan Width": 0,
                          "Actual Startup Time": 3.268,
                          "Actual Total Time": 3.268,
                          "Actual Rows": 5148,
                          "Actual Loops": 1,
                          "Index Cond": "(company_id = 1427)"
                        }
                      ]
                    },
                    {
                      "Node Type": "Index Only Scan",
                      "Parent Relationship": "Inner",
                      "Parallel Aware": false,
                      "Scan Direction": "Forward",
                      "Index Name": "title_pkey",
                      "Relation Name": "title",
                      "Alias": "t",
                      "Startup Cost": 0.43,
                      "Total Cost": 7.1,
                      "Plan Rows": 1,
                      "Plan Width": 4,
                      "Actual Startup Time": 0.011,
                      "Actual Total Time": 0.011,
                      "Actual Rows": 1,
                      "Actual Loops": 5148,
                      "Index Cond": "(id = mc.movie_id)",
                      "Rows Removed by Index Recheck": 0,
                      "Heap Fetches": 5148
                    }
                  ]
                }
              ]
            }
          ]
        }
      ]
    },
    "Planning Time": 0.544,
    "Triggers": [],
    "Execution Time": 36.357
  }
]