[
  {
    "Plan": {
      "Node Type": "Aggregate",
      "Strategy": "Plain",
      "Partial Mode": "Finalize",
      "Parallel Aware": false,
      "Startup Cost": 91627.11,
      "Total Cost": 91627.12,
      "Plan Rows": 1,
      "Plan Width": 8,
      "Actual Startup Time": 282.74,
      "Actual Total Time": 300.131,
      "Actual Rows": 1,
      "Actual Loops": 1,
      "Plans": [
        {
          "Node Type": "Gather",
          "Parent Relationship": "Outer",
          "Parallel Aware": false,
          "Startup Cost": 91626.79,
          "Total Cost": 91627.1,
          "Plan Rows": 3,
          "Plan Width": 8,
          "Actual Startup Time": 281.363,
          "Actual Total Time": 300.121,
          "Actual Rows": 4,
          "Actual Loops": 1,
          "Workers Planned": 3,
          "Workers Launched": 3,
          "Single Copy": false,
          "Plans": [
            {
              "Node Type": "Aggregate",
              "Strategy": "Plain",
              "Partial Mode": "Partial",
              "Parent Relationship": "Outer",
              "Parallel Aware": false,
              "Startup Cost": 90626.79,
              "Total Cost": 90626.8,
              "Plan Rows": 1,
              "Plan Width": 8,
              "Actual Startup Time": 273.031,
              "Actual Total Time": 273.034,
              "Actual Rows": 1,
              "Actual Loops": 4,
              "Plans": [
                {
                  "Node Type": "Hash Join",
                  "Parent Relationship": "Outer",
                  "Parallel Aware": true,
                  "Join Type": "Inner",
                  "Startup Cost": 45649.54,
                  "Total Cost": 90580.99,
                  "Plan Rows": 18320,
                  "Plan Width": 0,
                  "Actual Startup Time": 117.725,
                  "Actual Total Time": 270.498,
                  "Actual Rows": 59469,
                  "Actual Loops": 4,
                  "Inner Unique": true,
                  "Hash Cond": "(mk.movie_id = t.id)",
                  "Plans": [
                    {
                      "Node Type": "Seq Scan",
                      "Parent Relationship": "Outer",
                      "Parallel Aware": true,
                      "Relation Name": "movie_keyword",
                      "Alias": "mk",
                      "Startup Cost": 0.0,
                      "Total Cost": 42695.65,
                      "Plan Rows": 851735,
                      "Plan Width": 4,
                      "Actual Startup Time": 0.029,
                      "Actual Total Time": 101.493,
                      "Actual Rows": 663475,
                      "Actual Loops": 4,
                      "Filter": "(keyword_id < 7359)",
                      "Rows Removed by Filter": 467507
                    },
                    {
                      "Node Type": "Hash",
                      "Parent Relationship": "Inner",
                      "Parallel Aware": true,
                      "Startup Cost": 45479.59,
                      "Total Cost": 45479.59,
                      "Plan Rows": 13596,
                      "Plan Width": 4,
                      "Actual Startup Time": 114.046,
                      "Actual Total Time": 114.047,
                      "Actual Rows": 37409,
                      "Actual Loops": 4,
                      "Hash Buckets": 262144,
                      "Original Hash Buckets": 65536,
                      "Hash Batches": 1,
                      "Original Hash Batches": 1,
                      "Peak Memory Usage": 9504,
                      "Plans": [
                        {
                          "Node Type": "Seq Scan",
                          "Parent Relationship": "Outer",
                          "Parallel Aware": true,
                          "Relation Name": "title",
                          "Alias": "t",
                          "Startup Cost": 0.0,
                          "Total Cost": 45479.59,
                          "Plan Rows": 13596,
                          "Plan Width": 4,
                          "Actual Startup Time": 35.571,
                          "Actual Total Time": 96.737,
                          "Actual Rows": 37409,
                          "Actual Loops": 4,
                          "Filter": "((kind_id < 7) AND (production_year < 1944))",
                          "Rows Removed by Filter": 594669
                        }
                      ]
                    }
                  ]
                }
              ]
            }
          ]
        }
      ]
    },
    "Planning Time": 0.294,
    "Triggers": [],
    "Execution Time": 300.173
  }
]