[
  {
    "Plan": {
      "Node Type": "Aggregate",
      "Strategy": "Plain",
      "Partial Mode": "Finalize",
      "Parallel Aware": false,
      "Startup Cost": 32702.11,
      "Total Cost": 32702.12,
      "Plan Rows": 1,
      "Plan Width": 8,
      "Actual Startup Time": 93.252,
      "Actual Total Time": 104.307,
      "Actual Rows": 1,
      "Actual Loops": 1,
      "Plans": [
        {
          "Node Type": "Gather",
          "Parent Relationship": "Outer",
          "Parallel Aware": false,
          "Startup Cost": 32701.79,
          "Total Cost": 32702.1,
          "Plan Rows": 3,
          "Plan Width": 8,
          "Actual Startup Time": 93.086,
          "Actual Total Time": 104.296,
          "Actual Rows": 4,
          "Actual Loops": 1,
          "Workers Planned": 3,
          "Workers Launched": 3,
          "Single Copy": false,
          "Plans": [
            {
              "Node Type": "Aggregate",
              "Strategy": "Plain",
              "Partial Mode": "Partial",
              "Parent Relationship": "Outer",
              "Parallel Aware": false,
              "Startup Cost": 31701.79,
              "Total Cost": 31701.8,
              "Plan Rows": 1,
              "Plan Width": 8,
              "Actual Startup Time": 85.266,
              "Actual Total Time": 85.268,
              "Actual Rows": 1,
              "Actual Loops": 4,
              "Plans": [
                {
                  "Node Type": "Seq Scan",
                  "Parent Relationship": "Outer",
                  "Parallel Aware": true,
                  "Relation Name": "movie_companies",
                  "Alias": "mc",
                  "Startup Cost": 0.0,
                  "Total Cost": 31414.82,
                  "Plan Rows": 114788,
                  "Plan Width": 0,
                  "Actual Startup Time": 46.165,
                  "Actual Total Time": 82.405,
                  "Actual Rows": 49622,
                  "Actual Loops": 4,
                  "Filter": "((company_id < 1284) AND (company_type_id = 2))",
                  "Rows Removed by Filter": 602660
                }
              ]
            }
          ]
        }
      ]
    },
    "Planning Time": 0.102,
    "Triggers": [],
    "Execution Time": 104.337
  }
]