{
  "Plan": {
    "Node Type": "Aggregate",
    "Strategy": "Plain",
    "Partial Mode": "Finalize",
    "Parallel Aware": false,
    "Startup Cost": 231792.26,
    "Total Cost": 231792.27,
    "Plan Rows": 1,
    "Plan Width": 8,
    "Actual Startup Time": 268.718,
    "Actual Total Time": 278.245,
    "Actual Rows": 1,
    "Actual Loops": 1,
    "Plans": [
      {
        "Node Type": "Gather",
        "Parent Relationship": "Outer",
        "Parallel Aware": false,
        "Startup Cost": 231792.15,
        "Total Cost": 231792.26,
        "Plan Rows": 1,
        "Plan Width": 8,
        "Actual Startup Time": 268.42,
        "Actual Total Time": 278.236,
        "Actual Rows": 2,
        "Actual Loops": 1,
        "Workers Planned": 1,
        "Workers Launched": 1,
        "Single Copy": false,
        "Plans": [
          {
            "Node Type": "Aggregate",
            "Strategy": "Plain",
            "Partial Mode": "Partial",
            "Parent Relationship": "Outer",
            "Parallel Aware": false,
            "Startup Cost": 230792.15,
            "Total Cost": 230792.16,
            "Plan Rows": 1,
            "Plan Width": 8,
            "Actual Startup Time": 262.209,
            "Actual Total Time": 262.214,
            "Actual Rows": 1,
            "Actual Loops": 2,
            "Plans": [
              {
                "Node Type": "Nested Loop",
                "Parent Relationship": "Outer",
                "Parallel Aware": false,
                "Join Type": "Inner",
                "Startup Cost": 54038.94,
                "Total Cost": 230787.81,
                "Plan Rows": 1735,
                "Plan Width": 0,
                "Actual Startup Time": 116.552,
                "Actual Total Time": 261.791,
                "Actual Rows": 5736,
                "Actual Loops": 2,
                "Inner Unique": false,
                "Join Filter": "(t.id = mc.movie_id)",
                "Rows Removed by Join Filter": 0,
                "Plans": [
                  {
                    "Node Type": "Hash Join",
                    "Parent Relationship": "Outer",
                    "Parallel Aware": true,
                    "Join Type": "Inner",
                    "Startup Cost": 54038.51,
                    "Total Cost": 229688.82,
                    "Plan Rows": 1681,
                    "Plan Width": 8,
                    "Actual Startup Time": 116.412,
                    "Actual Total Time": 247.098,
                    "Actual Rows": 1938,
                    "Actual Loops": 2,
                    "Inner Unique": true,
                    "Hash Cond": "(mi.movie_id = t.id)",
                    "Plans": [
                      {
                        "Node Type": "Bitmap Heap Scan",
                        "Parent Relationship": "Outer",
                        "Parallel Aware": true,
                        "Relation Name": "movie_info",
                        "Alias": "mi",
                        "Startup Cost": 27808.97,
                        "Total Cost": 201089.01,
                        "Plan Rows": 902963,
                        "Plan Width": 4,
                        "Actual Startup Time": 70.761,
                        "Actual Total Time": 151.578,
                        "Actual Rows": 766954,
                        "Actual Loops": 2,
                        "Recheck Cond": "(info_type_id = 3)",
                        "Rows Removed by Index Recheck": 0,
                        "Exact Heap Blocks": 4505,
                        "Lossy Heap Blocks": 0,
                        "Plans": [
                          {
                            "Node Type": "Bitmap Index Scan",
                            "Parent Relationship": "Outer",
                            "Parallel Aware": false,
                            "Index Name": "info_type_id_movie_info",
                            "Startup Cost": 0.0,
                            "Total Cost": 27425.21,
                            "Plan Rows": 1535037,
                            "Plan Width": 0,
                            "Actual Startup Time": 68.333,
                            "Actual Total Time": 68.334,
                            "Actual Rows": 1533909,
                            "Actual Loops": 1,
                            "Index Cond": "(info_type_id = 3)"
                          }
                        ]
                      },
                      {
                        "Node Type": "Hash",
                        "Parent Relationship": "Inner",
                        "Parallel Aware": true,
                        "Startup Cost": 26194.92,
                        "Total Cost": 26194.92,
                        "Plan Rows": 2769,
                        "Plan Width": 4,
                        "Actual Startup Time": 24.425,
                        "Actual Total Time": 24.426,
                        "Actual Rows": 1344,
                        "Actual Loops": 2,
                        "Hash Buckets": 8192,
                        "Original Hash Buckets": 8192,
                        "Hash Batches": 1,
                        "Original Hash Batches": 1,
                        "Peak Memory Usage": 192,
                        "Plans": [
                          {
                            "Node Type": "Bitmap Heap Scan",
                            "Parent Relationship": "Outer",
                            "Parallel Aware": true,
                            "Relation Name": "title",
                            "Alias": "t",
                            "Startup Cost": 235.58,
                            "Total Cost": 26194.92,
                            "Plan Rows": 2769,
                            "Plan Width": 4,
                            "Actual Startup Time": 5.719,
                            "Actual Total Time": 23.745,
                            "Actual Rows": 1344,
                            "Actual Loops": 2,
                            "Recheck Cond": "(kind_id = 6)",
                            "Rows Removed by Index Recheck": 0,
                            "Filter": "(production_year > 2006)",
                            "Rows Removed by Filter": 4956,
                            "Exact Heap Blocks": 7114,
                            "Lossy Heap Blocks": 0,
                            "Plans": [
                              {
                                "Node Type": "Bitmap Index Scan",
                                "Parent Relationship": "Outer",
                                "Parallel Aware": false,
                                "Index Name": "kind_id_title",
                                "Startup Cost": 0.0,
                                "Total Cost": 234.4,
                                "Plan Rows": 13063,
                                "Plan Width": 0,
                                "Actual Startup Time": 6.305,
                                "Actual Total Time": 6.305,
                                "Actual Rows": 12600,
                                "Actual Loops": 1,
                                "Index Cond": "(kind_id = 6)"
                              }
                            ]
                          }
                        ]
                      }
                    ]
                  },
                  {
                    "Node Type": "Index Only Scan",
                    "Parent Relationship": "Inner",
                    "Parallel Aware": false,
                    "Scan Direction": "Forward",
                    "Index Name": "movie_id_movie_companies",
                    "Relation Name": "movie_companies",
                    "Alias": "mc",
                    "Startup Cost": 0.43,
                    "Total Cost": 0.59,
                    "Plan Rows": 5,
                    "Plan Width": 4,
                    "Actual Startup Time": 0.005,
                    "Actual Total Time": 0.007,
                    "Actual Rows": 3,
                    "Actual Loops": 3876,
                    "Index Cond": "(movie_id = mi.movie_id)",
                    "Rows Removed by Index Recheck": 0,
                    "Heap Fetches": 11472
                  }
                ]
              }
            ]
          }
        ]
      }
    ]
  },
  "Planning Time": 1.04,
  "Triggers": [],
  "Execution Time": 278.364
}