[
  {
    "Plan": {
      "Node Type": "Aggregate",
      "Strategy": "Plain",
      "Partial Mode": "Finalize",
      "Parallel Aware": false,
      "Startup Cost": 46972.32,
      "Total Cost": 46972.33,
      "Plan Rows": 1,
      "Plan Width": 8,
      "Actual Startup Time": 209.863,
      "Actual Total Time": 221.682,
      "Actual Rows": 1,
      "Actual Loops": 1,
      "Plans": [
        {
          "Node Type": "Gather",
          "Parent Relationship": "Outer",
          "Parallel Aware": false,
          "Startup Cost": 46972.01,
          "Total Cost": 46972.32,
          "Plan Rows": 3,
          "Plan Width": 8,
          "Actual Startup Time": 209.65,
          "Actual Total Time": 221.669,
          "Actual Rows": 4,
          "Actual Loops": 1,
          "Workers Planned": 3,
          "Workers Launched": 3,
          "Single Copy": false,
          "Plans": [
            {
              "Node Type": "Aggregate",
              "Strategy": "Plain",
              "Partial Mode": "Partial",
              "Parent Relationship": "Outer",
              "Parallel Aware": false,
              "Startup Cost": 45972.01,
              "Total Cost": 45972.02,
              "Plan Rows": 1,
              "Plan Width": 8,
              "Actual Startup Time": 200.635,
              "Actual Total Time": 200.637,
              "Actual Rows": 1,
              "Actual Loops": 4,
              "Plans": [
                {
                  "Node Type": "Seq Scan",
                  "Parent Relationship": "Outer",
                  "Parallel Aware": true,
                  "Relation Name": "movie_keyword",
                  "Alias": "mk",
                  "Startup Cost": 0.0,
                  "Total Cost": 42695.65,
                  "Plan Rows": 1310541,
                  "Plan Width": 0,
                  "Actual Startup Time": 0.061,
                  "Actual Total Time": 147.899,
                  "Actual Rows": 1016813,
                  "Actual Loops": 4,
                  "Filter": "(keyword_id < 38828)",
                  "Rows Removed by Filter": 114169
                }
              ]
            }
          ]
        }
      ]
    },
    "Planning Time": 0.189,
    "Triggers": [],
    "Execution Time": 221.742
  }
]