{
  "Plan": {
    "Node Type": "Aggregate",
    "Strategy": "Plain",
    "Partial Mode": "Simple",
    "Parallel Aware": false,
    "Startup Cost": 20000293436.26,
    "Total Cost": 20000293436.27,
    "Plan Rows": 1,
    "Plan Width": 64,
    "Actual Startup Time": 1133.711,
    "Actual Total Time": 1201.096,
    "Actual Rows": 1,
    "Actual Loops": 1,
    "Plans": [
      {
        "Node Type": "Gather",
        "Parent Relationship": "Outer",
        "Parallel Aware": false,
        "Startup Cost": 20000064024.25,
        "Total Cost": 20000293436.25,
        "Plan Rows": 1,
        "Plan Width": 23,
        "Actual Startup Time": 1133.017,
        "Actual Total Time": 1201.062,
        "Actual Rows": 3,
        "Actual Loops": 1,
        "Workers Planned": 5,
        "Workers Launched": 5,
        "Single Copy": false,
        "Plans": [
          {
            "Node Type": "Nested Loop",
            "Parent Relationship": "Outer",
            "Parallel Aware": false,
            "Join Type": "Inner",
            "Startup Cost": 20000063024.25,
            "Total Cost": 20000292436.15,
            "Plan Rows": 1,
            "Plan Width": 23,
            "Actual Startup Time": 1080.674,
            "Actual Total Time": 1119.136,
            "Actual Rows": 0,
            "Actual Loops": 6,
            "Inner Unique": true,
            "Plans": [
              {
                "Node Type": "Hash Join",
                "Parent Relationship": "Outer",
                "Parallel Aware": true,
                "Join Type": "Inner",
                "Startup Cost": 20000063024.11,
                "Total Cost": 20000292435.97,
                "Plan Rows": 1,
                "Plan Width": 27,
                "Actual Startup Time": 1080.653,
                "Actual Total Time": 1119.113,
                "Actual Rows": 0,
                "Actual Loops": 6,
                "Inner Unique": false,
                "Hash Cond": "(mi.movie_id = t.id)",
                "Plans": [
                  {
                    "Node Type": "Seq Scan",
                    "Parent Relationship": "Outer",
                    "Parallel Aware": true,
                    "Relation Name": "movie_info",
                    "Alias": "mi",
                    "Startup Cost": 0.0,
                    "Total Cost": 228901.28,
                    "Plan Rows": 136153,
                    "Plan Width": 8,
                    "Actual Startup Time": 0.361,
                    "Actual Total Time": 863.459,
                    "Actual Rows": 117779,
                    "Actual Loops": 6,
                    "Filter": "(info = ANY ('{Sweden,Norway,Germany,Denmark,Swedish,Denish,Norwegian,German,USA,American}'::text[]))",
                    "Rows Removed by Filter": 2354841
                  },
                  {
                    "Node Type": "Hash",
                    "Parent Relationship": "Inner",
                    "Parallel Aware": true,
                    "Startup Cost": 20000063024.1,
                    "Total Cost": 20000063024.1,
                    "Plan Rows": 1,
                    "Plan Width": 35,
                    "Actual Startup Time": 244.518,
                    "Actual Total Time": 244.532,
                    "Actual Rows": 0,
                    "Actual Loops": 6,
                    "Hash Buckets": 1024,
                    "Original Hash Buckets": 1024,
                    "Hash Batches": 1,
                    "Original Hash Batches": 1,
                    "Peak Memory Usage": 72,
                    "Plans": [
                      {
                        "Node Type": "Nested Loop",
                        "Parent Relationship": "Outer",
                        "Parallel Aware": false,
                        "Join Type": "Inner",
                        "Startup Cost": 20000043934.1,
                        "Total Cost": 20000063024.1,
                        "Plan Rows": 1,
                        "Plan Width": 35,
                        "Actual Startup Time": 236.355,
                        "Actual Total Time": 244.269,
                        "Actual Rows": 0,
                        "Actual Loops": 6,
                        "Inner Unique": true,
                        "Plans": [
                          {
                            "Node Type": "Nested Loop",
                            "Parent Relationship": "Outer",
                            "Parallel Aware": false,
                            "Join Type": "Inner",
                            "Startup Cost": 20000043933.96,
                            "Total Cost": 20000063023.92,
                            "Plan Rows": 1,
                            "Plan Width": 39,
                            "Actual Startup Time": 236.329,
                            "Actual Total Time": 244.251,
                            "Actual Rows": 2,
                            "Actual Loops": 6,
                            "Inner Unique": true,
                            "Plans": [
                              {
                                "Node Type": "Nested Loop",
                                "Parent Relationship": "Outer",
                                "Parallel Aware": false,
                                "Join Type": "Inner",
                                "Startup Cost": 10000043933.54,
                                "Total Cost": 10000062482.49,
                                "Plan Rows": 1220,
                                "Plan Width": 43,
                                "Actual Startup Time": 182.568,
                                "Actual Total Time": 236.797,
                                "Actual Rows": 2151,
                                "Actual Loops": 6,
                                "Inner Unique": false,
                                "Join Filter": "(t.id = mk.movie_id)",
                                "Rows Removed by Join Filter": 0,
                                "Plans": [
                                  {
                                    "Node Type": "Hash Join",
                                    "Parent Relationship": "Outer",
                                    "Parallel Aware": true,
                                    "Join Type": "Inner",
                                    "Startup Cost": 43933.11,
                                    "Total Cost": 61153.52,
                                    "Plan Rows": 682,
                                    "Plan Width": 35,
                                    "Actual Startup Time": 182.328,
                                    "Actual Total Time": 226.755,
                                    "Actual Rows": 1494,
                                    "Actual Loops": 6,
                                    "Inner Unique": false,
                                    "Hash Cond": "(mi_idx.movie_id = t.id)",
                                    "Plans": [
                                      {
                                        "Node Type": "Seq Scan",
                                        "Parent Relationship": "Outer",
                                        "Parallel Aware": true,
                                        "Relation Name": "movie_info_idx",
                                        "Alias": "mi_idx",
                                        "Startup Cost": 0.0,
                                        "Total Cost": 15122.68,
                                        "Plan Rows": 558940,
                                        "Plan Width": 14,
                                        "Actual Startup Time": 0.077,
                                        "Actual Total Time": 47.671,
                                        "Actual Rows": 222939,
                                        "Actual Loops": 6,
                                        "Filter": "(info < '8.5'::text)",
                                        "Rows Removed by Filter": 7067
                                      },
                                      {
                                        "Node Type": "Hash",
                                        "Parent Relationship": "Inner",
                                        "Parallel Aware": true,
                                        "Startup Cost": 43923.46,
                                        "Total Cost": 43923.46,
                                        "Plan Rows": 772,
                                        "Plan Width": 21,
                                        "Actual Startup Time": 152.066,
                                        "Actual Total Time": 152.071,
                                        "Actual Rows": 4084,
                                        "Actual Loops": 6,
                                        "Hash Buckets": 32768,
                                        "Original Hash Buckets": 4096,
                                        "Hash Batches": 1,
                                        "Original Hash Batches": 1,
                                        "Peak Memory Usage": 2144,
                                        "Plans": [
                                          {
                                            "Node Type": "Hash Join",
                                            "Parent Relationship": "Outer",
                                            "Parallel Aware": false,
                                            "Join Type": "Inner",
                                            "Startup Cost": 1.1,
                                            "Total Cost": 43923.46,
                                            "Plan Rows": 772,
                                            "Plan Width": 21,
                                            "Actual Startup Time": 97.081,
                                            "Actual Total Time": 140.453,
                                            "Actual Rows": 4084,
                                            "Actual Loops": 6,
                                            "Inner Unique": true,
                                            "Hash Cond": "(t.kind_id = kt.id)",
                                            "Plans": [
                                              {
                                                "Node Type": "Seq Scan",
                                                "Parent Relationship": "Outer",
                                                "Parallel Aware": true,
                                                "Relation Name": "title",
                                                "Alias": "t",
                                                "Startup Cost": 0.0,
                                                "Total Cost": 43899.59,
                                                "Plan Rows": 5401,
                                                "Plan Width": 25,
                                                "Actual Startup Time": 90.006,
                                                "Actual Total Time": 138.692,
                                                "Actual Rows": 4085,
                                                "Actual Loops": 6,
                                                "Filter": "(production_year < 1910)",
                                                "Rows Removed by Filter": 417301
                                              },
                                              {
                                                "Node Type": "Hash",
                                                "Parent Relationship": "Inner",
                                                "Parallel Aware": false,
                                                "Startup Cost": 1.09,
                                                "Total Cost": 1.09,
                                                "Plan Rows": 1,
                                                "Plan Width": 4,
                                                "Actual Startup Time": 0.067,
                                                "Actual Total Time": 0.068,
                                                "Actual Rows": 1,
                                                "Actual Loops": 6,
                                                "Hash Buckets": 1024,
                                                "Original Hash Buckets": 1024,
                                                "Hash Batches": 1,
                                                "Original Hash Batches": 1,
                                                "Peak Memory Usage": 9,
                                                "Plans": [
                                                  {
                                                    "Node Type": "Seq Scan",
                                                    "Parent Relationship": "Outer",
                                                    "Parallel Aware": false,
                                                    "Relation Name": "kind_type",
                                                    "Alias": "kt",
                                                    "Startup Cost": 0.0,
                                                    "Total Cost": 1.09,
                                                    "Plan Rows": 1,
                                                    "Plan Width": 4,
                                                    "Actual Startup Time": 0.047,
                                                    "Actual Total Time": 0.049,
                                                    "Actual Rows": 1,
                                                    "Actual Loops": 6,
                                                    "Filter": "((kind)::text = 'movie'::text)",
                                                    "Rows Removed by Filter": 6
                                                  }
                                                ]
                                              }
                                            ]
                                          }
                                        ]
                                      }
                                    ]
                                  },
                                  {
                                    "Node Type": "Index Scan",
                                    "Parent Relationship": "Inner",
                                    "Parallel Aware": false,
                                    "Scan Direction": "Forward",
                                    "Index Name": "movie_id_movie_keyword",
                                    "Relation Name": "movie_keyword",
                                    "Alias": "mk",
                                    "Startup Cost": 0.43,
                                    "Total Cost": 1.37,
                                    "Plan Rows": 46,
                                    "Plan Width": 8,
                                    "Actual Startup Time": 0.006,
                                    "Actual Total Time": 0.006,
                                    "Actual Rows": 1,
                                    "Actual Loops": 8962,
                                    "Index Cond": "(movie_id = mi_idx.movie_id)",
                                    "Rows Removed by Index Recheck": 0
                                  }
                                ]
                              },
                              {
                                "Node Type": "Index Scan",
                                "Parent Relationship": "Inner",
                                "Parallel Aware": false,
                                "Scan Direction": "Forward",
                                "Index Name": "keyword_pkey",
                                "Relation Name": "keyword",
                                "Alias": "k",
                                "Startup Cost": 0.42,
                                "Total Cost": 0.44,
                                "Plan Rows": 1,
                                "Plan Width": 4,
                                "Actual Startup Time": 0.003,
                                "Actual Total Time": 0.003,
                                "Actual Rows": 0,
                                "Actual Loops": 12904,
                                "Index Cond": "(id = mk.keyword_id)",
                                "Rows Removed by Index Recheck": 0,
                                "Filter": "(keyword = ANY ('{murder,murder-in-title,blood,violence}'::text[]))",
                                "Rows Removed by Filter": 1
                              }
                            ]
                          },
                          {
                            "Node Type": "Index Scan",
                            "Parent Relationship": "Inner",
                            "Parallel Aware": false,
                            "Scan Direction": "Forward",
                            "Index Name": "info_type_pkey",
                            "Relation Name": "info_type",
                            "Alias": "it2",
                            "Startup Cost": 0.14,
                            "Total Cost": 0.16,
                            "Plan Rows": 1,
                            "Plan Width": 4,
                            "Actual Startup Time": 0.008,
                            "Actual Total Time": 0.008,
                            "Actual Rows": 0,
                            "Actual Loops": 9,
                            "Index Cond": "(id = mi_idx.info_type_id)",
                            "Rows Removed by Index Recheck": 0,
                            "Filter": "((info)::text = 'rating'::text)",
                            "Rows Removed by Filter": 1
                          }
                        ]
                      }
                    ]
                  }
                ]
              },
              {
                "Node Type": "Index Scan",
                "Parent Relationship": "Inner",
                "Parallel Aware": false,
                "Scan Direction": "Forward",
                "Index Name": "info_type_pkey",
                "Relation Name": "info_type",
                "Alias": "it1",
                "Startup Cost": 0.14,
                "Total Cost": 0.16,
                "Plan Rows": 1,
                "Plan Width": 4,
                "Actual Startup Time": 0.034,
                "Actual Total Time": 0.034,
                "Actual Rows": 1,
                "Actual Loops": 3,
                "Index Cond": "(id = mi.info_type_id)",
                "Rows Removed by Index Recheck": 0,
                "Filter": "((info)::text = 'countries'::text)",
                "Rows Removed by Filter": 0
              }
            ]
          }
        ]
      }
    ]
  },
  "Planning Time": 13.93,
  "Triggers": [],
  "Execution Time": 1201.885
}