[
  {
    "Plan": {
      "Node Type": "Aggregate",
      "Strategy": "Plain",
      "Partial Mode": "Finalize",
      "Parallel Aware": false,
      "Startup Cost": 44775.97,
      "Total Cost": 44775.98,
      "Plan Rows": 1,
      "Plan Width": 8,
      "Actual Startup Time": 119.051,
      "Actual Total Time": 129.538,
      "Actual Rows": 1,
      "Actual Loops": 1,
      "Plans": [
        {
          "Node Type": "Gather",
          "Parent Relationship": "Outer",
          "Parallel Aware": false,
          "Startup Cost": 44775.65,
          "Total Cost": 44775.96,
          "Plan Rows": 3,
          "Plan Width": 8,
          "Actual Startup Time": 118.903,
          "Actual Total Time": 129.529,
          "Actual Rows": 4,
          "Actual Loops": 1,
          "Workers Planned": 3,
          "Workers Launched": 3,
          "Single Copy": false,
          "Plans": [
            {
              "Node Type": "Aggregate",
              "Strategy": "Plain",
              "Partial Mode": "Partial",
              "Parent Relationship": "Outer",
              "Parallel Aware": false,
              "Startup Cost": 43775.65,
              "Total Cost": 43775.66,
              "Plan Rows": 1,
              "Plan Width": 8,
              "Actual Startup Time": 114.877,
              "Actual Total Time": 114.878,
              "Actual Rows": 1,
              "Actual Loops": 4,
              "Plans": [
                {
                  "Node Type": "Seq Scan",
                  "Parent Relationship": "Outer",
                  "Parallel Aware": true,
                  "Relation Name": "movie_keyword",
                  "Alias": "mk",
                  "Startup Cost": 0.0,
                  "Total Cost": 42695.65,
                  "Plan Rows": 431999,
                  "Plan Width": 0,
                  "Actual Startup Time": 0.031,
                  "Actual Total Time": 99.696,
                  "Actual Rows": 336314,
                  "Actual Loops": 4,
                  "Filter": "(keyword_id < 1752)",
                  "Rows Removed by Filter": 794668
                }
              ]
            }
          ]
        }
      ]
    },
    "Planning Time": 0.122,
    "Triggers": [],
    "Execution Time": 129.581
  }
]