[
  {
    "Plan": {
      "Node Type": "Aggregate",
      "Strategy": "Plain",
      "Partial Mode": "Simple",
      "Parallel Aware": false,
      "Startup Cost": 4820.33,
      "Total Cost": 4820.34,
      "Plan Rows": 1,
      "Plan Width": 8,
      "Actual Startup Time": 11.592,
      "Actual Total Time": 11.594,
      "Actual Rows": 1,
      "Actual Loops": 1,
      "Plans": [
        {
          "Node Type": "Nested Loop",
          "Parent Relationship": "Outer",
          "Parallel Aware": false,
          "Join Type": "Inner",
          "Startup Cost": 1.43,
          "Total Cost": 4819.6,
          "Plan Rows": 295,
          "Plan Width": 0,
          "Actual Startup Time": 10.911,
          "Actual Total Time": 11.585,
          "Actual Rows": 1,
          "Actual Loops": 1,
          "Inner Unique": false,
          "Plans": [
            {
              "Node Type": "Nested Loop",
              "Parent Relationship": "Outer",
              "Parallel Aware": false,
              "Join Type": "Inner",
              "Startup Cost": 0.99,
              "Total Cost": 4508.97,
              "Plan Rows": 165,
              "Plan Width": 8,
              "Actual Startup Time": 10.883,
              "Actual Total Time": 11.553,
              "Actual Rows": 1,
              "Actual Loops": 1,
              "Inner Unique": true,
              "Plans": [
                {
                  "Node Type": "Index Scan",
                  "Parent Relationship": "Outer",
                  "Parallel Aware": false,
                  "Scan Direction": "Forward",
                  "Index Name": "person_id_cast_info",
                  "Relation Name": "cast_info",
                  "Alias": "ci",
                  "Startup Cost": 0.56,
                  "Total Cost": 987.07,
                  "Plan Rows": 422,
                  "Plan Width": 4,
                  "Actual Startup Time": 10.842,
                  "Actual Total Time": 10.903,
                  "Actual Rows": 82,
                  "Actual Loops": 1,
                  "Index Cond": "(person_id = 1221217)",
                  "Rows Removed by Index Recheck": 0,
                  "Filter": "(role_id < 10)",
                  "Rows Removed by Filter": 0
                },
                {
                  "Node Type": "Index Scan",
                  "Parent Relationship": "Inner",
                  "Parallel Aware": false,
                  "Scan Direction": "Forward",
                  "Index Name": "title_pkey",
                  "Relation Name": "title",
                  "Alias": "t",
                  "Startup Cost": 0.43,
                  "Total Cost": 8.35,
                  "Plan Rows": 1,
                  "Plan Width": 4,
                  "Actual Startup Time": 0.007,
                  "Actual Total Time": 0.007,
                  "Actual Rows": 0,
                  "Actual Loops": 82,
                  "Index Cond": "(id = ci.movie_id)",
                  "Rows Removed by Index Recheck": 0,
                  "Filter": "(kind_id < 7)",
                  "Rows Removed by Filter": 1
                }
              ]
            },
            {
              "Node Type": "Index Only Scan",
              "Parent Relationship": "Inner",
              "Parallel Aware": false,
              "Scan Direction": "Forward",
              "Index Name": "movie_id_movie_keyword",
              "Relation Name": "movie_keyword",
              "Alias": "mk",
              "Startup Cost": 0.43,
              "Total Cost": 1.42,
              "Plan Rows": 46,
              "Plan Width": 4,
              "Actual Startup Time": 0.024,
              "Actual Total Time": 0.027,
              "Actual Rows": 1,
              "Actual Loops": 1,
              "Index Cond": "(movie_id = t.id)",
              "Rows Removed by Index Recheck": 0,
              "Heap Fetches": 1
            }
          ]
        }
      ]
    },
    "Planning Time": 1.333,
    "Triggers": [],
    "Execution Time": 11.672
  }
]