[
  {
    "Plan": {
      "Node Type": "Aggregate",
      "Strategy": "Plain",
      "Partial Mode": "Finalize",
      "Parallel Aware": false,
      "Startup Cost": 81095.31,
      "Total Cost": 81095.32,
      "Plan Rows": 1,
      "Plan Width": 8,
      "Actual Startup Time": 461.107,
      "Actual Total Time": 476.706,
      "Actual Rows": 1,
      "Actual Loops": 1,
      "Plans": [
        {
          "Node Type": "Gather",
          "Parent Relationship": "Outer",
          "Parallel Aware": false,
          "Startup Cost": 81094.99,
          "Total Cost": 81095.3,
          "Plan Rows": 3,
          "Plan Width": 8,
          "Actual Startup Time": 446.686,
          "Actual Total Time": 476.696,
          "Actual Rows": 4,
          "Actual Loops": 1,
          "Workers Planned": 3,
          "Workers Launched": 3,
          "Single Copy": false,
          "Plans": [
            {
              "Node Type": "Aggregate",
              "Strategy": "Plain",
              "Partial Mode": "Partial",
              "Parent Relationship": "Outer",
              "Parallel Aware": false,
              "Startup Cost": 80094.99,
              "Total Cost": 80095.0,
              "Plan Rows": 1,
              "Plan Width": 8,
              "Actual Startup Time": 439.135,
              "Actual Total Time": 439.139,
              "Actual Rows": 1,
              "Actual Loops": 4,
              "Plans": [
                {
                  "Node Type": "Hash Join",
                  "Parent Relationship": "Outer",
                  "Parallel Aware": true,
                  "Join Type": "Inner",
                  "Startup Cost": 49137.9,
                  "Total Cost": 79457.76,
                  "Plan Rows": 254891,
                  "Plan Width": 0,
                  "Actual Startup Time": 279.023,
                  "Actual Total Time": 435.416,
                  "Actual Rows": 79058,
                  "Actual Loops": 4,
                  "Inner Unique": true,
                  "Hash Cond": "(mc.movie_id = t.id)",
                  "Plans": [
                    {
                      "Node Type": "Seq Scan",
                      "Parent Relationship": "Outer",
                      "Parallel Aware": true,
                      "Relation Name": "movie_companies",
                      "Alias": "mc",
                      "Startup Cost": 0.0,
                      "Total Cost": 29310.68,
                      "Plan Rows": 384451,
                      "Plan Width": 4,
                      "Actual Startup Time": 9.715,
                      "Actual Total Time": 70.728,
                      "Actual Rows": 295429,
                      "Actual Loops": 4,
                      "Filter": "(company_id > 12594)",
                      "Rows Removed by Filter": 356853
                    },
                    {
                      "Node Type": "Hash",
                      "Parent Relationship": "Inner",
                      "Parallel Aware": true,
                      "Startup Cost": 43899.32,
                      "Total Cost": 43899.32,
                      "Plan Rows": 419086,
                      "Plan Width": 4,
                      "Actual Startup Time": 264.572,
                      "Actual Total Time": 264.573,
                      "Actual Rows": 418524,
                      "Actual Loops": 4,
                      "Hash Buckets": 2097152,
                      "Original Hash Buckets": 2097152,
                      "Hash Batches": 1,
                      "Original Hash Batches": 1,
                      "Peak Memory Usage": 81952,
                      "Plans": [
                        {
                          "Node Type": "Seq Scan",
                          "Parent Relationship": "Outer",
                          "Parallel Aware": true,
                          "Relation Name": "title",
                          "Alias": "t",
                          "Startup Cost": 0.0,
                          "Total Cost": 43899.32,
                          "Plan Rows": 419086,
                          "Plan Width": 4,
                          "Actual Startup Time": 0.023,
                          "Actual Total Time": 111.81,
                          "Actual Rows": 418524,
                          "Actual Loops": 4,
                          "Filter": "(kind_id > 3)",
                          "Rows Removed by Filter": 213554
                        }
                      ]
                    }
                  ]
                }
              ]
            }
          ]
        }
      ]
    },
    "Planning Time": 0.193,
    "Triggers": [],
    "Execution Time": 476.738
  }
]