{
  "Plan": {
    "Node Type": "Aggregate",
    "Strategy": "Plain",
    "Partial Mode": "Finalize",
    "Parallel Aware": false,
    "Startup Cost": 72746.5,
    "Total Cost": 72746.51,
    "Plan Rows": 1,
    "Plan Width": 8,
    "Actual Startup Time": 328.837,
    "Actual Total Time": 336.087,
    "Actual Rows": 1,
    "Actual Loops": 1,
    "Plans": [
      {
        "Node Type": "Gather",
        "Parent Relationship": "Outer",
        "Parallel Aware": false,
        "Startup Cost": 72746.39,
        "Total Cost": 72746.5,
        "Plan Rows": 1,
        "Plan Width": 8,
        "Actual Startup Time": 328.578,
        "Actual Total Time": 336.078,
        "Actual Rows": 2,
        "Actual Loops": 1,
        "Workers Planned": 1,
        "Workers Launched": 1,
        "Single Copy": false,
        "Plans": [
          {
            "Node Type": "Aggregate",
            "Strategy": "Plain",
            "Partial Mode": "Partial",
            "Parent Relationship": "Outer",
            "Parallel Aware": false,
            "Startup Cost": 71746.39,
            "Total Cost": 71746.4,
            "Plan Rows": 1,
            "Plan Width": 8,
            "Actual Startup Time": 322.327,
            "Actual Total Time": 322.332,
            "Actual Rows": 1,
            "Actual Loops": 2,
            "Plans": [
              {
                "Node Type": "Hash Join",
                "Parent Relationship": "Outer",
                "Parallel Aware": true,
                "Join Type": "Inner",
                "Startup Cost": 10692.87,
                "Total Cost": 71743.73,
                "Plan Rows": 1063,
                "Plan Width": 0,
                "Actual Startup Time": 11.164,
                "Actual Total Time": 322.253,
                "Actual Rows": 1160,
                "Actual Loops": 2,
                "Inner Unique": false,
                "Hash Cond": "(mk.movie_id = t.id)",
                "Plans": [
                  {
                    "Node Type": "Seq Scan",
                    "Parent Relationship": "Outer",
                    "Parallel Aware": true,
                    "Relation Name": "movie_keyword",
                    "Alias": "mk",
                    "Startup Cost": 0.0,
                    "Total Cost": 51065.35,
                    "Plan Rows": 2661135,
                    "Plan Width": 4,
                    "Actual Startup Time": 0.028,
                    "Actual Total Time": 163.842,
                    "Actual Rows": 2261965,
                    "Actual Loops": 2
                  },
                  {
                    "Node Type": "Hash",
                    "Parent Relationship": "Inner",
                    "Parallel Aware": true,
                    "Startup Cost": 10685.45,
                    "Total Cost": 10685.45,
                    "Plan Rows": 594,
                    "Plan Width": 8,
                    "Actual Startup Time": 10.091,
                    "Actual Total Time": 10.093,
                    "Actual Rows": 372,
                    "Actual Loops": 2,
                    "Hash Buckets": 1024,
                    "Original Hash Buckets": 1024,
                    "Hash Batches": 1,
                    "Original Hash Batches": 1,
                    "Peak Memory Usage": 72,
                    "Plans": [
                      {
                        "Node Type": "Nested Loop",
                        "Parent Relationship": "Outer",
                        "Parallel Aware": false,
                        "Join Type": "Inner",
                        "Startup Cost": 44.03,
                        "Total Cost": 10685.45,
                        "Plan Rows": 594,
                        "Plan Width": 8,
                        "Actual Startup Time": 4.415,
                        "Actual Total Time": 9.614,
                        "Actual Rows": 372,
                        "Actual Loops": 2,
                        "Inner Unique": true,
                        "Plans": [
                          {
                            "Node Type": "Bitmap Heap Scan",
                            "Parent Relationship": "Outer",
                            "Parallel Aware": true,
                            "Relation Name": "movie_companies",
                            "Alias": "mc",
                            "Startup Cost": 43.6,
                            "Total Cost": 5822.9,
                            "Plan Rows": 594,
                            "Plan Width": 4,
                            "Actual Startup Time": 4.254,
                            "Actual Total Time": 5.281,
                            "Actual Rows": 372,
                            "Actual Loops": 2,
                            "Recheck Cond": "(company_id < 6)",
                            "Rows Removed by Index Recheck": 0,
                            "Filter": "(company_type_id > 1)",
                            "Rows Removed by Filter": 1984,
                            "Exact Heap Blocks": 1778,
                            "Lossy Heap Blocks": 0,
                            "Plans": [
                              {
                                "Node Type": "Bitmap Index Scan",
                                "Parent Relationship": "Outer",
                                "Parallel Aware": false,
                                "Index Name": "company_id_movie_companies",
                                "Startup Cost": 0.0,
                                "Total Cost": 43.35,
                                "Plan Rows": 1989,
                                "Plan Width": 0,
                                "Actual Startup Time": 1.263,
                                "Actual Total Time": 1.263,
                                "Actual Rows": 4712,
                                "Actual Loops": 1,
                                "Index Cond": "(company_id < 6)"
                              }
                            ]
                          },
                          {
                            "Node Type": "Index Only Scan",
                            "Parent Relationship": "Inner",
                            "Parallel Aware": false,
                            "Scan Direction": "Forward",
                            "Index Name": "title_pkey",
                            "Relation Name": "title",
                            "Alias": "t",
                            "Startup Cost": 0.43,
                            "Total Cost": 8.19,
                            "Plan Rows": 1,
                            "Plan Width": 4,
                            "Actual Startup Time": 0.011,
                            "Actual Total Time": 0.011,
                            "Actual Rows": 1,
                            "Actual Loops": 743,
                            "Index Cond": "(id = mc.movie_id)",
                            "Rows Removed by Index Recheck": 0,
                            "Heap Fetches": 743
                          }
                        ]
                      }
                    ]
                  }
                ]
              }
            ]
          }
        ]
      }
    ]
  },
  "Planning Time": 1.207,
  "Triggers": [],
  "Execution Time": 336.235
}