[
    {
        "Bao": {
            "Bao prediction": "NaN",
            "Bao recommended hint": "(no hint)"
        }
    },
    {
        "Plan": {
            "Node Type": "Aggregate",
            "Strategy": "Plain",
            "Partial Mode": "Finalize",
            "Parallel Aware": false,
            "Startup Cost": 296559.43,
            "Total Cost": 296559.44,
            "Plan Rows": 1,
            "Plan Width": 8,
            "Actual Startup Time": 168.293,
            "Actual Total Time": 173.395,
            "Actual Rows": 1,
            "Actual Loops": 1,
            "Output": [
                "count(*)"
            ],
            "Plans": [
                {
                    "Node Type": "Gather",
                    "Parent Relationship": "Outer",
                    "Parallel Aware": false,
                    "Startup Cost": 296558.8,
                    "Total Cost": 296559.41,
                    "Plan Rows": 6,
                    "Plan Width": 8,
                    "Actual Startup Time": 167.708,
                    "Actual Total Time": 173.388,
                    "Actual Rows": 7,
                    "Actual Loops": 1,
                    "Output": [
                        "(PARTIAL count(*))"
                    ],
                    "Workers Planned": 6,
                    "Workers Launched": 6,
                    "Single Copy": false,
                    "Plans": [
                        {
                            "Node Type": "Aggregate",
                            "Strategy": "Plain",
                            "Partial Mode": "Partial",
                            "Parent Relationship": "Outer",
                            "Parallel Aware": false,
                            "Startup Cost": 295558.8,
                            "Total Cost": 295558.81,
                            "Plan Rows": 1,
                            "Plan Width": 8,
                            "Actual Startup Time": 156.977,
                            "Actual Total Time": 156.981,
                            "Actual Rows": 1,
                            "Actual Loops": 7,
                            "Output": [
                                "PARTIAL count(*)"
                            ],
                            "Workers": [
                                {
                                    "Worker Number": 0,
                                    "Actual Startup Time": 153.037,
                                    "Actual Total Time": 153.038,
                                    "Actual Rows": 1,
                                    "Actual Loops": 1
                                },
                                {
                                    "Worker Number": 1,
                                    "Actual Startup Time": 153.452,
                                    "Actual Total Time": 153.453,
                                    "Actual Rows": 1,
                                    "Actual Loops": 1
                                },
                                {
                                    "Worker Number": 2,
                                    "Actual Startup Time": 155.989,
                                    "Actual Total Time": 155.991,
                                    "Actual Rows": 1,
                                    "Actual Loops": 1
                                },
                                {
                                    "Worker Number": 3,
                                    "Actual Startup Time": 156.118,
                                    "Actual Total Time": 156.119,
                                    "Actual Rows": 1,
                                    "Actual Loops": 1
                                },
                                {
                                    "Worker Number": 4,
                                    "Actual Startup Time": 156.173,
                                    "Actual Total Time": 156.174,
                                    "Actual Rows": 1,
                                    "Actual Loops": 1
                                },
                                {
                                    "Worker Number": 5,
                                    "Actual Startup Time": 156.775,
                                    "Actual Total Time": 156.776,
                                    "Actual Rows": 1,
                                    "Actual Loops": 1
                                }
                            ],
                            "Plans": [
                                {
                                    "Node Type": "Bitmap Heap Scan",
                                    "Parent Relationship": "Outer",
                                    "Parallel Aware": true,
                                    "Relation Name": "cast_info",
                                    "Schema": "public",
                                    "Alias": "ci",
                                    "Startup Cost": 38511.01,
                                    "Total Cost": 294832.01,
                                    "Plan Rows": 290719,
                                    "Plan Width": 0,
                                    "Actual Startup Time": 64.4,
                                    "Actual Total Time": 142.087,
                                    "Actual Rows": 263152,
                                    "Actual Loops": 7,
                                    "Recheck Cond": "(ci.person_id > 3698088)",
                                    "Rows Removed by Index Recheck": 0,
                                    "Exact Heap Blocks": 6389,
                                    "Lossy Heap Blocks": 0,
                                    "Workers": [
                                        {
                                            "Worker Number": 0,
                                            "Actual Startup Time": 60.489,
                                            "Actual Total Time": 138.189,
                                            "Actual Rows": 237430,
                                            "Actual Loops": 1
                                        },
                                        {
                                            "Worker Number": 1,
                                            "Actual Startup Time": 60.747,
                                            "Actual Total Time": 138.479,
                                            "Actual Rows": 239128,
                                            "Actual Loops": 1
                                        },
                                        {
                                            "Worker Number": 2,
                                            "Actual Startup Time": 63.616,
                                            "Actual Total Time": 141.306,
                                            "Actual Rows": 233356,
                                            "Actual Loops": 1
                                        },
                                        {
                                            "Worker Number": 3,
                                            "Actual Startup Time": 64.068,
                                            "Actual Total Time": 141.333,
                                            "Actual Rows": 235567,
                                            "Actual Loops": 1
                                        },
                                        {
                                            "Worker Number": 4,
                                            "Actual Startup Time": 63.444,
                                            "Actual Total Time": 142.901,
                                            "Actual Rows": 225756,
                                            "Actual Loops": 1
                                        },
                                        {
                                            "Worker Number": 5,
                                            "Actual Startup Time": 64.251,
                                            "Actual Total Time": 141.888,
                                            "Actual Rows": 239242,
                                            "Actual Loops": 1
                                        }
                                    ],
                                    "Plans": [
                                        {
                                            "Node Type": "Bitmap Index Scan",
                                            "Parent Relationship": "Outer",
                                            "Parallel Aware": false,
                                            "Index Name": "person_id_cast_info",
                                            "Startup Cost": 0.0,
                                            "Total Cost": 38074.93,
                                            "Plan Rows": 1744316,
                                            "Plan Width": 0,
                                            "Actual Startup Time": 70.315,
                                            "Actual Total Time": 70.338,
                                            "Actual Rows": 1842067,
                                            "Actual Loops": 1,
                                            "Index Cond": "(ci.person_id > 3698088)"
                                        }
                                    ]
                                }
                            ]
                        }
                    ]
                }
            ]
        },
        "Planning Time": 213.972,
        "Triggers": [],
        "Execution Time": 173.455
    }
]