[
  {
    "Plan": {
      "Node Type": "Aggregate",
      "Strategy": "Plain",
      "Partial Mode": "Finalize",
      "Parallel Aware": false,
      "Startup Cost": 46398.57,
      "Total Cost": 46398.58,
      "Plan Rows": 1,
      "Plan Width": 8,
      "Actual Startup Time": 164.789,
      "Actual Total Time": 174.343,
      "Actual Rows": 1,
      "Actual Loops": 1,
      "Plans": [
        {
          "Node Type": "Gather",
          "Parent Relationship": "Outer",
          "Parallel Aware": false,
          "Startup Cost": 46398.25,
          "Total Cost": 46398.56,
          "Plan Rows": 3,
          "Plan Width": 8,
          "Actual Startup Time": 164.668,
          "Actual Total Time": 174.334,
          "Actual Rows": 4,
          "Actual Loops": 1,
          "Workers Planned": 3,
          "Workers Launched": 3,
          "Single Copy": false,
          "Plans": [
            {
              "Node Type": "Aggregate",
              "Strategy": "Plain",
              "Partial Mode": "Partial",
              "Parent Relationship": "Outer",
              "Parallel Aware": false,
              "Startup Cost": 45398.25,
              "Total Cost": 45398.26,
              "Plan Rows": 1,
              "Plan Width": 8,
              "Actual Startup Time": 157.908,
              "Actual Total Time": 157.91,
              "Actual Rows": 1,
              "Actual Loops": 4,
              "Plans": [
                {
                  "Node Type": "Seq Scan",
                  "Parent Relationship": "Outer",
                  "Parallel Aware": true,
                  "Relation Name": "movie_keyword",
                  "Alias": "mk",
                  "Startup Cost": 0.0,
                  "Total Cost": 42695.65,
                  "Plan Rows": 1081038,
                  "Plan Width": 0,
                  "Actual Startup Time": 0.171,
                  "Actual Total Time": 120.208,
                  "Actual Rows": 833133,
                  "Actual Loops": 4,
                  "Filter": "(keyword_id > 1420)",
                  "Rows Removed by Filter": 297849
                }
              ]
            }
          ]
        }
      ]
    },
    "Planning Time": 0.154,
    "Triggers": [],
    "Execution Time": 174.392
  }
]