[
  {
    "Plan": {
      "Node Type": "Aggregate",
      "Strategy": "Plain",
      "Partial Mode": "Simple",
      "Parallel Aware": false,
      "Startup Cost": 5017.28,
      "Total Cost": 5017.29,
      "Plan Rows": 1,
      "Plan Width": 8,
      "Actual Startup Time": 17.063,
      "Actual Total Time": 17.064,
      "Actual Rows": 1,
      "Actual Loops": 1,
      "Plans": [
        {
          "Node Type": "Nested Loop",
          "Parent Relationship": "Outer",
          "Parallel Aware": false,
          "Join Type": "Inner",
          "Startup Cost": 0.99,
          "Total Cost": 5016.87,
          "Plan Rows": 166,
          "Plan Width": 0,
          "Actual Startup Time": 16.967,
          "Actual Total Time": 17.058,
          "Actual Rows": 4,
          "Actual Loops": 1,
          "Inner Unique": true,
          "Plans": [
            {
              "Node Type": "Index Scan",
              "Parent Relationship": "Outer",
              "Parallel Aware": false,
              "Scan Direction": "Forward",
              "Index Name": "person_id_cast_info",
              "Relation Name": "cast_info",
              "Alias": "ci",
              "Startup Cost": 0.56,
              "Total Cost": 985.86,
              "Plan Rows": 484,
              "Plan Width": 4,
              "Actual Startup Time": 16.938,
              "Actual Total Time": 16.942,
              "Actual Rows": 8,
              "Actual Loops": 1,
              "Index Cond": "(person_id = 1343545)",
              "Rows Removed by Index Recheck": 0
            },
            {
              "Node Type": "Index Scan",
              "Parent Relationship": "Inner",
              "Parallel Aware": false,
              "Scan Direction": "Forward",
              "Index Name": "title_pkey",
              "Relation Name": "title",
              "Alias": "t",
              "Startup Cost": 0.43,
              "Total Cost": 8.33,
              "Plan Rows": 1,
              "Plan Width": 4,
              "Actual Startup Time": 0.013,
              "Actual Total Time": 0.013,
              "Actual Rows": 0,
              "Actual Loops": 8,
              "Index Cond": "(id = ci.movie_id)",
              "Rows Removed by Index Recheck": 0,
              "Filter": "((kind_id < 7) AND (production_year < 2012))",
              "Rows Removed by Filter": 0
            }
          ]
        }
      ]
    },
    "Planning Time": 0.491,
    "Triggers": [],
    "Execution Time": 17.099
  }
]