{
  "Plan": {
    "Node Type": "Aggregate",
    "Strategy": "Plain",
    "Partial Mode": "Finalize",
    "Parallel Aware": false,
    "Startup Cost": 162200.66,
    "Total Cost": 162200.67,
    "Plan Rows": 1,
    "Plan Width": 8,
    "Actual Startup Time": 672.092,
    "Actual Total Time": 690.662,
    "Actual Rows": 1,
    "Actual Loops": 1,
    "Plans": [
      {
        "Node Type": "Gather",
        "Parent Relationship": "Outer",
        "Parallel Aware": false,
        "Startup Cost": 162200.55,
        "Total Cost": 162200.66,
        "Plan Rows": 1,
        "Plan Width": 8,
        "Actual Startup Time": 671.589,
        "Actual Total Time": 690.655,
        "Actual Rows": 2,
        "Actual Loops": 1,
        "Workers Planned": 1,
        "Workers Launched": 1,
        "Single Copy": false,
        "Plans": [
          {
            "Node Type": "Aggregate",
            "Strategy": "Plain",
            "Partial Mode": "Partial",
            "Parent Relationship": "Outer",
            "Parallel Aware": false,
            "Startup Cost": 161200.55,
            "Total Cost": 161200.56,
            "Plan Rows": 1,
            "Plan Width": 8,
            "Actual Startup Time": 665.141,
            "Actual Total Time": 665.148,
            "Actual Rows": 1,
            "Actual Loops": 2,
            "Plans": [
              {
                "Node Type": "Hash Join",
                "Parent Relationship": "Outer",
                "Parallel Aware": true,
                "Join Type": "Inner",
                "Startup Cost": 99113.08,
                "Total Cost": 160889.52,
                "Plan Rows": 124412,
                "Plan Width": 0,
                "Actual Startup Time": 573.667,
                "Actual Total Time": 662.086,
                "Actual Rows": 58332,
                "Actual Loops": 2,
                "Inner Unique": false,
                "Hash Cond": "(mk.movie_id = t.id)",
                "Plans": [
                  {
                    "Node Type": "Seq Scan",
                    "Parent Relationship": "Outer",
                    "Parallel Aware": true,
                    "Relation Name": "movie_keyword",
                    "Alias": "mk",
                    "Startup Cost": 0.0,
                    "Total Cost": 51065.35,
                    "Plan Rows": 2661135,
                    "Plan Width": 4,
                    "Actual Startup Time": 0.011,
                    "Actual Total Time": 177.255,
                    "Actual Rows": 2261965,
                    "Actual Loops": 2
                  },
                  {
                    "Node Type": "Hash",
                    "Parent Relationship": "Inner",
                    "Parallel Aware": true,
                    "Startup Cost": 98243.95,
                    "Total Cost": 98243.95,
                    "Plan Rows": 69530,
                    "Plan Width": 8,
                    "Actual Startup Time": 304.361,
                    "Actual Total Time": 304.366,
                    "Actual Rows": 5719,
                    "Actual Loops": 2,
                    "Hash Buckets": 131072,
                    "Original Hash Buckets": 131072,
                    "Hash Batches": 1,
                    "Original Hash Batches": 1,
                    "Peak Memory Usage": 1504,
                    "Plans": [
                      {
                        "Node Type": "Hash Join",
                        "Parent Relationship": "Outer",
                        "Parallel Aware": true,
                        "Join Type": "Inner",
                        "Startup Cost": 39601.61,
                        "Total Cost": 98243.95,
                        "Plan Rows": 69530,
                        "Plan Width": 8,
                        "Actual Startup Time": 197.37,
                        "Actual Total Time": 302.32,
                        "Actual Rows": 5719,
                        "Actual Loops": 2,
                        "Inner Unique": false,
                        "Hash Cond": "(t.id = mc.movie_id)",
                        "Plans": [
                          {
                            "Node Type": "Seq Scan",
                            "Parent Relationship": "Outer",
                            "Parallel Aware": true,
                            "Relation Name": "title",
                            "Alias": "t",
                            "Startup Cost": 0.0,
                            "Total Cost": 54588.39,
                            "Plan Rows": 583193,
                            "Plan Width": 4,
                            "Actual Startup Time": 0.013,
                            "Actual Total Time": 144.505,
                            "Actual Rows": 492524,
                            "Actual Loops": 2,
                            "Filter": "(kind_id < 7)",
                            "Rows Removed by Filter": 771632
                          },
                          {
                            "Node Type": "Hash",
                            "Parent Relationship": "Inner",
                            "Parallel Aware": true,
                            "Startup Cost": 37385.21,
                            "Total Cost": 37385.21,
                            "Plan Rows": 177312,
                            "Plan Width": 4,
                            "Actual Startup Time": 94.05,
                            "Actual Total Time": 94.052,
                            "Actual Rows": 5719,
                            "Actual Loops": 2,
                            "Hash Buckets": 524288,
                            "Original Hash Buckets": 524288,
                            "Hash Batches": 1,
                            "Original Hash Batches": 1,
                            "Peak Memory Usage": 4576,
                            "Plans": [
                              {
                                "Node Type": "Bitmap Heap Scan",
                                "Parent Relationship": "Outer",
                                "Parallel Aware": true,
                                "Relation Name": "movie_companies",
                                "Alias": "mc",
                                "Startup Cost": 13192.28,
                                "Total Cost": 37385.21,
                                "Plan Rows": 177312,
                                "Plan Width": 4,
                                "Actual Startup Time": 40.172,
                                "Actual Total Time": 91.293,
                                "Actual Rows": 5719,
                                "Actual Loops": 2,
                                "Recheck Cond": "(company_id > 60888)",
                                "Rows Removed by Index Recheck": 0,
                                "Filter": "(company_type_id < 2)",
                                "Rows Removed by Filter": 307183,
                                "Exact Heap Blocks": 7703,
                                "Lossy Heap Blocks": 0,
                                "Plans": [
                                  {
                                    "Node Type": "Bitmap Index Scan",
                                    "Parent Relationship": "Outer",
                                    "Parallel Aware": false,
                                    "Index Name": "company_id_movie_companies",
                                    "Startup Cost": 0.0,
                                    "Total Cost": 13116.92,
                                    "Plan Rows": 612332,
                                    "Plan Width": 0,
                                    "Actual Startup Time": 38.757,
                                    "Actual Total Time": 38.758,
                                    "Actual Rows": 625804,
                                    "Actual Loops": 1,
                                    "Index Cond": "(company_id > 60888)"
                                  }
                                ]
                              }
                            ]
                          }
                        ]
                      }
                    ]
                  }
                ]
              }
            ]
          }
        ]
      }
    ]
  },
  "Planning Time": 1.077,
  "Triggers": [],
  "Execution Time": 690.767
}