[
  {
    "Plan": {
      "Node Type": "Aggregate",
      "Strategy": "Plain",
      "Partial Mode": "Finalize",
      "Parallel Aware": false,
      "Startup Cost": 132670.47,
      "Total Cost": 132670.48,
      "Plan Rows": 1,
      "Plan Width": 8,
      "Actual Startup Time": 1417.494,
      "Actual Total Time": 1439.206,
      "Actual Rows": 1,
      "Actual Loops": 1,
      "Plans": [
        {
          "Node Type": "Gather",
          "Parent Relationship": "Outer",
          "Parallel Aware": false,
          "Startup Cost": 132670.15,
          "Total Cost": 132670.46,
          "Plan Rows": 3,
          "Plan Width": 8,
          "Actual Startup Time": 1409.095,
          "Actual Total Time": 1439.197,
          "Actual Rows": 4,
          "Actual Loops": 1,
          "Workers Planned": 3,
          "Workers Launched": 3,
          "Single Copy": false,
          "Plans": [
            {
              "Node Type": "Aggregate",
              "Strategy": "Plain",
              "Partial Mode": "Partial",
              "Parent Relationship": "Outer",
              "Parallel Aware": false,
              "Startup Cost": 131670.15,
              "Total Cost": 131670.16,
              "Plan Rows": 1,
              "Plan Width": 8,
              "Actual Startup Time": 1398.659,
              "Actual Total Time": 1398.666,
              "Actual Rows": 1,
              "Actual Loops": 4,
              "Plans": [
                {
                  "Node Type": "Hash Join",
                  "Parent Relationship": "Outer",
                  "Parallel Aware": true,
                  "Join Type": "Inner",
                  "Startup Cost": 81972.77,
                  "Total Cost": 130369.53,
                  "Plan Rows": 520248,
                  "Plan Width": 0,
                  "Actual Startup Time": 670.026,
                  "Actual Total Time": 1208.864,
                  "Actual Rows": 3778170,
                  "Actual Loops": 4,
                  "Inner Unique": false,
                  "Hash Cond": "(mk.movie_id = t.id)",
                  "Plans": [
                    {
                      "Node Type": "Seq Scan",
                      "Parent Relationship": "Outer",
                      "Parallel Aware": true,
                      "Relation Name": "movie_keyword",
                      "Alias": "mk",
                      "Startup Cost": 0.0,
                      "Total Cost": 42695.65,
                      "Plan Rows": 1072769,
                      "Plan Width": 4,
                      "Actual Startup Time": 0.078,
                      "Actual Total Time": 124.302,
                      "Actual Rows": 830593,
                      "Actual Loops": 4,
                      "Filter": "(keyword_id < 15297)",
                      "Rows Removed by Filter": 300389
                    },
                    {
                      "Node Type": "Hash",
                      "Parent Relationship": "Inner",
                      "Parallel Aware": true,
                      "Startup Cost": 77028.5,
                      "Total Cost": 77028.5,
                      "Plan Rows": 395542,
                      "Plan Width": 8,
                      "Actual Startup Time": 663.515,
                      "Actual Total Time": 663.52,
                      "Actual Rows": 381530,
                      "Actual Loops": 4,
                      "Hash Buckets": 2097152,
                      "Original Hash Buckets": 2097152,
                      "Hash Batches": 1,
                      "Original Hash Batches": 1,
                      "Peak Memory Usage": 76160,
                      "Plans": [
                        {
                          "Node Type": "Hash Join",
                          "Parent Relationship": "Outer",
                          "Parallel Aware": true,
                          "Join Type": "Inner",
                          "Startup Cost": 47612.61,
                          "Total Cost": 77028.5,
                          "Plan Rows": 395542,
                          "Plan Width": 8,
                          "Actual Startup Time": 254.737,
                          "Actual Total Time": 528.724,
                          "Actual Rows": 381530,
                          "Actual Loops": 4,
                          "Inner Unique": true,
                          "Hash Cond": "(mc.movie_id = t.id)",
                          "Plans": [
                            {
                              "Node Type": "Seq Scan",
                              "Parent Relationship": "Outer",
                              "Parallel Aware": true,
                              "Relation Name": "movie_companies",
                              "Alias": "mc",
                              "Startup Cost": 0.0,
                              "Total Cost": 27206.55,
                              "Plan Rows": 841655,
                              "Plan Width": 4,
                              "Actual Startup Time": 0.009,
                              "Actual Total Time": 68.34,
                              "Actual Rows": 652282,
                              "Actual Loops": 4
                            },
                            {
                              "Node Type": "Hash",
                              "Parent Relationship": "Inner",
                              "Parallel Aware": true,
                              "Startup Cost": 43899.32,
                              "Total Cost": 43899.32,
                              "Plan Rows": 297063,
                              "Plan Width": 4,
                              "Actual Startup Time": 249.965,
                              "Actual Total Time": 249.966,
                              "Actual Rows": 298981,
                              "Actual Loops": 4,
                              "Hash Buckets": 2097152,
                              "Original Hash Buckets": 2097152,
                              "Hash Batches": 1,
                              "Original Hash Batches": 1,
                              "Peak Memory Usage": 63264,
                              "Plans": [
                                {
                                  "Node Type": "Seq Scan",
                                  "Parent Relationship": "Outer",
                                  "Parallel Aware": true,
                                  "Relation Name": "title",
                                  "Alias": "t",
                                  "Startup Cost": 0.0,
                                  "Total Cost": 43899.32,
                                  "Plan Rows": 297063,
                                  "Plan Width": 4,
                                  "Actual Startup Time": 0.064,
                                  "Actual Total Time": 119.591,
                                  "Actual Rows": 298981,
                                  "Actual Loops": 4,
                                  "Filter": "(production_year < 2003)",
                                  "Rows Removed by Filter": 333097
                                }
                              ]
                            }
                          ]
                        }
                      ]
                    }
                  ]
                }
              ]
            }
          ]
        }
      ]
    },
    "Planning Time": 0.877,
    "Triggers": [],
    "Execution Time": 1439.262
  }
]