[
  {
    "Plan": {
      "Node Type": "Aggregate",
      "Strategy": "Plain",
      "Partial Mode": "Finalize",
      "Parallel Aware": false,
      "Startup Cost": 104752.27,
      "Total Cost": 104752.28,
      "Plan Rows": 1,
      "Plan Width": 8,
      "Actual Startup Time": 584.571,
      "Actual Total Time": 601.345,
      "Actual Rows": 1,
      "Actual Loops": 1,
      "Plans": [
        {
          "Node Type": "Gather",
          "Parent Relationship": "Outer",
          "Parallel Aware": false,
          "Startup Cost": 104752.06,
          "Total Cost": 104752.27,
          "Plan Rows": 2,
          "Plan Width": 8,
          "Actual Startup Time": 577.751,
          "Actual Total Time": 601.336,
          "Actual Rows": 3,
          "Actual Loops": 1,
          "Workers Planned": 2,
          "Workers Launched": 2,
          "Single Copy": false,
          "Plans": [
            {
              "Node Type": "Aggregate",
              "Strategy": "Plain",
              "Partial Mode": "Partial",
              "Parent Relationship": "Outer",
              "Parallel Aware": false,
              "Startup Cost": 103752.06,
              "Total Cost": 103752.07,
              "Plan Rows": 1,
              "Plan Width": 8,
              "Actual Startup Time": 564.116,
              "Actual Total Time": 564.123,
              "Actual Rows": 1,
              "Actual Loops": 3,
              "Plans": [
                {
                  "Node Type": "Hash Join",
                  "Parent Relationship": "Outer",
                  "Parallel Aware": true,
                  "Join Type": "Inner",
                  "Startup Cost": 87579.14,
                  "Total Cost": 103607.34,
                  "Plan Rows": 57888,
                  "Plan Width": 0,
                  "Actual Startup Time": 480.668,
                  "Actual Total Time": 562.912,
                  "Actual Rows": 26054,
                  "Actual Loops": 3,
                  "Inner Unique": false,
                  "Hash Cond": "(mi_idx.movie_id = t.id)",
                  "Plans": [
                    {
                      "Node Type": "Seq Scan",
                      "Parent Relationship": "Outer",
                      "Parallel Aware": true,
                      "Relation Name": "movie_info_idx",
                      "Alias": "mi_idx",
                      "Startup Cost": 0.0,
                      "Total Cost": 13685.15,
                      "Plan Rows": 575015,
                      "Plan Width": 4,
                      "Actual Startup Time": 0.018,
                      "Actual Total Time": 39.534,
                      "Actual Rows": 460012,
                      "Actual Loops": 3
                    },
                    {
                      "Node Type": "Hash",
                      "Parent Relationship": "Inner",
                      "Parallel Aware": true,
                      "Startup Cost": 86552.76,
                      "Total Cost": 86552.76,
                      "Plan Rows": 82111,
                      "Plan Width": 8,
                      "Actual Startup Time": 477.836,
                      "Actual Total Time": 477.841,
                      "Actual Rows": 18527,
                      "Actual Loops": 3,
                      "Hash Buckets": 262144,
                      "Original Hash Buckets": 262144,
                      "Hash Batches": 1,
                      "Original Hash Batches": 1,
                      "Peak Memory Usage": 4288,
                      "Plans": [
                        {
                          "Node Type": "Hash Join",
                          "Parent Relationship": "Outer",
                          "Parallel Aware": true,
                          "Join Type": "Inner",
                          "Startup Cost": 59784.13,
                          "Total Cost": 86552.76,
                          "Plan Rows": 82111,
                          "Plan Width": 8,
                          "Actual Startup Time": 353.92,
                          "Actual Total Time": 470.739,
                          "Actual Rows": 18527,
                          "Actual Loops": 3,
                          "Inner Unique": true,
                          "Hash Cond": "(mk.movie_id = t.id)",
                          "Plans": [
                            {
                              "Node Type": "Bitmap Heap Scan",
                              "Parent Relationship": "Outer",
                              "Parallel Aware": true,
                              "Relation Name": "movie_keyword",
                              "Alias": "mk",
                              "Startup Cost": 10065.05,
                              "Total Cost": 36431.96,
                              "Plan Rows": 153033,
                              "Plan Width": 4,
                              "Actual Startup Time": 43.588,
                              "Actual Total Time": 108.561,
                              "Actual Rows": 157515,
                              "Actual Loops": 3,
                              "Recheck Cond": "(keyword_id < 359)",
                              "Rows Removed by Index Recheck": 0,
                              "Exact Heap Blocks": 10948,
                              "Lossy Heap Blocks": 0,
                              "Plans": [
                                {
                                  "Node Type": "Bitmap Index Scan",
                                  "Parent Relationship": "Outer",
                                  "Parallel Aware": false,
                                  "Index Name": "keyword_id_movie_keyword",
                                  "Startup Cost": 0.0,
                                  "Total Cost": 9946.45,
                                  "Plan Rows": 474402,
                                  "Plan Width": 0,
                                  "Actual Startup Time": 37.849,
                                  "Actual Total Time": 37.85,
                                  "Actual Rows": 472545,
                                  "Actual Loops": 1,
                                  "Index Cond": "(keyword_id < 359)"
                                }
                              ]
                            },
                            {
                              "Node Type": "Hash",
                              "Parent Relationship": "Inner",
                              "Parallel Aware": true,
                              "Startup Cost": 45479.59,
                              "Total Cost": 45479.59,
                              "Plan Rows": 339160,
                              "Plan Width": 4,
                              "Actual Startup Time": 302.0,
                              "Actual Total Time": 302.001,
                              "Actual Rows": 442594,
                              "Actual Loops": 3,
                              "Hash Buckets": 2097152,
                              "Original Hash Buckets": 2097152,
                              "Hash Batches": 1,
                              "Original Hash Batches": 1,
                              "Peak Memory Usage": 68352,
                              "Plans": [
                                {
                                  "Node Type": "Seq Scan",
                                  "Parent Relationship": "Outer",
                                  "Parallel Aware": true,
                                  "Relation Name": "title",
                                  "Alias": "t",
                                  "Startup Cost": 0.0,
                                  "Total Cost": 45479.59,
                                  "Plan Rows": 339160,
                                  "Plan Width": 4,
                                  "Actual Startup Time": 0.044,
                                  "Actual Total Time": 149.726,
                                  "Actual Rows": 442594,
                                  "Actual Loops": 3,
                                  "Filter": "((production_year < 2012) AND (kind_id = 7))",
                                  "Rows Removed by Filter": 400177
                                }
                              ]
                            }
                          ]
                        }
                      ]
                    }
                  ]
                }
              ]
            }
          ]
        }
      ]
    },
    "Planning Time": 1.361,
    "Triggers": [],
    "Execution Time": 601.452
  }
]