{
  "Plan": {
    "Node Type": "Aggregate",
    "Strategy": "Plain",
    "Partial Mode": "Finalize",
    "Parallel Aware": false,
    "Startup Cost": 568555.52,
    "Total Cost": 568555.53,
    "Plan Rows": 1,
    "Plan Width": 8,
    "Actual Startup Time": 7399.781,
    "Actual Total Time": 7486.488,
    "Actual Rows": 1,
    "Actual Loops": 1,
    "Plans": [
      {
        "Node Type": "Gather",
        "Parent Relationship": "Outer",
        "Parallel Aware": false,
        "Startup Cost": 568555.41,
        "Total Cost": 568555.52,
        "Plan Rows": 1,
        "Plan Width": 8,
        "Actual Startup Time": 7399.201,
        "Actual Total Time": 7486.48,
        "Actual Rows": 2,
        "Actual Loops": 1,
        "Workers Planned": 1,
        "Workers Launched": 1,
        "Single Copy": false,
        "Plans": [
          {
            "Node Type": "Aggregate",
            "Strategy": "Plain",
            "Partial Mode": "Partial",
            "Parent Relationship": "Outer",
            "Parallel Aware": false,
            "Startup Cost": 567555.41,
            "Total Cost": 567555.42,
            "Plan Rows": 1,
            "Plan Width": 8,
            "Actual Startup Time": 7395.512,
            "Actual Total Time": 7395.515,
            "Actual Rows": 1,
            "Actual Loops": 2,
            "Plans": [
              {
                "Node Type": "Nested Loop",
                "Parent Relationship": "Outer",
                "Parallel Aware": false,
                "Join Type": "Inner",
                "Startup Cost": 61537.33,
                "Total Cost": 562609.76,
                "Plan Rows": 1978258,
                "Plan Width": 0,
                "Actual Startup Time": 215.409,
                "Actual Total Time": 6918.0,
                "Actual Rows": 9948430,
                "Actual Loops": 2,
                "Inner Unique": false,
                "Join Filter": "(t.id = ci.movie_id)",
                "Rows Removed by Join Filter": 0,
                "Plans": [
                  {
                    "Node Type": "Hash Join",
                    "Parent Relationship": "Outer",
                    "Parallel Aware": true,
                    "Join Type": "Inner",
                    "Startup Cost": 61536.77,
                    "Total Cost": 121811.43,
                    "Plan Rows": 169225,
                    "Plan Width": 8,
                    "Actual Startup Time": 215.328,
                    "Actual Total Time": 560.5,
                    "Actual Rows": 203940,
                    "Actual Loops": 2,
                    "Inner Unique": true,
                    "Hash Cond": "(mk.movie_id = t.id)",
                    "Plans": [
                      {
                        "Node Type": "Seq Scan",
                        "Parent Relationship": "Outer",
                        "Parallel Aware": true,
                        "Relation Name": "movie_keyword",
                        "Alias": "mk",
                        "Startup Cost": 0.0,
                        "Total Cost": 57718.19,
                        "Plan Rows": 973892,
                        "Plan Width": 4,
                        "Actual Startup Time": 0.023,
                        "Actual Total Time": 196.067,
                        "Actual Rows": 834965,
                        "Actual Loops": 2,
                        "Filter": "(keyword_id < 2560)",
                        "Rows Removed by Filter": 1427000
                      },
                      {
                        "Node Type": "Hash",
                        "Parent Relationship": "Inner",
                        "Parallel Aware": true,
                        "Startup Cost": 58306.47,
                        "Total Cost": 58306.47,
                        "Plan Rows": 258424,
                        "Plan Width": 4,
                        "Actual Startup Time": 209.975,
                        "Actual Total Time": 209.976,
                        "Actual Rows": 184123,
                        "Actual Loops": 2,
                        "Hash Buckets": 524288,
                        "Original Hash Buckets": 524288,
                        "Hash Batches": 1,
                        "Original Hash Batches": 1,
                        "Peak Memory Usage": 18528,
                        "Plans": [
                          {
                            "Node Type": "Seq Scan",
                            "Parent Relationship": "Outer",
                            "Parallel Aware": true,
                            "Relation Name": "title",
                            "Alias": "t",
                            "Startup Cost": 0.0,
                            "Total Cost": 58306.47,
                            "Plan Rows": 258424,
                            "Plan Width": 4,
                            "Actual Startup Time": 0.047,
                            "Actual Total Time": 160.926,
                            "Actual Rows": 184123,
                            "Actual Loops": 2,
                            "Filter": "((kind_id < 7) AND (production_year > 2004))",
                            "Rows Removed by Filter": 1080033
                          }
                        ]
                      }
                    ]
                  },
                  {
                    "Node Type": "Index Scan",
                    "Parent Relationship": "Inner",
                    "Parallel Aware": false,
                    "Scan Direction": "Forward",
                    "Index Name": "movie_id_cast_info",
                    "Relation Name": "cast_info",
                    "Alias": "ci",
                    "Startup Cost": 0.56,
                    "Total Cost": 2.23,
                    "Plan Rows": 30,
                    "Plan Width": 4,
                    "Actual Startup Time": 0.006,
                    "Actual Total Time": 0.026,
                    "Actual Rows": 49,
                    "Actual Loops": 407880,
                    "Index Cond": "(movie_id = mk.movie_id)",
                    "Rows Removed by Index Recheck": 0,
                    "Filter": "(person_id > 663925)",
                    "Rows Removed by Filter": 10
                  }
                ]
              }
            ]
          }
        ]
      }
    ]
  },
  "Planning Time": 0.778,
  "Triggers": [],
  "Execution Time": 7486.581
}