[
  {
    "Plan": {
      "Node Type": "Aggregate",
      "Strategy": "Plain",
      "Partial Mode": "Finalize",
      "Parallel Aware": false,
      "Startup Cost": 340570.19,
      "Total Cost": 340570.2,
      "Plan Rows": 1,
      "Plan Width": 8,
      "Actual Startup Time": 819.342,
      "Actual Total Time": 876.872,
      "Actual Rows": 1,
      "Actual Loops": 1,
      "Plans": [
        {
          "Node Type": "Gather",
          "Parent Relationship": "Outer",
          "Parallel Aware": false,
          "Startup Cost": 340569.56,
          "Total Cost": 340570.17,
          "Plan Rows": 6,
          "Plan Width": 8,
          "Actual Startup Time": 819.238,
          "Actual Total Time": 876.863,
          "Actual Rows": 7,
          "Actual Loops": 1,
          "Workers Planned": 6,
          "Workers Launched": 6,
          "Single Copy": false,
          "Plans": [
            {
              "Node Type": "Aggregate",
              "Strategy": "Plain",
              "Partial Mode": "Partial",
              "Parent Relationship": "Outer",
              "Parallel Aware": false,
              "Startup Cost": 339569.56,
              "Total Cost": 339569.57,
              "Plan Rows": 1,
              "Plan Width": 8,
              "Actual Startup Time": 811.015,
              "Actual Total Time": 811.016,
              "Actual Rows": 1,
              "Actual Loops": 7,
              "Plans": [
                {
                  "Node Type": "Seq Scan",
                  "Parent Relationship": "Outer",
                  "Parallel Aware": true,
                  "Relation Name": "cast_info",
                  "Alias": "ci",
                  "Startup Cost": 0.0,
                  "Total Cost": 328162.03,
                  "Plan Rows": 4563015,
                  "Plan Width": 0,
                  "Actual Startup Time": 104.899,
                  "Actual Total Time": 640.037,
                  "Actual Rows": 3892839,
                  "Actual Loops": 7,
                  "Filter": "(person_id > 884722)",
                  "Rows Removed by Filter": 1284924
                }
              ]
            }
          ]
        }
      ]
    },
    "Planning Time": 0.122,
    "Triggers": [],
    "Execution Time": 876.926
  }
]