[
  {
    "Plan": {
      "Node Type": "Aggregate",
      "Strategy": "Plain",
      "Partial Mode": "Finalize",
      "Parallel Aware": false,
      "Startup Cost": 128295.54,
      "Total Cost": 128295.55,
      "Plan Rows": 1,
      "Plan Width": 8,
      "Actual Startup Time": 834.206,
      "Actual Total Time": 857.353,
      "Actual Rows": 1,
      "Actual Loops": 1,
      "Plans": [
        {
          "Node Type": "Gather",
          "Parent Relationship": "Outer",
          "Parallel Aware": false,
          "Startup Cost": 128295.22,
          "Total Cost": 128295.53,
          "Plan Rows": 3,
          "Plan Width": 8,
          "Actual Startup Time": 826.967,
          "Actual Total Time": 857.342,
          "Actual Rows": 4,
          "Actual Loops": 1,
          "Workers Planned": 3,
          "Workers Launched": 3,
          "Single Copy": false,
          "Plans": [
            {
              "Node Type": "Aggregate",
              "Strategy": "Plain",
              "Partial Mode": "Partial",
              "Parent Relationship": "Outer",
              "Parallel Aware": false,
              "Startup Cost": 127295.22,
              "Total Cost": 127295.23,
              "Plan Rows": 1,
              "Plan Width": 8,
              "Actual Startup Time": 818.002,
              "Actual Total Time": 818.212,
              "Actual Rows": 1,
              "Actual Loops": 4,
              "Plans": [
                {
                  "Node Type": "Hash Join",
                  "Parent Relationship": "Outer",
                  "Parallel Aware": true,
                  "Join Type": "Inner",
                  "Startup Cost": 81632.29,
                  "Total Cost": 126796.11,
                  "Plan Rows": 199643,
                  "Plan Width": 0,
                  "Actual Startup Time": 406.506,
                  "Actual Total Time": 746.321,
                  "Actual Rows": 1496443,
                  "Actual Loops": 4,
                  "Inner Unique": false,
                  "Hash Cond": "(mk.movie_id = t.id)",
                  "Plans": [
                    {
                      "Node Type": "Seq Scan",
                      "Parent Relationship": "Outer",
                      "Parallel Aware": true,
                      "Relation Name": "movie_keyword",
                      "Alias": "mk",
                      "Startup Cost": 0.0,
                      "Total Cost": 39047.32,
                      "Plan Rows": 1459332,
                      "Plan Width": 4,
                      "Actual Startup Time": 0.033,
                      "Actual Total Time": 98.945,
                      "Actual Rows": 1130982,
                      "Actual Loops": 4
                    },
                    {
                      "Node Type": "Hash",
                      "Parent Relationship": "Inner",
                      "Parallel Aware": true,
                      "Startup Cost": 80237.6,
                      "Total Cost": 80237.6,
                      "Plan Rows": 111575,
                      "Plan Width": 8,
                      "Actual Startup Time": 402.836,
                      "Actual Total Time": 403.045,
                      "Actual Rows": 149741,
                      "Actual Loops": 4,
                      "Hash Buckets": 1048576,
                      "Original Hash Buckets": 524288,
                      "Hash Batches": 1,
                      "Original Hash Batches": 1,
                      "Peak Memory Usage": 35744,
                      "Plans": [
                        {
                          "Node Type": "Hash Join",
                          "Parent Relationship": "Outer",
                          "Parallel Aware": true,
                          "Join Type": "Inner",
                          "Startup Cost": 47844.49,
                          "Total Cost": 80237.6,
                          "Plan Rows": 111575,
                          "Plan Width": 8,
                          "Actual Startup Time": 218.598,
                          "Actual Total Time": 349.948,
                          "Actual Rows": 149741,
                          "Actual Loops": 4,
                          "Inner Unique": true,
                          "Hash Cond": "(mc.movie_id = t.id)",
                          "Plans": [
                            {
                              "Node Type": "Seq Scan",
                              "Parent Relationship": "Outer",
                              "Parallel Aware": true,
                              "Relation Name": "movie_companies",
                              "Alias": "mc",
                              "Startup Cost": 0.0,
                              "Total Cost": 31414.82,
                              "Plan Rows": 372684,
                              "Plan Width": 4,
                              "Actual Startup Time": 33.562,
                              "Actual Total Time": 79.882,
                              "Actual Rows": 316443,
                              "Actual Loops": 4,
                              "Filter": "((company_id > 160) AND (company_type_id = 2))",
                              "Rows Removed by Filter": 335840
                            },
                            {
                              "Node Type": "Hash",
                              "Parent Relationship": "Inner",
                              "Parallel Aware": true,
                              "Startup Cost": 45479.1,
                              "Total Cost": 45479.1,
                              "Plan Rows": 189231,
                              "Plan Width": 4,
                              "Actual Startup Time": 181.737,
                              "Actual Total Time": 181.738,
                              "Actual Rows": 164300,
                              "Actual Loops": 4,
                              "Hash Buckets": 1048576,
                              "Original Hash Buckets": 1048576,
                              "Hash Batches": 1,
                              "Original Hash Batches": 1,
                              "Peak Memory Usage": 33952,
                              "Plans": [
                                {
                                  "Node Type": "Seq Scan",
                                  "Parent Relationship": "Outer",
                                  "Parallel Aware": true,
                                  "Relation Name": "title",
                                  "Alias": "t",
                                  "Startup Cost": 0.0,
                                  "Total Cost": 45479.1,
                                  "Plan Rows": 189231,
                                  "Plan Width": 4,
                                  "Actual Startup Time": 0.049,
                                  "Actual Total Time": 112.142,
                                  "Actual Rows": 164300,
                                  "Actual Loops": 4,
                                  "Filter": "((kind_id < 7) AND (production_year > 1981))",
                                  "Rows Removed by Filter": 467778
                                }
                              ]
                            }
                          ]
                        }
                      ]
                    }
                  ]
                }
              ]
            }
          ]
        }
      ]
    },
    "Planning Time": 1.45,
    "Triggers": [],
    "Execution Time": 857.446
  }
]