[
    {
        "Bao": {
            "Bao prediction": "NaN",
            "Bao recommended hint": "(no hint)"
        }
    },
    {
        "Plan": {
            "Node Type": "Aggregate",
            "Strategy": "Plain",
            "Partial Mode": "Finalize",
            "Parallel Aware": false,
            "Startup Cost": 78197.12,
            "Total Cost": 78197.13,
            "Plan Rows": 1,
            "Plan Width": 8,
            "Actual Startup Time": 183.483,
            "Actual Total Time": 193.894,
            "Actual Rows": 1,
            "Actual Loops": 1,
            "Output": [
                "count(*)"
            ],
            "Plans": [
                {
                    "Node Type": "Gather",
                    "Parent Relationship": "Outer",
                    "Parallel Aware": false,
                    "Startup Cost": 78196.7,
                    "Total Cost": 78197.11,
                    "Plan Rows": 4,
                    "Plan Width": 8,
                    "Actual Startup Time": 182.782,
                    "Actual Total Time": 193.886,
                    "Actual Rows": 5,
                    "Actual Loops": 1,
                    "Output": [
                        "(PARTIAL count(*))"
                    ],
                    "Workers Planned": 4,
                    "Workers Launched": 4,
                    "Single Copy": false,
                    "Plans": [
                        {
                            "Node Type": "Aggregate",
                            "Strategy": "Plain",
                            "Partial Mode": "Partial",
                            "Parent Relationship": "Outer",
                            "Parallel Aware": false,
                            "Startup Cost": 77196.7,
                            "Total Cost": 77196.71,
                            "Plan Rows": 1,
                            "Plan Width": 8,
                            "Actual Startup Time": 173.013,
                            "Actual Total Time": 173.018,
                            "Actual Rows": 1,
                            "Actual Loops": 5,
                            "Output": [
                                "PARTIAL count(*)"
                            ],
                            "Workers": [
                                {
                                    "Worker Number": 0,
                                    "Actual Startup Time": 170.281,
                                    "Actual Total Time": 170.284,
                                    "Actual Rows": 1,
                                    "Actual Loops": 1
                                },
                                {
                                    "Worker Number": 1,
                                    "Actual Startup Time": 170.497,
                                    "Actual Total Time": 170.509,
                                    "Actual Rows": 1,
                                    "Actual Loops": 1
                                },
                                {
                                    "Worker Number": 2,
                                    "Actual Startup Time": 170.773,
                                    "Actual Total Time": 170.776,
                                    "Actual Rows": 1,
                                    "Actual Loops": 1
                                },
                                {
                                    "Worker Number": 3,
                                    "Actual Startup Time": 171.048,
                                    "Actual Total Time": 171.052,
                                    "Actual Rows": 1,
                                    "Actual Loops": 1
                                }
                            ],
                            "Plans": [
                                {
                                    "Node Type": "Hash Join",
                                    "Parent Relationship": "Outer",
                                    "Parallel Aware": true,
                                    "Join Type": "Inner",
                                    "Startup Cost": 30012.41,
                                    "Total Cost": 77134.53,
                                    "Plan Rows": 24867,
                                    "Plan Width": 0,
                                    "Actual Startup Time": 72.133,
                                    "Actual Total Time": 172.469,
                                    "Actual Rows": 7734,
                                    "Actual Loops": 5,
                                    "Inner Unique": false,
                                    "Hash Cond": "(t.id = mc.movie_id)",
                                    "Workers": [
                                        {
                                            "Worker Number": 0,
                                            "Actual Startup Time": 69.403,
                                            "Actual Total Time": 169.718,
                                            "Actual Rows": 7192,
                                            "Actual Loops": 1
                                        },
                                        {
                                            "Worker Number": 1,
                                            "Actual Startup Time": 69.627,
                                            "Actual Total Time": 169.911,
                                            "Actual Rows": 7361,
                                            "Actual Loops": 1
                                        },
                                        {
                                            "Worker Number": 2,
                                            "Actual Startup Time": 69.91,
                                            "Actual Total Time": 170.207,
                                            "Actual Rows": 7095,
                                            "Actual Loops": 1
                                        },
                                        {
                                            "Worker Number": 3,
                                            "Actual Startup Time": 70.147,
                                            "Actual Total Time": 170.476,
                                            "Actual Rows": 7160,
                                            "Actual Loops": 1
                                        }
                                    ],
                                    "Plans": [
                                        {
                                            "Node Type": "Seq Scan",
                                            "Parent Relationship": "Outer",
                                            "Parallel Aware": true,
                                            "Relation Name": "title",
                                            "Schema": "public",
                                            "Alias": "t",
                                            "Startup Cost": 0.0,
                                            "Total Cost": 45479.21,
                                            "Plan Rows": 312540,
                                            "Plan Width": 4,
                                            "Actual Startup Time": 0.01,
                                            "Actual Total Time": 70.881,
                                            "Actual Rows": 244307,
                                            "Actual Loops": 5,
                                            "Output": [
                                                "t.id",
                                                "t.title",
                                                "t.imdb_index",
                                                "t.kind_id",
                                                "t.production_year",
                                                "t.imdb_id",
                                                "t.phonetic_code",
                                                "t.episode_of_id",
                                                "t.season_nr",
                                                "t.episode_nr",
                                                "t.series_years",
                                                "t.md5sum"
                                            ],
                                            "Filter": "((t.production_year < 2011) AND (t.kind_id = 7))",
                                            "Rows Removed by Filter": 261356,
                                            "Workers": [
                                                {
                                                    "Worker Number": 0,
                                                    "Actual Startup Time": 0.009,
                                                    "Actual Total Time": 70.897,
                                                    "Actual Rows": 226196,
                                                    "Actual Loops": 1
                                                },
                                                {
                                                    "Worker Number": 1,
                                                    "Actual Startup Time": 0.011,
                                                    "Actual Total Time": 71.754,
                                                    "Actual Rows": 228812,
                                                    "Actual Loops": 1
                                                },
                                                {
                                                    "Worker Number": 2,
                                                    "Actual Startup Time": 0.009,
                                                    "Actual Total Time": 70.858,
                                                    "Actual Rows": 225292,
                                                    "Actual Loops": 1
                                                },
                                                {
                                                    "Worker Number": 3,
                                                    "Actual Startup Time": 0.012,
                                                    "Actual Total Time": 71.705,
                                                    "Actual Rows": 228811,
                                                    "Actual Loops": 1
                                                }
                                            ]
                                        },
                                        {
                                            "Node Type": "Hash",
                                            "Parent Relationship": "Inner",
                                            "Parallel Aware": true,
                                            "Startup Cost": 29201.24,
                                            "Total Cost": 29201.24,
                                            "Plan Rows": 64893,
                                            "Plan Width": 4,
                                            "Actual Startup Time": 70.812,
                                            "Actual Total Time": 70.815,
                                            "Actual Rows": 18573,
                                            "Actual Loops": 5,
                                            "Output": [
                                                "mc.movie_id"
                                            ],
                                            "Hash Buckets": 262144,
                                            "Original Hash Buckets": 262144,
                                            "Hash Batches": 1,
                                            "Original Hash Batches": 1,
                                            "Peak Memory Usage": 5728,
                                            "Workers": [
                                                {
                                                    "Worker Number": 0,
                                                    "Actual Startup Time": 68.919,
                                                    "Actual Total Time": 68.92,
                                                    "Actual Rows": 15220,
                                                    "Actual Loops": 1
                                                },
                                                {
                                                    "Worker Number": 1,
                                                    "Actual Startup Time": 69.148,
                                                    "Actual Total Time": 69.158,
                                                    "Actual Rows": 16911,
                                                    "Actual Loops": 1
                                                },
                                                {
                                                    "Worker Number": 2,
                                                    "Actual Startup Time": 69.401,
                                                    "Actual Total Time": 69.402,
                                                    "Actual Rows": 15020,
                                                    "Actual Loops": 1
                                                },
                                                {
                                                    "Worker Number": 3,
                                                    "Actual Startup Time": 69.622,
                                                    "Actual Total Time": 69.624,
                                                    "Actual Rows": 17121,
                                                    "Actual Loops": 1
                                                }
                                            ],
                                            "Plans": [
                                                {
                                                    "Node Type": "Bitmap Heap Scan",
                                                    "Parent Relationship": "Outer",
                                                    "Parallel Aware": true,
                                                    "Relation Name": "movie_companies",
                                                    "Schema": "public",
                                                    "Alias": "mc",
                                                    "Startup Cost": 8502.02,
                                                    "Total Cost": 29201.24,
                                                    "Plan Rows": 64893,
                                                    "Plan Width": 4,
                                                    "Actual Startup Time": 52.373,
                                                    "Actual Total Time": 64.988,
                                                    "Actual Rows": 18573,
                                                    "Actual Loops": 5,
                                                    "Output": [
                                                        "mc.movie_id"
                                                    ],
                                                    "Recheck Cond": "(mc.company_id < 239)",
                                                    "Rows Removed by Index Recheck": 0,
                                                    "Filter": "(mc.company_type_id > 1)",
                                                    "Rows Removed by Filter": 59747,
                                                    "Exact Heap Blocks": 8681,
                                                    "Lossy Heap Blocks": 0,
                                                    "Workers": [
                                                        {
                                                            "Worker Number": 0,
                                                            "Actual Startup Time": 50.477,
                                                            "Actual Total Time": 63.164,
                                                            "Actual Rows": 15220,
                                                            "Actual Loops": 1
                                                        },
                                                        {
                                                            "Worker Number": 1,
                                                            "Actual Startup Time": 50.687,
                                                            "Actual Total Time": 63.669,
                                                            "Actual Rows": 16911,
                                                            "Actual Loops": 1
                                                        },
                                                        {
                                                            "Worker Number": 2,
                                                            "Actual Startup Time": 50.956,
                                                            "Actual Total Time": 63.695,
                                                            "Actual Rows": 15020,
                                                            "Actual Loops": 1
                                                        },
                                                        {
                                                            "Worker Number": 3,
                                                            "Actual Startup Time": 51.151,
                                                            "Actual Total Time": 64.176,
                                                            "Actual Rows": 17121,
                                                            "Actual Loops": 1
                                                        }
                                                    ],
                                                    "Plans": [
                                                        {
                                                            "Node Type": "Bitmap Index Scan",
                                                            "Parent Relationship": "Outer",
                                                            "Parallel Aware": false,
                                                            "Index Name": "company_id_movie_companies",
                                                            "Startup Cost": 0.0,
                                                            "Total Cost": 8451.73,
                                                            "Plan Rows": 394573,
                                                            "Plan Width": 0,
                                                            "Actual Startup Time": 19.213,
                                                            "Actual Total Time": 19.214,
                                                            "Actual Rows": 391600,
                                                            "Actual Loops": 1,
                                                            "Index Cond": "(mc.company_id < 239)"
                                                        }
                                                    ]
                                                }
                                            ]
                                        }
                                    ]
                                }
                            ]
                        }
                    ]
                }
            ]
        },
        "Planning Time": 175.246,
        "Triggers": [],
        "Execution Time": 193.963
    }
]