[
  {
    "Plan": {
      "Node Type": "Aggregate",
      "Strategy": "Plain",
      "Partial Mode": "Finalize",
      "Parallel Aware": false,
      "Startup Cost": 343084.06,
      "Total Cost": 343084.07,
      "Plan Rows": 1,
      "Plan Width": 8,
      "Actual Startup Time": 949.998,
      "Actual Total Time": 1005.591,
      "Actual Rows": 1,
      "Actual Loops": 1,
      "Plans": [
        {
          "Node Type": "Gather",
          "Parent Relationship": "Outer",
          "Parallel Aware": false,
          "Startup Cost": 343083.44,
          "Total Cost": 343084.05,
          "Plan Rows": 6,
          "Plan Width": 8,
          "Actual Startup Time": 949.874,
          "Actual Total Time": 1005.579,
          "Actual Rows": 7,
          "Actual Loops": 1,
          "Workers Planned": 6,
          "Workers Launched": 6,
          "Single Copy": false,
          "Plans": [
            {
              "Node Type": "Aggregate",
              "Strategy": "Plain",
              "Partial Mode": "Partial",
              "Parent Relationship": "Outer",
              "Parallel Aware": false,
              "Startup Cost": 342083.44,
              "Total Cost": 342083.45,
              "Plan Rows": 1,
              "Plan Width": 8,
              "Actual Startup Time": 940.008,
              "Actual Total Time": 940.009,
              "Actual Rows": 1,
              "Actual Loops": 7,
              "Plans": [
                {
                  "Node Type": "Seq Scan",
                  "Parent Relationship": "Outer",
                  "Parallel Aware": true,
                  "Relation Name": "cast_info",
                  "Alias": "ci",
                  "Startup Cost": 0.0,
                  "Total Cost": 328162.03,
                  "Plan Rows": 5568565,
                  "Plan Width": 0,
                  "Actual Startup Time": 0.052,
                  "Actual Total Time": 708.582,
                  "Actual Rows": 4792588,
                  "Actual Loops": 7,
                  "Filter": "(person_id < 3544362)",
                  "Rows Removed by Filter": 385175
                }
              ]
            }
          ]
        }
      ]
    },
    "Planning Time": 0.204,
    "Triggers": [],
    "Execution Time": 1005.667
  }
]