[
  {
    "Plan": {
      "Node Type": "Aggregate",
      "Strategy": "Plain",
      "Partial Mode": "Finalize",
      "Parallel Aware": false,
      "Startup Cost": 86319.72,
      "Total Cost": 86319.73,
      "Plan Rows": 1,
      "Plan Width": 8,
      "Actual Startup Time": 257.673,
      "Actual Total Time": 274.73,
      "Actual Rows": 1,
      "Actual Loops": 1,
      "Plans": [
        {
          "Node Type": "Gather",
          "Parent Relationship": "Outer",
          "Parallel Aware": false,
          "Startup Cost": 86319.4,
          "Total Cost": 86319.71,
          "Plan Rows": 3,
          "Plan Width": 8,
          "Actual Startup Time": 256.672,
          "Actual Total Time": 274.72,
          "Actual Rows": 4,
          "Actual Loops": 1,
          "Workers Planned": 3,
          "Workers Launched": 3,
          "Single Copy": false,
          "Plans": [
            {
              "Node Type": "Aggregate",
              "Strategy": "Plain",
              "Partial Mode": "Partial",
              "Parent Relationship": "Outer",
              "Parallel Aware": false,
              "Startup Cost": 85319.4,
              "Total Cost": 85319.41,
              "Plan Rows": 1,
              "Plan Width": 8,
              "Actual Startup Time": 247.249,
              "Actual Total Time": 247.252,
              "Actual Rows": 1,
              "Actual Loops": 4,
              "Plans": [
                {
                  "Node Type": "Hash Join",
                  "Parent Relationship": "Outer",
                  "Parallel Aware": true,
                  "Join Type": "Inner",
                  "Startup Cost": 57790.14,
                  "Total Cost": 85273.87,
                  "Plan Rows": 18210,
                  "Plan Width": 0,
                  "Actual Startup Time": 153.711,
                  "Actual Total Time": 246.819,
                  "Actual Rows": 4605,
                  "Actual Loops": 4,
                  "Inner Unique": true,
                  "Hash Cond": "(mk.movie_id = t.id)",
                  "Plans": [
                    {
                      "Node Type": "Bitmap Heap Scan",
                      "Parent Relationship": "Outer",
                      "Parallel Aware": true,
                      "Relation Name": "movie_keyword",
                      "Alias": "mk",
                      "Startup Cost": 13172.95,
                      "Total Cost": 40130.86,
                      "Plan Rows": 200313,
                      "Plan Width": 4,
                      "Actual Startup Time": 37.407,
                      "Actual Total Time": 100.998,
                      "Actual Rows": 157947,
                      "Actual Loops": 4,
                      "Recheck Cond": "(keyword_id < 494)",
                      "Rows Removed by Index Recheck": 0,
                      "Exact Heap Blocks": 8524,
                      "Lossy Heap Blocks": 0,
                      "Plans": [
                        {
                          "Node Type": "Bitmap Index Scan",
                          "Parent Relationship": "Outer",
                          "Parallel Aware": false,
                          "Index Name": "keyword_id_movie_keyword",
                          "Startup Cost": 0.0,
                          "Total Cost": 13017.71,
                          "Plan Rows": 620970,
                          "Plan Width": 0,
                          "Actual Startup Time": 33.718,
                          "Actual Total Time": 33.719,
                          "Actual Rows": 631788,
                          "Actual Loops": 1,
                          "Index Cond": "(keyword_id < 494)"
                        }
                      ]
                    },
                    {
                      "Node Type": "Hash",
                      "Parent Relationship": "Inner",
                      "Parallel Aware": true,
                      "Startup Cost": 43898.92,
                      "Total Cost": 43898.92,
                      "Plan Rows": 57462,
                      "Plan Width": 4,
                      "Actual Startup Time": 113.885,
                      "Actual Total Time": 113.886,
                      "Actual Rows": 57912,
                      "Actual Loops": 4,
                      "Hash Buckets": 262144,
                      "Original Hash Buckets": 262144,
                      "Hash Batches": 1,
                      "Original Hash Batches": 1,
                      "Peak Memory Usage": 11168,
                      "Plans": [
                        {
                          "Node Type": "Seq Scan",
                          "Parent Relationship": "Outer",
                          "Parallel Aware": true,
                          "Relation Name": "title",
                          "Alias": "t",
                          "Startup Cost": 0.0,
                          "Total Cost": 43898.92,
                          "Plan Rows": 57462,
                          "Plan Width": 4,
                          "Actual Startup Time": 0.04,
                          "Actual Total Time": 94.494,
                          "Actual Rows": 57912,
                          "Actual Loops": 4,
                          "Filter": "(production_year > 2011)",
                          "Rows Removed by Filter": 574166
                        }
                      ]
                    }
                  ]
                }
              ]
            }
          ]
        }
      ]
    },
    "Planning Time": 0.574,
    "Triggers": [],
    "Execution Time": 274.819
  }
]