[
  {
    "Plan": {
      "Node Type": "Aggregate",
      "Strategy": "Plain",
      "Partial Mode": "Finalize",
      "Parallel Aware": false,
      "Startup Cost": 329240.3,
      "Total Cost": 329240.31,
      "Plan Rows": 1,
      "Plan Width": 8,
      "Actual Startup Time": 478.137,
      "Actual Total Time": 492.95,
      "Actual Rows": 1,
      "Actual Loops": 1,
      "Plans": [
        {
          "Node Type": "Gather",
          "Parent Relationship": "Outer",
          "Parallel Aware": false,
          "Startup Cost": 329239.88,
          "Total Cost": 329240.29,
          "Plan Rows": 4,
          "Plan Width": 8,
          "Actual Startup Time": 473.27,
          "Actual Total Time": 492.936,
          "Actual Rows": 5,
          "Actual Loops": 1,
          "Workers Planned": 4,
          "Workers Launched": 4,
          "Single Copy": false,
          "Plans": [
            {
              "Node Type": "Aggregate",
              "Strategy": "Plain",
              "Partial Mode": "Partial",
              "Parent Relationship": "Outer",
              "Parallel Aware": false,
              "Startup Cost": 328239.88,
              "Total Cost": 328239.89,
              "Plan Rows": 1,
              "Plan Width": 8,
              "Actual Startup Time": 463.382,
              "Actual Total Time": 463.506,
              "Actual Rows": 1,
              "Actual Loops": 5,
              "Plans": [
                {
                  "Node Type": "Hash Join",
                  "Parent Relationship": "Outer",
                  "Parallel Aware": true,
                  "Join Type": "Inner",
                  "Startup Cost": 279221.82,
                  "Total Cost": 328012.72,
                  "Plan Rows": 90863,
                  "Plan Width": 0,
                  "Actual Startup Time": 206.92,
                  "Actual Total Time": 454.502,
                  "Actual Rows": 154634,
                  "Actual Loops": 5,
                  "Inner Unique": false,
                  "Hash Cond": "(t.id = ci.movie_id)",
                  "Plans": [
                    {
                      "Node Type": "Seq Scan",
                      "Parent Relationship": "Outer",
                      "Parallel Aware": true,
                      "Relation Name": "title",
                      "Alias": "t",
                      "Startup Cost": 0.0,
                      "Total Cost": 42318.73,
                      "Plan Rows": 632073,
                      "Plan Width": 4,
                      "Actual Startup Time": 0.012,
                      "Actual Total Time": 77.972,
                      "Actual Rows": 505662,
                      "Actual Loops": 5
                    },
                    {
                      "Node Type": "Hash",
                      "Parent Relationship": "Inner",
                      "Parallel Aware": true,
                      "Startup Cost": 278464.63,
                      "Total Cost": 278464.63,
                      "Plan Rows": 60575,
                      "Plan Width": 4,
                      "Actual Startup Time": 204.237,
                      "Actual Total Time": 204.239,
                      "Actual Rows": 154634,
                      "Actual Loops": 5,
                      "Hash Buckets": 1048576,
                      "Original Hash Buckets": 524288,
                      "Hash Batches": 1,
                      "Original Hash Batches": 1,
                      "Peak Memory Usage": 42592,
                      "Plans": [
                        {
                          "Node Type": "Bitmap Heap Scan",
                          "Parent Relationship": "Outer",
                          "Parallel Aware": true,
                          "Relation Name": "cast_info",
                          "Alias": "ci",
                          "Startup Cost": 23139.08,
                          "Total Cost": 278464.63,
                          "Plan Rows": 60575,
                          "Plan Width": 4,
                          "Actual Startup Time": 66.814,
                          "Actual Total Time": 128.151,
                          "Actual Rows": 154634,
                          "Actual Loops": 5,
                          "Recheck Cond": "(person_id < 108322)",
                          "Rows Removed by Index Recheck": 0,
                          "Filter": "(role_id = 1)",
                          "Rows Removed by Filter": 57302,
                          "Exact Heap Blocks": 2692,
                          "Lossy Heap Blocks": 0,
                          "Plans": [
                            {
                              "Node Type": "Bitmap Index Scan",
                              "Parent Relationship": "Outer",
                              "Parallel Aware": false,
                              "Index Name": "person_id_cast_info",
                              "Startup Cost": 0.0,
                              "Total Cost": 23048.22,
                              "Plan Rows": 1055420,
                              "Plan Width": 0,
                              "Actual Startup Time": 64.287,
                              "Actual Total Time": 64.288,
                              "Actual Rows": 1059681,
                              "Actual Loops": 1,
                              "Index Cond": "(person_id < 108322)"
                            }
                          ]
                        }
                      ]
                    }
                  ]
                }
              ]
            }
          ]
        }
      ]
    },
    "Planning Time": 0.622,
    "Triggers": [],
    "Execution Time": 493.05
  }
]