{
  "Plan": {
    "Node Type": "Aggregate",
    "Strategy": "Plain",
    "Partial Mode": "Simple",
    "Parallel Aware": false,
    "Startup Cost": 238485.9,
    "Total Cost": 238485.91,
    "Plan Rows": 1,
    "Plan Width": 64,
    "Actual Startup Time": 38667.543,
    "Actual Total Time": 38674.612,
    "Actual Rows": 1,
    "Actual Loops": 1,
    "Plans": [
      {
        "Node Type": "Gather",
        "Parent Relationship": "Outer",
        "Parallel Aware": false,
        "Startup Cost": 189063.32,
        "Total Cost": 238485.89,
        "Plan Rows": 1,
        "Plan Width": 60,
        "Actual Startup Time": 38667.538,
        "Actual Total Time": 38674.605,
        "Actual Rows": 0,
        "Actual Loops": 1,
        "Workers Planned": 1,
        "Workers Launched": 0,
        "Single Copy": false,
        "Plans": [
          {
            "Node Type": "Nested Loop",
            "Parent Relationship": "Outer",
            "Parallel Aware": false,
            "Join Type": "Inner",
            "Startup Cost": 188063.32,
            "Total Cost": 237485.79,
            "Plan Rows": 1,
            "Plan Width": 60,
            "Actual Startup Time": 38666.453,
            "Actual Total Time": 38666.47,
            "Actual Rows": 0,
            "Actual Loops": 1,
            "Inner Unique": true,
            "Plans": [
              {
                "Node Type": "Nested Loop",
                "Parent Relationship": "Outer",
                "Parallel Aware": false,
                "Join Type": "Inner",
                "Startup Cost": 188063.18,
                "Total Cost": 237484.63,
                "Plan Rows": 6,
                "Plan Width": 64,
                "Actual Startup Time": 38666.452,
                "Actual Total Time": 38666.468,
                "Actual Rows": 0,
                "Actual Loops": 1,
                "Inner Unique": false,
                "Join Filter": "(t.id = mi.movie_id)",
                "Rows Removed by Join Filter": 0,
                "Plans": [
                  {
                    "Node Type": "Hash Join",
                    "Parent Relationship": "Outer",
                    "Parallel Aware": false,
                    "Join Type": "Inner",
                    "Startup Cost": 188062.74,
                    "Total Cost": 189359.06,
                    "Plan Rows": 29824,
                    "Plan Width": 33,
                    "Actual Startup Time": 4661.716,
                    "Actual Total Time": 7136.365,
                    "Actual Rows": 1171789,
                    "Actual Loops": 1,
                    "Inner Unique": true,
                    "Hash Cond": "(mc.company_type_id = ct.id)",
                    "Plans": [
                      {
                        "Node Type": "Merge Join",
                        "Parent Relationship": "Outer",
                        "Parallel Aware": false,
                        "Join Type": "Inner",
                        "Startup Cost": 188061.65,
                        "Total Cost": 189196.73,
                        "Plan Rows": 29824,
                        "Plan Width": 37,
                        "Actual Startup Time": 4661.673,
                        "Actual Total Time": 6945.12,
                        "Actual Rows": 1171789,
                        "Actual Loops": 1,
                        "Inner Unique": true,
                        "Merge Cond": "(mc.company_id = cn.id)",
                        "Plans": [
                          {
                            "Node Type": "Sort",
                            "Parent Relationship": "Outer",
                            "Parallel Aware": false,
                            "Startup Cost": 175148.98,
                            "Total Cost": 175354.55,
                            "Plan Rows": 82226,
                            "Plan Width": 41,
                            "Actual Startup Time": 4615.632,
                            "Actual Total Time": 5889.971,
                            "Actual Rows": 6114783,
                            "Actual Loops": 1,
                            "Sort Key": [
                              "mc.company_id"
                            ],
                            "Sort Method": "quicksort",
                            "Sort Space Used": 745402,
                            "Sort Space Type": "Memory",
                            "Plans": [
                              {
                                "Node Type": "Hash Join",
                                "Parent Relationship": "Outer",
                                "Parallel Aware": false,
                                "Join Type": "Inner",
                                "Startup Cost": 106692.19,
                                "Total Cost": 168436.34,
                                "Plan Rows": 82226,
                                "Plan Width": 41,
                                "Actual Startup Time": 837.493,
                                "Actual Total Time": 3015.896,
                                "Actual Rows": 6114783,
                                "Actual Loops": 1,
                                "Inner Unique": true,
                                "Hash Cond": "(mk.keyword_id = k.id)",
                                "Plans": [
                                  {
                                    "Node Type": "Hash Join",
                                    "Parent Relationship": "Outer",
                                    "Parallel Aware": true,
                                    "Join Type": "Inner",
                                    "Startup Cost": 102724.37,
                                    "Total Cost": 164252.66,
                                    "Plan Rows": 82226,
                                    "Plan Width": 45,
                                    "Actual Startup Time": 790.533,
                                    "Actual Total Time": 2151.467,
                                    "Actual Rows": 6114783,
                                    "Actual Loops": 1,
                                    "Inner Unique": false,
                                    "Hash Cond": "(mk.movie_id = t.id)",
                                    "Plans": [
                                      {
                                        "Node Type": "Seq Scan",
                                        "Parent Relationship": "Outer",
                                        "Parallel Aware": true,
                                        "Relation Name": "movie_keyword",
                                        "Alias": "mk",
                                        "Startup Cost": 0.0,
                                        "Total Cost": 51065.35,
                                        "Plan Rows": 2661135,
                                        "Plan Width": 8,
                                        "Actual Startup Time": 0.008,
                                        "Actual Total Time": 314.212,
                                        "Actual Rows": 4523930,
                                        "Actual Loops": 1
                                      },
                                      {
                                        "Node Type": "Hash",
                                        "Parent Relationship": "Inner",
                                        "Parallel Aware": true,
                                        "Startup Cost": 102149.97,
                                        "Total Cost": 102149.97,
                                        "Plan Rows": 45952,
                                        "Plan Width": 37,
                                        "Actual Startup Time": 789.179,
                                        "Actual Total Time": 789.187,
                                        "Actual Rows": 138137,
                                        "Actual Loops": 1,
                                        "Hash Buckets": 262144,
                                        "Original Hash Buckets": 131072,
                                        "Hash Batches": 1,
                                        "Original Hash Batches": 1,
                                        "Peak Memory Usage": 13120,
                                        "Plans": [
                                          {
                                            "Node Type": "Nested Loop",
                                            "Parent Relationship": "Outer",
                                            "Parallel Aware": false,
                                            "Join Type": "Inner",
                                            "Startup Cost": 58481.0,
                                            "Total Cost": 102149.97,
                                            "Plan Rows": 45952,
                                            "Plan Width": 37,
                                            "Actual Startup Time": 454.83,
                                            "Actual Total Time": 741.231,
                                            "Actual Rows": 138137,
                                            "Actual Loops": 1,
                                            "Inner Unique": false,
                                            "Plans": [
                                              {
                                                "Node Type": "Hash Join",
                                                "Parent Relationship": "Outer",
                                                "Parallel Aware": true,
                                                "Join Type": "Inner",
                                                "Startup Cost": 58480.57,
                                                "Total Cost": 67357.03,
                                                "Plan Rows": 44527,
                                                "Plan Width": 25,
                                                "Actual Startup Time": 454.794,
                                                "Actual Total Time": 617.178,
                                                "Actual Rows": 22501,
                                                "Actual Loops": 1,
                                                "Inner Unique": true,
                                                "Hash Cond": "(at.movie_id = t.id)",
                                                "Plans": [
                                                  {
                                                    "Node Type": "Seq Scan",
                                                    "Parent Relationship": "Outer",
                                                    "Parallel Aware": true,
                                                    "Relation Name": "aka_title",
                                                    "Alias": "at",
                                                    "Startup Cost": 0.0,
                                                    "Total Cost": 8318.31,
                                                    "Plan Rows": 212631,
                                                    "Plan Width": 4,
                                                    "Actual Startup Time": 0.005,
                                                    "Actual Total Time": 51.574,
                                                    "Actual Rows": 361472,
                                                    "Actual Loops": 1
                                                  },
                                                  {
                                                    "Node Type": "Hash",
                                                    "Parent Relationship": "Inner",
                                                    "Parallel Aware": true,
                                                    "Startup Cost": 54587.68,
                                                    "Total Cost": 54587.68,
                                                    "Plan Rows": 311431,
                                                    "Plan Width": 21,
                                                    "Actual Startup Time": 447.611,
                                                    "Actual Total Time": 447.612,
                                                    "Actual Rows": 533369,
                                                    "Actual Loops": 1,
                                                    "Hash Buckets": 1048576,
                                                    "Original Hash Buckets": 1048576,
                                                    "Hash Batches": 1,
                                                    "Original Hash Batches": 1,
                                                    "Peak Memory Usage": 38304,
                                                    "Plans": [
                                                      {
                                                        "Node Type": "Seq Scan",
                                                        "Parent Relationship": "Outer",
                                                        "Parallel Aware": true,
                                                        "Relation Name": "title",
                                                        "Alias": "t",
                                                        "Startup Cost": 0.0,
                                                        "Total Cost": 54587.68,
                                                        "Plan Rows": 311431,
                                                        "Plan Width": 21,
                                                        "Actual Startup Time": 0.013,
                                                        "Actual Total Time": 259.765,
                                                        "Actual Rows": 533369,
                                                        "Actual Loops": 1,
                                                        "Filter": "(production_year > 2009)",
                                                        "Rows Removed by Filter": 1994943
                                                      }
                                                    ]
                                                  }
                                                ]
                                              },
                                              {
                                                "Node Type": "Index Scan",
                                                "Parent Relationship": "Inner",
                                                "Parallel Aware": false,
                                                "Scan Direction": "Forward",
                                                "Index Name": "movie_id_movie_companies",
                                                "Relation Name": "movie_companies",
                                                "Alias": "mc",
                                                "Startup Cost": 0.43,
                                                "Total Cost": 0.73,
                                                "Plan Rows": 5,
                                                "Plan Width": 12,
                                                "Actual Startup Time": 0.003,
                                                "Actual Total Time": 0.005,
                                                "Actual Rows": 6,
                                                "Actual Loops": 22501,
                                                "Index Cond": "(movie_id = t.id)",
                                                "Rows Removed by Index Recheck": 0
                                              }
                                            ]
                                          }
                                        ]
                                      }
                                    ]
                                  },
                                  {
                                    "Node Type": "Hash",
                                    "Parent Relationship": "Inner",
                                    "Parallel Aware": false,
                                    "Startup Cost": 2290.7,
                                    "Total Cost": 2290.7,
                                    "Plan Rows": 134170,
                                    "Plan Width": 4,
                                    "Actual Startup Time": 46.178,
                                    "Actual Total Time": 46.179,
                                    "Actual Rows": 134170,
                                    "Actual Loops": 1,
                                    "Hash Buckets": 262144,
                                    "Original Hash Buckets": 262144,
                                    "Hash Batches": 1,
                                    "Original Hash Batches": 1,
                                    "Peak Memory Usage": 6765,
                                    "Plans": [
                                      {
                                        "Node Type": "Seq Scan",
                                        "Parent Relationship": "Outer",
                                        "Parallel Aware": false,
                                        "Relation Name": "keyword",
                                        "Alias": "k",
                                        "Startup Cost": 0.0,
                                        "Total Cost": 2290.7,
                                        "Plan Rows": 134170,
                                        "Plan Width": 4,
                                        "Actual Startup Time": 0.024,
                                        "Actual Total Time": 20.714,
                                        "Actual Rows": 134170,
                                        "Actual Loops": 1
                                      }
                                    ]
                                  }
                                ]
                              }
                            ]
                          },
                          {
                            "Node Type": "Sort",
                            "Parent Relationship": "Inner",
                            "Parallel Aware": false,
                            "Startup Cost": 12912.67,
                            "Total Cost": 13125.75,
                            "Plan Rows": 85233,
                            "Plan Width": 4,
                            "Actual Startup Time": 46.026,
                            "Actual Total Time": 65.226,
                            "Actual Rows": 84843,
                            "Actual Loops": 1,
                            "Sort Key": [
                              "cn.id"
                            ],
                            "Sort Method": "quicksort",
                            "Sort Space Used": 7050,
                            "Sort Space Type": "Memory",
                            "Plans": [
                              {
                                "Node Type": "Seq Scan",
                                "Parent Relationship": "Outer",
                                "Parallel Aware": false,
                                "Relation Name": "company_name",
                                "Alias": "cn",
                                "Startup Cost": 0.0,
                                "Total Cost": 5932.46,
                                "Plan Rows": 85233,
                                "Plan Width": 4,
                                "Actual Startup Time": 0.033,
                                "Actual Total Time": 27.776,
                                "Actual Rows": 84843,
                                "Actual Loops": 1,
                                "Filter": "((country_code)::text = '[us]'::text)",
                                "Rows Removed by Filter": 150154
                              }
                            ]
                          }
                        ]
                      },
                      {
                        "Node Type": "Hash",
                        "Parent Relationship": "Inner",
                        "Parallel Aware": false,
                        "Startup Cost": 1.04,
                        "Total Cost": 1.04,
                        "Plan Rows": 4,
                        "Plan Width": 4,
                        "Actual Startup Time": 0.026,
                        "Actual Total Time": 0.027,
                        "Actual Rows": 4,
                        "Actual Loops": 1,
                        "Hash Buckets": 1024,
                        "Original Hash Buckets": 1024,
                        "Hash Batches": 1,
                        "Original Hash Batches": 1,
                        "Peak Memory Usage": 9,
                        "Plans": [
                          {
                            "Node Type": "Seq Scan",
                            "Parent Relationship": "Outer",
                            "Parallel Aware": false,
                            "Relation Name": "company_type",
                            "Alias": "ct",
                            "Startup Cost": 0.0,
                            "Total Cost": 1.04,
                            "Plan Rows": 4,
                            "Plan Width": 4,
                            "Actual Startup Time": 0.016,
                            "Actual Total Time": 0.018,
                            "Actual Rows": 4,
                            "Actual Loops": 1
                          }
                        ]
                      }
                    ]
                  },
                  {
                    "Node Type": "Index Scan",
                    "Parent Relationship": "Inner",
                    "Parallel Aware": false,
                    "Scan Direction": "Forward",
                    "Index Name": "movie_id_movie_info",
                    "Relation Name": "movie_info",
                    "Alias": "mi",
                    "Startup Cost": 0.43,
                    "Total Cost": 1.6,
                    "Plan Rows": 1,
                    "Plan Width": 51,
                    "Actual Startup Time": 0.027,
                    "Actual Total Time": 0.027,
                    "Actual Rows": 0,
                    "Actual Loops": 1171789,
                    "Index Cond": "(movie_id = mk.movie_id)",
                    "Rows Removed by Index Recheck": 0,
                    "Filter": "((info IS NOT NULL) AND (note ~~ '%internet%'::text) AND ((info ~~ 'USA:% 199%'::text) OR (info ~~ 'USA:% 200%'::text)))",
                    "Rows Removed by Filter": 199
                  }
                ]
              },
              {
                "Node Type": "Index Scan",
                "Parent Relationship": "Inner",
                "Parallel Aware": false,
                "Scan Direction": "Forward",
                "Index Name": "info_type_pkey",
                "Relation Name": "info_type",
                "Alias": "it1",
                "Startup Cost": 0.14,
                "Total Cost": 0.19,
                "Plan Rows": 1,
                "Plan Width": 4,
                "Actual Startup Time": 0.0,
                "Actual Total Time": 0.0,
                "Actual Rows": 0,
                "Actual Loops": 0,
                "Index Cond": "(id = mi.info_type_id)",
                "Rows Removed by Index Recheck": 0,
                "Filter": "((info)::text = 'release dates'::text)",
                "Rows Removed by Filter": 0
              }
            ]
          }
        ]
      }
    ]
  },
  "Planning Time": 2.531,
  "Triggers": [],
  "Execution Time": 38679.12
}