[
  {
    "Plan": {
      "Node Type": "Aggregate",
      "Strategy": "Plain",
      "Partial Mode": "Finalize",
      "Parallel Aware": false,
      "Startup Cost": 46750.89,
      "Total Cost": 46750.9,
      "Plan Rows": 1,
      "Plan Width": 8,
      "Actual Startup Time": 183.825,
      "Actual Total Time": 193.632,
      "Actual Rows": 1,
      "Actual Loops": 1,
      "Plans": [
        {
          "Node Type": "Gather",
          "Parent Relationship": "Outer",
          "Parallel Aware": false,
          "Startup Cost": 46750.57,
          "Total Cost": 46750.88,
          "Plan Rows": 3,
          "Plan Width": 8,
          "Actual Startup Time": 183.672,
          "Actual Total Time": 193.62,
          "Actual Rows": 4,
          "Actual Loops": 1,
          "Workers Planned": 3,
          "Workers Launched": 3,
          "Single Copy": false,
          "Plans": [
            {
              "Node Type": "Aggregate",
              "Strategy": "Plain",
              "Partial Mode": "Partial",
              "Parent Relationship": "Outer",
              "Parallel Aware": false,
              "Startup Cost": 45750.57,
              "Total Cost": 45750.58,
              "Plan Rows": 1,
              "Plan Width": 8,
              "Actual Startup Time": 179.736,
              "Actual Total Time": 179.738,
              "Actual Rows": 1,
              "Actual Loops": 4,
              "Plans": [
                {
                  "Node Type": "Seq Scan",
                  "Parent Relationship": "Outer",
                  "Parallel Aware": true,
                  "Relation Name": "movie_keyword",
                  "Alias": "mk",
                  "Startup Cost": 0.0,
                  "Total Cost": 42695.65,
                  "Plan Rows": 1221966,
                  "Plan Width": 0,
                  "Actual Startup Time": 0.051,
                  "Actual Total Time": 131.403,
                  "Actual Rows": 946699,
                  "Actual Loops": 4,
                  "Filter": "(keyword_id > 660)",
                  "Rows Removed by Filter": 184284
                }
              ]
            }
          ]
        }
      ]
    },
    "Planning Time": 0.095,
    "Triggers": [],
    "Execution Time": 193.662
  }
]