[
  {
    "Plan": {
      "Node Type": "Aggregate",
      "Strategy": "Plain",
      "Partial Mode": "Finalize",
      "Parallel Aware": false,
      "Startup Cost": 384435.5,
      "Total Cost": 384435.51,
      "Plan Rows": 1,
      "Plan Width": 8,
      "Actual Startup Time": 1175.134,
      "Actual Total Time": 1239.583,
      "Actual Rows": 1,
      "Actual Loops": 1,
      "Plans": [
        {
          "Node Type": "Gather",
          "Parent Relationship": "Outer",
          "Parallel Aware": false,
          "Startup Cost": 384434.88,
          "Total Cost": 384435.49,
          "Plan Rows": 6,
          "Plan Width": 8,
          "Actual Startup Time": 1173.239,
          "Actual Total Time": 1239.557,
          "Actual Rows": 7,
          "Actual Loops": 1,
          "Workers Planned": 6,
          "Workers Launched": 6,
          "Single Copy": false,
          "Plans": [
            {
              "Node Type": "Aggregate",
              "Strategy": "Plain",
              "Partial Mode": "Partial",
              "Parent Relationship": "Outer",
              "Parallel Aware": false,
              "Startup Cost": 383434.88,
              "Total Cost": 383434.89,
              "Plan Rows": 1,
              "Plan Width": 8,
              "Actual Startup Time": 1163.614,
              "Actual Total Time": 1163.617,
              "Actual Rows": 1,
              "Actual Loops": 7,
              "Plans": [
                {
                  "Node Type": "Hash Join",
                  "Parent Relationship": "Outer",
                  "Parallel Aware": true,
                  "Join Type": "Inner",
                  "Startup Cost": 46398.42,
                  "Total Cost": 382549.56,
                  "Plan Rows": 354127,
                  "Plan Width": 0,
                  "Actual Startup Time": 279.981,
                  "Actual Total Time": 1147.659,
                  "Actual Rows": 346401,
                  "Actual Loops": 7,
                  "Inner Unique": true,
                  "Hash Cond": "(ci.movie_id = t.id)",
                  "Plans": [
                    {
                      "Node Type": "Seq Scan",
                      "Parent Relationship": "Outer",
                      "Parallel Aware": true,
                      "Relation Name": "cast_info",
                      "Alias": "ci",
                      "Startup Cost": 0.0,
                      "Total Cost": 328162.03,
                      "Plan Rows": 3043467,
                      "Plan Width": 4,
                      "Actual Startup Time": 175.669,
                      "Actual Total Time": 576.769,
                      "Actual Rows": 2607529,
                      "Actual Loops": 7,
                      "Filter": "(person_id > 1785284)",
                      "Rows Removed by Filter": 2570235
                    },
                    {
                      "Node Type": "Hash",
                      "Parent Relationship": "Inner",
                      "Parallel Aware": true,
                      "Startup Cost": 45479.1,
                      "Total Cost": 45479.1,
                      "Plan Rows": 73546,
                      "Plan Width": 4,
                      "Actual Startup Time": 101.739,
                      "Actual Total Time": 101.74,
                      "Actual Rows": 55862,
                      "Actual Loops": 7,
                      "Hash Buckets": 524288,
                      "Original Hash Buckets": 524288,
                      "Hash Batches": 1,
                      "Original Hash Batches": 1,
                      "Peak Memory Usage": 19520,
                      "Plans": [
                        {
                          "Node Type": "Seq Scan",
                          "Parent Relationship": "Outer",
                          "Parallel Aware": true,
                          "Relation Name": "title",
                          "Alias": "t",
                          "Startup Cost": 0.0,
                          "Total Cost": 45479.1,
                          "Plan Rows": 73546,
                          "Plan Width": 4,
                          "Actual Startup Time": 49.814,
                          "Actual Total Time": 79.299,
                          "Actual Rows": 55862,
                          "Actual Loops": 7,
                          "Filter": "((production_year < 2002) AND (kind_id = 1))",
                          "Rows Removed by Filter": 305325
                        }
                      ]
                    }
                  ]
                }
              ]
            }
          ]
        }
      ]
    },
    "Planning Time": 0.601,
    "Triggers": [],
    "Execution Time": 1239.668
  }
]