[
    {
        "Bao": {
            "Bao prediction": 461.408,
            "Bao recommended hint": "(no hint)"
        }
    },
    {
        "Plan": {
            "Node Type": "Aggregate",
            "Strategy": "Plain",
            "Partial Mode": "Finalize",
            "Parallel Aware": false,
            "Startup Cost": 33256.96,
            "Total Cost": 33256.97,
            "Plan Rows": 1,
            "Plan Width": 8,
            "Actual Startup Time": 100.142,
            "Actual Total Time": 105.28,
            "Actual Rows": 1,
            "Actual Loops": 1,
            "Output": [
                "count(*)"
            ],
            "Plans": [
                {
                    "Node Type": "Gather",
                    "Parent Relationship": "Outer",
                    "Parallel Aware": false,
                    "Startup Cost": 33256.64,
                    "Total Cost": 33256.95,
                    "Plan Rows": 3,
                    "Plan Width": 8,
                    "Actual Startup Time": 100.063,
                    "Actual Total Time": 105.274,
                    "Actual Rows": 4,
                    "Actual Loops": 1,
                    "Output": [
                        "(PARTIAL count(*))"
                    ],
                    "Workers Planned": 3,
                    "Workers Launched": 3,
                    "Single Copy": false,
                    "Plans": [
                        {
                            "Node Type": "Aggregate",
                            "Strategy": "Plain",
                            "Partial Mode": "Partial",
                            "Parent Relationship": "Outer",
                            "Parallel Aware": false,
                            "Startup Cost": 32256.64,
                            "Total Cost": 32256.65,
                            "Plan Rows": 1,
                            "Plan Width": 8,
                            "Actual Startup Time": 92.365,
                            "Actual Total Time": 92.365,
                            "Actual Rows": 1,
                            "Actual Loops": 4,
                            "Output": [
                                "PARTIAL count(*)"
                            ],
                            "Workers": [
                                {
                                    "Worker Number": 0,
                                    "Actual Startup Time": 89.743,
                                    "Actual Total Time": 89.743,
                                    "Actual Rows": 1,
                                    "Actual Loops": 1
                                },
                                {
                                    "Worker Number": 1,
                                    "Actual Startup Time": 89.899,
                                    "Actual Total Time": 89.9,
                                    "Actual Rows": 1,
                                    "Actual Loops": 1
                                },
                                {
                                    "Worker Number": 2,
                                    "Actual Startup Time": 90.365,
                                    "Actual Total Time": 90.366,
                                    "Actual Rows": 1,
                                    "Actual Loops": 1
                                }
                            ],
                            "Plans": [
                                {
                                    "Node Type": "Seq Scan",
                                    "Parent Relationship": "Outer",
                                    "Parallel Aware": true,
                                    "Relation Name": "movie_companies",
                                    "Schema": "public",
                                    "Alias": "mc",
                                    "Startup Cost": 0.0,
                                    "Total Cost": 31414.82,
                                    "Plan Rows": 336729,
                                    "Plan Width": 0,
                                    "Actual Startup Time": 49.323,
                                    "Actual Total Time": 83.784,
                                    "Actual Rows": 193144,
                                    "Actual Loops": 4,
                                    "Output": [
                                        "id",
                                        "movie_id",
                                        "company_id",
                                        "company_type_id",
                                        "note"
                                    ],
                                    "Filter": "((mc.company_id < 71609) AND (mc.company_type_id > 1))",
                                    "Rows Removed by Filter": 459138,
                                    "Workers": [
                                        {
                                            "Worker Number": 0,
                                            "Actual Startup Time": 46.702,
                                            "Actual Total Time": 81.346,
                                            "Actual Rows": 199947,
                                            "Actual Loops": 1
                                        },
                                        {
                                            "Worker Number": 1,
                                            "Actual Startup Time": 46.865,
                                            "Actual Total Time": 81.609,
                                            "Actual Rows": 202897,
                                            "Actual Loops": 1
                                        },
                                        {
                                            "Worker Number": 2,
                                            "Actual Startup Time": 47.311,
                                            "Actual Total Time": 81.948,
                                            "Actual Rows": 127438,
                                            "Actual Loops": 1
                                        }
                                    ]
                                }
                            ]
                        }
                    ]
                }
            ]
        },
        "Planning Time": 671.991,
        "Triggers": [],
        "Execution Time": 105.361
    }
]