[
  {
    "Plan": {
      "Node Type": "Aggregate",
      "Strategy": "Plain",
      "Partial Mode": "Finalize",
      "Parallel Aware": false,
      "Startup Cost": 222751.78,
      "Total Cost": 222751.79,
      "Plan Rows": 1,
      "Plan Width": 8,
      "Actual Startup Time": 183.811,
      "Actual Total Time": 196.066,
      "Actual Rows": 1,
      "Actual Loops": 1,
      "Plans": [
        {
          "Node Type": "Gather",
          "Parent Relationship": "Outer",
          "Parallel Aware": false,
          "Startup Cost": 222751.25,
          "Total Cost": 222751.76,
          "Plan Rows": 5,
          "Plan Width": 8,
          "Actual Startup Time": 178.029,
          "Actual Total Time": 196.055,
          "Actual Rows": 6,
          "Actual Loops": 1,
          "Workers Planned": 5,
          "Workers Launched": 5,
          "Single Copy": false,
          "Plans": [
            {
              "Node Type": "Aggregate",
              "Strategy": "Plain",
              "Partial Mode": "Partial",
              "Parent Relationship": "Outer",
              "Parallel Aware": false,
              "Startup Cost": 221751.25,
              "Total Cost": 221751.26,
              "Plan Rows": 1,
              "Plan Width": 8,
              "Actual Startup Time": 167.597,
              "Actual Total Time": 167.602,
              "Actual Rows": 1,
              "Actual Loops": 6,
              "Plans": [
                {
                  "Node Type": "Hash Join",
                  "Parent Relationship": "Outer",
                  "Parallel Aware": true,
                  "Join Type": "Inner",
                  "Startup Cost": 50642.41,
                  "Total Cost": 221731.65,
                  "Plan Rows": 7841,
                  "Plan Width": 0,
                  "Actual Startup Time": 142.777,
                  "Actual Total Time": 166.249,
                  "Actual Rows": 18772,
                  "Actual Loops": 6,
                  "Inner Unique": true,
                  "Hash Cond": "(mi.movie_id = t.id)",
                  "Plans": [
                    {
                      "Node Type": "Bitmap Heap Scan",
                      "Parent Relationship": "Outer",
                      "Parallel Aware": true,
                      "Relation Name": "movie_info",
                      "Alias": "mi",
                      "Startup Cost": 3607.36,
                      "Total Cost": 174592.08,
                      "Plan Rows": 39817,
                      "Plan Width": 4,
                      "Actual Startup Time": 12.212,
                      "Actual Total Time": 26.999,
                      "Actual Rows": 30019,
                      "Actual Loops": 6,
                      "Recheck Cond": "(info_type_id = 13)",
                      "Rows Removed by Index Recheck": 0,
                      "Exact Heap Blocks": 1109,
                      "Lossy Heap Blocks": 0,
                      "Plans": [
                        {
                          "Node Type": "Bitmap Index Scan",
                          "Parent Relationship": "Outer",
                          "Parallel Aware": false,
                          "Index Name": "info_type_id_movie_info",
                          "Startup Cost": 0.0,
                          "Total Cost": 3557.59,
                          "Plan Rows": 199087,
                          "Plan Width": 0,
                          "Actual Startup Time": 11.287,
                          "Actual Total Time": 11.288,
                          "Actual Rows": 180112,
                          "Actual Loops": 1,
                          "Index Cond": "(info_type_id = 13)"
                        }
                      ]
                    },
                    {
                      "Node Type": "Hash",
                      "Parent Relationship": "Inner",
                      "Parallel Aware": true,
                      "Startup Cost": 45479.1,
                      "Total Cost": 45479.1,
                      "Plan Rows": 124476,
                      "Plan Width": 4,
                      "Actual Startup Time": 127.747,
                      "Actual Total Time": 127.75,
                      "Actual Rows": 89801,
                      "Actual Loops": 6,
                      "Hash Buckets": 1048576,
                      "Original Hash Buckets": 524288,
                      "Hash Batches": 1,
                      "Original Hash Batches": 1,
                      "Peak Memory Usage": 33504,
                      "Plans": [
                        {
                          "Node Type": "Seq Scan",
                          "Parent Relationship": "Outer",
                          "Parallel Aware": true,
                          "Relation Name": "title",
                          "Alias": "t",
                          "Startup Cost": 0.0,
                          "Total Cost": 45479.1,
                          "Plan Rows": 124476,
                          "Plan Width": 4,
                          "Actual Startup Time": 0.051,
                          "Actual Total Time": 81.024,
                          "Actual Rows": 89801,
                          "Actual Loops": 6,
                          "Filter": "((kind_id < 3) AND (production_year < 2008))",
                          "Rows Removed by Filter": 331585
                        }
                      ]
                    }
                  ]
                }
              ]
            }
          ]
        }
      ]
    },
    "Planning Time": 0.668,
    "Triggers": [],
    "Execution Time": 196.158
  }
]