[
  {
    "Plan": {
      "Node Type": "Aggregate",
      "Strategy": "Plain",
      "Partial Mode": "Finalize",
      "Parallel Aware": false,
      "Startup Cost": 351124.95,
      "Total Cost": 351124.96,
      "Plan Rows": 1,
      "Plan Width": 8,
      "Actual Startup Time": 841.595,
      "Actual Total Time": 896.928,
      "Actual Rows": 1,
      "Actual Loops": 1,
      "Plans": [
        {
          "Node Type": "Gather",
          "Parent Relationship": "Outer",
          "Parallel Aware": false,
          "Startup Cost": 351124.33,
          "Total Cost": 351124.94,
          "Plan Rows": 6,
          "Plan Width": 8,
          "Actual Startup Time": 841.489,
          "Actual Total Time": 896.919,
          "Actual Rows": 7,
          "Actual Loops": 1,
          "Workers Planned": 6,
          "Workers Launched": 6,
          "Single Copy": false,
          "Plans": [
            {
              "Node Type": "Aggregate",
              "Strategy": "Plain",
              "Partial Mode": "Partial",
              "Parent Relationship": "Outer",
              "Parallel Aware": false,
              "Startup Cost": 350124.33,
              "Total Cost": 350124.34,
              "Plan Rows": 1,
              "Plan Width": 8,
              "Actual Startup Time": 832.384,
              "Actual Total Time": 832.385,
              "Actual Rows": 1,
              "Actual Loops": 7,
              "Plans": [
                {
                  "Node Type": "Seq Scan",
                  "Parent Relationship": "Outer",
                  "Parallel Aware": true,
                  "Relation Name": "cast_info",
                  "Alias": "ci",
                  "Startup Cost": 0.0,
                  "Total Cost": 343257.03,
                  "Plan Rows": 2746920,
                  "Plan Width": 0,
                  "Actual Startup Time": 0.047,
                  "Actual Total Time": 710.536,
                  "Actual Rows": 2598041,
                  "Actual Loops": 7,
                  "Filter": "((person_id < 1895871) AND (role_id < 10))",
                  "Rows Removed by Filter": 2579723
                }
              ]
            }
          ]
        }
      ]
    },
    "Planning Time": 0.183,
    "Triggers": [],
    "Execution Time": 896.993
  }
]