{
  "Plan": {
    "Node Type": "Aggregate",
    "Strategy": "Plain",
    "Partial Mode": "Finalize",
    "Parallel Aware": false,
    "Startup Cost": 94619.17,
    "Total Cost": 94619.18,
    "Plan Rows": 1,
    "Plan Width": 8,
    "Actual Startup Time": 240.429,
    "Actual Total Time": 258.468,
    "Actual Rows": 1,
    "Actual Loops": 1,
    "Plans": [
      {
        "Node Type": "Gather",
        "Parent Relationship": "Outer",
        "Parallel Aware": false,
        "Startup Cost": 94619.06,
        "Total Cost": 94619.17,
        "Plan Rows": 1,
        "Plan Width": 8,
        "Actual Startup Time": 240.231,
        "Actual Total Time": 258.46,
        "Actual Rows": 2,
        "Actual Loops": 1,
        "Workers Planned": 1,
        "Workers Launched": 1,
        "Single Copy": false,
        "Plans": [
          {
            "Node Type": "Aggregate",
            "Strategy": "Plain",
            "Partial Mode": "Partial",
            "Parent Relationship": "Outer",
            "Parallel Aware": false,
            "Startup Cost": 93619.06,
            "Total Cost": 93619.07,
            "Plan Rows": 1,
            "Plan Width": 8,
            "Actual Startup Time": 233.892,
            "Actual Total Time": 233.896,
            "Actual Rows": 1,
            "Actual Loops": 2,
            "Plans": [
              {
                "Node Type": "Nested Loop",
                "Parent Relationship": "Outer",
                "Parallel Aware": false,
                "Join Type": "Inner",
                "Startup Cost": 63667.71,
                "Total Cost": 93609.79,
                "Plan Rows": 3705,
                "Plan Width": 0,
                "Actual Startup Time": 167.799,
                "Actual Total Time": 233.692,
                "Actual Rows": 3278,
                "Actual Loops": 2,
                "Inner Unique": false,
                "Join Filter": "(t.id = mi.movie_id)",
                "Rows Removed by Join Filter": 0,
                "Plans": [
                  {
                    "Node Type": "Hash Join",
                    "Parent Relationship": "Outer",
                    "Parallel Aware": true,
                    "Join Type": "Inner",
                    "Startup Cost": 63667.28,
                    "Total Cost": 90334.55,
                    "Plan Rows": 634,
                    "Plan Width": 8,
                    "Actual Startup Time": 167.718,
                    "Actual Total Time": 225.727,
                    "Actual Rows": 332,
                    "Actual Loops": 2,
                    "Inner Unique": true,
                    "Hash Cond": "(mk.movie_id = t.id)",
                    "Plans": [
                      {
                        "Node Type": "Bitmap Heap Scan",
                        "Parent Relationship": "Outer",
                        "Parallel Aware": true,
                        "Relation Name": "movie_keyword",
                        "Alias": "mk",
                        "Startup Cost": 5280.36,
                        "Total Cost": 31563.52,
                        "Plan Rows": 146332,
                        "Plan Width": 4,
                        "Actual Startup Time": 19.17,
                        "Actual Total Time": 65.384,
                        "Actual Rows": 119306,
                        "Actual Loops": 2,
                        "Recheck Cond": "(keyword_id > 62117)",
                        "Rows Removed by Index Recheck": 0,
                        "Exact Heap Blocks": 13450,
                        "Lossy Heap Blocks": 0,
                        "Plans": [
                          {
                            "Node Type": "Bitmap Index Scan",
                            "Parent Relationship": "Outer",
                            "Parallel Aware": false,
                            "Index Name": "keyword_id_movie_keyword",
                            "Startup Cost": 0.0,
                            "Total Cost": 5218.17,
                            "Plan Rows": 248765,
                            "Plan Width": 0,
                            "Actual Startup Time": 16.09,
                            "Actual Total Time": 16.091,
                            "Actual Rows": 238612,
                            "Actual Loops": 1,
                            "Index Cond": "(keyword_id > 62117)"
                          }
                        ]
                      },
                      {
                        "Node Type": "Hash",
                        "Parent Relationship": "Inner",
                        "Parallel Aware": true,
                        "Startup Cost": 58306.47,
                        "Total Cost": 58306.47,
                        "Plan Rows": 6436,
                        "Plan Width": 4,
                        "Actual Startup Time": 147.431,
                        "Actual Total Time": 147.432,
                        "Actual Rows": 5241,
                        "Actual Loops": 2,
                        "Hash Buckets": 16384,
                        "Original Hash Buckets": 16384,
                        "Hash Batches": 1,
                        "Original Hash Batches": 1,
                        "Peak Memory Usage": 576,
                        "Plans": [
                          {
                            "Node Type": "Seq Scan",
                            "Parent Relationship": "Outer",
                            "Parallel Aware": true,
                            "Relation Name": "title",
                            "Alias": "t",
                            "Startup Cost": 0.0,
                            "Total Cost": 58306.47,
                            "Plan Rows": 6436,
                            "Plan Width": 4,
                            "Actual Startup Time": 0.044,
                            "Actual Total Time": 145.2,
                            "Actual Rows": 5241,
                            "Actual Loops": 2,
                            "Filter": "((kind_id > 1) AND (production_year = 1982))",
                            "Rows Removed by Filter": 1258915
                          }
                        ]
                      }
                    ]
                  },
                  {
                    "Node Type": "Index Only Scan",
                    "Parent Relationship": "Inner",
                    "Parallel Aware": false,
                    "Scan Direction": "Forward",
                    "Index Name": "movie_id_movie_info",
                    "Relation Name": "movie_info",
                    "Alias": "mi",
                    "Startup Cost": 0.43,
                    "Total Cost": 4.64,
                    "Plan Rows": 42,
                    "Plan Width": 4,
                    "Actual Startup Time": 0.009,
                    "Actual Total Time": 0.023,
                    "Actual Rows": 10,
                    "Actual Loops": 665,
                    "Index Cond": "(movie_id = mk.movie_id)",
                    "Rows Removed by Index Recheck": 0,
                    "Heap Fetches": 6557
                  }
                ]
              }
            ]
          }
        ]
      }
    ]
  },
  "Planning Time": 0.961,
  "Triggers": [],
  "Execution Time": 258.58
}