{
  "Plan": {
    "Node Type": "Aggregate",
    "Strategy": "Plain",
    "Partial Mode": "Finalize",
    "Parallel Aware": false,
    "Startup Cost": 129842.83,
    "Total Cost": 129842.84,
    "Plan Rows": 1,
    "Plan Width": 8,
    "Actual Startup Time": 991.502,
    "Actual Total Time": 1013.781,
    "Actual Rows": 1,
    "Actual Loops": 1,
    "Plans": [
      {
        "Node Type": "Gather",
        "Parent Relationship": "Outer",
        "Parallel Aware": false,
        "Startup Cost": 129842.72,
        "Total Cost": 129842.83,
        "Plan Rows": 1,
        "Plan Width": 8,
        "Actual Startup Time": 983.581,
        "Actual Total Time": 1013.77,
        "Actual Rows": 2,
        "Actual Loops": 1,
        "Workers Planned": 1,
        "Workers Launched": 1,
        "Single Copy": false,
        "Plans": [
          {
            "Node Type": "Aggregate",
            "Strategy": "Plain",
            "Partial Mode": "Partial",
            "Parent Relationship": "Outer",
            "Parallel Aware": false,
            "Startup Cost": 128842.72,
            "Total Cost": 128842.73,
            "Plan Rows": 1,
            "Plan Width": 8,
            "Actual Startup Time": 971.883,
            "Actual Total Time": 971.887,
            "Actual Rows": 1,
            "Actual Loops": 2,
            "Plans": [
              {
                "Node Type": "Hash Join",
                "Parent Relationship": "Outer",
                "Parallel Aware": true,
                "Join Type": "Inner",
                "Startup Cost": 92921.26,
                "Total Cost": 127216.13,
                "Plan Rows": 650636,
                "Plan Width": 0,
                "Actual Startup Time": 674.831,
                "Actual Total Time": 944.008,
                "Actual Rows": 559092,
                "Actual Loops": 2,
                "Inner Unique": true,
                "Hash Cond": "(mk.movie_id = t.id)",
                "Plans": [
                  {
                    "Node Type": "Bitmap Heap Scan",
                    "Parent Relationship": "Outer",
                    "Parallel Aware": true,
                    "Relation Name": "movie_keyword",
                    "Alias": "mk",
                    "Startup Cost": 23460.56,
                    "Total Cost": 56047.51,
                    "Plan Rows": 650636,
                    "Plan Width": 4,
                    "Actual Startup Time": 60.782,
                    "Actual Total Time": 170.133,
                    "Actual Rows": 559092,
                    "Actual Loops": 2,
                    "Recheck Cond": "(keyword_id < 1173)",
                    "Rows Removed by Index Recheck": 0,
                    "Exact Heap Blocks": 15496,
                    "Lossy Heap Blocks": 0,
                    "Plans": [
                      {
                        "Node Type": "Bitmap Index Scan",
                        "Parent Relationship": "Outer",
                        "Parallel Aware": false,
                        "Index Name": "keyword_id_movie_keyword",
                        "Startup Cost": 0.0,
                        "Total Cost": 23184.04,
                        "Plan Rows": 1106081,
                        "Plan Width": 0,
                        "Actual Startup Time": 57.093,
                        "Actual Total Time": 57.094,
                        "Actual Rows": 1118185,
                        "Actual Loops": 1,
                        "Index Cond": "(keyword_id < 1173)"
                      }
                    ]
                  },
                  {
                    "Node Type": "Hash",
                    "Parent Relationship": "Inner",
                    "Parallel Aware": true,
                    "Startup Cost": 50870.31,
                    "Total Cost": 50870.31,
                    "Plan Rows": 1487231,
                    "Plan Width": 4,
                    "Actual Startup Time": 592.561,
                    "Actual Total Time": 592.561,
                    "Actual Rows": 1264156,
                    "Actual Loops": 2,
                    "Hash Buckets": 4194304,
                    "Original Hash Buckets": 4194304,
                    "Hash Batches": 1,
                    "Original Hash Batches": 1,
                    "Peak Memory Usage": 131712,
                    "Plans": [
                      {
                        "Node Type": "Seq Scan",
                        "Parent Relationship": "Outer",
                        "Parallel Aware": true,
                        "Relation Name": "title",
                        "Alias": "t",
                        "Startup Cost": 0.0,
                        "Total Cost": 50870.31,
                        "Plan Rows": 1487231,
                        "Plan Width": 4,
                        "Actual Startup Time": 0.024,
                        "Actual Total Time": 176.104,
                        "Actual Rows": 1264156,
                        "Actual Loops": 2
                      }
                    ]
                  }
                ]
              }
            ]
          }
        ]
      }
    ]
  },
  "Planning Time": 0.59,
  "Triggers": [],
  "Execution Time": 1013.861
}