{
  "Plan": {
    "Node Type": "Aggregate",
    "Strategy": "Plain",
    "Partial Mode": "Finalize",
    "Parallel Aware": false,
    "Startup Cost": 256803.07,
    "Total Cost": 256803.08,
    "Plan Rows": 1,
    "Plan Width": 8,
    "Actual Startup Time": 1179.06,
    "Actual Total Time": 1206.631,
    "Actual Rows": 1,
    "Actual Loops": 1,
    "Plans": [
      {
        "Node Type": "Gather",
        "Parent Relationship": "Outer",
        "Parallel Aware": false,
        "Startup Cost": 256802.96,
        "Total Cost": 256803.07,
        "Plan Rows": 1,
        "Plan Width": 8,
        "Actual Startup Time": 1174.211,
        "Actual Total Time": 1206.62,
        "Actual Rows": 2,
        "Actual Loops": 1,
        "Workers Planned": 1,
        "Workers Launched": 1,
        "Single Copy": false,
        "Plans": [
          {
            "Node Type": "Aggregate",
            "Strategy": "Plain",
            "Partial Mode": "Partial",
            "Parent Relationship": "Outer",
            "Parallel Aware": false,
            "Startup Cost": 255802.96,
            "Total Cost": 255802.97,
            "Plan Rows": 1,
            "Plan Width": 8,
            "Actual Startup Time": 1168.267,
            "Actual Total Time": 1168.578,
            "Actual Rows": 1,
            "Actual Loops": 2,
            "Plans": [
              {
                "Node Type": "Hash Join",
                "Parent Relationship": "Outer",
                "Parallel Aware": true,
                "Join Type": "Inner",
                "Startup Cost": 121737.34,
                "Total Cost": 255388.77,
                "Plan Rows": 165675,
                "Plan Width": 0,
                "Actual Startup Time": 685.048,
                "Actual Total Time": 1159.276,
                "Actual Rows": 218428,
                "Actual Loops": 2,
                "Inner Unique": false,
                "Hash Cond": "(ci.movie_id = t.id)",
                "Plans": [
                  {
                    "Node Type": "Index Scan",
                    "Parent Relationship": "Outer",
                    "Parallel Aware": true,
                    "Scan Direction": "Forward",
                    "Index Name": "role_id_cast_info",
                    "Relation Name": "cast_info",
                    "Alias": "ci",
                    "Startup Cost": 0.56,
                    "Total Cost": 130066.5,
                    "Plan Rows": 696249,
                    "Plan Width": 4,
                    "Actual Startup Time": 0.063,
                    "Actual Total Time": 284.856,
                    "Actual Rows": 1173069,
                    "Actual Loops": 2,
                    "Index Cond": "(role_id = 3)",
                    "Rows Removed by Index Recheck": 0,
                    "Filter": "(person_id > 2661441)",
                    "Rows Removed by Filter": 830950
                  },
                  {
                    "Node Type": "Hash",
                    "Parent Relationship": "Inner",
                    "Parallel Aware": true,
                    "Startup Cost": 117313.13,
                    "Total Cost": 117313.13,
                    "Plan Rows": 353892,
                    "Plan Width": 8,
                    "Actual Startup Time": 675.848,
                    "Actual Total Time": 676.158,
                    "Actual Rows": 166220,
                    "Actual Loops": 2,
                    "Hash Buckets": 1048576,
                    "Original Hash Buckets": 1048576,
                    "Hash Batches": 1,
                    "Original Hash Batches": 1,
                    "Peak Memory Usage": 21216,
                    "Plans": [
                      {
                        "Node Type": "Hash Join",
                        "Parent Relationship": "Outer",
                        "Parallel Aware": true,
                        "Join Type": "Inner",
                        "Startup Cost": 85602.98,
                        "Total Cost": 117313.13,
                        "Plan Rows": 353892,
                        "Plan Width": 8,
                        "Actual Startup Time": 452.676,
                        "Actual Total Time": 635.989,
                        "Actual Rows": 166220,
                        "Actual Loops": 2,
                        "Inner Unique": true,
                        "Hash Cond": "(mk.movie_id = t.id)",
                        "Plans": [
                          {
                            "Node Type": "Bitmap Heap Scan",
                            "Parent Relationship": "Outer",
                            "Parallel Aware": true,
                            "Relation Name": "movie_keyword",
                            "Alias": "mk",
                            "Startup Cost": 17301.08,
                            "Total Cost": 47751.89,
                            "Plan Rows": 479745,
                            "Plan Width": 4,
                            "Actual Startup Time": 50.452,
                            "Actual Total Time": 132.178,
                            "Actual Rows": 411654,
                            "Actual Loops": 2,
                            "Recheck Cond": "(keyword_id < 788)",
                            "Rows Removed by Index Recheck": 0,
                            "Exact Heap Blocks": 12402,
                            "Lossy Heap Blocks": 0,
                            "Plans": [
                              {
                                "Node Type": "Bitmap Index Scan",
                                "Parent Relationship": "Outer",
                                "Parallel Aware": false,
                                "Index Name": "keyword_id_movie_keyword",
                                "Startup Cost": 0.0,
                                "Total Cost": 17097.18,
                                "Plan Rows": 815567,
                                "Plan Width": 0,
                                "Actual Startup Time": 46.787,
                                "Actual Total Time": 46.788,
                                "Actual Rows": 823308,
                                "Actual Loops": 1,
                                "Index Cond": "(keyword_id < 788)"
                              }
                            ]
                          },
                          {
                            "Node Type": "Hash",
                            "Parent Relationship": "Inner",
                            "Parallel Aware": true,
                            "Startup Cost": 54588.39,
                            "Total Cost": 54588.39,
                            "Plan Rows": 1097081,
                            "Plan Width": 4,
                            "Actual Startup Time": 392.422,
                            "Actual Total Time": 392.422,
                            "Actual Rows": 932744,
                            "Actual Loops": 2,
                            "Hash Buckets": 2097152,
                            "Original Hash Buckets": 2097152,
                            "Hash Batches": 1,
                            "Original Hash Batches": 1,
                            "Peak Memory Usage": 89408,
                            "Plans": [
                              {
                                "Node Type": "Seq Scan",
                                "Parent Relationship": "Outer",
                                "Parallel Aware": true,
                                "Relation Name": "title",
                                "Alias": "t",
                                "Startup Cost": 0.0,
                                "Total Cost": 54588.39,
                                "Plan Rows": 1097081,
                                "Plan Width": 4,
                                "Actual Startup Time": 0.035,
                                "Actual Total Time": 166.13,
                                "Actual Rows": 932744,
                                "Actual Loops": 2,
                                "Filter": "(kind_id > 1)",
                                "Rows Removed by Filter": 331412
                              }
                            ]
                          }
                        ]
                      }
                    ]
                  }
                ]
              }
            ]
          }
        ]
      }
    ]
  },
  "Planning Time": 1.095,
  "Triggers": [],
  "Execution Time": 1206.767
}