{
  "Plan": {
    "Node Type": "Aggregate",
    "Strategy": "Plain",
    "Partial Mode": "Finalize",
    "Parallel Aware": false,
    "Startup Cost": 1976482.79,
    "Total Cost": 1976482.8,
    "Plan Rows": 1,
    "Plan Width": 8,
    "Actual Startup Time": 8726.149,
    "Actual Total Time": 8768.711,
    "Actual Rows": 1,
    "Actual Loops": 1,
    "Plans": [
      {
        "Node Type": "Gather",
        "Parent Relationship": "Outer",
        "Parallel Aware": false,
        "Startup Cost": 1976482.68,
        "Total Cost": 1976482.79,
        "Plan Rows": 1,
        "Plan Width": 8,
        "Actual Startup Time": 8674.933,
        "Actual Total Time": 8768.697,
        "Actual Rows": 2,
        "Actual Loops": 1,
        "Workers Planned": 1,
        "Workers Launched": 1,
        "Single Copy": false,
        "Plans": [
          {
            "Node Type": "Aggregate",
            "Strategy": "Plain",
            "Partial Mode": "Partial",
            "Parent Relationship": "Outer",
            "Parallel Aware": false,
            "Startup Cost": 1975482.68,
            "Total Cost": 1975482.69,
            "Plan Rows": 1,
            "Plan Width": 8,
            "Actual Startup Time": 8663.896,
            "Actual Total Time": 8663.907,
            "Actual Rows": 1,
            "Actual Loops": 2,
            "Plans": [
              {
                "Node Type": "Merge Join",
                "Parent Relationship": "Outer",
                "Parallel Aware": false,
                "Join Type": "Inner",
                "Startup Cost": 1779168.38,
                "Total Cost": 1950529.49,
                "Plan Rows": 9981278,
                "Plan Width": 0,
                "Actual Startup Time": 5744.062,
                "Actual Total Time": 8208.934,
                "Actual Rows": 11307566,
                "Actual Loops": 2,
                "Inner Unique": false,
                "Merge Cond": "(t.id = mi.movie_id)",
                "Plans": [
                  {
                    "Node Type": "Sort",
                    "Parent Relationship": "Outer",
                    "Parallel Aware": false,
                    "Startup Cost": 784183.18,
                    "Total Cost": 795012.52,
                    "Plan Rows": 4331734,
                    "Plan Width": 8,
                    "Actual Startup Time": 3719.993,
                    "Actual Total Time": 4174.93,
                    "Actual Rows": 3725986,
                    "Actual Loops": 2,
                    "Sort Key": [
                      "t.id"
                    ],
                    "Sort Method": "quicksort",
                    "Sort Space Used": 275754,
                    "Sort Space Type": "Memory",
                    "Workers": [
                      {
                        "Worker Number": 0,
                        "Sort Method": "quicksort",
                        "Sort Space Used": 270167,
                        "Sort Space Type": "Memory"
                      }
                    ],
                    "Plans": [
                      {
                        "Node Type": "Hash Join",
                        "Parent Relationship": "Outer",
                        "Parallel Aware": true,
                        "Join Type": "Inner",
                        "Startup Cost": 69461.26,
                        "Total Cost": 306685.03,
                        "Plan Rows": 4331734,
                        "Plan Width": 8,
                        "Actual Startup Time": 512.776,
                        "Actual Total Time": 2751.816,
                        "Actual Rows": 3725986,
                        "Actual Loops": 2,
                        "Inner Unique": true,
                        "Hash Cond": "(ci.movie_id = t.id)",
                        "Plans": [
                          {
                            "Node Type": "Index Scan",
                            "Parent Relationship": "Outer",
                            "Parallel Aware": true,
                            "Scan Direction": "Forward",
                            "Index Name": "role_id_cast_info",
                            "Relation Name": "cast_info",
                            "Alias": "ci",
                            "Startup Cost": 0.56,
                            "Total Cost": 225853.5,
                            "Plan Rows": 4331734,
                            "Plan Width": 4,
                            "Actual Startup Time": 0.059,
                            "Actual Total Time": 555.154,
                            "Actual Rows": 3725986,
                            "Actual Loops": 2,
                            "Index Cond": "(role_id = 2)",
                            "Rows Removed by Index Recheck": 0
                          },
                          {
                            "Node Type": "Hash",
                            "Parent Relationship": "Inner",
                            "Parallel Aware": true,
                            "Startup Cost": 50870.31,
                            "Total Cost": 50870.31,
                            "Plan Rows": 1487231,
                            "Plan Width": 4,
                            "Actual Startup Time": 490.831,
                            "Actual Total Time": 490.832,
                            "Actual Rows": 1264156,
                            "Actual Loops": 2,
                            "Hash Buckets": 4194304,
                            "Original Hash Buckets": 4194304,
                            "Hash Batches": 1,
                            "Original Hash Batches": 1,
                            "Peak Memory Usage": 131712,
                            "Plans": [
                              {
                                "Node Type": "Seq Scan",
                                "Parent Relationship": "Outer",
                                "Parallel Aware": true,
                                "Relation Name": "title",
                                "Alias": "t",
                                "Startup Cost": 0.0,
                                "Total Cost": 50870.31,
                                "Plan Rows": 1487231,
                                "Plan Width": 4,
                                "Actual Startup Time": 0.026,
                                "Actual Total Time": 149.353,
                                "Actual Rows": 1264156,
                                "Actual Loops": 2
                              }
                            ]
                          }
                        ]
                      }
                    ]
                  },
                  {
                    "Node Type": "Sort",
                    "Parent Relationship": "Inner",
                    "Parallel Aware": false,
                    "Startup Cost": 994984.76,
                    "Total Cost": 1009549.14,
                    "Plan Rows": 5825750,
                    "Plan Width": 4,
                    "Actual Startup Time": 2024.038,
                    "Actual Total Time": 2572.168,
                    "Actual Rows": 13822003,
                    "Actual Loops": 2,
                    "Sort Key": [
                      "mi.movie_id"
                    ],
                    "Sort Method": "quicksort",
                    "Sort Space Used": 472466,
                    "Sort Space Type": "Memory",
                    "Workers": [
                      {
                        "Worker Number": 0,
                        "Sort Method": "quicksort",
                        "Sort Space Used": 472466,
                        "Sort Space Type": "Memory"
                      }
                    ],
                    "Plans": [
                      {
                        "Node Type": "Bitmap Heap Scan",
                        "Parent Relationship": "Outer",
                        "Parallel Aware": false,
                        "Relation Name": "movie_info",
                        "Alias": "mi",
                        "Startup Cost": 105530.0,
                        "Total Cost": 340344.87,
                        "Plan Rows": 5825750,
                        "Plan Width": 4,
                        "Actual Startup Time": 179.71,
                        "Actual Total Time": 773.828,
                        "Actual Rows": 5884963,
                        "Actual Loops": 2,
                        "Recheck Cond": "(info_type_id < 7)",
                        "Rows Removed by Index Recheck": 0,
                        "Exact Heap Blocks": 39951,
                        "Lossy Heap Blocks": 0,
                        "Plans": [
                          {
                            "Node Type": "Bitmap Index Scan",
                            "Parent Relationship": "Outer",
                            "Parallel Aware": false,
                            "Index Name": "info_type_id_movie_info",
                            "Startup Cost": 0.0,
                            "Total Cost": 104073.56,
                            "Plan Rows": 5825750,
                            "Plan Width": 0,
                            "Actual Startup Time": 174.247,
                            "Actual Total Time": 174.247,
                            "Actual Rows": 5884963,
                            "Actual Loops": 2,
                            "Index Cond": "(info_type_id < 7)"
                          }
                        ]
                      }
                    ]
                  }
                ]
              }
            ]
          }
        ]
      }
    ]
  },
  "Planning Time": 1.08,
  "Triggers": [],
  "Execution Time": 8806.518
}