[
  {
    "Plan": {
      "Node Type": "Aggregate",
      "Strategy": "Plain",
      "Partial Mode": "Finalize",
      "Parallel Aware": false,
      "Startup Cost": 396496.33,
      "Total Cost": 396496.34,
      "Plan Rows": 1,
      "Plan Width": 8,
      "Actual Startup Time": 1074.693,
      "Actual Total Time": 1126.39,
      "Actual Rows": 1,
      "Actual Loops": 1,
      "Plans": [
        {
          "Node Type": "Gather",
          "Parent Relationship": "Outer",
          "Parallel Aware": false,
          "Startup Cost": 396495.71,
          "Total Cost": 396496.32,
          "Plan Rows": 6,
          "Plan Width": 8,
          "Actual Startup Time": 1063.411,
          "Actual Total Time": 1126.375,
          "Actual Rows": 7,
          "Actual Loops": 1,
          "Workers Planned": 6,
          "Workers Launched": 6,
          "Single Copy": false,
          "Plans": [
            {
              "Node Type": "Aggregate",
              "Strategy": "Plain",
              "Partial Mode": "Partial",
              "Parent Relationship": "Outer",
              "Parallel Aware": false,
              "Startup Cost": 395495.71,
              "Total Cost": 395495.72,
              "Plan Rows": 1,
              "Plan Width": 8,
              "Actual Startup Time": 1053.197,
              "Actual Total Time": 1053.201,
              "Actual Rows": 1,
              "Actual Loops": 7,
              "Plans": [
                {
                  "Node Type": "Hash Join",
                  "Parent Relationship": "Outer",
                  "Parallel Aware": true,
                  "Join Type": "Inner",
                  "Startup Cost": 48758.37,
                  "Total Cost": 394232.11,
                  "Plan Rows": 505438,
                  "Plan Width": 0,
                  "Actual Startup Time": 649.635,
                  "Actual Total Time": 1041.995,
                  "Actual Rows": 206526,
                  "Actual Loops": 7,
                  "Inner Unique": true,
                  "Hash Cond": "(ci.movie_id = t.id)",
                  "Plans": [
                    {
                      "Node Type": "Seq Scan",
                      "Parent Relationship": "Outer",
                      "Parallel Aware": true,
                      "Relation Name": "cast_info",
                      "Alias": "ci",
                      "Startup Cost": 0.0,
                      "Total Cost": 343316.27,
                      "Plan Rows": 821894,
                      "Plan Width": 4,
                      "Actual Startup Time": 444.659,
                      "Actual Total Time": 667.26,
                      "Actual Rows": 401148,
                      "Actual Loops": 7,
                      "Filter": "((person_id > 3091285) AND (role_id < 10))",
                      "Rows Removed by Filter": 4776616
                    },
                    {
                      "Node Type": "Hash",
                      "Parent Relationship": "Inner",
                      "Parallel Aware": true,
                      "Startup Cost": 43899.32,
                      "Total Cost": 43899.32,
                      "Plan Rows": 388724,
                      "Plan Width": 4,
                      "Actual Startup Time": 201.485,
                      "Actual Total Time": 201.486,
                      "Actual Rows": 222266,
                      "Actual Loops": 7,
                      "Hash Buckets": 2097152,
                      "Original Hash Buckets": 2097152,
                      "Hash Batches": 1,
                      "Original Hash Batches": 1,
                      "Peak Memory Usage": 77344,
                      "Plans": [
                        {
                          "Node Type": "Seq Scan",
                          "Parent Relationship": "Outer",
                          "Parallel Aware": true,
                          "Relation Name": "title",
                          "Alias": "t",
                          "Startup Cost": 0.0,
                          "Total Cost": 43899.32,
                          "Plan Rows": 388724,
                          "Plan Width": 4,
                          "Actual Startup Time": 0.049,
                          "Actual Total Time": 86.612,
                          "Actual Rows": 222266,
                          "Actual Loops": 7,
                          "Filter": "(kind_id > 4)",
                          "Rows Removed by Filter": 138921
                        }
                      ]
                    }
                  ]
                }
              ]
            }
          ]
        }
      ]
    },
    "Planning Time": 0.286,
    "Triggers": [],
    "Execution Time": 1126.442
  }
]