[
  {
    "Plan": {
      "Node Type": "Aggregate",
      "Strategy": "Plain",
      "Partial Mode": "Finalize",
      "Parallel Aware": false,
      "Startup Cost": 31338.18,
      "Total Cost": 31338.19,
      "Plan Rows": 1,
      "Plan Width": 8,
      "Actual Startup Time": 101.859,
      "Actual Total Time": 109.775,
      "Actual Rows": 1,
      "Actual Loops": 1,
      "Plans": [
        {
          "Node Type": "Gather",
          "Parent Relationship": "Outer",
          "Parallel Aware": false,
          "Startup Cost": 31337.86,
          "Total Cost": 31338.17,
          "Plan Rows": 3,
          "Plan Width": 8,
          "Actual Startup Time": 101.758,
          "Actual Total Time": 109.767,
          "Actual Rows": 4,
          "Actual Loops": 1,
          "Workers Planned": 3,
          "Workers Launched": 3,
          "Single Copy": false,
          "Plans": [
            {
              "Node Type": "Aggregate",
              "Strategy": "Plain",
              "Partial Mode": "Partial",
              "Parent Relationship": "Outer",
              "Parallel Aware": false,
              "Startup Cost": 30337.86,
              "Total Cost": 30337.87,
              "Plan Rows": 1,
              "Plan Width": 8,
              "Actual Startup Time": 96.253,
              "Actual Total Time": 96.255,
              "Actual Rows": 1,
              "Actual Loops": 4,
              "Plans": [
                {
                  "Node Type": "Seq Scan",
                  "Parent Relationship": "Outer",
                  "Parallel Aware": true,
                  "Relation Name": "movie_companies",
                  "Alias": "mc",
                  "Startup Cost": 0.0,
                  "Total Cost": 29310.68,
                  "Plan Rows": 410872,
                  "Plan Width": 0,
                  "Actual Startup Time": 19.84,
                  "Actual Total Time": 81.773,
                  "Actual Rows": 318674,
                  "Actual Loops": 4,
                  "Filter": "(company_id > 11413)",
                  "Rows Removed by Filter": 333609
                }
              ]
            }
          ]
        }
      ]
    },
    "Planning Time": 0.163,
    "Triggers": [],
    "Execution Time": 109.823
  }
]