{
  "Plan": {
    "Node Type": "Aggregate",
    "Strategy": "Plain",
    "Partial Mode": "Finalize",
    "Parallel Aware": false,
    "Startup Cost": 135831.67,
    "Total Cost": 135831.68,
    "Plan Rows": 1,
    "Plan Width": 8,
    "Actual Startup Time": 566.985,
    "Actual Total Time": 599.62,
    "Actual Rows": 1,
    "Actual Loops": 1,
    "Plans": [
      {
        "Node Type": "Gather",
        "Parent Relationship": "Outer",
        "Parallel Aware": false,
        "Startup Cost": 135831.56,
        "Total Cost": 135831.67,
        "Plan Rows": 1,
        "Plan Width": 8,
        "Actual Startup Time": 566.426,
        "Actual Total Time": 599.613,
        "Actual Rows": 2,
        "Actual Loops": 1,
        "Workers Planned": 1,
        "Workers Launched": 1,
        "Single Copy": false,
        "Plans": [
          {
            "Node Type": "Aggregate",
            "Strategy": "Plain",
            "Partial Mode": "Partial",
            "Parent Relationship": "Outer",
            "Parallel Aware": false,
            "Startup Cost": 134831.56,
            "Total Cost": 134831.57,
            "Plan Rows": 1,
            "Plan Width": 8,
            "Actual Startup Time": 560.194,
            "Actual Total Time": 560.199,
            "Actual Rows": 1,
            "Actual Loops": 2,
            "Plans": [
              {
                "Node Type": "Nested Loop",
                "Parent Relationship": "Outer",
                "Parallel Aware": false,
                "Join Type": "Inner",
                "Startup Cost": 78217.94,
                "Total Cost": 134699.28,
                "Plan Rows": 52911,
                "Plan Width": 0,
                "Actual Startup Time": 268.367,
                "Actual Total Time": 551.155,
                "Actual Rows": 203888,
                "Actual Loops": 2,
                "Inner Unique": false,
                "Join Filter": "(t.id = mi.movie_id)",
                "Rows Removed by Join Filter": 0,
                "Plans": [
                  {
                    "Node Type": "Hash Join",
                    "Parent Relationship": "Outer",
                    "Parallel Aware": true,
                    "Join Type": "Inner",
                    "Startup Cost": 78217.5,
                    "Total Cost": 110892.5,
                    "Plan Rows": 9049,
                    "Plan Width": 8,
                    "Actual Startup Time": 268.3,
                    "Actual Total Time": 389.136,
                    "Actual Rows": 12949,
                    "Actual Loops": 2,
                    "Inner Unique": true,
                    "Hash Cond": "(mk.movie_id = t.id)",
                    "Plans": [
                      {
                        "Node Type": "Bitmap Heap Scan",
                        "Parent Relationship": "Outer",
                        "Parallel Aware": true,
                        "Relation Name": "movie_keyword",
                        "Alias": "mk",
                        "Startup Cost": 19601.53,
                        "Total Cost": 50849.75,
                        "Plan Rows": 543537,
                        "Plan Width": 4,
                        "Actual Startup Time": 62.129,
                        "Actual Total Time": 160.097,
                        "Actual Rows": 467178,
                        "Actual Loops": 2,
                        "Recheck Cond": "(keyword_id < 875)",
                        "Rows Removed by Index Recheck": 0,
                        "Exact Heap Blocks": 13443,
                        "Lossy Heap Blocks": 0,
                        "Plans": [
                          {
                            "Node Type": "Bitmap Index Scan",
                            "Parent Relationship": "Outer",
                            "Parallel Aware": false,
                            "Index Name": "keyword_id_movie_keyword",
                            "Startup Cost": 0.0,
                            "Total Cost": 19370.53,
                            "Plan Rows": 924013,
                            "Plan Width": 0,
                            "Actual Startup Time": 58.463,
                            "Actual Total Time": 58.463,
                            "Actual Rows": 934355,
                            "Actual Loops": 1,
                            "Index Cond": "(keyword_id < 875)"
                          }
                        ]
                      },
                      {
                        "Node Type": "Hash",
                        "Parent Relationship": "Inner",
                        "Parallel Aware": true,
                        "Startup Cost": 58306.47,
                        "Total Cost": 58306.47,
                        "Plan Rows": 24760,
                        "Plan Width": 4,
                        "Actual Startup Time": 162.8,
                        "Actual Total Time": 162.8,
                        "Actual Rows": 54870,
                        "Actual Loops": 2,
                        "Hash Buckets": 131072,
                        "Original Hash Buckets": 65536,
                        "Hash Batches": 1,
                        "Original Hash Batches": 1,
                        "Peak Memory Usage": 5856,
                        "Plans": [
                          {
                            "Node Type": "Seq Scan",
                            "Parent Relationship": "Outer",
                            "Parallel Aware": true,
                            "Relation Name": "title",
                            "Alias": "t",
                            "Startup Cost": 0.0,
                            "Total Cost": 58306.47,
                            "Plan Rows": 24760,
                            "Plan Width": 4,
                            "Actual Startup Time": 88.607,
                            "Actual Total Time": 145.627,
                            "Actual Rows": 54870,
                            "Actual Loops": 2,
                            "Filter": "((kind_id < 7) AND (production_year < 1928))",
                            "Rows Removed by Filter": 1209286
                          }
                        ]
                      }
                    ]
                  },
                  {
                    "Node Type": "Index Only Scan",
                    "Parent Relationship": "Inner",
                    "Parallel Aware": false,
                    "Scan Direction": "Forward",
                    "Index Name": "movie_id_movie_info",
                    "Relation Name": "movie_info",
                    "Alias": "mi",
                    "Startup Cost": 0.43,
                    "Total Cost": 2.11,
                    "Plan Rows": 42,
                    "Plan Width": 4,
                    "Actual Startup Time": 0.004,
                    "Actual Total Time": 0.011,
                    "Actual Rows": 16,
                    "Actual Loops": 25898,
                    "Index Cond": "(movie_id = mk.movie_id)",
                    "Rows Removed by Index Recheck": 0,
                    "Heap Fetches": 407776
                  }
                ]
              }
            ]
          }
        ]
      }
    ]
  },
  "Planning Time": 0.942,
  "Triggers": [],
  "Execution Time": 599.733
}