[
  {
    "Plan": {
      "Node Type": "Aggregate",
      "Strategy": "Plain",
      "Partial Mode": "Finalize",
      "Parallel Aware": false,
      "Startup Cost": 32163.58,
      "Total Cost": 32163.59,
      "Plan Rows": 1,
      "Plan Width": 8,
      "Actual Startup Time": 72.72,
      "Actual Total Time": 80.917,
      "Actual Rows": 1,
      "Actual Loops": 1,
      "Plans": [
        {
          "Node Type": "Gather",
          "Parent Relationship": "Outer",
          "Parallel Aware": false,
          "Startup Cost": 32163.26,
          "Total Cost": 32163.57,
          "Plan Rows": 3,
          "Plan Width": 8,
          "Actual Startup Time": 72.459,
          "Actual Total Time": 80.908,
          "Actual Rows": 4,
          "Actual Loops": 1,
          "Workers Planned": 3,
          "Workers Launched": 3,
          "Single Copy": false,
          "Plans": [
            {
              "Node Type": "Aggregate",
              "Strategy": "Plain",
              "Partial Mode": "Partial",
              "Parent Relationship": "Outer",
              "Parallel Aware": false,
              "Startup Cost": 31163.26,
              "Total Cost": 31163.27,
              "Plan Rows": 1,
              "Plan Width": 8,
              "Actual Startup Time": 69.017,
              "Actual Total Time": 69.019,
              "Actual Rows": 1,
              "Actual Loops": 4,
              "Plans": [
                {
                  "Node Type": "Bitmap Heap Scan",
                  "Parent Relationship": "Outer",
                  "Parallel Aware": true,
                  "Relation Name": "movie_keyword",
                  "Alias": "mk",
                  "Startup Cost": 5463.58,
                  "Total Cost": 30955.65,
                  "Plan Rows": 83045,
                  "Plan Width": 0,
                  "Actual Startup Time": 17.471,
                  "Actual Total Time": 65.353,
                  "Actual Rows": 65657,
                  "Actual Loops": 4,
                  "Recheck Cond": "(keyword_id > 59190)",
                  "Rows Removed by Index Recheck": 0,
                  "Exact Heap Blocks": 9333,
                  "Lossy Heap Blocks": 0,
                  "Plans": [
                    {
                      "Node Type": "Bitmap Index Scan",
                      "Parent Relationship": "Outer",
                      "Parallel Aware": false,
                      "Index Name": "keyword_id_movie_keyword",
                      "Startup Cost": 0.0,
                      "Total Cost": 5399.22,
                      "Plan Rows": 257439,
                      "Plan Width": 0,
                      "Actual Startup Time": 17.532,
                      "Actual Total Time": 17.533,
                      "Actual Rows": 262627,
                      "Actual Loops": 1,
                      "Index Cond": "(keyword_id > 59190)"
                    }
                  ]
                }
              ]
            }
          ]
        }
      ]
    },
    "Planning Time": 0.075,
    "Triggers": [],
    "Execution Time": 80.952
  }
]