[
  {
    "Plan": {
      "Node Type": "Aggregate",
      "Strategy": "Plain",
      "Partial Mode": "Finalize",
      "Parallel Aware": false,
      "Startup Cost": 32444.83,
      "Total Cost": 32444.84,
      "Plan Rows": 1,
      "Plan Width": 8,
      "Actual Startup Time": 102.732,
      "Actual Total Time": 109.832,
      "Actual Rows": 1,
      "Actual Loops": 1,
      "Plans": [
        {
          "Node Type": "Gather",
          "Parent Relationship": "Outer",
          "Parallel Aware": false,
          "Startup Cost": 32444.51,
          "Total Cost": 32444.82,
          "Plan Rows": 3,
          "Plan Width": 8,
          "Actual Startup Time": 102.489,
          "Actual Total Time": 109.824,
          "Actual Rows": 4,
          "Actual Loops": 1,
          "Workers Planned": 3,
          "Workers Launched": 3,
          "Single Copy": false,
          "Plans": [
            {
              "Node Type": "Aggregate",
              "Strategy": "Plain",
              "Partial Mode": "Partial",
              "Parent Relationship": "Outer",
              "Parallel Aware": false,
              "Startup Cost": 31444.51,
              "Total Cost": 31444.52,
              "Plan Rows": 1,
              "Plan Width": 8,
              "Actual Startup Time": 94.064,
              "Actual Total Time": 94.066,
              "Actual Rows": 1,
              "Actual Loops": 4,
              "Plans": [
                {
                  "Node Type": "Bitmap Heap Scan",
                  "Parent Relationship": "Outer",
                  "Parallel Aware": true,
                  "Relation Name": "movie_keyword",
                  "Alias": "mk",
                  "Startup Cost": 5692.08,
                  "Total Cost": 31228.11,
                  "Plan Rows": 86562,
                  "Plan Width": 0,
                  "Actual Startup Time": 33.208,
                  "Actual Total Time": 89.984,
                  "Actual Rows": 65657,
                  "Actual Loops": 4,
                  "Recheck Cond": "(keyword_id > 59190)",
                  "Rows Removed by Index Recheck": 0,
                  "Exact Heap Blocks": 11078,
                  "Lossy Heap Blocks": 0,
                  "Plans": [
                    {
                      "Node Type": "Bitmap Index Scan",
                      "Parent Relationship": "Outer",
                      "Parallel Aware": false,
                      "Index Name": "keyword_id_movie_keyword",
                      "Startup Cost": 0.0,
                      "Total Cost": 5625.0,
                      "Plan Rows": 268342,
                      "Plan Width": 0,
                      "Actual Startup Time": 36.664,
                      "Actual Total Time": 36.665,
                      "Actual Rows": 262627,
                      "Actual Loops": 1,
                      "Index Cond": "(keyword_id > 59190)"
                    }
                  ]
                }
              ]
            }
          ]
        }
      ]
    },
    "Planning Time": 0.215,
    "Triggers": [],
    "Execution Time": 109.919
  }
]