[
  {
    "Plan": {
      "Node Type": "Aggregate",
      "Strategy": "Plain",
      "Partial Mode": "Finalize",
      "Parallel Aware": false,
      "Startup Cost": 65262.93,
      "Total Cost": 65262.94,
      "Plan Rows": 1,
      "Plan Width": 8,
      "Actual Startup Time": 267.276,
      "Actual Total Time": 278.717,
      "Actual Rows": 1,
      "Actual Loops": 1,
      "Plans": [
        {
          "Node Type": "Gather",
          "Parent Relationship": "Outer",
          "Parallel Aware": false,
          "Startup Cost": 65262.51,
          "Total Cost": 65262.92,
          "Plan Rows": 4,
          "Plan Width": 8,
          "Actual Startup Time": 265.01,
          "Actual Total Time": 278.707,
          "Actual Rows": 5,
          "Actual Loops": 1,
          "Workers Planned": 4,
          "Workers Launched": 4,
          "Single Copy": false,
          "Plans": [
            {
              "Node Type": "Aggregate",
              "Strategy": "Plain",
              "Partial Mode": "Partial",
              "Parent Relationship": "Outer",
              "Parallel Aware": false,
              "Startup Cost": 64262.51,
              "Total Cost": 64262.52,
              "Plan Rows": 1,
              "Plan Width": 8,
              "Actual Startup Time": 257.65,
              "Actual Total Time": 257.653,
              "Actual Rows": 1,
              "Actual Loops": 5,
              "Plans": [
                {
                  "Node Type": "Hash Join",
                  "Parent Relationship": "Outer",
                  "Parallel Aware": true,
                  "Join Type": "Inner",
                  "Startup Cost": 17541.58,
                  "Total Cost": 64002.0,
                  "Plan Rows": 104205,
                  "Plan Width": 0,
                  "Actual Startup Time": 72.784,
                  "Actual Total Time": 253.718,
                  "Actual Rows": 85088,
                  "Actual Loops": 5,
                  "Inner Unique": false,
                  "Hash Cond": "(t.id = mi_idx.movie_id)",
                  "Plans": [
                    {
                      "Node Type": "Seq Scan",
                      "Parent Relationship": "Outer",
                      "Parallel Aware": true,
                      "Relation Name": "title",
                      "Alias": "t",
                      "Startup Cost": 0.0,
                      "Total Cost": 43898.92,
                      "Plan Rows": 567282,
                      "Plan Width": 4,
                      "Actual Startup Time": 0.013,
                      "Actual Total Time": 77.943,
                      "Actual Rows": 452246,
                      "Actual Loops": 5,
                      "Filter": "(production_year > 1954)",
                      "Rows Removed by Filter": 53417
                    },
                    {
                      "Node Type": "Hash",
                      "Parent Relationship": "Inner",
                      "Parallel Aware": true,
                      "Startup Cost": 15122.68,
                      "Total Cost": 15122.68,
                      "Plan Rows": 193512,
                      "Plan Width": 4,
                      "Actual Startup Time": 69.984,
                      "Actual Total Time": 69.985,
                      "Actual Rows": 91985,
                      "Actual Loops": 5,
                      "Hash Buckets": 524288,
                      "Original Hash Buckets": 524288,
                      "Hash Batches": 1,
                      "Original Hash Batches": 1,
                      "Peak Memory Usage": 22144,
                      "Plans": [
                        {
                          "Node Type": "Seq Scan",
                          "Parent Relationship": "Outer",
                          "Parallel Aware": true,
                          "Relation Name": "movie_info_idx",
                          "Alias": "mi_idx",
                          "Startup Cost": 0.0,
                          "Total Cost": 15122.68,
                          "Plan Rows": 193512,
                          "Plan Width": 4,
                          "Actual Startup Time": 0.058,
                          "Actual Total Time": 37.216,
                          "Actual Rows": 91985,
                          "Actual Loops": 5,
                          "Filter": "(info_type_id = 100)",
                          "Rows Removed by Filter": 184022
                        }
                      ]
                    }
                  ]
                }
              ]
            }
          ]
        }
      ]
    },
    "Planning Time": 0.486,
    "Triggers": [],
    "Execution Time": 278.777
  }
]