[
  {
    "Plan": {
      "Node Type": "Aggregate",
      "Strategy": "Plain",
      "Partial Mode": "Finalize",
      "Parallel Aware": false,
      "Startup Cost": 82615.89,
      "Total Cost": 82615.9,
      "Plan Rows": 1,
      "Plan Width": 8,
      "Actual Startup Time": 497.123,
      "Actual Total Time": 514.238,
      "Actual Rows": 1,
      "Actual Loops": 1,
      "Plans": [
        {
          "Node Type": "Gather",
          "Parent Relationship": "Outer",
          "Parallel Aware": false,
          "Startup Cost": 82615.47,
          "Total Cost": 82615.88,
          "Plan Rows": 4,
          "Plan Width": 8,
          "Actual Startup Time": 487.876,
          "Actual Total Time": 514.229,
          "Actual Rows": 5,
          "Actual Loops": 1,
          "Workers Planned": 4,
          "Workers Launched": 4,
          "Single Copy": false,
          "Plans": [
            {
              "Node Type": "Aggregate",
              "Strategy": "Plain",
              "Partial Mode": "Partial",
              "Parent Relationship": "Outer",
              "Parallel Aware": false,
              "Startup Cost": 81615.47,
              "Total Cost": 81615.48,
              "Plan Rows": 1,
              "Plan Width": 8,
              "Actual Startup Time": 478.303,
              "Actual Total Time": 478.5,
              "Actual Rows": 1,
              "Actual Loops": 5,
              "Plans": [
                {
                  "Node Type": "Hash Join",
                  "Parent Relationship": "Outer",
                  "Parallel Aware": true,
                  "Join Type": "Inner",
                  "Startup Cost": 34899.36,
                  "Total Cost": 81075.36,
                  "Plan Rows": 216041,
                  "Plan Width": 0,
                  "Actual Startup Time": 202.824,
                  "Actual Total Time": 466.147,
                  "Actual Rows": 214197,
                  "Actual Loops": 5,
                  "Inner Unique": false,
                  "Hash Cond": "(t.id = mc.movie_id)",
                  "Plans": [
                    {
                      "Node Type": "Seq Scan",
                      "Parent Relationship": "Outer",
                      "Parallel Aware": true,
                      "Relation Name": "title",
                      "Alias": "t",
                      "Startup Cost": 0.0,
                      "Total Cost": 42318.73,
                      "Plan Rows": 632073,
                      "Plan Width": 4,
                      "Actual Startup Time": 0.016,
                      "Actual Total Time": 78.55,
                      "Actual Rows": 505662,
                      "Actual Loops": 5
                    },
                    {
                      "Node Type": "Hash",
                      "Parent Relationship": "Inner",
                      "Parallel Aware": true,
                      "Startup Cost": 31414.82,
                      "Total Cost": 31414.82,
                      "Plan Rows": 278763,
                      "Plan Width": 4,
                      "Actual Startup Time": 198.394,
                      "Actual Total Time": 198.395,
                      "Actual Rows": 214197,
                      "Actual Loops": 5,
                      "Hash Buckets": 2097152,
                      "Original Hash Buckets": 1048576,
                      "Hash Batches": 1,
                      "Original Hash Batches": 1,
                      "Peak Memory Usage": 66560,
                      "Plans": [
                        {
                          "Node Type": "Seq Scan",
                          "Parent Relationship": "Outer",
                          "Parallel Aware": true,
                          "Relation Name": "movie_companies",
                          "Alias": "mc",
                          "Startup Cost": 0.0,
                          "Total Cost": 31414.82,
                          "Plan Rows": 278763,
                          "Plan Width": 4,
                          "Actual Startup Time": 47.206,
                          "Actual Total Time": 90.132,
                          "Actual Rows": 214197,
                          "Actual Loops": 5,
                          "Filter": "((company_id > 2946) AND (company_type_id > 1))",
                          "Rows Removed by Filter": 307629
                        }
                      ]
                    }
                  ]
                }
              ]
            }
          ]
        }
      ]
    },
    "Planning Time": 0.541,
    "Triggers": [],
    "Execution Time": 514.299
  }
]