[
  {
    "Plan": {
      "Node Type": "Aggregate",
      "Strategy": "Plain",
      "Partial Mode": "Finalize",
      "Parallel Aware": false,
      "Startup Cost": 339911.15,
      "Total Cost": 339911.16,
      "Plan Rows": 1,
      "Plan Width": 8,
      "Actual Startup Time": 721.132,
      "Actual Total Time": 756.059,
      "Actual Rows": 1,
      "Actual Loops": 1,
      "Plans": [
        {
          "Node Type": "Gather",
          "Parent Relationship": "Outer",
          "Parallel Aware": false,
          "Startup Cost": 339910.53,
          "Total Cost": 339911.14,
          "Plan Rows": 6,
          "Plan Width": 8,
          "Actual Startup Time": 721.056,
          "Actual Total Time": 756.052,
          "Actual Rows": 7,
          "Actual Loops": 1,
          "Workers Planned": 6,
          "Workers Launched": 6,
          "Single Copy": false,
          "Plans": [
            {
              "Node Type": "Aggregate",
              "Strategy": "Plain",
              "Partial Mode": "Partial",
              "Parent Relationship": "Outer",
              "Parallel Aware": false,
              "Startup Cost": 338910.53,
              "Total Cost": 338910.54,
              "Plan Rows": 1,
              "Plan Width": 8,
              "Actual Startup Time": 714.589,
              "Actual Total Time": 714.59,
              "Actual Rows": 1,
              "Actual Loops": 7,
              "Plans": [
                {
                  "Node Type": "Seq Scan",
                  "Parent Relationship": "Outer",
                  "Parallel Aware": true,
                  "Relation Name": "cast_info",
                  "Alias": "ci",
                  "Startup Cost": 0.0,
                  "Total Cost": 328213.62,
                  "Plan Rows": 4278765,
                  "Plan Width": 0,
                  "Actual Startup Time": 0.045,
                  "Actual Total Time": 554.114,
                  "Actual Rows": 3659912,
                  "Actual Loops": 7,
                  "Filter": "(person_id < 2645612)",
                  "Rows Removed by Filter": 1517852
                }
              ]
            }
          ]
        }
      ]
    },
    "Planning Time": 0.078,
    "Triggers": [],
    "Execution Time": 756.089
  }
]