[
  {
    "Plan": {
      "Node Type": "Aggregate",
      "Strategy": "Plain",
      "Partial Mode": "Finalize",
      "Parallel Aware": false,
      "Startup Cost": 260485.2,
      "Total Cost": 260485.21,
      "Plan Rows": 1,
      "Plan Width": 8,
      "Actual Startup Time": 482.18,
      "Actual Total Time": 506.72,
      "Actual Rows": 1,
      "Actual Loops": 1,
      "Plans": [
        {
          "Node Type": "Gather",
          "Parent Relationship": "Outer",
          "Parallel Aware": false,
          "Startup Cost": 260484.88,
          "Total Cost": 260485.19,
          "Plan Rows": 3,
          "Plan Width": 8,
          "Actual Startup Time": 481.133,
          "Actual Total Time": 506.71,
          "Actual Rows": 4,
          "Actual Loops": 1,
          "Workers Planned": 3,
          "Workers Launched": 3,
          "Single Copy": false,
          "Plans": [
            {
              "Node Type": "Aggregate",
              "Strategy": "Plain",
              "Partial Mode": "Partial",
              "Parent Relationship": "Outer",
              "Parallel Aware": false,
              "Startup Cost": 259484.88,
              "Total Cost": 259484.89,
              "Plan Rows": 1,
              "Plan Width": 8,
              "Actual Startup Time": 471.659,
              "Actual Total Time": 471.664,
              "Actual Rows": 1,
              "Actual Loops": 4,
              "Plans": [
                {
                  "Node Type": "Hash Join",
                  "Parent Relationship": "Outer",
                  "Parallel Aware": true,
                  "Join Type": "Inner",
                  "Startup Cost": 214604.12,
                  "Total Cost": 259284.36,
                  "Plan Rows": 80211,
                  "Plan Width": 0,
                  "Actual Startup Time": 209.681,
                  "Actual Total Time": 457.595,
                  "Actual Rows": 251836,
                  "Actual Loops": 4,
                  "Inner Unique": false,
                  "Hash Cond": "(mk.movie_id = t.id)",
                  "Plans": [
                    {
                      "Node Type": "Seq Scan",
                      "Parent Relationship": "Outer",
                      "Parallel Aware": true,
                      "Relation Name": "movie_keyword",
                      "Alias": "mk",
                      "Startup Cost": 0.0,
                      "Total Cost": 39047.32,
                      "Plan Rows": 1459332,
                      "Plan Width": 4,
                      "Actual Startup Time": 0.017,
                      "Actual Total Time": 109.26,
                      "Actual Rows": 1130982,
                      "Actual Loops": 4
                    },
                    {
                      "Node Type": "Hash",
                      "Parent Relationship": "Inner",
                      "Parallel Aware": true,
                      "Startup Cost": 214256.71,
                      "Total Cost": 214256.71,
                      "Plan Rows": 27793,
                      "Plan Width": 8,
                      "Actual Startup Time": 207.59,
                      "Actual Total Time": 207.592,
                      "Actual Rows": 30466,
                      "Actual Loops": 4,
                      "Hash Buckets": 262144,
                      "Original Hash Buckets": 262144,
                      "Hash Batches": 1,
                      "Original Hash Batches": 1,
                      "Peak Memory Usage": 6880,
                      "Plans": [
                        {
                          "Node Type": "Nested Loop",
                          "Parent Relationship": "Outer",
                          "Parallel Aware": false,
                          "Join Type": "Inner",
                          "Startup Cost": 2521.85,
                          "Total Cost": 214256.71,
                          "Plan Rows": 27793,
                          "Plan Width": 8,
                          "Actual Startup Time": 10.112,
                          "Actual Total Time": 192.041,
                          "Actual Rows": 30466,
                          "Actual Loops": 4,
                          "Inner Unique": true,
                          "Plans": [
                            {
                              "Node Type": "Bitmap Heap Scan",
                              "Parent Relationship": "Outer",
                              "Parallel Aware": true,
                              "Relation Name": "movie_info",
                              "Alias": "mi",
                              "Startup Cost": 2521.42,
                              "Total Cost": 165818.8,
                              "Plan Rows": 27793,
                              "Plan Width": 4,
                              "Actual Startup Time": 9.887,
                              "Actual Total Time": 22.02,
                              "Actual Rows": 30466,
                              "Actual Loops": 4,
                              "Recheck Cond": "(info_type_id = 105)",
                              "Rows Removed by Index Recheck": 0,
                              "Exact Heap Blocks": 2127,
                              "Lossy Heap Blocks": 0,
                              "Plans": [
                                {
                                  "Node Type": "Bitmap Index Scan",
                                  "Parent Relationship": "Outer",
                                  "Parallel Aware": false,
                                  "Index Name": "info_type_id_movie_info",
                                  "Startup Cost": 0.0,
                                  "Total Cost": 2486.68,
                                  "Plan Rows": 138966,
                                  "Plan Width": 0,
                                  "Actual Startup Time": 11.36,
                                  "Actual Total Time": 11.361,
                                  "Actual Rows": 121863,
                                  "Actual Loops": 1,
                                  "Index Cond": "(info_type_id = 105)"
                                }
                              ]
                            },
                            {
                              "Node Type": "Index Only Scan",
                              "Parent Relationship": "Inner",
                              "Parallel Aware": false,
                              "Scan Direction": "Forward",
                              "Index Name": "title_pkey",
                              "Relation Name": "title",
                              "Alias": "t",
                              "Startup Cost": 0.43,
                              "Total Cost": 1.74,
                              "Plan Rows": 1,
                              "Plan Width": 4,
                              "Actual Startup Time": 0.005,
                              "Actual Total Time": 0.005,
                              "Actual Rows": 1,
                              "Actual Loops": 121863,
                              "Index Cond": "(id = mi.movie_id)",
                              "Rows Removed by Index Recheck": 0,
                              "Heap Fetches": 121863
                            }
                          ]
                        }
                      ]
                    }
                  ]
                }
              ]
            }
          ]
        }
      ]
    },
    "Planning Time": 1.365,
    "Triggers": [],
    "Execution Time": 506.844
  }
]