[
  {
    "Plan": {
      "Node Type": "Aggregate",
      "Strategy": "Plain",
      "Partial Mode": "Finalize",
      "Parallel Aware": false,
      "Startup Cost": 32723.19,
      "Total Cost": 32723.2,
      "Plan Rows": 1,
      "Plan Width": 8,
      "Actual Startup Time": 85.592,
      "Actual Total Time": 93.165,
      "Actual Rows": 1,
      "Actual Loops": 1,
      "Plans": [
        {
          "Node Type": "Gather",
          "Parent Relationship": "Outer",
          "Parallel Aware": false,
          "Startup Cost": 32722.87,
          "Total Cost": 32723.18,
          "Plan Rows": 3,
          "Plan Width": 8,
          "Actual Startup Time": 85.483,
          "Actual Total Time": 93.157,
          "Actual Rows": 4,
          "Actual Loops": 1,
          "Workers Planned": 3,
          "Workers Launched": 3,
          "Single Copy": false,
          "Plans": [
            {
              "Node Type": "Aggregate",
              "Strategy": "Plain",
              "Partial Mode": "Partial",
              "Parent Relationship": "Outer",
              "Parallel Aware": false,
              "Startup Cost": 31722.87,
              "Total Cost": 31722.88,
              "Plan Rows": 1,
              "Plan Width": 8,
              "Actual Startup Time": 77.941,
              "Actual Total Time": 77.942,
              "Actual Rows": 1,
              "Actual Loops": 4,
              "Plans": [
                {
                  "Node Type": "Seq Scan",
                  "Parent Relationship": "Outer",
                  "Parallel Aware": true,
                  "Relation Name": "movie_companies",
                  "Alias": "mc",
                  "Startup Cost": 0.0,
                  "Total Cost": 31414.82,
                  "Plan Rows": 123222,
                  "Plan Width": 0,
                  "Actual Startup Time": 30.2,
                  "Actual Total Time": 77.11,
                  "Actual Rows": 15289,
                  "Actual Loops": 4,
                  "Filter": "((company_id > 33641) AND (company_type_id = 1))",
                  "Rows Removed by Filter": 636993
                }
              ]
            }
          ]
        }
      ]
    },
    "Planning Time": 0.304,
    "Triggers": [],
    "Execution Time": 93.226
  }
]