[
  {
    "Plan": {
      "Node Type": "Aggregate",
      "Strategy": "Plain",
      "Partial Mode": "Simple",
      "Parallel Aware": false,
      "Startup Cost": 8119.23,
      "Total Cost": 8119.24,
      "Plan Rows": 1,
      "Plan Width": 64,
      "Actual Startup Time": 91.426,
      "Actual Total Time": 91.436,
      "Actual Rows": 1,
      "Actual Loops": 1,
      "Plans": [
        {
          "Node Type": "Nested Loop",
          "Parent Relationship": "Outer",
          "Parallel Aware": false,
          "Join Type": "Inner",
          "Startup Cost": 13.38,
          "Total Cost": 8119.23,
          "Plan Rows": 1,
          "Plan Width": 27,
          "Actual Startup Time": 36.208,
          "Actual Total Time": 91.415,
          "Actual Rows": 16,
          "Actual Loops": 1,
          "Inner Unique": true,
          "Join Filter": "(mi.info_type_id = it1.id)",
          "Rows Removed by Join Filter": 0,
          "Plans": [
            {
              "Node Type": "Nested Loop",
              "Parent Relationship": "Outer",
              "Parallel Aware": false,
              "Join Type": "Inner",
              "Startup Cost": 13.38,
              "Total Cost": 8116.8,
              "Plan Rows": 1,
              "Plan Width": 31,
              "Actual Startup Time": 36.189,
              "Actual Total Time": 91.329,
              "Actual Rows": 16,
              "Actual Loops": 1,
              "Inner Unique": true,
              "Join Filter": "(mc.company_type_id = ct.id)",
              "Rows Removed by Join Filter": 16,
              "Plans": [
                {
                  "Node Type": "Nested Loop",
                  "Parent Relationship": "Outer",
                  "Parallel Aware": false,
                  "Join Type": "Inner",
                  "Startup Cost": 13.38,
                  "Total Cost": 8115.71,
                  "Plan Rows": 1,
                  "Plan Width": 35,
                  "Actual Startup Time": 36.177,
                  "Actual Total Time": 91.269,
                  "Actual Rows": 16,
                  "Actual Loops": 1,
                  "Inner Unique": true,
                  "Plans": [
                    {
                      "Node Type": "Nested Loop",
                      "Parent Relationship": "Outer",
                      "Parallel Aware": false,
                      "Join Type": "Inner",
                      "Startup Cost": 12.96,
                      "Total Cost": 8111.27,
                      "Plan Rows": 1,
                      "Plan Width": 39,
                      "Actual Startup Time": 36.129,
                      "Actual Total Time": 91.129,
                      "Actual Rows": 16,
                      "Actual Loops": 1,
                      "Inner Unique": false,
                      "Join Filter": "(t.id = mc.movie_id)",
                      "Rows Removed by Join Filter": 0,
                      "Plans": [
                        {
                          "Node Type": "Nested Loop",
                          "Parent Relationship": "Outer",
                          "Parallel Aware": false,
                          "Join Type": "Inner",
                          "Startup Cost": 12.48,
                          "Total Cost": 8106.67,
                          "Plan Rows": 1,
                          "Plan Width": 47,
                          "Actual Startup Time": 36.093,
                          "Actual Total Time": 90.998,
                          "Actual Rows": 16,
                          "Actual Loops": 1,
                          "Inner Unique": true,
                          "Join Filter": "(cc.status_id = cct1.id)",
                          "Rows Removed by Join Filter": 0,
                          "Plans": [
                            {
                              "Node Type": "Nested Loop",
                              "Parent Relationship": "Outer",
                              "Parallel Aware": false,
                              "Join Type": "Inner",
                              "Startup Cost": 12.48,
                              "Total Cost": 8105.6,
                              "Plan Rows": 1,
                              "Plan Width": 51,
                              "Actual Startup Time": 36.082,
                              "Actual Total Time": 90.934,
                              "Actual Rows": 16,
                              "Actual Loops": 1,
                              "Inner Unique": false,
                              "Plans": [
                                {
                                  "Node Type": "Nested Loop",
                                  "Parent Relationship": "Outer",
                                  "Parallel Aware": false,
                                  "Join Type": "Inner",
                                  "Startup Cost": 12.04,
                                  "Total Cost": 8101.12,
                                  "Plan Rows": 1,
                                  "Plan Width": 43,
                                  "Actual Startup Time": 36.03,
                                  "Actual Total Time": 90.776,
                                  "Actual Rows": 9,
                                  "Actual Loops": 1,
                                  "Inner Unique": false,
                                  "Join Filter": "(t.id = mi.movie_id)",
                                  "Rows Removed by Join Filter": 0,
                                  "Plans": [
                                    {
                                      "Node Type": "Nested Loop",
                                      "Parent Relationship": "Outer",
                                      "Parallel Aware": false,
                                      "Join Type": "Inner",
                                      "Startup Cost": 11.27,
                                      "Total Cost": 8051.89,
                                      "Plan Rows": 9,
                                      "Plan Width": 35,
                                      "Actual Startup Time": 7.596,
                                      "Actual Total Time": 53.574,
                                      "Actual Rows": 319,
                                      "Actual Loops": 1,
                                      "Inner Unique": false,
                                      "Join Filter": "(t.kind_id = kt.id)",
                                      "Rows Removed by Join Filter": 136,
                                      "Plans": [
                                        {
                                          "Node Type": "Seq Scan",
                                          "Parent Relationship": "Outer",
                                          "Parallel Aware": false,
                                          "Relation Name": "kind_type",
                                          "Alias": "kt",
                                          "Startup Cost": 0.0,
                                          "Total Cost": 1.09,
                                          "Plan Rows": 1,
                                          "Plan Width": 14,
                                          "Actual Startup Time": 0.023,
                                          "Actual Total Time": 0.025,
                                          "Actual Rows": 1,
                                          "Actual Loops": 1,
                                          "Filter": "((kind)::text = 'movie'::text)",
                                          "Rows Removed by Filter": 6
                                        },
                                        {
                                          "Node Type": "Nested Loop",
                                          "Parent Relationship": "Inner",
                                          "Parallel Aware": false,
                                          "Join Type": "Inner",
                                          "Startup Cost": 11.27,
                                          "Total Cost": 8050.01,
                                          "Plan Rows": 63,
                                          "Plan Width": 29,
                                          "Actual Startup Time": 1.054,
                                          "Actual Total Time": 53.482,
                                          "Actual Rows": 455,
                                          "Actual Loops": 1,
                                          "Inner Unique": true,
                                          "Plans": [
                                            {
                                              "Node Type": "Nested Loop",
                                              "Parent Relationship": "Outer",
                                              "Parallel Aware": false,
                                              "Join Type": "Inner",
                                              "Startup Cost": 10.82,
                                              "Total Cost": 7447.81,
                                              "Plan Rows": 135,
                                              "Plan Width": 4,
                                              "Actual Startup Time": 0.983,
                                              "Actual Total Time": 28.776,
                                              "Actual Rows": 1133,
                                              "Actual Loops": 1,
                                              "Inner Unique": false,
                                              "Plans": [
                                                {
                                                  "Node Type": "Seq Scan",
                                                  "Parent Relationship": "Outer",
                                                  "Parallel Aware": false,
                                                  "Relation Name": "keyword",
                                                  "Alias": "k",
                                                  "Startup Cost": 0.0,
                                                  "Total Cost": 2961.55,
                                                  "Plan Rows": 4,
                                                  "Plan Width": 4,
                                                  "Actual Startup Time": 0.743,
                                                  "Actual Total Time": 17.948,
                                                  "Actual Rows": 4,
                                                  "Actual Loops": 1,
                                                  "Filter": "(keyword = ANY ('{nerd,loner,alienation,dignity}'::text[]))",
                                                  "Rows Removed by Filter": 134166
                                                },
                                                {
                                                  "Node Type": "Bitmap Heap Scan",
                                                  "Parent Relationship": "Inner",
                                                  "Parallel Aware": false,
                                                  "Relation Name": "movie_keyword",
                                                  "Alias": "mk",
                                                  "Startup Cost": 10.82,
                                                  "Total Cost": 1118.49,
                                                  "Plan Rows": 308,
                                                  "Plan Width": 8,
                                                  "Actual Startup Time": 0.099,
                                                  "Actual Total Time": 2.644,
                                                  "Actual Rows": 283,
                                                  "Actual Loops": 4,
                                                  "Recheck Cond": "(keyword_id = k.id)",
                                                  "Rows Removed by Index Recheck": 0,
                                                  "Exact Heap Blocks": 1083,
                                                  "Lossy Heap Blocks": 0,
                                                  "Plans": [
                                                    {
                                                      "Node Type": "Bitmap Index Scan",
                                                      "Parent Relationship": "Outer",
                                                      "Parallel Aware": false,
                                                      "Index Name": "keyword_id_movie_keyword",
                                                      "Startup Cost": 0.0,
                                                      "Total Cost": 10.74,
                                                      "Plan Rows": 308,
                                                      "Plan Width": 0,
                                                      "Actual Startup Time": 0.063,
                                                      "Actual Total Time": 0.063,
                                                      "Actual Rows": 283,
                                                      "Actual Loops": 4,
                                                      "Index Cond": "(keyword_id = k.id)"
                                                    }
                                                  ]
                                                }
                                              ]
                                            },
                                            {
                                              "Node Type": "Bitmap Heap Scan",
                                              "Parent Relationship": "Inner",
                                              "Parallel Aware": false,
                                              "Relation Name": "title",
                                              "Alias": "t",
                                              "Startup Cost": 0.45,
                                              "Total Cost": 4.46,
                                              "Plan Rows": 1,
                                              "Plan Width": 25,
                                              "Actual Startup Time": 0.02,
                                              "Actual Total Time": 0.02,
                                              "Actual Rows": 0,
                                              "Actual Loops": 1133,
                                              "Recheck Cond": "(id = mk.movie_id)",
                                              "Rows Removed by Index Recheck": 0,
                                              "Filter": "(production_year > 2003)",
                                              "Rows Removed by Filter": 1,
                                              "Exact Heap Blocks": 1133,
                                              "Lossy Heap Blocks": 0,
                                              "Plans": [
                                                {
                                                  "Node Type": "Bitmap Index Scan",
                                                  "Parent Relationship": "Outer",
                                                  "Parallel Aware": false,
                                                  "Index Name": "title_pkey",
                                                  "Startup Cost": 0.0,
                                                  "Total Cost": 0.45,
                                                  "Plan Rows": 1,
                                                  "Plan Width": 0,
                                                  "Actual Startup Time": 0.01,
                                                  "Actual Total Time": 0.01,
                                                  "Actual Rows": 1,
                                                  "Actual Loops": 1133,
                                                  "Index Cond": "(id = mk.movie_id)"
                                                }
                                              ]
                                            }
                                          ]
                                        }
                                      ]
                                    },
                                    {
                                      "Node Type": "Bitmap Heap Scan",
                                      "Parent Relationship": "Inner",
                                      "Parallel Aware": false,
                                      "Relation Name": "movie_info",
                                      "Alias": "mi",
                                      "Startup Cost": 0.78,
                                      "Total Cost": 5.46,
                                      "Plan Rows": 1,
                                      "Plan Width": 8,
                                      "Actual Startup Time": 0.114,
                                      "Actual Total Time": 0.115,
                                      "Actual Rows": 0,
                                      "Actual Loops": 319,
                                      "Recheck Cond": "(movie_id = mk.movie_id)",
                                      "Rows Removed by Index Recheck": 0,
                                      "Filter": "((note ~~ '%internet%'::text) AND (info ~~ 'USA:% 200%'::text))",
                                      "Rows Removed by Filter": 73,
                                      "Exact Heap Blocks": 4529,
                                      "Lossy Heap Blocks": 0,
                                      "Plans": [
                                        {
                                          "Node Type": "Bitmap Index Scan",
                                          "Parent Relationship": "Outer",
                                          "Parallel Aware": false,
                                          "Index Name": "movie_id_movie_info",
                                          "Startup Cost": 0.0,
                                          "Total Cost": 0.78,
                                          "Plan Rows": 39,
                                          "Plan Width": 0,
                                          "Actual Startup Time": 0.02,
                                          "Actual Total Time": 0.02,
                                          "Actual Rows": 73,
                                          "Actual Loops": 319,
                                          "Index Cond": "(movie_id = mk.movie_id)"
                                        }
                                      ]
                                    }
                                  ]
                                },
                                {
                                  "Node Type": "Bitmap Heap Scan",
                                  "Parent Relationship": "Inner",
                                  "Parallel Aware": false,
                                  "Relation Name": "complete_cast",
                                  "Alias": "cc",
                                  "Startup Cost": 0.44,
                                  "Total Cost": 4.46,
                                  "Plan Rows": 2,
                                  "Plan Width": 8,
                                  "Actual Startup Time": 0.012,
                                  "Actual Total Time": 0.014,
                                  "Actual Rows": 2,
                                  "Actual Loops": 9,
                                  "Recheck Cond": "(movie_id = t.id)",
                                  "Rows Removed by Index Recheck": 0,
                                  "Exact Heap Blocks": 16,
                                  "Lossy Heap Blocks": 0,
                                  "Plans": [
                                    {
                                      "Node Type": "Bitmap Index Scan",
                                      "Parent Relationship": "Outer",
                                      "Parallel Aware": false,
                                      "Index Name": "movie_id_complete_cast",
                                      "Startup Cost": 0.0,
                                      "Total Cost": 0.44,
                                      "Plan Rows": 2,
                                      "Plan Width": 0,
                                      "Actual Startup Time": 0.008,
                                      "Actual Total Time": 0.008,
                                      "Actual Rows": 2,
                                      "Actual Loops": 9,
                                      "Index Cond": "(movie_id = t.id)"
                                    }
                                  ]
                                }
                              ]
                            },
                            {
                              "Node Type": "Seq Scan",
                              "Parent Relationship": "Inner",
                              "Parallel Aware": false,
                              "Relation Name": "comp_cast_type",
                              "Alias": "cct1",
                              "Startup Cost": 0.0,
                              "Total Cost": 1.05,
                              "Plan Rows": 1,
                              "Plan Width": 4,
                              "Actual Startup Time": 0.002,
                              "Actual Total Time": 0.002,
                              "Actual Rows": 1,
                              "Actual Loops": 16,
                              "Filter": "((kind)::text = 'complete+verified'::text)",
                              "Rows Removed by Filter": 3
                            }
                          ]
                        },
                        {
                          "Node Type": "Bitmap Heap Scan",
                          "Parent Relationship": "Inner",
                          "Parallel Aware": false,
                          "Relation Name": "movie_companies",
                          "Alias": "mc",
                          "Startup Cost": 0.48,
                          "Total Cost": 4.54,
                          "Plan Rows": 5,
                          "Plan Width": 12,
                          "Actual Startup Time": 0.006,
                          "Actual Total Time": 0.006,
                          "Actual Rows": 1,
                          "Actual Loops": 16,
                          "Recheck Cond": "(movie_id = mk.movie_id)",
                          "Rows Removed by Index Recheck": 0,
                          "Exact Heap Blocks": 16,
                          "Lossy Heap Blocks": 0,
                          "Plans": [
                            {
                              "Node Type": "Bitmap Index Scan",
                              "Parent Relationship": "Outer",
                              "Parallel Aware": false,
                              "Index Name": "movie_id_movie_companies",
                              "Startup Cost": 0.0,
                              "Total Cost": 0.48,
                              "Plan Rows": 5,
                              "Plan Width": 0,
                              "Actual Startup Time": 0.004,
                              "Actual Total Time": 0.004,
                              "Actual Rows": 1,
                              "Actual Loops": 16,
                              "Index Cond": "(movie_id = mk.movie_id)"
                            }
                          ]
                        }
                      ]
                    },
                    {
                      "Node Type": "Bitmap Heap Scan",
                      "Parent Relationship": "Inner",
                      "Parallel Aware": false,
                      "Relation Name": "company_name",
                      "Alias": "cn",
                      "Startup Cost": 0.43,
                      "Total Cost": 4.44,
                      "Plan Rows": 1,
                      "Plan Width": 4,
                      "Actual Startup Time": 0.006,
                      "Actual Total Time": 0.006,
                      "Actual Rows": 1,
                      "Actual Loops": 16,
                      "Recheck Cond": "(id = mc.company_id)",
                      "Rows Removed by Index Recheck": 0,
                      "Filter": "((country_code)::text = '[us]'::text)",
                      "Rows Removed by Filter": 0,
                      "Exact Heap Blocks": 16,
                      "Lossy Heap Blocks": 0,
                      "Plans": [
                        {
                          "Node Type": "Bitmap Index Scan",
                          "Parent Relationship": "Outer",
                          "Parallel Aware": false,
                          "Index Name": "company_name_pkey",
                          "Startup Cost": 0.0,
                          "Total Cost": 0.43,
                          "Plan Rows": 1,
                          "Plan Width": 0,
                          "Actual Startup Time": 0.004,
                          "Actual Total Time": 0.004,
                          "Actual Rows": 1,
                          "Actual Loops": 16,
                          "Index Cond": "(id = mc.company_id)"
                        }
                      ]
                    }
                  ]
                },
                {
                  "Node Type": "Seq Scan",
                  "Parent Relationship": "Inner",
                  "Parallel Aware": false,
                  "Relation Name": "company_type",
                  "Alias": "ct",
                  "Startup Cost": 0.0,
                  "Total Cost": 1.04,
                  "Plan Rows": 4,
                  "Plan Width": 4,
                  "Actual Startup Time": 0.001,
                  "Actual Total Time": 0.001,
                  "Actual Rows": 2,
                  "Actual Loops": 16
                }
              ]
            },
            {
              "Node Type": "Seq Scan",
              "Parent Relationship": "Inner",
              "Parallel Aware": false,
              "Relation Name": "info_type",
              "Alias": "it1",
              "Startup Cost": 0.0,
              "Total Cost": 2.41,
              "Plan Rows": 1,
              "Plan Width": 4,
              "Actual Startup Time": 0.004,
              "Actual Total Time": 0.004,
              "Actual Rows": 1,
              "Actual Loops": 16,
              "Filter": "((info)::text = 'release dates'::text)",
              "Rows Removed by Filter": 15
            }
          ]
        }
      ]
    },
    "Planning Time": 38.43,
    "Triggers": [],
    "Execution Time": 91.775
  }
]