{
  "Plan": {
    "Node Type": "Aggregate",
    "Strategy": "Plain",
    "Partial Mode": "Finalize",
    "Parallel Aware": false,
    "Startup Cost": 236898.6,
    "Total Cost": 236898.61,
    "Plan Rows": 1,
    "Plan Width": 8,
    "Actual Startup Time": 2904.483,
    "Actual Total Time": 2984.198,
    "Actual Rows": 1,
    "Actual Loops": 1,
    "Plans": [
      {
        "Node Type": "Gather",
        "Parent Relationship": "Outer",
        "Parallel Aware": false,
        "Startup Cost": 236898.49,
        "Total Cost": 236898.6,
        "Plan Rows": 1,
        "Plan Width": 8,
        "Actual Startup Time": 2902.61,
        "Actual Total Time": 2984.188,
        "Actual Rows": 2,
        "Actual Loops": 1,
        "Workers Planned": 1,
        "Workers Launched": 1,
        "Single Copy": false,
        "Plans": [
          {
            "Node Type": "Aggregate",
            "Strategy": "Plain",
            "Partial Mode": "Partial",
            "Parent Relationship": "Outer",
            "Parallel Aware": false,
            "Startup Cost": 235898.49,
            "Total Cost": 235898.5,
            "Plan Rows": 1,
            "Plan Width": 8,
            "Actual Startup Time": 2896.595,
            "Actual Total Time": 2896.6,
            "Actual Rows": 1,
            "Actual Loops": 2,
            "Plans": [
              {
                "Node Type": "Nested Loop",
                "Parent Relationship": "Outer",
                "Parallel Aware": false,
                "Join Type": "Inner",
                "Startup Cost": 57442.91,
                "Total Cost": 235228.6,
                "Plan Rows": 267956,
                "Plan Width": 0,
                "Actual Startup Time": 259.437,
                "Actual Total Time": 2863.082,
                "Actual Rows": 678238,
                "Actual Loops": 2,
                "Inner Unique": false,
                "Join Filter": "(t.id = ci.movie_id)",
                "Rows Removed by Join Filter": 0,
                "Plans": [
                  {
                    "Node Type": "Hash Join",
                    "Parent Relationship": "Outer",
                    "Parallel Aware": true,
                    "Join Type": "Inner",
                    "Startup Cost": 57442.34,
                    "Total Cost": 101038.02,
                    "Plan Rows": 47835,
                    "Plan Width": 8,
                    "Actual Startup Time": 259.342,
                    "Actual Total Time": 521.482,
                    "Actual Rows": 145574,
                    "Actual Loops": 2,
                    "Inner Unique": true,
                    "Hash Cond": "(mc.movie_id = t.id)",
                    "Plans": [
                      {
                        "Node Type": "Seq Scan",
                        "Parent Relationship": "Outer",
                        "Parallel Aware": true,
                        "Relation Name": "movie_companies",
                        "Alias": "mc",
                        "Startup Cost": 0.0,
                        "Total Cost": 41811.73,
                        "Plan Rows": 679601,
                        "Plan Width": 4,
                        "Actual Startup Time": 52.529,
                        "Actual Total Time": 126.464,
                        "Actual Rows": 632886,
                        "Actual Loops": 2,
                        "Filter": "((company_id > 160) AND (company_type_id = 2))",
                        "Rows Removed by Filter": 671679
                      },
                      {
                        "Node Type": "Hash",
                        "Parent Relationship": "Inner",
                        "Parallel Aware": true,
                        "Startup Cost": 56133.83,
                        "Total Cost": 56133.83,
                        "Plan Rows": 104681,
                        "Plan Width": 4,
                        "Actual Startup Time": 203.278,
                        "Actual Total Time": 203.28,
                        "Actual Rows": 157904,
                        "Actual Loops": 2,
                        "Hash Buckets": 524288,
                        "Original Hash Buckets": 262144,
                        "Hash Batches": 1,
                        "Original Hash Batches": 1,
                        "Peak Memory Usage": 18528,
                        "Plans": [
                          {
                            "Node Type": "Bitmap Heap Scan",
                            "Parent Relationship": "Outer",
                            "Parallel Aware": true,
                            "Relation Name": "title",
                            "Alias": "t",
                            "Startup Cost": 13483.45,
                            "Total Cost": 56133.83,
                            "Plan Rows": 104681,
                            "Plan Width": 4,
                            "Actual Startup Time": 48.896,
                            "Actual Total Time": 154.442,
                            "Actual Rows": 157904,
                            "Actual Loops": 2,
                            "Recheck Cond": "(kind_id < 3)",
                            "Rows Removed by Index Recheck": 0,
                            "Filter": "(production_year < 1986)",
                            "Rows Removed by Filter": 218934,
                            "Exact Heap Blocks": 27086,
                            "Lossy Heap Blocks": 0,
                            "Plans": [
                              {
                                "Node Type": "Bitmap Index Scan",
                                "Parent Relationship": "Outer",
                                "Parallel Aware": false,
                                "Index Name": "kind_id_title",
                                "Startup Cost": 0.0,
                                "Total Cost": 13438.96,
                                "Plan Rows": 753937,
                                "Plan Width": 0,
                                "Actual Startup Time": 45.819,
                                "Actual Total Time": 45.819,
                                "Actual Rows": 753677,
                                "Actual Loops": 1,
                                "Index Cond": "(kind_id < 3)"
                              }
                            ]
                          }
                        ]
                      }
                    ]
                  },
                  {
                    "Node Type": "Index Scan",
                    "Parent Relationship": "Inner",
                    "Parallel Aware": false,
                    "Scan Direction": "Forward",
                    "Index Name": "movie_id_cast_info",
                    "Relation Name": "cast_info",
                    "Alias": "ci",
                    "Startup Cost": 0.56,
                    "Total Cost": 2.63,
                    "Plan Rows": 14,
                    "Plan Width": 4,
                    "Actual Startup Time": 0.01,
                    "Actual Total Time": 0.015,
                    "Actual Rows": 5,
                    "Actual Loops": 291148,
                    "Index Cond": "(movie_id = mc.movie_id)",
                    "Rows Removed by Index Recheck": 0,
                    "Filter": "(person_id > 2252644)",
                    "Rows Removed by Filter": 11
                  }
                ]
              }
            ]
          }
        ]
      }
    ]
  },
  "Planning Time": 1.095,
  "Triggers": [],
  "Execution Time": 2984.327
}