[
  {
    "Plan": {
      "Node Type": "Aggregate",
      "Strategy": "Plain",
      "Partial Mode": "Finalize",
      "Parallel Aware": false,
      "Startup Cost": 279189.18,
      "Total Cost": 279189.19,
      "Plan Rows": 1,
      "Plan Width": 8,
      "Actual Startup Time": 547.612,
      "Actual Total Time": 612.878,
      "Actual Rows": 1,
      "Actual Loops": 1,
      "Plans": [
        {
          "Node Type": "Gather",
          "Parent Relationship": "Outer",
          "Parallel Aware": false,
          "Startup Cost": 279188.76,
          "Total Cost": 279189.17,
          "Plan Rows": 4,
          "Plan Width": 8,
          "Actual Startup Time": 545.561,
          "Actual Total Time": 612.869,
          "Actual Rows": 5,
          "Actual Loops": 1,
          "Workers Planned": 4,
          "Workers Launched": 4,
          "Single Copy": false,
          "Plans": [
            {
              "Node Type": "Aggregate",
              "Strategy": "Plain",
              "Partial Mode": "Partial",
              "Parent Relationship": "Outer",
              "Parallel Aware": false,
              "Startup Cost": 278188.76,
              "Total Cost": 278188.77,
              "Plan Rows": 1,
              "Plan Width": 8,
              "Actual Startup Time": 536.173,
              "Actual Total Time": 536.175,
              "Actual Rows": 1,
              "Actual Loops": 5,
              "Plans": [
                {
                  "Node Type": "Nested Loop",
                  "Parent Relationship": "Outer",
                  "Parallel Aware": false,
                  "Join Type": "Inner",
                  "Startup Cost": 1.0,
                  "Total Cost": 277910.66,
                  "Plan Rows": 111240,
                  "Plan Width": 0,
                  "Actual Startup Time": 1.094,
                  "Actual Total Time": 528.399,
                  "Actual Rows": 150462,
                  "Actual Loops": 5,
                  "Inner Unique": false,
                  "Join Filter": "(t.id = ci.movie_id)",
                  "Rows Removed by Join Filter": 0,
                  "Plans": [
                    {
                      "Node Type": "Nested Loop",
                      "Parent Relationship": "Outer",
                      "Parallel Aware": false,
                      "Join Type": "Inner",
                      "Startup Cost": 0.43,
                      "Total Cost": 239482.63,
                      "Plan Rows": 22468,
                      "Plan Width": 8,
                      "Actual Startup Time": 0.869,
                      "Actual Total Time": 158.111,
                      "Actual Rows": 15650,
                      "Actual Loops": 5,
                      "Inner Unique": false,
                      "Plans": [
                        {
                          "Node Type": "Seq Scan",
                          "Parent Relationship": "Outer",
                          "Parallel Aware": true,
                          "Relation Name": "title",
                          "Alias": "t",
                          "Startup Cost": 0.0,
                          "Total Cost": 43899.32,
                          "Plan Rows": 7712,
                          "Plan Width": 4,
                          "Actual Startup Time": 0.074,
                          "Actual Total Time": 58.849,
                          "Actual Rows": 6005,
                          "Actual Loops": 5,
                          "Filter": "(production_year = 1994)",
                          "Rows Removed by Filter": 499657
                        },
                        {
                          "Node Type": "Index Scan",
                          "Parent Relationship": "Inner",
                          "Parallel Aware": false,
                          "Scan Direction": "Forward",
                          "Index Name": "movie_id_movie_info",
                          "Relation Name": "movie_info",
                          "Alias": "mi",
                          "Startup Cost": 0.43,
                          "Total Cost": 25.16,
                          "Plan Rows": 20,
                          "Plan Width": 4,
                          "Actual Startup Time": 0.008,
                          "Actual Total Time": 0.016,
                          "Actual Rows": 3,
                          "Actual Loops": 30027,
                          "Index Cond": "(movie_id = t.id)",
                          "Rows Removed by Index Recheck": 0,
                          "Filter": "(info_type_id < 8)",
                          "Rows Removed by Filter": 3
                        }
                      ]
                    },
                    {
                      "Node Type": "Index Scan",
                      "Parent Relationship": "Inner",
                      "Parallel Aware": false,
                      "Scan Direction": "Forward",
                      "Index Name": "movie_id_cast_info",
                      "Relation Name": "cast_info",
                      "Alias": "ci",
                      "Startup Cost": 0.56,
                      "Total Cost": 1.56,
                      "Plan Rows": 12,
                      "Plan Width": 4,
                      "Actual Startup Time": 0.005,
                      "Actual Total Time": 0.022,
                      "Actual Rows": 10,
                      "Actual Loops": 78248,
                      "Index Cond": "(movie_id = mi.movie_id)",
                      "Rows Removed by Index Recheck": 0,
                      "Filter": "((person_id < 3971371) AND (role_id = 1))",
                      "Rows Removed by Filter": 18
                    }
                  ]
                }
              ]
            }
          ]
        }
      ]
    },
    "Planning Time": 0.448,
    "Triggers": [],
    "Execution Time": 612.937
  }
]