[
  {
    "Plan": {
      "Node Type": "Aggregate",
      "Strategy": "Plain",
      "Partial Mode": "Finalize",
      "Parallel Aware": false,
      "Startup Cost": 62164.12,
      "Total Cost": 62164.13,
      "Plan Rows": 1,
      "Plan Width": 8,
      "Actual Startup Time": 171.752,
      "Actual Total Time": 184.323,
      "Actual Rows": 1,
      "Actual Loops": 1,
      "Plans": [
        {
          "Node Type": "Gather",
          "Parent Relationship": "Outer",
          "Parallel Aware": false,
          "Startup Cost": 62163.91,
          "Total Cost": 62164.12,
          "Plan Rows": 2,
          "Plan Width": 8,
          "Actual Startup Time": 171.425,
          "Actual Total Time": 184.306,
          "Actual Rows": 3,
          "Actual Loops": 1,
          "Workers Planned": 2,
          "Workers Launched": 2,
          "Single Copy": false,
          "Plans": [
            {
              "Node Type": "Aggregate",
              "Strategy": "Plain",
              "Partial Mode": "Partial",
              "Parent Relationship": "Outer",
              "Parallel Aware": false,
              "Startup Cost": 61163.91,
              "Total Cost": 61163.92,
              "Plan Rows": 1,
              "Plan Width": 8,
              "Actual Startup Time": 164.109,
              "Actual Total Time": 164.111,
              "Actual Rows": 1,
              "Actual Loops": 3,
              "Plans": [
                {
                  "Node Type": "Hash Join",
                  "Parent Relationship": "Outer",
                  "Parallel Aware": true,
                  "Join Type": "Inner",
                  "Startup Cost": 45533.95,
                  "Total Cost": 61160.57,
                  "Plan Rows": 1333,
                  "Plan Width": 0,
                  "Actual Startup Time": 133.723,
                  "Actual Total Time": 163.987,
                  "Actual Rows": 1807,
                  "Actual Loops": 3,
                  "Inner Unique": true,
                  "Hash Cond": "(mi_idx.movie_id = t.id)",
                  "Plans": [
                    {
                      "Node Type": "Seq Scan",
                      "Parent Relationship": "Outer",
                      "Parallel Aware": true,
                      "Relation Name": "movie_info_idx",
                      "Alias": "mi_idx",
                      "Startup Cost": 0.0,
                      "Total Cost": 15122.68,
                      "Plan Rows": 191978,
                      "Plan Width": 4,
                      "Actual Startup Time": 0.029,
                      "Actual Total Time": 37.031,
                      "Actual Rows": 153308,
                      "Actual Loops": 3,
                      "Filter": "(info_type_id = 101)",
                      "Rows Removed by Filter": 306703
                    },
                    {
                      "Node Type": "Hash",
                      "Parent Relationship": "Inner",
                      "Parallel Aware": true,
                      "Startup Cost": 45479.1,
                      "Total Cost": 45479.1,
                      "Plan Rows": 4388,
                      "Plan Width": 4,
                      "Actual Startup Time": 113.031,
                      "Actual Total Time": 113.032,
                      "Actual Rows": 3594,
                      "Actual Loops": 3,
                      "Hash Buckets": 32768,
                      "Original Hash Buckets": 32768,
                      "Hash Batches": 1,
                      "Original Hash Batches": 1,
                      "Peak Memory Usage": 704,
                      "Plans": [
                        {
                          "Node Type": "Seq Scan",
                          "Parent Relationship": "Outer",
                          "Parallel Aware": true,
                          "Relation Name": "title",
                          "Alias": "t",
                          "Startup Cost": 0.0,
                          "Total Cost": 45479.1,
                          "Plan Rows": 4388,
                          "Plan Width": 4,
                          "Actual Startup Time": 68.174,
                          "Actual Total Time": 111.458,
                          "Actual Rows": 3594,
                          "Actual Loops": 3,
                          "Filter": "((kind_id = 1) AND (production_year = 2003))",
                          "Rows Removed by Filter": 839177
                        }
                      ]
                    }
                  ]
                }
              ]
            }
          ]
        }
      ]
    },
    "Planning Time": 0.621,
    "Triggers": [],
    "Execution Time": 184.394
  }
]