[
  {
    "Plan": {
      "Node Type": "Aggregate",
      "Strategy": "Plain",
      "Partial Mode": "Finalize",
      "Parallel Aware": false,
      "Startup Cost": 376369.4,
      "Total Cost": 376369.41,
      "Plan Rows": 1,
      "Plan Width": 8,
      "Actual Startup Time": 1284.554,
      "Actual Total Time": 1335.026,
      "Actual Rows": 1,
      "Actual Loops": 1,
      "Plans": [
        {
          "Node Type": "Gather",
          "Parent Relationship": "Outer",
          "Parallel Aware": false,
          "Startup Cost": 376368.78,
          "Total Cost": 376369.39,
          "Plan Rows": 6,
          "Plan Width": 8,
          "Actual Startup Time": 1283.793,
          "Actual Total Time": 1335.011,
          "Actual Rows": 7,
          "Actual Loops": 1,
          "Workers Planned": 6,
          "Workers Launched": 6,
          "Single Copy": false,
          "Plans": [
            {
              "Node Type": "Aggregate",
              "Strategy": "Plain",
              "Partial Mode": "Partial",
              "Parent Relationship": "Outer",
              "Parallel Aware": false,
              "Startup Cost": 375368.78,
              "Total Cost": 375368.79,
              "Plan Rows": 1,
              "Plan Width": 8,
              "Actual Startup Time": 1276.71,
              "Actual Total Time": 1276.712,
              "Actual Rows": 1,
              "Actual Loops": 7,
              "Plans": [
                {
                  "Node Type": "Hash Join",
                  "Parent Relationship": "Outer",
                  "Parallel Aware": true,
                  "Join Type": "Inner",
                  "Startup Cost": 45796.42,
                  "Total Cost": 374763.08,
                  "Plan Rows": 242278,
                  "Plan Width": 0,
                  "Actual Startup Time": 71.771,
                  "Actual Total Time": 1264.534,
                  "Actual Rows": 237833,
                  "Actual Loops": 7,
                  "Inner Unique": true,
                  "Hash Cond": "(ci.movie_id = t.id)",
                  "Plans": [
                    {
                      "Node Type": "Seq Scan",
                      "Parent Relationship": "Outer",
                      "Parallel Aware": true,
                      "Relation Name": "cast_info",
                      "Alias": "ci",
                      "Startup Cost": 0.0,
                      "Total Cost": 313106.51,
                      "Plan Rows": 6041951,
                      "Plan Width": 4,
                      "Actual Startup Time": 0.033,
                      "Actual Total Time": 498.538,
                      "Actual Rows": 5177763,
                      "Actual Loops": 7
                    },
                    {
                      "Node Type": "Hash",
                      "Parent Relationship": "Inner",
                      "Parallel Aware": true,
                      "Startup Cost": 45479.59,
                      "Total Cost": 45479.59,
                      "Plan Rows": 25347,
                      "Plan Width": 4,
                      "Actual Startup Time": 70.934,
                      "Actual Total Time": 70.935,
                      "Actual Rows": 14142,
                      "Actual Loops": 7,
                      "Hash Buckets": 131072,
                      "Original Hash Buckets": 131072,
                      "Hash Batches": 1,
                      "Original Hash Batches": 1,
                      "Peak Memory Usage": 5024,
                      "Plans": [
                        {
                          "Node Type": "Seq Scan",
                          "Parent Relationship": "Outer",
                          "Parallel Aware": true,
                          "Relation Name": "title",
                          "Alias": "t",
                          "Startup Cost": 0.0,
                          "Total Cost": 45479.59,
                          "Plan Rows": 25347,
                          "Plan Width": 4,
                          "Actual Startup Time": 32.397,
                          "Actual Total Time": 64.52,
                          "Actual Rows": 14142,
                          "Actual Loops": 7,
                          "Filter": "((production_year > 2010) AND (kind_id = 1))",
                          "Rows Removed by Filter": 347046
                        }
                      ]
                    }
                  ]
                }
              ]
            }
          ]
        }
      ]
    },
    "Planning Time": 0.252,
    "Triggers": [],
    "Execution Time": 1335.088
  }
]