[
  {
    "Plan": {
      "Node Type": "Aggregate",
      "Strategy": "Plain",
      "Partial Mode": "Finalize",
      "Parallel Aware": false,
      "Startup Cost": 27557.16,
      "Total Cost": 27557.17,
      "Plan Rows": 1,
      "Plan Width": 8,
      "Actual Startup Time": 31.571,
      "Actual Total Time": 35.316,
      "Actual Rows": 1,
      "Actual Loops": 1,
      "Plans": [
        {
          "Node Type": "Gather",
          "Parent Relationship": "Outer",
          "Parallel Aware": false,
          "Startup Cost": 27556.94,
          "Total Cost": 27557.15,
          "Plan Rows": 2,
          "Plan Width": 8,
          "Actual Startup Time": 31.327,
          "Actual Total Time": 35.309,
          "Actual Rows": 3,
          "Actual Loops": 1,
          "Workers Planned": 2,
          "Workers Launched": 2,
          "Single Copy": false,
          "Plans": [
            {
              "Node Type": "Aggregate",
              "Strategy": "Plain",
              "Partial Mode": "Partial",
              "Parent Relationship": "Outer",
              "Parallel Aware": false,
              "Startup Cost": 26556.94,
              "Total Cost": 26556.95,
              "Plan Rows": 1,
              "Plan Width": 8,
              "Actual Startup Time": 22.926,
              "Actual Total Time": 22.928,
              "Actual Rows": 1,
              "Actual Loops": 3,
              "Plans": [
                {
                  "Node Type": "Nested Loop",
                  "Parent Relationship": "Outer",
                  "Parallel Aware": false,
                  "Join Type": "Inner",
                  "Startup Cost": 112.38,
                  "Total Cost": 26555.99,
                  "Plan Rows": 383,
                  "Plan Width": 0,
                  "Actual Startup Time": 1.689,
                  "Actual Total Time": 22.719,
                  "Actual Rows": 651,
                  "Actual Loops": 3,
                  "Inner Unique": true,
                  "Join Filter": "(mc.movie_id = t.id)",
                  "Rows Removed by Join Filter": 0,
                  "Plans": [
                    {
                      "Node Type": "Nested Loop",
                      "Parent Relationship": "Outer",
                      "Parallel Aware": false,
                      "Join Type": "Inner",
                      "Startup Cost": 111.95,
                      "Total Cost": 24859.27,
                      "Plan Rows": 1995,
                      "Plan Width": 8,
                      "Actual Startup Time": 1.524,
                      "Actual Total Time": 13.308,
                      "Actual Rows": 651,
                      "Actual Loops": 3,
                      "Inner Unique": false,
                      "Plans": [
                        {
                          "Node Type": "Bitmap Heap Scan",
                          "Parent Relationship": "Outer",
                          "Parallel Aware": true,
                          "Relation Name": "movie_companies",
                          "Alias": "mc",
                          "Startup Cost": 111.52,
                          "Total Cost": 11437.4,
                          "Plan Rows": 2102,
                          "Plan Width": 4,
                          "Actual Startup Time": 1.319,
                          "Actual Total Time": 3.557,
                          "Actual Rows": 1716,
                          "Actual Loops": 3,
                          "Recheck Cond": "(company_id = 1427)",
                          "Rows Removed by Index Recheck": 0,
                          "Exact Heap Blocks": 777,
                          "Lossy Heap Blocks": 0,
                          "Plans": [
                            {
                              "Node Type": "Bitmap Index Scan",
                              "Parent Relationship": "Outer",
                              "Parallel Aware": false,
                              "Index Name": "company_id_movie_companies",
                              "Startup Cost": 0.0,
                              "Total Cost": 110.26,
                              "Plan Rows": 5044,
                              "Plan Width": 0,
                              "Actual Startup Time": 3.215,
                              "Actual Total Time": 3.216,
                              "Actual Rows": 5148,
                              "Actual Loops": 1,
                              "Index Cond": "(company_id = 1427)"
                            }
                          ]
                        },
                        {
                          "Node Type": "Index Scan",
                          "Parent Relationship": "Inner",
                          "Parallel Aware": false,
                          "Scan Direction": "Forward",
                          "Index Name": "movie_id_movie_info_idx",
                          "Relation Name": "movie_info_idx",
                          "Alias": "mi_idx",
                          "Startup Cost": 0.43,
                          "Total Cost": 6.38,
                          "Plan Rows": 1,
                          "Plan Width": 4,
                          "Actual Startup Time": 0.005,
                          "Actual Total Time": 0.005,
                          "Actual Rows": 0,
                          "Actual Loops": 5148,
                          "Index Cond": "(movie_id = mc.movie_id)",
                          "Rows Removed by Index Recheck": 0,
                          "Filter": "(info_type_id > 100)",
                          "Rows Removed by Filter": 1
                        }
                      ]
                    },
                    {
                      "Node Type": "Index Only Scan",
                      "Parent Relationship": "Inner",
                      "Parallel Aware": false,
                      "Scan Direction": "Forward",
                      "Index Name": "title_pkey",
                      "Relation Name": "title",
                      "Alias": "t",
                      "Startup Cost": 0.43,
                      "Total Cost": 0.84,
                      "Plan Rows": 1,
                      "Plan Width": 4,
                      "Actual Startup Time": 0.013,
                      "Actual Total Time": 0.013,
                      "Actual Rows": 1,
                      "Actual Loops": 1952,
                      "Index Cond": "(id = mi_idx.movie_id)",
                      "Rows Removed by Index Recheck": 0,
                      "Heap Fetches": 1952
                    }
                  ]
                }
              ]
            }
          ]
        }
      ]
    },
    "Planning Time": 1.509,
    "Triggers": [],
    "Execution Time": 35.419
  }
]