[
    {
        "Bao": {
            "Bao prediction": "NaN",
            "Bao recommended hint": "(no hint)"
        }
    },
    {
        "Plan": {
            "Node Type": "Aggregate",
            "Strategy": "Plain",
            "Partial Mode": "Simple",
            "Parallel Aware": false,
            "Startup Cost": 250148.31,
            "Total Cost": 250148.32,
            "Plan Rows": 1,
            "Plan Width": 8,
            "Actual Startup Time": 57.547,
            "Actual Total Time": 57.549,
            "Actual Rows": 1,
            "Actual Loops": 1,
            "Output": [
                "count(*)"
            ],
            "Plans": [
                {
                    "Node Type": "Bitmap Heap Scan",
                    "Parent Relationship": "Outer",
                    "Parallel Aware": false,
                    "Relation Name": "cast_info",
                    "Schema": "public",
                    "Alias": "ci",
                    "Startup Cost": 4006.46,
                    "Total Cost": 249811.06,
                    "Plan Rows": 134901,
                    "Plan Width": 0,
                    "Actual Startup Time": 15.262,
                    "Actual Total Time": 47.438,
                    "Actual Rows": 150532,
                    "Actual Loops": 1,
                    "Recheck Cond": "(ci.person_id < 21321)",
                    "Rows Removed by Index Recheck": 0,
                    "Filter": "(ci.role_id < 5)",
                    "Rows Removed by Filter": 20773,
                    "Exact Heap Blocks": 1881,
                    "Lossy Heap Blocks": 0,
                    "Plans": [
                        {
                            "Node Type": "Bitmap Index Scan",
                            "Parent Relationship": "Outer",
                            "Parallel Aware": false,
                            "Index Name": "person_id_cast_info",
                            "Startup Cost": 0.0,
                            "Total Cost": 3972.73,
                            "Plan Rows": 181889,
                            "Plan Width": 0,
                            "Actual Startup Time": 14.831,
                            "Actual Total Time": 14.832,
                            "Actual Rows": 171305,
                            "Actual Loops": 1,
                            "Index Cond": "(ci.person_id < 21321)"
                        }
                    ]
                }
            ]
        },
        "Planning Time": 276.979,
        "Triggers": [],
        "Execution Time": 57.611
    }
]