[
  {
    "Plan": {
      "Node Type": "Aggregate",
      "Strategy": "Plain",
      "Partial Mode": "Finalize",
      "Parallel Aware": false,
      "Startup Cost": 46480.31,
      "Total Cost": 46480.32,
      "Plan Rows": 1,
      "Plan Width": 8,
      "Actual Startup Time": 97.918,
      "Actual Total Time": 109.648,
      "Actual Rows": 1,
      "Actual Loops": 1,
      "Plans": [
        {
          "Node Type": "Gather",
          "Parent Relationship": "Outer",
          "Parallel Aware": false,
          "Startup Cost": 46479.89,
          "Total Cost": 46480.3,
          "Plan Rows": 4,
          "Plan Width": 8,
          "Actual Startup Time": 97.701,
          "Actual Total Time": 109.639,
          "Actual Rows": 5,
          "Actual Loops": 1,
          "Workers Planned": 4,
          "Workers Launched": 4,
          "Single Copy": false,
          "Plans": [
            {
              "Node Type": "Aggregate",
              "Strategy": "Plain",
              "Partial Mode": "Partial",
              "Parent Relationship": "Outer",
              "Parallel Aware": false,
              "Startup Cost": 45479.89,
              "Total Cost": 45479.9,
              "Plan Rows": 1,
              "Plan Width": 8,
              "Actual Startup Time": 89.116,
              "Actual Total Time": 89.118,
              "Actual Rows": 1,
              "Actual Loops": 5,
              "Plans": [
                {
                  "Node Type": "Seq Scan",
                  "Parent Relationship": "Outer",
                  "Parallel Aware": true,
                  "Relation Name": "title",
                  "Alias": "t",
                  "Startup Cost": 0.0,
                  "Total Cost": 45479.1,
                  "Plan Rows": 318,
                  "Plan Width": 0,
                  "Actual Startup Time": 79.445,
                  "Actual Total Time": 89.111,
                  "Actual Rows": 0,
                  "Actual Loops": 5,
                  "Filter": "((kind_id > 2) AND (production_year = 1935))",
                  "Rows Removed by Filter": 505662
                }
              ]
            }
          ]
        }
      ]
    },
    "Planning Time": 0.156,
    "Triggers": [],
    "Execution Time": 109.7
  }
]