[
  {
    "Plan": {
      "Node Type": "Aggregate",
      "Strategy": "Plain",
      "Partial Mode": "Finalize",
      "Parallel Aware": false,
      "Startup Cost": 46530.12,
      "Total Cost": 46530.13,
      "Plan Rows": 1,
      "Plan Width": 8,
      "Actual Startup Time": 118.673,
      "Actual Total Time": 131.469,
      "Actual Rows": 1,
      "Actual Loops": 1,
      "Plans": [
        {
          "Node Type": "Gather",
          "Parent Relationship": "Outer",
          "Parallel Aware": false,
          "Startup Cost": 46529.7,
          "Total Cost": 46530.11,
          "Plan Rows": 4,
          "Plan Width": 8,
          "Actual Startup Time": 118.405,
          "Actual Total Time": 131.456,
          "Actual Rows": 5,
          "Actual Loops": 1,
          "Workers Planned": 4,
          "Workers Launched": 4,
          "Single Copy": false,
          "Plans": [
            {
              "Node Type": "Aggregate",
              "Strategy": "Plain",
              "Partial Mode": "Partial",
              "Parent Relationship": "Outer",
              "Parallel Aware": false,
              "Startup Cost": 45529.7,
              "Total Cost": 45529.71,
              "Plan Rows": 1,
              "Plan Width": 8,
              "Actual Startup Time": 109.241,
              "Actual Total Time": 109.244,
              "Actual Rows": 1,
              "Actual Loops": 5,
              "Plans": [
                {
                  "Node Type": "Seq Scan",
                  "Parent Relationship": "Outer",
                  "Parallel Aware": true,
                  "Relation Name": "title",
                  "Alias": "t",
                  "Startup Cost": 0.0,
                  "Total Cost": 45479.59,
                  "Plan Rows": 20046,
                  "Plan Width": 0,
                  "Actual Startup Time": 0.058,
                  "Actual Total Time": 107.59,
                  "Actual Rows": 18719,
                  "Actual Loops": 5,
                  "Filter": "((kind_id > 3) AND (production_year = 2007))",
                  "Rows Removed by Filter": 486943
                }
              ]
            }
          ]
        }
      ]
    },
    "Planning Time": 0.1,
    "Triggers": [],
    "Execution Time": 131.5
  }
]