[
  {
    "Plan": {
      "Node Type": "Aggregate",
      "Strategy": "Plain",
      "Partial Mode": "Finalize",
      "Parallel Aware": false,
      "Startup Cost": 310289.21,
      "Total Cost": 310289.22,
      "Plan Rows": 1,
      "Plan Width": 8,
      "Actual Startup Time": 357.112,
      "Actual Total Time": 388.145,
      "Actual Rows": 1,
      "Actual Loops": 1,
      "Plans": [
        {
          "Node Type": "Gather",
          "Parent Relationship": "Outer",
          "Parallel Aware": false,
          "Startup Cost": 310288.59,
          "Total Cost": 310289.2,
          "Plan Rows": 6,
          "Plan Width": 8,
          "Actual Startup Time": 356.802,
          "Actual Total Time": 388.131,
          "Actual Rows": 7,
          "Actual Loops": 1,
          "Workers Planned": 6,
          "Workers Launched": 6,
          "Single Copy": false,
          "Plans": [
            {
              "Node Type": "Aggregate",
              "Strategy": "Plain",
              "Partial Mode": "Partial",
              "Parent Relationship": "Outer",
              "Parallel Aware": false,
              "Startup Cost": 309288.59,
              "Total Cost": 309288.6,
              "Plan Rows": 1,
              "Plan Width": 8,
              "Actual Startup Time": 345.228,
              "Actual Total Time": 345.231,
              "Actual Rows": 1,
              "Actual Loops": 7,
              "Plans": [
                {
                  "Node Type": "Nested Loop",
                  "Parent Relationship": "Outer",
                  "Parallel Aware": false,
                  "Join Type": "Inner",
                  "Startup Cost": 11491.06,
                  "Total Cost": 309265.44,
                  "Plan Rows": 9260,
                  "Plan Width": 0,
                  "Actual Startup Time": 36.664,
                  "Actual Total Time": 343.066,
                  "Actual Rows": 18887,
                  "Actual Loops": 7,
                  "Inner Unique": true,
                  "Plans": [
                    {
                      "Node Type": "Bitmap Heap Scan",
                      "Parent Relationship": "Outer",
                      "Parallel Aware": true,
                      "Relation Name": "cast_info",
                      "Alias": "ci",
                      "Startup Cost": 11490.63,
                      "Total Cost": 265488.35,
                      "Plan Rows": 30615,
                      "Plan Width": 4,
                      "Actual Startup Time": 34.751,
                      "Actual Total Time": 58.605,
                      "Actual Rows": 58737,
                      "Actual Loops": 7,
                      "Recheck Cond": "(person_id < 60068)",
                      "Rows Removed by Index Recheck": 0,
                      "Filter": "(role_id < 2)",
                      "Rows Removed by Filter": 19965,
                      "Exact Heap Blocks": 1191,
                      "Lossy Heap Blocks": 0,
                      "Plans": [
                        {
                          "Node Type": "Bitmap Index Scan",
                          "Parent Relationship": "Outer",
                          "Parallel Aware": false,
                          "Index Name": "person_id_cast_info",
                          "Startup Cost": 0.0,
                          "Total Cost": 11444.71,
                          "Plan Rows": 524286,
                          "Plan Width": 0,
                          "Actual Startup Time": 43.693,
                          "Actual Total Time": 43.693,
                          "Actual Rows": 550913,
                          "Actual Loops": 1,
                          "Index Cond": "(person_id < 60068)"
                        }
                      ]
                    },
                    {
                      "Node Type": "Index Scan",
                      "Parent Relationship": "Inner",
                      "Parallel Aware": false,
                      "Scan Direction": "Forward",
                      "Index Name": "title_pkey",
                      "Relation Name": "title",
                      "Alias": "t",
                      "Startup Cost": 0.43,
                      "Total Cost": 1.43,
                      "Plan Rows": 1,
                      "Plan Width": 4,
                      "Actual Startup Time": 0.005,
                      "Actual Total Time": 0.005,
                      "Actual Rows": 0,
                      "Actual Loops": 411160,
                      "Index Cond": "(id = ci.movie_id)",
                      "Rows Removed by Index Recheck": 0,
                      "Filter": "(production_year < 1994)",
                      "Rows Removed by Filter": 1
                    }
                  ]
                }
              ]
            }
          ]
        }
      ]
    },
    "Planning Time": 0.654,
    "Triggers": [],
    "Execution Time": 388.265
  }
]