[
    {
        "Bao": {
            "Bao prediction": "NaN",
            "Bao recommended hint": "(no hint)"
        }
    },
    {
        "Plan": {
            "Node Type": "Aggregate",
            "Strategy": "Plain",
            "Partial Mode": "Finalize",
            "Parallel Aware": false,
            "Startup Cost": 332870.98,
            "Total Cost": 332870.99,
            "Plan Rows": 1,
            "Plan Width": 8,
            "Actual Startup Time": 592.181,
            "Actual Total Time": 618.402,
            "Actual Rows": 1,
            "Actual Loops": 1,
            "Output": [
                "count(*)"
            ],
            "Plans": [
                {
                    "Node Type": "Gather",
                    "Parent Relationship": "Outer",
                    "Parallel Aware": false,
                    "Startup Cost": 332870.36,
                    "Total Cost": 332870.97,
                    "Plan Rows": 6,
                    "Plan Width": 8,
                    "Actual Startup Time": 592.069,
                    "Actual Total Time": 618.392,
                    "Actual Rows": 7,
                    "Actual Loops": 1,
                    "Output": [
                        "(PARTIAL count(*))"
                    ],
                    "Workers Planned": 6,
                    "Workers Launched": 6,
                    "Single Copy": false,
                    "Plans": [
                        {
                            "Node Type": "Aggregate",
                            "Strategy": "Plain",
                            "Partial Mode": "Partial",
                            "Parent Relationship": "Outer",
                            "Parallel Aware": false,
                            "Startup Cost": 331870.36,
                            "Total Cost": 331870.37,
                            "Plan Rows": 1,
                            "Plan Width": 8,
                            "Actual Startup Time": 582.316,
                            "Actual Total Time": 582.318,
                            "Actual Rows": 1,
                            "Actual Loops": 7,
                            "Output": [
                                "PARTIAL count(*)"
                            ],
                            "Workers": [
                                {
                                    "Worker Number": 0,
                                    "Actual Startup Time": 580.053,
                                    "Actual Total Time": 580.054,
                                    "Actual Rows": 1,
                                    "Actual Loops": 1
                                },
                                {
                                    "Worker Number": 1,
                                    "Actual Startup Time": 580.294,
                                    "Actual Total Time": 580.295,
                                    "Actual Rows": 1,
                                    "Actual Loops": 1
                                },
                                {
                                    "Worker Number": 2,
                                    "Actual Startup Time": 580.199,
                                    "Actual Total Time": 580.2,
                                    "Actual Rows": 1,
                                    "Actual Loops": 1
                                },
                                {
                                    "Worker Number": 3,
                                    "Actual Startup Time": 581.089,
                                    "Actual Total Time": 581.09,
                                    "Actual Rows": 1,
                                    "Actual Loops": 1
                                },
                                {
                                    "Worker Number": 4,
                                    "Actual Startup Time": 581.424,
                                    "Actual Total Time": 581.426,
                                    "Actual Rows": 1,
                                    "Actual Loops": 1
                                },
                                {
                                    "Worker Number": 5,
                                    "Actual Startup Time": 581.658,
                                    "Actual Total Time": 581.659,
                                    "Actual Rows": 1,
                                    "Actual Loops": 1
                                }
                            ],
                            "Plans": [
                                {
                                    "Node Type": "Seq Scan",
                                    "Parent Relationship": "Outer",
                                    "Parallel Aware": true,
                                    "Relation Name": "cast_info",
                                    "Schema": "public",
                                    "Alias": "ci",
                                    "Startup Cost": 0.0,
                                    "Total Cost": 328213.62,
                                    "Plan Rows": 1462696,
                                    "Plan Width": 0,
                                    "Actual Startup Time": 0.054,
                                    "Actual Total Time": 518.554,
                                    "Actual Rows": 1269448,
                                    "Actual Loops": 7,
                                    "Output": [
                                        "id",
                                        "person_id",
                                        "movie_id",
                                        "person_role_id",
                                        "note",
                                        "nr_order",
                                        "role_id"
                                    ],
                                    "Filter": "(ci.person_id < 874716)",
                                    "Rows Removed by Filter": 3908316,
                                    "Workers": [
                                        {
                                            "Worker Number": 0,
                                            "Actual Startup Time": 0.057,
                                            "Actual Total Time": 517.461,
                                            "Actual Rows": 895664,
                                            "Actual Loops": 1
                                        },
                                        {
                                            "Worker Number": 1,
                                            "Actual Startup Time": 0.068,
                                            "Actual Total Time": 518.147,
                                            "Actual Rows": 1294188,
                                            "Actual Loops": 1
                                        },
                                        {
                                            "Worker Number": 2,
                                            "Actual Startup Time": 0.063,
                                            "Actual Total Time": 522.021,
                                            "Actual Rows": 1295377,
                                            "Actual Loops": 1
                                        },
                                        {
                                            "Worker Number": 3,
                                            "Actual Startup Time": 0.058,
                                            "Actual Total Time": 518.417,
                                            "Actual Rows": 901455,
                                            "Actual Loops": 1
                                        },
                                        {
                                            "Worker Number": 4,
                                            "Actual Startup Time": 0.062,
                                            "Actual Total Time": 519.064,
                                            "Actual Rows": 1311727,
                                            "Actual Loops": 1
                                        },
                                        {
                                            "Worker Number": 5,
                                            "Actual Startup Time": 0.06,
                                            "Actual Total Time": 519.216,
                                            "Actual Rows": 1323243,
                                            "Actual Loops": 1
                                        }
                                    ]
                                }
                            ]
                        }
                    ]
                }
            ]
        },
        "Planning Time": 209.985,
        "Triggers": [],
        "Execution Time": 618.489
    }
]