[
  {
    "Plan": {
      "Node Type": "Aggregate",
      "Strategy": "Plain",
      "Partial Mode": "Finalize",
      "Parallel Aware": false,
      "Startup Cost": 136895.75,
      "Total Cost": 136895.76,
      "Plan Rows": 1,
      "Plan Width": 8,
      "Actual Startup Time": 292.29,
      "Actual Total Time": 321.713,
      "Actual Rows": 1,
      "Actual Loops": 1,
      "Plans": [
        {
          "Node Type": "Gather",
          "Parent Relationship": "Outer",
          "Parallel Aware": false,
          "Startup Cost": 136895.33,
          "Total Cost": 136895.74,
          "Plan Rows": 4,
          "Plan Width": 8,
          "Actual Startup Time": 289.595,
          "Actual Total Time": 321.705,
          "Actual Rows": 5,
          "Actual Loops": 1,
          "Workers Planned": 4,
          "Workers Launched": 4,
          "Single Copy": false,
          "Plans": [
            {
              "Node Type": "Aggregate",
              "Strategy": "Plain",
              "Partial Mode": "Partial",
              "Parent Relationship": "Outer",
              "Parallel Aware": false,
              "Startup Cost": 135895.33,
              "Total Cost": 135895.34,
              "Plan Rows": 1,
              "Plan Width": 8,
              "Actual Startup Time": 282.908,
              "Actual Total Time": 282.966,
              "Actual Rows": 1,
              "Actual Loops": 5,
              "Plans": [
                {
                  "Node Type": "Nested Loop",
                  "Parent Relationship": "Outer",
                  "Parallel Aware": false,
                  "Join Type": "Inner",
                  "Startup Cost": 28079.57,
                  "Total Cost": 135581.78,
                  "Plan Rows": 125421,
                  "Plan Width": 0,
                  "Actual Startup Time": 124.013,
                  "Actual Total Time": 282.342,
                  "Actual Rows": 9061,
                  "Actual Loops": 5,
                  "Inner Unique": false,
                  "Plans": [
                    {
                      "Node Type": "Hash Join",
                      "Parent Relationship": "Outer",
                      "Parallel Aware": true,
                      "Join Type": "Inner",
                      "Startup Cost": 28079.01,
                      "Total Cost": 73997.32,
                      "Plan Rows": 25418,
                      "Plan Width": 8,
                      "Actual Startup Time": 117.721,
                      "Actual Total Time": 207.02,
                      "Actual Rows": 1161,
                      "Actual Loops": 5,
                      "Inner Unique": false,
                      "Hash Cond": "(t.id = mc.movie_id)",
                      "Plans": [
                        {
                          "Node Type": "Seq Scan",
                          "Parent Relationship": "Outer",
                          "Parallel Aware": true,
                          "Relation Name": "title",
                          "Alias": "t",
                          "Startup Cost": 0.0,
                          "Total Cost": 43898.92,
                          "Plan Rows": 387482,
                          "Plan Width": 4,
                          "Actual Startup Time": 0.017,
                          "Actual Total Time": 68.999,
                          "Actual Rows": 311173,
                          "Actual Loops": 5,
                          "Filter": "(kind_id > 4)",
                          "Rows Removed by Filter": 194490
                        },
                        {
                          "Node Type": "Hash",
                          "Parent Relationship": "Inner",
                          "Parallel Aware": true,
                          "Startup Cost": 27410.27,
                          "Total Cost": 27410.27,
                          "Plan Rows": 53499,
                          "Plan Width": 4,
                          "Actual Startup Time": 84.529,
                          "Actual Total Time": 84.531,
                          "Actual Rows": 65899,
                          "Actual Loops": 5,
                          "Hash Buckets": 524288,
                          "Original Hash Buckets": 262144,
                          "Hash Batches": 1,
                          "Original Hash Batches": 1,
                          "Peak Memory Usage": 19136,
                          "Plans": [
                            {
                              "Node Type": "Bitmap Heap Scan",
                              "Parent Relationship": "Outer",
                              "Parallel Aware": true,
                              "Relation Name": "movie_companies",
                              "Alias": "mc",
                              "Startup Cost": 7039.73,
                              "Total Cost": 27410.27,
                              "Plan Rows": 53499,
                              "Plan Width": 4,
                              "Actual Startup Time": 19.755,
                              "Actual Total Time": 50.505,
                              "Actual Rows": 65899,
                              "Actual Loops": 5,
                              "Recheck Cond": "(company_id > 90788)",
                              "Rows Removed by Index Recheck": 0,
                              "Filter": "(company_type_id > 1)",
                              "Rows Removed by Filter": 0,
                              "Exact Heap Blocks": 1888,
                              "Lossy Heap Blocks": 0,
                              "Plans": [
                                {
                                  "Node Type": "Bitmap Index Scan",
                                  "Parent Relationship": "Outer",
                                  "Parallel Aware": false,
                                  "Index Name": "company_id_movie_companies",
                                  "Startup Cost": 0.0,
                                  "Total Cost": 6998.27,
                                  "Plan Rows": 326645,
                                  "Plan Width": 0,
                                  "Actual Startup Time": 20.617,
                                  "Actual Total Time": 20.617,
                                  "Actual Rows": 329494,
                                  "Actual Loops": 1,
                                  "Index Cond": "(company_id > 90788)"
                                }
                              ]
                            }
                          ]
                        }
                      ]
                    },
                    {
                      "Node Type": "Index Scan",
                      "Parent Relationship": "Inner",
                      "Parallel Aware": false,
                      "Scan Direction": "Forward",
                      "Index Name": "movie_id_cast_info",
                      "Relation Name": "cast_info",
                      "Alias": "ci",
                      "Startup Cost": 0.56,
                      "Total Cost": 2.29,
                      "Plan Rows": 13,
                      "Plan Width": 4,
                      "Actual Startup Time": 0.016,
                      "Actual Total Time": 0.064,
                      "Actual Rows": 8,
                      "Actual Loops": 5807,
                      "Index Cond": "(movie_id = t.id)",
                      "Rows Removed by Index Recheck": 0,
                      "Filter": "(role_id = 1)",
                      "Rows Removed by Filter": 17
                    }
                  ]
                }
              ]
            }
          ]
        }
      ]
    },
    "Planning Time": 0.879,
    "Triggers": [],
    "Execution Time": 321.79
  }
]