[
  {
    "Plan": {
      "Node Type": "Aggregate",
      "Strategy": "Plain",
      "Partial Mode": "Finalize",
      "Parallel Aware": false,
      "Startup Cost": 122823.39,
      "Total Cost": 122823.4,
      "Plan Rows": 1,
      "Plan Width": 8,
      "Actual Startup Time": 739.787,
      "Actual Total Time": 764.597,
      "Actual Rows": 1,
      "Actual Loops": 1,
      "Plans": [
        {
          "Node Type": "Gather",
          "Parent Relationship": "Outer",
          "Parallel Aware": false,
          "Startup Cost": 122823.07,
          "Total Cost": 122823.38,
          "Plan Rows": 3,
          "Plan Width": 8,
          "Actual Startup Time": 722.317,
          "Actual Total Time": 764.591,
          "Actual Rows": 4,
          "Actual Loops": 1,
          "Workers Planned": 3,
          "Workers Launched": 3,
          "Single Copy": false,
          "Plans": [
            {
              "Node Type": "Aggregate",
              "Strategy": "Plain",
              "Partial Mode": "Partial",
              "Parent Relationship": "Outer",
              "Parallel Aware": false,
              "Startup Cost": 121823.07,
              "Total Cost": 121823.08,
              "Plan Rows": 1,
              "Plan Width": 8,
              "Actual Startup Time": 715.839,
              "Actual Total Time": 715.844,
              "Actual Rows": 1,
              "Actual Loops": 4,
              "Plans": [
                {
                  "Node Type": "Hash Join",
                  "Parent Relationship": "Outer",
                  "Parallel Aware": true,
                  "Join Type": "Inner",
                  "Startup Cost": 90461.46,
                  "Total Cost": 121386.95,
                  "Plan Rows": 174449,
                  "Plan Width": 0,
                  "Actual Startup Time": 487.249,
                  "Actual Total Time": 683.501,
                  "Actual Rows": 773464,
                  "Actual Loops": 4,
                  "Inner Unique": false,
                  "Hash Cond": "(mc.movie_id = t.id)",
                  "Plans": [
                    {
                      "Node Type": "Seq Scan",
                      "Parent Relationship": "Outer",
                      "Parallel Aware": true,
                      "Relation Name": "movie_companies",
                      "Alias": "mc",
                      "Startup Cost": 0.0,
                      "Total Cost": 27206.55,
                      "Plan Rows": 841655,
                      "Plan Width": 4,
                      "Actual Startup Time": 0.02,
                      "Actual Total Time": 51.419,
                      "Actual Rows": 652282,
                      "Actual Loops": 4
                    },
                    {
                      "Node Type": "Hash",
                      "Parent Relationship": "Inner",
                      "Parallel Aware": true,
                      "Startup Cost": 88348.38,
                      "Total Cost": 88348.38,
                      "Plan Rows": 169046,
                      "Plan Width": 8,
                      "Actual Startup Time": 485.8,
                      "Actual Total Time": 485.803,
                      "Actual Rows": 130220,
                      "Actual Loops": 4,
                      "Hash Buckets": 524288,
                      "Original Hash Buckets": 524288,
                      "Hash Batches": 1,
                      "Original Hash Batches": 1,
                      "Peak Memory Usage": 24512,
                      "Plans": [
                        {
                          "Node Type": "Hash Join",
                          "Parent Relationship": "Outer",
                          "Parallel Aware": true,
                          "Join Type": "Inner",
                          "Startup Cost": 61337.56,
                          "Total Cost": 88348.38,
                          "Plan Rows": 169046,
                          "Plan Width": 8,
                          "Actual Startup Time": 348.107,
                          "Actual Total Time": 451.037,
                          "Actual Rows": 130220,
                          "Actual Loops": 4,
                          "Inner Unique": true,
                          "Hash Cond": "(mk.movie_id = t.id)",
                          "Plans": [
                            {
                              "Node Type": "Bitmap Heap Scan",
                              "Parent Relationship": "Outer",
                              "Parallel Aware": true,
                              "Relation Name": "movie_keyword",
                              "Alias": "mk",
                              "Startup Cost": 11117.76,
                              "Total Cost": 37684.83,
                              "Plan Rows": 169046,
                              "Plan Width": 4,
                              "Actual Startup Time": 40.006,
                              "Actual Total Time": 90.135,
                              "Actual Rows": 130220,
                              "Actual Loops": 4,
                              "Recheck Cond": "(keyword_id < 382)",
                              "Rows Removed by Index Recheck": 0,
                              "Exact Heap Blocks": 6348,
                              "Lossy Heap Blocks": 0,
                              "Plans": [
                                {
                                  "Node Type": "Bitmap Index Scan",
                                  "Parent Relationship": "Outer",
                                  "Parallel Aware": false,
                                  "Index Name": "keyword_id_movie_keyword",
                                  "Startup Cost": 0.0,
                                  "Total Cost": 10986.75,
                                  "Plan Rows": 524042,
                                  "Plan Width": 0,
                                  "Actual Startup Time": 36.431,
                                  "Actual Total Time": 36.432,
                                  "Actual Rows": 520878,
                                  "Actual Loops": 1,
                                  "Index Cond": "(keyword_id < 382)"
                                }
                              ]
                            },
                            {
                              "Node Type": "Hash",
                              "Parent Relationship": "Inner",
                              "Parallel Aware": true,
                              "Startup Cost": 42318.81,
                              "Total Cost": 42318.81,
                              "Plan Rows": 632080,
                              "Plan Width": 4,
                              "Actual Startup Time": 302.115,
                              "Actual Total Time": 302.116,
                              "Actual Rows": 632078,
                              "Actual Loops": 4,
                              "Hash Buckets": 4194304,
                              "Original Hash Buckets": 4194304,
                              "Hash Batches": 1,
                              "Original Hash Batches": 1,
                              "Peak Memory Usage": 131744,
                              "Plans": [
                                {
                                  "Node Type": "Seq Scan",
                                  "Parent Relationship": "Outer",
                                  "Parallel Aware": true,
                                  "Relation Name": "title",
                                  "Alias": "t",
                                  "Startup Cost": 0.0,
                                  "Total Cost": 42318.81,
                                  "Plan Rows": 632080,
                                  "Plan Width": 4,
                                  "Actual Startup Time": 0.024,
                                  "Actual Total Time": 87.519,
                                  "Actual Rows": 632078,
                                  "Actual Loops": 4
                                }
                              ]
                            }
                          ]
                        }
                      ]
                    }
                  ]
                }
              ]
            }
          ]
        }
      ]
    },
    "Planning Time": 0.413,
    "Triggers": [],
    "Execution Time": 764.641
  }
]