{
  "Plan": {
    "Node Type": "Aggregate",
    "Strategy": "Plain",
    "Partial Mode": "Simple",
    "Parallel Aware": false,
    "Startup Cost": 259552.4,
    "Total Cost": 259552.41,
    "Plan Rows": 1,
    "Plan Width": 192,
    "Actual Startup Time": 1034.753,
    "Actual Total Time": 1057.443,
    "Actual Rows": 1,
    "Actual Loops": 1,
    "Plans": [
      {
        "Node Type": "Gather",
        "Parent Relationship": "Outer",
        "Parallel Aware": false,
        "Startup Cost": 254656.57,
        "Total Cost": 259552.39,
        "Plan Rows": 1,
        "Plan Width": 84,
        "Actual Startup Time": 1015.179,
        "Actual Total Time": 1057.418,
        "Actual Rows": 8,
        "Actual Loops": 1,
        "Workers Planned": 1,
        "Workers Launched": 1,
        "Single Copy": false,
        "Plans": [
          {
            "Node Type": "Hash Join",
            "Parent Relationship": "Outer",
            "Parallel Aware": true,
            "Join Type": "Inner",
            "Startup Cost": 253656.57,
            "Total Cost": 258552.29,
            "Plan Rows": 1,
            "Plan Width": 84,
            "Actual Startup Time": 1007.961,
            "Actual Total Time": 1026.053,
            "Actual Rows": 4,
            "Actual Loops": 2,
            "Inner Unique": false,
            "Hash Cond": "(cn2.id = mc2.company_id)",
            "Plans": [
              {
                "Node Type": "Seq Scan",
                "Parent Relationship": "Outer",
                "Parallel Aware": true,
                "Relation Name": "company_name",
                "Alias": "cn2",
                "Startup Cost": 0.0,
                "Total Cost": 4377.34,
                "Plan Rows": 138234,
                "Plan Width": 23,
                "Actual Startup Time": 0.006,
                "Actual Total Time": 11.33,
                "Actual Rows": 117498,
                "Actual Loops": 2
              },
              {
                "Node Type": "Hash",
                "Parent Relationship": "Inner",
                "Parallel Aware": true,
                "Startup Cost": 253656.55,
                "Total Cost": 253656.55,
                "Plan Rows": 1,
                "Plan Width": 69,
                "Actual Startup Time": 1005.479,
                "Actual Total Time": 1005.518,
                "Actual Rows": 4,
                "Actual Loops": 2,
                "Hash Buckets": 1024,
                "Original Hash Buckets": 1024,
                "Hash Batches": 1,
                "Original Hash Batches": 1,
                "Peak Memory Usage": 40,
                "Plans": [
                  {
                    "Node Type": "Hash Join",
                    "Parent Relationship": "Outer",
                    "Parallel Aware": true,
                    "Join Type": "Inner",
                    "Startup Cost": 213763.29,
                    "Total Cost": 253656.55,
                    "Plan Rows": 1,
                    "Plan Width": 69,
                    "Actual Startup Time": 908.796,
                    "Actual Total Time": 1005.457,
                    "Actual Rows": 4,
                    "Actual Loops": 2,
                    "Inner Unique": false,
                    "Hash Cond": "(mc2.movie_id = t2.id)",
                    "Plans": [
                      {
                        "Node Type": "Seq Scan",
                        "Parent Relationship": "Outer",
                        "Parallel Aware": true,
                        "Relation Name": "movie_companies",
                        "Alias": "mc2",
                        "Startup Cost": 0.0,
                        "Total Cost": 34137.82,
                        "Plan Rows": 1534782,
                        "Plan Width": 8,
                        "Actual Startup Time": 0.006,
                        "Actual Total Time": 99.946,
                        "Actual Rows": 1304564,
                        "Actual Loops": 2
                      },
                      {
                        "Node Type": "Hash",
                        "Parent Relationship": "Inner",
                        "Parallel Aware": true,
                        "Startup Cost": 213763.28,
                        "Total Cost": 213763.28,
                        "Plan Rows": 1,
                        "Plan Width": 77,
                        "Actual Startup Time": 811.501,
                        "Actual Total Time": 811.538,
                        "Actual Rows": 1,
                        "Actual Loops": 2,
                        "Hash Buckets": 1024,
                        "Original Hash Buckets": 1024,
                        "Hash Batches": 1,
                        "Original Hash Batches": 1,
                        "Peak Memory Usage": 72,
                        "Plans": [
                          {
                            "Node Type": "Hash Join",
                            "Parent Relationship": "Outer",
                            "Parallel Aware": true,
                            "Join Type": "Inner",
                            "Startup Cost": 208850.8,
                            "Total Cost": 213763.28,
                            "Plan Rows": 1,
                            "Plan Width": 77,
                            "Actual Startup Time": 798.783,
                            "Actual Total Time": 811.505,
                            "Actual Rows": 1,
                            "Actual Loops": 2,
                            "Inner Unique": false,
                            "Hash Cond": "(cn1.id = mc1.company_id)",
                            "Plans": [
                              {
                                "Node Type": "Seq Scan",
                                "Parent Relationship": "Outer",
                                "Parallel Aware": true,
                                "Relation Name": "company_name",
                                "Alias": "cn1",
                                "Startup Cost": 0.0,
                                "Total Cost": 4722.92,
                                "Plan Rows": 50548,
                                "Plan Width": 23,
                                "Actual Startup Time": 0.021,
                                "Actual Total Time": 16.151,
                                "Actual Rows": 42422,
                                "Actual Loops": 2,
                                "Filter": "((country_code)::text = '[us]'::text)",
                                "Rows Removed by Filter": 75077
                              },
                              {
                                "Node Type": "Hash",
                                "Parent Relationship": "Inner",
                                "Parallel Aware": true,
                                "Startup Cost": 208850.78,
                                "Total Cost": 208850.78,
                                "Plan Rows": 1,
                                "Plan Width": 62,
                                "Actual Startup Time": 792.546,
                                "Actual Total Time": 792.58,
                                "Actual Rows": 7,
                                "Actual Loops": 2,
                                "Hash Buckets": 1024,
                                "Original Hash Buckets": 1024,
                                "Hash Batches": 1,
                                "Original Hash Batches": 1,
                                "Peak Memory Usage": 72,
                                "Plans": [
                                  {
                                    "Node Type": "Hash Join",
                                    "Parent Relationship": "Outer",
                                    "Parallel Aware": true,
                                    "Join Type": "Inner",
                                    "Startup Cost": 168957.5,
                                    "Total Cost": 208850.78,
                                    "Plan Rows": 1,
                                    "Plan Width": 62,
                                    "Actual Startup Time": 592.796,
                                    "Actual Total Time": 792.547,
                                    "Actual Rows": 7,
                                    "Actual Loops": 2,
                                    "Inner Unique": false,
                                    "Hash Cond": "(mc1.movie_id = ml.movie_id)",
                                    "Plans": [
                                      {
                                        "Node Type": "Seq Scan",
                                        "Parent Relationship": "Outer",
                                        "Parallel Aware": true,
                                        "Relation Name": "movie_companies",
                                        "Alias": "mc1",
                                        "Startup Cost": 0.0,
                                        "Total Cost": 34137.82,
                                        "Plan Rows": 1534782,
                                        "Plan Width": 8,
                                        "Actual Startup Time": 0.018,
                                        "Actual Total Time": 106.78,
                                        "Actual Rows": 1304564,
                                        "Actual Loops": 2
                                      },
                                      {
                                        "Node Type": "Hash",
                                        "Parent Relationship": "Inner",
                                        "Parallel Aware": true,
                                        "Startup Cost": 168957.49,
                                        "Total Cost": 168957.49,
                                        "Plan Rows": 1,
                                        "Plan Width": 70,
                                        "Actual Startup Time": 592.025,
                                        "Actual Total Time": 592.057,
                                        "Actual Rows": 2,
                                        "Actual Loops": 2,
                                        "Hash Buckets": 1024,
                                        "Original Hash Buckets": 1024,
                                        "Hash Batches": 1,
                                        "Original Hash Batches": 1,
                                        "Peak Memory Usage": 72,
                                        "Plans": [
                                          {
                                            "Node Type": "Hash Join",
                                            "Parent Relationship": "Outer",
                                            "Parallel Aware": false,
                                            "Join Type": "Inner",
                                            "Startup Cost": 112508.3,
                                            "Total Cost": 168957.49,
                                            "Plan Rows": 1,
                                            "Plan Width": 70,
                                            "Actual Startup Time": 400.384,
                                            "Actual Total Time": 592.029,
                                            "Actual Rows": 2,
                                            "Actual Loops": 2,
                                            "Inner Unique": true,
                                            "Hash Cond": "(t1.kind_id = kt1.id)",
                                            "Plans": [
                                              {
                                                "Node Type": "Hash Join",
                                                "Parent Relationship": "Outer",
                                                "Parallel Aware": true,
                                                "Join Type": "Inner",
                                                "Startup Cost": 112507.2,
                                                "Total Cost": 168956.39,
                                                "Plan Rows": 1,
                                                "Plan Width": 74,
                                                "Actual Startup Time": 400.287,
                                                "Actual Total Time": 591.927,
                                                "Actual Rows": 2,
                                                "Actual Loops": 2,
                                                "Inner Unique": false,
                                                "Hash Cond": "(t1.id = ml.movie_id)",
                                                "Plans": [
                                                  {
                                                    "Node Type": "Seq Scan",
                                                    "Parent Relationship": "Outer",
                                                    "Parallel Aware": true,
                                                    "Relation Name": "title",
                                                    "Alias": "t1",
                                                    "Startup Cost": 0.0,
                                                    "Total Cost": 50871.58,
                                                    "Plan Rows": 1487358,
                                                    "Plan Width": 25,
                                                    "Actual Startup Time": 0.006,
                                                    "Actual Total Time": 111.656,
                                                    "Actual Rows": 1264156,
                                                    "Actual Loops": 2
                                                  },
                                                  {
                                                    "Node Type": "Hash",
                                                    "Parent Relationship": "Inner",
                                                    "Parallel Aware": true,
                                                    "Startup Cost": 112507.19,
                                                    "Total Cost": 112507.19,
                                                    "Plan Rows": 1,
                                                    "Plan Width": 49,
                                                    "Actual Startup Time": 391.779,
                                                    "Actual Total Time": 391.806,
                                                    "Actual Rows": 2,
                                                    "Actual Loops": 2,
                                                    "Hash Buckets": 1024,
                                                    "Original Hash Buckets": 1024,
                                                    "Hash Batches": 1,
                                                    "Original Hash Batches": 1,
                                                    "Peak Memory Usage": 72,
                                                    "Plans": [
                                                      {
                                                        "Node Type": "Hash Join",
                                                        "Parent Relationship": "Outer",
                                                        "Parallel Aware": false,
                                                        "Join Type": "Inner",
                                                        "Startup Cost": 93410.12,
                                                        "Total Cost": 112507.19,
                                                        "Plan Rows": 1,
                                                        "Plan Width": 49,
                                                        "Actual Startup Time": 290.828,
                                                        "Actual Total Time": 391.752,
                                                        "Actual Rows": 2,
                                                        "Actual Loops": 2,
                                                        "Inner Unique": true,
                                                        "Hash Cond": "(mi_idx1.info_type_id = it1.id)",
                                                        "Plans": [
                                                          {
                                                            "Node Type": "Hash Join",
                                                            "Parent Relationship": "Outer",
                                                            "Parallel Aware": true,
                                                            "Join Type": "Inner",
                                                            "Startup Cost": 93407.69,
                                                            "Total Cost": 112504.76,
                                                            "Plan Rows": 2,
                                                            "Plan Width": 53,
                                                            "Actual Startup Time": 290.745,
                                                            "Actual Total Time": 391.665,
                                                            "Actual Rows": 8,
                                                            "Actual Loops": 2,
                                                            "Inner Unique": false,
                                                            "Hash Cond": "(mi_idx1.movie_id = ml.movie_id)",
                                                            "Plans": [
                                                              {
                                                                "Node Type": "Seq Scan",
                                                                "Parent Relationship": "Outer",
                                                                "Parallel Aware": true,
                                                                "Relation Name": "movie_info_idx",
                                                                "Alias": "mi_idx1",
                                                                "Startup Cost": 0.0,
                                                                "Total Cost": 16052.85,
                                                                "Plan Rows": 811785,
                                                                "Plan Width": 14,
                                                                "Actual Startup Time": 0.008,
                                                                "Actual Total Time": 52.586,
                                                                "Actual Rows": 690018,
                                                                "Actual Loops": 2
                                                              },
                                                              {
                                                                "Node Type": "Hash",
                                                                "Parent Relationship": "Inner",
                                                                "Parallel Aware": true,
                                                                "Startup Cost": 93407.68,
                                                                "Total Cost": 93407.68,
                                                                "Plan Rows": 1,
                                                                "Plan Width": 39,
                                                                "Actual Startup Time": 289.911,
                                                                "Actual Total Time": 289.933,
                                                                "Actual Rows": 3,
                                                                "Actual Loops": 2,
                                                                "Hash Buckets": 1024,
                                                                "Original Hash Buckets": 1024,
                                                                "Hash Batches": 1,
                                                                "Original Hash Batches": 1,
                                                                "Peak Memory Usage": 72,
                                                                "Plans": [
                                                                  {
                                                                    "Node Type": "Hash Join",
                                                                    "Parent Relationship": "Outer",
                                                                    "Parallel Aware": false,
                                                                    "Join Type": "Inner",
                                                                    "Startup Cost": 73827.83,
                                                                    "Total Cost": 93407.68,
                                                                    "Plan Rows": 1,
                                                                    "Plan Width": 39,
                                                                    "Actual Startup Time": 189.517,
                                                                    "Actual Total Time": 289.882,
                                                                    "Actual Rows": 3,
                                                                    "Actual Loops": 2,
                                                                    "Inner Unique": true,
                                                                    "Hash Cond": "(mi_idx2.info_type_id = it2.id)",
                                                                    "Plans": [
                                                                      {
                                                                        "Node Type": "Hash Join",
                                                                        "Parent Relationship": "Outer",
                                                                        "Parallel Aware": true,
                                                                        "Join Type": "Inner",
                                                                        "Startup Cost": 73825.4,
                                                                        "Total Cost": 93405.2,
                                                                        "Plan Rows": 20,
                                                                        "Plan Width": 43,
                                                                        "Actual Startup Time": 188.955,
                                                                        "Actual Total Time": 289.807,
                                                                        "Actual Rows": 58,
                                                                        "Actual Loops": 2,
                                                                        "Inner Unique": false,
                                                                        "Hash Cond": "(mi_idx2.movie_id = t2.id)",
                                                                        "Plans": [
                                                                          {
                                                                            "Node Type": "Seq Scan",
                                                                            "Parent Relationship": "Outer",
                                                                            "Parallel Aware": true,
                                                                            "Relation Name": "movie_info_idx",
                                                                            "Alias": "mi_idx2",
                                                                            "Startup Cost": 0.0,
                                                                            "Total Cost": 18082.32,
                                                                            "Plan Rows": 399297,
                                                                            "Plan Width": 14,
                                                                            "Actual Startup Time": 0.027,
                                                                            "Actual Total Time": 80.222,
                                                                            "Actual Rows": 337414,
                                                                            "Actual Loops": 2,
                                                                            "Filter": "(info < '3.0'::text)",
                                                                            "Rows Removed by Filter": 352604
                                                                          },
                                                                          {
                                                                            "Node Type": "Hash",
                                                                            "Parent Relationship": "Inner",
                                                                            "Parallel Aware": true,
                                                                            "Startup Cost": 73824.47,
                                                                            "Total Cost": 73824.47,
                                                                            "Plan Rows": 75,
                                                                            "Plan Width": 29,
                                                                            "Actual Startup Time": 188.538,
                                                                            "Actual Total Time": 188.554,
                                                                            "Actual Rows": 50,
                                                                            "Actual Loops": 2,
                                                                            "Hash Buckets": 1024,
                                                                            "Original Hash Buckets": 1024,
                                                                            "Hash Batches": 1,
                                                                            "Original Hash Batches": 1,
                                                                            "Peak Memory Usage": 72,
                                                                            "Plans": [
                                                                              {
                                                                                "Node Type": "Hash Join",
                                                                                "Parent Relationship": "Outer",
                                                                                "Parallel Aware": false,
                                                                                "Join Type": "Inner",
                                                                                "Startup Cost": 625.13,
                                                                                "Total Cost": 73824.47,
                                                                                "Plan Rows": 75,
                                                                                "Plan Width": 29,
                                                                                "Actual Startup Time": 14.211,
                                                                                "Actual Total Time": 188.471,
                                                                                "Actual Rows": 50,
                                                                                "Actual Loops": 2,
                                                                                "Inner Unique": true,
                                                                                "Hash Cond": "(t2.kind_id = kt2.id)",
                                                                                "Plans": [
                                                                                  {
                                                                                    "Node Type": "Hash Join",
                                                                                    "Parent Relationship": "Outer",
                                                                                    "Parallel Aware": false,
                                                                                    "Join Type": "Inner",
                                                                                    "Startup Cost": 624.03,
                                                                                    "Total Cost": 73821.16,
                                                                                    "Plan Rows": 523,
                                                                                    "Plan Width": 33,
                                                                                    "Actual Startup Time": 14.167,
                                                                                    "Actual Total Time": 188.394,
                                                                                    "Actual Rows": 122,
                                                                                    "Actual Loops": 2,
                                                                                    "Inner Unique": false,
                                                                                    "Hash Cond": "(t2.id = ml.linked_movie_id)",
                                                                                    "Plans": [
                                                                                      {
                                                                                        "Node Type": "Seq Scan",
                                                                                        "Parent Relationship": "Outer",
                                                                                        "Parallel Aware": true,
                                                                                        "Relation Name": "title",
                                                                                        "Alias": "t2",
                                                                                        "Startup Cost": 0.0,
                                                                                        "Total Cost": 58308.37,
                                                                                        "Plan Rows": 264596,
                                                                                        "Plan Width": 25,
                                                                                        "Actual Startup Time": 0.029,
                                                                                        "Actual Total Time": 155.734,
                                                                                        "Actual Rows": 222930,
                                                                                        "Actual Loops": 2,
                                                                                        "Filter": "((production_year >= 2005) AND (production_year <= 2008))",
                                                                                        "Rows Removed by Filter": 1041226
                                                                                      },
                                                                                      {
                                                                                        "Node Type": "Hash",
                                                                                        "Parent Relationship": "Inner",
                                                                                        "Parallel Aware": false,
                                                                                        "Startup Cost": 561.53,
                                                                                        "Total Cost": 561.53,
                                                                                        "Plan Rows": 5000,
                                                                                        "Plan Width": 8,
                                                                                        "Actual Startup Time": 12.792,
                                                                                        "Actual Total Time": 12.805,
                                                                                        "Actual Rows": 2315,
                                                                                        "Actual Loops": 2,
                                                                                        "Hash Buckets": 8192,
                                                                                        "Original Hash Buckets": 8192,
                                                                                        "Hash Batches": 1,
                                                                                        "Original Hash Batches": 1,
                                                                                        "Peak Memory Usage": 155,
                                                                                        "Plans": [
                                                                                          {
                                                                                            "Node Type": "Hash Join",
                                                                                            "Parent Relationship": "Outer",
                                                                                            "Parallel Aware": false,
                                                                                            "Join Type": "Inner",
                                                                                            "Startup Cost": 1.29,
                                                                                            "Total Cost": 561.53,
                                                                                            "Plan Rows": 5000,
                                                                                            "Plan Width": 8,
                                                                                            "Actual Startup Time": 0.124,
                                                                                            "Actual Total Time": 12.031,
                                                                                            "Actual Rows": 2315,
                                                                                            "Actual Loops": 2,
                                                                                            "Inner Unique": true,
                                                                                            "Hash Cond": "(ml.link_type_id = lt.id)",
                                                                                            "Plans": [
                                                                                              {
                                                                                                "Node Type": "Seq Scan",
                                                                                                "Parent Relationship": "Outer",
                                                                                                "Parallel Aware": false,
                                                                                                "Relation Name": "movie_link",
                                                                                                "Alias": "ml",
                                                                                                "Startup Cost": 0.0,
                                                                                                "Total Cost": 462.97,
                                                                                                "Plan Rows": 29997,
                                                                                                "Plan Width": 12,
                                                                                                "Actual Startup Time": 0.033,
                                                                                                "Actual Total Time": 5.926,
                                                                                                "Actual Rows": 29997,
                                                                                                "Actual Loops": 2
                                                                                              },
                                                                                              {
                                                                                                "Node Type": "Hash",
                                                                                                "Parent Relationship": "Inner",
                                                                                                "Parallel Aware": false,
                                                                                                "Startup Cost": 1.25,
                                                                                                "Total Cost": 1.25,
                                                                                                "Plan Rows": 3,
                                                                                                "Plan Width": 4,
                                                                                                "Actual Startup Time": 0.045,
                                                                                                "Actual Total Time": 0.046,
                                                                                                "Actual Rows": 2,
                                                                                                "Actual Loops": 2,
                                                                                                "Hash Buckets": 1024,
                                                                                                "Original Hash Buckets": 1024,
                                                                                                "Hash Batches": 1,
                                                                                                "Original Hash Batches": 1,
                                                                                                "Peak Memory Usage": 9,
                                                                                                "Plans": [
                                                                                                  {
                                                                                                    "Node Type": "Seq Scan",
                                                                                                    "Parent Relationship": "Outer",
                                                                                                    "Parallel Aware": false,
                                                                                                    "Relation Name": "link_type",
                                                                                                    "Alias": "lt",
                                                                                                    "Startup Cost": 0.0,
                                                                                                    "Total Cost": 1.25,
                                                                                                    "Plan Rows": 3,
                                                                                                    "Plan Width": 4,
                                                                                                    "Actual Startup Time": 0.028,
                                                                                                    "Actual Total Time": 0.036,
                                                                                                    "Actual Rows": 2,
                                                                                                    "Actual Loops": 2,
                                                                                                    "Filter": "((link)::text = ANY ('{sequel,follows,\"followed by\"}'::text[]))",
                                                                                                    "Rows Removed by Filter": 16
                                                                                                  }
                                                                                                ]
                                                                                              }
                                                                                            ]
                                                                                          }
                                                                                        ]
                                                                                      }
                                                                                    ]
                                                                                  },
                                                                                  {
                                                                                    "Node Type": "Hash",
                                                                                    "Parent Relationship": "Inner",
                                                                                    "Parallel Aware": false,
                                                                                    "Startup Cost": 1.09,
                                                                                    "Total Cost": 1.09,
                                                                                    "Plan Rows": 1,
                                                                                    "Plan Width": 4,
                                                                                    "Actual Startup Time": 0.02,
                                                                                    "Actual Total Time": 0.02,
                                                                                    "Actual Rows": 1,
                                                                                    "Actual Loops": 2,
                                                                                    "Hash Buckets": 1024,
                                                                                    "Original Hash Buckets": 1024,
                                                                                    "Hash Batches": 1,
                                                                                    "Original Hash Batches": 1,
                                                                                    "Peak Memory Usage": 9,
                                                                                    "Plans": [
                                                                                      {
                                                                                        "Node Type": "Seq Scan",
                                                                                        "Parent Relationship": "Outer",
                                                                                        "Parallel Aware": false,
                                                                                        "Relation Name": "kind_type",
                                                                                        "Alias": "kt2",
                                                                                        "Startup Cost": 0.0,
                                                                                        "Total Cost": 1.09,
                                                                                        "Plan Rows": 1,
                                                                                        "Plan Width": 4,
                                                                                        "Actual Startup Time": 0.01,
                                                                                        "Actual Total Time": 0.012,
                                                                                        "Actual Rows": 1,
                                                                                        "Actual Loops": 2,
                                                                                        "Filter": "((kind)::text = 'tv series'::text COLLATE \"C\")",
                                                                                        "Rows Removed by Filter": 6
                                                                                      }
                                                                                    ]
                                                                                  }
                                                                                ]
                                                                              }
                                                                            ]
                                                                          }
                                                                        ]
                                                                      },
                                                                      {
                                                                        "Node Type": "Hash",
                                                                        "Parent Relationship": "Inner",
                                                                        "Parallel Aware": false,
                                                                        "Startup Cost": 2.41,
                                                                        "Total Cost": 2.41,
                                                                        "Plan Rows": 1,
                                                                        "Plan Width": 4,
                                                                        "Actual Startup Time": 0.038,
                                                                        "Actual Total Time": 0.039,
                                                                        "Actual Rows": 1,
                                                                        "Actual Loops": 2,
                                                                        "Hash Buckets": 1024,
                                                                        "Original Hash Buckets": 1024,
                                                                        "Hash Batches": 1,
                                                                        "Original Hash Batches": 1,
                                                                        "Peak Memory Usage": 9,
                                                                        "Plans": [
                                                                          {
                                                                            "Node Type": "Seq Scan",
                                                                            "Parent Relationship": "Outer",
                                                                            "Parallel Aware": false,
                                                                            "Relation Name": "info_type",
                                                                            "Alias": "it2",
                                                                            "Startup Cost": 0.0,
                                                                            "Total Cost": 2.41,
                                                                            "Plan Rows": 1,
                                                                            "Plan Width": 4,
                                                                            "Actual Startup Time": 0.029,
                                                                            "Actual Total Time": 0.033,
                                                                            "Actual Rows": 1,
                                                                            "Actual Loops": 2,
                                                                            "Filter": "((info)::text = 'rating'::text COLLATE \"C\")",
                                                                            "Rows Removed by Filter": 112
                                                                          }
                                                                        ]
                                                                      }
                                                                    ]
                                                                  }
                                                                ]
                                                              }
                                                            ]
                                                          },
                                                          {
                                                            "Node Type": "Hash",
                                                            "Parent Relationship": "Inner",
                                                            "Parallel Aware": false,
                                                            "Startup Cost": 2.41,
                                                            "Total Cost": 2.41,
                                                            "Plan Rows": 1,
                                                            "Plan Width": 4,
                                                            "Actual Startup Time": 0.056,
                                                            "Actual Total Time": 0.057,
                                                            "Actual Rows": 1,
                                                            "Actual Loops": 2,
                                                            "Hash Buckets": 1024,
                                                            "Original Hash Buckets": 1024,
                                                            "Hash Batches": 1,
                                                            "Original Hash Batches": 1,
                                                            "Peak Memory Usage": 9,
                                                            "Plans": [
                                                              {
                                                                "Node Type": "Seq Scan",
                                                                "Parent Relationship": "Outer",
                                                                "Parallel Aware": false,
                                                                "Relation Name": "info_type",
                                                                "Alias": "it1",
                                                                "Startup Cost": 0.0,
                                                                "Total Cost": 2.41,
                                                                "Plan Rows": 1,
                                                                "Plan Width": 4,
                                                                "Actual Startup Time": 0.046,
                                                                "Actual Total Time": 0.05,
                                                                "Actual Rows": 1,
                                                                "Actual Loops": 2,
                                                                "Filter": "((info)::text = 'rating'::text COLLATE \"C\")",
                                                                "Rows Removed by Filter": 112
                                                              }
                                                            ]
                                                          }
                                                        ]
                                                      }
                                                    ]
                                                  }
                                                ]
                                              },
                                              {
                                                "Node Type": "Hash",
                                                "Parent Relationship": "Inner",
                                                "Parallel Aware": false,
                                                "Startup Cost": 1.09,
                                                "Total Cost": 1.09,
                                                "Plan Rows": 1,
                                                "Plan Width": 4,
                                                "Actual Startup Time": 0.062,
                                                "Actual Total Time": 0.063,
                                                "Actual Rows": 1,
                                                "Actual Loops": 2,
                                                "Hash Buckets": 1024,
                                                "Original Hash Buckets": 1024,
                                                "Hash Batches": 1,
                                                "Original Hash Batches": 1,
                                                "Peak Memory Usage": 9,
                                                "Plans": [
                                                  {
                                                    "Node Type": "Seq Scan",
                                                    "Parent Relationship": "Outer",
                                                    "Parallel Aware": false,
                                                    "Relation Name": "kind_type",
                                                    "Alias": "kt1",
                                                    "Startup Cost": 0.0,
                                                    "Total Cost": 1.09,
                                                    "Plan Rows": 1,
                                                    "Plan Width": 4,
                                                    "Actual Startup Time": 0.043,
                                                    "Actual Total Time": 0.046,
                                                    "Actual Rows": 1,
                                                    "Actual Loops": 2,
                                                    "Filter": "((kind)::text = 'tv series'::text COLLATE \"C\")",
                                                    "Rows Removed by Filter": 6
                                                  }
                                                ]
                                              }
                                            ]
                                          }
                                        ]
                                      }
                                    ]
                                  }
                                ]
                              }
                            ]
                          }
                        ]
                      }
                    ]
                  }
                ]
              }
            ]
          }
        ]
      }
    ]
  },
  "Planning Time": 2.992,
  "Triggers": [],
  "Execution Time": 1057.696
}