[
    {
        "Bao": {
            "Bao prediction": "NaN",
            "Bao recommended hint": "(no hint)"
        }
    },
    {
        "Plan": {
            "Node Type": "Aggregate",
            "Strategy": "Plain",
            "Partial Mode": "Finalize",
            "Parallel Aware": false,
            "Startup Cost": 300905.82,
            "Total Cost": 300905.83,
            "Plan Rows": 1,
            "Plan Width": 8,
            "Actual Startup Time": 290.511,
            "Actual Total Time": 298.827,
            "Actual Rows": 1,
            "Actual Loops": 1,
            "Output": [
                "count(*)"
            ],
            "Plans": [
                {
                    "Node Type": "Gather",
                    "Parent Relationship": "Outer",
                    "Parallel Aware": false,
                    "Startup Cost": 300905.19,
                    "Total Cost": 300905.8,
                    "Plan Rows": 6,
                    "Plan Width": 8,
                    "Actual Startup Time": 289.262,
                    "Actual Total Time": 298.816,
                    "Actual Rows": 7,
                    "Actual Loops": 1,
                    "Output": [
                        "(PARTIAL count(*))"
                    ],
                    "Workers Planned": 6,
                    "Workers Launched": 6,
                    "Single Copy": false,
                    "Plans": [
                        {
                            "Node Type": "Aggregate",
                            "Strategy": "Plain",
                            "Partial Mode": "Partial",
                            "Parent Relationship": "Outer",
                            "Parallel Aware": false,
                            "Startup Cost": 299905.19,
                            "Total Cost": 299905.2,
                            "Plan Rows": 1,
                            "Plan Width": 8,
                            "Actual Startup Time": 275.878,
                            "Actual Total Time": 275.88,
                            "Actual Rows": 1,
                            "Actual Loops": 7,
                            "Output": [
                                "PARTIAL count(*)"
                            ],
                            "Workers": [
                                {
                                    "Worker Number": 0,
                                    "Actual Startup Time": 273.347,
                                    "Actual Total Time": 273.348,
                                    "Actual Rows": 1,
                                    "Actual Loops": 1
                                },
                                {
                                    "Worker Number": 1,
                                    "Actual Startup Time": 273.296,
                                    "Actual Total Time": 273.297,
                                    "Actual Rows": 1,
                                    "Actual Loops": 1
                                },
                                {
                                    "Worker Number": 2,
                                    "Actual Startup Time": 273.535,
                                    "Actual Total Time": 273.537,
                                    "Actual Rows": 1,
                                    "Actual Loops": 1
                                },
                                {
                                    "Worker Number": 3,
                                    "Actual Startup Time": 273.606,
                                    "Actual Total Time": 273.608,
                                    "Actual Rows": 1,
                                    "Actual Loops": 1
                                },
                                {
                                    "Worker Number": 4,
                                    "Actual Startup Time": 274.068,
                                    "Actual Total Time": 274.069,
                                    "Actual Rows": 1,
                                    "Actual Loops": 1
                                },
                                {
                                    "Worker Number": 5,
                                    "Actual Startup Time": 274.901,
                                    "Actual Total Time": 274.903,
                                    "Actual Rows": 1,
                                    "Actual Loops": 1
                                }
                            ],
                            "Plans": [
                                {
                                    "Node Type": "Bitmap Heap Scan",
                                    "Parent Relationship": "Outer",
                                    "Parallel Aware": true,
                                    "Relation Name": "cast_info",
                                    "Schema": "public",
                                    "Alias": "ci",
                                    "Startup Cost": 42071.02,
                                    "Total Cost": 299552.26,
                                    "Plan Rows": 141174,
                                    "Plan Width": 0,
                                    "Actual Startup Time": 121.911,
                                    "Actual Total Time": 253.993,
                                    "Actual Rows": 288734,
                                    "Actual Loops": 7,
                                    "Recheck Cond": "(ci.person_id > 3665133)",
                                    "Rows Removed by Index Recheck": 0,
                                    "Filter": "(ci.role_id > 2)",
                                    "Rows Removed by Filter": 0,
                                    "Exact Heap Blocks": 4727,
                                    "Lossy Heap Blocks": 0,
                                    "Workers": [
                                        {
                                            "Worker Number": 0,
                                            "Actual Startup Time": 119.691,
                                            "Actual Total Time": 251.549,
                                            "Actual Rows": 284756,
                                            "Actual Loops": 1
                                        },
                                        {
                                            "Worker Number": 1,
                                            "Actual Startup Time": 119.634,
                                            "Actual Total Time": 251.616,
                                            "Actual Rows": 285022,
                                            "Actual Loops": 1
                                        },
                                        {
                                            "Worker Number": 2,
                                            "Actual Startup Time": 119.499,
                                            "Actual Total Time": 252.548,
                                            "Actual Rows": 277602,
                                            "Actual Loops": 1
                                        },
                                        {
                                            "Worker Number": 3,
                                            "Actual Startup Time": 119.577,
                                            "Actual Total Time": 252.507,
                                            "Actual Rows": 277359,
                                            "Actual Loops": 1
                                        },
                                        {
                                            "Worker Number": 4,
                                            "Actual Startup Time": 120.26,
                                            "Actual Total Time": 252.086,
                                            "Actual Rows": 288051,
                                            "Actual Loops": 1
                                        },
                                        {
                                            "Worker Number": 5,
                                            "Actual Startup Time": 120.829,
                                            "Actual Total Time": 253.175,
                                            "Actual Rows": 285242,
                                            "Actual Loops": 1
                                        }
                                    ],
                                    "Plans": [
                                        {
                                            "Node Type": "Bitmap Index Scan",
                                            "Parent Relationship": "Outer",
                                            "Parallel Aware": false,
                                            "Index Name": "person_id_cast_info",
                                            "Startup Cost": 0.0,
                                            "Total Cost": 41859.26,
                                            "Plan Rows": 1917693,
                                            "Plan Width": 0,
                                            "Actual Startup Time": 126.495,
                                            "Actual Total Time": 126.496,
                                            "Actual Rows": 2021140,
                                            "Actual Loops": 1,
                                            "Index Cond": "(ci.person_id > 3665133)"
                                        }
                                    ]
                                }
                            ]
                        }
                    ]
                }
            ]
        },
        "Planning Time": 283.779,
        "Triggers": [],
        "Execution Time": 298.947
    }
]