[
  {
    "Plan": {
      "Node Type": "Aggregate",
      "Strategy": "Plain",
      "Partial Mode": "Finalize",
      "Parallel Aware": false,
      "Startup Cost": 47378.31,
      "Total Cost": 47378.32,
      "Plan Rows": 1,
      "Plan Width": 8,
      "Actual Startup Time": 106.005,
      "Actual Total Time": 118.934,
      "Actual Rows": 1,
      "Actual Loops": 1,
      "Plans": [
        {
          "Node Type": "Gather",
          "Parent Relationship": "Outer",
          "Parallel Aware": false,
          "Startup Cost": 47377.89,
          "Total Cost": 47378.3,
          "Plan Rows": 4,
          "Plan Width": 8,
          "Actual Startup Time": 105.721,
          "Actual Total Time": 118.917,
          "Actual Rows": 5,
          "Actual Loops": 1,
          "Workers Planned": 4,
          "Workers Launched": 4,
          "Single Copy": false,
          "Plans": [
            {
              "Node Type": "Aggregate",
              "Strategy": "Plain",
              "Partial Mode": "Partial",
              "Parent Relationship": "Outer",
              "Parallel Aware": false,
              "Startup Cost": 46377.89,
              "Total Cost": 46377.9,
              "Plan Rows": 1,
              "Plan Width": 8,
              "Actual Startup Time": 101.913,
              "Actual Total Time": 101.915,
              "Actual Rows": 1,
              "Actual Loops": 5,
              "Plans": [
                {
                  "Node Type": "Seq Scan",
                  "Parent Relationship": "Outer",
                  "Parallel Aware": true,
                  "Relation Name": "title",
                  "Alias": "t",
                  "Startup Cost": 0.0,
                  "Total Cost": 45479.59,
                  "Plan Rows": 359320,
                  "Plan Width": 0,
                  "Actual Startup Time": 0.023,
                  "Actual Total Time": 87.978,
                  "Actual Rows": 310075,
                  "Actual Loops": 5,
                  "Filter": "((kind_id > 1) AND (production_year > 1980))",
                  "Rows Removed by Filter": 195587
                }
              ]
            }
          ]
        }
      ]
    },
    "Planning Time": 0.083,
    "Triggers": [],
    "Execution Time": 118.963
  }
]