[
  {
    "Plan": {
      "Node Type": "Aggregate",
      "Strategy": "Plain",
      "Partial Mode": "Finalize",
      "Parallel Aware": false,
      "Startup Cost": 46360.98,
      "Total Cost": 46360.99,
      "Plan Rows": 1,
      "Plan Width": 8,
      "Actual Startup Time": 170.897,
      "Actual Total Time": 181.161,
      "Actual Rows": 1,
      "Actual Loops": 1,
      "Plans": [
        {
          "Node Type": "Gather",
          "Parent Relationship": "Outer",
          "Parallel Aware": false,
          "Startup Cost": 46360.67,
          "Total Cost": 46360.98,
          "Plan Rows": 3,
          "Plan Width": 8,
          "Actual Startup Time": 170.733,
          "Actual Total Time": 181.151,
          "Actual Rows": 4,
          "Actual Loops": 1,
          "Workers Planned": 3,
          "Workers Launched": 3,
          "Single Copy": false,
          "Plans": [
            {
              "Node Type": "Aggregate",
              "Strategy": "Plain",
              "Partial Mode": "Partial",
              "Parent Relationship": "Outer",
              "Parallel Aware": false,
              "Startup Cost": 45360.67,
              "Total Cost": 45360.68,
              "Plan Rows": 1,
              "Plan Width": 8,
              "Actual Startup Time": 164.123,
              "Actual Total Time": 164.124,
              "Actual Rows": 1,
              "Actual Loops": 4,
              "Plans": [
                {
                  "Node Type": "Seq Scan",
                  "Parent Relationship": "Outer",
                  "Parallel Aware": true,
                  "Relation Name": "movie_keyword",
                  "Alias": "mk",
                  "Startup Cost": 0.0,
                  "Total Cost": 42695.65,
                  "Plan Rows": 1066005,
                  "Plan Width": 0,
                  "Actual Startup Time": 0.052,
                  "Actual Total Time": 126.032,
                  "Actual Rows": 824859,
                  "Actual Loops": 4,
                  "Filter": "(keyword_id < 14844)",
                  "Rows Removed by Filter": 306124
                }
              ]
            }
          ]
        }
      ]
    },
    "Planning Time": 0.101,
    "Triggers": [],
    "Execution Time": 181.196
  }
]