[
  {
    "Plan": {
      "Node Type": "Aggregate",
      "Strategy": "Plain",
      "Partial Mode": "Finalize",
      "Parallel Aware": false,
      "Startup Cost": 32655.26,
      "Total Cost": 32655.27,
      "Plan Rows": 1,
      "Plan Width": 8,
      "Actual Startup Time": 81.011,
      "Actual Total Time": 88.595,
      "Actual Rows": 1,
      "Actual Loops": 1,
      "Plans": [
        {
          "Node Type": "Gather",
          "Parent Relationship": "Outer",
          "Parallel Aware": false,
          "Startup Cost": 32654.94,
          "Total Cost": 32655.25,
          "Plan Rows": 3,
          "Plan Width": 8,
          "Actual Startup Time": 80.911,
          "Actual Total Time": 88.586,
          "Actual Rows": 4,
          "Actual Loops": 1,
          "Workers Planned": 3,
          "Workers Launched": 3,
          "Single Copy": false,
          "Plans": [
            {
              "Node Type": "Aggregate",
              "Strategy": "Plain",
              "Partial Mode": "Partial",
              "Parent Relationship": "Outer",
              "Parallel Aware": false,
              "Startup Cost": 31654.94,
              "Total Cost": 31654.95,
              "Plan Rows": 1,
              "Plan Width": 8,
              "Actual Startup Time": 74.838,
              "Actual Total Time": 74.839,
              "Actual Rows": 1,
              "Actual Loops": 4,
              "Plans": [
                {
                  "Node Type": "Seq Scan",
                  "Parent Relationship": "Outer",
                  "Parallel Aware": true,
                  "Relation Name": "movie_companies",
                  "Alias": "mc",
                  "Startup Cost": 0.0,
                  "Total Cost": 31414.82,
                  "Plan Rows": 96048,
                  "Plan Width": 0,
                  "Actual Startup Time": 0.043,
                  "Actual Total Time": 68.267,
                  "Actual Rows": 108614,
                  "Actual Loops": 4,
                  "Filter": "((company_id < 699) AND (company_type_id < 2))",
                  "Rows Removed by Filter": 543668
                }
              ]
            }
          ]
        }
      ]
    },
    "Planning Time": 0.122,
    "Triggers": [],
    "Execution Time": 88.628
  }
]