[
  {
    "Plan": {
      "Node Type": "Aggregate",
      "Strategy": "Plain",
      "Partial Mode": "Finalize",
      "Parallel Aware": false,
      "Startup Cost": 78192.38,
      "Total Cost": 78192.39,
      "Plan Rows": 1,
      "Plan Width": 8,
      "Actual Startup Time": 236.832,
      "Actual Total Time": 252.162,
      "Actual Rows": 1,
      "Actual Loops": 1,
      "Plans": [
        {
          "Node Type": "Gather",
          "Parent Relationship": "Outer",
          "Parallel Aware": false,
          "Startup Cost": 78192.07,
          "Total Cost": 78192.38,
          "Plan Rows": 3,
          "Plan Width": 8,
          "Actual Startup Time": 232.286,
          "Actual Total Time": 252.152,
          "Actual Rows": 4,
          "Actual Loops": 1,
          "Workers Planned": 3,
          "Workers Launched": 3,
          "Single Copy": false,
          "Plans": [
            {
              "Node Type": "Aggregate",
              "Strategy": "Plain",
              "Partial Mode": "Partial",
              "Parent Relationship": "Outer",
              "Parallel Aware": false,
              "Startup Cost": 77192.07,
              "Total Cost": 77192.08,
              "Plan Rows": 1,
              "Plan Width": 8,
              "Actual Startup Time": 227.533,
              "Actual Total Time": 227.536,
              "Actual Rows": 1,
              "Actual Loops": 4,
              "Plans": [
                {
                  "Node Type": "Hash Join",
                  "Parent Relationship": "Outer",
                  "Parallel Aware": true,
                  "Join Type": "Inner",
                  "Startup Cost": 51427.07,
                  "Total Cost": 77137.83,
                  "Plan Rows": 21695,
                  "Plan Width": 0,
                  "Actual Startup Time": 178.614,
                  "Actual Total Time": 225.765,
                  "Actual Rows": 35750,
                  "Actual Loops": 4,
                  "Inner Unique": true,
                  "Hash Cond": "(mk.movie_id = t.id)",
                  "Plans": [
                    {
                      "Node Type": "Bitmap Heap Scan",
                      "Parent Relationship": "Outer",
                      "Parallel Aware": true,
                      "Relation Name": "movie_keyword",
                      "Alias": "mk",
                      "Startup Cost": 5464.71,
                      "Total Cost": 30957.35,
                      "Plan Rows": 83092,
                      "Plan Width": 4,
                      "Actual Startup Time": 21.645,
                      "Actual Total Time": 64.945,
                      "Actual Rows": 63157,
                      "Actual Loops": 4,
                      "Recheck Cond": "(keyword_id < 217)",
                      "Rows Removed by Index Recheck": 0,
                      "Exact Heap Blocks": 7905,
                      "Lossy Heap Blocks": 0,
                      "Plans": [
                        {
                          "Node Type": "Bitmap Index Scan",
                          "Parent Relationship": "Outer",
                          "Parallel Aware": false,
                          "Index Name": "keyword_id_movie_keyword",
                          "Startup Cost": 0.0,
                          "Total Cost": 5400.31,
                          "Plan Rows": 257584,
                          "Plan Width": 0,
                          "Actual Startup Time": 17.848,
                          "Actual Total Time": 17.849,
                          "Actual Rows": 252629,
                          "Actual Loops": 1,
                          "Index Cond": "(keyword_id < 217)"
                        }
                      ]
                    },
                    {
                      "Node Type": "Hash",
                      "Parent Relationship": "Inner",
                      "Parallel Aware": true,
                      "Startup Cost": 43899.32,
                      "Total Cost": 43899.32,
                      "Plan Rows": 165043,
                      "Plan Width": 4,
                      "Actual Startup Time": 136.64,
                      "Actual Total Time": 136.641,
                      "Actual Rows": 165706,
                      "Actual Loops": 4,
                      "Hash Buckets": 1048576,
                      "Original Hash Buckets": 1048576,
                      "Hash Batches": 1,
                      "Original Hash Batches": 1,
                      "Peak Memory Usage": 34208,
                      "Plans": [
                        {
                          "Node Type": "Seq Scan",
                          "Parent Relationship": "Outer",
                          "Parallel Aware": true,
                          "Relation Name": "title",
                          "Alias": "t",
                          "Startup Cost": 0.0,
                          "Total Cost": 43899.32,
                          "Plan Rows": 165043,
                          "Plan Width": 4,
                          "Actual Startup Time": 35.061,
                          "Actual Total Time": 86.095,
                          "Actual Rows": 165706,
                          "Actual Loops": 4,
                          "Filter": "(kind_id = 1)",
                          "Rows Removed by Filter": 466372
                        }
                      ]
                    }
                  ]
                }
              ]
            }
          ]
        }
      ]
    },
    "Planning Time": 0.26,
    "Triggers": [],
    "Execution Time": 252.221
  }
]