[
  {
    "Plan": {
      "Node Type": "Aggregate",
      "Strategy": "Plain",
      "Partial Mode": "Finalize",
      "Parallel Aware": false,
      "Startup Cost": 83177.71,
      "Total Cost": 83177.72,
      "Plan Rows": 1,
      "Plan Width": 8,
      "Actual Startup Time": 325.777,
      "Actual Total Time": 340.96,
      "Actual Rows": 1,
      "Actual Loops": 1,
      "Plans": [
        {
          "Node Type": "Gather",
          "Parent Relationship": "Outer",
          "Parallel Aware": false,
          "Startup Cost": 83177.29,
          "Total Cost": 83177.7,
          "Plan Rows": 4,
          "Plan Width": 8,
          "Actual Startup Time": 322.735,
          "Actual Total Time": 340.95,
          "Actual Rows": 5,
          "Actual Loops": 1,
          "Workers Planned": 4,
          "Workers Launched": 4,
          "Single Copy": false,
          "Plans": [
            {
              "Node Type": "Aggregate",
              "Strategy": "Plain",
              "Partial Mode": "Partial",
              "Parent Relationship": "Outer",
              "Parallel Aware": false,
              "Startup Cost": 82177.29,
              "Total Cost": 82177.3,
              "Plan Rows": 1,
              "Plan Width": 8,
              "Actual Startup Time": 313.511,
              "Actual Total Time": 313.514,
              "Actual Rows": 1,
              "Actual Loops": 5,
              "Plans": [
                {
                  "Node Type": "Hash Join",
                  "Parent Relationship": "Outer",
                  "Parallel Aware": true,
                  "Join Type": "Inner",
                  "Startup Cost": 35313.99,
                  "Total Cost": 81572.92,
                  "Plan Rows": 241748,
                  "Plan Width": 0,
                  "Actual Startup Time": 120.145,
                  "Actual Total Time": 307.724,
                  "Actual Rows": 131112,
                  "Actual Loops": 5,
                  "Inner Unique": false,
                  "Hash Cond": "(t.id = mc.movie_id)",
                  "Plans": [
                    {
                      "Node Type": "Seq Scan",
                      "Parent Relationship": "Outer",
                      "Parallel Aware": true,
                      "Relation Name": "title",
                      "Alias": "t",
                      "Startup Cost": 0.0,
                      "Total Cost": 42318.73,
                      "Plan Rows": 632073,
                      "Plan Width": 4,
                      "Actual Startup Time": 0.009,
                      "Actual Total Time": 61.572,
                      "Actual Rows": 505662,
                      "Actual Loops": 5
                    },
                    {
                      "Node Type": "Hash",
                      "Parent Relationship": "Inner",
                      "Parallel Aware": true,
                      "Startup Cost": 31414.82,
                      "Total Cost": 31414.82,
                      "Plan Rows": 311934,
                      "Plan Width": 4,
                      "Actual Startup Time": 115.909,
                      "Actual Total Time": 115.91,
                      "Actual Rows": 131112,
                      "Actual Loops": 5,
                      "Hash Buckets": 1048576,
                      "Original Hash Buckets": 1048576,
                      "Hash Batches": 1,
                      "Original Hash Batches": 1,
                      "Peak Memory Usage": 33920,
                      "Plans": [
                        {
                          "Node Type": "Seq Scan",
                          "Parent Relationship": "Outer",
                          "Parallel Aware": true,
                          "Relation Name": "movie_companies",
                          "Alias": "mc",
                          "Startup Cost": 0.0,
                          "Total Cost": 31414.82,
                          "Plan Rows": 311934,
                          "Plan Width": 4,
                          "Actual Startup Time": 45.027,
                          "Actual Total Time": 74.672,
                          "Actual Rows": 131112,
                          "Actual Loops": 5,
                          "Filter": "((company_id < 42528) AND (company_type_id = 2))",
                          "Rows Removed by Filter": 390714
                        }
                      ]
                    }
                  ]
                }
              ]
            }
          ]
        }
      ]
    },
    "Planning Time": 0.65,
    "Triggers": [],
    "Execution Time": 341.043
  }
]