{
  "Plan": {
    "Node Type": "Aggregate",
    "Strategy": "Plain",
    "Partial Mode": "Finalize",
    "Parallel Aware": false,
    "Startup Cost": 904178.59,
    "Total Cost": 904178.6,
    "Plan Rows": 1,
    "Plan Width": 8,
    "Actual Startup Time": 13309.83,
    "Actual Total Time": 13440.608,
    "Actual Rows": 1,
    "Actual Loops": 1,
    "Plans": [
      {
        "Node Type": "Gather",
        "Parent Relationship": "Outer",
        "Parallel Aware": false,
        "Startup Cost": 904178.48,
        "Total Cost": 904178.59,
        "Plan Rows": 1,
        "Plan Width": 8,
        "Actual Startup Time": 13284.041,
        "Actual Total Time": 13440.598,
        "Actual Rows": 2,
        "Actual Loops": 1,
        "Workers Planned": 1,
        "Workers Launched": 1,
        "Single Copy": false,
        "Plans": [
          {
            "Node Type": "Aggregate",
            "Strategy": "Plain",
            "Partial Mode": "Partial",
            "Parent Relationship": "Outer",
            "Parallel Aware": false,
            "Startup Cost": 903178.48,
            "Total Cost": 903178.49,
            "Plan Rows": 1,
            "Plan Width": 8,
            "Actual Startup Time": 13264.274,
            "Actual Total Time": 13267.742,
            "Actual Rows": 1,
            "Actual Loops": 2,
            "Plans": [
              {
                "Node Type": "Hash Join",
                "Parent Relationship": "Outer",
                "Parallel Aware": true,
                "Join Type": "Inner",
                "Startup Cost": 736472.82,
                "Total Cost": 877625.93,
                "Plan Rows": 10221018,
                "Plan Width": 0,
                "Actual Startup Time": 9445.397,
                "Actual Total Time": 12081.365,
                "Actual Rows": 28437570,
                "Actual Loops": 2,
                "Inner Unique": false,
                "Hash Cond": "(mk.movie_id = t.id)",
                "Plans": [
                  {
                    "Node Type": "Seq Scan",
                    "Parent Relationship": "Outer",
                    "Parallel Aware": true,
                    "Relation Name": "movie_keyword",
                    "Alias": "mk",
                    "Startup Cost": 0.0,
                    "Total Cost": 57718.19,
                    "Plan Rows": 1554085,
                    "Plan Width": 4,
                    "Actual Startup Time": 0.272,
                    "Actual Total Time": 200.286,
                    "Actual Rows": 1319702,
                    "Actual Loops": 2,
                    "Filter": "(keyword_id > 3219)",
                    "Rows Removed by Filter": 942262
                  },
                  {
                    "Node Type": "Hash",
                    "Parent Relationship": "Inner",
                    "Parallel Aware": true,
                    "Startup Cost": 614206.18,
                    "Total Cost": 614206.18,
                    "Plan Rows": 9781331,
                    "Plan Width": 8,
                    "Actual Startup Time": 9393.547,
                    "Actual Total Time": 9397.012,
                    "Actual Rows": 8290250,
                    "Actual Loops": 2,
                    "Hash Buckets": 16777216,
                    "Original Hash Buckets": 16777216,
                    "Hash Batches": 1,
                    "Original Hash Batches": 1,
                    "Peak Memory Usage": 779712,
                    "Plans": [
                      {
                        "Node Type": "Hash Join",
                        "Parent Relationship": "Outer",
                        "Parallel Aware": true,
                        "Join Type": "Inner",
                        "Startup Cost": 69460.7,
                        "Total Cost": 614206.18,
                        "Plan Rows": 9781331,
                        "Plan Width": 8,
                        "Actual Startup Time": 1202.66,
                        "Actual Total Time": 6380.347,
                        "Actual Rows": 8290250,
                        "Actual Loops": 2,
                        "Inner Unique": true,
                        "Hash Cond": "(ci.movie_id = t.id)",
                        "Plans": [
                          {
                            "Node Type": "Seq Scan",
                            "Parent Relationship": "Outer",
                            "Parallel Aware": true,
                            "Relation Name": "cast_info",
                            "Alias": "ci",
                            "Startup Cost": 0.0,
                            "Total Cost": 519069.44,
                            "Plan Rows": 9781331,
                            "Plan Width": 4,
                            "Actual Startup Time": 557.757,
                            "Actual Total Time": 1682.878,
                            "Actual Rows": 8290250,
                            "Actual Loops": 2,
                            "Filter": "(person_id > 1970976)",
                            "Rows Removed by Filter": 9831922
                          },
                          {
                            "Node Type": "Hash",
                            "Parent Relationship": "Inner",
                            "Parallel Aware": true,
                            "Startup Cost": 50870.31,
                            "Total Cost": 50870.31,
                            "Plan Rows": 1487231,
                            "Plan Width": 4,
                            "Actual Startup Time": 632.797,
                            "Actual Total Time": 632.799,
                            "Actual Rows": 1264156,
                            "Actual Loops": 2,
                            "Hash Buckets": 4194304,
                            "Original Hash Buckets": 4194304,
                            "Hash Batches": 1,
                            "Original Hash Batches": 1,
                            "Peak Memory Usage": 131712,
                            "Plans": [
                              {
                                "Node Type": "Seq Scan",
                                "Parent Relationship": "Outer",
                                "Parallel Aware": true,
                                "Relation Name": "title",
                                "Alias": "t",
                                "Startup Cost": 0.0,
                                "Total Cost": 50870.31,
                                "Plan Rows": 1487231,
                                "Plan Width": 4,
                                "Actual Startup Time": 0.034,
                                "Actual Total Time": 187.232,
                                "Actual Rows": 1264156,
                                "Actual Loops": 2
                              }
                            ]
                          }
                        ]
                      }
                    ]
                  }
                ]
              }
            ]
          }
        ]
      }
    ]
  },
  "Planning Time": 0.535,
  "Triggers": [],
  "Execution Time": 13440.664
}