[
  {
    "Plan": {
      "Node Type": "Aggregate",
      "Strategy": "Plain",
      "Partial Mode": "Finalize",
      "Parallel Aware": false,
      "Startup Cost": 45654.39,
      "Total Cost": 45654.4,
      "Plan Rows": 1,
      "Plan Width": 8,
      "Actual Startup Time": 144.558,
      "Actual Total Time": 153.893,
      "Actual Rows": 1,
      "Actual Loops": 1,
      "Plans": [
        {
          "Node Type": "Gather",
          "Parent Relationship": "Outer",
          "Parallel Aware": false,
          "Startup Cost": 45654.08,
          "Total Cost": 45654.39,
          "Plan Rows": 3,
          "Plan Width": 8,
          "Actual Startup Time": 144.431,
          "Actual Total Time": 153.884,
          "Actual Rows": 4,
          "Actual Loops": 1,
          "Workers Planned": 3,
          "Workers Launched": 3,
          "Single Copy": false,
          "Plans": [
            {
              "Node Type": "Aggregate",
              "Strategy": "Plain",
              "Partial Mode": "Partial",
              "Parent Relationship": "Outer",
              "Parallel Aware": false,
              "Startup Cost": 44654.08,
              "Total Cost": 44654.09,
              "Plan Rows": 1,
              "Plan Width": 8,
              "Actual Startup Time": 138.825,
              "Actual Total Time": 138.826,
              "Actual Rows": 1,
              "Actual Loops": 4,
              "Plans": [
                {
                  "Node Type": "Seq Scan",
                  "Parent Relationship": "Outer",
                  "Parallel Aware": true,
                  "Relation Name": "movie_keyword",
                  "Alias": "mk",
                  "Startup Cost": 0.0,
                  "Total Cost": 42695.65,
                  "Plan Rows": 783369,
                  "Plan Width": 0,
                  "Actual Startup Time": 0.045,
                  "Actual Total Time": 111.817,
                  "Actual Rows": 606850,
                  "Actual Loops": 4,
                  "Filter": "(keyword_id < 5758)",
                  "Rows Removed by Filter": 524132
                }
              ]
            }
          ]
        }
      ]
    },
    "Planning Time": 0.175,
    "Triggers": [],
    "Execution Time": 153.945
  }
]