[
  {
    "Plan": {
      "Node Type": "Aggregate",
      "Strategy": "Plain",
      "Partial Mode": "Finalize",
      "Parallel Aware": false,
      "Startup Cost": 97321.39,
      "Total Cost": 97321.4,
      "Plan Rows": 1,
      "Plan Width": 8,
      "Actual Startup Time": 590.463,
      "Actual Total Time": 608.629,
      "Actual Rows": 1,
      "Actual Loops": 1,
      "Plans": [
        {
          "Node Type": "Gather",
          "Parent Relationship": "Outer",
          "Parallel Aware": false,
          "Startup Cost": 97321.07,
          "Total Cost": 97321.38,
          "Plan Rows": 3,
          "Plan Width": 8,
          "Actual Startup Time": 584.457,
          "Actual Total Time": 608.618,
          "Actual Rows": 4,
          "Actual Loops": 1,
          "Workers Planned": 3,
          "Workers Launched": 3,
          "Single Copy": false,
          "Plans": [
            {
              "Node Type": "Aggregate",
              "Strategy": "Plain",
              "Partial Mode": "Partial",
              "Parent Relationship": "Outer",
              "Parallel Aware": false,
              "Startup Cost": 96321.07,
              "Total Cost": 96321.08,
              "Plan Rows": 1,
              "Plan Width": 8,
              "Actual Startup Time": 578.266,
              "Actual Total Time": 578.27,
              "Actual Rows": 1,
              "Actual Loops": 4,
              "Plans": [
                {
                  "Node Type": "Hash Join",
                  "Parent Relationship": "Outer",
                  "Parallel Aware": true,
                  "Join Type": "Inner",
                  "Startup Cost": 48444.2,
                  "Total Cost": 94957.05,
                  "Plan Rows": 545610,
                  "Plan Width": 0,
                  "Actual Startup Time": 203.767,
                  "Actual Total Time": 531.54,
                  "Actual Rows": 960683,
                  "Actual Loops": 4,
                  "Inner Unique": true,
                  "Hash Cond": "(mk.movie_id = t.id)",
                  "Plans": [
                    {
                      "Node Type": "Seq Scan",
                      "Parent Relationship": "Outer",
                      "Parallel Aware": true,
                      "Relation Name": "movie_keyword",
                      "Alias": "mk",
                      "Startup Cost": 0.0,
                      "Total Cost": 42695.65,
                      "Plan Rows": 1454165,
                      "Plan Width": 4,
                      "Actual Startup Time": 0.035,
                      "Actual Total Time": 135.037,
                      "Actual Rows": 1127388,
                      "Actual Loops": 4,
                      "Filter": "(keyword_id < 121623)",
                      "Rows Removed by Filter": 3594
                    },
                    {
                      "Node Type": "Hash",
                      "Parent Relationship": "Inner",
                      "Parallel Aware": true,
                      "Startup Cost": 45479.59,
                      "Total Cost": 45479.59,
                      "Plan Rows": 237169,
                      "Plan Width": 4,
                      "Actual Startup Time": 200.568,
                      "Actual Total Time": 200.569,
                      "Actual Rows": 238318,
                      "Actual Loops": 4,
                      "Hash Buckets": 1048576,
                      "Original Hash Buckets": 1048576,
                      "Hash Batches": 1,
                      "Original Hash Batches": 1,
                      "Peak Memory Usage": 45568,
                      "Plans": [
                        {
                          "Node Type": "Seq Scan",
                          "Parent Relationship": "Outer",
                          "Parallel Aware": true,
                          "Relation Name": "title",
                          "Alias": "t",
                          "Startup Cost": 0.0,
                          "Total Cost": 45479.59,
                          "Plan Rows": 237169,
                          "Plan Width": 4,
                          "Actual Startup Time": 0.042,
                          "Actual Total Time": 114.943,
                          "Actual Rows": 238318,
                          "Actual Loops": 4,
                          "Filter": "((kind_id < 7) AND (production_year > 1909))",
                          "Rows Removed by Filter": 393760
                        }
                      ]
                    }
                  ]
                }
              ]
            }
          ]
        }
      ]
    },
    "Planning Time": 0.419,
    "Triggers": [],
    "Execution Time": 608.67
  }
]