[
  {
    "Plan": {
      "Node Type": "Aggregate",
      "Strategy": "Plain",
      "Partial Mode": "Finalize",
      "Parallel Aware": false,
      "Startup Cost": 31741.23,
      "Total Cost": 31741.24,
      "Plan Rows": 1,
      "Plan Width": 8,
      "Actual Startup Time": 118.644,
      "Actual Total Time": 126.657,
      "Actual Rows": 1,
      "Actual Loops": 1,
      "Plans": [
        {
          "Node Type": "Gather",
          "Parent Relationship": "Outer",
          "Parallel Aware": false,
          "Startup Cost": 31740.92,
          "Total Cost": 31741.23,
          "Plan Rows": 3,
          "Plan Width": 8,
          "Actual Startup Time": 118.526,
          "Actual Total Time": 126.647,
          "Actual Rows": 4,
          "Actual Loops": 1,
          "Workers Planned": 3,
          "Workers Launched": 3,
          "Single Copy": false,
          "Plans": [
            {
              "Node Type": "Aggregate",
              "Strategy": "Plain",
              "Partial Mode": "Partial",
              "Parent Relationship": "Outer",
              "Parallel Aware": false,
              "Startup Cost": 30740.92,
              "Total Cost": 30740.93,
              "Plan Rows": 1,
              "Plan Width": 8,
              "Actual Startup Time": 111.111,
              "Actual Total Time": 111.112,
              "Actual Rows": 1,
              "Actual Loops": 4,
              "Plans": [
                {
                  "Node Type": "Seq Scan",
                  "Parent Relationship": "Outer",
                  "Parallel Aware": true,
                  "Relation Name": "movie_companies",
                  "Alias": "mc",
                  "Startup Cost": 0.0,
                  "Total Cost": 29310.68,
                  "Plan Rows": 572094,
                  "Plan Width": 0,
                  "Actual Startup Time": 0.031,
                  "Actual Total Time": 86.582,
                  "Actual Rows": 445892,
                  "Actual Loops": 4,
                  "Filter": "(company_id < 27888)",
                  "Rows Removed by Filter": 206390
                }
              ]
            }
          ]
        }
      ]
    },
    "Planning Time": 0.163,
    "Triggers": [],
    "Execution Time": 126.707
  }
]