{
  "Plan": {
    "Node Type": "Aggregate",
    "Strategy": "Plain",
    "Partial Mode": "Finalize",
    "Parallel Aware": false,
    "Startup Cost": 132349.24,
    "Total Cost": 132349.25,
    "Plan Rows": 1,
    "Plan Width": 8,
    "Actual Startup Time": 488.049,
    "Actual Total Time": 529.308,
    "Actual Rows": 1,
    "Actual Loops": 1,
    "Plans": [
      {
        "Node Type": "Gather",
        "Parent Relationship": "Outer",
        "Parallel Aware": false,
        "Startup Cost": 132349.13,
        "Total Cost": 132349.24,
        "Plan Rows": 1,
        "Plan Width": 8,
        "Actual Startup Time": 486.599,
        "Actual Total Time": 529.293,
        "Actual Rows": 2,
        "Actual Loops": 1,
        "Workers Planned": 1,
        "Workers Launched": 1,
        "Single Copy": false,
        "Plans": [
          {
            "Node Type": "Aggregate",
            "Strategy": "Plain",
            "Partial Mode": "Partial",
            "Parent Relationship": "Outer",
            "Parallel Aware": false,
            "Startup Cost": 131349.13,
            "Total Cost": 131349.14,
            "Plan Rows": 1,
            "Plan Width": 8,
            "Actual Startup Time": 480.318,
            "Actual Total Time": 480.595,
            "Actual Rows": 1,
            "Actual Loops": 2,
            "Plans": [
              {
                "Node Type": "Nested Loop",
                "Parent Relationship": "Outer",
                "Parallel Aware": false,
                "Join Type": "Inner",
                "Startup Cost": 57965.42,
                "Total Cost": 131207.82,
                "Plan Rows": 56523,
                "Plan Width": 0,
                "Actual Startup Time": 267.953,
                "Actual Total Time": 475.152,
                "Actual Rows": 60213,
                "Actual Loops": 2,
                "Inner Unique": false,
                "Plans": [
                  {
                    "Node Type": "Hash Join",
                    "Parent Relationship": "Outer",
                    "Parallel Aware": true,
                    "Join Type": "Inner",
                    "Startup Cost": 57964.86,
                    "Total Cost": 77921.68,
                    "Plan Rows": 5807,
                    "Plan Width": 8,
                    "Actual Startup Time": 267.878,
                    "Actual Total Time": 291.798,
                    "Actual Rows": 1464,
                    "Actual Loops": 2,
                    "Inner Unique": true,
                    "Hash Cond": "(mc.movie_id = t.id)",
                    "Plans": [
                      {
                        "Node Type": "Bitmap Heap Scan",
                        "Parent Relationship": "Outer",
                        "Parallel Aware": true,
                        "Relation Name": "movie_companies",
                        "Alias": "mc",
                        "Startup Cost": 2844.82,
                        "Total Cost": 22599.14,
                        "Plan Rows": 77145,
                        "Plan Width": 4,
                        "Actual Startup Time": 12.29,
                        "Actual Total Time": 40.151,
                        "Actual Rows": 67404,
                        "Actual Loops": 2,
                        "Recheck Cond": "(company_id < 27)",
                        "Rows Removed by Index Recheck": 0,
                        "Exact Heap Blocks": 6465,
                        "Lossy Heap Blocks": 0,
                        "Plans": [
                          {
                            "Node Type": "Bitmap Index Scan",
                            "Parent Relationship": "Outer",
                            "Parallel Aware": false,
                            "Index Name": "company_id_movie_companies",
                            "Startup Cost": 0.0,
                            "Total Cost": 2812.03,
                            "Plan Rows": 131147,
                            "Plan Width": 0,
                            "Actual Startup Time": 9.913,
                            "Actual Total Time": 9.913,
                            "Actual Rows": 134807,
                            "Actual Loops": 1,
                            "Index Cond": "(company_id < 27)"
                          }
                        ]
                      },
                      {
                        "Node Type": "Hash",
                        "Parent Relationship": "Inner",
                        "Parallel Aware": true,
                        "Startup Cost": 53720.69,
                        "Total Cost": 53720.69,
                        "Plan Rows": 111948,
                        "Plan Width": 4,
                        "Actual Startup Time": 223.246,
                        "Actual Total Time": 223.247,
                        "Actual Rows": 163016,
                        "Actual Loops": 2,
                        "Hash Buckets": 524288,
                        "Original Hash Buckets": 262144,
                        "Hash Batches": 1,
                        "Original Hash Batches": 1,
                        "Peak Memory Usage": 18912,
                        "Plans": [
                          {
                            "Node Type": "Bitmap Heap Scan",
                            "Parent Relationship": "Outer",
                            "Parallel Aware": true,
                            "Relation Name": "title",
                            "Alias": "t",
                            "Startup Cost": 11870.43,
                            "Total Cost": 53720.69,
                            "Plan Rows": 111948,
                            "Plan Width": 4,
                            "Actual Startup Time": 42.711,
                            "Actual Total Time": 141.826,
                            "Actual Rows": 163016,
                            "Actual Loops": 2,
                            "Recheck Cond": "(kind_id = 1)",
                            "Rows Removed by Index Recheck": 0,
                            "Filter": "(production_year < 1992)",
                            "Rows Removed by Filter": 168396,
                            "Exact Heap Blocks": 6750,
                            "Lossy Heap Blocks": 0,
                            "Plans": [
                              {
                                "Node Type": "Bitmap Index Scan",
                                "Parent Relationship": "Outer",
                                "Parallel Aware": false,
                                "Index Name": "kind_id_title",
                                "Startup Cost": 0.0,
                                "Total Cost": 11822.85,
                                "Plan Rows": 663256,
                                "Plan Width": 0,
                                "Actual Startup Time": 42.038,
                                "Actual Total Time": 42.038,
                                "Actual Rows": 662825,
                                "Actual Loops": 1,
                                "Index Cond": "(kind_id = 1)"
                              }
                            ]
                          }
                        ]
                      }
                    ]
                  },
                  {
                    "Node Type": "Index Scan",
                    "Parent Relationship": "Inner",
                    "Parallel Aware": false,
                    "Scan Direction": "Forward",
                    "Index Name": "movie_id_cast_info",
                    "Relation Name": "cast_info",
                    "Alias": "ci",
                    "Startup Cost": 0.56,
                    "Total Cost": 8.93,
                    "Plan Rows": 25,
                    "Plan Width": 4,
                    "Actual Startup Time": 0.011,
                    "Actual Total Time": 0.119,
                    "Actual Rows": 41,
                    "Actual Loops": 2929,
                    "Index Cond": "(movie_id = t.id)",
                    "Rows Removed by Index Recheck": 0,
                    "Filter": "(person_id < 2540538)",
                    "Rows Removed by Filter": 10
                  }
                ]
              }
            ]
          }
        ]
      }
    ]
  },
  "Planning Time": 1.062,
  "Triggers": [],
  "Execution Time": 529.453
}