[
    {
        "Bao": {
            "Bao prediction": "NaN",
            "Bao recommended hint": "(no hint)"
        }
    },
    {
        "Plan": {
            "Node Type": "Aggregate",
            "Strategy": "Plain",
            "Partial Mode": "Finalize",
            "Parallel Aware": false,
            "Startup Cost": 353719.29,
            "Total Cost": 353719.3,
            "Plan Rows": 1,
            "Plan Width": 8,
            "Actual Startup Time": 805.241,
            "Actual Total Time": 829.958,
            "Actual Rows": 1,
            "Actual Loops": 1,
            "Output": [
                "count(*)"
            ],
            "Plans": [
                {
                    "Node Type": "Gather",
                    "Parent Relationship": "Outer",
                    "Parallel Aware": false,
                    "Startup Cost": 353718.66,
                    "Total Cost": 353719.27,
                    "Plan Rows": 6,
                    "Plan Width": 8,
                    "Actual Startup Time": 805.137,
                    "Actual Total Time": 829.95,
                    "Actual Rows": 7,
                    "Actual Loops": 1,
                    "Output": [
                        "(PARTIAL count(*))"
                    ],
                    "Workers Planned": 6,
                    "Workers Launched": 6,
                    "Single Copy": false,
                    "Plans": [
                        {
                            "Node Type": "Aggregate",
                            "Strategy": "Plain",
                            "Partial Mode": "Partial",
                            "Parent Relationship": "Outer",
                            "Parallel Aware": false,
                            "Startup Cost": 352718.66,
                            "Total Cost": 352718.67,
                            "Plan Rows": 1,
                            "Plan Width": 8,
                            "Actual Startup Time": 795.346,
                            "Actual Total Time": 795.347,
                            "Actual Rows": 1,
                            "Actual Loops": 7,
                            "Output": [
                                "PARTIAL count(*)"
                            ],
                            "Workers": [
                                {
                                    "Worker Number": 0,
                                    "Actual Startup Time": 792.698,
                                    "Actual Total Time": 792.699,
                                    "Actual Rows": 1,
                                    "Actual Loops": 1
                                },
                                {
                                    "Worker Number": 1,
                                    "Actual Startup Time": 793.12,
                                    "Actual Total Time": 793.121,
                                    "Actual Rows": 1,
                                    "Actual Loops": 1
                                },
                                {
                                    "Worker Number": 2,
                                    "Actual Startup Time": 793.696,
                                    "Actual Total Time": 793.697,
                                    "Actual Rows": 1,
                                    "Actual Loops": 1
                                },
                                {
                                    "Worker Number": 3,
                                    "Actual Startup Time": 794.095,
                                    "Actual Total Time": 794.096,
                                    "Actual Rows": 1,
                                    "Actual Loops": 1
                                },
                                {
                                    "Worker Number": 4,
                                    "Actual Startup Time": 794.27,
                                    "Actual Total Time": 794.271,
                                    "Actual Rows": 1,
                                    "Actual Loops": 1
                                },
                                {
                                    "Worker Number": 5,
                                    "Actual Startup Time": 794.809,
                                    "Actual Total Time": 794.81,
                                    "Actual Rows": 1,
                                    "Actual Loops": 1
                                }
                            ],
                            "Plans": [
                                {
                                    "Node Type": "Seq Scan",
                                    "Parent Relationship": "Outer",
                                    "Parallel Aware": true,
                                    "Relation Name": "cast_info",
                                    "Schema": "public",
                                    "Alias": "ci",
                                    "Startup Cost": 0.0,
                                    "Total Cost": 343318.94,
                                    "Plan Rows": 3759890,
                                    "Plan Width": 0,
                                    "Actual Startup Time": 41.138,
                                    "Actual Total Time": 656.496,
                                    "Actual Rows": 3160150,
                                    "Actual Loops": 7,
                                    "Output": [
                                        "id",
                                        "person_id",
                                        "movie_id",
                                        "person_role_id",
                                        "note",
                                        "nr_order",
                                        "role_id"
                                    ],
                                    "Filter": "((ci.person_id > 244652) AND (ci.role_id < 4))",
                                    "Rows Removed by Filter": 2017613,
                                    "Workers": [
                                        {
                                            "Worker Number": 0,
                                            "Actual Startup Time": 38.491,
                                            "Actual Total Time": 658.287,
                                            "Actual Rows": 3294032,
                                            "Actual Loops": 1
                                        },
                                        {
                                            "Worker Number": 1,
                                            "Actual Startup Time": 38.906,
                                            "Actual Total Time": 657.607,
                                            "Actual Rows": 3180323,
                                            "Actual Loops": 1
                                        },
                                        {
                                            "Worker Number": 2,
                                            "Actual Startup Time": 39.478,
                                            "Actual Total Time": 653.894,
                                            "Actual Rows": 2117423,
                                            "Actual Loops": 1
                                        },
                                        {
                                            "Worker Number": 3,
                                            "Actual Startup Time": 39.882,
                                            "Actual Total Time": 658.641,
                                            "Actual Rows": 3318312,
                                            "Actual Loops": 1
                                        },
                                        {
                                            "Worker Number": 4,
                                            "Actual Startup Time": 40.052,
                                            "Actual Total Time": 659.448,
                                            "Actual Rows": 3302445,
                                            "Actual Loops": 1
                                        },
                                        {
                                            "Worker Number": 5,
                                            "Actual Startup Time": 40.64,
                                            "Actual Total Time": 660.774,
                                            "Actual Rows": 3075781,
                                            "Actual Loops": 1
                                        }
                                    ]
                                }
                            ]
                        }
                    ]
                }
            ]
        },
        "Planning Time": 202.593,
        "Triggers": [],
        "Execution Time": 830.004
    }
]