{
  "Plan": {
    "Node Type": "Aggregate",
    "Strategy": "Plain",
    "Partial Mode": "Finalize",
    "Parallel Aware": false,
    "Startup Cost": 2649832.32,
    "Total Cost": 2649832.33,
    "Plan Rows": 1,
    "Plan Width": 8,
    "Actual Startup Time": 27311.254,
    "Actual Total Time": 27435.706,
    "Actual Rows": 1,
    "Actual Loops": 1,
    "Plans": [
      {
        "Node Type": "Gather",
        "Parent Relationship": "Outer",
        "Parallel Aware": false,
        "Startup Cost": 2649832.2,
        "Total Cost": 2649832.31,
        "Plan Rows": 1,
        "Plan Width": 8,
        "Actual Startup Time": 27311.2,
        "Actual Total Time": 27435.699,
        "Actual Rows": 2,
        "Actual Loops": 1,
        "Workers Planned": 1,
        "Workers Launched": 1,
        "Single Copy": false,
        "Plans": [
          {
            "Node Type": "Aggregate",
            "Strategy": "Plain",
            "Partial Mode": "Partial",
            "Parent Relationship": "Outer",
            "Parallel Aware": false,
            "Startup Cost": 2648832.2,
            "Total Cost": 2648832.21,
            "Plan Rows": 1,
            "Plan Width": 8,
            "Actual Startup Time": 27305.142,
            "Actual Total Time": 27305.143,
            "Actual Rows": 1,
            "Actual Loops": 2,
            "Plans": [
              {
                "Node Type": "Merge Join",
                "Parent Relationship": "Outer",
                "Parallel Aware": false,
                "Join Type": "Inner",
                "Startup Cost": 57.35,
                "Total Cost": 2606746.54,
                "Plan Rows": 16834267,
                "Plan Width": 0,
                "Actual Startup Time": 9.593,
                "Actual Total Time": 25208.961,
                "Actual Rows": 51293218,
                "Actual Loops": 2,
                "Inner Unique": false,
                "Merge Cond": "(ci.movie_id = t.id)",
                "Plans": [
                  {
                    "Node Type": "Index Scan",
                    "Parent Relationship": "Outer",
                    "Parallel Aware": true,
                    "Scan Direction": "Forward",
                    "Index Name": "movie_id_cast_info",
                    "Relation Name": "cast_info",
                    "Alias": "ci",
                    "Startup Cost": 0.56,
                    "Total Cost": 1978621.64,
                    "Plan Rows": 11516825,
                    "Plan Width": 4,
                    "Actual Startup Time": 0.396,
                    "Actual Total Time": 14619.992,
                    "Actual Rows": 9798592,
                    "Actual Loops": 2,
                    "Filter": "(person_id > 1648490)",
                    "Rows Removed by Filter": 8323574
                  },
                  {
                    "Node Type": "Materialize",
                    "Parent Relationship": "Inner",
                    "Parallel Aware": false,
                    "Startup Cost": 14.25,
                    "Total Cost": 356395.47,
                    "Plan Rows": 3695633,
                    "Plan Width": 8,
                    "Actual Startup Time": 0.207,
                    "Actual Total Time": 5369.997,
                    "Actual Rows": 53461300,
                    "Actual Loops": 2,
                    "Plans": [
                      {
                        "Node Type": "Merge Join",
                        "Parent Relationship": "Outer",
                        "Parallel Aware": false,
                        "Join Type": "Inner",
                        "Startup Cost": 14.25,
                        "Total Cost": 347156.39,
                        "Plan Rows": 3695633,
                        "Plan Width": 8,
                        "Actual Startup Time": 0.198,
                        "Actual Total Time": 3063.592,
                        "Actual Rows": 4200437,
                        "Actual Loops": 2,
                        "Inner Unique": true,
                        "Merge Cond": "(mk.movie_id = t.id)",
                        "Plans": [
                          {
                            "Node Type": "Index Only Scan",
                            "Parent Relationship": "Outer",
                            "Parallel Aware": false,
                            "Scan Direction": "Forward",
                            "Index Name": "movie_id_movie_keyword",
                            "Relation Name": "movie_keyword",
                            "Alias": "mk",
                            "Startup Cost": 0.43,
                            "Total Cost": 177188.06,
                            "Plan Rows": 4523930,
                            "Plan Width": 4,
                            "Actual Startup Time": 0.107,
                            "Actual Total Time": 838.831,
                            "Actual Rows": 4523929,
                            "Actual Loops": 2,
                            "Heap Fetches": 9047858
                          },
                          {
                            "Node Type": "Index Scan",
                            "Parent Relationship": "Inner",
                            "Parallel Aware": false,
                            "Scan Direction": "Forward",
                            "Index Name": "title_pkey",
                            "Relation Name": "title",
                            "Alias": "t",
                            "Startup Cost": 0.43,
                            "Total Cost": 116660.7,
                            "Plan Rows": 2065382,
                            "Plan Width": 4,
                            "Actual Startup Time": 0.069,
                            "Actual Total Time": 1653.424,
                            "Actual Rows": 2063528,
                            "Actual Loops": 2,
                            "Filter": "(production_year < 2011)",
                            "Rows Removed by Filter": 462443
                          }
                        ]
                      }
                    ]
                  }
                ]
              }
            ]
          }
        ]
      }
    ]
  },
  "Planning Time": 1.02,
  "Triggers": [],
  "Execution Time": 27435.819
}