[
    {
        "Bao": {
            "Bao prediction": "NaN",
            "Bao recommended hint": "(no hint)"
        }
    },
    {
        "Plan": {
            "Node Type": "Aggregate",
            "Strategy": "Plain",
            "Partial Mode": "Finalize",
            "Parallel Aware": false,
            "Startup Cost": 347632.77,
            "Total Cost": 347632.78,
            "Plan Rows": 1,
            "Plan Width": 8,
            "Actual Startup Time": 585.546,
            "Actual Total Time": 605.762,
            "Actual Rows": 1,
            "Actual Loops": 1,
            "Output": [
                "count(*)"
            ],
            "Plans": [
                {
                    "Node Type": "Gather",
                    "Parent Relationship": "Outer",
                    "Parallel Aware": false,
                    "Startup Cost": 347632.14,
                    "Total Cost": 347632.75,
                    "Plan Rows": 6,
                    "Plan Width": 8,
                    "Actual Startup Time": 585.411,
                    "Actual Total Time": 605.75,
                    "Actual Rows": 7,
                    "Actual Loops": 1,
                    "Output": [
                        "(PARTIAL count(*))"
                    ],
                    "Workers Planned": 6,
                    "Workers Launched": 6,
                    "Single Copy": false,
                    "Plans": [
                        {
                            "Node Type": "Aggregate",
                            "Strategy": "Plain",
                            "Partial Mode": "Partial",
                            "Parent Relationship": "Outer",
                            "Parallel Aware": false,
                            "Startup Cost": 346632.14,
                            "Total Cost": 346632.15,
                            "Plan Rows": 1,
                            "Plan Width": 8,
                            "Actual Startup Time": 574.897,
                            "Actual Total Time": 574.898,
                            "Actual Rows": 1,
                            "Actual Loops": 7,
                            "Output": [
                                "PARTIAL count(*)"
                            ],
                            "Workers": [
                                {
                                    "Worker Number": 0,
                                    "Actual Startup Time": 572.196,
                                    "Actual Total Time": 572.197,
                                    "Actual Rows": 1,
                                    "Actual Loops": 1
                                },
                                {
                                    "Worker Number": 1,
                                    "Actual Startup Time": 572.943,
                                    "Actual Total Time": 572.944,
                                    "Actual Rows": 1,
                                    "Actual Loops": 1
                                },
                                {
                                    "Worker Number": 2,
                                    "Actual Startup Time": 572.871,
                                    "Actual Total Time": 572.872,
                                    "Actual Rows": 1,
                                    "Actual Loops": 1
                                },
                                {
                                    "Worker Number": 3,
                                    "Actual Startup Time": 572.919,
                                    "Actual Total Time": 572.92,
                                    "Actual Rows": 1,
                                    "Actual Loops": 1
                                },
                                {
                                    "Worker Number": 4,
                                    "Actual Startup Time": 574.193,
                                    "Actual Total Time": 574.195,
                                    "Actual Rows": 1,
                                    "Actual Loops": 1
                                },
                                {
                                    "Worker Number": 5,
                                    "Actual Startup Time": 574.357,
                                    "Actual Total Time": 574.358,
                                    "Actual Rows": 1,
                                    "Actual Loops": 1
                                }
                            ],
                            "Plans": [
                                {
                                    "Node Type": "Index Scan",
                                    "Parent Relationship": "Outer",
                                    "Parallel Aware": true,
                                    "Scan Direction": "Forward",
                                    "Index Name": "role_id_cast_info",
                                    "Relation Name": "cast_info",
                                    "Schema": "public",
                                    "Alias": "ci",
                                    "Startup Cost": 0.56,
                                    "Total Cost": 342814.42,
                                    "Plan Rows": 1527087,
                                    "Plan Width": 0,
                                    "Actual Startup Time": 0.138,
                                    "Actual Total Time": 471.69,
                                    "Actual Rows": 1810098,
                                    "Actual Loops": 7,
                                    "Output": [
                                        "id",
                                        "person_id",
                                        "movie_id",
                                        "person_role_id",
                                        "note",
                                        "nr_order",
                                        "role_id"
                                    ],
                                    "Index Cond": "(ci.role_id = 1)",
                                    "Rows Removed by Index Recheck": 0,
                                    "Filter": "(ci.person_id < 2687455)",
                                    "Rows Removed by Filter": 0,
                                    "Workers": [
                                        {
                                            "Worker Number": 0,
                                            "Actual Startup Time": 0.143,
                                            "Actual Total Time": 473.752,
                                            "Actual Rows": 2170326,
                                            "Actual Loops": 1
                                        },
                                        {
                                            "Worker Number": 1,
                                            "Actual Startup Time": 0.151,
                                            "Actual Total Time": 468.278,
                                            "Actual Rows": 1476930,
                                            "Actual Loops": 1
                                        },
                                        {
                                            "Worker Number": 2,
                                            "Actual Startup Time": 0.24,
                                            "Actual Total Time": 476.123,
                                            "Actual Rows": 2193362,
                                            "Actual Loops": 1
                                        },
                                        {
                                            "Worker Number": 3,
                                            "Actual Startup Time": 0.163,
                                            "Actual Total Time": 468.063,
                                            "Actual Rows": 1496430,
                                            "Actual Loops": 1
                                        },
                                        {
                                            "Worker Number": 4,
                                            "Actual Startup Time": 0.102,
                                            "Actual Total Time": 469.15,
                                            "Actual Rows": 1494870,
                                            "Actual Loops": 1
                                        },
                                        {
                                            "Worker Number": 5,
                                            "Actual Startup Time": 0.115,
                                            "Actual Total Time": 475.729,
                                            "Actual Rows": 2155920,
                                            "Actual Loops": 1
                                        }
                                    ]
                                }
                            ]
                        }
                    ]
                }
            ]
        },
        "Planning Time": 271.057,
        "Triggers": [],
        "Execution Time": 605.875
    }
]