[
    {
        "Bao": {
            "Bao prediction": "NaN",
            "Bao recommended hint": "(no hint)"
        }
    },
    {
        "Plan": {
            "Node Type": "Aggregate",
            "Strategy": "Plain",
            "Partial Mode": "Finalize",
            "Parallel Aware": false,
            "Startup Cost": 77073.04,
            "Total Cost": 77073.05,
            "Plan Rows": 1,
            "Plan Width": 8,
            "Actual Startup Time": 257.536,
            "Actual Total Time": 268.017,
            "Actual Rows": 1,
            "Actual Loops": 1,
            "Output": [
                "count(*)"
            ],
            "Plans": [
                {
                    "Node Type": "Gather",
                    "Parent Relationship": "Outer",
                    "Parallel Aware": false,
                    "Startup Cost": 77072.72,
                    "Total Cost": 77073.03,
                    "Plan Rows": 3,
                    "Plan Width": 8,
                    "Actual Startup Time": 252.744,
                    "Actual Total Time": 268.009,
                    "Actual Rows": 4,
                    "Actual Loops": 1,
                    "Output": [
                        "(PARTIAL count(*))"
                    ],
                    "Workers Planned": 3,
                    "Workers Launched": 3,
                    "Single Copy": false,
                    "Plans": [
                        {
                            "Node Type": "Aggregate",
                            "Strategy": "Plain",
                            "Partial Mode": "Partial",
                            "Parent Relationship": "Outer",
                            "Parallel Aware": false,
                            "Startup Cost": 76072.72,
                            "Total Cost": 76072.73,
                            "Plan Rows": 1,
                            "Plan Width": 8,
                            "Actual Startup Time": 243.997,
                            "Actual Total Time": 244.0,
                            "Actual Rows": 1,
                            "Actual Loops": 4,
                            "Output": [
                                "PARTIAL count(*)"
                            ],
                            "Workers": [
                                {
                                    "Worker Number": 0,
                                    "Actual Startup Time": 240.744,
                                    "Actual Total Time": 240.747,
                                    "Actual Rows": 1,
                                    "Actual Loops": 1
                                },
                                {
                                    "Worker Number": 1,
                                    "Actual Startup Time": 241.369,
                                    "Actual Total Time": 241.373,
                                    "Actual Rows": 1,
                                    "Actual Loops": 1
                                },
                                {
                                    "Worker Number": 2,
                                    "Actual Startup Time": 241.445,
                                    "Actual Total Time": 241.448,
                                    "Actual Rows": 1,
                                    "Actual Loops": 1
                                }
                            ],
                            "Plans": [
                                {
                                    "Node Type": "Hash Join",
                                    "Parent Relationship": "Outer",
                                    "Parallel Aware": true,
                                    "Join Type": "Inner",
                                    "Startup Cost": 50609.27,
                                    "Total Cost": 76021.8,
                                    "Plan Rows": 20367,
                                    "Plan Width": 0,
                                    "Actual Startup Time": 189.153,
                                    "Actual Total Time": 242.452,
                                    "Actual Rows": 23518,
                                    "Actual Loops": 4,
                                    "Inner Unique": true,
                                    "Hash Cond": "(mk.movie_id = t.id)",
                                    "Workers": [
                                        {
                                            "Worker Number": 0,
                                            "Actual Startup Time": 186.135,
                                            "Actual Total Time": 239.136,
                                            "Actual Rows": 17184,
                                            "Actual Loops": 1
                                        },
                                        {
                                            "Worker Number": 1,
                                            "Actual Startup Time": 186.046,
                                            "Actual Total Time": 239.967,
                                            "Actual Rows": 14981,
                                            "Actual Loops": 1
                                        },
                                        {
                                            "Worker Number": 2,
                                            "Actual Startup Time": 186.801,
                                            "Actual Total Time": 239.982,
                                            "Actual Rows": 23292,
                                            "Actual Loops": 1
                                        }
                                    ],
                                    "Plans": [
                                        {
                                            "Node Type": "Bitmap Heap Scan",
                                            "Parent Relationship": "Outer",
                                            "Parallel Aware": true,
                                            "Relation Name": "movie_keyword",
                                            "Schema": "public",
                                            "Alias": "mk",
                                            "Startup Cost": 4170.99,
                                            "Total Cost": 29417.16,
                                            "Plan Rows": 63374,
                                            "Plan Width": 4,
                                            "Actual Startup Time": 16.117,
                                            "Actual Total Time": 53.395,
                                            "Actual Rows": 49304,
                                            "Actual Loops": 4,
                                            "Output": [
                                                "mk.id",
                                                "mk.movie_id",
                                                "mk.keyword_id"
                                            ],
                                            "Recheck Cond": "(mk.keyword_id > 69319)",
                                            "Rows Removed by Index Recheck": 0,
                                            "Exact Heap Blocks": 8301,
                                            "Lossy Heap Blocks": 0,
                                            "Workers": [
                                                {
                                                    "Worker Number": 0,
                                                    "Actual Startup Time": 16.133,
                                                    "Actual Total Time": 54.601,
                                                    "Actual Rows": 35567,
                                                    "Actual Loops": 1
                                                },
                                                {
                                                    "Worker Number": 1,
                                                    "Actual Startup Time": 16.186,
                                                    "Actual Total Time": 55.258,
                                                    "Actual Rows": 32005,
                                                    "Actual Loops": 1
                                                },
                                                {
                                                    "Worker Number": 2,
                                                    "Actual Startup Time": 16.088,
                                                    "Actual Total Time": 54.338,
                                                    "Actual Rows": 48750,
                                                    "Actual Loops": 1
                                                }
                                            ],
                                            "Plans": [
                                                {
                                                    "Node Type": "Bitmap Index Scan",
                                                    "Parent Relationship": "Outer",
                                                    "Parallel Aware": false,
                                                    "Index Name": "keyword_id_movie_keyword",
                                                    "Startup Cost": 0.0,
                                                    "Total Cost": 4121.88,
                                                    "Plan Rows": 196459,
                                                    "Plan Width": 0,
                                                    "Actual Startup Time": 13.119,
                                                    "Actual Total Time": 13.12,
                                                    "Actual Rows": 197217,
                                                    "Actual Loops": 1,
                                                    "Index Cond": "(mk.keyword_id > 69319)"
                                                }
                                            ]
                                        },
                                        {
                                            "Node Type": "Hash",
                                            "Parent Relationship": "Inner",
                                            "Parallel Aware": true,
                                            "Startup Cost": 43899.01,
                                            "Total Cost": 43899.01,
                                            "Plan Rows": 203142,
                                            "Plan Width": 4,
                                            "Actual Startup Time": 169.961,
                                            "Actual Total Time": 169.962,
                                            "Actual Rows": 203176,
                                            "Actual Loops": 4,
                                            "Output": [
                                                "t.id"
                                            ],
                                            "Hash Buckets": 1048576,
                                            "Original Hash Buckets": 1048576,
                                            "Hash Batches": 1,
                                            "Original Hash Batches": 1,
                                            "Peak Memory Usage": 40000,
                                            "Workers": [
                                                {
                                                    "Worker Number": 0,
                                                    "Actual Startup Time": 169.183,
                                                    "Actual Total Time": 169.184,
                                                    "Actual Rows": 153742,
                                                    "Actual Loops": 1
                                                },
                                                {
                                                    "Worker Number": 1,
                                                    "Actual Startup Time": 169.235,
                                                    "Actual Total Time": 169.236,
                                                    "Actual Rows": 143060,
                                                    "Actual Loops": 1
                                                },
                                                {
                                                    "Worker Number": 2,
                                                    "Actual Startup Time": 169.887,
                                                    "Actual Total Time": 169.887,
                                                    "Actual Rows": 223307,
                                                    "Actual Loops": 1
                                                }
                                            ],
                                            "Plans": [
                                                {
                                                    "Node Type": "Seq Scan",
                                                    "Parent Relationship": "Outer",
                                                    "Parallel Aware": true,
                                                    "Relation Name": "title",
                                                    "Schema": "public",
                                                    "Alias": "t",
                                                    "Startup Cost": 0.0,
                                                    "Total Cost": 43899.01,
                                                    "Plan Rows": 203142,
                                                    "Plan Width": 4,
                                                    "Actual Startup Time": 0.037,
                                                    "Actual Total Time": 102.209,
                                                    "Actual Rows": 203176,
                                                    "Actual Loops": 4,
                                                    "Output": [
                                                        "t.id"
                                                    ],
                                                    "Filter": "(t.production_year < 1995)",
                                                    "Rows Removed by Filter": 428902,
                                                    "Workers": [
                                                        {
                                                            "Worker Number": 0,
                                                            "Actual Startup Time": 0.045,
                                                            "Actual Total Time": 106.851,
                                                            "Actual Rows": 153742,
                                                            "Actual Loops": 1
                                                        },
                                                        {
                                                            "Worker Number": 1,
                                                            "Actual Startup Time": 0.049,
                                                            "Actual Total Time": 103.34,
                                                            "Actual Rows": 143060,
                                                            "Actual Loops": 1
                                                        },
                                                        {
                                                            "Worker Number": 2,
                                                            "Actual Startup Time": 0.044,
                                                            "Actual Total Time": 102.149,
                                                            "Actual Rows": 223307,
                                                            "Actual Loops": 1
                                                        }
                                                    ]
                                                }
                                            ]
                                        }
                                    ]
                                }
                            ]
                        }
                    ]
                }
            ]
        },
        "Planning Time": 226.364,
        "Triggers": [],
        "Execution Time": 268.08
    }
]