[
    {
        "Bao": {
            "Bao prediction": "NaN",
            "Bao recommended hint": "(no hint)"
        }
    },
    {
        "Plan": {
            "Node Type": "Aggregate",
            "Strategy": "Plain",
            "Partial Mode": "Finalize",
            "Parallel Aware": false,
            "Startup Cost": 163579.27,
            "Total Cost": 163579.28,
            "Plan Rows": 1,
            "Plan Width": 8,
            "Actual Startup Time": 392.8,
            "Actual Total Time": 405.136,
            "Actual Rows": 1,
            "Actual Loops": 1,
            "Output": [
                "count(*)"
            ],
            "Plans": [
                {
                    "Node Type": "Gather",
                    "Parent Relationship": "Outer",
                    "Parallel Aware": false,
                    "Startup Cost": 163578.74,
                    "Total Cost": 163579.25,
                    "Plan Rows": 5,
                    "Plan Width": 8,
                    "Actual Startup Time": 389.687,
                    "Actual Total Time": 405.127,
                    "Actual Rows": 6,
                    "Actual Loops": 1,
                    "Output": [
                        "(PARTIAL count(*))"
                    ],
                    "Workers Planned": 5,
                    "Workers Launched": 5,
                    "Single Copy": false,
                    "Plans": [
                        {
                            "Node Type": "Aggregate",
                            "Strategy": "Plain",
                            "Partial Mode": "Partial",
                            "Parent Relationship": "Outer",
                            "Parallel Aware": false,
                            "Startup Cost": 162578.74,
                            "Total Cost": 162578.75,
                            "Plan Rows": 1,
                            "Plan Width": 8,
                            "Actual Startup Time": 380.116,
                            "Actual Total Time": 380.119,
                            "Actual Rows": 1,
                            "Actual Loops": 6,
                            "Output": [
                                "PARTIAL count(*)"
                            ],
                            "Workers": [
                                {
                                    "Worker Number": 0,
                                    "Actual Startup Time": 377.407,
                                    "Actual Total Time": 377.41,
                                    "Actual Rows": 1,
                                    "Actual Loops": 1
                                },
                                {
                                    "Worker Number": 1,
                                    "Actual Startup Time": 378.721,
                                    "Actual Total Time": 378.724,
                                    "Actual Rows": 1,
                                    "Actual Loops": 1
                                },
                                {
                                    "Worker Number": 2,
                                    "Actual Startup Time": 378.21,
                                    "Actual Total Time": 378.213,
                                    "Actual Rows": 1,
                                    "Actual Loops": 1
                                },
                                {
                                    "Worker Number": 3,
                                    "Actual Startup Time": 378.399,
                                    "Actual Total Time": 378.402,
                                    "Actual Rows": 1,
                                    "Actual Loops": 1
                                },
                                {
                                    "Worker Number": 4,
                                    "Actual Startup Time": 378.911,
                                    "Actual Total Time": 378.914,
                                    "Actual Rows": 1,
                                    "Actual Loops": 1
                                }
                            ],
                            "Plans": [
                                {
                                    "Node Type": "Hash Join",
                                    "Parent Relationship": "Outer",
                                    "Parallel Aware": true,
                                    "Join Type": "Inner",
                                    "Startup Cost": 45997.55,
                                    "Total Cost": 162400.02,
                                    "Plan Rows": 71489,
                                    "Plan Width": 0,
                                    "Actual Startup Time": 112.638,
                                    "Actual Total Time": 374.224,
                                    "Actual Rows": 122979,
                                    "Actual Loops": 6,
                                    "Inner Unique": true,
                                    "Hash Cond": "(ci.movie_id = t.id)",
                                    "Workers": [
                                        {
                                            "Worker Number": 0,
                                            "Actual Startup Time": 110.076,
                                            "Actual Total Time": 371.687,
                                            "Actual Rows": 129701,
                                            "Actual Loops": 1
                                        },
                                        {
                                            "Worker Number": 1,
                                            "Actual Startup Time": 110.957,
                                            "Actual Total Time": 372.428,
                                            "Actual Rows": 88007,
                                            "Actual Loops": 1
                                        },
                                        {
                                            "Worker Number": 2,
                                            "Actual Startup Time": 110.827,
                                            "Actual Total Time": 372.346,
                                            "Actual Rows": 130777,
                                            "Actual Loops": 1
                                        },
                                        {
                                            "Worker Number": 3,
                                            "Actual Startup Time": 110.874,
                                            "Actual Total Time": 372.658,
                                            "Actual Rows": 128441,
                                            "Actual Loops": 1
                                        },
                                        {
                                            "Worker Number": 4,
                                            "Actual Startup Time": 111.463,
                                            "Actual Total Time": 373.245,
                                            "Actual Rows": 123296,
                                            "Actual Loops": 1
                                        }
                                    ],
                                    "Plans": [
                                        {
                                            "Node Type": "Index Scan",
                                            "Parent Relationship": "Outer",
                                            "Parallel Aware": true,
                                            "Scan Direction": "Forward",
                                            "Index Name": "role_id_cast_info",
                                            "Relation Name": "cast_info",
                                            "Schema": "public",
                                            "Alias": "ci",
                                            "Startup Cost": 0.56,
                                            "Total Cost": 115696.32,
                                            "Plan Rows": 269229,
                                            "Plan Width": 4,
                                            "Actual Startup Time": 0.184,
                                            "Actual Total Time": 142.746,
                                            "Actual Rows": 562763,
                                            "Actual Loops": 6,
                                            "Output": [
                                                "ci.id",
                                                "ci.person_id",
                                                "ci.movie_id",
                                                "ci.person_role_id",
                                                "ci.note",
                                                "ci.nr_order",
                                                "ci.role_id"
                                            ],
                                            "Index Cond": "(ci.role_id = 10)",
                                            "Rows Removed by Index Recheck": 0,
                                            "Filter": "(ci.person_id > 2535997)",
                                            "Rows Removed by Filter": 157740,
                                            "Workers": [
                                                {
                                                    "Worker Number": 0,
                                                    "Actual Startup Time": 0.256,
                                                    "Actual Total Time": 140.894,
                                                    "Actual Rows": 596502,
                                                    "Actual Loops": 1
                                                },
                                                {
                                                    "Worker Number": 1,
                                                    "Actual Startup Time": 0.273,
                                                    "Actual Total Time": 148.94,
                                                    "Actual Rows": 412467,
                                                    "Actual Loops": 1
                                                },
                                                {
                                                    "Worker Number": 2,
                                                    "Actual Startup Time": 0.213,
                                                    "Actual Total Time": 144.264,
                                                    "Actual Rows": 587321,
                                                    "Actual Loops": 1
                                                },
                                                {
                                                    "Worker Number": 3,
                                                    "Actual Startup Time": 0.088,
                                                    "Actual Total Time": 143.752,
                                                    "Actual Rows": 587282,
                                                    "Actual Loops": 1
                                                },
                                                {
                                                    "Worker Number": 4,
                                                    "Actual Startup Time": 0.062,
                                                    "Actual Total Time": 141.846,
                                                    "Actual Rows": 575334,
                                                    "Actual Loops": 1
                                                }
                                            ]
                                        },
                                        {
                                            "Node Type": "Hash",
                                            "Parent Relationship": "Inner",
                                            "Parallel Aware": true,
                                            "Startup Cost": 43899.01,
                                            "Total Cost": 43899.01,
                                            "Plan Rows": 167838,
                                            "Plan Width": 4,
                                            "Actual Startup Time": 110.391,
                                            "Actual Total Time": 110.392,
                                            "Actual Rows": 110471,
                                            "Actual Loops": 6,
                                            "Output": [
                                                "t.id"
                                            ],
                                            "Hash Buckets": 1048576,
                                            "Original Hash Buckets": 1048576,
                                            "Hash Batches": 1,
                                            "Original Hash Batches": 1,
                                            "Peak Memory Usage": 34208,
                                            "Workers": [
                                                {
                                                    "Worker Number": 0,
                                                    "Actual Startup Time": 109.295,
                                                    "Actual Total Time": 109.296,
                                                    "Actual Rows": 105929,
                                                    "Actual Loops": 1
                                                },
                                                {
                                                    "Worker Number": 1,
                                                    "Actual Startup Time": 110.039,
                                                    "Actual Total Time": 110.04,
                                                    "Actual Rows": 80271,
                                                    "Actual Loops": 1
                                                },
                                                {
                                                    "Worker Number": 2,
                                                    "Actual Startup Time": 110.221,
                                                    "Actual Total Time": 110.222,
                                                    "Actual Rows": 115217,
                                                    "Actual Loops": 1
                                                },
                                                {
                                                    "Worker Number": 3,
                                                    "Actual Startup Time": 110.325,
                                                    "Actual Total Time": 110.326,
                                                    "Actual Rows": 115040,
                                                    "Actual Loops": 1
                                                },
                                                {
                                                    "Worker Number": 4,
                                                    "Actual Startup Time": 110.854,
                                                    "Actual Total Time": 110.855,
                                                    "Actual Rows": 108617,
                                                    "Actual Loops": 1
                                                }
                                            ],
                                            "Plans": [
                                                {
                                                    "Node Type": "Seq Scan",
                                                    "Parent Relationship": "Outer",
                                                    "Parallel Aware": true,
                                                    "Relation Name": "title",
                                                    "Schema": "public",
                                                    "Alias": "t",
                                                    "Startup Cost": 0.0,
                                                    "Total Cost": 43899.01,
                                                    "Plan Rows": 167838,
                                                    "Plan Width": 4,
                                                    "Actual Startup Time": 37.251,
                                                    "Actual Total Time": 74.278,
                                                    "Actual Rows": 110471,
                                                    "Actual Loops": 6,
                                                    "Output": [
                                                        "t.id"
                                                    ],
                                                    "Filter": "(t.kind_id = 1)",
                                                    "Rows Removed by Filter": 310914,
                                                    "Workers": [
                                                        {
                                                            "Worker Number": 0,
                                                            "Actual Startup Time": 42.843,
                                                            "Actual Total Time": 72.682,
                                                            "Actual Rows": 105929,
                                                            "Actual Loops": 1
                                                        },
                                                        {
                                                            "Worker Number": 1,
                                                            "Actual Startup Time": 43.616,
                                                            "Actual Total Time": 75.912,
                                                            "Actual Rows": 80271,
                                                            "Actual Loops": 1
                                                        },
                                                        {
                                                            "Worker Number": 2,
                                                            "Actual Startup Time": 3.436,
                                                            "Actual Total Time": 75.097,
                                                            "Actual Rows": 115217,
                                                            "Actual Loops": 1
                                                        },
                                                        {
                                                            "Worker Number": 3,
                                                            "Actual Startup Time": 43.868,
                                                            "Actual Total Time": 74.825,
                                                            "Actual Rows": 115040,
                                                            "Actual Loops": 1
                                                        },
                                                        {
                                                            "Worker Number": 4,
                                                            "Actual Startup Time": 44.387,
                                                            "Actual Total Time": 74.636,
                                                            "Actual Rows": 108617,
                                                            "Actual Loops": 1
                                                        }
                                                    ]
                                                }
                                            ]
                                        }
                                    ]
                                }
                            ]
                        }
                    ]
                }
            ]
        },
        "Planning Time": 194.966,
        "Triggers": [],
        "Execution Time": 405.242
    }
]