[
  {
    "Plan": {
      "Node Type": "Aggregate",
      "Strategy": "Plain",
      "Partial Mode": "Finalize",
      "Parallel Aware": false,
      "Startup Cost": 80110.97,
      "Total Cost": 80110.98,
      "Plan Rows": 1,
      "Plan Width": 8,
      "Actual Startup Time": 510.211,
      "Actual Total Time": 530.584,
      "Actual Rows": 1,
      "Actual Loops": 1,
      "Plans": [
        {
          "Node Type": "Gather",
          "Parent Relationship": "Outer",
          "Parallel Aware": false,
          "Startup Cost": 80110.66,
          "Total Cost": 80110.97,
          "Plan Rows": 3,
          "Plan Width": 8,
          "Actual Startup Time": 498.173,
          "Actual Total Time": 530.575,
          "Actual Rows": 4,
          "Actual Loops": 1,
          "Workers Planned": 3,
          "Workers Launched": 3,
          "Single Copy": false,
          "Plans": [
            {
              "Node Type": "Aggregate",
              "Strategy": "Plain",
              "Partial Mode": "Partial",
              "Parent Relationship": "Outer",
              "Parallel Aware": false,
              "Startup Cost": 79110.66,
              "Total Cost": 79110.67,
              "Plan Rows": 1,
              "Plan Width": 8,
              "Actual Startup Time": 484.459,
              "Actual Total Time": 484.463,
              "Actual Rows": 1,
              "Actual Loops": 4,
              "Plans": [
                {
                  "Node Type": "Hash Join",
                  "Parent Relationship": "Outer",
                  "Parallel Aware": true,
                  "Join Type": "Inner",
                  "Startup Cost": 58221.8,
                  "Total Cost": 78812.95,
                  "Plan Rows": 119084,
                  "Plan Width": 0,
                  "Actual Startup Time": 390.063,
                  "Actual Total Time": 479.459,
                  "Actual Rows": 91031,
                  "Actual Loops": 4,
                  "Inner Unique": true,
                  "Hash Cond": "(mc.movie_id = t.id)",
                  "Plans": [
                    {
                      "Node Type": "Bitmap Heap Scan",
                      "Parent Relationship": "Outer",
                      "Parallel Aware": true,
                      "Relation Name": "movie_companies",
                      "Alias": "mc",
                      "Startup Cost": 8001.42,
                      "Total Cost": 28279.97,
                      "Plan Rows": 119084,
                      "Plan Width": 4,
                      "Actual Startup Time": 16.612,
                      "Actual Total Time": 53.492,
                      "Actual Rows": 91031,
                      "Actual Loops": 4,
                      "Recheck Cond": "(company_id < 189)",
                      "Rows Removed by Index Recheck": 0,
                      "Exact Heap Blocks": 6649,
                      "Lossy Heap Blocks": 0,
                      "Plans": [
                        {
                          "Node Type": "Bitmap Index Scan",
                          "Parent Relationship": "Outer",
                          "Parallel Aware": false,
                          "Index Name": "company_id_movie_companies",
                          "Startup Cost": 0.0,
                          "Total Cost": 7909.13,
                          "Plan Rows": 369160,
                          "Plan Width": 0,
                          "Actual Startup Time": 13.981,
                          "Actual Total Time": 13.982,
                          "Actual Rows": 364123,
                          "Actual Loops": 1,
                          "Index Cond": "(company_id < 189)"
                        }
                      ]
                    },
                    {
                      "Node Type": "Hash",
                      "Parent Relationship": "Inner",
                      "Parallel Aware": true,
                      "Startup Cost": 42319.06,
                      "Total Cost": 42319.06,
                      "Plan Rows": 632106,
                      "Plan Width": 4,
                      "Actual Startup Time": 364.561,
                      "Actual Total Time": 364.562,
                      "Actual Rows": 632078,
                      "Actual Loops": 4,
                      "Hash Buckets": 4194304,
                      "Original Hash Buckets": 4194304,
                      "Hash Batches": 1,
                      "Original Hash Batches": 1,
                      "Peak Memory Usage": 131712,
                      "Plans": [
                        {
                          "Node Type": "Seq Scan",
                          "Parent Relationship": "Outer",
                          "Parallel Aware": true,
                          "Relation Name": "title",
                          "Alias": "t",
                          "Startup Cost": 0.0,
                          "Total Cost": 42319.06,
                          "Plan Rows": 632106,
                          "Plan Width": 4,
                          "Actual Startup Time": 0.061,
                          "Actual Total Time": 110.475,
                          "Actual Rows": 632078,
                          "Actual Loops": 4
                        }
                      ]
                    }
                  ]
                }
              ]
            }
          ]
        }
      ]
    },
    "Planning Time": 0.304,
    "Triggers": [],
    "Execution Time": 530.635
  }
]