[
  {
    "Plan": {
      "Node Type": "Aggregate",
      "Strategy": "Plain",
      "Partial Mode": "Finalize",
      "Parallel Aware": false,
      "Startup Cost": 76786.67,
      "Total Cost": 76786.68,
      "Plan Rows": 1,
      "Plan Width": 8,
      "Actual Startup Time": 288.586,
      "Actual Total Time": 304.188,
      "Actual Rows": 1,
      "Actual Loops": 1,
      "Plans": [
        {
          "Node Type": "Gather",
          "Parent Relationship": "Outer",
          "Parallel Aware": false,
          "Startup Cost": 76786.25,
          "Total Cost": 76786.66,
          "Plan Rows": 4,
          "Plan Width": 8,
          "Actual Startup Time": 285.569,
          "Actual Total Time": 304.179,
          "Actual Rows": 5,
          "Actual Loops": 1,
          "Workers Planned": 4,
          "Workers Launched": 4,
          "Single Copy": false,
          "Plans": [
            {
              "Node Type": "Aggregate",
              "Strategy": "Plain",
              "Partial Mode": "Partial",
              "Parent Relationship": "Outer",
              "Parallel Aware": false,
              "Startup Cost": 75786.25,
              "Total Cost": 75786.26,
              "Plan Rows": 1,
              "Plan Width": 8,
              "Actual Startup Time": 276.089,
              "Actual Total Time": 276.093,
              "Actual Rows": 1,
              "Actual Loops": 5,
              "Plans": [
                {
                  "Node Type": "Hash Join",
                  "Parent Relationship": "Outer",
                  "Parallel Aware": true,
                  "Join Type": "Inner",
                  "Startup Cost": 29778.2,
                  "Total Cost": 75555.3,
                  "Plan Rows": 92380,
                  "Plan Width": 0,
                  "Actual Startup Time": 105.266,
                  "Actual Total Time": 272.514,
                  "Actual Rows": 72825,
                  "Actual Loops": 5,
                  "Inner Unique": false,
                  "Hash Cond": "(t.id = mc.movie_id)",
                  "Plans": [
                    {
                      "Node Type": "Seq Scan",
                      "Parent Relationship": "Outer",
                      "Parallel Aware": true,
                      "Relation Name": "title",
                      "Alias": "t",
                      "Startup Cost": 0.0,
                      "Total Cost": 42318.73,
                      "Plan Rows": 632073,
                      "Plan Width": 4,
                      "Actual Startup Time": 0.01,
                      "Actual Total Time": 64.623,
                      "Actual Rows": 505662,
                      "Actual Loops": 5
                    },
                    {
                      "Node Type": "Hash",
                      "Parent Relationship": "Inner",
                      "Parallel Aware": true,
                      "Startup Cost": 28288.2,
                      "Total Cost": 28288.2,
                      "Plan Rows": 119200,
                      "Plan Width": 4,
                      "Actual Startup Time": 102.476,
                      "Actual Total Time": 102.477,
                      "Actual Rows": 72825,
                      "Actual Loops": 5,
                      "Hash Buckets": 524288,
                      "Original Hash Buckets": 524288,
                      "Hash Batches": 1,
                      "Original Hash Batches": 1,
                      "Peak Memory Usage": 18432,
                      "Plans": [
                        {
                          "Node Type": "Bitmap Heap Scan",
                          "Parent Relationship": "Outer",
                          "Parallel Aware": true,
                          "Relation Name": "movie_companies",
                          "Alias": "mc",
                          "Startup Cost": 8008.2,
                          "Total Cost": 28288.2,
                          "Plan Rows": 119200,
                          "Plan Width": 4,
                          "Actual Startup Time": 29.973,
                          "Actual Total Time": 73.929,
                          "Actual Rows": 72825,
                          "Actual Loops": 5,
                          "Recheck Cond": "(company_id < 189)",
                          "Rows Removed by Index Recheck": 0,
                          "Exact Heap Blocks": 7071,
                          "Lossy Heap Blocks": 0,
                          "Plans": [
                            {
                              "Node Type": "Bitmap Index Scan",
                              "Parent Relationship": "Outer",
                              "Parallel Aware": false,
                              "Index Name": "company_id_movie_companies",
                              "Startup Cost": 0.0,
                              "Total Cost": 7915.82,
                              "Plan Rows": 369519,
                              "Plan Width": 0,
                              "Actual Startup Time": 26.632,
                              "Actual Total Time": 26.632,
                              "Actual Rows": 364123,
                              "Actual Loops": 1,
                              "Index Cond": "(company_id < 189)"
                            }
                          ]
                        }
                      ]
                    }
                  ]
                }
              ]
            }
          ]
        }
      ]
    },
    "Planning Time": 0.67,
    "Triggers": [],
    "Execution Time": 304.284
  }
]