[
  {
    "Plan": {
      "Node Type": "Aggregate",
      "Strategy": "Plain",
      "Partial Mode": "Finalize",
      "Parallel Aware": false,
      "Startup Cost": 67439.33,
      "Total Cost": 67439.34,
      "Plan Rows": 1,
      "Plan Width": 8,
      "Actual Startup Time": 183.164,
      "Actual Total Time": 199.754,
      "Actual Rows": 1,
      "Actual Loops": 1,
      "Plans": [
        {
          "Node Type": "Gather",
          "Parent Relationship": "Outer",
          "Parallel Aware": false,
          "Startup Cost": 67439.02,
          "Total Cost": 67439.33,
          "Plan Rows": 3,
          "Plan Width": 8,
          "Actual Startup Time": 180.941,
          "Actual Total Time": 199.744,
          "Actual Rows": 4,
          "Actual Loops": 1,
          "Workers Planned": 3,
          "Workers Launched": 3,
          "Single Copy": false,
          "Plans": [
            {
              "Node Type": "Aggregate",
              "Strategy": "Plain",
              "Partial Mode": "Partial",
              "Parent Relationship": "Outer",
              "Parallel Aware": false,
              "Startup Cost": 66439.02,
              "Total Cost": 66439.03,
              "Plan Rows": 1,
              "Plan Width": 8,
              "Actual Startup Time": 173.531,
              "Actual Total Time": 173.541,
              "Actual Rows": 1,
              "Actual Loops": 4,
              "Plans": [
                {
                  "Node Type": "Hash Join",
                  "Parent Relationship": "Outer",
                  "Parallel Aware": true,
                  "Join Type": "Inner",
                  "Startup Cost": 47182.7,
                  "Total Cost": 66435.65,
                  "Plan Rows": 1346,
                  "Plan Width": 0,
                  "Actual Startup Time": 159.788,
                  "Actual Total Time": 173.2,
                  "Actual Rows": 4449,
                  "Actual Loops": 4,
                  "Inner Unique": true,
                  "Hash Cond": "(mc.movie_id = t.id)",
                  "Plans": [
                    {
                      "Node Type": "Bitmap Heap Scan",
                      "Parent Relationship": "Outer",
                      "Parallel Aware": true,
                      "Relation Name": "movie_companies",
                      "Alias": "mc",
                      "Startup Cost": 764.73,
                      "Total Cost": 19987.94,
                      "Plan Rows": 11334,
                      "Plan Width": 4,
                      "Actual Startup Time": 4.692,
                      "Actual Total Time": 13.562,
                      "Actual Rows": 9034,
                      "Actual Loops": 4,
                      "Recheck Cond": "(company_id = 160)",
                      "Rows Removed by Index Recheck": 0,
                      "Exact Heap Blocks": 2128,
                      "Lossy Heap Blocks": 0,
                      "Plans": [
                        {
                          "Node Type": "Bitmap Index Scan",
                          "Parent Relationship": "Outer",
                          "Parallel Aware": false,
                          "Index Name": "company_id_movie_companies",
                          "Startup Cost": 0.0,
                          "Total Cost": 755.95,
                          "Plan Rows": 35136,
                          "Plan Width": 0,
                          "Actual Startup Time": 3.671,
                          "Actual Total Time": 3.672,
                          "Actual Rows": 36136,
                          "Actual Loops": 1,
                          "Index Cond": "(company_id = 160)"
                        }
                      ]
                    },
                    {
                      "Node Type": "Hash",
                      "Parent Relationship": "Inner",
                      "Parallel Aware": true,
                      "Startup Cost": 45479.59,
                      "Total Cost": 45479.59,
                      "Plan Rows": 75070,
                      "Plan Width": 4,
                      "Actual Startup Time": 151.918,
                      "Actual Total Time": 151.919,
                      "Actual Rows": 44934,
                      "Actual Loops": 4,
                      "Hash Buckets": 524288,
                      "Original Hash Buckets": 524288,
                      "Hash Batches": 1,
                      "Original Hash Batches": 1,
                      "Peak Memory Usage": 11200,
                      "Plans": [
                        {
                          "Node Type": "Seq Scan",
                          "Parent Relationship": "Outer",
                          "Parallel Aware": true,
                          "Relation Name": "title",
                          "Alias": "t",
                          "Startup Cost": 0.0,
                          "Total Cost": 45479.59,
                          "Plan Rows": 75070,
                          "Plan Width": 4,
                          "Actual Startup Time": 0.038,
                          "Actual Total Time": 128.102,
                          "Actual Rows": 44934,
                          "Actual Loops": 4,
                          "Filter": "((kind_id > 1) AND (production_year < 1974))",
                          "Rows Removed by Filter": 587144
                        }
                      ]
                    }
                  ]
                }
              ]
            }
          ]
        }
      ]
    },
    "Planning Time": 0.628,
    "Triggers": [],
    "Execution Time": 199.848
  }
]