[
  {
    "Plan": {
      "Node Type": "Aggregate",
      "Strategy": "Plain",
      "Partial Mode": "Finalize",
      "Parallel Aware": false,
      "Startup Cost": 45868.69,
      "Total Cost": 45868.7,
      "Plan Rows": 1,
      "Plan Width": 8,
      "Actual Startup Time": 162.151,
      "Actual Total Time": 171.72,
      "Actual Rows": 1,
      "Actual Loops": 1,
      "Plans": [
        {
          "Node Type": "Gather",
          "Parent Relationship": "Outer",
          "Parallel Aware": false,
          "Startup Cost": 45868.37,
          "Total Cost": 45868.68,
          "Plan Rows": 3,
          "Plan Width": 8,
          "Actual Startup Time": 162.031,
          "Actual Total Time": 171.713,
          "Actual Rows": 4,
          "Actual Loops": 1,
          "Workers Planned": 3,
          "Workers Launched": 3,
          "Single Copy": false,
          "Plans": [
            {
              "Node Type": "Aggregate",
              "Strategy": "Plain",
              "Partial Mode": "Partial",
              "Parent Relationship": "Outer",
              "Parallel Aware": false,
              "Startup Cost": 44868.37,
              "Total Cost": 44868.38,
              "Plan Rows": 1,
              "Plan Width": 8,
              "Actual Startup Time": 153.886,
              "Actual Total Time": 153.887,
              "Actual Rows": 1,
              "Actual Loops": 4,
              "Plans": [
                {
                  "Node Type": "Seq Scan",
                  "Parent Relationship": "Outer",
                  "Parallel Aware": true,
                  "Relation Name": "movie_keyword",
                  "Alias": "mk",
                  "Startup Cost": 0.0,
                  "Total Cost": 42695.65,
                  "Plan Rows": 869086,
                  "Plan Width": 0,
                  "Actual Startup Time": 0.057,
                  "Actual Total Time": 122.526,
                  "Actual Rows": 671212,
                  "Actual Loops": 4,
                  "Filter": "(keyword_id < 7575)",
                  "Rows Removed by Filter": 459771
                }
              ]
            }
          ]
        }
      ]
    },
    "Planning Time": 0.078,
    "Triggers": [],
    "Execution Time": 171.746
  }
]