[
  {
    "Plan": {
      "Node Type": "Aggregate",
      "Strategy": "Plain",
      "Partial Mode": "Finalize",
      "Parallel Aware": false,
      "Startup Cost": 80913.0,
      "Total Cost": 80913.01,
      "Plan Rows": 1,
      "Plan Width": 8,
      "Actual Startup Time": 383.622,
      "Actual Total Time": 398.493,
      "Actual Rows": 1,
      "Actual Loops": 1,
      "Plans": [
        {
          "Node Type": "Gather",
          "Parent Relationship": "Outer",
          "Parallel Aware": false,
          "Startup Cost": 80912.58,
          "Total Cost": 80912.99,
          "Plan Rows": 4,
          "Plan Width": 8,
          "Actual Startup Time": 378.389,
          "Actual Total Time": 398.484,
          "Actual Rows": 5,
          "Actual Loops": 1,
          "Workers Planned": 4,
          "Workers Launched": 4,
          "Single Copy": false,
          "Plans": [
            {
              "Node Type": "Aggregate",
              "Strategy": "Plain",
              "Partial Mode": "Partial",
              "Parent Relationship": "Outer",
              "Parallel Aware": false,
              "Startup Cost": 79912.58,
              "Total Cost": 79912.59,
              "Plan Rows": 1,
              "Plan Width": 8,
              "Actual Startup Time": 368.879,
              "Actual Total Time": 368.882,
              "Actual Rows": 1,
              "Actual Loops": 5,
              "Plans": [
                {
                  "Node Type": "Hash Join",
                  "Parent Relationship": "Outer",
                  "Parallel Aware": true,
                  "Join Type": "Inner",
                  "Startup Cost": 33642.62,
                  "Total Cost": 79567.28,
                  "Plan Rows": 138123,
                  "Plan Width": 0,
                  "Actual Startup Time": 138.192,
                  "Actual Total Time": 360.971,
                  "Actual Rows": 169798,
                  "Actual Loops": 5,
                  "Inner Unique": false,
                  "Hash Cond": "(t.id = mc.movie_id)",
                  "Plans": [
                    {
                      "Node Type": "Seq Scan",
                      "Parent Relationship": "Outer",
                      "Parallel Aware": true,
                      "Relation Name": "title",
                      "Alias": "t",
                      "Startup Cost": 0.0,
                      "Total Cost": 42318.73,
                      "Plan Rows": 632073,
                      "Plan Width": 4,
                      "Actual Startup Time": 0.016,
                      "Actual Total Time": 66.275,
                      "Actual Rows": 505662,
                      "Actual Loops": 5
                    },
                    {
                      "Node Type": "Hash",
                      "Parent Relationship": "Inner",
                      "Parallel Aware": true,
                      "Startup Cost": 31414.82,
                      "Total Cost": 31414.82,
                      "Plan Rows": 178224,
                      "Plan Width": 4,
                      "Actual Startup Time": 133.667,
                      "Actual Total Time": 133.669,
                      "Actual Rows": 169798,
                      "Actual Loops": 5,
                      "Hash Buckets": 1048576,
                      "Original Hash Buckets": 1048576,
                      "Hash Batches": 1,
                      "Original Hash Batches": 1,
                      "Peak Memory Usage": 41504,
                      "Plans": [
                        {
                          "Node Type": "Seq Scan",
                          "Parent Relationship": "Outer",
                          "Parallel Aware": true,
                          "Relation Name": "movie_companies",
                          "Alias": "mc",
                          "Startup Cost": 0.0,
                          "Total Cost": 31414.82,
                          "Plan Rows": 178224,
                          "Plan Width": 4,
                          "Actual Startup Time": 44.901,
                          "Actual Total Time": 78.613,
                          "Actual Rows": 169798,
                          "Actual Loops": 5,
                          "Filter": "((company_id > 14145) AND (company_type_id = 2))",
                          "Rows Removed by Filter": 352028
                        }
                      ]
                    }
                  ]
                }
              ]
            }
          ]
        }
      ]
    },
    "Planning Time": 0.621,
    "Triggers": [],
    "Execution Time": 398.561
  }
]