[
  {
    "Plan": {
      "Node Type": "Aggregate",
      "Strategy": "Plain",
      "Partial Mode": "Finalize",
      "Parallel Aware": false,
      "Startup Cost": 46656.99,
      "Total Cost": 46657.0,
      "Plan Rows": 1,
      "Plan Width": 8,
      "Actual Startup Time": 107.882,
      "Actual Total Time": 119.733,
      "Actual Rows": 1,
      "Actual Loops": 1,
      "Plans": [
        {
          "Node Type": "Gather",
          "Parent Relationship": "Outer",
          "Parallel Aware": false,
          "Startup Cost": 46656.57,
          "Total Cost": 46656.98,
          "Plan Rows": 4,
          "Plan Width": 8,
          "Actual Startup Time": 107.718,
          "Actual Total Time": 119.723,
          "Actual Rows": 5,
          "Actual Loops": 1,
          "Workers Planned": 4,
          "Workers Launched": 4,
          "Single Copy": false,
          "Plans": [
            {
              "Node Type": "Aggregate",
              "Strategy": "Plain",
              "Partial Mode": "Partial",
              "Parent Relationship": "Outer",
              "Parallel Aware": false,
              "Startup Cost": 45656.57,
              "Total Cost": 45656.58,
              "Plan Rows": 1,
              "Plan Width": 8,
              "Actual Startup Time": 99.409,
              "Actual Total Time": 99.41,
              "Actual Rows": 1,
              "Actual Loops": 5,
              "Plans": [
                {
                  "Node Type": "Seq Scan",
                  "Parent Relationship": "Outer",
                  "Parallel Aware": true,
                  "Relation Name": "title",
                  "Alias": "t",
                  "Startup Cost": 0.0,
                  "Total Cost": 45479.1,
                  "Plan Rows": 70989,
                  "Plan Width": 0,
                  "Actual Startup Time": 0.04,
                  "Actual Total Time": 96.758,
                  "Actual Rows": 32045,
                  "Actual Loops": 5,
                  "Filter": "((kind_id > 1) AND (production_year < 1972))",
                  "Rows Removed by Filter": 473617
                }
              ]
            }
          ]
        }
      ]
    },
    "Planning Time": 0.163,
    "Triggers": [],
    "Execution Time": 119.79
  }
]