{
  "Plan": {
    "Node Type": "Aggregate",
    "Strategy": "Plain",
    "Partial Mode": "Finalize",
    "Parallel Aware": false,
    "Startup Cost": 432811.99,
    "Total Cost": 432812.0,
    "Plan Rows": 1,
    "Plan Width": 8,
    "Actual Startup Time": 259.405,
    "Actual Total Time": 301.909,
    "Actual Rows": 1,
    "Actual Loops": 1,
    "Plans": [
      {
        "Node Type": "Gather",
        "Parent Relationship": "Outer",
        "Parallel Aware": false,
        "Startup Cost": 432811.88,
        "Total Cost": 432811.99,
        "Plan Rows": 1,
        "Plan Width": 8,
        "Actual Startup Time": 259.273,
        "Actual Total Time": 301.902,
        "Actual Rows": 2,
        "Actual Loops": 1,
        "Workers Planned": 1,
        "Workers Launched": 1,
        "Single Copy": false,
        "Plans": [
          {
            "Node Type": "Aggregate",
            "Strategy": "Plain",
            "Partial Mode": "Partial",
            "Parent Relationship": "Outer",
            "Parallel Aware": false,
            "Startup Cost": 431811.88,
            "Total Cost": 431811.89,
            "Plan Rows": 1,
            "Plan Width": 8,
            "Actual Startup Time": 253.334,
            "Actual Total Time": 253.335,
            "Actual Rows": 1,
            "Actual Loops": 2,
            "Plans": [
              {
                "Node Type": "Nested Loop",
                "Parent Relationship": "Outer",
                "Parallel Aware": false,
                "Join Type": "Inner",
                "Startup Cost": 0.56,
                "Total Cost": 431761.79,
                "Plan Rows": 20036,
                "Plan Width": 0,
                "Actual Startup Time": 2.867,
                "Actual Total Time": 251.84,
                "Actual Rows": 22624,
                "Actual Loops": 2,
                "Inner Unique": false,
                "Plans": [
                  {
                    "Node Type": "Seq Scan",
                    "Parent Relationship": "Outer",
                    "Parallel Aware": true,
                    "Relation Name": "title",
                    "Alias": "t",
                    "Startup Cost": 0.0,
                    "Total Cost": 58306.47,
                    "Plan Rows": 3421,
                    "Plan Width": 4,
                    "Actual Startup Time": 2.015,
                    "Actual Total Time": 130.708,
                    "Actual Rows": 2957,
                    "Actual Loops": 2,
                    "Filter": "((kind_id < 7) AND (production_year = 1974))",
                    "Rows Removed by Filter": 1261199
                  },
                  {
                    "Node Type": "Index Scan",
                    "Parent Relationship": "Inner",
                    "Parallel Aware": false,
                    "Scan Direction": "Forward",
                    "Index Name": "movie_id_cast_info",
                    "Relation Name": "cast_info",
                    "Alias": "ci",
                    "Startup Cost": 0.56,
                    "Total Cost": 109.02,
                    "Plan Rows": 15,
                    "Plan Width": 4,
                    "Actual Startup Time": 0.009,
                    "Actual Total Time": 0.04,
                    "Actual Rows": 8,
                    "Actual Loops": 5914,
                    "Index Cond": "(movie_id = t.id)",
                    "Rows Removed by Index Recheck": 0,
                    "Filter": "(person_id < 1459557)",
                    "Rows Removed by Filter": 8
                  }
                ]
              }
            ]
          }
        ]
      }
    ]
  },
  "Planning Time": 0.488,
  "Triggers": [],
  "Execution Time": 301.995
}