[
  {
    "Plan": {
      "Node Type": "Aggregate",
      "Strategy": "Plain",
      "Partial Mode": "Finalize",
      "Parallel Aware": false,
      "Startup Cost": 32801.46,
      "Total Cost": 32801.47,
      "Plan Rows": 1,
      "Plan Width": 8,
      "Actual Startup Time": 79.893,
      "Actual Total Time": 85.589,
      "Actual Rows": 1,
      "Actual Loops": 1,
      "Plans": [
        {
          "Node Type": "Gather",
          "Parent Relationship": "Outer",
          "Parallel Aware": false,
          "Startup Cost": 32801.14,
          "Total Cost": 32801.45,
          "Plan Rows": 3,
          "Plan Width": 8,
          "Actual Startup Time": 79.767,
          "Actual Total Time": 85.58,
          "Actual Rows": 4,
          "Actual Loops": 1,
          "Workers Planned": 3,
          "Workers Launched": 3,
          "Single Copy": false,
          "Plans": [
            {
              "Node Type": "Aggregate",
              "Strategy": "Plain",
              "Partial Mode": "Partial",
              "Parent Relationship": "Outer",
              "Parallel Aware": false,
              "Startup Cost": 31801.14,
              "Total Cost": 31801.15,
              "Plan Rows": 1,
              "Plan Width": 8,
              "Actual Startup Time": 75.494,
              "Actual Total Time": 75.495,
              "Actual Rows": 1,
              "Actual Loops": 4,
              "Plans": [
                {
                  "Node Type": "Seq Scan",
                  "Parent Relationship": "Outer",
                  "Parallel Aware": true,
                  "Relation Name": "movie_companies",
                  "Alias": "mc",
                  "Startup Cost": 0.0,
                  "Total Cost": 31414.82,
                  "Plan Rows": 154529,
                  "Plan Width": 0,
                  "Actual Startup Time": 17.162,
                  "Actual Total Time": 73.043,
                  "Actual Rows": 43257,
                  "Actual Loops": 4,
                  "Filter": "((company_id > 17182) AND (company_type_id < 2))",
                  "Rows Removed by Filter": 609025
                }
              ]
            }
          ]
        }
      ]
    },
    "Planning Time": 0.276,
    "Triggers": [],
    "Execution Time": 85.632
  }
]