[
  {
    "Plan": {
      "Node Type": "Aggregate",
      "Strategy": "Plain",
      "Partial Mode": "Finalize",
      "Parallel Aware": false,
      "Startup Cost": 57313.89,
      "Total Cost": 57313.9,
      "Plan Rows": 1,
      "Plan Width": 8,
      "Actual Startup Time": 95.709,
      "Actual Total Time": 109.201,
      "Actual Rows": 1,
      "Actual Loops": 1,
      "Plans": [
        {
          "Node Type": "Gather",
          "Parent Relationship": "Outer",
          "Parallel Aware": false,
          "Startup Cost": 57313.47,
          "Total Cost": 57313.88,
          "Plan Rows": 4,
          "Plan Width": 8,
          "Actual Startup Time": 95.542,
          "Actual Total Time": 109.191,
          "Actual Rows": 5,
          "Actual Loops": 1,
          "Workers Planned": 4,
          "Workers Launched": 4,
          "Single Copy": false,
          "Plans": [
            {
              "Node Type": "Aggregate",
              "Strategy": "Plain",
              "Partial Mode": "Partial",
              "Parent Relationship": "Outer",
              "Parallel Aware": false,
              "Startup Cost": 56313.47,
              "Total Cost": 56313.48,
              "Plan Rows": 1,
              "Plan Width": 8,
              "Actual Startup Time": 89.357,
              "Actual Total Time": 89.359,
              "Actual Rows": 1,
              "Actual Loops": 5,
              "Plans": [
                {
                  "Node Type": "Nested Loop",
                  "Parent Relationship": "Outer",
                  "Parallel Aware": false,
                  "Join Type": "Inner",
                  "Startup Cost": 0.43,
                  "Total Cost": 56310.65,
                  "Plan Rows": 1128,
                  "Plan Width": 0,
                  "Actual Startup Time": 53.653,
                  "Actual Total Time": 89.2,
                  "Actual Rows": 2984,
                  "Actual Loops": 5,
                  "Inner Unique": false,
                  "Plans": [
                    {
                      "Node Type": "Seq Scan",
                      "Parent Relationship": "Outer",
                      "Parallel Aware": true,
                      "Relation Name": "title",
                      "Alias": "t",
                      "Startup Cost": 0.0,
                      "Total Cost": 45479.59,
                      "Plan Rows": 1227,
                      "Plan Width": 4,
                      "Actual Startup Time": 52.472,
                      "Actual Total Time": 78.011,
                      "Actual Rows": 959,
                      "Actual Loops": 5,
                      "Filter": "((kind_id = 1) AND (production_year = 1985))",
                      "Rows Removed by Filter": 504704
                    },
                    {
                      "Node Type": "Index Scan",
                      "Parent Relationship": "Inner",
                      "Parallel Aware": false,
                      "Scan Direction": "Forward",
                      "Index Name": "movie_id_movie_keyword",
                      "Relation Name": "movie_keyword",
                      "Alias": "mk",
                      "Startup Cost": 0.43,
                      "Total Cost": 8.59,
                      "Plan Rows": 24,
                      "Plan Width": 4,
                      "Actual Startup Time": 0.01,
                      "Actual Total Time": 0.011,
                      "Actual Rows": 3,
                      "Actual Loops": 4793,
                      "Index Cond": "(movie_id = t.id)",
                      "Rows Removed by Index Recheck": 0,
                      "Filter": "(keyword_id < 5169)",
                      "Rows Removed by Filter": 3
                    }
                  ]
                }
              ]
            }
          ]
        }
      ]
    },
    "Planning Time": 0.652,
    "Triggers": [],
    "Execution Time": 109.312
  }
]