{
  "Plan": {
    "Node Type": "Aggregate",
    "Strategy": "Plain",
    "Partial Mode": "Finalize",
    "Parallel Aware": false,
    "Startup Cost": 2805548.2,
    "Total Cost": 2805548.21,
    "Plan Rows": 1,
    "Plan Width": 8,
    "Actual Startup Time": 27344.175,
    "Actual Total Time": 27477.964,
    "Actual Rows": 1,
    "Actual Loops": 1,
    "Plans": [
      {
        "Node Type": "Gather",
        "Parent Relationship": "Outer",
        "Parallel Aware": false,
        "Startup Cost": 2805548.09,
        "Total Cost": 2805548.2,
        "Plan Rows": 1,
        "Plan Width": 8,
        "Actual Startup Time": 27334.087,
        "Actual Total Time": 27477.956,
        "Actual Rows": 2,
        "Actual Loops": 1,
        "Workers Planned": 1,
        "Workers Launched": 1,
        "Single Copy": false,
        "Plans": [
          {
            "Node Type": "Aggregate",
            "Strategy": "Plain",
            "Partial Mode": "Partial",
            "Parent Relationship": "Outer",
            "Parallel Aware": false,
            "Startup Cost": 2804548.09,
            "Total Cost": 2804548.1,
            "Plan Rows": 1,
            "Plan Width": 8,
            "Actual Startup Time": 27284.574,
            "Actual Total Time": 27284.579,
            "Actual Rows": 1,
            "Actual Loops": 2,
            "Plans": [
              {
                "Node Type": "Hash Join",
                "Parent Relationship": "Outer",
                "Parallel Aware": true,
                "Join Type": "Inner",
                "Startup Cost": 2493342.68,
                "Total Cost": 2742835.89,
                "Plan Rows": 24684879,
                "Plan Width": 0,
                "Actual Startup Time": 19689.115,
                "Actual Total Time": 24580.038,
                "Actual Rows": 66264443,
                "Actual Loops": 2,
                "Inner Unique": false,
                "Hash Cond": "(mk.movie_id = t.id)",
                "Plans": [
                  {
                    "Node Type": "Seq Scan",
                    "Parent Relationship": "Outer",
                    "Parallel Aware": true,
                    "Relation Name": "movie_keyword",
                    "Alias": "mk",
                    "Startup Cost": 0.0,
                    "Total Cost": 51065.35,
                    "Plan Rows": 2661135,
                    "Plan Width": 4,
                    "Actual Startup Time": 0.015,
                    "Actual Total Time": 163.095,
                    "Actual Rows": 2261965,
                    "Actual Loops": 2
                  },
                  {
                    "Node Type": "Hash",
                    "Parent Relationship": "Inner",
                    "Parallel Aware": true,
                    "Startup Cost": 2320896.9,
                    "Total Cost": 2320896.9,
                    "Plan Rows": 13795662,
                    "Plan Width": 8,
                    "Actual Startup Time": 19590.621,
                    "Actual Total Time": 19590.623,
                    "Actual Rows": 11568017,
                    "Actual Loops": 2,
                    "Hash Buckets": 33554432,
                    "Original Hash Buckets": 33554432,
                    "Hash Batches": 1,
                    "Original Hash Batches": 1,
                    "Peak Memory Usage": 1167264,
                    "Plans": [
                      {
                        "Node Type": "Merge Join",
                        "Parent Relationship": "Outer",
                        "Parallel Aware": false,
                        "Join Type": "Inner",
                        "Startup Cost": 44.88,
                        "Total Cost": 2320896.9,
                        "Plan Rows": 13795662,
                        "Plan Width": 8,
                        "Actual Startup Time": 0.388,
                        "Actual Total Time": 17260.65,
                        "Actual Rows": 11568017,
                        "Actual Loops": 2,
                        "Inner Unique": true,
                        "Merge Cond": "(ci.movie_id = t.id)",
                        "Plans": [
                          {
                            "Node Type": "Index Scan",
                            "Parent Relationship": "Outer",
                            "Parallel Aware": true,
                            "Scan Direction": "Forward",
                            "Index Name": "movie_id_cast_info",
                            "Relation Name": "cast_info",
                            "Alias": "ci",
                            "Startup Cost": 0.56,
                            "Total Cost": 2031898.13,
                            "Plan Rows": 13795662,
                            "Plan Width": 4,
                            "Actual Startup Time": 0.152,
                            "Actual Total Time": 14313.577,
                            "Actual Rows": 11568017,
                            "Actual Loops": 2,
                            "Filter": "((person_id < 3979096) AND (role_id > 1))",
                            "Rows Removed by Filter": 6554155
                          },
                          {
                            "Node Type": "Index Only Scan",
                            "Parent Relationship": "Inner",
                            "Parallel Aware": false,
                            "Scan Direction": "Forward",
                            "Index Name": "title_pkey",
                            "Relation Name": "title",
                            "Alias": "t",
                            "Startup Cost": 0.43,
                            "Total Cost": 110339.97,
                            "Plan Rows": 2528293,
                            "Plan Width": 4,
                            "Actual Startup Time": 0.134,
                            "Actual Total Time": 1579.81,
                            "Actual Rows": 2525963,
                            "Actual Loops": 2,
                            "Heap Fetches": 5051926
                          }
                        ]
                      }
                    ]
                  }
                ]
              }
            ]
          }
        ]
      }
    ]
  },
  "Planning Time": 1.122,
  "Triggers": [],
  "Execution Time": 27478.064
}