[
  {
    "Plan": {
      "Node Type": "Aggregate",
      "Strategy": "Plain",
      "Partial Mode": "Simple",
      "Parallel Aware": false,
      "Startup Cost": 21132.76,
      "Total Cost": 21132.77,
      "Plan Rows": 1,
      "Plan Width": 8,
      "Actual Startup Time": 27.118,
      "Actual Total Time": 30.625,
      "Actual Rows": 1,
      "Actual Loops": 1,
      "Plans": [
        {
          "Node Type": "Gather",
          "Parent Relationship": "Outer",
          "Parallel Aware": false,
          "Startup Cost": 1111.1,
          "Total Cost": 21132.75,
          "Plan Rows": 1,
          "Plan Width": 0,
          "Actual Startup Time": 20.002,
          "Actual Total Time": 30.615,
          "Actual Rows": 3,
          "Actual Loops": 1,
          "Workers Planned": 2,
          "Workers Launched": 2,
          "Single Copy": false,
          "Plans": [
            {
              "Node Type": "Nested Loop",
              "Parent Relationship": "Outer",
              "Parallel Aware": false,
              "Join Type": "Inner",
              "Startup Cost": 111.1,
              "Total Cost": 20132.65,
              "Plan Rows": 1,
              "Plan Width": 0,
              "Actual Startup Time": 14.972,
              "Actual Total Time": 18.697,
              "Actual Rows": 1,
              "Actual Loops": 3,
              "Inner Unique": false,
              "Plans": [
                {
                  "Node Type": "Nested Loop",
                  "Parent Relationship": "Outer",
                  "Parallel Aware": false,
                  "Join Type": "Inner",
                  "Startup Cost": 110.67,
                  "Total Cost": 19528.65,
                  "Plan Rows": 191,
                  "Plan Width": 8,
                  "Actual Startup Time": 9.202,
                  "Actual Total Time": 11.319,
                  "Actual Rows": 37,
                  "Actual Loops": 3,
                  "Inner Unique": true,
                  "Plans": [
                    {
                      "Node Type": "Bitmap Heap Scan",
                      "Parent Relationship": "Outer",
                      "Parallel Aware": true,
                      "Relation Name": "movie_companies",
                      "Alias": "mc",
                      "Startup Cost": 110.24,
                      "Total Cost": 11317.13,
                      "Plan Rows": 1049,
                      "Plan Width": 4,
                      "Actual Startup Time": 8.995,
                      "Actual Total Time": 9.55,
                      "Actual Rows": 89,
                      "Actual Loops": 3,
                      "Recheck Cond": "(company_id = 1709)",
                      "Rows Removed by Index Recheck": 0,
                      "Filter": "(company_type_id = 2)",
                      "Rows Removed by Filter": 1633,
                      "Exact Heap Blocks": 2805,
                      "Lossy Heap Blocks": 0,
                      "Plans": [
                        {
                          "Node Type": "Bitmap Index Scan",
                          "Parent Relationship": "Outer",
                          "Parallel Aware": false,
                          "Index Name": "company_id_movie_companies",
                          "Startup Cost": 0.0,
                          "Total Cost": 109.61,
                          "Plan Rows": 4957,
                          "Plan Width": 0,
                          "Actual Startup Time": 6.482,
                          "Actual Total Time": 6.482,
                          "Actual Rows": 5164,
                          "Actual Loops": 1,
                          "Index Cond": "(company_id = 1709)"
                        }
                      ]
                    },
                    {
                      "Node Type": "Index Scan",
                      "Parent Relationship": "Inner",
                      "Parallel Aware": false,
                      "Scan Direction": "Forward",
                      "Index Name": "title_pkey",
                      "Relation Name": "title",
                      "Alias": "t",
                      "Startup Cost": 0.43,
                      "Total Cost": 7.83,
                      "Plan Rows": 1,
                      "Plan Width": 4,
                      "Actual Startup Time": 0.019,
                      "Actual Total Time": 0.019,
                      "Actual Rows": 0,
                      "Actual Loops": 266,
                      "Index Cond": "(id = mc.movie_id)",
                      "Rows Removed by Index Recheck": 0,
                      "Filter": "((production_year > 1990) AND (kind_id = 1))",
                      "Rows Removed by Filter": 1
                    }
                  ]
                },
                {
                  "Node Type": "Index Scan",
                  "Parent Relationship": "Inner",
                  "Parallel Aware": false,
                  "Scan Direction": "Forward",
                  "Index Name": "movie_id_movie_info",
                  "Relation Name": "movie_info",
                  "Alias": "mi",
                  "Startup Cost": 0.43,
                  "Total Cost": 3.15,
                  "Plan Rows": 1,
                  "Plan Width": 4,
                  "Actual Startup Time": 0.196,
                  "Actual Total Time": 0.199,
                  "Actual Rows": 0,
                  "Actual Loops": 111,
                  "Index Cond": "(movie_id = t.id)",
                  "Rows Removed by Index Recheck": 0,
                  "Filter": "(info_type_id = 75)",
                  "Rows Removed by Filter": 209
                }
              ]
            }
          ]
        }
      ]
    },
    "Planning Time": 1.466,
    "Triggers": [],
    "Execution Time": 30.719
  }
]