{
  "Plan": {
    "Node Type": "Aggregate",
    "Strategy": "Plain",
    "Partial Mode": "Finalize",
    "Parallel Aware": false,
    "Startup Cost": 114143.73,
    "Total Cost": 114143.74,
    "Plan Rows": 1,
    "Plan Width": 32,
    "Actual Startup Time": 818.895,
    "Actual Total Time": 852.918,
    "Actual Rows": 1,
    "Actual Loops": 1,
    "Plans": [
      {
        "Node Type": "Gather",
        "Parent Relationship": "Outer",
        "Parallel Aware": false,
        "Startup Cost": 114143.41,
        "Total Cost": 114143.72,
        "Plan Rows": 3,
        "Plan Width": 32,
        "Actual Startup Time": 794.12,
        "Actual Total Time": 852.906,
        "Actual Rows": 4,
        "Actual Loops": 1,
        "Workers Planned": 3,
        "Workers Launched": 3,
        "Single Copy": false,
        "Plans": [
          {
            "Node Type": "Aggregate",
            "Strategy": "Plain",
            "Partial Mode": "Partial",
            "Parent Relationship": "Outer",
            "Parallel Aware": false,
            "Startup Cost": 113143.41,
            "Total Cost": 113143.42,
            "Plan Rows": 1,
            "Plan Width": 32,
            "Actual Startup Time": 774.665,
            "Actual Total Time": 774.673,
            "Actual Rows": 1,
            "Actual Loops": 4,
            "Plans": [
              {
                "Node Type": "Hash Join",
                "Parent Relationship": "Outer",
                "Parallel Aware": false,
                "Join Type": "Inner",
                "Startup Cost": 51399.56,
                "Total Cost": 113095.95,
                "Plan Rows": 18984,
                "Plan Width": 17,
                "Actual Startup Time": 708.602,
                "Actual Total Time": 774.611,
                "Actual Rows": 168,
                "Actual Loops": 4,
                "Inner Unique": true,
                "Hash Cond": "(mi.info_type_id = it.id)",
                "Plans": [
                  {
                    "Node Type": "Nested Loop",
                    "Parent Relationship": "Outer",
                    "Parallel Aware": false,
                    "Join Type": "Inner",
                    "Startup Cost": 51396.01,
                    "Total Cost": 113040.71,
                    "Plan Rows": 18984,
                    "Plan Width": 21,
                    "Actual Startup Time": 708.083,
                    "Actual Total Time": 773.981,
                    "Actual Rows": 168,
                    "Actual Loops": 4,
                    "Inner Unique": false,
                    "Plans": [
                      {
                        "Node Type": "Hash Join",
                        "Parent Relationship": "Outer",
                        "Parallel Aware": false,
                        "Join Type": "Inner",
                        "Startup Cost": 51395.58,
                        "Total Cost": 83285.98,
                        "Plan Rows": 14546,
                        "Plan Width": 25,
                        "Actual Startup Time": 707.846,
                        "Actual Total Time": 751.095,
                        "Actual Rows": 193,
                        "Actual Loops": 4,
                        "Inner Unique": true,
                        "Hash Cond": "(mc.company_type_id = ct.id)",
                        "Plans": [
                          {
                            "Node Type": "Hash Join",
                            "Parent Relationship": "Outer",
                            "Parallel Aware": true,
                            "Join Type": "Inner",
                            "Startup Cost": 51394.52,
                            "Total Cost": 82970.36,
                            "Plan Rows": 58186,
                            "Plan Width": 29,
                            "Actual Startup Time": 551.809,
                            "Actual Total Time": 744.729,
                            "Actual Rows": 72911,
                            "Actual Loops": 4,
                            "Inner Unique": true,
                            "Hash Cond": "(mc.movie_id = t.id)",
                            "Plans": [
                              {
                                "Node Type": "Seq Scan",
                                "Parent Relationship": "Outer",
                                "Parallel Aware": true,
                                "Relation Name": "movie_companies",
                                "Alias": "mc",
                                "Startup Cost": 0.0,
                                "Total Cost": 31414.82,
                                "Plan Rows": 61343,
                                "Plan Width": 8,
                                "Actual Startup Time": 0.063,
                                "Actual Total Time": 145.338,
                                "Actual Rows": 73907,
                                "Actual Loops": 4,
                                "Filter": "((note !~~ '%(TV)%'::text) AND (note ~~ '%(USA)%'::text))",
                                "Rows Removed by Filter": 578375
                              },
                              {
                                "Node Type": "Hash",
                                "Parent Relationship": "Inner",
                                "Parallel Aware": true,
                                "Startup Cost": 43899.59,
                                "Total Cost": 43899.59,
                                "Plan Rows": 599594,
                                "Plan Width": 21,
                                "Actual Startup Time": 541.067,
                                "Actual Total Time": 541.068,
                                "Actual Rows": 597219,
                                "Actual Loops": 4,
                                "Hash Buckets": 4194304,
                                "Original Hash Buckets": 4194304,
                                "Hash Batches": 1,
                                "Original Hash Batches": 1,
                                "Peak Memory Usage": 167168,
                                "Plans": [
                                  {
                                    "Node Type": "Seq Scan",
                                    "Parent Relationship": "Outer",
                                    "Parallel Aware": true,
                                    "Relation Name": "title",
                                    "Alias": "t",
                                    "Startup Cost": 0.0,
                                    "Total Cost": 43899.59,
                                    "Plan Rows": 599594,
                                    "Plan Width": 21,
                                    "Actual Startup Time": 0.071,
                                    "Actual Total Time": 186.019,
                                    "Actual Rows": 597219,
                                    "Actual Loops": 4,
                                    "Filter": "(production_year < 2013)",
                                    "Rows Removed by Filter": 34859
                                  }
                                ]
                              }
                            ]
                          },
                          {
                            "Node Type": "Hash",
                            "Parent Relationship": "Inner",
                            "Parallel Aware": false,
                            "Startup Cost": 1.05,
                            "Total Cost": 1.05,
                            "Plan Rows": 1,
                            "Plan Width": 4,
                            "Actual Startup Time": 0.074,
                            "Actual Total Time": 0.075,
                            "Actual Rows": 1,
                            "Actual Loops": 4,
                            "Hash Buckets": 1024,
                            "Original Hash Buckets": 1024,
                            "Hash Batches": 1,
                            "Original Hash Batches": 1,
                            "Peak Memory Usage": 9,
                            "Plans": [
                              {
                                "Node Type": "Seq Scan",
                                "Parent Relationship": "Outer",
                                "Parallel Aware": false,
                                "Relation Name": "company_type",
                                "Alias": "ct",
                                "Startup Cost": 0.0,
                                "Total Cost": 1.05,
                                "Plan Rows": 1,
                                "Plan Width": 4,
                                "Actual Startup Time": 0.055,
                                "Actual Total Time": 0.058,
                                "Actual Rows": 1,
                                "Actual Loops": 4,
                                "Filter": "((kind)::text = 'production companies'::text)",
                                "Rows Removed by Filter": 3
                              }
                            ]
                          }
                        ]
                      },
                      {
                        "Node Type": "Index Scan",
                        "Parent Relationship": "Inner",
                        "Parallel Aware": false,
                        "Scan Direction": "Forward",
                        "Index Name": "movie_id_movie_info",
                        "Relation Name": "movie_info",
                        "Alias": "mi",
                        "Startup Cost": 0.43,
                        "Total Cost": 2.03,
                        "Plan Rows": 2,
                        "Plan Width": 8,
                        "Actual Startup Time": 0.108,
                        "Actual Total Time": 0.117,
                        "Actual Rows": 1,
                        "Actual Loops": 772,
                        "Index Cond": "(movie_id = t.id)",
                        "Rows Removed by Index Recheck": 0,
                        "Filter": "(info = ANY ('{Sweden,Norway,Germany,Denmark,Swedish,Denish,Norwegian,German,USA,American}'::text[]))",
                        "Rows Removed by Filter": 10
                      }
                    ]
                  },
                  {
                    "Node Type": "Hash",
                    "Parent Relationship": "Inner",
                    "Parallel Aware": false,
                    "Startup Cost": 2.13,
                    "Total Cost": 2.13,
                    "Plan Rows": 113,
                    "Plan Width": 4,
                    "Actual Startup Time": 0.179,
                    "Actual Total Time": 0.18,
                    "Actual Rows": 113,
                    "Actual Loops": 4,
                    "Hash Buckets": 1024,
                    "Original Hash Buckets": 1024,
                    "Hash Batches": 1,
                    "Original Hash Batches": 1,
                    "Peak Memory Usage": 12,
                    "Plans": [
                      {
                        "Node Type": "Seq Scan",
                        "Parent Relationship": "Outer",
                        "Parallel Aware": false,
                        "Relation Name": "info_type",
                        "Alias": "it",
                        "Startup Cost": 0.0,
                        "Total Cost": 2.13,
                        "Plan Rows": 113,
                        "Plan Width": 4,
                        "Actual Startup Time": 0.076,
                        "Actual Total Time": 0.106,
                        "Actual Rows": 113,
                        "Actual Loops": 4
                      }
                    ]
                  }
                ]
              }
            ]
          }
        ]
      }
    ]
  },
  "Planning Time": 7.385,
  "Triggers": [],
  "Execution Time": 853.438
}