[
  {
    "Plan": {
      "Node Type": "Aggregate",
      "Strategy": "Plain",
      "Partial Mode": "Finalize",
      "Parallel Aware": false,
      "Startup Cost": 333577.74,
      "Total Cost": 333577.75,
      "Plan Rows": 1,
      "Plan Width": 8,
      "Actual Startup Time": 325.871,
      "Actual Total Time": 341.918,
      "Actual Rows": 1,
      "Actual Loops": 1,
      "Plans": [
        {
          "Node Type": "Gather",
          "Parent Relationship": "Outer",
          "Parallel Aware": false,
          "Startup Cost": 333577.12,
          "Total Cost": 333577.73,
          "Plan Rows": 6,
          "Plan Width": 8,
          "Actual Startup Time": 318.624,
          "Actual Total Time": 341.907,
          "Actual Rows": 7,
          "Actual Loops": 1,
          "Workers Planned": 6,
          "Workers Launched": 6,
          "Single Copy": false,
          "Plans": [
            {
              "Node Type": "Aggregate",
              "Strategy": "Plain",
              "Partial Mode": "Partial",
              "Parent Relationship": "Outer",
              "Parallel Aware": false,
              "Startup Cost": 332577.12,
              "Total Cost": 332577.13,
              "Plan Rows": 1,
              "Plan Width": 8,
              "Actual Startup Time": 307.898,
              "Actual Total Time": 307.905,
              "Actual Rows": 1,
              "Actual Loops": 7,
              "Plans": [
                {
                  "Node Type": "Hash Join",
                  "Parent Relationship": "Outer",
                  "Parallel Aware": true,
                  "Join Type": "Inner",
                  "Startup Cost": 76512.21,
                  "Total Cost": 332351.24,
                  "Plan Rows": 90349,
                  "Plan Width": 0,
                  "Actual Startup Time": 196.755,
                  "Actual Total Time": 304.438,
                  "Actual Rows": 59795,
                  "Actual Loops": 7,
                  "Inner Unique": true,
                  "Hash Cond": "(ci.movie_id = t.id)",
                  "Plans": [
                    {
                      "Node Type": "Bitmap Heap Scan",
                      "Parent Relationship": "Outer",
                      "Parallel Aware": true,
                      "Relation Name": "cast_info",
                      "Alias": "ci",
                      "Startup Cost": 27607.1,
                      "Total Cost": 282899.09,
                      "Plan Rows": 208399,
                      "Plan Width": 4,
                      "Actual Startup Time": 41.639,
                      "Actual Total Time": 86.941,
                      "Actual Rows": 169352,
                      "Actual Loops": 7,
                      "Recheck Cond": "(person_id > 3832040)",
                      "Rows Removed by Index Recheck": 0,
                      "Exact Heap Blocks": 3080,
                      "Lossy Heap Blocks": 0,
                      "Plans": [
                        {
                          "Node Type": "Bitmap Index Scan",
                          "Parent Relationship": "Outer",
                          "Parallel Aware": false,
                          "Index Name": "person_id_cast_info",
                          "Startup Cost": 0.0,
                          "Total Cost": 27294.51,
                          "Plan Rows": 1250392,
                          "Plan Width": 0,
                          "Actual Startup Time": 38.936,
                          "Actual Total Time": 38.937,
                          "Actual Rows": 1185461,
                          "Actual Loops": 1,
                          "Index Cond": "(person_id > 3832040)"
                        }
                      ]
                    },
                    {
                      "Node Type": "Hash",
                      "Parent Relationship": "Inner",
                      "Parallel Aware": true,
                      "Startup Cost": 45479.59,
                      "Total Cost": 45479.59,
                      "Plan Rows": 274042,
                      "Plan Width": 4,
                      "Actual Startup Time": 151.678,
                      "Actual Total Time": 151.68,
                      "Actual Rows": 149175,
                      "Actual Loops": 7,
                      "Hash Buckets": 2097152,
                      "Original Hash Buckets": 2097152,
                      "Hash Batches": 1,
                      "Original Hash Batches": 1,
                      "Peak Memory Usage": 57344,
                      "Plans": [
                        {
                          "Node Type": "Seq Scan",
                          "Parent Relationship": "Outer",
                          "Parallel Aware": true,
                          "Relation Name": "title",
                          "Alias": "t",
                          "Startup Cost": 0.0,
                          "Total Cost": 45479.59,
                          "Plan Rows": 274042,
                          "Plan Width": 4,
                          "Actual Startup Time": 0.041,
                          "Actual Total Time": 79.263,
                          "Actual Rows": 149175,
                          "Actual Loops": 7,
                          "Filter": "((production_year < 2009) AND (kind_id = 7))",
                          "Rows Removed by Filter": 212013
                        }
                      ]
                    }
                  ]
                }
              ]
            }
          ]
        }
      ]
    },
    "Planning Time": 0.337,
    "Triggers": [],
    "Execution Time": 341.972
  }
]