{
  "Plan": {
    "Node Type": "Aggregate",
    "Strategy": "Plain",
    "Partial Mode": "Finalize",
    "Parallel Aware": false,
    "Startup Cost": 646218.37,
    "Total Cost": 646218.38,
    "Plan Rows": 1,
    "Plan Width": 8,
    "Actual Startup Time": 5358.736,
    "Actual Total Time": 5410.661,
    "Actual Rows": 1,
    "Actual Loops": 1,
    "Plans": [
      {
        "Node Type": "Gather",
        "Parent Relationship": "Outer",
        "Parallel Aware": false,
        "Startup Cost": 646218.25,
        "Total Cost": 646218.36,
        "Plan Rows": 1,
        "Plan Width": 8,
        "Actual Startup Time": 5357.091,
        "Actual Total Time": 5410.649,
        "Actual Rows": 2,
        "Actual Loops": 1,
        "Workers Planned": 1,
        "Workers Launched": 1,
        "Single Copy": false,
        "Plans": [
          {
            "Node Type": "Aggregate",
            "Strategy": "Plain",
            "Partial Mode": "Partial",
            "Parent Relationship": "Outer",
            "Parallel Aware": false,
            "Startup Cost": 645218.25,
            "Total Cost": 645218.26,
            "Plan Rows": 1,
            "Plan Width": 8,
            "Actual Startup Time": 5351.213,
            "Actual Total Time": 5351.217,
            "Actual Rows": 1,
            "Actual Loops": 2,
            "Plans": [
              {
                "Node Type": "Hash Join",
                "Parent Relationship": "Outer",
                "Parallel Aware": true,
                "Join Type": "Inner",
                "Startup Cost": 64063.28,
                "Total Cost": 631078.2,
                "Plan Rows": 5656021,
                "Plan Width": 0,
                "Actual Startup Time": 406.356,
                "Actual Total Time": 5201.164,
                "Actual Rows": 3689885,
                "Actual Loops": 2,
                "Inner Unique": true,
                "Hash Cond": "(ci.movie_id = t.id)",
                "Plans": [
                  {
                    "Node Type": "Seq Scan",
                    "Parent Relationship": "Outer",
                    "Parallel Aware": true,
                    "Relation Name": "cast_info",
                    "Alias": "ci",
                    "Startup Cost": 0.0,
                    "Total Cost": 519069.44,
                    "Plan Rows": 18264915,
                    "Plan Width": 4,
                    "Actual Startup Time": 136.368,
                    "Actual Total Time": 1713.082,
                    "Actual Rows": 15446814,
                    "Actual Loops": 2,
                    "Filter": "(person_id > 516495)",
                    "Rows Removed by Filter": 2675358
                  },
                  {
                    "Node Type": "Hash",
                    "Parent Relationship": "Inner",
                    "Parallel Aware": true,
                    "Startup Cost": 58306.47,
                    "Total Cost": 58306.47,
                    "Plan Rows": 460545,
                    "Plan Width": 4,
                    "Actual Startup Time": 260.193,
                    "Actual Total Time": 260.194,
                    "Actual Rows": 342892,
                    "Actual Loops": 2,
                    "Hash Buckets": 1048576,
                    "Original Hash Buckets": 1048576,
                    "Hash Batches": 1,
                    "Original Hash Batches": 1,
                    "Peak Memory Usage": 35040,
                    "Plans": [
                      {
                        "Node Type": "Seq Scan",
                        "Parent Relationship": "Outer",
                        "Parallel Aware": true,
                        "Relation Name": "title",
                        "Alias": "t",
                        "Startup Cost": 0.0,
                        "Total Cost": 58306.47,
                        "Plan Rows": 460545,
                        "Plan Width": 4,
                        "Actual Startup Time": 0.028,
                        "Actual Total Time": 166.709,
                        "Actual Rows": 342892,
                        "Actual Loops": 2,
                        "Filter": "((kind_id > 3) AND (production_year < 2003))",
                        "Rows Removed by Filter": 921264
                      }
                    ]
                  }
                ]
              }
            ]
          }
        ]
      }
    ]
  },
  "Planning Time": 0.707,
  "Triggers": [],
  "Execution Time": 5410.747
}