[
  {
    "Plan": {
      "Node Type": "Aggregate",
      "Strategy": "Plain",
      "Partial Mode": "Finalize",
      "Parallel Aware": false,
      "Startup Cost": 47249.32,
      "Total Cost": 47249.33,
      "Plan Rows": 1,
      "Plan Width": 8,
      "Actual Startup Time": 107.662,
      "Actual Total Time": 119.195,
      "Actual Rows": 1,
      "Actual Loops": 1,
      "Plans": [
        {
          "Node Type": "Gather",
          "Parent Relationship": "Outer",
          "Parallel Aware": false,
          "Startup Cost": 47248.9,
          "Total Cost": 47249.31,
          "Plan Rows": 4,
          "Plan Width": 8,
          "Actual Startup Time": 107.497,
          "Actual Total Time": 119.187,
          "Actual Rows": 5,
          "Actual Loops": 1,
          "Workers Planned": 4,
          "Workers Launched": 4,
          "Single Copy": false,
          "Plans": [
            {
              "Node Type": "Aggregate",
              "Strategy": "Plain",
              "Partial Mode": "Partial",
              "Parent Relationship": "Outer",
              "Parallel Aware": false,
              "Startup Cost": 46248.9,
              "Total Cost": 46248.91,
              "Plan Rows": 1,
              "Plan Width": 8,
              "Actual Startup Time": 100.22,
              "Actual Total Time": 100.221,
              "Actual Rows": 1,
              "Actual Loops": 5,
              "Plans": [
                {
                  "Node Type": "Seq Scan",
                  "Parent Relationship": "Outer",
                  "Parallel Aware": true,
                  "Relation Name": "title",
                  "Alias": "t",
                  "Startup Cost": 0.0,
                  "Total Cost": 45479.1,
                  "Plan Rows": 307922,
                  "Plan Width": 0,
                  "Actual Startup Time": 0.03,
                  "Actual Total Time": 88.057,
                  "Actual Rows": 239475,
                  "Actual Loops": 5,
                  "Filter": "((kind_id > 1) AND (production_year < 2008))",
                  "Rows Removed by Filter": 266188
                }
              ]
            }
          ]
        }
      ]
    },
    "Planning Time": 0.182,
    "Triggers": [],
    "Execution Time": 119.241
  }
]