[
  {
    "Plan": {
      "Node Type": "Aggregate",
      "Strategy": "Plain",
      "Partial Mode": "Finalize",
      "Parallel Aware": false,
      "Startup Cost": 33366.05,
      "Total Cost": 33366.06,
      "Plan Rows": 1,
      "Plan Width": 8,
      "Actual Startup Time": 107.608,
      "Actual Total Time": 116.424,
      "Actual Rows": 1,
      "Actual Loops": 1,
      "Plans": [
        {
          "Node Type": "Gather",
          "Parent Relationship": "Outer",
          "Parallel Aware": false,
          "Startup Cost": 33365.74,
          "Total Cost": 33366.05,
          "Plan Rows": 3,
          "Plan Width": 8,
          "Actual Startup Time": 107.453,
          "Actual Total Time": 116.415,
          "Actual Rows": 4,
          "Actual Loops": 1,
          "Workers Planned": 3,
          "Workers Launched": 3,
          "Single Copy": false,
          "Plans": [
            {
              "Node Type": "Aggregate",
              "Strategy": "Plain",
              "Partial Mode": "Partial",
              "Parent Relationship": "Outer",
              "Parallel Aware": false,
              "Startup Cost": 32365.74,
              "Total Cost": 32365.75,
              "Plan Rows": 1,
              "Plan Width": 8,
              "Actual Startup Time": 103.477,
              "Actual Total Time": 103.479,
              "Actual Rows": 1,
              "Actual Loops": 4,
              "Plans": [
                {
                  "Node Type": "Seq Scan",
                  "Parent Relationship": "Outer",
                  "Parallel Aware": true,
                  "Relation Name": "movie_companies",
                  "Alias": "mc",
                  "Startup Cost": 0.0,
                  "Total Cost": 31414.82,
                  "Plan Rows": 380367,
                  "Plan Width": 0,
                  "Actual Startup Time": 0.023,
                  "Actual Total Time": 88.637,
                  "Actual Rows": 280540,
                  "Actual Loops": 4,
                  "Filter": "((company_id > 49) AND (company_type_id = 1))",
                  "Rows Removed by Filter": 371742
                }
              ]
            }
          ]
        }
      ]
    },
    "Planning Time": 0.146,
    "Triggers": [],
    "Execution Time": 116.459
  }
]