[
  {
    "Plan": {
      "Node Type": "Aggregate",
      "Strategy": "Plain",
      "Partial Mode": "Finalize",
      "Parallel Aware": false,
      "Startup Cost": 33374.36,
      "Total Cost": 33374.37,
      "Plan Rows": 1,
      "Plan Width": 8,
      "Actual Startup Time": 99.932,
      "Actual Total Time": 107.851,
      "Actual Rows": 1,
      "Actual Loops": 1,
      "Plans": [
        {
          "Node Type": "Gather",
          "Parent Relationship": "Outer",
          "Parallel Aware": false,
          "Startup Cost": 33374.04,
          "Total Cost": 33374.35,
          "Plan Rows": 3,
          "Plan Width": 8,
          "Actual Startup Time": 99.815,
          "Actual Total Time": 107.843,
          "Actual Rows": 4,
          "Actual Loops": 1,
          "Workers Planned": 3,
          "Workers Launched": 3,
          "Single Copy": false,
          "Plans": [
            {
              "Node Type": "Aggregate",
              "Strategy": "Plain",
              "Partial Mode": "Partial",
              "Parent Relationship": "Outer",
              "Parallel Aware": false,
              "Startup Cost": 32374.04,
              "Total Cost": 32374.05,
              "Plan Rows": 1,
              "Plan Width": 8,
              "Actual Startup Time": 93.222,
              "Actual Total Time": 93.223,
              "Actual Rows": 1,
              "Actual Loops": 4,
              "Plans": [
                {
                  "Node Type": "Seq Scan",
                  "Parent Relationship": "Outer",
                  "Parallel Aware": true,
                  "Relation Name": "movie_companies",
                  "Alias": "mc",
                  "Startup Cost": 0.0,
                  "Total Cost": 31414.82,
                  "Plan Rows": 383690,
                  "Plan Width": 0,
                  "Actual Startup Time": 0.047,
                  "Actual Total Time": 78.467,
                  "Actual Rows": 280540,
                  "Actual Loops": 4,
                  "Filter": "((company_id > 49) AND (company_type_id = 1))",
                  "Rows Removed by Filter": 371742
                }
              ]
            }
          ]
        }
      ]
    },
    "Planning Time": 0.297,
    "Triggers": [],
    "Execution Time": 107.96
  }
]