[
  {
    "Plan": {
      "Node Type": "Aggregate",
      "Strategy": "Plain",
      "Partial Mode": "Finalize",
      "Parallel Aware": false,
      "Startup Cost": 423050.83,
      "Total Cost": 423050.84,
      "Plan Rows": 1,
      "Plan Width": 8,
      "Actual Startup Time": 1423.797,
      "Actual Total Time": 1455.33,
      "Actual Rows": 1,
      "Actual Loops": 1,
      "Plans": [
        {
          "Node Type": "Gather",
          "Parent Relationship": "Outer",
          "Parallel Aware": false,
          "Startup Cost": 423050.52,
          "Total Cost": 423050.83,
          "Plan Rows": 3,
          "Plan Width": 8,
          "Actual Startup Time": 1409.615,
          "Actual Total Time": 1455.319,
          "Actual Rows": 4,
          "Actual Loops": 1,
          "Workers Planned": 3,
          "Workers Launched": 3,
          "Single Copy": false,
          "Plans": [
            {
              "Node Type": "Aggregate",
              "Strategy": "Plain",
              "Partial Mode": "Partial",
              "Parent Relationship": "Outer",
              "Parallel Aware": false,
              "Startup Cost": 422050.52,
              "Total Cost": 422050.53,
              "Plan Rows": 1,
              "Plan Width": 8,
              "Actual Startup Time": 1401.636,
              "Actual Total Time": 1402.089,
              "Actual Rows": 1,
              "Actual Loops": 4,
              "Plans": [
                {
                  "Node Type": "Hash Join",
                  "Parent Relationship": "Outer",
                  "Parallel Aware": true,
                  "Join Type": "Inner",
                  "Startup Cost": 376508.3,
                  "Total Cost": 421437.08,
                  "Plan Rows": 245375,
                  "Plan Width": 0,
                  "Actual Startup Time": 895.47,
                  "Actual Total Time": 1289.397,
                  "Actual Rows": 2751285,
                  "Actual Loops": 4,
                  "Inner Unique": false,
                  "Hash Cond": "(mk.movie_id = t.id)",
                  "Plans": [
                    {
                      "Node Type": "Seq Scan",
                      "Parent Relationship": "Outer",
                      "Parallel Aware": true,
                      "Relation Name": "movie_keyword",
                      "Alias": "mk",
                      "Startup Cost": 0.0,
                      "Total Cost": 39047.32,
                      "Plan Rows": 1459332,
                      "Plan Width": 4,
                      "Actual Startup Time": 0.02,
                      "Actual Total Time": 84.297,
                      "Actual Rows": 1130982,
                      "Actual Loops": 4
                    },
                    {
                      "Node Type": "Hash",
                      "Parent Relationship": "Inner",
                      "Parallel Aware": true,
                      "Startup Cost": 375622.6,
                      "Total Cost": 375622.6,
                      "Plan Rows": 70856,
                      "Plan Width": 8,
                      "Actual Startup Time": 892.52,
                      "Actual Total Time": 892.972,
                      "Actual Rows": 338042,
                      "Actual Loops": 4,
                      "Hash Buckets": 2097152,
                      "Original Hash Buckets": 524288,
                      "Hash Batches": 1,
                      "Original Hash Batches": 1,
                      "Peak Memory Usage": 81632,
                      "Plans": [
                        {
                          "Node Type": "Hash Join",
                          "Parent Relationship": "Outer",
                          "Parallel Aware": true,
                          "Join Type": "Inner",
                          "Startup Cost": 114559.93,
                          "Total Cost": 375622.6,
                          "Plan Rows": 70856,
                          "Plan Width": 8,
                          "Actual Startup Time": 306.832,
                          "Actual Total Time": 722.206,
                          "Actual Rows": 338042,
                          "Actual Loops": 4,
                          "Inner Unique": true,
                          "Hash Cond": "(ci.movie_id = t.id)",
                          "Plans": [
                            {
                              "Node Type": "Bitmap Heap Scan",
                              "Parent Relationship": "Outer",
                              "Parallel Aware": true,
                              "Relation Name": "cast_info",
                              "Alias": "ci",
                              "Startup Cost": 68218.26,
                              "Total Cost": 328679.21,
                              "Plan Rows": 229228,
                              "Plan Width": 4,
                              "Actual Startup Time": 118.68,
                              "Actual Total Time": 297.234,
                              "Actual Rows": 763162,
                              "Actual Loops": 4,
                              "Recheck Cond": "(person_id > 3497904)",
                              "Rows Removed by Index Recheck": 0,
                              "Filter": "(role_id > 2)",
                              "Rows Removed by Filter": 0,
                              "Exact Heap Blocks": 12399,
                              "Lossy Heap Blocks": 0,
                              "Plans": [
                                {
                                  "Node Type": "Bitmap Index Scan",
                                  "Parent Relationship": "Outer",
                                  "Parallel Aware": false,
                                  "Index Name": "person_id_cast_info",
                                  "Startup Cost": 0.0,
                                  "Total Cost": 67874.42,
                                  "Plan Rows": 3109580,
                                  "Plan Width": 0,
                                  "Actual Startup Time": 111.58,
                                  "Actual Total Time": 111.58,
                                  "Actual Rows": 3052648,
                                  "Actual Loops": 1,
                                  "Index Cond": "(person_id > 3497904)"
                                }
                              ]
                            },
                            {
                              "Node Type": "Hash",
                              "Parent Relationship": "Inner",
                              "Parallel Aware": true,
                              "Startup Cost": 43899.32,
                              "Total Cost": 43899.32,
                              "Plan Rows": 195388,
                              "Plan Width": 4,
                              "Actual Startup Time": 184.886,
                              "Actual Total Time": 184.887,
                              "Actual Rows": 196232,
                              "Actual Loops": 4,
                              "Hash Buckets": 1048576,
                              "Original Hash Buckets": 1048576,
                              "Hash Batches": 1,
                              "Original Hash Batches": 1,
                              "Peak Memory Usage": 38976,
                              "Plans": [
                                {
                                  "Node Type": "Seq Scan",
                                  "Parent Relationship": "Outer",
                                  "Parallel Aware": true,
                                  "Relation Name": "title",
                                  "Alias": "t",
                                  "Startup Cost": 0.0,
                                  "Total Cost": 43899.32,
                                  "Plan Rows": 195388,
                                  "Plan Width": 4,
                                  "Actual Startup Time": 0.055,
                                  "Actual Total Time": 104.128,
                                  "Actual Rows": 196232,
                                  "Actual Loops": 4,
                                  "Filter": "(production_year > 2007)",
                                  "Rows Removed by Filter": 435846
                                }
                              ]
                            }
                          ]
                        }
                      ]
                    }
                  ]
                }
              ]
            }
          ]
        }
      ]
    },
    "Planning Time": 0.956,
    "Triggers": [],
    "Execution Time": 1455.414
  }
]