{
    "Plan": {
        "Node Type": "Aggregate",
        "Strategy": "Plain",
        "Partial Mode": "Simple",
        "Parallel Aware": false,
        "Startup Cost": 40003284674.05,
        "Total Cost": 40003284674.06,
        "Plan Rows": 1,
        "Plan Width": 8,
        "Actual Startup Time": 11226.901,
        "Actual Total Time": 11227.14,
        "Actual Rows": 1,
        "Actual Loops": 1,
        "Output": [
            "count(*)"
        ],
        "Plans": [
            {
                "Node Type": "Nested Loop",
                "Parent Relationship": "Outer",
                "Parallel Aware": false,
                "Join Type": "Inner",
                "Startup Cost": 40003284673.88,
                "Total Cost": 40003284674.05,
                "Plan Rows": 1,
                "Plan Width": 0,
                "Actual Startup Time": 11226.897,
                "Actual Total Time": 11227.135,
                "Actual Rows": 0,
                "Actual Loops": 1,
                "Inner Unique": true,
                "Join Filter": "(ci.person_id = n.id)",
                "Rows Removed by Join Filter": 0,
                "Plans": [
                    {
                        "Node Type": "Hash Join",
                        "Parent Relationship": "Outer",
                        "Parallel Aware": false,
                        "Join Type": "Inner",
                        "Startup Cost": 40003284673.45,
                        "Total Cost": 40003284673.49,
                        "Plan Rows": 1,
                        "Plan Width": 12,
                        "Actual Startup Time": 11226.413,
                        "Actual Total Time": 11227.065,
                        "Actual Rows": 15,
                        "Actual Loops": 1,
                        "Output": [
                            "an.person_id",
                            "ci.person_id",
                            "pi.person_id"
                        ],
                        "Inner Unique": false,
                        "Hash Cond": "(mk.keyword_id = k.id)",
                        "Plans": [
                            {
                                "Node Type": "Merge Join",
                                "Parent Relationship": "Outer",
                                "Parallel Aware": false,
                                "Join Type": "Inner",
                                "Startup Cost": 40003282047.31,
                                "Total Cost": 40003282047.34,
                                "Plan Rows": 1,
                                "Plan Width": 16,
                                "Actual Startup Time": 11217.583,
                                "Actual Total Time": 11218.165,
                                "Actual Rows": 1620,
                                "Actual Loops": 1,
                                "Output": [
                                    "an.person_id",
                                    "ci.person_id",
                                    "mk.keyword_id",
                                    "pi.person_id"
                                ],
                                "Inner Unique": false,
                                "Merge Cond": "(mi.info_type_id = it.id)",
                                "Plans": [
                                    {
                                        "Node Type": "Sort",
                                        "Parent Relationship": "Outer",
                                        "Parallel Aware": false,
                                        "Startup Cost": 30003282044.89,
                                        "Total Cost": 30003282044.89,
                                        "Plan Rows": 1,
                                        "Plan Width": 20,
                                        "Actual Startup Time": 11217.542,
                                        "Actual Total Time": 11217.832,
                                        "Actual Rows": 1620,
                                        "Actual Loops": 1,
                                        "Output": [
                                            "an.person_id",
                                            "ci.person_id",
                                            "mi.info_type_id",
                                            "mk.keyword_id",
                                            "pi.person_id"
                                        ],
                                        "Sort Key": [
                                            "mi.info_type_id"
                                        ],
                                        "Sort Method": "quicksort",
                                        "Sort Space Used": 175,
                                        "Sort Space Type": "Memory",
                                        "Plans": [
                                            {
                                                "Node Type": "Merge Join",
                                                "Parent Relationship": "Outer",
                                                "Parallel Aware": false,
                                                "Join Type": "Inner",
                                                "Startup Cost": 30003282044.85,
                                                "Total Cost": 30003282044.88,
                                                "Plan Rows": 1,
                                                "Plan Width": 20,
                                                "Actual Startup Time": 11217.119,
                                                "Actual Total Time": 11217.59,
                                                "Actual Rows": 1620,
                                                "Actual Loops": 1,
                                                "Output": [
                                                    "an.person_id",
                                                    "ci.person_id",
                                                    "mi.info_type_id",
                                                    "mk.keyword_id",
                                                    "pi.person_id"
                                                ],
                                                "Inner Unique": false,
                                                "Merge Cond": "(t.id = ci.movie_id)",
                                                "Plans": [
                                                    {
                                                        "Node Type": "Sort",
                                                        "Parent Relationship": "Outer",
                                                        "Parallel Aware": false,
                                                        "Startup Cost": 20001514686.47,
                                                        "Total Cost": 20001514686.47,
                                                        "Plan Rows": 1,
                                                        "Plan Width": 20,
                                                        "Actual Startup Time": 6679.938,
                                                        "Actual Total Time": 6679.954,
                                                        "Actual Rows": 5,
                                                        "Actual Loops": 1,
                                                        "Output": [
                                                            "cc.movie_id",
                                                            "mc.movie_id",
                                                            "mi.movie_id",
                                                            "mi.info_type_id",
                                                            "t.id"
                                                        ],
                                                        "Sort Key": [
                                                            "cc.movie_id"
                                                        ],
                                                        "Sort Method": "quicksort",
                                                        "Sort Space Used": 25,
                                                        "Sort Space Type": "Memory",
                                                        "Plans": [
                                                            {
                                                                "Node Type": "Hash Join",
                                                                "Parent Relationship": "Outer",
                                                                "Parallel Aware": false,
                                                                "Join Type": "Inner",
                                                                "Startup Cost": 20001514674.36,
                                                                "Total Cost": 20001514686.46,
                                                                "Plan Rows": 1,
                                                                "Plan Width": 20,
                                                                "Actual Startup Time": 6679.924,
                                                                "Actual Total Time": 6679.944,
                                                                "Actual Rows": 5,
                                                                "Actual Loops": 1,
                                                                "Output": [
                                                                    "cc.movie_id",
                                                                    "mc.movie_id",
                                                                    "mi.movie_id",
                                                                    "mi.info_type_id",
                                                                    "t.id"
                                                                ],
                                                                "Inner Unique": false,
                                                                "Hash Cond": "(cc.status_id = cct2.id)",
                                                                "Plans": [
                                                                    {
                                                                        "Node Type": "Hash Join",
                                                                        "Parent Relationship": "Outer",
                                                                        "Parallel Aware": false,
                                                                        "Join Type": "Inner",
                                                                        "Startup Cost": 20001514673.3,
                                                                        "Total Cost": 20001514685.38,
                                                                        "Plan Rows": 1,
                                                                        "Plan Width": 24,
                                                                        "Actual Startup Time": 6679.895,
                                                                        "Actual Total Time": 6679.912,
                                                                        "Actual Rows": 5,
                                                                        "Actual Loops": 1,
                                                                        "Output": [
                                                                            "cc.movie_id",
                                                                            "cc.status_id",
                                                                            "mc.movie_id",
                                                                            "mi.movie_id",
                                                                            "mi.info_type_id",
                                                                            "t.id"
                                                                        ],
                                                                        "Inner Unique": false,
                                                                        "Hash Cond": "(cct1.id = cc.subject_id)",
                                                                        "Plans": [
                                                                            {
                                                                                "Node Type": "Index Scan",
                                                                                "Parent Relationship": "Outer",
                                                                                "Parallel Aware": false,
                                                                                "Scan Direction": "Forward",
                                                                                "Index Name": "comp_cast_type_pkey",
                                                                                "Relation Name": "comp_cast_type",
                                                                                "Schema": "public",
                                                                                "Alias": "cct1",
                                                                                "Startup Cost": 0.13,
                                                                                "Total Cost": 12.2,
                                                                                "Plan Rows": 1,
                                                                                "Plan Width": 4,
                                                                                "Actual Startup Time": 0.008,
                                                                                "Actual Total Time": 0.012,
                                                                                "Actual Rows": 1,
                                                                                "Actual Loops": 1,
                                                                                "Output": [
                                                                                    "cct1.id",
                                                                                    "cct1.kind"
                                                                                ],
                                                                                "Filter": "((cct1.kind)::text = 'cast'::text)",
                                                                                "Rows Removed by Filter": 3
                                                                            },
                                                                            {
                                                                                "Node Type": "Hash",
                                                                                "Parent Relationship": "Inner",
                                                                                "Parallel Aware": false,
                                                                                "Startup Cost": 20001514673.15,
                                                                                "Total Cost": 20001514673.15,
                                                                                "Plan Rows": 1,
                                                                                "Plan Width": 28,
                                                                                "Actual Startup Time": 6679.878,
                                                                                "Actual Total Time": 6679.888,
                                                                                "Actual Rows": 5,
                                                                                "Actual Loops": 1,
                                                                                "Output": [
                                                                                    "cc.movie_id",
                                                                                    "cc.subject_id",
                                                                                    "cc.status_id",
                                                                                    "mc.movie_id",
                                                                                    "mi.movie_id",
                                                                                    "mi.info_type_id",
                                                                                    "t.id"
                                                                                ],
                                                                                "Hash Buckets": 1024,
                                                                                "Original Hash Buckets": 1024,
                                                                                "Hash Batches": 1,
                                                                                "Original Hash Batches": 1,
                                                                                "Peak Memory Usage": 9,
                                                                                "Plans": [
                                                                                    {
                                                                                        "Node Type": "Merge Join",
                                                                                        "Parent Relationship": "Outer",
                                                                                        "Parallel Aware": false,
                                                                                        "Join Type": "Inner",
                                                                                        "Startup Cost": 20000257240.26,
                                                                                        "Total Cost": 20001514673.15,
                                                                                        "Plan Rows": 1,
                                                                                        "Plan Width": 28,
                                                                                        "Actual Startup Time": 6580.102,
                                                                                        "Actual Total Time": 6679.879,
                                                                                        "Actual Rows": 5,
                                                                                        "Actual Loops": 1,
                                                                                        "Output": [
                                                                                            "cc.movie_id",
                                                                                            "cc.subject_id",
                                                                                            "cc.status_id",
                                                                                            "mc.movie_id",
                                                                                            "mi.movie_id",
                                                                                            "mi.info_type_id",
                                                                                            "t.id"
                                                                                        ],
                                                                                        "Inner Unique": false,
                                                                                        "Merge Cond": "(t.id = cc.movie_id)",
                                                                                        "Plans": [
                                                                                            {
                                                                                                "Node Type": "Merge Join",
                                                                                                "Parent Relationship": "Outer",
                                                                                                "Parallel Aware": false,
                                                                                                "Join Type": "Inner",
                                                                                                "Startup Cost": 20000257239.84,
                                                                                                "Total Cost": 20001507686.35,
                                                                                                "Plan Rows": 2,
                                                                                                "Plan Width": 16,
                                                                                                "Actual Startup Time": 6547.74,
                                                                                                "Actual Total Time": 6647.511,
                                                                                                "Actual Rows": 6,
                                                                                                "Actual Loops": 1,
                                                                                                "Output": [
                                                                                                    "mc.movie_id",
                                                                                                    "mi.movie_id",
                                                                                                    "mi.info_type_id",
                                                                                                    "t.id"
                                                                                                ],
                                                                                                "Inner Unique": false,
                                                                                                "Merge Cond": "(t.id = mi.movie_id)",
                                                                                                "Plans": [
                                                                                                    {
                                                                                                        "Node Type": "Merge Join",
                                                                                                        "Parent Relationship": "Outer",
                                                                                                        "Parallel Aware": false,
                                                                                                        "Join Type": "Inner",
                                                                                                        "Startup Cost": 20000257239.41,
                                                                                                        "Total Cost": 20000391223.42,
                                                                                                        "Plan Rows": 2,
                                                                                                        "Plan Width": 8,
                                                                                                        "Actual Startup Time": 3105.635,
                                                                                                        "Actual Total Time": 3205.069,
                                                                                                        "Actual Rows": 6,
                                                                                                        "Actual Loops": 1,
                                                                                                        "Output": [
                                                                                                            "mc.movie_id",
                                                                                                            "t.id"
                                                                                                        ],
                                                                                                        "Inner Unique": false,
                                                                                                        "Merge Cond": "(t.id = mc.movie_id)",
                                                                                                        "Plans": [
                                                                                                            {
                                                                                                                "Node Type": "Index Scan",
                                                                                                                "Parent Relationship": "Outer",
                                                                                                                "Parallel Aware": false,
                                                                                                                "Scan Direction": "Forward",
                                                                                                                "Index Name": "title_pkey",
                                                                                                                "Relation Name": "title",
                                                                                                                "Schema": "public",
                                                                                                                "Alias": "t",
                                                                                                                "Startup Cost": 0.43,
                                                                                                                "Total Cost": 129304.51,
                                                                                                                "Plan Rows": 6,
                                                                                                                "Plan Width": 4,
                                                                                                                "Actual Startup Time": 10.397,
                                                                                                                "Actual Total Time": 1063.027,
                                                                                                                "Actual Rows": 3,
                                                                                                                "Actual Loops": 1,
                                                                                                                "Output": [
                                                                                                                    "t.id",
                                                                                                                    "t.title",
                                                                                                                    "t.imdb_index",
                                                                                                                    "t.kind_id",
                                                                                                                    "t.production_year",
                                                                                                                    "t.imdb_id",
                                                                                                                    "t.phonetic_code",
                                                                                                                    "t.episode_of_id",
                                                                                                                    "t.season_nr",
                                                                                                                    "t.episode_nr",
                                                                                                                    "t.series_years",
                                                                                                                    "t.md5sum"
                                                                                                                ],
                                                                                                                "Filter": "((t.production_year >= 1996) AND (t.production_year <= 2008) AND (t.title = 'Shrek 2'::text))",
                                                                                                                "Rows Removed by Filter": 2528309
                                                                                                            },
                                                                                                            {
                                                                                                                "Node Type": "Sort",
                                                                                                                "Parent Relationship": "Inner",
                                                                                                                "Parallel Aware": false,
                                                                                                                "Startup Cost": 20000257238.98,
                                                                                                                "Total Cost": 20000259578.93,
                                                                                                                "Plan Rows": 935979,
                                                                                                                "Plan Width": 4,
                                                                                                                "Actual Startup Time": 2021.397,
                                                                                                                "Actual Total Time": 2084.353,
                                                                                                                "Actual Rows": 921644,
                                                                                                                "Actual Loops": 1,
                                                                                                                "Output": [
                                                                                                                    "mc.movie_id"
                                                                                                                ],
                                                                                                                "Sort Key": [
                                                                                                                    "mc.movie_id"
                                                                                                                ],
                                                                                                                "Sort Method": "quicksort",
                                                                                                                "Sort Space Used": 103237,
                                                                                                                "Sort Space Type": "Memory",
                                                                                                                "Plans": [
                                                                                                                    {
                                                                                                                        "Node Type": "Merge Join",
                                                                                                                        "Parent Relationship": "Outer",
                                                                                                                        "Parallel Aware": false,
                                                                                                                        "Join Type": "Inner",
                                                                                                                        "Startup Cost": 20000016197.27,
                                                                                                                        "Total Cost": 20000164408.04,
                                                                                                                        "Plan Rows": 935979,
                                                                                                                        "Plan Width": 4,
                                                                                                                        "Actual Startup Time": 41.553,
                                                                                                                        "Actual Total Time": 1777.921,
                                                                                                                        "Actual Rows": 1153798,
                                                                                                                        "Actual Loops": 1,
                                                                                                                        "Output": [
                                                                                                                            "mc.movie_id"
                                                                                                                        ],
                                                                                                                        "Inner Unique": false,
                                                                                                                        "Merge Cond": "(mc.company_id = cn.id)",
                                                                                                                        "Plans": [
                                                                                                                            {
                                                                                                                                "Node Type": "Index Scan",
                                                                                                                                "Parent Relationship": "Outer",
                                                                                                                                "Parallel Aware": false,
                                                                                                                                "Scan Direction": "Forward",
                                                                                                                                "Index Name": "company_id_movie_companies",
                                                                                                                                "Relation Name": "movie_companies",
                                                                                                                                "Schema": "public",
                                                                                                                                "Alias": "mc",
                                                                                                                                "Startup Cost": 10000000000.43,
                                                                                                                                "Total Cost": 10000131016.21,
                                                                                                                                "Plan Rows": 2609129,
                                                                                                                                "Plan Width": 8,
                                                                                                                                "Actual Startup Time": 0.014,
                                                                                                                                "Actual Total Time": 1361.123,
                                                                                                                                "Actual Rows": 2609129,
                                                                                                                                "Actual Loops": 1,
                                                                                                                                "Output": [
                                                                                                                                    "mc.id",
                                                                                                                                    "mc.movie_id",
                                                                                                                                    "mc.company_id",
                                                                                                                                    "mc.company_type_id",
                                                                                                                                    "mc.note"
                                                                                                                                ]
                                                                                                                            },
                                                                                                                            {
                                                                                                                                "Node Type": "Sort",
                                                                                                                                "Parent Relationship": "Inner",
                                                                                                                                "Parallel Aware": false,
                                                                                                                                "Startup Cost": 10000012829.66,
                                                                                                                                "Total Cost": 10000013040.41,
                                                                                                                                "Plan Rows": 84301,
                                                                                                                                "Plan Width": 4,
                                                                                                                                "Actual Startup Time": 41.533,
                                                                                                                                "Actual Total Time": 120.4,
                                                                                                                                "Actual Rows": 1153798,
                                                                                                                                "Actual Loops": 1,
                                                                                                                                "Output": [
                                                                                                                                    "cn.id"
                                                                                                                                ],
                                                                                                                                "Sort Key": [
                                                                                                                                    "cn.id"
                                                                                                                                ],
                                                                                                                                "Sort Method": "quicksort",
                                                                                                                                "Sort Space Used": 7050,
                                                                                                                                "Sort Space Type": "Memory",
                                                                                                                                "Plans": [
                                                                                                                                    {
                                                                                                                                        "Node Type": "Seq Scan",
                                                                                                                                        "Parent Relationship": "Outer",
                                                                                                                                        "Parallel Aware": false,
                                                                                                                                        "Relation Name": "company_name",
                                                                                                                                        "Schema": "public",
                                                                                                                                        "Alias": "cn",
                                                                                                                                        "Startup Cost": 10000000000.0,
                                                                                                                                        "Total Cost": 10000005932.46,
                                                                                                                                        "Plan Rows": 84301,
                                                                                                                                        "Plan Width": 4,
                                                                                                                                        "Actual Startup Time": 0.01,
                                                                                                                                        "Actual Total Time": 25.305,
                                                                                                                                        "Actual Rows": 84843,
                                                                                                                                        "Actual Loops": 1,
                                                                                                                                        "Output": [
                                                                                                                                            "cn.id"
                                                                                                                                        ],
                                                                                                                                        "Filter": "((cn.country_code)::text = '[us]'::text)",
                                                                                                                                        "Rows Removed by Filter": 150154
                                                                                                                                    }
                                                                                                                                ]
                                                                                                                            }
                                                                                                                        ]
                                                                                                                    }
                                                                                                                ]
                                                                                                            }
                                                                                                        ]
                                                                                                    },
                                                                                                    {
                                                                                                        "Node Type": "Index Scan",
                                                                                                        "Parent Relationship": "Inner",
                                                                                                        "Parallel Aware": false,
                                                                                                        "Scan Direction": "Forward",
                                                                                                        "Index Name": "movie_id_movie_info",
                                                                                                        "Relation Name": "movie_info",
                                                                                                        "Schema": "public",
                                                                                                        "Alias": "mi",
                                                                                                        "Startup Cost": 0.43,
                                                                                                        "Total Cost": 1115316.11,
                                                                                                        "Plan Rows": 458720,
                                                                                                        "Plan Width": 8,
                                                                                                        "Actual Startup Time": 0.068,
                                                                                                        "Actual Total Time": 3424.184,
                                                                                                        "Actual Rows": 338862,
                                                                                                        "Actual Loops": 1,
                                                                                                        "Output": [
                                                                                                            "mi.id",
                                                                                                            "mi.movie_id",
                                                                                                            "mi.info_type_id",
                                                                                                            "mi.info",
                                                                                                            "mi.note"
                                                                                                        ],
                                                                                                        "Filter": "(mi.info ~~ 'USA:%200%'::text)",
                                                                                                        "Rows Removed by Filter": 11529137
                                                                                                    }
                                                                                                ]
                                                                                            },
                                                                                            {
                                                                                                "Node Type": "Index Scan",
                                                                                                "Parent Relationship": "Inner",
                                                                                                "Parallel Aware": false,
                                                                                                "Scan Direction": "Forward",
                                                                                                "Index Name": "movie_id_complete_cast",
                                                                                                "Relation Name": "complete_cast",
                                                                                                "Schema": "public",
                                                                                                "Alias": "cc",
                                                                                                "Startup Cost": 0.42,
                                                                                                "Total Cost": 6651.09,
                                                                                                "Plan Rows": 135086,
                                                                                                "Plan Width": 12,
                                                                                                "Actual Startup Time": 0.015,
                                                                                                "Actual Total Time": 25.77,
                                                                                                "Actual Rows": 110760,
                                                                                                "Actual Loops": 1,
                                                                                                "Output": [
                                                                                                    "cc.id",
                                                                                                    "cc.movie_id",
                                                                                                    "cc.subject_id",
                                                                                                    "cc.status_id"
                                                                                                ]
                                                                                            }
                                                                                        ]
                                                                                    }
                                                                                ]
                                                                            }
                                                                        ]
                                                                    },
                                                                    {
                                                                        "Node Type": "Hash",
                                                                        "Parent Relationship": "Inner",
                                                                        "Parallel Aware": false,
                                                                        "Startup Cost": 1.05,
                                                                        "Total Cost": 1.05,
                                                                        "Plan Rows": 1,
                                                                        "Plan Width": 4,
                                                                        "Actual Startup Time": 0.021,
                                                                        "Actual Total Time": 0.022,
                                                                        "Actual Rows": 1,
                                                                        "Actual Loops": 1,
                                                                        "Output": [
                                                                            "cct2.id"
                                                                        ],
                                                                        "Hash Buckets": 1024,
                                                                        "Original Hash Buckets": 1024,
                                                                        "Hash Batches": 1,
                                                                        "Original Hash Batches": 1,
                                                                        "Peak Memory Usage": 9,
                                                                        "Plans": [
                                                                            {
                                                                                "Node Type": "Seq Scan",
                                                                                "Parent Relationship": "Outer",
                                                                                "Parallel Aware": false,
                                                                                "Relation Name": "comp_cast_type",
                                                                                "Schema": "public",
                                                                                "Alias": "cct2",
                                                                                "Startup Cost": 0.0,
                                                                                "Total Cost": 1.05,
                                                                                "Plan Rows": 1,
                                                                                "Plan Width": 4,
                                                                                "Actual Startup Time": 0.019,
                                                                                "Actual Total Time": 0.019,
                                                                                "Actual Rows": 1,
                                                                                "Actual Loops": 1,
                                                                                "Output": [
                                                                                    "cct2.id"
                                                                                ],
                                                                                "Filter": "((cct2.kind)::text = 'complete+verified'::text)",
                                                                                "Rows Removed by Filter": 3
                                                                            }
                                                                        ]
                                                                    }
                                                                ]
                                                            }
                                                        ]
                                                    },
                                                    {
                                                        "Node Type": "Sort",
                                                        "Parent Relationship": "Inner",
                                                        "Parallel Aware": false,
                                                        "Startup Cost": 10001767358.39,
                                                        "Total Cost": 10001767358.39,
                                                        "Plan Rows": 1,
                                                        "Plan Width": 24,
                                                        "Actual Startup Time": 4537.048,
                                                        "Actual Total Time": 4537.379,
                                                        "Actual Rows": 3146,
                                                        "Actual Loops": 1,
                                                        "Output": [
                                                            "an.person_id",
                                                            "ci.movie_id",
                                                            "ci.person_id",
                                                            "mk.movie_id",
                                                            "mk.keyword_id",
                                                            "pi.person_id"
                                                        ],
                                                        "Sort Key": [
                                                            "ci.movie_id"
                                                        ],
                                                        "Sort Method": "quicksort",
                                                        "Sort Space Used": 319,
                                                        "Sort Space Type": "Memory",
                                                        "Plans": [
                                                            {
                                                                "Node Type": "Merge Join",
                                                                "Parent Relationship": "Outer",
                                                                "Parallel Aware": false,
                                                                "Join Type": "Inner",
                                                                "Startup Cost": 10001766984.63,
                                                                "Total Cost": 10001767358.38,
                                                                "Plan Rows": 1,
                                                                "Plan Width": 24,
                                                                "Actual Startup Time": 4536.251,
                                                                "Actual Total Time": 4536.893,
                                                                "Actual Rows": 2843,
                                                                "Actual Loops": 1,
                                                                "Output": [
                                                                    "an.person_id",
                                                                    "ci.movie_id",
                                                                    "ci.person_id",
                                                                    "mk.movie_id",
                                                                    "mk.keyword_id",
                                                                    "pi.person_id"
                                                                ],
                                                                "Inner Unique": false,
                                                                "Merge Cond": "(chn.id = ci.person_role_id)",
                                                                "Plans": [
                                                                    {
                                                                        "Node Type": "Sort",
                                                                        "Parent Relationship": "Outer",
                                                                        "Parallel Aware": false,
                                                                        "Startup Cost": 47261.32,
                                                                        "Total Cost": 47261.32,
                                                                        "Plan Rows": 1,
                                                                        "Plan Width": 4,
                                                                        "Actual Startup Time": 129.251,
                                                                        "Actual Total Time": 129.372,
                                                                        "Actual Rows": 1,
                                                                        "Actual Loops": 1,
                                                                        "Output": [
                                                                            "chn.id"
                                                                        ],
                                                                        "Sort Key": [
                                                                            "chn.id"
                                                                        ],
                                                                        "Sort Method": "quicksort",
                                                                        "Sort Space Used": 25,
                                                                        "Sort Space Type": "Memory",
                                                                        "Plans": [
                                                                            {
                                                                                "Node Type": "Gather",
                                                                                "Parent Relationship": "Outer",
                                                                                "Parallel Aware": false,
                                                                                "Startup Cost": 1000.0,
                                                                                "Total Cost": 47261.31,
                                                                                "Plan Rows": 1,
                                                                                "Plan Width": 4,
                                                                                "Actual Startup Time": 129.117,
                                                                                "Actual Total Time": 129.356,
                                                                                "Actual Rows": 1,
                                                                                "Actual Loops": 1,
                                                                                "Output": [
                                                                                    "chn.id"
                                                                                ],
                                                                                "Workers Planned": 4,
                                                                                "Workers Launched": 4,
                                                                                "Single Copy": false,
                                                                                "Plans": [
                                                                                    {
                                                                                        "Node Type": "Seq Scan",
                                                                                        "Parent Relationship": "Outer",
                                                                                        "Parallel Aware": true,
                                                                                        "Relation Name": "char_name",
                                                                                        "Schema": "public",
                                                                                        "Alias": "chn",
                                                                                        "Startup Cost": 0.0,
                                                                                        "Total Cost": 46261.21,
                                                                                        "Plan Rows": 1,
                                                                                        "Plan Width": 4,
                                                                                        "Actual Startup Time": 98.36,
                                                                                        "Actual Total Time": 120.931,
                                                                                        "Actual Rows": 0,
                                                                                        "Actual Loops": 5,
                                                                                        "Output": [
                                                                                            "chn.id"
                                                                                        ],
                                                                                        "Filter": "(chn.name = 'Queen'::text)",
                                                                                        "Rows Removed by Filter": 628068,
                                                                                        "Workers": [
                                                                                            {
                                                                                                "Worker Number": 0,
                                                                                                "Actual Startup Time": 122.394,
                                                                                                "Actual Total Time": 122.395,
                                                                                                "Actual Rows": 0,
                                                                                                "Actual Loops": 1
                                                                                            },
                                                                                            {
                                                                                                "Worker Number": 1,
                                                                                                "Actual Startup Time": 4.583,
                                                                                                "Actual Total Time": 117.433,
                                                                                                "Actual Rows": 1,
                                                                                                "Actual Loops": 1
                                                                                            },
                                                                                            {
                                                                                                "Worker Number": 2,
                                                                                                "Actual Startup Time": 117.856,
                                                                                                "Actual Total Time": 117.857,
                                                                                                "Actual Rows": 0,
                                                                                                "Actual Loops": 1
                                                                                            },
                                                                                            {
                                                                                                "Worker Number": 3,
                                                                                                "Actual Startup Time": 118.234,
                                                                                                "Actual Total Time": 118.235,
                                                                                                "Actual Rows": 0,
                                                                                                "Actual Loops": 1
                                                                                            }
                                                                                        ]
                                                                                    }
                                                                                ]
                                                                            }
                                                                        ]
                                                                    },
                                                                    {
                                                                        "Node Type": "Sort",
                                                                        "Parent Relationship": "Inner",
                                                                        "Parallel Aware": false,
                                                                        "Startup Cost": 10001719680.11,
                                                                        "Total Cost": 10001720107.85,
                                                                        "Plan Rows": 171097,
                                                                        "Plan Width": 28,
                                                                        "Actual Startup Time": 4386.134,
                                                                        "Actual Total Time": 4395.706,
                                                                        "Actual Rows": 217412,
                                                                        "Actual Loops": 1,
                                                                        "Output": [
                                                                            "an.person_id",
                                                                            "ci.movie_id",
                                                                            "ci.person_id",
                                                                            "ci.person_role_id",
                                                                            "mk.movie_id",
                                                                            "mk.keyword_id",
                                                                            "pi.person_id"
                                                                        ],
                                                                        "Sort Key": [
                                                                            "ci.person_role_id"
                                                                        ],
                                                                        "Sort Method": "quicksort",
                                                                        "Sort Space Used": 132639,
                                                                        "Sort Space Type": "Memory",
                                                                        "Plans": [
                                                                            {
                                                                                "Node Type": "Merge Join",
                                                                                "Parent Relationship": "Outer",
                                                                                "Parallel Aware": false,
                                                                                "Join Type": "Inner",
                                                                                "Startup Cost": 10001692818.96,
                                                                                "Total Cost": 10001704807.97,
                                                                                "Plan Rows": 171097,
                                                                                "Plan Width": 28,
                                                                                "Actual Startup Time": 4033.983,
                                                                                "Actual Total Time": 4203.906,
                                                                                "Actual Rows": 1068629,
                                                                                "Actual Loops": 1,
                                                                                "Output": [
                                                                                    "an.person_id",
                                                                                    "ci.movie_id",
                                                                                    "ci.person_id",
                                                                                    "ci.person_role_id",
                                                                                    "mk.movie_id",
                                                                                    "mk.keyword_id",
                                                                                    "pi.person_id"
                                                                                ],
                                                                                "Inner Unique": true,
                                                                                "Merge Cond": "(ci.role_id = rt.id)",
                                                                                "Plans": [
                                                                                    {
                                                                                        "Node Type": "Sort",
                                                                                        "Parent Relationship": "Outer",
                                                                                        "Parallel Aware": false,
                                                                                        "Startup Cost": 10001692818.82,
                                                                                        "Total Cost": 10001697951.74,
                                                                                        "Plan Rows": 2053166,
                                                                                        "Plan Width": 32,
                                                                                        "Actual Startup Time": 3665.38,
                                                                                        "Actual Total Time": 3845.721,
                                                                                        "Actual Rows": 5484092,
                                                                                        "Actual Loops": 1,
                                                                                        "Output": [
                                                                                            "an.person_id",
                                                                                            "ci.movie_id",
                                                                                            "ci.person_id",
                                                                                            "ci.role_id",
                                                                                            "ci.person_role_id",
                                                                                            "mk.movie_id",
                                                                                            "mk.keyword_id",
                                                                                            "pi.person_id"
                                                                                        ],
                                                                                        "Sort Key": [
                                                                                            "ci.role_id"
                                                                                        ],
                                                                                        "Sort Method": "quicksort",
                                                                                        "Sort Space Used": 625460,
                                                                                        "Sort Space Type": "Memory",
                                                                                        "Plans": [
                                                                                            {
                                                                                                "Node Type": "Hash Join",
                                                                                                "Parent Relationship": "Outer",
                                                                                                "Parallel Aware": false,
                                                                                                "Join Type": "Inner",
                                                                                                "Startup Cost": 10000460876.85,
                                                                                                "Total Cost": 10001477550.33,
                                                                                                "Plan Rows": 2053166,
                                                                                                "Plan Width": 32,
                                                                                                "Actual Startup Time": 1261.245,
                                                                                                "Actual Total Time": 2861.395,
                                                                                                "Actual Rows": 5489304,
                                                                                                "Actual Loops": 1,
                                                                                                "Output": [
                                                                                                    "an.person_id",
                                                                                                    "ci.movie_id",
                                                                                                    "ci.person_id",
                                                                                                    "ci.role_id",
                                                                                                    "ci.person_role_id",
                                                                                                    "mk.movie_id",
                                                                                                    "mk.keyword_id",
                                                                                                    "pi.person_id"
                                                                                                ],
                                                                                                "Inner Unique": false,
                                                                                                "Hash Cond": "(ci.person_id = an.person_id)",
                                                                                                "Plans": [
                                                                                                    {
                                                                                                        "Node Type": "Nested Loop",
                                                                                                        "Parent Relationship": "Outer",
                                                                                                        "Parallel Aware": false,
                                                                                                        "Join Type": "Inner",
                                                                                                        "Startup Cost": 10000429200.63,
                                                                                                        "Total Cost": 10001263354.55,
                                                                                                        "Plan Rows": 852568,
                                                                                                        "Plan Width": 28,
                                                                                                        "Actual Startup Time": 1004.011,
                                                                                                        "Actual Total Time": 2034.391,
                                                                                                        "Actual Rows": 1600663,
                                                                                                        "Actual Loops": 1,
                                                                                                        "Output": [
                                                                                                            "ci.movie_id",
                                                                                                            "ci.person_id",
                                                                                                            "ci.role_id",
                                                                                                            "ci.person_role_id",
                                                                                                            "mk.movie_id",
                                                                                                            "mk.keyword_id",
                                                                                                            "pi.person_id"
                                                                                                        ],
                                                                                                        "Inner Unique": false,
                                                                                                        "Plans": [
                                                                                                            {
                                                                                                                "Node Type": "Hash Join",
                                                                                                                "Parent Relationship": "Outer",
                                                                                                                "Parallel Aware": false,
                                                                                                                "Join Type": "Inner",
                                                                                                                "Startup Cost": 10000429200.2,
                                                                                                                "Total Cost": 10000920873.46,
                                                                                                                "Plan Rows": 177841,
                                                                                                                "Plan Width": 20,
                                                                                                                "Actual Startup Time": 1003.984,
                                                                                                                "Actual Total Time": 1227.063,
                                                                                                                "Actual Rows": 281727,
                                                                                                                "Actual Loops": 1,
                                                                                                                "Output": [
                                                                                                                    "ci.movie_id",
                                                                                                                    "ci.person_id",
                                                                                                                    "ci.role_id",
                                                                                                                    "ci.person_role_id",
                                                                                                                    "pi.person_id"
                                                                                                                ],
                                                                                                                "Inner Unique": false,
                                                                                                                "Hash Cond": "(pi.person_id = ci.person_id)",
                                                                                                                "Plans": [
                                                                                                                    {
                                                                                                                        "Node Type": "Nested Loop",
                                                                                                                        "Parent Relationship": "Outer",
                                                                                                                        "Parallel Aware": false,
                                                                                                                        "Join Type": "Inner",
                                                                                                                        "Startup Cost": 10000002436.39,
                                                                                                                        "Total Cost": 10000056520.67,
                                                                                                                        "Plan Rows": 26226,
                                                                                                                        "Plan Width": 4,
                                                                                                                        "Actual Startup Time": 15.998,
                                                                                                                        "Actual Total Time": 162.227,
                                                                                                                        "Actual Rows": 142345,
                                                                                                                        "Actual Loops": 1,
                                                                                                                        "Output": [
                                                                                                                            "pi.person_id"
                                                                                                                        ],
                                                                                                                        "Inner Unique": false,
                                                                                                                        "Plans": [
                                                                                                                            {
                                                                                                                                "Node Type": "Seq Scan",
                                                                                                                                "Parent Relationship": "Outer",
                                                                                                                                "Parallel Aware": false,
                                                                                                                                "Relation Name": "info_type",
                                                                                                                                "Schema": "public",
                                                                                                                                "Alias": "it3",
                                                                                                                                "Startup Cost": 0.0,
                                                                                                                                "Total Cost": 2.41,
                                                                                                                                "Plan Rows": 1,
                                                                                                                                "Plan Width": 4,
                                                                                                                                "Actual Startup Time": 0.025,
                                                                                                                                "Actual Total Time": 0.035,
                                                                                                                                "Actual Rows": 1,
                                                                                                                                "Actual Loops": 1,
                                                                                                                                "Output": [
                                                                                                                                    "it3.id",
                                                                                                                                    "it3.info"
                                                                                                                                ],
                                                                                                                                "Filter": "((it3.info)::text = 'height'::text)",
                                                                                                                                "Rows Removed by Filter": 112
                                                                                                                            },
                                                                                                                            {
                                                                                                                                "Node Type": "Bitmap Heap Scan",
                                                                                                                                "Parent Relationship": "Inner",
                                                                                                                                "Parallel Aware": false,
                                                                                                                                "Relation Name": "person_info",
                                                                                                                                "Schema": "public",
                                                                                                                                "Alias": "pi",
                                                                                                                                "Startup Cost": 2436.39,
                                                                                                                                "Total Cost": 55171.21,
                                                                                                                                "Plan Rows": 134705,
                                                                                                                                "Plan Width": 8,
                                                                                                                                "Actual Startup Time": 15.958,
                                                                                                                                "Actual Total Time": 150.623,
                                                                                                                                "Actual Rows": 142345,
                                                                                                                                "Actual Loops": 1,
                                                                                                                                "Output": [
                                                                                                                                    "pi.id",
                                                                                                                                    "pi.person_id",
                                                                                                                                    "pi.info_type_id",
                                                                                                                                    "pi.info",
                                                                                                                                    "pi.note"
                                                                                                                                ],
                                                                                                                                "Recheck Cond": "(pi.info_type_id = it3.id)",
                                                                                                                                "Rows Removed by Index Recheck": 0,
                                                                                                                                "Exact Heap Blocks": 43791,
                                                                                                                                "Lossy Heap Blocks": 0,
                                                                                                                                "Plans": [
                                                                                                                                    {
                                                                                                                                        "Node Type": "Bitmap Index Scan",
                                                                                                                                        "Parent Relationship": "Outer",
                                                                                                                                        "Parallel Aware": false,
                                                                                                                                        "Index Name": "info_type_id_person_info",
                                                                                                                                        "Startup Cost": 0.0,
                                                                                                                                        "Total Cost": 2402.72,
                                                                                                                                        "Plan Rows": 134705,
                                                                                                                                        "Plan Width": 0,
                                                                                                                                        "Actual Startup Time": 10.092,
                                                                                                                                        "Actual Total Time": 10.093,
                                                                                                                                        "Actual Rows": 142345,
                                                                                                                                        "Actual Loops": 1,
                                                                                                                                        "Index Cond": "(pi.info_type_id = it3.id)"
                                                                                                                                    }
                                                                                                                                ]
                                                                                                                            }
                                                                                                                        ]
                                                                                                                    },
                                                                                                                    {
                                                                                                                        "Node Type": "Hash",
                                                                                                                        "Parent Relationship": "Inner",
                                                                                                                        "Parallel Aware": false,
                                                                                                                        "Startup Cost": 416764.08,
                                                                                                                        "Total Cost": 416764.08,
                                                                                                                        "Plan Rows": 799978,
                                                                                                                        "Plan Width": 16,
                                                                                                                        "Actual Startup Time": 986.325,
                                                                                                                        "Actual Total Time": 986.414,
                                                                                                                        "Actual Rows": 836701,
                                                                                                                        "Actual Loops": 1,
                                                                                                                        "Output": [
                                                                                                                            "ci.movie_id",
                                                                                                                            "ci.person_id",
                                                                                                                            "ci.role_id",
                                                                                                                            "ci.person_role_id"
                                                                                                                        ],
                                                                                                                        "Hash Buckets": 1048576,
                                                                                                                        "Original Hash Buckets": 1048576,
                                                                                                                        "Hash Batches": 1,
                                                                                                                        "Original Hash Batches": 1,
                                                                                                                        "Peak Memory Usage": 47155,
                                                                                                                        "Plans": [
                                                                                                                            {
                                                                                                                                "Node Type": "Gather",
                                                                                                                                "Parent Relationship": "Outer",
                                                                                                                                "Parallel Aware": false,
                                                                                                                                "Startup Cost": 1000.0,
                                                                                                                                "Total Cost": 416764.08,
                                                                                                                                "Plan Rows": 799978,
                                                                                                                                "Plan Width": 16,
                                                                                                                                "Actual Startup Time": 0.441,
                                                                                                                                "Actual Total Time": 892.467,
                                                                                                                                "Actual Rows": 836701,
                                                                                                                                "Actual Loops": 1,
                                                                                                                                "Output": [
                                                                                                                                    "ci.movie_id",
                                                                                                                                    "ci.person_id",
                                                                                                                                    "ci.role_id",
                                                                                                                                    "ci.person_role_id"
                                                                                                                                ],
                                                                                                                                "Workers Planned": 6,
                                                                                                                                "Workers Launched": 6,
                                                                                                                                "Single Copy": false,
                                                                                                                                "Plans": [
                                                                                                                                    {
                                                                                                                                        "Node Type": "Seq Scan",
                                                                                                                                        "Parent Relationship": "Outer",
                                                                                                                                        "Parallel Aware": true,
                                                                                                                                        "Relation Name": "cast_info",
                                                                                                                                        "Schema": "public",
                                                                                                                                        "Alias": "ci",
                                                                                                                                        "Startup Cost": 0.0,
                                                                                                                                        "Total Cost": 335766.28,
                                                                                                                                        "Plan Rows": 133330,
                                                                                                                                        "Plan Width": 16,
                                                                                                                                        "Actual Startup Time": 0.124,
                                                                                                                                        "Actual Total Time": 908.551,
                                                                                                                                        "Actual Rows": 119529,
                                                                                                                                        "Actual Loops": 7,
                                                                                                                                        "Output": [
                                                                                                                                            "ci.movie_id",
                                                                                                                                            "ci.person_id",
                                                                                                                                            "ci.role_id",
                                                                                                                                            "ci.person_role_id"
                                                                                                                                        ],
                                                                                                                                        "Filter": "(ci.note = ANY ('{(voice),\"(voice) (uncredited)\",\"(voice: English version)\"}'::text[]))",
                                                                                                                                        "Rows Removed by Filter": 5058235,
                                                                                                                                        "Workers": [
                                                                                                                                            {
                                                                                                                                                "Worker Number": 0,
                                                                                                                                                "Actual Startup Time": 0.099,
                                                                                                                                                "Actual Total Time": 934.305,
                                                                                                                                                "Actual Rows": 125316,
                                                                                                                                                "Actual Loops": 1
                                                                                                                                            },
                                                                                                                                            {
                                                                                                                                                "Worker Number": 1,
                                                                                                                                                "Actual Startup Time": 0.198,
                                                                                                                                                "Actual Total Time": 935.759,
                                                                                                                                                "Actual Rows": 121971,
                                                                                                                                                "Actual Loops": 1
                                                                                                                                            },
                                                                                                                                            {
                                                                                                                                                "Worker Number": 2,
                                                                                                                                                "Actual Startup Time": 0.109,
                                                                                                                                                "Actual Total Time": 934.591,
                                                                                                                                                "Actual Rows": 125423,
                                                                                                                                                "Actual Loops": 1
                                                                                                                                            },
                                                                                                                                            {
                                                                                                                                                "Worker Number": 3,
                                                                                                                                                "Actual Startup Time": 0.201,
                                                                                                                                                "Actual Total Time": 935.504,
                                                                                                                                                "Actual Rows": 119833,
                                                                                                                                                "Actual Loops": 1
                                                                                                                                            },
                                                                                                                                            {
                                                                                                                                                "Worker Number": 4,
                                                                                                                                                "Actual Startup Time": 0.13,
                                                                                                                                                "Actual Total Time": 923.383,
                                                                                                                                                "Actual Rows": 114977,
                                                                                                                                                "Actual Loops": 1
                                                                                                                                            },
                                                                                                                                            {
                                                                                                                                                "Worker Number": 5,
                                                                                                                                                "Actual Startup Time": 0.108,
                                                                                                                                                "Actual Total Time": 921.671,
                                                                                                                                                "Actual Rows": 114823,
                                                                                                                                                "Actual Loops": 1
                                                                                                                                            }
                                                                                                                                        ]
                                                                                                                                    }
                                                                                                                                ]
                                                                                                                            }
                                                                                                                        ]
                                                                                                                    }
                                                                                                                ]
                                                                                                            },
                                                                                                            {
                                                                                                                "Node Type": "Index Scan",
                                                                                                                "Parent Relationship": "Inner",
                                                                                                                "Parallel Aware": false,
                                                                                                                "Scan Direction": "Forward",
                                                                                                                "Index Name": "movie_id_movie_keyword",
                                                                                                                "Relation Name": "movie_keyword",
                                                                                                                "Schema": "public",
                                                                                                                "Alias": "mk",
                                                                                                                "Startup Cost": 0.43,
                                                                                                                "Total Cost": 1.47,
                                                                                                                "Plan Rows": 46,
                                                                                                                "Plan Width": 8,
                                                                                                                "Actual Startup Time": 0.002,
                                                                                                                "Actual Total Time": 0.002,
                                                                                                                "Actual Rows": 6,
                                                                                                                "Actual Loops": 281727,
                                                                                                                "Output": [
                                                                                                                    "mk.id",
                                                                                                                    "mk.movie_id",
                                                                                                                    "mk.keyword_id"
                                                                                                                ],
                                                                                                                "Index Cond": "(mk.movie_id = ci.movie_id)",
                                                                                                                "Rows Removed by Index Recheck": 0
                                                                                                            }
                                                                                                        ]
                                                                                                    },
                                                                                                    {
                                                                                                        "Node Type": "Hash",
                                                                                                        "Parent Relationship": "Inner",
                                                                                                        "Parallel Aware": false,
                                                                                                        "Startup Cost": 20409.43,
                                                                                                        "Total Cost": 20409.43,
                                                                                                        "Plan Rows": 901343,
                                                                                                        "Plan Width": 4,
                                                                                                        "Actual Startup Time": 256.173,
                                                                                                        "Actual Total Time": 256.174,
                                                                                                        "Actual Rows": 901343,
                                                                                                        "Actual Loops": 1,
                                                                                                        "Output": [
                                                                                                            "an.person_id"
                                                                                                        ],
                                                                                                        "Hash Buckets": 1048576,
                                                                                                        "Original Hash Buckets": 1048576,
                                                                                                        "Hash Batches": 1,
                                                                                                        "Original Hash Batches": 1,
                                                                                                        "Peak Memory Usage": 39880,
                                                                                                        "Plans": [
                                                                                                            {
                                                                                                                "Node Type": "Seq Scan",
                                                                                                                "Parent Relationship": "Outer",
                                                                                                                "Parallel Aware": false,
                                                                                                                "Relation Name": "aka_name",
                                                                                                                "Schema": "public",
                                                                                                                "Alias": "an",
                                                                                                                "Startup Cost": 0.0,
                                                                                                                "Total Cost": 20409.43,
                                                                                                                "Plan Rows": 901343,
                                                                                                                "Plan Width": 4,
                                                                                                                "Actual Startup Time": 0.019,
                                                                                                                "Actual Total Time": 119.364,
                                                                                                                "Actual Rows": 901343,
                                                                                                                "Actual Loops": 1,
                                                                                                                "Output": [
                                                                                                                    "an.person_id"
                                                                                                                ]
                                                                                                            }
                                                                                                        ]
                                                                                                    }
                                                                                                ]
                                                                                            }
                                                                                        ]
                                                                                    },
                                                                                    {
                                                                                        "Node Type": "Index Scan",
                                                                                        "Parent Relationship": "Inner",
                                                                                        "Parallel Aware": false,
                                                                                        "Scan Direction": "Forward",
                                                                                        "Index Name": "role_type_pkey",
                                                                                        "Relation Name": "role_type",
                                                                                        "Schema": "public",
                                                                                        "Alias": "rt",
                                                                                        "Startup Cost": 0.14,
                                                                                        "Total Cost": 12.35,
                                                                                        "Plan Rows": 1,
                                                                                        "Plan Width": 4,
                                                                                        "Actual Startup Time": 0.024,
                                                                                        "Actual Total Time": 0.036,
                                                                                        "Actual Rows": 1,
                                                                                        "Actual Loops": 1,
                                                                                        "Output": [
                                                                                            "rt.id",
                                                                                            "rt.role"
                                                                                        ],
                                                                                        "Filter": "((rt.role)::text = 'actress'::text)",
                                                                                        "Rows Removed by Filter": 11
                                                                                    }
                                                                                ]
                                                                            }
                                                                        ]
                                                                    }
                                                                ]
                                                            }
                                                        ]
                                                    }
                                                ]
                                            }
                                        ]
                                    },
                                    {
                                        "Node Type": "Sort",
                                        "Parent Relationship": "Inner",
                                        "Parallel Aware": false,
                                        "Startup Cost": 10000000002.42,
                                        "Total Cost": 10000000002.43,
                                        "Plan Rows": 1,
                                        "Plan Width": 4,
                                        "Actual Startup Time": 0.038,
                                        "Actual Total Time": 0.089,
                                        "Actual Rows": 1,
                                        "Actual Loops": 1,
                                        "Output": [
                                            "it.id"
                                        ],
                                        "Sort Key": [
                                            "it.id"
                                        ],
                                        "Sort Method": "quicksort",
                                        "Sort Space Used": 25,
                                        "Sort Space Type": "Memory",
                                        "Plans": [
                                            {
                                                "Node Type": "Seq Scan",
                                                "Parent Relationship": "Outer",
                                                "Parallel Aware": false,
                                                "Relation Name": "info_type",
                                                "Schema": "public",
                                                "Alias": "it",
                                                "Startup Cost": 10000000000.0,
                                                "Total Cost": 10000000002.41,
                                                "Plan Rows": 1,
                                                "Plan Width": 4,
                                                "Actual Startup Time": 0.025,
                                                "Actual Total Time": 0.029,
                                                "Actual Rows": 1,
                                                "Actual Loops": 1,
                                                "Output": [
                                                    "it.id"
                                                ],
                                                "Filter": "((it.info)::text = 'release dates'::text)",
                                                "Rows Removed by Filter": 112
                                            }
                                        ]
                                    }
                                ]
                            },
                            {
                                "Node Type": "Hash",
                                "Parent Relationship": "Inner",
                                "Parallel Aware": false,
                                "Startup Cost": 2626.12,
                                "Total Cost": 2626.12,
                                "Plan Rows": 1,
                                "Plan Width": 4,
                                "Actual Startup Time": 8.803,
                                "Actual Total Time": 8.803,
                                "Actual Rows": 1,
                                "Actual Loops": 1,
                                "Output": [
                                    "k.id"
                                ],
                                "Hash Buckets": 1024,
                                "Original Hash Buckets": 1024,
                                "Hash Batches": 1,
                                "Original Hash Batches": 1,
                                "Peak Memory Usage": 9,
                                "Plans": [
                                    {
                                        "Node Type": "Seq Scan",
                                        "Parent Relationship": "Outer",
                                        "Parallel Aware": false,
                                        "Relation Name": "keyword",
                                        "Schema": "public",
                                        "Alias": "k",
                                        "Startup Cost": 0.0,
                                        "Total Cost": 2626.12,
                                        "Plan Rows": 1,
                                        "Plan Width": 4,
                                        "Actual Startup Time": 0.043,
                                        "Actual Total Time": 8.8,
                                        "Actual Rows": 1,
                                        "Actual Loops": 1,
                                        "Output": [
                                            "k.id"
                                        ],
                                        "Filter": "(k.keyword = 'computer-animation'::text)",
                                        "Rows Removed by Filter": 134169
                                    }
                                ]
                            }
                        ]
                    },
                    {
                        "Node Type": "Index Scan",
                        "Parent Relationship": "Inner",
                        "Parallel Aware": false,
                        "Scan Direction": "Forward",
                        "Index Name": "name_pkey",
                        "Relation Name": "name",
                        "Schema": "public",
                        "Alias": "n",
                        "Startup Cost": 0.43,
                        "Total Cost": 0.55,
                        "Plan Rows": 1,
                        "Plan Width": 4,
                        "Actual Startup Time": 0.004,
                        "Actual Total Time": 0.004,
                        "Actual Rows": 0,
                        "Actual Loops": 15,
                        "Output": [
                            "n.id",
                            "n.name",
                            "n.imdb_index",
                            "n.imdb_id",
                            "n.gender",
                            "n.name_pcode_cf",
                            "n.name_pcode_nf",
                            "n.surname_pcode",
                            "n.md5sum"
                        ],
                        "Index Cond": "(n.id = pi.person_id)",
                        "Rows Removed by Index Recheck": 0,
                        "Filter": "((n.name ~~ '%An%'::text) AND ((n.gender)::text = 'm'::text))",
                        "Rows Removed by Filter": 1
                    }
                ]
            }
        ]
    },
    "Planning Time": 2256.288,
    "Triggers": [],
    "Execution Time": 11228.179
}