[
  {
    "Plan": {
      "Node Type": "Aggregate",
      "Strategy": "Plain",
      "Partial Mode": "Finalize",
      "Parallel Aware": false,
      "Startup Cost": 394043.16,
      "Total Cost": 394043.17,
      "Plan Rows": 1,
      "Plan Width": 8,
      "Actual Startup Time": 1064.497,
      "Actual Total Time": 1126.577,
      "Actual Rows": 1,
      "Actual Loops": 1,
      "Plans": [
        {
          "Node Type": "Gather",
          "Parent Relationship": "Outer",
          "Parallel Aware": false,
          "Startup Cost": 394042.53,
          "Total Cost": 394043.14,
          "Plan Rows": 6,
          "Plan Width": 8,
          "Actual Startup Time": 1059.291,
          "Actual Total Time": 1126.565,
          "Actual Rows": 7,
          "Actual Loops": 1,
          "Workers Planned": 6,
          "Workers Launched": 6,
          "Single Copy": false,
          "Plans": [
            {
              "Node Type": "Aggregate",
              "Strategy": "Plain",
              "Partial Mode": "Partial",
              "Parent Relationship": "Outer",
              "Parallel Aware": false,
              "Startup Cost": 393042.53,
              "Total Cost": 393042.54,
              "Plan Rows": 1,
              "Plan Width": 8,
              "Actual Startup Time": 1048.296,
              "Actual Total Time": 1048.299,
              "Actual Rows": 1,
              "Actual Loops": 7,
              "Plans": [
                {
                  "Node Type": "Hash Join",
                  "Parent Relationship": "Outer",
                  "Parallel Aware": true,
                  "Join Type": "Inner",
                  "Startup Cost": 47609.31,
                  "Total Cost": 392597.91,
                  "Plan Rows": 177850,
                  "Plan Width": 0,
                  "Actual Startup Time": 471.763,
                  "Actual Total Time": 1036.995,
                  "Actual Rows": 212450,
                  "Actual Loops": 7,
                  "Inner Unique": true,
                  "Hash Cond": "(ci.movie_id = t.id)",
                  "Plans": [
                    {
                      "Node Type": "Seq Scan",
                      "Parent Relationship": "Outer",
                      "Parallel Aware": true,
                      "Relation Name": "cast_info",
                      "Alias": "ci",
                      "Startup Cost": 0.0,
                      "Total Cost": 343257.03,
                      "Plan Rows": 659644,
                      "Plan Width": 4,
                      "Actual Startup Time": 345.192,
                      "Actual Total Time": 637.285,
                      "Actual Rows": 1239618,
                      "Actual Loops": 7,
                      "Filter": "((person_id > 2822025) AND (role_id > 2))",
                      "Rows Removed by Filter": 3938146
                    },
                    {
                      "Node Type": "Hash",
                      "Parent Relationship": "Inner",
                      "Parallel Aware": true,
                      "Startup Cost": 45479.1,
                      "Total Cost": 45479.1,
                      "Plan Rows": 170417,
                      "Plan Width": 4,
                      "Actual Startup Time": 122.998,
                      "Actual Total Time": 122.999,
                      "Actual Rows": 85214,
                      "Actual Loops": 7,
                      "Hash Buckets": 1048576,
                      "Original Hash Buckets": 1048576,
                      "Hash Batches": 1,
                      "Original Hash Batches": 1,
                      "Peak Memory Usage": 31616,
                      "Plans": [
                        {
                          "Node Type": "Seq Scan",
                          "Parent Relationship": "Outer",
                          "Parallel Aware": true,
                          "Relation Name": "title",
                          "Alias": "t",
                          "Startup Cost": 0.0,
                          "Total Cost": 45479.1,
                          "Plan Rows": 170417,
                          "Plan Width": 4,
                          "Actual Startup Time": 0.043,
                          "Actual Total Time": 78.742,
                          "Actual Rows": 85214,
                          "Actual Loops": 7,
                          "Filter": "((production_year < 2002) AND (kind_id = 7))",
                          "Rows Removed by Filter": 275974
                        }
                      ]
                    }
                  ]
                }
              ]
            }
          ]
        }
      ]
    },
    "Planning Time": 0.648,
    "Triggers": [],
    "Execution Time": 1126.665
  }
]