[
    {
        "Bao": {
            "Bao prediction": 451.521,
            "Bao recommended hint": "SET enable_mergejoin TO off; SET enable_indexscan TO off; "
        }
    },
    {
        "Plan": {
            "Node Type": "Aggregate",
            "Strategy": "Plain",
            "Partial Mode": "Finalize",
            "Parallel Aware": false,
            "Startup Cost": 345239.8,
            "Total Cost": 345239.81,
            "Plan Rows": 1,
            "Plan Width": 8,
            "Actual Startup Time": 816.759,
            "Actual Total Time": 850.663,
            "Actual Rows": 1,
            "Actual Loops": 1,
            "Output": [
                "count(*)"
            ],
            "Plans": [
                {
                    "Node Type": "Gather",
                    "Parent Relationship": "Outer",
                    "Parallel Aware": false,
                    "Startup Cost": 345239.17,
                    "Total Cost": 345239.78,
                    "Plan Rows": 6,
                    "Plan Width": 8,
                    "Actual Startup Time": 816.649,
                    "Actual Total Time": 850.654,
                    "Actual Rows": 7,
                    "Actual Loops": 1,
                    "Output": [
                        "(PARTIAL count(*))"
                    ],
                    "Workers Planned": 6,
                    "Workers Launched": 6,
                    "Single Copy": false,
                    "Plans": [
                        {
                            "Node Type": "Aggregate",
                            "Strategy": "Plain",
                            "Partial Mode": "Partial",
                            "Parent Relationship": "Outer",
                            "Parallel Aware": false,
                            "Startup Cost": 344239.17,
                            "Total Cost": 344239.18,
                            "Plan Rows": 1,
                            "Plan Width": 8,
                            "Actual Startup Time": 806.472,
                            "Actual Total Time": 806.473,
                            "Actual Rows": 1,
                            "Actual Loops": 7,
                            "Output": [
                                "PARTIAL count(*)"
                            ],
                            "Workers": [
                                {
                                    "Worker Number": 0,
                                    "Actual Startup Time": 805.3,
                                    "Actual Total Time": 805.301,
                                    "Actual Rows": 1,
                                    "Actual Loops": 1
                                },
                                {
                                    "Worker Number": 1,
                                    "Actual Startup Time": 803.096,
                                    "Actual Total Time": 803.097,
                                    "Actual Rows": 1,
                                    "Actual Loops": 1
                                },
                                {
                                    "Worker Number": 2,
                                    "Actual Startup Time": 805.628,
                                    "Actual Total Time": 805.629,
                                    "Actual Rows": 1,
                                    "Actual Loops": 1
                                },
                                {
                                    "Worker Number": 3,
                                    "Actual Startup Time": 806.077,
                                    "Actual Total Time": 806.078,
                                    "Actual Rows": 1,
                                    "Actual Loops": 1
                                },
                                {
                                    "Worker Number": 4,
                                    "Actual Startup Time": 806.073,
                                    "Actual Total Time": 806.074,
                                    "Actual Rows": 1,
                                    "Actual Loops": 1
                                },
                                {
                                    "Worker Number": 5,
                                    "Actual Startup Time": 803.325,
                                    "Actual Total Time": 803.326,
                                    "Actual Rows": 1,
                                    "Actual Loops": 1
                                }
                            ],
                            "Plans": [
                                {
                                    "Node Type": "Seq Scan",
                                    "Parent Relationship": "Outer",
                                    "Parallel Aware": true,
                                    "Relation Name": "cast_info",
                                    "Schema": "public",
                                    "Alias": "ci",
                                    "Startup Cost": 0.0,
                                    "Total Cost": 343318.94,
                                    "Plan Rows": 368093,
                                    "Plan Width": 0,
                                    "Actual Startup Time": 546.148,
                                    "Actual Total Time": 755.611,
                                    "Actual Rows": 849095,
                                    "Actual Loops": 7,
                                    "Output": [
                                        "id",
                                        "person_id",
                                        "movie_id",
                                        "person_role_id",
                                        "note",
                                        "nr_order",
                                        "role_id"
                                    ],
                                    "Filter": "((ci.person_id > 2834972) AND (ci.role_id > 4))",
                                    "Rows Removed by Filter": 4328668,
                                    "Workers": [
                                        {
                                            "Worker Number": 0,
                                            "Actual Startup Time": 544.986,
                                            "Actual Total Time": 754.839,
                                            "Actual Rows": 755900,
                                            "Actual Loops": 1
                                        },
                                        {
                                            "Worker Number": 1,
                                            "Actual Startup Time": 542.774,
                                            "Actual Total Time": 752.705,
                                            "Actual Rows": 754473,
                                            "Actual Loops": 1
                                        },
                                        {
                                            "Worker Number": 2,
                                            "Actual Startup Time": 545.293,
                                            "Actual Total Time": 754.886,
                                            "Actual Rows": 760120,
                                            "Actual Loops": 1
                                        },
                                        {
                                            "Worker Number": 3,
                                            "Actual Startup Time": 545.732,
                                            "Actual Total Time": 756.646,
                                            "Actual Rows": 740546,
                                            "Actual Loops": 1
                                        },
                                        {
                                            "Worker Number": 4,
                                            "Actual Startup Time": 545.755,
                                            "Actual Total Time": 756.547,
                                            "Actual Rows": 739437,
                                            "Actual Loops": 1
                                        },
                                        {
                                            "Worker Number": 5,
                                            "Actual Startup Time": 543.007,
                                            "Actual Total Time": 753.087,
                                            "Actual Rows": 751462,
                                            "Actual Loops": 1
                                        }
                                    ]
                                }
                            ]
                        }
                    ]
                }
            ]
        },
        "Planning Time": 1136.7,
        "Triggers": [],
        "Execution Time": 850.796
    }
]