{
  "Plan": {
    "Node Type": "Aggregate",
    "Strategy": "Plain",
    "Partial Mode": "Finalize",
    "Parallel Aware": false,
    "Startup Cost": 491522.58,
    "Total Cost": 491522.59,
    "Plan Rows": 1,
    "Plan Width": 8,
    "Actual Startup Time": 2471.639,
    "Actual Total Time": 2502.78,
    "Actual Rows": 1,
    "Actual Loops": 1,
    "Plans": [
      {
        "Node Type": "Gather",
        "Parent Relationship": "Outer",
        "Parallel Aware": false,
        "Startup Cost": 491522.46,
        "Total Cost": 491522.57,
        "Plan Rows": 1,
        "Plan Width": 8,
        "Actual Startup Time": 2465.937,
        "Actual Total Time": 2502.773,
        "Actual Rows": 2,
        "Actual Loops": 1,
        "Workers Planned": 1,
        "Workers Launched": 1,
        "Single Copy": false,
        "Plans": [
          {
            "Node Type": "Aggregate",
            "Strategy": "Plain",
            "Partial Mode": "Partial",
            "Parent Relationship": "Outer",
            "Parallel Aware": false,
            "Startup Cost": 490522.46,
            "Total Cost": 490522.47,
            "Plan Rows": 1,
            "Plan Width": 8,
            "Actual Startup Time": 2453.296,
            "Actual Total Time": 2453.3,
            "Actual Rows": 1,
            "Actual Loops": 2,
            "Plans": [
              {
                "Node Type": "Hash Join",
                "Parent Relationship": "Outer",
                "Parallel Aware": true,
                "Join Type": "Inner",
                "Startup Cost": 184048.19,
                "Total Cost": 482893.07,
                "Plan Rows": 3051759,
                "Plan Width": 0,
                "Actual Startup Time": 783.573,
                "Actual Total Time": 2328.634,
                "Actual Rows": 2515022,
                "Actual Loops": 2,
                "Inner Unique": true,
                "Hash Cond": "(ci.movie_id = t.id)",
                "Plans": [
                  {
                    "Node Type": "Bitmap Heap Scan",
                    "Parent Relationship": "Outer",
                    "Parallel Aware": true,
                    "Relation Name": "cast_info",
                    "Alias": "ci",
                    "Startup Cost": 114587.5,
                    "Total Cost": 405421.49,
                    "Plan Rows": 3051759,
                    "Plan Width": 4,
                    "Actual Startup Time": 171.92,
                    "Actual Total Time": 510.595,
                    "Actual Rows": 2515022,
                    "Actual Loops": 2,
                    "Recheck Cond": "(person_id > 3166229)",
                    "Rows Removed by Index Recheck": 0,
                    "Exact Heap Blocks": 40829,
                    "Lossy Heap Blocks": 0,
                    "Plans": [
                      {
                        "Node Type": "Bitmap Index Scan",
                        "Parent Relationship": "Outer",
                        "Parallel Aware": false,
                        "Index Name": "person_id_cast_info",
                        "Startup Cost": 0.0,
                        "Total Cost": 113290.5,
                        "Plan Rows": 5187991,
                        "Plan Width": 0,
                        "Actual Startup Time": 160.867,
                        "Actual Total Time": 160.867,
                        "Actual Rows": 5030044,
                        "Actual Loops": 1,
                        "Index Cond": "(person_id > 3166229)"
                      }
                    ]
                  },
                  {
                    "Node Type": "Hash",
                    "Parent Relationship": "Inner",
                    "Parallel Aware": true,
                    "Startup Cost": 50870.31,
                    "Total Cost": 50870.31,
                    "Plan Rows": 1487231,
                    "Plan Width": 4,
                    "Actual Startup Time": 588.378,
                    "Actual Total Time": 588.379,
                    "Actual Rows": 1264156,
                    "Actual Loops": 2,
                    "Hash Buckets": 4194304,
                    "Original Hash Buckets": 4194304,
                    "Hash Batches": 1,
                    "Original Hash Batches": 1,
                    "Peak Memory Usage": 131712,
                    "Plans": [
                      {
                        "Node Type": "Seq Scan",
                        "Parent Relationship": "Outer",
                        "Parallel Aware": true,
                        "Relation Name": "title",
                        "Alias": "t",
                        "Startup Cost": 0.0,
                        "Total Cost": 50870.31,
                        "Plan Rows": 1487231,
                        "Plan Width": 4,
                        "Actual Startup Time": 0.046,
                        "Actual Total Time": 177.205,
                        "Actual Rows": 1264156,
                        "Actual Loops": 2
                      }
                    ]
                  }
                ]
              }
            ]
          }
        ]
      }
    ]
  },
  "Planning Time": 0.659,
  "Triggers": [],
  "Execution Time": 2502.874
}