[
  {
    "Plan": {
      "Node Type": "Aggregate",
      "Strategy": "Plain",
      "Partial Mode": "Finalize",
      "Parallel Aware": false,
      "Startup Cost": 397288.15,
      "Total Cost": 397288.16,
      "Plan Rows": 1,
      "Plan Width": 8,
      "Actual Startup Time": 1265.89,
      "Actual Total Time": 1332.775,
      "Actual Rows": 1,
      "Actual Loops": 1,
      "Plans": [
        {
          "Node Type": "Gather",
          "Parent Relationship": "Outer",
          "Parallel Aware": false,
          "Startup Cost": 397287.53,
          "Total Cost": 397288.14,
          "Plan Rows": 6,
          "Plan Width": 8,
          "Actual Startup Time": 1263.433,
          "Actual Total Time": 1332.764,
          "Actual Rows": 7,
          "Actual Loops": 1,
          "Workers Planned": 6,
          "Workers Launched": 6,
          "Single Copy": false,
          "Plans": [
            {
              "Node Type": "Aggregate",
              "Strategy": "Plain",
              "Partial Mode": "Partial",
              "Parent Relationship": "Outer",
              "Parallel Aware": false,
              "Startup Cost": 396287.53,
              "Total Cost": 396287.54,
              "Plan Rows": 1,
              "Plan Width": 8,
              "Actual Startup Time": 1252.851,
              "Actual Total Time": 1252.854,
              "Actual Rows": 1,
              "Actual Loops": 7,
              "Plans": [
                {
                  "Node Type": "Hash Join",
                  "Parent Relationship": "Outer",
                  "Parallel Aware": true,
                  "Join Type": "Inner",
                  "Startup Cost": 46496.62,
                  "Total Cost": 395573.68,
                  "Plan Rows": 285537,
                  "Plan Width": 0,
                  "Actual Startup Time": 302.883,
                  "Actual Total Time": 1232.61,
                  "Actual Rows": 457495,
                  "Actual Loops": 7,
                  "Inner Unique": true,
                  "Hash Cond": "(ci.movie_id = t.id)",
                  "Plans": [
                    {
                      "Node Type": "Seq Scan",
                      "Parent Relationship": "Outer",
                      "Parallel Aware": true,
                      "Relation Name": "cast_info",
                      "Alias": "ci",
                      "Startup Cost": 0.0,
                      "Total Cost": 343257.03,
                      "Plan Rows": 2217150,
                      "Plan Width": 4,
                      "Actual Startup Time": 201.852,
                      "Actual Total Time": 672.119,
                      "Actual Rows": 2731510,
                      "Actual Loops": 7,
                      "Filter": "((person_id > 1574706) AND (role_id > 1))",
                      "Rows Removed by Filter": 2446253
                    },
                    {
                      "Node Type": "Hash",
                      "Parent Relationship": "Inner",
                      "Parallel Aware": true,
                      "Startup Cost": 45479.1,
                      "Total Cost": 45479.1,
                      "Plan Rows": 81402,
                      "Plan Width": 4,
                      "Actual Startup Time": 98.342,
                      "Actual Total Time": 98.343,
                      "Actual Rows": 49933,
                      "Actual Loops": 7,
                      "Hash Buckets": 524288,
                      "Original Hash Buckets": 524288,
                      "Hash Batches": 1,
                      "Original Hash Batches": 1,
                      "Peak Memory Usage": 17920,
                      "Plans": [
                        {
                          "Node Type": "Seq Scan",
                          "Parent Relationship": "Outer",
                          "Parallel Aware": true,
                          "Relation Name": "title",
                          "Alias": "t",
                          "Startup Cost": 0.0,
                          "Total Cost": 45479.1,
                          "Plan Rows": 81402,
                          "Plan Width": 4,
                          "Actual Startup Time": 0.048,
                          "Actual Total Time": 73.789,
                          "Actual Rows": 49933,
                          "Actual Loops": 7,
                          "Filter": "((production_year > 2009) AND (kind_id = 7))",
                          "Rows Removed by Filter": 311254
                        }
                      ]
                    }
                  ]
                }
              ]
            }
          ]
        }
      ]
    },
    "Planning Time": 0.706,
    "Triggers": [],
    "Execution Time": 1332.868
  }
]