[
  {
    "Plan": {
      "Node Type": "Aggregate",
      "Strategy": "Plain",
      "Partial Mode": "Finalize",
      "Parallel Aware": false,
      "Startup Cost": 32878.9,
      "Total Cost": 32878.91,
      "Plan Rows": 1,
      "Plan Width": 8,
      "Actual Startup Time": 100.41,
      "Actual Total Time": 108.335,
      "Actual Rows": 1,
      "Actual Loops": 1,
      "Plans": [
        {
          "Node Type": "Gather",
          "Parent Relationship": "Outer",
          "Parallel Aware": false,
          "Startup Cost": 32878.58,
          "Total Cost": 32878.89,
          "Plan Rows": 3,
          "Plan Width": 8,
          "Actual Startup Time": 100.324,
          "Actual Total Time": 108.328,
          "Actual Rows": 4,
          "Actual Loops": 1,
          "Workers Planned": 3,
          "Workers Launched": 3,
          "Single Copy": false,
          "Plans": [
            {
              "Node Type": "Aggregate",
              "Strategy": "Plain",
              "Partial Mode": "Partial",
              "Parent Relationship": "Outer",
              "Parallel Aware": false,
              "Startup Cost": 31878.58,
              "Total Cost": 31878.59,
              "Plan Rows": 1,
              "Plan Width": 8,
              "Actual Startup Time": 91.945,
              "Actual Total Time": 91.946,
              "Actual Rows": 1,
              "Actual Loops": 4,
              "Plans": [
                {
                  "Node Type": "Seq Scan",
                  "Parent Relationship": "Outer",
                  "Parallel Aware": true,
                  "Relation Name": "movie_companies",
                  "Alias": "mc",
                  "Startup Cost": 0.0,
                  "Total Cost": 31414.82,
                  "Plan Rows": 185506,
                  "Plan Width": 0,
                  "Actual Startup Time": 52.657,
                  "Actual Total Time": 87.325,
                  "Actual Rows": 91352,
                  "Actual Loops": 4,
                  "Filter": "((company_id < 8245) AND (company_type_id > 1))",
                  "Rows Removed by Filter": 560930
                }
              ]
            }
          ]
        }
      ]
    },
    "Planning Time": 0.19,
    "Triggers": [],
    "Execution Time": 108.397
  }
]