[
  {
    "Plan": {
      "Node Type": "Aggregate",
      "Strategy": "Plain",
      "Partial Mode": "Finalize",
      "Parallel Aware": false,
      "Startup Cost": 195576.26,
      "Total Cost": 195576.27,
      "Plan Rows": 1,
      "Plan Width": 8,
      "Actual Startup Time": 333.591,
      "Actual Total Time": 369.215,
      "Actual Rows": 1,
      "Actual Loops": 1,
      "Plans": [
        {
          "Node Type": "Gather",
          "Parent Relationship": "Outer",
          "Parallel Aware": false,
          "Startup Cost": 195575.94,
          "Total Cost": 195576.25,
          "Plan Rows": 3,
          "Plan Width": 8,
          "Actual Startup Time": 332.067,
          "Actual Total Time": 369.206,
          "Actual Rows": 4,
          "Actual Loops": 1,
          "Workers Planned": 3,
          "Workers Launched": 3,
          "Single Copy": false,
          "Plans": [
            {
              "Node Type": "Aggregate",
              "Strategy": "Plain",
              "Partial Mode": "Partial",
              "Parent Relationship": "Outer",
              "Parallel Aware": false,
              "Startup Cost": 194575.94,
              "Total Cost": 194575.95,
              "Plan Rows": 1,
              "Plan Width": 8,
              "Actual Startup Time": 322.86,
              "Actual Total Time": 322.865,
              "Actual Rows": 1,
              "Actual Loops": 4,
              "Plans": [
                {
                  "Node Type": "Nested Loop",
                  "Parent Relationship": "Outer",
                  "Parallel Aware": false,
                  "Join Type": "Inner",
                  "Startup Cost": 55186.24,
                  "Total Cost": 194009.72,
                  "Plan Rows": 226490,
                  "Plan Width": 0,
                  "Actual Startup Time": 158.329,
                  "Actual Total Time": 319.824,
                  "Actual Rows": 48893,
                  "Actual Loops": 4,
                  "Inner Unique": false,
                  "Plans": [
                    {
                      "Node Type": "Hash Join",
                      "Parent Relationship": "Outer",
                      "Parallel Aware": true,
                      "Join Type": "Inner",
                      "Startup Cost": 55185.67,
                      "Total Cost": 81518.96,
                      "Plan Rows": 24108,
                      "Plan Width": 8,
                      "Actual Startup Time": 158.105,
                      "Actual Total Time": 220.535,
                      "Actual Rows": 3139,
                      "Actual Loops": 4,
                      "Inner Unique": true,
                      "Hash Cond": "(mk.movie_id = t.id)",
                      "Plans": [
                        {
                          "Node Type": "Bitmap Heap Scan",
                          "Parent Relationship": "Outer",
                          "Parallel Aware": true,
                          "Relation Name": "movie_keyword",
                          "Alias": "mk",
                          "Startup Cost": 8173.55,
                          "Total Cost": 34180.68,
                          "Plan Rows": 124250,
                          "Plan Width": 4,
                          "Actual Startup Time": 25.274,
                          "Actual Total Time": 69.557,
                          "Actual Rows": 93030,
                          "Actual Loops": 4,
                          "Recheck Cond": "(keyword_id > 45493)",
                          "Rows Removed by Index Recheck": 0,
                          "Exact Heap Blocks": 8382,
                          "Lossy Heap Blocks": 0,
                          "Plans": [
                            {
                              "Node Type": "Bitmap Index Scan",
                              "Parent Relationship": "Outer",
                              "Parallel Aware": false,
                              "Index Name": "keyword_id_movie_keyword",
                              "Startup Cost": 0.0,
                              "Total Cost": 8077.25,
                              "Plan Rows": 385176,
                              "Plan Width": 0,
                              "Actual Startup Time": 21.812,
                              "Actual Total Time": 21.812,
                              "Actual Rows": 372121,
                              "Actual Loops": 1,
                              "Index Cond": "(keyword_id > 45493)"
                            }
                          ]
                        },
                        {
                          "Node Type": "Hash",
                          "Parent Relationship": "Inner",
                          "Parallel Aware": true,
                          "Startup Cost": 45479.1,
                          "Total Cost": 45479.1,
                          "Plan Rows": 122642,
                          "Plan Width": 4,
                          "Actual Startup Time": 129.585,
                          "Actual Total Time": 129.586,
                          "Actual Rows": 94836,
                          "Actual Loops": 4,
                          "Hash Buckets": 524288,
                          "Original Hash Buckets": 524288,
                          "Hash Batches": 1,
                          "Original Hash Batches": 1,
                          "Peak Memory Usage": 19008,
                          "Plans": [
                            {
                              "Node Type": "Seq Scan",
                              "Parent Relationship": "Outer",
                              "Parallel Aware": true,
                              "Relation Name": "title",
                              "Alias": "t",
                              "Startup Cost": 0.0,
                              "Total Cost": 45479.1,
                              "Plan Rows": 122642,
                              "Plan Width": 4,
                              "Actual Startup Time": 0.031,
                              "Actual Total Time": 97.704,
                              "Actual Rows": 94836,
                              "Actual Loops": 4,
                              "Filter": "((production_year < 1995) AND (kind_id = 7))",
                              "Rows Removed by Filter": 537242
                            }
                          ]
                        }
                      ]
                    },
                    {
                      "Node Type": "Index Scan",
                      "Parent Relationship": "Inner",
                      "Parallel Aware": false,
                      "Scan Direction": "Forward",
                      "Index Name": "movie_id_cast_info",
                      "Relation Name": "cast_info",
                      "Alias": "ci",
                      "Startup Cost": 0.56,
                      "Total Cost": 4.43,
                      "Plan Rows": 24,
                      "Plan Width": 4,
                      "Actual Startup Time": 0.015,
                      "Actual Total Time": 0.03,
                      "Actual Rows": 16,
                      "Actual Loops": 12555,
                      "Index Cond": "(movie_id = t.id)",
                      "Rows Removed by Index Recheck": 0,
                      "Filter": "(role_id > 1)",
                      "Rows Removed by Filter": 9
                    }
                  ]
                }
              ]
            }
          ]
        }
      ]
    },
    "Planning Time": 1.352,
    "Triggers": [],
    "Execution Time": 369.34
  }
]