[
  {
    "Plan": {
      "Node Type": "Aggregate",
      "Strategy": "Plain",
      "Partial Mode": "Finalize",
      "Parallel Aware": false,
      "Startup Cost": 44518.35,
      "Total Cost": 44518.36,
      "Plan Rows": 1,
      "Plan Width": 8,
      "Actual Startup Time": 123.591,
      "Actual Total Time": 132.896,
      "Actual Rows": 1,
      "Actual Loops": 1,
      "Plans": [
        {
          "Node Type": "Gather",
          "Parent Relationship": "Outer",
          "Parallel Aware": false,
          "Startup Cost": 44518.03,
          "Total Cost": 44518.34,
          "Plan Rows": 3,
          "Plan Width": 8,
          "Actual Startup Time": 123.445,
          "Actual Total Time": 132.887,
          "Actual Rows": 4,
          "Actual Loops": 1,
          "Workers Planned": 3,
          "Workers Launched": 3,
          "Single Copy": false,
          "Plans": [
            {
              "Node Type": "Aggregate",
              "Strategy": "Plain",
              "Partial Mode": "Partial",
              "Parent Relationship": "Outer",
              "Parallel Aware": false,
              "Startup Cost": 43518.03,
              "Total Cost": 43518.04,
              "Plan Rows": 1,
              "Plan Width": 8,
              "Actual Startup Time": 118.194,
              "Actual Total Time": 118.196,
              "Actual Rows": 1,
              "Actual Loops": 4,
              "Plans": [
                {
                  "Node Type": "Seq Scan",
                  "Parent Relationship": "Outer",
                  "Parallel Aware": true,
                  "Relation Name": "movie_keyword",
                  "Alias": "mk",
                  "Startup Cost": 0.0,
                  "Total Cost": 42695.65,
                  "Plan Rows": 328952,
                  "Plan Width": 0,
                  "Actual Startup Time": 0.046,
                  "Actual Total Time": 105.076,
                  "Actual Rows": 255395,
                  "Actual Loops": 4,
                  "Filter": "(keyword_id < 995)",
                  "Rows Removed by Filter": 875588
                }
              ]
            }
          ]
        }
      ]
    },
    "Planning Time": 0.103,
    "Triggers": [],
    "Execution Time": 132.929
  }
]