{
  "Plan": {
    "Node Type": "Aggregate",
    "Strategy": "Plain",
    "Partial Mode": "Simple",
    "Parallel Aware": false,
    "Startup Cost": 7551.08,
    "Total Cost": 7551.09,
    "Plan Rows": 1,
    "Plan Width": 64,
    "Actual Startup Time": 38.649,
    "Actual Total Time": 38.654,
    "Actual Rows": 1,
    "Actual Loops": 1,
    "Plans": [
      {
        "Node Type": "Nested Loop",
        "Parent Relationship": "Outer",
        "Parallel Aware": false,
        "Join Type": "Inner",
        "Startup Cost": 12.11,
        "Total Cost": 7551.07,
        "Plan Rows": 1,
        "Plan Width": 23,
        "Actual Startup Time": 2.451,
        "Actual Total Time": 38.63,
        "Actual Rows": 10,
        "Actual Loops": 1,
        "Inner Unique": true,
        "Join Filter": "(mi.info_type_id = it1.id)",
        "Rows Removed by Join Filter": 29,
        "Plans": [
          {
            "Node Type": "Nested Loop",
            "Parent Relationship": "Outer",
            "Parallel Aware": false,
            "Join Type": "Inner",
            "Startup Cost": 12.11,
            "Total Cost": 7548.65,
            "Plan Rows": 1,
            "Plan Width": 27,
            "Actual Startup Time": 2.429,
            "Actual Total Time": 37.548,
            "Actual Rows": 39,
            "Actual Loops": 1,
            "Inner Unique": false,
            "Join Filter": "(t.id = mi.movie_id)",
            "Rows Removed by Join Filter": 0,
            "Plans": [
              {
                "Node Type": "Nested Loop",
                "Parent Relationship": "Outer",
                "Parallel Aware": false,
                "Join Type": "Inner",
                "Startup Cost": 11.68,
                "Total Cost": 7546.83,
                "Plan Rows": 1,
                "Plan Width": 35,
                "Actual Startup Time": 2.3,
                "Actual Total Time": 36.104,
                "Actual Rows": 30,
                "Actual Loops": 1,
                "Inner Unique": true,
                "Join Filter": "(t.kind_id = kt.id)",
                "Rows Removed by Join Filter": 155,
                "Plans": [
                  {
                    "Node Type": "Nested Loop",
                    "Parent Relationship": "Outer",
                    "Parallel Aware": false,
                    "Join Type": "Inner",
                    "Startup Cost": 11.68,
                    "Total Cost": 7545.73,
                    "Plan Rows": 1,
                    "Plan Width": 39,
                    "Actual Startup Time": 1.617,
                    "Actual Total Time": 34.183,
                    "Actual Rows": 185,
                    "Actual Loops": 1,
                    "Inner Unique": false,
                    "Join Filter": "(mi_idx.info_type_id = it2.id)",
                    "Rows Removed by Join Filter": 367,
                    "Plans": [
                      {
                        "Node Type": "Seq Scan",
                        "Parent Relationship": "Outer",
                        "Parallel Aware": false,
                        "Relation Name": "info_type",
                        "Alias": "it2",
                        "Startup Cost": 0.0,
                        "Total Cost": 2.41,
                        "Plan Rows": 1,
                        "Plan Width": 4,
                        "Actual Startup Time": 0.04,
                        "Actual Total Time": 0.042,
                        "Actual Rows": 1,
                        "Actual Loops": 1,
                        "Filter": "((info)::text = 'rating'::text)",
                        "Rows Removed by Filter": 112
                      },
                      {
                        "Node Type": "Nested Loop",
                        "Parent Relationship": "Inner",
                        "Parallel Aware": false,
                        "Join Type": "Inner",
                        "Startup Cost": 11.68,
                        "Total Cost": 7542.96,
                        "Plan Rows": 28,
                        "Plan Width": 43,
                        "Actual Startup Time": 1.567,
                        "Actual Total Time": 33.971,
                        "Actual Rows": 552,
                        "Actual Loops": 1,
                        "Inner Unique": false,
                        "Join Filter": "(t.id = mi_idx.movie_id)",
                        "Rows Removed by Join Filter": 0,
                        "Plans": [
                          {
                            "Node Type": "Nested Loop",
                            "Parent Relationship": "Outer",
                            "Parallel Aware": false,
                            "Join Type": "Inner",
                            "Startup Cost": 11.25,
                            "Total Cost": 7513.94,
                            "Plan Rows": 54,
                            "Plan Width": 29,
                            "Actual Startup Time": 1.415,
                            "Actual Total Time": 31.268,
                            "Actual Rows": 258,
                            "Actual Loops": 1,
                            "Inner Unique": true,
                            "Plans": [
                              {
                                "Node Type": "Nested Loop",
                                "Parent Relationship": "Outer",
                                "Parallel Aware": false,
                                "Join Type": "Inner",
                                "Startup Cost": 10.82,
                                "Total Cost": 7447.81,
                                "Plan Rows": 135,
                                "Plan Width": 4,
                                "Actual Startup Time": 1.395,
                                "Actual Total Time": 26.101,
                                "Actual Rows": 619,
                                "Actual Loops": 1,
                                "Inner Unique": false,
                                "Plans": [
                                  {
                                    "Node Type": "Seq Scan",
                                    "Parent Relationship": "Outer",
                                    "Parallel Aware": false,
                                    "Relation Name": "keyword",
                                    "Alias": "k",
                                    "Startup Cost": 0.0,
                                    "Total Cost": 2961.55,
                                    "Plan Rows": 4,
                                    "Plan Width": 4,
                                    "Actual Startup Time": 1.342,
                                    "Actual Total Time": 23.972,
                                    "Actual Rows": 4,
                                    "Actual Loops": 1,
                                    "Filter": "(keyword = ANY ('{marvel-cinematic-universe,claw,marvel-comics,toronto-ontario-canada}'::text[]))",
                                    "Rows Removed by Filter": 134166
                                  },
                                  {
                                    "Node Type": "Bitmap Heap Scan",
                                    "Parent Relationship": "Inner",
                                    "Parallel Aware": false,
                                    "Relation Name": "movie_keyword",
                                    "Alias": "mk",
                                    "Startup Cost": 10.82,
                                    "Total Cost": 1118.49,
                                    "Plan Rows": 308,
                                    "Plan Width": 8,
                                    "Actual Startup Time": 0.104,
                                    "Actual Total Time": 0.473,
                                    "Actual Rows": 155,
                                    "Actual Loops": 4,
                                    "Recheck Cond": "(keyword_id = k.id)",
                                    "Rows Removed by Index Recheck": 0,
                                    "Exact Heap Blocks": 486,
                                    "Lossy Heap Blocks": 0,
                                    "Plans": [
                                      {
                                        "Node Type": "Bitmap Index Scan",
                                        "Parent Relationship": "Outer",
                                        "Parallel Aware": false,
                                        "Index Name": "keyword_id_movie_keyword",
                                        "Startup Cost": 0.0,
                                        "Total Cost": 10.74,
                                        "Plan Rows": 308,
                                        "Plan Width": 0,
                                        "Actual Startup Time": 0.068,
                                        "Actual Total Time": 0.068,
                                        "Actual Rows": 155,
                                        "Actual Loops": 4,
                                        "Index Cond": "(keyword_id = k.id)"
                                      }
                                    ]
                                  }
                                ]
                              },
                              {
                                "Node Type": "Index Scan",
                                "Parent Relationship": "Inner",
                                "Parallel Aware": false,
                                "Scan Direction": "Forward",
                                "Index Name": "title_pkey",
                                "Relation Name": "title",
                                "Alias": "t",
                                "Startup Cost": 0.43,
                                "Total Cost": 0.49,
                                "Plan Rows": 1,
                                "Plan Width": 25,
                                "Actual Startup Time": 0.007,
                                "Actual Total Time": 0.007,
                                "Actual Rows": 0,
                                "Actual Loops": 619,
                                "Index Cond": "(id = mk.movie_id)",
                                "Rows Removed by Index Recheck": 0,
                                "Filter": "(production_year > 2005)",
                                "Rows Removed by Filter": 1
                              }
                            ]
                          },
                          {
                            "Node Type": "Index Scan",
                            "Parent Relationship": "Inner",
                            "Parallel Aware": false,
                            "Scan Direction": "Forward",
                            "Index Name": "movie_id_movie_info_idx",
                            "Relation Name": "movie_info_idx",
                            "Alias": "mi_idx",
                            "Startup Cost": 0.43,
                            "Total Cost": 0.5,
                            "Plan Rows": 3,
                            "Plan Width": 14,
                            "Actual Startup Time": 0.008,
                            "Actual Total Time": 0.009,
                            "Actual Rows": 2,
                            "Actual Loops": 258,
                            "Index Cond": "(movie_id = mk.movie_id)",
                            "Rows Removed by Index Recheck": 0,
                            "Filter": "(info < '8'::text)",
                            "Rows Removed by Filter": 0
                          }
                        ]
                      }
                    ]
                  },
                  {
                    "Node Type": "Seq Scan",
                    "Parent Relationship": "Inner",
                    "Parallel Aware": false,
                    "Relation Name": "kind_type",
                    "Alias": "kt",
                    "Startup Cost": 0.0,
                    "Total Cost": 1.09,
                    "Plan Rows": 1,
                    "Plan Width": 4,
                    "Actual Startup Time": 0.004,
                    "Actual Total Time": 0.005,
                    "Actual Rows": 1,
                    "Actual Loops": 185,
                    "Filter": "((kind)::text = 'tv series'::text)",
                    "Rows Removed by Filter": 5
                  }
                ]
              },
              {
                "Node Type": "Index Scan",
                "Parent Relationship": "Inner",
                "Parallel Aware": false,
                "Scan Direction": "Forward",
                "Index Name": "movie_id_movie_info",
                "Relation Name": "movie_info",
                "Alias": "mi",
                "Startup Cost": 0.43,
                "Total Cost": 1.8,
                "Plan Rows": 2,
                "Plan Width": 8,
                "Actual Startup Time": 0.029,
                "Actual Total Time": 0.045,
                "Actual Rows": 1,
                "Actual Loops": 30,
                "Index Cond": "(movie_id = mk.movie_id)",
                "Rows Removed by Index Recheck": 0,
                "Filter": "(info = ANY ('{German,Denish,English,America,Swedish,Bulgaria,Norwegian,Denmark,American,Canada}'::text[]))",
                "Rows Removed by Filter": 12
              }
            ]
          },
          {
            "Node Type": "Seq Scan",
            "Parent Relationship": "Inner",
            "Parallel Aware": false,
            "Relation Name": "info_type",
            "Alias": "it1",
            "Startup Cost": 0.0,
            "Total Cost": 2.41,
            "Plan Rows": 1,
            "Plan Width": 4,
            "Actual Startup Time": 0.01,
            "Actual Total Time": 0.022,
            "Actual Rows": 1,
            "Actual Loops": 39,
            "Filter": "((info)::text = 'countries'::text)",
            "Rows Removed by Filter": 85
          }
        ]
      }
    ]
  },
  "Planning Time": 2.585,
  "Triggers": [],
  "Execution Time": 38.791
}