[
  {
    "Plan": {
      "Node Type": "Aggregate",
      "Strategy": "Plain",
      "Partial Mode": "Finalize",
      "Parallel Aware": false,
      "Startup Cost": 33177.43,
      "Total Cost": 33177.44,
      "Plan Rows": 1,
      "Plan Width": 8,
      "Actual Startup Time": 95.844,
      "Actual Total Time": 103.356,
      "Actual Rows": 1,
      "Actual Loops": 1,
      "Plans": [
        {
          "Node Type": "Gather",
          "Parent Relationship": "Outer",
          "Parallel Aware": false,
          "Startup Cost": 33177.11,
          "Total Cost": 33177.42,
          "Plan Rows": 3,
          "Plan Width": 8,
          "Actual Startup Time": 95.745,
          "Actual Total Time": 103.346,
          "Actual Rows": 4,
          "Actual Loops": 1,
          "Workers Planned": 3,
          "Workers Launched": 3,
          "Single Copy": false,
          "Plans": [
            {
              "Node Type": "Aggregate",
              "Strategy": "Plain",
              "Partial Mode": "Partial",
              "Parent Relationship": "Outer",
              "Parallel Aware": false,
              "Startup Cost": 32177.11,
              "Total Cost": 32177.12,
              "Plan Rows": 1,
              "Plan Width": 8,
              "Actual Startup Time": 88.891,
              "Actual Total Time": 88.892,
              "Actual Rows": 1,
              "Actual Loops": 4,
              "Plans": [
                {
                  "Node Type": "Seq Scan",
                  "Parent Relationship": "Outer",
                  "Parallel Aware": true,
                  "Relation Name": "movie_companies",
                  "Alias": "mc",
                  "Startup Cost": 0.0,
                  "Total Cost": 31414.82,
                  "Plan Rows": 304918,
                  "Plan Width": 0,
                  "Actual Startup Time": 0.606,
                  "Actual Total Time": 79.205,
                  "Actual Rows": 196445,
                  "Actual Loops": 4,
                  "Filter": "((company_id > 1194) AND (company_type_id < 2))",
                  "Rows Removed by Filter": 455837
                }
              ]
            }
          ]
        }
      ]
    },
    "Planning Time": 0.218,
    "Triggers": [],
    "Execution Time": 103.413
  }
]