[
  {
    "Plan": {
      "Node Type": "Aggregate",
      "Strategy": "Plain",
      "Partial Mode": "Finalize",
      "Parallel Aware": false,
      "Startup Cost": 41699.87,
      "Total Cost": 41699.88,
      "Plan Rows": 1,
      "Plan Width": 8,
      "Actual Startup Time": 137.287,
      "Actual Total Time": 148.638,
      "Actual Rows": 1,
      "Actual Loops": 1,
      "Plans": [
        {
          "Node Type": "Gather",
          "Parent Relationship": "Outer",
          "Parallel Aware": false,
          "Startup Cost": 41699.56,
          "Total Cost": 41699.87,
          "Plan Rows": 3,
          "Plan Width": 8,
          "Actual Startup Time": 136.92,
          "Actual Total Time": 148.628,
          "Actual Rows": 4,
          "Actual Loops": 1,
          "Workers Planned": 3,
          "Workers Launched": 3,
          "Single Copy": false,
          "Plans": [
            {
              "Node Type": "Aggregate",
              "Strategy": "Plain",
              "Partial Mode": "Partial",
              "Parent Relationship": "Outer",
              "Parallel Aware": false,
              "Startup Cost": 40699.56,
              "Total Cost": 40699.57,
              "Plan Rows": 1,
              "Plan Width": 8,
              "Actual Startup Time": 132.625,
              "Actual Total Time": 132.627,
              "Actual Rows": 1,
              "Actual Loops": 4,
              "Plans": [
                {
                  "Node Type": "Bitmap Heap Scan",
                  "Parent Relationship": "Outer",
                  "Parallel Aware": true,
                  "Relation Name": "movie_keyword",
                  "Alias": "mk",
                  "Startup Cost": 13228.6,
                  "Total Cost": 40196.73,
                  "Plan Rows": 201131,
                  "Plan Width": 0,
                  "Actual Startup Time": 43.97,
                  "Actual Total Time": 123.453,
                  "Actual Rows": 155484,
                  "Actual Loops": 4,
                  "Recheck Cond": "(keyword_id > 29338)",
                  "Rows Removed by Index Recheck": 0,
                  "Exact Heap Blocks": 9210,
                  "Lossy Heap Blocks": 0,
                  "Plans": [
                    {
                      "Node Type": "Bitmap Index Scan",
                      "Parent Relationship": "Outer",
                      "Parallel Aware": false,
                      "Index Name": "keyword_id_movie_keyword",
                      "Startup Cost": 0.0,
                      "Total Cost": 13072.72,
                      "Plan Rows": 623505,
                      "Plan Width": 0,
                      "Actual Startup Time": 43.544,
                      "Actual Total Time": 43.545,
                      "Actual Rows": 621937,
                      "Actual Loops": 1,
                      "Index Cond": "(keyword_id > 29338)"
                    }
                  ]
                }
              ]
            }
          ]
        }
      ]
    },
    "Planning Time": 0.094,
    "Triggers": [],
    "Execution Time": 148.681
  }
]