[
  {
    "Plan": {
      "Node Type": "Aggregate",
      "Strategy": "Plain",
      "Partial Mode": "Finalize",
      "Parallel Aware": false,
      "Startup Cost": 42142.72,
      "Total Cost": 42142.73,
      "Plan Rows": 1,
      "Plan Width": 8,
      "Actual Startup Time": 137.579,
      "Actual Total Time": 143.915,
      "Actual Rows": 1,
      "Actual Loops": 1,
      "Plans": [
        {
          "Node Type": "Gather",
          "Parent Relationship": "Outer",
          "Parallel Aware": false,
          "Startup Cost": 42142.41,
          "Total Cost": 42142.72,
          "Plan Rows": 3,
          "Plan Width": 8,
          "Actual Startup Time": 137.392,
          "Actual Total Time": 143.904,
          "Actual Rows": 4,
          "Actual Loops": 1,
          "Workers Planned": 3,
          "Workers Launched": 3,
          "Single Copy": false,
          "Plans": [
            {
              "Node Type": "Aggregate",
              "Strategy": "Plain",
              "Partial Mode": "Partial",
              "Parent Relationship": "Outer",
              "Parallel Aware": false,
              "Startup Cost": 41142.41,
              "Total Cost": 41142.42,
              "Plan Rows": 1,
              "Plan Width": 8,
              "Actual Startup Time": 129.133,
              "Actual Total Time": 129.135,
              "Actual Rows": 1,
              "Actual Loops": 4,
              "Plans": [
                {
                  "Node Type": "Bitmap Heap Scan",
                  "Parent Relationship": "Outer",
                  "Parallel Aware": true,
                  "Relation Name": "movie_keyword",
                  "Alias": "mk",
                  "Startup Cost": 13588.87,
                  "Total Cost": 40625.82,
                  "Plan Rows": 206636,
                  "Plan Width": 0,
                  "Actual Startup Time": 54.023,
                  "Actual Total Time": 120.741,
                  "Actual Rows": 155484,
                  "Actual Loops": 4,
                  "Recheck Cond": "(keyword_id > 29338)",
                  "Rows Removed by Index Recheck": 0,
                  "Exact Heap Blocks": 9820,
                  "Lossy Heap Blocks": 0,
                  "Plans": [
                    {
                      "Node Type": "Bitmap Index Scan",
                      "Parent Relationship": "Outer",
                      "Parallel Aware": false,
                      "Index Name": "keyword_id_movie_keyword",
                      "Startup Cost": 0.0,
                      "Total Cost": 13428.72,
                      "Plan Rows": 640572,
                      "Plan Width": 0,
                      "Actual Startup Time": 58.02,
                      "Actual Total Time": 58.021,
                      "Actual Rows": 621937,
                      "Actual Loops": 1,
                      "Index Cond": "(keyword_id > 29338)"
                    }
                  ]
                }
              ]
            }
          ]
        }
      ]
    },
    "Planning Time": 0.171,
    "Triggers": [],
    "Execution Time": 143.985
  }
]