{
    "Plan": {
        "Node Type": "Aggregate",
        "Strategy": "Plain",
        "Partial Mode": "Finalize",
        "Parallel Aware": false,
        "Startup Cost": 474979.59,
        "Total Cost": 474979.6,
        "Plan Rows": 1,
        "Plan Width": 64,
        "Actual Startup Time": 2872.858,
        "Actual Total Time": 2927.829,
        "Actual Rows": 1,
        "Actual Loops": 1,
        "Plans": [
            {
                "Node Type": "Gather",
                "Parent Relationship": "Outer",
                "Parallel Aware": false,
                "Startup Cost": 474979.47,
                "Total Cost": 474979.58,
                "Plan Rows": 1,
                "Plan Width": 64,
                "Actual Startup Time": 2855.861,
                "Actual Total Time": 2927.815,
                "Actual Rows": 2,
                "Actual Loops": 1,
                "Workers Planned": 1,
                "Workers Launched": 1,
                "Single Copy": false,
                "Plans": [
                    {
                        "Node Type": "Aggregate",
                        "Strategy": "Plain",
                        "Partial Mode": "Partial",
                        "Parent Relationship": "Outer",
                        "Parallel Aware": false,
                        "Startup Cost": 473979.47,
                        "Total Cost": 473979.48,
                        "Plan Rows": 1,
                        "Plan Width": 64,
                        "Actual Startup Time": 2849.47,
                        "Actual Total Time": 2849.483,
                        "Actual Rows": 1,
                        "Actual Loops": 2,
                        "Plans": [
                            {
                                "Node Type": "Hash Join",
                                "Parent Relationship": "Outer",
                                "Parallel Aware": true,
                                "Join Type": "Inner",
                                "Startup Cost": 371978.4,
                                "Total Cost": 454411.97,
                                "Plan Rows": 3913501,
                                "Plan Width": 33,
                                "Actual Startup Time": 2003.075,
                                "Actual Total Time": 2832.39,
                                "Actual Rows": 161502,
                                "Actual Loops": 2,
                                "Inner Unique": false,
                                "Hash Cond": "(n1.id = an1.person_id)",
                                "Plans": [
                                    {
                                        "Node Type": "Hash Join",
                                        "Parent Relationship": "Outer",
                                        "Parallel Aware": true,
                                        "Join Type": "Inner",
                                        "Startup Cost": 348652.86,
                                        "Total Cost": 422675.92,
                                        "Plan Rows": 1674654,
                                        "Plan Width": 25,
                                        "Actual Startup Time": 1769.747,
                                        "Actual Total Time": 2554.175,
                                        "Actual Rows": 142769,
                                        "Actual Loops": 2,
                                        "Inner Unique": true,
                                        "Hash Cond": "(ci.person_id = n1.id)",
                                        "Plans": [
                                            {
                                                "Node Type": "Hash Join",
                                                "Parent Relationship": "Outer",
                                                "Parallel Aware": false,
                                                "Join Type": "Inner",
                                                "Startup Cost": 237881.89,
                                                "Total Cost": 307508.99,
                                                "Plan Rows": 1674654,
                                                "Plan Width": 21,
                                                "Actual Startup Time": 770.045,
                                                "Actual Total Time": 1510.633,
                                                "Actual Rows": 142769,
                                                "Actual Loops": 2,
                                                "Inner Unique": false,
                                                "Hash Cond": "(t.id = ci.movie_id)",
                                                "Plans": [
                                                    {
                                                        "Node Type": "Hash Join",
                                                        "Parent Relationship": "Outer",
                                                        "Parallel Aware": true,
                                                        "Join Type": "Inner",
                                                        "Startup Cost": 50347.8,
                                                        "Total Cost": 110015.13,
                                                        "Plan Rows": 547356,
                                                        "Plan Width": 25,
                                                        "Actual Startup Time": 589.664,
                                                        "Actual Total Time": 1214.358,
                                                        "Actual Rows": 576899,
                                                        "Actual Loops": 2,
                                                        "Inner Unique": false,
                                                        "Hash Cond": "(t.id = mc.movie_id)",
                                                        "Plans": [
                                                            {
                                                                "Node Type": "Seq Scan",
                                                                "Parent Relationship": "Outer",
                                                                "Parallel Aware": true,
                                                                "Relation Name": "title",
                                                                "Alias": "t",
                                                                "Startup Cost": 0.0,
                                                                "Total Cost": 50870.42,
                                                                "Plan Rows": 1487242,
                                                                "Plan Width": 21,
                                                                "Actual Startup Time": 0.032,
                                                                "Actual Total Time": 160.911,
                                                                "Actual Rows": 1264156,
                                                                "Actual Loops": 2
                                                            },
                                                            {
                                                                "Node Type": "Hash",
                                                                "Parent Relationship": "Inner",
                                                                "Parallel Aware": true,
                                                                "Startup Cost": 43505.85,
                                                                "Total Cost": 43505.85,
                                                                "Plan Rows": 547356,
                                                                "Plan Width": 4,
                                                                "Actual Startup Time": 578.653,
                                                                "Actual Total Time": 578.659,
                                                                "Actual Rows": 576899,
                                                                "Actual Loops": 2,
                                                                "Hash Buckets": 2097152,
                                                                "Original Hash Buckets": 1048576,
                                                                "Hash Batches": 1,
                                                                "Original Hash Batches": 1,
                                                                "Peak Memory Usage": 69728,
                                                                "Plans": [
                                                                    {
                                                                        "Node Type": "Hash Join",
                                                                        "Parent Relationship": "Outer",
                                                                        "Parallel Aware": true,
                                                                        "Join Type": "Inner",
                                                                        "Startup Cost": 5339.16,
                                                                        "Total Cost": 43505.85,
                                                                        "Plan Rows": 547356,
                                                                        "Plan Width": 4,
                                                                        "Actual Startup Time": 32.389,
                                                                        "Actual Total Time": 392.79,
                                                                        "Actual Rows": 576899,
                                                                        "Actual Loops": 2,
                                                                        "Inner Unique": true,
                                                                        "Hash Cond": "(mc.company_id = cn.id)",
                                                                        "Plans": [
                                                                            {
                                                                                "Node Type": "Seq Scan",
                                                                                "Parent Relationship": "Outer",
                                                                                "Parallel Aware": true,
                                                                                "Relation Name": "movie_companies",
                                                                                "Alias": "mc",
                                                                                "Startup Cost": 0.0,
                                                                                "Total Cost": 34137.82,
                                                                                "Plan Rows": 1534782,
                                                                                "Plan Width": 8,
                                                                                "Actual Startup Time": 0.011,
                                                                                "Actual Total Time": 127.375,
                                                                                "Actual Rows": 1304564,
                                                                                "Actual Loops": 2
                                                                            },
                                                                            {
                                                                                "Node Type": "Hash",
                                                                                "Parent Relationship": "Inner",
                                                                                "Parallel Aware": true,
                                                                                "Startup Cost": 4722.92,
                                                                                "Total Cost": 4722.92,
                                                                                "Plan Rows": 49299,
                                                                                "Plan Width": 4,
                                                                                "Actual Startup Time": 31.939,
                                                                                "Actual Total Time": 31.941,
                                                                                "Actual Rows": 42422,
                                                                                "Actual Loops": 2,
                                                                                "Hash Buckets": 131072,
                                                                                "Original Hash Buckets": 131072,
                                                                                "Hash Batches": 1,
                                                                                "Original Hash Batches": 1,
                                                                                "Peak Memory Usage": 4352,
                                                                                "Plans": [
                                                                                    {
                                                                                        "Node Type": "Seq Scan",
                                                                                        "Parent Relationship": "Outer",
                                                                                        "Parallel Aware": true,
                                                                                        "Relation Name": "company_name",
                                                                                        "Alias": "cn",
                                                                                        "Startup Cost": 0.0,
                                                                                        "Total Cost": 4722.92,
                                                                                        "Plan Rows": 49299,
                                                                                        "Plan Width": 4,
                                                                                        "Actual Startup Time": 0.02,
                                                                                        "Actual Total Time": 21.128,
                                                                                        "Actual Rows": 42422,
                                                                                        "Actual Loops": 2,
                                                                                        "Filter": "((country_code)::text = '[us]'::text)",
                                                                                        "Rows Removed by Filter": 75077
                                                                                    }
                                                                                ]
                                                                            }
                                                                        ]
                                                                    }
                                                                ]
                                                            }
                                                        ]
                                                    },
                                                    {
                                                        "Node Type": "Hash",
                                                        "Parent Relationship": "Inner",
                                                        "Parallel Aware": false,
                                                        "Startup Cost": 149779.57,
                                                        "Total Cost": 149779.57,
                                                        "Plan Rows": 3020362,
                                                        "Plan Width": 8,
                                                        "Actual Startup Time": 163.56,
                                                        "Actual Total Time": 163.562,
                                                        "Actual Rows": 276403,
                                                        "Actual Loops": 2,
                                                        "Hash Buckets": 4194304,
                                                        "Original Hash Buckets": 4194304,
                                                        "Hash Batches": 1,
                                                        "Original Hash Batches": 1,
                                                        "Peak Memory Usage": 43565,
                                                        "Plans": [
                                                            {
                                                                "Node Type": "Nested Loop",
                                                                "Parent Relationship": "Outer",
                                                                "Parallel Aware": false,
                                                                "Join Type": "Inner",
                                                                "Startup Cost": 0.56,
                                                                "Total Cost": 149779.57,
                                                                "Plan Rows": 3020362,
                                                                "Plan Width": 8,
                                                                "Actual Startup Time": 0.101,
                                                                "Actual Total Time": 83.285,
                                                                "Actual Rows": 276403,
                                                                "Actual Loops": 2,
                                                                "Inner Unique": false,
                                                                "Plans": [
                                                                    {
                                                                        "Node Type": "Seq Scan",
                                                                        "Parent Relationship": "Outer",
                                                                        "Parallel Aware": false,
                                                                        "Relation Name": "role_type",
                                                                        "Alias": "rt",
                                                                        "Startup Cost": 0.0,
                                                                        "Total Cost": 1.15,
                                                                        "Plan Rows": 1,
                                                                        "Plan Width": 4,
                                                                        "Actual Startup Time": 0.038,
                                                                        "Actual Total Time": 0.043,
                                                                        "Actual Rows": 1,
                                                                        "Actual Loops": 2,
                                                                        "Filter": "((role)::text = 'costume designer'::text)",
                                                                        "Rows Removed by Filter": 11
                                                                    },
                                                                    {
                                                                        "Node Type": "Index Scan",
                                                                        "Parent Relationship": "Inner",
                                                                        "Parallel Aware": false,
                                                                        "Scan Direction": "Forward",
                                                                        "Index Name": "role_id_cast_info",
                                                                        "Relation Name": "cast_info",
                                                                        "Alias": "ci",
                                                                        "Startup Cost": 0.56,
                                                                        "Total Cost": 116829.02,
                                                                        "Plan Rows": 3294940,
                                                                        "Plan Width": 12,
                                                                        "Actual Startup Time": 0.057,
                                                                        "Actual Total Time": 51.809,
                                                                        "Actual Rows": 276403,
                                                                        "Actual Loops": 2,
                                                                        "Index Cond": "(role_id = rt.id)",
                                                                        "Rows Removed by Index Recheck": 0
                                                                    }
                                                                ]
                                                            }
                                                        ]
                                                    }
                                                ]
                                            },
                                            {
                                                "Node Type": "Hash",
                                                "Parent Relationship": "Inner",
                                                "Parallel Aware": true,
                                                "Startup Cost": 80127.65,
                                                "Total Cost": 80127.65,
                                                "Plan Rows": 2451465,
                                                "Plan Width": 4,
                                                "Actual Startup Time": 986.338,
                                                "Actual Total Time": 986.339,
                                                "Actual Rows": 2083746,
                                                "Actual Loops": 2,
                                                "Hash Buckets": 4194304,
                                                "Original Hash Buckets": 4194304,
                                                "Hash Batches": 1,
                                                "Original Hash Batches": 1,
                                                "Peak Memory Usage": 195840,
                                                "Plans": [
                                                    {
                                                        "Node Type": "Seq Scan",
                                                        "Parent Relationship": "Outer",
                                                        "Parallel Aware": true,
                                                        "Relation Name": "name",
                                                        "Alias": "n1",
                                                        "Startup Cost": 0.0,
                                                        "Total Cost": 80127.65,
                                                        "Plan Rows": 2451465,
                                                        "Plan Width": 4,
                                                        "Actual Startup Time": 0.024,
                                                        "Actual Total Time": 330.152,
                                                        "Actual Rows": 2083746,
                                                        "Actual Loops": 2
                                                    }
                                                ]
                                            }
                                        ]
                                    },
                                    {
                                        "Node Type": "Hash",
                                        "Parent Relationship": "Inner",
                                        "Parallel Aware": true,
                                        "Startup Cost": 16698.02,
                                        "Total Cost": 16698.02,
                                        "Plan Rows": 530202,
                                        "Plan Width": 20,
                                        "Actual Startup Time": 225.882,
                                        "Actual Total Time": 225.883,
                                        "Actual Rows": 450672,
                                        "Actual Loops": 2,
                                        "Hash Buckets": 1048576,
                                        "Original Hash Buckets": 1048576,
                                        "Hash Batches": 1,
                                        "Original Hash Batches": 1,
                                        "Peak Memory Usage": 58048,
                                        "Plans": [
                                            {
                                                "Node Type": "Seq Scan",
                                                "Parent Relationship": "Outer",
                                                "Parallel Aware": true,
                                                "Relation Name": "aka_name",
                                                "Alias": "an1",
                                                "Startup Cost": 0.0,
                                                "Total Cost": 16698.02,
                                                "Plan Rows": 530202,
                                                "Plan Width": 20,
                                                "Actual Startup Time": 0.037,
                                                "Actual Total Time": 86.897,
                                                "Actual Rows": 450672,
                                                "Actual Loops": 2
                                            }
                                        ]
                                    }
                                ]
                            }
                        ]
                    }
                ]
            }
        ]
    },
    "Planning Time": 6.145,
    "Triggers": [],
    "Execution Time": 2928.078
}