{
    "Plan": {
        "Node Type": "Aggregate",
        "Strategy": "Plain",
        "Partial Mode": "Finalize",
        "Parallel Aware": false,
        "Startup Cost": 247526.05,
        "Total Cost": 247526.06,
        "Plan Rows": 1,
        "Plan Width": 8,
        "Actual Startup Time": 461.945,
        "Actual Total Time": 502.191,
        "Actual Rows": 1,
        "Actual Loops": 1,
        "Output": [
            "count(*)"
        ],
        "Plans": [
            {
                "Node Type": "Gather",
                "Parent Relationship": "Outer",
                "Parallel Aware": false,
                "Startup Cost": 247525.53,
                "Total Cost": 247526.04,
                "Plan Rows": 5,
                "Plan Width": 8,
                "Actual Startup Time": 455.45,
                "Actual Total Time": 502.174,
                "Actual Rows": 6,
                "Actual Loops": 1,
                "Output": [
                    "(PARTIAL count(*))"
                ],
                "Workers Planned": 5,
                "Workers Launched": 5,
                "Single Copy": false,
                "Plans": [
                    {
                        "Node Type": "Aggregate",
                        "Strategy": "Plain",
                        "Partial Mode": "Partial",
                        "Parent Relationship": "Outer",
                        "Parallel Aware": false,
                        "Startup Cost": 246525.53,
                        "Total Cost": 246525.54,
                        "Plan Rows": 1,
                        "Plan Width": 8,
                        "Actual Startup Time": 444.991,
                        "Actual Total Time": 444.994,
                        "Actual Rows": 1,
                        "Actual Loops": 6,
                        "Output": [
                            "PARTIAL count(*)"
                        ],
                        "Workers": [
                            {
                                "Worker Number": 0,
                                "Actual Startup Time": 442.886,
                                "Actual Total Time": 442.889,
                                "Actual Rows": 1,
                                "Actual Loops": 1
                            },
                            {
                                "Worker Number": 1,
                                "Actual Startup Time": 443.026,
                                "Actual Total Time": 443.029,
                                "Actual Rows": 1,
                                "Actual Loops": 1
                            },
                            {
                                "Worker Number": 2,
                                "Actual Startup Time": 443.159,
                                "Actual Total Time": 443.161,
                                "Actual Rows": 1,
                                "Actual Loops": 1
                            },
                            {
                                "Worker Number": 3,
                                "Actual Startup Time": 443.126,
                                "Actual Total Time": 443.13,
                                "Actual Rows": 1,
                                "Actual Loops": 1
                            },
                            {
                                "Worker Number": 4,
                                "Actual Startup Time": 443.162,
                                "Actual Total Time": 443.164,
                                "Actual Rows": 1,
                                "Actual Loops": 1
                            }
                        ],
                        "Plans": [
                            {
                                "Node Type": "Hash Join",
                                "Parent Relationship": "Outer",
                                "Parallel Aware": true,
                                "Join Type": "Inner",
                                "Startup Cost": 47458.96,
                                "Total Cost": 246489.73,
                                "Plan Rows": 14321,
                                "Plan Width": 0,
                                "Actual Startup Time": 309.742,
                                "Actual Total Time": 442.822,
                                "Actual Rows": 50688,
                                "Actual Loops": 6,
                                "Inner Unique": true,
                                "Hash Cond": "(mi.movie_id = t.id)",
                                "Workers": [
                                    {
                                        "Worker Number": 0,
                                        "Actual Startup Time": 306.966,
                                        "Actual Total Time": 440.851,
                                        "Actual Rows": 49711,
                                        "Actual Loops": 1
                                    },
                                    {
                                        "Worker Number": 1,
                                        "Actual Startup Time": 307.983,
                                        "Actual Total Time": 440.882,
                                        "Actual Rows": 54842,
                                        "Actual Loops": 1
                                    },
                                    {
                                        "Worker Number": 2,
                                        "Actual Startup Time": 308.109,
                                        "Actual Total Time": 441.051,
                                        "Actual Rows": 53905,
                                        "Actual Loops": 1
                                    },
                                    {
                                        "Worker Number": 3,
                                        "Actual Startup Time": 307.806,
                                        "Actual Total Time": 440.999,
                                        "Actual Rows": 32746,
                                        "Actual Loops": 1
                                    },
                                    {
                                        "Worker Number": 4,
                                        "Actual Startup Time": 308.522,
                                        "Actual Total Time": 441.038,
                                        "Actual Rows": 54445,
                                        "Actual Loops": 1
                                    }
                                ],
                                "Plans": [
                                    {
                                        "Node Type": "Seq Scan",
                                        "Parent Relationship": "Outer",
                                        "Parallel Aware": true,
                                        "Relation Name": "movie_info",
                                        "Schema": "public",
                                        "Alias": "mi",
                                        "Startup Cost": 0.0,
                                        "Total Cost": 198880.74,
                                        "Plan Rows": 57156,
                                        "Plan Width": 4,
                                        "Actual Startup Time": 173.618,
                                        "Actual Total Time": 296.763,
                                        "Actual Rows": 51131,
                                        "Actual Loops": 6,
                                        "Output": [
                                            "mi.id",
                                            "mi.movie_id",
                                            "mi.info_type_id",
                                            "mi.info",
                                            "mi.note"
                                        ],
                                        "Filter": "(mi.info_type_id > 105)",
                                        "Rows Removed by Filter": 2421489,
                                        "Workers": [
                                            {
                                                "Worker Number": 0,
                                                "Actual Startup Time": 173.407,
                                                "Actual Total Time": 297.122,
                                                "Actual Rows": 50201,
                                                "Actual Loops": 1
                                            },
                                            {
                                                "Worker Number": 1,
                                                "Actual Startup Time": 173.731,
                                                "Actual Total Time": 296.889,
                                                "Actual Rows": 55418,
                                                "Actual Loops": 1
                                            },
                                            {
                                                "Worker Number": 2,
                                                "Actual Startup Time": 173.734,
                                                "Actual Total Time": 296.975,
                                                "Actual Rows": 54321,
                                                "Actual Loops": 1
                                            },
                                            {
                                                "Worker Number": 3,
                                                "Actual Startup Time": 173.437,
                                                "Actual Total Time": 297.088,
                                                "Actual Rows": 32926,
                                                "Actual Loops": 1
                                            },
                                            {
                                                "Worker Number": 4,
                                                "Actual Startup Time": 174.147,
                                                "Actual Total Time": 297.009,
                                                "Actual Rows": 54864,
                                                "Actual Loops": 1
                                            }
                                        ]
                                    },
                                    {
                                        "Node Type": "Hash",
                                        "Parent Relationship": "Inner",
                                        "Parallel Aware": true,
                                        "Startup Cost": 45479.21,
                                        "Total Cost": 45479.21,
                                        "Plan Rows": 158380,
                                        "Plan Width": 4,
                                        "Actual Startup Time": 132.275,
                                        "Actual Total Time": 132.276,
                                        "Actual Rows": 105715,
                                        "Actual Loops": 6,
                                        "Output": [
                                            "t.id"
                                        ],
                                        "Hash Buckets": 1048576,
                                        "Original Hash Buckets": 1048576,
                                        "Hash Batches": 1,
                                        "Original Hash Batches": 1,
                                        "Peak Memory Usage": 33120,
                                        "Workers": [
                                            {
                                                "Worker Number": 0,
                                                "Actual Startup Time": 132.946,
                                                "Actual Total Time": 132.947,
                                                "Actual Rows": 102450,
                                                "Actual Loops": 1
                                            },
                                            {
                                                "Worker Number": 1,
                                                "Actual Startup Time": 133.625,
                                                "Actual Total Time": 133.626,
                                                "Actual Rows": 110482,
                                                "Actual Loops": 1
                                            },
                                            {
                                                "Worker Number": 2,
                                                "Actual Startup Time": 133.758,
                                                "Actual Total Time": 133.759,
                                                "Actual Rows": 110164,
                                                "Actual Loops": 1
                                            },
                                            {
                                                "Worker Number": 3,
                                                "Actual Startup Time": 133.696,
                                                "Actual Total Time": 133.697,
                                                "Actual Rows": 77937,
                                                "Actual Loops": 1
                                            },
                                            {
                                                "Worker Number": 4,
                                                "Actual Startup Time": 133.725,
                                                "Actual Total Time": 133.726,
                                                "Actual Rows": 111118,
                                                "Actual Loops": 1
                                            }
                                        ],
                                        "Plans": [
                                            {
                                                "Node Type": "Seq Scan",
                                                "Parent Relationship": "Outer",
                                                "Parallel Aware": true,
                                                "Relation Name": "title",
                                                "Schema": "public",
                                                "Alias": "t",
                                                "Startup Cost": 0.0,
                                                "Total Cost": 45479.21,
                                                "Plan Rows": 158380,
                                                "Plan Width": 4,
                                                "Actual Startup Time": 46.503,
                                                "Actual Total Time": 87.737,
                                                "Actual Rows": 105715,
                                                "Actual Loops": 6,
                                                "Output": [
                                                    "t.id"
                                                ],
                                                "Filter": "((t.production_year < 2013) AND (t.kind_id = 1))",
                                                "Rows Removed by Filter": 315670,
                                                "Workers": [
                                                    {
                                                        "Worker Number": 0,
                                                        "Actual Startup Time": 54.37,
                                                        "Actual Total Time": 88.123,
                                                        "Actual Rows": 102450,
                                                        "Actual Loops": 1
                                                    },
                                                    {
                                                        "Worker Number": 1,
                                                        "Actual Startup Time": 54.273,
                                                        "Actual Total Time": 87.658,
                                                        "Actual Rows": 110482,
                                                        "Actual Loops": 1
                                                    },
                                                    {
                                                        "Worker Number": 2,
                                                        "Actual Startup Time": 54.239,
                                                        "Actual Total Time": 87.646,
                                                        "Actual Rows": 110164,
                                                        "Actual Loops": 1
                                                    },
                                                    {
                                                        "Worker Number": 3,
                                                        "Actual Startup Time": 54.634,
                                                        "Actual Total Time": 89.368,
                                                        "Actual Rows": 77937,
                                                        "Actual Loops": 1
                                                    },
                                                    {
                                                        "Worker Number": 4,
                                                        "Actual Startup Time": 54.288,
                                                        "Actual Total Time": 87.609,
                                                        "Actual Rows": 111118,
                                                        "Actual Loops": 1
                                                    }
                                                ]
                                            }
                                        ]
                                    }
                                ]
                            }
                        ]
                    }
                ]
            }
        ]
    },
    "Planning Time": 0.854,
    "Triggers": [],
    "Execution Time": 502.281
}