[
  {
    "Plan": {
      "Node Type": "Aggregate",
      "Strategy": "Plain",
      "Partial Mode": "Finalize",
      "Parallel Aware": false,
      "Startup Cost": 46830.19,
      "Total Cost": 46830.2,
      "Plan Rows": 1,
      "Plan Width": 8,
      "Actual Startup Time": 188.271,
      "Actual Total Time": 198.102,
      "Actual Rows": 1,
      "Actual Loops": 1,
      "Plans": [
        {
          "Node Type": "Gather",
          "Parent Relationship": "Outer",
          "Parallel Aware": false,
          "Startup Cost": 46829.88,
          "Total Cost": 46830.19,
          "Plan Rows": 3,
          "Plan Width": 8,
          "Actual Startup Time": 188.134,
          "Actual Total Time": 198.093,
          "Actual Rows": 4,
          "Actual Loops": 1,
          "Workers Planned": 3,
          "Workers Launched": 3,
          "Single Copy": false,
          "Plans": [
            {
              "Node Type": "Aggregate",
              "Strategy": "Plain",
              "Partial Mode": "Partial",
              "Parent Relationship": "Outer",
              "Parallel Aware": false,
              "Startup Cost": 45829.88,
              "Total Cost": 45829.89,
              "Plan Rows": 1,
              "Plan Width": 8,
              "Actual Startup Time": 181.389,
              "Actual Total Time": 181.39,
              "Actual Rows": 1,
              "Actual Loops": 4,
              "Plans": [
                {
                  "Node Type": "Seq Scan",
                  "Parent Relationship": "Outer",
                  "Parallel Aware": true,
                  "Relation Name": "movie_keyword",
                  "Alias": "mk",
                  "Startup Cost": 0.0,
                  "Total Cost": 42695.65,
                  "Plan Rows": 1253689,
                  "Plan Width": 0,
                  "Actual Startup Time": 0.07,
                  "Actual Total Time": 133.069,
                  "Actual Rows": 968970,
                  "Actual Loops": 4,
                  "Filter": "(keyword_id > 498)",
                  "Rows Removed by Filter": 162013
                }
              ]
            }
          ]
        }
      ]
    },
    "Planning Time": 0.183,
    "Triggers": [],
    "Execution Time": 198.154
  }
]