[
  {
    "Plan": {
      "Node Type": "Aggregate",
      "Strategy": "Plain",
      "Partial Mode": "Finalize",
      "Parallel Aware": false,
      "Startup Cost": 390647.62,
      "Total Cost": 390647.63,
      "Plan Rows": 1,
      "Plan Width": 8,
      "Actual Startup Time": 1779.943,
      "Actual Total Time": 1837.445,
      "Actual Rows": 1,
      "Actual Loops": 1,
      "Plans": [
        {
          "Node Type": "Gather",
          "Parent Relationship": "Outer",
          "Parallel Aware": false,
          "Startup Cost": 390647.0,
          "Total Cost": 390647.61,
          "Plan Rows": 6,
          "Plan Width": 8,
          "Actual Startup Time": 1768.127,
          "Actual Total Time": 1837.431,
          "Actual Rows": 7,
          "Actual Loops": 1,
          "Workers Planned": 6,
          "Workers Launched": 6,
          "Single Copy": false,
          "Plans": [
            {
              "Node Type": "Aggregate",
              "Strategy": "Plain",
              "Partial Mode": "Partial",
              "Parent Relationship": "Outer",
              "Parallel Aware": false,
              "Startup Cost": 389647.0,
              "Total Cost": 389647.01,
              "Plan Rows": 1,
              "Plan Width": 8,
              "Actual Startup Time": 1753.644,
              "Actual Total Time": 1753.649,
              "Actual Rows": 1,
              "Actual Loops": 7,
              "Plans": [
                {
                  "Node Type": "Hash Join",
                  "Parent Relationship": "Outer",
                  "Parallel Aware": true,
                  "Join Type": "Inner",
                  "Startup Cost": 47403.32,
                  "Total Cost": 385465.12,
                  "Plan Rows": 1672753,
                  "Plan Width": 0,
                  "Actual Startup Time": 301.866,
                  "Actual Total Time": 1693.051,
                  "Actual Rows": 1269294,
                  "Actual Loops": 7,
                  "Inner Unique": true,
                  "Hash Cond": "(ci.movie_id = t.id)",
                  "Plans": [
                    {
                      "Node Type": "Seq Scan",
                      "Parent Relationship": "Outer",
                      "Parallel Aware": true,
                      "Relation Name": "cast_info",
                      "Alias": "ci",
                      "Startup Cost": 0.0,
                      "Total Cost": 328162.03,
                      "Plan Rows": 3771339,
                      "Plan Width": 4,
                      "Actual Startup Time": 134.728,
                      "Actual Total Time": 609.434,
                      "Actual Rows": 3231730,
                      "Actual Loops": 7,
                      "Filter": "(person_id > 1341107)",
                      "Rows Removed by Filter": 1946034
                    },
                    {
                      "Node Type": "Hash",
                      "Parent Relationship": "Inner",
                      "Parallel Aware": true,
                      "Startup Cost": 43898.92,
                      "Total Cost": 43898.92,
                      "Plan Rows": 280352,
                      "Plan Width": 4,
                      "Actual Startup Time": 162.296,
                      "Actual Total Time": 162.299,
                      "Actual Rows": 161908,
                      "Actual Loops": 7,
                      "Hash Buckets": 2097152,
                      "Original Hash Buckets": 2097152,
                      "Hash Batches": 1,
                      "Original Hash Batches": 1,
                      "Peak Memory Usage": 60832,
                      "Plans": [
                        {
                          "Node Type": "Seq Scan",
                          "Parent Relationship": "Outer",
                          "Parallel Aware": true,
                          "Relation Name": "title",
                          "Alias": "t",
                          "Startup Cost": 0.0,
                          "Total Cost": 43898.92,
                          "Plan Rows": 280352,
                          "Plan Width": 4,
                          "Actual Startup Time": 0.039,
                          "Actual Total Time": 79.921,
                          "Actual Rows": 161908,
                          "Actual Loops": 7,
                          "Filter": "(production_year < 2002)",
                          "Rows Removed by Filter": 199280
                        }
                      ]
                    }
                  ]
                }
              ]
            }
          ]
        }
      ]
    },
    "Planning Time": 0.595,
    "Triggers": [],
    "Execution Time": 1837.533
  }
]