[
  {
    "Plan": {
      "Node Type": "Aggregate",
      "Strategy": "Plain",
      "Partial Mode": "Finalize",
      "Parallel Aware": false,
      "Startup Cost": 44964.38,
      "Total Cost": 44964.39,
      "Plan Rows": 1,
      "Plan Width": 8,
      "Actual Startup Time": 144.972,
      "Actual Total Time": 153.806,
      "Actual Rows": 1,
      "Actual Loops": 1,
      "Plans": [
        {
          "Node Type": "Gather",
          "Parent Relationship": "Outer",
          "Parallel Aware": false,
          "Startup Cost": 44964.06,
          "Total Cost": 44964.37,
          "Plan Rows": 3,
          "Plan Width": 8,
          "Actual Startup Time": 144.825,
          "Actual Total Time": 153.798,
          "Actual Rows": 4,
          "Actual Loops": 1,
          "Workers Planned": 3,
          "Workers Launched": 3,
          "Single Copy": false,
          "Plans": [
            {
              "Node Type": "Aggregate",
              "Strategy": "Plain",
              "Partial Mode": "Partial",
              "Parent Relationship": "Outer",
              "Parallel Aware": false,
              "Startup Cost": 43964.06,
              "Total Cost": 43964.07,
              "Plan Rows": 1,
              "Plan Width": 8,
              "Actual Startup Time": 137.987,
              "Actual Total Time": 137.988,
              "Actual Rows": 1,
              "Actual Loops": 4,
              "Plans": [
                {
                  "Node Type": "Seq Scan",
                  "Parent Relationship": "Outer",
                  "Parallel Aware": true,
                  "Relation Name": "movie_keyword",
                  "Alias": "mk",
                  "Startup Cost": 0.0,
                  "Total Cost": 42695.65,
                  "Plan Rows": 507362,
                  "Plan Width": 0,
                  "Actual Startup Time": 1.485,
                  "Actual Total Time": 117.604,
                  "Actual Rows": 394966,
                  "Actual Loops": 4,
                  "Filter": "(keyword_id > 9852)",
                  "Rows Removed by Filter": 736017
                }
              ]
            }
          ]
        }
      ]
    },
    "Planning Time": 0.184,
    "Triggers": [],
    "Execution Time": 153.861
  }
]