[
  {
    "Plan": {
      "Node Type": "Aggregate",
      "Strategy": "Plain",
      "Partial Mode": "Finalize",
      "Parallel Aware": false,
      "Startup Cost": 54812.35,
      "Total Cost": 54812.36,
      "Plan Rows": 1,
      "Plan Width": 8,
      "Actual Startup Time": 135.045,
      "Actual Total Time": 146.886,
      "Actual Rows": 1,
      "Actual Loops": 1,
      "Plans": [
        {
          "Node Type": "Gather",
          "Parent Relationship": "Outer",
          "Parallel Aware": false,
          "Startup Cost": 54812.03,
          "Total Cost": 54812.34,
          "Plan Rows": 3,
          "Plan Width": 8,
          "Actual Startup Time": 134.85,
          "Actual Total Time": 146.878,
          "Actual Rows": 4,
          "Actual Loops": 1,
          "Workers Planned": 3,
          "Workers Launched": 3,
          "Single Copy": false,
          "Plans": [
            {
              "Node Type": "Aggregate",
              "Strategy": "Plain",
              "Partial Mode": "Partial",
              "Parent Relationship": "Outer",
              "Parallel Aware": false,
              "Startup Cost": 53812.03,
              "Total Cost": 53812.04,
              "Plan Rows": 1,
              "Plan Width": 8,
              "Actual Startup Time": 125.214,
              "Actual Total Time": 125.216,
              "Actual Rows": 1,
              "Actual Loops": 4,
              "Plans": [
                {
                  "Node Type": "Nested Loop",
                  "Parent Relationship": "Outer",
                  "Parallel Aware": false,
                  "Join Type": "Inner",
                  "Startup Cost": 264.76,
                  "Total Cost": 53756.11,
                  "Plan Rows": 22369,
                  "Plan Width": 0,
                  "Actual Startup Time": 2.327,
                  "Actual Total Time": 116.23,
                  "Actual Rows": 178931,
                  "Actual Loops": 4,
                  "Inner Unique": false,
                  "Plans": [
                    {
                      "Node Type": "Nested Loop",
                      "Parent Relationship": "Outer",
                      "Parallel Aware": false,
                      "Join Type": "Inner",
                      "Startup Cost": 264.33,
                      "Total Cost": 45740.42,
                      "Plan Rows": 3974,
                      "Plan Width": 8,
                      "Actual Startup Time": 2.129,
                      "Actual Total Time": 17.399,
                      "Actual Rows": 2632,
                      "Actual Loops": 4,
                      "Inner Unique": true,
                      "Plans": [
                        {
                          "Node Type": "Bitmap Heap Scan",
                          "Parent Relationship": "Outer",
                          "Parallel Aware": true,
                          "Relation Name": "movie_keyword",
                          "Alias": "mk",
                          "Startup Cost": 263.9,
                          "Total Cost": 20947.83,
                          "Plan Rows": 3974,
                          "Plan Width": 4,
                          "Actual Startup Time": 1.918,
                          "Actual Total Time": 6.58,
                          "Actual Rows": 2632,
                          "Actual Loops": 4,
                          "Recheck Cond": "(keyword_id > 124639)",
                          "Rows Removed by Index Recheck": 0,
                          "Exact Heap Blocks": 1138,
                          "Lossy Heap Blocks": 0,
                          "Plans": [
                            {
                              "Node Type": "Bitmap Index Scan",
                              "Parent Relationship": "Outer",
                              "Parallel Aware": false,
                              "Index Name": "keyword_id_movie_keyword",
                              "Startup Cost": 0.0,
                              "Total Cost": 260.82,
                              "Plan Rows": 12318,
                              "Plan Width": 0,
                              "Actual Startup Time": 5.615,
                              "Actual Total Time": 5.615,
                              "Actual Rows": 10528,
                              "Actual Loops": 1,
                              "Index Cond": "(keyword_id > 124639)"
                            }
                          ]
                        },
                        {
                          "Node Type": "Index Only Scan",
                          "Parent Relationship": "Inner",
                          "Parallel Aware": false,
                          "Scan Direction": "Forward",
                          "Index Name": "title_pkey",
                          "Relation Name": "title",
                          "Alias": "t",
                          "Startup Cost": 0.43,
                          "Total Cost": 6.24,
                          "Plan Rows": 1,
                          "Plan Width": 4,
                          "Actual Startup Time": 0.004,
                          "Actual Total Time": 0.004,
                          "Actual Rows": 1,
                          "Actual Loops": 10528,
                          "Index Cond": "(id = mk.movie_id)",
                          "Rows Removed by Index Recheck": 0,
                          "Heap Fetches": 10528
                        }
                      ]
                    },
                    {
                      "Node Type": "Index Scan",
                      "Parent Relationship": "Inner",
                      "Parallel Aware": false,
                      "Scan Direction": "Forward",
                      "Index Name": "movie_id_movie_info",
                      "Relation Name": "movie_info",
                      "Alias": "mi",
                      "Startup Cost": 0.43,
                      "Total Cost": 1.62,
                      "Plan Rows": 40,
                      "Plan Width": 4,
                      "Actual Startup Time": 0.005,
                      "Actual Total Time": 0.032,
                      "Actual Rows": 68,
                      "Actual Loops": 10528,
                      "Index Cond": "(movie_id = t.id)",
                      "Rows Removed by Index Recheck": 0,
                      "Filter": "(info_type_id < 103)",
                      "Rows Removed by Filter": 13
                    }
                  ]
                }
              ]
            }
          ]
        }
      ]
    },
    "Planning Time": 1.453,
    "Triggers": [],
    "Execution Time": 146.988
  }
]