[
  {
    "Plan": {
      "Node Type": "Aggregate",
      "Strategy": "Plain",
      "Partial Mode": "Finalize",
      "Parallel Aware": false,
      "Startup Cost": 127578.57,
      "Total Cost": 127578.58,
      "Plan Rows": 1,
      "Plan Width": 8,
      "Actual Startup Time": 1166.217,
      "Actual Total Time": 1187.787,
      "Actual Rows": 1,
      "Actual Loops": 1,
      "Plans": [
        {
          "Node Type": "Gather",
          "Parent Relationship": "Outer",
          "Parallel Aware": false,
          "Startup Cost": 127578.26,
          "Total Cost": 127578.57,
          "Plan Rows": 3,
          "Plan Width": 8,
          "Actual Startup Time": 1156.803,
          "Actual Total Time": 1187.777,
          "Actual Rows": 4,
          "Actual Loops": 1,
          "Workers Planned": 3,
          "Workers Launched": 3,
          "Single Copy": false,
          "Plans": [
            {
              "Node Type": "Aggregate",
              "Strategy": "Plain",
              "Partial Mode": "Partial",
              "Parent Relationship": "Outer",
              "Parallel Aware": false,
              "Startup Cost": 126578.26,
              "Total Cost": 126578.27,
              "Plan Rows": 1,
              "Plan Width": 8,
              "Actual Startup Time": 1149.205,
              "Actual Total Time": 1149.212,
              "Actual Rows": 1,
              "Actual Loops": 4,
              "Plans": [
                {
                  "Node Type": "Hash Join",
                  "Parent Relationship": "Outer",
                  "Parallel Aware": true,
                  "Join Type": "Inner",
                  "Startup Cost": 78708.56,
                  "Total Cost": 125865.12,
                  "Plan Rows": 285253,
                  "Plan Width": 0,
                  "Actual Startup Time": 597.507,
                  "Actual Total Time": 1026.867,
                  "Actual Rows": 2180286,
                  "Actual Loops": 4,
                  "Inner Unique": false,
                  "Hash Cond": "(mk.movie_id = t.id)",
                  "Plans": [
                    {
                      "Node Type": "Seq Scan",
                      "Parent Relationship": "Outer",
                      "Parallel Aware": true,
                      "Relation Name": "movie_keyword",
                      "Alias": "mk",
                      "Startup Cost": 0.0,
                      "Total Cost": 42695.65,
                      "Plan Rows": 944197,
                      "Plan Width": 4,
                      "Actual Startup Time": 0.232,
                      "Actual Total Time": 134.598,
                      "Actual Rows": 731825,
                      "Actual Loops": 4,
                      "Filter": "(keyword_id > 2447)",
                      "Rows Removed by Filter": 399158
                    },
                    {
                      "Node Type": "Hash",
                      "Parent Relationship": "Inner",
                      "Parallel Aware": true,
                      "Startup Cost": 75628.46,
                      "Total Cost": 75628.46,
                      "Plan Rows": 246408,
                      "Plan Width": 8,
                      "Actual Startup Time": 593.951,
                      "Actual Total Time": 593.956,
                      "Actual Rows": 281588,
                      "Actual Loops": 4,
                      "Hash Buckets": 2097152,
                      "Original Hash Buckets": 1048576,
                      "Hash Batches": 1,
                      "Original Hash Batches": 1,
                      "Peak Memory Usage": 68672,
                      "Plans": [
                        {
                          "Node Type": "Hash Join",
                          "Parent Relationship": "Outer",
                          "Parallel Aware": true,
                          "Join Type": "Inner",
                          "Startup Cost": 46212.57,
                          "Total Cost": 75628.46,
                          "Plan Rows": 246408,
                          "Plan Width": 8,
                          "Actual Startup Time": 192.918,
                          "Actual Total Time": 455.85,
                          "Actual Rows": 281588,
                          "Actual Loops": 4,
                          "Inner Unique": true,
                          "Hash Cond": "(mc.movie_id = t.id)",
                          "Plans": [
                            {
                              "Node Type": "Seq Scan",
                              "Parent Relationship": "Outer",
                              "Parallel Aware": true,
                              "Relation Name": "movie_companies",
                              "Alias": "mc",
                              "Startup Cost": 0.0,
                              "Total Cost": 27206.55,
                              "Plan Rows": 841655,
                              "Plan Width": 4,
                              "Actual Startup Time": 0.009,
                              "Actual Total Time": 69.749,
                              "Actual Rows": 652282,
                              "Actual Loops": 4
                            },
                            {
                              "Node Type": "Hash",
                              "Parent Relationship": "Inner",
                              "Parallel Aware": true,
                              "Startup Cost": 43899.32,
                              "Total Cost": 43899.32,
                              "Plan Rows": 185060,
                              "Plan Width": 4,
                              "Actual Startup Time": 190.529,
                              "Actual Total Time": 190.53,
                              "Actual Rows": 188976,
                              "Actual Loops": 4,
                              "Hash Buckets": 1048576,
                              "Original Hash Buckets": 1048576,
                              "Hash Batches": 1,
                              "Original Hash Batches": 1,
                              "Peak Memory Usage": 37824,
                              "Plans": [
                                {
                                  "Node Type": "Seq Scan",
                                  "Parent Relationship": "Outer",
                                  "Parallel Aware": true,
                                  "Relation Name": "title",
                                  "Alias": "t",
                                  "Startup Cost": 0.0,
                                  "Total Cost": 43899.32,
                                  "Plan Rows": 185060,
                                  "Plan Width": 4,
                                  "Actual Startup Time": 0.035,
                                  "Actual Total Time": 109.12,
                                  "Actual Rows": 188976,
                                  "Actual Loops": 4,
                                  "Filter": "(production_year < 1993)",
                                  "Rows Removed by Filter": 443102
                                }
                              ]
                            }
                          ]
                        }
                      ]
                    }
                  ]
                }
              ]
            }
          ]
        }
      ]
    },
    "Planning Time": 0.628,
    "Triggers": [],
    "Execution Time": 1187.839
  }
]