[
  {
    "Plan": {
      "Node Type": "Aggregate",
      "Strategy": "Plain",
      "Partial Mode": "Finalize",
      "Parallel Aware": false,
      "Startup Cost": 129878.28,
      "Total Cost": 129878.29,
      "Plan Rows": 1,
      "Plan Width": 8,
      "Actual Startup Time": 660.934,
      "Actual Total Time": 683.098,
      "Actual Rows": 1,
      "Actual Loops": 1,
      "Plans": [
        {
          "Node Type": "Gather",
          "Parent Relationship": "Outer",
          "Parallel Aware": false,
          "Startup Cost": 129877.96,
          "Total Cost": 129878.27,
          "Plan Rows": 3,
          "Plan Width": 8,
          "Actual Startup Time": 645.539,
          "Actual Total Time": 683.083,
          "Actual Rows": 4,
          "Actual Loops": 1,
          "Workers Planned": 3,
          "Workers Launched": 3,
          "Single Copy": false,
          "Plans": [
            {
              "Node Type": "Aggregate",
              "Strategy": "Plain",
              "Partial Mode": "Partial",
              "Parent Relationship": "Outer",
              "Parallel Aware": false,
              "Startup Cost": 128877.96,
              "Total Cost": 128877.97,
              "Plan Rows": 1,
              "Plan Width": 8,
              "Actual Startup Time": 636.208,
              "Actual Total Time": 636.435,
              "Actual Rows": 1,
              "Actual Loops": 4,
              "Plans": [
                {
                  "Node Type": "Hash Join",
                  "Parent Relationship": "Outer",
                  "Parallel Aware": true,
                  "Join Type": "Inner",
                  "Startup Cost": 83174.43,
                  "Total Cost": 128361.13,
                  "Plan Rows": 206733,
                  "Plan Width": 0,
                  "Actual Startup Time": 423.257,
                  "Actual Total Time": 632.637,
                  "Actual Rows": 72627,
                  "Actual Loops": 4,
                  "Inner Unique": false,
                  "Hash Cond": "(mk.movie_id = t.id)",
                  "Plans": [
                    {
                      "Node Type": "Seq Scan",
                      "Parent Relationship": "Outer",
                      "Parallel Aware": true,
                      "Relation Name": "movie_keyword",
                      "Alias": "mk",
                      "Startup Cost": 0.0,
                      "Total Cost": 39047.32,
                      "Plan Rows": 1459332,
                      "Plan Width": 4,
                      "Actual Startup Time": 0.025,
                      "Actual Total Time": 100.97,
                      "Actual Rows": 1130982,
                      "Actual Loops": 4
                    },
                    {
                      "Node Type": "Hash",
                      "Parent Relationship": "Inner",
                      "Parallel Aware": true,
                      "Startup Cost": 81730.14,
                      "Total Cost": 81730.14,
                      "Plan Rows": 115543,
                      "Plan Width": 8,
                      "Actual Startup Time": 419.492,
                      "Actual Total Time": 419.716,
                      "Actual Rows": 45018,
                      "Actual Loops": 4,
                      "Hash Buckets": 524288,
                      "Original Hash Buckets": 524288,
                      "Hash Batches": 1,
                      "Original Hash Batches": 1,
                      "Peak Memory Usage": 11200,
                      "Plans": [
                        {
                          "Node Type": "Hash Join",
                          "Parent Relationship": "Outer",
                          "Parallel Aware": true,
                          "Join Type": "Inner",
                          "Startup Cost": 49754.77,
                          "Total Cost": 81730.14,
                          "Plan Rows": 115543,
                          "Plan Width": 8,
                          "Actual Startup Time": 316.582,
                          "Actual Total Time": 398.387,
                          "Actual Rows": 45018,
                          "Actual Loops": 4,
                          "Inner Unique": true,
                          "Hash Cond": "(mc.movie_id = t.id)",
                          "Plans": [
                            {
                              "Node Type": "Seq Scan",
                              "Parent Relationship": "Outer",
                              "Parallel Aware": true,
                              "Relation Name": "movie_companies",
                              "Alias": "mc",
                              "Startup Cost": 0.0,
                              "Total Cost": 31414.82,
                              "Plan Rows": 213544,
                              "Plan Width": 4,
                              "Actual Startup Time": 35.887,
                              "Actual Total Time": 73.713,
                              "Actual Rows": 106704,
                              "Actual Loops": 4,
                              "Filter": "((company_id < 11328) AND (company_type_id = 2))",
                              "Rows Removed by Filter": 545578
                            },
                            {
                              "Node Type": "Hash",
                              "Parent Relationship": "Inner",
                              "Parallel Aware": true,
                              "Startup Cost": 45479.59,
                              "Total Cost": 45479.59,
                              "Plan Rows": 342015,
                              "Plan Width": 4,
                              "Actual Startup Time": 275.204,
                              "Actual Total Time": 275.206,
                              "Actual Rows": 334922,
                              "Actual Loops": 4,
                              "Hash Buckets": 2097152,
                              "Original Hash Buckets": 2097152,
                              "Hash Batches": 1,
                              "Original Hash Batches": 1,
                              "Peak Memory Usage": 68864,
                              "Plans": [
                                {
                                  "Node Type": "Seq Scan",
                                  "Parent Relationship": "Outer",
                                  "Parallel Aware": true,
                                  "Relation Name": "title",
                                  "Alias": "t",
                                  "Startup Cost": 0.0,
                                  "Total Cost": 45479.59,
                                  "Plan Rows": 342015,
                                  "Plan Width": 4,
                                  "Actual Startup Time": 0.041,
                                  "Actual Total Time": 124.524,
                                  "Actual Rows": 334922,
                                  "Actual Loops": 4,
                                  "Filter": "((kind_id > 4) AND (production_year < 2012))",
                                  "Rows Removed by Filter": 297156
                                }
                              ]
                            }
                          ]
                        }
                      ]
                    }
                  ]
                }
              ]
            }
          ]
        }
      ]
    },
    "Planning Time": 1.532,
    "Triggers": [],
    "Execution Time": 683.185
  }
]