{
  "Plan": {
    "Node Type": "Aggregate",
    "Strategy": "Plain",
    "Partial Mode": "Finalize",
    "Parallel Aware": false,
    "Startup Cost": 423642.26,
    "Total Cost": 423642.27,
    "Plan Rows": 1,
    "Plan Width": 8,
    "Actual Startup Time": 1268.058,
    "Actual Total Time": 1285.048,
    "Actual Rows": 1,
    "Actual Loops": 1,
    "Plans": [
      {
        "Node Type": "Gather",
        "Parent Relationship": "Outer",
        "Parallel Aware": false,
        "Startup Cost": 423642.15,
        "Total Cost": 423642.26,
        "Plan Rows": 1,
        "Plan Width": 8,
        "Actual Startup Time": 1264.456,
        "Actual Total Time": 1285.039,
        "Actual Rows": 2,
        "Actual Loops": 1,
        "Workers Planned": 1,
        "Workers Launched": 1,
        "Single Copy": false,
        "Plans": [
          {
            "Node Type": "Aggregate",
            "Strategy": "Plain",
            "Partial Mode": "Partial",
            "Parent Relationship": "Outer",
            "Parallel Aware": false,
            "Startup Cost": 422642.15,
            "Total Cost": 422642.16,
            "Plan Rows": 1,
            "Plan Width": 8,
            "Actual Startup Time": 1257.399,
            "Actual Total Time": 1257.403,
            "Actual Rows": 1,
            "Actual Loops": 2,
            "Plans": [
              {
                "Node Type": "Hash Join",
                "Parent Relationship": "Outer",
                "Parallel Aware": true,
                "Join Type": "Inner",
                "Startup Cost": 137992.94,
                "Total Cost": 419723.98,
                "Plan Rows": 1167266,
                "Plan Width": 0,
                "Actual Startup Time": 479.977,
                "Actual Total Time": 1216.638,
                "Actual Rows": 978010,
                "Actual Loops": 2,
                "Inner Unique": true,
                "Hash Cond": "(ci.movie_id = t.id)",
                "Plans": [
                  {
                    "Node Type": "Bitmap Heap Scan",
                    "Parent Relationship": "Outer",
                    "Parallel Aware": true,
                    "Relation Name": "cast_info",
                    "Alias": "ci",
                    "Startup Cost": 72104.08,
                    "Total Cost": 348794.41,
                    "Plan Rows": 1920266,
                    "Plan Width": 4,
                    "Actual Startup Time": 121.039,
                    "Actual Total Time": 288.246,
                    "Actual Rows": 1680423,
                    "Actual Loops": 2,
                    "Recheck Cond": "(person_id < 323325)",
                    "Rows Removed by Index Recheck": 0,
                    "Exact Heap Blocks": 18131,
                    "Lossy Heap Blocks": 0,
                    "Plans": [
                      {
                        "Node Type": "Bitmap Index Scan",
                        "Parent Relationship": "Outer",
                        "Parallel Aware": false,
                        "Index Name": "person_id_cast_info",
                        "Startup Cost": 0.0,
                        "Total Cost": 71287.96,
                        "Plan Rows": 3264453,
                        "Plan Width": 0,
                        "Actual Startup Time": 115.253,
                        "Actual Total Time": 115.254,
                        "Actual Rows": 3360846,
                        "Actual Loops": 1,
                        "Index Cond": "(person_id < 323325)"
                      }
                    ]
                  },
                  {
                    "Node Type": "Hash",
                    "Parent Relationship": "Inner",
                    "Parallel Aware": true,
                    "Startup Cost": 54588.39,
                    "Total Cost": 54588.39,
                    "Plan Rows": 904038,
                    "Plan Width": 4,
                    "Actual Startup Time": 344.95,
                    "Actual Total Time": 344.951,
                    "Actual Rows": 771632,
                    "Actual Loops": 2,
                    "Hash Buckets": 2097152,
                    "Original Hash Buckets": 2097152,
                    "Hash Batches": 1,
                    "Original Hash Batches": 1,
                    "Peak Memory Usage": 76800,
                    "Plans": [
                      {
                        "Node Type": "Seq Scan",
                        "Parent Relationship": "Outer",
                        "Parallel Aware": true,
                        "Relation Name": "title",
                        "Alias": "t",
                        "Startup Cost": 0.0,
                        "Total Cost": 54588.39,
                        "Plan Rows": 904038,
                        "Plan Width": 4,
                        "Actual Startup Time": 0.029,
                        "Actual Total Time": 151.622,
                        "Actual Rows": 771632,
                        "Actual Loops": 2,
                        "Filter": "(kind_id = 7)",
                        "Rows Removed by Filter": 492524
                      }
                    ]
                  }
                ]
              }
            ]
          }
        ]
      }
    ]
  },
  "Planning Time": 0.714,
  "Triggers": [],
  "Execution Time": 1285.143
}