[
  {
    "Plan": {
      "Node Type": "Aggregate",
      "Strategy": "Plain",
      "Partial Mode": "Finalize",
      "Parallel Aware": false,
      "Startup Cost": 351382.35,
      "Total Cost": 351382.36,
      "Plan Rows": 1,
      "Plan Width": 8,
      "Actual Startup Time": 758.144,
      "Actual Total Time": 807.769,
      "Actual Rows": 1,
      "Actual Loops": 1,
      "Plans": [
        {
          "Node Type": "Gather",
          "Parent Relationship": "Outer",
          "Parallel Aware": false,
          "Startup Cost": 351381.73,
          "Total Cost": 351382.34,
          "Plan Rows": 6,
          "Plan Width": 8,
          "Actual Startup Time": 757.911,
          "Actual Total Time": 807.754,
          "Actual Rows": 7,
          "Actual Loops": 1,
          "Workers Planned": 6,
          "Workers Launched": 6,
          "Single Copy": false,
          "Plans": [
            {
              "Node Type": "Aggregate",
              "Strategy": "Plain",
              "Partial Mode": "Partial",
              "Parent Relationship": "Outer",
              "Parallel Aware": false,
              "Startup Cost": 350381.73,
              "Total Cost": 350381.74,
              "Plan Rows": 1,
              "Plan Width": 8,
              "Actual Startup Time": 749.842,
              "Actual Total Time": 749.843,
              "Actual Rows": 1,
              "Actual Loops": 7,
              "Plans": [
                {
                  "Node Type": "Seq Scan",
                  "Parent Relationship": "Outer",
                  "Parallel Aware": true,
                  "Relation Name": "cast_info",
                  "Alias": "ci",
                  "Startup Cost": 0.0,
                  "Total Cost": 343316.27,
                  "Plan Rows": 2826182,
                  "Plan Width": 0,
                  "Actual Startup Time": 224.826,
                  "Actual Total Time": 658.663,
                  "Actual Rows": 1933910,
                  "Actual Loops": 7,
                  "Filter": "((person_id < 2712038) AND (role_id > 1))",
                  "Rows Removed by Filter": 3243853
                }
              ]
            }
          ]
        }
      ]
    },
    "Planning Time": 0.237,
    "Triggers": [],
    "Execution Time": 807.845
  }
]