[
  {
    "Plan": {
      "Node Type": "Aggregate",
      "Strategy": "Plain",
      "Partial Mode": "Finalize",
      "Parallel Aware": false,
      "Startup Cost": 390992.21,
      "Total Cost": 390992.22,
      "Plan Rows": 1,
      "Plan Width": 8,
      "Actual Startup Time": 2002.123,
      "Actual Total Time": 2069.897,
      "Actual Rows": 1,
      "Actual Loops": 1,
      "Plans": [
        {
          "Node Type": "Gather",
          "Parent Relationship": "Outer",
          "Parallel Aware": false,
          "Startup Cost": 390991.59,
          "Total Cost": 390992.2,
          "Plan Rows": 6,
          "Plan Width": 8,
          "Actual Startup Time": 1998.114,
          "Actual Total Time": 2069.882,
          "Actual Rows": 7,
          "Actual Loops": 1,
          "Workers Planned": 6,
          "Workers Launched": 6,
          "Single Copy": false,
          "Plans": [
            {
              "Node Type": "Aggregate",
              "Strategy": "Plain",
              "Partial Mode": "Partial",
              "Parent Relationship": "Outer",
              "Parallel Aware": false,
              "Startup Cost": 389991.59,
              "Total Cost": 389991.6,
              "Plan Rows": 1,
              "Plan Width": 8,
              "Actual Startup Time": 1987.689,
              "Actual Total Time": 1987.692,
              "Actual Rows": 1,
              "Actual Loops": 7,
              "Plans": [
                {
                  "Node Type": "Hash Join",
                  "Parent Relationship": "Outer",
                  "Parallel Aware": true,
                  "Join Type": "Inner",
                  "Startup Cost": 48491.47,
                  "Total Cost": 386438.52,
                  "Plan Rows": 1421225,
                  "Plan Width": 0,
                  "Actual Startup Time": 320.763,
                  "Actual Total Time": 1921.193,
                  "Actual Rows": 1269224,
                  "Actual Loops": 7,
                  "Inner Unique": true,
                  "Hash Cond": "(ci.movie_id = t.id)",
                  "Plans": [
                    {
                      "Node Type": "Seq Scan",
                      "Parent Relationship": "Outer",
                      "Parallel Aware": true,
                      "Relation Name": "cast_info",
                      "Alias": "ci",
                      "Startup Cost": 0.0,
                      "Total Cost": 328162.03,
                      "Plan Rows": 3727624,
                      "Plan Width": 4,
                      "Actual Startup Time": 157.421,
                      "Actual Total Time": 692.025,
                      "Actual Rows": 3194594,
                      "Actual Loops": 7,
                      "Filter": "(person_id > 1367805)",
                      "Rows Removed by Filter": 1983169
                    },
                    {
                      "Node Type": "Hash",
                      "Parent Relationship": "Inner",
                      "Parallel Aware": true,
                      "Startup Cost": 45479.1,
                      "Total Cost": 45479.1,
                      "Plan Rows": 240990,
                      "Plan Width": 4,
                      "Actual Startup Time": 160.069,
                      "Actual Total Time": 160.07,
                      "Actual Rows": 139683,
                      "Actual Loops": 7,
                      "Hash Buckets": 1048576,
                      "Original Hash Buckets": 1048576,
                      "Hash Batches": 1,
                      "Original Hash Batches": 1,
                      "Peak Memory Usage": 46528,
                      "Plans": [
                        {
                          "Node Type": "Seq Scan",
                          "Parent Relationship": "Outer",
                          "Parallel Aware": true,
                          "Relation Name": "title",
                          "Alias": "t",
                          "Startup Cost": 0.0,
                          "Total Cost": 45479.1,
                          "Plan Rows": 240990,
                          "Plan Width": 4,
                          "Actual Startup Time": 0.049,
                          "Actual Total Time": 89.836,
                          "Actual Rows": 139683,
                          "Actual Loops": 7,
                          "Filter": "((kind_id < 7) AND (production_year > 0))",
                          "Rows Removed by Filter": 221505
                        }
                      ]
                    }
                  ]
                }
              ]
            }
          ]
        }
      ]
    },
    "Planning Time": 0.639,
    "Triggers": [],
    "Execution Time": 2070.04
  }
]