[
  {
    "Plan": {
      "Node Type": "Aggregate",
      "Strategy": "Plain",
      "Partial Mode": "Finalize",
      "Parallel Aware": false,
      "Startup Cost": 26296.81,
      "Total Cost": 26296.82,
      "Plan Rows": 1,
      "Plan Width": 8,
      "Actual Startup Time": 67.782,
      "Actual Total Time": 71.882,
      "Actual Rows": 1,
      "Actual Loops": 1,
      "Plans": [
        {
          "Node Type": "Gather",
          "Parent Relationship": "Outer",
          "Parallel Aware": false,
          "Startup Cost": 26296.49,
          "Total Cost": 26296.8,
          "Plan Rows": 3,
          "Plan Width": 8,
          "Actual Startup Time": 67.619,
          "Actual Total Time": 71.876,
          "Actual Rows": 4,
          "Actual Loops": 1,
          "Workers Planned": 3,
          "Workers Launched": 3,
          "Single Copy": false,
          "Plans": [
            {
              "Node Type": "Aggregate",
              "Strategy": "Plain",
              "Partial Mode": "Partial",
              "Parent Relationship": "Outer",
              "Parallel Aware": false,
              "Startup Cost": 25296.49,
              "Total Cost": 25296.5,
              "Plan Rows": 1,
              "Plan Width": 8,
              "Actual Startup Time": 59.914,
              "Actual Total Time": 59.915,
              "Actual Rows": 1,
              "Actual Loops": 4,
              "Plans": [
                {
                  "Node Type": "Bitmap Heap Scan",
                  "Parent Relationship": "Outer",
                  "Parallel Aware": true,
                  "Relation Name": "movie_companies",
                  "Alias": "mc",
                  "Startup Cost": 5318.77,
                  "Total Cost": 25098.54,
                  "Plan Rows": 79182,
                  "Plan Width": 0,
                  "Actual Startup Time": 24.015,
                  "Actual Total Time": 54.798,
                  "Actual Rows": 60812,
                  "Actual Loops": 4,
                  "Recheck Cond": "(company_id > 102383)",
                  "Rows Removed by Index Recheck": 0,
                  "Exact Heap Blocks": 2447,
                  "Lossy Heap Blocks": 0,
                  "Plans": [
                    {
                      "Node Type": "Bitmap Index Scan",
                      "Parent Relationship": "Outer",
                      "Parallel Aware": false,
                      "Index Name": "company_id_movie_companies",
                      "Startup Cost": 0.0,
                      "Total Cost": 5257.4,
                      "Plan Rows": 245463,
                      "Plan Width": 0,
                      "Actual Startup Time": 29.845,
                      "Actual Total Time": 29.845,
                      "Actual Rows": 243248,
                      "Actual Loops": 1,
                      "Index Cond": "(company_id > 102383)"
                    }
                  ]
                }
              ]
            }
          ]
        }
      ]
    },
    "Planning Time": 0.162,
    "Triggers": [],
    "Execution Time": 71.945
  }
]