{
  "Plan": {
    "Node Type": "Aggregate",
    "Strategy": "Plain",
    "Partial Mode": "Finalize",
    "Parallel Aware": false,
    "Startup Cost": 1143815.47,
    "Total Cost": 1143815.48,
    "Plan Rows": 1,
    "Plan Width": 8,
    "Actual Startup Time": 6038.122,
    "Actual Total Time": 6068.092,
    "Actual Rows": 1,
    "Actual Loops": 1,
    "Plans": [
      {
        "Node Type": "Gather",
        "Parent Relationship": "Outer",
        "Parallel Aware": false,
        "Startup Cost": 1143815.35,
        "Total Cost": 1143815.46,
        "Plan Rows": 1,
        "Plan Width": 8,
        "Actual Startup Time": 6038.11,
        "Actual Total Time": 6068.085,
        "Actual Rows": 2,
        "Actual Loops": 1,
        "Workers Planned": 1,
        "Workers Launched": 1,
        "Single Copy": false,
        "Plans": [
          {
            "Node Type": "Aggregate",
            "Strategy": "Plain",
            "Partial Mode": "Partial",
            "Parent Relationship": "Outer",
            "Parallel Aware": false,
            "Startup Cost": 1142815.35,
            "Total Cost": 1142815.36,
            "Plan Rows": 1,
            "Plan Width": 8,
            "Actual Startup Time": 6002.922,
            "Actual Total Time": 6002.93,
            "Actual Rows": 1,
            "Actual Loops": 2,
            "Plans": [
              {
                "Node Type": "Merge Join",
                "Parent Relationship": "Outer",
                "Parallel Aware": false,
                "Join Type": "Inner",
                "Startup Cost": 1098490.87,
                "Total Cost": 1138305.74,
                "Plan Rows": 1803845,
                "Plan Width": 0,
                "Actual Startup Time": 4240.693,
                "Actual Total Time": 5707.139,
                "Actual Rows": 7891564,
                "Actual Loops": 2,
                "Inner Unique": false,
                "Merge Cond": "(t.id = mc.movie_id)",
                "Plans": [
                  {
                    "Node Type": "Sort",
                    "Parent Relationship": "Outer",
                    "Parallel Aware": false,
                    "Startup Cost": 775539.7,
                    "Total Cost": 779909.59,
                    "Plan Rows": 1747958,
                    "Plan Width": 8,
                    "Actual Startup Time": 3409.445,
                    "Actual Total Time": 3702.371,
                    "Actual Rows": 1725270,
                    "Actual Loops": 2,
                    "Sort Key": [
                      "t.id"
                    ],
                    "Sort Method": "quicksort",
                    "Sort Space Used": 132133,
                    "Sort Space Type": "Memory",
                    "Workers": [
                      {
                        "Worker Number": 0,
                        "Sort Method": "quicksort",
                        "Sort Space Used": 127922,
                        "Sort Space Type": "Memory"
                      }
                    ],
                    "Plans": [
                      {
                        "Node Type": "Hash Join",
                        "Parent Relationship": "Outer",
                        "Parallel Aware": true,
                        "Join Type": "Inner",
                        "Startup Cost": 57740.43,
                        "Total Cost": 594300.58,
                        "Plan Rows": 1747958,
                        "Plan Width": 8,
                        "Actual Startup Time": 185.575,
                        "Actual Total Time": 2963.102,
                        "Actual Rows": 1725328,
                        "Actual Loops": 2,
                        "Inner Unique": true,
                        "Hash Cond": "(ci.movie_id = t.id)",
                        "Plans": [
                          {
                            "Node Type": "Seq Scan",
                            "Parent Relationship": "Outer",
                            "Parallel Aware": true,
                            "Relation Name": "cast_info",
                            "Alias": "ci",
                            "Startup Cost": 0.0,
                            "Total Cost": 519069.44,
                            "Plan Rows": 6663114,
                            "Plan Width": 4,
                            "Actual Startup Time": 0.023,
                            "Actual Total Time": 1348.756,
                            "Actual Rows": 5664694,
                            "Actual Loops": 2,
                            "Filter": "(person_id < 1112974)",
                            "Rows Removed by Filter": 12457478
                          },
                          {
                            "Node Type": "Hash",
                            "Parent Relationship": "Inner",
                            "Parallel Aware": true,
                            "Startup Cost": 52863.55,
                            "Total Cost": 52863.55,
                            "Plan Rows": 390151,
                            "Plan Width": 4,
                            "Actual Startup Time": 176.284,
                            "Actual Total Time": 176.286,
                            "Actual Rows": 331412,
                            "Actual Loops": 2,
                            "Hash Buckets": 1048576,
                            "Original Hash Buckets": 1048576,
                            "Hash Batches": 1,
                            "Original Hash Batches": 1,
                            "Peak Memory Usage": 34144,
                            "Plans": [
                              {
                                "Node Type": "Bitmap Heap Scan",
                                "Parent Relationship": "Outer",
                                "Parallel Aware": true,
                                "Relation Name": "title",
                                "Alias": "t",
                                "Startup Cost": 11988.66,
                                "Total Cost": 52863.55,
                                "Plan Rows": 390151,
                                "Plan Width": 4,
                                "Actual Startup Time": 32.284,
                                "Actual Total Time": 95.666,
                                "Actual Rows": 331412,
                                "Actual Loops": 2,
                                "Recheck Cond": "(kind_id = 1)",
                                "Rows Removed by Index Recheck": 0,
                                "Exact Heap Blocks": 7748,
                                "Lossy Heap Blocks": 0,
                                "Plans": [
                                  {
                                    "Node Type": "Bitmap Index Scan",
                                    "Parent Relationship": "Outer",
                                    "Parallel Aware": false,
                                    "Index Name": "kind_id_title",
                                    "Startup Cost": 0.0,
                                    "Total Cost": 11822.85,
                                    "Plan Rows": 663256,
                                    "Plan Width": 0,
                                    "Actual Startup Time": 30.437,
                                    "Actual Total Time": 30.437,
                                    "Actual Rows": 662825,
                                    "Actual Loops": 1,
                                    "Index Cond": "(kind_id = 1)"
                                  }
                                ]
                              }
                            ]
                          }
                        ]
                      }
                    ]
                  },
                  {
                    "Node Type": "Sort",
                    "Parent Relationship": "Inner",
                    "Parallel Aware": false,
                    "Startup Cost": 322951.0,
                    "Total Cost": 329473.82,
                    "Plan Rows": 2609129,
                    "Plan Width": 4,
                    "Actual Startup Time": 757.76,
                    "Actual Total Time": 1088.069,
                    "Actual Rows": 9453096,
                    "Actual Loops": 2,
                    "Sort Key": [
                      "mc.movie_id"
                    ],
                    "Sort Method": "quicksort",
                    "Sort Space Used": 220607,
                    "Sort Space Type": "Memory",
                    "Workers": [
                      {
                        "Worker Number": 0,
                        "Sort Method": "quicksort",
                        "Sort Space Used": 220607,
                        "Sort Space Type": "Memory"
                      }
                    ],
                    "Plans": [
                      {
                        "Node Type": "Seq Scan",
                        "Parent Relationship": "Outer",
                        "Parallel Aware": false,
                        "Relation Name": "movie_companies",
                        "Alias": "mc",
                        "Startup Cost": 0.0,
                        "Total Cost": 44881.29,
                        "Plan Rows": 2609129,
                        "Plan Width": 4,
                        "Actual Startup Time": 0.039,
                        "Actual Total Time": 231.742,
                        "Actual Rows": 2609129,
                        "Actual Loops": 2
                      }
                    ]
                  }
                ]
              }
            ]
          }
        ]
      }
    ]
  },
  "Planning Time": 1.239,
  "Triggers": [],
  "Execution Time": 6091.13
}