[
  {
    "Plan": {
      "Node Type": "Aggregate",
      "Strategy": "Plain",
      "Partial Mode": "Finalize",
      "Parallel Aware": false,
      "Startup Cost": 44867.83,
      "Total Cost": 44867.84,
      "Plan Rows": 1,
      "Plan Width": 8,
      "Actual Startup Time": 137.257,
      "Actual Total Time": 147.431,
      "Actual Rows": 1,
      "Actual Loops": 1,
      "Plans": [
        {
          "Node Type": "Gather",
          "Parent Relationship": "Outer",
          "Parallel Aware": false,
          "Startup Cost": 44867.52,
          "Total Cost": 44867.83,
          "Plan Rows": 3,
          "Plan Width": 8,
          "Actual Startup Time": 136.979,
          "Actual Total Time": 147.422,
          "Actual Rows": 4,
          "Actual Loops": 1,
          "Workers Planned": 3,
          "Workers Launched": 3,
          "Single Copy": false,
          "Plans": [
            {
              "Node Type": "Aggregate",
              "Strategy": "Plain",
              "Partial Mode": "Partial",
              "Parent Relationship": "Outer",
              "Parallel Aware": false,
              "Startup Cost": 43867.52,
              "Total Cost": 43867.53,
              "Plan Rows": 1,
              "Plan Width": 8,
              "Actual Startup Time": 133.008,
              "Actual Total Time": 133.01,
              "Actual Rows": 1,
              "Actual Loops": 4,
              "Plans": [
                {
                  "Node Type": "Seq Scan",
                  "Parent Relationship": "Outer",
                  "Parallel Aware": true,
                  "Relation Name": "movie_keyword",
                  "Alias": "mk",
                  "Startup Cost": 0.0,
                  "Total Cost": 42695.65,
                  "Plan Rows": 468745,
                  "Plan Width": 0,
                  "Actual Startup Time": 0.831,
                  "Actual Total Time": 114.246,
                  "Actual Rows": 361600,
                  "Actual Loops": 4,
                  "Filter": "(keyword_id > 11549)",
                  "Rows Removed by Filter": 769382
                }
              ]
            }
          ]
        }
      ]
    },
    "Planning Time": 0.07,
    "Triggers": [],
    "Execution Time": 147.46
  }
]