[
  {
    "Plan": {
      "Node Type": "Aggregate",
      "Strategy": "Plain",
      "Partial Mode": "Finalize",
      "Parallel Aware": false,
      "Startup Cost": 70448.81,
      "Total Cost": 70448.82,
      "Plan Rows": 1,
      "Plan Width": 8,
      "Actual Startup Time": 133.533,
      "Actual Total Time": 148.977,
      "Actual Rows": 1,
      "Actual Loops": 1,
      "Plans": [
        {
          "Node Type": "Gather",
          "Parent Relationship": "Outer",
          "Parallel Aware": false,
          "Startup Cost": 70448.39,
          "Total Cost": 70448.8,
          "Plan Rows": 4,
          "Plan Width": 8,
          "Actual Startup Time": 133.271,
          "Actual Total Time": 148.968,
          "Actual Rows": 5,
          "Actual Loops": 1,
          "Workers Planned": 4,
          "Workers Launched": 4,
          "Single Copy": false,
          "Plans": [
            {
              "Node Type": "Aggregate",
              "Strategy": "Plain",
              "Partial Mode": "Partial",
              "Parent Relationship": "Outer",
              "Parallel Aware": false,
              "Startup Cost": 69448.39,
              "Total Cost": 69448.4,
              "Plan Rows": 1,
              "Plan Width": 8,
              "Actual Startup Time": 122.355,
              "Actual Total Time": 122.356,
              "Actual Rows": 1,
              "Actual Loops": 5,
              "Plans": [
                {
                  "Node Type": "Nested Loop",
                  "Parent Relationship": "Outer",
                  "Parallel Aware": false,
                  "Join Type": "Inner",
                  "Startup Cost": 0.43,
                  "Total Cost": 69440.13,
                  "Plan Rows": 3306,
                  "Plan Width": 0,
                  "Actual Startup Time": 4.948,
                  "Actual Total Time": 121.927,
                  "Actual Rows": 6373,
                  "Actual Loops": 5,
                  "Inner Unique": false,
                  "Plans": [
                    {
                      "Node Type": "Seq Scan",
                      "Parent Relationship": "Outer",
                      "Parallel Aware": true,
                      "Relation Name": "title",
                      "Alias": "t",
                      "Startup Cost": 0.0,
                      "Total Cost": 45479.59,
                      "Plan Rows": 3009,
                      "Plan Width": 4,
                      "Actual Startup Time": 2.135,
                      "Actual Total Time": 91.961,
                      "Actual Rows": 2228,
                      "Actual Loops": 5,
                      "Filter": "((kind_id < 7) AND (production_year = 1994))",
                      "Rows Removed by Filter": 503434
                    },
                    {
                      "Node Type": "Index Scan",
                      "Parent Relationship": "Inner",
                      "Parallel Aware": false,
                      "Scan Direction": "Forward",
                      "Index Name": "movie_id_movie_keyword",
                      "Relation Name": "movie_keyword",
                      "Alias": "mk",
                      "Startup Cost": 0.43,
                      "Total Cost": 7.68,
                      "Plan Rows": 28,
                      "Plan Width": 4,
                      "Actual Startup Time": 0.012,
                      "Actual Total Time": 0.013,
                      "Actual Rows": 3,
                      "Actual Loops": 11141,
                      "Index Cond": "(movie_id = t.id)",
                      "Rows Removed by Index Recheck": 0,
                      "Filter": "(keyword_id > 2849)",
                      "Rows Removed by Filter": 2
                    }
                  ]
                }
              ]
            }
          ]
        }
      ]
    },
    "Planning Time": 0.712,
    "Triggers": [],
    "Execution Time": 149.083
  }
]