[
  {
    "Plan": {
      "Node Type": "Aggregate",
      "Strategy": "Plain",
      "Partial Mode": "Finalize",
      "Parallel Aware": false,
      "Startup Cost": 46524.83,
      "Total Cost": 46524.84,
      "Plan Rows": 1,
      "Plan Width": 8,
      "Actual Startup Time": 178.353,
      "Actual Total Time": 188.923,
      "Actual Rows": 1,
      "Actual Loops": 1,
      "Plans": [
        {
          "Node Type": "Gather",
          "Parent Relationship": "Outer",
          "Parallel Aware": false,
          "Startup Cost": 46524.51,
          "Total Cost": 46524.82,
          "Plan Rows": 3,
          "Plan Width": 8,
          "Actual Startup Time": 178.228,
          "Actual Total Time": 188.914,
          "Actual Rows": 4,
          "Actual Loops": 1,
          "Workers Planned": 3,
          "Workers Launched": 3,
          "Single Copy": false,
          "Plans": [
            {
              "Node Type": "Aggregate",
              "Strategy": "Plain",
              "Partial Mode": "Partial",
              "Parent Relationship": "Outer",
              "Parallel Aware": false,
              "Startup Cost": 45524.51,
              "Total Cost": 45524.52,
              "Plan Rows": 1,
              "Plan Width": 8,
              "Actual Startup Time": 172.028,
              "Actual Total Time": 172.029,
              "Actual Rows": 1,
              "Actual Loops": 4,
              "Plans": [
                {
                  "Node Type": "Seq Scan",
                  "Parent Relationship": "Outer",
                  "Parallel Aware": true,
                  "Relation Name": "movie_keyword",
                  "Alias": "mk",
                  "Startup Cost": 0.0,
                  "Total Cost": 42695.65,
                  "Plan Rows": 1131543,
                  "Plan Width": 0,
                  "Actual Startup Time": 0.13,
                  "Actual Total Time": 130.88,
                  "Actual Rows": 875292,
                  "Actual Loops": 4,
                  "Filter": "(keyword_id > 995)",
                  "Rows Removed by Filter": 255690
                }
              ]
            }
          ]
        }
      ]
    },
    "Planning Time": 0.169,
    "Triggers": [],
    "Execution Time": 188.973
  }
]