[
  {
    "Plan": {
      "Node Type": "Aggregate",
      "Strategy": "Plain",
      "Partial Mode": "Finalize",
      "Parallel Aware": false,
      "Startup Cost": 305538.47,
      "Total Cost": 305538.48,
      "Plan Rows": 1,
      "Plan Width": 8,
      "Actual Startup Time": 817.324,
      "Actual Total Time": 869.012,
      "Actual Rows": 1,
      "Actual Loops": 1,
      "Plans": [
        {
          "Node Type": "Gather",
          "Parent Relationship": "Outer",
          "Parallel Aware": false,
          "Startup Cost": 305537.95,
          "Total Cost": 305538.46,
          "Plan Rows": 5,
          "Plan Width": 8,
          "Actual Startup Time": 812.789,
          "Actual Total Time": 869.002,
          "Actual Rows": 6,
          "Actual Loops": 1,
          "Workers Planned": 5,
          "Workers Launched": 5,
          "Single Copy": false,
          "Plans": [
            {
              "Node Type": "Aggregate",
              "Strategy": "Plain",
              "Partial Mode": "Partial",
              "Parent Relationship": "Outer",
              "Parallel Aware": false,
              "Startup Cost": 304537.95,
              "Total Cost": 304537.96,
              "Plan Rows": 1,
              "Plan Width": 8,
              "Actual Startup Time": 802.429,
              "Actual Total Time": 802.512,
              "Actual Rows": 1,
              "Actual Loops": 6,
              "Plans": [
                {
                  "Node Type": "Hash Join",
                  "Parent Relationship": "Outer",
                  "Parallel Aware": true,
                  "Join Type": "Inner",
                  "Startup Cost": 94462.46,
                  "Total Cost": 303346.18,
                  "Plan Rows": 476708,
                  "Plan Width": 0,
                  "Actual Startup Time": 268.226,
                  "Actual Total Time": 794.39,
                  "Actual Rows": 194312,
                  "Actual Loops": 6,
                  "Inner Unique": false,
                  "Hash Cond": "(mi.movie_id = t.id)",
                  "Plans": [
                    {
                      "Node Type": "Seq Scan",
                      "Parent Relationship": "Outer",
                      "Parallel Aware": true,
                      "Relation Name": "movie_info",
                      "Alias": "mi",
                      "Startup Cost": 0.0,
                      "Total Cost": 198952.16,
                      "Plan Rows": 2238345,
                      "Plan Width": 4,
                      "Actual Startup Time": 0.051,
                      "Actual Total Time": 336.252,
                      "Actual Rows": 1868457,
                      "Actual Loops": 6,
                      "Filter": "(info_type_id > 3)",
                      "Rows Removed by Filter": 604163
                    },
                    {
                      "Node Type": "Hash",
                      "Parent Relationship": "Inner",
                      "Parallel Aware": true,
                      "Startup Cost": 92291.26,
                      "Total Cost": 92291.26,
                      "Plan Rows": 173696,
                      "Plan Width": 8,
                      "Actual Startup Time": 263.98,
                      "Actual Total Time": 264.061,
                      "Actual Rows": 21523,
                      "Actual Loops": 6,
                      "Hash Buckets": 1048576,
                      "Original Hash Buckets": 1048576,
                      "Hash Batches": 1,
                      "Original Hash Batches": 1,
                      "Peak Memory Usage": 13312,
                      "Plans": [
                        {
                          "Node Type": "Hash Join",
                          "Parent Relationship": "Outer",
                          "Parallel Aware": true,
                          "Join Type": "Inner",
                          "Startup Cost": 46741.14,
                          "Total Cost": 92291.26,
                          "Plan Rows": 173696,
                          "Plan Width": 8,
                          "Actual Startup Time": 118.216,
                          "Actual Total Time": 250.934,
                          "Actual Rows": 21523,
                          "Actual Loops": 6,
                          "Inner Unique": true,
                          "Hash Cond": "(mk.movie_id = t.id)",
                          "Plans": [
                            {
                              "Node Type": "Seq Scan",
                              "Parent Relationship": "Outer",
                              "Parallel Aware": true,
                              "Relation Name": "movie_keyword",
                              "Alias": "mk",
                              "Startup Cost": 0.0,
                              "Total Cost": 42695.65,
                              "Plan Rows": 1087419,
                              "Plan Width": 4,
                              "Actual Startup Time": 0.032,
                              "Actual Total Time": 80.175,
                              "Actual Rows": 560416,
                              "Actual Loops": 6,
                              "Filter": "(keyword_id < 16128)",
                              "Rows Removed by Filter": 193572
                            },
                            {
                              "Node Type": "Hash",
                              "Parent Relationship": "Inner",
                              "Parallel Aware": true,
                              "Startup Cost": 45479.1,
                              "Total Cost": 45479.1,
                              "Plan Rows": 100963,
                              "Plan Width": 4,
                              "Actual Startup Time": 116.872,
                              "Actual Total Time": 116.873,
                              "Actual Rows": 72370,
                              "Actual Loops": 6,
                              "Hash Buckets": 524288,
                              "Original Hash Buckets": 524288,
                              "Hash Batches": 1,
                              "Original Hash Batches": 1,
                              "Peak Memory Usage": 21216,
                              "Plans": [
                                {
                                  "Node Type": "Seq Scan",
                                  "Parent Relationship": "Outer",
                                  "Parallel Aware": true,
                                  "Relation Name": "title",
                                  "Alias": "t",
                                  "Startup Cost": 0.0,
                                  "Total Cost": 45479.1,
                                  "Plan Rows": 100963,
                                  "Plan Width": 4,
                                  "Actual Startup Time": 0.046,
                                  "Actual Total Time": 81.659,
                                  "Actual Rows": 72370,
                                  "Actual Loops": 6,
                                  "Filter": "((production_year > 2008) AND (kind_id = 7))",
                                  "Rows Removed by Filter": 349016
                                }
                              ]
                            }
                          ]
                        }
                      ]
                    }
                  ]
                }
              ]
            }
          ]
        }
      ]
    },
    "Planning Time": 1.363,
    "Triggers": [],
    "Execution Time": 869.108
  }
]