[
  {
    "Plan": {
      "Node Type": "Aggregate",
      "Strategy": "Plain",
      "Partial Mode": "Finalize",
      "Parallel Aware": false,
      "Startup Cost": 225917.05,
      "Total Cost": 225917.06,
      "Plan Rows": 1,
      "Plan Width": 8,
      "Actual Startup Time": 313.156,
      "Actual Total Time": 324.051,
      "Actual Rows": 1,
      "Actual Loops": 1,
      "Plans": [
        {
          "Node Type": "Gather",
          "Parent Relationship": "Outer",
          "Parallel Aware": false,
          "Startup Cost": 225916.53,
          "Total Cost": 225917.04,
          "Plan Rows": 5,
          "Plan Width": 8,
          "Actual Startup Time": 307.01,
          "Actual Total Time": 324.042,
          "Actual Rows": 6,
          "Actual Loops": 1,
          "Workers Planned": 5,
          "Workers Launched": 5,
          "Single Copy": false,
          "Plans": [
            {
              "Node Type": "Aggregate",
              "Strategy": "Plain",
              "Partial Mode": "Partial",
              "Parent Relationship": "Outer",
              "Parallel Aware": false,
              "Startup Cost": 224916.53,
              "Total Cost": 224916.54,
              "Plan Rows": 1,
              "Plan Width": 8,
              "Actual Startup Time": 299.186,
              "Actual Total Time": 299.189,
              "Actual Rows": 1,
              "Actual Loops": 6,
              "Plans": [
                {
                  "Node Type": "Hash Join",
                  "Parent Relationship": "Outer",
                  "Parallel Aware": true,
                  "Join Type": "Inner",
                  "Startup Cost": 60865.45,
                  "Total Cost": 224686.96,
                  "Plan Rows": 91827,
                  "Plan Width": 0,
                  "Actual Startup Time": 227.174,
                  "Actual Total Time": 293.959,
                  "Actual Rows": 90606,
                  "Actual Loops": 6,
                  "Inner Unique": true,
                  "Hash Cond": "(mi.movie_id = t.id)",
                  "Plans": [
                    {
                      "Node Type": "Bitmap Heap Scan",
                      "Parent Relationship": "Outer",
                      "Parallel Aware": true,
                      "Relation Name": "movie_info",
                      "Alias": "mi",
                      "Startup Cost": 10965.05,
                      "Total Cost": 174469.22,
                      "Plan Rows": 120893,
                      "Plan Width": 4,
                      "Actual Startup Time": 27.925,
                      "Actual Total Time": 64.454,
                      "Actual Rows": 99743,
                      "Actual Loops": 6,
                      "Recheck Cond": "(info_type_id = 15)",
                      "Rows Removed by Index Recheck": 0,
                      "Exact Heap Blocks": 4109,
                      "Lossy Heap Blocks": 0,
                      "Plans": [
                        {
                          "Node Type": "Bitmap Index Scan",
                          "Parent Relationship": "Outer",
                          "Parallel Aware": false,
                          "Index Name": "info_type_id_movie_info",
                          "Startup Cost": 0.0,
                          "Total Cost": 10813.94,
                          "Plan Rows": 604467,
                          "Plan Width": 0,
                          "Actual Startup Time": 24.539,
                          "Actual Total Time": 24.539,
                          "Actual Rows": 598457,
                          "Actual Loops": 1,
                          "Index Cond": "(info_type_id = 15)"
                        }
                      ]
                    },
                    {
                      "Node Type": "Hash",
                      "Parent Relationship": "Inner",
                      "Parallel Aware": true,
                      "Startup Cost": 43899.01,
                      "Total Cost": 43899.01,
                      "Plan Rows": 480111,
                      "Plan Width": 4,
                      "Actual Startup Time": 195.844,
                      "Actual Total Time": 195.845,
                      "Actual Rows": 320475,
                      "Actual Loops": 6,
                      "Hash Buckets": 2097152,
                      "Original Hash Buckets": 2097152,
                      "Hash Batches": 1,
                      "Original Hash Batches": 1,
                      "Peak Memory Usage": 91776,
                      "Plans": [
                        {
                          "Node Type": "Seq Scan",
                          "Parent Relationship": "Outer",
                          "Parallel Aware": true,
                          "Relation Name": "title",
                          "Alias": "t",
                          "Startup Cost": 0.0,
                          "Total Cost": 43899.01,
                          "Plan Rows": 480111,
                          "Plan Width": 4,
                          "Actual Startup Time": 0.021,
                          "Actual Total Time": 75.79,
                          "Actual Rows": 320475,
                          "Actual Loops": 6,
                          "Filter": "(production_year < 2010)",
                          "Rows Removed by Filter": 100910
                        }
                      ]
                    }
                  ]
                }
              ]
            }
          ]
        }
      ]
    },
    "Planning Time": 0.278,
    "Triggers": [],
    "Execution Time": 324.096
  }
]