[
  {
    "Plan": {
      "Node Type": "Aggregate",
      "Strategy": "Plain",
      "Partial Mode": "Finalize",
      "Parallel Aware": false,
      "Startup Cost": 69003.67,
      "Total Cost": 69003.68,
      "Plan Rows": 1,
      "Plan Width": 8,
      "Actual Startup Time": 217.742,
      "Actual Total Time": 230.226,
      "Actual Rows": 1,
      "Actual Loops": 1,
      "Plans": [
        {
          "Node Type": "Gather",
          "Parent Relationship": "Outer",
          "Parallel Aware": false,
          "Startup Cost": 69003.25,
          "Total Cost": 69003.66,
          "Plan Rows": 4,
          "Plan Width": 8,
          "Actual Startup Time": 216.792,
          "Actual Total Time": 230.217,
          "Actual Rows": 5,
          "Actual Loops": 1,
          "Workers Planned": 4,
          "Workers Launched": 4,
          "Single Copy": false,
          "Plans": [
            {
              "Node Type": "Aggregate",
              "Strategy": "Plain",
              "Partial Mode": "Partial",
              "Parent Relationship": "Outer",
              "Parallel Aware": false,
              "Startup Cost": 68003.25,
              "Total Cost": 68003.26,
              "Plan Rows": 1,
              "Plan Width": 8,
              "Actual Startup Time": 205.356,
              "Actual Total Time": 205.36,
              "Actual Rows": 1,
              "Actual Loops": 5,
              "Plans": [
                {
                  "Node Type": "Hash Join",
                  "Parent Relationship": "Outer",
                  "Parallel Aware": true,
                  "Join Type": "Inner",
                  "Startup Cost": 22431.17,
                  "Total Cost": 67962.65,
                  "Plan Rows": 16240,
                  "Plan Width": 0,
                  "Actual Startup Time": 152.929,
                  "Actual Total Time": 204.093,
                  "Actual Rows": 24725,
                  "Actual Loops": 5,
                  "Inner Unique": false,
                  "Hash Cond": "(t.id = mc.movie_id)",
                  "Plans": [
                    {
                      "Node Type": "Seq Scan",
                      "Parent Relationship": "Outer",
                      "Parallel Aware": true,
                      "Relation Name": "title",
                      "Alias": "t",
                      "Startup Cost": 0.0,
                      "Total Cost": 42318.73,
                      "Plan Rows": 632073,
                      "Plan Width": 4,
                      "Actual Startup Time": 0.016,
                      "Actual Total Time": 72.836,
                      "Actual Rows": 505662,
                      "Actual Loops": 5
                    },
                    {
                      "Node Type": "Hash",
                      "Parent Relationship": "Inner",
                      "Parallel Aware": true,
                      "Startup Cost": 22169.25,
                      "Total Cost": 22169.25,
                      "Plan Rows": 20954,
                      "Plan Width": 4,
                      "Actual Startup Time": 47.216,
                      "Actual Total Time": 47.218,
                      "Actual Rows": 24725,
                      "Actual Loops": 5,
                      "Hash Buckets": 131072,
                      "Original Hash Buckets": 65536,
                      "Hash Batches": 1,
                      "Original Hash Batches": 1,
                      "Peak Memory Usage": 6432,
                      "Plans": [
                        {
                          "Node Type": "Bitmap Heap Scan",
                          "Parent Relationship": "Outer",
                          "Parallel Aware": true,
                          "Relation Name": "movie_companies",
                          "Alias": "mc",
                          "Startup Cost": 2760.2,
                          "Total Cost": 22169.25,
                          "Plan Rows": 20954,
                          "Plan Width": 4,
                          "Actual Startup Time": 9.5,
                          "Actual Total Time": 31.173,
                          "Actual Rows": 24725,
                          "Actual Loops": 5,
                          "Recheck Cond": "(company_id > 144475)",
                          "Rows Removed by Index Recheck": 0,
                          "Filter": "(company_type_id = 2)",
                          "Rows Removed by Filter": 0,
                          "Exact Heap Blocks": 1518,
                          "Lossy Heap Blocks": 0,
                          "Plans": [
                            {
                              "Node Type": "Bitmap Index Scan",
                              "Parent Relationship": "Outer",
                              "Parallel Aware": false,
                              "Index Name": "company_id_movie_companies",
                              "Startup Cost": 0.0,
                              "Total Cost": 2743.96,
                              "Plan Rows": 127937,
                              "Plan Width": 0,
                              "Actual Startup Time": 15.175,
                              "Actual Total Time": 15.176,
                              "Actual Rows": 123625,
                              "Actual Loops": 1,
                              "Index Cond": "(company_id > 144475)"
                            }
                          ]
                        }
                      ]
                    }
                  ]
                }
              ]
            }
          ]
        }
      ]
    },
    "Planning Time": 0.671,
    "Triggers": [],
    "Execution Time": 230.317
  }
]