[
    {
        "Bao": {
            "Bao prediction": 619.911,
            "Bao recommended hint": "(no hint)"
        }
    },
    {
        "Plan": {
            "Node Type": "Aggregate",
            "Strategy": "Plain",
            "Partial Mode": "Simple",
            "Parallel Aware": false,
            "Startup Cost": 22457.02,
            "Total Cost": 22457.03,
            "Plan Rows": 1,
            "Plan Width": 8,
            "Actual Startup Time": 48.732,
            "Actual Total Time": 48.734,
            "Actual Rows": 1,
            "Actual Loops": 1,
            "Output": [
                "count(*)"
            ],
            "Plans": [
                {
                    "Node Type": "Bitmap Heap Scan",
                    "Parent Relationship": "Outer",
                    "Parallel Aware": false,
                    "Relation Name": "movie_companies",
                    "Schema": "public",
                    "Alias": "mc",
                    "Startup Cost": 2167.29,
                    "Total Cost": 22207.07,
                    "Plan Rows": 99982,
                    "Plan Width": 0,
                    "Actual Startup Time": 15.509,
                    "Actual Total Time": 40.768,
                    "Actual Rows": 102188,
                    "Actual Loops": 1,
                    "Recheck Cond": "(mc.company_id > 156250)",
                    "Rows Removed by Index Recheck": 0,
                    "Exact Heap Blocks": 3199,
                    "Lossy Heap Blocks": 0,
                    "Plans": [
                        {
                            "Node Type": "Bitmap Index Scan",
                            "Parent Relationship": "Outer",
                            "Parallel Aware": false,
                            "Index Name": "company_id_movie_companies",
                            "Startup Cost": 0.0,
                            "Total Cost": 2142.29,
                            "Plan Rows": 99982,
                            "Plan Width": 0,
                            "Actual Startup Time": 14.17,
                            "Actual Total Time": 14.171,
                            "Actual Rows": 102188,
                            "Actual Loops": 1,
                            "Index Cond": "(mc.company_id > 156250)"
                        }
                    ]
                }
            ]
        },
        "Planning Time": 787.102,
        "Triggers": [],
        "Execution Time": 48.833
    }
]