{
  "Plan": {
    "Node Type": "Aggregate",
    "Strategy": "Plain",
    "Partial Mode": "Finalize",
    "Parallel Aware": false,
    "Startup Cost": 337637.09,
    "Total Cost": 337637.1,
    "Plan Rows": 1,
    "Plan Width": 8,
    "Actual Startup Time": 1179.366,
    "Actual Total Time": 1213.262,
    "Actual Rows": 1,
    "Actual Loops": 1,
    "Plans": [
      {
        "Node Type": "Gather",
        "Parent Relationship": "Outer",
        "Parallel Aware": false,
        "Startup Cost": 337636.98,
        "Total Cost": 337637.09,
        "Plan Rows": 1,
        "Plan Width": 8,
        "Actual Startup Time": 1174.036,
        "Actual Total Time": 1213.252,
        "Actual Rows": 2,
        "Actual Loops": 1,
        "Workers Planned": 1,
        "Workers Launched": 1,
        "Single Copy": false,
        "Plans": [
          {
            "Node Type": "Aggregate",
            "Strategy": "Plain",
            "Partial Mode": "Partial",
            "Parent Relationship": "Outer",
            "Parallel Aware": false,
            "Startup Cost": 336636.98,
            "Total Cost": 336636.99,
            "Plan Rows": 1,
            "Plan Width": 8,
            "Actual Startup Time": 1168.654,
            "Actual Total Time": 1169.688,
            "Actual Rows": 1,
            "Actual Loops": 2,
            "Plans": [
              {
                "Node Type": "Hash Join",
                "Parent Relationship": "Outer",
                "Parallel Aware": true,
                "Join Type": "Inner",
                "Startup Cost": 89011.95,
                "Total Cost": 335504.2,
                "Plan Rows": 453109,
                "Plan Width": 0,
                "Actual Startup Time": 646.831,
                "Actual Total Time": 1169.633,
                "Actual Rows": 594,
                "Actual Loops": 2,
                "Inner Unique": false,
                "Hash Cond": "(ci.movie_id = t.id)",
                "Plans": [
                  {
                    "Node Type": "Index Scan",
                    "Parent Relationship": "Outer",
                    "Parallel Aware": true,
                    "Scan Direction": "Forward",
                    "Index Name": "role_id_cast_info",
                    "Relation Name": "cast_info",
                    "Alias": "ci",
                    "Startup Cost": 0.56,
                    "Total Cost": 236682.84,
                    "Plan Rows": 1905236,
                    "Plan Width": 4,
                    "Actual Startup Time": 0.611,
                    "Actual Total Time": 521.665,
                    "Actual Rows": 1386,
                    "Actual Loops": 2,
                    "Index Cond": "(role_id = 2)",
                    "Rows Removed by Index Recheck": 0,
                    "Filter": "(person_id < 1574332)",
                    "Rows Removed by Filter": 3724600
                  },
                  {
                    "Node Type": "Hash",
                    "Parent Relationship": "Inner",
                    "Parallel Aware": true,
                    "Startup Cost": 84590.16,
                    "Total Cost": 84590.16,
                    "Plan Rows": 353698,
                    "Plan Width": 8,
                    "Actual Startup Time": 635.841,
                    "Actual Total Time": 636.874,
                    "Actual Rows": 223214,
                    "Actual Loops": 2,
                    "Hash Buckets": 1048576,
                    "Original Hash Buckets": 1048576,
                    "Hash Batches": 1,
                    "Original Hash Batches": 1,
                    "Peak Memory Usage": 25696,
                    "Plans": [
                      {
                        "Node Type": "Hash Join",
                        "Parent Relationship": "Outer",
                        "Parallel Aware": true,
                        "Join Type": "Inner",
                        "Startup Cost": 66406.37,
                        "Total Cost": 84590.16,
                        "Plan Rows": 353698,
                        "Plan Width": 8,
                        "Actual Startup Time": 384.372,
                        "Actual Total Time": 581.426,
                        "Actual Rows": 223214,
                        "Actual Loops": 2,
                        "Inner Unique": true,
                        "Hash Cond": "(mi_idx.movie_id = t.id)",
                        "Plans": [
                          {
                            "Node Type": "Seq Scan",
                            "Parent Relationship": "Outer",
                            "Parallel Aware": true,
                            "Relation Name": "movie_info_idx",
                            "Alias": "mi_idx",
                            "Startup Cost": 0.0,
                            "Total Cost": 16052.85,
                            "Plan Rows": 811785,
                            "Plan Width": 4,
                            "Actual Startup Time": 0.021,
                            "Actual Total Time": 58.777,
                            "Actual Rows": 690018,
                            "Actual Loops": 2
                          },
                          {
                            "Node Type": "Hash",
                            "Parent Relationship": "Inner",
                            "Parallel Aware": true,
                            "Startup Cost": 58306.47,
                            "Total Cost": 58306.47,
                            "Plan Rows": 647992,
                            "Plan Width": 4,
                            "Actual Startup Time": 374.749,
                            "Actual Total Time": 374.75,
                            "Actual Rows": 597668,
                            "Actual Loops": 2,
                            "Hash Buckets": 2097152,
                            "Original Hash Buckets": 2097152,
                            "Hash Batches": 1,
                            "Original Hash Batches": 1,
                            "Peak Memory Usage": 63168,
                            "Plans": [
                              {
                                "Node Type": "Seq Scan",
                                "Parent Relationship": "Outer",
                                "Parallel Aware": true,
                                "Relation Name": "title",
                                "Alias": "t",
                                "Startup Cost": 0.0,
                                "Total Cost": 58306.47,
                                "Plan Rows": 647992,
                                "Plan Width": 4,
                                "Actual Startup Time": 0.035,
                                "Actual Total Time": 194.651,
                                "Actual Rows": 597668,
                                "Actual Loops": 2,
                                "Filter": "((kind_id > 1) AND (production_year > 1998))",
                                "Rows Removed by Filter": 666488
                              }
                            ]
                          }
                        ]
                      }
                    ]
                  }
                ]
              }
            ]
          }
        ]
      }
    ]
  },
  "Planning Time": 1.025,
  "Triggers": [],
  "Execution Time": 1213.346
}