[
    {
        "Bao": {
            "Bao prediction": "NaN",
            "Bao recommended hint": "(no hint)"
        }
    },
    {
        "Plan": {
            "Node Type": "Aggregate",
            "Strategy": "Plain",
            "Partial Mode": "Finalize",
            "Parallel Aware": false,
            "Startup Cost": 291420.87,
            "Total Cost": 291420.88,
            "Plan Rows": 1,
            "Plan Width": 8,
            "Actual Startup Time": 151.967,
            "Actual Total Time": 156.939,
            "Actual Rows": 1,
            "Actual Loops": 1,
            "Output": [
                "count(*)"
            ],
            "Plans": [
                {
                    "Node Type": "Gather",
                    "Parent Relationship": "Outer",
                    "Parallel Aware": false,
                    "Startup Cost": 291420.25,
                    "Total Cost": 291420.86,
                    "Plan Rows": 6,
                    "Plan Width": 8,
                    "Actual Startup Time": 151.404,
                    "Actual Total Time": 156.931,
                    "Actual Rows": 7,
                    "Actual Loops": 1,
                    "Output": [
                        "(PARTIAL count(*))"
                    ],
                    "Workers Planned": 6,
                    "Workers Launched": 6,
                    "Single Copy": false,
                    "Plans": [
                        {
                            "Node Type": "Aggregate",
                            "Strategy": "Plain",
                            "Partial Mode": "Partial",
                            "Parent Relationship": "Outer",
                            "Parallel Aware": false,
                            "Startup Cost": 290420.25,
                            "Total Cost": 290420.26,
                            "Plan Rows": 1,
                            "Plan Width": 8,
                            "Actual Startup Time": 141.074,
                            "Actual Total Time": 141.075,
                            "Actual Rows": 1,
                            "Actual Loops": 7,
                            "Output": [
                                "PARTIAL count(*)"
                            ],
                            "Workers": [
                                {
                                    "Worker Number": 0,
                                    "Actual Startup Time": 138.571,
                                    "Actual Total Time": 138.573,
                                    "Actual Rows": 1,
                                    "Actual Loops": 1
                                },
                                {
                                    "Worker Number": 1,
                                    "Actual Startup Time": 138.965,
                                    "Actual Total Time": 138.966,
                                    "Actual Rows": 1,
                                    "Actual Loops": 1
                                },
                                {
                                    "Worker Number": 2,
                                    "Actual Startup Time": 139.143,
                                    "Actual Total Time": 139.144,
                                    "Actual Rows": 1,
                                    "Actual Loops": 1
                                },
                                {
                                    "Worker Number": 3,
                                    "Actual Startup Time": 139.811,
                                    "Actual Total Time": 139.812,
                                    "Actual Rows": 1,
                                    "Actual Loops": 1
                                },
                                {
                                    "Worker Number": 4,
                                    "Actual Startup Time": 139.947,
                                    "Actual Total Time": 139.948,
                                    "Actual Rows": 1,
                                    "Actual Loops": 1
                                },
                                {
                                    "Worker Number": 5,
                                    "Actual Startup Time": 140.201,
                                    "Actual Total Time": 140.202,
                                    "Actual Rows": 1,
                                    "Actual Loops": 1
                                }
                            ],
                            "Plans": [
                                {
                                    "Node Type": "Bitmap Heap Scan",
                                    "Parent Relationship": "Outer",
                                    "Parallel Aware": true,
                                    "Relation Name": "cast_info",
                                    "Schema": "public",
                                    "Alias": "ci",
                                    "Startup Cost": 33895.03,
                                    "Total Cost": 289780.54,
                                    "Plan Rows": 255881,
                                    "Plan Width": 0,
                                    "Actual Startup Time": 68.653,
                                    "Actual Total Time": 126.781,
                                    "Actual Rows": 220716,
                                    "Actual Loops": 7,
                                    "Recheck Cond": "(ci.person_id < 154646)",
                                    "Rows Removed by Index Recheck": 0,
                                    "Exact Heap Blocks": 4265,
                                    "Lossy Heap Blocks": 0,
                                    "Workers": [
                                        {
                                            "Worker Number": 0,
                                            "Actual Startup Time": 66.088,
                                            "Actual Total Time": 124.787,
                                            "Actual Rows": 158079,
                                            "Actual Loops": 1
                                        },
                                        {
                                            "Worker Number": 1,
                                            "Actual Startup Time": 66.851,
                                            "Actual Total Time": 124.998,
                                            "Actual Rows": 158587,
                                            "Actual Loops": 1
                                        },
                                        {
                                            "Worker Number": 2,
                                            "Actual Startup Time": 66.795,
                                            "Actual Total Time": 124.872,
                                            "Actual Rows": 204669,
                                            "Actual Loops": 1
                                        },
                                        {
                                            "Worker Number": 3,
                                            "Actual Startup Time": 67.742,
                                            "Actual Total Time": 126.61,
                                            "Actual Rows": 189574,
                                            "Actual Loops": 1
                                        },
                                        {
                                            "Worker Number": 4,
                                            "Actual Startup Time": 67.434,
                                            "Actual Total Time": 126.165,
                                            "Actual Rows": 192555,
                                            "Actual Loops": 1
                                        },
                                        {
                                            "Worker Number": 5,
                                            "Actual Startup Time": 67.69,
                                            "Actual Total Time": 126.207,
                                            "Actual Rows": 203553,
                                            "Actual Loops": 1
                                        }
                                    ],
                                    "Plans": [
                                        {
                                            "Node Type": "Bitmap Index Scan",
                                            "Parent Relationship": "Outer",
                                            "Parallel Aware": false,
                                            "Index Name": "person_id_cast_info",
                                            "Startup Cost": 0.0,
                                            "Total Cost": 33511.21,
                                            "Plan Rows": 1535286,
                                            "Plan Width": 0,
                                            "Actual Startup Time": 75.562,
                                            "Actual Total Time": 75.563,
                                            "Actual Rows": 1545011,
                                            "Actual Loops": 1,
                                            "Index Cond": "(ci.person_id < 154646)"
                                        }
                                    ]
                                }
                            ]
                        }
                    ]
                }
            ]
        },
        "Planning Time": 233.912,
        "Triggers": [],
        "Execution Time": 157.012
    }
]