{
  "Plan": {
    "Node Type": "Aggregate",
    "Strategy": "Plain",
    "Partial Mode": "Finalize",
    "Parallel Aware": false,
    "Startup Cost": 679858.35,
    "Total Cost": 679858.36,
    "Plan Rows": 1,
    "Plan Width": 8,
    "Actual Startup Time": 4796.948,
    "Actual Total Time": 4848.858,
    "Actual Rows": 1,
    "Actual Loops": 1,
    "Plans": [
      {
        "Node Type": "Gather",
        "Parent Relationship": "Outer",
        "Parallel Aware": false,
        "Startup Cost": 679858.24,
        "Total Cost": 679858.35,
        "Plan Rows": 1,
        "Plan Width": 8,
        "Actual Startup Time": 4795.092,
        "Actual Total Time": 4848.849,
        "Actual Rows": 2,
        "Actual Loops": 1,
        "Workers Planned": 1,
        "Workers Launched": 1,
        "Single Copy": false,
        "Plans": [
          {
            "Node Type": "Aggregate",
            "Strategy": "Plain",
            "Partial Mode": "Partial",
            "Parent Relationship": "Outer",
            "Parallel Aware": false,
            "Startup Cost": 678858.24,
            "Total Cost": 678858.25,
            "Plan Rows": 1,
            "Plan Width": 8,
            "Actual Startup Time": 4789.98,
            "Actual Total Time": 4789.983,
            "Actual Rows": 1,
            "Actual Loops": 2,
            "Plans": [
              {
                "Node Type": "Hash Join",
                "Parent Relationship": "Outer",
                "Parallel Aware": true,
                "Join Type": "Inner",
                "Startup Cost": 64261.66,
                "Total Cost": 668981.53,
                "Plan Rows": 3950684,
                "Plan Width": 0,
                "Actual Startup Time": 743.218,
                "Actual Total Time": 4635.238,
                "Actual Rows": 3735793,
                "Actual Loops": 2,
                "Inner Unique": true,
                "Hash Cond": "(ci.movie_id = t.id)",
                "Plans": [
                  {
                    "Node Type": "Seq Scan",
                    "Parent Relationship": "Outer",
                    "Parallel Aware": true,
                    "Relation Name": "cast_info",
                    "Alias": "ci",
                    "Startup Cost": 0.0,
                    "Total Cost": 572345.93,
                    "Plan Rows": 12332911,
                    "Plan Width": 4,
                    "Actual Startup Time": 497.717,
                    "Actual Total Time": 1779.725,
                    "Actual Rows": 11180169,
                    "Actual Loops": 2,
                    "Filter": "((person_id > 420440) AND (role_id > 1))",
                    "Rows Removed by Filter": 6942003
                  },
                  {
                    "Node Type": "Hash",
                    "Parent Relationship": "Inner",
                    "Parallel Aware": true,
                    "Startup Cost": 58306.47,
                    "Total Cost": 58306.47,
                    "Plan Rows": 476415,
                    "Plan Width": 4,
                    "Actual Startup Time": 239.688,
                    "Actual Total Time": 239.689,
                    "Actual Rows": 421509,
                    "Actual Loops": 2,
                    "Hash Buckets": 1048576,
                    "Original Hash Buckets": 1048576,
                    "Hash Batches": 1,
                    "Original Hash Batches": 1,
                    "Peak Memory Usage": 41184,
                    "Plans": [
                      {
                        "Node Type": "Seq Scan",
                        "Parent Relationship": "Outer",
                        "Parallel Aware": true,
                        "Relation Name": "title",
                        "Alias": "t",
                        "Startup Cost": 0.0,
                        "Total Cost": 58306.47,
                        "Plan Rows": 476415,
                        "Plan Width": 4,
                        "Actual Startup Time": 0.027,
                        "Actual Total Time": 146.243,
                        "Actual Rows": 421509,
                        "Actual Loops": 2,
                        "Filter": "((kind_id < 7) AND (production_year < 2011))",
                        "Rows Removed by Filter": 842647
                      }
                    ]
                  }
                ]
              }
            ]
          }
        ]
      }
    ]
  },
  "Planning Time": 0.348,
  "Triggers": [],
  "Execution Time": 4848.911
}