[
    {
        "Bao": {
            "Bao prediction": "NaN",
            "Bao recommended hint": "(no hint)"
        }
    },
    {
        "Plan": {
            "Node Type": "Aggregate",
            "Strategy": "Plain",
            "Partial Mode": "Finalize",
            "Parallel Aware": false,
            "Startup Cost": 347513.04,
            "Total Cost": 347513.05,
            "Plan Rows": 1,
            "Plan Width": 8,
            "Actual Startup Time": 612.478,
            "Actual Total Time": 643.455,
            "Actual Rows": 1,
            "Actual Loops": 1,
            "Output": [
                "count(*)"
            ],
            "Plans": [
                {
                    "Node Type": "Gather",
                    "Parent Relationship": "Outer",
                    "Parallel Aware": false,
                    "Startup Cost": 347512.42,
                    "Total Cost": 347513.03,
                    "Plan Rows": 6,
                    "Plan Width": 8,
                    "Actual Startup Time": 612.382,
                    "Actual Total Time": 643.447,
                    "Actual Rows": 7,
                    "Actual Loops": 1,
                    "Output": [
                        "(PARTIAL count(*))"
                    ],
                    "Workers Planned": 6,
                    "Workers Launched": 6,
                    "Single Copy": false,
                    "Plans": [
                        {
                            "Node Type": "Aggregate",
                            "Strategy": "Plain",
                            "Partial Mode": "Partial",
                            "Parent Relationship": "Outer",
                            "Parallel Aware": false,
                            "Startup Cost": 346512.42,
                            "Total Cost": 346512.43,
                            "Plan Rows": 1,
                            "Plan Width": 8,
                            "Actual Startup Time": 603.035,
                            "Actual Total Time": 603.036,
                            "Actual Rows": 1,
                            "Actual Loops": 7,
                            "Output": [
                                "PARTIAL count(*)"
                            ],
                            "Workers": [
                                {
                                    "Worker Number": 0,
                                    "Actual Startup Time": 601.891,
                                    "Actual Total Time": 601.893,
                                    "Actual Rows": 1,
                                    "Actual Loops": 1
                                },
                                {
                                    "Worker Number": 1,
                                    "Actual Startup Time": 601.89,
                                    "Actual Total Time": 601.892,
                                    "Actual Rows": 1,
                                    "Actual Loops": 1
                                },
                                {
                                    "Worker Number": 2,
                                    "Actual Startup Time": 601.841,
                                    "Actual Total Time": 601.842,
                                    "Actual Rows": 1,
                                    "Actual Loops": 1
                                },
                                {
                                    "Worker Number": 3,
                                    "Actual Startup Time": 601.305,
                                    "Actual Total Time": 601.306,
                                    "Actual Rows": 1,
                                    "Actual Loops": 1
                                },
                                {
                                    "Worker Number": 4,
                                    "Actual Startup Time": 601.552,
                                    "Actual Total Time": 601.553,
                                    "Actual Rows": 1,
                                    "Actual Loops": 1
                                },
                                {
                                    "Worker Number": 5,
                                    "Actual Startup Time": 601.686,
                                    "Actual Total Time": 601.687,
                                    "Actual Rows": 1,
                                    "Actual Loops": 1
                                }
                            ],
                            "Plans": [
                                {
                                    "Node Type": "Seq Scan",
                                    "Parent Relationship": "Outer",
                                    "Parallel Aware": true,
                                    "Relation Name": "cast_info",
                                    "Schema": "public",
                                    "Alias": "ci",
                                    "Startup Cost": 0.0,
                                    "Total Cost": 343318.94,
                                    "Plan Rows": 1277392,
                                    "Plan Width": 0,
                                    "Actual Startup Time": 213.542,
                                    "Actual Total Time": 580.775,
                                    "Actual Rows": 472641,
                                    "Actual Loops": 7,
                                    "Output": [
                                        "id",
                                        "person_id",
                                        "movie_id",
                                        "person_role_id",
                                        "note",
                                        "nr_order",
                                        "role_id"
                                    ],
                                    "Filter": "((ci.person_id < 1168593) AND (ci.role_id > 1))",
                                    "Rows Removed by Filter": 4705122,
                                    "Workers": [
                                        {
                                            "Worker Number": 0,
                                            "Actual Startup Time": 212.984,
                                            "Actual Total Time": 579.539,
                                            "Actual Rows": 324847,
                                            "Actual Loops": 1
                                        },
                                        {
                                            "Worker Number": 1,
                                            "Actual Startup Time": 211.747,
                                            "Actual Total Time": 580.306,
                                            "Actual Rows": 499980,
                                            "Actual Loops": 1
                                        },
                                        {
                                            "Worker Number": 2,
                                            "Actual Startup Time": 212.806,
                                            "Actual Total Time": 580.896,
                                            "Actual Rows": 496230,
                                            "Actual Loops": 1
                                        },
                                        {
                                            "Worker Number": 3,
                                            "Actual Startup Time": 213.176,
                                            "Actual Total Time": 580.191,
                                            "Actual Rows": 494177,
                                            "Actual Loops": 1
                                        },
                                        {
                                            "Worker Number": 4,
                                            "Actual Startup Time": 211.285,
                                            "Actual Total Time": 580.408,
                                            "Actual Rows": 496348,
                                            "Actual Loops": 1
                                        },
                                        {
                                            "Worker Number": 5,
                                            "Actual Startup Time": 212.156,
                                            "Actual Total Time": 579.183,
                                            "Actual Rows": 325948,
                                            "Actual Loops": 1
                                        }
                                    ]
                                }
                            ]
                        }
                    ]
                }
            ]
        },
        "Planning Time": 181.24,
        "Triggers": [],
        "Execution Time": 643.515
    }
]