[
  {
    "Plan": {
      "Node Type": "Aggregate",
      "Strategy": "Plain",
      "Partial Mode": "Finalize",
      "Parallel Aware": false,
      "Startup Cost": 185399.43,
      "Total Cost": 185399.44,
      "Plan Rows": 1,
      "Plan Width": 8,
      "Actual Startup Time": 150.677,
      "Actual Total Time": 160.695,
      "Actual Rows": 1,
      "Actual Loops": 1,
      "Plans": [
        {
          "Node Type": "Gather",
          "Parent Relationship": "Outer",
          "Parallel Aware": false,
          "Startup Cost": 185398.91,
          "Total Cost": 185399.42,
          "Plan Rows": 5,
          "Plan Width": 8,
          "Actual Startup Time": 149.882,
          "Actual Total Time": 160.685,
          "Actual Rows": 6,
          "Actual Loops": 1,
          "Workers Planned": 5,
          "Workers Launched": 5,
          "Single Copy": false,
          "Plans": [
            {
              "Node Type": "Aggregate",
              "Strategy": "Plain",
              "Partial Mode": "Partial",
              "Parent Relationship": "Outer",
              "Parallel Aware": false,
              "Startup Cost": 184398.91,
              "Total Cost": 184398.92,
              "Plan Rows": 1,
              "Plan Width": 8,
              "Actual Startup Time": 140.633,
              "Actual Total Time": 140.634,
              "Actual Rows": 1,
              "Actual Loops": 6,
              "Plans": [
                {
                  "Node Type": "Bitmap Heap Scan",
                  "Parent Relationship": "Outer",
                  "Parallel Aware": true,
                  "Relation Name": "movie_info",
                  "Alias": "mi",
                  "Startup Cost": 19222.98,
                  "Total Cost": 183868.42,
                  "Plan Rows": 212195,
                  "Plan Width": 0,
                  "Actual Startup Time": 53.566,
                  "Actual Total Time": 129.693,
                  "Actual Rows": 167836,
                  "Actual Loops": 6,
                  "Recheck Cond": "(info_type_id > 87)",
                  "Rows Removed by Index Recheck": 0,
                  "Exact Heap Blocks": 10970,
                  "Lossy Heap Blocks": 0,
                  "Plans": [
                    {
                      "Node Type": "Bitmap Index Scan",
                      "Parent Relationship": "Outer",
                      "Parallel Aware": false,
                      "Index Name": "info_type_id_movie_info",
                      "Startup Cost": 0.0,
                      "Total Cost": 18957.74,
                      "Plan Rows": 1060974,
                      "Plan Width": 0,
                      "Actual Startup Time": 56.129,
                      "Actual Total Time": 56.129,
                      "Actual Rows": 1007013,
                      "Actual Loops": 1,
                      "Index Cond": "(info_type_id > 87)"
                    }
                  ]
                }
              ]
            }
          ]
        }
      ]
    },
    "Planning Time": 0.185,
    "Triggers": [],
    "Execution Time": 160.772
  }
]