[
  {
    "Plan": {
      "Node Type": "Aggregate",
      "Strategy": "Plain",
      "Partial Mode": "Finalize",
      "Parallel Aware": false,
      "Startup Cost": 85110.6,
      "Total Cost": 85110.61,
      "Plan Rows": 1,
      "Plan Width": 8,
      "Actual Startup Time": 248.901,
      "Actual Total Time": 264.446,
      "Actual Rows": 1,
      "Actual Loops": 1,
      "Plans": [
        {
          "Node Type": "Gather",
          "Parent Relationship": "Outer",
          "Parallel Aware": false,
          "Startup Cost": 85110.29,
          "Total Cost": 85110.6,
          "Plan Rows": 3,
          "Plan Width": 8,
          "Actual Startup Time": 247.994,
          "Actual Total Time": 264.435,
          "Actual Rows": 4,
          "Actual Loops": 1,
          "Workers Planned": 3,
          "Workers Launched": 3,
          "Single Copy": false,
          "Plans": [
            {
              "Node Type": "Aggregate",
              "Strategy": "Plain",
              "Partial Mode": "Partial",
              "Parent Relationship": "Outer",
              "Parallel Aware": false,
              "Startup Cost": 84110.29,
              "Total Cost": 84110.3,
              "Plan Rows": 1,
              "Plan Width": 8,
              "Actual Startup Time": 242.294,
              "Actual Total Time": 242.298,
              "Actual Rows": 1,
              "Actual Loops": 4,
              "Plans": [
                {
                  "Node Type": "Nested Loop",
                  "Parent Relationship": "Outer",
                  "Parallel Aware": false,
                  "Join Type": "Inner",
                  "Startup Cost": 51214.61,
                  "Total Cost": 84091.89,
                  "Plan Rows": 7358,
                  "Plan Width": 0,
                  "Actual Startup Time": 122.683,
                  "Actual Total Time": 240.188,
                  "Actual Rows": 22684,
                  "Actual Loops": 4,
                  "Inner Unique": false,
                  "Join Filter": "(t.id = mc.movie_id)",
                  "Rows Removed by Join Filter": 0,
                  "Plans": [
                    {
                      "Node Type": "Hash Join",
                      "Parent Relationship": "Outer",
                      "Parallel Aware": true,
                      "Join Type": "Inner",
                      "Startup Cost": 51214.18,
                      "Total Cost": 78623.55,
                      "Plan Rows": 7130,
                      "Plan Width": 8,
                      "Actual Startup Time": 122.56,
                      "Actual Total Time": 207.391,
                      "Actual Rows": 3724,
                      "Actual Loops": 4,
                      "Inner Unique": true,
                      "Hash Cond": "(mk.movie_id = t.id)",
                      "Plans": [
                        {
                          "Node Type": "Bitmap Heap Scan",
                          "Parent Relationship": "Outer",
                          "Parallel Aware": true,
                          "Relation Name": "movie_keyword",
                          "Alias": "mk",
                          "Startup Cost": 12850.83,
                          "Total Cost": 39747.29,
                          "Plan Rows": 195396,
                          "Plan Width": 4,
                          "Actual Startup Time": 68.481,
                          "Actual Total Time": 129.072,
                          "Actual Rows": 152559,
                          "Actual Loops": 4,
                          "Recheck Cond": "(keyword_id > 30252)",
                          "Rows Removed by Index Recheck": 0,
                          "Exact Heap Blocks": 8696,
                          "Lossy Heap Blocks": 0,
                          "Plans": [
                            {
                              "Node Type": "Bitmap Index Scan",
                              "Parent Relationship": "Outer",
                              "Parallel Aware": false,
                              "Index Name": "keyword_id_movie_keyword",
                              "Startup Cost": 0.0,
                              "Total Cost": 12699.4,
                              "Plan Rows": 605729,
                              "Plan Width": 0,
                              "Actual Startup Time": 62.875,
                              "Actual Total Time": 62.876,
                              "Actual Rows": 610237,
                              "Actual Loops": 1,
                              "Index Cond": "(keyword_id > 30252)"
                            }
                          ]
                        },
                        {
                          "Node Type": "Hash",
                          "Parent Relationship": "Inner",
                          "Parallel Aware": true,
                          "Startup Cost": 38075.02,
                          "Total Cost": 38075.02,
                          "Plan Rows": 23066,
                          "Plan Width": 4,
                          "Actual Startup Time": 53.427,
                          "Actual Total Time": 53.429,
                          "Actual Rows": 22664,
                          "Actual Loops": 4,
                          "Hash Buckets": 131072,
                          "Original Hash Buckets": 131072,
                          "Hash Batches": 1,
                          "Original Hash Batches": 1,
                          "Peak Memory Usage": 4640,
                          "Plans": [
                            {
                              "Node Type": "Bitmap Heap Scan",
                              "Parent Relationship": "Outer",
                              "Parallel Aware": true,
                              "Relation Name": "title",
                              "Alias": "t",
                              "Startup Cost": 1720.51,
                              "Total Cost": 38075.02,
                              "Plan Rows": 23066,
                              "Plan Width": 4,
                              "Actual Startup Time": 7.84,
                              "Actual Total Time": 46.274,
                              "Actual Rows": 22664,
                              "Actual Loops": 4,
                              "Recheck Cond": "(kind_id = 2)",
                              "Rows Removed by Index Recheck": 0,
                              "Filter": "(production_year > 1897)",
                              "Rows Removed by Filter": 49,
                              "Exact Heap Blocks": 13758,
                              "Lossy Heap Blocks": 0,
                              "Plans": [
                                {
                                  "Node Type": "Bitmap Index Scan",
                                  "Parent Relationship": "Outer",
                                  "Parallel Aware": false,
                                  "Index Name": "kind_id_title",
                                  "Startup Cost": 0.0,
                                  "Total Cost": 1697.45,
                                  "Plan Rows": 95069,
                                  "Plan Width": 0,
                                  "Actual Startup Time": 8.155,
                                  "Actual Total Time": 8.155,
                                  "Actual Rows": 90852,
                                  "Actual Loops": 1,
                                  "Index Cond": "(kind_id = 2)"
                                }
                              ]
                            }
                          ]
                        }
                      ]
                    },
                    {
                      "Node Type": "Index Only Scan",
                      "Parent Relationship": "Inner",
                      "Parallel Aware": false,
                      "Scan Direction": "Forward",
                      "Index Name": "movie_id_movie_companies",
                      "Relation Name": "movie_companies",
                      "Alias": "mc",
                      "Startup Cost": 0.43,
                      "Total Cost": 0.7,
                      "Plan Rows": 5,
                      "Plan Width": 4,
                      "Actual Startup Time": 0.005,
                      "Actual Total Time": 0.007,
                      "Actual Rows": 6,
                      "Actual Loops": 14896,
                      "Index Cond": "(movie_id = mk.movie_id)",
                      "Rows Removed by Index Recheck": 0,
                      "Heap Fetches": 90738
                    }
                  ]
                }
              ]
            }
          ]
        }
      ]
    },
    "Planning Time": 0.539,
    "Triggers": [],
    "Execution Time": 264.508
  }
]