[
    {
        "Bao": {
            "Bao prediction": "NaN",
            "Bao recommended hint": "(no hint)"
        }
    },
    {
        "Plan": {
            "Node Type": "Aggregate",
            "Strategy": "Plain",
            "Partial Mode": "Finalize",
            "Parallel Aware": false,
            "Startup Cost": 25024.46,
            "Total Cost": 25024.47,
            "Plan Rows": 1,
            "Plan Width": 8,
            "Actual Startup Time": 55.87,
            "Actual Total Time": 60.124,
            "Actual Rows": 1,
            "Actual Loops": 1,
            "Output": [
                "count(*)"
            ],
            "Plans": [
                {
                    "Node Type": "Gather",
                    "Parent Relationship": "Outer",
                    "Parallel Aware": false,
                    "Startup Cost": 25024.15,
                    "Total Cost": 25024.46,
                    "Plan Rows": 3,
                    "Plan Width": 8,
                    "Actual Startup Time": 55.565,
                    "Actual Total Time": 60.113,
                    "Actual Rows": 4,
                    "Actual Loops": 1,
                    "Output": [
                        "(PARTIAL count(*))"
                    ],
                    "Workers Planned": 3,
                    "Workers Launched": 3,
                    "Single Copy": false,
                    "Plans": [
                        {
                            "Node Type": "Aggregate",
                            "Strategy": "Plain",
                            "Partial Mode": "Partial",
                            "Parent Relationship": "Outer",
                            "Parallel Aware": false,
                            "Startup Cost": 24024.15,
                            "Total Cost": 24024.16,
                            "Plan Rows": 1,
                            "Plan Width": 8,
                            "Actual Startup Time": 46.825,
                            "Actual Total Time": 46.827,
                            "Actual Rows": 1,
                            "Actual Loops": 4,
                            "Output": [
                                "PARTIAL count(*)"
                            ],
                            "Workers": [
                                {
                                    "Worker Number": 0,
                                    "Actual Startup Time": 43.793,
                                    "Actual Total Time": 43.795,
                                    "Actual Rows": 1,
                                    "Actual Loops": 1
                                },
                                {
                                    "Worker Number": 1,
                                    "Actual Startup Time": 43.963,
                                    "Actual Total Time": 43.965,
                                    "Actual Rows": 1,
                                    "Actual Loops": 1
                                },
                                {
                                    "Worker Number": 2,
                                    "Actual Startup Time": 44.298,
                                    "Actual Total Time": 44.3,
                                    "Actual Rows": 1,
                                    "Actual Loops": 1
                                }
                            ],
                            "Plans": [
                                {
                                    "Node Type": "Bitmap Heap Scan",
                                    "Parent Relationship": "Outer",
                                    "Parallel Aware": true,
                                    "Relation Name": "movie_companies",
                                    "Schema": "public",
                                    "Alias": "mc",
                                    "Startup Cost": 4278.71,
                                    "Total Cost": 23864.91,
                                    "Plan Rows": 63695,
                                    "Plan Width": 0,
                                    "Actual Startup Time": 13.074,
                                    "Actual Total Time": 42.188,
                                    "Actual Rows": 50198,
                                    "Actual Loops": 4,
                                    "Recheck Cond": "(mc.company_id > 113188)",
                                    "Rows Removed by Index Recheck": 0,
                                    "Exact Heap Blocks": 2270,
                                    "Lossy Heap Blocks": 0,
                                    "Workers": [
                                        {
                                            "Worker Number": 0,
                                            "Actual Startup Time": 10.053,
                                            "Actual Total Time": 39.691,
                                            "Actual Rows": 34030,
                                            "Actual Loops": 1
                                        },
                                        {
                                            "Worker Number": 1,
                                            "Actual Startup Time": 10.236,
                                            "Actual Total Time": 39.863,
                                            "Actual Rows": 34884,
                                            "Actual Loops": 1
                                        },
                                        {
                                            "Worker Number": 2,
                                            "Actual Startup Time": 10.782,
                                            "Actual Total Time": 40.356,
                                            "Actual Rows": 27759,
                                            "Actual Loops": 1
                                        }
                                    ],
                                    "Plans": [
                                        {
                                            "Node Type": "Bitmap Index Scan",
                                            "Parent Relationship": "Outer",
                                            "Parallel Aware": false,
                                            "Index Name": "company_id_movie_companies",
                                            "Startup Cost": 0.0,
                                            "Total Cost": 4229.35,
                                            "Plan Rows": 197456,
                                            "Plan Width": 0,
                                            "Actual Startup Time": 20.278,
                                            "Actual Total Time": 20.278,
                                            "Actual Rows": 200792,
                                            "Actual Loops": 1,
                                            "Index Cond": "(mc.company_id > 113188)"
                                        }
                                    ]
                                }
                            ]
                        }
                    ]
                }
            ]
        },
        "Planning Time": 299.598,
        "Triggers": [],
        "Execution Time": 60.195
    }
]