[
  {
    "Plan": {
      "Node Type": "Aggregate",
      "Strategy": "Plain",
      "Partial Mode": "Finalize",
      "Parallel Aware": false,
      "Startup Cost": 107784.71,
      "Total Cost": 107784.72,
      "Plan Rows": 1,
      "Plan Width": 8,
      "Actual Startup Time": 562.186,
      "Actual Total Time": 581.557,
      "Actual Rows": 1,
      "Actual Loops": 1,
      "Plans": [
        {
          "Node Type": "Gather",
          "Parent Relationship": "Outer",
          "Parallel Aware": false,
          "Startup Cost": 107784.49,
          "Total Cost": 107784.7,
          "Plan Rows": 2,
          "Plan Width": 8,
          "Actual Startup Time": 558.879,
          "Actual Total Time": 581.548,
          "Actual Rows": 3,
          "Actual Loops": 1,
          "Workers Planned": 2,
          "Workers Launched": 2,
          "Single Copy": false,
          "Plans": [
            {
              "Node Type": "Aggregate",
              "Strategy": "Plain",
              "Partial Mode": "Partial",
              "Parent Relationship": "Outer",
              "Parallel Aware": false,
              "Startup Cost": 106784.49,
              "Total Cost": 106784.5,
              "Plan Rows": 1,
              "Plan Width": 8,
              "Actual Startup Time": 550.928,
              "Actual Total Time": 551.027,
              "Actual Rows": 1,
              "Actual Loops": 3,
              "Plans": [
                {
                  "Node Type": "Hash Join",
                  "Parent Relationship": "Outer",
                  "Parallel Aware": true,
                  "Join Type": "Inner",
                  "Startup Cost": 90467.6,
                  "Total Cost": 106576.91,
                  "Plan Rows": 83035,
                  "Plan Width": 0,
                  "Actual Startup Time": 460.727,
                  "Actual Total Time": 536.047,
                  "Actual Rows": 376783,
                  "Actual Loops": 3,
                  "Inner Unique": false,
                  "Hash Cond": "(mi_idx.movie_id = t.id)",
                  "Plans": [
                    {
                      "Node Type": "Seq Scan",
                      "Parent Relationship": "Outer",
                      "Parallel Aware": true,
                      "Relation Name": "movie_info_idx",
                      "Alias": "mi_idx",
                      "Startup Cost": 0.0,
                      "Total Cost": 13685.15,
                      "Plan Rows": 575015,
                      "Plan Width": 4,
                      "Actual Startup Time": 0.015,
                      "Actual Total Time": 38.024,
                      "Actual Rows": 460012,
                      "Actual Loops": 3
                    },
                    {
                      "Node Type": "Hash",
                      "Parent Relationship": "Inner",
                      "Parallel Aware": true,
                      "Startup Cost": 88995.37,
                      "Total Cost": 88995.37,
                      "Plan Rows": 117779,
                      "Plan Width": 8,
                      "Actual Startup Time": 421.48,
                      "Actual Total Time": 421.578,
                      "Actual Rows": 163451,
                      "Actual Loops": 3,
                      "Hash Buckets": 524288,
                      "Original Hash Buckets": 524288,
                      "Hash Batches": 1,
                      "Original Hash Batches": 1,
                      "Peak Memory Usage": 23360,
                      "Plans": [
                        {
                          "Node Type": "Hash Join",
                          "Parent Relationship": "Outer",
                          "Parallel Aware": true,
                          "Join Type": "Inner",
                          "Startup Cost": 46117.29,
                          "Total Cost": 88995.37,
                          "Plan Rows": 117779,
                          "Plan Width": 8,
                          "Actual Startup Time": 188.339,
                          "Actual Total Time": 385.597,
                          "Actual Rows": 163451,
                          "Actual Loops": 3,
                          "Inner Unique": true,
                          "Hash Cond": "(mk.movie_id = t.id)",
                          "Plans": [
                            {
                              "Node Type": "Seq Scan",
                              "Parent Relationship": "Outer",
                              "Parallel Aware": true,
                              "Relation Name": "movie_keyword",
                              "Alias": "mk",
                              "Startup Cost": 0.0,
                              "Total Cost": 39047.32,
                              "Plan Rows": 1459332,
                              "Plan Width": 4,
                              "Actual Startup Time": 0.023,
                              "Actual Total Time": 109.908,
                              "Actual Rows": 1507977,
                              "Actual Loops": 3
                            },
                            {
                              "Node Type": "Hash",
                              "Parent Relationship": "Inner",
                              "Parallel Aware": true,
                              "Startup Cost": 45479.59,
                              "Total Cost": 45479.59,
                              "Plan Rows": 51016,
                              "Plan Width": 4,
                              "Actual Startup Time": 141.895,
                              "Actual Total Time": 141.896,
                              "Actual Rows": 60798,
                              "Actual Loops": 3,
                              "Hash Buckets": 262144,
                              "Original Hash Buckets": 262144,
                              "Hash Batches": 1,
                              "Original Hash Batches": 1,
                              "Peak Memory Usage": 9216,
                              "Plans": [
                                {
                                  "Node Type": "Seq Scan",
                                  "Parent Relationship": "Outer",
                                  "Parallel Aware": true,
                                  "Relation Name": "title",
                                  "Alias": "t",
                                  "Startup Cost": 0.0,
                                  "Total Cost": 45479.59,
                                  "Plan Rows": 51016,
                                  "Plan Width": 4,
                                  "Actual Startup Time": 52.29,
                                  "Actual Total Time": 120.27,
                                  "Actual Rows": 60798,
                                  "Actual Loops": 3,
                                  "Filter": "((production_year > 2007) AND (kind_id = 1))",
                                  "Rows Removed by Filter": 781973
                                }
                              ]
                            }
                          ]
                        }
                      ]
                    }
                  ]
                }
              ]
            }
          ]
        }
      ]
    },
    "Planning Time": 1.386,
    "Triggers": [],
    "Execution Time": 581.637
  }
]