[
  {
    "Plan": {
      "Node Type": "Aggregate",
      "Strategy": "Plain",
      "Partial Mode": "Finalize",
      "Parallel Aware": false,
      "Startup Cost": 55179.65,
      "Total Cost": 55179.66,
      "Plan Rows": 1,
      "Plan Width": 8,
      "Actual Startup Time": 133.02,
      "Actual Total Time": 140.277,
      "Actual Rows": 1,
      "Actual Loops": 1,
      "Plans": [
        {
          "Node Type": "Gather",
          "Parent Relationship": "Outer",
          "Parallel Aware": false,
          "Startup Cost": 55179.43,
          "Total Cost": 55179.64,
          "Plan Rows": 2,
          "Plan Width": 8,
          "Actual Startup Time": 132.206,
          "Actual Total Time": 140.269,
          "Actual Rows": 3,
          "Actual Loops": 1,
          "Workers Planned": 2,
          "Workers Launched": 2,
          "Single Copy": false,
          "Plans": [
            {
              "Node Type": "Aggregate",
              "Strategy": "Plain",
              "Partial Mode": "Partial",
              "Parent Relationship": "Outer",
              "Parallel Aware": false,
              "Startup Cost": 54179.43,
              "Total Cost": 54179.44,
              "Plan Rows": 1,
              "Plan Width": 8,
              "Actual Startup Time": 124.901,
              "Actual Total Time": 124.905,
              "Actual Rows": 1,
              "Actual Loops": 3,
              "Plans": [
                {
                  "Node Type": "Hash Join",
                  "Parent Relationship": "Outer",
                  "Parallel Aware": true,
                  "Join Type": "Inner",
                  "Startup Cost": 38530.31,
                  "Total Cost": 54160.96,
                  "Plan Rows": 7389,
                  "Plan Width": 0,
                  "Actual Startup Time": 86.608,
                  "Actual Total Time": 124.301,
                  "Actual Rows": 12274,
                  "Actual Loops": 3,
                  "Inner Unique": true,
                  "Hash Cond": "(mi_idx.movie_id = t.id)",
                  "Plans": [
                    {
                      "Node Type": "Seq Scan",
                      "Parent Relationship": "Outer",
                      "Parallel Aware": true,
                      "Relation Name": "movie_info_idx",
                      "Alias": "mi_idx",
                      "Startup Cost": 0.0,
                      "Total Cost": 15122.68,
                      "Plan Rows": 193512,
                      "Plan Width": 4,
                      "Actual Startup Time": 0.026,
                      "Actual Total Time": 39.791,
                      "Actual Rows": 153308,
                      "Actual Loops": 3,
                      "Filter": "(info_type_id = 100)",
                      "Rows Removed by Filter": 306703
                    },
                    {
                      "Node Type": "Hash",
                      "Parent Relationship": "Inner",
                      "Parallel Aware": true,
                      "Startup Cost": 38228.62,
                      "Total Cost": 38228.62,
                      "Plan Rows": 24135,
                      "Plan Width": 4,
                      "Actual Startup Time": 60.039,
                      "Actual Total Time": 60.04,
                      "Actual Rows": 33001,
                      "Actual Loops": 3,
                      "Hash Buckets": 131072,
                      "Original Hash Buckets": 131072,
                      "Hash Batches": 1,
                      "Original Hash Batches": 1,
                      "Peak Memory Usage": 4960,
                      "Plans": [
                        {
                          "Node Type": "Bitmap Heap Scan",
                          "Parent Relationship": "Outer",
                          "Parallel Aware": true,
                          "Relation Name": "title",
                          "Alias": "t",
                          "Startup Cost": 1847.27,
                          "Total Cost": 38228.62,
                          "Plan Rows": 24135,
                          "Plan Width": 4,
                          "Actual Startup Time": 16.002,
                          "Actual Total Time": 50.182,
                          "Actual Rows": 33001,
                          "Actual Loops": 3,
                          "Recheck Cond": "(kind_id = 3)",
                          "Rows Removed by Index Recheck": 0,
                          "Filter": "(production_year < 2013)",
                          "Rows Removed by Filter": 511,
                          "Exact Heap Blocks": 8955,
                          "Lossy Heap Blocks": 0,
                          "Plans": [
                            {
                              "Node Type": "Bitmap Index Scan",
                              "Parent Relationship": "Outer",
                              "Parallel Aware": false,
                              "Index Name": "kind_id_title",
                              "Startup Cost": 0.0,
                              "Total Cost": 1823.13,
                              "Plan Rows": 102227,
                              "Plan Width": 0,
                              "Actual Startup Time": 15.354,
                              "Actual Total Time": 15.354,
                              "Actual Rows": 100537,
                              "Actual Loops": 1,
                              "Index Cond": "(kind_id = 3)"
                            }
                          ]
                        }
                      ]
                    }
                  ]
                }
              ]
            }
          ]
        }
      ]
    },
    "Planning Time": 0.614,
    "Triggers": [],
    "Execution Time": 140.366
  }
]