[
  {
    "Plan": {
      "Node Type": "Aggregate",
      "Strategy": "Plain",
      "Partial Mode": "Finalize",
      "Parallel Aware": false,
      "Startup Cost": 46503.3,
      "Total Cost": 46503.31,
      "Plan Rows": 1,
      "Plan Width": 8,
      "Actual Startup Time": 100.45,
      "Actual Total Time": 113.206,
      "Actual Rows": 1,
      "Actual Loops": 1,
      "Plans": [
        {
          "Node Type": "Gather",
          "Parent Relationship": "Outer",
          "Parallel Aware": false,
          "Startup Cost": 46502.88,
          "Total Cost": 46503.29,
          "Plan Rows": 4,
          "Plan Width": 8,
          "Actual Startup Time": 100.082,
          "Actual Total Time": 113.192,
          "Actual Rows": 5,
          "Actual Loops": 1,
          "Workers Planned": 4,
          "Workers Launched": 4,
          "Single Copy": false,
          "Plans": [
            {
              "Node Type": "Aggregate",
              "Strategy": "Plain",
              "Partial Mode": "Partial",
              "Parent Relationship": "Outer",
              "Parallel Aware": false,
              "Startup Cost": 45502.88,
              "Total Cost": 45502.89,
              "Plan Rows": 1,
              "Plan Width": 8,
              "Actual Startup Time": 92.607,
              "Actual Total Time": 92.609,
              "Actual Rows": 1,
              "Actual Loops": 5,
              "Plans": [
                {
                  "Node Type": "Seq Scan",
                  "Parent Relationship": "Outer",
                  "Parallel Aware": true,
                  "Relation Name": "title",
                  "Alias": "t",
                  "Startup Cost": 0.0,
                  "Total Cost": 45479.59,
                  "Plan Rows": 9316,
                  "Plan Width": 0,
                  "Actual Startup Time": 0.057,
                  "Actual Total Time": 91.677,
                  "Actual Rows": 8477,
                  "Actual Loops": 5,
                  "Filter": "((kind_id > 4) AND (production_year = 2002))",
                  "Rows Removed by Filter": 497185
                }
              ]
            }
          ]
        }
      ]
    },
    "Planning Time": 0.143,
    "Triggers": [],
    "Execution Time": 113.256
  }
]