{
  "Plan": {
    "Node Type": "Aggregate",
    "Strategy": "Plain",
    "Partial Mode": "Finalize",
    "Parallel Aware": false,
    "Startup Cost": 154437.58,
    "Total Cost": 154437.59,
    "Plan Rows": 1,
    "Plan Width": 8,
    "Actual Startup Time": 529.555,
    "Actual Total Time": 575.859,
    "Actual Rows": 1,
    "Actual Loops": 1,
    "Plans": [
      {
        "Node Type": "Gather",
        "Parent Relationship": "Outer",
        "Parallel Aware": false,
        "Startup Cost": 154437.47,
        "Total Cost": 154437.58,
        "Plan Rows": 1,
        "Plan Width": 8,
        "Actual Startup Time": 529.05,
        "Actual Total Time": 575.849,
        "Actual Rows": 2,
        "Actual Loops": 1,
        "Workers Planned": 1,
        "Workers Launched": 1,
        "Single Copy": false,
        "Plans": [
          {
            "Node Type": "Aggregate",
            "Strategy": "Plain",
            "Partial Mode": "Partial",
            "Parent Relationship": "Outer",
            "Parallel Aware": false,
            "Startup Cost": 153437.47,
            "Total Cost": 153437.48,
            "Plan Rows": 1,
            "Plan Width": 8,
            "Actual Startup Time": 522.843,
            "Actual Total Time": 522.847,
            "Actual Rows": 1,
            "Actual Loops": 2,
            "Plans": [
              {
                "Node Type": "Nested Loop",
                "Parent Relationship": "Outer",
                "Parallel Aware": false,
                "Join Type": "Inner",
                "Startup Cost": 55488.6,
                "Total Cost": 153297.92,
                "Plan Rows": 55819,
                "Plan Width": 0,
                "Actual Startup Time": 157.884,
                "Actual Total Time": 518.326,
                "Actual Rows": 79513,
                "Actual Loops": 2,
                "Inner Unique": false,
                "Join Filter": "(t.id = mi.movie_id)",
                "Rows Removed by Join Filter": 0,
                "Plans": [
                  {
                    "Node Type": "Hash Join",
                    "Parent Relationship": "Outer",
                    "Parallel Aware": true,
                    "Join Type": "Inner",
                    "Startup Cost": 55488.16,
                    "Total Cost": 73671.95,
                    "Plan Rows": 39290,
                    "Plan Width": 8,
                    "Actual Startup Time": 157.687,
                    "Actual Total Time": 280.594,
                    "Actual Rows": 29300,
                    "Actual Loops": 2,
                    "Inner Unique": true,
                    "Hash Cond": "(mi_idx.movie_id = t.id)",
                    "Plans": [
                      {
                        "Node Type": "Seq Scan",
                        "Parent Relationship": "Outer",
                        "Parallel Aware": true,
                        "Relation Name": "movie_info_idx",
                        "Alias": "mi_idx",
                        "Startup Cost": 0.0,
                        "Total Cost": 16052.85,
                        "Plan Rows": 811785,
                        "Plan Width": 4,
                        "Actual Startup Time": 0.023,
                        "Actual Total Time": 47.194,
                        "Actual Rows": 690018,
                        "Actual Loops": 2
                      },
                      {
                        "Node Type": "Hash",
                        "Parent Relationship": "Inner",
                        "Parallel Aware": true,
                        "Startup Cost": 54588.39,
                        "Total Cost": 54588.39,
                        "Plan Rows": 71982,
                        "Plan Width": 4,
                        "Actual Startup Time": 155.764,
                        "Actual Total Time": 155.765,
                        "Actual Rows": 61430,
                        "Actual Loops": 2,
                        "Hash Buckets": 131072,
                        "Original Hash Buckets": 131072,
                        "Hash Batches": 1,
                        "Original Hash Batches": 1,
                        "Peak Memory Usage": 5856,
                        "Plans": [
                          {
                            "Node Type": "Seq Scan",
                            "Parent Relationship": "Outer",
                            "Parallel Aware": true,
                            "Relation Name": "title",
                            "Alias": "t",
                            "Startup Cost": 0.0,
                            "Total Cost": 54588.39,
                            "Plan Rows": 71982,
                            "Plan Width": 4,
                            "Actual Startup Time": 0.034,
                            "Actual Total Time": 139.365,
                            "Actual Rows": 61430,
                            "Actual Loops": 2,
                            "Filter": "(production_year = 2008)",
                            "Rows Removed by Filter": 1202726
                          }
                        ]
                      }
                    ]
                  },
                  {
                    "Node Type": "Index Scan",
                    "Parent Relationship": "Inner",
                    "Parallel Aware": false,
                    "Scan Direction": "Forward",
                    "Index Name": "movie_id_movie_info",
                    "Relation Name": "movie_info",
                    "Alias": "mi",
                    "Startup Cost": 0.43,
                    "Total Cost": 1.9,
                    "Plan Rows": 10,
                    "Plan Width": 4,
                    "Actual Startup Time": 0.004,
                    "Actual Total Time": 0.008,
                    "Actual Rows": 3,
                    "Actual Loops": 58600,
                    "Index Cond": "(movie_id = mi_idx.movie_id)",
                    "Rows Removed by Index Recheck": 0,
                    "Filter": "(info_type_id < 4)",
                    "Rows Removed by Filter": 12
                  }
                ]
              }
            ]
          }
        ]
      }
    ]
  },
  "Planning Time": 0.964,
  "Triggers": [],
  "Execution Time": 575.951
}