[
  {
    "Plan": {
      "Node Type": "Aggregate",
      "Strategy": "Plain",
      "Partial Mode": "Finalize",
      "Parallel Aware": false,
      "Startup Cost": 80691.25,
      "Total Cost": 80691.26,
      "Plan Rows": 1,
      "Plan Width": 8,
      "Actual Startup Time": 331.02,
      "Actual Total Time": 347.166,
      "Actual Rows": 1,
      "Actual Loops": 1,
      "Plans": [
        {
          "Node Type": "Gather",
          "Parent Relationship": "Outer",
          "Parallel Aware": false,
          "Startup Cost": 80690.83,
          "Total Cost": 80691.24,
          "Plan Rows": 4,
          "Plan Width": 8,
          "Actual Startup Time": 328.31,
          "Actual Total Time": 347.155,
          "Actual Rows": 5,
          "Actual Loops": 1,
          "Workers Planned": 4,
          "Workers Launched": 4,
          "Single Copy": false,
          "Plans": [
            {
              "Node Type": "Aggregate",
              "Strategy": "Plain",
              "Partial Mode": "Partial",
              "Parent Relationship": "Outer",
              "Parallel Aware": false,
              "Startup Cost": 79690.83,
              "Total Cost": 79690.84,
              "Plan Rows": 1,
              "Plan Width": 8,
              "Actual Startup Time": 318.788,
              "Actual Total Time": 318.791,
              "Actual Rows": 1,
              "Actual Loops": 5,
              "Plans": [
                {
                  "Node Type": "Hash Join",
                  "Parent Relationship": "Outer",
                  "Parallel Aware": true,
                  "Join Type": "Inner",
                  "Startup Cost": 33808.17,
                  "Total Cost": 79507.31,
                  "Plan Rows": 73407,
                  "Plan Width": 0,
                  "Actual Startup Time": 140.671,
                  "Actual Total Time": 314.14,
                  "Actual Rows": 98065,
                  "Actual Loops": 5,
                  "Inner Unique": false,
                  "Hash Cond": "(t.id = mc.movie_id)",
                  "Plans": [
                    {
                      "Node Type": "Seq Scan",
                      "Parent Relationship": "Outer",
                      "Parallel Aware": true,
                      "Relation Name": "title",
                      "Alias": "t",
                      "Startup Cost": 0.0,
                      "Total Cost": 43898.92,
                      "Plan Rows": 312686,
                      "Plan Width": 4,
                      "Actual Startup Time": 0.016,
                      "Actual Total Time": 80.592,
                      "Actual Rows": 252740,
                      "Actual Loops": 5,
                      "Filter": "(production_year < 2004)",
                      "Rows Removed by Filter": 252922
                    },
                    {
                      "Node Type": "Hash",
                      "Parent Relationship": "Inner",
                      "Parallel Aware": true,
                      "Startup Cost": 31414.82,
                      "Total Cost": 31414.82,
                      "Plan Rows": 191468,
                      "Plan Width": 4,
                      "Actual Startup Time": 136.298,
                      "Actual Total Time": 136.299,
                      "Actual Rows": 175115,
                      "Actual Loops": 5,
                      "Hash Buckets": 1048576,
                      "Original Hash Buckets": 1048576,
                      "Hash Batches": 1,
                      "Original Hash Batches": 1,
                      "Peak Memory Usage": 42496,
                      "Plans": [
                        {
                          "Node Type": "Seq Scan",
                          "Parent Relationship": "Outer",
                          "Parallel Aware": true,
                          "Relation Name": "movie_companies",
                          "Alias": "mc",
                          "Startup Cost": 0.0,
                          "Total Cost": 31414.82,
                          "Plan Rows": 191468,
                          "Plan Width": 4,
                          "Actual Startup Time": 45.129,
                          "Actual Total Time": 79.165,
                          "Actual Rows": 175115,
                          "Actual Loops": 5,
                          "Filter": "((company_id > 12784) AND (company_type_id = 2))",
                          "Rows Removed by Filter": 346711
                        }
                      ]
                    }
                  ]
                }
              ]
            }
          ]
        }
      ]
    },
    "Planning Time": 0.593,
    "Triggers": [],
    "Execution Time": 347.235
  }
]