[
  {
    "Plan": {
      "Node Type": "Aggregate",
      "Strategy": "Plain",
      "Partial Mode": "Finalize",
      "Parallel Aware": false,
      "Startup Cost": 42965.73,
      "Total Cost": 42965.74,
      "Plan Rows": 1,
      "Plan Width": 8,
      "Actual Startup Time": 129.151,
      "Actual Total Time": 149.939,
      "Actual Rows": 1,
      "Actual Loops": 1,
      "Plans": [
        {
          "Node Type": "Gather",
          "Parent Relationship": "Outer",
          "Parallel Aware": false,
          "Startup Cost": 42965.51,
          "Total Cost": 42965.72,
          "Plan Rows": 2,
          "Plan Width": 8,
          "Actual Startup Time": 128.878,
          "Actual Total Time": 149.93,
          "Actual Rows": 3,
          "Actual Loops": 1,
          "Workers Planned": 2,
          "Workers Launched": 2,
          "Single Copy": false,
          "Plans": [
            {
              "Node Type": "Aggregate",
              "Strategy": "Plain",
              "Partial Mode": "Partial",
              "Parent Relationship": "Outer",
              "Parallel Aware": false,
              "Startup Cost": 41965.51,
              "Total Cost": 41965.52,
              "Plan Rows": 1,
              "Plan Width": 8,
              "Actual Startup Time": 120.889,
              "Actual Total Time": 120.891,
              "Actual Rows": 1,
              "Actual Loops": 3,
              "Plans": [
                {
                  "Node Type": "Nested Loop",
                  "Parent Relationship": "Outer",
                  "Parallel Aware": false,
                  "Join Type": "Inner",
                  "Startup Cost": 176.41,
                  "Total Cost": 41964.59,
                  "Plan Rows": 368,
                  "Plan Width": 0,
                  "Actual Startup Time": 11.688,
                  "Actual Total Time": 120.586,
                  "Actual Rows": 3397,
                  "Actual Loops": 3,
                  "Inner Unique": false,
                  "Plans": [
                    {
                      "Node Type": "Nested Loop",
                      "Parent Relationship": "Outer",
                      "Parallel Aware": false,
                      "Join Type": "Inner",
                      "Startup Cost": 175.97,
                      "Total Cost": 40028.0,
                      "Plan Rows": 600,
                      "Plan Width": 8,
                      "Actual Startup Time": 11.245,
                      "Actual Total Time": 39.742,
                      "Actual Rows": 1259,
                      "Actual Loops": 3,
                      "Inner Unique": true,
                      "Plans": [
                        {
                          "Node Type": "Bitmap Heap Scan",
                          "Parent Relationship": "Outer",
                          "Parallel Aware": true,
                          "Relation Name": "movie_keyword",
                          "Alias": "mk",
                          "Startup Cost": 175.54,
                          "Total Cost": 16952.14,
                          "Plan Rows": 3393,
                          "Plan Width": 4,
                          "Actual Startup Time": 5.127,
                          "Actual Total Time": 15.967,
                          "Actual Rows": 3075,
                          "Actual Loops": 3,
                          "Recheck Cond": "(keyword_id = 875)",
                          "Rows Removed by Index Recheck": 0,
                          "Exact Heap Blocks": 3881,
                          "Lossy Heap Blocks": 0,
                          "Plans": [
                            {
                              "Node Type": "Bitmap Index Scan",
                              "Parent Relationship": "Outer",
                              "Parallel Aware": false,
                              "Index Name": "keyword_id_movie_keyword",
                              "Startup Cost": 0.0,
                              "Total Cost": 173.5,
                              "Plan Rows": 8143,
                              "Plan Width": 0,
                              "Actual Startup Time": 8.517,
                              "Actual Total Time": 8.517,
                              "Actual Rows": 9226,
                              "Actual Loops": 1,
                              "Index Cond": "(keyword_id = 875)"
                            }
                          ]
                        },
                        {
                          "Node Type": "Index Scan",
                          "Parent Relationship": "Inner",
                          "Parallel Aware": false,
                          "Scan Direction": "Forward",
                          "Index Name": "title_pkey",
                          "Relation Name": "title",
                          "Alias": "t",
                          "Startup Cost": 0.43,
                          "Total Cost": 6.8,
                          "Plan Rows": 1,
                          "Plan Width": 4,
                          "Actual Startup Time": 0.007,
                          "Actual Total Time": 0.007,
                          "Actual Rows": 0,
                          "Actual Loops": 9226,
                          "Index Cond": "(id = mk.movie_id)",
                          "Rows Removed by Index Recheck": 0,
                          "Filter": "((kind_id < 2) AND (production_year > 1992))",
                          "Rows Removed by Filter": 1
                        }
                      ]
                    },
                    {
                      "Node Type": "Index Scan",
                      "Parent Relationship": "Inner",
                      "Parallel Aware": false,
                      "Scan Direction": "Forward",
                      "Index Name": "movie_id_movie_info",
                      "Relation Name": "movie_info",
                      "Alias": "mi",
                      "Startup Cost": 0.43,
                      "Total Cost": 3.19,
                      "Plan Rows": 4,
                      "Plan Width": 4,
                      "Actual Startup Time": 0.063,
                      "Actual Total Time": 0.064,
                      "Actual Rows": 3,
                      "Actual Loops": 3776,
                      "Index Cond": "(movie_id = t.id)",
                      "Rows Removed by Index Recheck": 0,
                      "Filter": "(info_type_id = 3)",
                      "Rows Removed by Filter": 84
                    }
                  ]
                }
              ]
            }
          ]
        }
      ]
    },
    "Planning Time": 1.412,
    "Triggers": [],
    "Execution Time": 150.059
  }
]