[
  {
    "Plan": {
      "Node Type": "Aggregate",
      "Strategy": "Plain",
      "Partial Mode": "Finalize",
      "Parallel Aware": false,
      "Startup Cost": 42002.63,
      "Total Cost": 42002.64,
      "Plan Rows": 1,
      "Plan Width": 8,
      "Actual Startup Time": 141.015,
      "Actual Total Time": 149.062,
      "Actual Rows": 1,
      "Actual Loops": 1,
      "Plans": [
        {
          "Node Type": "Gather",
          "Parent Relationship": "Outer",
          "Parallel Aware": false,
          "Startup Cost": 42002.31,
          "Total Cost": 42002.62,
          "Plan Rows": 3,
          "Plan Width": 8,
          "Actual Startup Time": 140.767,
          "Actual Total Time": 149.054,
          "Actual Rows": 4,
          "Actual Loops": 1,
          "Workers Planned": 3,
          "Workers Launched": 3,
          "Single Copy": false,
          "Plans": [
            {
              "Node Type": "Aggregate",
              "Strategy": "Plain",
              "Partial Mode": "Partial",
              "Parent Relationship": "Outer",
              "Parallel Aware": false,
              "Startup Cost": 41002.31,
              "Total Cost": 41002.32,
              "Plan Rows": 1,
              "Plan Width": 8,
              "Actual Startup Time": 132.189,
              "Actual Total Time": 132.19,
              "Actual Rows": 1,
              "Actual Loops": 4,
              "Plans": [
                {
                  "Node Type": "Bitmap Heap Scan",
                  "Parent Relationship": "Outer",
                  "Parallel Aware": true,
                  "Relation Name": "movie_keyword",
                  "Alias": "mk",
                  "Startup Cost": 13474.95,
                  "Total Cost": 40490.09,
                  "Plan Rows": 204891,
                  "Plan Width": 0,
                  "Actual Startup Time": 51.733,
                  "Actual Total Time": 123.694,
                  "Actual Rows": 154187,
                  "Actual Loops": 4,
                  "Recheck Cond": "(keyword_id > 29573)",
                  "Rows Removed by Index Recheck": 0,
                  "Exact Heap Blocks": 10296,
                  "Lossy Heap Blocks": 0,
                  "Plans": [
                    {
                      "Node Type": "Bitmap Index Scan",
                      "Parent Relationship": "Outer",
                      "Parallel Aware": false,
                      "Index Name": "keyword_id_movie_keyword",
                      "Startup Cost": 0.0,
                      "Total Cost": 13316.16,
                      "Plan Rows": 635163,
                      "Plan Width": 0,
                      "Actual Startup Time": 56.036,
                      "Actual Total Time": 56.037,
                      "Actual Rows": 616748,
                      "Actual Loops": 1,
                      "Index Cond": "(keyword_id > 29573)"
                    }
                  ]
                }
              ]
            }
          ]
        }
      ]
    },
    "Planning Time": 0.155,
    "Triggers": [],
    "Execution Time": 149.133
  }
]