[
  {
    "Plan": {
      "Node Type": "Aggregate",
      "Strategy": "Plain",
      "Partial Mode": "Finalize",
      "Parallel Aware": false,
      "Startup Cost": 79708.91,
      "Total Cost": 79708.92,
      "Plan Rows": 1,
      "Plan Width": 8,
      "Actual Startup Time": 311.229,
      "Actual Total Time": 326.696,
      "Actual Rows": 1,
      "Actual Loops": 1,
      "Plans": [
        {
          "Node Type": "Gather",
          "Parent Relationship": "Outer",
          "Parallel Aware": false,
          "Startup Cost": 79708.59,
          "Total Cost": 79708.9,
          "Plan Rows": 3,
          "Plan Width": 8,
          "Actual Startup Time": 309.203,
          "Actual Total Time": 326.687,
          "Actual Rows": 4,
          "Actual Loops": 1,
          "Workers Planned": 3,
          "Workers Launched": 3,
          "Single Copy": false,
          "Plans": [
            {
              "Node Type": "Aggregate",
              "Strategy": "Plain",
              "Partial Mode": "Partial",
              "Parent Relationship": "Outer",
              "Parallel Aware": false,
              "Startup Cost": 78708.59,
              "Total Cost": 78708.6,
              "Plan Rows": 1,
              "Plan Width": 8,
              "Actual Startup Time": 300.253,
              "Actual Total Time": 300.256,
              "Actual Rows": 1,
              "Actual Loops": 4,
              "Plans": [
                {
                  "Node Type": "Hash Join",
                  "Parent Relationship": "Outer",
                  "Parallel Aware": true,
                  "Join Type": "Inner",
                  "Startup Cost": 46954.27,
                  "Total Cost": 78339.67,
                  "Plan Rows": 147569,
                  "Plan Width": 0,
                  "Actual Startup Time": 158.243,
                  "Actual Total Time": 293.984,
                  "Actual Rows": 161268,
                  "Actual Loops": 4,
                  "Inner Unique": true,
                  "Hash Cond": "(mc.movie_id = t.id)",
                  "Plans": [
                    {
                      "Node Type": "Seq Scan",
                      "Parent Relationship": "Outer",
                      "Parallel Aware": true,
                      "Relation Name": "movie_companies",
                      "Alias": "mc",
                      "Startup Cost": 0.0,
                      "Total Cost": 29310.68,
                      "Plan Rows": 790366,
                      "Plan Width": 4,
                      "Actual Startup Time": 0.027,
                      "Actual Total Time": 69.929,
                      "Actual Rows": 611755,
                      "Actual Loops": 4,
                      "Filter": "(company_id > 27)",
                      "Rows Removed by Filter": 40528
                    },
                    {
                      "Node Type": "Hash",
                      "Parent Relationship": "Inner",
                      "Parallel Aware": true,
                      "Startup Cost": 45479.1,
                      "Total Cost": 45479.1,
                      "Plan Rows": 118014,
                      "Plan Width": 4,
                      "Actual Startup Time": 130.435,
                      "Actual Total Time": 130.436,
                      "Actual Rows": 86421,
                      "Actual Loops": 4,
                      "Hash Buckets": 524288,
                      "Original Hash Buckets": 524288,
                      "Hash Batches": 1,
                      "Original Hash Batches": 1,
                      "Peak Memory Usage": 17696,
                      "Plans": [
                        {
                          "Node Type": "Seq Scan",
                          "Parent Relationship": "Outer",
                          "Parallel Aware": true,
                          "Relation Name": "title",
                          "Alias": "t",
                          "Startup Cost": 0.0,
                          "Total Cost": 45479.1,
                          "Plan Rows": 118014,
                          "Plan Width": 4,
                          "Actual Startup Time": 48.82,
                          "Actual Total Time": 103.328,
                          "Actual Rows": 86421,
                          "Actual Loops": 4,
                          "Filter": "((production_year > 1988) AND (kind_id = 1))",
                          "Rows Removed by Filter": 545657
                        }
                      ]
                    }
                  ]
                }
              ]
            }
          ]
        }
      ]
    },
    "Planning Time": 0.694,
    "Triggers": [],
    "Execution Time": 326.776
  }
]