[
  {
    "Plan": {
      "Node Type": "Aggregate",
      "Strategy": "Plain",
      "Partial Mode": "Finalize",
      "Parallel Aware": false,
      "Startup Cost": 47215.21,
      "Total Cost": 47215.22,
      "Plan Rows": 1,
      "Plan Width": 8,
      "Actual Startup Time": 175.638,
      "Actual Total Time": 185.081,
      "Actual Rows": 1,
      "Actual Loops": 1,
      "Plans": [
        {
          "Node Type": "Gather",
          "Parent Relationship": "Outer",
          "Parallel Aware": false,
          "Startup Cost": 47214.89,
          "Total Cost": 47215.2,
          "Plan Rows": 3,
          "Plan Width": 8,
          "Actual Startup Time": 175.487,
          "Actual Total Time": 185.071,
          "Actual Rows": 4,
          "Actual Loops": 1,
          "Workers Planned": 3,
          "Workers Launched": 3,
          "Single Copy": false,
          "Plans": [
            {
              "Node Type": "Aggregate",
              "Strategy": "Plain",
              "Partial Mode": "Partial",
              "Parent Relationship": "Outer",
              "Parallel Aware": false,
              "Startup Cost": 46214.89,
              "Total Cost": 46214.9,
              "Plan Rows": 1,
              "Plan Width": 8,
              "Actual Startup Time": 169.841,
              "Actual Total Time": 169.842,
              "Actual Rows": 1,
              "Actual Loops": 4,
              "Plans": [
                {
                  "Node Type": "Seq Scan",
                  "Parent Relationship": "Outer",
                  "Parallel Aware": true,
                  "Relation Name": "movie_keyword",
                  "Alias": "mk",
                  "Startup Cost": 0.0,
                  "Total Cost": 42695.65,
                  "Plan Rows": 1407696,
                  "Plan Width": 0,
                  "Actual Startup Time": 0.052,
                  "Actual Total Time": 122.435,
                  "Actual Rows": 1092521,
                  "Actual Loops": 4,
                  "Filter": "(keyword_id < 73445)",
                  "Rows Removed by Filter": 38461
                }
              ]
            }
          ]
        }
      ]
    },
    "Planning Time": 0.158,
    "Triggers": [],
    "Execution Time": 185.132
  }
]