[
  {
    "Plan": {
      "Node Type": "Aggregate",
      "Strategy": "Plain",
      "Partial Mode": "Finalize",
      "Parallel Aware": false,
      "Startup Cost": 129522.16,
      "Total Cost": 129522.17,
      "Plan Rows": 1,
      "Plan Width": 8,
      "Actual Startup Time": 916.787,
      "Actual Total Time": 938.398,
      "Actual Rows": 1,
      "Actual Loops": 1,
      "Plans": [
        {
          "Node Type": "Gather",
          "Parent Relationship": "Outer",
          "Parallel Aware": false,
          "Startup Cost": 129521.84,
          "Total Cost": 129522.15,
          "Plan Rows": 3,
          "Plan Width": 8,
          "Actual Startup Time": 910.52,
          "Actual Total Time": 938.389,
          "Actual Rows": 4,
          "Actual Loops": 1,
          "Workers Planned": 3,
          "Workers Launched": 3,
          "Single Copy": false,
          "Plans": [
            {
              "Node Type": "Aggregate",
              "Strategy": "Plain",
              "Partial Mode": "Partial",
              "Parent Relationship": "Outer",
              "Parallel Aware": false,
              "Startup Cost": 128521.84,
              "Total Cost": 128521.85,
              "Plan Rows": 1,
              "Plan Width": 8,
              "Actual Startup Time": 901.194,
              "Actual Total Time": 901.574,
              "Actual Rows": 1,
              "Actual Loops": 4,
              "Plans": [
                {
                  "Node Type": "Hash Join",
                  "Parent Relationship": "Outer",
                  "Parallel Aware": true,
                  "Join Type": "Inner",
                  "Startup Cost": 82111.28,
                  "Total Cost": 127576.47,
                  "Plan Rows": 378149,
                  "Plan Width": 0,
                  "Actual Startup Time": 529.804,
                  "Actual Total Time": 843.131,
                  "Actual Rows": 1545474,
                  "Actual Loops": 4,
                  "Inner Unique": false,
                  "Hash Cond": "(mk.movie_id = t.id)",
                  "Plans": [
                    {
                      "Node Type": "Seq Scan",
                      "Parent Relationship": "Outer",
                      "Parallel Aware": true,
                      "Relation Name": "movie_keyword",
                      "Alias": "mk",
                      "Startup Cost": 0.0,
                      "Total Cost": 39047.32,
                      "Plan Rows": 1459332,
                      "Plan Width": 4,
                      "Actual Startup Time": 0.031,
                      "Actual Total Time": 86.653,
                      "Actual Rows": 1130982,
                      "Actual Loops": 4
                    },
                    {
                      "Node Type": "Hash",
                      "Parent Relationship": "Inner",
                      "Parallel Aware": true,
                      "Startup Cost": 80063.96,
                      "Total Cost": 80063.96,
                      "Plan Rows": 163786,
                      "Plan Width": 8,
                      "Actual Startup Time": 524.342,
                      "Actual Total Time": 524.72,
                      "Actual Rows": 226492,
                      "Actual Loops": 4,
                      "Hash Buckets": 1048576,
                      "Original Hash Buckets": 1048576,
                      "Hash Batches": 1,
                      "Original Hash Batches": 1,
                      "Peak Memory Usage": 43680,
                      "Plans": [
                        {
                          "Node Type": "Hash Join",
                          "Parent Relationship": "Outer",
                          "Parallel Aware": true,
                          "Join Type": "Inner",
                          "Startup Cost": 34056.52,
                          "Total Cost": 80063.96,
                          "Plan Rows": 163786,
                          "Plan Width": 8,
                          "Actual Startup Time": 163.094,
                          "Actual Total Time": 447.937,
                          "Actual Rows": 226492,
                          "Actual Loops": 4,
                          "Inner Unique": false,
                          "Hash Cond": "(t.id = mc.movie_id)",
                          "Plans": [
                            {
                              "Node Type": "Seq Scan",
                              "Parent Relationship": "Outer",
                              "Parallel Aware": true,
                              "Relation Name": "title",
                              "Alias": "t",
                              "Startup Cost": 0.0,
                              "Total Cost": 42318.73,
                              "Plan Rows": 632073,
                              "Plan Width": 4,
                              "Actual Startup Time": 0.011,
                              "Actual Total Time": 76.118,
                              "Actual Rows": 632078,
                              "Actual Loops": 4
                            },
                            {
                              "Node Type": "Hash",
                              "Parent Relationship": "Inner",
                              "Parallel Aware": true,
                              "Startup Cost": 31414.82,
                              "Total Cost": 31414.82,
                              "Plan Rows": 211336,
                              "Plan Width": 4,
                              "Actual Startup Time": 160.284,
                              "Actual Total Time": 160.285,
                              "Actual Rows": 226492,
                              "Actual Loops": 4,
                              "Hash Buckets": 1048576,
                              "Original Hash Buckets": 1048576,
                              "Hash Batches": 1,
                              "Original Hash Batches": 1,
                              "Peak Memory Usage": 43680,
                              "Plans": [
                                {
                                  "Node Type": "Seq Scan",
                                  "Parent Relationship": "Outer",
                                  "Parallel Aware": true,
                                  "Relation Name": "movie_companies",
                                  "Alias": "mc",
                                  "Startup Cost": 0.0,
                                  "Total Cost": 31414.82,
                                  "Plan Rows": 211336,
                                  "Plan Width": 4,
                                  "Actual Startup Time": 48.623,
                                  "Actual Total Time": 87.866,
                                  "Actual Rows": 226492,
                                  "Actual Loops": 4,
                                  "Filter": "((company_id > 11354) AND (company_type_id > 1))",
                                  "Rows Removed by Filter": 425790
                                }
                              ]
                            }
                          ]
                        }
                      ]
                    }
                  ]
                }
              ]
            }
          ]
        }
      ]
    },
    "Planning Time": 1.349,
    "Triggers": [],
    "Execution Time": 938.507
  }
]