[
  {
    "Plan": {
      "Node Type": "Aggregate",
      "Strategy": "Plain",
      "Partial Mode": "Finalize",
      "Parallel Aware": false,
      "Startup Cost": 205610.09,
      "Total Cost": 205610.1,
      "Plan Rows": 1,
      "Plan Width": 8,
      "Actual Startup Time": 314.219,
      "Actual Total Time": 336.293,
      "Actual Rows": 1,
      "Actual Loops": 1,
      "Plans": [
        {
          "Node Type": "Gather",
          "Parent Relationship": "Outer",
          "Parallel Aware": false,
          "Startup Cost": 205609.47,
          "Total Cost": 205610.08,
          "Plan Rows": 6,
          "Plan Width": 8,
          "Actual Startup Time": 314.068,
          "Actual Total Time": 336.273,
          "Actual Rows": 7,
          "Actual Loops": 1,
          "Workers Planned": 6,
          "Workers Launched": 6,
          "Single Copy": false,
          "Plans": [
            {
              "Node Type": "Aggregate",
              "Strategy": "Plain",
              "Partial Mode": "Partial",
              "Parent Relationship": "Outer",
              "Parallel Aware": false,
              "Startup Cost": 204609.47,
              "Total Cost": 204609.48,
              "Plan Rows": 1,
              "Plan Width": 8,
              "Actual Startup Time": 305.694,
              "Actual Total Time": 305.696,
              "Actual Rows": 1,
              "Actual Loops": 7,
              "Plans": [
                {
                  "Node Type": "Index Scan",
                  "Parent Relationship": "Outer",
                  "Parallel Aware": true,
                  "Scan Direction": "Forward",
                  "Index Name": "role_id_cast_info",
                  "Relation Name": "cast_info",
                  "Alias": "ci",
                  "Startup Cost": 0.56,
                  "Total Cost": 201884.69,
                  "Plan Rows": 1089910,
                  "Plan Width": 0,
                  "Actual Startup Time": 0.108,
                  "Actual Total Time": 251.887,
                  "Actual Rows": 1064385,
                  "Actual Loops": 7,
                  "Index Cond": "(role_id = 2)",
                  "Rows Removed by Index Recheck": 0,
                  "Filter": "(person_id > 474412)",
                  "Rows Removed by Filter": 183
                }
              ]
            }
          ]
        }
      ]
    },
    "Planning Time": 0.235,
    "Triggers": [],
    "Execution Time": 336.359
  }
]