{
  "Plan": {
    "Node Type": "Aggregate",
    "Strategy": "Plain",
    "Partial Mode": "Finalize",
    "Parallel Aware": false,
    "Startup Cost": 146873.78,
    "Total Cost": 146873.79,
    "Plan Rows": 1,
    "Plan Width": 8,
    "Actual Startup Time": 433.589,
    "Actual Total Time": 453.464,
    "Actual Rows": 1,
    "Actual Loops": 1,
    "Plans": [
      {
        "Node Type": "Gather",
        "Parent Relationship": "Outer",
        "Parallel Aware": false,
        "Startup Cost": 146873.67,
        "Total Cost": 146873.78,
        "Plan Rows": 1,
        "Plan Width": 8,
        "Actual Startup Time": 433.349,
        "Actual Total Time": 453.457,
        "Actual Rows": 2,
        "Actual Loops": 1,
        "Workers Planned": 1,
        "Workers Launched": 1,
        "Single Copy": false,
        "Plans": [
          {
            "Node Type": "Aggregate",
            "Strategy": "Plain",
            "Partial Mode": "Partial",
            "Parent Relationship": "Outer",
            "Parallel Aware": false,
            "Startup Cost": 145873.67,
            "Total Cost": 145873.68,
            "Plan Rows": 1,
            "Plan Width": 8,
            "Actual Startup Time": 427.123,
            "Actual Total Time": 427.127,
            "Actual Rows": 1,
            "Actual Loops": 2,
            "Plans": [
              {
                "Node Type": "Nested Loop",
                "Parent Relationship": "Outer",
                "Parallel Aware": false,
                "Join Type": "Inner",
                "Startup Cost": 58470.38,
                "Total Cost": 145745.84,
                "Plan Rows": 51132,
                "Plan Width": 0,
                "Actual Startup Time": 143.14,
                "Actual Total Time": 426.063,
                "Actual Rows": 22481,
                "Actual Loops": 2,
                "Inner Unique": false,
                "Join Filter": "(t.id = mi.movie_id)",
                "Rows Removed by Join Filter": 0,
                "Plans": [
                  {
                    "Node Type": "Hash Join",
                    "Parent Relationship": "Outer",
                    "Parallel Aware": true,
                    "Join Type": "Inner",
                    "Startup Cost": 58469.94,
                    "Total Cost": 120080.92,
                    "Plan Rows": 13041,
                    "Plan Width": 8,
                    "Actual Startup Time": 143.086,
                    "Actual Total Time": 406.064,
                    "Actual Rows": 3321,
                    "Actual Loops": 2,
                    "Inner Unique": true,
                    "Hash Cond": "(mk.movie_id = t.id)",
                    "Plans": [
                      {
                        "Node Type": "Seq Scan",
                        "Parent Relationship": "Outer",
                        "Parallel Aware": true,
                        "Relation Name": "movie_keyword",
                        "Alias": "mk",
                        "Startup Cost": 0.0,
                        "Total Cost": 57718.19,
                        "Plan Rows": 1482962,
                        "Plan Width": 4,
                        "Actual Startup Time": 0.33,
                        "Actual Total Time": 181.239,
                        "Actual Rows": 1255178,
                        "Actual Loops": 2,
                        "Filter": "(keyword_id > 3588)",
                        "Rows Removed by Filter": 1006787
                      },
                      {
                        "Node Type": "Hash",
                        "Parent Relationship": "Inner",
                        "Parallel Aware": true,
                        "Startup Cost": 58306.47,
                        "Total Cost": 58306.47,
                        "Plan Rows": 13078,
                        "Plan Width": 4,
                        "Actual Startup Time": 141.305,
                        "Actual Total Time": 141.306,
                        "Actual Rows": 12150,
                        "Actual Loops": 2,
                        "Hash Buckets": 32768,
                        "Original Hash Buckets": 32768,
                        "Hash Batches": 1,
                        "Original Hash Batches": 1,
                        "Peak Memory Usage": 1248,
                        "Plans": [
                          {
                            "Node Type": "Seq Scan",
                            "Parent Relationship": "Outer",
                            "Parallel Aware": true,
                            "Relation Name": "title",
                            "Alias": "t",
                            "Startup Cost": 0.0,
                            "Total Cost": 58306.47,
                            "Plan Rows": 13078,
                            "Plan Width": 4,
                            "Actual Startup Time": 0.049,
                            "Actual Total Time": 137.388,
                            "Actual Rows": 12150,
                            "Actual Loops": 2,
                            "Filter": "((kind_id = 7) AND (production_year = 1996))",
                            "Rows Removed by Filter": 1252006
                          }
                        ]
                      }
                    ]
                  },
                  {
                    "Node Type": "Index Scan",
                    "Parent Relationship": "Inner",
                    "Parallel Aware": false,
                    "Scan Direction": "Forward",
                    "Index Name": "movie_id_movie_info",
                    "Relation Name": "movie_info",
                    "Alias": "mi",
                    "Startup Cost": 0.43,
                    "Total Cost": 1.62,
                    "Plan Rows": 28,
                    "Plan Width": 4,
                    "Actual Startup Time": 0.002,
                    "Actual Total Time": 0.005,
                    "Actual Rows": 7,
                    "Actual Loops": 6642,
                    "Index Cond": "(movie_id = mk.movie_id)",
                    "Rows Removed by Index Recheck": 0,
                    "Filter": "(info_type_id > 4)",
                    "Rows Removed by Filter": 2
                  }
                ]
              }
            ]
          }
        ]
      }
    ]
  },
  "Planning Time": 0.992,
  "Triggers": [],
  "Execution Time": 453.553
}