{
  "Plan": {
    "Node Type": "Aggregate",
    "Strategy": "Plain",
    "Partial Mode": "Finalize",
    "Parallel Aware": false,
    "Startup Cost": 2471141.68,
    "Total Cost": 2471141.69,
    "Plan Rows": 1,
    "Plan Width": 8,
    "Actual Startup Time": 15399.457,
    "Actual Total Time": 15399.548,
    "Actual Rows": 1,
    "Actual Loops": 1,
    "Plans": [
      {
        "Node Type": "Gather",
        "Parent Relationship": "Outer",
        "Parallel Aware": false,
        "Startup Cost": 2471141.56,
        "Total Cost": 2471141.67,
        "Plan Rows": 1,
        "Plan Width": 8,
        "Actual Startup Time": 15399.445,
        "Actual Total Time": 15399.542,
        "Actual Rows": 2,
        "Actual Loops": 1,
        "Workers Planned": 1,
        "Workers Launched": 1,
        "Single Copy": false,
        "Plans": [
          {
            "Node Type": "Aggregate",
            "Strategy": "Plain",
            "Partial Mode": "Partial",
            "Parent Relationship": "Outer",
            "Parallel Aware": false,
            "Startup Cost": 2470141.56,
            "Total Cost": 2470141.57,
            "Plan Rows": 1,
            "Plan Width": 8,
            "Actual Startup Time": 14240.108,
            "Actual Total Time": 14240.113,
            "Actual Rows": 1,
            "Actual Loops": 2,
            "Plans": [
              {
                "Node Type": "Merge Join",
                "Parent Relationship": "Outer",
                "Parallel Aware": false,
                "Join Type": "Inner",
                "Startup Cost": 2190402.1,
                "Total Cost": 2437089.18,
                "Plan Rows": 13220952,
                "Plan Width": 0,
                "Actual Startup Time": 6167.258,
                "Actual Total Time": 12732.431,
                "Actual Rows": 40715746,
                "Actual Loops": 2,
                "Inner Unique": false,
                "Merge Cond": "(ci.movie_id = t.id)",
                "Plans": [
                  {
                    "Node Type": "Sort",
                    "Parent Relationship": "Outer",
                    "Parallel Aware": false,
                    "Startup Cost": 1642015.17,
                    "Total Cost": 1666210.05,
                    "Plan Rows": 9677951,
                    "Plan Width": 4,
                    "Actual Startup Time": 3849.706,
                    "Actual Total Time": 4989.613,
                    "Actual Rows": 8208054,
                    "Actual Loops": 2,
                    "Sort Key": [
                      "ci.movie_id"
                    ],
                    "Sort Method": "quicksort",
                    "Sort Space Used": 838805,
                    "Sort Space Type": "Memory",
                    "Workers": [
                      {
                        "Worker Number": 0,
                        "Sort Method": "quicksort",
                        "Sort Space Used": 520568,
                        "Sort Space Type": "Memory"
                      }
                    ],
                    "Plans": [
                      {
                        "Node Type": "Seq Scan",
                        "Parent Relationship": "Outer",
                        "Parallel Aware": true,
                        "Relation Name": "cast_info",
                        "Alias": "ci",
                        "Startup Cost": 0.0,
                        "Total Cost": 519069.44,
                        "Plan Rows": 9677951,
                        "Plan Width": 4,
                        "Actual Startup Time": 547.103,
                        "Actual Total Time": 1762.665,
                        "Actual Rows": 8208509,
                        "Actual Loops": 2,
                        "Filter": "(person_id > 1989797)",
                        "Rows Removed by Filter": 9913663
                      }
                    ]
                  },
                  {
                    "Node Type": "Sort",
                    "Parent Relationship": "Inner",
                    "Parallel Aware": false,
                    "Startup Cost": 548385.91,
                    "Total Cost": 557020.6,
                    "Plan Rows": 3453876,
                    "Plan Width": 8,
                    "Actual Startup Time": 2317.539,
                    "Actual Total Time": 3658.572,
                    "Actual Rows": 40962253,
                    "Actual Loops": 2,
                    "Sort Key": [
                      "mk.movie_id"
                    ],
                    "Sort Method": "quicksort",
                    "Sort Space Used": 246242,
                    "Sort Space Type": "Memory",
                    "Workers": [
                      {
                        "Worker Number": 0,
                        "Sort Method": "quicksort",
                        "Sort Space Used": 246242,
                        "Sort Space Type": "Memory"
                      }
                    ],
                    "Plans": [
                      {
                        "Node Type": "Hash Join",
                        "Parent Relationship": "Outer",
                        "Parallel Aware": false,
                        "Join Type": "Inner",
                        "Startup Cost": 91730.05,
                        "Total Cost": 173298.69,
                        "Plan Rows": 3453876,
                        "Plan Width": 8,
                        "Actual Startup Time": 741.353,
                        "Actual Total Time": 1728.974,
                        "Actual Rows": 3156005,
                        "Actual Loops": 2,
                        "Inner Unique": true,
                        "Hash Cond": "(mk.movie_id = t.id)",
                        "Plans": [
                          {
                            "Node Type": "Seq Scan",
                            "Parent Relationship": "Outer",
                            "Parallel Aware": false,
                            "Relation Name": "movie_keyword",
                            "Alias": "mk",
                            "Startup Cost": 0.0,
                            "Total Cost": 69693.3,
                            "Plan Rows": 4523930,
                            "Plan Width": 4,
                            "Actual Startup Time": 0.032,
                            "Actual Total Time": 301.578,
                            "Actual Rows": 4523930,
                            "Actual Loops": 2
                          },
                          {
                            "Node Type": "Hash",
                            "Parent Relationship": "Inner",
                            "Parallel Aware": false,
                            "Startup Cost": 67601.66,
                            "Total Cost": 67601.66,
                            "Plan Rows": 1930271,
                            "Plan Width": 4,
                            "Actual Startup Time": 734.169,
                            "Actual Total Time": 734.17,
                            "Actual Rows": 1918028,
                            "Actual Loops": 2,
                            "Hash Buckets": 2097152,
                            "Original Hash Buckets": 2097152,
                            "Hash Batches": 1,
                            "Original Hash Batches": 1,
                            "Peak Memory Usage": 83815,
                            "Plans": [
                              {
                                "Node Type": "Seq Scan",
                                "Parent Relationship": "Outer",
                                "Parallel Aware": false,
                                "Relation Name": "title",
                                "Alias": "t",
                                "Startup Cost": 0.0,
                                "Total Cost": 67601.66,
                                "Plan Rows": 1930271,
                                "Plan Width": 4,
                                "Actual Startup Time": 0.025,
                                "Actual Total Time": 312.161,
                                "Actual Rows": 1918028,
                                "Actual Loops": 2,
                                "Filter": "(production_year > 1981)",
                                "Rows Removed by Filter": 610284
                              }
                            ]
                          }
                        ]
                      }
                    ]
                  }
                ]
              }
            ]
          }
        ]
      }
    ]
  },
  "Planning Time": 1.009,
  "Triggers": [],
  "Execution Time": 15451.398
}