[
  {
    "Plan": {
      "Node Type": "Aggregate",
      "Strategy": "Plain",
      "Partial Mode": "Finalize",
      "Parallel Aware": false,
      "Startup Cost": 92550.39,
      "Total Cost": 92550.4,
      "Plan Rows": 1,
      "Plan Width": 8,
      "Actual Startup Time": 406.525,
      "Actual Total Time": 424.584,
      "Actual Rows": 1,
      "Actual Loops": 1,
      "Plans": [
        {
          "Node Type": "Gather",
          "Parent Relationship": "Outer",
          "Parallel Aware": false,
          "Startup Cost": 92550.07,
          "Total Cost": 92550.38,
          "Plan Rows": 3,
          "Plan Width": 8,
          "Actual Startup Time": 403.537,
          "Actual Total Time": 424.575,
          "Actual Rows": 4,
          "Actual Loops": 1,
          "Workers Planned": 3,
          "Workers Launched": 3,
          "Single Copy": false,
          "Plans": [
            {
              "Node Type": "Aggregate",
              "Strategy": "Plain",
              "Partial Mode": "Partial",
              "Parent Relationship": "Outer",
              "Parallel Aware": false,
              "Startup Cost": 91550.07,
              "Total Cost": 91550.08,
              "Plan Rows": 1,
              "Plan Width": 8,
              "Actual Startup Time": 395.251,
              "Actual Total Time": 395.255,
              "Actual Rows": 1,
              "Actual Loops": 4,
              "Plans": [
                {
                  "Node Type": "Hash Join",
                  "Parent Relationship": "Outer",
                  "Parallel Aware": true,
                  "Join Type": "Inner",
                  "Startup Cost": 46500.12,
                  "Total Cost": 90988.18,
                  "Plan Rows": 224757,
                  "Plan Width": 0,
                  "Actual Startup Time": 194.816,
                  "Actual Total Time": 384.637,
                  "Actual Rows": 237390,
                  "Actual Loops": 4,
                  "Inner Unique": true,
                  "Hash Cond": "(mk.movie_id = t.id)",
                  "Plans": [
                    {
                      "Node Type": "Seq Scan",
                      "Parent Relationship": "Outer",
                      "Parallel Aware": true,
                      "Relation Name": "movie_keyword",
                      "Alias": "mk",
                      "Startup Cost": 0.0,
                      "Total Cost": 42695.65,
                      "Plan Rows": 682820,
                      "Plan Width": 4,
                      "Actual Startup Time": 0.036,
                      "Actual Total Time": 106.419,
                      "Actual Rows": 531220,
                      "Actual Loops": 4,
                      "Filter": "(keyword_id < 3919)",
                      "Rows Removed by Filter": 599763
                    },
                    {
                      "Node Type": "Hash",
                      "Parent Relationship": "Inner",
                      "Parallel Aware": true,
                      "Startup Cost": 43899.32,
                      "Total Cost": 43899.32,
                      "Plan Rows": 208064,
                      "Plan Width": 4,
                      "Actual Startup Time": 189.17,
                      "Actual Total Time": 189.171,
                      "Actual Rows": 212285,
                      "Actual Loops": 4,
                      "Hash Buckets": 1048576,
                      "Original Hash Buckets": 1048576,
                      "Hash Batches": 1,
                      "Original Hash Batches": 1,
                      "Peak Memory Usage": 41472,
                      "Plans": [
                        {
                          "Node Type": "Seq Scan",
                          "Parent Relationship": "Outer",
                          "Parallel Aware": true,
                          "Relation Name": "title",
                          "Alias": "t",
                          "Startup Cost": 0.0,
                          "Total Cost": 43899.32,
                          "Plan Rows": 208064,
                          "Plan Width": 4,
                          "Actual Startup Time": 0.043,
                          "Actual Total Time": 108.44,
                          "Actual Rows": 212285,
                          "Actual Loops": 4,
                          "Filter": "(production_year < 1996)",
                          "Rows Removed by Filter": 419793
                        }
                      ]
                    }
                  ]
                }
              ]
            }
          ]
        }
      ]
    },
    "Planning Time": 0.482,
    "Triggers": [],
    "Execution Time": 424.639
  }
]