{
  "Plan": {
    "Node Type": "Aggregate",
    "Strategy": "Plain",
    "Partial Mode": "Finalize",
    "Parallel Aware": false,
    "Startup Cost": 76561.43,
    "Total Cost": 76561.44,
    "Plan Rows": 1,
    "Plan Width": 8,
    "Actual Startup Time": 202.735,
    "Actual Total Time": 214.177,
    "Actual Rows": 1,
    "Actual Loops": 1,
    "Plans": [
      {
        "Node Type": "Gather",
        "Parent Relationship": "Outer",
        "Parallel Aware": false,
        "Startup Cost": 76561.32,
        "Total Cost": 76561.43,
        "Plan Rows": 1,
        "Plan Width": 8,
        "Actual Startup Time": 202.503,
        "Actual Total Time": 214.17,
        "Actual Rows": 2,
        "Actual Loops": 1,
        "Workers Planned": 1,
        "Workers Launched": 1,
        "Single Copy": false,
        "Plans": [
          {
            "Node Type": "Aggregate",
            "Strategy": "Plain",
            "Partial Mode": "Partial",
            "Parent Relationship": "Outer",
            "Parallel Aware": false,
            "Startup Cost": 75561.32,
            "Total Cost": 75561.33,
            "Plan Rows": 1,
            "Plan Width": 8,
            "Actual Startup Time": 196.413,
            "Actual Total Time": 196.416,
            "Actual Rows": 1,
            "Actual Loops": 2,
            "Plans": [
              {
                "Node Type": "Nested Loop",
                "Parent Relationship": "Outer",
                "Parallel Aware": false,
                "Join Type": "Inner",
                "Startup Cost": 53917.61,
                "Total Cost": 75552.44,
                "Plan Rows": 3551,
                "Plan Width": 0,
                "Actual Startup Time": 126.582,
                "Actual Total Time": 195.623,
                "Actual Rows": 15794,
                "Actual Loops": 2,
                "Inner Unique": false,
                "Join Filter": "(t.id = mc.movie_id)",
                "Rows Removed by Join Filter": 0,
                "Plans": [
                  {
                    "Node Type": "Hash Join",
                    "Parent Relationship": "Outer",
                    "Parallel Aware": true,
                    "Join Type": "Inner",
                    "Startup Cost": 53917.18,
                    "Total Cost": 72710.95,
                    "Plan Rows": 3441,
                    "Plan Width": 8,
                    "Actual Startup Time": 126.494,
                    "Actual Total Time": 170.206,
                    "Actual Rows": 4100,
                    "Actual Loops": 2,
                    "Inner Unique": true,
                    "Hash Cond": "(mi_idx.movie_id = t.id)",
                    "Plans": [
                      {
                        "Node Type": "Seq Scan",
                        "Parent Relationship": "Outer",
                        "Parallel Aware": true,
                        "Relation Name": "movie_info_idx",
                        "Alias": "mi_idx",
                        "Startup Cost": 0.0,
                        "Total Cost": 18082.32,
                        "Plan Rows": 271028,
                        "Plan Width": 4,
                        "Actual Startup Time": 0.021,
                        "Actual Total Time": 48.907,
                        "Actual Rows": 229962,
                        "Actual Loops": 2,
                        "Filter": "(info_type_id = 101)",
                        "Rows Removed by Filter": 460055
                      },
                      {
                        "Node Type": "Hash",
                        "Parent Relationship": "Inner",
                        "Parallel Aware": true,
                        "Startup Cost": 53681.13,
                        "Total Cost": 53681.13,
                        "Plan Rows": 18884,
                        "Plan Width": 4,
                        "Actual Startup Time": 97.995,
                        "Actual Total Time": 97.996,
                        "Actual Rows": 11054,
                        "Actual Loops": 2,
                        "Hash Buckets": 32768,
                        "Original Hash Buckets": 32768,
                        "Hash Batches": 1,
                        "Original Hash Batches": 1,
                        "Peak Memory Usage": 1152,
                        "Plans": [
                          {
                            "Node Type": "Bitmap Heap Scan",
                            "Parent Relationship": "Outer",
                            "Parallel Aware": true,
                            "Relation Name": "title",
                            "Alias": "t",
                            "Startup Cost": 11830.88,
                            "Total Cost": 53681.13,
                            "Plan Rows": 18884,
                            "Plan Width": 4,
                            "Actual Startup Time": 38.54,
                            "Actual Total Time": 95.036,
                            "Actual Rows": 11054,
                            "Actual Loops": 2,
                            "Recheck Cond": "(kind_id = 1)",
                            "Rows Removed by Index Recheck": 0,
                            "Filter": "(production_year = 2008)",
                            "Rows Removed by Filter": 320359,
                            "Exact Heap Blocks": 9479,
                            "Lossy Heap Blocks": 0,
                            "Plans": [
                              {
                                "Node Type": "Bitmap Index Scan",
                                "Parent Relationship": "Outer",
                                "Parallel Aware": false,
                                "Index Name": "kind_id_title",
                                "Startup Cost": 0.0,
                                "Total Cost": 11822.85,
                                "Plan Rows": 663256,
                                "Plan Width": 0,
                                "Actual Startup Time": 40.772,
                                "Actual Total Time": 40.772,
                                "Actual Rows": 662825,
                                "Actual Loops": 1,
                                "Index Cond": "(kind_id = 1)"
                              }
                            ]
                          }
                        ]
                      }
                    ]
                  },
                  {
                    "Node Type": "Index Only Scan",
                    "Parent Relationship": "Inner",
                    "Parallel Aware": false,
                    "Scan Direction": "Forward",
                    "Index Name": "movie_id_movie_companies",
                    "Relation Name": "movie_companies",
                    "Alias": "mc",
                    "Startup Cost": 0.43,
                    "Total Cost": 0.76,
                    "Plan Rows": 5,
                    "Plan Width": 4,
                    "Actual Startup Time": 0.004,
                    "Actual Total Time": 0.006,
                    "Actual Rows": 4,
                    "Actual Loops": 8199,
                    "Index Cond": "(movie_id = mi_idx.movie_id)",
                    "Rows Removed by Index Recheck": 0,
                    "Heap Fetches": 31587
                  }
                ]
              }
            ]
          }
        ]
      }
    ]
  },
  "Planning Time": 0.96,
  "Triggers": [],
  "Execution Time": 214.28
}