[
  {
    "Plan": {
      "Node Type": "Aggregate",
      "Strategy": "Plain",
      "Partial Mode": "Finalize",
      "Parallel Aware": false,
      "Startup Cost": 44903.2,
      "Total Cost": 44903.21,
      "Plan Rows": 1,
      "Plan Width": 8,
      "Actual Startup Time": 128.745,
      "Actual Total Time": 138.966,
      "Actual Rows": 1,
      "Actual Loops": 1,
      "Plans": [
        {
          "Node Type": "Gather",
          "Parent Relationship": "Outer",
          "Parallel Aware": false,
          "Startup Cost": 44902.88,
          "Total Cost": 44903.19,
          "Plan Rows": 3,
          "Plan Width": 8,
          "Actual Startup Time": 128.604,
          "Actual Total Time": 138.957,
          "Actual Rows": 4,
          "Actual Loops": 1,
          "Workers Planned": 3,
          "Workers Launched": 3,
          "Single Copy": false,
          "Plans": [
            {
              "Node Type": "Aggregate",
              "Strategy": "Plain",
              "Partial Mode": "Partial",
              "Parent Relationship": "Outer",
              "Parallel Aware": false,
              "Startup Cost": 43902.88,
              "Total Cost": 43902.89,
              "Plan Rows": 1,
              "Plan Width": 8,
              "Actual Startup Time": 123.275,
              "Actual Total Time": 123.276,
              "Actual Rows": 1,
              "Actual Loops": 4,
              "Plans": [
                {
                  "Node Type": "Seq Scan",
                  "Parent Relationship": "Outer",
                  "Parallel Aware": true,
                  "Relation Name": "movie_keyword",
                  "Alias": "mk",
                  "Startup Cost": 0.0,
                  "Total Cost": 42695.65,
                  "Plan Rows": 482892,
                  "Plan Width": 0,
                  "Actual Startup Time": 0.048,
                  "Actual Total Time": 105.876,
                  "Actual Rows": 377235,
                  "Actual Loops": 4,
                  "Filter": "(keyword_id < 2185)",
                  "Rows Removed by Filter": 753747
                }
              ]
            }
          ]
        }
      ]
    },
    "Planning Time": 0.19,
    "Triggers": [],
    "Execution Time": 139.024
  }
]