[
  {
    "Plan": {
      "Node Type": "Aggregate",
      "Strategy": "Plain",
      "Partial Mode": "Finalize",
      "Parallel Aware": false,
      "Startup Cost": 301649.06,
      "Total Cost": 301649.07,
      "Plan Rows": 1,
      "Plan Width": 8,
      "Actual Startup Time": 1136.778,
      "Actual Total Time": 1191.034,
      "Actual Rows": 1,
      "Actual Loops": 1,
      "Plans": [
        {
          "Node Type": "Gather",
          "Parent Relationship": "Outer",
          "Parallel Aware": false,
          "Startup Cost": 301648.74,
          "Total Cost": 301649.05,
          "Plan Rows": 3,
          "Plan Width": 8,
          "Actual Startup Time": 1126.659,
          "Actual Total Time": 1191.024,
          "Actual Rows": 4,
          "Actual Loops": 1,
          "Workers Planned": 3,
          "Workers Launched": 3,
          "Single Copy": false,
          "Plans": [
            {
              "Node Type": "Aggregate",
              "Strategy": "Plain",
              "Partial Mode": "Partial",
              "Parent Relationship": "Outer",
              "Parallel Aware": false,
              "Startup Cost": 300648.74,
              "Total Cost": 300648.75,
              "Plan Rows": 1,
              "Plan Width": 8,
              "Actual Startup Time": 1118.472,
              "Actual Total Time": 1118.823,
              "Actual Rows": 1,
              "Actual Loops": 4,
              "Plans": [
                {
                  "Node Type": "Hash Join",
                  "Parent Relationship": "Outer",
                  "Parallel Aware": true,
                  "Join Type": "Inner",
                  "Startup Cost": 253250.22,
                  "Total Cost": 299584.18,
                  "Plan Rows": 425825,
                  "Plan Width": 0,
                  "Actual Startup Time": 916.165,
                  "Actual Total Time": 1104.944,
                  "Actual Rows": 343045,
                  "Actual Loops": 4,
                  "Inner Unique": false,
                  "Hash Cond": "(mk.movie_id = t.id)",
                  "Plans": [
                    {
                      "Node Type": "Seq Scan",
                      "Parent Relationship": "Outer",
                      "Parallel Aware": true,
                      "Relation Name": "movie_keyword",
                      "Alias": "mk",
                      "Startup Cost": 0.0,
                      "Total Cost": 42695.65,
                      "Plan Rows": 743108,
                      "Plan Width": 4,
                      "Actual Startup Time": 0.248,
                      "Actual Total Time": 103.923,
                      "Actual Rows": 570689,
                      "Actual Loops": 4,
                      "Filter": "(keyword_id > 4611)",
                      "Rows Removed by Filter": 560294
                    },
                    {
                      "Node Type": "Hash",
                      "Parent Relationship": "Inner",
                      "Parallel Aware": true,
                      "Startup Cost": 249628.05,
                      "Total Cost": 249628.05,
                      "Plan Rows": 289774,
                      "Plan Width": 8,
                      "Actual Startup Time": 910.846,
                      "Actual Total Time": 911.196,
                      "Actual Rows": 217030,
                      "Actual Loops": 4,
                      "Hash Buckets": 2097152,
                      "Original Hash Buckets": 2097152,
                      "Hash Batches": 1,
                      "Original Hash Batches": 1,
                      "Peak Memory Usage": 50400,
                      "Plans": [
                        {
                          "Node Type": "Hash Join",
                          "Parent Relationship": "Outer",
                          "Parallel Aware": true,
                          "Join Type": "Inner",
                          "Startup Cost": 48583.46,
                          "Total Cost": 249628.05,
                          "Plan Rows": 289774,
                          "Plan Width": 8,
                          "Actual Startup Time": 233.762,
                          "Actual Total Time": 829.343,
                          "Actual Rows": 217030,
                          "Actual Loops": 4,
                          "Inner Unique": true,
                          "Hash Cond": "(mi.movie_id = t.id)",
                          "Plans": [
                            {
                              "Node Type": "Seq Scan",
                              "Parent Relationship": "Outer",
                              "Parallel Aware": true,
                              "Relation Name": "movie_info",
                              "Alias": "mi",
                              "Startup Cost": 0.0,
                              "Total Cost": 199108.24,
                              "Plan Rows": 737655,
                              "Plan Width": 4,
                              "Actual Startup Time": 38.01,
                              "Actual Total Time": 409.58,
                              "Actual Rows": 906244,
                              "Actual Loops": 4,
                              "Filter": "(info_type_id < 4)",
                              "Rows Removed by Filter": 2802686
                            },
                            {
                              "Node Type": "Hash",
                              "Parent Relationship": "Inner",
                              "Parallel Aware": true,
                              "Startup Cost": 45479.59,
                              "Total Cost": 45479.59,
                              "Plan Rows": 248310,
                              "Plan Width": 4,
                              "Actual Startup Time": 193.773,
                              "Actual Total Time": 193.774,
                              "Actual Rows": 230930,
                              "Actual Loops": 4,
                              "Hash Buckets": 1048576,
                              "Original Hash Buckets": 1048576,
                              "Hash Batches": 1,
                              "Original Hash Batches": 1,
                              "Peak Memory Usage": 44384,
                              "Plans": [
                                {
                                  "Node Type": "Seq Scan",
                                  "Parent Relationship": "Outer",
                                  "Parallel Aware": true,
                                  "Relation Name": "title",
                                  "Alias": "t",
                                  "Startup Cost": 0.0,
                                  "Total Cost": 45479.59,
                                  "Plan Rows": 248310,
                                  "Plan Width": 4,
                                  "Actual Startup Time": 0.041,
                                  "Actual Total Time": 107.221,
                                  "Actual Rows": 230930,
                                  "Actual Loops": 4,
                                  "Filter": "((kind_id > 1) AND (production_year < 2005))",
                                  "Rows Removed by Filter": 401148
                                }
                              ]
                            }
                          ]
                        }
                      ]
                    }
                  ]
                }
              ]
            }
          ]
        }
      ]
    },
    "Planning Time": 0.658,
    "Triggers": [],
    "Execution Time": 1191.095
  }
]