[
  {
    "Plan": {
      "Node Type": "Aggregate",
      "Strategy": "Plain",
      "Partial Mode": "Finalize",
      "Parallel Aware": false,
      "Startup Cost": 292997.66,
      "Total Cost": 292997.67,
      "Plan Rows": 1,
      "Plan Width": 8,
      "Actual Startup Time": 796.879,
      "Actual Total Time": 835.606,
      "Actual Rows": 1,
      "Actual Loops": 1,
      "Plans": [
        {
          "Node Type": "Gather",
          "Parent Relationship": "Outer",
          "Parallel Aware": false,
          "Startup Cost": 292997.04,
          "Total Cost": 292997.65,
          "Plan Rows": 6,
          "Plan Width": 8,
          "Actual Startup Time": 785.054,
          "Actual Total Time": 835.59,
          "Actual Rows": 7,
          "Actual Loops": 1,
          "Workers Planned": 6,
          "Workers Launched": 6,
          "Single Copy": false,
          "Plans": [
            {
              "Node Type": "Aggregate",
              "Strategy": "Plain",
              "Partial Mode": "Partial",
              "Parent Relationship": "Outer",
              "Parallel Aware": false,
              "Startup Cost": 291997.04,
              "Total Cost": 291997.05,
              "Plan Rows": 1,
              "Plan Width": 8,
              "Actual Startup Time": 776.389,
              "Actual Total Time": 776.569,
              "Actual Rows": 1,
              "Actual Loops": 7,
              "Plans": [
                {
                  "Node Type": "Hash Join",
                  "Parent Relationship": "Outer",
                  "Parallel Aware": true,
                  "Join Type": "Inner",
                  "Startup Cost": 87957.08,
                  "Total Cost": 291739.45,
                  "Plan Rows": 103035,
                  "Plan Width": 0,
                  "Actual Startup Time": 272.351,
                  "Actual Total Time": 750.885,
                  "Actual Rows": 526599,
                  "Actual Loops": 7,
                  "Inner Unique": false,
                  "Hash Cond": "(ci.movie_id = t.id)",
                  "Plans": [
                    {
                      "Node Type": "Index Scan",
                      "Parent Relationship": "Outer",
                      "Parallel Aware": true,
                      "Scan Direction": "Forward",
                      "Index Name": "role_id_cast_info",
                      "Relation Name": "cast_info",
                      "Alias": "ci",
                      "Startup Cost": 0.56,
                      "Total Cost": 198752.95,
                      "Plan Rows": 1252698,
                      "Plan Width": 4,
                      "Actual Startup Time": 0.37,
                      "Actual Total Time": 221.568,
                      "Actual Rows": 1064568,
                      "Actual Loops": 7,
                      "Index Cond": "(role_id = 2)",
                      "Rows Removed by Index Recheck": 0
                    },
                    {
                      "Node Type": "Hash",
                      "Parent Relationship": "Inner",
                      "Parallel Aware": true,
                      "Startup Cost": 87117.95,
                      "Total Cost": 87117.95,
                      "Plan Rows": 67085,
                      "Plan Width": 8,
                      "Actual Startup Time": 270.723,
                      "Actual Total Time": 270.901,
                      "Actual Rows": 64512,
                      "Actual Loops": 7,
                      "Hash Buckets": 524288,
                      "Original Hash Buckets": 262144,
                      "Hash Batches": 1,
                      "Original Hash Batches": 1,
                      "Peak Memory Usage": 23968,
                      "Plans": [
                        {
                          "Node Type": "Hash Join",
                          "Parent Relationship": "Outer",
                          "Parallel Aware": true,
                          "Join Type": "Inner",
                          "Startup Cost": 59653.08,
                          "Total Cost": 87117.95,
                          "Plan Rows": 67085,
                          "Plan Width": 8,
                          "Actual Startup Time": 164.428,
                          "Actual Total Time": 245.978,
                          "Actual Rows": 64512,
                          "Actual Loops": 7,
                          "Inner Unique": true,
                          "Hash Cond": "(mk.movie_id = t.id)",
                          "Plans": [
                            {
                              "Node Type": "Bitmap Heap Scan",
                              "Parent Relationship": "Outer",
                              "Parallel Aware": true,
                              "Relation Name": "movie_keyword",
                              "Alias": "mk",
                              "Startup Cost": 13091.0,
                              "Total Cost": 40033.33,
                              "Plan Rows": 199066,
                              "Plan Width": 4,
                              "Actual Startup Time": 36.634,
                              "Actual Total Time": 85.25,
                              "Actual Rows": 89264,
                              "Actual Loops": 7,
                              "Recheck Cond": "(keyword_id < 484)",
                              "Rows Removed by Index Recheck": 0,
                              "Exact Heap Blocks": 3972,
                              "Lossy Heap Blocks": 0,
                              "Plans": [
                                {
                                  "Node Type": "Bitmap Index Scan",
                                  "Parent Relationship": "Outer",
                                  "Parallel Aware": false,
                                  "Index Name": "keyword_id_movie_keyword",
                                  "Startup Cost": 0.0,
                                  "Total Cost": 12936.73,
                                  "Plan Rows": 617106,
                                  "Plan Width": 0,
                                  "Actual Startup Time": 32.961,
                                  "Actual Total Time": 32.962,
                                  "Actual Rows": 624846,
                                  "Actual Loops": 1,
                                  "Index Cond": "(keyword_id < 484)"
                                }
                              ]
                            },
                            {
                              "Node Type": "Hash",
                              "Parent Relationship": "Inner",
                              "Parallel Aware": true,
                              "Startup Cost": 43899.32,
                              "Total Cost": 43899.32,
                              "Plan Rows": 213020,
                              "Plan Width": 4,
                              "Actual Startup Time": 126.476,
                              "Actual Total Time": 126.477,
                              "Actual Rows": 122031,
                              "Actual Loops": 7,
                              "Hash Buckets": 1048576,
                              "Original Hash Buckets": 1048576,
                              "Hash Batches": 1,
                              "Original Hash Batches": 1,
                              "Peak Memory Usage": 41824,
                              "Plans": [
                                {
                                  "Node Type": "Seq Scan",
                                  "Parent Relationship": "Outer",
                                  "Parallel Aware": true,
                                  "Relation Name": "title",
                                  "Alias": "t",
                                  "Startup Cost": 0.0,
                                  "Total Cost": 43899.32,
                                  "Plan Rows": 213020,
                                  "Plan Width": 4,
                                  "Actual Startup Time": 0.039,
                                  "Actual Total Time": 72.778,
                                  "Actual Rows": 122031,
                                  "Actual Loops": 7,
                                  "Filter": "(kind_id < 4)",
                                  "Rows Removed by Filter": 239157
                                }
                              ]
                            }
                          ]
                        }
                      ]
                    }
                  ]
                }
              ]
            }
          ]
        }
      ]
    },
    "Planning Time": 0.46,
    "Triggers": [],
    "Execution Time": 835.687
  }
]