{
  "Plan": {
    "Node Type": "Aggregate",
    "Strategy": "Plain",
    "Partial Mode": "Finalize",
    "Parallel Aware": false,
    "Startup Cost": 1406999.28,
    "Total Cost": 1406999.29,
    "Plan Rows": 1,
    "Plan Width": 8,
    "Actual Startup Time": 12362.676,
    "Actual Total Time": 12469.291,
    "Actual Rows": 1,
    "Actual Loops": 1,
    "Plans": [
      {
        "Node Type": "Gather",
        "Parent Relationship": "Outer",
        "Parallel Aware": false,
        "Startup Cost": 1406999.16,
        "Total Cost": 1406999.27,
        "Plan Rows": 1,
        "Plan Width": 8,
        "Actual Startup Time": 12354.677,
        "Actual Total Time": 12469.282,
        "Actual Rows": 2,
        "Actual Loops": 1,
        "Workers Planned": 1,
        "Workers Launched": 1,
        "Single Copy": false,
        "Plans": [
          {
            "Node Type": "Aggregate",
            "Strategy": "Plain",
            "Partial Mode": "Partial",
            "Parent Relationship": "Outer",
            "Parallel Aware": false,
            "Startup Cost": 1405999.16,
            "Total Cost": 1405999.17,
            "Plan Rows": 1,
            "Plan Width": 8,
            "Actual Startup Time": 12336.579,
            "Actual Total Time": 12336.586,
            "Actual Rows": 1,
            "Actual Loops": 2,
            "Plans": [
              {
                "Node Type": "Hash Join",
                "Parent Relationship": "Outer",
                "Parallel Aware": true,
                "Join Type": "Inner",
                "Startup Cost": 405587.56,
                "Total Cost": 1300118.19,
                "Plan Rows": 42352388,
                "Plan Width": 0,
                "Actual Startup Time": 3198.707,
                "Actual Total Time": 11301.822,
                "Actual Rows": 26996230,
                "Actual Loops": 2,
                "Inner Unique": false,
                "Hash Cond": "(ci.movie_id = t.id)",
                "Plans": [
                  {
                    "Node Type": "Seq Scan",
                    "Parent Relationship": "Outer",
                    "Parallel Aware": true,
                    "Relation Name": "cast_info",
                    "Alias": "ci",
                    "Startup Cost": 0.0,
                    "Total Cost": 519069.44,
                    "Plan Rows": 16843934,
                    "Plan Width": 4,
                    "Actual Startup Time": 177.52,
                    "Actual Total Time": 1628.259,
                    "Actual Rows": 14234206,
                    "Actual Loops": 2,
                    "Filter": "(person_id > 757154)",
                    "Rows Removed by Filter": 3887966
                  },
                  {
                    "Node Type": "Hash",
                    "Parent Relationship": "Inner",
                    "Parallel Aware": true,
                    "Startup Cost": 358843.88,
                    "Total Cost": 358843.88,
                    "Plan Rows": 3739494,
                    "Plan Width": 8,
                    "Actual Startup Time": 2989.783,
                    "Actual Total Time": 2989.787,
                    "Actual Rows": 1586638,
                    "Actual Loops": 2,
                    "Hash Buckets": 8388608,
                    "Original Hash Buckets": 8388608,
                    "Hash Batches": 1,
                    "Original Hash Batches": 1,
                    "Peak Memory Usage": 189696,
                    "Plans": [
                      {
                        "Node Type": "Hash Join",
                        "Parent Relationship": "Outer",
                        "Parallel Aware": true,
                        "Join Type": "Inner",
                        "Startup Cost": 66891.78,
                        "Total Cost": 358843.88,
                        "Plan Rows": 3739494,
                        "Plan Width": 8,
                        "Actual Startup Time": 304.06,
                        "Actual Total Time": 2488.9,
                        "Actual Rows": 1586638,
                        "Actual Loops": 2,
                        "Inner Unique": true,
                        "Hash Cond": "(mi.movie_id = t.id)",
                        "Plans": [
                          {
                            "Node Type": "Seq Scan",
                            "Parent Relationship": "Outer",
                            "Parallel Aware": true,
                            "Relation Name": "movie_info",
                            "Alias": "mi",
                            "Startup Cost": 0.0,
                            "Total Cost": 270696.42,
                            "Plan Rows": 8097390,
                            "Plan Width": 4,
                            "Actual Startup Time": 0.011,
                            "Actual Total Time": 796.254,
                            "Actual Rows": 6933678,
                            "Actual Loops": 2,
                            "Filter": "(info_type_id < 94)",
                            "Rows Removed by Filter": 484182
                          },
                          {
                            "Node Type": "Hash",
                            "Parent Relationship": "Inner",
                            "Parallel Aware": true,
                            "Startup Cost": 58306.47,
                            "Total Cost": 58306.47,
                            "Plan Rows": 686825,
                            "Plan Width": 4,
                            "Actual Startup Time": 298.719,
                            "Actual Total Time": 298.72,
                            "Actual Rows": 564453,
                            "Actual Loops": 2,
                            "Hash Buckets": 2097152,
                            "Original Hash Buckets": 2097152,
                            "Hash Batches": 1,
                            "Original Hash Batches": 1,
                            "Peak Memory Usage": 60576,
                            "Plans": [
                              {
                                "Node Type": "Seq Scan",
                                "Parent Relationship": "Outer",
                                "Parallel Aware": true,
                                "Relation Name": "title",
                                "Alias": "t",
                                "Startup Cost": 0.0,
                                "Total Cost": 58306.47,
                                "Plan Rows": 686825,
                                "Plan Width": 4,
                                "Actual Startup Time": 0.045,
                                "Actual Total Time": 162.812,
                                "Actual Rows": 564453,
                                "Actual Loops": 2,
                                "Filter": "((production_year < 2010) AND (kind_id = 7))",
                                "Rows Removed by Filter": 699703
                              }
                            ]
                          }
                        ]
                      }
                    ]
                  }
                ]
              }
            ]
          }
        ]
      }
    ]
  },
  "Planning Time": 1.002,
  "Triggers": [],
  "Execution Time": 12469.392
}