{
  "Plan": {
    "Node Type": "Aggregate",
    "Strategy": "Plain",
    "Partial Mode": "Simple",
    "Parallel Aware": false,
    "Startup Cost": 94252.49,
    "Total Cost": 94252.5,
    "Plan Rows": 1,
    "Plan Width": 64,
    "Actual Startup Time": 369.085,
    "Actual Total Time": 394.303,
    "Actual Rows": 1,
    "Actual Loops": 1,
    "Plans": [
      {
        "Node Type": "Gather",
        "Parent Relationship": "Outer",
        "Parallel Aware": false,
        "Startup Cost": 1004.44,
        "Total Cost": 94252.48,
        "Plan Rows": 1,
        "Plan Width": 32,
        "Actual Startup Time": 228.04,
        "Actual Total Time": 394.26,
        "Actual Rows": 195,
        "Actual Loops": 1,
        "Workers Planned": 1,
        "Workers Launched": 1,
        "Single Copy": false,
        "Plans": [
          {
            "Node Type": "Nested Loop",
            "Parent Relationship": "Outer",
            "Parallel Aware": false,
            "Join Type": "Inner",
            "Startup Cost": 4.44,
            "Total Cost": 93252.38,
            "Plan Rows": 1,
            "Plan Width": 32,
            "Actual Startup Time": 225.526,
            "Actual Total Time": 361.063,
            "Actual Rows": 98,
            "Actual Loops": 2,
            "Inner Unique": true,
            "Plans": [
              {
                "Node Type": "Nested Loop",
                "Parent Relationship": "Outer",
                "Parallel Aware": false,
                "Join Type": "Inner",
                "Startup Cost": 4.02,
                "Total Cost": 93251.89,
                "Plan Rows": 1,
                "Plan Width": 36,
                "Actual Startup Time": 225.481,
                "Actual Total Time": 360.736,
                "Actual Rows": 101,
                "Actual Loops": 2,
                "Inner Unique": true,
                "Plans": [
                  {
                    "Node Type": "Nested Loop",
                    "Parent Relationship": "Outer",
                    "Parallel Aware": false,
                    "Join Type": "Inner",
                    "Startup Cost": 3.88,
                    "Total Cost": 93251.71,
                    "Plan Rows": 1,
                    "Plan Width": 40,
                    "Actual Startup Time": 225.461,
                    "Actual Total Time": 360.595,
                    "Actual Rows": 101,
                    "Actual Loops": 2,
                    "Inner Unique": false,
                    "Join Filter": "(mi.movie_id = mc.movie_id)",
                    "Rows Removed by Join Filter": 0,
                    "Plans": [
                      {
                        "Node Type": "Nested Loop",
                        "Parent Relationship": "Outer",
                        "Parallel Aware": false,
                        "Join Type": "Inner",
                        "Startup Cost": 3.45,
                        "Total Cost": 93251.11,
                        "Plan Rows": 1,
                        "Plan Width": 48,
                        "Actual Startup Time": 225.413,
                        "Actual Total Time": 359.884,
                        "Actual Rows": 62,
                        "Actual Loops": 2,
                        "Inner Unique": true,
                        "Join Filter": "(mi.movie_id = t.id)",
                        "Rows Removed by Join Filter": 0,
                        "Plans": [
                          {
                            "Node Type": "Nested Loop",
                            "Parent Relationship": "Outer",
                            "Parallel Aware": false,
                            "Join Type": "Inner",
                            "Startup Cost": 3.02,
                            "Total Cost": 93250.58,
                            "Plan Rows": 1,
                            "Plan Width": 27,
                            "Actual Startup Time": 225.346,
                            "Actual Total Time": 359.395,
                            "Actual Rows": 65,
                            "Actual Loops": 2,
                            "Inner Unique": true,
                            "Plans": [
                              {
                                "Node Type": "Nested Loop",
                                "Parent Relationship": "Outer",
                                "Parallel Aware": false,
                                "Join Type": "Inner",
                                "Startup Cost": 2.59,
                                "Total Cost": 93250.06,
                                "Plan Rows": 1,
                                "Plan Width": 31,
                                "Actual Startup Time": 225.278,
                                "Actual Total Time": 358.994,
                                "Actual Rows": 66,
                                "Actual Loops": 2,
                                "Inner Unique": false,
                                "Plans": [
                                  {
                                    "Node Type": "Hash Join",
                                    "Parent Relationship": "Outer",
                                    "Parallel Aware": false,
                                    "Join Type": "Inner",
                                    "Startup Cost": 2.15,
                                    "Total Cost": 93248.42,
                                    "Plan Rows": 1,
                                    "Plan Width": 23,
                                    "Actual Startup Time": 207.715,
                                    "Actual Total Time": 349.536,
                                    "Actual Rows": 264,
                                    "Actual Loops": 2,
                                    "Inner Unique": true,
                                    "Hash Cond": "(ci.role_id = rt.id)",
                                    "Plans": [
                                      {
                                        "Node Type": "Nested Loop",
                                        "Parent Relationship": "Outer",
                                        "Parallel Aware": false,
                                        "Join Type": "Inner",
                                        "Startup Cost": 0.99,
                                        "Total Cost": 93247.23,
                                        "Plan Rows": 8,
                                        "Plan Width": 27,
                                        "Actual Startup Time": 163.698,
                                        "Actual Total Time": 349.26,
                                        "Actual Rows": 345,
                                        "Actual Loops": 2,
                                        "Inner Unique": false,
                                        "Join Filter": "(n.id = ci.person_id)",
                                        "Rows Removed by Join Filter": 0,
                                        "Plans": [
                                          {
                                            "Node Type": "Nested Loop",
                                            "Parent Relationship": "Outer",
                                            "Parallel Aware": false,
                                            "Join Type": "Inner",
                                            "Startup Cost": 0.42,
                                            "Total Cost": 93076.52,
                                            "Plan Rows": 12,
                                            "Plan Width": 23,
                                            "Actual Startup Time": 161.201,
                                            "Actual Total Time": 345.848,
                                            "Actual Rows": 244,
                                            "Actual Loops": 2,
                                            "Inner Unique": false,
                                            "Plans": [
                                              {
                                                "Node Type": "Seq Scan",
                                                "Parent Relationship": "Outer",
                                                "Parallel Aware": true,
                                                "Relation Name": "name",
                                                "Alias": "n",
                                                "Startup Cost": 0.0,
                                                "Total Cost": 92382.65,
                                                "Plan Rows": 56,
                                                "Plan Width": 19,
                                                "Actual Startup Time": 155.46,
                                                "Actual Total Time": 343.528,
                                                "Actual Rows": 1180,
                                                "Actual Loops": 2,
                                                "Filter": "((name ~~ '%Williams,%'::text) AND ((gender)::text = 'f'::text))",
                                                "Rows Removed by Filter": 2082566
                                              },
                                              {
                                                "Node Type": "Index Only Scan",
                                                "Parent Relationship": "Inner",
                                                "Parallel Aware": false,
                                                "Scan Direction": "Forward",
                                                "Index Name": "person_id_aka_name",
                                                "Relation Name": "aka_name",
                                                "Alias": "an",
                                                "Startup Cost": 0.42,
                                                "Total Cost": 12.37,
                                                "Plan Rows": 2,
                                                "Plan Width": 4,
                                                "Actual Startup Time": 0.002,
                                                "Actual Total Time": 0.002,
                                                "Actual Rows": 0,
                                                "Actual Loops": 2359,
                                                "Index Cond": "(person_id = n.id)",
                                                "Rows Removed by Index Recheck": 0,
                                                "Heap Fetches": 489
                                              }
                                            ]
                                          },
                                          {
                                            "Node Type": "Index Scan",
                                            "Parent Relationship": "Inner",
                                            "Parallel Aware": false,
                                            "Scan Direction": "Forward",
                                            "Index Name": "person_id_cast_info",
                                            "Relation Name": "cast_info",
                                            "Alias": "ci",
                                            "Startup Cost": 0.56,
                                            "Total Cost": 13.74,
                                            "Plan Rows": 39,
                                            "Plan Width": 16,
                                            "Actual Startup Time": 0.01,
                                            "Actual Total Time": 0.013,
                                            "Actual Rows": 1,
                                            "Actual Loops": 489,
                                            "Index Cond": "(person_id = an.person_id)",
                                            "Rows Removed by Index Recheck": 0,
                                            "Filter": "(note = ANY ('{(producer),(uncredited),(writer),\"(as Natashia Blach)\"}'::text[]))",
                                            "Rows Removed by Filter": 48
                                          }
                                        ]
                                      },
                                      {
                                        "Node Type": "Hash",
                                        "Parent Relationship": "Inner",
                                        "Parallel Aware": false,
                                        "Startup Cost": 1.15,
                                        "Total Cost": 1.15,
                                        "Plan Rows": 1,
                                        "Plan Width": 4,
                                        "Actual Startup Time": 0.033,
                                        "Actual Total Time": 0.035,
                                        "Actual Rows": 1,
                                        "Actual Loops": 2,
                                        "Hash Buckets": 1024,
                                        "Original Hash Buckets": 1024,
                                        "Hash Batches": 1,
                                        "Original Hash Batches": 1,
                                        "Peak Memory Usage": 9,
                                        "Plans": [
                                          {
                                            "Node Type": "Seq Scan",
                                            "Parent Relationship": "Outer",
                                            "Parallel Aware": false,
                                            "Relation Name": "role_type",
                                            "Alias": "rt",
                                            "Startup Cost": 0.0,
                                            "Total Cost": 1.15,
                                            "Plan Rows": 1,
                                            "Plan Width": 4,
                                            "Actual Startup Time": 0.021,
                                            "Actual Total Time": 0.023,
                                            "Actual Rows": 1,
                                            "Actual Loops": 2,
                                            "Filter": "((role)::text = 'actress'::text)",
                                            "Rows Removed by Filter": 11
                                          }
                                        ]
                                      }
                                    ]
                                  },
                                  {
                                    "Node Type": "Index Scan",
                                    "Parent Relationship": "Inner",
                                    "Parallel Aware": false,
                                    "Scan Direction": "Forward",
                                    "Index Name": "movie_id_movie_info",
                                    "Relation Name": "movie_info",
                                    "Alias": "mi",
                                    "Startup Cost": 0.43,
                                    "Total Cost": 1.62,
                                    "Plan Rows": 2,
                                    "Plan Width": 8,
                                    "Actual Startup Time": 0.031,
                                    "Actual Total Time": 0.036,
                                    "Actual Rows": 0,
                                    "Actual Loops": 527,
                                    "Index Cond": "(movie_id = ci.movie_id)",
                                    "Rows Removed by Index Recheck": 0,
                                    "Filter": "((info IS NOT NULL) AND ((info ~~ 'Japan:%200%'::text) OR (info ~~ 'USA:%200%'::text)))",
                                    "Rows Removed by Filter": 32
                                  }
                                ]
                              },
                              {
                                "Node Type": "Index Only Scan",
                                "Parent Relationship": "Inner",
                                "Parallel Aware": false,
                                "Scan Direction": "Forward",
                                "Index Name": "char_name_pkey",
                                "Relation Name": "char_name",
                                "Alias": "chn",
                                "Startup Cost": 0.43,
                                "Total Cost": 0.52,
                                "Plan Rows": 1,
                                "Plan Width": 4,
                                "Actual Startup Time": 0.005,
                                "Actual Total Time": 0.006,
                                "Actual Rows": 1,
                                "Actual Loops": 132,
                                "Index Cond": "(id = ci.person_role_id)",
                                "Rows Removed by Index Recheck": 0,
                                "Heap Fetches": 130
                              }
                            ]
                          },
                          {
                            "Node Type": "Index Scan",
                            "Parent Relationship": "Inner",
                            "Parallel Aware": false,
                            "Scan Direction": "Forward",
                            "Index Name": "title_pkey",
                            "Relation Name": "title",
                            "Alias": "t",
                            "Startup Cost": 0.43,
                            "Total Cost": 0.52,
                            "Plan Rows": 1,
                            "Plan Width": 21,
                            "Actual Startup Time": 0.007,
                            "Actual Total Time": 0.007,
                            "Actual Rows": 1,
                            "Actual Loops": 130,
                            "Index Cond": "(id = ci.movie_id)",
                            "Rows Removed by Index Recheck": 0,
                            "Filter": "((production_year >= 1995) AND (production_year <= 2012))",
                            "Rows Removed by Filter": 0
                          }
                        ]
                      },
                      {
                        "Node Type": "Index Scan",
                        "Parent Relationship": "Inner",
                        "Parallel Aware": false,
                        "Scan Direction": "Forward",
                        "Index Name": "movie_id_movie_companies",
                        "Relation Name": "movie_companies",
                        "Alias": "mc",
                        "Startup Cost": 0.43,
                        "Total Cost": 0.58,
                        "Plan Rows": 1,
                        "Plan Width": 8,
                        "Actual Startup Time": 0.007,
                        "Actual Total Time": 0.011,
                        "Actual Rows": 2,
                        "Actual Loops": 123,
                        "Index Cond": "(movie_id = ci.movie_id)",
                        "Rows Removed by Index Recheck": 0,
                        "Filter": "((note IS NOT NULL) AND ((note ~~ '%(USA)%'::text) OR (note ~~ '%(worldwide)%'::text)))",
                        "Rows Removed by Filter": 13
                      }
                    ]
                  },
                  {
                    "Node Type": "Index Scan",
                    "Parent Relationship": "Inner",
                    "Parallel Aware": false,
                    "Scan Direction": "Forward",
                    "Index Name": "info_type_pkey",
                    "Relation Name": "info_type",
                    "Alias": "it",
                    "Startup Cost": 0.14,
                    "Total Cost": 0.16,
                    "Plan Rows": 1,
                    "Plan Width": 4,
                    "Actual Startup Time": 0.001,
                    "Actual Total Time": 0.001,
                    "Actual Rows": 1,
                    "Actual Loops": 202,
                    "Index Cond": "(id = mi.info_type_id)",
                    "Rows Removed by Index Recheck": 0,
                    "Filter": "((info)::text = 'release dates'::text)",
                    "Rows Removed by Filter": 0
                  }
                ]
              },
              {
                "Node Type": "Index Scan",
                "Parent Relationship": "Inner",
                "Parallel Aware": false,
                "Scan Direction": "Forward",
                "Index Name": "company_name_pkey",
                "Relation Name": "company_name",
                "Alias": "cn",
                "Startup Cost": 0.42,
                "Total Cost": 0.49,
                "Plan Rows": 1,
                "Plan Width": 4,
                "Actual Startup Time": 0.003,
                "Actual Total Time": 0.003,
                "Actual Rows": 1,
                "Actual Loops": 202,
                "Index Cond": "(id = mc.company_id)",
                "Rows Removed by Index Recheck": 0,
                "Filter": "((country_code)::text = '[us]'::text)",
                "Rows Removed by Filter": 0
              }
            ]
          }
        ]
      }
    ]
  },
  "Planning Time": 3.786,
  "Triggers": [],
  "Execution Time": 394.493
}