[
  {
    "Plan": {
      "Node Type": "Aggregate",
      "Strategy": "Plain",
      "Partial Mode": "Finalize",
      "Parallel Aware": false,
      "Startup Cost": 88061.63,
      "Total Cost": 88061.64,
      "Plan Rows": 1,
      "Plan Width": 8,
      "Actual Startup Time": 253.436,
      "Actual Total Time": 269.785,
      "Actual Rows": 1,
      "Actual Loops": 1,
      "Plans": [
        {
          "Node Type": "Gather",
          "Parent Relationship": "Outer",
          "Parallel Aware": false,
          "Startup Cost": 88061.31,
          "Total Cost": 88061.62,
          "Plan Rows": 3,
          "Plan Width": 8,
          "Actual Startup Time": 252.513,
          "Actual Total Time": 269.775,
          "Actual Rows": 4,
          "Actual Loops": 1,
          "Workers Planned": 3,
          "Workers Launched": 3,
          "Single Copy": false,
          "Plans": [
            {
              "Node Type": "Aggregate",
              "Strategy": "Plain",
              "Partial Mode": "Partial",
              "Parent Relationship": "Outer",
              "Parallel Aware": false,
              "Startup Cost": 87061.31,
              "Total Cost": 87061.32,
              "Plan Rows": 1,
              "Plan Width": 8,
              "Actual Startup Time": 245.472,
              "Actual Total Time": 245.477,
              "Actual Rows": 1,
              "Actual Loops": 4,
              "Plans": [
                {
                  "Node Type": "Hash Join",
                  "Parent Relationship": "Outer",
                  "Parallel Aware": true,
                  "Join Type": "Inner",
                  "Startup Cost": 59129.67,
                  "Total Cost": 87049.68,
                  "Plan Rows": 4652,
                  "Plan Width": 0,
                  "Actual Startup Time": 141.612,
                  "Actual Total Time": 245.117,
                  "Actual Rows": 3795,
                  "Actual Loops": 4,
                  "Inner Unique": true,
                  "Hash Cond": "(mk.movie_id = t.id)",
                  "Plans": [
                    {
                      "Node Type": "Bitmap Heap Scan",
                      "Parent Relationship": "Outer",
                      "Parallel Aware": true,
                      "Relation Name": "movie_keyword",
                      "Alias": "mk",
                      "Startup Cost": 15069.95,
                      "Total Cost": 42388.42,
                      "Plan Rows": 229158,
                      "Plan Width": 4,
                      "Actual Startup Time": 41.862,
                      "Actual Total Time": 120.994,
                      "Actual Rows": 177914,
                      "Actual Loops": 4,
                      "Recheck Cond": "(keyword_id < 613)",
                      "Rows Removed by Index Recheck": 0,
                      "Exact Heap Blocks": 8312,
                      "Lossy Heap Blocks": 0,
                      "Plans": [
                        {
                          "Node Type": "Bitmap Index Scan",
                          "Parent Relationship": "Outer",
                          "Parallel Aware": false,
                          "Index Name": "keyword_id_movie_keyword",
                          "Startup Cost": 0.0,
                          "Total Cost": 14892.35,
                          "Plan Rows": 710389,
                          "Plan Width": 0,
                          "Actual Startup Time": 38.065,
                          "Actual Total Time": 38.066,
                          "Actual Rows": 711658,
                          "Actual Loops": 1,
                          "Index Cond": "(keyword_id < 613)"
                        }
                      ]
                    },
                    {
                      "Node Type": "Hash",
                      "Parent Relationship": "Inner",
                      "Parallel Aware": true,
                      "Startup Cost": 43899.32,
                      "Total Cost": 43899.32,
                      "Plan Rows": 12832,
                      "Plan Width": 4,
                      "Actual Startup Time": 98.966,
                      "Actual Total Time": 98.967,
                      "Actual Rows": 11646,
                      "Actual Loops": 4,
                      "Hash Buckets": 65536,
                      "Original Hash Buckets": 65536,
                      "Hash Batches": 1,
                      "Original Hash Batches": 1,
                      "Peak Memory Usage": 2432,
                      "Plans": [
                        {
                          "Node Type": "Seq Scan",
                          "Parent Relationship": "Outer",
                          "Parallel Aware": true,
                          "Relation Name": "title",
                          "Alias": "t",
                          "Startup Cost": 0.0,
                          "Total Cost": 43899.32,
                          "Plan Rows": 12832,
                          "Plan Width": 4,
                          "Actual Startup Time": 0.037,
                          "Actual Total Time": 93.459,
                          "Actual Rows": 11646,
                          "Actual Loops": 4,
                          "Filter": "(production_year = 1998)",
                          "Rows Removed by Filter": 620432
                        }
                      ]
                    }
                  ]
                }
              ]
            }
          ]
        }
      ]
    },
    "Planning Time": 0.19,
    "Triggers": [],
    "Execution Time": 269.827
  }
]