[
  {
    "Plan": {
      "Node Type": "Aggregate",
      "Strategy": "Plain",
      "Partial Mode": "Finalize",
      "Parallel Aware": false,
      "Startup Cost": 91586.06,
      "Total Cost": 91586.07,
      "Plan Rows": 1,
      "Plan Width": 8,
      "Actual Startup Time": 394.783,
      "Actual Total Time": 411.935,
      "Actual Rows": 1,
      "Actual Loops": 1,
      "Plans": [
        {
          "Node Type": "Gather",
          "Parent Relationship": "Outer",
          "Parallel Aware": false,
          "Startup Cost": 91585.74,
          "Total Cost": 91586.05,
          "Plan Rows": 3,
          "Plan Width": 8,
          "Actual Startup Time": 392.643,
          "Actual Total Time": 411.926,
          "Actual Rows": 4,
          "Actual Loops": 1,
          "Workers Planned": 3,
          "Workers Launched": 3,
          "Single Copy": false,
          "Plans": [
            {
              "Node Type": "Aggregate",
              "Strategy": "Plain",
              "Partial Mode": "Partial",
              "Parent Relationship": "Outer",
              "Parallel Aware": false,
              "Startup Cost": 90585.74,
              "Total Cost": 90585.75,
              "Plan Rows": 1,
              "Plan Width": 8,
              "Actual Startup Time": 383.966,
              "Actual Total Time": 383.969,
              "Actual Rows": 1,
              "Actual Loops": 4,
              "Plans": [
                {
                  "Node Type": "Hash Join",
                  "Parent Relationship": "Outer",
                  "Parallel Aware": true,
                  "Join Type": "Inner",
                  "Startup Cost": 47003.67,
                  "Total Cost": 89881.75,
                  "Plan Rows": 281595,
                  "Plan Width": 0,
                  "Actual Startup Time": 177.482,
                  "Actual Total Time": 366.011,
                  "Actual Rows": 405969,
                  "Actual Loops": 4,
                  "Inner Unique": true,
                  "Hash Cond": "(mk.movie_id = t.id)",
                  "Plans": [
                    {
                      "Node Type": "Seq Scan",
                      "Parent Relationship": "Outer",
                      "Parallel Aware": true,
                      "Relation Name": "movie_keyword",
                      "Alias": "mk",
                      "Startup Cost": 0.0,
                      "Total Cost": 39047.32,
                      "Plan Rows": 1459332,
                      "Plan Width": 4,
                      "Actual Startup Time": 0.027,
                      "Actual Total Time": 93.039,
                      "Actual Rows": 1130982,
                      "Actual Loops": 4
                    },
                    {
                      "Node Type": "Hash",
                      "Parent Relationship": "Inner",
                      "Parallel Aware": true,
                      "Startup Cost": 45479.1,
                      "Total Cost": 45479.1,
                      "Plan Rows": 121966,
                      "Plan Width": 4,
                      "Actual Startup Time": 135.117,
                      "Actual Total Time": 135.117,
                      "Actual Rows": 89968,
                      "Actual Loops": 4,
                      "Hash Buckets": 524288,
                      "Original Hash Buckets": 524288,
                      "Hash Batches": 1,
                      "Original Hash Batches": 1,
                      "Peak Memory Usage": 18272,
                      "Plans": [
                        {
                          "Node Type": "Seq Scan",
                          "Parent Relationship": "Outer",
                          "Parallel Aware": true,
                          "Relation Name": "title",
                          "Alias": "t",
                          "Startup Cost": 0.0,
                          "Total Cost": 45479.1,
                          "Plan Rows": 121966,
                          "Plan Width": 4,
                          "Actual Startup Time": 48.22,
                          "Actual Total Time": 104.69,
                          "Actual Rows": 89968,
                          "Actual Loops": 4,
                          "Filter": "((production_year > 1985) AND (kind_id = 1))",
                          "Rows Removed by Filter": 542110
                        }
                      ]
                    }
                  ]
                }
              ]
            }
          ]
        }
      ]
    },
    "Planning Time": 0.656,
    "Triggers": [],
    "Execution Time": 412.002
  }
]