{
  "Plan": {
    "Node Type": "Aggregate",
    "Strategy": "Plain",
    "Partial Mode": "Simple",
    "Parallel Aware": false,
    "Startup Cost": 20264.69,
    "Total Cost": 20264.7,
    "Plan Rows": 1,
    "Plan Width": 96,
    "Actual Startup Time": 199.083,
    "Actual Total Time": 229.939,
    "Actual Rows": 1,
    "Actual Loops": 1,
    "Plans": [
      {
        "Node Type": "Gather",
        "Parent Relationship": "Outer",
        "Parallel Aware": false,
        "Startup Cost": 1004.43,
        "Total Cost": 20264.68,
        "Plan Rows": 1,
        "Plan Width": 66,
        "Actual Startup Time": 108.594,
        "Actual Total Time": 229.92,
        "Actual Rows": 11,
        "Actual Loops": 1,
        "Workers Planned": 1,
        "Workers Launched": 1,
        "Single Copy": false,
        "Plans": [
          {
            "Node Type": "Nested Loop",
            "Parent Relationship": "Outer",
            "Parallel Aware": false,
            "Join Type": "Inner",
            "Startup Cost": 4.43,
            "Total Cost": 19264.58,
            "Plan Rows": 1,
            "Plan Width": 66,
            "Actual Startup Time": 141.404,
            "Actual Total Time": 191.801,
            "Actual Rows": 6,
            "Actual Loops": 2,
            "Inner Unique": true,
            "Plans": [
              {
                "Node Type": "Nested Loop",
                "Parent Relationship": "Outer",
                "Parallel Aware": false,
                "Join Type": "Inner",
                "Startup Cost": 4.0,
                "Total Cost": 19263.89,
                "Plan Rows": 1,
                "Plan Width": 70,
                "Actual Startup Time": 41.542,
                "Actual Total Time": 190.189,
                "Actual Rows": 134,
                "Actual Loops": 2,
                "Inner Unique": false,
                "Plans": [
                  {
                    "Node Type": "Nested Loop",
                    "Parent Relationship": "Outer",
                    "Parallel Aware": false,
                    "Join Type": "Inner",
                    "Startup Cost": 3.43,
                    "Total Cost": 19260.49,
                    "Plan Rows": 1,
                    "Plan Width": 78,
                    "Actual Startup Time": 24.421,
                    "Actual Total Time": 170.392,
                    "Actual Rows": 179,
                    "Actual Loops": 2,
                    "Inner Unique": true,
                    "Plans": [
                      {
                        "Node Type": "Nested Loop",
                        "Parent Relationship": "Outer",
                        "Parallel Aware": false,
                        "Join Type": "Inner",
                        "Startup Cost": 3.29,
                        "Total Cost": 19260.15,
                        "Plan Rows": 2,
                        "Plan Width": 82,
                        "Actual Startup Time": 24.406,
                        "Actual Total Time": 170.103,
                        "Actual Rows": 179,
                        "Actual Loops": 2,
                        "Inner Unique": false,
                        "Plans": [
                          {
                            "Node Type": "Nested Loop",
                            "Parent Relationship": "Outer",
                            "Parallel Aware": false,
                            "Join Type": "Inner",
                            "Startup Cost": 2.86,
                            "Total Cost": 19073.64,
                            "Plan Rows": 79,
                            "Plan Width": 31,
                            "Actual Startup Time": 3.59,
                            "Actual Total Time": 109.316,
                            "Actual Rows": 3076,
                            "Actual Loops": 2,
                            "Inner Unique": true,
                            "Plans": [
                              {
                                "Node Type": "Hash Join",
                                "Parent Relationship": "Outer",
                                "Parallel Aware": false,
                                "Join Type": "Inner",
                                "Startup Cost": 2.43,
                                "Total Cost": 18163.1,
                                "Plan Rows": 255,
                                "Plan Width": 10,
                                "Actual Startup Time": 0.592,
                                "Actual Total Time": 66.498,
                                "Actual Rows": 7924,
                                "Actual Loops": 2,
                                "Inner Unique": true,
                                "Hash Cond": "(mi_idx.info_type_id = it2.id)",
                                "Plans": [
                                  {
                                    "Node Type": "Seq Scan",
                                    "Parent Relationship": "Outer",
                                    "Parallel Aware": true,
                                    "Relation Name": "movie_info_idx",
                                    "Alias": "mi_idx",
                                    "Startup Cost": 0.0,
                                    "Total Cost": 18082.32,
                                    "Plan Rows": 28769,
                                    "Plan Width": 14,
                                    "Actual Startup Time": 0.06,
                                    "Actual Total Time": 62.86,
                                    "Actual Rows": 26314,
                                    "Actual Loops": 2,
                                    "Filter": "(info > '8.0'::text)",
                                    "Rows Removed by Filter": 663703
                                  },
                                  {
                                    "Node Type": "Hash",
                                    "Parent Relationship": "Inner",
                                    "Parallel Aware": false,
                                    "Startup Cost": 2.41,
                                    "Total Cost": 2.41,
                                    "Plan Rows": 1,
                                    "Plan Width": 4,
                                    "Actual Startup Time": 0.084,
                                    "Actual Total Time": 0.085,
                                    "Actual Rows": 1,
                                    "Actual Loops": 2,
                                    "Hash Buckets": 1024,
                                    "Original Hash Buckets": 1024,
                                    "Hash Batches": 1,
                                    "Original Hash Batches": 1,
                                    "Peak Memory Usage": 9,
                                    "Plans": [
                                      {
                                        "Node Type": "Seq Scan",
                                        "Parent Relationship": "Outer",
                                        "Parallel Aware": false,
                                        "Relation Name": "info_type",
                                        "Alias": "it2",
                                        "Startup Cost": 0.0,
                                        "Total Cost": 2.41,
                                        "Plan Rows": 1,
                                        "Plan Width": 4,
                                        "Actual Startup Time": 0.063,
                                        "Actual Total Time": 0.068,
                                        "Actual Rows": 1,
                                        "Actual Loops": 2,
                                        "Filter": "((info)::text = 'rating'::text)",
                                        "Rows Removed by Filter": 112
                                      }
                                    ]
                                  }
                                ]
                              },
                              {
                                "Node Type": "Index Scan",
                                "Parent Relationship": "Inner",
                                "Parallel Aware": false,
                                "Scan Direction": "Forward",
                                "Index Name": "title_pkey",
                                "Relation Name": "title",
                                "Alias": "t",
                                "Startup Cost": 0.43,
                                "Total Cost": 3.57,
                                "Plan Rows": 1,
                                "Plan Width": 21,
                                "Actual Startup Time": 0.005,
                                "Actual Total Time": 0.005,
                                "Actual Rows": 0,
                                "Actual Loops": 15849,
                                "Index Cond": "(id = mi_idx.movie_id)",
                                "Rows Removed by Index Recheck": 0,
                                "Filter": "((production_year >= 2008) AND (production_year <= 2014))",
                                "Rows Removed by Filter": 1
                              }
                            ]
                          },
                          {
                            "Node Type": "Index Scan",
                            "Parent Relationship": "Inner",
                            "Parallel Aware": false,
                            "Scan Direction": "Forward",
                            "Index Name": "movie_id_movie_info",
                            "Relation Name": "movie_info",
                            "Alias": "mi",
                            "Startup Cost": 0.43,
                            "Total Cost": 2.35,
                            "Plan Rows": 1,
                            "Plan Width": 51,
                            "Actual Startup Time": 0.019,
                            "Actual Total Time": 0.019,
                            "Actual Rows": 0,
                            "Actual Loops": 6152,
                            "Index Cond": "(movie_id = t.id)",
                            "Rows Removed by Index Recheck": 0,
                            "Filter": "((note IS NULL) AND (info = ANY ('{Horror,Thriller}'::text[])))",
                            "Rows Removed by Filter": 18
                          }
                        ]
                      },
                      {
                        "Node Type": "Index Scan",
                        "Parent Relationship": "Inner",
                        "Parallel Aware": false,
                        "Scan Direction": "Forward",
                        "Index Name": "info_type_pkey",
                        "Relation Name": "info_type",
                        "Alias": "it1",
                        "Startup Cost": 0.14,
                        "Total Cost": 0.16,
                        "Plan Rows": 1,
                        "Plan Width": 4,
                        "Actual Startup Time": 0.001,
                        "Actual Total Time": 0.001,
                        "Actual Rows": 1,
                        "Actual Loops": 358,
                        "Index Cond": "(id = mi.info_type_id)",
                        "Rows Removed by Index Recheck": 0,
                        "Filter": "((info)::text = 'genres'::text)",
                        "Rows Removed by Filter": 0
                      }
                    ]
                  },
                  {
                    "Node Type": "Index Scan",
                    "Parent Relationship": "Inner",
                    "Parallel Aware": false,
                    "Scan Direction": "Forward",
                    "Index Name": "movie_id_cast_info",
                    "Relation Name": "cast_info",
                    "Alias": "ci",
                    "Startup Cost": 0.56,
                    "Total Cost": 3.38,
                    "Plan Rows": 1,
                    "Plan Width": 8,
                    "Actual Startup Time": 0.085,
                    "Actual Total Time": 0.11,
                    "Actual Rows": 1,
                    "Actual Loops": 358,
                    "Index Cond": "(movie_id = t.id)",
                    "Rows Removed by Index Recheck": 0,
                    "Filter": "(note = ANY ('{(writer),\"(head writer)\",\"(written by)\",(story),\"(story editor)\"}'::text[]))",
                    "Rows Removed by Filter": 34
                  }
                ]
              },
              {
                "Node Type": "Index Scan",
                "Parent Relationship": "Inner",
                "Parallel Aware": false,
                "Scan Direction": "Forward",
                "Index Name": "name_pkey",
                "Relation Name": "name",
                "Alias": "n",
                "Startup Cost": 0.43,
                "Total Cost": 0.69,
                "Plan Rows": 1,
                "Plan Width": 4,
                "Actual Startup Time": 0.012,
                "Actual Total Time": 0.012,
                "Actual Rows": 0,
                "Actual Loops": 268,
                "Index Cond": "(id = ci.person_id)",
                "Rows Removed by Index Recheck": 0,
                "Filter": "((gender IS NOT NULL) AND ((gender)::text = 'f'::text))",
                "Rows Removed by Filter": 1
              }
            ]
          }
        ]
      }
    ]
  },
  "Planning Time": 2.099,
  "Triggers": [],
  "Execution Time": 230.084
}