[
  {
    "Plan": {
      "Node Type": "Aggregate",
      "Strategy": "Plain",
      "Partial Mode": "Finalize",
      "Parallel Aware": false,
      "Startup Cost": 31043.33,
      "Total Cost": 31043.34,
      "Plan Rows": 1,
      "Plan Width": 8,
      "Actual Startup Time": 95.119,
      "Actual Total Time": 101.4,
      "Actual Rows": 1,
      "Actual Loops": 1,
      "Plans": [
        {
          "Node Type": "Gather",
          "Parent Relationship": "Outer",
          "Parallel Aware": false,
          "Startup Cost": 31043.01,
          "Total Cost": 31043.32,
          "Plan Rows": 3,
          "Plan Width": 8,
          "Actual Startup Time": 95.013,
          "Actual Total Time": 101.393,
          "Actual Rows": 4,
          "Actual Loops": 1,
          "Workers Planned": 3,
          "Workers Launched": 3,
          "Single Copy": false,
          "Plans": [
            {
              "Node Type": "Aggregate",
              "Strategy": "Plain",
              "Partial Mode": "Partial",
              "Parent Relationship": "Outer",
              "Parallel Aware": false,
              "Startup Cost": 30043.01,
              "Total Cost": 30043.02,
              "Plan Rows": 1,
              "Plan Width": 8,
              "Actual Startup Time": 86.876,
              "Actual Total Time": 86.877,
              "Actual Rows": 1,
              "Actual Loops": 4,
              "Plans": [
                {
                  "Node Type": "Seq Scan",
                  "Parent Relationship": "Outer",
                  "Parallel Aware": true,
                  "Relation Name": "movie_companies",
                  "Alias": "mc",
                  "Startup Cost": 0.0,
                  "Total Cost": 29310.68,
                  "Plan Rows": 292933,
                  "Plan Width": 0,
                  "Actual Startup Time": 24.79,
                  "Actual Total Time": 77.144,
                  "Actual Rows": 225037,
                  "Actual Loops": 4,
                  "Filter": "(company_id > 21417)",
                  "Rows Removed by Filter": 427245
                }
              ]
            }
          ]
        }
      ]
    },
    "Planning Time": 0.204,
    "Triggers": [],
    "Execution Time": 101.46
  }
]