[
  {
    "Plan": {
      "Node Type": "Aggregate",
      "Strategy": "Plain",
      "Partial Mode": "Finalize",
      "Parallel Aware": false,
      "Startup Cost": 31024.98,
      "Total Cost": 31024.99,
      "Plan Rows": 1,
      "Plan Width": 8,
      "Actual Startup Time": 93.797,
      "Actual Total Time": 101.101,
      "Actual Rows": 1,
      "Actual Loops": 1,
      "Plans": [
        {
          "Node Type": "Gather",
          "Parent Relationship": "Outer",
          "Parallel Aware": false,
          "Startup Cost": 31024.66,
          "Total Cost": 31024.97,
          "Plan Rows": 3,
          "Plan Width": 8,
          "Actual Startup Time": 93.693,
          "Actual Total Time": 101.094,
          "Actual Rows": 4,
          "Actual Loops": 1,
          "Workers Planned": 3,
          "Workers Launched": 3,
          "Single Copy": false,
          "Plans": [
            {
              "Node Type": "Aggregate",
              "Strategy": "Plain",
              "Partial Mode": "Partial",
              "Parent Relationship": "Outer",
              "Parallel Aware": false,
              "Startup Cost": 30024.66,
              "Total Cost": 30024.67,
              "Plan Rows": 1,
              "Plan Width": 8,
              "Actual Startup Time": 87.255,
              "Actual Total Time": 87.256,
              "Actual Rows": 1,
              "Actual Loops": 4,
              "Plans": [
                {
                  "Node Type": "Seq Scan",
                  "Parent Relationship": "Outer",
                  "Parallel Aware": true,
                  "Relation Name": "movie_companies",
                  "Alias": "mc",
                  "Startup Cost": 0.0,
                  "Total Cost": 29310.68,
                  "Plan Rows": 285591,
                  "Plan Width": 0,
                  "Actual Startup Time": 23.287,
                  "Actual Total Time": 77.768,
                  "Actual Rows": 225037,
                  "Actual Loops": 4,
                  "Filter": "(company_id > 21417)",
                  "Rows Removed by Filter": 427245
                }
              ]
            }
          ]
        }
      ]
    },
    "Planning Time": 0.186,
    "Triggers": [],
    "Execution Time": 101.156
  }
]