[
  {
    "Plan": {
      "Node Type": "Aggregate",
      "Strategy": "Plain",
      "Partial Mode": "Finalize",
      "Parallel Aware": false,
      "Startup Cost": 125934.75,
      "Total Cost": 125934.76,
      "Plan Rows": 1,
      "Plan Width": 8,
      "Actual Startup Time": 658.733,
      "Actual Total Time": 679.026,
      "Actual Rows": 1,
      "Actual Loops": 1,
      "Plans": [
        {
          "Node Type": "Gather",
          "Parent Relationship": "Outer",
          "Parallel Aware": false,
          "Startup Cost": 125934.44,
          "Total Cost": 125934.75,
          "Plan Rows": 3,
          "Plan Width": 8,
          "Actual Startup Time": 655.341,
          "Actual Total Time": 679.019,
          "Actual Rows": 4,
          "Actual Loops": 1,
          "Workers Planned": 3,
          "Workers Launched": 3,
          "Single Copy": false,
          "Plans": [
            {
              "Node Type": "Aggregate",
              "Strategy": "Plain",
              "Partial Mode": "Partial",
              "Parent Relationship": "Outer",
              "Parallel Aware": false,
              "Startup Cost": 124934.44,
              "Total Cost": 124934.45,
              "Plan Rows": 1,
              "Plan Width": 8,
              "Actual Startup Time": 646.248,
              "Actual Total Time": 646.252,
              "Actual Rows": 1,
              "Actual Loops": 4,
              "Plans": [
                {
                  "Node Type": "Hash Join",
                  "Parent Relationship": "Outer",
                  "Parallel Aware": true,
                  "Join Type": "Inner",
                  "Startup Cost": 78918.42,
                  "Total Cost": 124186.34,
                  "Plan Rows": 299240,
                  "Plan Width": 0,
                  "Actual Startup Time": 375.726,
                  "Actual Total Time": 610.778,
                  "Actual Rows": 921917,
                  "Actual Loops": 4,
                  "Inner Unique": false,
                  "Hash Cond": "(mk.movie_id = t.id)",
                  "Plans": [
                    {
                      "Node Type": "Seq Scan",
                      "Parent Relationship": "Outer",
                      "Parallel Aware": true,
                      "Relation Name": "movie_keyword",
                      "Alias": "mk",
                      "Startup Cost": 0.0,
                      "Total Cost": 39047.32,
                      "Plan Rows": 1459332,
                      "Plan Width": 4,
                      "Actual Startup Time": 0.023,
                      "Actual Total Time": 80.752,
                      "Actual Rows": 1130982,
                      "Actual Loops": 4
                    },
                    {
                      "Node Type": "Hash",
                      "Parent Relationship": "Inner",
                      "Parallel Aware": true,
                      "Startup Cost": 77298.32,
                      "Total Cost": 77298.32,
                      "Plan Rows": 129608,
                      "Plan Width": 8,
                      "Actual Startup Time": 369.834,
                      "Actual Total Time": 369.838,
                      "Actual Rows": 132276,
                      "Actual Loops": 4,
                      "Hash Buckets": 1048576,
                      "Original Hash Buckets": 524288,
                      "Hash Batches": 1,
                      "Original Hash Batches": 1,
                      "Peak Memory Usage": 33024,
                      "Plans": [
                        {
                          "Node Type": "Hash Join",
                          "Parent Relationship": "Outer",
                          "Parallel Aware": true,
                          "Join Type": "Inner",
                          "Startup Cost": 31401.13,
                          "Total Cost": 77298.32,
                          "Plan Rows": 129608,
                          "Plan Width": 8,
                          "Actual Startup Time": 121.567,
                          "Actual Total Time": 324.098,
                          "Actual Rows": 132276,
                          "Actual Loops": 4,
                          "Inner Unique": false,
                          "Hash Cond": "(t.id = mc.movie_id)",
                          "Plans": [
                            {
                              "Node Type": "Seq Scan",
                              "Parent Relationship": "Outer",
                              "Parallel Aware": true,
                              "Relation Name": "title",
                              "Alias": "t",
                              "Startup Cost": 0.0,
                              "Total Cost": 42318.73,
                              "Plan Rows": 632073,
                              "Plan Width": 4,
                              "Actual Startup Time": 0.008,
                              "Actual Total Time": 67.895,
                              "Actual Rows": 632078,
                              "Actual Loops": 4
                            },
                            {
                              "Node Type": "Hash",
                              "Parent Relationship": "Inner",
                              "Parallel Aware": true,
                              "Startup Cost": 29310.68,
                              "Total Cost": 29310.68,
                              "Plan Rows": 167236,
                              "Plan Width": 4,
                              "Actual Startup Time": 119.776,
                              "Actual Total Time": 119.777,
                              "Actual Rows": 132276,
                              "Actual Loops": 4,
                              "Hash Buckets": 1048576,
                              "Original Hash Buckets": 524288,
                              "Hash Batches": 1,
                              "Original Hash Batches": 1,
                              "Peak Memory Usage": 33024,
                              "Plans": [
                                {
                                  "Node Type": "Seq Scan",
                                  "Parent Relationship": "Outer",
                                  "Parallel Aware": true,
                                  "Relation Name": "movie_companies",
                                  "Alias": "mc",
                                  "Startup Cost": 0.0,
                                  "Total Cost": 29310.68,
                                  "Plan Rows": 167236,
                                  "Plan Width": 4,
                                  "Actual Startup Time": 45.766,
                                  "Actual Total Time": 76.28,
                                  "Actual Rows": 132276,
                                  "Actual Loops": 4,
                                  "Filter": "(company_id > 72796)",
                                  "Rows Removed by Filter": 520006
                                }
                              ]
                            }
                          ]
                        }
                      ]
                    }
                  ]
                }
              ]
            }
          ]
        }
      ]
    },
    "Planning Time": 1.42,
    "Triggers": [],
    "Execution Time": 679.106
  }
]