[
  {
    "Plan": {
      "Node Type": "Aggregate",
      "Strategy": "Plain",
      "Partial Mode": "Simple",
      "Parallel Aware": false,
      "Startup Cost": 5240.52,
      "Total Cost": 5240.53,
      "Plan Rows": 1,
      "Plan Width": 8,
      "Actual Startup Time": 8.518,
      "Actual Total Time": 8.521,
      "Actual Rows": 1,
      "Actual Loops": 1,
      "Plans": [
        {
          "Node Type": "Nested Loop",
          "Parent Relationship": "Outer",
          "Parallel Aware": false,
          "Join Type": "Inner",
          "Startup Cost": 1.43,
          "Total Cost": 5236.67,
          "Plan Rows": 1538,
          "Plan Width": 0,
          "Actual Startup Time": 1.841,
          "Actual Total Time": 8.272,
          "Actual Rows": 1129,
          "Actual Loops": 1,
          "Inner Unique": false,
          "Plans": [
            {
              "Node Type": "Nested Loop",
              "Parent Relationship": "Outer",
              "Parallel Aware": false,
              "Join Type": "Inner",
              "Startup Cost": 0.99,
              "Total Cost": 4670.52,
              "Plan Rows": 263,
              "Plan Width": 8,
              "Actual Startup Time": 1.816,
              "Actual Total Time": 4.245,
              "Actual Rows": 241,
              "Actual Loops": 1,
              "Inner Unique": true,
              "Plans": [
                {
                  "Node Type": "Index Scan",
                  "Parent Relationship": "Outer",
                  "Parallel Aware": false,
                  "Scan Direction": "Forward",
                  "Index Name": "person_id_cast_info",
                  "Relation Name": "cast_info",
                  "Alias": "ci",
                  "Startup Cost": 0.56,
                  "Total Cost": 1059.67,
                  "Plan Rows": 433,
                  "Plan Width": 4,
                  "Actual Startup Time": 0.641,
                  "Actual Total Time": 0.9,
                  "Actual Rows": 345,
                  "Actual Loops": 1,
                  "Index Cond": "(person_id = 2139966)",
                  "Rows Removed by Index Recheck": 0,
                  "Filter": "(role_id < 10)",
                  "Rows Removed by Filter": 0
                },
                {
                  "Node Type": "Index Scan",
                  "Parent Relationship": "Inner",
                  "Parallel Aware": false,
                  "Scan Direction": "Forward",
                  "Index Name": "title_pkey",
                  "Relation Name": "title",
                  "Alias": "t",
                  "Startup Cost": 0.43,
                  "Total Cost": 8.34,
                  "Plan Rows": 1,
                  "Plan Width": 4,
                  "Actual Startup Time": 0.009,
                  "Actual Total Time": 0.009,
                  "Actual Rows": 1,
                  "Actual Loops": 345,
                  "Index Cond": "(id = ci.movie_id)",
                  "Rows Removed by Index Recheck": 0,
                  "Filter": "(kind_id = 7)",
                  "Rows Removed by Filter": 0
                }
              ]
            },
            {
              "Node Type": "Index Only Scan",
              "Parent Relationship": "Inner",
              "Parallel Aware": false,
              "Scan Direction": "Forward",
              "Index Name": "movie_id_movie_info",
              "Relation Name": "movie_info",
              "Alias": "mi",
              "Startup Cost": 0.43,
              "Total Cost": 1.73,
              "Plan Rows": 42,
              "Plan Width": 4,
              "Actual Startup Time": 0.009,
              "Actual Total Time": 0.015,
              "Actual Rows": 5,
              "Actual Loops": 241,
              "Index Cond": "(movie_id = t.id)",
              "Rows Removed by Index Recheck": 0,
              "Heap Fetches": 1129
            }
          ]
        }
      ]
    },
    "Planning Time": 1.361,
    "Triggers": [],
    "Execution Time": 8.599
  }
]