[
    {
        "Bao": {
            "Bao prediction": "NaN",
            "Bao recommended hint": "(no hint)"
        }
    },
    {
        "Plan": {
            "Node Type": "Aggregate",
            "Strategy": "Plain",
            "Partial Mode": "Finalize",
            "Parallel Aware": false,
            "Startup Cost": 372077.71,
            "Total Cost": 372077.72,
            "Plan Rows": 1,
            "Plan Width": 8,
            "Actual Startup Time": 849.833,
            "Actual Total Time": 871.922,
            "Actual Rows": 1,
            "Actual Loops": 1,
            "Output": [
                "count(*)"
            ],
            "Plans": [
                {
                    "Node Type": "Gather",
                    "Parent Relationship": "Outer",
                    "Parallel Aware": false,
                    "Startup Cost": 372077.08,
                    "Total Cost": 372077.69,
                    "Plan Rows": 6,
                    "Plan Width": 8,
                    "Actual Startup Time": 845.531,
                    "Actual Total Time": 871.912,
                    "Actual Rows": 7,
                    "Actual Loops": 1,
                    "Output": [
                        "(PARTIAL count(*))"
                    ],
                    "Workers Planned": 6,
                    "Workers Launched": 6,
                    "Single Copy": false,
                    "Plans": [
                        {
                            "Node Type": "Aggregate",
                            "Strategy": "Plain",
                            "Partial Mode": "Partial",
                            "Parent Relationship": "Outer",
                            "Parallel Aware": false,
                            "Startup Cost": 371077.08,
                            "Total Cost": 371077.09,
                            "Plan Rows": 1,
                            "Plan Width": 8,
                            "Actual Startup Time": 834.755,
                            "Actual Total Time": 834.759,
                            "Actual Rows": 1,
                            "Actual Loops": 7,
                            "Output": [
                                "PARTIAL count(*)"
                            ],
                            "Workers": [
                                {
                                    "Worker Number": 0,
                                    "Actual Startup Time": 832.312,
                                    "Actual Total Time": 832.316,
                                    "Actual Rows": 1,
                                    "Actual Loops": 1
                                },
                                {
                                    "Worker Number": 1,
                                    "Actual Startup Time": 832.725,
                                    "Actual Total Time": 832.728,
                                    "Actual Rows": 1,
                                    "Actual Loops": 1
                                },
                                {
                                    "Worker Number": 2,
                                    "Actual Startup Time": 833.003,
                                    "Actual Total Time": 833.006,
                                    "Actual Rows": 1,
                                    "Actual Loops": 1
                                },
                                {
                                    "Worker Number": 3,
                                    "Actual Startup Time": 833.024,
                                    "Actual Total Time": 833.028,
                                    "Actual Rows": 1,
                                    "Actual Loops": 1
                                },
                                {
                                    "Worker Number": 4,
                                    "Actual Startup Time": 833.565,
                                    "Actual Total Time": 833.568,
                                    "Actual Rows": 1,
                                    "Actual Loops": 1
                                },
                                {
                                    "Worker Number": 5,
                                    "Actual Startup Time": 833.929,
                                    "Actual Total Time": 833.932,
                                    "Actual Rows": 1,
                                    "Actual Loops": 1
                                }
                            ],
                            "Plans": [
                                {
                                    "Node Type": "Hash Join",
                                    "Parent Relationship": "Outer",
                                    "Parallel Aware": true,
                                    "Join Type": "Inner",
                                    "Startup Cost": 46766.05,
                                    "Total Cost": 370841.96,
                                    "Plan Rows": 94048,
                                    "Plan Width": 0,
                                    "Actual Startup Time": 110.139,
                                    "Actual Total Time": 821.293,
                                    "Actual Rows": 211473,
                                    "Actual Loops": 7,
                                    "Inner Unique": true,
                                    "Hash Cond": "(ci.movie_id = t.id)",
                                    "Workers": [
                                        {
                                            "Worker Number": 0,
                                            "Actual Startup Time": 107.557,
                                            "Actual Total Time": 818.818,
                                            "Actual Rows": 172334,
                                            "Actual Loops": 1
                                        },
                                        {
                                            "Worker Number": 1,
                                            "Actual Startup Time": 107.98,
                                            "Actual Total Time": 819.218,
                                            "Actual Rows": 179837,
                                            "Actual Loops": 1
                                        },
                                        {
                                            "Worker Number": 2,
                                            "Actual Startup Time": 108.586,
                                            "Actual Total Time": 818.744,
                                            "Actual Rows": 189617,
                                            "Actual Loops": 1
                                        },
                                        {
                                            "Worker Number": 3,
                                            "Actual Startup Time": 108.267,
                                            "Actual Total Time": 819.733,
                                            "Actual Rows": 175212,
                                            "Actual Loops": 1
                                        },
                                        {
                                            "Worker Number": 4,
                                            "Actual Startup Time": 108.89,
                                            "Actual Total Time": 820.711,
                                            "Actual Rows": 273080,
                                            "Actual Loops": 1
                                        },
                                        {
                                            "Worker Number": 5,
                                            "Actual Startup Time": 109.475,
                                            "Actual Total Time": 819.781,
                                            "Actual Rows": 187980,
                                            "Actual Loops": 1
                                        }
                                    ],
                                    "Plans": [
                                        {
                                            "Node Type": "Index Scan",
                                            "Parent Relationship": "Outer",
                                            "Parallel Aware": true,
                                            "Scan Direction": "Forward",
                                            "Index Name": "role_id_cast_info",
                                            "Relation Name": "cast_info",
                                            "Schema": "public",
                                            "Alias": "ci",
                                            "Startup Cost": 0.56,
                                            "Total Cost": 322560.04,
                                            "Plan Rows": 577694,
                                            "Plan Width": 4,
                                            "Actual Startup Time": 0.146,
                                            "Actual Total Time": 418.01,
                                            "Actual Rows": 1121500,
                                            "Actual Loops": 7,
                                            "Output": [
                                                "ci.id",
                                                "ci.person_id",
                                                "ci.movie_id",
                                                "ci.person_role_id",
                                                "ci.note",
                                                "ci.nr_order",
                                                "ci.role_id"
                                            ],
                                            "Index Cond": "(ci.role_id > 3)",
                                            "Rows Removed by Index Recheck": 0,
                                            "Filter": "(ci.person_id > 2658697)",
                                            "Rows Removed by Filter": 609021,
                                            "Workers": [
                                                {
                                                    "Worker Number": 0,
                                                    "Actual Startup Time": 0.076,
                                                    "Actual Total Time": 416.313,
                                                    "Actual Rows": 910234,
                                                    "Actual Loops": 1
                                                },
                                                {
                                                    "Worker Number": 1,
                                                    "Actual Startup Time": 0.214,
                                                    "Actual Total Time": 411.626,
                                                    "Actual Rows": 946613,
                                                    "Actual Loops": 1
                                                },
                                                {
                                                    "Worker Number": 2,
                                                    "Actual Startup Time": 0.293,
                                                    "Actual Total Time": 430.432,
                                                    "Actual Rows": 1008646,
                                                    "Actual Loops": 1
                                                },
                                                {
                                                    "Worker Number": 3,
                                                    "Actual Startup Time": 0.119,
                                                    "Actual Total Time": 410.265,
                                                    "Actual Rows": 949270,
                                                    "Actual Loops": 1
                                                },
                                                {
                                                    "Worker Number": 4,
                                                    "Actual Startup Time": 0.061,
                                                    "Actual Total Time": 421.463,
                                                    "Actual Rows": 1434338,
                                                    "Actual Loops": 1
                                                },
                                                {
                                                    "Worker Number": 5,
                                                    "Actual Startup Time": 0.131,
                                                    "Actual Total Time": 433.23,
                                                    "Actual Rows": 1006134,
                                                    "Actual Loops": 1
                                                }
                                            ]
                                        },
                                        {
                                            "Node Type": "Hash",
                                            "Parent Relationship": "Inner",
                                            "Parallel Aware": true,
                                            "Startup Cost": 45479.21,
                                            "Total Cost": 45479.21,
                                            "Plan Rows": 102902,
                                            "Plan Width": 4,
                                            "Actual Startup Time": 108.283,
                                            "Actual Total Time": 108.284,
                                            "Actual Rows": 65164,
                                            "Actual Loops": 7,
                                            "Output": [
                                                "t.id"
                                            ],
                                            "Hash Buckets": 524288,
                                            "Original Hash Buckets": 524288,
                                            "Hash Batches": 1,
                                            "Original Hash Batches": 1,
                                            "Peak Memory Usage": 22080,
                                            "Workers": [
                                                {
                                                    "Worker Number": 0,
                                                    "Actual Startup Time": 106.822,
                                                    "Actual Total Time": 106.824,
                                                    "Actual Rows": 53429,
                                                    "Actual Loops": 1
                                                },
                                                {
                                                    "Worker Number": 1,
                                                    "Actual Startup Time": 106.87,
                                                    "Actual Total Time": 106.871,
                                                    "Actual Rows": 52939,
                                                    "Actual Loops": 1
                                                },
                                                {
                                                    "Worker Number": 2,
                                                    "Actual Startup Time": 107.621,
                                                    "Actual Total Time": 107.622,
                                                    "Actual Rows": 56722,
                                                    "Actual Loops": 1
                                                },
                                                {
                                                    "Worker Number": 3,
                                                    "Actual Startup Time": 107.668,
                                                    "Actual Total Time": 107.669,
                                                    "Actual Rows": 53245,
                                                    "Actual Loops": 1
                                                },
                                                {
                                                    "Worker Number": 4,
                                                    "Actual Startup Time": 108.134,
                                                    "Actual Total Time": 108.136,
                                                    "Actual Rows": 82134,
                                                    "Actual Loops": 1
                                                },
                                                {
                                                    "Worker Number": 5,
                                                    "Actual Startup Time": 108.501,
                                                    "Actual Total Time": 108.502,
                                                    "Actual Rows": 55313,
                                                    "Actual Loops": 1
                                                }
                                            ],
                                            "Plans": [
                                                {
                                                    "Node Type": "Seq Scan",
                                                    "Parent Relationship": "Outer",
                                                    "Parallel Aware": true,
                                                    "Relation Name": "title",
                                                    "Schema": "public",
                                                    "Alias": "t",
                                                    "Startup Cost": 0.0,
                                                    "Total Cost": 45479.21,
                                                    "Plan Rows": 102902,
                                                    "Plan Width": 4,
                                                    "Actual Startup Time": 47.261,
                                                    "Actual Total Time": 81.535,
                                                    "Actual Rows": 65164,
                                                    "Actual Loops": 7,
                                                    "Output": [
                                                        "t.id"
                                                    ],
                                                    "Filter": "((t.production_year < 2007) AND (t.kind_id = 1))",
                                                    "Rows Removed by Filter": 296024,
                                                    "Workers": [
                                                        {
                                                            "Worker Number": 0,
                                                            "Actual Startup Time": 45.546,
                                                            "Actual Total Time": 80.545,
                                                            "Actual Rows": 53429,
                                                            "Actual Loops": 1
                                                        },
                                                        {
                                                            "Worker Number": 1,
                                                            "Actual Startup Time": 46.084,
                                                            "Actual Total Time": 80.57,
                                                            "Actual Rows": 52939,
                                                            "Actual Loops": 1
                                                        },
                                                        {
                                                            "Worker Number": 2,
                                                            "Actual Startup Time": 47.027,
                                                            "Actual Total Time": 82.689,
                                                            "Actual Rows": 56722,
                                                            "Actual Loops": 1
                                                        },
                                                        {
                                                            "Worker Number": 3,
                                                            "Actual Startup Time": 46.746,
                                                            "Actual Total Time": 81.263,
                                                            "Actual Rows": 53245,
                                                            "Actual Loops": 1
                                                        },
                                                        {
                                                            "Worker Number": 4,
                                                            "Actual Startup Time": 46.882,
                                                            "Actual Total Time": 81.106,
                                                            "Actual Rows": 82134,
                                                            "Actual Loops": 1
                                                        },
                                                        {
                                                            "Worker Number": 5,
                                                            "Actual Startup Time": 47.405,
                                                            "Actual Total Time": 82.82,
                                                            "Actual Rows": 55313,
                                                            "Actual Loops": 1
                                                        }
                                                    ]
                                                }
                                            ]
                                        }
                                    ]
                                }
                            ]
                        }
                    ]
                }
            ]
        },
        "Planning Time": 180.566,
        "Triggers": [],
        "Execution Time": 872.038
    }
]