[
  {
    "Plan": {
      "Node Type": "Aggregate",
      "Strategy": "Plain",
      "Partial Mode": "Finalize",
      "Parallel Aware": false,
      "Startup Cost": 110513.06,
      "Total Cost": 110513.07,
      "Plan Rows": 1,
      "Plan Width": 8,
      "Actual Startup Time": 558.252,
      "Actual Total Time": 580.946,
      "Actual Rows": 1,
      "Actual Loops": 1,
      "Plans": [
        {
          "Node Type": "Gather",
          "Parent Relationship": "Outer",
          "Parallel Aware": false,
          "Startup Cost": 110512.74,
          "Total Cost": 110513.05,
          "Plan Rows": 3,
          "Plan Width": 8,
          "Actual Startup Time": 555.023,
          "Actual Total Time": 580.937,
          "Actual Rows": 4,
          "Actual Loops": 1,
          "Workers Planned": 3,
          "Workers Launched": 3,
          "Single Copy": false,
          "Plans": [
            {
              "Node Type": "Aggregate",
              "Strategy": "Plain",
              "Partial Mode": "Partial",
              "Parent Relationship": "Outer",
              "Parallel Aware": false,
              "Startup Cost": 109512.74,
              "Total Cost": 109512.75,
              "Plan Rows": 1,
              "Plan Width": 8,
              "Actual Startup Time": 547.303,
              "Actual Total Time": 547.309,
              "Actual Rows": 1,
              "Actual Loops": 4,
              "Plans": [
                {
                  "Node Type": "Hash Join",
                  "Parent Relationship": "Outer",
                  "Parallel Aware": true,
                  "Join Type": "Inner",
                  "Startup Cost": 64589.46,
                  "Total Cost": 109343.3,
                  "Plan Rows": 67777,
                  "Plan Width": 0,
                  "Actual Startup Time": 395.48,
                  "Actual Total Time": 543.445,
                  "Actual Rows": 82779,
                  "Actual Loops": 4,
                  "Inner Unique": false,
                  "Hash Cond": "(mk.movie_id = t.id)",
                  "Plans": [
                    {
                      "Node Type": "Seq Scan",
                      "Parent Relationship": "Outer",
                      "Parallel Aware": true,
                      "Relation Name": "movie_keyword",
                      "Alias": "mk",
                      "Startup Cost": 0.0,
                      "Total Cost": 42695.65,
                      "Plan Rows": 503666,
                      "Plan Width": 4,
                      "Actual Startup Time": 0.042,
                      "Actual Total Time": 97.665,
                      "Actual Rows": 388773,
                      "Actual Loops": 4,
                      "Filter": "(keyword_id < 2319)",
                      "Rows Removed by Filter": 742209
                    },
                    {
                      "Node Type": "Hash",
                      "Parent Relationship": "Inner",
                      "Parallel Aware": true,
                      "Startup Cost": 63526.2,
                      "Total Cost": 63526.2,
                      "Plan Rows": 85061,
                      "Plan Width": 8,
                      "Actual Startup Time": 392.176,
                      "Actual Total Time": 392.18,
                      "Actual Rows": 62511,
                      "Actual Loops": 4,
                      "Hash Buckets": 524288,
                      "Original Hash Buckets": 524288,
                      "Hash Batches": 1,
                      "Original Hash Batches": 1,
                      "Peak Memory Usage": 13952,
                      "Plans": [
                        {
                          "Node Type": "Hash Join",
                          "Parent Relationship": "Outer",
                          "Parallel Aware": true,
                          "Join Type": "Inner",
                          "Startup Cost": 17520.97,
                          "Total Cost": 63526.2,
                          "Plan Rows": 85061,
                          "Plan Width": 8,
                          "Actual Startup Time": 131.792,
                          "Actual Total Time": 351.976,
                          "Actual Rows": 62511,
                          "Actual Loops": 4,
                          "Inner Unique": false,
                          "Hash Cond": "(t.id = mi_idx.movie_id)",
                          "Plans": [
                            {
                              "Node Type": "Seq Scan",
                              "Parent Relationship": "Outer",
                              "Parallel Aware": true,
                              "Relation Name": "title",
                              "Alias": "t",
                              "Startup Cost": 0.0,
                              "Total Cost": 43899.32,
                              "Plan Rows": 467063,
                              "Plan Width": 4,
                              "Actual Startup Time": 0.016,
                              "Actual Total Time": 102.151,
                              "Actual Rows": 466372,
                              "Actual Loops": 4,
                              "Filter": "(kind_id > 1)",
                              "Rows Removed by Filter": 165706
                            },
                            {
                              "Node Type": "Hash",
                              "Parent Relationship": "Inner",
                              "Parallel Aware": true,
                              "Startup Cost": 15122.68,
                              "Total Cost": 15122.68,
                              "Plan Rows": 191863,
                              "Plan Width": 4,
                              "Actual Startup Time": 128.482,
                              "Actual Total Time": 128.483,
                              "Actual Rows": 114981,
                              "Actual Loops": 4,
                              "Hash Buckets": 524288,
                              "Original Hash Buckets": 524288,
                              "Hash Batches": 1,
                              "Original Hash Batches": 1,
                              "Peak Memory Usage": 22144,
                              "Plans": [
                                {
                                  "Node Type": "Seq Scan",
                                  "Parent Relationship": "Outer",
                                  "Parallel Aware": true,
                                  "Relation Name": "movie_info_idx",
                                  "Alias": "mi_idx",
                                  "Startup Cost": 0.0,
                                  "Total Cost": 15122.68,
                                  "Plan Rows": 191863,
                                  "Plan Width": 4,
                                  "Actual Startup Time": 0.071,
                                  "Actual Total Time": 51.03,
                                  "Actual Rows": 114981,
                                  "Actual Loops": 4,
                                  "Filter": "(info_type_id = 100)",
                                  "Rows Removed by Filter": 230028
                                }
                              ]
                            }
                          ]
                        }
                      ]
                    }
                  ]
                }
              ]
            }
          ]
        }
      ]
    },
    "Planning Time": 1.339,
    "Triggers": [],
    "Execution Time": 581.032
  }
]