[
  {
    "Plan": {
      "Node Type": "Aggregate",
      "Strategy": "Plain",
      "Partial Mode": "Finalize",
      "Parallel Aware": false,
      "Startup Cost": 332715.64,
      "Total Cost": 332715.65,
      "Plan Rows": 1,
      "Plan Width": 8,
      "Actual Startup Time": 620.6,
      "Actual Total Time": 680.017,
      "Actual Rows": 1,
      "Actual Loops": 1,
      "Plans": [
        {
          "Node Type": "Gather",
          "Parent Relationship": "Outer",
          "Parallel Aware": false,
          "Startup Cost": 332715.02,
          "Total Cost": 332715.63,
          "Plan Rows": 6,
          "Plan Width": 8,
          "Actual Startup Time": 620.47,
          "Actual Total Time": 680.008,
          "Actual Rows": 7,
          "Actual Loops": 1,
          "Workers Planned": 6,
          "Workers Launched": 6,
          "Single Copy": false,
          "Plans": [
            {
              "Node Type": "Aggregate",
              "Strategy": "Plain",
              "Partial Mode": "Partial",
              "Parent Relationship": "Outer",
              "Parallel Aware": false,
              "Startup Cost": 331715.02,
              "Total Cost": 331715.03,
              "Plan Rows": 1,
              "Plan Width": 8,
              "Actual Startup Time": 612.169,
              "Actual Total Time": 612.17,
              "Actual Rows": 1,
              "Actual Loops": 7,
              "Plans": [
                {
                  "Node Type": "Seq Scan",
                  "Parent Relationship": "Outer",
                  "Parallel Aware": true,
                  "Relation Name": "cast_info",
                  "Alias": "ci",
                  "Startup Cost": 0.0,
                  "Total Cost": 328162.03,
                  "Plan Rows": 1421197,
                  "Plan Width": 0,
                  "Actual Startup Time": 318.206,
                  "Actual Total Time": 559.626,
                  "Actual Rows": 1206408,
                  "Actual Loops": 7,
                  "Filter": "(person_id > 2841075)",
                  "Rows Removed by Filter": 3971355
                }
              ]
            }
          ]
        }
      ]
    },
    "Planning Time": 0.197,
    "Triggers": [],
    "Execution Time": 680.087
  }
]