{
  "Plan": {
    "Node Type": "Aggregate",
    "Strategy": "Plain",
    "Partial Mode": "Simple",
    "Parallel Aware": false,
    "Startup Cost": 3519.16,
    "Total Cost": 3519.17,
    "Plan Rows": 1,
    "Plan Width": 8,
    "Actual Startup Time": 100.199,
    "Actual Total Time": 100.201,
    "Actual Rows": 1,
    "Actual Loops": 1,
    "Plans": [
      {
        "Node Type": "Nested Loop",
        "Parent Relationship": "Outer",
        "Parallel Aware": false,
        "Join Type": "Inner",
        "Startup Cost": 7.35,
        "Total Cost": 3517.61,
        "Plan Rows": 619,
        "Plan Width": 0,
        "Actual Startup Time": 1.263,
        "Actual Total Time": 99.623,
        "Actual Rows": 8056,
        "Actual Loops": 1,
        "Inner Unique": false,
        "Plans": [
          {
            "Node Type": "Nested Loop",
            "Parent Relationship": "Outer",
            "Parallel Aware": false,
            "Join Type": "Inner",
            "Startup Cost": 6.78,
            "Total Cost": 3005.96,
            "Plan Rows": 248,
            "Plan Width": 8,
            "Actual Startup Time": 1.186,
            "Actual Total Time": 12.022,
            "Actual Rows": 1617,
            "Actual Loops": 1,
            "Inner Unique": true,
            "Plans": [
              {
                "Node Type": "Bitmap Heap Scan",
                "Parent Relationship": "Outer",
                "Parallel Aware": false,
                "Relation Name": "movie_keyword",
                "Alias": "mk",
                "Startup Cost": 6.35,
                "Total Cost": 922.98,
                "Plan Rows": 248,
                "Plan Width": 4,
                "Actual Startup Time": 1.156,
                "Actual Total Time": 3.702,
                "Actual Rows": 1617,
                "Actual Loops": 1,
                "Recheck Cond": "(keyword_id = 1613)",
                "Rows Removed by Index Recheck": 0,
                "Exact Heap Blocks": 1167,
                "Lossy Heap Blocks": 0,
                "Plans": [
                  {
                    "Node Type": "Bitmap Index Scan",
                    "Parent Relationship": "Outer",
                    "Parallel Aware": false,
                    "Index Name": "keyword_id_movie_keyword",
                    "Startup Cost": 0.0,
                    "Total Cost": 6.29,
                    "Plan Rows": 248,
                    "Plan Width": 0,
                    "Actual Startup Time": 0.698,
                    "Actual Total Time": 0.698,
                    "Actual Rows": 1617,
                    "Actual Loops": 1,
                    "Index Cond": "(keyword_id = 1613)"
                  }
                ]
              },
              {
                "Node Type": "Index Only Scan",
                "Parent Relationship": "Inner",
                "Parallel Aware": false,
                "Scan Direction": "Forward",
                "Index Name": "title_pkey",
                "Relation Name": "title",
                "Alias": "t",
                "Startup Cost": 0.43,
                "Total Cost": 8.4,
                "Plan Rows": 1,
                "Plan Width": 4,
                "Actual Startup Time": 0.005,
                "Actual Total Time": 0.005,
                "Actual Rows": 1,
                "Actual Loops": 1617,
                "Index Cond": "(id = mk.movie_id)",
                "Rows Removed by Index Recheck": 0,
                "Heap Fetches": 1617
              }
            ]
          },
          {
            "Node Type": "Index Scan",
            "Parent Relationship": "Inner",
            "Parallel Aware": false,
            "Scan Direction": "Forward",
            "Index Name": "movie_id_cast_info",
            "Relation Name": "cast_info",
            "Alias": "ci",
            "Startup Cost": 0.56,
            "Total Cost": 2.0,
            "Plan Rows": 6,
            "Plan Width": 4,
            "Actual Startup Time": 0.026,
            "Actual Total Time": 0.053,
            "Actual Rows": 5,
            "Actual Loops": 1617,
            "Index Cond": "(movie_id = t.id)",
            "Rows Removed by Index Recheck": 0,
            "Filter": "((person_id < 3168726) AND (role_id = 2))",
            "Rows Removed by Filter": 34
          }
        ]
      }
    ]
  },
  "Planning Time": 0.94,
  "Triggers": [],
  "Execution Time": 100.289
}