{
  "Plan": {
    "Node Type": "Aggregate",
    "Strategy": "Plain",
    "Partial Mode": "Finalize",
    "Parallel Aware": false,
    "Startup Cost": 3376100.29,
    "Total Cost": 3376100.3,
    "Plan Rows": 1,
    "Plan Width": 8,
    "Actual Startup Time": 39345.56,
    "Actual Total Time": 39455.452,
    "Actual Rows": 1,
    "Actual Loops": 1,
    "Plans": [
      {
        "Node Type": "Gather",
        "Parent Relationship": "Outer",
        "Parallel Aware": false,
        "Startup Cost": 3376100.18,
        "Total Cost": 3376100.29,
        "Plan Rows": 1,
        "Plan Width": 8,
        "Actual Startup Time": 39321.876,
        "Actual Total Time": 39455.444,
        "Actual Rows": 2,
        "Actual Loops": 1,
        "Workers Planned": 1,
        "Workers Launched": 1,
        "Single Copy": false,
        "Plans": [
          {
            "Node Type": "Aggregate",
            "Strategy": "Plain",
            "Partial Mode": "Partial",
            "Parent Relationship": "Outer",
            "Parallel Aware": false,
            "Startup Cost": 3375100.18,
            "Total Cost": 3375100.19,
            "Plan Rows": 1,
            "Plan Width": 8,
            "Actual Startup Time": 39315.741,
            "Actual Total Time": 39315.746,
            "Actual Rows": 1,
            "Actual Loops": 2,
            "Plans": [
              {
                "Node Type": "Merge Join",
                "Parent Relationship": "Outer",
                "Parallel Aware": false,
                "Join Type": "Inner",
                "Startup Cost": 838669.39,
                "Total Cost": 3295404.59,
                "Plan Rows": 31878237,
                "Plan Width": 0,
                "Actual Startup Time": 6048.416,
                "Actual Total Time": 34692.56,
                "Actual Rows": 121262462,
                "Actual Loops": 2,
                "Inner Unique": false,
                "Merge Cond": "(ci.movie_id = t.id)",
                "Plans": [
                  {
                    "Node Type": "Index Only Scan",
                    "Parent Relationship": "Outer",
                    "Parallel Aware": true,
                    "Scan Direction": "Forward",
                    "Index Name": "movie_id_cast_info",
                    "Relation Name": "cast_info",
                    "Alias": "ci",
                    "Startup Cost": 0.56,
                    "Total Cost": 1925345.15,
                    "Plan Rows": 21310595,
                    "Plan Width": 4,
                    "Actual Startup Time": 0.09,
                    "Actual Total Time": 13125.478,
                    "Actual Rows": 18122172,
                    "Actual Loops": 2,
                    "Heap Fetches": 36244344
                  },
                  {
                    "Node Type": "Sort",
                    "Parent Relationship": "Inner",
                    "Parallel Aware": false,
                    "Startup Cost": 838626.86,
                    "Total Cost": 848081.96,
                    "Plan Rows": 3782040,
                    "Plan Width": 8,
                    "Actual Startup Time": 6047.826,
                    "Actual Total Time": 10420.025,
                    "Actual Rows": 124299572,
                    "Actual Loops": 2,
                    "Sort Key": [
                      "t.id"
                    ],
                    "Sort Method": "quicksort",
                    "Sort Space Used": 477765,
                    "Sort Space Type": "Memory",
                    "Workers": [
                      {
                        "Worker Number": 0,
                        "Sort Method": "quicksort",
                        "Sort Space Used": 477765,
                        "Sort Space Type": "Memory"
                      }
                    ],
                    "Plans": [
                      {
                        "Node Type": "Hash Join",
                        "Parent Relationship": "Outer",
                        "Parallel Aware": false,
                        "Join Type": "Inner",
                        "Startup Cost": 76788.29,
                        "Total Cost": 425425.12,
                        "Plan Rows": 3782040,
                        "Plan Width": 8,
                        "Actual Startup Time": 335.221,
                        "Actual Total Time": 4753.877,
                        "Actual Rows": 5998003,
                        "Actual Loops": 2,
                        "Inner Unique": true,
                        "Hash Cond": "(mi.movie_id = t.id)",
                        "Plans": [
                          {
                            "Node Type": "Seq Scan",
                            "Parent Relationship": "Outer",
                            "Parallel Aware": false,
                            "Relation Name": "movie_info",
                            "Alias": "mi",
                            "Startup Cost": 0.0,
                            "Total Cost": 309829.65,
                            "Plan Rows": 14783665,
                            "Plan Width": 4,
                            "Actual Startup Time": 0.04,
                            "Actual Total Time": 1160.755,
                            "Actual Rows": 14835720,
                            "Actual Loops": 2
                          },
                          {
                            "Node Type": "Hash",
                            "Parent Relationship": "Inner",
                            "Parallel Aware": false,
                            "Startup Cost": 68703.26,
                            "Total Cost": 68703.26,
                            "Plan Rows": 646802,
                            "Plan Width": 4,
                            "Actual Startup Time": 327.446,
                            "Actual Total Time": 327.447,
                            "Actual Rows": 544419,
                            "Actual Loops": 2,
                            "Hash Buckets": 1048576,
                            "Original Hash Buckets": 1048576,
                            "Hash Batches": 1,
                            "Original Hash Batches": 1,
                            "Peak Memory Usage": 27332,
                            "Plans": [
                              {
                                "Node Type": "Bitmap Heap Scan",
                                "Parent Relationship": "Outer",
                                "Parallel Aware": false,
                                "Relation Name": "title",
                                "Alias": "t",
                                "Startup Cost": 17833.84,
                                "Total Cost": 68703.26,
                                "Plan Rows": 646802,
                                "Plan Width": 4,
                                "Actual Startup Time": 51.26,
                                "Actual Total Time": 215.788,
                                "Actual Rows": 544419,
                                "Actual Loops": 2,
                                "Recheck Cond": "(kind_id < 7)",
                                "Rows Removed by Index Recheck": 0,
                                "Filter": "(production_year > 1994)",
                                "Rows Removed by Filter": 440629,
                                "Exact Heap Blocks": 35472,
                                "Lossy Heap Blocks": 0,
                                "Plans": [
                                  {
                                    "Node Type": "Bitmap Index Scan",
                                    "Parent Relationship": "Outer",
                                    "Parallel Aware": false,
                                    "Index Name": "kind_id_title",
                                    "Startup Cost": 0.0,
                                    "Total Cost": 17672.14,
                                    "Plan Rows": 991428,
                                    "Plan Width": 0,
                                    "Actual Startup Time": 46.393,
                                    "Actual Total Time": 46.393,
                                    "Actual Rows": 985048,
                                    "Actual Loops": 2,
                                    "Index Cond": "(kind_id < 7)"
                                  }
                                ]
                              }
                            ]
                          }
                        ]
                      }
                    ]
                  }
                ]
              }
            ]
          }
        ]
      }
    ]
  },
  "Planning Time": 0.621,
  "Triggers": [],
  "Execution Time": 39490.756
}