[
    {
        "Bao": {
            "Bao prediction": "NaN",
            "Bao recommended hint": "(no hint)"
        }
    },
    {
        "Plan": {
            "Node Type": "Aggregate",
            "Strategy": "Plain",
            "Partial Mode": "Finalize",
            "Parallel Aware": false,
            "Startup Cost": 31480.95,
            "Total Cost": 31480.96,
            "Plan Rows": 1,
            "Plan Width": 8,
            "Actual Startup Time": 115.484,
            "Actual Total Time": 121.024,
            "Actual Rows": 1,
            "Actual Loops": 1,
            "Output": [
                "count(*)"
            ],
            "Plans": [
                {
                    "Node Type": "Gather",
                    "Parent Relationship": "Outer",
                    "Parallel Aware": false,
                    "Startup Cost": 31480.63,
                    "Total Cost": 31480.94,
                    "Plan Rows": 3,
                    "Plan Width": 8,
                    "Actual Startup Time": 115.349,
                    "Actual Total Time": 121.016,
                    "Actual Rows": 4,
                    "Actual Loops": 1,
                    "Output": [
                        "(PARTIAL count(*))"
                    ],
                    "Workers Planned": 3,
                    "Workers Launched": 3,
                    "Single Copy": false,
                    "Plans": [
                        {
                            "Node Type": "Aggregate",
                            "Strategy": "Plain",
                            "Partial Mode": "Partial",
                            "Parent Relationship": "Outer",
                            "Parallel Aware": false,
                            "Startup Cost": 30480.63,
                            "Total Cost": 30480.64,
                            "Plan Rows": 1,
                            "Plan Width": 8,
                            "Actual Startup Time": 107.149,
                            "Actual Total Time": 107.15,
                            "Actual Rows": 1,
                            "Actual Loops": 4,
                            "Output": [
                                "PARTIAL count(*)"
                            ],
                            "Workers": [
                                {
                                    "Worker Number": 0,
                                    "Actual Startup Time": 104.445,
                                    "Actual Total Time": 104.446,
                                    "Actual Rows": 1,
                                    "Actual Loops": 1
                                },
                                {
                                    "Worker Number": 1,
                                    "Actual Startup Time": 104.537,
                                    "Actual Total Time": 104.538,
                                    "Actual Rows": 1,
                                    "Actual Loops": 1
                                },
                                {
                                    "Worker Number": 2,
                                    "Actual Startup Time": 104.853,
                                    "Actual Total Time": 104.854,
                                    "Actual Rows": 1,
                                    "Actual Loops": 1
                                }
                            ],
                            "Plans": [
                                {
                                    "Node Type": "Seq Scan",
                                    "Parent Relationship": "Outer",
                                    "Parallel Aware": true,
                                    "Relation Name": "movie_companies",
                                    "Schema": "public",
                                    "Alias": "mc",
                                    "Startup Cost": 0.0,
                                    "Total Cost": 29310.68,
                                    "Plan Rows": 467980,
                                    "Plan Width": 0,
                                    "Actual Startup Time": 16.642,
                                    "Actual Total Time": 88.263,
                                    "Actual Rows": 363300,
                                    "Actual Loops": 4,
                                    "Output": [
                                        "id",
                                        "movie_id",
                                        "company_id",
                                        "company_type_id",
                                        "note"
                                    ],
                                    "Filter": "(mc.company_id > 9268)",
                                    "Rows Removed by Filter": 288982,
                                    "Workers": [
                                        {
                                            "Worker Number": 0,
                                            "Actual Startup Time": 13.921,
                                            "Actual Total Time": 86.505,
                                            "Actual Rows": 261031,
                                            "Actual Loops": 1
                                        },
                                        {
                                            "Worker Number": 1,
                                            "Actual Startup Time": 14.07,
                                            "Actual Total Time": 86.266,
                                            "Actual Rows": 264764,
                                            "Actual Loops": 1
                                        },
                                        {
                                            "Worker Number": 2,
                                            "Actual Startup Time": 14.349,
                                            "Actual Total Time": 86.265,
                                            "Actual Rows": 414790,
                                            "Actual Loops": 1
                                        }
                                    ]
                                }
                            ]
                        }
                    ]
                }
            ]
        },
        "Planning Time": 228.97,
        "Triggers": [],
        "Execution Time": 121.099
    }
]