{
  "Plan": {
    "Node Type": "Aggregate",
    "Strategy": "Plain",
    "Partial Mode": "Simple",
    "Parallel Aware": false,
    "Startup Cost": 492265.23,
    "Total Cost": 492265.24,
    "Plan Rows": 1,
    "Plan Width": 64,
    "Actual Startup Time": 4992.576,
    "Actual Total Time": 5116.699,
    "Actual Rows": 1,
    "Actual Loops": 1,
    "Plans": [
      {
        "Node Type": "Gather",
        "Parent Relationship": "Outer",
        "Parallel Aware": false,
        "Startup Cost": 68300.81,
        "Total Cost": 492265.23,
        "Plan Rows": 1,
        "Plan Width": 32,
        "Actual Startup Time": 495.879,
        "Actual Total Time": 5116.504,
        "Actual Rows": 686,
        "Actual Loops": 1,
        "Workers Planned": 1,
        "Workers Launched": 1,
        "Single Copy": false,
        "Plans": [
          {
            "Node Type": "Nested Loop",
            "Parent Relationship": "Outer",
            "Parallel Aware": false,
            "Join Type": "Inner",
            "Startup Cost": 67300.81,
            "Total Cost": 491265.13,
            "Plan Rows": 1,
            "Plan Width": 32,
            "Actual Startup Time": 491.095,
            "Actual Total Time": 4980.304,
            "Actual Rows": 343,
            "Actual Loops": 2,
            "Inner Unique": true,
            "Plans": [
              {
                "Node Type": "Nested Loop",
                "Parent Relationship": "Outer",
                "Parallel Aware": false,
                "Join Type": "Inner",
                "Startup Cost": 67300.39,
                "Total Cost": 491264.63,
                "Plan Rows": 1,
                "Plan Width": 36,
                "Actual Startup Time": 491.07,
                "Actual Total Time": 4979.61,
                "Actual Rows": 343,
                "Actual Loops": 2,
                "Inner Unique": true,
                "Plans": [
                  {
                    "Node Type": "Nested Loop",
                    "Parent Relationship": "Outer",
                    "Parallel Aware": false,
                    "Join Type": "Inner",
                    "Startup Cost": 67299.96,
                    "Total Cost": 491264.12,
                    "Plan Rows": 1,
                    "Plan Width": 40,
                    "Actual Startup Time": 491.006,
                    "Actual Total Time": 4978.794,
                    "Actual Rows": 343,
                    "Actual Loops": 2,
                    "Inner Unique": true,
                    "Plans": [
                      {
                        "Node Type": "Hash Join",
                        "Parent Relationship": "Outer",
                        "Parallel Aware": false,
                        "Join Type": "Inner",
                        "Startup Cost": 67299.53,
                        "Total Cost": 491250.84,
                        "Plan Rows": 24,
                        "Plan Width": 33,
                        "Actual Startup Time": 490.799,
                        "Actual Total Time": 4925.307,
                        "Actual Rows": 26777,
                        "Actual Loops": 2,
                        "Inner Unique": true,
                        "Hash Cond": "(ci.role_id = rt.id)",
                        "Plans": [
                          {
                            "Node Type": "Hash Join",
                            "Parent Relationship": "Outer",
                            "Parallel Aware": false,
                            "Join Type": "Inner",
                            "Startup Cost": 67298.37,
                            "Total Cost": 491248.65,
                            "Plan Rows": 291,
                            "Plan Width": 37,
                            "Actual Startup Time": 487.598,
                            "Actual Total Time": 4909.327,
                            "Actual Rows": 178277,
                            "Actual Loops": 2,
                            "Inner Unique": true,
                            "Hash Cond": "(mi.info_type_id = it.id)",
                            "Plans": [
                              {
                                "Node Type": "Nested Loop",
                                "Parent Relationship": "Outer",
                                "Parallel Aware": false,
                                "Join Type": "Inner",
                                "Startup Cost": 67295.94,
                                "Total Cost": 491156.84,
                                "Plan Rows": 32824,
                                "Plan Width": 41,
                                "Actual Startup Time": 487.509,
                                "Actual Total Time": 4878.925,
                                "Actual Rows": 178278,
                                "Actual Loops": 2,
                                "Inner Unique": false,
                                "Join Filter": "(t.id = mi.movie_id)",
                                "Rows Removed by Join Filter": 0,
                                "Plans": [
                                  {
                                    "Node Type": "Hash Join",
                                    "Parent Relationship": "Outer",
                                    "Parallel Aware": true,
                                    "Join Type": "Inner",
                                    "Startup Cost": 67295.51,
                                    "Total Cost": 295694.85,
                                    "Plan Rows": 118825,
                                    "Plan Width": 49,
                                    "Actual Startup Time": 487.408,
                                    "Actual Total Time": 2895.349,
                                    "Actual Rows": 156334,
                                    "Actual Loops": 2,
                                    "Inner Unique": false,
                                    "Hash Cond": "(ci.person_id = an.person_id)",
                                    "Plans": [
                                      {
                                        "Node Type": "Nested Loop",
                                        "Parent Relationship": "Outer",
                                        "Parallel Aware": false,
                                        "Join Type": "Inner",
                                        "Startup Cost": 43969.97,
                                        "Total Cost": 271480.32,
                                        "Plan Rows": 50672,
                                        "Plan Width": 45,
                                        "Actual Startup Time": 282.607,
                                        "Actual Total Time": 2616.702,
                                        "Actual Rows": 114970,
                                        "Actual Loops": 2,
                                        "Inner Unique": false,
                                        "Plans": [
                                          {
                                            "Node Type": "Hash Join",
                                            "Parent Relationship": "Outer",
                                            "Parallel Aware": true,
                                            "Join Type": "Inner",
                                            "Startup Cost": 43969.4,
                                            "Total Cost": 104995.57,
                                            "Plan Rows": 45548,
                                            "Plan Width": 29,
                                            "Actual Startup Time": 282.231,
                                            "Actual Total Time": 580.588,
                                            "Actual Rows": 57048,
                                            "Actual Loops": 2,
                                            "Inner Unique": false,
                                            "Hash Cond": "(t.id = mc.movie_id)",
                                            "Plans": [
                                              {
                                                "Node Type": "Seq Scan",
                                                "Parent Relationship": "Outer",
                                                "Parallel Aware": true,
                                                "Relation Name": "title",
                                                "Alias": "t",
                                                "Startup Cost": 0.0,
                                                "Total Cost": 58305.62,
                                                "Plan Rows": 392419,
                                                "Plan Width": 21,
                                                "Actual Startup Time": 0.017,
                                                "Actual Total Time": 151.524,
                                                "Actual Rows": 333038,
                                                "Actual Loops": 2,
                                                "Filter": "((production_year >= 1997) AND (production_year <= 2006))",
                                                "Rows Removed by Filter": 931118
                                              },
                                              {
                                                "Node Type": "Hash",
                                                "Parent Relationship": "Inner",
                                                "Parallel Aware": true,
                                                "Startup Cost": 41811.73,
                                                "Total Cost": 41811.73,
                                                "Plan Rows": 172614,
                                                "Plan Width": 8,
                                                "Actual Startup Time": 281.082,
                                                "Actual Total Time": 281.084,
                                                "Actual Rows": 295497,
                                                "Actual Loops": 2,
                                                "Hash Buckets": 1048576,
                                                "Original Hash Buckets": 524288,
                                                "Hash Batches": 1,
                                                "Original Hash Batches": 1,
                                                "Peak Memory Usage": 35456,
                                                "Plans": [
                                                  {
                                                    "Node Type": "Seq Scan",
                                                    "Parent Relationship": "Outer",
                                                    "Parallel Aware": true,
                                                    "Relation Name": "movie_companies",
                                                    "Alias": "mc",
                                                    "Startup Cost": 0.0,
                                                    "Total Cost": 41811.73,
                                                    "Plan Rows": 172614,
                                                    "Plan Width": 8,
                                                    "Actual Startup Time": 0.052,
                                                    "Actual Total Time": 187.668,
                                                    "Actual Rows": 295497,
                                                    "Actual Loops": 2,
                                                    "Filter": "((note IS NOT NULL) AND ((note ~~ '%(USA)%'::text) OR (note ~~ '%(worldwide)%'::text)))",
                                                    "Rows Removed by Filter": 1009068
                                                  }
                                                ]
                                              }
                                            ]
                                          },
                                          {
                                            "Node Type": "Index Scan",
                                            "Parent Relationship": "Inner",
                                            "Parallel Aware": false,
                                            "Scan Direction": "Forward",
                                            "Index Name": "movie_id_cast_info",
                                            "Relation Name": "cast_info",
                                            "Alias": "ci",
                                            "Startup Cost": 0.56,
                                            "Total Cost": 3.63,
                                            "Plan Rows": 3,
                                            "Plan Width": 16,
                                            "Actual Startup Time": 0.021,
                                            "Actual Total Time": 0.035,
                                            "Actual Rows": 2,
                                            "Actual Loops": 114095,
                                            "Index Cond": "(movie_id = t.id)",
                                            "Rows Removed by Index Recheck": 0,
                                            "Filter": "(note = ANY ('{(producer),(voice),(writer),\"(as Terri Colombino)\"}'::text[]))",
                                            "Rows Removed by Filter": 32
                                          }
                                        ]
                                      },
                                      {
                                        "Node Type": "Hash",
                                        "Parent Relationship": "Inner",
                                        "Parallel Aware": true,
                                        "Startup Cost": 16698.02,
                                        "Total Cost": 16698.02,
                                        "Plan Rows": 530202,
                                        "Plan Width": 4,
                                        "Actual Startup Time": 195.46,
                                        "Actual Total Time": 195.461,
                                        "Actual Rows": 450672,
                                        "Actual Loops": 2,
                                        "Hash Buckets": 1048576,
                                        "Original Hash Buckets": 1048576,
                                        "Hash Batches": 1,
                                        "Original Hash Batches": 1,
                                        "Peak Memory Usage": 43488,
                                        "Plans": [
                                          {
                                            "Node Type": "Seq Scan",
                                            "Parent Relationship": "Outer",
                                            "Parallel Aware": true,
                                            "Relation Name": "aka_name",
                                            "Alias": "an",
                                            "Startup Cost": 0.0,
                                            "Total Cost": 16698.02,
                                            "Plan Rows": 530202,
                                            "Plan Width": 4,
                                            "Actual Startup Time": 0.042,
                                            "Actual Total Time": 63.201,
                                            "Actual Rows": 450672,
                                            "Actual Loops": 2
                                          }
                                        ]
                                      }
                                    ]
                                  },
                                  {
                                    "Node Type": "Index Scan",
                                    "Parent Relationship": "Inner",
                                    "Parallel Aware": false,
                                    "Scan Direction": "Forward",
                                    "Index Name": "movie_id_movie_info",
                                    "Relation Name": "movie_info",
                                    "Alias": "mi",
                                    "Startup Cost": 0.43,
                                    "Total Cost": 1.62,
                                    "Plan Rows": 2,
                                    "Plan Width": 8,
                                    "Actual Startup Time": 0.006,
                                    "Actual Total Time": 0.012,
                                    "Actual Rows": 1,
                                    "Actual Loops": 312668,
                                    "Index Cond": "(movie_id = ci.movie_id)",
                                    "Rows Removed by Index Recheck": 0,
                                    "Filter": "((info IS NOT NULL) AND ((info ~~ 'Japan:%200%'::text) OR (info ~~ 'USA:%200%'::text)))",
                                    "Rows Removed by Filter": 49
                                  }
                                ]
                              },
                              {
                                "Node Type": "Hash",
                                "Parent Relationship": "Inner",
                                "Parallel Aware": false,
                                "Startup Cost": 2.41,
                                "Total Cost": 2.41,
                                "Plan Rows": 1,
                                "Plan Width": 4,
                                "Actual Startup Time": 0.054,
                                "Actual Total Time": 0.055,
                                "Actual Rows": 1,
                                "Actual Loops": 2,
                                "Hash Buckets": 1024,
                                "Original Hash Buckets": 1024,
                                "Hash Batches": 1,
                                "Original Hash Batches": 1,
                                "Peak Memory Usage": 9,
                                "Plans": [
                                  {
                                    "Node Type": "Seq Scan",
                                    "Parent Relationship": "Outer",
                                    "Parallel Aware": false,
                                    "Relation Name": "info_type",
                                    "Alias": "it",
                                    "Startup Cost": 0.0,
                                    "Total Cost": 2.41,
                                    "Plan Rows": 1,
                                    "Plan Width": 4,
                                    "Actual Startup Time": 0.026,
                                    "Actual Total Time": 0.044,
                                    "Actual Rows": 1,
                                    "Actual Loops": 2,
                                    "Filter": "((info)::text = 'release dates'::text)",
                                    "Rows Removed by Filter": 112
                                  }
                                ]
                              }
                            ]
                          },
                          {
                            "Node Type": "Hash",
                            "Parent Relationship": "Inner",
                            "Parallel Aware": false,
                            "Startup Cost": 1.15,
                            "Total Cost": 1.15,
                            "Plan Rows": 1,
                            "Plan Width": 4,
                            "Actual Startup Time": 0.065,
                            "Actual Total Time": 0.065,
                            "Actual Rows": 1,
                            "Actual Loops": 2,
                            "Hash Buckets": 1024,
                            "Original Hash Buckets": 1024,
                            "Hash Batches": 1,
                            "Original Hash Batches": 1,
                            "Peak Memory Usage": 9,
                            "Plans": [
                              {
                                "Node Type": "Seq Scan",
                                "Parent Relationship": "Outer",
                                "Parallel Aware": false,
                                "Relation Name": "role_type",
                                "Alias": "rt",
                                "Startup Cost": 0.0,
                                "Total Cost": 1.15,
                                "Plan Rows": 1,
                                "Plan Width": 4,
                                "Actual Startup Time": 0.044,
                                "Actual Total Time": 0.049,
                                "Actual Rows": 1,
                                "Actual Loops": 2,
                                "Filter": "((role)::text = 'actress'::text)",
                                "Rows Removed by Filter": 11
                              }
                            ]
                          }
                        ]
                      },
                      {
                        "Node Type": "Index Scan",
                        "Parent Relationship": "Inner",
                        "Parallel Aware": false,
                        "Scan Direction": "Forward",
                        "Index Name": "name_pkey",
                        "Relation Name": "name",
                        "Alias": "n",
                        "Startup Cost": 0.43,
                        "Total Cost": 0.55,
                        "Plan Rows": 1,
                        "Plan Width": 19,
                        "Actual Startup Time": 0.002,
                        "Actual Total Time": 0.002,
                        "Actual Rows": 0,
                        "Actual Loops": 53554,
                        "Index Cond": "(id = ci.person_id)",
                        "Rows Removed by Index Recheck": 0,
                        "Filter": "((name ~~ '%Conn,%'::text) AND ((gender)::text = 'f'::text))",
                        "Rows Removed by Filter": 1
                      }
                    ]
                  },
                  {
                    "Node Type": "Index Only Scan",
                    "Parent Relationship": "Inner",
                    "Parallel Aware": false,
                    "Scan Direction": "Forward",
                    "Index Name": "char_name_pkey",
                    "Relation Name": "char_name",
                    "Alias": "chn",
                    "Startup Cost": 0.43,
                    "Total Cost": 0.52,
                    "Plan Rows": 1,
                    "Plan Width": 4,
                    "Actual Startup Time": 0.002,
                    "Actual Total Time": 0.002,
                    "Actual Rows": 1,
                    "Actual Loops": 686,
                    "Index Cond": "(id = ci.person_role_id)",
                    "Rows Removed by Index Recheck": 0,
                    "Heap Fetches": 686
                  }
                ]
              },
              {
                "Node Type": "Index Scan",
                "Parent Relationship": "Inner",
                "Parallel Aware": false,
                "Scan Direction": "Forward",
                "Index Name": "company_name_pkey",
                "Relation Name": "company_name",
                "Alias": "cn",
                "Startup Cost": 0.42,
                "Total Cost": 0.49,
                "Plan Rows": 1,
                "Plan Width": 4,
                "Actual Startup Time": 0.002,
                "Actual Total Time": 0.002,
                "Actual Rows": 1,
                "Actual Loops": 686,
                "Index Cond": "(id = mc.company_id)",
                "Rows Removed by Index Recheck": 0,
                "Filter": "((country_code)::text = '[us]'::text)",
                "Rows Removed by Filter": 0
              }
            ]
          }
        ]
      }
    ]
  },
  "Planning Time": 3.343,
  "Triggers": [],
  "Execution Time": 5116.906
}