[
  {
    "Plan": {
      "Node Type": "Aggregate",
      "Strategy": "Plain",
      "Partial Mode": "Finalize",
      "Parallel Aware": false,
      "Startup Cost": 50643.95,
      "Total Cost": 50643.96,
      "Plan Rows": 1,
      "Plan Width": 8,
      "Actual Startup Time": 98.58,
      "Actual Total Time": 108.64,
      "Actual Rows": 1,
      "Actual Loops": 1,
      "Plans": [
        {
          "Node Type": "Gather",
          "Parent Relationship": "Outer",
          "Parallel Aware": false,
          "Startup Cost": 50643.53,
          "Total Cost": 50643.94,
          "Plan Rows": 4,
          "Plan Width": 8,
          "Actual Startup Time": 98.469,
          "Actual Total Time": 108.628,
          "Actual Rows": 5,
          "Actual Loops": 1,
          "Workers Planned": 4,
          "Workers Launched": 4,
          "Single Copy": false,
          "Plans": [
            {
              "Node Type": "Aggregate",
              "Strategy": "Plain",
              "Partial Mode": "Partial",
              "Parent Relationship": "Outer",
              "Parallel Aware": false,
              "Startup Cost": 49643.53,
              "Total Cost": 49643.54,
              "Plan Rows": 1,
              "Plan Width": 8,
              "Actual Startup Time": 92.743,
              "Actual Total Time": 92.744,
              "Actual Rows": 1,
              "Actual Loops": 5,
              "Plans": [
                {
                  "Node Type": "Index Scan",
                  "Parent Relationship": "Outer",
                  "Parallel Aware": true,
                  "Scan Direction": "Forward",
                  "Index Name": "role_id_cast_info",
                  "Relation Name": "cast_info",
                  "Alias": "ci",
                  "Startup Cost": 0.56,
                  "Total Cost": 49093.36,
                  "Plan Rows": 220066,
                  "Plan Width": 0,
                  "Actual Startup Time": 0.104,
                  "Actual Total Time": 81.995,
                  "Actual Rows": 181106,
                  "Actual Loops": 5,
                  "Index Cond": "(role_id = 8)",
                  "Rows Removed by Index Recheck": 0,
                  "Filter": "(person_id > 1818709)",
                  "Rows Removed by Filter": 159603
                }
              ]
            }
          ]
        }
      ]
    },
    "Planning Time": 0.241,
    "Triggers": [],
    "Execution Time": 108.703
  }
]