[
  {
    "Plan": {
      "Node Type": "Aggregate",
      "Strategy": "Plain",
      "Partial Mode": "Finalize",
      "Parallel Aware": false,
      "Startup Cost": 438275.23,
      "Total Cost": 438275.24,
      "Plan Rows": 1,
      "Plan Width": 8,
      "Actual Startup Time": 3141.05,
      "Actual Total Time": 3207.286,
      "Actual Rows": 1,
      "Actual Loops": 1,
      "Plans": [
        {
          "Node Type": "Gather",
          "Parent Relationship": "Outer",
          "Parallel Aware": false,
          "Startup Cost": 438274.91,
          "Total Cost": 438275.22,
          "Plan Rows": 3,
          "Plan Width": 8,
          "Actual Startup Time": 3116.025,
          "Actual Total Time": 3207.276,
          "Actual Rows": 4,
          "Actual Loops": 1,
          "Workers Planned": 3,
          "Workers Launched": 3,
          "Single Copy": false,
          "Plans": [
            {
              "Node Type": "Aggregate",
              "Strategy": "Plain",
              "Partial Mode": "Partial",
              "Parent Relationship": "Outer",
              "Parallel Aware": false,
              "Startup Cost": 437274.91,
              "Total Cost": 437274.92,
              "Plan Rows": 1,
              "Plan Width": 8,
              "Actual Startup Time": 3093.639,
              "Actual Total Time": 3093.645,
              "Actual Rows": 1,
              "Actual Loops": 4,
              "Plans": [
                {
                  "Node Type": "Hash Join",
                  "Parent Relationship": "Outer",
                  "Parallel Aware": true,
                  "Join Type": "Inner",
                  "Startup Cost": 402640.19,
                  "Total Cost": 434711.73,
                  "Plan Rows": 1025273,
                  "Plan Width": 0,
                  "Actual Startup Time": 2338.65,
                  "Actual Total Time": 2952.818,
                  "Actual Rows": 3556824,
                  "Actual Loops": 4,
                  "Inner Unique": false,
                  "Hash Cond": "(mc.movie_id = t.id)",
                  "Plans": [
                    {
                      "Node Type": "Seq Scan",
                      "Parent Relationship": "Outer",
                      "Parallel Aware": true,
                      "Relation Name": "movie_companies",
                      "Alias": "mc",
                      "Startup Cost": 0.0,
                      "Total Cost": 27206.55,
                      "Plan Rows": 841655,
                      "Plan Width": 4,
                      "Actual Startup Time": 0.02,
                      "Actual Total Time": 58.428,
                      "Actual Rows": 652282,
                      "Actual Loops": 4
                    },
                    {
                      "Node Type": "Hash",
                      "Parent Relationship": "Inner",
                      "Parallel Aware": true,
                      "Startup Cost": 396223.79,
                      "Total Cost": 396223.79,
                      "Plan Rows": 513312,
                      "Plan Width": 8,
                      "Actual Startup Time": 2327.347,
                      "Actual Total Time": 2327.352,
                      "Actual Rows": 1143847,
                      "Actual Loops": 4,
                      "Hash Buckets": 8388608,
                      "Original Hash Buckets": 4194304,
                      "Hash Batches": 1,
                      "Original Hash Batches": 1,
                      "Peak Memory Usage": 277344,
                      "Plans": [
                        {
                          "Node Type": "Hash Join",
                          "Parent Relationship": "Outer",
                          "Parallel Aware": true,
                          "Join Type": "Inner",
                          "Startup Cost": 51580.92,
                          "Total Cost": 396223.79,
                          "Plan Rows": 513312,
                          "Plan Width": 8,
                          "Actual Startup Time": 952.223,
                          "Actual Total Time": 1783.197,
                          "Actual Rows": 1143847,
                          "Actual Loops": 4,
                          "Inner Unique": true,
                          "Hash Cond": "(ci.movie_id = t.id)",
                          "Plans": [
                            {
                              "Node Type": "Seq Scan",
                              "Parent Relationship": "Outer",
                              "Parallel Aware": true,
                              "Relation Name": "cast_info",
                              "Alias": "ci",
                              "Startup Cost": 0.0,
                              "Total Cost": 343257.03,
                              "Plan Rows": 527940,
                              "Plan Width": 4,
                              "Actual Startup Time": 601.436,
                              "Actual Total Time": 870.373,
                              "Actual Rows": 1159502,
                              "Actual Loops": 4,
                              "Filter": "((person_id > 3219421) AND (role_id > 1))",
                              "Rows Removed by Filter": 7901584
                            },
                            {
                              "Node Type": "Hash",
                              "Parent Relationship": "Inner",
                              "Parallel Aware": true,
                              "Startup Cost": 43898.92,
                              "Total Cost": 43898.92,
                              "Plan Rows": 614560,
                              "Plan Width": 4,
                              "Actual Startup Time": 344.625,
                              "Actual Total Time": 344.626,
                              "Actual Rows": 614054,
                              "Actual Loops": 4,
                              "Hash Buckets": 4194304,
                              "Original Hash Buckets": 4194304,
                              "Hash Batches": 1,
                              "Original Hash Batches": 1,
                              "Peak Memory Usage": 128960,
                              "Plans": [
                                {
                                  "Node Type": "Seq Scan",
                                  "Parent Relationship": "Outer",
                                  "Parallel Aware": true,
                                  "Relation Name": "title",
                                  "Alias": "t",
                                  "Startup Cost": 0.0,
                                  "Total Cost": 43898.92,
                                  "Plan Rows": 614560,
                                  "Plan Width": 4,
                                  "Actual Startup Time": 0.046,
                                  "Actual Total Time": 111.147,
                                  "Actual Rows": 614054,
                                  "Actual Loops": 4,
                                  "Filter": "(production_year > 0)",
                                  "Rows Removed by Filter": 18024
                                }
                              ]
                            }
                          ]
                        }
                      ]
                    }
                  ]
                }
              ]
            }
          ]
        }
      ]
    },
    "Planning Time": 1.432,
    "Triggers": [],
    "Execution Time": 3207.378
  }
]