[
  {
    "Plan": {
      "Node Type": "Aggregate",
      "Strategy": "Plain",
      "Partial Mode": "Finalize",
      "Parallel Aware": false,
      "Startup Cost": 40926.05,
      "Total Cost": 40926.06,
      "Plan Rows": 1,
      "Plan Width": 8,
      "Actual Startup Time": 145.804,
      "Actual Total Time": 156.734,
      "Actual Rows": 1,
      "Actual Loops": 1,
      "Plans": [
        {
          "Node Type": "Gather",
          "Parent Relationship": "Outer",
          "Parallel Aware": false,
          "Startup Cost": 40925.74,
          "Total Cost": 40926.05,
          "Plan Rows": 3,
          "Plan Width": 8,
          "Actual Startup Time": 145.495,
          "Actual Total Time": 156.724,
          "Actual Rows": 4,
          "Actual Loops": 1,
          "Workers Planned": 3,
          "Workers Launched": 3,
          "Single Copy": false,
          "Plans": [
            {
              "Node Type": "Aggregate",
              "Strategy": "Plain",
              "Partial Mode": "Partial",
              "Parent Relationship": "Outer",
              "Parallel Aware": false,
              "Startup Cost": 39925.74,
              "Total Cost": 39925.75,
              "Plan Rows": 1,
              "Plan Width": 8,
              "Actual Startup Time": 139.428,
              "Actual Total Time": 139.43,
              "Actual Rows": 1,
              "Actual Loops": 4,
              "Plans": [
                {
                  "Node Type": "Bitmap Heap Scan",
                  "Parent Relationship": "Outer",
                  "Parallel Aware": true,
                  "Relation Name": "movie_keyword",
                  "Alias": "mk",
                  "Startup Cost": 12598.46,
                  "Total Cost": 39446.86,
                  "Plan Rows": 191552,
                  "Plan Width": 0,
                  "Actual Startup Time": 52.03,
                  "Actual Total Time": 130.345,
                  "Actual Rows": 151390,
                  "Actual Loops": 4,
                  "Recheck Cond": "(keyword_id < 455)",
                  "Rows Removed by Index Recheck": 0,
                  "Exact Heap Blocks": 11456,
                  "Lossy Heap Blocks": 0,
                  "Plans": [
                    {
                      "Node Type": "Bitmap Index Scan",
                      "Parent Relationship": "Outer",
                      "Parallel Aware": false,
                      "Index Name": "keyword_id_movie_keyword",
                      "Startup Cost": 0.0,
                      "Total Cost": 12450.01,
                      "Plan Rows": 593810,
                      "Plan Width": 0,
                      "Actual Startup Time": 53.684,
                      "Actual Total Time": 53.684,
                      "Actual Rows": 605559,
                      "Actual Loops": 1,
                      "Index Cond": "(keyword_id < 455)"
                    }
                  ]
                }
              ]
            }
          ]
        }
      ]
    },
    "Planning Time": 0.191,
    "Triggers": [],
    "Execution Time": 156.811
  }
]