[
  {
    "Plan": {
      "Node Type": "Aggregate",
      "Strategy": "Plain",
      "Partial Mode": "Finalize",
      "Parallel Aware": false,
      "Startup Cost": 40881.1,
      "Total Cost": 40881.11,
      "Plan Rows": 1,
      "Plan Width": 8,
      "Actual Startup Time": 140.88,
      "Actual Total Time": 150.003,
      "Actual Rows": 1,
      "Actual Loops": 1,
      "Plans": [
        {
          "Node Type": "Gather",
          "Parent Relationship": "Outer",
          "Parallel Aware": false,
          "Startup Cost": 40880.79,
          "Total Cost": 40881.1,
          "Plan Rows": 3,
          "Plan Width": 8,
          "Actual Startup Time": 140.634,
          "Actual Total Time": 149.995,
          "Actual Rows": 4,
          "Actual Loops": 1,
          "Workers Planned": 3,
          "Workers Launched": 3,
          "Single Copy": false,
          "Plans": [
            {
              "Node Type": "Aggregate",
              "Strategy": "Plain",
              "Partial Mode": "Partial",
              "Parent Relationship": "Outer",
              "Parallel Aware": false,
              "Startup Cost": 39880.79,
              "Total Cost": 39880.8,
              "Plan Rows": 1,
              "Plan Width": 8,
              "Actual Startup Time": 132.301,
              "Actual Total Time": 132.303,
              "Actual Rows": 1,
              "Actual Loops": 4,
              "Plans": [
                {
                  "Node Type": "Bitmap Heap Scan",
                  "Parent Relationship": "Outer",
                  "Parallel Aware": true,
                  "Relation Name": "movie_keyword",
                  "Alias": "mk",
                  "Startup Cost": 12561.56,
                  "Total Cost": 39403.25,
                  "Plan Rows": 191015,
                  "Plan Width": 0,
                  "Actual Startup Time": 48.678,
                  "Actual Total Time": 123.935,
                  "Actual Rows": 151390,
                  "Actual Loops": 4,
                  "Recheck Cond": "(keyword_id < 455)",
                  "Rows Removed by Index Recheck": 0,
                  "Exact Heap Blocks": 10430,
                  "Lossy Heap Blocks": 0,
                  "Plans": [
                    {
                      "Node Type": "Bitmap Index Scan",
                      "Parent Relationship": "Outer",
                      "Parallel Aware": false,
                      "Index Name": "keyword_id_movie_keyword",
                      "Startup Cost": 0.0,
                      "Total Cost": 12413.53,
                      "Plan Rows": 592146,
                      "Plan Width": 0,
                      "Actual Startup Time": 52.565,
                      "Actual Total Time": 52.565,
                      "Actual Rows": 605559,
                      "Actual Loops": 1,
                      "Index Cond": "(keyword_id < 455)"
                    }
                  ]
                }
              ]
            }
          ]
        }
      ]
    },
    "Planning Time": 0.24,
    "Triggers": [],
    "Execution Time": 150.08
  }
]