[
  {
    "Plan": {
      "Node Type": "Aggregate",
      "Strategy": "Plain",
      "Partial Mode": "Simple",
      "Parallel Aware": false,
      "Startup Cost": 3018.84,
      "Total Cost": 3018.85,
      "Plan Rows": 1,
      "Plan Width": 8,
      "Actual Startup Time": 36.067,
      "Actual Total Time": 36.068,
      "Actual Rows": 1,
      "Actual Loops": 1,
      "Plans": [
        {
          "Node Type": "Nested Loop",
          "Parent Relationship": "Outer",
          "Parallel Aware": false,
          "Join Type": "Inner",
          "Startup Cost": 6.79,
          "Total Cost": 3018.6,
          "Plan Rows": 97,
          "Plan Width": 0,
          "Actual Startup Time": 21.655,
          "Actual Total Time": 35.81,
          "Actual Rows": 1661,
          "Actual Loops": 1,
          "Inner Unique": true,
          "Plans": [
            {
              "Node Type": "Bitmap Heap Scan",
              "Parent Relationship": "Outer",
              "Parallel Aware": false,
              "Relation Name": "movie_keyword",
              "Alias": "mk",
              "Startup Cost": 6.36,
              "Total Cost": 926.55,
              "Plan Rows": 249,
              "Plan Width": 4,
              "Actual Startup Time": 21.632,
              "Actual Total Time": 25.256,
              "Actual Rows": 1665,
              "Actual Loops": 1,
              "Recheck Cond": "(keyword_id = 8716)",
              "Rows Removed by Index Recheck": 0,
              "Exact Heap Blocks": 1522,
              "Lossy Heap Blocks": 0,
              "Plans": [
                {
                  "Node Type": "Bitmap Index Scan",
                  "Parent Relationship": "Outer",
                  "Parallel Aware": false,
                  "Index Name": "keyword_id_movie_keyword",
                  "Startup Cost": 0.0,
                  "Total Cost": 6.3,
                  "Plan Rows": 249,
                  "Plan Width": 0,
                  "Actual Startup Time": 21.386,
                  "Actual Total Time": 21.386,
                  "Actual Rows": 1665,
                  "Actual Loops": 1,
                  "Index Cond": "(keyword_id = 8716)"
                }
              ]
            },
            {
              "Node Type": "Index Scan",
              "Parent Relationship": "Inner",
              "Parallel Aware": false,
              "Scan Direction": "Forward",
              "Index Name": "title_pkey",
              "Relation Name": "title",
              "Alias": "t",
              "Startup Cost": 0.43,
              "Total Cost": 8.4,
              "Plan Rows": 1,
              "Plan Width": 4,
              "Actual Startup Time": 0.006,
              "Actual Total Time": 0.006,
              "Actual Rows": 1,
              "Actual Loops": 1665,
              "Index Cond": "(id = mk.movie_id)",
              "Rows Removed by Index Recheck": 0,
              "Filter": "(kind_id < 7)",
              "Rows Removed by Filter": 0
            }
          ]
        }
      ]
    },
    "Planning Time": 0.455,
    "Triggers": [],
    "Execution Time": 36.109
  }
]