[
  {
    "Plan": {
      "Node Type": "Aggregate",
      "Strategy": "Plain",
      "Partial Mode": "Finalize",
      "Parallel Aware": false,
      "Startup Cost": 46506.86,
      "Total Cost": 46506.87,
      "Plan Rows": 1,
      "Plan Width": 8,
      "Actual Startup Time": 183.577,
      "Actual Total Time": 194.503,
      "Actual Rows": 1,
      "Actual Loops": 1,
      "Plans": [
        {
          "Node Type": "Gather",
          "Parent Relationship": "Outer",
          "Parallel Aware": false,
          "Startup Cost": 46506.54,
          "Total Cost": 46506.85,
          "Plan Rows": 3,
          "Plan Width": 8,
          "Actual Startup Time": 183.434,
          "Actual Total Time": 194.493,
          "Actual Rows": 4,
          "Actual Loops": 1,
          "Workers Planned": 3,
          "Workers Launched": 3,
          "Single Copy": false,
          "Plans": [
            {
              "Node Type": "Aggregate",
              "Strategy": "Plain",
              "Partial Mode": "Partial",
              "Parent Relationship": "Outer",
              "Parallel Aware": false,
              "Startup Cost": 45506.54,
              "Total Cost": 45506.55,
              "Plan Rows": 1,
              "Plan Width": 8,
              "Actual Startup Time": 175.548,
              "Actual Total Time": 175.549,
              "Actual Rows": 1,
              "Actual Loops": 4,
              "Plans": [
                {
                  "Node Type": "Seq Scan",
                  "Parent Relationship": "Outer",
                  "Parallel Aware": true,
                  "Relation Name": "movie_keyword",
                  "Alias": "mk",
                  "Startup Cost": 0.0,
                  "Total Cost": 42695.65,
                  "Plan Rows": 1124356,
                  "Plan Width": 0,
                  "Actual Startup Time": 0.131,
                  "Actual Total Time": 133.328,
                  "Actual Rows": 870288,
                  "Actual Loops": 4,
                  "Filter": "(keyword_id > 1037)",
                  "Rows Removed by Filter": 260694
                }
              ]
            }
          ]
        }
      ]
    },
    "Planning Time": 0.165,
    "Triggers": [],
    "Execution Time": 194.557
  }
]