[
  {
    "Plan": {
      "Node Type": "Aggregate",
      "Strategy": "Plain",
      "Partial Mode": "Finalize",
      "Parallel Aware": false,
      "Startup Cost": 322603.59,
      "Total Cost": 322603.6,
      "Plan Rows": 1,
      "Plan Width": 8,
      "Actual Startup Time": 226.118,
      "Actual Total Time": 272.456,
      "Actual Rows": 1,
      "Actual Loops": 1,
      "Plans": [
        {
          "Node Type": "Gather",
          "Parent Relationship": "Outer",
          "Parallel Aware": false,
          "Startup Cost": 322603.17,
          "Total Cost": 322603.58,
          "Plan Rows": 4,
          "Plan Width": 8,
          "Actual Startup Time": 225.838,
          "Actual Total Time": 272.446,
          "Actual Rows": 5,
          "Actual Loops": 1,
          "Workers Planned": 4,
          "Workers Launched": 4,
          "Single Copy": false,
          "Plans": [
            {
              "Node Type": "Aggregate",
              "Strategy": "Plain",
              "Partial Mode": "Partial",
              "Parent Relationship": "Outer",
              "Parallel Aware": false,
              "Startup Cost": 321603.17,
              "Total Cost": 321603.18,
              "Plan Rows": 1,
              "Plan Width": 8,
              "Actual Startup Time": 219.025,
              "Actual Total Time": 219.028,
              "Actual Rows": 1,
              "Actual Loops": 5,
              "Plans": [
                {
                  "Node Type": "Nested Loop",
                  "Parent Relationship": "Outer",
                  "Parallel Aware": false,
                  "Join Type": "Inner",
                  "Startup Cost": 0.56,
                  "Total Cost": 321545.89,
                  "Plan Rows": 22911,
                  "Plan Width": 0,
                  "Actual Startup Time": 47.731,
                  "Actual Total Time": 218.0,
                  "Actual Rows": 13323,
                  "Actual Loops": 5,
                  "Inner Unique": false,
                  "Plans": [
                    {
                      "Node Type": "Seq Scan",
                      "Parent Relationship": "Outer",
                      "Parallel Aware": true,
                      "Relation Name": "title",
                      "Alias": "t",
                      "Startup Cost": 0.0,
                      "Total Cost": 45479.59,
                      "Plan Rows": 4561,
                      "Plan Width": 4,
                      "Actual Startup Time": 47.624,
                      "Actual Total Time": 71.492,
                      "Actual Rows": 2156,
                      "Actual Loops": 5,
                      "Filter": "((kind_id < 2) AND (production_year = 2003))",
                      "Rows Removed by Filter": 503506
                    },
                    {
                      "Node Type": "Index Scan",
                      "Parent Relationship": "Inner",
                      "Parallel Aware": false,
                      "Scan Direction": "Forward",
                      "Index Name": "movie_id_cast_info",
                      "Relation Name": "cast_info",
                      "Alias": "ci",
                      "Startup Cost": 0.56,
                      "Total Cost": 60.41,
                      "Plan Rows": 12,
                      "Plan Width": 4,
                      "Actual Startup Time": 0.014,
                      "Actual Total Time": 0.067,
                      "Actual Rows": 6,
                      "Actual Loops": 10782,
                      "Index Cond": "(movie_id = t.id)",
                      "Rows Removed by Index Recheck": 0,
                      "Filter": "(role_id < 2)",
                      "Rows Removed by Filter": 13
                    }
                  ]
                }
              ]
            }
          ]
        }
      ]
    },
    "Planning Time": 0.301,
    "Triggers": [],
    "Execution Time": 272.511
  }
]