{
  "Plan": {
    "Node Type": "Aggregate",
    "Strategy": "Plain",
    "Partial Mode": "Finalize",
    "Parallel Aware": false,
    "Startup Cost": 937008.36,
    "Total Cost": 937008.37,
    "Plan Rows": 1,
    "Plan Width": 8,
    "Actual Startup Time": 4815.406,
    "Actual Total Time": 4922.101,
    "Actual Rows": 1,
    "Actual Loops": 1,
    "Plans": [
      {
        "Node Type": "Gather",
        "Parent Relationship": "Outer",
        "Parallel Aware": false,
        "Startup Cost": 937008.25,
        "Total Cost": 937008.36,
        "Plan Rows": 1,
        "Plan Width": 8,
        "Actual Startup Time": 4814.279,
        "Actual Total Time": 4922.092,
        "Actual Rows": 2,
        "Actual Loops": 1,
        "Workers Planned": 1,
        "Workers Launched": 1,
        "Single Copy": false,
        "Plans": [
          {
            "Node Type": "Aggregate",
            "Strategy": "Plain",
            "Partial Mode": "Partial",
            "Parent Relationship": "Outer",
            "Parallel Aware": false,
            "Startup Cost": 936008.25,
            "Total Cost": 936008.26,
            "Plan Rows": 1,
            "Plan Width": 8,
            "Actual Startup Time": 4808.268,
            "Actual Total Time": 4808.275,
            "Actual Rows": 1,
            "Actual Loops": 2,
            "Plans": [
              {
                "Node Type": "Hash Join",
                "Parent Relationship": "Outer",
                "Parallel Aware": true,
                "Join Type": "Inner",
                "Startup Cost": 583619.83,
                "Total Cost": 933383.95,
                "Plan Rows": 1049718,
                "Plan Width": 0,
                "Actual Startup Time": 3371.148,
                "Actual Total Time": 4772.919,
                "Actual Rows": 873344,
                "Actual Loops": 2,
                "Inner Unique": false,
                "Hash Cond": "(mi.movie_id = t.id)",
                "Plans": [
                  {
                    "Node Type": "Seq Scan",
                    "Parent Relationship": "Outer",
                    "Parallel Aware": true,
                    "Relation Name": "movie_info",
                    "Alias": "mi",
                    "Startup Cost": 0.0,
                    "Total Cost": 270696.42,
                    "Plan Rows": 5831431,
                    "Plan Width": 4,
                    "Actual Startup Time": 34.593,
                    "Actual Total Time": 722.903,
                    "Actual Rows": 4955877,
                    "Actual Loops": 2,
                    "Filter": "(info_type_id > 4)",
                    "Rows Removed by Filter": 2461983
                  },
                  {
                    "Node Type": "Hash",
                    "Parent Relationship": "Inner",
                    "Parallel Aware": true,
                    "Startup Cost": 580273.37,
                    "Total Cost": 580273.37,
                    "Plan Rows": 267717,
                    "Plan Width": 8,
                    "Actual Startup Time": 3330.013,
                    "Actual Total Time": 3330.017,
                    "Actual Rows": 258067,
                    "Actual Loops": 2,
                    "Hash Buckets": 524288,
                    "Original Hash Buckets": 524288,
                    "Hash Batches": 1,
                    "Original Hash Batches": 1,
                    "Peak Memory Usage": 24320,
                    "Plans": [
                      {
                        "Node Type": "Hash Join",
                        "Parent Relationship": "Outer",
                        "Parallel Aware": true,
                        "Join Type": "Inner",
                        "Startup Cost": 58540.02,
                        "Total Cost": 580273.37,
                        "Plan Rows": 267717,
                        "Plan Width": 8,
                        "Actual Startup Time": 144.841,
                        "Actual Total Time": 3254.851,
                        "Actual Rows": 258067,
                        "Actual Loops": 2,
                        "Inner Unique": true,
                        "Hash Cond": "(ci.movie_id = t.id)",
                        "Plans": [
                          {
                            "Node Type": "Seq Scan",
                            "Parent Relationship": "Outer",
                            "Parallel Aware": true,
                            "Relation Name": "cast_info",
                            "Alias": "ci",
                            "Startup Cost": 0.0,
                            "Total Cost": 465792.95,
                            "Plan Rows": 21310595,
                            "Plan Width": 4,
                            "Actual Startup Time": 0.015,
                            "Actual Total Time": 1332.143,
                            "Actual Rows": 18122172,
                            "Actual Loops": 2
                          },
                          {
                            "Node Type": "Hash",
                            "Parent Relationship": "Inner",
                            "Parallel Aware": true,
                            "Startup Cost": 58306.47,
                            "Total Cost": 58306.47,
                            "Plan Rows": 18684,
                            "Plan Width": 4,
                            "Actual Startup Time": 144.507,
                            "Actual Total Time": 144.508,
                            "Actual Rows": 19849,
                            "Actual Loops": 2,
                            "Hash Buckets": 65536,
                            "Original Hash Buckets": 32768,
                            "Hash Batches": 1,
                            "Original Hash Batches": 1,
                            "Peak Memory Usage": 2336,
                            "Plans": [
                              {
                                "Node Type": "Seq Scan",
                                "Parent Relationship": "Outer",
                                "Parallel Aware": true,
                                "Relation Name": "title",
                                "Alias": "t",
                                "Startup Cost": 0.0,
                                "Total Cost": 58306.47,
                                "Plan Rows": 18684,
                                "Plan Width": 4,
                                "Actual Startup Time": 0.041,
                                "Actual Total Time": 136.087,
                                "Actual Rows": 19849,
                                "Actual Loops": 2,
                                "Filter": "((kind_id = 7) AND (production_year = 2001))",
                                "Rows Removed by Filter": 1244307
                              }
                            ]
                          }
                        ]
                      }
                    ]
                  }
                ]
              }
            ]
          }
        ]
      }
    ]
  },
  "Planning Time": 0.991,
  "Triggers": [],
  "Execution Time": 4922.203
}