[
    {
        "Bao": {
            "Bao prediction": 684.941,
            "Bao recommended hint": "(no hint)"
        }
    },
    {
        "Plan": {
            "Node Type": "Aggregate",
            "Strategy": "Plain",
            "Partial Mode": "Finalize",
            "Parallel Aware": false,
            "Startup Cost": 84150.35,
            "Total Cost": 84150.36,
            "Plan Rows": 1,
            "Plan Width": 8,
            "Actual Startup Time": 449.732,
            "Actual Total Time": 465.262,
            "Actual Rows": 1,
            "Actual Loops": 1,
            "Output": [
                "count(*)"
            ],
            "Plans": [
                {
                    "Node Type": "Gather",
                    "Parent Relationship": "Outer",
                    "Parallel Aware": false,
                    "Startup Cost": 84150.03,
                    "Total Cost": 84150.34,
                    "Plan Rows": 3,
                    "Plan Width": 8,
                    "Actual Startup Time": 443.639,
                    "Actual Total Time": 465.251,
                    "Actual Rows": 4,
                    "Actual Loops": 1,
                    "Output": [
                        "(PARTIAL count(*))"
                    ],
                    "Workers Planned": 3,
                    "Workers Launched": 3,
                    "Single Copy": false,
                    "Plans": [
                        {
                            "Node Type": "Aggregate",
                            "Strategy": "Plain",
                            "Partial Mode": "Partial",
                            "Parent Relationship": "Outer",
                            "Parallel Aware": false,
                            "Startup Cost": 83150.03,
                            "Total Cost": 83150.04,
                            "Plan Rows": 1,
                            "Plan Width": 8,
                            "Actual Startup Time": 431.871,
                            "Actual Total Time": 431.875,
                            "Actual Rows": 1,
                            "Actual Loops": 4,
                            "Output": [
                                "PARTIAL count(*)"
                            ],
                            "Workers": [
                                {
                                    "Worker Number": 0,
                                    "Actual Startup Time": 427.777,
                                    "Actual Total Time": 427.779,
                                    "Actual Rows": 1,
                                    "Actual Loops": 1
                                },
                                {
                                    "Worker Number": 1,
                                    "Actual Startup Time": 428.925,
                                    "Actual Total Time": 428.928,
                                    "Actual Rows": 1,
                                    "Actual Loops": 1
                                },
                                {
                                    "Worker Number": 2,
                                    "Actual Startup Time": 427.799,
                                    "Actual Total Time": 427.803,
                                    "Actual Rows": 1,
                                    "Actual Loops": 1
                                }
                            ],
                            "Plans": [
                                {
                                    "Node Type": "Hash Join",
                                    "Parent Relationship": "Outer",
                                    "Parallel Aware": true,
                                    "Join Type": "Inner",
                                    "Startup Cost": 56882.69,
                                    "Total Cost": 82948.55,
                                    "Plan Rows": 80590,
                                    "Plan Width": 0,
                                    "Actual Startup Time": 337.488,
                                    "Actual Total Time": 427.732,
                                    "Actual Rows": 55454,
                                    "Actual Loops": 4,
                                    "Inner Unique": true,
                                    "Hash Cond": "(mk.movie_id = t.id)",
                                    "Workers": [
                                        {
                                            "Worker Number": 0,
                                            "Actual Startup Time": 333.785,
                                            "Actual Total Time": 423.813,
                                            "Actual Rows": 54225,
                                            "Actual Loops": 1
                                        },
                                        {
                                            "Worker Number": 1,
                                            "Actual Startup Time": 333.494,
                                            "Actual Total Time": 424.583,
                                            "Actual Rows": 55212,
                                            "Actual Loops": 1
                                        },
                                        {
                                            "Worker Number": 2,
                                            "Actual Startup Time": 333.756,
                                            "Actual Total Time": 423.847,
                                            "Actual Rows": 61691,
                                            "Actual Loops": 1
                                        }
                                    ],
                                    "Plans": [
                                        {
                                            "Node Type": "Bitmap Heap Scan",
                                            "Parent Relationship": "Outer",
                                            "Parallel Aware": true,
                                            "Relation Name": "movie_keyword",
                                            "Schema": "public",
                                            "Alias": "mk",
                                            "Startup Cost": 7008.76,
                                            "Total Cost": 32794.88,
                                            "Plan Rows": 106569,
                                            "Plan Width": 4,
                                            "Actual Startup Time": 44.785,
                                            "Actual Total Time": 95.532,
                                            "Actual Rows": 83536,
                                            "Actual Loops": 4,
                                            "Output": [
                                                "mk.id",
                                                "mk.movie_id",
                                                "mk.keyword_id"
                                            ],
                                            "Recheck Cond": "(mk.keyword_id < 275)",
                                            "Rows Removed by Index Recheck": 0,
                                            "Exact Heap Blocks": 5660,
                                            "Lossy Heap Blocks": 0,
                                            "Workers": [
                                                {
                                                    "Worker Number": 0,
                                                    "Actual Startup Time": 44.862,
                                                    "Actual Total Time": 96.334,
                                                    "Actual Rows": 83406,
                                                    "Actual Loops": 1
                                                },
                                                {
                                                    "Worker Number": 1,
                                                    "Actual Startup Time": 44.638,
                                                    "Actual Total Time": 97.804,
                                                    "Actual Rows": 80255,
                                                    "Actual Loops": 1
                                                },
                                                {
                                                    "Worker Number": 2,
                                                    "Actual Startup Time": 44.813,
                                                    "Actual Total Time": 96.415,
                                                    "Actual Rows": 93058,
                                                    "Actual Loops": 1
                                                }
                                            ],
                                            "Plans": [
                                                {
                                                    "Node Type": "Bitmap Index Scan",
                                                    "Parent Relationship": "Outer",
                                                    "Parallel Aware": false,
                                                    "Index Name": "keyword_id_movie_keyword",
                                                    "Startup Cost": 0.0,
                                                    "Total Cost": 6926.17,
                                                    "Plan Rows": 330365,
                                                    "Plan Width": 0,
                                                    "Actual Startup Time": 38.977,
                                                    "Actual Total Time": 38.977,
                                                    "Actual Rows": 334142,
                                                    "Actual Loops": 1,
                                                    "Index Cond": "(mk.keyword_id < 275)",
                                                    "Workers": [
                                                        {
                                                            "Worker Number": 1,
                                                            "Actual Startup Time": 38.977,
                                                            "Actual Total Time": 38.977,
                                                            "Actual Rows": 334142,
                                                            "Actual Loops": 1
                                                        }
                                                    ]
                                                }
                                            ]
                                        },
                                        {
                                            "Node Type": "Hash",
                                            "Parent Relationship": "Inner",
                                            "Parallel Aware": true,
                                            "Startup Cost": 43899.01,
                                            "Total Cost": 43899.01,
                                            "Plan Rows": 477994,
                                            "Plan Width": 4,
                                            "Actual Startup Time": 285.172,
                                            "Actual Total Time": 285.173,
                                            "Actual Rows": 479507,
                                            "Actual Loops": 4,
                                            "Output": [
                                                "t.id"
                                            ],
                                            "Hash Buckets": 2097152,
                                            "Original Hash Buckets": 2097152,
                                            "Hash Batches": 1,
                                            "Original Hash Batches": 1,
                                            "Peak Memory Usage": 91488,
                                            "Workers": [
                                                {
                                                    "Worker Number": 0,
                                                    "Actual Startup Time": 288.474,
                                                    "Actual Total Time": 288.474,
                                                    "Actual Rows": 530274,
                                                    "Actual Loops": 1
                                                },
                                                {
                                                    "Worker Number": 1,
                                                    "Actual Startup Time": 288.505,
                                                    "Actual Total Time": 288.506,
                                                    "Actual Rows": 400415,
                                                    "Actual Loops": 1
                                                },
                                                {
                                                    "Worker Number": 2,
                                                    "Actual Startup Time": 288.488,
                                                    "Actual Total Time": 288.489,
                                                    "Actual Rows": 532943,
                                                    "Actual Loops": 1
                                                }
                                            ],
                                            "Plans": [
                                                {
                                                    "Node Type": "Seq Scan",
                                                    "Parent Relationship": "Outer",
                                                    "Parallel Aware": true,
                                                    "Relation Name": "title",
                                                    "Schema": "public",
                                                    "Alias": "t",
                                                    "Startup Cost": 0.0,
                                                    "Total Cost": 43899.01,
                                                    "Plan Rows": 477994,
                                                    "Plan Width": 4,
                                                    "Actual Startup Time": 0.035,
                                                    "Actual Total Time": 115.728,
                                                    "Actual Rows": 479507,
                                                    "Actual Loops": 4,
                                                    "Output": [
                                                        "t.id"
                                                    ],
                                                    "Filter": "(t.production_year > 1981)",
                                                    "Rows Removed by Filter": 152571,
                                                    "Workers": [
                                                        {
                                                            "Worker Number": 0,
                                                            "Actual Startup Time": 0.036,
                                                            "Actual Total Time": 115.365,
                                                            "Actual Rows": 530274,
                                                            "Actual Loops": 1
                                                        },
                                                        {
                                                            "Worker Number": 1,
                                                            "Actual Startup Time": 0.037,
                                                            "Actual Total Time": 122.651,
                                                            "Actual Rows": 400415,
                                                            "Actual Loops": 1
                                                        },
                                                        {
                                                            "Worker Number": 2,
                                                            "Actual Startup Time": 0.049,
                                                            "Actual Total Time": 115.296,
                                                            "Actual Rows": 532943,
                                                            "Actual Loops": 1
                                                        }
                                                    ]
                                                }
                                            ]
                                        }
                                    ]
                                }
                            ]
                        }
                    ]
                }
            ]
        },
        "Planning Time": 460.144,
        "Triggers": [],
        "Execution Time": 465.409
    }
]