[
  {
    "Plan": {
      "Node Type": "Aggregate",
      "Strategy": "Plain",
      "Partial Mode": "Finalize",
      "Parallel Aware": false,
      "Startup Cost": 36454.46,
      "Total Cost": 36454.47,
      "Plan Rows": 1,
      "Plan Width": 8,
      "Actual Startup Time": 101.909,
      "Actual Total Time": 107.602,
      "Actual Rows": 1,
      "Actual Loops": 1,
      "Plans": [
        {
          "Node Type": "Gather",
          "Parent Relationship": "Outer",
          "Parallel Aware": false,
          "Startup Cost": 36454.14,
          "Total Cost": 36454.45,
          "Plan Rows": 3,
          "Plan Width": 8,
          "Actual Startup Time": 101.648,
          "Actual Total Time": 107.592,
          "Actual Rows": 4,
          "Actual Loops": 1,
          "Workers Planned": 3,
          "Workers Launched": 3,
          "Single Copy": false,
          "Plans": [
            {
              "Node Type": "Aggregate",
              "Strategy": "Plain",
              "Partial Mode": "Partial",
              "Parent Relationship": "Outer",
              "Parallel Aware": false,
              "Startup Cost": 35454.14,
              "Total Cost": 35454.15,
              "Plan Rows": 1,
              "Plan Width": 8,
              "Actual Startup Time": 97.693,
              "Actual Total Time": 97.695,
              "Actual Rows": 1,
              "Actual Loops": 4,
              "Plans": [
                {
                  "Node Type": "Bitmap Heap Scan",
                  "Parent Relationship": "Outer",
                  "Parallel Aware": true,
                  "Relation Name": "movie_keyword",
                  "Alias": "mk",
                  "Startup Cost": 8956.95,
                  "Total Cost": 35113.61,
                  "Plan Rows": 136213,
                  "Plan Width": 0,
                  "Actual Startup Time": 32.924,
                  "Actual Total Time": 91.562,
                  "Actual Rows": 104517,
                  "Actual Loops": 4,
                  "Recheck Cond": "(keyword_id > 41662)",
                  "Rows Removed by Index Recheck": 0,
                  "Exact Heap Blocks": 10833,
                  "Lossy Heap Blocks": 0,
                  "Plans": [
                    {
                      "Node Type": "Bitmap Index Scan",
                      "Parent Relationship": "Outer",
                      "Parallel Aware": false,
                      "Index Name": "keyword_id_movie_keyword",
                      "Startup Cost": 0.0,
                      "Total Cost": 8851.38,
                      "Plan Rows": 422260,
                      "Plan Width": 0,
                      "Actual Startup Time": 33.152,
                      "Actual Total Time": 33.152,
                      "Actual Rows": 418069,
                      "Actual Loops": 1,
                      "Index Cond": "(keyword_id > 41662)"
                    }
                  ]
                }
              ]
            }
          ]
        }
      ]
    },
    "Planning Time": 0.102,
    "Triggers": [],
    "Execution Time": 107.645
  }
]