{
  "Plan": {
    "Node Type": "Aggregate",
    "Strategy": "Plain",
    "Partial Mode": "Finalize",
    "Parallel Aware": false,
    "Startup Cost": 85495.05,
    "Total Cost": 85495.06,
    "Plan Rows": 1,
    "Plan Width": 8,
    "Actual Startup Time": 143.127,
    "Actual Total Time": 151.579,
    "Actual Rows": 1,
    "Actual Loops": 1,
    "Plans": [
      {
        "Node Type": "Gather",
        "Parent Relationship": "Outer",
        "Parallel Aware": false,
        "Startup Cost": 85494.94,
        "Total Cost": 85495.05,
        "Plan Rows": 1,
        "Plan Width": 8,
        "Actual Startup Time": 142.847,
        "Actual Total Time": 151.566,
        "Actual Rows": 2,
        "Actual Loops": 1,
        "Workers Planned": 1,
        "Workers Launched": 1,
        "Single Copy": false,
        "Plans": [
          {
            "Node Type": "Aggregate",
            "Strategy": "Plain",
            "Partial Mode": "Partial",
            "Parent Relationship": "Outer",
            "Parallel Aware": false,
            "Startup Cost": 84494.94,
            "Total Cost": 84494.95,
            "Plan Rows": 1,
            "Plan Width": 8,
            "Actual Startup Time": 136.6,
            "Actual Total Time": 136.604,
            "Actual Rows": 1,
            "Actual Loops": 2,
            "Plans": [
              {
                "Node Type": "Hash Join",
                "Parent Relationship": "Outer",
                "Parallel Aware": true,
                "Join Type": "Inner",
                "Startup Cost": 65365.43,
                "Total Cost": 84485.26,
                "Plan Rows": 3874,
                "Plan Width": 0,
                "Actual Startup Time": 44.37,
                "Actual Total Time": 136.398,
                "Actual Rows": 3971,
                "Actual Loops": 2,
                "Inner Unique": false,
                "Hash Cond": "(mi_idx.movie_id = t.id)",
                "Plans": [
                  {
                    "Node Type": "Seq Scan",
                    "Parent Relationship": "Outer",
                    "Parallel Aware": true,
                    "Relation Name": "movie_info_idx",
                    "Alias": "mi_idx",
                    "Startup Cost": 0.0,
                    "Total Cost": 16052.85,
                    "Plan Rows": 811785,
                    "Plan Width": 4,
                    "Actual Startup Time": 0.012,
                    "Actual Total Time": 46.452,
                    "Actual Rows": 690018,
                    "Actual Loops": 2
                  },
                  {
                    "Node Type": "Hash",
                    "Parent Relationship": "Inner",
                    "Parallel Aware": true,
                    "Startup Cost": 65276.73,
                    "Total Cost": 65276.73,
                    "Plan Rows": 7096,
                    "Plan Width": 8,
                    "Actual Startup Time": 41.83,
                    "Actual Total Time": 41.832,
                    "Actual Rows": 4284,
                    "Actual Loops": 2,
                    "Hash Buckets": 16384,
                    "Original Hash Buckets": 16384,
                    "Hash Batches": 1,
                    "Original Hash Batches": 1,
                    "Peak Memory Usage": 480,
                    "Plans": [
                      {
                        "Node Type": "Nested Loop",
                        "Parent Relationship": "Outer",
                        "Parallel Aware": false,
                        "Join Type": "Inner",
                        "Startup Cost": 258.36,
                        "Total Cost": 65276.73,
                        "Plan Rows": 7096,
                        "Plan Width": 8,
                        "Actual Startup Time": 2.885,
                        "Actual Total Time": 39.89,
                        "Actual Rows": 4284,
                        "Actual Loops": 2,
                        "Inner Unique": true,
                        "Plans": [
                          {
                            "Node Type": "Bitmap Heap Scan",
                            "Parent Relationship": "Outer",
                            "Parallel Aware": true,
                            "Relation Name": "movie_keyword",
                            "Alias": "mk",
                            "Startup Cost": 257.93,
                            "Total Cost": 20793.42,
                            "Plan Rows": 7096,
                            "Plan Width": 4,
                            "Actual Startup Time": 2.742,
                            "Actual Total Time": 10.842,
                            "Actual Rows": 4284,
                            "Actual Loops": 2,
                            "Recheck Cond": "(keyword_id = 3636)",
                            "Rows Removed by Index Recheck": 0,
                            "Exact Heap Blocks": 3255,
                            "Lossy Heap Blocks": 0,
                            "Plans": [
                              {
                                "Node Type": "Bitmap Index Scan",
                                "Parent Relationship": "Outer",
                                "Parallel Aware": false,
                                "Index Name": "keyword_id_movie_keyword",
                                "Startup Cost": 0.0,
                                "Total Cost": 254.91,
                                "Plan Rows": 12064,
                                "Plan Width": 0,
                                "Actual Startup Time": 3.275,
                                "Actual Total Time": 3.275,
                                "Actual Rows": 8567,
                                "Actual Loops": 1,
                                "Index Cond": "(keyword_id = 3636)"
                              }
                            ]
                          },
                          {
                            "Node Type": "Index Only Scan",
                            "Parent Relationship": "Inner",
                            "Parallel Aware": false,
                            "Scan Direction": "Forward",
                            "Index Name": "title_pkey",
                            "Relation Name": "title",
                            "Alias": "t",
                            "Startup Cost": 0.43,
                            "Total Cost": 6.27,
                            "Plan Rows": 1,
                            "Plan Width": 4,
                            "Actual Startup Time": 0.006,
                            "Actual Total Time": 0.006,
                            "Actual Rows": 1,
                            "Actual Loops": 8567,
                            "Index Cond": "(id = mk.movie_id)",
                            "Rows Removed by Index Recheck": 0,
                            "Heap Fetches": 8567
                          }
                        ]
                      }
                    ]
                  }
                ]
              }
            ]
          }
        ]
      }
    ]
  },
  "Planning Time": 1.052,
  "Triggers": [],
  "Execution Time": 151.676
}