[
    {
        "Bao": {
            "Bao prediction": "NaN",
            "Bao recommended hint": "(no hint)"
        }
    },
    {
        "Plan": {
            "Node Type": "Aggregate",
            "Strategy": "Plain",
            "Partial Mode": "Finalize",
            "Parallel Aware": false,
            "Startup Cost": 356785.93,
            "Total Cost": 356785.94,
            "Plan Rows": 1,
            "Plan Width": 8,
            "Actual Startup Time": 873.915,
            "Actual Total Time": 901.605,
            "Actual Rows": 1,
            "Actual Loops": 1,
            "Output": [
                "count(*)"
            ],
            "Plans": [
                {
                    "Node Type": "Gather",
                    "Parent Relationship": "Outer",
                    "Parallel Aware": false,
                    "Startup Cost": 356785.3,
                    "Total Cost": 356785.91,
                    "Plan Rows": 6,
                    "Plan Width": 8,
                    "Actual Startup Time": 873.764,
                    "Actual Total Time": 901.595,
                    "Actual Rows": 7,
                    "Actual Loops": 1,
                    "Output": [
                        "(PARTIAL count(*))"
                    ],
                    "Workers Planned": 6,
                    "Workers Launched": 6,
                    "Single Copy": false,
                    "Plans": [
                        {
                            "Node Type": "Aggregate",
                            "Strategy": "Plain",
                            "Partial Mode": "Partial",
                            "Parent Relationship": "Outer",
                            "Parallel Aware": false,
                            "Startup Cost": 355785.3,
                            "Total Cost": 355785.31,
                            "Plan Rows": 1,
                            "Plan Width": 8,
                            "Actual Startup Time": 864.093,
                            "Actual Total Time": 864.094,
                            "Actual Rows": 1,
                            "Actual Loops": 7,
                            "Output": [
                                "PARTIAL count(*)"
                            ],
                            "Workers": [
                                {
                                    "Worker Number": 0,
                                    "Actual Startup Time": 861.867,
                                    "Actual Total Time": 861.868,
                                    "Actual Rows": 1,
                                    "Actual Loops": 1
                                },
                                {
                                    "Worker Number": 1,
                                    "Actual Startup Time": 861.898,
                                    "Actual Total Time": 861.899,
                                    "Actual Rows": 1,
                                    "Actual Loops": 1
                                },
                                {
                                    "Worker Number": 2,
                                    "Actual Startup Time": 862.313,
                                    "Actual Total Time": 862.313,
                                    "Actual Rows": 1,
                                    "Actual Loops": 1
                                },
                                {
                                    "Worker Number": 3,
                                    "Actual Startup Time": 862.738,
                                    "Actual Total Time": 862.74,
                                    "Actual Rows": 1,
                                    "Actual Loops": 1
                                },
                                {
                                    "Worker Number": 4,
                                    "Actual Startup Time": 863.209,
                                    "Actual Total Time": 863.21,
                                    "Actual Rows": 1,
                                    "Actual Loops": 1
                                },
                                {
                                    "Worker Number": 5,
                                    "Actual Startup Time": 863.25,
                                    "Actual Total Time": 863.252,
                                    "Actual Rows": 1,
                                    "Actual Loops": 1
                                }
                            ],
                            "Plans": [
                                {
                                    "Node Type": "Seq Scan",
                                    "Parent Relationship": "Outer",
                                    "Parallel Aware": true,
                                    "Relation Name": "cast_info",
                                    "Schema": "public",
                                    "Alias": "ci",
                                    "Startup Cost": 0.0,
                                    "Total Cost": 343318.94,
                                    "Plan Rows": 4986545,
                                    "Plan Width": 0,
                                    "Actual Startup Time": 35.531,
                                    "Actual Total Time": 680.705,
                                    "Actual Rows": 4233479,
                                    "Actual Loops": 7,
                                    "Output": [
                                        "id",
                                        "person_id",
                                        "movie_id",
                                        "person_role_id",
                                        "note",
                                        "nr_order",
                                        "role_id"
                                    ],
                                    "Filter": "((ci.person_id > 201769) AND (ci.role_id < 10))",
                                    "Rows Removed by Filter": 944285,
                                    "Workers": [
                                        {
                                            "Worker Number": 0,
                                            "Actual Startup Time": 33.316,
                                            "Actual Total Time": 683.788,
                                            "Actual Rows": 4376203,
                                            "Actual Loops": 1
                                        },
                                        {
                                            "Worker Number": 1,
                                            "Actual Startup Time": 33.343,
                                            "Actual Total Time": 681.3,
                                            "Actual Rows": 4232000,
                                            "Actual Loops": 1
                                        },
                                        {
                                            "Worker Number": 2,
                                            "Actual Startup Time": 33.751,
                                            "Actual Total Time": 683.774,
                                            "Actual Rows": 4361857,
                                            "Actual Loops": 1
                                        },
                                        {
                                            "Worker Number": 3,
                                            "Actual Startup Time": 34.151,
                                            "Actual Total Time": 678.378,
                                            "Actual Rows": 2795891,
                                            "Actual Loops": 1
                                        },
                                        {
                                            "Worker Number": 4,
                                            "Actual Startup Time": 34.649,
                                            "Actual Total Time": 685.259,
                                            "Actual Rows": 4372284,
                                            "Actual Loops": 1
                                        },
                                        {
                                            "Worker Number": 5,
                                            "Actual Startup Time": 34.689,
                                            "Actual Total Time": 684.999,
                                            "Actual Rows": 4383687,
                                            "Actual Loops": 1
                                        }
                                    ]
                                }
                            ]
                        }
                    ]
                }
            ]
        },
        "Planning Time": 188.863,
        "Triggers": [],
        "Execution Time": 901.661
    }
]