[
  {
    "Plan": {
      "Node Type": "Aggregate",
      "Strategy": "Plain",
      "Partial Mode": "Finalize",
      "Parallel Aware": false,
      "Startup Cost": 70383.96,
      "Total Cost": 70383.97,
      "Plan Rows": 1,
      "Plan Width": 8,
      "Actual Startup Time": 186.659,
      "Actual Total Time": 196.751,
      "Actual Rows": 1,
      "Actual Loops": 1,
      "Plans": [
        {
          "Node Type": "Gather",
          "Parent Relationship": "Outer",
          "Parallel Aware": false,
          "Startup Cost": 70383.65,
          "Total Cost": 70383.96,
          "Plan Rows": 3,
          "Plan Width": 8,
          "Actual Startup Time": 186.1,
          "Actual Total Time": 196.741,
          "Actual Rows": 4,
          "Actual Loops": 1,
          "Workers Planned": 3,
          "Workers Launched": 3,
          "Single Copy": false,
          "Plans": [
            {
              "Node Type": "Aggregate",
              "Strategy": "Plain",
              "Partial Mode": "Partial",
              "Parent Relationship": "Outer",
              "Parallel Aware": false,
              "Startup Cost": 69383.65,
              "Total Cost": 69383.66,
              "Plan Rows": 1,
              "Plan Width": 8,
              "Actual Startup Time": 176.633,
              "Actual Total Time": 176.636,
              "Actual Rows": 1,
              "Actual Loops": 4,
              "Plans": [
                {
                  "Node Type": "Hash Join",
                  "Parent Relationship": "Outer",
                  "Parallel Aware": true,
                  "Join Type": "Inner",
                  "Startup Cost": 38335.92,
                  "Total Cost": 69358.53,
                  "Plan Rows": 10045,
                  "Plan Width": 0,
                  "Actual Startup Time": 79.483,
                  "Actual Total Time": 175.732,
                  "Actual Rows": 19332,
                  "Actual Loops": 4,
                  "Inner Unique": true,
                  "Hash Cond": "(mc.movie_id = t.id)",
                  "Plans": [
                    {
                      "Node Type": "Seq Scan",
                      "Parent Relationship": "Outer",
                      "Parallel Aware": true,
                      "Relation Name": "movie_companies",
                      "Alias": "mc",
                      "Startup Cost": 0.0,
                      "Total Cost": 29310.68,
                      "Plan Rows": 652165,
                      "Plan Width": 4,
                      "Actual Startup Time": 0.016,
                      "Actual Total Time": 70.459,
                      "Actual Rows": 502060,
                      "Actual Loops": 4,
                      "Filter": "(company_id < 67467)",
                      "Rows Removed by Filter": 150223
                    },
                    {
                      "Node Type": "Hash",
                      "Parent Relationship": "Inner",
                      "Parallel Aware": true,
                      "Startup Cost": 38214.22,
                      "Total Cost": 38214.22,
                      "Plan Rows": 9736,
                      "Plan Width": 4,
                      "Actual Startup Time": 54.213,
                      "Actual Total Time": 54.215,
                      "Actual Rows": 12866,
                      "Actual Loops": 4,
                      "Hash Buckets": 65536,
                      "Original Hash Buckets": 65536,
                      "Hash Batches": 1,
                      "Original Hash Batches": 1,
                      "Peak Memory Usage": 2592,
                      "Plans": [
                        {
                          "Node Type": "Bitmap Heap Scan",
                          "Parent Relationship": "Outer",
                          "Parallel Aware": true,
                          "Relation Name": "title",
                          "Alias": "t",
                          "Startup Cost": 1832.87,
                          "Total Cost": 38214.22,
                          "Plan Rows": 9736,
                          "Plan Width": 4,
                          "Actual Startup Time": 12.569,
                          "Actual Total Time": 48.308,
                          "Actual Rows": 12866,
                          "Actual Loops": 4,
                          "Recheck Cond": "(kind_id = 3)",
                          "Rows Removed by Index Recheck": 0,
                          "Filter": "(production_year < 1999)",
                          "Rows Removed by Filter": 12268,
                          "Exact Heap Blocks": 7812,
                          "Lossy Heap Blocks": 0,
                          "Plans": [
                            {
                              "Node Type": "Bitmap Index Scan",
                              "Parent Relationship": "Outer",
                              "Parallel Aware": false,
                              "Index Name": "kind_id_title",
                              "Startup Cost": 0.0,
                              "Total Cost": 1823.13,
                              "Plan Rows": 102227,
                              "Plan Width": 0,
                              "Actual Startup Time": 14.46,
                              "Actual Total Time": 14.46,
                              "Actual Rows": 100537,
                              "Actual Loops": 1,
                              "Index Cond": "(kind_id = 3)"
                            }
                          ]
                        }
                      ]
                    }
                  ]
                }
              ]
            }
          ]
        }
      ]
    },
    "Planning Time": 0.673,
    "Triggers": [],
    "Execution Time": 196.846
  }
]