[
  {
    "Plan": {
      "Node Type": "Aggregate",
      "Strategy": "Plain",
      "Partial Mode": "Finalize",
      "Parallel Aware": false,
      "Startup Cost": 32825.21,
      "Total Cost": 32825.22,
      "Plan Rows": 1,
      "Plan Width": 8,
      "Actual Startup Time": 78.777,
      "Actual Total Time": 87.495,
      "Actual Rows": 1,
      "Actual Loops": 1,
      "Plans": [
        {
          "Node Type": "Gather",
          "Parent Relationship": "Outer",
          "Parallel Aware": false,
          "Startup Cost": 32824.89,
          "Total Cost": 32825.2,
          "Plan Rows": 3,
          "Plan Width": 8,
          "Actual Startup Time": 78.668,
          "Actual Total Time": 87.487,
          "Actual Rows": 4,
          "Actual Loops": 1,
          "Workers Planned": 3,
          "Workers Launched": 3,
          "Single Copy": false,
          "Plans": [
            {
              "Node Type": "Aggregate",
              "Strategy": "Plain",
              "Partial Mode": "Partial",
              "Parent Relationship": "Outer",
              "Parallel Aware": false,
              "Startup Cost": 31824.89,
              "Total Cost": 31824.9,
              "Plan Rows": 1,
              "Plan Width": 8,
              "Actual Startup Time": 74.863,
              "Actual Total Time": 74.864,
              "Actual Rows": 1,
              "Actual Loops": 4,
              "Plans": [
                {
                  "Node Type": "Seq Scan",
                  "Parent Relationship": "Outer",
                  "Parallel Aware": true,
                  "Relation Name": "movie_companies",
                  "Alias": "mc",
                  "Startup Cost": 0.0,
                  "Total Cost": 31414.82,
                  "Plan Rows": 164029,
                  "Plan Width": 0,
                  "Actual Startup Time": 12.987,
                  "Actual Total Time": 72.152,
                  "Actual Rows": 50594,
                  "Actual Loops": 4,
                  "Filter": "((company_id > 15444) AND (company_type_id < 2))",
                  "Rows Removed by Filter": 601688
                }
              ]
            }
          ]
        }
      ]
    },
    "Planning Time": 0.095,
    "Triggers": [],
    "Execution Time": 87.522
  }
]