[
  {
    "Plan": {
      "Node Type": "Aggregate",
      "Strategy": "Plain",
      "Partial Mode": "Simple",
      "Parallel Aware": false,
      "Startup Cost": 7484.75,
      "Total Cost": 7484.76,
      "Plan Rows": 1,
      "Plan Width": 64,
      "Actual Startup Time": 102.818,
      "Actual Total Time": 102.824,
      "Actual Rows": 1,
      "Actual Loops": 1,
      "Plans": [
        {
          "Node Type": "Nested Loop",
          "Parent Relationship": "Outer",
          "Parallel Aware": false,
          "Join Type": "Inner",
          "Startup Cost": 12.09,
          "Total Cost": 7484.74,
          "Plan Rows": 1,
          "Plan Width": 22,
          "Actual Startup Time": 3.469,
          "Actual Total Time": 102.79,
          "Actual Rows": 31,
          "Actual Loops": 1,
          "Inner Unique": true,
          "Join Filter": "(mi.info_type_id = it1.id)",
          "Rows Removed by Join Filter": 38,
          "Plans": [
            {
              "Node Type": "Nested Loop",
              "Parent Relationship": "Outer",
              "Parallel Aware": false,
              "Join Type": "Inner",
              "Startup Cost": 12.09,
              "Total Cost": 7482.32,
              "Plan Rows": 1,
              "Plan Width": 26,
              "Actual Startup Time": 3.456,
              "Actual Total Time": 102.084,
              "Actual Rows": 69,
              "Actual Loops": 1,
              "Inner Unique": false,
              "Join Filter": "(t.id = mi.movie_id)",
              "Rows Removed by Join Filter": 0,
              "Plans": [
                {
                  "Node Type": "Nested Loop",
                  "Parent Relationship": "Outer",
                  "Parallel Aware": false,
                  "Join Type": "Inner",
                  "Startup Cost": 11.65,
                  "Total Cost": 7480.41,
                  "Plan Rows": 1,
                  "Plan Width": 34,
                  "Actual Startup Time": 2.545,
                  "Actual Total Time": 93.266,
                  "Actual Rows": 54,
                  "Actual Loops": 1,
                  "Inner Unique": false,
                  "Join Filter": "(mi_idx.info_type_id = it2.id)",
                  "Rows Removed by Join Filter": 103,
                  "Plans": [
                    {
                      "Node Type": "Seq Scan",
                      "Parent Relationship": "Outer",
                      "Parallel Aware": false,
                      "Relation Name": "info_type",
                      "Alias": "it2",
                      "Startup Cost": 0.0,
                      "Total Cost": 2.41,
                      "Plan Rows": 1,
                      "Plan Width": 4,
                      "Actual Startup Time": 0.022,
                      "Actual Total Time": 0.024,
                      "Actual Rows": 1,
                      "Actual Loops": 1,
                      "Filter": "((info)::text = 'rating'::text)",
                      "Rows Removed by Filter": 112
                    },
                    {
                      "Node Type": "Nested Loop",
                      "Parent Relationship": "Inner",
                      "Parallel Aware": false,
                      "Join Type": "Inner",
                      "Startup Cost": 11.65,
                      "Total Cost": 7477.67,
                      "Plan Rows": 26,
                      "Plan Width": 38,
                      "Actual Startup Time": 2.518,
                      "Actual Total Time": 93.21,
                      "Actual Rows": 157,
                      "Actual Loops": 1,
                      "Inner Unique": false,
                      "Join Filter": "(t.id = mi_idx.movie_id)",
                      "Rows Removed by Join Filter": 0,
                      "Plans": [
                        {
                          "Node Type": "Nested Loop",
                          "Parent Relationship": "Outer",
                          "Parallel Aware": false,
                          "Join Type": "Inner",
                          "Startup Cost": 11.23,
                          "Total Cost": 7473.37,
                          "Plan Rows": 8,
                          "Plan Width": 25,
                          "Actual Startup Time": 2.437,
                          "Actual Total Time": 91.207,
                          "Actual Rows": 69,
                          "Actual Loops": 1,
                          "Inner Unique": false,
                          "Join Filter": "(t.kind_id = kt.id)",
                          "Rows Removed by Join Filter": 1072,
                          "Plans": [
                            {
                              "Node Type": "Seq Scan",
                              "Parent Relationship": "Outer",
                              "Parallel Aware": false,
                              "Relation Name": "kind_type",
                              "Alias": "kt",
                              "Startup Cost": 0.0,
                              "Total Cost": 1.09,
                              "Plan Rows": 1,
                              "Plan Width": 4,
                              "Actual Startup Time": 0.006,
                              "Actual Total Time": 0.007,
                              "Actual Rows": 1,
                              "Actual Loops": 1,
                              "Filter": "((kind)::text = 'tv series'::text)",
                              "Rows Removed by Filter": 6
                            },
                            {
                              "Node Type": "Nested Loop",
                              "Parent Relationship": "Inner",
                              "Parallel Aware": false,
                              "Join Type": "Inner",
                              "Startup Cost": 11.23,
                              "Total Cost": 7471.55,
                              "Plan Rows": 59,
                              "Plan Width": 29,
                              "Actual Startup Time": 1.743,
                              "Actual Total Time": 91.008,
                              "Actual Rows": 1141,
                              "Actual Loops": 1,
                              "Inner Unique": true,
                              "Plans": [
                                {
                                  "Node Type": "Nested Loop",
                                  "Parent Relationship": "Outer",
                                  "Parallel Aware": false,
                                  "Join Type": "Inner",
                                  "Startup Cost": 10.8,
                                  "Total Cost": 7405.43,
                                  "Plan Rows": 135,
                                  "Plan Width": 4,
                                  "Actual Startup Time": 1.677,
                                  "Actual Total Time": 48.23,
                                  "Actual Rows": 4713,
                                  "Actual Loops": 1,
                                  "Inner Unique": false,
                                  "Plans": [
                                    {
                                      "Node Type": "Seq Scan",
                                      "Parent Relationship": "Outer",
                                      "Parallel Aware": false,
                                      "Relation Name": "keyword",
                                      "Alias": "k",
                                      "Startup Cost": 0.0,
                                      "Total Cost": 2961.55,
                                      "Plan Rows": 4,
                                      "Plan Width": 4,
                                      "Actual Startup Time": 0.031,
                                      "Actual Total Time": 21.517,
                                      "Actual Rows": 4,
                                      "Actual Loops": 1,
                                      "Filter": "(keyword = ANY ('{second-part,hero,web,clumsiness}'::text[]))",
                                      "Rows Removed by Filter": 134166
                                    },
                                    {
                                      "Node Type": "Bitmap Heap Scan",
                                      "Parent Relationship": "Inner",
                                      "Parallel Aware": false,
                                      "Relation Name": "movie_keyword",
                                      "Alias": "mk",
                                      "Startup Cost": 10.8,
                                      "Total Cost": 1107.92,
                                      "Plan Rows": 305,
                                      "Plan Width": 8,
                                      "Actual Startup Time": 0.579,
                                      "Actual Total Time": 6.356,
                                      "Actual Rows": 1178,
                                      "Actual Loops": 4,
                                      "Recheck Cond": "(keyword_id = k.id)",
                                      "Rows Removed by Index Recheck": 0,
                                      "Exact Heap Blocks": 4124,
                                      "Lossy Heap Blocks": 0,
                                      "Plans": [
                                        {
                                          "Node Type": "Bitmap Index Scan",
                                          "Parent Relationship": "Outer",
                                          "Parallel Aware": false,
                                          "Index Name": "keyword_id_movie_keyword",
                                          "Startup Cost": 0.0,
                                          "Total Cost": 10.72,
                                          "Plan Rows": 305,
                                          "Plan Width": 0,
                                          "Actual Startup Time": 0.381,
                                          "Actual Total Time": 0.381,
                                          "Actual Rows": 1178,
                                          "Actual Loops": 4,
                                          "Index Cond": "(keyword_id = k.id)"
                                        }
                                      ]
                                    }
                                  ]
                                },
                                {
                                  "Node Type": "Index Scan",
                                  "Parent Relationship": "Inner",
                                  "Parallel Aware": false,
                                  "Scan Direction": "Forward",
                                  "Index Name": "title_pkey",
                                  "Relation Name": "title",
                                  "Alias": "t",
                                  "Startup Cost": 0.43,
                                  "Total Cost": 0.49,
                                  "Plan Rows": 1,
                                  "Plan Width": 25,
                                  "Actual Startup Time": 0.008,
                                  "Actual Total Time": 0.008,
                                  "Actual Rows": 0,
                                  "Actual Loops": 4713,
                                  "Index Cond": "(id = mk.movie_id)",
                                  "Rows Removed by Index Recheck": 0,
                                  "Filter": "(production_year > 2004)",
                                  "Rows Removed by Filter": 1
                                }
                              ]
                            }
                          ]
                        },
                        {
                          "Node Type": "Index Scan",
                          "Parent Relationship": "Inner",
                          "Parallel Aware": false,
                          "Scan Direction": "Forward",
                          "Index Name": "movie_id_movie_info_idx",
                          "Relation Name": "movie_info_idx",
                          "Alias": "mi_idx",
                          "Startup Cost": 0.43,
                          "Total Cost": 0.5,
                          "Plan Rows": 3,
                          "Plan Width": 13,
                          "Actual Startup Time": 0.027,
                          "Actual Total Time": 0.028,
                          "Actual Rows": 2,
                          "Actual Loops": 69,
                          "Index Cond": "(movie_id = mk.movie_id)",
                          "Rows Removed by Index Recheck": 0,
                          "Filter": "(info < '9'::text)",
                          "Rows Removed by Filter": 0
                        }
                      ]
                    }
                  ]
                },
                {
                  "Node Type": "Index Scan",
                  "Parent Relationship": "Inner",
                  "Parallel Aware": false,
                  "Scan Direction": "Forward",
                  "Index Name": "movie_id_movie_info",
                  "Relation Name": "movie_info",
                  "Alias": "mi",
                  "Startup Cost": 0.43,
                  "Total Cost": 1.86,
                  "Plan Rows": 4,
                  "Plan Width": 8,
                  "Actual Startup Time": 0.111,
                  "Actual Total Time": 0.162,
                  "Actual Rows": 1,
                  "Actual Loops": 54,
                  "Index Cond": "(movie_id = mk.movie_id)",
                  "Rows Removed by Index Recheck": 0,
                  "Filter": "(info = ANY ('{Bulgaria,Norwegian,Sweden,German,Norway,Denmark,Danish,Denish,English,USA}'::text[]))",
                  "Rows Removed by Filter": 23
                }
              ]
            },
            {
              "Node Type": "Seq Scan",
              "Parent Relationship": "Inner",
              "Parallel Aware": false,
              "Relation Name": "info_type",
              "Alias": "it1",
              "Startup Cost": 0.0,
              "Total Cost": 2.41,
              "Plan Rows": 1,
              "Plan Width": 4,
              "Actual Startup Time": 0.004,
              "Actual Total Time": 0.008,
              "Actual Rows": 1,
              "Actual Loops": 69,
              "Filter": "((info)::text = 'countries'::text)",
              "Rows Removed by Filter": 65
            }
          ]
        }
      ]
    },
    "Planning Time": 16.343,
    "Triggers": [],
    "Execution Time": 103.234
  }
]