[
  {
    "Plan": {
      "Node Type": "Aggregate",
      "Strategy": "Plain",
      "Partial Mode": "Finalize",
      "Parallel Aware": false,
      "Startup Cost": 46644.63,
      "Total Cost": 46644.64,
      "Plan Rows": 1,
      "Plan Width": 8,
      "Actual Startup Time": 164.783,
      "Actual Total Time": 174.326,
      "Actual Rows": 1,
      "Actual Loops": 1,
      "Plans": [
        {
          "Node Type": "Gather",
          "Parent Relationship": "Outer",
          "Parallel Aware": false,
          "Startup Cost": 46644.31,
          "Total Cost": 46644.62,
          "Plan Rows": 3,
          "Plan Width": 8,
          "Actual Startup Time": 164.596,
          "Actual Total Time": 174.312,
          "Actual Rows": 4,
          "Actual Loops": 1,
          "Workers Planned": 3,
          "Workers Launched": 3,
          "Single Copy": false,
          "Plans": [
            {
              "Node Type": "Aggregate",
              "Strategy": "Plain",
              "Partial Mode": "Partial",
              "Parent Relationship": "Outer",
              "Parallel Aware": false,
              "Startup Cost": 45644.31,
              "Total Cost": 45644.32,
              "Plan Rows": 1,
              "Plan Width": 8,
              "Actual Startup Time": 156.897,
              "Actual Total Time": 156.898,
              "Actual Rows": 1,
              "Actual Loops": 4,
              "Plans": [
                {
                  "Node Type": "Seq Scan",
                  "Parent Relationship": "Outer",
                  "Parallel Aware": true,
                  "Relation Name": "movie_keyword",
                  "Alias": "mk",
                  "Startup Cost": 0.0,
                  "Total Cost": 42695.65,
                  "Plan Rows": 1179462,
                  "Plan Width": 0,
                  "Actual Startup Time": 0.084,
                  "Actual Total Time": 116.753,
                  "Actual Rows": 914324,
                  "Actual Loops": 4,
                  "Filter": "(keyword_id > 824)",
                  "Rows Removed by Filter": 216659
                }
              ]
            }
          ]
        }
      ]
    },
    "Planning Time": 0.097,
    "Triggers": [],
    "Execution Time": 174.356
  }
]