{
    "Plan": {
        "Node Type": "Aggregate",
        "Strategy": "Plain",
        "Partial Mode": "Finalize",
        "Parallel Aware": false,
        "Startup Cost": 46320.58,
        "Total Cost": 46320.59,
        "Plan Rows": 1,
        "Plan Width": 8,
        "Actual Startup Time": 162.86,
        "Actual Total Time": 179.151,
        "Actual Rows": 1,
        "Actual Loops": 1,
        "Output": [
            "count(*)"
        ],
        "Plans": [
            {
                "Node Type": "Gather",
                "Parent Relationship": "Outer",
                "Parallel Aware": false,
                "Startup Cost": 46320.16,
                "Total Cost": 46320.57,
                "Plan Rows": 4,
                "Plan Width": 8,
                "Actual Startup Time": 162.673,
                "Actual Total Time": 179.137,
                "Actual Rows": 5,
                "Actual Loops": 1,
                "Output": [
                    "(PARTIAL count(*))"
                ],
                "Workers Planned": 4,
                "Workers Launched": 4,
                "Single Copy": false,
                "Plans": [
                    {
                        "Node Type": "Aggregate",
                        "Strategy": "Plain",
                        "Partial Mode": "Partial",
                        "Parent Relationship": "Outer",
                        "Parallel Aware": false,
                        "Startup Cost": 45320.16,
                        "Total Cost": 45320.17,
                        "Plan Rows": 1,
                        "Plan Width": 8,
                        "Actual Startup Time": 152.81,
                        "Actual Total Time": 152.812,
                        "Actual Rows": 1,
                        "Actual Loops": 5,
                        "Output": [
                            "PARTIAL count(*)"
                        ],
                        "Workers": [
                            {
                                "Worker Number": 0,
                                "Actual Startup Time": 149.801,
                                "Actual Total Time": 149.802,
                                "Actual Rows": 1,
                                "Actual Loops": 1
                            },
                            {
                                "Worker Number": 1,
                                "Actual Startup Time": 150.773,
                                "Actual Total Time": 150.774,
                                "Actual Rows": 1,
                                "Actual Loops": 1
                            },
                            {
                                "Worker Number": 2,
                                "Actual Startup Time": 150.922,
                                "Actual Total Time": 150.923,
                                "Actual Rows": 1,
                                "Actual Loops": 1
                            },
                            {
                                "Worker Number": 3,
                                "Actual Startup Time": 151.038,
                                "Actual Total Time": 151.04,
                                "Actual Rows": 1,
                                "Actual Loops": 1
                            }
                        ],
                        "Plans": [
                            {
                                "Node Type": "Seq Scan",
                                "Parent Relationship": "Outer",
                                "Parallel Aware": true,
                                "Relation Name": "title",
                                "Schema": "public",
                                "Alias": "t",
                                "Startup Cost": 0.0,
                                "Total Cost": 43899.01,
                                "Plan Rows": 568460,
                                "Plan Width": 0,
                                "Actual Startup Time": 0.076,
                                "Actual Total Time": 126.933,
                                "Actual Rows": 455052,
                                "Actual Loops": 5,
                                "Output": [
                                    "id",
                                    "title",
                                    "imdb_index",
                                    "kind_id",
                                    "production_year",
                                    "imdb_id",
                                    "phonetic_code",
                                    "episode_of_id",
                                    "season_nr",
                                    "episode_nr",
                                    "series_years",
                                    "md5sum"
                                ],
                                "Filter": "(t.production_year > 1952)",
                                "Rows Removed by Filter": 50610,
                                "Workers": [
                                    {
                                        "Worker Number": 0,
                                        "Actual Startup Time": 0.073,
                                        "Actual Total Time": 124.188,
                                        "Actual Rows": 378017,
                                        "Actual Loops": 1
                                    },
                                    {
                                        "Worker Number": 1,
                                        "Actual Startup Time": 0.074,
                                        "Actual Total Time": 124.446,
                                        "Actual Rows": 389711,
                                        "Actual Loops": 1
                                    },
                                    {
                                        "Worker Number": 2,
                                        "Actual Startup Time": 0.07,
                                        "Actual Total Time": 126.311,
                                        "Actual Rows": 542831,
                                        "Actual Loops": 1
                                    },
                                    {
                                        "Worker Number": 3,
                                        "Actual Startup Time": 0.064,
                                        "Actual Total Time": 126.505,
                                        "Actual Rows": 542472,
                                        "Actual Loops": 1
                                    }
                                ]
                            }
                        ]
                    }
                ]
            }
        ]
    },
    "Planning Time": 1.525,
    "Triggers": [],
    "Execution Time": 179.458
}