[
  {
    "Plan": {
      "Node Type": "Aggregate",
      "Strategy": "Plain",
      "Partial Mode": "Simple",
      "Parallel Aware": false,
      "Startup Cost": 14186.71,
      "Total Cost": 14186.72,
      "Plan Rows": 1,
      "Plan Width": 8,
      "Actual Startup Time": 7.968,
      "Actual Total Time": 7.97,
      "Actual Rows": 1,
      "Actual Loops": 1,
      "Plans": [
        {
          "Node Type": "Bitmap Heap Scan",
          "Parent Relationship": "Outer",
          "Parallel Aware": false,
          "Relation Name": "movie_companies",
          "Alias": "mc",
          "Startup Cost": 159.49,
          "Total Cost": 14177.55,
          "Plan Rows": 3665,
          "Plan Width": 0,
          "Actual Startup Time": 2.181,
          "Actual Total Time": 6.881,
          "Actual Rows": 7822,
          "Actual Loops": 1,
          "Recheck Cond": "(company_id = 424)",
          "Rows Removed by Index Recheck": 0,
          "Filter": "(company_type_id = 2)",
          "Rows Removed by Filter": 413,
          "Exact Heap Blocks": 958,
          "Lossy Heap Blocks": 0,
          "Plans": [
            {
              "Node Type": "Bitmap Index Scan",
              "Parent Relationship": "Outer",
              "Parallel Aware": false,
              "Index Name": "company_id_movie_companies",
              "Startup Cost": 0.0,
              "Total Cost": 158.57,
              "Plan Rows": 7219,
              "Plan Width": 0,
              "Actual Startup Time": 1.208,
              "Actual Total Time": 1.209,
              "Actual Rows": 8235,
              "Actual Loops": 1,
              "Index Cond": "(company_id = 424)"
            }
          ]
        }
      ]
    },
    "Planning Time": 0.146,
    "Triggers": [],
    "Execution Time": 8.019
  }
]