[
    {
        "Bao": {
            "Bao prediction": "NaN",
            "Bao recommended hint": "(no hint)"
        }
    },
    {
        "Plan": {
            "Node Type": "Aggregate",
            "Strategy": "Plain",
            "Partial Mode": "Simple",
            "Parallel Aware": false,
            "Startup Cost": 18862.78,
            "Total Cost": 18862.79,
            "Plan Rows": 1,
            "Plan Width": 8,
            "Actual Startup Time": 12.8,
            "Actual Total Time": 12.801,
            "Actual Rows": 1,
            "Actual Loops": 1,
            "Output": [
                "count(*)"
            ],
            "Plans": [
                {
                    "Node Type": "Bitmap Heap Scan",
                    "Parent Relationship": "Outer",
                    "Parallel Aware": false,
                    "Relation Name": "movie_keyword",
                    "Schema": "public",
                    "Alias": "mk",
                    "Startup Cost": 208.4,
                    "Total Cost": 18838.28,
                    "Plan Rows": 9802,
                    "Plan Width": 0,
                    "Actual Startup Time": 2.048,
                    "Actual Total Time": 12.24,
                    "Actual Rows": 9942,
                    "Actual Loops": 1,
                    "Recheck Cond": "(mk.keyword_id = 56)",
                    "Rows Removed by Index Recheck": 0,
                    "Exact Heap Blocks": 7478,
                    "Lossy Heap Blocks": 0,
                    "Plans": [
                        {
                            "Node Type": "Bitmap Index Scan",
                            "Parent Relationship": "Outer",
                            "Parallel Aware": false,
                            "Index Name": "keyword_id_movie_keyword",
                            "Startup Cost": 0.0,
                            "Total Cost": 205.95,
                            "Plan Rows": 9802,
                            "Plan Width": 0,
                            "Actual Startup Time": 1.2,
                            "Actual Total Time": 1.2,
                            "Actual Rows": 9942,
                            "Actual Loops": 1,
                            "Index Cond": "(mk.keyword_id = 56)"
                        }
                    ]
                }
            ]
        },
        "Planning Time": 198.111,
        "Triggers": [],
        "Execution Time": 12.84
    }
]