[
  {
    "Plan": {
      "Node Type": "Aggregate",
      "Strategy": "Plain",
      "Partial Mode": "Finalize",
      "Parallel Aware": false,
      "Startup Cost": 265486.55,
      "Total Cost": 265486.56,
      "Plan Rows": 1,
      "Plan Width": 8,
      "Actual Startup Time": 2220.369,
      "Actual Total Time": 2301.839,
      "Actual Rows": 1,
      "Actual Loops": 1,
      "Plans": [
        {
          "Node Type": "Gather",
          "Parent Relationship": "Outer",
          "Parallel Aware": false,
          "Startup Cost": 265486.24,
          "Total Cost": 265486.55,
          "Plan Rows": 3,
          "Plan Width": 8,
          "Actual Startup Time": 2213.309,
          "Actual Total Time": 2301.825,
          "Actual Rows": 4,
          "Actual Loops": 1,
          "Workers Planned": 3,
          "Workers Launched": 3,
          "Single Copy": false,
          "Plans": [
            {
              "Node Type": "Aggregate",
              "Strategy": "Plain",
              "Partial Mode": "Partial",
              "Parent Relationship": "Outer",
              "Parallel Aware": false,
              "Startup Cost": 264486.24,
              "Total Cost": 264486.25,
              "Plan Rows": 1,
              "Plan Width": 8,
              "Actual Startup Time": 2204.759,
              "Actual Total Time": 2204.765,
              "Actual Rows": 1,
              "Actual Loops": 4,
              "Plans": [
                {
                  "Node Type": "Nested Loop",
                  "Parent Relationship": "Outer",
                  "Parallel Aware": false,
                  "Join Type": "Inner",
                  "Startup Cost": 58730.97,
                  "Total Cost": 263373.11,
                  "Plan Rows": 445252,
                  "Plan Width": 0,
                  "Actual Startup Time": 388.948,
                  "Actual Total Time": 2041.506,
                  "Actual Rows": 2450140,
                  "Actual Loops": 4,
                  "Inner Unique": false,
                  "Plans": [
                    {
                      "Node Type": "Hash Join",
                      "Parent Relationship": "Outer",
                      "Parallel Aware": true,
                      "Join Type": "Inner",
                      "Startup Cost": 58730.53,
                      "Total Cost": 85797.74,
                      "Plan Rows": 75830,
                      "Plan Width": 8,
                      "Actual Startup Time": 388.717,
                      "Actual Total Time": 529.483,
                      "Actual Rows": 44652,
                      "Actual Loops": 4,
                      "Inner Unique": true,
                      "Hash Cond": "(mk.movie_id = t.id)",
                      "Plans": [
                        {
                          "Node Type": "Bitmap Heap Scan",
                          "Parent Relationship": "Outer",
                          "Parallel Aware": true,
                          "Relation Name": "movie_keyword",
                          "Alias": "mk",
                          "Startup Cost": 11363.32,
                          "Total Cost": 37977.0,
                          "Plan Rows": 172774,
                          "Plan Width": 4,
                          "Actual Startup Time": 48.457,
                          "Actual Total Time": 126.334,
                          "Actual Rows": 134460,
                          "Actual Loops": 4,
                          "Recheck Cond": "(keyword_id > 34185)",
                          "Rows Removed by Index Recheck": 0,
                          "Exact Heap Blocks": 6921,
                          "Lossy Heap Blocks": 0,
                          "Plans": [
                            {
                              "Node Type": "Bitmap Index Scan",
                              "Parent Relationship": "Outer",
                              "Parallel Aware": false,
                              "Index Name": "keyword_id_movie_keyword",
                              "Startup Cost": 0.0,
                              "Total Cost": 11229.43,
                              "Plan Rows": 535599,
                              "Plan Width": 0,
                              "Actual Startup Time": 42.929,
                              "Actual Total Time": 42.93,
                              "Actual Rows": 537840,
                              "Actual Loops": 1,
                              "Index Cond": "(keyword_id > 34185)"
                            }
                          ]
                        },
                        {
                          "Node Type": "Hash",
                          "Parent Relationship": "Inner",
                          "Parallel Aware": true,
                          "Startup Cost": 43899.32,
                          "Total Cost": 43899.32,
                          "Plan Rows": 277431,
                          "Plan Width": 4,
                          "Actual Startup Time": 334.743,
                          "Actual Total Time": 334.744,
                          "Actual Rows": 276981,
                          "Actual Loops": 4,
                          "Hash Buckets": 2097152,
                          "Original Hash Buckets": 2097152,
                          "Hash Batches": 1,
                          "Original Hash Batches": 1,
                          "Peak Memory Usage": 59808,
                          "Plans": [
                            {
                              "Node Type": "Seq Scan",
                              "Parent Relationship": "Outer",
                              "Parallel Aware": true,
                              "Relation Name": "title",
                              "Alias": "t",
                              "Startup Cost": 0.0,
                              "Total Cost": 43899.32,
                              "Plan Rows": 277431,
                              "Plan Width": 4,
                              "Actual Startup Time": 0.055,
                              "Actual Total Time": 163.594,
                              "Actual Rows": 276981,
                              "Actual Loops": 4,
                              "Filter": "(production_year > 2004)",
                              "Rows Removed by Filter": 355097
                            }
                          ]
                        }
                      ]
                    },
                    {
                      "Node Type": "Index Only Scan",
                      "Parent Relationship": "Inner",
                      "Parallel Aware": false,
                      "Scan Direction": "Forward",
                      "Index Name": "movie_id_movie_info",
                      "Relation Name": "movie_info",
                      "Alias": "mi",
                      "Startup Cost": 0.43,
                      "Total Cost": 1.93,
                      "Plan Rows": 41,
                      "Plan Width": 4,
                      "Actual Startup Time": 0.007,
                      "Actual Total Time": 0.028,
                      "Actual Rows": 55,
                      "Actual Loops": 178610,
                      "Index Cond": "(movie_id = t.id)",
                      "Rows Removed by Index Recheck": 0,
                      "Heap Fetches": 9800560
                    }
                  ]
                }
              ]
            }
          ]
        }
      ]
    },
    "Planning Time": 0.783,
    "Triggers": [],
    "Execution Time": 2301.93
  }
]