{
  "Plan": {
    "Node Type": "Aggregate",
    "Strategy": "Plain",
    "Partial Mode": "Finalize",
    "Parallel Aware": false,
    "Startup Cost": 582863.97,
    "Total Cost": 582863.98,
    "Plan Rows": 1,
    "Plan Width": 8,
    "Actual Startup Time": 3717.475,
    "Actual Total Time": 3785.592,
    "Actual Rows": 1,
    "Actual Loops": 1,
    "Plans": [
      {
        "Node Type": "Gather",
        "Parent Relationship": "Outer",
        "Parallel Aware": false,
        "Startup Cost": 582863.86,
        "Total Cost": 582863.97,
        "Plan Rows": 1,
        "Plan Width": 8,
        "Actual Startup Time": 3716.787,
        "Actual Total Time": 3785.581,
        "Actual Rows": 2,
        "Actual Loops": 1,
        "Workers Planned": 1,
        "Workers Launched": 1,
        "Single Copy": false,
        "Plans": [
          {
            "Node Type": "Aggregate",
            "Strategy": "Plain",
            "Partial Mode": "Partial",
            "Parent Relationship": "Outer",
            "Parallel Aware": false,
            "Startup Cost": 581863.86,
            "Total Cost": 581863.87,
            "Plan Rows": 1,
            "Plan Width": 8,
            "Actual Startup Time": 3711.064,
            "Actual Total Time": 3711.067,
            "Actual Rows": 1,
            "Actual Loops": 2,
            "Plans": [
              {
                "Node Type": "Hash Join",
                "Parent Relationship": "Outer",
                "Parallel Aware": true,
                "Join Type": "Inner",
                "Startup Cost": 58778.31,
                "Total Cost": 580511.66,
                "Plan Rows": 540879,
                "Plan Width": 0,
                "Actual Startup Time": 161.921,
                "Actual Total Time": 3679.048,
                "Actual Rows": 756450,
                "Actual Loops": 2,
                "Inner Unique": true,
                "Hash Cond": "(ci.movie_id = t.id)",
                "Plans": [
                  {
                    "Node Type": "Seq Scan",
                    "Parent Relationship": "Outer",
                    "Parallel Aware": true,
                    "Relation Name": "cast_info",
                    "Alias": "ci",
                    "Startup Cost": 0.0,
                    "Total Cost": 465792.95,
                    "Plan Rows": 21310595,
                    "Plan Width": 4,
                    "Actual Startup Time": 0.013,
                    "Actual Total Time": 1344.684,
                    "Actual Rows": 18122172,
                    "Actual Loops": 2
                  },
                  {
                    "Node Type": "Hash",
                    "Parent Relationship": "Inner",
                    "Parallel Aware": true,
                    "Startup Cost": 58306.47,
                    "Total Cost": 58306.47,
                    "Plan Rows": 37747,
                    "Plan Width": 4,
                    "Actual Startup Time": 160.708,
                    "Actual Total Time": 160.71,
                    "Actual Rows": 82466,
                    "Actual Loops": 2,
                    "Hash Buckets": 262144,
                    "Original Hash Buckets": 65536,
                    "Hash Batches": 1,
                    "Original Hash Batches": 1,
                    "Peak Memory Usage": 10080,
                    "Plans": [
                      {
                        "Node Type": "Seq Scan",
                        "Parent Relationship": "Outer",
                        "Parallel Aware": true,
                        "Relation Name": "title",
                        "Alias": "t",
                        "Startup Cost": 0.0,
                        "Total Cost": 58306.47,
                        "Plan Rows": 37747,
                        "Plan Width": 4,
                        "Actual Startup Time": 1.649,
                        "Actual Total Time": 140.354,
                        "Actual Rows": 82466,
                        "Actual Loops": 2,
                        "Filter": "((kind_id < 7) AND (production_year < 1951))",
                        "Rows Removed by Filter": 1181690
                      }
                    ]
                  }
                ]
              }
            ]
          }
        ]
      }
    ]
  },
  "Planning Time": 0.586,
  "Triggers": [],
  "Execution Time": 3785.68
}