[
  {
    "Plan": {
      "Node Type": "Aggregate",
      "Strategy": "Plain",
      "Partial Mode": "Finalize",
      "Parallel Aware": false,
      "Startup Cost": 33473.67,
      "Total Cost": 33473.68,
      "Plan Rows": 1,
      "Plan Width": 8,
      "Actual Startup Time": 90.627,
      "Actual Total Time": 97.606,
      "Actual Rows": 1,
      "Actual Loops": 1,
      "Plans": [
        {
          "Node Type": "Gather",
          "Parent Relationship": "Outer",
          "Parallel Aware": false,
          "Startup Cost": 33473.35,
          "Total Cost": 33473.66,
          "Plan Rows": 3,
          "Plan Width": 8,
          "Actual Startup Time": 90.516,
          "Actual Total Time": 97.6,
          "Actual Rows": 4,
          "Actual Loops": 1,
          "Workers Planned": 3,
          "Workers Launched": 3,
          "Single Copy": false,
          "Plans": [
            {
              "Node Type": "Aggregate",
              "Strategy": "Plain",
              "Partial Mode": "Partial",
              "Parent Relationship": "Outer",
              "Parallel Aware": false,
              "Startup Cost": 32473.35,
              "Total Cost": 32473.36,
              "Plan Rows": 1,
              "Plan Width": 8,
              "Actual Startup Time": 86.674,
              "Actual Total Time": 86.675,
              "Actual Rows": 1,
              "Actual Loops": 4,
              "Plans": [
                {
                  "Node Type": "Seq Scan",
                  "Parent Relationship": "Outer",
                  "Parallel Aware": true,
                  "Relation Name": "movie_companies",
                  "Alias": "mc",
                  "Startup Cost": 0.0,
                  "Total Cost": 31414.82,
                  "Plan Rows": 423412,
                  "Plan Width": 0,
                  "Actual Startup Time": 38.149,
                  "Actual Total Time": 73.44,
                  "Actual Rows": 323562,
                  "Actual Loops": 4,
                  "Filter": "((company_id < 198930) AND (company_type_id = 2))",
                  "Rows Removed by Filter": 328720
                }
              ]
            }
          ]
        }
      ]
    },
    "Planning Time": 0.221,
    "Triggers": [],
    "Execution Time": 97.667
  }
]