{
  "Plan": {
    "Node Type": "Aggregate",
    "Strategy": "Plain",
    "Partial Mode": "Simple",
    "Parallel Aware": false,
    "Startup Cost": 728.27,
    "Total Cost": 728.28,
    "Plan Rows": 1,
    "Plan Width": 8,
    "Actual Startup Time": 5.79,
    "Actual Total Time": 5.793,
    "Actual Rows": 1,
    "Actual Loops": 1,
    "Plans": [
      {
        "Node Type": "Nested Loop",
        "Parent Relationship": "Outer",
        "Parallel Aware": false,
        "Join Type": "Inner",
        "Startup Cost": 1.29,
        "Total Cost": 728.2,
        "Plan Rows": 25,
        "Plan Width": 0,
        "Actual Startup Time": 0.382,
        "Actual Total Time": 5.494,
        "Actual Rows": 1727,
        "Actual Loops": 1,
        "Inner Unique": false,
        "Plans": [
          {
            "Node Type": "Nested Loop",
            "Parent Relationship": "Outer",
            "Parallel Aware": false,
            "Join Type": "Inner",
            "Startup Cost": 0.86,
            "Total Cost": 696.33,
            "Plan Rows": 10,
            "Plan Width": 8,
            "Actual Startup Time": 0.358,
            "Actual Total Time": 1.273,
            "Actual Rows": 37,
            "Actual Loops": 1,
            "Inner Unique": true,
            "Plans": [
              {
                "Node Type": "Index Scan",
                "Parent Relationship": "Outer",
                "Parallel Aware": false,
                "Scan Direction": "Forward",
                "Index Name": "company_id_movie_companies",
                "Relation Name": "movie_companies",
                "Alias": "mc",
                "Startup Cost": 0.43,
                "Total Cost": 273.83,
                "Plan Rows": 50,
                "Plan Width": 4,
                "Actual Startup Time": 0.322,
                "Actual Total Time": 0.527,
                "Actual Rows": 37,
                "Actual Loops": 1,
                "Index Cond": "(company_id = 11724)",
                "Rows Removed by Index Recheck": 0,
                "Filter": "(company_type_id = 1)",
                "Rows Removed by Filter": 3
              },
              {
                "Node Type": "Index Scan",
                "Parent Relationship": "Inner",
                "Parallel Aware": false,
                "Scan Direction": "Forward",
                "Index Name": "title_pkey",
                "Relation Name": "title",
                "Alias": "t",
                "Startup Cost": 0.43,
                "Total Cost": 8.45,
                "Plan Rows": 1,
                "Plan Width": 4,
                "Actual Startup Time": 0.019,
                "Actual Total Time": 0.019,
                "Actual Rows": 1,
                "Actual Loops": 37,
                "Index Cond": "(id = mc.movie_id)",
                "Rows Removed by Index Recheck": 0,
                "Filter": "(production_year < 1980)",
                "Rows Removed by Filter": 0
              }
            ]
          },
          {
            "Node Type": "Index Scan",
            "Parent Relationship": "Inner",
            "Parallel Aware": false,
            "Scan Direction": "Forward",
            "Index Name": "movie_id_movie_info",
            "Relation Name": "movie_info",
            "Alias": "mi",
            "Startup Cost": 0.43,
            "Total Cost": 3.01,
            "Plan Rows": 18,
            "Plan Width": 4,
            "Actual Startup Time": 0.031,
            "Actual Total Time": 0.102,
            "Actual Rows": 47,
            "Actual Loops": 37,
            "Index Cond": "(movie_id = t.id)",
            "Rows Removed by Index Recheck": 0,
            "Filter": "(info_type_id > 8)",
            "Rows Removed by Filter": 19
          }
        ]
      }
    ]
  },
  "Planning Time": 0.875,
  "Triggers": [],
  "Execution Time": 5.858
}