[
  {
    "Plan": {
      "Node Type": "Aggregate",
      "Strategy": "Plain",
      "Partial Mode": "Finalize",
      "Parallel Aware": false,
      "Startup Cost": 336515.8,
      "Total Cost": 336515.81,
      "Plan Rows": 1,
      "Plan Width": 8,
      "Actual Startup Time": 725.384,
      "Actual Total Time": 771.305,
      "Actual Rows": 1,
      "Actual Loops": 1,
      "Plans": [
        {
          "Node Type": "Gather",
          "Parent Relationship": "Outer",
          "Parallel Aware": false,
          "Startup Cost": 336515.17,
          "Total Cost": 336515.78,
          "Plan Rows": 6,
          "Plan Width": 8,
          "Actual Startup Time": 725.173,
          "Actual Total Time": 771.295,
          "Actual Rows": 7,
          "Actual Loops": 1,
          "Workers Planned": 6,
          "Workers Launched": 6,
          "Single Copy": false,
          "Plans": [
            {
              "Node Type": "Aggregate",
              "Strategy": "Plain",
              "Partial Mode": "Partial",
              "Parent Relationship": "Outer",
              "Parallel Aware": false,
              "Startup Cost": 335515.17,
              "Total Cost": 335515.18,
              "Plan Rows": 1,
              "Plan Width": 8,
              "Actual Startup Time": 713.759,
              "Actual Total Time": 713.761,
              "Actual Rows": 1,
              "Actual Loops": 7,
              "Plans": [
                {
                  "Node Type": "Seq Scan",
                  "Parent Relationship": "Outer",
                  "Parallel Aware": true,
                  "Relation Name": "cast_info",
                  "Alias": "ci",
                  "Startup Cost": 0.0,
                  "Total Cost": 328211.39,
                  "Plan Rows": 2921512,
                  "Plan Width": 0,
                  "Actual Startup Time": 0.066,
                  "Actual Total Time": 590.788,
                  "Actual Rows": 2521850,
                  "Actual Loops": 7,
                  "Filter": "(person_id < 1747989)",
                  "Rows Removed by Filter": 2655914
                }
              ]
            }
          ]
        }
      ]
    },
    "Planning Time": 0.174,
    "Triggers": [],
    "Execution Time": 771.368
  }
]