[
  {
    "Plan": {
      "Node Type": "Aggregate",
      "Strategy": "Plain",
      "Partial Mode": "Finalize",
      "Parallel Aware": false,
      "Startup Cost": 336499.12,
      "Total Cost": 336499.13,
      "Plan Rows": 1,
      "Plan Width": 8,
      "Actual Startup Time": 700.356,
      "Actual Total Time": 759.545,
      "Actual Rows": 1,
      "Actual Loops": 1,
      "Plans": [
        {
          "Node Type": "Gather",
          "Parent Relationship": "Outer",
          "Parallel Aware": false,
          "Startup Cost": 336498.49,
          "Total Cost": 336499.1,
          "Plan Rows": 6,
          "Plan Width": 8,
          "Actual Startup Time": 700.205,
          "Actual Total Time": 759.534,
          "Actual Rows": 7,
          "Actual Loops": 1,
          "Workers Planned": 6,
          "Workers Launched": 6,
          "Single Copy": false,
          "Plans": [
            {
              "Node Type": "Aggregate",
              "Strategy": "Plain",
              "Partial Mode": "Partial",
              "Parent Relationship": "Outer",
              "Parallel Aware": false,
              "Startup Cost": 335498.49,
              "Total Cost": 335498.5,
              "Plan Rows": 1,
              "Plan Width": 8,
              "Actual Startup Time": 692.386,
              "Actual Total Time": 692.387,
              "Actual Rows": 1,
              "Actual Loops": 7,
              "Plans": [
                {
                  "Node Type": "Seq Scan",
                  "Parent Relationship": "Outer",
                  "Parallel Aware": true,
                  "Relation Name": "cast_info",
                  "Alias": "ci",
                  "Startup Cost": 0.0,
                  "Total Cost": 328162.03,
                  "Plan Rows": 2934586,
                  "Plan Width": 0,
                  "Actual Startup Time": 0.042,
                  "Actual Total Time": 582.841,
                  "Actual Rows": 2521850,
                  "Actual Loops": 7,
                  "Filter": "(person_id < 1747989)",
                  "Rows Removed by Filter": 2655914
                }
              ]
            }
          ]
        }
      ]
    },
    "Planning Time": 0.135,
    "Triggers": [],
    "Execution Time": 759.609
  }
]