{
    "Plan": {
        "Node Type": "Aggregate",
        "Strategy": "Plain",
        "Partial Mode": "Finalize",
        "Parallel Aware": false,
        "Startup Cost": 125205.29,
        "Total Cost": 125205.3,
        "Plan Rows": 1,
        "Plan Width": 8,
        "Actual Startup Time": 634.529,
        "Actual Total Time": 657.948,
        "Actual Rows": 1,
        "Actual Loops": 1,
        "Output": [
            "count(*)"
        ],
        "Plans": [
            {
                "Node Type": "Gather",
                "Parent Relationship": "Outer",
                "Parallel Aware": false,
                "Startup Cost": 125204.97,
                "Total Cost": 125205.28,
                "Plan Rows": 3,
                "Plan Width": 8,
                "Actual Startup Time": 631.522,
                "Actual Total Time": 657.938,
                "Actual Rows": 4,
                "Actual Loops": 1,
                "Output": [
                    "(PARTIAL count(*))"
                ],
                "Workers Planned": 3,
                "Workers Launched": 3,
                "Single Copy": false,
                "Plans": [
                    {
                        "Node Type": "Aggregate",
                        "Strategy": "Plain",
                        "Partial Mode": "Partial",
                        "Parent Relationship": "Outer",
                        "Parallel Aware": false,
                        "Startup Cost": 124204.97,
                        "Total Cost": 124204.98,
                        "Plan Rows": 1,
                        "Plan Width": 8,
                        "Actual Startup Time": 622.643,
                        "Actual Total Time": 622.88,
                        "Actual Rows": 1,
                        "Actual Loops": 4,
                        "Output": [
                            "PARTIAL count(*)"
                        ],
                        "Workers": [
                            {
                                "Worker Number": 0,
                                "Actual Startup Time": 620.055,
                                "Actual Total Time": 620.059,
                                "Actual Rows": 1,
                                "Actual Loops": 1
                            },
                            {
                                "Worker Number": 1,
                                "Actual Startup Time": 619.753,
                                "Actual Total Time": 619.758,
                                "Actual Rows": 1,
                                "Actual Loops": 1
                            },
                            {
                                "Worker Number": 2,
                                "Actual Startup Time": 619.872,
                                "Actual Total Time": 619.877,
                                "Actual Rows": 1,
                                "Actual Loops": 1
                            }
                        ],
                        "Plans": [
                            {
                                "Node Type": "Hash Join",
                                "Parent Relationship": "Outer",
                                "Parallel Aware": true,
                                "Join Type": "Inner",
                                "Startup Cost": 79367.79,
                                "Total Cost": 124066.41,
                                "Plan Rows": 55427,
                                "Plan Width": 0,
                                "Actual Startup Time": 350.884,
                                "Actual Total Time": 584.091,
                                "Actual Rows": 957021,
                                "Actual Loops": 4,
                                "Inner Unique": false,
                                "Hash Cond": "(mk.movie_id = t.id)",
                                "Workers": [
                                    {
                                        "Worker Number": 0,
                                        "Actual Startup Time": 347.86,
                                        "Actual Total Time": 581.736,
                                        "Actual Rows": 902163,
                                        "Actual Loops": 1
                                    },
                                    {
                                        "Worker Number": 1,
                                        "Actual Startup Time": 348.148,
                                        "Actual Total Time": 582.252,
                                        "Actual Rows": 933293,
                                        "Actual Loops": 1
                                    },
                                    {
                                        "Worker Number": 2,
                                        "Actual Startup Time": 348.266,
                                        "Actual Total Time": 582.177,
                                        "Actual Rows": 938982,
                                        "Actual Loops": 1
                                    }
                                ],
                                "Plans": [
                                    {
                                        "Node Type": "Seq Scan",
                                        "Parent Relationship": "Outer",
                                        "Parallel Aware": true,
                                        "Relation Name": "movie_keyword",
                                        "Schema": "public",
                                        "Alias": "mk",
                                        "Startup Cost": 0.0,
                                        "Total Cost": 39047.32,
                                        "Plan Rows": 1459332,
                                        "Plan Width": 4,
                                        "Actual Startup Time": 0.013,
                                        "Actual Total Time": 100.335,
                                        "Actual Rows": 1130982,
                                        "Actual Loops": 4,
                                        "Output": [
                                            "mk.id",
                                            "mk.movie_id",
                                            "mk.keyword_id"
                                        ],
                                        "Workers": [
                                            {
                                                "Worker Number": 0,
                                                "Actual Startup Time": 0.009,
                                                "Actual Total Time": 104.869,
                                                "Actual Rows": 1051480,
                                                "Actual Loops": 1
                                            },
                                            {
                                                "Worker Number": 1,
                                                "Actual Startup Time": 0.017,
                                                "Actual Total Time": 106.253,
                                                "Actual Rows": 1108335,
                                                "Actual Loops": 1
                                            },
                                            {
                                                "Worker Number": 2,
                                                "Actual Startup Time": 0.016,
                                                "Actual Total Time": 105.963,
                                                "Actual Rows": 1097235,
                                                "Actual Loops": 1
                                            }
                                        ]
                                    },
                                    {
                                        "Node Type": "Hash",
                                        "Parent Relationship": "Inner",
                                        "Parallel Aware": true,
                                        "Startup Cost": 78980.57,
                                        "Total Cost": 78980.57,
                                        "Plan Rows": 30977,
                                        "Plan Width": 8,
                                        "Actual Startup Time": 309.857,
                                        "Actual Total Time": 310.092,
                                        "Actual Rows": 90380,
                                        "Actual Loops": 4,
                                        "Output": [
                                            "t.id",
                                            "mc.movie_id"
                                        ],
                                        "Hash Buckets": 524288,
                                        "Original Hash Buckets": 131072,
                                        "Hash Batches": 1,
                                        "Original Hash Batches": 1,
                                        "Peak Memory Usage": 21376,
                                        "Workers": [
                                            {
                                                "Worker Number": 0,
                                                "Actual Startup Time": 307.53,
                                                "Actual Total Time": 307.533,
                                                "Actual Rows": 91122,
                                                "Actual Loops": 1
                                            },
                                            {
                                                "Worker Number": 1,
                                                "Actual Startup Time": 307.763,
                                                "Actual Total Time": 307.767,
                                                "Actual Rows": 90525,
                                                "Actual Loops": 1
                                            },
                                            {
                                                "Worker Number": 2,
                                                "Actual Startup Time": 307.895,
                                                "Actual Total Time": 307.899,
                                                "Actual Rows": 91509,
                                                "Actual Loops": 1
                                            }
                                        ],
                                        "Plans": [
                                            {
                                                "Node Type": "Hash Join",
                                                "Parent Relationship": "Outer",
                                                "Parallel Aware": true,
                                                "Join Type": "Inner",
                                                "Startup Cost": 47190.28,
                                                "Total Cost": 78980.57,
                                                "Plan Rows": 30977,
                                                "Plan Width": 8,
                                                "Actual Startup Time": 210.093,
                                                "Actual Total Time": 274.398,
                                                "Actual Rows": 90380,
                                                "Actual Loops": 4,
                                                "Output": [
                                                    "t.id",
                                                    "mc.movie_id"
                                                ],
                                                "Inner Unique": true,
                                                "Hash Cond": "(mc.movie_id = t.id)",
                                                "Workers": [
                                                    {
                                                        "Worker Number": 0,
                                                        "Actual Startup Time": 207.761,
                                                        "Actual Total Time": 272.798,
                                                        "Actual Rows": 91122,
                                                        "Actual Loops": 1
                                                    },
                                                    {
                                                        "Worker Number": 1,
                                                        "Actual Startup Time": 207.992,
                                                        "Actual Total Time": 272.248,
                                                        "Actual Rows": 90525,
                                                        "Actual Loops": 1
                                                    },
                                                    {
                                                        "Worker Number": 2,
                                                        "Actual Startup Time": 208.146,
                                                        "Actual Total Time": 273.172,
                                                        "Actual Rows": 91509,
                                                        "Actual Loops": 1
                                                    }
                                                ],
                                                "Plans": [
                                                    {
                                                        "Node Type": "Seq Scan",
                                                        "Parent Relationship": "Outer",
                                                        "Parallel Aware": true,
                                                        "Relation Name": "movie_companies",
                                                        "Schema": "public",
                                                        "Alias": "mc",
                                                        "Startup Cost": 0.0,
                                                        "Total Cost": 31414.82,
                                                        "Plan Rows": 143038,
                                                        "Plan Width": 4,
                                                        "Actual Startup Time": 27.456,
                                                        "Actual Total Time": 62.031,
                                                        "Actual Rows": 191885,
                                                        "Actual Loops": 4,
                                                        "Output": [
                                                            "mc.id",
                                                            "mc.movie_id",
                                                            "mc.company_id",
                                                            "mc.company_type_id",
                                                            "mc.note"
                                                        ],
                                                        "Filter": "((mc.company_id > 23414) AND (mc.company_type_id = 2))",
                                                        "Rows Removed by Filter": 460398,
                                                        "Workers": [
                                                            {
                                                                "Worker Number": 0,
                                                                "Actual Startup Time": 27.474,
                                                                "Actual Total Time": 63.179,
                                                                "Actual Rows": 190218,
                                                                "Actual Loops": 1
                                                            },
                                                            {
                                                                "Worker Number": 1,
                                                                "Actual Startup Time": 27.461,
                                                                "Actual Total Time": 63.054,
                                                                "Actual Rows": 191879,
                                                                "Actual Loops": 1
                                                            },
                                                            {
                                                                "Worker Number": 2,
                                                                "Actual Startup Time": 27.46,
                                                                "Actual Total Time": 62.963,
                                                                "Actual Rows": 191059,
                                                                "Actual Loops": 1
                                                            }
                                                        ]
                                                    },
                                                    {
                                                        "Node Type": "Hash",
                                                        "Parent Relationship": "Inner",
                                                        "Parallel Aware": true,
                                                        "Startup Cost": 45479.21,
                                                        "Total Cost": 45479.21,
                                                        "Plan Rows": 136886,
                                                        "Plan Width": 4,
                                                        "Actual Startup Time": 152.52,
                                                        "Actual Total Time": 152.521,
                                                        "Actual Rows": 139330,
                                                        "Actual Loops": 4,
                                                        "Output": [
                                                            "t.id"
                                                        ],
                                                        "Hash Buckets": 1048576,
                                                        "Original Hash Buckets": 1048576,
                                                        "Hash Batches": 1,
                                                        "Original Hash Batches": 1,
                                                        "Peak Memory Usage": 30080,
                                                        "Workers": [
                                                            {
                                                                "Worker Number": 0,
                                                                "Actual Startup Time": 153.383,
                                                                "Actual Total Time": 153.383,
                                                                "Actual Rows": 135123,
                                                                "Actual Loops": 1
                                                            },
                                                            {
                                                                "Worker Number": 1,
                                                                "Actual Startup Time": 153.608,
                                                                "Actual Total Time": 153.609,
                                                                "Actual Rows": 136706,
                                                                "Actual Loops": 1
                                                            },
                                                            {
                                                                "Worker Number": 2,
                                                                "Actual Startup Time": 153.77,
                                                                "Actual Total Time": 153.771,
                                                                "Actual Rows": 134726,
                                                                "Actual Loops": 1
                                                            }
                                                        ],
                                                        "Plans": [
                                                            {
                                                                "Node Type": "Seq Scan",
                                                                "Parent Relationship": "Outer",
                                                                "Parallel Aware": true,
                                                                "Relation Name": "title",
                                                                "Schema": "public",
                                                                "Alias": "t",
                                                                "Startup Cost": 0.0,
                                                                "Total Cost": 45479.21,
                                                                "Plan Rows": 136886,
                                                                "Plan Width": 4,
                                                                "Actual Startup Time": 60.996,
                                                                "Actual Total Time": 103.882,
                                                                "Actual Rows": 139330,
                                                                "Actual Loops": 4,
                                                                "Output": [
                                                                    "t.id"
                                                                ],
                                                                "Filter": "((t.production_year < 2011) AND (t.kind_id = 1))",
                                                                "Rows Removed by Filter": 492748,
                                                                "Workers": [
                                                                    {
                                                                        "Worker Number": 0,
                                                                        "Actual Startup Time": 60.882,
                                                                        "Actual Total Time": 105.394,
                                                                        "Actual Rows": 135123,
                                                                        "Actual Loops": 1
                                                                    },
                                                                    {
                                                                        "Worker Number": 1,
                                                                        "Actual Startup Time": 61.131,
                                                                        "Actual Total Time": 105.601,
                                                                        "Actual Rows": 136706,
                                                                        "Actual Loops": 1
                                                                    },
                                                                    {
                                                                        "Worker Number": 2,
                                                                        "Actual Startup Time": 60.991,
                                                                        "Actual Total Time": 105.196,
                                                                        "Actual Rows": 134726,
                                                                        "Actual Loops": 1
                                                                    }
                                                                ]
                                                            }
                                                        ]
                                                    }
                                                ]
                                            }
                                        ]
                                    }
                                ]
                            }
                        ]
                    }
                ]
            }
        ]
    },
    "Planning Time": 1.302,
    "Triggers": [],
    "Execution Time": 658.025
}