{
  "Plan": {
    "Node Type": "Aggregate",
    "Strategy": "Plain",
    "Partial Mode": "Finalize",
    "Parallel Aware": false,
    "Startup Cost": 312138.12,
    "Total Cost": 312138.13,
    "Plan Rows": 1,
    "Plan Width": 8,
    "Actual Startup Time": 1282.865,
    "Actual Total Time": 1326.697,
    "Actual Rows": 1,
    "Actual Loops": 1,
    "Plans": [
      {
        "Node Type": "Gather",
        "Parent Relationship": "Outer",
        "Parallel Aware": false,
        "Startup Cost": 312138.01,
        "Total Cost": 312138.12,
        "Plan Rows": 1,
        "Plan Width": 8,
        "Actual Startup Time": 1282.587,
        "Actual Total Time": 1326.687,
        "Actual Rows": 2,
        "Actual Loops": 1,
        "Workers Planned": 1,
        "Workers Launched": 1,
        "Single Copy": false,
        "Plans": [
          {
            "Node Type": "Aggregate",
            "Strategy": "Plain",
            "Partial Mode": "Partial",
            "Parent Relationship": "Outer",
            "Parallel Aware": false,
            "Startup Cost": 311138.01,
            "Total Cost": 311138.02,
            "Plan Rows": 1,
            "Plan Width": 8,
            "Actual Startup Time": 1276.587,
            "Actual Total Time": 1276.591,
            "Actual Rows": 1,
            "Actual Loops": 2,
            "Plans": [
              {
                "Node Type": "Hash Join",
                "Parent Relationship": "Outer",
                "Parallel Aware": true,
                "Join Type": "Inner",
                "Startup Cost": 39302.86,
                "Total Cost": 311086.35,
                "Plan Rows": 20665,
                "Plan Width": 0,
                "Actual Startup Time": 77.723,
                "Actual Total Time": 1274.737,
                "Actual Rows": 33698,
                "Actual Loops": 2,
                "Inner Unique": true,
                "Hash Cond": "(mi.movie_id = t.id)",
                "Plans": [
                  {
                    "Node Type": "Seq Scan",
                    "Parent Relationship": "Outer",
                    "Parallel Aware": true,
                    "Relation Name": "movie_info",
                    "Alias": "mi",
                    "Startup Cost": 0.0,
                    "Total Cost": 248955.74,
                    "Plan Rows": 8696274,
                    "Plan Width": 4,
                    "Actual Startup Time": 0.011,
                    "Actual Total Time": 612.766,
                    "Actual Rows": 7417860,
                    "Actual Loops": 2
                  },
                  {
                    "Node Type": "Hash",
                    "Parent Relationship": "Inner",
                    "Parallel Aware": true,
                    "Startup Cost": 39258.68,
                    "Total Cost": 39258.68,
                    "Plan Rows": 3534,
                    "Plan Width": 4,
                    "Actual Startup Time": 59.497,
                    "Actual Total Time": 59.498,
                    "Actual Rows": 4546,
                    "Actual Loops": 2,
                    "Hash Buckets": 8192,
                    "Original Hash Buckets": 8192,
                    "Hash Batches": 1,
                    "Original Hash Batches": 1,
                    "Peak Memory Usage": 448,
                    "Plans": [
                      {
                        "Node Type": "Bitmap Heap Scan",
                        "Parent Relationship": "Outer",
                        "Parallel Aware": true,
                        "Relation Name": "title",
                        "Alias": "t",
                        "Startup Cost": 2182.44,
                        "Total Cost": 39258.68,
                        "Plan Rows": 3534,
                        "Plan Width": 4,
                        "Actual Startup Time": 21.19,
                        "Actual Total Time": 58.085,
                        "Actual Rows": 4546,
                        "Actual Loops": 2,
                        "Recheck Cond": "(kind_id = 4)",
                        "Rows Removed by Index Recheck": 0,
                        "Filter": "(production_year = 2007)",
                        "Rows Removed by Filter": 54572,
                        "Exact Heap Blocks": 11146,
                        "Lossy Heap Blocks": 0,
                        "Plans": [
                          {
                            "Node Type": "Bitmap Index Scan",
                            "Parent Relationship": "Outer",
                            "Parallel Aware": false,
                            "Index Name": "kind_id_title",
                            "Startup Cost": 0.0,
                            "Total Cost": 2180.94,
                            "Plan Rows": 122201,
                            "Plan Width": 0,
                            "Actual Startup Time": 22.118,
                            "Actual Total Time": 22.118,
                            "Actual Rows": 118234,
                            "Actual Loops": 1,
                            "Index Cond": "(kind_id = 4)"
                          }
                        ]
                      }
                    ]
                  }
                ]
              }
            ]
          }
        ]
      }
    ]
  },
  "Planning Time": 0.42,
  "Triggers": [],
  "Execution Time": 1326.796
}