[
  {
    "Plan": {
      "Node Type": "Aggregate",
      "Strategy": "Plain",
      "Partial Mode": "Finalize",
      "Parallel Aware": false,
      "Startup Cost": 32801.98,
      "Total Cost": 32801.99,
      "Plan Rows": 1,
      "Plan Width": 8,
      "Actual Startup Time": 89.421,
      "Actual Total Time": 97.157,
      "Actual Rows": 1,
      "Actual Loops": 1,
      "Plans": [
        {
          "Node Type": "Gather",
          "Parent Relationship": "Outer",
          "Parallel Aware": false,
          "Startup Cost": 32801.66,
          "Total Cost": 32801.97,
          "Plan Rows": 3,
          "Plan Width": 8,
          "Actual Startup Time": 89.325,
          "Actual Total Time": 97.148,
          "Actual Rows": 4,
          "Actual Loops": 1,
          "Workers Planned": 3,
          "Workers Launched": 3,
          "Single Copy": false,
          "Plans": [
            {
              "Node Type": "Aggregate",
              "Strategy": "Plain",
              "Partial Mode": "Partial",
              "Parent Relationship": "Outer",
              "Parallel Aware": false,
              "Startup Cost": 31801.66,
              "Total Cost": 31801.67,
              "Plan Rows": 1,
              "Plan Width": 8,
              "Actual Startup Time": 82.414,
              "Actual Total Time": 82.415,
              "Actual Rows": 1,
              "Actual Loops": 4,
              "Plans": [
                {
                  "Node Type": "Seq Scan",
                  "Parent Relationship": "Outer",
                  "Parallel Aware": true,
                  "Relation Name": "movie_companies",
                  "Alias": "mc",
                  "Startup Cost": 0.0,
                  "Total Cost": 31414.82,
                  "Plan Rows": 154736,
                  "Plan Width": 0,
                  "Actual Startup Time": 23.213,
                  "Actual Total Time": 80.104,
                  "Actual Rows": 43443,
                  "Actual Loops": 4,
                  "Filter": "((company_id > 17137) AND (company_type_id < 2))",
                  "Rows Removed by Filter": 608839
                }
              ]
            }
          ]
        }
      ]
    },
    "Planning Time": 0.221,
    "Triggers": [],
    "Execution Time": 97.213
  }
]