[
  {
    "Plan": {
      "Node Type": "Aggregate",
      "Strategy": "Plain",
      "Partial Mode": "Finalize",
      "Parallel Aware": false,
      "Startup Cost": 338220.57,
      "Total Cost": 338220.58,
      "Plan Rows": 1,
      "Plan Width": 8,
      "Actual Startup Time": 733.483,
      "Actual Total Time": 794.978,
      "Actual Rows": 1,
      "Actual Loops": 1,
      "Plans": [
        {
          "Node Type": "Gather",
          "Parent Relationship": "Outer",
          "Parallel Aware": false,
          "Startup Cost": 338219.95,
          "Total Cost": 338220.55,
          "Plan Rows": 6,
          "Plan Width": 8,
          "Actual Startup Time": 733.359,
          "Actual Total Time": 794.968,
          "Actual Rows": 7,
          "Actual Loops": 1,
          "Workers Planned": 6,
          "Workers Launched": 6,
          "Single Copy": false,
          "Plans": [
            {
              "Node Type": "Aggregate",
              "Strategy": "Plain",
              "Partial Mode": "Partial",
              "Parent Relationship": "Outer",
              "Parallel Aware": false,
              "Startup Cost": 337219.95,
              "Total Cost": 337219.96,
              "Plan Rows": 1,
              "Plan Width": 8,
              "Actual Startup Time": 723.299,
              "Actual Total Time": 723.3,
              "Actual Rows": 1,
              "Actual Loops": 7,
              "Plans": [
                {
                  "Node Type": "Seq Scan",
                  "Parent Relationship": "Outer",
                  "Parallel Aware": true,
                  "Relation Name": "cast_info",
                  "Alias": "ci",
                  "Startup Cost": 0.0,
                  "Total Cost": 328162.03,
                  "Plan Rows": 3623168,
                  "Plan Width": 0,
                  "Actual Startup Time": 0.049,
                  "Actual Total Time": 591.275,
                  "Actual Rows": 3115911,
                  "Actual Loops": 7,
                  "Filter": "(person_id < 2217272)",
                  "Rows Removed by Filter": 2061852
                }
              ]
            }
          ]
        }
      ]
    },
    "Planning Time": 0.178,
    "Triggers": [],
    "Execution Time": 795.051
  }
]