{
  "Plan": {
    "Node Type": "Aggregate",
    "Strategy": "Plain",
    "Partial Mode": "Finalize",
    "Parallel Aware": false,
    "Startup Cost": 129469.05,
    "Total Cost": 129469.06,
    "Plan Rows": 1,
    "Plan Width": 8,
    "Actual Startup Time": 833.283,
    "Actual Total Time": 850.722,
    "Actual Rows": 1,
    "Actual Loops": 1,
    "Plans": [
      {
        "Node Type": "Gather",
        "Parent Relationship": "Outer",
        "Parallel Aware": false,
        "Startup Cost": 129468.94,
        "Total Cost": 129469.05,
        "Plan Rows": 1,
        "Plan Width": 8,
        "Actual Startup Time": 831.865,
        "Actual Total Time": 850.716,
        "Actual Rows": 2,
        "Actual Loops": 1,
        "Workers Planned": 1,
        "Workers Launched": 1,
        "Single Copy": false,
        "Plans": [
          {
            "Node Type": "Aggregate",
            "Strategy": "Plain",
            "Partial Mode": "Partial",
            "Parent Relationship": "Outer",
            "Parallel Aware": false,
            "Startup Cost": 128468.94,
            "Total Cost": 128468.95,
            "Plan Rows": 1,
            "Plan Width": 8,
            "Actual Startup Time": 825.452,
            "Actual Total Time": 825.456,
            "Actual Rows": 1,
            "Actual Loops": 2,
            "Plans": [
              {
                "Node Type": "Nested Loop",
                "Parent Relationship": "Outer",
                "Parallel Aware": false,
                "Join Type": "Inner",
                "Startup Cost": 66636.49,
                "Total Cost": 128335.53,
                "Plan Rows": 53362,
                "Plan Width": 0,
                "Actual Startup Time": 281.845,
                "Actual Total Time": 787.148,
                "Actual Rows": 942526,
                "Actual Loops": 2,
                "Inner Unique": false,
                "Plans": [
                  {
                    "Node Type": "Hash Join",
                    "Parent Relationship": "Outer",
                    "Parallel Aware": true,
                    "Join Type": "Inner",
                    "Startup Cost": 66636.06,
                    "Total Cost": 93084.52,
                    "Plan Rows": 51709,
                    "Plan Width": 8,
                    "Actual Startup Time": 281.761,
                    "Actual Total Time": 362.011,
                    "Actual Rows": 104245,
                    "Actual Loops": 2,
                    "Inner Unique": true,
                    "Hash Cond": "(mk.movie_id = t.id)",
                    "Plans": [
                      {
                        "Node Type": "Bitmap Heap Scan",
                        "Parent Relationship": "Outer",
                        "Parallel Aware": true,
                        "Relation Name": "movie_keyword",
                        "Alias": "mk",
                        "Startup Cost": 4757.76,
                        "Total Cost": 30860.07,
                        "Plan Rows": 131865,
                        "Plan Width": 4,
                        "Actual Startup Time": 14.628,
                        "Actual Total Time": 56.265,
                        "Actual Rows": 107434,
                        "Actual Loops": 2,
                        "Recheck Cond": "(keyword_id > 65622)",
                        "Rows Removed by Index Recheck": 0,
                        "Exact Heap Blocks": 10831,
                        "Lossy Heap Blocks": 0,
                        "Plans": [
                          {
                            "Node Type": "Bitmap Index Scan",
                            "Parent Relationship": "Outer",
                            "Parallel Aware": false,
                            "Index Name": "keyword_id_movie_keyword",
                            "Startup Cost": 0.0,
                            "Total Cost": 4701.72,
                            "Plan Rows": 224171,
                            "Plan Width": 0,
                            "Actual Startup Time": 11.558,
                            "Actual Total Time": 11.558,
                            "Actual Rows": 214868,
                            "Actual Loops": 1,
                            "Index Cond": "(keyword_id > 65622)"
                          }
                        ]
                      },
                      {
                        "Node Type": "Hash",
                        "Parent Relationship": "Inner",
                        "Parallel Aware": true,
                        "Startup Cost": 54588.39,
                        "Total Cost": 54588.39,
                        "Plan Rows": 583193,
                        "Plan Width": 4,
                        "Actual Startup Time": 257.903,
                        "Actual Total Time": 257.904,
                        "Actual Rows": 492524,
                        "Actual Loops": 2,
                        "Hash Buckets": 1048576,
                        "Original Hash Buckets": 1048576,
                        "Hash Batches": 1,
                        "Original Hash Batches": 1,
                        "Peak Memory Usage": 46784,
                        "Plans": [
                          {
                            "Node Type": "Seq Scan",
                            "Parent Relationship": "Outer",
                            "Parallel Aware": true,
                            "Relation Name": "title",
                            "Alias": "t",
                            "Startup Cost": 0.0,
                            "Total Cost": 54588.39,
                            "Plan Rows": 583193,
                            "Plan Width": 4,
                            "Actual Startup Time": 0.031,
                            "Actual Total Time": 148.059,
                            "Actual Rows": 492524,
                            "Actual Loops": 2,
                            "Filter": "(kind_id < 7)",
                            "Rows Removed by Filter": 771632
                          }
                        ]
                      }
                    ]
                  },
                  {
                    "Node Type": "Index Only Scan",
                    "Parent Relationship": "Inner",
                    "Parallel Aware": false,
                    "Scan Direction": "Forward",
                    "Index Name": "movie_id_movie_companies",
                    "Relation Name": "movie_companies",
                    "Alias": "mc",
                    "Startup Cost": 0.43,
                    "Total Cost": 0.63,
                    "Plan Rows": 5,
                    "Plan Width": 4,
                    "Actual Startup Time": 0.002,
                    "Actual Total Time": 0.003,
                    "Actual Rows": 9,
                    "Actual Loops": 208490,
                    "Index Cond": "(movie_id = t.id)",
                    "Rows Removed by Index Recheck": 0,
                    "Heap Fetches": 1885051
                  }
                ]
              }
            ]
          }
        ]
      }
    ]
  },
  "Planning Time": 1.013,
  "Triggers": [],
  "Execution Time": 850.826
}