[
  {
    "Plan": {
      "Node Type": "Aggregate",
      "Strategy": "Plain",
      "Partial Mode": "Finalize",
      "Parallel Aware": false,
      "Startup Cost": 32654.55,
      "Total Cost": 32654.56,
      "Plan Rows": 1,
      "Plan Width": 8,
      "Actual Startup Time": 93.412,
      "Actual Total Time": 104.478,
      "Actual Rows": 1,
      "Actual Loops": 1,
      "Plans": [
        {
          "Node Type": "Gather",
          "Parent Relationship": "Outer",
          "Parallel Aware": false,
          "Startup Cost": 32654.23,
          "Total Cost": 32654.54,
          "Plan Rows": 3,
          "Plan Width": 8,
          "Actual Startup Time": 93.249,
          "Actual Total Time": 104.466,
          "Actual Rows": 4,
          "Actual Loops": 1,
          "Workers Planned": 3,
          "Workers Launched": 3,
          "Single Copy": false,
          "Plans": [
            {
              "Node Type": "Aggregate",
              "Strategy": "Plain",
              "Partial Mode": "Partial",
              "Parent Relationship": "Outer",
              "Parallel Aware": false,
              "Startup Cost": 31654.23,
              "Total Cost": 31654.24,
              "Plan Rows": 1,
              "Plan Width": 8,
              "Actual Startup Time": 87.665,
              "Actual Total Time": 87.667,
              "Actual Rows": 1,
              "Actual Loops": 4,
              "Plans": [
                {
                  "Node Type": "Seq Scan",
                  "Parent Relationship": "Outer",
                  "Parallel Aware": true,
                  "Relation Name": "movie_companies",
                  "Alias": "mc",
                  "Startup Cost": 0.0,
                  "Total Cost": 31414.82,
                  "Plan Rows": 95766,
                  "Plan Width": 0,
                  "Actual Startup Time": 0.038,
                  "Actual Total Time": 81.454,
                  "Actual Rows": 107947,
                  "Actual Loops": 4,
                  "Filter": "((company_id < 689) AND (company_type_id = 1))",
                  "Rows Removed by Filter": 544335
                }
              ]
            }
          ]
        }
      ]
    },
    "Planning Time": 0.101,
    "Triggers": [],
    "Execution Time": 104.516
  }
]