[
  {
    "Plan": {
      "Node Type": "Aggregate",
      "Strategy": "Plain",
      "Partial Mode": "Finalize",
      "Parallel Aware": false,
      "Startup Cost": 108549.29,
      "Total Cost": 108549.3,
      "Plan Rows": 1,
      "Plan Width": 8,
      "Actual Startup Time": 693.96,
      "Actual Total Time": 713.468,
      "Actual Rows": 1,
      "Actual Loops": 1,
      "Plans": [
        {
          "Node Type": "Gather",
          "Parent Relationship": "Outer",
          "Parallel Aware": false,
          "Startup Cost": 108549.07,
          "Total Cost": 108549.28,
          "Plan Rows": 2,
          "Plan Width": 8,
          "Actual Startup Time": 689.708,
          "Actual Total Time": 713.46,
          "Actual Rows": 3,
          "Actual Loops": 1,
          "Workers Planned": 2,
          "Workers Launched": 2,
          "Single Copy": false,
          "Plans": [
            {
              "Node Type": "Aggregate",
              "Strategy": "Plain",
              "Partial Mode": "Partial",
              "Parent Relationship": "Outer",
              "Parallel Aware": false,
              "Startup Cost": 107549.07,
              "Total Cost": 107549.08,
              "Plan Rows": 1,
              "Plan Width": 8,
              "Actual Startup Time": 680.858,
              "Actual Total Time": 680.864,
              "Actual Rows": 1,
              "Actual Loops": 3,
              "Plans": [
                {
                  "Node Type": "Hash Join",
                  "Parent Relationship": "Outer",
                  "Parallel Aware": true,
                  "Join Type": "Inner",
                  "Startup Cost": 91466.93,
                  "Total Cost": 107443.98,
                  "Plan Rows": 42035,
                  "Plan Width": 0,
                  "Actual Startup Time": 504.567,
                  "Actual Total Time": 653.872,
                  "Actual Rows": 604180,
                  "Actual Loops": 3,
                  "Inner Unique": false,
                  "Hash Cond": "(mi_idx.movie_id = t.id)",
                  "Plans": [
                    {
                      "Node Type": "Seq Scan",
                      "Parent Relationship": "Outer",
                      "Parallel Aware": true,
                      "Relation Name": "movie_info_idx",
                      "Alias": "mi_idx",
                      "Startup Cost": 0.0,
                      "Total Cost": 13685.15,
                      "Plan Rows": 575015,
                      "Plan Width": 4,
                      "Actual Startup Time": 0.03,
                      "Actual Total Time": 42.259,
                      "Actual Rows": 460012,
                      "Actual Loops": 3
                    },
                    {
                      "Node Type": "Hash",
                      "Parent Relationship": "Inner",
                      "Parallel Aware": true,
                      "Startup Cost": 90721.67,
                      "Total Cost": 90721.67,
                      "Plan Rows": 59621,
                      "Plan Width": 8,
                      "Actual Startup Time": 501.721,
                      "Actual Total Time": 501.725,
                      "Actual Rows": 238069,
                      "Actual Loops": 3,
                      "Hash Buckets": 1048576,
                      "Original Hash Buckets": 262144,
                      "Hash Batches": 1,
                      "Original Hash Batches": 1,
                      "Peak Memory Usage": 42304,
                      "Plans": [
                        {
                          "Node Type": "Hash Join",
                          "Parent Relationship": "Outer",
                          "Parallel Aware": true,
                          "Join Type": "Inner",
                          "Startup Cost": 46131.94,
                          "Total Cost": 90721.67,
                          "Plan Rows": 59621,
                          "Plan Width": 8,
                          "Actual Startup Time": 171.754,
                          "Actual Total Time": 428.572,
                          "Actual Rows": 238069,
                          "Actual Loops": 3,
                          "Inner Unique": true,
                          "Hash Cond": "(mk.movie_id = t.id)",
                          "Plans": [
                            {
                              "Node Type": "Seq Scan",
                              "Parent Relationship": "Outer",
                              "Parallel Aware": true,
                              "Relation Name": "movie_keyword",
                              "Alias": "mk",
                              "Startup Cost": 0.0,
                              "Total Cost": 42695.65,
                              "Plan Rows": 721554,
                              "Plan Width": 4,
                              "Actual Startup Time": 0.022,
                              "Actual Total Time": 152.737,
                              "Actual Rows": 748624,
                              "Actual Loops": 3,
                              "Filter": "(keyword_id < 4629)",
                              "Rows Removed by Filter": 759353
                            },
                            {
                              "Node Type": "Hash",
                              "Parent Relationship": "Inner",
                              "Parallel Aware": true,
                              "Startup Cost": 45479.1,
                              "Total Cost": 45479.1,
                              "Plan Rows": 52227,
                              "Plan Width": 4,
                              "Actual Startup Time": 170.141,
                              "Actual Total Time": 170.142,
                              "Actual Rows": 115175,
                              "Actual Loops": 3,
                              "Hash Buckets": 524288,
                              "Original Hash Buckets": 262144,
                              "Hash Batches": 1,
                              "Original Hash Batches": 1,
                              "Peak Memory Usage": 19712,
                              "Plans": [
                                {
                                  "Node Type": "Seq Scan",
                                  "Parent Relationship": "Outer",
                                  "Parallel Aware": true,
                                  "Relation Name": "title",
                                  "Alias": "t",
                                  "Startup Cost": 0.0,
                                  "Total Cost": 45479.1,
                                  "Plan Rows": 52227,
                                  "Plan Width": 4,
                                  "Actual Startup Time": 0.05,
                                  "Actual Total Time": 126.516,
                                  "Actual Rows": 115175,
                                  "Actual Loops": 3,
                                  "Filter": "((kind_id < 3) AND (production_year < 1991))",
                                  "Rows Removed by Filter": 727596
                                }
                              ]
                            }
                          ]
                        }
                      ]
                    }
                  ]
                }
              ]
            }
          ]
        }
      ]
    },
    "Planning Time": 1.409,
    "Triggers": [],
    "Execution Time": 713.553
  }
]