[
  {
    "Plan": {
      "Node Type": "Aggregate",
      "Strategy": "Plain",
      "Partial Mode": "Finalize",
      "Parallel Aware": false,
      "Startup Cost": 20532.97,
      "Total Cost": 20532.98,
      "Plan Rows": 1,
      "Plan Width": 8,
      "Actual Startup Time": 19.724,
      "Actual Total Time": 24.277,
      "Actual Rows": 1,
      "Actual Loops": 1,
      "Plans": [
        {
          "Node Type": "Gather",
          "Parent Relationship": "Outer",
          "Parallel Aware": false,
          "Startup Cost": 20532.75,
          "Total Cost": 20532.96,
          "Plan Rows": 2,
          "Plan Width": 8,
          "Actual Startup Time": 19.604,
          "Actual Total Time": 24.263,
          "Actual Rows": 3,
          "Actual Loops": 1,
          "Workers Planned": 2,
          "Workers Launched": 2,
          "Single Copy": false,
          "Plans": [
            {
              "Node Type": "Aggregate",
              "Strategy": "Plain",
              "Partial Mode": "Partial",
              "Parent Relationship": "Outer",
              "Parallel Aware": false,
              "Startup Cost": 19532.75,
              "Total Cost": 19532.76,
              "Plan Rows": 1,
              "Plan Width": 8,
              "Actual Startup Time": 16.443,
              "Actual Total Time": 16.444,
              "Actual Rows": 1,
              "Actual Loops": 3,
              "Plans": [
                {
                  "Node Type": "Nested Loop",
                  "Parent Relationship": "Outer",
                  "Parallel Aware": false,
                  "Join Type": "Inner",
                  "Startup Cost": 75.15,
                  "Total Cost": 19529.22,
                  "Plan Rows": 1413,
                  "Plan Width": 0,
                  "Actual Startup Time": 0.949,
                  "Actual Total Time": 16.288,
                  "Actual Rows": 1134,
                  "Actual Loops": 3,
                  "Inner Unique": true,
                  "Plans": [
                    {
                      "Node Type": "Bitmap Heap Scan",
                      "Parent Relationship": "Outer",
                      "Parallel Aware": true,
                      "Relation Name": "movie_companies",
                      "Alias": "mc",
                      "Startup Cost": 74.72,
                      "Total Cost": 8740.97,
                      "Plan Rows": 1413,
                      "Plan Width": 4,
                      "Actual Startup Time": 0.864,
                      "Actual Total Time": 5.397,
                      "Actual Rows": 1134,
                      "Actual Loops": 3,
                      "Recheck Cond": "(company_id = 11147)",
                      "Rows Removed by Index Recheck": 0,
                      "Exact Heap Blocks": 1407,
                      "Lossy Heap Blocks": 0,
                      "Plans": [
                        {
                          "Node Type": "Bitmap Index Scan",
                          "Parent Relationship": "Outer",
                          "Parallel Aware": false,
                          "Index Name": "company_id_movie_companies",
                          "Startup Cost": 0.0,
                          "Total Cost": 73.87,
                          "Plan Rows": 3392,
                          "Plan Width": 0,
                          "Actual Startup Time": 2.012,
                          "Actual Total Time": 2.012,
                          "Actual Rows": 3401,
                          "Actual Loops": 1,
                          "Index Cond": "(company_id = 11147)"
                        }
                      ]
                    },
                    {
                      "Node Type": "Index Only Scan",
                      "Parent Relationship": "Inner",
                      "Parallel Aware": false,
                      "Scan Direction": "Forward",
                      "Index Name": "title_pkey",
                      "Relation Name": "title",
                      "Alias": "t",
                      "Startup Cost": 0.43,
                      "Total Cost": 7.63,
                      "Plan Rows": 1,
                      "Plan Width": 4,
                      "Actual Startup Time": 0.009,
                      "Actual Total Time": 0.009,
                      "Actual Rows": 1,
                      "Actual Loops": 3401,
                      "Index Cond": "(id = mc.movie_id)",
                      "Rows Removed by Index Recheck": 0,
                      "Heap Fetches": 3401
                    }
                  ]
                }
              ]
            }
          ]
        }
      ]
    },
    "Planning Time": 0.366,
    "Triggers": [],
    "Execution Time": 24.33
  }
]