[
    {
        "Bao": {
            "Bao prediction": "NaN",
            "Bao recommended hint": "(no hint)"
        }
    },
    {
        "Plan": {
            "Node Type": "Aggregate",
            "Strategy": "Plain",
            "Partial Mode": "Finalize",
            "Parallel Aware": false,
            "Startup Cost": 76625.54,
            "Total Cost": 76625.55,
            "Plan Rows": 1,
            "Plan Width": 8,
            "Actual Startup Time": 146.175,
            "Actual Total Time": 156.671,
            "Actual Rows": 1,
            "Actual Loops": 1,
            "Output": [
                "count(*)"
            ],
            "Plans": [
                {
                    "Node Type": "Gather",
                    "Parent Relationship": "Outer",
                    "Parallel Aware": false,
                    "Startup Cost": 76625.22,
                    "Total Cost": 76625.53,
                    "Plan Rows": 3,
                    "Plan Width": 8,
                    "Actual Startup Time": 145.587,
                    "Actual Total Time": 156.663,
                    "Actual Rows": 4,
                    "Actual Loops": 1,
                    "Output": [
                        "(PARTIAL count(*))"
                    ],
                    "Workers Planned": 3,
                    "Workers Launched": 3,
                    "Single Copy": false,
                    "Plans": [
                        {
                            "Node Type": "Aggregate",
                            "Strategy": "Plain",
                            "Partial Mode": "Partial",
                            "Parent Relationship": "Outer",
                            "Parallel Aware": false,
                            "Startup Cost": 75625.22,
                            "Total Cost": 75625.23,
                            "Plan Rows": 1,
                            "Plan Width": 8,
                            "Actual Startup Time": 136.618,
                            "Actual Total Time": 136.622,
                            "Actual Rows": 1,
                            "Actual Loops": 4,
                            "Output": [
                                "PARTIAL count(*)"
                            ],
                            "Workers": [
                                {
                                    "Worker Number": 0,
                                    "Actual Startup Time": 133.369,
                                    "Actual Total Time": 133.372,
                                    "Actual Rows": 1,
                                    "Actual Loops": 1
                                },
                                {
                                    "Worker Number": 1,
                                    "Actual Startup Time": 133.948,
                                    "Actual Total Time": 133.952,
                                    "Actual Rows": 1,
                                    "Actual Loops": 1
                                },
                                {
                                    "Worker Number": 2,
                                    "Actual Startup Time": 134.128,
                                    "Actual Total Time": 134.131,
                                    "Actual Rows": 1,
                                    "Actual Loops": 1
                                }
                            ],
                            "Plans": [
                                {
                                    "Node Type": "Nested Loop",
                                    "Parent Relationship": "Outer",
                                    "Parallel Aware": false,
                                    "Join Type": "Inner",
                                    "Startup Cost": 48486.61,
                                    "Total Cost": 75617.02,
                                    "Plan Rows": 3281,
                                    "Plan Width": 0,
                                    "Actual Startup Time": 128.222,
                                    "Actual Total Time": 136.496,
                                    "Actual Rows": 1634,
                                    "Actual Loops": 4,
                                    "Inner Unique": false,
                                    "Workers": [
                                        {
                                            "Worker Number": 0,
                                            "Actual Startup Time": 125.045,
                                            "Actual Total Time": 133.233,
                                            "Actual Rows": 1317,
                                            "Actual Loops": 1
                                        },
                                        {
                                            "Worker Number": 1,
                                            "Actual Startup Time": 125.499,
                                            "Actual Total Time": 133.846,
                                            "Actual Rows": 1441,
                                            "Actual Loops": 1
                                        },
                                        {
                                            "Worker Number": 2,
                                            "Actual Startup Time": 125.683,
                                            "Actual Total Time": 133.984,
                                            "Actual Rows": 1323,
                                            "Actual Loops": 1
                                        }
                                    ],
                                    "Plans": [
                                        {
                                            "Node Type": "Hash Join",
                                            "Parent Relationship": "Outer",
                                            "Parallel Aware": true,
                                            "Join Type": "Inner",
                                            "Startup Cost": 48486.17,
                                            "Total Cost": 67960.66,
                                            "Plan Rows": 562,
                                            "Plan Width": 8,
                                            "Actual Startup Time": 128.148,
                                            "Actual Total Time": 133.419,
                                            "Actual Rows": 108,
                                            "Actual Loops": 4,
                                            "Output": [
                                                "t.id",
                                                "mc.movie_id"
                                            ],
                                            "Inner Unique": true,
                                            "Hash Cond": "(mc.movie_id = t.id)",
                                            "Workers": [
                                                {
                                                    "Worker Number": 0,
                                                    "Actual Startup Time": 124.945,
                                                    "Actual Total Time": 129.796,
                                                    "Actual Rows": 72,
                                                    "Actual Loops": 1
                                                },
                                                {
                                                    "Worker Number": 1,
                                                    "Actual Startup Time": 125.414,
                                                    "Actual Total Time": 130.737,
                                                    "Actual Rows": 80,
                                                    "Actual Loops": 1
                                                },
                                                {
                                                    "Worker Number": 2,
                                                    "Actual Startup Time": 125.588,
                                                    "Actual Total Time": 130.212,
                                                    "Actual Rows": 74,
                                                    "Actual Loops": 1
                                                }
                                            ],
                                            "Plans": [
                                                {
                                                    "Node Type": "Bitmap Heap Scan",
                                                    "Parent Relationship": "Outer",
                                                    "Parallel Aware": true,
                                                    "Relation Name": "movie_companies",
                                                    "Schema": "public",
                                                    "Alias": "mc",
                                                    "Startup Cost": 2799.04,
                                                    "Total Cost": 22217.46,
                                                    "Plan Rows": 21359,
                                                    "Plan Width": 4,
                                                    "Actual Startup Time": 29.136,
                                                    "Actual Total Time": 32.757,
                                                    "Actual Rows": 5885,
                                                    "Actual Loops": 4,
                                                    "Output": [
                                                        "mc.id",
                                                        "mc.movie_id",
                                                        "mc.company_id",
                                                        "mc.company_type_id",
                                                        "mc.note"
                                                    ],
                                                    "Recheck Cond": "(mc.company_id < 27)",
                                                    "Rows Removed by Index Recheck": 0,
                                                    "Filter": "(mc.company_type_id > 1)",
                                                    "Rows Removed by Filter": 27816,
                                                    "Exact Heap Blocks": 5038,
                                                    "Lossy Heap Blocks": 0,
                                                    "Workers": [
                                                        {
                                                            "Worker Number": 0,
                                                            "Actual Startup Time": 29.098,
                                                            "Actual Total Time": 32.718,
                                                            "Actual Rows": 3561,
                                                            "Actual Loops": 1
                                                        },
                                                        {
                                                            "Worker Number": 1,
                                                            "Actual Startup Time": 29.136,
                                                            "Actual Total Time": 32.879,
                                                            "Actual Rows": 5814,
                                                            "Actual Loops": 1
                                                        },
                                                        {
                                                            "Worker Number": 2,
                                                            "Actual Startup Time": 29.166,
                                                            "Actual Total Time": 32.476,
                                                            "Actual Rows": 3811,
                                                            "Actual Loops": 1
                                                        }
                                                    ],
                                                    "Plans": [
                                                        {
                                                            "Node Type": "Bitmap Index Scan",
                                                            "Parent Relationship": "Outer",
                                                            "Parallel Aware": false,
                                                            "Index Name": "company_id_movie_companies",
                                                            "Startup Cost": 0.0,
                                                            "Total Cost": 2782.48,
                                                            "Plan Rows": 129874,
                                                            "Plan Width": 0,
                                                            "Actual Startup Time": 12.048,
                                                            "Actual Total Time": 12.048,
                                                            "Actual Rows": 134807,
                                                            "Actual Loops": 1,
                                                            "Index Cond": "(mc.company_id < 27)",
                                                            "Workers": [
                                                                {
                                                                    "Worker Number": 2,
                                                                    "Actual Startup Time": 12.048,
                                                                    "Actual Total Time": 12.048,
                                                                    "Actual Rows": 134807,
                                                                    "Actual Loops": 1
                                                                }
                                                            ]
                                                        }
                                                    ]
                                                },
                                                {
                                                    "Node Type": "Hash",
                                                    "Parent Relationship": "Inner",
                                                    "Parallel Aware": true,
                                                    "Startup Cost": 45479.21,
                                                    "Total Cost": 45479.21,
                                                    "Plan Rows": 16634,
                                                    "Plan Width": 4,
                                                    "Actual Startup Time": 98.042,
                                                    "Actual Total Time": 98.043,
                                                    "Actual Rows": 18743,
                                                    "Actual Loops": 4,
                                                    "Output": [
                                                        "t.id"
                                                    ],
                                                    "Hash Buckets": 131072,
                                                    "Original Hash Buckets": 131072,
                                                    "Hash Batches": 1,
                                                    "Original Hash Batches": 1,
                                                    "Peak Memory Usage": 4000,
                                                    "Workers": [
                                                        {
                                                            "Worker Number": 0,
                                                            "Actual Startup Time": 94.975,
                                                            "Actual Total Time": 94.975,
                                                            "Actual Rows": 11274,
                                                            "Actual Loops": 1
                                                        },
                                                        {
                                                            "Worker Number": 1,
                                                            "Actual Startup Time": 95.739,
                                                            "Actual Total Time": 95.74,
                                                            "Actual Rows": 16436,
                                                            "Actual Loops": 1
                                                        },
                                                        {
                                                            "Worker Number": 2,
                                                            "Actual Startup Time": 95.889,
                                                            "Actual Total Time": 95.891,
                                                            "Actual Rows": 12234,
                                                            "Actual Loops": 1
                                                        }
                                                    ],
                                                    "Plans": [
                                                        {
                                                            "Node Type": "Seq Scan",
                                                            "Parent Relationship": "Outer",
                                                            "Parallel Aware": true,
                                                            "Relation Name": "title",
                                                            "Schema": "public",
                                                            "Alias": "t",
                                                            "Startup Cost": 0.0,
                                                            "Total Cost": 45479.21,
                                                            "Plan Rows": 16634,
                                                            "Plan Width": 4,
                                                            "Actual Startup Time": 0.05,
                                                            "Actual Total Time": 91.028,
                                                            "Actual Rows": 18743,
                                                            "Actual Loops": 4,
                                                            "Output": [
                                                                "t.id"
                                                            ],
                                                            "Filter": "((t.kind_id > 4) AND (t.production_year = 2006))",
                                                            "Rows Removed by Filter": 613335,
                                                            "Workers": [
                                                                {
                                                                    "Worker Number": 0,
                                                                    "Actual Startup Time": 0.089,
                                                                    "Actual Total Time": 88.201,
                                                                    "Actual Rows": 11274,
                                                                    "Actual Loops": 1
                                                                },
                                                                {
                                                                    "Worker Number": 1,
                                                                    "Actual Startup Time": 0.057,
                                                                    "Actual Total Time": 89.555,
                                                                    "Actual Rows": 16436,
                                                                    "Actual Loops": 1
                                                                },
                                                                {
                                                                    "Worker Number": 2,
                                                                    "Actual Startup Time": 0.041,
                                                                    "Actual Total Time": 88.792,
                                                                    "Actual Rows": 12234,
                                                                    "Actual Loops": 1
                                                                }
                                                            ]
                                                        }
                                                    ]
                                                }
                                            ]
                                        },
                                        {
                                            "Node Type": "Index Only Scan",
                                            "Parent Relationship": "Inner",
                                            "Parallel Aware": false,
                                            "Scan Direction": "Forward",
                                            "Index Name": "movie_id_movie_info",
                                            "Relation Name": "movie_info",
                                            "Schema": "public",
                                            "Alias": "mi",
                                            "Startup Cost": 0.43,
                                            "Total Cost": 13.23,
                                            "Plan Rows": 39,
                                            "Plan Width": 4,
                                            "Actual Startup Time": 0.009,
                                            "Actual Total Time": 0.027,
                                            "Actual Rows": 15,
                                            "Actual Loops": 431,
                                            "Output": [
                                                "mi.movie_id"
                                            ],
                                            "Index Cond": "(mi.movie_id = t.id)",
                                            "Rows Removed by Index Recheck": 0,
                                            "Heap Fetches": 6538,
                                            "Workers": [
                                                {
                                                    "Worker Number": 0,
                                                    "Actual Startup Time": 0.015,
                                                    "Actual Total Time": 0.045,
                                                    "Actual Rows": 18,
                                                    "Actual Loops": 72
                                                },
                                                {
                                                    "Worker Number": 1,
                                                    "Actual Startup Time": 0.013,
                                                    "Actual Total Time": 0.037,
                                                    "Actual Rows": 18,
                                                    "Actual Loops": 80
                                                },
                                                {
                                                    "Worker Number": 2,
                                                    "Actual Startup Time": 0.016,
                                                    "Actual Total Time": 0.048,
                                                    "Actual Rows": 18,
                                                    "Actual Loops": 74
                                                }
                                            ]
                                        }
                                    ]
                                }
                            ]
                        }
                    ]
                }
            ]
        },
        "Planning Time": 231.272,
        "Triggers": [],
        "Execution Time": 156.804
    }
]