[
  {
    "Plan": {
      "Node Type": "Aggregate",
      "Strategy": "Plain",
      "Partial Mode": "Finalize",
      "Parallel Aware": false,
      "Startup Cost": 95027.62,
      "Total Cost": 95027.63,
      "Plan Rows": 1,
      "Plan Width": 8,
      "Actual Startup Time": 401.785,
      "Actual Total Time": 417.182,
      "Actual Rows": 1,
      "Actual Loops": 1,
      "Plans": [
        {
          "Node Type": "Gather",
          "Parent Relationship": "Outer",
          "Parallel Aware": false,
          "Startup Cost": 95027.3,
          "Total Cost": 95027.61,
          "Plan Rows": 3,
          "Plan Width": 8,
          "Actual Startup Time": 392.525,
          "Actual Total Time": 417.171,
          "Actual Rows": 4,
          "Actual Loops": 1,
          "Workers Planned": 3,
          "Workers Launched": 3,
          "Single Copy": false,
          "Plans": [
            {
              "Node Type": "Aggregate",
              "Strategy": "Plain",
              "Partial Mode": "Partial",
              "Parent Relationship": "Outer",
              "Parallel Aware": false,
              "Startup Cost": 94027.3,
              "Total Cost": 94027.31,
              "Plan Rows": 1,
              "Plan Width": 8,
              "Actual Startup Time": 380.639,
              "Actual Total Time": 380.642,
              "Actual Rows": 1,
              "Actual Loops": 4,
              "Plans": [
                {
                  "Node Type": "Hash Join",
                  "Parent Relationship": "Outer",
                  "Parallel Aware": true,
                  "Join Type": "Inner",
                  "Startup Cost": 49414.16,
                  "Total Cost": 93410.39,
                  "Plan Rows": 246764,
                  "Plan Width": 0,
                  "Actual Startup Time": 228.18,
                  "Actual Total Time": 378.879,
                  "Actual Rows": 42702,
                  "Actual Loops": 4,
                  "Inner Unique": true,
                  "Hash Cond": "(mk.movie_id = t.id)",
                  "Plans": [
                    {
                      "Node Type": "Seq Scan",
                      "Parent Relationship": "Outer",
                      "Parallel Aware": true,
                      "Relation Name": "movie_keyword",
                      "Alias": "mk",
                      "Startup Cost": 0.0,
                      "Total Cost": 42695.65,
                      "Plan Rows": 495459,
                      "Plan Width": 4,
                      "Actual Startup Time": 0.028,
                      "Actual Total Time": 97.821,
                      "Actual Rows": 388248,
                      "Actual Loops": 4,
                      "Filter": "(keyword_id < 2297)",
                      "Rows Removed by Filter": 742734
                    },
                    {
                      "Node Type": "Hash",
                      "Parent Relationship": "Inner",
                      "Parallel Aware": true,
                      "Startup Cost": 45479.1,
                      "Total Cost": 45479.1,
                      "Plan Rows": 314805,
                      "Plan Width": 4,
                      "Actual Startup Time": 220.353,
                      "Actual Total Time": 220.354,
                      "Actual Rows": 335154,
                      "Actual Loops": 4,
                      "Hash Buckets": 2097152,
                      "Original Hash Buckets": 2097152,
                      "Hash Batches": 1,
                      "Original Hash Batches": 1,
                      "Peak Memory Usage": 68864,
                      "Plans": [
                        {
                          "Node Type": "Seq Scan",
                          "Parent Relationship": "Outer",
                          "Parallel Aware": true,
                          "Relation Name": "title",
                          "Alias": "t",
                          "Startup Cost": 0.0,
                          "Total Cost": 45479.1,
                          "Plan Rows": 314805,
                          "Plan Width": 4,
                          "Actual Startup Time": 0.039,
                          "Actual Total Time": 107.617,
                          "Actual Rows": 335154,
                          "Actual Loops": 4,
                          "Filter": "((production_year > 1971) AND (kind_id = 7))",
                          "Rows Removed by Filter": 296924
                        }
                      ]
                    }
                  ]
                }
              ]
            }
          ]
        }
      ]
    },
    "Planning Time": 0.644,
    "Triggers": [],
    "Execution Time": 417.251
  }
]