[
    {
        "Bao": {
            "Bao prediction": 2252.377,
            "Bao recommended hint": "SET enable_nestloop TO off; "
        }
    },
    {
        "Plan": {
            "Node Type": "Aggregate",
            "Strategy": "Plain",
            "Partial Mode": "Finalize",
            "Parallel Aware": false,
            "Startup Cost": 528510.28,
            "Total Cost": 528510.29,
            "Plan Rows": 1,
            "Plan Width": 32,
            "Actual Startup Time": 4348.365,
            "Actual Total Time": 4453.096,
            "Actual Rows": 1,
            "Actual Loops": 1,
            "Output": [
                "min(n.name)"
            ],
            "Plans": [
                {
                    "Node Type": "Gather",
                    "Parent Relationship": "Outer",
                    "Parallel Aware": false,
                    "Startup Cost": 528509.96,
                    "Total Cost": 528510.27,
                    "Plan Rows": 3,
                    "Plan Width": 32,
                    "Actual Startup Time": 4340.113,
                    "Actual Total Time": 4453.047,
                    "Actual Rows": 4,
                    "Actual Loops": 1,
                    "Output": [
                        "(PARTIAL min(n.name))"
                    ],
                    "Workers Planned": 3,
                    "Workers Launched": 3,
                    "Single Copy": false,
                    "Plans": [
                        {
                            "Node Type": "Aggregate",
                            "Strategy": "Plain",
                            "Partial Mode": "Partial",
                            "Parent Relationship": "Outer",
                            "Parallel Aware": false,
                            "Startup Cost": 527509.96,
                            "Total Cost": 527509.97,
                            "Plan Rows": 1,
                            "Plan Width": 32,
                            "Actual Startup Time": 4328.945,
                            "Actual Total Time": 4329.776,
                            "Actual Rows": 1,
                            "Actual Loops": 4,
                            "Output": [
                                "PARTIAL min(n.name)"
                            ],
                            "Workers": [
                                {
                                    "Worker Number": 0,
                                    "Actual Startup Time": 4325.893,
                                    "Actual Total Time": 4325.918,
                                    "Actual Rows": 1,
                                    "Actual Loops": 1
                                },
                                {
                                    "Worker Number": 1,
                                    "Actual Startup Time": 4325.553,
                                    "Actual Total Time": 4325.566,
                                    "Actual Rows": 1,
                                    "Actual Loops": 1
                                },
                                {
                                    "Worker Number": 2,
                                    "Actual Startup Time": 4326.014,
                                    "Actual Total Time": 4326.039,
                                    "Actual Rows": 1,
                                    "Actual Loops": 1
                                }
                            ],
                            "Plans": [
                                {
                                    "Node Type": "Hash Join",
                                    "Parent Relationship": "Outer",
                                    "Parallel Aware": true,
                                    "Join Type": "Inner",
                                    "Startup Cost": 497146.61,
                                    "Total Cost": 527509.74,
                                    "Plan Rows": 87,
                                    "Plan Width": 15,
                                    "Actual Startup Time": 4027.448,
                                    "Actual Total Time": 4304.881,
                                    "Actual Rows": 306432,
                                    "Actual Loops": 4,
                                    "Output": [
                                        "n.name"
                                    ],
                                    "Inner Unique": true,
                                    "Hash Cond": "(mc.company_id = cn.id)",
                                    "Workers": [
                                        {
                                            "Worker Number": 0,
                                            "Actual Startup Time": 4023.929,
                                            "Actual Total Time": 4302.541,
                                            "Actual Rows": 389395,
                                            "Actual Loops": 1
                                        },
                                        {
                                            "Worker Number": 1,
                                            "Actual Startup Time": 4024.238,
                                            "Actual Total Time": 4301.346,
                                            "Actual Rows": 272121,
                                            "Actual Loops": 1
                                        },
                                        {
                                            "Worker Number": 2,
                                            "Actual Startup Time": 4024.551,
                                            "Actual Total Time": 4301.057,
                                            "Actual Rows": 285360,
                                            "Actual Loops": 1
                                        }
                                    ],
                                    "Plans": [
                                        {
                                            "Node Type": "Hash Join",
                                            "Parent Relationship": "Outer",
                                            "Parallel Aware": true,
                                            "Join Type": "Inner",
                                            "Startup Cost": 491041.35,
                                            "Total Cost": 521404.26,
                                            "Plan Rows": 87,
                                            "Plan Width": 19,
                                            "Actual Startup Time": 3979.804,
                                            "Actual Total Time": 4196.374,
                                            "Actual Rows": 306432,
                                            "Actual Loops": 4,
                                            "Output": [
                                                "mc.company_id",
                                                "n.name"
                                            ],
                                            "Inner Unique": false,
                                            "Hash Cond": "(mc.movie_id = ci.movie_id)",
                                            "Workers": [
                                                {
                                                    "Worker Number": 0,
                                                    "Actual Startup Time": 3979.902,
                                                    "Actual Total Time": 4199.124,
                                                    "Actual Rows": 389395,
                                                    "Actual Loops": 1
                                                },
                                                {
                                                    "Worker Number": 1,
                                                    "Actual Startup Time": 3979.812,
                                                    "Actual Total Time": 4195.86,
                                                    "Actual Rows": 272121,
                                                    "Actual Loops": 1
                                                },
                                                {
                                                    "Worker Number": 2,
                                                    "Actual Startup Time": 3979.632,
                                                    "Actual Total Time": 4195.351,
                                                    "Actual Rows": 285360,
                                                    "Actual Loops": 1
                                                }
                                            ],
                                            "Plans": [
                                                {
                                                    "Node Type": "Seq Scan",
                                                    "Parent Relationship": "Outer",
                                                    "Parallel Aware": true,
                                                    "Relation Name": "movie_companies",
                                                    "Schema": "public",
                                                    "Alias": "mc",
                                                    "Startup Cost": 0.0,
                                                    "Total Cost": 27206.55,
                                                    "Plan Rows": 841655,
                                                    "Plan Width": 8,
                                                    "Actual Startup Time": 0.03,
                                                    "Actual Total Time": 73.402,
                                                    "Actual Rows": 652282,
                                                    "Actual Loops": 4,
                                                    "Output": [
                                                        "mc.id",
                                                        "mc.movie_id",
                                                        "mc.company_id",
                                                        "mc.company_type_id",
                                                        "mc.note"
                                                    ],
                                                    "Workers": [
                                                        {
                                                            "Worker Number": 0,
                                                            "Actual Startup Time": 0.026,
                                                            "Actual Total Time": 76.013,
                                                            "Actual Rows": 822431,
                                                            "Actual Loops": 1
                                                        },
                                                        {
                                                            "Worker Number": 1,
                                                            "Actual Startup Time": 0.032,
                                                            "Actual Total Time": 73.491,
                                                            "Actual Rows": 591699,
                                                            "Actual Loops": 1
                                                        },
                                                        {
                                                            "Worker Number": 2,
                                                            "Actual Startup Time": 0.037,
                                                            "Actual Total Time": 73.201,
                                                            "Actual Rows": 625001,
                                                            "Actual Loops": 1
                                                        }
                                                    ]
                                                },
                                                {
                                                    "Node Type": "Hash",
                                                    "Parent Relationship": "Inner",
                                                    "Parallel Aware": true,
                                                    "Startup Cost": 491041.13,
                                                    "Total Cost": 491041.13,
                                                    "Plan Rows": 18,
                                                    "Plan Width": 27,
                                                    "Actual Startup Time": 3979.327,
                                                    "Actual Total Time": 3980.153,
                                                    "Actual Rows": 39658,
                                                    "Actual Loops": 4,
                                                    "Output": [
                                                        "ci.movie_id",
                                                        "mk.movie_id",
                                                        "n.name",
                                                        "t.id"
                                                    ],
                                                    "Hash Buckets": 262144,
                                                    "Original Hash Buckets": 1024,
                                                    "Hash Batches": 1,
                                                    "Original Hash Batches": 1,
                                                    "Peak Memory Usage": 13976,
                                                    "Workers": [
                                                        {
                                                            "Worker Number": 0,
                                                            "Actual Startup Time": 3979.324,
                                                            "Actual Total Time": 3979.34,
                                                            "Actual Rows": 42201,
                                                            "Actual Loops": 1
                                                        },
                                                        {
                                                            "Worker Number": 1,
                                                            "Actual Startup Time": 3979.25,
                                                            "Actual Total Time": 3979.26,
                                                            "Actual Rows": 38515,
                                                            "Actual Loops": 1
                                                        },
                                                        {
                                                            "Worker Number": 2,
                                                            "Actual Startup Time": 3979.388,
                                                            "Actual Total Time": 3979.409,
                                                            "Actual Rows": 39532,
                                                            "Actual Loops": 1
                                                        }
                                                    ],
                                                    "Plans": [
                                                        {
                                                            "Node Type": "Hash Join",
                                                            "Parent Relationship": "Outer",
                                                            "Parallel Aware": true,
                                                            "Join Type": "Inner",
                                                            "Startup Cost": 160014.7,
                                                            "Total Cost": 491041.13,
                                                            "Plan Rows": 18,
                                                            "Plan Width": 27,
                                                            "Actual Startup Time": 963.283,
                                                            "Actual Total Time": 3837.489,
                                                            "Actual Rows": 39658,
                                                            "Actual Loops": 4,
                                                            "Output": [
                                                                "ci.movie_id",
                                                                "mk.movie_id",
                                                                "n.name",
                                                                "t.id"
                                                            ],
                                                            "Inner Unique": false,
                                                            "Hash Cond": "(ci.movie_id = t.id)",
                                                            "Workers": [
                                                                {
                                                                    "Worker Number": 0,
                                                                    "Actual Startup Time": 963.34,
                                                                    "Actual Total Time": 3866.614,
                                                                    "Actual Rows": 42201,
                                                                    "Actual Loops": 1
                                                                },
                                                                {
                                                                    "Worker Number": 1,
                                                                    "Actual Startup Time": 964.033,
                                                                    "Actual Total Time": 3801.067,
                                                                    "Actual Rows": 38515,
                                                                    "Actual Loops": 1
                                                                },
                                                                {
                                                                    "Worker Number": 2,
                                                                    "Actual Startup Time": 962.969,
                                                                    "Actual Total Time": 3800.686,
                                                                    "Actual Rows": 39532,
                                                                    "Actual Loops": 1
                                                                }
                                                            ],
                                                            "Plans": [
                                                                {
                                                                    "Node Type": "Hash Join",
                                                                    "Parent Relationship": "Outer",
                                                                    "Parallel Aware": true,
                                                                    "Join Type": "Inner",
                                                                    "Startup Cost": 69820.65,
                                                                    "Total Cost": 398787.3,
                                                                    "Plan Rows": 549269,
                                                                    "Plan Width": 19,
                                                                    "Actual Startup Time": 369.447,
                                                                    "Actual Total Time": 2986.325,
                                                                    "Actual Rows": 1344648,
                                                                    "Actual Loops": 4,
                                                                    "Output": [
                                                                        "ci.movie_id",
                                                                        "n.name"
                                                                    ],
                                                                    "Inner Unique": true,
                                                                    "Hash Cond": "(ci.person_id = n.id)",
                                                                    "Workers": [
                                                                        {
                                                                            "Worker Number": 0,
                                                                            "Actual Startup Time": 369.476,
                                                                            "Actual Total Time": 3015.066,
                                                                            "Actual Rows": 1410631,
                                                                            "Actual Loops": 1
                                                                        },
                                                                        {
                                                                            "Worker Number": 1,
                                                                            "Actual Startup Time": 369.479,
                                                                            "Actual Total Time": 2942.174,
                                                                            "Actual Rows": 1326108,
                                                                            "Actual Loops": 1
                                                                        },
                                                                        {
                                                                            "Worker Number": 2,
                                                                            "Actual Startup Time": 369.449,
                                                                            "Actual Total Time": 2950.462,
                                                                            "Actual Rows": 1330147,
                                                                            "Actual Loops": 1
                                                                        }
                                                                    ],
                                                                    "Plans": [
                                                                        {
                                                                            "Node Type": "Seq Scan",
                                                                            "Parent Relationship": "Outer",
                                                                            "Parallel Aware": true,
                                                                            "Relation Name": "cast_info",
                                                                            "Schema": "public",
                                                                            "Alias": "ci",
                                                                            "Startup Cost": 0.0,
                                                                            "Total Cost": 313106.51,
                                                                            "Plan Rows": 6041951,
                                                                            "Plan Width": 8,
                                                                            "Actual Startup Time": 0.013,
                                                                            "Actual Total Time": 1145.61,
                                                                            "Actual Rows": 9061086,
                                                                            "Actual Loops": 4,
                                                                            "Output": [
                                                                                "ci.id",
                                                                                "ci.person_id",
                                                                                "ci.movie_id",
                                                                                "ci.person_role_id",
                                                                                "ci.note",
                                                                                "ci.nr_order",
                                                                                "ci.role_id"
                                                                            ],
                                                                            "Workers": [
                                                                                {
                                                                                    "Worker Number": 0,
                                                                                    "Actual Startup Time": 0.011,
                                                                                    "Actual Total Time": 1146.801,
                                                                                    "Actual Rows": 9597628,
                                                                                    "Actual Loops": 1
                                                                                },
                                                                                {
                                                                                    "Worker Number": 1,
                                                                                    "Actual Startup Time": 0.009,
                                                                                    "Actual Total Time": 1124.336,
                                                                                    "Actual Rows": 8915053,
                                                                                    "Actual Loops": 1
                                                                                },
                                                                                {
                                                                                    "Worker Number": 2,
                                                                                    "Actual Startup Time": 0.01,
                                                                                    "Actual Total Time": 1124.155,
                                                                                    "Actual Rows": 8856106,
                                                                                    "Actual Loops": 1
                                                                                }
                                                                            ]
                                                                        },
                                                                        {
                                                                            "Node Type": "Hash",
                                                                            "Parent Relationship": "Inner",
                                                                            "Parallel Aware": true,
                                                                            "Startup Cost": 68636.68,
                                                                            "Total Cost": 68636.68,
                                                                            "Plan Rows": 94718,
                                                                            "Plan Width": 19,
                                                                            "Actual Startup Time": 368.121,
                                                                            "Actual Total Time": 368.123,
                                                                            "Actual Rows": 145395,
                                                                            "Actual Loops": 4,
                                                                            "Output": [
                                                                                "n.name",
                                                                                "n.id"
                                                                            ],
                                                                            "Hash Buckets": 1048576,
                                                                            "Original Hash Buckets": 524288,
                                                                            "Hash Batches": 1,
                                                                            "Original Hash Batches": 1,
                                                                            "Peak Memory Usage": 43936,
                                                                            "Workers": [
                                                                                {
                                                                                    "Worker Number": 0,
                                                                                    "Actual Startup Time": 364.568,
                                                                                    "Actual Total Time": 364.57,
                                                                                    "Actual Rows": 148759,
                                                                                    "Actual Loops": 1
                                                                                },
                                                                                {
                                                                                    "Worker Number": 1,
                                                                                    "Actual Startup Time": 369.371,
                                                                                    "Actual Total Time": 369.373,
                                                                                    "Actual Rows": 146609,
                                                                                    "Actual Loops": 1
                                                                                },
                                                                                {
                                                                                    "Worker Number": 2,
                                                                                    "Actual Startup Time": 369.293,
                                                                                    "Actual Total Time": 369.294,
                                                                                    "Actual Rows": 148132,
                                                                                    "Actual Loops": 1
                                                                                }
                                                                            ],
                                                                            "Plans": [
                                                                                {
                                                                                    "Node Type": "Seq Scan",
                                                                                    "Parent Relationship": "Outer",
                                                                                    "Parallel Aware": true,
                                                                                    "Relation Name": "name",
                                                                                    "Schema": "public",
                                                                                    "Alias": "n",
                                                                                    "Startup Cost": 0.0,
                                                                                    "Total Cost": 68636.68,
                                                                                    "Plan Rows": 94718,
                                                                                    "Plan Width": 19,
                                                                                    "Actual Startup Time": 0.048,
                                                                                    "Actual Total Time": 251.275,
                                                                                    "Actual Rows": 145395,
                                                                                    "Actual Loops": 4,
                                                                                    "Output": [
                                                                                        "n.name",
                                                                                        "n.id"
                                                                                    ],
                                                                                    "Filter": "(n.name ~~ '%J%'::text)",
                                                                                    "Rows Removed by Filter": 896478,
                                                                                    "Workers": [
                                                                                        {
                                                                                            "Worker Number": 0,
                                                                                            "Actual Startup Time": 0.058,
                                                                                            "Actual Total Time": 252.606,
                                                                                            "Actual Rows": 148759,
                                                                                            "Actual Loops": 1
                                                                                        },
                                                                                        {
                                                                                            "Worker Number": 1,
                                                                                            "Actual Startup Time": 0.046,
                                                                                            "Actual Total Time": 249.054,
                                                                                            "Actual Rows": 146609,
                                                                                            "Actual Loops": 1
                                                                                        },
                                                                                        {
                                                                                            "Worker Number": 2,
                                                                                            "Actual Startup Time": 0.039,
                                                                                            "Actual Total Time": 253.028,
                                                                                            "Actual Rows": 148132,
                                                                                            "Actual Loops": 1
                                                                                        }
                                                                                    ]
                                                                                }
                                                                            ]
                                                                        }
                                                                    ]
                                                                },
                                                                {
                                                                    "Node Type": "Hash",
                                                                    "Parent Relationship": "Inner",
                                                                    "Parallel Aware": true,
                                                                    "Startup Cost": 90193.95,
                                                                    "Total Cost": 90193.95,
                                                                    "Plan Rows": 8,
                                                                    "Plan Width": 8,
                                                                    "Actual Startup Time": 593.175,
                                                                    "Actual Total Time": 593.182,
                                                                    "Actual Rows": 10460,
                                                                    "Actual Loops": 4,
                                                                    "Output": [
                                                                        "mk.movie_id",
                                                                        "t.id"
                                                                    ],
                                                                    "Hash Buckets": 65536,
                                                                    "Original Hash Buckets": 1024,
                                                                    "Hash Batches": 1,
                                                                    "Original Hash Batches": 1,
                                                                    "Peak Memory Usage": 2680,
                                                                    "Workers": [
                                                                        {
                                                                            "Worker Number": 0,
                                                                            "Actual Startup Time": 593.233,
                                                                            "Actual Total Time": 593.241,
                                                                            "Actual Rows": 9596,
                                                                            "Actual Loops": 1
                                                                        },
                                                                        {
                                                                            "Worker Number": 1,
                                                                            "Actual Startup Time": 593.225,
                                                                            "Actual Total Time": 593.23,
                                                                            "Actual Rows": 11269,
                                                                            "Actual Loops": 1
                                                                        },
                                                                        {
                                                                            "Worker Number": 2,
                                                                            "Actual Startup Time": 593.096,
                                                                            "Actual Total Time": 593.102,
                                                                            "Actual Rows": 10466,
                                                                            "Actual Loops": 1
                                                                        }
                                                                    ],
                                                                    "Plans": [
                                                                        {
                                                                            "Node Type": "Hash Join",
                                                                            "Parent Relationship": "Outer",
                                                                            "Parallel Aware": true,
                                                                            "Join Type": "Inner",
                                                                            "Startup Cost": 45504.47,
                                                                            "Total Cost": 90193.95,
                                                                            "Plan Rows": 8,
                                                                            "Plan Width": 8,
                                                                            "Actual Startup Time": 296.528,
                                                                            "Actual Total Time": 529.182,
                                                                            "Actual Rows": 10460,
                                                                            "Actual Loops": 4,
                                                                            "Output": [
                                                                                "mk.movie_id",
                                                                                "t.id"
                                                                            ],
                                                                            "Inner Unique": false,
                                                                            "Hash Cond": "(t.id = mk.movie_id)",
                                                                            "Workers": [
                                                                                {
                                                                                    "Worker Number": 0,
                                                                                    "Actual Startup Time": 296.656,
                                                                                    "Actual Total Time": 515.301,
                                                                                    "Actual Rows": 9596,
                                                                                    "Actual Loops": 1
                                                                                },
                                                                                {
                                                                                    "Worker Number": 1,
                                                                                    "Actual Startup Time": 296.44,
                                                                                    "Actual Total Time": 546.047,
                                                                                    "Actual Rows": 11269,
                                                                                    "Actual Loops": 1
                                                                                },
                                                                                {
                                                                                    "Worker Number": 2,
                                                                                    "Actual Startup Time": 296.476,
                                                                                    "Actual Total Time": 535.998,
                                                                                    "Actual Rows": 10466,
                                                                                    "Actual Loops": 1
                                                                                }
                                                                            ],
                                                                            "Plans": [
                                                                                {
                                                                                    "Node Type": "Seq Scan",
                                                                                    "Parent Relationship": "Outer",
                                                                                    "Parallel Aware": true,
                                                                                    "Relation Name": "title",
                                                                                    "Schema": "public",
                                                                                    "Alias": "t",
                                                                                    "Startup Cost": 0.0,
                                                                                    "Total Cost": 42319.06,
                                                                                    "Plan Rows": 632106,
                                                                                    "Plan Width": 4,
                                                                                    "Actual Startup Time": 0.025,
                                                                                    "Actual Total Time": 113.656,
                                                                                    "Actual Rows": 632078,
                                                                                    "Actual Loops": 4,
                                                                                    "Output": [
                                                                                        "t.id",
                                                                                        "t.title",
                                                                                        "t.imdb_index",
                                                                                        "t.kind_id",
                                                                                        "t.production_year",
                                                                                        "t.imdb_id",
                                                                                        "t.phonetic_code",
                                                                                        "t.episode_of_id",
                                                                                        "t.season_nr",
                                                                                        "t.episode_nr",
                                                                                        "t.series_years",
                                                                                        "t.md5sum"
                                                                                    ],
                                                                                    "Workers": [
                                                                                        {
                                                                                            "Worker Number": 0,
                                                                                            "Actual Startup Time": 0.035,
                                                                                            "Actual Total Time": 108.012,
                                                                                            "Actual Rows": 571197,
                                                                                            "Actual Loops": 1
                                                                                        },
                                                                                        {
                                                                                            "Worker Number": 1,
                                                                                            "Actual Startup Time": 0.024,
                                                                                            "Actual Total Time": 120.599,
                                                                                            "Actual Rows": 733712,
                                                                                            "Actual Loops": 1
                                                                                        },
                                                                                        {
                                                                                            "Worker Number": 2,
                                                                                            "Actual Startup Time": 0.027,
                                                                                            "Actual Total Time": 117.366,
                                                                                            "Actual Rows": 634304,
                                                                                            "Actual Loops": 1
                                                                                        }
                                                                                    ]
                                                                                },
                                                                                {
                                                                                    "Node Type": "Hash",
                                                                                    "Parent Relationship": "Inner",
                                                                                    "Parallel Aware": true,
                                                                                    "Startup Cost": 45504.33,
                                                                                    "Total Cost": 45504.33,
                                                                                    "Plan Rows": 11,
                                                                                    "Plan Width": 4,
                                                                                    "Actual Startup Time": 296.291,
                                                                                    "Actual Total Time": 296.295,
                                                                                    "Actual Rows": 10460,
                                                                                    "Actual Loops": 4,
                                                                                    "Output": [
                                                                                        "mk.movie_id"
                                                                                    ],
                                                                                    "Hash Buckets": 65536,
                                                                                    "Original Hash Buckets": 1024,
                                                                                    "Hash Batches": 1,
                                                                                    "Original Hash Batches": 1,
                                                                                    "Peak Memory Usage": 2680,
                                                                                    "Workers": [
                                                                                        {
                                                                                            "Worker Number": 0,
                                                                                            "Actual Startup Time": 296.303,
                                                                                            "Actual Total Time": 296.308,
                                                                                            "Actual Rows": 9553,
                                                                                            "Actual Loops": 1
                                                                                        },
                                                                                        {
                                                                                            "Worker Number": 1,
                                                                                            "Actual Startup Time": 296.294,
                                                                                            "Actual Total Time": 296.297,
                                                                                            "Actual Rows": 11342,
                                                                                            "Actual Loops": 1
                                                                                        },
                                                                                        {
                                                                                            "Worker Number": 2,
                                                                                            "Actual Startup Time": 296.278,
                                                                                            "Actual Total Time": 296.281,
                                                                                            "Actual Rows": 10409,
                                                                                            "Actual Loops": 1
                                                                                        }
                                                                                    ],
                                                                                    "Plans": [
                                                                                        {
                                                                                            "Node Type": "Hash Join",
                                                                                            "Parent Relationship": "Outer",
                                                                                            "Parallel Aware": false,
                                                                                            "Join Type": "Inner",
                                                                                            "Startup Cost": 2626.14,
                                                                                            "Total Cost": 45504.33,
                                                                                            "Plan Rows": 11,
                                                                                            "Plan Width": 4,
                                                                                            "Actual Startup Time": 15.581,
                                                                                            "Actual Total Time": 259.606,
                                                                                            "Actual Rows": 10460,
                                                                                            "Actual Loops": 4,
                                                                                            "Output": [
                                                                                                "mk.movie_id"
                                                                                            ],
                                                                                            "Inner Unique": true,
                                                                                            "Hash Cond": "(mk.keyword_id = k.id)",
                                                                                            "Workers": [
                                                                                                {
                                                                                                    "Worker Number": 0,
                                                                                                    "Actual Startup Time": 15.523,
                                                                                                    "Actual Total Time": 254.679,
                                                                                                    "Actual Rows": 9553,
                                                                                                    "Actual Loops": 1
                                                                                                },
                                                                                                {
                                                                                                    "Worker Number": 1,
                                                                                                    "Actual Startup Time": 15.476,
                                                                                                    "Actual Total Time": 277.949,
                                                                                                    "Actual Rows": 11342,
                                                                                                    "Actual Loops": 1
                                                                                                },
                                                                                                {
                                                                                                    "Worker Number": 2,
                                                                                                    "Actual Startup Time": 15.486,
                                                                                                    "Actual Total Time": 255.321,
                                                                                                    "Actual Rows": 10409,
                                                                                                    "Actual Loops": 1
                                                                                                }
                                                                                            ],
                                                                                            "Plans": [
                                                                                                {
                                                                                                    "Node Type": "Seq Scan",
                                                                                                    "Parent Relationship": "Outer",
                                                                                                    "Parallel Aware": true,
                                                                                                    "Relation Name": "movie_keyword",
                                                                                                    "Schema": "public",
                                                                                                    "Alias": "mk",
                                                                                                    "Startup Cost": 0.0,
                                                                                                    "Total Cost": 39047.32,
                                                                                                    "Plan Rows": 1459332,
                                                                                                    "Plan Width": 8,
                                                                                                    "Actual Startup Time": 0.031,
                                                                                                    "Actual Total Time": 131.725,
                                                                                                    "Actual Rows": 1130982,
                                                                                                    "Actual Loops": 4,
                                                                                                    "Output": [
                                                                                                        "mk.id",
                                                                                                        "mk.movie_id",
                                                                                                        "mk.keyword_id"
                                                                                                    ],
                                                                                                    "Workers": [
                                                                                                        {
                                                                                                            "Worker Number": 0,
                                                                                                            "Actual Startup Time": 0.04,
                                                                                                            "Actual Total Time": 129.583,
                                                                                                            "Actual Rows": 1086690,
                                                                                                            "Actual Loops": 1
                                                                                                        },
                                                                                                        {
                                                                                                            "Worker Number": 1,
                                                                                                            "Actual Startup Time": 0.032,
                                                                                                            "Actual Total Time": 140.579,
                                                                                                            "Actual Rows": 1230620,
                                                                                                            "Actual Loops": 1
                                                                                                        },
                                                                                                        {
                                                                                                            "Worker Number": 2,
                                                                                                            "Actual Startup Time": 0.035,
                                                                                                            "Actual Total Time": 129.375,
                                                                                                            "Actual Rows": 1109260,
                                                                                                            "Actual Loops": 1
                                                                                                        }
                                                                                                    ]
                                                                                                },
                                                                                                {
                                                                                                    "Node Type": "Hash",
                                                                                                    "Parent Relationship": "Inner",
                                                                                                    "Parallel Aware": false,
                                                                                                    "Startup Cost": 2626.12,
                                                                                                    "Total Cost": 2626.12,
                                                                                                    "Plan Rows": 1,
                                                                                                    "Plan Width": 4,
                                                                                                    "Actual Startup Time": 15.409,
                                                                                                    "Actual Total Time": 15.41,
                                                                                                    "Actual Rows": 1,
                                                                                                    "Actual Loops": 4,
                                                                                                    "Output": [
                                                                                                        "k.id"
                                                                                                    ],
                                                                                                    "Hash Buckets": 1024,
                                                                                                    "Original Hash Buckets": 1024,
                                                                                                    "Hash Batches": 1,
                                                                                                    "Original Hash Batches": 1,
                                                                                                    "Peak Memory Usage": 9,
                                                                                                    "Workers": [
                                                                                                        {
                                                                                                            "Worker Number": 0,
                                                                                                            "Actual Startup Time": 15.42,
                                                                                                            "Actual Total Time": 15.422,
                                                                                                            "Actual Rows": 1,
                                                                                                            "Actual Loops": 1
                                                                                                        },
                                                                                                        {
                                                                                                            "Worker Number": 1,
                                                                                                            "Actual Startup Time": 15.395,
                                                                                                            "Actual Total Time": 15.396,
                                                                                                            "Actual Rows": 1,
                                                                                                            "Actual Loops": 1
                                                                                                        },
                                                                                                        {
                                                                                                            "Worker Number": 2,
                                                                                                            "Actual Startup Time": 15.402,
                                                                                                            "Actual Total Time": 15.403,
                                                                                                            "Actual Rows": 1,
                                                                                                            "Actual Loops": 1
                                                                                                        }
                                                                                                    ],
                                                                                                    "Plans": [
                                                                                                        {
                                                                                                            "Node Type": "Seq Scan",
                                                                                                            "Parent Relationship": "Outer",
                                                                                                            "Parallel Aware": false,
                                                                                                            "Relation Name": "keyword",
                                                                                                            "Schema": "public",
                                                                                                            "Alias": "k",
                                                                                                            "Startup Cost": 0.0,
                                                                                                            "Total Cost": 2626.12,
                                                                                                            "Plan Rows": 1,
                                                                                                            "Plan Width": 4,
                                                                                                            "Actual Startup Time": 0.837,
                                                                                                            "Actual Total Time": 15.402,
                                                                                                            "Actual Rows": 1,
                                                                                                            "Actual Loops": 4,
                                                                                                            "Output": [
                                                                                                                "k.id"
                                                                                                            ],
                                                                                                            "Filter": "(k.keyword = 'character-name-in-title'::text)",
                                                                                                            "Rows Removed by Filter": 134169,
                                                                                                            "Workers": [
                                                                                                                {
                                                                                                                    "Worker Number": 0,
                                                                                                                    "Actual Startup Time": 0.874,
                                                                                                                    "Actual Total Time": 15.413,
                                                                                                                    "Actual Rows": 1,
                                                                                                                    "Actual Loops": 1
                                                                                                                },
                                                                                                                {
                                                                                                                    "Worker Number": 1,
                                                                                                                    "Actual Startup Time": 0.811,
                                                                                                                    "Actual Total Time": 15.388,
                                                                                                                    "Actual Rows": 1,
                                                                                                                    "Actual Loops": 1
                                                                                                                },
                                                                                                                {
                                                                                                                    "Worker Number": 2,
                                                                                                                    "Actual Startup Time": 0.852,
                                                                                                                    "Actual Total Time": 15.395,
                                                                                                                    "Actual Rows": 1,
                                                                                                                    "Actual Loops": 1
                                                                                                                }
                                                                                                            ]
                                                                                                        }
                                                                                                    ]
                                                                                                }
                                                                                            ]
                                                                                        }
                                                                                    ]
                                                                                }
                                                                            ]
                                                                        }
                                                                    ]
                                                                }
                                                            ]
                                                        }
                                                    ]
                                                }
                                            ]
                                        },
                                        {
                                            "Node Type": "Hash",
                                            "Parent Relationship": "Inner",
                                            "Parallel Aware": true,
                                            "Startup Cost": 4377.34,
                                            "Total Cost": 4377.34,
                                            "Plan Rows": 138234,
                                            "Plan Width": 4,
                                            "Actual Startup Time": 44.939,
                                            "Actual Total Time": 44.941,
                                            "Actual Rows": 58749,
                                            "Actual Loops": 4,
                                            "Output": [
                                                "cn.id"
                                            ],
                                            "Hash Buckets": 262144,
                                            "Original Hash Buckets": 262144,
                                            "Hash Batches": 1,
                                            "Original Hash Batches": 1,
                                            "Peak Memory Usage": 11296,
                                            "Workers": [
                                                {
                                                    "Worker Number": 0,
                                                    "Actual Startup Time": 43.382,
                                                    "Actual Total Time": 43.387,
                                                    "Actual Rows": 56355,
                                                    "Actual Loops": 1
                                                },
                                                {
                                                    "Worker Number": 1,
                                                    "Actual Startup Time": 43.752,
                                                    "Actual Total Time": 43.753,
                                                    "Actual Rows": 56721,
                                                    "Actual Loops": 1
                                                },
                                                {
                                                    "Worker Number": 2,
                                                    "Actual Startup Time": 44.152,
                                                    "Actual Total Time": 44.153,
                                                    "Actual Rows": 56919,
                                                    "Actual Loops": 1
                                                }
                                            ],
                                            "Plans": [
                                                {
                                                    "Node Type": "Seq Scan",
                                                    "Parent Relationship": "Outer",
                                                    "Parallel Aware": true,
                                                    "Relation Name": "company_name",
                                                    "Schema": "public",
                                                    "Alias": "cn",
                                                    "Startup Cost": 0.0,
                                                    "Total Cost": 4377.34,
                                                    "Plan Rows": 138234,
                                                    "Plan Width": 4,
                                                    "Actual Startup Time": 0.051,
                                                    "Actual Total Time": 17.733,
                                                    "Actual Rows": 58749,
                                                    "Actual Loops": 4,
                                                    "Output": [
                                                        "cn.id"
                                                    ],
                                                    "Workers": [
                                                        {
                                                            "Worker Number": 0,
                                                            "Actual Startup Time": 0.05,
                                                            "Actual Total Time": 17.081,
                                                            "Actual Rows": 56355,
                                                            "Actual Loops": 1
                                                        },
                                                        {
                                                            "Worker Number": 1,
                                                            "Actual Startup Time": 0.065,
                                                            "Actual Total Time": 17.059,
                                                            "Actual Rows": 56721,
                                                            "Actual Loops": 1
                                                        },
                                                        {
                                                            "Worker Number": 2,
                                                            "Actual Startup Time": 0.053,
                                                            "Actual Total Time": 17.138,
                                                            "Actual Rows": 56919,
                                                            "Actual Loops": 1
                                                        }
                                                    ]
                                                }
                                            ]
                                        }
                                    ]
                                }
                            ]
                        }
                    ]
                }
            ]
        },
        "Planning Time": 1143.931,
        "Triggers": [],
        "Execution Time": 4454.104
    }
]