[
    {
        "Bao": {
            "Bao prediction": "NaN",
            "Bao recommended hint": "(no hint)"
        }
    },
    {
        "Plan": {
            "Node Type": "Aggregate",
            "Strategy": "Plain",
            "Partial Mode": "Finalize",
            "Parallel Aware": false,
            "Startup Cost": 49533.49,
            "Total Cost": 49533.5,
            "Plan Rows": 1,
            "Plan Width": 8,
            "Actual Startup Time": 92.816,
            "Actual Total Time": 100.674,
            "Actual Rows": 1,
            "Actual Loops": 1,
            "Output": [
                "count(*)"
            ],
            "Plans": [
                {
                    "Node Type": "Gather",
                    "Parent Relationship": "Outer",
                    "Parallel Aware": false,
                    "Startup Cost": 49533.07,
                    "Total Cost": 49533.48,
                    "Plan Rows": 4,
                    "Plan Width": 8,
                    "Actual Startup Time": 92.586,
                    "Actual Total Time": 100.667,
                    "Actual Rows": 5,
                    "Actual Loops": 1,
                    "Output": [
                        "(PARTIAL count(*))"
                    ],
                    "Workers Planned": 4,
                    "Workers Launched": 4,
                    "Single Copy": false,
                    "Plans": [
                        {
                            "Node Type": "Aggregate",
                            "Strategy": "Plain",
                            "Partial Mode": "Partial",
                            "Parent Relationship": "Outer",
                            "Parallel Aware": false,
                            "Startup Cost": 48533.07,
                            "Total Cost": 48533.08,
                            "Plan Rows": 1,
                            "Plan Width": 8,
                            "Actual Startup Time": 83.334,
                            "Actual Total Time": 83.336,
                            "Actual Rows": 1,
                            "Actual Loops": 5,
                            "Output": [
                                "PARTIAL count(*)"
                            ],
                            "Workers": [
                                {
                                    "Worker Number": 0,
                                    "Actual Startup Time": 80.258,
                                    "Actual Total Time": 80.26,
                                    "Actual Rows": 1,
                                    "Actual Loops": 1
                                },
                                {
                                    "Worker Number": 1,
                                    "Actual Startup Time": 81.233,
                                    "Actual Total Time": 81.234,
                                    "Actual Rows": 1,
                                    "Actual Loops": 1
                                },
                                {
                                    "Worker Number": 2,
                                    "Actual Startup Time": 81.44,
                                    "Actual Total Time": 81.441,
                                    "Actual Rows": 1,
                                    "Actual Loops": 1
                                },
                                {
                                    "Worker Number": 3,
                                    "Actual Startup Time": 81.456,
                                    "Actual Total Time": 81.457,
                                    "Actual Rows": 1,
                                    "Actual Loops": 1
                                }
                            ],
                            "Plans": [
                                {
                                    "Node Type": "Nested Loop",
                                    "Parent Relationship": "Outer",
                                    "Parallel Aware": false,
                                    "Join Type": "Inner",
                                    "Startup Cost": 0.43,
                                    "Total Cost": 48532.89,
                                    "Plan Rows": 72,
                                    "Plan Width": 0,
                                    "Actual Startup Time": 51.71,
                                    "Actual Total Time": 83.297,
                                    "Actual Rows": 219,
                                    "Actual Loops": 5,
                                    "Inner Unique": false,
                                    "Workers": [
                                        {
                                            "Worker Number": 0,
                                            "Actual Startup Time": 49.901,
                                            "Actual Total Time": 80.221,
                                            "Actual Rows": 220,
                                            "Actual Loops": 1
                                        },
                                        {
                                            "Worker Number": 1,
                                            "Actual Startup Time": 46.162,
                                            "Actual Total Time": 81.195,
                                            "Actual Rows": 214,
                                            "Actual Loops": 1
                                        },
                                        {
                                            "Worker Number": 2,
                                            "Actual Startup Time": 50.615,
                                            "Actual Total Time": 81.402,
                                            "Actual Rows": 138,
                                            "Actual Loops": 1
                                        },
                                        {
                                            "Worker Number": 3,
                                            "Actual Startup Time": 50.657,
                                            "Actual Total Time": 81.417,
                                            "Actual Rows": 149,
                                            "Actual Loops": 1
                                        }
                                    ],
                                    "Plans": [
                                        {
                                            "Node Type": "Seq Scan",
                                            "Parent Relationship": "Outer",
                                            "Parallel Aware": true,
                                            "Relation Name": "title",
                                            "Schema": "public",
                                            "Alias": "t",
                                            "Startup Cost": 0.0,
                                            "Total Cost": 45479.21,
                                            "Plan Rows": 397,
                                            "Plan Width": 4,
                                            "Actual Startup Time": 51.518,
                                            "Actual Total Time": 77.189,
                                            "Actual Rows": 542,
                                            "Actual Loops": 5,
                                            "Output": [
                                                "t.id",
                                                "t.title",
                                                "t.imdb_index",
                                                "t.kind_id",
                                                "t.production_year",
                                                "t.imdb_id",
                                                "t.phonetic_code",
                                                "t.episode_of_id",
                                                "t.season_nr",
                                                "t.episode_nr",
                                                "t.series_years",
                                                "t.md5sum"
                                            ],
                                            "Filter": "((t.kind_id = 1) AND (t.production_year = 1954))",
                                            "Rows Removed by Filter": 505120,
                                            "Workers": [
                                                {
                                                    "Worker Number": 0,
                                                    "Actual Startup Time": 49.292,
                                                    "Actual Total Time": 73.134,
                                                    "Actual Rows": 534,
                                                    "Actual Loops": 1
                                                },
                                                {
                                                    "Worker Number": 1,
                                                    "Actual Startup Time": 46.086,
                                                    "Actual Total Time": 74.501,
                                                    "Actual Rows": 524,
                                                    "Actual Loops": 1
                                                },
                                                {
                                                    "Worker Number": 2,
                                                    "Actual Startup Time": 50.524,
                                                    "Actual Total Time": 74.872,
                                                    "Actual Rows": 373,
                                                    "Actual Loops": 1
                                                },
                                                {
                                                    "Worker Number": 3,
                                                    "Actual Startup Time": 50.496,
                                                    "Actual Total Time": 74.993,
                                                    "Actual Rows": 362,
                                                    "Actual Loops": 1
                                                }
                                            ]
                                        },
                                        {
                                            "Node Type": "Index Scan",
                                            "Parent Relationship": "Inner",
                                            "Parallel Aware": false,
                                            "Scan Direction": "Forward",
                                            "Index Name": "movie_id_movie_info_idx",
                                            "Relation Name": "movie_info_idx",
                                            "Schema": "public",
                                            "Alias": "mi_idx",
                                            "Startup Cost": 0.43,
                                            "Total Cost": 7.68,
                                            "Plan Rows": 1,
                                            "Plan Width": 4,
                                            "Actual Startup Time": 0.01,
                                            "Actual Total Time": 0.011,
                                            "Actual Rows": 0,
                                            "Actual Loops": 2712,
                                            "Output": [
                                                "mi_idx.id",
                                                "mi_idx.movie_id",
                                                "mi_idx.info_type_id",
                                                "mi_idx.info",
                                                "mi_idx.note"
                                            ],
                                            "Index Cond": "(mi_idx.movie_id = t.id)",
                                            "Rows Removed by Index Recheck": 0,
                                            "Filter": "(mi_idx.info_type_id = 99)",
                                            "Rows Removed by Filter": 1,
                                            "Workers": [
                                                {
                                                    "Worker Number": 0,
                                                    "Actual Startup Time": 0.012,
                                                    "Actual Total Time": 0.013,
                                                    "Actual Rows": 0,
                                                    "Actual Loops": 534
                                                },
                                                {
                                                    "Worker Number": 1,
                                                    "Actual Startup Time": 0.012,
                                                    "Actual Total Time": 0.012,
                                                    "Actual Rows": 0,
                                                    "Actual Loops": 524
                                                },
                                                {
                                                    "Worker Number": 2,
                                                    "Actual Startup Time": 0.016,
                                                    "Actual Total Time": 0.017,
                                                    "Actual Rows": 0,
                                                    "Actual Loops": 373
                                                },
                                                {
                                                    "Worker Number": 3,
                                                    "Actual Startup Time": 0.016,
                                                    "Actual Total Time": 0.017,
                                                    "Actual Rows": 0,
                                                    "Actual Loops": 362
                                                }
                                            ]
                                        }
                                    ]
                                }
                            ]
                        }
                    ]
                }
            ]
        },
        "Planning Time": 184.874,
        "Triggers": [],
        "Execution Time": 100.726
    }
]