[
  {
    "Plan": {
      "Node Type": "Aggregate",
      "Strategy": "Plain",
      "Partial Mode": "Finalize",
      "Parallel Aware": false,
      "Startup Cost": 128853.65,
      "Total Cost": 128853.66,
      "Plan Rows": 1,
      "Plan Width": 8,
      "Actual Startup Time": 650.754,
      "Actual Total Time": 675.311,
      "Actual Rows": 1,
      "Actual Loops": 1,
      "Plans": [
        {
          "Node Type": "Gather",
          "Parent Relationship": "Outer",
          "Parallel Aware": false,
          "Startup Cost": 128853.33,
          "Total Cost": 128853.64,
          "Plan Rows": 3,
          "Plan Width": 8,
          "Actual Startup Time": 647.782,
          "Actual Total Time": 675.301,
          "Actual Rows": 4,
          "Actual Loops": 1,
          "Workers Planned": 3,
          "Workers Launched": 3,
          "Single Copy": false,
          "Plans": [
            {
              "Node Type": "Aggregate",
              "Strategy": "Plain",
              "Partial Mode": "Partial",
              "Parent Relationship": "Outer",
              "Parallel Aware": false,
              "Startup Cost": 127853.33,
              "Total Cost": 127853.34,
              "Plan Rows": 1,
              "Plan Width": 8,
              "Actual Startup Time": 639.028,
              "Actual Total Time": 639.134,
              "Actual Rows": 1,
              "Actual Loops": 4,
              "Plans": [
                {
                  "Node Type": "Hash Join",
                  "Parent Relationship": "Outer",
                  "Parallel Aware": true,
                  "Join Type": "Inner",
                  "Startup Cost": 81620.59,
                  "Total Cost": 126996.87,
                  "Plan Rows": 342584,
                  "Plan Width": 0,
                  "Actual Startup Time": 381.249,
                  "Actual Total Time": 617.566,
                  "Actual Rows": 511517,
                  "Actual Loops": 4,
                  "Inner Unique": false,
                  "Hash Cond": "(mk.movie_id = t.id)",
                  "Plans": [
                    {
                      "Node Type": "Seq Scan",
                      "Parent Relationship": "Outer",
                      "Parallel Aware": true,
                      "Relation Name": "movie_keyword",
                      "Alias": "mk",
                      "Startup Cost": 0.0,
                      "Total Cost": 39047.32,
                      "Plan Rows": 1459332,
                      "Plan Width": 4,
                      "Actual Startup Time": 0.033,
                      "Actual Total Time": 92.232,
                      "Actual Rows": 1130982,
                      "Actual Loops": 4
                    },
                    {
                      "Node Type": "Hash",
                      "Parent Relationship": "Inner",
                      "Parallel Aware": true,
                      "Startup Cost": 79765.82,
                      "Total Cost": 79765.82,
                      "Plan Rows": 148382,
                      "Plan Width": 8,
                      "Actual Startup Time": 376.179,
                      "Actual Total Time": 376.284,
                      "Actual Rows": 95191,
                      "Actual Loops": 4,
                      "Hash Buckets": 1048576,
                      "Original Hash Buckets": 1048576,
                      "Hash Batches": 1,
                      "Original Hash Batches": 1,
                      "Peak Memory Usage": 23136,
                      "Plans": [
                        {
                          "Node Type": "Hash Join",
                          "Parent Relationship": "Outer",
                          "Parallel Aware": true,
                          "Join Type": "Inner",
                          "Startup Cost": 33808.07,
                          "Total Cost": 79765.82,
                          "Plan Rows": 148382,
                          "Plan Width": 8,
                          "Actual Startup Time": 121.833,
                          "Actual Total Time": 337.815,
                          "Actual Rows": 95191,
                          "Actual Loops": 4,
                          "Inner Unique": false,
                          "Hash Cond": "(t.id = mc.movie_id)",
                          "Plans": [
                            {
                              "Node Type": "Seq Scan",
                              "Parent Relationship": "Outer",
                              "Parallel Aware": true,
                              "Relation Name": "title",
                              "Alias": "t",
                              "Startup Cost": 0.0,
                              "Total Cost": 42318.73,
                              "Plan Rows": 632073,
                              "Plan Width": 4,
                              "Actual Startup Time": 0.016,
                              "Actual Total Time": 77.553,
                              "Actual Rows": 632078,
                              "Actual Loops": 4
                            },
                            {
                              "Node Type": "Hash",
                              "Parent Relationship": "Inner",
                              "Parallel Aware": true,
                              "Startup Cost": 31414.82,
                              "Total Cost": 31414.82,
                              "Plan Rows": 191460,
                              "Plan Width": 4,
                              "Actual Startup Time": 119.129,
                              "Actual Total Time": 119.13,
                              "Actual Rows": 95191,
                              "Actual Loops": 4,
                              "Hash Buckets": 1048576,
                              "Original Hash Buckets": 1048576,
                              "Hash Batches": 1,
                              "Original Hash Batches": 1,
                              "Peak Memory Usage": 23136,
                              "Plans": [
                                {
                                  "Node Type": "Seq Scan",
                                  "Parent Relationship": "Outer",
                                  "Parallel Aware": true,
                                  "Relation Name": "movie_companies",
                                  "Alias": "mc",
                                  "Startup Cost": 0.0,
                                  "Total Cost": 31414.82,
                                  "Plan Rows": 191460,
                                  "Plan Width": 4,
                                  "Actual Startup Time": 49.47,
                                  "Actual Total Time": 83.29,
                                  "Actual Rows": 95191,
                                  "Actual Loops": 4,
                                  "Filter": "((company_id < 9674) AND (company_type_id = 2))",
                                  "Rows Removed by Filter": 557091
                                }
                              ]
                            }
                          ]
                        }
                      ]
                    }
                  ]
                }
              ]
            }
          ]
        }
      ]
    },
    "Planning Time": 1.416,
    "Triggers": [],
    "Execution Time": 675.398
  }
]