{
  "Plan": {
    "Node Type": "Aggregate",
    "Strategy": "Plain",
    "Partial Mode": "Finalize",
    "Parallel Aware": false,
    "Startup Cost": 428174.69,
    "Total Cost": 428174.7,
    "Plan Rows": 1,
    "Plan Width": 8,
    "Actual Startup Time": 3447.385,
    "Actual Total Time": 3493.843,
    "Actual Rows": 1,
    "Actual Loops": 1,
    "Plans": [
      {
        "Node Type": "Gather",
        "Parent Relationship": "Outer",
        "Parallel Aware": false,
        "Startup Cost": 428174.58,
        "Total Cost": 428174.69,
        "Plan Rows": 1,
        "Plan Width": 8,
        "Actual Startup Time": 3441.767,
        "Actual Total Time": 3493.835,
        "Actual Rows": 2,
        "Actual Loops": 1,
        "Workers Planned": 1,
        "Workers Launched": 1,
        "Single Copy": false,
        "Plans": [
          {
            "Node Type": "Aggregate",
            "Strategy": "Plain",
            "Partial Mode": "Partial",
            "Parent Relationship": "Outer",
            "Parallel Aware": false,
            "Startup Cost": 427174.58,
            "Total Cost": 427174.59,
            "Plan Rows": 1,
            "Plan Width": 8,
            "Actual Startup Time": 3432.931,
            "Actual Total Time": 3432.937,
            "Actual Rows": 1,
            "Actual Loops": 2,
            "Plans": [
              {
                "Node Type": "Hash Join",
                "Parent Relationship": "Outer",
                "Parallel Aware": true,
                "Join Type": "Inner",
                "Startup Cost": 117994.77,
                "Total Cost": 421532.73,
                "Plan Rows": 2256737,
                "Plan Width": 0,
                "Actual Startup Time": 1176.3,
                "Actual Total Time": 3250.531,
                "Actual Rows": 3806677,
                "Actual Loops": 2,
                "Inner Unique": false,
                "Hash Cond": "(mi.movie_id = t.id)",
                "Plans": [
                  {
                    "Node Type": "Seq Scan",
                    "Parent Relationship": "Outer",
                    "Parallel Aware": true,
                    "Relation Name": "movie_info",
                    "Alias": "mi",
                    "Startup Cost": 0.0,
                    "Total Cost": 270696.42,
                    "Plan Rows": 5217764,
                    "Plan Width": 4,
                    "Actual Startup Time": 0.022,
                    "Actual Total Time": 838.182,
                    "Actual Rows": 4483347,
                    "Actual Loops": 2,
                    "Filter": "(info_type_id < 15)",
                    "Rows Removed by Filter": 2934513
                  },
                  {
                    "Node Type": "Hash",
                    "Parent Relationship": "Inner",
                    "Parallel Aware": true,
                    "Startup Cost": 109954.23,
                    "Total Cost": 109954.23,
                    "Plan Rows": 643243,
                    "Plan Width": 8,
                    "Actual Startup Time": 1161.176,
                    "Actual Total Time": 1161.18,
                    "Actual Rows": 495055,
                    "Actual Loops": 2,
                    "Hash Buckets": 2097152,
                    "Original Hash Buckets": 2097152,
                    "Hash Batches": 1,
                    "Original Hash Batches": 1,
                    "Peak Memory Usage": 55136,
                    "Plans": [
                      {
                        "Node Type": "Hash Join",
                        "Parent Relationship": "Outer",
                        "Parallel Aware": true,
                        "Join Type": "Inner",
                        "Startup Cost": 69933.9,
                        "Total Cost": 109954.23,
                        "Plan Rows": 643243,
                        "Plan Width": 8,
                        "Actual Startup Time": 635.596,
                        "Actual Total Time": 1001.439,
                        "Actual Rows": 495055,
                        "Actual Loops": 2,
                        "Inner Unique": true,
                        "Hash Cond": "(mc.movie_id = t.id)",
                        "Plans": [
                          {
                            "Node Type": "Seq Scan",
                            "Parent Relationship": "Outer",
                            "Parallel Aware": true,
                            "Relation Name": "movie_companies",
                            "Alias": "mc",
                            "Startup Cost": 0.0,
                            "Total Cost": 37974.77,
                            "Plan Rows": 779260,
                            "Plan Width": 4,
                            "Actual Startup Time": 56.033,
                            "Actual Total Time": 144.631,
                            "Actual Rows": 667442,
                            "Actual Loops": 2,
                            "Filter": "(company_type_id > 1)",
                            "Rows Removed by Filter": 637123
                          },
                          {
                            "Node Type": "Hash",
                            "Parent Relationship": "Inner",
                            "Parallel Aware": true,
                            "Startup Cost": 54588.39,
                            "Total Cost": 54588.39,
                            "Plan Rows": 1227641,
                            "Plan Width": 4,
                            "Actual Startup Time": 572.177,
                            "Actual Total Time": 572.178,
                            "Actual Rows": 1037394,
                            "Actual Loops": 2,
                            "Hash Buckets": 2097152,
                            "Original Hash Buckets": 2097152,
                            "Hash Batches": 1,
                            "Original Hash Batches": 1,
                            "Peak Memory Usage": 97568,
                            "Plans": [
                              {
                                "Node Type": "Seq Scan",
                                "Parent Relationship": "Outer",
                                "Parallel Aware": true,
                                "Relation Name": "title",
                                "Alias": "t",
                                "Startup Cost": 0.0,
                                "Total Cost": 54588.39,
                                "Plan Rows": 1227641,
                                "Plan Width": 4,
                                "Actual Startup Time": 0.035,
                                "Actual Total Time": 219.195,
                                "Actual Rows": 1037394,
                                "Actual Loops": 2,
                                "Filter": "(production_year > 1970)",
                                "Rows Removed by Filter": 226762
                              }
                            ]
                          }
                        ]
                      }
                    ]
                  }
                ]
              }
            ]
          }
        ]
      }
    ]
  },
  "Planning Time": 0.974,
  "Triggers": [],
  "Execution Time": 3493.932
}