{
  "Plan": {
    "Node Type": "Aggregate",
    "Strategy": "Plain",
    "Partial Mode": "Finalize",
    "Parallel Aware": false,
    "Startup Cost": 349759.46,
    "Total Cost": 349759.47,
    "Plan Rows": 1,
    "Plan Width": 8,
    "Actual Startup Time": 696.301,
    "Actual Total Time": 712.929,
    "Actual Rows": 1,
    "Actual Loops": 1,
    "Plans": [
      {
        "Node Type": "Gather",
        "Parent Relationship": "Outer",
        "Parallel Aware": false,
        "Startup Cost": 349759.35,
        "Total Cost": 349759.46,
        "Plan Rows": 1,
        "Plan Width": 8,
        "Actual Startup Time": 691.631,
        "Actual Total Time": 712.919,
        "Actual Rows": 2,
        "Actual Loops": 1,
        "Workers Planned": 1,
        "Workers Launched": 1,
        "Single Copy": false,
        "Plans": [
          {
            "Node Type": "Aggregate",
            "Strategy": "Plain",
            "Partial Mode": "Partial",
            "Parent Relationship": "Outer",
            "Parallel Aware": false,
            "Startup Cost": 348759.35,
            "Total Cost": 348759.36,
            "Plan Rows": 1,
            "Plan Width": 8,
            "Actual Startup Time": 684.106,
            "Actual Total Time": 684.111,
            "Actual Rows": 1,
            "Actual Loops": 2,
            "Plans": [
              {
                "Node Type": "Hash Join",
                "Parent Relationship": "Outer",
                "Parallel Aware": true,
                "Join Type": "Inner",
                "Startup Cost": 85746.07,
                "Total Cost": 348161.82,
                "Plan Rows": 239012,
                "Plan Width": 0,
                "Actual Startup Time": 444.303,
                "Actual Total Time": 671.544,
                "Actual Rows": 239689,
                "Actual Loops": 2,
                "Inner Unique": true,
                "Hash Cond": "(ci.movie_id = t.id)",
                "Plans": [
                  {
                    "Node Type": "Bitmap Heap Scan",
                    "Parent Relationship": "Outer",
                    "Parallel Aware": true,
                    "Relation Name": "cast_info",
                    "Alias": "ci",
                    "Startup Cost": 21333.1,
                    "Total Cost": 282561.66,
                    "Plan Rows": 452266,
                    "Plan Width": 4,
                    "Actual Startup Time": 37.92,
                    "Actual Total Time": 116.772,
                    "Actual Rows": 435035,
                    "Actual Loops": 2,
                    "Recheck Cond": "(person_id < 99775)",
                    "Rows Removed by Index Recheck": 0,
                    "Filter": "(role_id < 8)",
                    "Rows Removed by Filter": 47764,
                    "Exact Heap Blocks": 6474,
                    "Lossy Heap Blocks": 0,
                    "Plans": [
                      {
                        "Node Type": "Bitmap Index Scan",
                        "Parent Relationship": "Outer",
                        "Parallel Aware": false,
                        "Index Name": "person_id_cast_info",
                        "Startup Cost": 0.0,
                        "Total Cost": 21140.89,
                        "Plan Rows": 968043,
                        "Plan Width": 0,
                        "Actual Startup Time": 36.452,
                        "Actual Total Time": 36.453,
                        "Actual Rows": 965597,
                        "Actual Loops": 1,
                        "Index Cond": "(person_id < 99775)"
                      }
                    ]
                  },
                  {
                    "Node Type": "Hash",
                    "Parent Relationship": "Inner",
                    "Parallel Aware": true,
                    "Startup Cost": 54588.39,
                    "Total Cost": 54588.39,
                    "Plan Rows": 785966,
                    "Plan Width": 4,
                    "Actual Startup Time": 391.941,
                    "Actual Total Time": 391.942,
                    "Actual Rows": 674146,
                    "Actual Loops": 2,
                    "Hash Buckets": 2097152,
                    "Original Hash Buckets": 2097152,
                    "Hash Batches": 1,
                    "Original Hash Batches": 1,
                    "Peak Memory Usage": 69184,
                    "Plans": [
                      {
                        "Node Type": "Seq Scan",
                        "Parent Relationship": "Outer",
                        "Parallel Aware": true,
                        "Relation Name": "title",
                        "Alias": "t",
                        "Startup Cost": 0.0,
                        "Total Cost": 54588.39,
                        "Plan Rows": 785966,
                        "Plan Width": 4,
                        "Actual Startup Time": 0.03,
                        "Actual Total Time": 192.719,
                        "Actual Rows": 674146,
                        "Actual Loops": 2,
                        "Filter": "(production_year < 2005)",
                        "Rows Removed by Filter": 590010
                      }
                    ]
                  }
                ]
              }
            ]
          }
        ]
      }
    ]
  },
  "Planning Time": 0.69,
  "Triggers": [],
  "Execution Time": 713.02
}