{
  "Plan": {
    "Node Type": "Aggregate",
    "Strategy": "Plain",
    "Partial Mode": "Finalize",
    "Parallel Aware": false,
    "Startup Cost": 747334.56,
    "Total Cost": 747334.57,
    "Plan Rows": 1,
    "Plan Width": 8,
    "Actual Startup Time": 9171.169,
    "Actual Total Time": 9225.047,
    "Actual Rows": 1,
    "Actual Loops": 1,
    "Plans": [
      {
        "Node Type": "Gather",
        "Parent Relationship": "Outer",
        "Parallel Aware": false,
        "Startup Cost": 747334.45,
        "Total Cost": 747334.56,
        "Plan Rows": 1,
        "Plan Width": 8,
        "Actual Startup Time": 9163.676,
        "Actual Total Time": 9225.035,
        "Actual Rows": 2,
        "Actual Loops": 1,
        "Workers Planned": 1,
        "Workers Launched": 1,
        "Single Copy": false,
        "Plans": [
          {
            "Node Type": "Aggregate",
            "Strategy": "Plain",
            "Partial Mode": "Partial",
            "Parent Relationship": "Outer",
            "Parallel Aware": false,
            "Startup Cost": 746334.45,
            "Total Cost": 746334.46,
            "Plan Rows": 1,
            "Plan Width": 8,
            "Actual Startup Time": 9155.983,
            "Actual Total Time": 9157.356,
            "Actual Rows": 1,
            "Actual Loops": 2,
            "Plans": [
              {
                "Node Type": "Hash Join",
                "Parent Relationship": "Outer",
                "Parallel Aware": true,
                "Join Type": "Inner",
                "Startup Cost": 121055.12,
                "Total Cost": 722602.57,
                "Plan Rows": 9492753,
                "Plan Width": 0,
                "Actual Startup Time": 995.1,
                "Actual Total Time": 8222.065,
                "Actual Rows": 23735006,
                "Actual Loops": 2,
                "Inner Unique": false,
                "Hash Cond": "(ci.movie_id = t.id)",
                "Plans": [
                  {
                    "Node Type": "Seq Scan",
                    "Parent Relationship": "Outer",
                    "Parallel Aware": true,
                    "Relation Name": "cast_info",
                    "Alias": "ci",
                    "Startup Cost": 0.0,
                    "Total Cost": 465792.95,
                    "Plan Rows": 21310595,
                    "Plan Width": 4,
                    "Actual Startup Time": 0.016,
                    "Actual Total Time": 1360.209,
                    "Actual Rows": 18122172,
                    "Actual Loops": 2
                  },
                  {
                    "Node Type": "Hash",
                    "Parent Relationship": "Inner",
                    "Parallel Aware": true,
                    "Startup Cost": 112774.07,
                    "Total Cost": 112774.07,
                    "Plan Rows": 662484,
                    "Plan Width": 8,
                    "Actual Startup Time": 980.462,
                    "Actual Total Time": 981.833,
                    "Actual Rows": 637123,
                    "Actual Loops": 2,
                    "Hash Buckets": 2097152,
                    "Original Hash Buckets": 2097152,
                    "Hash Batches": 1,
                    "Original Hash Batches": 1,
                    "Peak Memory Usage": 66272,
                    "Plans": [
                      {
                        "Node Type": "Hash Join",
                        "Parent Relationship": "Outer",
                        "Parallel Aware": true,
                        "Join Type": "Inner",
                        "Startup Cost": 69461.13,
                        "Total Cost": 112774.07,
                        "Plan Rows": 662484,
                        "Plan Width": 8,
                        "Actual Startup Time": 513.042,
                        "Actual Total Time": 828.863,
                        "Actual Rows": 637123,
                        "Actual Loops": 2,
                        "Inner Unique": true,
                        "Hash Cond": "(mc.movie_id = t.id)",
                        "Plans": [
                          {
                            "Node Type": "Index Scan",
                            "Parent Relationship": "Outer",
                            "Parallel Aware": true,
                            "Scan Direction": "Forward",
                            "Index Name": "company_type_id_movie_companies",
                            "Relation Name": "movie_companies",
                            "Alias": "mc",
                            "Startup Cost": 0.43,
                            "Total Cost": 41574.35,
                            "Plan Rows": 662484,
                            "Plan Width": 4,
                            "Actual Startup Time": 0.045,
                            "Actual Total Time": 120.085,
                            "Actual Rows": 637123,
                            "Actual Loops": 2,
                            "Index Cond": "(company_type_id = 1)",
                            "Rows Removed by Index Recheck": 0,
                            "Filter": "(company_id < 91457)",
                            "Rows Removed by Filter": 0
                          },
                          {
                            "Node Type": "Hash",
                            "Parent Relationship": "Inner",
                            "Parallel Aware": true,
                            "Startup Cost": 50870.31,
                            "Total Cost": 50870.31,
                            "Plan Rows": 1487231,
                            "Plan Width": 4,
                            "Actual Startup Time": 498.907,
                            "Actual Total Time": 498.908,
                            "Actual Rows": 1264156,
                            "Actual Loops": 2,
                            "Hash Buckets": 4194304,
                            "Original Hash Buckets": 4194304,
                            "Hash Batches": 1,
                            "Original Hash Batches": 1,
                            "Peak Memory Usage": 131712,
                            "Plans": [
                              {
                                "Node Type": "Seq Scan",
                                "Parent Relationship": "Outer",
                                "Parallel Aware": true,
                                "Relation Name": "title",
                                "Alias": "t",
                                "Startup Cost": 0.0,
                                "Total Cost": 50870.31,
                                "Plan Rows": 1487231,
                                "Plan Width": 4,
                                "Actual Startup Time": 0.049,
                                "Actual Total Time": 148.835,
                                "Actual Rows": 1264156,
                                "Actual Loops": 2
                              }
                            ]
                          }
                        ]
                      }
                    ]
                  }
                ]
              }
            ]
          }
        ]
      }
    ]
  },
  "Planning Time": 1.084,
  "Triggers": [],
  "Execution Time": 9225.143
}