[
  {
    "Plan": {
      "Node Type": "Aggregate",
      "Strategy": "Plain",
      "Partial Mode": "Finalize",
      "Parallel Aware": false,
      "Startup Cost": 94200.78,
      "Total Cost": 94200.79,
      "Plan Rows": 1,
      "Plan Width": 8,
      "Actual Startup Time": 556.274,
      "Actual Total Time": 577.862,
      "Actual Rows": 1,
      "Actual Loops": 1,
      "Plans": [
        {
          "Node Type": "Gather",
          "Parent Relationship": "Outer",
          "Parallel Aware": false,
          "Startup Cost": 94200.46,
          "Total Cost": 94200.77,
          "Plan Rows": 3,
          "Plan Width": 8,
          "Actual Startup Time": 540.458,
          "Actual Total Time": 577.853,
          "Actual Rows": 4,
          "Actual Loops": 1,
          "Workers Planned": 3,
          "Workers Launched": 3,
          "Single Copy": false,
          "Plans": [
            {
              "Node Type": "Aggregate",
              "Strategy": "Plain",
              "Partial Mode": "Partial",
              "Parent Relationship": "Outer",
              "Parallel Aware": false,
              "Startup Cost": 93200.46,
              "Total Cost": 93200.47,
              "Plan Rows": 1,
              "Plan Width": 8,
              "Actual Startup Time": 526.976,
              "Actual Total Time": 526.979,
              "Actual Rows": 1,
              "Actual Loops": 4,
              "Plans": [
                {
                  "Node Type": "Hash Join",
                  "Parent Relationship": "Outer",
                  "Parallel Aware": true,
                  "Join Type": "Inner",
                  "Startup Cost": 64830.6,
                  "Total Cost": 92645.02,
                  "Plan Rows": 222176,
                  "Plan Width": 0,
                  "Actual Startup Time": 389.575,
                  "Actual Total Time": 518.985,
                  "Actual Rows": 174028,
                  "Actual Loops": 4,
                  "Inner Unique": true,
                  "Hash Cond": "(mk.movie_id = t.id)",
                  "Plans": [
                    {
                      "Node Type": "Bitmap Heap Scan",
                      "Parent Relationship": "Outer",
                      "Parallel Aware": true,
                      "Relation Name": "movie_keyword",
                      "Alias": "mk",
                      "Startup Cost": 14610.22,
                      "Total Cost": 41841.43,
                      "Plan Rows": 222176,
                      "Plan Width": 4,
                      "Actual Startup Time": 40.582,
                      "Actual Total Time": 103.407,
                      "Actual Rows": 174028,
                      "Actual Loops": 4,
                      "Recheck Cond": "(keyword_id < 580)",
                      "Rows Removed by Index Recheck": 0,
                      "Exact Heap Blocks": 6198,
                      "Lossy Heap Blocks": 0,
                      "Plans": [
                        {
                          "Node Type": "Bitmap Index Scan",
                          "Parent Relationship": "Outer",
                          "Parallel Aware": false,
                          "Index Name": "keyword_id_movie_keyword",
                          "Startup Cost": 0.0,
                          "Total Cost": 14438.04,
                          "Plan Rows": 688747,
                          "Plan Width": 0,
                          "Actual Startup Time": 37.033,
                          "Actual Total Time": 37.034,
                          "Actual Rows": 696113,
                          "Actual Loops": 1,
                          "Index Cond": "(keyword_id < 580)"
                        }
                      ]
                    },
                    {
                      "Node Type": "Hash",
                      "Parent Relationship": "Inner",
                      "Parallel Aware": true,
                      "Startup Cost": 42319.06,
                      "Total Cost": 42319.06,
                      "Plan Rows": 632106,
                      "Plan Width": 4,
                      "Actual Startup Time": 341.068,
                      "Actual Total Time": 341.069,
                      "Actual Rows": 632078,
                      "Actual Loops": 4,
                      "Hash Buckets": 4194304,
                      "Original Hash Buckets": 4194304,
                      "Hash Batches": 1,
                      "Original Hash Batches": 1,
                      "Peak Memory Usage": 131744,
                      "Plans": [
                        {
                          "Node Type": "Seq Scan",
                          "Parent Relationship": "Outer",
                          "Parallel Aware": true,
                          "Relation Name": "title",
                          "Alias": "t",
                          "Startup Cost": 0.0,
                          "Total Cost": 42319.06,
                          "Plan Rows": 632106,
                          "Plan Width": 4,
                          "Actual Startup Time": 0.042,
                          "Actual Total Time": 96.594,
                          "Actual Rows": 632078,
                          "Actual Loops": 4
                        }
                      ]
                    }
                  ]
                }
              ]
            }
          ]
        }
      ]
    },
    "Planning Time": 0.241,
    "Triggers": [],
    "Execution Time": 577.907
  }
]