[
  {
    "Plan": {
      "Node Type": "Aggregate",
      "Strategy": "Plain",
      "Partial Mode": "Finalize",
      "Parallel Aware": false,
      "Startup Cost": 44908.94,
      "Total Cost": 44908.95,
      "Plan Rows": 1,
      "Plan Width": 8,
      "Actual Startup Time": 156.624,
      "Actual Total Time": 168.534,
      "Actual Rows": 1,
      "Actual Loops": 1,
      "Plans": [
        {
          "Node Type": "Gather",
          "Parent Relationship": "Outer",
          "Parallel Aware": false,
          "Startup Cost": 44908.62,
          "Total Cost": 44908.93,
          "Plan Rows": 3,
          "Plan Width": 8,
          "Actual Startup Time": 156.471,
          "Actual Total Time": 168.524,
          "Actual Rows": 4,
          "Actual Loops": 1,
          "Workers Planned": 3,
          "Workers Launched": 3,
          "Single Copy": false,
          "Plans": [
            {
              "Node Type": "Aggregate",
              "Strategy": "Plain",
              "Partial Mode": "Partial",
              "Parent Relationship": "Outer",
              "Parallel Aware": false,
              "Startup Cost": 43908.62,
              "Total Cost": 43908.63,
              "Plan Rows": 1,
              "Plan Width": 8,
              "Actual Startup Time": 149.178,
              "Actual Total Time": 149.18,
              "Actual Rows": 1,
              "Actual Loops": 4,
              "Plans": [
                {
                  "Node Type": "Seq Scan",
                  "Parent Relationship": "Outer",
                  "Parallel Aware": true,
                  "Relation Name": "movie_keyword",
                  "Alias": "mk",
                  "Startup Cost": 0.0,
                  "Total Cost": 42695.65,
                  "Plan Rows": 485187,
                  "Plan Width": 0,
                  "Actual Startup Time": 1.772,
                  "Actual Total Time": 127.209,
                  "Actual Rows": 372594,
                  "Actual Loops": 4,
                  "Filter": "(keyword_id > 10921)",
                  "Rows Removed by Filter": 758388
                }
              ]
            }
          ]
        }
      ]
    },
    "Planning Time": 0.185,
    "Triggers": [],
    "Execution Time": 168.59
  }
]