[
  {
    "Plan": {
      "Node Type": "Aggregate",
      "Strategy": "Plain",
      "Partial Mode": "Finalize",
      "Parallel Aware": false,
      "Startup Cost": 44890.88,
      "Total Cost": 44890.89,
      "Plan Rows": 1,
      "Plan Width": 8,
      "Actual Startup Time": 145.594,
      "Actual Total Time": 156.192,
      "Actual Rows": 1,
      "Actual Loops": 1,
      "Plans": [
        {
          "Node Type": "Gather",
          "Parent Relationship": "Outer",
          "Parallel Aware": false,
          "Startup Cost": 44890.57,
          "Total Cost": 44890.88,
          "Plan Rows": 3,
          "Plan Width": 8,
          "Actual Startup Time": 145.461,
          "Actual Total Time": 156.184,
          "Actual Rows": 4,
          "Actual Loops": 1,
          "Workers Planned": 3,
          "Workers Launched": 3,
          "Single Copy": false,
          "Plans": [
            {
              "Node Type": "Aggregate",
              "Strategy": "Plain",
              "Partial Mode": "Partial",
              "Parent Relationship": "Outer",
              "Parallel Aware": false,
              "Startup Cost": 43890.57,
              "Total Cost": 43890.58,
              "Plan Rows": 1,
              "Plan Width": 8,
              "Actual Startup Time": 137.307,
              "Actual Total Time": 137.308,
              "Actual Rows": 1,
              "Actual Loops": 4,
              "Plans": [
                {
                  "Node Type": "Seq Scan",
                  "Parent Relationship": "Outer",
                  "Parallel Aware": true,
                  "Relation Name": "movie_keyword",
                  "Alias": "mk",
                  "Startup Cost": 0.0,
                  "Total Cost": 42695.65,
                  "Plan Rows": 477965,
                  "Plan Width": 0,
                  "Actual Startup Time": 1.812,
                  "Actual Total Time": 117.538,
                  "Actual Rows": 372594,
                  "Actual Loops": 4,
                  "Filter": "(keyword_id > 10921)",
                  "Rows Removed by Filter": 758388
                }
              ]
            }
          ]
        }
      ]
    },
    "Planning Time": 0.16,
    "Triggers": [],
    "Execution Time": 156.245
  }
]