[
  {
    "Plan": {
      "Node Type": "Aggregate",
      "Strategy": "Plain",
      "Partial Mode": "Finalize",
      "Parallel Aware": false,
      "Startup Cost": 31593.66,
      "Total Cost": 31593.67,
      "Plan Rows": 1,
      "Plan Width": 8,
      "Actual Startup Time": 99.824,
      "Actual Total Time": 107.047,
      "Actual Rows": 1,
      "Actual Loops": 1,
      "Plans": [
        {
          "Node Type": "Gather",
          "Parent Relationship": "Outer",
          "Parallel Aware": false,
          "Startup Cost": 31593.34,
          "Total Cost": 31593.65,
          "Plan Rows": 3,
          "Plan Width": 8,
          "Actual Startup Time": 99.638,
          "Actual Total Time": 107.036,
          "Actual Rows": 4,
          "Actual Loops": 1,
          "Workers Planned": 3,
          "Workers Launched": 3,
          "Single Copy": false,
          "Plans": [
            {
              "Node Type": "Aggregate",
              "Strategy": "Plain",
              "Partial Mode": "Partial",
              "Parent Relationship": "Outer",
              "Parallel Aware": false,
              "Startup Cost": 30593.34,
              "Total Cost": 30593.35,
              "Plan Rows": 1,
              "Plan Width": 8,
              "Actual Startup Time": 94.774,
              "Actual Total Time": 94.775,
              "Actual Rows": 1,
              "Actual Loops": 4,
              "Plans": [
                {
                  "Node Type": "Seq Scan",
                  "Parent Relationship": "Outer",
                  "Parallel Aware": true,
                  "Relation Name": "movie_companies",
                  "Alias": "mc",
                  "Startup Cost": 0.0,
                  "Total Cost": 29310.68,
                  "Plan Rows": 513063,
                  "Plan Width": 0,
                  "Actual Startup Time": 3.278,
                  "Actual Total Time": 76.921,
                  "Actual Rows": 396807,
                  "Actual Loops": 4,
                  "Filter": "(company_id > 5409)",
                  "Rows Removed by Filter": 255475
                }
              ]
            }
          ]
        }
      ]
    },
    "Planning Time": 0.198,
    "Triggers": [],
    "Execution Time": 107.103
  }
]