[
  {
    "Plan": {
      "Node Type": "Aggregate",
      "Strategy": "Plain",
      "Partial Mode": "Finalize",
      "Parallel Aware": false,
      "Startup Cost": 81053.37,
      "Total Cost": 81053.38,
      "Plan Rows": 1,
      "Plan Width": 8,
      "Actual Startup Time": 394.757,
      "Actual Total Time": 409.464,
      "Actual Rows": 1,
      "Actual Loops": 1,
      "Plans": [
        {
          "Node Type": "Gather",
          "Parent Relationship": "Outer",
          "Parallel Aware": false,
          "Startup Cost": 81052.95,
          "Total Cost": 81053.36,
          "Plan Rows": 4,
          "Plan Width": 8,
          "Actual Startup Time": 389.705,
          "Actual Total Time": 409.455,
          "Actual Rows": 5,
          "Actual Loops": 1,
          "Workers Planned": 4,
          "Workers Launched": 4,
          "Single Copy": false,
          "Plans": [
            {
              "Node Type": "Aggregate",
              "Strategy": "Plain",
              "Partial Mode": "Partial",
              "Parent Relationship": "Outer",
              "Parallel Aware": false,
              "Startup Cost": 80052.95,
              "Total Cost": 80052.96,
              "Plan Rows": 1,
              "Plan Width": 8,
              "Actual Startup Time": 382.853,
              "Actual Total Time": 382.856,
              "Actual Rows": 1,
              "Actual Loops": 5,
              "Plans": [
                {
                  "Node Type": "Hash Join",
                  "Parent Relationship": "Outer",
                  "Parallel Aware": true,
                  "Join Type": "Inner",
                  "Startup Cost": 33194.94,
                  "Total Cost": 79450.89,
                  "Plan Rows": 240824,
                  "Plan Width": 0,
                  "Actual Startup Time": 135.814,
                  "Actual Total Time": 373.918,
                  "Actual Rows": 195025,
                  "Actual Loops": 5,
                  "Inner Unique": false,
                  "Hash Cond": "(t.id = mc.movie_id)",
                  "Plans": [
                    {
                      "Node Type": "Seq Scan",
                      "Parent Relationship": "Outer",
                      "Parallel Aware": true,
                      "Relation Name": "title",
                      "Alias": "t",
                      "Startup Cost": 0.0,
                      "Total Cost": 42318.73,
                      "Plan Rows": 632073,
                      "Plan Width": 4,
                      "Actual Startup Time": 0.01,
                      "Actual Total Time": 67.368,
                      "Actual Rows": 505662,
                      "Actual Loops": 5
                    },
                    {
                      "Node Type": "Hash",
                      "Parent Relationship": "Inner",
                      "Parallel Aware": true,
                      "Startup Cost": 29310.68,
                      "Total Cost": 29310.68,
                      "Plan Rows": 310741,
                      "Plan Width": 4,
                      "Actual Startup Time": 132.762,
                      "Actual Total Time": 132.763,
                      "Actual Rows": 195025,
                      "Actual Loops": 5,
                      "Hash Buckets": 1048576,
                      "Original Hash Buckets": 1048576,
                      "Hash Batches": 1,
                      "Original Hash Batches": 1,
                      "Peak Memory Usage": 46432,
                      "Plans": [
                        {
                          "Node Type": "Seq Scan",
                          "Parent Relationship": "Outer",
                          "Parallel Aware": true,
                          "Relation Name": "movie_companies",
                          "Alias": "mc",
                          "Startup Cost": 0.0,
                          "Total Cost": 29310.68,
                          "Plan Rows": 310741,
                          "Plan Width": 4,
                          "Actual Startup Time": 16.233,
                          "Actual Total Time": 69.112,
                          "Actual Rows": 195025,
                          "Actual Loops": 5,
                          "Filter": "(company_id > 17530)",
                          "Rows Removed by Filter": 326801
                        }
                      ]
                    }
                  ]
                }
              ]
            }
          ]
        }
      ]
    },
    "Planning Time": 0.333,
    "Triggers": [],
    "Execution Time": 409.506
  }
]