[
  {
    "Plan": {
      "Node Type": "Aggregate",
      "Strategy": "Plain",
      "Partial Mode": "Simple",
      "Parallel Aware": false,
      "Startup Cost": 17432.47,
      "Total Cost": 17432.48,
      "Plan Rows": 1,
      "Plan Width": 8,
      "Actual Startup Time": 12.465,
      "Actual Total Time": 12.467,
      "Actual Rows": 1,
      "Actual Loops": 1,
      "Plans": [
        {
          "Node Type": "Bitmap Heap Scan",
          "Parent Relationship": "Outer",
          "Parallel Aware": false,
          "Relation Name": "movie_keyword",
          "Alias": "mk",
          "Startup Cost": 182.16,
          "Total Cost": 17411.27,
          "Plan Rows": 8481,
          "Plan Width": 0,
          "Actual Startup Time": 2.313,
          "Actual Total Time": 11.369,
          "Actual Rows": 7116,
          "Actual Loops": 1,
          "Recheck Cond": "(keyword_id > 127608)",
          "Rows Removed by Index Recheck": 0,
          "Exact Heap Blocks": 2281,
          "Lossy Heap Blocks": 0,
          "Plans": [
            {
              "Node Type": "Bitmap Index Scan",
              "Parent Relationship": "Outer",
              "Parallel Aware": false,
              "Index Name": "keyword_id_movie_keyword",
              "Startup Cost": 0.0,
              "Total Cost": 180.04,
              "Plan Rows": 8481,
              "Plan Width": 0,
              "Actual Startup Time": 1.367,
              "Actual Total Time": 1.368,
              "Actual Rows": 7116,
              "Actual Loops": 1,
              "Index Cond": "(keyword_id > 127608)"
            }
          ]
        }
      ]
    },
    "Planning Time": 0.271,
    "Triggers": [],
    "Execution Time": 12.528
  }
]