[
  {
    "Plan": {
      "Node Type": "Aggregate",
      "Strategy": "Plain",
      "Partial Mode": "Finalize",
      "Parallel Aware": false,
      "Startup Cost": 46545.41,
      "Total Cost": 46545.42,
      "Plan Rows": 1,
      "Plan Width": 8,
      "Actual Startup Time": 93.75,
      "Actual Total Time": 105.729,
      "Actual Rows": 1,
      "Actual Loops": 1,
      "Plans": [
        {
          "Node Type": "Gather",
          "Parent Relationship": "Outer",
          "Parallel Aware": false,
          "Startup Cost": 46544.99,
          "Total Cost": 46545.4,
          "Plan Rows": 4,
          "Plan Width": 8,
          "Actual Startup Time": 93.605,
          "Actual Total Time": 105.721,
          "Actual Rows": 5,
          "Actual Loops": 1,
          "Workers Planned": 4,
          "Workers Launched": 4,
          "Single Copy": false,
          "Plans": [
            {
              "Node Type": "Aggregate",
              "Strategy": "Plain",
              "Partial Mode": "Partial",
              "Parent Relationship": "Outer",
              "Parallel Aware": false,
              "Startup Cost": 45544.99,
              "Total Cost": 45545.0,
              "Plan Rows": 1,
              "Plan Width": 8,
              "Actual Startup Time": 84.985,
              "Actual Total Time": 84.986,
              "Actual Rows": 1,
              "Actual Loops": 5,
              "Plans": [
                {
                  "Node Type": "Seq Scan",
                  "Parent Relationship": "Outer",
                  "Parallel Aware": true,
                  "Relation Name": "title",
                  "Alias": "t",
                  "Startup Cost": 0.0,
                  "Total Cost": 45479.1,
                  "Plan Rows": 26356,
                  "Plan Width": 0,
                  "Actual Startup Time": 1.308,
                  "Actual Total Time": 84.923,
                  "Actual Rows": 395,
                  "Actual Loops": 5,
                  "Filter": "((kind_id > 3) AND (production_year < 1950))",
                  "Rows Removed by Filter": 505268
                }
              ]
            }
          ]
        }
      ]
    },
    "Planning Time": 0.154,
    "Triggers": [],
    "Execution Time": 105.778
  }
]