[
  {
    "Plan": {
      "Node Type": "Aggregate",
      "Strategy": "Plain",
      "Partial Mode": "Finalize",
      "Parallel Aware": false,
      "Startup Cost": 53692.21,
      "Total Cost": 53692.22,
      "Plan Rows": 1,
      "Plan Width": 8,
      "Actual Startup Time": 97.891,
      "Actual Total Time": 111.397,
      "Actual Rows": 1,
      "Actual Loops": 1,
      "Plans": [
        {
          "Node Type": "Gather",
          "Parent Relationship": "Outer",
          "Parallel Aware": false,
          "Startup Cost": 53691.79,
          "Total Cost": 53692.2,
          "Plan Rows": 4,
          "Plan Width": 8,
          "Actual Startup Time": 97.797,
          "Actual Total Time": 111.389,
          "Actual Rows": 5,
          "Actual Loops": 1,
          "Workers Planned": 4,
          "Workers Launched": 4,
          "Single Copy": false,
          "Plans": [
            {
              "Node Type": "Aggregate",
              "Strategy": "Plain",
              "Partial Mode": "Partial",
              "Parent Relationship": "Outer",
              "Parallel Aware": false,
              "Startup Cost": 52691.79,
              "Total Cost": 52691.8,
              "Plan Rows": 1,
              "Plan Width": 8,
              "Actual Startup Time": 88.129,
              "Actual Total Time": 88.13,
              "Actual Rows": 1,
              "Actual Loops": 5,
              "Plans": [
                {
                  "Node Type": "Nested Loop",
                  "Parent Relationship": "Outer",
                  "Parallel Aware": false,
                  "Join Type": "Inner",
                  "Startup Cost": 0.43,
                  "Total Cost": 52690.3,
                  "Plan Rows": 595,
                  "Plan Width": 0,
                  "Actual Startup Time": 6.265,
                  "Actual Total Time": 88.037,
                  "Actual Rows": 924,
                  "Actual Loops": 5,
                  "Inner Unique": false,
                  "Plans": [
                    {
                      "Node Type": "Seq Scan",
                      "Parent Relationship": "Outer",
                      "Parallel Aware": true,
                      "Relation Name": "title",
                      "Alias": "t",
                      "Startup Cost": 0.0,
                      "Total Cost": 45479.1,
                      "Plan Rows": 1090,
                      "Plan Width": 4,
                      "Actual Startup Time": 2.179,
                      "Actual Total Time": 80.355,
                      "Actual Rows": 868,
                      "Actual Loops": 5,
                      "Filter": "((kind_id < 7) AND (production_year = 1961))",
                      "Rows Removed by Filter": 504795
                    },
                    {
                      "Node Type": "Index Only Scan",
                      "Parent Relationship": "Inner",
                      "Parallel Aware": false,
                      "Scan Direction": "Forward",
                      "Index Name": "movie_id_movie_info_idx",
                      "Relation Name": "movie_info_idx",
                      "Alias": "mi_idx",
                      "Startup Cost": 0.43,
                      "Total Cost": 6.59,
                      "Plan Rows": 3,
                      "Plan Width": 4,
                      "Actual Startup Time": 0.008,
                      "Actual Total Time": 0.008,
                      "Actual Rows": 1,
                      "Actual Loops": 4339,
                      "Index Cond": "(movie_id = t.id)",
                      "Rows Removed by Index Recheck": 0,
                      "Heap Fetches": 4619
                    }
                  ]
                }
              ]
            }
          ]
        }
      ]
    },
    "Planning Time": 0.594,
    "Triggers": [],
    "Execution Time": 111.466
  }
]