[
    {
        "Bao": {
            "Bao prediction": "NaN",
            "Bao recommended hint": "(no hint)"
        }
    },
    {
        "Plan": {
            "Node Type": "Aggregate",
            "Strategy": "Plain",
            "Partial Mode": "Finalize",
            "Parallel Aware": false,
            "Startup Cost": 275025.88,
            "Total Cost": 275025.89,
            "Plan Rows": 1,
            "Plan Width": 8,
            "Actual Startup Time": 50.704,
            "Actual Total Time": 54.402,
            "Actual Rows": 1,
            "Actual Loops": 1,
            "Output": [
                "count(*)"
            ],
            "Plans": [
                {
                    "Node Type": "Gather",
                    "Parent Relationship": "Outer",
                    "Parallel Aware": false,
                    "Startup Cost": 275025.36,
                    "Total Cost": 275025.87,
                    "Plan Rows": 5,
                    "Plan Width": 8,
                    "Actual Startup Time": 50.45,
                    "Actual Total Time": 54.394,
                    "Actual Rows": 6,
                    "Actual Loops": 1,
                    "Output": [
                        "(PARTIAL count(*))"
                    ],
                    "Workers Planned": 5,
                    "Workers Launched": 5,
                    "Single Copy": false,
                    "Plans": [
                        {
                            "Node Type": "Aggregate",
                            "Strategy": "Plain",
                            "Partial Mode": "Partial",
                            "Parent Relationship": "Outer",
                            "Parallel Aware": false,
                            "Startup Cost": 274025.36,
                            "Total Cost": 274025.37,
                            "Plan Rows": 1,
                            "Plan Width": 8,
                            "Actual Startup Time": 40.638,
                            "Actual Total Time": 40.639,
                            "Actual Rows": 1,
                            "Actual Loops": 6,
                            "Output": [
                                "PARTIAL count(*)"
                            ],
                            "Workers": [
                                {
                                    "Worker Number": 0,
                                    "Actual Startup Time": 38.014,
                                    "Actual Total Time": 38.015,
                                    "Actual Rows": 1,
                                    "Actual Loops": 1
                                },
                                {
                                    "Worker Number": 1,
                                    "Actual Startup Time": 37.944,
                                    "Actual Total Time": 37.946,
                                    "Actual Rows": 1,
                                    "Actual Loops": 1
                                },
                                {
                                    "Worker Number": 2,
                                    "Actual Startup Time": 38.999,
                                    "Actual Total Time": 39.0,
                                    "Actual Rows": 1,
                                    "Actual Loops": 1
                                },
                                {
                                    "Worker Number": 3,
                                    "Actual Startup Time": 39.22,
                                    "Actual Total Time": 39.223,
                                    "Actual Rows": 1,
                                    "Actual Loops": 1
                                },
                                {
                                    "Worker Number": 4,
                                    "Actual Startup Time": 39.589,
                                    "Actual Total Time": 39.59,
                                    "Actual Rows": 1,
                                    "Actual Loops": 1
                                }
                            ],
                            "Plans": [
                                {
                                    "Node Type": "Bitmap Heap Scan",
                                    "Parent Relationship": "Outer",
                                    "Parallel Aware": true,
                                    "Relation Name": "cast_info",
                                    "Schema": "public",
                                    "Alias": "ci",
                                    "Startup Cost": 6994.68,
                                    "Total Cost": 273867.03,
                                    "Plan Rows": 63332,
                                    "Plan Width": 0,
                                    "Actual Startup Time": 9.199,
                                    "Actual Total Time": 34.967,
                                    "Actual Rows": 56680,
                                    "Actual Loops": 6,
                                    "Recheck Cond": "(ci.person_id > 3999518)",
                                    "Rows Removed by Index Recheck": 0,
                                    "Exact Heap Blocks": 1785,
                                    "Lossy Heap Blocks": 0,
                                    "Workers": [
                                        {
                                            "Worker Number": 0,
                                            "Actual Startup Time": 6.695,
                                            "Actual Total Time": 33.079,
                                            "Actual Rows": 40390,
                                            "Actual Loops": 1
                                        },
                                        {
                                            "Worker Number": 1,
                                            "Actual Startup Time": 6.514,
                                            "Actual Total Time": 32.77,
                                            "Actual Rows": 41559,
                                            "Actual Loops": 1
                                        },
                                        {
                                            "Worker Number": 2,
                                            "Actual Startup Time": 7.545,
                                            "Actual Total Time": 33.819,
                                            "Actual Rows": 42890,
                                            "Actual Loops": 1
                                        },
                                        {
                                            "Worker Number": 3,
                                            "Actual Startup Time": 7.892,
                                            "Actual Total Time": 34.02,
                                            "Actual Rows": 41509,
                                            "Actual Loops": 1
                                        },
                                        {
                                            "Worker Number": 4,
                                            "Actual Startup Time": 8.139,
                                            "Actual Total Time": 34.257,
                                            "Actual Rows": 43813,
                                            "Actual Loops": 1
                                        }
                                    ],
                                    "Plans": [
                                        {
                                            "Node Type": "Bitmap Index Scan",
                                            "Parent Relationship": "Outer",
                                            "Parallel Aware": false,
                                            "Index Name": "person_id_cast_info",
                                            "Startup Cost": 0.0,
                                            "Total Cost": 6915.51,
                                            "Plan Rows": 316660,
                                            "Plan Width": 0,
                                            "Actual Startup Time": 17.461,
                                            "Actual Total Time": 17.461,
                                            "Actual Rows": 340080,
                                            "Actual Loops": 1,
                                            "Index Cond": "(ci.person_id > 3999518)"
                                        }
                                    ]
                                }
                            ]
                        }
                    ]
                }
            ]
        },
        "Planning Time": 283.974,
        "Triggers": [],
        "Execution Time": 54.459
    }
]