[
  {
    "Plan": {
      "Node Type": "Aggregate",
      "Strategy": "Plain",
      "Partial Mode": "Finalize",
      "Parallel Aware": false,
      "Startup Cost": 47093.81,
      "Total Cost": 47093.82,
      "Plan Rows": 1,
      "Plan Width": 8,
      "Actual Startup Time": 162.01,
      "Actual Total Time": 171.304,
      "Actual Rows": 1,
      "Actual Loops": 1,
      "Plans": [
        {
          "Node Type": "Gather",
          "Parent Relationship": "Outer",
          "Parallel Aware": false,
          "Startup Cost": 47093.49,
          "Total Cost": 47093.8,
          "Plan Rows": 3,
          "Plan Width": 8,
          "Actual Startup Time": 161.838,
          "Actual Total Time": 171.296,
          "Actual Rows": 4,
          "Actual Loops": 1,
          "Workers Planned": 3,
          "Workers Launched": 3,
          "Single Copy": false,
          "Plans": [
            {
              "Node Type": "Aggregate",
              "Strategy": "Plain",
              "Partial Mode": "Partial",
              "Parent Relationship": "Outer",
              "Parallel Aware": false,
              "Startup Cost": 46093.49,
              "Total Cost": 46093.5,
              "Plan Rows": 1,
              "Plan Width": 8,
              "Actual Startup Time": 158.152,
              "Actual Total Time": 158.153,
              "Actual Rows": 1,
              "Actual Loops": 4,
              "Plans": [
                {
                  "Node Type": "Seq Scan",
                  "Parent Relationship": "Outer",
                  "Parallel Aware": true,
                  "Relation Name": "movie_keyword",
                  "Alias": "mk",
                  "Startup Cost": 0.0,
                  "Total Cost": 42695.65,
                  "Plan Rows": 1359135,
                  "Plan Width": 0,
                  "Actual Startup Time": 0.03,
                  "Actual Total Time": 114.162,
                  "Actual Rows": 1052800,
                  "Actual Loops": 4,
                  "Filter": "(keyword_id < 52202)",
                  "Rows Removed by Filter": 78182
                }
              ]
            }
          ]
        }
      ]
    },
    "Planning Time": 0.168,
    "Triggers": [],
    "Execution Time": 171.363
  }
]