{
  "Plan": {
    "Node Type": "Aggregate",
    "Strategy": "Plain",
    "Partial Mode": "Finalize",
    "Parallel Aware": false,
    "Startup Cost": 126338.69,
    "Total Cost": 126338.7,
    "Plan Rows": 1,
    "Plan Width": 8,
    "Actual Startup Time": 758.987,
    "Actual Total Time": 804.909,
    "Actual Rows": 1,
    "Actual Loops": 1,
    "Plans": [
      {
        "Node Type": "Gather",
        "Parent Relationship": "Outer",
        "Parallel Aware": false,
        "Startup Cost": 126338.58,
        "Total Cost": 126338.69,
        "Plan Rows": 1,
        "Plan Width": 8,
        "Actual Startup Time": 757.222,
        "Actual Total Time": 804.899,
        "Actual Rows": 2,
        "Actual Loops": 1,
        "Workers Planned": 1,
        "Workers Launched": 1,
        "Single Copy": false,
        "Plans": [
          {
            "Node Type": "Aggregate",
            "Strategy": "Plain",
            "Partial Mode": "Partial",
            "Parent Relationship": "Outer",
            "Parallel Aware": false,
            "Startup Cost": 125338.58,
            "Total Cost": 125338.59,
            "Plan Rows": 1,
            "Plan Width": 8,
            "Actual Startup Time": 751.396,
            "Actual Total Time": 751.564,
            "Actual Rows": 1,
            "Actual Loops": 2,
            "Plans": [
              {
                "Node Type": "Nested Loop",
                "Parent Relationship": "Outer",
                "Parallel Aware": false,
                "Join Type": "Inner",
                "Startup Cost": 54825.26,
                "Total Cost": 125317.26,
                "Plan Rows": 8526,
                "Plan Width": 0,
                "Actual Startup Time": 188.309,
                "Actual Total Time": 744.578,
                "Actual Rows": 110252,
                "Actual Loops": 2,
                "Inner Unique": false,
                "Join Filter": "(t.id = mi.movie_id)",
                "Rows Removed by Join Filter": 0,
                "Plans": [
                  {
                    "Node Type": "Hash Join",
                    "Parent Relationship": "Outer",
                    "Parallel Aware": true,
                    "Join Type": "Inner",
                    "Startup Cost": 54824.83,
                    "Total Cost": 73609.15,
                    "Plan Rows": 16023,
                    "Plan Width": 8,
                    "Actual Startup Time": 188.138,
                    "Actual Total Time": 278.06,
                    "Actual Rows": 40549,
                    "Actual Loops": 2,
                    "Inner Unique": true,
                    "Hash Cond": "(mi_idx.movie_id = t.id)",
                    "Plans": [
                      {
                        "Node Type": "Seq Scan",
                        "Parent Relationship": "Outer",
                        "Parallel Aware": true,
                        "Relation Name": "movie_info_idx",
                        "Alias": "mi_idx",
                        "Startup Cost": 0.0,
                        "Total Cost": 18082.32,
                        "Plan Rows": 267429,
                        "Plan Width": 4,
                        "Actual Startup Time": 0.024,
                        "Actual Total Time": 61.515,
                        "Actual Rows": 229962,
                        "Actual Loops": 2,
                        "Filter": "(info_type_id = 99)",
                        "Rows Removed by Filter": 460055
                      },
                      {
                        "Node Type": "Hash",
                        "Parent Relationship": "Inner",
                        "Parallel Aware": true,
                        "Startup Cost": 53710.98,
                        "Total Cost": 53710.98,
                        "Plan Rows": 89108,
                        "Plan Width": 4,
                        "Actual Startup Time": 146.888,
                        "Actual Total Time": 146.889,
                        "Actual Rows": 145824,
                        "Actual Loops": 2,
                        "Hash Buckets": 524288,
                        "Original Hash Buckets": 262144,
                        "Hash Batches": 1,
                        "Original Hash Batches": 1,
                        "Peak Memory Usage": 17600,
                        "Plans": [
                          {
                            "Node Type": "Bitmap Heap Scan",
                            "Parent Relationship": "Outer",
                            "Parallel Aware": true,
                            "Relation Name": "title",
                            "Alias": "t",
                            "Startup Cost": 11860.72,
                            "Total Cost": 53710.98,
                            "Plan Rows": 89108,
                            "Plan Width": 4,
                            "Actual Startup Time": 36.583,
                            "Actual Total Time": 106.695,
                            "Actual Rows": 145824,
                            "Actual Loops": 2,
                            "Recheck Cond": "(kind_id = 1)",
                            "Rows Removed by Index Recheck": 0,
                            "Filter": "(production_year < 1985)",
                            "Rows Removed by Filter": 185588,
                            "Exact Heap Blocks": 9194,
                            "Lossy Heap Blocks": 0,
                            "Plans": [
                              {
                                "Node Type": "Bitmap Index Scan",
                                "Parent Relationship": "Outer",
                                "Parallel Aware": false,
                                "Index Name": "kind_id_title",
                                "Startup Cost": 0.0,
                                "Total Cost": 11822.85,
                                "Plan Rows": 663256,
                                "Plan Width": 0,
                                "Actual Startup Time": 37.097,
                                "Actual Total Time": 37.098,
                                "Actual Rows": 662825,
                                "Actual Loops": 1,
                                "Index Cond": "(kind_id = 1)"
                              }
                            ]
                          }
                        ]
                      }
                    ]
                  },
                  {
                    "Node Type": "Index Scan",
                    "Parent Relationship": "Inner",
                    "Parallel Aware": false,
                    "Scan Direction": "Forward",
                    "Index Name": "movie_id_movie_info",
                    "Relation Name": "movie_info",
                    "Alias": "mi",
                    "Startup Cost": 0.43,
                    "Total Cost": 3.18,
                    "Plan Rows": 4,
                    "Plan Width": 4,
                    "Actual Startup Time": 0.006,
                    "Actual Total Time": 0.011,
                    "Actual Rows": 3,
                    "Actual Loops": 81098,
                    "Index Cond": "(movie_id = mi_idx.movie_id)",
                    "Rows Removed by Index Recheck": 0,
                    "Filter": "(info_type_id = 7)",
                    "Rows Removed by Filter": 17
                  }
                ]
              }
            ]
          }
        ]
      }
    ]
  },
  "Planning Time": 0.994,
  "Triggers": [],
  "Execution Time": 805.021
}