{
  "Plan": {
    "Node Type": "Aggregate",
    "Strategy": "Plain",
    "Partial Mode": "Finalize",
    "Parallel Aware": false,
    "Startup Cost": 111491.98,
    "Total Cost": 111491.99,
    "Plan Rows": 1,
    "Plan Width": 8,
    "Actual Startup Time": 759.938,
    "Actual Total Time": 775.323,
    "Actual Rows": 1,
    "Actual Loops": 1,
    "Plans": [
      {
        "Node Type": "Gather",
        "Parent Relationship": "Outer",
        "Parallel Aware": false,
        "Startup Cost": 111491.87,
        "Total Cost": 111491.98,
        "Plan Rows": 1,
        "Plan Width": 8,
        "Actual Startup Time": 758.408,
        "Actual Total Time": 775.316,
        "Actual Rows": 2,
        "Actual Loops": 1,
        "Workers Planned": 1,
        "Workers Launched": 1,
        "Single Copy": false,
        "Plans": [
          {
            "Node Type": "Aggregate",
            "Strategy": "Plain",
            "Partial Mode": "Partial",
            "Parent Relationship": "Outer",
            "Parallel Aware": false,
            "Startup Cost": 110491.87,
            "Total Cost": 110491.88,
            "Plan Rows": 1,
            "Plan Width": 8,
            "Actual Startup Time": 752.597,
            "Actual Total Time": 752.601,
            "Actual Rows": 1,
            "Actual Loops": 2,
            "Plans": [
              {
                "Node Type": "Hash Join",
                "Parent Relationship": "Outer",
                "Parallel Aware": true,
                "Join Type": "Inner",
                "Startup Cost": 43832.88,
                "Total Cost": 109422.4,
                "Plan Rows": 427787,
                "Plan Width": 0,
                "Actual Startup Time": 242.053,
                "Actual Total Time": 736.445,
                "Actual Rows": 366182,
                "Actual Loops": 2,
                "Inner Unique": false,
                "Hash Cond": "(t.id = mc.movie_id)",
                "Plans": [
                  {
                    "Node Type": "Seq Scan",
                    "Parent Relationship": "Outer",
                    "Parallel Aware": true,
                    "Relation Name": "title",
                    "Alias": "t",
                    "Startup Cost": 0.0,
                    "Total Cost": 54588.39,
                    "Plan Rows": 1357558,
                    "Plan Width": 4,
                    "Actual Startup Time": 0.011,
                    "Actual Total Time": 157.263,
                    "Actual Rows": 1152354,
                    "Actual Loops": 2,
                    "Filter": "(production_year > 1944)",
                    "Rows Removed by Filter": 111802
                  },
                  {
                    "Node Type": "Hash",
                    "Parent Relationship": "Inner",
                    "Parallel Aware": true,
                    "Startup Cost": 37974.77,
                    "Total Cost": 37974.77,
                    "Plan Rows": 468649,
                    "Plan Width": 4,
                    "Actual Startup Time": 232.824,
                    "Actual Total Time": 232.825,
                    "Actual Rows": 405570,
                    "Actual Loops": 2,
                    "Hash Buckets": 1048576,
                    "Original Hash Buckets": 1048576,
                    "Hash Batches": 1,
                    "Original Hash Batches": 1,
                    "Peak Memory Usage": 39936,
                    "Plans": [
                      {
                        "Node Type": "Seq Scan",
                        "Parent Relationship": "Outer",
                        "Parallel Aware": true,
                        "Relation Name": "movie_companies",
                        "Alias": "mc",
                        "Startup Cost": 0.0,
                        "Total Cost": 37974.77,
                        "Plan Rows": 468649,
                        "Plan Width": 4,
                        "Actual Startup Time": 33.22,
                        "Actual Total Time": 128.467,
                        "Actual Rows": 405570,
                        "Actual Loops": 2,
                        "Filter": "(company_id > 29121)",
                        "Rows Removed by Filter": 898995
                      }
                    ]
                  }
                ]
              }
            ]
          }
        ]
      }
    ]
  },
  "Planning Time": 0.476,
  "Triggers": [],
  "Execution Time": 775.4
}