[
  {
    "Plan": {
      "Node Type": "Aggregate",
      "Strategy": "Plain",
      "Partial Mode": "Finalize",
      "Parallel Aware": false,
      "Startup Cost": 339014.01,
      "Total Cost": 339014.02,
      "Plan Rows": 1,
      "Plan Width": 8,
      "Actual Startup Time": 760.039,
      "Actual Total Time": 818.469,
      "Actual Rows": 1,
      "Actual Loops": 1,
      "Plans": [
        {
          "Node Type": "Gather",
          "Parent Relationship": "Outer",
          "Parallel Aware": false,
          "Startup Cost": 339013.39,
          "Total Cost": 339014.0,
          "Plan Rows": 6,
          "Plan Width": 8,
          "Actual Startup Time": 759.927,
          "Actual Total Time": 818.458,
          "Actual Rows": 7,
          "Actual Loops": 1,
          "Workers Planned": 6,
          "Workers Launched": 6,
          "Single Copy": false,
          "Plans": [
            {
              "Node Type": "Aggregate",
              "Strategy": "Plain",
              "Partial Mode": "Partial",
              "Parent Relationship": "Outer",
              "Parallel Aware": false,
              "Startup Cost": 338013.39,
              "Total Cost": 338013.4,
              "Plan Rows": 1,
              "Plan Width": 8,
              "Actual Startup Time": 751.554,
              "Actual Total Time": 751.555,
              "Actual Rows": 1,
              "Actual Loops": 7,
              "Plans": [
                {
                  "Node Type": "Seq Scan",
                  "Parent Relationship": "Outer",
                  "Parallel Aware": true,
                  "Relation Name": "cast_info",
                  "Alias": "ci",
                  "Startup Cost": 0.0,
                  "Total Cost": 328162.03,
                  "Plan Rows": 3940545,
                  "Plan Width": 0,
                  "Actual Startup Time": 140.896,
                  "Actual Total Time": 607.33,
                  "Actual Rows": 3381367,
                  "Actual Loops": 7,
                  "Filter": "(person_id > 1240092)",
                  "Rows Removed by Filter": 1796397
                }
              ]
            }
          ]
        }
      ]
    },
    "Planning Time": 0.202,
    "Triggers": [],
    "Execution Time": 818.542
  }
]