[
    {
        "Bao": {
            "Bao prediction": "NaN",
            "Bao recommended hint": "(no hint)"
        }
    },
    {
        "Plan": {
            "Node Type": "Aggregate",
            "Strategy": "Plain",
            "Partial Mode": "Finalize",
            "Parallel Aware": false,
            "Startup Cost": 323826.7,
            "Total Cost": 323826.71,
            "Plan Rows": 1,
            "Plan Width": 8,
            "Actual Startup Time": 1478.087,
            "Actual Total Time": 1510.203,
            "Actual Rows": 1,
            "Actual Loops": 1,
            "Output": [
                "count(*)"
            ],
            "Plans": [
                {
                    "Node Type": "Gather",
                    "Parent Relationship": "Outer",
                    "Parallel Aware": false,
                    "Startup Cost": 323826.17,
                    "Total Cost": 323826.68,
                    "Plan Rows": 5,
                    "Plan Width": 8,
                    "Actual Startup Time": 1450.921,
                    "Actual Total Time": 1510.191,
                    "Actual Rows": 6,
                    "Actual Loops": 1,
                    "Output": [
                        "(PARTIAL count(*))"
                    ],
                    "Workers Planned": 5,
                    "Workers Launched": 5,
                    "Single Copy": false,
                    "Plans": [
                        {
                            "Node Type": "Aggregate",
                            "Strategy": "Plain",
                            "Partial Mode": "Partial",
                            "Parent Relationship": "Outer",
                            "Parallel Aware": false,
                            "Startup Cost": 322826.17,
                            "Total Cost": 322826.18,
                            "Plan Rows": 1,
                            "Plan Width": 8,
                            "Actual Startup Time": 1437.67,
                            "Actual Total Time": 1437.936,
                            "Actual Rows": 1,
                            "Actual Loops": 6,
                            "Output": [
                                "PARTIAL count(*)"
                            ],
                            "Workers": [
                                {
                                    "Worker Number": 0,
                                    "Actual Startup Time": 1434.784,
                                    "Actual Total Time": 1434.788,
                                    "Actual Rows": 1,
                                    "Actual Loops": 1
                                },
                                {
                                    "Worker Number": 1,
                                    "Actual Startup Time": 1434.758,
                                    "Actual Total Time": 1434.762,
                                    "Actual Rows": 1,
                                    "Actual Loops": 1
                                },
                                {
                                    "Worker Number": 2,
                                    "Actual Startup Time": 1434.818,
                                    "Actual Total Time": 1434.822,
                                    "Actual Rows": 1,
                                    "Actual Loops": 1
                                },
                                {
                                    "Worker Number": 3,
                                    "Actual Startup Time": 1434.758,
                                    "Actual Total Time": 1434.764,
                                    "Actual Rows": 1,
                                    "Actual Loops": 1
                                },
                                {
                                    "Worker Number": 4,
                                    "Actual Startup Time": 1436.329,
                                    "Actual Total Time": 1436.334,
                                    "Actual Rows": 1,
                                    "Actual Loops": 1
                                }
                            ],
                            "Plans": [
                                {
                                    "Node Type": "Hash Join",
                                    "Parent Relationship": "Outer",
                                    "Parallel Aware": true,
                                    "Join Type": "Inner",
                                    "Startup Cost": 104136.62,
                                    "Total Cost": 317830.87,
                                    "Plan Rows": 1998121,
                                    "Plan Width": 0,
                                    "Actual Startup Time": 465.434,
                                    "Actual Total Time": 1323.911,
                                    "Actual Rows": 2242811,
                                    "Actual Loops": 6,
                                    "Inner Unique": false,
                                    "Hash Cond": "(mi.movie_id = t.id)",
                                    "Workers": [
                                        {
                                            "Worker Number": 0,
                                            "Actual Startup Time": 462.775,
                                            "Actual Total Time": 1325.277,
                                            "Actual Rows": 2629994,
                                            "Actual Loops": 1
                                        },
                                        {
                                            "Worker Number": 1,
                                            "Actual Startup Time": 462.852,
                                            "Actual Total Time": 1320.922,
                                            "Actual Rows": 1771410,
                                            "Actual Loops": 1
                                        },
                                        {
                                            "Worker Number": 2,
                                            "Actual Startup Time": 462.795,
                                            "Actual Total Time": 1326.331,
                                            "Actual Rows": 2605565,
                                            "Actual Loops": 1
                                        },
                                        {
                                            "Worker Number": 3,
                                            "Actual Startup Time": 462.85,
                                            "Actual Total Time": 1316.779,
                                            "Actual Rows": 1834017,
                                            "Actual Loops": 1
                                        },
                                        {
                                            "Worker Number": 4,
                                            "Actual Startup Time": 463.029,
                                            "Actual Total Time": 1319.989,
                                            "Actual Rows": 1805353,
                                            "Actual Loops": 1
                                        }
                                    ],
                                    "Plans": [
                                        {
                                            "Node Type": "Seq Scan",
                                            "Parent Relationship": "Outer",
                                            "Parallel Aware": true,
                                            "Relation Name": "movie_info",
                                            "Schema": "public",
                                            "Alias": "mi",
                                            "Startup Cost": 0.0,
                                            "Total Cost": 198880.74,
                                            "Plan Rows": 2231456,
                                            "Plan Width": 4,
                                            "Actual Startup Time": 0.029,
                                            "Actual Total Time": 348.548,
                                            "Actual Rows": 1868457,
                                            "Actual Loops": 6,
                                            "Output": [
                                                "mi.id",
                                                "mi.movie_id",
                                                "mi.info_type_id",
                                                "mi.info",
                                                "mi.note"
                                            ],
                                            "Filter": "(mi.info_type_id > 3)",
                                            "Rows Removed by Filter": 604163,
                                            "Workers": [
                                                {
                                                    "Worker Number": 0,
                                                    "Actual Startup Time": 0.026,
                                                    "Actual Total Time": 346.896,
                                                    "Actual Rows": 2191292,
                                                    "Actual Loops": 1
                                                },
                                                {
                                                    "Worker Number": 1,
                                                    "Actual Startup Time": 0.036,
                                                    "Actual Total Time": 368.548,
                                                    "Actual Rows": 1457894,
                                                    "Actual Loops": 1
                                                },
                                                {
                                                    "Worker Number": 2,
                                                    "Actual Startup Time": 0.03,
                                                    "Actual Total Time": 347.84,
                                                    "Actual Rows": 2186842,
                                                    "Actual Loops": 1
                                                },
                                                {
                                                    "Worker Number": 3,
                                                    "Actual Startup Time": 0.037,
                                                    "Actual Total Time": 362.451,
                                                    "Actual Rows": 1507794,
                                                    "Actual Loops": 1
                                                },
                                                {
                                                    "Worker Number": 4,
                                                    "Actual Startup Time": 0.036,
                                                    "Actual Total Time": 365.783,
                                                    "Actual Rows": 1436236,
                                                    "Actual Loops": 1
                                                }
                                            ]
                                        },
                                        {
                                            "Node Type": "Hash",
                                            "Parent Relationship": "Inner",
                                            "Parallel Aware": true,
                                            "Startup Cost": 95007.81,
                                            "Total Cost": 95007.81,
                                            "Plan Rows": 730305,
                                            "Plan Width": 8,
                                            "Actual Startup Time": 459.643,
                                            "Actual Total Time": 459.907,
                                            "Actual Rows": 183978,
                                            "Actual Loops": 6,
                                            "Output": [
                                                "t.id",
                                                "mk.movie_id"
                                            ],
                                            "Hash Buckets": 4194304,
                                            "Original Hash Buckets": 4194304,
                                            "Hash Batches": 1,
                                            "Original Hash Batches": 1,
                                            "Peak Memory Usage": 76064,
                                            "Workers": [
                                                {
                                                    "Worker Number": 0,
                                                    "Actual Startup Time": 461.69,
                                                    "Actual Total Time": 461.694,
                                                    "Actual Rows": 218545,
                                                    "Actual Loops": 1
                                                },
                                                {
                                                    "Worker Number": 1,
                                                    "Actual Startup Time": 461.671,
                                                    "Actual Total Time": 461.674,
                                                    "Actual Rows": 143116,
                                                    "Actual Loops": 1
                                                },
                                                {
                                                    "Worker Number": 2,
                                                    "Actual Startup Time": 461.563,
                                                    "Actual Total Time": 461.566,
                                                    "Actual Rows": 218123,
                                                    "Actual Loops": 1
                                                },
                                                {
                                                    "Worker Number": 3,
                                                    "Actual Startup Time": 461.652,
                                                    "Actual Total Time": 461.656,
                                                    "Actual Rows": 145804,
                                                    "Actual Loops": 1
                                                },
                                                {
                                                    "Worker Number": 4,
                                                    "Actual Startup Time": 461.838,
                                                    "Actual Total Time": 461.841,
                                                    "Actual Rows": 140043,
                                                    "Actual Loops": 1
                                                }
                                            ],
                                            "Plans": [
                                                {
                                                    "Node Type": "Hash Join",
                                                    "Parent Relationship": "Outer",
                                                    "Parallel Aware": true,
                                                    "Join Type": "Inner",
                                                    "Startup Cost": 49702.03,
                                                    "Total Cost": 95007.81,
                                                    "Plan Rows": 730305,
                                                    "Plan Width": 8,
                                                    "Actual Startup Time": 221.045,
                                                    "Actual Total Time": 393.48,
                                                    "Actual Rows": 183978,
                                                    "Actual Loops": 6,
                                                    "Output": [
                                                        "t.id",
                                                        "mk.movie_id"
                                                    ],
                                                    "Inner Unique": true,
                                                    "Hash Cond": "(mk.movie_id = t.id)",
                                                    "Workers": [
                                                        {
                                                            "Worker Number": 0,
                                                            "Actual Startup Time": 221.031,
                                                            "Actual Total Time": 392.981,
                                                            "Actual Rows": 218545,
                                                            "Actual Loops": 1
                                                        },
                                                        {
                                                            "Worker Number": 1,
                                                            "Actual Startup Time": 221.027,
                                                            "Actual Total Time": 393.302,
                                                            "Actual Rows": 143116,
                                                            "Actual Loops": 1
                                                        },
                                                        {
                                                            "Worker Number": 2,
                                                            "Actual Startup Time": 221.028,
                                                            "Actual Total Time": 393.183,
                                                            "Actual Rows": 218123,
                                                            "Actual Loops": 1
                                                        },
                                                        {
                                                            "Worker Number": 3,
                                                            "Actual Startup Time": 221.012,
                                                            "Actual Total Time": 392.937,
                                                            "Actual Rows": 145804,
                                                            "Actual Loops": 1
                                                        },
                                                        {
                                                            "Worker Number": 4,
                                                            "Actual Startup Time": 221.034,
                                                            "Actual Total Time": 393.814,
                                                            "Actual Rows": 140043,
                                                            "Actual Loops": 1
                                                        }
                                                    ],
                                                    "Plans": [
                                                        {
                                                            "Node Type": "Seq Scan",
                                                            "Parent Relationship": "Outer",
                                                            "Parallel Aware": true,
                                                            "Relation Name": "movie_keyword",
                                                            "Schema": "public",
                                                            "Alias": "mk",
                                                            "Startup Cost": 0.0,
                                                            "Total Cost": 42695.65,
                                                            "Plan Rows": 994334,
                                                            "Plan Width": 4,
                                                            "Actual Startup Time": 0.099,
                                                            "Actual Total Time": 90.822,
                                                            "Actual Rows": 513792,
                                                            "Actual Loops": 6,
                                                            "Output": [
                                                                "mk.id",
                                                                "mk.movie_id",
                                                                "mk.keyword_id"
                                                            ],
                                                            "Filter": "(mk.keyword_id > 2010)",
                                                            "Rows Removed by Filter": 240197,
                                                            "Workers": [
                                                                {
                                                                    "Worker Number": 0,
                                                                    "Actual Startup Time": 0.037,
                                                                    "Actual Total Time": 90.592,
                                                                    "Actual Rows": 611332,
                                                                    "Actual Loops": 1
                                                                },
                                                                {
                                                                    "Worker Number": 1,
                                                                    "Actual Startup Time": 0.06,
                                                                    "Actual Total Time": 93.433,
                                                                    "Actual Rows": 401795,
                                                                    "Actual Loops": 1
                                                                },
                                                                {
                                                                    "Worker Number": 2,
                                                                    "Actual Startup Time": 0.198,
                                                                    "Actual Total Time": 89.829,
                                                                    "Actual Rows": 603616,
                                                                    "Actual Loops": 1
                                                                },
                                                                {
                                                                    "Worker Number": 3,
                                                                    "Actual Startup Time": 0.203,
                                                                    "Actual Total Time": 93.631,
                                                                    "Actual Rows": 408779,
                                                                    "Actual Loops": 1
                                                                },
                                                                {
                                                                    "Worker Number": 4,
                                                                    "Actual Startup Time": 0.063,
                                                                    "Actual Total Time": 93.419,
                                                                    "Actual Rows": 399144,
                                                                    "Actual Loops": 1
                                                                }
                                                            ]
                                                        },
                                                        {
                                                            "Node Type": "Hash",
                                                            "Parent Relationship": "Inner",
                                                            "Parallel Aware": true,
                                                            "Startup Cost": 43899.01,
                                                            "Total Cost": 43899.01,
                                                            "Plan Rows": 464242,
                                                            "Plan Width": 4,
                                                            "Actual Startup Time": 218.749,
                                                            "Actual Total Time": 218.75,
                                                            "Actual Rows": 310914,
                                                            "Actual Loops": 6,
                                                            "Output": [
                                                                "t.id"
                                                            ],
                                                            "Hash Buckets": 2097152,
                                                            "Original Hash Buckets": 2097152,
                                                            "Hash Batches": 1,
                                                            "Original Hash Batches": 1,
                                                            "Peak Memory Usage": 89440,
                                                            "Workers": [
                                                                {
                                                                    "Worker Number": 0,
                                                                    "Actual Startup Time": 220.731,
                                                                    "Actual Total Time": 220.732,
                                                                    "Actual Rows": 336862,
                                                                    "Actual Loops": 1
                                                                },
                                                                {
                                                                    "Worker Number": 1,
                                                                    "Actual Startup Time": 220.701,
                                                                    "Actual Total Time": 220.702,
                                                                    "Actual Rows": 239438,
                                                                    "Actual Loops": 1
                                                                },
                                                                {
                                                                    "Worker Number": 2,
                                                                    "Actual Startup Time": 220.743,
                                                                    "Actual Total Time": 220.745,
                                                                    "Actual Rows": 339275,
                                                                    "Actual Loops": 1
                                                                },
                                                                {
                                                                    "Worker Number": 3,
                                                                    "Actual Startup Time": 220.739,
                                                                    "Actual Total Time": 220.74,
                                                                    "Actual Rows": 255144,
                                                                    "Actual Loops": 1
                                                                },
                                                                {
                                                                    "Worker Number": 4,
                                                                    "Actual Startup Time": 220.706,
                                                                    "Actual Total Time": 220.707,
                                                                    "Actual Rows": 235712,
                                                                    "Actual Loops": 1
                                                                }
                                                            ],
                                                            "Plans": [
                                                                {
                                                                    "Node Type": "Seq Scan",
                                                                    "Parent Relationship": "Outer",
                                                                    "Parallel Aware": true,
                                                                    "Relation Name": "title",
                                                                    "Schema": "public",
                                                                    "Alias": "t",
                                                                    "Startup Cost": 0.0,
                                                                    "Total Cost": 43899.01,
                                                                    "Plan Rows": 464242,
                                                                    "Plan Width": 4,
                                                                    "Actual Startup Time": 0.043,
                                                                    "Actual Total Time": 88.259,
                                                                    "Actual Rows": 310914,
                                                                    "Actual Loops": 6,
                                                                    "Output": [
                                                                        "t.id"
                                                                    ],
                                                                    "Filter": "(t.kind_id > 1)",
                                                                    "Rows Removed by Filter": 110471,
                                                                    "Workers": [
                                                                        {
                                                                            "Worker Number": 0,
                                                                            "Actual Startup Time": 0.051,
                                                                            "Actual Total Time": 89.191,
                                                                            "Actual Rows": 336862,
                                                                            "Actual Loops": 1
                                                                        },
                                                                        {
                                                                            "Worker Number": 1,
                                                                            "Actual Startup Time": 0.051,
                                                                            "Actual Total Time": 91.103,
                                                                            "Actual Rows": 239438,
                                                                            "Actual Loops": 1
                                                                        },
                                                                        {
                                                                            "Worker Number": 2,
                                                                            "Actual Startup Time": 0.03,
                                                                            "Actual Total Time": 89.041,
                                                                            "Actual Rows": 339275,
                                                                            "Actual Loops": 1
                                                                        },
                                                                        {
                                                                            "Worker Number": 3,
                                                                            "Actual Startup Time": 0.064,
                                                                            "Actual Total Time": 93.666,
                                                                            "Actual Rows": 255144,
                                                                            "Actual Loops": 1
                                                                        },
                                                                        {
                                                                            "Worker Number": 4,
                                                                            "Actual Startup Time": 0.048,
                                                                            "Actual Total Time": 90.557,
                                                                            "Actual Rows": 235712,
                                                                            "Actual Loops": 1
                                                                        }
                                                                    ]
                                                                }
                                                            ]
                                                        }
                                                    ]
                                                }
                                            ]
                                        }
                                    ]
                                }
                            ]
                        }
                    ]
                }
            ]
        },
        "Planning Time": 199.789,
        "Triggers": [],
        "Execution Time": 1510.275
    }
]