[
  {
    "Plan": {
      "Node Type": "Aggregate",
      "Strategy": "Plain",
      "Partial Mode": "Finalize",
      "Parallel Aware": false,
      "Startup Cost": 46501.13,
      "Total Cost": 46501.14,
      "Plan Rows": 1,
      "Plan Width": 8,
      "Actual Startup Time": 79.66,
      "Actual Total Time": 91.661,
      "Actual Rows": 1,
      "Actual Loops": 1,
      "Plans": [
        {
          "Node Type": "Gather",
          "Parent Relationship": "Outer",
          "Parallel Aware": false,
          "Startup Cost": 46500.71,
          "Total Cost": 46501.12,
          "Plan Rows": 4,
          "Plan Width": 8,
          "Actual Startup Time": 79.381,
          "Actual Total Time": 91.653,
          "Actual Rows": 5,
          "Actual Loops": 1,
          "Workers Planned": 4,
          "Workers Launched": 4,
          "Single Copy": false,
          "Plans": [
            {
              "Node Type": "Aggregate",
              "Strategy": "Plain",
              "Partial Mode": "Partial",
              "Parent Relationship": "Outer",
              "Parallel Aware": false,
              "Startup Cost": 45500.71,
              "Total Cost": 45500.72,
              "Plan Rows": 1,
              "Plan Width": 8,
              "Actual Startup Time": 74.459,
              "Actual Total Time": 74.461,
              "Actual Rows": 1,
              "Actual Loops": 5,
              "Plans": [
                {
                  "Node Type": "Seq Scan",
                  "Parent Relationship": "Outer",
                  "Parallel Aware": true,
                  "Relation Name": "title",
                  "Alias": "t",
                  "Startup Cost": 0.0,
                  "Total Cost": 45479.59,
                  "Plan Rows": 8448,
                  "Plan Width": 0,
                  "Actual Startup Time": 0.048,
                  "Actual Total Time": 73.869,
                  "Actual Rows": 7217,
                  "Actual Loops": 5,
                  "Filter": "((kind_id > 4) AND (production_year = 2000))",
                  "Rows Removed by Filter": 498445
                }
              ]
            }
          ]
        }
      ]
    },
    "Planning Time": 0.093,
    "Triggers": [],
    "Execution Time": 91.693
  }
]