[
    {
        "Bao": {
            "Bao prediction": "NaN",
            "Bao recommended hint": "(no hint)"
        }
    },
    {
        "Plan": {
            "Node Type": "Aggregate",
            "Strategy": "Plain",
            "Partial Mode": "Finalize",
            "Parallel Aware": false,
            "Startup Cost": 332020.4,
            "Total Cost": 332020.41,
            "Plan Rows": 1,
            "Plan Width": 8,
            "Actual Startup Time": 266.72,
            "Actual Total Time": 272.599,
            "Actual Rows": 1,
            "Actual Loops": 1,
            "Output": [
                "count(*)"
            ],
            "Plans": [
                {
                    "Node Type": "Gather",
                    "Parent Relationship": "Outer",
                    "Parallel Aware": false,
                    "Startup Cost": 332019.78,
                    "Total Cost": 332020.39,
                    "Plan Rows": 6,
                    "Plan Width": 8,
                    "Actual Startup Time": 265.785,
                    "Actual Total Time": 272.59,
                    "Actual Rows": 7,
                    "Actual Loops": 1,
                    "Output": [
                        "(PARTIAL count(*))"
                    ],
                    "Workers Planned": 6,
                    "Workers Launched": 6,
                    "Single Copy": false,
                    "Plans": [
                        {
                            "Node Type": "Aggregate",
                            "Strategy": "Plain",
                            "Partial Mode": "Partial",
                            "Parent Relationship": "Outer",
                            "Parallel Aware": false,
                            "Startup Cost": 331019.78,
                            "Total Cost": 331019.79,
                            "Plan Rows": 1,
                            "Plan Width": 8,
                            "Actual Startup Time": 255.719,
                            "Actual Total Time": 255.721,
                            "Actual Rows": 1,
                            "Actual Loops": 7,
                            "Output": [
                                "PARTIAL count(*)"
                            ],
                            "Workers": [
                                {
                                    "Worker Number": 0,
                                    "Actual Startup Time": 253.479,
                                    "Actual Total Time": 253.481,
                                    "Actual Rows": 1,
                                    "Actual Loops": 1
                                },
                                {
                                    "Worker Number": 1,
                                    "Actual Startup Time": 253.67,
                                    "Actual Total Time": 253.671,
                                    "Actual Rows": 1,
                                    "Actual Loops": 1
                                },
                                {
                                    "Worker Number": 2,
                                    "Actual Startup Time": 253.719,
                                    "Actual Total Time": 253.72,
                                    "Actual Rows": 1,
                                    "Actual Loops": 1
                                },
                                {
                                    "Worker Number": 3,
                                    "Actual Startup Time": 254.361,
                                    "Actual Total Time": 254.362,
                                    "Actual Rows": 1,
                                    "Actual Loops": 1
                                },
                                {
                                    "Worker Number": 4,
                                    "Actual Startup Time": 254.459,
                                    "Actual Total Time": 254.46,
                                    "Actual Rows": 1,
                                    "Actual Loops": 1
                                },
                                {
                                    "Worker Number": 5,
                                    "Actual Startup Time": 254.996,
                                    "Actual Total Time": 254.998,
                                    "Actual Rows": 1,
                                    "Actual Loops": 1
                                }
                            ],
                            "Plans": [
                                {
                                    "Node Type": "Bitmap Heap Scan",
                                    "Parent Relationship": "Outer",
                                    "Parallel Aware": true,
                                    "Relation Name": "cast_info",
                                    "Schema": "public",
                                    "Alias": "ci",
                                    "Startup Cost": 69892.02,
                                    "Total Cost": 330551.95,
                                    "Plan Rows": 187133,
                                    "Plan Width": 0,
                                    "Actual Startup Time": 119.044,
                                    "Actual Total Time": 237.63,
                                    "Actual Rows": 332204,
                                    "Actual Loops": 7,
                                    "Recheck Cond": "(ci.person_id < 312360)",
                                    "Rows Removed by Index Recheck": 0,
                                    "Filter": "(ci.role_id < 2)",
                                    "Rows Removed by Filter": 129296,
                                    "Exact Heap Blocks": 7054,
                                    "Lossy Heap Blocks": 0,
                                    "Workers": [
                                        {
                                            "Worker Number": 0,
                                            "Actual Startup Time": 116.725,
                                            "Actual Total Time": 235.295,
                                            "Actual Rows": 320113,
                                            "Actual Loops": 1
                                        },
                                        {
                                            "Worker Number": 1,
                                            "Actual Startup Time": 116.888,
                                            "Actual Total Time": 235.474,
                                            "Actual Rows": 320703,
                                            "Actual Loops": 1
                                        },
                                        {
                                            "Worker Number": 2,
                                            "Actual Startup Time": 117.233,
                                            "Actual Total Time": 236.259,
                                            "Actual Rows": 312656,
                                            "Actual Loops": 1
                                        },
                                        {
                                            "Worker Number": 3,
                                            "Actual Startup Time": 118.195,
                                            "Actual Total Time": 236.177,
                                            "Actual Rows": 319421,
                                            "Actual Loops": 1
                                        },
                                        {
                                            "Worker Number": 4,
                                            "Actual Startup Time": 117.84,
                                            "Actual Total Time": 237.094,
                                            "Actual Rows": 311301,
                                            "Actual Loops": 1
                                        },
                                        {
                                            "Worker Number": 5,
                                            "Actual Startup Time": 118.251,
                                            "Actual Total Time": 236.626,
                                            "Actual Rows": 236579,
                                            "Actual Loops": 1
                                        }
                                    ],
                                    "Plans": [
                                        {
                                            "Node Type": "Bitmap Index Scan",
                                            "Parent Relationship": "Outer",
                                            "Parallel Aware": false,
                                            "Index Name": "person_id_cast_info",
                                            "Startup Cost": 0.0,
                                            "Total Cost": 69611.32,
                                            "Plan Rows": 3189168,
                                            "Plan Width": 0,
                                            "Actual Startup Time": 122.803,
                                            "Actual Total Time": 122.804,
                                            "Actual Rows": 3230503,
                                            "Actual Loops": 1,
                                            "Index Cond": "(ci.person_id < 312360)"
                                        }
                                    ]
                                }
                            ]
                        }
                    ]
                }
            ]
        },
        "Planning Time": 179.562,
        "Triggers": [],
        "Execution Time": 272.667
    }
]