[
  {
    "Plan": {
      "Node Type": "Aggregate",
      "Strategy": "Plain",
      "Partial Mode": "Finalize",
      "Parallel Aware": false,
      "Startup Cost": 31686.18,
      "Total Cost": 31686.19,
      "Plan Rows": 1,
      "Plan Width": 8,
      "Actual Startup Time": 97.83,
      "Actual Total Time": 105.714,
      "Actual Rows": 1,
      "Actual Loops": 1,
      "Plans": [
        {
          "Node Type": "Gather",
          "Parent Relationship": "Outer",
          "Parallel Aware": false,
          "Startup Cost": 31685.86,
          "Total Cost": 31686.17,
          "Plan Rows": 3,
          "Plan Width": 8,
          "Actual Startup Time": 97.684,
          "Actual Total Time": 105.703,
          "Actual Rows": 4,
          "Actual Loops": 1,
          "Workers Planned": 3,
          "Workers Launched": 3,
          "Single Copy": false,
          "Plans": [
            {
              "Node Type": "Aggregate",
              "Strategy": "Plain",
              "Partial Mode": "Partial",
              "Parent Relationship": "Outer",
              "Parallel Aware": false,
              "Startup Cost": 30685.86,
              "Total Cost": 30685.87,
              "Plan Rows": 1,
              "Plan Width": 8,
              "Actual Startup Time": 93.255,
              "Actual Total Time": 93.256,
              "Actual Rows": 1,
              "Actual Loops": 4,
              "Plans": [
                {
                  "Node Type": "Seq Scan",
                  "Parent Relationship": "Outer",
                  "Parallel Aware": true,
                  "Relation Name": "movie_companies",
                  "Alias": "mc",
                  "Startup Cost": 0.0,
                  "Total Cost": 29310.68,
                  "Plan Rows": 550072,
                  "Plan Width": 0,
                  "Actual Startup Time": 1.231,
                  "Actual Total Time": 75.066,
                  "Actual Rows": 426500,
                  "Actual Loops": 4,
                  "Filter": "(company_id > 2927)",
                  "Rows Removed by Filter": 225782
                }
              ]
            }
          ]
        }
      ]
    },
    "Planning Time": 0.104,
    "Triggers": [],
    "Execution Time": 105.745
  }
]