[
  {
    "Plan": {
      "Node Type": "Aggregate",
      "Strategy": "Plain",
      "Partial Mode": "Finalize",
      "Parallel Aware": false,
      "Startup Cost": 31684.51,
      "Total Cost": 31684.52,
      "Plan Rows": 1,
      "Plan Width": 8,
      "Actual Startup Time": 101.164,
      "Actual Total Time": 109.065,
      "Actual Rows": 1,
      "Actual Loops": 1,
      "Plans": [
        {
          "Node Type": "Gather",
          "Parent Relationship": "Outer",
          "Parallel Aware": false,
          "Startup Cost": 31684.2,
          "Total Cost": 31684.51,
          "Plan Rows": 3,
          "Plan Width": 8,
          "Actual Startup Time": 101.079,
          "Actual Total Time": 109.057,
          "Actual Rows": 4,
          "Actual Loops": 1,
          "Workers Planned": 3,
          "Workers Launched": 3,
          "Single Copy": false,
          "Plans": [
            {
              "Node Type": "Aggregate",
              "Strategy": "Plain",
              "Partial Mode": "Partial",
              "Parent Relationship": "Outer",
              "Parallel Aware": false,
              "Startup Cost": 30684.2,
              "Total Cost": 30684.21,
              "Plan Rows": 1,
              "Plan Width": 8,
              "Actual Startup Time": 96.608,
              "Actual Total Time": 96.609,
              "Actual Rows": 1,
              "Actual Loops": 4,
              "Plans": [
                {
                  "Node Type": "Seq Scan",
                  "Parent Relationship": "Outer",
                  "Parallel Aware": true,
                  "Relation Name": "movie_companies",
                  "Alias": "mc",
                  "Startup Cost": 0.0,
                  "Total Cost": 29310.68,
                  "Plan Rows": 549406,
                  "Plan Width": 0,
                  "Actual Startup Time": 2.35,
                  "Actual Total Time": 77.967,
                  "Actual Rows": 426500,
                  "Actual Loops": 4,
                  "Filter": "(company_id > 2927)",
                  "Rows Removed by Filter": 225782
                }
              ]
            }
          ]
        }
      ]
    },
    "Planning Time": 0.185,
    "Triggers": [],
    "Execution Time": 109.12
  }
]