[
  {
    "Plan": {
      "Node Type": "Aggregate",
      "Strategy": "Plain",
      "Partial Mode": "Finalize",
      "Parallel Aware": false,
      "Startup Cost": 33181.44,
      "Total Cost": 33181.45,
      "Plan Rows": 1,
      "Plan Width": 8,
      "Actual Startup Time": 106.543,
      "Actual Total Time": 114.886,
      "Actual Rows": 1,
      "Actual Loops": 1,
      "Plans": [
        {
          "Node Type": "Gather",
          "Parent Relationship": "Outer",
          "Parallel Aware": false,
          "Startup Cost": 33181.12,
          "Total Cost": 33181.43,
          "Plan Rows": 3,
          "Plan Width": 8,
          "Actual Startup Time": 106.453,
          "Actual Total Time": 114.878,
          "Actual Rows": 4,
          "Actual Loops": 1,
          "Workers Planned": 3,
          "Workers Launched": 3,
          "Single Copy": false,
          "Plans": [
            {
              "Node Type": "Aggregate",
              "Strategy": "Plain",
              "Partial Mode": "Partial",
              "Parent Relationship": "Outer",
              "Parallel Aware": false,
              "Startup Cost": 32181.12,
              "Total Cost": 32181.13,
              "Plan Rows": 1,
              "Plan Width": 8,
              "Actual Startup Time": 99.996,
              "Actual Total Time": 99.997,
              "Actual Rows": 1,
              "Actual Loops": 4,
              "Plans": [
                {
                  "Node Type": "Seq Scan",
                  "Parent Relationship": "Outer",
                  "Parallel Aware": true,
                  "Relation Name": "movie_companies",
                  "Alias": "mc",
                  "Startup Cost": 0.0,
                  "Total Cost": 31414.82,
                  "Plan Rows": 306520,
                  "Plan Width": 0,
                  "Actual Startup Time": 49.182,
                  "Actual Total Time": 87.799,
                  "Actual Rows": 279917,
                  "Actual Loops": 4,
                  "Filter": "((company_id > 1427) AND (company_type_id > 1))",
                  "Rows Removed by Filter": 372365
                }
              ]
            }
          ]
        }
      ]
    },
    "Planning Time": 0.182,
    "Triggers": [],
    "Execution Time": 114.939
  }
]