[
  {
    "Plan": {
      "Node Type": "Aggregate",
      "Strategy": "Plain",
      "Partial Mode": "Finalize",
      "Parallel Aware": false,
      "Startup Cost": 45008.27,
      "Total Cost": 45008.28,
      "Plan Rows": 1,
      "Plan Width": 8,
      "Actual Startup Time": 123.889,
      "Actual Total Time": 133.19,
      "Actual Rows": 1,
      "Actual Loops": 1,
      "Plans": [
        {
          "Node Type": "Gather",
          "Parent Relationship": "Outer",
          "Parallel Aware": false,
          "Startup Cost": 45007.95,
          "Total Cost": 45008.26,
          "Plan Rows": 3,
          "Plan Width": 8,
          "Actual Startup Time": 123.793,
          "Actual Total Time": 133.181,
          "Actual Rows": 4,
          "Actual Loops": 1,
          "Workers Planned": 3,
          "Workers Launched": 3,
          "Single Copy": false,
          "Plans": [
            {
              "Node Type": "Aggregate",
              "Strategy": "Plain",
              "Partial Mode": "Partial",
              "Parent Relationship": "Outer",
              "Parallel Aware": false,
              "Startup Cost": 44007.95,
              "Total Cost": 44007.96,
              "Plan Rows": 1,
              "Plan Width": 8,
              "Actual Startup Time": 117.272,
              "Actual Total Time": 117.274,
              "Actual Rows": 1,
              "Actual Loops": 4,
              "Plans": [
                {
                  "Node Type": "Seq Scan",
                  "Parent Relationship": "Outer",
                  "Parallel Aware": true,
                  "Relation Name": "movie_keyword",
                  "Alias": "mk",
                  "Startup Cost": 0.0,
                  "Total Cost": 42695.65,
                  "Plan Rows": 524920,
                  "Plan Width": 0,
                  "Actual Startup Time": 0.396,
                  "Actual Total Time": 99.419,
                  "Actual Rows": 404019,
                  "Actual Loops": 4,
                  "Filter": "(keyword_id > 9343)",
                  "Rows Removed by Filter": 726964
                }
              ]
            }
          ]
        }
      ]
    },
    "Planning Time": 0.067,
    "Triggers": [],
    "Execution Time": 133.213
  }
]