[
  {
    "Plan": {
      "Node Type": "Aggregate",
      "Strategy": "Plain",
      "Partial Mode": "Finalize",
      "Parallel Aware": false,
      "Startup Cost": 44995.3,
      "Total Cost": 44995.31,
      "Plan Rows": 1,
      "Plan Width": 8,
      "Actual Startup Time": 141.84,
      "Actual Total Time": 152.507,
      "Actual Rows": 1,
      "Actual Loops": 1,
      "Plans": [
        {
          "Node Type": "Gather",
          "Parent Relationship": "Outer",
          "Parallel Aware": false,
          "Startup Cost": 44994.99,
          "Total Cost": 44995.3,
          "Plan Rows": 3,
          "Plan Width": 8,
          "Actual Startup Time": 141.558,
          "Actual Total Time": 152.497,
          "Actual Rows": 4,
          "Actual Loops": 1,
          "Workers Planned": 3,
          "Workers Launched": 3,
          "Single Copy": false,
          "Plans": [
            {
              "Node Type": "Aggregate",
              "Strategy": "Plain",
              "Partial Mode": "Partial",
              "Parent Relationship": "Outer",
              "Parallel Aware": false,
              "Startup Cost": 43994.99,
              "Total Cost": 43995.0,
              "Plan Rows": 1,
              "Plan Width": 8,
              "Actual Startup Time": 135.442,
              "Actual Total Time": 135.443,
              "Actual Rows": 1,
              "Actual Loops": 4,
              "Plans": [
                {
                  "Node Type": "Seq Scan",
                  "Parent Relationship": "Outer",
                  "Parallel Aware": true,
                  "Relation Name": "movie_keyword",
                  "Alias": "mk",
                  "Startup Cost": 0.0,
                  "Total Cost": 42695.65,
                  "Plan Rows": 519733,
                  "Plan Width": 0,
                  "Actual Startup Time": 1.19,
                  "Actual Total Time": 114.937,
                  "Actual Rows": 404019,
                  "Actual Loops": 4,
                  "Filter": "(keyword_id > 9343)",
                  "Rows Removed by Filter": 726964
                }
              ]
            }
          ]
        }
      ]
    },
    "Planning Time": 0.15,
    "Triggers": [],
    "Execution Time": 152.552
  }
]