[
    {
        "Bao": {
            "Bao prediction": "NaN",
            "Bao recommended hint": "(no hint)"
        }
    },
    {
        "Plan": {
            "Node Type": "Aggregate",
            "Strategy": "Plain",
            "Partial Mode": "Finalize",
            "Parallel Aware": false,
            "Startup Cost": 409166.78,
            "Total Cost": 409166.79,
            "Plan Rows": 1,
            "Plan Width": 8,
            "Actual Startup Time": 1316.845,
            "Actual Total Time": 1341.754,
            "Actual Rows": 1,
            "Actual Loops": 1,
            "Output": [
                "count(*)"
            ],
            "Plans": [
                {
                    "Node Type": "Gather",
                    "Parent Relationship": "Outer",
                    "Parallel Aware": false,
                    "Startup Cost": 409166.15,
                    "Total Cost": 409166.76,
                    "Plan Rows": 6,
                    "Plan Width": 8,
                    "Actual Startup Time": 1313.282,
                    "Actual Total Time": 1341.745,
                    "Actual Rows": 7,
                    "Actual Loops": 1,
                    "Output": [
                        "(PARTIAL count(*))"
                    ],
                    "Workers Planned": 6,
                    "Workers Launched": 6,
                    "Single Copy": false,
                    "Plans": [
                        {
                            "Node Type": "Aggregate",
                            "Strategy": "Plain",
                            "Partial Mode": "Partial",
                            "Parent Relationship": "Outer",
                            "Parallel Aware": false,
                            "Startup Cost": 408166.15,
                            "Total Cost": 408166.16,
                            "Plan Rows": 1,
                            "Plan Width": 8,
                            "Actual Startup Time": 1302.196,
                            "Actual Total Time": 1302.269,
                            "Actual Rows": 1,
                            "Actual Loops": 7,
                            "Output": [
                                "PARTIAL count(*)"
                            ],
                            "Workers": [
                                {
                                    "Worker Number": 0,
                                    "Actual Startup Time": 1300.411,
                                    "Actual Total Time": 1300.415,
                                    "Actual Rows": 1,
                                    "Actual Loops": 1
                                },
                                {
                                    "Worker Number": 1,
                                    "Actual Startup Time": 1300.114,
                                    "Actual Total Time": 1300.119,
                                    "Actual Rows": 1,
                                    "Actual Loops": 1
                                },
                                {
                                    "Worker Number": 2,
                                    "Actual Startup Time": 1300.114,
                                    "Actual Total Time": 1300.118,
                                    "Actual Rows": 1,
                                    "Actual Loops": 1
                                },
                                {
                                    "Worker Number": 3,
                                    "Actual Startup Time": 1300.361,
                                    "Actual Total Time": 1300.366,
                                    "Actual Rows": 1,
                                    "Actual Loops": 1
                                },
                                {
                                    "Worker Number": 4,
                                    "Actual Startup Time": 1301.041,
                                    "Actual Total Time": 1301.047,
                                    "Actual Rows": 1,
                                    "Actual Loops": 1
                                },
                                {
                                    "Worker Number": 5,
                                    "Actual Startup Time": 1300.487,
                                    "Actual Total Time": 1300.492,
                                    "Actual Rows": 1,
                                    "Actual Loops": 1
                                }
                            ],
                            "Plans": [
                                {
                                    "Node Type": "Hash Join",
                                    "Parent Relationship": "Outer",
                                    "Parallel Aware": true,
                                    "Join Type": "Inner",
                                    "Startup Cost": 63620.12,
                                    "Total Cost": 406785.23,
                                    "Plan Rows": 552371,
                                    "Plan Width": 0,
                                    "Actual Startup Time": 191.008,
                                    "Actual Total Time": 1255.262,
                                    "Actual Rows": 1168992,
                                    "Actual Loops": 7,
                                    "Inner Unique": false,
                                    "Hash Cond": "(ci.movie_id = t.id)",
                                    "Workers": [
                                        {
                                            "Worker Number": 0,
                                            "Actual Startup Time": 189.253,
                                            "Actual Total Time": 1253.458,
                                            "Actual Rows": 1151079,
                                            "Actual Loops": 1
                                        },
                                        {
                                            "Worker Number": 1,
                                            "Actual Startup Time": 189.036,
                                            "Actual Total Time": 1253.515,
                                            "Actual Rows": 1141768,
                                            "Actual Loops": 1
                                        },
                                        {
                                            "Worker Number": 2,
                                            "Actual Startup Time": 188.994,
                                            "Actual Total Time": 1252.908,
                                            "Actual Rows": 1155817,
                                            "Actual Loops": 1
                                        },
                                        {
                                            "Worker Number": 3,
                                            "Actual Startup Time": 189.267,
                                            "Actual Total Time": 1254.385,
                                            "Actual Rows": 1126747,
                                            "Actual Loops": 1
                                        },
                                        {
                                            "Worker Number": 4,
                                            "Actual Startup Time": 189.398,
                                            "Actual Total Time": 1254.687,
                                            "Actual Rows": 1162066,
                                            "Actual Loops": 1
                                        },
                                        {
                                            "Worker Number": 5,
                                            "Actual Startup Time": 189.37,
                                            "Actual Total Time": 1254.061,
                                            "Actual Rows": 1160946,
                                            "Actual Loops": 1
                                        }
                                    ],
                                    "Plans": [
                                        {
                                            "Node Type": "Seq Scan",
                                            "Parent Relationship": "Outer",
                                            "Parallel Aware": true,
                                            "Relation Name": "cast_info",
                                            "Schema": "public",
                                            "Alias": "ci",
                                            "Startup Cost": 0.0,
                                            "Total Cost": 328213.62,
                                            "Plan Rows": 3373321,
                                            "Plan Width": 4,
                                            "Actual Startup Time": 0.027,
                                            "Actual Total Time": 600.412,
                                            "Actual Rows": 2874666,
                                            "Actual Loops": 7,
                                            "Output": [
                                                "ci.id",
                                                "ci.person_id",
                                                "ci.movie_id",
                                                "ci.person_role_id",
                                                "ci.note",
                                                "ci.nr_order",
                                                "ci.role_id"
                                            ],
                                            "Filter": "(ci.role_id < 3)",
                                            "Rows Removed by Filter": 2303098,
                                            "Workers": [
                                                {
                                                    "Worker Number": 0,
                                                    "Actual Startup Time": 0.029,
                                                    "Actual Total Time": 601.938,
                                                    "Actual Rows": 2812144,
                                                    "Actual Loops": 1
                                                },
                                                {
                                                    "Worker Number": 1,
                                                    "Actual Startup Time": 0.027,
                                                    "Actual Total Time": 597.817,
                                                    "Actual Rows": 2773501,
                                                    "Actual Loops": 1
                                                },
                                                {
                                                    "Worker Number": 2,
                                                    "Actual Startup Time": 0.031,
                                                    "Actual Total Time": 600.6,
                                                    "Actual Rows": 2809564,
                                                    "Actual Loops": 1
                                                },
                                                {
                                                    "Worker Number": 3,
                                                    "Actual Startup Time": 0.033,
                                                    "Actual Total Time": 606.475,
                                                    "Actual Rows": 2799783,
                                                    "Actual Loops": 1
                                                },
                                                {
                                                    "Worker Number": 4,
                                                    "Actual Startup Time": 0.032,
                                                    "Actual Total Time": 607.965,
                                                    "Actual Rows": 2867009,
                                                    "Actual Loops": 1
                                                },
                                                {
                                                    "Worker Number": 5,
                                                    "Actual Startup Time": 0.027,
                                                    "Actual Total Time": 605.789,
                                                    "Actual Rows": 2845516,
                                                    "Actual Loops": 1
                                                }
                                            ]
                                        },
                                        {
                                            "Node Type": "Hash",
                                            "Parent Relationship": "Inner",
                                            "Parallel Aware": true,
                                            "Startup Cost": 61463.84,
                                            "Total Cost": 61463.84,
                                            "Plan Rows": 172502,
                                            "Plan Width": 8,
                                            "Actual Startup Time": 189.153,
                                            "Actual Total Time": 189.224,
                                            "Actual Rows": 72118,
                                            "Actual Loops": 7,
                                            "Output": [
                                                "t.id",
                                                "mi_idx.movie_id"
                                            ],
                                            "Hash Buckets": 524288,
                                            "Original Hash Buckets": 524288,
                                            "Hash Batches": 1,
                                            "Original Hash Batches": 1,
                                            "Peak Memory Usage": 23936,
                                            "Workers": [
                                                {
                                                    "Worker Number": 0,
                                                    "Actual Startup Time": 188.402,
                                                    "Actual Total Time": 188.406,
                                                    "Actual Rows": 70281,
                                                    "Actual Loops": 1
                                                },
                                                {
                                                    "Worker Number": 1,
                                                    "Actual Startup Time": 188.011,
                                                    "Actual Total Time": 188.014,
                                                    "Actual Rows": 70339,
                                                    "Actual Loops": 1
                                                },
                                                {
                                                    "Worker Number": 2,
                                                    "Actual Startup Time": 188.103,
                                                    "Actual Total Time": 188.107,
                                                    "Actual Rows": 70592,
                                                    "Actual Loops": 1
                                                },
                                                {
                                                    "Worker Number": 3,
                                                    "Actual Startup Time": 188.398,
                                                    "Actual Total Time": 188.401,
                                                    "Actual Rows": 71143,
                                                    "Actual Loops": 1
                                                },
                                                {
                                                    "Worker Number": 4,
                                                    "Actual Startup Time": 188.435,
                                                    "Actual Total Time": 188.439,
                                                    "Actual Rows": 71417,
                                                    "Actual Loops": 1
                                                },
                                                {
                                                    "Worker Number": 5,
                                                    "Actual Startup Time": 188.465,
                                                    "Actual Total Time": 188.469,
                                                    "Actual Rows": 71524,
                                                    "Actual Loops": 1
                                                }
                                            ],
                                            "Plans": [
                                                {
                                                    "Node Type": "Hash Join",
                                                    "Parent Relationship": "Outer",
                                                    "Parallel Aware": true,
                                                    "Join Type": "Inner",
                                                    "Startup Cost": 46269.28,
                                                    "Total Cost": 61463.84,
                                                    "Plan Rows": 172502,
                                                    "Plan Width": 8,
                                                    "Actual Startup Time": 116.528,
                                                    "Actual Total Time": 170.77,
                                                    "Actual Rows": 72118,
                                                    "Actual Loops": 7,
                                                    "Output": [
                                                        "t.id",
                                                        "mi_idx.movie_id"
                                                    ],
                                                    "Inner Unique": true,
                                                    "Hash Cond": "(mi_idx.movie_id = t.id)",
                                                    "Workers": [
                                                        {
                                                            "Worker Number": 0,
                                                            "Actual Startup Time": 115.793,
                                                            "Actual Total Time": 169.877,
                                                            "Actual Rows": 70281,
                                                            "Actual Loops": 1
                                                        },
                                                        {
                                                            "Worker Number": 1,
                                                            "Actual Startup Time": 115.316,
                                                            "Actual Total Time": 170.314,
                                                            "Actual Rows": 70339,
                                                            "Actual Loops": 1
                                                        },
                                                        {
                                                            "Worker Number": 2,
                                                            "Actual Startup Time": 115.542,
                                                            "Actual Total Time": 169.821,
                                                            "Actual Rows": 70592,
                                                            "Actual Loops": 1
                                                        },
                                                        {
                                                            "Worker Number": 3,
                                                            "Actual Startup Time": 115.675,
                                                            "Actual Total Time": 170.014,
                                                            "Actual Rows": 71143,
                                                            "Actual Loops": 1
                                                        },
                                                        {
                                                            "Worker Number": 4,
                                                            "Actual Startup Time": 115.95,
                                                            "Actual Total Time": 169.84,
                                                            "Actual Rows": 71417,
                                                            "Actual Loops": 1
                                                        },
                                                        {
                                                            "Worker Number": 5,
                                                            "Actual Startup Time": 115.688,
                                                            "Actual Total Time": 169.914,
                                                            "Actual Rows": 71524,
                                                            "Actual Loops": 1
                                                        }
                                                    ],
                                                    "Plans": [
                                                        {
                                                            "Node Type": "Seq Scan",
                                                            "Parent Relationship": "Outer",
                                                            "Parallel Aware": true,
                                                            "Relation Name": "movie_info_idx",
                                                            "Schema": "public",
                                                            "Alias": "mi_idx",
                                                            "Startup Cost": 0.0,
                                                            "Total Cost": 13685.15,
                                                            "Plan Rows": 575015,
                                                            "Plan Width": 4,
                                                            "Actual Startup Time": 0.023,
                                                            "Actual Total Time": 18.134,
                                                            "Actual Rows": 197148,
                                                            "Actual Loops": 7,
                                                            "Output": [
                                                                "mi_idx.id",
                                                                "mi_idx.movie_id",
                                                                "mi_idx.info_type_id",
                                                                "mi_idx.info",
                                                                "mi_idx.note"
                                                            ],
                                                            "Workers": [
                                                                {
                                                                    "Worker Number": 0,
                                                                    "Actual Startup Time": 0.029,
                                                                    "Actual Total Time": 18.662,
                                                                    "Actual Rows": 191498,
                                                                    "Actual Loops": 1
                                                                },
                                                                {
                                                                    "Worker Number": 1,
                                                                    "Actual Startup Time": 0.022,
                                                                    "Actual Total Time": 18.729,
                                                                    "Actual Rows": 192558,
                                                                    "Actual Loops": 1
                                                                },
                                                                {
                                                                    "Worker Number": 2,
                                                                    "Actual Startup Time": 0.025,
                                                                    "Actual Total Time": 18.71,
                                                                    "Actual Rows": 192639,
                                                                    "Actual Loops": 1
                                                                },
                                                                {
                                                                    "Worker Number": 3,
                                                                    "Actual Startup Time": 0.028,
                                                                    "Actual Total Time": 18.614,
                                                                    "Actual Rows": 194977,
                                                                    "Actual Loops": 1
                                                                },
                                                                {
                                                                    "Worker Number": 4,
                                                                    "Actual Startup Time": 0.025,
                                                                    "Actual Total Time": 18.616,
                                                                    "Actual Rows": 196845,
                                                                    "Actual Loops": 1
                                                                },
                                                                {
                                                                    "Worker Number": 5,
                                                                    "Actual Startup Time": 0.026,
                                                                    "Actual Total Time": 18.627,
                                                                    "Actual Rows": 196027,
                                                                    "Actual Loops": 1
                                                                }
                                                            ]
                                                        },
                                                        {
                                                            "Node Type": "Hash",
                                                            "Parent Relationship": "Inner",
                                                            "Parallel Aware": true,
                                                            "Startup Cost": 43899.01,
                                                            "Total Cost": 43899.01,
                                                            "Plan Rows": 189622,
                                                            "Plan Width": 4,
                                                            "Actual Startup Time": 115.212,
                                                            "Actual Total Time": 115.213,
                                                            "Actual Rows": 107986,
                                                            "Actual Loops": 7,
                                                            "Output": [
                                                                "t.id"
                                                            ],
                                                            "Hash Buckets": 1048576,
                                                            "Original Hash Buckets": 1048576,
                                                            "Hash Batches": 1,
                                                            "Original Hash Batches": 1,
                                                            "Peak Memory Usage": 37888,
                                                            "Workers": [
                                                                {
                                                                    "Worker Number": 0,
                                                                    "Actual Startup Time": 115.497,
                                                                    "Actual Total Time": 115.498,
                                                                    "Actual Rows": 98559,
                                                                    "Actual Loops": 1
                                                                },
                                                                {
                                                                    "Worker Number": 1,
                                                                    "Actual Startup Time": 115.178,
                                                                    "Actual Total Time": 115.179,
                                                                    "Actual Rows": 96040,
                                                                    "Actual Loops": 1
                                                                },
                                                                {
                                                                    "Worker Number": 2,
                                                                    "Actual Startup Time": 115.209,
                                                                    "Actual Total Time": 115.211,
                                                                    "Actual Rows": 97604,
                                                                    "Actual Loops": 1
                                                                },
                                                                {
                                                                    "Worker Number": 3,
                                                                    "Actual Startup Time": 115.536,
                                                                    "Actual Total Time": 115.537,
                                                                    "Actual Rows": 97690,
                                                                    "Actual Loops": 1
                                                                },
                                                                {
                                                                    "Worker Number": 4,
                                                                    "Actual Startup Time": 115.51,
                                                                    "Actual Total Time": 115.512,
                                                                    "Actual Rows": 100276,
                                                                    "Actual Loops": 1
                                                                },
                                                                {
                                                                    "Worker Number": 5,
                                                                    "Actual Startup Time": 115.59,
                                                                    "Actual Total Time": 115.591,
                                                                    "Actual Rows": 98765,
                                                                    "Actual Loops": 1
                                                                }
                                                            ],
                                                            "Plans": [
                                                                {
                                                                    "Node Type": "Seq Scan",
                                                                    "Parent Relationship": "Outer",
                                                                    "Parallel Aware": true,
                                                                    "Relation Name": "title",
                                                                    "Schema": "public",
                                                                    "Alias": "t",
                                                                    "Startup Cost": 0.0,
                                                                    "Total Cost": 43899.01,
                                                                    "Plan Rows": 189622,
                                                                    "Plan Width": 4,
                                                                    "Actual Startup Time": 0.05,
                                                                    "Actual Total Time": 69.796,
                                                                    "Actual Rows": 107986,
                                                                    "Actual Loops": 7,
                                                                    "Output": [
                                                                        "t.id"
                                                                    ],
                                                                    "Filter": "(t.production_year < 1993)",
                                                                    "Rows Removed by Filter": 253201,
                                                                    "Workers": [
                                                                        {
                                                                            "Worker Number": 0,
                                                                            "Actual Startup Time": 0.066,
                                                                            "Actual Total Time": 70.707,
                                                                            "Actual Rows": 98559,
                                                                            "Actual Loops": 1
                                                                        },
                                                                        {
                                                                            "Worker Number": 1,
                                                                            "Actual Startup Time": 0.047,
                                                                            "Actual Total Time": 70.322,
                                                                            "Actual Rows": 96040,
                                                                            "Actual Loops": 1
                                                                        },
                                                                        {
                                                                            "Worker Number": 2,
                                                                            "Actual Startup Time": 0.048,
                                                                            "Actual Total Time": 70.424,
                                                                            "Actual Rows": 97604,
                                                                            "Actual Loops": 1
                                                                        },
                                                                        {
                                                                            "Worker Number": 3,
                                                                            "Actual Startup Time": 0.024,
                                                                            "Actual Total Time": 70.879,
                                                                            "Actual Rows": 97690,
                                                                            "Actual Loops": 1
                                                                        },
                                                                        {
                                                                            "Worker Number": 4,
                                                                            "Actual Startup Time": 0.042,
                                                                            "Actual Total Time": 71.413,
                                                                            "Actual Rows": 100276,
                                                                            "Actual Loops": 1
                                                                        },
                                                                        {
                                                                            "Worker Number": 5,
                                                                            "Actual Startup Time": 0.113,
                                                                            "Actual Total Time": 72.018,
                                                                            "Actual Rows": 98765,
                                                                            "Actual Loops": 1
                                                                        }
                                                                    ]
                                                                }
                                                            ]
                                                        }
                                                    ]
                                                }
                                            ]
                                        }
                                    ]
                                }
                            ]
                        }
                    ]
                }
            ]
        },
        "Planning Time": 197.346,
        "Triggers": [],
        "Execution Time": 1341.827
    }
]