[
  {
    "Plan": {
      "Node Type": "Aggregate",
      "Strategy": "Plain",
      "Partial Mode": "Finalize",
      "Parallel Aware": false,
      "Startup Cost": 120565.36,
      "Total Cost": 120565.37,
      "Plan Rows": 1,
      "Plan Width": 8,
      "Actual Startup Time": 574.331,
      "Actual Total Time": 597.384,
      "Actual Rows": 1,
      "Actual Loops": 1,
      "Plans": [
        {
          "Node Type": "Gather",
          "Parent Relationship": "Outer",
          "Parallel Aware": false,
          "Startup Cost": 120565.04,
          "Total Cost": 120565.35,
          "Plan Rows": 3,
          "Plan Width": 8,
          "Actual Startup Time": 572.031,
          "Actual Total Time": 597.373,
          "Actual Rows": 4,
          "Actual Loops": 1,
          "Workers Planned": 3,
          "Workers Launched": 3,
          "Single Copy": false,
          "Plans": [
            {
              "Node Type": "Aggregate",
              "Strategy": "Plain",
              "Partial Mode": "Partial",
              "Parent Relationship": "Outer",
              "Parallel Aware": false,
              "Startup Cost": 119565.04,
              "Total Cost": 119565.05,
              "Plan Rows": 1,
              "Plan Width": 8,
              "Actual Startup Time": 562.529,
              "Actual Total Time": 562.691,
              "Actual Rows": 1,
              "Actual Loops": 4,
              "Plans": [
                {
                  "Node Type": "Hash Join",
                  "Parent Relationship": "Outer",
                  "Parallel Aware": true,
                  "Join Type": "Inner",
                  "Startup Cost": 74194.45,
                  "Total Cost": 119139.66,
                  "Plan Rows": 170153,
                  "Plan Width": 0,
                  "Actual Startup Time": 321.047,
                  "Actual Total Time": 542.604,
                  "Actual Rows": 523829,
                  "Actual Loops": 4,
                  "Inner Unique": false,
                  "Hash Cond": "(mk.movie_id = t.id)",
                  "Plans": [
                    {
                      "Node Type": "Seq Scan",
                      "Parent Relationship": "Outer",
                      "Parallel Aware": true,
                      "Relation Name": "movie_keyword",
                      "Alias": "mk",
                      "Startup Cost": 0.0,
                      "Total Cost": 39047.32,
                      "Plan Rows": 1459332,
                      "Plan Width": 4,
                      "Actual Startup Time": 0.031,
                      "Actual Total Time": 90.122,
                      "Actual Rows": 1130982,
                      "Actual Loops": 4
                    },
                    {
                      "Node Type": "Hash",
                      "Parent Relationship": "Inner",
                      "Parallel Aware": true,
                      "Startup Cost": 73273.22,
                      "Total Cost": 73273.22,
                      "Plan Rows": 73698,
                      "Plan Width": 8,
                      "Actual Startup Time": 317.868,
                      "Actual Total Time": 318.027,
                      "Actual Rows": 73219,
                      "Actual Loops": 4,
                      "Hash Buckets": 524288,
                      "Original Hash Buckets": 524288,
                      "Hash Batches": 1,
                      "Original Hash Batches": 1,
                      "Peak Memory Usage": 15616,
                      "Plans": [
                        {
                          "Node Type": "Hash Join",
                          "Parent Relationship": "Outer",
                          "Parallel Aware": true,
                          "Join Type": "Inner",
                          "Startup Cost": 27556.4,
                          "Total Cost": 73273.22,
                          "Plan Rows": 73698,
                          "Plan Width": 8,
                          "Actual Startup Time": 104.652,
                          "Actual Total Time": 295.644,
                          "Actual Rows": 73219,
                          "Actual Loops": 4,
                          "Inner Unique": false,
                          "Hash Cond": "(t.id = mc.movie_id)",
                          "Plans": [
                            {
                              "Node Type": "Seq Scan",
                              "Parent Relationship": "Outer",
                              "Parallel Aware": true,
                              "Relation Name": "title",
                              "Alias": "t",
                              "Startup Cost": 0.0,
                              "Total Cost": 42318.73,
                              "Plan Rows": 632073,
                              "Plan Width": 4,
                              "Actual Startup Time": 0.01,
                              "Actual Total Time": 74.743,
                              "Actual Rows": 632078,
                              "Actual Loops": 4
                            },
                            {
                              "Node Type": "Hash",
                              "Parent Relationship": "Inner",
                              "Parallel Aware": true,
                              "Startup Cost": 26367.72,
                              "Total Cost": 26367.72,
                              "Plan Rows": 95094,
                              "Plan Width": 4,
                              "Actual Startup Time": 102.81,
                              "Actual Total Time": 102.812,
                              "Actual Rows": 73219,
                              "Actual Loops": 4,
                              "Hash Buckets": 524288,
                              "Original Hash Buckets": 524288,
                              "Hash Batches": 1,
                              "Original Hash Batches": 1,
                              "Peak Memory Usage": 15648,
                              "Plans": [
                                {
                                  "Node Type": "Bitmap Heap Scan",
                                  "Parent Relationship": "Outer",
                                  "Parallel Aware": true,
                                  "Relation Name": "movie_companies",
                                  "Alias": "mc",
                                  "Startup Cost": 6389.05,
                                  "Total Cost": 26367.72,
                                  "Plan Rows": 95094,
                                  "Plan Width": 4,
                                  "Actual Startup Time": 24.967,
                                  "Actual Total Time": 70.853,
                                  "Actual Rows": 73219,
                                  "Actual Loops": 4,
                                  "Recheck Cond": "(company_id < 160)",
                                  "Rows Removed by Index Recheck": 0,
                                  "Exact Heap Blocks": 7653,
                                  "Lossy Heap Blocks": 0,
                                  "Plans": [
                                    {
                                      "Node Type": "Bitmap Index Scan",
                                      "Parent Relationship": "Outer",
                                      "Parallel Aware": false,
                                      "Index Name": "company_id_movie_companies",
                                      "Startup Cost": 0.0,
                                      "Total Cost": 6315.35,
                                      "Plan Rows": 294790,
                                      "Plan Width": 0,
                                      "Actual Startup Time": 21.889,
                                      "Actual Total Time": 21.889,
                                      "Actual Rows": 292877,
                                      "Actual Loops": 1,
                                      "Index Cond": "(company_id < 160)"
                                    }
                                  ]
                                }
                              ]
                            }
                          ]
                        }
                      ]
                    }
                  ]
                }
              ]
            }
          ]
        }
      ]
    },
    "Planning Time": 1.416,
    "Triggers": [],
    "Execution Time": 597.494
  }
]