[
  {
    "Plan": {
      "Node Type": "Aggregate",
      "Strategy": "Plain",
      "Partial Mode": "Finalize",
      "Parallel Aware": false,
      "Startup Cost": 407547.91,
      "Total Cost": 407547.92,
      "Plan Rows": 1,
      "Plan Width": 8,
      "Actual Startup Time": 1402.105,
      "Actual Total Time": 1437.229,
      "Actual Rows": 1,
      "Actual Loops": 1,
      "Plans": [
        {
          "Node Type": "Gather",
          "Parent Relationship": "Outer",
          "Parallel Aware": false,
          "Startup Cost": 407547.59,
          "Total Cost": 407547.9,
          "Plan Rows": 3,
          "Plan Width": 8,
          "Actual Startup Time": 1378.217,
          "Actual Total Time": 1437.22,
          "Actual Rows": 4,
          "Actual Loops": 1,
          "Workers Planned": 3,
          "Workers Launched": 3,
          "Single Copy": false,
          "Plans": [
            {
              "Node Type": "Aggregate",
              "Strategy": "Plain",
              "Partial Mode": "Partial",
              "Parent Relationship": "Outer",
              "Parallel Aware": false,
              "Startup Cost": 406547.59,
              "Total Cost": 406547.6,
              "Plan Rows": 1,
              "Plan Width": 8,
              "Actual Startup Time": 1367.922,
              "Actual Total Time": 1367.929,
              "Actual Rows": 1,
              "Actual Loops": 4,
              "Plans": [
                {
                  "Node Type": "Hash Join",
                  "Parent Relationship": "Outer",
                  "Parallel Aware": true,
                  "Join Type": "Inner",
                  "Startup Cost": 360153.2,
                  "Total Cost": 405422.85,
                  "Plan Rows": 449898,
                  "Plan Width": 0,
                  "Actual Startup Time": 882.195,
                  "Actual Total Time": 1270.054,
                  "Actual Rows": 2501690,
                  "Actual Loops": 4,
                  "Inner Unique": false,
                  "Hash Cond": "(mk.movie_id = t.id)",
                  "Plans": [
                    {
                      "Node Type": "Seq Scan",
                      "Parent Relationship": "Outer",
                      "Parallel Aware": true,
                      "Relation Name": "movie_keyword",
                      "Alias": "mk",
                      "Startup Cost": 0.0,
                      "Total Cost": 39047.32,
                      "Plan Rows": 1459332,
                      "Plan Width": 4,
                      "Actual Startup Time": 0.024,
                      "Actual Total Time": 87.329,
                      "Actual Rows": 1130982,
                      "Actual Loops": 4
                    },
                    {
                      "Node Type": "Hash",
                      "Parent Relationship": "Inner",
                      "Parallel Aware": true,
                      "Startup Cost": 358529.35,
                      "Total Cost": 358529.35,
                      "Plan Rows": 129908,
                      "Plan Width": 8,
                      "Actual Startup Time": 877.24,
                      "Actual Total Time": 877.245,
                      "Actual Rows": 405278,
                      "Actual Loops": 4,
                      "Hash Buckets": 2097152,
                      "Original Hash Buckets": 1048576,
                      "Hash Batches": 1,
                      "Original Hash Batches": 1,
                      "Peak Memory Usage": 88032,
                      "Plans": [
                        {
                          "Node Type": "Hash Join",
                          "Parent Relationship": "Outer",
                          "Parallel Aware": true,
                          "Join Type": "Inner",
                          "Startup Cost": 99842.77,
                          "Total Cost": 358529.35,
                          "Plan Rows": 129908,
                          "Plan Width": 8,
                          "Actual Startup Time": 421.973,
                          "Actual Total Time": 725.296,
                          "Actual Rows": 405278,
                          "Actual Loops": 4,
                          "Inner Unique": true,
                          "Hash Cond": "(ci.movie_id = t.id)",
                          "Plans": [
                            {
                              "Node Type": "Bitmap Heap Scan",
                              "Parent Relationship": "Outer",
                              "Parallel Aware": true,
                              "Relation Name": "cast_info",
                              "Alias": "ci",
                              "Startup Cost": 49623.13,
                              "Total Cost": 307968.7,
                              "Plan Rows": 129908,
                              "Plan Width": 4,
                              "Actual Startup Time": 84.634,
                              "Actual Total Time": 181.524,
                              "Actual Rows": 405278,
                              "Actual Loops": 4,
                              "Recheck Cond": "(person_id < 221118)",
                              "Rows Removed by Index Recheck": 0,
                              "Filter": "(role_id = 1)",
                              "Rows Removed by Filter": 162329,
                              "Exact Heap Blocks": 7622,
                              "Lossy Heap Blocks": 0,
                              "Plans": [
                                {
                                  "Node Type": "Bitmap Index Scan",
                                  "Parent Relationship": "Outer",
                                  "Parallel Aware": false,
                                  "Index Name": "person_id_cast_info",
                                  "Startup Cost": 0.0,
                                  "Total Cost": 49428.27,
                                  "Plan Rows": 2263427,
                                  "Plan Width": 0,
                                  "Actual Startup Time": 80.96,
                                  "Actual Total Time": 80.96,
                                  "Actual Rows": 2270428,
                                  "Actual Loops": 1,
                                  "Index Cond": "(person_id < 221118)"
                                }
                              ]
                            },
                            {
                              "Node Type": "Hash",
                              "Parent Relationship": "Inner",
                              "Parallel Aware": true,
                              "Startup Cost": 42318.73,
                              "Total Cost": 42318.73,
                              "Plan Rows": 632073,
                              "Plan Width": 4,
                              "Actual Startup Time": 329.677,
                              "Actual Total Time": 329.677,
                              "Actual Rows": 632078,
                              "Actual Loops": 4,
                              "Hash Buckets": 4194304,
                              "Original Hash Buckets": 4194304,
                              "Hash Batches": 1,
                              "Original Hash Batches": 1,
                              "Peak Memory Usage": 131744,
                              "Plans": [
                                {
                                  "Node Type": "Seq Scan",
                                  "Parent Relationship": "Outer",
                                  "Parallel Aware": true,
                                  "Relation Name": "title",
                                  "Alias": "t",
                                  "Startup Cost": 0.0,
                                  "Total Cost": 42318.73,
                                  "Plan Rows": 632073,
                                  "Plan Width": 4,
                                  "Actual Startup Time": 0.041,
                                  "Actual Total Time": 95.164,
                                  "Actual Rows": 632078,
                                  "Actual Loops": 4
                                }
                              ]
                            }
                          ]
                        }
                      ]
                    }
                  ]
                }
              ]
            }
          ]
        }
      ]
    },
    "Planning Time": 1.301,
    "Triggers": [],
    "Execution Time": 1437.337
  }
]