{
  "Plan": {
    "Node Type": "Aggregate",
    "Strategy": "Plain",
    "Partial Mode": "Finalize",
    "Parallel Aware": false,
    "Startup Cost": 317135.98,
    "Total Cost": 317135.99,
    "Plan Rows": 1,
    "Plan Width": 8,
    "Actual Startup Time": 921.245,
    "Actual Total Time": 987.57,
    "Actual Rows": 1,
    "Actual Loops": 1,
    "Plans": [
      {
        "Node Type": "Gather",
        "Parent Relationship": "Outer",
        "Parallel Aware": false,
        "Startup Cost": 317135.87,
        "Total Cost": 317135.98,
        "Plan Rows": 1,
        "Plan Width": 8,
        "Actual Startup Time": 920.384,
        "Actual Total Time": 987.557,
        "Actual Rows": 2,
        "Actual Loops": 1,
        "Workers Planned": 1,
        "Workers Launched": 1,
        "Single Copy": false,
        "Plans": [
          {
            "Node Type": "Aggregate",
            "Strategy": "Plain",
            "Partial Mode": "Partial",
            "Parent Relationship": "Outer",
            "Parallel Aware": false,
            "Startup Cost": 316135.87,
            "Total Cost": 316135.88,
            "Plan Rows": 1,
            "Plan Width": 8,
            "Actual Startup Time": 913.598,
            "Actual Total Time": 913.61,
            "Actual Rows": 1,
            "Actual Loops": 2,
            "Plans": [
              {
                "Node Type": "Nested Loop",
                "Parent Relationship": "Outer",
                "Parallel Aware": false,
                "Join Type": "Inner",
                "Startup Cost": 44037.65,
                "Total Cost": 314863.54,
                "Plan Rows": 508931,
                "Plan Width": 0,
                "Actual Startup Time": 411.928,
                "Actual Total Time": 896.899,
                "Actual Rows": 226772,
                "Actual Loops": 2,
                "Inner Unique": false,
                "Plans": [
                  {
                    "Node Type": "Hash Join",
                    "Parent Relationship": "Outer",
                    "Parallel Aware": true,
                    "Join Type": "Inner",
                    "Startup Cost": 44037.21,
                    "Total Cost": 102898.5,
                    "Plan Rows": 87037,
                    "Plan Width": 8,
                    "Actual Startup Time": 411.766,
                    "Actual Total Time": 539.634,
                    "Actual Rows": 11877,
                    "Actual Loops": 2,
                    "Inner Unique": false,
                    "Hash Cond": "(t.id = mc.movie_id)",
                    "Plans": [
                      {
                        "Node Type": "Seq Scan",
                        "Parent Relationship": "Outer",
                        "Parallel Aware": true,
                        "Relation Name": "title",
                        "Alias": "t",
                        "Startup Cost": 0.0,
                        "Total Cost": 54588.39,
                        "Plan Rows": 601746,
                        "Plan Width": 4,
                        "Actual Startup Time": 0.021,
                        "Actual Total Time": 231.554,
                        "Actual Rows": 506460,
                        "Actual Loops": 2,
                        "Filter": "(production_year > 2005)",
                        "Rows Removed by Filter": 757696
                      },
                      {
                        "Node Type": "Hash",
                        "Parent Relationship": "Inner",
                        "Parallel Aware": true,
                        "Startup Cost": 41348.28,
                        "Total Cost": 41348.28,
                        "Plan Rows": 215115,
                        "Plan Width": 4,
                        "Actual Startup Time": 177.953,
                        "Actual Total Time": 177.958,
                        "Actual Rows": 27476,
                        "Actual Loops": 2,
                        "Hash Buckets": 524288,
                        "Original Hash Buckets": 524288,
                        "Hash Batches": 1,
                        "Original Hash Batches": 1,
                        "Peak Memory Usage": 6272,
                        "Plans": [
                          {
                            "Node Type": "Bitmap Heap Scan",
                            "Parent Relationship": "Outer",
                            "Parallel Aware": true,
                            "Relation Name": "movie_companies",
                            "Alias": "mc",
                            "Startup Cost": 16003.45,
                            "Total Cost": 41348.28,
                            "Plan Rows": 215115,
                            "Plan Width": 4,
                            "Actual Startup Time": 70.969,
                            "Actual Total Time": 167.872,
                            "Actual Rows": 27476,
                            "Actual Loops": 2,
                            "Recheck Cond": "(company_id > 35769)",
                            "Rows Removed by Index Recheck": 0,
                            "Filter": "(company_type_id = 1)",
                            "Rows Removed by Filter": 351399,
                            "Exact Heap Blocks": 8603,
                            "Lossy Heap Blocks": 0,
                            "Plans": [
                              {
                                "Node Type": "Bitmap Index Scan",
                                "Parent Relationship": "Outer",
                                "Parallel Aware": false,
                                "Index Name": "company_id_movie_companies",
                                "Startup Cost": 0.0,
                                "Total Cost": 15912.03,
                                "Plan Rows": 742880,
                                "Plan Width": 0,
                                "Actual Startup Time": 68.079,
                                "Actual Total Time": 68.08,
                                "Actual Rows": 757749,
                                "Actual Loops": 1,
                                "Index Cond": "(company_id > 35769)"
                              }
                            ]
                          }
                        ]
                      }
                    ]
                  },
                  {
                    "Node Type": "Index Only Scan",
                    "Parent Relationship": "Inner",
                    "Parallel Aware": false,
                    "Scan Direction": "Forward",
                    "Index Name": "movie_id_movie_info",
                    "Relation Name": "movie_info",
                    "Alias": "mi",
                    "Startup Cost": 0.43,
                    "Total Cost": 2.02,
                    "Plan Rows": 42,
                    "Plan Width": 4,
                    "Actual Startup Time": 0.009,
                    "Actual Total Time": 0.028,
                    "Actual Rows": 19,
                    "Actual Loops": 23754,
                    "Index Cond": "(movie_id = t.id)",
                    "Rows Removed by Index Recheck": 0,
                    "Heap Fetches": 453545
                  }
                ]
              }
            ]
          }
        ]
      }
    ]
  },
  "Planning Time": 1.151,
  "Triggers": [],
  "Execution Time": 987.722
}