[
  {
    "Plan": {
      "Node Type": "Aggregate",
      "Strategy": "Plain",
      "Partial Mode": "Finalize",
      "Parallel Aware": false,
      "Startup Cost": 44904.96,
      "Total Cost": 44904.97,
      "Plan Rows": 1,
      "Plan Width": 8,
      "Actual Startup Time": 166.06,
      "Actual Total Time": 178.539,
      "Actual Rows": 1,
      "Actual Loops": 1,
      "Plans": [
        {
          "Node Type": "Gather",
          "Parent Relationship": "Outer",
          "Parallel Aware": false,
          "Startup Cost": 44904.64,
          "Total Cost": 44904.95,
          "Plan Rows": 3,
          "Plan Width": 8,
          "Actual Startup Time": 165.903,
          "Actual Total Time": 178.527,
          "Actual Rows": 4,
          "Actual Loops": 1,
          "Workers Planned": 3,
          "Workers Launched": 3,
          "Single Copy": false,
          "Plans": [
            {
              "Node Type": "Aggregate",
              "Strategy": "Plain",
              "Partial Mode": "Partial",
              "Parent Relationship": "Outer",
              "Parallel Aware": false,
              "Startup Cost": 43904.64,
              "Total Cost": 43904.65,
              "Plan Rows": 1,
              "Plan Width": 8,
              "Actual Startup Time": 158.723,
              "Actual Total Time": 158.725,
              "Actual Rows": 1,
              "Actual Loops": 4,
              "Plans": [
                {
                  "Node Type": "Seq Scan",
                  "Parent Relationship": "Outer",
                  "Parallel Aware": true,
                  "Relation Name": "movie_keyword",
                  "Alias": "mk",
                  "Startup Cost": 0.0,
                  "Total Cost": 42695.65,
                  "Plan Rows": 483595,
                  "Plan Width": 0,
                  "Actual Startup Time": 1.655,
                  "Actual Total Time": 134.896,
                  "Actual Rows": 377535,
                  "Actual Loops": 4,
                  "Filter": "(keyword_id > 10729)",
                  "Rows Removed by Filter": 753448
                }
              ]
            }
          ]
        }
      ]
    },
    "Planning Time": 0.18,
    "Triggers": [],
    "Execution Time": 178.601
  }
]