[
  {
    "Plan": {
      "Node Type": "Aggregate",
      "Strategy": "Plain",
      "Partial Mode": "Finalize",
      "Parallel Aware": false,
      "Startup Cost": 343804.45,
      "Total Cost": 343804.46,
      "Plan Rows": 1,
      "Plan Width": 8,
      "Actual Startup Time": 942.094,
      "Actual Total Time": 1002.701,
      "Actual Rows": 1,
      "Actual Loops": 1,
      "Plans": [
        {
          "Node Type": "Gather",
          "Parent Relationship": "Outer",
          "Parallel Aware": false,
          "Startup Cost": 343803.82,
          "Total Cost": 343804.43,
          "Plan Rows": 6,
          "Plan Width": 8,
          "Actual Startup Time": 941.955,
          "Actual Total Time": 1002.692,
          "Actual Rows": 7,
          "Actual Loops": 1,
          "Workers Planned": 6,
          "Workers Launched": 6,
          "Single Copy": false,
          "Plans": [
            {
              "Node Type": "Aggregate",
              "Strategy": "Plain",
              "Partial Mode": "Partial",
              "Parent Relationship": "Outer",
              "Parallel Aware": false,
              "Startup Cost": 342803.82,
              "Total Cost": 342803.83,
              "Plan Rows": 1,
              "Plan Width": 8,
              "Actual Startup Time": 931.818,
              "Actual Total Time": 931.819,
              "Actual Rows": 1,
              "Actual Loops": 7,
              "Plans": [
                {
                  "Node Type": "Seq Scan",
                  "Parent Relationship": "Outer",
                  "Parallel Aware": true,
                  "Relation Name": "cast_info",
                  "Alias": "ci",
                  "Startup Cost": 0.0,
                  "Total Cost": 328162.03,
                  "Plan Rows": 5856718,
                  "Plan Width": 0,
                  "Actual Startup Time": 21.953,
                  "Actual Total Time": 699.604,
                  "Actual Rows": 5021555,
                  "Actual Loops": 7,
                  "Filter": "(person_id > 111873)",
                  "Rows Removed by Filter": 156209
                }
              ]
            }
          ]
        }
      ]
    },
    "Planning Time": 0.103,
    "Triggers": [],
    "Execution Time": 1002.751
  }
]