[
  {
    "Plan": {
      "Node Type": "Aggregate",
      "Strategy": "Plain",
      "Partial Mode": "Finalize",
      "Parallel Aware": false,
      "Startup Cost": 49782.98,
      "Total Cost": 49782.99,
      "Plan Rows": 1,
      "Plan Width": 8,
      "Actual Startup Time": 107.044,
      "Actual Total Time": 113.969,
      "Actual Rows": 1,
      "Actual Loops": 1,
      "Plans": [
        {
          "Node Type": "Gather",
          "Parent Relationship": "Outer",
          "Parallel Aware": false,
          "Startup Cost": 49782.56,
          "Total Cost": 49782.97,
          "Plan Rows": 4,
          "Plan Width": 8,
          "Actual Startup Time": 106.984,
          "Actual Total Time": 113.962,
          "Actual Rows": 5,
          "Actual Loops": 1,
          "Workers Planned": 4,
          "Workers Launched": 4,
          "Single Copy": false,
          "Plans": [
            {
              "Node Type": "Aggregate",
              "Strategy": "Plain",
              "Partial Mode": "Partial",
              "Parent Relationship": "Outer",
              "Parallel Aware": false,
              "Startup Cost": 48782.56,
              "Total Cost": 48782.57,
              "Plan Rows": 1,
              "Plan Width": 8,
              "Actual Startup Time": 97.449,
              "Actual Total Time": 97.451,
              "Actual Rows": 1,
              "Actual Loops": 5,
              "Plans": [
                {
                  "Node Type": "Index Scan",
                  "Parent Relationship": "Outer",
                  "Parallel Aware": true,
                  "Scan Direction": "Forward",
                  "Index Name": "role_id_cast_info",
                  "Relation Name": "cast_info",
                  "Alias": "ci",
                  "Startup Cost": 0.56,
                  "Total Cost": 47835.41,
                  "Plan Rows": 378862,
                  "Plan Width": 0,
                  "Actual Startup Time": 0.225,
                  "Actual Total Time": 82.053,
                  "Actual Rows": 300497,
                  "Actual Loops": 5,
                  "Index Cond": "(role_id = 8)",
                  "Rows Removed by Index Recheck": 0,
                  "Filter": "(person_id > 414707)",
                  "Rows Removed by Filter": 40211
                }
              ]
            }
          ]
        }
      ]
    },
    "Planning Time": 0.227,
    "Triggers": [],
    "Execution Time": 114.044
  }
]