[
    {
        "Bao": {
            "Bao prediction": "NaN",
            "Bao recommended hint": "(no hint)"
        }
    },
    {
        "Plan": {
            "Node Type": "Aggregate",
            "Strategy": "Plain",
            "Partial Mode": "Finalize",
            "Parallel Aware": false,
            "Startup Cost": 267025.82,
            "Total Cost": 267025.83,
            "Plan Rows": 1,
            "Plan Width": 8,
            "Actual Startup Time": 62.656,
            "Actual Total Time": 65.443,
            "Actual Rows": 1,
            "Actual Loops": 1,
            "Output": [
                "count(*)"
            ],
            "Plans": [
                {
                    "Node Type": "Gather",
                    "Parent Relationship": "Outer",
                    "Parallel Aware": false,
                    "Startup Cost": 267025.2,
                    "Total Cost": 267025.81,
                    "Plan Rows": 6,
                    "Plan Width": 8,
                    "Actual Startup Time": 62.455,
                    "Actual Total Time": 65.437,
                    "Actual Rows": 7,
                    "Actual Loops": 1,
                    "Output": [
                        "(PARTIAL count(*))"
                    ],
                    "Workers Planned": 6,
                    "Workers Launched": 6,
                    "Single Copy": false,
                    "Plans": [
                        {
                            "Node Type": "Aggregate",
                            "Strategy": "Plain",
                            "Partial Mode": "Partial",
                            "Parent Relationship": "Outer",
                            "Parallel Aware": false,
                            "Startup Cost": 266025.2,
                            "Total Cost": 266025.21,
                            "Plan Rows": 1,
                            "Plan Width": 8,
                            "Actual Startup Time": 52.171,
                            "Actual Total Time": 52.172,
                            "Actual Rows": 1,
                            "Actual Loops": 7,
                            "Output": [
                                "PARTIAL count(*)"
                            ],
                            "Workers": [
                                {
                                    "Worker Number": 0,
                                    "Actual Startup Time": 49.817,
                                    "Actual Total Time": 49.818,
                                    "Actual Rows": 1,
                                    "Actual Loops": 1
                                },
                                {
                                    "Worker Number": 1,
                                    "Actual Startup Time": 50.154,
                                    "Actual Total Time": 50.156,
                                    "Actual Rows": 1,
                                    "Actual Loops": 1
                                },
                                {
                                    "Worker Number": 2,
                                    "Actual Startup Time": 50.401,
                                    "Actual Total Time": 50.402,
                                    "Actual Rows": 1,
                                    "Actual Loops": 1
                                },
                                {
                                    "Worker Number": 3,
                                    "Actual Startup Time": 50.598,
                                    "Actual Total Time": 50.6,
                                    "Actual Rows": 1,
                                    "Actual Loops": 1
                                },
                                {
                                    "Worker Number": 4,
                                    "Actual Startup Time": 50.989,
                                    "Actual Total Time": 50.99,
                                    "Actual Rows": 1,
                                    "Actual Loops": 1
                                },
                                {
                                    "Worker Number": 5,
                                    "Actual Startup Time": 51.124,
                                    "Actual Total Time": 51.125,
                                    "Actual Rows": 1,
                                    "Actual Loops": 1
                                }
                            ],
                            "Plans": [
                                {
                                    "Node Type": "Bitmap Heap Scan",
                                    "Parent Relationship": "Outer",
                                    "Parallel Aware": true,
                                    "Relation Name": "cast_info",
                                    "Schema": "public",
                                    "Alias": "ci",
                                    "Startup Cost": 11818.73,
                                    "Total Cost": 265846.76,
                                    "Plan Rows": 71373,
                                    "Plan Width": 0,
                                    "Actual Startup Time": 13.404,
                                    "Actual Total Time": 45.875,
                                    "Actual Rows": 70400,
                                    "Actual Loops": 7,
                                    "Recheck Cond": "(ci.person_id < 59865)",
                                    "Rows Removed by Index Recheck": 0,
                                    "Filter": "(ci.role_id < 8)",
                                    "Rows Removed by Filter": 7808,
                                    "Exact Heap Blocks": 2111,
                                    "Lossy Heap Blocks": 0,
                                    "Workers": [
                                        {
                                            "Worker Number": 0,
                                            "Actual Startup Time": 11.108,
                                            "Actual Total Time": 43.536,
                                            "Actual Rows": 52930,
                                            "Actual Loops": 1
                                        },
                                        {
                                            "Worker Number": 1,
                                            "Actual Startup Time": 11.384,
                                            "Actual Total Time": 43.981,
                                            "Actual Rows": 53650,
                                            "Actual Loops": 1
                                        },
                                        {
                                            "Worker Number": 2,
                                            "Actual Startup Time": 11.547,
                                            "Actual Total Time": 44.25,
                                            "Actual Rows": 53405,
                                            "Actual Loops": 1
                                        },
                                        {
                                            "Worker Number": 3,
                                            "Actual Startup Time": 11.793,
                                            "Actual Total Time": 44.352,
                                            "Actual Rows": 53176,
                                            "Actual Loops": 1
                                        },
                                        {
                                            "Worker Number": 4,
                                            "Actual Startup Time": 12.552,
                                            "Actual Total Time": 45.077,
                                            "Actual Rows": 49048,
                                            "Actual Loops": 1
                                        },
                                        {
                                            "Worker Number": 5,
                                            "Actual Startup Time": 12.373,
                                            "Actual Total Time": 45.14,
                                            "Actual Rows": 43003,
                                            "Actual Loops": 1
                                        }
                                    ],
                                    "Plans": [
                                        {
                                            "Node Type": "Bitmap Index Scan",
                                            "Parent Relationship": "Outer",
                                            "Parallel Aware": false,
                                            "Index Name": "person_id_cast_info",
                                            "Startup Cost": 0.0,
                                            "Total Cost": 11711.67,
                                            "Plan Rows": 536414,
                                            "Plan Width": 0,
                                            "Actual Startup Time": 22.195,
                                            "Actual Total Time": 22.195,
                                            "Actual Rows": 547452,
                                            "Actual Loops": 1,
                                            "Index Cond": "(ci.person_id < 59865)"
                                        }
                                    ]
                                }
                            ]
                        }
                    ]
                }
            ]
        },
        "Planning Time": 213.841,
        "Triggers": [],
        "Execution Time": 65.495
    }
]