[
  {
    "Plan": {
      "Node Type": "Aggregate",
      "Strategy": "Plain",
      "Partial Mode": "Finalize",
      "Parallel Aware": false,
      "Startup Cost": 338320.52,
      "Total Cost": 338320.53,
      "Plan Rows": 1,
      "Plan Width": 8,
      "Actual Startup Time": 763.113,
      "Actual Total Time": 806.154,
      "Actual Rows": 1,
      "Actual Loops": 1,
      "Plans": [
        {
          "Node Type": "Gather",
          "Parent Relationship": "Outer",
          "Parallel Aware": false,
          "Startup Cost": 338319.9,
          "Total Cost": 338320.51,
          "Plan Rows": 6,
          "Plan Width": 8,
          "Actual Startup Time": 762.911,
          "Actual Total Time": 806.138,
          "Actual Rows": 7,
          "Actual Loops": 1,
          "Workers Planned": 6,
          "Workers Launched": 6,
          "Single Copy": false,
          "Plans": [
            {
              "Node Type": "Aggregate",
              "Strategy": "Plain",
              "Partial Mode": "Partial",
              "Parent Relationship": "Outer",
              "Parallel Aware": false,
              "Startup Cost": 337319.9,
              "Total Cost": 337319.91,
              "Plan Rows": 1,
              "Plan Width": 8,
              "Actual Startup Time": 755.221,
              "Actual Total Time": 755.223,
              "Actual Rows": 1,
              "Actual Loops": 7,
              "Plans": [
                {
                  "Node Type": "Seq Scan",
                  "Parent Relationship": "Outer",
                  "Parallel Aware": true,
                  "Relation Name": "cast_info",
                  "Alias": "ci",
                  "Startup Cost": 0.0,
                  "Total Cost": 328211.39,
                  "Plan Rows": 3643402,
                  "Plan Width": 0,
                  "Actual Startup Time": 0.048,
                  "Actual Total Time": 602.807,
                  "Actual Rows": 3161411,
                  "Actual Loops": 7,
                  "Filter": "(person_id < 2254398)",
                  "Rows Removed by Filter": 2016352
                }
              ]
            }
          ]
        }
      ]
    },
    "Planning Time": 0.059,
    "Triggers": [],
    "Execution Time": 806.187
  }
]