[
  {
    "Plan": {
      "Node Type": "Aggregate",
      "Strategy": "Plain",
      "Partial Mode": "Finalize",
      "Parallel Aware": false,
      "Startup Cost": 325679.06,
      "Total Cost": 325679.07,
      "Plan Rows": 1,
      "Plan Width": 8,
      "Actual Startup Time": 1670.675,
      "Actual Total Time": 1753.181,
      "Actual Rows": 1,
      "Actual Loops": 1,
      "Plans": [
        {
          "Node Type": "Gather",
          "Parent Relationship": "Outer",
          "Parallel Aware": false,
          "Startup Cost": 325678.64,
          "Total Cost": 325679.05,
          "Plan Rows": 4,
          "Plan Width": 8,
          "Actual Startup Time": 1644.908,
          "Actual Total Time": 1753.169,
          "Actual Rows": 5,
          "Actual Loops": 1,
          "Workers Planned": 4,
          "Workers Launched": 4,
          "Single Copy": false,
          "Plans": [
            {
              "Node Type": "Aggregate",
              "Strategy": "Plain",
              "Partial Mode": "Partial",
              "Parent Relationship": "Outer",
              "Parallel Aware": false,
              "Startup Cost": 324678.64,
              "Total Cost": 324678.65,
              "Plan Rows": 1,
              "Plan Width": 8,
              "Actual Startup Time": 1642.324,
              "Actual Total Time": 1642.326,
              "Actual Rows": 1,
              "Actual Loops": 5,
              "Plans": [
                {
                  "Node Type": "Nested Loop",
                  "Parent Relationship": "Outer",
                  "Parallel Aware": false,
                  "Join Type": "Inner",
                  "Startup Cost": 1.0,
                  "Total Cost": 324259.92,
                  "Plan Rows": 167487,
                  "Plan Width": 0,
                  "Actual Startup Time": 56.893,
                  "Actual Total Time": 1626.626,
                  "Actual Rows": 330119,
                  "Actual Loops": 5,
                  "Inner Unique": false,
                  "Join Filter": "(t.id = ci.movie_id)",
                  "Rows Removed by Join Filter": 0,
                  "Plans": [
                    {
                      "Node Type": "Nested Loop",
                      "Parent Relationship": "Outer",
                      "Parallel Aware": false,
                      "Join Type": "Inner",
                      "Startup Cost": 0.43,
                      "Total Cost": 244628.7,
                      "Plan Rows": 49351,
                      "Plan Width": 8,
                      "Actual Startup Time": 55.941,
                      "Actual Total Time": 218.083,
                      "Actual Rows": 71954,
                      "Actual Loops": 5,
                      "Inner Unique": false,
                      "Plans": [
                        {
                          "Node Type": "Seq Scan",
                          "Parent Relationship": "Outer",
                          "Parallel Aware": true,
                          "Relation Name": "title",
                          "Alias": "t",
                          "Startup Cost": 0.0,
                          "Total Cost": 45479.1,
                          "Plan Rows": 8440,
                          "Plan Width": 4,
                          "Actual Startup Time": 55.841,
                          "Actual Total Time": 80.551,
                          "Actual Rows": 5621,
                          "Actual Loops": 5,
                          "Filter": "((kind_id = 1) AND (production_year = 2009))",
                          "Rows Removed by Filter": 500042
                        },
                        {
                          "Node Type": "Index Only Scan",
                          "Parent Relationship": "Inner",
                          "Parallel Aware": false,
                          "Scan Direction": "Forward",
                          "Index Name": "movie_id_movie_info",
                          "Relation Name": "movie_info",
                          "Alias": "mi",
                          "Startup Cost": 0.43,
                          "Total Cost": 23.18,
                          "Plan Rows": 42,
                          "Plan Width": 4,
                          "Actual Startup Time": 0.008,
                          "Actual Total Time": 0.023,
                          "Actual Rows": 13,
                          "Actual Loops": 28104,
                          "Index Cond": "(movie_id = t.id)",
                          "Rows Removed by Index Recheck": 0,
                          "Heap Fetches": 359770
                        }
                      ]
                    },
                    {
                      "Node Type": "Index Scan",
                      "Parent Relationship": "Inner",
                      "Parallel Aware": false,
                      "Scan Direction": "Forward",
                      "Index Name": "movie_id_cast_info",
                      "Relation Name": "cast_info",
                      "Alias": "ci",
                      "Startup Cost": 0.56,
                      "Total Cost": 1.5,
                      "Plan Rows": 9,
                      "Plan Width": 4,
                      "Actual Startup Time": 0.007,
                      "Actual Total Time": 0.019,
                      "Actual Rows": 5,
                      "Actual Loops": 359770,
                      "Index Cond": "(movie_id = mi.movie_id)",
                      "Rows Removed by Index Recheck": 0,
                      "Filter": "((person_id > 1111309) AND (role_id = 1))",
                      "Rows Removed by Filter": 38
                    }
                  ]
                }
              ]
            }
          ]
        }
      ]
    },
    "Planning Time": 1.504,
    "Triggers": [],
    "Execution Time": 1753.29
  }
]