[
  {
    "Plan": {
      "Node Type": "Aggregate",
      "Strategy": "Plain",
      "Partial Mode": "Finalize",
      "Parallel Aware": false,
      "Startup Cost": 44817.94,
      "Total Cost": 44817.95,
      "Plan Rows": 1,
      "Plan Width": 8,
      "Actual Startup Time": 183.627,
      "Actual Total Time": 196.797,
      "Actual Rows": 1,
      "Actual Loops": 1,
      "Plans": [
        {
          "Node Type": "Gather",
          "Parent Relationship": "Outer",
          "Parallel Aware": false,
          "Startup Cost": 44817.63,
          "Total Cost": 44817.94,
          "Plan Rows": 3,
          "Plan Width": 8,
          "Actual Startup Time": 183.485,
          "Actual Total Time": 196.786,
          "Actual Rows": 4,
          "Actual Loops": 1,
          "Workers Planned": 3,
          "Workers Launched": 3,
          "Single Copy": false,
          "Plans": [
            {
              "Node Type": "Aggregate",
              "Strategy": "Plain",
              "Partial Mode": "Partial",
              "Parent Relationship": "Outer",
              "Parallel Aware": false,
              "Startup Cost": 43817.63,
              "Total Cost": 43817.64,
              "Plan Rows": 1,
              "Plan Width": 8,
              "Actual Startup Time": 174.862,
              "Actual Total Time": 174.863,
              "Actual Rows": 1,
              "Actual Loops": 4,
              "Plans": [
                {
                  "Node Type": "Seq Scan",
                  "Parent Relationship": "Outer",
                  "Parallel Aware": true,
                  "Relation Name": "movie_keyword",
                  "Alias": "mk",
                  "Startup Cost": 0.0,
                  "Total Cost": 42695.65,
                  "Plan Rows": 448789,
                  "Plan Width": 0,
                  "Actual Startup Time": 0.074,
                  "Actual Total Time": 148.923,
                  "Actual Rows": 350242,
                  "Actual Loops": 4,
                  "Filter": "(keyword_id < 1902)",
                  "Rows Removed by Filter": 780740
                }
              ]
            }
          ]
        }
      ]
    },
    "Planning Time": 0.162,
    "Triggers": [],
    "Execution Time": 196.87
  }
]