{
  "Plan": {
    "Node Type": "Aggregate",
    "Strategy": "Plain",
    "Partial Mode": "Finalize",
    "Parallel Aware": false,
    "Startup Cost": 769303.35,
    "Total Cost": 769303.36,
    "Plan Rows": 1,
    "Plan Width": 32,
    "Actual Startup Time": 3903.863,
    "Actual Total Time": 3937.178,
    "Actual Rows": 1,
    "Actual Loops": 1,
    "Plans": [
      {
        "Node Type": "Gather",
        "Parent Relationship": "Outer",
        "Parallel Aware": false,
        "Startup Cost": 769303.24,
        "Total Cost": 769303.35,
        "Plan Rows": 1,
        "Plan Width": 32,
        "Actual Startup Time": 3903.846,
        "Actual Total Time": 3937.167,
        "Actual Rows": 2,
        "Actual Loops": 1,
        "Workers Planned": 1,
        "Workers Launched": 1,
        "Single Copy": false,
        "Plans": [
          {
            "Node Type": "Aggregate",
            "Strategy": "Plain",
            "Partial Mode": "Partial",
            "Parent Relationship": "Outer",
            "Parallel Aware": false,
            "Startup Cost": 768303.24,
            "Total Cost": 768303.25,
            "Plan Rows": 1,
            "Plan Width": 32,
            "Actual Startup Time": 3883.298,
            "Actual Total Time": 3883.308,
            "Actual Rows": 1,
            "Actual Loops": 2,
            "Plans": [
              {
                "Node Type": "Hash Join",
                "Parent Relationship": "Outer",
                "Parallel Aware": false,
                "Join Type": "Inner",
                "Startup Cost": 756799.46,
                "Total Cost": 768302.78,
                "Plan Rows": 186,
                "Plan Width": 17,
                "Actual Startup Time": 3883.292,
                "Actual Total Time": 3883.302,
                "Actual Rows": 0,
                "Actual Loops": 2,
                "Inner Unique": true,
                "Hash Cond": "(mc.company_type_id = ct.id)",
                "Plans": [
                  {
                    "Node Type": "Hash Join",
                    "Parent Relationship": "Outer",
                    "Parallel Aware": true,
                    "Join Type": "Inner",
                    "Startup Cost": 756798.4,
                    "Total Cost": 768297.69,
                    "Plan Rows": 745,
                    "Plan Width": 21,
                    "Actual Startup Time": 3773.688,
                    "Actual Total Time": 3882.649,
                    "Actual Rows": 6230,
                    "Actual Loops": 2,
                    "Inner Unique": false,
                    "Hash Cond": "(t.id = mc.movie_id)",
                    "Plans": [
                      {
                        "Node Type": "Merge Join",
                        "Parent Relationship": "Outer",
                        "Parallel Aware": false,
                        "Join Type": "Inner",
                        "Startup Cost": 714961.08,
                        "Total Cost": 723075.3,
                        "Plan Rows": 540911,
                        "Plan Width": 25,
                        "Actual Startup Time": 3547.716,
                        "Actual Total Time": 3617.515,
                        "Actual Rows": 460717,
                        "Actual Loops": 2,
                        "Inner Unique": true,
                        "Merge Cond": "(mi.info_type_id = it.id)",
                        "Plans": [
                          {
                            "Node Type": "Sort",
                            "Parent Relationship": "Outer",
                            "Parallel Aware": false,
                            "Startup Cost": 714955.1,
                            "Total Cost": 716307.38,
                            "Plan Rows": 540911,
                            "Plan Width": 29,
                            "Actual Startup Time": 3547.642,
                            "Actual Total Time": 3565.545,
                            "Actual Rows": 460717,
                            "Actual Loops": 2,
                            "Sort Key": [
                              "mi.info_type_id"
                            ],
                            "Sort Method": "quicksort",
                            "Sort Space Used": 54681,
                            "Sort Space Type": "Memory",
                            "Workers": [
                              {
                                "Worker Number": 0,
                                "Sort Method": "quicksort",
                                "Sort Space Used": 45629,
                                "Sort Space Type": "Memory"
                              }
                            ],
                            "Plans": [
                              {
                                "Node Type": "Merge Join",
                                "Parent Relationship": "Outer",
                                "Parallel Aware": false,
                                "Join Type": "Inner",
                                "Startup Cost": 549861.01,
                                "Total Cost": 663446.76,
                                "Plan Rows": 540911,
                                "Plan Width": 29,
                                "Actual Startup Time": 2623.327,
                                "Actual Total Time": 3449.533,
                                "Actual Rows": 460717,
                                "Actual Loops": 2,
                                "Inner Unique": false,
                                "Merge Cond": "(t.id = mi.movie_id)",
                                "Plans": [
                                  {
                                    "Node Type": "Index Scan",
                                    "Parent Relationship": "Outer",
                                    "Parallel Aware": true,
                                    "Scan Direction": "Forward",
                                    "Index Name": "title_pkey",
                                    "Relation Name": "title",
                                    "Alias": "t",
                                    "Startup Cost": 0.43,
                                    "Total Cost": 99945.52,
                                    "Plan Rows": 1487175,
                                    "Plan Width": 21,
                                    "Actual Startup Time": 0.038,
                                    "Actual Total Time": 585.073,
                                    "Actual Rows": 1262926,
                                    "Actual Loops": 2
                                  },
                                  {
                                    "Node Type": "Sort",
                                    "Parent Relationship": "Inner",
                                    "Parallel Aware": false,
                                    "Startup Cost": 549855.36,
                                    "Total Cost": 552154.23,
                                    "Plan Rows": 919549,
                                    "Plan Width": 8,
                                    "Actual Startup Time": 2623.263,
                                    "Actual Total Time": 2675.314,
                                    "Actual Rows": 921434,
                                    "Actual Loops": 2,
                                    "Sort Key": [
                                      "mi.movie_id"
                                    ],
                                    "Sort Method": "quicksort",
                                    "Sort Space Used": 67769,
                                    "Sort Space Type": "Memory",
                                    "Workers": [
                                      {
                                        "Worker Number": 0,
                                        "Sort Method": "quicksort",
                                        "Sort Space Used": 67769,
                                        "Sort Space Type": "Memory"
                                      }
                                    ],
                                    "Plans": [
                                      {
                                        "Node Type": "Seq Scan",
                                        "Parent Relationship": "Outer",
                                        "Parallel Aware": false,
                                        "Relation Name": "movie_info",
                                        "Alias": "mi",
                                        "Startup Cost": 0.0,
                                        "Total Cost": 458771.42,
                                        "Plan Rows": 919549,
                                        "Plan Width": 8,
                                        "Actual Startup Time": 0.036,
                                        "Actual Total Time": 2438.79,
                                        "Actual Rows": 921434,
                                        "Actual Loops": 2,
                                        "Filter": "(info = ANY ('{Swedish,Denmark,Denish,Germany,Bulgaria,English,German,America}'::text[]))",
                                        "Rows Removed by Filter": 13914286
                                      }
                                    ]
                                  }
                                ]
                              }
                            ]
                          },
                          {
                            "Node Type": "Sort",
                            "Parent Relationship": "Inner",
                            "Parallel Aware": false,
                            "Startup Cost": 5.98,
                            "Total Cost": 6.27,
                            "Plan Rows": 113,
                            "Plan Width": 4,
                            "Actual Startup Time": 0.066,
                            "Actual Total Time": 0.071,
                            "Actual Rows": 77,
                            "Actual Loops": 2,
                            "Sort Key": [
                              "it.id"
                            ],
                            "Sort Method": "quicksort",
                            "Sort Space Used": 30,
                            "Sort Space Type": "Memory",
                            "Workers": [
                              {
                                "Worker Number": 0,
                                "Sort Method": "quicksort",
                                "Sort Space Used": 30,
                                "Sort Space Type": "Memory"
                              }
                            ],
                            "Plans": [
                              {
                                "Node Type": "Seq Scan",
                                "Parent Relationship": "Outer",
                                "Parallel Aware": false,
                                "Relation Name": "info_type",
                                "Alias": "it",
                                "Startup Cost": 0.0,
                                "Total Cost": 2.13,
                                "Plan Rows": 113,
                                "Plan Width": 4,
                                "Actual Startup Time": 0.038,
                                "Actual Total Time": 0.046,
                                "Actual Rows": 113,
                                "Actual Loops": 2
                              }
                            ]
                          }
                        ]
                      },
                      {
                        "Node Type": "Hash",
                        "Parent Relationship": "Inner",
                        "Parallel Aware": true,
                        "Startup Cost": 41811.73,
                        "Total Cost": 41811.73,
                        "Plan Rows": 2047,
                        "Plan Width": 8,
                        "Actual Startup Time": 224.966,
                        "Actual Total Time": 224.967,
                        "Actual Rows": 12012,
                        "Actual Loops": 2,
                        "Hash Buckets": 32768,
                        "Original Hash Buckets": 4096,
                        "Hash Batches": 1,
                        "Original Hash Batches": 1,
                        "Peak Memory Usage": 1472,
                        "Plans": [
                          {
                            "Node Type": "Seq Scan",
                            "Parent Relationship": "Outer",
                            "Parallel Aware": true,
                            "Relation Name": "movie_companies",
                            "Alias": "mc",
                            "Startup Cost": 0.0,
                            "Total Cost": 41811.73,
                            "Plan Rows": 2047,
                            "Plan Width": 8,
                            "Actual Startup Time": 9.092,
                            "Actual Total Time": 216.472,
                            "Actual Rows": 12012,
                            "Actual Loops": 2,
                            "Filter": "((note ~~ '%(theatrical)%'::text) AND (note ~~ '%(France)%'::text))",
                            "Rows Removed by Filter": 1292552
                          }
                        ]
                      }
                    ]
                  },
                  {
                    "Node Type": "Hash",
                    "Parent Relationship": "Inner",
                    "Parallel Aware": false,
                    "Startup Cost": 1.05,
                    "Total Cost": 1.05,
                    "Plan Rows": 1,
                    "Plan Width": 4,
                    "Actual Startup Time": 0.085,
                    "Actual Total Time": 0.085,
                    "Actual Rows": 1,
                    "Actual Loops": 2,
                    "Hash Buckets": 1024,
                    "Original Hash Buckets": 1024,
                    "Hash Batches": 1,
                    "Original Hash Batches": 1,
                    "Peak Memory Usage": 9,
                    "Plans": [
                      {
                        "Node Type": "Seq Scan",
                        "Parent Relationship": "Outer",
                        "Parallel Aware": false,
                        "Relation Name": "company_type",
                        "Alias": "ct",
                        "Startup Cost": 0.0,
                        "Total Cost": 1.05,
                        "Plan Rows": 1,
                        "Plan Width": 4,
                        "Actual Startup Time": 0.064,
                        "Actual Total Time": 0.067,
                        "Actual Rows": 1,
                        "Actual Loops": 2,
                        "Filter": "((kind)::text = 'production companies'::text)",
                        "Rows Removed by Filter": 3
                      }
                    ]
                  }
                ]
              }
            ]
          }
        ]
      }
    ]
  },
  "Planning Time": 1.83,
  "Triggers": [],
  "Execution Time": 3937.344
}