[
  {
    "Plan": {
      "Node Type": "Aggregate",
      "Strategy": "Plain",
      "Partial Mode": "Finalize",
      "Parallel Aware": false,
      "Startup Cost": 455144.4,
      "Total Cost": 455144.41,
      "Plan Rows": 1,
      "Plan Width": 8,
      "Actual Startup Time": 1983.245,
      "Actual Total Time": 2049.456,
      "Actual Rows": 1,
      "Actual Loops": 1,
      "Plans": [
        {
          "Node Type": "Gather",
          "Parent Relationship": "Outer",
          "Parallel Aware": false,
          "Startup Cost": 455143.77,
          "Total Cost": 455144.38,
          "Plan Rows": 6,
          "Plan Width": 8,
          "Actual Startup Time": 1970.013,
          "Actual Total Time": 2049.441,
          "Actual Rows": 7,
          "Actual Loops": 1,
          "Workers Planned": 6,
          "Workers Launched": 6,
          "Single Copy": false,
          "Plans": [
            {
              "Node Type": "Aggregate",
              "Strategy": "Plain",
              "Partial Mode": "Partial",
              "Parent Relationship": "Outer",
              "Parallel Aware": false,
              "Startup Cost": 454143.77,
              "Total Cost": 454143.78,
              "Plan Rows": 1,
              "Plan Width": 8,
              "Actual Startup Time": 1959.434,
              "Actual Total Time": 1959.513,
              "Actual Rows": 1,
              "Actual Loops": 7,
              "Plans": [
                {
                  "Node Type": "Hash Join",
                  "Parent Relationship": "Outer",
                  "Parallel Aware": true,
                  "Join Type": "Inner",
                  "Startup Cost": 93459.22,
                  "Total Cost": 452069.48,
                  "Plan Rows": 829719,
                  "Plan Width": 0,
                  "Actual Startup Time": 440.894,
                  "Actual Total Time": 1846.89,
                  "Actual Rows": 2594162,
                  "Actual Loops": 7,
                  "Inner Unique": false,
                  "Hash Cond": "(ci.movie_id = t.id)",
                  "Plans": [
                    {
                      "Node Type": "Seq Scan",
                      "Parent Relationship": "Outer",
                      "Parallel Aware": true,
                      "Relation Name": "cast_info",
                      "Alias": "ci",
                      "Startup Cost": 0.0,
                      "Total Cost": 343316.27,
                      "Plan Rows": 3364658,
                      "Plan Width": 4,
                      "Actual Startup Time": 0.029,
                      "Actual Total Time": 706.167,
                      "Actual Rows": 3391016,
                      "Actual Loops": 7,
                      "Filter": "((person_id < 2732370) AND (role_id < 6))",
                      "Rows Removed by Filter": 1786748
                    },
                    {
                      "Node Type": "Hash",
                      "Parent Relationship": "Inner",
                      "Parallel Aware": true,
                      "Startup Cost": 90945.08,
                      "Total Cost": 90945.08,
                      "Plan Rows": 201131,
                      "Plan Width": 8,
                      "Actual Startup Time": 438.661,
                      "Actual Total Time": 438.739,
                      "Actual Rows": 88848,
                      "Actual Loops": 7,
                      "Hash Buckets": 1048576,
                      "Original Hash Buckets": 1048576,
                      "Hash Batches": 1,
                      "Original Hash Batches": 1,
                      "Peak Memory Usage": 32672,
                      "Plans": [
                        {
                          "Node Type": "Hash Join",
                          "Parent Relationship": "Outer",
                          "Parallel Aware": true,
                          "Join Type": "Inner",
                          "Startup Cost": 63448.98,
                          "Total Cost": 90945.08,
                          "Plan Rows": 201131,
                          "Plan Width": 8,
                          "Actual Startup Time": 309.378,
                          "Actual Total Time": 394.488,
                          "Actual Rows": 88848,
                          "Actual Loops": 7,
                          "Inner Unique": true,
                          "Hash Cond": "(mk.movie_id = t.id)",
                          "Plans": [
                            {
                              "Node Type": "Bitmap Heap Scan",
                              "Parent Relationship": "Outer",
                              "Parallel Aware": true,
                              "Relation Name": "movie_keyword",
                              "Alias": "mk",
                              "Startup Cost": 13228.6,
                              "Total Cost": 40196.73,
                              "Plan Rows": 201131,
                              "Plan Width": 4,
                              "Actual Startup Time": 43.923,
                              "Actual Total Time": 92.251,
                              "Actual Rows": 88848,
                              "Actual Loops": 7,
                              "Recheck Cond": "(keyword_id > 29338)",
                              "Rows Removed by Index Recheck": 0,
                              "Exact Heap Blocks": 3817,
                              "Lossy Heap Blocks": 0,
                              "Plans": [
                                {
                                  "Node Type": "Bitmap Index Scan",
                                  "Parent Relationship": "Outer",
                                  "Parallel Aware": false,
                                  "Index Name": "keyword_id_movie_keyword",
                                  "Startup Cost": 0.0,
                                  "Total Cost": 13072.72,
                                  "Plan Rows": 623505,
                                  "Plan Width": 0,
                                  "Actual Startup Time": 40.343,
                                  "Actual Total Time": 40.343,
                                  "Actual Rows": 621937,
                                  "Actual Loops": 1,
                                  "Index Cond": "(keyword_id > 29338)"
                                }
                              ]
                            },
                            {
                              "Node Type": "Hash",
                              "Parent Relationship": "Inner",
                              "Parallel Aware": true,
                              "Startup Cost": 42319.06,
                              "Total Cost": 42319.06,
                              "Plan Rows": 632106,
                              "Plan Width": 4,
                              "Actual Startup Time": 261.322,
                              "Actual Total Time": 261.323,
                              "Actual Rows": 361187,
                              "Actual Loops": 7,
                              "Hash Buckets": 4194304,
                              "Original Hash Buckets": 4194304,
                              "Hash Batches": 1,
                              "Original Hash Batches": 1,
                              "Peak Memory Usage": 131744,
                              "Plans": [
                                {
                                  "Node Type": "Seq Scan",
                                  "Parent Relationship": "Outer",
                                  "Parallel Aware": true,
                                  "Relation Name": "title",
                                  "Alias": "t",
                                  "Startup Cost": 0.0,
                                  "Total Cost": 42319.06,
                                  "Plan Rows": 632106,
                                  "Plan Width": 4,
                                  "Actual Startup Time": 0.043,
                                  "Actual Total Time": 74.963,
                                  "Actual Rows": 361187,
                                  "Actual Loops": 7
                                }
                              ]
                            }
                          ]
                        }
                      ]
                    }
                  ]
                }
              ]
            }
          ]
        }
      ]
    },
    "Planning Time": 0.441,
    "Triggers": [],
    "Execution Time": 2049.523
  }
]