[
    {
        "Bao": {
            "Bao prediction": "NaN",
            "Bao recommended hint": "(no hint)"
        }
    },
    {
        "Plan": {
            "Node Type": "Aggregate",
            "Strategy": "Plain",
            "Partial Mode": "Finalize",
            "Parallel Aware": false,
            "Startup Cost": 32699.01,
            "Total Cost": 32699.02,
            "Plan Rows": 1,
            "Plan Width": 8,
            "Actual Startup Time": 76.106,
            "Actual Total Time": 81.204,
            "Actual Rows": 1,
            "Actual Loops": 1,
            "Output": [
                "count(*)"
            ],
            "Plans": [
                {
                    "Node Type": "Gather",
                    "Parent Relationship": "Outer",
                    "Parallel Aware": false,
                    "Startup Cost": 32698.7,
                    "Total Cost": 32699.01,
                    "Plan Rows": 3,
                    "Plan Width": 8,
                    "Actual Startup Time": 76.018,
                    "Actual Total Time": 81.196,
                    "Actual Rows": 4,
                    "Actual Loops": 1,
                    "Output": [
                        "(PARTIAL count(*))"
                    ],
                    "Workers Planned": 3,
                    "Workers Launched": 3,
                    "Single Copy": false,
                    "Plans": [
                        {
                            "Node Type": "Aggregate",
                            "Strategy": "Plain",
                            "Partial Mode": "Partial",
                            "Parent Relationship": "Outer",
                            "Parallel Aware": false,
                            "Startup Cost": 31698.7,
                            "Total Cost": 31698.71,
                            "Plan Rows": 1,
                            "Plan Width": 8,
                            "Actual Startup Time": 67.921,
                            "Actual Total Time": 67.922,
                            "Actual Rows": 1,
                            "Actual Loops": 4,
                            "Output": [
                                "PARTIAL count(*)"
                            ],
                            "Workers": [
                                {
                                    "Worker Number": 0,
                                    "Actual Startup Time": 65.023,
                                    "Actual Total Time": 65.024,
                                    "Actual Rows": 1,
                                    "Actual Loops": 1
                                },
                                {
                                    "Worker Number": 1,
                                    "Actual Startup Time": 65.203,
                                    "Actual Total Time": 65.203,
                                    "Actual Rows": 1,
                                    "Actual Loops": 1
                                },
                                {
                                    "Worker Number": 2,
                                    "Actual Startup Time": 65.687,
                                    "Actual Total Time": 65.688,
                                    "Actual Rows": 1,
                                    "Actual Loops": 1
                                }
                            ],
                            "Plans": [
                                {
                                    "Node Type": "Seq Scan",
                                    "Parent Relationship": "Outer",
                                    "Parallel Aware": true,
                                    "Relation Name": "movie_companies",
                                    "Schema": "public",
                                    "Alias": "mc",
                                    "Startup Cost": 0.0,
                                    "Total Cost": 31414.82,
                                    "Plan Rows": 113551,
                                    "Plan Width": 0,
                                    "Actual Startup Time": 39.445,
                                    "Actual Total Time": 65.773,
                                    "Actual Rows": 49423,
                                    "Actual Loops": 4,
                                    "Output": [
                                        "id",
                                        "movie_id",
                                        "company_id",
                                        "company_type_id",
                                        "note"
                                    ],
                                    "Filter": "((mc.company_id < 1263) AND (mc.company_type_id > 1))",
                                    "Rows Removed by Filter": 602860,
                                    "Workers": [
                                        {
                                            "Worker Number": 0,
                                            "Actual Startup Time": 36.542,
                                            "Actual Total Time": 62.948,
                                            "Actual Rows": 47091,
                                            "Actual Loops": 1
                                        },
                                        {
                                            "Worker Number": 1,
                                            "Actual Startup Time": 36.728,
                                            "Actual Total Time": 63.266,
                                            "Actual Rows": 45119,
                                            "Actual Loops": 1
                                        },
                                        {
                                            "Worker Number": 2,
                                            "Actual Startup Time": 37.215,
                                            "Actual Total Time": 63.611,
                                            "Actual Rows": 47384,
                                            "Actual Loops": 1
                                        }
                                    ]
                                }
                            ]
                        }
                    ]
                }
            ]
        },
        "Planning Time": 176.583,
        "Triggers": [],
        "Execution Time": 81.241
    }
]