[
    {
        "Bao": {
            "Bao prediction": 462.833,
            "Bao recommended hint": "SET enable_mergejoin TO off; SET enable_indexscan TO off; "
        }
    },
    {
        "Plan": {
            "Node Type": "Aggregate",
            "Strategy": "Plain",
            "Partial Mode": "Finalize",
            "Parallel Aware": false,
            "Startup Cost": 346945.12,
            "Total Cost": 346945.14,
            "Plan Rows": 1,
            "Plan Width": 8,
            "Actual Startup Time": 791.373,
            "Actual Total Time": 821.35,
            "Actual Rows": 1,
            "Actual Loops": 1,
            "Output": [
                "count(*)"
            ],
            "Plans": [
                {
                    "Node Type": "Gather",
                    "Parent Relationship": "Outer",
                    "Parallel Aware": false,
                    "Startup Cost": 346944.5,
                    "Total Cost": 346945.11,
                    "Plan Rows": 6,
                    "Plan Width": 8,
                    "Actual Startup Time": 791.255,
                    "Actual Total Time": 821.341,
                    "Actual Rows": 7,
                    "Actual Loops": 1,
                    "Output": [
                        "(PARTIAL count(*))"
                    ],
                    "Workers Planned": 6,
                    "Workers Launched": 6,
                    "Single Copy": false,
                    "Plans": [
                        {
                            "Node Type": "Aggregate",
                            "Strategy": "Plain",
                            "Partial Mode": "Partial",
                            "Parent Relationship": "Outer",
                            "Parallel Aware": false,
                            "Startup Cost": 345944.5,
                            "Total Cost": 345944.51,
                            "Plan Rows": 1,
                            "Plan Width": 8,
                            "Actual Startup Time": 782.033,
                            "Actual Total Time": 782.034,
                            "Actual Rows": 1,
                            "Actual Loops": 7,
                            "Output": [
                                "PARTIAL count(*)"
                            ],
                            "Workers": [
                                {
                                    "Worker Number": 0,
                                    "Actual Startup Time": 780.174,
                                    "Actual Total Time": 780.175,
                                    "Actual Rows": 1,
                                    "Actual Loops": 1
                                },
                                {
                                    "Worker Number": 1,
                                    "Actual Startup Time": 780.394,
                                    "Actual Total Time": 780.395,
                                    "Actual Rows": 1,
                                    "Actual Loops": 1
                                },
                                {
                                    "Worker Number": 2,
                                    "Actual Startup Time": 780.617,
                                    "Actual Total Time": 780.619,
                                    "Actual Rows": 1,
                                    "Actual Loops": 1
                                },
                                {
                                    "Worker Number": 3,
                                    "Actual Startup Time": 780.73,
                                    "Actual Total Time": 780.73,
                                    "Actual Rows": 1,
                                    "Actual Loops": 1
                                },
                                {
                                    "Worker Number": 4,
                                    "Actual Startup Time": 780.734,
                                    "Actual Total Time": 780.734,
                                    "Actual Rows": 1,
                                    "Actual Loops": 1
                                },
                                {
                                    "Worker Number": 5,
                                    "Actual Startup Time": 781.17,
                                    "Actual Total Time": 781.171,
                                    "Actual Rows": 1,
                                    "Actual Loops": 1
                                }
                            ],
                            "Plans": [
                                {
                                    "Node Type": "Seq Scan",
                                    "Parent Relationship": "Outer",
                                    "Parallel Aware": true,
                                    "Relation Name": "cast_info",
                                    "Schema": "public",
                                    "Alias": "ci",
                                    "Startup Cost": 0.0,
                                    "Total Cost": 343318.94,
                                    "Plan Rows": 1050224,
                                    "Plan Width": 0,
                                    "Actual Startup Time": 540.067,
                                    "Actual Total Time": 721.802,
                                    "Actual Rows": 1006426,
                                    "Actual Loops": 7,
                                    "Output": [
                                        "id",
                                        "person_id",
                                        "movie_id",
                                        "person_role_id",
                                        "note",
                                        "nr_order",
                                        "role_id"
                                    ],
                                    "Filter": "((ci.person_id > 623594) AND (ci.role_id > 6))",
                                    "Rows Removed by Filter": 4171337,
                                    "Workers": [
                                        {
                                            "Worker Number": 0,
                                            "Actual Startup Time": 538.204,
                                            "Actual Total Time": 720.243,
                                            "Actual Rows": 905685,
                                            "Actual Loops": 1
                                        },
                                        {
                                            "Worker Number": 1,
                                            "Actual Startup Time": 538.425,
                                            "Actual Total Time": 720.485,
                                            "Actual Rows": 900511,
                                            "Actual Loops": 1
                                        },
                                        {
                                            "Worker Number": 2,
                                            "Actual Startup Time": 538.656,
                                            "Actual Total Time": 720.85,
                                            "Actual Rows": 902689,
                                            "Actual Loops": 1
                                        },
                                        {
                                            "Worker Number": 3,
                                            "Actual Startup Time": 538.755,
                                            "Actual Total Time": 720.935,
                                            "Actual Rows": 903468,
                                            "Actual Loops": 1
                                        },
                                        {
                                            "Worker Number": 4,
                                            "Actual Startup Time": 538.787,
                                            "Actual Total Time": 721.077,
                                            "Actual Rows": 891618,
                                            "Actual Loops": 1
                                        },
                                        {
                                            "Worker Number": 5,
                                            "Actual Startup Time": 539.196,
                                            "Actual Total Time": 721.147,
                                            "Actual Rows": 905611,
                                            "Actual Loops": 1
                                        }
                                    ]
                                }
                            ]
                        }
                    ]
                }
            ]
        },
        "Planning Time": 1064.921,
        "Triggers": [],
        "Execution Time": 821.451
    }
]