[
  {
    "Plan": {
      "Node Type": "Aggregate",
      "Strategy": "Plain",
      "Partial Mode": "Finalize",
      "Parallel Aware": false,
      "Startup Cost": 32610.59,
      "Total Cost": 32610.6,
      "Plan Rows": 1,
      "Plan Width": 8,
      "Actual Startup Time": 94.029,
      "Actual Total Time": 100.466,
      "Actual Rows": 1,
      "Actual Loops": 1,
      "Plans": [
        {
          "Node Type": "Gather",
          "Parent Relationship": "Outer",
          "Parallel Aware": false,
          "Startup Cost": 32610.27,
          "Total Cost": 32610.58,
          "Plan Rows": 3,
          "Plan Width": 8,
          "Actual Startup Time": 93.878,
          "Actual Total Time": 100.458,
          "Actual Rows": 4,
          "Actual Loops": 1,
          "Workers Planned": 3,
          "Workers Launched": 3,
          "Single Copy": false,
          "Plans": [
            {
              "Node Type": "Aggregate",
              "Strategy": "Plain",
              "Partial Mode": "Partial",
              "Parent Relationship": "Outer",
              "Parallel Aware": false,
              "Startup Cost": 31610.27,
              "Total Cost": 31610.28,
              "Plan Rows": 1,
              "Plan Width": 8,
              "Actual Startup Time": 85.419,
              "Actual Total Time": 85.42,
              "Actual Rows": 1,
              "Actual Loops": 4,
              "Plans": [
                {
                  "Node Type": "Seq Scan",
                  "Parent Relationship": "Outer",
                  "Parallel Aware": true,
                  "Relation Name": "movie_companies",
                  "Alias": "mc",
                  "Startup Cost": 0.0,
                  "Total Cost": 31414.82,
                  "Plan Rows": 78180,
                  "Plan Width": 0,
                  "Actual Startup Time": 0.037,
                  "Actual Total Time": 78.027,
                  "Actual Rows": 89200,
                  "Actual Loops": 4,
                  "Filter": "((company_id < 428) AND (company_type_id < 2))",
                  "Rows Removed by Filter": 563082
                }
              ]
            }
          ]
        }
      ]
    },
    "Planning Time": 0.198,
    "Triggers": [],
    "Execution Time": 100.52
  }
]