[
  {
    "Plan": {
      "Node Type": "Aggregate",
      "Strategy": "Plain",
      "Partial Mode": "Finalize",
      "Parallel Aware": false,
      "Startup Cost": 45781.06,
      "Total Cost": 45781.07,
      "Plan Rows": 1,
      "Plan Width": 8,
      "Actual Startup Time": 147.832,
      "Actual Total Time": 157.199,
      "Actual Rows": 1,
      "Actual Loops": 1,
      "Plans": [
        {
          "Node Type": "Gather",
          "Parent Relationship": "Outer",
          "Parallel Aware": false,
          "Startup Cost": 45780.74,
          "Total Cost": 45781.05,
          "Plan Rows": 3,
          "Plan Width": 8,
          "Actual Startup Time": 147.685,
          "Actual Total Time": 157.185,
          "Actual Rows": 4,
          "Actual Loops": 1,
          "Workers Planned": 3,
          "Workers Launched": 3,
          "Single Copy": false,
          "Plans": [
            {
              "Node Type": "Aggregate",
              "Strategy": "Plain",
              "Partial Mode": "Partial",
              "Parent Relationship": "Outer",
              "Parallel Aware": false,
              "Startup Cost": 44780.74,
              "Total Cost": 44780.75,
              "Plan Rows": 1,
              "Plan Width": 8,
              "Actual Startup Time": 140.953,
              "Actual Total Time": 140.954,
              "Actual Rows": 1,
              "Actual Loops": 4,
              "Plans": [
                {
                  "Node Type": "Seq Scan",
                  "Parent Relationship": "Outer",
                  "Parallel Aware": true,
                  "Relation Name": "movie_keyword",
                  "Alias": "mk",
                  "Startup Cost": 0.0,
                  "Total Cost": 42695.65,
                  "Plan Rows": 834035,
                  "Plan Width": 0,
                  "Actual Startup Time": 0.049,
                  "Actual Total Time": 112.392,
                  "Actual Rows": 649540,
                  "Actual Loops": 4,
                  "Filter": "(keyword_id < 6960)",
                  "Rows Removed by Filter": 481443
                }
              ]
            }
          ]
        }
      ]
    },
    "Planning Time": 0.065,
    "Triggers": [],
    "Execution Time": 157.233
  }
]