{
  "Plan": {
    "Node Type": "Aggregate",
    "Strategy": "Plain",
    "Partial Mode": "Finalize",
    "Parallel Aware": false,
    "Startup Cost": 713482.51,
    "Total Cost": 713482.52,
    "Plan Rows": 1,
    "Plan Width": 8,
    "Actual Startup Time": 7266.991,
    "Actual Total Time": 7306.03,
    "Actual Rows": 1,
    "Actual Loops": 1,
    "Plans": [
      {
        "Node Type": "Gather",
        "Parent Relationship": "Outer",
        "Parallel Aware": false,
        "Startup Cost": 713482.4,
        "Total Cost": 713482.51,
        "Plan Rows": 1,
        "Plan Width": 8,
        "Actual Startup Time": 7262.858,
        "Actual Total Time": 7306.023,
        "Actual Rows": 2,
        "Actual Loops": 1,
        "Workers Planned": 1,
        "Workers Launched": 1,
        "Single Copy": false,
        "Plans": [
          {
            "Node Type": "Aggregate",
            "Strategy": "Plain",
            "Partial Mode": "Partial",
            "Parent Relationship": "Outer",
            "Parallel Aware": false,
            "Startup Cost": 712482.4,
            "Total Cost": 712482.41,
            "Plan Rows": 1,
            "Plan Width": 8,
            "Actual Startup Time": 7256.114,
            "Actual Total Time": 7256.119,
            "Actual Rows": 1,
            "Actual Loops": 2,
            "Plans": [
              {
                "Node Type": "Hash Join",
                "Parent Relationship": "Outer",
                "Parallel Aware": true,
                "Join Type": "Inner",
                "Startup Cost": 105382.01,
                "Total Cost": 708896.59,
                "Plan Rows": 1434324,
                "Plan Width": 0,
                "Actual Startup Time": 649.32,
                "Actual Total Time": 7142.02,
                "Actual Rows": 2621756,
                "Actual Loops": 2,
                "Inner Unique": false,
                "Hash Cond": "(t.id = mc.movie_id)",
                "Plans": [
                  {
                    "Node Type": "Hash Join",
                    "Parent Relationship": "Outer",
                    "Parallel Aware": true,
                    "Join Type": "Inner",
                    "Startup Cost": 69461.26,
                    "Total Cost": 616406.8,
                    "Plan Rows": 7701095,
                    "Plan Width": 8,
                    "Actual Startup Time": 514.019,
                    "Actual Total Time": 5043.773,
                    "Actual Rows": 7019179,
                    "Actual Loops": 2,
                    "Inner Unique": true,
                    "Hash Cond": "(ci.movie_id = t.id)",
                    "Plans": [
                      {
                        "Node Type": "Index Scan",
                        "Parent Relationship": "Outer",
                        "Parallel Aware": true,
                        "Scan Direction": "Forward",
                        "Index Name": "role_id_cast_info",
                        "Relation Name": "cast_info",
                        "Alias": "ci",
                        "Startup Cost": 0.56,
                        "Total Cost": 526730.69,
                        "Plan Rows": 7701095,
                        "Plan Width": 4,
                        "Actual Startup Time": 0.068,
                        "Actual Total Time": 1321.753,
                        "Actual Rows": 7019179,
                        "Actual Loops": 2,
                        "Index Cond": "(role_id > 2)",
                        "Rows Removed by Index Recheck": 0,
                        "Filter": "(person_id > 724887)",
                        "Rows Removed by Filter": 1041662
                      },
                      {
                        "Node Type": "Hash",
                        "Parent Relationship": "Inner",
                        "Parallel Aware": true,
                        "Startup Cost": 50870.31,
                        "Total Cost": 50870.31,
                        "Plan Rows": 1487231,
                        "Plan Width": 4,
                        "Actual Startup Time": 501.768,
                        "Actual Total Time": 501.769,
                        "Actual Rows": 1264156,
                        "Actual Loops": 2,
                        "Hash Buckets": 4194304,
                        "Original Hash Buckets": 4194304,
                        "Hash Batches": 1,
                        "Original Hash Batches": 1,
                        "Peak Memory Usage": 131712,
                        "Plans": [
                          {
                            "Node Type": "Seq Scan",
                            "Parent Relationship": "Outer",
                            "Parallel Aware": true,
                            "Relation Name": "title",
                            "Alias": "t",
                            "Startup Cost": 0.0,
                            "Total Cost": 50870.31,
                            "Plan Rows": 1487231,
                            "Plan Width": 4,
                            "Actual Startup Time": 0.02,
                            "Actual Total Time": 148.395,
                            "Actual Rows": 1264156,
                            "Actual Loops": 2
                          }
                        ]
                      }
                    ]
                  },
                  {
                    "Node Type": "Hash",
                    "Parent Relationship": "Inner",
                    "Parallel Aware": true,
                    "Startup Cost": 32458.3,
                    "Total Cost": 32458.3,
                    "Plan Rows": 276996,
                    "Plan Width": 4,
                    "Actual Startup Time": 129.635,
                    "Actual Total Time": 129.636,
                    "Actual Rows": 239198,
                    "Actual Loops": 2,
                    "Hash Buckets": 524288,
                    "Original Hash Buckets": 524288,
                    "Hash Batches": 1,
                    "Original Hash Batches": 1,
                    "Peak Memory Usage": 22848,
                    "Plans": [
                      {
                        "Node Type": "Bitmap Heap Scan",
                        "Parent Relationship": "Outer",
                        "Parallel Aware": true,
                        "Relation Name": "movie_companies",
                        "Alias": "mc",
                        "Startup Cost": 10205.85,
                        "Total Cost": 32458.3,
                        "Plan Rows": 276996,
                        "Plan Width": 4,
                        "Actual Startup Time": 34.638,
                        "Actual Total Time": 81.051,
                        "Actual Rows": 239198,
                        "Actual Loops": 2,
                        "Recheck Cond": "(company_id > 75437)",
                        "Rows Removed by Index Recheck": 0,
                        "Exact Heap Blocks": 4473,
                        "Lossy Heap Blocks": 0,
                        "Plans": [
                          {
                            "Node Type": "Bitmap Index Scan",
                            "Parent Relationship": "Outer",
                            "Parallel Aware": false,
                            "Index Name": "company_id_movie_companies",
                            "Startup Cost": 0.0,
                            "Total Cost": 10088.13,
                            "Plan Rows": 470893,
                            "Plan Width": 0,
                            "Actual Startup Time": 33.851,
                            "Actual Total Time": 33.852,
                            "Actual Rows": 478397,
                            "Actual Loops": 1,
                            "Index Cond": "(company_id > 75437)"
                          }
                        ]
                      }
                    ]
                  }
                ]
              }
            ]
          }
        ]
      }
    ]
  },
  "Planning Time": 1.09,
  "Triggers": [],
  "Execution Time": 7306.137
}