[
  {
    "Plan": {
      "Node Type": "Aggregate",
      "Strategy": "Plain",
      "Partial Mode": "Finalize",
      "Parallel Aware": false,
      "Startup Cost": 61928.72,
      "Total Cost": 61928.73,
      "Plan Rows": 1,
      "Plan Width": 8,
      "Actual Startup Time": 30.071,
      "Actual Total Time": 33.866,
      "Actual Rows": 1,
      "Actual Loops": 1,
      "Plans": [
        {
          "Node Type": "Gather",
          "Parent Relationship": "Outer",
          "Parallel Aware": false,
          "Startup Cost": 61928.4,
          "Total Cost": 61928.71,
          "Plan Rows": 3,
          "Plan Width": 8,
          "Actual Startup Time": 29.734,
          "Actual Total Time": 33.862,
          "Actual Rows": 4,
          "Actual Loops": 1,
          "Workers Planned": 3,
          "Workers Launched": 3,
          "Single Copy": false,
          "Plans": [
            {
              "Node Type": "Aggregate",
              "Strategy": "Plain",
              "Partial Mode": "Partial",
              "Parent Relationship": "Outer",
              "Parallel Aware": false,
              "Startup Cost": 60928.4,
              "Total Cost": 60928.41,
              "Plan Rows": 1,
              "Plan Width": 8,
              "Actual Startup Time": 26.435,
              "Actual Total Time": 26.436,
              "Actual Rows": 1,
              "Actual Loops": 4,
              "Plans": [
                {
                  "Node Type": "Nested Loop",
                  "Parent Relationship": "Outer",
                  "Parallel Aware": false,
                  "Join Type": "Inner",
                  "Startup Cost": 578.44,
                  "Total Cost": 60907.01,
                  "Plan Rows": 8557,
                  "Plan Width": 0,
                  "Actual Startup Time": 0.561,
                  "Actual Total Time": 26.007,
                  "Actual Rows": 6420,
                  "Actual Loops": 4,
                  "Inner Unique": true,
                  "Plans": [
                    {
                      "Node Type": "Bitmap Heap Scan",
                      "Parent Relationship": "Outer",
                      "Parallel Aware": true,
                      "Relation Name": "movie_companies",
                      "Alias": "mc",
                      "Startup Cost": 578.01,
                      "Total Cost": 20447.11,
                      "Plan Rows": 8557,
                      "Plan Width": 4,
                      "Actual Startup Time": 0.479,
                      "Actual Total Time": 3.018,
                      "Actual Rows": 6420,
                      "Actual Loops": 4,
                      "Recheck Cond": "(company_id > 211419)",
                      "Rows Removed by Index Recheck": 0,
                      "Exact Heap Blocks": 410,
                      "Lossy Heap Blocks": 0,
                      "Plans": [
                        {
                          "Node Type": "Bitmap Index Scan",
                          "Parent Relationship": "Outer",
                          "Parallel Aware": false,
                          "Index Name": "company_id_movie_companies",
                          "Startup Cost": 0.0,
                          "Total Cost": 571.37,
                          "Plan Rows": 26526,
                          "Plan Width": 0,
                          "Actual Startup Time": 1.567,
                          "Actual Total Time": 1.567,
                          "Actual Rows": 25678,
                          "Actual Loops": 1,
                          "Index Cond": "(company_id > 211419)"
                        }
                      ]
                    },
                    {
                      "Node Type": "Index Only Scan",
                      "Parent Relationship": "Inner",
                      "Parallel Aware": false,
                      "Scan Direction": "Forward",
                      "Index Name": "title_pkey",
                      "Relation Name": "title",
                      "Alias": "t",
                      "Startup Cost": 0.43,
                      "Total Cost": 4.73,
                      "Plan Rows": 1,
                      "Plan Width": 4,
                      "Actual Startup Time": 0.003,
                      "Actual Total Time": 0.003,
                      "Actual Rows": 1,
                      "Actual Loops": 25678,
                      "Index Cond": "(id = mc.movie_id)",
                      "Rows Removed by Index Recheck": 0,
                      "Heap Fetches": 25678
                    }
                  ]
                }
              ]
            }
          ]
        }
      ]
    },
    "Planning Time": 0.287,
    "Triggers": [],
    "Execution Time": 33.904
  }
]