{
    "Plan": {
        "Node Type": "Aggregate",
        "Strategy": "Plain",
        "Partial Mode": "Finalize",
        "Parallel Aware": false,
        "Startup Cost": 646168.53,
        "Total Cost": 646168.54,
        "Plan Rows": 1,
        "Plan Width": 8,
        "Actual Startup Time": 4224.285,
        "Actual Total Time": 4308.961,
        "Actual Rows": 1,
        "Actual Loops": 1,
        "Output": [
            "count(*)"
        ],
        "Plans": [
            {
                "Node Type": "Gather",
                "Parent Relationship": "Outer",
                "Parallel Aware": false,
                "Startup Cost": 646167.9,
                "Total Cost": 646168.51,
                "Plan Rows": 6,
                "Plan Width": 8,
                "Actual Startup Time": 4199.03,
                "Actual Total Time": 4308.947,
                "Actual Rows": 7,
                "Actual Loops": 1,
                "Output": [
                    "(PARTIAL count(*))"
                ],
                "Workers Planned": 6,
                "Workers Launched": 6,
                "Single Copy": false,
                "Plans": [
                    {
                        "Node Type": "Aggregate",
                        "Strategy": "Plain",
                        "Partial Mode": "Partial",
                        "Parent Relationship": "Outer",
                        "Parallel Aware": false,
                        "Startup Cost": 645167.9,
                        "Total Cost": 645167.91,
                        "Plan Rows": 1,
                        "Plan Width": 8,
                        "Actual Startup Time": 4166.119,
                        "Actual Total Time": 4166.125,
                        "Actual Rows": 1,
                        "Actual Loops": 7,
                        "Output": [
                            "PARTIAL count(*)"
                        ],
                        "Workers": [
                            {
                                "Worker Number": 0,
                                "Actual Startup Time": 4160.489,
                                "Actual Total Time": 4160.493,
                                "Actual Rows": 1,
                                "Actual Loops": 1
                            },
                            {
                                "Worker Number": 1,
                                "Actual Startup Time": 4160.587,
                                "Actual Total Time": 4160.592,
                                "Actual Rows": 1,
                                "Actual Loops": 1
                            },
                            {
                                "Worker Number": 2,
                                "Actual Startup Time": 4160.801,
                                "Actual Total Time": 4160.805,
                                "Actual Rows": 1,
                                "Actual Loops": 1
                            },
                            {
                                "Worker Number": 3,
                                "Actual Startup Time": 4161.043,
                                "Actual Total Time": 4161.047,
                                "Actual Rows": 1,
                                "Actual Loops": 1
                            },
                            {
                                "Worker Number": 4,
                                "Actual Startup Time": 4160.932,
                                "Actual Total Time": 4160.937,
                                "Actual Rows": 1,
                                "Actual Loops": 1
                            },
                            {
                                "Worker Number": 5,
                                "Actual Startup Time": 4160.959,
                                "Actual Total Time": 4160.965,
                                "Actual Rows": 1,
                                "Actual Loops": 1
                            }
                        ],
                        "Plans": [
                            {
                                "Node Type": "Hash Join",
                                "Parent Relationship": "Outer",
                                "Parallel Aware": true,
                                "Join Type": "Inner",
                                "Startup Cost": 263607.41,
                                "Total Cost": 619726.67,
                                "Plan Rows": 10176492,
                                "Plan Width": 0,
                                "Actual Startup Time": 1061.642,
                                "Actual Total Time": 3834.667,
                                "Actual Rows": 7428595,
                                "Actual Loops": 7,
                                "Inner Unique": false,
                                "Hash Cond": "(ci.movie_id = t.id)",
                                "Workers": [
                                    {
                                        "Worker Number": 0,
                                        "Actual Startup Time": 1056.424,
                                        "Actual Total Time": 3807.369,
                                        "Actual Rows": 6998878,
                                        "Actual Loops": 1
                                    },
                                    {
                                        "Worker Number": 1,
                                        "Actual Startup Time": 1056.597,
                                        "Actual Total Time": 3807.292,
                                        "Actual Rows": 6963397,
                                        "Actual Loops": 1
                                    },
                                    {
                                        "Worker Number": 2,
                                        "Actual Startup Time": 1056.68,
                                        "Actual Total Time": 3804.189,
                                        "Actual Rows": 7013517,
                                        "Actual Loops": 1
                                    },
                                    {
                                        "Worker Number": 3,
                                        "Actual Startup Time": 1056.721,
                                        "Actual Total Time": 3839.716,
                                        "Actual Rows": 8111132,
                                        "Actual Loops": 1
                                    },
                                    {
                                        "Worker Number": 4,
                                        "Actual Startup Time": 1056.842,
                                        "Actual Total Time": 3838.482,
                                        "Actual Rows": 8212611,
                                        "Actual Loops": 1
                                    },
                                    {
                                        "Worker Number": 5,
                                        "Actual Startup Time": 1056.875,
                                        "Actual Total Time": 3860.221,
                                        "Actual Rows": 7043763,
                                        "Actual Loops": 1
                                    }
                                ],
                                "Plans": [
                                    {
                                        "Node Type": "Seq Scan",
                                        "Parent Relationship": "Outer",
                                        "Parallel Aware": true,
                                        "Relation Name": "cast_info",
                                        "Schema": "public",
                                        "Alias": "ci",
                                        "Startup Cost": 0.0,
                                        "Total Cost": 313108.29,
                                        "Plan Rows": 6042129,
                                        "Plan Width": 4,
                                        "Actual Startup Time": 0.034,
                                        "Actual Total Time": 570.673,
                                        "Actual Rows": 5177763,
                                        "Actual Loops": 7,
                                        "Output": [
                                            "ci.id",
                                            "ci.person_id",
                                            "ci.movie_id",
                                            "ci.person_role_id",
                                            "ci.note",
                                            "ci.nr_order",
                                            "ci.role_id"
                                        ],
                                        "Workers": [
                                            {
                                                "Worker Number": 0,
                                                "Actual Startup Time": 0.043,
                                                "Actual Total Time": 600.484,
                                                "Actual Rows": 4795767,
                                                "Actual Loops": 1
                                            },
                                            {
                                                "Worker Number": 1,
                                                "Actual Startup Time": 0.037,
                                                "Actual Total Time": 602.133,
                                                "Actual Rows": 4818053,
                                                "Actual Loops": 1
                                            },
                                            {
                                                "Worker Number": 2,
                                                "Actual Startup Time": 0.04,
                                                "Actual Total Time": 601.365,
                                                "Actual Rows": 4803978,
                                                "Actual Loops": 1
                                            },
                                            {
                                                "Worker Number": 3,
                                                "Actual Startup Time": 0.039,
                                                "Actual Total Time": 577.327,
                                                "Actual Rows": 5712572,
                                                "Actual Loops": 1
                                            },
                                            {
                                                "Worker Number": 4,
                                                "Actual Startup Time": 0.031,
                                                "Actual Total Time": 579.863,
                                                "Actual Rows": 5817836,
                                                "Actual Loops": 1
                                            },
                                            {
                                                "Worker Number": 5,
                                                "Actual Startup Time": 0.035,
                                                "Actual Total Time": 574.684,
                                                "Actual Rows": 4897679,
                                                "Actual Loops": 1
                                            }
                                        ]
                                    },
                                    {
                                        "Node Type": "Hash",
                                        "Parent Relationship": "Inner",
                                        "Parallel Aware": true,
                                        "Startup Cost": 252961.56,
                                        "Total Cost": 252961.56,
                                        "Plan Rows": 851668,
                                        "Plan Width": 8,
                                        "Actual Startup Time": 1051.671,
                                        "Actual Total Time": 1051.675,
                                        "Actual Rows": 334452,
                                        "Actual Loops": 7,
                                        "Output": [
                                            "t.id",
                                            "mi.movie_id"
                                        ],
                                        "Hash Buckets": 8388608,
                                        "Original Hash Buckets": 8388608,
                                        "Hash Batches": 1,
                                        "Original Hash Batches": 1,
                                        "Peak Memory Usage": 157248,
                                        "Workers": [
                                            {
                                                "Worker Number": 0,
                                                "Actual Startup Time": 1055.718,
                                                "Actual Total Time": 1055.72,
                                                "Actual Rows": 284922,
                                                "Actual Loops": 1
                                            },
                                            {
                                                "Worker Number": 1,
                                                "Actual Startup Time": 1055.724,
                                                "Actual Total Time": 1055.727,
                                                "Actual Rows": 284216,
                                                "Actual Loops": 1
                                            },
                                            {
                                                "Worker Number": 2,
                                                "Actual Startup Time": 1055.983,
                                                "Actual Total Time": 1055.985,
                                                "Actual Rows": 284302,
                                                "Actual Loops": 1
                                            },
                                            {
                                                "Worker Number": 3,
                                                "Actual Startup Time": 1055.924,
                                                "Actual Total Time": 1055.927,
                                                "Actual Rows": 387945,
                                                "Actual Loops": 1
                                            },
                                            {
                                                "Worker Number": 4,
                                                "Actual Startup Time": 1056.131,
                                                "Actual Total Time": 1056.135,
                                                "Actual Rows": 391311,
                                                "Actual Loops": 1
                                            },
                                            {
                                                "Worker Number": 5,
                                                "Actual Startup Time": 1056.181,
                                                "Actual Total Time": 1056.185,
                                                "Actual Rows": 330297,
                                                "Actual Loops": 1
                                            }
                                        ],
                                        "Plans": [
                                            {
                                                "Node Type": "Hash Join",
                                                "Parent Relationship": "Outer",
                                                "Parallel Aware": true,
                                                "Join Type": "Inner",
                                                "Startup Cost": 48867.23,
                                                "Total Cost": 252961.56,
                                                "Plan Rows": 851668,
                                                "Plan Width": 8,
                                                "Actual Startup Time": 173.531,
                                                "Actual Total Time": 832.965,
                                                "Actual Rows": 334452,
                                                "Actual Loops": 7,
                                                "Output": [
                                                    "t.id",
                                                    "mi.movie_id"
                                                ],
                                                "Inner Unique": true,
                                                "Hash Cond": "(mi.movie_id = t.id)",
                                                "Workers": [
                                                    {
                                                        "Worker Number": 0,
                                                        "Actual Startup Time": 173.507,
                                                        "Actual Total Time": 832.594,
                                                        "Actual Rows": 284922,
                                                        "Actual Loops": 1
                                                    },
                                                    {
                                                        "Worker Number": 1,
                                                        "Actual Startup Time": 173.497,
                                                        "Actual Total Time": 833.985,
                                                        "Actual Rows": 284216,
                                                        "Actual Loops": 1
                                                    },
                                                    {
                                                        "Worker Number": 2,
                                                        "Actual Startup Time": 173.48,
                                                        "Actual Total Time": 833.916,
                                                        "Actual Rows": 284302,
                                                        "Actual Loops": 1
                                                    },
                                                    {
                                                        "Worker Number": 3,
                                                        "Actual Startup Time": 173.447,
                                                        "Actual Total Time": 831.995,
                                                        "Actual Rows": 387945,
                                                        "Actual Loops": 1
                                                    },
                                                    {
                                                        "Worker Number": 4,
                                                        "Actual Startup Time": 173.467,
                                                        "Actual Total Time": 831.523,
                                                        "Actual Rows": 391311,
                                                        "Actual Loops": 1
                                                    },
                                                    {
                                                        "Worker Number": 5,
                                                        "Actual Startup Time": 173.572,
                                                        "Actual Total Time": 835.286,
                                                        "Actual Rows": 330297,
                                                        "Actual Loops": 1
                                                    }
                                                ],
                                                "Plans": [
                                                    {
                                                        "Node Type": "Seq Scan",
                                                        "Parent Relationship": "Outer",
                                                        "Parallel Aware": true,
                                                        "Relation Name": "movie_info",
                                                        "Schema": "public",
                                                        "Alias": "mi",
                                                        "Startup Cost": 0.0,
                                                        "Total Cost": 198880.74,
                                                        "Plan Rows": 1986127,
                                                        "Plan Width": 4,
                                                        "Actual Startup Time": 15.752,
                                                        "Actual Total Time": 343.938,
                                                        "Actual Rows": 1415965,
                                                        "Actual Loops": 7,
                                                        "Output": [
                                                            "mi.id",
                                                            "mi.movie_id",
                                                            "mi.info_type_id",
                                                            "mi.info",
                                                            "mi.note"
                                                        ],
                                                        "Filter": "(mi.info_type_id > 4)",
                                                        "Rows Removed by Filter": 703424,
                                                        "Workers": [
                                                            {
                                                                "Worker Number": 0,
                                                                "Actual Startup Time": 15.722,
                                                                "Actual Total Time": 359.951,
                                                                "Actual Rows": 1174063,
                                                                "Actual Loops": 1
                                                            },
                                                            {
                                                                "Worker Number": 1,
                                                                "Actual Startup Time": 15.706,
                                                                "Actual Total Time": 361.561,
                                                                "Actual Rows": 1170115,
                                                                "Actual Loops": 1
                                                            },
                                                            {
                                                                "Worker Number": 2,
                                                                "Actual Startup Time": 15.723,
                                                                "Actual Total Time": 361.407,
                                                                "Actual Rows": 1187510,
                                                                "Actual Loops": 1
                                                            },
                                                            {
                                                                "Worker Number": 3,
                                                                "Actual Startup Time": 15.717,
                                                                "Actual Total Time": 340.1,
                                                                "Actual Rows": 1671258,
                                                                "Actual Loops": 1
                                                            },
                                                            {
                                                                "Worker Number": 4,
                                                                "Actual Startup Time": 15.765,
                                                                "Actual Total Time": 342.977,
                                                                "Actual Rows": 1622728,
                                                                "Actual Loops": 1
                                                            },
                                                            {
                                                                "Worker Number": 5,
                                                                "Actual Startup Time": 15.764,
                                                                "Actual Total Time": 344.146,
                                                                "Actual Rows": 1370631,
                                                                "Actual Loops": 1
                                                            }
                                                        ]
                                                    },
                                                    {
                                                        "Node Type": "Hash",
                                                        "Parent Relationship": "Inner",
                                                        "Parallel Aware": true,
                                                        "Startup Cost": 45479.21,
                                                        "Total Cost": 45479.21,
                                                        "Plan Rows": 271042,
                                                        "Plan Width": 4,
                                                        "Actual Startup Time": 155.928,
                                                        "Actual Total Time": 155.929,
                                                        "Actual Rows": 149175,
                                                        "Actual Loops": 7,
                                                        "Output": [
                                                            "t.id"
                                                        ],
                                                        "Hash Buckets": 2097152,
                                                        "Original Hash Buckets": 2097152,
                                                        "Hash Batches": 1,
                                                        "Original Hash Batches": 1,
                                                        "Peak Memory Usage": 57344,
                                                        "Workers": [
                                                            {
                                                                "Worker Number": 0,
                                                                "Actual Startup Time": 157.449,
                                                                "Actual Total Time": 157.449,
                                                                "Actual Rows": 120561,
                                                                "Actual Loops": 1
                                                            },
                                                            {
                                                                "Worker Number": 1,
                                                                "Actual Startup Time": 157.469,
                                                                "Actual Total Time": 157.47,
                                                                "Actual Rows": 121225,
                                                                "Actual Loops": 1
                                                            },
                                                            {
                                                                "Worker Number": 2,
                                                                "Actual Startup Time": 157.461,
                                                                "Actual Total Time": 157.461,
                                                                "Actual Rows": 122172,
                                                                "Actual Loops": 1
                                                            },
                                                            {
                                                                "Worker Number": 3,
                                                                "Actual Startup Time": 157.446,
                                                                "Actual Total Time": 157.447,
                                                                "Actual Rows": 154575,
                                                                "Actual Loops": 1
                                                            },
                                                            {
                                                                "Worker Number": 4,
                                                                "Actual Startup Time": 157.381,
                                                                "Actual Total Time": 157.383,
                                                                "Actual Rows": 159924,
                                                                "Actual Loops": 1
                                                            },
                                                            {
                                                                "Worker Number": 5,
                                                                "Actual Startup Time": 157.588,
                                                                "Actual Total Time": 157.589,
                                                                "Actual Rows": 143145,
                                                                "Actual Loops": 1
                                                            }
                                                        ],
                                                        "Plans": [
                                                            {
                                                                "Node Type": "Seq Scan",
                                                                "Parent Relationship": "Outer",
                                                                "Parallel Aware": true,
                                                                "Relation Name": "title",
                                                                "Schema": "public",
                                                                "Alias": "t",
                                                                "Startup Cost": 0.0,
                                                                "Total Cost": 45479.21,
                                                                "Plan Rows": 271042,
                                                                "Plan Width": 4,
                                                                "Actual Startup Time": 0.08,
                                                                "Actual Total Time": 79.817,
                                                                "Actual Rows": 149175,
                                                                "Actual Loops": 7,
                                                                "Output": [
                                                                    "t.id"
                                                                ],
                                                                "Filter": "((t.production_year < 2009) AND (t.kind_id = 7))",
                                                                "Rows Removed by Filter": 212013,
                                                                "Workers": [
                                                                    {
                                                                        "Worker Number": 0,
                                                                        "Actual Startup Time": 0.094,
                                                                        "Actual Total Time": 82.012,
                                                                        "Actual Rows": 120561,
                                                                        "Actual Loops": 1
                                                                    },
                                                                    {
                                                                        "Worker Number": 1,
                                                                        "Actual Startup Time": 0.084,
                                                                        "Actual Total Time": 82.047,
                                                                        "Actual Rows": 121225,
                                                                        "Actual Loops": 1
                                                                    },
                                                                    {
                                                                        "Worker Number": 2,
                                                                        "Actual Startup Time": 0.095,
                                                                        "Actual Total Time": 81.994,
                                                                        "Actual Rows": 122172,
                                                                        "Actual Loops": 1
                                                                    },
                                                                    {
                                                                        "Worker Number": 3,
                                                                        "Actual Startup Time": 0.08,
                                                                        "Actual Total Time": 79.314,
                                                                        "Actual Rows": 154575,
                                                                        "Actual Loops": 1
                                                                    },
                                                                    {
                                                                        "Worker Number": 4,
                                                                        "Actual Startup Time": 0.093,
                                                                        "Actual Total Time": 80.16,
                                                                        "Actual Rows": 159924,
                                                                        "Actual Loops": 1
                                                                    },
                                                                    {
                                                                        "Worker Number": 5,
                                                                        "Actual Startup Time": 0.092,
                                                                        "Actual Total Time": 81.155,
                                                                        "Actual Rows": 143145,
                                                                        "Actual Loops": 1
                                                                    }
                                                                ]
                                                            }
                                                        ]
                                                    }
                                                ]
                                            }
                                        ]
                                    }
                                ]
                            }
                        ]
                    }
                ]
            }
        ]
    },
    "Planning Time": 1.616,
    "Triggers": [],
    "Execution Time": 4309.082
}