[
  {
    "Plan": {
      "Node Type": "Aggregate",
      "Strategy": "Plain",
      "Partial Mode": "Finalize",
      "Parallel Aware": false,
      "Startup Cost": 80704.15,
      "Total Cost": 80704.16,
      "Plan Rows": 1,
      "Plan Width": 8,
      "Actual Startup Time": 411.269,
      "Actual Total Time": 426.205,
      "Actual Rows": 1,
      "Actual Loops": 1,
      "Plans": [
        {
          "Node Type": "Gather",
          "Parent Relationship": "Outer",
          "Parallel Aware": false,
          "Startup Cost": 80703.83,
          "Total Cost": 80704.14,
          "Plan Rows": 3,
          "Plan Width": 8,
          "Actual Startup Time": 406.731,
          "Actual Total Time": 426.198,
          "Actual Rows": 4,
          "Actual Loops": 1,
          "Workers Planned": 3,
          "Workers Launched": 3,
          "Single Copy": false,
          "Plans": [
            {
              "Node Type": "Aggregate",
              "Strategy": "Plain",
              "Partial Mode": "Partial",
              "Parent Relationship": "Outer",
              "Parallel Aware": false,
              "Startup Cost": 79703.83,
              "Total Cost": 79703.84,
              "Plan Rows": 1,
              "Plan Width": 8,
              "Actual Startup Time": 399.194,
              "Actual Total Time": 399.198,
              "Actual Rows": 1,
              "Actual Loops": 4,
              "Plans": [
                {
                  "Node Type": "Hash Join",
                  "Parent Relationship": "Outer",
                  "Parallel Aware": true,
                  "Join Type": "Inner",
                  "Startup Cost": 48235.85,
                  "Total Cost": 78963.29,
                  "Plan Rows": 296217,
                  "Plan Width": 0,
                  "Actual Startup Time": 222.963,
                  "Actual Total Time": 391.506,
                  "Actual Rows": 188471,
                  "Actual Loops": 4,
                  "Inner Unique": true,
                  "Hash Cond": "(mc.movie_id = t.id)",
                  "Plans": [
                    {
                      "Node Type": "Seq Scan",
                      "Parent Relationship": "Outer",
                      "Parallel Aware": true,
                      "Relation Name": "movie_companies",
                      "Alias": "mc",
                      "Startup Cost": 0.0,
                      "Total Cost": 29310.68,
                      "Plan Rows": 539718,
                      "Plan Width": 4,
                      "Actual Startup Time": 1.203,
                      "Actual Total Time": 64.882,
                      "Actual Rows": 418172,
                      "Actual Loops": 4,
                      "Filter": "(company_id > 3424)",
                      "Rows Removed by Filter": 234110
                    },
                    {
                      "Node Type": "Hash",
                      "Parent Relationship": "Inner",
                      "Parallel Aware": true,
                      "Startup Cost": 43899.32,
                      "Total Cost": 43899.32,
                      "Plan Rows": 346922,
                      "Plan Width": 4,
                      "Actual Startup Time": 216.96,
                      "Actual Total Time": 216.961,
                      "Actual Rows": 345363,
                      "Actual Loops": 4,
                      "Hash Buckets": 2097152,
                      "Original Hash Buckets": 2097152,
                      "Hash Batches": 1,
                      "Original Hash Batches": 1,
                      "Peak Memory Usage": 70464,
                      "Plans": [
                        {
                          "Node Type": "Seq Scan",
                          "Parent Relationship": "Outer",
                          "Parallel Aware": true,
                          "Relation Name": "title",
                          "Alias": "t",
                          "Startup Cost": 0.0,
                          "Total Cost": 43899.32,
                          "Plan Rows": 346922,
                          "Plan Width": 4,
                          "Actual Startup Time": 0.041,
                          "Actual Total Time": 98.816,
                          "Actual Rows": 345363,
                          "Actual Loops": 4,
                          "Filter": "(production_year > 2000)",
                          "Rows Removed by Filter": 286715
                        }
                      ]
                    }
                  ]
                }
              ]
            }
          ]
        }
      ]
    },
    "Planning Time": 0.474,
    "Triggers": [],
    "Execution Time": 426.243
  }
]