{
  "Plan": {
    "Node Type": "Aggregate",
    "Strategy": "Plain",
    "Partial Mode": "Finalize",
    "Parallel Aware": false,
    "Startup Cost": 281225.21,
    "Total Cost": 281225.22,
    "Plan Rows": 1,
    "Plan Width": 8,
    "Actual Startup Time": 2185.784,
    "Actual Total Time": 2208.451,
    "Actual Rows": 1,
    "Actual Loops": 1,
    "Plans": [
      {
        "Node Type": "Gather",
        "Parent Relationship": "Outer",
        "Parallel Aware": false,
        "Startup Cost": 281225.09,
        "Total Cost": 281225.2,
        "Plan Rows": 1,
        "Plan Width": 8,
        "Actual Startup Time": 2179.696,
        "Actual Total Time": 2208.443,
        "Actual Rows": 2,
        "Actual Loops": 1,
        "Workers Planned": 1,
        "Workers Launched": 1,
        "Single Copy": false,
        "Plans": [
          {
            "Node Type": "Aggregate",
            "Strategy": "Plain",
            "Partial Mode": "Partial",
            "Parent Relationship": "Outer",
            "Parallel Aware": false,
            "Startup Cost": 280225.09,
            "Total Cost": 280225.1,
            "Plan Rows": 1,
            "Plan Width": 8,
            "Actual Startup Time": 2173.431,
            "Actual Total Time": 2173.436,
            "Actual Rows": 1,
            "Actual Loops": 2,
            "Plans": [
              {
                "Node Type": "Hash Join",
                "Parent Relationship": "Outer",
                "Parallel Aware": true,
                "Join Type": "Inner",
                "Startup Cost": 237226.44,
                "Total Cost": 279298.92,
                "Plan Rows": 370469,
                "Plan Width": 0,
                "Actual Startup Time": 1778.752,
                "Actual Total Time": 2152.392,
                "Actual Rows": 485813,
                "Actual Loops": 2,
                "Inner Unique": false,
                "Hash Cond": "(mc.movie_id = t.id)",
                "Plans": [
                  {
                    "Node Type": "Seq Scan",
                    "Parent Relationship": "Outer",
                    "Parallel Aware": true,
                    "Relation Name": "movie_companies",
                    "Alias": "mc",
                    "Startup Cost": 0.0,
                    "Total Cost": 34137.82,
                    "Plan Rows": 1534782,
                    "Plan Width": 4,
                    "Actual Startup Time": 0.018,
                    "Actual Total Time": 98.533,
                    "Actual Rows": 1304564,
                    "Actual Loops": 2
                  },
                  {
                    "Node Type": "Hash",
                    "Parent Relationship": "Inner",
                    "Parallel Aware": true,
                    "Startup Cost": 232739.05,
                    "Total Cost": 232739.05,
                    "Plan Rows": 358991,
                    "Plan Width": 8,
                    "Actual Startup Time": 1769.851,
                    "Actual Total Time": 1769.854,
                    "Actual Rows": 426331,
                    "Actual Loops": 2,
                    "Hash Buckets": 1048576,
                    "Original Hash Buckets": 1048576,
                    "Hash Batches": 1,
                    "Original Hash Batches": 1,
                    "Peak Memory Usage": 41568,
                    "Plans": [
                      {
                        "Node Type": "Merge Join",
                        "Parent Relationship": "Outer",
                        "Parallel Aware": false,
                        "Join Type": "Inner",
                        "Startup Cost": 122546.47,
                        "Total Cost": 232739.05,
                        "Plan Rows": 358991,
                        "Plan Width": 8,
                        "Actual Startup Time": 582.876,
                        "Actual Total Time": 1632.372,
                        "Actual Rows": 426331,
                        "Actual Loops": 2,
                        "Inner Unique": false,
                        "Merge Cond": "(t.id = ci.movie_id)",
                        "Plans": [
                          {
                            "Node Type": "Index Only Scan",
                            "Parent Relationship": "Outer",
                            "Parallel Aware": true,
                            "Scan Direction": "Forward",
                            "Index Name": "title_pkey",
                            "Relation Name": "title",
                            "Alias": "t",
                            "Startup Cost": 0.43,
                            "Total Cost": 99929.35,
                            "Plan Rows": 1487231,
                            "Plan Width": 4,
                            "Actual Startup Time": 0.116,
                            "Actual Total Time": 712.248,
                            "Actual Rows": 1262988,
                            "Actual Loops": 2,
                            "Heap Fetches": 2525977
                          },
                          {
                            "Node Type": "Sort",
                            "Parent Relationship": "Inner",
                            "Parallel Aware": false,
                            "Startup Cost": 122545.98,
                            "Total Cost": 124071.69,
                            "Plan Rows": 610285,
                            "Plan Width": 4,
                            "Actual Startup Time": 582.702,
                            "Actual Total Time": 717.353,
                            "Actual Rows": 852662,
                            "Actual Loops": 2,
                            "Sort Key": [
                              "ci.movie_id"
                            ],
                            "Sort Method": "quicksort",
                            "Sort Space Used": 64545,
                            "Sort Space Type": "Memory",
                            "Workers": [
                              {
                                "Worker Number": 0,
                                "Sort Method": "quicksort",
                                "Sort Space Used": 64545,
                                "Sort Space Type": "Memory"
                              }
                            ],
                            "Plans": [
                              {
                                "Node Type": "Index Scan",
                                "Parent Relationship": "Outer",
                                "Parallel Aware": false,
                                "Scan Direction": "Forward",
                                "Index Name": "role_id_cast_info",
                                "Relation Name": "cast_info",
                                "Alias": "ci",
                                "Startup Cost": 0.56,
                                "Total Cost": 63900.26,
                                "Plan Rows": 610285,
                                "Plan Width": 4,
                                "Actual Startup Time": 0.197,
                                "Actual Total Time": 317.484,
                                "Actual Rows": 852662,
                                "Actual Loops": 2,
                                "Index Cond": "(role_id = 8)",
                                "Rows Removed by Index Recheck": 0,
                                "Filter": "(person_id > 2392800)",
                                "Rows Removed by Filter": 850881
                              }
                            ]
                          }
                        ]
                      }
                    ]
                  }
                ]
              }
            ]
          }
        ]
      }
    ]
  },
  "Planning Time": 0.863,
  "Triggers": [],
  "Execution Time": 2208.557
}