[
  {
    "Plan": {
      "Node Type": "Aggregate",
      "Strategy": "Plain",
      "Partial Mode": "Finalize",
      "Parallel Aware": false,
      "Startup Cost": 45439.38,
      "Total Cost": 45439.39,
      "Plan Rows": 1,
      "Plan Width": 8,
      "Actual Startup Time": 160.64,
      "Actual Total Time": 174.482,
      "Actual Rows": 1,
      "Actual Loops": 1,
      "Plans": [
        {
          "Node Type": "Gather",
          "Parent Relationship": "Outer",
          "Parallel Aware": false,
          "Startup Cost": 45439.06,
          "Total Cost": 45439.37,
          "Plan Rows": 3,
          "Plan Width": 8,
          "Actual Startup Time": 160.426,
          "Actual Total Time": 174.471,
          "Actual Rows": 4,
          "Actual Loops": 1,
          "Workers Planned": 3,
          "Workers Launched": 3,
          "Single Copy": false,
          "Plans": [
            {
              "Node Type": "Aggregate",
              "Strategy": "Plain",
              "Partial Mode": "Partial",
              "Parent Relationship": "Outer",
              "Parallel Aware": false,
              "Startup Cost": 44439.06,
              "Total Cost": 44439.07,
              "Plan Rows": 1,
              "Plan Width": 8,
              "Actual Startup Time": 152.424,
              "Actual Total Time": 152.425,
              "Actual Rows": 1,
              "Actual Loops": 4,
              "Plans": [
                {
                  "Node Type": "Seq Scan",
                  "Parent Relationship": "Outer",
                  "Parallel Aware": true,
                  "Relation Name": "movie_keyword",
                  "Alias": "mk",
                  "Startup Cost": 0.0,
                  "Total Cost": 42695.65,
                  "Plan Rows": 697362,
                  "Plan Width": 0,
                  "Actual Startup Time": 0.067,
                  "Actual Total Time": 125.034,
                  "Actual Rows": 541231,
                  "Actual Loops": 4,
                  "Filter": "(keyword_id < 4168)",
                  "Rows Removed by Filter": 589751
                }
              ]
            }
          ]
        }
      ]
    },
    "Planning Time": 0.213,
    "Triggers": [],
    "Execution Time": 174.54
  }
]