{
  "Plan": {
    "Node Type": "Aggregate",
    "Strategy": "Plain",
    "Partial Mode": "Finalize",
    "Parallel Aware": false,
    "Startup Cost": 607726.66,
    "Total Cost": 607726.67,
    "Plan Rows": 1,
    "Plan Width": 8,
    "Actual Startup Time": 3037.36,
    "Actual Total Time": 3074.89,
    "Actual Rows": 1,
    "Actual Loops": 1,
    "Plans": [
      {
        "Node Type": "Gather",
        "Parent Relationship": "Outer",
        "Parallel Aware": false,
        "Startup Cost": 607726.55,
        "Total Cost": 607726.66,
        "Plan Rows": 1,
        "Plan Width": 8,
        "Actual Startup Time": 3036.192,
        "Actual Total Time": 3074.881,
        "Actual Rows": 2,
        "Actual Loops": 1,
        "Workers Planned": 1,
        "Workers Launched": 1,
        "Single Copy": false,
        "Plans": [
          {
            "Node Type": "Aggregate",
            "Strategy": "Plain",
            "Partial Mode": "Partial",
            "Parent Relationship": "Outer",
            "Parallel Aware": false,
            "Startup Cost": 606726.55,
            "Total Cost": 606726.56,
            "Plan Rows": 1,
            "Plan Width": 8,
            "Actual Startup Time": 3030.328,
            "Actual Total Time": 3030.494,
            "Actual Rows": 1,
            "Actual Loops": 2,
            "Plans": [
              {
                "Node Type": "Hash Join",
                "Parent Relationship": "Outer",
                "Parallel Aware": true,
                "Join Type": "Inner",
                "Startup Cost": 55355.47,
                "Total Cost": 604831.26,
                "Plan Rows": 758114,
                "Plan Width": 0,
                "Actual Startup Time": 159.165,
                "Actual Total Time": 2988.958,
                "Actual Rows": 800960,
                "Actual Loops": 2,
                "Inner Unique": true,
                "Hash Cond": "(ci.movie_id = t.id)",
                "Plans": [
                  {
                    "Node Type": "Index Scan",
                    "Parent Relationship": "Outer",
                    "Parallel Aware": true,
                    "Scan Direction": "Forward",
                    "Index Name": "role_id_cast_info",
                    "Relation Name": "cast_info",
                    "Alias": "ci",
                    "Startup Cost": 0.56,
                    "Total Cost": 526730.69,
                    "Plan Rows": 8665002,
                    "Plan Width": 4,
                    "Actual Startup Time": 0.077,
                    "Actual Total Time": 1464.187,
                    "Actual Rows": 7531830,
                    "Actual Loops": 2,
                    "Index Cond": "(role_id > 2)",
                    "Rows Removed by Index Recheck": 0,
                    "Filter": "(person_id > 363304)",
                    "Rows Removed by Filter": 529012
                  },
                  {
                    "Node Type": "Hash",
                    "Parent Relationship": "Inner",
                    "Parallel Aware": true,
                    "Startup Cost": 53728.41,
                    "Total Cost": 53728.41,
                    "Plan Rows": 130120,
                    "Plan Width": 4,
                    "Actual Startup Time": 156.509,
                    "Actual Total Time": 156.51,
                    "Actual Rows": 173606,
                    "Actual Loops": 2,
                    "Hash Buckets": 524288,
                    "Original Hash Buckets": 262144,
                    "Hash Batches": 1,
                    "Original Hash Batches": 1,
                    "Peak Memory Usage": 19744,
                    "Plans": [
                      {
                        "Node Type": "Bitmap Heap Scan",
                        "Parent Relationship": "Outer",
                        "Parallel Aware": true,
                        "Relation Name": "title",
                        "Alias": "t",
                        "Startup Cost": 11878.15,
                        "Total Cost": 53728.41,
                        "Plan Rows": 130120,
                        "Plan Width": 4,
                        "Actual Startup Time": 39.257,
                        "Actual Total Time": 110.638,
                        "Actual Rows": 173606,
                        "Actual Loops": 2,
                        "Recheck Cond": "(kind_id < 2)",
                        "Rows Removed by Index Recheck": 0,
                        "Filter": "(production_year < 1996)",
                        "Rows Removed by Filter": 157806,
                        "Exact Heap Blocks": 9137,
                        "Lossy Heap Blocks": 0,
                        "Plans": [
                          {
                            "Node Type": "Bitmap Index Scan",
                            "Parent Relationship": "Outer",
                            "Parallel Aware": false,
                            "Index Name": "kind_id_title",
                            "Startup Cost": 0.0,
                            "Total Cost": 11822.85,
                            "Plan Rows": 663256,
                            "Plan Width": 0,
                            "Actual Startup Time": 40.752,
                            "Actual Total Time": 40.752,
                            "Actual Rows": 662825,
                            "Actual Loops": 1,
                            "Index Cond": "(kind_id < 2)"
                          }
                        ]
                      }
                    ]
                  }
                ]
              }
            ]
          }
        ]
      }
    ]
  },
  "Planning Time": 0.56,
  "Triggers": [],
  "Execution Time": 3074.974
}