{
  "Plan": {
    "Node Type": "Aggregate",
    "Strategy": "Plain",
    "Partial Mode": "Finalize",
    "Parallel Aware": false,
    "Startup Cost": 409836.9,
    "Total Cost": 409836.91,
    "Plan Rows": 1,
    "Plan Width": 8,
    "Actual Startup Time": 2844.346,
    "Actual Total Time": 2900.083,
    "Actual Rows": 1,
    "Actual Loops": 1,
    "Plans": [
      {
        "Node Type": "Gather",
        "Parent Relationship": "Outer",
        "Parallel Aware": false,
        "Startup Cost": 409836.79,
        "Total Cost": 409836.9,
        "Plan Rows": 1,
        "Plan Width": 8,
        "Actual Startup Time": 2841.579,
        "Actual Total Time": 2900.063,
        "Actual Rows": 2,
        "Actual Loops": 1,
        "Workers Planned": 1,
        "Workers Launched": 1,
        "Single Copy": false,
        "Plans": [
          {
            "Node Type": "Aggregate",
            "Strategy": "Plain",
            "Partial Mode": "Partial",
            "Parent Relationship": "Outer",
            "Parallel Aware": false,
            "Startup Cost": 408836.79,
            "Total Cost": 408836.8,
            "Plan Rows": 1,
            "Plan Width": 8,
            "Actual Startup Time": 2835.316,
            "Actual Total Time": 2835.78,
            "Actual Rows": 1,
            "Actual Loops": 2,
            "Plans": [
              {
                "Node Type": "Hash Join",
                "Parent Relationship": "Outer",
                "Parallel Aware": true,
                "Join Type": "Inner",
                "Startup Cost": 119550.56,
                "Total Cost": 406534.49,
                "Plan Rows": 920918,
                "Plan Width": 0,
                "Actual Startup Time": 591.034,
                "Actual Total Time": 2560.636,
                "Actual Rows": 6937026,
                "Actual Loops": 2,
                "Inner Unique": false,
                "Hash Cond": "(mi.movie_id = t.id)",
                "Plans": [
                  {
                    "Node Type": "Seq Scan",
                    "Parent Relationship": "Outer",
                    "Parallel Aware": true,
                    "Relation Name": "movie_info",
                    "Alias": "mi",
                    "Startup Cost": 0.0,
                    "Total Cost": 248955.74,
                    "Plan Rows": 8696274,
                    "Plan Width": 4,
                    "Actual Startup Time": 0.023,
                    "Actual Total Time": 645.994,
                    "Actual Rows": 7417860,
                    "Actual Loops": 2
                  },
                  {
                    "Node Type": "Hash",
                    "Parent Relationship": "Inner",
                    "Parallel Aware": true,
                    "Startup Cost": 117581.87,
                    "Total Cost": 117581.87,
                    "Plan Rows": 157495,
                    "Plan Width": 8,
                    "Actual Startup Time": 584.204,
                    "Actual Total Time": 584.666,
                    "Actual Rows": 188178,
                    "Actual Loops": 2,
                    "Hash Buckets": 524288,
                    "Original Hash Buckets": 524288,
                    "Hash Batches": 1,
                    "Original Hash Batches": 1,
                    "Peak Memory Usage": 18848,
                    "Plans": [
                      {
                        "Node Type": "Hash Join",
                        "Parent Relationship": "Outer",
                        "Parallel Aware": true,
                        "Join Type": "Inner",
                        "Startup Cost": 83035.8,
                        "Total Cost": 117581.87,
                        "Plan Rows": 157495,
                        "Plan Width": 8,
                        "Actual Startup Time": 325.802,
                        "Actual Total Time": 544.069,
                        "Actual Rows": 188178,
                        "Actual Loops": 2,
                        "Inner Unique": true,
                        "Hash Cond": "(mk.movie_id = t.id)",
                        "Plans": [
                          {
                            "Node Type": "Bitmap Heap Scan",
                            "Parent Relationship": "Outer",
                            "Parallel Aware": true,
                            "Relation Name": "movie_keyword",
                            "Alias": "mk",
                            "Startup Cost": 24059.38,
                            "Total Cost": 56853.94,
                            "Plan Rows": 667245,
                            "Plan Width": 4,
                            "Actual Startup Time": 62.25,
                            "Actual Total Time": 171.811,
                            "Actual Rows": 571207,
                            "Actual Loops": 2,
                            "Recheck Cond": "(keyword_id < 1301)",
                            "Rows Removed by Index Recheck": 0,
                            "Exact Heap Blocks": 12710,
                            "Lossy Heap Blocks": 0,
                            "Plans": [
                              {
                                "Node Type": "Bitmap Index Scan",
                                "Parent Relationship": "Outer",
                                "Parallel Aware": false,
                                "Index Name": "keyword_id_movie_keyword",
                                "Startup Cost": 0.0,
                                "Total Cost": 23775.8,
                                "Plan Rows": 1134316,
                                "Plan Width": 0,
                                "Actual Startup Time": 58.52,
                                "Actual Total Time": 58.521,
                                "Actual Rows": 1142414,
                                "Actual Loops": 1,
                                "Index Cond": "(keyword_id < 1301)"
                              }
                            ]
                          },
                          {
                            "Node Type": "Hash",
                            "Parent Relationship": "Inner",
                            "Parallel Aware": true,
                            "Startup Cost": 54588.39,
                            "Total Cost": 54588.39,
                            "Plan Rows": 351042,
                            "Plan Width": 4,
                            "Actual Startup Time": 256.547,
                            "Actual Total Time": 256.548,
                            "Actual Rows": 301706,
                            "Actual Loops": 2,
                            "Hash Buckets": 1048576,
                            "Original Hash Buckets": 1048576,
                            "Hash Batches": 1,
                            "Original Hash Batches": 1,
                            "Peak Memory Usage": 31840,
                            "Plans": [
                              {
                                "Node Type": "Seq Scan",
                                "Parent Relationship": "Outer",
                                "Parallel Aware": true,
                                "Relation Name": "title",
                                "Alias": "t",
                                "Startup Cost": 0.0,
                                "Total Cost": 54588.39,
                                "Plan Rows": 351042,
                                "Plan Width": 4,
                                "Actual Startup Time": 0.031,
                                "Actual Total Time": 157.231,
                                "Actual Rows": 301706,
                                "Actual Loops": 2,
                                "Filter": "(production_year < 1986)",
                                "Rows Removed by Filter": 962450
                              }
                            ]
                          }
                        ]
                      }
                    ]
                  }
                ]
              }
            ]
          }
        ]
      }
    ]
  },
  "Planning Time": 0.879,
  "Triggers": [],
  "Execution Time": 2900.199
}