{
    "Plan": {
        "Node Type": "Aggregate",
        "Strategy": "Plain",
        "Partial Mode": "Simple",
        "Parallel Aware": false,
        "Startup Cost": 2090.4,
        "Total Cost": 2090.41,
        "Plan Rows": 1,
        "Plan Width": 8,
        "Actual Startup Time": 27.101,
        "Actual Total Time": 27.104,
        "Actual Rows": 1,
        "Actual Loops": 1,
        "Output": [
            "count(*)"
        ],
        "Plans": [
            {
                "Node Type": "Nested Loop",
                "Parent Relationship": "Outer",
                "Parallel Aware": false,
                "Join Type": "Inner",
                "Startup Cost": 1.42,
                "Total Cost": 2090.24,
                "Plan Rows": 64,
                "Plan Width": 0,
                "Actual Startup Time": 25.221,
                "Actual Total Time": 27.077,
                "Actual Rows": 69,
                "Actual Loops": 1,
                "Inner Unique": false,
                "Plans": [
                    {
                        "Node Type": "Nested Loop",
                        "Parent Relationship": "Outer",
                        "Parallel Aware": false,
                        "Join Type": "Inner",
                        "Startup Cost": 0.99,
                        "Total Cost": 2027.94,
                        "Plan Rows": 117,
                        "Plan Width": 8,
                        "Actual Startup Time": 25.193,
                        "Actual Total Time": 26.257,
                        "Actual Rows": 101,
                        "Actual Loops": 1,
                        "Output": [
                            "t.id",
                            "ci.movie_id"
                        ],
                        "Inner Unique": true,
                        "Plans": [
                            {
                                "Node Type": "Index Scan",
                                "Parent Relationship": "Outer",
                                "Parallel Aware": false,
                                "Scan Direction": "Forward",
                                "Index Name": "person_id_cast_info",
                                "Relation Name": "cast_info",
                                "Schema": "public",
                                "Alias": "ci",
                                "Startup Cost": 0.56,
                                "Total Cost": 1039.59,
                                "Plan Rows": 117,
                                "Plan Width": 4,
                                "Actual Startup Time": 25.152,
                                "Actual Total Time": 25.225,
                                "Actual Rows": 101,
                                "Actual Loops": 1,
                                "Output": [
                                    "ci.id",
                                    "ci.person_id",
                                    "ci.movie_id",
                                    "ci.person_role_id",
                                    "ci.note",
                                    "ci.nr_order",
                                    "ci.role_id"
                                ],
                                "Index Cond": "(ci.person_id = 307768)",
                                "Rows Removed by Index Recheck": 0,
                                "Filter": "(ci.role_id > 5)",
                                "Rows Removed by Filter": 678
                            },
                            {
                                "Node Type": "Index Only Scan",
                                "Parent Relationship": "Inner",
                                "Parallel Aware": false,
                                "Scan Direction": "Forward",
                                "Index Name": "title_pkey",
                                "Relation Name": "title",
                                "Schema": "public",
                                "Alias": "t",
                                "Startup Cost": 0.43,
                                "Total Cost": 8.45,
                                "Plan Rows": 1,
                                "Plan Width": 4,
                                "Actual Startup Time": 0.009,
                                "Actual Total Time": 0.009,
                                "Actual Rows": 1,
                                "Actual Loops": 101,
                                "Output": [
                                    "t.id"
                                ],
                                "Index Cond": "(t.id = ci.movie_id)",
                                "Rows Removed by Index Recheck": 0,
                                "Heap Fetches": 101
                            }
                        ]
                    },
                    {
                        "Node Type": "Index Only Scan",
                        "Parent Relationship": "Inner",
                        "Parallel Aware": false,
                        "Scan Direction": "Forward",
                        "Index Name": "movie_id_movie_info_idx",
                        "Relation Name": "movie_info_idx",
                        "Schema": "public",
                        "Alias": "mi_idx",
                        "Startup Cost": 0.43,
                        "Total Cost": 0.5,
                        "Plan Rows": 3,
                        "Plan Width": 4,
                        "Actual Startup Time": 0.007,
                        "Actual Total Time": 0.007,
                        "Actual Rows": 1,
                        "Actual Loops": 101,
                        "Output": [
                            "mi_idx.movie_id"
                        ],
                        "Index Cond": "(mi_idx.movie_id = t.id)",
                        "Rows Removed by Index Recheck": 0,
                        "Heap Fetches": 69
                    }
                ]
            }
        ]
    },
    "Planning Time": 1.517,
    "Triggers": [],
    "Execution Time": 27.185
}