[
  {
    "Plan": {
      "Node Type": "Aggregate",
      "Strategy": "Plain",
      "Partial Mode": "Finalize",
      "Parallel Aware": false,
      "Startup Cost": 338382.62,
      "Total Cost": 338382.63,
      "Plan Rows": 1,
      "Plan Width": 8,
      "Actual Startup Time": 870.857,
      "Actual Total Time": 918.958,
      "Actual Rows": 1,
      "Actual Loops": 1,
      "Plans": [
        {
          "Node Type": "Gather",
          "Parent Relationship": "Outer",
          "Parallel Aware": false,
          "Startup Cost": 338382.0,
          "Total Cost": 338382.61,
          "Plan Rows": 6,
          "Plan Width": 8,
          "Actual Startup Time": 870.627,
          "Actual Total Time": 918.94,
          "Actual Rows": 7,
          "Actual Loops": 1,
          "Workers Planned": 6,
          "Workers Launched": 6,
          "Single Copy": false,
          "Plans": [
            {
              "Node Type": "Aggregate",
              "Strategy": "Plain",
              "Partial Mode": "Partial",
              "Parent Relationship": "Outer",
              "Parallel Aware": false,
              "Startup Cost": 337382.0,
              "Total Cost": 337382.01,
              "Plan Rows": 1,
              "Plan Width": 8,
              "Actual Startup Time": 860.9,
              "Actual Total Time": 860.903,
              "Actual Rows": 1,
              "Actual Loops": 7,
              "Plans": [
                {
                  "Node Type": "Seq Scan",
                  "Parent Relationship": "Outer",
                  "Parallel Aware": true,
                  "Relation Name": "cast_info",
                  "Alias": "ci",
                  "Startup Cost": 0.0,
                  "Total Cost": 328211.39,
                  "Plan Rows": 3668242,
                  "Plan Width": 0,
                  "Actual Startup Time": 178.205,
                  "Actual Total Time": 685.921,
                  "Actual Rows": 3123518,
                  "Actual Loops": 7,
                  "Filter": "(person_id > 1415867)",
                  "Rows Removed by Filter": 2054246
                }
              ]
            }
          ]
        }
      ]
    },
    "Planning Time": 0.278,
    "Triggers": [],
    "Execution Time": 919.041
  }
]