[
    {
        "Bao": {
            "Bao prediction": "NaN",
            "Bao recommended hint": "(no hint)"
        }
    },
    {
        "Plan": {
            "Node Type": "Aggregate",
            "Strategy": "Plain",
            "Partial Mode": "Finalize",
            "Parallel Aware": false,
            "Startup Cost": 38474.16,
            "Total Cost": 38474.17,
            "Plan Rows": 1,
            "Plan Width": 8,
            "Actual Startup Time": 128.165,
            "Actual Total Time": 132.869,
            "Actual Rows": 1,
            "Actual Loops": 1,
            "Output": [
                "count(*)"
            ],
            "Plans": [
                {
                    "Node Type": "Gather",
                    "Parent Relationship": "Outer",
                    "Parallel Aware": false,
                    "Startup Cost": 38473.84,
                    "Total Cost": 38474.15,
                    "Plan Rows": 3,
                    "Plan Width": 8,
                    "Actual Startup Time": 127.976,
                    "Actual Total Time": 132.86,
                    "Actual Rows": 4,
                    "Actual Loops": 1,
                    "Output": [
                        "(PARTIAL count(*))"
                    ],
                    "Workers Planned": 3,
                    "Workers Launched": 3,
                    "Single Copy": false,
                    "Plans": [
                        {
                            "Node Type": "Aggregate",
                            "Strategy": "Plain",
                            "Partial Mode": "Partial",
                            "Parent Relationship": "Outer",
                            "Parallel Aware": false,
                            "Startup Cost": 37473.84,
                            "Total Cost": 37473.85,
                            "Plan Rows": 1,
                            "Plan Width": 8,
                            "Actual Startup Time": 119.538,
                            "Actual Total Time": 119.54,
                            "Actual Rows": 1,
                            "Actual Loops": 4,
                            "Output": [
                                "PARTIAL count(*)"
                            ],
                            "Workers": [
                                {
                                    "Worker Number": 0,
                                    "Actual Startup Time": 116.731,
                                    "Actual Total Time": 116.733,
                                    "Actual Rows": 1,
                                    "Actual Loops": 1
                                },
                                {
                                    "Worker Number": 1,
                                    "Actual Startup Time": 116.757,
                                    "Actual Total Time": 116.759,
                                    "Actual Rows": 1,
                                    "Actual Loops": 1
                                },
                                {
                                    "Worker Number": 2,
                                    "Actual Startup Time": 117.116,
                                    "Actual Total Time": 117.118,
                                    "Actual Rows": 1,
                                    "Actual Loops": 1
                                }
                            ],
                            "Plans": [
                                {
                                    "Node Type": "Bitmap Heap Scan",
                                    "Parent Relationship": "Outer",
                                    "Parallel Aware": true,
                                    "Relation Name": "movie_keyword",
                                    "Schema": "public",
                                    "Alias": "mk",
                                    "Startup Cost": 10601.62,
                                    "Total Cost": 37070.8,
                                    "Plan Rows": 161215,
                                    "Plan Width": 0,
                                    "Actual Startup Time": 46.509,
                                    "Actual Total Time": 111.461,
                                    "Actual Rows": 122800,
                                    "Actual Loops": 4,
                                    "Recheck Cond": "(mk.keyword_id > 36657)",
                                    "Rows Removed by Index Recheck": 0,
                                    "Exact Heap Blocks": 7853,
                                    "Lossy Heap Blocks": 0,
                                    "Workers": [
                                        {
                                            "Worker Number": 0,
                                            "Actual Startup Time": 43.784,
                                            "Actual Total Time": 109.602,
                                            "Actual Rows": 108309,
                                            "Actual Loops": 1
                                        },
                                        {
                                            "Worker Number": 1,
                                            "Actual Startup Time": 43.893,
                                            "Actual Total Time": 109.624,
                                            "Actual Rows": 106912,
                                            "Actual Loops": 1
                                        },
                                        {
                                            "Worker Number": 2,
                                            "Actual Startup Time": 44.147,
                                            "Actual Total Time": 109.934,
                                            "Actual Rows": 108615,
                                            "Actual Loops": 1
                                        }
                                    ],
                                    "Plans": [
                                        {
                                            "Node Type": "Bitmap Index Scan",
                                            "Parent Relationship": "Outer",
                                            "Parallel Aware": false,
                                            "Index Name": "keyword_id_movie_keyword",
                                            "Startup Cost": 0.0,
                                            "Total Cost": 10476.68,
                                            "Plan Rows": 499766,
                                            "Plan Width": 0,
                                            "Actual Startup Time": 48.863,
                                            "Actual Total Time": 48.864,
                                            "Actual Rows": 491198,
                                            "Actual Loops": 1,
                                            "Index Cond": "(mk.keyword_id > 36657)"
                                        }
                                    ]
                                }
                            ]
                        }
                    ]
                }
            ]
        },
        "Planning Time": 297.977,
        "Triggers": [],
        "Execution Time": 132.997
    }
]