[
  {
    "Plan": {
      "Node Type": "Aggregate",
      "Strategy": "Plain",
      "Partial Mode": "Finalize",
      "Parallel Aware": false,
      "Startup Cost": 40632.98,
      "Total Cost": 40632.99,
      "Plan Rows": 1,
      "Plan Width": 8,
      "Actual Startup Time": 132.463,
      "Actual Total Time": 140.852,
      "Actual Rows": 1,
      "Actual Loops": 1,
      "Plans": [
        {
          "Node Type": "Gather",
          "Parent Relationship": "Outer",
          "Parallel Aware": false,
          "Startup Cost": 40632.67,
          "Total Cost": 40632.98,
          "Plan Rows": 3,
          "Plan Width": 8,
          "Actual Startup Time": 132.215,
          "Actual Total Time": 140.843,
          "Actual Rows": 4,
          "Actual Loops": 1,
          "Workers Planned": 3,
          "Workers Launched": 3,
          "Single Copy": false,
          "Plans": [
            {
              "Node Type": "Aggregate",
              "Strategy": "Plain",
              "Partial Mode": "Partial",
              "Parent Relationship": "Outer",
              "Parallel Aware": false,
              "Startup Cost": 39632.67,
              "Total Cost": 39632.68,
              "Plan Rows": 1,
              "Plan Width": 8,
              "Actual Startup Time": 126.179,
              "Actual Total Time": 126.18,
              "Actual Rows": 1,
              "Actual Loops": 4,
              "Plans": [
                {
                  "Node Type": "Bitmap Heap Scan",
                  "Parent Relationship": "Outer",
                  "Parallel Aware": true,
                  "Relation Name": "movie_keyword",
                  "Alias": "mk",
                  "Startup Cost": 12359.61,
                  "Total Cost": 39162.82,
                  "Plan Rows": 187937,
                  "Plan Width": 0,
                  "Actual Startup Time": 46.833,
                  "Actual Total Time": 118.194,
                  "Actual Rows": 143145,
                  "Actual Loops": 4,
                  "Recheck Cond": "(keyword_id > 32106)",
                  "Rows Removed by Index Recheck": 0,
                  "Exact Heap Blocks": 10233,
                  "Lossy Heap Blocks": 0,
                  "Plans": [
                    {
                      "Node Type": "Bitmap Index Scan",
                      "Parent Relationship": "Outer",
                      "Parallel Aware": false,
                      "Index Name": "keyword_id_movie_keyword",
                      "Startup Cost": 0.0,
                      "Total Cost": 12213.96,
                      "Plan Rows": 582604,
                      "Plan Width": 0,
                      "Actual Startup Time": 48.529,
                      "Actual Total Time": 48.529,
                      "Actual Rows": 572580,
                      "Actual Loops": 1,
                      "Index Cond": "(keyword_id > 32106)"
                    }
                  ]
                }
              ]
            }
          ]
        }
      ]
    },
    "Planning Time": 0.18,
    "Triggers": [],
    "Execution Time": 140.936
  }
]