[
  {
    "Plan": {
      "Node Type": "Aggregate",
      "Strategy": "Plain",
      "Partial Mode": "Finalize",
      "Parallel Aware": false,
      "Startup Cost": 158326.08,
      "Total Cost": 158326.09,
      "Plan Rows": 1,
      "Plan Width": 8,
      "Actual Startup Time": 235.878,
      "Actual Total Time": 250.173,
      "Actual Rows": 1,
      "Actual Loops": 1,
      "Plans": [
        {
          "Node Type": "Gather",
          "Parent Relationship": "Outer",
          "Parallel Aware": false,
          "Startup Cost": 158325.56,
          "Total Cost": 158326.07,
          "Plan Rows": 5,
          "Plan Width": 8,
          "Actual Startup Time": 235.75,
          "Actual Total Time": 250.163,
          "Actual Rows": 6,
          "Actual Loops": 1,
          "Workers Planned": 5,
          "Workers Launched": 5,
          "Single Copy": false,
          "Plans": [
            {
              "Node Type": "Aggregate",
              "Strategy": "Plain",
              "Partial Mode": "Partial",
              "Parent Relationship": "Outer",
              "Parallel Aware": false,
              "Startup Cost": 157325.56,
              "Total Cost": 157325.57,
              "Plan Rows": 1,
              "Plan Width": 8,
              "Actual Startup Time": 229.366,
              "Actual Total Time": 229.368,
              "Actual Rows": 1,
              "Actual Loops": 6,
              "Plans": [
                {
                  "Node Type": "Index Scan",
                  "Parent Relationship": "Outer",
                  "Parallel Aware": true,
                  "Scan Direction": "Forward",
                  "Index Name": "role_id_cast_info",
                  "Relation Name": "cast_info",
                  "Alias": "ci",
                  "Startup Cost": 0.56,
                  "Total Cost": 155872.35,
                  "Plan Rows": 581286,
                  "Plan Width": 0,
                  "Actual Startup Time": 0.101,
                  "Actual Total Time": 190.793,
                  "Actual Rows": 789598,
                  "Actual Loops": 6,
                  "Index Cond": "(role_id > 8)",
                  "Rows Removed by Index Recheck": 0,
                  "Filter": "(person_id > 1781305)",
                  "Rows Removed by Filter": 165851
                }
              ]
            }
          ]
        }
      ]
    },
    "Planning Time": 0.109,
    "Triggers": [],
    "Execution Time": 250.208
  }
]