{
  "Plan": {
    "Node Type": "Aggregate",
    "Strategy": "Plain",
    "Partial Mode": "Finalize",
    "Parallel Aware": false,
    "Startup Cost": 408542.42,
    "Total Cost": 408542.43,
    "Plan Rows": 1,
    "Plan Width": 8,
    "Actual Startup Time": 1129.966,
    "Actual Total Time": 1184.223,
    "Actual Rows": 1,
    "Actual Loops": 1,
    "Plans": [
      {
        "Node Type": "Gather",
        "Parent Relationship": "Outer",
        "Parallel Aware": false,
        "Startup Cost": 408542.3,
        "Total Cost": 408542.41,
        "Plan Rows": 1,
        "Plan Width": 8,
        "Actual Startup Time": 1129.751,
        "Actual Total Time": 1184.213,
        "Actual Rows": 2,
        "Actual Loops": 1,
        "Workers Planned": 1,
        "Workers Launched": 1,
        "Single Copy": false,
        "Plans": [
          {
            "Node Type": "Aggregate",
            "Strategy": "Plain",
            "Partial Mode": "Partial",
            "Parent Relationship": "Outer",
            "Parallel Aware": false,
            "Startup Cost": 407542.3,
            "Total Cost": 407542.31,
            "Plan Rows": 1,
            "Plan Width": 8,
            "Actual Startup Time": 1123.602,
            "Actual Total Time": 1123.607,
            "Actual Rows": 1,
            "Actual Loops": 2,
            "Plans": [
              {
                "Node Type": "Nested Loop",
                "Parent Relationship": "Outer",
                "Parallel Aware": false,
                "Join Type": "Inner",
                "Startup Cost": 38927.81,
                "Total Cost": 407329.47,
                "Plan Rows": 85134,
                "Plan Width": 0,
                "Actual Startup Time": 112.114,
                "Actual Total Time": 1118.532,
                "Actual Rows": 120814,
                "Actual Loops": 2,
                "Inner Unique": false,
                "Join Filter": "(t.id = mk.movie_id)",
                "Rows Removed by Join Filter": 0,
                "Plans": [
                  {
                    "Node Type": "Hash Join",
                    "Parent Relationship": "Outer",
                    "Parallel Aware": true,
                    "Join Type": "Inner",
                    "Startup Cost": 38927.38,
                    "Total Cost": 321378.57,
                    "Plan Rows": 47579,
                    "Plan Width": 8,
                    "Actual Startup Time": 111.919,
                    "Actual Total Time": 995.547,
                    "Actual Rows": 27509,
                    "Actual Loops": 2,
                    "Inner Unique": true,
                    "Hash Cond": "(mi.movie_id = t.id)",
                    "Plans": [
                      {
                        "Node Type": "Seq Scan",
                        "Parent Relationship": "Outer",
                        "Parallel Aware": true,
                        "Relation Name": "movie_info",
                        "Alias": "mi",
                        "Startup Cost": 0.0,
                        "Total Cost": 270696.42,
                        "Plan Rows": 4478001,
                        "Plan Width": 4,
                        "Actual Startup Time": 35.769,
                        "Actual Total Time": 677.884,
                        "Actual Rows": 3774428,
                        "Actual Loops": 2,
                        "Filter": "(info_type_id > 7)",
                        "Rows Removed by Filter": 3643432
                      },
                      {
                        "Node Type": "Hash",
                        "Parent Relationship": "Inner",
                        "Parallel Aware": true,
                        "Startup Cost": 38729.85,
                        "Total Cost": 38729.85,
                        "Plan Rows": 15802,
                        "Plan Width": 4,
                        "Actual Startup Time": 54.562,
                        "Actual Total Time": 54.563,
                        "Actual Rows": 7592,
                        "Actual Loops": 2,
                        "Hash Buckets": 32768,
                        "Original Hash Buckets": 32768,
                        "Hash Batches": 1,
                        "Original Hash Batches": 1,
                        "Peak Memory Usage": 864,
                        "Plans": [
                          {
                            "Node Type": "Bitmap Heap Scan",
                            "Parent Relationship": "Outer",
                            "Parallel Aware": true,
                            "Relation Name": "title",
                            "Alias": "t",
                            "Startup Cost": 1829.85,
                            "Total Cost": 38729.85,
                            "Plan Rows": 15802,
                            "Plan Width": 4,
                            "Actual Startup Time": 16.655,
                            "Actual Total Time": 52.144,
                            "Actual Rows": 7592,
                            "Actual Loops": 2,
                            "Recheck Cond": "(kind_id = 3)",
                            "Rows Removed by Index Recheck": 0,
                            "Filter": "(production_year > 2008)",
                            "Rows Removed by Filter": 42677,
                            "Exact Heap Blocks": 10811,
                            "Lossy Heap Blocks": 0,
                            "Plans": [
                              {
                                "Node Type": "Bitmap Index Scan",
                                "Parent Relationship": "Outer",
                                "Parallel Aware": false,
                                "Index Name": "kind_id_title",
                                "Startup Cost": 0.0,
                                "Total Cost": 1823.13,
                                "Plan Rows": 102227,
                                "Plan Width": 0,
                                "Actual Startup Time": 16.493,
                                "Actual Total Time": 16.494,
                                "Actual Rows": 100537,
                                "Actual Loops": 1,
                                "Index Cond": "(kind_id = 3)"
                              }
                            ]
                          }
                        ]
                      }
                    ]
                  },
                  {
                    "Node Type": "Index Only Scan",
                    "Parent Relationship": "Inner",
                    "Parallel Aware": false,
                    "Scan Direction": "Forward",
                    "Index Name": "movie_id_movie_keyword",
                    "Relation Name": "movie_keyword",
                    "Alias": "mk",
                    "Startup Cost": 0.43,
                    "Total Cost": 1.24,
                    "Plan Rows": 45,
                    "Plan Width": 4,
                    "Actual Startup Time": 0.003,
                    "Actual Total Time": 0.004,
                    "Actual Rows": 4,
                    "Actual Loops": 55018,
                    "Index Cond": "(movie_id = mi.movie_id)",
                    "Rows Removed by Index Recheck": 0,
                    "Heap Fetches": 241628
                  }
                ]
              }
            ]
          }
        ]
      }
    ]
  },
  "Planning Time": 1.081,
  "Triggers": [],
  "Execution Time": 1184.349
}