{
  "Plan": {
    "Node Type": "Aggregate",
    "Strategy": "Plain",
    "Partial Mode": "Finalize",
    "Parallel Aware": false,
    "Startup Cost": 140563.27,
    "Total Cost": 140563.28,
    "Plan Rows": 1,
    "Plan Width": 8,
    "Actual Startup Time": 1026.827,
    "Actual Total Time": 1037.606,
    "Actual Rows": 1,
    "Actual Loops": 1,
    "Plans": [
      {
        "Node Type": "Gather",
        "Parent Relationship": "Outer",
        "Parallel Aware": false,
        "Startup Cost": 140563.16,
        "Total Cost": 140563.27,
        "Plan Rows": 1,
        "Plan Width": 8,
        "Actual Startup Time": 1025.239,
        "Actual Total Time": 1037.597,
        "Actual Rows": 2,
        "Actual Loops": 1,
        "Workers Planned": 1,
        "Workers Launched": 1,
        "Single Copy": false,
        "Plans": [
          {
            "Node Type": "Aggregate",
            "Strategy": "Plain",
            "Partial Mode": "Partial",
            "Parent Relationship": "Outer",
            "Parallel Aware": false,
            "Startup Cost": 139563.16,
            "Total Cost": 139563.17,
            "Plan Rows": 1,
            "Plan Width": 8,
            "Actual Startup Time": 1022.065,
            "Actual Total Time": 1022.769,
            "Actual Rows": 1,
            "Actual Loops": 2,
            "Plans": [
              {
                "Node Type": "Hash Join",
                "Parent Relationship": "Outer",
                "Parallel Aware": true,
                "Join Type": "Inner",
                "Startup Cost": 76566.22,
                "Total Cost": 138980.88,
                "Plan Rows": 232910,
                "Plan Width": 0,
                "Actual Startup Time": 415.315,
                "Actual Total Time": 899.068,
                "Actual Rows": 3074910,
                "Actual Loops": 2,
                "Inner Unique": false,
                "Hash Cond": "(mk.movie_id = t.id)",
                "Plans": [
                  {
                    "Node Type": "Seq Scan",
                    "Parent Relationship": "Outer",
                    "Parallel Aware": true,
                    "Relation Name": "movie_keyword",
                    "Alias": "mk",
                    "Startup Cost": 0.0,
                    "Total Cost": 51065.35,
                    "Plan Rows": 2661135,
                    "Plan Width": 4,
                    "Actual Startup Time": 0.012,
                    "Actual Total Time": 147.801,
                    "Actual Rows": 2261965,
                    "Actual Loops": 2
                  },
                  {
                    "Node Type": "Hash",
                    "Parent Relationship": "Inner",
                    "Parallel Aware": true,
                    "Startup Cost": 74939.15,
                    "Total Cost": 74939.15,
                    "Plan Rows": 130166,
                    "Plan Width": 8,
                    "Actual Startup Time": 350.416,
                    "Actual Total Time": 351.119,
                    "Actual Rows": 239140,
                    "Actual Loops": 2,
                    "Hash Buckets": 524288,
                    "Original Hash Buckets": 262144,
                    "Hash Batches": 1,
                    "Original Hash Batches": 1,
                    "Peak Memory Usage": 24896,
                    "Plans": [
                      {
                        "Node Type": "Hash Join",
                        "Parent Relationship": "Outer",
                        "Parallel Aware": true,
                        "Join Type": "Inner",
                        "Startup Cost": 56755.36,
                        "Total Cost": 74939.15,
                        "Plan Rows": 130166,
                        "Plan Width": 8,
                        "Actual Startup Time": 199.355,
                        "Actual Total Time": 303.816,
                        "Actual Rows": 239140,
                        "Actual Loops": 2,
                        "Inner Unique": true,
                        "Hash Cond": "(mi_idx.movie_id = t.id)",
                        "Plans": [
                          {
                            "Node Type": "Seq Scan",
                            "Parent Relationship": "Outer",
                            "Parallel Aware": true,
                            "Relation Name": "movie_info_idx",
                            "Alias": "mi_idx",
                            "Startup Cost": 0.0,
                            "Total Cost": 16052.85,
                            "Plan Rows": 811785,
                            "Plan Width": 4,
                            "Actual Startup Time": 0.018,
                            "Actual Total Time": 48.884,
                            "Actual Rows": 690018,
                            "Actual Loops": 2
                          },
                          {
                            "Node Type": "Hash",
                            "Parent Relationship": "Inner",
                            "Parallel Aware": true,
                            "Startup Cost": 53774.46,
                            "Total Cost": 53774.46,
                            "Plan Rows": 238472,
                            "Plan Width": 4,
                            "Actual Startup Time": 147.269,
                            "Actual Total Time": 147.27,
                            "Actual Rows": 228073,
                            "Actual Loops": 2,
                            "Hash Buckets": 524288,
                            "Original Hash Buckets": 524288,
                            "Hash Batches": 1,
                            "Original Hash Batches": 1,
                            "Peak Memory Usage": 21984,
                            "Plans": [
                              {
                                "Node Type": "Bitmap Heap Scan",
                                "Parent Relationship": "Outer",
                                "Parallel Aware": true,
                                "Relation Name": "title",
                                "Alias": "t",
                                "Startup Cost": 11924.2,
                                "Total Cost": 53774.46,
                                "Plan Rows": 238472,
                                "Plan Width": 4,
                                "Actual Startup Time": 33.01,
                                "Actual Total Time": 97.93,
                                "Actual Rows": 228073,
                                "Actual Loops": 2,
                                "Recheck Cond": "(kind_id = 1)",
                                "Rows Removed by Index Recheck": 0,
                                "Filter": "(production_year < 2007)",
                                "Rows Removed by Filter": 103340,
                                "Exact Heap Blocks": 8057,
                                "Lossy Heap Blocks": 0,
                                "Plans": [
                                  {
                                    "Node Type": "Bitmap Index Scan",
                                    "Parent Relationship": "Outer",
                                    "Parallel Aware": false,
                                    "Index Name": "kind_id_title",
                                    "Startup Cost": 0.0,
                                    "Total Cost": 11822.85,
                                    "Plan Rows": 663256,
                                    "Plan Width": 0,
                                    "Actual Startup Time": 31.107,
                                    "Actual Total Time": 31.107,
                                    "Actual Rows": 662825,
                                    "Actual Loops": 1,
                                    "Index Cond": "(kind_id = 1)"
                                  }
                                ]
                              }
                            ]
                          }
                        ]
                      }
                    ]
                  }
                ]
              }
            ]
          }
        ]
      }
    ]
  },
  "Planning Time": 0.841,
  "Triggers": [],
  "Execution Time": 1037.704
}