{
    "Plan": {
        "Node Type": "Aggregate",
        "Strategy": "Plain",
        "Partial Mode": "Finalize",
        "Parallel Aware": false,
        "Startup Cost": 373786.57,
        "Total Cost": 373786.58,
        "Plan Rows": 1,
        "Plan Width": 8,
        "Actual Startup Time": 703.281,
        "Actual Total Time": 739.183,
        "Actual Rows": 1,
        "Actual Loops": 1,
        "Output": [
            "count(*)"
        ],
        "Plans": [
            {
                "Node Type": "Gather",
                "Parent Relationship": "Outer",
                "Parallel Aware": false,
                "Startup Cost": 373785.95,
                "Total Cost": 373786.56,
                "Plan Rows": 6,
                "Plan Width": 8,
                "Actual Startup Time": 700.055,
                "Actual Total Time": 739.17,
                "Actual Rows": 7,
                "Actual Loops": 1,
                "Output": [
                    "(PARTIAL count(*))"
                ],
                "Workers Planned": 6,
                "Workers Launched": 6,
                "Single Copy": false,
                "Plans": [
                    {
                        "Node Type": "Aggregate",
                        "Strategy": "Plain",
                        "Partial Mode": "Partial",
                        "Parent Relationship": "Outer",
                        "Parallel Aware": false,
                        "Startup Cost": 372785.95,
                        "Total Cost": 372785.96,
                        "Plan Rows": 1,
                        "Plan Width": 8,
                        "Actual Startup Time": 688.634,
                        "Actual Total Time": 688.637,
                        "Actual Rows": 1,
                        "Actual Loops": 7,
                        "Output": [
                            "PARTIAL count(*)"
                        ],
                        "Workers": [
                            {
                                "Worker Number": 0,
                                "Actual Startup Time": 686.705,
                                "Actual Total Time": 686.707,
                                "Actual Rows": 1,
                                "Actual Loops": 1
                            },
                            {
                                "Worker Number": 1,
                                "Actual Startup Time": 686.794,
                                "Actual Total Time": 686.797,
                                "Actual Rows": 1,
                                "Actual Loops": 1
                            },
                            {
                                "Worker Number": 2,
                                "Actual Startup Time": 686.787,
                                "Actual Total Time": 686.79,
                                "Actual Rows": 1,
                                "Actual Loops": 1
                            },
                            {
                                "Worker Number": 3,
                                "Actual Startup Time": 687.43,
                                "Actual Total Time": 687.433,
                                "Actual Rows": 1,
                                "Actual Loops": 1
                            },
                            {
                                "Worker Number": 4,
                                "Actual Startup Time": 686.792,
                                "Actual Total Time": 686.796,
                                "Actual Rows": 1,
                                "Actual Loops": 1
                            },
                            {
                                "Worker Number": 5,
                                "Actual Startup Time": 686.784,
                                "Actual Total Time": 686.787,
                                "Actual Rows": 1,
                                "Actual Loops": 1
                            }
                        ],
                        "Plans": [
                            {
                                "Node Type": "Hash Join",
                                "Parent Relationship": "Outer",
                                "Parallel Aware": true,
                                "Join Type": "Inner",
                                "Startup Cost": 47733.29,
                                "Total Cost": 372253.37,
                                "Plan Rows": 213030,
                                "Plan Width": 0,
                                "Actual Startup Time": 137.784,
                                "Actual Total Time": 683.072,
                                "Actual Rows": 111652,
                                "Actual Loops": 7,
                                "Inner Unique": true,
                                "Hash Cond": "(ci.movie_id = t.id)",
                                "Workers": [
                                    {
                                        "Worker Number": 0,
                                        "Actual Startup Time": 136.297,
                                        "Actual Total Time": 681.329,
                                        "Actual Rows": 122064,
                                        "Actual Loops": 1
                                    },
                                    {
                                        "Worker Number": 1,
                                        "Actual Startup Time": 136.194,
                                        "Actual Total Time": 680.833,
                                        "Actual Rows": 83891,
                                        "Actual Loops": 1
                                    },
                                    {
                                        "Worker Number": 2,
                                        "Actual Startup Time": 135.865,
                                        "Actual Total Time": 681.548,
                                        "Actual Rows": 118933,
                                        "Actual Loops": 1
                                    },
                                    {
                                        "Worker Number": 3,
                                        "Actual Startup Time": 136.125,
                                        "Actual Total Time": 681.488,
                                        "Actual Rows": 83432,
                                        "Actual Loops": 1
                                    },
                                    {
                                        "Worker Number": 4,
                                        "Actual Startup Time": 135.712,
                                        "Actual Total Time": 681.61,
                                        "Actual Rows": 116352,
                                        "Actual Loops": 1
                                    },
                                    {
                                        "Worker Number": 5,
                                        "Actual Startup Time": 135.869,
                                        "Actual Total Time": 681.638,
                                        "Actual Rows": 115198,
                                        "Actual Loops": 1
                                    }
                                ],
                                "Plans": [
                                    {
                                        "Node Type": "Index Scan",
                                        "Parent Relationship": "Outer",
                                        "Parallel Aware": true,
                                        "Scan Direction": "Forward",
                                        "Index Name": "role_id_cast_info",
                                        "Relation Name": "cast_info",
                                        "Schema": "public",
                                        "Alias": "ci",
                                        "Startup Cost": 0.56,
                                        "Total Cost": 322560.04,
                                        "Plan Rows": 746902,
                                        "Plan Width": 4,
                                        "Actual Startup Time": 0.206,
                                        "Actual Total Time": 406.293,
                                        "Actual Rows": 387812,
                                        "Actual Loops": 7,
                                        "Output": [
                                            "ci.id",
                                            "ci.person_id",
                                            "ci.movie_id",
                                            "ci.person_role_id",
                                            "ci.note",
                                            "ci.nr_order",
                                            "ci.role_id"
                                        ],
                                        "Index Cond": "(ci.role_id > 3)",
                                        "Rows Removed by Index Recheck": 0,
                                        "Filter": "(ci.person_id < 1331905)",
                                        "Rows Removed by Filter": 1342709,
                                        "Workers": [
                                            {
                                                "Worker Number": 0,
                                                "Actual Startup Time": 0.352,
                                                "Actual Total Time": 404.806,
                                                "Actual Rows": 417643,
                                                "Actual Loops": 1
                                            },
                                            {
                                                "Worker Number": 1,
                                                "Actual Startup Time": 0.349,
                                                "Actual Total Time": 418.693,
                                                "Actual Rows": 290799,
                                                "Actual Loops": 1
                                            },
                                            {
                                                "Worker Number": 2,
                                                "Actual Startup Time": 0.218,
                                                "Actual Total Time": 405.152,
                                                "Actual Rows": 410920,
                                                "Actual Loops": 1
                                            },
                                            {
                                                "Worker Number": 3,
                                                "Actual Startup Time": 0.099,
                                                "Actual Total Time": 417.955,
                                                "Actual Rows": 294701,
                                                "Actual Loops": 1
                                            },
                                            {
                                                "Worker Number": 4,
                                                "Actual Startup Time": 0.127,
                                                "Actual Total Time": 404.838,
                                                "Actual Rows": 408947,
                                                "Actual Loops": 1
                                            },
                                            {
                                                "Worker Number": 5,
                                                "Actual Startup Time": 0.085,
                                                "Actual Total Time": 405.895,
                                                "Actual Rows": 408699,
                                                "Actual Loops": 1
                                            }
                                        ]
                                    },
                                    {
                                        "Node Type": "Hash",
                                        "Parent Relationship": "Inner",
                                        "Parallel Aware": true,
                                        "Startup Cost": 45479.21,
                                        "Total Cost": 45479.21,
                                        "Plan Rows": 180281,
                                        "Plan Width": 4,
                                        "Actual Startup Time": 134.034,
                                        "Actual Total Time": 134.035,
                                        "Actual Rows": 113737,
                                        "Actual Loops": 7,
                                        "Output": [
                                            "t.id"
                                        ],
                                        "Hash Buckets": 1048576,
                                        "Original Hash Buckets": 1048576,
                                        "Hash Batches": 1,
                                        "Original Hash Batches": 1,
                                        "Peak Memory Usage": 39456,
                                        "Workers": [
                                            {
                                                "Worker Number": 0,
                                                "Actual Startup Time": 134.993,
                                                "Actual Total Time": 134.994,
                                                "Actual Rows": 115105,
                                                "Actual Loops": 1
                                            },
                                            {
                                                "Worker Number": 1,
                                                "Actual Startup Time": 135.074,
                                                "Actual Total Time": 135.075,
                                                "Actual Rows": 90717,
                                                "Actual Loops": 1
                                            },
                                            {
                                                "Worker Number": 2,
                                                "Actual Startup Time": 135.062,
                                                "Actual Total Time": 135.063,
                                                "Actual Rows": 113255,
                                                "Actual Loops": 1
                                            },
                                            {
                                                "Worker Number": 3,
                                                "Actual Startup Time": 135.07,
                                                "Actual Total Time": 135.071,
                                                "Actual Rows": 91121,
                                                "Actual Loops": 1
                                            },
                                            {
                                                "Worker Number": 4,
                                                "Actual Startup Time": 135.161,
                                                "Actual Total Time": 135.163,
                                                "Actual Rows": 110545,
                                                "Actual Loops": 1
                                            },
                                            {
                                                "Worker Number": 5,
                                                "Actual Startup Time": 135.083,
                                                "Actual Total Time": 135.084,
                                                "Actual Rows": 105060,
                                                "Actual Loops": 1
                                            }
                                        ],
                                        "Plans": [
                                            {
                                                "Node Type": "Seq Scan",
                                                "Parent Relationship": "Outer",
                                                "Parallel Aware": true,
                                                "Relation Name": "title",
                                                "Schema": "public",
                                                "Alias": "t",
                                                "Startup Cost": 0.0,
                                                "Total Cost": 45479.21,
                                                "Plan Rows": 180281,
                                                "Plan Width": 4,
                                                "Actual Startup Time": 0.064,
                                                "Actual Total Time": 78.62,
                                                "Actual Rows": 113737,
                                                "Actual Loops": 7,
                                                "Output": [
                                                    "t.id"
                                                ],
                                                "Filter": "((t.production_year > 2003) AND (t.kind_id = 7))",
                                                "Rows Removed by Filter": 247450,
                                                "Workers": [
                                                    {
                                                        "Worker Number": 0,
                                                        "Actual Startup Time": 0.072,
                                                        "Actual Total Time": 78.959,
                                                        "Actual Rows": 115105,
                                                        "Actual Loops": 1
                                                    },
                                                    {
                                                        "Worker Number": 1,
                                                        "Actual Startup Time": 0.074,
                                                        "Actual Total Time": 80.193,
                                                        "Actual Rows": 90717,
                                                        "Actual Loops": 1
                                                    },
                                                    {
                                                        "Worker Number": 2,
                                                        "Actual Startup Time": 0.073,
                                                        "Actual Total Time": 78.467,
                                                        "Actual Rows": 113255,
                                                        "Actual Loops": 1
                                                    },
                                                    {
                                                        "Worker Number": 3,
                                                        "Actual Startup Time": 0.072,
                                                        "Actual Total Time": 81.052,
                                                        "Actual Rows": 91121,
                                                        "Actual Loops": 1
                                                    },
                                                    {
                                                        "Worker Number": 4,
                                                        "Actual Startup Time": 0.062,
                                                        "Actual Total Time": 80.346,
                                                        "Actual Rows": 110545,
                                                        "Actual Loops": 1
                                                    },
                                                    {
                                                        "Worker Number": 5,
                                                        "Actual Startup Time": 0.076,
                                                        "Actual Total Time": 79.916,
                                                        "Actual Rows": 105060,
                                                        "Actual Loops": 1
                                                    }
                                                ]
                                            }
                                        ]
                                    }
                                ]
                            }
                        ]
                    }
                ]
            }
        ]
    },
    "Planning Time": 0.833,
    "Triggers": [],
    "Execution Time": 739.276
}