[
  {
    "Plan": {
      "Node Type": "Aggregate",
      "Strategy": "Plain",
      "Partial Mode": "Finalize",
      "Parallel Aware": false,
      "Startup Cost": 176967.41,
      "Total Cost": 176967.42,
      "Plan Rows": 1,
      "Plan Width": 8,
      "Actual Startup Time": 120.611,
      "Actual Total Time": 140.369,
      "Actual Rows": 1,
      "Actual Loops": 1,
      "Plans": [
        {
          "Node Type": "Gather",
          "Parent Relationship": "Outer",
          "Parallel Aware": false,
          "Startup Cost": 176966.99,
          "Total Cost": 176967.4,
          "Plan Rows": 4,
          "Plan Width": 8,
          "Actual Startup Time": 120.416,
          "Actual Total Time": 140.355,
          "Actual Rows": 5,
          "Actual Loops": 1,
          "Workers Planned": 4,
          "Workers Launched": 4,
          "Single Copy": false,
          "Plans": [
            {
              "Node Type": "Aggregate",
              "Strategy": "Plain",
              "Partial Mode": "Partial",
              "Parent Relationship": "Outer",
              "Parallel Aware": false,
              "Startup Cost": 175966.99,
              "Total Cost": 175967.0,
              "Plan Rows": 1,
              "Plan Width": 8,
              "Actual Startup Time": 115.14,
              "Actual Total Time": 115.142,
              "Actual Rows": 1,
              "Actual Loops": 5,
              "Plans": [
                {
                  "Node Type": "Nested Loop",
                  "Parent Relationship": "Outer",
                  "Parallel Aware": false,
                  "Join Type": "Inner",
                  "Startup Cost": 0.43,
                  "Total Cost": 175965.37,
                  "Plan Rows": 650,
                  "Plan Width": 0,
                  "Actual Startup Time": 0.914,
                  "Actual Total Time": 115.005,
                  "Actual Rows": 1014,
                  "Actual Loops": 5,
                  "Inner Unique": false,
                  "Plans": [
                    {
                      "Node Type": "Seq Scan",
                      "Parent Relationship": "Outer",
                      "Parallel Aware": true,
                      "Relation Name": "title",
                      "Alias": "t",
                      "Startup Cost": 0.0,
                      "Total Cost": 45479.59,
                      "Plan Rows": 1250,
                      "Plan Width": 4,
                      "Actual Startup Time": 0.677,
                      "Actual Total Time": 71.857,
                      "Actual Rows": 1183,
                      "Actual Loops": 5,
                      "Filter": "((kind_id < 7) AND (production_year = 1974))",
                      "Rows Removed by Filter": 504480
                    },
                    {
                      "Node Type": "Index Scan",
                      "Parent Relationship": "Inner",
                      "Parallel Aware": false,
                      "Scan Direction": "Forward",
                      "Index Name": "movie_id_movie_info",
                      "Relation Name": "movie_info",
                      "Alias": "mi",
                      "Startup Cost": 0.43,
                      "Total Cost": 104.35,
                      "Plan Rows": 4,
                      "Plan Width": 4,
                      "Actual Startup Time": 0.03,
                      "Actual Total Time": 0.036,
                      "Actual Rows": 1,
                      "Actual Loops": 5914,
                      "Index Cond": "(movie_id = t.id)",
                      "Rows Removed by Index Recheck": 0,
                      "Filter": "(info_type_id = 2)",
                      "Rows Removed by Filter": 10
                    }
                  ]
                }
              ]
            }
          ]
        }
      ]
    },
    "Planning Time": 0.569,
    "Triggers": [],
    "Execution Time": 140.411
  }
]