{
    "Plan": {
        "Node Type": "Aggregate",
        "Strategy": "Plain",
        "Partial Mode": "Finalize",
        "Parallel Aware": false,
        "Startup Cost": 89526.01,
        "Total Cost": 89526.02,
        "Plan Rows": 1,
        "Plan Width": 8,
        "Actual Startup Time": 219.777,
        "Actual Total Time": 242.121,
        "Actual Rows": 1,
        "Actual Loops": 1,
        "Output": [
            "count(*)"
        ],
        "Plans": [
            {
                "Node Type": "Gather",
                "Parent Relationship": "Outer",
                "Parallel Aware": false,
                "Startup Cost": 89525.69,
                "Total Cost": 89526.0,
                "Plan Rows": 3,
                "Plan Width": 8,
                "Actual Startup Time": 219.474,
                "Actual Total Time": 242.112,
                "Actual Rows": 4,
                "Actual Loops": 1,
                "Output": [
                    "(PARTIAL count(*))"
                ],
                "Workers Planned": 3,
                "Workers Launched": 3,
                "Single Copy": false,
                "Plans": [
                    {
                        "Node Type": "Aggregate",
                        "Strategy": "Plain",
                        "Partial Mode": "Partial",
                        "Parent Relationship": "Outer",
                        "Parallel Aware": false,
                        "Startup Cost": 88525.69,
                        "Total Cost": 88525.7,
                        "Plan Rows": 1,
                        "Plan Width": 8,
                        "Actual Startup Time": 210.927,
                        "Actual Total Time": 210.932,
                        "Actual Rows": 1,
                        "Actual Loops": 4,
                        "Output": [
                            "PARTIAL count(*)"
                        ],
                        "Workers": [
                            {
                                "Worker Number": 0,
                                "Actual Startup Time": 208.11,
                                "Actual Total Time": 208.113,
                                "Actual Rows": 1,
                                "Actual Loops": 1
                            },
                            {
                                "Worker Number": 1,
                                "Actual Startup Time": 208.306,
                                "Actual Total Time": 208.309,
                                "Actual Rows": 1,
                                "Actual Loops": 1
                            },
                            {
                                "Worker Number": 2,
                                "Actual Startup Time": 208.48,
                                "Actual Total Time": 208.482,
                                "Actual Rows": 1,
                                "Actual Loops": 1
                            }
                        ],
                        "Plans": [
                            {
                                "Node Type": "Hash Join",
                                "Parent Relationship": "Outer",
                                "Parallel Aware": true,
                                "Join Type": "Inner",
                                "Startup Cost": 45655.03,
                                "Total Cost": 88522.06,
                                "Plan Rows": 1453,
                                "Plan Width": 0,
                                "Actual Startup Time": 121.956,
                                "Actual Total Time": 210.915,
                                "Actual Rows": 114,
                                "Actual Loops": 4,
                                "Inner Unique": true,
                                "Hash Cond": "(mk.movie_id = t.id)",
                                "Workers": [
                                    {
                                        "Worker Number": 0,
                                        "Actual Startup Time": 119.092,
                                        "Actual Total Time": 208.096,
                                        "Actual Rows": 122,
                                        "Actual Loops": 1
                                    },
                                    {
                                        "Worker Number": 1,
                                        "Actual Startup Time": 119.307,
                                        "Actual Total Time": 208.293,
                                        "Actual Rows": 107,
                                        "Actual Loops": 1
                                    },
                                    {
                                        "Worker Number": 2,
                                        "Actual Startup Time": 119.496,
                                        "Actual Total Time": 208.465,
                                        "Actual Rows": 108,
                                        "Actual Loops": 1
                                    }
                                ],
                                "Plans": [
                                    {
                                        "Node Type": "Seq Scan",
                                        "Parent Relationship": "Outer",
                                        "Parallel Aware": true,
                                        "Relation Name": "movie_keyword",
                                        "Schema": "public",
                                        "Alias": "mk",
                                        "Startup Cost": 0.0,
                                        "Total Cost": 42695.65,
                                        "Plan Rows": 65284,
                                        "Plan Width": 4,
                                        "Actual Startup Time": 16.306,
                                        "Actual Total Time": 97.46,
                                        "Actual Rows": 50343,
                                        "Actual Loops": 4,
                                        "Output": [
                                            "mk.id",
                                            "mk.movie_id",
                                            "mk.keyword_id"
                                        ],
                                        "Filter": "(mk.keyword_id > 68334)",
                                        "Rows Removed by Filter": 1080639,
                                        "Workers": [
                                            {
                                                "Worker Number": 0,
                                                "Actual Startup Time": 16.353,
                                                "Actual Total Time": 97.685,
                                                "Actual Rows": 50450,
                                                "Actual Loops": 1
                                            },
                                            {
                                                "Worker Number": 1,
                                                "Actual Startup Time": 16.231,
                                                "Actual Total Time": 97.461,
                                                "Actual Rows": 50956,
                                                "Actual Loops": 1
                                            },
                                            {
                                                "Worker Number": 2,
                                                "Actual Startup Time": 16.247,
                                                "Actual Total Time": 97.402,
                                                "Actual Rows": 50965,
                                                "Actual Loops": 1
                                            }
                                        ]
                                    },
                                    {
                                        "Node Type": "Hash",
                                        "Parent Relationship": "Inner",
                                        "Parallel Aware": true,
                                        "Startup Cost": 45479.21,
                                        "Total Cost": 45479.21,
                                        "Plan Rows": 14066,
                                        "Plan Width": 4,
                                        "Actual Startup Time": 103.898,
                                        "Actual Total Time": 103.898,
                                        "Actual Rows": 13954,
                                        "Actual Loops": 4,
                                        "Output": [
                                            "t.id"
                                        ],
                                        "Hash Buckets": 65536,
                                        "Original Hash Buckets": 65536,
                                        "Hash Batches": 1,
                                        "Original Hash Batches": 1,
                                        "Peak Memory Usage": 2752,
                                        "Workers": [
                                            {
                                                "Worker Number": 0,
                                                "Actual Startup Time": 101.978,
                                                "Actual Total Time": 101.979,
                                                "Actual Rows": 13121,
                                                "Actual Loops": 1
                                            },
                                            {
                                                "Worker Number": 1,
                                                "Actual Startup Time": 102.173,
                                                "Actual Total Time": 102.174,
                                                "Actual Rows": 12934,
                                                "Actual Loops": 1
                                            },
                                            {
                                                "Worker Number": 2,
                                                "Actual Startup Time": 102.273,
                                                "Actual Total Time": 102.273,
                                                "Actual Rows": 13041,
                                                "Actual Loops": 1
                                            }
                                        ],
                                        "Plans": [
                                            {
                                                "Node Type": "Seq Scan",
                                                "Parent Relationship": "Outer",
                                                "Parallel Aware": true,
                                                "Relation Name": "title",
                                                "Schema": "public",
                                                "Alias": "t",
                                                "Startup Cost": 0.0,
                                                "Total Cost": 45479.21,
                                                "Plan Rows": 14066,
                                                "Plan Width": 4,
                                                "Actual Startup Time": 0.062,
                                                "Actual Total Time": 98.368,
                                                "Actual Rows": 13954,
                                                "Actual Loops": 4,
                                                "Output": [
                                                    "t.id"
                                                ],
                                                "Filter": "((t.production_year > 1997) AND (t.kind_id = 2))",
                                                "Rows Removed by Filter": 618124,
                                                "Workers": [
                                                    {
                                                        "Worker Number": 0,
                                                        "Actual Startup Time": 0.066,
                                                        "Actual Total Time": 96.42,
                                                        "Actual Rows": 13121,
                                                        "Actual Loops": 1
                                                    },
                                                    {
                                                        "Worker Number": 1,
                                                        "Actual Startup Time": 0.073,
                                                        "Actual Total Time": 97.119,
                                                        "Actual Rows": 12934,
                                                        "Actual Loops": 1
                                                    },
                                                    {
                                                        "Worker Number": 2,
                                                        "Actual Startup Time": 0.082,
                                                        "Actual Total Time": 96.824,
                                                        "Actual Rows": 13041,
                                                        "Actual Loops": 1
                                                    }
                                                ]
                                            }
                                        ]
                                    }
                                ]
                            }
                        ]
                    }
                ]
            }
        ]
    },
    "Planning Time": 0.646,
    "Triggers": [],
    "Execution Time": 242.192
}