[
  {
    "Plan": {
      "Node Type": "Aggregate",
      "Strategy": "Plain",
      "Partial Mode": "Finalize",
      "Parallel Aware": false,
      "Startup Cost": 46869.16,
      "Total Cost": 46869.17,
      "Plan Rows": 1,
      "Plan Width": 8,
      "Actual Startup Time": 94.448,
      "Actual Total Time": 105.713,
      "Actual Rows": 1,
      "Actual Loops": 1,
      "Plans": [
        {
          "Node Type": "Gather",
          "Parent Relationship": "Outer",
          "Parallel Aware": false,
          "Startup Cost": 46868.74,
          "Total Cost": 46869.15,
          "Plan Rows": 4,
          "Plan Width": 8,
          "Actual Startup Time": 94.262,
          "Actual Total Time": 105.702,
          "Actual Rows": 5,
          "Actual Loops": 1,
          "Workers Planned": 4,
          "Workers Launched": 4,
          "Single Copy": false,
          "Plans": [
            {
              "Node Type": "Aggregate",
              "Strategy": "Plain",
              "Partial Mode": "Partial",
              "Parent Relationship": "Outer",
              "Parallel Aware": false,
              "Startup Cost": 45868.74,
              "Total Cost": 45868.75,
              "Plan Rows": 1,
              "Plan Width": 8,
              "Actual Startup Time": 89.234,
              "Actual Total Time": 89.236,
              "Actual Rows": 1,
              "Actual Loops": 5,
              "Plans": [
                {
                  "Node Type": "Seq Scan",
                  "Parent Relationship": "Outer",
                  "Parallel Aware": true,
                  "Relation Name": "title",
                  "Alias": "t",
                  "Startup Cost": 0.0,
                  "Total Cost": 45479.59,
                  "Plan Rows": 155660,
                  "Plan Width": 0,
                  "Actual Startup Time": 37.264,
                  "Actual Total Time": 83.496,
                  "Actual Rows": 126858,
                  "Actual Loops": 5,
                  "Filter": "((kind_id < 2) AND (production_year < 2013))",
                  "Rows Removed by Filter": 378804
                }
              ]
            }
          ]
        }
      ]
    },
    "Planning Time": 0.107,
    "Triggers": [],
    "Execution Time": 105.752
  }
]