[
  {
    "Plan": {
      "Node Type": "Aggregate",
      "Strategy": "Plain",
      "Partial Mode": "Finalize",
      "Parallel Aware": false,
      "Startup Cost": 97619.05,
      "Total Cost": 97619.06,
      "Plan Rows": 1,
      "Plan Width": 8,
      "Actual Startup Time": 338.924,
      "Actual Total Time": 354.706,
      "Actual Rows": 1,
      "Actual Loops": 1,
      "Plans": [
        {
          "Node Type": "Gather",
          "Parent Relationship": "Outer",
          "Parallel Aware": false,
          "Startup Cost": 97618.73,
          "Total Cost": 97619.04,
          "Plan Rows": 3,
          "Plan Width": 8,
          "Actual Startup Time": 335.337,
          "Actual Total Time": 354.698,
          "Actual Rows": 4,
          "Actual Loops": 1,
          "Workers Planned": 3,
          "Workers Launched": 3,
          "Single Copy": false,
          "Plans": [
            {
              "Node Type": "Aggregate",
              "Strategy": "Plain",
              "Partial Mode": "Partial",
              "Parent Relationship": "Outer",
              "Parallel Aware": false,
              "Startup Cost": 96618.73,
              "Total Cost": 96618.74,
              "Plan Rows": 1,
              "Plan Width": 8,
              "Actual Startup Time": 324.06,
              "Actual Total Time": 324.067,
              "Actual Rows": 1,
              "Actual Loops": 4,
              "Plans": [
                {
                  "Node Type": "Hash Join",
                  "Parent Relationship": "Outer",
                  "Parallel Aware": true,
                  "Join Type": "Inner",
                  "Startup Cost": 63516.96,
                  "Total Cost": 96574.45,
                  "Plan Rows": 17714,
                  "Plan Width": 0,
                  "Actual Startup Time": 253.849,
                  "Actual Total Time": 323.111,
                  "Actual Rows": 22709,
                  "Actual Loops": 4,
                  "Inner Unique": false,
                  "Hash Cond": "(mc.movie_id = t.id)",
                  "Plans": [
                    {
                      "Node Type": "Seq Scan",
                      "Parent Relationship": "Outer",
                      "Parallel Aware": true,
                      "Relation Name": "movie_companies",
                      "Alias": "mc",
                      "Startup Cost": 0.0,
                      "Total Cost": 31414.82,
                      "Plan Rows": 418363,
                      "Plan Width": 4,
                      "Actual Startup Time": 30.562,
                      "Actual Total Time": 67.201,
                      "Actual Rows": 320693,
                      "Actual Loops": 4,
                      "Filter": "((company_id < 189801) AND (company_type_id = 2))",
                      "Rows Removed by Filter": 331589
                    },
                    {
                      "Node Type": "Hash",
                      "Parent Relationship": "Inner",
                      "Parallel Aware": true,
                      "Startup Cost": 62959.41,
                      "Total Cost": 62959.41,
                      "Plan Rows": 44604,
                      "Plan Width": 8,
                      "Actual Startup Time": 221.147,
                      "Actual Total Time": 221.153,
                      "Actual Rows": 19561,
                      "Actual Loops": 4,
                      "Hash Buckets": 131072,
                      "Original Hash Buckets": 131072,
                      "Hash Batches": 1,
                      "Original Hash Batches": 1,
                      "Peak Memory Usage": 4160,
                      "Plans": [
                        {
                          "Node Type": "Hash Join",
                          "Parent Relationship": "Outer",
                          "Parallel Aware": true,
                          "Join Type": "Inner",
                          "Startup Cost": 47339.47,
                          "Total Cost": 62959.41,
                          "Plan Rows": 44604,
                          "Plan Width": 8,
                          "Actual Startup Time": 155.974,
                          "Actual Total Time": 214.701,
                          "Actual Rows": 19561,
                          "Actual Loops": 4,
                          "Inner Unique": true,
                          "Hash Cond": "(mi_idx.movie_id = t.id)",
                          "Plans": [
                            {
                              "Node Type": "Seq Scan",
                              "Parent Relationship": "Outer",
                              "Parallel Aware": true,
                              "Relation Name": "movie_info_idx",
                              "Alias": "mi_idx",
                              "Startup Cost": 0.0,
                              "Total Cost": 15122.68,
                              "Plan Rows": 189429,
                              "Plan Width": 4,
                              "Actual Startup Time": 0.025,
                              "Actual Total Time": 29.109,
                              "Actual Rows": 114981,
                              "Actual Loops": 4,
                              "Filter": "(info_type_id < 100)",
                              "Rows Removed by Filter": 230028
                            },
                            {
                              "Node Type": "Hash",
                              "Parent Relationship": "Inner",
                              "Parallel Aware": true,
                              "Startup Cost": 45479.1,
                              "Total Cost": 45479.1,
                              "Plan Rows": 148830,
                              "Plan Width": 4,
                              "Actual Startup Time": 151.972,
                              "Actual Total Time": 151.973,
                              "Actual Rows": 117770,
                              "Actual Loops": 4,
                              "Hash Buckets": 1048576,
                              "Original Hash Buckets": 1048576,
                              "Hash Batches": 1,
                              "Original Hash Batches": 1,
                              "Peak Memory Usage": 26656,
                              "Plans": [
                                {
                                  "Node Type": "Seq Scan",
                                  "Parent Relationship": "Outer",
                                  "Parallel Aware": true,
                                  "Relation Name": "title",
                                  "Alias": "t",
                                  "Startup Cost": 0.0,
                                  "Total Cost": 45479.1,
                                  "Plan Rows": 148830,
                                  "Plan Width": 4,
                                  "Actual Startup Time": 0.05,
                                  "Actual Total Time": 99.489,
                                  "Actual Rows": 117770,
                                  "Actual Loops": 4,
                                  "Filter": "((kind_id > 1) AND (production_year < 1995))",
                                  "Rows Removed by Filter": 514308
                                }
                              ]
                            }
                          ]
                        }
                      ]
                    }
                  ]
                }
              ]
            }
          ]
        }
      ]
    },
    "Planning Time": 1.408,
    "Triggers": [],
    "Execution Time": 354.834
  }
]