{
  "Plan": {
    "Node Type": "Aggregate",
    "Strategy": "Plain",
    "Partial Mode": "Finalize",
    "Parallel Aware": false,
    "Startup Cost": 51630.31,
    "Total Cost": 51630.32,
    "Plan Rows": 1,
    "Plan Width": 8,
    "Actual Startup Time": 66.146,
    "Actual Total Time": 76.24,
    "Actual Rows": 1,
    "Actual Loops": 1,
    "Plans": [
      {
        "Node Type": "Gather",
        "Parent Relationship": "Outer",
        "Parallel Aware": false,
        "Startup Cost": 51630.2,
        "Total Cost": 51630.31,
        "Plan Rows": 1,
        "Plan Width": 8,
        "Actual Startup Time": 65.924,
        "Actual Total Time": 76.234,
        "Actual Rows": 2,
        "Actual Loops": 1,
        "Workers Planned": 1,
        "Workers Launched": 1,
        "Single Copy": false,
        "Plans": [
          {
            "Node Type": "Aggregate",
            "Strategy": "Plain",
            "Partial Mode": "Partial",
            "Parent Relationship": "Outer",
            "Parallel Aware": false,
            "Startup Cost": 50630.2,
            "Total Cost": 50630.21,
            "Plan Rows": 1,
            "Plan Width": 8,
            "Actual Startup Time": 59.808,
            "Actual Total Time": 59.809,
            "Actual Rows": 1,
            "Actual Loops": 2,
            "Plans": [
              {
                "Node Type": "Nested Loop",
                "Parent Relationship": "Outer",
                "Parallel Aware": false,
                "Join Type": "Inner",
                "Startup Cost": 177.57,
                "Total Cost": 50629.33,
                "Plan Rows": 347,
                "Plan Width": 0,
                "Actual Startup Time": 21.225,
                "Actual Total Time": 59.558,
                "Actual Rows": 3773,
                "Actual Loops": 2,
                "Inner Unique": false,
                "Plans": [
                  {
                    "Node Type": "Nested Loop",
                    "Parent Relationship": "Outer",
                    "Parallel Aware": false,
                    "Join Type": "Inner",
                    "Startup Cost": 177.14,
                    "Total Cost": 50220.34,
                    "Plan Rows": 336,
                    "Plan Width": 8,
                    "Actual Startup Time": 21.1,
                    "Actual Total Time": 52.981,
                    "Actual Rows": 482,
                    "Actual Loops": 2,
                    "Inner Unique": true,
                    "Plans": [
                      {
                        "Node Type": "Bitmap Heap Scan",
                        "Parent Relationship": "Outer",
                        "Parallel Aware": true,
                        "Relation Name": "movie_keyword",
                        "Alias": "mk",
                        "Startup Cost": 176.71,
                        "Total Cost": 17147.94,
                        "Plan Rows": 4879,
                        "Plan Width": 4,
                        "Actual Startup Time": 5.463,
                        "Actual Total Time": 18.343,
                        "Actual Rows": 4971,
                        "Actual Loops": 2,
                        "Recheck Cond": "(keyword_id = 56)",
                        "Rows Removed by Index Recheck": 0,
                        "Exact Heap Blocks": 6055,
                        "Lossy Heap Blocks": 0,
                        "Plans": [
                          {
                            "Node Type": "Bitmap Index Scan",
                            "Parent Relationship": "Outer",
                            "Parallel Aware": false,
                            "Index Name": "keyword_id_movie_keyword",
                            "Startup Cost": 0.0,
                            "Total Cost": 174.64,
                            "Plan Rows": 8294,
                            "Plan Width": 0,
                            "Actual Startup Time": 7.161,
                            "Actual Total Time": 7.162,
                            "Actual Rows": 9942,
                            "Actual Loops": 1,
                            "Index Cond": "(keyword_id = 56)"
                          }
                        ]
                      },
                      {
                        "Node Type": "Index Scan",
                        "Parent Relationship": "Inner",
                        "Parallel Aware": false,
                        "Scan Direction": "Forward",
                        "Index Name": "title_pkey",
                        "Relation Name": "title",
                        "Alias": "t",
                        "Startup Cost": 0.43,
                        "Total Cost": 6.78,
                        "Plan Rows": 1,
                        "Plan Width": 4,
                        "Actual Startup Time": 0.007,
                        "Actual Total Time": 0.007,
                        "Actual Rows": 0,
                        "Actual Loops": 9942,
                        "Index Cond": "(id = mk.movie_id)",
                        "Rows Removed by Index Recheck": 0,
                        "Filter": "((kind_id < 2) AND (production_year > 2008))",
                        "Rows Removed by Filter": 1
                      }
                    ]
                  },
                  {
                    "Node Type": "Index Only Scan",
                    "Parent Relationship": "Inner",
                    "Parallel Aware": false,
                    "Scan Direction": "Forward",
                    "Index Name": "movie_id_movie_companies",
                    "Relation Name": "movie_companies",
                    "Alias": "mc",
                    "Startup Cost": 0.43,
                    "Total Cost": 1.17,
                    "Plan Rows": 5,
                    "Plan Width": 4,
                    "Actual Startup Time": 0.009,
                    "Actual Total Time": 0.013,
                    "Actual Rows": 8,
                    "Actual Loops": 963,
                    "Index Cond": "(movie_id = t.id)",
                    "Rows Removed by Index Recheck": 0,
                    "Heap Fetches": 7546
                  }
                ]
              }
            ]
          }
        ]
      }
    ]
  },
  "Planning Time": 1.056,
  "Triggers": [],
  "Execution Time": 76.335
}