{
  "Plan": {
    "Node Type": "Aggregate",
    "Strategy": "Plain",
    "Partial Mode": "Finalize",
    "Parallel Aware": false,
    "Startup Cost": 103656.16,
    "Total Cost": 103656.17,
    "Plan Rows": 1,
    "Plan Width": 8,
    "Actual Startup Time": 563.383,
    "Actual Total Time": 579.115,
    "Actual Rows": 1,
    "Actual Loops": 1,
    "Plans": [
      {
        "Node Type": "Gather",
        "Parent Relationship": "Outer",
        "Parallel Aware": false,
        "Startup Cost": 103656.05,
        "Total Cost": 103656.16,
        "Plan Rows": 1,
        "Plan Width": 8,
        "Actual Startup Time": 560.202,
        "Actual Total Time": 579.1,
        "Actual Rows": 2,
        "Actual Loops": 1,
        "Workers Planned": 1,
        "Workers Launched": 1,
        "Single Copy": false,
        "Plans": [
          {
            "Node Type": "Aggregate",
            "Strategy": "Plain",
            "Partial Mode": "Partial",
            "Parent Relationship": "Outer",
            "Parallel Aware": false,
            "Startup Cost": 102656.05,
            "Total Cost": 102656.06,
            "Plan Rows": 1,
            "Plan Width": 8,
            "Actual Startup Time": 553.255,
            "Actual Total Time": 553.26,
            "Actual Rows": 1,
            "Actual Loops": 2,
            "Plans": [
              {
                "Node Type": "Hash Join",
                "Parent Relationship": "Outer",
                "Parallel Aware": true,
                "Join Type": "Inner",
                "Startup Cost": 78504.61,
                "Total Cost": 102299.6,
                "Plan Rows": 142578,
                "Plan Width": 0,
                "Actual Startup Time": 386.794,
                "Actual Total Time": 547.356,
                "Actual Rows": 121537,
                "Actual Loops": 2,
                "Inner Unique": true,
                "Hash Cond": "(mc.movie_id = t.id)",
                "Plans": [
                  {
                    "Node Type": "Bitmap Heap Scan",
                    "Parent Relationship": "Outer",
                    "Parallel Aware": true,
                    "Relation Name": "movie_companies",
                    "Alias": "mc",
                    "Startup Cost": 12188.15,
                    "Total Cost": 35114.5,
                    "Plan Rows": 330908,
                    "Plan Width": 4,
                    "Actual Startup Time": 30.504,
                    "Actual Total Time": 92.745,
                    "Actual Rows": 277756,
                    "Actual Loops": 2,
                    "Recheck Cond": "(company_id < 578)",
                    "Rows Removed by Index Recheck": 0,
                    "Exact Heap Blocks": 9228,
                    "Lossy Heap Blocks": 0,
                    "Plans": [
                      {
                        "Node Type": "Bitmap Index Scan",
                        "Parent Relationship": "Outer",
                        "Parallel Aware": false,
                        "Index Name": "company_id_movie_companies",
                        "Startup Cost": 0.0,
                        "Total Cost": 12047.51,
                        "Plan Rows": 562544,
                        "Plan Width": 0,
                        "Actual Startup Time": 27.761,
                        "Actual Total Time": 27.762,
                        "Actual Rows": 555511,
                        "Actual Loops": 1,
                        "Index Cond": "(company_id < 578)"
                      }
                    ]
                  },
                  {
                    "Node Type": "Hash",
                    "Parent Relationship": "Inner",
                    "Parallel Aware": true,
                    "Startup Cost": 58306.47,
                    "Total Cost": 58306.47,
                    "Plan Rows": 640800,
                    "Plan Width": 4,
                    "Actual Startup Time": 342.527,
                    "Actual Total Time": 342.528,
                    "Actual Rows": 522111,
                    "Actual Loops": 2,
                    "Hash Buckets": 2097152,
                    "Original Hash Buckets": 2097152,
                    "Hash Batches": 1,
                    "Original Hash Batches": 1,
                    "Peak Memory Usage": 57248,
                    "Plans": [
                      {
                        "Node Type": "Seq Scan",
                        "Parent Relationship": "Outer",
                        "Parallel Aware": true,
                        "Relation Name": "title",
                        "Alias": "t",
                        "Startup Cost": 0.0,
                        "Total Cost": 58306.47,
                        "Plan Rows": 640800,
                        "Plan Width": 4,
                        "Actual Startup Time": 0.029,
                        "Actual Total Time": 175.347,
                        "Actual Rows": 522111,
                        "Actual Loops": 2,
                        "Filter": "((production_year < 2009) AND (kind_id = 7))",
                        "Rows Removed by Filter": 742045
                      }
                    ]
                  }
                ]
              }
            ]
          }
        ]
      }
    ]
  },
  "Planning Time": 0.438,
  "Triggers": [],
  "Execution Time": 579.199
}