{
  "Plan": {
    "Node Type": "Aggregate",
    "Strategy": "Plain",
    "Partial Mode": "Finalize",
    "Parallel Aware": false,
    "Startup Cost": 621061.28,
    "Total Cost": 621061.29,
    "Plan Rows": 1,
    "Plan Width": 8,
    "Actual Startup Time": 3716.588,
    "Actual Total Time": 3784.061,
    "Actual Rows": 1,
    "Actual Loops": 1,
    "Plans": [
      {
        "Node Type": "Gather",
        "Parent Relationship": "Outer",
        "Parallel Aware": false,
        "Startup Cost": 621061.17,
        "Total Cost": 621061.28,
        "Plan Rows": 1,
        "Plan Width": 8,
        "Actual Startup Time": 3714.883,
        "Actual Total Time": 3784.054,
        "Actual Rows": 2,
        "Actual Loops": 1,
        "Workers Planned": 1,
        "Workers Launched": 1,
        "Single Copy": false,
        "Plans": [
          {
            "Node Type": "Aggregate",
            "Strategy": "Plain",
            "Partial Mode": "Partial",
            "Parent Relationship": "Outer",
            "Parallel Aware": false,
            "Startup Cost": 620061.17,
            "Total Cost": 620061.18,
            "Plan Rows": 1,
            "Plan Width": 8,
            "Actual Startup Time": 3709.023,
            "Actual Total Time": 3709.027,
            "Actual Rows": 1,
            "Actual Loops": 2,
            "Plans": [
              {
                "Node Type": "Hash Join",
                "Parent Relationship": "Outer",
                "Parallel Aware": true,
                "Join Type": "Inner",
                "Startup Cost": 64278.49,
                "Total Cost": 611460.32,
                "Plan Rows": 3440339,
                "Plan Width": 0,
                "Actual Startup Time": 670.165,
                "Actual Total Time": 3617.123,
                "Actual Rows": 2222008,
                "Actual Loops": 2,
                "Inner Unique": true,
                "Hash Cond": "(ci.movie_id = t.id)",
                "Plans": [
                  {
                    "Node Type": "Seq Scan",
                    "Parent Relationship": "Outer",
                    "Parallel Aware": true,
                    "Relation Name": "cast_info",
                    "Alias": "ci",
                    "Startup Cost": 0.0,
                    "Total Cost": 519069.44,
                    "Plan Rows": 10709465,
                    "Plan Width": 4,
                    "Actual Startup Time": 412.934,
                    "Actual Total Time": 1437.468,
                    "Actual Rows": 9099967,
                    "Actual Loops": 2,
                    "Filter": "(person_id > 1790950)",
                    "Rows Removed by Filter": 9022205
                  },
                  {
                    "Node Type": "Hash",
                    "Parent Relationship": "Inner",
                    "Parallel Aware": true,
                    "Startup Cost": 58306.47,
                    "Total Cost": 58306.47,
                    "Plan Rows": 477762,
                    "Plan Width": 4,
                    "Actual Startup Time": 247.838,
                    "Actual Total Time": 247.838,
                    "Actual Rows": 369380,
                    "Actual Loops": 2,
                    "Hash Buckets": 1048576,
                    "Original Hash Buckets": 1048576,
                    "Hash Batches": 1,
                    "Original Hash Batches": 1,
                    "Peak Memory Usage": 37120,
                    "Plans": [
                      {
                        "Node Type": "Seq Scan",
                        "Parent Relationship": "Outer",
                        "Parallel Aware": true,
                        "Relation Name": "title",
                        "Alias": "t",
                        "Startup Cost": 0.0,
                        "Total Cost": 58306.47,
                        "Plan Rows": 477762,
                        "Plan Width": 4,
                        "Actual Startup Time": 0.059,
                        "Actual Total Time": 156.796,
                        "Actual Rows": 369380,
                        "Actual Loops": 2,
                        "Filter": "((production_year < 2005) AND (kind_id = 7))",
                        "Rows Removed by Filter": 894776
                      }
                    ]
                  }
                ]
              }
            ]
          }
        ]
      }
    ]
  },
  "Planning Time": 0.635,
  "Triggers": [],
  "Execution Time": 3784.144
}