[
    {
        "Bao": {
            "Bao prediction": "NaN",
            "Bao recommended hint": "(no hint)"
        }
    },
    {
        "Plan": {
            "Node Type": "Aggregate",
            "Strategy": "Plain",
            "Partial Mode": "Finalize",
            "Parallel Aware": false,
            "Startup Cost": 341729.15,
            "Total Cost": 341729.16,
            "Plan Rows": 1,
            "Plan Width": 8,
            "Actual Startup Time": 958.424,
            "Actual Total Time": 990.296,
            "Actual Rows": 1,
            "Actual Loops": 1,
            "Output": [
                "count(*)"
            ],
            "Plans": [
                {
                    "Node Type": "Gather",
                    "Parent Relationship": "Outer",
                    "Parallel Aware": false,
                    "Startup Cost": 341728.52,
                    "Total Cost": 341729.13,
                    "Plan Rows": 6,
                    "Plan Width": 8,
                    "Actual Startup Time": 958.332,
                    "Actual Total Time": 990.286,
                    "Actual Rows": 7,
                    "Actual Loops": 1,
                    "Output": [
                        "(PARTIAL count(*))"
                    ],
                    "Workers Planned": 6,
                    "Workers Launched": 6,
                    "Single Copy": false,
                    "Plans": [
                        {
                            "Node Type": "Aggregate",
                            "Strategy": "Plain",
                            "Partial Mode": "Partial",
                            "Parent Relationship": "Outer",
                            "Parallel Aware": false,
                            "Startup Cost": 340728.52,
                            "Total Cost": 340728.53,
                            "Plan Rows": 1,
                            "Plan Width": 8,
                            "Actual Startup Time": 948.434,
                            "Actual Total Time": 948.435,
                            "Actual Rows": 1,
                            "Actual Loops": 7,
                            "Output": [
                                "PARTIAL count(*)"
                            ],
                            "Workers": [
                                {
                                    "Worker Number": 0,
                                    "Actual Startup Time": 946.185,
                                    "Actual Total Time": 946.186,
                                    "Actual Rows": 1,
                                    "Actual Loops": 1
                                },
                                {
                                    "Worker Number": 1,
                                    "Actual Startup Time": 946.555,
                                    "Actual Total Time": 946.556,
                                    "Actual Rows": 1,
                                    "Actual Loops": 1
                                },
                                {
                                    "Worker Number": 2,
                                    "Actual Startup Time": 946.693,
                                    "Actual Total Time": 946.694,
                                    "Actual Rows": 1,
                                    "Actual Loops": 1
                                },
                                {
                                    "Worker Number": 3,
                                    "Actual Startup Time": 947.044,
                                    "Actual Total Time": 947.045,
                                    "Actual Rows": 1,
                                    "Actual Loops": 1
                                },
                                {
                                    "Worker Number": 4,
                                    "Actual Startup Time": 947.237,
                                    "Actual Total Time": 947.237,
                                    "Actual Rows": 1,
                                    "Actual Loops": 1
                                },
                                {
                                    "Worker Number": 5,
                                    "Actual Startup Time": 947.671,
                                    "Actual Total Time": 947.672,
                                    "Actual Rows": 1,
                                    "Actual Loops": 1
                                }
                            ],
                            "Plans": [
                                {
                                    "Node Type": "Seq Scan",
                                    "Parent Relationship": "Outer",
                                    "Parallel Aware": true,
                                    "Relation Name": "cast_info",
                                    "Schema": "public",
                                    "Alias": "ci",
                                    "Startup Cost": 0.0,
                                    "Total Cost": 328213.62,
                                    "Plan Rows": 5005962,
                                    "Plan Width": 0,
                                    "Actual Startup Time": 0.056,
                                    "Actual Total Time": 705.273,
                                    "Actual Rows": 4293294,
                                    "Actual Loops": 7,
                                    "Output": [
                                        "id",
                                        "person_id",
                                        "movie_id",
                                        "person_role_id",
                                        "note",
                                        "nr_order",
                                        "role_id"
                                    ],
                                    "Filter": "(ci.person_id < 3031845)",
                                    "Rows Removed by Filter": 884469,
                                    "Workers": [
                                        {
                                            "Worker Number": 0,
                                            "Actual Startup Time": 0.058,
                                            "Actual Total Time": 711.952,
                                            "Actual Rows": 5649494,
                                            "Actual Loops": 1
                                        },
                                        {
                                            "Worker Number": 1,
                                            "Actual Startup Time": 0.067,
                                            "Actual Total Time": 708.152,
                                            "Actual Rows": 3564784,
                                            "Actual Loops": 1
                                        },
                                        {
                                            "Worker Number": 2,
                                            "Actual Startup Time": 0.06,
                                            "Actual Total Time": 709.848,
                                            "Actual Rows": 3524577,
                                            "Actual Loops": 1
                                        },
                                        {
                                            "Worker Number": 3,
                                            "Actual Startup Time": 0.06,
                                            "Actual Total Time": 710.498,
                                            "Actual Rows": 3547400,
                                            "Actual Loops": 1
                                        },
                                        {
                                            "Worker Number": 4,
                                            "Actual Startup Time": 0.06,
                                            "Actual Total Time": 710.035,
                                            "Actual Rows": 3552464,
                                            "Actual Loops": 1
                                        },
                                        {
                                            "Worker Number": 5,
                                            "Actual Startup Time": 0.064,
                                            "Actual Total Time": 712.839,
                                            "Actual Rows": 5663201,
                                            "Actual Loops": 1
                                        }
                                    ]
                                }
                            ]
                        }
                    ]
                }
            ]
        },
        "Planning Time": 283.113,
        "Triggers": [],
        "Execution Time": 990.361
    }
]