[
  {
    "Plan": {
      "Node Type": "Aggregate",
      "Strategy": "Plain",
      "Partial Mode": "Finalize",
      "Parallel Aware": false,
      "Startup Cost": 47279.35,
      "Total Cost": 47279.36,
      "Plan Rows": 1,
      "Plan Width": 8,
      "Actual Startup Time": 179.793,
      "Actual Total Time": 187.522,
      "Actual Rows": 1,
      "Actual Loops": 1,
      "Plans": [
        {
          "Node Type": "Gather",
          "Parent Relationship": "Outer",
          "Parallel Aware": false,
          "Startup Cost": 47279.03,
          "Total Cost": 47279.34,
          "Plan Rows": 3,
          "Plan Width": 8,
          "Actual Startup Time": 179.682,
          "Actual Total Time": 187.514,
          "Actual Rows": 4,
          "Actual Loops": 1,
          "Workers Planned": 3,
          "Workers Launched": 3,
          "Single Copy": false,
          "Plans": [
            {
              "Node Type": "Aggregate",
              "Strategy": "Plain",
              "Partial Mode": "Partial",
              "Parent Relationship": "Outer",
              "Parallel Aware": false,
              "Startup Cost": 46279.03,
              "Total Cost": 46279.04,
              "Plan Rows": 1,
              "Plan Width": 8,
              "Actual Startup Time": 173.793,
              "Actual Total Time": 173.794,
              "Actual Rows": 1,
              "Actual Loops": 4,
              "Plans": [
                {
                  "Node Type": "Seq Scan",
                  "Parent Relationship": "Outer",
                  "Parallel Aware": true,
                  "Relation Name": "movie_keyword",
                  "Alias": "mk",
                  "Startup Cost": 0.0,
                  "Total Cost": 42695.65,
                  "Plan Rows": 1433350,
                  "Plan Width": 0,
                  "Actual Startup Time": 0.047,
                  "Actual Total Time": 122.858,
                  "Actual Rows": 1109888,
                  "Actual Loops": 4,
                  "Filter": "(keyword_id > 71)",
                  "Rows Removed by Filter": 21095
                }
              ]
            }
          ]
        }
      ]
    },
    "Planning Time": 0.166,
    "Triggers": [],
    "Execution Time": 187.559
  }
]