{
  "Plan": {
    "Node Type": "Aggregate",
    "Strategy": "Plain",
    "Partial Mode": "Finalize",
    "Parallel Aware": false,
    "Startup Cost": 336849.66,
    "Total Cost": 336849.67,
    "Plan Rows": 1,
    "Plan Width": 8,
    "Actual Startup Time": 2777.316,
    "Actual Total Time": 2821.395,
    "Actual Rows": 1,
    "Actual Loops": 1,
    "Plans": [
      {
        "Node Type": "Gather",
        "Parent Relationship": "Outer",
        "Parallel Aware": false,
        "Startup Cost": 336849.54,
        "Total Cost": 336849.65,
        "Plan Rows": 1,
        "Plan Width": 8,
        "Actual Startup Time": 2775.838,
        "Actual Total Time": 2821.387,
        "Actual Rows": 2,
        "Actual Loops": 1,
        "Workers Planned": 1,
        "Workers Launched": 1,
        "Single Copy": false,
        "Plans": [
          {
            "Node Type": "Aggregate",
            "Strategy": "Plain",
            "Partial Mode": "Partial",
            "Parent Relationship": "Outer",
            "Parallel Aware": false,
            "Startup Cost": 335849.54,
            "Total Cost": 335849.55,
            "Plan Rows": 1,
            "Plan Width": 8,
            "Actual Startup Time": 2769.447,
            "Actual Total Time": 2769.45,
            "Actual Rows": 1,
            "Actual Loops": 2,
            "Plans": [
              {
                "Node Type": "Hash Join",
                "Parent Relationship": "Outer",
                "Parallel Aware": true,
                "Join Type": "Inner",
                "Startup Cost": 58550.13,
                "Total Cost": 330333.61,
                "Plan Rows": 2206372,
                "Plan Width": 0,
                "Actual Startup Time": 238.093,
                "Actual Total Time": 2582.82,
                "Actual Rows": 4074356,
                "Actual Loops": 2,
                "Inner Unique": true,
                "Hash Cond": "(mi.movie_id = t.id)",
                "Plans": [
                  {
                    "Node Type": "Seq Scan",
                    "Parent Relationship": "Outer",
                    "Parallel Aware": true,
                    "Relation Name": "movie_info",
                    "Alias": "mi",
                    "Startup Cost": 0.0,
                    "Total Cost": 248955.74,
                    "Plan Rows": 8696274,
                    "Plan Width": 4,
                    "Actual Startup Time": 0.012,
                    "Actual Total Time": 710.676,
                    "Actual Rows": 7417860,
                    "Actual Loops": 2
                  },
                  {
                    "Node Type": "Hash",
                    "Parent Relationship": "Inner",
                    "Parallel Aware": true,
                    "Startup Cost": 53833.48,
                    "Total Cost": 53833.48,
                    "Plan Rows": 377332,
                    "Plan Width": 4,
                    "Actual Startup Time": 195.624,
                    "Actual Total Time": 195.625,
                    "Actual Rows": 321230,
                    "Actual Loops": 2,
                    "Hash Buckets": 1048576,
                    "Original Hash Buckets": 1048576,
                    "Hash Batches": 1,
                    "Original Hash Batches": 1,
                    "Peak Memory Usage": 33344,
                    "Plans": [
                      {
                        "Node Type": "Bitmap Heap Scan",
                        "Parent Relationship": "Outer",
                        "Parallel Aware": true,
                        "Relation Name": "title",
                        "Alias": "t",
                        "Startup Cost": 11983.22,
                        "Total Cost": 53833.48,
                        "Plan Rows": 377332,
                        "Plan Width": 4,
                        "Actual Startup Time": 31.139,
                        "Actual Total Time": 110.311,
                        "Actual Rows": 321230,
                        "Actual Loops": 2,
                        "Recheck Cond": "(kind_id = 1)",
                        "Rows Removed by Index Recheck": 0,
                        "Filter": "(production_year > 1903)",
                        "Rows Removed by Filter": 10182,
                        "Exact Heap Blocks": 8636,
                        "Lossy Heap Blocks": 0,
                        "Plans": [
                          {
                            "Node Type": "Bitmap Index Scan",
                            "Parent Relationship": "Outer",
                            "Parallel Aware": false,
                            "Index Name": "kind_id_title",
                            "Startup Cost": 0.0,
                            "Total Cost": 11822.85,
                            "Plan Rows": 663256,
                            "Plan Width": 0,
                            "Actual Startup Time": 29.411,
                            "Actual Total Time": 29.411,
                            "Actual Rows": 662825,
                            "Actual Loops": 1,
                            "Index Cond": "(kind_id = 1)"
                          }
                        ]
                      }
                    ]
                  }
                ]
              }
            ]
          }
        ]
      }
    ]
  },
  "Planning Time": 0.747,
  "Triggers": [],
  "Execution Time": 2821.498
}