[
    {
        "Bao": {
            "Bao prediction": 909.02,
            "Bao recommended hint": "SET enable_nestloop TO off; "
        }
    },
    {
        "Plan": {
            "Node Type": "Aggregate",
            "Strategy": "Plain",
            "Partial Mode": "Finalize",
            "Parallel Aware": false,
            "Startup Cost": 402689.66,
            "Total Cost": 402689.67,
            "Plan Rows": 1,
            "Plan Width": 8,
            "Actual Startup Time": 1422.803,
            "Actual Total Time": 1462.84,
            "Actual Rows": 1,
            "Actual Loops": 1,
            "Output": [
                "count(*)"
            ],
            "Plans": [
                {
                    "Node Type": "Gather",
                    "Parent Relationship": "Outer",
                    "Parallel Aware": false,
                    "Startup Cost": 402689.04,
                    "Total Cost": 402689.65,
                    "Plan Rows": 6,
                    "Plan Width": 8,
                    "Actual Startup Time": 1421.551,
                    "Actual Total Time": 1462.829,
                    "Actual Rows": 7,
                    "Actual Loops": 1,
                    "Output": [
                        "(PARTIAL count(*))"
                    ],
                    "Workers Planned": 6,
                    "Workers Launched": 6,
                    "Single Copy": false,
                    "Plans": [
                        {
                            "Node Type": "Aggregate",
                            "Strategy": "Plain",
                            "Partial Mode": "Partial",
                            "Parent Relationship": "Outer",
                            "Parallel Aware": false,
                            "Startup Cost": 401689.04,
                            "Total Cost": 401689.05,
                            "Plan Rows": 1,
                            "Plan Width": 8,
                            "Actual Startup Time": 1410.669,
                            "Actual Total Time": 1410.674,
                            "Actual Rows": 1,
                            "Actual Loops": 7,
                            "Output": [
                                "PARTIAL count(*)"
                            ],
                            "Workers": [
                                {
                                    "Worker Number": 0,
                                    "Actual Startup Time": 1408.773,
                                    "Actual Total Time": 1408.778,
                                    "Actual Rows": 1,
                                    "Actual Loops": 1
                                },
                                {
                                    "Worker Number": 1,
                                    "Actual Startup Time": 1408.898,
                                    "Actual Total Time": 1408.903,
                                    "Actual Rows": 1,
                                    "Actual Loops": 1
                                },
                                {
                                    "Worker Number": 2,
                                    "Actual Startup Time": 1409.097,
                                    "Actual Total Time": 1409.101,
                                    "Actual Rows": 1,
                                    "Actual Loops": 1
                                },
                                {
                                    "Worker Number": 3,
                                    "Actual Startup Time": 1409.013,
                                    "Actual Total Time": 1409.018,
                                    "Actual Rows": 1,
                                    "Actual Loops": 1
                                },
                                {
                                    "Worker Number": 4,
                                    "Actual Startup Time": 1408.969,
                                    "Actual Total Time": 1408.974,
                                    "Actual Rows": 1,
                                    "Actual Loops": 1
                                },
                                {
                                    "Worker Number": 5,
                                    "Actual Startup Time": 1409.565,
                                    "Actual Total Time": 1409.571,
                                    "Actual Rows": 1,
                                    "Actual Loops": 1
                                }
                            ],
                            "Plans": [
                                {
                                    "Node Type": "Hash Join",
                                    "Parent Relationship": "Outer",
                                    "Parallel Aware": true,
                                    "Join Type": "Inner",
                                    "Startup Cost": 65800.45,
                                    "Total Cost": 401627.88,
                                    "Plan Rows": 24464,
                                    "Plan Width": 0,
                                    "Actual Startup Time": 139.806,
                                    "Actual Total Time": 1408.011,
                                    "Actual Rows": 20104,
                                    "Actual Loops": 7,
                                    "Inner Unique": false,
                                    "Hash Cond": "(ci.movie_id = t.id)",
                                    "Workers": [
                                        {
                                            "Worker Number": 0,
                                            "Actual Startup Time": 137.947,
                                            "Actual Total Time": 1406.002,
                                            "Actual Rows": 19531,
                                            "Actual Loops": 1
                                        },
                                        {
                                            "Worker Number": 1,
                                            "Actual Startup Time": 137.909,
                                            "Actual Total Time": 1406.103,
                                            "Actual Rows": 19520,
                                            "Actual Loops": 1
                                        },
                                        {
                                            "Worker Number": 2,
                                            "Actual Startup Time": 138.161,
                                            "Actual Total Time": 1406.306,
                                            "Actual Rows": 19727,
                                            "Actual Loops": 1
                                        },
                                        {
                                            "Worker Number": 3,
                                            "Actual Startup Time": 138.169,
                                            "Actual Total Time": 1406.242,
                                            "Actual Rows": 19054,
                                            "Actual Loops": 1
                                        },
                                        {
                                            "Worker Number": 4,
                                            "Actual Startup Time": 138.03,
                                            "Actual Total Time": 1406.224,
                                            "Actual Rows": 19402,
                                            "Actual Loops": 1
                                        },
                                        {
                                            "Worker Number": 5,
                                            "Actual Startup Time": 138.993,
                                            "Actual Total Time": 1406.809,
                                            "Actual Rows": 19628,
                                            "Actual Loops": 1
                                        }
                                    ],
                                    "Plans": [
                                        {
                                            "Node Type": "Seq Scan",
                                            "Parent Relationship": "Outer",
                                            "Parallel Aware": true,
                                            "Relation Name": "cast_info",
                                            "Schema": "public",
                                            "Alias": "ci",
                                            "Startup Cost": 0.0,
                                            "Total Cost": 313108.29,
                                            "Plan Rows": 6042129,
                                            "Plan Width": 4,
                                            "Actual Startup Time": 0.026,
                                            "Actual Total Time": 684.34,
                                            "Actual Rows": 5177763,
                                            "Actual Loops": 7,
                                            "Output": [
                                                "ci.id",
                                                "ci.person_id",
                                                "ci.movie_id",
                                                "ci.person_role_id",
                                                "ci.note",
                                                "ci.nr_order",
                                                "ci.role_id"
                                            ],
                                            "Workers": [
                                                {
                                                    "Worker Number": 0,
                                                    "Actual Startup Time": 0.03,
                                                    "Actual Total Time": 693.218,
                                                    "Actual Rows": 5051476,
                                                    "Actual Loops": 1
                                                },
                                                {
                                                    "Worker Number": 1,
                                                    "Actual Startup Time": 0.025,
                                                    "Actual Total Time": 699.359,
                                                    "Actual Rows": 4999638,
                                                    "Actual Loops": 1
                                                },
                                                {
                                                    "Worker Number": 2,
                                                    "Actual Startup Time": 0.031,
                                                    "Actual Total Time": 692.685,
                                                    "Actual Rows": 5058577,
                                                    "Actual Loops": 1
                                                },
                                                {
                                                    "Worker Number": 3,
                                                    "Actual Startup Time": 0.035,
                                                    "Actual Total Time": 691.952,
                                                    "Actual Rows": 4990830,
                                                    "Actual Loops": 1
                                                },
                                                {
                                                    "Worker Number": 4,
                                                    "Actual Startup Time": 0.024,
                                                    "Actual Total Time": 694.955,
                                                    "Actual Rows": 5042583,
                                                    "Actual Loops": 1
                                                },
                                                {
                                                    "Worker Number": 5,
                                                    "Actual Startup Time": 0.028,
                                                    "Actual Total Time": 701.291,
                                                    "Actual Rows": 4977936,
                                                    "Actual Loops": 1
                                                }
                                            ]
                                        },
                                        {
                                            "Node Type": "Hash",
                                            "Parent Relationship": "Inner",
                                            "Parallel Aware": true,
                                            "Startup Cost": 65768.46,
                                            "Total Cost": 65768.46,
                                            "Plan Rows": 2559,
                                            "Plan Width": 8,
                                            "Actual Startup Time": 138.56,
                                            "Actual Total Time": 138.564,
                                            "Actual Rows": 367,
                                            "Actual Loops": 7,
                                            "Output": [
                                                "t.id",
                                                "mc.movie_id"
                                            ],
                                            "Hash Buckets": 16384,
                                            "Original Hash Buckets": 16384,
                                            "Hash Batches": 1,
                                            "Original Hash Batches": 1,
                                            "Peak Memory Usage": 352,
                                            "Workers": [
                                                {
                                                    "Worker Number": 0,
                                                    "Actual Startup Time": 137.128,
                                                    "Actual Total Time": 137.132,
                                                    "Actual Rows": 362,
                                                    "Actual Loops": 1
                                                },
                                                {
                                                    "Worker Number": 1,
                                                    "Actual Startup Time": 137.253,
                                                    "Actual Total Time": 137.257,
                                                    "Actual Rows": 348,
                                                    "Actual Loops": 1
                                                },
                                                {
                                                    "Worker Number": 2,
                                                    "Actual Startup Time": 137.444,
                                                    "Actual Total Time": 137.447,
                                                    "Actual Rows": 346,
                                                    "Actual Loops": 1
                                                },
                                                {
                                                    "Worker Number": 3,
                                                    "Actual Startup Time": 137.473,
                                                    "Actual Total Time": 137.477,
                                                    "Actual Rows": 324,
                                                    "Actual Loops": 1
                                                },
                                                {
                                                    "Worker Number": 4,
                                                    "Actual Startup Time": 137.347,
                                                    "Actual Total Time": 137.351,
                                                    "Actual Rows": 353,
                                                    "Actual Loops": 1
                                                },
                                                {
                                                    "Worker Number": 5,
                                                    "Actual Startup Time": 138.024,
                                                    "Actual Total Time": 138.028,
                                                    "Actual Rows": 338,
                                                    "Actual Loops": 1
                                                }
                                            ],
                                            "Plans": [
                                                {
                                                    "Node Type": "Hash Join",
                                                    "Parent Relationship": "Outer",
                                                    "Parallel Aware": true,
                                                    "Join Type": "Inner",
                                                    "Startup Cost": 21022.01,
                                                    "Total Cost": 65768.46,
                                                    "Plan Rows": 2559,
                                                    "Plan Width": 8,
                                                    "Actual Startup Time": 91.008,
                                                    "Actual Total Time": 138.105,
                                                    "Actual Rows": 367,
                                                    "Actual Loops": 7,
                                                    "Output": [
                                                        "t.id",
                                                        "mc.movie_id"
                                                    ],
                                                    "Inner Unique": false,
                                                    "Hash Cond": "(t.id = mc.movie_id)",
                                                    "Workers": [
                                                        {
                                                            "Worker Number": 0,
                                                            "Actual Startup Time": 89.449,
                                                            "Actual Total Time": 136.684,
                                                            "Actual Rows": 362,
                                                            "Actual Loops": 1
                                                        },
                                                        {
                                                            "Worker Number": 1,
                                                            "Actual Startup Time": 89.695,
                                                            "Actual Total Time": 136.812,
                                                            "Actual Rows": 348,
                                                            "Actual Loops": 1
                                                        },
                                                        {
                                                            "Worker Number": 2,
                                                            "Actual Startup Time": 90.419,
                                                            "Actual Total Time": 137.088,
                                                            "Actual Rows": 346,
                                                            "Actual Loops": 1
                                                        },
                                                        {
                                                            "Worker Number": 3,
                                                            "Actual Startup Time": 89.564,
                                                            "Actual Total Time": 136.92,
                                                            "Actual Rows": 324,
                                                            "Actual Loops": 1
                                                        },
                                                        {
                                                            "Worker Number": 4,
                                                            "Actual Startup Time": 90.276,
                                                            "Actual Total Time": 136.898,
                                                            "Actual Rows": 353,
                                                            "Actual Loops": 1
                                                        },
                                                        {
                                                            "Worker Number": 5,
                                                            "Actual Startup Time": 90.251,
                                                            "Actual Total Time": 137.474,
                                                            "Actual Rows": 338,
                                                            "Actual Loops": 1
                                                        }
                                                    ],
                                                    "Plans": [
                                                        {
                                                            "Node Type": "Seq Scan",
                                                            "Parent Relationship": "Outer",
                                                            "Parallel Aware": true,
                                                            "Relation Name": "title",
                                                            "Schema": "public",
                                                            "Alias": "t",
                                                            "Startup Cost": 0.0,
                                                            "Total Cost": 43899.01,
                                                            "Plan Rows": 167838,
                                                            "Plan Width": 4,
                                                            "Actual Startup Time": 36.588,
                                                            "Actual Total Time": 77.461,
                                                            "Actual Rows": 94689,
                                                            "Actual Loops": 7,
                                                            "Output": [
                                                                "t.id",
                                                                "t.title",
                                                                "t.imdb_index",
                                                                "t.kind_id",
                                                                "t.production_year",
                                                                "t.imdb_id",
                                                                "t.phonetic_code",
                                                                "t.episode_of_id",
                                                                "t.season_nr",
                                                                "t.episode_nr",
                                                                "t.series_years",
                                                                "t.md5sum"
                                                            ],
                                                            "Filter": "(t.kind_id < 2)",
                                                            "Rows Removed by Filter": 266498,
                                                            "Workers": [
                                                                {
                                                                    "Worker Number": 0,
                                                                    "Actual Startup Time": 42.348,
                                                                    "Actual Total Time": 77.856,
                                                                    "Actual Rows": 90739,
                                                                    "Actual Loops": 1
                                                                },
                                                                {
                                                                    "Worker Number": 1,
                                                                    "Actual Startup Time": 42.194,
                                                                    "Actual Total Time": 77.648,
                                                                    "Actual Rows": 88460,
                                                                    "Actual Loops": 1
                                                                },
                                                                {
                                                                    "Worker Number": 2,
                                                                    "Actual Startup Time": 42.375,
                                                                    "Actual Total Time": 77.919,
                                                                    "Actual Rows": 90469,
                                                                    "Actual Loops": 1
                                                                },
                                                                {
                                                                    "Worker Number": 3,
                                                                    "Actual Startup Time": 42.125,
                                                                    "Actual Total Time": 77.892,
                                                                    "Actual Rows": 89343,
                                                                    "Actual Loops": 1
                                                                },
                                                                {
                                                                    "Worker Number": 4,
                                                                    "Actual Startup Time": 2.779,
                                                                    "Actual Total Time": 77.727,
                                                                    "Actual Rows": 89877,
                                                                    "Actual Loops": 1
                                                                },
                                                                {
                                                                    "Worker Number": 5,
                                                                    "Actual Startup Time": 42.115,
                                                                    "Actual Total Time": 78.064,
                                                                    "Actual Rows": 88122,
                                                                    "Actual Loops": 1
                                                                }
                                                            ]
                                                        },
                                                        {
                                                            "Node Type": "Hash",
                                                            "Parent Relationship": "Inner",
                                                            "Parallel Aware": true,
                                                            "Startup Cost": 20866.56,
                                                            "Total Cost": 20866.56,
                                                            "Plan Rows": 12436,
                                                            "Plan Width": 4,
                                                            "Actual Startup Time": 42.152,
                                                            "Actual Total Time": 42.154,
                                                            "Actual Rows": 9503,
                                                            "Actual Loops": 7,
                                                            "Output": [
                                                                "mc.movie_id"
                                                            ],
                                                            "Hash Buckets": 65536,
                                                            "Original Hash Buckets": 65536,
                                                            "Hash Batches": 1,
                                                            "Original Hash Batches": 1,
                                                            "Peak Memory Usage": 3296,
                                                            "Workers": [
                                                                {
                                                                    "Worker Number": 0,
                                                                    "Actual Startup Time": 40.891,
                                                                    "Actual Total Time": 40.893,
                                                                    "Actual Rows": 7458,
                                                                    "Actual Loops": 1
                                                                },
                                                                {
                                                                    "Worker Number": 1,
                                                                    "Actual Startup Time": 40.948,
                                                                    "Actual Total Time": 40.949,
                                                                    "Actual Rows": 7387,
                                                                    "Actual Loops": 1
                                                                },
                                                                {
                                                                    "Worker Number": 2,
                                                                    "Actual Startup Time": 41.156,
                                                                    "Actual Total Time": 41.158,
                                                                    "Actual Rows": 7790,
                                                                    "Actual Loops": 1
                                                                },
                                                                {
                                                                    "Worker Number": 3,
                                                                    "Actual Startup Time": 41.082,
                                                                    "Actual Total Time": 41.083,
                                                                    "Actual Rows": 7393,
                                                                    "Actual Loops": 1
                                                                },
                                                                {
                                                                    "Worker Number": 4,
                                                                    "Actual Startup Time": 41.069,
                                                                    "Actual Total Time": 41.071,
                                                                    "Actual Rows": 7713,
                                                                    "Actual Loops": 1
                                                                },
                                                                {
                                                                    "Worker Number": 5,
                                                                    "Actual Startup Time": 41.654,
                                                                    "Actual Total Time": 41.656,
                                                                    "Actual Rows": 7425,
                                                                    "Actual Loops": 1
                                                                }
                                                            ],
                                                            "Plans": [
                                                                {
                                                                    "Node Type": "Bitmap Heap Scan",
                                                                    "Parent Relationship": "Outer",
                                                                    "Parallel Aware": true,
                                                                    "Relation Name": "movie_companies",
                                                                    "Schema": "public",
                                                                    "Alias": "mc",
                                                                    "Startup Cost": 1695.97,
                                                                    "Total Cost": 20866.56,
                                                                    "Plan Rows": 12436,
                                                                    "Plan Width": 4,
                                                                    "Actual Startup Time": 12.642,
                                                                    "Actual Total Time": 36.353,
                                                                    "Actual Rows": 9503,
                                                                    "Actual Loops": 7,
                                                                    "Output": [
                                                                        "mc.movie_id"
                                                                    ],
                                                                    "Recheck Cond": "(mc.company_id < 19)",
                                                                    "Rows Removed by Index Recheck": 0,
                                                                    "Filter": "(mc.company_type_id < 2)",
                                                                    "Rows Removed by Filter": 2507,
                                                                    "Exact Heap Blocks": 3539,
                                                                    "Lossy Heap Blocks": 0,
                                                                    "Workers": [
                                                                        {
                                                                            "Worker Number": 0,
                                                                            "Actual Startup Time": 11.462,
                                                                            "Actual Total Time": 35.455,
                                                                            "Actual Rows": 7458,
                                                                            "Actual Loops": 1
                                                                        },
                                                                        {
                                                                            "Worker Number": 1,
                                                                            "Actual Startup Time": 11.485,
                                                                            "Actual Total Time": 35.76,
                                                                            "Actual Rows": 7387,
                                                                            "Actual Loops": 1
                                                                        },
                                                                        {
                                                                            "Worker Number": 2,
                                                                            "Actual Startup Time": 11.773,
                                                                            "Actual Total Time": 35.756,
                                                                            "Actual Rows": 7790,
                                                                            "Actual Loops": 1
                                                                        },
                                                                        {
                                                                            "Worker Number": 3,
                                                                            "Actual Startup Time": 11.579,
                                                                            "Actual Total Time": 35.903,
                                                                            "Actual Rows": 7393,
                                                                            "Actual Loops": 1
                                                                        },
                                                                        {
                                                                            "Worker Number": 4,
                                                                            "Actual Startup Time": 11.634,
                                                                            "Actual Total Time": 35.481,
                                                                            "Actual Rows": 7713,
                                                                            "Actual Loops": 1
                                                                        },
                                                                        {
                                                                            "Worker Number": 5,
                                                                            "Actual Startup Time": 12.01,
                                                                            "Actual Total Time": 36.292,
                                                                            "Actual Rows": 7425,
                                                                            "Actual Loops": 1
                                                                        }
                                                                    ],
                                                                    "Plans": [
                                                                        {
                                                                            "Node Type": "Bitmap Index Scan",
                                                                            "Parent Relationship": "Outer",
                                                                            "Parallel Aware": false,
                                                                            "Index Name": "company_id_movie_companies",
                                                                            "Startup Cost": 0.0,
                                                                            "Total Cost": 1686.34,
                                                                            "Plan Rows": 78654,
                                                                            "Plan Width": 0,
                                                                            "Actual Startup Time": 15.399,
                                                                            "Actual Total Time": 15.4,
                                                                            "Actual Rows": 84071,
                                                                            "Actual Loops": 1,
                                                                            "Index Cond": "(mc.company_id < 19)"
                                                                        }
                                                                    ]
                                                                }
                                                            ]
                                                        }
                                                    ]
                                                }
                                            ]
                                        }
                                    ]
                                }
                            ]
                        }
                    ]
                }
            ]
        },
        "Planning Time": 1121.383,
        "Triggers": [],
        "Execution Time": 1463.084
    }
]