[
  {
    "Plan": {
      "Node Type": "Aggregate",
      "Strategy": "Plain",
      "Partial Mode": "Finalize",
      "Parallel Aware": false,
      "Startup Cost": 338512.47,
      "Total Cost": 338512.48,
      "Plan Rows": 1,
      "Plan Width": 8,
      "Actual Startup Time": 713.852,
      "Actual Total Time": 770.949,
      "Actual Rows": 1,
      "Actual Loops": 1,
      "Plans": [
        {
          "Node Type": "Gather",
          "Parent Relationship": "Outer",
          "Parallel Aware": false,
          "Startup Cost": 338511.85,
          "Total Cost": 338512.46,
          "Plan Rows": 6,
          "Plan Width": 8,
          "Actual Startup Time": 713.714,
          "Actual Total Time": 770.938,
          "Actual Rows": 7,
          "Actual Loops": 1,
          "Workers Planned": 6,
          "Workers Launched": 6,
          "Single Copy": false,
          "Plans": [
            {
              "Node Type": "Aggregate",
              "Strategy": "Plain",
              "Partial Mode": "Partial",
              "Parent Relationship": "Outer",
              "Parallel Aware": false,
              "Startup Cost": 337511.85,
              "Total Cost": 337511.86,
              "Plan Rows": 1,
              "Plan Width": 8,
              "Actual Startup Time": 705.345,
              "Actual Total Time": 705.346,
              "Actual Rows": 1,
              "Actual Loops": 7,
              "Plans": [
                {
                  "Node Type": "Seq Scan",
                  "Parent Relationship": "Outer",
                  "Parallel Aware": true,
                  "Relation Name": "cast_info",
                  "Alias": "ci",
                  "Startup Cost": 0.0,
                  "Total Cost": 328162.03,
                  "Plan Rows": 3739928,
                  "Plan Width": 0,
                  "Actual Startup Time": 143.566,
                  "Actual Total Time": 573.408,
                  "Actual Rows": 3203678,
                  "Actual Loops": 7,
                  "Filter": "(person_id > 1360578)",
                  "Rows Removed by Filter": 1974086
                }
              ]
            }
          ]
        }
      ]
    },
    "Planning Time": 0.196,
    "Triggers": [],
    "Execution Time": 771.022
  }
]