[
  {
    "Plan": {
      "Node Type": "Aggregate",
      "Strategy": "Plain",
      "Partial Mode": "Finalize",
      "Parallel Aware": false,
      "Startup Cost": 91613.5,
      "Total Cost": 91613.51,
      "Plan Rows": 1,
      "Plan Width": 8,
      "Actual Startup Time": 320.498,
      "Actual Total Time": 345.054,
      "Actual Rows": 1,
      "Actual Loops": 1,
      "Plans": [
        {
          "Node Type": "Gather",
          "Parent Relationship": "Outer",
          "Parallel Aware": false,
          "Startup Cost": 91613.18,
          "Total Cost": 91613.49,
          "Plan Rows": 3,
          "Plan Width": 8,
          "Actual Startup Time": 320.143,
          "Actual Total Time": 345.042,
          "Actual Rows": 4,
          "Actual Loops": 1,
          "Workers Planned": 3,
          "Workers Launched": 3,
          "Single Copy": false,
          "Plans": [
            {
              "Node Type": "Aggregate",
              "Strategy": "Plain",
              "Partial Mode": "Partial",
              "Parent Relationship": "Outer",
              "Parallel Aware": false,
              "Startup Cost": 90613.18,
              "Total Cost": 90613.19,
              "Plan Rows": 1,
              "Plan Width": 8,
              "Actual Startup Time": 314.42,
              "Actual Total Time": 314.423,
              "Actual Rows": 1,
              "Actual Loops": 4,
              "Plans": [
                {
                  "Node Type": "Hash Join",
                  "Parent Relationship": "Outer",
                  "Parallel Aware": true,
                  "Join Type": "Inner",
                  "Startup Cost": 45606.47,
                  "Total Cost": 90578.37,
                  "Plan Rows": 13925,
                  "Plan Width": 0,
                  "Actual Startup Time": 116.307,
                  "Actual Total Time": 313.889,
                  "Actual Rows": 7491,
                  "Actual Loops": 4,
                  "Inner Unique": true,
                  "Hash Cond": "(mk.movie_id = t.id)",
                  "Plans": [
                    {
                      "Node Type": "Seq Scan",
                      "Parent Relationship": "Outer",
                      "Parallel Aware": true,
                      "Relation Name": "movie_keyword",
                      "Alias": "mk",
                      "Startup Cost": 0.0,
                      "Total Cost": 42695.65,
                      "Plan Rows": 867140,
                      "Plan Width": 4,
                      "Actual Startup Time": 0.232,
                      "Actual Total Time": 137.291,
                      "Actual Rows": 672202,
                      "Actual Loops": 4,
                      "Filter": "(keyword_id > 3029)",
                      "Rows Removed by Filter": 458780
                    },
                    {
                      "Node Type": "Hash",
                      "Parent Relationship": "Inner",
                      "Parallel Aware": true,
                      "Startup Cost": 45479.59,
                      "Total Cost": 45479.59,
                      "Plan Rows": 10151,
                      "Plan Width": 4,
                      "Actual Startup Time": 115.457,
                      "Actual Total Time": 115.458,
                      "Actual Rows": 11228,
                      "Actual Loops": 4,
                      "Hash Buckets": 65536,
                      "Original Hash Buckets": 65536,
                      "Hash Batches": 1,
                      "Original Hash Batches": 1,
                      "Peak Memory Usage": 2336,
                      "Plans": [
                        {
                          "Node Type": "Seq Scan",
                          "Parent Relationship": "Outer",
                          "Parallel Aware": true,
                          "Relation Name": "title",
                          "Alias": "t",
                          "Startup Cost": 0.0,
                          "Total Cost": 45479.59,
                          "Plan Rows": 10151,
                          "Plan Width": 4,
                          "Actual Startup Time": 0.052,
                          "Actual Total Time": 109.579,
                          "Actual Rows": 11228,
                          "Actual Loops": 4,
                          "Filter": "((kind_id > 1) AND (production_year = 2000))",
                          "Rows Removed by Filter": 620850
                        }
                      ]
                    }
                  ]
                }
              ]
            }
          ]
        }
      ]
    },
    "Planning Time": 0.285,
    "Triggers": [],
    "Execution Time": 345.102
  }
]