[
  {
    "Plan": {
      "Node Type": "Aggregate",
      "Strategy": "Plain",
      "Partial Mode": "Finalize",
      "Parallel Aware": false,
      "Startup Cost": 106493.59,
      "Total Cost": 106493.6,
      "Plan Rows": 1,
      "Plan Width": 8,
      "Actual Startup Time": 125.316,
      "Actual Total Time": 146.25,
      "Actual Rows": 1,
      "Actual Loops": 1,
      "Plans": [
        {
          "Node Type": "Gather",
          "Parent Relationship": "Outer",
          "Parallel Aware": false,
          "Startup Cost": 106493.17,
          "Total Cost": 106493.58,
          "Plan Rows": 4,
          "Plan Width": 8,
          "Actual Startup Time": 124.989,
          "Actual Total Time": 146.241,
          "Actual Rows": 5,
          "Actual Loops": 1,
          "Workers Planned": 4,
          "Workers Launched": 4,
          "Single Copy": false,
          "Plans": [
            {
              "Node Type": "Aggregate",
              "Strategy": "Plain",
              "Partial Mode": "Partial",
              "Parent Relationship": "Outer",
              "Parallel Aware": false,
              "Startup Cost": 105493.17,
              "Total Cost": 105493.18,
              "Plan Rows": 1,
              "Plan Width": 8,
              "Actual Startup Time": 115.141,
              "Actual Total Time": 115.142,
              "Actual Rows": 1,
              "Actual Loops": 5,
              "Plans": [
                {
                  "Node Type": "Nested Loop",
                  "Parent Relationship": "Outer",
                  "Parallel Aware": false,
                  "Join Type": "Inner",
                  "Startup Cost": 0.56,
                  "Total Cost": 105476.96,
                  "Plan Rows": 6484,
                  "Plan Width": 0,
                  "Actual Startup Time": 21.489,
                  "Actual Total Time": 114.43,
                  "Actual Rows": 7564,
                  "Actual Loops": 5,
                  "Inner Unique": false,
                  "Plans": [
                    {
                      "Node Type": "Seq Scan",
                      "Parent Relationship": "Outer",
                      "Parallel Aware": true,
                      "Relation Name": "title",
                      "Alias": "t",
                      "Startup Cost": 0.0,
                      "Total Cost": 43898.92,
                      "Plan Rows": 452,
                      "Plan Width": 4,
                      "Actual Startup Time": 19.492,
                      "Actual Total Time": 78.287,
                      "Actual Rows": 393,
                      "Actual Loops": 5,
                      "Filter": "(production_year = 1946)",
                      "Rows Removed by Filter": 505269
                    },
                    {
                      "Node Type": "Index Only Scan",
                      "Parent Relationship": "Inner",
                      "Parallel Aware": false,
                      "Scan Direction": "Forward",
                      "Index Name": "movie_id_cast_info",
                      "Relation Name": "cast_info",
                      "Alias": "ci",
                      "Startup Cost": 0.56,
                      "Total Cost": 135.86,
                      "Plan Rows": 37,
                      "Plan Width": 4,
                      "Actual Startup Time": 0.016,
                      "Actual Total Time": 0.089,
                      "Actual Rows": 19,
                      "Actual Loops": 1965,
                      "Index Cond": "(movie_id = t.id)",
                      "Rows Removed by Index Recheck": 0,
                      "Heap Fetches": 37822
                    }
                  ]
                }
              ]
            }
          ]
        }
      ]
    },
    "Planning Time": 0.612,
    "Triggers": [],
    "Execution Time": 146.32
  }
]