[
  {
    "Plan": {
      "Node Type": "Aggregate",
      "Strategy": "Plain",
      "Partial Mode": "Finalize",
      "Parallel Aware": false,
      "Startup Cost": 31205.14,
      "Total Cost": 31205.15,
      "Plan Rows": 1,
      "Plan Width": 8,
      "Actual Startup Time": 110.203,
      "Actual Total Time": 120.458,
      "Actual Rows": 1,
      "Actual Loops": 1,
      "Plans": [
        {
          "Node Type": "Gather",
          "Parent Relationship": "Outer",
          "Parallel Aware": false,
          "Startup Cost": 31204.83,
          "Total Cost": 31205.14,
          "Plan Rows": 3,
          "Plan Width": 8,
          "Actual Startup Time": 109.972,
          "Actual Total Time": 120.45,
          "Actual Rows": 4,
          "Actual Loops": 1,
          "Workers Planned": 3,
          "Workers Launched": 3,
          "Single Copy": false,
          "Plans": [
            {
              "Node Type": "Aggregate",
              "Strategy": "Plain",
              "Partial Mode": "Partial",
              "Parent Relationship": "Outer",
              "Parallel Aware": false,
              "Startup Cost": 30204.83,
              "Total Cost": 30204.84,
              "Plan Rows": 1,
              "Plan Width": 8,
              "Actual Startup Time": 104.902,
              "Actual Total Time": 104.903,
              "Actual Rows": 1,
              "Actual Loops": 4,
              "Plans": [
                {
                  "Node Type": "Seq Scan",
                  "Parent Relationship": "Outer",
                  "Parallel Aware": true,
                  "Relation Name": "movie_companies",
                  "Alias": "mc",
                  "Startup Cost": 0.0,
                  "Total Cost": 29310.68,
                  "Plan Rows": 357658,
                  "Plan Width": 0,
                  "Actual Startup Time": 17.588,
                  "Actual Total Time": 89.082,
                  "Actual Rows": 278826,
                  "Actual Loops": 4,
                  "Filter": "(company_id > 13858)",
                  "Rows Removed by Filter": 373456
                }
              ]
            }
          ]
        }
      ]
    },
    "Planning Time": 0.104,
    "Triggers": [],
    "Execution Time": 120.492
  }
]