[
    {
        "Bao": {
            "Bao prediction": 669.299,
            "Bao recommended hint": "SET enable_mergejoin TO off; "
        }
    },
    {
        "Plan": {
            "Node Type": "Aggregate",
            "Strategy": "Plain",
            "Partial Mode": "Finalize",
            "Parallel Aware": false,
            "Startup Cost": 40588.17,
            "Total Cost": 40588.18,
            "Plan Rows": 1,
            "Plan Width": 8,
            "Actual Startup Time": 144.634,
            "Actual Total Time": 150.975,
            "Actual Rows": 1,
            "Actual Loops": 1,
            "Output": [
                "count(*)"
            ],
            "Plans": [
                {
                    "Node Type": "Gather",
                    "Parent Relationship": "Outer",
                    "Parallel Aware": false,
                    "Startup Cost": 40587.86,
                    "Total Cost": 40588.17,
                    "Plan Rows": 3,
                    "Plan Width": 8,
                    "Actual Startup Time": 144.389,
                    "Actual Total Time": 150.967,
                    "Actual Rows": 4,
                    "Actual Loops": 1,
                    "Output": [
                        "(PARTIAL count(*))"
                    ],
                    "Workers Planned": 3,
                    "Workers Launched": 3,
                    "Single Copy": false,
                    "Plans": [
                        {
                            "Node Type": "Aggregate",
                            "Strategy": "Plain",
                            "Partial Mode": "Partial",
                            "Parent Relationship": "Outer",
                            "Parallel Aware": false,
                            "Startup Cost": 39587.86,
                            "Total Cost": 39587.87,
                            "Plan Rows": 1,
                            "Plan Width": 8,
                            "Actual Startup Time": 136.16,
                            "Actual Total Time": 136.162,
                            "Actual Rows": 1,
                            "Actual Loops": 4,
                            "Output": [
                                "PARTIAL count(*)"
                            ],
                            "Workers": [
                                {
                                    "Worker Number": 0,
                                    "Actual Startup Time": 133.513,
                                    "Actual Total Time": 133.515,
                                    "Actual Rows": 1,
                                    "Actual Loops": 1
                                },
                                {
                                    "Worker Number": 1,
                                    "Actual Startup Time": 133.564,
                                    "Actual Total Time": 133.565,
                                    "Actual Rows": 1,
                                    "Actual Loops": 1
                                },
                                {
                                    "Worker Number": 2,
                                    "Actual Startup Time": 133.749,
                                    "Actual Total Time": 133.751,
                                    "Actual Rows": 1,
                                    "Actual Loops": 1
                                }
                            ],
                            "Plans": [
                                {
                                    "Node Type": "Bitmap Heap Scan",
                                    "Parent Relationship": "Outer",
                                    "Parallel Aware": true,
                                    "Relation Name": "movie_keyword",
                                    "Schema": "public",
                                    "Alias": "mk",
                                    "Startup Cost": 12322.8,
                                    "Total Cost": 39119.35,
                                    "Plan Rows": 187404,
                                    "Plan Width": 0,
                                    "Actual Startup Time": 52.907,
                                    "Actual Total Time": 127.548,
                                    "Actual Rows": 143992,
                                    "Actual Loops": 4,
                                    "Recheck Cond": "(mk.keyword_id > 31850)",
                                    "Rows Removed by Index Recheck": 0,
                                    "Exact Heap Blocks": 10691,
                                    "Lossy Heap Blocks": 0,
                                    "Workers": [
                                        {
                                            "Worker Number": 0,
                                            "Actual Startup Time": 50.327,
                                            "Actual Total Time": 125.392,
                                            "Actual Rows": 95422,
                                            "Actual Loops": 1
                                        },
                                        {
                                            "Worker Number": 1,
                                            "Actual Startup Time": 50.497,
                                            "Actual Total Time": 125.876,
                                            "Actual Rows": 87406,
                                            "Actual Loops": 1
                                        },
                                        {
                                            "Worker Number": 2,
                                            "Actual Startup Time": 50.553,
                                            "Actual Total Time": 125.782,
                                            "Actual Rows": 130135,
                                            "Actual Loops": 1
                                        }
                                    ],
                                    "Plans": [
                                        {
                                            "Node Type": "Bitmap Index Scan",
                                            "Parent Relationship": "Outer",
                                            "Parallel Aware": false,
                                            "Index Name": "keyword_id_movie_keyword",
                                            "Startup Cost": 0.0,
                                            "Total Cost": 12177.57,
                                            "Plan Rows": 580951,
                                            "Plan Width": 0,
                                            "Actual Startup Time": 56.863,
                                            "Actual Total Time": 56.864,
                                            "Actual Rows": 575966,
                                            "Actual Loops": 1,
                                            "Index Cond": "(mk.keyword_id > 31850)"
                                        }
                                    ]
                                }
                            ]
                        }
                    ]
                }
            ]
        },
        "Planning Time": 313.104,
        "Triggers": [],
        "Execution Time": 151.074
    }
]