[
  {
    "Plan": {
      "Node Type": "Aggregate",
      "Strategy": "Plain",
      "Partial Mode": "Finalize",
      "Parallel Aware": false,
      "Startup Cost": 131738.77,
      "Total Cost": 131738.78,
      "Plan Rows": 1,
      "Plan Width": 8,
      "Actual Startup Time": 1085.697,
      "Actual Total Time": 1103.46,
      "Actual Rows": 1,
      "Actual Loops": 1,
      "Plans": [
        {
          "Node Type": "Gather",
          "Parent Relationship": "Outer",
          "Parallel Aware": false,
          "Startup Cost": 131738.45,
          "Total Cost": 131738.76,
          "Plan Rows": 3,
          "Plan Width": 8,
          "Actual Startup Time": 1077.063,
          "Actual Total Time": 1103.437,
          "Actual Rows": 4,
          "Actual Loops": 1,
          "Workers Planned": 3,
          "Workers Launched": 3,
          "Single Copy": false,
          "Plans": [
            {
              "Node Type": "Aggregate",
              "Strategy": "Plain",
              "Partial Mode": "Partial",
              "Parent Relationship": "Outer",
              "Parallel Aware": false,
              "Startup Cost": 130738.45,
              "Total Cost": 130738.46,
              "Plan Rows": 1,
              "Plan Width": 8,
              "Actual Startup Time": 1068.231,
              "Actual Total Time": 1068.693,
              "Actual Rows": 1,
              "Actual Loops": 4,
              "Plans": [
                {
                  "Node Type": "Hash Join",
                  "Parent Relationship": "Outer",
                  "Parallel Aware": true,
                  "Join Type": "Inner",
                  "Startup Cost": 83738.28,
                  "Total Cost": 129498.28,
                  "Plan Rows": 496071,
                  "Plan Width": 0,
                  "Actual Startup Time": 642.45,
                  "Actual Total Time": 991.642,
                  "Actual Rows": 1765975,
                  "Actual Loops": 4,
                  "Inner Unique": false,
                  "Hash Cond": "(mk.movie_id = t.id)",
                  "Plans": [
                    {
                      "Node Type": "Seq Scan",
                      "Parent Relationship": "Outer",
                      "Parallel Aware": true,
                      "Relation Name": "movie_keyword",
                      "Alias": "mk",
                      "Startup Cost": 0.0,
                      "Total Cost": 39047.32,
                      "Plan Rows": 1459332,
                      "Plan Width": 4,
                      "Actual Startup Time": 0.028,
                      "Actual Total Time": 92.352,
                      "Actual Rows": 1130982,
                      "Actual Loops": 4
                    },
                    {
                      "Node Type": "Hash",
                      "Parent Relationship": "Inner",
                      "Parallel Aware": true,
                      "Startup Cost": 81052.52,
                      "Total Cost": 81052.52,
                      "Plan Rows": 214861,
                      "Plan Width": 8,
                      "Actual Startup Time": 635.716,
                      "Actual Total Time": 636.176,
                      "Actual Rows": 267322,
                      "Actual Loops": 4,
                      "Hash Buckets": 2097152,
                      "Original Hash Buckets": 1048576,
                      "Hash Batches": 1,
                      "Original Hash Batches": 1,
                      "Peak Memory Usage": 66464,
                      "Plans": [
                        {
                          "Node Type": "Hash Join",
                          "Parent Relationship": "Outer",
                          "Parallel Aware": true,
                          "Join Type": "Inner",
                          "Startup Cost": 34880.32,
                          "Total Cost": 81052.52,
                          "Plan Rows": 214861,
                          "Plan Width": 8,
                          "Actual Startup Time": 209.0,
                          "Actual Total Time": 517.139,
                          "Actual Rows": 267322,
                          "Actual Loops": 4,
                          "Inner Unique": false,
                          "Hash Cond": "(t.id = mc.movie_id)",
                          "Plans": [
                            {
                              "Node Type": "Seq Scan",
                              "Parent Relationship": "Outer",
                              "Parallel Aware": true,
                              "Relation Name": "title",
                              "Alias": "t",
                              "Startup Cost": 0.0,
                              "Total Cost": 42318.73,
                              "Plan Rows": 632073,
                              "Plan Width": 4,
                              "Actual Startup Time": 0.01,
                              "Actual Total Time": 81.177,
                              "Actual Rows": 632078,
                              "Actual Loops": 4
                            },
                            {
                              "Node Type": "Hash",
                              "Parent Relationship": "Inner",
                              "Parallel Aware": true,
                              "Startup Cost": 31414.82,
                              "Total Cost": 31414.82,
                              "Plan Rows": 277240,
                              "Plan Width": 4,
                              "Actual Startup Time": 206.095,
                              "Actual Total Time": 206.096,
                              "Actual Rows": 267322,
                              "Actual Loops": 4,
                              "Hash Buckets": 2097152,
                              "Original Hash Buckets": 1048576,
                              "Hash Batches": 1,
                              "Original Hash Batches": 1,
                              "Peak Memory Usage": 66496,
                              "Plans": [
                                {
                                  "Node Type": "Seq Scan",
                                  "Parent Relationship": "Outer",
                                  "Parallel Aware": true,
                                  "Relation Name": "movie_companies",
                                  "Alias": "mc",
                                  "Startup Cost": 0.0,
                                  "Total Cost": 31414.82,
                                  "Plan Rows": 277240,
                                  "Plan Width": 4,
                                  "Actual Startup Time": 52.155,
                                  "Actual Total Time": 97.722,
                                  "Actual Rows": 267322,
                                  "Actual Loops": 4,
                                  "Filter": "((company_id > 3099) AND (company_type_id > 1))",
                                  "Rows Removed by Filter": 384960
                                }
                              ]
                            }
                          ]
                        }
                      ]
                    }
                  ]
                }
              ]
            }
          ]
        }
      ]
    },
    "Planning Time": 1.559,
    "Triggers": [],
    "Execution Time": 1103.551
  }
]