{
  "Plan": {
    "Node Type": "Aggregate",
    "Strategy": "Plain",
    "Partial Mode": "Finalize",
    "Parallel Aware": false,
    "Startup Cost": 72740.26,
    "Total Cost": 72740.27,
    "Plan Rows": 1,
    "Plan Width": 8,
    "Actual Startup Time": 55.725,
    "Actual Total Time": 63.609,
    "Actual Rows": 1,
    "Actual Loops": 1,
    "Plans": [
      {
        "Node Type": "Gather",
        "Parent Relationship": "Outer",
        "Parallel Aware": false,
        "Startup Cost": 72740.15,
        "Total Cost": 72740.26,
        "Plan Rows": 1,
        "Plan Width": 8,
        "Actual Startup Time": 55.63,
        "Actual Total Time": 63.605,
        "Actual Rows": 2,
        "Actual Loops": 1,
        "Workers Planned": 1,
        "Workers Launched": 1,
        "Single Copy": false,
        "Plans": [
          {
            "Node Type": "Aggregate",
            "Strategy": "Plain",
            "Partial Mode": "Partial",
            "Parent Relationship": "Outer",
            "Parallel Aware": false,
            "Startup Cost": 71740.15,
            "Total Cost": 71740.16,
            "Plan Rows": 1,
            "Plan Width": 8,
            "Actual Startup Time": 50.791,
            "Actual Total Time": 50.792,
            "Actual Rows": 1,
            "Actual Loops": 2,
            "Plans": [
              {
                "Node Type": "Nested Loop",
                "Parent Relationship": "Outer",
                "Parallel Aware": false,
                "Join Type": "Inner",
                "Startup Cost": 296.77,
                "Total Cost": 71738.13,
                "Plan Rows": 808,
                "Plan Width": 0,
                "Actual Startup Time": 1.927,
                "Actual Total Time": 50.569,
                "Actual Rows": 2256,
                "Actual Loops": 2,
                "Inner Unique": true,
                "Plans": [
                  {
                    "Node Type": "Bitmap Heap Scan",
                    "Parent Relationship": "Outer",
                    "Parallel Aware": true,
                    "Relation Name": "movie_keyword",
                    "Alias": "mk",
                    "Startup Cost": 296.34,
                    "Total Cost": 22105.09,
                    "Plan Rows": 8190,
                    "Plan Width": 4,
                    "Actual Startup Time": 1.202,
                    "Actual Total Time": 11.837,
                    "Actual Rows": 7186,
                    "Actual Loops": 2,
                    "Recheck Cond": "(keyword_id < 3)",
                    "Rows Removed by Index Recheck": 0,
                    "Exact Heap Blocks": 4873,
                    "Lossy Heap Blocks": 0,
                    "Plans": [
                      {
                        "Node Type": "Bitmap Index Scan",
                        "Parent Relationship": "Outer",
                        "Parallel Aware": false,
                        "Index Name": "keyword_id_movie_keyword",
                        "Startup Cost": 0.0,
                        "Total Cost": 292.86,
                        "Plan Rows": 13923,
                        "Plan Width": 0,
                        "Actual Startup Time": 1.46,
                        "Actual Total Time": 1.46,
                        "Actual Rows": 14373,
                        "Actual Loops": 1,
                        "Index Cond": "(keyword_id < 3)"
                      }
                    ]
                  },
                  {
                    "Node Type": "Index Scan",
                    "Parent Relationship": "Inner",
                    "Parallel Aware": false,
                    "Scan Direction": "Forward",
                    "Index Name": "title_pkey",
                    "Relation Name": "title",
                    "Alias": "t",
                    "Startup Cost": 0.43,
                    "Total Cost": 6.06,
                    "Plan Rows": 1,
                    "Plan Width": 4,
                    "Actual Startup Time": 0.005,
                    "Actual Total Time": 0.005,
                    "Actual Rows": 0,
                    "Actual Loops": 14373,
                    "Index Cond": "(id = mk.movie_id)",
                    "Rows Removed by Index Recheck": 0,
                    "Filter": "((kind_id < 7) AND (production_year < 1988))",
                    "Rows Removed by Filter": 1
                  }
                ]
              }
            ]
          }
        ]
      }
    ]
  },
  "Planning Time": 0.201,
  "Triggers": [],
  "Execution Time": 63.65
}