[
  {
    "Plan": {
      "Node Type": "Aggregate",
      "Strategy": "Plain",
      "Partial Mode": "Finalize",
      "Parallel Aware": false,
      "Startup Cost": 334080.06,
      "Total Cost": 334080.07,
      "Plan Rows": 1,
      "Plan Width": 8,
      "Actual Startup Time": 653.495,
      "Actual Total Time": 698.482,
      "Actual Rows": 1,
      "Actual Loops": 1,
      "Plans": [
        {
          "Node Type": "Gather",
          "Parent Relationship": "Outer",
          "Parallel Aware": false,
          "Startup Cost": 334079.44,
          "Total Cost": 334080.05,
          "Plan Rows": 6,
          "Plan Width": 8,
          "Actual Startup Time": 653.314,
          "Actual Total Time": 698.468,
          "Actual Rows": 7,
          "Actual Loops": 1,
          "Workers Planned": 6,
          "Workers Launched": 6,
          "Single Copy": false,
          "Plans": [
            {
              "Node Type": "Aggregate",
              "Strategy": "Plain",
              "Partial Mode": "Partial",
              "Parent Relationship": "Outer",
              "Parallel Aware": false,
              "Startup Cost": 333079.44,
              "Total Cost": 333079.45,
              "Plan Rows": 1,
              "Plan Width": 8,
              "Actual Startup Time": 645.797,
              "Actual Total Time": 645.799,
              "Actual Rows": 1,
              "Actual Loops": 7,
              "Plans": [
                {
                  "Node Type": "Seq Scan",
                  "Parent Relationship": "Outer",
                  "Parallel Aware": true,
                  "Relation Name": "cast_info",
                  "Alias": "ci",
                  "Startup Cost": 0.0,
                  "Total Cost": 328211.39,
                  "Plan Rows": 1947219,
                  "Plan Width": 0,
                  "Actual Startup Time": 0.045,
                  "Actual Total Time": 560.667,
                  "Actual Rows": 1684604,
                  "Actual Loops": 7,
                  "Filter": "(person_id < 1158704)",
                  "Rows Removed by Filter": 3493160
                }
              ]
            }
          ]
        }
      ]
    },
    "Planning Time": 0.156,
    "Triggers": [],
    "Execution Time": 698.55
  }
]