[
  {
    "Plan": {
      "Node Type": "Aggregate",
      "Strategy": "Plain",
      "Partial Mode": "Finalize",
      "Parallel Aware": false,
      "Startup Cost": 137574.55,
      "Total Cost": 137574.56,
      "Plan Rows": 1,
      "Plan Width": 8,
      "Actual Startup Time": 903.223,
      "Actual Total Time": 922.592,
      "Actual Rows": 1,
      "Actual Loops": 1,
      "Plans": [
        {
          "Node Type": "Gather",
          "Parent Relationship": "Outer",
          "Parallel Aware": false,
          "Startup Cost": 137574.23,
          "Total Cost": 137574.54,
          "Plan Rows": 3,
          "Plan Width": 8,
          "Actual Startup Time": 897.532,
          "Actual Total Time": 922.583,
          "Actual Rows": 4,
          "Actual Loops": 1,
          "Workers Planned": 3,
          "Workers Launched": 3,
          "Single Copy": false,
          "Plans": [
            {
              "Node Type": "Aggregate",
              "Strategy": "Plain",
              "Partial Mode": "Partial",
              "Parent Relationship": "Outer",
              "Parallel Aware": false,
              "Startup Cost": 136574.23,
              "Total Cost": 136574.24,
              "Plan Rows": 1,
              "Plan Width": 8,
              "Actual Startup Time": 888.526,
              "Actual Total Time": 888.532,
              "Actual Rows": 1,
              "Actual Loops": 4,
              "Plans": [
                {
                  "Node Type": "Hash Join",
                  "Parent Relationship": "Outer",
                  "Parallel Aware": true,
                  "Join Type": "Inner",
                  "Startup Cost": 86262.43,
                  "Total Cost": 134934.98,
                  "Plan Rows": 655700,
                  "Plan Width": 0,
                  "Actual Startup Time": 615.216,
                  "Actual Total Time": 858.617,
                  "Actual Rows": 656899,
                  "Actual Loops": 4,
                  "Inner Unique": false,
                  "Hash Cond": "(mk.movie_id = t.id)",
                  "Plans": [
                    {
                      "Node Type": "Seq Scan",
                      "Parent Relationship": "Outer",
                      "Parallel Aware": true,
                      "Relation Name": "movie_keyword",
                      "Alias": "mk",
                      "Startup Cost": 0.0,
                      "Total Cost": 42695.65,
                      "Plan Rows": 1029798,
                      "Plan Width": 4,
                      "Actual Startup Time": 0.078,
                      "Actual Total Time": 112.132,
                      "Actual Rows": 798614,
                      "Actual Loops": 4,
                      "Filter": "(keyword_id < 12955)",
                      "Rows Removed by Filter": 332369
                    },
                    {
                      "Node Type": "Hash",
                      "Parent Relationship": "Inner",
                      "Parallel Aware": true,
                      "Startup Cost": 79770.84,
                      "Total Cost": 79770.84,
                      "Plan Rows": 519327,
                      "Plan Width": 8,
                      "Actual Startup Time": 609.777,
                      "Actual Total Time": 609.782,
                      "Actual Rows": 254038,
                      "Actual Loops": 4,
                      "Hash Buckets": 2097152,
                      "Original Hash Buckets": 2097152,
                      "Hash Batches": 1,
                      "Original Hash Batches": 1,
                      "Peak Memory Usage": 56192,
                      "Plans": [
                        {
                          "Node Type": "Hash Join",
                          "Parent Relationship": "Outer",
                          "Parallel Aware": true,
                          "Join Type": "Inner",
                          "Startup Cost": 50354.95,
                          "Total Cost": 79770.84,
                          "Plan Rows": 519327,
                          "Plan Width": 8,
                          "Actual Startup Time": 278.843,
                          "Actual Total Time": 523.978,
                          "Actual Rows": 254038,
                          "Actual Loops": 4,
                          "Inner Unique": true,
                          "Hash Cond": "(mc.movie_id = t.id)",
                          "Plans": [
                            {
                              "Node Type": "Seq Scan",
                              "Parent Relationship": "Outer",
                              "Parallel Aware": true,
                              "Relation Name": "movie_companies",
                              "Alias": "mc",
                              "Startup Cost": 0.0,
                              "Total Cost": 27206.55,
                              "Plan Rows": 841655,
                              "Plan Width": 4,
                              "Actual Startup Time": 0.009,
                              "Actual Total Time": 61.114,
                              "Actual Rows": 652282,
                              "Actual Loops": 4
                            },
                            {
                              "Node Type": "Hash",
                              "Parent Relationship": "Inner",
                              "Parallel Aware": true,
                              "Startup Cost": 45479.59,
                              "Total Cost": 45479.59,
                              "Plan Rows": 390029,
                              "Plan Width": 4,
                              "Actual Startup Time": 274.312,
                              "Actual Total Time": 274.313,
                              "Actual Rows": 386758,
                              "Actual Loops": 4,
                              "Hash Buckets": 2097152,
                              "Original Hash Buckets": 2097152,
                              "Hash Batches": 1,
                              "Original Hash Batches": 1,
                              "Peak Memory Usage": 76992,
                              "Plans": [
                                {
                                  "Node Type": "Seq Scan",
                                  "Parent Relationship": "Outer",
                                  "Parallel Aware": true,
                                  "Relation Name": "title",
                                  "Alias": "t",
                                  "Startup Cost": 0.0,
                                  "Total Cost": 45479.59,
                                  "Plan Rows": 390029,
                                  "Plan Width": 4,
                                  "Actual Startup Time": 0.056,
                                  "Actual Total Time": 117.599,
                                  "Actual Rows": 386758,
                                  "Actual Loops": 4,
                                  "Filter": "((kind_id > 2) AND (production_year < 2012))",
                                  "Rows Removed by Filter": 245320
                                }
                              ]
                            }
                          ]
                        }
                      ]
                    }
                  ]
                }
              ]
            }
          ]
        }
      ]
    },
    "Planning Time": 0.755,
    "Triggers": [],
    "Execution Time": 922.644
  }
]