[
  {
    "Plan": {
      "Node Type": "Aggregate",
      "Strategy": "Plain",
      "Partial Mode": "Finalize",
      "Parallel Aware": false,
      "Startup Cost": 137617.08,
      "Total Cost": 137617.09,
      "Plan Rows": 1,
      "Plan Width": 8,
      "Actual Startup Time": 863.859,
      "Actual Total Time": 883.464,
      "Actual Rows": 1,
      "Actual Loops": 1,
      "Plans": [
        {
          "Node Type": "Gather",
          "Parent Relationship": "Outer",
          "Parallel Aware": false,
          "Startup Cost": 137616.77,
          "Total Cost": 137617.08,
          "Plan Rows": 3,
          "Plan Width": 8,
          "Actual Startup Time": 852.722,
          "Actual Total Time": 883.452,
          "Actual Rows": 4,
          "Actual Loops": 1,
          "Workers Planned": 3,
          "Workers Launched": 3,
          "Single Copy": false,
          "Plans": [
            {
              "Node Type": "Aggregate",
              "Strategy": "Plain",
              "Partial Mode": "Partial",
              "Parent Relationship": "Outer",
              "Parallel Aware": false,
              "Startup Cost": 136616.77,
              "Total Cost": 136616.78,
              "Plan Rows": 1,
              "Plan Width": 8,
              "Actual Startup Time": 840.139,
              "Actual Total Time": 840.701,
              "Actual Rows": 1,
              "Actual Loops": 4,
              "Plans": [
                {
                  "Node Type": "Hash Join",
                  "Parent Relationship": "Outer",
                  "Parallel Aware": true,
                  "Join Type": "Inner",
                  "Startup Cost": 86280.73,
                  "Total Cost": 134970.86,
                  "Plan Rows": 658361,
                  "Plan Width": 0,
                  "Actual Startup Time": 587.513,
                  "Actual Total Time": 815.166,
                  "Actual Rows": 656899,
                  "Actual Loops": 4,
                  "Inner Unique": false,
                  "Hash Cond": "(mk.movie_id = t.id)",
                  "Plans": [
                    {
                      "Node Type": "Seq Scan",
                      "Parent Relationship": "Outer",
                      "Parallel Aware": true,
                      "Relation Name": "movie_keyword",
                      "Alias": "mk",
                      "Startup Cost": 0.0,
                      "Total Cost": 42695.65,
                      "Plan Rows": 1032196,
                      "Plan Width": 4,
                      "Actual Startup Time": 0.033,
                      "Actual Total Time": 105.067,
                      "Actual Rows": 798614,
                      "Actual Loops": 4,
                      "Filter": "(keyword_id < 12955)",
                      "Rows Removed by Filter": 332369
                    },
                    {
                      "Node Type": "Hash",
                      "Parent Relationship": "Inner",
                      "Parallel Aware": true,
                      "Startup Cost": 79778.26,
                      "Total Cost": 79778.26,
                      "Plan Rows": 520197,
                      "Plan Width": 8,
                      "Actual Startup Time": 579.531,
                      "Actual Total Time": 580.091,
                      "Actual Rows": 254038,
                      "Actual Loops": 4,
                      "Hash Buckets": 2097152,
                      "Original Hash Buckets": 2097152,
                      "Hash Batches": 1,
                      "Original Hash Batches": 1,
                      "Peak Memory Usage": 56160,
                      "Plans": [
                        {
                          "Node Type": "Hash Join",
                          "Parent Relationship": "Outer",
                          "Parallel Aware": true,
                          "Join Type": "Inner",
                          "Startup Cost": 50362.37,
                          "Total Cost": 79778.26,
                          "Plan Rows": 520197,
                          "Plan Width": 8,
                          "Actual Startup Time": 250.295,
                          "Actual Total Time": 494.107,
                          "Actual Rows": 254038,
                          "Actual Loops": 4,
                          "Inner Unique": true,
                          "Hash Cond": "(mc.movie_id = t.id)",
                          "Plans": [
                            {
                              "Node Type": "Seq Scan",
                              "Parent Relationship": "Outer",
                              "Parallel Aware": true,
                              "Relation Name": "movie_companies",
                              "Alias": "mc",
                              "Startup Cost": 0.0,
                              "Total Cost": 27206.55,
                              "Plan Rows": 841655,
                              "Plan Width": 4,
                              "Actual Startup Time": 0.017,
                              "Actual Total Time": 59.741,
                              "Actual Rows": 652282,
                              "Actual Loops": 4
                            },
                            {
                              "Node Type": "Hash",
                              "Parent Relationship": "Inner",
                              "Parallel Aware": true,
                              "Startup Cost": 45479.1,
                              "Total Cost": 45479.1,
                              "Plan Rows": 390662,
                              "Plan Width": 4,
                              "Actual Startup Time": 246.416,
                              "Actual Total Time": 246.417,
                              "Actual Rows": 386758,
                              "Actual Loops": 4,
                              "Hash Buckets": 2097152,
                              "Original Hash Buckets": 2097152,
                              "Hash Batches": 1,
                              "Original Hash Batches": 1,
                              "Peak Memory Usage": 76960,
                              "Plans": [
                                {
                                  "Node Type": "Seq Scan",
                                  "Parent Relationship": "Outer",
                                  "Parallel Aware": true,
                                  "Relation Name": "title",
                                  "Alias": "t",
                                  "Startup Cost": 0.0,
                                  "Total Cost": 45479.1,
                                  "Plan Rows": 390662,
                                  "Plan Width": 4,
                                  "Actual Startup Time": 0.042,
                                  "Actual Total Time": 107.03,
                                  "Actual Rows": 386758,
                                  "Actual Loops": 4,
                                  "Filter": "((kind_id > 2) AND (production_year < 2012))",
                                  "Rows Removed by Filter": 245320
                                }
                              ]
                            }
                          ]
                        }
                      ]
                    }
                  ]
                }
              ]
            }
          ]
        }
      ]
    },
    "Planning Time": 1.464,
    "Triggers": [],
    "Execution Time": 883.547
  }
]