{
  "Plan": {
    "Node Type": "Aggregate",
    "Strategy": "Plain",
    "Partial Mode": "Finalize",
    "Parallel Aware": false,
    "Startup Cost": 150951.4,
    "Total Cost": 150951.41,
    "Plan Rows": 1,
    "Plan Width": 8,
    "Actual Startup Time": 406.978,
    "Actual Total Time": 422.314,
    "Actual Rows": 1,
    "Actual Loops": 1,
    "Plans": [
      {
        "Node Type": "Gather",
        "Parent Relationship": "Outer",
        "Parallel Aware": false,
        "Startup Cost": 150951.29,
        "Total Cost": 150951.4,
        "Plan Rows": 1,
        "Plan Width": 8,
        "Actual Startup Time": 405.493,
        "Actual Total Time": 422.305,
        "Actual Rows": 2,
        "Actual Loops": 1,
        "Workers Planned": 1,
        "Workers Launched": 1,
        "Single Copy": false,
        "Plans": [
          {
            "Node Type": "Aggregate",
            "Strategy": "Plain",
            "Partial Mode": "Partial",
            "Parent Relationship": "Outer",
            "Parallel Aware": false,
            "Startup Cost": 149951.29,
            "Total Cost": 149951.3,
            "Plan Rows": 1,
            "Plan Width": 8,
            "Actual Startup Time": 399.508,
            "Actual Total Time": 399.512,
            "Actual Rows": 1,
            "Actual Loops": 2,
            "Plans": [
              {
                "Node Type": "Nested Loop",
                "Parent Relationship": "Outer",
                "Parallel Aware": false,
                "Join Type": "Inner",
                "Startup Cost": 72777.81,
                "Total Cost": 149868.57,
                "Plan Rows": 33089,
                "Plan Width": 0,
                "Actual Startup Time": 259.019,
                "Actual Total Time": 398.893,
                "Actual Rows": 9986,
                "Actual Loops": 2,
                "Inner Unique": false,
                "Plans": [
                  {
                    "Node Type": "Hash Join",
                    "Parent Relationship": "Outer",
                    "Parallel Aware": true,
                    "Join Type": "Inner",
                    "Startup Cost": 72777.38,
                    "Total Cost": 101591.73,
                    "Plan Rows": 63151,
                    "Plan Width": 8,
                    "Actual Startup Time": 258.952,
                    "Actual Total Time": 372.69,
                    "Actual Rows": 10358,
                    "Actual Loops": 2,
                    "Inner Unique": true,
                    "Hash Cond": "(mk.movie_id = t.id)",
                    "Plans": [
                      {
                        "Node Type": "Bitmap Heap Scan",
                        "Parent Relationship": "Outer",
                        "Parallel Aware": true,
                        "Relation Name": "movie_keyword",
                        "Alias": "mk",
                        "Startup Cost": 10398.62,
                        "Total Cost": 38456.22,
                        "Plan Rows": 288288,
                        "Plan Width": 4,
                        "Actual Startup Time": 28.483,
                        "Actual Total Time": 90.667,
                        "Actual Rows": 251317,
                        "Actual Loops": 2,
                        "Recheck Cond": "(keyword_id < 365)",
                        "Rows Removed by Index Recheck": 0,
                        "Exact Heap Blocks": 13761,
                        "Lossy Heap Blocks": 0,
                        "Plans": [
                          {
                            "Node Type": "Bitmap Index Scan",
                            "Parent Relationship": "Outer",
                            "Parallel Aware": false,
                            "Index Name": "keyword_id_movie_keyword",
                            "Startup Cost": 0.0,
                            "Total Cost": 10276.1,
                            "Plan Rows": 490089,
                            "Plan Width": 0,
                            "Actual Startup Time": 24.961,
                            "Actual Total Time": 24.962,
                            "Actual Rows": 502634,
                            "Actual Loops": 1,
                            "Index Cond": "(keyword_id < 365)"
                          }
                        ]
                      },
                      {
                        "Node Type": "Hash",
                        "Parent Relationship": "Inner",
                        "Parallel Aware": true,
                        "Startup Cost": 58306.47,
                        "Total Cost": 58306.47,
                        "Plan Rows": 325783,
                        "Plan Width": 4,
                        "Actual Startup Time": 221.587,
                        "Actual Total Time": 221.588,
                        "Actual Rows": 301202,
                        "Actual Loops": 2,
                        "Hash Buckets": 1048576,
                        "Original Hash Buckets": 1048576,
                        "Hash Batches": 1,
                        "Original Hash Batches": 1,
                        "Peak Memory Usage": 31776,
                        "Plans": [
                          {
                            "Node Type": "Seq Scan",
                            "Parent Relationship": "Outer",
                            "Parallel Aware": true,
                            "Relation Name": "title",
                            "Alias": "t",
                            "Startup Cost": 0.0,
                            "Total Cost": 58306.47,
                            "Plan Rows": 325783,
                            "Plan Width": 4,
                            "Actual Startup Time": 0.036,
                            "Actual Total Time": 145.403,
                            "Actual Rows": 301202,
                            "Actual Loops": 2,
                            "Filter": "((production_year > 2006) AND (kind_id = 7))",
                            "Rows Removed by Filter": 962954
                          }
                        ]
                      }
                    ]
                  },
                  {
                    "Node Type": "Index Scan",
                    "Parent Relationship": "Inner",
                    "Parallel Aware": false,
                    "Scan Direction": "Forward",
                    "Index Name": "movie_id_movie_companies",
                    "Relation Name": "movie_companies",
                    "Alias": "mc",
                    "Startup Cost": 0.43,
                    "Total Cost": 0.73,
                    "Plan Rows": 3,
                    "Plan Width": 4,
                    "Actual Startup Time": 0.002,
                    "Actual Total Time": 0.002,
                    "Actual Rows": 1,
                    "Actual Loops": 20715,
                    "Index Cond": "(movie_id = t.id)",
                    "Rows Removed by Index Recheck": 0,
                    "Filter": "(company_type_id > 1)",
                    "Rows Removed by Filter": 2
                  }
                ]
              }
            ]
          }
        ]
      }
    ]
  },
  "Planning Time": 1.082,
  "Triggers": [],
  "Execution Time": 422.422
}