[
  {
    "Plan": {
      "Node Type": "Aggregate",
      "Strategy": "Plain",
      "Partial Mode": "Finalize",
      "Parallel Aware": false,
      "Startup Cost": 111469.58,
      "Total Cost": 111469.59,
      "Plan Rows": 1,
      "Plan Width": 8,
      "Actual Startup Time": 781.25,
      "Actual Total Time": 807.538,
      "Actual Rows": 1,
      "Actual Loops": 1,
      "Plans": [
        {
          "Node Type": "Gather",
          "Parent Relationship": "Outer",
          "Parallel Aware": false,
          "Startup Cost": 111469.26,
          "Total Cost": 111469.57,
          "Plan Rows": 3,
          "Plan Width": 8,
          "Actual Startup Time": 775.092,
          "Actual Total Time": 807.527,
          "Actual Rows": 4,
          "Actual Loops": 1,
          "Workers Planned": 3,
          "Workers Launched": 3,
          "Single Copy": false,
          "Plans": [
            {
              "Node Type": "Aggregate",
              "Strategy": "Plain",
              "Partial Mode": "Partial",
              "Parent Relationship": "Outer",
              "Parallel Aware": false,
              "Startup Cost": 110469.26,
              "Total Cost": 110469.27,
              "Plan Rows": 1,
              "Plan Width": 8,
              "Actual Startup Time": 766.169,
              "Actual Total Time": 766.558,
              "Actual Rows": 1,
              "Actual Loops": 4,
              "Plans": [
                {
                  "Node Type": "Hash Join",
                  "Parent Relationship": "Outer",
                  "Parallel Aware": true,
                  "Join Type": "Inner",
                  "Startup Cost": 64655.63,
                  "Total Cost": 109984.08,
                  "Plan Rows": 194073,
                  "Plan Width": 0,
                  "Actual Startup Time": 382.052,
                  "Actual Total Time": 716.652,
                  "Actual Rows": 913884,
                  "Actual Loops": 4,
                  "Inner Unique": false,
                  "Hash Cond": "(mk.movie_id = t.id)",
                  "Plans": [
                    {
                      "Node Type": "Seq Scan",
                      "Parent Relationship": "Outer",
                      "Parallel Aware": true,
                      "Relation Name": "movie_keyword",
                      "Alias": "mk",
                      "Startup Cost": 0.0,
                      "Total Cost": 39047.32,
                      "Plan Rows": 1459332,
                      "Plan Width": 4,
                      "Actual Startup Time": 0.044,
                      "Actual Total Time": 118.375,
                      "Actual Rows": 1130982,
                      "Actual Loops": 4
                    },
                    {
                      "Node Type": "Hash",
                      "Parent Relationship": "Inner",
                      "Parallel Aware": true,
                      "Startup Cost": 62904.43,
                      "Total Cost": 62904.43,
                      "Plan Rows": 140096,
                      "Plan Width": 8,
                      "Actual Startup Time": 378.225,
                      "Actual Total Time": 378.611,
                      "Actual Rows": 103528,
                      "Actual Loops": 4,
                      "Hash Buckets": 524288,
                      "Original Hash Buckets": 524288,
                      "Hash Batches": 1,
                      "Original Hash Batches": 1,
                      "Peak Memory Usage": 20320,
                      "Plans": [
                        {
                          "Node Type": "Hash Join",
                          "Parent Relationship": "Outer",
                          "Parallel Aware": true,
                          "Join Type": "Inner",
                          "Startup Cost": 46769.59,
                          "Total Cost": 62904.43,
                          "Plan Rows": 140096,
                          "Plan Width": 8,
                          "Actual Startup Time": 231.231,
                          "Actual Total Time": 344.937,
                          "Actual Rows": 103528,
                          "Actual Loops": 4,
                          "Inner Unique": true,
                          "Hash Cond": "(mi_idx.movie_id = t.id)",
                          "Plans": [
                            {
                              "Node Type": "Seq Scan",
                              "Parent Relationship": "Outer",
                              "Parallel Aware": true,
                              "Relation Name": "movie_info_idx",
                              "Alias": "mi_idx",
                              "Startup Cost": 0.0,
                              "Total Cost": 15122.68,
                              "Plan Rows": 385585,
                              "Plan Width": 4,
                              "Actual Startup Time": 0.033,
                              "Actual Total Time": 46.538,
                              "Actual Rows": 230028,
                              "Actual Loops": 4,
                              "Filter": "(info_type_id > 99)",
                              "Rows Removed by Filter": 114981
                            },
                            {
                              "Node Type": "Hash",
                              "Parent Relationship": "Inner",
                              "Parallel Aware": true,
                              "Startup Cost": 43898.92,
                              "Total Cost": 43898.92,
                              "Plan Rows": 229654,
                              "Plan Width": 4,
                              "Actual Startup Time": 227.505,
                              "Actual Total Time": 227.506,
                              "Actual Rows": 231151,
                              "Actual Loops": 4,
                              "Hash Buckets": 1048576,
                              "Original Hash Buckets": 1048576,
                              "Hash Batches": 1,
                              "Original Hash Batches": 1,
                              "Peak Memory Usage": 44448,
                              "Plans": [
                                {
                                  "Node Type": "Seq Scan",
                                  "Parent Relationship": "Outer",
                                  "Parallel Aware": true,
                                  "Relation Name": "title",
                                  "Alias": "t",
                                  "Startup Cost": 0.0,
                                  "Total Cost": 43898.92,
                                  "Plan Rows": 229654,
                                  "Plan Width": 4,
                                  "Actual Startup Time": 0.042,
                                  "Actual Total Time": 125.054,
                                  "Actual Rows": 231151,
                                  "Actual Loops": 4,
                                  "Filter": "(production_year < 1998)",
                                  "Rows Removed by Filter": 400927
                                }
                              ]
                            }
                          ]
                        }
                      ]
                    }
                  ]
                }
              ]
            }
          ]
        }
      ]
    },
    "Planning Time": 1.306,
    "Triggers": [],
    "Execution Time": 807.631
  }
]