[
  {
    "Plan": {
      "Node Type": "Aggregate",
      "Strategy": "Plain",
      "Partial Mode": "Finalize",
      "Parallel Aware": false,
      "Startup Cost": 135798.24,
      "Total Cost": 135798.25,
      "Plan Rows": 1,
      "Plan Width": 8,
      "Actual Startup Time": 1148.185,
      "Actual Total Time": 1175.749,
      "Actual Rows": 1,
      "Actual Loops": 1,
      "Plans": [
        {
          "Node Type": "Gather",
          "Parent Relationship": "Outer",
          "Parallel Aware": false,
          "Startup Cost": 135797.92,
          "Total Cost": 135798.23,
          "Plan Rows": 3,
          "Plan Width": 8,
          "Actual Startup Time": 1135.498,
          "Actual Total Time": 1175.74,
          "Actual Rows": 4,
          "Actual Loops": 1,
          "Workers Planned": 3,
          "Workers Launched": 3,
          "Single Copy": false,
          "Plans": [
            {
              "Node Type": "Aggregate",
              "Strategy": "Plain",
              "Partial Mode": "Partial",
              "Parent Relationship": "Outer",
              "Parallel Aware": false,
              "Startup Cost": 134797.92,
              "Total Cost": 134797.93,
              "Plan Rows": 1,
              "Plan Width": 8,
              "Actual Startup Time": 1131.265,
              "Actual Total Time": 1131.94,
              "Actual Rows": 1,
              "Actual Loops": 4,
              "Plans": [
                {
                  "Node Type": "Hash Join",
                  "Parent Relationship": "Outer",
                  "Parallel Aware": true,
                  "Join Type": "Inner",
                  "Startup Cost": 85749.99,
                  "Total Cost": 133862.02,
                  "Plan Rows": 374359,
                  "Plan Width": 0,
                  "Actual Startup Time": 579.545,
                  "Actual Total Time": 998.867,
                  "Actual Rows": 3048756,
                  "Actual Loops": 4,
                  "Inner Unique": false,
                  "Hash Cond": "(mk.movie_id = t.id)",
                  "Plans": [
                    {
                      "Node Type": "Seq Scan",
                      "Parent Relationship": "Outer",
                      "Parallel Aware": true,
                      "Relation Name": "movie_keyword",
                      "Alias": "mk",
                      "Startup Cost": 0.0,
                      "Total Cost": 42695.65,
                      "Plan Rows": 1122340,
                      "Plan Width": 4,
                      "Actual Startup Time": 0.052,
                      "Actual Total Time": 116.632,
                      "Actual Rows": 870810,
                      "Actual Loops": 4,
                      "Filter": "(keyword_id < 17035)",
                      "Rows Removed by Filter": 260173
                    },
                    {
                      "Node Type": "Hash",
                      "Parent Relationship": "Inner",
                      "Parallel Aware": true,
                      "Startup Cost": 82349.34,
                      "Total Cost": 82349.34,
                      "Plan Rows": 272052,
                      "Plan Width": 8,
                      "Actual Startup Time": 571.072,
                      "Actual Total Time": 571.746,
                      "Actual Rows": 161640,
                      "Actual Loops": 4,
                      "Hash Buckets": 1048576,
                      "Original Hash Buckets": 1048576,
                      "Hash Batches": 1,
                      "Original Hash Batches": 1,
                      "Peak Memory Usage": 33536,
                      "Plans": [
                        {
                          "Node Type": "Hash Join",
                          "Parent Relationship": "Outer",
                          "Parallel Aware": true,
                          "Join Type": "Inner",
                          "Startup Cost": 50220.38,
                          "Total Cost": 82349.34,
                          "Plan Rows": 272052,
                          "Plan Width": 8,
                          "Actual Startup Time": 373.31,
                          "Actual Total Time": 508.884,
                          "Actual Rows": 161640,
                          "Actual Loops": 4,
                          "Inner Unique": true,
                          "Hash Cond": "(mc.movie_id = t.id)",
                          "Plans": [
                            {
                              "Node Type": "Seq Scan",
                              "Parent Relationship": "Outer",
                              "Parallel Aware": true,
                              "Relation Name": "movie_companies",
                              "Alias": "mc",
                              "Startup Cost": 0.0,
                              "Total Cost": 31414.82,
                              "Plan Rows": 272052,
                              "Plan Width": 4,
                              "Actual Startup Time": 0.918,
                              "Actual Total Time": 72.621,
                              "Actual Rows": 161640,
                              "Actual Loops": 4,
                              "Filter": "((company_id > 2686) AND (company_type_id < 2))",
                              "Rows Removed by Filter": 490642
                            },
                            {
                              "Node Type": "Hash",
                              "Parent Relationship": "Inner",
                              "Parallel Aware": true,
                              "Startup Cost": 42319.06,
                              "Total Cost": 42319.06,
                              "Plan Rows": 632106,
                              "Plan Width": 4,
                              "Actual Startup Time": 366.027,
                              "Actual Total Time": 366.029,
                              "Actual Rows": 632078,
                              "Actual Loops": 4,
                              "Hash Buckets": 4194304,
                              "Original Hash Buckets": 4194304,
                              "Hash Batches": 1,
                              "Original Hash Batches": 1,
                              "Peak Memory Usage": 131712,
                              "Plans": [
                                {
                                  "Node Type": "Seq Scan",
                                  "Parent Relationship": "Outer",
                                  "Parallel Aware": true,
                                  "Relation Name": "title",
                                  "Alias": "t",
                                  "Startup Cost": 0.0,
                                  "Total Cost": 42319.06,
                                  "Plan Rows": 632106,
                                  "Plan Width": 4,
                                  "Actual Startup Time": 0.052,
                                  "Actual Total Time": 105.927,
                                  "Actual Rows": 632078,
                                  "Actual Loops": 4
                                }
                              ]
                            }
                          ]
                        }
                      ]
                    }
                  ]
                }
              ]
            }
          ]
        }
      ]
    },
    "Planning Time": 0.419,
    "Triggers": [],
    "Execution Time": 1175.785
  }
]