[
  {
    "Plan": {
      "Node Type": "Aggregate",
      "Strategy": "Plain",
      "Partial Mode": "Finalize",
      "Parallel Aware": false,
      "Startup Cost": 47119.26,
      "Total Cost": 47119.27,
      "Plan Rows": 1,
      "Plan Width": 8,
      "Actual Startup Time": 114.327,
      "Actual Total Time": 127.046,
      "Actual Rows": 1,
      "Actual Loops": 1,
      "Plans": [
        {
          "Node Type": "Gather",
          "Parent Relationship": "Outer",
          "Parallel Aware": false,
          "Startup Cost": 47118.84,
          "Total Cost": 47119.25,
          "Plan Rows": 4,
          "Plan Width": 8,
          "Actual Startup Time": 114.083,
          "Actual Total Time": 127.037,
          "Actual Rows": 5,
          "Actual Loops": 1,
          "Workers Planned": 4,
          "Workers Launched": 4,
          "Single Copy": false,
          "Plans": [
            {
              "Node Type": "Aggregate",
              "Strategy": "Plain",
              "Partial Mode": "Partial",
              "Parent Relationship": "Outer",
              "Parallel Aware": false,
              "Startup Cost": 46118.84,
              "Total Cost": 46118.85,
              "Plan Rows": 1,
              "Plan Width": 8,
              "Actual Startup Time": 106.792,
              "Actual Total Time": 106.794,
              "Actual Rows": 1,
              "Actual Loops": 5,
              "Plans": [
                {
                  "Node Type": "Seq Scan",
                  "Parent Relationship": "Outer",
                  "Parallel Aware": true,
                  "Relation Name": "title",
                  "Alias": "t",
                  "Startup Cost": 0.0,
                  "Total Cost": 45479.1,
                  "Plan Rows": 255896,
                  "Plan Width": 0,
                  "Actual Startup Time": 0.041,
                  "Actual Total Time": 94.843,
                  "Actual Rows": 194058,
                  "Actual Loops": 5,
                  "Filter": "((kind_id > 4) AND (production_year < 2008))",
                  "Rows Removed by Filter": 311604
                }
              ]
            }
          ]
        }
      ]
    },
    "Planning Time": 0.181,
    "Triggers": [],
    "Execution Time": 127.103
  }
]