[
  {
    "Plan": {
      "Node Type": "Aggregate",
      "Strategy": "Plain",
      "Partial Mode": "Finalize",
      "Parallel Aware": false,
      "Startup Cost": 96810.98,
      "Total Cost": 96810.99,
      "Plan Rows": 1,
      "Plan Width": 8,
      "Actual Startup Time": 65.225,
      "Actual Total Time": 78.743,
      "Actual Rows": 1,
      "Actual Loops": 1,
      "Plans": [
        {
          "Node Type": "Gather",
          "Parent Relationship": "Outer",
          "Parallel Aware": false,
          "Startup Cost": 96810.56,
          "Total Cost": 96810.97,
          "Plan Rows": 4,
          "Plan Width": 8,
          "Actual Startup Time": 64.94,
          "Actual Total Time": 78.736,
          "Actual Rows": 5,
          "Actual Loops": 1,
          "Workers Planned": 4,
          "Workers Launched": 4,
          "Single Copy": false,
          "Plans": [
            {
              "Node Type": "Aggregate",
              "Strategy": "Plain",
              "Partial Mode": "Partial",
              "Parent Relationship": "Outer",
              "Parallel Aware": false,
              "Startup Cost": 95810.56,
              "Total Cost": 95810.57,
              "Plan Rows": 1,
              "Plan Width": 8,
              "Actual Startup Time": 57.708,
              "Actual Total Time": 57.71,
              "Actual Rows": 1,
              "Actual Loops": 5,
              "Plans": [
                {
                  "Node Type": "Nested Loop",
                  "Parent Relationship": "Outer",
                  "Parallel Aware": false,
                  "Join Type": "Inner",
                  "Startup Cost": 2168.3,
                  "Total Cost": 95805.3,
                  "Plan Rows": 2106,
                  "Plan Width": 0,
                  "Actual Startup Time": 5.842,
                  "Actual Total Time": 57.453,
                  "Actual Rows": 1874,
                  "Actual Loops": 5,
                  "Inner Unique": false,
                  "Plans": [
                    {
                      "Node Type": "Bitmap Heap Scan",
                      "Parent Relationship": "Outer",
                      "Parallel Aware": true,
                      "Relation Name": "title",
                      "Alias": "t",
                      "Startup Cost": 2167.74,
                      "Total Cost": 38621.17,
                      "Plan Rows": 439,
                      "Plan Width": 4,
                      "Actual Startup Time": 5.658,
                      "Actual Total Time": 23.898,
                      "Actual Rows": 480,
                      "Actual Loops": 5,
                      "Recheck Cond": "(kind_id = 4)",
                      "Rows Removed by Index Recheck": 0,
                      "Filter": "(production_year = 1995)",
                      "Rows Removed by Filter": 23167,
                      "Exact Heap Blocks": 6969,
                      "Lossy Heap Blocks": 0,
                      "Plans": [
                        {
                          "Node Type": "Bitmap Index Scan",
                          "Parent Relationship": "Outer",
                          "Parallel Aware": false,
                          "Index Name": "kind_id_title",
                          "Startup Cost": 0.0,
                          "Total Cost": 2167.3,
                          "Plan Rows": 121449,
                          "Plan Width": 0,
                          "Actual Startup Time": 9.442,
                          "Actual Total Time": 9.442,
                          "Actual Rows": 118234,
                          "Actual Loops": 1,
                          "Index Cond": "(kind_id = 4)"
                        }
                      ]
                    },
                    {
                      "Node Type": "Index Scan",
                      "Parent Relationship": "Inner",
                      "Parallel Aware": false,
                      "Scan Direction": "Forward",
                      "Index Name": "movie_id_cast_info",
                      "Relation Name": "cast_info",
                      "Alias": "ci",
                      "Startup Cost": 0.56,
                      "Total Cost": 130.14,
                      "Plan Rows": 12,
                      "Plan Width": 4,
                      "Actual Startup Time": 0.023,
                      "Actual Total Time": 0.069,
                      "Actual Rows": 4,
                      "Actual Loops": 2400,
                      "Index Cond": "(movie_id = t.id)",
                      "Rows Removed by Index Recheck": 0,
                      "Filter": "((person_id > 169884) AND (role_id = 1))",
                      "Rows Removed by Filter": 7
                    }
                  ]
                }
              ]
            }
          ]
        }
      ]
    },
    "Planning Time": 0.33,
    "Triggers": [],
    "Execution Time": 78.797
  }
]