[
  {
    "Plan": {
      "Node Type": "Aggregate",
      "Strategy": "Plain",
      "Partial Mode": "Finalize",
      "Parallel Aware": false,
      "Startup Cost": 351286.29,
      "Total Cost": 351286.3,
      "Plan Rows": 1,
      "Plan Width": 8,
      "Actual Startup Time": 781.333,
      "Actual Total Time": 817.684,
      "Actual Rows": 1,
      "Actual Loops": 1,
      "Plans": [
        {
          "Node Type": "Gather",
          "Parent Relationship": "Outer",
          "Parallel Aware": false,
          "Startup Cost": 351285.67,
          "Total Cost": 351286.28,
          "Plan Rows": 6,
          "Plan Width": 8,
          "Actual Startup Time": 781.277,
          "Actual Total Time": 817.676,
          "Actual Rows": 7,
          "Actual Loops": 1,
          "Workers Planned": 6,
          "Workers Launched": 6,
          "Single Copy": false,
          "Plans": [
            {
              "Node Type": "Aggregate",
              "Strategy": "Plain",
              "Partial Mode": "Partial",
              "Parent Relationship": "Outer",
              "Parallel Aware": false,
              "Startup Cost": 350285.67,
              "Total Cost": 350285.68,
              "Plan Rows": 1,
              "Plan Width": 8,
              "Actual Startup Time": 772.18,
              "Actual Total Time": 772.181,
              "Actual Rows": 1,
              "Actual Loops": 7,
              "Plans": [
                {
                  "Node Type": "Seq Scan",
                  "Parent Relationship": "Outer",
                  "Parallel Aware": true,
                  "Relation Name": "cast_info",
                  "Alias": "ci",
                  "Startup Cost": 0.0,
                  "Total Cost": 343318.94,
                  "Plan Rows": 2786692,
                  "Plan Width": 0,
                  "Actual Startup Time": 209.577,
                  "Actual Total Time": 643.366,
                  "Actual Rows": 2949609,
                  "Actual Loops": 7,
                  "Filter": "((person_id > 1025444) AND (role_id > 1))",
                  "Rows Removed by Filter": 2228155
                }
              ]
            }
          ]
        }
      ]
    },
    "Planning Time": 0.202,
    "Triggers": [],
    "Execution Time": 817.74
  }
]