[
  {
    "Plan": {
      "Node Type": "Aggregate",
      "Strategy": "Plain",
      "Partial Mode": "Finalize",
      "Parallel Aware": false,
      "Startup Cost": 351315.74,
      "Total Cost": 351315.75,
      "Plan Rows": 1,
      "Plan Width": 8,
      "Actual Startup Time": 845.514,
      "Actual Total Time": 907.575,
      "Actual Rows": 1,
      "Actual Loops": 1,
      "Plans": [
        {
          "Node Type": "Gather",
          "Parent Relationship": "Outer",
          "Parallel Aware": false,
          "Startup Cost": 351315.11,
          "Total Cost": 351315.72,
          "Plan Rows": 6,
          "Plan Width": 8,
          "Actual Startup Time": 845.393,
          "Actual Total Time": 907.565,
          "Actual Rows": 7,
          "Actual Loops": 1,
          "Workers Planned": 6,
          "Workers Launched": 6,
          "Single Copy": false,
          "Plans": [
            {
              "Node Type": "Aggregate",
              "Strategy": "Plain",
              "Partial Mode": "Partial",
              "Parent Relationship": "Outer",
              "Parallel Aware": false,
              "Startup Cost": 350315.11,
              "Total Cost": 350315.12,
              "Plan Rows": 1,
              "Plan Width": 8,
              "Actual Startup Time": 835.044,
              "Actual Total Time": 835.045,
              "Actual Rows": 1,
              "Actual Loops": 7,
              "Plans": [
                {
                  "Node Type": "Seq Scan",
                  "Parent Relationship": "Outer",
                  "Parallel Aware": true,
                  "Relation Name": "cast_info",
                  "Alias": "ci",
                  "Startup Cost": 0.0,
                  "Total Cost": 343257.03,
                  "Plan Rows": 2823233,
                  "Plan Width": 0,
                  "Actual Startup Time": 224.706,
                  "Actual Total Time": 706.903,
                  "Actual Rows": 2949609,
                  "Actual Loops": 7,
                  "Filter": "((person_id > 1025444) AND (role_id > 1))",
                  "Rows Removed by Filter": 2228155
                }
              ]
            }
          ]
        }
      ]
    },
    "Planning Time": 0.222,
    "Triggers": [],
    "Execution Time": 907.646
  }
]