{
  "Plan": {
    "Node Type": "Aggregate",
    "Strategy": "Plain",
    "Partial Mode": "Finalize",
    "Parallel Aware": false,
    "Startup Cost": 98806.64,
    "Total Cost": 98806.65,
    "Plan Rows": 1,
    "Plan Width": 8,
    "Actual Startup Time": 620.584,
    "Actual Total Time": 633.693,
    "Actual Rows": 1,
    "Actual Loops": 1,
    "Plans": [
      {
        "Node Type": "Gather",
        "Parent Relationship": "Outer",
        "Parallel Aware": false,
        "Startup Cost": 98806.53,
        "Total Cost": 98806.64,
        "Plan Rows": 1,
        "Plan Width": 8,
        "Actual Startup Time": 619.209,
        "Actual Total Time": 633.682,
        "Actual Rows": 2,
        "Actual Loops": 1,
        "Workers Planned": 1,
        "Workers Launched": 1,
        "Single Copy": false,
        "Plans": [
          {
            "Node Type": "Aggregate",
            "Strategy": "Plain",
            "Partial Mode": "Partial",
            "Parent Relationship": "Outer",
            "Parallel Aware": false,
            "Startup Cost": 97806.53,
            "Total Cost": 97806.54,
            "Plan Rows": 1,
            "Plan Width": 8,
            "Actual Startup Time": 613.166,
            "Actual Total Time": 613.171,
            "Actual Rows": 1,
            "Actual Loops": 2,
            "Plans": [
              {
                "Node Type": "Hash Join",
                "Parent Relationship": "Outer",
                "Parallel Aware": true,
                "Join Type": "Inner",
                "Startup Cost": 35390.73,
                "Total Cost": 97135.39,
                "Plan Rows": 268456,
                "Plan Width": 0,
                "Actual Startup Time": 158.265,
                "Actual Total Time": 600.82,
                "Actual Rows": 231480,
                "Actual Loops": 2,
                "Inner Unique": false,
                "Hash Cond": "(t.id = mc.movie_id)",
                "Plans": [
                  {
                    "Node Type": "Seq Scan",
                    "Parent Relationship": "Outer",
                    "Parallel Aware": true,
                    "Relation Name": "title",
                    "Alias": "t",
                    "Startup Cost": 0.0,
                    "Total Cost": 50870.31,
                    "Plan Rows": 1487231,
                    "Plan Width": 4,
                    "Actual Startup Time": 0.013,
                    "Actual Total Time": 139.403,
                    "Actual Rows": 1264156,
                    "Actual Loops": 2
                  },
                  {
                    "Node Type": "Hash",
                    "Parent Relationship": "Inner",
                    "Parallel Aware": true,
                    "Startup Cost": 32035.03,
                    "Total Cost": 32035.03,
                    "Plan Rows": 268456,
                    "Plan Width": 4,
                    "Actual Startup Time": 143.375,
                    "Actual Total Time": 143.376,
                    "Actual Rows": 231480,
                    "Actual Loops": 2,
                    "Hash Buckets": 524288,
                    "Original Hash Buckets": 524288,
                    "Hash Batches": 1,
                    "Original Hash Batches": 1,
                    "Peak Memory Usage": 22240,
                    "Plans": [
                      {
                        "Node Type": "Bitmap Heap Scan",
                        "Parent Relationship": "Outer",
                        "Parallel Aware": true,
                        "Relation Name": "movie_companies",
                        "Alias": "mc",
                        "Startup Cost": 9889.34,
                        "Total Cost": 32035.03,
                        "Plan Rows": 268456,
                        "Plan Width": 4,
                        "Actual Startup Time": 33.849,
                        "Actual Total Time": 86.34,
                        "Actual Rows": 231480,
                        "Actual Loops": 2,
                        "Recheck Cond": "(company_id > 76379)",
                        "Rows Removed by Index Recheck": 0,
                        "Exact Heap Blocks": 3605,
                        "Lossy Heap Blocks": 0,
                        "Plans": [
                          {
                            "Node Type": "Bitmap Index Scan",
                            "Parent Relationship": "Outer",
                            "Parallel Aware": false,
                            "Index Name": "company_id_movie_companies",
                            "Startup Cost": 0.0,
                            "Total Cost": 9775.24,
                            "Plan Rows": 456375,
                            "Plan Width": 0,
                            "Actual Startup Time": 32.582,
                            "Actual Total Time": 32.583,
                            "Actual Rows": 462961,
                            "Actual Loops": 1,
                            "Index Cond": "(company_id > 76379)"
                          }
                        ]
                      }
                    ]
                  }
                ]
              }
            ]
          }
        ]
      }
    ]
  },
  "Planning Time": 0.651,
  "Triggers": [],
  "Execution Time": 633.789
}