[
    {
        "Bao": {
            "Bao prediction": "NaN",
            "Bao recommended hint": "(no hint)"
        }
    },
    {
        "Plan": {
            "Node Type": "Aggregate",
            "Strategy": "Plain",
            "Partial Mode": "Finalize",
            "Parallel Aware": false,
            "Startup Cost": 31149.2,
            "Total Cost": 31149.21,
            "Plan Rows": 1,
            "Plan Width": 8,
            "Actual Startup Time": 105.44,
            "Actual Total Time": 111.963,
            "Actual Rows": 1,
            "Actual Loops": 1,
            "Output": [
                "count(*)"
            ],
            "Plans": [
                {
                    "Node Type": "Gather",
                    "Parent Relationship": "Outer",
                    "Parallel Aware": false,
                    "Startup Cost": 31148.88,
                    "Total Cost": 31149.19,
                    "Plan Rows": 3,
                    "Plan Width": 8,
                    "Actual Startup Time": 105.329,
                    "Actual Total Time": 111.956,
                    "Actual Rows": 4,
                    "Actual Loops": 1,
                    "Output": [
                        "(PARTIAL count(*))"
                    ],
                    "Workers Planned": 3,
                    "Workers Launched": 3,
                    "Single Copy": false,
                    "Plans": [
                        {
                            "Node Type": "Aggregate",
                            "Strategy": "Plain",
                            "Partial Mode": "Partial",
                            "Parent Relationship": "Outer",
                            "Parallel Aware": false,
                            "Startup Cost": 30148.88,
                            "Total Cost": 30148.89,
                            "Plan Rows": 1,
                            "Plan Width": 8,
                            "Actual Startup Time": 96.22,
                            "Actual Total Time": 96.221,
                            "Actual Rows": 1,
                            "Actual Loops": 4,
                            "Output": [
                                "PARTIAL count(*)"
                            ],
                            "Workers": [
                                {
                                    "Worker Number": 0,
                                    "Actual Startup Time": 93.14,
                                    "Actual Total Time": 93.141,
                                    "Actual Rows": 1,
                                    "Actual Loops": 1
                                },
                                {
                                    "Worker Number": 1,
                                    "Actual Startup Time": 93.133,
                                    "Actual Total Time": 93.135,
                                    "Actual Rows": 1,
                                    "Actual Loops": 1
                                },
                                {
                                    "Worker Number": 2,
                                    "Actual Startup Time": 93.729,
                                    "Actual Total Time": 93.73,
                                    "Actual Rows": 1,
                                    "Actual Loops": 1
                                }
                            ],
                            "Plans": [
                                {
                                    "Node Type": "Seq Scan",
                                    "Parent Relationship": "Outer",
                                    "Parallel Aware": true,
                                    "Relation Name": "movie_companies",
                                    "Schema": "public",
                                    "Alias": "mc",
                                    "Startup Cost": 0.0,
                                    "Total Cost": 29310.68,
                                    "Plan Rows": 335281,
                                    "Plan Width": 0,
                                    "Actual Startup Time": 19.139,
                                    "Actual Total Time": 83.466,
                                    "Actual Rows": 260265,
                                    "Actual Loops": 4,
                                    "Output": [
                                        "id",
                                        "movie_id",
                                        "company_id",
                                        "company_type_id",
                                        "note"
                                    ],
                                    "Filter": "(mc.company_id > 15194)",
                                    "Rows Removed by Filter": 392017,
                                    "Workers": [
                                        {
                                            "Worker Number": 0,
                                            "Actual Startup Time": 16.062,
                                            "Actual Total Time": 80.674,
                                            "Actual Rows": 272637,
                                            "Actual Loops": 1
                                        },
                                        {
                                            "Worker Number": 1,
                                            "Actual Startup Time": 16.06,
                                            "Actual Total Time": 80.806,
                                            "Actual Rows": 270653,
                                            "Actual Loops": 1
                                        },
                                        {
                                            "Worker Number": 2,
                                            "Actual Startup Time": 16.645,
                                            "Actual Total Time": 81.817,
                                            "Actual Rows": 264324,
                                            "Actual Loops": 1
                                        }
                                    ]
                                }
                            ]
                        }
                    ]
                }
            ]
        },
        "Planning Time": 318.966,
        "Triggers": [],
        "Execution Time": 112.042
    }
]