{
  "Plan": {
    "Node Type": "Aggregate",
    "Strategy": "Plain",
    "Partial Mode": "Finalize",
    "Parallel Aware": false,
    "Startup Cost": 127371.58,
    "Total Cost": 127371.59,
    "Plan Rows": 1,
    "Plan Width": 8,
    "Actual Startup Time": 899.67,
    "Actual Total Time": 922.324,
    "Actual Rows": 1,
    "Actual Loops": 1,
    "Plans": [
      {
        "Node Type": "Gather",
        "Parent Relationship": "Outer",
        "Parallel Aware": false,
        "Startup Cost": 127371.47,
        "Total Cost": 127371.58,
        "Plan Rows": 1,
        "Plan Width": 8,
        "Actual Startup Time": 893.959,
        "Actual Total Time": 922.316,
        "Actual Rows": 2,
        "Actual Loops": 1,
        "Workers Planned": 1,
        "Workers Launched": 1,
        "Single Copy": false,
        "Plans": [
          {
            "Node Type": "Aggregate",
            "Strategy": "Plain",
            "Partial Mode": "Partial",
            "Parent Relationship": "Outer",
            "Parallel Aware": false,
            "Startup Cost": 126371.47,
            "Total Cost": 126371.48,
            "Plan Rows": 1,
            "Plan Width": 8,
            "Actual Startup Time": 886.473,
            "Actual Total Time": 886.478,
            "Actual Rows": 1,
            "Actual Loops": 2,
            "Plans": [
              {
                "Node Type": "Hash Join",
                "Parent Relationship": "Outer",
                "Parallel Aware": true,
                "Join Type": "Inner",
                "Startup Cost": 91262.16,
                "Total Cost": 124860.08,
                "Plan Rows": 604556,
                "Plan Width": 0,
                "Actual Startup Time": 623.356,
                "Actual Total Time": 863.891,
                "Actual Rows": 516556,
                "Actual Loops": 2,
                "Inner Unique": true,
                "Hash Cond": "(mk.movie_id = t.id)",
                "Plans": [
                  {
                    "Node Type": "Bitmap Heap Scan",
                    "Parent Relationship": "Outer",
                    "Parallel Aware": true,
                    "Relation Name": "movie_keyword",
                    "Alias": "mk",
                    "Startup Cost": 21801.46,
                    "Total Cost": 53812.42,
                    "Plan Rows": 604556,
                    "Plan Width": 4,
                    "Actual Startup Time": 57.522,
                    "Actual Total Time": 158.509,
                    "Actual Rows": 516556,
                    "Actual Loops": 2,
                    "Recheck Cond": "(keyword_id < 1019)",
                    "Rows Removed by Index Recheck": 0,
                    "Exact Heap Blocks": 13758,
                    "Lossy Heap Blocks": 0,
                    "Plans": [
                      {
                        "Node Type": "Bitmap Index Scan",
                        "Parent Relationship": "Outer",
                        "Parallel Aware": false,
                        "Index Name": "keyword_id_movie_keyword",
                        "Startup Cost": 0.0,
                        "Total Cost": 21544.53,
                        "Plan Rows": 1027746,
                        "Plan Width": 0,
                        "Actual Startup Time": 53.867,
                        "Actual Total Time": 53.868,
                        "Actual Rows": 1033111,
                        "Actual Loops": 1,
                        "Index Cond": "(keyword_id < 1019)"
                      }
                    ]
                  },
                  {
                    "Node Type": "Hash",
                    "Parent Relationship": "Inner",
                    "Parallel Aware": true,
                    "Startup Cost": 50870.31,
                    "Total Cost": 50870.31,
                    "Plan Rows": 1487231,
                    "Plan Width": 4,
                    "Actual Startup Time": 550.306,
                    "Actual Total Time": 550.307,
                    "Actual Rows": 1264156,
                    "Actual Loops": 2,
                    "Hash Buckets": 4194304,
                    "Original Hash Buckets": 4194304,
                    "Hash Batches": 1,
                    "Original Hash Batches": 1,
                    "Peak Memory Usage": 131680,
                    "Plans": [
                      {
                        "Node Type": "Seq Scan",
                        "Parent Relationship": "Outer",
                        "Parallel Aware": true,
                        "Relation Name": "title",
                        "Alias": "t",
                        "Startup Cost": 0.0,
                        "Total Cost": 50870.31,
                        "Plan Rows": 1487231,
                        "Plan Width": 4,
                        "Actual Startup Time": 0.028,
                        "Actual Total Time": 154.004,
                        "Actual Rows": 1264156,
                        "Actual Loops": 2
                      }
                    ]
                  }
                ]
              }
            ]
          }
        ]
      }
    ]
  },
  "Planning Time": 0.321,
  "Triggers": [],
  "Execution Time": 922.375
}