{
  "Plan": {
    "Node Type": "Aggregate",
    "Strategy": "Plain",
    "Partial Mode": "Finalize",
    "Parallel Aware": false,
    "Startup Cost": 69953.22,
    "Total Cost": 69953.23,
    "Plan Rows": 1,
    "Plan Width": 8,
    "Actual Startup Time": 140.932,
    "Actual Total Time": 150.328,
    "Actual Rows": 1,
    "Actual Loops": 1,
    "Plans": [
      {
        "Node Type": "Gather",
        "Parent Relationship": "Outer",
        "Parallel Aware": false,
        "Startup Cost": 69953.11,
        "Total Cost": 69953.22,
        "Plan Rows": 1,
        "Plan Width": 8,
        "Actual Startup Time": 140.835,
        "Actual Total Time": 150.321,
        "Actual Rows": 2,
        "Actual Loops": 1,
        "Workers Planned": 1,
        "Workers Launched": 1,
        "Single Copy": false,
        "Plans": [
          {
            "Node Type": "Aggregate",
            "Strategy": "Plain",
            "Partial Mode": "Partial",
            "Parent Relationship": "Outer",
            "Parallel Aware": false,
            "Startup Cost": 68953.11,
            "Total Cost": 68953.12,
            "Plan Rows": 1,
            "Plan Width": 8,
            "Actual Startup Time": 134.965,
            "Actual Total Time": 134.967,
            "Actual Rows": 1,
            "Actual Loops": 2,
            "Plans": [
              {
                "Node Type": "Nested Loop",
                "Parent Relationship": "Outer",
                "Parallel Aware": false,
                "Join Type": "Inner",
                "Startup Cost": 0.43,
                "Total Cost": 68951.22,
                "Plan Rows": 757,
                "Plan Width": 0,
                "Actual Startup Time": 88.815,
                "Actual Total Time": 134.925,
                "Actual Rows": 370,
                "Actual Loops": 2,
                "Inner Unique": false,
                "Plans": [
                  {
                    "Node Type": "Seq Scan",
                    "Parent Relationship": "Outer",
                    "Parallel Aware": true,
                    "Relation Name": "title",
                    "Alias": "t",
                    "Startup Cost": 0.0,
                    "Total Cost": 54588.39,
                    "Plan Rows": 2082,
                    "Plan Width": 4,
                    "Actual Startup Time": 88.654,
                    "Actual Total Time": 128.202,
                    "Actual Rows": 1393,
                    "Actual Loops": 2,
                    "Filter": "(production_year = 1925)",
                    "Rows Removed by Filter": 1262763
                  },
                  {
                    "Node Type": "Index Scan",
                    "Parent Relationship": "Inner",
                    "Parallel Aware": false,
                    "Scan Direction": "Forward",
                    "Index Name": "movie_id_movie_info_idx",
                    "Relation Name": "movie_info_idx",
                    "Alias": "mi_idx",
                    "Startup Cost": 0.43,
                    "Total Cost": 6.88,
                    "Plan Rows": 2,
                    "Plan Width": 4,
                    "Actual Startup Time": 0.004,
                    "Actual Total Time": 0.004,
                    "Actual Rows": 0,
                    "Actual Loops": 2786,
                    "Index Cond": "(movie_id = t.id)",
                    "Rows Removed by Index Recheck": 0,
                    "Filter": "(info_type_id < 101)",
                    "Rows Removed by Filter": 0
                  }
                ]
              }
            ]
          }
        ]
      }
    ]
  },
  "Planning Time": 0.461,
  "Triggers": [],
  "Execution Time": 150.4
}