[
  {
    "Plan": {
      "Node Type": "Aggregate",
      "Strategy": "Plain",
      "Partial Mode": "Finalize",
      "Parallel Aware": false,
      "Startup Cost": 52308.34,
      "Total Cost": 52308.35,
      "Plan Rows": 1,
      "Plan Width": 8,
      "Actual Startup Time": 101.672,
      "Actual Total Time": 115.931,
      "Actual Rows": 1,
      "Actual Loops": 1,
      "Plans": [
        {
          "Node Type": "Gather",
          "Parent Relationship": "Outer",
          "Parallel Aware": false,
          "Startup Cost": 52307.92,
          "Total Cost": 52308.33,
          "Plan Rows": 4,
          "Plan Width": 8,
          "Actual Startup Time": 101.534,
          "Actual Total Time": 115.923,
          "Actual Rows": 5,
          "Actual Loops": 1,
          "Workers Planned": 4,
          "Workers Launched": 4,
          "Single Copy": false,
          "Plans": [
            {
              "Node Type": "Aggregate",
              "Strategy": "Plain",
              "Partial Mode": "Partial",
              "Parent Relationship": "Outer",
              "Parallel Aware": false,
              "Startup Cost": 51307.92,
              "Total Cost": 51307.93,
              "Plan Rows": 1,
              "Plan Width": 8,
              "Actual Startup Time": 92.913,
              "Actual Total Time": 92.914,
              "Actual Rows": 1,
              "Actual Loops": 5,
              "Plans": [
                {
                  "Node Type": "Nested Loop",
                  "Parent Relationship": "Outer",
                  "Parallel Aware": false,
                  "Join Type": "Inner",
                  "Startup Cost": 0.43,
                  "Total Cost": 51307.11,
                  "Plan Rows": 324,
                  "Plan Width": 0,
                  "Actual Startup Time": 59.466,
                  "Actual Total Time": 92.766,
                  "Actual Rows": 1385,
                  "Actual Loops": 5,
                  "Inner Unique": false,
                  "Plans": [
                    {
                      "Node Type": "Seq Scan",
                      "Parent Relationship": "Outer",
                      "Parallel Aware": true,
                      "Relation Name": "title",
                      "Alias": "t",
                      "Startup Cost": 0.0,
                      "Total Cost": 45479.1,
                      "Plan Rows": 314,
                      "Plan Width": 4,
                      "Actual Startup Time": 59.368,
                      "Actual Total Time": 82.882,
                      "Actual Rows": 802,
                      "Actual Loops": 5,
                      "Filter": "((kind_id < 7) AND (production_year = 1920))",
                      "Rows Removed by Filter": 504860
                    },
                    {
                      "Node Type": "Index Only Scan",
                      "Parent Relationship": "Inner",
                      "Parallel Aware": false,
                      "Scan Direction": "Forward",
                      "Index Name": "movie_id_movie_companies",
                      "Relation Name": "movie_companies",
                      "Alias": "mc",
                      "Startup Cost": 0.43,
                      "Total Cost": 18.51,
                      "Plan Rows": 5,
                      "Plan Width": 4,
                      "Actual Startup Time": 0.009,
                      "Actual Total Time": 0.012,
                      "Actual Rows": 2,
                      "Actual Loops": 4012,
                      "Index Cond": "(movie_id = t.id)",
                      "Rows Removed by Index Recheck": 0,
                      "Heap Fetches": 6927
                    }
                  ]
                }
              ]
            }
          ]
        }
      ]
    },
    "Planning Time": 0.679,
    "Triggers": [],
    "Execution Time": 116.006
  }
]