[
  {
    "Plan": {
      "Node Type": "Aggregate",
      "Strategy": "Plain",
      "Partial Mode": "Finalize",
      "Parallel Aware": false,
      "Startup Cost": 92317.79,
      "Total Cost": 92317.8,
      "Plan Rows": 1,
      "Plan Width": 8,
      "Actual Startup Time": 292.834,
      "Actual Total Time": 310.736,
      "Actual Rows": 1,
      "Actual Loops": 1,
      "Plans": [
        {
          "Node Type": "Gather",
          "Parent Relationship": "Outer",
          "Parallel Aware": false,
          "Startup Cost": 92317.48,
          "Total Cost": 92317.79,
          "Plan Rows": 3,
          "Plan Width": 8,
          "Actual Startup Time": 291.497,
          "Actual Total Time": 310.728,
          "Actual Rows": 4,
          "Actual Loops": 1,
          "Workers Planned": 3,
          "Workers Launched": 3,
          "Single Copy": false,
          "Plans": [
            {
              "Node Type": "Aggregate",
              "Strategy": "Plain",
              "Partial Mode": "Partial",
              "Parent Relationship": "Outer",
              "Parallel Aware": false,
              "Startup Cost": 91317.48,
              "Total Cost": 91317.49,
              "Plan Rows": 1,
              "Plan Width": 8,
              "Actual Startup Time": 283.791,
              "Actual Total Time": 283.793,
              "Actual Rows": 1,
              "Actual Loops": 4,
              "Plans": [
                {
                  "Node Type": "Hash Join",
                  "Parent Relationship": "Outer",
                  "Parallel Aware": true,
                  "Join Type": "Inner",
                  "Startup Cost": 45693.44,
                  "Total Cost": 91243.72,
                  "Plan Rows": 29501,
                  "Plan Width": 0,
                  "Actual Startup Time": 105.136,
                  "Actual Total Time": 279.259,
                  "Actual Rows": 108499,
                  "Actual Loops": 4,
                  "Inner Unique": true,
                  "Hash Cond": "(mk.movie_id = t.id)",
                  "Plans": [
                    {
                      "Node Type": "Seq Scan",
                      "Parent Relationship": "Outer",
                      "Parallel Aware": true,
                      "Relation Name": "movie_keyword",
                      "Alias": "mk",
                      "Startup Cost": 0.0,
                      "Total Cost": 42695.65,
                      "Plan Rows": 1087480,
                      "Plan Width": 4,
                      "Actual Startup Time": 0.023,
                      "Actual Total Time": 105.584,
                      "Actual Rows": 840698,
                      "Actual Loops": 4,
                      "Filter": "(keyword_id < 16131)",
                      "Rows Removed by Filter": 290284
                    },
                    {
                      "Node Type": "Hash",
                      "Parent Relationship": "Inner",
                      "Parallel Aware": true,
                      "Startup Cost": 45479.1,
                      "Total Cost": 45479.1,
                      "Plan Rows": 17147,
                      "Plan Width": 4,
                      "Actual Startup Time": 103.583,
                      "Actual Total Time": 103.584,
                      "Actual Rows": 42681,
                      "Actual Loops": 4,
                      "Hash Buckets": 262144,
                      "Original Hash Buckets": 131072,
                      "Hash Batches": 1,
                      "Original Hash Batches": 1,
                      "Peak Memory Usage": 9792,
                      "Plans": [
                        {
                          "Node Type": "Seq Scan",
                          "Parent Relationship": "Outer",
                          "Parallel Aware": true,
                          "Relation Name": "title",
                          "Alias": "t",
                          "Startup Cost": 0.0,
                          "Total Cost": 45479.1,
                          "Plan Rows": 17147,
                          "Plan Width": 4,
                          "Actual Startup Time": 1.055,
                          "Actual Total Time": 89.044,
                          "Actual Rows": 42681,
                          "Actual Loops": 4,
                          "Filter": "((kind_id < 7) AND (production_year < 1953))",
                          "Rows Removed by Filter": 589397
                        }
                      ]
                    }
                  ]
                }
              ]
            }
          ]
        }
      ]
    },
    "Planning Time": 0.306,
    "Triggers": [],
    "Execution Time": 310.774
  }
]