{
    "Plan": {
        "Node Type": "Aggregate",
        "Strategy": "Plain",
        "Partial Mode": "Finalize",
        "Parallel Aware": false,
        "Startup Cost": 89417.46,
        "Total Cost": 89417.47,
        "Plan Rows": 1,
        "Plan Width": 8,
        "Actual Startup Time": 228.761,
        "Actual Total Time": 251.949,
        "Actual Rows": 1,
        "Actual Loops": 1,
        "Output": [
            "count(*)"
        ],
        "Plans": [
            {
                "Node Type": "Gather",
                "Parent Relationship": "Outer",
                "Parallel Aware": false,
                "Startup Cost": 89417.14,
                "Total Cost": 89417.45,
                "Plan Rows": 3,
                "Plan Width": 8,
                "Actual Startup Time": 227.517,
                "Actual Total Time": 251.939,
                "Actual Rows": 4,
                "Actual Loops": 1,
                "Output": [
                    "(PARTIAL count(*))"
                ],
                "Workers Planned": 3,
                "Workers Launched": 3,
                "Single Copy": false,
                "Plans": [
                    {
                        "Node Type": "Aggregate",
                        "Strategy": "Plain",
                        "Partial Mode": "Partial",
                        "Parent Relationship": "Outer",
                        "Parallel Aware": false,
                        "Startup Cost": 88417.14,
                        "Total Cost": 88417.15,
                        "Plan Rows": 1,
                        "Plan Width": 8,
                        "Actual Startup Time": 218.743,
                        "Actual Total Time": 218.802,
                        "Actual Rows": 1,
                        "Actual Loops": 4,
                        "Output": [
                            "PARTIAL count(*)"
                        ],
                        "Workers": [
                            {
                                "Worker Number": 0,
                                "Actual Startup Time": 215.402,
                                "Actual Total Time": 215.406,
                                "Actual Rows": 1,
                                "Actual Loops": 1
                            },
                            {
                                "Worker Number": 1,
                                "Actual Startup Time": 216.137,
                                "Actual Total Time": 216.139,
                                "Actual Rows": 1,
                                "Actual Loops": 1
                            },
                            {
                                "Worker Number": 2,
                                "Actual Startup Time": 216.6,
                                "Actual Total Time": 216.603,
                                "Actual Rows": 1,
                                "Actual Loops": 1
                            }
                        ],
                        "Plans": [
                            {
                                "Node Type": "Hash Join",
                                "Parent Relationship": "Outer",
                                "Parallel Aware": true,
                                "Join Type": "Inner",
                                "Startup Cost": 45640.03,
                                "Total Cost": 88415.59,
                                "Plan Rows": 620,
                                "Plan Width": 0,
                                "Actual Startup Time": 142.571,
                                "Actual Total Time": 218.528,
                                "Actual Rows": 3533,
                                "Actual Loops": 4,
                                "Inner Unique": true,
                                "Hash Cond": "(mk.movie_id = t.id)",
                                "Workers": [
                                    {
                                        "Worker Number": 0,
                                        "Actual Startup Time": 139.278,
                                        "Actual Total Time": 215.135,
                                        "Actual Rows": 2950,
                                        "Actual Loops": 1
                                    },
                                    {
                                        "Worker Number": 1,
                                        "Actual Startup Time": 140.018,
                                        "Actual Total Time": 215.852,
                                        "Actual Rows": 3398,
                                        "Actual Loops": 1
                                    },
                                    {
                                        "Worker Number": 2,
                                        "Actual Startup Time": 140.296,
                                        "Actual Total Time": 216.317,
                                        "Actual Rows": 3437,
                                        "Actual Loops": 1
                                    }
                                ],
                                "Plans": [
                                    {
                                        "Node Type": "Seq Scan",
                                        "Parent Relationship": "Outer",
                                        "Parallel Aware": true,
                                        "Relation Name": "movie_keyword",
                                        "Schema": "public",
                                        "Alias": "mk",
                                        "Startup Cost": 0.0,
                                        "Total Cost": 42695.65,
                                        "Plan Rows": 30441,
                                        "Plan Width": 4,
                                        "Actual Startup Time": 28.141,
                                        "Actual Total Time": 98.358,
                                        "Actual Rows": 22016,
                                        "Actual Loops": 4,
                                        "Output": [
                                            "mk.id",
                                            "mk.movie_id",
                                            "mk.keyword_id"
                                        ],
                                        "Filter": "(mk.keyword_id > 85457)",
                                        "Rows Removed by Filter": 1108966,
                                        "Workers": [
                                            {
                                                "Worker Number": 0,
                                                "Actual Startup Time": 28.143,
                                                "Actual Total Time": 98.639,
                                                "Actual Rows": 18918,
                                                "Actual Loops": 1
                                            },
                                            {
                                                "Worker Number": 1,
                                                "Actual Startup Time": 28.143,
                                                "Actual Total Time": 98.305,
                                                "Actual Rows": 20968,
                                                "Actual Loops": 1
                                            },
                                            {
                                                "Worker Number": 2,
                                                "Actual Startup Time": 28.145,
                                                "Actual Total Time": 98.389,
                                                "Actual Rows": 21276,
                                                "Actual Loops": 1
                                            }
                                        ]
                                    },
                                    {
                                        "Node Type": "Hash",
                                        "Parent Relationship": "Inner",
                                        "Parallel Aware": true,
                                        "Startup Cost": 45479.21,
                                        "Total Cost": 45479.21,
                                        "Plan Rows": 12866,
                                        "Plan Width": 4,
                                        "Actual Startup Time": 112.876,
                                        "Actual Total Time": 112.877,
                                        "Actual Rows": 43600,
                                        "Actual Loops": 4,
                                        "Output": [
                                            "t.id"
                                        ],
                                        "Hash Buckets": 262144,
                                        "Original Hash Buckets": 65536,
                                        "Hash Batches": 1,
                                        "Original Hash Batches": 1,
                                        "Peak Memory Usage": 10496,
                                        "Workers": [
                                            {
                                                "Worker Number": 0,
                                                "Actual Startup Time": 110.516,
                                                "Actual Total Time": 110.517,
                                                "Actual Rows": 39289,
                                                "Actual Loops": 1
                                            },
                                            {
                                                "Worker Number": 1,
                                                "Actual Startup Time": 111.223,
                                                "Actual Total Time": 111.223,
                                                "Actual Rows": 42828,
                                                "Actual Loops": 1
                                            },
                                            {
                                                "Worker Number": 2,
                                                "Actual Startup Time": 111.51,
                                                "Actual Total Time": 111.511,
                                                "Actual Rows": 42932,
                                                "Actual Loops": 1
                                            }
                                        ],
                                        "Plans": [
                                            {
                                                "Node Type": "Seq Scan",
                                                "Parent Relationship": "Outer",
                                                "Parallel Aware": true,
                                                "Relation Name": "title",
                                                "Schema": "public",
                                                "Alias": "t",
                                                "Startup Cost": 0.0,
                                                "Total Cost": 45479.21,
                                                "Plan Rows": 12866,
                                                "Plan Width": 4,
                                                "Actual Startup Time": 59.961,
                                                "Actual Total Time": 96.018,
                                                "Actual Rows": 43600,
                                                "Actual Loops": 4,
                                                "Output": [
                                                    "t.id"
                                                ],
                                                "Filter": "((t.production_year < 1955) AND (t.kind_id = 1))",
                                                "Rows Removed by Filter": 588478,
                                                "Workers": [
                                                    {
                                                        "Worker Number": 0,
                                                        "Actual Startup Time": 57.236,
                                                        "Actual Total Time": 94.298,
                                                        "Actual Rows": 39289,
                                                        "Actual Loops": 1
                                                    },
                                                    {
                                                        "Worker Number": 1,
                                                        "Actual Startup Time": 58.011,
                                                        "Actual Total Time": 94.246,
                                                        "Actual Rows": 42828,
                                                        "Actual Loops": 1
                                                    },
                                                    {
                                                        "Worker Number": 2,
                                                        "Actual Startup Time": 58.613,
                                                        "Actual Total Time": 94.193,
                                                        "Actual Rows": 42932,
                                                        "Actual Loops": 1
                                                    }
                                                ]
                                            }
                                        ]
                                    }
                                ]
                            }
                        ]
                    }
                ]
            }
        ]
    },
    "Planning Time": 0.779,
    "Triggers": [],
    "Execution Time": 252.028
}