[
  {
    "Plan": {
      "Node Type": "Aggregate",
      "Strategy": "Plain",
      "Partial Mode": "Finalize",
      "Parallel Aware": false,
      "Startup Cost": 78954.26,
      "Total Cost": 78954.27,
      "Plan Rows": 1,
      "Plan Width": 8,
      "Actual Startup Time": 187.031,
      "Actual Total Time": 206.881,
      "Actual Rows": 1,
      "Actual Loops": 1,
      "Plans": [
        {
          "Node Type": "Gather",
          "Parent Relationship": "Outer",
          "Parallel Aware": false,
          "Startup Cost": 78953.84,
          "Total Cost": 78954.25,
          "Plan Rows": 4,
          "Plan Width": 8,
          "Actual Startup Time": 185.807,
          "Actual Total Time": 206.873,
          "Actual Rows": 5,
          "Actual Loops": 1,
          "Workers Planned": 4,
          "Workers Launched": 4,
          "Single Copy": false,
          "Plans": [
            {
              "Node Type": "Aggregate",
              "Strategy": "Plain",
              "Partial Mode": "Partial",
              "Parent Relationship": "Outer",
              "Parallel Aware": false,
              "Startup Cost": 77953.84,
              "Total Cost": 77953.85,
              "Plan Rows": 1,
              "Plan Width": 8,
              "Actual Startup Time": 181.269,
              "Actual Total Time": 181.326,
              "Actual Rows": 1,
              "Actual Loops": 5,
              "Plans": [
                {
                  "Node Type": "Nested Loop",
                  "Parent Relationship": "Outer",
                  "Parallel Aware": false,
                  "Join Type": "Inner",
                  "Startup Cost": 23579.84,
                  "Total Cost": 77929.35,
                  "Plan Rows": 9796,
                  "Plan Width": 0,
                  "Actual Startup Time": 82.235,
                  "Actual Total Time": 178.976,
                  "Actual Rows": 34828,
                  "Actual Loops": 5,
                  "Inner Unique": false,
                  "Plans": [
                    {
                      "Node Type": "Hash Join",
                      "Parent Relationship": "Outer",
                      "Parallel Aware": true,
                      "Join Type": "Inner",
                      "Startup Cost": 23579.41,
                      "Total Cost": 67749.77,
                      "Plan Rows": 1803,
                      "Plan Width": 8,
                      "Actual Startup Time": 82.175,
                      "Actual Total Time": 112.362,
                      "Actual Rows": 3101,
                      "Actual Loops": 5,
                      "Inner Unique": false,
                      "Hash Cond": "(t.id = mc.movie_id)",
                      "Plans": [
                        {
                          "Node Type": "Seq Scan",
                          "Parent Relationship": "Outer",
                          "Parallel Aware": true,
                          "Relation Name": "title",
                          "Alias": "t",
                          "Startup Cost": 0.0,
                          "Total Cost": 43899.01,
                          "Plan Rows": 53106,
                          "Plan Width": 4,
                          "Actual Startup Time": 0.032,
                          "Actual Total Time": 63.071,
                          "Actual Rows": 42325,
                          "Actual Loops": 5,
                          "Filter": "(production_year < 1957)",
                          "Rows Removed by Filter": 463338
                        },
                        {
                          "Node Type": "Hash",
                          "Parent Relationship": "Inner",
                          "Parallel Aware": true,
                          "Startup Cost": 23233.28,
                          "Total Cost": 23233.28,
                          "Plan Rows": 27690,
                          "Plan Width": 4,
                          "Actual Startup Time": 35.861,
                          "Actual Total Time": 35.863,
                          "Actual Rows": 34161,
                          "Actual Loops": 5,
                          "Hash Buckets": 262144,
                          "Original Hash Buckets": 131072,
                          "Hash Batches": 1,
                          "Original Hash Batches": 1,
                          "Peak Memory Usage": 9792,
                          "Plans": [
                            {
                              "Node Type": "Bitmap Heap Scan",
                              "Parent Relationship": "Outer",
                              "Parallel Aware": true,
                              "Relation Name": "movie_companies",
                              "Alias": "mc",
                              "Startup Cost": 3628.62,
                              "Total Cost": 23233.28,
                              "Plan Rows": 27690,
                              "Plan Width": 4,
                              "Actual Startup Time": 5.502,
                              "Actual Total Time": 21.374,
                              "Actual Rows": 34161,
                              "Actual Loops": 5,
                              "Recheck Cond": "(company_id > 123567)",
                              "Rows Removed by Index Recheck": 0,
                              "Filter": "(company_type_id = 2)",
                              "Rows Removed by Filter": 0,
                              "Exact Heap Blocks": 1220,
                              "Lossy Heap Blocks": 0,
                              "Plans": [
                                {
                                  "Node Type": "Bitmap Index Scan",
                                  "Parent Relationship": "Outer",
                                  "Parallel Aware": false,
                                  "Index Name": "company_id_movie_companies",
                                  "Startup Cost": 0.0,
                                  "Total Cost": 3607.16,
                                  "Plan Rows": 168364,
                                  "Plan Width": 0,
                                  "Actual Startup Time": 8.153,
                                  "Actual Total Time": 8.153,
                                  "Actual Rows": 170803,
                                  "Actual Loops": 1,
                                  "Index Cond": "(company_id > 123567)"
                                }
                              ]
                            }
                          ]
                        }
                      ]
                    },
                    {
                      "Node Type": "Index Scan",
                      "Parent Relationship": "Inner",
                      "Parallel Aware": false,
                      "Scan Direction": "Forward",
                      "Index Name": "movie_id_movie_info",
                      "Relation Name": "movie_info",
                      "Alias": "mi",
                      "Startup Cost": 0.43,
                      "Total Cost": 5.28,
                      "Plan Rows": 37,
                      "Plan Width": 4,
                      "Actual Startup Time": 0.008,
                      "Actual Total Time": 0.02,
                      "Actual Rows": 11,
                      "Actual Loops": 15503,
                      "Index Cond": "(movie_id = t.id)",
                      "Rows Removed by Index Recheck": 0,
                      "Filter": "(info_type_id < 86)",
                      "Rows Removed by Filter": 1
                    }
                  ]
                }
              ]
            }
          ]
        }
      ]
    },
    "Planning Time": 0.448,
    "Triggers": [],
    "Execution Time": 206.928
  }
]