{
  "Plan": {
    "Node Type": "Aggregate",
    "Strategy": "Plain",
    "Partial Mode": "Finalize",
    "Parallel Aware": false,
    "Startup Cost": 963585.34,
    "Total Cost": 963585.35,
    "Plan Rows": 1,
    "Plan Width": 8,
    "Actual Startup Time": 5503.912,
    "Actual Total Time": 5605.894,
    "Actual Rows": 1,
    "Actual Loops": 1,
    "Plans": [
      {
        "Node Type": "Gather",
        "Parent Relationship": "Outer",
        "Parallel Aware": false,
        "Startup Cost": 963585.23,
        "Total Cost": 963585.34,
        "Plan Rows": 1,
        "Plan Width": 8,
        "Actual Startup Time": 5502.621,
        "Actual Total Time": 5605.883,
        "Actual Rows": 2,
        "Actual Loops": 1,
        "Workers Planned": 1,
        "Workers Launched": 1,
        "Single Copy": false,
        "Plans": [
          {
            "Node Type": "Aggregate",
            "Strategy": "Plain",
            "Partial Mode": "Partial",
            "Parent Relationship": "Outer",
            "Parallel Aware": false,
            "Startup Cost": 962585.23,
            "Total Cost": 962585.24,
            "Plan Rows": 1,
            "Plan Width": 8,
            "Actual Startup Time": 5496.96,
            "Actual Total Time": 5497.065,
            "Actual Rows": 1,
            "Actual Loops": 2,
            "Plans": [
              {
                "Node Type": "Hash Join",
                "Parent Relationship": "Outer",
                "Parallel Aware": true,
                "Join Type": "Inner",
                "Startup Cost": 650995.57,
                "Total Cost": 960115.09,
                "Plan Rows": 988055,
                "Plan Width": 0,
                "Actual Startup Time": 2925.52,
                "Actual Total Time": 5316.434,
                "Actual Rows": 4027538,
                "Actual Loops": 2,
                "Inner Unique": false,
                "Hash Cond": "(mi.movie_id = t.id)",
                "Plans": [
                  {
                    "Node Type": "Seq Scan",
                    "Parent Relationship": "Outer",
                    "Parallel Aware": true,
                    "Relation Name": "movie_info",
                    "Alias": "mi",
                    "Startup Cost": 0.0,
                    "Total Cost": 248955.74,
                    "Plan Rows": 8696274,
                    "Plan Width": 4,
                    "Actual Startup Time": 0.015,
                    "Actual Total Time": 735.149,
                    "Actual Rows": 7417860,
                    "Actual Loops": 2
                  },
                  {
                    "Node Type": "Hash",
                    "Parent Relationship": "Inner",
                    "Parallel Aware": true,
                    "Startup Cost": 648883.37,
                    "Total Cost": 648883.37,
                    "Plan Rows": 168976,
                    "Plan Width": 8,
                    "Actual Startup Time": 2917.555,
                    "Actual Total Time": 2917.658,
                    "Actual Rows": 208620,
                    "Actual Loops": 2,
                    "Hash Buckets": 524288,
                    "Original Hash Buckets": 524288,
                    "Hash Batches": 1,
                    "Original Hash Batches": 1,
                    "Peak Memory Usage": 20448,
                    "Plans": [
                      {
                        "Node Type": "Hash Join",
                        "Parent Relationship": "Outer",
                        "Parallel Aware": true,
                        "Join Type": "Inner",
                        "Startup Cost": 58770.59,
                        "Total Cost": 648883.37,
                        "Plan Rows": 168976,
                        "Plan Width": 8,
                        "Actual Startup Time": 688.236,
                        "Actual Total Time": 2847.037,
                        "Actual Rows": 208620,
                        "Actual Loops": 2,
                        "Inner Unique": true,
                        "Hash Cond": "(ci.movie_id = t.id)",
                        "Plans": [
                          {
                            "Node Type": "Seq Scan",
                            "Parent Relationship": "Outer",
                            "Parallel Aware": true,
                            "Relation Name": "cast_info",
                            "Alias": "ci",
                            "Startup Cost": 0.0,
                            "Total Cost": 572345.93,
                            "Plan Rows": 6768311,
                            "Plan Width": 4,
                            "Actual Startup Time": 542.25,
                            "Actual Total Time": 1785.388,
                            "Actual Rows": 8765142,
                            "Actual Loops": 2,
                            "Filter": "((person_id > 1864963) AND (role_id > 1))",
                            "Rows Removed by Filter": 9357030
                          },
                          {
                            "Node Type": "Hash",
                            "Parent Relationship": "Inner",
                            "Parallel Aware": true,
                            "Startup Cost": 58306.47,
                            "Total Cost": 58306.47,
                            "Plan Rows": 37130,
                            "Plan Width": 4,
                            "Actual Startup Time": 145.624,
                            "Actual Total Time": 145.625,
                            "Actual Rows": 26952,
                            "Actual Loops": 2,
                            "Hash Buckets": 65536,
                            "Original Hash Buckets": 65536,
                            "Hash Batches": 1,
                            "Original Hash Batches": 1,
                            "Peak Memory Usage": 2656,
                            "Plans": [
                              {
                                "Node Type": "Seq Scan",
                                "Parent Relationship": "Outer",
                                "Parallel Aware": true,
                                "Relation Name": "title",
                                "Alias": "t",
                                "Startup Cost": 0.0,
                                "Total Cost": 58306.47,
                                "Plan Rows": 37130,
                                "Plan Width": 4,
                                "Actual Startup Time": 0.224,
                                "Actual Total Time": 136.993,
                                "Actual Rows": 26952,
                                "Actual Loops": 2,
                                "Filter": "((kind_id < 7) AND (production_year = 2012))",
                                "Rows Removed by Filter": 1237204
                              }
                            ]
                          }
                        ]
                      }
                    ]
                  }
                ]
              }
            ]
          }
        ]
      }
    ]
  },
  "Planning Time": 1.019,
  "Triggers": [],
  "Execution Time": 5605.986
}