[
  {
    "Plan": {
      "Node Type": "Aggregate",
      "Strategy": "Plain",
      "Partial Mode": "Finalize",
      "Parallel Aware": false,
      "Startup Cost": 46740.59,
      "Total Cost": 46740.6,
      "Plan Rows": 1,
      "Plan Width": 8,
      "Actual Startup Time": 182.167,
      "Actual Total Time": 192.858,
      "Actual Rows": 1,
      "Actual Loops": 1,
      "Plans": [
        {
          "Node Type": "Gather",
          "Parent Relationship": "Outer",
          "Parallel Aware": false,
          "Startup Cost": 46740.27,
          "Total Cost": 46740.58,
          "Plan Rows": 3,
          "Plan Width": 8,
          "Actual Startup Time": 182.053,
          "Actual Total Time": 192.848,
          "Actual Rows": 4,
          "Actual Loops": 1,
          "Workers Planned": 3,
          "Workers Launched": 3,
          "Single Copy": false,
          "Plans": [
            {
              "Node Type": "Aggregate",
              "Strategy": "Plain",
              "Partial Mode": "Partial",
              "Parent Relationship": "Outer",
              "Parallel Aware": false,
              "Startup Cost": 45740.27,
              "Total Cost": 45740.28,
              "Plan Rows": 1,
              "Plan Width": 8,
              "Actual Startup Time": 173.666,
              "Actual Total Time": 173.667,
              "Actual Rows": 1,
              "Actual Loops": 4,
              "Plans": [
                {
                  "Node Type": "Seq Scan",
                  "Parent Relationship": "Outer",
                  "Parallel Aware": true,
                  "Relation Name": "movie_keyword",
                  "Alias": "mk",
                  "Startup Cost": 0.0,
                  "Total Cost": 42695.65,
                  "Plan Rows": 1217846,
                  "Plan Width": 0,
                  "Actual Startup Time": 0.122,
                  "Actual Total Time": 129.414,
                  "Actual Rows": 941509,
                  "Actual Loops": 4,
                  "Filter": "(keyword_id > 703)",
                  "Rows Removed by Filter": 189474
                }
              ]
            }
          ]
        }
      ]
    },
    "Planning Time": 0.161,
    "Triggers": [],
    "Execution Time": 192.935
  }
]