{
  "Plan": {
    "Node Type": "Aggregate",
    "Strategy": "Plain",
    "Partial Mode": "Finalize",
    "Parallel Aware": false,
    "Startup Cost": 85951.42,
    "Total Cost": 85951.43,
    "Plan Rows": 1,
    "Plan Width": 8,
    "Actual Startup Time": 571.275,
    "Actual Total Time": 584.374,
    "Actual Rows": 1,
    "Actual Loops": 1,
    "Plans": [
      {
        "Node Type": "Gather",
        "Parent Relationship": "Outer",
        "Parallel Aware": false,
        "Startup Cost": 85951.31,
        "Total Cost": 85951.42,
        "Plan Rows": 1,
        "Plan Width": 8,
        "Actual Startup Time": 567.321,
        "Actual Total Time": 584.365,
        "Actual Rows": 2,
        "Actual Loops": 1,
        "Workers Planned": 1,
        "Workers Launched": 1,
        "Single Copy": false,
        "Plans": [
          {
            "Node Type": "Aggregate",
            "Strategy": "Plain",
            "Partial Mode": "Partial",
            "Parent Relationship": "Outer",
            "Parallel Aware": false,
            "Startup Cost": 84951.31,
            "Total Cost": 84951.32,
            "Plan Rows": 1,
            "Plan Width": 8,
            "Actual Startup Time": 559.626,
            "Actual Total Time": 559.629,
            "Actual Rows": 1,
            "Actual Loops": 2,
            "Plans": [
              {
                "Node Type": "Hash Join",
                "Parent Relationship": "Outer",
                "Parallel Aware": true,
                "Join Type": "Inner",
                "Startup Cost": 65568.81,
                "Total Cost": 83752.6,
                "Plan Rows": 479482,
                "Plan Width": 0,
                "Actual Startup Time": 374.514,
                "Actual Total Time": 545.303,
                "Actual Rows": 364992,
                "Actual Loops": 2,
                "Inner Unique": true,
                "Hash Cond": "(mi_idx.movie_id = t.id)",
                "Plans": [
                  {
                    "Node Type": "Seq Scan",
                    "Parent Relationship": "Outer",
                    "Parallel Aware": true,
                    "Relation Name": "movie_info_idx",
                    "Alias": "mi_idx",
                    "Startup Cost": 0.0,
                    "Total Cost": 16052.85,
                    "Plan Rows": 811785,
                    "Plan Width": 4,
                    "Actual Startup Time": 0.017,
                    "Actual Total Time": 47.305,
                    "Actual Rows": 690018,
                    "Actual Loops": 2
                  },
                  {
                    "Node Type": "Hash",
                    "Parent Relationship": "Inner",
                    "Parallel Aware": true,
                    "Startup Cost": 54588.39,
                    "Total Cost": 54588.39,
                    "Plan Rows": 878434,
                    "Plan Width": 4,
                    "Actual Startup Time": 359.536,
                    "Actual Total Time": 359.537,
                    "Actual Rows": 742515,
                    "Actual Loops": 2,
                    "Hash Buckets": 2097152,
                    "Original Hash Buckets": 2097152,
                    "Hash Batches": 1,
                    "Original Hash Batches": 1,
                    "Peak Memory Usage": 74496,
                    "Plans": [
                      {
                        "Node Type": "Seq Scan",
                        "Parent Relationship": "Outer",
                        "Parallel Aware": true,
                        "Relation Name": "title",
                        "Alias": "t",
                        "Startup Cost": 0.0,
                        "Total Cost": 54588.39,
                        "Plan Rows": 878434,
                        "Plan Width": 4,
                        "Actual Startup Time": 0.03,
                        "Actual Total Time": 169.144,
                        "Actual Rows": 742515,
                        "Actual Loops": 2,
                        "Filter": "(production_year > 1998)",
                        "Rows Removed by Filter": 521641
                      }
                    ]
                  }
                ]
              }
            ]
          }
        ]
      }
    ]
  },
  "Planning Time": 0.401,
  "Triggers": [],
  "Execution Time": 584.441
}