[
  {
    "Plan": {
      "Node Type": "Aggregate",
      "Strategy": "Plain",
      "Partial Mode": "Finalize",
      "Parallel Aware": false,
      "Startup Cost": 53724.28,
      "Total Cost": 53724.29,
      "Plan Rows": 1,
      "Plan Width": 8,
      "Actual Startup Time": 139.075,
      "Actual Total Time": 147.498,
      "Actual Rows": 1,
      "Actual Loops": 1,
      "Plans": [
        {
          "Node Type": "Gather",
          "Parent Relationship": "Outer",
          "Parallel Aware": false,
          "Startup Cost": 53724.06,
          "Total Cost": 53724.27,
          "Plan Rows": 2,
          "Plan Width": 8,
          "Actual Startup Time": 137.333,
          "Actual Total Time": 147.49,
          "Actual Rows": 3,
          "Actual Loops": 1,
          "Workers Planned": 2,
          "Workers Launched": 2,
          "Single Copy": false,
          "Plans": [
            {
              "Node Type": "Aggregate",
              "Strategy": "Plain",
              "Partial Mode": "Partial",
              "Parent Relationship": "Outer",
              "Parallel Aware": false,
              "Startup Cost": 52724.06,
              "Total Cost": 52724.07,
              "Plan Rows": 1,
              "Plan Width": 8,
              "Actual Startup Time": 129.043,
              "Actual Total Time": 129.046,
              "Actual Rows": 1,
              "Actual Loops": 3,
              "Plans": [
                {
                  "Node Type": "Nested Loop",
                  "Parent Relationship": "Outer",
                  "Parallel Aware": false,
                  "Join Type": "Inner",
                  "Startup Cost": 29500.79,
                  "Total Cost": 52722.42,
                  "Plan Rows": 656,
                  "Plan Width": 0,
                  "Actual Startup Time": 103.99,
                  "Actual Total Time": 128.839,
                  "Actual Rows": 2506,
                  "Actual Loops": 3,
                  "Inner Unique": true,
                  "Plans": [
                    {
                      "Node Type": "Hash Join",
                      "Parent Relationship": "Outer",
                      "Parallel Aware": true,
                      "Join Type": "Inner",
                      "Startup Cost": 29500.36,
                      "Total Cost": 49447.59,
                      "Plan Rows": 3415,
                      "Plan Width": 8,
                      "Actual Startup Time": 103.929,
                      "Actual Total Time": 115.3,
                      "Actual Rows": 2506,
                      "Actual Loops": 3,
                      "Inner Unique": false,
                      "Hash Cond": "(mk.movie_id = mc.movie_id)",
                      "Plans": [
                        {
                          "Node Type": "Bitmap Heap Scan",
                          "Parent Relationship": "Outer",
                          "Parallel Aware": true,
                          "Relation Name": "movie_keyword",
                          "Alias": "mk",
                          "Startup Cost": 244.08,
                          "Total Cost": 20156.75,
                          "Plan Rows": 4712,
                          "Plan Width": 4,
                          "Actual Startup Time": 2.749,
                          "Actual Total Time": 12.586,
                          "Actual Rows": 3075,
                          "Actual Loops": 3,
                          "Recheck Cond": "(keyword_id = 875)",
                          "Rows Removed by Index Recheck": 0,
                          "Exact Heap Blocks": 4617,
                          "Lossy Heap Blocks": 0,
                          "Plans": [
                            {
                              "Node Type": "Bitmap Index Scan",
                              "Parent Relationship": "Outer",
                              "Parallel Aware": false,
                              "Index Name": "keyword_id_movie_keyword",
                              "Startup Cost": 0.0,
                              "Total Cost": 241.26,
                              "Plan Rows": 11310,
                              "Plan Width": 0,
                              "Actual Startup Time": 1.717,
                              "Actual Total Time": 1.718,
                              "Actual Rows": 9226,
                              "Actual Loops": 1,
                              "Index Cond": "(keyword_id = 875)"
                            }
                          ]
                        },
                        {
                          "Node Type": "Hash",
                          "Parent Relationship": "Inner",
                          "Parallel Aware": true,
                          "Startup Cost": 27837.14,
                          "Total Cost": 27837.14,
                          "Plan Rows": 113531,
                          "Plan Width": 4,
                          "Actual Startup Time": 96.438,
                          "Actual Total Time": 96.439,
                          "Actual Rows": 118226,
                          "Actual Loops": 3,
                          "Hash Buckets": 524288,
                          "Original Hash Buckets": 524288,
                          "Hash Batches": 1,
                          "Original Hash Batches": 1,
                          "Peak Memory Usage": 18016,
                          "Plans": [
                            {
                              "Node Type": "Bitmap Heap Scan",
                              "Parent Relationship": "Outer",
                              "Parallel Aware": true,
                              "Relation Name": "movie_companies",
                              "Alias": "mc",
                              "Startup Cost": 7628.0,
                              "Total Cost": 27837.14,
                              "Plan Rows": 113531,
                              "Plan Width": 4,
                              "Actual Startup Time": 27.854,
                              "Actual Total Time": 61.177,
                              "Actual Rows": 118226,
                              "Actual Loops": 3,
                              "Recheck Cond": "(company_id > 87752)",
                              "Rows Removed by Index Recheck": 0,
                              "Exact Heap Blocks": 2949,
                              "Lossy Heap Blocks": 0,
                              "Plans": [
                                {
                                  "Node Type": "Bitmap Index Scan",
                                  "Parent Relationship": "Outer",
                                  "Parallel Aware": false,
                                  "Index Name": "company_id_movie_companies",
                                  "Startup Cost": 0.0,
                                  "Total Cost": 7540.02,
                                  "Plan Rows": 351945,
                                  "Plan Width": 0,
                                  "Actual Startup Time": 27.462,
                                  "Actual Total Time": 27.462,
                                  "Actual Rows": 354679,
                                  "Actual Loops": 1,
                                  "Index Cond": "(company_id > 87752)"
                                }
                              ]
                            }
                          ]
                        }
                      ]
                    },
                    {
                      "Node Type": "Index Only Scan",
                      "Parent Relationship": "Inner",
                      "Parallel Aware": false,
                      "Scan Direction": "Forward",
                      "Index Name": "title_pkey",
                      "Relation Name": "title",
                      "Alias": "t",
                      "Startup Cost": 0.43,
                      "Total Cost": 0.96,
                      "Plan Rows": 1,
                      "Plan Width": 4,
                      "Actual Startup Time": 0.005,
                      "Actual Total Time": 0.005,
                      "Actual Rows": 1,
                      "Actual Loops": 7519,
                      "Index Cond": "(id = mc.movie_id)",
                      "Rows Removed by Index Recheck": 0,
                      "Heap Fetches": 7519
                    }
                  ]
                }
              ]
            }
          ]
        }
      ]
    },
    "Planning Time": 1.472,
    "Triggers": [],
    "Execution Time": 147.61
  }
]