[
  {
    "Plan": {
      "Node Type": "Aggregate",
      "Strategy": "Plain",
      "Partial Mode": "Finalize",
      "Parallel Aware": false,
      "Startup Cost": 336515.68,
      "Total Cost": 336515.69,
      "Plan Rows": 1,
      "Plan Width": 8,
      "Actual Startup Time": 772.671,
      "Actual Total Time": 819.893,
      "Actual Rows": 1,
      "Actual Loops": 1,
      "Plans": [
        {
          "Node Type": "Gather",
          "Parent Relationship": "Outer",
          "Parallel Aware": false,
          "Startup Cost": 336515.05,
          "Total Cost": 336515.66,
          "Plan Rows": 6,
          "Plan Width": 8,
          "Actual Startup Time": 772.515,
          "Actual Total Time": 819.882,
          "Actual Rows": 7,
          "Actual Loops": 1,
          "Workers Planned": 6,
          "Workers Launched": 6,
          "Single Copy": false,
          "Plans": [
            {
              "Node Type": "Aggregate",
              "Strategy": "Plain",
              "Partial Mode": "Partial",
              "Parent Relationship": "Outer",
              "Parallel Aware": false,
              "Startup Cost": 335515.05,
              "Total Cost": 335515.06,
              "Plan Rows": 1,
              "Plan Width": 8,
              "Actual Startup Time": 766.371,
              "Actual Total Time": 766.372,
              "Actual Rows": 1,
              "Actual Loops": 7,
              "Plans": [
                {
                  "Node Type": "Seq Scan",
                  "Parent Relationship": "Outer",
                  "Parallel Aware": true,
                  "Relation Name": "cast_info",
                  "Alias": "ci",
                  "Startup Cost": 0.0,
                  "Total Cost": 328211.39,
                  "Plan Rows": 2921465,
                  "Plan Width": 0,
                  "Actual Startup Time": 219.022,
                  "Actual Total Time": 632.934,
                  "Actual Rows": 2473774,
                  "Actual Loops": 7,
                  "Filter": "(person_id > 1886551)",
                  "Rows Removed by Filter": 2703990
                }
              ]
            }
          ]
        }
      ]
    },
    "Planning Time": 0.212,
    "Triggers": [],
    "Execution Time": 819.966
  }
]