[
  {
    "Plan": {
      "Node Type": "Aggregate",
      "Strategy": "Plain",
      "Partial Mode": "Finalize",
      "Parallel Aware": false,
      "Startup Cost": 336402.64,
      "Total Cost": 336402.65,
      "Plan Rows": 1,
      "Plan Width": 8,
      "Actual Startup Time": 676.42,
      "Actual Total Time": 730.986,
      "Actual Rows": 1,
      "Actual Loops": 1,
      "Plans": [
        {
          "Node Type": "Gather",
          "Parent Relationship": "Outer",
          "Parallel Aware": false,
          "Startup Cost": 336402.01,
          "Total Cost": 336402.62,
          "Plan Rows": 6,
          "Plan Width": 8,
          "Actual Startup Time": 676.266,
          "Actual Total Time": 730.977,
          "Actual Rows": 7,
          "Actual Loops": 1,
          "Workers Planned": 6,
          "Workers Launched": 6,
          "Single Copy": false,
          "Plans": [
            {
              "Node Type": "Aggregate",
              "Strategy": "Plain",
              "Partial Mode": "Partial",
              "Parent Relationship": "Outer",
              "Parallel Aware": false,
              "Startup Cost": 335402.01,
              "Total Cost": 335402.02,
              "Plan Rows": 1,
              "Plan Width": 8,
              "Actual Startup Time": 667.669,
              "Actual Total Time": 667.67,
              "Actual Rows": 1,
              "Actual Loops": 7,
              "Plans": [
                {
                  "Node Type": "Seq Scan",
                  "Parent Relationship": "Outer",
                  "Parallel Aware": true,
                  "Relation Name": "cast_info",
                  "Alias": "ci",
                  "Startup Cost": 0.0,
                  "Total Cost": 328162.03,
                  "Plan Rows": 2895994,
                  "Plan Width": 0,
                  "Actual Startup Time": 199.487,
                  "Actual Total Time": 567.142,
                  "Actual Rows": 2473774,
                  "Actual Loops": 7,
                  "Filter": "(person_id > 1886551)",
                  "Rows Removed by Filter": 2703990
                }
              ]
            }
          ]
        }
      ]
    },
    "Planning Time": 0.148,
    "Triggers": [],
    "Execution Time": 731.043
  }
]