[
  {
    "Plan": {
      "Node Type": "Aggregate",
      "Strategy": "Plain",
      "Partial Mode": "Finalize",
      "Parallel Aware": false,
      "Startup Cost": 202435.88,
      "Total Cost": 202435.89,
      "Plan Rows": 1,
      "Plan Width": 8,
      "Actual Startup Time": 187.353,
      "Actual Total Time": 193.343,
      "Actual Rows": 1,
      "Actual Loops": 1,
      "Plans": [
        {
          "Node Type": "Gather",
          "Parent Relationship": "Outer",
          "Parallel Aware": false,
          "Startup Cost": 202435.46,
          "Total Cost": 202435.87,
          "Plan Rows": 4,
          "Plan Width": 8,
          "Actual Startup Time": 183.093,
          "Actual Total Time": 193.337,
          "Actual Rows": 5,
          "Actual Loops": 1,
          "Workers Planned": 4,
          "Workers Launched": 4,
          "Single Copy": false,
          "Plans": [
            {
              "Node Type": "Aggregate",
              "Strategy": "Plain",
              "Partial Mode": "Partial",
              "Parent Relationship": "Outer",
              "Parallel Aware": false,
              "Startup Cost": 201435.46,
              "Total Cost": 201435.47,
              "Plan Rows": 1,
              "Plan Width": 8,
              "Actual Startup Time": 174.785,
              "Actual Total Time": 174.788,
              "Actual Rows": 1,
              "Actual Loops": 5,
              "Plans": [
                {
                  "Node Type": "Hash Join",
                  "Parent Relationship": "Outer",
                  "Parallel Aware": true,
                  "Join Type": "Inner",
                  "Startup Cost": 48965.1,
                  "Total Cost": 201408.96,
                  "Plan Rows": 10602,
                  "Plan Width": 0,
                  "Actual Startup Time": 153.593,
                  "Actual Total Time": 173.565,
                  "Actual Rows": 24087,
                  "Actual Loops": 5,
                  "Inner Unique": true,
                  "Hash Cond": "(mi.movie_id = t.id)",
                  "Plans": [
                    {
                      "Node Type": "Bitmap Heap Scan",
                      "Parent Relationship": "Outer",
                      "Parallel Aware": true,
                      "Relation Name": "movie_info",
                      "Alias": "mi",
                      "Startup Cost": 1955.2,
                      "Total Cost": 154328.38,
                      "Plan Rows": 26928,
                      "Plan Width": 4,
                      "Actual Startup Time": 5.832,
                      "Actual Total Time": 13.437,
                      "Actual Rows": 24373,
                      "Actual Loops": 5,
                      "Recheck Cond": "(info_type_id = 105)",
                      "Rows Removed by Index Recheck": 0,
                      "Exact Heap Blocks": 1044,
                      "Lossy Heap Blocks": 0,
                      "Plans": [
                        {
                          "Node Type": "Bitmap Index Scan",
                          "Parent Relationship": "Outer",
                          "Parallel Aware": false,
                          "Index Name": "info_type_id_movie_info",
                          "Startup Cost": 0.0,
                          "Total Cost": 1928.27,
                          "Plan Rows": 107712,
                          "Plan Width": 0,
                          "Actual Startup Time": 5.159,
                          "Actual Total Time": 5.159,
                          "Actual Rows": 121863,
                          "Actual Loops": 1,
                          "Index Cond": "(info_type_id = 105)"
                        }
                      ]
                    },
                    {
                      "Node Type": "Hash",
                      "Parent Relationship": "Inner",
                      "Parallel Aware": true,
                      "Startup Cost": 43899.01,
                      "Total Cost": 43899.01,
                      "Plan Rows": 248871,
                      "Plan Width": 4,
                      "Actual Startup Time": 145.787,
                      "Actual Total Time": 145.787,
                      "Actual Rows": 197010,
                      "Actual Loops": 5,
                      "Hash Buckets": 1048576,
                      "Original Hash Buckets": 1048576,
                      "Hash Batches": 1,
                      "Original Hash Batches": 1,
                      "Peak Memory Usage": 46816,
                      "Plans": [
                        {
                          "Node Type": "Seq Scan",
                          "Parent Relationship": "Outer",
                          "Parallel Aware": true,
                          "Relation Name": "title",
                          "Alias": "t",
                          "Startup Cost": 0.0,
                          "Total Cost": 43899.01,
                          "Plan Rows": 248871,
                          "Plan Width": 4,
                          "Actual Startup Time": 0.04,
                          "Actual Total Time": 81.687,
                          "Actual Rows": 197010,
                          "Actual Loops": 5,
                          "Filter": "(kind_id < 7)",
                          "Rows Removed by Filter": 308653
                        }
                      ]
                    }
                  ]
                }
              ]
            }
          ]
        }
      ]
    },
    "Planning Time": 0.166,
    "Triggers": [],
    "Execution Time": 193.375
  }
]