[
  {
    "Plan": {
      "Node Type": "Aggregate",
      "Strategy": "Plain",
      "Partial Mode": "Finalize",
      "Parallel Aware": false,
      "Startup Cost": 213916.65,
      "Total Cost": 213916.66,
      "Plan Rows": 1,
      "Plan Width": 8,
      "Actual Startup Time": 199.166,
      "Actual Total Time": 211.063,
      "Actual Rows": 1,
      "Actual Loops": 1,
      "Plans": [
        {
          "Node Type": "Gather",
          "Parent Relationship": "Outer",
          "Parallel Aware": false,
          "Startup Cost": 213916.13,
          "Total Cost": 213916.64,
          "Plan Rows": 5,
          "Plan Width": 8,
          "Actual Startup Time": 193.593,
          "Actual Total Time": 211.041,
          "Actual Rows": 6,
          "Actual Loops": 1,
          "Workers Planned": 5,
          "Workers Launched": 5,
          "Single Copy": false,
          "Plans": [
            {
              "Node Type": "Aggregate",
              "Strategy": "Plain",
              "Partial Mode": "Partial",
              "Parent Relationship": "Outer",
              "Parallel Aware": false,
              "Startup Cost": 212916.13,
              "Total Cost": 212916.14,
              "Plan Rows": 1,
              "Plan Width": 8,
              "Actual Startup Time": 182.713,
              "Actual Total Time": 182.716,
              "Actual Rows": 1,
              "Actual Loops": 6,
              "Plans": [
                {
                  "Node Type": "Hash Join",
                  "Parent Relationship": "Outer",
                  "Parallel Aware": true,
                  "Join Type": "Inner",
                  "Startup Cost": 49518.55,
                  "Total Cost": 212888.88,
                  "Plan Rows": 10899,
                  "Plan Width": 0,
                  "Actual Startup Time": 160.976,
                  "Actual Total Time": 181.696,
                  "Actual Rows": 20072,
                  "Actual Loops": 6,
                  "Inner Unique": true,
                  "Hash Cond": "(mi.movie_id = t.id)",
                  "Plans": [
                    {
                      "Node Type": "Bitmap Heap Scan",
                      "Parent Relationship": "Outer",
                      "Parallel Aware": true,
                      "Relation Name": "movie_info",
                      "Alias": "mi",
                      "Startup Cost": 2521.42,
                      "Total Cost": 165818.8,
                      "Plan Rows": 27793,
                      "Plan Width": 4,
                      "Actual Startup Time": 7.138,
                      "Actual Total Time": 15.557,
                      "Actual Rows": 20310,
                      "Actual Loops": 6,
                      "Recheck Cond": "(info_type_id = 105)",
                      "Rows Removed by Index Recheck": 0,
                      "Exact Heap Blocks": 897,
                      "Lossy Heap Blocks": 0,
                      "Plans": [
                        {
                          "Node Type": "Bitmap Index Scan",
                          "Parent Relationship": "Outer",
                          "Parallel Aware": false,
                          "Index Name": "info_type_id_movie_info",
                          "Startup Cost": 0.0,
                          "Total Cost": 2486.68,
                          "Plan Rows": 138966,
                          "Plan Width": 0,
                          "Actual Startup Time": 6.435,
                          "Actual Total Time": 6.435,
                          "Actual Rows": 121863,
                          "Actual Loops": 1,
                          "Index Cond": "(info_type_id = 105)"
                        }
                      ]
                    },
                    {
                      "Node Type": "Hash",
                      "Parent Relationship": "Inner",
                      "Parallel Aware": true,
                      "Startup Cost": 43898.92,
                      "Total Cost": 43898.92,
                      "Plan Rows": 247857,
                      "Plan Width": 4,
                      "Actual Startup Time": 150.25,
                      "Actual Total Time": 150.251,
                      "Actual Rows": 164175,
                      "Actual Loops": 6,
                      "Hash Buckets": 1048576,
                      "Original Hash Buckets": 1048576,
                      "Hash Batches": 1,
                      "Original Hash Batches": 1,
                      "Peak Memory Usage": 46816,
                      "Plans": [
                        {
                          "Node Type": "Seq Scan",
                          "Parent Relationship": "Outer",
                          "Parallel Aware": true,
                          "Relation Name": "title",
                          "Alias": "t",
                          "Startup Cost": 0.0,
                          "Total Cost": 43898.92,
                          "Plan Rows": 247857,
                          "Plan Width": 4,
                          "Actual Startup Time": 0.042,
                          "Actual Total Time": 85.371,
                          "Actual Rows": 164175,
                          "Actual Loops": 6,
                          "Filter": "(kind_id < 7)",
                          "Rows Removed by Filter": 257211
                        }
                      ]
                    }
                  ]
                }
              ]
            }
          ]
        }
      ]
    },
    "Planning Time": 0.681,
    "Triggers": [],
    "Execution Time": 211.156
  }
]