[
  {
    "Plan": {
      "Node Type": "Aggregate",
      "Strategy": "Plain",
      "Partial Mode": "Finalize",
      "Parallel Aware": false,
      "Startup Cost": 340324.99,
      "Total Cost": 340325.0,
      "Plan Rows": 1,
      "Plan Width": 8,
      "Actual Startup Time": 938.381,
      "Actual Total Time": 999.63,
      "Actual Rows": 1,
      "Actual Loops": 1,
      "Plans": [
        {
          "Node Type": "Gather",
          "Parent Relationship": "Outer",
          "Parallel Aware": false,
          "Startup Cost": 340324.36,
          "Total Cost": 340324.97,
          "Plan Rows": 6,
          "Plan Width": 8,
          "Actual Startup Time": 938.134,
          "Actual Total Time": 999.618,
          "Actual Rows": 7,
          "Actual Loops": 1,
          "Workers Planned": 6,
          "Workers Launched": 6,
          "Single Copy": false,
          "Plans": [
            {
              "Node Type": "Aggregate",
              "Strategy": "Plain",
              "Partial Mode": "Partial",
              "Parent Relationship": "Outer",
              "Parallel Aware": false,
              "Startup Cost": 339324.36,
              "Total Cost": 339324.37,
              "Plan Rows": 1,
              "Plan Width": 8,
              "Actual Startup Time": 928.558,
              "Actual Total Time": 928.56,
              "Actual Rows": 1,
              "Actual Loops": 7,
              "Plans": [
                {
                  "Node Type": "Seq Scan",
                  "Parent Relationship": "Outer",
                  "Parallel Aware": true,
                  "Relation Name": "cast_info",
                  "Alias": "ci",
                  "Startup Cost": 0.0,
                  "Total Cost": 328211.39,
                  "Plan Rows": 4445188,
                  "Plan Width": 0,
                  "Actual Startup Time": 0.054,
                  "Actual Total Time": 715.267,
                  "Actual Rows": 3822106,
                  "Actual Loops": 7,
                  "Filter": "(person_id < 2756802)",
                  "Rows Removed by Filter": 1355657
                }
              ]
            }
          ]
        }
      ]
    },
    "Planning Time": 0.215,
    "Triggers": [],
    "Execution Time": 999.705
  }
]