[
  {
    "Plan": {
      "Node Type": "Aggregate",
      "Strategy": "Plain",
      "Partial Mode": "Finalize",
      "Parallel Aware": false,
      "Startup Cost": 65984.26,
      "Total Cost": 65984.27,
      "Plan Rows": 1,
      "Plan Width": 8,
      "Actual Startup Time": 105.825,
      "Actual Total Time": 119.45,
      "Actual Rows": 1,
      "Actual Loops": 1,
      "Plans": [
        {
          "Node Type": "Gather",
          "Parent Relationship": "Outer",
          "Parallel Aware": false,
          "Startup Cost": 65983.84,
          "Total Cost": 65984.25,
          "Plan Rows": 4,
          "Plan Width": 8,
          "Actual Startup Time": 105.709,
          "Actual Total Time": 119.443,
          "Actual Rows": 5,
          "Actual Loops": 1,
          "Workers Planned": 4,
          "Workers Launched": 4,
          "Single Copy": false,
          "Plans": [
            {
              "Node Type": "Aggregate",
              "Strategy": "Plain",
              "Partial Mode": "Partial",
              "Parent Relationship": "Outer",
              "Parallel Aware": false,
              "Startup Cost": 64983.84,
              "Total Cost": 64983.85,
              "Plan Rows": 1,
              "Plan Width": 8,
              "Actual Startup Time": 95.601,
              "Actual Total Time": 95.603,
              "Actual Rows": 1,
              "Actual Loops": 5,
              "Plans": [
                {
                  "Node Type": "Nested Loop",
                  "Parent Relationship": "Outer",
                  "Parallel Aware": false,
                  "Join Type": "Inner",
                  "Startup Cost": 0.43,
                  "Total Cost": 64981.88,
                  "Plan Rows": 782,
                  "Plan Width": 0,
                  "Actual Startup Time": 60.079,
                  "Actual Total Time": 95.5,
                  "Actual Rows": 1001,
                  "Actual Loops": 5,
                  "Inner Unique": false,
                  "Plans": [
                    {
                      "Node Type": "Seq Scan",
                      "Parent Relationship": "Outer",
                      "Parallel Aware": true,
                      "Relation Name": "title",
                      "Alias": "t",
                      "Startup Cost": 0.0,
                      "Total Cost": 45479.1,
                      "Plan Rows": 1492,
                      "Plan Width": 4,
                      "Actual Startup Time": 59.921,
                      "Actual Total Time": 83.805,
                      "Actual Rows": 1092,
                      "Actual Loops": 5,
                      "Filter": "((kind_id = 1) AND (production_year = 1990))",
                      "Rows Removed by Filter": 504570
                    },
                    {
                      "Node Type": "Index Scan",
                      "Parent Relationship": "Inner",
                      "Parallel Aware": false,
                      "Scan Direction": "Forward",
                      "Index Name": "movie_id_movie_companies",
                      "Relation Name": "movie_companies",
                      "Alias": "mc",
                      "Startup Cost": 0.43,
                      "Total Cost": 13.04,
                      "Plan Rows": 3,
                      "Plan Width": 4,
                      "Actual Startup Time": 0.01,
                      "Actual Total Time": 0.01,
                      "Actual Rows": 1,
                      "Actual Loops": 5461,
                      "Index Cond": "(movie_id = t.id)",
                      "Rows Removed by Index Recheck": 0,
                      "Filter": "(company_type_id > 1)",
                      "Rows Removed by Filter": 1
                    }
                  ]
                }
              ]
            }
          ]
        }
      ]
    },
    "Planning Time": 0.69,
    "Triggers": [],
    "Execution Time": 119.526
  }
]