[
  {
    "Plan": {
      "Node Type": "Aggregate",
      "Strategy": "Plain",
      "Partial Mode": "Finalize",
      "Parallel Aware": false,
      "Startup Cost": 46061.76,
      "Total Cost": 46061.77,
      "Plan Rows": 1,
      "Plan Width": 8,
      "Actual Startup Time": 165.726,
      "Actual Total Time": 174.848,
      "Actual Rows": 1,
      "Actual Loops": 1,
      "Plans": [
        {
          "Node Type": "Gather",
          "Parent Relationship": "Outer",
          "Parallel Aware": false,
          "Startup Cost": 46061.44,
          "Total Cost": 46061.75,
          "Plan Rows": 3,
          "Plan Width": 8,
          "Actual Startup Time": 165.589,
          "Actual Total Time": 174.838,
          "Actual Rows": 4,
          "Actual Loops": 1,
          "Workers Planned": 3,
          "Workers Launched": 3,
          "Single Copy": false,
          "Plans": [
            {
              "Node Type": "Aggregate",
              "Strategy": "Plain",
              "Partial Mode": "Partial",
              "Parent Relationship": "Outer",
              "Parallel Aware": false,
              "Startup Cost": 45061.44,
              "Total Cost": 45061.45,
              "Plan Rows": 1,
              "Plan Width": 8,
              "Actual Startup Time": 160.074,
              "Actual Total Time": 160.075,
              "Actual Rows": 1,
              "Actual Loops": 4,
              "Plans": [
                {
                  "Node Type": "Seq Scan",
                  "Parent Relationship": "Outer",
                  "Parallel Aware": true,
                  "Relation Name": "movie_keyword",
                  "Alias": "mk",
                  "Startup Cost": 0.0,
                  "Total Cost": 42695.65,
                  "Plan Rows": 946316,
                  "Plan Width": 0,
                  "Actual Startup Time": 0.307,
                  "Actual Total Time": 125.703,
                  "Actual Rows": 730186,
                  "Actual Loops": 4,
                  "Filter": "(keyword_id > 2484)",
                  "Rows Removed by Filter": 400796
                }
              ]
            }
          ]
        }
      ]
    },
    "Planning Time": 0.192,
    "Triggers": [],
    "Execution Time": 174.895
  }
]