{
  "Plan": {
    "Node Type": "Aggregate",
    "Strategy": "Plain",
    "Partial Mode": "Finalize",
    "Parallel Aware": false,
    "Startup Cost": 635948.65,
    "Total Cost": 635948.66,
    "Plan Rows": 1,
    "Plan Width": 8,
    "Actual Startup Time": 5503.922,
    "Actual Total Time": 5559.469,
    "Actual Rows": 1,
    "Actual Loops": 1,
    "Plans": [
      {
        "Node Type": "Gather",
        "Parent Relationship": "Outer",
        "Parallel Aware": false,
        "Startup Cost": 635948.54,
        "Total Cost": 635948.65,
        "Plan Rows": 1,
        "Plan Width": 8,
        "Actual Startup Time": 5500.462,
        "Actual Total Time": 5559.459,
        "Actual Rows": 2,
        "Actual Loops": 1,
        "Workers Planned": 1,
        "Workers Launched": 1,
        "Single Copy": false,
        "Plans": [
          {
            "Node Type": "Aggregate",
            "Strategy": "Plain",
            "Partial Mode": "Partial",
            "Parent Relationship": "Outer",
            "Parallel Aware": false,
            "Startup Cost": 634948.54,
            "Total Cost": 634948.55,
            "Plan Rows": 1,
            "Plan Width": 8,
            "Actual Startup Time": 5493.126,
            "Actual Total Time": 5493.129,
            "Actual Rows": 1,
            "Actual Loops": 2,
            "Plans": [
              {
                "Node Type": "Hash Join",
                "Parent Relationship": "Outer",
                "Parallel Aware": true,
                "Join Type": "Inner",
                "Startup Cost": 66883.45,
                "Total Cost": 616013.93,
                "Plan Rows": 7573843,
                "Plan Width": 0,
                "Actual Startup Time": 386.263,
                "Actual Total Time": 5243.15,
                "Actual Rows": 6088968,
                "Actual Loops": 2,
                "Inner Unique": true,
                "Hash Cond": "(ci.movie_id = t.id)",
                "Plans": [
                  {
                    "Node Type": "Seq Scan",
                    "Parent Relationship": "Outer",
                    "Parallel Aware": true,
                    "Relation Name": "cast_info",
                    "Alias": "ci",
                    "Startup Cost": 0.0,
                    "Total Cost": 519069.44,
                    "Plan Rows": 11451804,
                    "Plan Width": 4,
                    "Actual Startup Time": 0.014,
                    "Actual Total Time": 1413.461,
                    "Actual Rows": 9774474,
                    "Actual Loops": 2,
                    "Filter": "(person_id < 1957885)",
                    "Rows Removed by Filter": 8347698
                  },
                  {
                    "Node Type": "Hash",
                    "Parent Relationship": "Inner",
                    "Parallel Aware": true,
                    "Startup Cost": 54588.39,
                    "Total Cost": 54588.39,
                    "Plan Rows": 983605,
                    "Plan Width": 4,
                    "Actual Startup Time": 371.355,
                    "Actual Total Time": 371.356,
                    "Actual Rows": 837049,
                    "Actual Loops": 2,
                    "Hash Buckets": 2097152,
                    "Original Hash Buckets": 2097152,
                    "Hash Batches": 1,
                    "Original Hash Batches": 1,
                    "Peak Memory Usage": 81920,
                    "Plans": [
                      {
                        "Node Type": "Seq Scan",
                        "Parent Relationship": "Outer",
                        "Parallel Aware": true,
                        "Relation Name": "title",
                        "Alias": "t",
                        "Startup Cost": 0.0,
                        "Total Cost": 54588.39,
                        "Plan Rows": 983605,
                        "Plan Width": 4,
                        "Actual Startup Time": 0.027,
                        "Actual Total Time": 155.444,
                        "Actual Rows": 837049,
                        "Actual Loops": 2,
                        "Filter": "(kind_id > 3)",
                        "Rows Removed by Filter": 427107
                      }
                    ]
                  }
                ]
              }
            ]
          }
        ]
      }
    ]
  },
  "Planning Time": 0.667,
  "Triggers": [],
  "Execution Time": 5559.55
}