[
  {
    "Plan": {
      "Node Type": "Aggregate",
      "Strategy": "Plain",
      "Partial Mode": "Finalize",
      "Parallel Aware": false,
      "Startup Cost": 204320.5,
      "Total Cost": 204320.51,
      "Plan Rows": 1,
      "Plan Width": 8,
      "Actual Startup Time": 339.212,
      "Actual Total Time": 362.98,
      "Actual Rows": 1,
      "Actual Loops": 1,
      "Plans": [
        {
          "Node Type": "Gather",
          "Parent Relationship": "Outer",
          "Parallel Aware": false,
          "Startup Cost": 204319.88,
          "Total Cost": 204320.49,
          "Plan Rows": 6,
          "Plan Width": 8,
          "Actual Startup Time": 339.057,
          "Actual Total Time": 362.966,
          "Actual Rows": 7,
          "Actual Loops": 1,
          "Workers Planned": 6,
          "Workers Launched": 6,
          "Single Copy": false,
          "Plans": [
            {
              "Node Type": "Aggregate",
              "Strategy": "Plain",
              "Partial Mode": "Partial",
              "Parent Relationship": "Outer",
              "Parallel Aware": false,
              "Startup Cost": 203319.88,
              "Total Cost": 203319.89,
              "Plan Rows": 1,
              "Plan Width": 8,
              "Actual Startup Time": 329.494,
              "Actual Total Time": 329.495,
              "Actual Rows": 1,
              "Actual Loops": 7,
              "Plans": [
                {
                  "Node Type": "Index Scan",
                  "Parent Relationship": "Outer",
                  "Parallel Aware": true,
                  "Scan Direction": "Forward",
                  "Index Name": "role_id_cast_info",
                  "Relation Name": "cast_info",
                  "Alias": "ci",
                  "Startup Cost": 0.56,
                  "Total Cost": 201884.69,
                  "Plan Rows": 574074,
                  "Plan Width": 0,
                  "Actual Startup Time": 82.398,
                  "Actual Total Time": 284.089,
                  "Actual Rows": 776232,
                  "Actual Loops": 7,
                  "Index Cond": "(role_id = 2)",
                  "Rows Removed by Index Recheck": 0,
                  "Filter": "(person_id > 1995460)",
                  "Rows Removed by Filter": 288336
                }
              ]
            }
          ]
        }
      ]
    },
    "Planning Time": 0.201,
    "Triggers": [],
    "Execution Time": 363.034
  }
]