[
  {
    "Plan": {
      "Node Type": "Aggregate",
      "Strategy": "Plain",
      "Partial Mode": "Finalize",
      "Parallel Aware": false,
      "Startup Cost": 333990.4,
      "Total Cost": 333990.41,
      "Plan Rows": 1,
      "Plan Width": 8,
      "Actual Startup Time": 667.509,
      "Actual Total Time": 725.919,
      "Actual Rows": 1,
      "Actual Loops": 1,
      "Plans": [
        {
          "Node Type": "Gather",
          "Parent Relationship": "Outer",
          "Parallel Aware": false,
          "Startup Cost": 333989.78,
          "Total Cost": 333990.39,
          "Plan Rows": 6,
          "Plan Width": 8,
          "Actual Startup Time": 667.398,
          "Actual Total Time": 725.91,
          "Actual Rows": 7,
          "Actual Loops": 1,
          "Workers Planned": 6,
          "Workers Launched": 6,
          "Single Copy": false,
          "Plans": [
            {
              "Node Type": "Aggregate",
              "Strategy": "Plain",
              "Partial Mode": "Partial",
              "Parent Relationship": "Outer",
              "Parallel Aware": false,
              "Startup Cost": 332989.78,
              "Total Cost": 332989.79,
              "Plan Rows": 1,
              "Plan Width": 8,
              "Actual Startup Time": 659.295,
              "Actual Total Time": 659.297,
              "Actual Rows": 1,
              "Actual Loops": 7,
              "Plans": [
                {
                  "Node Type": "Seq Scan",
                  "Parent Relationship": "Outer",
                  "Parallel Aware": true,
                  "Relation Name": "cast_info",
                  "Alias": "ci",
                  "Startup Cost": 0.0,
                  "Total Cost": 328162.03,
                  "Plan Rows": 1931100,
                  "Plan Width": 0,
                  "Actual Startup Time": 0.042,
                  "Actual Total Time": 581.994,
                  "Actual Rows": 1654368,
                  "Actual Loops": 7,
                  "Filter": "(person_id < 1139340)",
                  "Rows Removed by Filter": 3523395
                }
              ]
            }
          ]
        }
      ]
    },
    "Planning Time": 0.17,
    "Triggers": [],
    "Execution Time": 726.007
  }
]