[
  {
    "Plan": {
      "Node Type": "Aggregate",
      "Strategy": "Plain",
      "Partial Mode": "Finalize",
      "Parallel Aware": false,
      "Startup Cost": 72760.11,
      "Total Cost": 72760.12,
      "Plan Rows": 1,
      "Plan Width": 8,
      "Actual Startup Time": 177.956,
      "Actual Total Time": 193.903,
      "Actual Rows": 1,
      "Actual Loops": 1,
      "Plans": [
        {
          "Node Type": "Gather",
          "Parent Relationship": "Outer",
          "Parallel Aware": false,
          "Startup Cost": 72759.79,
          "Total Cost": 72760.1,
          "Plan Rows": 3,
          "Plan Width": 8,
          "Actual Startup Time": 177.183,
          "Actual Total Time": 193.892,
          "Actual Rows": 4,
          "Actual Loops": 1,
          "Workers Planned": 3,
          "Workers Launched": 3,
          "Single Copy": false,
          "Plans": [
            {
              "Node Type": "Aggregate",
              "Strategy": "Plain",
              "Partial Mode": "Partial",
              "Parent Relationship": "Outer",
              "Parallel Aware": false,
              "Startup Cost": 71759.79,
              "Total Cost": 71759.8,
              "Plan Rows": 1,
              "Plan Width": 8,
              "Actual Startup Time": 168.444,
              "Actual Total Time": 168.448,
              "Actual Rows": 1,
              "Actual Loops": 4,
              "Plans": [
                {
                  "Node Type": "Hash Join",
                  "Parent Relationship": "Outer",
                  "Parallel Aware": true,
                  "Join Type": "Inner",
                  "Startup Cost": 46758.56,
                  "Total Cost": 71754.1,
                  "Plan Rows": 2279,
                  "Plan Width": 0,
                  "Actual Startup Time": 130.204,
                  "Actual Total Time": 168.343,
                  "Actual Rows": 896,
                  "Actual Loops": 4,
                  "Inner Unique": true,
                  "Hash Cond": "(mk.movie_id = t.id)",
                  "Plans": [
                    {
                      "Node Type": "Bitmap Heap Scan",
                      "Parent Relationship": "Outer",
                      "Parallel Aware": true,
                      "Relation Name": "movie_keyword",
                      "Alias": "mk",
                      "Startup Cost": 2356.62,
                      "Total Cost": 27258.17,
                      "Plan Rows": 35804,
                      "Plan Width": 4,
                      "Actual Startup Time": 11.845,
                      "Actual Total Time": 44.191,
                      "Actual Rows": 27780,
                      "Actual Loops": 4,
                      "Recheck Cond": "(keyword_id > 79931)",
                      "Rows Removed by Index Recheck": 0,
                      "Exact Heap Blocks": 5733,
                      "Lossy Heap Blocks": 0,
                      "Plans": [
                        {
                          "Node Type": "Bitmap Index Scan",
                          "Parent Relationship": "Outer",
                          "Parallel Aware": false,
                          "Index Name": "keyword_id_movie_keyword",
                          "Startup Cost": 0.0,
                          "Total Cost": 2328.87,
                          "Plan Rows": 110992,
                          "Plan Width": 0,
                          "Actual Startup Time": 8.969,
                          "Actual Total Time": 8.97,
                          "Actual Rows": 111118,
                          "Actual Loops": 1,
                          "Index Cond": "(keyword_id > 79931)"
                        }
                      ]
                    },
                    {
                      "Node Type": "Hash",
                      "Parent Relationship": "Inner",
                      "Parallel Aware": true,
                      "Startup Cost": 43898.92,
                      "Total Cost": 43898.92,
                      "Plan Rows": 40242,
                      "Plan Width": 4,
                      "Actual Startup Time": 115.733,
                      "Actual Total Time": 115.734,
                      "Actual Rows": 41077,
                      "Actual Loops": 4,
                      "Hash Buckets": 262144,
                      "Original Hash Buckets": 262144,
                      "Hash Batches": 1,
                      "Original Hash Batches": 1,
                      "Peak Memory Usage": 8544,
                      "Plans": [
                        {
                          "Node Type": "Seq Scan",
                          "Parent Relationship": "Outer",
                          "Parallel Aware": true,
                          "Relation Name": "title",
                          "Alias": "t",
                          "Startup Cost": 0.0,
                          "Total Cost": 43898.92,
                          "Plan Rows": 40242,
                          "Plan Width": 4,
                          "Actual Startup Time": 0.042,
                          "Actual Total Time": 99.692,
                          "Actual Rows": 41077,
                          "Actual Loops": 4,
                          "Filter": "(production_year = 2012)",
                          "Rows Removed by Filter": 591001
                        }
                      ]
                    }
                  ]
                }
              ]
            }
          ]
        }
      ]
    },
    "Planning Time": 0.546,
    "Triggers": [],
    "Execution Time": 193.99
  }
]