{
  "Plan": {
    "Node Type": "Aggregate",
    "Strategy": "Plain",
    "Partial Mode": "Finalize",
    "Parallel Aware": false,
    "Startup Cost": 160548.66,
    "Total Cost": 160548.67,
    "Plan Rows": 1,
    "Plan Width": 8,
    "Actual Startup Time": 309.376,
    "Actual Total Time": 317.883,
    "Actual Rows": 1,
    "Actual Loops": 1,
    "Plans": [
      {
        "Node Type": "Gather",
        "Parent Relationship": "Outer",
        "Parallel Aware": false,
        "Startup Cost": 160548.54,
        "Total Cost": 160548.65,
        "Plan Rows": 1,
        "Plan Width": 8,
        "Actual Startup Time": 309.229,
        "Actual Total Time": 317.876,
        "Actual Rows": 2,
        "Actual Loops": 1,
        "Workers Planned": 1,
        "Workers Launched": 1,
        "Single Copy": false,
        "Plans": [
          {
            "Node Type": "Aggregate",
            "Strategy": "Plain",
            "Partial Mode": "Partial",
            "Parent Relationship": "Outer",
            "Parallel Aware": false,
            "Startup Cost": 159548.54,
            "Total Cost": 159548.55,
            "Plan Rows": 1,
            "Plan Width": 8,
            "Actual Startup Time": 303.013,
            "Actual Total Time": 303.018,
            "Actual Rows": 1,
            "Actual Loops": 2,
            "Plans": [
              {
                "Node Type": "Hash Join",
                "Parent Relationship": "Outer",
                "Parallel Aware": true,
                "Join Type": "Inner",
                "Startup Cost": 66266.14,
                "Total Cost": 159543.03,
                "Plan Rows": 2206,
                "Plan Width": 0,
                "Actual Startup Time": 38.359,
                "Actual Total Time": 302.738,
                "Actual Rows": 3964,
                "Actual Loops": 2,
                "Inner Unique": false,
                "Hash Cond": "(ci.movie_id = t.id)",
                "Plans": [
                  {
                    "Node Type": "Index Scan",
                    "Parent Relationship": "Outer",
                    "Parallel Aware": true,
                    "Scan Direction": "Forward",
                    "Index Name": "role_id_cast_info",
                    "Relation Name": "cast_info",
                    "Alias": "ci",
                    "Startup Cost": 0.56,
                    "Total Cost": 91565.57,
                    "Plan Rows": 453041,
                    "Plan Width": 4,
                    "Actual Startup Time": 0.057,
                    "Actual Total Time": 210.91,
                    "Actual Rows": 620689,
                    "Actual Loops": 2,
                    "Index Cond": "(role_id = 4)",
                    "Rows Removed by Index Recheck": 0,
                    "Filter": "(person_id > 2739062)",
                    "Rows Removed by Filter": 743782
                  },
                  {
                    "Node Type": "Hash",
                    "Parent Relationship": "Inner",
                    "Parallel Aware": true,
                    "Startup Cost": 66175.04,
                    "Total Cost": 66175.04,
                    "Plan Rows": 7243,
                    "Plan Width": 8,
                    "Actual Startup Time": 37.098,
                    "Actual Total Time": 37.1,
                    "Actual Rows": 5262,
                    "Actual Loops": 2,
                    "Hash Buckets": 16384,
                    "Original Hash Buckets": 16384,
                    "Hash Batches": 1,
                    "Original Hash Batches": 1,
                    "Peak Memory Usage": 576,
                    "Plans": [
                      {
                        "Node Type": "Nested Loop",
                        "Parent Relationship": "Outer",
                        "Parallel Aware": false,
                        "Join Type": "Inner",
                        "Startup Cost": 264.29,
                        "Total Cost": 66175.04,
                        "Plan Rows": 7243,
                        "Plan Width": 8,
                        "Actual Startup Time": 2.532,
                        "Actual Total Time": 34.876,
                        "Actual Rows": 5262,
                        "Actual Loops": 2,
                        "Inner Unique": true,
                        "Plans": [
                          {
                            "Node Type": "Bitmap Heap Scan",
                            "Parent Relationship": "Outer",
                            "Parallel Aware": true,
                            "Relation Name": "movie_keyword",
                            "Alias": "mk",
                            "Startup Cost": 263.86,
                            "Total Cost": 20985.22,
                            "Plan Rows": 7243,
                            "Plan Width": 4,
                            "Actual Startup Time": 2.401,
                            "Actual Total Time": 10.549,
                            "Actual Rows": 5262,
                            "Actual Loops": 2,
                            "Recheck Cond": "(keyword_id > 124643)",
                            "Rows Removed by Index Recheck": 0,
                            "Exact Heap Blocks": 2557,
                            "Lossy Heap Blocks": 0,
                            "Plans": [
                              {
                                "Node Type": "Bitmap Index Scan",
                                "Parent Relationship": "Outer",
                                "Parallel Aware": false,
                                "Index Name": "keyword_id_movie_keyword",
                                "Startup Cost": 0.0,
                                "Total Cost": 260.78,
                                "Plan Rows": 12313,
                                "Plan Width": 0,
                                "Actual Startup Time": 3.075,
                                "Actual Total Time": 3.076,
                                "Actual Rows": 10524,
                                "Actual Loops": 1,
                                "Index Cond": "(keyword_id > 124643)"
                              }
                            ]
                          },
                          {
                            "Node Type": "Index Only Scan",
                            "Parent Relationship": "Inner",
                            "Parallel Aware": false,
                            "Scan Direction": "Forward",
                            "Index Name": "title_pkey",
                            "Relation Name": "title",
                            "Alias": "t",
                            "Startup Cost": 0.43,
                            "Total Cost": 6.24,
                            "Plan Rows": 1,
                            "Plan Width": 4,
                            "Actual Startup Time": 0.004,
                            "Actual Total Time": 0.004,
                            "Actual Rows": 1,
                            "Actual Loops": 10524,
                            "Index Cond": "(id = mk.movie_id)",
                            "Rows Removed by Index Recheck": 0,
                            "Heap Fetches": 10524
                          }
                        ]
                      }
                    ]
                  }
                ]
              }
            ]
          }
        ]
      }
    ]
  },
  "Planning Time": 1.121,
  "Triggers": [],
  "Execution Time": 317.991
}