[
  {
    "Plan": {
      "Node Type": "Aggregate",
      "Strategy": "Plain",
      "Partial Mode": "Finalize",
      "Parallel Aware": false,
      "Startup Cost": 394261.17,
      "Total Cost": 394261.18,
      "Plan Rows": 1,
      "Plan Width": 8,
      "Actual Startup Time": 1127.715,
      "Actual Total Time": 1184.096,
      "Actual Rows": 1,
      "Actual Loops": 1,
      "Plans": [
        {
          "Node Type": "Gather",
          "Parent Relationship": "Outer",
          "Parallel Aware": false,
          "Startup Cost": 394260.55,
          "Total Cost": 394261.16,
          "Plan Rows": 6,
          "Plan Width": 8,
          "Actual Startup Time": 1126.169,
          "Actual Total Time": 1184.081,
          "Actual Rows": 7,
          "Actual Loops": 1,
          "Workers Planned": 6,
          "Workers Launched": 6,
          "Single Copy": false,
          "Plans": [
            {
              "Node Type": "Aggregate",
              "Strategy": "Plain",
              "Partial Mode": "Partial",
              "Parent Relationship": "Outer",
              "Parallel Aware": false,
              "Startup Cost": 393260.55,
              "Total Cost": 393260.56,
              "Plan Rows": 1,
              "Plan Width": 8,
              "Actual Startup Time": 1105.762,
              "Actual Total Time": 1105.768,
              "Actual Rows": 1,
              "Actual Loops": 7,
              "Plans": [
                {
                  "Node Type": "Hash Join",
                  "Parent Relationship": "Outer",
                  "Parallel Aware": true,
                  "Join Type": "Inner",
                  "Startup Cost": 44290.17,
                  "Total Cost": 393006.16,
                  "Plan Rows": 101755,
                  "Plan Width": 0,
                  "Actual Startup Time": 407.442,
                  "Actual Total Time": 1099.727,
                  "Actual Rows": 88567,
                  "Actual Loops": 7,
                  "Inner Unique": true,
                  "Hash Cond": "(ci.movie_id = t.id)",
                  "Plans": [
                    {
                      "Node Type": "Seq Scan",
                      "Parent Relationship": "Outer",
                      "Parallel Aware": true,
                      "Relation Name": "cast_info",
                      "Alias": "ci",
                      "Startup Cost": 0.0,
                      "Total Cost": 343316.27,
                      "Plan Rows": 2057032,
                      "Plan Width": 4,
                      "Actual Startup Time": 313.769,
                      "Actual Total Time": 756.412,
                      "Actual Rows": 1451757,
                      "Actual Loops": 7,
                      "Filter": "((person_id > 2282148) AND (role_id < 10))",
                      "Rows Removed by Filter": 3726006
                    },
                    {
                      "Node Type": "Hash",
                      "Parent Relationship": "Inner",
                      "Parallel Aware": true,
                      "Startup Cost": 43899.32,
                      "Total Cost": 43899.32,
                      "Plan Rows": 31268,
                      "Plan Width": 4,
                      "Actual Startup Time": 92.328,
                      "Actual Total Time": 92.33,
                      "Actual Rows": 17552,
                      "Actual Loops": 7,
                      "Hash Buckets": 131072,
                      "Original Hash Buckets": 131072,
                      "Hash Batches": 1,
                      "Original Hash Batches": 1,
                      "Peak Memory Usage": 5920,
                      "Plans": [
                        {
                          "Node Type": "Seq Scan",
                          "Parent Relationship": "Outer",
                          "Parallel Aware": true,
                          "Relation Name": "title",
                          "Alias": "t",
                          "Startup Cost": 0.0,
                          "Total Cost": 43899.32,
                          "Plan Rows": 31268,
                          "Plan Width": 4,
                          "Actual Startup Time": 0.069,
                          "Actual Total Time": 82.833,
                          "Actual Rows": 17552,
                          "Actual Loops": 7,
                          "Filter": "(production_year = 2008)",
                          "Rows Removed by Filter": 343636
                        }
                      ]
                    }
                  ]
                }
              ]
            }
          ]
        }
      ]
    },
    "Planning Time": 0.644,
    "Triggers": [],
    "Execution Time": 1184.174
  }
]