[
  {
    "Plan": {
      "Node Type": "Aggregate",
      "Strategy": "Plain",
      "Partial Mode": "Finalize",
      "Parallel Aware": false,
      "Startup Cost": 47437.95,
      "Total Cost": 47437.96,
      "Plan Rows": 1,
      "Plan Width": 8,
      "Actual Startup Time": 126.801,
      "Actual Total Time": 140.481,
      "Actual Rows": 1,
      "Actual Loops": 1,
      "Plans": [
        {
          "Node Type": "Gather",
          "Parent Relationship": "Outer",
          "Parallel Aware": false,
          "Startup Cost": 47437.53,
          "Total Cost": 47437.94,
          "Plan Rows": 4,
          "Plan Width": 8,
          "Actual Startup Time": 126.577,
          "Actual Total Time": 140.453,
          "Actual Rows": 5,
          "Actual Loops": 1,
          "Workers Planned": 4,
          "Workers Launched": 4,
          "Single Copy": false,
          "Plans": [
            {
              "Node Type": "Aggregate",
              "Strategy": "Plain",
              "Partial Mode": "Partial",
              "Parent Relationship": "Outer",
              "Parallel Aware": false,
              "Startup Cost": 46437.53,
              "Total Cost": 46437.54,
              "Plan Rows": 1,
              "Plan Width": 8,
              "Actual Startup Time": 116.919,
              "Actual Total Time": 116.921,
              "Actual Rows": 1,
              "Actual Loops": 5,
              "Plans": [
                {
                  "Node Type": "Seq Scan",
                  "Parent Relationship": "Outer",
                  "Parallel Aware": true,
                  "Relation Name": "title",
                  "Alias": "t",
                  "Startup Cost": 0.0,
                  "Total Cost": 45479.59,
                  "Plan Rows": 383178,
                  "Plan Width": 0,
                  "Actual Startup Time": 0.054,
                  "Actual Total Time": 99.103,
                  "Actual Rows": 327936,
                  "Actual Loops": 5,
                  "Filter": "((kind_id > 1) AND (production_year > 1971))",
                  "Rows Removed by Filter": 177726
                }
              ]
            }
          ]
        }
      ]
    },
    "Planning Time": 0.215,
    "Triggers": [],
    "Execution Time": 140.54
  }
]