[
    {
        "Bao": {
            "Bao prediction": 878.033,
            "Bao recommended hint": "(no hint)"
        }
    },
    {
        "Plan": {
            "Node Type": "Aggregate",
            "Strategy": "Plain",
            "Partial Mode": "Finalize",
            "Parallel Aware": false,
            "Startup Cost": 74948.94,
            "Total Cost": 74948.95,
            "Plan Rows": 1,
            "Plan Width": 8,
            "Actual Startup Time": 231.435,
            "Actual Total Time": 240.243,
            "Actual Rows": 1,
            "Actual Loops": 1,
            "Output": [
                "count(*)"
            ],
            "Plans": [
                {
                    "Node Type": "Gather",
                    "Parent Relationship": "Outer",
                    "Parallel Aware": false,
                    "Startup Cost": 74948.52,
                    "Total Cost": 74948.93,
                    "Plan Rows": 4,
                    "Plan Width": 8,
                    "Actual Startup Time": 230.582,
                    "Actual Total Time": 240.236,
                    "Actual Rows": 5,
                    "Actual Loops": 1,
                    "Output": [
                        "(PARTIAL count(*))"
                    ],
                    "Workers Planned": 4,
                    "Workers Launched": 4,
                    "Single Copy": false,
                    "Plans": [
                        {
                            "Node Type": "Aggregate",
                            "Strategy": "Plain",
                            "Partial Mode": "Partial",
                            "Parent Relationship": "Outer",
                            "Parallel Aware": false,
                            "Startup Cost": 73948.52,
                            "Total Cost": 73948.53,
                            "Plan Rows": 1,
                            "Plan Width": 8,
                            "Actual Startup Time": 221.058,
                            "Actual Total Time": 221.061,
                            "Actual Rows": 1,
                            "Actual Loops": 5,
                            "Output": [
                                "PARTIAL count(*)"
                            ],
                            "Workers": [
                                {
                                    "Worker Number": 0,
                                    "Actual Startup Time": 218.385,
                                    "Actual Total Time": 218.389,
                                    "Actual Rows": 1,
                                    "Actual Loops": 1
                                },
                                {
                                    "Worker Number": 1,
                                    "Actual Startup Time": 218.383,
                                    "Actual Total Time": 218.385,
                                    "Actual Rows": 1,
                                    "Actual Loops": 1
                                },
                                {
                                    "Worker Number": 2,
                                    "Actual Startup Time": 219.307,
                                    "Actual Total Time": 219.31,
                                    "Actual Rows": 1,
                                    "Actual Loops": 1
                                },
                                {
                                    "Worker Number": 3,
                                    "Actual Startup Time": 219.431,
                                    "Actual Total Time": 219.435,
                                    "Actual Rows": 1,
                                    "Actual Loops": 1
                                }
                            ],
                            "Plans": [
                                {
                                    "Node Type": "Hash Join",
                                    "Parent Relationship": "Outer",
                                    "Parallel Aware": true,
                                    "Join Type": "Inner",
                                    "Startup Cost": 27086.86,
                                    "Total Cost": 73866.88,
                                    "Plan Rows": 32656,
                                    "Plan Width": 0,
                                    "Actual Startup Time": 83.119,
                                    "Actual Total Time": 220.04,
                                    "Actual Rows": 12395,
                                    "Actual Loops": 5,
                                    "Inner Unique": false,
                                    "Hash Cond": "(t.id = mc.movie_id)",
                                    "Workers": [
                                        {
                                            "Worker Number": 0,
                                            "Actual Startup Time": 80.495,
                                            "Actual Total Time": 217.201,
                                            "Actual Rows": 9175,
                                            "Actual Loops": 1
                                        },
                                        {
                                            "Worker Number": 1,
                                            "Actual Startup Time": 80.444,
                                            "Actual Total Time": 217.358,
                                            "Actual Rows": 13114,
                                            "Actual Loops": 1
                                        },
                                        {
                                            "Worker Number": 2,
                                            "Actual Startup Time": 81.369,
                                            "Actual Total Time": 218.309,
                                            "Actual Rows": 13840,
                                            "Actual Loops": 1
                                        },
                                        {
                                            "Worker Number": 3,
                                            "Actual Startup Time": 81.503,
                                            "Actual Total Time": 218.365,
                                            "Actual Rows": 8032,
                                            "Actual Loops": 1
                                        }
                                    ],
                                    "Plans": [
                                        {
                                            "Node Type": "Seq Scan",
                                            "Parent Relationship": "Outer",
                                            "Parallel Aware": true,
                                            "Relation Name": "title",
                                            "Schema": "public",
                                            "Alias": "t",
                                            "Startup Cost": 0.0,
                                            "Total Cost": 43899.01,
                                            "Plan Rows": 555134,
                                            "Plan Width": 4,
                                            "Actual Startup Time": 0.009,
                                            "Actual Total Time": 82.511,
                                            "Actual Rows": 444914,
                                            "Actual Loops": 5,
                                            "Output": [
                                                "t.id",
                                                "t.title",
                                                "t.imdb_index",
                                                "t.kind_id",
                                                "t.production_year",
                                                "t.imdb_id",
                                                "t.phonetic_code",
                                                "t.episode_of_id",
                                                "t.season_nr",
                                                "t.episode_nr",
                                                "t.series_years",
                                                "t.md5sum"
                                            ],
                                            "Filter": "(t.production_year < 2012)",
                                            "Rows Removed by Filter": 60749,
                                            "Workers": [
                                                {
                                                    "Worker Number": 0,
                                                    "Actual Startup Time": 0.01,
                                                    "Actual Total Time": 85.023,
                                                    "Actual Rows": 332948,
                                                    "Actual Loops": 1
                                                },
                                                {
                                                    "Worker Number": 1,
                                                    "Actual Startup Time": 0.007,
                                                    "Actual Total Time": 82.956,
                                                    "Actual Rows": 476342,
                                                    "Actual Loops": 1
                                                },
                                                {
                                                    "Worker Number": 2,
                                                    "Actual Startup Time": 0.011,
                                                    "Actual Total Time": 84.711,
                                                    "Actual Rows": 503540,
                                                    "Actual Loops": 1
                                                },
                                                {
                                                    "Worker Number": 3,
                                                    "Actual Startup Time": 0.009,
                                                    "Actual Total Time": 79.781,
                                                    "Actual Rows": 281994,
                                                    "Actual Loops": 1
                                                }
                                            ]
                                        },
                                        {
                                            "Node Type": "Hash",
                                            "Parent Relationship": "Inner",
                                            "Parallel Aware": true,
                                            "Startup Cost": 26487.14,
                                            "Total Cost": 26487.14,
                                            "Plan Rows": 47978,
                                            "Plan Width": 4,
                                            "Actual Startup Time": 81.272,
                                            "Actual Total Time": 81.273,
                                            "Actual Rows": 13062,
                                            "Actual Loops": 5,
                                            "Output": [
                                                "mc.movie_id"
                                            ],
                                            "Hash Buckets": 262144,
                                            "Original Hash Buckets": 262144,
                                            "Hash Batches": 1,
                                            "Original Hash Batches": 1,
                                            "Peak Memory Usage": 4672,
                                            "Workers": [
                                                {
                                                    "Worker Number": 0,
                                                    "Actual Startup Time": 79.992,
                                                    "Actual Total Time": 79.993,
                                                    "Actual Rows": 10622,
                                                    "Actual Loops": 1
                                                },
                                                {
                                                    "Worker Number": 1,
                                                    "Actual Startup Time": 80.023,
                                                    "Actual Total Time": 80.024,
                                                    "Actual Rows": 11881,
                                                    "Actual Loops": 1
                                                },
                                                {
                                                    "Worker Number": 2,
                                                    "Actual Startup Time": 80.915,
                                                    "Actual Total Time": 80.916,
                                                    "Actual Rows": 10876,
                                                    "Actual Loops": 1
                                                },
                                                {
                                                    "Worker Number": 3,
                                                    "Actual Startup Time": 81.04,
                                                    "Actual Total Time": 81.041,
                                                    "Actual Rows": 9858,
                                                    "Actual Loops": 1
                                                }
                                            ],
                                            "Plans": [
                                                {
                                                    "Node Type": "Bitmap Heap Scan",
                                                    "Parent Relationship": "Outer",
                                                    "Parallel Aware": true,
                                                    "Relation Name": "movie_companies",
                                                    "Schema": "public",
                                                    "Alias": "mc",
                                                    "Startup Cost": 6285.56,
                                                    "Total Cost": 26487.14,
                                                    "Plan Rows": 47978,
                                                    "Plan Width": 4,
                                                    "Actual Startup Time": 64.697,
                                                    "Actual Total Time": 76.695,
                                                    "Actual Rows": 13062,
                                                    "Actual Loops": 5,
                                                    "Output": [
                                                        "mc.movie_id"
                                                    ],
                                                    "Recheck Cond": "(mc.company_id < 159)",
                                                    "Rows Removed by Index Recheck": 0,
                                                    "Filter": "(mc.company_type_id > 1)",
                                                    "Rows Removed by Filter": 44002,
                                                    "Exact Heap Blocks": 8939,
                                                    "Lossy Heap Blocks": 0,
                                                    "Workers": [
                                                        {
                                                            "Worker Number": 0,
                                                            "Actual Startup Time": 63.44,
                                                            "Actual Total Time": 75.75,
                                                            "Actual Rows": 10622,
                                                            "Actual Loops": 1
                                                        },
                                                        {
                                                            "Worker Number": 1,
                                                            "Actual Startup Time": 63.454,
                                                            "Actual Total Time": 75.264,
                                                            "Actual Rows": 11881,
                                                            "Actual Loops": 1
                                                        },
                                                        {
                                                            "Worker Number": 2,
                                                            "Actual Startup Time": 64.318,
                                                            "Actual Total Time": 76.831,
                                                            "Actual Rows": 10876,
                                                            "Actual Loops": 1
                                                        },
                                                        {
                                                            "Worker Number": 3,
                                                            "Actual Startup Time": 64.418,
                                                            "Actual Total Time": 76.569,
                                                            "Actual Rows": 9858,
                                                            "Actual Loops": 1
                                                        }
                                                    ],
                                                    "Plans": [
                                                        {
                                                            "Node Type": "Bitmap Index Scan",
                                                            "Parent Relationship": "Outer",
                                                            "Parallel Aware": false,
                                                            "Index Name": "company_id_movie_companies",
                                                            "Startup Cost": 0.0,
                                                            "Total Cost": 6248.38,
                                                            "Plan Rows": 291726,
                                                            "Plan Width": 0,
                                                            "Actual Startup Time": 29.964,
                                                            "Actual Total Time": 29.964,
                                                            "Actual Rows": 285317,
                                                            "Actual Loops": 1,
                                                            "Index Cond": "(mc.company_id < 159)"
                                                        }
                                                    ]
                                                }
                                            ]
                                        }
                                    ]
                                }
                            ]
                        }
                    ]
                }
            ]
        },
        "Planning Time": 517.619,
        "Triggers": [],
        "Execution Time": 240.38
    }
]