[
  {
    "Plan": {
      "Node Type": "Aggregate",
      "Strategy": "Plain",
      "Partial Mode": "Finalize",
      "Parallel Aware": false,
      "Startup Cost": 80571.15,
      "Total Cost": 80571.16,
      "Plan Rows": 1,
      "Plan Width": 8,
      "Actual Startup Time": 285.93,
      "Actual Total Time": 296.987,
      "Actual Rows": 1,
      "Actual Loops": 1,
      "Plans": [
        {
          "Node Type": "Gather",
          "Parent Relationship": "Outer",
          "Parallel Aware": false,
          "Startup Cost": 80570.83,
          "Total Cost": 80571.14,
          "Plan Rows": 3,
          "Plan Width": 8,
          "Actual Startup Time": 282.563,
          "Actual Total Time": 296.978,
          "Actual Rows": 4,
          "Actual Loops": 1,
          "Workers Planned": 3,
          "Workers Launched": 3,
          "Single Copy": false,
          "Plans": [
            {
              "Node Type": "Aggregate",
              "Strategy": "Plain",
              "Partial Mode": "Partial",
              "Parent Relationship": "Outer",
              "Parallel Aware": false,
              "Startup Cost": 79570.83,
              "Total Cost": 79570.84,
              "Plan Rows": 1,
              "Plan Width": 8,
              "Actual Startup Time": 278.72,
              "Actual Total Time": 278.723,
              "Actual Rows": 1,
              "Actual Loops": 4,
              "Plans": [
                {
                  "Node Type": "Hash Join",
                  "Parent Relationship": "Outer",
                  "Parallel Aware": true,
                  "Join Type": "Inner",
                  "Startup Cost": 47009.89,
                  "Total Cost": 79258.26,
                  "Plan Rows": 125027,
                  "Plan Width": 0,
                  "Actual Startup Time": 157.084,
                  "Actual Total Time": 270.528,
                  "Actual Rows": 194008,
                  "Actual Loops": 4,
                  "Inner Unique": true,
                  "Hash Cond": "(mc.movie_id = t.id)",
                  "Plans": [
                    {
                      "Node Type": "Seq Scan",
                      "Parent Relationship": "Outer",
                      "Parallel Aware": true,
                      "Relation Name": "movie_companies",
                      "Alias": "mc",
                      "Startup Cost": 0.0,
                      "Total Cost": 31414.82,
                      "Plan Rows": 317543,
                      "Plan Width": 4,
                      "Actual Startup Time": 0.156,
                      "Actual Total Time": 59.522,
                      "Actual Rows": 210867,
                      "Actual Loops": 4,
                      "Filter": "((company_id > 687) AND (company_type_id = 1))",
                      "Rows Removed by Filter": 441416
                    },
                    {
                      "Node Type": "Hash",
                      "Parent Relationship": "Inner",
                      "Parallel Aware": true,
                      "Startup Cost": 43899.01,
                      "Total Cost": 43899.01,
                      "Plan Rows": 248871,
                      "Plan Width": 4,
                      "Actual Startup Time": 154.041,
                      "Actual Total Time": 154.042,
                      "Actual Rows": 246262,
                      "Actual Loops": 4,
                      "Hash Buckets": 1048576,
                      "Original Hash Buckets": 1048576,
                      "Hash Batches": 1,
                      "Original Hash Batches": 1,
                      "Peak Memory Usage": 46784,
                      "Plans": [
                        {
                          "Node Type": "Seq Scan",
                          "Parent Relationship": "Outer",
                          "Parallel Aware": true,
                          "Relation Name": "title",
                          "Alias": "t",
                          "Startup Cost": 0.0,
                          "Total Cost": 43899.01,
                          "Plan Rows": 248871,
                          "Plan Width": 4,
                          "Actual Startup Time": 0.023,
                          "Actual Total Time": 82.665,
                          "Actual Rows": 246262,
                          "Actual Loops": 4,
                          "Filter": "(kind_id < 7)",
                          "Rows Removed by Filter": 385816
                        }
                      ]
                    }
                  ]
                }
              ]
            }
          ]
        }
      ]
    },
    "Planning Time": 0.232,
    "Triggers": [],
    "Execution Time": 297.015
  }
]