[
  {
    "Plan": {
      "Node Type": "Aggregate",
      "Strategy": "Plain",
      "Partial Mode": "Finalize",
      "Parallel Aware": false,
      "Startup Cost": 33120.98,
      "Total Cost": 33120.99,
      "Plan Rows": 1,
      "Plan Width": 8,
      "Actual Startup Time": 101.72,
      "Actual Total Time": 109.571,
      "Actual Rows": 1,
      "Actual Loops": 1,
      "Plans": [
        {
          "Node Type": "Gather",
          "Parent Relationship": "Outer",
          "Parallel Aware": false,
          "Startup Cost": 33120.66,
          "Total Cost": 33120.97,
          "Plan Rows": 3,
          "Plan Width": 8,
          "Actual Startup Time": 101.588,
          "Actual Total Time": 109.561,
          "Actual Rows": 4,
          "Actual Loops": 1,
          "Workers Planned": 3,
          "Workers Launched": 3,
          "Single Copy": false,
          "Plans": [
            {
              "Node Type": "Aggregate",
              "Strategy": "Plain",
              "Partial Mode": "Partial",
              "Parent Relationship": "Outer",
              "Parallel Aware": false,
              "Startup Cost": 32120.66,
              "Total Cost": 32120.67,
              "Plan Rows": 1,
              "Plan Width": 8,
              "Actual Startup Time": 96.106,
              "Actual Total Time": 96.107,
              "Actual Rows": 1,
              "Actual Loops": 4,
              "Plans": [
                {
                  "Node Type": "Seq Scan",
                  "Parent Relationship": "Outer",
                  "Parallel Aware": true,
                  "Relation Name": "movie_companies",
                  "Alias": "mc",
                  "Startup Cost": 0.0,
                  "Total Cost": 31414.82,
                  "Plan Rows": 282337,
                  "Plan Width": 0,
                  "Actual Startup Time": 0.026,
                  "Actual Total Time": 80.226,
                  "Actual Rows": 299726,
                  "Actual Loops": 4,
                  "Filter": "((company_id < 29485) AND (company_type_id = 1))",
                  "Rows Removed by Filter": 352556
                }
              ]
            }
          ]
        }
      ]
    },
    "Planning Time": 0.19,
    "Triggers": [],
    "Execution Time": 109.619
  }
]