[
  {
    "Plan": {
      "Node Type": "Aggregate",
      "Strategy": "Plain",
      "Partial Mode": "Finalize",
      "Parallel Aware": false,
      "Startup Cost": 33135.8,
      "Total Cost": 33135.81,
      "Plan Rows": 1,
      "Plan Width": 8,
      "Actual Startup Time": 122.593,
      "Actual Total Time": 131.657,
      "Actual Rows": 1,
      "Actual Loops": 1,
      "Plans": [
        {
          "Node Type": "Gather",
          "Parent Relationship": "Outer",
          "Parallel Aware": false,
          "Startup Cost": 33135.48,
          "Total Cost": 33135.79,
          "Plan Rows": 3,
          "Plan Width": 8,
          "Actual Startup Time": 122.467,
          "Actual Total Time": 131.647,
          "Actual Rows": 4,
          "Actual Loops": 1,
          "Workers Planned": 3,
          "Workers Launched": 3,
          "Single Copy": false,
          "Plans": [
            {
              "Node Type": "Aggregate",
              "Strategy": "Plain",
              "Partial Mode": "Partial",
              "Parent Relationship": "Outer",
              "Parallel Aware": false,
              "Startup Cost": 32135.48,
              "Total Cost": 32135.49,
              "Plan Rows": 1,
              "Plan Width": 8,
              "Actual Startup Time": 113.852,
              "Actual Total Time": 113.853,
              "Actual Rows": 1,
              "Actual Loops": 4,
              "Plans": [
                {
                  "Node Type": "Seq Scan",
                  "Parent Relationship": "Outer",
                  "Parallel Aware": true,
                  "Relation Name": "movie_companies",
                  "Alias": "mc",
                  "Startup Cost": 0.0,
                  "Total Cost": 31414.82,
                  "Plan Rows": 288265,
                  "Plan Width": 0,
                  "Actual Startup Time": 0.06,
                  "Actual Total Time": 95.024,
                  "Actual Rows": 299726,
                  "Actual Loops": 4,
                  "Filter": "((company_id < 29485) AND (company_type_id = 1))",
                  "Rows Removed by Filter": 352556
                }
              ]
            }
          ]
        }
      ]
    },
    "Planning Time": 0.269,
    "Triggers": [],
    "Execution Time": 131.714
  }
]