[
  {
    "Plan": {
      "Node Type": "Aggregate",
      "Strategy": "Plain",
      "Partial Mode": "Finalize",
      "Parallel Aware": false,
      "Startup Cost": 29083.54,
      "Total Cost": 29083.55,
      "Plan Rows": 1,
      "Plan Width": 8,
      "Actual Startup Time": 85.443,
      "Actual Total Time": 89.591,
      "Actual Rows": 1,
      "Actual Loops": 1,
      "Plans": [
        {
          "Node Type": "Gather",
          "Parent Relationship": "Outer",
          "Parallel Aware": false,
          "Startup Cost": 29083.22,
          "Total Cost": 29083.53,
          "Plan Rows": 3,
          "Plan Width": 8,
          "Actual Startup Time": 85.276,
          "Actual Total Time": 89.581,
          "Actual Rows": 4,
          "Actual Loops": 1,
          "Workers Planned": 3,
          "Workers Launched": 3,
          "Single Copy": false,
          "Plans": [
            {
              "Node Type": "Aggregate",
              "Strategy": "Plain",
              "Partial Mode": "Partial",
              "Parent Relationship": "Outer",
              "Parallel Aware": false,
              "Startup Cost": 28083.22,
              "Total Cost": 28083.23,
              "Plan Rows": 1,
              "Plan Width": 8,
              "Actual Startup Time": 78.77,
              "Actual Total Time": 78.771,
              "Actual Rows": 1,
              "Actual Loops": 4,
              "Plans": [
                {
                  "Node Type": "Bitmap Heap Scan",
                  "Parent Relationship": "Outer",
                  "Parallel Aware": true,
                  "Relation Name": "movie_companies",
                  "Alias": "mc",
                  "Startup Cost": 7473.27,
                  "Total Cost": 27941.23,
                  "Plan Rows": 56797,
                  "Plan Width": 0,
                  "Actual Startup Time": 31.317,
                  "Actual Total Time": 71.798,
                  "Actual Rows": 87297,
                  "Actual Loops": 4,
                  "Recheck Cond": "(company_id > 88356)",
                  "Rows Removed by Index Recheck": 0,
                  "Filter": "(company_type_id = 2)",
                  "Rows Removed by Filter": 0,
                  "Exact Heap Blocks": 2232,
                  "Lossy Heap Blocks": 0,
                  "Plans": [
                    {
                      "Node Type": "Bitmap Index Scan",
                      "Parent Relationship": "Outer",
                      "Parallel Aware": false,
                      "Index Name": "company_id_movie_companies",
                      "Startup Cost": 0.0,
                      "Total Cost": 7429.26,
                      "Plan Rows": 346777,
                      "Plan Width": 0,
                      "Actual Startup Time": 35.844,
                      "Actual Total Time": 35.845,
                      "Actual Rows": 349188,
                      "Actual Loops": 1,
                      "Index Cond": "(company_id > 88356)"
                    }
                  ]
                }
              ]
            }
          ]
        }
      ]
    },
    "Planning Time": 0.209,
    "Triggers": [],
    "Execution Time": 89.664
  }
]