[
  {
    "Plan": {
      "Node Type": "Aggregate",
      "Strategy": "Plain",
      "Partial Mode": "Finalize",
      "Parallel Aware": false,
      "Startup Cost": 33060.33,
      "Total Cost": 33060.34,
      "Plan Rows": 1,
      "Plan Width": 8,
      "Actual Startup Time": 81.386,
      "Actual Total Time": 88.433,
      "Actual Rows": 1,
      "Actual Loops": 1,
      "Plans": [
        {
          "Node Type": "Gather",
          "Parent Relationship": "Outer",
          "Parallel Aware": false,
          "Startup Cost": 33060.02,
          "Total Cost": 33060.33,
          "Plan Rows": 3,
          "Plan Width": 8,
          "Actual Startup Time": 81.258,
          "Actual Total Time": 88.424,
          "Actual Rows": 4,
          "Actual Loops": 1,
          "Workers Planned": 3,
          "Workers Launched": 3,
          "Single Copy": false,
          "Plans": [
            {
              "Node Type": "Aggregate",
              "Strategy": "Plain",
              "Partial Mode": "Partial",
              "Parent Relationship": "Outer",
              "Parallel Aware": false,
              "Startup Cost": 32060.02,
              "Total Cost": 32060.03,
              "Plan Rows": 1,
              "Plan Width": 8,
              "Actual Startup Time": 76.001,
              "Actual Total Time": 76.002,
              "Actual Rows": 1,
              "Actual Loops": 4,
              "Plans": [
                {
                  "Node Type": "Seq Scan",
                  "Parent Relationship": "Outer",
                  "Parallel Aware": true,
                  "Relation Name": "movie_companies",
                  "Alias": "mc",
                  "Startup Cost": 0.0,
                  "Total Cost": 31414.82,
                  "Plan Rows": 258079,
                  "Plan Width": 0,
                  "Actual Startup Time": 2.549,
                  "Actual Total Time": 69.024,
                  "Actual Rows": 147817,
                  "Actual Loops": 4,
                  "Filter": "((company_id > 4226) AND (company_type_id = 1))",
                  "Rows Removed by Filter": 504465
                }
              ]
            }
          ]
        }
      ]
    },
    "Planning Time": 0.222,
    "Triggers": [],
    "Execution Time": 88.498
  }
]