[
  {
    "Plan": {
      "Node Type": "Aggregate",
      "Strategy": "Plain",
      "Partial Mode": "Finalize",
      "Parallel Aware": false,
      "Startup Cost": 157433.6,
      "Total Cost": 157433.61,
      "Plan Rows": 1,
      "Plan Width": 8,
      "Actual Startup Time": 354.923,
      "Actual Total Time": 373.287,
      "Actual Rows": 1,
      "Actual Loops": 1,
      "Plans": [
        {
          "Node Type": "Gather",
          "Parent Relationship": "Outer",
          "Parallel Aware": false,
          "Startup Cost": 157433.08,
          "Total Cost": 157433.59,
          "Plan Rows": 5,
          "Plan Width": 8,
          "Actual Startup Time": 352.913,
          "Actual Total Time": 373.279,
          "Actual Rows": 6,
          "Actual Loops": 1,
          "Workers Planned": 5,
          "Workers Launched": 5,
          "Single Copy": false,
          "Plans": [
            {
              "Node Type": "Aggregate",
              "Strategy": "Plain",
              "Partial Mode": "Partial",
              "Parent Relationship": "Outer",
              "Parallel Aware": false,
              "Startup Cost": 156433.08,
              "Total Cost": 156433.09,
              "Plan Rows": 1,
              "Plan Width": 8,
              "Actual Startup Time": 342.19,
              "Actual Total Time": 342.227,
              "Actual Rows": 1,
              "Actual Loops": 6,
              "Plans": [
                {
                  "Node Type": "Hash Join",
                  "Parent Relationship": "Outer",
                  "Parallel Aware": true,
                  "Join Type": "Inner",
                  "Startup Cost": 45817.66,
                  "Total Cost": 156346.52,
                  "Plan Rows": 34623,
                  "Plan Width": 0,
                  "Actual Startup Time": 101.121,
                  "Actual Total Time": 340.949,
                  "Actual Rows": 21872,
                  "Actual Loops": 6,
                  "Inner Unique": true,
                  "Hash Cond": "(ci.movie_id = t.id)",
                  "Plans": [
                    {
                      "Node Type": "Index Scan",
                      "Parent Relationship": "Outer",
                      "Parallel Aware": true,
                      "Scan Direction": "Forward",
                      "Index Name": "role_id_cast_info",
                      "Relation Name": "cast_info",
                      "Alias": "ci",
                      "Startup Cost": 0.56,
                      "Total Cost": 108404.92,
                      "Plan Rows": 809334,
                      "Plan Width": 4,
                      "Actual Startup Time": 0.247,
                      "Actual Total Time": 123.295,
                      "Actual Rows": 668006,
                      "Actual Loops": 6,
                      "Index Cond": "(role_id = 3)",
                      "Rows Removed by Index Recheck": 0
                    },
                    {
                      "Node Type": "Hash",
                      "Parent Relationship": "Inner",
                      "Parallel Aware": true,
                      "Startup Cost": 45479.1,
                      "Total Cost": 45479.1,
                      "Plan Rows": 27040,
                      "Plan Width": 4,
                      "Actual Startup Time": 99.071,
                      "Actual Total Time": 99.072,
                      "Actual Rows": 40674,
                      "Actual Loops": 6,
                      "Hash Buckets": 262144,
                      "Original Hash Buckets": 131072,
                      "Hash Batches": 1,
                      "Original Hash Batches": 1,
                      "Peak Memory Usage": 12704,
                      "Plans": [
                        {
                          "Node Type": "Seq Scan",
                          "Parent Relationship": "Outer",
                          "Parallel Aware": true,
                          "Relation Name": "title",
                          "Alias": "t",
                          "Startup Cost": 0.0,
                          "Total Cost": 45479.1,
                          "Plan Rows": 27040,
                          "Plan Width": 4,
                          "Actual Startup Time": 50.732,
                          "Actual Total Time": 82.268,
                          "Actual Rows": 40674,
                          "Actual Loops": 6,
                          "Filter": "((production_year < 1974) AND (kind_id = 1))",
                          "Rows Removed by Filter": 380712
                        }
                      ]
                    }
                  ]
                }
              ]
            }
          ]
        }
      ]
    },
    "Planning Time": 0.6,
    "Triggers": [],
    "Execution Time": 373.362
  }
]