[
  {
    "Plan": {
      "Node Type": "Aggregate",
      "Strategy": "Plain",
      "Partial Mode": "Simple",
      "Parallel Aware": false,
      "Startup Cost": 1786344.96,
      "Total Cost": 1786344.97,
      "Plan Rows": 1,
      "Plan Width": 64,
      "Actual Startup Time": 21003.78,
      "Actual Total Time": 21003.973,
      "Actual Rows": 1,
      "Actual Loops": 1,
      "Plans": [
        {
          "Node Type": "Merge Join",
          "Parent Relationship": "Outer",
          "Parallel Aware": false,
          "Join Type": "Inner",
          "Startup Cost": 1550770.31,
          "Total Cost": 1786340.98,
          "Plan Rows": 796,
          "Plan Width": 33,
          "Actual Startup Time": 18204.255,
          "Actual Total Time": 20982.332,
          "Actual Rows": 249455,
          "Actual Loops": 1,
          "Inner Unique": false,
          "Merge Cond": "(an.person_id = ci.person_id)",
          "Plans": [
            {
              "Node Type": "Merge Join",
              "Parent Relationship": "Outer",
              "Parallel Aware": false,
              "Join Type": "Inner",
              "Startup Cost": 15.43,
              "Total Cost": 271852.5,
              "Plan Rows": 901343,
              "Plan Width": 24,
              "Actual Startup Time": 0.145,
              "Actual Total Time": 2653.921,
              "Actual Rows": 772499,
              "Actual Loops": 1,
              "Inner Unique": true,
              "Merge Cond": "(an.person_id = n.id)",
              "Plans": [
                {
                  "Node Type": "Index Scan",
                  "Parent Relationship": "Outer",
                  "Parallel Aware": false,
                  "Scan Direction": "Forward",
                  "Index Name": "person_id_aka_name",
                  "Relation Name": "aka_name",
                  "Alias": "an",
                  "Startup Cost": 0.42,
                  "Total Cost": 72006.77,
                  "Plan Rows": 901343,
                  "Plan Width": 20,
                  "Actual Startup Time": 0.013,
                  "Actual Total Time": 430.0,
                  "Actual Rows": 772499,
                  "Actual Loops": 1
                },
                {
                  "Node Type": "Index Only Scan",
                  "Parent Relationship": "Inner",
                  "Parallel Aware": false,
                  "Scan Direction": "Forward",
                  "Index Name": "name_pkey",
                  "Relation Name": "name",
                  "Alias": "n",
                  "Startup Cost": 0.43,
                  "Total Cost": 178171.85,
                  "Plan Rows": 4167419,
                  "Plan Width": 4,
                  "Actual Startup Time": 0.056,
                  "Actual Total Time": 1892.375,
                  "Actual Rows": 4061498,
                  "Actual Loops": 1,
                  "Heap Fetches": 4061498
                }
              ]
            },
            {
              "Node Type": "Sort",
              "Parent Relationship": "Inner",
              "Parallel Aware": false,
              "Startup Cost": 1550719.61,
              "Total Cost": 1550720.44,
              "Plan Rows": 332,
              "Plan Width": 21,
              "Actual Startup Time": 18203.72,
              "Actual Total Time": 18252.491,
              "Actual Rows": 305053,
              "Actual Loops": 1,
              "Sort Key": [
                "ci.person_id"
              ],
              "Sort Method": "quicksort",
              "Sort Space Used": 19262,
              "Sort Space Type": "Memory",
              "Plans": [
                {
                  "Node Type": "Merge Join",
                  "Parent Relationship": "Outer",
                  "Parallel Aware": false,
                  "Join Type": "Inner",
                  "Startup Cost": 1426092.88,
                  "Total Cost": 1550705.71,
                  "Plan Rows": 332,
                  "Plan Width": 21,
                  "Actual Startup Time": 15938.149,
                  "Actual Total Time": 18156.37,
                  "Actual Rows": 169273,
                  "Actual Loops": 1,
                  "Inner Unique": false,
                  "Merge Cond": "(t.id = ci.movie_id)",
                  "Plans": [
                    {
                      "Node Type": "Index Scan",
                      "Parent Relationship": "Outer",
                      "Parallel Aware": false,
                      "Scan Direction": "Forward",
                      "Index Name": "title_pkey",
                      "Relation Name": "title",
                      "Alias": "t",
                      "Startup Cost": 0.43,
                      "Total Cost": 122990.13,
                      "Plan Rows": 691179,
                      "Plan Width": 21,
                      "Actual Startup Time": 0.101,
                      "Actual Total Time": 1682.329,
                      "Actual Rows": 691903,
                      "Actual Loops": 1,
                      "Filter": "((episode_nr >= 5) AND (episode_nr < 100))",
                      "Rows Removed by Filter": 1833705
                    },
                    {
                      "Node Type": "Sort",
                      "Parent Relationship": "Inner",
                      "Parallel Aware": false,
                      "Startup Cost": 1426089.57,
                      "Total Cost": 1426092.61,
                      "Plan Rows": 1215,
                      "Plan Width": 16,
                      "Actual Startup Time": 15917.868,
                      "Actual Total Time": 16249.222,
                      "Actual Rows": 2832555,
                      "Actual Loops": 1,
                      "Sort Key": [
                        "ci.movie_id"
                      ],
                      "Sort Method": "quicksort",
                      "Sort Space Used": 231081,
                      "Sort Space Type": "Memory",
                      "Plans": [
                        {
                          "Node Type": "Merge Join",
                          "Parent Relationship": "Outer",
                          "Parallel Aware": false,
                          "Join Type": "Inner",
                          "Startup Cost": 1413315.71,
                          "Total Cost": 1426027.32,
                          "Plan Rows": 1215,
                          "Plan Width": 16,
                          "Actual Startup Time": 13113.365,
                          "Actual Total Time": 15266.282,
                          "Actual Rows": 2832555,
                          "Actual Loops": 1,
                          "Inner Unique": false,
                          "Merge Cond": "(cn.id = mc.company_id)",
                          "Plans": [
                            {
                              "Node Type": "Index Scan",
                              "Parent Relationship": "Outer",
                              "Parallel Aware": false,
                              "Scan Direction": "Forward",
                              "Index Name": "company_name_pkey",
                              "Relation Name": "company_name",
                              "Alias": "cn",
                              "Startup Cost": 0.42,
                              "Total Cost": 12474.79,
                              "Plan Rows": 84928,
                              "Plan Width": 4,
                              "Actual Startup Time": 0.023,
                              "Actual Total Time": 209.178,
                              "Actual Rows": 84843,
                              "Actual Loops": 1,
                              "Filter": "((country_code)::text = '[us]'::text)",
                              "Rows Removed by Filter": 150154
                            },
                            {
                              "Node Type": "Sort",
                              "Parent Relationship": "Inner",
                              "Parallel Aware": false,
                              "Startup Cost": 1413315.28,
                              "Total Cost": 1413323.69,
                              "Plan Rows": 3362,
                              "Plan Width": 20,
                              "Actual Startup Time": 13113.332,
                              "Actual Total Time": 14220.944,
                              "Actual Rows": 7796926,
                              "Actual Loops": 1,
                              "Sort Key": [
                                "mc.company_id"
                              ],
                              "Sort Method": "quicksort",
                              "Sort Space Used": 805743,
                              "Sort Space Type": "Memory",
                              "Plans": [
                                {
                                  "Node Type": "Merge Join",
                                  "Parent Relationship": "Outer",
                                  "Parallel Aware": false,
                                  "Join Type": "Inner",
                                  "Startup Cost": 1235316.13,
                                  "Total Cost": 1413118.35,
                                  "Plan Rows": 3362,
                                  "Plan Width": 20,
                                  "Actual Startup Time": 4675.077,
                                  "Actual Total Time": 10408.176,
                                  "Actual Rows": 7796926,
                                  "Actual Loops": 1,
                                  "Inner Unique": false,
                                  "Merge Cond": "(ci.movie_id = mc.movie_id)",
                                  "Plans": [
                                    {
                                      "Node Type": "Gather Merge",
                                      "Parent Relationship": "Outer",
                                      "Parallel Aware": false,
                                      "Startup Cost": 1235315.7,
                                      "Total Cost": 1265677.94,
                                      "Plan Rows": 1255,
                                      "Plan Width": 12,
                                      "Actual Startup Time": 4672.897,
                                      "Actual Total Time": 6957.414,
                                      "Actual Rows": 1038381,
                                      "Actual Loops": 1,
                                      "Workers Planned": 6,
                                      "Workers Launched": 6,
                                      "Plans": [
                                        {
                                          "Node Type": "Merge Join",
                                          "Parent Relationship": "Outer",
                                          "Parallel Aware": false,
                                          "Join Type": "Inner",
                                          "Startup Cost": 1234315.61,
                                          "Total Cost": 1264525.31,
                                          "Plan Rows": 209,
                                          "Plan Width": 12,
                                          "Actual Startup Time": 4524.825,
                                          "Actual Total Time": 6981.332,
                                          "Actual Rows": 148342,
                                          "Actual Loops": 7,
                                          "Inner Unique": false,
                                          "Merge Cond": "(ci.movie_id = mk.movie_id)",
                                          "Plans": [
                                            {
                                              "Node Type": "Sort",
                                              "Parent Relationship": "Outer",
                                              "Parallel Aware": false,
                                              "Startup Cost": 993845.26,
                                              "Total Cost": 1008954.3,
                                              "Plan Rows": 6043616,
                                              "Plan Width": 8,
                                              "Actual Startup Time": 4138.015,
                                              "Actual Total Time": 5663.884,
                                              "Actual Rows": 5177568,
                                              "Actual Loops": 7,
                                              "Sort Key": [
                                                "ci.movie_id"
                                              ],
                                              "Sort Method": "quicksort",
                                              "Sort Space Used": 497880,
                                              "Sort Space Type": "Memory",
                                              "Workers": [
                                                {
                                                  "Worker Number": 0,
                                                  "Sort Method": "quicksort",
                                                  "Sort Space Used": 421175,
                                                  "Sort Space Type": "Memory"
                                                },
                                                {
                                                  "Worker Number": 1,
                                                  "Sort Method": "quicksort",
                                                  "Sort Space Used": 420794,
                                                  "Sort Space Type": "Memory"
                                                },
                                                {
                                                  "Worker Number": 2,
                                                  "Sort Method": "quicksort",
                                                  "Sort Space Used": 415260,
                                                  "Sort Space Type": "Memory"
                                                },
                                                {
                                                  "Worker Number": 3,
                                                  "Sort Method": "quicksort",
                                                  "Sort Space Used": 414678,
                                                  "Sort Space Type": "Memory"
                                                },
                                                {
                                                  "Worker Number": 4,
                                                  "Sort Method": "quicksort",
                                                  "Sort Space Used": 419958,
                                                  "Sort Space Type": "Memory"
                                                },
                                                {
                                                  "Worker Number": 5,
                                                  "Sort Method": "quicksort",
                                                  "Sort Space Used": 485468,
                                                  "Sort Space Type": "Memory"
                                                }
                                              ],
                                              "Plans": [
                                                {
                                                  "Node Type": "Seq Scan",
                                                  "Parent Relationship": "Outer",
                                                  "Parallel Aware": true,
                                                  "Relation Name": "cast_info",
                                                  "Alias": "ci",
                                                  "Startup Cost": 0.0,
                                                  "Total Cost": 313123.16,
                                                  "Plan Rows": 6043616,
                                                  "Plan Width": 8,
                                                  "Actual Startup Time": 0.079,
                                                  "Actual Total Time": 1432.221,
                                                  "Actual Rows": 5177763,
                                                  "Actual Loops": 7
                                                }
                                              ]
                                            },
                                            {
                                              "Node Type": "Sort",
                                              "Parent Relationship": "Inner",
                                              "Parallel Aware": false,
                                              "Startup Cost": 240463.55,
                                              "Total Cost": 240463.64,
                                              "Plan Rows": 34,
                                              "Plan Width": 4,
                                              "Actual Startup Time": 386.623,
                                              "Actual Total Time": 407.589,
                                              "Actual Rows": 158810,
                                              "Actual Loops": 7,
                                              "Sort Key": [
                                                "mk.movie_id"
                                              ],
                                              "Sort Method": "quicksort",
                                              "Sort Space Used": 3498,
                                              "Sort Space Type": "Memory",
                                              "Workers": [
                                                {
                                                  "Worker Number": 0,
                                                  "Sort Method": "quicksort",
                                                  "Sort Space Used": 3498,
                                                  "Sort Space Type": "Memory"
                                                },
                                                {
                                                  "Worker Number": 1,
                                                  "Sort Method": "quicksort",
                                                  "Sort Space Used": 3498,
                                                  "Sort Space Type": "Memory"
                                                },
                                                {
                                                  "Worker Number": 2,
                                                  "Sort Method": "quicksort",
                                                  "Sort Space Used": 3498,
                                                  "Sort Space Type": "Memory"
                                                },
                                                {
                                                  "Worker Number": 3,
                                                  "Sort Method": "quicksort",
                                                  "Sort Space Used": 3498,
                                                  "Sort Space Type": "Memory"
                                                },
                                                {
                                                  "Worker Number": 4,
                                                  "Sort Method": "quicksort",
                                                  "Sort Space Used": 3498,
                                                  "Sort Space Type": "Memory"
                                                },
                                                {
                                                  "Worker Number": 5,
                                                  "Sort Method": "quicksort",
                                                  "Sort Space Used": 3498,
                                                  "Sort Space Type": "Memory"
                                                }
                                              ],
                                              "Plans": [
                                                {
                                                  "Node Type": "Merge Join",
                                                  "Parent Relationship": "Outer",
                                                  "Parallel Aware": false,
                                                  "Join Type": "Inner",
                                                  "Startup Cost": 3271.69,
                                                  "Total Cost": 240462.69,
                                                  "Plan Rows": 34,
                                                  "Plan Width": 4,
                                                  "Actual Startup Time": 335.657,
                                                  "Actual Total Time": 375.699,
                                                  "Actual Rows": 41840,
                                                  "Actual Loops": 7,
                                                  "Inner Unique": true,
                                                  "Merge Cond": "(mk.keyword_id = k.id)",
                                                  "Plans": [
                                                    {
                                                      "Node Type": "Index Scan",
                                                      "Parent Relationship": "Outer",
                                                      "Parallel Aware": false,
                                                      "Scan Direction": "Forward",
                                                      "Index Name": "keyword_id_movie_keyword",
                                                      "Relation Name": "movie_keyword",
                                                      "Alias": "mk",
                                                      "Startup Cost": 0.43,
                                                      "Total Cost": 226526.38,
                                                      "Plan Rows": 4523930,
                                                      "Plan Width": 8,
                                                      "Actual Startup Time": 0.105,
                                                      "Actual Total Time": 334.055,
                                                      "Actual Rows": 163762,
                                                      "Actual Loops": 7
                                                    },
                                                    {
                                                      "Node Type": "Sort",
                                                      "Parent Relationship": "Inner",
                                                      "Parallel Aware": false,
                                                      "Startup Cost": 2626.14,
                                                      "Total Cost": 2626.14,
                                                      "Plan Rows": 1,
                                                      "Plan Width": 4,
                                                      "Actual Startup Time": 20.42,
                                                      "Actual Total Time": 20.422,
                                                      "Actual Rows": 1,
                                                      "Actual Loops": 7,
                                                      "Sort Key": [
                                                        "k.id"
                                                      ],
                                                      "Sort Method": "quicksort",
                                                      "Sort Space Used": 25,
                                                      "Sort Space Type": "Memory",
                                                      "Workers": [
                                                        {
                                                          "Worker Number": 0,
                                                          "Sort Method": "quicksort",
                                                          "Sort Space Used": 25,
                                                          "Sort Space Type": "Memory"
                                                        },
                                                        {
                                                          "Worker Number": 1,
                                                          "Sort Method": "quicksort",
                                                          "Sort Space Used": 25,
                                                          "Sort Space Type": "Memory"
                                                        },
                                                        {
                                                          "Worker Number": 2,
                                                          "Sort Method": "quicksort",
                                                          "Sort Space Used": 25,
                                                          "Sort Space Type": "Memory"
                                                        },
                                                        {
                                                          "Worker Number": 3,
                                                          "Sort Method": "quicksort",
                                                          "Sort Space Used": 25,
                                                          "Sort Space Type": "Memory"
                                                        },
                                                        {
                                                          "Worker Number": 4,
                                                          "Sort Method": "quicksort",
                                                          "Sort Space Used": 25,
                                                          "Sort Space Type": "Memory"
                                                        },
                                                        {
                                                          "Worker Number": 5,
                                                          "Sort Method": "quicksort",
                                                          "Sort Space Used": 25,
                                                          "Sort Space Type": "Memory"
                                                        }
                                                      ],
                                                      "Plans": [
                                                        {
                                                          "Node Type": "Seq Scan",
                                                          "Parent Relationship": "Outer",
                                                          "Parallel Aware": false,
                                                          "Relation Name": "keyword",
                                                          "Alias": "k",
                                                          "Startup Cost": 0.0,
                                                          "Total Cost": 2626.12,
                                                          "Plan Rows": 1,
                                                          "Plan Width": 4,
                                                          "Actual Startup Time": 1.137,
                                                          "Actual Total Time": 20.395,
                                                          "Actual Rows": 1,
                                                          "Actual Loops": 7,
                                                          "Filter": "(keyword = 'character-name-in-title'::text)",
                                                          "Rows Removed by Filter": 134169
                                                        }
                                                      ]
                                                    }
                                                  ]
                                                }
                                              ]
                                            }
                                          ]
                                        }
                                      ]
                                    },
                                    {
                                      "Node Type": "Index Scan",
                                      "Parent Relationship": "Inner",
                                      "Parallel Aware": false,
                                      "Scan Direction": "Forward",
                                      "Index Name": "movie_id_movie_companies",
                                      "Relation Name": "movie_companies",
                                      "Alias": "mc",
                                      "Startup Cost": 0.43,
                                      "Total Cost": 140880.84,
                                      "Plan Rows": 2609129,
                                      "Plan Width": 8,
                                      "Actual Startup Time": 0.05,
                                      "Actual Total Time": 2185.078,
                                      "Actual Rows": 10259851,
                                      "Actual Loops": 1
                                    }
                                  ]
                                }
                              ]
                            }
                          ]
                        }
                      ]
                    }
                  ]
                }
              ]
            }
          ]
        }
      ]
    },
    "Planning Time": 23.416,
    "Triggers": [],
    "Execution Time": 21104.014
  }
]