{
  "Plan": {
    "Node Type": "Aggregate",
    "Strategy": "Plain",
    "Partial Mode": "Finalize",
    "Parallel Aware": false,
    "Startup Cost": 99855.34,
    "Total Cost": 99855.35,
    "Plan Rows": 1,
    "Plan Width": 8,
    "Actual Startup Time": 619.096,
    "Actual Total Time": 638.071,
    "Actual Rows": 1,
    "Actual Loops": 1,
    "Plans": [
      {
        "Node Type": "Gather",
        "Parent Relationship": "Outer",
        "Parallel Aware": false,
        "Startup Cost": 99855.23,
        "Total Cost": 99855.34,
        "Plan Rows": 1,
        "Plan Width": 8,
        "Actual Startup Time": 612.692,
        "Actual Total Time": 638.063,
        "Actual Rows": 2,
        "Actual Loops": 1,
        "Workers Planned": 1,
        "Workers Launched": 1,
        "Single Copy": false,
        "Plans": [
          {
            "Node Type": "Aggregate",
            "Strategy": "Plain",
            "Partial Mode": "Partial",
            "Parent Relationship": "Outer",
            "Parallel Aware": false,
            "Startup Cost": 98855.23,
            "Total Cost": 98855.24,
            "Plan Rows": 1,
            "Plan Width": 8,
            "Actual Startup Time": 599.056,
            "Actual Total Time": 599.059,
            "Actual Rows": 1,
            "Actual Loops": 2,
            "Plans": [
              {
                "Node Type": "Hash Join",
                "Parent Relationship": "Outer",
                "Parallel Aware": true,
                "Join Type": "Inner",
                "Startup Cost": 72780.59,
                "Total Cost": 98625.35,
                "Plan Rows": 91951,
                "Plan Width": 0,
                "Actual Startup Time": 537.04,
                "Actual Total Time": 595.613,
                "Actual Rows": 75816,
                "Actual Loops": 2,
                "Inner Unique": true,
                "Hash Cond": "(mk.movie_id = t.id)",
                "Plans": [
                  {
                    "Node Type": "Bitmap Heap Scan",
                    "Parent Relationship": "Outer",
                    "Parallel Aware": true,
                    "Relation Name": "movie_keyword",
                    "Alias": "mk",
                    "Startup Cost": 3319.89,
                    "Total Cost": 28923.28,
                    "Plan Rows": 91951,
                    "Plan Width": 4,
                    "Actual Startup Time": 14.523,
                    "Actual Total Time": 50.685,
                    "Actual Rows": 75816,
                    "Actual Loops": 2,
                    "Recheck Cond": "(keyword_id > 73698)",
                    "Rows Removed by Index Recheck": 0,
                    "Exact Heap Blocks": 10911,
                    "Lossy Heap Blocks": 0,
                    "Plans": [
                      {
                        "Node Type": "Bitmap Index Scan",
                        "Parent Relationship": "Outer",
                        "Parallel Aware": false,
                        "Index Name": "keyword_id_movie_keyword",
                        "Startup Cost": 0.0,
                        "Total Cost": 3280.81,
                        "Plan Rows": 156317,
                        "Plan Width": 0,
                        "Actual Startup Time": 11.697,
                        "Actual Total Time": 11.698,
                        "Actual Rows": 151633,
                        "Actual Loops": 1,
                        "Index Cond": "(keyword_id > 73698)"
                      }
                    ]
                  },
                  {
                    "Node Type": "Hash",
                    "Parent Relationship": "Inner",
                    "Parallel Aware": true,
                    "Startup Cost": 50870.31,
                    "Total Cost": 50870.31,
                    "Plan Rows": 1487231,
                    "Plan Width": 4,
                    "Actual Startup Time": 499.486,
                    "Actual Total Time": 499.486,
                    "Actual Rows": 1264156,
                    "Actual Loops": 2,
                    "Hash Buckets": 4194304,
                    "Original Hash Buckets": 4194304,
                    "Hash Batches": 1,
                    "Original Hash Batches": 1,
                    "Peak Memory Usage": 131712,
                    "Plans": [
                      {
                        "Node Type": "Seq Scan",
                        "Parent Relationship": "Outer",
                        "Parallel Aware": true,
                        "Relation Name": "title",
                        "Alias": "t",
                        "Startup Cost": 0.0,
                        "Total Cost": 50870.31,
                        "Plan Rows": 1487231,
                        "Plan Width": 4,
                        "Actual Startup Time": 0.026,
                        "Actual Total Time": 154.714,
                        "Actual Rows": 1264156,
                        "Actual Loops": 2
                      }
                    ]
                  }
                ]
              }
            ]
          }
        ]
      }
    ]
  },
  "Planning Time": 0.697,
  "Triggers": [],
  "Execution Time": 638.16
}