[
  {
    "Plan": {
      "Node Type": "Aggregate",
      "Strategy": "Plain",
      "Partial Mode": "Finalize",
      "Parallel Aware": false,
      "Startup Cost": 33405.32,
      "Total Cost": 33405.33,
      "Plan Rows": 1,
      "Plan Width": 8,
      "Actual Startup Time": 79.865,
      "Actual Total Time": 83.204,
      "Actual Rows": 1,
      "Actual Loops": 1,
      "Plans": [
        {
          "Node Type": "Gather",
          "Parent Relationship": "Outer",
          "Parallel Aware": false,
          "Startup Cost": 33405.0,
          "Total Cost": 33405.31,
          "Plan Rows": 3,
          "Plan Width": 8,
          "Actual Startup Time": 79.797,
          "Actual Total Time": 83.199,
          "Actual Rows": 4,
          "Actual Loops": 1,
          "Workers Planned": 3,
          "Workers Launched": 3,
          "Single Copy": false,
          "Plans": [
            {
              "Node Type": "Aggregate",
              "Strategy": "Plain",
              "Partial Mode": "Partial",
              "Parent Relationship": "Outer",
              "Parallel Aware": false,
              "Startup Cost": 32405.0,
              "Total Cost": 32405.01,
              "Plan Rows": 1,
              "Plan Width": 8,
              "Actual Startup Time": 76.842,
              "Actual Total Time": 76.842,
              "Actual Rows": 1,
              "Actual Loops": 4,
              "Plans": [
                {
                  "Node Type": "Seq Scan",
                  "Parent Relationship": "Outer",
                  "Parallel Aware": true,
                  "Relation Name": "movie_companies",
                  "Alias": "mc",
                  "Startup Cost": 0.0,
                  "Total Cost": 31414.82,
                  "Plan Rows": 396073,
                  "Plan Width": 0,
                  "Actual Startup Time": 32.572,
                  "Actual Total Time": 65.458,
                  "Actual Rows": 282572,
                  "Actual Loops": 4,
                  "Filter": "((company_id < 112093) AND (company_type_id = 2))",
                  "Rows Removed by Filter": 369710
                }
              ]
            }
          ]
        }
      ]
    },
    "Planning Time": 0.136,
    "Triggers": [],
    "Execution Time": 83.238
  }
]