[
  {
    "Plan": {
      "Node Type": "Aggregate",
      "Strategy": "Plain",
      "Partial Mode": "Finalize",
      "Parallel Aware": false,
      "Startup Cost": 46886.5,
      "Total Cost": 46886.51,
      "Plan Rows": 1,
      "Plan Width": 8,
      "Actual Startup Time": 150.048,
      "Actual Total Time": 157.156,
      "Actual Rows": 1,
      "Actual Loops": 1,
      "Plans": [
        {
          "Node Type": "Gather",
          "Parent Relationship": "Outer",
          "Parallel Aware": false,
          "Startup Cost": 46886.19,
          "Total Cost": 46886.5,
          "Plan Rows": 3,
          "Plan Width": 8,
          "Actual Startup Time": 149.973,
          "Actual Total Time": 157.151,
          "Actual Rows": 4,
          "Actual Loops": 1,
          "Workers Planned": 3,
          "Workers Launched": 3,
          "Single Copy": false,
          "Plans": [
            {
              "Node Type": "Aggregate",
              "Strategy": "Plain",
              "Partial Mode": "Partial",
              "Parent Relationship": "Outer",
              "Parallel Aware": false,
              "Startup Cost": 45886.19,
              "Total Cost": 45886.2,
              "Plan Rows": 1,
              "Plan Width": 8,
              "Actual Startup Time": 147.035,
              "Actual Total Time": 147.035,
              "Actual Rows": 1,
              "Actual Loops": 4,
              "Plans": [
                {
                  "Node Type": "Seq Scan",
                  "Parent Relationship": "Outer",
                  "Parallel Aware": true,
                  "Relation Name": "movie_keyword",
                  "Alias": "mk",
                  "Startup Cost": 0.0,
                  "Total Cost": 42695.65,
                  "Plan Rows": 1276213,
                  "Plan Width": 0,
                  "Actual Startup Time": 0.018,
                  "Actual Total Time": 105.07,
                  "Actual Rows": 990414,
                  "Actual Loops": 4,
                  "Filter": "(keyword_id < 32665)",
                  "Rows Removed by Filter": 140568
                }
              ]
            }
          ]
        }
      ]
    },
    "Planning Time": 0.096,
    "Triggers": [],
    "Execution Time": 157.186
  }
]