[
    {
        "Bao": {
            "Bao prediction": 283.673,
            "Bao recommended hint": "(no hint)"
        }
    },
    {
        "Plan": {
            "Node Type": "Aggregate",
            "Strategy": "Plain",
            "Partial Mode": "Simple",
            "Parallel Aware": false,
            "Startup Cost": 4917.79,
            "Total Cost": 4917.8,
            "Plan Rows": 1,
            "Plan Width": 64,
            "Actual Startup Time": 76.226,
            "Actual Total Time": 76.233,
            "Actual Rows": 1,
            "Actual Loops": 1,
            "Output": [
                "min(mi_idx.info)",
                "min(t.title)"
            ],
            "Plans": [
                {
                    "Node Type": "Nested Loop",
                    "Parent Relationship": "Outer",
                    "Parallel Aware": false,
                    "Join Type": "Inner",
                    "Startup Cost": 12.09,
                    "Total Cost": 4917.79,
                    "Plan Rows": 1,
                    "Plan Width": 22,
                    "Actual Startup Time": 61.164,
                    "Actual Total Time": 76.22,
                    "Actual Rows": 1,
                    "Actual Loops": 1,
                    "Output": [
                        "mi_idx.info",
                        "t.title"
                    ],
                    "Inner Unique": true,
                    "Join Filter": "(t.kind_id = kt.id)",
                    "Rows Removed by Join Filter": 0,
                    "Plans": [
                        {
                            "Node Type": "Nested Loop",
                            "Parent Relationship": "Outer",
                            "Parallel Aware": false,
                            "Join Type": "Inner",
                            "Startup Cost": 12.09,
                            "Total Cost": 4916.69,
                            "Plan Rows": 1,
                            "Plan Width": 26,
                            "Actual Startup Time": 61.154,
                            "Actual Total Time": 76.21,
                            "Actual Rows": 1,
                            "Actual Loops": 1,
                            "Output": [
                                "mi_idx.info",
                                "t.title",
                                "t.kind_id"
                            ],
                            "Inner Unique": true,
                            "Join Filter": "(mi_idx.info_type_id = it2.id)",
                            "Rows Removed by Join Filter": 1,
                            "Plans": [
                                {
                                    "Node Type": "Nested Loop",
                                    "Parent Relationship": "Outer",
                                    "Parallel Aware": false,
                                    "Join Type": "Inner",
                                    "Startup Cost": 12.09,
                                    "Total Cost": 4914.26,
                                    "Plan Rows": 1,
                                    "Plan Width": 30,
                                    "Actual Startup Time": 61.126,
                                    "Actual Total Time": 76.182,
                                    "Actual Rows": 2,
                                    "Actual Loops": 1,
                                    "Output": [
                                        "mi_idx.info",
                                        "mi_idx.info_type_id",
                                        "t.title",
                                        "t.kind_id"
                                    ],
                                    "Inner Unique": false,
                                    "Join Filter": "(t.id = mi_idx.movie_id)",
                                    "Rows Removed by Join Filter": 0,
                                    "Plans": [
                                        {
                                            "Node Type": "Nested Loop",
                                            "Parent Relationship": "Outer",
                                            "Parallel Aware": false,
                                            "Join Type": "Inner",
                                            "Startup Cost": 11.66,
                                            "Total Cost": 4913.74,
                                            "Plan Rows": 1,
                                            "Plan Width": 33,
                                            "Actual Startup Time": 61.073,
                                            "Actual Total Time": 76.126,
                                            "Actual Rows": 1,
                                            "Actual Loops": 1,
                                            "Output": [
                                                "mi.movie_id",
                                                "mk.movie_id",
                                                "t.title",
                                                "t.kind_id",
                                                "t.id"
                                            ],
                                            "Inner Unique": true,
                                            "Join Filter": "(mi.info_type_id = it1.id)",
                                            "Rows Removed by Join Filter": 1,
                                            "Plans": [
                                                {
                                                    "Node Type": "Nested Loop",
                                                    "Parent Relationship": "Outer",
                                                    "Parallel Aware": false,
                                                    "Join Type": "Inner",
                                                    "Startup Cost": 11.66,
                                                    "Total Cost": 4911.31,
                                                    "Plan Rows": 1,
                                                    "Plan Width": 37,
                                                    "Actual Startup Time": 61.059,
                                                    "Actual Total Time": 76.097,
                                                    "Actual Rows": 2,
                                                    "Actual Loops": 1,
                                                    "Output": [
                                                        "mk.movie_id",
                                                        "mi.movie_id",
                                                        "mi.info_type_id",
                                                        "t.title",
                                                        "t.kind_id",
                                                        "t.id"
                                                    ],
                                                    "Inner Unique": false,
                                                    "Join Filter": "(t.id = mi.movie_id)",
                                                    "Rows Removed by Join Filter": 0,
                                                    "Plans": [
                                                        {
                                                            "Node Type": "Nested Loop",
                                                            "Parent Relationship": "Outer",
                                                            "Parallel Aware": false,
                                                            "Join Type": "Inner",
                                                            "Startup Cost": 11.23,
                                                            "Total Cost": 4909.4,
                                                            "Plan Rows": 1,
                                                            "Plan Width": 29,
                                                            "Actual Startup Time": 60.82,
                                                            "Actual Total Time": 75.844,
                                                            "Actual Rows": 1,
                                                            "Actual Loops": 1,
                                                            "Output": [
                                                                "mk.movie_id",
                                                                "t.title",
                                                                "t.kind_id",
                                                                "t.id"
                                                            ],
                                                            "Inner Unique": true,
                                                            "Plans": [
                                                                {
                                                                    "Node Type": "Nested Loop",
                                                                    "Parent Relationship": "Outer",
                                                                    "Parallel Aware": false,
                                                                    "Join Type": "Inner",
                                                                    "Startup Cost": 10.8,
                                                                    "Total Cost": 4876.08,
                                                                    "Plan Rows": 67,
                                                                    "Plan Width": 4,
                                                                    "Actual Startup Time": 3.142,
                                                                    "Actual Total Time": 38.189,
                                                                    "Actual Rows": 2375,
                                                                    "Actual Loops": 1,
                                                                    "Output": [
                                                                        "mk.movie_id"
                                                                    ],
                                                                    "Inner Unique": false,
                                                                    "Plans": [
                                                                        {
                                                                            "Node Type": "Seq Scan",
                                                                            "Parent Relationship": "Outer",
                                                                            "Parallel Aware": false,
                                                                            "Relation Name": "keyword",
                                                                            "Schema": "public",
                                                                            "Alias": "k",
                                                                            "Startup Cost": 0.0,
                                                                            "Total Cost": 2626.12,
                                                                            "Plan Rows": 2,
                                                                            "Plan Width": 4,
                                                                            "Actual Startup Time": 0.518,
                                                                            "Actual Total Time": 17.844,
                                                                            "Actual Rows": 2,
                                                                            "Actual Loops": 1,
                                                                            "Output": [
                                                                                "k.id",
                                                                                "k.keyword",
                                                                                "k.phonetic_code"
                                                                            ],
                                                                            "Filter": "(k.keyword = ANY ('{hand-to-hand-combat,preserved-biological-specimen}'::text[]))",
                                                                            "Rows Removed by Filter": 134168
                                                                        },
                                                                        {
                                                                            "Node Type": "Bitmap Heap Scan",
                                                                            "Parent Relationship": "Inner",
                                                                            "Parallel Aware": false,
                                                                            "Relation Name": "movie_keyword",
                                                                            "Schema": "public",
                                                                            "Alias": "mk",
                                                                            "Startup Cost": 10.8,
                                                                            "Total Cost": 1121.93,
                                                                            "Plan Rows": 305,
                                                                            "Plan Width": 8,
                                                                            "Actual Startup Time": 1.382,
                                                                            "Actual Total Time": 9.703,
                                                                            "Actual Rows": 1188,
                                                                            "Actual Loops": 2,
                                                                            "Output": [
                                                                                "mk.id",
                                                                                "mk.movie_id",
                                                                                "mk.keyword_id"
                                                                            ],
                                                                            "Recheck Cond": "(mk.keyword_id = k.id)",
                                                                            "Rows Removed by Index Recheck": 0,
                                                                            "Exact Heap Blocks": 1937,
                                                                            "Lossy Heap Blocks": 0,
                                                                            "Plans": [
                                                                                {
                                                                                    "Node Type": "Bitmap Index Scan",
                                                                                    "Parent Relationship": "Outer",
                                                                                    "Parallel Aware": false,
                                                                                    "Index Name": "keyword_id_movie_keyword",
                                                                                    "Startup Cost": 0.0,
                                                                                    "Total Cost": 10.72,
                                                                                    "Plan Rows": 305,
                                                                                    "Plan Width": 0,
                                                                                    "Actual Startup Time": 0.965,
                                                                                    "Actual Total Time": 0.965,
                                                                                    "Actual Rows": 1188,
                                                                                    "Actual Loops": 2,
                                                                                    "Index Cond": "(mk.keyword_id = k.id)"
                                                                                }
                                                                            ]
                                                                        }
                                                                    ]
                                                                },
                                                                {
                                                                    "Node Type": "Index Scan",
                                                                    "Parent Relationship": "Inner",
                                                                    "Parallel Aware": false,
                                                                    "Scan Direction": "Forward",
                                                                    "Index Name": "title_pkey",
                                                                    "Relation Name": "title",
                                                                    "Schema": "public",
                                                                    "Alias": "t",
                                                                    "Startup Cost": 0.43,
                                                                    "Total Cost": 0.5,
                                                                    "Plan Rows": 1,
                                                                    "Plan Width": 25,
                                                                    "Actual Startup Time": 0.015,
                                                                    "Actual Total Time": 0.015,
                                                                    "Actual Rows": 0,
                                                                    "Actual Loops": 2375,
                                                                    "Output": [
                                                                        "t.id",
                                                                        "t.title",
                                                                        "t.imdb_index",
                                                                        "t.kind_id",
                                                                        "t.production_year",
                                                                        "t.imdb_id",
                                                                        "t.phonetic_code",
                                                                        "t.episode_of_id",
                                                                        "t.season_nr",
                                                                        "t.episode_nr",
                                                                        "t.series_years",
                                                                        "t.md5sum"
                                                                    ],
                                                                    "Index Cond": "(t.id = mk.movie_id)",
                                                                    "Rows Removed by Index Recheck": 0,
                                                                    "Filter": "((t.production_year > 2009) AND ((t.title ~~ '%murder%'::text) OR (t.title ~~ '%Murder%'::text) OR (t.title ~~ '%Mord%'::text)))",
                                                                    "Rows Removed by Filter": 1
                                                                }
                                                            ]
                                                        },
                                                        {
                                                            "Node Type": "Index Scan",
                                                            "Parent Relationship": "Inner",
                                                            "Parallel Aware": false,
                                                            "Scan Direction": "Forward",
                                                            "Index Name": "movie_id_movie_info",
                                                            "Relation Name": "movie_info",
                                                            "Schema": "public",
                                                            "Alias": "mi",
                                                            "Startup Cost": 0.43,
                                                            "Total Cost": 1.86,
                                                            "Plan Rows": 5,
                                                            "Plan Width": 8,
                                                            "Actual Startup Time": 0.235,
                                                            "Actual Total Time": 0.248,
                                                            "Actual Rows": 2,
                                                            "Actual Loops": 1,
                                                            "Output": [
                                                                "mi.id",
                                                                "mi.movie_id",
                                                                "mi.info_type_id",
                                                                "mi.info",
                                                                "mi.note"
                                                            ],
                                                            "Index Cond": "(mi.movie_id = mk.movie_id)",
                                                            "Rows Removed by Index Recheck": 0,
                                                            "Filter": "(mi.info = ANY ('{German,Norway,Denish,America,USA,Bulgaria,American,English,Swedish,USA}'::text[]))",
                                                            "Rows Removed by Filter": 26
                                                        }
                                                    ]
                                                },
                                                {
                                                    "Node Type": "Seq Scan",
                                                    "Parent Relationship": "Inner",
                                                    "Parallel Aware": false,
                                                    "Relation Name": "info_type",
                                                    "Schema": "public",
                                                    "Alias": "it1",
                                                    "Startup Cost": 0.0,
                                                    "Total Cost": 2.41,
                                                    "Plan Rows": 1,
                                                    "Plan Width": 4,
                                                    "Actual Startup Time": 0.008,
                                                    "Actual Total Time": 0.012,
                                                    "Actual Rows": 1,
                                                    "Actual Loops": 2,
                                                    "Output": [
                                                        "it1.id",
                                                        "it1.info"
                                                    ],
                                                    "Filter": "((it1.info)::text = 'countries'::text)",
                                                    "Rows Removed by Filter": 60
                                                }
                                            ]
                                        },
                                        {
                                            "Node Type": "Index Scan",
                                            "Parent Relationship": "Inner",
                                            "Parallel Aware": false,
                                            "Scan Direction": "Forward",
                                            "Index Name": "movie_id_movie_info_idx",
                                            "Relation Name": "movie_info_idx",
                                            "Schema": "public",
                                            "Alias": "mi_idx",
                                            "Startup Cost": 0.43,
                                            "Total Cost": 0.5,
                                            "Plan Rows": 2,
                                            "Plan Width": 13,
                                            "Actual Startup Time": 0.044,
                                            "Actual Total Time": 0.046,
                                            "Actual Rows": 2,
                                            "Actual Loops": 1,
                                            "Output": [
                                                "mi_idx.id",
                                                "mi_idx.movie_id",
                                                "mi_idx.info_type_id",
                                                "mi_idx.info",
                                                "mi_idx.note"
                                            ],
                                            "Index Cond": "(mi_idx.movie_id = mk.movie_id)",
                                            "Rows Removed by Index Recheck": 0,
                                            "Filter": "(mi_idx.info > '11'::text)",
                                            "Rows Removed by Filter": 1
                                        }
                                    ]
                                },
                                {
                                    "Node Type": "Seq Scan",
                                    "Parent Relationship": "Inner",
                                    "Parallel Aware": false,
                                    "Relation Name": "info_type",
                                    "Schema": "public",
                                    "Alias": "it2",
                                    "Startup Cost": 0.0,
                                    "Total Cost": 2.41,
                                    "Plan Rows": 1,
                                    "Plan Width": 4,
                                    "Actual Startup Time": 0.011,
                                    "Actual Total Time": 0.012,
                                    "Actual Rows": 1,
                                    "Actual Loops": 2,
                                    "Output": [
                                        "it2.id",
                                        "it2.info"
                                    ],
                                    "Filter": "((it2.info)::text = 'rating'::text)",
                                    "Rows Removed by Filter": 106
                                }
                            ]
                        },
                        {
                            "Node Type": "Seq Scan",
                            "Parent Relationship": "Inner",
                            "Parallel Aware": false,
                            "Relation Name": "kind_type",
                            "Schema": "public",
                            "Alias": "kt",
                            "Startup Cost": 0.0,
                            "Total Cost": 1.09,
                            "Plan Rows": 1,
                            "Plan Width": 4,
                            "Actual Startup Time": 0.007,
                            "Actual Total Time": 0.008,
                            "Actual Rows": 1,
                            "Actual Loops": 1,
                            "Output": [
                                "kt.id",
                                "kt.kind"
                            ],
                            "Filter": "((kt.kind)::text = 'episode'::text)",
                            "Rows Removed by Filter": 6
                        }
                    ]
                }
            ]
        },
        "Planning Time": 1894.335,
        "Triggers": [],
        "Execution Time": 77.016
    }
]