[
  {
    "Plan": {
      "Node Type": "Aggregate",
      "Strategy": "Plain",
      "Partial Mode": "Finalize",
      "Parallel Aware": false,
      "Startup Cost": 353398.09,
      "Total Cost": 353398.1,
      "Plan Rows": 1,
      "Plan Width": 8,
      "Actual Startup Time": 996.641,
      "Actual Total Time": 1044.586,
      "Actual Rows": 1,
      "Actual Loops": 1,
      "Plans": [
        {
          "Node Type": "Gather",
          "Parent Relationship": "Outer",
          "Parallel Aware": false,
          "Startup Cost": 353397.47,
          "Total Cost": 353398.08,
          "Plan Rows": 6,
          "Plan Width": 8,
          "Actual Startup Time": 996.432,
          "Actual Total Time": 1044.565,
          "Actual Rows": 7,
          "Actual Loops": 1,
          "Workers Planned": 6,
          "Workers Launched": 6,
          "Single Copy": false,
          "Plans": [
            {
              "Node Type": "Aggregate",
              "Strategy": "Plain",
              "Partial Mode": "Partial",
              "Parent Relationship": "Outer",
              "Parallel Aware": false,
              "Startup Cost": 352397.47,
              "Total Cost": 352397.48,
              "Plan Rows": 1,
              "Plan Width": 8,
              "Actual Startup Time": 989.501,
              "Actual Total Time": 989.502,
              "Actual Rows": 1,
              "Actual Loops": 7,
              "Plans": [
                {
                  "Node Type": "Seq Scan",
                  "Parent Relationship": "Outer",
                  "Parallel Aware": true,
                  "Relation Name": "cast_info",
                  "Alias": "ci",
                  "Startup Cost": 0.0,
                  "Total Cost": 343316.27,
                  "Plan Rows": 3632479,
                  "Plan Width": 0,
                  "Actual Startup Time": 0.046,
                  "Actual Total Time": 797.952,
                  "Actual Rows": 3637926,
                  "Actual Loops": 7,
                  "Filter": "((person_id < 2989743) AND (role_id < 5))",
                  "Rows Removed by Filter": 1539838
                }
              ]
            }
          ]
        }
      ]
    },
    "Planning Time": 0.225,
    "Triggers": [],
    "Execution Time": 1044.654
  }
]