[
  {
    "Plan": {
      "Node Type": "Aggregate",
      "Strategy": "Plain",
      "Partial Mode": "Finalize",
      "Parallel Aware": false,
      "Startup Cost": 32053.63,
      "Total Cost": 32053.64,
      "Plan Rows": 1,
      "Plan Width": 8,
      "Actual Startup Time": 112.093,
      "Actual Total Time": 118.018,
      "Actual Rows": 1,
      "Actual Loops": 1,
      "Plans": [
        {
          "Node Type": "Gather",
          "Parent Relationship": "Outer",
          "Parallel Aware": false,
          "Startup Cost": 32053.31,
          "Total Cost": 32053.62,
          "Plan Rows": 3,
          "Plan Width": 8,
          "Actual Startup Time": 111.995,
          "Actual Total Time": 118.011,
          "Actual Rows": 4,
          "Actual Loops": 1,
          "Workers Planned": 3,
          "Workers Launched": 3,
          "Single Copy": false,
          "Plans": [
            {
              "Node Type": "Aggregate",
              "Strategy": "Plain",
              "Partial Mode": "Partial",
              "Parent Relationship": "Outer",
              "Parallel Aware": false,
              "Startup Cost": 31053.31,
              "Total Cost": 31053.32,
              "Plan Rows": 1,
              "Plan Width": 8,
              "Actual Startup Time": 104.692,
              "Actual Total Time": 104.693,
              "Actual Rows": 1,
              "Actual Loops": 4,
              "Plans": [
                {
                  "Node Type": "Seq Scan",
                  "Parent Relationship": "Outer",
                  "Parallel Aware": true,
                  "Relation Name": "movie_companies",
                  "Alias": "mc",
                  "Startup Cost": 0.0,
                  "Total Cost": 29310.68,
                  "Plan Rows": 697052,
                  "Plan Width": 0,
                  "Actual Startup Time": 0.183,
                  "Actual Total Time": 80.847,
                  "Actual Rows": 540808,
                  "Actual Loops": 4,
                  "Filter": "(company_id > 341)",
                  "Rows Removed by Filter": 111474
                }
              ]
            }
          ]
        }
      ]
    },
    "Planning Time": 0.187,
    "Triggers": [],
    "Execution Time": 118.072
  }
]