[
  {
    "Plan": {
      "Node Type": "Aggregate",
      "Strategy": "Plain",
      "Partial Mode": "Finalize",
      "Parallel Aware": false,
      "Startup Cost": 302503.1,
      "Total Cost": 302503.11,
      "Plan Rows": 1,
      "Plan Width": 8,
      "Actual Startup Time": 2042.883,
      "Actual Total Time": 2093.544,
      "Actual Rows": 1,
      "Actual Loops": 1,
      "Plans": [
        {
          "Node Type": "Gather",
          "Parent Relationship": "Outer",
          "Parallel Aware": false,
          "Startup Cost": 302502.58,
          "Total Cost": 302503.09,
          "Plan Rows": 5,
          "Plan Width": 8,
          "Actual Startup Time": 2034.392,
          "Actual Total Time": 2093.53,
          "Actual Rows": 6,
          "Actual Loops": 1,
          "Workers Planned": 5,
          "Workers Launched": 5,
          "Single Copy": false,
          "Plans": [
            {
              "Node Type": "Aggregate",
              "Strategy": "Plain",
              "Partial Mode": "Partial",
              "Parent Relationship": "Outer",
              "Parallel Aware": false,
              "Startup Cost": 301502.58,
              "Total Cost": 301502.59,
              "Plan Rows": 1,
              "Plan Width": 8,
              "Actual Startup Time": 2025.571,
              "Actual Total Time": 2025.672,
              "Actual Rows": 1,
              "Actual Loops": 6,
              "Plans": [
                {
                  "Node Type": "Hash Join",
                  "Parent Relationship": "Outer",
                  "Parallel Aware": true,
                  "Join Type": "Inner",
                  "Startup Cost": 92252.4,
                  "Total Cost": 300221.65,
                  "Plan Rows": 512371,
                  "Plan Width": 0,
                  "Actual Startup Time": 400.008,
                  "Actual Total Time": 1653.845,
                  "Actual Rows": 7466216,
                  "Actual Loops": 6,
                  "Inner Unique": false,
                  "Hash Cond": "(mi.movie_id = t.id)",
                  "Plans": [
                    {
                      "Node Type": "Seq Scan",
                      "Parent Relationship": "Outer",
                      "Parallel Aware": true,
                      "Relation Name": "movie_info",
                      "Alias": "mi",
                      "Startup Cost": 0.0,
                      "Total Cost": 199108.24,
                      "Plan Rows": 1922185,
                      "Plan Width": 4,
                      "Actual Startup Time": 0.036,
                      "Actual Total Time": 376.503,
                      "Actual Rows": 1594192,
                      "Actual Loops": 6,
                      "Filter": "(info_type_id < 16)",
                      "Rows Removed by Filter": 878428
                    },
                    {
                      "Node Type": "Hash",
                      "Parent Relationship": "Inner",
                      "Parallel Aware": true,
                      "Startup Cost": 89534.79,
                      "Total Cost": 89534.79,
                      "Plan Rows": 217409,
                      "Plan Width": 8,
                      "Actual Startup Time": 383.267,
                      "Actual Total Time": 383.366,
                      "Actual Rows": 185259,
                      "Actual Loops": 6,
                      "Hash Buckets": 2097152,
                      "Original Hash Buckets": 1048576,
                      "Hash Batches": 1,
                      "Original Hash Batches": 1,
                      "Peak Memory Usage": 68160,
                      "Plans": [
                        {
                          "Node Type": "Hash Join",
                          "Parent Relationship": "Outer",
                          "Parallel Aware": true,
                          "Join Type": "Inner",
                          "Startup Cost": 46656.71,
                          "Total Cost": 89534.79,
                          "Plan Rows": 217409,
                          "Plan Width": 8,
                          "Actual Startup Time": 149.397,
                          "Actual Total Time": 289.72,
                          "Actual Rows": 185259,
                          "Actual Loops": 6,
                          "Inner Unique": true,
                          "Hash Cond": "(mk.movie_id = t.id)",
                          "Plans": [
                            {
                              "Node Type": "Seq Scan",
                              "Parent Relationship": "Outer",
                              "Parallel Aware": true,
                              "Relation Name": "movie_keyword",
                              "Alias": "mk",
                              "Startup Cost": 0.0,
                              "Total Cost": 39047.32,
                              "Plan Rows": 1459332,
                              "Plan Width": 4,
                              "Actual Startup Time": 0.032,
                              "Actual Total Time": 73.124,
                              "Actual Rows": 753988,
                              "Actual Loops": 6
                            },
                            {
                              "Node Type": "Hash",
                              "Parent Relationship": "Inner",
                              "Parallel Aware": true,
                              "Startup Cost": 45479.59,
                              "Total Cost": 45479.59,
                              "Plan Rows": 94170,
                              "Plan Width": 4,
                              "Actual Startup Time": 118.331,
                              "Actual Total Time": 118.332,
                              "Actual Rows": 47019,
                              "Actual Loops": 6,
                              "Hash Buckets": 524288,
                              "Original Hash Buckets": 524288,
                              "Hash Batches": 1,
                              "Original Hash Batches": 1,
                              "Peak Memory Usage": 15264,
                              "Plans": [
                                {
                                  "Node Type": "Seq Scan",
                                  "Parent Relationship": "Outer",
                                  "Parallel Aware": true,
                                  "Relation Name": "title",
                                  "Alias": "t",
                                  "Startup Cost": 0.0,
                                  "Total Cost": 45479.59,
                                  "Plan Rows": 94170,
                                  "Plan Width": 4,
                                  "Actual Startup Time": 46.986,
                                  "Actual Total Time": 92.374,
                                  "Actual Rows": 47019,
                                  "Actual Loops": 6,
                                  "Filter": "((production_year > 1999) AND (kind_id = 1))",
                                  "Rows Removed by Filter": 374366
                                }
                              ]
                            }
                          ]
                        }
                      ]
                    }
                  ]
                }
              ]
            }
          ]
        }
      ]
    },
    "Planning Time": 0.911,
    "Triggers": [],
    "Execution Time": 2093.62
  }
]