[
  {
    "Plan": {
      "Node Type": "Aggregate",
      "Strategy": "Plain",
      "Partial Mode": "Finalize",
      "Parallel Aware": false,
      "Startup Cost": 213762.99,
      "Total Cost": 213763.0,
      "Plan Rows": 1,
      "Plan Width": 8,
      "Actual Startup Time": 619.568,
      "Actual Total Time": 665.249,
      "Actual Rows": 1,
      "Actual Loops": 1,
      "Plans": [
        {
          "Node Type": "Gather",
          "Parent Relationship": "Outer",
          "Parallel Aware": false,
          "Startup Cost": 213762.47,
          "Total Cost": 213762.98,
          "Plan Rows": 5,
          "Plan Width": 8,
          "Actual Startup Time": 612.513,
          "Actual Total Time": 665.237,
          "Actual Rows": 6,
          "Actual Loops": 1,
          "Workers Planned": 5,
          "Workers Launched": 5,
          "Single Copy": false,
          "Plans": [
            {
              "Node Type": "Aggregate",
              "Strategy": "Plain",
              "Partial Mode": "Partial",
              "Parent Relationship": "Outer",
              "Parallel Aware": false,
              "Startup Cost": 212762.47,
              "Total Cost": 212762.48,
              "Plan Rows": 1,
              "Plan Width": 8,
              "Actual Startup Time": 602.487,
              "Actual Total Time": 602.492,
              "Actual Rows": 1,
              "Actual Loops": 6,
              "Plans": [
                {
                  "Node Type": "Nested Loop",
                  "Parent Relationship": "Outer",
                  "Parallel Aware": false,
                  "Join Type": "Inner",
                  "Startup Cost": 47368.21,
                  "Total Cost": 212400.61,
                  "Plan Rows": 144743,
                  "Plan Width": 0,
                  "Actual Startup Time": 183.172,
                  "Actual Total Time": 591.482,
                  "Actual Rows": 176078,
                  "Actual Loops": 6,
                  "Inner Unique": false,
                  "Plans": [
                    {
                      "Node Type": "Hash Join",
                      "Parent Relationship": "Outer",
                      "Parallel Aware": true,
                      "Join Type": "Inner",
                      "Startup Cost": 47367.77,
                      "Total Cost": 154673.98,
                      "Plan Rows": 24651,
                      "Plan Width": 8,
                      "Actual Startup Time": 183.058,
                      "Actual Total Time": 344.346,
                      "Actual Rows": 17573,
                      "Actual Loops": 6,
                      "Inner Unique": true,
                      "Hash Cond": "(ci.movie_id = t.id)",
                      "Plans": [
                        {
                          "Node Type": "Index Scan",
                          "Parent Relationship": "Outer",
                          "Parallel Aware": true,
                          "Scan Direction": "Forward",
                          "Index Name": "role_id_cast_info",
                          "Relation Name": "cast_info",
                          "Alias": "ci",
                          "Startup Cost": 0.56,
                          "Total Cost": 107159.34,
                          "Plan Rows": 56165,
                          "Plan Width": 4,
                          "Actual Startup Time": 0.237,
                          "Actual Total Time": 138.085,
                          "Actual Rows": 34320,
                          "Actual Loops": 6,
                          "Index Cond": "(role_id = 3)",
                          "Rows Removed by Index Recheck": 0,
                          "Filter": "(person_id < 257762)",
                          "Rows Removed by Filter": 633687
                        },
                        {
                          "Node Type": "Hash",
                          "Parent Relationship": "Inner",
                          "Parallel Aware": true,
                          "Startup Cost": 43899.32,
                          "Total Cost": 43899.32,
                          "Plan Rows": 277431,
                          "Plan Width": 4,
                          "Actual Startup Time": 179.358,
                          "Actual Total Time": 179.36,
                          "Actual Rows": 184654,
                          "Actual Loops": 6,
                          "Hash Buckets": 2097152,
                          "Original Hash Buckets": 2097152,
                          "Hash Batches": 1,
                          "Original Hash Batches": 1,
                          "Peak Memory Usage": 59808,
                          "Plans": [
                            {
                              "Node Type": "Seq Scan",
                              "Parent Relationship": "Outer",
                              "Parallel Aware": true,
                              "Relation Name": "title",
                              "Alias": "t",
                              "Startup Cost": 0.0,
                              "Total Cost": 43899.32,
                              "Plan Rows": 277431,
                              "Plan Width": 4,
                              "Actual Startup Time": 0.052,
                              "Actual Total Time": 88.403,
                              "Actual Rows": 184654,
                              "Actual Loops": 6,
                              "Filter": "(production_year > 2004)",
                              "Rows Removed by Filter": 236731
                            }
                          ]
                        }
                      ]
                    },
                    {
                      "Node Type": "Index Only Scan",
                      "Parent Relationship": "Inner",
                      "Parallel Aware": false,
                      "Scan Direction": "Forward",
                      "Index Name": "movie_id_movie_info",
                      "Relation Name": "movie_info",
                      "Alias": "mi",
                      "Startup Cost": 0.43,
                      "Total Cost": 1.93,
                      "Plan Rows": 41,
                      "Plan Width": 4,
                      "Actual Startup Time": 0.005,
                      "Actual Total Time": 0.013,
                      "Actual Rows": 10,
                      "Actual Loops": 105439,
                      "Index Cond": "(movie_id = t.id)",
                      "Rows Removed by Index Recheck": 0,
                      "Heap Fetches": 1056467
                    }
                  ]
                }
              ]
            }
          ]
        }
      ]
    },
    "Planning Time": 0.543,
    "Triggers": [],
    "Execution Time": 665.314
  }
]