[
  {
    "Plan": {
      "Node Type": "Aggregate",
      "Strategy": "Plain",
      "Partial Mode": "Finalize",
      "Parallel Aware": false,
      "Startup Cost": 284981.13,
      "Total Cost": 284981.14,
      "Plan Rows": 1,
      "Plan Width": 8,
      "Actual Startup Time": 709.396,
      "Actual Total Time": 754.183,
      "Actual Rows": 1,
      "Actual Loops": 1,
      "Plans": [
        {
          "Node Type": "Gather",
          "Parent Relationship": "Outer",
          "Parallel Aware": false,
          "Startup Cost": 284980.61,
          "Total Cost": 284981.12,
          "Plan Rows": 5,
          "Plan Width": 8,
          "Actual Startup Time": 702.386,
          "Actual Total Time": 754.171,
          "Actual Rows": 6,
          "Actual Loops": 1,
          "Workers Planned": 5,
          "Workers Launched": 5,
          "Single Copy": false,
          "Plans": [
            {
              "Node Type": "Aggregate",
              "Strategy": "Plain",
              "Partial Mode": "Partial",
              "Parent Relationship": "Outer",
              "Parallel Aware": false,
              "Startup Cost": 283980.61,
              "Total Cost": 283980.62,
              "Plan Rows": 1,
              "Plan Width": 8,
              "Actual Startup Time": 691.671,
              "Actual Total Time": 691.758,
              "Actual Rows": 1,
              "Actual Loops": 6,
              "Plans": [
                {
                  "Node Type": "Hash Join",
                  "Parent Relationship": "Outer",
                  "Parallel Aware": true,
                  "Join Type": "Inner",
                  "Startup Cost": 82030.79,
                  "Total Cost": 283600.17,
                  "Plan Rows": 152176,
                  "Plan Width": 0,
                  "Actual Startup Time": 366.217,
                  "Actual Total Time": 685.002,
                  "Actual Rows": 148714,
                  "Actual Loops": 6,
                  "Inner Unique": false,
                  "Hash Cond": "(mi.movie_id = t.id)",
                  "Plans": [
                    {
                      "Node Type": "Seq Scan",
                      "Parent Relationship": "Outer",
                      "Parallel Aware": true,
                      "Relation Name": "movie_info",
                      "Alias": "mi",
                      "Startup Cost": 0.0,
                      "Total Cost": 198952.16,
                      "Plan Rows": 596472,
                      "Plan Width": 4,
                      "Actual Startup Time": 71.962,
                      "Actual Total Time": 302.399,
                      "Actual Rows": 506120,
                      "Actual Loops": 6,
                      "Filter": "(info_type_id = 16)",
                      "Rows Removed by Filter": 1966500
                    },
                    {
                      "Node Type": "Hash",
                      "Parent Relationship": "Inner",
                      "Parallel Aware": true,
                      "Startup Cost": 80015.06,
                      "Total Cost": 80015.06,
                      "Plan Rows": 161259,
                      "Plan Width": 8,
                      "Actual Startup Time": 290.444,
                      "Actual Total Time": 290.528,
                      "Actual Rows": 68362,
                      "Actual Loops": 6,
                      "Hash Buckets": 1048576,
                      "Original Hash Buckets": 1048576,
                      "Hash Batches": 1,
                      "Original Hash Batches": 1,
                      "Peak Memory Usage": 24320,
                      "Plans": [
                        {
                          "Node Type": "Hash Join",
                          "Parent Relationship": "Outer",
                          "Parallel Aware": true,
                          "Join Type": "Inner",
                          "Startup Cost": 34015.77,
                          "Total Cost": 80015.06,
                          "Plan Rows": 161259,
                          "Plan Width": 8,
                          "Actual Startup Time": 103.388,
                          "Actual Total Time": 258.655,
                          "Actual Rows": 68362,
                          "Actual Loops": 6,
                          "Inner Unique": false,
                          "Hash Cond": "(t.id = mc.movie_id)",
                          "Plans": [
                            {
                              "Node Type": "Seq Scan",
                              "Parent Relationship": "Outer",
                              "Parallel Aware": true,
                              "Relation Name": "title",
                              "Alias": "t",
                              "Startup Cost": 0.0,
                              "Total Cost": 42318.73,
                              "Plan Rows": 632073,
                              "Plan Width": 4,
                              "Actual Startup Time": 0.015,
                              "Actual Total Time": 59.558,
                              "Actual Rows": 421385,
                              "Actual Loops": 6
                            },
                            {
                              "Node Type": "Hash",
                              "Parent Relationship": "Inner",
                              "Parallel Aware": true,
                              "Startup Cost": 31414.82,
                              "Total Cost": 31414.82,
                              "Plan Rows": 208076,
                              "Plan Width": 4,
                              "Actual Startup Time": 101.357,
                              "Actual Total Time": 101.358,
                              "Actual Rows": 68362,
                              "Actual Loops": 6,
                              "Hash Buckets": 1048576,
                              "Original Hash Buckets": 1048576,
                              "Hash Batches": 1,
                              "Original Hash Batches": 1,
                              "Peak Memory Usage": 24352,
                              "Plans": [
                                {
                                  "Node Type": "Seq Scan",
                                  "Parent Relationship": "Outer",
                                  "Parallel Aware": true,
                                  "Relation Name": "movie_companies",
                                  "Alias": "mc",
                                  "Startup Cost": 0.0,
                                  "Total Cost": 31414.82,
                                  "Plan Rows": 208076,
                                  "Plan Width": 4,
                                  "Actual Startup Time": 43.377,
                                  "Actual Total Time": 67.889,
                                  "Actual Rows": 68362,
                                  "Actual Loops": 6,
                                  "Filter": "((company_id < 11203) AND (company_type_id = 2))",
                                  "Rows Removed by Filter": 366493
                                }
                              ]
                            }
                          ]
                        }
                      ]
                    }
                  ]
                }
              ]
            }
          ]
        }
      ]
    },
    "Planning Time": 1.473,
    "Triggers": [],
    "Execution Time": 754.284
  }
]