[
    {
        "Bao": {
            "Bao prediction": 950.251,
            "Bao recommended hint": "SET enable_nestloop TO off; "
        }
    },
    {
        "Plan": {
            "Node Type": "Aggregate",
            "Strategy": "Plain",
            "Partial Mode": "Finalize",
            "Parallel Aware": false,
            "Startup Cost": 595043.21,
            "Total Cost": 595043.22,
            "Plan Rows": 1,
            "Plan Width": 8,
            "Actual Startup Time": 1776.218,
            "Actual Total Time": 1827.477,
            "Actual Rows": 1,
            "Actual Loops": 1,
            "Output": [
                "count(*)"
            ],
            "Plans": [
                {
                    "Node Type": "Gather",
                    "Parent Relationship": "Outer",
                    "Parallel Aware": false,
                    "Startup Cost": 595042.58,
                    "Total Cost": 595043.19,
                    "Plan Rows": 6,
                    "Plan Width": 8,
                    "Actual Startup Time": 1772.019,
                    "Actual Total Time": 1827.467,
                    "Actual Rows": 7,
                    "Actual Loops": 1,
                    "Output": [
                        "(PARTIAL count(*))"
                    ],
                    "Workers Planned": 6,
                    "Workers Launched": 6,
                    "Single Copy": false,
                    "Plans": [
                        {
                            "Node Type": "Aggregate",
                            "Strategy": "Plain",
                            "Partial Mode": "Partial",
                            "Parent Relationship": "Outer",
                            "Parallel Aware": false,
                            "Startup Cost": 594042.58,
                            "Total Cost": 594042.59,
                            "Plan Rows": 1,
                            "Plan Width": 8,
                            "Actual Startup Time": 1759.674,
                            "Actual Total Time": 1759.682,
                            "Actual Rows": 1,
                            "Actual Loops": 7,
                            "Output": [
                                "PARTIAL count(*)"
                            ],
                            "Workers": [
                                {
                                    "Worker Number": 0,
                                    "Actual Startup Time": 1757.591,
                                    "Actual Total Time": 1757.597,
                                    "Actual Rows": 1,
                                    "Actual Loops": 1
                                },
                                {
                                    "Worker Number": 1,
                                    "Actual Startup Time": 1757.696,
                                    "Actual Total Time": 1757.703,
                                    "Actual Rows": 1,
                                    "Actual Loops": 1
                                },
                                {
                                    "Worker Number": 2,
                                    "Actual Startup Time": 1757.574,
                                    "Actual Total Time": 1757.58,
                                    "Actual Rows": 1,
                                    "Actual Loops": 1
                                },
                                {
                                    "Worker Number": 3,
                                    "Actual Startup Time": 1757.693,
                                    "Actual Total Time": 1757.698,
                                    "Actual Rows": 1,
                                    "Actual Loops": 1
                                },
                                {
                                    "Worker Number": 4,
                                    "Actual Startup Time": 1758.542,
                                    "Actual Total Time": 1758.548,
                                    "Actual Rows": 1,
                                    "Actual Loops": 1
                                },
                                {
                                    "Worker Number": 5,
                                    "Actual Startup Time": 1758.779,
                                    "Actual Total Time": 1758.785,
                                    "Actual Rows": 1,
                                    "Actual Loops": 1
                                }
                            ],
                            "Plans": [
                                {
                                    "Node Type": "Hash Join",
                                    "Parent Relationship": "Outer",
                                    "Parallel Aware": true,
                                    "Join Type": "Inner",
                                    "Startup Cost": 244030.36,
                                    "Total Cost": 593390.36,
                                    "Plan Rows": 260887,
                                    "Plan Width": 0,
                                    "Actual Startup Time": 757.918,
                                    "Actual Total Time": 1738.449,
                                    "Actual Rows": 314119,
                                    "Actual Loops": 7,
                                    "Inner Unique": false,
                                    "Hash Cond": "(ci.movie_id = t.id)",
                                    "Workers": [
                                        {
                                            "Worker Number": 0,
                                            "Actual Startup Time": 756.474,
                                            "Actual Total Time": 1736.136,
                                            "Actual Rows": 314698,
                                            "Actual Loops": 1
                                        },
                                        {
                                            "Worker Number": 1,
                                            "Actual Startup Time": 755.592,
                                            "Actual Total Time": 1737.082,
                                            "Actual Rows": 303166,
                                            "Actual Loops": 1
                                        },
                                        {
                                            "Worker Number": 2,
                                            "Actual Startup Time": 755.886,
                                            "Actual Total Time": 1736.434,
                                            "Actual Rows": 313790,
                                            "Actual Loops": 1
                                        },
                                        {
                                            "Worker Number": 3,
                                            "Actual Startup Time": 756.01,
                                            "Actual Total Time": 1736.559,
                                            "Actual Rows": 311363,
                                            "Actual Loops": 1
                                        },
                                        {
                                            "Worker Number": 4,
                                            "Actual Startup Time": 757.281,
                                            "Actual Total Time": 1737.696,
                                            "Actual Rows": 306678,
                                            "Actual Loops": 1
                                        },
                                        {
                                            "Worker Number": 5,
                                            "Actual Startup Time": 756.907,
                                            "Actual Total Time": 1737.49,
                                            "Actual Rows": 313009,
                                            "Actual Loops": 1
                                        }
                                    ],
                                    "Plans": [
                                        {
                                            "Node Type": "Index Scan",
                                            "Parent Relationship": "Outer",
                                            "Parallel Aware": true,
                                            "Scan Direction": "Forward",
                                            "Index Name": "role_id_cast_info",
                                            "Relation Name": "cast_info",
                                            "Schema": "public",
                                            "Alias": "ci",
                                            "Startup Cost": 0.56,
                                            "Total Cost": 342814.42,
                                            "Plan Rows": 1606500,
                                            "Plan Width": 4,
                                            "Actual Startup Time": 0.201,
                                            "Actual Total Time": 533.326,
                                            "Actual Rows": 1810098,
                                            "Actual Loops": 7,
                                            "Output": [
                                                "ci.id",
                                                "ci.person_id",
                                                "ci.movie_id",
                                                "ci.person_role_id",
                                                "ci.note",
                                                "ci.nr_order",
                                                "ci.role_id"
                                            ],
                                            "Index Cond": "(ci.role_id < 2)",
                                            "Rows Removed by Index Recheck": 0,
                                            "Filter": "(ci.person_id < 2807992)",
                                            "Rows Removed by Filter": 0,
                                            "Workers": [
                                                {
                                                    "Worker Number": 0,
                                                    "Actual Startup Time": 0.316,
                                                    "Actual Total Time": 538.167,
                                                    "Actual Rows": 1786174,
                                                    "Actual Loops": 1
                                                },
                                                {
                                                    "Worker Number": 1,
                                                    "Actual Startup Time": 0.098,
                                                    "Actual Total Time": 540.552,
                                                    "Actual Rows": 1783081,
                                                    "Actual Loops": 1
                                                },
                                                {
                                                    "Worker Number": 2,
                                                    "Actual Startup Time": 0.21,
                                                    "Actual Total Time": 540.531,
                                                    "Actual Rows": 1831441,
                                                    "Actual Loops": 1
                                                },
                                                {
                                                    "Worker Number": 3,
                                                    "Actual Startup Time": 0.282,
                                                    "Actual Total Time": 536.626,
                                                    "Actual Rows": 1816231,
                                                    "Actual Loops": 1
                                                },
                                                {
                                                    "Worker Number": 4,
                                                    "Actual Startup Time": 0.239,
                                                    "Actual Total Time": 532.06,
                                                    "Actual Rows": 1742520,
                                                    "Actual Loops": 1
                                                },
                                                {
                                                    "Worker Number": 5,
                                                    "Actual Startup Time": 0.123,
                                                    "Actual Total Time": 527.073,
                                                    "Actual Rows": 1738621,
                                                    "Actual Loops": 1
                                                }
                                            ]
                                        },
                                        {
                                            "Node Type": "Hash",
                                            "Parent Relationship": "Inner",
                                            "Parallel Aware": true,
                                            "Startup Cost": 243003.33,
                                            "Total Cost": 243003.33,
                                            "Plan Rows": 82117,
                                            "Plan Width": 8,
                                            "Actual Startup Time": 755.161,
                                            "Actual Total Time": 755.165,
                                            "Actual Rows": 74486,
                                            "Actual Loops": 7,
                                            "Output": [
                                                "t.id",
                                                "mi.movie_id"
                                            ],
                                            "Hash Buckets": 524288,
                                            "Original Hash Buckets": 524288,
                                            "Hash Batches": 1,
                                            "Original Hash Batches": 1,
                                            "Peak Memory Usage": 24640,
                                            "Workers": [
                                                {
                                                    "Worker Number": 0,
                                                    "Actual Startup Time": 754.939,
                                                    "Actual Total Time": 754.944,
                                                    "Actual Rows": 72426,
                                                    "Actual Loops": 1
                                                },
                                                {
                                                    "Worker Number": 1,
                                                    "Actual Startup Time": 754.956,
                                                    "Actual Total Time": 754.961,
                                                    "Actual Rows": 73078,
                                                    "Actual Loops": 1
                                                },
                                                {
                                                    "Worker Number": 2,
                                                    "Actual Startup Time": 755.048,
                                                    "Actual Total Time": 755.051,
                                                    "Actual Rows": 72915,
                                                    "Actual Loops": 1
                                                },
                                                {
                                                    "Worker Number": 3,
                                                    "Actual Startup Time": 755.185,
                                                    "Actual Total Time": 755.189,
                                                    "Actual Rows": 72538,
                                                    "Actual Loops": 1
                                                },
                                                {
                                                    "Worker Number": 4,
                                                    "Actual Startup Time": 755.908,
                                                    "Actual Total Time": 755.912,
                                                    "Actual Rows": 70431,
                                                    "Actual Loops": 1
                                                },
                                                {
                                                    "Worker Number": 5,
                                                    "Actual Startup Time": 756.136,
                                                    "Actual Total Time": 756.14,
                                                    "Actual Rows": 70352,
                                                    "Actual Loops": 1
                                                }
                                            ],
                                            "Plans": [
                                                {
                                                    "Node Type": "Hash Join",
                                                    "Parent Relationship": "Outer",
                                                    "Parallel Aware": true,
                                                    "Join Type": "Inner",
                                                    "Startup Cost": 38265.01,
                                                    "Total Cost": 243003.33,
                                                    "Plan Rows": 82117,
                                                    "Plan Width": 8,
                                                    "Actual Startup Time": 77.367,
                                                    "Actual Total Time": 721.911,
                                                    "Actual Rows": 74486,
                                                    "Actual Loops": 7,
                                                    "Output": [
                                                        "t.id",
                                                        "mi.movie_id"
                                                    ],
                                                    "Inner Unique": true,
                                                    "Hash Cond": "(mi.movie_id = t.id)",
                                                    "Workers": [
                                                        {
                                                            "Worker Number": 0,
                                                            "Actual Startup Time": 77.34,
                                                            "Actual Total Time": 721.18,
                                                            "Actual Rows": 72426,
                                                            "Actual Loops": 1
                                                        },
                                                        {
                                                            "Worker Number": 1,
                                                            "Actual Startup Time": 77.313,
                                                            "Actual Total Time": 722.963,
                                                            "Actual Rows": 73078,
                                                            "Actual Loops": 1
                                                        },
                                                        {
                                                            "Worker Number": 2,
                                                            "Actual Startup Time": 77.323,
                                                            "Actual Total Time": 725.091,
                                                            "Actual Rows": 72915,
                                                            "Actual Loops": 1
                                                        },
                                                        {
                                                            "Worker Number": 3,
                                                            "Actual Startup Time": 77.455,
                                                            "Actual Total Time": 720.792,
                                                            "Actual Rows": 72538,
                                                            "Actual Loops": 1
                                                        },
                                                        {
                                                            "Worker Number": 4,
                                                            "Actual Startup Time": 77.397,
                                                            "Actual Total Time": 722.541,
                                                            "Actual Rows": 70431,
                                                            "Actual Loops": 1
                                                        },
                                                        {
                                                            "Worker Number": 5,
                                                            "Actual Startup Time": 77.247,
                                                            "Actual Total Time": 723.159,
                                                            "Actual Rows": 70352,
                                                            "Actual Loops": 1
                                                        }
                                                    ],
                                                    "Plans": [
                                                        {
                                                            "Node Type": "Seq Scan",
                                                            "Parent Relationship": "Outer",
                                                            "Parallel Aware": true,
                                                            "Relation Name": "movie_info",
                                                            "Schema": "public",
                                                            "Alias": "mi",
                                                            "Startup Cost": 0.0,
                                                            "Total Cost": 198880.74,
                                                            "Plan Rows": 2231456,
                                                            "Plan Width": 4,
                                                            "Actual Startup Time": 0.026,
                                                            "Actual Total Time": 412.348,
                                                            "Actual Rows": 1601535,
                                                            "Actual Loops": 7,
                                                            "Output": [
                                                                "mi.id",
                                                                "mi.movie_id",
                                                                "mi.info_type_id",
                                                                "mi.info",
                                                                "mi.note"
                                                            ],
                                                            "Filter": "(mi.info_type_id > 3)",
                                                            "Rows Removed by Filter": 517854,
                                                            "Workers": [
                                                                {
                                                                    "Worker Number": 0,
                                                                    "Actual Startup Time": 0.027,
                                                                    "Actual Total Time": 416.944,
                                                                    "Actual Rows": 1519979,
                                                                    "Actual Loops": 1
                                                                },
                                                                {
                                                                    "Worker Number": 1,
                                                                    "Actual Startup Time": 0.034,
                                                                    "Actual Total Time": 418.054,
                                                                    "Actual Rows": 1524068,
                                                                    "Actual Loops": 1
                                                                },
                                                                {
                                                                    "Worker Number": 2,
                                                                    "Actual Startup Time": 0.026,
                                                                    "Actual Total Time": 420.065,
                                                                    "Actual Rows": 1543484,
                                                                    "Actual Loops": 1
                                                                },
                                                                {
                                                                    "Worker Number": 3,
                                                                    "Actual Startup Time": 0.027,
                                                                    "Actual Total Time": 416.76,
                                                                    "Actual Rows": 1523265,
                                                                    "Actual Loops": 1
                                                                },
                                                                {
                                                                    "Worker Number": 4,
                                                                    "Actual Startup Time": 0.028,
                                                                    "Actual Total Time": 416.804,
                                                                    "Actual Rows": 1527078,
                                                                    "Actual Loops": 1
                                                                },
                                                                {
                                                                    "Worker Number": 5,
                                                                    "Actual Startup Time": 0.027,
                                                                    "Actual Total Time": 415.81,
                                                                    "Actual Rows": 1530731,
                                                                    "Actual Loops": 1
                                                                }
                                                            ]
                                                        },
                                                        {
                                                            "Node Type": "Hash",
                                                            "Parent Relationship": "Inner",
                                                            "Parallel Aware": true,
                                                            "Startup Cost": 37974.26,
                                                            "Total Cost": 37974.26,
                                                            "Plan Rows": 23260,
                                                            "Plan Width": 4,
                                                            "Actual Startup Time": 76.203,
                                                            "Actual Total Time": 76.205,
                                                            "Actual Rows": 12979,
                                                            "Actual Loops": 7,
                                                            "Output": [
                                                                "t.id"
                                                            ],
                                                            "Hash Buckets": 131072,
                                                            "Original Hash Buckets": 131072,
                                                            "Hash Batches": 1,
                                                            "Original Hash Batches": 1,
                                                            "Peak Memory Usage": 4704,
                                                            "Workers": [
                                                                {
                                                                    "Worker Number": 0,
                                                                    "Actual Startup Time": 76.629,
                                                                    "Actual Total Time": 76.631,
                                                                    "Actual Rows": 9784,
                                                                    "Actual Loops": 1
                                                                },
                                                                {
                                                                    "Worker Number": 1,
                                                                    "Actual Startup Time": 76.581,
                                                                    "Actual Total Time": 76.584,
                                                                    "Actual Rows": 9900,
                                                                    "Actual Loops": 1
                                                                },
                                                                {
                                                                    "Worker Number": 2,
                                                                    "Actual Startup Time": 76.572,
                                                                    "Actual Total Time": 76.573,
                                                                    "Actual Rows": 9958,
                                                                    "Actual Loops": 1
                                                                },
                                                                {
                                                                    "Worker Number": 3,
                                                                    "Actual Startup Time": 76.719,
                                                                    "Actual Total Time": 76.72,
                                                                    "Actual Rows": 9681,
                                                                    "Actual Loops": 1
                                                                },
                                                                {
                                                                    "Worker Number": 4,
                                                                    "Actual Startup Time": 76.719,
                                                                    "Actual Total Time": 76.721,
                                                                    "Actual Rows": 8099,
                                                                    "Actual Loops": 1
                                                                },
                                                                {
                                                                    "Worker Number": 5,
                                                                    "Actual Startup Time": 76.522,
                                                                    "Actual Total Time": 76.524,
                                                                    "Actual Rows": 8235,
                                                                    "Actual Loops": 1
                                                                }
                                                            ],
                                                            "Plans": [
                                                                {
                                                                    "Node Type": "Bitmap Heap Scan",
                                                                    "Parent Relationship": "Outer",
                                                                    "Parallel Aware": true,
                                                                    "Relation Name": "title",
                                                                    "Schema": "public",
                                                                    "Alias": "t",
                                                                    "Startup Cost": 1685.51,
                                                                    "Total Cost": 37974.26,
                                                                    "Plan Rows": 23260,
                                                                    "Plan Width": 4,
                                                                    "Actual Startup Time": 20.689,
                                                                    "Actual Total Time": 66.472,
                                                                    "Actual Rows": 12979,
                                                                    "Actual Loops": 7,
                                                                    "Output": [
                                                                        "t.id"
                                                                    ],
                                                                    "Recheck Cond": "(t.kind_id = 2)",
                                                                    "Rows Removed by Index Recheck": 0,
                                                                    "Exact Heap Blocks": 9164,
                                                                    "Lossy Heap Blocks": 0,
                                                                    "Workers": [
                                                                        {
                                                                            "Worker Number": 0,
                                                                            "Actual Startup Time": 20.742,
                                                                            "Actual Total Time": 67.117,
                                                                            "Actual Rows": 9784,
                                                                            "Actual Loops": 1
                                                                        },
                                                                        {
                                                                            "Worker Number": 1,
                                                                            "Actual Startup Time": 20.553,
                                                                            "Actual Total Time": 67.281,
                                                                            "Actual Rows": 9900,
                                                                            "Actual Loops": 1
                                                                        },
                                                                        {
                                                                            "Worker Number": 2,
                                                                            "Actual Startup Time": 20.777,
                                                                            "Actual Total Time": 67.168,
                                                                            "Actual Rows": 9958,
                                                                            "Actual Loops": 1
                                                                        },
                                                                        {
                                                                            "Worker Number": 3,
                                                                            "Actual Startup Time": 20.598,
                                                                            "Actual Total Time": 67.014,
                                                                            "Actual Rows": 9681,
                                                                            "Actual Loops": 1
                                                                        },
                                                                        {
                                                                            "Worker Number": 4,
                                                                            "Actual Startup Time": 20.67,
                                                                            "Actual Total Time": 67.409,
                                                                            "Actual Rows": 8099,
                                                                            "Actual Loops": 1
                                                                        },
                                                                        {
                                                                            "Worker Number": 5,
                                                                            "Actual Startup Time": 21.015,
                                                                            "Actual Total Time": 66.955,
                                                                            "Actual Rows": 8235,
                                                                            "Actual Loops": 1
                                                                        }
                                                                    ],
                                                                    "Plans": [
                                                                        {
                                                                            "Node Type": "Bitmap Index Scan",
                                                                            "Parent Relationship": "Outer",
                                                                            "Parallel Aware": false,
                                                                            "Index Name": "kind_id_title",
                                                                            "Startup Cost": 0.0,
                                                                            "Total Cost": 1662.25,
                                                                            "Plan Rows": 93042,
                                                                            "Plan Width": 0,
                                                                            "Actual Startup Time": 14.517,
                                                                            "Actual Total Time": 14.517,
                                                                            "Actual Rows": 90852,
                                                                            "Actual Loops": 1,
                                                                            "Index Cond": "(t.kind_id = 2)"
                                                                        }
                                                                    ]
                                                                }
                                                            ]
                                                        }
                                                    ]
                                                }
                                            ]
                                        }
                                    ]
                                }
                            ]
                        }
                    ]
                }
            ]
        },
        "Planning Time": 1786.321,
        "Triggers": [],
        "Execution Time": 1827.748
    }
]