{
  "Plan": {
    "Node Type": "Aggregate",
    "Strategy": "Plain",
    "Partial Mode": "Finalize",
    "Parallel Aware": false,
    "Startup Cost": 1003995.63,
    "Total Cost": 1003995.64,
    "Plan Rows": 1,
    "Plan Width": 8,
    "Actual Startup Time": 5244.988,
    "Actual Total Time": 5250.918,
    "Actual Rows": 1,
    "Actual Loops": 1,
    "Plans": [
      {
        "Node Type": "Gather",
        "Parent Relationship": "Outer",
        "Parallel Aware": false,
        "Startup Cost": 1003995.52,
        "Total Cost": 1003995.63,
        "Plan Rows": 1,
        "Plan Width": 8,
        "Actual Startup Time": 5244.977,
        "Actual Total Time": 5250.911,
        "Actual Rows": 2,
        "Actual Loops": 1,
        "Workers Planned": 1,
        "Workers Launched": 1,
        "Single Copy": false,
        "Plans": [
          {
            "Node Type": "Aggregate",
            "Strategy": "Plain",
            "Partial Mode": "Partial",
            "Parent Relationship": "Outer",
            "Parallel Aware": false,
            "Startup Cost": 1002995.52,
            "Total Cost": 1002995.53,
            "Plan Rows": 1,
            "Plan Width": 8,
            "Actual Startup Time": 5155.126,
            "Actual Total Time": 5155.133,
            "Actual Rows": 1,
            "Actual Loops": 2,
            "Plans": [
              {
                "Node Type": "Merge Join",
                "Parent Relationship": "Outer",
                "Parallel Aware": false,
                "Join Type": "Inner",
                "Startup Cost": 989479.23,
                "Total Cost": 1002370.1,
                "Plan Rows": 250169,
                "Plan Width": 0,
                "Actual Startup Time": 4141.172,
                "Actual Total Time": 5027.87,
                "Actual Rows": 3305209,
                "Actual Loops": 2,
                "Inner Unique": false,
                "Merge Cond": "(t.id = mi.movie_id)",
                "Plans": [
                  {
                    "Node Type": "Sort",
                    "Parent Relationship": "Outer",
                    "Parallel Aware": false,
                    "Startup Cost": 781927.29,
                    "Total Cost": 786199.98,
                    "Plan Rows": 1709073,
                    "Plan Width": 8,
                    "Actual Startup Time": 4004.665,
                    "Actual Total Time": 4331.534,
                    "Actual Rows": 1898163,
                    "Actual Loops": 2,
                    "Sort Key": [
                      "t.id"
                    ],
                    "Sort Method": "quicksort",
                    "Sort Space Used": 146028,
                    "Sort Space Type": "Memory",
                    "Workers": [
                      {
                        "Worker Number": 0,
                        "Sort Method": "quicksort",
                        "Sort Space Used": 130232,
                        "Sort Space Type": "Memory"
                      }
                    ],
                    "Plans": [
                      {
                        "Node Type": "Hash Join",
                        "Parent Relationship": "Outer",
                        "Parallel Aware": true,
                        "Join Type": "Inner",
                        "Startup Cost": 64262.22,
                        "Total Cost": 604997.37,
                        "Plan Rows": 1709073,
                        "Plan Width": 8,
                        "Actual Startup Time": 301.231,
                        "Actual Total Time": 3479.142,
                        "Actual Rows": 1898182,
                        "Actual Loops": 2,
                        "Inner Unique": true,
                        "Hash Cond": "(ci.movie_id = t.id)",
                        "Plans": [
                          {
                            "Node Type": "Index Scan",
                            "Parent Relationship": "Outer",
                            "Parallel Aware": true,
                            "Scan Direction": "Forward",
                            "Index Name": "role_id_cast_info",
                            "Relation Name": "cast_info",
                            "Alias": "ci",
                            "Startup Cost": 0.56,
                            "Total Cost": 526730.69,
                            "Plan Rows": 5335239,
                            "Plan Width": 4,
                            "Actual Startup Time": 0.082,
                            "Actual Total Time": 1375.959,
                            "Actual Rows": 5808266,
                            "Actual Loops": 2,
                            "Index Cond": "(role_id > 2)",
                            "Rows Removed by Index Recheck": 0,
                            "Filter": "(person_id > 1601169)",
                            "Rows Removed by Filter": 2252576
                          },
                          {
                            "Node Type": "Hash",
                            "Parent Relationship": "Inner",
                            "Parallel Aware": true,
                            "Startup Cost": 58306.47,
                            "Total Cost": 58306.47,
                            "Plan Rows": 476415,
                            "Plan Width": 4,
                            "Actual Startup Time": 291.915,
                            "Actual Total Time": 291.917,
                            "Actual Rows": 421509,
                            "Actual Loops": 2,
                            "Hash Buckets": 1048576,
                            "Original Hash Buckets": 1048576,
                            "Hash Batches": 1,
                            "Original Hash Batches": 1,
                            "Peak Memory Usage": 41184,
                            "Plans": [
                              {
                                "Node Type": "Seq Scan",
                                "Parent Relationship": "Outer",
                                "Parallel Aware": true,
                                "Relation Name": "title",
                                "Alias": "t",
                                "Startup Cost": 0.0,
                                "Total Cost": 58306.47,
                                "Plan Rows": 476415,
                                "Plan Width": 4,
                                "Actual Startup Time": 0.039,
                                "Actual Total Time": 176.992,
                                "Actual Rows": 421509,
                                "Actual Loops": 2,
                                "Filter": "((kind_id < 7) AND (production_year < 2011))",
                                "Rows Removed by Filter": 842647
                              }
                            ]
                          }
                        ]
                      }
                    ]
                  },
                  {
                    "Node Type": "Sort",
                    "Parent Relationship": "Inner",
                    "Parallel Aware": false,
                    "Startup Cost": 207551.77,
                    "Total Cost": 208476.98,
                    "Plan Rows": 370084,
                    "Plan Width": 4,
                    "Actual Startup Time": 136.496,
                    "Actual Total Time": 253.917,
                    "Actual Rows": 3425839,
                    "Actual Loops": 2,
                    "Sort Key": [
                      "mi.movie_id"
                    ],
                    "Sort Method": "quicksort",
                    "Sort Space Used": 29549,
                    "Sort Space Type": "Memory",
                    "Workers": [
                      {
                        "Worker Number": 0,
                        "Sort Method": "quicksort",
                        "Sort Space Used": 29549,
                        "Sort Space Type": "Memory"
                      }
                    ],
                    "Plans": [
                      {
                        "Node Type": "Bitmap Heap Scan",
                        "Parent Relationship": "Outer",
                        "Parallel Aware": false,
                        "Relation Name": "movie_info",
                        "Alias": "mi",
                        "Startup Cost": 6704.59,
                        "Total Cost": 173323.64,
                        "Plan Rows": 370084,
                        "Plan Width": 4,
                        "Actual Startup Time": 12.51,
                        "Actual Total Time": 71.383,
                        "Actual Rows": 368218,
                        "Actual Loops": 2,
                        "Recheck Cond": "(info_type_id = 17)",
                        "Rows Removed by Index Recheck": 0,
                        "Exact Heap Blocks": 10810,
                        "Lossy Heap Blocks": 0,
                        "Plans": [
                          {
                            "Node Type": "Bitmap Index Scan",
                            "Parent Relationship": "Outer",
                            "Parallel Aware": false,
                            "Index Name": "info_type_id_movie_info",
                            "Startup Cost": 0.0,
                            "Total Cost": 6612.07,
                            "Plan Rows": 370084,
                            "Plan Width": 0,
                            "Actual Startup Time": 11.265,
                            "Actual Total Time": 11.265,
                            "Actual Rows": 368218,
                            "Actual Loops": 2,
                            "Index Cond": "(info_type_id = 17)"
                          }
                        ]
                      }
                    ]
                  }
                ]
              }
            ]
          }
        ]
      }
    ]
  },
  "Planning Time": 1.129,
  "Triggers": [],
  "Execution Time": 5257.592
}