[
  {
    "Plan": {
      "Node Type": "Aggregate",
      "Strategy": "Plain",
      "Partial Mode": "Finalize",
      "Parallel Aware": false,
      "Startup Cost": 206814.03,
      "Total Cost": 206814.04,
      "Plan Rows": 1,
      "Plan Width": 8,
      "Actual Startup Time": 507.309,
      "Actual Total Time": 544.073,
      "Actual Rows": 1,
      "Actual Loops": 1,
      "Plans": [
        {
          "Node Type": "Gather",
          "Parent Relationship": "Outer",
          "Parallel Aware": false,
          "Startup Cost": 206813.51,
          "Total Cost": 206814.02,
          "Plan Rows": 5,
          "Plan Width": 8,
          "Actual Startup Time": 507.184,
          "Actual Total Time": 544.062,
          "Actual Rows": 6,
          "Actual Loops": 1,
          "Workers Planned": 5,
          "Workers Launched": 5,
          "Single Copy": false,
          "Plans": [
            {
              "Node Type": "Aggregate",
              "Strategy": "Plain",
              "Partial Mode": "Partial",
              "Parent Relationship": "Outer",
              "Parallel Aware": false,
              "Startup Cost": 205813.51,
              "Total Cost": 205813.52,
              "Plan Rows": 1,
              "Plan Width": 8,
              "Actual Startup Time": 497.246,
              "Actual Total Time": 497.247,
              "Actual Rows": 1,
              "Actual Loops": 6,
              "Plans": [
                {
                  "Node Type": "Seq Scan",
                  "Parent Relationship": "Outer",
                  "Parallel Aware": true,
                  "Relation Name": "movie_info",
                  "Alias": "mi",
                  "Startup Cost": 0.0,
                  "Total Cost": 198952.16,
                  "Plan Rows": 2744538,
                  "Plan Width": 0,
                  "Actual Startup Time": 0.063,
                  "Actual Total Time": 385.551,
                  "Actual Rows": 2304784,
                  "Actual Loops": 6,
                  "Filter": "(info_type_id < 88)",
                  "Rows Removed by Filter": 167836
                }
              ]
            }
          ]
        }
      ]
    },
    "Planning Time": 0.151,
    "Triggers": [],
    "Execution Time": 544.136
  }
]