[
  {
    "Plan": {
      "Node Type": "Aggregate",
      "Strategy": "Plain",
      "Partial Mode": "Finalize",
      "Parallel Aware": false,
      "Startup Cost": 209496.02,
      "Total Cost": 209496.03,
      "Plan Rows": 1,
      "Plan Width": 8,
      "Actual Startup Time": 177.338,
      "Actual Total Time": 210.88,
      "Actual Rows": 1,
      "Actual Loops": 1,
      "Plans": [
        {
          "Node Type": "Gather",
          "Parent Relationship": "Outer",
          "Parallel Aware": false,
          "Startup Cost": 209495.6,
          "Total Cost": 209496.01,
          "Plan Rows": 4,
          "Plan Width": 8,
          "Actual Startup Time": 177.032,
          "Actual Total Time": 210.868,
          "Actual Rows": 5,
          "Actual Loops": 1,
          "Workers Planned": 4,
          "Workers Launched": 4,
          "Single Copy": false,
          "Plans": [
            {
              "Node Type": "Aggregate",
              "Strategy": "Plain",
              "Partial Mode": "Partial",
              "Parent Relationship": "Outer",
              "Parallel Aware": false,
              "Startup Cost": 208495.6,
              "Total Cost": 208495.61,
              "Plan Rows": 1,
              "Plan Width": 8,
              "Actual Startup Time": 169.591,
              "Actual Total Time": 169.594,
              "Actual Rows": 1,
              "Actual Loops": 5,
              "Plans": [
                {
                  "Node Type": "Nested Loop",
                  "Parent Relationship": "Outer",
                  "Parallel Aware": false,
                  "Join Type": "Inner",
                  "Startup Cost": 0.56,
                  "Total Cost": 208438.72,
                  "Plan Rows": 22750,
                  "Plan Width": 0,
                  "Actual Startup Time": 1.701,
                  "Actual Total Time": 167.537,
                  "Actual Rows": 20034,
                  "Actual Loops": 5,
                  "Inner Unique": false,
                  "Plans": [
                    {
                      "Node Type": "Seq Scan",
                      "Parent Relationship": "Outer",
                      "Parallel Aware": true,
                      "Relation Name": "title",
                      "Alias": "t",
                      "Startup Cost": 0.0,
                      "Total Cost": 45479.59,
                      "Plan Rows": 1587,
                      "Plan Width": 4,
                      "Actual Startup Time": 0.929,
                      "Actual Total Time": 71.928,
                      "Actual Rows": 1266,
                      "Actual Loops": 5,
                      "Filter": "((kind_id < 7) AND (production_year = 1978))",
                      "Rows Removed by Filter": 504396
                    },
                    {
                      "Node Type": "Index Only Scan",
                      "Parent Relationship": "Inner",
                      "Parallel Aware": false,
                      "Scan Direction": "Forward",
                      "Index Name": "movie_id_cast_info",
                      "Relation Name": "cast_info",
                      "Alias": "ci",
                      "Startup Cost": 0.56,
                      "Total Cost": 102.33,
                      "Plan Rows": 35,
                      "Plan Width": 4,
                      "Actual Startup Time": 0.015,
                      "Actual Total Time": 0.073,
                      "Actual Rows": 16,
                      "Actual Loops": 6330,
                      "Index Cond": "(movie_id = t.id)",
                      "Rows Removed by Index Recheck": 0,
                      "Heap Fetches": 100172
                    }
                  ]
                }
              ]
            }
          ]
        }
      ]
    },
    "Planning Time": 0.216,
    "Triggers": [],
    "Execution Time": 210.927
  }
]