[
    {
        "Bao": {
            "Bao prediction": 445.562,
            "Bao recommended hint": "(no hint)"
        }
    },
    {
        "Plan": {
            "Node Type": "Aggregate",
            "Strategy": "Plain",
            "Partial Mode": "Finalize",
            "Parallel Aware": false,
            "Startup Cost": 46988.36,
            "Total Cost": 46988.37,
            "Plan Rows": 1,
            "Plan Width": 8,
            "Actual Startup Time": 118.325,
            "Actual Total Time": 127.663,
            "Actual Rows": 1,
            "Actual Loops": 1,
            "Output": [
                "count(*)"
            ],
            "Plans": [
                {
                    "Node Type": "Gather",
                    "Parent Relationship": "Outer",
                    "Parallel Aware": false,
                    "Startup Cost": 46987.94,
                    "Total Cost": 46988.35,
                    "Plan Rows": 4,
                    "Plan Width": 8,
                    "Actual Startup Time": 118.049,
                    "Actual Total Time": 127.655,
                    "Actual Rows": 5,
                    "Actual Loops": 1,
                    "Output": [
                        "(PARTIAL count(*))"
                    ],
                    "Workers Planned": 4,
                    "Workers Launched": 4,
                    "Single Copy": false,
                    "Plans": [
                        {
                            "Node Type": "Aggregate",
                            "Strategy": "Plain",
                            "Partial Mode": "Partial",
                            "Parent Relationship": "Outer",
                            "Parallel Aware": false,
                            "Startup Cost": 45987.94,
                            "Total Cost": 45987.95,
                            "Plan Rows": 1,
                            "Plan Width": 8,
                            "Actual Startup Time": 109.613,
                            "Actual Total Time": 109.614,
                            "Actual Rows": 1,
                            "Actual Loops": 5,
                            "Output": [
                                "PARTIAL count(*)"
                            ],
                            "Workers": [
                                {
                                    "Worker Number": 0,
                                    "Actual Startup Time": 107.178,
                                    "Actual Total Time": 107.179,
                                    "Actual Rows": 1,
                                    "Actual Loops": 1
                                },
                                {
                                    "Worker Number": 1,
                                    "Actual Startup Time": 107.716,
                                    "Actual Total Time": 107.717,
                                    "Actual Rows": 1,
                                    "Actual Loops": 1
                                },
                                {
                                    "Worker Number": 2,
                                    "Actual Startup Time": 107.728,
                                    "Actual Total Time": 107.729,
                                    "Actual Rows": 1,
                                    "Actual Loops": 1
                                },
                                {
                                    "Worker Number": 3,
                                    "Actual Startup Time": 108.088,
                                    "Actual Total Time": 108.089,
                                    "Actual Rows": 1,
                                    "Actual Loops": 1
                                }
                            ],
                            "Plans": [
                                {
                                    "Node Type": "Seq Scan",
                                    "Parent Relationship": "Outer",
                                    "Parallel Aware": true,
                                    "Relation Name": "title",
                                    "Schema": "public",
                                    "Alias": "t",
                                    "Startup Cost": 0.0,
                                    "Total Cost": 45479.21,
                                    "Plan Rows": 203492,
                                    "Plan Width": 0,
                                    "Actual Startup Time": 0.043,
                                    "Actual Total Time": 100.1,
                                    "Actual Rows": 145181,
                                    "Actual Loops": 5,
                                    "Output": [
                                        "id",
                                        "title",
                                        "imdb_index",
                                        "kind_id",
                                        "production_year",
                                        "imdb_id",
                                        "phonetic_code",
                                        "episode_of_id",
                                        "season_nr",
                                        "episode_nr",
                                        "series_years",
                                        "md5sum"
                                    ],
                                    "Filter": "((t.kind_id < 7) AND (t.production_year > 1970))",
                                    "Rows Removed by Filter": 360482,
                                    "Workers": [
                                        {
                                            "Worker Number": 0,
                                            "Actual Startup Time": 0.052,
                                            "Actual Total Time": 98.113,
                                            "Actual Rows": 119066,
                                            "Actual Loops": 1
                                        },
                                        {
                                            "Worker Number": 1,
                                            "Actual Startup Time": 0.045,
                                            "Actual Total Time": 98.75,
                                            "Actual Rows": 118938,
                                            "Actual Loops": 1
                                        },
                                        {
                                            "Worker Number": 2,
                                            "Actual Startup Time": 0.049,
                                            "Actual Total Time": 98.688,
                                            "Actual Rows": 119612,
                                            "Actual Loops": 1
                                        },
                                        {
                                            "Worker Number": 3,
                                            "Actual Startup Time": 0.043,
                                            "Actual Total Time": 98.987,
                                            "Actual Rows": 119501,
                                            "Actual Loops": 1
                                        }
                                    ]
                                }
                            ]
                        }
                    ]
                }
            ]
        },
        "Planning Time": 641.331,
        "Triggers": [],
        "Execution Time": 127.76
    }
]