[
  {
    "Plan": {
      "Node Type": "Aggregate",
      "Strategy": "Plain",
      "Partial Mode": "Finalize",
      "Parallel Aware": false,
      "Startup Cost": 248772.52,
      "Total Cost": 248772.53,
      "Plan Rows": 1,
      "Plan Width": 8,
      "Actual Startup Time": 1012.254,
      "Actual Total Time": 1054.005,
      "Actual Rows": 1,
      "Actual Loops": 1,
      "Plans": [
        {
          "Node Type": "Gather",
          "Parent Relationship": "Outer",
          "Parallel Aware": false,
          "Startup Cost": 248772.0,
          "Total Cost": 248772.51,
          "Plan Rows": 5,
          "Plan Width": 8,
          "Actual Startup Time": 1005.135,
          "Actual Total Time": 1053.997,
          "Actual Rows": 6,
          "Actual Loops": 1,
          "Workers Planned": 5,
          "Workers Launched": 5,
          "Single Copy": false,
          "Plans": [
            {
              "Node Type": "Aggregate",
              "Strategy": "Plain",
              "Partial Mode": "Partial",
              "Parent Relationship": "Outer",
              "Parallel Aware": false,
              "Startup Cost": 247772.0,
              "Total Cost": 247772.01,
              "Plan Rows": 1,
              "Plan Width": 8,
              "Actual Startup Time": 994.598,
              "Actual Total Time": 994.601,
              "Actual Rows": 1,
              "Actual Loops": 6,
              "Plans": [
                {
                  "Node Type": "Hash Join",
                  "Parent Relationship": "Outer",
                  "Parallel Aware": true,
                  "Join Type": "Inner",
                  "Startup Cost": 46250.33,
                  "Total Cost": 245572.09,
                  "Plan Rows": 879961,
                  "Plan Width": 0,
                  "Actual Startup Time": 143.122,
                  "Actual Total Time": 950.695,
                  "Actual Rows": 997029,
                  "Actual Loops": 6,
                  "Inner Unique": true,
                  "Hash Cond": "(mi.movie_id = t.id)",
                  "Plans": [
                    {
                      "Node Type": "Seq Scan",
                      "Parent Relationship": "Outer",
                      "Parallel Aware": true,
                      "Relation Name": "movie_info",
                      "Alias": "mi",
                      "Startup Cost": 0.0,
                      "Total Cost": 191560.33,
                      "Plan Rows": 2956733,
                      "Plan Width": 4,
                      "Actual Startup Time": 0.028,
                      "Actual Total Time": 296.778,
                      "Actual Rows": 2472620,
                      "Actual Loops": 6
                    },
                    {
                      "Node Type": "Hash",
                      "Parent Relationship": "Inner",
                      "Parallel Aware": true,
                      "Startup Cost": 43898.92,
                      "Total Cost": 43898.92,
                      "Plan Rows": 188113,
                      "Plan Width": 4,
                      "Actual Startup Time": 139.376,
                      "Actual Total Time": 139.377,
                      "Actual Rows": 125984,
                      "Actual Loops": 6,
                      "Hash Buckets": 1048576,
                      "Original Hash Buckets": 1048576,
                      "Hash Batches": 1,
                      "Original Hash Batches": 1,
                      "Peak Memory Usage": 37856,
                      "Plans": [
                        {
                          "Node Type": "Seq Scan",
                          "Parent Relationship": "Outer",
                          "Parallel Aware": true,
                          "Relation Name": "title",
                          "Alias": "t",
                          "Startup Cost": 0.0,
                          "Total Cost": 43898.92,
                          "Plan Rows": 188113,
                          "Plan Width": 4,
                          "Actual Startup Time": 0.036,
                          "Actual Total Time": 82.92,
                          "Actual Rows": 125984,
                          "Actual Loops": 6,
                          "Filter": "(production_year < 1993)",
                          "Rows Removed by Filter": 295402
                        }
                      ]
                    }
                  ]
                }
              ]
            }
          ]
        }
      ]
    },
    "Planning Time": 0.581,
    "Triggers": [],
    "Execution Time": 1054.087
  }
]