[
  {
    "Plan": {
      "Node Type": "Aggregate",
      "Strategy": "Plain",
      "Partial Mode": "Finalize",
      "Parallel Aware": false,
      "Startup Cost": 28879.24,
      "Total Cost": 28879.25,
      "Plan Rows": 1,
      "Plan Width": 8,
      "Actual Startup Time": 32.087,
      "Actual Total Time": 40.683,
      "Actual Rows": 1,
      "Actual Loops": 1,
      "Plans": [
        {
          "Node Type": "Gather",
          "Parent Relationship": "Outer",
          "Parallel Aware": false,
          "Startup Cost": 28879.03,
          "Total Cost": 28879.24,
          "Plan Rows": 2,
          "Plan Width": 8,
          "Actual Startup Time": 31.979,
          "Actual Total Time": 40.678,
          "Actual Rows": 3,
          "Actual Loops": 1,
          "Workers Planned": 2,
          "Workers Launched": 2,
          "Single Copy": false,
          "Plans": [
            {
              "Node Type": "Aggregate",
              "Strategy": "Plain",
              "Partial Mode": "Partial",
              "Parent Relationship": "Outer",
              "Parallel Aware": false,
              "Startup Cost": 27879.03,
              "Total Cost": 27879.04,
              "Plan Rows": 1,
              "Plan Width": 8,
              "Actual Startup Time": 28.684,
              "Actual Total Time": 28.685,
              "Actual Rows": 1,
              "Actual Loops": 3,
              "Plans": [
                {
                  "Node Type": "Nested Loop",
                  "Parent Relationship": "Outer",
                  "Parallel Aware": false,
                  "Join Type": "Inner",
                  "Startup Cost": 106.83,
                  "Total Cost": 27877.85,
                  "Plan Rows": 473,
                  "Plan Width": 0,
                  "Actual Startup Time": 3.075,
                  "Actual Total Time": 28.505,
                  "Actual Rows": 1495,
                  "Actual Loops": 3,
                  "Inner Unique": false,
                  "Plans": [
                    {
                      "Node Type": "Nested Loop",
                      "Parent Relationship": "Outer",
                      "Parallel Aware": false,
                      "Join Type": "Inner",
                      "Startup Cost": 106.26,
                      "Total Cost": 26909.93,
                      "Plan Rows": 33,
                      "Plan Width": 8,
                      "Actual Startup Time": 2.975,
                      "Actual Total Time": 19.727,
                      "Actual Rows": 28,
                      "Actual Loops": 3,
                      "Inner Unique": true,
                      "Plans": [
                        {
                          "Node Type": "Bitmap Heap Scan",
                          "Parent Relationship": "Outer",
                          "Parallel Aware": true,
                          "Relation Name": "movie_keyword",
                          "Alias": "mk",
                          "Startup Cost": 105.83,
                          "Total Cost": 12117.13,
                          "Plan Rows": 2011,
                          "Plan Width": 4,
                          "Actual Startup Time": 1.202,
                          "Actual Total Time": 6.735,
                          "Actual Rows": 1751,
                          "Actual Loops": 3,
                          "Recheck Cond": "(keyword_id = 3311)",
                          "Rows Removed by Index Recheck": 0,
                          "Exact Heap Blocks": 2518,
                          "Lossy Heap Blocks": 0,
                          "Plans": [
                            {
                              "Node Type": "Bitmap Index Scan",
                              "Parent Relationship": "Outer",
                              "Parallel Aware": false,
                              "Index Name": "keyword_id_movie_keyword",
                              "Startup Cost": 0.0,
                              "Total Cost": 104.63,
                              "Plan Rows": 4826,
                              "Plan Width": 0,
                              "Actual Startup Time": 2.656,
                              "Actual Total Time": 2.656,
                              "Actual Rows": 5252,
                              "Actual Loops": 1,
                              "Index Cond": "(keyword_id = 3311)"
                            }
                          ]
                        },
                        {
                          "Node Type": "Index Scan",
                          "Parent Relationship": "Inner",
                          "Parallel Aware": false,
                          "Scan Direction": "Forward",
                          "Index Name": "title_pkey",
                          "Relation Name": "title",
                          "Alias": "t",
                          "Startup Cost": 0.43,
                          "Total Cost": 7.36,
                          "Plan Rows": 1,
                          "Plan Width": 4,
                          "Actual Startup Time": 0.007,
                          "Actual Total Time": 0.007,
                          "Actual Rows": 0,
                          "Actual Loops": 5252,
                          "Index Cond": "(id = mk.movie_id)",
                          "Rows Removed by Index Recheck": 0,
                          "Filter": "((kind_id = 1) AND (production_year = 2011))",
                          "Rows Removed by Filter": 1
                        }
                      ]
                    },
                    {
                      "Node Type": "Index Only Scan",
                      "Parent Relationship": "Inner",
                      "Parallel Aware": false,
                      "Scan Direction": "Forward",
                      "Index Name": "movie_id_cast_info",
                      "Relation Name": "cast_info",
                      "Alias": "ci",
                      "Startup Cost": 0.56,
                      "Total Cost": 28.98,
                      "Plan Rows": 35,
                      "Plan Width": 4,
                      "Actual Startup Time": 0.026,
                      "Actual Total Time": 0.31,
                      "Actual Rows": 54,
                      "Actual Loops": 83,
                      "Index Cond": "(movie_id = t.id)",
                      "Rows Removed by Index Recheck": 0,
                      "Heap Fetches": 4484
                    }
                  ]
                }
              ]
            }
          ]
        }
      ]
    },
    "Planning Time": 0.667,
    "Triggers": [],
    "Execution Time": 40.742
  }
]