{
  "Plan": {
    "Node Type": "Aggregate",
    "Strategy": "Plain",
    "Partial Mode": "Finalize",
    "Parallel Aware": false,
    "Startup Cost": 90615.13,
    "Total Cost": 90615.14,
    "Plan Rows": 1,
    "Plan Width": 8,
    "Actual Startup Time": 268.32,
    "Actual Total Time": 281.913,
    "Actual Rows": 1,
    "Actual Loops": 1,
    "Plans": [
      {
        "Node Type": "Gather",
        "Parent Relationship": "Outer",
        "Parallel Aware": false,
        "Startup Cost": 90615.02,
        "Total Cost": 90615.13,
        "Plan Rows": 1,
        "Plan Width": 8,
        "Actual Startup Time": 267.962,
        "Actual Total Time": 281.903,
        "Actual Rows": 2,
        "Actual Loops": 1,
        "Workers Planned": 1,
        "Workers Launched": 1,
        "Single Copy": false,
        "Plans": [
          {
            "Node Type": "Aggregate",
            "Strategy": "Plain",
            "Partial Mode": "Partial",
            "Parent Relationship": "Outer",
            "Parallel Aware": false,
            "Startup Cost": 89615.02,
            "Total Cost": 89615.03,
            "Plan Rows": 1,
            "Plan Width": 8,
            "Actual Startup Time": 261.934,
            "Actual Total Time": 261.938,
            "Actual Rows": 1,
            "Actual Loops": 2,
            "Plans": [
              {
                "Node Type": "Hash Join",
                "Parent Relationship": "Outer",
                "Parallel Aware": true,
                "Join Type": "Inner",
                "Startup Cost": 67292.96,
                "Total Cost": 89601.98,
                "Plan Rows": 5216,
                "Plan Width": 0,
                "Actual Startup Time": 182.34,
                "Actual Total Time": 261.726,
                "Actual Rows": 2348,
                "Actual Loops": 2,
                "Inner Unique": true,
                "Hash Cond": "(mc.movie_id = t.id)",
                "Plans": [
                  {
                    "Node Type": "Bitmap Heap Scan",
                    "Parent Relationship": "Outer",
                    "Parallel Aware": true,
                    "Relation Name": "movie_companies",
                    "Alias": "mc",
                    "Startup Cost": 8569.76,
                    "Total Cost": 30268.04,
                    "Plan Rows": 232662,
                    "Plan Width": 4,
                    "Actual Startup Time": 22.219,
                    "Actual Total Time": 74.797,
                    "Actual Rows": 195632,
                    "Actual Loops": 2,
                    "Recheck Cond": "(company_id < 236)",
                    "Rows Removed by Index Recheck": 0,
                    "Exact Heap Blocks": 10260,
                    "Lossy Heap Blocks": 0,
                    "Plans": [
                      {
                        "Node Type": "Bitmap Index Scan",
                        "Parent Relationship": "Outer",
                        "Parallel Aware": false,
                        "Index Name": "company_id_movie_companies",
                        "Startup Cost": 0.0,
                        "Total Cost": 8470.88,
                        "Plan Rows": 395526,
                        "Plan Width": 0,
                        "Actual Startup Time": 18.866,
                        "Actual Total Time": 18.867,
                        "Actual Rows": 391263,
                        "Actual Loops": 1,
                        "Index Cond": "(company_id < 236)"
                      }
                    ]
                  },
                  {
                    "Node Type": "Hash",
                    "Parent Relationship": "Inner",
                    "Parallel Aware": true,
                    "Startup Cost": 58306.47,
                    "Total Cost": 58306.47,
                    "Plan Rows": 33339,
                    "Plan Width": 4,
                    "Actual Startup Time": 158.702,
                    "Actual Total Time": 158.703,
                    "Actual Rows": 24538,
                    "Actual Loops": 2,
                    "Hash Buckets": 65536,
                    "Original Hash Buckets": 65536,
                    "Hash Batches": 1,
                    "Original Hash Batches": 1,
                    "Peak Memory Usage": 2464,
                    "Plans": [
                      {
                        "Node Type": "Seq Scan",
                        "Parent Relationship": "Outer",
                        "Parallel Aware": true,
                        "Relation Name": "title",
                        "Alias": "t",
                        "Startup Cost": 0.0,
                        "Total Cost": 58306.47,
                        "Plan Rows": 33339,
                        "Plan Width": 4,
                        "Actual Startup Time": 0.165,
                        "Actual Total Time": 152.003,
                        "Actual Rows": 24538,
                        "Actual Loops": 2,
                        "Filter": "((kind_id < 7) AND (production_year = 2010))",
                        "Rows Removed by Filter": 1239618
                      }
                    ]
                  }
                ]
              }
            ]
          }
        ]
      }
    ]
  },
  "Planning Time": 0.491,
  "Triggers": [],
  "Execution Time": 282.015
}