[
    {
        "Bao": {
            "Bao prediction": "NaN",
            "Bao recommended hint": "(no hint)"
        }
    },
    {
        "Plan": {
            "Node Type": "Aggregate",
            "Strategy": "Plain",
            "Partial Mode": "Finalize",
            "Parallel Aware": false,
            "Startup Cost": 349237.13,
            "Total Cost": 349237.14,
            "Plan Rows": 1,
            "Plan Width": 8,
            "Actual Startup Time": 683.203,
            "Actual Total Time": 706.126,
            "Actual Rows": 1,
            "Actual Loops": 1,
            "Output": [
                "count(*)"
            ],
            "Plans": [
                {
                    "Node Type": "Gather",
                    "Parent Relationship": "Outer",
                    "Parallel Aware": false,
                    "Startup Cost": 349236.5,
                    "Total Cost": 349237.11,
                    "Plan Rows": 6,
                    "Plan Width": 8,
                    "Actual Startup Time": 683.107,
                    "Actual Total Time": 706.117,
                    "Actual Rows": 7,
                    "Actual Loops": 1,
                    "Output": [
                        "(PARTIAL count(*))"
                    ],
                    "Workers Planned": 6,
                    "Workers Launched": 6,
                    "Single Copy": false,
                    "Plans": [
                        {
                            "Node Type": "Aggregate",
                            "Strategy": "Plain",
                            "Partial Mode": "Partial",
                            "Parent Relationship": "Outer",
                            "Parallel Aware": false,
                            "Startup Cost": 348236.5,
                            "Total Cost": 348236.51,
                            "Plan Rows": 1,
                            "Plan Width": 8,
                            "Actual Startup Time": 673.349,
                            "Actual Total Time": 673.351,
                            "Actual Rows": 1,
                            "Actual Loops": 7,
                            "Output": [
                                "PARTIAL count(*)"
                            ],
                            "Workers": [
                                {
                                    "Worker Number": 0,
                                    "Actual Startup Time": 671.205,
                                    "Actual Total Time": 671.206,
                                    "Actual Rows": 1,
                                    "Actual Loops": 1
                                },
                                {
                                    "Worker Number": 1,
                                    "Actual Startup Time": 671.204,
                                    "Actual Total Time": 671.205,
                                    "Actual Rows": 1,
                                    "Actual Loops": 1
                                },
                                {
                                    "Worker Number": 2,
                                    "Actual Startup Time": 671.6,
                                    "Actual Total Time": 671.601,
                                    "Actual Rows": 1,
                                    "Actual Loops": 1
                                },
                                {
                                    "Worker Number": 3,
                                    "Actual Startup Time": 671.905,
                                    "Actual Total Time": 671.908,
                                    "Actual Rows": 1,
                                    "Actual Loops": 1
                                },
                                {
                                    "Worker Number": 4,
                                    "Actual Startup Time": 672.348,
                                    "Actual Total Time": 672.35,
                                    "Actual Rows": 1,
                                    "Actual Loops": 1
                                },
                                {
                                    "Worker Number": 5,
                                    "Actual Startup Time": 672.386,
                                    "Actual Total Time": 672.387,
                                    "Actual Rows": 1,
                                    "Actual Loops": 1
                                }
                            ],
                            "Plans": [
                                {
                                    "Node Type": "Seq Scan",
                                    "Parent Relationship": "Outer",
                                    "Parallel Aware": true,
                                    "Relation Name": "cast_info",
                                    "Schema": "public",
                                    "Alias": "ci",
                                    "Startup Cost": 0.0,
                                    "Total Cost": 343318.94,
                                    "Plan Rows": 1967025,
                                    "Plan Width": 0,
                                    "Actual Startup Time": 311.114,
                                    "Actual Total Time": 595.313,
                                    "Actual Rows": 1918236,
                                    "Actual Loops": 7,
                                    "Output": [
                                        "id",
                                        "person_id",
                                        "movie_id",
                                        "person_role_id",
                                        "note",
                                        "nr_order",
                                        "role_id"
                                    ],
                                    "Filter": "((ci.person_id > 942724) AND (ci.role_id > 2))",
                                    "Rows Removed by Filter": 3259528,
                                    "Workers": [
                                        {
                                            "Worker Number": 0,
                                            "Actual Startup Time": 308.956,
                                            "Actual Total Time": 595.21,
                                            "Actual Rows": 1843573,
                                            "Actual Loops": 1
                                        },
                                        {
                                            "Worker Number": 1,
                                            "Actual Startup Time": 308.974,
                                            "Actual Total Time": 595.274,
                                            "Actual Rows": 1846266,
                                            "Actual Loops": 1
                                        },
                                        {
                                            "Worker Number": 2,
                                            "Actual Startup Time": 309.359,
                                            "Actual Total Time": 595.875,
                                            "Actual Rows": 1849826,
                                            "Actual Loops": 1
                                        },
                                        {
                                            "Worker Number": 3,
                                            "Actual Startup Time": 309.681,
                                            "Actual Total Time": 596.085,
                                            "Actual Rows": 1850981,
                                            "Actual Loops": 1
                                        },
                                        {
                                            "Worker Number": 4,
                                            "Actual Startup Time": 310.118,
                                            "Actual Total Time": 596.639,
                                            "Actual Rows": 1853405,
                                            "Actual Loops": 1
                                        },
                                        {
                                            "Worker Number": 5,
                                            "Actual Startup Time": 310.148,
                                            "Actual Total Time": 596.409,
                                            "Actual Rows": 1854530,
                                            "Actual Loops": 1
                                        }
                                    ]
                                }
                            ]
                        }
                    ]
                }
            ]
        },
        "Planning Time": 200.073,
        "Triggers": [],
        "Execution Time": 706.175
    }
]