{
  "Plan": {
    "Node Type": "Aggregate",
    "Strategy": "Plain",
    "Partial Mode": "Finalize",
    "Parallel Aware": false,
    "Startup Cost": 89603.31,
    "Total Cost": 89603.32,
    "Plan Rows": 1,
    "Plan Width": 8,
    "Actual Startup Time": 414.268,
    "Actual Total Time": 427.484,
    "Actual Rows": 1,
    "Actual Loops": 1,
    "Plans": [
      {
        "Node Type": "Gather",
        "Parent Relationship": "Outer",
        "Parallel Aware": false,
        "Startup Cost": 89603.19,
        "Total Cost": 89603.3,
        "Plan Rows": 1,
        "Plan Width": 8,
        "Actual Startup Time": 413.487,
        "Actual Total Time": 427.476,
        "Actual Rows": 2,
        "Actual Loops": 1,
        "Workers Planned": 1,
        "Workers Launched": 1,
        "Single Copy": false,
        "Plans": [
          {
            "Node Type": "Aggregate",
            "Strategy": "Plain",
            "Partial Mode": "Partial",
            "Parent Relationship": "Outer",
            "Parallel Aware": false,
            "Startup Cost": 88603.19,
            "Total Cost": 88603.2,
            "Plan Rows": 1,
            "Plan Width": 8,
            "Actual Startup Time": 410.107,
            "Actual Total Time": 410.111,
            "Actual Rows": 1,
            "Actual Loops": 2,
            "Plans": [
              {
                "Node Type": "Hash Join",
                "Parent Relationship": "Outer",
                "Parallel Aware": true,
                "Join Type": "Inner",
                "Startup Cost": 27286.26,
                "Total Cost": 88259.79,
                "Plan Rows": 137363,
                "Plan Width": 0,
                "Actual Startup Time": 100.239,
                "Actual Total Time": 405.15,
                "Actual Rows": 116332,
                "Actual Loops": 2,
                "Inner Unique": false,
                "Hash Cond": "(t.id = mc.movie_id)",
                "Plans": [
                  {
                    "Node Type": "Seq Scan",
                    "Parent Relationship": "Outer",
                    "Parallel Aware": true,
                    "Relation Name": "title",
                    "Alias": "t",
                    "Startup Cost": 0.0,
                    "Total Cost": 50870.31,
                    "Plan Rows": 1487231,
                    "Plan Width": 4,
                    "Actual Startup Time": 0.009,
                    "Actual Total Time": 110.978,
                    "Actual Rows": 1264156,
                    "Actual Loops": 2
                  },
                  {
                    "Node Type": "Hash",
                    "Parent Relationship": "Inner",
                    "Parallel Aware": true,
                    "Startup Cost": 25569.22,
                    "Total Cost": 25569.22,
                    "Plan Rows": 137363,
                    "Plan Width": 4,
                    "Actual Startup Time": 96.75,
                    "Actual Total Time": 96.752,
                    "Actual Rows": 116332,
                    "Actual Loops": 2,
                    "Hash Buckets": 262144,
                    "Original Hash Buckets": 262144,
                    "Hash Batches": 1,
                    "Original Hash Batches": 1,
                    "Peak Memory Usage": 11200,
                    "Plans": [
                      {
                        "Node Type": "Bitmap Heap Scan",
                        "Parent Relationship": "Outer",
                        "Parallel Aware": true,
                        "Relation Name": "movie_companies",
                        "Alias": "mc",
                        "Startup Cost": 5062.19,
                        "Total Cost": 25569.22,
                        "Plan Rows": 137363,
                        "Plan Width": 4,
                        "Actual Startup Time": 28.718,
                        "Actual Total Time": 71.258,
                        "Actual Rows": 116332,
                        "Actual Loops": 2,
                        "Recheck Cond": "(company_id < 93)",
                        "Rows Removed by Index Recheck": 0,
                        "Exact Heap Blocks": 11691,
                        "Lossy Heap Blocks": 0,
                        "Plans": [
                          {
                            "Node Type": "Bitmap Index Scan",
                            "Parent Relationship": "Outer",
                            "Parallel Aware": false,
                            "Index Name": "company_id_movie_companies",
                            "Startup Cost": 0.0,
                            "Total Cost": 5003.81,
                            "Plan Rows": 233517,
                            "Plan Width": 0,
                            "Actual Startup Time": 24.902,
                            "Actual Total Time": 24.903,
                            "Actual Rows": 232665,
                            "Actual Loops": 1,
                            "Index Cond": "(company_id < 93)"
                          }
                        ]
                      }
                    ]
                  }
                ]
              }
            ]
          }
        ]
      }
    ]
  },
  "Planning Time": 0.608,
  "Triggers": [],
  "Execution Time": 427.577
}