{
  "Plan": {
    "Node Type": "Aggregate",
    "Strategy": "Plain",
    "Partial Mode": "Finalize",
    "Parallel Aware": false,
    "Startup Cost": 270003.32,
    "Total Cost": 270003.33,
    "Plan Rows": 1,
    "Plan Width": 8,
    "Actual Startup Time": 1220.043,
    "Actual Total Time": 1247.703,
    "Actual Rows": 1,
    "Actual Loops": 1,
    "Plans": [
      {
        "Node Type": "Gather",
        "Parent Relationship": "Outer",
        "Parallel Aware": false,
        "Startup Cost": 270003.2,
        "Total Cost": 270003.31,
        "Plan Rows": 1,
        "Plan Width": 8,
        "Actual Startup Time": 1217.896,
        "Actual Total Time": 1247.694,
        "Actual Rows": 2,
        "Actual Loops": 1,
        "Workers Planned": 1,
        "Workers Launched": 1,
        "Single Copy": false,
        "Plans": [
          {
            "Node Type": "Aggregate",
            "Strategy": "Plain",
            "Partial Mode": "Partial",
            "Parent Relationship": "Outer",
            "Parallel Aware": false,
            "Startup Cost": 269003.2,
            "Total Cost": 269003.21,
            "Plan Rows": 1,
            "Plan Width": 8,
            "Actual Startup Time": 1211.407,
            "Actual Total Time": 1211.414,
            "Actual Rows": 1,
            "Actual Loops": 2,
            "Plans": [
              {
                "Node Type": "Hash Join",
                "Parent Relationship": "Outer",
                "Parallel Aware": true,
                "Join Type": "Inner",
                "Startup Cost": 202334.07,
                "Total Cost": 268532.31,
                "Plan Rows": 188356,
                "Plan Width": 0,
                "Actual Startup Time": 855.878,
                "Actual Total Time": 1205.179,
                "Actual Rows": 133726,
                "Actual Loops": 2,
                "Inner Unique": false,
                "Hash Cond": "(mk.movie_id = t.id)",
                "Plans": [
                  {
                    "Node Type": "Seq Scan",
                    "Parent Relationship": "Outer",
                    "Parallel Aware": true,
                    "Relation Name": "movie_keyword",
                    "Alias": "mk",
                    "Startup Cost": 0.0,
                    "Total Cost": 57718.19,
                    "Plan Rows": 1965886,
                    "Plan Width": 4,
                    "Actual Startup Time": 0.016,
                    "Actual Total Time": 199.809,
                    "Actual Rows": 1668466,
                    "Actual Loops": 2,
                    "Filter": "(keyword_id < 15646)",
                    "Rows Removed by Filter": 593498
                  },
                  {
                    "Node Type": "Hash",
                    "Parent Relationship": "Inner",
                    "Parallel Aware": true,
                    "Startup Cost": 200552.88,
                    "Total Cost": 200552.88,
                    "Plan Rows": 142495,
                    "Plan Width": 8,
                    "Actual Startup Time": 851.659,
                    "Actual Total Time": 851.664,
                    "Actual Rows": 194301,
                    "Actual Loops": 2,
                    "Hash Buckets": 524288,
                    "Original Hash Buckets": 262144,
                    "Hash Batches": 1,
                    "Original Hash Batches": 1,
                    "Peak Memory Usage": 21376,
                    "Plans": [
                      {
                        "Node Type": "Hash Join",
                        "Parent Relationship": "Outer",
                        "Parallel Aware": true,
                        "Join Type": "Inner",
                        "Startup Cost": 59334.36,
                        "Total Cost": 200552.88,
                        "Plan Rows": 142495,
                        "Plan Width": 8,
                        "Actual Startup Time": 168.13,
                        "Actual Total Time": 787.986,
                        "Actual Rows": 194301,
                        "Actual Loops": 2,
                        "Inner Unique": true,
                        "Hash Cond": "(ci.movie_id = t.id)",
                        "Plans": [
                          {
                            "Node Type": "Index Scan",
                            "Parent Relationship": "Outer",
                            "Parallel Aware": true,
                            "Scan Direction": "Forward",
                            "Index Name": "role_id_cast_info",
                            "Relation Name": "cast_info",
                            "Alias": "ci",
                            "Startup Cost": 0.56,
                            "Total Cost": 134450.3,
                            "Plan Rows": 2578582,
                            "Plan Width": 4,
                            "Actual Startup Time": 0.2,
                            "Actual Total Time": 303.822,
                            "Actual Rows": 2161509,
                            "Actual Loops": 2,
                            "Index Cond": "(role_id = 10)",
                            "Rows Removed by Index Recheck": 0
                          },
                          {
                            "Node Type": "Hash",
                            "Parent Relationship": "Inner",
                            "Parallel Aware": true,
                            "Startup Cost": 58306.47,
                            "Total Cost": 58306.47,
                            "Plan Rows": 82186,
                            "Plan Width": 4,
                            "Actual Startup Time": 165.407,
                            "Actual Total Time": 165.409,
                            "Actual Rows": 75330,
                            "Actual Loops": 2,
                            "Hash Buckets": 262144,
                            "Original Hash Buckets": 262144,
                            "Hash Batches": 1,
                            "Original Hash Batches": 1,
                            "Peak Memory Usage": 7968,
                            "Plans": [
                              {
                                "Node Type": "Seq Scan",
                                "Parent Relationship": "Outer",
                                "Parallel Aware": true,
                                "Relation Name": "title",
                                "Alias": "t",
                                "Startup Cost": 0.0,
                                "Total Cost": 58306.47,
                                "Plan Rows": 82186,
                                "Plan Width": 4,
                                "Actual Startup Time": 0.026,
                                "Actual Total Time": 141.484,
                                "Actual Rows": 75330,
                                "Actual Loops": 2,
                                "Filter": "((production_year > 2011) AND (kind_id = 7))",
                                "Rows Removed by Filter": 1188826
                              }
                            ]
                          }
                        ]
                      }
                    ]
                  }
                ]
              }
            ]
          }
        ]
      }
    ]
  },
  "Planning Time": 1.038,
  "Triggers": [],
  "Execution Time": 1247.807
}