[
  {
    "Plan": {
      "Node Type": "Aggregate",
      "Strategy": "Plain",
      "Partial Mode": "Finalize",
      "Parallel Aware": false,
      "Startup Cost": 81083.38,
      "Total Cost": 81083.39,
      "Plan Rows": 1,
      "Plan Width": 8,
      "Actual Startup Time": 327.087,
      "Actual Total Time": 342.35,
      "Actual Rows": 1,
      "Actual Loops": 1,
      "Plans": [
        {
          "Node Type": "Gather",
          "Parent Relationship": "Outer",
          "Parallel Aware": false,
          "Startup Cost": 81083.06,
          "Total Cost": 81083.37,
          "Plan Rows": 3,
          "Plan Width": 8,
          "Actual Startup Time": 322.144,
          "Actual Total Time": 342.34,
          "Actual Rows": 4,
          "Actual Loops": 1,
          "Workers Planned": 3,
          "Workers Launched": 3,
          "Single Copy": false,
          "Plans": [
            {
              "Node Type": "Aggregate",
              "Strategy": "Plain",
              "Partial Mode": "Partial",
              "Parent Relationship": "Outer",
              "Parallel Aware": false,
              "Startup Cost": 80083.06,
              "Total Cost": 80083.07,
              "Plan Rows": 1,
              "Plan Width": 8,
              "Actual Startup Time": 315.568,
              "Actual Total Time": 315.572,
              "Actual Rows": 1,
              "Actual Loops": 4,
              "Plans": [
                {
                  "Node Type": "Hash Join",
                  "Parent Relationship": "Outer",
                  "Parallel Aware": true,
                  "Join Type": "Inner",
                  "Startup Cost": 47992.59,
                  "Total Cost": 79925.98,
                  "Plan Rows": 62832,
                  "Plan Width": 0,
                  "Actual Startup Time": 209.128,
                  "Actual Total Time": 309.87,
                  "Actual Rows": 125090,
                  "Actual Loops": 4,
                  "Inner Unique": true,
                  "Hash Cond": "(mc.movie_id = t.id)",
                  "Plans": [
                    {
                      "Node Type": "Seq Scan",
                      "Parent Relationship": "Outer",
                      "Parallel Aware": true,
                      "Relation Name": "movie_companies",
                      "Alias": "mc",
                      "Startup Cost": 0.0,
                      "Total Cost": 31414.82,
                      "Plan Rows": 197554,
                      "Plan Width": 4,
                      "Actual Startup Time": 34.58,
                      "Actual Total Time": 73.181,
                      "Actual Rows": 219900,
                      "Actual Loops": 4,
                      "Filter": "((company_id > 12496) AND (company_type_id > 1))",
                      "Rows Removed by Filter": 432382
                    },
                    {
                      "Node Type": "Hash",
                      "Parent Relationship": "Inner",
                      "Parallel Aware": true,
                      "Startup Cost": 45479.59,
                      "Total Cost": 45479.59,
                      "Plan Rows": 201040,
                      "Plan Width": 4,
                      "Actual Startup Time": 171.533,
                      "Actual Total Time": 171.534,
                      "Actual Rows": 178435,
                      "Actual Loops": 4,
                      "Hash Buckets": 1048576,
                      "Original Hash Buckets": 1048576,
                      "Hash Batches": 1,
                      "Original Hash Batches": 1,
                      "Peak Memory Usage": 36192,
                      "Plans": [
                        {
                          "Node Type": "Seq Scan",
                          "Parent Relationship": "Outer",
                          "Parallel Aware": true,
                          "Relation Name": "title",
                          "Alias": "t",
                          "Startup Cost": 0.0,
                          "Total Cost": 45479.59,
                          "Plan Rows": 201040,
                          "Plan Width": 4,
                          "Actual Startup Time": 0.036,
                          "Actual Total Time": 107.404,
                          "Actual Rows": 178435,
                          "Actual Loops": 4,
                          "Filter": "((kind_id < 7) AND (production_year > 1972))",
                          "Rows Removed by Filter": 453643
                        }
                      ]
                    }
                  ]
                }
              ]
            }
          ]
        }
      ]
    },
    "Planning Time": 0.302,
    "Triggers": [],
    "Execution Time": 342.39
  }
]