[
    {
        "Bao": {
            "Bao prediction": 726.187,
            "Bao recommended hint": "(no hint)"
        }
    },
    {
        "Plan": {
            "Node Type": "Aggregate",
            "Strategy": "Plain",
            "Partial Mode": "Finalize",
            "Parallel Aware": false,
            "Startup Cost": 92132.49,
            "Total Cost": 92132.5,
            "Plan Rows": 1,
            "Plan Width": 8,
            "Actual Startup Time": 307.915,
            "Actual Total Time": 316.939,
            "Actual Rows": 1,
            "Actual Loops": 1,
            "Output": [
                "count(*)"
            ],
            "Plans": [
                {
                    "Node Type": "Gather",
                    "Parent Relationship": "Outer",
                    "Parallel Aware": false,
                    "Startup Cost": 92132.17,
                    "Total Cost": 92132.48,
                    "Plan Rows": 3,
                    "Plan Width": 8,
                    "Actual Startup Time": 306.874,
                    "Actual Total Time": 316.929,
                    "Actual Rows": 4,
                    "Actual Loops": 1,
                    "Output": [
                        "(PARTIAL count(*))"
                    ],
                    "Workers Planned": 3,
                    "Workers Launched": 3,
                    "Single Copy": false,
                    "Plans": [
                        {
                            "Node Type": "Aggregate",
                            "Strategy": "Plain",
                            "Partial Mode": "Partial",
                            "Parent Relationship": "Outer",
                            "Parallel Aware": false,
                            "Startup Cost": 91132.17,
                            "Total Cost": 91132.18,
                            "Plan Rows": 1,
                            "Plan Width": 8,
                            "Actual Startup Time": 298.704,
                            "Actual Total Time": 298.707,
                            "Actual Rows": 1,
                            "Actual Loops": 4,
                            "Output": [
                                "PARTIAL count(*)"
                            ],
                            "Workers": [
                                {
                                    "Worker Number": 0,
                                    "Actual Startup Time": 295.966,
                                    "Actual Total Time": 295.969,
                                    "Actual Rows": 1,
                                    "Actual Loops": 1
                                },
                                {
                                    "Worker Number": 1,
                                    "Actual Startup Time": 296.089,
                                    "Actual Total Time": 296.091,
                                    "Actual Rows": 1,
                                    "Actual Loops": 1
                                },
                                {
                                    "Worker Number": 2,
                                    "Actual Startup Time": 296.539,
                                    "Actual Total Time": 296.541,
                                    "Actual Rows": 1,
                                    "Actual Loops": 1
                                }
                            ],
                            "Plans": [
                                {
                                    "Node Type": "Hash Join",
                                    "Parent Relationship": "Outer",
                                    "Parallel Aware": true,
                                    "Join Type": "Inner",
                                    "Startup Cost": 45899.03,
                                    "Total Cost": 91009.95,
                                    "Plan Rows": 48890,
                                    "Plan Width": 0,
                                    "Actual Startup Time": 114.425,
                                    "Actual Total Time": 292.328,
                                    "Actual Rows": 130872,
                                    "Actual Loops": 4,
                                    "Inner Unique": true,
                                    "Hash Cond": "(mk.movie_id = t.id)",
                                    "Workers": [
                                        {
                                            "Worker Number": 0,
                                            "Actual Startup Time": 111.469,
                                            "Actual Total Time": 289.484,
                                            "Actual Rows": 140492,
                                            "Actual Loops": 1
                                        },
                                        {
                                            "Worker Number": 1,
                                            "Actual Startup Time": 111.645,
                                            "Actual Total Time": 289.684,
                                            "Actual Rows": 138712,
                                            "Actual Loops": 1
                                        },
                                        {
                                            "Worker Number": 2,
                                            "Actual Startup Time": 112.215,
                                            "Actual Total Time": 290.279,
                                            "Actual Rows": 143601,
                                            "Actual Loops": 1
                                        }
                                    ],
                                    "Plans": [
                                        {
                                            "Node Type": "Seq Scan",
                                            "Parent Relationship": "Outer",
                                            "Parallel Aware": true,
                                            "Relation Name": "movie_keyword",
                                            "Schema": "public",
                                            "Alias": "mk",
                                            "Startup Cost": 0.0,
                                            "Total Cost": 42695.65,
                                            "Plan Rows": 920099,
                                            "Plan Width": 4,
                                            "Actual Startup Time": 0.15,
                                            "Actual Total Time": 109.441,
                                            "Actual Rows": 712540,
                                            "Actual Loops": 4,
                                            "Output": [
                                                "mk.id",
                                                "mk.movie_id",
                                                "mk.keyword_id"
                                            ],
                                            "Filter": "(mk.keyword_id > 2564)",
                                            "Rows Removed by Filter": 418443,
                                            "Workers": [
                                                {
                                                    "Worker Number": 0,
                                                    "Actual Startup Time": 0.151,
                                                    "Actual Total Time": 110.685,
                                                    "Actual Rows": 759557,
                                                    "Actual Loops": 1
                                                },
                                                {
                                                    "Worker Number": 1,
                                                    "Actual Startup Time": 0.152,
                                                    "Actual Total Time": 110.631,
                                                    "Actual Rows": 758558,
                                                    "Actual Loops": 1
                                                },
                                                {
                                                    "Worker Number": 2,
                                                    "Actual Startup Time": 0.138,
                                                    "Actual Total Time": 109.928,
                                                    "Actual Rows": 768717,
                                                    "Actual Loops": 1
                                                }
                                            ]
                                        },
                                        {
                                            "Node Type": "Hash",
                                            "Parent Relationship": "Inner",
                                            "Parallel Aware": true,
                                            "Startup Cost": 45479.21,
                                            "Total Cost": 45479.21,
                                            "Plan Rows": 33586,
                                            "Plan Width": 4,
                                            "Actual Startup Time": 111.597,
                                            "Actual Total Time": 111.598,
                                            "Actual Rows": 58423,
                                            "Actual Loops": 4,
                                            "Output": [
                                                "t.id"
                                            ],
                                            "Hash Buckets": 262144,
                                            "Original Hash Buckets": 262144,
                                            "Hash Batches": 1,
                                            "Original Hash Batches": 1,
                                            "Peak Memory Usage": 11264,
                                            "Workers": [
                                                {
                                                    "Worker Number": 0,
                                                    "Actual Startup Time": 110.528,
                                                    "Actual Total Time": 110.529,
                                                    "Actual Rows": 61023,
                                                    "Actual Loops": 1
                                                },
                                                {
                                                    "Worker Number": 1,
                                                    "Actual Startup Time": 110.522,
                                                    "Actual Total Time": 110.523,
                                                    "Actual Rows": 60671,
                                                    "Actual Loops": 1
                                                },
                                                {
                                                    "Worker Number": 2,
                                                    "Actual Startup Time": 111.108,
                                                    "Actual Total Time": 111.109,
                                                    "Actual Rows": 56669,
                                                    "Actual Loops": 1
                                                }
                                            ],
                                            "Plans": [
                                                {
                                                    "Node Type": "Seq Scan",
                                                    "Parent Relationship": "Outer",
                                                    "Parallel Aware": true,
                                                    "Relation Name": "title",
                                                    "Schema": "public",
                                                    "Alias": "t",
                                                    "Startup Cost": 0.0,
                                                    "Total Cost": 45479.21,
                                                    "Plan Rows": 33586,
                                                    "Plan Width": 4,
                                                    "Actual Startup Time": 0.265,
                                                    "Actual Total Time": 93.693,
                                                    "Actual Rows": 58423,
                                                    "Actual Loops": 4,
                                                    "Output": [
                                                        "t.id"
                                                    ],
                                                    "Filter": "((t.kind_id < 7) AND (t.production_year < 1968))",
                                                    "Rows Removed by Filter": 573655,
                                                    "Workers": [
                                                        {
                                                            "Worker Number": 0,
                                                            "Actual Startup Time": 0.268,
                                                            "Actual Total Time": 92.927,
                                                            "Actual Rows": 61023,
                                                            "Actual Loops": 1
                                                        },
                                                        {
                                                            "Worker Number": 1,
                                                            "Actual Startup Time": 0.179,
                                                            "Actual Total Time": 93.241,
                                                            "Actual Rows": 60671,
                                                            "Actual Loops": 1
                                                        },
                                                        {
                                                            "Worker Number": 2,
                                                            "Actual Startup Time": 0.373,
                                                            "Actual Total Time": 92.575,
                                                            "Actual Rows": 56669,
                                                            "Actual Loops": 1
                                                        }
                                                    ]
                                                }
                                            ]
                                        }
                                    ]
                                }
                            ]
                        }
                    ]
                }
            ]
        },
        "Planning Time": 910.84,
        "Triggers": [],
        "Execution Time": 317.039
    }
]