{
  "Plan": {
    "Node Type": "Aggregate",
    "Strategy": "Plain",
    "Partial Mode": "Simple",
    "Parallel Aware": false,
    "Startup Cost": 3263.03,
    "Total Cost": 3263.04,
    "Plan Rows": 1,
    "Plan Width": 8,
    "Actual Startup Time": 1.118,
    "Actual Total Time": 1.121,
    "Actual Rows": 1,
    "Actual Loops": 1,
    "Plans": [
      {
        "Node Type": "Nested Loop",
        "Parent Relationship": "Outer",
        "Parallel Aware": false,
        "Join Type": "Inner",
        "Startup Cost": 7.35,
        "Total Cost": 3262.72,
        "Plan Rows": 126,
        "Plan Width": 0,
        "Actual Startup Time": 0.424,
        "Actual Total Time": 1.111,
        "Actual Rows": 9,
        "Actual Loops": 1,
        "Inner Unique": false,
        "Plans": [
          {
            "Node Type": "Nested Loop",
            "Parent Relationship": "Outer",
            "Parallel Aware": false,
            "Join Type": "Inner",
            "Startup Cost": 6.78,
            "Total Cost": 3006.58,
            "Plan Rows": 79,
            "Plan Width": 8,
            "Actual Startup Time": 0.228,
            "Actual Total Time": 0.345,
            "Actual Rows": 4,
            "Actual Loops": 1,
            "Inner Unique": true,
            "Plans": [
              {
                "Node Type": "Bitmap Heap Scan",
                "Parent Relationship": "Outer",
                "Parallel Aware": false,
                "Relation Name": "movie_keyword",
                "Alias": "mk",
                "Startup Cost": 6.35,
                "Total Cost": 922.98,
                "Plan Rows": 248,
                "Plan Width": 4,
                "Actual Startup Time": 0.112,
                "Actual Total Time": 0.149,
                "Actual Rows": 9,
                "Actual Loops": 1,
                "Recheck Cond": "(keyword_id = 32383)",
                "Rows Removed by Index Recheck": 0,
                "Exact Heap Blocks": 9,
                "Lossy Heap Blocks": 0,
                "Plans": [
                  {
                    "Node Type": "Bitmap Index Scan",
                    "Parent Relationship": "Outer",
                    "Parallel Aware": false,
                    "Index Name": "keyword_id_movie_keyword",
                    "Startup Cost": 0.0,
                    "Total Cost": 6.29,
                    "Plan Rows": 248,
                    "Plan Width": 0,
                    "Actual Startup Time": 0.099,
                    "Actual Total Time": 0.1,
                    "Actual Rows": 9,
                    "Actual Loops": 1,
                    "Index Cond": "(keyword_id = 32383)"
                  }
                ]
              },
              {
                "Node Type": "Index Scan",
                "Parent Relationship": "Inner",
                "Parallel Aware": false,
                "Scan Direction": "Forward",
                "Index Name": "title_pkey",
                "Relation Name": "title",
                "Alias": "t",
                "Startup Cost": 0.43,
                "Total Cost": 8.4,
                "Plan Rows": 1,
                "Plan Width": 4,
                "Actual Startup Time": 0.02,
                "Actual Total Time": 0.02,
                "Actual Rows": 0,
                "Actual Loops": 9,
                "Index Cond": "(id = mk.movie_id)",
                "Rows Removed by Index Recheck": 0,
                "Filter": "(production_year < 1995)",
                "Rows Removed by Filter": 1
              }
            ]
          },
          {
            "Node Type": "Index Scan",
            "Parent Relationship": "Inner",
            "Parallel Aware": false,
            "Scan Direction": "Forward",
            "Index Name": "movie_id_cast_info",
            "Relation Name": "cast_info",
            "Alias": "ci",
            "Startup Cost": 0.56,
            "Total Cost": 3.2,
            "Plan Rows": 4,
            "Plan Width": 4,
            "Actual Startup Time": 0.148,
            "Actual Total Time": 0.189,
            "Actual Rows": 2,
            "Actual Loops": 4,
            "Index Cond": "(movie_id = t.id)",
            "Rows Removed by Index Recheck": 0,
            "Filter": "(role_id = 3)",
            "Rows Removed by Filter": 42
          }
        ]
      }
    ]
  },
  "Planning Time": 1.175,
  "Triggers": [],
  "Execution Time": 1.212
}