{
    "Plan": {
        "Node Type": "Aggregate",
        "Strategy": "Plain",
        "Partial Mode": "Finalize",
        "Parallel Aware": false,
        "Startup Cost": 337164.17,
        "Total Cost": 337164.18,
        "Plan Rows": 1,
        "Plan Width": 8,
        "Actual Startup Time": 330.834,
        "Actual Total Time": 382.577,
        "Actual Rows": 1,
        "Actual Loops": 1,
        "Output": [
            "count(*)"
        ],
        "Plans": [
            {
                "Node Type": "Gather",
                "Parent Relationship": "Outer",
                "Parallel Aware": false,
                "Startup Cost": 337163.75,
                "Total Cost": 337164.16,
                "Plan Rows": 4,
                "Plan Width": 8,
                "Actual Startup Time": 330.711,
                "Actual Total Time": 382.567,
                "Actual Rows": 5,
                "Actual Loops": 1,
                "Output": [
                    "(PARTIAL count(*))"
                ],
                "Workers Planned": 4,
                "Workers Launched": 4,
                "Single Copy": false,
                "Plans": [
                    {
                        "Node Type": "Aggregate",
                        "Strategy": "Plain",
                        "Partial Mode": "Partial",
                        "Parent Relationship": "Outer",
                        "Parallel Aware": false,
                        "Startup Cost": 336163.75,
                        "Total Cost": 336163.76,
                        "Plan Rows": 1,
                        "Plan Width": 8,
                        "Actual Startup Time": 320.802,
                        "Actual Total Time": 320.804,
                        "Actual Rows": 1,
                        "Actual Loops": 5,
                        "Output": [
                            "PARTIAL count(*)"
                        ],
                        "Workers": [
                            {
                                "Worker Number": 0,
                                "Actual Startup Time": 318.216,
                                "Actual Total Time": 318.218,
                                "Actual Rows": 1,
                                "Actual Loops": 1
                            },
                            {
                                "Worker Number": 1,
                                "Actual Startup Time": 318.045,
                                "Actual Total Time": 318.048,
                                "Actual Rows": 1,
                                "Actual Loops": 1
                            },
                            {
                                "Worker Number": 2,
                                "Actual Startup Time": 318.888,
                                "Actual Total Time": 318.89,
                                "Actual Rows": 1,
                                "Actual Loops": 1
                            },
                            {
                                "Worker Number": 3,
                                "Actual Startup Time": 318.892,
                                "Actual Total Time": 318.894,
                                "Actual Rows": 1,
                                "Actual Loops": 1
                            }
                        ],
                        "Plans": [
                            {
                                "Node Type": "Nested Loop",
                                "Parent Relationship": "Outer",
                                "Parallel Aware": false,
                                "Join Type": "Inner",
                                "Startup Cost": 0.56,
                                "Total Cost": 335904.12,
                                "Plan Rows": 103852,
                                "Plan Width": 0,
                                "Actual Startup Time": 0.346,
                                "Actual Total Time": 313.627,
                                "Actual Rows": 81018,
                                "Actual Loops": 5,
                                "Inner Unique": false,
                                "Workers": [
                                    {
                                        "Worker Number": 0,
                                        "Actual Startup Time": 0.41,
                                        "Actual Total Time": 311.66,
                                        "Actual Rows": 78540,
                                        "Actual Loops": 1
                                    },
                                    {
                                        "Worker Number": 1,
                                        "Actual Startup Time": 0.551,
                                        "Actual Total Time": 312.41,
                                        "Actual Rows": 65414,
                                        "Actual Loops": 1
                                    },
                                    {
                                        "Worker Number": 2,
                                        "Actual Startup Time": 0.364,
                                        "Actual Total Time": 312.531,
                                        "Actual Rows": 77487,
                                        "Actual Loops": 1
                                    },
                                    {
                                        "Worker Number": 3,
                                        "Actual Startup Time": 0.344,
                                        "Actual Total Time": 311.49,
                                        "Actual Rows": 49912,
                                        "Actual Loops": 1
                                    }
                                ],
                                "Plans": [
                                    {
                                        "Node Type": "Seq Scan",
                                        "Parent Relationship": "Outer",
                                        "Parallel Aware": true,
                                        "Relation Name": "title",
                                        "Schema": "public",
                                        "Alias": "t",
                                        "Startup Cost": 0.0,
                                        "Total Cost": 45479.21,
                                        "Plan Rows": 7243,
                                        "Plan Width": 4,
                                        "Actual Startup Time": 0.088,
                                        "Actual Total Time": 74.407,
                                        "Actual Rows": 6427,
                                        "Actual Loops": 5,
                                        "Output": [
                                            "t.id",
                                            "t.title",
                                            "t.imdb_index",
                                            "t.kind_id",
                                            "t.production_year",
                                            "t.imdb_id",
                                            "t.phonetic_code",
                                            "t.episode_of_id",
                                            "t.season_nr",
                                            "t.episode_nr",
                                            "t.series_years",
                                            "t.md5sum"
                                        ],
                                        "Filter": "((t.kind_id = 7) AND (t.production_year = 1998))",
                                        "Rows Removed by Filter": 499236,
                                        "Workers": [
                                            {
                                                "Worker Number": 0,
                                                "Actual Startup Time": 0.122,
                                                "Actual Total Time": 69.731,
                                                "Actual Rows": 6161,
                                                "Actual Loops": 1
                                            },
                                            {
                                                "Worker Number": 1,
                                                "Actual Startup Time": 0.153,
                                                "Actual Total Time": 67.52,
                                                "Actual Rows": 5162,
                                                "Actual Loops": 1
                                            },
                                            {
                                                "Worker Number": 2,
                                                "Actual Startup Time": 0.074,
                                                "Actual Total Time": 69.648,
                                                "Actual Rows": 6036,
                                                "Actual Loops": 1
                                            },
                                            {
                                                "Worker Number": 3,
                                                "Actual Startup Time": 0.066,
                                                "Actual Total Time": 67.212,
                                                "Actual Rows": 3918,
                                                "Actual Loops": 1
                                            }
                                        ]
                                    },
                                    {
                                        "Node Type": "Index Only Scan",
                                        "Parent Relationship": "Inner",
                                        "Parallel Aware": false,
                                        "Scan Direction": "Forward",
                                        "Index Name": "movie_id_cast_info",
                                        "Relation Name": "cast_info",
                                        "Schema": "public",
                                        "Alias": "ci",
                                        "Startup Cost": 0.56,
                                        "Total Cost": 39.72,
                                        "Plan Rows": 38,
                                        "Plan Width": 4,
                                        "Actual Startup Time": 0.009,
                                        "Actual Total Time": 0.035,
                                        "Actual Rows": 13,
                                        "Actual Loops": 32134,
                                        "Output": [
                                            "ci.movie_id"
                                        ],
                                        "Index Cond": "(ci.movie_id = t.id)",
                                        "Rows Removed by Index Recheck": 0,
                                        "Heap Fetches": 405089,
                                        "Workers": [
                                            {
                                                "Worker Number": 0,
                                                "Actual Startup Time": 0.009,
                                                "Actual Total Time": 0.038,
                                                "Actual Rows": 13,
                                                "Actual Loops": 6161
                                            },
                                            {
                                                "Worker Number": 1,
                                                "Actual Startup Time": 0.01,
                                                "Actual Total Time": 0.046,
                                                "Actual Rows": 13,
                                                "Actual Loops": 5162
                                            },
                                            {
                                                "Worker Number": 2,
                                                "Actual Startup Time": 0.009,
                                                "Actual Total Time": 0.039,
                                                "Actual Rows": 13,
                                                "Actual Loops": 6036
                                            },
                                            {
                                                "Worker Number": 3,
                                                "Actual Startup Time": 0.013,
                                                "Actual Total Time": 0.06,
                                                "Actual Rows": 13,
                                                "Actual Loops": 3918
                                            }
                                        ]
                                    }
                                ]
                            }
                        ]
                    }
                ]
            }
        ]
    },
    "Planning Time": 0.705,
    "Triggers": [],
    "Execution Time": 382.669
}