[
    {
        "Bao": {
            "Bao prediction": "NaN",
            "Bao recommended hint": "(no hint)"
        }
    },
    {
        "Plan": {
            "Node Type": "Aggregate",
            "Strategy": "Plain",
            "Partial Mode": "Simple",
            "Parallel Aware": false,
            "Startup Cost": 26713.9,
            "Total Cost": 26713.91,
            "Plan Rows": 1,
            "Plan Width": 8,
            "Actual Startup Time": 39.145,
            "Actual Total Time": 39.146,
            "Actual Rows": 1,
            "Actual Loops": 1,
            "Output": [
                "count(*)"
            ],
            "Plans": [
                {
                    "Node Type": "Bitmap Heap Scan",
                    "Parent Relationship": "Outer",
                    "Parallel Aware": false,
                    "Relation Name": "movie_keyword",
                    "Schema": "public",
                    "Alias": "mk",
                    "Startup Cost": 1323.99,
                    "Total Cost": 26557.91,
                    "Plan Rows": 62394,
                    "Plan Width": 0,
                    "Actual Startup Time": 9.398,
                    "Actual Total Time": 35.725,
                    "Actual Rows": 57373,
                    "Actual Loops": 1,
                    "Recheck Cond": "(mk.keyword_id > 96237)",
                    "Rows Removed by Index Recheck": 0,
                    "Exact Heap Blocks": 13320,
                    "Lossy Heap Blocks": 0,
                    "Plans": [
                        {
                            "Node Type": "Bitmap Index Scan",
                            "Parent Relationship": "Outer",
                            "Parallel Aware": false,
                            "Index Name": "keyword_id_movie_keyword",
                            "Startup Cost": 0.0,
                            "Total Cost": 1308.39,
                            "Plan Rows": 62394,
                            "Plan Width": 0,
                            "Actual Startup Time": 5.887,
                            "Actual Total Time": 5.887,
                            "Actual Rows": 57373,
                            "Actual Loops": 1,
                            "Index Cond": "(mk.keyword_id > 96237)"
                        }
                    ]
                }
            ]
        },
        "Planning Time": 218.53,
        "Triggers": [],
        "Execution Time": 39.194
    }
]