{
  "Plan": {
    "Node Type": "Aggregate",
    "Strategy": "Plain",
    "Partial Mode": "Finalize",
    "Parallel Aware": false,
    "Startup Cost": 431541.01,
    "Total Cost": 431541.02,
    "Plan Rows": 1,
    "Plan Width": 8,
    "Actual Startup Time": 1457.033,
    "Actual Total Time": 1477.795,
    "Actual Rows": 1,
    "Actual Loops": 1,
    "Plans": [
      {
        "Node Type": "Gather",
        "Parent Relationship": "Outer",
        "Parallel Aware": false,
        "Startup Cost": 431540.9,
        "Total Cost": 431541.01,
        "Plan Rows": 1,
        "Plan Width": 8,
        "Actual Startup Time": 1450.28,
        "Actual Total Time": 1477.788,
        "Actual Rows": 2,
        "Actual Loops": 1,
        "Workers Planned": 1,
        "Workers Launched": 1,
        "Single Copy": false,
        "Plans": [
          {
            "Node Type": "Aggregate",
            "Strategy": "Plain",
            "Partial Mode": "Partial",
            "Parent Relationship": "Outer",
            "Parallel Aware": false,
            "Startup Cost": 430540.9,
            "Total Cost": 430540.91,
            "Plan Rows": 1,
            "Plan Width": 8,
            "Actual Startup Time": 1444.18,
            "Actual Total Time": 1444.184,
            "Actual Rows": 1,
            "Actual Loops": 2,
            "Plans": [
              {
                "Node Type": "Merge Join",
                "Parent Relationship": "Outer",
                "Parallel Aware": false,
                "Join Type": "Inner",
                "Startup Cost": 283486.49,
                "Total Cost": 428864.2,
                "Plan Rows": 670678,
                "Plan Width": 0,
                "Actual Startup Time": 1239.181,
                "Actual Total Time": 1429.685,
                "Actual Rows": 332830,
                "Actual Loops": 2,
                "Inner Unique": false,
                "Merge Cond": "(mc.movie_id = t.id)",
                "Plans": [
                  {
                    "Node Type": "Index Only Scan",
                    "Parent Relationship": "Outer",
                    "Parallel Aware": true,
                    "Scan Direction": "Forward",
                    "Index Name": "movie_id_movie_companies",
                    "Relation Name": "movie_companies",
                    "Alias": "mc",
                    "Startup Cost": 0.43,
                    "Total Cost": 129315.97,
                    "Plan Rows": 1534782,
                    "Plan Width": 4,
                    "Actual Startup Time": 0.116,
                    "Actual Total Time": 112.45,
                    "Actual Rows": 455662,
                    "Actual Loops": 2,
                    "Heap Fetches": 911325
                  },
                  {
                    "Node Type": "Sort",
                    "Parent Relationship": "Inner",
                    "Parallel Aware": false,
                    "Startup Cost": 283485.95,
                    "Total Cost": 286248.02,
                    "Plan Rows": 1104828,
                    "Plan Width": 8,
                    "Actual Startup Time": 1235.565,
                    "Actual Total Time": 1254.825,
                    "Actual Rows": 530692,
                    "Actual Loops": 2,
                    "Sort Key": [
                      "t.id"
                    ],
                    "Sort Method": "quicksort",
                    "Sort Space Used": 25509,
                    "Sort Space Type": "Memory",
                    "Workers": [
                      {
                        "Worker Number": 0,
                        "Sort Method": "quicksort",
                        "Sort Space Used": 25509,
                        "Sort Space Type": "Memory"
                      }
                    ],
                    "Plans": [
                      {
                        "Node Type": "Hash Join",
                        "Parent Relationship": "Outer",
                        "Parallel Aware": false,
                        "Join Type": "Inner",
                        "Startup Cost": 86812.48,
                        "Total Cost": 172586.68,
                        "Plan Rows": 1104828,
                        "Plan Width": 8,
                        "Actual Startup Time": 631.318,
                        "Actual Total Time": 1179.358,
                        "Actual Rows": 282043,
                        "Actual Loops": 2,
                        "Inner Unique": true,
                        "Hash Cond": "(mk.movie_id = t.id)",
                        "Plans": [
                          {
                            "Node Type": "Seq Scan",
                            "Parent Relationship": "Outer",
                            "Parallel Aware": false,
                            "Relation Name": "movie_keyword",
                            "Alias": "mk",
                            "Startup Cost": 0.0,
                            "Total Cost": 81003.12,
                            "Plan Rows": 1817550,
                            "Plan Width": 4,
                            "Actual Startup Time": 4.752,
                            "Actual Total Time": 334.774,
                            "Actual Rows": 1826370,
                            "Actual Loops": 2,
                            "Filter": "(keyword_id > 7633)",
                            "Rows Removed by Filter": 2697560
                          },
                          {
                            "Node Type": "Hash",
                            "Parent Relationship": "Inner",
                            "Parallel Aware": false,
                            "Startup Cost": 67601.66,
                            "Total Cost": 67601.66,
                            "Plan Rows": 1536865,
                            "Plan Width": 4,
                            "Actual Startup Time": 610.754,
                            "Actual Total Time": 610.755,
                            "Actual Rows": 1543264,
                            "Actual Loops": 2,
                            "Hash Buckets": 2097152,
                            "Original Hash Buckets": 2097152,
                            "Hash Batches": 1,
                            "Original Hash Batches": 1,
                            "Peak Memory Usage": 70640,
                            "Plans": [
                              {
                                "Node Type": "Seq Scan",
                                "Parent Relationship": "Outer",
                                "Parallel Aware": false,
                                "Relation Name": "title",
                                "Alias": "t",
                                "Startup Cost": 0.0,
                                "Total Cost": 67601.66,
                                "Plan Rows": 1536865,
                                "Plan Width": 4,
                                "Actual Startup Time": 0.034,
                                "Actual Total Time": 275.685,
                                "Actual Rows": 1543264,
                                "Actual Loops": 2,
                                "Filter": "(kind_id = 7)",
                                "Rows Removed by Filter": 985048
                              }
                            ]
                          }
                        ]
                      }
                    ]
                  }
                ]
              }
            ]
          }
        ]
      }
    ]
  },
  "Planning Time": 1.049,
  "Triggers": [],
  "Execution Time": 1486.883
}