[
  {
    "Plan": {
      "Node Type": "Aggregate",
      "Strategy": "Plain",
      "Partial Mode": "Finalize",
      "Parallel Aware": false,
      "Startup Cost": 44770.95,
      "Total Cost": 44770.96,
      "Plan Rows": 1,
      "Plan Width": 8,
      "Actual Startup Time": 130.919,
      "Actual Total Time": 137.691,
      "Actual Rows": 1,
      "Actual Loops": 1,
      "Plans": [
        {
          "Node Type": "Gather",
          "Parent Relationship": "Outer",
          "Parallel Aware": false,
          "Startup Cost": 44770.63,
          "Total Cost": 44770.94,
          "Plan Rows": 3,
          "Plan Width": 8,
          "Actual Startup Time": 130.682,
          "Actual Total Time": 137.683,
          "Actual Rows": 4,
          "Actual Loops": 1,
          "Workers Planned": 3,
          "Workers Launched": 3,
          "Single Copy": false,
          "Plans": [
            {
              "Node Type": "Aggregate",
              "Strategy": "Plain",
              "Partial Mode": "Partial",
              "Parent Relationship": "Outer",
              "Parallel Aware": false,
              "Startup Cost": 43770.63,
              "Total Cost": 43770.64,
              "Plan Rows": 1,
              "Plan Width": 8,
              "Actual Startup Time": 125.701,
              "Actual Total Time": 125.702,
              "Actual Rows": 1,
              "Actual Loops": 4,
              "Plans": [
                {
                  "Node Type": "Seq Scan",
                  "Parent Relationship": "Outer",
                  "Parallel Aware": true,
                  "Relation Name": "movie_keyword",
                  "Alias": "mk",
                  "Startup Cost": 0.0,
                  "Total Cost": 42695.65,
                  "Plan Rows": 429991,
                  "Plan Width": 0,
                  "Actual Startup Time": 0.038,
                  "Actual Total Time": 108.161,
                  "Actual Rows": 335196,
                  "Actual Loops": 4,
                  "Filter": "(keyword_id < 1749)",
                  "Rows Removed by Filter": 795786
                }
              ]
            }
          ]
        }
      ]
    },
    "Planning Time": 0.088,
    "Triggers": [],
    "Execution Time": 137.728
  }
]