[
    {
        "Bao": {
            "Bao prediction": "NaN",
            "Bao recommended hint": "(no hint)"
        }
    },
    {
        "Plan": {
            "Node Type": "Aggregate",
            "Strategy": "Plain",
            "Partial Mode": "Finalize",
            "Parallel Aware": false,
            "Startup Cost": 388634.22,
            "Total Cost": 388634.23,
            "Plan Rows": 1,
            "Plan Width": 8,
            "Actual Startup Time": 1775.946,
            "Actual Total Time": 1807.58,
            "Actual Rows": 1,
            "Actual Loops": 1,
            "Output": [
                "count(*)"
            ],
            "Plans": [
                {
                    "Node Type": "Gather",
                    "Parent Relationship": "Outer",
                    "Parallel Aware": false,
                    "Startup Cost": 388633.59,
                    "Total Cost": 388634.2,
                    "Plan Rows": 6,
                    "Plan Width": 8,
                    "Actual Startup Time": 1766.32,
                    "Actual Total Time": 1807.57,
                    "Actual Rows": 7,
                    "Actual Loops": 1,
                    "Output": [
                        "(PARTIAL count(*))"
                    ],
                    "Workers Planned": 6,
                    "Workers Launched": 6,
                    "Single Copy": false,
                    "Plans": [
                        {
                            "Node Type": "Aggregate",
                            "Strategy": "Plain",
                            "Partial Mode": "Partial",
                            "Parent Relationship": "Outer",
                            "Parallel Aware": false,
                            "Startup Cost": 387633.59,
                            "Total Cost": 387633.6,
                            "Plan Rows": 1,
                            "Plan Width": 8,
                            "Actual Startup Time": 1756.622,
                            "Actual Total Time": 1756.625,
                            "Actual Rows": 1,
                            "Actual Loops": 7,
                            "Output": [
                                "PARTIAL count(*)"
                            ],
                            "Workers": [
                                {
                                    "Worker Number": 0,
                                    "Actual Startup Time": 1754.075,
                                    "Actual Total Time": 1754.078,
                                    "Actual Rows": 1,
                                    "Actual Loops": 1
                                },
                                {
                                    "Worker Number": 1,
                                    "Actual Startup Time": 1754.614,
                                    "Actual Total Time": 1754.616,
                                    "Actual Rows": 1,
                                    "Actual Loops": 1
                                },
                                {
                                    "Worker Number": 2,
                                    "Actual Startup Time": 1755.578,
                                    "Actual Total Time": 1755.58,
                                    "Actual Rows": 1,
                                    "Actual Loops": 1
                                },
                                {
                                    "Worker Number": 3,
                                    "Actual Startup Time": 1755.054,
                                    "Actual Total Time": 1755.056,
                                    "Actual Rows": 1,
                                    "Actual Loops": 1
                                },
                                {
                                    "Worker Number": 4,
                                    "Actual Startup Time": 1755.412,
                                    "Actual Total Time": 1755.415,
                                    "Actual Rows": 1,
                                    "Actual Loops": 1
                                },
                                {
                                    "Worker Number": 5,
                                    "Actual Startup Time": 1755.694,
                                    "Actual Total Time": 1755.698,
                                    "Actual Rows": 1,
                                    "Actual Loops": 1
                                }
                            ],
                            "Plans": [
                                {
                                    "Node Type": "Hash Join",
                                    "Parent Relationship": "Outer",
                                    "Parallel Aware": true,
                                    "Join Type": "Inner",
                                    "Startup Cost": 46786.48,
                                    "Total Cost": 384371.75,
                                    "Plan Rows": 1304737,
                                    "Plan Width": 0,
                                    "Actual Startup Time": 290.796,
                                    "Actual Total Time": 1701.698,
                                    "Actual Rows": 937324,
                                    "Actual Loops": 7,
                                    "Inner Unique": true,
                                    "Hash Cond": "(ci.movie_id = t.id)",
                                    "Workers": [
                                        {
                                            "Worker Number": 0,
                                            "Actual Startup Time": 288.347,
                                            "Actual Total Time": 1698.116,
                                            "Actual Rows": 821247,
                                            "Actual Loops": 1
                                        },
                                        {
                                            "Worker Number": 1,
                                            "Actual Startup Time": 288.875,
                                            "Actual Total Time": 1697.242,
                                            "Actual Rows": 845158,
                                            "Actual Loops": 1
                                        },
                                        {
                                            "Worker Number": 2,
                                            "Actual Startup Time": 289.179,
                                            "Actual Total Time": 1697.056,
                                            "Actual Rows": 816654,
                                            "Actual Loops": 1
                                        },
                                        {
                                            "Worker Number": 3,
                                            "Actual Startup Time": 289.33,
                                            "Actual Total Time": 1703.011,
                                            "Actual Rows": 1046940,
                                            "Actual Loops": 1
                                        },
                                        {
                                            "Worker Number": 4,
                                            "Actual Startup Time": 289.693,
                                            "Actual Total Time": 1697.173,
                                            "Actual Rows": 794520,
                                            "Actual Loops": 1
                                        },
                                        {
                                            "Worker Number": 5,
                                            "Actual Startup Time": 289.974,
                                            "Actual Total Time": 1703.55,
                                            "Actual Rows": 1048546,
                                            "Actual Loops": 1
                                        }
                                    ],
                                    "Plans": [
                                        {
                                            "Node Type": "Seq Scan",
                                            "Parent Relationship": "Outer",
                                            "Parallel Aware": true,
                                            "Relation Name": "cast_info",
                                            "Schema": "public",
                                            "Alias": "ci",
                                            "Startup Cost": 0.0,
                                            "Total Cost": 328213.62,
                                            "Plan Rows": 3570148,
                                            "Plan Width": 4,
                                            "Actual Startup Time": 151.493,
                                            "Actual Total Time": 622.494,
                                            "Actual Rows": 3063634,
                                            "Actual Loops": 7,
                                            "Output": [
                                                "ci.id",
                                                "ci.person_id",
                                                "ci.movie_id",
                                                "ci.person_role_id",
                                                "ci.note",
                                                "ci.nr_order",
                                                "ci.role_id"
                                            ],
                                            "Filter": "(ci.person_id > 1459521)",
                                            "Rows Removed by Filter": 2114129,
                                            "Workers": [
                                                {
                                                    "Worker Number": 0,
                                                    "Actual Startup Time": 151.566,
                                                    "Actual Total Time": 651.537,
                                                    "Actual Rows": 2704208,
                                                    "Actual Loops": 1
                                                },
                                                {
                                                    "Worker Number": 1,
                                                    "Actual Startup Time": 151.437,
                                                    "Actual Total Time": 638.593,
                                                    "Actual Rows": 2795855,
                                                    "Actual Loops": 1
                                                },
                                                {
                                                    "Worker Number": 2,
                                                    "Actual Startup Time": 151.402,
                                                    "Actual Total Time": 640.967,
                                                    "Actual Rows": 2654029,
                                                    "Actual Loops": 1
                                                },
                                                {
                                                    "Worker Number": 3,
                                                    "Actual Startup Time": 151.472,
                                                    "Actual Total Time": 607.286,
                                                    "Actual Rows": 3432865,
                                                    "Actual Loops": 1
                                                },
                                                {
                                                    "Worker Number": 4,
                                                    "Actual Startup Time": 151.577,
                                                    "Actual Total Time": 656.442,
                                                    "Actual Rows": 2540713,
                                                    "Actual Loops": 1
                                                },
                                                {
                                                    "Worker Number": 5,
                                                    "Actual Startup Time": 151.426,
                                                    "Actual Total Time": 606.422,
                                                    "Actual Rows": 3440917,
                                                    "Actual Loops": 1
                                                }
                                            ]
                                        },
                                        {
                                            "Node Type": "Hash",
                                            "Parent Relationship": "Inner",
                                            "Parallel Aware": true,
                                            "Startup Cost": 43899.01,
                                            "Total Cost": 43899.01,
                                            "Plan Rows": 230998,
                                            "Plan Width": 4,
                                            "Actual Startup Time": 136.863,
                                            "Actual Total Time": 136.864,
                                            "Actual Rows": 132086,
                                            "Actual Loops": 7,
                                            "Output": [
                                                "t.id"
                                            ],
                                            "Hash Buckets": 1048576,
                                            "Original Hash Buckets": 1048576,
                                            "Hash Batches": 1,
                                            "Original Hash Batches": 1,
                                            "Peak Memory Usage": 44416,
                                            "Workers": [
                                                {
                                                    "Worker Number": 0,
                                                    "Actual Startup Time": 135.926,
                                                    "Actual Total Time": 135.927,
                                                    "Actual Rows": 102081,
                                                    "Actual Loops": 1
                                                },
                                                {
                                                    "Worker Number": 1,
                                                    "Actual Startup Time": 136.429,
                                                    "Actual Total Time": 136.43,
                                                    "Actual Rows": 106264,
                                                    "Actual Loops": 1
                                                },
                                                {
                                                    "Worker Number": 2,
                                                    "Actual Startup Time": 136.834,
                                                    "Actual Total Time": 136.835,
                                                    "Actual Rows": 107480,
                                                    "Actual Loops": 1
                                                },
                                                {
                                                    "Worker Number": 3,
                                                    "Actual Startup Time": 136.915,
                                                    "Actual Total Time": 136.916,
                                                    "Actual Rows": 148861,
                                                    "Actual Loops": 1
                                                },
                                                {
                                                    "Worker Number": 4,
                                                    "Actual Startup Time": 137.311,
                                                    "Actual Total Time": 137.312,
                                                    "Actual Rows": 104413,
                                                    "Actual Loops": 1
                                                },
                                                {
                                                    "Worker Number": 5,
                                                    "Actual Startup Time": 137.615,
                                                    "Actual Total Time": 137.616,
                                                    "Actual Rows": 147931,
                                                    "Actual Loops": 1
                                                }
                                            ],
                                            "Plans": [
                                                {
                                                    "Node Type": "Seq Scan",
                                                    "Parent Relationship": "Outer",
                                                    "Parallel Aware": true,
                                                    "Relation Name": "title",
                                                    "Schema": "public",
                                                    "Alias": "t",
                                                    "Startup Cost": 0.0,
                                                    "Total Cost": 43899.01,
                                                    "Plan Rows": 230998,
                                                    "Plan Width": 4,
                                                    "Actual Startup Time": 0.041,
                                                    "Actual Total Time": 76.92,
                                                    "Actual Rows": 132086,
                                                    "Actual Loops": 7,
                                                    "Output": [
                                                        "t.id"
                                                    ],
                                                    "Filter": "(t.production_year < 1998)",
                                                    "Rows Removed by Filter": 229101,
                                                    "Workers": [
                                                        {
                                                            "Worker Number": 0,
                                                            "Actual Startup Time": 0.027,
                                                            "Actual Total Time": 78.706,
                                                            "Actual Rows": 102081,
                                                            "Actual Loops": 1
                                                        },
                                                        {
                                                            "Worker Number": 1,
                                                            "Actual Startup Time": 0.048,
                                                            "Actual Total Time": 79.266,
                                                            "Actual Rows": 106264,
                                                            "Actual Loops": 1
                                                        },
                                                        {
                                                            "Worker Number": 2,
                                                            "Actual Startup Time": 0.082,
                                                            "Actual Total Time": 80.225,
                                                            "Actual Rows": 107480,
                                                            "Actual Loops": 1
                                                        },
                                                        {
                                                            "Worker Number": 3,
                                                            "Actual Startup Time": 0.027,
                                                            "Actual Total Time": 77.087,
                                                            "Actual Rows": 148861,
                                                            "Actual Loops": 1
                                                        },
                                                        {
                                                            "Worker Number": 4,
                                                            "Actual Startup Time": 0.044,
                                                            "Actual Total Time": 80.528,
                                                            "Actual Rows": 104413,
                                                            "Actual Loops": 1
                                                        },
                                                        {
                                                            "Worker Number": 5,
                                                            "Actual Startup Time": 0.047,
                                                            "Actual Total Time": 76.624,
                                                            "Actual Rows": 147931,
                                                            "Actual Loops": 1
                                                        }
                                                    ]
                                                }
                                            ]
                                        }
                                    ]
                                }
                            ]
                        }
                    ]
                }
            ]
        },
        "Planning Time": 185.339,
        "Triggers": [],
        "Execution Time": 1807.644
    }
]