[
  {
    "Plan": {
      "Node Type": "Aggregate",
      "Strategy": "Plain",
      "Partial Mode": "Finalize",
      "Parallel Aware": false,
      "Startup Cost": 346447.49,
      "Total Cost": 346447.51,
      "Plan Rows": 1,
      "Plan Width": 8,
      "Actual Startup Time": 680.63,
      "Actual Total Time": 733.168,
      "Actual Rows": 1,
      "Actual Loops": 1,
      "Plans": [
        {
          "Node Type": "Gather",
          "Parent Relationship": "Outer",
          "Parallel Aware": false,
          "Startup Cost": 346446.87,
          "Total Cost": 346447.48,
          "Plan Rows": 6,
          "Plan Width": 8,
          "Actual Startup Time": 680.344,
          "Actual Total Time": 733.157,
          "Actual Rows": 7,
          "Actual Loops": 1,
          "Workers Planned": 6,
          "Workers Launched": 6,
          "Single Copy": false,
          "Plans": [
            {
              "Node Type": "Aggregate",
              "Strategy": "Plain",
              "Partial Mode": "Partial",
              "Parent Relationship": "Outer",
              "Parallel Aware": false,
              "Startup Cost": 345446.87,
              "Total Cost": 345446.88,
              "Plan Rows": 1,
              "Plan Width": 8,
              "Actual Startup Time": 672.133,
              "Actual Total Time": 672.135,
              "Actual Rows": 1,
              "Actual Loops": 7,
              "Plans": [
                {
                  "Node Type": "Seq Scan",
                  "Parent Relationship": "Outer",
                  "Parallel Aware": true,
                  "Relation Name": "cast_info",
                  "Alias": "ci",
                  "Startup Cost": 0.0,
                  "Total Cost": 343316.27,
                  "Plan Rows": 852240,
                  "Plan Width": 0,
                  "Actual Startup Time": 426.083,
                  "Actual Total Time": 650.066,
                  "Actual Rows": 422560,
                  "Actual Loops": 7,
                  "Filter": "((person_id > 3067205) AND (role_id < 10))",
                  "Rows Removed by Filter": 4755204
                }
              ]
            }
          ]
        }
      ]
    },
    "Planning Time": 0.121,
    "Triggers": [],
    "Execution Time": 733.224
  }
]