{
  "Plan": {
    "Node Type": "Aggregate",
    "Strategy": "Plain",
    "Partial Mode": "Finalize",
    "Parallel Aware": false,
    "Startup Cost": 195510.82,
    "Total Cost": 195510.83,
    "Plan Rows": 1,
    "Plan Width": 8,
    "Actual Startup Time": 1550.425,
    "Actual Total Time": 1580.266,
    "Actual Rows": 1,
    "Actual Loops": 1,
    "Plans": [
      {
        "Node Type": "Gather",
        "Parent Relationship": "Outer",
        "Parallel Aware": false,
        "Startup Cost": 195510.7,
        "Total Cost": 195510.81,
        "Plan Rows": 1,
        "Plan Width": 8,
        "Actual Startup Time": 1542.389,
        "Actual Total Time": 1580.259,
        "Actual Rows": 2,
        "Actual Loops": 1,
        "Workers Planned": 1,
        "Workers Launched": 1,
        "Single Copy": false,
        "Plans": [
          {
            "Node Type": "Aggregate",
            "Strategy": "Plain",
            "Partial Mode": "Partial",
            "Parent Relationship": "Outer",
            "Parallel Aware": false,
            "Startup Cost": 194510.7,
            "Total Cost": 194510.71,
            "Plan Rows": 1,
            "Plan Width": 8,
            "Actual Startup Time": 1534.783,
            "Actual Total Time": 1535.914,
            "Actual Rows": 1,
            "Actual Loops": 2,
            "Plans": [
              {
                "Node Type": "Hash Join",
                "Parent Relationship": "Outer",
                "Parallel Aware": true,
                "Join Type": "Inner",
                "Startup Cost": 120881.63,
                "Total Cost": 192192.79,
                "Plan Rows": 927164,
                "Plan Width": 0,
                "Actual Startup Time": 961.993,
                "Actual Total Time": 1456.67,
                "Actual Rows": 1996200,
                "Actual Loops": 2,
                "Inner Unique": false,
                "Hash Cond": "(mk.movie_id = t.id)",
                "Plans": [
                  {
                    "Node Type": "Seq Scan",
                    "Parent Relationship": "Outer",
                    "Parallel Aware": true,
                    "Relation Name": "movie_keyword",
                    "Alias": "mk",
                    "Startup Cost": 0.0,
                    "Total Cost": 57718.19,
                    "Plan Rows": 2170418,
                    "Plan Width": 4,
                    "Actual Startup Time": 0.016,
                    "Actual Total Time": 196.425,
                    "Actual Rows": 1851999,
                    "Actual Loops": 2,
                    "Filter": "(keyword_id < 22373)",
                    "Rows Removed by Filter": 409966
                  },
                  {
                    "Node Type": "Hash",
                    "Parent Relationship": "Inner",
                    "Parallel Aware": true,
                    "Startup Cost": 112940.14,
                    "Total Cost": 112940.14,
                    "Plan Rows": 635319,
                    "Plan Width": 8,
                    "Actual Startup Time": 947.126,
                    "Actual Total Time": 948.256,
                    "Actual Rows": 422394,
                    "Actual Loops": 2,
                    "Hash Buckets": 2097152,
                    "Original Hash Buckets": 2097152,
                    "Hash Batches": 1,
                    "Original Hash Batches": 1,
                    "Peak Memory Usage": 49472,
                    "Plans": [
                      {
                        "Node Type": "Hash Join",
                        "Parent Relationship": "Outer",
                        "Parallel Aware": true,
                        "Join Type": "Inner",
                        "Startup Cost": 69460.7,
                        "Total Cost": 112940.14,
                        "Plan Rows": 635319,
                        "Plan Width": 8,
                        "Actual Startup Time": 586.087,
                        "Actual Total Time": 824.003,
                        "Actual Rows": 422394,
                        "Actual Loops": 2,
                        "Inner Unique": true,
                        "Hash Cond": "(mc.movie_id = t.id)",
                        "Plans": [
                          {
                            "Node Type": "Seq Scan",
                            "Parent Relationship": "Outer",
                            "Parallel Aware": true,
                            "Relation Name": "movie_companies",
                            "Alias": "mc",
                            "Startup Cost": 0.0,
                            "Total Cost": 41811.73,
                            "Plan Rows": 635319,
                            "Plan Width": 4,
                            "Actual Startup Time": 48.601,
                            "Actual Total Time": 116.187,
                            "Actual Rows": 422394,
                            "Actual Loops": 2,
                            "Filter": "((company_id < 74748) AND (company_type_id > 1))",
                            "Rows Removed by Filter": 882170
                          },
                          {
                            "Node Type": "Hash",
                            "Parent Relationship": "Inner",
                            "Parallel Aware": true,
                            "Startup Cost": 50870.31,
                            "Total Cost": 50870.31,
                            "Plan Rows": 1487231,
                            "Plan Width": 4,
                            "Actual Startup Time": 523.84,
                            "Actual Total Time": 523.841,
                            "Actual Rows": 1264156,
                            "Actual Loops": 2,
                            "Hash Buckets": 4194304,
                            "Original Hash Buckets": 4194304,
                            "Hash Batches": 1,
                            "Original Hash Batches": 1,
                            "Peak Memory Usage": 131712,
                            "Plans": [
                              {
                                "Node Type": "Seq Scan",
                                "Parent Relationship": "Outer",
                                "Parallel Aware": true,
                                "Relation Name": "title",
                                "Alias": "t",
                                "Startup Cost": 0.0,
                                "Total Cost": 50870.31,
                                "Plan Rows": 1487231,
                                "Plan Width": 4,
                                "Actual Startup Time": 0.024,
                                "Actual Total Time": 148.487,
                                "Actual Rows": 1264156,
                                "Actual Loops": 2
                              }
                            ]
                          }
                        ]
                      }
                    ]
                  }
                ]
              }
            ]
          }
        ]
      }
    ]
  },
  "Planning Time": 0.911,
  "Triggers": [],
  "Execution Time": 1580.347
}