{
  "Plan": {
    "Node Type": "Aggregate",
    "Strategy": "Plain",
    "Partial Mode": "Finalize",
    "Parallel Aware": false,
    "Startup Cost": 424649.02,
    "Total Cost": 424649.03,
    "Plan Rows": 1,
    "Plan Width": 8,
    "Actual Startup Time": 1904.774,
    "Actual Total Time": 1953.355,
    "Actual Rows": 1,
    "Actual Loops": 1,
    "Plans": [
      {
        "Node Type": "Gather",
        "Parent Relationship": "Outer",
        "Parallel Aware": false,
        "Startup Cost": 424648.91,
        "Total Cost": 424649.02,
        "Plan Rows": 1,
        "Plan Width": 8,
        "Actual Startup Time": 1903.463,
        "Actual Total Time": 1953.347,
        "Actual Rows": 2,
        "Actual Loops": 1,
        "Workers Planned": 1,
        "Workers Launched": 1,
        "Single Copy": false,
        "Plans": [
          {
            "Node Type": "Aggregate",
            "Strategy": "Plain",
            "Partial Mode": "Partial",
            "Parent Relationship": "Outer",
            "Parallel Aware": false,
            "Startup Cost": 423648.91,
            "Total Cost": 423648.92,
            "Plan Rows": 1,
            "Plan Width": 8,
            "Actual Startup Time": 1897.402,
            "Actual Total Time": 1897.409,
            "Actual Rows": 1,
            "Actual Loops": 2,
            "Plans": [
              {
                "Node Type": "Hash Join",
                "Parent Relationship": "Outer",
                "Parallel Aware": true,
                "Join Type": "Inner",
                "Startup Cost": 353800.29,
                "Total Cost": 422539.43,
                "Plan Rows": 443792,
                "Plan Width": 0,
                "Actual Startup Time": 1593.788,
                "Actual Total Time": 1891.143,
                "Actual Rows": 164088,
                "Actual Loops": 2,
                "Inner Unique": false,
                "Hash Cond": "(mk.movie_id = t.id)",
                "Plans": [
                  {
                    "Node Type": "Seq Scan",
                    "Parent Relationship": "Outer",
                    "Parallel Aware": true,
                    "Relation Name": "movie_keyword",
                    "Alias": "mk",
                    "Startup Cost": 0.0,
                    "Total Cost": 57718.19,
                    "Plan Rows": 1345665,
                    "Plan Width": 4,
                    "Actual Startup Time": 0.444,
                    "Actual Total Time": 186.327,
                    "Actual Rows": 1139062,
                    "Actual Loops": 2,
                    "Filter": "(keyword_id > 4626)",
                    "Rows Removed by Filter": 1122902
                  },
                  {
                    "Node Type": "Hash",
                    "Parent Relationship": "Inner",
                    "Parallel Aware": true,
                    "Startup Cost": 347669.3,
                    "Total Cost": 347669.3,
                    "Plan Rows": 490479,
                    "Plan Width": 8,
                    "Actual Startup Time": 1583.79,
                    "Actual Total Time": 1583.794,
                    "Actual Rows": 216072,
                    "Actual Loops": 2,
                    "Hash Buckets": 1048576,
                    "Original Hash Buckets": 1048576,
                    "Hash Batches": 1,
                    "Original Hash Batches": 1,
                    "Peak Memory Usage": 25120,
                    "Plans": [
                      {
                        "Node Type": "Hash Join",
                        "Parent Relationship": "Outer",
                        "Parallel Aware": true,
                        "Join Type": "Inner",
                        "Startup Cost": 59691.51,
                        "Total Cost": 347669.3,
                        "Plan Rows": 490479,
                        "Plan Width": 8,
                        "Actual Startup Time": 161.091,
                        "Actual Total Time": 1516.643,
                        "Actual Rows": 216072,
                        "Actual Loops": 2,
                        "Inner Unique": true,
                        "Hash Cond": "(mi.movie_id = t.id)",
                        "Plans": [
                          {
                            "Node Type": "Seq Scan",
                            "Parent Relationship": "Outer",
                            "Parallel Aware": true,
                            "Relation Name": "movie_info",
                            "Alias": "mi",
                            "Startup Cost": 0.0,
                            "Total Cost": 270696.42,
                            "Plan Rows": 6583369,
                            "Plan Width": 4,
                            "Actual Startup Time": 0.01,
                            "Actual Total Time": 850.989,
                            "Actual Rows": 5605372,
                            "Actual Loops": 2,
                            "Filter": "(info_type_id > 3)",
                            "Rows Removed by Filter": 1812488
                          },
                          {
                            "Node Type": "Hash",
                            "Parent Relationship": "Inner",
                            "Parallel Aware": true,
                            "Startup Cost": 58306.47,
                            "Total Cost": 58306.47,
                            "Plan Rows": 110803,
                            "Plan Width": 4,
                            "Actual Startup Time": 158.137,
                            "Actual Total Time": 158.138,
                            "Actual Rows": 47668,
                            "Actual Loops": 2,
                            "Hash Buckets": 262144,
                            "Original Hash Buckets": 262144,
                            "Hash Batches": 1,
                            "Original Hash Batches": 1,
                            "Peak Memory Usage": 5824,
                            "Plans": [
                              {
                                "Node Type": "Seq Scan",
                                "Parent Relationship": "Outer",
                                "Parallel Aware": true,
                                "Relation Name": "title",
                                "Alias": "t",
                                "Startup Cost": 0.0,
                                "Total Cost": 58306.47,
                                "Plan Rows": 110803,
                                "Plan Width": 4,
                                "Actual Startup Time": 0.055,
                                "Actual Total Time": 140.315,
                                "Actual Rows": 47668,
                                "Actual Loops": 2,
                                "Filter": "((production_year < 1967) AND (kind_id = 7))",
                                "Rows Removed by Filter": 1216488
                              }
                            ]
                          }
                        ]
                      }
                    ]
                  }
                ]
              }
            ]
          }
        ]
      }
    ]
  },
  "Planning Time": 0.978,
  "Triggers": [],
  "Execution Time": 1953.449
}