[
  {
    "Plan": {
      "Node Type": "Aggregate",
      "Strategy": "Plain",
      "Partial Mode": "Finalize",
      "Parallel Aware": false,
      "Startup Cost": 333359.13,
      "Total Cost": 333359.14,
      "Plan Rows": 1,
      "Plan Width": 8,
      "Actual Startup Time": 336.915,
      "Actual Total Time": 354.235,
      "Actual Rows": 1,
      "Actual Loops": 1,
      "Plans": [
        {
          "Node Type": "Gather",
          "Parent Relationship": "Outer",
          "Parallel Aware": false,
          "Startup Cost": 333358.51,
          "Total Cost": 333359.12,
          "Plan Rows": 6,
          "Plan Width": 8,
          "Actual Startup Time": 329.922,
          "Actual Total Time": 354.214,
          "Actual Rows": 7,
          "Actual Loops": 1,
          "Workers Planned": 6,
          "Workers Launched": 6,
          "Single Copy": false,
          "Plans": [
            {
              "Node Type": "Aggregate",
              "Strategy": "Plain",
              "Partial Mode": "Partial",
              "Parent Relationship": "Outer",
              "Parallel Aware": false,
              "Startup Cost": 332358.51,
              "Total Cost": 332358.52,
              "Plan Rows": 1,
              "Plan Width": 8,
              "Actual Startup Time": 318.967,
              "Actual Total Time": 318.976,
              "Actual Rows": 1,
              "Actual Loops": 7,
              "Plans": [
                {
                  "Node Type": "Hash Join",
                  "Parent Relationship": "Outer",
                  "Parallel Aware": true,
                  "Join Type": "Inner",
                  "Startup Cost": 76050.84,
                  "Total Cost": 332288.77,
                  "Plan Rows": 27896,
                  "Plan Width": 0,
                  "Actual Startup Time": 206.976,
                  "Actual Total Time": 315.971,
                  "Actual Rows": 48852,
                  "Actual Loops": 7,
                  "Inner Unique": true,
                  "Hash Cond": "(ci.movie_id = t.id)",
                  "Plans": [
                    {
                      "Node Type": "Bitmap Heap Scan",
                      "Parent Relationship": "Outer",
                      "Parallel Aware": true,
                      "Relation Name": "cast_info",
                      "Alias": "ci",
                      "Startup Cost": 29331.15,
                      "Total Cost": 285363.94,
                      "Plan Rows": 78150,
                      "Plan Width": 4,
                      "Actual Startup Time": 52.427,
                      "Actual Total Time": 107.332,
                      "Actual Rows": 141863,
                      "Actual Loops": 7,
                      "Recheck Cond": "(person_id < 138386)",
                      "Rows Removed by Index Recheck": 0,
                      "Filter": "(role_id = 1)",
                      "Rows Removed by Filter": 55579,
                      "Exact Heap Blocks": 2582,
                      "Lossy Heap Blocks": 0,
                      "Plans": [
                        {
                          "Node Type": "Bitmap Index Scan",
                          "Parent Relationship": "Outer",
                          "Parallel Aware": false,
                          "Index Name": "person_id_cast_info",
                          "Startup Cost": 0.0,
                          "Total Cost": 29213.93,
                          "Plan Rows": 1338315,
                          "Plan Width": 0,
                          "Actual Startup Time": 49.951,
                          "Actual Total Time": 49.951,
                          "Actual Rows": 1382089,
                          "Actual Loops": 1,
                          "Index Cond": "(person_id < 138386)"
                        }
                      ]
                    },
                    {
                      "Node Type": "Hash",
                      "Parent Relationship": "Inner",
                      "Parallel Aware": true,
                      "Startup Cost": 43899.32,
                      "Total Cost": 43899.32,
                      "Plan Rows": 225629,
                      "Plan Width": 4,
                      "Actual Startup Time": 151.084,
                      "Actual Total Time": 151.087,
                      "Actual Rows": 129213,
                      "Actual Loops": 7,
                      "Hash Buckets": 1048576,
                      "Original Hash Buckets": 1048576,
                      "Hash Batches": 1,
                      "Original Hash Batches": 1,
                      "Peak Memory Usage": 43648,
                      "Plans": [
                        {
                          "Node Type": "Seq Scan",
                          "Parent Relationship": "Outer",
                          "Parallel Aware": true,
                          "Relation Name": "title",
                          "Alias": "t",
                          "Startup Cost": 0.0,
                          "Total Cost": 43899.32,
                          "Plan Rows": 225629,
                          "Plan Width": 4,
                          "Actual Startup Time": 0.055,
                          "Actual Total Time": 82.815,
                          "Actual Rows": 129213,
                          "Actual Loops": 7,
                          "Filter": "(production_year > 2006)",
                          "Rows Removed by Filter": 231974
                        }
                      ]
                    }
                  ]
                }
              ]
            }
          ]
        }
      ]
    },
    "Planning Time": 0.612,
    "Triggers": [],
    "Execution Time": 354.327
  }
]