[
  {
    "Plan": {
      "Node Type": "Aggregate",
      "Strategy": "Plain",
      "Partial Mode": "Simple",
      "Parallel Aware": false,
      "Startup Cost": 27894.11,
      "Total Cost": 27894.12,
      "Plan Rows": 1,
      "Plan Width": 8,
      "Actual Startup Time": 79.967,
      "Actual Total Time": 79.968,
      "Actual Rows": 1,
      "Actual Loops": 1,
      "Plans": [
        {
          "Node Type": "Bitmap Heap Scan",
          "Parent Relationship": "Outer",
          "Parallel Aware": false,
          "Relation Name": "movie_keyword",
          "Alias": "mk",
          "Startup Cost": 2016.15,
          "Total Cost": 27656.79,
          "Plan Rows": 94931,
          "Plan Width": 0,
          "Actual Startup Time": 26.075,
          "Actual Total Time": 73.691,
          "Actual Rows": 93719,
          "Actual Loops": 1,
          "Recheck Cond": "(keyword_id > 84002)",
          "Rows Removed by Index Recheck": 0,
          "Exact Heap Blocks": 16895,
          "Lossy Heap Blocks": 0,
          "Plans": [
            {
              "Node Type": "Bitmap Index Scan",
              "Parent Relationship": "Outer",
              "Parallel Aware": false,
              "Index Name": "keyword_id_movie_keyword",
              "Startup Cost": 0.0,
              "Total Cost": 1992.41,
              "Plan Rows": 94931,
              "Plan Width": 0,
              "Actual Startup Time": 20.339,
              "Actual Total Time": 20.34,
              "Actual Rows": 93719,
              "Actual Loops": 1,
              "Index Cond": "(keyword_id > 84002)"
            }
          ]
        }
      ]
    },
    "Planning Time": 0.187,
    "Triggers": [],
    "Execution Time": 80.025
  }
]