[
  {
    "Plan": {
      "Node Type": "Aggregate",
      "Strategy": "Plain",
      "Partial Mode": "Simple",
      "Parallel Aware": false,
      "Startup Cost": 27907.14,
      "Total Cost": 27907.15,
      "Plan Rows": 1,
      "Plan Width": 8,
      "Actual Startup Time": 73.234,
      "Actual Total Time": 73.236,
      "Actual Rows": 1,
      "Actual Loops": 1,
      "Plans": [
        {
          "Node Type": "Bitmap Heap Scan",
          "Parent Relationship": "Outer",
          "Parallel Aware": false,
          "Relation Name": "movie_keyword",
          "Alias": "mk",
          "Startup Cost": 2023.22,
          "Total Cost": 27668.82,
          "Plan Rows": 95328,
          "Plan Width": 0,
          "Actual Startup Time": 24.064,
          "Actual Total Time": 68.508,
          "Actual Rows": 93719,
          "Actual Loops": 1,
          "Recheck Cond": "(keyword_id > 84002)",
          "Rows Removed by Index Recheck": 0,
          "Exact Heap Blocks": 16895,
          "Lossy Heap Blocks": 0,
          "Plans": [
            {
              "Node Type": "Bitmap Index Scan",
              "Parent Relationship": "Outer",
              "Parallel Aware": false,
              "Index Name": "keyword_id_movie_keyword",
              "Startup Cost": 0.0,
              "Total Cost": 1999.39,
              "Plan Rows": 95328,
              "Plan Width": 0,
              "Actual Startup Time": 18.944,
              "Actual Total Time": 18.944,
              "Actual Rows": 93719,
              "Actual Loops": 1,
              "Index Cond": "(keyword_id > 84002)"
            }
          ]
        }
      ]
    },
    "Planning Time": 0.219,
    "Triggers": [],
    "Execution Time": 73.301
  }
]