[
    {
        "Bao": {
            "Bao prediction": "NaN",
            "Bao recommended hint": "(no hint)"
        }
    },
    {
        "Plan": {
            "Node Type": "Aggregate",
            "Strategy": "Plain",
            "Partial Mode": "Simple",
            "Parallel Aware": false,
            "Startup Cost": 16410.74,
            "Total Cost": 16410.75,
            "Plan Rows": 1,
            "Plan Width": 8,
            "Actual Startup Time": 9.187,
            "Actual Total Time": 9.189,
            "Actual Rows": 1,
            "Actual Loops": 1,
            "Output": [
                "count(*)"
            ],
            "Plans": [
                {
                    "Node Type": "Bitmap Heap Scan",
                    "Parent Relationship": "Outer",
                    "Parallel Aware": false,
                    "Relation Name": "movie_companies",
                    "Schema": "public",
                    "Alias": "mc",
                    "Startup Cost": 211.92,
                    "Total Cost": 16386.39,
                    "Plan Rows": 9741,
                    "Plan Width": 0,
                    "Actual Startup Time": 1.348,
                    "Actual Total Time": 8.722,
                    "Actual Rows": 9466,
                    "Actual Loops": 1,
                    "Recheck Cond": "(mc.company_id = 1451)",
                    "Rows Removed by Index Recheck": 0,
                    "Exact Heap Blocks": 5155,
                    "Lossy Heap Blocks": 0,
                    "Plans": [
                        {
                            "Node Type": "Bitmap Index Scan",
                            "Parent Relationship": "Outer",
                            "Parallel Aware": false,
                            "Index Name": "company_id_movie_companies",
                            "Startup Cost": 0.0,
                            "Total Cost": 209.49,
                            "Plan Rows": 9741,
                            "Plan Width": 0,
                            "Actual Startup Time": 0.816,
                            "Actual Total Time": 0.817,
                            "Actual Rows": 9466,
                            "Actual Loops": 1,
                            "Index Cond": "(mc.company_id = 1451)"
                        }
                    ]
                }
            ]
        },
        "Planning Time": 186.117,
        "Triggers": [],
        "Execution Time": 9.263
    }
]