[
  {
    "Plan": {
      "Node Type": "Aggregate",
      "Strategy": "Plain",
      "Partial Mode": "Finalize",
      "Parallel Aware": false,
      "Startup Cost": 597327.39,
      "Total Cost": 597327.4,
      "Plan Rows": 1,
      "Plan Width": 8,
      "Actual Startup Time": 2926.602,
      "Actual Total Time": 2978.285,
      "Actual Rows": 1,
      "Actual Loops": 1,
      "Plans": [
        {
          "Node Type": "Gather",
          "Parent Relationship": "Outer",
          "Parallel Aware": false,
          "Startup Cost": 597326.77,
          "Total Cost": 597327.38,
          "Plan Rows": 6,
          "Plan Width": 8,
          "Actual Startup Time": 2913.01,
          "Actual Total Time": 2978.276,
          "Actual Rows": 7,
          "Actual Loops": 1,
          "Workers Planned": 6,
          "Workers Launched": 6,
          "Single Copy": false,
          "Plans": [
            {
              "Node Type": "Aggregate",
              "Strategy": "Plain",
              "Partial Mode": "Partial",
              "Parent Relationship": "Outer",
              "Parallel Aware": false,
              "Startup Cost": 596326.77,
              "Total Cost": 596326.78,
              "Plan Rows": 1,
              "Plan Width": 8,
              "Actual Startup Time": 2903.981,
              "Actual Total Time": 2904.095,
              "Actual Rows": 1,
              "Actual Loops": 7,
              "Plans": [
                {
                  "Node Type": "Hash Join",
                  "Parent Relationship": "Outer",
                  "Parallel Aware": true,
                  "Join Type": "Inner",
                  "Startup Cost": 249619.31,
                  "Total Cost": 590248.33,
                  "Plan Rows": 2431375,
                  "Plan Width": 0,
                  "Actual Startup Time": 666.492,
                  "Actual Total Time": 2749.702,
                  "Actual Rows": 3281768,
                  "Actual Loops": 7,
                  "Inner Unique": false,
                  "Hash Cond": "(ci.movie_id = t.id)",
                  "Plans": [
                    {
                      "Node Type": "Seq Scan",
                      "Parent Relationship": "Outer",
                      "Parallel Aware": true,
                      "Relation Name": "cast_info",
                      "Alias": "ci",
                      "Startup Cost": 0.0,
                      "Total Cost": 313108.29,
                      "Plan Rows": 6042129,
                      "Plan Width": 4,
                      "Actual Startup Time": 0.025,
                      "Actual Total Time": 511.931,
                      "Actual Rows": 5177763,
                      "Actual Loops": 7
                    },
                    {
                      "Node Type": "Hash",
                      "Parent Relationship": "Inner",
                      "Parallel Aware": true,
                      "Startup Cost": 247075.8,
                      "Total Cost": 247075.8,
                      "Plan Rows": 203481,
                      "Plan Width": 8,
                      "Actual Startup Time": 664.363,
                      "Actual Total Time": 664.476,
                      "Actual Rows": 204373,
                      "Actual Loops": 7,
                      "Hash Buckets": 2097152,
                      "Original Hash Buckets": 1048576,
                      "Hash Batches": 1,
                      "Original Hash Batches": 1,
                      "Peak Memory Usage": 80608,
                      "Plans": [
                        {
                          "Node Type": "Hash Join",
                          "Parent Relationship": "Outer",
                          "Parallel Aware": true,
                          "Join Type": "Inner",
                          "Startup Cost": 45419.51,
                          "Total Cost": 247075.8,
                          "Plan Rows": 203481,
                          "Plan Width": 8,
                          "Actual Startup Time": 103.116,
                          "Actual Total Time": 563.794,
                          "Actual Rows": 204373,
                          "Actual Loops": 7,
                          "Inner Unique": true,
                          "Hash Cond": "(mi.movie_id = t.id)",
                          "Plans": [
                            {
                              "Node Type": "Seq Scan",
                              "Parent Relationship": "Outer",
                              "Parallel Aware": true,
                              "Relation Name": "movie_info",
                              "Alias": "mi",
                              "Startup Cost": 0.0,
                              "Total Cost": 198880.74,
                              "Plan Rows": 1057354,
                              "Plan Width": 4,
                              "Actual Startup Time": 0.022,
                              "Actual Total Time": 302.295,
                              "Actual Rows": 772931,
                              "Actual Loops": 7,
                              "Filter": "(info_type_id < 6)",
                              "Rows Removed by Filter": 1346457
                            },
                            {
                              "Node Type": "Hash",
                              "Parent Relationship": "Inner",
                              "Parallel Aware": true,
                              "Startup Cost": 43899.01,
                              "Total Cost": 43899.01,
                              "Plan Rows": 121640,
                              "Plan Width": 4,
                              "Actual Startup Time": 101.12,
                              "Actual Total Time": 101.121,
                              "Actual Rows": 68514,
                              "Actual Loops": 7,
                              "Hash Buckets": 524288,
                              "Original Hash Buckets": 524288,
                              "Hash Batches": 1,
                              "Original Hash Batches": 1,
                              "Peak Memory Usage": 22976,
                              "Plans": [
                                {
                                  "Node Type": "Seq Scan",
                                  "Parent Relationship": "Outer",
                                  "Parallel Aware": true,
                                  "Relation Name": "title",
                                  "Alias": "t",
                                  "Startup Cost": 0.0,
                                  "Total Cost": 43899.01,
                                  "Plan Rows": 121640,
                                  "Plan Width": 4,
                                  "Actual Startup Time": 0.053,
                                  "Actual Total Time": 72.055,
                                  "Actual Rows": 68514,
                                  "Actual Loops": 7,
                                  "Filter": "(production_year < 1978)",
                                  "Rows Removed by Filter": 292673
                                }
                              ]
                            }
                          ]
                        }
                      ]
                    }
                  ]
                }
              ]
            }
          ]
        }
      ]
    },
    "Planning Time": 0.439,
    "Triggers": [],
    "Execution Time": 2978.336
  }
]