[
  {
    "Plan": {
      "Node Type": "Aggregate",
      "Strategy": "Plain",
      "Partial Mode": "Finalize",
      "Parallel Aware": false,
      "Startup Cost": 597070.8,
      "Total Cost": 597070.81,
      "Plan Rows": 1,
      "Plan Width": 8,
      "Actual Startup Time": 3389.264,
      "Actual Total Time": 3486.749,
      "Actual Rows": 1,
      "Actual Loops": 1,
      "Plans": [
        {
          "Node Type": "Gather",
          "Parent Relationship": "Outer",
          "Parallel Aware": false,
          "Startup Cost": 597070.18,
          "Total Cost": 597070.79,
          "Plan Rows": 6,
          "Plan Width": 8,
          "Actual Startup Time": 3383.849,
          "Actual Total Time": 3486.737,
          "Actual Rows": 7,
          "Actual Loops": 1,
          "Workers Planned": 6,
          "Workers Launched": 6,
          "Single Copy": false,
          "Plans": [
            {
              "Node Type": "Aggregate",
              "Strategy": "Plain",
              "Partial Mode": "Partial",
              "Parent Relationship": "Outer",
              "Parallel Aware": false,
              "Startup Cost": 596070.18,
              "Total Cost": 596070.19,
              "Plan Rows": 1,
              "Plan Width": 8,
              "Actual Startup Time": 3371.185,
              "Actual Total Time": 3371.191,
              "Actual Rows": 1,
              "Actual Loops": 7,
              "Plans": [
                {
                  "Node Type": "Hash Join",
                  "Parent Relationship": "Outer",
                  "Parallel Aware": true,
                  "Join Type": "Inner",
                  "Startup Cost": 249631.33,
                  "Total Cost": 590109.45,
                  "Plan Rows": 2384292,
                  "Plan Width": 0,
                  "Actual Startup Time": 778.116,
                  "Actual Total Time": 3212.818,
                  "Actual Rows": 3281768,
                  "Actual Loops": 7,
                  "Inner Unique": false,
                  "Hash Cond": "(ci.movie_id = t.id)",
                  "Plans": [
                    {
                      "Node Type": "Seq Scan",
                      "Parent Relationship": "Outer",
                      "Parallel Aware": true,
                      "Relation Name": "cast_info",
                      "Alias": "ci",
                      "Startup Cost": 0.0,
                      "Total Cost": 313067.02,
                      "Plan Rows": 6038002,
                      "Plan Width": 4,
                      "Actual Startup Time": 0.032,
                      "Actual Total Time": 581.582,
                      "Actual Rows": 5177763,
                      "Actual Loops": 7
                    },
                    {
                      "Node Type": "Hash",
                      "Parent Relationship": "Inner",
                      "Parallel Aware": true,
                      "Startup Cost": 247135.39,
                      "Total Cost": 247135.39,
                      "Plan Rows": 199675,
                      "Plan Width": 8,
                      "Actual Startup Time": 774.449,
                      "Actual Total Time": 774.453,
                      "Actual Rows": 204373,
                      "Actual Loops": 7,
                      "Hash Buckets": 2097152,
                      "Original Hash Buckets": 1048576,
                      "Hash Batches": 1,
                      "Original Hash Batches": 1,
                      "Peak Memory Usage": 80672,
                      "Plans": [
                        {
                          "Node Type": "Hash Join",
                          "Parent Relationship": "Outer",
                          "Parallel Aware": true,
                          "Join Type": "Inner",
                          "Startup Cost": 45372.04,
                          "Total Cost": 247135.39,
                          "Plan Rows": 199675,
                          "Plan Width": 8,
                          "Actual Startup Time": 123.642,
                          "Actual Total Time": 645.515,
                          "Actual Rows": 204373,
                          "Actual Loops": 7,
                          "Inner Unique": true,
                          "Hash Cond": "(mi.movie_id = t.id)",
                          "Plans": [
                            {
                              "Node Type": "Seq Scan",
                              "Parent Relationship": "Outer",
                              "Parallel Aware": true,
                              "Relation Name": "movie_info",
                              "Alias": "mi",
                              "Startup Cost": 0.0,
                              "Total Cost": 198952.16,
                              "Plan Rows": 1070929,
                              "Plan Width": 4,
                              "Actual Startup Time": 0.028,
                              "Actual Total Time": 331.817,
                              "Actual Rows": 772931,
                              "Actual Loops": 7,
                              "Filter": "(info_type_id < 6)",
                              "Rows Removed by Filter": 1346457
                            },
                            {
                              "Node Type": "Hash",
                              "Parent Relationship": "Inner",
                              "Parallel Aware": true,
                              "Startup Cost": 43898.92,
                              "Total Cost": 43898.92,
                              "Plan Rows": 117850,
                              "Plan Width": 4,
                              "Actual Startup Time": 121.103,
                              "Actual Total Time": 121.104,
                              "Actual Rows": 68514,
                              "Actual Loops": 7,
                              "Hash Buckets": 524288,
                              "Original Hash Buckets": 524288,
                              "Hash Batches": 1,
                              "Original Hash Batches": 1,
                              "Peak Memory Usage": 23008,
                              "Plans": [
                                {
                                  "Node Type": "Seq Scan",
                                  "Parent Relationship": "Outer",
                                  "Parallel Aware": true,
                                  "Relation Name": "title",
                                  "Alias": "t",
                                  "Startup Cost": 0.0,
                                  "Total Cost": 43898.92,
                                  "Plan Rows": 117850,
                                  "Plan Width": 4,
                                  "Actual Startup Time": 0.047,
                                  "Actual Total Time": 84.413,
                                  "Actual Rows": 68514,
                                  "Actual Loops": 7,
                                  "Filter": "(production_year < 1978)",
                                  "Rows Removed by Filter": 292673
                                }
                              ]
                            }
                          ]
                        }
                      ]
                    }
                  ]
                }
              ]
            }
          ]
        }
      ]
    },
    "Planning Time": 1.34,
    "Triggers": [],
    "Execution Time": 3486.856
  }
]