[
  {
    "Plan": {
      "Node Type": "Aggregate",
      "Strategy": "Plain",
      "Partial Mode": "Finalize",
      "Parallel Aware": false,
      "Startup Cost": 73283.63,
      "Total Cost": 73283.64,
      "Plan Rows": 1,
      "Plan Width": 8,
      "Actual Startup Time": 121.688,
      "Actual Total Time": 138.63,
      "Actual Rows": 1,
      "Actual Loops": 1,
      "Plans": [
        {
          "Node Type": "Gather",
          "Parent Relationship": "Outer",
          "Parallel Aware": false,
          "Startup Cost": 73283.21,
          "Total Cost": 73283.62,
          "Plan Rows": 4,
          "Plan Width": 8,
          "Actual Startup Time": 121.522,
          "Actual Total Time": 138.618,
          "Actual Rows": 5,
          "Actual Loops": 1,
          "Workers Planned": 4,
          "Workers Launched": 4,
          "Single Copy": false,
          "Plans": [
            {
              "Node Type": "Aggregate",
              "Strategy": "Plain",
              "Partial Mode": "Partial",
              "Parent Relationship": "Outer",
              "Parallel Aware": false,
              "Startup Cost": 72283.21,
              "Total Cost": 72283.22,
              "Plan Rows": 1,
              "Plan Width": 8,
              "Actual Startup Time": 113.529,
              "Actual Total Time": 113.53,
              "Actual Rows": 1,
              "Actual Loops": 5,
              "Plans": [
                {
                  "Node Type": "Nested Loop",
                  "Parent Relationship": "Outer",
                  "Parallel Aware": false,
                  "Join Type": "Inner",
                  "Startup Cost": 0.43,
                  "Total Cost": 72278.58,
                  "Plan Rows": 1853,
                  "Plan Width": 0,
                  "Actual Startup Time": 2.69,
                  "Actual Total Time": 113.226,
                  "Actual Rows": 2624,
                  "Actual Loops": 5,
                  "Inner Unique": false,
                  "Plans": [
                    {
                      "Node Type": "Seq Scan",
                      "Parent Relationship": "Outer",
                      "Parallel Aware": true,
                      "Relation Name": "title",
                      "Alias": "t",
                      "Startup Cost": 0.0,
                      "Total Cost": 45479.59,
                      "Plan Rows": 3404,
                      "Plan Width": 4,
                      "Actual Startup Time": 0.771,
                      "Actual Total Time": 84.782,
                      "Actual Rows": 2442,
                      "Actual Loops": 5,
                      "Filter": "((kind_id < 7) AND (production_year = 1996))",
                      "Rows Removed by Filter": 503221
                    },
                    {
                      "Node Type": "Index Scan",
                      "Parent Relationship": "Inner",
                      "Parallel Aware": false,
                      "Scan Direction": "Forward",
                      "Index Name": "movie_id_movie_companies",
                      "Relation Name": "movie_companies",
                      "Alias": "mc",
                      "Startup Cost": 0.43,
                      "Total Cost": 7.84,
                      "Plan Rows": 3,
                      "Plan Width": 4,
                      "Actual Startup Time": 0.01,
                      "Actual Total Time": 0.011,
                      "Actual Rows": 1,
                      "Actual Loops": 12208,
                      "Index Cond": "(movie_id = t.id)",
                      "Rows Removed by Index Recheck": 0,
                      "Filter": "(company_id > 11147)",
                      "Rows Removed by Filter": 1
                    }
                  ]
                }
              ]
            }
          ]
        }
      ]
    },
    "Planning Time": 0.285,
    "Triggers": [],
    "Execution Time": 138.664
  }
]