[
    {
        "Bao": {
            "Bao prediction": 761.045,
            "Bao recommended hint": "(no hint)"
        }
    },
    {
        "Plan": {
            "Node Type": "Aggregate",
            "Strategy": "Plain",
            "Partial Mode": "Finalize",
            "Parallel Aware": false,
            "Startup Cost": 400476.96,
            "Total Cost": 400476.97,
            "Plan Rows": 1,
            "Plan Width": 8,
            "Actual Startup Time": 1554.718,
            "Actual Total Time": 1590.413,
            "Actual Rows": 1,
            "Actual Loops": 1,
            "Output": [
                "count(*)"
            ],
            "Plans": [
                {
                    "Node Type": "Gather",
                    "Parent Relationship": "Outer",
                    "Parallel Aware": false,
                    "Startup Cost": 400476.34,
                    "Total Cost": 400476.95,
                    "Plan Rows": 6,
                    "Plan Width": 8,
                    "Actual Startup Time": 1550.031,
                    "Actual Total Time": 1590.401,
                    "Actual Rows": 7,
                    "Actual Loops": 1,
                    "Output": [
                        "(PARTIAL count(*))"
                    ],
                    "Workers Planned": 6,
                    "Workers Launched": 6,
                    "Single Copy": false,
                    "Plans": [
                        {
                            "Node Type": "Aggregate",
                            "Strategy": "Plain",
                            "Partial Mode": "Partial",
                            "Parent Relationship": "Outer",
                            "Parallel Aware": false,
                            "Startup Cost": 399476.34,
                            "Total Cost": 399476.35,
                            "Plan Rows": 1,
                            "Plan Width": 8,
                            "Actual Startup Time": 1539.812,
                            "Actual Total Time": 1539.815,
                            "Actual Rows": 1,
                            "Actual Loops": 7,
                            "Output": [
                                "PARTIAL count(*)"
                            ],
                            "Workers": [
                                {
                                    "Worker Number": 0,
                                    "Actual Startup Time": 1538.132,
                                    "Actual Total Time": 1538.135,
                                    "Actual Rows": 1,
                                    "Actual Loops": 1
                                },
                                {
                                    "Worker Number": 1,
                                    "Actual Startup Time": 1538.227,
                                    "Actual Total Time": 1538.23,
                                    "Actual Rows": 1,
                                    "Actual Loops": 1
                                },
                                {
                                    "Worker Number": 2,
                                    "Actual Startup Time": 1538.231,
                                    "Actual Total Time": 1538.234,
                                    "Actual Rows": 1,
                                    "Actual Loops": 1
                                },
                                {
                                    "Worker Number": 3,
                                    "Actual Startup Time": 1538.248,
                                    "Actual Total Time": 1538.251,
                                    "Actual Rows": 1,
                                    "Actual Loops": 1
                                },
                                {
                                    "Worker Number": 4,
                                    "Actual Startup Time": 1538.487,
                                    "Actual Total Time": 1538.49,
                                    "Actual Rows": 1,
                                    "Actual Loops": 1
                                },
                                {
                                    "Worker Number": 5,
                                    "Actual Startup Time": 1538.229,
                                    "Actual Total Time": 1538.232,
                                    "Actual Rows": 1,
                                    "Actual Loops": 1
                                }
                            ],
                            "Plans": [
                                {
                                    "Node Type": "Hash Join",
                                    "Parent Relationship": "Outer",
                                    "Parallel Aware": true,
                                    "Join Type": "Inner",
                                    "Startup Cost": 47231.51,
                                    "Total Cost": 397919.79,
                                    "Plan Rows": 622620,
                                    "Plan Width": 0,
                                    "Actual Startup Time": 220.866,
                                    "Actual Total Time": 1508.177,
                                    "Actual Rows": 444081,
                                    "Actual Loops": 7,
                                    "Inner Unique": true,
                                    "Hash Cond": "(ci.movie_id = t.id)",
                                    "Workers": [
                                        {
                                            "Worker Number": 0,
                                            "Actual Startup Time": 219.248,
                                            "Actual Total Time": 1505.851,
                                            "Actual Rows": 441211,
                                            "Actual Loops": 1
                                        },
                                        {
                                            "Worker Number": 1,
                                            "Actual Startup Time": 219.331,
                                            "Actual Total Time": 1506.187,
                                            "Actual Rows": 443700,
                                            "Actual Loops": 1
                                        },
                                        {
                                            "Worker Number": 2,
                                            "Actual Startup Time": 219.349,
                                            "Actual Total Time": 1506.093,
                                            "Actual Rows": 445158,
                                            "Actual Loops": 1
                                        },
                                        {
                                            "Worker Number": 3,
                                            "Actual Startup Time": 219.359,
                                            "Actual Total Time": 1505.878,
                                            "Actual Rows": 447201,
                                            "Actual Loops": 1
                                        },
                                        {
                                            "Worker Number": 4,
                                            "Actual Startup Time": 219.184,
                                            "Actual Total Time": 1509.399,
                                            "Actual Rows": 401054,
                                            "Actual Loops": 1
                                        },
                                        {
                                            "Worker Number": 5,
                                            "Actual Startup Time": 219.34,
                                            "Actual Total Time": 1506.017,
                                            "Actual Rows": 446024,
                                            "Actual Loops": 1
                                        }
                                    ],
                                    "Plans": [
                                        {
                                            "Node Type": "Seq Scan",
                                            "Parent Relationship": "Outer",
                                            "Parallel Aware": true,
                                            "Relation Name": "cast_info",
                                            "Schema": "public",
                                            "Alias": "ci",
                                            "Startup Cost": 0.0,
                                            "Total Cost": 343318.94,
                                            "Plan Rows": 2807364,
                                            "Plan Width": 4,
                                            "Actual Startup Time": 91.567,
                                            "Actual Total Time": 884.487,
                                            "Actual Rows": 2226990,
                                            "Actual Loops": 7,
                                            "Output": [
                                                "ci.id",
                                                "ci.person_id",
                                                "ci.movie_id",
                                                "ci.person_role_id",
                                                "ci.note",
                                                "ci.nr_order",
                                                "ci.role_id"
                                            ],
                                            "Filter": "((ci.person_id > 606851) AND (ci.role_id < 3))",
                                            "Rows Removed by Filter": 2950773,
                                            "Workers": [
                                                {
                                                    "Worker Number": 0,
                                                    "Actual Startup Time": 91.693,
                                                    "Actual Total Time": 891.617,
                                                    "Actual Rows": 2189613,
                                                    "Actual Loops": 1
                                                },
                                                {
                                                    "Worker Number": 1,
                                                    "Actual Startup Time": 91.546,
                                                    "Actual Total Time": 892.901,
                                                    "Actual Rows": 2234217,
                                                    "Actual Loops": 1
                                                },
                                                {
                                                    "Worker Number": 2,
                                                    "Actual Startup Time": 91.541,
                                                    "Actual Total Time": 893.371,
                                                    "Actual Rows": 2228417,
                                                    "Actual Loops": 1
                                                },
                                                {
                                                    "Worker Number": 3,
                                                    "Actual Startup Time": 91.58,
                                                    "Actual Total Time": 894.123,
                                                    "Actual Rows": 2240312,
                                                    "Actual Loops": 1
                                                },
                                                {
                                                    "Worker Number": 4,
                                                    "Actual Startup Time": 91.555,
                                                    "Actual Total Time": 853.275,
                                                    "Actual Rows": 1999768,
                                                    "Actual Loops": 1
                                                },
                                                {
                                                    "Worker Number": 5,
                                                    "Actual Startup Time": 91.546,
                                                    "Actual Total Time": 894.414,
                                                    "Actual Rows": 2242847,
                                                    "Actual Loops": 1
                                                }
                                            ]
                                        },
                                        {
                                            "Node Type": "Hash",
                                            "Parent Relationship": "Inner",
                                            "Parallel Aware": true,
                                            "Startup Cost": 45479.21,
                                            "Total Cost": 45479.21,
                                            "Plan Rows": 140184,
                                            "Plan Width": 4,
                                            "Actual Startup Time": 125.644,
                                            "Actual Total Time": 125.645,
                                            "Actual Rows": 62673,
                                            "Actual Loops": 7,
                                            "Output": [
                                                "t.id"
                                            ],
                                            "Hash Buckets": 1048576,
                                            "Original Hash Buckets": 1048576,
                                            "Hash Batches": 1,
                                            "Original Hash Batches": 1,
                                            "Peak Memory Usage": 25504,
                                            "Workers": [
                                                {
                                                    "Worker Number": 0,
                                                    "Actual Startup Time": 126.861,
                                                    "Actual Total Time": 126.862,
                                                    "Actual Rows": 60713,
                                                    "Actual Loops": 1
                                                },
                                                {
                                                    "Worker Number": 1,
                                                    "Actual Startup Time": 126.843,
                                                    "Actual Total Time": 126.844,
                                                    "Actual Rows": 60779,
                                                    "Actual Loops": 1
                                                },
                                                {
                                                    "Worker Number": 2,
                                                    "Actual Startup Time": 126.863,
                                                    "Actual Total Time": 126.864,
                                                    "Actual Rows": 60612,
                                                    "Actual Loops": 1
                                                },
                                                {
                                                    "Worker Number": 3,
                                                    "Actual Startup Time": 126.874,
                                                    "Actual Total Time": 126.875,
                                                    "Actual Rows": 62063,
                                                    "Actual Loops": 1
                                                },
                                                {
                                                    "Worker Number": 4,
                                                    "Actual Startup Time": 126.744,
                                                    "Actual Total Time": 126.745,
                                                    "Actual Rows": 55161,
                                                    "Actual Loops": 1
                                                },
                                                {
                                                    "Worker Number": 5,
                                                    "Actual Startup Time": 126.87,
                                                    "Actual Total Time": 126.872,
                                                    "Actual Rows": 62256,
                                                    "Actual Loops": 1
                                                }
                                            ],
                                            "Plans": [
                                                {
                                                    "Node Type": "Seq Scan",
                                                    "Parent Relationship": "Outer",
                                                    "Parallel Aware": true,
                                                    "Relation Name": "title",
                                                    "Schema": "public",
                                                    "Alias": "t",
                                                    "Startup Cost": 0.0,
                                                    "Total Cost": 45479.21,
                                                    "Plan Rows": 140184,
                                                    "Plan Width": 4,
                                                    "Actual Startup Time": 47.401,
                                                    "Actual Total Time": 91.405,
                                                    "Actual Rows": 62673,
                                                    "Actual Loops": 7,
                                                    "Output": [
                                                        "t.id"
                                                    ],
                                                    "Filter": "((t.kind_id < 2) AND (t.production_year > 1967))",
                                                    "Rows Removed by Filter": 298514,
                                                    "Workers": [
                                                        {
                                                            "Worker Number": 0,
                                                            "Actual Startup Time": 54.333,
                                                            "Actual Total Time": 92.265,
                                                            "Actual Rows": 60713,
                                                            "Actual Loops": 1
                                                        },
                                                        {
                                                            "Worker Number": 1,
                                                            "Actual Startup Time": 54.454,
                                                            "Actual Total Time": 92.217,
                                                            "Actual Rows": 60779,
                                                            "Actual Loops": 1
                                                        },
                                                        {
                                                            "Worker Number": 2,
                                                            "Actual Startup Time": 54.292,
                                                            "Actual Total Time": 92.042,
                                                            "Actual Rows": 60612,
                                                            "Actual Loops": 1
                                                        },
                                                        {
                                                            "Worker Number": 3,
                                                            "Actual Startup Time": 54.285,
                                                            "Actual Total Time": 92.109,
                                                            "Actual Rows": 62063,
                                                            "Actual Loops": 1
                                                        },
                                                        {
                                                            "Worker Number": 4,
                                                            "Actual Startup Time": 54.177,
                                                            "Actual Total Time": 90.527,
                                                            "Actual Rows": 55161,
                                                            "Actual Loops": 1
                                                        },
                                                        {
                                                            "Worker Number": 5,
                                                            "Actual Startup Time": 54.202,
                                                            "Actual Total Time": 92.299,
                                                            "Actual Rows": 62256,
                                                            "Actual Loops": 1
                                                        }
                                                    ]
                                                }
                                            ]
                                        }
                                    ]
                                }
                            ]
                        }
                    ]
                }
            ]
        },
        "Planning Time": 2087.086,
        "Triggers": [],
        "Execution Time": 1590.54
    }
]