{
    "Plan": {
        "Node Type": "Aggregate",
        "Strategy": "Plain",
        "Partial Mode": "Simple",
        "Parallel Aware": false,
        "Startup Cost": 50012666168.91,
        "Total Cost": 50012666168.92,
        "Plan Rows": 1,
        "Plan Width": 96,
        "Actual Startup Time": 13773.008,
        "Actual Total Time": 13773.011,
        "Actual Rows": 1,
        "Actual Loops": 1,
        "Output": [
            "min(k.keyword)",
            "min(n.name)",
            "min(t.title)"
        ],
        "Plans": [
            {
                "Node Type": "Nested Loop",
                "Parent Relationship": "Outer",
                "Parallel Aware": false,
                "Join Type": "Inner",
                "Startup Cost": 50000000003.16,
                "Total Cost": 50012666168.63,
                "Plan Rows": 37,
                "Plan Width": 48,
                "Actual Startup Time": 30.56,
                "Actual Total Time": 13771.42,
                "Actual Rows": 3386,
                "Actual Loops": 1,
                "Output": [
                    "k.keyword",
                    "n.name",
                    "t.title"
                ],
                "Inner Unique": true,
                "Plans": [
                    {
                        "Node Type": "Nested Loop",
                        "Parent Relationship": "Outer",
                        "Parallel Aware": false,
                        "Join Type": "Inner",
                        "Startup Cost": 40000000002.72,
                        "Total Cost": 40012649687.32,
                        "Plan Rows": 3700,
                        "Plan Width": 37,
                        "Actual Startup Time": 30.146,
                        "Actual Total Time": 11291.712,
                        "Actual Rows": 388392,
                        "Actual Loops": 1,
                        "Output": [
                            "ci.person_id",
                            "k.keyword",
                            "t.title"
                        ],
                        "Inner Unique": false,
                        "Join Filter": "(t.id = ci.movie_id)",
                        "Rows Removed by Join Filter": 0,
                        "Plans": [
                            {
                                "Node Type": "Nested Loop",
                                "Parent Relationship": "Outer",
                                "Parallel Aware": false,
                                "Join Type": "Inner",
                                "Startup Cost": 30000000001.74,
                                "Total Cost": 30012649118.57,
                                "Plan Rows": 96,
                                "Plan Width": 41,
                                "Actual Startup Time": 30.044,
                                "Actual Total Time": 10465.792,
                                "Actual Rows": 6345,
                                "Actual Loops": 1,
                                "Output": [
                                    "k.keyword",
                                    "mk.movie_id",
                                    "t.title",
                                    "t.id"
                                ],
                                "Inner Unique": true,
                                "Plans": [
                                    {
                                        "Node Type": "Nested Loop",
                                        "Parent Relationship": "Outer",
                                        "Parallel Aware": false,
                                        "Join Type": "Inner",
                                        "Startup Cost": 20000000001.31,
                                        "Total Cost": 20005459459.29,
                                        "Plan Rows": 1615410,
                                        "Plan Width": 29,
                                        "Actual Startup Time": 0.485,
                                        "Actual Total Time": 5578.581,
                                        "Actual Rows": 1069450,
                                        "Actual Loops": 1,
                                        "Output": [
                                            "mk.keyword_id",
                                            "mk.movie_id",
                                            "t.title",
                                            "t.id"
                                        ],
                                        "Inner Unique": false,
                                        "Plans": [
                                            {
                                                "Node Type": "Index Scan",
                                                "Parent Relationship": "Outer",
                                                "Parallel Aware": false,
                                                "Scan Direction": "Forward",
                                                "Index Name": "title_pkey",
                                                "Relation Name": "title",
                                                "Schema": "public",
                                                "Alias": "t",
                                                "Startup Cost": 10000000000.43,
                                                "Total Cost": 10000116662.9,
                                                "Plan Rows": 902816,
                                                "Plan Width": 21,
                                                "Actual Startup Time": 0.393,
                                                "Actual Total Time": 1604.017,
                                                "Actual Rows": 904491,
                                                "Actual Loops": 1,
                                                "Output": [
                                                    "t.id",
                                                    "t.title",
                                                    "t.imdb_index",
                                                    "t.kind_id",
                                                    "t.production_year",
                                                    "t.imdb_id",
                                                    "t.phonetic_code",
                                                    "t.episode_of_id",
                                                    "t.season_nr",
                                                    "t.episode_nr",
                                                    "t.series_years",
                                                    "t.md5sum"
                                                ],
                                                "Filter": "(t.production_year > 2006)",
                                                "Rows Removed by Filter": 1623821
                                            },
                                            {
                                                "Node Type": "Bitmap Heap Scan",
                                                "Parent Relationship": "Inner",
                                                "Parallel Aware": false,
                                                "Relation Name": "movie_keyword",
                                                "Schema": "public",
                                                "Alias": "mk",
                                                "Startup Cost": 0.88,
                                                "Total Cost": 5.46,
                                                "Plan Rows": 46,
                                                "Plan Width": 8,
                                                "Actual Startup Time": 0.003,
                                                "Actual Total Time": 0.003,
                                                "Actual Rows": 1,
                                                "Actual Loops": 904491,
                                                "Output": [
                                                    "mk.id",
                                                    "mk.movie_id",
                                                    "mk.keyword_id"
                                                ],
                                                "Recheck Cond": "(mk.movie_id = t.id)",
                                                "Rows Removed by Index Recheck": 0,
                                                "Exact Heap Blocks": 123634,
                                                "Lossy Heap Blocks": 0,
                                                "Plans": [
                                                    {
                                                        "Node Type": "Bitmap Index Scan",
                                                        "Parent Relationship": "Outer",
                                                        "Parallel Aware": false,
                                                        "Index Name": "movie_id_movie_keyword",
                                                        "Startup Cost": 0.0,
                                                        "Total Cost": 0.87,
                                                        "Plan Rows": 46,
                                                        "Plan Width": 0,
                                                        "Actual Startup Time": 0.002,
                                                        "Actual Total Time": 0.002,
                                                        "Actual Rows": 1,
                                                        "Actual Loops": 904491,
                                                        "Index Cond": "(mk.movie_id = t.id)"
                                                    }
                                                ]
                                            }
                                        ]
                                    },
                                    {
                                        "Node Type": "Bitmap Heap Scan",
                                        "Parent Relationship": "Inner",
                                        "Parallel Aware": false,
                                        "Relation Name": "keyword",
                                        "Schema": "public",
                                        "Alias": "k",
                                        "Startup Cost": 0.43,
                                        "Total Cost": 4.45,
                                        "Plan Rows": 1,
                                        "Plan Width": 20,
                                        "Actual Startup Time": 0.003,
                                        "Actual Total Time": 0.003,
                                        "Actual Rows": 0,
                                        "Actual Loops": 1069450,
                                        "Output": [
                                            "k.id",
                                            "k.keyword",
                                            "k.phonetic_code"
                                        ],
                                        "Recheck Cond": "(k.id = mk.keyword_id)",
                                        "Rows Removed by Index Recheck": 0,
                                        "Filter": "(k.keyword = ANY ('{fight,fight,magnet,sequel,tv-special,marvel-comics,blood,fight}'::text[]))",
                                        "Rows Removed by Filter": 1,
                                        "Exact Heap Blocks": 1069450,
                                        "Lossy Heap Blocks": 0,
                                        "Plans": [
                                            {
                                                "Node Type": "Bitmap Index Scan",
                                                "Parent Relationship": "Outer",
                                                "Parallel Aware": false,
                                                "Index Name": "keyword_pkey",
                                                "Startup Cost": 0.0,
                                                "Total Cost": 0.43,
                                                "Plan Rows": 1,
                                                "Plan Width": 0,
                                                "Actual Startup Time": 0.002,
                                                "Actual Total Time": 0.002,
                                                "Actual Rows": 1,
                                                "Actual Loops": 1069450,
                                                "Index Cond": "(k.id = mk.keyword_id)"
                                            }
                                        ]
                                    }
                                ]
                            },
                            {
                                "Node Type": "Bitmap Heap Scan",
                                "Parent Relationship": "Inner",
                                "Parallel Aware": false,
                                "Relation Name": "cast_info",
                                "Schema": "public",
                                "Alias": "ci",
                                "Startup Cost": 0.97,
                                "Total Cost": 5.45,
                                "Plan Rows": 38,
                                "Plan Width": 8,
                                "Actual Startup Time": 0.021,
                                "Actual Total Time": 0.117,
                                "Actual Rows": 61,
                                "Actual Loops": 6345,
                                "Output": [
                                    "ci.id",
                                    "ci.person_id",
                                    "ci.movie_id",
                                    "ci.person_role_id",
                                    "ci.note",
                                    "ci.nr_order",
                                    "ci.role_id"
                                ],
                                "Recheck Cond": "(ci.movie_id = mk.movie_id)",
                                "Rows Removed by Index Recheck": 0,
                                "Exact Heap Blocks": 373513,
                                "Lossy Heap Blocks": 0,
                                "Plans": [
                                    {
                                        "Node Type": "Bitmap Index Scan",
                                        "Parent Relationship": "Outer",
                                        "Parallel Aware": false,
                                        "Index Name": "movie_id_cast_info",
                                        "Startup Cost": 0.0,
                                        "Total Cost": 0.97,
                                        "Plan Rows": 38,
                                        "Plan Width": 0,
                                        "Actual Startup Time": 0.015,
                                        "Actual Total Time": 0.015,
                                        "Actual Rows": 61,
                                        "Actual Loops": 6345,
                                        "Index Cond": "(ci.movie_id = mk.movie_id)"
                                    }
                                ]
                            }
                        ]
                    },
                    {
                        "Node Type": "Bitmap Heap Scan",
                        "Parent Relationship": "Inner",
                        "Parallel Aware": false,
                        "Relation Name": "name",
                        "Schema": "public",
                        "Alias": "n",
                        "Startup Cost": 0.44,
                        "Total Cost": 4.45,
                        "Plan Rows": 1,
                        "Plan Width": 19,
                        "Actual Startup Time": 0.005,
                        "Actual Total Time": 0.005,
                        "Actual Rows": 0,
                        "Actual Loops": 388392,
                        "Output": [
                            "n.id",
                            "n.name",
                            "n.imdb_index",
                            "n.imdb_id",
                            "n.gender",
                            "n.name_pcode_cf",
                            "n.name_pcode_nf",
                            "n.surname_pcode",
                            "n.md5sum"
                        ],
                        "Recheck Cond": "(n.id = ci.person_id)",
                        "Rows Removed by Index Recheck": 0,
                        "Filter": "(n.name ~~ '%Alex%'::text)",
                        "Rows Removed by Filter": 1,
                        "Exact Heap Blocks": 388392,
                        "Lossy Heap Blocks": 0,
                        "Plans": [
                            {
                                "Node Type": "Bitmap Index Scan",
                                "Parent Relationship": "Outer",
                                "Parallel Aware": false,
                                "Index Name": "name_pkey",
                                "Startup Cost": 0.0,
                                "Total Cost": 0.44,
                                "Plan Rows": 1,
                                "Plan Width": 0,
                                "Actual Startup Time": 0.003,
                                "Actual Total Time": 0.003,
                                "Actual Rows": 1,
                                "Actual Loops": 388392,
                                "Index Cond": "(n.id = ci.person_id)"
                            }
                        ]
                    }
                ]
            }
        ]
    },
    "Planning Time": 5.97,
    "Triggers": [],
    "Execution Time": 13773.604
}