[
  {
    "Plan": {
      "Node Type": "Aggregate",
      "Strategy": "Plain",
      "Partial Mode": "Finalize",
      "Parallel Aware": false,
      "Startup Cost": 69486.38,
      "Total Cost": 69486.39,
      "Plan Rows": 1,
      "Plan Width": 8,
      "Actual Startup Time": 300.623,
      "Actual Total Time": 314.429,
      "Actual Rows": 1,
      "Actual Loops": 1,
      "Plans": [
        {
          "Node Type": "Gather",
          "Parent Relationship": "Outer",
          "Parallel Aware": false,
          "Startup Cost": 69486.07,
          "Total Cost": 69486.38,
          "Plan Rows": 3,
          "Plan Width": 8,
          "Actual Startup Time": 292.109,
          "Actual Total Time": 314.421,
          "Actual Rows": 4,
          "Actual Loops": 1,
          "Workers Planned": 3,
          "Workers Launched": 3,
          "Single Copy": false,
          "Plans": [
            {
              "Node Type": "Aggregate",
              "Strategy": "Plain",
              "Partial Mode": "Partial",
              "Parent Relationship": "Outer",
              "Parallel Aware": false,
              "Startup Cost": 68486.07,
              "Total Cost": 68486.08,
              "Plan Rows": 1,
              "Plan Width": 8,
              "Actual Startup Time": 283.378,
              "Actual Total Time": 283.382,
              "Actual Rows": 1,
              "Actual Loops": 4,
              "Plans": [
                {
                  "Node Type": "Hash Join",
                  "Parent Relationship": "Outer",
                  "Parallel Aware": true,
                  "Join Type": "Inner",
                  "Startup Cost": 49442.52,
                  "Total Cost": 68464.2,
                  "Plan Rows": 8745,
                  "Plan Width": 0,
                  "Actual Startup Time": 264.661,
                  "Actual Total Time": 282.787,
                  "Actual Rows": 10540,
                  "Actual Loops": 4,
                  "Inner Unique": true,
                  "Hash Cond": "(mc.movie_id = t.id)",
                  "Plans": [
                    {
                      "Node Type": "Bitmap Heap Scan",
                      "Parent Relationship": "Outer",
                      "Parallel Aware": true,
                      "Relation Name": "movie_companies",
                      "Alias": "mc",
                      "Startup Cost": 1032.45,
                      "Total Cost": 20013.92,
                      "Plan Rows": 15318,
                      "Plan Width": 4,
                      "Actual Startup Time": 3.101,
                      "Actual Total Time": 11.706,
                      "Actual Rows": 11813,
                      "Actual Loops": 4,
                      "Recheck Cond": "(company_id = 19)",
                      "Rows Removed by Index Recheck": 0,
                      "Exact Heap Blocks": 2076,
                      "Lossy Heap Blocks": 0,
                      "Plans": [
                        {
                          "Node Type": "Bitmap Index Scan",
                          "Parent Relationship": "Outer",
                          "Parallel Aware": false,
                          "Index Name": "company_id_movie_companies",
                          "Startup Cost": 0.0,
                          "Total Cost": 1020.57,
                          "Plan Rows": 47486,
                          "Plan Width": 0,
                          "Actual Startup Time": 2.392,
                          "Actual Total Time": 2.392,
                          "Actual Rows": 47252,
                          "Actual Loops": 1,
                          "Index Cond": "(company_id = 19)"
                        }
                      ]
                    },
                    {
                      "Node Type": "Hash",
                      "Parent Relationship": "Inner",
                      "Parallel Aware": true,
                      "Startup Cost": 43899.32,
                      "Total Cost": 43899.32,
                      "Plan Rows": 360860,
                      "Plan Width": 4,
                      "Actual Startup Time": 256.998,
                      "Actual Total Time": 256.999,
                      "Actual Rows": 360824,
                      "Actual Loops": 4,
                      "Hash Buckets": 2097152,
                      "Original Hash Buckets": 2097152,
                      "Hash Batches": 1,
                      "Original Hash Batches": 1,
                      "Peak Memory Usage": 72896,
                      "Plans": [
                        {
                          "Node Type": "Seq Scan",
                          "Parent Relationship": "Outer",
                          "Parallel Aware": true,
                          "Relation Name": "title",
                          "Alias": "t",
                          "Startup Cost": 0.0,
                          "Total Cost": 43899.32,
                          "Plan Rows": 360860,
                          "Plan Width": 4,
                          "Actual Startup Time": 0.043,
                          "Actual Total Time": 118.92,
                          "Actual Rows": 360824,
                          "Actual Loops": 4,
                          "Filter": "(production_year < 2006)",
                          "Rows Removed by Filter": 271254
                        }
                      ]
                    }
                  ]
                }
              ]
            }
          ]
        }
      ]
    },
    "Planning Time": 0.265,
    "Triggers": [],
    "Execution Time": 314.474
  }
]