[
  {
    "Plan": {
      "Node Type": "Aggregate",
      "Strategy": "Plain",
      "Partial Mode": "Finalize",
      "Parallel Aware": false,
      "Startup Cost": 31209.56,
      "Total Cost": 31209.57,
      "Plan Rows": 1,
      "Plan Width": 8,
      "Actual Startup Time": 117.955,
      "Actual Total Time": 126.508,
      "Actual Rows": 1,
      "Actual Loops": 1,
      "Plans": [
        {
          "Node Type": "Gather",
          "Parent Relationship": "Outer",
          "Parallel Aware": false,
          "Startup Cost": 31209.24,
          "Total Cost": 31209.55,
          "Plan Rows": 3,
          "Plan Width": 8,
          "Actual Startup Time": 117.808,
          "Actual Total Time": 126.498,
          "Actual Rows": 4,
          "Actual Loops": 1,
          "Workers Planned": 3,
          "Workers Launched": 3,
          "Single Copy": false,
          "Plans": [
            {
              "Node Type": "Aggregate",
              "Strategy": "Plain",
              "Partial Mode": "Partial",
              "Parent Relationship": "Outer",
              "Parallel Aware": false,
              "Startup Cost": 30209.24,
              "Total Cost": 30209.25,
              "Plan Rows": 1,
              "Plan Width": 8,
              "Actual Startup Time": 110.881,
              "Actual Total Time": 110.883,
              "Actual Rows": 1,
              "Actual Loops": 4,
              "Plans": [
                {
                  "Node Type": "Seq Scan",
                  "Parent Relationship": "Outer",
                  "Parallel Aware": true,
                  "Relation Name": "movie_companies",
                  "Alias": "mc",
                  "Startup Cost": 0.0,
                  "Total Cost": 29310.68,
                  "Plan Rows": 359423,
                  "Plan Width": 0,
                  "Actual Startup Time": 0.029,
                  "Actual Total Time": 91.797,
                  "Actual Rows": 280439,
                  "Actual Loops": 4,
                  "Filter": "(company_id < 7879)",
                  "Rows Removed by Filter": 371844
                }
              ]
            }
          ]
        }
      ]
    },
    "Planning Time": 0.097,
    "Triggers": [],
    "Execution Time": 126.547
  }
]