[
  {
    "Plan": {
      "Node Type": "Aggregate",
      "Strategy": "Plain",
      "Partial Mode": "Finalize",
      "Parallel Aware": false,
      "Startup Cost": 46955.61,
      "Total Cost": 46955.62,
      "Plan Rows": 1,
      "Plan Width": 8,
      "Actual Startup Time": 171.697,
      "Actual Total Time": 181.349,
      "Actual Rows": 1,
      "Actual Loops": 1,
      "Plans": [
        {
          "Node Type": "Gather",
          "Parent Relationship": "Outer",
          "Parallel Aware": false,
          "Startup Cost": 46955.29,
          "Total Cost": 46955.6,
          "Plan Rows": 3,
          "Plan Width": 8,
          "Actual Startup Time": 171.572,
          "Actual Total Time": 181.34,
          "Actual Rows": 4,
          "Actual Loops": 1,
          "Workers Planned": 3,
          "Workers Launched": 3,
          "Single Copy": false,
          "Plans": [
            {
              "Node Type": "Aggregate",
              "Strategy": "Plain",
              "Partial Mode": "Partial",
              "Parent Relationship": "Outer",
              "Parallel Aware": false,
              "Startup Cost": 45955.29,
              "Total Cost": 45955.3,
              "Plan Rows": 1,
              "Plan Width": 8,
              "Actual Startup Time": 164.564,
              "Actual Total Time": 164.565,
              "Actual Rows": 1,
              "Actual Loops": 4,
              "Plans": [
                {
                  "Node Type": "Seq Scan",
                  "Parent Relationship": "Outer",
                  "Parallel Aware": true,
                  "Relation Name": "movie_keyword",
                  "Alias": "mk",
                  "Startup Cost": 0.0,
                  "Total Cost": 42695.65,
                  "Plan Rows": 1303856,
                  "Plan Width": 0,
                  "Actual Startup Time": 0.057,
                  "Actual Total Time": 120.711,
                  "Actual Rows": 1013818,
                  "Actual Loops": 4,
                  "Filter": "(keyword_id < 37942)",
                  "Rows Removed by Filter": 117165
                }
              ]
            }
          ]
        }
      ]
    },
    "Planning Time": 0.18,
    "Triggers": [],
    "Execution Time": 181.405
  }
]