{
    "Plan": {
        "Node Type": "Aggregate",
        "Strategy": "Plain",
        "Partial Mode": "Finalize",
        "Parallel Aware": false,
        "Startup Cost": 127441.75,
        "Total Cost": 127441.76,
        "Plan Rows": 1,
        "Plan Width": 8,
        "Actual Startup Time": 749.749,
        "Actual Total Time": 775.191,
        "Actual Rows": 1,
        "Actual Loops": 1,
        "Output": [
            "count(*)"
        ],
        "Plans": [
            {
                "Node Type": "Gather",
                "Parent Relationship": "Outer",
                "Parallel Aware": false,
                "Startup Cost": 127441.43,
                "Total Cost": 127441.74,
                "Plan Rows": 3,
                "Plan Width": 8,
                "Actual Startup Time": 745.662,
                "Actual Total Time": 775.181,
                "Actual Rows": 4,
                "Actual Loops": 1,
                "Output": [
                    "(PARTIAL count(*))"
                ],
                "Workers Planned": 3,
                "Workers Launched": 3,
                "Single Copy": false,
                "Plans": [
                    {
                        "Node Type": "Aggregate",
                        "Strategy": "Plain",
                        "Partial Mode": "Partial",
                        "Parent Relationship": "Outer",
                        "Parallel Aware": false,
                        "Startup Cost": 126441.43,
                        "Total Cost": 126441.44,
                        "Plan Rows": 1,
                        "Plan Width": 8,
                        "Actual Startup Time": 736.245,
                        "Actual Total Time": 736.342,
                        "Actual Rows": 1,
                        "Actual Loops": 4,
                        "Output": [
                            "PARTIAL count(*)"
                        ],
                        "Workers": [
                            {
                                "Worker Number": 0,
                                "Actual Startup Time": 730.81,
                                "Actual Total Time": 730.815,
                                "Actual Rows": 1,
                                "Actual Loops": 1
                            },
                            {
                                "Worker Number": 1,
                                "Actual Startup Time": 737.877,
                                "Actual Total Time": 737.882,
                                "Actual Rows": 1,
                                "Actual Loops": 1
                            },
                            {
                                "Worker Number": 2,
                                "Actual Startup Time": 731.415,
                                "Actual Total Time": 731.42,
                                "Actual Rows": 1,
                                "Actual Loops": 1
                            }
                        ],
                        "Plans": [
                            {
                                "Node Type": "Hash Join",
                                "Parent Relationship": "Outer",
                                "Parallel Aware": true,
                                "Join Type": "Inner",
                                "Startup Cost": 81172.62,
                                "Total Cost": 126114.4,
                                "Plan Rows": 130812,
                                "Plan Width": 0,
                                "Actual Startup Time": 348.089,
                                "Actual Total Time": 652.186,
                                "Actual Rows": 2141981,
                                "Actual Loops": 4,
                                "Inner Unique": false,
                                "Hash Cond": "(mk.movie_id = t.id)",
                                "Workers": [
                                    {
                                        "Worker Number": 0,
                                        "Actual Startup Time": 342.825,
                                        "Actual Total Time": 647.553,
                                        "Actual Rows": 2139577,
                                        "Actual Loops": 1
                                    },
                                    {
                                        "Worker Number": 1,
                                        "Actual Startup Time": 349.713,
                                        "Actual Total Time": 656.037,
                                        "Actual Rows": 2088762,
                                        "Actual Loops": 1
                                    },
                                    {
                                        "Worker Number": 2,
                                        "Actual Startup Time": 342.958,
                                        "Actual Total Time": 648.263,
                                        "Actual Rows": 2108665,
                                        "Actual Loops": 1
                                    }
                                ],
                                "Plans": [
                                    {
                                        "Node Type": "Seq Scan",
                                        "Parent Relationship": "Outer",
                                        "Parallel Aware": true,
                                        "Relation Name": "movie_keyword",
                                        "Schema": "public",
                                        "Alias": "mk",
                                        "Startup Cost": 0.0,
                                        "Total Cost": 39047.32,
                                        "Plan Rows": 1459332,
                                        "Plan Width": 4,
                                        "Actual Startup Time": 0.017,
                                        "Actual Total Time": 100.92,
                                        "Actual Rows": 1130982,
                                        "Actual Loops": 4,
                                        "Output": [
                                            "mk.id",
                                            "mk.movie_id",
                                            "mk.keyword_id"
                                        ],
                                        "Workers": [
                                            {
                                                "Worker Number": 0,
                                                "Actual Startup Time": 0.012,
                                                "Actual Total Time": 104.981,
                                                "Actual Rows": 1107225,
                                                "Actual Loops": 1
                                            },
                                            {
                                                "Worker Number": 1,
                                                "Actual Startup Time": 0.023,
                                                "Actual Total Time": 107.287,
                                                "Actual Rows": 1115735,
                                                "Actual Loops": 1
                                            },
                                            {
                                                "Worker Number": 2,
                                                "Actual Startup Time": 0.02,
                                                "Actual Total Time": 105.816,
                                                "Actual Rows": 1095325,
                                                "Actual Loops": 1
                                            }
                                        ]
                                    },
                                    {
                                        "Node Type": "Hash",
                                        "Parent Relationship": "Inner",
                                        "Parallel Aware": true,
                                        "Startup Cost": 80258.77,
                                        "Total Cost": 80258.77,
                                        "Plan Rows": 73108,
                                        "Plan Width": 8,
                                        "Actual Startup Time": 306.725,
                                        "Actual Total Time": 306.821,
                                        "Actual Rows": 78624,
                                        "Actual Loops": 4,
                                        "Output": [
                                            "t.id",
                                            "mc.movie_id"
                                        ],
                                        "Hash Buckets": 524288,
                                        "Original Hash Buckets": 262144,
                                        "Hash Batches": 1,
                                        "Original Hash Batches": 1,
                                        "Peak Memory Usage": 18528,
                                        "Workers": [
                                            {
                                                "Worker Number": 0,
                                                "Actual Startup Time": 303.198,
                                                "Actual Total Time": 303.201,
                                                "Actual Rows": 74724,
                                                "Actual Loops": 1
                                            },
                                            {
                                                "Worker Number": 1,
                                                "Actual Startup Time": 310.277,
                                                "Actual Total Time": 310.281,
                                                "Actual Rows": 77571,
                                                "Actual Loops": 1
                                            },
                                            {
                                                "Worker Number": 2,
                                                "Actual Startup Time": 303.346,
                                                "Actual Total Time": 303.349,
                                                "Actual Rows": 78534,
                                                "Actual Loops": 1
                                            }
                                        ],
                                        "Plans": [
                                            {
                                                "Node Type": "Hash Join",
                                                "Parent Relationship": "Outer",
                                                "Parallel Aware": true,
                                                "Join Type": "Inner",
                                                "Startup Cost": 48307.92,
                                                "Total Cost": 80258.77,
                                                "Plan Rows": 73108,
                                                "Plan Width": 8,
                                                "Actual Startup Time": 191.945,
                                                "Actual Total Time": 280.859,
                                                "Actual Rows": 78624,
                                                "Actual Loops": 4,
                                                "Output": [
                                                    "t.id",
                                                    "mc.movie_id"
                                                ],
                                                "Inner Unique": true,
                                                "Hash Cond": "(mc.movie_id = t.id)",
                                                "Workers": [
                                                    {
                                                        "Worker Number": 0,
                                                        "Actual Startup Time": 188.377,
                                                        "Actual Total Time": 276.461,
                                                        "Actual Rows": 74724,
                                                        "Actual Loops": 1
                                                    },
                                                    {
                                                        "Worker Number": 1,
                                                        "Actual Startup Time": 195.388,
                                                        "Actual Total Time": 284.491,
                                                        "Actual Rows": 77571,
                                                        "Actual Loops": 1
                                                    },
                                                    {
                                                        "Worker Number": 2,
                                                        "Actual Startup Time": 188.558,
                                                        "Actual Total Time": 278.043,
                                                        "Actual Rows": 78534,
                                                        "Actual Loops": 1
                                                    }
                                                ],
                                                "Plans": [
                                                    {
                                                        "Node Type": "Seq Scan",
                                                        "Parent Relationship": "Outer",
                                                        "Parallel Aware": true,
                                                        "Relation Name": "movie_companies",
                                                        "Schema": "public",
                                                        "Alias": "mc",
                                                        "Startup Cost": 0.0,
                                                        "Total Cost": 31414.82,
                                                        "Plan Rows": 204201,
                                                        "Plan Width": 4,
                                                        "Actual Startup Time": 9.324,
                                                        "Actual Total Time": 64.635,
                                                        "Actual Rows": 97841,
                                                        "Actual Loops": 4,
                                                        "Output": [
                                                            "mc.id",
                                                            "mc.movie_id",
                                                            "mc.company_id",
                                                            "mc.company_type_id",
                                                            "mc.note"
                                                        ],
                                                        "Filter": "((mc.company_id > 11339) AND (mc.company_type_id = 1))",
                                                        "Rows Removed by Filter": 554442,
                                                        "Workers": [
                                                            {
                                                                "Worker Number": 0,
                                                                "Actual Startup Time": 9.319,
                                                                "Actual Total Time": 64.662,
                                                                "Actual Rows": 92660,
                                                                "Actual Loops": 1
                                                            },
                                                            {
                                                                "Worker Number": 1,
                                                                "Actual Startup Time": 9.331,
                                                                "Actual Total Time": 65.401,
                                                                "Actual Rows": 96718,
                                                                "Actual Loops": 1
                                                            },
                                                            {
                                                                "Worker Number": 2,
                                                                "Actual Startup Time": 9.306,
                                                                "Actual Total Time": 65.736,
                                                                "Actual Rows": 97652,
                                                                "Actual Loops": 1
                                                            }
                                                        ]
                                                    },
                                                    {
                                                        "Node Type": "Hash",
                                                        "Parent Relationship": "Inner",
                                                        "Parallel Aware": true,
                                                        "Startup Cost": 45479.21,
                                                        "Total Cost": 45479.21,
                                                        "Plan Rows": 226297,
                                                        "Plan Width": 4,
                                                        "Actual Startup Time": 179.347,
                                                        "Actual Total Time": 179.348,
                                                        "Actual Rows": 205664,
                                                        "Actual Loops": 4,
                                                        "Output": [
                                                            "t.id"
                                                        ],
                                                        "Hash Buckets": 1048576,
                                                        "Original Hash Buckets": 1048576,
                                                        "Hash Batches": 1,
                                                        "Original Hash Batches": 1,
                                                        "Peak Memory Usage": 40416,
                                                        "Workers": [
                                                            {
                                                                "Worker Number": 0,
                                                                "Actual Startup Time": 178.925,
                                                                "Actual Total Time": 178.926,
                                                                "Actual Rows": 188507,
                                                                "Actual Loops": 1
                                                            },
                                                            {
                                                                "Worker Number": 1,
                                                                "Actual Startup Time": 185.969,
                                                                "Actual Total Time": 185.97,
                                                                "Actual Rows": 201111,
                                                                "Actual Loops": 1
                                                            },
                                                            {
                                                                "Worker Number": 2,
                                                                "Actual Startup Time": 179.134,
                                                                "Actual Total Time": 179.135,
                                                                "Actual Rows": 198457,
                                                                "Actual Loops": 1
                                                            }
                                                        ],
                                                        "Plans": [
                                                            {
                                                                "Node Type": "Seq Scan",
                                                                "Parent Relationship": "Outer",
                                                                "Parallel Aware": true,
                                                                "Relation Name": "title",
                                                                "Schema": "public",
                                                                "Alias": "t",
                                                                "Startup Cost": 0.0,
                                                                "Total Cost": 45479.21,
                                                                "Plan Rows": 226297,
                                                                "Plan Width": 4,
                                                                "Actual Startup Time": 0.06,
                                                                "Actual Total Time": 109.799,
                                                                "Actual Rows": 205664,
                                                                "Actual Loops": 4,
                                                                "Output": [
                                                                    "t.id"
                                                                ],
                                                                "Filter": "((t.kind_id < 7) AND (t.production_year > 1946))",
                                                                "Rows Removed by Filter": 426414,
                                                                "Workers": [
                                                                    {
                                                                        "Worker Number": 0,
                                                                        "Actual Startup Time": 0.097,
                                                                        "Actual Total Time": 107.184,
                                                                        "Actual Rows": 188507,
                                                                        "Actual Loops": 1
                                                                    },
                                                                    {
                                                                        "Worker Number": 1,
                                                                        "Actual Startup Time": 0.047,
                                                                        "Actual Total Time": 112.287,
                                                                        "Actual Rows": 201111,
                                                                        "Actual Loops": 1
                                                                    },
                                                                    {
                                                                        "Worker Number": 2,
                                                                        "Actual Startup Time": 0.074,
                                                                        "Actual Total Time": 111.664,
                                                                        "Actual Rows": 198457,
                                                                        "Actual Loops": 1
                                                                    }
                                                                ]
                                                            }
                                                        ]
                                                    }
                                                ]
                                            }
                                        ]
                                    }
                                ]
                            }
                        ]
                    }
                ]
            }
        ]
    },
    "Planning Time": 1.733,
    "Triggers": [],
    "Execution Time": 775.29
}