[
    {
        "Bao": {
            "Bao prediction": 1230.841,
            "Bao recommended hint": "(no hint)"
        }
    },
    {
        "Plan": {
            "Node Type": "Aggregate",
            "Strategy": "Plain",
            "Partial Mode": "Finalize",
            "Parallel Aware": false,
            "Startup Cost": 283624.94,
            "Total Cost": 283624.95,
            "Plan Rows": 1,
            "Plan Width": 8,
            "Actual Startup Time": 2103.986,
            "Actual Total Time": 2130.776,
            "Actual Rows": 1,
            "Actual Loops": 1,
            "Output": [
                "count(*)"
            ],
            "Plans": [
                {
                    "Node Type": "Gather",
                    "Parent Relationship": "Outer",
                    "Parallel Aware": false,
                    "Startup Cost": 283624.41,
                    "Total Cost": 283624.92,
                    "Plan Rows": 5,
                    "Plan Width": 8,
                    "Actual Startup Time": 2093.689,
                    "Actual Total Time": 2130.764,
                    "Actual Rows": 6,
                    "Actual Loops": 1,
                    "Output": [
                        "(PARTIAL count(*))"
                    ],
                    "Workers Planned": 5,
                    "Workers Launched": 5,
                    "Single Copy": false,
                    "Plans": [
                        {
                            "Node Type": "Aggregate",
                            "Strategy": "Plain",
                            "Partial Mode": "Partial",
                            "Parent Relationship": "Outer",
                            "Parallel Aware": false,
                            "Startup Cost": 282624.41,
                            "Total Cost": 282624.42,
                            "Plan Rows": 1,
                            "Plan Width": 8,
                            "Actual Startup Time": 2084.057,
                            "Actual Total Time": 2084.357,
                            "Actual Rows": 1,
                            "Actual Loops": 6,
                            "Output": [
                                "PARTIAL count(*)"
                            ],
                            "Workers": [
                                {
                                    "Worker Number": 0,
                                    "Actual Startup Time": 2081.092,
                                    "Actual Total Time": 2081.097,
                                    "Actual Rows": 1,
                                    "Actual Loops": 1
                                },
                                {
                                    "Worker Number": 1,
                                    "Actual Startup Time": 2081.198,
                                    "Actual Total Time": 2081.201,
                                    "Actual Rows": 1,
                                    "Actual Loops": 1
                                },
                                {
                                    "Worker Number": 2,
                                    "Actual Startup Time": 2081.262,
                                    "Actual Total Time": 2081.266,
                                    "Actual Rows": 1,
                                    "Actual Loops": 1
                                },
                                {
                                    "Worker Number": 3,
                                    "Actual Startup Time": 2083.089,
                                    "Actual Total Time": 2083.094,
                                    "Actual Rows": 1,
                                    "Actual Loops": 1
                                },
                                {
                                    "Worker Number": 4,
                                    "Actual Startup Time": 2084.637,
                                    "Actual Total Time": 2084.643,
                                    "Actual Rows": 1,
                                    "Actual Loops": 1
                                }
                            ],
                            "Plans": [
                                {
                                    "Node Type": "Hash Join",
                                    "Parent Relationship": "Outer",
                                    "Parallel Aware": true,
                                    "Join Type": "Inner",
                                    "Startup Cost": 77545.85,
                                    "Total Cost": 281528.91,
                                    "Plan Rows": 438202,
                                    "Plan Width": 0,
                                    "Actual Startup Time": 382.973,
                                    "Actual Total Time": 1795.018,
                                    "Actual Rows": 4707452,
                                    "Actual Loops": 6,
                                    "Inner Unique": false,
                                    "Hash Cond": "(mi.movie_id = t.id)",
                                    "Workers": [
                                        {
                                            "Worker Number": 0,
                                            "Actual Startup Time": 380.241,
                                            "Actual Total Time": 1799.64,
                                            "Actual Rows": 4474266,
                                            "Actual Loops": 1
                                        },
                                        {
                                            "Worker Number": 1,
                                            "Actual Startup Time": 380.328,
                                            "Actual Total Time": 1794.901,
                                            "Actual Rows": 4830771,
                                            "Actual Loops": 1
                                        },
                                        {
                                            "Worker Number": 2,
                                            "Actual Startup Time": 380.288,
                                            "Actual Total Time": 1793.022,
                                            "Actual Rows": 4849468,
                                            "Actual Loops": 1
                                        },
                                        {
                                            "Worker Number": 3,
                                            "Actual Startup Time": 382.208,
                                            "Actual Total Time": 1792.814,
                                            "Actual Rows": 4612499,
                                            "Actual Loops": 1
                                        },
                                        {
                                            "Worker Number": 4,
                                            "Actual Startup Time": 382.591,
                                            "Actual Total Time": 1796.548,
                                            "Actual Rows": 4584059,
                                            "Actual Loops": 1
                                        }
                                    ],
                                    "Plans": [
                                        {
                                            "Node Type": "Seq Scan",
                                            "Parent Relationship": "Outer",
                                            "Parallel Aware": true,
                                            "Relation Name": "movie_info",
                                            "Schema": "public",
                                            "Alias": "mi",
                                            "Startup Cost": 0.0,
                                            "Total Cost": 191503.19,
                                            "Plan Rows": 2951019,
                                            "Plan Width": 4,
                                            "Actual Startup Time": 0.017,
                                            "Actual Total Time": 337.805,
                                            "Actual Rows": 2472620,
                                            "Actual Loops": 6,
                                            "Output": [
                                                "mi.id",
                                                "mi.movie_id",
                                                "mi.info_type_id",
                                                "mi.info",
                                                "mi.note"
                                            ],
                                            "Workers": [
                                                {
                                                    "Worker Number": 0,
                                                    "Actual Startup Time": 0.02,
                                                    "Actual Total Time": 361.019,
                                                    "Actual Rows": 2239645,
                                                    "Actual Loops": 1
                                                },
                                                {
                                                    "Worker Number": 1,
                                                    "Actual Startup Time": 0.018,
                                                    "Actual Total Time": 346.034,
                                                    "Actual Rows": 2626030,
                                                    "Actual Loops": 1
                                                },
                                                {
                                                    "Worker Number": 2,
                                                    "Actual Startup Time": 0.018,
                                                    "Actual Total Time": 344.428,
                                                    "Actual Rows": 2611043,
                                                    "Actual Loops": 1
                                                },
                                                {
                                                    "Worker Number": 3,
                                                    "Actual Startup Time": 0.019,
                                                    "Actual Total Time": 350.786,
                                                    "Actual Rows": 2354057,
                                                    "Actual Loops": 1
                                                },
                                                {
                                                    "Worker Number": 4,
                                                    "Actual Startup Time": 0.018,
                                                    "Actual Total Time": 351.419,
                                                    "Actual Rows": 2357111,
                                                    "Actual Loops": 1
                                                }
                                            ]
                                        },
                                        {
                                            "Node Type": "Hash",
                                            "Parent Relationship": "Inner",
                                            "Parallel Aware": true,
                                            "Startup Cost": 76032.0,
                                            "Total Cost": 76032.0,
                                            "Plan Rows": 121108,
                                            "Plan Width": 8,
                                            "Actual Startup Time": 379.476,
                                            "Actual Total Time": 379.774,
                                            "Actual Rows": 159254,
                                            "Actual Loops": 6,
                                            "Output": [
                                                "t.id",
                                                "mc.movie_id"
                                            ],
                                            "Hash Buckets": 1048576,
                                            "Original Hash Buckets": 524288,
                                            "Hash Batches": 1,
                                            "Original Hash Batches": 1,
                                            "Peak Memory Usage": 49760,
                                            "Workers": [
                                                {
                                                    "Worker Number": 0,
                                                    "Actual Startup Time": 377.929,
                                                    "Actual Total Time": 377.932,
                                                    "Actual Rows": 146004,
                                                    "Actual Loops": 1
                                                },
                                                {
                                                    "Worker Number": 1,
                                                    "Actual Startup Time": 378.098,
                                                    "Actual Total Time": 378.1,
                                                    "Actual Rows": 160214,
                                                    "Actual Loops": 1
                                                },
                                                {
                                                    "Worker Number": 2,
                                                    "Actual Startup Time": 378.15,
                                                    "Actual Total Time": 378.154,
                                                    "Actual Rows": 160358,
                                                    "Actual Loops": 1
                                                },
                                                {
                                                    "Worker Number": 3,
                                                    "Actual Startup Time": 379.985,
                                                    "Actual Total Time": 379.988,
                                                    "Actual Rows": 160067,
                                                    "Actual Loops": 1
                                                },
                                                {
                                                    "Worker Number": 4,
                                                    "Actual Startup Time": 380.252,
                                                    "Actual Total Time": 380.256,
                                                    "Actual Rows": 159087,
                                                    "Actual Loops": 1
                                                }
                                            ],
                                            "Plans": [
                                                {
                                                    "Node Type": "Hash Join",
                                                    "Parent Relationship": "Outer",
                                                    "Parallel Aware": true,
                                                    "Join Type": "Inner",
                                                    "Startup Cost": 46616.11,
                                                    "Total Cost": 76032.0,
                                                    "Plan Rows": 121108,
                                                    "Plan Width": 8,
                                                    "Actual Startup Time": 128.962,
                                                    "Actual Total Time": 303.31,
                                                    "Actual Rows": 159254,
                                                    "Actual Loops": 6,
                                                    "Output": [
                                                        "t.id",
                                                        "mc.movie_id"
                                                    ],
                                                    "Inner Unique": true,
                                                    "Hash Cond": "(mc.movie_id = t.id)",
                                                    "Workers": [
                                                        {
                                                            "Worker Number": 0,
                                                            "Actual Startup Time": 127.257,
                                                            "Actual Total Time": 303.085,
                                                            "Actual Rows": 146004,
                                                            "Actual Loops": 1
                                                        },
                                                        {
                                                            "Worker Number": 1,
                                                            "Actual Startup Time": 127.497,
                                                            "Actual Total Time": 301.305,
                                                            "Actual Rows": 160214,
                                                            "Actual Loops": 1
                                                        },
                                                        {
                                                            "Worker Number": 2,
                                                            "Actual Startup Time": 127.737,
                                                            "Actual Total Time": 301.382,
                                                            "Actual Rows": 160358,
                                                            "Actual Loops": 1
                                                        },
                                                        {
                                                            "Worker Number": 3,
                                                            "Actual Startup Time": 129.68,
                                                            "Actual Total Time": 302.44,
                                                            "Actual Rows": 160067,
                                                            "Actual Loops": 1
                                                        },
                                                        {
                                                            "Worker Number": 4,
                                                            "Actual Startup Time": 129.627,
                                                            "Actual Total Time": 304.997,
                                                            "Actual Rows": 159087,
                                                            "Actual Loops": 1
                                                        }
                                                    ],
                                                    "Plans": [
                                                        {
                                                            "Node Type": "Seq Scan",
                                                            "Parent Relationship": "Outer",
                                                            "Parallel Aware": true,
                                                            "Relation Name": "movie_companies",
                                                            "Schema": "public",
                                                            "Alias": "mc",
                                                            "Startup Cost": 0.0,
                                                            "Total Cost": 27206.55,
                                                            "Plan Rows": 841655,
                                                            "Plan Width": 4,
                                                            "Actual Startup Time": 0.021,
                                                            "Actual Total Time": 54.534,
                                                            "Actual Rows": 434855,
                                                            "Actual Loops": 6,
                                                            "Output": [
                                                                "mc.id",
                                                                "mc.movie_id",
                                                                "mc.company_id",
                                                                "mc.company_type_id",
                                                                "mc.note"
                                                            ],
                                                            "Workers": [
                                                                {
                                                                    "Worker Number": 0,
                                                                    "Actual Startup Time": 0.029,
                                                                    "Actual Total Time": 55.345,
                                                                    "Actual Rows": 400496,
                                                                    "Actual Loops": 1
                                                                },
                                                                {
                                                                    "Worker Number": 1,
                                                                    "Actual Startup Time": 0.027,
                                                                    "Actual Total Time": 55.897,
                                                                    "Actual Rows": 433454,
                                                                    "Actual Loops": 1
                                                                },
                                                                {
                                                                    "Worker Number": 2,
                                                                    "Actual Startup Time": 0.021,
                                                                    "Actual Total Time": 55.988,
                                                                    "Actual Rows": 435613,
                                                                    "Actual Loops": 1
                                                                },
                                                                {
                                                                    "Worker Number": 3,
                                                                    "Actual Startup Time": 0.023,
                                                                    "Actual Total Time": 55.765,
                                                                    "Actual Rows": 431284,
                                                                    "Actual Loops": 1
                                                                },
                                                                {
                                                                    "Worker Number": 4,
                                                                    "Actual Startup Time": 0.021,
                                                                    "Actual Total Time": 56.298,
                                                                    "Actual Rows": 436402,
                                                                    "Actual Loops": 1
                                                                }
                                                            ]
                                                        },
                                                        {
                                                            "Node Type": "Hash",
                                                            "Parent Relationship": "Inner",
                                                            "Parallel Aware": true,
                                                            "Startup Cost": 45479.21,
                                                            "Total Cost": 45479.21,
                                                            "Plan Rows": 90952,
                                                            "Plan Width": 4,
                                                            "Actual Startup Time": 127.817,
                                                            "Actual Total Time": 127.819,
                                                            "Actual Rows": 78395,
                                                            "Actual Loops": 6,
                                                            "Output": [
                                                                "t.id"
                                                            ],
                                                            "Hash Buckets": 524288,
                                                            "Original Hash Buckets": 524288,
                                                            "Hash Batches": 1,
                                                            "Original Hash Batches": 1,
                                                            "Peak Memory Usage": 22592,
                                                            "Workers": [
                                                                {
                                                                    "Worker Number": 0,
                                                                    "Actual Startup Time": 127.161,
                                                                    "Actual Total Time": 127.162,
                                                                    "Actual Rows": 68318,
                                                                    "Actual Loops": 1
                                                                },
                                                                {
                                                                    "Worker Number": 1,
                                                                    "Actual Startup Time": 127.285,
                                                                    "Actual Total Time": 127.286,
                                                                    "Actual Rows": 76110,
                                                                    "Actual Loops": 1
                                                                },
                                                                {
                                                                    "Worker Number": 2,
                                                                    "Actual Startup Time": 127.342,
                                                                    "Actual Total Time": 127.344,
                                                                    "Actual Rows": 75870,
                                                                    "Actual Loops": 1
                                                                },
                                                                {
                                                                    "Worker Number": 3,
                                                                    "Actual Startup Time": 129.203,
                                                                    "Actual Total Time": 129.204,
                                                                    "Actual Rows": 76507,
                                                                    "Actual Loops": 1
                                                                },
                                                                {
                                                                    "Worker Number": 4,
                                                                    "Actual Startup Time": 129.459,
                                                                    "Actual Total Time": 129.461,
                                                                    "Actual Rows": 75580,
                                                                    "Actual Loops": 1
                                                                }
                                                            ],
                                                            "Plans": [
                                                                {
                                                                    "Node Type": "Seq Scan",
                                                                    "Parent Relationship": "Outer",
                                                                    "Parallel Aware": true,
                                                                    "Relation Name": "title",
                                                                    "Schema": "public",
                                                                    "Alias": "t",
                                                                    "Startup Cost": 0.0,
                                                                    "Total Cost": 45479.21,
                                                                    "Plan Rows": 90952,
                                                                    "Plan Width": 4,
                                                                    "Actual Startup Time": 0.063,
                                                                    "Actual Total Time": 93.61,
                                                                    "Actual Rows": 78395,
                                                                    "Actual Loops": 6,
                                                                    "Output": [
                                                                        "t.id"
                                                                    ],
                                                                    "Filter": "((t.kind_id < 7) AND (t.production_year < 1998))",
                                                                    "Rows Removed by Filter": 342990,
                                                                    "Workers": [
                                                                        {
                                                                            "Worker Number": 0,
                                                                            "Actual Startup Time": 0.057,
                                                                            "Actual Total Time": 92.842,
                                                                            "Actual Rows": 68318,
                                                                            "Actual Loops": 1
                                                                        },
                                                                        {
                                                                            "Worker Number": 1,
                                                                            "Actual Startup Time": 0.114,
                                                                            "Actual Total Time": 94.799,
                                                                            "Actual Rows": 76110,
                                                                            "Actual Loops": 1
                                                                        },
                                                                        {
                                                                            "Worker Number": 2,
                                                                            "Actual Startup Time": 0.051,
                                                                            "Actual Total Time": 94.647,
                                                                            "Actual Rows": 75870,
                                                                            "Actual Loops": 1
                                                                        },
                                                                        {
                                                                            "Worker Number": 3,
                                                                            "Actual Startup Time": 0.063,
                                                                            "Actual Total Time": 94.614,
                                                                            "Actual Rows": 76507,
                                                                            "Actual Loops": 1
                                                                        },
                                                                        {
                                                                            "Worker Number": 4,
                                                                            "Actual Startup Time": 0.061,
                                                                            "Actual Total Time": 93.818,
                                                                            "Actual Rows": 75580,
                                                                            "Actual Loops": 1
                                                                        }
                                                                    ]
                                                                }
                                                            ]
                                                        }
                                                    ]
                                                }
                                            ]
                                        }
                                    ]
                                }
                            ]
                        }
                    ]
                }
            ]
        },
        "Planning Time": 1006.433,
        "Triggers": [],
        "Execution Time": 2130.878
    }
]