[
  {
    "Plan": {
      "Node Type": "Aggregate",
      "Strategy": "Plain",
      "Partial Mode": "Finalize",
      "Parallel Aware": false,
      "Startup Cost": 46371.94,
      "Total Cost": 46371.95,
      "Plan Rows": 1,
      "Plan Width": 8,
      "Actual Startup Time": 164.215,
      "Actual Total Time": 171.534,
      "Actual Rows": 1,
      "Actual Loops": 1,
      "Plans": [
        {
          "Node Type": "Gather",
          "Parent Relationship": "Outer",
          "Parallel Aware": false,
          "Startup Cost": 46371.62,
          "Total Cost": 46371.93,
          "Plan Rows": 3,
          "Plan Width": 8,
          "Actual Startup Time": 164.111,
          "Actual Total Time": 171.526,
          "Actual Rows": 4,
          "Actual Loops": 1,
          "Workers Planned": 3,
          "Workers Launched": 3,
          "Single Copy": false,
          "Plans": [
            {
              "Node Type": "Aggregate",
              "Strategy": "Plain",
              "Partial Mode": "Partial",
              "Parent Relationship": "Outer",
              "Parallel Aware": false,
              "Startup Cost": 45371.62,
              "Total Cost": 45371.63,
              "Plan Rows": 1,
              "Plan Width": 8,
              "Actual Startup Time": 157.929,
              "Actual Total Time": 157.93,
              "Actual Rows": 1,
              "Actual Loops": 4,
              "Plans": [
                {
                  "Node Type": "Seq Scan",
                  "Parent Relationship": "Outer",
                  "Parallel Aware": true,
                  "Relation Name": "movie_keyword",
                  "Alias": "mk",
                  "Startup Cost": 0.0,
                  "Total Cost": 42695.65,
                  "Plan Rows": 1070388,
                  "Plan Width": 0,
                  "Actual Startup Time": 0.046,
                  "Actual Total Time": 119.466,
                  "Actual Rows": 828399,
                  "Actual Loops": 4,
                  "Filter": "(keyword_id < 15127)",
                  "Rows Removed by Filter": 302583
                }
              ]
            }
          ]
        }
      ]
    },
    "Planning Time": 0.156,
    "Triggers": [],
    "Execution Time": 171.582
  }
]