{
  "Plan": {
    "Node Type": "Aggregate",
    "Strategy": "Plain",
    "Partial Mode": "Finalize",
    "Parallel Aware": false,
    "Startup Cost": 612346.99,
    "Total Cost": 612347.0,
    "Plan Rows": 1,
    "Plan Width": 8,
    "Actual Startup Time": 2578.873,
    "Actual Total Time": 2647.242,
    "Actual Rows": 1,
    "Actual Loops": 1,
    "Plans": [
      {
        "Node Type": "Gather",
        "Parent Relationship": "Outer",
        "Parallel Aware": false,
        "Startup Cost": 612346.88,
        "Total Cost": 612346.99,
        "Plan Rows": 1,
        "Plan Width": 8,
        "Actual Startup Time": 2578.739,
        "Actual Total Time": 2647.233,
        "Actual Rows": 2,
        "Actual Loops": 1,
        "Workers Planned": 1,
        "Workers Launched": 1,
        "Single Copy": false,
        "Plans": [
          {
            "Node Type": "Aggregate",
            "Strategy": "Plain",
            "Partial Mode": "Partial",
            "Parent Relationship": "Outer",
            "Parallel Aware": false,
            "Startup Cost": 611346.88,
            "Total Cost": 611346.89,
            "Plan Rows": 1,
            "Plan Width": 8,
            "Actual Startup Time": 2573.053,
            "Actual Total Time": 2573.056,
            "Actual Rows": 1,
            "Actual Loops": 2,
            "Plans": [
              {
                "Node Type": "Hash Join",
                "Parent Relationship": "Outer",
                "Parallel Aware": true,
                "Join Type": "Inner",
                "Startup Cost": 58469.94,
                "Total Cost": 611066.09,
                "Plan Rows": 112314,
                "Plan Width": 0,
                "Actual Startup Time": 479.121,
                "Actual Total Time": 2568.15,
                "Actual Rows": 99174,
                "Actual Loops": 2,
                "Inner Unique": true,
                "Hash Cond": "(ci.movie_id = t.id)",
                "Plans": [
                  {
                    "Node Type": "Seq Scan",
                    "Parent Relationship": "Outer",
                    "Parallel Aware": true,
                    "Relation Name": "cast_info",
                    "Alias": "ci",
                    "Startup Cost": 0.0,
                    "Total Cost": 519069.44,
                    "Plan Rows": 12772058,
                    "Plan Width": 4,
                    "Actual Startup Time": 336.596,
                    "Actual Total Time": 1471.326,
                    "Actual Rows": 10861823,
                    "Actual Loops": 2,
                    "Filter": "(person_id > 1430343)",
                    "Rows Removed by Filter": 7260349
                  },
                  {
                    "Node Type": "Hash",
                    "Parent Relationship": "Inner",
                    "Parallel Aware": true,
                    "Startup Cost": 58306.47,
                    "Total Cost": 58306.47,
                    "Plan Rows": 13078,
                    "Plan Width": 4,
                    "Actual Startup Time": 141.132,
                    "Actual Total Time": 141.133,
                    "Actual Rows": 12150,
                    "Actual Loops": 2,
                    "Hash Buckets": 32768,
                    "Original Hash Buckets": 32768,
                    "Hash Batches": 1,
                    "Original Hash Batches": 1,
                    "Peak Memory Usage": 1248,
                    "Plans": [
                      {
                        "Node Type": "Seq Scan",
                        "Parent Relationship": "Outer",
                        "Parallel Aware": true,
                        "Relation Name": "title",
                        "Alias": "t",
                        "Startup Cost": 0.0,
                        "Total Cost": 58306.47,
                        "Plan Rows": 13078,
                        "Plan Width": 4,
                        "Actual Startup Time": 0.065,
                        "Actual Total Time": 137.255,
                        "Actual Rows": 12150,
                        "Actual Loops": 2,
                        "Filter": "((kind_id = 7) AND (production_year = 1996))",
                        "Rows Removed by Filter": 1252006
                      }
                    ]
                  }
                ]
              }
            ]
          }
        ]
      }
    ]
  },
  "Planning Time": 0.477,
  "Triggers": [],
  "Execution Time": 2647.329
}