[
  {
    "Plan": {
      "Node Type": "Aggregate",
      "Strategy": "Plain",
      "Partial Mode": "Finalize",
      "Parallel Aware": false,
      "Startup Cost": 269216.26,
      "Total Cost": 269216.27,
      "Plan Rows": 1,
      "Plan Width": 8,
      "Actual Startup Time": 690.113,
      "Actual Total Time": 705.999,
      "Actual Rows": 1,
      "Actual Loops": 1,
      "Plans": [
        {
          "Node Type": "Gather",
          "Parent Relationship": "Outer",
          "Parallel Aware": false,
          "Startup Cost": 269215.94,
          "Total Cost": 269216.25,
          "Plan Rows": 3,
          "Plan Width": 8,
          "Actual Startup Time": 689.245,
          "Actual Total Time": 705.984,
          "Actual Rows": 4,
          "Actual Loops": 1,
          "Workers Planned": 3,
          "Workers Launched": 3,
          "Single Copy": false,
          "Plans": [
            {
              "Node Type": "Aggregate",
              "Strategy": "Plain",
              "Partial Mode": "Partial",
              "Parent Relationship": "Outer",
              "Parallel Aware": false,
              "Startup Cost": 268215.94,
              "Total Cost": 268215.95,
              "Plan Rows": 1,
              "Plan Width": 8,
              "Actual Startup Time": 683.683,
              "Actual Total Time": 683.688,
              "Actual Rows": 1,
              "Actual Loops": 4,
              "Plans": [
                {
                  "Node Type": "Hash Join",
                  "Parent Relationship": "Outer",
                  "Parallel Aware": true,
                  "Join Type": "Inner",
                  "Startup Cost": 219716.6,
                  "Total Cost": 267995.34,
                  "Plan Rows": 88238,
                  "Plan Width": 0,
                  "Actual Startup Time": 142.954,
                  "Actual Total Time": 542.938,
                  "Actual Rows": 3402239,
                  "Actual Loops": 4,
                  "Inner Unique": false,
                  "Hash Cond": "(mk.movie_id = t.id)",
                  "Plans": [
                    {
                      "Node Type": "Seq Scan",
                      "Parent Relationship": "Outer",
                      "Parallel Aware": true,
                      "Relation Name": "movie_keyword",
                      "Alias": "mk",
                      "Startup Cost": 0.0,
                      "Total Cost": 42695.65,
                      "Plan Rows": 1441763,
                      "Plan Width": 4,
                      "Actual Startup Time": 0.015,
                      "Actual Total Time": 109.615,
                      "Actual Rows": 1118994,
                      "Actual Loops": 4,
                      "Filter": "(keyword_id > 47)",
                      "Rows Removed by Filter": 11988
                    },
                    {
                      "Node Type": "Hash",
                      "Parent Relationship": "Inner",
                      "Parallel Aware": true,
                      "Startup Cost": 219329.76,
                      "Total Cost": 219329.76,
                      "Plan Rows": 30947,
                      "Plan Width": 8,
                      "Actual Startup Time": 139.922,
                      "Actual Total Time": 139.925,
                      "Actual Rows": 36872,
                      "Actual Loops": 4,
                      "Hash Buckets": 262144,
                      "Original Hash Buckets": 262144,
                      "Hash Batches": 1,
                      "Original Hash Batches": 1,
                      "Peak Memory Usage": 7904,
                      "Plans": [
                        {
                          "Node Type": "Nested Loop",
                          "Parent Relationship": "Outer",
                          "Parallel Aware": false,
                          "Join Type": "Inner",
                          "Startup Cost": 2804.07,
                          "Total Cost": 219329.76,
                          "Plan Rows": 30947,
                          "Plan Width": 8,
                          "Actual Startup Time": 14.27,
                          "Actual Total Time": 129.935,
                          "Actual Rows": 36872,
                          "Actual Loops": 4,
                          "Inner Unique": true,
                          "Plans": [
                            {
                              "Node Type": "Bitmap Heap Scan",
                              "Parent Relationship": "Outer",
                              "Parallel Aware": true,
                              "Relation Name": "movie_info",
                              "Alias": "mi",
                              "Startup Cost": 2803.64,
                              "Total Cost": 169480.41,
                              "Plan Rows": 30947,
                              "Plan Width": 4,
                              "Actual Startup Time": 14.081,
                              "Actual Total Time": 25.808,
                              "Actual Rows": 36872,
                              "Actual Loops": 4,
                              "Recheck Cond": "(info_type_id = 107)",
                              "Rows Removed by Index Recheck": 0,
                              "Exact Heap Blocks": 1752,
                              "Lossy Heap Blocks": 0,
                              "Plans": [
                                {
                                  "Node Type": "Bitmap Index Scan",
                                  "Parent Relationship": "Outer",
                                  "Parallel Aware": false,
                                  "Index Name": "info_type_id_movie_info",
                                  "Startup Cost": 0.0,
                                  "Total Cost": 2764.95,
                                  "Plan Rows": 154736,
                                  "Plan Width": 0,
                                  "Actual Startup Time": 13.396,
                                  "Actual Total Time": 13.396,
                                  "Actual Rows": 147487,
                                  "Actual Loops": 1,
                                  "Index Cond": "(info_type_id = 107)"
                                }
                              ]
                            },
                            {
                              "Node Type": "Index Only Scan",
                              "Parent Relationship": "Inner",
                              "Parallel Aware": false,
                              "Scan Direction": "Forward",
                              "Index Name": "title_pkey",
                              "Relation Name": "title",
                              "Alias": "t",
                              "Startup Cost": 0.43,
                              "Total Cost": 1.61,
                              "Plan Rows": 1,
                              "Plan Width": 4,
                              "Actual Startup Time": 0.003,
                              "Actual Total Time": 0.003,
                              "Actual Rows": 1,
                              "Actual Loops": 147487,
                              "Index Cond": "(id = mi.movie_id)",
                              "Rows Removed by Index Recheck": 0,
                              "Heap Fetches": 147487
                            }
                          ]
                        }
                      ]
                    }
                  ]
                }
              ]
            }
          ]
        }
      ]
    },
    "Planning Time": 1.156,
    "Triggers": [],
    "Execution Time": 706.108
  }
]