[
    {
        "Bao": {
            "Bao prediction": "NaN",
            "Bao recommended hint": "(no hint)"
        }
    },
    {
        "Plan": {
            "Node Type": "Aggregate",
            "Strategy": "Plain",
            "Partial Mode": "Finalize",
            "Parallel Aware": false,
            "Startup Cost": 300990.74,
            "Total Cost": 300990.75,
            "Plan Rows": 1,
            "Plan Width": 8,
            "Actual Startup Time": 878.001,
            "Actual Total Time": 911.969,
            "Actual Rows": 1,
            "Actual Loops": 1,
            "Output": [
                "count(*)"
            ],
            "Plans": [
                {
                    "Node Type": "Gather",
                    "Parent Relationship": "Outer",
                    "Parallel Aware": false,
                    "Startup Cost": 300990.21,
                    "Total Cost": 300990.72,
                    "Plan Rows": 5,
                    "Plan Width": 8,
                    "Actual Startup Time": 869.864,
                    "Actual Total Time": 911.96,
                    "Actual Rows": 6,
                    "Actual Loops": 1,
                    "Output": [
                        "(PARTIAL count(*))"
                    ],
                    "Workers Planned": 5,
                    "Workers Launched": 5,
                    "Single Copy": false,
                    "Plans": [
                        {
                            "Node Type": "Aggregate",
                            "Strategy": "Plain",
                            "Partial Mode": "Partial",
                            "Parent Relationship": "Outer",
                            "Parallel Aware": false,
                            "Startup Cost": 299990.21,
                            "Total Cost": 299990.22,
                            "Plan Rows": 1,
                            "Plan Width": 8,
                            "Actual Startup Time": 858.793,
                            "Actual Total Time": 858.858,
                            "Actual Rows": 1,
                            "Actual Loops": 6,
                            "Output": [
                                "PARTIAL count(*)"
                            ],
                            "Workers": [
                                {
                                    "Worker Number": 0,
                                    "Actual Startup Time": 857.167,
                                    "Actual Total Time": 857.173,
                                    "Actual Rows": 1,
                                    "Actual Loops": 1
                                },
                                {
                                    "Worker Number": 1,
                                    "Actual Startup Time": 855.092,
                                    "Actual Total Time": 855.096,
                                    "Actual Rows": 1,
                                    "Actual Loops": 1
                                },
                                {
                                    "Worker Number": 2,
                                    "Actual Startup Time": 857.043,
                                    "Actual Total Time": 857.048,
                                    "Actual Rows": 1,
                                    "Actual Loops": 1
                                },
                                {
                                    "Worker Number": 3,
                                    "Actual Startup Time": 857.08,
                                    "Actual Total Time": 857.084,
                                    "Actual Rows": 1,
                                    "Actual Loops": 1
                                },
                                {
                                    "Worker Number": 4,
                                    "Actual Startup Time": 856.878,
                                    "Actual Total Time": 856.884,
                                    "Actual Rows": 1,
                                    "Actual Loops": 1
                                }
                            ],
                            "Plans": [
                                {
                                    "Node Type": "Hash Join",
                                    "Parent Relationship": "Outer",
                                    "Parallel Aware": true,
                                    "Join Type": "Inner",
                                    "Startup Cost": 92400.73,
                                    "Total Cost": 299305.12,
                                    "Plan Rows": 274037,
                                    "Plan Width": 0,
                                    "Actual Startup Time": 351.768,
                                    "Actual Total Time": 848.943,
                                    "Actual Rows": 186009,
                                    "Actual Loops": 6,
                                    "Inner Unique": false,
                                    "Hash Cond": "(mi.movie_id = t.id)",
                                    "Workers": [
                                        {
                                            "Worker Number": 0,
                                            "Actual Startup Time": 349.864,
                                            "Actual Total Time": 846.62,
                                            "Actual Rows": 135861,
                                            "Actual Loops": 1
                                        },
                                        {
                                            "Worker Number": 1,
                                            "Actual Startup Time": 348.143,
                                            "Actual Total Time": 845.21,
                                            "Actual Rows": 126861,
                                            "Actual Loops": 1
                                        },
                                        {
                                            "Worker Number": 2,
                                            "Actual Startup Time": 350.099,
                                            "Actual Total Time": 847.304,
                                            "Actual Rows": 202744,
                                            "Actual Loops": 1
                                        },
                                        {
                                            "Worker Number": 3,
                                            "Actual Startup Time": 350.095,
                                            "Actual Total Time": 847.348,
                                            "Actual Rows": 202915,
                                            "Actual Loops": 1
                                        },
                                        {
                                            "Worker Number": 4,
                                            "Actual Startup Time": 349.921,
                                            "Actual Total Time": 846.914,
                                            "Actual Rows": 206559,
                                            "Actual Loops": 1
                                        }
                                    ],
                                    "Plans": [
                                        {
                                            "Node Type": "Seq Scan",
                                            "Parent Relationship": "Outer",
                                            "Parallel Aware": true,
                                            "Relation Name": "movie_info",
                                            "Schema": "public",
                                            "Alias": "mi",
                                            "Startup Cost": 0.0,
                                            "Total Cost": 198880.74,
                                            "Plan Rows": 1903910,
                                            "Plan Width": 4,
                                            "Actual Startup Time": 0.028,
                                            "Actual Total Time": 320.882,
                                            "Actual Rows": 1594192,
                                            "Actual Loops": 6,
                                            "Output": [
                                                "mi.id",
                                                "mi.movie_id",
                                                "mi.info_type_id",
                                                "mi.info",
                                                "mi.note"
                                            ],
                                            "Filter": "(mi.info_type_id < 16)",
                                            "Rows Removed by Filter": 878428,
                                            "Workers": [
                                                {
                                                    "Worker Number": 0,
                                                    "Actual Startup Time": 0.031,
                                                    "Actual Total Time": 326.967,
                                                    "Actual Rows": 1158657,
                                                    "Actual Loops": 1
                                                },
                                                {
                                                    "Worker Number": 1,
                                                    "Actual Startup Time": 0.033,
                                                    "Actual Total Time": 317.085,
                                                    "Actual Rows": 1063109,
                                                    "Actual Loops": 1
                                                },
                                                {
                                                    "Worker Number": 2,
                                                    "Actual Startup Time": 0.035,
                                                    "Actual Total Time": 324.08,
                                                    "Actual Rows": 1767254,
                                                    "Actual Loops": 1
                                                },
                                                {
                                                    "Worker Number": 3,
                                                    "Actual Startup Time": 0.029,
                                                    "Actual Total Time": 323.192,
                                                    "Actual Rows": 1768853,
                                                    "Actual Loops": 1
                                                },
                                                {
                                                    "Worker Number": 4,
                                                    "Actual Startup Time": 0.025,
                                                    "Actual Total Time": 322.714,
                                                    "Actual Rows": 1745467,
                                                    "Actual Loops": 1
                                                }
                                            ]
                                        },
                                        {
                                            "Node Type": "Hash",
                                            "Parent Relationship": "Inner",
                                            "Parallel Aware": true,
                                            "Startup Cost": 90933.34,
                                            "Total Cost": 90933.34,
                                            "Plan Rows": 117391,
                                            "Plan Width": 8,
                                            "Actual Startup Time": 349.986,
                                            "Actual Total Time": 350.05,
                                            "Actual Rows": 27796,
                                            "Actual Loops": 6,
                                            "Output": [
                                                "t.id",
                                                "mk.movie_id"
                                            ],
                                            "Hash Buckets": 524288,
                                            "Original Hash Buckets": 524288,
                                            "Hash Batches": 1,
                                            "Original Hash Batches": 1,
                                            "Peak Memory Usage": 10688,
                                            "Workers": [
                                                {
                                                    "Worker Number": 0,
                                                    "Actual Startup Time": 348.953,
                                                    "Actual Total Time": 348.957,
                                                    "Actual Rows": 31651,
                                                    "Actual Loops": 1
                                                },
                                                {
                                                    "Worker Number": 1,
                                                    "Actual Startup Time": 347.237,
                                                    "Actual Total Time": 347.24,
                                                    "Actual Rows": 22060,
                                                    "Actual Loops": 1
                                                },
                                                {
                                                    "Worker Number": 2,
                                                    "Actual Startup Time": 349.12,
                                                    "Actual Total Time": 349.124,
                                                    "Actual Rows": 27580,
                                                    "Actual Loops": 1
                                                },
                                                {
                                                    "Worker Number": 3,
                                                    "Actual Startup Time": 349.229,
                                                    "Actual Total Time": 349.232,
                                                    "Actual Rows": 25192,
                                                    "Actual Loops": 1
                                                },
                                                {
                                                    "Worker Number": 4,
                                                    "Actual Startup Time": 349.073,
                                                    "Actual Total Time": 349.077,
                                                    "Actual Rows": 26410,
                                                    "Actual Loops": 1
                                                }
                                            ],
                                            "Plans": [
                                                {
                                                    "Node Type": "Hash Join",
                                                    "Parent Relationship": "Outer",
                                                    "Parallel Aware": true,
                                                    "Join Type": "Inner",
                                                    "Startup Cost": 63406.01,
                                                    "Total Cost": 90933.34,
                                                    "Plan Rows": 117391,
                                                    "Plan Width": 8,
                                                    "Actual Startup Time": 244.23,
                                                    "Actual Total Time": 338.012,
                                                    "Actual Rows": 27796,
                                                    "Actual Loops": 6,
                                                    "Output": [
                                                        "t.id",
                                                        "mk.movie_id"
                                                    ],
                                                    "Inner Unique": true,
                                                    "Hash Cond": "(mk.movie_id = t.id)",
                                                    "Workers": [
                                                        {
                                                            "Worker Number": 0,
                                                            "Actual Startup Time": 242.97,
                                                            "Actual Total Time": 337.781,
                                                            "Actual Rows": 31651,
                                                            "Actual Loops": 1
                                                        },
                                                        {
                                                            "Worker Number": 1,
                                                            "Actual Startup Time": 241.314,
                                                            "Actual Total Time": 335.04,
                                                            "Actual Rows": 22060,
                                                            "Actual Loops": 1
                                                        },
                                                        {
                                                            "Worker Number": 2,
                                                            "Actual Startup Time": 243.404,
                                                            "Actual Total Time": 337.062,
                                                            "Actual Rows": 27580,
                                                            "Actual Loops": 1
                                                        },
                                                        {
                                                            "Worker Number": 3,
                                                            "Actual Startup Time": 243.537,
                                                            "Actual Total Time": 337.253,
                                                            "Actual Rows": 25192,
                                                            "Actual Loops": 1
                                                        },
                                                        {
                                                            "Worker Number": 4,
                                                            "Actual Startup Time": 243.595,
                                                            "Actual Total Time": 336.817,
                                                            "Actual Rows": 26410,
                                                            "Actual Loops": 1
                                                        }
                                                    ],
                                                    "Plans": [
                                                        {
                                                            "Node Type": "Bitmap Heap Scan",
                                                            "Parent Relationship": "Outer",
                                                            "Parallel Aware": true,
                                                            "Relation Name": "movie_keyword",
                                                            "Schema": "public",
                                                            "Alias": "mk",
                                                            "Startup Cost": 13362.21,
                                                            "Total Cost": 40356.16,
                                                            "Plan Rows": 203196,
                                                            "Plan Width": 4,
                                                            "Actual Startup Time": 72.791,
                                                            "Actual Total Time": 127.939,
                                                            "Actual Rows": 105064,
                                                            "Actual Loops": 6,
                                                            "Output": [
                                                                "mk.id",
                                                                "mk.movie_id",
                                                                "mk.keyword_id"
                                                            ],
                                                            "Recheck Cond": "(mk.keyword_id < 492)",
                                                            "Rows Removed by Index Recheck": 0,
                                                            "Exact Heap Blocks": 5096,
                                                            "Lossy Heap Blocks": 0,
                                                            "Workers": [
                                                                {
                                                                    "Worker Number": 0,
                                                                    "Actual Startup Time": 72.641,
                                                                    "Actual Total Time": 129.614,
                                                                    "Actual Rows": 101447,
                                                                    "Actual Loops": 1
                                                                },
                                                                {
                                                                    "Worker Number": 1,
                                                                    "Actual Startup Time": 72.709,
                                                                    "Actual Total Time": 131.496,
                                                                    "Actual Rows": 80515,
                                                                    "Actual Loops": 1
                                                                },
                                                                {
                                                                    "Worker Number": 2,
                                                                    "Actual Startup Time": 72.736,
                                                                    "Actual Total Time": 128.239,
                                                                    "Actual Rows": 107887,
                                                                    "Actual Loops": 1
                                                                },
                                                                {
                                                                    "Worker Number": 3,
                                                                    "Actual Startup Time": 72.899,
                                                                    "Actual Total Time": 128.56,
                                                                    "Actual Rows": 104275,
                                                                    "Actual Loops": 1
                                                                },
                                                                {
                                                                    "Worker Number": 4,
                                                                    "Actual Startup Time": 72.96,
                                                                    "Actual Total Time": 128.228,
                                                                    "Actual Rows": 105097,
                                                                    "Actual Loops": 1
                                                                }
                                                            ],
                                                            "Plans": [
                                                                {
                                                                    "Node Type": "Bitmap Index Scan",
                                                                    "Parent Relationship": "Outer",
                                                                    "Parallel Aware": false,
                                                                    "Index Name": "keyword_id_movie_keyword",
                                                                    "Startup Cost": 0.0,
                                                                    "Total Cost": 13204.74,
                                                                    "Plan Rows": 629907,
                                                                    "Plan Width": 0,
                                                                    "Actual Startup Time": 66.968,
                                                                    "Actual Total Time": 66.968,
                                                                    "Actual Rows": 630381,
                                                                    "Actual Loops": 1,
                                                                    "Index Cond": "(mk.keyword_id < 492)",
                                                                    "Workers": [
                                                                        {
                                                                            "Worker Number": 0,
                                                                            "Actual Startup Time": 66.968,
                                                                            "Actual Total Time": 66.968,
                                                                            "Actual Rows": 630381,
                                                                            "Actual Loops": 1
                                                                        }
                                                                    ]
                                                                }
                                                            ]
                                                        },
                                                        {
                                                            "Node Type": "Hash",
                                                            "Parent Relationship": "Inner",
                                                            "Parallel Aware": true,
                                                            "Startup Cost": 45479.21,
                                                            "Total Cost": 45479.21,
                                                            "Plan Rows": 365167,
                                                            "Plan Width": 4,
                                                            "Actual Startup Time": 169.308,
                                                            "Actual Total Time": 169.309,
                                                            "Actual Rows": 241879,
                                                            "Actual Loops": 6,
                                                            "Output": [
                                                                "t.id"
                                                            ],
                                                            "Hash Buckets": 2097152,
                                                            "Original Hash Buckets": 2097152,
                                                            "Hash Batches": 1,
                                                            "Original Hash Batches": 1,
                                                            "Peak Memory Usage": 73248,
                                                            "Workers": [
                                                                {
                                                                    "Worker Number": 0,
                                                                    "Actual Startup Time": 170.214,
                                                                    "Actual Total Time": 170.215,
                                                                    "Actual Rows": 179694,
                                                                    "Actual Loops": 1
                                                                },
                                                                {
                                                                    "Worker Number": 1,
                                                                    "Actual Startup Time": 168.349,
                                                                    "Actual Total Time": 168.35,
                                                                    "Actual Rows": 176004,
                                                                    "Actual Loops": 1
                                                                },
                                                                {
                                                                    "Worker Number": 2,
                                                                    "Actual Startup Time": 170.321,
                                                                    "Actual Total Time": 170.322,
                                                                    "Actual Rows": 249245,
                                                                    "Actual Loops": 1
                                                                },
                                                                {
                                                                    "Worker Number": 3,
                                                                    "Actual Startup Time": 170.396,
                                                                    "Actual Total Time": 170.396,
                                                                    "Actual Rows": 248046,
                                                                    "Actual Loops": 1
                                                                },
                                                                {
                                                                    "Worker Number": 4,
                                                                    "Actual Startup Time": 170.171,
                                                                    "Actual Total Time": 170.172,
                                                                    "Actual Rows": 246567,
                                                                    "Actual Loops": 1
                                                                }
                                                            ],
                                                            "Plans": [
                                                                {
                                                                    "Node Type": "Seq Scan",
                                                                    "Parent Relationship": "Outer",
                                                                    "Parallel Aware": true,
                                                                    "Relation Name": "title",
                                                                    "Schema": "public",
                                                                    "Alias": "t",
                                                                    "Startup Cost": 0.0,
                                                                    "Total Cost": 45479.21,
                                                                    "Plan Rows": 365167,
                                                                    "Plan Width": 4,
                                                                    "Actual Startup Time": 0.039,
                                                                    "Actual Total Time": 81.006,
                                                                    "Actual Rows": 241879,
                                                                    "Actual Loops": 6,
                                                                    "Output": [
                                                                        "t.id"
                                                                    ],
                                                                    "Filter": "((t.kind_id > 3) AND (t.production_year < 2012))",
                                                                    "Rows Removed by Filter": 179507,
                                                                    "Workers": [
                                                                        {
                                                                            "Worker Number": 0,
                                                                            "Actual Startup Time": 0.047,
                                                                            "Actual Total Time": 86.53,
                                                                            "Actual Rows": 179694,
                                                                            "Actual Loops": 1
                                                                        },
                                                                        {
                                                                            "Worker Number": 1,
                                                                            "Actual Startup Time": 0.043,
                                                                            "Actual Total Time": 83.004,
                                                                            "Actual Rows": 176004,
                                                                            "Actual Loops": 1
                                                                        },
                                                                        {
                                                                            "Worker Number": 2,
                                                                            "Actual Startup Time": 0.054,
                                                                            "Actual Total Time": 81.44,
                                                                            "Actual Rows": 249245,
                                                                            "Actual Loops": 1
                                                                        },
                                                                        {
                                                                            "Worker Number": 3,
                                                                            "Actual Startup Time": 0.035,
                                                                            "Actual Total Time": 81.541,
                                                                            "Actual Rows": 248046,
                                                                            "Actual Loops": 1
                                                                        },
                                                                        {
                                                                            "Worker Number": 4,
                                                                            "Actual Startup Time": 0.041,
                                                                            "Actual Total Time": 81.467,
                                                                            "Actual Rows": 246567,
                                                                            "Actual Loops": 1
                                                                        }
                                                                    ]
                                                                }
                                                            ]
                                                        }
                                                    ]
                                                }
                                            ]
                                        }
                                    ]
                                }
                            ]
                        }
                    ]
                }
            ]
        },
        "Planning Time": 173.929,
        "Triggers": [],
        "Execution Time": 912.053
    }
]