[
  {
    "Plan": {
      "Node Type": "Aggregate",
      "Strategy": "Plain",
      "Partial Mode": "Finalize",
      "Parallel Aware": false,
      "Startup Cost": 46973.39,
      "Total Cost": 46973.4,
      "Plan Rows": 1,
      "Plan Width": 8,
      "Actual Startup Time": 178.922,
      "Actual Total Time": 188.94,
      "Actual Rows": 1,
      "Actual Loops": 1,
      "Plans": [
        {
          "Node Type": "Gather",
          "Parent Relationship": "Outer",
          "Parallel Aware": false,
          "Startup Cost": 46973.07,
          "Total Cost": 46973.38,
          "Plan Rows": 3,
          "Plan Width": 8,
          "Actual Startup Time": 178.791,
          "Actual Total Time": 188.933,
          "Actual Rows": 4,
          "Actual Loops": 1,
          "Workers Planned": 3,
          "Workers Launched": 3,
          "Single Copy": false,
          "Plans": [
            {
              "Node Type": "Aggregate",
              "Strategy": "Plain",
              "Partial Mode": "Partial",
              "Parent Relationship": "Outer",
              "Parallel Aware": false,
              "Startup Cost": 45973.07,
              "Total Cost": 45973.08,
              "Plan Rows": 1,
              "Plan Width": 8,
              "Actual Startup Time": 170.394,
              "Actual Total Time": 170.395,
              "Actual Rows": 1,
              "Actual Loops": 4,
              "Plans": [
                {
                  "Node Type": "Seq Scan",
                  "Parent Relationship": "Outer",
                  "Parallel Aware": true,
                  "Relation Name": "movie_keyword",
                  "Alias": "mk",
                  "Startup Cost": 0.0,
                  "Total Cost": 42695.65,
                  "Plan Rows": 1310968,
                  "Plan Width": 0,
                  "Actual Startup Time": 0.062,
                  "Actual Total Time": 125.903,
                  "Actual Rows": 1018365,
                  "Actual Loops": 4,
                  "Filter": "(keyword_id < 39396)",
                  "Rows Removed by Filter": 112618
                }
              ]
            }
          ]
        }
      ]
    },
    "Planning Time": 0.135,
    "Triggers": [],
    "Execution Time": 188.981
  }
]