{
  "Plan": {
    "Node Type": "Aggregate",
    "Strategy": "Plain",
    "Partial Mode": "Finalize",
    "Parallel Aware": false,
    "Startup Cost": 98677.83,
    "Total Cost": 98677.84,
    "Plan Rows": 1,
    "Plan Width": 8,
    "Actual Startup Time": 392.333,
    "Actual Total Time": 403.016,
    "Actual Rows": 1,
    "Actual Loops": 1,
    "Plans": [
      {
        "Node Type": "Gather",
        "Parent Relationship": "Outer",
        "Parallel Aware": false,
        "Startup Cost": 98677.71,
        "Total Cost": 98677.82,
        "Plan Rows": 1,
        "Plan Width": 8,
        "Actual Startup Time": 392.04,
        "Actual Total Time": 403.009,
        "Actual Rows": 2,
        "Actual Loops": 1,
        "Workers Planned": 1,
        "Workers Launched": 1,
        "Single Copy": false,
        "Plans": [
          {
            "Node Type": "Aggregate",
            "Strategy": "Plain",
            "Partial Mode": "Partial",
            "Parent Relationship": "Outer",
            "Parallel Aware": false,
            "Startup Cost": 97677.71,
            "Total Cost": 97677.72,
            "Plan Rows": 1,
            "Plan Width": 8,
            "Actual Startup Time": 386.002,
            "Actual Total Time": 386.006,
            "Actual Rows": 1,
            "Actual Loops": 2,
            "Plans": [
              {
                "Node Type": "Hash Join",
                "Parent Relationship": "Outer",
                "Parallel Aware": true,
                "Join Type": "Inner",
                "Startup Cost": 39394.51,
                "Total Cost": 97445.35,
                "Plan Rows": 92944,
                "Plan Width": 0,
                "Actual Startup Time": 125.154,
                "Actual Total Time": 381.173,
                "Actual Rows": 122607,
                "Actual Loops": 2,
                "Inner Unique": true,
                "Hash Cond": "(mk.movie_id = t.id)",
                "Plans": [
                  {
                    "Node Type": "Seq Scan",
                    "Parent Relationship": "Outer",
                    "Parallel Aware": true,
                    "Relation Name": "movie_keyword",
                    "Alias": "mk",
                    "Startup Cost": 0.0,
                    "Total Cost": 51065.35,
                    "Plan Rows": 2661135,
                    "Plan Width": 4,
                    "Actual Startup Time": 0.011,
                    "Actual Total Time": 150.199,
                    "Actual Rows": 2261965,
                    "Actual Loops": 2
                  },
                  {
                    "Node Type": "Hash",
                    "Parent Relationship": "Inner",
                    "Parallel Aware": true,
                    "Startup Cost": 38745.21,
                    "Total Cost": 38745.21,
                    "Plan Rows": 51944,
                    "Plan Width": 4,
                    "Actual Startup Time": 64.778,
                    "Actual Total Time": 64.779,
                    "Actual Rows": 47514,
                    "Actual Loops": 2,
                    "Hash Buckets": 131072,
                    "Original Hash Buckets": 131072,
                    "Hash Batches": 1,
                    "Original Hash Batches": 1,
                    "Peak Memory Usage": 4768,
                    "Plans": [
                      {
                        "Node Type": "Bitmap Heap Scan",
                        "Parent Relationship": "Outer",
                        "Parallel Aware": true,
                        "Relation Name": "title",
                        "Alias": "t",
                        "Startup Cost": 1845.21,
                        "Total Cost": 38745.21,
                        "Plan Rows": 51944,
                        "Plan Width": 4,
                        "Actual Startup Time": 16.184,
                        "Actual Total Time": 53.122,
                        "Actual Rows": 47514,
                        "Actual Loops": 2,
                        "Recheck Cond": "(kind_id = 3)",
                        "Rows Removed by Index Recheck": 0,
                        "Filter": "(production_year > 1963)",
                        "Rows Removed by Filter": 2755,
                        "Exact Heap Blocks": 10209,
                        "Lossy Heap Blocks": 0,
                        "Plans": [
                          {
                            "Node Type": "Bitmap Index Scan",
                            "Parent Relationship": "Outer",
                            "Parallel Aware": false,
                            "Index Name": "kind_id_title",
                            "Startup Cost": 0.0,
                            "Total Cost": 1823.13,
                            "Plan Rows": 102227,
                            "Plan Width": 0,
                            "Actual Startup Time": 15.475,
                            "Actual Total Time": 15.475,
                            "Actual Rows": 100537,
                            "Actual Loops": 1,
                            "Index Cond": "(kind_id = 3)"
                          }
                        ]
                      }
                    ]
                  }
                ]
              }
            ]
          }
        ]
      }
    ]
  },
  "Planning Time": 0.708,
  "Triggers": [],
  "Execution Time": 403.105
}