[
    {
        "Bao": {
            "Bao prediction": "NaN",
            "Bao recommended hint": "(no hint)"
        }
    },
    {
        "Plan": {
            "Node Type": "Aggregate",
            "Strategy": "Plain",
            "Partial Mode": "Finalize",
            "Parallel Aware": false,
            "Startup Cost": 44961.41,
            "Total Cost": 44961.42,
            "Plan Rows": 1,
            "Plan Width": 8,
            "Actual Startup Time": 85.651,
            "Actual Total Time": 92.264,
            "Actual Rows": 1,
            "Actual Loops": 1,
            "Output": [
                "count(*)"
            ],
            "Plans": [
                {
                    "Node Type": "Gather",
                    "Parent Relationship": "Outer",
                    "Parallel Aware": false,
                    "Startup Cost": 44960.99,
                    "Total Cost": 44961.4,
                    "Plan Rows": 4,
                    "Plan Width": 8,
                    "Actual Startup Time": 85.544,
                    "Actual Total Time": 92.257,
                    "Actual Rows": 5,
                    "Actual Loops": 1,
                    "Output": [
                        "(PARTIAL count(*))"
                    ],
                    "Workers Planned": 4,
                    "Workers Launched": 4,
                    "Single Copy": false,
                    "Plans": [
                        {
                            "Node Type": "Aggregate",
                            "Strategy": "Plain",
                            "Partial Mode": "Partial",
                            "Parent Relationship": "Outer",
                            "Parallel Aware": false,
                            "Startup Cost": 43960.99,
                            "Total Cost": 43961.0,
                            "Plan Rows": 1,
                            "Plan Width": 8,
                            "Actual Startup Time": 76.747,
                            "Actual Total Time": 76.748,
                            "Actual Rows": 1,
                            "Actual Loops": 5,
                            "Output": [
                                "PARTIAL count(*)"
                            ],
                            "Workers": [
                                {
                                    "Worker Number": 0,
                                    "Actual Startup Time": 74.197,
                                    "Actual Total Time": 74.198,
                                    "Actual Rows": 1,
                                    "Actual Loops": 1
                                },
                                {
                                    "Worker Number": 1,
                                    "Actual Startup Time": 74.4,
                                    "Actual Total Time": 74.401,
                                    "Actual Rows": 1,
                                    "Actual Loops": 1
                                },
                                {
                                    "Worker Number": 2,
                                    "Actual Startup Time": 74.403,
                                    "Actual Total Time": 74.403,
                                    "Actual Rows": 1,
                                    "Actual Loops": 1
                                },
                                {
                                    "Worker Number": 3,
                                    "Actual Startup Time": 75.452,
                                    "Actual Total Time": 75.454,
                                    "Actual Rows": 1,
                                    "Actual Loops": 1
                                }
                            ],
                            "Plans": [
                                {
                                    "Node Type": "Seq Scan",
                                    "Parent Relationship": "Outer",
                                    "Parallel Aware": true,
                                    "Relation Name": "title",
                                    "Schema": "public",
                                    "Alias": "t",
                                    "Startup Cost": 0.0,
                                    "Total Cost": 43899.01,
                                    "Plan Rows": 24792,
                                    "Plan Width": 0,
                                    "Actual Startup Time": 38.426,
                                    "Actual Total Time": 75.662,
                                    "Actual Rows": 19193,
                                    "Actual Loops": 5,
                                    "Output": [
                                        "id",
                                        "title",
                                        "imdb_index",
                                        "kind_id",
                                        "production_year",
                                        "imdb_id",
                                        "phonetic_code",
                                        "episode_of_id",
                                        "season_nr",
                                        "episode_nr",
                                        "series_years",
                                        "md5sum"
                                    ],
                                    "Filter": "(t.production_year < 1923)",
                                    "Rows Removed by Filter": 486469,
                                    "Workers": [
                                        {
                                            "Worker Number": 0,
                                            "Actual Startup Time": 48.511,
                                            "Actual Total Time": 73.116,
                                            "Actual Rows": 11955,
                                            "Actual Loops": 1
                                        },
                                        {
                                            "Worker Number": 1,
                                            "Actual Startup Time": 29.771,
                                            "Actual Total Time": 73.399,
                                            "Actual Rows": 17534,
                                            "Actual Loops": 1
                                        },
                                        {
                                            "Worker Number": 2,
                                            "Actual Startup Time": 28.982,
                                            "Actual Total Time": 73.383,
                                            "Actual Rows": 17719,
                                            "Actual Loops": 1
                                        },
                                        {
                                            "Worker Number": 3,
                                            "Actual Startup Time": 46.144,
                                            "Actual Total Time": 74.484,
                                            "Actual Rows": 18320,
                                            "Actual Loops": 1
                                        }
                                    ]
                                }
                            ]
                        }
                    ]
                }
            ]
        },
        "Planning Time": 201.18,
        "Triggers": [],
        "Execution Time": 92.31
    }
]