[
  {
    "Plan": {
      "Node Type": "Aggregate",
      "Strategy": "Plain",
      "Partial Mode": "Finalize",
      "Parallel Aware": false,
      "Startup Cost": 403515.03,
      "Total Cost": 403515.04,
      "Plan Rows": 1,
      "Plan Width": 8,
      "Actual Startup Time": 1351.96,
      "Actual Total Time": 1402.052,
      "Actual Rows": 1,
      "Actual Loops": 1,
      "Plans": [
        {
          "Node Type": "Gather",
          "Parent Relationship": "Outer",
          "Parallel Aware": false,
          "Startup Cost": 403514.4,
          "Total Cost": 403515.01,
          "Plan Rows": 6,
          "Plan Width": 8,
          "Actual Startup Time": 1333.254,
          "Actual Total Time": 1402.04,
          "Actual Rows": 7,
          "Actual Loops": 1,
          "Workers Planned": 6,
          "Workers Launched": 6,
          "Single Copy": false,
          "Plans": [
            {
              "Node Type": "Aggregate",
              "Strategy": "Plain",
              "Partial Mode": "Partial",
              "Parent Relationship": "Outer",
              "Parallel Aware": false,
              "Startup Cost": 402514.4,
              "Total Cost": 402514.41,
              "Plan Rows": 1,
              "Plan Width": 8,
              "Actual Startup Time": 1308.287,
              "Actual Total Time": 1308.291,
              "Actual Rows": 1,
              "Actual Loops": 7,
              "Plans": [
                {
                  "Node Type": "Hash Join",
                  "Parent Relationship": "Outer",
                  "Parallel Aware": true,
                  "Join Type": "Inner",
                  "Startup Cost": 50220.38,
                  "Total Cost": 398135.02,
                  "Plan Rows": 1751754,
                  "Plan Width": 0,
                  "Actual Startup Time": 554.995,
                  "Actual Total Time": 1277.606,
                  "Actual Rows": 651065,
                  "Actual Loops": 7,
                  "Inner Unique": true,
                  "Hash Cond": "(ci.movie_id = t.id)",
                  "Plans": [
                    {
                      "Node Type": "Seq Scan",
                      "Parent Relationship": "Outer",
                      "Parallel Aware": true,
                      "Relation Name": "cast_info",
                      "Alias": "ci",
                      "Startup Cost": 0.0,
                      "Total Cost": 343316.27,
                      "Plan Rows": 1751754,
                      "Plan Width": 4,
                      "Actual Startup Time": 250.676,
                      "Actual Total Time": 646.665,
                      "Actual Rows": 651065,
                      "Actual Loops": 7,
                      "Filter": "((person_id < 1619721) AND (role_id > 1))",
                      "Rows Removed by Filter": 4526698
                    },
                    {
                      "Node Type": "Hash",
                      "Parent Relationship": "Inner",
                      "Parallel Aware": true,
                      "Startup Cost": 42319.06,
                      "Total Cost": 42319.06,
                      "Plan Rows": 632106,
                      "Plan Width": 4,
                      "Actual Startup Time": 296.825,
                      "Actual Total Time": 296.826,
                      "Actual Rows": 361187,
                      "Actual Loops": 7,
                      "Hash Buckets": 4194304,
                      "Original Hash Buckets": 4194304,
                      "Hash Batches": 1,
                      "Original Hash Batches": 1,
                      "Peak Memory Usage": 131776,
                      "Plans": [
                        {
                          "Node Type": "Seq Scan",
                          "Parent Relationship": "Outer",
                          "Parallel Aware": true,
                          "Relation Name": "title",
                          "Alias": "t",
                          "Startup Cost": 0.0,
                          "Total Cost": 42319.06,
                          "Plan Rows": 632106,
                          "Plan Width": 4,
                          "Actual Startup Time": 0.059,
                          "Actual Total Time": 86.331,
                          "Actual Rows": 361187,
                          "Actual Loops": 7
                        }
                      ]
                    }
                  ]
                }
              ]
            }
          ]
        }
      ]
    },
    "Planning Time": 0.74,
    "Triggers": [],
    "Execution Time": 1402.135
  }
]