[
  {
    "Plan": {
      "Node Type": "Aggregate",
      "Strategy": "Plain",
      "Partial Mode": "Finalize",
      "Parallel Aware": false,
      "Startup Cost": 101741.41,
      "Total Cost": 101741.42,
      "Plan Rows": 1,
      "Plan Width": 8,
      "Actual Startup Time": 674.377,
      "Actual Total Time": 691.571,
      "Actual Rows": 1,
      "Actual Loops": 1,
      "Plans": [
        {
          "Node Type": "Gather",
          "Parent Relationship": "Outer",
          "Parallel Aware": false,
          "Startup Cost": 101741.2,
          "Total Cost": 101741.41,
          "Plan Rows": 2,
          "Plan Width": 8,
          "Actual Startup Time": 667.83,
          "Actual Total Time": 691.56,
          "Actual Rows": 3,
          "Actual Loops": 1,
          "Workers Planned": 2,
          "Workers Launched": 2,
          "Single Copy": false,
          "Plans": [
            {
              "Node Type": "Aggregate",
              "Strategy": "Plain",
              "Partial Mode": "Partial",
              "Parent Relationship": "Outer",
              "Parallel Aware": false,
              "Startup Cost": 100741.2,
              "Total Cost": 100741.21,
              "Plan Rows": 1,
              "Plan Width": 8,
              "Actual Startup Time": 661.641,
              "Actual Total Time": 662.039,
              "Actual Rows": 1,
              "Actual Loops": 3,
              "Plans": [
                {
                  "Node Type": "Hash Join",
                  "Parent Relationship": "Outer",
                  "Parallel Aware": true,
                  "Join Type": "Inner",
                  "Startup Cost": 84075.23,
                  "Total Cost": 100381.2,
                  "Plan Rows": 144001,
                  "Plan Width": 0,
                  "Actual Startup Time": 533.77,
                  "Actual Total Time": 648.855,
                  "Actual Rows": 272903,
                  "Actual Loops": 3,
                  "Inner Unique": false,
                  "Hash Cond": "(mi_idx.movie_id = t.id)",
                  "Plans": [
                    {
                      "Node Type": "Seq Scan",
                      "Parent Relationship": "Outer",
                      "Parallel Aware": true,
                      "Relation Name": "movie_info_idx",
                      "Alias": "mi_idx",
                      "Startup Cost": 0.0,
                      "Total Cost": 13685.15,
                      "Plan Rows": 575015,
                      "Plan Width": 4,
                      "Actual Startup Time": 0.018,
                      "Actual Total Time": 39.563,
                      "Actual Rows": 460012,
                      "Actual Loops": 3
                    },
                    {
                      "Node Type": "Hash",
                      "Parent Relationship": "Inner",
                      "Parallel Aware": true,
                      "Startup Cost": 81522.03,
                      "Total Cost": 81522.03,
                      "Plan Rows": 204256,
                      "Plan Width": 8,
                      "Actual Startup Time": 527.577,
                      "Actual Total Time": 527.973,
                      "Actual Rows": 135611,
                      "Actual Loops": 3,
                      "Hash Buckets": 1048576,
                      "Original Hash Buckets": 1048576,
                      "Hash Batches": 1,
                      "Original Hash Batches": 1,
                      "Peak Memory Usage": 24160,
                      "Plans": [
                        {
                          "Node Type": "Hash Join",
                          "Parent Relationship": "Outer",
                          "Parallel Aware": true,
                          "Join Type": "Inner",
                          "Startup Cost": 49326.62,
                          "Total Cost": 81522.03,
                          "Plan Rows": 204256,
                          "Plan Width": 8,
                          "Actual Startup Time": 329.429,
                          "Actual Total Time": 489.503,
                          "Actual Rows": 135611,
                          "Actual Loops": 3,
                          "Inner Unique": true,
                          "Hash Cond": "(mc.movie_id = t.id)",
                          "Plans": [
                            {
                              "Node Type": "Seq Scan",
                              "Parent Relationship": "Outer",
                              "Parallel Aware": true,
                              "Relation Name": "movie_companies",
                              "Alias": "mc",
                              "Startup Cost": 0.0,
                              "Total Cost": 31414.82,
                              "Plan Rows": 297366,
                              "Plan Width": 4,
                              "Actual Startup Time": 0.447,
                              "Actual Total Time": 86.838,
                              "Actual Rows": 253893,
                              "Actual Loops": 3,
                              "Filter": "((company_id > 1402) AND (company_type_id = 1))",
                              "Rows Removed by Filter": 615817
                            },
                            {
                              "Node Type": "Hash",
                              "Parent Relationship": "Inner",
                              "Parallel Aware": true,
                              "Startup Cost": 43899.32,
                              "Total Cost": 43899.32,
                              "Plan Rows": 434184,
                              "Plan Width": 4,
                              "Actual Startup Time": 323.423,
                              "Actual Total Time": 323.424,
                              "Actual Rows": 575078,
                              "Actual Loops": 3,
                              "Hash Buckets": 2097152,
                              "Original Hash Buckets": 2097152,
                              "Hash Batches": 1,
                              "Original Hash Batches": 1,
                              "Peak Memory Usage": 83936,
                              "Plans": [
                                {
                                  "Node Type": "Seq Scan",
                                  "Parent Relationship": "Outer",
                                  "Parallel Aware": true,
                                  "Relation Name": "title",
                                  "Alias": "t",
                                  "Startup Cost": 0.0,
                                  "Total Cost": 43899.32,
                                  "Plan Rows": 434184,
                                  "Plan Width": 4,
                                  "Actual Startup Time": 0.054,
                                  "Actual Total Time": 139.553,
                                  "Actual Rows": 575078,
                                  "Actual Loops": 3,
                                  "Filter": "(production_year > 1991)",
                                  "Rows Removed by Filter": 267693
                                }
                              ]
                            }
                          ]
                        }
                      ]
                    }
                  ]
                }
              ]
            }
          ]
        }
      ]
    },
    "Planning Time": 0.622,
    "Triggers": [],
    "Execution Time": 691.621
  }
]