[
  {
    "Plan": {
      "Node Type": "Aggregate",
      "Strategy": "Plain",
      "Partial Mode": "Finalize",
      "Parallel Aware": false,
      "Startup Cost": 101733.75,
      "Total Cost": 101733.76,
      "Plan Rows": 1,
      "Plan Width": 8,
      "Actual Startup Time": 879.311,
      "Actual Total Time": 893.896,
      "Actual Rows": 1,
      "Actual Loops": 1,
      "Plans": [
        {
          "Node Type": "Gather",
          "Parent Relationship": "Outer",
          "Parallel Aware": false,
          "Startup Cost": 101733.53,
          "Total Cost": 101733.74,
          "Plan Rows": 2,
          "Plan Width": 8,
          "Actual Startup Time": 871.435,
          "Actual Total Time": 893.886,
          "Actual Rows": 3,
          "Actual Loops": 1,
          "Workers Planned": 2,
          "Workers Launched": 2,
          "Single Copy": false,
          "Plans": [
            {
              "Node Type": "Aggregate",
              "Strategy": "Plain",
              "Partial Mode": "Partial",
              "Parent Relationship": "Outer",
              "Parallel Aware": false,
              "Startup Cost": 100733.53,
              "Total Cost": 100733.54,
              "Plan Rows": 1,
              "Plan Width": 8,
              "Actual Startup Time": 863.699,
              "Actual Total Time": 864.091,
              "Actual Rows": 1,
              "Actual Loops": 3,
              "Plans": [
                {
                  "Node Type": "Hash Join",
                  "Parent Relationship": "Outer",
                  "Parallel Aware": true,
                  "Join Type": "Inner",
                  "Startup Cost": 84065.93,
                  "Total Cost": 100372.82,
                  "Plan Rows": 144286,
                  "Plan Width": 0,
                  "Actual Startup Time": 694.044,
                  "Actual Total Time": 847.071,
                  "Actual Rows": 272903,
                  "Actual Loops": 3,
                  "Inner Unique": false,
                  "Hash Cond": "(mi_idx.movie_id = t.id)",
                  "Plans": [
                    {
                      "Node Type": "Seq Scan",
                      "Parent Relationship": "Outer",
                      "Parallel Aware": true,
                      "Relation Name": "movie_info_idx",
                      "Alias": "mi_idx",
                      "Startup Cost": 0.0,
                      "Total Cost": 13685.15,
                      "Plan Rows": 575015,
                      "Plan Width": 4,
                      "Actual Startup Time": 0.037,
                      "Actual Total Time": 51.471,
                      "Actual Rows": 460012,
                      "Actual Loops": 3
                    },
                    {
                      "Node Type": "Hash",
                      "Parent Relationship": "Inner",
                      "Parallel Aware": true,
                      "Startup Cost": 81507.8,
                      "Total Cost": 81507.8,
                      "Plan Rows": 204650,
                      "Plan Width": 8,
                      "Actual Startup Time": 685.093,
                      "Actual Total Time": 685.484,
                      "Actual Rows": 135611,
                      "Actual Loops": 3,
                      "Hash Buckets": 1048576,
                      "Original Hash Buckets": 1048576,
                      "Hash Batches": 1,
                      "Original Hash Batches": 1,
                      "Peak Memory Usage": 24160,
                      "Plans": [
                        {
                          "Node Type": "Hash Join",
                          "Parent Relationship": "Outer",
                          "Parallel Aware": true,
                          "Join Type": "Inner",
                          "Startup Cost": 49308.35,
                          "Total Cost": 81507.8,
                          "Plan Rows": 204650,
                          "Plan Width": 8,
                          "Actual Startup Time": 423.063,
                          "Actual Total Time": 635.236,
                          "Actual Rows": 135611,
                          "Actual Loops": 3,
                          "Inner Unique": true,
                          "Hash Cond": "(mc.movie_id = t.id)",
                          "Plans": [
                            {
                              "Node Type": "Seq Scan",
                              "Parent Relationship": "Outer",
                              "Parallel Aware": true,
                              "Relation Name": "movie_companies",
                              "Alias": "mc",
                              "Startup Cost": 0.0,
                              "Total Cost": 31414.82,
                              "Plan Rows": 298907,
                              "Plan Width": 4,
                              "Actual Startup Time": 0.706,
                              "Actual Total Time": 122.492,
                              "Actual Rows": 253893,
                              "Actual Loops": 3,
                              "Filter": "((company_id > 1402) AND (company_type_id = 1))",
                              "Rows Removed by Filter": 615817
                            },
                            {
                              "Node Type": "Hash",
                              "Parent Relationship": "Inner",
                              "Parallel Aware": true,
                              "Startup Cost": 43898.92,
                              "Total Cost": 43898.92,
                              "Plan Rows": 432755,
                              "Plan Width": 4,
                              "Actual Startup Time": 416.245,
                              "Actual Total Time": 416.247,
                              "Actual Rows": 575078,
                              "Actual Loops": 3,
                              "Hash Buckets": 2097152,
                              "Original Hash Buckets": 2097152,
                              "Hash Batches": 1,
                              "Original Hash Batches": 1,
                              "Peak Memory Usage": 83936,
                              "Plans": [
                                {
                                  "Node Type": "Seq Scan",
                                  "Parent Relationship": "Outer",
                                  "Parallel Aware": true,
                                  "Relation Name": "title",
                                  "Alias": "t",
                                  "Startup Cost": 0.0,
                                  "Total Cost": 43898.92,
                                  "Plan Rows": 432755,
                                  "Plan Width": 4,
                                  "Actual Startup Time": 0.041,
                                  "Actual Total Time": 186.18,
                                  "Actual Rows": 575078,
                                  "Actual Loops": 3,
                                  "Filter": "(production_year > 1991)",
                                  "Rows Removed by Filter": 267693
                                }
                              ]
                            }
                          ]
                        }
                      ]
                    }
                  ]
                }
              ]
            }
          ]
        }
      ]
    },
    "Planning Time": 1.397,
    "Triggers": [],
    "Execution Time": 893.978
  }
]