{
  "Plan": {
    "Node Type": "Aggregate",
    "Strategy": "Plain",
    "Partial Mode": "Finalize",
    "Parallel Aware": false,
    "Startup Cost": 2756111.0,
    "Total Cost": 2756111.01,
    "Plan Rows": 1,
    "Plan Width": 8,
    "Actual Startup Time": 19960.344,
    "Actual Total Time": 20065.683,
    "Actual Rows": 1,
    "Actual Loops": 1,
    "Plans": [
      {
        "Node Type": "Gather",
        "Parent Relationship": "Outer",
        "Parallel Aware": false,
        "Startup Cost": 2756110.88,
        "Total Cost": 2756110.99,
        "Plan Rows": 1,
        "Plan Width": 8,
        "Actual Startup Time": 19952.578,
        "Actual Total Time": 20065.675,
        "Actual Rows": 2,
        "Actual Loops": 1,
        "Workers Planned": 1,
        "Workers Launched": 1,
        "Single Copy": false,
        "Plans": [
          {
            "Node Type": "Aggregate",
            "Strategy": "Plain",
            "Partial Mode": "Partial",
            "Parent Relationship": "Outer",
            "Parallel Aware": false,
            "Startup Cost": 2755110.88,
            "Total Cost": 2755110.89,
            "Plan Rows": 1,
            "Plan Width": 8,
            "Actual Startup Time": 19948.842,
            "Actual Total Time": 19948.844,
            "Actual Rows": 1,
            "Actual Loops": 2,
            "Plans": [
              {
                "Node Type": "Merge Join",
                "Parent Relationship": "Outer",
                "Parallel Aware": false,
                "Join Type": "Inner",
                "Startup Cost": 328407.38,
                "Total Cost": 2737597.31,
                "Plan Rows": 7005428,
                "Plan Width": 0,
                "Actual Startup Time": 438.981,
                "Actual Total Time": 19616.267,
                "Actual Rows": 7259854,
                "Actual Loops": 2,
                "Inner Unique": false,
                "Merge Cond": "(t.id = mi.movie_id)",
                "Plans": [
                  {
                    "Node Type": "Merge Join",
                    "Parent Relationship": "Outer",
                    "Parallel Aware": false,
                    "Join Type": "Inner",
                    "Startup Cost": 43.7,
                    "Total Cost": 2270809.47,
                    "Plan Rows": 14050786,
                    "Plan Width": 8,
                    "Actual Startup Time": 0.187,
                    "Actual Total Time": 17413.914,
                    "Actual Rows": 12065349,
                    "Actual Loops": 2,
                    "Inner Unique": true,
                    "Merge Cond": "(ci.movie_id = t.id)",
                    "Plans": [
                      {
                        "Node Type": "Index Scan",
                        "Parent Relationship": "Outer",
                        "Parallel Aware": true,
                        "Scan Direction": "Forward",
                        "Index Name": "movie_id_cast_info",
                        "Relation Name": "cast_info",
                        "Alias": "ci",
                        "Startup Cost": 0.56,
                        "Total Cost": 1978621.64,
                        "Plan Rows": 14050786,
                        "Plan Width": 4,
                        "Actual Startup Time": 0.048,
                        "Actual Total Time": 14537.366,
                        "Actual Rows": 12065349,
                        "Actual Loops": 2,
                        "Filter": "(role_id < 4)",
                        "Rows Removed by Filter": 6056823
                      },
                      {
                        "Node Type": "Index Only Scan",
                        "Parent Relationship": "Inner",
                        "Parallel Aware": false,
                        "Scan Direction": "Forward",
                        "Index Name": "title_pkey",
                        "Relation Name": "title",
                        "Alias": "t",
                        "Startup Cost": 0.43,
                        "Total Cost": 110339.97,
                        "Plan Rows": 2528293,
                        "Plan Width": 4,
                        "Actual Startup Time": 0.077,
                        "Actual Total Time": 1525.884,
                        "Actual Rows": 2525960,
                        "Actual Loops": 2,
                        "Heap Fetches": 5051921
                      }
                    ]
                  },
                  {
                    "Node Type": "Sort",
                    "Parent Relationship": "Inner",
                    "Parallel Aware": false,
                    "Startup Cost": 328317.24,
                    "Total Cost": 331468.62,
                    "Plan Rows": 1260554,
                    "Plan Width": 4,
                    "Actual Startup Time": 438.276,
                    "Actual Total Time": 783.734,
                    "Actual Rows": 7967483,
                    "Actual Loops": 2,
                    "Sort Key": [
                      "mi.movie_id"
                    ],
                    "Sort Method": "quicksort",
                    "Sort Space Used": 109571,
                    "Sort Space Type": "Memory",
                    "Workers": [
                      {
                        "Worker Number": 0,
                        "Sort Method": "quicksort",
                        "Sort Space Used": 109571,
                        "Sort Space Type": "Memory"
                      }
                    ],
                    "Plans": [
                      {
                        "Node Type": "Bitmap Heap Scan",
                        "Parent Relationship": "Outer",
                        "Parallel Aware": false,
                        "Relation Name": "movie_info",
                        "Alias": "mi",
                        "Startup Cost": 22837.73,
                        "Total Cost": 200587.65,
                        "Plan Rows": 1260554,
                        "Plan Width": 4,
                        "Actual Startup Time": 51.514,
                        "Actual Total Time": 181.146,
                        "Actual Rows": 1288928,
                        "Actual Loops": 2,
                        "Recheck Cond": "(info_type_id = 2)",
                        "Rows Removed by Index Recheck": 0,
                        "Exact Heap Blocks": 8585,
                        "Lossy Heap Blocks": 0,
                        "Plans": [
                          {
                            "Node Type": "Bitmap Index Scan",
                            "Parent Relationship": "Outer",
                            "Parallel Aware": false,
                            "Index Name": "info_type_id_movie_info",
                            "Startup Cost": 0.0,
                            "Total Cost": 22522.59,
                            "Plan Rows": 1260554,
                            "Plan Width": 0,
                            "Actual Startup Time": 50.503,
                            "Actual Total Time": 50.503,
                            "Actual Rows": 1288928,
                            "Actual Loops": 2,
                            "Index Cond": "(info_type_id = 2)"
                          }
                        ]
                      }
                    ]
                  }
                ]
              }
            ]
          }
        ]
      }
    ]
  },
  "Planning Time": 0.628,
  "Triggers": [],
  "Execution Time": 20077.049
}