[
  {
    "Plan": {
      "Node Type": "Aggregate",
      "Strategy": "Plain",
      "Partial Mode": "Finalize",
      "Parallel Aware": false,
      "Startup Cost": 168593.35,
      "Total Cost": 168593.36,
      "Plan Rows": 1,
      "Plan Width": 8,
      "Actual Startup Time": 788.891,
      "Actual Total Time": 894.591,
      "Actual Rows": 1,
      "Actual Loops": 1,
      "Plans": [
        {
          "Node Type": "Gather",
          "Parent Relationship": "Outer",
          "Parallel Aware": false,
          "Startup Cost": 168593.03,
          "Total Cost": 168593.34,
          "Plan Rows": 3,
          "Plan Width": 8,
          "Actual Startup Time": 784.683,
          "Actual Total Time": 894.572,
          "Actual Rows": 4,
          "Actual Loops": 1,
          "Workers Planned": 3,
          "Workers Launched": 3,
          "Single Copy": false,
          "Plans": [
            {
              "Node Type": "Aggregate",
              "Strategy": "Plain",
              "Partial Mode": "Partial",
              "Parent Relationship": "Outer",
              "Parallel Aware": false,
              "Startup Cost": 167593.03,
              "Total Cost": 167593.04,
              "Plan Rows": 1,
              "Plan Width": 8,
              "Actual Startup Time": 775.609,
              "Actual Total Time": 775.617,
              "Actual Rows": 1,
              "Actual Loops": 4,
              "Plans": [
                {
                  "Node Type": "Nested Loop",
                  "Parent Relationship": "Outer",
                  "Parallel Aware": false,
                  "Join Type": "Inner",
                  "Startup Cost": 46890.85,
                  "Total Cost": 166949.04,
                  "Plan Rows": 257597,
                  "Plan Width": 0,
                  "Actual Startup Time": 264.547,
                  "Actual Total Time": 761.513,
                  "Actual Rows": 162560,
                  "Actual Loops": 4,
                  "Inner Unique": false,
                  "Plans": [
                    {
                      "Node Type": "Hash Join",
                      "Parent Relationship": "Outer",
                      "Parallel Aware": true,
                      "Join Type": "Inner",
                      "Startup Cost": 46890.29,
                      "Total Cost": 78569.26,
                      "Plan Rows": 17966,
                      "Plan Width": 8,
                      "Actual Startup Time": 264.35,
                      "Actual Total Time": 342.812,
                      "Actual Rows": 9550,
                      "Actual Loops": 4,
                      "Inner Unique": true,
                      "Hash Cond": "(mc.movie_id = t.id)",
                      "Plans": [
                        {
                          "Node Type": "Seq Scan",
                          "Parent Relationship": "Outer",
                          "Parallel Aware": true,
                          "Relation Name": "movie_companies",
                          "Alias": "mc",
                          "Startup Cost": 0.0,
                          "Total Cost": 31414.82,
                          "Plan Rows": 100631,
                          "Plan Width": 4,
                          "Actual Startup Time": 52.172,
                          "Actual Total Time": 98.67,
                          "Actual Rows": 42397,
                          "Actual Loops": 4,
                          "Filter": "((company_id < 707) AND (company_type_id > 1))",
                          "Rows Removed by Filter": 609885
                        },
                        {
                          "Node Type": "Hash",
                          "Parent Relationship": "Inner",
                          "Parallel Aware": true,
                          "Startup Cost": 45479.59,
                          "Total Cost": 45479.59,
                          "Plan Rows": 112856,
                          "Plan Width": 4,
                          "Actual Startup Time": 208.95,
                          "Actual Total Time": 208.952,
                          "Actual Rows": 86053,
                          "Actual Loops": 4,
                          "Hash Buckets": 524288,
                          "Original Hash Buckets": 524288,
                          "Hash Batches": 1,
                          "Original Hash Batches": 1,
                          "Peak Memory Usage": 17632,
                          "Plans": [
                            {
                              "Node Type": "Seq Scan",
                              "Parent Relationship": "Outer",
                              "Parallel Aware": true,
                              "Relation Name": "title",
                              "Alias": "t",
                              "Startup Cost": 0.0,
                              "Total Cost": 45479.59,
                              "Plan Rows": 112856,
                              "Plan Width": 4,
                              "Actual Startup Time": 0.058,
                              "Actual Total Time": 157.082,
                              "Actual Rows": 86053,
                              "Actual Loops": 4,
                              "Filter": "((production_year < 1993) AND (kind_id = 7))",
                              "Rows Removed by Filter": 546025
                            }
                          ]
                        }
                      ]
                    },
                    {
                      "Node Type": "Index Only Scan",
                      "Parent Relationship": "Inner",
                      "Parallel Aware": false,
                      "Scan Direction": "Forward",
                      "Index Name": "movie_id_cast_info",
                      "Relation Name": "cast_info",
                      "Alias": "ci",
                      "Startup Cost": 0.56,
                      "Total Cost": 4.57,
                      "Plan Rows": 35,
                      "Plan Width": 4,
                      "Actual Startup Time": 0.007,
                      "Actual Total Time": 0.041,
                      "Actual Rows": 17,
                      "Actual Loops": 38200,
                      "Index Cond": "(movie_id = t.id)",
                      "Rows Removed by Index Recheck": 0,
                      "Heap Fetches": 650238
                    }
                  ]
                }
              ]
            }
          ]
        }
      ]
    },
    "Planning Time": 1.025,
    "Triggers": [],
    "Execution Time": 894.706
  }
]