[
  {
    "Plan": {
      "Node Type": "Aggregate",
      "Strategy": "Plain",
      "Partial Mode": "Finalize",
      "Parallel Aware": false,
      "Startup Cost": 32809.09,
      "Total Cost": 32809.1,
      "Plan Rows": 1,
      "Plan Width": 8,
      "Actual Startup Time": 96.101,
      "Actual Total Time": 104.179,
      "Actual Rows": 1,
      "Actual Loops": 1,
      "Plans": [
        {
          "Node Type": "Gather",
          "Parent Relationship": "Outer",
          "Parallel Aware": false,
          "Startup Cost": 32808.77,
          "Total Cost": 32809.08,
          "Plan Rows": 3,
          "Plan Width": 8,
          "Actual Startup Time": 96.001,
          "Actual Total Time": 104.171,
          "Actual Rows": 4,
          "Actual Loops": 1,
          "Workers Planned": 3,
          "Workers Launched": 3,
          "Single Copy": false,
          "Plans": [
            {
              "Node Type": "Aggregate",
              "Strategy": "Plain",
              "Partial Mode": "Partial",
              "Parent Relationship": "Outer",
              "Parallel Aware": false,
              "Startup Cost": 31808.77,
              "Total Cost": 31808.78,
              "Plan Rows": 1,
              "Plan Width": 8,
              "Actual Startup Time": 87.752,
              "Actual Total Time": 87.753,
              "Actual Rows": 1,
              "Actual Loops": 4,
              "Plans": [
                {
                  "Node Type": "Seq Scan",
                  "Parent Relationship": "Outer",
                  "Parallel Aware": true,
                  "Relation Name": "movie_companies",
                  "Alias": "mc",
                  "Startup Cost": 0.0,
                  "Total Cost": 31414.82,
                  "Plan Rows": 157580,
                  "Plan Width": 0,
                  "Actual Startup Time": 50.398,
                  "Actual Total Time": 83.984,
                  "Actual Rows": 70455,
                  "Actual Loops": 4,
                  "Filter": "((company_id < 3813) AND (company_type_id > 1))",
                  "Rows Removed by Filter": 581828
                }
              ]
            }
          ]
        }
      ]
    },
    "Planning Time": 0.115,
    "Triggers": [],
    "Execution Time": 104.213
  }
]