[
  {
    "Plan": {
      "Node Type": "Aggregate",
      "Strategy": "Plain",
      "Partial Mode": "Finalize",
      "Parallel Aware": false,
      "Startup Cost": 31752.95,
      "Total Cost": 31752.96,
      "Plan Rows": 1,
      "Plan Width": 8,
      "Actual Startup Time": 113.499,
      "Actual Total Time": 122.069,
      "Actual Rows": 1,
      "Actual Loops": 1,
      "Plans": [
        {
          "Node Type": "Gather",
          "Parent Relationship": "Outer",
          "Parallel Aware": false,
          "Startup Cost": 31752.64,
          "Total Cost": 31752.95,
          "Plan Rows": 3,
          "Plan Width": 8,
          "Actual Startup Time": 113.365,
          "Actual Total Time": 122.06,
          "Actual Rows": 4,
          "Actual Loops": 1,
          "Workers Planned": 3,
          "Workers Launched": 3,
          "Single Copy": false,
          "Plans": [
            {
              "Node Type": "Aggregate",
              "Strategy": "Plain",
              "Partial Mode": "Partial",
              "Parent Relationship": "Outer",
              "Parallel Aware": false,
              "Startup Cost": 30752.64,
              "Total Cost": 30752.65,
              "Plan Rows": 1,
              "Plan Width": 8,
              "Actual Startup Time": 104.959,
              "Actual Total Time": 104.961,
              "Actual Rows": 1,
              "Actual Loops": 4,
              "Plans": [
                {
                  "Node Type": "Seq Scan",
                  "Parent Relationship": "Outer",
                  "Parallel Aware": true,
                  "Relation Name": "movie_companies",
                  "Alias": "mc",
                  "Startup Cost": 0.0,
                  "Total Cost": 29310.68,
                  "Plan Rows": 576782,
                  "Plan Width": 0,
                  "Actual Startup Time": 0.045,
                  "Actual Total Time": 81.762,
                  "Actual Rows": 443610,
                  "Actual Loops": 4,
                  "Filter": "(company_id < 26831)",
                  "Rows Removed by Filter": 208673
                }
              ]
            }
          ]
        }
      ]
    },
    "Planning Time": 0.18,
    "Triggers": [],
    "Execution Time": 122.12
  }
]