[
  {
    "Plan": {
      "Node Type": "Aggregate",
      "Strategy": "Plain",
      "Partial Mode": "Finalize",
      "Parallel Aware": false,
      "Startup Cost": 47143.36,
      "Total Cost": 47143.37,
      "Plan Rows": 1,
      "Plan Width": 8,
      "Actual Startup Time": 186.582,
      "Actual Total Time": 196.195,
      "Actual Rows": 1,
      "Actual Loops": 1,
      "Plans": [
        {
          "Node Type": "Gather",
          "Parent Relationship": "Outer",
          "Parallel Aware": false,
          "Startup Cost": 47143.04,
          "Total Cost": 47143.35,
          "Plan Rows": 3,
          "Plan Width": 8,
          "Actual Startup Time": 186.469,
          "Actual Total Time": 196.184,
          "Actual Rows": 4,
          "Actual Loops": 1,
          "Workers Planned": 3,
          "Workers Launched": 3,
          "Single Copy": false,
          "Plans": [
            {
              "Node Type": "Aggregate",
              "Strategy": "Plain",
              "Partial Mode": "Partial",
              "Parent Relationship": "Outer",
              "Parallel Aware": false,
              "Startup Cost": 46143.04,
              "Total Cost": 46143.05,
              "Plan Rows": 1,
              "Plan Width": 8,
              "Actual Startup Time": 179.017,
              "Actual Total Time": 179.018,
              "Actual Rows": 1,
              "Actual Loops": 4,
              "Plans": [
                {
                  "Node Type": "Seq Scan",
                  "Parent Relationship": "Outer",
                  "Parallel Aware": true,
                  "Relation Name": "movie_keyword",
                  "Alias": "mk",
                  "Startup Cost": 0.0,
                  "Total Cost": 42695.65,
                  "Plan Rows": 1378954,
                  "Plan Width": 0,
                  "Actual Startup Time": 0.074,
                  "Actual Total Time": 128.846,
                  "Actual Rows": 1070381,
                  "Actual Loops": 4,
                  "Filter": "(keyword_id > 196)",
                  "Rows Removed by Filter": 60602
                }
              ]
            }
          ]
        }
      ]
    },
    "Planning Time": 0.197,
    "Triggers": [],
    "Execution Time": 196.254
  }
]