{
  "Plan": {
    "Node Type": "Aggregate",
    "Strategy": "Plain",
    "Partial Mode": "Finalize",
    "Parallel Aware": false,
    "Startup Cost": 109566.3,
    "Total Cost": 109566.31,
    "Plan Rows": 1,
    "Plan Width": 8,
    "Actual Startup Time": 378.909,
    "Actual Total Time": 392.059,
    "Actual Rows": 1,
    "Actual Loops": 1,
    "Plans": [
      {
        "Node Type": "Gather",
        "Parent Relationship": "Outer",
        "Parallel Aware": false,
        "Startup Cost": 109566.19,
        "Total Cost": 109566.3,
        "Plan Rows": 1,
        "Plan Width": 8,
        "Actual Startup Time": 378.122,
        "Actual Total Time": 392.052,
        "Actual Rows": 2,
        "Actual Loops": 1,
        "Workers Planned": 1,
        "Workers Launched": 1,
        "Single Copy": false,
        "Plans": [
          {
            "Node Type": "Aggregate",
            "Strategy": "Plain",
            "Partial Mode": "Partial",
            "Parent Relationship": "Outer",
            "Parallel Aware": false,
            "Startup Cost": 108566.19,
            "Total Cost": 108566.2,
            "Plan Rows": 1,
            "Plan Width": 8,
            "Actual Startup Time": 372.127,
            "Actual Total Time": 372.13,
            "Actual Rows": 1,
            "Actual Loops": 2,
            "Plans": [
              {
                "Node Type": "Hash Join",
                "Parent Relationship": "Outer",
                "Parallel Aware": true,
                "Join Type": "Inner",
                "Startup Cost": 77096.32,
                "Total Cost": 108418.74,
                "Plan Rows": 58980,
                "Plan Width": 0,
                "Actual Startup Time": 228.234,
                "Actual Total Time": 371.609,
                "Actual Rows": 8108,
                "Actual Loops": 2,
                "Inner Unique": true,
                "Hash Cond": "(mk.movie_id = t.id)",
                "Plans": [
                  {
                    "Node Type": "Bitmap Heap Scan",
                    "Parent Relationship": "Outer",
                    "Parallel Aware": true,
                    "Relation Name": "movie_keyword",
                    "Alias": "mk",
                    "Startup Cost": 16375.33,
                    "Total Cost": 46505.71,
                    "Plan Rows": 454110,
                    "Plan Width": 4,
                    "Actual Startup Time": 40.779,
                    "Actual Total Time": 121.625,
                    "Actual Rows": 392234,
                    "Actual Loops": 2,
                    "Recheck Cond": "(keyword_id < 750)",
                    "Rows Removed by Index Recheck": 0,
                    "Exact Heap Blocks": 13687,
                    "Lossy Heap Blocks": 0,
                    "Plans": [
                      {
                        "Node Type": "Bitmap Index Scan",
                        "Parent Relationship": "Outer",
                        "Parallel Aware": false,
                        "Index Name": "keyword_id_movie_keyword",
                        "Startup Cost": 0.0,
                        "Total Cost": 16182.34,
                        "Plan Rows": 771987,
                        "Plan Width": 0,
                        "Actual Startup Time": 37.165,
                        "Actual Total Time": 37.166,
                        "Actual Rows": 784468,
                        "Actual Loops": 1,
                        "Index Cond": "(keyword_id < 750)"
                      }
                    ]
                  },
                  {
                    "Node Type": "Hash",
                    "Parent Relationship": "Inner",
                    "Parallel Aware": true,
                    "Startup Cost": 58306.47,
                    "Total Cost": 58306.47,
                    "Plan Rows": 193162,
                    "Plan Width": 4,
                    "Actual Startup Time": 181.419,
                    "Actual Total Time": 181.42,
                    "Actual Rows": 175458,
                    "Actual Loops": 2,
                    "Hash Buckets": 524288,
                    "Original Hash Buckets": 524288,
                    "Hash Batches": 1,
                    "Original Hash Batches": 1,
                    "Peak Memory Usage": 17856,
                    "Plans": [
                      {
                        "Node Type": "Seq Scan",
                        "Parent Relationship": "Outer",
                        "Parallel Aware": true,
                        "Relation Name": "title",
                        "Alias": "t",
                        "Startup Cost": 0.0,
                        "Total Cost": 58306.47,
                        "Plan Rows": 193162,
                        "Plan Width": 4,
                        "Actual Startup Time": 0.031,
                        "Actual Total Time": 138.432,
                        "Actual Rows": 175458,
                        "Actual Loops": 2,
                        "Filter": "((kind_id > 4) AND (production_year > 2009))",
                        "Rows Removed by Filter": 1088698
                      }
                    ]
                  }
                ]
              }
            ]
          }
        ]
      }
    ]
  },
  "Planning Time": 0.78,
  "Triggers": [],
  "Execution Time": 392.151
}