{
  "Plan": {
    "Node Type": "Aggregate",
    "Strategy": "Plain",
    "Partial Mode": "Finalize",
    "Parallel Aware": false,
    "Startup Cost": 377719.64,
    "Total Cost": 377719.65,
    "Plan Rows": 1,
    "Plan Width": 8,
    "Actual Startup Time": 1082.61,
    "Actual Total Time": 1100.49,
    "Actual Rows": 1,
    "Actual Loops": 1,
    "Plans": [
      {
        "Node Type": "Gather",
        "Parent Relationship": "Outer",
        "Parallel Aware": false,
        "Startup Cost": 377719.53,
        "Total Cost": 377719.64,
        "Plan Rows": 1,
        "Plan Width": 8,
        "Actual Startup Time": 1079.325,
        "Actual Total Time": 1100.482,
        "Actual Rows": 2,
        "Actual Loops": 1,
        "Workers Planned": 1,
        "Workers Launched": 1,
        "Single Copy": false,
        "Plans": [
          {
            "Node Type": "Aggregate",
            "Strategy": "Plain",
            "Partial Mode": "Partial",
            "Parent Relationship": "Outer",
            "Parallel Aware": false,
            "Startup Cost": 376719.53,
            "Total Cost": 376719.54,
            "Plan Rows": 1,
            "Plan Width": 8,
            "Actual Startup Time": 1072.21,
            "Actual Total Time": 1072.214,
            "Actual Rows": 1,
            "Actual Loops": 2,
            "Plans": [
              {
                "Node Type": "Hash Join",
                "Parent Relationship": "Outer",
                "Parallel Aware": true,
                "Join Type": "Inner",
                "Startup Cost": 106600.22,
                "Total Cost": 374246.86,
                "Plan Rows": 989067,
                "Plan Width": 0,
                "Actual Startup Time": 584.363,
                "Actual Total Time": 1037.641,
                "Actual Rows": 816290,
                "Actual Loops": 2,
                "Inner Unique": true,
                "Hash Cond": "(ci.movie_id = t.id)",
                "Plans": [
                  {
                    "Node Type": "Bitmap Heap Scan",
                    "Parent Relationship": "Outer",
                    "Parallel Aware": true,
                    "Relation Name": "cast_info",
                    "Alias": "ci",
                    "Startup Cost": 37139.52,
                    "Total Cost": 302189.86,
                    "Plan Rows": 989067,
                    "Plan Width": 4,
                    "Actual Startup Time": 56.006,
                    "Actual Total Time": 150.977,
                    "Actual Rows": 816290,
                    "Actual Loops": 2,
                    "Recheck Cond": "(person_id > 3738613)",
                    "Rows Removed by Index Recheck": 0,
                    "Exact Heap Blocks": 11751,
                    "Lossy Heap Blocks": 0,
                    "Plans": [
                      {
                        "Node Type": "Bitmap Index Scan",
                        "Parent Relationship": "Outer",
                        "Parallel Aware": false,
                        "Index Name": "person_id_cast_info",
                        "Startup Cost": 0.0,
                        "Total Cost": 36719.17,
                        "Plan Rows": 1681414,
                        "Plan Width": 0,
                        "Actual Startup Time": 52.53,
                        "Actual Total Time": 52.531,
                        "Actual Rows": 1632579,
                        "Actual Loops": 1,
                        "Index Cond": "(person_id > 3738613)"
                      }
                    ]
                  },
                  {
                    "Node Type": "Hash",
                    "Parent Relationship": "Inner",
                    "Parallel Aware": true,
                    "Startup Cost": 50870.31,
                    "Total Cost": 50870.31,
                    "Plan Rows": 1487231,
                    "Plan Width": 4,
                    "Actual Startup Time": 513.433,
                    "Actual Total Time": 513.434,
                    "Actual Rows": 1264156,
                    "Actual Loops": 2,
                    "Hash Buckets": 4194304,
                    "Original Hash Buckets": 4194304,
                    "Hash Batches": 1,
                    "Original Hash Batches": 1,
                    "Peak Memory Usage": 131680,
                    "Plans": [
                      {
                        "Node Type": "Seq Scan",
                        "Parent Relationship": "Outer",
                        "Parallel Aware": true,
                        "Relation Name": "title",
                        "Alias": "t",
                        "Startup Cost": 0.0,
                        "Total Cost": 50870.31,
                        "Plan Rows": 1487231,
                        "Plan Width": 4,
                        "Actual Startup Time": 0.023,
                        "Actual Total Time": 153.118,
                        "Actual Rows": 1264156,
                        "Actual Loops": 2
                      }
                    ]
                  }
                ]
              }
            ]
          }
        ]
      }
    ]
  },
  "Planning Time": 0.354,
  "Triggers": [],
  "Execution Time": 1100.547
}