[
  {
    "Plan": {
      "Node Type": "Aggregate",
      "Strategy": "Plain",
      "Partial Mode": "Finalize",
      "Parallel Aware": false,
      "Startup Cost": 204476.0,
      "Total Cost": 204476.01,
      "Plan Rows": 1,
      "Plan Width": 8,
      "Actual Startup Time": 312.388,
      "Actual Total Time": 334.556,
      "Actual Rows": 1,
      "Actual Loops": 1,
      "Plans": [
        {
          "Node Type": "Gather",
          "Parent Relationship": "Outer",
          "Parallel Aware": false,
          "Startup Cost": 204475.37,
          "Total Cost": 204475.98,
          "Plan Rows": 6,
          "Plan Width": 8,
          "Actual Startup Time": 312.259,
          "Actual Total Time": 334.542,
          "Actual Rows": 7,
          "Actual Loops": 1,
          "Workers Planned": 6,
          "Workers Launched": 6,
          "Single Copy": false,
          "Plans": [
            {
              "Node Type": "Aggregate",
              "Strategy": "Plain",
              "Partial Mode": "Partial",
              "Parent Relationship": "Outer",
              "Parallel Aware": false,
              "Startup Cost": 203475.37,
              "Total Cost": 203475.38,
              "Plan Rows": 1,
              "Plan Width": 8,
              "Actual Startup Time": 307.119,
              "Actual Total Time": 307.12,
              "Actual Rows": 1,
              "Actual Loops": 7,
              "Plans": [
                {
                  "Node Type": "Index Scan",
                  "Parent Relationship": "Outer",
                  "Parallel Aware": true,
                  "Scan Direction": "Forward",
                  "Index Name": "role_id_cast_info",
                  "Relation Name": "cast_info",
                  "Alias": "ci",
                  "Startup Cost": 0.56,
                  "Total Cost": 201884.69,
                  "Plan Rows": 636273,
                  "Plan Width": 0,
                  "Actual Startup Time": 17.472,
                  "Actual Total Time": 255.532,
                  "Actual Rows": 1013291,
                  "Actual Loops": 7,
                  "Index Cond": "(role_id = 2)",
                  "Rows Removed by Index Recheck": 0,
                  "Filter": "(person_id > 1784488)",
                  "Rows Removed by Filter": 51277
                }
              ]
            }
          ]
        }
      ]
    },
    "Planning Time": 0.219,
    "Triggers": [],
    "Execution Time": 334.618
  }
]