[
  {
    "Plan": {
      "Node Type": "Aggregate",
      "Strategy": "Plain",
      "Partial Mode": "Finalize",
      "Parallel Aware": false,
      "Startup Cost": 50351.15,
      "Total Cost": 50351.16,
      "Plan Rows": 1,
      "Plan Width": 8,
      "Actual Startup Time": 88.098,
      "Actual Total Time": 101.402,
      "Actual Rows": 1,
      "Actual Loops": 1,
      "Plans": [
        {
          "Node Type": "Gather",
          "Parent Relationship": "Outer",
          "Parallel Aware": false,
          "Startup Cost": 50350.73,
          "Total Cost": 50351.14,
          "Plan Rows": 4,
          "Plan Width": 8,
          "Actual Startup Time": 87.938,
          "Actual Total Time": 101.395,
          "Actual Rows": 5,
          "Actual Loops": 1,
          "Workers Planned": 4,
          "Workers Launched": 4,
          "Single Copy": false,
          "Plans": [
            {
              "Node Type": "Aggregate",
              "Strategy": "Plain",
              "Partial Mode": "Partial",
              "Parent Relationship": "Outer",
              "Parallel Aware": false,
              "Startup Cost": 49350.73,
              "Total Cost": 49350.74,
              "Plan Rows": 1,
              "Plan Width": 8,
              "Actual Startup Time": 82.466,
              "Actual Total Time": 82.469,
              "Actual Rows": 1,
              "Actual Loops": 5,
              "Plans": [
                {
                  "Node Type": "Nested Loop",
                  "Parent Relationship": "Outer",
                  "Parallel Aware": false,
                  "Join Type": "Inner",
                  "Startup Cost": 0.43,
                  "Total Cost": 49350.03,
                  "Plan Rows": 282,
                  "Plan Width": 0,
                  "Actual Startup Time": 49.797,
                  "Actual Total Time": 82.397,
                  "Actual Rows": 760,
                  "Actual Loops": 5,
                  "Inner Unique": false,
                  "Plans": [
                    {
                      "Node Type": "Seq Scan",
                      "Parent Relationship": "Outer",
                      "Parallel Aware": true,
                      "Relation Name": "title",
                      "Alias": "t",
                      "Startup Cost": 0.0,
                      "Total Cost": 45479.59,
                      "Plan Rows": 517,
                      "Plan Width": 4,
                      "Actual Startup Time": 49.523,
                      "Actual Total Time": 76.486,
                      "Actual Rows": 610,
                      "Actual Loops": 5,
                      "Filter": "((kind_id < 2) AND (production_year = 1957))",
                      "Rows Removed by Filter": 505052
                    },
                    {
                      "Node Type": "Index Only Scan",
                      "Parent Relationship": "Inner",
                      "Parallel Aware": false,
                      "Scan Direction": "Forward",
                      "Index Name": "movie_id_movie_info_idx",
                      "Relation Name": "movie_info_idx",
                      "Alias": "mi_idx",
                      "Startup Cost": 0.43,
                      "Total Cost": 7.46,
                      "Plan Rows": 3,
                      "Plan Width": 4,
                      "Actual Startup Time": 0.009,
                      "Actual Total Time": 0.009,
                      "Actual Rows": 1,
                      "Actual Loops": 3050,
                      "Index Cond": "(movie_id = t.id)",
                      "Rows Removed by Index Recheck": 0,
                      "Heap Fetches": 3801
                    }
                  ]
                }
              ]
            }
          ]
        }
      ]
    },
    "Planning Time": 0.265,
    "Triggers": [],
    "Execution Time": 101.439
  }
]