[
    {
        "Bao": {
            "Bao prediction": 519.278,
            "Bao recommended hint": "(no hint)"
        }
    },
    {
        "Plan": {
            "Node Type": "Aggregate",
            "Strategy": "Plain",
            "Partial Mode": "Finalize",
            "Parallel Aware": false,
            "Startup Cost": 342384.48,
            "Total Cost": 342384.49,
            "Plan Rows": 1,
            "Plan Width": 8,
            "Actual Startup Time": 1113.298,
            "Actual Total Time": 1148.94,
            "Actual Rows": 1,
            "Actual Loops": 1,
            "Output": [
                "count(*)"
            ],
            "Plans": [
                {
                    "Node Type": "Gather",
                    "Parent Relationship": "Outer",
                    "Parallel Aware": false,
                    "Startup Cost": 342383.85,
                    "Total Cost": 342384.46,
                    "Plan Rows": 6,
                    "Plan Width": 8,
                    "Actual Startup Time": 1113.186,
                    "Actual Total Time": 1148.931,
                    "Actual Rows": 7,
                    "Actual Loops": 1,
                    "Output": [
                        "(PARTIAL count(*))"
                    ],
                    "Workers Planned": 6,
                    "Workers Launched": 6,
                    "Single Copy": false,
                    "Plans": [
                        {
                            "Node Type": "Aggregate",
                            "Strategy": "Plain",
                            "Partial Mode": "Partial",
                            "Parent Relationship": "Outer",
                            "Parallel Aware": false,
                            "Startup Cost": 341383.85,
                            "Total Cost": 341383.86,
                            "Plan Rows": 1,
                            "Plan Width": 8,
                            "Actual Startup Time": 1103.759,
                            "Actual Total Time": 1103.76,
                            "Actual Rows": 1,
                            "Actual Loops": 7,
                            "Output": [
                                "PARTIAL count(*)"
                            ],
                            "Workers": [
                                {
                                    "Worker Number": 0,
                                    "Actual Startup Time": 1102.092,
                                    "Actual Total Time": 1102.093,
                                    "Actual Rows": 1,
                                    "Actual Loops": 1
                                },
                                {
                                    "Worker Number": 1,
                                    "Actual Startup Time": 1102.298,
                                    "Actual Total Time": 1102.3,
                                    "Actual Rows": 1,
                                    "Actual Loops": 1
                                },
                                {
                                    "Worker Number": 2,
                                    "Actual Startup Time": 1102.302,
                                    "Actual Total Time": 1102.303,
                                    "Actual Rows": 1,
                                    "Actual Loops": 1
                                },
                                {
                                    "Worker Number": 3,
                                    "Actual Startup Time": 1102.313,
                                    "Actual Total Time": 1102.314,
                                    "Actual Rows": 1,
                                    "Actual Loops": 1
                                },
                                {
                                    "Worker Number": 4,
                                    "Actual Startup Time": 1102.327,
                                    "Actual Total Time": 1102.328,
                                    "Actual Rows": 1,
                                    "Actual Loops": 1
                                },
                                {
                                    "Worker Number": 5,
                                    "Actual Startup Time": 1102.624,
                                    "Actual Total Time": 1102.625,
                                    "Actual Rows": 1,
                                    "Actual Loops": 1
                                }
                            ],
                            "Plans": [
                                {
                                    "Node Type": "Seq Scan",
                                    "Parent Relationship": "Outer",
                                    "Parallel Aware": true,
                                    "Relation Name": "cast_info",
                                    "Schema": "public",
                                    "Alias": "ci",
                                    "Startup Cost": 0.0,
                                    "Total Cost": 328213.62,
                                    "Plan Rows": 5268094,
                                    "Plan Width": 0,
                                    "Actual Startup Time": 71.35,
                                    "Actual Total Time": 810.408,
                                    "Actual Rows": 4501505,
                                    "Actual Loops": 7,
                                    "Output": [
                                        "id",
                                        "person_id",
                                        "movie_id",
                                        "person_role_id",
                                        "note",
                                        "nr_order",
                                        "role_id"
                                    ],
                                    "Filter": "(ci.person_id > 459162)",
                                    "Rows Removed by Filter": 676259,
                                    "Workers": [
                                        {
                                            "Worker Number": 0,
                                            "Actual Startup Time": 69.67,
                                            "Actual Total Time": 812.927,
                                            "Actual Rows": 4405761,
                                            "Actual Loops": 1
                                        },
                                        {
                                            "Worker Number": 1,
                                            "Actual Startup Time": 69.922,
                                            "Actual Total Time": 812.167,
                                            "Actual Rows": 4417465,
                                            "Actual Loops": 1
                                        },
                                        {
                                            "Worker Number": 2,
                                            "Actual Startup Time": 69.92,
                                            "Actual Total Time": 812.06,
                                            "Actual Rows": 4417372,
                                            "Actual Loops": 1
                                        },
                                        {
                                            "Worker Number": 3,
                                            "Actual Startup Time": 69.929,
                                            "Actual Total Time": 813.056,
                                            "Actual Rows": 4407393,
                                            "Actual Loops": 1
                                        },
                                        {
                                            "Worker Number": 4,
                                            "Actual Startup Time": 69.883,
                                            "Actual Total Time": 816.001,
                                            "Actual Rows": 4106931,
                                            "Actual Loops": 1
                                        },
                                        {
                                            "Worker Number": 5,
                                            "Actual Startup Time": 70.198,
                                            "Actual Total Time": 816.808,
                                            "Actual Rows": 4344242,
                                            "Actual Loops": 1
                                        }
                                    ]
                                }
                            ]
                        }
                    ]
                }
            ]
        },
        "Planning Time": 2666.675,
        "Triggers": [],
        "Execution Time": 1149.036
    }
]