[
  {
    "Plan": {
      "Node Type": "Aggregate",
      "Strategy": "Plain",
      "Partial Mode": "Finalize",
      "Parallel Aware": false,
      "Startup Cost": 33451.88,
      "Total Cost": 33451.89,
      "Plan Rows": 1,
      "Plan Width": 8,
      "Actual Startup Time": 99.25,
      "Actual Total Time": 107.173,
      "Actual Rows": 1,
      "Actual Loops": 1,
      "Plans": [
        {
          "Node Type": "Gather",
          "Parent Relationship": "Outer",
          "Parallel Aware": false,
          "Startup Cost": 33451.57,
          "Total Cost": 33451.88,
          "Plan Rows": 3,
          "Plan Width": 8,
          "Actual Startup Time": 99.134,
          "Actual Total Time": 107.165,
          "Actual Rows": 4,
          "Actual Loops": 1,
          "Workers Planned": 3,
          "Workers Launched": 3,
          "Single Copy": false,
          "Plans": [
            {
              "Node Type": "Aggregate",
              "Strategy": "Plain",
              "Partial Mode": "Partial",
              "Parent Relationship": "Outer",
              "Parallel Aware": false,
              "Startup Cost": 32451.57,
              "Total Cost": 32451.58,
              "Plan Rows": 1,
              "Plan Width": 8,
              "Actual Startup Time": 93.674,
              "Actual Total Time": 93.675,
              "Actual Rows": 1,
              "Actual Loops": 4,
              "Plans": [
                {
                  "Node Type": "Seq Scan",
                  "Parent Relationship": "Outer",
                  "Parallel Aware": true,
                  "Relation Name": "movie_companies",
                  "Alias": "mc",
                  "Startup Cost": 0.0,
                  "Total Cost": 31414.82,
                  "Plan Rows": 414699,
                  "Plan Width": 0,
                  "Actual Startup Time": 44.994,
                  "Actual Total Time": 81.631,
                  "Actual Rows": 315239,
                  "Actual Loops": 4,
                  "Filter": "((company_id < 173976) AND (company_type_id > 1))",
                  "Rows Removed by Filter": 337043
                }
              ]
            }
          ]
        }
      ]
    },
    "Planning Time": 0.224,
    "Triggers": [],
    "Execution Time": 107.233
  }
]