[
  {
    "Plan": {
      "Node Type": "Aggregate",
      "Strategy": "Plain",
      "Partial Mode": "Finalize",
      "Parallel Aware": false,
      "Startup Cost": 96183.78,
      "Total Cost": 96183.79,
      "Plan Rows": 1,
      "Plan Width": 8,
      "Actual Startup Time": 474.144,
      "Actual Total Time": 490.935,
      "Actual Rows": 1,
      "Actual Loops": 1,
      "Plans": [
        {
          "Node Type": "Gather",
          "Parent Relationship": "Outer",
          "Parallel Aware": false,
          "Startup Cost": 96183.47,
          "Total Cost": 96183.78,
          "Plan Rows": 3,
          "Plan Width": 8,
          "Actual Startup Time": 466.626,
          "Actual Total Time": 490.927,
          "Actual Rows": 4,
          "Actual Loops": 1,
          "Workers Planned": 3,
          "Workers Launched": 3,
          "Single Copy": false,
          "Plans": [
            {
              "Node Type": "Aggregate",
              "Strategy": "Plain",
              "Partial Mode": "Partial",
              "Parent Relationship": "Outer",
              "Parallel Aware": false,
              "Startup Cost": 95183.47,
              "Total Cost": 95183.48,
              "Plan Rows": 1,
              "Plan Width": 8,
              "Actual Startup Time": 454.211,
              "Actual Total Time": 454.213,
              "Actual Rows": 1,
              "Actual Loops": 4,
              "Plans": [
                {
                  "Node Type": "Hash Join",
                  "Parent Relationship": "Outer",
                  "Parallel Aware": true,
                  "Join Type": "Inner",
                  "Startup Cost": 50427.45,
                  "Total Cost": 94413.67,
                  "Plan Rows": 307918,
                  "Plan Width": 0,
                  "Actual Startup Time": 275.489,
                  "Actual Total Time": 448.133,
                  "Actual Rows": 132337,
                  "Actual Loops": 4,
                  "Inner Unique": true,
                  "Hash Cond": "(mk.movie_id = t.id)",
                  "Plans": [
                    {
                      "Node Type": "Seq Scan",
                      "Parent Relationship": "Outer",
                      "Parallel Aware": true,
                      "Relation Name": "movie_keyword",
                      "Alias": "mk",
                      "Startup Cost": 0.0,
                      "Total Cost": 42695.65,
                      "Plan Rows": 491645,
                      "Plan Width": 4,
                      "Actual Startup Time": 0.029,
                      "Actual Total Time": 102.273,
                      "Actual Rows": 385235,
                      "Actual Loops": 4,
                      "Filter": "(keyword_id < 2273)",
                      "Rows Removed by Filter": 745748
                    },
                    {
                      "Node Type": "Hash",
                      "Parent Relationship": "Inner",
                      "Parallel Aware": true,
                      "Startup Cost": 45479.1,
                      "Total Cost": 45479.1,
                      "Plan Rows": 395868,
                      "Plan Width": 4,
                      "Actual Startup Time": 267.565,
                      "Actual Total Time": 267.566,
                      "Actual Rows": 422552,
                      "Actual Loops": 4,
                      "Hash Buckets": 2097152,
                      "Original Hash Buckets": 2097152,
                      "Hash Batches": 1,
                      "Original Hash Batches": 1,
                      "Peak Memory Usage": 82560,
                      "Plans": [
                        {
                          "Node Type": "Seq Scan",
                          "Parent Relationship": "Outer",
                          "Parallel Aware": true,
                          "Relation Name": "title",
                          "Alias": "t",
                          "Startup Cost": 0.0,
                          "Total Cost": 45479.1,
                          "Plan Rows": 395868,
                          "Plan Width": 4,
                          "Actual Startup Time": 0.041,
                          "Actual Total Time": 115.093,
                          "Actual Rows": 422552,
                          "Actual Loops": 4,
                          "Filter": "((kind_id > 1) AND (production_year > 1966))",
                          "Rows Removed by Filter": 209526
                        }
                      ]
                    }
                  ]
                }
              ]
            }
          ]
        }
      ]
    },
    "Planning Time": 0.593,
    "Triggers": [],
    "Execution Time": 490.998
  }
]