[
    {
        "Bao": {
            "Bao prediction": "NaN",
            "Bao recommended hint": "(no hint)"
        }
    },
    {
        "Plan": {
            "Node Type": "Aggregate",
            "Strategy": "Plain",
            "Partial Mode": "Simple",
            "Parallel Aware": false,
            "Startup Cost": 3253.44,
            "Total Cost": 3253.45,
            "Plan Rows": 1,
            "Plan Width": 8,
            "Actual Startup Time": 22.006,
            "Actual Total Time": 22.008,
            "Actual Rows": 1,
            "Actual Loops": 1,
            "Output": [
                "count(*)"
            ],
            "Plans": [
                {
                    "Node Type": "Nested Loop",
                    "Parent Relationship": "Outer",
                    "Parallel Aware": false,
                    "Join Type": "Inner",
                    "Startup Cost": 7.32,
                    "Total Cost": 3252.3,
                    "Plan Rows": 454,
                    "Plan Width": 0,
                    "Actual Startup Time": 0.981,
                    "Actual Total Time": 21.787,
                    "Actual Rows": 4154,
                    "Actual Loops": 1,
                    "Inner Unique": false,
                    "Plans": [
                        {
                            "Node Type": "Nested Loop",
                            "Parent Relationship": "Outer",
                            "Parallel Aware": false,
                            "Join Type": "Inner",
                            "Startup Cost": 6.75,
                            "Total Cost": 2958.5,
                            "Plan Rows": 94,
                            "Plan Width": 8,
                            "Actual Startup Time": 0.925,
                            "Actual Total Time": 6.819,
                            "Actual Rows": 190,
                            "Actual Loops": 1,
                            "Output": [
                                "t.id",
                                "mk.movie_id"
                            ],
                            "Inner Unique": true,
                            "Plans": [
                                {
                                    "Node Type": "Bitmap Heap Scan",
                                    "Parent Relationship": "Outer",
                                    "Parallel Aware": false,
                                    "Relation Name": "movie_keyword",
                                    "Schema": "public",
                                    "Alias": "mk",
                                    "Startup Cost": 6.32,
                                    "Total Cost": 908.7,
                                    "Plan Rows": 244,
                                    "Plan Width": 4,
                                    "Actual Startup Time": 0.773,
                                    "Actual Total Time": 2.212,
                                    "Actual Rows": 1039,
                                    "Actual Loops": 1,
                                    "Output": [
                                        "mk.id",
                                        "mk.movie_id",
                                        "mk.keyword_id"
                                    ],
                                    "Recheck Cond": "(mk.keyword_id = 6848)",
                                    "Rows Removed by Index Recheck": 0,
                                    "Exact Heap Blocks": 973,
                                    "Lossy Heap Blocks": 0,
                                    "Plans": [
                                        {
                                            "Node Type": "Bitmap Index Scan",
                                            "Parent Relationship": "Outer",
                                            "Parallel Aware": false,
                                            "Index Name": "keyword_id_movie_keyword",
                                            "Startup Cost": 0.0,
                                            "Total Cost": 6.26,
                                            "Plan Rows": 244,
                                            "Plan Width": 0,
                                            "Actual Startup Time": 0.5,
                                            "Actual Total Time": 0.501,
                                            "Actual Rows": 1039,
                                            "Actual Loops": 1,
                                            "Index Cond": "(mk.keyword_id = 6848)"
                                        }
                                    ]
                                },
                                {
                                    "Node Type": "Index Scan",
                                    "Parent Relationship": "Inner",
                                    "Parallel Aware": false,
                                    "Scan Direction": "Forward",
                                    "Index Name": "title_pkey",
                                    "Relation Name": "title",
                                    "Schema": "public",
                                    "Alias": "t",
                                    "Startup Cost": 0.43,
                                    "Total Cost": 8.4,
                                    "Plan Rows": 1,
                                    "Plan Width": 4,
                                    "Actual Startup Time": 0.004,
                                    "Actual Total Time": 0.004,
                                    "Actual Rows": 0,
                                    "Actual Loops": 1039,
                                    "Output": [
                                        "t.id",
                                        "t.title",
                                        "t.imdb_index",
                                        "t.kind_id",
                                        "t.production_year",
                                        "t.imdb_id",
                                        "t.phonetic_code",
                                        "t.episode_of_id",
                                        "t.season_nr",
                                        "t.episode_nr",
                                        "t.series_years",
                                        "t.md5sum"
                                    ],
                                    "Index Cond": "(t.id = mk.movie_id)",
                                    "Rows Removed by Index Recheck": 0,
                                    "Filter": "(t.production_year < 1999)",
                                    "Rows Removed by Filter": 1
                                }
                            ]
                        },
                        {
                            "Node Type": "Index Scan",
                            "Parent Relationship": "Inner",
                            "Parallel Aware": false,
                            "Scan Direction": "Forward",
                            "Index Name": "movie_id_cast_info",
                            "Relation Name": "cast_info",
                            "Schema": "public",
                            "Alias": "ci",
                            "Startup Cost": 0.56,
                            "Total Cost": 3.0,
                            "Plan Rows": 13,
                            "Plan Width": 4,
                            "Actual Startup Time": 0.046,
                            "Actual Total Time": 0.077,
                            "Actual Rows": 22,
                            "Actual Loops": 190,
                            "Output": [
                                "ci.id",
                                "ci.person_id",
                                "ci.movie_id",
                                "ci.person_role_id",
                                "ci.note",
                                "ci.nr_order",
                                "ci.role_id"
                            ],
                            "Index Cond": "(ci.movie_id = t.id)",
                            "Rows Removed by Index Recheck": 0,
                            "Filter": "((ci.person_id > 855669) AND (ci.role_id > 2))",
                            "Rows Removed by Filter": 35
                        }
                    ]
                }
            ]
        },
        "Planning Time": 201.076,
        "Triggers": [],
        "Execution Time": 22.12
    }
]