[
    {
        "Bao": {
            "Bao prediction": "NaN",
            "Bao recommended hint": "(no hint)"
        }
    },
    {
        "Plan": {
            "Node Type": "Aggregate",
            "Strategy": "Plain",
            "Partial Mode": "Finalize",
            "Parallel Aware": false,
            "Startup Cost": 390781.12,
            "Total Cost": 390781.13,
            "Plan Rows": 1,
            "Plan Width": 8,
            "Actual Startup Time": 2298.783,
            "Actual Total Time": 2349.348,
            "Actual Rows": 1,
            "Actual Loops": 1,
            "Output": [
                "count(*)"
            ],
            "Plans": [
                {
                    "Node Type": "Gather",
                    "Parent Relationship": "Outer",
                    "Parallel Aware": false,
                    "Startup Cost": 390780.81,
                    "Total Cost": 390781.12,
                    "Plan Rows": 3,
                    "Plan Width": 8,
                    "Actual Startup Time": 2296.517,
                    "Actual Total Time": 2349.338,
                    "Actual Rows": 4,
                    "Actual Loops": 1,
                    "Output": [
                        "(PARTIAL count(*))"
                    ],
                    "Workers Planned": 3,
                    "Workers Launched": 3,
                    "Single Copy": false,
                    "Plans": [
                        {
                            "Node Type": "Aggregate",
                            "Strategy": "Plain",
                            "Partial Mode": "Partial",
                            "Parent Relationship": "Outer",
                            "Parallel Aware": false,
                            "Startup Cost": 389780.81,
                            "Total Cost": 389780.82,
                            "Plan Rows": 1,
                            "Plan Width": 8,
                            "Actual Startup Time": 2288.041,
                            "Actual Total Time": 2288.044,
                            "Actual Rows": 1,
                            "Actual Loops": 4,
                            "Output": [
                                "PARTIAL count(*)"
                            ],
                            "Workers": [
                                {
                                    "Worker Number": 0,
                                    "Actual Startup Time": 2284.742,
                                    "Actual Total Time": 2284.744,
                                    "Actual Rows": 1,
                                    "Actual Loops": 1
                                },
                                {
                                    "Worker Number": 1,
                                    "Actual Startup Time": 2285.323,
                                    "Actual Total Time": 2285.326,
                                    "Actual Rows": 1,
                                    "Actual Loops": 1
                                },
                                {
                                    "Worker Number": 2,
                                    "Actual Startup Time": 2286.073,
                                    "Actual Total Time": 2286.075,
                                    "Actual Rows": 1,
                                    "Actual Loops": 1
                                }
                            ],
                            "Plans": [
                                {
                                    "Node Type": "Nested Loop",
                                    "Parent Relationship": "Outer",
                                    "Parallel Aware": false,
                                    "Join Type": "Inner",
                                    "Startup Cost": 46438.85,
                                    "Total Cost": 386734.94,
                                    "Plan Rows": 1218345,
                                    "Plan Width": 0,
                                    "Actual Startup Time": 156.53,
                                    "Actual Total Time": 2160.297,
                                    "Actual Rows": 3001239,
                                    "Actual Loops": 4,
                                    "Inner Unique": false,
                                    "Workers": [
                                        {
                                            "Worker Number": 0,
                                            "Actual Startup Time": 153.479,
                                            "Actual Total Time": 2159.676,
                                            "Actual Rows": 2879937,
                                            "Actual Loops": 1
                                        },
                                        {
                                            "Worker Number": 1,
                                            "Actual Startup Time": 153.955,
                                            "Actual Total Time": 2160.399,
                                            "Actual Rows": 2924372,
                                            "Actual Loops": 1
                                        },
                                        {
                                            "Worker Number": 2,
                                            "Actual Startup Time": 154.013,
                                            "Actual Total Time": 2161.086,
                                            "Actual Rows": 2914135,
                                            "Actual Loops": 1
                                        }
                                    ],
                                    "Plans": [
                                        {
                                            "Node Type": "Hash Join",
                                            "Parent Relationship": "Outer",
                                            "Parallel Aware": true,
                                            "Join Type": "Inner",
                                            "Startup Cost": 46438.28,
                                            "Total Cost": 89827.94,
                                            "Plan Rows": 84969,
                                            "Plan Width": 8,
                                            "Actual Startup Time": 156.461,
                                            "Actual Total Time": 303.445,
                                            "Actual Rows": 90978,
                                            "Actual Loops": 4,
                                            "Output": [
                                                "t.id",
                                                "mk.movie_id"
                                            ],
                                            "Inner Unique": true,
                                            "Hash Cond": "(mk.movie_id = t.id)",
                                            "Workers": [
                                                {
                                                    "Worker Number": 0,
                                                    "Actual Startup Time": 153.396,
                                                    "Actual Total Time": 297.671,
                                                    "Actual Rows": 87250,
                                                    "Actual Loops": 1
                                                },
                                                {
                                                    "Worker Number": 1,
                                                    "Actual Startup Time": 153.864,
                                                    "Actual Total Time": 300.204,
                                                    "Actual Rows": 88513,
                                                    "Actual Loops": 1
                                                },
                                                {
                                                    "Worker Number": 2,
                                                    "Actual Startup Time": 153.939,
                                                    "Actual Total Time": 300.345,
                                                    "Actual Rows": 87774,
                                                    "Actual Loops": 1
                                                }
                                            ],
                                            "Plans": [
                                                {
                                                    "Node Type": "Seq Scan",
                                                    "Parent Relationship": "Outer",
                                                    "Parallel Aware": true,
                                                    "Relation Name": "movie_keyword",
                                                    "Schema": "public",
                                                    "Alias": "mk",
                                                    "Startup Cost": 0.0,
                                                    "Total Cost": 42695.65,
                                                    "Plan Rows": 264383,
                                                    "Plan Width": 4,
                                                    "Actual Startup Time": 0.011,
                                                    "Actual Total Time": 85.812,
                                                    "Actual Rows": 205827,
                                                    "Actual Loops": 4,
                                                    "Output": [
                                                        "mk.id",
                                                        "mk.movie_id",
                                                        "mk.keyword_id"
                                                    ],
                                                    "Filter": "(mk.keyword_id < 788)",
                                                    "Rows Removed by Filter": 925156,
                                                    "Workers": [
                                                        {
                                                            "Worker Number": 0,
                                                            "Actual Startup Time": 0.012,
                                                            "Actual Total Time": 85.2,
                                                            "Actual Rows": 193463,
                                                            "Actual Loops": 1
                                                        },
                                                        {
                                                            "Worker Number": 1,
                                                            "Actual Startup Time": 0.014,
                                                            "Actual Total Time": 86.145,
                                                            "Actual Rows": 198866,
                                                            "Actual Loops": 1
                                                        },
                                                        {
                                                            "Worker Number": 2,
                                                            "Actual Startup Time": 0.012,
                                                            "Actual Total Time": 86.189,
                                                            "Actual Rows": 197736,
                                                            "Actual Loops": 1
                                                        }
                                                    ]
                                                },
                                                {
                                                    "Node Type": "Hash",
                                                    "Parent Relationship": "Inner",
                                                    "Parallel Aware": true,
                                                    "Startup Cost": 43899.01,
                                                    "Total Cost": 43899.01,
                                                    "Plan Rows": 203142,
                                                    "Plan Width": 4,
                                                    "Actual Startup Time": 151.99,
                                                    "Actual Total Time": 151.991,
                                                    "Actual Rows": 203176,
                                                    "Actual Loops": 4,
                                                    "Output": [
                                                        "t.id"
                                                    ],
                                                    "Hash Buckets": 1048576,
                                                    "Original Hash Buckets": 1048576,
                                                    "Hash Batches": 1,
                                                    "Original Hash Batches": 1,
                                                    "Peak Memory Usage": 40064,
                                                    "Workers": [
                                                        {
                                                            "Worker Number": 0,
                                                            "Actual Startup Time": 152.912,
                                                            "Actual Total Time": 152.913,
                                                            "Actual Rows": 186945,
                                                            "Actual Loops": 1
                                                        },
                                                        {
                                                            "Worker Number": 1,
                                                            "Actual Startup Time": 153.383,
                                                            "Actual Total Time": 153.384,
                                                            "Actual Rows": 188996,
                                                            "Actual Loops": 1
                                                        },
                                                        {
                                                            "Worker Number": 2,
                                                            "Actual Startup Time": 153.383,
                                                            "Actual Total Time": 153.383,
                                                            "Actual Rows": 187858,
                                                            "Actual Loops": 1
                                                        }
                                                    ],
                                                    "Plans": [
                                                        {
                                                            "Node Type": "Seq Scan",
                                                            "Parent Relationship": "Outer",
                                                            "Parallel Aware": true,
                                                            "Relation Name": "title",
                                                            "Schema": "public",
                                                            "Alias": "t",
                                                            "Startup Cost": 0.0,
                                                            "Total Cost": 43899.01,
                                                            "Plan Rows": 203142,
                                                            "Plan Width": 4,
                                                            "Actual Startup Time": 0.041,
                                                            "Actual Total Time": 91.627,
                                                            "Actual Rows": 203176,
                                                            "Actual Loops": 4,
                                                            "Output": [
                                                                "t.id"
                                                            ],
                                                            "Filter": "(t.production_year < 1995)",
                                                            "Rows Removed by Filter": 428902,
                                                            "Workers": [
                                                                {
                                                                    "Worker Number": 0,
                                                                    "Actual Startup Time": 0.047,
                                                                    "Actual Total Time": 93.199,
                                                                    "Actual Rows": 186945,
                                                                    "Actual Loops": 1
                                                                },
                                                                {
                                                                    "Worker Number": 1,
                                                                    "Actual Startup Time": 0.048,
                                                                    "Actual Total Time": 93.497,
                                                                    "Actual Rows": 188996,
                                                                    "Actual Loops": 1
                                                                },
                                                                {
                                                                    "Worker Number": 2,
                                                                    "Actual Startup Time": 0.043,
                                                                    "Actual Total Time": 92.63,
                                                                    "Actual Rows": 187858,
                                                                    "Actual Loops": 1
                                                                }
                                                            ]
                                                        }
                                                    ]
                                                }
                                            ]
                                        },
                                        {
                                            "Node Type": "Index Only Scan",
                                            "Parent Relationship": "Inner",
                                            "Parallel Aware": false,
                                            "Scan Direction": "Forward",
                                            "Index Name": "movie_id_cast_info",
                                            "Relation Name": "cast_info",
                                            "Schema": "public",
                                            "Alias": "ci",
                                            "Startup Cost": 0.56,
                                            "Total Cost": 3.11,
                                            "Plan Rows": 38,
                                            "Plan Width": 4,
                                            "Actual Startup Time": 0.004,
                                            "Actual Total Time": 0.018,
                                            "Actual Rows": 33,
                                            "Actual Loops": 363913,
                                            "Output": [
                                                "ci.movie_id"
                                            ],
                                            "Index Cond": "(ci.movie_id = t.id)",
                                            "Rows Removed by Index Recheck": 0,
                                            "Heap Fetches": 12004955,
                                            "Workers": [
                                                {
                                                    "Worker Number": 0,
                                                    "Actual Startup Time": 0.004,
                                                    "Actual Total Time": 0.019,
                                                    "Actual Rows": 33,
                                                    "Actual Loops": 87250
                                                },
                                                {
                                                    "Worker Number": 1,
                                                    "Actual Startup Time": 0.004,
                                                    "Actual Total Time": 0.019,
                                                    "Actual Rows": 33,
                                                    "Actual Loops": 88513
                                                },
                                                {
                                                    "Worker Number": 2,
                                                    "Actual Startup Time": 0.004,
                                                    "Actual Total Time": 0.019,
                                                    "Actual Rows": 33,
                                                    "Actual Loops": 87774
                                                }
                                            ]
                                        }
                                    ]
                                }
                            ]
                        }
                    ]
                }
            ]
        },
        "Planning Time": 206.653,
        "Triggers": [],
        "Execution Time": 2349.481
    }
]