[
  {
    "Plan": {
      "Node Type": "Aggregate",
      "Strategy": "Plain",
      "Partial Mode": "Finalize",
      "Parallel Aware": false,
      "Startup Cost": 336460.87,
      "Total Cost": 336460.88,
      "Plan Rows": 1,
      "Plan Width": 8,
      "Actual Startup Time": 838.209,
      "Actual Total Time": 909.577,
      "Actual Rows": 1,
      "Actual Loops": 1,
      "Plans": [
        {
          "Node Type": "Gather",
          "Parent Relationship": "Outer",
          "Parallel Aware": false,
          "Startup Cost": 336460.24,
          "Total Cost": 336460.85,
          "Plan Rows": 6,
          "Plan Width": 8,
          "Actual Startup Time": 838.066,
          "Actual Total Time": 909.565,
          "Actual Rows": 7,
          "Actual Loops": 1,
          "Workers Planned": 6,
          "Workers Launched": 6,
          "Single Copy": false,
          "Plans": [
            {
              "Node Type": "Aggregate",
              "Strategy": "Plain",
              "Partial Mode": "Partial",
              "Parent Relationship": "Outer",
              "Parallel Aware": false,
              "Startup Cost": 335460.24,
              "Total Cost": 335460.25,
              "Plan Rows": 1,
              "Plan Width": 8,
              "Actual Startup Time": 828.704,
              "Actual Total Time": 828.708,
              "Actual Rows": 1,
              "Actual Loops": 7,
              "Plans": [
                {
                  "Node Type": "Seq Scan",
                  "Parent Relationship": "Outer",
                  "Parallel Aware": true,
                  "Relation Name": "cast_info",
                  "Alias": "ci",
                  "Startup Cost": 0.0,
                  "Total Cost": 328162.03,
                  "Plan Rows": 2919286,
                  "Plan Width": 0,
                  "Actual Startup Time": 0.054,
                  "Actual Total Time": 691.807,
                  "Actual Rows": 2509975,
                  "Actual Loops": 7,
                  "Filter": "(person_id < 1738433)",
                  "Rows Removed by Filter": 2667789
                }
              ]
            }
          ]
        }
      ]
    },
    "Planning Time": 0.227,
    "Triggers": [],
    "Execution Time": 909.652
  }
]