[
  {
    "Plan": {
      "Node Type": "Aggregate",
      "Strategy": "Plain",
      "Partial Mode": "Finalize",
      "Parallel Aware": false,
      "Startup Cost": 355394.8,
      "Total Cost": 355394.81,
      "Plan Rows": 1,
      "Plan Width": 8,
      "Actual Startup Time": 874.375,
      "Actual Total Time": 931.926,
      "Actual Rows": 1,
      "Actual Loops": 1,
      "Plans": [
        {
          "Node Type": "Gather",
          "Parent Relationship": "Outer",
          "Parallel Aware": false,
          "Startup Cost": 355394.17,
          "Total Cost": 355394.78,
          "Plan Rows": 6,
          "Plan Width": 8,
          "Actual Startup Time": 874.247,
          "Actual Total Time": 931.915,
          "Actual Rows": 7,
          "Actual Loops": 1,
          "Workers Planned": 6,
          "Workers Launched": 6,
          "Single Copy": false,
          "Plans": [
            {
              "Node Type": "Aggregate",
              "Strategy": "Plain",
              "Partial Mode": "Partial",
              "Parent Relationship": "Outer",
              "Parallel Aware": false,
              "Startup Cost": 354394.17,
              "Total Cost": 354394.18,
              "Plan Rows": 1,
              "Plan Width": 8,
              "Actual Startup Time": 865.207,
              "Actual Total Time": 865.208,
              "Actual Rows": 1,
              "Actual Loops": 7,
              "Plans": [
                {
                  "Node Type": "Seq Scan",
                  "Parent Relationship": "Outer",
                  "Parallel Aware": true,
                  "Relation Name": "cast_info",
                  "Alias": "ci",
                  "Startup Cost": 0.0,
                  "Total Cost": 343257.03,
                  "Plan Rows": 4454858,
                  "Plan Width": 0,
                  "Actual Startup Time": 65.866,
                  "Actual Total Time": 709.548,
                  "Actual Rows": 3741781,
                  "Actual Loops": 7,
                  "Filter": "((person_id > 441854) AND (role_id < 9))",
                  "Rows Removed by Filter": 1435982
                }
              ]
            }
          ]
        }
      ]
    },
    "Planning Time": 0.218,
    "Triggers": [],
    "Execution Time": 931.997
  }
]