[
  {
    "Plan": {
      "Node Type": "Aggregate",
      "Strategy": "Plain",
      "Partial Mode": "Finalize",
      "Parallel Aware": false,
      "Startup Cost": 97335.75,
      "Total Cost": 97335.76,
      "Plan Rows": 1,
      "Plan Width": 8,
      "Actual Startup Time": 397.309,
      "Actual Total Time": 414.68,
      "Actual Rows": 1,
      "Actual Loops": 1,
      "Plans": [
        {
          "Node Type": "Gather",
          "Parent Relationship": "Outer",
          "Parallel Aware": false,
          "Startup Cost": 97335.53,
          "Total Cost": 97335.74,
          "Plan Rows": 2,
          "Plan Width": 8,
          "Actual Startup Time": 396.074,
          "Actual Total Time": 414.673,
          "Actual Rows": 3,
          "Actual Loops": 1,
          "Workers Planned": 2,
          "Workers Launched": 2,
          "Single Copy": false,
          "Plans": [
            {
              "Node Type": "Aggregate",
              "Strategy": "Plain",
              "Partial Mode": "Partial",
              "Parent Relationship": "Outer",
              "Parallel Aware": false,
              "Startup Cost": 96335.53,
              "Total Cost": 96335.54,
              "Plan Rows": 1,
              "Plan Width": 8,
              "Actual Startup Time": 388.326,
              "Actual Total Time": 388.331,
              "Actual Rows": 1,
              "Actual Loops": 3,
              "Plans": [
                {
                  "Node Type": "Hash Join",
                  "Parent Relationship": "Outer",
                  "Parallel Aware": true,
                  "Join Type": "Inner",
                  "Startup Cost": 80324.48,
                  "Total Cost": 96250.73,
                  "Plan Rows": 33920,
                  "Plan Width": 0,
                  "Actual Startup Time": 304.519,
                  "Actual Total Time": 386.461,
                  "Actual Rows": 41990,
                  "Actual Loops": 3,
                  "Inner Unique": false,
                  "Hash Cond": "(mi_idx.movie_id = t.id)",
                  "Plans": [
                    {
                      "Node Type": "Seq Scan",
                      "Parent Relationship": "Outer",
                      "Parallel Aware": true,
                      "Relation Name": "movie_info_idx",
                      "Alias": "mi_idx",
                      "Startup Cost": 0.0,
                      "Total Cost": 13685.15,
                      "Plan Rows": 575015,
                      "Plan Width": 4,
                      "Actual Startup Time": 0.029,
                      "Actual Total Time": 36.986,
                      "Actual Rows": 460012,
                      "Actual Loops": 3
                    },
                    {
                      "Node Type": "Hash",
                      "Parent Relationship": "Inner",
                      "Parallel Aware": true,
                      "Startup Cost": 79858.4,
                      "Total Cost": 79858.4,
                      "Plan Rows": 37286,
                      "Plan Width": 8,
                      "Actual Startup Time": 301.482,
                      "Actual Total Time": 301.485,
                      "Actual Rows": 33205,
                      "Actual Loops": 3,
                      "Hash Buckets": 262144,
                      "Original Hash Buckets": 262144,
                      "Hash Batches": 1,
                      "Original Hash Batches": 1,
                      "Peak Memory Usage": 5984,
                      "Plans": [
                        {
                          "Node Type": "Hash Join",
                          "Parent Relationship": "Outer",
                          "Parallel Aware": true,
                          "Join Type": "Inner",
                          "Startup Cost": 32487.88,
                          "Total Cost": 79858.4,
                          "Plan Rows": 37286,
                          "Plan Width": 8,
                          "Actual Startup Time": 107.906,
                          "Actual Total Time": 289.845,
                          "Actual Rows": 33205,
                          "Actual Loops": 3,
                          "Inner Unique": false,
                          "Hash Cond": "(t.id = mc.movie_id)",
                          "Plans": [
                            {
                              "Node Type": "Seq Scan",
                              "Parent Relationship": "Outer",
                              "Parallel Aware": true,
                              "Relation Name": "title",
                              "Alias": "t",
                              "Startup Cost": 0.0,
                              "Total Cost": 45479.1,
                              "Plan Rows": 354231,
                              "Plan Width": 4,
                              "Actual Startup Time": 0.009,
                              "Actual Total Time": 113.226,
                              "Actual Rows": 466240,
                              "Actual Loops": 3,
                              "Filter": "((kind_id > 1) AND (production_year < 2010))",
                              "Rows Removed by Filter": 376531
                            },
                            {
                              "Node Type": "Hash",
                              "Parent Relationship": "Inner",
                              "Parallel Aware": true,
                              "Startup Cost": 31414.82,
                              "Total Cost": 31414.82,
                              "Plan Rows": 85845,
                              "Plan Width": 4,
                              "Actual Startup Time": 105.522,
                              "Actual Total Time": 105.524,
                              "Actual Rows": 46787,
                              "Actual Loops": 3,
                              "Hash Buckets": 524288,
                              "Original Hash Buckets": 524288,
                              "Hash Batches": 1,
                              "Original Hash Batches": 1,
                              "Peak Memory Usage": 9632,
                              "Plans": [
                                {
                                  "Node Type": "Seq Scan",
                                  "Parent Relationship": "Outer",
                                  "Parallel Aware": true,
                                  "Relation Name": "movie_companies",
                                  "Alias": "mc",
                                  "Startup Cost": 0.0,
                                  "Total Cost": 31414.82,
                                  "Plan Rows": 85845,
                                  "Plan Width": 4,
                                  "Actual Startup Time": 53.874,
                                  "Actual Total Time": 89.71,
                                  "Actual Rows": 46787,
                                  "Actual Loops": 3,
                                  "Filter": "((company_id < 480) AND (company_type_id = 2))",
                                  "Rows Removed by Filter": 822923
                                }
                              ]
                            }
                          ]
                        }
                      ]
                    }
                  ]
                }
              ]
            }
          ]
        }
      ]
    },
    "Planning Time": 1.435,
    "Triggers": [],
    "Execution Time": 414.763
  }
]