[
  {
    "Plan": {
      "Node Type": "Aggregate",
      "Strategy": "Plain",
      "Partial Mode": "Finalize",
      "Parallel Aware": false,
      "Startup Cost": 265209.18,
      "Total Cost": 265209.19,
      "Plan Rows": 1,
      "Plan Width": 8,
      "Actual Startup Time": 2277.007,
      "Actual Total Time": 2330.844,
      "Actual Rows": 1,
      "Actual Loops": 1,
      "Plans": [
        {
          "Node Type": "Gather",
          "Parent Relationship": "Outer",
          "Parallel Aware": false,
          "Startup Cost": 265208.76,
          "Total Cost": 265209.17,
          "Plan Rows": 4,
          "Plan Width": 8,
          "Actual Startup Time": 2266.677,
          "Actual Total Time": 2330.832,
          "Actual Rows": 5,
          "Actual Loops": 1,
          "Workers Planned": 4,
          "Workers Launched": 4,
          "Single Copy": false,
          "Plans": [
            {
              "Node Type": "Aggregate",
              "Strategy": "Plain",
              "Partial Mode": "Partial",
              "Parent Relationship": "Outer",
              "Parallel Aware": false,
              "Startup Cost": 264208.76,
              "Total Cost": 264208.77,
              "Plan Rows": 1,
              "Plan Width": 8,
              "Actual Startup Time": 2248.068,
              "Actual Total Time": 2248.072,
              "Actual Rows": 1,
              "Actual Loops": 5,
              "Plans": [
                {
                  "Node Type": "Nested Loop",
                  "Parent Relationship": "Outer",
                  "Parallel Aware": false,
                  "Join Type": "Inner",
                  "Startup Cost": 50221.38,
                  "Total Cost": 262802.5,
                  "Plan Rows": 562504,
                  "Plan Width": 0,
                  "Actual Startup Time": 294.8,
                  "Actual Total Time": 2175.772,
                  "Actual Rows": 1455644,
                  "Actual Loops": 5,
                  "Inner Unique": false,
                  "Plans": [
                    {
                      "Node Type": "Hash Join",
                      "Parent Relationship": "Outer",
                      "Parallel Aware": true,
                      "Join Type": "Inner",
                      "Startup Cost": 50220.95,
                      "Total Cost": 80349.91,
                      "Plan Rows": 95800,
                      "Plan Width": 8,
                      "Actual Startup Time": 294.689,
                      "Actual Total Time": 505.309,
                      "Actual Rows": 169157,
                      "Actual Loops": 5,
                      "Inner Unique": true,
                      "Hash Cond": "(ci.movie_id = t.id)",
                      "Plans": [
                        {
                          "Node Type": "Index Scan",
                          "Parent Relationship": "Outer",
                          "Parallel Aware": true,
                          "Scan Direction": "Forward",
                          "Index Name": "role_id_cast_info",
                          "Relation Name": "cast_info",
                          "Alias": "ci",
                          "Startup Cost": 0.56,
                          "Total Cost": 29878.05,
                          "Plan Rows": 95800,
                          "Plan Width": 4,
                          "Actual Startup Time": 0.21,
                          "Actual Total Time": 57.387,
                          "Actual Rows": 169157,
                          "Actual Loops": 5,
                          "Index Cond": "(role_id = 9)",
                          "Rows Removed by Index Recheck": 0,
                          "Filter": "(person_id > 2397721)",
                          "Rows Removed by Filter": 49554
                        },
                        {
                          "Node Type": "Hash",
                          "Parent Relationship": "Inner",
                          "Parallel Aware": true,
                          "Startup Cost": 42319.06,
                          "Total Cost": 42319.06,
                          "Plan Rows": 632106,
                          "Plan Width": 4,
                          "Actual Startup Time": 285.189,
                          "Actual Total Time": 285.19,
                          "Actual Rows": 505662,
                          "Actual Loops": 5,
                          "Hash Buckets": 4194304,
                          "Original Hash Buckets": 4194304,
                          "Hash Batches": 1,
                          "Original Hash Batches": 1,
                          "Peak Memory Usage": 131776,
                          "Plans": [
                            {
                              "Node Type": "Seq Scan",
                              "Parent Relationship": "Outer",
                              "Parallel Aware": true,
                              "Relation Name": "title",
                              "Alias": "t",
                              "Startup Cost": 0.0,
                              "Total Cost": 42319.06,
                              "Plan Rows": 632106,
                              "Plan Width": 4,
                              "Actual Startup Time": 0.044,
                              "Actual Total Time": 83.903,
                              "Actual Rows": 505662,
                              "Actual Loops": 5
                            }
                          ]
                        }
                      ]
                    },
                    {
                      "Node Type": "Index Only Scan",
                      "Parent Relationship": "Inner",
                      "Parallel Aware": false,
                      "Scan Direction": "Forward",
                      "Index Name": "movie_id_movie_info",
                      "Relation Name": "movie_info",
                      "Alias": "mi",
                      "Startup Cost": 0.43,
                      "Total Cost": 1.49,
                      "Plan Rows": 41,
                      "Plan Width": 4,
                      "Actual Startup Time": 0.004,
                      "Actual Total Time": 0.009,
                      "Actual Rows": 9,
                      "Actual Loops": 845786,
                      "Index Cond": "(movie_id = t.id)",
                      "Rows Removed by Index Recheck": 0,
                      "Heap Fetches": 7278219
                    }
                  ]
                }
              ]
            }
          ]
        }
      ]
    },
    "Planning Time": 1.093,
    "Triggers": [],
    "Execution Time": 2330.931
  }
]