[
  {
    "Plan": {
      "Node Type": "Aggregate",
      "Strategy": "Plain",
      "Partial Mode": "Finalize",
      "Parallel Aware": false,
      "Startup Cost": 356848.67,
      "Total Cost": 356848.68,
      "Plan Rows": 1,
      "Plan Width": 8,
      "Actual Startup Time": 952.601,
      "Actual Total Time": 995.134,
      "Actual Rows": 1,
      "Actual Loops": 1,
      "Plans": [
        {
          "Node Type": "Gather",
          "Parent Relationship": "Outer",
          "Parallel Aware": false,
          "Startup Cost": 356848.05,
          "Total Cost": 356848.66,
          "Plan Rows": 6,
          "Plan Width": 8,
          "Actual Startup Time": 952.382,
          "Actual Total Time": 995.125,
          "Actual Rows": 7,
          "Actual Loops": 1,
          "Workers Planned": 6,
          "Workers Launched": 6,
          "Single Copy": false,
          "Plans": [
            {
              "Node Type": "Aggregate",
              "Strategy": "Plain",
              "Partial Mode": "Partial",
              "Parent Relationship": "Outer",
              "Parallel Aware": false,
              "Startup Cost": 355848.05,
              "Total Cost": 355848.06,
              "Plan Rows": 1,
              "Plan Width": 8,
              "Actual Startup Time": 944.949,
              "Actual Total Time": 944.95,
              "Actual Rows": 1,
              "Actual Loops": 7,
              "Plans": [
                {
                  "Node Type": "Seq Scan",
                  "Parent Relationship": "Outer",
                  "Parallel Aware": true,
                  "Relation Name": "cast_info",
                  "Alias": "ci",
                  "Startup Cost": 0.0,
                  "Total Cost": 343316.27,
                  "Plan Rows": 5012710,
                  "Plan Width": 0,
                  "Actual Startup Time": 0.048,
                  "Actual Total Time": 736.783,
                  "Actual Rows": 4358807,
                  "Actual Loops": 7,
                  "Filter": "((person_id < 3966808) AND (role_id < 9))",
                  "Rows Removed by Filter": 818956
                }
              ]
            }
          ]
        }
      ]
    },
    "Planning Time": 0.12,
    "Triggers": [],
    "Execution Time": 995.169
  }
]