[
  {
    "Plan": {
      "Node Type": "Aggregate",
      "Strategy": "Plain",
      "Partial Mode": "Finalize",
      "Parallel Aware": false,
      "Startup Cost": 33946.2,
      "Total Cost": 33946.21,
      "Plan Rows": 1,
      "Plan Width": 8,
      "Actual Startup Time": 7.081,
      "Actual Total Time": 8.392,
      "Actual Rows": 1,
      "Actual Loops": 1,
      "Plans": [
        {
          "Node Type": "Gather",
          "Parent Relationship": "Outer",
          "Parallel Aware": false,
          "Startup Cost": 33945.98,
          "Total Cost": 33946.19,
          "Plan Rows": 2,
          "Plan Width": 8,
          "Actual Startup Time": 6.965,
          "Actual Total Time": 8.386,
          "Actual Rows": 3,
          "Actual Loops": 1,
          "Workers Planned": 2,
          "Workers Launched": 2,
          "Single Copy": false,
          "Plans": [
            {
              "Node Type": "Aggregate",
              "Strategy": "Plain",
              "Partial Mode": "Partial",
              "Parent Relationship": "Outer",
              "Parallel Aware": false,
              "Startup Cost": 32945.98,
              "Total Cost": 32945.99,
              "Plan Rows": 1,
              "Plan Width": 8,
              "Actual Startup Time": 2.747,
              "Actual Total Time": 2.748,
              "Actual Rows": 1,
              "Actual Loops": 3,
              "Plans": [
                {
                  "Node Type": "Nested Loop",
                  "Parent Relationship": "Outer",
                  "Parallel Aware": false,
                  "Join Type": "Inner",
                  "Startup Cost": 217.53,
                  "Total Cost": 32938.82,
                  "Plan Rows": 2865,
                  "Plan Width": 0,
                  "Actual Startup Time": 1.057,
                  "Actual Total Time": 2.723,
                  "Actual Rows": 234,
                  "Actual Loops": 3,
                  "Inner Unique": false,
                  "Plans": [
                    {
                      "Node Type": "Nested Loop",
                      "Parent Relationship": "Outer",
                      "Parallel Aware": false,
                      "Join Type": "Inner",
                      "Startup Cost": 217.1,
                      "Total Cost": 31479.15,
                      "Plan Rows": 488,
                      "Plan Width": 8,
                      "Actual Startup Time": 1.051,
                      "Actual Total Time": 2.144,
                      "Actual Rows": 23,
                      "Actual Loops": 3,
                      "Inner Unique": true,
                      "Plans": [
                        {
                          "Node Type": "Bitmap Heap Scan",
                          "Parent Relationship": "Outer",
                          "Parallel Aware": true,
                          "Relation Name": "movie_companies",
                          "Alias": "mc",
                          "Startup Cost": 216.67,
                          "Total Cost": 16511.85,
                          "Plan Rows": 2038,
                          "Plan Width": 4,
                          "Actual Startup Time": 1.044,
                          "Actual Total Time": 1.902,
                          "Actual Rows": 32,
                          "Actual Loops": 3,
                          "Recheck Cond": "(company_id = 596)",
                          "Rows Removed by Index Recheck": 0,
                          "Filter": "(company_type_id = 1)",
                          "Rows Removed by Filter": 2869,
                          "Exact Heap Blocks": 782,
                          "Lossy Heap Blocks": 0,
                          "Plans": [
                            {
                              "Node Type": "Bitmap Index Scan",
                              "Parent Relationship": "Outer",
                              "Parallel Aware": false,
                              "Index Name": "company_id_movie_companies",
                              "Startup Cost": 0.0,
                              "Total Cost": 215.44,
                              "Plan Rows": 10002,
                              "Plan Width": 0,
                              "Actual Startup Time": 1.35,
                              "Actual Total Time": 1.351,
                              "Actual Rows": 8702,
                              "Actual Loops": 1,
                              "Index Cond": "(company_id = 596)"
                            }
                          ]
                        },
                        {
                          "Node Type": "Index Scan",
                          "Parent Relationship": "Inner",
                          "Parallel Aware": false,
                          "Scan Direction": "Forward",
                          "Index Name": "title_pkey",
                          "Relation Name": "title",
                          "Alias": "t",
                          "Startup Cost": 0.43,
                          "Total Cost": 7.34,
                          "Plan Rows": 1,
                          "Plan Width": 4,
                          "Actual Startup Time": 0.007,
                          "Actual Total Time": 0.007,
                          "Actual Rows": 1,
                          "Actual Loops": 96,
                          "Index Cond": "(id = mc.movie_id)",
                          "Rows Removed by Index Recheck": 0,
                          "Filter": "((kind_id < 7) AND (production_year < 2007))",
                          "Rows Removed by Filter": 0
                        }
                      ]
                    },
                    {
                      "Node Type": "Index Only Scan",
                      "Parent Relationship": "Inner",
                      "Parallel Aware": false,
                      "Scan Direction": "Forward",
                      "Index Name": "movie_id_movie_info",
                      "Relation Name": "movie_info",
                      "Alias": "mi",
                      "Startup Cost": 0.43,
                      "Total Cost": 2.58,
                      "Plan Rows": 41,
                      "Plan Width": 4,
                      "Actual Startup Time": 0.009,
                      "Actual Total Time": 0.023,
                      "Actual Rows": 10,
                      "Actual Loops": 70,
                      "Index Cond": "(movie_id = t.id)",
                      "Rows Removed by Index Recheck": 0,
                      "Heap Fetches": 702
                    }
                  ]
                }
              ]
            }
          ]
        }
      ]
    },
    "Planning Time": 0.689,
    "Triggers": [],
    "Execution Time": 8.451
  }
]