[
  {
    "Plan": {
      "Node Type": "Aggregate",
      "Strategy": "Plain",
      "Partial Mode": "Finalize",
      "Parallel Aware": false,
      "Startup Cost": 131158.16,
      "Total Cost": 131158.17,
      "Plan Rows": 1,
      "Plan Width": 8,
      "Actual Startup Time": 691.683,
      "Actual Total Time": 720.316,
      "Actual Rows": 1,
      "Actual Loops": 1,
      "Plans": [
        {
          "Node Type": "Gather",
          "Parent Relationship": "Outer",
          "Parallel Aware": false,
          "Startup Cost": 131157.84,
          "Total Cost": 131158.15,
          "Plan Rows": 3,
          "Plan Width": 8,
          "Actual Startup Time": 677.843,
          "Actual Total Time": 720.305,
          "Actual Rows": 4,
          "Actual Loops": 1,
          "Workers Planned": 3,
          "Workers Launched": 3,
          "Single Copy": false,
          "Plans": [
            {
              "Node Type": "Aggregate",
              "Strategy": "Plain",
              "Partial Mode": "Partial",
              "Parent Relationship": "Outer",
              "Parallel Aware": false,
              "Startup Cost": 130157.84,
              "Total Cost": 130157.85,
              "Plan Rows": 1,
              "Plan Width": 8,
              "Actual Startup Time": 673.976,
              "Actual Total Time": 673.982,
              "Actual Rows": 1,
              "Actual Loops": 4,
              "Plans": [
                {
                  "Node Type": "Hash Join",
                  "Parent Relationship": "Outer",
                  "Parallel Aware": true,
                  "Join Type": "Inner",
                  "Startup Cost": 83344.14,
                  "Total Cost": 129843.93,
                  "Plan Rows": 125567,
                  "Plan Width": 0,
                  "Actual Startup Time": 478.037,
                  "Actual Total Time": 667.156,
                  "Actual Rows": 140992,
                  "Actual Loops": 4,
                  "Inner Unique": false,
                  "Hash Cond": "(mk.movie_id = t.id)",
                  "Plans": [
                    {
                      "Node Type": "Seq Scan",
                      "Parent Relationship": "Outer",
                      "Parallel Aware": true,
                      "Relation Name": "movie_keyword",
                      "Alias": "mk",
                      "Startup Cost": 0.0,
                      "Total Cost": 42695.65,
                      "Plan Rows": 906421,
                      "Plan Width": 4,
                      "Actual Startup Time": 0.037,
                      "Actual Total Time": 116.722,
                      "Actual Rows": 704399,
                      "Actual Loops": 4,
                      "Filter": "(keyword_id < 8431)",
                      "Rows Removed by Filter": 426584
                    },
                    {
                      "Node Type": "Hash",
                      "Parent Relationship": "Inner",
                      "Parallel Aware": true,
                      "Startup Cost": 81931.79,
                      "Total Cost": 81931.79,
                      "Plan Rows": 112988,
                      "Plan Width": 8,
                      "Actual Startup Time": 476.068,
                      "Actual Total Time": 476.072,
                      "Actual Rows": 48531,
                      "Actual Loops": 4,
                      "Hash Buckets": 524288,
                      "Original Hash Buckets": 524288,
                      "Hash Batches": 1,
                      "Original Hash Batches": 1,
                      "Peak Memory Usage": 11744,
                      "Plans": [
                        {
                          "Node Type": "Hash Join",
                          "Parent Relationship": "Outer",
                          "Parallel Aware": true,
                          "Join Type": "Inner",
                          "Startup Cost": 50220.38,
                          "Total Cost": 81931.79,
                          "Plan Rows": 112988,
                          "Plan Width": 8,
                          "Actual Startup Time": 395.152,
                          "Actual Total Time": 459.587,
                          "Actual Rows": 48531,
                          "Actual Loops": 4,
                          "Inner Unique": true,
                          "Hash Cond": "(mc.movie_id = t.id)",
                          "Plans": [
                            {
                              "Node Type": "Seq Scan",
                              "Parent Relationship": "Outer",
                              "Parallel Aware": true,
                              "Relation Name": "movie_companies",
                              "Alias": "mc",
                              "Startup Cost": 0.0,
                              "Total Cost": 31414.82,
                              "Plan Rows": 112988,
                              "Plan Width": 4,
                              "Actual Startup Time": 31.95,
                              "Actual Total Time": 63.097,
                              "Actual Rows": 48531,
                              "Actual Loops": 4,
                              "Filter": "((company_id < 1165) AND (company_type_id = 2))",
                              "Rows Removed by Filter": 603751
                            },
                            {
                              "Node Type": "Hash",
                              "Parent Relationship": "Inner",
                              "Parallel Aware": true,
                              "Startup Cost": 42319.06,
                              "Total Cost": 42319.06,
                              "Plan Rows": 632106,
                              "Plan Width": 4,
                              "Actual Startup Time": 355.632,
                              "Actual Total Time": 355.633,
                              "Actual Rows": 632078,
                              "Actual Loops": 4,
                              "Hash Buckets": 4194304,
                              "Original Hash Buckets": 4194304,
                              "Hash Batches": 1,
                              "Original Hash Batches": 1,
                              "Peak Memory Usage": 131712,
                              "Plans": [
                                {
                                  "Node Type": "Seq Scan",
                                  "Parent Relationship": "Outer",
                                  "Parallel Aware": true,
                                  "Relation Name": "title",
                                  "Alias": "t",
                                  "Startup Cost": 0.0,
                                  "Total Cost": 42319.06,
                                  "Plan Rows": 632106,
                                  "Plan Width": 4,
                                  "Actual Startup Time": 0.042,
                                  "Actual Total Time": 102.199,
                                  "Actual Rows": 632078,
                                  "Actual Loops": 4
                                }
                              ]
                            }
                          ]
                        }
                      ]
                    }
                  ]
                }
              ]
            }
          ]
        }
      ]
    },
    "Planning Time": 0.729,
    "Triggers": [],
    "Execution Time": 720.363
  }
]