[
  {
    "Plan": {
      "Node Type": "Aggregate",
      "Strategy": "Plain",
      "Partial Mode": "Finalize",
      "Parallel Aware": false,
      "Startup Cost": 178142.37,
      "Total Cost": 178142.38,
      "Plan Rows": 1,
      "Plan Width": 8,
      "Actual Startup Time": 129.691,
      "Actual Total Time": 149.27,
      "Actual Rows": 1,
      "Actual Loops": 1,
      "Plans": [
        {
          "Node Type": "Gather",
          "Parent Relationship": "Outer",
          "Parallel Aware": false,
          "Startup Cost": 178141.95,
          "Total Cost": 178142.36,
          "Plan Rows": 4,
          "Plan Width": 8,
          "Actual Startup Time": 129.566,
          "Actual Total Time": 149.262,
          "Actual Rows": 5,
          "Actual Loops": 1,
          "Workers Planned": 4,
          "Workers Launched": 4,
          "Single Copy": false,
          "Plans": [
            {
              "Node Type": "Aggregate",
              "Strategy": "Plain",
              "Partial Mode": "Partial",
              "Parent Relationship": "Outer",
              "Parallel Aware": false,
              "Startup Cost": 177141.95,
              "Total Cost": 177141.96,
              "Plan Rows": 1,
              "Plan Width": 8,
              "Actual Startup Time": 119.537,
              "Actual Total Time": 119.538,
              "Actual Rows": 1,
              "Actual Loops": 5,
              "Plans": [
                {
                  "Node Type": "Nested Loop",
                  "Parent Relationship": "Outer",
                  "Parallel Aware": false,
                  "Join Type": "Inner",
                  "Startup Cost": 0.43,
                  "Total Cost": 177123.47,
                  "Plan Rows": 7392,
                  "Plan Width": 0,
                  "Actual Startup Time": 0.773,
                  "Actual Total Time": 118.477,
                  "Actual Rows": 12590,
                  "Actual Loops": 5,
                  "Inner Unique": false,
                  "Plans": [
                    {
                      "Node Type": "Seq Scan",
                      "Parent Relationship": "Outer",
                      "Parallel Aware": true,
                      "Relation Name": "title",
                      "Alias": "t",
                      "Startup Cost": 0.0,
                      "Total Cost": 43898.92,
                      "Plan Rows": 1264,
                      "Plan Width": 4,
                      "Actual Startup Time": 0.549,
                      "Actual Total Time": 76.369,
                      "Actual Rows": 1367,
                      "Actual Loops": 5,
                      "Filter": "(production_year = 1953)",
                      "Rows Removed by Filter": 504296
                    },
                    {
                      "Node Type": "Index Only Scan",
                      "Parent Relationship": "Inner",
                      "Parallel Aware": false,
                      "Scan Direction": "Forward",
                      "Index Name": "movie_id_movie_info",
                      "Relation Name": "movie_info",
                      "Alias": "mi",
                      "Startup Cost": 0.43,
                      "Total Cost": 104.98,
                      "Plan Rows": 42,
                      "Plan Width": 4,
                      "Actual Startup Time": 0.012,
                      "Actual Total Time": 0.029,
                      "Actual Rows": 9,
                      "Actual Loops": 6834,
                      "Index Cond": "(movie_id = t.id)",
                      "Rows Removed by Index Recheck": 0,
                      "Heap Fetches": 62950
                    }
                  ]
                }
              ]
            }
          ]
        }
      ]
    },
    "Planning Time": 0.575,
    "Triggers": [],
    "Execution Time": 149.402
  }
]