{
  "Plan": {
    "Node Type": "Aggregate",
    "Strategy": "Plain",
    "Partial Mode": "Finalize",
    "Parallel Aware": false,
    "Startup Cost": 365448.08,
    "Total Cost": 365448.09,
    "Plan Rows": 1,
    "Plan Width": 8,
    "Actual Startup Time": 1290.223,
    "Actual Total Time": 1313.68,
    "Actual Rows": 1,
    "Actual Loops": 1,
    "Plans": [
      {
        "Node Type": "Gather",
        "Parent Relationship": "Outer",
        "Parallel Aware": false,
        "Startup Cost": 365447.97,
        "Total Cost": 365448.08,
        "Plan Rows": 1,
        "Plan Width": 8,
        "Actual Startup Time": 1290.003,
        "Actual Total Time": 1313.671,
        "Actual Rows": 2,
        "Actual Loops": 1,
        "Workers Planned": 1,
        "Workers Launched": 1,
        "Single Copy": false,
        "Plans": [
          {
            "Node Type": "Aggregate",
            "Strategy": "Plain",
            "Partial Mode": "Partial",
            "Parent Relationship": "Outer",
            "Parallel Aware": false,
            "Startup Cost": 364447.97,
            "Total Cost": 364447.98,
            "Plan Rows": 1,
            "Plan Width": 8,
            "Actual Startup Time": 1284.261,
            "Actual Total Time": 1284.264,
            "Actual Rows": 1,
            "Actual Loops": 2,
            "Plans": [
              {
                "Node Type": "Hash Join",
                "Parent Relationship": "Outer",
                "Parallel Aware": true,
                "Join Type": "Inner",
                "Startup Cost": 58497.06,
                "Total Cost": 364305.27,
                "Plan Rows": 57078,
                "Plan Width": 0,
                "Actual Startup Time": 147.226,
                "Actual Total Time": 1280.631,
                "Actual Rows": 64119,
                "Actual Loops": 2,
                "Inner Unique": true,
                "Hash Cond": "(ci.movie_id = t.id)",
                "Plans": [
                  {
                    "Node Type": "Index Scan",
                    "Parent Relationship": "Outer",
                    "Parallel Aware": true,
                    "Scan Direction": "Forward",
                    "Index Name": "role_id_cast_info",
                    "Relation Name": "cast_info",
                    "Alias": "ci",
                    "Startup Cost": 0.56,
                    "Total Cost": 291150.53,
                    "Plan Rows": 5584086,
                    "Plan Width": 4,
                    "Actual Startup Time": 0.042,
                    "Actual Total Time": 642.989,
                    "Actual Rows": 4692352,
                    "Actual Loops": 2,
                    "Index Cond": "(role_id > 4)",
                    "Rows Removed by Index Recheck": 0
                  },
                  {
                    "Node Type": "Hash",
                    "Parent Relationship": "Inner",
                    "Parallel Aware": true,
                    "Startup Cost": 58306.47,
                    "Total Cost": 58306.47,
                    "Plan Rows": 15202,
                    "Plan Width": 4,
                    "Actual Startup Time": 146.048,
                    "Actual Total Time": 146.049,
                    "Actual Rows": 11854,
                    "Actual Loops": 2,
                    "Hash Buckets": 32768,
                    "Original Hash Buckets": 32768,
                    "Hash Batches": 1,
                    "Original Hash Batches": 1,
                    "Peak Memory Usage": 1216,
                    "Plans": [
                      {
                        "Node Type": "Seq Scan",
                        "Parent Relationship": "Outer",
                        "Parallel Aware": true,
                        "Relation Name": "title",
                        "Alias": "t",
                        "Startup Cost": 0.0,
                        "Total Cost": 58306.47,
                        "Plan Rows": 15202,
                        "Plan Width": 4,
                        "Actual Startup Time": 0.864,
                        "Actual Total Time": 141.846,
                        "Actual Rows": 11854,
                        "Actual Loops": 2,
                        "Filter": "((kind_id < 7) AND (production_year = 2013))",
                        "Rows Removed by Filter": 1252302
                      }
                    ]
                  }
                ]
              }
            ]
          }
        ]
      }
    ]
  },
  "Planning Time": 0.473,
  "Triggers": [],
  "Execution Time": 1313.76
}