[
  {
    "Plan": {
      "Node Type": "Aggregate",
      "Strategy": "Plain",
      "Partial Mode": "Finalize",
      "Parallel Aware": false,
      "Startup Cost": 390422.61,
      "Total Cost": 390422.62,
      "Plan Rows": 1,
      "Plan Width": 8,
      "Actual Startup Time": 775.382,
      "Actual Total Time": 806.894,
      "Actual Rows": 1,
      "Actual Loops": 1,
      "Plans": [
        {
          "Node Type": "Gather",
          "Parent Relationship": "Outer",
          "Parallel Aware": false,
          "Startup Cost": 390421.99,
          "Total Cost": 390422.6,
          "Plan Rows": 6,
          "Plan Width": 8,
          "Actual Startup Time": 774.303,
          "Actual Total Time": 806.885,
          "Actual Rows": 7,
          "Actual Loops": 1,
          "Workers Planned": 6,
          "Workers Launched": 6,
          "Single Copy": false,
          "Plans": [
            {
              "Node Type": "Aggregate",
              "Strategy": "Plain",
              "Partial Mode": "Partial",
              "Parent Relationship": "Outer",
              "Parallel Aware": false,
              "Startup Cost": 389421.99,
              "Total Cost": 389422.0,
              "Plan Rows": 1,
              "Plan Width": 8,
              "Actual Startup Time": 766.764,
              "Actual Total Time": 766.766,
              "Actual Rows": 1,
              "Actual Loops": 7,
              "Plans": [
                {
                  "Node Type": "Hash Join",
                  "Parent Relationship": "Outer",
                  "Parallel Aware": true,
                  "Join Type": "Inner",
                  "Startup Cost": 44190.82,
                  "Total Cost": 389357.01,
                  "Plan Rows": 25990,
                  "Plan Width": 0,
                  "Actual Startup Time": 425.963,
                  "Actual Total Time": 764.479,
                  "Actual Rows": 34187,
                  "Actual Loops": 7,
                  "Inner Unique": true,
                  "Hash Cond": "(ci.movie_id = t.id)",
                  "Plans": [
                    {
                      "Node Type": "Seq Scan",
                      "Parent Relationship": "Outer",
                      "Parallel Aware": true,
                      "Relation Name": "cast_info",
                      "Alias": "ci",
                      "Startup Cost": 0.0,
                      "Total Cost": 343318.94,
                      "Plan Rows": 703715,
                      "Plan Width": 4,
                      "Actual Startup Time": 355.241,
                      "Actual Total Time": 576.455,
                      "Actual Rows": 925230,
                      "Actual Loops": 7,
                      "Filter": "((person_id > 3008858) AND (role_id > 1))",
                      "Rows Removed by Filter": 4252533
                    },
                    {
                      "Node Type": "Hash",
                      "Parent Relationship": "Inner",
                      "Parallel Aware": true,
                      "Startup Cost": 43899.01,
                      "Total Cost": 43899.01,
                      "Plan Rows": 23345,
                      "Plan Width": 4,
                      "Actual Startup Time": 69.343,
                      "Actual Total Time": 69.344,
                      "Actual Rows": 13572,
                      "Actual Loops": 7,
                      "Hash Buckets": 131072,
                      "Original Hash Buckets": 131072,
                      "Hash Batches": 1,
                      "Original Hash Batches": 1,
                      "Peak Memory Usage": 4864,
                      "Plans": [
                        {
                          "Node Type": "Seq Scan",
                          "Parent Relationship": "Outer",
                          "Parallel Aware": true,
                          "Relation Name": "title",
                          "Alias": "t",
                          "Startup Cost": 0.0,
                          "Total Cost": 43899.01,
                          "Plan Rows": 23345,
                          "Plan Width": 4,
                          "Actual Startup Time": 0.039,
                          "Actual Total Time": 63.323,
                          "Actual Rows": 13572,
                          "Actual Loops": 7,
                          "Filter": "(production_year = 2005)",
                          "Rows Removed by Filter": 347615
                        }
                      ]
                    }
                  ]
                }
              ]
            }
          ]
        }
      ]
    },
    "Planning Time": 0.339,
    "Triggers": [],
    "Execution Time": 806.944
  }
]