[
  {
    "Plan": {
      "Node Type": "Aggregate",
      "Strategy": "Plain",
      "Partial Mode": "Finalize",
      "Parallel Aware": false,
      "Startup Cost": 187247.83,
      "Total Cost": 187247.84,
      "Plan Rows": 1,
      "Plan Width": 8,
      "Actual Startup Time": 144.572,
      "Actual Total Time": 169.658,
      "Actual Rows": 1,
      "Actual Loops": 1,
      "Plans": [
        {
          "Node Type": "Gather",
          "Parent Relationship": "Outer",
          "Parallel Aware": false,
          "Startup Cost": 187247.41,
          "Total Cost": 187247.82,
          "Plan Rows": 4,
          "Plan Width": 8,
          "Actual Startup Time": 144.288,
          "Actual Total Time": 169.648,
          "Actual Rows": 5,
          "Actual Loops": 1,
          "Workers Planned": 4,
          "Workers Launched": 4,
          "Single Copy": false,
          "Plans": [
            {
              "Node Type": "Aggregate",
              "Strategy": "Plain",
              "Partial Mode": "Partial",
              "Parent Relationship": "Outer",
              "Parallel Aware": false,
              "Startup Cost": 186247.41,
              "Total Cost": 186247.42,
              "Plan Rows": 1,
              "Plan Width": 8,
              "Actual Startup Time": 136.562,
              "Actual Total Time": 136.565,
              "Actual Rows": 1,
              "Actual Loops": 5,
              "Plans": [
                {
                  "Node Type": "Nested Loop",
                  "Parent Relationship": "Outer",
                  "Parallel Aware": false,
                  "Join Type": "Inner",
                  "Startup Cost": 0.43,
                  "Total Cost": 186245.24,
                  "Plan Rows": 866,
                  "Plan Width": 0,
                  "Actual Startup Time": 0.851,
                  "Actual Total Time": 136.35,
                  "Actual Rows": 1475,
                  "Actual Loops": 5,
                  "Inner Unique": false,
                  "Plans": [
                    {
                      "Node Type": "Seq Scan",
                      "Parent Relationship": "Outer",
                      "Parallel Aware": true,
                      "Relation Name": "title",
                      "Alias": "t",
                      "Startup Cost": 0.0,
                      "Total Cost": 45479.59,
                      "Plan Rows": 1414,
                      "Plan Width": 4,
                      "Actual Startup Time": 0.563,
                      "Actual Total Time": 87.745,
                      "Actual Rows": 1239,
                      "Actual Loops": 5,
                      "Filter": "((kind_id < 7) AND (production_year = 1975))",
                      "Rows Removed by Filter": 504423
                    },
                    {
                      "Node Type": "Index Scan",
                      "Parent Relationship": "Inner",
                      "Parallel Aware": false,
                      "Scan Direction": "Forward",
                      "Index Name": "movie_id_movie_info",
                      "Relation Name": "movie_info",
                      "Alias": "mi",
                      "Startup Cost": 0.43,
                      "Total Cost": 99.51,
                      "Plan Rows": 4,
                      "Plan Width": 4,
                      "Actual Startup Time": 0.038,
                      "Actual Total Time": 0.038,
                      "Actual Rows": 1,
                      "Actual Loops": 6196,
                      "Index Cond": "(movie_id = t.id)",
                      "Rows Removed by Index Recheck": 0,
                      "Filter": "(info_type_id = 3)",
                      "Rows Removed by Filter": 9
                    }
                  ]
                }
              ]
            }
          ]
        }
      ]
    },
    "Planning Time": 0.544,
    "Triggers": [],
    "Execution Time": 169.727
  }
]