[
  {
    "Plan": {
      "Node Type": "Aggregate",
      "Strategy": "Plain",
      "Partial Mode": "Finalize",
      "Parallel Aware": false,
      "Startup Cost": 45961.55,
      "Total Cost": 45961.56,
      "Plan Rows": 1,
      "Plan Width": 8,
      "Actual Startup Time": 158.095,
      "Actual Total Time": 167.356,
      "Actual Rows": 1,
      "Actual Loops": 1,
      "Plans": [
        {
          "Node Type": "Gather",
          "Parent Relationship": "Outer",
          "Parallel Aware": false,
          "Startup Cost": 45961.23,
          "Total Cost": 45961.54,
          "Plan Rows": 3,
          "Plan Width": 8,
          "Actual Startup Time": 157.969,
          "Actual Total Time": 167.348,
          "Actual Rows": 4,
          "Actual Loops": 1,
          "Workers Planned": 3,
          "Workers Launched": 3,
          "Single Copy": false,
          "Plans": [
            {
              "Node Type": "Aggregate",
              "Strategy": "Plain",
              "Partial Mode": "Partial",
              "Parent Relationship": "Outer",
              "Parallel Aware": false,
              "Startup Cost": 44961.23,
              "Total Cost": 44961.24,
              "Plan Rows": 1,
              "Plan Width": 8,
              "Actual Startup Time": 149.451,
              "Actual Total Time": 149.452,
              "Actual Rows": 1,
              "Actual Loops": 4,
              "Plans": [
                {
                  "Node Type": "Seq Scan",
                  "Parent Relationship": "Outer",
                  "Parallel Aware": true,
                  "Relation Name": "movie_keyword",
                  "Alias": "mk",
                  "Startup Cost": 0.0,
                  "Total Cost": 42695.65,
                  "Plan Rows": 906232,
                  "Plan Width": 0,
                  "Actual Startup Time": 0.079,
                  "Actual Total Time": 118.275,
                  "Actual Rows": 701339,
                  "Actual Loops": 4,
                  "Filter": "(keyword_id < 8269)",
                  "Rows Removed by Filter": 429644
                }
              ]
            }
          ]
        }
      ]
    },
    "Planning Time": 0.156,
    "Triggers": [],
    "Execution Time": 167.407
  }
]