{
  "Plan": {
    "Node Type": "Aggregate",
    "Strategy": "Plain",
    "Partial Mode": "Finalize",
    "Parallel Aware": false,
    "Startup Cost": 119859.79,
    "Total Cost": 119859.8,
    "Plan Rows": 1,
    "Plan Width": 8,
    "Actual Startup Time": 293.11,
    "Actual Total Time": 312.507,
    "Actual Rows": 1,
    "Actual Loops": 1,
    "Plans": [
      {
        "Node Type": "Gather",
        "Parent Relationship": "Outer",
        "Parallel Aware": false,
        "Startup Cost": 119859.68,
        "Total Cost": 119859.79,
        "Plan Rows": 1,
        "Plan Width": 8,
        "Actual Startup Time": 292.652,
        "Actual Total Time": 312.496,
        "Actual Rows": 2,
        "Actual Loops": 1,
        "Workers Planned": 1,
        "Workers Launched": 1,
        "Single Copy": false,
        "Plans": [
          {
            "Node Type": "Aggregate",
            "Strategy": "Plain",
            "Partial Mode": "Partial",
            "Parent Relationship": "Outer",
            "Parallel Aware": false,
            "Startup Cost": 118859.68,
            "Total Cost": 118859.69,
            "Plan Rows": 1,
            "Plan Width": 8,
            "Actual Startup Time": 286.419,
            "Actual Total Time": 286.424,
            "Actual Rows": 1,
            "Actual Loops": 2,
            "Plans": [
              {
                "Node Type": "Nested Loop",
                "Parent Relationship": "Outer",
                "Parallel Aware": false,
                "Join Type": "Inner",
                "Startup Cost": 22388.3,
                "Total Cost": 118618.59,
                "Plan Rows": 96438,
                "Plan Width": 0,
                "Actual Startup Time": 229.711,
                "Actual Total Time": 286.144,
                "Actual Rows": 2878,
                "Actual Loops": 2,
                "Inner Unique": false,
                "Plans": [
                  {
                    "Node Type": "Hash Join",
                    "Parent Relationship": "Outer",
                    "Parallel Aware": true,
                    "Join Type": "Inner",
                    "Startup Cost": 22387.74,
                    "Total Cost": 83765.66,
                    "Plan Rows": 10208,
                    "Plan Width": 8,
                    "Actual Startup Time": 229.484,
                    "Actual Total Time": 260.65,
                    "Actual Rows": 402,
                    "Actual Loops": 2,
                    "Inner Unique": false,
                    "Hash Cond": "(t.id = mc.movie_id)",
                    "Plans": [
                      {
                        "Node Type": "Seq Scan",
                        "Parent Relationship": "Outer",
                        "Parallel Aware": true,
                        "Relation Name": "title",
                        "Alias": "t",
                        "Startup Cost": 0.0,
                        "Total Cost": 58306.47,
                        "Plan Rows": 481824,
                        "Plan Width": 4,
                        "Actual Startup Time": 0.021,
                        "Actual Total Time": 157.254,
                        "Actual Rows": 373806,
                        "Actual Loops": 2,
                        "Filter": "((kind_id > 4) AND (production_year < 2005))",
                        "Rows Removed by Filter": 890350
                      },
                      {
                        "Node Type": "Hash",
                        "Parent Relationship": "Inner",
                        "Parallel Aware": true,
                        "Startup Cost": 21993.89,
                        "Total Cost": 21993.89,
                        "Plan Rows": 31508,
                        "Plan Width": 4,
                        "Actual Startup Time": 48.677,
                        "Actual Total Time": 48.679,
                        "Actual Rows": 49972,
                        "Actual Loops": 2,
                        "Hash Buckets": 131072,
                        "Original Hash Buckets": 65536,
                        "Hash Batches": 1,
                        "Original Hash Batches": 1,
                        "Peak Memory Usage": 5472,
                        "Plans": [
                          {
                            "Node Type": "Bitmap Heap Scan",
                            "Parent Relationship": "Outer",
                            "Parallel Aware": true,
                            "Relation Name": "movie_companies",
                            "Alias": "mc",
                            "Startup Cost": 2273.04,
                            "Total Cost": 21993.89,
                            "Plan Rows": 31508,
                            "Plan Width": 4,
                            "Actual Startup Time": 10.142,
                            "Actual Total Time": 33.64,
                            "Actual Rows": 49972,
                            "Actual Loops": 2,
                            "Recheck Cond": "(company_id > 157547)",
                            "Rows Removed by Index Recheck": 0,
                            "Filter": "(company_type_id = 2)",
                            "Rows Removed by Filter": 0,
                            "Exact Heap Blocks": 2246,
                            "Lossy Heap Blocks": 0,
                            "Plans": [
                              {
                                "Node Type": "Bitmap Index Scan",
                                "Parent Relationship": "Outer",
                                "Parallel Aware": false,
                                "Index Name": "company_id_movie_companies",
                                "Startup Cost": 0.0,
                                "Total Cost": 2259.65,
                                "Plan Rows": 105496,
                                "Plan Width": 0,
                                "Actual Startup Time": 13.769,
                                "Actual Total Time": 13.769,
                                "Actual Rows": 99944,
                                "Actual Loops": 1,
                                "Index Cond": "(company_id > 157547)"
                              }
                            ]
                          }
                        ]
                      }
                    ]
                  },
                  {
                    "Node Type": "Index Scan",
                    "Parent Relationship": "Inner",
                    "Parallel Aware": false,
                    "Scan Direction": "Forward",
                    "Index Name": "movie_id_cast_info",
                    "Relation Name": "cast_info",
                    "Alias": "ci",
                    "Startup Cost": 0.56,
                    "Total Cost": 3.17,
                    "Plan Rows": 24,
                    "Plan Width": 4,
                    "Actual Startup Time": 0.014,
                    "Actual Total Time": 0.062,
                    "Actual Rows": 7,
                    "Actual Loops": 805,
                    "Index Cond": "(movie_id = t.id)",
                    "Rows Removed by Index Recheck": 0,
                    "Filter": "(role_id < 4)",
                    "Rows Removed by Filter": 10
                  }
                ]
              }
            ]
          }
        ]
      }
    ]
  },
  "Planning Time": 1.014,
  "Triggers": [],
  "Execution Time": 312.617
}