[
  {
    "Plan": {
      "Node Type": "Aggregate",
      "Strategy": "Plain",
      "Partial Mode": "Finalize",
      "Parallel Aware": false,
      "Startup Cost": 188423.07,
      "Total Cost": 188423.08,
      "Plan Rows": 1,
      "Plan Width": 8,
      "Actual Startup Time": 2720.452,
      "Actual Total Time": 2804.521,
      "Actual Rows": 1,
      "Actual Loops": 1,
      "Plans": [
        {
          "Node Type": "Gather",
          "Parent Relationship": "Outer",
          "Parallel Aware": false,
          "Startup Cost": 188422.76,
          "Total Cost": 188423.07,
          "Plan Rows": 3,
          "Plan Width": 8,
          "Actual Startup Time": 2715.792,
          "Actual Total Time": 2804.511,
          "Actual Rows": 4,
          "Actual Loops": 1,
          "Workers Planned": 3,
          "Workers Launched": 3,
          "Single Copy": false,
          "Plans": [
            {
              "Node Type": "Aggregate",
              "Strategy": "Plain",
              "Partial Mode": "Partial",
              "Parent Relationship": "Outer",
              "Parallel Aware": false,
              "Startup Cost": 187422.76,
              "Total Cost": 187422.77,
              "Plan Rows": 1,
              "Plan Width": 8,
              "Actual Startup Time": 2707.66,
              "Actual Total Time": 2707.664,
              "Actual Rows": 1,
              "Actual Loops": 4,
              "Plans": [
                {
                  "Node Type": "Nested Loop",
                  "Parent Relationship": "Outer",
                  "Parallel Aware": false,
                  "Join Type": "Inner",
                  "Startup Cost": 52950.06,
                  "Total Cost": 186598.78,
                  "Plan Rows": 329591,
                  "Plan Width": 0,
                  "Actual Startup Time": 201.323,
                  "Actual Total Time": 2630.735,
                  "Actual Rows": 1520971,
                  "Actual Loops": 4,
                  "Inner Unique": false,
                  "Plans": [
                    {
                      "Node Type": "Hash Join",
                      "Parent Relationship": "Outer",
                      "Parallel Aware": true,
                      "Join Type": "Inner",
                      "Startup Cost": 52949.5,
                      "Total Cost": 78775.24,
                      "Plan Rows": 35386,
                      "Plan Width": 8,
                      "Actual Startup Time": 201.191,
                      "Actual Total Time": 286.43,
                      "Actual Rows": 58018,
                      "Actual Loops": 4,
                      "Inner Unique": true,
                      "Hash Cond": "(mk.movie_id = t.id)",
                      "Plans": [
                        {
                          "Node Type": "Bitmap Heap Scan",
                          "Parent Relationship": "Outer",
                          "Parallel Aware": true,
                          "Relation Name": "movie_keyword",
                          "Alias": "mk",
                          "Startup Cost": 5967.35,
                          "Total Cost": 31555.03,
                          "Plan Rows": 90694,
                          "Plan Width": 4,
                          "Actual Startup Time": 18.483,
                          "Actual Total Time": 59.455,
                          "Actual Rows": 68112,
                          "Actual Loops": 4,
                          "Recheck Cond": "(keyword_id < 231)",
                          "Rows Removed by Index Recheck": 0,
                          "Exact Heap Blocks": 7348,
                          "Lossy Heap Blocks": 0,
                          "Plans": [
                            {
                              "Node Type": "Bitmap Index Scan",
                              "Parent Relationship": "Outer",
                              "Parallel Aware": false,
                              "Index Name": "keyword_id_movie_keyword",
                              "Startup Cost": 0.0,
                              "Total Cost": 5897.06,
                              "Plan Rows": 281151,
                              "Plan Width": 0,
                              "Actual Startup Time": 14.969,
                              "Actual Total Time": 14.97,
                              "Actual Rows": 272446,
                              "Actual Loops": 1,
                              "Index Cond": "(keyword_id < 231)"
                            }
                          ]
                        },
                        {
                          "Node Type": "Hash",
                          "Parent Relationship": "Inner",
                          "Parallel Aware": true,
                          "Startup Cost": 43899.32,
                          "Total Cost": 43899.32,
                          "Plan Rows": 246626,
                          "Plan Width": 4,
                          "Actual Startup Time": 179.507,
                          "Actual Total Time": 179.508,
                          "Actual Rows": 246262,
                          "Actual Loops": 4,
                          "Hash Buckets": 1048576,
                          "Original Hash Buckets": 1048576,
                          "Hash Batches": 1,
                          "Original Hash Batches": 1,
                          "Peak Memory Usage": 46784,
                          "Plans": [
                            {
                              "Node Type": "Seq Scan",
                              "Parent Relationship": "Outer",
                              "Parallel Aware": true,
                              "Relation Name": "title",
                              "Alias": "t",
                              "Startup Cost": 0.0,
                              "Total Cost": 43899.32,
                              "Plan Rows": 246626,
                              "Plan Width": 4,
                              "Actual Startup Time": 0.056,
                              "Actual Total Time": 100.086,
                              "Actual Rows": 246262,
                              "Actual Loops": 4,
                              "Filter": "(kind_id < 7)",
                              "Rows Removed by Filter": 385816
                            }
                          ]
                        }
                      ]
                    },
                    {
                      "Node Type": "Index Scan",
                      "Parent Relationship": "Inner",
                      "Parallel Aware": false,
                      "Scan Direction": "Forward",
                      "Index Name": "movie_id_cast_info",
                      "Relation Name": "cast_info",
                      "Alias": "ci",
                      "Startup Cost": 0.56,
                      "Total Cost": 2.82,
                      "Plan Rows": 23,
                      "Plan Width": 4,
                      "Actual Startup Time": 0.017,
                      "Actual Total Time": 0.038,
                      "Actual Rows": 26,
                      "Actual Loops": 232074,
                      "Index Cond": "(movie_id = t.id)",
                      "Rows Removed by Index Recheck": 0,
                      "Filter": "(role_id > 1)",
                      "Rows Removed by Filter": 16
                    }
                  ]
                }
              ]
            }
          ]
        }
      ]
    },
    "Planning Time": 0.547,
    "Triggers": [],
    "Execution Time": 2804.604
  }
]