[
  {
    "Plan": {
      "Node Type": "Aggregate",
      "Strategy": "Plain",
      "Partial Mode": "Finalize",
      "Parallel Aware": false,
      "Startup Cost": 32799.22,
      "Total Cost": 32799.23,
      "Plan Rows": 1,
      "Plan Width": 8,
      "Actual Startup Time": 100.893,
      "Actual Total Time": 107.111,
      "Actual Rows": 1,
      "Actual Loops": 1,
      "Plans": [
        {
          "Node Type": "Gather",
          "Parent Relationship": "Outer",
          "Parallel Aware": false,
          "Startup Cost": 32798.91,
          "Total Cost": 32799.22,
          "Plan Rows": 3,
          "Plan Width": 8,
          "Actual Startup Time": 100.789,
          "Actual Total Time": 107.104,
          "Actual Rows": 4,
          "Actual Loops": 1,
          "Workers Planned": 3,
          "Workers Launched": 3,
          "Single Copy": false,
          "Plans": [
            {
              "Node Type": "Aggregate",
              "Strategy": "Plain",
              "Partial Mode": "Partial",
              "Parent Relationship": "Outer",
              "Parallel Aware": false,
              "Startup Cost": 31798.91,
              "Total Cost": 31798.92,
              "Plan Rows": 1,
              "Plan Width": 8,
              "Actual Startup Time": 92.33,
              "Actual Total Time": 92.331,
              "Actual Rows": 1,
              "Actual Loops": 4,
              "Plans": [
                {
                  "Node Type": "Seq Scan",
                  "Parent Relationship": "Outer",
                  "Parallel Aware": true,
                  "Relation Name": "movie_companies",
                  "Alias": "mc",
                  "Startup Cost": 0.0,
                  "Total Cost": 31414.82,
                  "Plan Rows": 153635,
                  "Plan Width": 0,
                  "Actual Startup Time": 48.094,
                  "Actual Total Time": 83.285,
                  "Actual Rows": 197243,
                  "Actual Loops": 4,
                  "Filter": "((company_id > 19962) AND (company_type_id > 1))",
                  "Rows Removed by Filter": 455039
                }
              ]
            }
          ]
        }
      ]
    },
    "Planning Time": 0.213,
    "Triggers": [],
    "Execution Time": 107.166
  }
]