{
    "Plan": {
        "Node Type": "Aggregate",
        "Strategy": "Plain",
        "Partial Mode": "Simple",
        "Parallel Aware": false,
        "Startup Cost": 110001173429.57,
        "Total Cost": 110001173429.58,
        "Plan Rows": 1,
        "Plan Width": 8,
        "Actual Startup Time": 4673.541,
        "Actual Total Time": 4673.705,
        "Actual Rows": 1,
        "Actual Loops": 1,
        "Output": [
            "count(*)"
        ],
        "Plans": [
            {
                "Node Type": "Hash Join",
                "Parent Relationship": "Outer",
                "Parallel Aware": false,
                "Join Type": "Inner",
                "Startup Cost": 110001173415.57,
                "Total Cost": 110001173429.57,
                "Plan Rows": 1,
                "Plan Width": 0,
                "Actual Startup Time": 4673.538,
                "Actual Total Time": 4673.701,
                "Actual Rows": 0,
                "Actual Loops": 1,
                "Inner Unique": false,
                "Hash Cond": "(it3.id = pi.info_type_id)",
                "Plans": [
                    {
                        "Node Type": "Index Scan",
                        "Parent Relationship": "Outer",
                        "Parallel Aware": false,
                        "Scan Direction": "Forward",
                        "Index Name": "info_type_pkey",
                        "Relation Name": "info_type",
                        "Schema": "public",
                        "Alias": "it3",
                        "Startup Cost": 0.14,
                        "Total Cost": 14.12,
                        "Plan Rows": 1,
                        "Plan Width": 4,
                        "Actual Startup Time": 0.022,
                        "Actual Total Time": 0.023,
                        "Actual Rows": 1,
                        "Actual Loops": 1,
                        "Output": [
                            "it3.id",
                            "it3.info"
                        ],
                        "Filter": "((it3.info)::text = 'height'::text)",
                        "Rows Removed by Filter": 21
                    },
                    {
                        "Node Type": "Hash",
                        "Parent Relationship": "Inner",
                        "Parallel Aware": false,
                        "Startup Cost": 110001173415.42,
                        "Total Cost": 110001173415.42,
                        "Plan Rows": 1,
                        "Plan Width": 4,
                        "Actual Startup Time": 4673.511,
                        "Actual Total Time": 4673.673,
                        "Actual Rows": 0,
                        "Actual Loops": 1,
                        "Output": [
                            "pi.info_type_id"
                        ],
                        "Hash Buckets": 1024,
                        "Original Hash Buckets": 1024,
                        "Hash Batches": 1,
                        "Original Hash Batches": 1,
                        "Peak Memory Usage": 8,
                        "Plans": [
                            {
                                "Node Type": "Nested Loop",
                                "Parent Relationship": "Outer",
                                "Parallel Aware": false,
                                "Join Type": "Inner",
                                "Startup Cost": 110001166412.32,
                                "Total Cost": 110001173415.42,
                                "Plan Rows": 1,
                                "Plan Width": 4,
                                "Actual Startup Time": 4673.511,
                                "Actual Total Time": 4673.672,
                                "Actual Rows": 0,
                                "Actual Loops": 1,
                                "Output": [
                                    "pi.info_type_id"
                                ],
                                "Inner Unique": true,
                                "Plans": [
                                    {
                                        "Node Type": "Nested Loop",
                                        "Parent Relationship": "Outer",
                                        "Parallel Aware": false,
                                        "Join Type": "Inner",
                                        "Startup Cost": 110001166412.19,
                                        "Total Cost": 110001173415.25,
                                        "Plan Rows": 1,
                                        "Plan Width": 8,
                                        "Actual Startup Time": 4673.51,
                                        "Actual Total Time": 4673.671,
                                        "Actual Rows": 0,
                                        "Actual Loops": 1,
                                        "Output": [
                                            "cc.subject_id",
                                            "pi.info_type_id"
                                        ],
                                        "Inner Unique": false,
                                        "Join Filter": "(n.id = pi.person_id)",
                                        "Rows Removed by Join Filter": 0,
                                        "Plans": [
                                            {
                                                "Node Type": "Nested Loop",
                                                "Parent Relationship": "Outer",
                                                "Parallel Aware": false,
                                                "Join Type": "Inner",
                                                "Startup Cost": 100001166411.5,
                                                "Total Cost": 100001173409.94,
                                                "Plan Rows": 1,
                                                "Plan Width": 16,
                                                "Actual Startup Time": 4673.51,
                                                "Actual Total Time": 4673.67,
                                                "Actual Rows": 0,
                                                "Actual Loops": 1,
                                                "Output": [
                                                    "an.person_id",
                                                    "ci.person_id",
                                                    "cc.subject_id",
                                                    "n.id"
                                                ],
                                                "Inner Unique": true,
                                                "Plans": [
                                                    {
                                                        "Node Type": "Nested Loop",
                                                        "Parent Relationship": "Outer",
                                                        "Parallel Aware": false,
                                                        "Join Type": "Inner",
                                                        "Startup Cost": 90001166411.07,
                                                        "Total Cost": 90001173405.49,
                                                        "Plan Rows": 1,
                                                        "Plan Width": 20,
                                                        "Actual Startup Time": 4673.509,
                                                        "Actual Total Time": 4673.668,
                                                        "Actual Rows": 0,
                                                        "Actual Loops": 1,
                                                        "Output": [
                                                            "an.person_id",
                                                            "ci.person_id",
                                                            "cc.subject_id",
                                                            "mc.company_id",
                                                            "n.id"
                                                        ],
                                                        "Inner Unique": true,
                                                        "Plans": [
                                                            {
                                                                "Node Type": "Merge Join",
                                                                "Parent Relationship": "Outer",
                                                                "Parallel Aware": false,
                                                                "Join Type": "Inner",
                                                                "Startup Cost": 80001166410.94,
                                                                "Total Cost": 80001173397.32,
                                                                "Plan Rows": 1,
                                                                "Plan Width": 24,
                                                                "Actual Startup Time": 4673.509,
                                                                "Actual Total Time": 4673.666,
                                                                "Actual Rows": 0,
                                                                "Actual Loops": 1,
                                                                "Output": [
                                                                    "an.person_id",
                                                                    "ci.person_id",
                                                                    "cc.subject_id",
                                                                    "cc.status_id",
                                                                    "mc.company_id",
                                                                    "n.id"
                                                                ],
                                                                "Inner Unique": false,
                                                                "Merge Cond": "(cc.movie_id = t.id)",
                                                                "Plans": [
                                                                    {
                                                                        "Node Type": "Index Scan",
                                                                        "Parent Relationship": "Outer",
                                                                        "Parallel Aware": false,
                                                                        "Scan Direction": "Forward",
                                                                        "Index Name": "movie_id_complete_cast",
                                                                        "Relation Name": "complete_cast",
                                                                        "Schema": "public",
                                                                        "Alias": "cc",
                                                                        "Startup Cost": 0.42,
                                                                        "Total Cost": 6651.09,
                                                                        "Plan Rows": 135086,
                                                                        "Plan Width": 12,
                                                                        "Actual Startup Time": 0.017,
                                                                        "Actual Total Time": 0.018,
                                                                        "Actual Rows": 1,
                                                                        "Actual Loops": 1,
                                                                        "Output": [
                                                                            "cc.id",
                                                                            "cc.movie_id",
                                                                            "cc.subject_id",
                                                                            "cc.status_id"
                                                                        ]
                                                                    },
                                                                    {
                                                                        "Node Type": "Sort",
                                                                        "Parent Relationship": "Inner",
                                                                        "Parallel Aware": false,
                                                                        "Startup Cost": 80001166410.52,
                                                                        "Total Cost": 80001166410.52,
                                                                        "Plan Rows": 1,
                                                                        "Plan Width": 36,
                                                                        "Actual Startup Time": 4673.49,
                                                                        "Actual Total Time": 4673.645,
                                                                        "Actual Rows": 0,
                                                                        "Actual Loops": 1,
                                                                        "Output": [
                                                                            "an.person_id",
                                                                            "ci.movie_id",
                                                                            "ci.person_id",
                                                                            "mc.movie_id",
                                                                            "mc.company_id",
                                                                            "mi.movie_id",
                                                                            "mk.movie_id",
                                                                            "n.id",
                                                                            "t.id"
                                                                        ],
                                                                        "Sort Key": [
                                                                            "ci.movie_id"
                                                                        ],
                                                                        "Sort Method": "quicksort",
                                                                        "Sort Space Used": 25,
                                                                        "Sort Space Type": "Memory",
                                                                        "Plans": [
                                                                            {
                                                                                "Node Type": "Merge Join",
                                                                                "Parent Relationship": "Outer",
                                                                                "Parallel Aware": false,
                                                                                "Join Type": "Inner",
                                                                                "Startup Cost": 80001166410.48,
                                                                                "Total Cost": 80001166410.51,
                                                                                "Plan Rows": 1,
                                                                                "Plan Width": 36,
                                                                                "Actual Startup Time": 4673.486,
                                                                                "Actual Total Time": 4673.641,
                                                                                "Actual Rows": 0,
                                                                                "Actual Loops": 1,
                                                                                "Output": [
                                                                                    "an.person_id",
                                                                                    "ci.movie_id",
                                                                                    "ci.person_id",
                                                                                    "mc.movie_id",
                                                                                    "mc.company_id",
                                                                                    "mi.movie_id",
                                                                                    "mk.movie_id",
                                                                                    "n.id",
                                                                                    "t.id"
                                                                                ],
                                                                                "Inner Unique": false,
                                                                                "Merge Cond": "(k.id = mk.keyword_id)",
                                                                                "Plans": [
                                                                                    {
                                                                                        "Node Type": "Sort",
                                                                                        "Parent Relationship": "Outer",
                                                                                        "Parallel Aware": false,
                                                                                        "Startup Cost": 10000002626.14,
                                                                                        "Total Cost": 10000002626.14,
                                                                                        "Plan Rows": 1,
                                                                                        "Plan Width": 4,
                                                                                        "Actual Startup Time": 8.869,
                                                                                        "Actual Total Time": 8.87,
                                                                                        "Actual Rows": 1,
                                                                                        "Actual Loops": 1,
                                                                                        "Output": [
                                                                                            "k.id"
                                                                                        ],
                                                                                        "Sort Key": [
                                                                                            "k.id"
                                                                                        ],
                                                                                        "Sort Method": "quicksort",
                                                                                        "Sort Space Used": 25,
                                                                                        "Sort Space Type": "Memory",
                                                                                        "Plans": [
                                                                                            {
                                                                                                "Node Type": "Seq Scan",
                                                                                                "Parent Relationship": "Outer",
                                                                                                "Parallel Aware": false,
                                                                                                "Relation Name": "keyword",
                                                                                                "Schema": "public",
                                                                                                "Alias": "k",
                                                                                                "Startup Cost": 10000000000.0,
                                                                                                "Total Cost": 10000002626.12,
                                                                                                "Plan Rows": 1,
                                                                                                "Plan Width": 4,
                                                                                                "Actual Startup Time": 0.035,
                                                                                                "Actual Total Time": 8.864,
                                                                                                "Actual Rows": 1,
                                                                                                "Actual Loops": 1,
                                                                                                "Output": [
                                                                                                    "k.id"
                                                                                                ],
                                                                                                "Filter": "(k.keyword = 'computer-animation'::text)",
                                                                                                "Rows Removed by Filter": 134169
                                                                                            }
                                                                                        ]
                                                                                    },
                                                                                    {
                                                                                        "Node Type": "Sort",
                                                                                        "Parent Relationship": "Inner",
                                                                                        "Parallel Aware": false,
                                                                                        "Startup Cost": 70001163784.35,
                                                                                        "Total Cost": 70001163784.35,
                                                                                        "Plan Rows": 1,
                                                                                        "Plan Width": 40,
                                                                                        "Actual Startup Time": 4664.614,
                                                                                        "Actual Total Time": 4664.767,
                                                                                        "Actual Rows": 0,
                                                                                        "Actual Loops": 1,
                                                                                        "Output": [
                                                                                            "an.person_id",
                                                                                            "ci.movie_id",
                                                                                            "ci.person_id",
                                                                                            "mc.movie_id",
                                                                                            "mc.company_id",
                                                                                            "mi.movie_id",
                                                                                            "mk.movie_id",
                                                                                            "mk.keyword_id",
                                                                                            "n.id",
                                                                                            "t.id"
                                                                                        ],
                                                                                        "Sort Key": [
                                                                                            "mk.keyword_id"
                                                                                        ],
                                                                                        "Sort Method": "quicksort",
                                                                                        "Sort Space Used": 25,
                                                                                        "Sort Space Type": "Memory",
                                                                                        "Plans": [
                                                                                            {
                                                                                                "Node Type": "Hash Join",
                                                                                                "Parent Relationship": "Outer",
                                                                                                "Parallel Aware": false,
                                                                                                "Join Type": "Inner",
                                                                                                "Startup Cost": 70001109118.8,
                                                                                                "Total Cost": 70001163784.34,
                                                                                                "Plan Rows": 1,
                                                                                                "Plan Width": 40,
                                                                                                "Actual Startup Time": 4664.601,
                                                                                                "Actual Total Time": 4664.753,
                                                                                                "Actual Rows": 0,
                                                                                                "Actual Loops": 1,
                                                                                                "Output": [
                                                                                                    "an.person_id",
                                                                                                    "ci.movie_id",
                                                                                                    "ci.person_id",
                                                                                                    "mc.movie_id",
                                                                                                    "mc.company_id",
                                                                                                    "mi.movie_id",
                                                                                                    "mk.movie_id",
                                                                                                    "mk.keyword_id",
                                                                                                    "n.id",
                                                                                                    "t.id"
                                                                                                ],
                                                                                                "Inner Unique": false,
                                                                                                "Hash Cond": "(mc.movie_id = t.id)",
                                                                                                "Plans": [
                                                                                                    {
                                                                                                        "Node Type": "Seq Scan",
                                                                                                        "Parent Relationship": "Outer",
                                                                                                        "Parallel Aware": false,
                                                                                                        "Relation Name": "movie_companies",
                                                                                                        "Schema": "public",
                                                                                                        "Alias": "mc",
                                                                                                        "Startup Cost": 10000000000.0,
                                                                                                        "Total Cost": 10000044881.29,
                                                                                                        "Plan Rows": 2609129,
                                                                                                        "Plan Width": 8,
                                                                                                        "Actual Startup Time": 0.01,
                                                                                                        "Actual Total Time": 0.011,
                                                                                                        "Actual Rows": 1,
                                                                                                        "Actual Loops": 1,
                                                                                                        "Output": [
                                                                                                            "mc.id",
                                                                                                            "mc.movie_id",
                                                                                                            "mc.company_id",
                                                                                                            "mc.company_type_id",
                                                                                                            "mc.note"
                                                                                                        ]
                                                                                                    },
                                                                                                    {
                                                                                                        "Node Type": "Hash",
                                                                                                        "Parent Relationship": "Inner",
                                                                                                        "Parallel Aware": false,
                                                                                                        "Startup Cost": 60001109118.79,
                                                                                                        "Total Cost": 60001109118.79,
                                                                                                        "Plan Rows": 1,
                                                                                                        "Plan Width": 32,
                                                                                                        "Actual Startup Time": 4664.584,
                                                                                                        "Actual Total Time": 4664.735,
                                                                                                        "Actual Rows": 0,
                                                                                                        "Actual Loops": 1,
                                                                                                        "Output": [
                                                                                                            "an.person_id",
                                                                                                            "ci.movie_id",
                                                                                                            "ci.person_id",
                                                                                                            "mi.movie_id",
                                                                                                            "mk.movie_id",
                                                                                                            "mk.keyword_id",
                                                                                                            "n.id",
                                                                                                            "t.id"
                                                                                                        ],
                                                                                                        "Hash Buckets": 1024,
                                                                                                        "Original Hash Buckets": 1024,
                                                                                                        "Hash Batches": 1,
                                                                                                        "Original Hash Batches": 1,
                                                                                                        "Peak Memory Usage": 8,
                                                                                                        "Plans": [
                                                                                                            {
                                                                                                                "Node Type": "Nested Loop",
                                                                                                                "Parent Relationship": "Outer",
                                                                                                                "Parallel Aware": false,
                                                                                                                "Join Type": "Inner",
                                                                                                                "Startup Cost": 60001109114.53,
                                                                                                                "Total Cost": 60001109118.79,
                                                                                                                "Plan Rows": 1,
                                                                                                                "Plan Width": 32,
                                                                                                                "Actual Startup Time": 4664.583,
                                                                                                                "Actual Total Time": 4664.733,
                                                                                                                "Actual Rows": 0,
                                                                                                                "Actual Loops": 1,
                                                                                                                "Output": [
                                                                                                                    "an.person_id",
                                                                                                                    "ci.movie_id",
                                                                                                                    "ci.person_id",
                                                                                                                    "mi.movie_id",
                                                                                                                    "mk.movie_id",
                                                                                                                    "mk.keyword_id",
                                                                                                                    "n.id",
                                                                                                                    "t.id"
                                                                                                                ],
                                                                                                                "Inner Unique": true,
                                                                                                                "Join Filter": "(ci.person_id = n.id)",
                                                                                                                "Rows Removed by Join Filter": 0,
                                                                                                                "Plans": [
                                                                                                                    {
                                                                                                                        "Node Type": "Hash Join",
                                                                                                                        "Parent Relationship": "Outer",
                                                                                                                        "Parallel Aware": false,
                                                                                                                        "Join Type": "Inner",
                                                                                                                        "Startup Cost": 50001109114.02,
                                                                                                                        "Total Cost": 50001109114.26,
                                                                                                                        "Plan Rows": 1,
                                                                                                                        "Plan Width": 28,
                                                                                                                        "Actual Startup Time": 4662.911,
                                                                                                                        "Actual Total Time": 4663.191,
                                                                                                                        "Actual Rows": 324,
                                                                                                                        "Actual Loops": 1,
                                                                                                                        "Output": [
                                                                                                                            "an.person_id",
                                                                                                                            "ci.movie_id",
                                                                                                                            "ci.person_id",
                                                                                                                            "mi.movie_id",
                                                                                                                            "mk.movie_id",
                                                                                                                            "mk.keyword_id",
                                                                                                                            "t.id"
                                                                                                                        ],
                                                                                                                        "Inner Unique": false,
                                                                                                                        "Hash Cond": "(ci.person_id = an.person_id)",
                                                                                                                        "Plans": [
                                                                                                                            {
                                                                                                                                "Node Type": "Merge Join",
                                                                                                                                "Parent Relationship": "Outer",
                                                                                                                                "Parallel Aware": false,
                                                                                                                                "Join Type": "Inner",
                                                                                                                                "Startup Cost": 40001077437.8,
                                                                                                                                "Total Cost": 40001077437.83,
                                                                                                                                "Plan Rows": 1,
                                                                                                                                "Plan Width": 24,
                                                                                                                                "Actual Startup Time": 4436.575,
                                                                                                                                "Actual Total Time": 4436.759,
                                                                                                                                "Actual Rows": 108,
                                                                                                                                "Actual Loops": 1,
                                                                                                                                "Output": [
                                                                                                                                    "ci.movie_id",
                                                                                                                                    "ci.person_id",
                                                                                                                                    "mi.movie_id",
                                                                                                                                    "mk.movie_id",
                                                                                                                                    "mk.keyword_id",
                                                                                                                                    "t.id"
                                                                                                                                ],
                                                                                                                                "Inner Unique": false,
                                                                                                                                "Merge Cond": "(it.id = mi.info_type_id)",
                                                                                                                                "Plans": [
                                                                                                                                    {
                                                                                                                                        "Node Type": "Sort",
                                                                                                                                        "Parent Relationship": "Outer",
                                                                                                                                        "Parallel Aware": false,
                                                                                                                                        "Startup Cost": 10000000002.42,
                                                                                                                                        "Total Cost": 10000000002.43,
                                                                                                                                        "Plan Rows": 1,
                                                                                                                                        "Plan Width": 4,
                                                                                                                                        "Actual Startup Time": 0.039,
                                                                                                                                        "Actual Total Time": 0.04,
                                                                                                                                        "Actual Rows": 1,
                                                                                                                                        "Actual Loops": 1,
                                                                                                                                        "Output": [
                                                                                                                                            "it.id"
                                                                                                                                        ],
                                                                                                                                        "Sort Key": [
                                                                                                                                            "it.id"
                                                                                                                                        ],
                                                                                                                                        "Sort Method": "quicksort",
                                                                                                                                        "Sort Space Used": 25,
                                                                                                                                        "Sort Space Type": "Memory",
                                                                                                                                        "Plans": [
                                                                                                                                            {
                                                                                                                                                "Node Type": "Seq Scan",
                                                                                                                                                "Parent Relationship": "Outer",
                                                                                                                                                "Parallel Aware": false,
                                                                                                                                                "Relation Name": "info_type",
                                                                                                                                                "Schema": "public",
                                                                                                                                                "Alias": "it",
                                                                                                                                                "Startup Cost": 10000000000.0,
                                                                                                                                                "Total Cost": 10000000002.41,
                                                                                                                                                "Plan Rows": 1,
                                                                                                                                                "Plan Width": 4,
                                                                                                                                                "Actual Startup Time": 0.018,
                                                                                                                                                "Actual Total Time": 0.022,
                                                                                                                                                "Actual Rows": 1,
                                                                                                                                                "Actual Loops": 1,
                                                                                                                                                "Output": [
                                                                                                                                                    "it.id"
                                                                                                                                                ],
                                                                                                                                                "Filter": "((it.info)::text = 'release dates'::text)",
                                                                                                                                                "Rows Removed by Filter": 112
                                                                                                                                            }
                                                                                                                                        ]
                                                                                                                                    },
                                                                                                                                    {
                                                                                                                                        "Node Type": "Sort",
                                                                                                                                        "Parent Relationship": "Inner",
                                                                                                                                        "Parallel Aware": false,
                                                                                                                                        "Startup Cost": 30001077435.38,
                                                                                                                                        "Total Cost": 30001077435.39,
                                                                                                                                        "Plan Rows": 1,
                                                                                                                                        "Plan Width": 28,
                                                                                                                                        "Actual Startup Time": 4436.532,
                                                                                                                                        "Actual Total Time": 4436.692,
                                                                                                                                        "Actual Rows": 108,
                                                                                                                                        "Actual Loops": 1,
                                                                                                                                        "Output": [
                                                                                                                                            "ci.movie_id",
                                                                                                                                            "ci.person_id",
                                                                                                                                            "mi.movie_id",
                                                                                                                                            "mi.info_type_id",
                                                                                                                                            "mk.movie_id",
                                                                                                                                            "mk.keyword_id",
                                                                                                                                            "t.id"
                                                                                                                                        ],
                                                                                                                                        "Sort Key": [
                                                                                                                                            "mi.info_type_id"
                                                                                                                                        ],
                                                                                                                                        "Sort Method": "quicksort",
                                                                                                                                        "Sort Space Used": 33,
                                                                                                                                        "Sort Space Type": "Memory",
                                                                                                                                        "Plans": [
                                                                                                                                            {
                                                                                                                                                "Node Type": "Nested Loop",
                                                                                                                                                "Parent Relationship": "Outer",
                                                                                                                                                "Parallel Aware": false,
                                                                                                                                                "Join Type": "Inner",
                                                                                                                                                "Startup Cost": 30001054811.1,
                                                                                                                                                "Total Cost": 30001077435.37,
                                                                                                                                                "Plan Rows": 1,
                                                                                                                                                "Plan Width": 28,
                                                                                                                                                "Actual Startup Time": 4429.526,
                                                                                                                                                "Actual Total Time": 4436.632,
                                                                                                                                                "Actual Rows": 108,
                                                                                                                                                "Actual Loops": 1,
                                                                                                                                                "Output": [
                                                                                                                                                    "ci.movie_id",
                                                                                                                                                    "ci.person_id",
                                                                                                                                                    "mi.movie_id",
                                                                                                                                                    "mi.info_type_id",
                                                                                                                                                    "mk.movie_id",
                                                                                                                                                    "mk.keyword_id",
                                                                                                                                                    "t.id"
                                                                                                                                                ],
                                                                                                                                                "Inner Unique": false,
                                                                                                                                                "Join Filter": "(t.id = mi.movie_id)",
                                                                                                                                                "Rows Removed by Join Filter": 0,
                                                                                                                                                "Plans": [
                                                                                                                                                    {
                                                                                                                                                        "Node Type": "Merge Join",
                                                                                                                                                        "Parent Relationship": "Outer",
                                                                                                                                                        "Parallel Aware": false,
                                                                                                                                                        "Join Type": "Inner",
                                                                                                                                                        "Startup Cost": 20001054810.32,
                                                                                                                                                        "Total Cost": 20001077430.0,
                                                                                                                                                        "Plan Rows": 1,
                                                                                                                                                        "Plan Width": 20,
                                                                                                                                                        "Actual Startup Time": 4429.422,
                                                                                                                                                        "Actual Total Time": 4429.611,
                                                                                                                                                        "Actual Rows": 108,
                                                                                                                                                        "Actual Loops": 1,
                                                                                                                                                        "Output": [
                                                                                                                                                            "ci.movie_id",
                                                                                                                                                            "ci.person_id",
                                                                                                                                                            "mk.movie_id",
                                                                                                                                                            "mk.keyword_id",
                                                                                                                                                            "t.id"
                                                                                                                                                        ],
                                                                                                                                                        "Inner Unique": false,
                                                                                                                                                        "Merge Cond": "(t.id = mk.movie_id)",
                                                                                                                                                        "Plans": [
                                                                                                                                                            {
                                                                                                                                                                "Node Type": "Sort",
                                                                                                                                                                "Parent Relationship": "Outer",
                                                                                                                                                                "Parallel Aware": false,
                                                                                                                                                                "Startup Cost": 20000485015.9,
                                                                                                                                                                "Total Cost": 20000485015.9,
                                                                                                                                                                "Plan Rows": 1,
                                                                                                                                                                "Plan Width": 12,
                                                                                                                                                                "Actual Startup Time": 3057.711,
                                                                                                                                                                "Actual Total Time": 3057.855,
                                                                                                                                                                "Actual Rows": 1,
                                                                                                                                                                "Actual Loops": 1,
                                                                                                                                                                "Output": [
                                                                                                                                                                    "ci.movie_id",
                                                                                                                                                                    "ci.person_id",
                                                                                                                                                                    "t.id"
                                                                                                                                                                ],
                                                                                                                                                                "Sort Key": [
                                                                                                                                                                    "ci.movie_id"
                                                                                                                                                                ],
                                                                                                                                                                "Sort Method": "quicksort",
                                                                                                                                                                "Sort Space Used": 25,
                                                                                                                                                                "Sort Space Type": "Memory",
                                                                                                                                                                "Plans": [
                                                                                                                                                                    {
                                                                                                                                                                        "Node Type": "Nested Loop",
                                                                                                                                                                        "Parent Relationship": "Outer",
                                                                                                                                                                        "Parallel Aware": false,
                                                                                                                                                                        "Join Type": "Inner",
                                                                                                                                                                        "Startup Cost": 20000348150.42,
                                                                                                                                                                        "Total Cost": 20000485015.89,
                                                                                                                                                                        "Plan Rows": 1,
                                                                                                                                                                        "Plan Width": 12,
                                                                                                                                                                        "Actual Startup Time": 2298.521,
                                                                                                                                                                        "Actual Total Time": 3057.844,
                                                                                                                                                                        "Actual Rows": 1,
                                                                                                                                                                        "Actual Loops": 1,
                                                                                                                                                                        "Output": [
                                                                                                                                                                            "ci.movie_id",
                                                                                                                                                                            "ci.person_id",
                                                                                                                                                                            "t.id"
                                                                                                                                                                        ],
                                                                                                                                                                        "Inner Unique": true,
                                                                                                                                                                        "Plans": [
                                                                                                                                                                            {
                                                                                                                                                                                "Node Type": "Nested Loop",
                                                                                                                                                                                "Parent Relationship": "Outer",
                                                                                                                                                                                "Parallel Aware": false,
                                                                                                                                                                                "Join Type": "Inner",
                                                                                                                                                                                "Startup Cost": 20000348149.99,
                                                                                                                                                                                "Total Cost": 20000485015.14,
                                                                                                                                                                                "Plan Rows": 1,
                                                                                                                                                                                "Plan Width": 8,
                                                                                                                                                                                "Actual Startup Time": 956.313,
                                                                                                                                                                                "Actual Total Time": 3057.077,
                                                                                                                                                                                "Actual Rows": 73,
                                                                                                                                                                                "Actual Loops": 1,
                                                                                                                                                                                "Output": [
                                                                                                                                                                                    "ci.movie_id",
                                                                                                                                                                                    "ci.person_id"
                                                                                                                                                                                ],
                                                                                                                                                                                "Inner Unique": true,
                                                                                                                                                                                "Plans": [
                                                                                                                                                                                    {
                                                                                                                                                                                        "Node Type": "Gather",
                                                                                                                                                                                        "Parent Relationship": "Outer",
                                                                                                                                                                                        "Parallel Aware": false,
                                                                                                                                                                                        "Startup Cost": 10000348149.85,
                                                                                                                                                                                        "Total Cost": 10000485006.97,
                                                                                                                                                                                        "Plan Rows": 1,
                                                                                                                                                                                        "Plan Width": 12,
                                                                                                                                                                                        "Actual Startup Time": 956.286,
                                                                                                                                                                                        "Actual Total Time": 3056.655,
                                                                                                                                                                                        "Actual Rows": 76,
                                                                                                                                                                                        "Actual Loops": 1,
                                                                                                                                                                                        "Output": [
                                                                                                                                                                                            "ci.movie_id",
                                                                                                                                                                                            "ci.person_id",
                                                                                                                                                                                            "ci.role_id"
                                                                                                                                                                                        ],
                                                                                                                                                                                        "Workers Planned": 6,
                                                                                                                                                                                        "Workers Launched": 6,
                                                                                                                                                                                        "Single Copy": false,
                                                                                                                                                                                        "Plans": [
                                                                                                                                                                                            {
                                                                                                                                                                                                "Node Type": "Merge Join",
                                                                                                                                                                                                "Parent Relationship": "Outer",
                                                                                                                                                                                                "Parallel Aware": false,
                                                                                                                                                                                                "Join Type": "Inner",
                                                                                                                                                                                                "Startup Cost": 10000347149.85,
                                                                                                                                                                                                "Total Cost": 10000484006.87,
                                                                                                                                                                                                "Plan Rows": 1,
                                                                                                                                                                                                "Plan Width": 12,
                                                                                                                                                                                                "Actual Startup Time": 960.652,
                                                                                                                                                                                                "Actual Total Time": 2935.985,
                                                                                                                                                                                                "Actual Rows": 11,
                                                                                                                                                                                                "Actual Loops": 7,
                                                                                                                                                                                                "Output": [
                                                                                                                                                                                                    "ci.movie_id",
                                                                                                                                                                                                    "ci.person_id",
                                                                                                                                                                                                    "ci.role_id"
                                                                                                                                                                                                ],
                                                                                                                                                                                                "Inner Unique": true,
                                                                                                                                                                                                "Merge Cond": "(ci.person_role_id = chn.id)",
                                                                                                                                                                                                "Workers": [
                                                                                                                                                                                                    {
                                                                                                                                                                                                        "Worker Number": 0,
                                                                                                                                                                                                        "Actual Startup Time": 964.703,
                                                                                                                                                                                                        "Actual Total Time": 3040.855,
                                                                                                                                                                                                        "Actual Rows": 6,
                                                                                                                                                                                                        "Actual Loops": 1
                                                                                                                                                                                                    },
                                                                                                                                                                                                    {
                                                                                                                                                                                                        "Worker Number": 1,
                                                                                                                                                                                                        "Actual Startup Time": 964.889,
                                                                                                                                                                                                        "Actual Total Time": 3040.856,
                                                                                                                                                                                                        "Actual Rows": 10,
                                                                                                                                                                                                        "Actual Loops": 1
                                                                                                                                                                                                    },
                                                                                                                                                                                                    {
                                                                                                                                                                                                        "Worker Number": 2,
                                                                                                                                                                                                        "Actual Startup Time": 953.288,
                                                                                                                                                                                                        "Actual Total Time": 3044.653,
                                                                                                                                                                                                        "Actual Rows": 4,
                                                                                                                                                                                                        "Actual Loops": 1
                                                                                                                                                                                                    },
                                                                                                                                                                                                    {
                                                                                                                                                                                                        "Worker Number": 3,
                                                                                                                                                                                                        "Actual Startup Time": 965.535,
                                                                                                                                                                                                        "Actual Total Time": 3041.508,
                                                                                                                                                                                                        "Actual Rows": 5,
                                                                                                                                                                                                        "Actual Loops": 1
                                                                                                                                                                                                    },
                                                                                                                                                                                                    {
                                                                                                                                                                                                        "Worker Number": 4,
                                                                                                                                                                                                        "Actual Startup Time": 965.621,
                                                                                                                                                                                                        "Actual Total Time": 3041.56,
                                                                                                                                                                                                        "Actual Rows": 5,
                                                                                                                                                                                                        "Actual Loops": 1
                                                                                                                                                                                                    },
                                                                                                                                                                                                    {
                                                                                                                                                                                                        "Worker Number": 5,
                                                                                                                                                                                                        "Actual Startup Time": 954.72,
                                                                                                                                                                                                        "Actual Total Time": 3045.523,
                                                                                                                                                                                                        "Actual Rows": 29,
                                                                                                                                                                                                        "Actual Loops": 1
                                                                                                                                                                                                    }
                                                                                                                                                                                                ],
                                                                                                                                                                                                "Plans": [
                                                                                                                                                                                                    {
                                                                                                                                                                                                        "Node Type": "Sort",
                                                                                                                                                                                                        "Parent Relationship": "Outer",
                                                                                                                                                                                                        "Parallel Aware": false,
                                                                                                                                                                                                        "Startup Cost": 10000347115.76,
                                                                                                                                                                                                        "Total Cost": 10000347449.08,
                                                                                                                                                                                                        "Plan Rows": 133330,
                                                                                                                                                                                                        "Plan Width": 16,
                                                                                                                                                                                                        "Actual Startup Time": 860.462,
                                                                                                                                                                                                        "Actual Total Time": 864.701,
                                                                                                                                                                                                        "Actual Rows": 40756,
                                                                                                                                                                                                        "Actual Loops": 7,
                                                                                                                                                                                                        "Output": [
                                                                                                                                                                                                            "ci.movie_id",
                                                                                                                                                                                                            "ci.person_id",
                                                                                                                                                                                                            "ci.role_id",
                                                                                                                                                                                                            "ci.person_role_id"
                                                                                                                                                                                                        ],
                                                                                                                                                                                                        "Sort Key": [
                                                                                                                                                                                                            "ci.person_role_id"
                                                                                                                                                                                                        ],
                                                                                                                                                                                                        "Sort Method": "quicksort",
                                                                                                                                                                                                        "Sort Space Used": 16177,
                                                                                                                                                                                                        "Sort Space Type": "Memory",
                                                                                                                                                                                                        "Workers": [
                                                                                                                                                                                                            {
                                                                                                                                                                                                                "Worker Number": 0,
                                                                                                                                                                                                                "Actual Startup Time": 857.474,
                                                                                                                                                                                                                "Actual Total Time": 861.439,
                                                                                                                                                                                                                "Actual Rows": 34124,
                                                                                                                                                                                                                "Actual Loops": 1
                                                                                                                                                                                                            },
                                                                                                                                                                                                            {
                                                                                                                                                                                                                "Worker Number": 1,
                                                                                                                                                                                                                "Actual Startup Time": 857.296,
                                                                                                                                                                                                                "Actual Total Time": 861.358,
                                                                                                                                                                                                                "Actual Rows": 34575,
                                                                                                                                                                                                                "Actual Loops": 1
                                                                                                                                                                                                            },
                                                                                                                                                                                                            {
                                                                                                                                                                                                                "Worker Number": 2,
                                                                                                                                                                                                                "Actual Startup Time": 858.248,
                                                                                                                                                                                                                "Actual Total Time": 861.696,
                                                                                                                                                                                                                "Actual Rows": 33886,
                                                                                                                                                                                                                "Actual Loops": 1
                                                                                                                                                                                                            },
                                                                                                                                                                                                            {
                                                                                                                                                                                                                "Worker Number": 3,
                                                                                                                                                                                                                "Actual Startup Time": 858.54,
                                                                                                                                                                                                                "Actual Total Time": 862.58,
                                                                                                                                                                                                                "Actual Rows": 35006,
                                                                                                                                                                                                                "Actual Loops": 1
                                                                                                                                                                                                            },
                                                                                                                                                                                                            {
                                                                                                                                                                                                                "Worker Number": 4,
                                                                                                                                                                                                                "Actual Startup Time": 858.328,
                                                                                                                                                                                                                "Actual Total Time": 862.381,
                                                                                                                                                                                                                "Actual Rows": 34689,
                                                                                                                                                                                                                "Actual Loops": 1
                                                                                                                                                                                                            },
                                                                                                                                                                                                            {
                                                                                                                                                                                                                "Worker Number": 5,
                                                                                                                                                                                                                "Actual Startup Time": 859.117,
                                                                                                                                                                                                                "Actual Total Time": 862.769,
                                                                                                                                                                                                                "Actual Rows": 34822,
                                                                                                                                                                                                                "Actual Loops": 1
                                                                                                                                                                                                            }
                                                                                                                                                                                                        ],
                                                                                                                                                                                                        "Plans": [
                                                                                                                                                                                                            {
                                                                                                                                                                                                                "Node Type": "Seq Scan",
                                                                                                                                                                                                                "Parent Relationship": "Outer",
                                                                                                                                                                                                                "Parallel Aware": true,
                                                                                                                                                                                                                "Relation Name": "cast_info",
                                                                                                                                                                                                                "Schema": "public",
                                                                                                                                                                                                                "Alias": "ci",
                                                                                                                                                                                                                "Startup Cost": 10000000000.0,
                                                                                                                                                                                                                "Total Cost": 10000335766.28,
                                                                                                                                                                                                                "Plan Rows": 133330,
                                                                                                                                                                                                                "Plan Width": 16,
                                                                                                                                                                                                                "Actual Startup Time": 0.229,
                                                                                                                                                                                                                "Actual Total Time": 820.41,
                                                                                                                                                                                                                "Actual Rows": 119529,
                                                                                                                                                                                                                "Actual Loops": 7,
                                                                                                                                                                                                                "Output": [
                                                                                                                                                                                                                    "ci.movie_id",
                                                                                                                                                                                                                    "ci.person_id",
                                                                                                                                                                                                                    "ci.role_id",
                                                                                                                                                                                                                    "ci.person_role_id"
                                                                                                                                                                                                                ],
                                                                                                                                                                                                                "Filter": "(ci.note = ANY ('{(voice),\"(voice) (uncredited)\",\"(voice: English version)\"}'::text[]))",
                                                                                                                                                                                                                "Rows Removed by Filter": 5058235,
                                                                                                                                                                                                                "Workers": [
                                                                                                                                                                                                                    {
                                                                                                                                                                                                                        "Worker Number": 0,
                                                                                                                                                                                                                        "Actual Startup Time": 0.099,
                                                                                                                                                                                                                        "Actual Total Time": 817.46,
                                                                                                                                                                                                                        "Actual Rows": 103845,
                                                                                                                                                                                                                        "Actual Loops": 1
                                                                                                                                                                                                                    },
                                                                                                                                                                                                                    {
                                                                                                                                                                                                                        "Worker Number": 1,
                                                                                                                                                                                                                        "Actual Startup Time": 0.124,
                                                                                                                                                                                                                        "Actual Total Time": 818.073,
                                                                                                                                                                                                                        "Actual Rows": 101160,
                                                                                                                                                                                                                        "Actual Loops": 1
                                                                                                                                                                                                                    },
                                                                                                                                                                                                                    {
                                                                                                                                                                                                                        "Worker Number": 2,
                                                                                                                                                                                                                        "Actual Startup Time": 0.26,
                                                                                                                                                                                                                        "Actual Total Time": 818.044,
                                                                                                                                                                                                                        "Actual Rows": 102842,
                                                                                                                                                                                                                        "Actual Loops": 1
                                                                                                                                                                                                                    },
                                                                                                                                                                                                                    {
                                                                                                                                                                                                                        "Worker Number": 3,
                                                                                                                                                                                                                        "Actual Startup Time": 0.106,
                                                                                                                                                                                                                        "Actual Total Time": 817.397,
                                                                                                                                                                                                                        "Actual Rows": 106344,
                                                                                                                                                                                                                        "Actual Loops": 1
                                                                                                                                                                                                                    },
                                                                                                                                                                                                                    {
                                                                                                                                                                                                                        "Worker Number": 4,
                                                                                                                                                                                                                        "Actual Startup Time": 0.398,
                                                                                                                                                                                                                        "Actual Total Time": 817.839,
                                                                                                                                                                                                                        "Actual Rows": 104358,
                                                                                                                                                                                                                        "Actual Loops": 1
                                                                                                                                                                                                                    },
                                                                                                                                                                                                                    {
                                                                                                                                                                                                                        "Worker Number": 5,
                                                                                                                                                                                                                        "Actual Startup Time": 0.594,
                                                                                                                                                                                                                        "Actual Total Time": 818.669,
                                                                                                                                                                                                                        "Actual Rows": 104124,
                                                                                                                                                                                                                        "Actual Loops": 1
                                                                                                                                                                                                                    }
                                                                                                                                                                                                                ]
                                                                                                                                                                                                            }
                                                                                                                                                                                                        ]
                                                                                                                                                                                                    },
                                                                                                                                                                                                    {
                                                                                                                                                                                                        "Node Type": "Index Scan",
                                                                                                                                                                                                        "Parent Relationship": "Inner",
                                                                                                                                                                                                        "Parallel Aware": false,
                                                                                                                                                                                                        "Scan Direction": "Forward",
                                                                                                                                                                                                        "Index Name": "char_name_pkey",
                                                                                                                                                                                                        "Relation Name": "char_name",
                                                                                                                                                                                                        "Schema": "public",
                                                                                                                                                                                                        "Alias": "chn",
                                                                                                                                                                                                        "Startup Cost": 0.43,
                                                                                                                                                                                                        "Total Cost": 136566.2,
                                                                                                                                                                                                        "Plan Rows": 1,
                                                                                                                                                                                                        "Plan Width": 4,
                                                                                                                                                                                                        "Actual Startup Time": 92.163,
                                                                                                                                                                                                        "Actual Total Time": 2067.488,
                                                                                                                                                                                                        "Actual Rows": 1,
                                                                                                                                                                                                        "Actual Loops": 7,
                                                                                                                                                                                                        "Output": [
                                                                                                                                                                                                            "chn.id",
                                                                                                                                                                                                            "chn.name",
                                                                                                                                                                                                            "chn.imdb_index",
                                                                                                                                                                                                            "chn.imdb_id",
                                                                                                                                                                                                            "chn.name_pcode_nf",
                                                                                                                                                                                                            "chn.surname_pcode",
                                                                                                                                                                                                            "chn.md5sum"
                                                                                                                                                                                                        ],
                                                                                                                                                                                                        "Filter": "(chn.name = 'Queen'::text)",
                                                                                                                                                                                                        "Rows Removed by Filter": 3140338,
                                                                                                                                                                                                        "Workers": [
                                                                                                                                                                                                            {
                                                                                                                                                                                                                "Worker Number": 0,
                                                                                                                                                                                                                "Actual Startup Time": 99.72,
                                                                                                                                                                                                                "Actual Total Time": 2175.865,
                                                                                                                                                                                                                "Actual Rows": 1,
                                                                                                                                                                                                                "Actual Loops": 1
                                                                                                                                                                                                            },
                                                                                                                                                                                                            {
                                                                                                                                                                                                                "Worker Number": 1,
                                                                                                                                                                                                                "Actual Startup Time": 99.898,
                                                                                                                                                                                                                "Actual Total Time": 2175.857,
                                                                                                                                                                                                                "Actual Rows": 1,
                                                                                                                                                                                                                "Actual Loops": 1
                                                                                                                                                                                                            },
                                                                                                                                                                                                            {
                                                                                                                                                                                                                "Worker Number": 2,
                                                                                                                                                                                                                "Actual Startup Time": 88.245,
                                                                                                                                                                                                                "Actual Total Time": 2179.605,
                                                                                                                                                                                                                "Actual Rows": 1,
                                                                                                                                                                                                                "Actual Loops": 1
                                                                                                                                                                                                            },
                                                                                                                                                                                                            {
                                                                                                                                                                                                                "Worker Number": 3,
                                                                                                                                                                                                                "Actual Startup Time": 99.307,
                                                                                                                                                                                                                "Actual Total Time": 2175.274,
                                                                                                                                                                                                                "Actual Rows": 1,
                                                                                                                                                                                                                "Actual Loops": 1
                                                                                                                                                                                                            },
                                                                                                                                                                                                            {
                                                                                                                                                                                                                "Worker Number": 4,
                                                                                                                                                                                                                "Actual Startup Time": 99.569,
                                                                                                                                                                                                                "Actual Total Time": 2175.502,
                                                                                                                                                                                                                "Actual Rows": 1,
                                                                                                                                                                                                                "Actual Loops": 1
                                                                                                                                                                                                            },
                                                                                                                                                                                                            {
                                                                                                                                                                                                                "Worker Number": 5,
                                                                                                                                                                                                                "Actual Startup Time": 88.496,
                                                                                                                                                                                                                "Actual Total Time": 2179.287,
                                                                                                                                                                                                                "Actual Rows": 1,
                                                                                                                                                                                                                "Actual Loops": 1
                                                                                                                                                                                                            }
                                                                                                                                                                                                        ]
                                                                                                                                                                                                    }
                                                                                                                                                                                                ]
                                                                                                                                                                                            }
                                                                                                                                                                                        ]
                                                                                                                                                                                    },
                                                                                                                                                                                    {
                                                                                                                                                                                        "Node Type": "Bitmap Heap Scan",
                                                                                                                                                                                        "Parent Relationship": "Inner",
                                                                                                                                                                                        "Parallel Aware": false,
                                                                                                                                                                                        "Relation Name": "role_type",
                                                                                                                                                                                        "Schema": "public",
                                                                                                                                                                                        "Alias": "rt",
                                                                                                                                                                                        "Startup Cost": 0.14,
                                                                                                                                                                                        "Total Cost": 4.16,
                                                                                                                                                                                        "Plan Rows": 1,
                                                                                                                                                                                        "Plan Width": 4,
                                                                                                                                                                                        "Actual Startup Time": 0.003,
                                                                                                                                                                                        "Actual Total Time": 0.003,
                                                                                                                                                                                        "Actual Rows": 1,
                                                                                                                                                                                        "Actual Loops": 76,
                                                                                                                                                                                        "Output": [
                                                                                                                                                                                            "rt.id",
                                                                                                                                                                                            "rt.role"
                                                                                                                                                                                        ],
                                                                                                                                                                                        "Recheck Cond": "(rt.id = ci.role_id)",
                                                                                                                                                                                        "Rows Removed by Index Recheck": 0,
                                                                                                                                                                                        "Filter": "((rt.role)::text = 'actress'::text)",
                                                                                                                                                                                        "Rows Removed by Filter": 0,
                                                                                                                                                                                        "Exact Heap Blocks": 76,
                                                                                                                                                                                        "Lossy Heap Blocks": 0,
                                                                                                                                                                                        "Plans": [
                                                                                                                                                                                            {
                                                                                                                                                                                                "Node Type": "Bitmap Index Scan",
                                                                                                                                                                                                "Parent Relationship": "Outer",
                                                                                                                                                                                                "Parallel Aware": false,
                                                                                                                                                                                                "Index Name": "role_type_pkey",
                                                                                                                                                                                                "Startup Cost": 0.0,
                                                                                                                                                                                                "Total Cost": 0.14,
                                                                                                                                                                                                "Plan Rows": 1,
                                                                                                                                                                                                "Plan Width": 0,
                                                                                                                                                                                                "Actual Startup Time": 0.001,
                                                                                                                                                                                                "Actual Total Time": 0.001,
                                                                                                                                                                                                "Actual Rows": 1,
                                                                                                                                                                                                "Actual Loops": 76,
                                                                                                                                                                                                "Index Cond": "(rt.id = ci.role_id)"
                                                                                                                                                                                            }
                                                                                                                                                                                        ]
                                                                                                                                                                                    }
                                                                                                                                                                                ]
                                                                                                                                                                            },
                                                                                                                                                                            {
                                                                                                                                                                                "Node Type": "Index Scan",
                                                                                                                                                                                "Parent Relationship": "Inner",
                                                                                                                                                                                "Parallel Aware": false,
                                                                                                                                                                                "Scan Direction": "Forward",
                                                                                                                                                                                "Index Name": "title_pkey",
                                                                                                                                                                                "Relation Name": "title",
                                                                                                                                                                                "Schema": "public",
                                                                                                                                                                                "Alias": "t",
                                                                                                                                                                                "Startup Cost": 0.43,
                                                                                                                                                                                "Total Cost": 0.68,
                                                                                                                                                                                "Plan Rows": 1,
                                                                                                                                                                                "Plan Width": 4,
                                                                                                                                                                                "Actual Startup Time": 0.01,
                                                                                                                                                                                "Actual Total Time": 0.01,
                                                                                                                                                                                "Actual Rows": 0,
                                                                                                                                                                                "Actual Loops": 73,
                                                                                                                                                                                "Output": [
                                                                                                                                                                                    "t.id",
                                                                                                                                                                                    "t.title",
                                                                                                                                                                                    "t.imdb_index",
                                                                                                                                                                                    "t.kind_id",
                                                                                                                                                                                    "t.production_year",
                                                                                                                                                                                    "t.imdb_id",
                                                                                                                                                                                    "t.phonetic_code",
                                                                                                                                                                                    "t.episode_of_id",
                                                                                                                                                                                    "t.season_nr",
                                                                                                                                                                                    "t.episode_nr",
                                                                                                                                                                                    "t.series_years",
                                                                                                                                                                                    "t.md5sum"
                                                                                                                                                                                ],
                                                                                                                                                                                "Index Cond": "(t.id = ci.movie_id)",
                                                                                                                                                                                "Rows Removed by Index Recheck": 0,
                                                                                                                                                                                "Filter": "((t.production_year >= 1998) AND (t.production_year <= 2010) AND (t.title = 'Shrek 2'::text))",
                                                                                                                                                                                "Rows Removed by Filter": 1
                                                                                                                                                                            }
                                                                                                                                                                        ]
                                                                                                                                                                    }
                                                                                                                                                                ]
                                                                                                                                                            },
                                                                                                                                                            {
                                                                                                                                                                "Node Type": "Sort",
                                                                                                                                                                "Parent Relationship": "Inner",
                                                                                                                                                                "Parallel Aware": false,
                                                                                                                                                                "Startup Cost": 569794.43,
                                                                                                                                                                "Total Cost": 581104.25,
                                                                                                                                                                "Plan Rows": 4523930,
                                                                                                                                                                "Plan Width": 8,
                                                                                                                                                                "Actual Startup Time": 1088.84,
                                                                                                                                                                "Actual Total Time": 1208.095,
                                                                                                                                                                "Actual Rows": 3383621,
                                                                                                                                                                "Actual Loops": 1,
                                                                                                                                                                "Output": [
                                                                                                                                                                    "mk.movie_id",
                                                                                                                                                                    "mk.keyword_id"
                                                                                                                                                                ],
                                                                                                                                                                "Sort Key": [
                                                                                                                                                                    "mk.movie_id"
                                                                                                                                                                ],
                                                                                                                                                                "Sort Method": "quicksort",
                                                                                                                                                                "Sort Space Used": 408668,
                                                                                                                                                                "Sort Space Type": "Memory",
                                                                                                                                                                "Plans": [
                                                                                                                                                                    {
                                                                                                                                                                        "Node Type": "Seq Scan",
                                                                                                                                                                        "Parent Relationship": "Outer",
                                                                                                                                                                        "Parallel Aware": false,
                                                                                                                                                                        "Relation Name": "movie_keyword",
                                                                                                                                                                        "Schema": "public",
                                                                                                                                                                        "Alias": "mk",
                                                                                                                                                                        "Startup Cost": 0.0,
                                                                                                                                                                        "Total Cost": 69693.3,
                                                                                                                                                                        "Plan Rows": 4523930,
                                                                                                                                                                        "Plan Width": 8,
                                                                                                                                                                        "Actual Startup Time": 0.041,
                                                                                                                                                                        "Actual Total Time": 410.128,
                                                                                                                                                                        "Actual Rows": 4523930,
                                                                                                                                                                        "Actual Loops": 1,
                                                                                                                                                                        "Output": [
                                                                                                                                                                            "mk.movie_id",
                                                                                                                                                                            "mk.keyword_id"
                                                                                                                                                                        ]
                                                                                                                                                                    }
                                                                                                                                                                ]
                                                                                                                                                            }
                                                                                                                                                        ]
                                                                                                                                                    },
                                                                                                                                                    {
                                                                                                                                                        "Node Type": "Bitmap Heap Scan",
                                                                                                                                                        "Parent Relationship": "Inner",
                                                                                                                                                        "Parallel Aware": false,
                                                                                                                                                        "Relation Name": "movie_info",
                                                                                                                                                        "Schema": "public",
                                                                                                                                                        "Alias": "mi",
                                                                                                                                                        "Startup Cost": 0.78,
                                                                                                                                                        "Total Cost": 5.36,
                                                                                                                                                        "Plan Rows": 1,
                                                                                                                                                        "Plan Width": 8,
                                                                                                                                                        "Actual Startup Time": 0.019,
                                                                                                                                                        "Actual Total Time": 0.063,
                                                                                                                                                        "Actual Rows": 1,
                                                                                                                                                        "Actual Loops": 108,
                                                                                                                                                        "Output": [
                                                                                                                                                            "mi.id",
                                                                                                                                                            "mi.movie_id",
                                                                                                                                                            "mi.info_type_id",
                                                                                                                                                            "mi.info",
                                                                                                                                                            "mi.note"
                                                                                                                                                        ],
                                                                                                                                                        "Recheck Cond": "(mi.movie_id = mk.movie_id)",
                                                                                                                                                        "Rows Removed by Index Recheck": 0,
                                                                                                                                                        "Filter": "(mi.info ~~ 'USA:%200%'::text)",
                                                                                                                                                        "Rows Removed by Filter": 456,
                                                                                                                                                        "Exact Heap Blocks": 3672,
                                                                                                                                                        "Lossy Heap Blocks": 0,
                                                                                                                                                        "Plans": [
                                                                                                                                                            {
                                                                                                                                                                "Node Type": "Bitmap Index Scan",
                                                                                                                                                                "Parent Relationship": "Outer",
                                                                                                                                                                "Parallel Aware": false,
                                                                                                                                                                "Index Name": "movie_id_movie_info",
                                                                                                                                                                "Startup Cost": 0.0,
                                                                                                                                                                "Total Cost": 0.78,
                                                                                                                                                                "Plan Rows": 39,
                                                                                                                                                                "Plan Width": 0,
                                                                                                                                                                "Actual Startup Time": 0.013,
                                                                                                                                                                "Actual Total Time": 0.013,
                                                                                                                                                                "Actual Rows": 457,
                                                                                                                                                                "Actual Loops": 108,
                                                                                                                                                                "Index Cond": "(mi.movie_id = mk.movie_id)"
                                                                                                                                                            }
                                                                                                                                                        ]
                                                                                                                                                    }
                                                                                                                                                ]
                                                                                                                                            }
                                                                                                                                        ]
                                                                                                                                    }
                                                                                                                                ]
                                                                                                                            },
                                                                                                                            {
                                                                                                                                "Node Type": "Hash",
                                                                                                                                "Parent Relationship": "Inner",
                                                                                                                                "Parallel Aware": false,
                                                                                                                                "Startup Cost": 10000020409.43,
                                                                                                                                "Total Cost": 10000020409.43,
                                                                                                                                "Plan Rows": 901343,
                                                                                                                                "Plan Width": 4,
                                                                                                                                "Actual Startup Time": 225.184,
                                                                                                                                "Actual Total Time": 225.185,
                                                                                                                                "Actual Rows": 901343,
                                                                                                                                "Actual Loops": 1,
                                                                                                                                "Output": [
                                                                                                                                    "an.person_id"
                                                                                                                                ],
                                                                                                                                "Hash Buckets": 1048576,
                                                                                                                                "Original Hash Buckets": 1048576,
                                                                                                                                "Hash Batches": 1,
                                                                                                                                "Original Hash Batches": 1,
                                                                                                                                "Peak Memory Usage": 39880,
                                                                                                                                "Plans": [
                                                                                                                                    {
                                                                                                                                        "Node Type": "Seq Scan",
                                                                                                                                        "Parent Relationship": "Outer",
                                                                                                                                        "Parallel Aware": false,
                                                                                                                                        "Relation Name": "aka_name",
                                                                                                                                        "Schema": "public",
                                                                                                                                        "Alias": "an",
                                                                                                                                        "Startup Cost": 10000000000.0,
                                                                                                                                        "Total Cost": 10000020409.43,
                                                                                                                                        "Plan Rows": 901343,
                                                                                                                                        "Plan Width": 4,
                                                                                                                                        "Actual Startup Time": 0.02,
                                                                                                                                        "Actual Total Time": 103.692,
                                                                                                                                        "Actual Rows": 901343,
                                                                                                                                        "Actual Loops": 1,
                                                                                                                                        "Output": [
                                                                                                                                            "an.person_id"
                                                                                                                                        ]
                                                                                                                                    }
                                                                                                                                ]
                                                                                                                            }
                                                                                                                        ]
                                                                                                                    },
                                                                                                                    {
                                                                                                                        "Node Type": "Bitmap Heap Scan",
                                                                                                                        "Parent Relationship": "Inner",
                                                                                                                        "Parallel Aware": false,
                                                                                                                        "Relation Name": "name",
                                                                                                                        "Schema": "public",
                                                                                                                        "Alias": "n",
                                                                                                                        "Startup Cost": 0.5,
                                                                                                                        "Total Cost": 4.52,
                                                                                                                        "Plan Rows": 1,
                                                                                                                        "Plan Width": 4,
                                                                                                                        "Actual Startup Time": 0.003,
                                                                                                                        "Actual Total Time": 0.003,
                                                                                                                        "Actual Rows": 0,
                                                                                                                        "Actual Loops": 324,
                                                                                                                        "Output": [
                                                                                                                            "n.id",
                                                                                                                            "n.name",
                                                                                                                            "n.imdb_index",
                                                                                                                            "n.imdb_id",
                                                                                                                            "n.gender",
                                                                                                                            "n.name_pcode_cf",
                                                                                                                            "n.name_pcode_nf",
                                                                                                                            "n.surname_pcode",
                                                                                                                            "n.md5sum"
                                                                                                                        ],
                                                                                                                        "Recheck Cond": "(n.id = an.person_id)",
                                                                                                                        "Rows Removed by Index Recheck": 0,
                                                                                                                        "Filter": "((n.name ~~ '%An%'::text) AND ((n.gender)::text = 'm'::text))",
                                                                                                                        "Rows Removed by Filter": 1,
                                                                                                                        "Exact Heap Blocks": 324,
                                                                                                                        "Lossy Heap Blocks": 0,
                                                                                                                        "Plans": [
                                                                                                                            {
                                                                                                                                "Node Type": "Bitmap Index Scan",
                                                                                                                                "Parent Relationship": "Outer",
                                                                                                                                "Parallel Aware": false,
                                                                                                                                "Index Name": "name_pkey",
                                                                                                                                "Startup Cost": 0.0,
                                                                                                                                "Total Cost": 0.5,
                                                                                                                                "Plan Rows": 1,
                                                                                                                                "Plan Width": 0,
                                                                                                                                "Actual Startup Time": 0.002,
                                                                                                                                "Actual Total Time": 0.002,
                                                                                                                                "Actual Rows": 1,
                                                                                                                                "Actual Loops": 324,
                                                                                                                                "Index Cond": "(n.id = an.person_id)"
                                                                                                                            }
                                                                                                                        ]
                                                                                                                    }
                                                                                                                ]
                                                                                                            }
                                                                                                        ]
                                                                                                    }
                                                                                                ]
                                                                                            }
                                                                                        ]
                                                                                    }
                                                                                ]
                                                                            }
                                                                        ]
                                                                    }
                                                                ]
                                                            },
                                                            {
                                                                "Node Type": "Bitmap Heap Scan",
                                                                "Parent Relationship": "Inner",
                                                                "Parallel Aware": false,
                                                                "Relation Name": "comp_cast_type",
                                                                "Schema": "public",
                                                                "Alias": "cct2",
                                                                "Startup Cost": 0.14,
                                                                "Total Cost": 4.15,
                                                                "Plan Rows": 1,
                                                                "Plan Width": 4,
                                                                "Actual Startup Time": 0.0,
                                                                "Actual Total Time": 0.0,
                                                                "Actual Rows": 0,
                                                                "Actual Loops": 0,
                                                                "Output": [
                                                                    "cct2.id",
                                                                    "cct2.kind"
                                                                ],
                                                                "Recheck Cond": "(cct2.id = cc.status_id)",
                                                                "Rows Removed by Index Recheck": 0,
                                                                "Filter": "((cct2.kind)::text = 'complete+verified'::text)",
                                                                "Rows Removed by Filter": 0,
                                                                "Exact Heap Blocks": 0,
                                                                "Lossy Heap Blocks": 0,
                                                                "Plans": [
                                                                    {
                                                                        "Node Type": "Bitmap Index Scan",
                                                                        "Parent Relationship": "Outer",
                                                                        "Parallel Aware": false,
                                                                        "Index Name": "comp_cast_type_pkey",
                                                                        "Startup Cost": 0.0,
                                                                        "Total Cost": 0.14,
                                                                        "Plan Rows": 1,
                                                                        "Plan Width": 0,
                                                                        "Actual Startup Time": 0.0,
                                                                        "Actual Total Time": 0.0,
                                                                        "Actual Rows": 0,
                                                                        "Actual Loops": 0,
                                                                        "Index Cond": "(cct2.id = cc.status_id)"
                                                                    }
                                                                ]
                                                            }
                                                        ]
                                                    },
                                                    {
                                                        "Node Type": "Bitmap Heap Scan",
                                                        "Parent Relationship": "Inner",
                                                        "Parallel Aware": false,
                                                        "Relation Name": "company_name",
                                                        "Schema": "public",
                                                        "Alias": "cn",
                                                        "Startup Cost": 0.43,
                                                        "Total Cost": 4.44,
                                                        "Plan Rows": 1,
                                                        "Plan Width": 4,
                                                        "Actual Startup Time": 0.0,
                                                        "Actual Total Time": 0.0,
                                                        "Actual Rows": 0,
                                                        "Actual Loops": 0,
                                                        "Output": [
                                                            "cn.id",
                                                            "cn.name",
                                                            "cn.country_code",
                                                            "cn.imdb_id",
                                                            "cn.name_pcode_nf",
                                                            "cn.name_pcode_sf",
                                                            "cn.md5sum"
                                                        ],
                                                        "Recheck Cond": "(cn.id = mc.company_id)",
                                                        "Rows Removed by Index Recheck": 0,
                                                        "Filter": "((cn.country_code)::text = '[us]'::text)",
                                                        "Rows Removed by Filter": 0,
                                                        "Exact Heap Blocks": 0,
                                                        "Lossy Heap Blocks": 0,
                                                        "Plans": [
                                                            {
                                                                "Node Type": "Bitmap Index Scan",
                                                                "Parent Relationship": "Outer",
                                                                "Parallel Aware": false,
                                                                "Index Name": "company_name_pkey",
                                                                "Startup Cost": 0.0,
                                                                "Total Cost": 0.43,
                                                                "Plan Rows": 1,
                                                                "Plan Width": 0,
                                                                "Actual Startup Time": 0.0,
                                                                "Actual Total Time": 0.0,
                                                                "Actual Rows": 0,
                                                                "Actual Loops": 0,
                                                                "Index Cond": "(cn.id = mc.company_id)"
                                                            }
                                                        ]
                                                    }
                                                ]
                                            },
                                            {
                                                "Node Type": "Bitmap Heap Scan",
                                                "Parent Relationship": "Inner",
                                                "Parallel Aware": false,
                                                "Relation Name": "person_info",
                                                "Schema": "public",
                                                "Alias": "pi",
                                                "Startup Cost": 0.69,
                                                "Total Cost": 5.0,
                                                "Plan Rows": 25,
                                                "Plan Width": 8,
                                                "Actual Startup Time": 0.0,
                                                "Actual Total Time": 0.0,
                                                "Actual Rows": 0,
                                                "Actual Loops": 0,
                                                "Output": [
                                                    "pi.id",
                                                    "pi.person_id",
                                                    "pi.info_type_id",
                                                    "pi.info",
                                                    "pi.note"
                                                ],
                                                "Recheck Cond": "(pi.person_id = an.person_id)",
                                                "Rows Removed by Index Recheck": 0,
                                                "Exact Heap Blocks": 0,
                                                "Lossy Heap Blocks": 0,
                                                "Plans": [
                                                    {
                                                        "Node Type": "Bitmap Index Scan",
                                                        "Parent Relationship": "Outer",
                                                        "Parallel Aware": false,
                                                        "Index Name": "person_id_person_info",
                                                        "Startup Cost": 0.0,
                                                        "Total Cost": 0.68,
                                                        "Plan Rows": 25,
                                                        "Plan Width": 0,
                                                        "Actual Startup Time": 0.0,
                                                        "Actual Total Time": 0.0,
                                                        "Actual Rows": 0,
                                                        "Actual Loops": 0,
                                                        "Index Cond": "(pi.person_id = an.person_id)"
                                                    }
                                                ]
                                            }
                                        ]
                                    },
                                    {
                                        "Node Type": "Index Scan",
                                        "Parent Relationship": "Inner",
                                        "Parallel Aware": false,
                                        "Scan Direction": "Forward",
                                        "Index Name": "comp_cast_type_pkey",
                                        "Relation Name": "comp_cast_type",
                                        "Schema": "public",
                                        "Alias": "cct1",
                                        "Startup Cost": 0.13,
                                        "Total Cost": 0.15,
                                        "Plan Rows": 1,
                                        "Plan Width": 4,
                                        "Actual Startup Time": 0.0,
                                        "Actual Total Time": 0.0,
                                        "Actual Rows": 0,
                                        "Actual Loops": 0,
                                        "Output": [
                                            "cct1.id",
                                            "cct1.kind"
                                        ],
                                        "Index Cond": "(cct1.id = cc.subject_id)",
                                        "Rows Removed by Index Recheck": 0,
                                        "Filter": "((cct1.kind)::text = 'cast'::text)",
                                        "Rows Removed by Filter": 0
                                    }
                                ]
                            }
                        ]
                    }
                ]
            }
        ]
    },
    "Planning Time": 2170.556,
    "Triggers": [],
    "Execution Time": 4674.324
}