[
  {
    "Plan": {
      "Node Type": "Aggregate",
      "Strategy": "Plain",
      "Partial Mode": "Finalize",
      "Parallel Aware": false,
      "Startup Cost": 32892.6,
      "Total Cost": 32892.61,
      "Plan Rows": 1,
      "Plan Width": 8,
      "Actual Startup Time": 90.894,
      "Actual Total Time": 98.74,
      "Actual Rows": 1,
      "Actual Loops": 1,
      "Plans": [
        {
          "Node Type": "Gather",
          "Parent Relationship": "Outer",
          "Parallel Aware": false,
          "Startup Cost": 32892.28,
          "Total Cost": 32892.59,
          "Plan Rows": 3,
          "Plan Width": 8,
          "Actual Startup Time": 90.753,
          "Actual Total Time": 98.732,
          "Actual Rows": 4,
          "Actual Loops": 1,
          "Workers Planned": 3,
          "Workers Launched": 3,
          "Single Copy": false,
          "Plans": [
            {
              "Node Type": "Aggregate",
              "Strategy": "Plain",
              "Partial Mode": "Partial",
              "Parent Relationship": "Outer",
              "Parallel Aware": false,
              "Startup Cost": 31892.28,
              "Total Cost": 31892.29,
              "Plan Rows": 1,
              "Plan Width": 8,
              "Actual Startup Time": 84.53,
              "Actual Total Time": 84.531,
              "Actual Rows": 1,
              "Actual Loops": 4,
              "Plans": [
                {
                  "Node Type": "Seq Scan",
                  "Parent Relationship": "Outer",
                  "Parallel Aware": true,
                  "Relation Name": "movie_companies",
                  "Alias": "mc",
                  "Startup Cost": 0.0,
                  "Total Cost": 31414.82,
                  "Plan Rows": 190985,
                  "Plan Width": 0,
                  "Actual Startup Time": 47.519,
                  "Actual Total Time": 80.142,
                  "Actual Rows": 94728,
                  "Actual Loops": 4,
                  "Filter": "((company_id < 9557) AND (company_type_id > 1))",
                  "Rows Removed by Filter": 557555
                }
              ]
            }
          ]
        }
      ]
    },
    "Planning Time": 0.217,
    "Triggers": [],
    "Execution Time": 98.894
  }
]