{
  "Plan": {
    "Node Type": "Aggregate",
    "Strategy": "Plain",
    "Partial Mode": "Finalize",
    "Parallel Aware": false,
    "Startup Cost": 127833.96,
    "Total Cost": 127833.97,
    "Plan Rows": 1,
    "Plan Width": 8,
    "Actual Startup Time": 662.062,
    "Actual Total Time": 680.982,
    "Actual Rows": 1,
    "Actual Loops": 1,
    "Plans": [
      {
        "Node Type": "Gather",
        "Parent Relationship": "Outer",
        "Parallel Aware": false,
        "Startup Cost": 127833.84,
        "Total Cost": 127833.95,
        "Plan Rows": 1,
        "Plan Width": 8,
        "Actual Startup Time": 660.197,
        "Actual Total Time": 680.974,
        "Actual Rows": 2,
        "Actual Loops": 1,
        "Workers Planned": 1,
        "Workers Launched": 1,
        "Single Copy": false,
        "Plans": [
          {
            "Node Type": "Aggregate",
            "Strategy": "Plain",
            "Partial Mode": "Partial",
            "Parent Relationship": "Outer",
            "Parallel Aware": false,
            "Startup Cost": 126833.84,
            "Total Cost": 126833.85,
            "Plan Rows": 1,
            "Plan Width": 8,
            "Actual Startup Time": 654.634,
            "Actual Total Time": 654.638,
            "Actual Rows": 1,
            "Actual Loops": 2,
            "Plans": [
              {
                "Node Type": "Hash Join",
                "Parent Relationship": "Outer",
                "Parallel Aware": true,
                "Join Type": "Inner",
                "Startup Cost": 62611.32,
                "Total Cost": 125658.59,
                "Plan Rows": 470102,
                "Plan Width": 0,
                "Actual Startup Time": 258.632,
                "Actual Total Time": 650.591,
                "Actual Rows": 82196,
                "Actual Loops": 2,
                "Inner Unique": true,
                "Hash Cond": "(mk.movie_id = t.id)",
                "Plans": [
                  {
                    "Node Type": "Seq Scan",
                    "Parent Relationship": "Outer",
                    "Parallel Aware": true,
                    "Relation Name": "movie_keyword",
                    "Alias": "mk",
                    "Startup Cost": 0.0,
                    "Total Cost": 57718.19,
                    "Plan Rows": 2030121,
                    "Plan Width": 4,
                    "Actual Startup Time": 0.017,
                    "Actual Total Time": 229.02,
                    "Actual Rows": 1727890,
                    "Actual Loops": 2,
                    "Filter": "(keyword_id < 16501)",
                    "Rows Removed by Filter": 534075
                  },
                  {
                    "Node Type": "Hash",
                    "Parent Relationship": "Inner",
                    "Parallel Aware": true,
                    "Startup Cost": 58306.47,
                    "Total Cost": 58306.47,
                    "Plan Rows": 344388,
                    "Plan Width": 4,
                    "Actual Startup Time": 249.635,
                    "Actual Total Time": 249.636,
                    "Actual Rows": 243184,
                    "Actual Loops": 2,
                    "Hash Buckets": 1048576,
                    "Original Hash Buckets": 1048576,
                    "Hash Batches": 1,
                    "Original Hash Batches": 1,
                    "Peak Memory Usage": 27264,
                    "Plans": [
                      {
                        "Node Type": "Seq Scan",
                        "Parent Relationship": "Outer",
                        "Parallel Aware": true,
                        "Relation Name": "title",
                        "Alias": "t",
                        "Startup Cost": 0.0,
                        "Total Cost": 58306.47,
                        "Plan Rows": 344388,
                        "Plan Width": 4,
                        "Actual Startup Time": 0.028,
                        "Actual Total Time": 171.084,
                        "Actual Rows": 243184,
                        "Actual Loops": 2,
                        "Filter": "((production_year < 1999) AND (kind_id = 7))",
                        "Rows Removed by Filter": 1020972
                      }
                    ]
                  }
                ]
              }
            ]
          }
        ]
      }
    ]
  },
  "Planning Time": 0.555,
  "Triggers": [],
  "Execution Time": 681.044
}