{
  "Plan": {
    "Node Type": "Aggregate",
    "Strategy": "Plain",
    "Partial Mode": "Finalize",
    "Parallel Aware": false,
    "Startup Cost": 177123.01,
    "Total Cost": 177123.02,
    "Plan Rows": 1,
    "Plan Width": 8,
    "Actual Startup Time": 1278.721,
    "Actual Total Time": 1297.897,
    "Actual Rows": 1,
    "Actual Loops": 1,
    "Plans": [
      {
        "Node Type": "Gather",
        "Parent Relationship": "Outer",
        "Parallel Aware": false,
        "Startup Cost": 177122.89,
        "Total Cost": 177123.0,
        "Plan Rows": 1,
        "Plan Width": 8,
        "Actual Startup Time": 1274.553,
        "Actual Total Time": 1297.888,
        "Actual Rows": 2,
        "Actual Loops": 1,
        "Workers Planned": 1,
        "Workers Launched": 1,
        "Single Copy": false,
        "Plans": [
          {
            "Node Type": "Aggregate",
            "Strategy": "Plain",
            "Partial Mode": "Partial",
            "Parent Relationship": "Outer",
            "Parallel Aware": false,
            "Startup Cost": 176122.89,
            "Total Cost": 176122.9,
            "Plan Rows": 1,
            "Plan Width": 8,
            "Actual Startup Time": 1268.818,
            "Actual Total Time": 1269.757,
            "Actual Rows": 1,
            "Actual Loops": 2,
            "Plans": [
              {
                "Node Type": "Hash Join",
                "Parent Relationship": "Outer",
                "Parallel Aware": true,
                "Join Type": "Inner",
                "Startup Cost": 108272.08,
                "Total Cost": 175368.95,
                "Plan Rows": 301576,
                "Plan Width": 0,
                "Actual Startup Time": 730.705,
                "Actual Total Time": 1196.826,
                "Actual Rows": 1805988,
                "Actual Loops": 2,
                "Inner Unique": false,
                "Hash Cond": "(mk.movie_id = t.id)",
                "Plans": [
                  {
                    "Node Type": "Seq Scan",
                    "Parent Relationship": "Outer",
                    "Parallel Aware": true,
                    "Relation Name": "movie_keyword",
                    "Alias": "mk",
                    "Startup Cost": 0.0,
                    "Total Cost": 57718.19,
                    "Plan Rows": 2027921,
                    "Plan Width": 4,
                    "Actual Startup Time": 0.074,
                    "Actual Total Time": 193.393,
                    "Actual Rows": 1717371,
                    "Actual Loops": 2,
                    "Filter": "(keyword_id > 1114)",
                    "Rows Removed by Filter": 544594
                  },
                  {
                    "Node Type": "Hash",
                    "Parent Relationship": "Inner",
                    "Parallel Aware": true,
                    "Startup Cost": 105507.47,
                    "Total Cost": 105507.47,
                    "Plan Rows": 221169,
                    "Plan Width": 8,
                    "Actual Startup Time": 725.093,
                    "Actual Total Time": 726.03,
                    "Actual Rows": 350670,
                    "Actual Loops": 2,
                    "Hash Buckets": 1048576,
                    "Original Hash Buckets": 524288,
                    "Hash Batches": 1,
                    "Original Hash Batches": 1,
                    "Peak Memory Usage": 39776,
                    "Plans": [
                      {
                        "Node Type": "Hash Join",
                        "Parent Relationship": "Outer",
                        "Parallel Aware": true,
                        "Join Type": "Inner",
                        "Startup Cost": 44040.97,
                        "Total Cost": 105507.47,
                        "Plan Rows": 221169,
                        "Plan Width": 8,
                        "Actual Startup Time": 205.839,
                        "Actual Total Time": 637.148,
                        "Actual Rows": 350670,
                        "Actual Loops": 2,
                        "Inner Unique": false,
                        "Hash Cond": "(t.id = mc.movie_id)",
                        "Plans": [
                          {
                            "Node Type": "Seq Scan",
                            "Parent Relationship": "Outer",
                            "Parallel Aware": true,
                            "Relation Name": "title",
                            "Alias": "t",
                            "Startup Cost": 0.0,
                            "Total Cost": 50870.31,
                            "Plan Rows": 1487231,
                            "Plan Width": 4,
                            "Actual Startup Time": 0.01,
                            "Actual Total Time": 121.241,
                            "Actual Rows": 1264156,
                            "Actual Loops": 2
                          },
                          {
                            "Node Type": "Hash",
                            "Parent Relationship": "Inner",
                            "Parallel Aware": true,
                            "Startup Cost": 41276.36,
                            "Total Cost": 41276.36,
                            "Plan Rows": 221169,
                            "Plan Width": 4,
                            "Actual Startup Time": 202.308,
                            "Actual Total Time": 202.31,
                            "Actual Rows": 350670,
                            "Actual Loops": 2,
                            "Hash Buckets": 1048576,
                            "Original Hash Buckets": 524288,
                            "Hash Batches": 1,
                            "Original Hash Batches": 1,
                            "Peak Memory Usage": 39744,
                            "Plans": [
                              {
                                "Node Type": "Bitmap Heap Scan",
                                "Parent Relationship": "Outer",
                                "Parallel Aware": true,
                                "Relation Name": "movie_companies",
                                "Alias": "mc",
                                "Startup Cost": 15952.34,
                                "Total Cost": 41276.36,
                                "Plan Rows": 221169,
                                "Plan Width": 4,
                                "Actual Startup Time": 65.756,
                                "Actual Total Time": 124.126,
                                "Actual Rows": 350670,
                                "Actual Loops": 2,
                                "Recheck Cond": "(company_id > 36161)",
                                "Rows Removed by Index Recheck": 0,
                                "Filter": "(company_type_id > 1)",
                                "Rows Removed by Filter": 27012,
                                "Exact Heap Blocks": 9740,
                                "Lossy Heap Blocks": 0,
                                "Plans": [
                                  {
                                    "Node Type": "Bitmap Index Scan",
                                    "Parent Relationship": "Outer",
                                    "Parallel Aware": false,
                                    "Index Name": "company_id_movie_companies",
                                    "Startup Cost": 0.0,
                                    "Total Cost": 15858.35,
                                    "Plan Rows": 740522,
                                    "Plan Width": 0,
                                    "Actual Startup Time": 47.602,
                                    "Actual Total Time": 47.602,
                                    "Actual Rows": 755363,
                                    "Actual Loops": 1,
                                    "Index Cond": "(company_id > 36161)"
                                  }
                                ]
                              }
                            ]
                          }
                        ]
                      }
                    ]
                  }
                ]
              }
            ]
          }
        ]
      }
    ]
  },
  "Planning Time": 0.943,
  "Triggers": [],
  "Execution Time": 1297.998
}