[
  {
    "Plan": {
      "Node Type": "Aggregate",
      "Strategy": "Plain",
      "Partial Mode": "Finalize",
      "Parallel Aware": false,
      "Startup Cost": 121648.78,
      "Total Cost": 121648.79,
      "Plan Rows": 1,
      "Plan Width": 8,
      "Actual Startup Time": 454.71,
      "Actual Total Time": 465.93,
      "Actual Rows": 1,
      "Actual Loops": 1,
      "Plans": [
        {
          "Node Type": "Gather",
          "Parent Relationship": "Outer",
          "Parallel Aware": false,
          "Startup Cost": 121648.46,
          "Total Cost": 121648.77,
          "Plan Rows": 3,
          "Plan Width": 8,
          "Actual Startup Time": 452.346,
          "Actual Total Time": 465.921,
          "Actual Rows": 4,
          "Actual Loops": 1,
          "Workers Planned": 3,
          "Workers Launched": 3,
          "Single Copy": false,
          "Plans": [
            {
              "Node Type": "Aggregate",
              "Strategy": "Plain",
              "Partial Mode": "Partial",
              "Parent Relationship": "Outer",
              "Parallel Aware": false,
              "Startup Cost": 120648.46,
              "Total Cost": 120648.47,
              "Plan Rows": 1,
              "Plan Width": 8,
              "Actual Startup Time": 448.513,
              "Actual Total Time": 448.686,
              "Actual Rows": 1,
              "Actual Loops": 4,
              "Plans": [
                {
                  "Node Type": "Hash Join",
                  "Parent Relationship": "Outer",
                  "Parallel Aware": true,
                  "Join Type": "Inner",
                  "Startup Cost": 89888.62,
                  "Total Cost": 120475.09,
                  "Plan Rows": 69351,
                  "Plan Width": 0,
                  "Actual Startup Time": 272.761,
                  "Actual Total Time": 427.152,
                  "Actual Rows": 556690,
                  "Actual Loops": 4,
                  "Inner Unique": false,
                  "Hash Cond": "(mc.movie_id = t.id)",
                  "Plans": [
                    {
                      "Node Type": "Seq Scan",
                      "Parent Relationship": "Outer",
                      "Parallel Aware": true,
                      "Relation Name": "movie_companies",
                      "Alias": "mc",
                      "Startup Cost": 0.0,
                      "Total Cost": 27206.55,
                      "Plan Rows": 841655,
                      "Plan Width": 4,
                      "Actual Startup Time": 0.02,
                      "Actual Total Time": 52.265,
                      "Actual Rows": 652282,
                      "Actual Loops": 4
                    },
                    {
                      "Node Type": "Hash",
                      "Parent Relationship": "Inner",
                      "Parallel Aware": true,
                      "Startup Cost": 89048.59,
                      "Total Cost": 89048.59,
                      "Plan Rows": 67203,
                      "Plan Width": 8,
                      "Actual Startup Time": 269.958,
                      "Actual Total Time": 270.13,
                      "Actual Rows": 81462,
                      "Actual Loops": 4,
                      "Hash Buckets": 524288,
                      "Original Hash Buckets": 262144,
                      "Hash Batches": 1,
                      "Original Hash Batches": 1,
                      "Peak Memory Usage": 18976,
                      "Plans": [
                        {
                          "Node Type": "Hash Join",
                          "Parent Relationship": "Outer",
                          "Parallel Aware": true,
                          "Join Type": "Inner",
                          "Startup Cost": 44791.86,
                          "Total Cost": 89048.59,
                          "Plan Rows": 67203,
                          "Plan Width": 8,
                          "Actual Startup Time": 106.88,
                          "Actual Total Time": 245.682,
                          "Actual Rows": 81462,
                          "Actual Loops": 4,
                          "Inner Unique": true,
                          "Hash Cond": "(mk.movie_id = t.id)",
                          "Plans": [
                            {
                              "Node Type": "Seq Scan",
                              "Parent Relationship": "Outer",
                              "Parallel Aware": true,
                              "Relation Name": "movie_keyword",
                              "Alias": "mk",
                              "Startup Cost": 0.0,
                              "Total Cost": 42695.65,
                              "Plan Rows": 594696,
                              "Plan Width": 4,
                              "Actual Startup Time": 0.368,
                              "Actual Total Time": 92.872,
                              "Actual Rows": 454589,
                              "Actual Loops": 4,
                              "Filter": "(keyword_id > 7637)",
                              "Rows Removed by Filter": 676394
                            },
                            {
                              "Node Type": "Hash",
                              "Parent Relationship": "Inner",
                              "Parallel Aware": true,
                              "Startup Cost": 43899.01,
                              "Total Cost": 43899.01,
                              "Plan Rows": 71428,
                              "Plan Width": 4,
                              "Actual Startup Time": 105.57,
                              "Actual Total Time": 105.571,
                              "Actual Rows": 71264,
                              "Actual Loops": 4,
                              "Hash Buckets": 524288,
                              "Original Hash Buckets": 524288,
                              "Hash Batches": 1,
                              "Original Hash Batches": 1,
                              "Peak Memory Usage": 15328,
                              "Plans": [
                                {
                                  "Node Type": "Seq Scan",
                                  "Parent Relationship": "Outer",
                                  "Parallel Aware": true,
                                  "Relation Name": "title",
                                  "Alias": "t",
                                  "Startup Cost": 0.0,
                                  "Total Cost": 43899.01,
                                  "Plan Rows": 71428,
                                  "Plan Width": 4,
                                  "Actual Startup Time": 0.024,
                                  "Actual Total Time": 81.097,
                                  "Actual Rows": 71264,
                                  "Actual Loops": 4,
                                  "Filter": "(production_year < 1964)",
                                  "Rows Removed by Filter": 560814
                                }
                              ]
                            }
                          ]
                        }
                      ]
                    }
                  ]
                }
              ]
            }
          ]
        }
      ]
    },
    "Planning Time": 1.37,
    "Triggers": [],
    "Execution Time": 466.003
  }
]