{
  "Plan": {
    "Node Type": "Aggregate",
    "Strategy": "Plain",
    "Partial Mode": "Finalize",
    "Parallel Aware": false,
    "Startup Cost": 91024.82,
    "Total Cost": 91024.83,
    "Plan Rows": 1,
    "Plan Width": 8,
    "Actual Startup Time": 224.863,
    "Actual Total Time": 232.597,
    "Actual Rows": 1,
    "Actual Loops": 1,
    "Plans": [
      {
        "Node Type": "Gather",
        "Parent Relationship": "Outer",
        "Parallel Aware": false,
        "Startup Cost": 91024.71,
        "Total Cost": 91024.82,
        "Plan Rows": 1,
        "Plan Width": 8,
        "Actual Startup Time": 224.386,
        "Actual Total Time": 232.59,
        "Actual Rows": 2,
        "Actual Loops": 1,
        "Workers Planned": 1,
        "Workers Launched": 1,
        "Single Copy": false,
        "Plans": [
          {
            "Node Type": "Aggregate",
            "Strategy": "Plain",
            "Partial Mode": "Partial",
            "Parent Relationship": "Outer",
            "Parallel Aware": false,
            "Startup Cost": 90024.71,
            "Total Cost": 90024.72,
            "Plan Rows": 1,
            "Plan Width": 8,
            "Actual Startup Time": 218.363,
            "Actual Total Time": 218.368,
            "Actual Rows": 1,
            "Actual Loops": 2,
            "Plans": [
              {
                "Node Type": "Hash Join",
                "Parent Relationship": "Outer",
                "Parallel Aware": true,
                "Join Type": "Inner",
                "Startup Cost": 46410.36,
                "Total Cost": 89934.93,
                "Plan Rows": 35912,
                "Plan Width": 0,
                "Actual Startup Time": 129.484,
                "Actual Total Time": 217.878,
                "Actual Rows": 6597,
                "Actual Loops": 2,
                "Inner Unique": false,
                "Hash Cond": "(t.id = mc.movie_id)",
                "Plans": [
                  {
                    "Node Type": "Bitmap Heap Scan",
                    "Parent Relationship": "Outer",
                    "Parallel Aware": true,
                    "Relation Name": "title",
                    "Alias": "t",
                    "Startup Cost": 11988.66,
                    "Total Cost": 52863.55,
                    "Plan Rows": 390151,
                    "Plan Width": 4,
                    "Actual Startup Time": 20.294,
                    "Actual Total Time": 64.842,
                    "Actual Rows": 331412,
                    "Actual Loops": 2,
                    "Recheck Cond": "(kind_id = 1)",
                    "Rows Removed by Index Recheck": 0,
                    "Exact Heap Blocks": 7371,
                    "Lossy Heap Blocks": 0,
                    "Plans": [
                      {
                        "Node Type": "Bitmap Index Scan",
                        "Parent Relationship": "Outer",
                        "Parallel Aware": false,
                        "Index Name": "kind_id_title",
                        "Startup Cost": 0.0,
                        "Total Cost": 11822.85,
                        "Plan Rows": 663256,
                        "Plan Width": 0,
                        "Actual Startup Time": 18.47,
                        "Actual Total Time": 18.47,
                        "Actual Rows": 662825,
                        "Actual Loops": 1,
                        "Index Cond": "(kind_id = 1)"
                      }
                    ]
                  },
                  {
                    "Node Type": "Hash",
                    "Parent Relationship": "Inner",
                    "Parallel Aware": true,
                    "Startup Cost": 32710.52,
                    "Total Cost": 32710.52,
                    "Plan Rows": 136894,
                    "Plan Width": 4,
                    "Actual Startup Time": 105.753,
                    "Actual Total Time": 105.754,
                    "Actual Rows": 54946,
                    "Actual Loops": 2,
                    "Hash Buckets": 262144,
                    "Original Hash Buckets": 262144,
                    "Hash Batches": 1,
                    "Original Hash Batches": 1,
                    "Peak Memory Usage": 6400,
                    "Plans": [
                      {
                        "Node Type": "Bitmap Heap Scan",
                        "Parent Relationship": "Outer",
                        "Parallel Aware": true,
                        "Relation Name": "movie_companies",
                        "Alias": "mc",
                        "Startup Cost": 9876.24,
                        "Total Cost": 32710.52,
                        "Plan Rows": 136894,
                        "Plan Width": 4,
                        "Actual Startup Time": 76.17,
                        "Actual Total Time": 94.118,
                        "Actual Rows": 54946,
                        "Actual Loops": 2,
                        "Recheck Cond": "(company_id < 376)",
                        "Rows Removed by Index Recheck": 0,
                        "Filter": "(company_type_id > 1)",
                        "Rows Removed by Filter": 170947,
                        "Exact Heap Blocks": 13266,
                        "Lossy Heap Blocks": 0,
                        "Plans": [
                          {
                            "Node Type": "Bitmap Index Scan",
                            "Parent Relationship": "Outer",
                            "Parallel Aware": false,
                            "Index Name": "company_id_movie_companies",
                            "Startup Cost": 0.0,
                            "Total Cost": 9818.06,
                            "Plan Rows": 458351,
                            "Plan Width": 0,
                            "Actual Startup Time": 33.233,
                            "Actual Total Time": 33.233,
                            "Actual Rows": 451787,
                            "Actual Loops": 1,
                            "Index Cond": "(company_id < 376)"
                          }
                        ]
                      }
                    ]
                  }
                ]
              }
            ]
          }
        ]
      }
    ]
  },
  "Planning Time": 0.576,
  "Triggers": [],
  "Execution Time": 232.706
}