[
  {
    "Plan": {
      "Node Type": "Aggregate",
      "Strategy": "Plain",
      "Partial Mode": "Finalize",
      "Parallel Aware": false,
      "Startup Cost": 46630.09,
      "Total Cost": 46630.1,
      "Plan Rows": 1,
      "Plan Width": 8,
      "Actual Startup Time": 185.716,
      "Actual Total Time": 194.896,
      "Actual Rows": 1,
      "Actual Loops": 1,
      "Plans": [
        {
          "Node Type": "Gather",
          "Parent Relationship": "Outer",
          "Parallel Aware": false,
          "Startup Cost": 46629.78,
          "Total Cost": 46630.09,
          "Plan Rows": 3,
          "Plan Width": 8,
          "Actual Startup Time": 185.6,
          "Actual Total Time": 194.889,
          "Actual Rows": 4,
          "Actual Loops": 1,
          "Workers Planned": 3,
          "Workers Launched": 3,
          "Single Copy": false,
          "Plans": [
            {
              "Node Type": "Aggregate",
              "Strategy": "Plain",
              "Partial Mode": "Partial",
              "Parent Relationship": "Outer",
              "Parallel Aware": false,
              "Startup Cost": 45629.78,
              "Total Cost": 45629.79,
              "Plan Rows": 1,
              "Plan Width": 8,
              "Actual Startup Time": 177.292,
              "Actual Total Time": 177.293,
              "Actual Rows": 1,
              "Actual Loops": 4,
              "Plans": [
                {
                  "Node Type": "Seq Scan",
                  "Parent Relationship": "Outer",
                  "Parallel Aware": true,
                  "Relation Name": "movie_keyword",
                  "Alias": "mk",
                  "Startup Cost": 0.0,
                  "Total Cost": 42695.65,
                  "Plan Rows": 1173649,
                  "Plan Width": 0,
                  "Actual Startup Time": 0.06,
                  "Actual Total Time": 132.034,
                  "Actual Rows": 910250,
                  "Actual Loops": 4,
                  "Filter": "(keyword_id < 20889)",
                  "Rows Removed by Filter": 220732
                }
              ]
            }
          ]
        }
      ]
    },
    "Planning Time": 0.153,
    "Triggers": [],
    "Execution Time": 194.947
  }
]