[
  {
    "Plan": {
      "Node Type": "Aggregate",
      "Strategy": "Plain",
      "Partial Mode": "Finalize",
      "Parallel Aware": false,
      "Startup Cost": 74126.47,
      "Total Cost": 74126.48,
      "Plan Rows": 1,
      "Plan Width": 8,
      "Actual Startup Time": 172.123,
      "Actual Total Time": 186.8,
      "Actual Rows": 1,
      "Actual Loops": 1,
      "Plans": [
        {
          "Node Type": "Gather",
          "Parent Relationship": "Outer",
          "Parallel Aware": false,
          "Startup Cost": 74126.16,
          "Total Cost": 74126.47,
          "Plan Rows": 3,
          "Plan Width": 8,
          "Actual Startup Time": 171.401,
          "Actual Total Time": 186.792,
          "Actual Rows": 4,
          "Actual Loops": 1,
          "Workers Planned": 3,
          "Workers Launched": 3,
          "Single Copy": false,
          "Plans": [
            {
              "Node Type": "Aggregate",
              "Strategy": "Plain",
              "Partial Mode": "Partial",
              "Parent Relationship": "Outer",
              "Parallel Aware": false,
              "Startup Cost": 73126.16,
              "Total Cost": 73126.17,
              "Plan Rows": 1,
              "Plan Width": 8,
              "Actual Startup Time": 162.591,
              "Actual Total Time": 162.595,
              "Actual Rows": 1,
              "Actual Loops": 4,
              "Plans": [
                {
                  "Node Type": "Hash Join",
                  "Parent Relationship": "Outer",
                  "Parallel Aware": true,
                  "Join Type": "Inner",
                  "Startup Cost": 52376.79,
                  "Total Cost": 73116.51,
                  "Plan Rows": 3859,
                  "Plan Width": 0,
                  "Actual Startup Time": 146.491,
                  "Actual Total Time": 162.511,
                  "Actual Rows": 1350,
                  "Actual Loops": 4,
                  "Inner Unique": true,
                  "Hash Cond": "(mc.movie_id = t.id)",
                  "Plans": [
                    {
                      "Node Type": "Bitmap Heap Scan",
                      "Parent Relationship": "Outer",
                      "Parallel Aware": true,
                      "Relation Name": "movie_companies",
                      "Alias": "mc",
                      "Startup Cost": 7974.85,
                      "Total Cost": 28555.47,
                      "Plan Rows": 60610,
                      "Plan Width": 4,
                      "Actual Startup Time": 43.679,
                      "Actual Total Time": 54.445,
                      "Actual Rows": 20979,
                      "Actual Loops": 4,
                      "Recheck Cond": "(company_id < 191)",
                      "Rows Removed by Index Recheck": 0,
                      "Filter": "(company_type_id = 2)",
                      "Rows Removed by Filter": 70370,
                      "Exact Heap Blocks": 6338,
                      "Lossy Heap Blocks": 0,
                      "Plans": [
                        {
                          "Node Type": "Bitmap Index Scan",
                          "Parent Relationship": "Outer",
                          "Parallel Aware": false,
                          "Index Name": "company_id_movie_companies",
                          "Startup Cost": 0.0,
                          "Total Cost": 7927.88,
                          "Plan Rows": 370060,
                          "Plan Width": 0,
                          "Actual Startup Time": 17.149,
                          "Actual Total Time": 17.15,
                          "Actual Rows": 365397,
                          "Actual Loops": 1,
                          "Index Cond": "(company_id < 191)"
                        }
                      ]
                    },
                    {
                      "Node Type": "Hash",
                      "Parent Relationship": "Inner",
                      "Parallel Aware": true,
                      "Startup Cost": 43898.92,
                      "Total Cost": 43898.92,
                      "Plan Rows": 40242,
                      "Plan Width": 4,
                      "Actual Startup Time": 100.471,
                      "Actual Total Time": 100.471,
                      "Actual Rows": 41077,
                      "Actual Loops": 4,
                      "Hash Buckets": 262144,
                      "Original Hash Buckets": 262144,
                      "Hash Batches": 1,
                      "Original Hash Batches": 1,
                      "Peak Memory Usage": 8544,
                      "Plans": [
                        {
                          "Node Type": "Seq Scan",
                          "Parent Relationship": "Outer",
                          "Parallel Aware": true,
                          "Relation Name": "title",
                          "Alias": "t",
                          "Startup Cost": 0.0,
                          "Total Cost": 43898.92,
                          "Plan Rows": 40242,
                          "Plan Width": 4,
                          "Actual Startup Time": 0.044,
                          "Actual Total Time": 86.383,
                          "Actual Rows": 41077,
                          "Actual Loops": 4,
                          "Filter": "(production_year = 2012)",
                          "Rows Removed by Filter": 591001
                        }
                      ]
                    }
                  ]
                }
              ]
            }
          ]
        }
      ]
    },
    "Planning Time": 0.672,
    "Triggers": [],
    "Execution Time": 186.929
  }
]