[
  {
    "Plan": {
      "Node Type": "Aggregate",
      "Strategy": "Plain",
      "Partial Mode": "Finalize",
      "Parallel Aware": false,
      "Startup Cost": 108542.71,
      "Total Cost": 108542.72,
      "Plan Rows": 1,
      "Plan Width": 8,
      "Actual Startup Time": 882.831,
      "Actual Total Time": 905.398,
      "Actual Rows": 1,
      "Actual Loops": 1,
      "Plans": [
        {
          "Node Type": "Gather",
          "Parent Relationship": "Outer",
          "Parallel Aware": false,
          "Startup Cost": 108542.39,
          "Total Cost": 108542.7,
          "Plan Rows": 3,
          "Plan Width": 8,
          "Actual Startup Time": 881.991,
          "Actual Total Time": 905.39,
          "Actual Rows": 4,
          "Actual Loops": 1,
          "Workers Planned": 3,
          "Workers Launched": 3,
          "Single Copy": false,
          "Plans": [
            {
              "Node Type": "Aggregate",
              "Strategy": "Plain",
              "Partial Mode": "Partial",
              "Parent Relationship": "Outer",
              "Parallel Aware": false,
              "Startup Cost": 107542.39,
              "Total Cost": 107542.4,
              "Plan Rows": 1,
              "Plan Width": 8,
              "Actual Startup Time": 872.869,
              "Actual Total Time": 872.937,
              "Actual Rows": 1,
              "Actual Loops": 4,
              "Plans": [
                {
                  "Node Type": "Nested Loop",
                  "Parent Relationship": "Outer",
                  "Parallel Aware": false,
                  "Join Type": "Inner",
                  "Startup Cost": 45645.6,
                  "Total Cost": 107475.17,
                  "Plan Rows": 26889,
                  "Plan Width": 0,
                  "Actual Startup Time": 142.124,
                  "Actual Total Time": 834.578,
                  "Actual Rows": 943448,
                  "Actual Loops": 4,
                  "Inner Unique": false,
                  "Join Filter": "(t.id = mc.movie_id)",
                  "Rows Removed by Join Filter": 0,
                  "Plans": [
                    {
                      "Node Type": "Hash Join",
                      "Parent Relationship": "Outer",
                      "Parallel Aware": true,
                      "Join Type": "Inner",
                      "Startup Cost": 45645.17,
                      "Total Cost": 91594.88,
                      "Plan Rows": 26056,
                      "Plan Width": 8,
                      "Actual Startup Time": 142.023,
                      "Actual Total Time": 294.432,
                      "Actual Rows": 137799,
                      "Actual Loops": 4,
                      "Inner Unique": true,
                      "Hash Cond": "(mk.movie_id = t.id)",
                      "Plans": [
                        {
                          "Node Type": "Seq Scan",
                          "Parent Relationship": "Outer",
                          "Parallel Aware": true,
                          "Relation Name": "movie_keyword",
                          "Alias": "mk",
                          "Startup Cost": 0.0,
                          "Total Cost": 42695.65,
                          "Plan Rows": 1239641,
                          "Plan Width": 4,
                          "Actual Startup Time": 0.048,
                          "Actual Total Time": 106.851,
                          "Actual Rows": 959713,
                          "Actual Loops": 4,
                          "Filter": "(keyword_id > 562)",
                          "Rows Removed by Filter": 171270
                        },
                        {
                          "Node Type": "Hash",
                          "Parent Relationship": "Inner",
                          "Parallel Aware": true,
                          "Startup Cost": 45479.1,
                          "Total Cost": 45479.1,
                          "Plan Rows": 13286,
                          "Plan Width": 4,
                          "Actual Startup Time": 108.2,
                          "Actual Total Time": 108.2,
                          "Actual Rows": 45032,
                          "Actual Loops": 4,
                          "Hash Buckets": 262144,
                          "Original Hash Buckets": 65536,
                          "Hash Batches": 1,
                          "Original Hash Batches": 1,
                          "Peak Memory Usage": 10688,
                          "Plans": [
                            {
                              "Node Type": "Seq Scan",
                              "Parent Relationship": "Outer",
                              "Parallel Aware": true,
                              "Relation Name": "title",
                              "Alias": "t",
                              "Startup Cost": 0.0,
                              "Total Cost": 45479.1,
                              "Plan Rows": 13286,
                              "Plan Width": 4,
                              "Actual Startup Time": 58.025,
                              "Actual Total Time": 92.488,
                              "Actual Rows": 45032,
                              "Actual Loops": 4,
                              "Filter": "((production_year < 1957) AND (kind_id = 1))",
                              "Rows Removed by Filter": 587046
                            }
                          ]
                        }
                      ]
                    },
                    {
                      "Node Type": "Index Only Scan",
                      "Parent Relationship": "Inner",
                      "Parallel Aware": false,
                      "Scan Direction": "Forward",
                      "Index Name": "movie_id_movie_companies",
                      "Relation Name": "movie_companies",
                      "Alias": "mc",
                      "Startup Cost": 0.43,
                      "Total Cost": 0.55,
                      "Plan Rows": 5,
                      "Plan Width": 4,
                      "Actual Startup Time": 0.002,
                      "Actual Total Time": 0.003,
                      "Actual Rows": 7,
                      "Actual Loops": 551195,
                      "Index Cond": "(movie_id = mk.movie_id)",
                      "Rows Removed by Index Recheck": 0,
                      "Heap Fetches": 3773791
                    }
                  ]
                }
              ]
            }
          ]
        }
      ]
    },
    "Planning Time": 1.399,
    "Triggers": [],
    "Execution Time": 905.495
  }
]