[
  {
    "Plan": {
      "Node Type": "Aggregate",
      "Strategy": "Plain",
      "Partial Mode": "Finalize",
      "Parallel Aware": false,
      "Startup Cost": 155544.13,
      "Total Cost": 155544.14,
      "Plan Rows": 1,
      "Plan Width": 8,
      "Actual Startup Time": 1209.817,
      "Actual Total Time": 1249.278,
      "Actual Rows": 1,
      "Actual Loops": 1,
      "Plans": [
        {
          "Node Type": "Gather",
          "Parent Relationship": "Outer",
          "Parallel Aware": false,
          "Startup Cost": 155543.81,
          "Total Cost": 155544.12,
          "Plan Rows": 3,
          "Plan Width": 8,
          "Actual Startup Time": 1201.78,
          "Actual Total Time": 1249.265,
          "Actual Rows": 4,
          "Actual Loops": 1,
          "Workers Planned": 3,
          "Workers Launched": 3,
          "Single Copy": false,
          "Plans": [
            {
              "Node Type": "Aggregate",
              "Strategy": "Plain",
              "Partial Mode": "Partial",
              "Parent Relationship": "Outer",
              "Parallel Aware": false,
              "Startup Cost": 154543.81,
              "Total Cost": 154543.82,
              "Plan Rows": 1,
              "Plan Width": 8,
              "Actual Startup Time": 1183.333,
              "Actual Total Time": 1183.338,
              "Actual Rows": 1,
              "Actual Loops": 4,
              "Plans": [
                {
                  "Node Type": "Nested Loop",
                  "Parent Relationship": "Outer",
                  "Parallel Aware": false,
                  "Join Type": "Inner",
                  "Startup Cost": 53277.22,
                  "Total Cost": 154472.72,
                  "Plan Rows": 28438,
                  "Plan Width": 0,
                  "Actual Startup Time": 394.04,
                  "Actual Total Time": 1176.954,
                  "Actual Rows": 84103,
                  "Actual Loops": 4,
                  "Inner Unique": false,
                  "Plans": [
                    {
                      "Node Type": "Hash Join",
                      "Parent Relationship": "Outer",
                      "Parallel Aware": true,
                      "Join Type": "Inner",
                      "Startup Cost": 53276.78,
                      "Total Cost": 78433.34,
                      "Plan Rows": 46450,
                      "Plan Width": 8,
                      "Actual Startup Time": 393.68,
                      "Actual Total Time": 444.858,
                      "Actual Rows": 35903,
                      "Actual Loops": 4,
                      "Inner Unique": true,
                      "Hash Cond": "(mk.movie_id = t.id)",
                      "Plans": [
                        {
                          "Node Type": "Bitmap Heap Scan",
                          "Parent Relationship": "Outer",
                          "Parallel Aware": true,
                          "Relation Name": "movie_keyword",
                          "Alias": "mk",
                          "Startup Cost": 3056.4,
                          "Total Cost": 28091.03,
                          "Plan Rows": 46450,
                          "Plan Width": 4,
                          "Actual Startup Time": 16.269,
                          "Actual Total Time": 46.18,
                          "Actual Rows": 35903,
                          "Actual Loops": 4,
                          "Recheck Cond": "(keyword_id > 74541)",
                          "Rows Removed by Index Recheck": 0,
                          "Exact Heap Blocks": 4580,
                          "Lossy Heap Blocks": 0,
                          "Plans": [
                            {
                              "Node Type": "Bitmap Index Scan",
                              "Parent Relationship": "Outer",
                              "Parallel Aware": false,
                              "Index Name": "keyword_id_movie_keyword",
                              "Startup Cost": 0.0,
                              "Total Cost": 3020.4,
                              "Plan Rows": 143996,
                              "Plan Width": 0,
                              "Actual Startup Time": 11.853,
                              "Actual Total Time": 11.853,
                              "Actual Rows": 143611,
                              "Actual Loops": 1,
                              "Index Cond": "(keyword_id > 74541)"
                            }
                          ]
                        },
                        {
                          "Node Type": "Hash",
                          "Parent Relationship": "Inner",
                          "Parallel Aware": true,
                          "Startup Cost": 42319.06,
                          "Total Cost": 42319.06,
                          "Plan Rows": 632106,
                          "Plan Width": 4,
                          "Actual Startup Time": 365.322,
                          "Actual Total Time": 365.323,
                          "Actual Rows": 632078,
                          "Actual Loops": 4,
                          "Hash Buckets": 4194304,
                          "Original Hash Buckets": 4194304,
                          "Hash Batches": 1,
                          "Original Hash Batches": 1,
                          "Peak Memory Usage": 131744,
                          "Plans": [
                            {
                              "Node Type": "Seq Scan",
                              "Parent Relationship": "Outer",
                              "Parallel Aware": true,
                              "Relation Name": "title",
                              "Alias": "t",
                              "Startup Cost": 0.0,
                              "Total Cost": 42319.06,
                              "Plan Rows": 632106,
                              "Plan Width": 4,
                              "Actual Startup Time": 0.042,
                              "Actual Total Time": 107.231,
                              "Actual Rows": 632078,
                              "Actual Loops": 4
                            }
                          ]
                        }
                      ]
                    },
                    {
                      "Node Type": "Index Scan",
                      "Parent Relationship": "Inner",
                      "Parallel Aware": false,
                      "Scan Direction": "Forward",
                      "Index Name": "movie_id_movie_info",
                      "Relation Name": "movie_info",
                      "Alias": "mi",
                      "Startup Cost": 0.43,
                      "Total Cost": 1.6,
                      "Plan Rows": 4,
                      "Plan Width": 4,
                      "Actual Startup Time": 0.02,
                      "Actual Total Time": 0.02,
                      "Actual Rows": 2,
                      "Actual Loops": 143611,
                      "Index Cond": "(movie_id = t.id)",
                      "Rows Removed by Index Recheck": 0,
                      "Filter": "(info_type_id = 3)",
                      "Rows Removed by Filter": 65
                    }
                  ]
                }
              ]
            }
          ]
        }
      ]
    },
    "Planning Time": 1.305,
    "Triggers": [],
    "Execution Time": 1249.387
  }
]