[
  {
    "Plan": {
      "Node Type": "Aggregate",
      "Strategy": "Plain",
      "Partial Mode": "Finalize",
      "Parallel Aware": false,
      "Startup Cost": 46488.97,
      "Total Cost": 46488.98,
      "Plan Rows": 1,
      "Plan Width": 8,
      "Actual Startup Time": 87.255,
      "Actual Total Time": 99.87,
      "Actual Rows": 1,
      "Actual Loops": 1,
      "Plans": [
        {
          "Node Type": "Gather",
          "Parent Relationship": "Outer",
          "Parallel Aware": false,
          "Startup Cost": 46488.55,
          "Total Cost": 46488.96,
          "Plan Rows": 4,
          "Plan Width": 8,
          "Actual Startup Time": 86.974,
          "Actual Total Time": 99.861,
          "Actual Rows": 5,
          "Actual Loops": 1,
          "Workers Planned": 4,
          "Workers Launched": 4,
          "Single Copy": false,
          "Plans": [
            {
              "Node Type": "Aggregate",
              "Strategy": "Plain",
              "Partial Mode": "Partial",
              "Parent Relationship": "Outer",
              "Parallel Aware": false,
              "Startup Cost": 45488.55,
              "Total Cost": 45488.56,
              "Plan Rows": 1,
              "Plan Width": 8,
              "Actual Startup Time": 79.319,
              "Actual Total Time": 79.32,
              "Actual Rows": 1,
              "Actual Loops": 5,
              "Plans": [
                {
                  "Node Type": "Seq Scan",
                  "Parent Relationship": "Outer",
                  "Parallel Aware": true,
                  "Relation Name": "title",
                  "Alias": "t",
                  "Startup Cost": 0.0,
                  "Total Cost": 45479.59,
                  "Plan Rows": 3587,
                  "Plan Width": 0,
                  "Actual Startup Time": 53.094,
                  "Actual Total Time": 79.172,
                  "Actual Rows": 1620,
                  "Actual Loops": 5,
                  "Filter": "((kind_id = 1) AND (production_year = 2000))",
                  "Rows Removed by Filter": 504042
                }
              ]
            }
          ]
        }
      ]
    },
    "Planning Time": 0.094,
    "Triggers": [],
    "Execution Time": 99.901
  }
]