[
  {
    "Plan": {
      "Node Type": "Aggregate",
      "Strategy": "Plain",
      "Partial Mode": "Finalize",
      "Parallel Aware": false,
      "Startup Cost": 46487.93,
      "Total Cost": 46487.94,
      "Plan Rows": 1,
      "Plan Width": 8,
      "Actual Startup Time": 91.007,
      "Actual Total Time": 103.832,
      "Actual Rows": 1,
      "Actual Loops": 1,
      "Plans": [
        {
          "Node Type": "Gather",
          "Parent Relationship": "Outer",
          "Parallel Aware": false,
          "Startup Cost": 46487.51,
          "Total Cost": 46487.92,
          "Plan Rows": 4,
          "Plan Width": 8,
          "Actual Startup Time": 90.867,
          "Actual Total Time": 103.824,
          "Actual Rows": 5,
          "Actual Loops": 1,
          "Workers Planned": 4,
          "Workers Launched": 4,
          "Single Copy": false,
          "Plans": [
            {
              "Node Type": "Aggregate",
              "Strategy": "Plain",
              "Partial Mode": "Partial",
              "Parent Relationship": "Outer",
              "Parallel Aware": false,
              "Startup Cost": 45487.51,
              "Total Cost": 45487.52,
              "Plan Rows": 1,
              "Plan Width": 8,
              "Actual Startup Time": 83.706,
              "Actual Total Time": 83.707,
              "Actual Rows": 1,
              "Actual Loops": 5,
              "Plans": [
                {
                  "Node Type": "Seq Scan",
                  "Parent Relationship": "Outer",
                  "Parallel Aware": true,
                  "Relation Name": "title",
                  "Alias": "t",
                  "Startup Cost": 0.0,
                  "Total Cost": 45479.1,
                  "Plan Rows": 3366,
                  "Plan Width": 0,
                  "Actual Startup Time": 56.967,
                  "Actual Total Time": 83.542,
                  "Actual Rows": 1620,
                  "Actual Loops": 5,
                  "Filter": "((kind_id = 1) AND (production_year = 2000))",
                  "Rows Removed by Filter": 504042
                }
              ]
            }
          ]
        }
      ]
    },
    "Planning Time": 0.187,
    "Triggers": [],
    "Execution Time": 103.894
  }
]