[
  {
    "Plan": {
      "Node Type": "Aggregate",
      "Strategy": "Plain",
      "Partial Mode": "Finalize",
      "Parallel Aware": false,
      "Startup Cost": 44492.77,
      "Total Cost": 44492.78,
      "Plan Rows": 1,
      "Plan Width": 8,
      "Actual Startup Time": 142.927,
      "Actual Total Time": 154.555,
      "Actual Rows": 1,
      "Actual Loops": 1,
      "Plans": [
        {
          "Node Type": "Gather",
          "Parent Relationship": "Outer",
          "Parallel Aware": false,
          "Startup Cost": 44492.45,
          "Total Cost": 44492.76,
          "Plan Rows": 3,
          "Plan Width": 8,
          "Actual Startup Time": 142.763,
          "Actual Total Time": 154.545,
          "Actual Rows": 4,
          "Actual Loops": 1,
          "Workers Planned": 3,
          "Workers Launched": 3,
          "Single Copy": false,
          "Plans": [
            {
              "Node Type": "Aggregate",
              "Strategy": "Plain",
              "Partial Mode": "Partial",
              "Parent Relationship": "Outer",
              "Parallel Aware": false,
              "Startup Cost": 43492.45,
              "Total Cost": 43492.46,
              "Plan Rows": 1,
              "Plan Width": 8,
              "Actual Startup Time": 138.245,
              "Actual Total Time": 138.246,
              "Actual Rows": 1,
              "Actual Loops": 4,
              "Plans": [
                {
                  "Node Type": "Seq Scan",
                  "Parent Relationship": "Outer",
                  "Parallel Aware": true,
                  "Relation Name": "movie_keyword",
                  "Alias": "mk",
                  "Startup Cost": 0.0,
                  "Total Cost": 42695.65,
                  "Plan Rows": 318720,
                  "Plan Width": 0,
                  "Actual Startup Time": 3.026,
                  "Actual Total Time": 123.252,
                  "Actual Rows": 245912,
                  "Actual Loops": 4,
                  "Filter": "(keyword_id > 18824)",
                  "Rows Removed by Filter": 885070
                }
              ]
            }
          ]
        }
      ]
    },
    "Planning Time": 0.184,
    "Triggers": [],
    "Execution Time": 154.613
  }
]