{
    "Plan": {
        "Node Type": "Aggregate",
        "Strategy": "Plain",
        "Partial Mode": "Finalize",
        "Parallel Aware": false,
        "Startup Cost": 407164.18,
        "Total Cost": 407164.19,
        "Plan Rows": 1,
        "Plan Width": 8,
        "Actual Startup Time": 1428.554,
        "Actual Total Time": 1479.941,
        "Actual Rows": 1,
        "Actual Loops": 1,
        "Output": [
            "count(*)"
        ],
        "Plans": [
            {
                "Node Type": "Gather",
                "Parent Relationship": "Outer",
                "Parallel Aware": false,
                "Startup Cost": 407163.55,
                "Total Cost": 407164.16,
                "Plan Rows": 6,
                "Plan Width": 8,
                "Actual Startup Time": 1422.603,
                "Actual Total Time": 1479.93,
                "Actual Rows": 7,
                "Actual Loops": 1,
                "Output": [
                    "(PARTIAL count(*))"
                ],
                "Workers Planned": 6,
                "Workers Launched": 6,
                "Single Copy": false,
                "Plans": [
                    {
                        "Node Type": "Aggregate",
                        "Strategy": "Plain",
                        "Partial Mode": "Partial",
                        "Parent Relationship": "Outer",
                        "Parallel Aware": false,
                        "Startup Cost": 406163.55,
                        "Total Cost": 406163.56,
                        "Plan Rows": 1,
                        "Plan Width": 8,
                        "Actual Startup Time": 1411.595,
                        "Actual Total Time": 1411.675,
                        "Actual Rows": 1,
                        "Actual Loops": 7,
                        "Output": [
                            "PARTIAL count(*)"
                        ],
                        "Workers": [
                            {
                                "Worker Number": 0,
                                "Actual Startup Time": 1408.76,
                                "Actual Total Time": 1408.765,
                                "Actual Rows": 1,
                                "Actual Loops": 1
                            },
                            {
                                "Worker Number": 1,
                                "Actual Startup Time": 1409.718,
                                "Actual Total Time": 1409.722,
                                "Actual Rows": 1,
                                "Actual Loops": 1
                            },
                            {
                                "Worker Number": 2,
                                "Actual Startup Time": 1410.045,
                                "Actual Total Time": 1410.049,
                                "Actual Rows": 1,
                                "Actual Loops": 1
                            },
                            {
                                "Worker Number": 3,
                                "Actual Startup Time": 1410.141,
                                "Actual Total Time": 1410.145,
                                "Actual Rows": 1,
                                "Actual Loops": 1
                            },
                            {
                                "Worker Number": 4,
                                "Actual Startup Time": 1410.291,
                                "Actual Total Time": 1410.295,
                                "Actual Rows": 1,
                                "Actual Loops": 1
                            },
                            {
                                "Worker Number": 5,
                                "Actual Startup Time": 1410.658,
                                "Actual Total Time": 1410.674,
                                "Actual Rows": 1,
                                "Actual Loops": 1
                            }
                        ],
                        "Plans": [
                            {
                                "Node Type": "Hash Join",
                                "Parent Relationship": "Outer",
                                "Parallel Aware": true,
                                "Join Type": "Inner",
                                "Startup Cost": 64630.99,
                                "Total Cost": 404001.2,
                                "Plan Rows": 864941,
                                "Plan Width": 0,
                                "Actual Startup Time": 198.463,
                                "Actual Total Time": 1367.783,
                                "Actual Rows": 1069167,
                                "Actual Loops": 7,
                                "Inner Unique": false,
                                "Hash Cond": "(ci.movie_id = t.id)",
                                "Workers": [
                                    {
                                        "Worker Number": 0,
                                        "Actual Startup Time": 195.28,
                                        "Actual Total Time": 1366.978,
                                        "Actual Rows": 1015746,
                                        "Actual Loops": 1
                                    },
                                    {
                                        "Worker Number": 1,
                                        "Actual Startup Time": 196.653,
                                        "Actual Total Time": 1367.389,
                                        "Actual Rows": 1052388,
                                        "Actual Loops": 1
                                    },
                                    {
                                        "Worker Number": 2,
                                        "Actual Startup Time": 197.006,
                                        "Actual Total Time": 1367.359,
                                        "Actual Rows": 1060713,
                                        "Actual Loops": 1
                                    },
                                    {
                                        "Worker Number": 3,
                                        "Actual Startup Time": 197.055,
                                        "Actual Total Time": 1367.395,
                                        "Actual Rows": 1060551,
                                        "Actual Loops": 1
                                    },
                                    {
                                        "Worker Number": 4,
                                        "Actual Startup Time": 197.189,
                                        "Actual Total Time": 1364.619,
                                        "Actual Rows": 1071966,
                                        "Actual Loops": 1
                                    },
                                    {
                                        "Worker Number": 5,
                                        "Actual Startup Time": 197.629,
                                        "Actual Total Time": 1369.794,
                                        "Actual Rows": 1000299,
                                        "Actual Loops": 1
                                    }
                                ],
                                "Plans": [
                                    {
                                        "Node Type": "Seq Scan",
                                        "Parent Relationship": "Outer",
                                        "Parallel Aware": true,
                                        "Relation Name": "cast_info",
                                        "Schema": "public",
                                        "Alias": "ci",
                                        "Startup Cost": 0.0,
                                        "Total Cost": 313108.29,
                                        "Plan Rows": 6042129,
                                        "Plan Width": 4,
                                        "Actual Startup Time": 0.034,
                                        "Actual Total Time": 504.812,
                                        "Actual Rows": 5177763,
                                        "Actual Loops": 7,
                                        "Output": [
                                            "ci.id",
                                            "ci.person_id",
                                            "ci.movie_id",
                                            "ci.person_role_id",
                                            "ci.note",
                                            "ci.nr_order",
                                            "ci.role_id"
                                        ],
                                        "Workers": [
                                            {
                                                "Worker Number": 0,
                                                "Actual Startup Time": 0.046,
                                                "Actual Total Time": 523.096,
                                                "Actual Rows": 4902065,
                                                "Actual Loops": 1
                                            },
                                            {
                                                "Worker Number": 1,
                                                "Actual Startup Time": 0.036,
                                                "Actual Total Time": 504.462,
                                                "Actual Rows": 5081930,
                                                "Actual Loops": 1
                                            },
                                            {
                                                "Worker Number": 2,
                                                "Actual Startup Time": 0.037,
                                                "Actual Total Time": 504.082,
                                                "Actual Rows": 5143588,
                                                "Actual Loops": 1
                                            },
                                            {
                                                "Worker Number": 3,
                                                "Actual Startup Time": 0.036,
                                                "Actual Total Time": 506.167,
                                                "Actual Rows": 5151838,
                                                "Actual Loops": 1
                                            },
                                            {
                                                "Worker Number": 4,
                                                "Actual Startup Time": 0.034,
                                                "Actual Total Time": 505.665,
                                                "Actual Rows": 5159756,
                                                "Actual Loops": 1
                                            },
                                            {
                                                "Worker Number": 5,
                                                "Actual Startup Time": 0.038,
                                                "Actual Total Time": 520.302,
                                                "Actual Rows": 4855542,
                                                "Actual Loops": 1
                                            }
                                        ]
                                    },
                                    {
                                        "Node Type": "Hash",
                                        "Parent Relationship": "Inner",
                                        "Parallel Aware": true,
                                        "Startup Cost": 62745.92,
                                        "Total Cost": 62745.92,
                                        "Plan Rows": 150806,
                                        "Plan Width": 8,
                                        "Actual Startup Time": 196.014,
                                        "Actual Total Time": 196.092,
                                        "Actual Rows": 31080,
                                        "Actual Loops": 7,
                                        "Output": [
                                            "t.id",
                                            "mi_idx.movie_id"
                                        ],
                                        "Hash Buckets": 524288,
                                        "Original Hash Buckets": 524288,
                                        "Hash Batches": 1,
                                        "Original Hash Batches": 1,
                                        "Peak Memory Usage": 12704,
                                        "Workers": [
                                            {
                                                "Worker Number": 0,
                                                "Actual Startup Time": 194.591,
                                                "Actual Total Time": 194.595,
                                                "Actual Rows": 27236,
                                                "Actual Loops": 1
                                            },
                                            {
                                                "Worker Number": 1,
                                                "Actual Startup Time": 196.007,
                                                "Actual Total Time": 196.01,
                                                "Actual Rows": 30974,
                                                "Actual Loops": 1
                                            },
                                            {
                                                "Worker Number": 2,
                                                "Actual Startup Time": 196.323,
                                                "Actual Total Time": 196.326,
                                                "Actual Rows": 31514,
                                                "Actual Loops": 1
                                            },
                                            {
                                                "Worker Number": 3,
                                                "Actual Startup Time": 196.459,
                                                "Actual Total Time": 196.461,
                                                "Actual Rows": 32629,
                                                "Actual Loops": 1
                                            },
                                            {
                                                "Worker Number": 4,
                                                "Actual Startup Time": 196.578,
                                                "Actual Total Time": 196.581,
                                                "Actual Rows": 31916,
                                                "Actual Loops": 1
                                            },
                                            {
                                                "Worker Number": 5,
                                                "Actual Startup Time": 196.827,
                                                "Actual Total Time": 196.841,
                                                "Actual Rows": 29201,
                                                "Actual Loops": 1
                                            }
                                        ],
                                        "Plans": [
                                            {
                                                "Node Type": "Hash Join",
                                                "Parent Relationship": "Outer",
                                                "Parallel Aware": true,
                                                "Join Type": "Inner",
                                                "Startup Cost": 47551.36,
                                                "Total Cost": 62745.92,
                                                "Plan Rows": 150806,
                                                "Plan Width": 8,
                                                "Actual Startup Time": 133.577,
                                                "Actual Total Time": 185.292,
                                                "Actual Rows": 31080,
                                                "Actual Loops": 7,
                                                "Output": [
                                                    "t.id",
                                                    "mi_idx.movie_id"
                                                ],
                                                "Inner Unique": true,
                                                "Hash Cond": "(mi_idx.movie_id = t.id)",
                                                "Workers": [
                                                    {
                                                        "Worker Number": 0,
                                                        "Actual Startup Time": 132.98,
                                                        "Actual Total Time": 184.961,
                                                        "Actual Rows": 27236,
                                                        "Actual Loops": 1
                                                    },
                                                    {
                                                        "Worker Number": 1,
                                                        "Actual Startup Time": 133.533,
                                                        "Actual Total Time": 185.369,
                                                        "Actual Rows": 30974,
                                                        "Actual Loops": 1
                                                    },
                                                    {
                                                        "Worker Number": 2,
                                                        "Actual Startup Time": 133.707,
                                                        "Actual Total Time": 185.316,
                                                        "Actual Rows": 31514,
                                                        "Actual Loops": 1
                                                    },
                                                    {
                                                        "Worker Number": 3,
                                                        "Actual Startup Time": 133.678,
                                                        "Actual Total Time": 185.049,
                                                        "Actual Rows": 32629,
                                                        "Actual Loops": 1
                                                    },
                                                    {
                                                        "Worker Number": 4,
                                                        "Actual Startup Time": 133.607,
                                                        "Actual Total Time": 185.196,
                                                        "Actual Rows": 31916,
                                                        "Actual Loops": 1
                                                    },
                                                    {
                                                        "Worker Number": 5,
                                                        "Actual Startup Time": 133.578,
                                                        "Actual Total Time": 185.64,
                                                        "Actual Rows": 29201,
                                                        "Actual Loops": 1
                                                    }
                                                ],
                                                "Plans": [
                                                    {
                                                        "Node Type": "Seq Scan",
                                                        "Parent Relationship": "Outer",
                                                        "Parallel Aware": true,
                                                        "Relation Name": "movie_info_idx",
                                                        "Schema": "public",
                                                        "Alias": "mi_idx",
                                                        "Startup Cost": 0.0,
                                                        "Total Cost": 13685.15,
                                                        "Plan Rows": 575015,
                                                        "Plan Width": 4,
                                                        "Actual Startup Time": 0.015,
                                                        "Actual Total Time": 18.426,
                                                        "Actual Rows": 197148,
                                                        "Actual Loops": 7,
                                                        "Output": [
                                                            "mi_idx.id",
                                                            "mi_idx.movie_id",
                                                            "mi_idx.info_type_id",
                                                            "mi_idx.info",
                                                            "mi_idx.note"
                                                        ],
                                                        "Workers": [
                                                            {
                                                                "Worker Number": 0,
                                                                "Actual Startup Time": 0.014,
                                                                "Actual Total Time": 19.258,
                                                                "Actual Rows": 182436,
                                                                "Actual Loops": 1
                                                            },
                                                            {
                                                                "Worker Number": 1,
                                                                "Actual Startup Time": 0.021,
                                                                "Actual Total Time": 18.911,
                                                                "Actual Rows": 202116,
                                                                "Actual Loops": 1
                                                            },
                                                            {
                                                                "Worker Number": 2,
                                                                "Actual Startup Time": 0.018,
                                                                "Actual Total Time": 18.9,
                                                                "Actual Rows": 202435,
                                                                "Actual Loops": 1
                                                            },
                                                            {
                                                                "Worker Number": 3,
                                                                "Actual Startup Time": 0.019,
                                                                "Actual Total Time": 18.763,
                                                                "Actual Rows": 201241,
                                                                "Actual Loops": 1
                                                            },
                                                            {
                                                                "Worker Number": 4,
                                                                "Actual Startup Time": 0.011,
                                                                "Actual Total Time": 18.814,
                                                                "Actual Rows": 203136,
                                                                "Actual Loops": 1
                                                            },
                                                            {
                                                                "Worker Number": 5,
                                                                "Actual Startup Time": 0.012,
                                                                "Actual Total Time": 18.864,
                                                                "Actual Rows": 179663,
                                                                "Actual Loops": 1
                                                            }
                                                        ]
                                                    },
                                                    {
                                                        "Node Type": "Hash",
                                                        "Parent Relationship": "Inner",
                                                        "Parallel Aware": true,
                                                        "Startup Cost": 45479.21,
                                                        "Total Cost": 45479.21,
                                                        "Plan Rows": 165772,
                                                        "Plan Width": 4,
                                                        "Actual Startup Time": 131.504,
                                                        "Actual Total Time": 131.506,
                                                        "Actual Rows": 100618,
                                                        "Actual Loops": 7,
                                                        "Output": [
                                                            "t.id"
                                                        ],
                                                        "Hash Buckets": 1048576,
                                                        "Original Hash Buckets": 1048576,
                                                        "Hash Batches": 1,
                                                        "Original Hash Batches": 1,
                                                        "Peak Memory Usage": 35840,
                                                        "Workers": [
                                                            {
                                                                "Worker Number": 0,
                                                                "Actual Startup Time": 132.64,
                                                                "Actual Total Time": 132.641,
                                                                "Actual Rows": 84977,
                                                                "Actual Loops": 1
                                                            },
                                                            {
                                                                "Worker Number": 1,
                                                                "Actual Startup Time": 133.428,
                                                                "Actual Total Time": 133.429,
                                                                "Actual Rows": 93224,
                                                                "Actual Loops": 1
                                                            },
                                                            {
                                                                "Worker Number": 2,
                                                                "Actual Startup Time": 133.313,
                                                                "Actual Total Time": 133.314,
                                                                "Actual Rows": 95854,
                                                                "Actual Loops": 1
                                                            },
                                                            {
                                                                "Worker Number": 3,
                                                                "Actual Startup Time": 133.359,
                                                                "Actual Total Time": 133.36,
                                                                "Actual Rows": 95189,
                                                                "Actual Loops": 1
                                                            },
                                                            {
                                                                "Worker Number": 4,
                                                                "Actual Startup Time": 133.299,
                                                                "Actual Total Time": 133.299,
                                                                "Actual Rows": 94333,
                                                                "Actual Loops": 1
                                                            },
                                                            {
                                                                "Worker Number": 5,
                                                                "Actual Startup Time": 133.256,
                                                                "Actual Total Time": 133.267,
                                                                "Actual Rows": 89516,
                                                                "Actual Loops": 1
                                                            }
                                                        ],
                                                        "Plans": [
                                                            {
                                                                "Node Type": "Seq Scan",
                                                                "Parent Relationship": "Outer",
                                                                "Parallel Aware": true,
                                                                "Relation Name": "title",
                                                                "Schema": "public",
                                                                "Alias": "t",
                                                                "Startup Cost": 0.0,
                                                                "Total Cost": 45479.21,
                                                                "Plan Rows": 165772,
                                                                "Plan Width": 4,
                                                                "Actual Startup Time": 0.076,
                                                                "Actual Total Time": 73.801,
                                                                "Actual Rows": 100618,
                                                                "Actual Loops": 7,
                                                                "Output": [
                                                                    "t.id"
                                                                ],
                                                                "Filter": "((t.kind_id > 1) AND (t.production_year > 2006))",
                                                                "Rows Removed by Filter": 260569,
                                                                "Workers": [
                                                                    {
                                                                        "Worker Number": 0,
                                                                        "Actual Startup Time": 0.094,
                                                                        "Actual Total Time": 75.422,
                                                                        "Actual Rows": 84977,
                                                                        "Actual Loops": 1
                                                                    },
                                                                    {
                                                                        "Worker Number": 1,
                                                                        "Actual Startup Time": 0.09,
                                                                        "Actual Total Time": 75.043,
                                                                        "Actual Rows": 93224,
                                                                        "Actual Loops": 1
                                                                    },
                                                                    {
                                                                        "Worker Number": 2,
                                                                        "Actual Startup Time": 0.084,
                                                                        "Actual Total Time": 74.217,
                                                                        "Actual Rows": 95854,
                                                                        "Actual Loops": 1
                                                                    },
                                                                    {
                                                                        "Worker Number": 3,
                                                                        "Actual Startup Time": 0.077,
                                                                        "Actual Total Time": 74.566,
                                                                        "Actual Rows": 95189,
                                                                        "Actual Loops": 1
                                                                    },
                                                                    {
                                                                        "Worker Number": 4,
                                                                        "Actual Startup Time": 0.076,
                                                                        "Actual Total Time": 74.351,
                                                                        "Actual Rows": 94333,
                                                                        "Actual Loops": 1
                                                                    },
                                                                    {
                                                                        "Worker Number": 5,
                                                                        "Actual Startup Time": 0.088,
                                                                        "Actual Total Time": 75.992,
                                                                        "Actual Rows": 89516,
                                                                        "Actual Loops": 1
                                                                    }
                                                                ]
                                                            }
                                                        ]
                                                    }
                                                ]
                                            }
                                        ]
                                    }
                                ]
                            }
                        ]
                    }
                ]
            }
        ]
    },
    "Planning Time": 1.444,
    "Triggers": [],
    "Execution Time": 1480.049
}