{
  "Plan": {
    "Node Type": "Aggregate",
    "Strategy": "Plain",
    "Partial Mode": "Finalize",
    "Parallel Aware": false,
    "Startup Cost": 75472.57,
    "Total Cost": 75472.58,
    "Plan Rows": 1,
    "Plan Width": 8,
    "Actual Startup Time": 279.928,
    "Actual Total Time": 292.646,
    "Actual Rows": 1,
    "Actual Loops": 1,
    "Plans": [
      {
        "Node Type": "Gather",
        "Parent Relationship": "Outer",
        "Parallel Aware": false,
        "Startup Cost": 75472.46,
        "Total Cost": 75472.57,
        "Plan Rows": 1,
        "Plan Width": 8,
        "Actual Startup Time": 279.341,
        "Actual Total Time": 292.635,
        "Actual Rows": 2,
        "Actual Loops": 1,
        "Workers Planned": 1,
        "Workers Launched": 1,
        "Single Copy": false,
        "Plans": [
          {
            "Node Type": "Aggregate",
            "Strategy": "Plain",
            "Partial Mode": "Partial",
            "Parent Relationship": "Outer",
            "Parallel Aware": false,
            "Startup Cost": 74472.46,
            "Total Cost": 74472.47,
            "Plan Rows": 1,
            "Plan Width": 8,
            "Actual Startup Time": 273.716,
            "Actual Total Time": 273.721,
            "Actual Rows": 1,
            "Actual Loops": 2,
            "Plans": [
              {
                "Node Type": "Hash Join",
                "Parent Relationship": "Outer",
                "Parallel Aware": true,
                "Join Type": "Inner",
                "Startup Cost": 55639.99,
                "Total Cost": 74434.11,
                "Plan Rows": 15339,
                "Plan Width": 0,
                "Actual Startup Time": 196.795,
                "Actual Total Time": 273.235,
                "Actual Rows": 10140,
                "Actual Loops": 2,
                "Inner Unique": true,
                "Hash Cond": "(mi_idx.movie_id = t.id)",
                "Plans": [
                  {
                    "Node Type": "Seq Scan",
                    "Parent Relationship": "Outer",
                    "Parallel Aware": true,
                    "Relation Name": "movie_info_idx",
                    "Alias": "mi_idx",
                    "Startup Cost": 0.0,
                    "Total Cost": 18082.32,
                    "Plan Rows": 271164,
                    "Plan Width": 4,
                    "Actual Startup Time": 0.021,
                    "Actual Total Time": 59.091,
                    "Actual Rows": 230092,
                    "Actual Loops": 2,
                    "Filter": "(info_type_id > 100)",
                    "Rows Removed by Filter": 459925
                  },
                  {
                    "Node Type": "Hash",
                    "Parent Relationship": "Inner",
                    "Parallel Aware": true,
                    "Startup Cost": 54588.39,
                    "Total Cost": 54588.39,
                    "Plan Rows": 84128,
                    "Plan Width": 4,
                    "Actual Startup Time": 172.858,
                    "Actual Total Time": 172.859,
                    "Actual Rows": 72770,
                    "Actual Loops": 2,
                    "Hash Buckets": 262144,
                    "Original Hash Buckets": 262144,
                    "Hash Batches": 1,
                    "Original Hash Batches": 1,
                    "Peak Memory Usage": 7776,
                    "Plans": [
                      {
                        "Node Type": "Seq Scan",
                        "Parent Relationship": "Outer",
                        "Parallel Aware": true,
                        "Relation Name": "title",
                        "Alias": "t",
                        "Startup Cost": 0.0,
                        "Total Cost": 54588.39,
                        "Plan Rows": 84128,
                        "Plan Width": 4,
                        "Actual Startup Time": 6.974,
                        "Actual Total Time": 152.033,
                        "Actual Rows": 72770,
                        "Actual Loops": 2,
                        "Filter": "(production_year < 1942)",
                        "Rows Removed by Filter": 1191386
                      }
                    ]
                  }
                ]
              }
            ]
          }
        ]
      }
    ]
  },
  "Planning Time": 0.46,
  "Triggers": [],
  "Execution Time": 292.726
}