[
  {
    "Plan": {
      "Node Type": "Aggregate",
      "Strategy": "Plain",
      "Partial Mode": "Simple",
      "Parallel Aware": false,
      "Startup Cost": 129328.43,
      "Total Cost": 129328.44,
      "Plan Rows": 1,
      "Plan Width": 64,
      "Actual Startup Time": 1735.785,
      "Actual Total Time": 1799.587,
      "Actual Rows": 1,
      "Actual Loops": 1,
      "Plans": [
        {
          "Node Type": "Nested Loop",
          "Parent Relationship": "Outer",
          "Parallel Aware": false,
          "Join Type": "Inner",
          "Startup Cost": 48609.53,
          "Total Cost": 129328.43,
          "Plan Rows": 1,
          "Plan Width": 32,
          "Actual Startup Time": 961.025,
          "Actual Total Time": 1799.56,
          "Actual Rows": 8,
          "Actual Loops": 1,
          "Inner Unique": true,
          "Plans": [
            {
              "Node Type": "Nested Loop",
              "Parent Relationship": "Outer",
              "Parallel Aware": false,
              "Join Type": "Inner",
              "Startup Cost": 48609.1,
              "Total Cost": 129327.76,
              "Plan Rows": 1,
              "Plan Width": 36,
              "Actual Startup Time": 960.962,
              "Actual Total Time": 1799.414,
              "Actual Rows": 15,
              "Actual Loops": 1,
              "Inner Unique": false,
              "Join Filter": "(n.id = an.person_id)",
              "Rows Removed by Join Filter": 0,
              "Plans": [
                {
                  "Node Type": "Gather",
                  "Parent Relationship": "Outer",
                  "Parallel Aware": false,
                  "Startup Cost": 48608.68,
                  "Total Cost": 129327.21,
                  "Plan Rows": 1,
                  "Plan Width": 44,
                  "Actual Startup Time": 960.868,
                  "Actual Total Time": 1799.091,
                  "Actual Rows": 15,
                  "Actual Loops": 1,
                  "Workers Planned": 3,
                  "Workers Launched": 3,
                  "Single Copy": false,
                  "Plans": [
                    {
                      "Node Type": "Nested Loop",
                      "Parent Relationship": "Outer",
                      "Parallel Aware": false,
                      "Join Type": "Inner",
                      "Startup Cost": 47608.68,
                      "Total Cost": 128327.11,
                      "Plan Rows": 1,
                      "Plan Width": 44,
                      "Actual Startup Time": 1270.304,
                      "Actual Total Time": 1719.422,
                      "Actual Rows": 4,
                      "Actual Loops": 4,
                      "Inner Unique": true,
                      "Plans": [
                        {
                          "Node Type": "Hash Join",
                          "Parent Relationship": "Outer",
                          "Parallel Aware": false,
                          "Join Type": "Inner",
                          "Startup Cost": 47608.25,
                          "Total Cost": 128314.76,
                          "Plan Rows": 16,
                          "Plan Width": 25,
                          "Actual Startup Time": 623.727,
                          "Actual Total Time": 1718.393,
                          "Actual Rows": 98,
                          "Actual Loops": 4,
                          "Inner Unique": true,
                          "Hash Cond": "(ci.role_id = rt.id)",
                          "Plans": [
                            {
                              "Node Type": "Nested Loop",
                              "Parent Relationship": "Outer",
                              "Parallel Aware": false,
                              "Join Type": "Inner",
                              "Startup Cost": 47607.08,
                              "Total Cost": 128312.92,
                              "Plan Rows": 193,
                              "Plan Width": 29,
                              "Actual Startup Time": 494.932,
                              "Actual Total Time": 1717.726,
                              "Actual Rows": 361,
                              "Actual Loops": 4,
                              "Inner Unique": false,
                              "Join Filter": "(t.id = ci.movie_id)",
                              "Rows Removed by Join Filter": 0,
                              "Plans": [
                                {
                                  "Node Type": "Hash Join",
                                  "Parent Relationship": "Outer",
                                  "Parallel Aware": false,
                                  "Join Type": "Inner",
                                  "Startup Cost": 47606.52,
                                  "Total Cost": 127887.59,
                                  "Plan Rows": 213,
                                  "Plan Width": 29,
                                  "Actual Startup Time": 414.193,
                                  "Actual Total Time": 1652.363,
                                  "Actual Rows": 603,
                                  "Actual Loops": 4,
                                  "Inner Unique": true,
                                  "Hash Cond": "(mi.info_type_id = it.id)",
                                  "Plans": [
                                    {
                                      "Node Type": "Nested Loop",
                                      "Parent Relationship": "Outer",
                                      "Parallel Aware": false,
                                      "Join Type": "Inner",
                                      "Startup Cost": 47604.09,
                                      "Total Cost": 127819.69,
                                      "Plan Rows": 24042,
                                      "Plan Width": 33,
                                      "Actual Startup Time": 414.034,
                                      "Actual Total Time": 1651.907,
                                      "Actual Rows": 606,
                                      "Actual Loops": 4,
                                      "Inner Unique": false,
                                      "Join Filter": "(t.id = mi.movie_id)",
                                      "Rows Removed by Join Filter": 0,
                                      "Plans": [
                                        {
                                          "Node Type": "Hash Join",
                                          "Parent Relationship": "Outer",
                                          "Parallel Aware": true,
                                          "Join Type": "Inner",
                                          "Startup Cost": 47603.66,
                                          "Total Cost": 77238.37,
                                          "Plan Rows": 30127,
                                          "Plan Width": 25,
                                          "Actual Startup Time": 238.735,
                                          "Actual Total Time": 600.205,
                                          "Actual Rows": 69718,
                                          "Actual Loops": 4,
                                          "Inner Unique": true,
                                          "Hash Cond": "(mc.company_id = cn.id)",
                                          "Plans": [
                                            {
                                              "Node Type": "Hash Join",
                                              "Parent Relationship": "Outer",
                                              "Parallel Aware": true,
                                              "Join Type": "Inner",
                                              "Startup Cost": 42256.26,
                                              "Total Cost": 71672.15,
                                              "Plan Rows": 83362,
                                              "Plan Width": 29,
                                              "Actual Startup Time": 202.075,
                                              "Actual Total Time": 525.752,
                                              "Actual Rows": 119134,
                                              "Actual Loops": 4,
                                              "Inner Unique": true,
                                              "Hash Cond": "(mc.movie_id = t.id)",
                                              "Plans": [
                                                {
                                                  "Node Type": "Seq Scan",
                                                  "Parent Relationship": "Outer",
                                                  "Parallel Aware": true,
                                                  "Relation Name": "movie_companies",
                                                  "Alias": "mc",
                                                  "Startup Cost": 0.0,
                                                  "Total Cost": 27206.55,
                                                  "Plan Rows": 841655,
                                                  "Plan Width": 8,
                                                  "Actual Startup Time": 0.026,
                                                  "Actual Total Time": 115.305,
                                                  "Actual Rows": 652282,
                                                  "Actual Loops": 4
                                                },
                                                {
                                                  "Node Type": "Hash",
                                                  "Parent Relationship": "Inner",
                                                  "Parallel Aware": true,
                                                  "Startup Cost": 41473.71,
                                                  "Total Cost": 41473.71,
                                                  "Plan Rows": 62604,
                                                  "Plan Width": 21,
                                                  "Actual Startup Time": 200.743,
                                                  "Actual Total Time": 200.745,
                                                  "Actual Rows": 60350,
                                                  "Actual Loops": 4,
                                                  "Hash Buckets": 262144,
                                                  "Original Hash Buckets": 262144,
                                                  "Hash Batches": 1,
                                                  "Original Hash Batches": 1,
                                                  "Peak Memory Usage": 16064,
                                                  "Plans": [
                                                    {
                                                      "Node Type": "Bitmap Heap Scan",
                                                      "Parent Relationship": "Outer",
                                                      "Parallel Aware": true,
                                                      "Relation Name": "title",
                                                      "Alias": "t",
                                                      "Startup Cost": 4693.16,
                                                      "Total Cost": 41473.71,
                                                      "Plan Rows": 62604,
                                                      "Plan Width": 21,
                                                      "Actual Startup Time": 41.234,
                                                      "Actual Total Time": 158.775,
                                                      "Actual Rows": 60350,
                                                      "Actual Loops": 4,
                                                      "Recheck Cond": "(production_year < 1960)",
                                                      "Rows Removed by Index Recheck": 0,
                                                      "Exact Heap Blocks": 6872,
                                                      "Lossy Heap Blocks": 0,
                                                      "Plans": [
                                                        {
                                                          "Node Type": "Bitmap Index Scan",
                                                          "Parent Relationship": "Outer",
                                                          "Parallel Aware": false,
                                                          "Index Name": "idx_title_production_year",
                                                          "Startup Cost": 0.0,
                                                          "Total Cost": 4630.56,
                                                          "Plan Rows": 250417,
                                                          "Plan Width": 0,
                                                          "Actual Startup Time": 33.12,
                                                          "Actual Total Time": 33.121,
                                                          "Actual Rows": 241400,
                                                          "Actual Loops": 1,
                                                          "Index Cond": "(production_year < 1960)"
                                                        }
                                                      ]
                                                    }
                                                  ]
                                                }
                                              ]
                                            },
                                            {
                                              "Node Type": "Hash",
                                              "Parent Relationship": "Inner",
                                              "Parallel Aware": true,
                                              "Startup Cost": 4722.92,
                                              "Total Cost": 4722.92,
                                              "Plan Rows": 49958,
                                              "Plan Width": 4,
                                              "Actual Startup Time": 35.696,
                                              "Actual Total Time": 35.697,
                                              "Actual Rows": 21211,
                                              "Actual Loops": 4,
                                              "Hash Buckets": 131072,
                                              "Original Hash Buckets": 131072,
                                              "Hash Batches": 1,
                                              "Original Hash Batches": 1,
                                              "Peak Memory Usage": 4416,
                                              "Plans": [
                                                {
                                                  "Node Type": "Seq Scan",
                                                  "Parent Relationship": "Outer",
                                                  "Parallel Aware": true,
                                                  "Relation Name": "company_name",
                                                  "Alias": "cn",
                                                  "Startup Cost": 0.0,
                                                  "Total Cost": 4722.92,
                                                  "Plan Rows": 49958,
                                                  "Plan Width": 4,
                                                  "Actual Startup Time": 0.068,
                                                  "Actual Total Time": 25.764,
                                                  "Actual Rows": 21211,
                                                  "Actual Loops": 4,
                                                  "Filter": "((country_code)::text = '[us]'::text)",
                                                  "Rows Removed by Filter": 37538
                                                }
                                              ]
                                            }
                                          ]
                                        },
                                        {
                                          "Node Type": "Index Scan",
                                          "Parent Relationship": "Inner",
                                          "Parallel Aware": false,
                                          "Scan Direction": "Forward",
                                          "Index Name": "movie_id_movie_info",
                                          "Relation Name": "movie_info",
                                          "Alias": "mi",
                                          "Startup Cost": 0.43,
                                          "Total Cost": 1.67,
                                          "Plan Rows": 1,
                                          "Plan Width": 8,
                                          "Actual Startup Time": 0.015,
                                          "Actual Total Time": 0.015,
                                          "Actual Rows": 0,
                                          "Actual Loops": 278872,
                                          "Index Cond": "(movie_id = mc.movie_id)",
                                          "Rows Removed by Index Recheck": 0,
                                          "Filter": "((info IS NOT NULL) AND ((info ~~ 'Japan:%200%'::text) OR (info ~~ 'USA:%200%'::text)))",
                                          "Rows Removed by Filter": 18
                                        }
                                      ]
                                    },
                                    {
                                      "Node Type": "Hash",
                                      "Parent Relationship": "Inner",
                                      "Parallel Aware": false,
                                      "Startup Cost": 2.41,
                                      "Total Cost": 2.41,
                                      "Plan Rows": 1,
                                      "Plan Width": 4,
                                      "Actual Startup Time": 0.1,
                                      "Actual Total Time": 0.101,
                                      "Actual Rows": 1,
                                      "Actual Loops": 4,
                                      "Hash Buckets": 1024,
                                      "Original Hash Buckets": 1024,
                                      "Hash Batches": 1,
                                      "Original Hash Batches": 1,
                                      "Peak Memory Usage": 9,
                                      "Plans": [
                                        {
                                          "Node Type": "Seq Scan",
                                          "Parent Relationship": "Outer",
                                          "Parallel Aware": false,
                                          "Relation Name": "info_type",
                                          "Alias": "it",
                                          "Startup Cost": 0.0,
                                          "Total Cost": 2.41,
                                          "Plan Rows": 1,
                                          "Plan Width": 4,
                                          "Actual Startup Time": 0.073,
                                          "Actual Total Time": 0.09,
                                          "Actual Rows": 1,
                                          "Actual Loops": 4,
                                          "Filter": "((info)::text = 'release dates'::text)",
                                          "Rows Removed by Filter": 112
                                        }
                                      ]
                                    }
                                  ]
                                },
                                {
                                  "Node Type": "Index Scan",
                                  "Parent Relationship": "Inner",
                                  "Parallel Aware": false,
                                  "Scan Direction": "Forward",
                                  "Index Name": "movie_id_cast_info",
                                  "Relation Name": "cast_info",
                                  "Alias": "ci",
                                  "Startup Cost": 0.56,
                                  "Total Cost": 1.98,
                                  "Plan Rows": 1,
                                  "Plan Width": 16,
                                  "Actual Startup Time": 0.099,
                                  "Actual Total Time": 0.108,
                                  "Actual Rows": 1,
                                  "Actual Loops": 2411,
                                  "Index Cond": "(movie_id = mc.movie_id)",
                                  "Rows Removed by Index Recheck": 0,
                                  "Filter": "(note = ANY ('{(voice),\"(voice: Japanese version)\",\"(voice) (uncredited)\",\"(voice: English version)\"}'::text[]))",
                                  "Rows Removed by Filter": 42
                                }
                              ]
                            },
                            {
                              "Node Type": "Hash",
                              "Parent Relationship": "Inner",
                              "Parallel Aware": false,
                              "Startup Cost": 1.15,
                              "Total Cost": 1.15,
                              "Plan Rows": 1,
                              "Plan Width": 4,
                              "Actual Startup Time": 0.118,
                              "Actual Total Time": 0.118,
                              "Actual Rows": 1,
                              "Actual Loops": 4,
                              "Hash Buckets": 1024,
                              "Original Hash Buckets": 1024,
                              "Hash Batches": 1,
                              "Original Hash Batches": 1,
                              "Peak Memory Usage": 9,
                              "Plans": [
                                {
                                  "Node Type": "Seq Scan",
                                  "Parent Relationship": "Outer",
                                  "Parallel Aware": false,
                                  "Relation Name": "role_type",
                                  "Alias": "rt",
                                  "Startup Cost": 0.0,
                                  "Total Cost": 1.15,
                                  "Plan Rows": 1,
                                  "Plan Width": 4,
                                  "Actual Startup Time": 0.075,
                                  "Actual Total Time": 0.085,
                                  "Actual Rows": 1,
                                  "Actual Loops": 4,
                                  "Filter": "((role)::text = 'actress'::text)",
                                  "Rows Removed by Filter": 11
                                }
                              ]
                            }
                          ]
                        },
                        {
                          "Node Type": "Index Scan",
                          "Parent Relationship": "Inner",
                          "Parallel Aware": false,
                          "Scan Direction": "Forward",
                          "Index Name": "name_pkey",
                          "Relation Name": "name",
                          "Alias": "n",
                          "Startup Cost": 0.43,
                          "Total Cost": 0.77,
                          "Plan Rows": 1,
                          "Plan Width": 19,
                          "Actual Startup Time": 0.01,
                          "Actual Total Time": 0.01,
                          "Actual Rows": 0,
                          "Actual Loops": 394,
                          "Index Cond": "(id = ci.person_id)",
                          "Rows Removed by Index Recheck": 0,
                          "Filter": "((name ~~ '%An%'::text) AND ((gender)::text = 'f'::text))",
                          "Rows Removed by Filter": 1
                        }
                      ]
                    }
                  ]
                },
                {
                  "Node Type": "Index Only Scan",
                  "Parent Relationship": "Inner",
                  "Parallel Aware": false,
                  "Scan Direction": "Forward",
                  "Index Name": "person_id_aka_name",
                  "Relation Name": "aka_name",
                  "Alias": "an",
                  "Startup Cost": 0.42,
                  "Total Cost": 0.53,
                  "Plan Rows": 2,
                  "Plan Width": 4,
                  "Actual Startup Time": 0.019,
                  "Actual Total Time": 0.02,
                  "Actual Rows": 1,
                  "Actual Loops": 15,
                  "Index Cond": "(person_id = ci.person_id)",
                  "Rows Removed by Index Recheck": 0,
                  "Heap Fetches": 15
                }
              ]
            },
            {
              "Node Type": "Index Only Scan",
              "Parent Relationship": "Inner",
              "Parallel Aware": false,
              "Scan Direction": "Forward",
              "Index Name": "char_name_pkey",
              "Relation Name": "char_name",
              "Alias": "chn",
              "Startup Cost": 0.43,
              "Total Cost": 0.66,
              "Plan Rows": 1,
              "Plan Width": 4,
              "Actual Startup Time": 0.009,
              "Actual Total Time": 0.009,
              "Actual Rows": 1,
              "Actual Loops": 15,
              "Index Cond": "(id = ci.person_role_id)",
              "Rows Removed by Index Recheck": 0,
              "Heap Fetches": 8
            }
          ]
        }
      ]
    },
    "Planning Time": 43.156,
    "Triggers": [],
    "Execution Time": 1800.14
  }
]