[
  {
    "Plan": {
      "Node Type": "Aggregate",
      "Strategy": "Plain",
      "Partial Mode": "Finalize",
      "Parallel Aware": false,
      "Startup Cost": 45709.83,
      "Total Cost": 45709.84,
      "Plan Rows": 1,
      "Plan Width": 8,
      "Actual Startup Time": 139.635,
      "Actual Total Time": 147.488,
      "Actual Rows": 1,
      "Actual Loops": 1,
      "Plans": [
        {
          "Node Type": "Gather",
          "Parent Relationship": "Outer",
          "Parallel Aware": false,
          "Startup Cost": 45709.51,
          "Total Cost": 45709.82,
          "Plan Rows": 3,
          "Plan Width": 8,
          "Actual Startup Time": 139.515,
          "Actual Total Time": 147.479,
          "Actual Rows": 4,
          "Actual Loops": 1,
          "Workers Planned": 3,
          "Workers Launched": 3,
          "Single Copy": false,
          "Plans": [
            {
              "Node Type": "Aggregate",
              "Strategy": "Plain",
              "Partial Mode": "Partial",
              "Parent Relationship": "Outer",
              "Parallel Aware": false,
              "Startup Cost": 44709.51,
              "Total Cost": 44709.52,
              "Plan Rows": 1,
              "Plan Width": 8,
              "Actual Startup Time": 134.485,
              "Actual Total Time": 134.486,
              "Actual Rows": 1,
              "Actual Loops": 4,
              "Plans": [
                {
                  "Node Type": "Seq Scan",
                  "Parent Relationship": "Outer",
                  "Parallel Aware": true,
                  "Relation Name": "movie_keyword",
                  "Alias": "mk",
                  "Startup Cost": 0.0,
                  "Total Cost": 42695.65,
                  "Plan Rows": 805542,
                  "Plan Width": 0,
                  "Actual Startup Time": 0.035,
                  "Actual Total Time": 107.383,
                  "Actual Rows": 625449,
                  "Actual Loops": 4,
                  "Filter": "(keyword_id < 6116)",
                  "Rows Removed by Filter": 505534
                }
              ]
            }
          ]
        }
      ]
    },
    "Planning Time": 0.12,
    "Triggers": [],
    "Execution Time": 147.53
  }
]