[
    {
        "Bao": {
            "Bao prediction": "NaN",
            "Bao recommended hint": "(no hint)"
        }
    },
    {
        "Plan": {
            "Node Type": "Aggregate",
            "Strategy": "Plain",
            "Partial Mode": "Finalize",
            "Parallel Aware": false,
            "Startup Cost": 633404.43,
            "Total Cost": 633404.44,
            "Plan Rows": 1,
            "Plan Width": 8,
            "Actual Startup Time": 5265.786,
            "Actual Total Time": 5314.399,
            "Actual Rows": 1,
            "Actual Loops": 1,
            "Output": [
                "count(*)"
            ],
            "Plans": [
                {
                    "Node Type": "Gather",
                    "Parent Relationship": "Outer",
                    "Parallel Aware": false,
                    "Startup Cost": 633403.81,
                    "Total Cost": 633404.42,
                    "Plan Rows": 6,
                    "Plan Width": 8,
                    "Actual Startup Time": 5235.61,
                    "Actual Total Time": 5314.386,
                    "Actual Rows": 7,
                    "Actual Loops": 1,
                    "Output": [
                        "(PARTIAL count(*))"
                    ],
                    "Workers Planned": 6,
                    "Workers Launched": 6,
                    "Single Copy": false,
                    "Plans": [
                        {
                            "Node Type": "Aggregate",
                            "Strategy": "Plain",
                            "Partial Mode": "Partial",
                            "Parent Relationship": "Outer",
                            "Parallel Aware": false,
                            "Startup Cost": 632403.81,
                            "Total Cost": 632403.82,
                            "Plan Rows": 1,
                            "Plan Width": 8,
                            "Actual Startup Time": 5221.746,
                            "Actual Total Time": 5222.122,
                            "Actual Rows": 1,
                            "Actual Loops": 7,
                            "Output": [
                                "PARTIAL count(*)"
                            ],
                            "Workers": [
                                {
                                    "Worker Number": 0,
                                    "Actual Startup Time": 5218.852,
                                    "Actual Total Time": 5218.856,
                                    "Actual Rows": 1,
                                    "Actual Loops": 1
                                },
                                {
                                    "Worker Number": 1,
                                    "Actual Startup Time": 5218.703,
                                    "Actual Total Time": 5218.707,
                                    "Actual Rows": 1,
                                    "Actual Loops": 1
                                },
                                {
                                    "Worker Number": 2,
                                    "Actual Startup Time": 5218.842,
                                    "Actual Total Time": 5218.847,
                                    "Actual Rows": 1,
                                    "Actual Loops": 1
                                },
                                {
                                    "Worker Number": 3,
                                    "Actual Startup Time": 5218.907,
                                    "Actual Total Time": 5218.911,
                                    "Actual Rows": 1,
                                    "Actual Loops": 1
                                },
                                {
                                    "Worker Number": 4,
                                    "Actual Startup Time": 5223.072,
                                    "Actual Total Time": 5223.078,
                                    "Actual Rows": 1,
                                    "Actual Loops": 1
                                },
                                {
                                    "Worker Number": 5,
                                    "Actual Startup Time": 5218.91,
                                    "Actual Total Time": 5218.915,
                                    "Actual Rows": 1,
                                    "Actual Loops": 1
                                }
                            ],
                            "Plans": [
                                {
                                    "Node Type": "Hash Join",
                                    "Parent Relationship": "Outer",
                                    "Parallel Aware": true,
                                    "Join Type": "Inner",
                                    "Startup Cost": 254923.14,
                                    "Total Cost": 609229.15,
                                    "Plan Rows": 9269863,
                                    "Plan Width": 0,
                                    "Actual Startup Time": 984.67,
                                    "Actual Total Time": 4632.629,
                                    "Actual Rows": 13530785,
                                    "Actual Loops": 7,
                                    "Inner Unique": false,
                                    "Hash Cond": "(ci.movie_id = t.id)",
                                    "Workers": [
                                        {
                                            "Worker Number": 0,
                                            "Actual Startup Time": 982.383,
                                            "Actual Total Time": 4620.899,
                                            "Actual Rows": 13499587,
                                            "Actual Loops": 1
                                        },
                                        {
                                            "Worker Number": 1,
                                            "Actual Startup Time": 982.226,
                                            "Actual Total Time": 4618.276,
                                            "Actual Rows": 13433552,
                                            "Actual Loops": 1
                                        },
                                        {
                                            "Worker Number": 2,
                                            "Actual Startup Time": 982.334,
                                            "Actual Total Time": 4640.698,
                                            "Actual Rows": 14129593,
                                            "Actual Loops": 1
                                        },
                                        {
                                            "Worker Number": 3,
                                            "Actual Startup Time": 982.354,
                                            "Actual Total Time": 4637.919,
                                            "Actual Rows": 14164445,
                                            "Actual Loops": 1
                                        },
                                        {
                                            "Worker Number": 4,
                                            "Actual Startup Time": 982.551,
                                            "Actual Total Time": 4587.221,
                                            "Actual Rows": 10787382,
                                            "Actual Loops": 1
                                        },
                                        {
                                            "Worker Number": 5,
                                            "Actual Startup Time": 982.546,
                                            "Actual Total Time": 4663.726,
                                            "Actual Rows": 14371842,
                                            "Actual Loops": 1
                                        }
                                    ],
                                    "Plans": [
                                        {
                                            "Node Type": "Seq Scan",
                                            "Parent Relationship": "Outer",
                                            "Parallel Aware": true,
                                            "Relation Name": "cast_info",
                                            "Schema": "public",
                                            "Alias": "ci",
                                            "Startup Cost": 0.0,
                                            "Total Cost": 313108.29,
                                            "Plan Rows": 6042129,
                                            "Plan Width": 4,
                                            "Actual Startup Time": 0.034,
                                            "Actual Total Time": 490.654,
                                            "Actual Rows": 5177763,
                                            "Actual Loops": 7,
                                            "Output": [
                                                "ci.id",
                                                "ci.person_id",
                                                "ci.movie_id",
                                                "ci.person_role_id",
                                                "ci.note",
                                                "ci.nr_order",
                                                "ci.role_id"
                                            ],
                                            "Workers": [
                                                {
                                                    "Worker Number": 0,
                                                    "Actual Startup Time": 0.029,
                                                    "Actual Total Time": 501.921,
                                                    "Actual Rows": 5130901,
                                                    "Actual Loops": 1
                                                },
                                                {
                                                    "Worker Number": 1,
                                                    "Actual Startup Time": 0.032,
                                                    "Actual Total Time": 500.518,
                                                    "Actual Rows": 5092313,
                                                    "Actual Loops": 1
                                                },
                                                {
                                                    "Worker Number": 2,
                                                    "Actual Startup Time": 0.023,
                                                    "Actual Total Time": 483.279,
                                                    "Actual Rows": 5369404,
                                                    "Actual Loops": 1
                                                },
                                                {
                                                    "Worker Number": 3,
                                                    "Actual Startup Time": 0.024,
                                                    "Actual Total Time": 490.024,
                                                    "Actual Rows": 5410747,
                                                    "Actual Loops": 1
                                                },
                                                {
                                                    "Worker Number": 4,
                                                    "Actual Startup Time": 0.06,
                                                    "Actual Total Time": 547.992,
                                                    "Actual Rows": 4182202,
                                                    "Actual Loops": 1
                                                },
                                                {
                                                    "Worker Number": 5,
                                                    "Actual Startup Time": 0.061,
                                                    "Actual Total Time": 507.928,
                                                    "Actual Rows": 5520207,
                                                    "Actual Loops": 1
                                                }
                                            ]
                                        },
                                        {
                                            "Node Type": "Hash",
                                            "Parent Relationship": "Inner",
                                            "Parallel Aware": true,
                                            "Startup Cost": 245225.73,
                                            "Total Cost": 245225.73,
                                            "Plan Rows": 775793,
                                            "Plan Width": 8,
                                            "Actual Startup Time": 979.389,
                                            "Actual Total Time": 979.763,
                                            "Actual Rows": 445896,
                                            "Actual Loops": 7,
                                            "Output": [
                                                "t.id",
                                                "mi.movie_id"
                                            ],
                                            "Hash Buckets": 4194304,
                                            "Original Hash Buckets": 4194304,
                                            "Hash Batches": 1,
                                            "Original Hash Batches": 1,
                                            "Peak Memory Usage": 154976,
                                            "Workers": [
                                                {
                                                    "Worker Number": 0,
                                                    "Actual Startup Time": 981.409,
                                                    "Actual Total Time": 981.412,
                                                    "Actual Rows": 348761,
                                                    "Actual Loops": 1
                                                },
                                                {
                                                    "Worker Number": 1,
                                                    "Actual Startup Time": 981.212,
                                                    "Actual Total Time": 981.215,
                                                    "Actual Rows": 343828,
                                                    "Actual Loops": 1
                                                },
                                                {
                                                    "Worker Number": 2,
                                                    "Actual Startup Time": 981.471,
                                                    "Actual Total Time": 981.474,
                                                    "Actual Rows": 476488,
                                                    "Actual Loops": 1
                                                },
                                                {
                                                    "Worker Number": 3,
                                                    "Actual Startup Time": 981.456,
                                                    "Actual Total Time": 981.459,
                                                    "Actual Rows": 479949,
                                                    "Actual Loops": 1
                                                },
                                                {
                                                    "Worker Number": 4,
                                                    "Actual Startup Time": 981.594,
                                                    "Actual Total Time": 981.599,
                                                    "Actual Rows": 473320,
                                                    "Actual Loops": 1
                                                },
                                                {
                                                    "Worker Number": 5,
                                                    "Actual Startup Time": 981.607,
                                                    "Actual Total Time": 981.611,
                                                    "Actual Rows": 471917,
                                                    "Actual Loops": 1
                                                }
                                            ],
                                            "Plans": [
                                                {
                                                    "Node Type": "Hash Join",
                                                    "Parent Relationship": "Outer",
                                                    "Parallel Aware": true,
                                                    "Join Type": "Inner",
                                                    "Startup Cost": 45976.11,
                                                    "Total Cost": 245225.73,
                                                    "Plan Rows": 775793,
                                                    "Plan Width": 8,
                                                    "Actual Startup Time": 128.658,
                                                    "Actual Total Time": 800.684,
                                                    "Actual Rows": 445896,
                                                    "Actual Loops": 7,
                                                    "Output": [
                                                        "t.id",
                                                        "mi.movie_id"
                                                    ],
                                                    "Inner Unique": true,
                                                    "Hash Cond": "(mi.movie_id = t.id)",
                                                    "Workers": [
                                                        {
                                                            "Worker Number": 0,
                                                            "Actual Startup Time": 129.139,
                                                            "Actual Total Time": 806.278,
                                                            "Actual Rows": 348761,
                                                            "Actual Loops": 1
                                                        },
                                                        {
                                                            "Worker Number": 1,
                                                            "Actual Startup Time": 128.598,
                                                            "Actual Total Time": 806.551,
                                                            "Actual Rows": 343828,
                                                            "Actual Loops": 1
                                                        },
                                                        {
                                                            "Worker Number": 2,
                                                            "Actual Startup Time": 128.61,
                                                            "Actual Total Time": 798.013,
                                                            "Actual Rows": 476488,
                                                            "Actual Loops": 1
                                                        },
                                                        {
                                                            "Worker Number": 3,
                                                            "Actual Startup Time": 128.636,
                                                            "Actual Total Time": 798.708,
                                                            "Actual Rows": 479949,
                                                            "Actual Loops": 1
                                                        },
                                                        {
                                                            "Worker Number": 4,
                                                            "Actual Startup Time": 128.454,
                                                            "Actual Total Time": 801.559,
                                                            "Actual Rows": 473320,
                                                            "Actual Loops": 1
                                                        },
                                                        {
                                                            "Worker Number": 5,
                                                            "Actual Startup Time": 128.443,
                                                            "Actual Total Time": 799.859,
                                                            "Actual Rows": 471917,
                                                            "Actual Loops": 1
                                                        }
                                                    ],
                                                    "Plans": [
                                                        {
                                                            "Node Type": "Seq Scan",
                                                            "Parent Relationship": "Outer",
                                                            "Parallel Aware": true,
                                                            "Relation Name": "movie_info",
                                                            "Schema": "public",
                                                            "Alias": "mi",
                                                            "Startup Cost": 0.0,
                                                            "Total Cost": 191503.19,
                                                            "Plan Rows": 2951019,
                                                            "Plan Width": 4,
                                                            "Actual Startup Time": 0.021,
                                                            "Actual Total Time": 257.029,
                                                            "Actual Rows": 2119389,
                                                            "Actual Loops": 7,
                                                            "Output": [
                                                                "mi.id",
                                                                "mi.movie_id",
                                                                "mi.info_type_id",
                                                                "mi.info",
                                                                "mi.note"
                                                            ],
                                                            "Workers": [
                                                                {
                                                                    "Worker Number": 0,
                                                                    "Actual Startup Time": 0.024,
                                                                    "Actual Total Time": 273.174,
                                                                    "Actual Rows": 1632849,
                                                                    "Actual Loops": 1
                                                                },
                                                                {
                                                                    "Worker Number": 1,
                                                                    "Actual Startup Time": 0.031,
                                                                    "Actual Total Time": 273.729,
                                                                    "Actual Rows": 1625945,
                                                                    "Actual Loops": 1
                                                                },
                                                                {
                                                                    "Worker Number": 2,
                                                                    "Actual Startup Time": 0.024,
                                                                    "Actual Total Time": 256.537,
                                                                    "Actual Rows": 2254753,
                                                                    "Actual Loops": 1
                                                                },
                                                                {
                                                                    "Worker Number": 3,
                                                                    "Actual Startup Time": 0.026,
                                                                    "Actual Total Time": 257.603,
                                                                    "Actual Rows": 2271550,
                                                                    "Actual Loops": 1
                                                                },
                                                                {
                                                                    "Worker Number": 4,
                                                                    "Actual Startup Time": 0.019,
                                                                    "Actual Total Time": 267.774,
                                                                    "Actual Rows": 2240192,
                                                                    "Actual Loops": 1
                                                                },
                                                                {
                                                                    "Worker Number": 5,
                                                                    "Actual Startup Time": 0.02,
                                                                    "Actual Total Time": 267.88,
                                                                    "Actual Rows": 2232602,
                                                                    "Actual Loops": 1
                                                                }
                                                            ]
                                                        },
                                                        {
                                                            "Node Type": "Hash",
                                                            "Parent Relationship": "Inner",
                                                            "Parallel Aware": true,
                                                            "Startup Cost": 43899.01,
                                                            "Total Cost": 43899.01,
                                                            "Plan Rows": 166168,
                                                            "Plan Width": 4,
                                                            "Actual Startup Time": 126.519,
                                                            "Actual Total Time": 126.52,
                                                            "Actual Rows": 94581,
                                                            "Actual Loops": 7,
                                                            "Output": [
                                                                "t.id"
                                                            ],
                                                            "Hash Buckets": 1048576,
                                                            "Original Hash Buckets": 1048576,
                                                            "Hash Batches": 1,
                                                            "Original Hash Batches": 1,
                                                            "Peak Memory Usage": 34208,
                                                            "Workers": [
                                                                {
                                                                    "Worker Number": 0,
                                                                    "Actual Startup Time": 127.488,
                                                                    "Actual Total Time": 127.489,
                                                                    "Actual Rows": 73222,
                                                                    "Actual Loops": 1
                                                                },
                                                                {
                                                                    "Worker Number": 1,
                                                                    "Actual Startup Time": 127.462,
                                                                    "Actual Total Time": 127.463,
                                                                    "Actual Rows": 71632,
                                                                    "Actual Loops": 1
                                                                },
                                                                {
                                                                    "Worker Number": 2,
                                                                    "Actual Startup Time": 127.499,
                                                                    "Actual Total Time": 127.5,
                                                                    "Actual Rows": 95205,
                                                                    "Actual Loops": 1
                                                                },
                                                                {
                                                                    "Worker Number": 3,
                                                                    "Actual Startup Time": 127.479,
                                                                    "Actual Total Time": 127.48,
                                                                    "Actual Rows": 89793,
                                                                    "Actual Loops": 1
                                                                },
                                                                {
                                                                    "Worker Number": 4,
                                                                    "Actual Startup Time": 127.471,
                                                                    "Actual Total Time": 127.473,
                                                                    "Actual Rows": 84544,
                                                                    "Actual Loops": 1
                                                                },
                                                                {
                                                                    "Worker Number": 5,
                                                                    "Actual Startup Time": 127.453,
                                                                    "Actual Total Time": 127.454,
                                                                    "Actual Rows": 83034,
                                                                    "Actual Loops": 1
                                                                }
                                                            ],
                                                            "Plans": [
                                                                {
                                                                    "Node Type": "Seq Scan",
                                                                    "Parent Relationship": "Outer",
                                                                    "Parallel Aware": true,
                                                                    "Relation Name": "title",
                                                                    "Schema": "public",
                                                                    "Alias": "t",
                                                                    "Startup Cost": 0.0,
                                                                    "Total Cost": 43899.01,
                                                                    "Plan Rows": 166168,
                                                                    "Plan Width": 4,
                                                                    "Actual Startup Time": 0.043,
                                                                    "Actual Total Time": 75.261,
                                                                    "Actual Rows": 94581,
                                                                    "Actual Loops": 7,
                                                                    "Output": [
                                                                        "t.id"
                                                                    ],
                                                                    "Filter": "(t.production_year > 2008)",
                                                                    "Rows Removed by Filter": 266607,
                                                                    "Workers": [
                                                                        {
                                                                            "Worker Number": 0,
                                                                            "Actual Startup Time": 0.052,
                                                                            "Actual Total Time": 78.836,
                                                                            "Actual Rows": 73222,
                                                                            "Actual Loops": 1
                                                                        },
                                                                        {
                                                                            "Worker Number": 1,
                                                                            "Actual Startup Time": 0.051,
                                                                            "Actual Total Time": 77.721,
                                                                            "Actual Rows": 71632,
                                                                            "Actual Loops": 1
                                                                        },
                                                                        {
                                                                            "Worker Number": 2,
                                                                            "Actual Startup Time": 0.031,
                                                                            "Actual Total Time": 76.503,
                                                                            "Actual Rows": 95205,
                                                                            "Actual Loops": 1
                                                                        },
                                                                        {
                                                                            "Worker Number": 3,
                                                                            "Actual Startup Time": 0.05,
                                                                            "Actual Total Time": 76.644,
                                                                            "Actual Rows": 89793,
                                                                            "Actual Loops": 1
                                                                        },
                                                                        {
                                                                            "Worker Number": 4,
                                                                            "Actual Startup Time": 0.049,
                                                                            "Actual Total Time": 74.894,
                                                                            "Actual Rows": 84544,
                                                                            "Actual Loops": 1
                                                                        },
                                                                        {
                                                                            "Worker Number": 5,
                                                                            "Actual Startup Time": 0.055,
                                                                            "Actual Total Time": 74.929,
                                                                            "Actual Rows": 83034,
                                                                            "Actual Loops": 1
                                                                        }
                                                                    ]
                                                                }
                                                            ]
                                                        }
                                                    ]
                                                }
                                            ]
                                        }
                                    ]
                                }
                            ]
                        }
                    ]
                }
            ]
        },
        "Planning Time": 208.308,
        "Triggers": [],
        "Execution Time": 5314.519
    }
]