[
  {
    "Plan": {
      "Node Type": "Aggregate",
      "Strategy": "Plain",
      "Partial Mode": "Finalize",
      "Parallel Aware": false,
      "Startup Cost": 93085.84,
      "Total Cost": 93085.85,
      "Plan Rows": 1,
      "Plan Width": 8,
      "Actual Startup Time": 267.588,
      "Actual Total Time": 285.858,
      "Actual Rows": 1,
      "Actual Loops": 1,
      "Plans": [
        {
          "Node Type": "Gather",
          "Parent Relationship": "Outer",
          "Parallel Aware": false,
          "Startup Cost": 93085.52,
          "Total Cost": 93085.83,
          "Plan Rows": 3,
          "Plan Width": 8,
          "Actual Startup Time": 267.407,
          "Actual Total Time": 285.849,
          "Actual Rows": 4,
          "Actual Loops": 1,
          "Workers Planned": 3,
          "Workers Launched": 3,
          "Single Copy": false,
          "Plans": [
            {
              "Node Type": "Aggregate",
              "Strategy": "Plain",
              "Partial Mode": "Partial",
              "Parent Relationship": "Outer",
              "Parallel Aware": false,
              "Startup Cost": 92085.52,
              "Total Cost": 92085.53,
              "Plan Rows": 1,
              "Plan Width": 8,
              "Actual Startup Time": 259.612,
              "Actual Total Time": 259.616,
              "Actual Rows": 1,
              "Actual Loops": 4,
              "Plans": [
                {
                  "Node Type": "Hash Join",
                  "Parent Relationship": "Outer",
                  "Parallel Aware": true,
                  "Join Type": "Inner",
                  "Startup Cost": 45818.79,
                  "Total Cost": 91945.25,
                  "Plan Rows": 56108,
                  "Plan Width": 0,
                  "Actual Startup Time": 100.799,
                  "Actual Total Time": 259.587,
                  "Actual Rows": 131,
                  "Actual Loops": 4,
                  "Inner Unique": true,
                  "Hash Cond": "(mk.movie_id = t.id)",
                  "Plans": [
                    {
                      "Node Type": "Seq Scan",
                      "Parent Relationship": "Outer",
                      "Parallel Aware": true,
                      "Relation Name": "movie_keyword",
                      "Alias": "mk",
                      "Startup Cost": 0.0,
                      "Total Cost": 42695.65,
                      "Plan Rows": 1306971,
                      "Plan Width": 4,
                      "Actual Startup Time": 0.037,
                      "Actual Total Time": 106.419,
                      "Actual Rows": 1013007,
                      "Actual Loops": 4,
                      "Filter": "(keyword_id > 355)",
                      "Rows Removed by Filter": 117976
                    },
                    {
                      "Node Type": "Hash",
                      "Parent Relationship": "Inner",
                      "Parallel Aware": true,
                      "Startup Cost": 45479.59,
                      "Total Cost": 45479.59,
                      "Plan Rows": 27136,
                      "Plan Width": 4,
                      "Actual Startup Time": 98.23,
                      "Actual Total Time": 98.232,
                      "Actual Rows": 348,
                      "Actual Loops": 4,
                      "Hash Buckets": 131072,
                      "Original Hash Buckets": 131072,
                      "Hash Batches": 1,
                      "Original Hash Batches": 1,
                      "Peak Memory Usage": 1152,
                      "Plans": [
                        {
                          "Node Type": "Seq Scan",
                          "Parent Relationship": "Outer",
                          "Parallel Aware": true,
                          "Relation Name": "title",
                          "Alias": "t",
                          "Startup Cost": 0.0,
                          "Total Cost": 45479.59,
                          "Plan Rows": 27136,
                          "Plan Width": 4,
                          "Actual Startup Time": 1.969,
                          "Actual Total Time": 97.76,
                          "Actual Rows": 348,
                          "Actual Loops": 4,
                          "Filter": "((kind_id > 1) AND (production_year < 1949))",
                          "Rows Removed by Filter": 631730
                        }
                      ]
                    }
                  ]
                }
              ]
            }
          ]
        }
      ]
    },
    "Planning Time": 0.653,
    "Triggers": [],
    "Execution Time": 285.929
  }
]