[
  {
    "Plan": {
      "Node Type": "Aggregate",
      "Strategy": "Plain",
      "Partial Mode": "Finalize",
      "Parallel Aware": false,
      "Startup Cost": 77036.02,
      "Total Cost": 77036.03,
      "Plan Rows": 1,
      "Plan Width": 8,
      "Actual Startup Time": 245.276,
      "Actual Total Time": 259.572,
      "Actual Rows": 1,
      "Actual Loops": 1,
      "Plans": [
        {
          "Node Type": "Gather",
          "Parent Relationship": "Outer",
          "Parallel Aware": false,
          "Startup Cost": 77035.7,
          "Total Cost": 77036.01,
          "Plan Rows": 3,
          "Plan Width": 8,
          "Actual Startup Time": 241.484,
          "Actual Total Time": 259.564,
          "Actual Rows": 4,
          "Actual Loops": 1,
          "Workers Planned": 3,
          "Workers Launched": 3,
          "Single Copy": false,
          "Plans": [
            {
              "Node Type": "Aggregate",
              "Strategy": "Plain",
              "Partial Mode": "Partial",
              "Parent Relationship": "Outer",
              "Parallel Aware": false,
              "Startup Cost": 76035.7,
              "Total Cost": 76035.71,
              "Plan Rows": 1,
              "Plan Width": 8,
              "Actual Startup Time": 232.707,
              "Actual Total Time": 232.711,
              "Actual Rows": 1,
              "Actual Loops": 4,
              "Plans": [
                {
                  "Node Type": "Hash Join",
                  "Parent Relationship": "Outer",
                  "Parallel Aware": true,
                  "Join Type": "Inner",
                  "Startup Cost": 50496.36,
                  "Total Cost": 75990.6,
                  "Plan Rows": 18042,
                  "Plan Width": 0,
                  "Actual Startup Time": 177.783,
                  "Actual Total Time": 230.665,
                  "Actual Rows": 41608,
                  "Actual Loops": 4,
                  "Inner Unique": true,
                  "Hash Cond": "(mk.movie_id = t.id)",
                  "Plans": [
                    {
                      "Node Type": "Bitmap Heap Scan",
                      "Parent Relationship": "Outer",
                      "Parallel Aware": true,
                      "Relation Name": "movie_keyword",
                      "Alias": "mk",
                      "Startup Cost": 4524.77,
                      "Total Cost": 29838.47,
                      "Plan Rows": 68776,
                      "Plan Width": 4,
                      "Actual Startup Time": 16.767,
                      "Actual Total Time": 55.559,
                      "Actual Rows": 51689,
                      "Actual Loops": 4,
                      "Recheck Cond": "(keyword_id > 67225)",
                      "Rows Removed by Index Recheck": 0,
                      "Exact Heap Blocks": 7448,
                      "Lossy Heap Blocks": 0,
                      "Plans": [
                        {
                          "Node Type": "Bitmap Index Scan",
                          "Parent Relationship": "Outer",
                          "Parallel Aware": false,
                          "Index Name": "keyword_id_movie_keyword",
                          "Startup Cost": 0.0,
                          "Total Cost": 4471.47,
                          "Plan Rows": 213205,
                          "Plan Width": 0,
                          "Actual Startup Time": 13.676,
                          "Actual Total Time": 13.676,
                          "Actual Rows": 206755,
                          "Actual Loops": 1,
                          "Index Cond": "(keyword_id > 67225)"
                        }
                      ]
                    },
                    {
                      "Node Type": "Hash",
                      "Parent Relationship": "Inner",
                      "Parallel Aware": true,
                      "Startup Cost": 43898.92,
                      "Total Cost": 43898.92,
                      "Plan Rows": 165814,
                      "Plan Width": 4,
                      "Actual Startup Time": 154.04,
                      "Actual Total Time": 154.041,
                      "Actual Rows": 165706,
                      "Actual Loops": 4,
                      "Hash Buckets": 1048576,
                      "Original Hash Buckets": 1048576,
                      "Hash Batches": 1,
                      "Original Hash Batches": 1,
                      "Peak Memory Usage": 34176,
                      "Plans": [
                        {
                          "Node Type": "Seq Scan",
                          "Parent Relationship": "Outer",
                          "Parallel Aware": true,
                          "Relation Name": "title",
                          "Alias": "t",
                          "Startup Cost": 0.0,
                          "Total Cost": 43898.92,
                          "Plan Rows": 165814,
                          "Plan Width": 4,
                          "Actual Startup Time": 45.635,
                          "Actual Total Time": 99.703,
                          "Actual Rows": 165706,
                          "Actual Loops": 4,
                          "Filter": "(kind_id = 1)",
                          "Rows Removed by Filter": 466372
                        }
                      ]
                    }
                  ]
                }
              ]
            }
          ]
        }
      ]
    },
    "Planning Time": 0.594,
    "Triggers": [],
    "Execution Time": 259.654
  }
]