{
  "Plan": {
    "Node Type": "Aggregate",
    "Strategy": "Plain",
    "Partial Mode": "Finalize",
    "Parallel Aware": false,
    "Startup Cost": 90349.87,
    "Total Cost": 90349.88,
    "Plan Rows": 1,
    "Plan Width": 8,
    "Actual Startup Time": 233.147,
    "Actual Total Time": 250.296,
    "Actual Rows": 1,
    "Actual Loops": 1,
    "Plans": [
      {
        "Node Type": "Gather",
        "Parent Relationship": "Outer",
        "Parallel Aware": false,
        "Startup Cost": 90349.76,
        "Total Cost": 90349.87,
        "Plan Rows": 1,
        "Plan Width": 8,
        "Actual Startup Time": 232.836,
        "Actual Total Time": 250.288,
        "Actual Rows": 2,
        "Actual Loops": 1,
        "Workers Planned": 1,
        "Workers Launched": 1,
        "Single Copy": false,
        "Plans": [
          {
            "Node Type": "Aggregate",
            "Strategy": "Plain",
            "Partial Mode": "Partial",
            "Parent Relationship": "Outer",
            "Parallel Aware": false,
            "Startup Cost": 89349.76,
            "Total Cost": 89349.77,
            "Plan Rows": 1,
            "Plan Width": 8,
            "Actual Startup Time": 226.817,
            "Actual Total Time": 226.82,
            "Actual Rows": 1,
            "Actual Loops": 2,
            "Plans": [
              {
                "Node Type": "Hash Join",
                "Parent Relationship": "Outer",
                "Parallel Aware": true,
                "Join Type": "Inner",
                "Startup Cost": 63091.47,
                "Total Cost": 89341.77,
                "Plan Rows": 3194,
                "Plan Width": 0,
                "Actual Startup Time": 165.158,
                "Actual Total Time": 226.754,
                "Actual Rows": 882,
                "Actual Loops": 2,
                "Inner Unique": true,
                "Hash Cond": "(mk.movie_id = t.id)",
                "Plans": [
                  {
                    "Node Type": "Bitmap Heap Scan",
                    "Parent Relationship": "Outer",
                    "Parallel Aware": true,
                    "Relation Name": "movie_keyword",
                    "Alias": "mk",
                    "Startup Cost": 4285.14,
                    "Total Cost": 30223.69,
                    "Plan Rows": 118764,
                    "Plan Width": 4,
                    "Actual Startup Time": 15.274,
                    "Actual Total Time": 61.266,
                    "Actual Rows": 108462,
                    "Actual Loops": 2,
                    "Recheck Cond": "(keyword_id < 145)",
                    "Rows Removed by Index Recheck": 0,
                    "Exact Heap Blocks": 14979,
                    "Lossy Heap Blocks": 0,
                    "Plans": [
                      {
                        "Node Type": "Bitmap Index Scan",
                        "Parent Relationship": "Outer",
                        "Parallel Aware": false,
                        "Index Name": "keyword_id_movie_keyword",
                        "Startup Cost": 0.0,
                        "Total Cost": 4234.67,
                        "Plan Rows": 201898,
                        "Plan Width": 0,
                        "Actual Startup Time": 11.74,
                        "Actual Total Time": 11.741,
                        "Actual Rows": 216924,
                        "Actual Loops": 1,
                        "Index Cond": "(keyword_id < 145)"
                      }
                    ]
                  },
                  {
                    "Node Type": "Hash",
                    "Parent Relationship": "Inner",
                    "Parallel Aware": true,
                    "Startup Cost": 58306.47,
                    "Total Cost": 58306.47,
                    "Plan Rows": 39989,
                    "Plan Width": 4,
                    "Actual Startup Time": 147.381,
                    "Actual Total Time": 147.381,
                    "Actual Rows": 37262,
                    "Actual Loops": 2,
                    "Hash Buckets": 131072,
                    "Original Hash Buckets": 131072,
                    "Hash Batches": 1,
                    "Original Hash Batches": 1,
                    "Peak Memory Usage": 3968,
                    "Plans": [
                      {
                        "Node Type": "Seq Scan",
                        "Parent Relationship": "Outer",
                        "Parallel Aware": true,
                        "Relation Name": "title",
                        "Alias": "t",
                        "Startup Cost": 0.0,
                        "Total Cost": 58306.47,
                        "Plan Rows": 39989,
                        "Plan Width": 4,
                        "Actual Startup Time": 0.043,
                        "Actual Total Time": 136.992,
                        "Actual Rows": 37262,
                        "Actual Loops": 2,
                        "Filter": "((kind_id = 7) AND (production_year = 2006))",
                        "Rows Removed by Filter": 1226894
                      }
                    ]
                  }
                ]
              }
            ]
          }
        ]
      }
    ]
  },
  "Planning Time": 0.568,
  "Triggers": [],
  "Execution Time": 250.393
}