[
  {
    "Plan": {
      "Node Type": "Aggregate",
      "Strategy": "Plain",
      "Partial Mode": "Finalize",
      "Parallel Aware": false,
      "Startup Cost": 11542.5,
      "Total Cost": 11542.51,
      "Plan Rows": 1,
      "Plan Width": 8,
      "Actual Startup Time": 32.076,
      "Actual Total Time": 36.605,
      "Actual Rows": 1,
      "Actual Loops": 1,
      "Plans": [
        {
          "Node Type": "Gather",
          "Parent Relationship": "Outer",
          "Parallel Aware": false,
          "Startup Cost": 11542.39,
          "Total Cost": 11542.5,
          "Plan Rows": 1,
          "Plan Width": 8,
          "Actual Startup Time": 31.945,
          "Actual Total Time": 36.597,
          "Actual Rows": 2,
          "Actual Loops": 1,
          "Workers Planned": 1,
          "Workers Launched": 1,
          "Single Copy": false,
          "Plans": [
            {
              "Node Type": "Aggregate",
              "Strategy": "Plain",
              "Partial Mode": "Partial",
              "Parent Relationship": "Outer",
              "Parallel Aware": false,
              "Startup Cost": 10542.39,
              "Total Cost": 10542.4,
              "Plan Rows": 1,
              "Plan Width": 8,
              "Actual Startup Time": 25.791,
              "Actual Total Time": 25.793,
              "Actual Rows": 1,
              "Actual Loops": 2,
              "Plans": [
                {
                  "Node Type": "Nested Loop",
                  "Parent Relationship": "Outer",
                  "Parallel Aware": false,
                  "Join Type": "Inner",
                  "Startup Cost": 44.02,
                  "Total Cost": 10541.82,
                  "Plan Rows": 226,
                  "Plan Width": 0,
                  "Actual Startup Time": 2.642,
                  "Actual Total Time": 25.626,
                  "Actual Rows": 879,
                  "Actual Loops": 2,
                  "Inner Unique": true,
                  "Plans": [
                    {
                      "Node Type": "Bitmap Heap Scan",
                      "Parent Relationship": "Outer",
                      "Parallel Aware": true,
                      "Relation Name": "movie_companies",
                      "Alias": "mc",
                      "Startup Cost": 43.59,
                      "Total Cost": 5822.89,
                      "Plan Rows": 576,
                      "Plan Width": 4,
                      "Actual Startup Time": 1.754,
                      "Actual Total Time": 6.338,
                      "Actual Rows": 1984,
                      "Actual Loops": 2,
                      "Recheck Cond": "(company_id < 6)",
                      "Rows Removed by Index Recheck": 0,
                      "Filter": "(company_type_id < 2)",
                      "Rows Removed by Filter": 372,
                      "Exact Heap Blocks": 1664,
                      "Lossy Heap Blocks": 0,
                      "Plans": [
                        {
                          "Node Type": "Bitmap Index Scan",
                          "Parent Relationship": "Outer",
                          "Parallel Aware": false,
                          "Index Name": "company_id_movie_companies",
                          "Startup Cost": 0.0,
                          "Total Cost": 43.35,
                          "Plan Rows": 1989,
                          "Plan Width": 0,
                          "Actual Startup Time": 2.509,
                          "Actual Total Time": 2.51,
                          "Actual Rows": 4712,
                          "Actual Loops": 1,
                          "Index Cond": "(company_id < 6)"
                        }
                      ]
                    },
                    {
                      "Node Type": "Index Scan",
                      "Parent Relationship": "Inner",
                      "Parallel Aware": false,
                      "Scan Direction": "Forward",
                      "Index Name": "title_pkey",
                      "Relation Name": "title",
                      "Alias": "t",
                      "Startup Cost": 0.43,
                      "Total Cost": 8.19,
                      "Plan Rows": 1,
                      "Plan Width": 4,
                      "Actual Startup Time": 0.009,
                      "Actual Total Time": 0.009,
                      "Actual Rows": 0,
                      "Actual Loops": 3969,
                      "Index Cond": "(id = mc.movie_id)",
                      "Rows Removed by Index Recheck": 0,
                      "Filter": "(kind_id < 7)",
                      "Rows Removed by Filter": 1
                    }
                  ]
                }
              ]
            }
          ]
        }
      ]
    },
    "Planning Time": 0.765,
    "Triggers": [],
    "Execution Time": 36.701
  }
]