[
  {
    "Plan": {
      "Node Type": "Aggregate",
      "Strategy": "Plain",
      "Partial Mode": "Finalize",
      "Parallel Aware": false,
      "Startup Cost": 44685.69,
      "Total Cost": 44685.7,
      "Plan Rows": 1,
      "Plan Width": 8,
      "Actual Startup Time": 109.097,
      "Actual Total Time": 114.327,
      "Actual Rows": 1,
      "Actual Loops": 1,
      "Plans": [
        {
          "Node Type": "Gather",
          "Parent Relationship": "Outer",
          "Parallel Aware": false,
          "Startup Cost": 44685.37,
          "Total Cost": 44685.68,
          "Plan Rows": 3,
          "Plan Width": 8,
          "Actual Startup Time": 109.023,
          "Actual Total Time": 114.322,
          "Actual Rows": 4,
          "Actual Loops": 1,
          "Workers Planned": 3,
          "Workers Launched": 3,
          "Single Copy": false,
          "Plans": [
            {
              "Node Type": "Aggregate",
              "Strategy": "Plain",
              "Partial Mode": "Partial",
              "Parent Relationship": "Outer",
              "Parallel Aware": false,
              "Startup Cost": 43685.37,
              "Total Cost": 43685.38,
              "Plan Rows": 1,
              "Plan Width": 8,
              "Actual Startup Time": 104.742,
              "Actual Total Time": 104.743,
              "Actual Rows": 1,
              "Actual Loops": 4,
              "Plans": [
                {
                  "Node Type": "Seq Scan",
                  "Parent Relationship": "Outer",
                  "Parallel Aware": true,
                  "Relation Name": "movie_keyword",
                  "Alias": "mk",
                  "Startup Cost": 0.0,
                  "Total Cost": 42695.65,
                  "Plan Rows": 395887,
                  "Plan Width": 0,
                  "Actual Startup Time": 0.026,
                  "Actual Total Time": 90.671,
                  "Actual Rows": 305673,
                  "Actual Loops": 4,
                  "Filter": "(keyword_id < 1545)",
                  "Rows Removed by Filter": 825310
                }
              ]
            }
          ]
        }
      ]
    },
    "Planning Time": 0.039,
    "Triggers": [],
    "Execution Time": 114.344
  }
]