{
  "Plan": {
    "Node Type": "Aggregate",
    "Strategy": "Plain",
    "Partial Mode": "Finalize",
    "Parallel Aware": false,
    "Startup Cost": 131919.22,
    "Total Cost": 131919.23,
    "Plan Rows": 1,
    "Plan Width": 8,
    "Actual Startup Time": 517.231,
    "Actual Total Time": 537.643,
    "Actual Rows": 1,
    "Actual Loops": 1,
    "Plans": [
      {
        "Node Type": "Gather",
        "Parent Relationship": "Outer",
        "Parallel Aware": false,
        "Startup Cost": 131919.11,
        "Total Cost": 131919.22,
        "Plan Rows": 1,
        "Plan Width": 8,
        "Actual Startup Time": 515.455,
        "Actual Total Time": 537.634,
        "Actual Rows": 2,
        "Actual Loops": 1,
        "Workers Planned": 1,
        "Workers Launched": 1,
        "Single Copy": false,
        "Plans": [
          {
            "Node Type": "Aggregate",
            "Strategy": "Plain",
            "Partial Mode": "Partial",
            "Parent Relationship": "Outer",
            "Parallel Aware": false,
            "Startup Cost": 130919.11,
            "Total Cost": 130919.12,
            "Plan Rows": 1,
            "Plan Width": 8,
            "Actual Startup Time": 509.21,
            "Actual Total Time": 509.216,
            "Actual Rows": 1,
            "Actual Loops": 2,
            "Plans": [
              {
                "Node Type": "Hash Join",
                "Parent Relationship": "Outer",
                "Parallel Aware": true,
                "Join Type": "Inner",
                "Startup Cost": 111730.13,
                "Total Cost": 130892.33,
                "Plan Rows": 10714,
                "Plan Width": 0,
                "Actual Startup Time": 429.525,
                "Actual Total Time": 506.562,
                "Actual Rows": 67872,
                "Actual Loops": 2,
                "Inner Unique": false,
                "Hash Cond": "(mi_idx.movie_id = t.id)",
                "Plans": [
                  {
                    "Node Type": "Seq Scan",
                    "Parent Relationship": "Outer",
                    "Parallel Aware": true,
                    "Relation Name": "movie_info_idx",
                    "Alias": "mi_idx",
                    "Startup Cost": 0.0,
                    "Total Cost": 18082.32,
                    "Plan Rows": 271164,
                    "Plan Width": 4,
                    "Actual Startup Time": 0.026,
                    "Actual Total Time": 49.769,
                    "Actual Rows": 230092,
                    "Actual Loops": 2,
                    "Filter": "(info_type_id > 100)",
                    "Rows Removed by Filter": 459925
                  },
                  {
                    "Node Type": "Hash",
                    "Parent Relationship": "Inner",
                    "Parallel Aware": true,
                    "Startup Cost": 110995.61,
                    "Total Cost": 110995.61,
                    "Plan Rows": 58761,
                    "Plan Width": 8,
                    "Actual Startup Time": 423.724,
                    "Actual Total Time": 423.728,
                    "Actual Rows": 85510,
                    "Actual Loops": 2,
                    "Hash Buckets": 262144,
                    "Original Hash Buckets": 131072,
                    "Hash Batches": 1,
                    "Original Hash Batches": 1,
                    "Peak Memory Usage": 9792,
                    "Plans": [
                      {
                        "Node Type": "Hash Join",
                        "Parent Relationship": "Outer",
                        "Parallel Aware": true,
                        "Join Type": "Inner",
                        "Startup Cost": 77648.97,
                        "Total Cost": 110995.61,
                        "Plan Rows": 58761,
                        "Plan Width": 8,
                        "Actual Startup Time": 245.406,
                        "Actual Total Time": 405.524,
                        "Actual Rows": 85510,
                        "Actual Loops": 2,
                        "Inner Unique": true,
                        "Hash Cond": "(mk.movie_id = t.id)",
                        "Plans": [
                          {
                            "Node Type": "Bitmap Heap Scan",
                            "Parent Relationship": "Outer",
                            "Parallel Aware": true,
                            "Relation Name": "movie_keyword",
                            "Alias": "mk",
                            "Startup Cost": 21202.59,
                            "Total Cost": 53005.88,
                            "Plan Rows": 587944,
                            "Plan Width": 4,
                            "Actual Startup Time": 67.381,
                            "Actual Total Time": 160.875,
                            "Actual Rows": 497027,
                            "Actual Loops": 2,
                            "Recheck Cond": "(keyword_id > 18607)",
                            "Rows Removed by Index Recheck": 0,
                            "Exact Heap Blocks": 11835,
                            "Lossy Heap Blocks": 0,
                            "Plans": [
                              {
                                "Node Type": "Bitmap Index Scan",
                                "Parent Relationship": "Outer",
                                "Parallel Aware": false,
                                "Index Name": "keyword_id_movie_keyword",
                                "Startup Cost": 0.0,
                                "Total Cost": 20952.71,
                                "Plan Rows": 999504,
                                "Plan Width": 0,
                                "Actual Startup Time": 63.709,
                                "Actual Total Time": 63.709,
                                "Actual Rows": 994054,
                                "Actual Loops": 1,
                                "Index Cond": "(keyword_id > 18607)"
                              }
                            ]
                          },
                          {
                            "Node Type": "Hash",
                            "Parent Relationship": "Inner",
                            "Parallel Aware": true,
                            "Startup Cost": 54588.39,
                            "Total Cost": 54588.39,
                            "Plan Rows": 148639,
                            "Plan Width": 4,
                            "Actual Startup Time": 175.252,
                            "Actual Total Time": 175.253,
                            "Actual Rows": 131797,
                            "Actual Loops": 2,
                            "Hash Buckets": 524288,
                            "Original Hash Buckets": 262144,
                            "Hash Batches": 1,
                            "Original Hash Batches": 1,
                            "Peak Memory Usage": 16512,
                            "Plans": [
                              {
                                "Node Type": "Seq Scan",
                                "Parent Relationship": "Outer",
                                "Parallel Aware": true,
                                "Relation Name": "title",
                                "Alias": "t",
                                "Startup Cost": 0.0,
                                "Total Cost": 54588.39,
                                "Plan Rows": 148639,
                                "Plan Width": 4,
                                "Actual Startup Time": 0.033,
                                "Actual Total Time": 138.802,
                                "Actual Rows": 131797,
                                "Actual Loops": 2,
                                "Filter": "(production_year < 1962)",
                                "Rows Removed by Filter": 1132359
                              }
                            ]
                          }
                        ]
                      }
                    ]
                  }
                ]
              }
            ]
          }
        ]
      }
    ]
  },
  "Planning Time": 0.994,
  "Triggers": [],
  "Execution Time": 537.748
}