[
  {
    "Plan": {
      "Node Type": "Aggregate",
      "Strategy": "Plain",
      "Partial Mode": "Finalize",
      "Parallel Aware": false,
      "Startup Cost": 122821.49,
      "Total Cost": 122821.5,
      "Plan Rows": 1,
      "Plan Width": 8,
      "Actual Startup Time": 644.151,
      "Actual Total Time": 659.959,
      "Actual Rows": 1,
      "Actual Loops": 1,
      "Plans": [
        {
          "Node Type": "Gather",
          "Parent Relationship": "Outer",
          "Parallel Aware": false,
          "Startup Cost": 122821.17,
          "Total Cost": 122821.48,
          "Plan Rows": 3,
          "Plan Width": 8,
          "Actual Startup Time": 635.736,
          "Actual Total Time": 659.949,
          "Actual Rows": 4,
          "Actual Loops": 1,
          "Workers Planned": 3,
          "Workers Launched": 3,
          "Single Copy": false,
          "Plans": [
            {
              "Node Type": "Aggregate",
              "Strategy": "Plain",
              "Partial Mode": "Partial",
              "Parent Relationship": "Outer",
              "Parallel Aware": false,
              "Startup Cost": 121821.17,
              "Total Cost": 121821.18,
              "Plan Rows": 1,
              "Plan Width": 8,
              "Actual Startup Time": 626.624,
              "Actual Total Time": 626.729,
              "Actual Rows": 1,
              "Actual Loops": 4,
              "Plans": [
                {
                  "Node Type": "Hash Join",
                  "Parent Relationship": "Outer",
                  "Parallel Aware": true,
                  "Join Type": "Inner",
                  "Startup Cost": 90532.45,
                  "Total Cost": 121635.89,
                  "Plan Rows": 74112,
                  "Plan Width": 0,
                  "Actual Startup Time": 458.631,
                  "Actual Total Time": 597.418,
                  "Actual Rows": 757972,
                  "Actual Loops": 4,
                  "Inner Unique": false,
                  "Hash Cond": "(mc.movie_id = t.id)",
                  "Plans": [
                    {
                      "Node Type": "Seq Scan",
                      "Parent Relationship": "Outer",
                      "Parallel Aware": true,
                      "Relation Name": "movie_companies",
                      "Alias": "mc",
                      "Startup Cost": 0.0,
                      "Total Cost": 29310.68,
                      "Plan Rows": 414318,
                      "Plan Width": 4,
                      "Actual Startup Time": 0.016,
                      "Actual Total Time": 59.134,
                      "Actual Rows": 318562,
                      "Actual Loops": 4,
                      "Filter": "(company_type_id < 2)",
                      "Rows Removed by Filter": 333721
                    },
                    {
                      "Node Type": "Hash",
                      "Parent Relationship": "Inner",
                      "Parallel Aware": true,
                      "Startup Cost": 88708.86,
                      "Total Cost": 88708.86,
                      "Plan Rows": 145887,
                      "Plan Width": 8,
                      "Actual Startup Time": 448.211,
                      "Actual Total Time": 448.31,
                      "Actual Rows": 118890,
                      "Actual Loops": 4,
                      "Hash Buckets": 524288,
                      "Original Hash Buckets": 524288,
                      "Hash Batches": 1,
                      "Original Hash Batches": 1,
                      "Peak Memory Usage": 22752,
                      "Plans": [
                        {
                          "Node Type": "Hash Join",
                          "Parent Relationship": "Outer",
                          "Parallel Aware": true,
                          "Join Type": "Inner",
                          "Startup Cost": 61749.37,
                          "Total Cost": 88708.86,
                          "Plan Rows": 145887,
                          "Plan Width": 8,
                          "Actual Startup Time": 332.866,
                          "Actual Total Time": 418.296,
                          "Actual Rows": 118890,
                          "Actual Loops": 4,
                          "Inner Unique": true,
                          "Hash Cond": "(mk.movie_id = t.id)",
                          "Plans": [
                            {
                              "Node Type": "Bitmap Heap Scan",
                              "Parent Relationship": "Outer",
                              "Parallel Aware": true,
                              "Relation Name": "movie_keyword",
                              "Alias": "mk",
                              "Startup Cost": 10892.23,
                              "Total Cost": 37416.88,
                              "Plan Rows": 165652,
                              "Plan Width": 4,
                              "Actual Startup Time": 34.355,
                              "Actual Total Time": 80.716,
                              "Actual Rows": 124882,
                              "Actual Loops": 4,
                              "Recheck Cond": "(keyword_id > 36091)",
                              "Rows Removed by Index Recheck": 0,
                              "Exact Heap Blocks": 6265,
                              "Lossy Heap Blocks": 0,
                              "Plans": [
                                {
                                  "Node Type": "Bitmap Index Scan",
                                  "Parent Relationship": "Outer",
                                  "Parallel Aware": false,
                                  "Index Name": "keyword_id_movie_keyword",
                                  "Startup Cost": 0.0,
                                  "Total Cost": 10763.85,
                                  "Plan Rows": 513522,
                                  "Plan Width": 0,
                                  "Actual Startup Time": 30.882,
                                  "Actual Total Time": 30.882,
                                  "Actual Rows": 499527,
                                  "Actual Loops": 1,
                                  "Index Cond": "(keyword_id > 36091)"
                                }
                              ]
                            },
                            {
                              "Node Type": "Hash",
                              "Parent Relationship": "Inner",
                              "Parallel Aware": true,
                              "Startup Cost": 43898.92,
                              "Total Cost": 43898.92,
                              "Plan Rows": 556658,
                              "Plan Width": 4,
                              "Actual Startup Time": 290.209,
                              "Actual Total Time": 290.209,
                              "Actual Rows": 556142,
                              "Actual Loops": 4,
                              "Hash Buckets": 4194304,
                              "Original Hash Buckets": 4194304,
                              "Hash Batches": 1,
                              "Original Hash Batches": 1,
                              "Peak Memory Usage": 119840,
                              "Plans": [
                                {
                                  "Node Type": "Seq Scan",
                                  "Parent Relationship": "Outer",
                                  "Parallel Aware": true,
                                  "Relation Name": "title",
                                  "Alias": "t",
                                  "Startup Cost": 0.0,
                                  "Total Cost": 43898.92,
                                  "Plan Rows": 556658,
                                  "Plan Width": 4,
                                  "Actual Startup Time": 0.048,
                                  "Actual Total Time": 104.097,
                                  "Actual Rows": 556142,
                                  "Actual Loops": 4,
                                  "Filter": "(production_year < 2012)",
                                  "Rows Removed by Filter": 75936
                                }
                              ]
                            }
                          ]
                        }
                      ]
                    }
                  ]
                }
              ]
            }
          ]
        }
      ]
    },
    "Planning Time": 1.44,
    "Triggers": [],
    "Execution Time": 660.065
  }
]