[
  {
    "Plan": {
      "Node Type": "Aggregate",
      "Strategy": "Plain",
      "Partial Mode": "Finalize",
      "Parallel Aware": false,
      "Startup Cost": 90989.35,
      "Total Cost": 90989.36,
      "Plan Rows": 1,
      "Plan Width": 8,
      "Actual Startup Time": 229.847,
      "Actual Total Time": 247.315,
      "Actual Rows": 1,
      "Actual Loops": 1,
      "Plans": [
        {
          "Node Type": "Gather",
          "Parent Relationship": "Outer",
          "Parallel Aware": false,
          "Startup Cost": 90989.03,
          "Total Cost": 90989.34,
          "Plan Rows": 3,
          "Plan Width": 8,
          "Actual Startup Time": 229.432,
          "Actual Total Time": 247.304,
          "Actual Rows": 4,
          "Actual Loops": 1,
          "Workers Planned": 3,
          "Workers Launched": 3,
          "Single Copy": false,
          "Plans": [
            {
              "Node Type": "Aggregate",
              "Strategy": "Plain",
              "Partial Mode": "Partial",
              "Parent Relationship": "Outer",
              "Parallel Aware": false,
              "Startup Cost": 89989.03,
              "Total Cost": 89989.04,
              "Plan Rows": 1,
              "Plan Width": 8,
              "Actual Startup Time": 225.793,
              "Actual Total Time": 225.796,
              "Actual Rows": 1,
              "Actual Loops": 4,
              "Plans": [
                {
                  "Node Type": "Hash Join",
                  "Parent Relationship": "Outer",
                  "Parallel Aware": true,
                  "Join Type": "Inner",
                  "Startup Cost": 45710.07,
                  "Total Cost": 89946.23,
                  "Plan Rows": 17119,
                  "Plan Width": 0,
                  "Actual Startup Time": 96.195,
                  "Actual Total Time": 225.672,
                  "Actual Rows": 2567,
                  "Actual Loops": 4,
                  "Inner Unique": true,
                  "Hash Cond": "(mk.movie_id = t.id)",
                  "Plans": [
                    {
                      "Node Type": "Seq Scan",
                      "Parent Relationship": "Outer",
                      "Parallel Aware": true,
                      "Relation Name": "movie_keyword",
                      "Alias": "mk",
                      "Startup Cost": 0.0,
                      "Total Cost": 42695.65,
                      "Plan Rows": 586860,
                      "Plan Width": 4,
                      "Actual Startup Time": 0.457,
                      "Actual Total Time": 94.964,
                      "Actual Rows": 450733,
                      "Actual Loops": 4,
                      "Filter": "(keyword_id > 7695)",
                      "Rows Removed by Filter": 680250
                    },
                    {
                      "Node Type": "Hash",
                      "Parent Relationship": "Inner",
                      "Parallel Aware": true,
                      "Startup Cost": 45479.59,
                      "Total Cost": 45479.59,
                      "Plan Rows": 18439,
                      "Plan Width": 4,
                      "Actual Startup Time": 94.705,
                      "Actual Total Time": 94.706,
                      "Actual Rows": 21019,
                      "Actual Loops": 4,
                      "Hash Buckets": 131072,
                      "Original Hash Buckets": 131072,
                      "Hash Batches": 1,
                      "Original Hash Batches": 1,
                      "Peak Memory Usage": 4352,
                      "Plans": [
                        {
                          "Node Type": "Seq Scan",
                          "Parent Relationship": "Outer",
                          "Parallel Aware": true,
                          "Relation Name": "title",
                          "Alias": "t",
                          "Startup Cost": 0.0,
                          "Total Cost": 45479.59,
                          "Plan Rows": 18439,
                          "Plan Width": 4,
                          "Actual Startup Time": 0.027,
                          "Actual Total Time": 87.328,
                          "Actual Rows": 21019,
                          "Actual Loops": 4,
                          "Filter": "((kind_id = 7) AND (production_year = 2007))",
                          "Rows Removed by Filter": 611059
                        }
                      ]
                    }
                  ]
                }
              ]
            }
          ]
        }
      ]
    },
    "Planning Time": 0.402,
    "Triggers": [],
    "Execution Time": 247.36
  }
]