{
  "Plan": {
    "Node Type": "Aggregate",
    "Strategy": "Plain",
    "Partial Mode": "Finalize",
    "Parallel Aware": false,
    "Startup Cost": 325496.75,
    "Total Cost": 325496.76,
    "Plan Rows": 1,
    "Plan Width": 8,
    "Actual Startup Time": 3677.921,
    "Actual Total Time": 3737.781,
    "Actual Rows": 1,
    "Actual Loops": 1,
    "Plans": [
      {
        "Node Type": "Gather",
        "Parent Relationship": "Outer",
        "Parallel Aware": false,
        "Startup Cost": 325496.64,
        "Total Cost": 325496.75,
        "Plan Rows": 1,
        "Plan Width": 8,
        "Actual Startup Time": 3676.354,
        "Actual Total Time": 3737.772,
        "Actual Rows": 2,
        "Actual Loops": 1,
        "Workers Planned": 1,
        "Workers Launched": 1,
        "Single Copy": false,
        "Plans": [
          {
            "Node Type": "Aggregate",
            "Strategy": "Plain",
            "Partial Mode": "Partial",
            "Parent Relationship": "Outer",
            "Parallel Aware": false,
            "Startup Cost": 324496.64,
            "Total Cost": 324496.65,
            "Plan Rows": 1,
            "Plan Width": 8,
            "Actual Startup Time": 3672.596,
            "Actual Total Time": 3672.605,
            "Actual Rows": 1,
            "Actual Loops": 2,
            "Plans": [
              {
                "Node Type": "Nested Loop",
                "Parent Relationship": "Outer",
                "Parallel Aware": false,
                "Join Type": "Inner",
                "Startup Cost": 57504.76,
                "Total Cost": 322587.32,
                "Plan Rows": 763729,
                "Plan Width": 0,
                "Actual Startup Time": 210.546,
                "Actual Total Time": 3551.169,
                "Actual Rows": 2679062,
                "Actual Loops": 2,
                "Inner Unique": false,
                "Plans": [
                  {
                    "Node Type": "Hash Join",
                    "Parent Relationship": "Outer",
                    "Parallel Aware": true,
                    "Join Type": "Inner",
                    "Startup Cost": 57504.2,
                    "Total Cost": 76288.51,
                    "Plan Rows": 53299,
                    "Plan Width": 8,
                    "Actual Startup Time": 210.466,
                    "Actual Total Time": 339.589,
                    "Actual Rows": 91756,
                    "Actual Loops": 2,
                    "Inner Unique": true,
                    "Hash Cond": "(mi_idx.movie_id = t.id)",
                    "Plans": [
                      {
                        "Node Type": "Seq Scan",
                        "Parent Relationship": "Outer",
                        "Parallel Aware": true,
                        "Relation Name": "movie_info_idx",
                        "Alias": "mi_idx",
                        "Startup Cost": 0.0,
                        "Total Cost": 18082.32,
                        "Plan Rows": 267429,
                        "Plan Width": 4,
                        "Actual Startup Time": 0.02,
                        "Actual Total Time": 58.042,
                        "Actual Rows": 229962,
                        "Actual Loops": 2,
                        "Filter": "(info_type_id < 100)",
                        "Rows Removed by Filter": 460055
                      },
                      {
                        "Node Type": "Hash",
                        "Parent Relationship": "Inner",
                        "Parallel Aware": true,
                        "Startup Cost": 53799.08,
                        "Total Cost": 53799.08,
                        "Plan Rows": 296409,
                        "Plan Width": 4,
                        "Actual Startup Time": 163.078,
                        "Actual Total Time": 163.084,
                        "Actual Rows": 262064,
                        "Actual Loops": 2,
                        "Hash Buckets": 524288,
                        "Original Hash Buckets": 524288,
                        "Hash Batches": 1,
                        "Original Hash Batches": 1,
                        "Peak Memory Usage": 24640,
                        "Plans": [
                          {
                            "Node Type": "Bitmap Heap Scan",
                            "Parent Relationship": "Outer",
                            "Parallel Aware": true,
                            "Relation Name": "title",
                            "Alias": "t",
                            "Startup Cost": 11948.82,
                            "Total Cost": 53799.08,
                            "Plan Rows": 296409,
                            "Plan Width": 4,
                            "Actual Startup Time": 32.19,
                            "Actual Total Time": 101.23,
                            "Actual Rows": 262064,
                            "Actual Loops": 2,
                            "Recheck Cond": "(kind_id = 1)",
                            "Rows Removed by Index Recheck": 0,
                            "Filter": "(production_year < 2010)",
                            "Rows Removed by Filter": 69348,
                            "Exact Heap Blocks": 7830,
                            "Lossy Heap Blocks": 0,
                            "Plans": [
                              {
                                "Node Type": "Bitmap Index Scan",
                                "Parent Relationship": "Outer",
                                "Parallel Aware": false,
                                "Index Name": "kind_id_title",
                                "Startup Cost": 0.0,
                                "Total Cost": 11822.85,
                                "Plan Rows": 663256,
                                "Plan Width": 0,
                                "Actual Startup Time": 30.395,
                                "Actual Total Time": 30.395,
                                "Actual Rows": 662825,
                                "Actual Loops": 1,
                                "Index Cond": "(kind_id = 1)"
                              }
                            ]
                          }
                        ]
                      }
                    ]
                  },
                  {
                    "Node Type": "Index Only Scan",
                    "Parent Relationship": "Inner",
                    "Parallel Aware": false,
                    "Scan Direction": "Forward",
                    "Index Name": "movie_id_cast_info",
                    "Relation Name": "cast_info",
                    "Alias": "ci",
                    "Startup Cost": 0.56,
                    "Total Cost": 4.25,
                    "Plan Rows": 37,
                    "Plan Width": 4,
                    "Actual Startup Time": 0.004,
                    "Actual Total Time": 0.033,
                    "Actual Rows": 29,
                    "Actual Loops": 183512,
                    "Index Cond": "(movie_id = t.id)",
                    "Rows Removed by Index Recheck": 0,
                    "Heap Fetches": 5358123
                  }
                ]
              }
            ]
          }
        ]
      }
    ]
  },
  "Planning Time": 0.934,
  "Triggers": [],
  "Execution Time": 3737.92
}