[
  {
    "Plan": {
      "Node Type": "Aggregate",
      "Strategy": "Plain",
      "Partial Mode": "Simple",
      "Parallel Aware": false,
      "Startup Cost": 6049.42,
      "Total Cost": 6049.43,
      "Plan Rows": 1,
      "Plan Width": 8,
      "Actual Startup Time": 5.276,
      "Actual Total Time": 5.277,
      "Actual Rows": 1,
      "Actual Loops": 1,
      "Plans": [
        {
          "Node Type": "Index Scan",
          "Parent Relationship": "Outer",
          "Parallel Aware": false,
          "Scan Direction": "Forward",
          "Index Name": "company_id_movie_companies",
          "Relation Name": "movie_companies",
          "Alias": "mc",
          "Startup Cost": 0.43,
          "Total Cost": 6046.3,
          "Plan Rows": 1245,
          "Plan Width": 0,
          "Actual Startup Time": 2.745,
          "Actual Total Time": 5.025,
          "Actual Rows": 1317,
          "Actual Loops": 1,
          "Index Cond": "(company_id = 2805)",
          "Rows Removed by Index Recheck": 0,
          "Filter": "(company_type_id = 2)",
          "Rows Removed by Filter": 1006
        }
      ]
    },
    "Planning Time": 0.221,
    "Triggers": [],
    "Execution Time": 5.332
  }
]