[
    {
        "Bao": {
            "Bao prediction": "NaN",
            "Bao recommended hint": "(no hint)"
        }
    },
    {
        "Plan": {
            "Node Type": "Aggregate",
            "Strategy": "Plain",
            "Partial Mode": "Finalize",
            "Parallel Aware": false,
            "Startup Cost": 288516.85,
            "Total Cost": 288516.86,
            "Plan Rows": 1,
            "Plan Width": 8,
            "Actual Startup Time": 143.976,
            "Actual Total Time": 151.433,
            "Actual Rows": 1,
            "Actual Loops": 1,
            "Output": [
                "count(*)"
            ],
            "Plans": [
                {
                    "Node Type": "Gather",
                    "Parent Relationship": "Outer",
                    "Parallel Aware": false,
                    "Startup Cost": 288516.22,
                    "Total Cost": 288516.83,
                    "Plan Rows": 6,
                    "Plan Width": 8,
                    "Actual Startup Time": 143.482,
                    "Actual Total Time": 151.426,
                    "Actual Rows": 7,
                    "Actual Loops": 1,
                    "Output": [
                        "(PARTIAL count(*))"
                    ],
                    "Workers Planned": 6,
                    "Workers Launched": 6,
                    "Single Copy": false,
                    "Plans": [
                        {
                            "Node Type": "Aggregate",
                            "Strategy": "Plain",
                            "Partial Mode": "Partial",
                            "Parent Relationship": "Outer",
                            "Parallel Aware": false,
                            "Startup Cost": 287516.22,
                            "Total Cost": 287516.23,
                            "Plan Rows": 1,
                            "Plan Width": 8,
                            "Actual Startup Time": 133.389,
                            "Actual Total Time": 133.39,
                            "Actual Rows": 1,
                            "Actual Loops": 7,
                            "Output": [
                                "PARTIAL count(*)"
                            ],
                            "Workers": [
                                {
                                    "Worker Number": 0,
                                    "Actual Startup Time": 131.033,
                                    "Actual Total Time": 131.034,
                                    "Actual Rows": 1,
                                    "Actual Loops": 1
                                },
                                {
                                    "Worker Number": 1,
                                    "Actual Startup Time": 131.642,
                                    "Actual Total Time": 131.643,
                                    "Actual Rows": 1,
                                    "Actual Loops": 1
                                },
                                {
                                    "Worker Number": 2,
                                    "Actual Startup Time": 131.777,
                                    "Actual Total Time": 131.779,
                                    "Actual Rows": 1,
                                    "Actual Loops": 1
                                },
                                {
                                    "Worker Number": 3,
                                    "Actual Startup Time": 131.806,
                                    "Actual Total Time": 131.807,
                                    "Actual Rows": 1,
                                    "Actual Loops": 1
                                },
                                {
                                    "Worker Number": 4,
                                    "Actual Startup Time": 132.006,
                                    "Actual Total Time": 132.007,
                                    "Actual Rows": 1,
                                    "Actual Loops": 1
                                },
                                {
                                    "Worker Number": 5,
                                    "Actual Startup Time": 132.443,
                                    "Actual Total Time": 132.444,
                                    "Actual Rows": 1,
                                    "Actual Loops": 1
                                }
                            ],
                            "Plans": [
                                {
                                    "Node Type": "Bitmap Heap Scan",
                                    "Parent Relationship": "Outer",
                                    "Parallel Aware": true,
                                    "Relation Name": "cast_info",
                                    "Schema": "public",
                                    "Alias": "ci",
                                    "Startup Cost": 31286.62,
                                    "Total Cost": 286925.79,
                                    "Plan Rows": 236173,
                                    "Plan Width": 0,
                                    "Actual Startup Time": 44.491,
                                    "Actual Total Time": 119.397,
                                    "Actual Rows": 213538,
                                    "Actual Loops": 7,
                                    "Recheck Cond": "(ci.person_id > 3767812)",
                                    "Rows Removed by Index Recheck": 0,
                                    "Exact Heap Blocks": 6167,
                                    "Lossy Heap Blocks": 0,
                                    "Workers": [
                                        {
                                            "Worker Number": 0,
                                            "Actual Startup Time": 42.416,
                                            "Actual Total Time": 117.215,
                                            "Actual Rows": 168754,
                                            "Actual Loops": 1
                                        },
                                        {
                                            "Worker Number": 1,
                                            "Actual Startup Time": 42.57,
                                            "Actual Total Time": 118.295,
                                            "Actual Rows": 164865,
                                            "Actual Loops": 1
                                        },
                                        {
                                            "Worker Number": 2,
                                            "Actual Startup Time": 43.51,
                                            "Actual Total Time": 118.27,
                                            "Actual Rows": 167004,
                                            "Actual Loops": 1
                                        },
                                        {
                                            "Worker Number": 3,
                                            "Actual Startup Time": 43.488,
                                            "Actual Total Time": 117.678,
                                            "Actual Rows": 175240,
                                            "Actual Loops": 1
                                        },
                                        {
                                            "Worker Number": 4,
                                            "Actual Startup Time": 42.792,
                                            "Actual Total Time": 118.228,
                                            "Actual Rows": 170589,
                                            "Actual Loops": 1
                                        },
                                        {
                                            "Worker Number": 5,
                                            "Actual Startup Time": 43.236,
                                            "Actual Total Time": 119.124,
                                            "Actual Rows": 227943,
                                            "Actual Loops": 1
                                        }
                                    ],
                                    "Plans": [
                                        {
                                            "Node Type": "Bitmap Index Scan",
                                            "Parent Relationship": "Outer",
                                            "Parallel Aware": false,
                                            "Index Name": "person_id_cast_info",
                                            "Startup Cost": 0.0,
                                            "Total Cost": 30932.36,
                                            "Plan Rows": 1417040,
                                            "Plan Width": 0,
                                            "Actual Startup Time": 50.266,
                                            "Actual Total Time": 50.267,
                                            "Actual Rows": 1494763,
                                            "Actual Loops": 1,
                                            "Index Cond": "(ci.person_id > 3767812)"
                                        }
                                    ]
                                }
                            ]
                        }
                    ]
                }
            ]
        },
        "Planning Time": 195.256,
        "Triggers": [],
        "Execution Time": 151.536
    }
]