[
  {
    "Plan": {
      "Node Type": "Aggregate",
      "Strategy": "Plain",
      "Partial Mode": "Finalize",
      "Parallel Aware": false,
      "Startup Cost": 46486.08,
      "Total Cost": 46486.09,
      "Plan Rows": 1,
      "Plan Width": 8,
      "Actual Startup Time": 87.939,
      "Actual Total Time": 98.742,
      "Actual Rows": 1,
      "Actual Loops": 1,
      "Plans": [
        {
          "Node Type": "Gather",
          "Parent Relationship": "Outer",
          "Parallel Aware": false,
          "Startup Cost": 46485.66,
          "Total Cost": 46486.07,
          "Plan Rows": 4,
          "Plan Width": 8,
          "Actual Startup Time": 87.657,
          "Actual Total Time": 98.73,
          "Actual Rows": 5,
          "Actual Loops": 1,
          "Workers Planned": 4,
          "Workers Launched": 4,
          "Single Copy": false,
          "Plans": [
            {
              "Node Type": "Aggregate",
              "Strategy": "Plain",
              "Partial Mode": "Partial",
              "Parent Relationship": "Outer",
              "Parallel Aware": false,
              "Startup Cost": 45485.66,
              "Total Cost": 45485.67,
              "Plan Rows": 1,
              "Plan Width": 8,
              "Actual Startup Time": 82.268,
              "Actual Total Time": 82.271,
              "Actual Rows": 1,
              "Actual Loops": 5,
              "Plans": [
                {
                  "Node Type": "Seq Scan",
                  "Parent Relationship": "Outer",
                  "Parallel Aware": true,
                  "Relation Name": "title",
                  "Alias": "t",
                  "Startup Cost": 0.0,
                  "Total Cost": 45479.59,
                  "Plan Rows": 2429,
                  "Plan Width": 0,
                  "Actual Startup Time": 0.092,
                  "Actual Total Time": 82.037,
                  "Actual Rows": 2009,
                  "Actual Loops": 5,
                  "Filter": "((kind_id > 1) AND (production_year = 1969))",
                  "Rows Removed by Filter": 503653
                }
              ]
            }
          ]
        }
      ]
    },
    "Planning Time": 0.112,
    "Triggers": [],
    "Execution Time": 98.779
  }
]