[
    {
        "Bao": {
            "Bao prediction": "NaN",
            "Bao recommended hint": "(no hint)"
        }
    },
    {
        "Plan": {
            "Node Type": "Aggregate",
            "Strategy": "Plain",
            "Partial Mode": "Finalize",
            "Parallel Aware": false,
            "Startup Cost": 73934.08,
            "Total Cost": 73934.09,
            "Plan Rows": 1,
            "Plan Width": 8,
            "Actual Startup Time": 173.276,
            "Actual Total Time": 182.406,
            "Actual Rows": 1,
            "Actual Loops": 1,
            "Output": [
                "count(*)"
            ],
            "Plans": [
                {
                    "Node Type": "Gather",
                    "Parent Relationship": "Outer",
                    "Parallel Aware": false,
                    "Startup Cost": 73933.77,
                    "Total Cost": 73934.08,
                    "Plan Rows": 3,
                    "Plan Width": 8,
                    "Actual Startup Time": 173.03,
                    "Actual Total Time": 182.398,
                    "Actual Rows": 4,
                    "Actual Loops": 1,
                    "Output": [
                        "(PARTIAL count(*))"
                    ],
                    "Workers Planned": 3,
                    "Workers Launched": 3,
                    "Single Copy": false,
                    "Plans": [
                        {
                            "Node Type": "Aggregate",
                            "Strategy": "Plain",
                            "Partial Mode": "Partial",
                            "Parent Relationship": "Outer",
                            "Parallel Aware": false,
                            "Startup Cost": 72933.77,
                            "Total Cost": 72933.78,
                            "Plan Rows": 1,
                            "Plan Width": 8,
                            "Actual Startup Time": 163.75,
                            "Actual Total Time": 163.753,
                            "Actual Rows": 1,
                            "Actual Loops": 4,
                            "Output": [
                                "PARTIAL count(*)"
                            ],
                            "Workers": [
                                {
                                    "Worker Number": 0,
                                    "Actual Startup Time": 160.335,
                                    "Actual Total Time": 160.338,
                                    "Actual Rows": 1,
                                    "Actual Loops": 1
                                },
                                {
                                    "Worker Number": 1,
                                    "Actual Startup Time": 161.112,
                                    "Actual Total Time": 161.114,
                                    "Actual Rows": 1,
                                    "Actual Loops": 1
                                },
                                {
                                    "Worker Number": 2,
                                    "Actual Startup Time": 161.079,
                                    "Actual Total Time": 161.081,
                                    "Actual Rows": 1,
                                    "Actual Loops": 1
                                }
                            ],
                            "Plans": [
                                {
                                    "Node Type": "Hash Join",
                                    "Parent Relationship": "Outer",
                                    "Parallel Aware": true,
                                    "Join Type": "Inner",
                                    "Startup Cost": 52452.95,
                                    "Total Cost": 72932.7,
                                    "Plan Rows": 426,
                                    "Plan Width": 0,
                                    "Actual Startup Time": 127.695,
                                    "Actual Total Time": 163.578,
                                    "Actual Rows": 1334,
                                    "Actual Loops": 4,
                                    "Inner Unique": true,
                                    "Hash Cond": "(mc.movie_id = t.id)",
                                    "Workers": [
                                        {
                                            "Worker Number": 0,
                                            "Actual Startup Time": 124.303,
                                            "Actual Total Time": 160.156,
                                            "Actual Rows": 1301,
                                            "Actual Loops": 1
                                        },
                                        {
                                            "Worker Number": 1,
                                            "Actual Startup Time": 125.276,
                                            "Actual Total Time": 160.943,
                                            "Actual Rows": 1336,
                                            "Actual Loops": 1
                                        },
                                        {
                                            "Worker Number": 2,
                                            "Actual Startup Time": 125.011,
                                            "Actual Total Time": 160.908,
                                            "Actual Rows": 1289,
                                            "Actual Loops": 1
                                        }
                                    ],
                                    "Plans": [
                                        {
                                            "Node Type": "Bitmap Heap Scan",
                                            "Parent Relationship": "Outer",
                                            "Parallel Aware": true,
                                            "Relation Name": "movie_companies",
                                            "Schema": "public",
                                            "Alias": "mc",
                                            "Startup Cost": 6909.87,
                                            "Total Cost": 27251.21,
                                            "Plan Rows": 52728,
                                            "Plan Width": 4,
                                            "Actual Startup Time": 23.964,
                                            "Actual Total Time": 48.865,
                                            "Actual Rows": 81686,
                                            "Actual Loops": 4,
                                            "Output": [
                                                "mc.id",
                                                "mc.movie_id",
                                                "mc.company_id",
                                                "mc.company_type_id",
                                                "mc.note"
                                            ],
                                            "Recheck Cond": "(mc.company_id > 91335)",
                                            "Rows Removed by Index Recheck": 0,
                                            "Filter": "(mc.company_type_id = 2)",
                                            "Rows Removed by Filter": 0,
                                            "Exact Heap Blocks": 1304,
                                            "Lossy Heap Blocks": 0,
                                            "Workers": [
                                                {
                                                    "Worker Number": 0,
                                                    "Actual Startup Time": 23.96,
                                                    "Actual Total Time": 49.265,
                                                    "Actual Rows": 79544,
                                                    "Actual Loops": 1
                                                },
                                                {
                                                    "Worker Number": 1,
                                                    "Actual Startup Time": 24.093,
                                                    "Actual Total Time": 49.246,
                                                    "Actual Rows": 77867,
                                                    "Actual Loops": 1
                                                },
                                                {
                                                    "Worker Number": 2,
                                                    "Actual Startup Time": 23.984,
                                                    "Actual Total Time": 49.257,
                                                    "Actual Rows": 80327,
                                                    "Actual Loops": 1
                                                }
                                            ],
                                            "Plans": [
                                                {
                                                    "Node Type": "Bitmap Index Scan",
                                                    "Parent Relationship": "Outer",
                                                    "Parallel Aware": false,
                                                    "Index Name": "company_id_movie_companies",
                                                    "Startup Cost": 0.0,
                                                    "Total Cost": 6869.01,
                                                    "Plan Rows": 320610,
                                                    "Plan Width": 0,
                                                    "Actual Startup Time": 22.771,
                                                    "Actual Total Time": 22.771,
                                                    "Actual Rows": 326744,
                                                    "Actual Loops": 1,
                                                    "Index Cond": "(mc.company_id > 91335)"
                                                }
                                            ]
                                        },
                                        {
                                            "Node Type": "Hash",
                                            "Parent Relationship": "Inner",
                                            "Parallel Aware": true,
                                            "Startup Cost": 45479.21,
                                            "Total Cost": 45479.21,
                                            "Plan Rows": 5110,
                                            "Plan Width": 4,
                                            "Actual Startup Time": 103.043,
                                            "Actual Total Time": 103.043,
                                            "Actual Rows": 4339,
                                            "Actual Loops": 4,
                                            "Output": [
                                                "t.id"
                                            ],
                                            "Hash Buckets": 32768,
                                            "Original Hash Buckets": 32768,
                                            "Hash Batches": 1,
                                            "Original Hash Batches": 1,
                                            "Peak Memory Usage": 1024,
                                            "Workers": [
                                                {
                                                    "Worker Number": 0,
                                                    "Actual Startup Time": 99.76,
                                                    "Actual Total Time": 99.761,
                                                    "Actual Rows": 4142,
                                                    "Actual Loops": 1
                                                },
                                                {
                                                    "Worker Number": 1,
                                                    "Actual Startup Time": 100.393,
                                                    "Actual Total Time": 100.394,
                                                    "Actual Rows": 4177,
                                                    "Actual Loops": 1
                                                },
                                                {
                                                    "Worker Number": 2,
                                                    "Actual Startup Time": 100.392,
                                                    "Actual Total Time": 100.393,
                                                    "Actual Rows": 4171,
                                                    "Actual Loops": 1
                                                }
                                            ],
                                            "Plans": [
                                                {
                                                    "Node Type": "Seq Scan",
                                                    "Parent Relationship": "Outer",
                                                    "Parallel Aware": true,
                                                    "Relation Name": "title",
                                                    "Schema": "public",
                                                    "Alias": "t",
                                                    "Startup Cost": 0.0,
                                                    "Total Cost": 45479.21,
                                                    "Plan Rows": 5110,
                                                    "Plan Width": 4,
                                                    "Actual Startup Time": 0.327,
                                                    "Actual Total Time": 100.689,
                                                    "Actual Rows": 4339,
                                                    "Actual Loops": 4,
                                                    "Output": [
                                                        "t.id"
                                                    ],
                                                    "Filter": "((t.kind_id < 7) AND (t.production_year = 2000))",
                                                    "Rows Removed by Filter": 627739,
                                                    "Workers": [
                                                        {
                                                            "Worker Number": 0,
                                                            "Actual Startup Time": 1.089,
                                                            "Actual Total Time": 97.548,
                                                            "Actual Rows": 4142,
                                                            "Actual Loops": 1
                                                        },
                                                        {
                                                            "Worker Number": 1,
                                                            "Actual Startup Time": 0.085,
                                                            "Actual Total Time": 97.727,
                                                            "Actual Rows": 4177,
                                                            "Actual Loops": 1
                                                        },
                                                        {
                                                            "Worker Number": 2,
                                                            "Actual Startup Time": 0.091,
                                                            "Actual Total Time": 98.09,
                                                            "Actual Rows": 4171,
                                                            "Actual Loops": 1
                                                        }
                                                    ]
                                                }
                                            ]
                                        }
                                    ]
                                }
                            ]
                        }
                    ]
                }
            ]
        },
        "Planning Time": 278.116,
        "Triggers": [],
        "Execution Time": 182.54
    }
]