{
  "Plan": {
    "Node Type": "Aggregate",
    "Strategy": "Plain",
    "Partial Mode": "Finalize",
    "Parallel Aware": false,
    "Startup Cost": 422379.3,
    "Total Cost": 422379.31,
    "Plan Rows": 1,
    "Plan Width": 8,
    "Actual Startup Time": 4997.898,
    "Actual Total Time": 5052.311,
    "Actual Rows": 1,
    "Actual Loops": 1,
    "Plans": [
      {
        "Node Type": "Gather",
        "Parent Relationship": "Outer",
        "Parallel Aware": false,
        "Startup Cost": 422379.19,
        "Total Cost": 422379.3,
        "Plan Rows": 1,
        "Plan Width": 8,
        "Actual Startup Time": 4991.253,
        "Actual Total Time": 5052.302,
        "Actual Rows": 2,
        "Actual Loops": 1,
        "Workers Planned": 1,
        "Workers Launched": 1,
        "Single Copy": false,
        "Plans": [
          {
            "Node Type": "Aggregate",
            "Strategy": "Plain",
            "Partial Mode": "Partial",
            "Parent Relationship": "Outer",
            "Parallel Aware": false,
            "Startup Cost": 421379.19,
            "Total Cost": 421379.2,
            "Plan Rows": 1,
            "Plan Width": 8,
            "Actual Startup Time": 4984.192,
            "Actual Total Time": 4984.199,
            "Actual Rows": 1,
            "Actual Loops": 2,
            "Plans": [
              {
                "Node Type": "Hash Join",
                "Parent Relationship": "Outer",
                "Parallel Aware": true,
                "Join Type": "Inner",
                "Startup Cost": 126231.24,
                "Total Cost": 418223.79,
                "Plan Rows": 1262160,
                "Plan Width": 0,
                "Actual Startup Time": 1548.172,
                "Actual Total Time": 4228.36,
                "Actual Rows": 17382906,
                "Actual Loops": 2,
                "Inner Unique": false,
                "Hash Cond": "(mi.movie_id = t.id)",
                "Plans": [
                  {
                    "Node Type": "Seq Scan",
                    "Parent Relationship": "Outer",
                    "Parallel Aware": true,
                    "Relation Name": "movie_info",
                    "Alias": "mi",
                    "Startup Cost": 0.0,
                    "Total Cost": 270696.42,
                    "Plan Rows": 3699105,
                    "Plan Width": 4,
                    "Actual Startup Time": 57.061,
                    "Actual Total Time": 851.804,
                    "Actual Rows": 3111747,
                    "Actual Loops": 2,
                    "Filter": "(info_type_id > 8)",
                    "Rows Removed by Filter": 4306113
                  },
                  {
                    "Node Type": "Hash",
                    "Parent Relationship": "Inner",
                    "Parallel Aware": true,
                    "Startup Cost": 119888.07,
                    "Total Cost": 119888.07,
                    "Plan Rows": 507454,
                    "Plan Width": 8,
                    "Actual Startup Time": 1474.44,
                    "Actual Total Time": 1474.445,
                    "Actual Rows": 428010,
                    "Actual Loops": 2,
                    "Hash Buckets": 1048576,
                    "Original Hash Buckets": 1048576,
                    "Hash Batches": 1,
                    "Original Hash Batches": 1,
                    "Peak Memory Usage": 41696,
                    "Plans": [
                      {
                        "Node Type": "Hash Join",
                        "Parent Relationship": "Outer",
                        "Parallel Aware": true,
                        "Join Type": "Inner",
                        "Startup Cost": 87758.83,
                        "Total Cost": 119888.07,
                        "Plan Rows": 507454,
                        "Plan Width": 8,
                        "Actual Startup Time": 999.792,
                        "Actual Total Time": 1320.371,
                        "Actual Rows": 428010,
                        "Actual Loops": 2,
                        "Inner Unique": true,
                        "Hash Cond": "(mk.movie_id = t.id)",
                        "Plans": [
                          {
                            "Node Type": "Bitmap Heap Scan",
                            "Parent Relationship": "Outer",
                            "Parallel Aware": true,
                            "Relation Name": "movie_keyword",
                            "Alias": "mk",
                            "Startup Cost": 18298.13,
                            "Total Cost": 49095.3,
                            "Plan Rows": 507454,
                            "Plan Width": 4,
                            "Actual Startup Time": 86.919,
                            "Actual Total Time": 230.102,
                            "Actual Rows": 428010,
                            "Actual Loops": 2,
                            "Recheck Cond": "(keyword_id > 21461)",
                            "Rows Removed by Index Recheck": 0,
                            "Exact Heap Blocks": 12828,
                            "Lossy Heap Blocks": 0,
                            "Plans": [
                              {
                                "Node Type": "Bitmap Index Scan",
                                "Parent Relationship": "Outer",
                                "Parallel Aware": false,
                                "Index Name": "keyword_id_movie_keyword",
                                "Startup Cost": 0.0,
                                "Total Cost": 18082.47,
                                "Plan Rows": 862671,
                                "Plan Width": 0,
                                "Actual Startup Time": 81.054,
                                "Actual Total Time": 81.054,
                                "Actual Rows": 856021,
                                "Actual Loops": 1,
                                "Index Cond": "(keyword_id > 21461)"
                              }
                            ]
                          },
                          {
                            "Node Type": "Hash",
                            "Parent Relationship": "Inner",
                            "Parallel Aware": true,
                            "Startup Cost": 50870.31,
                            "Total Cost": 50870.31,
                            "Plan Rows": 1487231,
                            "Plan Width": 4,
                            "Actual Startup Time": 891.632,
                            "Actual Total Time": 891.633,
                            "Actual Rows": 1264156,
                            "Actual Loops": 2,
                            "Hash Buckets": 4194304,
                            "Original Hash Buckets": 4194304,
                            "Hash Batches": 1,
                            "Original Hash Batches": 1,
                            "Peak Memory Usage": 131712,
                            "Plans": [
                              {
                                "Node Type": "Seq Scan",
                                "Parent Relationship": "Outer",
                                "Parallel Aware": true,
                                "Relation Name": "title",
                                "Alias": "t",
                                "Startup Cost": 0.0,
                                "Total Cost": 50870.31,
                                "Plan Rows": 1487231,
                                "Plan Width": 4,
                                "Actual Startup Time": 0.059,
                                "Actual Total Time": 252.833,
                                "Actual Rows": 1264156,
                                "Actual Loops": 2
                              }
                            ]
                          }
                        ]
                      }
                    ]
                  }
                ]
              }
            ]
          }
        ]
      }
    ]
  },
  "Planning Time": 0.978,
  "Triggers": [],
  "Execution Time": 5052.428
}