[
  {
    "Plan": {
      "Node Type": "Aggregate",
      "Strategy": "Plain",
      "Partial Mode": "Finalize",
      "Parallel Aware": false,
      "Startup Cost": 91533.96,
      "Total Cost": 91533.97,
      "Plan Rows": 1,
      "Plan Width": 8,
      "Actual Startup Time": 371.947,
      "Actual Total Time": 397.955,
      "Actual Rows": 1,
      "Actual Loops": 1,
      "Plans": [
        {
          "Node Type": "Gather",
          "Parent Relationship": "Outer",
          "Parallel Aware": false,
          "Startup Cost": 91533.64,
          "Total Cost": 91533.95,
          "Plan Rows": 3,
          "Plan Width": 8,
          "Actual Startup Time": 371.164,
          "Actual Total Time": 397.947,
          "Actual Rows": 4,
          "Actual Loops": 1,
          "Workers Planned": 3,
          "Workers Launched": 3,
          "Single Copy": false,
          "Plans": [
            {
              "Node Type": "Aggregate",
              "Strategy": "Plain",
              "Partial Mode": "Partial",
              "Parent Relationship": "Outer",
              "Parallel Aware": false,
              "Startup Cost": 90533.64,
              "Total Cost": 90533.65,
              "Plan Rows": 1,
              "Plan Width": 8,
              "Actual Startup Time": 364.345,
              "Actual Total Time": 364.348,
              "Actual Rows": 1,
              "Actual Loops": 4,
              "Plans": [
                {
                  "Node Type": "Nested Loop",
                  "Parent Relationship": "Outer",
                  "Parallel Aware": false,
                  "Join Type": "Inner",
                  "Startup Cost": 53336.11,
                  "Total Cost": 90531.84,
                  "Plan Rows": 722,
                  "Plan Width": 0,
                  "Actual Startup Time": 146.709,
                  "Actual Total Time": 362.999,
                  "Actual Rows": 24708,
                  "Actual Loops": 4,
                  "Inner Unique": false,
                  "Join Filter": "(t.id = mi.movie_id)",
                  "Rows Removed by Join Filter": 0,
                  "Plans": [
                    {
                      "Node Type": "Hash Join",
                      "Parent Relationship": "Outer",
                      "Parallel Aware": true,
                      "Join Type": "Inner",
                      "Startup Cost": 53335.68,
                      "Total Cost": 79549.27,
                      "Plan Rows": 3019,
                      "Plan Width": 8,
                      "Actual Startup Time": 134.208,
                      "Actual Total Time": 190.466,
                      "Actual Rows": 12420,
                      "Actual Loops": 4,
                      "Inner Unique": true,
                      "Hash Cond": "(mk.movie_id = t.id)",
                      "Plans": [
                        {
                          "Node Type": "Bitmap Heap Scan",
                          "Parent Relationship": "Outer",
                          "Parallel Aware": true,
                          "Relation Name": "movie_keyword",
                          "Alias": "mk",
                          "Startup Cost": 7651.43,
                          "Total Cost": 33559.64,
                          "Plan Rows": 116337,
                          "Plan Width": 4,
                          "Actual Startup Time": 31.289,
                          "Actual Total Time": 68.002,
                          "Actual Rows": 90923,
                          "Actual Loops": 4,
                          "Recheck Cond": "(keyword_id < 335)",
                          "Rows Removed by Index Recheck": 0,
                          "Exact Heap Blocks": 8759,
                          "Lossy Heap Blocks": 0,
                          "Plans": [
                            {
                              "Node Type": "Bitmap Index Scan",
                              "Parent Relationship": "Outer",
                              "Parallel Aware": false,
                              "Index Name": "keyword_id_movie_keyword",
                              "Startup Cost": 0.0,
                              "Total Cost": 7561.27,
                              "Plan Rows": 360645,
                              "Plan Width": 0,
                              "Actual Startup Time": 27.664,
                              "Actual Total Time": 27.664,
                              "Actual Rows": 363692,
                              "Actual Loops": 1,
                              "Index Cond": "(keyword_id < 335)"
                            }
                          ]
                        },
                        {
                          "Node Type": "Hash",
                          "Parent Relationship": "Inner",
                          "Parallel Aware": true,
                          "Startup Cost": 45479.21,
                          "Total Cost": 45479.21,
                          "Plan Rows": 16403,
                          "Plan Width": 4,
                          "Actual Startup Time": 100.673,
                          "Actual Total Time": 100.674,
                          "Actual Rows": 41233,
                          "Actual Loops": 4,
                          "Hash Buckets": 262144,
                          "Original Hash Buckets": 131072,
                          "Hash Batches": 1,
                          "Original Hash Batches": 1,
                          "Peak Memory Usage": 9568,
                          "Plans": [
                            {
                              "Node Type": "Seq Scan",
                              "Parent Relationship": "Outer",
                              "Parallel Aware": true,
                              "Relation Name": "title",
                              "Alias": "t",
                              "Startup Cost": 0.0,
                              "Total Cost": 45479.21,
                              "Plan Rows": 16403,
                              "Plan Width": 4,
                              "Actual Startup Time": 0.454,
                              "Actual Total Time": 87.762,
                              "Actual Rows": 41233,
                              "Actual Loops": 4,
                              "Filter": "((kind_id < 7) AND (production_year < 1951))",
                              "Rows Removed by Filter": 590845
                            }
                          ]
                        }
                      ]
                    },
                    {
                      "Node Type": "Index Scan",
                      "Parent Relationship": "Inner",
                      "Parallel Aware": false,
                      "Scan Direction": "Forward",
                      "Index Name": "movie_id_movie_info",
                      "Relation Name": "movie_info",
                      "Alias": "mi",
                      "Startup Cost": 0.43,
                      "Total Cost": 3.61,
                      "Plan Rows": 2,
                      "Plan Width": 4,
                      "Actual Startup Time": 0.011,
                      "Actual Total Time": 0.013,
                      "Actual Rows": 2,
                      "Actual Loops": 49682,
                      "Index Cond": "(movie_id = mk.movie_id)",
                      "Rows Removed by Index Recheck": 0,
                      "Filter": "(info_type_id = 15)",
                      "Rows Removed by Filter": 25
                    }
                  ]
                }
              ]
            }
          ]
        }
      ]
    },
    "Planning Time": 1.13,
    "Triggers": [],
    "Execution Time": 398.047
  }
]