[
  {
    "Plan": {
      "Node Type": "Aggregate",
      "Strategy": "Plain",
      "Partial Mode": "Finalize",
      "Parallel Aware": false,
      "Startup Cost": 45299.3,
      "Total Cost": 45299.31,
      "Plan Rows": 1,
      "Plan Width": 8,
      "Actual Startup Time": 116.488,
      "Actual Total Time": 124.038,
      "Actual Rows": 1,
      "Actual Loops": 1,
      "Plans": [
        {
          "Node Type": "Gather",
          "Parent Relationship": "Outer",
          "Parallel Aware": false,
          "Startup Cost": 45298.98,
          "Total Cost": 45299.29,
          "Plan Rows": 3,
          "Plan Width": 8,
          "Actual Startup Time": 116.303,
          "Actual Total Time": 124.032,
          "Actual Rows": 4,
          "Actual Loops": 1,
          "Workers Planned": 3,
          "Workers Launched": 3,
          "Single Copy": false,
          "Plans": [
            {
              "Node Type": "Aggregate",
              "Strategy": "Plain",
              "Partial Mode": "Partial",
              "Parent Relationship": "Outer",
              "Parallel Aware": false,
              "Startup Cost": 44298.98,
              "Total Cost": 44298.99,
              "Plan Rows": 1,
              "Plan Width": 8,
              "Actual Startup Time": 113.786,
              "Actual Total Time": 113.787,
              "Actual Rows": 1,
              "Actual Loops": 4,
              "Plans": [
                {
                  "Node Type": "Seq Scan",
                  "Parent Relationship": "Outer",
                  "Parallel Aware": true,
                  "Relation Name": "movie_keyword",
                  "Alias": "mk",
                  "Startup Cost": 0.0,
                  "Total Cost": 42695.65,
                  "Plan Rows": 641330,
                  "Plan Width": 0,
                  "Actual Startup Time": 0.302,
                  "Actual Total Time": 92.764,
                  "Actual Rows": 491587,
                  "Actual Loops": 4,
                  "Filter": "(keyword_id > 6441)",
                  "Rows Removed by Filter": 639395
                }
              ]
            }
          ]
        }
      ]
    },
    "Planning Time": 0.061,
    "Triggers": [],
    "Execution Time": 124.06
  }
]