[
    {
        "Bao": {
            "Bao prediction": 2632.732,
            "Bao recommended hint": "SET enable_nestloop TO off; "
        }
    },
    {
        "Plan": {
            "Node Type": "Aggregate",
            "Strategy": "Plain",
            "Partial Mode": "Finalize",
            "Parallel Aware": false,
            "Startup Cost": 767328.49,
            "Total Cost": 767328.5,
            "Plan Rows": 1,
            "Plan Width": 64,
            "Actual Startup Time": 6183.081,
            "Actual Total Time": 6468.589,
            "Actual Rows": 1,
            "Actual Loops": 1,
            "Output": [
                "min(n.name)",
                "min(t.title)"
            ],
            "Plans": [
                {
                    "Node Type": "Gather",
                    "Parent Relationship": "Outer",
                    "Parallel Aware": false,
                    "Startup Cost": 767328.17,
                    "Total Cost": 767328.48,
                    "Plan Rows": 3,
                    "Plan Width": 64,
                    "Actual Startup Time": 6070.24,
                    "Actual Total Time": 6468.558,
                    "Actual Rows": 4,
                    "Actual Loops": 1,
                    "Output": [
                        "(PARTIAL min(n.name))",
                        "(PARTIAL min(t.title))"
                    ],
                    "Workers Planned": 3,
                    "Workers Launched": 3,
                    "Single Copy": false,
                    "Plans": [
                        {
                            "Node Type": "Aggregate",
                            "Strategy": "Plain",
                            "Partial Mode": "Partial",
                            "Parent Relationship": "Outer",
                            "Parallel Aware": false,
                            "Startup Cost": 766328.17,
                            "Total Cost": 766328.18,
                            "Plan Rows": 1,
                            "Plan Width": 64,
                            "Actual Startup Time": 6060.032,
                            "Actual Total Time": 6064.116,
                            "Actual Rows": 1,
                            "Actual Loops": 4,
                            "Output": [
                                "PARTIAL min(n.name)",
                                "PARTIAL min(t.title)"
                            ],
                            "Workers": [
                                {
                                    "Worker Number": 0,
                                    "Actual Startup Time": 6054.655,
                                    "Actual Total Time": 6054.695,
                                    "Actual Rows": 1,
                                    "Actual Loops": 1
                                },
                                {
                                    "Worker Number": 1,
                                    "Actual Startup Time": 6062.043,
                                    "Actual Total Time": 6062.069,
                                    "Actual Rows": 1,
                                    "Actual Loops": 1
                                },
                                {
                                    "Worker Number": 2,
                                    "Actual Startup Time": 6055.372,
                                    "Actual Total Time": 6055.396,
                                    "Actual Rows": 1,
                                    "Actual Loops": 1
                                }
                            ],
                            "Plans": [
                                {
                                    "Node Type": "Hash Join",
                                    "Parent Relationship": "Outer",
                                    "Parallel Aware": true,
                                    "Join Type": "Inner",
                                    "Startup Cost": 750918.62,
                                    "Total Cost": 766313.37,
                                    "Plan Rows": 2960,
                                    "Plan Width": 32,
                                    "Actual Startup Time": 5768.114,
                                    "Actual Total Time": 6001.377,
                                    "Actual Rows": 669677,
                                    "Actual Loops": 4,
                                    "Output": [
                                        "n.name",
                                        "t.title"
                                    ],
                                    "Inner Unique": false,
                                    "Hash Cond": "(an.person_id = n.id)",
                                    "Workers": [
                                        {
                                            "Worker Number": 0,
                                            "Actual Startup Time": 5764.869,
                                            "Actual Total Time": 5987.632,
                                            "Actual Rows": 639620,
                                            "Actual Loops": 1
                                        },
                                        {
                                            "Worker Number": 1,
                                            "Actual Startup Time": 5764.533,
                                            "Actual Total Time": 5996.553,
                                            "Actual Rows": 564378,
                                            "Actual Loops": 1
                                        },
                                        {
                                            "Worker Number": 2,
                                            "Actual Startup Time": 5765.223,
                                            "Actual Total Time": 5989.326,
                                            "Actual Rows": 766130,
                                            "Actual Loops": 1
                                        }
                                    ],
                                    "Plans": [
                                        {
                                            "Node Type": "Seq Scan",
                                            "Parent Relationship": "Outer",
                                            "Parallel Aware": true,
                                            "Relation Name": "aka_name",
                                            "Schema": "public",
                                            "Alias": "an",
                                            "Startup Cost": 0.0,
                                            "Total Cost": 14303.56,
                                            "Plan Rows": 290756,
                                            "Plan Width": 4,
                                            "Actual Startup Time": 0.037,
                                            "Actual Total Time": 44.966,
                                            "Actual Rows": 225336,
                                            "Actual Loops": 4,
                                            "Output": [
                                                "an.id",
                                                "an.person_id",
                                                "an.name",
                                                "an.imdb_index",
                                                "an.name_pcode_cf",
                                                "an.name_pcode_nf",
                                                "an.surname_pcode",
                                                "an.md5sum"
                                            ],
                                            "Workers": [
                                                {
                                                    "Worker Number": 0,
                                                    "Actual Startup Time": 0.036,
                                                    "Actual Total Time": 41.931,
                                                    "Actual Rows": 186621,
                                                    "Actual Loops": 1
                                                },
                                                {
                                                    "Worker Number": 1,
                                                    "Actual Startup Time": 0.069,
                                                    "Actual Total Time": 47.065,
                                                    "Actual Rows": 199197,
                                                    "Actual Loops": 1
                                                },
                                                {
                                                    "Worker Number": 2,
                                                    "Actual Startup Time": 0.034,
                                                    "Actual Total Time": 40.188,
                                                    "Actual Rows": 209652,
                                                    "Actual Loops": 1
                                                }
                                            ]
                                        },
                                        {
                                            "Node Type": "Hash",
                                            "Parent Relationship": "Inner",
                                            "Parallel Aware": true,
                                            "Startup Cost": 750903.19,
                                            "Total Cost": 750903.19,
                                            "Plan Rows": 1234,
                                            "Plan Width": 40,
                                            "Actual Startup Time": 5766.437,
                                            "Actual Total Time": 5770.519,
                                            "Actual Rows": 766629,
                                            "Actual Loops": 4,
                                            "Output": [
                                                "ci.person_id",
                                                "n.name",
                                                "n.id",
                                                "t.title"
                                            ],
                                            "Hash Buckets": 4194304,
                                            "Original Hash Buckets": 4096,
                                            "Hash Batches": 1,
                                            "Original Hash Batches": 1,
                                            "Peak Memory Usage": 297376,
                                            "Workers": [
                                                {
                                                    "Worker Number": 0,
                                                    "Actual Startup Time": 5763.627,
                                                    "Actual Total Time": 5763.665,
                                                    "Actual Rows": 886467,
                                                    "Actual Loops": 1
                                                },
                                                {
                                                    "Worker Number": 1,
                                                    "Actual Startup Time": 5763.591,
                                                    "Actual Total Time": 5763.615,
                                                    "Actual Rows": 555665,
                                                    "Actual Loops": 1
                                                },
                                                {
                                                    "Worker Number": 2,
                                                    "Actual Startup Time": 5764.453,
                                                    "Actual Total Time": 5764.475,
                                                    "Actual Rows": 802289,
                                                    "Actual Loops": 1
                                                }
                                            ],
                                            "Plans": [
                                                {
                                                    "Node Type": "Hash Join",
                                                    "Parent Relationship": "Outer",
                                                    "Parallel Aware": true,
                                                    "Join Type": "Inner",
                                                    "Startup Cost": 720529.83,
                                                    "Total Cost": 750903.19,
                                                    "Plan Rows": 1234,
                                                    "Plan Width": 40,
                                                    "Actual Startup Time": 4430.839,
                                                    "Actual Total Time": 5214.681,
                                                    "Actual Rows": 766629,
                                                    "Actual Loops": 4,
                                                    "Output": [
                                                        "ci.person_id",
                                                        "n.name",
                                                        "n.id",
                                                        "t.title"
                                                    ],
                                                    "Inner Unique": true,
                                                    "Hash Cond": "(mc.company_id = cn.id)",
                                                    "Workers": [
                                                        {
                                                            "Worker Number": 0,
                                                            "Actual Startup Time": 4428.194,
                                                            "Actual Total Time": 5198.84,
                                                            "Actual Rows": 886467,
                                                            "Actual Loops": 1
                                                        },
                                                        {
                                                            "Worker Number": 1,
                                                            "Actual Startup Time": 4428.005,
                                                            "Actual Total Time": 5215.813,
                                                            "Actual Rows": 555665,
                                                            "Actual Loops": 1
                                                        },
                                                        {
                                                            "Worker Number": 2,
                                                            "Actual Startup Time": 4428.736,
                                                            "Actual Total Time": 5215.875,
                                                            "Actual Rows": 802289,
                                                            "Actual Loops": 1
                                                        }
                                                    ],
                                                    "Plans": [
                                                        {
                                                            "Node Type": "Hash Join",
                                                            "Parent Relationship": "Outer",
                                                            "Parallel Aware": true,
                                                            "Join Type": "Inner",
                                                            "Startup Cost": 715178.81,
                                                            "Total Cost": 745543.26,
                                                            "Plan Rows": 3394,
                                                            "Plan Width": 44,
                                                            "Actual Startup Time": 4397.977,
                                                            "Actual Total Time": 4917.995,
                                                            "Actual Rows": 3005791,
                                                            "Actual Loops": 4,
                                                            "Output": [
                                                                "ci.person_id",
                                                                "mc.company_id",
                                                                "n.name",
                                                                "n.id",
                                                                "t.title"
                                                            ],
                                                            "Inner Unique": false,
                                                            "Hash Cond": "(mc.movie_id = t.id)",
                                                            "Workers": [
                                                                {
                                                                    "Worker Number": 0,
                                                                    "Actual Startup Time": 4398.095,
                                                                    "Actual Total Time": 4907.007,
                                                                    "Actual Rows": 3207023,
                                                                    "Actual Loops": 1
                                                                },
                                                                {
                                                                    "Worker Number": 1,
                                                                    "Actual Startup Time": 4397.993,
                                                                    "Actual Total Time": 4909.377,
                                                                    "Actual Rows": 2208782,
                                                                    "Actual Loops": 1
                                                                },
                                                                {
                                                                    "Worker Number": 2,
                                                                    "Actual Startup Time": 4397.953,
                                                                    "Actual Total Time": 4926.874,
                                                                    "Actual Rows": 3427055,
                                                                    "Actual Loops": 1
                                                                }
                                                            ],
                                                            "Plans": [
                                                                {
                                                                    "Node Type": "Seq Scan",
                                                                    "Parent Relationship": "Outer",
                                                                    "Parallel Aware": true,
                                                                    "Relation Name": "movie_companies",
                                                                    "Schema": "public",
                                                                    "Alias": "mc",
                                                                    "Startup Cost": 0.0,
                                                                    "Total Cost": 27206.55,
                                                                    "Plan Rows": 841655,
                                                                    "Plan Width": 8,
                                                                    "Actual Startup Time": 0.041,
                                                                    "Actual Total Time": 62.772,
                                                                    "Actual Rows": 652282,
                                                                    "Actual Loops": 4,
                                                                    "Output": [
                                                                        "mc.id",
                                                                        "mc.movie_id",
                                                                        "mc.company_id",
                                                                        "mc.company_type_id",
                                                                        "mc.note"
                                                                    ],
                                                                    "Workers": [
                                                                        {
                                                                            "Worker Number": 0,
                                                                            "Actual Startup Time": 0.03,
                                                                            "Actual Total Time": 61.577,
                                                                            "Actual Rows": 680675,
                                                                            "Actual Loops": 1
                                                                        },
                                                                        {
                                                                            "Worker Number": 1,
                                                                            "Actual Startup Time": 0.068,
                                                                            "Actual Total Time": 59.13,
                                                                            "Actual Rows": 448877,
                                                                            "Actual Loops": 1
                                                                        },
                                                                        {
                                                                            "Worker Number": 2,
                                                                            "Actual Startup Time": 0.031,
                                                                            "Actual Total Time": 66.86,
                                                                            "Actual Rows": 750766,
                                                                            "Actual Loops": 1
                                                                        }
                                                                    ]
                                                                },
                                                                {
                                                                    "Node Type": "Hash",
                                                                    "Parent Relationship": "Inner",
                                                                    "Parallel Aware": true,
                                                                    "Startup Cost": 715172.41,
                                                                    "Total Cost": 715172.41,
                                                                    "Plan Rows": 512,
                                                                    "Plan Width": 52,
                                                                    "Actual Startup Time": 4397.757,
                                                                    "Actual Total Time": 4401.831,
                                                                    "Actual Rows": 151820,
                                                                    "Actual Loops": 4,
                                                                    "Output": [
                                                                        "ci.movie_id",
                                                                        "ci.person_id",
                                                                        "mi.movie_id",
                                                                        "n.name",
                                                                        "n.id",
                                                                        "t.title",
                                                                        "t.id"
                                                                    ],
                                                                    "Hash Buckets": 1048576,
                                                                    "Original Hash Buckets": 2048,
                                                                    "Hash Batches": 1,
                                                                    "Original Hash Batches": 1,
                                                                    "Peak Memory Usage": 70192,
                                                                    "Workers": [
                                                                        {
                                                                            "Worker Number": 0,
                                                                            "Actual Startup Time": 4397.685,
                                                                            "Actual Total Time": 4397.718,
                                                                            "Actual Rows": 163734,
                                                                            "Actual Loops": 1
                                                                        },
                                                                        {
                                                                            "Worker Number": 1,
                                                                            "Actual Startup Time": 4397.803,
                                                                            "Actual Total Time": 4397.822,
                                                                            "Actual Rows": 119065,
                                                                            "Actual Loops": 1
                                                                        },
                                                                        {
                                                                            "Worker Number": 2,
                                                                            "Actual Startup Time": 4397.84,
                                                                            "Actual Total Time": 4397.856,
                                                                            "Actual Rows": 156389,
                                                                            "Actual Loops": 1
                                                                        }
                                                                    ],
                                                                    "Plans": [
                                                                        {
                                                                            "Node Type": "Hash Join",
                                                                            "Parent Relationship": "Outer",
                                                                            "Parallel Aware": true,
                                                                            "Join Type": "Inner",
                                                                            "Startup Cost": 670424.62,
                                                                            "Total Cost": 715172.41,
                                                                            "Plan Rows": 512,
                                                                            "Plan Width": 52,
                                                                            "Actual Startup Time": 3998.725,
                                                                            "Actual Total Time": 4248.09,
                                                                            "Actual Rows": 151820,
                                                                            "Actual Loops": 4,
                                                                            "Output": [
                                                                                "ci.movie_id",
                                                                                "ci.person_id",
                                                                                "mi.movie_id",
                                                                                "n.name",
                                                                                "n.id",
                                                                                "t.title",
                                                                                "t.id"
                                                                            ],
                                                                            "Inner Unique": true,
                                                                            "Hash Cond": "(ci.person_role_id = chn.id)",
                                                                            "Workers": [
                                                                                {
                                                                                    "Worker Number": 0,
                                                                                    "Actual Startup Time": 4003.505,
                                                                                    "Actual Total Time": 4253.751,
                                                                                    "Actual Rows": 163734,
                                                                                    "Actual Loops": 1
                                                                                },
                                                                                {
                                                                                    "Worker Number": 1,
                                                                                    "Actual Startup Time": 3994.807,
                                                                                    "Actual Total Time": 4235.949,
                                                                                    "Actual Rows": 119065,
                                                                                    "Actual Loops": 1
                                                                                },
                                                                                {
                                                                                    "Worker Number": 2,
                                                                                    "Actual Startup Time": 3997.688,
                                                                                    "Actual Total Time": 4243.464,
                                                                                    "Actual Rows": 156389,
                                                                                    "Actual Loops": 1
                                                                                }
                                                                            ],
                                                                            "Plans": [
                                                                                {
                                                                                    "Node Type": "Hash Join",
                                                                                    "Parent Relationship": "Outer",
                                                                                    "Parallel Aware": true,
                                                                                    "Join Type": "Inner",
                                                                                    "Startup Cost": 616311.74,
                                                                                    "Total Cost": 661058.19,
                                                                                    "Plan Rows": 512,
                                                                                    "Plan Width": 56,
                                                                                    "Actual Startup Time": 3381.22,
                                                                                    "Actual Total Time": 3580.981,
                                                                                    "Actual Rows": 156728,
                                                                                    "Actual Loops": 4,
                                                                                    "Output": [
                                                                                        "ci.movie_id",
                                                                                        "ci.person_id",
                                                                                        "ci.person_role_id",
                                                                                        "mi.movie_id",
                                                                                        "n.name",
                                                                                        "n.id",
                                                                                        "t.title",
                                                                                        "t.id"
                                                                                    ],
                                                                                    "Inner Unique": false,
                                                                                    "Hash Cond": "(t.id = mi.movie_id)",
                                                                                    "Workers": [
                                                                                        {
                                                                                            "Worker Number": 0,
                                                                                            "Actual Startup Time": 3386.021,
                                                                                            "Actual Total Time": 3585.0,
                                                                                            "Actual Rows": 168074,
                                                                                            "Actual Loops": 1
                                                                                        },
                                                                                        {
                                                                                            "Worker Number": 1,
                                                                                            "Actual Startup Time": 3377.258,
                                                                                            "Actual Total Time": 3567.405,
                                                                                            "Actual Rows": 124854,
                                                                                            "Actual Loops": 1
                                                                                        },
                                                                                        {
                                                                                            "Worker Number": 2,
                                                                                            "Actual Startup Time": 3380.151,
                                                                                            "Actual Total Time": 3579.224,
                                                                                            "Actual Rows": 161460,
                                                                                            "Actual Loops": 1
                                                                                        }
                                                                                    ],
                                                                                    "Plans": [
                                                                                        {
                                                                                            "Node Type": "Seq Scan",
                                                                                            "Parent Relationship": "Outer",
                                                                                            "Parallel Aware": true,
                                                                                            "Relation Name": "title",
                                                                                            "Schema": "public",
                                                                                            "Alias": "t",
                                                                                            "Startup Cost": 0.0,
                                                                                            "Total Cost": 43899.32,
                                                                                            "Plan Rows": 225629,
                                                                                            "Plan Width": 21,
                                                                                            "Actual Startup Time": 0.043,
                                                                                            "Actual Total Time": 97.694,
                                                                                            "Actual Rows": 226123,
                                                                                            "Actual Loops": 4,
                                                                                            "Output": [
                                                                                                "t.id",
                                                                                                "t.title",
                                                                                                "t.imdb_index",
                                                                                                "t.kind_id",
                                                                                                "t.production_year",
                                                                                                "t.imdb_id",
                                                                                                "t.phonetic_code",
                                                                                                "t.episode_of_id",
                                                                                                "t.season_nr",
                                                                                                "t.episode_nr",
                                                                                                "t.series_years",
                                                                                                "t.md5sum"
                                                                                            ],
                                                                                            "Filter": "(t.production_year > 2006)",
                                                                                            "Rows Removed by Filter": 405955,
                                                                                            "Workers": [
                                                                                                {
                                                                                                    "Worker Number": 0,
                                                                                                    "Actual Startup Time": 0.042,
                                                                                                    "Actual Total Time": 95.439,
                                                                                                    "Actual Rows": 237887,
                                                                                                    "Actual Loops": 1
                                                                                                },
                                                                                                {
                                                                                                    "Worker Number": 1,
                                                                                                    "Actual Startup Time": 0.052,
                                                                                                    "Actual Total Time": 100.324,
                                                                                                    "Actual Rows": 174621,
                                                                                                    "Actual Loops": 1
                                                                                                },
                                                                                                {
                                                                                                    "Worker Number": 2,
                                                                                                    "Actual Startup Time": 0.054,
                                                                                                    "Actual Total Time": 97.582,
                                                                                                    "Actual Rows": 242523,
                                                                                                    "Actual Loops": 1
                                                                                                }
                                                                                            ]
                                                                                        },
                                                                                        {
                                                                                            "Node Type": "Hash",
                                                                                            "Parent Relationship": "Inner",
                                                                                            "Parallel Aware": true,
                                                                                            "Startup Cost": 616297.39,
                                                                                            "Total Cost": 616297.39,
                                                                                            "Plan Rows": 1148,
                                                                                            "Plan Width": 35,
                                                                                            "Actual Startup Time": 3377.039,
                                                                                            "Actual Total Time": 3381.107,
                                                                                            "Actual Rows": 428711,
                                                                                            "Actual Loops": 4,
                                                                                            "Output": [
                                                                                                "ci.movie_id",
                                                                                                "ci.person_id",
                                                                                                "ci.person_role_id",
                                                                                                "mi.movie_id",
                                                                                                "n.name",
                                                                                                "n.id"
                                                                                            ],
                                                                                            "Hash Buckets": 2097152,
                                                                                            "Original Hash Buckets": 8192,
                                                                                            "Hash Batches": 1,
                                                                                            "Original Hash Batches": 1,
                                                                                            "Peak Memory Usage": 152384,
                                                                                            "Workers": [
                                                                                                {
                                                                                                    "Worker Number": 0,
                                                                                                    "Actual Startup Time": 3377.084,
                                                                                                    "Actual Total Time": 3377.11,
                                                                                                    "Actual Rows": 460797,
                                                                                                    "Actual Loops": 1
                                                                                                },
                                                                                                {
                                                                                                    "Worker Number": 1,
                                                                                                    "Actual Startup Time": 3376.961,
                                                                                                    "Actual Total Time": 3376.974,
                                                                                                    "Actual Rows": 317485,
                                                                                                    "Actual Loops": 1
                                                                                                },
                                                                                                {
                                                                                                    "Worker Number": 2,
                                                                                                    "Actual Startup Time": 3377.086,
                                                                                                    "Actual Total Time": 3377.098,
                                                                                                    "Actual Rows": 480243,
                                                                                                    "Actual Loops": 1
                                                                                                }
                                                                                            ],
                                                                                            "Plans": [
                                                                                                {
                                                                                                    "Node Type": "Hash Join",
                                                                                                    "Parent Relationship": "Outer",
                                                                                                    "Parallel Aware": true,
                                                                                                    "Join Type": "Inner",
                                                                                                    "Startup Cost": 416425.23,
                                                                                                    "Total Cost": 616297.39,
                                                                                                    "Plan Rows": 1148,
                                                                                                    "Plan Width": 35,
                                                                                                    "Actual Startup Time": 2263.658,
                                                                                                    "Actual Total Time": 3073.938,
                                                                                                    "Actual Rows": 428711,
                                                                                                    "Actual Loops": 4,
                                                                                                    "Output": [
                                                                                                        "ci.movie_id",
                                                                                                        "ci.person_id",
                                                                                                        "ci.person_role_id",
                                                                                                        "mi.movie_id",
                                                                                                        "n.name",
                                                                                                        "n.id"
                                                                                                    ],
                                                                                                    "Inner Unique": false,
                                                                                                    "Hash Cond": "(mi.movie_id = ci.movie_id)",
                                                                                                    "Workers": [
                                                                                                        {
                                                                                                            "Worker Number": 0,
                                                                                                            "Actual Startup Time": 2263.705,
                                                                                                            "Actual Total Time": 3068.626,
                                                                                                            "Actual Rows": 460797,
                                                                                                            "Actual Loops": 1
                                                                                                        },
                                                                                                        {
                                                                                                            "Worker Number": 1,
                                                                                                            "Actual Startup Time": 2263.655,
                                                                                                            "Actual Total Time": 3070.381,
                                                                                                            "Actual Rows": 317485,
                                                                                                            "Actual Loops": 1
                                                                                                        },
                                                                                                        {
                                                                                                            "Worker Number": 2,
                                                                                                            "Actual Startup Time": 2263.454,
                                                                                                            "Actual Total Time": 3067.927,
                                                                                                            "Actual Rows": 480243,
                                                                                                            "Actual Loops": 1
                                                                                                        }
                                                                                                    ],
                                                                                                    "Plans": [
                                                                                                        {
                                                                                                            "Node Type": "Hash Join",
                                                                                                            "Parent Relationship": "Outer",
                                                                                                            "Parallel Aware": false,
                                                                                                            "Join Type": "Inner",
                                                                                                            "Startup Cost": 2.43,
                                                                                                            "Total Cost": 199774.14,
                                                                                                            "Plan Rows": 26276,
                                                                                                            "Plan Width": 4,
                                                                                                            "Actual Startup Time": 209.76,
                                                                                                            "Actual Total Time": 808.932,
                                                                                                            "Actual Rows": 759180,
                                                                                                            "Actual Loops": 4,
                                                                                                            "Output": [
                                                                                                                "mi.movie_id"
                                                                                                            ],
                                                                                                            "Inner Unique": true,
                                                                                                            "Hash Cond": "(mi.info_type_id = it.id)",
                                                                                                            "Workers": [
                                                                                                                {
                                                                                                                    "Worker Number": 0,
                                                                                                                    "Actual Startup Time": 209.677,
                                                                                                                    "Actual Total Time": 803.475,
                                                                                                                    "Actual Rows": 813333,
                                                                                                                    "Actual Loops": 1
                                                                                                                },
                                                                                                                {
                                                                                                                    "Worker Number": 1,
                                                                                                                    "Actual Startup Time": 209.798,
                                                                                                                    "Actual Total Time": 818.252,
                                                                                                                    "Actual Rows": 580461,
                                                                                                                    "Actual Loops": 1
                                                                                                                },
                                                                                                                {
                                                                                                                    "Worker Number": 2,
                                                                                                                    "Actual Startup Time": 209.76,
                                                                                                                    "Actual Total Time": 801.705,
                                                                                                                    "Actual Rows": 847314,
                                                                                                                    "Actual Loops": 1
                                                                                                                }
                                                                                                            ],
                                                                                                            "Plans": [
                                                                                                                {
                                                                                                                    "Node Type": "Seq Scan",
                                                                                                                    "Parent Relationship": "Outer",
                                                                                                                    "Parallel Aware": true,
                                                                                                                    "Relation Name": "movie_info",
                                                                                                                    "Schema": "public",
                                                                                                                    "Alias": "mi",
                                                                                                                    "Startup Cost": 0.0,
                                                                                                                    "Total Cost": 191685.19,
                                                                                                                    "Plan Rows": 2969219,
                                                                                                                    "Plan Width": 8,
                                                                                                                    "Actual Startup Time": 0.029,
                                                                                                                    "Actual Total Time": 474.383,
                                                                                                                    "Actual Rows": 3708930,
                                                                                                                    "Actual Loops": 4,
                                                                                                                    "Output": [
                                                                                                                        "mi.id",
                                                                                                                        "mi.movie_id",
                                                                                                                        "mi.info_type_id",
                                                                                                                        "mi.info",
                                                                                                                        "mi.note"
                                                                                                                    ],
                                                                                                                    "Workers": [
                                                                                                                        {
                                                                                                                            "Worker Number": 0,
                                                                                                                            "Actual Startup Time": 0.033,
                                                                                                                            "Actual Total Time": 474.192,
                                                                                                                            "Actual Rows": 4007202,
                                                                                                                            "Actual Loops": 1
                                                                                                                        },
                                                                                                                        {
                                                                                                                            "Worker Number": 1,
                                                                                                                            "Actual Startup Time": 0.037,
                                                                                                                            "Actual Total Time": 471.152,
                                                                                                                            "Actual Rows": 2813759,
                                                                                                                            "Actual Loops": 1
                                                                                                                        },
                                                                                                                        {
                                                                                                                            "Worker Number": 2,
                                                                                                                            "Actual Startup Time": 0.031,
                                                                                                                            "Actual Total Time": 474.728,
                                                                                                                            "Actual Rows": 4277980,
                                                                                                                            "Actual Loops": 1
                                                                                                                        }
                                                                                                                    ]
                                                                                                                },
                                                                                                                {
                                                                                                                    "Node Type": "Hash",
                                                                                                                    "Parent Relationship": "Inner",
                                                                                                                    "Parallel Aware": false,
                                                                                                                    "Startup Cost": 2.41,
                                                                                                                    "Total Cost": 2.41,
                                                                                                                    "Plan Rows": 1,
                                                                                                                    "Plan Width": 4,
                                                                                                                    "Actual Startup Time": 0.058,
                                                                                                                    "Actual Total Time": 0.06,
                                                                                                                    "Actual Rows": 1,
                                                                                                                    "Actual Loops": 4,
                                                                                                                    "Output": [
                                                                                                                        "it.id"
                                                                                                                    ],
                                                                                                                    "Hash Buckets": 1024,
                                                                                                                    "Original Hash Buckets": 1024,
                                                                                                                    "Hash Batches": 1,
                                                                                                                    "Original Hash Batches": 1,
                                                                                                                    "Peak Memory Usage": 9,
                                                                                                                    "Workers": [
                                                                                                                        {
                                                                                                                            "Worker Number": 0,
                                                                                                                            "Actual Startup Time": 0.059,
                                                                                                                            "Actual Total Time": 0.061,
                                                                                                                            "Actual Rows": 1,
                                                                                                                            "Actual Loops": 1
                                                                                                                        },
                                                                                                                        {
                                                                                                                            "Worker Number": 1,
                                                                                                                            "Actual Startup Time": 0.065,
                                                                                                                            "Actual Total Time": 0.067,
                                                                                                                            "Actual Rows": 1,
                                                                                                                            "Actual Loops": 1
                                                                                                                        },
                                                                                                                        {
                                                                                                                            "Worker Number": 2,
                                                                                                                            "Actual Startup Time": 0.061,
                                                                                                                            "Actual Total Time": 0.062,
                                                                                                                            "Actual Rows": 1,
                                                                                                                            "Actual Loops": 1
                                                                                                                        }
                                                                                                                    ],
                                                                                                                    "Plans": [
                                                                                                                        {
                                                                                                                            "Node Type": "Seq Scan",
                                                                                                                            "Parent Relationship": "Outer",
                                                                                                                            "Parallel Aware": false,
                                                                                                                            "Relation Name": "info_type",
                                                                                                                            "Schema": "public",
                                                                                                                            "Alias": "it",
                                                                                                                            "Startup Cost": 0.0,
                                                                                                                            "Total Cost": 2.41,
                                                                                                                            "Plan Rows": 1,
                                                                                                                            "Plan Width": 4,
                                                                                                                            "Actual Startup Time": 0.041,
                                                                                                                            "Actual Total Time": 0.048,
                                                                                                                            "Actual Rows": 1,
                                                                                                                            "Actual Loops": 4,
                                                                                                                            "Output": [
                                                                                                                                "it.id"
                                                                                                                            ],
                                                                                                                            "Filter": "((it.info)::text = 'release dates'::text)",
                                                                                                                            "Rows Removed by Filter": 112,
                                                                                                                            "Workers": [
                                                                                                                                {
                                                                                                                                    "Worker Number": 0,
                                                                                                                                    "Actual Startup Time": 0.044,
                                                                                                                                    "Actual Total Time": 0.052,
                                                                                                                                    "Actual Rows": 1,
                                                                                                                                    "Actual Loops": 1
                                                                                                                                },
                                                                                                                                {
                                                                                                                                    "Worker Number": 1,
                                                                                                                                    "Actual Startup Time": 0.05,
                                                                                                                                    "Actual Total Time": 0.058,
                                                                                                                                    "Actual Rows": 1,
                                                                                                                                    "Actual Loops": 1
                                                                                                                                },
                                                                                                                                {
                                                                                                                                    "Worker Number": 2,
                                                                                                                                    "Actual Startup Time": 0.049,
                                                                                                                                    "Actual Total Time": 0.054,
                                                                                                                                    "Actual Rows": 1,
                                                                                                                                    "Actual Loops": 1
                                                                                                                                }
                                                                                                                            ]
                                                                                                                        }
                                                                                                                    ]
                                                                                                                }
                                                                                                            ]
                                                                                                        },
                                                                                                        {
                                                                                                            "Node Type": "Hash",
                                                                                                            "Parent Relationship": "Inner",
                                                                                                            "Parallel Aware": true,
                                                                                                            "Startup Cost": 416328.33,
                                                                                                            "Total Cost": 416328.33,
                                                                                                            "Plan Rows": 7558,
                                                                                                            "Plan Width": 31,
                                                                                                            "Actual Startup Time": 2053.487,
                                                                                                            "Actual Total Time": 2057.547,
                                                                                                            "Actual Rows": 97681,
                                                                                                            "Actual Loops": 4,
                                                                                                            "Output": [
                                                                                                                "ci.movie_id",
                                                                                                                "ci.person_id",
                                                                                                                "ci.person_role_id",
                                                                                                                "n.name",
                                                                                                                "n.id"
                                                                                                            ],
                                                                                                            "Hash Buckets": 524288,
                                                                                                            "Original Hash Buckets": 65536,
                                                                                                            "Hash Batches": 1,
                                                                                                            "Original Hash Batches": 1,
                                                                                                            "Peak Memory Usage": 33024,
                                                                                                            "Workers": [
                                                                                                                {
                                                                                                                    "Worker Number": 0,
                                                                                                                    "Actual Startup Time": 2053.501,
                                                                                                                    "Actual Total Time": 2053.52,
                                                                                                                    "Actual Rows": 96927,
                                                                                                                    "Actual Loops": 1
                                                                                                                },
                                                                                                                {
                                                                                                                    "Worker Number": 1,
                                                                                                                    "Actual Startup Time": 2053.616,
                                                                                                                    "Actual Total Time": 2053.622,
                                                                                                                    "Actual Rows": 98056,
                                                                                                                    "Actual Loops": 1
                                                                                                                },
                                                                                                                {
                                                                                                                    "Worker Number": 2,
                                                                                                                    "Actual Startup Time": 2053.581,
                                                                                                                    "Actual Total Time": 2053.587,
                                                                                                                    "Actual Rows": 97100,
                                                                                                                    "Actual Loops": 1
                                                                                                                }
                                                                                                            ],
                                                                                                            "Plans": [
                                                                                                                {
                                                                                                                    "Node Type": "Hash Join",
                                                                                                                    "Parent Relationship": "Outer",
                                                                                                                    "Parallel Aware": false,
                                                                                                                    "Join Type": "Inner",
                                                                                                                    "Startup Cost": 71665.84,
                                                                                                                    "Total Cost": 416328.33,
                                                                                                                    "Plan Rows": 7558,
                                                                                                                    "Plan Width": 31,
                                                                                                                    "Actual Startup Time": 881.985,
                                                                                                                    "Actual Total Time": 1971.82,
                                                                                                                    "Actual Rows": 97681,
                                                                                                                    "Actual Loops": 4,
                                                                                                                    "Output": [
                                                                                                                        "ci.movie_id",
                                                                                                                        "ci.person_id",
                                                                                                                        "ci.person_role_id",
                                                                                                                        "n.name",
                                                                                                                        "n.id"
                                                                                                                    ],
                                                                                                                    "Inner Unique": true,
                                                                                                                    "Hash Cond": "(ci.role_id = rt.id)",
                                                                                                                    "Workers": [
                                                                                                                        {
                                                                                                                            "Worker Number": 0,
                                                                                                                            "Actual Startup Time": 881.953,
                                                                                                                            "Actual Total Time": 1966.766,
                                                                                                                            "Actual Rows": 96927,
                                                                                                                            "Actual Loops": 1
                                                                                                                        },
                                                                                                                        {
                                                                                                                            "Worker Number": 1,
                                                                                                                            "Actual Startup Time": 881.958,
                                                                                                                            "Actual Total Time": 1968.783,
                                                                                                                            "Actual Rows": 98056,
                                                                                                                            "Actual Loops": 1
                                                                                                                        },
                                                                                                                        {
                                                                                                                            "Worker Number": 2,
                                                                                                                            "Actual Startup Time": 881.958,
                                                                                                                            "Actual Total Time": 1969.248,
                                                                                                                            "Actual Rows": 97100,
                                                                                                                            "Actual Loops": 1
                                                                                                                        }
                                                                                                                    ],
                                                                                                                    "Plans": [
                                                                                                                        {
                                                                                                                            "Node Type": "Hash Join",
                                                                                                                            "Parent Relationship": "Outer",
                                                                                                                            "Parallel Aware": true,
                                                                                                                            "Join Type": "Inner",
                                                                                                                            "Startup Cost": 71664.68,
                                                                                                                            "Total Cost": 416004.99,
                                                                                                                            "Plan Rows": 90701,
                                                                                                                            "Plan Width": 35,
                                                                                                                            "Actual Startup Time": 881.887,
                                                                                                                            "Actual Total Time": 1947.371,
                                                                                                                            "Actual Rows": 118129,
                                                                                                                            "Actual Loops": 4,
                                                                                                                            "Output": [
                                                                                                                                "ci.movie_id",
                                                                                                                                "ci.person_id",
                                                                                                                                "ci.role_id",
                                                                                                                                "ci.person_role_id",
                                                                                                                                "n.name",
                                                                                                                                "n.id"
                                                                                                                            ],
                                                                                                                            "Inner Unique": true,
                                                                                                                            "Hash Cond": "(ci.person_id = n.id)",
                                                                                                                            "Workers": [
                                                                                                                                {
                                                                                                                                    "Worker Number": 0,
                                                                                                                                    "Actual Startup Time": 881.831,
                                                                                                                                    "Actual Total Time": 1942.326,
                                                                                                                                    "Actual Rows": 118015,
                                                                                                                                    "Actual Loops": 1
                                                                                                                                },
                                                                                                                                {
                                                                                                                                    "Worker Number": 1,
                                                                                                                                    "Actual Startup Time": 881.854,
                                                                                                                                    "Actual Total Time": 1944.339,
                                                                                                                                    "Actual Rows": 118678,
                                                                                                                                    "Actual Loops": 1
                                                                                                                                },
                                                                                                                                {
                                                                                                                                    "Worker Number": 2,
                                                                                                                                    "Actual Startup Time": 881.858,
                                                                                                                                    "Actual Total Time": 1945.118,
                                                                                                                                    "Actual Rows": 116434,
                                                                                                                                    "Actual Loops": 1
                                                                                                                                }
                                                                                                                            ],
                                                                                                                            "Plans": [
                                                                                                                                {
                                                                                                                                    "Node Type": "Seq Scan",
                                                                                                                                    "Parent Relationship": "Outer",
                                                                                                                                    "Parallel Aware": true,
                                                                                                                                    "Relation Name": "cast_info",
                                                                                                                                    "Schema": "public",
                                                                                                                                    "Alias": "ci",
                                                                                                                                    "Startup Cost": 0.0,
                                                                                                                                    "Total Cost": 343316.27,
                                                                                                                                    "Plan Rows": 390112,
                                                                                                                                    "Plan Width": 16,
                                                                                                                                    "Actual Startup Time": 0.025,
                                                                                                                                    "Actual Total Time": 1441.119,
                                                                                                                                    "Actual Rows": 598970,
                                                                                                                                    "Actual Loops": 4,
                                                                                                                                    "Output": [
                                                                                                                                        "ci.id",
                                                                                                                                        "ci.person_id",
                                                                                                                                        "ci.movie_id",
                                                                                                                                        "ci.person_role_id",
                                                                                                                                        "ci.note",
                                                                                                                                        "ci.nr_order",
                                                                                                                                        "ci.role_id"
                                                                                                                                    ],
                                                                                                                                    "Filter": "(ci.note = ANY ('{(uncredited),(voice),\"(executive producer)\",\"(as Colleen Zenk Pinter)\"}'::text[]))",
                                                                                                                                    "Rows Removed by Filter": 8462116,
                                                                                                                                    "Workers": [
                                                                                                                                        {
                                                                                                                                            "Worker Number": 0,
                                                                                                                                            "Actual Startup Time": 0.019,
                                                                                                                                            "Actual Total Time": 1437.927,
                                                                                                                                            "Actual Rows": 592543,
                                                                                                                                            "Actual Loops": 1
                                                                                                                                        },
                                                                                                                                        {
                                                                                                                                            "Worker Number": 1,
                                                                                                                                            "Actual Startup Time": 0.028,
                                                                                                                                            "Actual Total Time": 1442.928,
                                                                                                                                            "Actual Rows": 603879,
                                                                                                                                            "Actual Loops": 1
                                                                                                                                        },
                                                                                                                                        {
                                                                                                                                            "Worker Number": 2,
                                                                                                                                            "Actual Startup Time": 0.021,
                                                                                                                                            "Actual Total Time": 1441.29,
                                                                                                                                            "Actual Rows": 594591,
                                                                                                                                            "Actual Loops": 1
                                                                                                                                        }
                                                                                                                                    ]
                                                                                                                                },
                                                                                                                                {
                                                                                                                                    "Node Type": "Hash",
                                                                                                                                    "Parent Relationship": "Inner",
                                                                                                                                    "Parallel Aware": true,
                                                                                                                                    "Startup Cost": 68636.68,
                                                                                                                                    "Total Cost": 68636.68,
                                                                                                                                    "Plan Rows": 242240,
                                                                                                                                    "Plan Width": 19,
                                                                                                                                    "Actual Startup Time": 357.249,
                                                                                                                                    "Actual Total Time": 357.251,
                                                                                                                                    "Actual Rows": 240389,
                                                                                                                                    "Actual Loops": 4,
                                                                                                                                    "Output": [
                                                                                                                                        "n.name",
                                                                                                                                        "n.id"
                                                                                                                                    ],
                                                                                                                                    "Hash Buckets": 1048576,
                                                                                                                                    "Original Hash Buckets": 1048576,
                                                                                                                                    "Hash Batches": 1,
                                                                                                                                    "Original Hash Batches": 1,
                                                                                                                                    "Peak Memory Usage": 60576,
                                                                                                                                    "Workers": [
                                                                                                                                        {
                                                                                                                                            "Worker Number": 0,
                                                                                                                                            "Actual Startup Time": 358.717,
                                                                                                                                            "Actual Total Time": 358.719,
                                                                                                                                            "Actual Rows": 238950,
                                                                                                                                            "Actual Loops": 1
                                                                                                                                        },
                                                                                                                                        {
                                                                                                                                            "Worker Number": 1,
                                                                                                                                            "Actual Startup Time": 358.758,
                                                                                                                                            "Actual Total Time": 358.759,
                                                                                                                                            "Actual Rows": 237401,
                                                                                                                                            "Actual Loops": 1
                                                                                                                                        },
                                                                                                                                        {
                                                                                                                                            "Worker Number": 2,
                                                                                                                                            "Actual Startup Time": 358.681,
                                                                                                                                            "Actual Total Time": 358.683,
                                                                                                                                            "Actual Rows": 240041,
                                                                                                                                            "Actual Loops": 1
                                                                                                                                        }
                                                                                                                                    ],
                                                                                                                                    "Plans": [
                                                                                                                                        {
                                                                                                                                            "Node Type": "Seq Scan",
                                                                                                                                            "Parent Relationship": "Outer",
                                                                                                                                            "Parallel Aware": true,
                                                                                                                                            "Relation Name": "name",
                                                                                                                                            "Schema": "public",
                                                                                                                                            "Alias": "n",
                                                                                                                                            "Startup Cost": 0.0,
                                                                                                                                            "Total Cost": 68636.68,
                                                                                                                                            "Plan Rows": 242240,
                                                                                                                                            "Plan Width": 19,
                                                                                                                                            "Actual Startup Time": 89.449,
                                                                                                                                            "Actual Total Time": 221.067,
                                                                                                                                            "Actual Rows": 240389,
                                                                                                                                            "Actual Loops": 4,
                                                                                                                                            "Output": [
                                                                                                                                                "n.name",
                                                                                                                                                "n.id"
                                                                                                                                            ],
                                                                                                                                            "Filter": "((n.gender)::text = 'f'::text)",
                                                                                                                                            "Rows Removed by Filter": 801484,
                                                                                                                                            "Workers": [
                                                                                                                                                {
                                                                                                                                                    "Worker Number": 0,
                                                                                                                                                    "Actual Startup Time": 89.415,
                                                                                                                                                    "Actual Total Time": 220.845,
                                                                                                                                                    "Actual Rows": 238950,
                                                                                                                                                    "Actual Loops": 1
                                                                                                                                                },
                                                                                                                                                {
                                                                                                                                                    "Worker Number": 1,
                                                                                                                                                    "Actual Startup Time": 89.502,
                                                                                                                                                    "Actual Total Time": 221.062,
                                                                                                                                                    "Actual Rows": 237401,
                                                                                                                                                    "Actual Loops": 1
                                                                                                                                                },
                                                                                                                                                {
                                                                                                                                                    "Worker Number": 2,
                                                                                                                                                    "Actual Startup Time": 89.446,
                                                                                                                                                    "Actual Total Time": 220.799,
                                                                                                                                                    "Actual Rows": 240041,
                                                                                                                                                    "Actual Loops": 1
                                                                                                                                                }
                                                                                                                                            ]
                                                                                                                                        }
                                                                                                                                    ]
                                                                                                                                }
                                                                                                                            ]
                                                                                                                        },
                                                                                                                        {
                                                                                                                            "Node Type": "Hash",
                                                                                                                            "Parent Relationship": "Inner",
                                                                                                                            "Parallel Aware": false,
                                                                                                                            "Startup Cost": 1.15,
                                                                                                                            "Total Cost": 1.15,
                                                                                                                            "Plan Rows": 1,
                                                                                                                            "Plan Width": 4,
                                                                                                                            "Actual Startup Time": 0.061,
                                                                                                                            "Actual Total Time": 0.063,
                                                                                                                            "Actual Rows": 1,
                                                                                                                            "Actual Loops": 4,
                                                                                                                            "Output": [
                                                                                                                                "rt.id"
                                                                                                                            ],
                                                                                                                            "Hash Buckets": 1024,
                                                                                                                            "Original Hash Buckets": 1024,
                                                                                                                            "Hash Batches": 1,
                                                                                                                            "Original Hash Batches": 1,
                                                                                                                            "Peak Memory Usage": 9,
                                                                                                                            "Workers": [
                                                                                                                                {
                                                                                                                                    "Worker Number": 0,
                                                                                                                                    "Actual Startup Time": 0.076,
                                                                                                                                    "Actual Total Time": 0.077,
                                                                                                                                    "Actual Rows": 1,
                                                                                                                                    "Actual Loops": 1
                                                                                                                                },
                                                                                                                                {
                                                                                                                                    "Worker Number": 1,
                                                                                                                                    "Actual Startup Time": 0.074,
                                                                                                                                    "Actual Total Time": 0.075,
                                                                                                                                    "Actual Rows": 1,
                                                                                                                                    "Actual Loops": 1
                                                                                                                                },
                                                                                                                                {
                                                                                                                                    "Worker Number": 2,
                                                                                                                                    "Actual Startup Time": 0.068,
                                                                                                                                    "Actual Total Time": 0.069,
                                                                                                                                    "Actual Rows": 1,
                                                                                                                                    "Actual Loops": 1
                                                                                                                                }
                                                                                                                            ],
                                                                                                                            "Plans": [
                                                                                                                                {
                                                                                                                                    "Node Type": "Seq Scan",
                                                                                                                                    "Parent Relationship": "Outer",
                                                                                                                                    "Parallel Aware": false,
                                                                                                                                    "Relation Name": "role_type",
                                                                                                                                    "Schema": "public",
                                                                                                                                    "Alias": "rt",
                                                                                                                                    "Startup Cost": 0.0,
                                                                                                                                    "Total Cost": 1.15,
                                                                                                                                    "Plan Rows": 1,
                                                                                                                                    "Plan Width": 4,
                                                                                                                                    "Actual Startup Time": 0.052,
                                                                                                                                    "Actual Total Time": 0.054,
                                                                                                                                    "Actual Rows": 1,
                                                                                                                                    "Actual Loops": 4,
                                                                                                                                    "Output": [
                                                                                                                                        "rt.id"
                                                                                                                                    ],
                                                                                                                                    "Filter": "((rt.role)::text = 'actress'::text)",
                                                                                                                                    "Rows Removed by Filter": 11,
                                                                                                                                    "Workers": [
                                                                                                                                        {
                                                                                                                                            "Worker Number": 0,
                                                                                                                                            "Actual Startup Time": 0.066,
                                                                                                                                            "Actual Total Time": 0.068,
                                                                                                                                            "Actual Rows": 1,
                                                                                                                                            "Actual Loops": 1
                                                                                                                                        },
                                                                                                                                        {
                                                                                                                                            "Worker Number": 1,
                                                                                                                                            "Actual Startup Time": 0.064,
                                                                                                                                            "Actual Total Time": 0.066,
                                                                                                                                            "Actual Rows": 1,
                                                                                                                                            "Actual Loops": 1
                                                                                                                                        },
                                                                                                                                        {
                                                                                                                                            "Worker Number": 2,
                                                                                                                                            "Actual Startup Time": 0.057,
                                                                                                                                            "Actual Total Time": 0.059,
                                                                                                                                            "Actual Rows": 1,
                                                                                                                                            "Actual Loops": 1
                                                                                                                                        }
                                                                                                                                    ]
                                                                                                                                }
                                                                                                                            ]
                                                                                                                        }
                                                                                                                    ]
                                                                                                                }
                                                                                                            ]
                                                                                                        }
                                                                                                    ]
                                                                                                }
                                                                                            ]
                                                                                        }
                                                                                    ]
                                                                                },
                                                                                {
                                                                                    "Node Type": "Hash",
                                                                                    "Parent Relationship": "Inner",
                                                                                    "Parallel Aware": true,
                                                                                    "Startup Cost": 44299.06,
                                                                                    "Total Cost": 44299.06,
                                                                                    "Plan Rows": 785106,
                                                                                    "Plan Width": 4,
                                                                                    "Actual Startup Time": 607.549,
                                                                                    "Actual Total Time": 607.55,
                                                                                    "Actual Rows": 785085,
                                                                                    "Actual Loops": 4,
                                                                                    "Output": [
                                                                                        "chn.id"
                                                                                    ],
                                                                                    "Hash Buckets": 4194304,
                                                                                    "Original Hash Buckets": 4194304,
                                                                                    "Hash Batches": 1,
                                                                                    "Original Hash Batches": 1,
                                                                                    "Peak Memory Usage": 155680,
                                                                                    "Workers": [
                                                                                        {
                                                                                            "Worker Number": 0,
                                                                                            "Actual Startup Time": 617.374,
                                                                                            "Actual Total Time": 617.374,
                                                                                            "Actual Rows": 757602,
                                                                                            "Actual Loops": 1
                                                                                        },
                                                                                        {
                                                                                            "Worker Number": 1,
                                                                                            "Actual Startup Time": 617.433,
                                                                                            "Actual Total Time": 617.434,
                                                                                            "Actual Rows": 794979,
                                                                                            "Actual Loops": 1
                                                                                        },
                                                                                        {
                                                                                            "Worker Number": 2,
                                                                                            "Actual Startup Time": 578.001,
                                                                                            "Actual Total Time": 578.002,
                                                                                            "Actual Rows": 804578,
                                                                                            "Actual Loops": 1
                                                                                        }
                                                                                    ],
                                                                                    "Plans": [
                                                                                        {
                                                                                            "Node Type": "Seq Scan",
                                                                                            "Parent Relationship": "Outer",
                                                                                            "Parallel Aware": true,
                                                                                            "Relation Name": "char_name",
                                                                                            "Schema": "public",
                                                                                            "Alias": "chn",
                                                                                            "Startup Cost": 0.0,
                                                                                            "Total Cost": 44299.06,
                                                                                            "Plan Rows": 785106,
                                                                                            "Plan Width": 4,
                                                                                            "Actual Startup Time": 0.087,
                                                                                            "Actual Total Time": 206.718,
                                                                                            "Actual Rows": 785085,
                                                                                            "Actual Loops": 4,
                                                                                            "Output": [
                                                                                                "chn.id"
                                                                                            ],
                                                                                            "Workers": [
                                                                                                {
                                                                                                    "Worker Number": 0,
                                                                                                    "Actual Startup Time": 0.135,
                                                                                                    "Actual Total Time": 206.234,
                                                                                                    "Actual Rows": 757602,
                                                                                                    "Actual Loops": 1
                                                                                                },
                                                                                                {
                                                                                                    "Worker Number": 1,
                                                                                                    "Actual Startup Time": 0.076,
                                                                                                    "Actual Total Time": 205.62,
                                                                                                    "Actual Rows": 794979,
                                                                                                    "Actual Loops": 1
                                                                                                },
                                                                                                {
                                                                                                    "Worker Number": 2,
                                                                                                    "Actual Startup Time": 0.062,
                                                                                                    "Actual Total Time": 207.607,
                                                                                                    "Actual Rows": 804578,
                                                                                                    "Actual Loops": 1
                                                                                                }
                                                                                            ]
                                                                                        }
                                                                                    ]
                                                                                }
                                                                            ]
                                                                        }
                                                                    ]
                                                                }
                                                            ]
                                                        },
                                                        {
                                                            "Node Type": "Hash",
                                                            "Parent Relationship": "Inner",
                                                            "Parallel Aware": true,
                                                            "Startup Cost": 4722.92,
                                                            "Total Cost": 4722.92,
                                                            "Plan Rows": 50248,
                                                            "Plan Width": 4,
                                                            "Actual Startup Time": 32.082,
                                                            "Actual Total Time": 32.084,
                                                            "Actual Rows": 21211,
                                                            "Actual Loops": 4,
                                                            "Output": [
                                                                "cn.id"
                                                            ],
                                                            "Hash Buckets": 131072,
                                                            "Original Hash Buckets": 131072,
                                                            "Hash Batches": 1,
                                                            "Original Hash Batches": 1,
                                                            "Peak Memory Usage": 4416,
                                                            "Workers": [
                                                                {
                                                                    "Worker Number": 0,
                                                                    "Actual Startup Time": 29.885,
                                                                    "Actual Total Time": 29.886,
                                                                    "Actual Rows": 18229,
                                                                    "Actual Loops": 1
                                                                },
                                                                {
                                                                    "Worker Number": 1,
                                                                    "Actual Startup Time": 29.877,
                                                                    "Actual Total Time": 29.878,
                                                                    "Actual Rows": 19982,
                                                                    "Actual Loops": 1
                                                                },
                                                                {
                                                                    "Worker Number": 2,
                                                                    "Actual Startup Time": 30.725,
                                                                    "Actual Total Time": 30.726,
                                                                    "Actual Rows": 19436,
                                                                    "Actual Loops": 1
                                                                }
                                                            ],
                                                            "Plans": [
                                                                {
                                                                    "Node Type": "Seq Scan",
                                                                    "Parent Relationship": "Outer",
                                                                    "Parallel Aware": true,
                                                                    "Relation Name": "company_name",
                                                                    "Schema": "public",
                                                                    "Alias": "cn",
                                                                    "Startup Cost": 0.0,
                                                                    "Total Cost": 4722.92,
                                                                    "Plan Rows": 50248,
                                                                    "Plan Width": 4,
                                                                    "Actual Startup Time": 0.056,
                                                                    "Actual Total Time": 21.708,
                                                                    "Actual Rows": 21211,
                                                                    "Actual Loops": 4,
                                                                    "Output": [
                                                                        "cn.id"
                                                                    ],
                                                                    "Filter": "((cn.country_code)::text = '[us]'::text)",
                                                                    "Rows Removed by Filter": 37538,
                                                                    "Workers": [
                                                                        {
                                                                            "Worker Number": 0,
                                                                            "Actual Startup Time": 0.062,
                                                                            "Actual Total Time": 20.211,
                                                                            "Actual Rows": 18229,
                                                                            "Actual Loops": 1
                                                                        },
                                                                        {
                                                                            "Worker Number": 1,
                                                                            "Actual Startup Time": 0.065,
                                                                            "Actual Total Time": 20.681,
                                                                            "Actual Rows": 19982,
                                                                            "Actual Loops": 1
                                                                        },
                                                                        {
                                                                            "Worker Number": 2,
                                                                            "Actual Startup Time": 0.057,
                                                                            "Actual Total Time": 20.574,
                                                                            "Actual Rows": 19436,
                                                                            "Actual Loops": 1
                                                                        }
                                                                    ]
                                                                }
                                                            ]
                                                        }
                                                    ]
                                                }
                                            ]
                                        }
                                    ]
                                }
                            ]
                        }
                    ]
                }
            ]
        },
        "Planning Time": 2203.211,
        "Triggers": [],
        "Execution Time": 6469.69
    }
]