[
  {
    "Plan": {
      "Node Type": "Aggregate",
      "Strategy": "Plain",
      "Partial Mode": "Finalize",
      "Parallel Aware": false,
      "Startup Cost": 77535.32,
      "Total Cost": 77535.33,
      "Plan Rows": 1,
      "Plan Width": 8,
      "Actual Startup Time": 336.457,
      "Actual Total Time": 353.462,
      "Actual Rows": 1,
      "Actual Loops": 1,
      "Plans": [
        {
          "Node Type": "Gather",
          "Parent Relationship": "Outer",
          "Parallel Aware": false,
          "Startup Cost": 77534.9,
          "Total Cost": 77535.31,
          "Plan Rows": 4,
          "Plan Width": 8,
          "Actual Startup Time": 333.025,
          "Actual Total Time": 353.434,
          "Actual Rows": 5,
          "Actual Loops": 1,
          "Workers Planned": 4,
          "Workers Launched": 4,
          "Single Copy": false,
          "Plans": [
            {
              "Node Type": "Aggregate",
              "Strategy": "Plain",
              "Partial Mode": "Partial",
              "Parent Relationship": "Outer",
              "Parallel Aware": false,
              "Startup Cost": 76534.9,
              "Total Cost": 76534.91,
              "Plan Rows": 1,
              "Plan Width": 8,
              "Actual Startup Time": 323.598,
              "Actual Total Time": 323.602,
              "Actual Rows": 1,
              "Actual Loops": 5,
              "Plans": [
                {
                  "Node Type": "Hash Join",
                  "Parent Relationship": "Outer",
                  "Parallel Aware": true,
                  "Join Type": "Inner",
                  "Startup Cost": 30758.46,
                  "Total Cost": 76405.07,
                  "Plan Rows": 51930,
                  "Plan Width": 0,
                  "Actual Startup Time": 134.831,
                  "Actual Total Time": 319.742,
                  "Actual Rows": 64479,
                  "Actual Loops": 5,
                  "Inner Unique": false,
                  "Hash Cond": "(t.id = mc.movie_id)",
                  "Plans": [
                    {
                      "Node Type": "Seq Scan",
                      "Parent Relationship": "Outer",
                      "Parallel Aware": true,
                      "Relation Name": "title",
                      "Alias": "t",
                      "Startup Cost": 0.0,
                      "Total Cost": 42318.73,
                      "Plan Rows": 632073,
                      "Plan Width": 4,
                      "Actual Startup Time": 0.011,
                      "Actual Total Time": 76.087,
                      "Actual Rows": 505662,
                      "Actual Loops": 5
                    },
                    {
                      "Node Type": "Hash",
                      "Parent Relationship": "Inner",
                      "Parallel Aware": true,
                      "Startup Cost": 29920.89,
                      "Total Cost": 29920.89,
                      "Plan Rows": 67006,
                      "Plan Width": 4,
                      "Actual Startup Time": 132.902,
                      "Actual Total Time": 132.903,
                      "Actual Rows": 64479,
                      "Actual Loops": 5,
                      "Hash Buckets": 524288,
                      "Original Hash Buckets": 262144,
                      "Hash Batches": 1,
                      "Original Hash Batches": 1,
                      "Peak Memory Usage": 18816,
                      "Plans": [
                        {
                          "Node Type": "Bitmap Heap Scan",
                          "Parent Relationship": "Outer",
                          "Parallel Aware": true,
                          "Relation Name": "movie_companies",
                          "Alias": "mc",
                          "Startup Cost": 9089.11,
                          "Total Cost": 29920.89,
                          "Plan Rows": 67006,
                          "Plan Width": 4,
                          "Actual Startup Time": 37.75,
                          "Actual Total Time": 93.842,
                          "Actual Rows": 64479,
                          "Actual Loops": 5,
                          "Recheck Cond": "(company_id < 297)",
                          "Rows Removed by Index Recheck": 0,
                          "Filter": "(company_type_id < 2)",
                          "Rows Removed by Filter": 19741,
                          "Exact Heap Blocks": 5233,
                          "Lossy Heap Blocks": 0,
                          "Plans": [
                            {
                              "Node Type": "Bitmap Index Scan",
                              "Parent Relationship": "Outer",
                              "Parallel Aware": false,
                              "Index Name": "company_id_movie_companies",
                              "Startup Cost": 0.0,
                              "Total Cost": 9037.18,
                              "Plan Rows": 421967,
                              "Plan Width": 0,
                              "Actual Startup Time": 35.691,
                              "Actual Total Time": 35.692,
                              "Actual Rows": 421101,
                              "Actual Loops": 1,
                              "Index Cond": "(company_id < 297)"
                            }
                          ]
                        }
                      ]
                    }
                  ]
                }
              ]
            }
          ]
        }
      ]
    },
    "Planning Time": 0.642,
    "Triggers": [],
    "Execution Time": 353.557
  }
]