[
    {
        "Bao": {
            "Bao prediction": 462.532,
            "Bao recommended hint": "SET enable_mergejoin TO off; SET enable_indexscan TO off; "
        }
    },
    {
        "Plan": {
            "Node Type": "Aggregate",
            "Strategy": "Plain",
            "Partial Mode": "Finalize",
            "Parallel Aware": false,
            "Startup Cost": 346927.78,
            "Total Cost": 346927.79,
            "Plan Rows": 1,
            "Plan Width": 8,
            "Actual Startup Time": 920.475,
            "Actual Total Time": 954.858,
            "Actual Rows": 1,
            "Actual Loops": 1,
            "Output": [
                "count(*)"
            ],
            "Plans": [
                {
                    "Node Type": "Gather",
                    "Parent Relationship": "Outer",
                    "Parallel Aware": false,
                    "Startup Cost": 346927.16,
                    "Total Cost": 346927.77,
                    "Plan Rows": 6,
                    "Plan Width": 8,
                    "Actual Startup Time": 920.398,
                    "Actual Total Time": 954.848,
                    "Actual Rows": 7,
                    "Actual Loops": 1,
                    "Output": [
                        "(PARTIAL count(*))"
                    ],
                    "Workers Planned": 6,
                    "Workers Launched": 6,
                    "Single Copy": false,
                    "Plans": [
                        {
                            "Node Type": "Aggregate",
                            "Strategy": "Plain",
                            "Partial Mode": "Partial",
                            "Parent Relationship": "Outer",
                            "Parallel Aware": false,
                            "Startup Cost": 345927.16,
                            "Total Cost": 345927.17,
                            "Plan Rows": 1,
                            "Plan Width": 8,
                            "Actual Startup Time": 911.082,
                            "Actual Total Time": 911.083,
                            "Actual Rows": 1,
                            "Actual Loops": 7,
                            "Output": [
                                "PARTIAL count(*)"
                            ],
                            "Workers": [
                                {
                                    "Worker Number": 0,
                                    "Actual Startup Time": 909.076,
                                    "Actual Total Time": 909.077,
                                    "Actual Rows": 1,
                                    "Actual Loops": 1
                                },
                                {
                                    "Worker Number": 1,
                                    "Actual Startup Time": 909.173,
                                    "Actual Total Time": 909.173,
                                    "Actual Rows": 1,
                                    "Actual Loops": 1
                                },
                                {
                                    "Worker Number": 2,
                                    "Actual Startup Time": 909.775,
                                    "Actual Total Time": 909.776,
                                    "Actual Rows": 1,
                                    "Actual Loops": 1
                                },
                                {
                                    "Worker Number": 3,
                                    "Actual Startup Time": 909.808,
                                    "Actual Total Time": 909.808,
                                    "Actual Rows": 1,
                                    "Actual Loops": 1
                                },
                                {
                                    "Worker Number": 4,
                                    "Actual Startup Time": 909.9,
                                    "Actual Total Time": 909.901,
                                    "Actual Rows": 1,
                                    "Actual Loops": 1
                                },
                                {
                                    "Worker Number": 5,
                                    "Actual Startup Time": 910.235,
                                    "Actual Total Time": 910.236,
                                    "Actual Rows": 1,
                                    "Actual Loops": 1
                                }
                            ],
                            "Plans": [
                                {
                                    "Node Type": "Seq Scan",
                                    "Parent Relationship": "Outer",
                                    "Parallel Aware": true,
                                    "Relation Name": "cast_info",
                                    "Schema": "public",
                                    "Alias": "ci",
                                    "Startup Cost": 0.0,
                                    "Total Cost": 343318.94,
                                    "Plan Rows": 1043287,
                                    "Plan Width": 0,
                                    "Actual Startup Time": 527.523,
                                    "Actual Total Time": 830.483,
                                    "Actual Rows": 1231909,
                                    "Actual Loops": 7,
                                    "Output": [
                                        "id",
                                        "person_id",
                                        "movie_id",
                                        "person_role_id",
                                        "note",
                                        "nr_order",
                                        "role_id"
                                    ],
                                    "Filter": "((ci.person_id > 1705817) AND (ci.role_id > 3))",
                                    "Rows Removed by Filter": 3945855,
                                    "Workers": [
                                        {
                                            "Worker Number": 0,
                                            "Actual Startup Time": 525.509,
                                            "Actual Total Time": 830.124,
                                            "Actual Rows": 1188851,
                                            "Actual Loops": 1
                                        },
                                        {
                                            "Worker Number": 1,
                                            "Actual Startup Time": 525.621,
                                            "Actual Total Time": 829.869,
                                            "Actual Rows": 1193082,
                                            "Actual Loops": 1
                                        },
                                        {
                                            "Worker Number": 2,
                                            "Actual Startup Time": 526.21,
                                            "Actual Total Time": 830.226,
                                            "Actual Rows": 1195608,
                                            "Actual Loops": 1
                                        },
                                        {
                                            "Worker Number": 3,
                                            "Actual Startup Time": 526.242,
                                            "Actual Total Time": 831.075,
                                            "Actual Rows": 1184476,
                                            "Actual Loops": 1
                                        },
                                        {
                                            "Worker Number": 4,
                                            "Actual Startup Time": 526.347,
                                            "Actual Total Time": 830.864,
                                            "Actual Rows": 1185884,
                                            "Actual Loops": 1
                                        },
                                        {
                                            "Worker Number": 5,
                                            "Actual Startup Time": 526.691,
                                            "Actual Total Time": 831.044,
                                            "Actual Rows": 1190319,
                                            "Actual Loops": 1
                                        }
                                    ]
                                }
                            ]
                        }
                    ]
                }
            ]
        },
        "Planning Time": 483.128,
        "Triggers": [],
        "Execution Time": 954.941
    }
]