[
  {
    "Plan": {
      "Node Type": "Aggregate",
      "Strategy": "Plain",
      "Partial Mode": "Finalize",
      "Parallel Aware": false,
      "Startup Cost": 64487.11,
      "Total Cost": 64487.12,
      "Plan Rows": 1,
      "Plan Width": 8,
      "Actual Startup Time": 369.741,
      "Actual Total Time": 378.56,
      "Actual Rows": 1,
      "Actual Loops": 1,
      "Plans": [
        {
          "Node Type": "Gather",
          "Parent Relationship": "Outer",
          "Parallel Aware": false,
          "Startup Cost": 64486.9,
          "Total Cost": 64487.11,
          "Plan Rows": 2,
          "Plan Width": 8,
          "Actual Startup Time": 364.412,
          "Actual Total Time": 378.553,
          "Actual Rows": 3,
          "Actual Loops": 1,
          "Workers Planned": 2,
          "Workers Launched": 2,
          "Single Copy": false,
          "Plans": [
            {
              "Node Type": "Aggregate",
              "Strategy": "Plain",
              "Partial Mode": "Partial",
              "Parent Relationship": "Outer",
              "Parallel Aware": false,
              "Startup Cost": 63486.9,
              "Total Cost": 63486.91,
              "Plan Rows": 1,
              "Plan Width": 8,
              "Actual Startup Time": 359.856,
              "Actual Total Time": 359.859,
              "Actual Rows": 1,
              "Actual Loops": 3,
              "Plans": [
                {
                  "Node Type": "Hash Join",
                  "Parent Relationship": "Outer",
                  "Parallel Aware": true,
                  "Join Type": "Inner",
                  "Startup Cost": 47616.04,
                  "Total Cost": 62810.6,
                  "Plan Rows": 270517,
                  "Plan Width": 0,
                  "Actual Startup Time": 239.734,
                  "Actual Total Time": 352.29,
                  "Actual Rows": 179908,
                  "Actual Loops": 3,
                  "Inner Unique": true,
                  "Hash Cond": "(mi_idx.movie_id = t.id)",
                  "Plans": [
                    {
                      "Node Type": "Seq Scan",
                      "Parent Relationship": "Outer",
                      "Parallel Aware": true,
                      "Relation Name": "movie_info_idx",
                      "Alias": "mi_idx",
                      "Startup Cost": 0.0,
                      "Total Cost": 13685.15,
                      "Plan Rows": 575015,
                      "Plan Width": 4,
                      "Actual Startup Time": 0.016,
                      "Actual Total Time": 35.121,
                      "Actual Rows": 460012,
                      "Actual Loops": 3
                    },
                    {
                      "Node Type": "Hash",
                      "Parent Relationship": "Inner",
                      "Parallel Aware": true,
                      "Startup Cost": 43899.01,
                      "Total Cost": 43899.01,
                      "Plan Rows": 297363,
                      "Plan Width": 4,
                      "Actual Startup Time": 234.617,
                      "Actual Total Time": 234.618,
                      "Actual Rows": 397506,
                      "Actual Loops": 3,
                      "Hash Buckets": 2097152,
                      "Original Hash Buckets": 2097152,
                      "Hash Batches": 1,
                      "Original Hash Batches": 1,
                      "Peak Memory Usage": 63072,
                      "Plans": [
                        {
                          "Node Type": "Seq Scan",
                          "Parent Relationship": "Outer",
                          "Parallel Aware": true,
                          "Relation Name": "title",
                          "Alias": "t",
                          "Startup Cost": 0.0,
                          "Total Cost": 43899.01,
                          "Plan Rows": 297363,
                          "Plan Width": 4,
                          "Actual Startup Time": 0.024,
                          "Actual Total Time": 114.363,
                          "Actual Rows": 397506,
                          "Actual Loops": 3,
                          "Filter": "(production_year > 2003)",
                          "Rows Removed by Filter": 445265
                        }
                      ]
                    }
                  ]
                }
              ]
            }
          ]
        }
      ]
    },
    "Planning Time": 0.134,
    "Triggers": [],
    "Execution Time": 378.583
  }
]