[
  {
    "Plan": {
      "Node Type": "Aggregate",
      "Strategy": "Plain",
      "Partial Mode": "Finalize",
      "Parallel Aware": false,
      "Startup Cost": 33351.73,
      "Total Cost": 33351.74,
      "Plan Rows": 1,
      "Plan Width": 8,
      "Actual Startup Time": 98.223,
      "Actual Total Time": 104.797,
      "Actual Rows": 1,
      "Actual Loops": 1,
      "Plans": [
        {
          "Node Type": "Gather",
          "Parent Relationship": "Outer",
          "Parallel Aware": false,
          "Startup Cost": 33351.41,
          "Total Cost": 33351.72,
          "Plan Rows": 3,
          "Plan Width": 8,
          "Actual Startup Time": 98.019,
          "Actual Total Time": 104.791,
          "Actual Rows": 4,
          "Actual Loops": 1,
          "Workers Planned": 3,
          "Workers Launched": 3,
          "Single Copy": false,
          "Plans": [
            {
              "Node Type": "Aggregate",
              "Strategy": "Plain",
              "Partial Mode": "Partial",
              "Parent Relationship": "Outer",
              "Parallel Aware": false,
              "Startup Cost": 32351.41,
              "Total Cost": 32351.42,
              "Plan Rows": 1,
              "Plan Width": 8,
              "Actual Startup Time": 89.769,
              "Actual Total Time": 89.77,
              "Actual Rows": 1,
              "Actual Loops": 4,
              "Plans": [
                {
                  "Node Type": "Seq Scan",
                  "Parent Relationship": "Outer",
                  "Parallel Aware": true,
                  "Relation Name": "movie_companies",
                  "Alias": "mc",
                  "Startup Cost": 0.0,
                  "Total Cost": 31414.82,
                  "Plan Rows": 374636,
                  "Plan Width": 0,
                  "Actual Startup Time": 44.676,
                  "Actual Total Time": 79.838,
                  "Actual Rows": 252378,
                  "Actual Loops": 4,
                  "Filter": "((company_id < 91400) AND (company_type_id = 2))",
                  "Rows Removed by Filter": 399905
                }
              ]
            }
          ]
        }
      ]
    },
    "Planning Time": 0.144,
    "Triggers": [],
    "Execution Time": 104.845
  }
]