[
  {
    "Plan": {
      "Node Type": "Aggregate",
      "Strategy": "Plain",
      "Partial Mode": "Finalize",
      "Parallel Aware": false,
      "Startup Cost": 390141.79,
      "Total Cost": 390141.8,
      "Plan Rows": 1,
      "Plan Width": 8,
      "Actual Startup Time": 1662.386,
      "Actual Total Time": 1723.417,
      "Actual Rows": 1,
      "Actual Loops": 1,
      "Plans": [
        {
          "Node Type": "Gather",
          "Parent Relationship": "Outer",
          "Parallel Aware": false,
          "Startup Cost": 390141.16,
          "Total Cost": 390141.77,
          "Plan Rows": 6,
          "Plan Width": 8,
          "Actual Startup Time": 1652.971,
          "Actual Total Time": 1723.405,
          "Actual Rows": 7,
          "Actual Loops": 1,
          "Workers Planned": 6,
          "Workers Launched": 6,
          "Single Copy": false,
          "Plans": [
            {
              "Node Type": "Aggregate",
              "Strategy": "Plain",
              "Partial Mode": "Partial",
              "Parent Relationship": "Outer",
              "Parallel Aware": false,
              "Startup Cost": 389141.16,
              "Total Cost": 389141.17,
              "Plan Rows": 1,
              "Plan Width": 8,
              "Actual Startup Time": 1638.377,
              "Actual Total Time": 1638.382,
              "Actual Rows": 1,
              "Actual Loops": 7,
              "Plans": [
                {
                  "Node Type": "Hash Join",
                  "Parent Relationship": "Outer",
                  "Parallel Aware": true,
                  "Join Type": "Inner",
                  "Startup Cost": 47403.32,
                  "Total Cost": 385109.5,
                  "Plan Rows": 1612665,
                  "Plan Width": 0,
                  "Actual Startup Time": 304.047,
                  "Actual Total Time": 1585.884,
                  "Actual Rows": 1216670,
                  "Actual Loops": 7,
                  "Inner Unique": true,
                  "Hash Cond": "(ci.movie_id = t.id)",
                  "Plans": [
                    {
                      "Node Type": "Seq Scan",
                      "Parent Relationship": "Outer",
                      "Parallel Aware": true,
                      "Relation Name": "cast_info",
                      "Alias": "ci",
                      "Startup Cost": 0.0,
                      "Total Cost": 328162.03,
                      "Plan Rows": 3635866,
                      "Plan Width": 4,
                      "Actual Startup Time": 139.221,
                      "Actual Total Time": 582.202,
                      "Actual Rows": 3118952,
                      "Actual Loops": 7,
                      "Filter": "(person_id > 1419405)",
                      "Rows Removed by Filter": 2058811
                    },
                    {
                      "Node Type": "Hash",
                      "Parent Relationship": "Inner",
                      "Parallel Aware": true,
                      "Startup Cost": 43898.92,
                      "Total Cost": 43898.92,
                      "Plan Rows": 280352,
                      "Plan Width": 4,
                      "Actual Startup Time": 159.865,
                      "Actual Total Time": 159.867,
                      "Actual Rows": 161908,
                      "Actual Loops": 7,
                      "Hash Buckets": 2097152,
                      "Original Hash Buckets": 2097152,
                      "Hash Batches": 1,
                      "Original Hash Batches": 1,
                      "Peak Memory Usage": 60832,
                      "Plans": [
                        {
                          "Node Type": "Seq Scan",
                          "Parent Relationship": "Outer",
                          "Parallel Aware": true,
                          "Relation Name": "title",
                          "Alias": "t",
                          "Startup Cost": 0.0,
                          "Total Cost": 43898.92,
                          "Plan Rows": 280352,
                          "Plan Width": 4,
                          "Actual Startup Time": 0.044,
                          "Actual Total Time": 78.491,
                          "Actual Rows": 161908,
                          "Actual Loops": 7,
                          "Filter": "(production_year < 2002)",
                          "Rows Removed by Filter": 199280
                        }
                      ]
                    }
                  ]
                }
              ]
            }
          ]
        }
      ]
    },
    "Planning Time": 0.603,
    "Triggers": [],
    "Execution Time": 1723.494
  }
]