[
  {
    "Plan": {
      "Node Type": "Aggregate",
      "Strategy": "Plain",
      "Partial Mode": "Finalize",
      "Parallel Aware": false,
      "Startup Cost": 46546.23,
      "Total Cost": 46546.24,
      "Plan Rows": 1,
      "Plan Width": 8,
      "Actual Startup Time": 171.881,
      "Actual Total Time": 183.208,
      "Actual Rows": 1,
      "Actual Loops": 1,
      "Plans": [
        {
          "Node Type": "Gather",
          "Parent Relationship": "Outer",
          "Parallel Aware": false,
          "Startup Cost": 46545.91,
          "Total Cost": 46546.22,
          "Plan Rows": 3,
          "Plan Width": 8,
          "Actual Startup Time": 171.682,
          "Actual Total Time": 183.199,
          "Actual Rows": 4,
          "Actual Loops": 1,
          "Workers Planned": 3,
          "Workers Launched": 3,
          "Single Copy": false,
          "Plans": [
            {
              "Node Type": "Aggregate",
              "Strategy": "Plain",
              "Partial Mode": "Partial",
              "Parent Relationship": "Outer",
              "Parallel Aware": false,
              "Startup Cost": 45545.91,
              "Total Cost": 45545.92,
              "Plan Rows": 1,
              "Plan Width": 8,
              "Actual Startup Time": 166.652,
              "Actual Total Time": 166.654,
              "Actual Rows": 1,
              "Actual Loops": 4,
              "Plans": [
                {
                  "Node Type": "Seq Scan",
                  "Parent Relationship": "Outer",
                  "Parallel Aware": true,
                  "Relation Name": "movie_keyword",
                  "Alias": "mk",
                  "Startup Cost": 0.0,
                  "Total Cost": 42695.65,
                  "Plan Rows": 1140104,
                  "Plan Width": 0,
                  "Actual Startup Time": 0.038,
                  "Actual Total Time": 124.348,
                  "Actual Rows": 884572,
                  "Actual Loops": 4,
                  "Filter": "(keyword_id < 18764)",
                  "Rows Removed by Filter": 246410
                }
              ]
            }
          ]
        }
      ]
    },
    "Planning Time": 0.094,
    "Triggers": [],
    "Execution Time": 183.241
  }
]