[
  {
    "Plan": {
      "Node Type": "Aggregate",
      "Strategy": "Plain",
      "Partial Mode": "Finalize",
      "Parallel Aware": false,
      "Startup Cost": 46534.76,
      "Total Cost": 46534.77,
      "Plan Rows": 1,
      "Plan Width": 8,
      "Actual Startup Time": 186.799,
      "Actual Total Time": 196.958,
      "Actual Rows": 1,
      "Actual Loops": 1,
      "Plans": [
        {
          "Node Type": "Gather",
          "Parent Relationship": "Outer",
          "Parallel Aware": false,
          "Startup Cost": 46534.45,
          "Total Cost": 46534.76,
          "Plan Rows": 3,
          "Plan Width": 8,
          "Actual Startup Time": 186.673,
          "Actual Total Time": 196.939,
          "Actual Rows": 4,
          "Actual Loops": 1,
          "Workers Planned": 3,
          "Workers Launched": 3,
          "Single Copy": false,
          "Plans": [
            {
              "Node Type": "Aggregate",
              "Strategy": "Plain",
              "Partial Mode": "Partial",
              "Parent Relationship": "Outer",
              "Parallel Aware": false,
              "Startup Cost": 45534.45,
              "Total Cost": 45534.46,
              "Plan Rows": 1,
              "Plan Width": 8,
              "Actual Startup Time": 177.865,
              "Actual Total Time": 177.867,
              "Actual Rows": 1,
              "Actual Loops": 4,
              "Plans": [
                {
                  "Node Type": "Seq Scan",
                  "Parent Relationship": "Outer",
                  "Parallel Aware": true,
                  "Relation Name": "movie_keyword",
                  "Alias": "mk",
                  "Startup Cost": 0.0,
                  "Total Cost": 42695.65,
                  "Plan Rows": 1135517,
                  "Plan Width": 0,
                  "Actual Startup Time": 0.057,
                  "Actual Total Time": 133.669,
                  "Actual Rows": 879504,
                  "Actual Loops": 4,
                  "Filter": "(keyword_id < 18305)",
                  "Rows Removed by Filter": 251478
                }
              ]
            }
          ]
        }
      ]
    },
    "Planning Time": 0.155,
    "Triggers": [],
    "Execution Time": 197.008
  }
]