[
  {
    "Plan": {
      "Node Type": "Aggregate",
      "Strategy": "Plain",
      "Partial Mode": "Simple",
      "Parallel Aware": false,
      "Startup Cost": 65586.86,
      "Total Cost": 65586.87,
      "Plan Rows": 1,
      "Plan Width": 64,
      "Actual Startup Time": 2592.538,
      "Actual Total Time": 2592.544,
      "Actual Rows": 1,
      "Actual Loops": 1,
      "Output": [
        "min(mi.info)",
        "min(t.title)"
      ],
      "Plans": [
        {
          "Node Type": "Nested Loop",
          "Parent Relationship": "Outer",
          "Parallel Aware": false,
          "Join Type": "Inner",
          "Startup Cost": 2.56,
          "Total Cost": 65586.8,
          "Plan Rows": 12,
          "Plan Width": 61,
          "Actual Startup Time": 359.805,
          "Actual Total Time": 2592.46,
          "Actual Rows": 199,
          "Actual Loops": 1,
          "Output": [
            "mi.info",
            "t.title"
          ],
          "Inner Unique": true,
          "Plans": [
            {
              "Node Type": "Nested Loop",
              "Parent Relationship": "Outer",
              "Parallel Aware": false,
              "Join Type": "Inner",
              "Startup Cost": 2.14,
              "Total Cost": 65581.53,
              "Plan Rows": 12,
              "Plan Width": 65,
              "Actual Startup Time": 359.726,
              "Actual Total Time": 2590.558,
              "Actual Rows": 199,
              "Actual Loops": 1,
              "Output": [
                "mi.info",
                "mk.keyword_id",
                "t.title"
              ],
              "Inner Unique": false,
              "Plans": [
                {
                  "Node Type": "Nested Loop",
                  "Parent Relationship": "Outer",
                  "Parallel Aware": false,
                  "Join Type": "Inner",
                  "Startup Cost": 1.71,
                  "Total Cost": 65579.66,
                  "Plan Rows": 1,
                  "Plan Width": 77,
                  "Actual Startup Time": 58.213,
                  "Actual Total Time": 2589.528,
                  "Actual Rows": 30,
                  "Actual Loops": 1,
                  "Output": [
                    "at.movie_id",
                    "mc.movie_id",
                    "mi.info",
                    "mi.movie_id",
                    "t.title",
                    "t.id"
                  ],
                  "Inner Unique": true,
                  "Plans": [
                    {
                      "Node Type": "Nested Loop",
                      "Parent Relationship": "Outer",
                      "Parallel Aware": false,
                      "Join Type": "Inner",
                      "Startup Cost": 1.28,
                      "Total Cost": 65578.71,
                      "Plan Rows": 1,
                      "Plan Width": 56,
                      "Actual Startup Time": 58.104,
                      "Actual Total Time": 2587.444,
                      "Actual Rows": 71,
                      "Actual Loops": 1,
                      "Output": [
                        "at.movie_id",
                        "mc.movie_id",
                        "mi.info",
                        "mi.movie_id"
                      ],
                      "Inner Unique": true,
                      "Plans": [
                        {
                          "Node Type": "Nested Loop",
                          "Parent Relationship": "Outer",
                          "Parallel Aware": false,
                          "Join Type": "Inner",
                          "Startup Cost": 0.86,
                          "Total Cost": 65577.03,
                          "Plan Rows": 1,
                          "Plan Width": 60,
                          "Actual Startup Time": 58.035,
                          "Actual Total Time": 2585.535,
                          "Actual Rows": 76,
                          "Actual Loops": 1,
                          "Output": [
                            "at.movie_id",
                            "mc.movie_id",
                            "mc.company_id",
                            "mi.info",
                            "mi.movie_id"
                          ],
                          "Inner Unique": false,
                          "Join Filter": "(mi.movie_id = at.movie_id)",
                          "Rows Removed by Join Filter": 0,
                          "Plans": [
                            {
                              "Node Type": "Nested Loop",
                              "Parent Relationship": "Outer",
                              "Parallel Aware": false,
                              "Join Type": "Inner",
                              "Startup Cost": 0.43,
                              "Total Cost": 65574.14,
                              "Plan Rows": 1,
                              "Plan Width": 56,
                              "Actual Startup Time": 1.937,
                              "Actual Total Time": 2576.347,
                              "Actual Rows": 699,
                              "Actual Loops": 1,
                              "Output": [
                                "mc.movie_id",
                                "mc.company_id",
                                "mi.info",
                                "mi.movie_id"
                              ],
                              "Inner Unique": false,
                              "Join Filter": "(mi.info_type_id = it1.id)",
                              "Rows Removed by Join Filter": 0,
                              "Plans": [
                                {
                                  "Node Type": "Seq Scan",
                                  "Parent Relationship": "Outer",
                                  "Parallel Aware": false,
                                  "Relation Name": "info_type",
                                  "Schema": "public",
                                  "Alias": "it1",
                                  "Startup Cost": 0.0,
                                  "Total Cost": 2.41,
                                  "Plan Rows": 1,
                                  "Plan Width": 4,
                                  "Actual Startup Time": 0.034,
                                  "Actual Total Time": 0.042,
                                  "Actual Rows": 1,
                                  "Actual Loops": 1,
                                  "Output": [
                                    "it1.id",
                                    "it1.info"
                                  ],
                                  "Filter": "((it1.info)::text = 'release dates'::text)",
                                  "Rows Removed by Filter": 112
                                },
                                {
                                  "Node Type": "Nested Loop",
                                  "Parent Relationship": "Inner",
                                  "Parallel Aware": false,
                                  "Join Type": "Inner",
                                  "Startup Cost": 0.43,
                                  "Total Cost": 65571.55,
                                  "Plan Rows": 14,
                                  "Plan Width": 60,
                                  "Actual Startup Time": 1.899,
                                  "Actual Total Time": 2576.0,
                                  "Actual Rows": 699,
                                  "Actual Loops": 1,
                                  "Output": [
                                    "mc.movie_id",
                                    "mc.company_id",
                                    "mi.info",
                                    "mi.movie_id",
                                    "mi.info_type_id"
                                  ],
                                  "Inner Unique": false,
                                  "Plans": [
                                    {
                                      "Node Type": "Nested Loop",
                                      "Parent Relationship": "Outer",
                                      "Parallel Aware": false,
                                      "Join Type": "Inner",
                                      "Startup Cost": 0.0,
                                      "Total Cost": 58565.95,
                                      "Plan Rows": 125,
                                      "Plan Width": 8,
                                      "Actual Startup Time": 0.064,
                                      "Actual Total Time": 647.46,
                                      "Actual Rows": 61664,
                                      "Actual Loops": 1,
                                      "Output": [
                                        "mc.movie_id",
                                        "mc.company_id"
                                      ],
                                      "Inner Unique": true,
                                      "Join Filter": "(ct.id = mc.company_type_id)",
                                      "Rows Removed by Join Filter": 2,
                                      "Plans": [
                                        {
                                          "Node Type": "Seq Scan",
                                          "Parent Relationship": "Outer",
                                          "Parallel Aware": false,
                                          "Relation Name": "movie_companies",
                                          "Schema": "public",
                                          "Alias": "mc",
                                          "Startup Cost": 0.0,
                                          "Total Cost": 57926.93,
                                          "Plan Rows": 12509,
                                          "Plan Width": 12,
                                          "Actual Startup Time": 0.041,
                                          "Actual Total Time": 621.572,
                                          "Actual Rows": 61664,
                                          "Actual Loops": 1,
                                          "Output": [
                                            "mc.id",
                                            "mc.movie_id",
                                            "mc.company_id",
                                            "mc.company_type_id",
                                            "mc.note"
                                          ],
                                          "Filter": "((mc.note ~~ '%(200%)%'::text) AND (mc.note ~~ '%(worldwide)%'::text))",
                                          "Rows Removed by Filter": 2547465
                                        },
                                        {
                                          "Node Type": "Materialize",
                                          "Parent Relationship": "Inner",
                                          "Parallel Aware": false,
                                          "Startup Cost": 0.0,
                                          "Total Cost": 1.06,
                                          "Plan Rows": 4,
                                          "Plan Width": 4,
                                          "Actual Startup Time": 0.0,
                                          "Actual Total Time": 0.0,
                                          "Actual Rows": 1,
                                          "Actual Loops": 61664,
                                          "Output": [
                                            "ct.id"
                                          ],
                                          "Plans": [
                                            {
                                              "Node Type": "Seq Scan",
                                              "Parent Relationship": "Outer",
                                              "Parallel Aware": false,
                                              "Relation Name": "company_type",
                                              "Schema": "public",
                                              "Alias": "ct",
                                              "Startup Cost": 0.0,
                                              "Total Cost": 1.04,
                                              "Plan Rows": 4,
                                              "Plan Width": 4,
                                              "Actual Startup Time": 0.012,
                                              "Actual Total Time": 0.013,
                                              "Actual Rows": 2,
                                              "Actual Loops": 1,
                                              "Output": [
                                                "ct.id"
                                              ]
                                            }
                                          ]
                                        }
                                      ]
                                    },
                                    {
                                      "Node Type": "Index Scan",
                                      "Parent Relationship": "Inner",
                                      "Parallel Aware": false,
                                      "Scan Direction": "Forward",
                                      "Index Name": "movie_id_movie_info",
                                      "Relation Name": "movie_info",
                                      "Schema": "public",
                                      "Alias": "mi",
                                      "Startup Cost": 0.43,
                                      "Total Cost": 56.03,
                                      "Plan Rows": 1,
                                      "Plan Width": 52,
                                      "Actual Startup Time": 0.031,
                                      "Actual Total Time": 0.031,
                                      "Actual Rows": 0,
                                      "Actual Loops": 61664,
                                      "Output": [
                                        "mi.id",
                                        "mi.movie_id",
                                        "mi.info_type_id",
                                        "mi.info",
                                        "mi.note"
                                      ],
                                      "Index Cond": "(mi.movie_id = mc.movie_id)",
                                      "Rows Removed by Index Recheck": 0,
                                      "Filter": "((mi.note ~~ '%internet%'::text) AND (mi.info ~~ 'USA:% 200%'::text))",
                                      "Rows Removed by Filter": 13
                                    }
                                  ]
                                }
                              ]
                            },
                            {
                              "Node Type": "Index Only Scan",
                              "Parent Relationship": "Inner",
                              "Parallel Aware": false,
                              "Scan Direction": "Forward",
                              "Index Name": "movie_id_aka_title",
                              "Relation Name": "aka_title",
                              "Schema": "public",
                              "Alias": "at",
                              "Startup Cost": 0.42,
                              "Total Cost": 2.86,
                              "Plan Rows": 3,
                              "Plan Width": 4,
                              "Actual Startup Time": 0.012,
                              "Actual Total Time": 0.012,
                              "Actual Rows": 0,
                              "Actual Loops": 699,
                              "Output": [
                                "at.movie_id"
                              ],
                              "Index Cond": "(at.movie_id = mc.movie_id)",
                              "Rows Removed by Index Recheck": 0,
                              "Heap Fetches": 76
                            }
                          ]
                        },
                        {
                          "Node Type": "Index Scan",
                          "Parent Relationship": "Inner",
                          "Parallel Aware": false,
                          "Scan Direction": "Forward",
                          "Index Name": "company_name_pkey",
                          "Relation Name": "company_name",
                          "Schema": "public",
                          "Alias": "cn",
                          "Startup Cost": 0.42,
                          "Total Cost": 1.68,
                          "Plan Rows": 1,
                          "Plan Width": 4,
                          "Actual Startup Time": 0.024,
                          "Actual Total Time": 0.024,
                          "Actual Rows": 1,
                          "Actual Loops": 76,
                          "Output": [
                            "cn.id",
                            "cn.name",
                            "cn.country_code",
                            "cn.imdb_id",
                            "cn.name_pcode_nf",
                            "cn.name_pcode_sf",
                            "cn.md5sum"
                          ],
                          "Index Cond": "(cn.id = mc.company_id)",
                          "Rows Removed by Index Recheck": 0,
                          "Filter": "((cn.country_code)::text = '[us]'::text)",
                          "Rows Removed by Filter": 0
                        }
                      ]
                    },
                    {
                      "Node Type": "Index Scan",
                      "Parent Relationship": "Inner",
                      "Parallel Aware": false,
                      "Scan Direction": "Forward",
                      "Index Name": "title_pkey",
                      "Relation Name": "title",
                      "Schema": "public",
                      "Alias": "t",
                      "Startup Cost": 0.43,
                      "Total Cost": 0.95,
                      "Plan Rows": 1,
                      "Plan Width": 21,
                      "Actual Startup Time": 0.028,
                      "Actual Total Time": 0.028,
                      "Actual Rows": 0,
                      "Actual Loops": 71,
                      "Output": [
                        "t.id",
                        "t.title",
                        "t.imdb_index",
                        "t.kind_id",
                        "t.production_year",
                        "t.imdb_id",
                        "t.phonetic_code",
                        "t.episode_of_id",
                        "t.season_nr",
                        "t.episode_nr",
                        "t.series_years",
                        "t.md5sum"
                      ],
                      "Index Cond": "(t.id = at.movie_id)",
                      "Rows Removed by Index Recheck": 0,
                      "Filter": "(t.production_year > 2006)",
                      "Rows Removed by Filter": 1
                    }
                  ]
                },
                {
                  "Node Type": "Index Scan",
                  "Parent Relationship": "Inner",
                  "Parallel Aware": false,
                  "Scan Direction": "Forward",
                  "Index Name": "movie_id_movie_keyword",
                  "Relation Name": "movie_keyword",
                  "Schema": "public",
                  "Alias": "mk",
                  "Startup Cost": 0.43,
                  "Total Cost": 1.42,
                  "Plan Rows": 45,
                  "Plan Width": 8,
                  "Actual Startup Time": 0.031,
                  "Actual Total Time": 0.032,
                  "Actual Rows": 7,
                  "Actual Loops": 30,
                  "Output": [
                    "mk.id",
                    "mk.movie_id",
                    "mk.keyword_id"
                  ],
                  "Index Cond": "(mk.movie_id = t.id)",
                  "Rows Removed by Index Recheck": 0
                }
              ]
            },
            {
              "Node Type": "Index Only Scan",
              "Parent Relationship": "Inner",
              "Parallel Aware": false,
              "Scan Direction": "Forward",
              "Index Name": "keyword_pkey",
              "Relation Name": "keyword",
              "Schema": "public",
              "Alias": "k",
              "Startup Cost": 0.42,
              "Total Cost": 0.44,
              "Plan Rows": 1,
              "Plan Width": 4,
              "Actual Startup Time": 0.009,
              "Actual Total Time": 0.009,
              "Actual Rows": 1,
              "Actual Loops": 199,
              "Output": [
                "k.id"
              ],
              "Index Cond": "(k.id = mk.keyword_id)",
              "Rows Removed by Index Recheck": 0,
              "Heap Fetches": 199
            }
          ]
        }
      ]
    },
    "Planning Time": 92478.663,
    "Triggers": [],
    "Execution Time": 2592.907
  }
]