[
  {
    "Plan": {
      "Node Type": "Aggregate",
      "Strategy": "Plain",
      "Partial Mode": "Finalize",
      "Parallel Aware": false,
      "Startup Cost": 345201.63,
      "Total Cost": 345201.64,
      "Plan Rows": 1,
      "Plan Width": 8,
      "Actual Startup Time": 239.806,
      "Actual Total Time": 255.753,
      "Actual Rows": 1,
      "Actual Loops": 1,
      "Plans": [
        {
          "Node Type": "Gather",
          "Parent Relationship": "Outer",
          "Parallel Aware": false,
          "Startup Cost": 345201.0,
          "Total Cost": 345201.61,
          "Plan Rows": 6,
          "Plan Width": 8,
          "Actual Startup Time": 238.521,
          "Actual Total Time": 255.746,
          "Actual Rows": 7,
          "Actual Loops": 1,
          "Workers Planned": 6,
          "Workers Launched": 6,
          "Single Copy": false,
          "Plans": [
            {
              "Node Type": "Aggregate",
              "Strategy": "Plain",
              "Partial Mode": "Partial",
              "Parent Relationship": "Outer",
              "Parallel Aware": false,
              "Startup Cost": 344201.0,
              "Total Cost": 344201.01,
              "Plan Rows": 1,
              "Plan Width": 8,
              "Actual Startup Time": 227.195,
              "Actual Total Time": 227.198,
              "Actual Rows": 1,
              "Actual Loops": 7,
              "Plans": [
                {
                  "Node Type": "Hash Join",
                  "Parent Relationship": "Outer",
                  "Parallel Aware": true,
                  "Join Type": "Inner",
                  "Startup Cost": 86349.31,
                  "Total Cost": 344188.39,
                  "Plan Rows": 5044,
                  "Plan Width": 0,
                  "Actual Startup Time": 192.107,
                  "Actual Total Time": 227.033,
                  "Actual Rows": 1856,
                  "Actual Loops": 7,
                  "Inner Unique": true,
                  "Hash Cond": "(ci.movie_id = t.id)",
                  "Plans": [
                    {
                      "Node Type": "Bitmap Heap Scan",
                      "Parent Relationship": "Outer",
                      "Parallel Aware": true,
                      "Relation Name": "cast_info",
                      "Alias": "ci",
                      "Startup Cost": 40672.96,
                      "Total Cost": 297981.76,
                      "Plan Rows": 202014,
                      "Plan Width": 4,
                      "Actual Startup Time": 113.735,
                      "Actual Total Time": 137.933,
                      "Actual Rows": 75747,
                      "Actual Loops": 7,
                      "Recheck Cond": "(person_id < 184285)",
                      "Rows Removed by Index Recheck": 0,
                      "Filter": "(role_id > 1)",
                      "Rows Removed by Filter": 191788,
                      "Exact Heap Blocks": 4687,
                      "Lossy Heap Blocks": 0,
                      "Plans": [
                        {
                          "Node Type": "Bitmap Index Scan",
                          "Parent Relationship": "Outer",
                          "Parallel Aware": false,
                          "Index Name": "person_id_cast_info",
                          "Startup Cost": 0.0,
                          "Total Cost": 40369.94,
                          "Plan Rows": 1848717,
                          "Plan Width": 0,
                          "Actual Startup Time": 62.244,
                          "Actual Total Time": 62.244,
                          "Actual Rows": 1872744,
                          "Actual Loops": 1,
                          "Index Cond": "(person_id < 184285)"
                        }
                      ]
                    },
                    {
                      "Node Type": "Hash",
                      "Parent Relationship": "Inner",
                      "Parallel Aware": true,
                      "Startup Cost": 45479.1,
                      "Total Cost": 45479.1,
                      "Plan Rows": 15780,
                      "Plan Width": 4,
                      "Actual Startup Time": 77.034,
                      "Actual Total Time": 77.035,
                      "Actual Rows": 7701,
                      "Actual Loops": 7,
                      "Hash Buckets": 65536,
                      "Original Hash Buckets": 65536,
                      "Hash Batches": 1,
                      "Original Hash Batches": 1,
                      "Peak Memory Usage": 2752,
                      "Plans": [
                        {
                          "Node Type": "Seq Scan",
                          "Parent Relationship": "Outer",
                          "Parallel Aware": true,
                          "Relation Name": "title",
                          "Alias": "t",
                          "Startup Cost": 0.0,
                          "Total Cost": 45479.1,
                          "Plan Rows": 15780,
                          "Plan Width": 4,
                          "Actual Startup Time": 0.109,
                          "Actual Total Time": 73.5,
                          "Actual Rows": 7701,
                          "Actual Loops": 7,
                          "Filter": "((kind_id < 7) AND (production_year = 2012))",
                          "Rows Removed by Filter": 353487
                        }
                      ]
                    }
                  ]
                }
              ]
            }
          ]
        }
      ]
    },
    "Planning Time": 0.632,
    "Triggers": [],
    "Execution Time": 255.845
  }
]