[
    {
        "Bao": {
            "Bao prediction": "NaN",
            "Bao recommended hint": "(no hint)"
        }
    },
    {
        "Plan": {
            "Node Type": "Aggregate",
            "Strategy": "Plain",
            "Partial Mode": "Finalize",
            "Parallel Aware": false,
            "Startup Cost": 32732.38,
            "Total Cost": 32732.39,
            "Plan Rows": 1,
            "Plan Width": 8,
            "Actual Startup Time": 86.182,
            "Actual Total Time": 94.944,
            "Actual Rows": 1,
            "Actual Loops": 1,
            "Output": [
                "count(*)"
            ],
            "Plans": [
                {
                    "Node Type": "Gather",
                    "Parent Relationship": "Outer",
                    "Parallel Aware": false,
                    "Startup Cost": 32732.07,
                    "Total Cost": 32732.38,
                    "Plan Rows": 3,
                    "Plan Width": 8,
                    "Actual Startup Time": 86.095,
                    "Actual Total Time": 94.936,
                    "Actual Rows": 4,
                    "Actual Loops": 1,
                    "Output": [
                        "(PARTIAL count(*))"
                    ],
                    "Workers Planned": 3,
                    "Workers Launched": 3,
                    "Single Copy": false,
                    "Plans": [
                        {
                            "Node Type": "Aggregate",
                            "Strategy": "Plain",
                            "Partial Mode": "Partial",
                            "Parent Relationship": "Outer",
                            "Parallel Aware": false,
                            "Startup Cost": 31732.07,
                            "Total Cost": 31732.08,
                            "Plan Rows": 1,
                            "Plan Width": 8,
                            "Actual Startup Time": 78.009,
                            "Actual Total Time": 78.01,
                            "Actual Rows": 1,
                            "Actual Loops": 4,
                            "Output": [
                                "PARTIAL count(*)"
                            ],
                            "Workers": [
                                {
                                    "Worker Number": 0,
                                    "Actual Startup Time": 75.061,
                                    "Actual Total Time": 75.062,
                                    "Actual Rows": 1,
                                    "Actual Loops": 1
                                },
                                {
                                    "Worker Number": 1,
                                    "Actual Startup Time": 75.366,
                                    "Actual Total Time": 75.367,
                                    "Actual Rows": 1,
                                    "Actual Loops": 1
                                },
                                {
                                    "Worker Number": 2,
                                    "Actual Startup Time": 75.838,
                                    "Actual Total Time": 75.839,
                                    "Actual Rows": 1,
                                    "Actual Loops": 1
                                }
                            ],
                            "Plans": [
                                {
                                    "Node Type": "Seq Scan",
                                    "Parent Relationship": "Outer",
                                    "Parallel Aware": true,
                                    "Relation Name": "movie_companies",
                                    "Schema": "public",
                                    "Alias": "mc",
                                    "Startup Cost": 0.0,
                                    "Total Cost": 31414.82,
                                    "Plan Rows": 126899,
                                    "Plan Width": 0,
                                    "Actual Startup Time": 45.871,
                                    "Actual Total Time": 75.325,
                                    "Actual Rows": 57294,
                                    "Actual Loops": 4,
                                    "Output": [
                                        "id",
                                        "movie_id",
                                        "company_id",
                                        "company_type_id",
                                        "note"
                                    ],
                                    "Filter": "((mc.company_id < 1615) AND (mc.company_type_id = 2))",
                                    "Rows Removed by Filter": 594988,
                                    "Workers": [
                                        {
                                            "Worker Number": 0,
                                            "Actual Startup Time": 42.93,
                                            "Actual Total Time": 72.528,
                                            "Actual Rows": 59240,
                                            "Actual Loops": 1
                                        },
                                        {
                                            "Worker Number": 1,
                                            "Actual Startup Time": 43.225,
                                            "Actual Total Time": 72.786,
                                            "Actual Rows": 60663,
                                            "Actual Loops": 1
                                        },
                                        {
                                            "Worker Number": 2,
                                            "Actual Startup Time": 43.695,
                                            "Actual Total Time": 73.292,
                                            "Actual Rows": 59925,
                                            "Actual Loops": 1
                                        }
                                    ]
                                }
                            ]
                        }
                    ]
                }
            ]
        },
        "Planning Time": 277.506,
        "Triggers": [],
        "Execution Time": 94.998
    }
]