{
  "Plan": {
    "Node Type": "Gather",
    "Parallel Aware": false,
    "Startup Cost": 7201.16,
    "Total Cost": 47279.77,
    "Plan Rows": 59624,
    "Plan Width": 4,
    "Actual Startup Time": 68.315,
    "Actual Total Time": 264.58,
    "Actual Rows": 138144,
    "Actual Loops": 1,
    "Workers Planned": 1,
    "Workers Launched": 1,
    "Single Copy": false,
    "Plans": [
      {
        "Node Type": "Hash Join",
        "Parent Relationship": "Outer",
        "Parallel Aware": false,
        "Join Type": "Inner",
        "Startup Cost": 6201.16,
        "Total Cost": 40317.37,
        "Plan Rows": 35073,
        "Plan Width": 4,
        "Actual Startup Time": 61.026,
        "Actual Total Time": 216.485,
        "Actual Rows": 69072,
        "Actual Loops": 2,
        "Inner Unique": true,
        "Hash Cond": "(t.kind_id = kt.id)",
        "Plans": [
          {
            "Node Type": "Hash Join",
            "Parent Relationship": "Outer",
            "Parallel Aware": true,
            "Join Type": "Inner",
            "Startup Cost": 6200.0,
            "Total Cost": 40168.41,
            "Plan Rows": 35073,
            "Plan Width": 8,
            "Actual Startup Time": 60.654,
            "Actual Total Time": 205.753,
            "Actual Rows": 69072,
            "Actual Loops": 2,
            "Inner Unique": true,
            "Hash Cond": "(mc.company_id = cn.id)",
            "Plans": [
              {
                "Node Type": "Nested Loop",
                "Parent Relationship": "Outer",
                "Parallel Aware": false,
                "Join Type": "Inner",
                "Startup Cost": 94.74,
                "Total Cost": 33971.08,
                "Plan Rows": 35073,
                "Plan Width": 8,
                "Actual Startup Time": 0.756,
                "Actual Total Time": 133.054,
                "Actual Rows": 69072,
                "Actual Loops": 2,
                "Inner Unique": false,
                "Join Filter": "(mc.movie_id = ci.movie_id)",
                "Rows Removed by Join Filter": 0,
                "Plans": [
                  {
                    "Node Type": "Hash Join",
                    "Parent Relationship": "Outer",
                    "Parallel Aware": false,
                    "Join Type": "Inner",
                    "Startup Cost": 94.17,
                    "Total Cost": 28392.87,
                    "Plan Rows": 2446,
                    "Plan Width": 16,
                    "Actual Startup Time": 0.66,
                    "Actual Total Time": 19.509,
                    "Actual Rows": 2356,
                    "Actual Loops": 2,
                    "Inner Unique": true,
                    "Hash Cond": "(mc.company_type_id = ct.id)",
                    "Plans": [
                      {
                        "Node Type": "Nested Loop",
                        "Parent Relationship": "Outer",
                        "Parallel Aware": false,
                        "Join Type": "Inner",
                        "Startup Cost": 93.08,
                        "Total Cost": 28378.55,
                        "Plan Rows": 2446,
                        "Plan Width": 20,
                        "Actual Startup Time": 0.613,
                        "Actual Total Time": 18.829,
                        "Actual Rows": 2356,
                        "Actual Loops": 2,
                        "Inner Unique": true,
                        "Plans": [
                          {
                            "Node Type": "Bitmap Heap Scan",
                            "Parent Relationship": "Outer",
                            "Parallel Aware": true,
                            "Relation Name": "movie_companies",
                            "Alias": "mc",
                            "Startup Cost": 92.65,
                            "Total Cost": 10085.49,
                            "Plan Rows": 2446,
                            "Plan Width": 12,
                            "Actual Startup Time": 0.55,
                            "Actual Total Time": 3.386,
                            "Actual Rows": 2356,
                            "Actual Loops": 2,
                            "Recheck Cond": "(company_id < 6)",
                            "Rows Removed by Index Recheck": 0,
                            "Exact Heap Blocks": 1532,
                            "Lossy Heap Blocks": 0,
                            "Plans": [
                              {
                                "Node Type": "Bitmap Index Scan",
                                "Parent Relationship": "Outer",
                                "Parallel Aware": false,
                                "Index Name": "company_id_movie_companies",
                                "Startup Cost": 0.0,
                                "Total Cost": 91.62,
                                "Plan Rows": 4158,
                                "Plan Width": 0,
                                "Actual Startup Time": 0.349,
                                "Actual Total Time": 0.35,
                                "Actual Rows": 4712,
                                "Actual Loops": 1,
                                "Index Cond": "(company_id < 6)"
                              }
                            ]
                          },
                          {
                            "Node Type": "Index Scan",
                            "Parent Relationship": "Inner",
                            "Parallel Aware": false,
                            "Scan Direction": "Forward",
                            "Index Name": "title_pkey",
                            "Relation Name": "title",
                            "Alias": "t",
                            "Startup Cost": 0.43,
                            "Total Cost": 7.48,
                            "Plan Rows": 1,
                            "Plan Width": 8,
                            "Actual Startup Time": 0.006,
                            "Actual Total Time": 0.006,
                            "Actual Rows": 1,
                            "Actual Loops": 4712,
                            "Index Cond": "(id = mc.movie_id)",
                            "Rows Removed by Index Recheck": 0
                          }
                        ]
                      },
                      {
                        "Node Type": "Hash",
                        "Parent Relationship": "Inner",
                        "Parallel Aware": false,
                        "Startup Cost": 1.04,
                        "Total Cost": 1.04,
                        "Plan Rows": 4,
                        "Plan Width": 4,
                        "Actual Startup Time": 0.024,
                        "Actual Total Time": 0.025,
                        "Actual Rows": 4,
                        "Actual Loops": 2,
                        "Hash Buckets": 1024,
                        "Original Hash Buckets": 1024,
                        "Hash Batches": 1,
                        "Original Hash Batches": 1,
                        "Peak Memory Usage": 9,
                        "Plans": [
                          {
                            "Node Type": "Seq Scan",
                            "Parent Relationship": "Outer",
                            "Parallel Aware": false,
                            "Relation Name": "company_type",
                            "Alias": "ct",
                            "Startup Cost": 0.0,
                            "Total Cost": 1.04,
                            "Plan Rows": 4,
                            "Plan Width": 4,
                            "Actual Startup Time": 0.019,
                            "Actual Total Time": 0.02,
                            "Actual Rows": 4,
                            "Actual Loops": 2
                          }
                        ]
                      }
                    ]
                  },
                  {
                    "Node Type": "Index Only Scan",
                    "Parent Relationship": "Inner",
                    "Parallel Aware": false,
                    "Scan Direction": "Forward",
                    "Index Name": "movie_id_cast_info",
                    "Relation Name": "cast_info",
                    "Alias": "ci",
                    "Startup Cost": 0.56,
                    "Total Cost": 1.82,
                    "Plan Rows": 37,
                    "Plan Width": 4,
                    "Actual Startup Time": 0.008,
                    "Actual Total Time": 0.045,
                    "Actual Rows": 29,
                    "Actual Loops": 4712,
                    "Index Cond": "(movie_id = t.id)",
                    "Rows Removed by Index Recheck": 0,
                    "Heap Fetches": 138144
                  }
                ]
              },
              {
                "Node Type": "Hash",
                "Parent Relationship": "Inner",
                "Parallel Aware": true,
                "Startup Cost": 4377.34,
                "Total Cost": 4377.34,
                "Plan Rows": 138234,
                "Plan Width": 4,
                "Actual Startup Time": 56.415,
                "Actual Total Time": 56.415,
                "Actual Rows": 117498,
                "Actual Loops": 2,
                "Hash Buckets": 262144,
                "Original Hash Buckets": 262144,
                "Hash Batches": 1,
                "Original Hash Batches": 1,
                "Peak Memory Usage": 11296,
                "Plans": [
                  {
                    "Node Type": "Seq Scan",
                    "Parent Relationship": "Outer",
                    "Parallel Aware": true,
                    "Relation Name": "company_name",
                    "Alias": "cn",
                    "Startup Cost": 0.0,
                    "Total Cost": 4377.34,
                    "Plan Rows": 138234,
                    "Plan Width": 4,
                    "Actual Startup Time": 0.046,
                    "Actual Total Time": 24.201,
                    "Actual Rows": 117498,
                    "Actual Loops": 2
                  }
                ]
              }
            ]
          },
          {
            "Node Type": "Hash",
            "Parent Relationship": "Inner",
            "Parallel Aware": false,
            "Startup Cost": 1.07,
            "Total Cost": 1.07,
            "Plan Rows": 7,
            "Plan Width": 4,
            "Actual Startup Time": 0.078,
            "Actual Total Time": 0.078,
            "Actual Rows": 7,
            "Actual Loops": 2,
            "Hash Buckets": 1024,
            "Original Hash Buckets": 1024,
            "Hash Batches": 1,
            "Original Hash Batches": 1,
            "Peak Memory Usage": 9,
            "Plans": [
              {
                "Node Type": "Seq Scan",
                "Parent Relationship": "Outer",
                "Parallel Aware": false,
                "Relation Name": "kind_type",
                "Alias": "kt",
                "Startup Cost": 0.0,
                "Total Cost": 1.07,
                "Plan Rows": 7,
                "Plan Width": 4,
                "Actual Startup Time": 0.051,
                "Actual Total Time": 0.055,
                "Actual Rows": 7,
                "Actual Loops": 2
              }
            ]
          }
        ]
      }
    ]
  },
  "Planning Time": 1.197,
  "Triggers": [],
  "Execution Time": 269.893
}