[
  {
    "Plan": {
      "Node Type": "Aggregate",
      "Strategy": "Plain",
      "Partial Mode": "Finalize",
      "Parallel Aware": false,
      "Startup Cost": 96352.72,
      "Total Cost": 96352.73,
      "Plan Rows": 1,
      "Plan Width": 8,
      "Actual Startup Time": 618.889,
      "Actual Total Time": 638.406,
      "Actual Rows": 1,
      "Actual Loops": 1,
      "Plans": [
        {
          "Node Type": "Gather",
          "Parent Relationship": "Outer",
          "Parallel Aware": false,
          "Startup Cost": 96352.4,
          "Total Cost": 96352.71,
          "Plan Rows": 3,
          "Plan Width": 8,
          "Actual Startup Time": 608.793,
          "Actual Total Time": 638.394,
          "Actual Rows": 4,
          "Actual Loops": 1,
          "Workers Planned": 3,
          "Workers Launched": 3,
          "Single Copy": false,
          "Plans": [
            {
              "Node Type": "Aggregate",
              "Strategy": "Plain",
              "Partial Mode": "Partial",
              "Parent Relationship": "Outer",
              "Parallel Aware": false,
              "Startup Cost": 95352.4,
              "Total Cost": 95352.41,
              "Plan Rows": 1,
              "Plan Width": 8,
              "Actual Startup Time": 597.188,
              "Actual Total Time": 597.192,
              "Actual Rows": 1,
              "Actual Loops": 4,
              "Plans": [
                {
                  "Node Type": "Hash Join",
                  "Parent Relationship": "Outer",
                  "Parallel Aware": true,
                  "Join Type": "Inner",
                  "Startup Cost": 50220.38,
                  "Total Cost": 94163.93,
                  "Plan Rows": 475388,
                  "Plan Width": 0,
                  "Actual Startup Time": 380.509,
                  "Actual Total Time": 578.126,
                  "Actual Rows": 366246,
                  "Actual Loops": 4,
                  "Inner Unique": true,
                  "Hash Cond": "(mk.movie_id = t.id)",
                  "Plans": [
                    {
                      "Node Type": "Seq Scan",
                      "Parent Relationship": "Outer",
                      "Parallel Aware": true,
                      "Relation Name": "movie_keyword",
                      "Alias": "mk",
                      "Startup Cost": 0.0,
                      "Total Cost": 42695.65,
                      "Plan Rows": 475388,
                      "Plan Width": 4,
                      "Actual Startup Time": 0.836,
                      "Actual Total Time": 108.325,
                      "Actual Rows": 366246,
                      "Actual Loops": 4,
                      "Filter": "(keyword_id > 11295)",
                      "Rows Removed by Filter": 764736
                    },
                    {
                      "Node Type": "Hash",
                      "Parent Relationship": "Inner",
                      "Parallel Aware": true,
                      "Startup Cost": 42319.06,
                      "Total Cost": 42319.06,
                      "Plan Rows": 632106,
                      "Plan Width": 4,
                      "Actual Startup Time": 370.24,
                      "Actual Total Time": 370.241,
                      "Actual Rows": 632078,
                      "Actual Loops": 4,
                      "Hash Buckets": 4194304,
                      "Original Hash Buckets": 4194304,
                      "Hash Batches": 1,
                      "Original Hash Batches": 1,
                      "Peak Memory Usage": 131776,
                      "Plans": [
                        {
                          "Node Type": "Seq Scan",
                          "Parent Relationship": "Outer",
                          "Parallel Aware": true,
                          "Relation Name": "title",
                          "Alias": "t",
                          "Startup Cost": 0.0,
                          "Total Cost": 42319.06,
                          "Plan Rows": 632106,
                          "Plan Width": 4,
                          "Actual Startup Time": 0.047,
                          "Actual Total Time": 109.545,
                          "Actual Rows": 632078,
                          "Actual Loops": 4
                        }
                      ]
                    }
                  ]
                }
              ]
            }
          ]
        }
      ]
    },
    "Planning Time": 0.418,
    "Triggers": [],
    "Execution Time": 638.449
  }
]