[
  {
    "Plan": {
      "Node Type": "Aggregate",
      "Strategy": "Plain",
      "Partial Mode": "Finalize",
      "Parallel Aware": false,
      "Startup Cost": 46341.36,
      "Total Cost": 46341.37,
      "Plan Rows": 1,
      "Plan Width": 8,
      "Actual Startup Time": 156.65,
      "Actual Total Time": 167.281,
      "Actual Rows": 1,
      "Actual Loops": 1,
      "Plans": [
        {
          "Node Type": "Gather",
          "Parent Relationship": "Outer",
          "Parallel Aware": false,
          "Startup Cost": 46341.05,
          "Total Cost": 46341.36,
          "Plan Rows": 3,
          "Plan Width": 8,
          "Actual Startup Time": 156.476,
          "Actual Total Time": 167.272,
          "Actual Rows": 4,
          "Actual Loops": 1,
          "Workers Planned": 3,
          "Workers Launched": 3,
          "Single Copy": false,
          "Plans": [
            {
              "Node Type": "Aggregate",
              "Strategy": "Plain",
              "Partial Mode": "Partial",
              "Parent Relationship": "Outer",
              "Parallel Aware": false,
              "Startup Cost": 45341.05,
              "Total Cost": 45341.06,
              "Plan Rows": 1,
              "Plan Width": 8,
              "Actual Startup Time": 151.611,
              "Actual Total Time": 151.613,
              "Actual Rows": 1,
              "Actual Loops": 4,
              "Plans": [
                {
                  "Node Type": "Seq Scan",
                  "Parent Relationship": "Outer",
                  "Parallel Aware": true,
                  "Relation Name": "movie_keyword",
                  "Alias": "mk",
                  "Startup Cost": 0.0,
                  "Total Cost": 42695.65,
                  "Plan Rows": 1058157,
                  "Plan Width": 0,
                  "Actual Startup Time": 0.038,
                  "Actual Total Time": 115.106,
                  "Actual Rows": 819202,
                  "Actual Loops": 4,
                  "Filter": "(keyword_id < 14481)",
                  "Rows Removed by Filter": 311780
                }
              ]
            }
          ]
        }
      ]
    },
    "Planning Time": 0.181,
    "Triggers": [],
    "Execution Time": 167.335
  }
]