[
  {
    "Plan": {
      "Node Type": "Aggregate",
      "Strategy": "Plain",
      "Partial Mode": "Finalize",
      "Parallel Aware": false,
      "Startup Cost": 46783.17,
      "Total Cost": 46783.18,
      "Plan Rows": 1,
      "Plan Width": 8,
      "Actual Startup Time": 101.797,
      "Actual Total Time": 114.646,
      "Actual Rows": 1,
      "Actual Loops": 1,
      "Plans": [
        {
          "Node Type": "Gather",
          "Parent Relationship": "Outer",
          "Parallel Aware": false,
          "Startup Cost": 46782.75,
          "Total Cost": 46783.16,
          "Plan Rows": 4,
          "Plan Width": 8,
          "Actual Startup Time": 101.491,
          "Actual Total Time": 114.627,
          "Actual Rows": 5,
          "Actual Loops": 1,
          "Workers Planned": 4,
          "Workers Launched": 4,
          "Single Copy": false,
          "Plans": [
            {
              "Node Type": "Aggregate",
              "Strategy": "Plain",
              "Partial Mode": "Partial",
              "Parent Relationship": "Outer",
              "Parallel Aware": false,
              "Startup Cost": 45782.75,
              "Total Cost": 45782.76,
              "Plan Rows": 1,
              "Plan Width": 8,
              "Actual Startup Time": 95.699,
              "Actual Total Time": 95.7,
              "Actual Rows": 1,
              "Actual Loops": 5,
              "Plans": [
                {
                  "Node Type": "Seq Scan",
                  "Parent Relationship": "Outer",
                  "Parallel Aware": true,
                  "Relation Name": "title",
                  "Alias": "t",
                  "Startup Cost": 0.0,
                  "Total Cost": 45479.59,
                  "Plan Rows": 121264,
                  "Plan Width": 0,
                  "Actual Startup Time": 0.034,
                  "Actual Total Time": 89.632,
                  "Actual Rows": 100356,
                  "Actual Loops": 5,
                  "Filter": "((kind_id > 1) AND (production_year > 2008))",
                  "Rows Removed by Filter": 405307
                }
              ]
            }
          ]
        }
      ]
    },
    "Planning Time": 0.119,
    "Triggers": [],
    "Execution Time": 114.685
  }
]