[
  {
    "Plan": {
      "Node Type": "Aggregate",
      "Strategy": "Plain",
      "Partial Mode": "Finalize",
      "Parallel Aware": false,
      "Startup Cost": 45854.87,
      "Total Cost": 45854.88,
      "Plan Rows": 1,
      "Plan Width": 8,
      "Actual Startup Time": 144.895,
      "Actual Total Time": 152.184,
      "Actual Rows": 1,
      "Actual Loops": 1,
      "Plans": [
        {
          "Node Type": "Gather",
          "Parent Relationship": "Outer",
          "Parallel Aware": false,
          "Startup Cost": 45854.55,
          "Total Cost": 45854.86,
          "Plan Rows": 3,
          "Plan Width": 8,
          "Actual Startup Time": 144.827,
          "Actual Total Time": 152.179,
          "Actual Rows": 4,
          "Actual Loops": 1,
          "Workers Planned": 3,
          "Workers Launched": 3,
          "Single Copy": false,
          "Plans": [
            {
              "Node Type": "Aggregate",
              "Strategy": "Plain",
              "Partial Mode": "Partial",
              "Parent Relationship": "Outer",
              "Parallel Aware": false,
              "Startup Cost": 44854.55,
              "Total Cost": 44854.56,
              "Plan Rows": 1,
              "Plan Width": 8,
              "Actual Startup Time": 139.41,
              "Actual Total Time": 139.411,
              "Actual Rows": 1,
              "Actual Loops": 4,
              "Plans": [
                {
                  "Node Type": "Seq Scan",
                  "Parent Relationship": "Outer",
                  "Parallel Aware": true,
                  "Relation Name": "movie_keyword",
                  "Alias": "mk",
                  "Startup Cost": 0.0,
                  "Total Cost": 42695.65,
                  "Plan Rows": 863560,
                  "Plan Width": 0,
                  "Actual Startup Time": 0.044,
                  "Actual Total Time": 108.291,
                  "Actual Rows": 673122,
                  "Actual Loops": 4,
                  "Filter": "(keyword_id < 7620)",
                  "Rows Removed by Filter": 457860
                }
              ]
            }
          ]
        }
      ]
    },
    "Planning Time": 0.055,
    "Triggers": [],
    "Execution Time": 152.206
  }
]