[
  {
    "Plan": {
      "Node Type": "Aggregate",
      "Strategy": "Plain",
      "Partial Mode": "Finalize",
      "Parallel Aware": false,
      "Startup Cost": 45876.17,
      "Total Cost": 45876.18,
      "Plan Rows": 1,
      "Plan Width": 8,
      "Actual Startup Time": 151.968,
      "Actual Total Time": 161.704,
      "Actual Rows": 1,
      "Actual Loops": 1,
      "Plans": [
        {
          "Node Type": "Gather",
          "Parent Relationship": "Outer",
          "Parallel Aware": false,
          "Startup Cost": 45875.86,
          "Total Cost": 45876.17,
          "Plan Rows": 3,
          "Plan Width": 8,
          "Actual Startup Time": 151.839,
          "Actual Total Time": 161.694,
          "Actual Rows": 4,
          "Actual Loops": 1,
          "Workers Planned": 3,
          "Workers Launched": 3,
          "Single Copy": false,
          "Plans": [
            {
              "Node Type": "Aggregate",
              "Strategy": "Plain",
              "Partial Mode": "Partial",
              "Parent Relationship": "Outer",
              "Parallel Aware": false,
              "Startup Cost": 44875.86,
              "Total Cost": 44875.87,
              "Plan Rows": 1,
              "Plan Width": 8,
              "Actual Startup Time": 146.166,
              "Actual Total Time": 146.167,
              "Actual Rows": 1,
              "Actual Loops": 4,
              "Plans": [
                {
                  "Node Type": "Seq Scan",
                  "Parent Relationship": "Outer",
                  "Parallel Aware": true,
                  "Relation Name": "movie_keyword",
                  "Alias": "mk",
                  "Startup Cost": 0.0,
                  "Total Cost": 42695.65,
                  "Plan Rows": 872081,
                  "Plan Width": 0,
                  "Actual Startup Time": 0.047,
                  "Actual Total Time": 116.656,
                  "Actual Rows": 673122,
                  "Actual Loops": 4,
                  "Filter": "(keyword_id < 7620)",
                  "Rows Removed by Filter": 457860
                }
              ]
            }
          ]
        }
      ]
    },
    "Planning Time": 0.176,
    "Triggers": [],
    "Execution Time": 161.757
  }
]