[
  {
    "Plan": {
      "Node Type": "Aggregate",
      "Strategy": "Plain",
      "Partial Mode": "Finalize",
      "Parallel Aware": false,
      "Startup Cost": 46993.03,
      "Total Cost": 46993.04,
      "Plan Rows": 1,
      "Plan Width": 8,
      "Actual Startup Time": 169.372,
      "Actual Total Time": 180.091,
      "Actual Rows": 1,
      "Actual Loops": 1,
      "Plans": [
        {
          "Node Type": "Gather",
          "Parent Relationship": "Outer",
          "Parallel Aware": false,
          "Startup Cost": 46992.71,
          "Total Cost": 46993.02,
          "Plan Rows": 3,
          "Plan Width": 8,
          "Actual Startup Time": 169.214,
          "Actual Total Time": 180.08,
          "Actual Rows": 4,
          "Actual Loops": 1,
          "Workers Planned": 3,
          "Workers Launched": 3,
          "Single Copy": false,
          "Plans": [
            {
              "Node Type": "Aggregate",
              "Strategy": "Plain",
              "Partial Mode": "Partial",
              "Parent Relationship": "Outer",
              "Parallel Aware": false,
              "Startup Cost": 45992.71,
              "Total Cost": 45992.72,
              "Plan Rows": 1,
              "Plan Width": 8,
              "Actual Startup Time": 166.199,
              "Actual Total Time": 166.201,
              "Actual Rows": 1,
              "Actual Loops": 4,
              "Plans": [
                {
                  "Node Type": "Seq Scan",
                  "Parent Relationship": "Outer",
                  "Parallel Aware": true,
                  "Relation Name": "movie_keyword",
                  "Alias": "mk",
                  "Startup Cost": 0.0,
                  "Total Cost": 42695.65,
                  "Plan Rows": 1318824,
                  "Plan Width": 0,
                  "Actual Startup Time": 0.026,
                  "Actual Total Time": 120.025,
                  "Actual Rows": 1023498,
                  "Actual Loops": 4,
                  "Filter": "(keyword_id < 40685)",
                  "Rows Removed by Filter": 107484
                }
              ]
            }
          ]
        }
      ]
    },
    "Planning Time": 0.089,
    "Triggers": [],
    "Execution Time": 180.119
  }
]