[
  {
    "Plan": {
      "Node Type": "Aggregate",
      "Strategy": "Plain",
      "Partial Mode": "Finalize",
      "Parallel Aware": false,
      "Startup Cost": 47743.08,
      "Total Cost": 47743.09,
      "Plan Rows": 1,
      "Plan Width": 8,
      "Actual Startup Time": 131.679,
      "Actual Total Time": 142.063,
      "Actual Rows": 1,
      "Actual Loops": 1,
      "Plans": [
        {
          "Node Type": "Gather",
          "Parent Relationship": "Outer",
          "Parallel Aware": false,
          "Startup Cost": 47742.86,
          "Total Cost": 47743.07,
          "Plan Rows": 2,
          "Plan Width": 8,
          "Actual Startup Time": 131.398,
          "Actual Total Time": 142.055,
          "Actual Rows": 3,
          "Actual Loops": 1,
          "Workers Planned": 2,
          "Workers Launched": 2,
          "Single Copy": false,
          "Plans": [
            {
              "Node Type": "Aggregate",
              "Strategy": "Plain",
              "Partial Mode": "Partial",
              "Parent Relationship": "Outer",
              "Parallel Aware": false,
              "Startup Cost": 46742.86,
              "Total Cost": 46742.87,
              "Plan Rows": 1,
              "Plan Width": 8,
              "Actual Startup Time": 123.064,
              "Actual Total Time": 123.068,
              "Actual Rows": 1,
              "Actual Loops": 3,
              "Plans": [
                {
                  "Node Type": "Nested Loop",
                  "Parent Relationship": "Outer",
                  "Parallel Aware": false,
                  "Join Type": "Inner",
                  "Startup Cost": 20502.23,
                  "Total Cost": 46741.75,
                  "Plan Rows": 445,
                  "Plan Width": 0,
                  "Actual Startup Time": 30.857,
                  "Actual Total Time": 123.01,
                  "Actual Rows": 551,
                  "Actual Loops": 3,
                  "Inner Unique": true,
                  "Join Filter": "(mc.movie_id = t.id)",
                  "Rows Removed by Join Filter": 0,
                  "Plans": [
                    {
                      "Node Type": "Hash Join",
                      "Parent Relationship": "Outer",
                      "Parallel Aware": true,
                      "Join Type": "Inner",
                      "Startup Cost": 20501.8,
                      "Total Cost": 37114.17,
                      "Plan Rows": 16169,
                      "Plan Width": 8,
                      "Actual Startup Time": 26.788,
                      "Actual Total Time": 101.144,
                      "Actual Rows": 5398,
                      "Actual Loops": 3,
                      "Inner Unique": false,
                      "Hash Cond": "(mi_idx.movie_id = mc.movie_id)",
                      "Plans": [
                        {
                          "Node Type": "Seq Scan",
                          "Parent Relationship": "Outer",
                          "Parallel Aware": true,
                          "Relation Name": "movie_info_idx",
                          "Alias": "mi_idx",
                          "Startup Cost": 0.0,
                          "Total Cost": 13685.15,
                          "Plan Rows": 575015,
                          "Plan Width": 4,
                          "Actual Startup Time": 0.031,
                          "Actual Total Time": 36.581,
                          "Actual Rows": 460012,
                          "Actual Loops": 3
                        },
                        {
                          "Node Type": "Hash",
                          "Parent Relationship": "Inner",
                          "Parallel Aware": true,
                          "Startup Cost": 20446.74,
                          "Total Cost": 20446.74,
                          "Plan Rows": 4405,
                          "Plan Width": 4,
                          "Actual Startup Time": 25.636,
                          "Actual Total Time": 25.638,
                          "Actual Rows": 4278,
                          "Actual Loops": 3,
                          "Hash Buckets": 16384,
                          "Original Hash Buckets": 16384,
                          "Hash Batches": 1,
                          "Original Hash Batches": 1,
                          "Peak Memory Usage": 672,
                          "Plans": [
                            {
                              "Node Type": "Bitmap Heap Scan",
                              "Parent Relationship": "Outer",
                              "Parallel Aware": true,
                              "Relation Name": "movie_companies",
                              "Alias": "mc",
                              "Startup Cost": 599.92,
                              "Total Cost": 20446.74,
                              "Plan Rows": 4405,
                              "Plan Width": 4,
                              "Actual Startup Time": 4.261,
                              "Actual Total Time": 23.466,
                              "Actual Rows": 4278,
                              "Actual Loops": 3,
                              "Recheck Cond": "(company_id = 27)",
                              "Rows Removed by Index Recheck": 0,
                              "Filter": "(company_type_id < 2)",
                              "Rows Removed by Filter": 4823,
                              "Exact Heap Blocks": 5756,
                              "Lossy Heap Blocks": 0,
                              "Plans": [
                                {
                                  "Node Type": "Bitmap Index Scan",
                                  "Parent Relationship": "Outer",
                                  "Parallel Aware": false,
                                  "Index Name": "company_id_movie_companies",
                                  "Startup Cost": 0.0,
                                  "Total Cost": 596.51,
                                  "Plan Rows": 27744,
                                  "Plan Width": 0,
                                  "Actual Startup Time": 7.495,
                                  "Actual Total Time": 7.495,
                                  "Actual Rows": 27303,
                                  "Actual Loops": 1,
                                  "Index Cond": "(company_id = 27)"
                                }
                              ]
                            }
                          ]
                        }
                      ]
                    },
                    {
                      "Node Type": "Index Scan",
                      "Parent Relationship": "Inner",
                      "Parallel Aware": false,
                      "Scan Direction": "Forward",
                      "Index Name": "title_pkey",
                      "Relation Name": "title",
                      "Alias": "t",
                      "Startup Cost": 0.43,
                      "Total Cost": 0.58,
                      "Plan Rows": 1,
                      "Plan Width": 4,
                      "Actual Startup Time": 0.004,
                      "Actual Total Time": 0.004,
                      "Actual Rows": 0,
                      "Actual Loops": 16195,
                      "Index Cond": "(id = mi_idx.movie_id)",
                      "Rows Removed by Index Recheck": 0,
                      "Filter": "((production_year < 1986) AND (kind_id = 7))",
                      "Rows Removed by Filter": 1
                    }
                  ]
                }
              ]
            }
          ]
        }
      ]
    },
    "Planning Time": 1.436,
    "Triggers": [],
    "Execution Time": 142.168
  }
]