[
  {
    "Plan": {
      "Node Type": "Aggregate",
      "Strategy": "Plain",
      "Partial Mode": "Finalize",
      "Parallel Aware": false,
      "Startup Cost": 45241.54,
      "Total Cost": 45241.55,
      "Plan Rows": 1,
      "Plan Width": 8,
      "Actual Startup Time": 144.345,
      "Actual Total Time": 151.603,
      "Actual Rows": 1,
      "Actual Loops": 1,
      "Plans": [
        {
          "Node Type": "Gather",
          "Parent Relationship": "Outer",
          "Parallel Aware": false,
          "Startup Cost": 45241.23,
          "Total Cost": 45241.54,
          "Plan Rows": 3,
          "Plan Width": 8,
          "Actual Startup Time": 144.243,
          "Actual Total Time": 151.596,
          "Actual Rows": 4,
          "Actual Loops": 1,
          "Workers Planned": 3,
          "Workers Launched": 3,
          "Single Copy": false,
          "Plans": [
            {
              "Node Type": "Aggregate",
              "Strategy": "Plain",
              "Partial Mode": "Partial",
              "Parent Relationship": "Outer",
              "Parallel Aware": false,
              "Startup Cost": 44241.23,
              "Total Cost": 44241.24,
              "Plan Rows": 1,
              "Plan Width": 8,
              "Actual Startup Time": 137.327,
              "Actual Total Time": 137.328,
              "Actual Rows": 1,
              "Actual Loops": 4,
              "Plans": [
                {
                  "Node Type": "Seq Scan",
                  "Parent Relationship": "Outer",
                  "Parallel Aware": true,
                  "Relation Name": "movie_keyword",
                  "Alias": "mk",
                  "Startup Cost": 0.0,
                  "Total Cost": 42695.65,
                  "Plan Rows": 618229,
                  "Plan Width": 0,
                  "Actual Startup Time": 0.498,
                  "Actual Total Time": 113.063,
                  "Actual Rows": 475116,
                  "Actual Loops": 4,
                  "Filter": "(keyword_id > 7105)",
                  "Rows Removed by Filter": 655866
                }
              ]
            }
          ]
        }
      ]
    },
    "Planning Time": 0.096,
    "Triggers": [],
    "Execution Time": 151.634
  }
]