{
  "Plan": {
    "Node Type": "Aggregate",
    "Strategy": "Plain",
    "Partial Mode": "Finalize",
    "Parallel Aware": false,
    "Startup Cost": 150049.85,
    "Total Cost": 150049.86,
    "Plan Rows": 1,
    "Plan Width": 8,
    "Actual Startup Time": 818.864,
    "Actual Total Time": 836.81,
    "Actual Rows": 1,
    "Actual Loops": 1,
    "Plans": [
      {
        "Node Type": "Gather",
        "Parent Relationship": "Outer",
        "Parallel Aware": false,
        "Startup Cost": 150049.74,
        "Total Cost": 150049.85,
        "Plan Rows": 1,
        "Plan Width": 8,
        "Actual Startup Time": 816.559,
        "Actual Total Time": 836.802,
        "Actual Rows": 2,
        "Actual Loops": 1,
        "Workers Planned": 1,
        "Workers Launched": 1,
        "Single Copy": false,
        "Plans": [
          {
            "Node Type": "Aggregate",
            "Strategy": "Plain",
            "Partial Mode": "Partial",
            "Parent Relationship": "Outer",
            "Parallel Aware": false,
            "Startup Cost": 149049.74,
            "Total Cost": 149049.75,
            "Plan Rows": 1,
            "Plan Width": 8,
            "Actual Startup Time": 809.864,
            "Actual Total Time": 809.87,
            "Actual Rows": 1,
            "Actual Loops": 2,
            "Plans": [
              {
                "Node Type": "Hash Join",
                "Parent Relationship": "Outer",
                "Parallel Aware": true,
                "Join Type": "Inner",
                "Startup Cost": 80738.99,
                "Total Cost": 148750.9,
                "Plan Rows": 119535,
                "Plan Width": 0,
                "Actual Startup Time": 354.411,
                "Actual Total Time": 768.062,
                "Actual Rows": 991323,
                "Actual Loops": 2,
                "Inner Unique": false,
                "Hash Cond": "(mk.movie_id = t.id)",
                "Plans": [
                  {
                    "Node Type": "Seq Scan",
                    "Parent Relationship": "Outer",
                    "Parallel Aware": true,
                    "Relation Name": "movie_keyword",
                    "Alias": "mk",
                    "Startup Cost": 0.0,
                    "Total Cost": 57718.19,
                    "Plan Rows": 2557485,
                    "Plan Width": 4,
                    "Actual Startup Time": 0.012,
                    "Actual Total Time": 200.768,
                    "Actual Rows": 2178382,
                    "Actual Loops": 2,
                    "Filter": "(keyword_id < 72281)",
                    "Rows Removed by Filter": 83582
                  },
                  {
                    "Node Type": "Hash",
                    "Parent Relationship": "Inner",
                    "Parallel Aware": true,
                    "Startup Cost": 79870.09,
                    "Total Cost": 79870.09,
                    "Plan Rows": 69512,
                    "Plan Width": 8,
                    "Actual Startup Time": 352.113,
                    "Actual Total Time": 352.117,
                    "Actual Rows": 102508,
                    "Actual Loops": 2,
                    "Hash Buckets": 262144,
                    "Original Hash Buckets": 131072,
                    "Hash Batches": 1,
                    "Original Hash Batches": 1,
                    "Peak Memory Usage": 11104,
                    "Plans": [
                      {
                        "Node Type": "Hash Join",
                        "Parent Relationship": "Outer",
                        "Parallel Aware": true,
                        "Join Type": "Inner",
                        "Startup Cost": 61085.77,
                        "Total Cost": 79870.09,
                        "Plan Rows": 69512,
                        "Plan Width": 8,
                        "Actual Startup Time": 214.367,
                        "Actual Total Time": 326.464,
                        "Actual Rows": 102508,
                        "Actual Loops": 2,
                        "Inner Unique": true,
                        "Hash Cond": "(mi_idx.movie_id = t.id)",
                        "Plans": [
                          {
                            "Node Type": "Seq Scan",
                            "Parent Relationship": "Outer",
                            "Parallel Aware": true,
                            "Relation Name": "movie_info_idx",
                            "Alias": "mi_idx",
                            "Startup Cost": 0.0,
                            "Total Cost": 18082.32,
                            "Plan Rows": 267429,
                            "Plan Width": 4,
                            "Actual Startup Time": 0.025,
                            "Actual Total Time": 52.421,
                            "Actual Rows": 229962,
                            "Actual Loops": 2,
                            "Filter": "(info_type_id = 99)",
                            "Rows Removed by Filter": 460055
                          },
                          {
                            "Node Type": "Hash",
                            "Parent Relationship": "Inner",
                            "Parallel Aware": true,
                            "Startup Cost": 56253.64,
                            "Total Cost": 56253.64,
                            "Plan Rows": 386571,
                            "Plan Width": 4,
                            "Actual Startup Time": 206.883,
                            "Actual Total Time": 206.885,
                            "Actual Rows": 273726,
                            "Actual Loops": 2,
                            "Hash Buckets": 1048576,
                            "Original Hash Buckets": 1048576,
                            "Hash Batches": 1,
                            "Original Hash Batches": 1,
                            "Peak Memory Usage": 29632,
                            "Plans": [
                              {
                                "Node Type": "Bitmap Heap Scan",
                                "Parent Relationship": "Outer",
                                "Parallel Aware": true,
                                "Relation Name": "title",
                                "Alias": "t",
                                "Startup Cost": 13603.25,
                                "Total Cost": 56253.64,
                                "Plan Rows": 386571,
                                "Plan Width": 4,
                                "Actual Startup Time": 41.638,
                                "Actual Total Time": 142.323,
                                "Actual Rows": 273726,
                                "Actual Loops": 2,
                                "Recheck Cond": "(kind_id < 3)",
                                "Rows Removed by Index Recheck": 0,
                                "Filter": "(production_year > 1961)",
                                "Rows Removed by Filter": 103112,
                                "Exact Heap Blocks": 25469,
                                "Lossy Heap Blocks": 0,
                                "Plans": [
                                  {
                                    "Node Type": "Bitmap Index Scan",
                                    "Parent Relationship": "Outer",
                                    "Parallel Aware": false,
                                    "Index Name": "kind_id_title",
                                    "Startup Cost": 0.0,
                                    "Total Cost": 13438.96,
                                    "Plan Rows": 753937,
                                    "Plan Width": 0,
                                    "Actual Startup Time": 35.838,
                                    "Actual Total Time": 35.838,
                                    "Actual Rows": 753677,
                                    "Actual Loops": 1,
                                    "Index Cond": "(kind_id < 3)"
                                  }
                                ]
                              }
                            ]
                          }
                        ]
                      }
                    ]
                  }
                ]
              }
            ]
          }
        ]
      }
    ]
  },
  "Planning Time": 0.952,
  "Triggers": [],
  "Execution Time": 836.911
}