[
  {
    "Plan": {
      "Node Type": "Aggregate",
      "Strategy": "Plain",
      "Partial Mode": "Finalize",
      "Parallel Aware": false,
      "Startup Cost": 93552.52,
      "Total Cost": 93552.53,
      "Plan Rows": 1,
      "Plan Width": 8,
      "Actual Startup Time": 374.278,
      "Actual Total Time": 392.442,
      "Actual Rows": 1,
      "Actual Loops": 1,
      "Plans": [
        {
          "Node Type": "Gather",
          "Parent Relationship": "Outer",
          "Parallel Aware": false,
          "Startup Cost": 93552.2,
          "Total Cost": 93552.51,
          "Plan Rows": 3,
          "Plan Width": 8,
          "Actual Startup Time": 371.121,
          "Actual Total Time": 392.431,
          "Actual Rows": 4,
          "Actual Loops": 1,
          "Workers Planned": 3,
          "Workers Launched": 3,
          "Single Copy": false,
          "Plans": [
            {
              "Node Type": "Aggregate",
              "Strategy": "Plain",
              "Partial Mode": "Partial",
              "Parent Relationship": "Outer",
              "Parallel Aware": false,
              "Startup Cost": 92552.2,
              "Total Cost": 92552.21,
              "Plan Rows": 1,
              "Plan Width": 8,
              "Actual Startup Time": 362.393,
              "Actual Total Time": 362.396,
              "Actual Rows": 1,
              "Actual Loops": 4,
              "Plans": [
                {
                  "Node Type": "Hash Join",
                  "Parent Relationship": "Outer",
                  "Parallel Aware": true,
                  "Join Type": "Inner",
                  "Startup Cost": 48352.67,
                  "Total Cost": 92165.3,
                  "Plan Rows": 154760,
                  "Plan Width": 0,
                  "Actual Startup Time": 186.055,
                  "Actual Total Time": 350.454,
                  "Actual Rows": 281001,
                  "Actual Loops": 4,
                  "Inner Unique": true,
                  "Hash Cond": "(mk.movie_id = t.id)",
                  "Plans": [
                    {
                      "Node Type": "Seq Scan",
                      "Parent Relationship": "Outer",
                      "Parallel Aware": true,
                      "Relation Name": "movie_keyword",
                      "Alias": "mk",
                      "Startup Cost": 0.0,
                      "Total Cost": 42695.65,
                      "Plan Rows": 425514,
                      "Plan Width": 4,
                      "Actual Startup Time": 0.028,
                      "Actual Total Time": 94.874,
                      "Actual Rows": 332734,
                      "Actual Loops": 4,
                      "Filter": "(keyword_id < 1740)",
                      "Rows Removed by Filter": 798249
                    },
                    {
                      "Node Type": "Hash",
                      "Parent Relationship": "Inner",
                      "Parallel Aware": true,
                      "Startup Cost": 45479.1,
                      "Total Cost": 45479.1,
                      "Plan Rows": 229886,
                      "Plan Width": 4,
                      "Actual Startup Time": 180.73,
                      "Actual Total Time": 180.731,
                      "Actual Rows": 215616,
                      "Actual Loops": 4,
                      "Hash Buckets": 1048576,
                      "Original Hash Buckets": 1048576,
                      "Hash Batches": 1,
                      "Original Hash Batches": 1,
                      "Peak Memory Usage": 41984,
                      "Plans": [
                        {
                          "Node Type": "Seq Scan",
                          "Parent Relationship": "Outer",
                          "Parallel Aware": true,
                          "Relation Name": "title",
                          "Alias": "t",
                          "Startup Cost": 0.0,
                          "Total Cost": 45479.1,
                          "Plan Rows": 229886,
                          "Plan Width": 4,
                          "Actual Startup Time": 0.044,
                          "Actual Total Time": 108.4,
                          "Actual Rows": 215616,
                          "Actual Loops": 4,
                          "Filter": "((kind_id < 7) AND (production_year > 1929))",
                          "Rows Removed by Filter": 416462
                        }
                      ]
                    }
                  ]
                }
              ]
            }
          ]
        }
      ]
    },
    "Planning Time": 0.641,
    "Triggers": [],
    "Execution Time": 392.517
  }
]