{
  "Plan": {
    "Node Type": "Aggregate",
    "Strategy": "Plain",
    "Partial Mode": "Finalize",
    "Parallel Aware": false,
    "Startup Cost": 583012.38,
    "Total Cost": 583012.39,
    "Plan Rows": 1,
    "Plan Width": 8,
    "Actual Startup Time": 1765.052,
    "Actual Total Time": 1803.07,
    "Actual Rows": 1,
    "Actual Loops": 1,
    "Plans": [
      {
        "Node Type": "Gather",
        "Parent Relationship": "Outer",
        "Parallel Aware": false,
        "Startup Cost": 583012.27,
        "Total Cost": 583012.38,
        "Plan Rows": 1,
        "Plan Width": 8,
        "Actual Startup Time": 1764.324,
        "Actual Total Time": 1803.06,
        "Actual Rows": 2,
        "Actual Loops": 1,
        "Workers Planned": 1,
        "Workers Launched": 1,
        "Single Copy": false,
        "Plans": [
          {
            "Node Type": "Aggregate",
            "Strategy": "Plain",
            "Partial Mode": "Partial",
            "Parent Relationship": "Outer",
            "Parallel Aware": false,
            "Startup Cost": 582012.27,
            "Total Cost": 582012.28,
            "Plan Rows": 1,
            "Plan Width": 8,
            "Actual Startup Time": 1758.286,
            "Actual Total Time": 1758.29,
            "Actual Rows": 1,
            "Actual Loops": 2,
            "Plans": [
              {
                "Node Type": "Hash Join",
                "Parent Relationship": "Outer",
                "Parallel Aware": true,
                "Join Type": "Inner",
                "Startup Cost": 251411.48,
                "Total Cost": 581708.28,
                "Plan Rows": 121596,
                "Plan Width": 0,
                "Actual Startup Time": 630.706,
                "Actual Total Time": 1752.132,
                "Actual Rows": 96584,
                "Actual Loops": 2,
                "Inner Unique": true,
                "Hash Cond": "(ci.movie_id = t.id)",
                "Plans": [
                  {
                    "Node Type": "Bitmap Heap Scan",
                    "Parent Relationship": "Outer",
                    "Parallel Aware": true,
                    "Relation Name": "cast_info",
                    "Alias": "ci",
                    "Startup Cost": 192664.46,
                    "Total Cost": 509491.77,
                    "Plan Rows": 5131225,
                    "Plan Width": 4,
                    "Actual Startup Time": 445.108,
                    "Actual Total Time": 1009.481,
                    "Actual Rows": 4324116,
                    "Actual Loops": 2,
                    "Recheck Cond": "(person_id > 2824191)",
                    "Rows Removed by Index Recheck": 0,
                    "Exact Heap Blocks": 63970,
                    "Lossy Heap Blocks": 0,
                    "Plans": [
                      {
                        "Node Type": "Bitmap Index Scan",
                        "Parent Relationship": "Outer",
                        "Parallel Aware": false,
                        "Index Name": "person_id_cast_info",
                        "Startup Cost": 0.0,
                        "Total Cost": 190483.69,
                        "Plan Rows": 8723083,
                        "Plan Width": 0,
                        "Actual Startup Time": 427.731,
                        "Actual Total Time": 427.731,
                        "Actual Rows": 8648232,
                        "Actual Loops": 1,
                        "Index Cond": "(person_id > 2824191)"
                      }
                    ]
                  },
                  {
                    "Node Type": "Hash",
                    "Parent Relationship": "Inner",
                    "Parallel Aware": true,
                    "Startup Cost": 58306.47,
                    "Total Cost": 58306.47,
                    "Plan Rows": 35244,
                    "Plan Width": 4,
                    "Actual Startup Time": 183.186,
                    "Actual Total Time": 183.187,
                    "Actual Rows": 34137,
                    "Actual Loops": 2,
                    "Hash Buckets": 131072,
                    "Original Hash Buckets": 65536,
                    "Hash Batches": 1,
                    "Original Hash Batches": 1,
                    "Peak Memory Usage": 4224,
                    "Plans": [
                      {
                        "Node Type": "Seq Scan",
                        "Parent Relationship": "Outer",
                        "Parallel Aware": true,
                        "Relation Name": "title",
                        "Alias": "t",
                        "Startup Cost": 0.0,
                        "Total Cost": 58306.47,
                        "Plan Rows": 35244,
                        "Plan Width": 4,
                        "Actual Startup Time": 0.065,
                        "Actual Total Time": 167.543,
                        "Actual Rows": 34137,
                        "Actual Loops": 2,
                        "Filter": "((kind_id > 2) AND (production_year = 2004))",
                        "Rows Removed by Filter": 1230019
                      }
                    ]
                  }
                ]
              }
            ]
          }
        ]
      }
    ]
  },
  "Planning Time": 0.458,
  "Triggers": [],
  "Execution Time": 1803.168
}