[
    {
        "Bao": {
            "Bao prediction": "NaN",
            "Bao recommended hint": "(no hint)"
        }
    },
    {
        "Plan": {
            "Node Type": "Aggregate",
            "Strategy": "Plain",
            "Partial Mode": "Finalize",
            "Parallel Aware": false,
            "Startup Cost": 78965.15,
            "Total Cost": 78965.16,
            "Plan Rows": 1,
            "Plan Width": 8,
            "Actual Startup Time": 184.148,
            "Actual Total Time": 195.163,
            "Actual Rows": 1,
            "Actual Loops": 1,
            "Output": [
                "count(*)"
            ],
            "Plans": [
                {
                    "Node Type": "Gather",
                    "Parent Relationship": "Outer",
                    "Parallel Aware": false,
                    "Startup Cost": 78964.83,
                    "Total Cost": 78965.14,
                    "Plan Rows": 3,
                    "Plan Width": 8,
                    "Actual Startup Time": 183.371,
                    "Actual Total Time": 195.155,
                    "Actual Rows": 4,
                    "Actual Loops": 1,
                    "Output": [
                        "(PARTIAL count(*))"
                    ],
                    "Workers Planned": 3,
                    "Workers Launched": 3,
                    "Single Copy": false,
                    "Plans": [
                        {
                            "Node Type": "Aggregate",
                            "Strategy": "Plain",
                            "Partial Mode": "Partial",
                            "Parent Relationship": "Outer",
                            "Parallel Aware": false,
                            "Startup Cost": 77964.83,
                            "Total Cost": 77964.84,
                            "Plan Rows": 1,
                            "Plan Width": 8,
                            "Actual Startup Time": 175.203,
                            "Actual Total Time": 175.209,
                            "Actual Rows": 1,
                            "Actual Loops": 4,
                            "Output": [
                                "PARTIAL count(*)"
                            ],
                            "Workers": [
                                {
                                    "Worker Number": 0,
                                    "Actual Startup Time": 172.457,
                                    "Actual Total Time": 172.46,
                                    "Actual Rows": 1,
                                    "Actual Loops": 1
                                },
                                {
                                    "Worker Number": 1,
                                    "Actual Startup Time": 172.404,
                                    "Actual Total Time": 172.416,
                                    "Actual Rows": 1,
                                    "Actual Loops": 1
                                },
                                {
                                    "Worker Number": 2,
                                    "Actual Startup Time": 172.914,
                                    "Actual Total Time": 172.918,
                                    "Actual Rows": 1,
                                    "Actual Loops": 1
                                }
                            ],
                            "Plans": [
                                {
                                    "Node Type": "Hash Join",
                                    "Parent Relationship": "Outer",
                                    "Parallel Aware": true,
                                    "Join Type": "Inner",
                                    "Startup Cost": 45919.51,
                                    "Total Cost": 77933.05,
                                    "Plan Rows": 12711,
                                    "Plan Width": 0,
                                    "Actual Startup Time": 104.432,
                                    "Actual Total Time": 175.197,
                                    "Actual Rows": 45,
                                    "Actual Loops": 4,
                                    "Inner Unique": true,
                                    "Hash Cond": "(mc.movie_id = t.id)",
                                    "Workers": [
                                        {
                                            "Worker Number": 0,
                                            "Actual Startup Time": 101.774,
                                            "Actual Total Time": 172.452,
                                            "Actual Rows": 14,
                                            "Actual Loops": 1
                                        },
                                        {
                                            "Worker Number": 1,
                                            "Actual Startup Time": 101.628,
                                            "Actual Total Time": 172.403,
                                            "Actual Rows": 34,
                                            "Actual Loops": 1
                                        },
                                        {
                                            "Worker Number": 2,
                                            "Actual Startup Time": 102.09,
                                            "Actual Total Time": 172.903,
                                            "Actual Rows": 94,
                                            "Actual Loops": 1
                                        }
                                    ],
                                    "Plans": [
                                        {
                                            "Node Type": "Seq Scan",
                                            "Parent Relationship": "Outer",
                                            "Parallel Aware": true,
                                            "Relation Name": "movie_companies",
                                            "Schema": "public",
                                            "Alias": "mc",
                                            "Startup Cost": 0.0,
                                            "Total Cost": 31414.82,
                                            "Plan Rows": 228086,
                                            "Plan Width": 4,
                                            "Actual Startup Time": 6.322,
                                            "Actual Total Time": 59.89,
                                            "Actual Rows": 122714,
                                            "Actual Loops": 4,
                                            "Output": [
                                                "mc.id",
                                                "mc.movie_id",
                                                "mc.company_id",
                                                "mc.company_type_id",
                                                "mc.note"
                                            ],
                                            "Filter": "((mc.company_id > 9664) AND (mc.company_type_id < 2))",
                                            "Rows Removed by Filter": 529568,
                                            "Workers": [
                                                {
                                                    "Worker Number": 0,
                                                    "Actual Startup Time": 6.31,
                                                    "Actual Total Time": 60.176,
                                                    "Actual Rows": 120590,
                                                    "Actual Loops": 1
                                                },
                                                {
                                                    "Worker Number": 1,
                                                    "Actual Startup Time": 6.296,
                                                    "Actual Total Time": 60.054,
                                                    "Actual Rows": 112998,
                                                    "Actual Loops": 1
                                                },
                                                {
                                                    "Worker Number": 2,
                                                    "Actual Startup Time": 6.308,
                                                    "Actual Total Time": 60.208,
                                                    "Actual Rows": 122339,
                                                    "Actual Loops": 1
                                                }
                                            ]
                                        },
                                        {
                                            "Node Type": "Hash",
                                            "Parent Relationship": "Inner",
                                            "Parallel Aware": true,
                                            "Startup Cost": 45479.21,
                                            "Total Cost": 45479.21,
                                            "Plan Rows": 35224,
                                            "Plan Width": 4,
                                            "Actual Startup Time": 96.347,
                                            "Actual Total Time": 96.35,
                                            "Actual Rows": 37665,
                                            "Actual Loops": 4,
                                            "Output": [
                                                "t.id"
                                            ],
                                            "Hash Buckets": 262144,
                                            "Original Hash Buckets": 262144,
                                            "Hash Batches": 1,
                                            "Original Hash Batches": 1,
                                            "Peak Memory Usage": 8032,
                                            "Workers": [
                                                {
                                                    "Worker Number": 0,
                                                    "Actual Startup Time": 94.356,
                                                    "Actual Total Time": 94.357,
                                                    "Actual Rows": 30472,
                                                    "Actual Loops": 1
                                                },
                                                {
                                                    "Worker Number": 1,
                                                    "Actual Startup Time": 94.422,
                                                    "Actual Total Time": 94.432,
                                                    "Actual Rows": 28258,
                                                    "Actual Loops": 1
                                                },
                                                {
                                                    "Worker Number": 2,
                                                    "Actual Startup Time": 94.95,
                                                    "Actual Total Time": 94.951,
                                                    "Actual Rows": 30574,
                                                    "Actual Loops": 1
                                                }
                                            ],
                                            "Plans": [
                                                {
                                                    "Node Type": "Seq Scan",
                                                    "Parent Relationship": "Outer",
                                                    "Parallel Aware": true,
                                                    "Relation Name": "title",
                                                    "Schema": "public",
                                                    "Alias": "t",
                                                    "Startup Cost": 0.0,
                                                    "Total Cost": 45479.21,
                                                    "Plan Rows": 35224,
                                                    "Plan Width": 4,
                                                    "Actual Startup Time": 0.048,
                                                    "Actual Total Time": 83.151,
                                                    "Actual Rows": 37665,
                                                    "Actual Loops": 4,
                                                    "Output": [
                                                        "t.id"
                                                    ],
                                                    "Filter": "((t.production_year > 2011) AND (t.kind_id = 7))",
                                                    "Rows Removed by Filter": 594413,
                                                    "Workers": [
                                                        {
                                                            "Worker Number": 0,
                                                            "Actual Startup Time": 0.073,
                                                            "Actual Total Time": 82.118,
                                                            "Actual Rows": 30472,
                                                            "Actual Loops": 1
                                                        },
                                                        {
                                                            "Worker Number": 1,
                                                            "Actual Startup Time": 0.05,
                                                            "Actual Total Time": 82.879,
                                                            "Actual Rows": 28258,
                                                            "Actual Loops": 1
                                                        },
                                                        {
                                                            "Worker Number": 2,
                                                            "Actual Startup Time": 0.056,
                                                            "Actual Total Time": 82.663,
                                                            "Actual Rows": 30574,
                                                            "Actual Loops": 1
                                                        }
                                                    ]
                                                }
                                            ]
                                        }
                                    ]
                                }
                            ]
                        }
                    ]
                }
            ]
        },
        "Planning Time": 194.499,
        "Triggers": [],
        "Execution Time": 195.221
    }
]