[
  {
    "Plan": {
      "Node Type": "Aggregate",
      "Strategy": "Plain",
      "Partial Mode": "Finalize",
      "Parallel Aware": false,
      "Startup Cost": 44339.6,
      "Total Cost": 44339.61,
      "Plan Rows": 1,
      "Plan Width": 8,
      "Actual Startup Time": 120.404,
      "Actual Total Time": 129.837,
      "Actual Rows": 1,
      "Actual Loops": 1,
      "Plans": [
        {
          "Node Type": "Gather",
          "Parent Relationship": "Outer",
          "Parallel Aware": false,
          "Startup Cost": 44339.28,
          "Total Cost": 44339.59,
          "Plan Rows": 3,
          "Plan Width": 8,
          "Actual Startup Time": 120.265,
          "Actual Total Time": 129.827,
          "Actual Rows": 4,
          "Actual Loops": 1,
          "Workers Planned": 3,
          "Workers Launched": 3,
          "Single Copy": false,
          "Plans": [
            {
              "Node Type": "Aggregate",
              "Strategy": "Plain",
              "Partial Mode": "Partial",
              "Parent Relationship": "Outer",
              "Parallel Aware": false,
              "Startup Cost": 43339.28,
              "Total Cost": 43339.29,
              "Plan Rows": 1,
              "Plan Width": 8,
              "Actual Startup Time": 113.842,
              "Actual Total Time": 113.843,
              "Actual Rows": 1,
              "Actual Loops": 4,
              "Plans": [
                {
                  "Node Type": "Seq Scan",
                  "Parent Relationship": "Outer",
                  "Parallel Aware": true,
                  "Relation Name": "movie_keyword",
                  "Alias": "mk",
                  "Startup Cost": 0.0,
                  "Total Cost": 42695.65,
                  "Plan Rows": 257452,
                  "Plan Width": 0,
                  "Actual Startup Time": 5.643,
                  "Actual Total Time": 104.004,
                  "Actual Rows": 197543,
                  "Actual Loops": 4,
                  "Filter": "(keyword_id > 23740)",
                  "Rows Removed by Filter": 933440
                }
              ]
            }
          ]
        }
      ]
    },
    "Planning Time": 0.181,
    "Triggers": [],
    "Execution Time": 129.893
  }
]