{
  "Plan": {
    "Node Type": "Aggregate",
    "Strategy": "Plain",
    "Partial Mode": "Finalize",
    "Parallel Aware": false,
    "Startup Cost": 921291.7,
    "Total Cost": 921291.71,
    "Plan Rows": 1,
    "Plan Width": 8,
    "Actual Startup Time": 8875.668,
    "Actual Total Time": 8958.414,
    "Actual Rows": 1,
    "Actual Loops": 1,
    "Plans": [
      {
        "Node Type": "Gather",
        "Parent Relationship": "Outer",
        "Parallel Aware": false,
        "Startup Cost": 921291.58,
        "Total Cost": 921291.69,
        "Plan Rows": 1,
        "Plan Width": 8,
        "Actual Startup Time": 8872.645,
        "Actual Total Time": 8958.405,
        "Actual Rows": 2,
        "Actual Loops": 1,
        "Workers Planned": 1,
        "Workers Launched": 1,
        "Single Copy": false,
        "Plans": [
          {
            "Node Type": "Aggregate",
            "Strategy": "Plain",
            "Partial Mode": "Partial",
            "Parent Relationship": "Outer",
            "Parallel Aware": false,
            "Startup Cost": 920291.58,
            "Total Cost": 920291.59,
            "Plan Rows": 1,
            "Plan Width": 8,
            "Actual Startup Time": 8863.78,
            "Actual Total Time": 8863.784,
            "Actual Rows": 1,
            "Actual Loops": 2,
            "Plans": [
              {
                "Node Type": "Hash Join",
                "Parent Relationship": "Outer",
                "Parallel Aware": true,
                "Join Type": "Inner",
                "Startup Cost": 269177.14,
                "Total Cost": 899047.85,
                "Plan Rows": 8497492,
                "Plan Width": 0,
                "Actual Startup Time": 1962.441,
                "Actual Total Time": 8376.506,
                "Actual Rows": 11965383,
                "Actual Loops": 2,
                "Inner Unique": false,
                "Hash Cond": "(ci.movie_id = t.id)",
                "Plans": [
                  {
                    "Node Type": "Seq Scan",
                    "Parent Relationship": "Outer",
                    "Parallel Aware": true,
                    "Relation Name": "cast_info",
                    "Alias": "ci",
                    "Startup Cost": 0.0,
                    "Total Cost": 519069.44,
                    "Plan Rows": 16217609,
                    "Plan Width": 4,
                    "Actual Startup Time": 0.017,
                    "Actual Total Time": 1626.216,
                    "Actual Rows": 13830271,
                    "Actual Loops": 2,
                    "Filter": "(person_id < 2829615)",
                    "Rows Removed by Filter": 4291901
                  },
                  {
                    "Node Type": "Hash",
                    "Parent Relationship": "Inner",
                    "Parallel Aware": true,
                    "Startup Cost": 259436.39,
                    "Total Cost": 259436.39,
                    "Plan Rows": 779260,
                    "Plan Width": 8,
                    "Actual Startup Time": 1947.323,
                    "Actual Total Time": 1947.325,
                    "Actual Rows": 667442,
                    "Actual Loops": 2,
                    "Hash Buckets": 2097152,
                    "Original Hash Buckets": 2097152,
                    "Hash Batches": 1,
                    "Original Hash Batches": 1,
                    "Peak Memory Usage": 68640,
                    "Plans": [
                      {
                        "Node Type": "Merge Join",
                        "Parent Relationship": "Outer",
                        "Parallel Aware": false,
                        "Join Type": "Inner",
                        "Startup Cost": 3.21,
                        "Total Cost": 259436.39,
                        "Plan Rows": 779260,
                        "Plan Width": 8,
                        "Actual Startup Time": 5.217,
                        "Actual Total Time": 1747.877,
                        "Actual Rows": 667442,
                        "Actual Loops": 2,
                        "Inner Unique": true,
                        "Merge Cond": "(mc.movie_id = t.id)",
                        "Plans": [
                          {
                            "Node Type": "Index Scan",
                            "Parent Relationship": "Outer",
                            "Parallel Aware": true,
                            "Scan Direction": "Forward",
                            "Index Name": "movie_id_movie_companies",
                            "Relation Name": "movie_companies",
                            "Alias": "mc",
                            "Startup Cost": 0.43,
                            "Total Cost": 133152.93,
                            "Plan Rows": 779260,
                            "Plan Width": 4,
                            "Actual Startup Time": 0.139,
                            "Actual Total Time": 353.315,
                            "Actual Rows": 667442,
                            "Actual Loops": 2,
                            "Filter": "(company_type_id > 1)",
                            "Rows Removed by Filter": 637123
                          },
                          {
                            "Node Type": "Index Only Scan",
                            "Parent Relationship": "Inner",
                            "Parallel Aware": false,
                            "Scan Direction": "Forward",
                            "Index Name": "title_pkey",
                            "Relation Name": "title",
                            "Alias": "t",
                            "Startup Cost": 0.43,
                            "Total Cost": 110339.97,
                            "Plan Rows": 2528293,
                            "Plan Width": 4,
                            "Actual Startup Time": 0.118,
                            "Actual Total Time": 1195.334,
                            "Actual Rows": 2525674,
                            "Actual Loops": 2,
                            "Heap Fetches": 5051347
                          }
                        ]
                      }
                    ]
                  }
                ]
              }
            ]
          }
        ]
      }
    ]
  },
  "Planning Time": 1.1,
  "Triggers": [],
  "Execution Time": 8958.527
}