[
  {
    "Plan": {
      "Node Type": "Aggregate",
      "Strategy": "Plain",
      "Partial Mode": "Finalize",
      "Parallel Aware": false,
      "Startup Cost": 396109.55,
      "Total Cost": 396109.56,
      "Plan Rows": 1,
      "Plan Width": 8,
      "Actual Startup Time": 1282.818,
      "Actual Total Time": 1310.046,
      "Actual Rows": 1,
      "Actual Loops": 1,
      "Plans": [
        {
          "Node Type": "Gather",
          "Parent Relationship": "Outer",
          "Parallel Aware": false,
          "Startup Cost": 396109.33,
          "Total Cost": 396109.54,
          "Plan Rows": 2,
          "Plan Width": 8,
          "Actual Startup Time": 1276.287,
          "Actual Total Time": 1310.037,
          "Actual Rows": 3,
          "Actual Loops": 1,
          "Workers Planned": 2,
          "Workers Launched": 2,
          "Single Copy": false,
          "Plans": [
            {
              "Node Type": "Aggregate",
              "Strategy": "Plain",
              "Partial Mode": "Partial",
              "Parent Relationship": "Outer",
              "Parallel Aware": false,
              "Startup Cost": 395109.33,
              "Total Cost": 395109.34,
              "Plan Rows": 1,
              "Plan Width": 8,
              "Actual Startup Time": 1263.678,
              "Actual Total Time": 1263.685,
              "Actual Rows": 1,
              "Actual Loops": 3,
              "Plans": [
                {
                  "Node Type": "Hash Join",
                  "Parent Relationship": "Outer",
                  "Parallel Aware": true,
                  "Join Type": "Inner",
                  "Startup Cost": 378126.38,
                  "Total Cost": 394424.44,
                  "Plan Rows": 273958,
                  "Plan Width": 0,
                  "Actual Startup Time": 1025.849,
                  "Actual Total Time": 1229.31,
                  "Actual Rows": 834956,
                  "Actual Loops": 3,
                  "Inner Unique": false,
                  "Hash Cond": "(mi_idx.movie_id = t.id)",
                  "Plans": [
                    {
                      "Node Type": "Seq Scan",
                      "Parent Relationship": "Outer",
                      "Parallel Aware": true,
                      "Relation Name": "movie_info_idx",
                      "Alias": "mi_idx",
                      "Startup Cost": 0.0,
                      "Total Cost": 13685.15,
                      "Plan Rows": 575015,
                      "Plan Width": 4,
                      "Actual Startup Time": 0.037,
                      "Actual Total Time": 39.818,
                      "Actual Rows": 460012,
                      "Actual Loops": 3
                    },
                    {
                      "Node Type": "Hash",
                      "Parent Relationship": "Inner",
                      "Parallel Aware": true,
                      "Startup Cost": 375616.73,
                      "Total Cost": 375616.73,
                      "Plan Rows": 200772,
                      "Plan Width": 8,
                      "Actual Startup Time": 1015.721,
                      "Actual Total Time": 1015.726,
                      "Actual Rows": 362044,
                      "Actual Loops": 3,
                      "Hash Buckets": 2097152,
                      "Original Hash Buckets": 2097152,
                      "Hash Batches": 1,
                      "Original Hash Batches": 1,
                      "Peak Memory Usage": 58912,
                      "Plans": [
                        {
                          "Node Type": "Hash Join",
                          "Parent Relationship": "Outer",
                          "Parallel Aware": true,
                          "Join Type": "Inner",
                          "Startup Cost": 115146.71,
                          "Total Cost": 375616.73,
                          "Plan Rows": 200772,
                          "Plan Width": 8,
                          "Actual Startup Time": 407.892,
                          "Actual Total Time": 884.365,
                          "Actual Rows": 362044,
                          "Actual Loops": 3,
                          "Inner Unique": true,
                          "Hash Cond": "(ci.movie_id = t.id)",
                          "Plans": [
                            {
                              "Node Type": "Bitmap Heap Scan",
                              "Parent Relationship": "Outer",
                              "Parallel Aware": true,
                              "Relation Name": "cast_info",
                              "Alias": "ci",
                              "Startup Cost": 68164.56,
                              "Total Cost": 327283.81,
                              "Plan Rows": 514580,
                              "Plan Width": 4,
                              "Actual Startup Time": 169.085,
                              "Actual Total Time": 329.894,
                              "Actual Rows": 1008489,
                              "Actual Loops": 3,
                              "Recheck Cond": "(person_id > 3501196)",
                              "Rows Removed by Index Recheck": 0,
                              "Exact Heap Blocks": 14886,
                              "Lossy Heap Blocks": 0,
                              "Plans": [
                                {
                                  "Node Type": "Bitmap Index Scan",
                                  "Parent Relationship": "Outer",
                                  "Parallel Aware": false,
                                  "Index Name": "person_id_cast_info",
                                  "Startup Cost": 0.0,
                                  "Total Cost": 67392.69,
                                  "Plan Rows": 3087483,
                                  "Plan Width": 0,
                                  "Actual Startup Time": 162.38,
                                  "Actual Total Time": 162.38,
                                  "Actual Rows": 3025467,
                                  "Actual Loops": 1,
                                  "Index Cond": "(person_id > 3501196)"
                                }
                              ]
                            },
                            {
                              "Node Type": "Hash",
                              "Parent Relationship": "Inner",
                              "Parallel Aware": true,
                              "Startup Cost": 43899.32,
                              "Total Cost": 43899.32,
                              "Plan Rows": 246626,
                              "Plan Width": 4,
                              "Actual Startup Time": 235.81,
                              "Actual Total Time": 235.811,
                              "Actual Rows": 328349,
                              "Actual Loops": 3,
                              "Hash Buckets": 1048576,
                              "Original Hash Buckets": 1048576,
                              "Hash Batches": 1,
                              "Original Hash Batches": 1,
                              "Peak Memory Usage": 46784,
                              "Plans": [
                                {
                                  "Node Type": "Seq Scan",
                                  "Parent Relationship": "Outer",
                                  "Parallel Aware": true,
                                  "Relation Name": "title",
                                  "Alias": "t",
                                  "Startup Cost": 0.0,
                                  "Total Cost": 43899.32,
                                  "Plan Rows": 246626,
                                  "Plan Width": 4,
                                  "Actual Startup Time": 0.056,
                                  "Actual Total Time": 126.138,
                                  "Actual Rows": 328349,
                                  "Actual Loops": 3,
                                  "Filter": "(kind_id < 7)",
                                  "Rows Removed by Filter": 514421
                                }
                              ]
                            }
                          ]
                        }
                      ]
                    }
                  ]
                }
              ]
            }
          ]
        }
      ]
    },
    "Planning Time": 1.124,
    "Triggers": [],
    "Execution Time": 1310.156
  }
]