[
  {
    "Plan": {
      "Node Type": "Aggregate",
      "Strategy": "Plain",
      "Partial Mode": "Finalize",
      "Parallel Aware": false,
      "Startup Cost": 123392.99,
      "Total Cost": 123393.0,
      "Plan Rows": 1,
      "Plan Width": 8,
      "Actual Startup Time": 619.513,
      "Actual Total Time": 649.426,
      "Actual Rows": 1,
      "Actual Loops": 1,
      "Plans": [
        {
          "Node Type": "Gather",
          "Parent Relationship": "Outer",
          "Parallel Aware": false,
          "Startup Cost": 123392.68,
          "Total Cost": 123392.99,
          "Plan Rows": 3,
          "Plan Width": 8,
          "Actual Startup Time": 612.792,
          "Actual Total Time": 649.416,
          "Actual Rows": 4,
          "Actual Loops": 1,
          "Workers Planned": 3,
          "Workers Launched": 3,
          "Single Copy": false,
          "Plans": [
            {
              "Node Type": "Aggregate",
              "Strategy": "Plain",
              "Partial Mode": "Partial",
              "Parent Relationship": "Outer",
              "Parallel Aware": false,
              "Startup Cost": 122392.68,
              "Total Cost": 122392.69,
              "Plan Rows": 1,
              "Plan Width": 8,
              "Actual Startup Time": 606.456,
              "Actual Total Time": 606.837,
              "Actual Rows": 1,
              "Actual Loops": 4,
              "Plans": [
                {
                  "Node Type": "Hash Join",
                  "Parent Relationship": "Outer",
                  "Parallel Aware": true,
                  "Join Type": "Inner",
                  "Startup Cost": 77725.65,
                  "Total Cost": 122301.6,
                  "Plan Rows": 36431,
                  "Plan Width": 0,
                  "Actual Startup Time": 408.39,
                  "Actual Total Time": 598.698,
                  "Actual Rows": 137545,
                  "Actual Loops": 4,
                  "Inner Unique": false,
                  "Hash Cond": "(mk.movie_id = t.id)",
                  "Plans": [
                    {
                      "Node Type": "Seq Scan",
                      "Parent Relationship": "Outer",
                      "Parallel Aware": true,
                      "Relation Name": "movie_keyword",
                      "Alias": "mk",
                      "Startup Cost": 0.0,
                      "Total Cost": 42695.65,
                      "Plan Rows": 470074,
                      "Plan Width": 4,
                      "Actual Startup Time": 0.042,
                      "Actual Total Time": 121.961,
                      "Actual Rows": 364116,
                      "Actual Loops": 4,
                      "Filter": "(keyword_id < 2053)",
                      "Rows Removed by Filter": 766867
                    },
                    {
                      "Node Type": "Hash",
                      "Parent Relationship": "Inner",
                      "Parallel Aware": true,
                      "Startup Cost": 76935.51,
                      "Total Cost": 76935.51,
                      "Plan Rows": 63211,
                      "Plan Width": 8,
                      "Actual Startup Time": 406.62,
                      "Actual Total Time": 406.998,
                      "Actual Rows": 65386,
                      "Actual Loops": 4,
                      "Hash Buckets": 262144,
                      "Original Hash Buckets": 262144,
                      "Hash Batches": 1,
                      "Original Hash Batches": 1,
                      "Peak Memory Usage": 12352,
                      "Plans": [
                        {
                          "Node Type": "Hash Join",
                          "Parent Relationship": "Outer",
                          "Parallel Aware": true,
                          "Join Type": "Inner",
                          "Startup Cost": 47231.36,
                          "Total Cost": 76935.51,
                          "Plan Rows": 63211,
                          "Plan Width": 8,
                          "Actual Startup Time": 252.55,
                          "Actual Total Time": 383.253,
                          "Actual Rows": 65386,
                          "Actual Loops": 4,
                          "Inner Unique": true,
                          "Hash Cond": "(mc.movie_id = t.id)",
                          "Plans": [
                            {
                              "Node Type": "Seq Scan",
                              "Parent Relationship": "Outer",
                              "Parallel Aware": true,
                              "Relation Name": "movie_companies",
                              "Alias": "mc",
                              "Startup Cost": 0.0,
                              "Total Cost": 29310.68,
                              "Plan Rows": 149893,
                              "Plan Width": 4,
                              "Actual Startup Time": 0.012,
                              "Actual Total Time": 76.735,
                              "Actual Rows": 114520,
                              "Actual Loops": 4,
                              "Filter": "(company_id < 394)",
                              "Rows Removed by Filter": 537762
                            },
                            {
                              "Node Type": "Hash",
                              "Parent Relationship": "Inner",
                              "Parallel Aware": true,
                              "Startup Cost": 43899.32,
                              "Total Cost": 43899.32,
                              "Plan Rows": 266563,
                              "Plan Width": 4,
                              "Actual Startup Time": 247.776,
                              "Actual Total Time": 247.777,
                              "Actual Rows": 268691,
                              "Actual Loops": 4,
                              "Hash Buckets": 2097152,
                              "Original Hash Buckets": 2097152,
                              "Hash Batches": 1,
                              "Original Hash Batches": 1,
                              "Peak Memory Usage": 58496,
                              "Plans": [
                                {
                                  "Node Type": "Seq Scan",
                                  "Parent Relationship": "Outer",
                                  "Parallel Aware": true,
                                  "Relation Name": "title",
                                  "Alias": "t",
                                  "Startup Cost": 0.0,
                                  "Total Cost": 43899.32,
                                  "Plan Rows": 266563,
                                  "Plan Width": 4,
                                  "Actual Startup Time": 0.026,
                                  "Actual Total Time": 124.905,
                                  "Actual Rows": 268691,
                                  "Actual Loops": 4,
                                  "Filter": "(production_year < 2001)",
                                  "Rows Removed by Filter": 363387
                                }
                              ]
                            }
                          ]
                        }
                      ]
                    }
                  ]
                }
              ]
            }
          ]
        }
      ]
    },
    "Planning Time": 0.681,
    "Triggers": [],
    "Execution Time": 649.483
  }
]