[
  {
    "Plan": {
      "Node Type": "Aggregate",
      "Strategy": "Plain",
      "Partial Mode": "Finalize",
      "Parallel Aware": false,
      "Startup Cost": 122806.88,
      "Total Cost": 122806.89,
      "Plan Rows": 1,
      "Plan Width": 8,
      "Actual Startup Time": 534.389,
      "Actual Total Time": 554.954,
      "Actual Rows": 1,
      "Actual Loops": 1,
      "Plans": [
        {
          "Node Type": "Gather",
          "Parent Relationship": "Outer",
          "Parallel Aware": false,
          "Startup Cost": 122806.56,
          "Total Cost": 122806.87,
          "Plan Rows": 3,
          "Plan Width": 8,
          "Actual Startup Time": 531.721,
          "Actual Total Time": 554.941,
          "Actual Rows": 4,
          "Actual Loops": 1,
          "Workers Planned": 3,
          "Workers Launched": 3,
          "Single Copy": false,
          "Plans": [
            {
              "Node Type": "Aggregate",
              "Strategy": "Plain",
              "Partial Mode": "Partial",
              "Parent Relationship": "Outer",
              "Parallel Aware": false,
              "Startup Cost": 121806.56,
              "Total Cost": 121806.57,
              "Plan Rows": 1,
              "Plan Width": 8,
              "Actual Startup Time": 521.74,
              "Actual Total Time": 522.072,
              "Actual Rows": 1,
              "Actual Loops": 4,
              "Plans": [
                {
                  "Node Type": "Hash Join",
                  "Parent Relationship": "Outer",
                  "Parallel Aware": true,
                  "Join Type": "Inner",
                  "Startup Cost": 77184.27,
                  "Total Cost": 121716.35,
                  "Plan Rows": 36082,
                  "Plan Width": 0,
                  "Actual Startup Time": 338.162,
                  "Actual Total Time": 514.791,
                  "Actual Rows": 137545,
                  "Actual Loops": 4,
                  "Inner Unique": false,
                  "Hash Cond": "(mk.movie_id = t.id)",
                  "Plans": [
                    {
                      "Node Type": "Seq Scan",
                      "Parent Relationship": "Outer",
                      "Parallel Aware": true,
                      "Relation Name": "movie_keyword",
                      "Alias": "mk",
                      "Startup Cost": 0.0,
                      "Total Cost": 42695.65,
                      "Plan Rows": 465661,
                      "Plan Width": 4,
                      "Actual Startup Time": 0.037,
                      "Actual Total Time": 114.402,
                      "Actual Rows": 364116,
                      "Actual Loops": 4,
                      "Filter": "(keyword_id < 2053)",
                      "Rows Removed by Filter": 766867
                    },
                    {
                      "Node Type": "Hash",
                      "Parent Relationship": "Inner",
                      "Parallel Aware": true,
                      "Startup Cost": 76572.07,
                      "Total Cost": 76572.07,
                      "Plan Rows": 48976,
                      "Plan Width": 8,
                      "Actual Startup Time": 335.614,
                      "Actual Total Time": 335.944,
                      "Actual Rows": 65386,
                      "Actual Loops": 4,
                      "Hash Buckets": 262144,
                      "Original Hash Buckets": 262144,
                      "Hash Batches": 1,
                      "Original Hash Batches": 1,
                      "Peak Memory Usage": 12320,
                      "Plans": [
                        {
                          "Node Type": "Hash Join",
                          "Parent Relationship": "Outer",
                          "Parallel Aware": true,
                          "Join Type": "Inner",
                          "Startup Cost": 31178.76,
                          "Total Cost": 76572.07,
                          "Plan Rows": 48976,
                          "Plan Width": 8,
                          "Actual Startup Time": 125.899,
                          "Actual Total Time": 313.097,
                          "Actual Rows": 65386,
                          "Actual Loops": 4,
                          "Inner Unique": false,
                          "Hash Cond": "(t.id = mc.movie_id)",
                          "Plans": [
                            {
                              "Node Type": "Seq Scan",
                              "Parent Relationship": "Outer",
                              "Parallel Aware": true,
                              "Relation Name": "title",
                              "Alias": "t",
                              "Startup Cost": 0.0,
                              "Total Cost": 43898.92,
                              "Plan Rows": 267282,
                              "Plan Width": 4,
                              "Actual Startup Time": 0.017,
                              "Actual Total Time": 99.343,
                              "Actual Rows": 268691,
                              "Actual Loops": 4,
                              "Filter": "(production_year < 2001)",
                              "Rows Removed by Filter": 363387
                            },
                            {
                              "Node Type": "Hash",
                              "Parent Relationship": "Inner",
                              "Parallel Aware": true,
                              "Startup Cost": 29310.68,
                              "Total Cost": 29310.68,
                              "Plan Rows": 149446,
                              "Plan Width": 4,
                              "Actual Startup Time": 123.9,
                              "Actual Total Time": 123.901,
                              "Actual Rows": 114520,
                              "Actual Loops": 4,
                              "Hash Buckets": 524288,
                              "Original Hash Buckets": 524288,
                              "Hash Batches": 1,
                              "Original Hash Batches": 1,
                              "Peak Memory Usage": 22112,
                              "Plans": [
                                {
                                  "Node Type": "Seq Scan",
                                  "Parent Relationship": "Outer",
                                  "Parallel Aware": true,
                                  "Relation Name": "movie_companies",
                                  "Alias": "mc",
                                  "Startup Cost": 0.0,
                                  "Total Cost": 29310.68,
                                  "Plan Rows": 149446,
                                  "Plan Width": 4,
                                  "Actual Startup Time": 0.043,
                                  "Actual Total Time": 78.532,
                                  "Actual Rows": 114520,
                                  "Actual Loops": 4,
                                  "Filter": "(company_id < 394)",
                                  "Rows Removed by Filter": 537762
                                }
                              ]
                            }
                          ]
                        }
                      ]
                    }
                  ]
                }
              ]
            }
          ]
        }
      ]
    },
    "Planning Time": 1.386,
    "Triggers": [],
    "Execution Time": 555.041
  }
]