[
    {
        "Bao": {
            "Bao prediction": "NaN",
            "Bao recommended hint": "(no hint)"
        }
    },
    {
        "Plan": {
            "Node Type": "Aggregate",
            "Strategy": "Plain",
            "Partial Mode": "Simple",
            "Parallel Aware": false,
            "Startup Cost": 4664.78,
            "Total Cost": 4664.79,
            "Plan Rows": 1,
            "Plan Width": 8,
            "Actual Startup Time": 3.724,
            "Actual Total Time": 3.726,
            "Actual Rows": 1,
            "Actual Loops": 1,
            "Output": [
                "count(*)"
            ],
            "Plans": [
                {
                    "Node Type": "Index Scan",
                    "Parent Relationship": "Outer",
                    "Parallel Aware": false,
                    "Scan Direction": "Forward",
                    "Index Name": "company_id_movie_companies",
                    "Relation Name": "movie_companies",
                    "Schema": "public",
                    "Alias": "mc",
                    "Startup Cost": 0.43,
                    "Total Cost": 4662.52,
                    "Plan Rows": 904,
                    "Plan Width": 0,
                    "Actual Startup Time": 0.022,
                    "Actual Total Time": 3.461,
                    "Actual Rows": 3969,
                    "Actual Loops": 1,
                    "Output": [
                        "id",
                        "movie_id",
                        "company_id",
                        "company_type_id",
                        "note"
                    ],
                    "Index Cond": "(mc.company_id < 6)",
                    "Rows Removed by Index Recheck": 0,
                    "Filter": "(mc.company_type_id < 2)",
                    "Rows Removed by Filter": 743
                }
            ]
        },
        "Planning Time": 310.255,
        "Triggers": [],
        "Execution Time": 3.771
    }
]