[
  {
    "Plan": {
      "Node Type": "Aggregate",
      "Strategy": "Plain",
      "Partial Mode": "Finalize",
      "Parallel Aware": false,
      "Startup Cost": 50538.87,
      "Total Cost": 50538.88,
      "Plan Rows": 1,
      "Plan Width": 8,
      "Actual Startup Time": 70.31,
      "Actual Total Time": 84.665,
      "Actual Rows": 1,
      "Actual Loops": 1,
      "Plans": [
        {
          "Node Type": "Gather",
          "Parent Relationship": "Outer",
          "Parallel Aware": false,
          "Startup Cost": 50538.55,
          "Total Cost": 50538.86,
          "Plan Rows": 3,
          "Plan Width": 8,
          "Actual Startup Time": 69.364,
          "Actual Total Time": 84.652,
          "Actual Rows": 4,
          "Actual Loops": 1,
          "Workers Planned": 3,
          "Workers Launched": 3,
          "Single Copy": false,
          "Plans": [
            {
              "Node Type": "Aggregate",
              "Strategy": "Plain",
              "Partial Mode": "Partial",
              "Parent Relationship": "Outer",
              "Parallel Aware": false,
              "Startup Cost": 49538.55,
              "Total Cost": 49538.56,
              "Plan Rows": 1,
              "Plan Width": 8,
              "Actual Startup Time": 63.507,
              "Actual Total Time": 63.51,
              "Actual Rows": 1,
              "Actual Loops": 4,
              "Plans": [
                {
                  "Node Type": "Nested Loop",
                  "Parent Relationship": "Outer",
                  "Parallel Aware": false,
                  "Join Type": "Inner",
                  "Startup Cost": 276.77,
                  "Total Cost": 49535.66,
                  "Plan Rows": 1156,
                  "Plan Width": 0,
                  "Actual Startup Time": 6.664,
                  "Actual Total Time": 63.204,
                  "Actual Rows": 2400,
                  "Actual Loops": 4,
                  "Inner Unique": false,
                  "Plans": [
                    {
                      "Node Type": "Nested Loop",
                      "Parent Relationship": "Outer",
                      "Parallel Aware": false,
                      "Join Type": "Inner",
                      "Startup Cost": 276.2,
                      "Total Cost": 46891.53,
                      "Plan Rows": 248,
                      "Plan Width": 8,
                      "Actual Startup Time": 5.985,
                      "Actual Total Time": 33.996,
                      "Actual Rows": 111,
                      "Actual Loops": 4,
                      "Inner Unique": true,
                      "Plans": [
                        {
                          "Node Type": "Bitmap Heap Scan",
                          "Parent Relationship": "Outer",
                          "Parallel Aware": true,
                          "Relation Name": "movie_keyword",
                          "Alias": "mk",
                          "Startup Cost": 275.77,
                          "Total Cost": 21317.58,
                          "Plan Rows": 4135,
                          "Plan Width": 4,
                          "Actual Startup Time": 0.951,
                          "Actual Total Time": 8.35,
                          "Actual Rows": 3591,
                          "Actual Loops": 4,
                          "Recheck Cond": "(keyword_id = 1)",
                          "Rows Removed by Index Recheck": 0,
                          "Exact Heap Blocks": 3626,
                          "Lossy Heap Blocks": 0,
                          "Plans": [
                            {
                              "Node Type": "Bitmap Index Scan",
                              "Parent Relationship": "Outer",
                              "Parallel Aware": false,
                              "Index Name": "keyword_id_movie_keyword",
                              "Startup Cost": 0.0,
                              "Total Cost": 272.57,
                              "Plan Rows": 12818,
                              "Plan Width": 0,
                              "Actual Startup Time": 2.128,
                              "Actual Total Time": 2.129,
                              "Actual Rows": 14364,
                              "Actual Loops": 1,
                              "Index Cond": "(keyword_id = 1)"
                            }
                          ]
                        },
                        {
                          "Node Type": "Index Scan",
                          "Parent Relationship": "Inner",
                          "Parallel Aware": false,
                          "Scan Direction": "Forward",
                          "Index Name": "title_pkey",
                          "Relation Name": "title",
                          "Alias": "t",
                          "Startup Cost": 0.43,
                          "Total Cost": 6.18,
                          "Plan Rows": 1,
                          "Plan Width": 4,
                          "Actual Startup Time": 0.007,
                          "Actual Total Time": 0.007,
                          "Actual Rows": 0,
                          "Actual Loops": 14364,
                          "Index Cond": "(id = mk.movie_id)",
                          "Rows Removed by Index Recheck": 0,
                          "Filter": "((kind_id < 7) AND (production_year > 2010))",
                          "Rows Removed by Filter": 1
                        }
                      ]
                    },
                    {
                      "Node Type": "Index Scan",
                      "Parent Relationship": "Inner",
                      "Parallel Aware": false,
                      "Scan Direction": "Forward",
                      "Index Name": "movie_id_cast_info",
                      "Relation Name": "cast_info",
                      "Alias": "ci",
                      "Startup Cost": 0.56,
                      "Total Cost": 10.55,
                      "Plan Rows": 11,
                      "Plan Width": 4,
                      "Actual Startup Time": 0.147,
                      "Actual Total Time": 0.259,
                      "Actual Rows": 22,
                      "Actual Loops": 445,
                      "Index Cond": "(movie_id = t.id)",
                      "Rows Removed by Index Recheck": 0,
                      "Filter": "((person_id > 948325) AND (role_id > 2))",
                      "Rows Removed by Filter": 31
                    }
                  ]
                }
              ]
            }
          ]
        }
      ]
    },
    "Planning Time": 0.524,
    "Triggers": [],
    "Execution Time": 84.714
  }
]