[
  {
    "Plan": {
      "Node Type": "Aggregate",
      "Strategy": "Plain",
      "Partial Mode": "Finalize",
      "Parallel Aware": false,
      "Startup Cost": 88736.5,
      "Total Cost": 88736.51,
      "Plan Rows": 1,
      "Plan Width": 8,
      "Actual Startup Time": 554.741,
      "Actual Total Time": 577.665,
      "Actual Rows": 1,
      "Actual Loops": 1,
      "Plans": [
        {
          "Node Type": "Gather",
          "Parent Relationship": "Outer",
          "Parallel Aware": false,
          "Startup Cost": 88736.18,
          "Total Cost": 88736.49,
          "Plan Rows": 3,
          "Plan Width": 8,
          "Actual Startup Time": 552.978,
          "Actual Total Time": 577.654,
          "Actual Rows": 4,
          "Actual Loops": 1,
          "Workers Planned": 3,
          "Workers Launched": 3,
          "Single Copy": false,
          "Plans": [
            {
              "Node Type": "Aggregate",
              "Strategy": "Plain",
              "Partial Mode": "Partial",
              "Parent Relationship": "Outer",
              "Parallel Aware": false,
              "Startup Cost": 87736.18,
              "Total Cost": 87736.19,
              "Plan Rows": 1,
              "Plan Width": 8,
              "Actual Startup Time": 542.961,
              "Actual Total Time": 542.966,
              "Actual Rows": 1,
              "Actual Loops": 4,
              "Plans": [
                {
                  "Node Type": "Nested Loop",
                  "Parent Relationship": "Outer",
                  "Parallel Aware": false,
                  "Join Type": "Inner",
                  "Startup Cost": 46491.36,
                  "Total Cost": 87717.21,
                  "Plan Rows": 7588,
                  "Plan Width": 0,
                  "Actual Startup Time": 253.844,
                  "Actual Total Time": 542.225,
                  "Actual Rows": 3664,
                  "Actual Loops": 4,
                  "Inner Unique": false,
                  "Plans": [
                    {
                      "Node Type": "Hash Join",
                      "Parent Relationship": "Outer",
                      "Parallel Aware": true,
                      "Join Type": "Inner",
                      "Startup Cost": 46490.94,
                      "Total Cost": 78190.87,
                      "Plan Rows": 13903,
                      "Plan Width": 8,
                      "Actual Startup Time": 239.74,
                      "Actual Total Time": 345.412,
                      "Actual Rows": 4985,
                      "Actual Loops": 4,
                      "Inner Unique": true,
                      "Hash Cond": "(mc.movie_id = t.id)",
                      "Plans": [
                        {
                          "Node Type": "Seq Scan",
                          "Parent Relationship": "Outer",
                          "Parallel Aware": true,
                          "Relation Name": "movie_companies",
                          "Alias": "mc",
                          "Startup Cost": 0.0,
                          "Total Cost": 31414.82,
                          "Plan Rows": 108617,
                          "Plan Width": 4,
                          "Actual Startup Time": 48.113,
                          "Actual Total Time": 122.558,
                          "Actual Rows": 45948,
                          "Actual Loops": 4,
                          "Filter": "((company_id < 900) AND (company_type_id = 2))",
                          "Rows Removed by Filter": 606334
                        },
                        {
                          "Node Type": "Hash",
                          "Parent Relationship": "Inner",
                          "Parallel Aware": true,
                          "Startup Cost": 45479.59,
                          "Total Cost": 45479.59,
                          "Plan Rows": 80908,
                          "Plan Width": 4,
                          "Actual Startup Time": 187.578,
                          "Actual Total Time": 187.579,
                          "Actual Rows": 87384,
                          "Actual Loops": 4,
                          "Hash Buckets": 524288,
                          "Original Hash Buckets": 524288,
                          "Hash Batches": 1,
                          "Original Hash Batches": 1,
                          "Peak Memory Usage": 17856,
                          "Plans": [
                            {
                              "Node Type": "Seq Scan",
                              "Parent Relationship": "Outer",
                              "Parallel Aware": true,
                              "Relation Name": "title",
                              "Alias": "t",
                              "Startup Cost": 0.0,
                              "Total Cost": 45479.59,
                              "Plan Rows": 80908,
                              "Plan Width": 4,
                              "Actual Startup Time": 0.06,
                              "Actual Total Time": 135.843,
                              "Actual Rows": 87384,
                              "Actual Loops": 4,
                              "Filter": "((production_year > 2009) AND (kind_id = 7))",
                              "Rows Removed by Filter": 544694
                            }
                          ]
                        }
                      ]
                    },
                    {
                      "Node Type": "Index Only Scan",
                      "Parent Relationship": "Inner",
                      "Parallel Aware": false,
                      "Scan Direction": "Forward",
                      "Index Name": "movie_id_movie_info_idx",
                      "Relation Name": "movie_info_idx",
                      "Alias": "mi_idx",
                      "Startup Cost": 0.43,
                      "Total Cost": 0.66,
                      "Plan Rows": 3,
                      "Plan Width": 4,
                      "Actual Startup Time": 0.038,
                      "Actual Total Time": 0.039,
                      "Actual Rows": 1,
                      "Actual Loops": 19940,
                      "Index Cond": "(movie_id = t.id)",
                      "Rows Removed by Index Recheck": 0,
                      "Heap Fetches": 14655
                    }
                  ]
                }
              ]
            }
          ]
        }
      ]
    },
    "Planning Time": 1.453,
    "Triggers": [],
    "Execution Time": 577.758
  }
]