[
  {
    "Plan": {
      "Node Type": "Aggregate",
      "Strategy": "Plain",
      "Partial Mode": "Finalize",
      "Parallel Aware": false,
      "Startup Cost": 32908.49,
      "Total Cost": 32908.5,
      "Plan Rows": 1,
      "Plan Width": 8,
      "Actual Startup Time": 92.829,
      "Actual Total Time": 100.939,
      "Actual Rows": 1,
      "Actual Loops": 1,
      "Plans": [
        {
          "Node Type": "Gather",
          "Parent Relationship": "Outer",
          "Parallel Aware": false,
          "Startup Cost": 32908.17,
          "Total Cost": 32908.48,
          "Plan Rows": 3,
          "Plan Width": 8,
          "Actual Startup Time": 92.649,
          "Actual Total Time": 100.925,
          "Actual Rows": 4,
          "Actual Loops": 1,
          "Workers Planned": 3,
          "Workers Launched": 3,
          "Single Copy": false,
          "Plans": [
            {
              "Node Type": "Aggregate",
              "Strategy": "Plain",
              "Partial Mode": "Partial",
              "Parent Relationship": "Outer",
              "Parallel Aware": false,
              "Startup Cost": 31908.17,
              "Total Cost": 31908.18,
              "Plan Rows": 1,
              "Plan Width": 8,
              "Actual Startup Time": 86.986,
              "Actual Total Time": 86.988,
              "Actual Rows": 1,
              "Actual Loops": 4,
              "Plans": [
                {
                  "Node Type": "Seq Scan",
                  "Parent Relationship": "Outer",
                  "Parallel Aware": true,
                  "Relation Name": "movie_companies",
                  "Alias": "mc",
                  "Startup Cost": 0.0,
                  "Total Cost": 31414.82,
                  "Plan Rows": 197340,
                  "Plan Width": 0,
                  "Actual Startup Time": 0.043,
                  "Actual Total Time": 74.836,
                  "Actual Rows": 213133,
                  "Actual Loops": 4,
                  "Filter": "((company_id < 11196) AND (company_type_id = 1))",
                  "Rows Removed by Filter": 439150
                }
              ]
            }
          ]
        }
      ]
    },
    "Planning Time": 0.232,
    "Triggers": [],
    "Execution Time": 100.996
  }
]