[
  {
    "Plan": {
      "Node Type": "Aggregate",
      "Strategy": "Plain",
      "Partial Mode": "Finalize",
      "Parallel Aware": false,
      "Startup Cost": 81589.82,
      "Total Cost": 81589.83,
      "Plan Rows": 1,
      "Plan Width": 8,
      "Actual Startup Time": 326.862,
      "Actual Total Time": 341.465,
      "Actual Rows": 1,
      "Actual Loops": 1,
      "Plans": [
        {
          "Node Type": "Gather",
          "Parent Relationship": "Outer",
          "Parallel Aware": false,
          "Startup Cost": 81589.5,
          "Total Cost": 81589.81,
          "Plan Rows": 3,
          "Plan Width": 8,
          "Actual Startup Time": 322.471,
          "Actual Total Time": 341.457,
          "Actual Rows": 4,
          "Actual Loops": 1,
          "Workers Planned": 3,
          "Workers Launched": 3,
          "Single Copy": false,
          "Plans": [
            {
              "Node Type": "Aggregate",
              "Strategy": "Plain",
              "Partial Mode": "Partial",
              "Parent Relationship": "Outer",
              "Parallel Aware": false,
              "Startup Cost": 80589.5,
              "Total Cost": 80589.51,
              "Plan Rows": 1,
              "Plan Width": 8,
              "Actual Startup Time": 313.306,
              "Actual Total Time": 313.323,
              "Actual Rows": 1,
              "Actual Loops": 4,
              "Plans": [
                {
                  "Node Type": "Hash Join",
                  "Parent Relationship": "Outer",
                  "Parallel Aware": true,
                  "Join Type": "Inner",
                  "Startup Cost": 48207.65,
                  "Total Cost": 80350.16,
                  "Plan Rows": 95736,
                  "Plan Width": 0,
                  "Actual Startup Time": 227.114,
                  "Actual Total Time": 309.638,
                  "Actual Rows": 80458,
                  "Actual Loops": 4,
                  "Inner Unique": true,
                  "Hash Cond": "(mc.movie_id = t.id)",
                  "Plans": [
                    {
                      "Node Type": "Seq Scan",
                      "Parent Relationship": "Outer",
                      "Parallel Aware": true,
                      "Relation Name": "movie_companies",
                      "Alias": "mc",
                      "Startup Cost": 0.0,
                      "Total Cost": 31414.82,
                      "Plan Rows": 277218,
                      "Plan Width": 4,
                      "Actual Startup Time": 32.847,
                      "Actual Total Time": 67.956,
                      "Actual Rows": 136131,
                      "Actual Loops": 4,
                      "Filter": "((company_id < 19687) AND (company_type_id > 1))",
                      "Rows Removed by Filter": 516151
                    },
                    {
                      "Node Type": "Hash",
                      "Parent Relationship": "Inner",
                      "Parallel Aware": true,
                      "Startup Cost": 45479.1,
                      "Total Cost": 45479.1,
                      "Plan Rows": 218284,
                      "Plan Width": 4,
                      "Actual Startup Time": 189.146,
                      "Actual Total Time": 189.146,
                      "Actual Rows": 224197,
                      "Actual Loops": 4,
                      "Hash Buckets": 1048576,
                      "Original Hash Buckets": 1048576,
                      "Hash Batches": 1,
                      "Original Hash Batches": 1,
                      "Peak Memory Usage": 43328,
                      "Plans": [
                        {
                          "Node Type": "Seq Scan",
                          "Parent Relationship": "Outer",
                          "Parallel Aware": true,
                          "Relation Name": "title",
                          "Alias": "t",
                          "Startup Cost": 0.0,
                          "Total Cost": 45479.1,
                          "Plan Rows": 218284,
                          "Plan Width": 4,
                          "Actual Startup Time": 0.042,
                          "Actual Total Time": 111.083,
                          "Actual Rows": 224197,
                          "Actual Loops": 4,
                          "Filter": "((kind_id < 7) AND (production_year < 2012))",
                          "Rows Removed by Filter": 407881
                        }
                      ]
                    }
                  ]
                }
              ]
            }
          ]
        }
      ]
    },
    "Planning Time": 0.647,
    "Triggers": [],
    "Execution Time": 341.534
  }
]