[
  {
    "Plan": {
      "Node Type": "Aggregate",
      "Strategy": "Plain",
      "Partial Mode": "Finalize",
      "Parallel Aware": false,
      "Startup Cost": 72649.15,
      "Total Cost": 72649.16,
      "Plan Rows": 1,
      "Plan Width": 8,
      "Actual Startup Time": 172.959,
      "Actual Total Time": 187.835,
      "Actual Rows": 1,
      "Actual Loops": 1,
      "Plans": [
        {
          "Node Type": "Gather",
          "Parent Relationship": "Outer",
          "Parallel Aware": false,
          "Startup Cost": 72648.83,
          "Total Cost": 72649.14,
          "Plan Rows": 3,
          "Plan Width": 8,
          "Actual Startup Time": 172.17,
          "Actual Total Time": 187.817,
          "Actual Rows": 4,
          "Actual Loops": 1,
          "Workers Planned": 3,
          "Workers Launched": 3,
          "Single Copy": false,
          "Plans": [
            {
              "Node Type": "Aggregate",
              "Strategy": "Plain",
              "Partial Mode": "Partial",
              "Parent Relationship": "Outer",
              "Parallel Aware": false,
              "Startup Cost": 71648.83,
              "Total Cost": 71648.84,
              "Plan Rows": 1,
              "Plan Width": 8,
              "Actual Startup Time": 168.485,
              "Actual Total Time": 168.489,
              "Actual Rows": 1,
              "Actual Loops": 4,
              "Plans": [
                {
                  "Node Type": "Nested Loop",
                  "Parent Relationship": "Outer",
                  "Parallel Aware": false,
                  "Join Type": "Inner",
                  "Startup Cost": 45755.04,
                  "Total Cost": 71647.06,
                  "Plan Rows": 711,
                  "Plan Width": 0,
                  "Actual Startup Time": 121.346,
                  "Actual Total Time": 168.39,
                  "Actual Rows": 1016,
                  "Actual Loops": 4,
                  "Inner Unique": false,
                  "Plans": [
                    {
                      "Node Type": "Hash Join",
                      "Parent Relationship": "Outer",
                      "Parallel Aware": true,
                      "Join Type": "Inner",
                      "Startup Cost": 45754.61,
                      "Total Cost": 70520.05,
                      "Plan Rows": 1304,
                      "Plan Width": 8,
                      "Actual Startup Time": 121.267,
                      "Actual Total Time": 163.798,
                      "Actual Rows": 547,
                      "Actual Loops": 4,
                      "Inner Unique": true,
                      "Hash Cond": "(mk.movie_id = t.id)",
                      "Plans": [
                        {
                          "Node Type": "Bitmap Heap Scan",
                          "Parent Relationship": "Outer",
                          "Parallel Aware": true,
                          "Relation Name": "movie_keyword",
                          "Alias": "mk",
                          "Startup Cost": 1355.14,
                          "Total Cost": 26066.53,
                          "Plan Rows": 20591,
                          "Plan Width": 4,
                          "Actual Startup Time": 14.049,
                          "Actual Total Time": 52.041,
                          "Actual Rows": 15889,
                          "Actual Loops": 4,
                          "Recheck Cond": "(keyword_id > 93711)",
                          "Rows Removed by Index Recheck": 0,
                          "Exact Heap Blocks": 5253,
                          "Lossy Heap Blocks": 0,
                          "Plans": [
                            {
                              "Node Type": "Bitmap Index Scan",
                              "Parent Relationship": "Outer",
                              "Parallel Aware": false,
                              "Index Name": "keyword_id_movie_keyword",
                              "Startup Cost": 0.0,
                              "Total Cost": 1339.18,
                              "Plan Rows": 63833,
                              "Plan Width": 0,
                              "Actual Startup Time": 10.587,
                              "Actual Total Time": 10.588,
                              "Actual Rows": 63555,
                              "Actual Loops": 1,
                              "Index Cond": "(keyword_id > 93711)"
                            }
                          ]
                        },
                        {
                          "Node Type": "Hash",
                          "Parent Relationship": "Inner",
                          "Parallel Aware": true,
                          "Startup Cost": 43899.32,
                          "Total Cost": 43899.32,
                          "Plan Rows": 40012,
                          "Plan Width": 4,
                          "Actual Startup Time": 106.119,
                          "Actual Total Time": 106.119,
                          "Actual Rows": 41077,
                          "Actual Loops": 4,
                          "Hash Buckets": 262144,
                          "Original Hash Buckets": 262144,
                          "Hash Batches": 1,
                          "Original Hash Batches": 1,
                          "Peak Memory Usage": 8544,
                          "Plans": [
                            {
                              "Node Type": "Seq Scan",
                              "Parent Relationship": "Outer",
                              "Parallel Aware": true,
                              "Relation Name": "title",
                              "Alias": "t",
                              "Startup Cost": 0.0,
                              "Total Cost": 43899.32,
                              "Plan Rows": 40012,
                              "Plan Width": 4,
                              "Actual Startup Time": 0.021,
                              "Actual Total Time": 91.025,
                              "Actual Rows": 41077,
                              "Actual Loops": 4,
                              "Filter": "(production_year = 2012)",
                              "Rows Removed by Filter": 591001
                            }
                          ]
                        }
                      ]
                    },
                    {
                      "Node Type": "Index Only Scan",
                      "Parent Relationship": "Inner",
                      "Parallel Aware": false,
                      "Scan Direction": "Forward",
                      "Index Name": "movie_id_movie_info_idx",
                      "Relation Name": "movie_info_idx",
                      "Alias": "mi_idx",
                      "Startup Cost": 0.43,
                      "Total Cost": 0.83,
                      "Plan Rows": 3,
                      "Plan Width": 4,
                      "Actual Startup Time": 0.007,
                      "Actual Total Time": 0.008,
                      "Actual Rows": 2,
                      "Actual Loops": 2187,
                      "Index Cond": "(movie_id = t.id)",
                      "Rows Removed by Index Recheck": 0,
                      "Heap Fetches": 4063
                    }
                  ]
                }
              ]
            }
          ]
        }
      ]
    },
    "Planning Time": 0.435,
    "Triggers": [],
    "Execution Time": 187.885
  }
]