[
  {
    "Plan": {
      "Node Type": "Aggregate",
      "Strategy": "Plain",
      "Partial Mode": "Finalize",
      "Parallel Aware": false,
      "Startup Cost": 31973.4,
      "Total Cost": 31973.41,
      "Plan Rows": 1,
      "Plan Width": 8,
      "Actual Startup Time": 115.383,
      "Actual Total Time": 123.201,
      "Actual Rows": 1,
      "Actual Loops": 1,
      "Plans": [
        {
          "Node Type": "Gather",
          "Parent Relationship": "Outer",
          "Parallel Aware": false,
          "Startup Cost": 31973.08,
          "Total Cost": 31973.39,
          "Plan Rows": 3,
          "Plan Width": 8,
          "Actual Startup Time": 115.307,
          "Actual Total Time": 123.194,
          "Actual Rows": 4,
          "Actual Loops": 1,
          "Workers Planned": 3,
          "Workers Launched": 3,
          "Single Copy": false,
          "Plans": [
            {
              "Node Type": "Aggregate",
              "Strategy": "Plain",
              "Partial Mode": "Partial",
              "Parent Relationship": "Outer",
              "Parallel Aware": false,
              "Startup Cost": 30973.08,
              "Total Cost": 30973.09,
              "Plan Rows": 1,
              "Plan Width": 8,
              "Actual Startup Time": 106.759,
              "Actual Total Time": 106.76,
              "Actual Rows": 1,
              "Actual Loops": 4,
              "Plans": [
                {
                  "Node Type": "Seq Scan",
                  "Parent Relationship": "Outer",
                  "Parallel Aware": true,
                  "Relation Name": "movie_companies",
                  "Alias": "mc",
                  "Startup Cost": 0.0,
                  "Total Cost": 29310.68,
                  "Plan Rows": 664960,
                  "Plan Width": 0,
                  "Actual Startup Time": 0.331,
                  "Actual Total Time": 84.019,
                  "Actual Rows": 516082,
                  "Actual Loops": 4,
                  "Filter": "(company_id > 533)",
                  "Rows Removed by Filter": 136200
                }
              ]
            }
          ]
        }
      ]
    },
    "Planning Time": 0.17,
    "Triggers": [],
    "Execution Time": 123.254
  }
]