[
  {
    "Plan": {
      "Node Type": "Aggregate",
      "Strategy": "Plain",
      "Partial Mode": "Finalize",
      "Parallel Aware": false,
      "Startup Cost": 31229.86,
      "Total Cost": 31229.87,
      "Plan Rows": 1,
      "Plan Width": 8,
      "Actual Startup Time": 97.386,
      "Actual Total Time": 103.533,
      "Actual Rows": 1,
      "Actual Loops": 1,
      "Plans": [
        {
          "Node Type": "Gather",
          "Parent Relationship": "Outer",
          "Parallel Aware": false,
          "Startup Cost": 31229.54,
          "Total Cost": 31229.85,
          "Plan Rows": 3,
          "Plan Width": 8,
          "Actual Startup Time": 97.17,
          "Actual Total Time": 103.524,
          "Actual Rows": 4,
          "Actual Loops": 1,
          "Workers Planned": 3,
          "Workers Launched": 3,
          "Single Copy": false,
          "Plans": [
            {
              "Node Type": "Aggregate",
              "Strategy": "Plain",
              "Partial Mode": "Partial",
              "Parent Relationship": "Outer",
              "Parallel Aware": false,
              "Startup Cost": 30229.54,
              "Total Cost": 30229.55,
              "Plan Rows": 1,
              "Plan Width": 8,
              "Actual Startup Time": 91.65,
              "Actual Total Time": 91.651,
              "Actual Rows": 1,
              "Actual Loops": 4,
              "Plans": [
                {
                  "Node Type": "Seq Scan",
                  "Parent Relationship": "Outer",
                  "Parallel Aware": true,
                  "Relation Name": "movie_companies",
                  "Alias": "mc",
                  "Startup Cost": 0.0,
                  "Total Cost": 29310.68,
                  "Plan Rows": 367545,
                  "Plan Width": 0,
                  "Actual Startup Time": 0.037,
                  "Actual Total Time": 75.299,
                  "Actual Rows": 284395,
                  "Actual Loops": 4,
                  "Filter": "(company_id < 8500)",
                  "Rows Removed by Filter": 367887
                }
              ]
            }
          ]
        }
      ]
    },
    "Planning Time": 0.191,
    "Triggers": [],
    "Execution Time": 103.593
  }
]