[
  {
    "Plan": {
      "Node Type": "Aggregate",
      "Strategy": "Plain",
      "Partial Mode": "Finalize",
      "Parallel Aware": false,
      "Startup Cost": 351428.2,
      "Total Cost": 351428.21,
      "Plan Rows": 1,
      "Plan Width": 8,
      "Actual Startup Time": 926.453,
      "Actual Total Time": 992.317,
      "Actual Rows": 1,
      "Actual Loops": 1,
      "Plans": [
        {
          "Node Type": "Gather",
          "Parent Relationship": "Outer",
          "Parallel Aware": false,
          "Startup Cost": 351427.57,
          "Total Cost": 351428.18,
          "Plan Rows": 6,
          "Plan Width": 8,
          "Actual Startup Time": 926.339,
          "Actual Total Time": 992.305,
          "Actual Rows": 7,
          "Actual Loops": 1,
          "Workers Planned": 6,
          "Workers Launched": 6,
          "Single Copy": false,
          "Plans": [
            {
              "Node Type": "Aggregate",
              "Strategy": "Plain",
              "Partial Mode": "Partial",
              "Parent Relationship": "Outer",
              "Parallel Aware": false,
              "Startup Cost": 350427.57,
              "Total Cost": 350427.58,
              "Plan Rows": 1,
              "Plan Width": 8,
              "Actual Startup Time": 915.432,
              "Actual Total Time": 915.433,
              "Actual Rows": 1,
              "Actual Loops": 7,
              "Plans": [
                {
                  "Node Type": "Seq Scan",
                  "Parent Relationship": "Outer",
                  "Parallel Aware": true,
                  "Relation Name": "cast_info",
                  "Alias": "ci",
                  "Startup Cost": 0.0,
                  "Total Cost": 343257.03,
                  "Plan Rows": 2868218,
                  "Plan Width": 0,
                  "Actual Startup Time": 0.051,
                  "Actual Total Time": 768.67,
                  "Actual Rows": 2955420,
                  "Actual Loops": 7,
                  "Filter": "((person_id < 2392218) AND (role_id < 5))",
                  "Rows Removed by Filter": 2222343
                }
              ]
            }
          ]
        }
      ]
    },
    "Planning Time": 0.122,
    "Triggers": [],
    "Execution Time": 992.387
  }
]