[
  {
    "Plan": {
      "Node Type": "Aggregate",
      "Strategy": "Plain",
      "Partial Mode": "Finalize",
      "Parallel Aware": false,
      "Startup Cost": 78852.76,
      "Total Cost": 78852.77,
      "Plan Rows": 1,
      "Plan Width": 8,
      "Actual Startup Time": 244.492,
      "Actual Total Time": 263.286,
      "Actual Rows": 1,
      "Actual Loops": 1,
      "Plans": [
        {
          "Node Type": "Gather",
          "Parent Relationship": "Outer",
          "Parallel Aware": false,
          "Startup Cost": 78852.44,
          "Total Cost": 78852.75,
          "Plan Rows": 3,
          "Plan Width": 8,
          "Actual Startup Time": 243.019,
          "Actual Total Time": 263.274,
          "Actual Rows": 4,
          "Actual Loops": 1,
          "Workers Planned": 3,
          "Workers Launched": 3,
          "Single Copy": false,
          "Plans": [
            {
              "Node Type": "Aggregate",
              "Strategy": "Plain",
              "Partial Mode": "Partial",
              "Parent Relationship": "Outer",
              "Parallel Aware": false,
              "Startup Cost": 77852.44,
              "Total Cost": 77852.45,
              "Plan Rows": 1,
              "Plan Width": 8,
              "Actual Startup Time": 234.12,
              "Actual Total Time": 234.124,
              "Actual Rows": 1,
              "Actual Loops": 4,
              "Plans": [
                {
                  "Node Type": "Hash Join",
                  "Parent Relationship": "Outer",
                  "Parallel Aware": true,
                  "Join Type": "Inner",
                  "Startup Cost": 45984.34,
                  "Total Cost": 77826.42,
                  "Plan Rows": 10408,
                  "Plan Width": 0,
                  "Actual Startup Time": 179.678,
                  "Actual Total Time": 233.598,
                  "Actual Rows": 8930,
                  "Actual Loops": 4,
                  "Inner Unique": true,
                  "Hash Cond": "(mc.movie_id = t.id)",
                  "Plans": [
                    {
                      "Node Type": "Seq Scan",
                      "Parent Relationship": "Outer",
                      "Parallel Aware": true,
                      "Relation Name": "movie_companies",
                      "Alias": "mc",
                      "Startup Cost": 0.0,
                      "Total Cost": 31414.82,
                      "Plan Rows": 162768,
                      "Plan Width": 4,
                      "Actual Startup Time": 35.413,
                      "Actual Total Time": 69.618,
                      "Actual Rows": 74614,
                      "Actual Loops": 4,
                      "Filter": "((company_id < 4602) AND (company_type_id > 1))",
                      "Rows Removed by Filter": 577668
                    },
                    {
                      "Node Type": "Hash",
                      "Parent Relationship": "Inner",
                      "Parallel Aware": true,
                      "Startup Cost": 45479.1,
                      "Total Cost": 45479.1,
                      "Plan Rows": 40419,
                      "Plan Width": 4,
                      "Actual Startup Time": 141.722,
                      "Actual Total Time": 141.723,
                      "Actual Rows": 67479,
                      "Actual Loops": 4,
                      "Hash Buckets": 524288,
                      "Original Hash Buckets": 262144,
                      "Hash Batches": 1,
                      "Original Hash Batches": 1,
                      "Peak Memory Usage": 16768,
                      "Plans": [
                        {
                          "Node Type": "Seq Scan",
                          "Parent Relationship": "Outer",
                          "Parallel Aware": true,
                          "Relation Name": "title",
                          "Alias": "t",
                          "Startup Cost": 0.0,
                          "Total Cost": 45479.1,
                          "Plan Rows": 40419,
                          "Plan Width": 4,
                          "Actual Startup Time": 0.104,
                          "Actual Total Time": 107.984,
                          "Actual Rows": 67479,
                          "Actual Loops": 4,
                          "Filter": "((kind_id < 7) AND (production_year < 1974))",
                          "Rows Removed by Filter": 564599
                        }
                      ]
                    }
                  ]
                }
              ]
            }
          ]
        }
      ]
    },
    "Planning Time": 0.681,
    "Triggers": [],
    "Execution Time": 263.362
  }
]