[
    {
        "Bao": {
            "Bao prediction": 442.693,
            "Bao recommended hint": "(no hint)"
        }
    },
    {
        "Plan": {
            "Node Type": "Aggregate",
            "Strategy": "Plain",
            "Partial Mode": "Finalize",
            "Parallel Aware": false,
            "Startup Cost": 32915.97,
            "Total Cost": 32915.98,
            "Plan Rows": 1,
            "Plan Width": 8,
            "Actual Startup Time": 101.489,
            "Actual Total Time": 108.438,
            "Actual Rows": 1,
            "Actual Loops": 1,
            "Output": [
                "count(*)"
            ],
            "Plans": [
                {
                    "Node Type": "Gather",
                    "Parent Relationship": "Outer",
                    "Parallel Aware": false,
                    "Startup Cost": 32915.66,
                    "Total Cost": 32915.97,
                    "Plan Rows": 3,
                    "Plan Width": 8,
                    "Actual Startup Time": 101.425,
                    "Actual Total Time": 108.432,
                    "Actual Rows": 4,
                    "Actual Loops": 1,
                    "Output": [
                        "(PARTIAL count(*))"
                    ],
                    "Workers Planned": 3,
                    "Workers Launched": 3,
                    "Single Copy": false,
                    "Plans": [
                        {
                            "Node Type": "Aggregate",
                            "Strategy": "Plain",
                            "Partial Mode": "Partial",
                            "Parent Relationship": "Outer",
                            "Parallel Aware": false,
                            "Startup Cost": 31915.66,
                            "Total Cost": 31915.67,
                            "Plan Rows": 1,
                            "Plan Width": 8,
                            "Actual Startup Time": 93.546,
                            "Actual Total Time": 93.546,
                            "Actual Rows": 1,
                            "Actual Loops": 4,
                            "Output": [
                                "PARTIAL count(*)"
                            ],
                            "Workers": [
                                {
                                    "Worker Number": 0,
                                    "Actual Startup Time": 91.001,
                                    "Actual Total Time": 91.001,
                                    "Actual Rows": 1,
                                    "Actual Loops": 1
                                },
                                {
                                    "Worker Number": 1,
                                    "Actual Startup Time": 91.176,
                                    "Actual Total Time": 91.176,
                                    "Actual Rows": 1,
                                    "Actual Loops": 1
                                },
                                {
                                    "Worker Number": 2,
                                    "Actual Startup Time": 91.169,
                                    "Actual Total Time": 91.169,
                                    "Actual Rows": 1,
                                    "Actual Loops": 1
                                }
                            ],
                            "Plans": [
                                {
                                    "Node Type": "Seq Scan",
                                    "Parent Relationship": "Outer",
                                    "Parallel Aware": true,
                                    "Relation Name": "movie_companies",
                                    "Schema": "public",
                                    "Alias": "mc",
                                    "Startup Cost": 0.0,
                                    "Total Cost": 31414.82,
                                    "Plan Rows": 200335,
                                    "Plan Width": 0,
                                    "Actual Startup Time": 49.076,
                                    "Actual Total Time": 83.831,
                                    "Actual Rows": 221750,
                                    "Actual Loops": 4,
                                    "Output": [
                                        "id",
                                        "movie_id",
                                        "company_id",
                                        "company_type_id",
                                        "note"
                                    ],
                                    "Filter": "((mc.company_id > 11964) AND (mc.company_type_id > 1))",
                                    "Rows Removed by Filter": 430533,
                                    "Workers": [
                                        {
                                            "Worker Number": 0,
                                            "Actual Startup Time": 46.541,
                                            "Actual Total Time": 81.454,
                                            "Actual Rows": 144839,
                                            "Actual Loops": 1
                                        },
                                        {
                                            "Worker Number": 1,
                                            "Actual Startup Time": 46.7,
                                            "Actual Total Time": 81.709,
                                            "Actual Rows": 234330,
                                            "Actual Loops": 1
                                        },
                                        {
                                            "Worker Number": 2,
                                            "Actual Startup Time": 46.702,
                                            "Actual Total Time": 81.681,
                                            "Actual Rows": 233834,
                                            "Actual Loops": 1
                                        }
                                    ]
                                }
                            ]
                        }
                    ]
                }
            ]
        },
        "Planning Time": 374.569,
        "Triggers": [],
        "Execution Time": 108.518
    }
]