{
  "Plan": {
    "Node Type": "Aggregate",
    "Strategy": "Plain",
    "Partial Mode": "Simple",
    "Parallel Aware": false,
    "Startup Cost": 231132.53,
    "Total Cost": 231132.54,
    "Plan Rows": 1,
    "Plan Width": 8,
    "Actual Startup Time": 2345.86,
    "Actual Total Time": 2345.863,
    "Actual Rows": 1,
    "Actual Loops": 1,
    "Plans": [
      {
        "Node Type": "Hash Join",
        "Parent Relationship": "Outer",
        "Parallel Aware": false,
        "Join Type": "Inner",
        "Startup Cost": 230064.99,
        "Total Cost": 231131.33,
        "Plan Rows": 479,
        "Plan Width": 0,
        "Actual Startup Time": 2345.598,
        "Actual Total Time": 2345.826,
        "Actual Rows": 788,
        "Actual Loops": 1,
        "Inner Unique": false,
        "Hash Cond": "(ci.movie_id = t.id)",
        "Plans": [
          {
            "Node Type": "Index Scan",
            "Parent Relationship": "Outer",
            "Parallel Aware": false,
            "Scan Direction": "Forward",
            "Index Name": "person_id_cast_info",
            "Relation Name": "cast_info",
            "Alias": "ci",
            "Startup Cost": 0.56,
            "Total Cost": 1059.67,
            "Plan Rows": 326,
            "Plan Width": 4,
            "Actual Startup Time": 0.175,
            "Actual Total Time": 0.244,
            "Actual Rows": 340,
            "Actual Loops": 1,
            "Index Cond": "(person_id = 1997319)",
            "Rows Removed by Index Recheck": 0,
            "Filter": "(role_id > 1)",
            "Rows Removed by Filter": 0
          },
          {
            "Node Type": "Hash",
            "Parent Relationship": "Inner",
            "Parallel Aware": false,
            "Startup Cost": 183637.4,
            "Total Cost": 183637.4,
            "Plan Rows": 3714162,
            "Plan Width": 8,
            "Actual Startup Time": 2311.277,
            "Actual Total Time": 2311.279,
            "Actual Rows": 3704871,
            "Actual Loops": 1,
            "Hash Buckets": 4194304,
            "Original Hash Buckets": 4194304,
            "Hash Batches": 1,
            "Original Hash Batches": 1,
            "Peak Memory Usage": 177490,
            "Plans": [
              {
                "Node Type": "Hash Join",
                "Parent Relationship": "Outer",
                "Parallel Aware": false,
                "Join Type": "Inner",
                "Startup Cost": 92884.59,
                "Total Cost": 183637.4,
                "Plan Rows": 3714162,
                "Plan Width": 8,
                "Actual Startup Time": 822.887,
                "Actual Total Time": 1799.289,
                "Actual Rows": 3704871,
                "Actual Loops": 1,
                "Inner Unique": true,
                "Hash Cond": "(mk.movie_id = t.id)",
                "Plans": [
                  {
                    "Node Type": "Seq Scan",
                    "Parent Relationship": "Outer",
                    "Parallel Aware": false,
                    "Relation Name": "movie_keyword",
                    "Alias": "mk",
                    "Startup Cost": 0.0,
                    "Total Cost": 81003.12,
                    "Plan Rows": 3714162,
                    "Plan Width": 4,
                    "Actual Startup Time": 0.125,
                    "Actual Total Time": 405.064,
                    "Actual Rows": 3704871,
                    "Actual Loops": 1,
                    "Filter": "(keyword_id > 784)",
                    "Rows Removed by Filter": 819059
                  },
                  {
                    "Node Type": "Hash",
                    "Parent Relationship": "Inner",
                    "Parallel Aware": false,
                    "Startup Cost": 61280.93,
                    "Total Cost": 61280.93,
                    "Plan Rows": 2528293,
                    "Plan Width": 4,
                    "Actual Startup Time": 805.588,
                    "Actual Total Time": 805.589,
                    "Actual Rows": 2528312,
                    "Actual Loops": 1,
                    "Hash Buckets": 4194304,
                    "Original Hash Buckets": 4194304,
                    "Hash Batches": 1,
                    "Original Hash Batches": 1,
                    "Peak Memory Usage": 121654,
                    "Plans": [
                      {
                        "Node Type": "Seq Scan",
                        "Parent Relationship": "Outer",
                        "Parallel Aware": false,
                        "Relation Name": "title",
                        "Alias": "t",
                        "Startup Cost": 0.0,
                        "Total Cost": 61280.93,
                        "Plan Rows": 2528293,
                        "Plan Width": 4,
                        "Actual Startup Time": 0.011,
                        "Actual Total Time": 252.353,
                        "Actual Rows": 2528312,
                        "Actual Loops": 1
                      }
                    ]
                  }
                ]
              }
            ]
          }
        ]
      }
    ]
  },
  "Planning Time": 0.984,
  "Triggers": [],
  "Execution Time": 2363.569
}