[
  {
    "Plan": {
      "Node Type": "Aggregate",
      "Strategy": "Plain",
      "Partial Mode": "Finalize",
      "Parallel Aware": false,
      "Startup Cost": 334930.19,
      "Total Cost": 334930.2,
      "Plan Rows": 1,
      "Plan Width": 8,
      "Actual Startup Time": 684.664,
      "Actual Total Time": 742.696,
      "Actual Rows": 1,
      "Actual Loops": 1,
      "Plans": [
        {
          "Node Type": "Gather",
          "Parent Relationship": "Outer",
          "Parallel Aware": false,
          "Startup Cost": 334929.57,
          "Total Cost": 334930.17,
          "Plan Rows": 6,
          "Plan Width": 8,
          "Actual Startup Time": 684.537,
          "Actual Total Time": 742.685,
          "Actual Rows": 7,
          "Actual Loops": 1,
          "Workers Planned": 6,
          "Workers Launched": 6,
          "Single Copy": false,
          "Plans": [
            {
              "Node Type": "Aggregate",
              "Strategy": "Plain",
              "Partial Mode": "Partial",
              "Parent Relationship": "Outer",
              "Parallel Aware": false,
              "Startup Cost": 333929.57,
              "Total Cost": 333929.58,
              "Plan Rows": 1,
              "Plan Width": 8,
              "Actual Startup Time": 676.369,
              "Actual Total Time": 676.37,
              "Actual Rows": 1,
              "Actual Loops": 7,
              "Plans": [
                {
                  "Node Type": "Seq Scan",
                  "Parent Relationship": "Outer",
                  "Parallel Aware": true,
                  "Relation Name": "cast_info",
                  "Alias": "ci",
                  "Startup Cost": 0.0,
                  "Total Cost": 328162.03,
                  "Plan Rows": 2307016,
                  "Plan Width": 0,
                  "Actual Startup Time": 249.057,
                  "Actual Total Time": 585.051,
                  "Actual Rows": 1973253,
                  "Actual Loops": 7,
                  "Filter": "(person_id > 2287192)",
                  "Rows Removed by Filter": 3204510
                }
              ]
            }
          ]
        }
      ]
    },
    "Planning Time": 0.201,
    "Triggers": [],
    "Execution Time": 742.773
  }
]