[
  {
    "Plan": {
      "Node Type": "Aggregate",
      "Strategy": "Plain",
      "Partial Mode": "Finalize",
      "Parallel Aware": false,
      "Startup Cost": 46932.68,
      "Total Cost": 46932.69,
      "Plan Rows": 1,
      "Plan Width": 8,
      "Actual Startup Time": 184.882,
      "Actual Total Time": 195.665,
      "Actual Rows": 1,
      "Actual Loops": 1,
      "Plans": [
        {
          "Node Type": "Gather",
          "Parent Relationship": "Outer",
          "Parallel Aware": false,
          "Startup Cost": 46932.36,
          "Total Cost": 46932.67,
          "Plan Rows": 3,
          "Plan Width": 8,
          "Actual Startup Time": 184.739,
          "Actual Total Time": 195.655,
          "Actual Rows": 4,
          "Actual Loops": 1,
          "Workers Planned": 3,
          "Workers Launched": 3,
          "Single Copy": false,
          "Plans": [
            {
              "Node Type": "Aggregate",
              "Strategy": "Plain",
              "Partial Mode": "Partial",
              "Parent Relationship": "Outer",
              "Parallel Aware": false,
              "Startup Cost": 45932.36,
              "Total Cost": 45932.37,
              "Plan Rows": 1,
              "Plan Width": 8,
              "Actual Startup Time": 180.819,
              "Actual Total Time": 180.82,
              "Actual Rows": 1,
              "Actual Loops": 4,
              "Plans": [
                {
                  "Node Type": "Seq Scan",
                  "Parent Relationship": "Outer",
                  "Parallel Aware": true,
                  "Relation Name": "movie_keyword",
                  "Alias": "mk",
                  "Startup Cost": 0.0,
                  "Total Cost": 42695.65,
                  "Plan Rows": 1294684,
                  "Plan Width": 0,
                  "Actual Startup Time": 0.028,
                  "Actual Total Time": 131.303,
                  "Actual Rows": 1003187,
                  "Actual Loops": 4,
                  "Filter": "(keyword_id < 35480)",
                  "Rows Removed by Filter": 127796
                }
              ]
            }
          ]
        }
      ]
    },
    "Planning Time": 0.189,
    "Triggers": [],
    "Execution Time": 195.726
  }
]