[
  {
    "Plan": {
      "Node Type": "Aggregate",
      "Strategy": "Plain",
      "Partial Mode": "Finalize",
      "Parallel Aware": false,
      "Startup Cost": 46920.55,
      "Total Cost": 46920.56,
      "Plan Rows": 1,
      "Plan Width": 8,
      "Actual Startup Time": 167.981,
      "Actual Total Time": 177.507,
      "Actual Rows": 1,
      "Actual Loops": 1,
      "Plans": [
        {
          "Node Type": "Gather",
          "Parent Relationship": "Outer",
          "Parallel Aware": false,
          "Startup Cost": 46920.24,
          "Total Cost": 46920.55,
          "Plan Rows": 3,
          "Plan Width": 8,
          "Actual Startup Time": 167.889,
          "Actual Total Time": 177.501,
          "Actual Rows": 4,
          "Actual Loops": 1,
          "Workers Planned": 3,
          "Workers Launched": 3,
          "Single Copy": false,
          "Plans": [
            {
              "Node Type": "Aggregate",
              "Strategy": "Plain",
              "Partial Mode": "Partial",
              "Parent Relationship": "Outer",
              "Parallel Aware": false,
              "Startup Cost": 45920.24,
              "Total Cost": 45920.25,
              "Plan Rows": 1,
              "Plan Width": 8,
              "Actual Startup Time": 161.679,
              "Actual Total Time": 161.68,
              "Actual Rows": 1,
              "Actual Loops": 4,
              "Plans": [
                {
                  "Node Type": "Seq Scan",
                  "Parent Relationship": "Outer",
                  "Parallel Aware": true,
                  "Relation Name": "movie_keyword",
                  "Alias": "mk",
                  "Startup Cost": 0.0,
                  "Total Cost": 42695.65,
                  "Plan Rows": 1289833,
                  "Plan Width": 0,
                  "Actual Startup Time": 0.048,
                  "Actual Total Time": 117.121,
                  "Actual Rows": 1003187,
                  "Actual Loops": 4,
                  "Filter": "(keyword_id < 35480)",
                  "Rows Removed by Filter": 127796
                }
              ]
            }
          ]
        }
      ]
    },
    "Planning Time": 0.118,
    "Triggers": [],
    "Execution Time": 177.546
  }
]