[
  {
    "Plan": {
      "Node Type": "Aggregate",
      "Strategy": "Plain",
      "Partial Mode": "Finalize",
      "Parallel Aware": false,
      "Startup Cost": 82920.04,
      "Total Cost": 82920.05,
      "Plan Rows": 1,
      "Plan Width": 8,
      "Actual Startup Time": 257.66,
      "Actual Total Time": 291.426,
      "Actual Rows": 1,
      "Actual Loops": 1,
      "Plans": [
        {
          "Node Type": "Gather",
          "Parent Relationship": "Outer",
          "Parallel Aware": false,
          "Startup Cost": 82919.72,
          "Total Cost": 82920.03,
          "Plan Rows": 3,
          "Plan Width": 8,
          "Actual Startup Time": 257.401,
          "Actual Total Time": 291.418,
          "Actual Rows": 4,
          "Actual Loops": 1,
          "Workers Planned": 3,
          "Workers Launched": 3,
          "Single Copy": false,
          "Plans": [
            {
              "Node Type": "Aggregate",
              "Strategy": "Plain",
              "Partial Mode": "Partial",
              "Parent Relationship": "Outer",
              "Parallel Aware": false,
              "Startup Cost": 81919.72,
              "Total Cost": 81919.73,
              "Plan Rows": 1,
              "Plan Width": 8,
              "Actual Startup Time": 251.5,
              "Actual Total Time": 251.503,
              "Actual Rows": 1,
              "Actual Loops": 4,
              "Plans": [
                {
                  "Node Type": "Nested Loop",
                  "Parent Relationship": "Outer",
                  "Parallel Aware": false,
                  "Join Type": "Inner",
                  "Startup Cost": 45572.62,
                  "Total Cost": 81918.31,
                  "Plan Rows": 565,
                  "Plan Width": 0,
                  "Actual Startup Time": 124.858,
                  "Actual Total Time": 251.155,
                  "Actual Rows": 2818,
                  "Actual Loops": 4,
                  "Inner Unique": false,
                  "Join Filter": "(t.id = mi.movie_id)",
                  "Rows Removed by Join Filter": 0,
                  "Plans": [
                    {
                      "Node Type": "Hash Join",
                      "Parent Relationship": "Outer",
                      "Parallel Aware": true,
                      "Join Type": "Inner",
                      "Startup Cost": 45572.19,
                      "Total Cost": 77230.67,
                      "Plan Rows": 1088,
                      "Plan Width": 8,
                      "Actual Startup Time": 124.722,
                      "Actual Total Time": 174.481,
                      "Actual Rows": 2736,
                      "Actual Loops": 4,
                      "Inner Unique": true,
                      "Hash Cond": "(mc.movie_id = t.id)",
                      "Plans": [
                        {
                          "Node Type": "Seq Scan",
                          "Parent Relationship": "Outer",
                          "Parallel Aware": true,
                          "Relation Name": "movie_companies",
                          "Alias": "mc",
                          "Startup Cost": 0.0,
                          "Total Cost": 31414.82,
                          "Plan Rows": 92826,
                          "Plan Width": 4,
                          "Actual Startup Time": 34.083,
                          "Actual Total Time": 68.404,
                          "Actual Rows": 139583,
                          "Actual Loops": 4,
                          "Filter": "((company_id > 71670) AND (company_type_id = 2))",
                          "Rows Removed by Filter": 512699
                        },
                        {
                          "Node Type": "Hash",
                          "Parent Relationship": "Inner",
                          "Parallel Aware": true,
                          "Startup Cost": 45479.59,
                          "Total Cost": 45479.59,
                          "Plan Rows": 7408,
                          "Plan Width": 4,
                          "Actual Startup Time": 90.103,
                          "Actual Total Time": 90.103,
                          "Actual Rows": 4770,
                          "Actual Loops": 4,
                          "Hash Buckets": 32768,
                          "Original Hash Buckets": 32768,
                          "Hash Batches": 1,
                          "Original Hash Batches": 1,
                          "Peak Memory Usage": 1088,
                          "Plans": [
                            {
                              "Node Type": "Seq Scan",
                              "Parent Relationship": "Outer",
                              "Parallel Aware": true,
                              "Relation Name": "title",
                              "Alias": "t",
                              "Startup Cost": 0.0,
                              "Total Cost": 45479.59,
                              "Plan Rows": 7408,
                              "Plan Width": 4,
                              "Actual Startup Time": 0.147,
                              "Actual Total Time": 87.947,
                              "Actual Rows": 4770,
                              "Actual Loops": 4,
                              "Filter": "((kind_id < 3) AND (production_year = 2005))",
                              "Rows Removed by Filter": 627308
                            }
                          ]
                        }
                      ]
                    },
                    {
                      "Node Type": "Index Scan",
                      "Parent Relationship": "Inner",
                      "Parallel Aware": false,
                      "Scan Direction": "Forward",
                      "Index Name": "movie_id_movie_info",
                      "Relation Name": "movie_info",
                      "Alias": "mi",
                      "Startup Cost": 0.43,
                      "Total Cost": 4.26,
                      "Plan Rows": 4,
                      "Plan Width": 4,
                      "Actual Startup Time": 0.023,
                      "Actual Total Time": 0.028,
                      "Actual Rows": 1,
                      "Actual Loops": 10945,
                      "Index Cond": "(movie_id = mc.movie_id)",
                      "Rows Removed by Index Recheck": 0,
                      "Filter": "(info_type_id = 2)",
                      "Rows Removed by Filter": 26
                    }
                  ]
                }
              ]
            }
          ]
        }
      ]
    },
    "Planning Time": 0.761,
    "Triggers": [],
    "Execution Time": 291.486
  }
]