[
  {
    "Plan": {
      "Node Type": "Aggregate",
      "Strategy": "Plain",
      "Partial Mode": "Finalize",
      "Parallel Aware": false,
      "Startup Cost": 349178.23,
      "Total Cost": 349178.24,
      "Plan Rows": 1,
      "Plan Width": 8,
      "Actual Startup Time": 917.462,
      "Actual Total Time": 981.15,
      "Actual Rows": 1,
      "Actual Loops": 1,
      "Plans": [
        {
          "Node Type": "Gather",
          "Parent Relationship": "Outer",
          "Parallel Aware": false,
          "Startup Cost": 349177.61,
          "Total Cost": 349178.22,
          "Plan Rows": 6,
          "Plan Width": 8,
          "Actual Startup Time": 917.306,
          "Actual Total Time": 981.136,
          "Actual Rows": 7,
          "Actual Loops": 1,
          "Workers Planned": 6,
          "Workers Launched": 6,
          "Single Copy": false,
          "Plans": [
            {
              "Node Type": "Aggregate",
              "Strategy": "Plain",
              "Partial Mode": "Partial",
              "Parent Relationship": "Outer",
              "Parallel Aware": false,
              "Startup Cost": 348177.61,
              "Total Cost": 348177.62,
              "Plan Rows": 1,
              "Plan Width": 8,
              "Actual Startup Time": 910.593,
              "Actual Total Time": 910.595,
              "Actual Rows": 1,
              "Actual Loops": 7,
              "Plans": [
                {
                  "Node Type": "Seq Scan",
                  "Parent Relationship": "Outer",
                  "Parallel Aware": true,
                  "Relation Name": "cast_info",
                  "Alias": "ci",
                  "Startup Cost": 0.0,
                  "Total Cost": 343316.27,
                  "Plan Rows": 1944535,
                  "Plan Width": 0,
                  "Actual Startup Time": 411.085,
                  "Actual Total Time": 801.406,
                  "Actual Rows": 1905874,
                  "Actual Loops": 7,
                  "Filter": "((person_id > 976980) AND (role_id > 2))",
                  "Rows Removed by Filter": 3271889
                }
              ]
            }
          ]
        }
      ]
    },
    "Planning Time": 0.094,
    "Triggers": [],
    "Execution Time": 981.198
  }
]