{
  "Plan": {
    "Node Type": "Aggregate",
    "Strategy": "Plain",
    "Partial Mode": "Finalize",
    "Parallel Aware": false,
    "Startup Cost": 466006.64,
    "Total Cost": 466006.65,
    "Plan Rows": 1,
    "Plan Width": 8,
    "Actual Startup Time": 1893.979,
    "Actual Total Time": 1932.074,
    "Actual Rows": 1,
    "Actual Loops": 1,
    "Plans": [
      {
        "Node Type": "Gather",
        "Parent Relationship": "Outer",
        "Parallel Aware": false,
        "Startup Cost": 466006.53,
        "Total Cost": 466006.64,
        "Plan Rows": 1,
        "Plan Width": 8,
        "Actual Startup Time": 1893.185,
        "Actual Total Time": 1932.064,
        "Actual Rows": 2,
        "Actual Loops": 1,
        "Workers Planned": 1,
        "Workers Launched": 1,
        "Single Copy": false,
        "Plans": [
          {
            "Node Type": "Aggregate",
            "Strategy": "Plain",
            "Partial Mode": "Partial",
            "Parent Relationship": "Outer",
            "Parallel Aware": false,
            "Startup Cost": 465006.53,
            "Total Cost": 465006.54,
            "Plan Rows": 1,
            "Plan Width": 8,
            "Actual Startup Time": 1889.464,
            "Actual Total Time": 1889.468,
            "Actual Rows": 1,
            "Actual Loops": 2,
            "Plans": [
              {
                "Node Type": "Hash Join",
                "Parent Relationship": "Outer",
                "Parallel Aware": true,
                "Join Type": "Inner",
                "Startup Cost": 60725.38,
                "Total Cost": 462619.88,
                "Plan Rows": 954658,
                "Plan Width": 0,
                "Actual Startup Time": 169.65,
                "Actual Total Time": 1863.617,
                "Actual Rows": 587824,
                "Actual Loops": 2,
                "Inner Unique": true,
                "Hash Cond": "(ci.movie_id = t.id)",
                "Plans": [
                  {
                    "Node Type": "Index Scan",
                    "Parent Relationship": "Outer",
                    "Parallel Aware": true,
                    "Scan Direction": "Forward",
                    "Index Name": "role_id_cast_info",
                    "Relation Name": "cast_info",
                    "Alias": "ci",
                    "Startup Cost": 0.56,
                    "Total Cost": 382631.05,
                    "Plan Rows": 7338659,
                    "Plan Width": 4,
                    "Actual Startup Time": 0.17,
                    "Actual Total Time": 820.654,
                    "Actual Rows": 6335344,
                    "Actual Loops": 2,
                    "Index Cond": "(role_id = 1)",
                    "Rows Removed by Index Recheck": 0
                  },
                  {
                    "Node Type": "Hash",
                    "Parent Relationship": "Inner",
                    "Parallel Aware": true,
                    "Startup Cost": 58306.47,
                    "Total Cost": 58306.47,
                    "Plan Rows": 193468,
                    "Plan Width": 4,
                    "Actual Startup Time": 164.899,
                    "Actual Total Time": 164.9,
                    "Actual Rows": 112753,
                    "Actual Loops": 2,
                    "Hash Buckets": 524288,
                    "Original Hash Buckets": 524288,
                    "Hash Batches": 1,
                    "Original Hash Batches": 1,
                    "Peak Memory Usage": 12928,
                    "Plans": [
                      {
                        "Node Type": "Seq Scan",
                        "Parent Relationship": "Outer",
                        "Parallel Aware": true,
                        "Relation Name": "title",
                        "Alias": "t",
                        "Startup Cost": 0.0,
                        "Total Cost": 58306.47,
                        "Plan Rows": 193468,
                        "Plan Width": 4,
                        "Actual Startup Time": 0.022,
                        "Actual Total Time": 136.664,
                        "Actual Rows": 112753,
                        "Actual Loops": 2,
                        "Filter": "((production_year < 1983) AND (kind_id = 7))",
                        "Rows Removed by Filter": 1151403
                      }
                    ]
                  }
                ]
              }
            ]
          }
        ]
      }
    ]
  },
  "Planning Time": 0.394,
  "Triggers": [],
  "Execution Time": 1932.146
}