[
  {
    "Plan": {
      "Node Type": "Aggregate",
      "Strategy": "Plain",
      "Partial Mode": "Finalize",
      "Parallel Aware": false,
      "Startup Cost": 52307.66,
      "Total Cost": 52307.67,
      "Plan Rows": 1,
      "Plan Width": 8,
      "Actual Startup Time": 97.073,
      "Actual Total Time": 110.065,
      "Actual Rows": 1,
      "Actual Loops": 1,
      "Plans": [
        {
          "Node Type": "Gather",
          "Parent Relationship": "Outer",
          "Parallel Aware": false,
          "Startup Cost": 52307.24,
          "Total Cost": 52307.65,
          "Plan Rows": 4,
          "Plan Width": 8,
          "Actual Startup Time": 96.795,
          "Actual Total Time": 110.058,
          "Actual Rows": 5,
          "Actual Loops": 1,
          "Workers Planned": 4,
          "Workers Launched": 4,
          "Single Copy": false,
          "Plans": [
            {
              "Node Type": "Aggregate",
              "Strategy": "Plain",
              "Partial Mode": "Partial",
              "Parent Relationship": "Outer",
              "Parallel Aware": false,
              "Startup Cost": 51307.24,
              "Total Cost": 51307.25,
              "Plan Rows": 1,
              "Plan Width": 8,
              "Actual Startup Time": 88.646,
              "Actual Total Time": 88.648,
              "Actual Rows": 1,
              "Actual Loops": 5,
              "Plans": [
                {
                  "Node Type": "Nested Loop",
                  "Parent Relationship": "Outer",
                  "Parallel Aware": false,
                  "Join Type": "Inner",
                  "Startup Cost": 0.43,
                  "Total Cost": 51306.47,
                  "Plan Rows": 306,
                  "Plan Width": 0,
                  "Actual Startup Time": 56.717,
                  "Actual Total Time": 88.584,
                  "Actual Rows": 719,
                  "Actual Loops": 5,
                  "Inner Unique": false,
                  "Plans": [
                    {
                      "Node Type": "Seq Scan",
                      "Parent Relationship": "Outer",
                      "Parallel Aware": true,
                      "Relation Name": "title",
                      "Alias": "t",
                      "Startup Cost": 0.0,
                      "Total Cost": 45479.59,
                      "Plan Rows": 836,
                      "Plan Width": 4,
                      "Actual Startup Time": 56.516,
                      "Actual Total Time": 81.315,
                      "Actual Rows": 834,
                      "Actual Loops": 5,
                      "Filter": "((kind_id = 1) AND (production_year = 1974))",
                      "Rows Removed by Filter": 504829
                    },
                    {
                      "Node Type": "Index Scan",
                      "Parent Relationship": "Inner",
                      "Parallel Aware": false,
                      "Scan Direction": "Forward",
                      "Index Name": "movie_id_movie_info_idx",
                      "Relation Name": "movie_info_idx",
                      "Alias": "mi_idx",
                      "Startup Cost": 0.43,
                      "Total Cost": 6.95,
                      "Plan Rows": 2,
                      "Plan Width": 4,
                      "Actual Startup Time": 0.008,
                      "Actual Total Time": 0.008,
                      "Actual Rows": 1,
                      "Actual Loops": 4169,
                      "Index Cond": "(movie_id = t.id)",
                      "Rows Removed by Index Recheck": 0,
                      "Filter": "(info_type_id > 99)",
                      "Rows Removed by Filter": 0
                    }
                  ]
                }
              ]
            }
          ]
        }
      ]
    },
    "Planning Time": 0.369,
    "Triggers": [],
    "Execution Time": 110.111
  }
]