[
  {
    "Plan": {
      "Node Type": "Aggregate",
      "Strategy": "Plain",
      "Partial Mode": "Finalize",
      "Parallel Aware": false,
      "Startup Cost": 54938.54,
      "Total Cost": 54938.55,
      "Plan Rows": 1,
      "Plan Width": 8,
      "Actual Startup Time": 133.783,
      "Actual Total Time": 143.045,
      "Actual Rows": 1,
      "Actual Loops": 1,
      "Plans": [
        {
          "Node Type": "Gather",
          "Parent Relationship": "Outer",
          "Parallel Aware": false,
          "Startup Cost": 54938.33,
          "Total Cost": 54938.54,
          "Plan Rows": 2,
          "Plan Width": 8,
          "Actual Startup Time": 133.504,
          "Actual Total Time": 143.027,
          "Actual Rows": 3,
          "Actual Loops": 1,
          "Workers Planned": 2,
          "Workers Launched": 2,
          "Single Copy": false,
          "Plans": [
            {
              "Node Type": "Aggregate",
              "Strategy": "Plain",
              "Partial Mode": "Partial",
              "Parent Relationship": "Outer",
              "Parallel Aware": false,
              "Startup Cost": 53938.33,
              "Total Cost": 53938.34,
              "Plan Rows": 1,
              "Plan Width": 8,
              "Actual Startup Time": 129.758,
              "Actual Total Time": 129.762,
              "Actual Rows": 1,
              "Actual Loops": 3,
              "Plans": [
                {
                  "Node Type": "Hash Join",
                  "Parent Relationship": "Outer",
                  "Parallel Aware": true,
                  "Join Type": "Inner",
                  "Startup Cost": 38726.03,
                  "Total Cost": 53920.59,
                  "Plan Rows": 7095,
                  "Plan Width": 0,
                  "Actual Startup Time": 81.053,
                  "Actual Total Time": 129.641,
                  "Actual Rows": 1715,
                  "Actual Loops": 3,
                  "Inner Unique": true,
                  "Hash Cond": "(mi_idx.movie_id = t.id)",
                  "Plans": [
                    {
                      "Node Type": "Seq Scan",
                      "Parent Relationship": "Outer",
                      "Parallel Aware": true,
                      "Relation Name": "movie_info_idx",
                      "Alias": "mi_idx",
                      "Startup Cost": 0.0,
                      "Total Cost": 13685.15,
                      "Plan Rows": 575015,
                      "Plan Width": 4,
                      "Actual Startup Time": 0.01,
                      "Actual Total Time": 48.956,
                      "Actual Rows": 460012,
                      "Actual Loops": 3
                    },
                    {
                      "Node Type": "Hash",
                      "Parent Relationship": "Inner",
                      "Parallel Aware": true,
                      "Startup Cost": 38628.53,
                      "Total Cost": 38628.53,
                      "Plan Rows": 7800,
                      "Plan Width": 4,
                      "Actual Startup Time": 45.508,
                      "Actual Total Time": 45.509,
                      "Actual Rows": 1338,
                      "Actual Loops": 3,
                      "Hash Buckets": 32768,
                      "Original Hash Buckets": 32768,
                      "Hash Batches": 1,
                      "Original Hash Batches": 1,
                      "Peak Memory Usage": 448,
                      "Plans": [
                        {
                          "Node Type": "Bitmap Heap Scan",
                          "Parent Relationship": "Outer",
                          "Parallel Aware": true,
                          "Relation Name": "title",
                          "Alias": "t",
                          "Startup Cost": 2175.1,
                          "Total Cost": 38628.53,
                          "Plan Rows": 7800,
                          "Plan Width": 4,
                          "Actual Startup Time": 13.634,
                          "Actual Total Time": 44.79,
                          "Actual Rows": 1338,
                          "Actual Loops": 3,
                          "Recheck Cond": "(kind_id = 4)",
                          "Rows Removed by Index Recheck": 0,
                          "Filter": "(production_year < 1989)",
                          "Rows Removed by Filter": 38073,
                          "Exact Heap Blocks": 7305,
                          "Lossy Heap Blocks": 0,
                          "Plans": [
                            {
                              "Node Type": "Bitmap Index Scan",
                              "Parent Relationship": "Outer",
                              "Parallel Aware": false,
                              "Index Name": "kind_id_title",
                              "Startup Cost": 0.0,
                              "Total Cost": 2167.3,
                              "Plan Rows": 121449,
                              "Plan Width": 0,
                              "Actual Startup Time": 11.797,
                              "Actual Total Time": 11.798,
                              "Actual Rows": 118234,
                              "Actual Loops": 1,
                              "Index Cond": "(kind_id = 4)"
                            }
                          ]
                        }
                      ]
                    }
                  ]
                }
              ]
            }
          ]
        }
      ]
    },
    "Planning Time": 0.501,
    "Triggers": [],
    "Execution Time": 143.185
  }
]