{
  "Plan": {
    "Node Type": "Aggregate",
    "Strategy": "Plain",
    "Partial Mode": "Finalize",
    "Parallel Aware": false,
    "Startup Cost": 86796.52,
    "Total Cost": 86796.53,
    "Plan Rows": 1,
    "Plan Width": 8,
    "Actual Startup Time": 305.327,
    "Actual Total Time": 311.185,
    "Actual Rows": 1,
    "Actual Loops": 1,
    "Plans": [
      {
        "Node Type": "Gather",
        "Parent Relationship": "Outer",
        "Parallel Aware": false,
        "Startup Cost": 86796.41,
        "Total Cost": 86796.52,
        "Plan Rows": 1,
        "Plan Width": 8,
        "Actual Startup Time": 303.769,
        "Actual Total Time": 311.176,
        "Actual Rows": 2,
        "Actual Loops": 1,
        "Workers Planned": 1,
        "Workers Launched": 1,
        "Single Copy": false,
        "Plans": [
          {
            "Node Type": "Aggregate",
            "Strategy": "Plain",
            "Partial Mode": "Partial",
            "Parent Relationship": "Outer",
            "Parallel Aware": false,
            "Startup Cost": 85796.41,
            "Total Cost": 85796.42,
            "Plan Rows": 1,
            "Plan Width": 8,
            "Actual Startup Time": 299.028,
            "Actual Total Time": 299.032,
            "Actual Rows": 1,
            "Actual Loops": 2,
            "Plans": [
              {
                "Node Type": "Hash Join",
                "Parent Relationship": "Outer",
                "Parallel Aware": true,
                "Join Type": "Inner",
                "Startup Cost": 58461.34,
                "Total Cost": 85534.58,
                "Plan Rows": 104729,
                "Plan Width": 0,
                "Actual Startup Time": 180.228,
                "Actual Total Time": 295.409,
                "Actual Rows": 84539,
                "Actual Loops": 2,
                "Inner Unique": true,
                "Hash Cond": "(ci.movie_id = t.id)",
                "Plans": [
                  {
                    "Node Type": "Index Scan",
                    "Parent Relationship": "Outer",
                    "Parallel Aware": true,
                    "Scan Direction": "Forward",
                    "Index Name": "role_id_cast_info",
                    "Relation Name": "cast_info",
                    "Alias": "ci",
                    "Startup Cost": 0.56,
                    "Total Cost": 25970.03,
                    "Plan Rows": 420486,
                    "Plan Width": 4,
                    "Actual Startup Time": 0.168,
                    "Actual Total Time": 56.763,
                    "Actual Rows": 209935,
                    "Actual Loops": 2,
                    "Index Cond": "(role_id = 6)",
                    "Rows Removed by Index Recheck": 0,
                    "Filter": "(person_id < 3332817)",
                    "Rows Removed by Filter": 176902
                  },
                  {
                    "Node Type": "Hash",
                    "Parent Relationship": "Inner",
                    "Parallel Aware": true,
                    "Startup Cost": 53830.54,
                    "Total Cost": 53830.54,
                    "Plan Rows": 370419,
                    "Plan Width": 4,
                    "Actual Startup Time": 170.946,
                    "Actual Total Time": 170.947,
                    "Actual Rows": 298232,
                    "Actual Loops": 2,
                    "Hash Buckets": 1048576,
                    "Original Hash Buckets": 1048576,
                    "Hash Batches": 1,
                    "Original Hash Batches": 1,
                    "Peak Memory Usage": 31552,
                    "Plans": [
                      {
                        "Node Type": "Bitmap Heap Scan",
                        "Parent Relationship": "Outer",
                        "Parallel Aware": true,
                        "Relation Name": "title",
                        "Alias": "t",
                        "Startup Cost": 11980.28,
                        "Total Cost": 53830.54,
                        "Plan Rows": 370419,
                        "Plan Width": 4,
                        "Actual Startup Time": 30.964,
                        "Actual Total Time": 98.075,
                        "Actual Rows": 298232,
                        "Actual Loops": 2,
                        "Recheck Cond": "(kind_id < 2)",
                        "Rows Removed by Index Recheck": 0,
                        "Filter": "(production_year > 1914)",
                        "Rows Removed by Filter": 33180,
                        "Exact Heap Blocks": 7652,
                        "Lossy Heap Blocks": 0,
                        "Plans": [
                          {
                            "Node Type": "Bitmap Index Scan",
                            "Parent Relationship": "Outer",
                            "Parallel Aware": false,
                            "Index Name": "kind_id_title",
                            "Startup Cost": 0.0,
                            "Total Cost": 11822.85,
                            "Plan Rows": 663256,
                            "Plan Width": 0,
                            "Actual Startup Time": 29.17,
                            "Actual Total Time": 29.17,
                            "Actual Rows": 662825,
                            "Actual Loops": 1,
                            "Index Cond": "(kind_id < 2)"
                          }
                        ]
                      }
                    ]
                  }
                ]
              }
            ]
          }
        ]
      }
    ]
  },
  "Planning Time": 0.648,
  "Triggers": [],
  "Execution Time": 311.276
}