{
  "Plan": {
    "Node Type": "Aggregate",
    "Strategy": "Plain",
    "Partial Mode": "Finalize",
    "Parallel Aware": false,
    "Startup Cost": 576924.51,
    "Total Cost": 576924.52,
    "Plan Rows": 1,
    "Plan Width": 8,
    "Actual Startup Time": 3056.973,
    "Actual Total Time": 3119.534,
    "Actual Rows": 1,
    "Actual Loops": 1,
    "Plans": [
      {
        "Node Type": "Gather",
        "Parent Relationship": "Outer",
        "Parallel Aware": false,
        "Startup Cost": 576924.4,
        "Total Cost": 576924.51,
        "Plan Rows": 1,
        "Plan Width": 8,
        "Actual Startup Time": 3056.642,
        "Actual Total Time": 3119.512,
        "Actual Rows": 2,
        "Actual Loops": 1,
        "Workers Planned": 1,
        "Workers Launched": 1,
        "Single Copy": false,
        "Plans": [
          {
            "Node Type": "Aggregate",
            "Strategy": "Plain",
            "Partial Mode": "Partial",
            "Parent Relationship": "Outer",
            "Parallel Aware": false,
            "Startup Cost": 575924.4,
            "Total Cost": 575924.41,
            "Plan Rows": 1,
            "Plan Width": 8,
            "Actual Startup Time": 3050.614,
            "Actual Total Time": 3050.618,
            "Actual Rows": 1,
            "Actual Loops": 2,
            "Plans": [
              {
                "Node Type": "Hash Join",
                "Parent Relationship": "Outer",
                "Parallel Aware": true,
                "Join Type": "Inner",
                "Startup Cost": 53810.44,
                "Total Cost": 575543.79,
                "Plan Rows": 152242,
                "Plan Width": 0,
                "Actual Startup Time": 99.248,
                "Actual Total Time": 3040.195,
                "Actual Rows": 205524,
                "Actual Loops": 2,
                "Inner Unique": true,
                "Hash Cond": "(ci.movie_id = t.id)",
                "Plans": [
                  {
                    "Node Type": "Seq Scan",
                    "Parent Relationship": "Outer",
                    "Parallel Aware": true,
                    "Relation Name": "cast_info",
                    "Alias": "ci",
                    "Startup Cost": 0.0,
                    "Total Cost": 465792.95,
                    "Plan Rows": 21310595,
                    "Plan Width": 4,
                    "Actual Startup Time": 0.015,
                    "Actual Total Time": 1302.942,
                    "Actual Rows": 18122172,
                    "Actual Loops": 2
                  },
                  {
                    "Node Type": "Hash",
                    "Parent Relationship": "Inner",
                    "Parallel Aware": true,
                    "Startup Cost": 53677.62,
                    "Total Cost": 53677.62,
                    "Plan Rows": 10625,
                    "Plan Width": 4,
                    "Actual Startup Time": 98.104,
                    "Actual Total Time": 98.106,
                    "Actual Rows": 11010,
                    "Actual Loops": 2,
                    "Hash Buckets": 32768,
                    "Original Hash Buckets": 32768,
                    "Hash Batches": 1,
                    "Original Hash Batches": 1,
                    "Peak Memory Usage": 1152,
                    "Plans": [
                      {
                        "Node Type": "Bitmap Heap Scan",
                        "Parent Relationship": "Outer",
                        "Parallel Aware": true,
                        "Relation Name": "title",
                        "Alias": "t",
                        "Startup Cost": 11827.37,
                        "Total Cost": 53677.62,
                        "Plan Rows": 10625,
                        "Plan Width": 4,
                        "Actual Startup Time": 38.077,
                        "Actual Total Time": 95.113,
                        "Actual Rows": 11010,
                        "Actual Loops": 2,
                        "Recheck Cond": "(kind_id = 1)",
                        "Rows Removed by Index Recheck": 0,
                        "Filter": "(production_year > 2012)",
                        "Rows Removed by Filter": 320402,
                        "Exact Heap Blocks": 9585,
                        "Lossy Heap Blocks": 0,
                        "Plans": [
                          {
                            "Node Type": "Bitmap Index Scan",
                            "Parent Relationship": "Outer",
                            "Parallel Aware": false,
                            "Index Name": "kind_id_title",
                            "Startup Cost": 0.0,
                            "Total Cost": 11822.85,
                            "Plan Rows": 663256,
                            "Plan Width": 0,
                            "Actual Startup Time": 40.592,
                            "Actual Total Time": 40.592,
                            "Actual Rows": 662825,
                            "Actual Loops": 1,
                            "Index Cond": "(kind_id = 1)"
                          }
                        ]
                      }
                    ]
                  }
                ]
              }
            ]
          }
        ]
      }
    ]
  },
  "Planning Time": 0.463,
  "Triggers": [],
  "Execution Time": 3119.645
}