[
  {
    "Plan": {
      "Node Type": "Aggregate",
      "Strategy": "Plain",
      "Partial Mode": "Finalize",
      "Parallel Aware": false,
      "Startup Cost": 721240.55,
      "Total Cost": 721240.56,
      "Plan Rows": 1,
      "Plan Width": 8,
      "Actual Startup Time": 11888.408,
      "Actual Total Time": 12031.772,
      "Actual Rows": 1,
      "Actual Loops": 1,
      "Plans": [
        {
          "Node Type": "Gather",
          "Parent Relationship": "Outer",
          "Parallel Aware": false,
          "Startup Cost": 721240.02,
          "Total Cost": 721240.53,
          "Plan Rows": 5,
          "Plan Width": 8,
          "Actual Startup Time": 11729.794,
          "Actual Total Time": 12031.746,
          "Actual Rows": 6,
          "Actual Loops": 1,
          "Workers Planned": 5,
          "Workers Launched": 5,
          "Single Copy": false,
          "Plans": [
            {
              "Node Type": "Aggregate",
              "Strategy": "Plain",
              "Partial Mode": "Partial",
              "Parent Relationship": "Outer",
              "Parallel Aware": false,
              "Startup Cost": 720240.02,
              "Total Cost": 720240.03,
              "Plan Rows": 1,
              "Plan Width": 8,
              "Actual Startup Time": 11648.676,
              "Actual Total Time": 11650.188,
              "Actual Rows": 1,
              "Actual Loops": 6,
              "Plans": [
                {
                  "Node Type": "Hash Join",
                  "Parent Relationship": "Outer",
                  "Parallel Aware": true,
                  "Join Type": "Inner",
                  "Startup Cost": 423165.92,
                  "Total Cost": 668141.25,
                  "Plan Rows": 20839511,
                  "Plan Width": 0,
                  "Actual Startup Time": 4097.527,
                  "Actual Total Time": 10094.909,
                  "Actual Rows": 36441811,
                  "Actual Loops": 6,
                  "Inner Unique": false,
                  "Hash Cond": "(mi.movie_id = t.id)",
                  "Plans": [
                    {
                      "Node Type": "Seq Scan",
                      "Parent Relationship": "Outer",
                      "Parallel Aware": true,
                      "Relation Name": "movie_info",
                      "Alias": "mi",
                      "Startup Cost": 0.0,
                      "Total Cost": 191685.19,
                      "Plan Rows": 2969219,
                      "Plan Width": 4,
                      "Actual Startup Time": 0.026,
                      "Actual Total Time": 302.15,
                      "Actual Rows": 2472620,
                      "Actual Loops": 6
                    },
                    {
                      "Node Type": "Hash",
                      "Parent Relationship": "Inner",
                      "Parallel Aware": true,
                      "Startup Cost": 386195.56,
                      "Total Cost": 386195.56,
                      "Plan Rows": 2957629,
                      "Plan Width": 8,
                      "Actual Startup Time": 4060.567,
                      "Actual Total Time": 4062.077,
                      "Actual Rows": 2923744,
                      "Actual Loops": 6,
                      "Hash Buckets": 33554432,
                      "Original Hash Buckets": 33554432,
                      "Hash Batches": 1,
                      "Original Hash Batches": 1,
                      "Peak Memory Usage": 948480,
                      "Plans": [
                        {
                          "Node Type": "Hash Join",
                          "Parent Relationship": "Outer",
                          "Parallel Aware": true,
                          "Join Type": "Inner",
                          "Startup Cost": 50220.38,
                          "Total Cost": 386195.56,
                          "Plan Rows": 2957629,
                          "Plan Width": 8,
                          "Actual Startup Time": 500.888,
                          "Actual Total Time": 2516.472,
                          "Actual Rows": 2923744,
                          "Actual Loops": 6,
                          "Inner Unique": true,
                          "Hash Cond": "(ci.movie_id = t.id)",
                          "Plans": [
                            {
                              "Node Type": "Seq Scan",
                              "Parent Relationship": "Outer",
                              "Parallel Aware": true,
                              "Relation Name": "cast_info",
                              "Alias": "ci",
                              "Startup Cost": 0.0,
                              "Total Cost": 328211.39,
                              "Plan Rows": 2957629,
                              "Plan Width": 4,
                              "Actual Startup Time": 212.114,
                              "Actual Total Time": 717.353,
                              "Actual Rows": 2923744,
                              "Actual Loops": 6,
                              "Filter": "(person_id > 1863346)",
                              "Rows Removed by Filter": 3116980
                            },
                            {
                              "Node Type": "Hash",
                              "Parent Relationship": "Inner",
                              "Parallel Aware": true,
                              "Startup Cost": 42319.06,
                              "Total Cost": 42319.06,
                              "Plan Rows": 632106,
                              "Plan Width": 4,
                              "Actual Startup Time": 283.778,
                              "Actual Total Time": 283.78,
                              "Actual Rows": 421385,
                              "Actual Loops": 6,
                              "Hash Buckets": 4194304,
                              "Original Hash Buckets": 4194304,
                              "Hash Batches": 1,
                              "Original Hash Batches": 1,
                              "Peak Memory Usage": 131744,
                              "Plans": [
                                {
                                  "Node Type": "Seq Scan",
                                  "Parent Relationship": "Outer",
                                  "Parallel Aware": true,
                                  "Relation Name": "title",
                                  "Alias": "t",
                                  "Startup Cost": 0.0,
                                  "Total Cost": 42319.06,
                                  "Plan Rows": 632106,
                                  "Plan Width": 4,
                                  "Actual Startup Time": 0.066,
                                  "Actual Total Time": 81.528,
                                  "Actual Rows": 421385,
                                  "Actual Loops": 6
                                }
                              ]
                            }
                          ]
                        }
                      ]
                    }
                  ]
                }
              ]
            }
          ]
        }
      ]
    },
    "Planning Time": 0.426,
    "Triggers": [],
    "Execution Time": 12031.818
  }
]