[
  {
    "Plan": {
      "Node Type": "Aggregate",
      "Strategy": "Plain",
      "Partial Mode": "Finalize",
      "Parallel Aware": false,
      "Startup Cost": 341656.36,
      "Total Cost": 341656.37,
      "Plan Rows": 1,
      "Plan Width": 8,
      "Actual Startup Time": 961.517,
      "Actual Total Time": 1016.37,
      "Actual Rows": 1,
      "Actual Loops": 1,
      "Plans": [
        {
          "Node Type": "Gather",
          "Parent Relationship": "Outer",
          "Parallel Aware": false,
          "Startup Cost": 341655.73,
          "Total Cost": 341656.34,
          "Plan Rows": 6,
          "Plan Width": 8,
          "Actual Startup Time": 961.305,
          "Actual Total Time": 1016.356,
          "Actual Rows": 7,
          "Actual Loops": 1,
          "Workers Planned": 6,
          "Workers Launched": 6,
          "Single Copy": false,
          "Plans": [
            {
              "Node Type": "Aggregate",
              "Strategy": "Plain",
              "Partial Mode": "Partial",
              "Parent Relationship": "Outer",
              "Parallel Aware": false,
              "Startup Cost": 340655.73,
              "Total Cost": 340655.74,
              "Plan Rows": 1,
              "Plan Width": 8,
              "Actual Startup Time": 954.362,
              "Actual Total Time": 954.364,
              "Actual Rows": 1,
              "Actual Loops": 7,
              "Plans": [
                {
                  "Node Type": "Seq Scan",
                  "Parent Relationship": "Outer",
                  "Parallel Aware": true,
                  "Relation Name": "cast_info",
                  "Alias": "ci",
                  "Startup Cost": 0.0,
                  "Total Cost": 328211.39,
                  "Plan Rows": 4977736,
                  "Plan Width": 0,
                  "Actual Startup Time": 0.036,
                  "Actual Total Time": 720.321,
                  "Actual Rows": 4276187,
                  "Actual Loops": 7,
                  "Filter": "(person_id < 3021582)",
                  "Rows Removed by Filter": 901576
                }
              ]
            }
          ]
        }
      ]
    },
    "Planning Time": 0.209,
    "Triggers": [],
    "Execution Time": 1016.44
  }
]