[
  {
    "Plan": {
      "Node Type": "Aggregate",
      "Strategy": "Plain",
      "Partial Mode": "Finalize",
      "Parallel Aware": false,
      "Startup Cost": 341554.12,
      "Total Cost": 341554.14,
      "Plan Rows": 1,
      "Plan Width": 8,
      "Actual Startup Time": 809.312,
      "Actual Total Time": 867.401,
      "Actual Rows": 1,
      "Actual Loops": 1,
      "Plans": [
        {
          "Node Type": "Gather",
          "Parent Relationship": "Outer",
          "Parallel Aware": false,
          "Startup Cost": 341553.5,
          "Total Cost": 341554.11,
          "Plan Rows": 6,
          "Plan Width": 8,
          "Actual Startup Time": 809.194,
          "Actual Total Time": 867.391,
          "Actual Rows": 7,
          "Actual Loops": 1,
          "Workers Planned": 6,
          "Workers Launched": 6,
          "Single Copy": false,
          "Plans": [
            {
              "Node Type": "Aggregate",
              "Strategy": "Plain",
              "Partial Mode": "Partial",
              "Parent Relationship": "Outer",
              "Parallel Aware": false,
              "Startup Cost": 340553.5,
              "Total Cost": 340553.51,
              "Plan Rows": 1,
              "Plan Width": 8,
              "Actual Startup Time": 800.391,
              "Actual Total Time": 800.392,
              "Actual Rows": 1,
              "Actual Loops": 7,
              "Plans": [
                {
                  "Node Type": "Seq Scan",
                  "Parent Relationship": "Outer",
                  "Parallel Aware": true,
                  "Relation Name": "cast_info",
                  "Alias": "ci",
                  "Startup Cost": 0.0,
                  "Total Cost": 328162.03,
                  "Plan Rows": 4956590,
                  "Plan Width": 0,
                  "Actual Startup Time": 0.049,
                  "Actual Total Time": 620.945,
                  "Actual Rows": 4276187,
                  "Actual Loops": 7,
                  "Filter": "(person_id < 3021582)",
                  "Rows Removed by Filter": 901576
                }
              ]
            }
          ]
        }
      ]
    },
    "Planning Time": 0.24,
    "Triggers": [],
    "Execution Time": 867.481
  }
]