[
  {
    "Plan": {
      "Node Type": "Aggregate",
      "Strategy": "Plain",
      "Partial Mode": "Finalize",
      "Parallel Aware": false,
      "Startup Cost": 58719.77,
      "Total Cost": 58719.78,
      "Plan Rows": 1,
      "Plan Width": 8,
      "Actual Startup Time": 118.826,
      "Actual Total Time": 134.618,
      "Actual Rows": 1,
      "Actual Loops": 1,
      "Plans": [
        {
          "Node Type": "Gather",
          "Parent Relationship": "Outer",
          "Parallel Aware": false,
          "Startup Cost": 58719.35,
          "Total Cost": 58719.76,
          "Plan Rows": 4,
          "Plan Width": 8,
          "Actual Startup Time": 118.697,
          "Actual Total Time": 134.61,
          "Actual Rows": 5,
          "Actual Loops": 1,
          "Workers Planned": 4,
          "Workers Launched": 4,
          "Single Copy": false,
          "Plans": [
            {
              "Node Type": "Aggregate",
              "Strategy": "Plain",
              "Partial Mode": "Partial",
              "Parent Relationship": "Outer",
              "Parallel Aware": false,
              "Startup Cost": 57719.35,
              "Total Cost": 57719.36,
              "Plan Rows": 1,
              "Plan Width": 8,
              "Actual Startup Time": 109.271,
              "Actual Total Time": 109.272,
              "Actual Rows": 1,
              "Actual Loops": 5,
              "Plans": [
                {
                  "Node Type": "Nested Loop",
                  "Parent Relationship": "Outer",
                  "Parallel Aware": false,
                  "Join Type": "Inner",
                  "Startup Cost": 0.43,
                  "Total Cost": 57713.14,
                  "Plan Rows": 2484,
                  "Plan Width": 0,
                  "Actual Startup Time": 2.009,
                  "Actual Total Time": 108.863,
                  "Actual Rows": 5657,
                  "Actual Loops": 5,
                  "Inner Unique": false,
                  "Plans": [
                    {
                      "Node Type": "Seq Scan",
                      "Parent Relationship": "Outer",
                      "Parallel Aware": true,
                      "Relation Name": "title",
                      "Alias": "t",
                      "Startup Cost": 0.0,
                      "Total Cost": 45479.1,
                      "Plan Rows": 1388,
                      "Plan Width": 4,
                      "Actual Startup Time": 0.728,
                      "Actual Total Time": 91.376,
                      "Actual Rows": 1310,
                      "Actual Loops": 5,
                      "Filter": "((kind_id < 7) AND (production_year = 1979))",
                      "Rows Removed by Filter": 504353
                    },
                    {
                      "Node Type": "Index Only Scan",
                      "Parent Relationship": "Inner",
                      "Parallel Aware": false,
                      "Scan Direction": "Forward",
                      "Index Name": "movie_id_movie_keyword",
                      "Relation Name": "movie_keyword",
                      "Alias": "mk",
                      "Startup Cost": 0.43,
                      "Total Cost": 8.36,
                      "Plan Rows": 45,
                      "Plan Width": 4,
                      "Actual Startup Time": 0.011,
                      "Actual Total Time": 0.012,
                      "Actual Rows": 4,
                      "Actual Loops": 6548,
                      "Index Cond": "(movie_id = t.id)",
                      "Rows Removed by Index Recheck": 0,
                      "Heap Fetches": 28286
                    }
                  ]
                }
              ]
            }
          ]
        }
      ]
    },
    "Planning Time": 0.574,
    "Triggers": [],
    "Execution Time": 134.686
  }
]