[
  {
    "Plan": {
      "Node Type": "Aggregate",
      "Strategy": "Plain",
      "Partial Mode": "Finalize",
      "Parallel Aware": false,
      "Startup Cost": 30904.94,
      "Total Cost": 30904.95,
      "Plan Rows": 1,
      "Plan Width": 8,
      "Actual Startup Time": 114.779,
      "Actual Total Time": 126.241,
      "Actual Rows": 1,
      "Actual Loops": 1,
      "Plans": [
        {
          "Node Type": "Gather",
          "Parent Relationship": "Outer",
          "Parallel Aware": false,
          "Startup Cost": 30904.62,
          "Total Cost": 30904.93,
          "Plan Rows": 3,
          "Plan Width": 8,
          "Actual Startup Time": 114.637,
          "Actual Total Time": 126.23,
          "Actual Rows": 4,
          "Actual Loops": 1,
          "Workers Planned": 3,
          "Workers Launched": 3,
          "Single Copy": false,
          "Plans": [
            {
              "Node Type": "Aggregate",
              "Strategy": "Plain",
              "Partial Mode": "Partial",
              "Parent Relationship": "Outer",
              "Parallel Aware": false,
              "Startup Cost": 29904.62,
              "Total Cost": 29904.63,
              "Plan Rows": 1,
              "Plan Width": 8,
              "Actual Startup Time": 105.716,
              "Actual Total Time": 105.718,
              "Actual Rows": 1,
              "Actual Loops": 4,
              "Plans": [
                {
                  "Node Type": "Seq Scan",
                  "Parent Relationship": "Outer",
                  "Parallel Aware": true,
                  "Relation Name": "movie_companies",
                  "Alias": "mc",
                  "Startup Cost": 0.0,
                  "Total Cost": 29310.68,
                  "Plan Rows": 237575,
                  "Plan Width": 0,
                  "Actual Startup Time": 32.883,
                  "Actual Total Time": 94.644,
                  "Actual Rows": 182739,
                  "Actual Loops": 4,
                  "Filter": "(company_id > 40461)",
                  "Rows Removed by Filter": 469543
                }
              ]
            }
          ]
        }
      ]
    },
    "Planning Time": 0.194,
    "Triggers": [],
    "Execution Time": 126.303
  }
]