{
  "Plan": {
    "Node Type": "Aggregate",
    "Strategy": "Plain",
    "Partial Mode": "Finalize",
    "Parallel Aware": false,
    "Startup Cost": 41201.0,
    "Total Cost": 41201.01,
    "Plan Rows": 1,
    "Plan Width": 8,
    "Actual Startup Time": 45.982,
    "Actual Total Time": 51.134,
    "Actual Rows": 1,
    "Actual Loops": 1,
    "Plans": [
      {
        "Node Type": "Gather",
        "Parent Relationship": "Outer",
        "Parallel Aware": false,
        "Startup Cost": 41200.88,
        "Total Cost": 41200.99,
        "Plan Rows": 1,
        "Plan Width": 8,
        "Actual Startup Time": 45.867,
        "Actual Total Time": 51.127,
        "Actual Rows": 2,
        "Actual Loops": 1,
        "Workers Planned": 1,
        "Workers Launched": 1,
        "Single Copy": false,
        "Plans": [
          {
            "Node Type": "Aggregate",
            "Strategy": "Plain",
            "Partial Mode": "Partial",
            "Parent Relationship": "Outer",
            "Parallel Aware": false,
            "Startup Cost": 40200.88,
            "Total Cost": 40200.89,
            "Plan Rows": 1,
            "Plan Width": 8,
            "Actual Startup Time": 40.017,
            "Actual Total Time": 40.019,
            "Actual Rows": 1,
            "Actual Loops": 2,
            "Plans": [
              {
                "Node Type": "Nested Loop",
                "Parent Relationship": "Outer",
                "Parallel Aware": false,
                "Join Type": "Inner",
                "Startup Cost": 132.78,
                "Total Cost": 40191.79,
                "Plan Rows": 3637,
                "Plan Width": 0,
                "Actual Startup Time": 3.889,
                "Actual Total Time": 39.599,
                "Actual Rows": 2928,
                "Actual Loops": 2,
                "Inner Unique": true,
                "Plans": [
                  {
                    "Node Type": "Bitmap Heap Scan",
                    "Parent Relationship": "Outer",
                    "Parallel Aware": true,
                    "Relation Name": "movie_keyword",
                    "Alias": "mk",
                    "Startup Cost": 132.35,
                    "Total Cost": 14334.04,
                    "Plan Rows": 3637,
                    "Plan Width": 4,
                    "Actual Startup Time": 3.736,
                    "Actual Total Time": 14.793,
                    "Actual Rows": 2928,
                    "Actual Loops": 2,
                    "Recheck Cond": "(keyword_id = 405)",
                    "Rows Removed by Index Recheck": 0,
                    "Exact Heap Blocks": 4381,
                    "Lossy Heap Blocks": 0,
                    "Plans": [
                      {
                        "Node Type": "Bitmap Index Scan",
                        "Parent Relationship": "Outer",
                        "Parallel Aware": false,
                        "Index Name": "keyword_id_movie_keyword",
                        "Startup Cost": 0.0,
                        "Total Cost": 130.81,
                        "Plan Rows": 6183,
                        "Plan Width": 0,
                        "Actual Startup Time": 4.504,
                        "Actual Total Time": 4.505,
                        "Actual Rows": 5857,
                        "Actual Loops": 1,
                        "Index Cond": "(keyword_id = 405)"
                      }
                    ]
                  },
                  {
                    "Node Type": "Index Only Scan",
                    "Parent Relationship": "Inner",
                    "Parallel Aware": false,
                    "Scan Direction": "Forward",
                    "Index Name": "title_pkey",
                    "Relation Name": "title",
                    "Alias": "t",
                    "Startup Cost": 0.43,
                    "Total Cost": 7.11,
                    "Plan Rows": 1,
                    "Plan Width": 4,
                    "Actual Startup Time": 0.008,
                    "Actual Total Time": 0.008,
                    "Actual Rows": 1,
                    "Actual Loops": 5857,
                    "Index Cond": "(id = mk.movie_id)",
                    "Rows Removed by Index Recheck": 0,
                    "Heap Fetches": 5857
                  }
                ]
              }
            ]
          }
        ]
      }
    ]
  },
  "Planning Time": 0.635,
  "Triggers": [],
  "Execution Time": 51.22
}