[
  {
    "Plan": {
      "Node Type": "Aggregate",
      "Strategy": "Plain",
      "Partial Mode": "Finalize",
      "Parallel Aware": false,
      "Startup Cost": 28382.23,
      "Total Cost": 28382.24,
      "Plan Rows": 1,
      "Plan Width": 8,
      "Actual Startup Time": 85.563,
      "Actual Total Time": 90.083,
      "Actual Rows": 1,
      "Actual Loops": 1,
      "Plans": [
        {
          "Node Type": "Gather",
          "Parent Relationship": "Outer",
          "Parallel Aware": false,
          "Startup Cost": 28381.91,
          "Total Cost": 28382.22,
          "Plan Rows": 3,
          "Plan Width": 8,
          "Actual Startup Time": 85.394,
          "Actual Total Time": 90.073,
          "Actual Rows": 4,
          "Actual Loops": 1,
          "Workers Planned": 3,
          "Workers Launched": 3,
          "Single Copy": false,
          "Plans": [
            {
              "Node Type": "Aggregate",
              "Strategy": "Plain",
              "Partial Mode": "Partial",
              "Parent Relationship": "Outer",
              "Parallel Aware": false,
              "Startup Cost": 27381.91,
              "Total Cost": 27381.92,
              "Plan Rows": 1,
              "Plan Width": 8,
              "Actual Startup Time": 77.432,
              "Actual Total Time": 77.435,
              "Actual Rows": 1,
              "Actual Loops": 4,
              "Plans": [
                {
                  "Node Type": "Bitmap Heap Scan",
                  "Parent Relationship": "Outer",
                  "Parallel Aware": true,
                  "Relation Name": "movie_companies",
                  "Alias": "mc",
                  "Startup Cost": 7023.89,
                  "Total Cost": 27120.58,
                  "Plan Rows": 104535,
                  "Plan Width": 0,
                  "Actual Startup Time": 34.86,
                  "Actual Total Time": 70.106,
                  "Actual Rows": 82046,
                  "Actual Loops": 4,
                  "Recheck Cond": "(company_id > 91110)",
                  "Rows Removed by Index Recheck": 0,
                  "Exact Heap Blocks": 2028,
                  "Lossy Heap Blocks": 0,
                  "Plans": [
                    {
                      "Node Type": "Bitmap Index Scan",
                      "Parent Relationship": "Outer",
                      "Parallel Aware": false,
                      "Index Name": "company_id_movie_companies",
                      "Startup Cost": 0.0,
                      "Total Cost": 6942.87,
                      "Plan Rows": 324059,
                      "Plan Width": 0,
                      "Actual Startup Time": 40.866,
                      "Actual Total Time": 40.866,
                      "Actual Rows": 328184,
                      "Actual Loops": 1,
                      "Index Cond": "(company_id > 91110)"
                    }
                  ]
                }
              ]
            }
          ]
        }
      ]
    },
    "Planning Time": 0.2,
    "Triggers": [],
    "Execution Time": 90.163
  }
]