[
  {
    "Plan": {
      "Node Type": "Aggregate",
      "Strategy": "Plain",
      "Partial Mode": "Finalize",
      "Parallel Aware": false,
      "Startup Cost": 80439.73,
      "Total Cost": 80439.74,
      "Plan Rows": 1,
      "Plan Width": 8,
      "Actual Startup Time": 496.393,
      "Actual Total Time": 513.789,
      "Actual Rows": 1,
      "Actual Loops": 1,
      "Plans": [
        {
          "Node Type": "Gather",
          "Parent Relationship": "Outer",
          "Parallel Aware": false,
          "Startup Cost": 80439.42,
          "Total Cost": 80439.73,
          "Plan Rows": 3,
          "Plan Width": 8,
          "Actual Startup Time": 484.973,
          "Actual Total Time": 513.782,
          "Actual Rows": 4,
          "Actual Loops": 1,
          "Workers Planned": 3,
          "Workers Launched": 3,
          "Single Copy": false,
          "Plans": [
            {
              "Node Type": "Aggregate",
              "Strategy": "Plain",
              "Partial Mode": "Partial",
              "Parent Relationship": "Outer",
              "Parallel Aware": false,
              "Startup Cost": 79439.42,
              "Total Cost": 79439.43,
              "Plan Rows": 1,
              "Plan Width": 8,
              "Actual Startup Time": 473.679,
              "Actual Total Time": 473.682,
              "Actual Rows": 1,
              "Actual Loops": 4,
              "Plans": [
                {
                  "Node Type": "Hash Join",
                  "Parent Relationship": "Outer",
                  "Parallel Aware": true,
                  "Join Type": "Inner",
                  "Startup Cost": 48717.81,
                  "Total Cost": 78921.03,
                  "Plan Rows": 207353,
                  "Plan Width": 0,
                  "Actual Startup Time": 293.723,
                  "Actual Total Time": 467.322,
                  "Actual Rows": 119430,
                  "Actual Loops": 4,
                  "Inner Unique": true,
                  "Hash Cond": "(mc.movie_id = t.id)",
                  "Plans": [
                    {
                      "Node Type": "Seq Scan",
                      "Parent Relationship": "Outer",
                      "Parallel Aware": true,
                      "Relation Name": "movie_companies",
                      "Alias": "mc",
                      "Startup Cost": 0.0,
                      "Total Cost": 29310.68,
                      "Plan Rows": 340016,
                      "Plan Width": 4,
                      "Actual Startup Time": 0.011,
                      "Actual Total Time": 76.907,
                      "Actual Rows": 265367,
                      "Actual Loops": 4,
                      "Filter": "(company_id < 6372)",
                      "Rows Removed by Filter": 386915
                    },
                    {
                      "Node Type": "Hash",
                      "Parent Relationship": "Inner",
                      "Parallel Aware": true,
                      "Startup Cost": 43899.32,
                      "Total Cost": 43899.32,
                      "Plan Rows": 385479,
                      "Plan Width": 4,
                      "Actual Startup Time": 286.749,
                      "Actual Total Time": 286.751,
                      "Actual Rows": 385816,
                      "Actual Loops": 4,
                      "Hash Buckets": 2097152,
                      "Original Hash Buckets": 2097152,
                      "Hash Batches": 1,
                      "Original Hash Batches": 1,
                      "Peak Memory Usage": 76800,
                      "Plans": [
                        {
                          "Node Type": "Seq Scan",
                          "Parent Relationship": "Outer",
                          "Parallel Aware": true,
                          "Relation Name": "title",
                          "Alias": "t",
                          "Startup Cost": 0.0,
                          "Total Cost": 43899.32,
                          "Plan Rows": 385479,
                          "Plan Width": 4,
                          "Actual Startup Time": 0.052,
                          "Actual Total Time": 123.48,
                          "Actual Rows": 385816,
                          "Actual Loops": 4,
                          "Filter": "(kind_id = 7)",
                          "Rows Removed by Filter": 246262
                        }
                      ]
                    }
                  ]
                }
              ]
            }
          ]
        }
      ]
    },
    "Planning Time": 0.324,
    "Triggers": [],
    "Execution Time": 513.831
  }
]