[
  {
    "Plan": {
      "Node Type": "Aggregate",
      "Strategy": "Plain",
      "Partial Mode": "Finalize",
      "Parallel Aware": false,
      "Startup Cost": 248082.7,
      "Total Cost": 248082.71,
      "Plan Rows": 1,
      "Plan Width": 8,
      "Actual Startup Time": 498.634,
      "Actual Total Time": 545.121,
      "Actual Rows": 1,
      "Actual Loops": 1,
      "Plans": [
        {
          "Node Type": "Gather",
          "Parent Relationship": "Outer",
          "Parallel Aware": false,
          "Startup Cost": 248082.18,
          "Total Cost": 248082.69,
          "Plan Rows": 5,
          "Plan Width": 8,
          "Actual Startup Time": 496.361,
          "Actual Total Time": 545.111,
          "Actual Rows": 6,
          "Actual Loops": 1,
          "Workers Planned": 5,
          "Workers Launched": 5,
          "Single Copy": false,
          "Plans": [
            {
              "Node Type": "Aggregate",
              "Strategy": "Plain",
              "Partial Mode": "Partial",
              "Parent Relationship": "Outer",
              "Parallel Aware": false,
              "Startup Cost": 247082.18,
              "Total Cost": 247082.19,
              "Plan Rows": 1,
              "Plan Width": 8,
              "Actual Startup Time": 488.649,
              "Actual Total Time": 488.653,
              "Actual Rows": 1,
              "Actual Loops": 6,
              "Plans": [
                {
                  "Node Type": "Hash Join",
                  "Parent Relationship": "Outer",
                  "Parallel Aware": true,
                  "Join Type": "Inner",
                  "Startup Cost": 46656.71,
                  "Total Cost": 246918.51,
                  "Plan Rows": 65469,
                  "Plan Width": 0,
                  "Actual Startup Time": 131.333,
                  "Actual Total Time": 482.434,
                  "Actual Rows": 129196,
                  "Actual Loops": 6,
                  "Inner Unique": true,
                  "Hash Cond": "(mi.movie_id = t.id)",
                  "Plans": [
                    {
                      "Node Type": "Seq Scan",
                      "Parent Relationship": "Outer",
                      "Parallel Aware": true,
                      "Relation Name": "movie_info",
                      "Alias": "mi",
                      "Startup Cost": 0.0,
                      "Total Cost": 199108.24,
                      "Plan Rows": 439450,
                      "Plan Width": 4,
                      "Actual Startup Time": 16.352,
                      "Actual Total Time": 315.708,
                      "Actual Rows": 372308,
                      "Actual Loops": 6,
                      "Filter": "(info_type_id > 16)",
                      "Rows Removed by Filter": 2100312
                    },
                    {
                      "Node Type": "Hash",
                      "Parent Relationship": "Inner",
                      "Parallel Aware": true,
                      "Startup Cost": 45479.59,
                      "Total Cost": 45479.59,
                      "Plan Rows": 94170,
                      "Plan Width": 4,
                      "Actual Startup Time": 100.013,
                      "Actual Total Time": 100.014,
                      "Actual Rows": 47019,
                      "Actual Loops": 6,
                      "Hash Buckets": 524288,
                      "Original Hash Buckets": 524288,
                      "Hash Batches": 1,
                      "Original Hash Batches": 1,
                      "Peak Memory Usage": 15200,
                      "Plans": [
                        {
                          "Node Type": "Seq Scan",
                          "Parent Relationship": "Outer",
                          "Parallel Aware": true,
                          "Relation Name": "title",
                          "Alias": "t",
                          "Startup Cost": 0.0,
                          "Total Cost": 45479.59,
                          "Plan Rows": 94170,
                          "Plan Width": 4,
                          "Actual Startup Time": 39.35,
                          "Actual Total Time": 80.026,
                          "Actual Rows": 47019,
                          "Actual Loops": 6,
                          "Filter": "((production_year > 1999) AND (kind_id = 1))",
                          "Rows Removed by Filter": 374366
                        }
                      ]
                    }
                  ]
                }
              ]
            }
          ]
        }
      ]
    },
    "Planning Time": 0.262,
    "Triggers": [],
    "Execution Time": 545.165
  }
]