[
  {
    "Plan": {
      "Node Type": "Aggregate",
      "Strategy": "Plain",
      "Partial Mode": "Finalize",
      "Parallel Aware": false,
      "Startup Cost": 439888.87,
      "Total Cost": 439888.88,
      "Plan Rows": 1,
      "Plan Width": 8,
      "Actual Startup Time": 2598.883,
      "Actual Total Time": 2657.715,
      "Actual Rows": 1,
      "Actual Loops": 1,
      "Plans": [
        {
          "Node Type": "Gather",
          "Parent Relationship": "Outer",
          "Parallel Aware": false,
          "Startup Cost": 439888.25,
          "Total Cost": 439888.86,
          "Plan Rows": 6,
          "Plan Width": 8,
          "Actual Startup Time": 2575.433,
          "Actual Total Time": 2657.701,
          "Actual Rows": 7,
          "Actual Loops": 1,
          "Workers Planned": 6,
          "Workers Launched": 6,
          "Single Copy": false,
          "Plans": [
            {
              "Node Type": "Aggregate",
              "Strategy": "Plain",
              "Partial Mode": "Partial",
              "Parent Relationship": "Outer",
              "Parallel Aware": false,
              "Startup Cost": 438888.25,
              "Total Cost": 438888.26,
              "Plan Rows": 1,
              "Plan Width": 8,
              "Actual Startup Time": 2566.811,
              "Actual Total Time": 2566.97,
              "Actual Rows": 1,
              "Actual Loops": 7,
              "Plans": [
                {
                  "Node Type": "Hash Join",
                  "Parent Relationship": "Outer",
                  "Parallel Aware": true,
                  "Join Type": "Inner",
                  "Startup Cost": 94238.86,
                  "Total Cost": 435008.64,
                  "Plan Rows": 1551843,
                  "Plan Width": 0,
                  "Actual Startup Time": 442.508,
                  "Actual Total Time": 2385.237,
                  "Actual Rows": 3656316,
                  "Actual Loops": 7,
                  "Inner Unique": false,
                  "Hash Cond": "(ci.movie_id = t.id)",
                  "Plans": [
                    {
                      "Node Type": "Seq Scan",
                      "Parent Relationship": "Outer",
                      "Parallel Aware": true,
                      "Relation Name": "cast_info",
                      "Alias": "ci",
                      "Startup Cost": 0.0,
                      "Total Cost": 313106.51,
                      "Plan Rows": 6041951,
                      "Plan Width": 4,
                      "Actual Startup Time": 0.034,
                      "Actual Total Time": 568.087,
                      "Actual Rows": 5177763,
                      "Actual Loops": 7
                    },
                    {
                      "Node Type": "Hash",
                      "Parent Relationship": "Inner",
                      "Parallel Aware": true,
                      "Startup Cost": 91620.26,
                      "Total Cost": 91620.26,
                      "Plan Rows": 209488,
                      "Plan Width": 8,
                      "Actual Startup Time": 440.376,
                      "Actual Total Time": 440.532,
                      "Actual Rows": 93705,
                      "Actual Loops": 7,
                      "Hash Buckets": 1048576,
                      "Original Hash Buckets": 1048576,
                      "Hash Batches": 1,
                      "Original Hash Batches": 1,
                      "Peak Memory Usage": 33952,
                      "Plans": [
                        {
                          "Node Type": "Hash Join",
                          "Parent Relationship": "Outer",
                          "Parallel Aware": true,
                          "Join Type": "Inner",
                          "Startup Cost": 63997.76,
                          "Total Cost": 91620.26,
                          "Plan Rows": 209488,
                          "Plan Width": 8,
                          "Actual Startup Time": 301.293,
                          "Actual Total Time": 393.6,
                          "Actual Rows": 93705,
                          "Actual Loops": 7,
                          "Inner Unique": true,
                          "Hash Cond": "(mk.movie_id = t.id)",
                          "Plans": [
                            {
                              "Node Type": "Bitmap Heap Scan",
                              "Parent Relationship": "Outer",
                              "Parallel Aware": true,
                              "Relation Name": "movie_keyword",
                              "Alias": "mk",
                              "Startup Cost": 13777.38,
                              "Total Cost": 40849.97,
                              "Plan Rows": 209488,
                              "Plan Width": 4,
                              "Actual Startup Time": 38.276,
                              "Actual Total Time": 84.534,
                              "Actual Rows": 93705,
                              "Actual Loops": 7,
                              "Recheck Cond": "(keyword_id < 508)",
                              "Rows Removed by Index Recheck": 0,
                              "Exact Heap Blocks": 4425,
                              "Lossy Heap Blocks": 0,
                              "Plans": [
                                {
                                  "Node Type": "Bitmap Index Scan",
                                  "Parent Relationship": "Outer",
                                  "Parallel Aware": false,
                                  "Index Name": "keyword_id_movie_keyword",
                                  "Startup Cost": 0.0,
                                  "Total Cost": 13615.02,
                                  "Plan Rows": 649412,
                                  "Plan Width": 0,
                                  "Actual Startup Time": 34.595,
                                  "Actual Total Time": 34.595,
                                  "Actual Rows": 655932,
                                  "Actual Loops": 1,
                                  "Index Cond": "(keyword_id < 508)"
                                }
                              ]
                            },
                            {
                              "Node Type": "Hash",
                              "Parent Relationship": "Inner",
                              "Parallel Aware": true,
                              "Startup Cost": 42319.06,
                              "Total Cost": 42319.06,
                              "Plan Rows": 632106,
                              "Plan Width": 4,
                              "Actual Startup Time": 259.101,
                              "Actual Total Time": 259.102,
                              "Actual Rows": 361187,
                              "Actual Loops": 7,
                              "Hash Buckets": 4194304,
                              "Original Hash Buckets": 4194304,
                              "Hash Batches": 1,
                              "Original Hash Batches": 1,
                              "Peak Memory Usage": 131808,
                              "Plans": [
                                {
                                  "Node Type": "Seq Scan",
                                  "Parent Relationship": "Outer",
                                  "Parallel Aware": true,
                                  "Relation Name": "title",
                                  "Alias": "t",
                                  "Startup Cost": 0.0,
                                  "Total Cost": 42319.06,
                                  "Plan Rows": 632106,
                                  "Plan Width": 4,
                                  "Actual Startup Time": 0.052,
                                  "Actual Total Time": 75.726,
                                  "Actual Rows": 361187,
                                  "Actual Loops": 7
                                }
                              ]
                            }
                          ]
                        }
                      ]
                    }
                  ]
                }
              ]
            }
          ]
        }
      ]
    },
    "Planning Time": 1.201,
    "Triggers": [],
    "Execution Time": 2657.79
  }
]