[
  {
    "Plan": {
      "Node Type": "Aggregate",
      "Strategy": "Plain",
      "Partial Mode": "Finalize",
      "Parallel Aware": false,
      "Startup Cost": 380965.3,
      "Total Cost": 380965.31,
      "Plan Rows": 1,
      "Plan Width": 8,
      "Actual Startup Time": 1872.556,
      "Actual Total Time": 1943.112,
      "Actual Rows": 1,
      "Actual Loops": 1,
      "Plans": [
        {
          "Node Type": "Gather",
          "Parent Relationship": "Outer",
          "Parallel Aware": false,
          "Startup Cost": 380964.67,
          "Total Cost": 380965.28,
          "Plan Rows": 6,
          "Plan Width": 8,
          "Actual Startup Time": 1868.37,
          "Actual Total Time": 1943.101,
          "Actual Rows": 7,
          "Actual Loops": 1,
          "Workers Planned": 6,
          "Workers Launched": 6,
          "Single Copy": false,
          "Plans": [
            {
              "Node Type": "Aggregate",
              "Strategy": "Plain",
              "Partial Mode": "Partial",
              "Parent Relationship": "Outer",
              "Parallel Aware": false,
              "Startup Cost": 379964.67,
              "Total Cost": 379964.68,
              "Plan Rows": 1,
              "Plan Width": 8,
              "Actual Startup Time": 1857.386,
              "Actual Total Time": 1857.389,
              "Actual Rows": 1,
              "Actual Loops": 7,
              "Plans": [
                {
                  "Node Type": "Hash Join",
                  "Parent Relationship": "Outer",
                  "Parallel Aware": true,
                  "Join Type": "Inner",
                  "Startup Cost": 47392.41,
                  "Total Cost": 376309.21,
                  "Plan Rows": 1462185,
                  "Plan Width": 0,
                  "Actual Startup Time": 122.635,
                  "Actual Total Time": 1789.931,
                  "Actual Rows": 1376442,
                  "Actual Loops": 7,
                  "Inner Unique": true,
                  "Hash Cond": "(ci.movie_id = t.id)",
                  "Plans": [
                    {
                      "Node Type": "Seq Scan",
                      "Parent Relationship": "Outer",
                      "Parallel Aware": true,
                      "Relation Name": "cast_info",
                      "Alias": "ci",
                      "Startup Cost": 0.0,
                      "Total Cost": 313067.02,
                      "Plan Rows": 6038002,
                      "Plan Width": 4,
                      "Actual Startup Time": 0.023,
                      "Actual Total Time": 578.162,
                      "Actual Rows": 5177763,
                      "Actual Loops": 7
                    },
                    {
                      "Node Type": "Hash",
                      "Parent Relationship": "Inner",
                      "Parallel Aware": true,
                      "Startup Cost": 45479.1,
                      "Total Cost": 45479.1,
                      "Plan Rows": 153065,
                      "Plan Width": 4,
                      "Actual Startup Time": 119.009,
                      "Actual Total Time": 119.01,
                      "Actual Rows": 75851,
                      "Actual Loops": 7,
                      "Hash Buckets": 1048576,
                      "Original Hash Buckets": 1048576,
                      "Hash Batches": 1,
                      "Original Hash Batches": 1,
                      "Peak Memory Usage": 29120,
                      "Plans": [
                        {
                          "Node Type": "Seq Scan",
                          "Parent Relationship": "Outer",
                          "Parallel Aware": true,
                          "Relation Name": "title",
                          "Alias": "t",
                          "Startup Cost": 0.0,
                          "Total Cost": 45479.1,
                          "Plan Rows": 153065,
                          "Plan Width": 4,
                          "Actual Startup Time": 45.697,
                          "Actual Total Time": 83.493,
                          "Actual Rows": 75851,
                          "Actual Loops": 7,
                          "Filter": "((production_year > 1933) AND (kind_id = 1))",
                          "Rows Removed by Filter": 285337
                        }
                      ]
                    }
                  ]
                }
              ]
            }
          ]
        }
      ]
    },
    "Planning Time": 0.654,
    "Triggers": [],
    "Execution Time": 1943.199
  }
]