[
    {
        "Bao": {
            "Bao prediction": 462.345,
            "Bao recommended hint": "(no hint)"
        }
    },
    {
        "Plan": {
            "Node Type": "Aggregate",
            "Strategy": "Plain",
            "Partial Mode": "Finalize",
            "Parallel Aware": false,
            "Startup Cost": 33277.42,
            "Total Cost": 33277.43,
            "Plan Rows": 1,
            "Plan Width": 8,
            "Actual Startup Time": 100.549,
            "Actual Total Time": 106.255,
            "Actual Rows": 1,
            "Actual Loops": 1,
            "Output": [
                "count(*)"
            ],
            "Plans": [
                {
                    "Node Type": "Gather",
                    "Parent Relationship": "Outer",
                    "Parallel Aware": false,
                    "Startup Cost": 33277.1,
                    "Total Cost": 33277.41,
                    "Plan Rows": 3,
                    "Plan Width": 8,
                    "Actual Startup Time": 100.483,
                    "Actual Total Time": 106.248,
                    "Actual Rows": 4,
                    "Actual Loops": 1,
                    "Output": [
                        "(PARTIAL count(*))"
                    ],
                    "Workers Planned": 3,
                    "Workers Launched": 3,
                    "Single Copy": false,
                    "Plans": [
                        {
                            "Node Type": "Aggregate",
                            "Strategy": "Plain",
                            "Partial Mode": "Partial",
                            "Parent Relationship": "Outer",
                            "Parallel Aware": false,
                            "Startup Cost": 32277.1,
                            "Total Cost": 32277.11,
                            "Plan Rows": 1,
                            "Plan Width": 8,
                            "Actual Startup Time": 92.701,
                            "Actual Total Time": 92.701,
                            "Actual Rows": 1,
                            "Actual Loops": 4,
                            "Output": [
                                "PARTIAL count(*)"
                            ],
                            "Workers": [
                                {
                                    "Worker Number": 0,
                                    "Actual Startup Time": 90.155,
                                    "Actual Total Time": 90.155,
                                    "Actual Rows": 1,
                                    "Actual Loops": 1
                                },
                                {
                                    "Worker Number": 1,
                                    "Actual Startup Time": 90.207,
                                    "Actual Total Time": 90.208,
                                    "Actual Rows": 1,
                                    "Actual Loops": 1
                                },
                                {
                                    "Worker Number": 2,
                                    "Actual Startup Time": 90.571,
                                    "Actual Total Time": 90.571,
                                    "Actual Rows": 1,
                                    "Actual Loops": 1
                                }
                            ],
                            "Plans": [
                                {
                                    "Node Type": "Seq Scan",
                                    "Parent Relationship": "Outer",
                                    "Parallel Aware": true,
                                    "Relation Name": "movie_companies",
                                    "Schema": "public",
                                    "Alias": "mc",
                                    "Startup Cost": 0.0,
                                    "Total Cost": 31414.82,
                                    "Plan Rows": 344914,
                                    "Plan Width": 0,
                                    "Actual Startup Time": 46.707,
                                    "Actual Total Time": 80.673,
                                    "Actual Rows": 299615,
                                    "Actual Loops": 4,
                                    "Output": [
                                        "id",
                                        "movie_id",
                                        "company_id",
                                        "company_type_id",
                                        "note"
                                    ],
                                    "Filter": "((mc.company_id > 452) AND (mc.company_type_id > 1))",
                                    "Rows Removed by Filter": 352668,
                                    "Workers": [
                                        {
                                            "Worker Number": 0,
                                            "Actual Startup Time": 44.157,
                                            "Actual Total Time": 78.553,
                                            "Actual Rows": 287690,
                                            "Actual Loops": 1
                                        },
                                        {
                                            "Worker Number": 1,
                                            "Actual Startup Time": 44.213,
                                            "Actual Total Time": 78.541,
                                            "Actual Rows": 289642,
                                            "Actual Loops": 1
                                        },
                                        {
                                            "Worker Number": 2,
                                            "Actual Startup Time": 44.585,
                                            "Actual Total Time": 78.926,
                                            "Actual Rows": 288309,
                                            "Actual Loops": 1
                                        }
                                    ]
                                }
                            ]
                        }
                    ]
                }
            ]
        },
        "Planning Time": 508.287,
        "Triggers": [],
        "Execution Time": 106.334
    }
]