[
  {
    "Plan": {
      "Node Type": "Aggregate",
      "Strategy": "Plain",
      "Partial Mode": "Finalize",
      "Parallel Aware": false,
      "Startup Cost": 80136.01,
      "Total Cost": 80136.02,
      "Plan Rows": 1,
      "Plan Width": 8,
      "Actual Startup Time": 356.096,
      "Actual Total Time": 372.839,
      "Actual Rows": 1,
      "Actual Loops": 1,
      "Plans": [
        {
          "Node Type": "Gather",
          "Parent Relationship": "Outer",
          "Parallel Aware": false,
          "Startup Cost": 80135.59,
          "Total Cost": 80136.0,
          "Plan Rows": 4,
          "Plan Width": 8,
          "Actual Startup Time": 350.967,
          "Actual Total Time": 372.829,
          "Actual Rows": 5,
          "Actual Loops": 1,
          "Workers Planned": 4,
          "Workers Launched": 4,
          "Single Copy": false,
          "Plans": [
            {
              "Node Type": "Aggregate",
              "Strategy": "Plain",
              "Partial Mode": "Partial",
              "Parent Relationship": "Outer",
              "Parallel Aware": false,
              "Startup Cost": 79135.59,
              "Total Cost": 79135.6,
              "Plan Rows": 1,
              "Plan Width": 8,
              "Actual Startup Time": 341.895,
              "Actual Total Time": 342.002,
              "Actual Rows": 1,
              "Actual Loops": 5,
              "Plans": [
                {
                  "Node Type": "Hash Join",
                  "Parent Relationship": "Outer",
                  "Parallel Aware": true,
                  "Join Type": "Inner",
                  "Startup Cost": 33069.19,
                  "Total Cost": 78879.16,
                  "Plan Rows": 102571,
                  "Plan Width": 0,
                  "Actual Startup Time": 131.999,
                  "Actual Total Time": 335.644,
                  "Actual Rows": 148483,
                  "Actual Loops": 5,
                  "Inner Unique": false,
                  "Hash Cond": "(t.id = mc.movie_id)",
                  "Plans": [
                    {
                      "Node Type": "Seq Scan",
                      "Parent Relationship": "Outer",
                      "Parallel Aware": true,
                      "Relation Name": "title",
                      "Alias": "t",
                      "Startup Cost": 0.0,
                      "Total Cost": 42318.73,
                      "Plan Rows": 632073,
                      "Plan Width": 4,
                      "Actual Startup Time": 0.012,
                      "Actual Total Time": 63.4,
                      "Actual Rows": 505662,
                      "Actual Loops": 5
                    },
                    {
                      "Node Type": "Hash",
                      "Parent Relationship": "Inner",
                      "Parallel Aware": true,
                      "Startup Cost": 31414.82,
                      "Total Cost": 31414.82,
                      "Plan Rows": 132350,
                      "Plan Width": 4,
                      "Actual Startup Time": 129.33,
                      "Actual Total Time": 129.331,
                      "Actual Rows": 148483,
                      "Actual Loops": 5,
                      "Hash Buckets": 1048576,
                      "Original Hash Buckets": 524288,
                      "Hash Batches": 1,
                      "Original Hash Batches": 1,
                      "Peak Memory Usage": 41408,
                      "Plans": [
                        {
                          "Node Type": "Seq Scan",
                          "Parent Relationship": "Outer",
                          "Parallel Aware": true,
                          "Relation Name": "movie_companies",
                          "Alias": "mc",
                          "Startup Cost": 0.0,
                          "Total Cost": 31414.82,
                          "Plan Rows": 132350,
                          "Plan Width": 4,
                          "Actual Startup Time": 41.757,
                          "Actual Total Time": 73.748,
                          "Actual Rows": 148483,
                          "Actual Loops": 5,
                          "Filter": "((company_id > 28147) AND (company_type_id = 2))",
                          "Rows Removed by Filter": 373343
                        }
                      ]
                    }
                  ]
                }
              ]
            }
          ]
        }
      ]
    },
    "Planning Time": 0.665,
    "Triggers": [],
    "Execution Time": 372.923
  }
]