[
  {
    "Plan": {
      "Node Type": "Aggregate",
      "Strategy": "Plain",
      "Partial Mode": "Finalize",
      "Parallel Aware": false,
      "Startup Cost": 32690.65,
      "Total Cost": 32690.66,
      "Plan Rows": 1,
      "Plan Width": 8,
      "Actual Startup Time": 105.307,
      "Actual Total Time": 112.23,
      "Actual Rows": 1,
      "Actual Loops": 1,
      "Plans": [
        {
          "Node Type": "Gather",
          "Parent Relationship": "Outer",
          "Parallel Aware": false,
          "Startup Cost": 32690.33,
          "Total Cost": 32690.64,
          "Plan Rows": 3,
          "Plan Width": 8,
          "Actual Startup Time": 105.021,
          "Actual Total Time": 112.222,
          "Actual Rows": 4,
          "Actual Loops": 1,
          "Workers Planned": 3,
          "Workers Launched": 3,
          "Single Copy": false,
          "Plans": [
            {
              "Node Type": "Aggregate",
              "Strategy": "Plain",
              "Partial Mode": "Partial",
              "Parent Relationship": "Outer",
              "Parallel Aware": false,
              "Startup Cost": 31690.33,
              "Total Cost": 31690.34,
              "Plan Rows": 1,
              "Plan Width": 8,
              "Actual Startup Time": 96.345,
              "Actual Total Time": 96.347,
              "Actual Rows": 1,
              "Actual Loops": 4,
              "Plans": [
                {
                  "Node Type": "Bitmap Heap Scan",
                  "Parent Relationship": "Outer",
                  "Parallel Aware": true,
                  "Relation Name": "movie_keyword",
                  "Alias": "mk",
                  "Startup Cost": 5892.62,
                  "Total Cost": 31466.38,
                  "Plan Rows": 89581,
                  "Plan Width": 0,
                  "Actual Startup Time": 33.128,
                  "Actual Total Time": 91.933,
                  "Actual Rows": 68665,
                  "Actual Loops": 4,
                  "Recheck Cond": "(keyword_id > 57756)",
                  "Rows Removed by Index Recheck": 0,
                  "Exact Heap Blocks": 10870,
                  "Lossy Heap Blocks": 0,
                  "Plans": [
                    {
                      "Node Type": "Bitmap Index Scan",
                      "Parent Relationship": "Outer",
                      "Parallel Aware": false,
                      "Index Name": "keyword_id_movie_keyword",
                      "Startup Cost": 0.0,
                      "Total Cost": 5823.19,
                      "Plan Rows": 277701,
                      "Plan Width": 0,
                      "Actual Startup Time": 36.998,
                      "Actual Total Time": 36.998,
                      "Actual Rows": 274659,
                      "Actual Loops": 1,
                      "Index Cond": "(keyword_id > 57756)"
                    }
                  ]
                }
              ]
            }
          ]
        }
      ]
    },
    "Planning Time": 0.15,
    "Triggers": [],
    "Execution Time": 112.298
  }
]