[
  {
    "Plan": {
      "Node Type": "Aggregate",
      "Strategy": "Plain",
      "Partial Mode": "Finalize",
      "Parallel Aware": false,
      "Startup Cost": 337260.1,
      "Total Cost": 337260.11,
      "Plan Rows": 1,
      "Plan Width": 8,
      "Actual Startup Time": 846.876,
      "Actual Total Time": 904.889,
      "Actual Rows": 1,
      "Actual Loops": 1,
      "Plans": [
        {
          "Node Type": "Gather",
          "Parent Relationship": "Outer",
          "Parallel Aware": false,
          "Startup Cost": 337259.47,
          "Total Cost": 337260.08,
          "Plan Rows": 6,
          "Plan Width": 8,
          "Actual Startup Time": 846.647,
          "Actual Total Time": 904.875,
          "Actual Rows": 7,
          "Actual Loops": 1,
          "Workers Planned": 6,
          "Workers Launched": 6,
          "Single Copy": false,
          "Plans": [
            {
              "Node Type": "Aggregate",
              "Strategy": "Plain",
              "Partial Mode": "Partial",
              "Parent Relationship": "Outer",
              "Parallel Aware": false,
              "Startup Cost": 336259.47,
              "Total Cost": 336259.48,
              "Plan Rows": 1,
              "Plan Width": 8,
              "Actual Startup Time": 836.168,
              "Actual Total Time": 836.169,
              "Actual Rows": 1,
              "Actual Loops": 7,
              "Plans": [
                {
                  "Node Type": "Seq Scan",
                  "Parent Relationship": "Outer",
                  "Parallel Aware": true,
                  "Relation Name": "cast_info",
                  "Alias": "ci",
                  "Startup Cost": 0.0,
                  "Total Cost": 328211.39,
                  "Plan Rows": 3219233,
                  "Plan Width": 0,
                  "Actual Startup Time": 0.065,
                  "Actual Total Time": 676.649,
                  "Actual Rows": 2787655,
                  "Actual Loops": 7,
                  "Filter": "(person_id < 1954169)",
                  "Rows Removed by Filter": 2390108
                }
              ]
            }
          ]
        }
      ]
    },
    "Planning Time": 0.17,
    "Triggers": [],
    "Execution Time": 904.96
  }
]