[
  {
    "Plan": {
      "Node Type": "Aggregate",
      "Strategy": "Plain",
      "Partial Mode": "Finalize",
      "Parallel Aware": false,
      "Startup Cost": 91703.0,
      "Total Cost": 91703.01,
      "Plan Rows": 1,
      "Plan Width": 8,
      "Actual Startup Time": 410.49,
      "Actual Total Time": 427.866,
      "Actual Rows": 1,
      "Actual Loops": 1,
      "Plans": [
        {
          "Node Type": "Gather",
          "Parent Relationship": "Outer",
          "Parallel Aware": false,
          "Startup Cost": 91702.68,
          "Total Cost": 91702.99,
          "Plan Rows": 3,
          "Plan Width": 8,
          "Actual Startup Time": 408.185,
          "Actual Total Time": 427.858,
          "Actual Rows": 4,
          "Actual Loops": 1,
          "Workers Planned": 3,
          "Workers Launched": 3,
          "Single Copy": false,
          "Plans": [
            {
              "Node Type": "Aggregate",
              "Strategy": "Plain",
              "Partial Mode": "Partial",
              "Parent Relationship": "Outer",
              "Parallel Aware": false,
              "Startup Cost": 90702.68,
              "Total Cost": 90702.69,
              "Plan Rows": 1,
              "Plan Width": 8,
              "Actual Startup Time": 399.415,
              "Actual Total Time": 399.418,
              "Actual Rows": 1,
              "Actual Loops": 4,
              "Plans": [
                {
                  "Node Type": "Hash Join",
                  "Parent Relationship": "Outer",
                  "Parallel Aware": true,
                  "Join Type": "Inner",
                  "Startup Cost": 47083.67,
                  "Total Cost": 89961.75,
                  "Plan Rows": 296372,
                  "Plan Width": 0,
                  "Actual Startup Time": 183.459,
                  "Actual Total Time": 378.883,
                  "Actual Rows": 445343,
                  "Actual Loops": 4,
                  "Inner Unique": true,
                  "Hash Cond": "(mk.movie_id = t.id)",
                  "Plans": [
                    {
                      "Node Type": "Seq Scan",
                      "Parent Relationship": "Outer",
                      "Parallel Aware": true,
                      "Relation Name": "movie_keyword",
                      "Alias": "mk",
                      "Startup Cost": 0.0,
                      "Total Cost": 39047.32,
                      "Plan Rows": 1459332,
                      "Plan Width": 4,
                      "Actual Startup Time": 0.025,
                      "Actual Total Time": 96.567,
                      "Actual Rows": 1130982,
                      "Actual Loops": 4
                    },
                    {
                      "Node Type": "Hash",
                      "Parent Relationship": "Inner",
                      "Parallel Aware": true,
                      "Startup Cost": 45479.1,
                      "Total Cost": 45479.1,
                      "Plan Rows": 128366,
                      "Plan Width": 4,
                      "Actual Startup Time": 139.451,
                      "Actual Total Time": 139.452,
                      "Actual Rows": 96644,
                      "Actual Loops": 4,
                      "Hash Buckets": 524288,
                      "Original Hash Buckets": 524288,
                      "Hash Batches": 1,
                      "Original Hash Batches": 1,
                      "Peak Memory Usage": 19264,
                      "Plans": [
                        {
                          "Node Type": "Seq Scan",
                          "Parent Relationship": "Outer",
                          "Parallel Aware": true,
                          "Relation Name": "title",
                          "Alias": "t",
                          "Startup Cost": 0.0,
                          "Total Cost": 45479.1,
                          "Plan Rows": 128366,
                          "Plan Width": 4,
                          "Actual Startup Time": 49.097,
                          "Actual Total Time": 106.609,
                          "Actual Rows": 96644,
                          "Actual Loops": 4,
                          "Filter": "((production_year > 1979) AND (kind_id = 1))",
                          "Rows Removed by Filter": 535434
                        }
                      ]
                    }
                  ]
                }
              ]
            }
          ]
        }
      ]
    },
    "Planning Time": 0.604,
    "Triggers": [],
    "Execution Time": 427.935
  }
]