{
  "Plan": {
    "Node Type": "Aggregate",
    "Strategy": "Plain",
    "Partial Mode": "Finalize",
    "Parallel Aware": false,
    "Startup Cost": 114864.4,
    "Total Cost": 114864.41,
    "Plan Rows": 1,
    "Plan Width": 8,
    "Actual Startup Time": 399.065,
    "Actual Total Time": 415.935,
    "Actual Rows": 1,
    "Actual Loops": 1,
    "Plans": [
      {
        "Node Type": "Gather",
        "Parent Relationship": "Outer",
        "Parallel Aware": false,
        "Startup Cost": 114864.29,
        "Total Cost": 114864.4,
        "Plan Rows": 1,
        "Plan Width": 8,
        "Actual Startup Time": 398.78,
        "Actual Total Time": 415.926,
        "Actual Rows": 2,
        "Actual Loops": 1,
        "Workers Planned": 1,
        "Workers Launched": 1,
        "Single Copy": false,
        "Plans": [
          {
            "Node Type": "Aggregate",
            "Strategy": "Plain",
            "Partial Mode": "Partial",
            "Parent Relationship": "Outer",
            "Parallel Aware": false,
            "Startup Cost": 113864.29,
            "Total Cost": 113864.3,
            "Plan Rows": 1,
            "Plan Width": 8,
            "Actual Startup Time": 391.185,
            "Actual Total Time": 391.189,
            "Actual Rows": 1,
            "Actual Loops": 2,
            "Plans": [
              {
                "Node Type": "Hash Join",
                "Parent Relationship": "Outer",
                "Parallel Aware": true,
                "Join Type": "Inner",
                "Startup Cost": 58616.56,
                "Total Cost": 113822.33,
                "Plan Rows": 16782,
                "Plan Width": 0,
                "Actual Startup Time": 160.685,
                "Actual Total Time": 390.292,
                "Actual Rows": 12824,
                "Actual Loops": 2,
                "Inner Unique": true,
                "Hash Cond": "(ci.movie_id = t.id)",
                "Plans": [
                  {
                    "Node Type": "Index Scan",
                    "Parent Relationship": "Outer",
                    "Parallel Aware": true,
                    "Scan Direction": "Forward",
                    "Index Name": "role_id_cast_info",
                    "Relation Name": "cast_info",
                    "Alias": "ci",
                    "Startup Cost": 0.56,
                    "Total Cost": 52560.36,
                    "Plan Rows": 1007991,
                    "Plan Width": 4,
                    "Actual Startup Time": 0.228,
                    "Actual Total Time": 129.475,
                    "Actual Rows": 851772,
                    "Actual Loops": 2,
                    "Index Cond": "(role_id = 8)",
                    "Rows Removed by Index Recheck": 0
                  },
                  {
                    "Node Type": "Hash",
                    "Parent Relationship": "Inner",
                    "Parallel Aware": true,
                    "Startup Cost": 58306.47,
                    "Total Cost": 58306.47,
                    "Plan Rows": 24762,
                    "Plan Width": 4,
                    "Actual Startup Time": 158.996,
                    "Actual Total Time": 158.998,
                    "Actual Rows": 12984,
                    "Actual Loops": 2,
                    "Hash Buckets": 65536,
                    "Original Hash Buckets": 65536,
                    "Hash Batches": 1,
                    "Original Hash Batches": 1,
                    "Peak Memory Usage": 1536,
                    "Plans": [
                      {
                        "Node Type": "Seq Scan",
                        "Parent Relationship": "Outer",
                        "Parallel Aware": true,
                        "Relation Name": "title",
                        "Alias": "t",
                        "Startup Cost": 0.0,
                        "Total Cost": 58306.47,
                        "Plan Rows": 24762,
                        "Plan Width": 4,
                        "Actual Startup Time": 0.425,
                        "Actual Total Time": 154.453,
                        "Actual Rows": 12984,
                        "Actual Loops": 2,
                        "Filter": "((kind_id < 4) AND (production_year = 2007))",
                        "Rows Removed by Filter": 1251172
                      }
                    ]
                  }
                ]
              }
            ]
          }
        ]
      }
    ]
  },
  "Planning Time": 0.543,
  "Triggers": [],
  "Execution Time": 416.016
}