[
  {
    "Plan": {
      "Node Type": "Aggregate",
      "Strategy": "Plain",
      "Partial Mode": "Finalize",
      "Parallel Aware": false,
      "Startup Cost": 46030.82,
      "Total Cost": 46030.83,
      "Plan Rows": 1,
      "Plan Width": 8,
      "Actual Startup Time": 161.615,
      "Actual Total Time": 172.327,
      "Actual Rows": 1,
      "Actual Loops": 1,
      "Plans": [
        {
          "Node Type": "Gather",
          "Parent Relationship": "Outer",
          "Parallel Aware": false,
          "Startup Cost": 46030.51,
          "Total Cost": 46030.82,
          "Plan Rows": 3,
          "Plan Width": 8,
          "Actual Startup Time": 161.49,
          "Actual Total Time": 172.319,
          "Actual Rows": 4,
          "Actual Loops": 1,
          "Workers Planned": 3,
          "Workers Launched": 3,
          "Single Copy": false,
          "Plans": [
            {
              "Node Type": "Aggregate",
              "Strategy": "Plain",
              "Partial Mode": "Partial",
              "Parent Relationship": "Outer",
              "Parallel Aware": false,
              "Startup Cost": 45030.51,
              "Total Cost": 45030.52,
              "Plan Rows": 1,
              "Plan Width": 8,
              "Actual Startup Time": 153.017,
              "Actual Total Time": 153.018,
              "Actual Rows": 1,
              "Actual Loops": 4,
              "Plans": [
                {
                  "Node Type": "Seq Scan",
                  "Parent Relationship": "Outer",
                  "Parallel Aware": true,
                  "Relation Name": "movie_keyword",
                  "Alias": "mk",
                  "Startup Cost": 0.0,
                  "Total Cost": 42695.65,
                  "Plan Rows": 933941,
                  "Plan Width": 0,
                  "Actual Startup Time": 0.065,
                  "Actual Total Time": 120.614,
                  "Actual Rows": 722572,
                  "Actual Loops": 4,
                  "Filter": "(keyword_id < 9083)",
                  "Rows Removed by Filter": 408410
                }
              ]
            }
          ]
        }
      ]
    },
    "Planning Time": 0.176,
    "Triggers": [],
    "Execution Time": 172.382
  }
]