[
  {
    "Plan": {
      "Node Type": "Aggregate",
      "Strategy": "Plain",
      "Partial Mode": "Finalize",
      "Parallel Aware": false,
      "Startup Cost": 46513.49,
      "Total Cost": 46513.5,
      "Plan Rows": 1,
      "Plan Width": 8,
      "Actual Startup Time": 86.988,
      "Actual Total Time": 98.997,
      "Actual Rows": 1,
      "Actual Loops": 1,
      "Plans": [
        {
          "Node Type": "Gather",
          "Parent Relationship": "Outer",
          "Parallel Aware": false,
          "Startup Cost": 46513.07,
          "Total Cost": 46513.48,
          "Plan Rows": 4,
          "Plan Width": 8,
          "Actual Startup Time": 86.686,
          "Actual Total Time": 98.983,
          "Actual Rows": 5,
          "Actual Loops": 1,
          "Workers Planned": 4,
          "Workers Launched": 4,
          "Single Copy": false,
          "Plans": [
            {
              "Node Type": "Aggregate",
              "Strategy": "Plain",
              "Partial Mode": "Partial",
              "Parent Relationship": "Outer",
              "Parallel Aware": false,
              "Startup Cost": 45513.07,
              "Total Cost": 45513.08,
              "Plan Rows": 1,
              "Plan Width": 8,
              "Actual Startup Time": 80.967,
              "Actual Total Time": 80.969,
              "Actual Rows": 1,
              "Actual Loops": 5,
              "Plans": [
                {
                  "Node Type": "Seq Scan",
                  "Parent Relationship": "Outer",
                  "Parallel Aware": true,
                  "Relation Name": "title",
                  "Alias": "t",
                  "Startup Cost": 0.0,
                  "Total Cost": 45479.59,
                  "Plan Rows": 13392,
                  "Plan Width": 0,
                  "Actual Startup Time": 0.176,
                  "Actual Total Time": 80.311,
                  "Actual Rows": 9269,
                  "Actual Loops": 5,
                  "Filter": "((kind_id < 4) AND (production_year = 2011))",
                  "Rows Removed by Filter": 496394
                }
              ]
            }
          ]
        }
      ]
    },
    "Planning Time": 0.198,
    "Triggers": [],
    "Execution Time": 99.06
  }
]