[
    {
        "Bao": {
            "Bao prediction": "NaN",
            "Bao recommended hint": "(no hint)"
        }
    },
    {
        "Plan": {
            "Node Type": "Aggregate",
            "Strategy": "Plain",
            "Partial Mode": "Finalize",
            "Parallel Aware": false,
            "Startup Cost": 41354.43,
            "Total Cost": 41354.44,
            "Plan Rows": 1,
            "Plan Width": 8,
            "Actual Startup Time": 133.107,
            "Actual Total Time": 139.515,
            "Actual Rows": 1,
            "Actual Loops": 1,
            "Output": [
                "count(*)"
            ],
            "Plans": [
                {
                    "Node Type": "Gather",
                    "Parent Relationship": "Outer",
                    "Parallel Aware": false,
                    "Startup Cost": 41354.11,
                    "Total Cost": 41354.42,
                    "Plan Rows": 3,
                    "Plan Width": 8,
                    "Actual Startup Time": 132.845,
                    "Actual Total Time": 139.506,
                    "Actual Rows": 4,
                    "Actual Loops": 1,
                    "Output": [
                        "(PARTIAL count(*))"
                    ],
                    "Workers Planned": 3,
                    "Workers Launched": 3,
                    "Single Copy": false,
                    "Plans": [
                        {
                            "Node Type": "Aggregate",
                            "Strategy": "Plain",
                            "Partial Mode": "Partial",
                            "Parent Relationship": "Outer",
                            "Parallel Aware": false,
                            "Startup Cost": 40354.11,
                            "Total Cost": 40354.12,
                            "Plan Rows": 1,
                            "Plan Width": 8,
                            "Actual Startup Time": 124.147,
                            "Actual Total Time": 124.148,
                            "Actual Rows": 1,
                            "Actual Loops": 4,
                            "Output": [
                                "PARTIAL count(*)"
                            ],
                            "Workers": [
                                {
                                    "Worker Number": 0,
                                    "Actual Startup Time": 120.36,
                                    "Actual Total Time": 120.362,
                                    "Actual Rows": 1,
                                    "Actual Loops": 1
                                },
                                {
                                    "Worker Number": 1,
                                    "Actual Startup Time": 121.753,
                                    "Actual Total Time": 121.755,
                                    "Actual Rows": 1,
                                    "Actual Loops": 1
                                },
                                {
                                    "Worker Number": 2,
                                    "Actual Startup Time": 122.032,
                                    "Actual Total Time": 122.033,
                                    "Actual Rows": 1,
                                    "Actual Loops": 1
                                }
                            ],
                            "Plans": [
                                {
                                    "Node Type": "Bitmap Heap Scan",
                                    "Parent Relationship": "Outer",
                                    "Parallel Aware": true,
                                    "Relation Name": "movie_keyword",
                                    "Schema": "public",
                                    "Alias": "mk",
                                    "Startup Cost": 12946.75,
                                    "Total Cost": 39861.89,
                                    "Plan Rows": 196891,
                                    "Plan Width": 0,
                                    "Actual Startup Time": 45.23,
                                    "Actual Total Time": 115.958,
                                    "Actual Rows": 150557,
                                    "Actual Loops": 4,
                                    "Recheck Cond": "(mk.keyword_id > 30582)",
                                    "Rows Removed by Index Recheck": 0,
                                    "Exact Heap Blocks": 10056,
                                    "Lossy Heap Blocks": 0,
                                    "Workers": [
                                        {
                                            "Worker Number": 0,
                                            "Actual Startup Time": 41.595,
                                            "Actual Total Time": 113.219,
                                            "Actual Rows": 110614,
                                            "Actual Loops": 1
                                        },
                                        {
                                            "Worker Number": 1,
                                            "Actual Startup Time": 43.059,
                                            "Actual Total Time": 114.214,
                                            "Actual Rows": 117081,
                                            "Actual Loops": 1
                                        },
                                        {
                                            "Worker Number": 2,
                                            "Actual Startup Time": 43.164,
                                            "Actual Total Time": 114.509,
                                            "Actual Rows": 115977,
                                            "Actual Loops": 1
                                        }
                                    ],
                                    "Plans": [
                                        {
                                            "Node Type": "Bitmap Index Scan",
                                            "Parent Relationship": "Outer",
                                            "Parallel Aware": false,
                                            "Index Name": "keyword_id_movie_keyword",
                                            "Startup Cost": 0.0,
                                            "Total Cost": 12794.16,
                                            "Plan Rows": 610363,
                                            "Plan Width": 0,
                                            "Actual Startup Time": 49.77,
                                            "Actual Total Time": 49.771,
                                            "Actual Rows": 602229,
                                            "Actual Loops": 1,
                                            "Index Cond": "(mk.keyword_id > 30582)"
                                        }
                                    ]
                                }
                            ]
                        }
                    ]
                }
            ]
        },
        "Planning Time": 206.273,
        "Triggers": [],
        "Execution Time": 139.592
    }
]