[
    {
        "Bao": {
            "Bao prediction": "NaN",
            "Bao recommended hint": "(no hint)"
        }
    },
    {
        "Plan": {
            "Node Type": "Aggregate",
            "Strategy": "Plain",
            "Partial Mode": "Finalize",
            "Parallel Aware": false,
            "Startup Cost": 85541.6,
            "Total Cost": 85541.61,
            "Plan Rows": 1,
            "Plan Width": 8,
            "Actual Startup Time": 456.72,
            "Actual Total Time": 499.503,
            "Actual Rows": 1,
            "Actual Loops": 1,
            "Output": [
                "count(*)"
            ],
            "Plans": [
                {
                    "Node Type": "Gather",
                    "Parent Relationship": "Outer",
                    "Parallel Aware": false,
                    "Startup Cost": 85541.28,
                    "Total Cost": 85541.59,
                    "Plan Rows": 3,
                    "Plan Width": 8,
                    "Actual Startup Time": 453.894,
                    "Actual Total Time": 499.494,
                    "Actual Rows": 4,
                    "Actual Loops": 1,
                    "Output": [
                        "(PARTIAL count(*))"
                    ],
                    "Workers Planned": 3,
                    "Workers Launched": 3,
                    "Single Copy": false,
                    "Plans": [
                        {
                            "Node Type": "Aggregate",
                            "Strategy": "Plain",
                            "Partial Mode": "Partial",
                            "Parent Relationship": "Outer",
                            "Parallel Aware": false,
                            "Startup Cost": 84541.28,
                            "Total Cost": 84541.29,
                            "Plan Rows": 1,
                            "Plan Width": 8,
                            "Actual Startup Time": 444.677,
                            "Actual Total Time": 444.681,
                            "Actual Rows": 1,
                            "Actual Loops": 4,
                            "Output": [
                                "PARTIAL count(*)"
                            ],
                            "Workers": [
                                {
                                    "Worker Number": 0,
                                    "Actual Startup Time": 441.883,
                                    "Actual Total Time": 441.887,
                                    "Actual Rows": 1,
                                    "Actual Loops": 1
                                },
                                {
                                    "Worker Number": 1,
                                    "Actual Startup Time": 441.572,
                                    "Actual Total Time": 441.576,
                                    "Actual Rows": 1,
                                    "Actual Loops": 1
                                },
                                {
                                    "Worker Number": 2,
                                    "Actual Startup Time": 441.886,
                                    "Actual Total Time": 441.891,
                                    "Actual Rows": 1,
                                    "Actual Loops": 1
                                }
                            ],
                            "Plans": [
                                {
                                    "Node Type": "Nested Loop",
                                    "Parent Relationship": "Outer",
                                    "Parallel Aware": false,
                                    "Join Type": "Inner",
                                    "Startup Cost": 47555.53,
                                    "Total Cost": 84522.58,
                                    "Plan Rows": 7481,
                                    "Plan Width": 0,
                                    "Actual Startup Time": 161.348,
                                    "Actual Total Time": 442.864,
                                    "Actual Rows": 17223,
                                    "Actual Loops": 4,
                                    "Inner Unique": false,
                                    "Workers": [
                                        {
                                            "Worker Number": 0,
                                            "Actual Startup Time": 158.779,
                                            "Actual Total Time": 440.072,
                                            "Actual Rows": 11526,
                                            "Actual Loops": 1
                                        },
                                        {
                                            "Worker Number": 1,
                                            "Actual Startup Time": 158.567,
                                            "Actual Total Time": 439.732,
                                            "Actual Rows": 11587,
                                            "Actual Loops": 1
                                        },
                                        {
                                            "Worker Number": 2,
                                            "Actual Startup Time": 158.307,
                                            "Actual Total Time": 440.097,
                                            "Actual Rows": 11288,
                                            "Actual Loops": 1
                                        }
                                    ],
                                    "Plans": [
                                        {
                                            "Node Type": "Hash Join",
                                            "Parent Relationship": "Outer",
                                            "Parallel Aware": true,
                                            "Join Type": "Inner",
                                            "Startup Cost": 47554.97,
                                            "Total Cost": 72773.2,
                                            "Plan Rows": 2051,
                                            "Plan Width": 8,
                                            "Actual Startup Time": 160.894,
                                            "Actual Total Time": 182.187,
                                            "Actual Rows": 5550,
                                            "Actual Loops": 4,
                                            "Output": [
                                                "t.id",
                                                "mk.movie_id"
                                            ],
                                            "Inner Unique": true,
                                            "Hash Cond": "(mk.movie_id = t.id)",
                                            "Workers": [
                                                {
                                                    "Worker Number": 0,
                                                    "Actual Startup Time": 157.952,
                                                    "Actual Total Time": 177.562,
                                                    "Actual Rows": 3666,
                                                    "Actual Loops": 1
                                                },
                                                {
                                                    "Worker Number": 1,
                                                    "Actual Startup Time": 157.77,
                                                    "Actual Total Time": 177.422,
                                                    "Actual Rows": 3569,
                                                    "Actual Loops": 1
                                                },
                                                {
                                                    "Worker Number": 2,
                                                    "Actual Startup Time": 158.164,
                                                    "Actual Total Time": 178.56,
                                                    "Actual Rows": 3579,
                                                    "Actual Loops": 1
                                                }
                                            ],
                                            "Plans": [
                                                {
                                                    "Node Type": "Bitmap Heap Scan",
                                                    "Parent Relationship": "Outer",
                                                    "Parallel Aware": true,
                                                    "Relation Name": "movie_keyword",
                                                    "Schema": "public",
                                                    "Alias": "mk",
                                                    "Startup Cost": 938.86,
                                                    "Total Cost": 26119.67,
                                                    "Plan Rows": 14253,
                                                    "Plan Width": 4,
                                                    "Actual Startup Time": 7.878,
                                                    "Actual Total Time": 21.22,
                                                    "Actual Rows": 10460,
                                                    "Actual Loops": 4,
                                                    "Output": [
                                                        "mk.id",
                                                        "mk.movie_id",
                                                        "mk.keyword_id"
                                                    ],
                                                    "Recheck Cond": "(mk.keyword_id = 117)",
                                                    "Rows Removed by Index Recheck": 0,
                                                    "Exact Heap Blocks": 6086,
                                                    "Lossy Heap Blocks": 0,
                                                    "Workers": [
                                                        {
                                                            "Worker Number": 0,
                                                            "Actual Startup Time": 7.785,
                                                            "Actual Total Time": 21.018,
                                                            "Actual Rows": 6557,
                                                            "Actual Loops": 1
                                                        },
                                                        {
                                                            "Worker Number": 1,
                                                            "Actual Startup Time": 7.847,
                                                            "Actual Total Time": 20.855,
                                                            "Actual Rows": 6617,
                                                            "Actual Loops": 1
                                                        },
                                                        {
                                                            "Worker Number": 2,
                                                            "Actual Startup Time": 7.809,
                                                            "Actual Total Time": 21.613,
                                                            "Actual Rows": 6439,
                                                            "Actual Loops": 1
                                                        }
                                                    ],
                                                    "Plans": [
                                                        {
                                                            "Node Type": "Bitmap Index Scan",
                                                            "Parent Relationship": "Outer",
                                                            "Parallel Aware": false,
                                                            "Index Name": "keyword_id_movie_keyword",
                                                            "Startup Cost": 0.0,
                                                            "Total Cost": 927.81,
                                                            "Plan Rows": 44184,
                                                            "Plan Width": 0,
                                                            "Actual Startup Time": 5.252,
                                                            "Actual Total Time": 5.253,
                                                            "Actual Rows": 41840,
                                                            "Actual Loops": 1,
                                                            "Index Cond": "(mk.keyword_id = 117)",
                                                            "Workers": [
                                                                {
                                                                    "Worker Number": 0,
                                                                    "Actual Startup Time": 5.252,
                                                                    "Actual Total Time": 5.253,
                                                                    "Actual Rows": 41840,
                                                                    "Actual Loops": 1
                                                                }
                                                            ]
                                                        }
                                                    ]
                                                },
                                                {
                                                    "Node Type": "Hash",
                                                    "Parent Relationship": "Inner",
                                                    "Parallel Aware": true,
                                                    "Startup Cost": 45479.21,
                                                    "Total Cost": 45479.21,
                                                    "Plan Rows": 90952,
                                                    "Plan Width": 4,
                                                    "Actual Startup Time": 150.531,
                                                    "Actual Total Time": 150.532,
                                                    "Actual Rows": 117593,
                                                    "Actual Loops": 4,
                                                    "Output": [
                                                        "t.id"
                                                    ],
                                                    "Hash Buckets": 524288,
                                                    "Original Hash Buckets": 524288,
                                                    "Hash Batches": 1,
                                                    "Original Hash Batches": 1,
                                                    "Peak Memory Usage": 22560,
                                                    "Workers": [
                                                        {
                                                            "Worker Number": 0,
                                                            "Actual Startup Time": 149.207,
                                                            "Actual Total Time": 149.208,
                                                            "Actual Rows": 100782,
                                                            "Actual Loops": 1
                                                        },
                                                        {
                                                            "Worker Number": 1,
                                                            "Actual Startup Time": 149.425,
                                                            "Actual Total Time": 149.426,
                                                            "Actual Rows": 100326,
                                                            "Actual Loops": 1
                                                        },
                                                        {
                                                            "Worker Number": 2,
                                                            "Actual Startup Time": 149.74,
                                                            "Actual Total Time": 149.74,
                                                            "Actual Rows": 93696,
                                                            "Actual Loops": 1
                                                        }
                                                    ],
                                                    "Plans": [
                                                        {
                                                            "Node Type": "Seq Scan",
                                                            "Parent Relationship": "Outer",
                                                            "Parallel Aware": true,
                                                            "Relation Name": "title",
                                                            "Schema": "public",
                                                            "Alias": "t",
                                                            "Startup Cost": 0.0,
                                                            "Total Cost": 45479.21,
                                                            "Plan Rows": 90952,
                                                            "Plan Width": 4,
                                                            "Actual Startup Time": 0.056,
                                                            "Actual Total Time": 108.99,
                                                            "Actual Rows": 117593,
                                                            "Actual Loops": 4,
                                                            "Output": [
                                                                "t.id"
                                                            ],
                                                            "Filter": "((t.kind_id < 7) AND (t.production_year < 1998))",
                                                            "Rows Removed by Filter": 514485,
                                                            "Workers": [
                                                                {
                                                                    "Worker Number": 0,
                                                                    "Actual Startup Time": 0.057,
                                                                    "Actual Total Time": 109.416,
                                                                    "Actual Rows": 100782,
                                                                    "Actual Loops": 1
                                                                },
                                                                {
                                                                    "Worker Number": 1,
                                                                    "Actual Startup Time": 0.043,
                                                                    "Actual Total Time": 109.315,
                                                                    "Actual Rows": 100326,
                                                                    "Actual Loops": 1
                                                                },
                                                                {
                                                                    "Worker Number": 2,
                                                                    "Actual Startup Time": 0.093,
                                                                    "Actual Total Time": 107.721,
                                                                    "Actual Rows": 93696,
                                                                    "Actual Loops": 1
                                                                }
                                                            ]
                                                        }
                                                    ]
                                                }
                                            ]
                                        },
                                        {
                                            "Node Type": "Index Scan",
                                            "Parent Relationship": "Inner",
                                            "Parallel Aware": false,
                                            "Scan Direction": "Forward",
                                            "Index Name": "movie_id_cast_info",
                                            "Relation Name": "cast_info",
                                            "Schema": "public",
                                            "Alias": "ci",
                                            "Startup Cost": 0.56,
                                            "Total Cost": 5.63,
                                            "Plan Rows": 10,
                                            "Plan Width": 4,
                                            "Actual Startup Time": 0.036,
                                            "Actual Total Time": 0.046,
                                            "Actual Rows": 3,
                                            "Actual Loops": 22201,
                                            "Output": [
                                                "ci.id",
                                                "ci.person_id",
                                                "ci.movie_id",
                                                "ci.person_role_id",
                                                "ci.note",
                                                "ci.nr_order",
                                                "ci.role_id"
                                            ],
                                            "Index Cond": "(ci.movie_id = t.id)",
                                            "Rows Removed by Index Recheck": 0,
                                            "Filter": "((ci.person_id < 2846012) AND (ci.role_id > 3))",
                                            "Rows Removed by Filter": 19,
                                            "Workers": [
                                                {
                                                    "Worker Number": 0,
                                                    "Actual Startup Time": 0.054,
                                                    "Actual Total Time": 0.07,
                                                    "Actual Rows": 3,
                                                    "Actual Loops": 3666
                                                },
                                                {
                                                    "Worker Number": 1,
                                                    "Actual Startup Time": 0.056,
                                                    "Actual Total Time": 0.072,
                                                    "Actual Rows": 3,
                                                    "Actual Loops": 3569
                                                },
                                                {
                                                    "Worker Number": 2,
                                                    "Actual Startup Time": 0.055,
                                                    "Actual Total Time": 0.072,
                                                    "Actual Rows": 3,
                                                    "Actual Loops": 3579
                                                }
                                            ]
                                        }
                                    ]
                                }
                            ]
                        }
                    ]
                }
            ]
        },
        "Planning Time": 180.345,
        "Triggers": [],
        "Execution Time": 499.656
    }
]