[
  {
    "Plan": {
      "Node Type": "Aggregate",
      "Strategy": "Plain",
      "Partial Mode": "Finalize",
      "Parallel Aware": false,
      "Startup Cost": 268005.38,
      "Total Cost": 268005.39,
      "Plan Rows": 1,
      "Plan Width": 8,
      "Actual Startup Time": 361.945,
      "Actual Total Time": 386.484,
      "Actual Rows": 1,
      "Actual Loops": 1,
      "Plans": [
        {
          "Node Type": "Gather",
          "Parent Relationship": "Outer",
          "Parallel Aware": false,
          "Startup Cost": 268005.06,
          "Total Cost": 268005.37,
          "Plan Rows": 3,
          "Plan Width": 8,
          "Actual Startup Time": 355.368,
          "Actual Total Time": 386.473,
          "Actual Rows": 4,
          "Actual Loops": 1,
          "Workers Planned": 3,
          "Workers Launched": 3,
          "Single Copy": false,
          "Plans": [
            {
              "Node Type": "Aggregate",
              "Strategy": "Plain",
              "Partial Mode": "Partial",
              "Parent Relationship": "Outer",
              "Parallel Aware": false,
              "Startup Cost": 267005.06,
              "Total Cost": 267005.07,
              "Plan Rows": 1,
              "Plan Width": 8,
              "Actual Startup Time": 346.563,
              "Actual Total Time": 346.569,
              "Actual Rows": 1,
              "Actual Loops": 4,
              "Plans": [
                {
                  "Node Type": "Nested Loop",
                  "Parent Relationship": "Outer",
                  "Parallel Aware": false,
                  "Join Type": "Inner",
                  "Startup Cost": 48934.37,
                  "Total Cost": 265846.75,
                  "Plan Rows": 463323,
                  "Plan Width": 0,
                  "Actual Startup Time": 223.558,
                  "Actual Total Time": 344.791,
                  "Actual Rows": 28013,
                  "Actual Loops": 4,
                  "Inner Unique": false,
                  "Plans": [
                    {
                      "Node Type": "Hash Join",
                      "Parent Relationship": "Outer",
                      "Parallel Aware": true,
                      "Join Type": "Inner",
                      "Startup Cost": 48933.94,
                      "Total Cost": 80822.54,
                      "Plan Rows": 78908,
                      "Plan Width": 8,
                      "Actual Startup Time": 223.44,
                      "Actual Total Time": 301.735,
                      "Actual Rows": 2388,
                      "Actual Loops": 4,
                      "Inner Unique": true,
                      "Hash Cond": "(mc.movie_id = t.id)",
                      "Plans": [
                        {
                          "Node Type": "Seq Scan",
                          "Parent Relationship": "Outer",
                          "Parallel Aware": true,
                          "Relation Name": "movie_companies",
                          "Alias": "mc",
                          "Startup Cost": 0.0,
                          "Total Cost": 31414.82,
                          "Plan Rows": 180490,
                          "Plan Width": 4,
                          "Actual Startup Time": 10.161,
                          "Actual Total Time": 66.641,
                          "Actual Rows": 68292,
                          "Actual Loops": 4,
                          "Filter": "((company_id > 13411) AND (company_type_id = 1))",
                          "Rows Removed by Filter": 583990
                        },
                        {
                          "Node Type": "Hash",
                          "Parent Relationship": "Inner",
                          "Parallel Aware": true,
                          "Startup Cost": 45479.59,
                          "Total Cost": 45479.59,
                          "Plan Rows": 276348,
                          "Plan Width": 4,
                          "Actual Startup Time": 208.576,
                          "Actual Total Time": 208.578,
                          "Actual Rows": 263712,
                          "Actual Loops": 4,
                          "Hash Buckets": 2097152,
                          "Original Hash Buckets": 2097152,
                          "Hash Batches": 1,
                          "Original Hash Batches": 1,
                          "Peak Memory Usage": 57696,
                          "Plans": [
                            {
                              "Node Type": "Seq Scan",
                              "Parent Relationship": "Outer",
                              "Parallel Aware": true,
                              "Relation Name": "title",
                              "Alias": "t",
                              "Startup Cost": 0.0,
                              "Total Cost": 45479.59,
                              "Plan Rows": 276348,
                              "Plan Width": 4,
                              "Actual Startup Time": 0.053,
                              "Actual Total Time": 112.69,
                              "Actual Rows": 263712,
                              "Actual Loops": 4,
                              "Filter": "((kind_id > 4) AND (production_year < 2009))",
                              "Rows Removed by Filter": 368366
                            }
                          ]
                        }
                      ]
                    },
                    {
                      "Node Type": "Index Only Scan",
                      "Parent Relationship": "Inner",
                      "Parallel Aware": false,
                      "Scan Direction": "Forward",
                      "Index Name": "movie_id_movie_info",
                      "Relation Name": "movie_info",
                      "Alias": "mi",
                      "Startup Cost": 0.43,
                      "Total Cost": 1.93,
                      "Plan Rows": 41,
                      "Plan Width": 4,
                      "Actual Startup Time": 0.006,
                      "Actual Total Time": 0.017,
                      "Actual Rows": 12,
                      "Actual Loops": 9552,
                      "Index Cond": "(movie_id = t.id)",
                      "Rows Removed by Index Recheck": 0,
                      "Heap Fetches": 112053
                    }
                  ]
                }
              ]
            }
          ]
        }
      ]
    },
    "Planning Time": 0.545,
    "Triggers": [],
    "Execution Time": 386.525
  }
]