[
  {
    "Plan": {
      "Node Type": "Aggregate",
      "Strategy": "Plain",
      "Partial Mode": "Finalize",
      "Parallel Aware": false,
      "Startup Cost": 384733.26,
      "Total Cost": 384733.27,
      "Plan Rows": 1,
      "Plan Width": 8,
      "Actual Startup Time": 742.802,
      "Actual Total Time": 767.546,
      "Actual Rows": 1,
      "Actual Loops": 1,
      "Plans": [
        {
          "Node Type": "Gather",
          "Parent Relationship": "Outer",
          "Parallel Aware": false,
          "Startup Cost": 384732.64,
          "Total Cost": 384733.25,
          "Plan Rows": 6,
          "Plan Width": 8,
          "Actual Startup Time": 734.467,
          "Actual Total Time": 767.536,
          "Actual Rows": 7,
          "Actual Loops": 1,
          "Workers Planned": 6,
          "Workers Launched": 6,
          "Single Copy": false,
          "Plans": [
            {
              "Node Type": "Aggregate",
              "Strategy": "Plain",
              "Partial Mode": "Partial",
              "Parent Relationship": "Outer",
              "Parallel Aware": false,
              "Startup Cost": 383732.64,
              "Total Cost": 383732.65,
              "Plan Rows": 1,
              "Plan Width": 8,
              "Actual Startup Time": 718.77,
              "Actual Total Time": 718.773,
              "Actual Rows": 1,
              "Actual Loops": 7,
              "Plans": [
                {
                  "Node Type": "Hash Join",
                  "Parent Relationship": "Outer",
                  "Parallel Aware": true,
                  "Join Type": "Inner",
                  "Startup Cost": 47876.59,
                  "Total Cost": 382363.95,
                  "Plan Rows": 547473,
                  "Plan Width": 0,
                  "Actual Startup Time": 172.644,
                  "Actual Total Time": 706.128,
                  "Actual Rows": 270712,
                  "Actual Loops": 7,
                  "Inner Unique": true,
                  "Hash Cond": "(ci.movie_id = t.id)",
                  "Plans": [
                    {
                      "Node Type": "Index Scan",
                      "Parent Relationship": "Outer",
                      "Parallel Aware": true,
                      "Scan Direction": "Forward",
                      "Index Name": "role_id_cast_info",
                      "Relation Name": "cast_info",
                      "Alias": "ci",
                      "Startup Cost": 0.56,
                      "Total Cost": 331632.96,
                      "Plan Rows": 1087606,
                      "Plan Width": 4,
                      "Actual Startup Time": 0.217,
                      "Actual Total Time": 327.801,
                      "Actual Rows": 527517,
                      "Actual Loops": 7,
                      "Index Cond": "(role_id > 3)",
                      "Rows Removed by Index Recheck": 0,
                      "Filter": "(person_id < 1923541)",
                      "Rows Removed by Filter": 1203004
                    },
                    {
                      "Node Type": "Hash",
                      "Parent Relationship": "Inner",
                      "Parallel Aware": true,
                      "Startup Cost": 43898.92,
                      "Total Cost": 43898.92,
                      "Plan Rows": 318169,
                      "Plan Width": 4,
                      "Actual Startup Time": 167.641,
                      "Actual Total Time": 167.642,
                      "Actual Rows": 180042,
                      "Actual Loops": 7,
                      "Hash Buckets": 2097152,
                      "Original Hash Buckets": 2097152,
                      "Hash Batches": 1,
                      "Original Hash Batches": 1,
                      "Peak Memory Usage": 65792,
                      "Plans": [
                        {
                          "Node Type": "Seq Scan",
                          "Parent Relationship": "Outer",
                          "Parallel Aware": true,
                          "Relation Name": "title",
                          "Alias": "t",
                          "Startup Cost": 0.0,
                          "Total Cost": 43898.92,
                          "Plan Rows": 318169,
                          "Plan Width": 4,
                          "Actual Startup Time": 0.043,
                          "Actual Total Time": 80.754,
                          "Actual Rows": 180042,
                          "Actual Loops": 7,
                          "Filter": "(production_year > 2002)",
                          "Rows Removed by Filter": 181145
                        }
                      ]
                    }
                  ]
                }
              ]
            }
          ]
        }
      ]
    },
    "Planning Time": 0.619,
    "Triggers": [],
    "Execution Time": 767.637
  }
]