[
  {
    "Plan": {
      "Node Type": "Aggregate",
      "Strategy": "Plain",
      "Partial Mode": "Finalize",
      "Parallel Aware": false,
      "Startup Cost": 337566.55,
      "Total Cost": 337566.56,
      "Plan Rows": 1,
      "Plan Width": 8,
      "Actual Startup Time": 854.366,
      "Actual Total Time": 917.729,
      "Actual Rows": 1,
      "Actual Loops": 1,
      "Plans": [
        {
          "Node Type": "Gather",
          "Parent Relationship": "Outer",
          "Parallel Aware": false,
          "Startup Cost": 337565.92,
          "Total Cost": 337566.53,
          "Plan Rows": 6,
          "Plan Width": 8,
          "Actual Startup Time": 854.248,
          "Actual Total Time": 917.72,
          "Actual Rows": 7,
          "Actual Loops": 1,
          "Workers Planned": 6,
          "Workers Launched": 6,
          "Single Copy": false,
          "Plans": [
            {
              "Node Type": "Aggregate",
              "Strategy": "Plain",
              "Partial Mode": "Partial",
              "Parent Relationship": "Outer",
              "Parallel Aware": false,
              "Startup Cost": 336565.92,
              "Total Cost": 336565.93,
              "Plan Rows": 1,
              "Plan Width": 8,
              "Actual Startup Time": 847.53,
              "Actual Total Time": 847.532,
              "Actual Rows": 1,
              "Actual Loops": 7,
              "Plans": [
                {
                  "Node Type": "Seq Scan",
                  "Parent Relationship": "Outer",
                  "Parallel Aware": true,
                  "Relation Name": "cast_info",
                  "Alias": "ci",
                  "Startup Cost": 0.0,
                  "Total Cost": 328162.03,
                  "Plan Rows": 3361559,
                  "Plan Width": 0,
                  "Actual Startup Time": 0.034,
                  "Actual Total Time": 692.801,
                  "Actual Rows": 2887362,
                  "Actual Loops": 7,
                  "Filter": "(person_id < 2030949)",
                  "Rows Removed by Filter": 2290402
                }
              ]
            }
          ]
        }
      ]
    },
    "Planning Time": 0.147,
    "Triggers": [],
    "Execution Time": 917.787
  }
]