[
  {
    "Plan": {
      "Node Type": "Aggregate",
      "Strategy": "Plain",
      "Partial Mode": "Finalize",
      "Parallel Aware": false,
      "Startup Cost": 256285.4,
      "Total Cost": 256285.41,
      "Plan Rows": 1,
      "Plan Width": 8,
      "Actual Startup Time": 894.491,
      "Actual Total Time": 937.989,
      "Actual Rows": 1,
      "Actual Loops": 1,
      "Plans": [
        {
          "Node Type": "Gather",
          "Parent Relationship": "Outer",
          "Parallel Aware": false,
          "Startup Cost": 256284.88,
          "Total Cost": 256285.39,
          "Plan Rows": 5,
          "Plan Width": 8,
          "Actual Startup Time": 889.983,
          "Actual Total Time": 937.978,
          "Actual Rows": 6,
          "Actual Loops": 1,
          "Workers Planned": 5,
          "Workers Launched": 5,
          "Single Copy": false,
          "Plans": [
            {
              "Node Type": "Aggregate",
              "Strategy": "Plain",
              "Partial Mode": "Partial",
              "Parent Relationship": "Outer",
              "Parallel Aware": false,
              "Startup Cost": 255284.88,
              "Total Cost": 255284.89,
              "Plan Rows": 1,
              "Plan Width": 8,
              "Actual Startup Time": 878.438,
              "Actual Total Time": 878.444,
              "Actual Rows": 1,
              "Actual Loops": 6,
              "Plans": [
                {
                  "Node Type": "Hash Join",
                  "Parent Relationship": "Outer",
                  "Parallel Aware": true,
                  "Join Type": "Inner",
                  "Startup Cost": 48880.01,
                  "Total Cost": 253163.65,
                  "Plan Rows": 848490,
                  "Plan Width": 0,
                  "Actual Startup Time": 190.52,
                  "Actual Total Time": 862.19,
                  "Actual Rows": 353857,
                  "Actual Loops": 6,
                  "Inner Unique": true,
                  "Hash Cond": "(mi.movie_id = t.id)",
                  "Plans": [
                    {
                      "Node Type": "Seq Scan",
                      "Parent Relationship": "Outer",
                      "Parallel Aware": true,
                      "Relation Name": "movie_info",
                      "Alias": "mi",
                      "Startup Cost": 0.0,
                      "Total Cost": 199108.24,
                      "Plan Rows": 1971577,
                      "Plan Width": 4,
                      "Actual Startup Time": 16.033,
                      "Actual Total Time": 350.541,
                      "Actual Rows": 1651959,
                      "Actual Loops": 6,
                      "Filter": "(info_type_id > 4)",
                      "Rows Removed by Filter": 820661
                    },
                    {
                      "Node Type": "Hash",
                      "Parent Relationship": "Inner",
                      "Parallel Aware": true,
                      "Startup Cost": 45479.59,
                      "Total Cost": 45479.59,
                      "Plan Rows": 272034,
                      "Plan Width": 4,
                      "Actual Startup Time": 170.215,
                      "Actual Total Time": 170.217,
                      "Actual Rows": 196151,
                      "Actual Loops": 6,
                      "Hash Buckets": 2097152,
                      "Original Hash Buckets": 2097152,
                      "Hash Batches": 1,
                      "Original Hash Batches": 1,
                      "Peak Memory Usage": 62528,
                      "Plans": [
                        {
                          "Node Type": "Seq Scan",
                          "Parent Relationship": "Outer",
                          "Parallel Aware": true,
                          "Relation Name": "title",
                          "Alias": "t",
                          "Startup Cost": 0.0,
                          "Total Cost": 45479.59,
                          "Plan Rows": 272034,
                          "Plan Width": 4,
                          "Actual Startup Time": 0.032,
                          "Actual Total Time": 85.222,
                          "Actual Rows": 196151,
                          "Actual Loops": 6,
                          "Filter": "((production_year > 1989) AND (kind_id = 7))",
                          "Rows Removed by Filter": 225234
                        }
                      ]
                    }
                  ]
                }
              ]
            }
          ]
        }
      ]
    },
    "Planning Time": 0.351,
    "Triggers": [],
    "Execution Time": 938.048
  }
]