[
  {
    "Plan": {
      "Node Type": "Aggregate",
      "Strategy": "Plain",
      "Partial Mode": "Finalize",
      "Parallel Aware": false,
      "Startup Cost": 60586.78,
      "Total Cost": 60586.79,
      "Plan Rows": 1,
      "Plan Width": 8,
      "Actual Startup Time": 163.649,
      "Actual Total Time": 179.432,
      "Actual Rows": 1,
      "Actual Loops": 1,
      "Plans": [
        {
          "Node Type": "Gather",
          "Parent Relationship": "Outer",
          "Parallel Aware": false,
          "Startup Cost": 60586.56,
          "Total Cost": 60586.77,
          "Plan Rows": 2,
          "Plan Width": 8,
          "Actual Startup Time": 163.358,
          "Actual Total Time": 179.424,
          "Actual Rows": 3,
          "Actual Loops": 1,
          "Workers Planned": 2,
          "Workers Launched": 2,
          "Single Copy": false,
          "Plans": [
            {
              "Node Type": "Aggregate",
              "Strategy": "Plain",
              "Partial Mode": "Partial",
              "Parent Relationship": "Outer",
              "Parallel Aware": false,
              "Startup Cost": 59586.56,
              "Total Cost": 59586.57,
              "Plan Rows": 1,
              "Plan Width": 8,
              "Actual Startup Time": 159.413,
              "Actual Total Time": 159.416,
              "Actual Rows": 1,
              "Actual Loops": 3,
              "Plans": [
                {
                  "Node Type": "Hash Join",
                  "Parent Relationship": "Outer",
                  "Parallel Aware": true,
                  "Join Type": "Inner",
                  "Startup Cost": 43962.01,
                  "Total Cost": 59582.8,
                  "Plan Rows": 1505,
                  "Plan Width": 0,
                  "Actual Startup Time": 103.827,
                  "Actual Total Time": 159.262,
                  "Actual Rows": 1892,
                  "Actual Loops": 3,
                  "Inner Unique": true,
                  "Hash Cond": "(mi_idx.movie_id = t.id)",
                  "Plans": [
                    {
                      "Node Type": "Seq Scan",
                      "Parent Relationship": "Outer",
                      "Parallel Aware": true,
                      "Relation Name": "movie_info_idx",
                      "Alias": "mi_idx",
                      "Startup Cost": 0.0,
                      "Total Cost": 15122.68,
                      "Plan Rows": 189755,
                      "Plan Width": 4,
                      "Actual Startup Time": 0.013,
                      "Actual Total Time": 39.832,
                      "Actual Rows": 153308,
                      "Actual Loops": 3,
                      "Filter": "(info_type_id = 99)",
                      "Rows Removed by Filter": 306703
                    },
                    {
                      "Node Type": "Hash",
                      "Parent Relationship": "Inner",
                      "Parallel Aware": true,
                      "Startup Cost": 43899.32,
                      "Total Cost": 43899.32,
                      "Plan Rows": 5015,
                      "Plan Width": 4,
                      "Actual Startup Time": 103.243,
                      "Actual Total Time": 103.244,
                      "Actual Rows": 7104,
                      "Actual Loops": 3,
                      "Hash Buckets": 32768,
                      "Original Hash Buckets": 32768,
                      "Hash Batches": 1,
                      "Original Hash Batches": 1,
                      "Peak Memory Usage": 1152,
                      "Plans": [
                        {
                          "Node Type": "Seq Scan",
                          "Parent Relationship": "Outer",
                          "Parallel Aware": true,
                          "Relation Name": "title",
                          "Alias": "t",
                          "Startup Cost": 0.0,
                          "Total Cost": 43899.32,
                          "Plan Rows": 5015,
                          "Plan Width": 4,
                          "Actual Startup Time": 0.079,
                          "Actual Total Time": 99.99,
                          "Actual Rows": 7104,
                          "Actual Loops": 3,
                          "Filter": "(production_year = 1989)",
                          "Rows Removed by Filter": 835667
                        }
                      ]
                    }
                  ]
                }
              ]
            }
          ]
        }
      ]
    },
    "Planning Time": 0.233,
    "Triggers": [],
    "Execution Time": 179.467
  }
]