[
  {
    "Plan": {
      "Node Type": "Aggregate",
      "Strategy": "Plain",
      "Partial Mode": "Finalize",
      "Parallel Aware": false,
      "Startup Cost": 46791.57,
      "Total Cost": 46791.58,
      "Plan Rows": 1,
      "Plan Width": 8,
      "Actual Startup Time": 172.564,
      "Actual Total Time": 180.281,
      "Actual Rows": 1,
      "Actual Loops": 1,
      "Plans": [
        {
          "Node Type": "Gather",
          "Parent Relationship": "Outer",
          "Parallel Aware": false,
          "Startup Cost": 46791.25,
          "Total Cost": 46791.56,
          "Plan Rows": 3,
          "Plan Width": 8,
          "Actual Startup Time": 172.442,
          "Actual Total Time": 180.273,
          "Actual Rows": 4,
          "Actual Loops": 1,
          "Workers Planned": 3,
          "Workers Launched": 3,
          "Single Copy": false,
          "Plans": [
            {
              "Node Type": "Aggregate",
              "Strategy": "Plain",
              "Partial Mode": "Partial",
              "Parent Relationship": "Outer",
              "Parallel Aware": false,
              "Startup Cost": 45791.25,
              "Total Cost": 45791.26,
              "Plan Rows": 1,
              "Plan Width": 8,
              "Actual Startup Time": 168.301,
              "Actual Total Time": 168.302,
              "Actual Rows": 1,
              "Actual Loops": 4,
              "Plans": [
                {
                  "Node Type": "Seq Scan",
                  "Parent Relationship": "Outer",
                  "Parallel Aware": true,
                  "Relation Name": "movie_keyword",
                  "Alias": "mk",
                  "Startup Cost": 0.0,
                  "Total Cost": 42695.65,
                  "Plan Rows": 1238239,
                  "Plan Width": 0,
                  "Actual Startup Time": 0.029,
                  "Actual Total Time": 123.478,
                  "Actual Rows": 962964,
                  "Actual Loops": 4,
                  "Filter": "(keyword_id < 27908)",
                  "Rows Removed by Filter": 168018
                }
              ]
            }
          ]
        }
      ]
    },
    "Planning Time": 0.167,
    "Triggers": [],
    "Execution Time": 180.341
  }
]