[
  {
    "Plan": {
      "Node Type": "Aggregate",
      "Strategy": "Plain",
      "Partial Mode": "Finalize",
      "Parallel Aware": false,
      "Startup Cost": 45948.52,
      "Total Cost": 45948.53,
      "Plan Rows": 1,
      "Plan Width": 8,
      "Actual Startup Time": 158.124,
      "Actual Total Time": 168.905,
      "Actual Rows": 1,
      "Actual Loops": 1,
      "Plans": [
        {
          "Node Type": "Gather",
          "Parent Relationship": "Outer",
          "Parallel Aware": false,
          "Startup Cost": 45948.2,
          "Total Cost": 45948.51,
          "Plan Rows": 3,
          "Plan Width": 8,
          "Actual Startup Time": 157.978,
          "Actual Total Time": 168.894,
          "Actual Rows": 4,
          "Actual Loops": 1,
          "Workers Planned": 3,
          "Workers Launched": 3,
          "Single Copy": false,
          "Plans": [
            {
              "Node Type": "Aggregate",
              "Strategy": "Plain",
              "Partial Mode": "Partial",
              "Parent Relationship": "Outer",
              "Parallel Aware": false,
              "Startup Cost": 44948.2,
              "Total Cost": 44948.21,
              "Plan Rows": 1,
              "Plan Width": 8,
              "Actual Startup Time": 152.963,
              "Actual Total Time": 152.964,
              "Actual Rows": 1,
              "Actual Loops": 4,
              "Plans": [
                {
                  "Node Type": "Seq Scan",
                  "Parent Relationship": "Outer",
                  "Parallel Aware": true,
                  "Relation Name": "movie_keyword",
                  "Alias": "mk",
                  "Startup Cost": 0.0,
                  "Total Cost": 42695.65,
                  "Plan Rows": 901019,
                  "Plan Width": 0,
                  "Actual Startup Time": 0.037,
                  "Actual Total Time": 120.233,
                  "Actual Rows": 701339,
                  "Actual Loops": 4,
                  "Filter": "(keyword_id < 8269)",
                  "Rows Removed by Filter": 429644
                }
              ]
            }
          ]
        }
      ]
    },
    "Planning Time": 0.131,
    "Triggers": [],
    "Execution Time": 168.953
  }
]