[
  {
    "Plan": {
      "Node Type": "Aggregate",
      "Strategy": "Plain",
      "Partial Mode": "Finalize",
      "Parallel Aware": false,
      "Startup Cost": 33161.62,
      "Total Cost": 33161.63,
      "Plan Rows": 1,
      "Plan Width": 8,
      "Actual Startup Time": 92.114,
      "Actual Total Time": 100.292,
      "Actual Rows": 1,
      "Actual Loops": 1,
      "Plans": [
        {
          "Node Type": "Gather",
          "Parent Relationship": "Outer",
          "Parallel Aware": false,
          "Startup Cost": 33161.3,
          "Total Cost": 33161.61,
          "Plan Rows": 3,
          "Plan Width": 8,
          "Actual Startup Time": 91.974,
          "Actual Total Time": 100.278,
          "Actual Rows": 4,
          "Actual Loops": 1,
          "Workers Planned": 3,
          "Workers Launched": 3,
          "Single Copy": false,
          "Plans": [
            {
              "Node Type": "Aggregate",
              "Strategy": "Plain",
              "Partial Mode": "Partial",
              "Parent Relationship": "Outer",
              "Parallel Aware": false,
              "Startup Cost": 32161.3,
              "Total Cost": 32161.31,
              "Plan Rows": 1,
              "Plan Width": 8,
              "Actual Startup Time": 86.551,
              "Actual Total Time": 86.552,
              "Actual Rows": 1,
              "Actual Loops": 4,
              "Plans": [
                {
                  "Node Type": "Seq Scan",
                  "Parent Relationship": "Outer",
                  "Parallel Aware": true,
                  "Relation Name": "movie_companies",
                  "Alias": "mc",
                  "Startup Cost": 0.0,
                  "Total Cost": 31414.82,
                  "Plan Rows": 298594,
                  "Plan Width": 0,
                  "Actual Startup Time": 0.323,
                  "Actual Total Time": 77.051,
                  "Actual Rows": 192096,
                  "Actual Loops": 4,
                  "Filter": "((company_id > 1375) AND (company_type_id < 2))",
                  "Rows Removed by Filter": 460186
                }
              ]
            }
          ]
        }
      ]
    },
    "Planning Time": 0.069,
    "Triggers": [],
    "Execution Time": 100.318
  }
]