[
  {
    "Plan": {
      "Node Type": "Aggregate",
      "Strategy": "Plain",
      "Partial Mode": "Finalize",
      "Parallel Aware": false,
      "Startup Cost": 246213.2,
      "Total Cost": 246213.21,
      "Plan Rows": 1,
      "Plan Width": 8,
      "Actual Startup Time": 752.61,
      "Actual Total Time": 798.502,
      "Actual Rows": 1,
      "Actual Loops": 1,
      "Plans": [
        {
          "Node Type": "Gather",
          "Parent Relationship": "Outer",
          "Parallel Aware": false,
          "Startup Cost": 246212.68,
          "Total Cost": 246213.19,
          "Plan Rows": 5,
          "Plan Width": 8,
          "Actual Startup Time": 751.899,
          "Actual Total Time": 798.492,
          "Actual Rows": 6,
          "Actual Loops": 1,
          "Workers Planned": 5,
          "Workers Launched": 5,
          "Single Copy": false,
          "Plans": [
            {
              "Node Type": "Aggregate",
              "Strategy": "Plain",
              "Partial Mode": "Partial",
              "Parent Relationship": "Outer",
              "Parallel Aware": false,
              "Startup Cost": 245212.68,
              "Total Cost": 245212.69,
              "Plan Rows": 1,
              "Plan Width": 8,
              "Actual Startup Time": 745.583,
              "Actual Total Time": 745.616,
              "Actual Rows": 1,
              "Actual Loops": 6,
              "Plans": [
                {
                  "Node Type": "Hash Join",
                  "Parent Relationship": "Outer",
                  "Parallel Aware": true,
                  "Join Type": "Inner",
                  "Startup Cost": 45610.39,
                  "Total Cost": 245089.79,
                  "Plan Rows": 49155,
                  "Plan Width": 0,
                  "Actual Startup Time": 92.179,
                  "Actual Total Time": 735.009,
                  "Actual Rows": 208073,
                  "Actual Loops": 6,
                  "Inner Unique": true,
                  "Hash Cond": "(mi.movie_id = t.id)",
                  "Plans": [
                    {
                      "Node Type": "Seq Scan",
                      "Parent Relationship": "Outer",
                      "Parallel Aware": true,
                      "Relation Name": "movie_info",
                      "Alias": "mi",
                      "Startup Cost": 0.0,
                      "Total Cost": 191685.19,
                      "Plan Rows": 2969219,
                      "Plan Width": 4,
                      "Actual Startup Time": 0.032,
                      "Actual Total Time": 316.542,
                      "Actual Rows": 2472620,
                      "Actual Loops": 6
                    },
                    {
                      "Node Type": "Hash",
                      "Parent Relationship": "Inner",
                      "Parallel Aware": true,
                      "Startup Cost": 45479.59,
                      "Total Cost": 45479.59,
                      "Plan Rows": 10464,
                      "Plan Width": 4,
                      "Actual Startup Time": 80.984,
                      "Actual Total Time": 80.985,
                      "Actual Rows": 19219,
                      "Actual Loops": 6,
                      "Hash Buckets": 131072,
                      "Original Hash Buckets": 65536,
                      "Hash Batches": 1,
                      "Original Hash Batches": 1,
                      "Peak Memory Usage": 6208,
                      "Plans": [
                        {
                          "Node Type": "Seq Scan",
                          "Parent Relationship": "Outer",
                          "Parallel Aware": true,
                          "Relation Name": "title",
                          "Alias": "t",
                          "Startup Cost": 0.0,
                          "Total Cost": 45479.59,
                          "Plan Rows": 10464,
                          "Plan Width": 4,
                          "Actual Startup Time": 43.05,
                          "Actual Total Time": 71.416,
                          "Actual Rows": 19219,
                          "Actual Loops": 6,
                          "Filter": "((kind_id < 7) AND (production_year < 1930))",
                          "Rows Removed by Filter": 402167
                        }
                      ]
                    }
                  ]
                }
              ]
            }
          ]
        }
      ]
    },
    "Planning Time": 0.214,
    "Triggers": [],
    "Execution Time": 798.545
  }
]