[
  {
    "Plan": {
      "Node Type": "Aggregate",
      "Strategy": "Plain",
      "Partial Mode": "Finalize",
      "Parallel Aware": false,
      "Startup Cost": 128519.79,
      "Total Cost": 128519.8,
      "Plan Rows": 1,
      "Plan Width": 8,
      "Actual Startup Time": 109.49,
      "Actual Total Time": 127.802,
      "Actual Rows": 1,
      "Actual Loops": 1,
      "Plans": [
        {
          "Node Type": "Gather",
          "Parent Relationship": "Outer",
          "Parallel Aware": false,
          "Startup Cost": 128519.37,
          "Total Cost": 128519.78,
          "Plan Rows": 4,
          "Plan Width": 8,
          "Actual Startup Time": 109.291,
          "Actual Total Time": 127.792,
          "Actual Rows": 5,
          "Actual Loops": 1,
          "Workers Planned": 4,
          "Workers Launched": 4,
          "Single Copy": false,
          "Plans": [
            {
              "Node Type": "Aggregate",
              "Strategy": "Plain",
              "Partial Mode": "Partial",
              "Parent Relationship": "Outer",
              "Parallel Aware": false,
              "Startup Cost": 127519.37,
              "Total Cost": 127519.38,
              "Plan Rows": 1,
              "Plan Width": 8,
              "Actual Startup Time": 103.783,
              "Actual Total Time": 103.784,
              "Actual Rows": 1,
              "Actual Loops": 5,
              "Plans": [
                {
                  "Node Type": "Nested Loop",
                  "Parent Relationship": "Outer",
                  "Parallel Aware": false,
                  "Join Type": "Inner",
                  "Startup Cost": 0.43,
                  "Total Cost": 127519.15,
                  "Plan Rows": 88,
                  "Plan Width": 0,
                  "Actual Startup Time": 52.312,
                  "Actual Total Time": 103.755,
                  "Actual Rows": 124,
                  "Actual Loops": 5,
                  "Inner Unique": false,
                  "Plans": [
                    {
                      "Node Type": "Seq Scan",
                      "Parent Relationship": "Outer",
                      "Parallel Aware": true,
                      "Relation Name": "title",
                      "Alias": "t",
                      "Startup Cost": 0.0,
                      "Total Cost": 45479.59,
                      "Plan Rows": 644,
                      "Plan Width": 4,
                      "Actual Startup Time": 51.63,
                      "Actual Total Time": 76.661,
                      "Actual Rows": 668,
                      "Actual Loops": 5,
                      "Filter": "((kind_id = 1) AND (production_year = 1962))",
                      "Rows Removed by Filter": 504995
                    },
                    {
                      "Node Type": "Index Scan",
                      "Parent Relationship": "Inner",
                      "Parallel Aware": false,
                      "Scan Direction": "Forward",
                      "Index Name": "movie_id_movie_info",
                      "Relation Name": "movie_info",
                      "Alias": "mi",
                      "Startup Cost": 0.43,
                      "Total Cost": 127.38,
                      "Plan Rows": 1,
                      "Plan Width": 4,
                      "Actual Startup Time": 0.038,
                      "Actual Total Time": 0.04,
                      "Actual Rows": 0,
                      "Actual Loops": 3338,
                      "Index Cond": "(movie_id = t.id)",
                      "Rows Removed by Index Recheck": 0,
                      "Filter": "(info_type_id = 98)",
                      "Rows Removed by Filter": 12
                    }
                  ]
                }
              ]
            }
          ]
        }
      ]
    },
    "Planning Time": 0.266,
    "Triggers": [],
    "Execution Time": 127.843
  }
]