[
  {
    "Plan": {
      "Node Type": "Aggregate",
      "Strategy": "Plain",
      "Partial Mode": "Finalize",
      "Parallel Aware": false,
      "Startup Cost": 331608.14,
      "Total Cost": 331608.15,
      "Plan Rows": 1,
      "Plan Width": 8,
      "Actual Startup Time": 560.762,
      "Actual Total Time": 618.766,
      "Actual Rows": 1,
      "Actual Loops": 1,
      "Plans": [
        {
          "Node Type": "Gather",
          "Parent Relationship": "Outer",
          "Parallel Aware": false,
          "Startup Cost": 331607.51,
          "Total Cost": 331608.12,
          "Plan Rows": 6,
          "Plan Width": 8,
          "Actual Startup Time": 560.623,
          "Actual Total Time": 618.754,
          "Actual Rows": 7,
          "Actual Loops": 1,
          "Workers Planned": 6,
          "Workers Launched": 6,
          "Single Copy": false,
          "Plans": [
            {
              "Node Type": "Aggregate",
              "Strategy": "Plain",
              "Partial Mode": "Partial",
              "Parent Relationship": "Outer",
              "Parallel Aware": false,
              "Startup Cost": 330607.51,
              "Total Cost": 330607.52,
              "Plan Rows": 1,
              "Plan Width": 8,
              "Actual Startup Time": 552.105,
              "Actual Total Time": 552.106,
              "Actual Rows": 1,
              "Actual Loops": 7,
              "Plans": [
                {
                  "Node Type": "Seq Scan",
                  "Parent Relationship": "Outer",
                  "Parallel Aware": true,
                  "Relation Name": "cast_info",
                  "Alias": "ci",
                  "Startup Cost": 0.0,
                  "Total Cost": 328162.03,
                  "Plan Rows": 978194,
                  "Plan Width": 0,
                  "Actual Startup Time": 0.046,
                  "Actual Total Time": 513.781,
                  "Actual Rows": 861897,
                  "Actual Loops": 7,
                  "Filter": "(person_id < 582903)",
                  "Rows Removed by Filter": 4315866
                }
              ]
            }
          ]
        }
      ]
    },
    "Planning Time": 0.196,
    "Triggers": [],
    "Execution Time": 618.84
  }
]