[
  {
    "Plan": {
      "Node Type": "Aggregate",
      "Strategy": "Plain",
      "Partial Mode": "Finalize",
      "Parallel Aware": false,
      "Startup Cost": 78083.6,
      "Total Cost": 78083.61,
      "Plan Rows": 1,
      "Plan Width": 8,
      "Actual Startup Time": 189.121,
      "Actual Total Time": 205.627,
      "Actual Rows": 1,
      "Actual Loops": 1,
      "Plans": [
        {
          "Node Type": "Gather",
          "Parent Relationship": "Outer",
          "Parallel Aware": false,
          "Startup Cost": 78083.28,
          "Total Cost": 78083.59,
          "Plan Rows": 3,
          "Plan Width": 8,
          "Actual Startup Time": 188.562,
          "Actual Total Time": 205.618,
          "Actual Rows": 4,
          "Actual Loops": 1,
          "Workers Planned": 3,
          "Workers Launched": 3,
          "Single Copy": false,
          "Plans": [
            {
              "Node Type": "Aggregate",
              "Strategy": "Plain",
              "Partial Mode": "Partial",
              "Parent Relationship": "Outer",
              "Parallel Aware": false,
              "Startup Cost": 77083.28,
              "Total Cost": 77083.29,
              "Plan Rows": 1,
              "Plan Width": 8,
              "Actual Startup Time": 182.783,
              "Actual Total Time": 182.788,
              "Actual Rows": 1,
              "Actual Loops": 4,
              "Plans": [
                {
                  "Node Type": "Hash Join",
                  "Parent Relationship": "Outer",
                  "Parallel Aware": true,
                  "Join Type": "Inner",
                  "Startup Cost": 51023.32,
                  "Total Cost": 77077.74,
                  "Plan Rows": 2215,
                  "Plan Width": 0,
                  "Actual Startup Time": 118.981,
                  "Actual Total Time": 182.642,
                  "Actual Rows": 1506,
                  "Actual Loops": 4,
                  "Inner Unique": true,
                  "Hash Cond": "(mk.movie_id = t.id)",
                  "Plans": [
                    {
                      "Node Type": "Bitmap Heap Scan",
                      "Parent Relationship": "Outer",
                      "Parallel Aware": true,
                      "Relation Name": "movie_keyword",
                      "Alias": "mk",
                      "Startup Cost": 6958.6,
                      "Total Cost": 32735.26,
                      "Plan Rows": 105813,
                      "Plan Width": 4,
                      "Actual Startup Time": 21.226,
                      "Actual Total Time": 73.258,
                      "Actual Rows": 82348,
                      "Actual Loops": 4,
                      "Recheck Cond": "(keyword_id > 50114)",
                      "Rows Removed by Index Recheck": 0,
                      "Exact Heap Blocks": 8822,
                      "Lossy Heap Blocks": 0,
                      "Plans": [
                        {
                          "Node Type": "Bitmap Index Scan",
                          "Parent Relationship": "Outer",
                          "Parallel Aware": false,
                          "Index Name": "keyword_id_movie_keyword",
                          "Startup Cost": 0.0,
                          "Total Cost": 6876.59,
                          "Plan Rows": 328021,
                          "Plan Width": 0,
                          "Actual Startup Time": 17.991,
                          "Actual Total Time": 17.991,
                          "Actual Rows": 329390,
                          "Actual Loops": 1,
                          "Index Cond": "(keyword_id > 50114)"
                        }
                      ]
                    },
                    {
                      "Node Type": "Hash",
                      "Parent Relationship": "Inner",
                      "Parallel Aware": true,
                      "Startup Cost": 43899.32,
                      "Total Cost": 43899.32,
                      "Plan Rows": 13232,
                      "Plan Width": 4,
                      "Actual Startup Time": 96.321,
                      "Actual Total Time": 96.321,
                      "Actual Rows": 12641,
                      "Actual Loops": 4,
                      "Hash Buckets": 65536,
                      "Original Hash Buckets": 65536,
                      "Hash Batches": 1,
                      "Original Hash Batches": 1,
                      "Peak Memory Usage": 2528,
                      "Plans": [
                        {
                          "Node Type": "Seq Scan",
                          "Parent Relationship": "Outer",
                          "Parallel Aware": true,
                          "Relation Name": "title",
                          "Alias": "t",
                          "Startup Cost": 0.0,
                          "Total Cost": 43899.32,
                          "Plan Rows": 13232,
                          "Plan Width": 4,
                          "Actual Startup Time": 0.048,
                          "Actual Total Time": 90.826,
                          "Actual Rows": 12641,
                          "Actual Loops": 4,
                          "Filter": "(production_year = 1999)",
                          "Rows Removed by Filter": 619437
                        }
                      ]
                    }
                  ]
                }
              ]
            }
          ]
        }
      ]
    },
    "Planning Time": 0.514,
    "Triggers": [],
    "Execution Time": 205.68
  }
]