[
  {
    "Plan": {
      "Node Type": "Aggregate",
      "Strategy": "Plain",
      "Partial Mode": "Finalize",
      "Parallel Aware": false,
      "Startup Cost": 46400.77,
      "Total Cost": 46400.78,
      "Plan Rows": 1,
      "Plan Width": 8,
      "Actual Startup Time": 177.411,
      "Actual Total Time": 184.401,
      "Actual Rows": 1,
      "Actual Loops": 1,
      "Plans": [
        {
          "Node Type": "Gather",
          "Parent Relationship": "Outer",
          "Parallel Aware": false,
          "Startup Cost": 46400.45,
          "Total Cost": 46400.76,
          "Plan Rows": 3,
          "Plan Width": 8,
          "Actual Startup Time": 177.295,
          "Actual Total Time": 184.393,
          "Actual Rows": 4,
          "Actual Loops": 1,
          "Workers Planned": 3,
          "Workers Launched": 3,
          "Single Copy": false,
          "Plans": [
            {
              "Node Type": "Aggregate",
              "Strategy": "Plain",
              "Partial Mode": "Partial",
              "Parent Relationship": "Outer",
              "Parallel Aware": false,
              "Startup Cost": 45400.45,
              "Total Cost": 45400.46,
              "Plan Rows": 1,
              "Plan Width": 8,
              "Actual Startup Time": 170.603,
              "Actual Total Time": 170.604,
              "Actual Rows": 1,
              "Actual Loops": 4,
              "Plans": [
                {
                  "Node Type": "Seq Scan",
                  "Parent Relationship": "Outer",
                  "Parallel Aware": true,
                  "Relation Name": "movie_keyword",
                  "Alias": "mk",
                  "Startup Cost": 0.0,
                  "Total Cost": 42695.65,
                  "Plan Rows": 1081920,
                  "Plan Width": 0,
                  "Actual Startup Time": 0.047,
                  "Actual Total Time": 127.038,
                  "Actual Rows": 836027,
                  "Actual Loops": 4,
                  "Filter": "(keyword_id < 15816)",
                  "Rows Removed by Filter": 294956
                }
              ]
            }
          ]
        }
      ]
    },
    "Planning Time": 0.089,
    "Triggers": [],
    "Execution Time": 184.43
  }
]