[
  {
    "Plan": {
      "Node Type": "Aggregate",
      "Strategy": "Plain",
      "Partial Mode": "Finalize",
      "Parallel Aware": false,
      "Startup Cost": 94377.49,
      "Total Cost": 94377.5,
      "Plan Rows": 1,
      "Plan Width": 8,
      "Actual Startup Time": 231.647,
      "Actual Total Time": 249.051,
      "Actual Rows": 1,
      "Actual Loops": 1,
      "Plans": [
        {
          "Node Type": "Gather",
          "Parent Relationship": "Outer",
          "Parallel Aware": false,
          "Startup Cost": 94377.07,
          "Total Cost": 94377.48,
          "Plan Rows": 4,
          "Plan Width": 8,
          "Actual Startup Time": 229.045,
          "Actual Total Time": 249.041,
          "Actual Rows": 5,
          "Actual Loops": 1,
          "Workers Planned": 4,
          "Workers Launched": 4,
          "Single Copy": false,
          "Plans": [
            {
              "Node Type": "Aggregate",
              "Strategy": "Plain",
              "Partial Mode": "Partial",
              "Parent Relationship": "Outer",
              "Parallel Aware": false,
              "Startup Cost": 93377.07,
              "Total Cost": 93377.08,
              "Plan Rows": 1,
              "Plan Width": 8,
              "Actual Startup Time": 219.604,
              "Actual Total Time": 219.609,
              "Actual Rows": 1,
              "Actual Loops": 5,
              "Plans": [
                {
                  "Node Type": "Hash Join",
                  "Parent Relationship": "Outer",
                  "Parallel Aware": true,
                  "Join Type": "Inner",
                  "Startup Cost": 45322.76,
                  "Total Cost": 93344.93,
                  "Plan Rows": 12856,
                  "Plan Width": 0,
                  "Actual Startup Time": 130.29,
                  "Actual Total Time": 218.792,
                  "Actual Rows": 14764,
                  "Actual Loops": 5,
                  "Inner Unique": true,
                  "Hash Cond": "(ci.movie_id = t.id)",
                  "Plans": [
                    {
                      "Node Type": "Index Scan",
                      "Parent Relationship": "Outer",
                      "Parallel Aware": true,
                      "Scan Direction": "Forward",
                      "Index Name": "role_id_cast_info",
                      "Relation Name": "cast_info",
                      "Alias": "ci",
                      "Startup Cost": 0.56,
                      "Total Cost": 47835.41,
                      "Plan Rows": 71366,
                      "Plan Width": 4,
                      "Actual Startup Time": 0.336,
                      "Actual Total Time": 60.594,
                      "Actual Rows": 83898,
                      "Actual Loops": 5,
                      "Index Cond": "(role_id = 8)",
                      "Rows Removed by Index Recheck": 0,
                      "Filter": "(person_id > 3060664)",
                      "Rows Removed by Filter": 256810
                    },
                    {
                      "Node Type": "Hash",
                      "Parent Relationship": "Inner",
                      "Parallel Aware": true,
                      "Startup Cost": 43898.92,
                      "Total Cost": 43898.92,
                      "Plan Rows": 113862,
                      "Plan Width": 4,
                      "Actual Startup Time": 127.06,
                      "Actual Total Time": 127.062,
                      "Actual Rows": 93113,
                      "Actual Loops": 5,
                      "Hash Buckets": 524288,
                      "Original Hash Buckets": 524288,
                      "Hash Batches": 1,
                      "Original Hash Batches": 1,
                      "Peak Memory Usage": 22368,
                      "Plans": [
                        {
                          "Node Type": "Seq Scan",
                          "Parent Relationship": "Outer",
                          "Parallel Aware": true,
                          "Relation Name": "title",
                          "Alias": "t",
                          "Startup Cost": 0.0,
                          "Total Cost": 43898.92,
                          "Plan Rows": 113862,
                          "Plan Width": 4,
                          "Actual Startup Time": 0.044,
                          "Actual Total Time": 90.766,
                          "Actual Rows": 93113,
                          "Actual Loops": 5,
                          "Filter": "(production_year < 1977)",
                          "Rows Removed by Filter": 412550
                        }
                      ]
                    }
                  ]
                }
              ]
            }
          ]
        }
      ]
    },
    "Planning Time": 0.612,
    "Triggers": [],
    "Execution Time": 249.152
  }
]