[
    {
        "Bao": {
            "Bao prediction": "NaN",
            "Bao recommended hint": "(no hint)"
        }
    },
    {
        "Plan": {
            "Node Type": "Aggregate",
            "Strategy": "Plain",
            "Partial Mode": "Simple",
            "Parallel Aware": false,
            "Startup Cost": 8248.84,
            "Total Cost": 8248.85,
            "Plan Rows": 1,
            "Plan Width": 8,
            "Actual Startup Time": 3.2,
            "Actual Total Time": 3.201,
            "Actual Rows": 1,
            "Actual Loops": 1,
            "Output": [
                "count(*)"
            ],
            "Plans": [
                {
                    "Node Type": "Index Only Scan",
                    "Parent Relationship": "Outer",
                    "Parallel Aware": false,
                    "Scan Direction": "Forward",
                    "Index Name": "company_id_movie_companies",
                    "Relation Name": "movie_companies",
                    "Schema": "public",
                    "Alias": "mc",
                    "Startup Cost": 0.43,
                    "Total Cost": 8240.36,
                    "Plan Rows": 3392,
                    "Plan Width": 0,
                    "Actual Startup Time": 0.084,
                    "Actual Total Time": 2.737,
                    "Actual Rows": 3681,
                    "Actual Loops": 1,
                    "Output": [
                        "company_id"
                    ],
                    "Index Cond": "(mc.company_id = 67)",
                    "Rows Removed by Index Recheck": 0,
                    "Heap Fetches": 3681
                }
            ]
        },
        "Planning Time": 285.781,
        "Triggers": [],
        "Execution Time": 3.272
    }
]