{
  "Plan": {
    "Node Type": "Aggregate",
    "Strategy": "Plain",
    "Partial Mode": "Finalize",
    "Parallel Aware": false,
    "Startup Cost": 101020.07,
    "Total Cost": 101020.08,
    "Plan Rows": 1,
    "Plan Width": 8,
    "Actual Startup Time": 392.927,
    "Actual Total Time": 405.449,
    "Actual Rows": 1,
    "Actual Loops": 1,
    "Plans": [
      {
        "Node Type": "Gather",
        "Parent Relationship": "Outer",
        "Parallel Aware": false,
        "Startup Cost": 101019.96,
        "Total Cost": 101020.07,
        "Plan Rows": 1,
        "Plan Width": 8,
        "Actual Startup Time": 392.759,
        "Actual Total Time": 405.441,
        "Actual Rows": 2,
        "Actual Loops": 1,
        "Workers Planned": 1,
        "Workers Launched": 1,
        "Single Copy": false,
        "Plans": [
          {
            "Node Type": "Aggregate",
            "Strategy": "Plain",
            "Partial Mode": "Partial",
            "Parent Relationship": "Outer",
            "Parallel Aware": false,
            "Startup Cost": 100019.96,
            "Total Cost": 100019.97,
            "Plan Rows": 1,
            "Plan Width": 8,
            "Actual Startup Time": 386.759,
            "Actual Total Time": 386.762,
            "Actual Rows": 1,
            "Actual Loops": 2,
            "Plans": [
              {
                "Node Type": "Hash Join",
                "Parent Relationship": "Outer",
                "Parallel Aware": true,
                "Join Type": "Inner",
                "Startup Cost": 58601.03,
                "Total Cost": 99968.76,
                "Plan Rows": 20481,
                "Plan Width": 0,
                "Actual Startup Time": 160.443,
                "Actual Total Time": 386.448,
                "Actual Rows": 6003,
                "Actual Loops": 2,
                "Inner Unique": true,
                "Hash Cond": "(mc.movie_id = t.id)",
                "Plans": [
                  {
                    "Node Type": "Seq Scan",
                    "Parent Relationship": "Outer",
                    "Parallel Aware": true,
                    "Relation Name": "movie_companies",
                    "Alias": "mc",
                    "Startup Cost": 0.0,
                    "Total Cost": 37974.77,
                    "Plan Rows": 1292551,
                    "Plan Width": 4,
                    "Actual Startup Time": 0.017,
                    "Actual Total Time": 130.98,
                    "Actual Rows": 1096500,
                    "Actual Loops": 2,
                    "Filter": "(company_id < 80405)",
                    "Rows Removed by Filter": 208064
                  },
                  {
                    "Node Type": "Hash",
                    "Parent Relationship": "Inner",
                    "Parallel Aware": true,
                    "Startup Cost": 58306.47,
                    "Total Cost": 58306.47,
                    "Plan Rows": 23565,
                    "Plan Width": 4,
                    "Actual Startup Time": 158.803,
                    "Actual Total Time": 158.804,
                    "Actual Rows": 20060,
                    "Actual Loops": 2,
                    "Hash Buckets": 65536,
                    "Original Hash Buckets": 65536,
                    "Hash Batches": 1,
                    "Original Hash Batches": 1,
                    "Peak Memory Usage": 2112,
                    "Plans": [
                      {
                        "Node Type": "Seq Scan",
                        "Parent Relationship": "Outer",
                        "Parallel Aware": true,
                        "Relation Name": "title",
                        "Alias": "t",
                        "Startup Cost": 0.0,
                        "Total Cost": 58306.47,
                        "Plan Rows": 23565,
                        "Plan Width": 4,
                        "Actual Startup Time": 0.078,
                        "Actual Total Time": 151.458,
                        "Actual Rows": 20060,
                        "Actual Loops": 2,
                        "Filter": "((kind_id = 7) AND (production_year = 2013))",
                        "Rows Removed by Filter": 1244096
                      }
                    ]
                  }
                ]
              }
            ]
          }
        ]
      }
    ]
  },
  "Planning Time": 0.504,
  "Triggers": [],
  "Execution Time": 405.526
}