[
  {
    "Plan": {
      "Node Type": "Aggregate",
      "Strategy": "Plain",
      "Partial Mode": "Simple",
      "Parallel Aware": false,
      "Startup Cost": 798.42,
      "Total Cost": 798.43,
      "Plan Rows": 1,
      "Plan Width": 8,
      "Actual Startup Time": 6.792,
      "Actual Total Time": 6.793,
      "Actual Rows": 1,
      "Actual Loops": 1,
      "Plans": [
        {
          "Node Type": "Nested Loop",
          "Parent Relationship": "Outer",
          "Parallel Aware": false,
          "Join Type": "Inner",
          "Startup Cost": 1.29,
          "Total Cost": 798.32,
          "Plan Rows": 38,
          "Plan Width": 0,
          "Actual Startup Time": 0.725,
          "Actual Total Time": 6.782,
          "Actual Rows": 32,
          "Actual Loops": 1,
          "Inner Unique": false,
          "Plans": [
            {
              "Node Type": "Nested Loop",
              "Parent Relationship": "Outer",
              "Parallel Aware": false,
              "Join Type": "Inner",
              "Startup Cost": 0.86,
              "Total Cost": 712.68,
              "Plan Rows": 52,
              "Plan Width": 8,
              "Actual Startup Time": 0.647,
              "Actual Total Time": 2.797,
              "Actual Rows": 363,
              "Actual Loops": 1,
              "Inner Unique": true,
              "Plans": [
                {
                  "Node Type": "Index Scan",
                  "Parent Relationship": "Outer",
                  "Parallel Aware": false,
                  "Scan Direction": "Forward",
                  "Index Name": "company_id_movie_companies",
                  "Relation Name": "movie_companies",
                  "Alias": "mc",
                  "Startup Cost": 0.43,
                  "Total Cost": 273.41,
                  "Plan Rows": 52,
                  "Plan Width": 4,
                  "Actual Startup Time": 0.628,
                  "Actual Total Time": 0.982,
                  "Actual Rows": 363,
                  "Actual Loops": 1,
                  "Index Cond": "(company_id = 12929)",
                  "Rows Removed by Index Recheck": 0,
                  "Filter": "(company_type_id > 1)",
                  "Rows Removed by Filter": 633
                },
                {
                  "Node Type": "Index Only Scan",
                  "Parent Relationship": "Inner",
                  "Parallel Aware": false,
                  "Scan Direction": "Forward",
                  "Index Name": "title_pkey",
                  "Relation Name": "title",
                  "Alias": "t",
                  "Startup Cost": 0.43,
                  "Total Cost": 8.45,
                  "Plan Rows": 1,
                  "Plan Width": 4,
                  "Actual Startup Time": 0.005,
                  "Actual Total Time": 0.005,
                  "Actual Rows": 1,
                  "Actual Loops": 363,
                  "Index Cond": "(id = mc.movie_id)",
                  "Rows Removed by Index Recheck": 0,
                  "Heap Fetches": 363
                }
              ]
            },
            {
              "Node Type": "Index Scan",
              "Parent Relationship": "Inner",
              "Parallel Aware": false,
              "Scan Direction": "Forward",
              "Index Name": "movie_id_movie_info",
              "Relation Name": "movie_info",
              "Alias": "mi",
              "Startup Cost": 0.43,
              "Total Cost": 1.6,
              "Plan Rows": 5,
              "Plan Width": 4,
              "Actual Startup Time": 0.01,
              "Actual Total Time": 0.011,
              "Actual Rows": 0,
              "Actual Loops": 363,
              "Index Cond": "(movie_id = t.id)",
              "Rows Removed by Index Recheck": 0,
              "Filter": "(info_type_id > 17)",
              "Rows Removed by Filter": 6
            }
          ]
        }
      ]
    },
    "Planning Time": 0.649,
    "Triggers": [],
    "Execution Time": 6.833
  }
]