[
  {
    "Plan": {
      "Node Type": "Aggregate",
      "Strategy": "Plain",
      "Partial Mode": "Simple",
      "Parallel Aware": false,
      "Startup Cost": 412895.16,
      "Total Cost": 412895.17,
      "Plan Rows": 1,
      "Plan Width": 128,
      "Actual Startup Time": 5834.399,
      "Actual Total Time": 5834.405,
      "Actual Rows": 1,
      "Actual Loops": 1,
      "Output": [
        "min(an.name)",
        "min(chn.name)",
        "min(n.name)",
        "min(t.title)"
      ],
      "Plans": [
        {
          "Node Type": "Hash Join",
          "Parent Relationship": "Outer",
          "Parallel Aware": false,
          "Join Type": "Inner",
          "Startup Cost": 158095.7,
          "Total Cost": 411278.26,
          "Plan Rows": 161690,
          "Plan Width": 64,
          "Actual Startup Time": 2348.154,
          "Actual Total Time": 5772.695,
          "Actual Rows": 423490,
          "Actual Loops": 1,
          "Output": [
            "an.name",
            "chn.name",
            "n.name",
            "t.title"
          ],
          "Inner Unique": false,
          "Hash Cond": "(n.id = an.person_id)",
          "Plans": [
            {
              "Node Type": "Nested Loop",
              "Parent Relationship": "Outer",
              "Parallel Aware": false,
              "Join Type": "Inner",
              "Startup Cost": 126419.48,
              "Total Cost": 374646.17,
              "Plan Rows": 691900,
              "Plan Width": 56,
              "Actual Startup Time": 1665.146,
              "Actual Total Time": 5024.978,
              "Actual Rows": 142844,
              "Actual Loops": 1,
              "Output": [
                "chn.name",
                "ci.person_id",
                "n.name",
                "n.id",
                "t.title"
              ],
              "Inner Unique": true,
              "Plans": [
                {
                  "Node Type": "Nested Loop",
                  "Parent Relationship": "Outer",
                  "Parallel Aware": false,
                  "Join Type": "Inner",
                  "Startup Cost": 126419.05,
                  "Total Cost": 340500.5,
                  "Plan Rows": 69190,
                  "Plan Width": 47,
                  "Actual Startup Time": 1665.059,
                  "Actual Total Time": 4653.646,
                  "Actual Rows": 142844,
                  "Actual Loops": 1,
                  "Output": [
                    "chn.name",
                    "ci.movie_id",
                    "ci.person_id",
                    "mc.movie_id",
                    "n.name",
                    "n.id"
                  ],
                  "Inner Unique": true,
                  "Plans": [
                    {
                      "Node Type": "Hash Join",
                      "Parent Relationship": "Outer",
                      "Parallel Aware": false,
                      "Join Type": "Inner",
                      "Startup Cost": 126418.62,
                      "Total Cost": 306165.04,
                      "Plan Rows": 69190,
                      "Plan Width": 35,
                      "Actual Startup Time": 1664.93,
                      "Actual Total Time": 4173.631,
                      "Actual Rows": 157595,
                      "Actual Loops": 1,
                      "Output": [
                        "ci.movie_id",
                        "ci.person_id",
                        "ci.person_role_id",
                        "mc.movie_id",
                        "n.name",
                        "n.id"
                      ],
                      "Inner Unique": true,
                      "Hash Cond": "(mc.company_id = cn.id)",
                      "Plans": [
                        {
                          "Node Type": "Nested Loop",
                          "Parent Relationship": "Outer",
                          "Parallel Aware": false,
                          "Join Type": "Inner",
                          "Startup Cost": 119438.56,
                          "Total Cost": 298675.69,
                          "Plan Rows": 194008,
                          "Plan Width": 39,
                          "Actual Startup Time": 1576.805,
                          "Actual Total Time": 4004.25,
                          "Actual Rows": 373171,
                          "Actual Loops": 1,
                          "Output": [
                            "ci.movie_id",
                            "ci.person_id",
                            "ci.person_role_id",
                            "mc.movie_id",
                            "mc.company_id",
                            "n.name",
                            "n.id"
                          ],
                          "Inner Unique": false,
                          "Plans": [
                            {
                              "Node Type": "Hash Join",
                              "Parent Relationship": "Outer",
                              "Parallel Aware": false,
                              "Join Type": "Inner",
                              "Startup Cost": 119438.13,
                              "Total Cost": 254893.85,
                              "Plan Rows": 73405,
                              "Plan Width": 31,
                              "Actual Startup Time": 1576.712,
                              "Actual Total Time": 3315.05,
                              "Actual Rows": 222543,
                              "Actual Loops": 1,
                              "Output": [
                                "ci.movie_id",
                                "ci.person_id",
                                "ci.person_role_id",
                                "n.name",
                                "n.id"
                              ],
                              "Inner Unique": true,
                              "Hash Cond": "(ci.person_id = n.id)",
                              "Plans": [
                                {
                                  "Node Type": "Nested Loop",
                                  "Parent Relationship": "Outer",
                                  "Parallel Aware": false,
                                  "Join Type": "Inner",
                                  "Startup Cost": 0.56,
                                  "Total Cost": 134600.4,
                                  "Plan Rows": 326052,
                                  "Plan Width": 12,
                                  "Actual Startup Time": 0.558,
                                  "Actual Total Time": 1681.381,
                                  "Actual Rows": 222693,
                                  "Actual Loops": 1,
                                  "Output": [
                                    "ci.movie_id",
                                    "ci.person_id",
                                    "ci.person_role_id"
                                  ],
                                  "Inner Unique": false,
                                  "Plans": [
                                    {
                                      "Node Type": "Seq Scan",
                                      "Parent Relationship": "Outer",
                                      "Parallel Aware": false,
                                      "Relation Name": "role_type",
                                      "Schema": "public",
                                      "Alias": "rt",
                                      "Startup Cost": 0.0,
                                      "Total Cost": 1.15,
                                      "Plan Rows": 1,
                                      "Plan Width": 4,
                                      "Actual Startup Time": 0.018,
                                      "Actual Total Time": 0.022,
                                      "Actual Rows": 1,
                                      "Actual Loops": 1,
                                      "Output": [
                                        "rt.id",
                                        "rt.role"
                                      ],
                                      "Filter": "((rt.role)::text = 'actress'::text)",
                                      "Rows Removed by Filter": 11
                                    },
                                    {
                                      "Node Type": "Index Scan",
                                      "Parent Relationship": "Inner",
                                      "Parallel Aware": false,
                                      "Scan Direction": "Forward",
                                      "Index Name": "role_id_cast_info",
                                      "Relation Name": "cast_info",
                                      "Schema": "public",
                                      "Alias": "ci",
                                      "Startup Cost": 0.56,
                                      "Total Cost": 131042.32,
                                      "Plan Rows": 355693,
                                      "Plan Width": 16,
                                      "Actual Startup Time": 0.532,
                                      "Actual Total Time": 1660.531,
                                      "Actual Rows": 222693,
                                      "Actual Loops": 1,
                                      "Output": [
                                        "ci.id",
                                        "ci.person_id",
                                        "ci.movie_id",
                                        "ci.person_role_id",
                                        "ci.note",
                                        "ci.nr_order",
                                        "ci.role_id"
                                      ],
                                      "Index Cond": "(ci.role_id = rt.id)",
                                      "Rows Removed by Index Recheck": 0,
                                      "Filter": "(ci.note = ANY ('{(producer),(voice),(writer),\"(executive producer)\"}'::text[]))",
                                      "Rows Removed by Filter": 7229280
                                    }
                                  ]
                                },
                                {
                                  "Node Type": "Hash",
                                  "Parent Relationship": "Inner",
                                  "Parallel Aware": false,
                                  "Startup Cost": 107709.01,
                                  "Total Cost": 107709.01,
                                  "Plan Rows": 938284,
                                  "Plan Width": 19,
                                  "Actual Startup Time": 1569.766,
                                  "Actual Total Time": 1569.766,
                                  "Actual Rows": 961555,
                                  "Actual Loops": 1,
                                  "Output": [
                                    "n.name",
                                    "n.id"
                                  ],
                                  "Hash Buckets": 1048576,
                                  "Original Hash Buckets": 1048576,
                                  "Hash Batches": 1,
                                  "Original Hash Batches": 1,
                                  "Peak Memory Usage": 58170,
                                  "Plans": [
                                    {
                                      "Node Type": "Seq Scan",
                                      "Parent Relationship": "Outer",
                                      "Parallel Aware": false,
                                      "Relation Name": "name",
                                      "Schema": "public",
                                      "Alias": "n",
                                      "Startup Cost": 0.0,
                                      "Total Cost": 107709.01,
                                      "Plan Rows": 938284,
                                      "Plan Width": 19,
                                      "Actual Startup Time": 546.185,
                                      "Actual Total Time": 1179.064,
                                      "Actual Rows": 961555,
                                      "Actual Loops": 1,
                                      "Output": [
                                        "n.name",
                                        "n.id"
                                      ],
                                      "Filter": "((n.gender)::text = 'f'::text)",
                                      "Rows Removed by Filter": 3205936
                                    }
                                  ]
                                }
                              ]
                            },
                            {
                              "Node Type": "Index Scan",
                              "Parent Relationship": "Inner",
                              "Parallel Aware": false,
                              "Scan Direction": "Forward",
                              "Index Name": "movie_id_movie_companies",
                              "Relation Name": "movie_companies",
                              "Schema": "public",
                              "Alias": "mc",
                              "Startup Cost": 0.43,
                              "Total Cost": 0.55,
                              "Plan Rows": 5,
                              "Plan Width": 8,
                              "Actual Startup Time": 0.002,
                              "Actual Total Time": 0.003,
                              "Actual Rows": 2,
                              "Actual Loops": 222543,
                              "Output": [
                                "mc.id",
                                "mc.movie_id",
                                "mc.company_id",
                                "mc.company_type_id",
                                "mc.note"
                              ],
                              "Index Cond": "(mc.movie_id = ci.movie_id)",
                              "Rows Removed by Index Recheck": 0
                            }
                          ]
                        },
                        {
                          "Node Type": "Hash",
                          "Parent Relationship": "Inner",
                          "Parallel Aware": false,
                          "Startup Cost": 5932.46,
                          "Total Cost": 5932.46,
                          "Plan Rows": 83808,
                          "Plan Width": 4,
                          "Actual Startup Time": 86.614,
                          "Actual Total Time": 86.615,
                          "Actual Rows": 84843,
                          "Actual Loops": 1,
                          "Output": [
                            "cn.id"
                          ],
                          "Hash Buckets": 131072,
                          "Original Hash Buckets": 131072,
                          "Hash Batches": 1,
                          "Original Hash Batches": 1,
                          "Peak Memory Usage": 4007,
                          "Plans": [
                            {
                              "Node Type": "Seq Scan",
                              "Parent Relationship": "Outer",
                              "Parallel Aware": false,
                              "Relation Name": "company_name",
                              "Schema": "public",
                              "Alias": "cn",
                              "Startup Cost": 0.0,
                              "Total Cost": 5932.46,
                              "Plan Rows": 83808,
                              "Plan Width": 4,
                              "Actual Startup Time": 0.065,
                              "Actual Total Time": 63.442,
                              "Actual Rows": 84843,
                              "Actual Loops": 1,
                              "Output": [
                                "cn.id"
                              ],
                              "Filter": "((cn.country_code)::text = '[us]'::text)",
                              "Rows Removed by Filter": 150154
                            }
                          ]
                        }
                      ]
                    },
                    {
                      "Node Type": "Index Scan",
                      "Parent Relationship": "Inner",
                      "Parallel Aware": false,
                      "Scan Direction": "Forward",
                      "Index Name": "char_name_pkey",
                      "Relation Name": "char_name",
                      "Schema": "public",
                      "Alias": "chn",
                      "Startup Cost": 0.43,
                      "Total Cost": 0.5,
                      "Plan Rows": 1,
                      "Plan Width": 20,
                      "Actual Startup Time": 0.003,
                      "Actual Total Time": 0.003,
                      "Actual Rows": 1,
                      "Actual Loops": 157595,
                      "Output": [
                        "chn.id",
                        "chn.name",
                        "chn.imdb_index",
                        "chn.imdb_id",
                        "chn.name_pcode_nf",
                        "chn.surname_pcode",
                        "chn.md5sum"
                      ],
                      "Index Cond": "(chn.id = ci.person_role_id)",
                      "Rows Removed by Index Recheck": 0
                    }
                  ]
                },
                {
                  "Node Type": "Index Scan",
                  "Parent Relationship": "Inner",
                  "Parallel Aware": false,
                  "Scan Direction": "Forward",
                  "Index Name": "title_pkey",
                  "Relation Name": "title",
                  "Schema": "public",
                  "Alias": "t",
                  "Startup Cost": 0.43,
                  "Total Cost": 0.49,
                  "Plan Rows": 1,
                  "Plan Width": 21,
                  "Actual Startup Time": 0.002,
                  "Actual Total Time": 0.002,
                  "Actual Rows": 1,
                  "Actual Loops": 142844,
                  "Output": [
                    "t.id",
                    "t.title",
                    "t.imdb_index",
                    "t.kind_id",
                    "t.production_year",
                    "t.imdb_id",
                    "t.phonetic_code",
                    "t.episode_of_id",
                    "t.season_nr",
                    "t.episode_nr",
                    "t.series_years",
                    "t.md5sum"
                  ],
                  "Index Cond": "(t.id = ci.movie_id)",
                  "Rows Removed by Index Recheck": 0
                }
              ]
            },
            {
              "Node Type": "Hash",
              "Parent Relationship": "Inner",
              "Parallel Aware": false,
              "Startup Cost": 20409.43,
              "Total Cost": 20409.43,
              "Plan Rows": 901343,
              "Plan Width": 20,
              "Actual Startup Time": 669.203,
              "Actual Total Time": 669.203,
              "Actual Rows": 901343,
              "Actual Loops": 1,
              "Output": [
                "an.name",
                "an.person_id"
              ],
              "Hash Buckets": 1048576,
              "Original Hash Buckets": 1048576,
              "Hash Batches": 1,
              "Original Hash Batches": 1,
              "Peak Memory Usage": 55917,
              "Plans": [
                {
                  "Node Type": "Seq Scan",
                  "Parent Relationship": "Outer",
                  "Parallel Aware": false,
                  "Relation Name": "aka_name",
                  "Schema": "public",
                  "Alias": "an",
                  "Startup Cost": 0.0,
                  "Total Cost": 20409.43,
                  "Plan Rows": 901343,
                  "Plan Width": 20,
                  "Actual Startup Time": 0.054,
                  "Actual Total Time": 332.874,
                  "Actual Rows": 901343,
                  "Actual Loops": 1,
                  "Output": [
                    "an.name",
                    "an.person_id"
                  ]
                }
              ]
            }
          ]
        }
      ]
    },
    "Planning Time": 56196.813,
    "Triggers": [],
    "Execution Time": 5836.689
  }
]