[
  {
    "Plan": {
      "Node Type": "Aggregate",
      "Strategy": "Plain",
      "Partial Mode": "Finalize",
      "Parallel Aware": false,
      "Startup Cost": 46813.98,
      "Total Cost": 46813.99,
      "Plan Rows": 1,
      "Plan Width": 8,
      "Actual Startup Time": 103.221,
      "Actual Total Time": 114.711,
      "Actual Rows": 1,
      "Actual Loops": 1,
      "Plans": [
        {
          "Node Type": "Gather",
          "Parent Relationship": "Outer",
          "Parallel Aware": false,
          "Startup Cost": 46813.56,
          "Total Cost": 46813.97,
          "Plan Rows": 4,
          "Plan Width": 8,
          "Actual Startup Time": 103.094,
          "Actual Total Time": 114.701,
          "Actual Rows": 5,
          "Actual Loops": 1,
          "Workers Planned": 4,
          "Workers Launched": 4,
          "Single Copy": false,
          "Plans": [
            {
              "Node Type": "Aggregate",
              "Strategy": "Plain",
              "Partial Mode": "Partial",
              "Parent Relationship": "Outer",
              "Parallel Aware": false,
              "Startup Cost": 45813.56,
              "Total Cost": 45813.57,
              "Plan Rows": 1,
              "Plan Width": 8,
              "Actual Startup Time": 93.734,
              "Actual Total Time": 93.735,
              "Actual Rows": 1,
              "Actual Loops": 5,
              "Plans": [
                {
                  "Node Type": "Seq Scan",
                  "Parent Relationship": "Outer",
                  "Parallel Aware": true,
                  "Relation Name": "title",
                  "Alias": "t",
                  "Startup Cost": 0.0,
                  "Total Cost": 45479.1,
                  "Plan Rows": 133786,
                  "Plan Width": 0,
                  "Actual Startup Time": 0.047,
                  "Actual Total Time": 88.537,
                  "Actual Rows": 80991,
                  "Actual Loops": 5,
                  "Filter": "((kind_id > 1) AND (production_year < 1992))",
                  "Rows Removed by Filter": 424672
                }
              ]
            }
          ]
        }
      ]
    },
    "Planning Time": 0.169,
    "Triggers": [],
    "Execution Time": 114.767
  }
]