[
  {
    "Plan": {
      "Node Type": "Aggregate",
      "Strategy": "Plain",
      "Partial Mode": "Finalize",
      "Parallel Aware": false,
      "Startup Cost": 347681.88,
      "Total Cost": 347681.89,
      "Plan Rows": 1,
      "Plan Width": 8,
      "Actual Startup Time": 707.664,
      "Actual Total Time": 750.407,
      "Actual Rows": 1,
      "Actual Loops": 1,
      "Plans": [
        {
          "Node Type": "Gather",
          "Parent Relationship": "Outer",
          "Parallel Aware": false,
          "Startup Cost": 347681.25,
          "Total Cost": 347681.86,
          "Plan Rows": 6,
          "Plan Width": 8,
          "Actual Startup Time": 707.462,
          "Actual Total Time": 750.39,
          "Actual Rows": 7,
          "Actual Loops": 1,
          "Workers Planned": 6,
          "Workers Launched": 6,
          "Single Copy": false,
          "Plans": [
            {
              "Node Type": "Aggregate",
              "Strategy": "Plain",
              "Partial Mode": "Partial",
              "Parent Relationship": "Outer",
              "Parallel Aware": false,
              "Startup Cost": 346681.25,
              "Total Cost": 346681.26,
              "Plan Rows": 1,
              "Plan Width": 8,
              "Actual Startup Time": 697.294,
              "Actual Total Time": 697.297,
              "Actual Rows": 1,
              "Actual Loops": 7,
              "Plans": [
                {
                  "Node Type": "Seq Scan",
                  "Parent Relationship": "Outer",
                  "Parallel Aware": true,
                  "Relation Name": "cast_info",
                  "Alias": "ci",
                  "Startup Cost": 0.0,
                  "Total Cost": 343316.27,
                  "Plan Rows": 1345993,
                  "Plan Width": 0,
                  "Actual Startup Time": 363.372,
                  "Actual Total Time": 659.496,
                  "Actual Rows": 696659,
                  "Actual Loops": 7,
                  "Filter": "((person_id > 2709442) AND (role_id < 8))",
                  "Rows Removed by Filter": 4481104
                }
              ]
            }
          ]
        }
      ]
    },
    "Planning Time": 0.115,
    "Triggers": [],
    "Execution Time": 750.452
  }
]