[
  {
    "Plan": {
      "Node Type": "Aggregate",
      "Strategy": "Plain",
      "Partial Mode": "Finalize",
      "Parallel Aware": false,
      "Startup Cost": 217530.66,
      "Total Cost": 217530.67,
      "Plan Rows": 1,
      "Plan Width": 8,
      "Actual Startup Time": 1056.167,
      "Actual Total Time": 1107.513,
      "Actual Rows": 1,
      "Actual Loops": 1,
      "Plans": [
        {
          "Node Type": "Gather",
          "Parent Relationship": "Outer",
          "Parallel Aware": false,
          "Startup Cost": 217530.24,
          "Total Cost": 217530.65,
          "Plan Rows": 4,
          "Plan Width": 8,
          "Actual Startup Time": 1054.876,
          "Actual Total Time": 1107.488,
          "Actual Rows": 5,
          "Actual Loops": 1,
          "Workers Planned": 4,
          "Workers Launched": 4,
          "Single Copy": false,
          "Plans": [
            {
              "Node Type": "Aggregate",
              "Strategy": "Plain",
              "Partial Mode": "Partial",
              "Parent Relationship": "Outer",
              "Parallel Aware": false,
              "Startup Cost": 216530.24,
              "Total Cost": 216530.25,
              "Plan Rows": 1,
              "Plan Width": 8,
              "Actual Startup Time": 1044.56,
              "Actual Total Time": 1044.564,
              "Actual Rows": 1,
              "Actual Loops": 5,
              "Plans": [
                {
                  "Node Type": "Nested Loop",
                  "Parent Relationship": "Outer",
                  "Parallel Aware": false,
                  "Join Type": "Inner",
                  "Startup Cost": 27546.47,
                  "Total Cost": 215454.39,
                  "Plan Rows": 430343,
                  "Plan Width": 0,
                  "Actual Startup Time": 163.167,
                  "Actual Total Time": 999.8,
                  "Actual Rows": 1048145,
                  "Actual Loops": 5,
                  "Inner Unique": false,
                  "Plans": [
                    {
                      "Node Type": "Hash Join",
                      "Parent Relationship": "Outer",
                      "Parallel Aware": true,
                      "Join Type": "Inner",
                      "Startup Cost": 27546.04,
                      "Total Cost": 73262.54,
                      "Plan Rows": 73597,
                      "Plan Width": 8,
                      "Actual Startup Time": 163.077,
                      "Actual Total Time": 266.765,
                      "Actual Rows": 58782,
                      "Actual Loops": 5,
                      "Inner Unique": false,
                      "Hash Cond": "(t.id = mc.movie_id)",
                      "Plans": [
                        {
                          "Node Type": "Seq Scan",
                          "Parent Relationship": "Outer",
                          "Parallel Aware": true,
                          "Relation Name": "title",
                          "Alias": "t",
                          "Startup Cost": 0.0,
                          "Total Cost": 42318.73,
                          "Plan Rows": 632073,
                          "Plan Width": 4,
                          "Actual Startup Time": 0.011,
                          "Actual Total Time": 63.619,
                          "Actual Rows": 505662,
                          "Actual Loops": 5
                        },
                        {
                          "Node Type": "Hash",
                          "Parent Relationship": "Inner",
                          "Parallel Aware": true,
                          "Startup Cost": 26358.99,
                          "Total Cost": 26358.99,
                          "Plan Rows": 94964,
                          "Plan Width": 4,
                          "Actual Startup Time": 76.737,
                          "Actual Total Time": 76.738,
                          "Actual Rows": 58782,
                          "Actual Loops": 5,
                          "Hash Buckets": 524288,
                          "Original Hash Buckets": 524288,
                          "Hash Batches": 1,
                          "Original Hash Batches": 1,
                          "Peak Memory Usage": 15616,
                          "Plans": [
                            {
                              "Node Type": "Bitmap Heap Scan",
                              "Parent Relationship": "Outer",
                              "Parallel Aware": true,
                              "Relation Name": "movie_companies",
                              "Alias": "mc",
                              "Startup Cost": 6381.94,
                              "Total Cost": 26358.99,
                              "Plan Rows": 94964,
                              "Plan Width": 4,
                              "Actual Startup Time": 24.395,
                              "Actual Total Time": 51.93,
                              "Actual Rows": 58782,
                              "Actual Loops": 5,
                              "Recheck Cond": "(company_id > 94773)",
                              "Rows Removed by Index Recheck": 0,
                              "Exact Heap Blocks": 1975,
                              "Lossy Heap Blocks": 0,
                              "Plans": [
                                {
                                  "Node Type": "Bitmap Index Scan",
                                  "Parent Relationship": "Outer",
                                  "Parallel Aware": false,
                                  "Index Name": "company_id_movie_companies",
                                  "Startup Cost": 0.0,
                                  "Total Cost": 6308.34,
                                  "Plan Rows": 294388,
                                  "Plan Width": 0,
                                  "Actual Startup Time": 23.605,
                                  "Actual Total Time": 23.605,
                                  "Actual Rows": 293910,
                                  "Actual Loops": 1,
                                  "Index Cond": "(company_id > 94773)"
                                }
                              ]
                            }
                          ]
                        }
                      ]
                    },
                    {
                      "Node Type": "Index Only Scan",
                      "Parent Relationship": "Inner",
                      "Parallel Aware": false,
                      "Scan Direction": "Forward",
                      "Index Name": "movie_id_movie_info",
                      "Relation Name": "movie_info",
                      "Alias": "mi",
                      "Startup Cost": 0.43,
                      "Total Cost": 1.51,
                      "Plan Rows": 42,
                      "Plan Width": 4,
                      "Actual Startup Time": 0.004,
                      "Actual Total Time": 0.011,
                      "Actual Rows": 18,
                      "Actual Loops": 293910,
                      "Index Cond": "(movie_id = t.id)",
                      "Rows Removed by Index Recheck": 0,
                      "Heap Fetches": 5240724
                    }
                  ]
                }
              ]
            }
          ]
        }
      ]
    },
    "Planning Time": 1.401,
    "Triggers": [],
    "Execution Time": 1107.64
  }
]