[
  {
    "Plan": {
      "Node Type": "Aggregate",
      "Strategy": "Plain",
      "Partial Mode": "Finalize",
      "Parallel Aware": false,
      "Startup Cost": 32816.85,
      "Total Cost": 32816.86,
      "Plan Rows": 1,
      "Plan Width": 8,
      "Actual Startup Time": 89.086,
      "Actual Total Time": 98.13,
      "Actual Rows": 1,
      "Actual Loops": 1,
      "Plans": [
        {
          "Node Type": "Gather",
          "Parent Relationship": "Outer",
          "Parallel Aware": false,
          "Startup Cost": 32816.53,
          "Total Cost": 32816.84,
          "Plan Rows": 3,
          "Plan Width": 8,
          "Actual Startup Time": 88.975,
          "Actual Total Time": 98.122,
          "Actual Rows": 4,
          "Actual Loops": 1,
          "Workers Planned": 3,
          "Workers Launched": 3,
          "Single Copy": false,
          "Plans": [
            {
              "Node Type": "Aggregate",
              "Strategy": "Plain",
              "Partial Mode": "Partial",
              "Parent Relationship": "Outer",
              "Parallel Aware": false,
              "Startup Cost": 31816.53,
              "Total Cost": 31816.54,
              "Plan Rows": 1,
              "Plan Width": 8,
              "Actual Startup Time": 84.682,
              "Actual Total Time": 84.683,
              "Actual Rows": 1,
              "Actual Loops": 4,
              "Plans": [
                {
                  "Node Type": "Seq Scan",
                  "Parent Relationship": "Outer",
                  "Parallel Aware": true,
                  "Relation Name": "movie_companies",
                  "Alias": "mc",
                  "Startup Cost": 0.0,
                  "Total Cost": 31414.82,
                  "Plan Rows": 160685,
                  "Plan Width": 0,
                  "Actual Startup Time": 41.477,
                  "Actual Total Time": 76.013,
                  "Actual Rows": 201050,
                  "Actual Loops": 4,
                  "Filter": "((company_id > 17928) AND (company_type_id > 1))",
                  "Rows Removed by Filter": 451232
                }
              ]
            }
          ]
        }
      ]
    },
    "Planning Time": 0.221,
    "Triggers": [],
    "Execution Time": 98.185
  }
]