[
  {
    "Plan": {
      "Node Type": "Aggregate",
      "Strategy": "Plain",
      "Partial Mode": "Finalize",
      "Parallel Aware": false,
      "Startup Cost": 32805.4,
      "Total Cost": 32805.41,
      "Plan Rows": 1,
      "Plan Width": 8,
      "Actual Startup Time": 93.504,
      "Actual Total Time": 101.087,
      "Actual Rows": 1,
      "Actual Loops": 1,
      "Plans": [
        {
          "Node Type": "Gather",
          "Parent Relationship": "Outer",
          "Parallel Aware": false,
          "Startup Cost": 32805.08,
          "Total Cost": 32805.39,
          "Plan Rows": 3,
          "Plan Width": 8,
          "Actual Startup Time": 93.393,
          "Actual Total Time": 101.08,
          "Actual Rows": 4,
          "Actual Loops": 1,
          "Workers Planned": 3,
          "Workers Launched": 3,
          "Single Copy": false,
          "Plans": [
            {
              "Node Type": "Aggregate",
              "Strategy": "Plain",
              "Partial Mode": "Partial",
              "Parent Relationship": "Outer",
              "Parallel Aware": false,
              "Startup Cost": 31805.08,
              "Total Cost": 31805.09,
              "Plan Rows": 1,
              "Plan Width": 8,
              "Actual Startup Time": 86.109,
              "Actual Total Time": 86.11,
              "Actual Rows": 1,
              "Actual Loops": 4,
              "Plans": [
                {
                  "Node Type": "Seq Scan",
                  "Parent Relationship": "Outer",
                  "Parallel Aware": true,
                  "Relation Name": "movie_companies",
                  "Alias": "mc",
                  "Startup Cost": 0.0,
                  "Total Cost": 31414.82,
                  "Plan Rows": 156105,
                  "Plan Width": 0,
                  "Actual Startup Time": 45.165,
                  "Actual Total Time": 78.305,
                  "Actual Rows": 201050,
                  "Actual Loops": 4,
                  "Filter": "((company_id > 17928) AND (company_type_id > 1))",
                  "Rows Removed by Filter": 451232
                }
              ]
            }
          ]
        }
      ]
    },
    "Planning Time": 0.172,
    "Triggers": [],
    "Execution Time": 101.134
  }
]