[
  {
    "Plan": {
      "Node Type": "Aggregate",
      "Strategy": "Plain",
      "Partial Mode": "Finalize",
      "Parallel Aware": false,
      "Startup Cost": 156214.37,
      "Total Cost": 156214.38,
      "Plan Rows": 1,
      "Plan Width": 8,
      "Actual Startup Time": 263.058,
      "Actual Total Time": 300.492,
      "Actual Rows": 1,
      "Actual Loops": 1,
      "Plans": [
        {
          "Node Type": "Gather",
          "Parent Relationship": "Outer",
          "Parallel Aware": false,
          "Startup Cost": 156213.85,
          "Total Cost": 156214.36,
          "Plan Rows": 5,
          "Plan Width": 8,
          "Actual Startup Time": 262.845,
          "Actual Total Time": 300.478,
          "Actual Rows": 6,
          "Actual Loops": 1,
          "Workers Planned": 5,
          "Workers Launched": 5,
          "Single Copy": false,
          "Plans": [
            {
              "Node Type": "Aggregate",
              "Strategy": "Plain",
              "Partial Mode": "Partial",
              "Parent Relationship": "Outer",
              "Parallel Aware": false,
              "Startup Cost": 155213.85,
              "Total Cost": 155213.86,
              "Plan Rows": 1,
              "Plan Width": 8,
              "Actual Startup Time": 256.727,
              "Actual Total Time": 256.732,
              "Actual Rows": 1,
              "Actual Loops": 6,
              "Plans": [
                {
                  "Node Type": "Nested Loop",
                  "Parent Relationship": "Outer",
                  "Parallel Aware": false,
                  "Join Type": "Inner",
                  "Startup Cost": 45510.8,
                  "Total Cost": 155206.02,
                  "Plan Rows": 3130,
                  "Plan Width": 0,
                  "Actual Startup Time": 76.633,
                  "Actual Total Time": 256.194,
                  "Actual Rows": 6538,
                  "Actual Loops": 6,
                  "Inner Unique": false,
                  "Join Filter": "(t.id = mi.movie_id)",
                  "Rows Removed by Join Filter": 0,
                  "Plans": [
                    {
                      "Node Type": "Hash Join",
                      "Parent Relationship": "Outer",
                      "Parallel Aware": true,
                      "Join Type": "Inner",
                      "Startup Cost": 45510.36,
                      "Total Cost": 153234.44,
                      "Plan Rows": 823,
                      "Plan Width": 8,
                      "Actual Startup Time": 76.538,
                      "Actual Total Time": 229.741,
                      "Actual Rows": 364,
                      "Actual Loops": 6,
                      "Inner Unique": true,
                      "Hash Cond": "(ci.movie_id = t.id)",
                      "Plans": [
                        {
                          "Node Type": "Index Scan",
                          "Parent Relationship": "Outer",
                          "Parallel Aware": true,
                          "Scan Direction": "Forward",
                          "Index Name": "role_id_cast_info",
                          "Relation Name": "cast_info",
                          "Alias": "ci",
                          "Startup Cost": 0.56,
                          "Total Cost": 107159.34,
                          "Plan Rows": 215353,
                          "Plan Width": 4,
                          "Actual Startup Time": 0.179,
                          "Actual Total Time": 137.376,
                          "Actual Rows": 129624,
                          "Actual Loops": 6,
                          "Index Cond": "(role_id = 3)",
                          "Rows Removed by Index Recheck": 0,
                          "Filter": "(person_id < 982252)",
                          "Rows Removed by Filter": 538383
                        },
                        {
                          "Node Type": "Hash",
                          "Parent Relationship": "Inner",
                          "Parallel Aware": true,
                          "Startup Cost": 45479.59,
                          "Total Cost": 45479.59,
                          "Plan Rows": 2417,
                          "Plan Width": 4,
                          "Actual Startup Time": 75.503,
                          "Actual Total Time": 75.505,
                          "Actual Rows": 1579,
                          "Actual Loops": 6,
                          "Hash Buckets": 16384,
                          "Original Hash Buckets": 16384,
                          "Hash Batches": 1,
                          "Original Hash Batches": 1,
                          "Peak Memory Usage": 608,
                          "Plans": [
                            {
                              "Node Type": "Seq Scan",
                              "Parent Relationship": "Outer",
                              "Parallel Aware": true,
                              "Relation Name": "title",
                              "Alias": "t",
                              "Startup Cost": 0.0,
                              "Total Cost": 45479.59,
                              "Plan Rows": 2417,
                              "Plan Width": 4,
                              "Actual Startup Time": 1.02,
                              "Actual Total Time": 74.543,
                              "Actual Rows": 1579,
                              "Actual Loops": 6,
                              "Filter": "((kind_id < 7) AND (production_year = 1991))",
                              "Rows Removed by Filter": 419806
                            }
                          ]
                        }
                      ]
                    },
                    {
                      "Node Type": "Index Scan",
                      "Parent Relationship": "Inner",
                      "Parallel Aware": false,
                      "Scan Direction": "Forward",
                      "Index Name": "movie_id_movie_info",
                      "Relation Name": "movie_info",
                      "Alias": "mi",
                      "Startup Cost": 0.43,
                      "Total Cost": 2.06,
                      "Plan Rows": 27,
                      "Plan Width": 4,
                      "Actual Startup Time": 0.018,
                      "Actual Total Time": 0.07,
                      "Actual Rows": 18,
                      "Actual Loops": 2185,
                      "Index Cond": "(movie_id = ci.movie_id)",
                      "Rows Removed by Index Recheck": 0,
                      "Filter": "(info_type_id < 16)",
                      "Rows Removed by Filter": 17
                    }
                  ]
                }
              ]
            }
          ]
        }
      ]
    },
    "Planning Time": 0.679,
    "Triggers": [],
    "Execution Time": 300.561
  }
]