[
  {
    "Plan": {
      "Node Type": "Aggregate",
      "Strategy": "Plain",
      "Partial Mode": "Finalize",
      "Parallel Aware": false,
      "Startup Cost": 337931.95,
      "Total Cost": 337931.96,
      "Plan Rows": 1,
      "Plan Width": 8,
      "Actual Startup Time": 735.846,
      "Actual Total Time": 792.85,
      "Actual Rows": 1,
      "Actual Loops": 1,
      "Plans": [
        {
          "Node Type": "Gather",
          "Parent Relationship": "Outer",
          "Parallel Aware": false,
          "Startup Cost": 337931.32,
          "Total Cost": 337931.93,
          "Plan Rows": 6,
          "Plan Width": 8,
          "Actual Startup Time": 735.722,
          "Actual Total Time": 792.839,
          "Actual Rows": 7,
          "Actual Loops": 1,
          "Workers Planned": 6,
          "Workers Launched": 6,
          "Single Copy": false,
          "Plans": [
            {
              "Node Type": "Aggregate",
              "Strategy": "Plain",
              "Partial Mode": "Partial",
              "Parent Relationship": "Outer",
              "Parallel Aware": false,
              "Startup Cost": 336931.32,
              "Total Cost": 336931.33,
              "Plan Rows": 1,
              "Plan Width": 8,
              "Actual Startup Time": 727.899,
              "Actual Total Time": 727.9,
              "Actual Rows": 1,
              "Actual Loops": 7,
              "Plans": [
                {
                  "Node Type": "Seq Scan",
                  "Parent Relationship": "Outer",
                  "Parallel Aware": true,
                  "Relation Name": "cast_info",
                  "Alias": "ci",
                  "Startup Cost": 0.0,
                  "Total Cost": 328162.03,
                  "Plan Rows": 3507719,
                  "Plan Width": 0,
                  "Actual Startup Time": 0.041,
                  "Actual Total Time": 592.835,
                  "Actual Rows": 3015291,
                  "Actual Loops": 7,
                  "Filter": "(person_id < 2131484)",
                  "Rows Removed by Filter": 2162472
                }
              ]
            }
          ]
        }
      ]
    },
    "Planning Time": 0.21,
    "Triggers": [],
    "Execution Time": 792.949
  }
]