[
  {
    "Plan": {
      "Node Type": "Aggregate",
      "Strategy": "Plain",
      "Partial Mode": "Finalize",
      "Parallel Aware": false,
      "Startup Cost": 91097.3,
      "Total Cost": 91097.31,
      "Plan Rows": 1,
      "Plan Width": 8,
      "Actual Startup Time": 332.865,
      "Actual Total Time": 357.447,
      "Actual Rows": 1,
      "Actual Loops": 1,
      "Plans": [
        {
          "Node Type": "Gather",
          "Parent Relationship": "Outer",
          "Parallel Aware": false,
          "Startup Cost": 91096.98,
          "Total Cost": 91097.29,
          "Plan Rows": 3,
          "Plan Width": 8,
          "Actual Startup Time": 330.91,
          "Actual Total Time": 357.436,
          "Actual Rows": 4,
          "Actual Loops": 1,
          "Workers Planned": 3,
          "Workers Launched": 3,
          "Single Copy": false,
          "Plans": [
            {
              "Node Type": "Aggregate",
              "Strategy": "Plain",
              "Partial Mode": "Partial",
              "Parent Relationship": "Outer",
              "Parallel Aware": false,
              "Startup Cost": 90096.98,
              "Total Cost": 90096.99,
              "Plan Rows": 1,
              "Plan Width": 8,
              "Actual Startup Time": 324.354,
              "Actual Total Time": 324.357,
              "Actual Rows": 1,
              "Actual Loops": 4,
              "Plans": [
                {
                  "Node Type": "Hash Join",
                  "Parent Relationship": "Outer",
                  "Parallel Aware": true,
                  "Join Type": "Inner",
                  "Startup Cost": 46449.12,
                  "Total Cost": 89997.35,
                  "Plan Rows": 39853,
                  "Plan Width": 0,
                  "Actual Startup Time": 186.692,
                  "Actual Total Time": 318.776,
                  "Actual Rows": 105081,
                  "Actual Loops": 4,
                  "Inner Unique": true,
                  "Hash Cond": "(mk.movie_id = t.id)",
                  "Plans": [
                    {
                      "Node Type": "Seq Scan",
                      "Parent Relationship": "Outer",
                      "Parallel Aware": true,
                      "Relation Name": "movie_keyword",
                      "Alias": "mk",
                      "Startup Cost": 0.0,
                      "Total Cost": 42695.65,
                      "Plan Rows": 324788,
                      "Plan Width": 4,
                      "Actual Startup Time": 0.033,
                      "Actual Total Time": 108.05,
                      "Actual Rows": 252259,
                      "Actual Loops": 4,
                      "Filter": "(keyword_id < 975)",
                      "Rows Removed by Filter": 878724
                    },
                    {
                      "Node Type": "Hash",
                      "Parent Relationship": "Inner",
                      "Parallel Aware": true,
                      "Startup Cost": 45479.59,
                      "Total Cost": 45479.59,
                      "Plan Rows": 77563,
                      "Plan Width": 4,
                      "Actual Startup Time": 153.189,
                      "Actual Total Time": 153.19,
                      "Actual Rows": 100185,
                      "Actual Loops": 4,
                      "Hash Buckets": 524288,
                      "Original Hash Buckets": 524288,
                      "Hash Batches": 1,
                      "Original Hash Batches": 1,
                      "Peak Memory Usage": 19808,
                      "Plans": [
                        {
                          "Node Type": "Seq Scan",
                          "Parent Relationship": "Outer",
                          "Parallel Aware": true,
                          "Relation Name": "title",
                          "Alias": "t",
                          "Startup Cost": 0.0,
                          "Total Cost": 45479.59,
                          "Plan Rows": 77563,
                          "Plan Width": 4,
                          "Actual Startup Time": 64.115,
                          "Actual Total Time": 113.489,
                          "Actual Rows": 100185,
                          "Actual Loops": 4,
                          "Filter": "((production_year < 2003) AND (kind_id = 1))",
                          "Rows Removed by Filter": 531893
                        }
                      ]
                    }
                  ]
                }
              ]
            }
          ]
        }
      ]
    },
    "Planning Time": 0.687,
    "Triggers": [],
    "Execution Time": 357.52
  }
]