{
    "Plan": {
        "Node Type": "Aggregate",
        "Strategy": "Plain",
        "Partial Mode": "Finalize",
        "Parallel Aware": false,
        "Startup Cost": 139790.02,
        "Total Cost": 139790.03,
        "Plan Rows": 1,
        "Plan Width": 8,
        "Actual Startup Time": 171.438,
        "Actual Total Time": 179.497,
        "Actual Rows": 1,
        "Actual Loops": 1,
        "Output": [
            "count(*)"
        ],
        "Plans": [
            {
                "Node Type": "Gather",
                "Parent Relationship": "Outer",
                "Parallel Aware": false,
                "Startup Cost": 139789.6,
                "Total Cost": 139790.01,
                "Plan Rows": 4,
                "Plan Width": 8,
                "Actual Startup Time": 169.612,
                "Actual Total Time": 179.488,
                "Actual Rows": 5,
                "Actual Loops": 1,
                "Output": [
                    "(PARTIAL count(*))"
                ],
                "Workers Planned": 4,
                "Workers Launched": 4,
                "Single Copy": false,
                "Plans": [
                    {
                        "Node Type": "Aggregate",
                        "Strategy": "Plain",
                        "Partial Mode": "Partial",
                        "Parent Relationship": "Outer",
                        "Parallel Aware": false,
                        "Startup Cost": 138789.6,
                        "Total Cost": 138789.61,
                        "Plan Rows": 1,
                        "Plan Width": 8,
                        "Actual Startup Time": 159.074,
                        "Actual Total Time": 159.076,
                        "Actual Rows": 1,
                        "Actual Loops": 5,
                        "Output": [
                            "PARTIAL count(*)"
                        ],
                        "Workers": [
                            {
                                "Worker Number": 0,
                                "Actual Startup Time": 157.825,
                                "Actual Total Time": 157.827,
                                "Actual Rows": 1,
                                "Actual Loops": 1
                            },
                            {
                                "Worker Number": 1,
                                "Actual Startup Time": 154.733,
                                "Actual Total Time": 154.736,
                                "Actual Rows": 1,
                                "Actual Loops": 1
                            },
                            {
                                "Worker Number": 2,
                                "Actual Startup Time": 158.708,
                                "Actual Total Time": 158.711,
                                "Actual Rows": 1,
                                "Actual Loops": 1
                            },
                            {
                                "Worker Number": 3,
                                "Actual Startup Time": 155.213,
                                "Actual Total Time": 155.215,
                                "Actual Rows": 1,
                                "Actual Loops": 1
                            }
                        ],
                        "Plans": [
                            {
                                "Node Type": "Merge Join",
                                "Parent Relationship": "Outer",
                                "Parallel Aware": false,
                                "Join Type": "Inner",
                                "Startup Cost": 138123.56,
                                "Total Cost": 138787.22,
                                "Plan Rows": 952,
                                "Plan Width": 0,
                                "Actual Startup Time": 141.554,
                                "Actual Total Time": 158.996,
                                "Actual Rows": 1261,
                                "Actual Loops": 5,
                                "Inner Unique": false,
                                "Merge Cond": "(t.id = mi.movie_id)",
                                "Workers": [
                                    {
                                        "Worker Number": 0,
                                        "Actual Startup Time": 141.204,
                                        "Actual Total Time": 157.751,
                                        "Actual Rows": 991,
                                        "Actual Loops": 1
                                    },
                                    {
                                        "Worker Number": 1,
                                        "Actual Startup Time": 137.768,
                                        "Actual Total Time": 154.67,
                                        "Actual Rows": 1370,
                                        "Actual Loops": 1
                                    },
                                    {
                                        "Worker Number": 2,
                                        "Actual Startup Time": 141.356,
                                        "Actual Total Time": 158.629,
                                        "Actual Rows": 1123,
                                        "Actual Loops": 1
                                    },
                                    {
                                        "Worker Number": 3,
                                        "Actual Startup Time": 138.644,
                                        "Actual Total Time": 155.143,
                                        "Actual Rows": 1543,
                                        "Actual Loops": 1
                                    }
                                ],
                                "Plans": [
                                    {
                                        "Node Type": "Sort",
                                        "Parent Relationship": "Outer",
                                        "Parallel Aware": false,
                                        "Startup Cost": 54579.5,
                                        "Total Cost": 54851.46,
                                        "Plan Rows": 108783,
                                        "Plan Width": 4,
                                        "Actual Startup Time": 118.979,
                                        "Actual Total Time": 126.168,
                                        "Actual Rows": 73573,
                                        "Actual Loops": 5,
                                        "Output": [
                                            "t.id"
                                        ],
                                        "Sort Key": [
                                            "t.id"
                                        ],
                                        "Sort Method": "quicksort",
                                        "Sort Space Used": 6502,
                                        "Sort Space Type": "Memory",
                                        "Workers": [
                                            {
                                                "Worker Number": 0,
                                                "Actual Startup Time": 115.903,
                                                "Actual Total Time": 122.216,
                                                "Actual Rows": 58697,
                                                "Actual Loops": 1
                                            },
                                            {
                                                "Worker Number": 1,
                                                "Actual Startup Time": 116.029,
                                                "Actual Total Time": 123.643,
                                                "Actual Rows": 88022,
                                                "Actual Loops": 1
                                            },
                                            {
                                                "Worker Number": 2,
                                                "Actual Startup Time": 116.489,
                                                "Actual Total Time": 122.833,
                                                "Actual Rows": 59243,
                                                "Actual Loops": 1
                                            },
                                            {
                                                "Worker Number": 3,
                                                "Actual Startup Time": 116.452,
                                                "Actual Total Time": 124.174,
                                                "Actual Rows": 88808,
                                                "Actual Loops": 1
                                            }
                                        ],
                                        "Plans": [
                                            {
                                                "Node Type": "Seq Scan",
                                                "Parent Relationship": "Outer",
                                                "Parallel Aware": true,
                                                "Relation Name": "title",
                                                "Schema": "public",
                                                "Alias": "t",
                                                "Startup Cost": 0.0,
                                                "Total Cost": 45479.21,
                                                "Plan Rows": 108783,
                                                "Plan Width": 4,
                                                "Actual Startup Time": 0.095,
                                                "Actual Total Time": 95.486,
                                                "Actual Rows": 73649,
                                                "Actual Loops": 5,
                                                "Output": [
                                                    "t.id"
                                                ],
                                                "Filter": "((t.kind_id < 7) AND (t.production_year > 2004))",
                                                "Rows Removed by Filter": 432013,
                                                "Workers": [
                                                    {
                                                        "Worker Number": 0,
                                                        "Actual Startup Time": 0.129,
                                                        "Actual Total Time": 93.388,
                                                        "Actual Rows": 58759,
                                                        "Actual Loops": 1
                                                    },
                                                    {
                                                        "Worker Number": 1,
                                                        "Actual Startup Time": 0.147,
                                                        "Actual Total Time": 94.347,
                                                        "Actual Rows": 88080,
                                                        "Actual Loops": 1
                                                    },
                                                    {
                                                        "Worker Number": 2,
                                                        "Actual Startup Time": 0.062,
                                                        "Actual Total Time": 93.837,
                                                        "Actual Rows": 59317,
                                                        "Actual Loops": 1
                                                    },
                                                    {
                                                        "Worker Number": 3,
                                                        "Actual Startup Time": 0.087,
                                                        "Actual Total Time": 94.708,
                                                        "Actual Rows": 88917,
                                                        "Actual Loops": 1
                                                    }
                                                ]
                                            }
                                        ]
                                    },
                                    {
                                        "Node Type": "Sort",
                                        "Parent Relationship": "Inner",
                                        "Parallel Aware": false,
                                        "Startup Cost": 83544.04,
                                        "Total Cost": 83599.37,
                                        "Plan Rows": 22133,
                                        "Plan Width": 4,
                                        "Actual Startup Time": 21.982,
                                        "Actual Total Time": 24.621,
                                        "Actual Rows": 30180,
                                        "Actual Loops": 5,
                                        "Output": [
                                            "mi.movie_id"
                                        ],
                                        "Sort Key": [
                                            "mi.movie_id"
                                        ],
                                        "Sort Method": "quicksort",
                                        "Sort Space Used": 2183,
                                        "Sort Space Type": "Memory",
                                        "Workers": [
                                            {
                                                "Worker Number": 0,
                                                "Actual Startup Time": 24.377,
                                                "Actual Total Time": 27.22,
                                                "Actual Rows": 30180,
                                                "Actual Loops": 1
                                            },
                                            {
                                                "Worker Number": 1,
                                                "Actual Startup Time": 21.399,
                                                "Actual Total Time": 23.712,
                                                "Actual Rows": 30180,
                                                "Actual Loops": 1
                                            },
                                            {
                                                "Worker Number": 2,
                                                "Actual Startup Time": 24.404,
                                                "Actual Total Time": 27.398,
                                                "Actual Rows": 30180,
                                                "Actual Loops": 1
                                            },
                                            {
                                                "Worker Number": 3,
                                                "Actual Startup Time": 21.345,
                                                "Actual Total Time": 23.606,
                                                "Actual Rows": 30180,
                                                "Actual Loops": 1
                                            }
                                        ],
                                        "Plans": [
                                            {
                                                "Node Type": "Index Scan",
                                                "Parent Relationship": "Outer",
                                                "Parallel Aware": false,
                                                "Scan Direction": "Forward",
                                                "Index Name": "info_type_id_movie_info",
                                                "Relation Name": "movie_info",
                                                "Schema": "public",
                                                "Alias": "mi",
                                                "Startup Cost": 0.43,
                                                "Total Cost": 81946.71,
                                                "Plan Rows": 22133,
                                                "Plan Width": 4,
                                                "Actual Startup Time": 0.085,
                                                "Actual Total Time": 13.831,
                                                "Actual Rows": 30180,
                                                "Actual Loops": 5,
                                                "Output": [
                                                    "mi.movie_id"
                                                ],
                                                "Index Cond": "(mi.info_type_id = 110)",
                                                "Rows Removed by Index Recheck": 0,
                                                "Workers": [
                                                    {
                                                        "Worker Number": 0,
                                                        "Actual Startup Time": 0.096,
                                                        "Actual Total Time": 14.393,
                                                        "Actual Rows": 30180,
                                                        "Actual Loops": 1
                                                    },
                                                    {
                                                        "Worker Number": 1,
                                                        "Actual Startup Time": 0.126,
                                                        "Actual Total Time": 14.823,
                                                        "Actual Rows": 30180,
                                                        "Actual Loops": 1
                                                    },
                                                    {
                                                        "Worker Number": 2,
                                                        "Actual Startup Time": 0.097,
                                                        "Actual Total Time": 14.329,
                                                        "Actual Rows": 30180,
                                                        "Actual Loops": 1
                                                    },
                                                    {
                                                        "Worker Number": 3,
                                                        "Actual Startup Time": 0.081,
                                                        "Actual Total Time": 14.814,
                                                        "Actual Rows": 30180,
                                                        "Actual Loops": 1
                                                    }
                                                ]
                                            }
                                        ]
                                    }
                                ]
                            }
                        ]
                    }
                ]
            }
        ]
    },
    "Planning Time": 0.836,
    "Triggers": [],
    "Execution Time": 179.591
}