[
  {
    "Plan": {
      "Node Type": "Aggregate",
      "Strategy": "Plain",
      "Partial Mode": "Finalize",
      "Parallel Aware": false,
      "Startup Cost": 76433.46,
      "Total Cost": 76433.47,
      "Plan Rows": 1,
      "Plan Width": 8,
      "Actual Startup Time": 260.26,
      "Actual Total Time": 277.888,
      "Actual Rows": 1,
      "Actual Loops": 1,
      "Plans": [
        {
          "Node Type": "Gather",
          "Parent Relationship": "Outer",
          "Parallel Aware": false,
          "Startup Cost": 76433.14,
          "Total Cost": 76433.45,
          "Plan Rows": 3,
          "Plan Width": 8,
          "Actual Startup Time": 259.218,
          "Actual Total Time": 277.868,
          "Actual Rows": 4,
          "Actual Loops": 1,
          "Workers Planned": 3,
          "Workers Launched": 3,
          "Single Copy": false,
          "Plans": [
            {
              "Node Type": "Aggregate",
              "Strategy": "Plain",
              "Partial Mode": "Partial",
              "Parent Relationship": "Outer",
              "Parallel Aware": false,
              "Startup Cost": 75433.14,
              "Total Cost": 75433.15,
              "Plan Rows": 1,
              "Plan Width": 8,
              "Actual Startup Time": 250.985,
              "Actual Total Time": 250.988,
              "Actual Rows": 1,
              "Actual Loops": 4,
              "Plans": [
                {
                  "Node Type": "Hash Join",
                  "Parent Relationship": "Outer",
                  "Parallel Aware": true,
                  "Join Type": "Inner",
                  "Startup Cost": 45053.57,
                  "Total Cost": 75302.55,
                  "Plan Rows": 52238,
                  "Plan Width": 0,
                  "Actual Startup Time": 139.442,
                  "Actual Total Time": 247.813,
                  "Actual Rows": 70889,
                  "Actual Loops": 4,
                  "Inner Unique": true,
                  "Hash Cond": "(mc.movie_id = t.id)",
                  "Plans": [
                    {
                      "Node Type": "Seq Scan",
                      "Parent Relationship": "Outer",
                      "Parallel Aware": true,
                      "Relation Name": "movie_companies",
                      "Alias": "mc",
                      "Startup Cost": 0.0,
                      "Total Cost": 29310.68,
                      "Plan Rows": 357447,
                      "Plan Width": 4,
                      "Actual Startup Time": 9.47,
                      "Actual Total Time": 65.617,
                      "Actual Rows": 278580,
                      "Actual Loops": 4,
                      "Filter": "(company_id > 13870)",
                      "Rows Removed by Filter": 373702
                    },
                    {
                      "Node Type": "Hash",
                      "Parent Relationship": "Inner",
                      "Parallel Aware": true,
                      "Startup Cost": 43898.92,
                      "Total Cost": 43898.92,
                      "Plan Rows": 92372,
                      "Plan Width": 4,
                      "Actual Startup Time": 126.495,
                      "Actual Total Time": 126.495,
                      "Actual Rows": 95358,
                      "Actual Loops": 4,
                      "Hash Buckets": 524288,
                      "Original Hash Buckets": 524288,
                      "Hash Batches": 1,
                      "Original Hash Batches": 1,
                      "Peak Memory Usage": 19104,
                      "Plans": [
                        {
                          "Node Type": "Seq Scan",
                          "Parent Relationship": "Outer",
                          "Parallel Aware": true,
                          "Relation Name": "title",
                          "Alias": "t",
                          "Startup Cost": 0.0,
                          "Total Cost": 43898.92,
                          "Plan Rows": 92372,
                          "Plan Width": 4,
                          "Actual Startup Time": 0.044,
                          "Actual Total Time": 96.724,
                          "Actual Rows": 95358,
                          "Actual Loops": 4,
                          "Filter": "(production_year < 1971)",
                          "Rows Removed by Filter": 536720
                        }
                      ]
                    }
                  ]
                }
              ]
            }
          ]
        }
      ]
    },
    "Planning Time": 0.592,
    "Triggers": [],
    "Execution Time": 277.964
  }
]