{
  "Plan": {
    "Node Type": "Aggregate",
    "Strategy": "Plain",
    "Partial Mode": "Finalize",
    "Parallel Aware": false,
    "Startup Cost": 185679.04,
    "Total Cost": 185679.05,
    "Plan Rows": 1,
    "Plan Width": 8,
    "Actual Startup Time": 539.745,
    "Actual Total Time": 559.587,
    "Actual Rows": 1,
    "Actual Loops": 1,
    "Plans": [
      {
        "Node Type": "Gather",
        "Parent Relationship": "Outer",
        "Parallel Aware": false,
        "Startup Cost": 185678.93,
        "Total Cost": 185679.04,
        "Plan Rows": 1,
        "Plan Width": 8,
        "Actual Startup Time": 538.653,
        "Actual Total Time": 559.581,
        "Actual Rows": 2,
        "Actual Loops": 1,
        "Workers Planned": 1,
        "Workers Launched": 1,
        "Single Copy": false,
        "Plans": [
          {
            "Node Type": "Aggregate",
            "Strategy": "Plain",
            "Partial Mode": "Partial",
            "Parent Relationship": "Outer",
            "Parallel Aware": false,
            "Startup Cost": 184678.93,
            "Total Cost": 184678.94,
            "Plan Rows": 1,
            "Plan Width": 8,
            "Actual Startup Time": 532.483,
            "Actual Total Time": 532.486,
            "Actual Rows": 1,
            "Actual Loops": 2,
            "Plans": [
              {
                "Node Type": "Nested Loop",
                "Parent Relationship": "Outer",
                "Parallel Aware": false,
                "Join Type": "Inner",
                "Startup Cost": 61910.47,
                "Total Cost": 184272.96,
                "Plan Rows": 162388,
                "Plan Width": 0,
                "Actual Startup Time": 213.617,
                "Actual Total Time": 523.823,
                "Actual Rows": 184947,
                "Actual Loops": 2,
                "Inner Unique": false,
                "Join Filter": "(t.id = mc.movie_id)",
                "Rows Removed by Join Filter": 0,
                "Plans": [
                  {
                    "Node Type": "Hash Join",
                    "Parent Relationship": "Outer",
                    "Parallel Aware": true,
                    "Join Type": "Inner",
                    "Startup Cost": 61910.04,
                    "Total Cost": 80093.83,
                    "Plan Rows": 157357,
                    "Plan Width": 8,
                    "Actual Startup Time": 213.56,
                    "Actual Total Time": 356.188,
                    "Actual Rows": 73768,
                    "Actual Loops": 2,
                    "Inner Unique": true,
                    "Hash Cond": "(mi_idx.movie_id = t.id)",
                    "Plans": [
                      {
                        "Node Type": "Seq Scan",
                        "Parent Relationship": "Outer",
                        "Parallel Aware": true,
                        "Relation Name": "movie_info_idx",
                        "Alias": "mi_idx",
                        "Startup Cost": 0.0,
                        "Total Cost": 16052.85,
                        "Plan Rows": 811785,
                        "Plan Width": 4,
                        "Actual Startup Time": 0.017,
                        "Actual Total Time": 46.993,
                        "Actual Rows": 690018,
                        "Actual Loops": 2
                      },
                      {
                        "Node Type": "Hash",
                        "Parent Relationship": "Inner",
                        "Parallel Aware": true,
                        "Startup Cost": 58306.47,
                        "Total Cost": 58306.47,
                        "Plan Rows": 288286,
                        "Plan Width": 4,
                        "Actual Startup Time": 207.969,
                        "Actual Total Time": 207.97,
                        "Actual Rows": 250890,
                        "Actual Loops": 2,
                        "Hash Buckets": 524288,
                        "Original Hash Buckets": 524288,
                        "Hash Batches": 1,
                        "Original Hash Batches": 1,
                        "Peak Memory Usage": 23744,
                        "Plans": [
                          {
                            "Node Type": "Seq Scan",
                            "Parent Relationship": "Outer",
                            "Parallel Aware": true,
                            "Relation Name": "title",
                            "Alias": "t",
                            "Startup Cost": 0.0,
                            "Total Cost": 58306.47,
                            "Plan Rows": 288286,
                            "Plan Width": 4,
                            "Actual Startup Time": 0.032,
                            "Actual Total Time": 150.721,
                            "Actual Rows": 250890,
                            "Actual Loops": 2,
                            "Filter": "((kind_id > 1) AND (production_year > 2008))",
                            "Rows Removed by Filter": 1013266
                          }
                        ]
                      }
                    ]
                  },
                  {
                    "Node Type": "Index Only Scan",
                    "Parent Relationship": "Inner",
                    "Parallel Aware": false,
                    "Scan Direction": "Forward",
                    "Index Name": "movie_id_movie_companies",
                    "Relation Name": "movie_companies",
                    "Alias": "mc",
                    "Startup Cost": 0.43,
                    "Total Cost": 0.6,
                    "Plan Rows": 5,
                    "Plan Width": 4,
                    "Actual Startup Time": 0.001,
                    "Actual Total Time": 0.002,
                    "Actual Rows": 3,
                    "Actual Loops": 147537,
                    "Index Cond": "(movie_id = mi_idx.movie_id)",
                    "Rows Removed by Index Recheck": 0,
                    "Heap Fetches": 369894
                  }
                ]
              }
            ]
          }
        ]
      }
    ]
  },
  "Planning Time": 1.091,
  "Triggers": [],
  "Execution Time": 559.706
}