[
    {
        "Bao": {
            "Bao prediction": "NaN",
            "Bao recommended hint": "(no hint)"
        }
    },
    {
        "Plan": {
            "Node Type": "Aggregate",
            "Strategy": "Plain",
            "Partial Mode": "Finalize",
            "Parallel Aware": false,
            "Startup Cost": 27330.81,
            "Total Cost": 27330.82,
            "Plan Rows": 1,
            "Plan Width": 8,
            "Actual Startup Time": 86.822,
            "Actual Total Time": 93.238,
            "Actual Rows": 1,
            "Actual Loops": 1,
            "Output": [
                "count(*)"
            ],
            "Plans": [
                {
                    "Node Type": "Gather",
                    "Parent Relationship": "Outer",
                    "Parallel Aware": false,
                    "Startup Cost": 27330.5,
                    "Total Cost": 27330.81,
                    "Plan Rows": 3,
                    "Plan Width": 8,
                    "Actual Startup Time": 86.46,
                    "Actual Total Time": 93.226,
                    "Actual Rows": 4,
                    "Actual Loops": 1,
                    "Output": [
                        "(PARTIAL count(*))"
                    ],
                    "Workers Planned": 3,
                    "Workers Launched": 3,
                    "Single Copy": false,
                    "Plans": [
                        {
                            "Node Type": "Aggregate",
                            "Strategy": "Plain",
                            "Partial Mode": "Partial",
                            "Parent Relationship": "Outer",
                            "Parallel Aware": false,
                            "Startup Cost": 26330.5,
                            "Total Cost": 26330.51,
                            "Plan Rows": 1,
                            "Plan Width": 8,
                            "Actual Startup Time": 77.365,
                            "Actual Total Time": 77.367,
                            "Actual Rows": 1,
                            "Actual Loops": 4,
                            "Output": [
                                "PARTIAL count(*)"
                            ],
                            "Workers": [
                                {
                                    "Worker Number": 0,
                                    "Actual Startup Time": 74.113,
                                    "Actual Total Time": 74.116,
                                    "Actual Rows": 1,
                                    "Actual Loops": 1
                                },
                                {
                                    "Worker Number": 1,
                                    "Actual Startup Time": 74.692,
                                    "Actual Total Time": 74.695,
                                    "Actual Rows": 1,
                                    "Actual Loops": 1
                                },
                                {
                                    "Worker Number": 2,
                                    "Actual Startup Time": 74.824,
                                    "Actual Total Time": 74.826,
                                    "Actual Rows": 1,
                                    "Actual Loops": 1
                                }
                            ],
                            "Plans": [
                                {
                                    "Node Type": "Bitmap Heap Scan",
                                    "Parent Relationship": "Outer",
                                    "Parallel Aware": true,
                                    "Relation Name": "movie_companies",
                                    "Schema": "public",
                                    "Alias": "mc",
                                    "Startup Cost": 6164.43,
                                    "Total Cost": 26101.15,
                                    "Plan Rows": 91738,
                                    "Plan Width": 0,
                                    "Actual Startup Time": 18.063,
                                    "Actual Total Time": 70.972,
                                    "Actual Rows": 69720,
                                    "Actual Loops": 4,
                                    "Recheck Cond": "(mc.company_id < 150)",
                                    "Rows Removed by Index Recheck": 0,
                                    "Exact Heap Blocks": 8527,
                                    "Lossy Heap Blocks": 0,
                                    "Workers": [
                                        {
                                            "Worker Number": 0,
                                            "Actual Startup Time": 14.965,
                                            "Actual Total Time": 68.629,
                                            "Actual Rows": 48851,
                                            "Actual Loops": 1
                                        },
                                        {
                                            "Worker Number": 1,
                                            "Actual Startup Time": 15.628,
                                            "Actual Total Time": 69.35,
                                            "Actual Rows": 41721,
                                            "Actual Loops": 1
                                        },
                                        {
                                            "Worker Number": 2,
                                            "Actual Startup Time": 15.559,
                                            "Actual Total Time": 69.201,
                                            "Actual Rows": 45931,
                                            "Actual Loops": 1
                                        }
                                    ],
                                    "Plans": [
                                        {
                                            "Node Type": "Bitmap Index Scan",
                                            "Parent Relationship": "Outer",
                                            "Parallel Aware": false,
                                            "Index Name": "company_id_movie_companies",
                                            "Startup Cost": 0.0,
                                            "Total Cost": 6093.33,
                                            "Plan Rows": 284387,
                                            "Plan Width": 0,
                                            "Actual Startup Time": 22.04,
                                            "Actual Total Time": 22.04,
                                            "Actual Rows": 278880,
                                            "Actual Loops": 1,
                                            "Index Cond": "(mc.company_id < 150)"
                                        }
                                    ]
                                }
                            ]
                        }
                    ]
                }
            ]
        },
        "Planning Time": 308.774,
        "Triggers": [],
        "Execution Time": 93.352
    }
]