[
  {
    "Plan": {
      "Node Type": "Aggregate",
      "Strategy": "Plain",
      "Partial Mode": "Simple",
      "Parallel Aware": false,
      "Startup Cost": 3019.29,
      "Total Cost": 3019.3,
      "Plan Rows": 1,
      "Plan Width": 8,
      "Actual Startup Time": 26.55,
      "Actual Total Time": 26.552,
      "Actual Rows": 1,
      "Actual Loops": 1,
      "Plans": [
        {
          "Node Type": "Nested Loop",
          "Parent Relationship": "Outer",
          "Parallel Aware": false,
          "Join Type": "Inner",
          "Startup Cost": 6.79,
          "Total Cost": 3019.22,
          "Plan Rows": 28,
          "Plan Width": 0,
          "Actual Startup Time": 17.111,
          "Actual Total Time": 26.426,
          "Actual Rows": 394,
          "Actual Loops": 1,
          "Inner Unique": true,
          "Plans": [
            {
              "Node Type": "Bitmap Heap Scan",
              "Parent Relationship": "Outer",
              "Parallel Aware": false,
              "Relation Name": "movie_keyword",
              "Alias": "mk",
              "Startup Cost": 6.36,
              "Total Cost": 926.55,
              "Plan Rows": 249,
              "Plan Width": 4,
              "Actual Startup Time": 13.106,
              "Actual Total Time": 16.661,
              "Actual Rows": 929,
              "Actual Loops": 1,
              "Recheck Cond": "(keyword_id = 4314)",
              "Rows Removed by Index Recheck": 0,
              "Exact Heap Blocks": 900,
              "Lossy Heap Blocks": 0,
              "Plans": [
                {
                  "Node Type": "Bitmap Index Scan",
                  "Parent Relationship": "Outer",
                  "Parallel Aware": false,
                  "Index Name": "keyword_id_movie_keyword",
                  "Startup Cost": 0.0,
                  "Total Cost": 6.3,
                  "Plan Rows": 249,
                  "Plan Width": 0,
                  "Actual Startup Time": 12.788,
                  "Actual Total Time": 12.789,
                  "Actual Rows": 929,
                  "Actual Loops": 1,
                  "Index Cond": "(keyword_id = 4314)"
                }
              ]
            },
            {
              "Node Type": "Index Scan",
              "Parent Relationship": "Inner",
              "Parallel Aware": false,
              "Scan Direction": "Forward",
              "Index Name": "title_pkey",
              "Relation Name": "title",
              "Alias": "t",
              "Startup Cost": 0.43,
              "Total Cost": 8.4,
              "Plan Rows": 1,
              "Plan Width": 4,
              "Actual Startup Time": 0.01,
              "Actual Total Time": 0.01,
              "Actual Rows": 0,
              "Actual Loops": 929,
              "Index Cond": "(id = mk.movie_id)",
              "Rows Removed by Index Recheck": 0,
              "Filter": "((kind_id < 7) AND (production_year < 1993))",
              "Rows Removed by Filter": 1
            }
          ]
        }
      ]
    },
    "Planning Time": 0.641,
    "Triggers": [],
    "Execution Time": 26.633
  }
]