{
  "Plan": {
    "Node Type": "Aggregate",
    "Strategy": "Plain",
    "Partial Mode": "Finalize",
    "Parallel Aware": false,
    "Startup Cost": 100960.74,
    "Total Cost": 100960.75,
    "Plan Rows": 1,
    "Plan Width": 8,
    "Actual Startup Time": 490.021,
    "Actual Total Time": 511.466,
    "Actual Rows": 1,
    "Actual Loops": 1,
    "Plans": [
      {
        "Node Type": "Gather",
        "Parent Relationship": "Outer",
        "Parallel Aware": false,
        "Startup Cost": 100960.63,
        "Total Cost": 100960.74,
        "Plan Rows": 1,
        "Plan Width": 8,
        "Actual Startup Time": 489.682,
        "Actual Total Time": 511.458,
        "Actual Rows": 2,
        "Actual Loops": 1,
        "Workers Planned": 1,
        "Workers Launched": 1,
        "Single Copy": false,
        "Plans": [
          {
            "Node Type": "Aggregate",
            "Strategy": "Plain",
            "Partial Mode": "Partial",
            "Parent Relationship": "Outer",
            "Parallel Aware": false,
            "Startup Cost": 99960.63,
            "Total Cost": 99960.64,
            "Plan Rows": 1,
            "Plan Width": 8,
            "Actual Startup Time": 483.564,
            "Actual Total Time": 483.569,
            "Actual Rows": 1,
            "Actual Loops": 2,
            "Plans": [
              {
                "Node Type": "Nested Loop",
                "Parent Relationship": "Outer",
                "Parallel Aware": false,
                "Join Type": "Inner",
                "Startup Cost": 20158.24,
                "Total Cost": 99951.22,
                "Plan Rows": 3763,
                "Plan Width": 0,
                "Actual Startup Time": 185.439,
                "Actual Total Time": 482.383,
                "Actual Rows": 15610,
                "Actual Loops": 2,
                "Inner Unique": false,
                "Plans": [
                  {
                    "Node Type": "Hash Join",
                    "Parent Relationship": "Outer",
                    "Parallel Aware": true,
                    "Join Type": "Inner",
                    "Startup Cost": 20157.8,
                    "Total Cost": 80393.59,
                    "Plan Rows": 11947,
                    "Plan Width": 8,
                    "Actual Startup Time": 185.351,
                    "Actual Total Time": 275.001,
                    "Actual Rows": 18758,
                    "Actual Loops": 2,
                    "Inner Unique": false,
                    "Hash Cond": "(t.id = mc.movie_id)",
                    "Plans": [
                      {
                        "Node Type": "Seq Scan",
                        "Parent Relationship": "Outer",
                        "Parallel Aware": true,
                        "Relation Name": "title",
                        "Alias": "t",
                        "Startup Cost": 0.0,
                        "Total Cost": 50870.31,
                        "Plan Rows": 1487231,
                        "Plan Width": 4,
                        "Actual Startup Time": 0.011,
                        "Actual Total Time": 112.148,
                        "Actual Rows": 1264156,
                        "Actual Loops": 2
                      },
                      {
                        "Node Type": "Hash",
                        "Parent Relationship": "Inner",
                        "Parallel Aware": true,
                        "Startup Cost": 20008.47,
                        "Total Cost": 20008.47,
                        "Plan Rows": 11947,
                        "Plan Width": 4,
                        "Actual Startup Time": 25.153,
                        "Actual Total Time": 25.155,
                        "Actual Rows": 18758,
                        "Actual Loops": 2,
                        "Hash Buckets": 65536,
                        "Original Hash Buckets": 32768,
                        "Hash Batches": 1,
                        "Original Hash Batches": 1,
                        "Peak Memory Usage": 2272,
                        "Plans": [
                          {
                            "Node Type": "Bitmap Heap Scan",
                            "Parent Relationship": "Outer",
                            "Parallel Aware": true,
                            "Relation Name": "movie_companies",
                            "Alias": "mc",
                            "Startup Cost": 865.51,
                            "Total Cost": 20008.47,
                            "Plan Rows": 11947,
                            "Plan Width": 4,
                            "Actual Startup Time": 3.098,
                            "Actual Total Time": 16.195,
                            "Actual Rows": 18758,
                            "Actual Loops": 2,
                            "Recheck Cond": "(company_id > 201445)",
                            "Rows Removed by Index Recheck": 0,
                            "Filter": "(company_type_id > 1)",
                            "Rows Removed by Filter": 0,
                            "Exact Heap Blocks": 1114,
                            "Lossy Heap Blocks": 0,
                            "Plans": [
                              {
                                "Node Type": "Bitmap Index Scan",
                                "Parent Relationship": "Outer",
                                "Parallel Aware": false,
                                "Index Name": "company_id_movie_companies",
                                "Startup Cost": 0.0,
                                "Total Cost": 860.44,
                                "Plan Rows": 40001,
                                "Plan Width": 0,
                                "Actual Startup Time": 5.318,
                                "Actual Total Time": 5.318,
                                "Actual Rows": 37516,
                                "Actual Loops": 1,
                                "Index Cond": "(company_id > 201445)"
                              }
                            ]
                          }
                        ]
                      }
                    ]
                  },
                  {
                    "Node Type": "Index Scan",
                    "Parent Relationship": "Inner",
                    "Parallel Aware": false,
                    "Scan Direction": "Forward",
                    "Index Name": "movie_id_movie_info",
                    "Relation Name": "movie_info",
                    "Alias": "mi",
                    "Startup Cost": 0.43,
                    "Total Cost": 1.62,
                    "Plan Rows": 2,
                    "Plan Width": 4,
                    "Actual Startup Time": 0.005,
                    "Actual Total Time": 0.011,
                    "Actual Rows": 1,
                    "Actual Loops": 37516,
                    "Index Cond": "(movie_id = t.id)",
                    "Rows Removed by Index Recheck": 0,
                    "Filter": "(info_type_id = 1)",
                    "Rows Removed by Filter": 18
                  }
                ]
              }
            ]
          }
        ]
      }
    ]
  },
  "Planning Time": 0.938,
  "Triggers": [],
  "Execution Time": 511.573
}