[
    {
        "Bao": {
            "Bao prediction": "NaN",
            "Bao recommended hint": "(no hint)"
        }
    },
    {
        "Plan": {
            "Node Type": "Aggregate",
            "Strategy": "Plain",
            "Partial Mode": "Finalize",
            "Parallel Aware": false,
            "Startup Cost": 330230.43,
            "Total Cost": 330230.44,
            "Plan Rows": 1,
            "Plan Width": 8,
            "Actual Startup Time": 3659.575,
            "Actual Total Time": 3733.812,
            "Actual Rows": 1,
            "Actual Loops": 1,
            "Output": [
                "count(*)"
            ],
            "Plans": [
                {
                    "Node Type": "Gather",
                    "Parent Relationship": "Outer",
                    "Parallel Aware": false,
                    "Startup Cost": 330230.01,
                    "Total Cost": 330230.42,
                    "Plan Rows": 4,
                    "Plan Width": 8,
                    "Actual Startup Time": 3655.97,
                    "Actual Total Time": 3733.804,
                    "Actual Rows": 5,
                    "Actual Loops": 1,
                    "Output": [
                        "(PARTIAL count(*))"
                    ],
                    "Workers Planned": 4,
                    "Workers Launched": 4,
                    "Single Copy": false,
                    "Plans": [
                        {
                            "Node Type": "Aggregate",
                            "Strategy": "Plain",
                            "Partial Mode": "Partial",
                            "Parent Relationship": "Outer",
                            "Parallel Aware": false,
                            "Startup Cost": 329230.01,
                            "Total Cost": 329230.02,
                            "Plan Rows": 1,
                            "Plan Width": 8,
                            "Actual Startup Time": 3646.905,
                            "Actual Total Time": 3646.908,
                            "Actual Rows": 1,
                            "Actual Loops": 5,
                            "Output": [
                                "PARTIAL count(*)"
                            ],
                            "Workers": [
                                {
                                    "Worker Number": 0,
                                    "Actual Startup Time": 3644.376,
                                    "Actual Total Time": 3644.379,
                                    "Actual Rows": 1,
                                    "Actual Loops": 1
                                },
                                {
                                    "Worker Number": 1,
                                    "Actual Startup Time": 3644.691,
                                    "Actual Total Time": 3644.694,
                                    "Actual Rows": 1,
                                    "Actual Loops": 1
                                },
                                {
                                    "Worker Number": 2,
                                    "Actual Startup Time": 3644.697,
                                    "Actual Total Time": 3644.7,
                                    "Actual Rows": 1,
                                    "Actual Loops": 1
                                },
                                {
                                    "Worker Number": 3,
                                    "Actual Startup Time": 3645.113,
                                    "Actual Total Time": 3645.117,
                                    "Actual Rows": 1,
                                    "Actual Loops": 1
                                }
                            ],
                            "Plans": [
                                {
                                    "Node Type": "Nested Loop",
                                    "Parent Relationship": "Outer",
                                    "Parallel Aware": false,
                                    "Join Type": "Inner",
                                    "Startup Cost": 17512.67,
                                    "Total Cost": 325391.33,
                                    "Plan Rows": 1535475,
                                    "Plan Width": 0,
                                    "Actual Startup Time": 71.024,
                                    "Actual Total Time": 3528.614,
                                    "Actual Rows": 2536922,
                                    "Actual Loops": 5,
                                    "Inner Unique": false,
                                    "Workers": [
                                        {
                                            "Worker Number": 0,
                                            "Actual Startup Time": 68.601,
                                            "Actual Total Time": 3513.034,
                                            "Actual Rows": 2175221,
                                            "Actual Loops": 1
                                        },
                                        {
                                            "Worker Number": 1,
                                            "Actual Startup Time": 68.568,
                                            "Actual Total Time": 3528.943,
                                            "Actual Rows": 2575520,
                                            "Actual Loops": 1
                                        },
                                        {
                                            "Worker Number": 2,
                                            "Actual Startup Time": 68.959,
                                            "Actual Total Time": 3536.662,
                                            "Actual Rows": 2461202,
                                            "Actual Loops": 1
                                        },
                                        {
                                            "Worker Number": 3,
                                            "Actual Startup Time": 69.252,
                                            "Actual Total Time": 3528.557,
                                            "Actual Rows": 2606904,
                                            "Actual Loops": 1
                                        }
                                    ],
                                    "Plans": [
                                        {
                                            "Node Type": "Hash Join",
                                            "Parent Relationship": "Outer",
                                            "Parallel Aware": true,
                                            "Join Type": "Inner",
                                            "Startup Cost": 17512.11,
                                            "Total Cost": 62679.09,
                                            "Plan Rows": 114692,
                                            "Plan Width": 8,
                                            "Actual Startup Time": 70.94,
                                            "Actual Total Time": 360.498,
                                            "Actual Rows": 91985,
                                            "Actual Loops": 5,
                                            "Output": [
                                                "t.id",
                                                "mi_idx.movie_id"
                                            ],
                                            "Inner Unique": false,
                                            "Hash Cond": "(t.id = mi_idx.movie_id)",
                                            "Workers": [
                                                {
                                                    "Worker Number": 0,
                                                    "Actual Startup Time": 68.507,
                                                    "Actual Total Time": 354.357,
                                                    "Actual Rows": 79160,
                                                    "Actual Loops": 1
                                                },
                                                {
                                                    "Worker Number": 1,
                                                    "Actual Startup Time": 68.466,
                                                    "Actual Total Time": 362.87,
                                                    "Actual Rows": 93704,
                                                    "Actual Loops": 1
                                                },
                                                {
                                                    "Worker Number": 2,
                                                    "Actual Startup Time": 68.85,
                                                    "Actual Total Time": 349.271,
                                                    "Actual Rows": 89103,
                                                    "Actual Loops": 1
                                                },
                                                {
                                                    "Worker Number": 3,
                                                    "Actual Startup Time": 69.158,
                                                    "Actual Total Time": 361.445,
                                                    "Actual Rows": 94537,
                                                    "Actual Loops": 1
                                                }
                                            ],
                                            "Plans": [
                                                {
                                                    "Node Type": "Seq Scan",
                                                    "Parent Relationship": "Outer",
                                                    "Parallel Aware": true,
                                                    "Relation Name": "title",
                                                    "Schema": "public",
                                                    "Alias": "t",
                                                    "Startup Cost": 0.0,
                                                    "Total Cost": 42318.81,
                                                    "Plan Rows": 632080,
                                                    "Plan Width": 4,
                                                    "Actual Startup Time": 0.012,
                                                    "Actual Total Time": 59.54,
                                                    "Actual Rows": 505662,
                                                    "Actual Loops": 5,
                                                    "Output": [
                                                        "t.id",
                                                        "t.title",
                                                        "t.imdb_index",
                                                        "t.kind_id",
                                                        "t.production_year",
                                                        "t.imdb_id",
                                                        "t.phonetic_code",
                                                        "t.episode_of_id",
                                                        "t.season_nr",
                                                        "t.episode_nr",
                                                        "t.series_years",
                                                        "t.md5sum"
                                                    ],
                                                    "Workers": [
                                                        {
                                                            "Worker Number": 0,
                                                            "Actual Startup Time": 0.017,
                                                            "Actual Total Time": 67.195,
                                                            "Actual Rows": 412502,
                                                            "Actual Loops": 1
                                                        },
                                                        {
                                                            "Worker Number": 1,
                                                            "Actual Startup Time": 0.014,
                                                            "Actual Total Time": 60.542,
                                                            "Actual Rows": 519440,
                                                            "Actual Loops": 1
                                                        },
                                                        {
                                                            "Worker Number": 2,
                                                            "Actual Startup Time": 0.015,
                                                            "Actual Total Time": 60.118,
                                                            "Actual Rows": 488557,
                                                            "Actual Loops": 1
                                                        },
                                                        {
                                                            "Worker Number": 3,
                                                            "Actual Startup Time": 0.01,
                                                            "Actual Total Time": 60.355,
                                                            "Actual Rows": 520759,
                                                            "Actual Loops": 1
                                                        }
                                                    ]
                                                },
                                                {
                                                    "Node Type": "Hash",
                                                    "Parent Relationship": "Inner",
                                                    "Parallel Aware": true,
                                                    "Startup Cost": 15122.68,
                                                    "Total Cost": 15122.68,
                                                    "Plan Rows": 191154,
                                                    "Plan Width": 4,
                                                    "Actual Startup Time": 69.28,
                                                    "Actual Total Time": 69.281,
                                                    "Actual Rows": 91985,
                                                    "Actual Loops": 5,
                                                    "Output": [
                                                        "mi_idx.movie_id"
                                                    ],
                                                    "Hash Buckets": 524288,
                                                    "Original Hash Buckets": 524288,
                                                    "Hash Batches": 1,
                                                    "Original Hash Batches": 1,
                                                    "Peak Memory Usage": 22176,
                                                    "Workers": [
                                                        {
                                                            "Worker Number": 0,
                                                            "Actual Startup Time": 67.975,
                                                            "Actual Total Time": 67.976,
                                                            "Actual Rows": 65854,
                                                            "Actual Loops": 1
                                                        },
                                                        {
                                                            "Worker Number": 1,
                                                            "Actual Startup Time": 68.014,
                                                            "Actual Total Time": 68.015,
                                                            "Actual Rows": 77163,
                                                            "Actual Loops": 1
                                                        },
                                                        {
                                                            "Worker Number": 2,
                                                            "Actual Startup Time": 68.319,
                                                            "Actual Total Time": 68.32,
                                                            "Actual Rows": 81926,
                                                            "Actual Loops": 1
                                                        },
                                                        {
                                                            "Worker Number": 3,
                                                            "Actual Startup Time": 68.74,
                                                            "Actual Total Time": 68.742,
                                                            "Actual Rows": 83888,
                                                            "Actual Loops": 1
                                                        }
                                                    ],
                                                    "Plans": [
                                                        {
                                                            "Node Type": "Seq Scan",
                                                            "Parent Relationship": "Outer",
                                                            "Parallel Aware": true,
                                                            "Relation Name": "movie_info_idx",
                                                            "Schema": "public",
                                                            "Alias": "mi_idx",
                                                            "Startup Cost": 0.0,
                                                            "Total Cost": 15122.68,
                                                            "Plan Rows": 191154,
                                                            "Plan Width": 4,
                                                            "Actual Startup Time": 0.05,
                                                            "Actual Total Time": 36.182,
                                                            "Actual Rows": 91985,
                                                            "Actual Loops": 5,
                                                            "Output": [
                                                                "mi_idx.movie_id"
                                                            ],
                                                            "Filter": "(mi_idx.info_type_id = 99)",
                                                            "Rows Removed by Filter": 184022,
                                                            "Workers": [
                                                                {
                                                                    "Worker Number": 0,
                                                                    "Actual Startup Time": 0.06,
                                                                    "Actual Total Time": 37.441,
                                                                    "Actual Rows": 65854,
                                                                    "Actual Loops": 1
                                                                },
                                                                {
                                                                    "Worker Number": 1,
                                                                    "Actual Startup Time": 0.052,
                                                                    "Actual Total Time": 35.971,
                                                                    "Actual Rows": 77163,
                                                                    "Actual Loops": 1
                                                                },
                                                                {
                                                                    "Worker Number": 2,
                                                                    "Actual Startup Time": 0.057,
                                                                    "Actual Total Time": 36.442,
                                                                    "Actual Rows": 81926,
                                                                    "Actual Loops": 1
                                                                },
                                                                {
                                                                    "Worker Number": 3,
                                                                    "Actual Startup Time": 0.067,
                                                                    "Actual Total Time": 36.424,
                                                                    "Actual Rows": 83888,
                                                                    "Actual Loops": 1
                                                                }
                                                            ]
                                                        }
                                                    ]
                                                }
                                            ]
                                        },
                                        {
                                            "Node Type": "Index Scan",
                                            "Parent Relationship": "Inner",
                                            "Parallel Aware": false,
                                            "Scan Direction": "Forward",
                                            "Index Name": "movie_id_cast_info",
                                            "Relation Name": "cast_info",
                                            "Schema": "public",
                                            "Alias": "ci",
                                            "Startup Cost": 0.56,
                                            "Total Cost": 1.93,
                                            "Plan Rows": 36,
                                            "Plan Width": 4,
                                            "Actual Startup Time": 0.008,
                                            "Actual Total Time": 0.032,
                                            "Actual Rows": 28,
                                            "Actual Loops": 459925,
                                            "Output": [
                                                "ci.id",
                                                "ci.person_id",
                                                "ci.movie_id",
                                                "ci.person_role_id",
                                                "ci.note",
                                                "ci.nr_order",
                                                "ci.role_id"
                                            ],
                                            "Index Cond": "(ci.movie_id = t.id)",
                                            "Rows Removed by Index Recheck": 0,
                                            "Filter": "(ci.person_id > 234020)",
                                            "Rows Removed by Filter": 2,
                                            "Workers": [
                                                {
                                                    "Worker Number": 0,
                                                    "Actual Startup Time": 0.01,
                                                    "Actual Total Time": 0.037,
                                                    "Actual Rows": 27,
                                                    "Actual Loops": 79160
                                                },
                                                {
                                                    "Worker Number": 1,
                                                    "Actual Startup Time": 0.008,
                                                    "Actual Total Time": 0.032,
                                                    "Actual Rows": 27,
                                                    "Actual Loops": 93704
                                                },
                                                {
                                                    "Worker Number": 2,
                                                    "Actual Startup Time": 0.009,
                                                    "Actual Total Time": 0.034,
                                                    "Actual Rows": 28,
                                                    "Actual Loops": 89103
                                                },
                                                {
                                                    "Worker Number": 3,
                                                    "Actual Startup Time": 0.008,
                                                    "Actual Total Time": 0.031,
                                                    "Actual Rows": 28,
                                                    "Actual Loops": 94537
                                                }
                                            ]
                                        }
                                    ]
                                }
                            ]
                        }
                    ]
                }
            ]
        },
        "Planning Time": 192.655,
        "Triggers": [],
        "Execution Time": 3733.903
    }
]