[
  {
    "Plan": {
      "Node Type": "Aggregate",
      "Strategy": "Plain",
      "Partial Mode": "Finalize",
      "Parallel Aware": false,
      "Startup Cost": 45214.62,
      "Total Cost": 45214.63,
      "Plan Rows": 1,
      "Plan Width": 8,
      "Actual Startup Time": 153.591,
      "Actual Total Time": 163.287,
      "Actual Rows": 1,
      "Actual Loops": 1,
      "Plans": [
        {
          "Node Type": "Gather",
          "Parent Relationship": "Outer",
          "Parallel Aware": false,
          "Startup Cost": 45214.3,
          "Total Cost": 45214.61,
          "Plan Rows": 3,
          "Plan Width": 8,
          "Actual Startup Time": 153.465,
          "Actual Total Time": 163.263,
          "Actual Rows": 4,
          "Actual Loops": 1,
          "Workers Planned": 3,
          "Workers Launched": 3,
          "Single Copy": false,
          "Plans": [
            {
              "Node Type": "Aggregate",
              "Strategy": "Plain",
              "Partial Mode": "Partial",
              "Parent Relationship": "Outer",
              "Parallel Aware": false,
              "Startup Cost": 44214.3,
              "Total Cost": 44214.31,
              "Plan Rows": 1,
              "Plan Width": 8,
              "Actual Startup Time": 146.156,
              "Actual Total Time": 146.16,
              "Actual Rows": 1,
              "Actual Loops": 4,
              "Plans": [
                {
                  "Node Type": "Seq Scan",
                  "Parent Relationship": "Outer",
                  "Parallel Aware": true,
                  "Relation Name": "movie_keyword",
                  "Alias": "mk",
                  "Startup Cost": 0.0,
                  "Total Cost": 42695.65,
                  "Plan Rows": 607460,
                  "Plan Width": 0,
                  "Actual Startup Time": 1.074,
                  "Actual Total Time": 121.309,
                  "Actual Rows": 471932,
                  "Actual Loops": 4,
                  "Filter": "(keyword_id > 7247)",
                  "Rows Removed by Filter": 659050
                }
              ]
            }
          ]
        }
      ]
    },
    "Planning Time": 0.185,
    "Triggers": [],
    "Execution Time": 163.343
  }
]