[
  {
    "Plan": {
      "Node Type": "Aggregate",
      "Strategy": "Plain",
      "Partial Mode": "Finalize",
      "Parallel Aware": false,
      "Startup Cost": 205669.88,
      "Total Cost": 205669.89,
      "Plan Rows": 1,
      "Plan Width": 8,
      "Actual Startup Time": 591.214,
      "Actual Total Time": 634.893,
      "Actual Rows": 1,
      "Actual Loops": 1,
      "Plans": [
        {
          "Node Type": "Gather",
          "Parent Relationship": "Outer",
          "Parallel Aware": false,
          "Startup Cost": 205669.56,
          "Total Cost": 205669.87,
          "Plan Rows": 3,
          "Plan Width": 8,
          "Actual Startup Time": 588.268,
          "Actual Total Time": 634.882,
          "Actual Rows": 4,
          "Actual Loops": 1,
          "Workers Planned": 3,
          "Workers Launched": 3,
          "Single Copy": false,
          "Plans": [
            {
              "Node Type": "Aggregate",
              "Strategy": "Plain",
              "Partial Mode": "Partial",
              "Parent Relationship": "Outer",
              "Parallel Aware": false,
              "Startup Cost": 204669.56,
              "Total Cost": 204669.57,
              "Plan Rows": 1,
              "Plan Width": 8,
              "Actual Startup Time": 579.312,
              "Actual Total Time": 579.32,
              "Actual Rows": 1,
              "Actual Loops": 4,
              "Plans": [
                {
                  "Node Type": "Nested Loop",
                  "Parent Relationship": "Outer",
                  "Parallel Aware": false,
                  "Join Type": "Inner",
                  "Startup Cost": 45573.28,
                  "Total Cost": 204524.1,
                  "Plan Rows": 58186,
                  "Plan Width": 0,
                  "Actual Startup Time": 180.568,
                  "Actual Total Time": 570.63,
                  "Actual Rows": 158108,
                  "Actual Loops": 4,
                  "Inner Unique": false,
                  "Join Filter": "(t.id = mi.movie_id)",
                  "Rows Removed by Join Filter": 0,
                  "Plans": [
                    {
                      "Node Type": "Hash Join",
                      "Parent Relationship": "Outer",
                      "Parallel Aware": true,
                      "Join Type": "Inner",
                      "Startup Cost": 45572.84,
                      "Total Cost": 77598.82,
                      "Plan Rows": 49327,
                      "Plan Width": 8,
                      "Actual Startup Time": 180.447,
                      "Actual Total Time": 282.731,
                      "Actual Rows": 14971,
                      "Actual Loops": 4,
                      "Inner Unique": true,
                      "Hash Cond": "(mc.movie_id = t.id)",
                      "Plans": [
                        {
                          "Node Type": "Seq Scan",
                          "Parent Relationship": "Outer",
                          "Parallel Aware": true,
                          "Relation Name": "movie_companies",
                          "Alias": "mc",
                          "Startup Cost": 0.0,
                          "Total Cost": 31414.82,
                          "Plan Rows": 232823,
                          "Plan Width": 4,
                          "Actual Startup Time": 6.564,
                          "Actual Total Time": 72.075,
                          "Actual Rows": 126172,
                          "Actual Loops": 4,
                          "Filter": "((company_id > 8635) AND (company_type_id < 2))",
                          "Rows Removed by Filter": 526111
                        },
                        {
                          "Node Type": "Hash",
                          "Parent Relationship": "Inner",
                          "Parallel Aware": true,
                          "Startup Cost": 43898.92,
                          "Total Cost": 43898.92,
                          "Plan Rows": 133914,
                          "Plan Width": 4,
                          "Actual Startup Time": 168.983,
                          "Actual Total Time": 168.986,
                          "Actual Rows": 133342,
                          "Actual Loops": 4,
                          "Hash Buckets": 1048576,
                          "Original Hash Buckets": 1048576,
                          "Hash Batches": 1,
                          "Original Hash Batches": 1,
                          "Peak Memory Usage": 29120,
                          "Plans": [
                            {
                              "Node Type": "Seq Scan",
                              "Parent Relationship": "Outer",
                              "Parallel Aware": true,
                              "Relation Name": "title",
                              "Alias": "t",
                              "Startup Cost": 0.0,
                              "Total Cost": 43898.92,
                              "Plan Rows": 133914,
                              "Plan Width": 4,
                              "Actual Startup Time": 0.041,
                              "Actual Total Time": 109.683,
                              "Actual Rows": 133342,
                              "Actual Loops": 4,
                              "Filter": "(production_year > 2009)",
                              "Rows Removed by Filter": 498736
                            }
                          ]
                        }
                      ]
                    },
                    {
                      "Node Type": "Index Scan",
                      "Parent Relationship": "Inner",
                      "Parallel Aware": false,
                      "Scan Direction": "Forward",
                      "Index Name": "movie_id_movie_info",
                      "Relation Name": "movie_info",
                      "Alias": "mi",
                      "Startup Cost": 0.43,
                      "Total Cost": 2.47,
                      "Plan Rows": 8,
                      "Plan Width": 4,
                      "Actual Startup Time": 0.009,
                      "Actual Total Time": 0.018,
                      "Actual Rows": 11,
                      "Actual Loops": 59884,
                      "Index Cond": "(movie_id = mc.movie_id)",
                      "Rows Removed by Index Recheck": 0,
                      "Filter": "(info_type_id = 16)",
                      "Rows Removed by Filter": 33
                    }
                  ]
                }
              ]
            }
          ]
        }
      ]
    },
    "Planning Time": 1.474,
    "Triggers": [],
    "Execution Time": 634.993
  }
]