[
  {
    "Plan": {
      "Node Type": "Aggregate",
      "Strategy": "Plain",
      "Partial Mode": "Finalize",
      "Parallel Aware": false,
      "Startup Cost": 30909.44,
      "Total Cost": 30909.45,
      "Plan Rows": 1,
      "Plan Width": 8,
      "Actual Startup Time": 81.449,
      "Actual Total Time": 88.207,
      "Actual Rows": 1,
      "Actual Loops": 1,
      "Plans": [
        {
          "Node Type": "Gather",
          "Parent Relationship": "Outer",
          "Parallel Aware": false,
          "Startup Cost": 30909.12,
          "Total Cost": 30909.43,
          "Plan Rows": 3,
          "Plan Width": 8,
          "Actual Startup Time": 81.379,
          "Actual Total Time": 88.199,
          "Actual Rows": 4,
          "Actual Loops": 1,
          "Workers Planned": 3,
          "Workers Launched": 3,
          "Single Copy": false,
          "Plans": [
            {
              "Node Type": "Aggregate",
              "Strategy": "Plain",
              "Partial Mode": "Partial",
              "Parent Relationship": "Outer",
              "Parallel Aware": false,
              "Startup Cost": 29909.12,
              "Total Cost": 29909.13,
              "Plan Rows": 1,
              "Plan Width": 8,
              "Actual Startup Time": 75.001,
              "Actual Total Time": 75.002,
              "Actual Rows": 1,
              "Actual Loops": 4,
              "Plans": [
                {
                  "Node Type": "Seq Scan",
                  "Parent Relationship": "Outer",
                  "Parallel Aware": true,
                  "Relation Name": "movie_companies",
                  "Alias": "mc",
                  "Startup Cost": 0.0,
                  "Total Cost": 29310.68,
                  "Plan Rows": 239377,
                  "Plan Width": 0,
                  "Actual Startup Time": 18.445,
                  "Actual Total Time": 67.222,
                  "Actual Rows": 184086,
                  "Actual Loops": 4,
                  "Filter": "(company_id > 39418)",
                  "Rows Removed by Filter": 468196
                }
              ]
            }
          ]
        }
      ]
    },
    "Planning Time": 0.069,
    "Triggers": [],
    "Execution Time": 88.227
  }
]