[
  {
    "Plan": {
      "Node Type": "Aggregate",
      "Strategy": "Plain",
      "Partial Mode": "Finalize",
      "Parallel Aware": false,
      "Startup Cost": 437443.53,
      "Total Cost": 437443.54,
      "Plan Rows": 1,
      "Plan Width": 8,
      "Actual Startup Time": 1433.619,
      "Actual Total Time": 1490.686,
      "Actual Rows": 1,
      "Actual Loops": 1,
      "Plans": [
        {
          "Node Type": "Gather",
          "Parent Relationship": "Outer",
          "Parallel Aware": false,
          "Startup Cost": 437442.91,
          "Total Cost": 437443.52,
          "Plan Rows": 6,
          "Plan Width": 8,
          "Actual Startup Time": 1430.747,
          "Actual Total Time": 1490.672,
          "Actual Rows": 7,
          "Actual Loops": 1,
          "Workers Planned": 6,
          "Workers Launched": 6,
          "Single Copy": false,
          "Plans": [
            {
              "Node Type": "Aggregate",
              "Strategy": "Plain",
              "Partial Mode": "Partial",
              "Parent Relationship": "Outer",
              "Parallel Aware": false,
              "Startup Cost": 436442.91,
              "Total Cost": 436442.92,
              "Plan Rows": 1,
              "Plan Width": 8,
              "Actual Startup Time": 1422.14,
              "Actual Total Time": 1422.229,
              "Actual Rows": 1,
              "Actual Loops": 7,
              "Plans": [
                {
                  "Node Type": "Hash Join",
                  "Parent Relationship": "Outer",
                  "Parallel Aware": true,
                  "Join Type": "Inner",
                  "Startup Cost": 93865.78,
                  "Total Cost": 433468.09,
                  "Plan Rows": 1189928,
                  "Plan Width": 0,
                  "Actual Startup Time": 234.187,
                  "Actual Total Time": 1396.623,
                  "Actual Rows": 561342,
                  "Actual Loops": 7,
                  "Inner Unique": false,
                  "Hash Cond": "(ci.movie_id = t.id)",
                  "Plans": [
                    {
                      "Node Type": "Seq Scan",
                      "Parent Relationship": "Outer",
                      "Parallel Aware": true,
                      "Relation Name": "cast_info",
                      "Alias": "ci",
                      "Startup Cost": 0.0,
                      "Total Cost": 313106.51,
                      "Plan Rows": 6041951,
                      "Plan Width": 4,
                      "Actual Startup Time": 0.048,
                      "Actual Total Time": 522.44,
                      "Actual Rows": 5177763,
                      "Actual Loops": 7
                    },
                    {
                      "Node Type": "Hash",
                      "Parent Relationship": "Inner",
                      "Parallel Aware": true,
                      "Startup Cost": 91857.88,
                      "Total Cost": 91857.88,
                      "Plan Rows": 160632,
                      "Plan Width": 8,
                      "Actual Startup Time": 232.176,
                      "Actual Total Time": 232.263,
                      "Actual Rows": 27101,
                      "Actual Loops": 7,
                      "Hash Buckets": 524288,
                      "Original Hash Buckets": 524288,
                      "Hash Batches": 1,
                      "Original Hash Batches": 1,
                      "Peak Memory Usage": 11616,
                      "Plans": [
                        {
                          "Node Type": "Hash Join",
                          "Parent Relationship": "Outer",
                          "Parallel Aware": true,
                          "Join Type": "Inner",
                          "Startup Cost": 47078.39,
                          "Total Cost": 91857.88,
                          "Plan Rows": 160632,
                          "Plan Width": 8,
                          "Actual Startup Time": 110.997,
                          "Actual Total Time": 222.622,
                          "Actual Rows": 27101,
                          "Actual Loops": 7,
                          "Inner Unique": true,
                          "Hash Cond": "(mk.movie_id = t.id)",
                          "Plans": [
                            {
                              "Node Type": "Seq Scan",
                              "Parent Relationship": "Outer",
                              "Parallel Aware": true,
                              "Relation Name": "movie_keyword",
                              "Alias": "mk",
                              "Startup Cost": 0.0,
                              "Total Cost": 42695.65,
                              "Plan Rows": 793844,
                              "Plan Width": 4,
                              "Actual Startup Time": 0.04,
                              "Actual Total Time": 70.812,
                              "Actual Rows": 353954,
                              "Actual Loops": 7,
                              "Filter": "(keyword_id < 5995)",
                              "Rows Removed by Filter": 292321
                            },
                            {
                              "Node Type": "Hash",
                              "Parent Relationship": "Inner",
                              "Parallel Aware": true,
                              "Startup Cost": 45479.59,
                              "Total Cost": 45479.59,
                              "Plan Rows": 127904,
                              "Plan Width": 4,
                              "Actual Startup Time": 110.033,
                              "Actual Total Time": 110.036,
                              "Actual Rows": 55166,
                              "Actual Loops": 7,
                              "Hash Buckets": 524288,
                              "Original Hash Buckets": 524288,
                              "Hash Batches": 1,
                              "Original Hash Batches": 1,
                              "Peak Memory Usage": 19360,
                              "Plans": [
                                {
                                  "Node Type": "Seq Scan",
                                  "Parent Relationship": "Outer",
                                  "Parallel Aware": true,
                                  "Relation Name": "title",
                                  "Alias": "t",
                                  "Startup Cost": 0.0,
                                  "Total Cost": 45479.59,
                                  "Plan Rows": 127904,
                                  "Plan Width": 4,
                                  "Actual Startup Time": 0.037,
                                  "Actual Total Time": 80.772,
                                  "Actual Rows": 55166,
                                  "Actual Loops": 7,
                                  "Filter": "((kind_id > 1) AND (production_year < 1991))",
                                  "Rows Removed by Filter": 306022
                                }
                              ]
                            }
                          ]
                        }
                      ]
                    }
                  ]
                }
              ]
            }
          ]
        }
      ]
    },
    "Planning Time": 0.605,
    "Triggers": [],
    "Execution Time": 1490.756
  }
]