[
  {
    "Plan": {
      "Node Type": "Aggregate",
      "Strategy": "Plain",
      "Partial Mode": "Finalize",
      "Parallel Aware": false,
      "Startup Cost": 339392.09,
      "Total Cost": 339392.1,
      "Plan Rows": 1,
      "Plan Width": 8,
      "Actual Startup Time": 781.991,
      "Actual Total Time": 835.686,
      "Actual Rows": 1,
      "Actual Loops": 1,
      "Plans": [
        {
          "Node Type": "Gather",
          "Parent Relationship": "Outer",
          "Parallel Aware": false,
          "Startup Cost": 339391.47,
          "Total Cost": 339392.08,
          "Plan Rows": 6,
          "Plan Width": 8,
          "Actual Startup Time": 781.861,
          "Actual Total Time": 835.676,
          "Actual Rows": 7,
          "Actual Loops": 1,
          "Workers Planned": 6,
          "Workers Launched": 6,
          "Single Copy": false,
          "Plans": [
            {
              "Node Type": "Aggregate",
              "Strategy": "Plain",
              "Partial Mode": "Partial",
              "Parent Relationship": "Outer",
              "Parallel Aware": false,
              "Startup Cost": 338391.47,
              "Total Cost": 338391.48,
              "Plan Rows": 1,
              "Plan Width": 8,
              "Actual Startup Time": 773.985,
              "Actual Total Time": 773.986,
              "Actual Rows": 1,
              "Actual Loops": 7,
              "Plans": [
                {
                  "Node Type": "Seq Scan",
                  "Parent Relationship": "Outer",
                  "Parallel Aware": true,
                  "Relation Name": "cast_info",
                  "Alias": "ci",
                  "Startup Cost": 0.0,
                  "Total Cost": 328162.03,
                  "Plan Rows": 4091776,
                  "Plan Width": 0,
                  "Actual Startup Time": 131.798,
                  "Actual Total Time": 622.035,
                  "Actual Rows": 3507118,
                  "Actual Loops": 7,
                  "Filter": "(person_id > 1148486)",
                  "Rows Removed by Filter": 1670645
                }
              ]
            }
          ]
        }
      ]
    },
    "Planning Time": 0.176,
    "Triggers": [],
    "Execution Time": 835.752
  }
]