{
  "Plan": {
    "Node Type": "Aggregate",
    "Strategy": "Plain",
    "Partial Mode": "Finalize",
    "Parallel Aware": false,
    "Startup Cost": 116509.24,
    "Total Cost": 116509.25,
    "Plan Rows": 1,
    "Plan Width": 8,
    "Actual Startup Time": 961.928,
    "Actual Total Time": 1015.154,
    "Actual Rows": 1,
    "Actual Loops": 1,
    "Plans": [
      {
        "Node Type": "Gather",
        "Parent Relationship": "Outer",
        "Parallel Aware": false,
        "Startup Cost": 116509.13,
        "Total Cost": 116509.24,
        "Plan Rows": 1,
        "Plan Width": 8,
        "Actual Startup Time": 961.312,
        "Actual Total Time": 1015.147,
        "Actual Rows": 2,
        "Actual Loops": 1,
        "Workers Planned": 1,
        "Workers Launched": 1,
        "Single Copy": false,
        "Plans": [
          {
            "Node Type": "Aggregate",
            "Strategy": "Plain",
            "Partial Mode": "Partial",
            "Parent Relationship": "Outer",
            "Parallel Aware": false,
            "Startup Cost": 115509.13,
            "Total Cost": 115509.14,
            "Plan Rows": 1,
            "Plan Width": 8,
            "Actual Startup Time": 954.93,
            "Actual Total Time": 954.935,
            "Actual Rows": 1,
            "Actual Loops": 2,
            "Plans": [
              {
                "Node Type": "Nested Loop",
                "Parent Relationship": "Outer",
                "Parallel Aware": false,
                "Join Type": "Inner",
                "Startup Cost": 62446.34,
                "Total Cost": 115378.92,
                "Plan Rows": 52082,
                "Plan Width": 0,
                "Actual Startup Time": 198.926,
                "Actual Total Time": 923.444,
                "Actual Rows": 695928,
                "Actual Loops": 2,
                "Inner Unique": false,
                "Join Filter": "(t.id = ci.movie_id)",
                "Rows Removed by Join Filter": 0,
                "Plans": [
                  {
                    "Node Type": "Hash Join",
                    "Parent Relationship": "Outer",
                    "Parallel Aware": true,
                    "Join Type": "Inner",
                    "Startup Cost": 62445.78,
                    "Total Cost": 89387.78,
                    "Plan Rows": 3635,
                    "Plan Width": 8,
                    "Actual Startup Time": 198.485,
                    "Actual Total Time": 292.681,
                    "Actual Rows": 24056,
                    "Actual Loops": 2,
                    "Inner Unique": true,
                    "Hash Cond": "(mk.movie_id = t.id)",
                    "Plans": [
                      {
                        "Node Type": "Bitmap Heap Scan",
                        "Parent Relationship": "Outer",
                        "Parallel Aware": true,
                        "Relation Name": "movie_keyword",
                        "Alias": "mk",
                        "Startup Cost": 5931.67,
                        "Total Cost": 32441.86,
                        "Plan Rows": 164496,
                        "Plan Width": 4,
                        "Actual Startup Time": 18.917,
                        "Actual Total Time": 74.84,
                        "Actual Rows": 147152,
                        "Actual Loops": 2,
                        "Recheck Cond": "(keyword_id < 240)",
                        "Rows Removed by Index Recheck": 0,
                        "Exact Heap Blocks": 14850,
                        "Lossy Heap Blocks": 0,
                        "Plans": [
                          {
                            "Node Type": "Bitmap Index Scan",
                            "Parent Relationship": "Outer",
                            "Parallel Aware": false,
                            "Index Name": "keyword_id_movie_keyword",
                            "Startup Cost": 0.0,
                            "Total Cost": 5861.76,
                            "Plan Rows": 279643,
                            "Plan Width": 0,
                            "Actual Startup Time": 15.333,
                            "Actual Total Time": 15.333,
                            "Actual Rows": 294304,
                            "Actual Loops": 1,
                            "Index Cond": "(keyword_id < 240)"
                          }
                        ]
                      },
                      {
                        "Node Type": "Hash",
                        "Parent Relationship": "Inner",
                        "Parallel Aware": true,
                        "Startup Cost": 56103.31,
                        "Total Cost": 56103.31,
                        "Plan Rows": 32864,
                        "Plan Width": 4,
                        "Actual Startup Time": 178.131,
                        "Actual Total Time": 178.132,
                        "Actual Rows": 87968,
                        "Actual Loops": 2,
                        "Hash Buckets": 262144,
                        "Original Hash Buckets": 65536,
                        "Hash Batches": 1,
                        "Original Hash Batches": 1,
                        "Peak Memory Usage": 10496,
                        "Plans": [
                          {
                            "Node Type": "Bitmap Heap Scan",
                            "Parent Relationship": "Outer",
                            "Parallel Aware": true,
                            "Relation Name": "title",
                            "Alias": "t",
                            "Startup Cost": 13452.92,
                            "Total Cost": 56103.31,
                            "Plan Rows": 32864,
                            "Plan Width": 4,
                            "Actual Startup Time": 50.205,
                            "Actual Total Time": 151.406,
                            "Actual Rows": 87968,
                            "Actual Loops": 2,
                            "Recheck Cond": "(kind_id < 3)",
                            "Rows Removed by Index Recheck": 0,
                            "Filter": "(production_year < 1955)",
                            "Rows Removed by Filter": 288871,
                            "Exact Heap Blocks": 26254,
                            "Lossy Heap Blocks": 0,
                            "Plans": [
                              {
                                "Node Type": "Bitmap Index Scan",
                                "Parent Relationship": "Outer",
                                "Parallel Aware": false,
                                "Index Name": "kind_id_title",
                                "Startup Cost": 0.0,
                                "Total Cost": 13438.96,
                                "Plan Rows": 753937,
                                "Plan Width": 0,
                                "Actual Startup Time": 47.768,
                                "Actual Total Time": 47.769,
                                "Actual Rows": 753677,
                                "Actual Loops": 1,
                                "Index Cond": "(kind_id < 3)"
                              }
                            ]
                          }
                        ]
                      }
                    ]
                  },
                  {
                    "Node Type": "Index Only Scan",
                    "Parent Relationship": "Inner",
                    "Parallel Aware": false,
                    "Scan Direction": "Forward",
                    "Index Name": "movie_id_cast_info",
                    "Relation Name": "cast_info",
                    "Alias": "ci",
                    "Startup Cost": 0.56,
                    "Total Cost": 6.69,
                    "Plan Rows": 37,
                    "Plan Width": 4,
                    "Actual Startup Time": 0.005,
                    "Actual Total Time": 0.024,
                    "Actual Rows": 29,
                    "Actual Loops": 48113,
                    "Index Cond": "(movie_id = mk.movie_id)",
                    "Rows Removed by Index Recheck": 0,
                    "Heap Fetches": 1391857
                  }
                ]
              }
            ]
          }
        ]
      }
    ]
  },
  "Planning Time": 1.024,
  "Triggers": [],
  "Execution Time": 1015.289
}