[
    {
        "Bao": {
            "Bao prediction": "NaN",
            "Bao recommended hint": "(no hint)"
        }
    },
    {
        "Plan": {
            "Node Type": "Aggregate",
            "Strategy": "Plain",
            "Partial Mode": "Finalize",
            "Parallel Aware": false,
            "Startup Cost": 37568.07,
            "Total Cost": 37568.08,
            "Plan Rows": 1,
            "Plan Width": 8,
            "Actual Startup Time": 105.651,
            "Actual Total Time": 112.348,
            "Actual Rows": 1,
            "Actual Loops": 1,
            "Output": [
                "count(*)"
            ],
            "Plans": [
                {
                    "Node Type": "Gather",
                    "Parent Relationship": "Outer",
                    "Parallel Aware": false,
                    "Startup Cost": 37567.75,
                    "Total Cost": 37568.06,
                    "Plan Rows": 3,
                    "Plan Width": 8,
                    "Actual Startup Time": 105.386,
                    "Actual Total Time": 112.339,
                    "Actual Rows": 4,
                    "Actual Loops": 1,
                    "Output": [
                        "(PARTIAL count(*))"
                    ],
                    "Workers Planned": 3,
                    "Workers Launched": 3,
                    "Single Copy": false,
                    "Plans": [
                        {
                            "Node Type": "Aggregate",
                            "Strategy": "Plain",
                            "Partial Mode": "Partial",
                            "Parent Relationship": "Outer",
                            "Parallel Aware": false,
                            "Startup Cost": 36567.75,
                            "Total Cost": 36567.76,
                            "Plan Rows": 1,
                            "Plan Width": 8,
                            "Actual Startup Time": 96.933,
                            "Actual Total Time": 96.934,
                            "Actual Rows": 1,
                            "Actual Loops": 4,
                            "Output": [
                                "PARTIAL count(*)"
                            ],
                            "Workers": [
                                {
                                    "Worker Number": 0,
                                    "Actual Startup Time": 93.741,
                                    "Actual Total Time": 93.743,
                                    "Actual Rows": 1,
                                    "Actual Loops": 1
                                },
                                {
                                    "Worker Number": 1,
                                    "Actual Startup Time": 94.416,
                                    "Actual Total Time": 94.417,
                                    "Actual Rows": 1,
                                    "Actual Loops": 1
                                },
                                {
                                    "Worker Number": 2,
                                    "Actual Startup Time": 94.626,
                                    "Actual Total Time": 94.628,
                                    "Actual Rows": 1,
                                    "Actual Loops": 1
                                }
                            ],
                            "Plans": [
                                {
                                    "Node Type": "Bitmap Heap Scan",
                                    "Parent Relationship": "Outer",
                                    "Parallel Aware": true,
                                    "Relation Name": "movie_keyword",
                                    "Schema": "public",
                                    "Alias": "mk",
                                    "Startup Cost": 9863.92,
                                    "Total Cost": 36192.78,
                                    "Plan Rows": 149989,
                                    "Plan Width": 0,
                                    "Actual Startup Time": 21.167,
                                    "Actual Total Time": 90.477,
                                    "Actual Rows": 115699,
                                    "Actual Loops": 4,
                                    "Recheck Cond": "(mk.keyword_id < 351)",
                                    "Rows Removed by Index Recheck": 0,
                                    "Exact Heap Blocks": 10583,
                                    "Lossy Heap Blocks": 0,
                                    "Workers": [
                                        {
                                            "Worker Number": 0,
                                            "Actual Startup Time": 17.972,
                                            "Actual Total Time": 88.0,
                                            "Actual Rows": 82655,
                                            "Actual Loops": 1
                                        },
                                        {
                                            "Worker Number": 1,
                                            "Actual Startup Time": 18.759,
                                            "Actual Total Time": 88.536,
                                            "Actual Rows": 84515,
                                            "Actual Loops": 1
                                        },
                                        {
                                            "Worker Number": 2,
                                            "Actual Startup Time": 19.052,
                                            "Actual Total Time": 88.61,
                                            "Actual Rows": 90957,
                                            "Actual Loops": 1
                                        }
                                    ],
                                    "Plans": [
                                        {
                                            "Node Type": "Bitmap Index Scan",
                                            "Parent Relationship": "Outer",
                                            "Parallel Aware": false,
                                            "Index Name": "keyword_id_movie_keyword",
                                            "Startup Cost": 0.0,
                                            "Total Cost": 9747.68,
                                            "Plan Rows": 464966,
                                            "Plan Width": 0,
                                            "Actual Startup Time": 25.377,
                                            "Actual Total Time": 25.378,
                                            "Actual Rows": 462796,
                                            "Actual Loops": 1,
                                            "Index Cond": "(mk.keyword_id < 351)"
                                        }
                                    ]
                                }
                            ]
                        }
                    ]
                }
            ]
        },
        "Planning Time": 207.228,
        "Triggers": [],
        "Execution Time": 112.454
    }
]