[
  {
    "Plan": {
      "Node Type": "Aggregate",
      "Strategy": "Plain",
      "Partial Mode": "Finalize",
      "Parallel Aware": false,
      "Startup Cost": 22545.23,
      "Total Cost": 22545.24,
      "Plan Rows": 1,
      "Plan Width": 8,
      "Actual Startup Time": 71.45,
      "Actual Total Time": 86.676,
      "Actual Rows": 1,
      "Actual Loops": 1,
      "Plans": [
        {
          "Node Type": "Gather",
          "Parent Relationship": "Outer",
          "Parallel Aware": false,
          "Startup Cost": 22545.11,
          "Total Cost": 22545.22,
          "Plan Rows": 1,
          "Plan Width": 8,
          "Actual Startup Time": 71.245,
          "Actual Total Time": 86.669,
          "Actual Rows": 2,
          "Actual Loops": 1,
          "Workers Planned": 1,
          "Workers Launched": 1,
          "Single Copy": false,
          "Plans": [
            {
              "Node Type": "Aggregate",
              "Strategy": "Plain",
              "Partial Mode": "Partial",
              "Parent Relationship": "Outer",
              "Parallel Aware": false,
              "Startup Cost": 21545.11,
              "Total Cost": 21545.12,
              "Plan Rows": 1,
              "Plan Width": 8,
              "Actual Startup Time": 68.438,
              "Actual Total Time": 68.441,
              "Actual Rows": 1,
              "Actual Loops": 2,
              "Plans": [
                {
                  "Node Type": "Nested Loop",
                  "Parent Relationship": "Outer",
                  "Parallel Aware": false,
                  "Join Type": "Inner",
                  "Startup Cost": 56.97,
                  "Total Cost": 21544.34,
                  "Plan Rows": 311,
                  "Plan Width": 0,
                  "Actual Startup Time": 1.352,
                  "Actual Total Time": 68.106,
                  "Actual Rows": 3666,
                  "Actual Loops": 2,
                  "Inner Unique": false,
                  "Plans": [
                    {
                      "Node Type": "Nested Loop",
                      "Parent Relationship": "Outer",
                      "Parallel Aware": false,
                      "Join Type": "Inner",
                      "Startup Cost": 56.41,
                      "Total Cost": 18623.73,
                      "Plan Rows": 1484,
                      "Plan Width": 8,
                      "Actual Startup Time": 0.847,
                      "Actual Total Time": 6.573,
                      "Actual Rows": 944,
                      "Actual Loops": 2,
                      "Inner Unique": true,
                      "Plans": [
                        {
                          "Node Type": "Bitmap Heap Scan",
                          "Parent Relationship": "Outer",
                          "Parallel Aware": true,
                          "Relation Name": "movie_companies",
                          "Alias": "mc",
                          "Startup Cost": 55.98,
                          "Total Cost": 7014.99,
                          "Plan Rows": 1484,
                          "Plan Width": 4,
                          "Actual Startup Time": 0.781,
                          "Actual Total Time": 1.506,
                          "Actual Rows": 944,
                          "Actual Loops": 2,
                          "Recheck Cond": "(company_id = 4599)",
                          "Rows Removed by Index Recheck": 0,
                          "Exact Heap Blocks": 247,
                          "Lossy Heap Blocks": 0,
                          "Plans": [
                            {
                              "Node Type": "Bitmap Index Scan",
                              "Parent Relationship": "Outer",
                              "Parallel Aware": false,
                              "Index Name": "company_id_movie_companies",
                              "Startup Cost": 0.0,
                              "Total Cost": 55.34,
                              "Plan Rows": 2522,
                              "Plan Width": 0,
                              "Actual Startup Time": 1.425,
                              "Actual Total Time": 1.425,
                              "Actual Rows": 1887,
                              "Actual Loops": 1,
                              "Index Cond": "(company_id = 4599)"
                            }
                          ]
                        },
                        {
                          "Node Type": "Index Only Scan",
                          "Parent Relationship": "Inner",
                          "Parallel Aware": false,
                          "Scan Direction": "Forward",
                          "Index Name": "title_pkey",
                          "Relation Name": "title",
                          "Alias": "t",
                          "Startup Cost": 0.43,
                          "Total Cost": 7.82,
                          "Plan Rows": 1,
                          "Plan Width": 4,
                          "Actual Startup Time": 0.005,
                          "Actual Total Time": 0.005,
                          "Actual Rows": 1,
                          "Actual Loops": 1887,
                          "Index Cond": "(id = mc.movie_id)",
                          "Rows Removed by Index Recheck": 0,
                          "Heap Fetches": 1887
                        }
                      ]
                    },
                    {
                      "Node Type": "Index Scan",
                      "Parent Relationship": "Inner",
                      "Parallel Aware": false,
                      "Scan Direction": "Forward",
                      "Index Name": "movie_id_cast_info",
                      "Relation Name": "cast_info",
                      "Alias": "ci",
                      "Startup Cost": 0.56,
                      "Total Cost": 1.96,
                      "Plan Rows": 1,
                      "Plan Width": 4,
                      "Actual Startup Time": 0.056,
                      "Actual Total Time": 0.065,
                      "Actual Rows": 4,
                      "Actual Loops": 1887,
                      "Index Cond": "(movie_id = t.id)",
                      "Rows Removed by Index Recheck": 0,
                      "Filter": "((person_id > 3765620) AND (role_id > 3))",
                      "Rows Removed by Filter": 45
                    }
                  ]
                }
              ]
            }
          ]
        }
      ]
    },
    "Planning Time": 0.793,
    "Triggers": [],
    "Execution Time": 86.735
  }
]