[
  {
    "Plan": {
      "Node Type": "Aggregate",
      "Strategy": "Plain",
      "Partial Mode": "Finalize",
      "Parallel Aware": false,
      "Startup Cost": 80440.53,
      "Total Cost": 80440.54,
      "Plan Rows": 1,
      "Plan Width": 8,
      "Actual Startup Time": 278.66,
      "Actual Total Time": 294.915,
      "Actual Rows": 1,
      "Actual Loops": 1,
      "Plans": [
        {
          "Node Type": "Gather",
          "Parent Relationship": "Outer",
          "Parallel Aware": false,
          "Startup Cost": 80440.21,
          "Total Cost": 80440.52,
          "Plan Rows": 3,
          "Plan Width": 8,
          "Actual Startup Time": 276.56,
          "Actual Total Time": 294.907,
          "Actual Rows": 4,
          "Actual Loops": 1,
          "Workers Planned": 3,
          "Workers Launched": 3,
          "Single Copy": false,
          "Plans": [
            {
              "Node Type": "Aggregate",
              "Strategy": "Plain",
              "Partial Mode": "Partial",
              "Parent Relationship": "Outer",
              "Parallel Aware": false,
              "Startup Cost": 79440.21,
              "Total Cost": 79440.22,
              "Plan Rows": 1,
              "Plan Width": 8,
              "Actual Startup Time": 268.085,
              "Actual Total Time": 268.088,
              "Actual Rows": 1,
              "Actual Loops": 4,
              "Plans": [
                {
                  "Node Type": "Hash Join",
                  "Parent Relationship": "Outer",
                  "Parallel Aware": true,
                  "Join Type": "Inner",
                  "Startup Cost": 47744.07,
                  "Total Cost": 79379.89,
                  "Plan Rows": 24128,
                  "Plan Width": 0,
                  "Actual Startup Time": 200.219,
                  "Actual Total Time": 267.409,
                  "Actual Rows": 14308,
                  "Actual Loops": 4,
                  "Inner Unique": true,
                  "Hash Cond": "(mc.movie_id = t.id)",
                  "Plans": [
                    {
                      "Node Type": "Seq Scan",
                      "Parent Relationship": "Outer",
                      "Parallel Aware": true,
                      "Relation Name": "movie_companies",
                      "Alias": "mc",
                      "Startup Cost": 0.0,
                      "Total Cost": 31414.82,
                      "Plan Rows": 84189,
                      "Plan Width": 4,
                      "Actual Startup Time": 31.745,
                      "Actual Total Time": 65.064,
                      "Actual Rows": 127111,
                      "Actual Loops": 4,
                      "Filter": "((company_id > 73865) AND (company_type_id > 1))",
                      "Rows Removed by Filter": 525171
                    },
                    {
                      "Node Type": "Hash",
                      "Parent Relationship": "Inner",
                      "Parallel Aware": true,
                      "Startup Cost": 45479.59,
                      "Total Cost": 45479.59,
                      "Plan Rows": 181159,
                      "Plan Width": 4,
                      "Actual Startup Time": 165.538,
                      "Actual Total Time": 165.539,
                      "Actual Rows": 159608,
                      "Actual Loops": 4,
                      "Hash Buckets": 1048576,
                      "Original Hash Buckets": 1048576,
                      "Hash Batches": 1,
                      "Original Hash Batches": 1,
                      "Peak Memory Usage": 33216,
                      "Plans": [
                        {
                          "Node Type": "Seq Scan",
                          "Parent Relationship": "Outer",
                          "Parallel Aware": true,
                          "Relation Name": "title",
                          "Alias": "t",
                          "Startup Cost": 0.0,
                          "Total Cost": 45479.59,
                          "Plan Rows": 181159,
                          "Plan Width": 4,
                          "Actual Startup Time": 0.043,
                          "Actual Total Time": 107.181,
                          "Actual Rows": 159608,
                          "Actual Loops": 4,
                          "Filter": "((production_year < 2003) AND (kind_id = 7))",
                          "Rows Removed by Filter": 472470
                        }
                      ]
                    }
                  ]
                }
              ]
            }
          ]
        }
      ]
    },
    "Planning Time": 0.208,
    "Triggers": [],
    "Execution Time": 294.948
  }
]