[
    {
        "Bao": {
            "Bao prediction": "NaN",
            "Bao recommended hint": "(no hint)"
        }
    },
    {
        "Plan": {
            "Node Type": "Aggregate",
            "Strategy": "Plain",
            "Partial Mode": "Finalize",
            "Parallel Aware": false,
            "Startup Cost": 333793.32,
            "Total Cost": 333793.33,
            "Plan Rows": 1,
            "Plan Width": 8,
            "Actual Startup Time": 671.366,
            "Actual Total Time": 700.305,
            "Actual Rows": 1,
            "Actual Loops": 1,
            "Output": [
                "count(*)"
            ],
            "Plans": [
                {
                    "Node Type": "Gather",
                    "Parent Relationship": "Outer",
                    "Parallel Aware": false,
                    "Startup Cost": 333792.7,
                    "Total Cost": 333793.31,
                    "Plan Rows": 6,
                    "Plan Width": 8,
                    "Actual Startup Time": 671.242,
                    "Actual Total Time": 700.294,
                    "Actual Rows": 7,
                    "Actual Loops": 1,
                    "Output": [
                        "(PARTIAL count(*))"
                    ],
                    "Workers Planned": 6,
                    "Workers Launched": 6,
                    "Single Copy": false,
                    "Plans": [
                        {
                            "Node Type": "Aggregate",
                            "Strategy": "Plain",
                            "Partial Mode": "Partial",
                            "Parent Relationship": "Outer",
                            "Parallel Aware": false,
                            "Startup Cost": 332792.7,
                            "Total Cost": 332792.71,
                            "Plan Rows": 1,
                            "Plan Width": 8,
                            "Actual Startup Time": 660.843,
                            "Actual Total Time": 660.844,
                            "Actual Rows": 1,
                            "Actual Loops": 7,
                            "Output": [
                                "PARTIAL count(*)"
                            ],
                            "Workers": [
                                {
                                    "Worker Number": 0,
                                    "Actual Startup Time": 659.426,
                                    "Actual Total Time": 659.428,
                                    "Actual Rows": 1,
                                    "Actual Loops": 1
                                },
                                {
                                    "Worker Number": 1,
                                    "Actual Startup Time": 657.125,
                                    "Actual Total Time": 657.126,
                                    "Actual Rows": 1,
                                    "Actual Loops": 1
                                },
                                {
                                    "Worker Number": 2,
                                    "Actual Startup Time": 659.684,
                                    "Actual Total Time": 659.685,
                                    "Actual Rows": 1,
                                    "Actual Loops": 1
                                },
                                {
                                    "Worker Number": 3,
                                    "Actual Startup Time": 660.411,
                                    "Actual Total Time": 660.412,
                                    "Actual Rows": 1,
                                    "Actual Loops": 1
                                },
                                {
                                    "Worker Number": 4,
                                    "Actual Startup Time": 657.232,
                                    "Actual Total Time": 657.233,
                                    "Actual Rows": 1,
                                    "Actual Loops": 1
                                },
                                {
                                    "Worker Number": 5,
                                    "Actual Startup Time": 661.159,
                                    "Actual Total Time": 661.161,
                                    "Actual Rows": 1,
                                    "Actual Loops": 1
                                }
                            ],
                            "Plans": [
                                {
                                    "Node Type": "Seq Scan",
                                    "Parent Relationship": "Outer",
                                    "Parallel Aware": true,
                                    "Relation Name": "cast_info",
                                    "Schema": "public",
                                    "Alias": "ci",
                                    "Startup Cost": 0.0,
                                    "Total Cost": 328213.62,
                                    "Plan Rows": 1831632,
                                    "Plan Width": 0,
                                    "Actual Startup Time": 289.124,
                                    "Actual Total Time": 578.762,
                                    "Actual Rows": 1578695,
                                    "Actual Loops": 7,
                                    "Output": [
                                        "id",
                                        "person_id",
                                        "movie_id",
                                        "person_role_id",
                                        "note",
                                        "nr_order",
                                        "role_id"
                                    ],
                                    "Filter": "(ci.person_id > 2598348)",
                                    "Rows Removed by Filter": 3599068,
                                    "Workers": [
                                        {
                                            "Worker Number": 0,
                                            "Actual Startup Time": 287.726,
                                            "Actual Total Time": 577.747,
                                            "Actual Rows": 1226966,
                                            "Actual Loops": 1
                                        },
                                        {
                                            "Worker Number": 1,
                                            "Actual Startup Time": 285.4,
                                            "Actual Total Time": 575.604,
                                            "Actual Rows": 1936955,
                                            "Actual Loops": 1
                                        },
                                        {
                                            "Worker Number": 2,
                                            "Actual Startup Time": 287.975,
                                            "Actual Total Time": 578.449,
                                            "Actual Rows": 1222134,
                                            "Actual Loops": 1
                                        },
                                        {
                                            "Worker Number": 3,
                                            "Actual Startup Time": 288.708,
                                            "Actual Total Time": 578.936,
                                            "Actual Rows": 1228437,
                                            "Actual Loops": 1
                                        },
                                        {
                                            "Worker Number": 4,
                                            "Actual Startup Time": 285.49,
                                            "Actual Total Time": 575.828,
                                            "Actual Rows": 1224425,
                                            "Actual Loops": 1
                                        },
                                        {
                                            "Worker Number": 5,
                                            "Actual Startup Time": 289.43,
                                            "Actual Total Time": 585.736,
                                            "Actual Rows": 1855596,
                                            "Actual Loops": 1
                                        }
                                    ]
                                }
                            ]
                        }
                    ]
                }
            ]
        },
        "Planning Time": 234.248,
        "Triggers": [],
        "Execution Time": 700.363
    }
]