[
  {
    "Plan": {
      "Node Type": "Aggregate",
      "Strategy": "Plain",
      "Partial Mode": "Finalize",
      "Parallel Aware": false,
      "Startup Cost": 141644.11,
      "Total Cost": 141644.12,
      "Plan Rows": 1,
      "Plan Width": 8,
      "Actual Startup Time": 287.752,
      "Actual Total Time": 317.308,
      "Actual Rows": 1,
      "Actual Loops": 1,
      "Plans": [
        {
          "Node Type": "Gather",
          "Parent Relationship": "Outer",
          "Parallel Aware": false,
          "Startup Cost": 141643.79,
          "Total Cost": 141644.1,
          "Plan Rows": 3,
          "Plan Width": 8,
          "Actual Startup Time": 287.19,
          "Actual Total Time": 317.297,
          "Actual Rows": 4,
          "Actual Loops": 1,
          "Workers Planned": 3,
          "Workers Launched": 3,
          "Single Copy": false,
          "Plans": [
            {
              "Node Type": "Aggregate",
              "Strategy": "Plain",
              "Partial Mode": "Partial",
              "Parent Relationship": "Outer",
              "Parallel Aware": false,
              "Startup Cost": 140643.79,
              "Total Cost": 140643.8,
              "Plan Rows": 1,
              "Plan Width": 8,
              "Actual Startup Time": 282.645,
              "Actual Total Time": 282.648,
              "Actual Rows": 1,
              "Actual Loops": 4,
              "Plans": [
                {
                  "Node Type": "Nested Loop",
                  "Parent Relationship": "Outer",
                  "Parallel Aware": false,
                  "Join Type": "Inner",
                  "Startup Cost": 45919.79,
                  "Total Cost": 140126.52,
                  "Plan Rows": 206910,
                  "Plan Width": 0,
                  "Actual Startup Time": 137.646,
                  "Actual Total Time": 280.71,
                  "Actual Rows": 29871,
                  "Actual Loops": 4,
                  "Inner Unique": false,
                  "Join Filter": "(t.id = ci.movie_id)",
                  "Rows Removed by Join Filter": 0,
                  "Plans": [
                    {
                      "Node Type": "Hash Join",
                      "Parent Relationship": "Outer",
                      "Parallel Aware": true,
                      "Join Type": "Inner",
                      "Startup Cost": 45919.22,
                      "Total Cost": 78375.46,
                      "Plan Rows": 22074,
                      "Plan Width": 8,
                      "Actual Startup Time": 137.535,
                      "Actual Total Time": 205.687,
                      "Actual Rows": 4032,
                      "Actual Loops": 4,
                      "Inner Unique": true,
                      "Hash Cond": "(mc.movie_id = t.id)",
                      "Plans": [
                        {
                          "Node Type": "Seq Scan",
                          "Parent Relationship": "Outer",
                          "Parallel Aware": true,
                          "Relation Name": "movie_companies",
                          "Alias": "mc",
                          "Startup Cost": 0.0,
                          "Total Cost": 31414.82,
                          "Plan Rows": 396729,
                          "Plan Width": 4,
                          "Actual Startup Time": 33.566,
                          "Actual Total Time": 72.434,
                          "Actual Rows": 323928,
                          "Actual Loops": 4,
                          "Filter": "((company_id > 52) AND (company_type_id > 1))",
                          "Rows Removed by Filter": 328354
                        },
                        {
                          "Node Type": "Hash",
                          "Parent Relationship": "Inner",
                          "Parallel Aware": true,
                          "Startup Cost": 45479.59,
                          "Total Cost": 45479.59,
                          "Plan Rows": 35171,
                          "Plan Width": 4,
                          "Actual Startup Time": 101.59,
                          "Actual Total Time": 101.591,
                          "Actual Rows": 7353,
                          "Actual Loops": 4,
                          "Hash Buckets": 262144,
                          "Original Hash Buckets": 262144,
                          "Hash Batches": 1,
                          "Original Hash Batches": 1,
                          "Peak Memory Usage": 3264,
                          "Plans": [
                            {
                              "Node Type": "Seq Scan",
                              "Parent Relationship": "Outer",
                              "Parallel Aware": true,
                              "Relation Name": "title",
                              "Alias": "t",
                              "Startup Cost": 0.0,
                              "Total Cost": 45479.59,
                              "Plan Rows": 35171,
                              "Plan Width": 4,
                              "Actual Startup Time": 0.07,
                              "Actual Total Time": 96.88,
                              "Actual Rows": 7353,
                              "Actual Loops": 4,
                              "Filter": "((kind_id > 2) AND (production_year < 1957))",
                              "Rows Removed by Filter": 624725
                            }
                          ]
                        }
                      ]
                    },
                    {
                      "Node Type": "Index Scan",
                      "Parent Relationship": "Inner",
                      "Parallel Aware": false,
                      "Scan Direction": "Forward",
                      "Index Name": "movie_id_cast_info",
                      "Relation Name": "cast_info",
                      "Alias": "ci",
                      "Startup Cost": 0.56,
                      "Total Cost": 2.51,
                      "Plan Rows": 23,
                      "Plan Width": 4,
                      "Actual Startup Time": 0.005,
                      "Actual Total Time": 0.017,
                      "Actual Rows": 7,
                      "Actual Loops": 16129,
                      "Index Cond": "(movie_id = mc.movie_id)",
                      "Rows Removed by Index Recheck": 0,
                      "Filter": "(person_id < 2443990)",
                      "Rows Removed by Filter": 3
                    }
                  ]
                }
              ]
            }
          ]
        }
      ]
    },
    "Planning Time": 1.272,
    "Triggers": [],
    "Execution Time": 317.391
  }
]