{
  "Plan": {
    "Node Type": "Aggregate",
    "Strategy": "Plain",
    "Partial Mode": "Finalize",
    "Parallel Aware": false,
    "Startup Cost": 89531.1,
    "Total Cost": 89531.11,
    "Plan Rows": 1,
    "Plan Width": 8,
    "Actual Startup Time": 265.177,
    "Actual Total Time": 274.252,
    "Actual Rows": 1,
    "Actual Loops": 1,
    "Plans": [
      {
        "Node Type": "Gather",
        "Parent Relationship": "Outer",
        "Parallel Aware": false,
        "Startup Cost": 89530.99,
        "Total Cost": 89531.1,
        "Plan Rows": 1,
        "Plan Width": 8,
        "Actual Startup Time": 264.086,
        "Actual Total Time": 274.245,
        "Actual Rows": 2,
        "Actual Loops": 1,
        "Workers Planned": 1,
        "Workers Launched": 1,
        "Single Copy": false,
        "Plans": [
          {
            "Node Type": "Aggregate",
            "Strategy": "Plain",
            "Partial Mode": "Partial",
            "Parent Relationship": "Outer",
            "Parallel Aware": false,
            "Startup Cost": 88530.99,
            "Total Cost": 88531.0,
            "Plan Rows": 1,
            "Plan Width": 8,
            "Actual Startup Time": 260.537,
            "Actual Total Time": 260.541,
            "Actual Rows": 1,
            "Actual Loops": 2,
            "Plans": [
              {
                "Node Type": "Hash Join",
                "Parent Relationship": "Outer",
                "Parallel Aware": true,
                "Join Type": "Inner",
                "Startup Cost": 44952.08,
                "Total Cost": 88451.78,
                "Plan Rows": 31682,
                "Plan Width": 0,
                "Actual Startup Time": 154.932,
                "Actual Total Time": 259.636,
                "Actual Rows": 16630,
                "Actual Loops": 2,
                "Inner Unique": false,
                "Hash Cond": "(t.id = mc.movie_id)",
                "Plans": [
                  {
                    "Node Type": "Bitmap Heap Scan",
                    "Parent Relationship": "Outer",
                    "Parallel Aware": true,
                    "Relation Name": "title",
                    "Alias": "t",
                    "Startup Cost": 11988.66,
                    "Total Cost": 52863.55,
                    "Plan Rows": 390151,
                    "Plan Width": 4,
                    "Actual Startup Time": 22.21,
                    "Actual Total Time": 66.288,
                    "Actual Rows": 331412,
                    "Actual Loops": 2,
                    "Recheck Cond": "(kind_id = 1)",
                    "Rows Removed by Index Recheck": 0,
                    "Exact Heap Blocks": 6701,
                    "Lossy Heap Blocks": 0,
                    "Plans": [
                      {
                        "Node Type": "Bitmap Index Scan",
                        "Parent Relationship": "Outer",
                        "Parallel Aware": false,
                        "Index Name": "kind_id_title",
                        "Startup Cost": 0.0,
                        "Total Cost": 11822.85,
                        "Plan Rows": 663256,
                        "Plan Width": 0,
                        "Actual Startup Time": 20.388,
                        "Actual Total Time": 20.389,
                        "Actual Rows": 662825,
                        "Actual Loops": 1,
                        "Index Cond": "(kind_id = 1)"
                      }
                    ]
                  },
                  {
                    "Node Type": "Hash",
                    "Parent Relationship": "Inner",
                    "Parallel Aware": true,
                    "Startup Cost": 31453.8,
                    "Total Cost": 31453.8,
                    "Plan Rows": 120770,
                    "Plan Width": 4,
                    "Actual Startup Time": 129.831,
                    "Actual Total Time": 129.833,
                    "Actual Rows": 159007,
                    "Actual Loops": 2,
                    "Hash Buckets": 524288,
                    "Original Hash Buckets": 262144,
                    "Hash Batches": 1,
                    "Original Hash Batches": 1,
                    "Peak Memory Usage": 18624,
                    "Plans": [
                      {
                        "Node Type": "Bitmap Heap Scan",
                        "Parent Relationship": "Outer",
                        "Parallel Aware": true,
                        "Relation Name": "movie_companies",
                        "Alias": "mc",
                        "Startup Cost": 8983.77,
                        "Total Cost": 31453.8,
                        "Plan Rows": 120770,
                        "Plan Width": 4,
                        "Actual Startup Time": 33.317,
                        "Actual Total Time": 92.439,
                        "Actual Rows": 159007,
                        "Actual Loops": 2,
                        "Recheck Cond": "(company_id < 287)",
                        "Rows Removed by Index Recheck": 0,
                        "Filter": "(company_type_id = 1)",
                        "Rows Removed by Filter": 48609,
                        "Exact Heap Blocks": 11501,
                        "Lossy Heap Blocks": 0,
                        "Plans": [
                          {
                            "Node Type": "Bitmap Index Scan",
                            "Parent Relationship": "Outer",
                            "Parallel Aware": false,
                            "Index Name": "company_id_movie_companies",
                            "Startup Cost": 0.0,
                            "Total Cost": 8932.45,
                            "Plan Rows": 417069,
                            "Plan Width": 0,
                            "Actual Startup Time": 31.524,
                            "Actual Total Time": 31.524,
                            "Actual Rows": 415232,
                            "Actual Loops": 1,
                            "Index Cond": "(company_id < 287)"
                          }
                        ]
                      }
                    ]
                  }
                ]
              }
            ]
          }
        ]
      }
    ]
  },
  "Planning Time": 0.34,
  "Triggers": [],
  "Execution Time": 274.324
}