[
  {
    "Plan": {
      "Node Type": "Aggregate",
      "Strategy": "Plain",
      "Partial Mode": "Finalize",
      "Parallel Aware": false,
      "Startup Cost": 92942.93,
      "Total Cost": 92942.94,
      "Plan Rows": 1,
      "Plan Width": 8,
      "Actual Startup Time": 436.315,
      "Actual Total Time": 454.746,
      "Actual Rows": 1,
      "Actual Loops": 1,
      "Plans": [
        {
          "Node Type": "Gather",
          "Parent Relationship": "Outer",
          "Parallel Aware": false,
          "Startup Cost": 92942.61,
          "Total Cost": 92942.92,
          "Plan Rows": 3,
          "Plan Width": 8,
          "Actual Startup Time": 428.248,
          "Actual Total Time": 454.735,
          "Actual Rows": 4,
          "Actual Loops": 1,
          "Workers Planned": 3,
          "Workers Launched": 3,
          "Single Copy": false,
          "Plans": [
            {
              "Node Type": "Aggregate",
              "Strategy": "Plain",
              "Partial Mode": "Partial",
              "Parent Relationship": "Outer",
              "Parallel Aware": false,
              "Startup Cost": 91942.61,
              "Total Cost": 91942.62,
              "Plan Rows": 1,
              "Plan Width": 8,
              "Actual Startup Time": 421.665,
              "Actual Total Time": 421.67,
              "Actual Rows": 1,
              "Actual Loops": 4,
              "Plans": [
                {
                  "Node Type": "Hash Join",
                  "Parent Relationship": "Outer",
                  "Parallel Aware": true,
                  "Join Type": "Inner",
                  "Startup Cost": 46259.45,
                  "Total Cost": 91280.96,
                  "Plan Rows": 264661,
                  "Plan Width": 0,
                  "Actual Startup Time": 178.784,
                  "Actual Total Time": 400.192,
                  "Actual Rows": 478700,
                  "Actual Loops": 4,
                  "Inner Unique": true,
                  "Hash Cond": "(mk.movie_id = t.id)",
                  "Plans": [
                    {
                      "Node Type": "Seq Scan",
                      "Parent Relationship": "Outer",
                      "Parallel Aware": true,
                      "Relation Name": "movie_keyword",
                      "Alias": "mk",
                      "Startup Cost": 0.0,
                      "Total Cost": 42695.65,
                      "Plan Rows": 886041,
                      "Plan Width": 4,
                      "Actual Startup Time": 0.037,
                      "Actual Total Time": 114.595,
                      "Actual Rows": 691605,
                      "Actual Loops": 4,
                      "Filter": "(keyword_id < 7883)",
                      "Rows Removed by Filter": 439378
                    },
                    {
                      "Node Type": "Hash",
                      "Parent Relationship": "Inner",
                      "Parallel Aware": true,
                      "Startup Cost": 43899.32,
                      "Total Cost": 43899.32,
                      "Plan Rows": 188810,
                      "Plan Width": 4,
                      "Actual Startup Time": 174.42,
                      "Actual Total Time": 174.421,
                      "Actual Rows": 188419,
                      "Actual Loops": 4,
                      "Hash Buckets": 1048576,
                      "Original Hash Buckets": 1048576,
                      "Hash Batches": 1,
                      "Original Hash Batches": 1,
                      "Peak Memory Usage": 37760,
                      "Plans": [
                        {
                          "Node Type": "Seq Scan",
                          "Parent Relationship": "Outer",
                          "Parallel Aware": true,
                          "Relation Name": "title",
                          "Alias": "t",
                          "Startup Cost": 0.0,
                          "Total Cost": 43899.32,
                          "Plan Rows": 188810,
                          "Plan Width": 4,
                          "Actual Startup Time": 0.031,
                          "Actual Total Time": 108.162,
                          "Actual Rows": 188419,
                          "Actual Loops": 4,
                          "Filter": "(kind_id < 3)",
                          "Rows Removed by Filter": 443659
                        }
                      ]
                    }
                  ]
                }
              ]
            }
          ]
        }
      ]
    },
    "Planning Time": 0.384,
    "Triggers": [],
    "Execution Time": 454.798
  }
]