[
  {
    "Plan": {
      "Node Type": "Aggregate",
      "Strategy": "Plain",
      "Partial Mode": "Finalize",
      "Parallel Aware": false,
      "Startup Cost": 598289.13,
      "Total Cost": 598289.14,
      "Plan Rows": 1,
      "Plan Width": 8,
      "Actual Startup Time": 4204.756,
      "Actual Total Time": 4244.365,
      "Actual Rows": 1,
      "Actual Loops": 1,
      "Plans": [
        {
          "Node Type": "Gather",
          "Parent Relationship": "Outer",
          "Parallel Aware": false,
          "Startup Cost": 598288.5,
          "Total Cost": 598289.11,
          "Plan Rows": 6,
          "Plan Width": 8,
          "Actual Startup Time": 4198.798,
          "Actual Total Time": 4244.356,
          "Actual Rows": 7,
          "Actual Loops": 1,
          "Workers Planned": 6,
          "Workers Launched": 6,
          "Single Copy": false,
          "Plans": [
            {
              "Node Type": "Aggregate",
              "Strategy": "Plain",
              "Partial Mode": "Partial",
              "Parent Relationship": "Outer",
              "Parallel Aware": false,
              "Startup Cost": 597288.5,
              "Total Cost": 597288.51,
              "Plan Rows": 1,
              "Plan Width": 8,
              "Actual Startup Time": 4190.351,
              "Actual Total Time": 4190.385,
              "Actual Rows": 1,
              "Actual Loops": 7,
              "Plans": [
                {
                  "Node Type": "Hash Join",
                  "Parent Relationship": "Outer",
                  "Parallel Aware": true,
                  "Join Type": "Inner",
                  "Startup Cost": 248425.56,
                  "Total Cost": 590012.58,
                  "Plan Rows": 2910370,
                  "Plan Width": 0,
                  "Actual Startup Time": 778.057,
                  "Actual Total Time": 3726.221,
                  "Actual Rows": 11184565,
                  "Actual Loops": 7,
                  "Inner Unique": false,
                  "Hash Cond": "(ci.movie_id = t.id)",
                  "Plans": [
                    {
                      "Node Type": "Seq Scan",
                      "Parent Relationship": "Outer",
                      "Parallel Aware": true,
                      "Relation Name": "cast_info",
                      "Alias": "ci",
                      "Startup Cost": 0.0,
                      "Total Cost": 313108.29,
                      "Plan Rows": 6042129,
                      "Plan Width": 4,
                      "Actual Startup Time": 0.023,
                      "Actual Total Time": 478.528,
                      "Actual Rows": 5177763,
                      "Actual Loops": 7
                    },
                    {
                      "Node Type": "Hash",
                      "Parent Relationship": "Inner",
                      "Parallel Aware": true,
                      "Startup Cost": 245380.96,
                      "Total Cost": 245380.96,
                      "Plan Rows": 243568,
                      "Plan Width": 8,
                      "Actual Startup Time": 774.886,
                      "Actual Total Time": 774.919,
                      "Actual Rows": 294673,
                      "Actual Loops": 7,
                      "Hash Buckets": 2097152,
                      "Original Hash Buckets": 2097152,
                      "Hash Batches": 1,
                      "Original Hash Batches": 1,
                      "Peak Memory Usage": 97184,
                      "Plans": [
                        {
                          "Node Type": "Hash Join",
                          "Parent Relationship": "Outer",
                          "Parallel Aware": true,
                          "Join Type": "Inner",
                          "Startup Cost": 46131.33,
                          "Total Cost": 245380.96,
                          "Plan Rows": 243568,
                          "Plan Width": 8,
                          "Actual Startup Time": 93.075,
                          "Actual Total Time": 669.051,
                          "Actual Rows": 294673,
                          "Actual Loops": 7,
                          "Inner Unique": true,
                          "Hash Cond": "(mi.movie_id = t.id)",
                          "Plans": [
                            {
                              "Node Type": "Seq Scan",
                              "Parent Relationship": "Outer",
                              "Parallel Aware": true,
                              "Relation Name": "movie_info",
                              "Alias": "mi",
                              "Startup Cost": 0.0,
                              "Total Cost": 191503.19,
                              "Plan Rows": 2951019,
                              "Plan Width": 4,
                              "Actual Startup Time": 0.021,
                              "Actual Total Time": 279.145,
                              "Actual Rows": 2119389,
                              "Actual Loops": 7
                            },
                            {
                              "Node Type": "Hash",
                              "Parent Relationship": "Inner",
                              "Parallel Aware": true,
                              "Startup Cost": 45479.21,
                              "Total Cost": 45479.21,
                              "Plan Rows": 52170,
                              "Plan Width": 4,
                              "Actual Startup Time": 83.152,
                              "Actual Total Time": 83.153,
                              "Actual Rows": 26056,
                              "Actual Loops": 7,
                              "Hash Buckets": 262144,
                              "Original Hash Buckets": 262144,
                              "Hash Batches": 1,
                              "Original Hash Batches": 1,
                              "Peak Memory Usage": 9312,
                              "Plans": [
                                {
                                  "Node Type": "Seq Scan",
                                  "Parent Relationship": "Outer",
                                  "Parallel Aware": true,
                                  "Relation Name": "title",
                                  "Alias": "t",
                                  "Startup Cost": 0.0,
                                  "Total Cost": 45479.21,
                                  "Plan Rows": 52170,
                                  "Plan Width": 4,
                                  "Actual Startup Time": 39.32,
                                  "Actual Total Time": 72.517,
                                  "Actual Rows": 26056,
                                  "Actual Loops": 7,
                                  "Filter": "((production_year > 2007) AND (kind_id = 1))",
                                  "Rows Removed by Filter": 335131
                                }
                              ]
                            }
                          ]
                        }
                      ]
                    }
                  ]
                }
              ]
            }
          ]
        }
      ]
    },
    "Planning Time": 0.458,
    "Triggers": [],
    "Execution Time": 4244.407
  }
]