{
    "Plan": {
        "Node Type": "Aggregate",
        "Strategy": "Plain",
        "Partial Mode": "Finalize",
        "Parallel Aware": false,
        "Startup Cost": 471771.93,
        "Total Cost": 471771.94,
        "Plan Rows": 1,
        "Plan Width": 8,
        "Actual Startup Time": 1300.797,
        "Actual Total Time": 1335.146,
        "Actual Rows": 1,
        "Actual Loops": 1,
        "Output": [
            "count(*)"
        ],
        "Plans": [
            {
                "Node Type": "Gather",
                "Parent Relationship": "Outer",
                "Parallel Aware": false,
                "Startup Cost": 471771.31,
                "Total Cost": 471771.92,
                "Plan Rows": 6,
                "Plan Width": 8,
                "Actual Startup Time": 1291.11,
                "Actual Total Time": 1335.132,
                "Actual Rows": 7,
                "Actual Loops": 1,
                "Output": [
                    "(PARTIAL count(*))"
                ],
                "Workers Planned": 6,
                "Workers Launched": 6,
                "Single Copy": false,
                "Plans": [
                    {
                        "Node Type": "Aggregate",
                        "Strategy": "Plain",
                        "Partial Mode": "Partial",
                        "Parent Relationship": "Outer",
                        "Parallel Aware": false,
                        "Startup Cost": 470771.31,
                        "Total Cost": 470771.32,
                        "Plan Rows": 1,
                        "Plan Width": 8,
                        "Actual Startup Time": 1279.001,
                        "Actual Total Time": 1279.005,
                        "Actual Rows": 1,
                        "Actual Loops": 7,
                        "Output": [
                            "PARTIAL count(*)"
                        ],
                        "Workers": [
                            {
                                "Worker Number": 0,
                                "Actual Startup Time": 1276.189,
                                "Actual Total Time": 1276.193,
                                "Actual Rows": 1,
                                "Actual Loops": 1
                            },
                            {
                                "Worker Number": 1,
                                "Actual Startup Time": 1276.514,
                                "Actual Total Time": 1276.518,
                                "Actual Rows": 1,
                                "Actual Loops": 1
                            },
                            {
                                "Worker Number": 2,
                                "Actual Startup Time": 1277.31,
                                "Actual Total Time": 1277.313,
                                "Actual Rows": 1,
                                "Actual Loops": 1
                            },
                            {
                                "Worker Number": 3,
                                "Actual Startup Time": 1277.748,
                                "Actual Total Time": 1277.751,
                                "Actual Rows": 1,
                                "Actual Loops": 1
                            },
                            {
                                "Worker Number": 4,
                                "Actual Startup Time": 1277.117,
                                "Actual Total Time": 1277.122,
                                "Actual Rows": 1,
                                "Actual Loops": 1
                            },
                            {
                                "Worker Number": 5,
                                "Actual Startup Time": 1278.545,
                                "Actual Total Time": 1278.549,
                                "Actual Rows": 1,
                                "Actual Loops": 1
                            }
                        ],
                        "Plans": [
                            {
                                "Node Type": "Hash Join",
                                "Parent Relationship": "Outer",
                                "Parallel Aware": true,
                                "Join Type": "Inner",
                                "Startup Cost": 195112.63,
                                "Total Cost": 469603.97,
                                "Plan Rows": 466933,
                                "Plan Width": 0,
                                "Actual Startup Time": 596.652,
                                "Actual Total Time": 1252.399,
                                "Actual Rows": 407165,
                                "Actual Loops": 7,
                                "Inner Unique": true,
                                "Hash Cond": "(ci.movie_id = t.id)",
                                "Workers": [
                                    {
                                        "Worker Number": 0,
                                        "Actual Startup Time": 593.681,
                                        "Actual Total Time": 1251.081,
                                        "Actual Rows": 362429,
                                        "Actual Loops": 1
                                    },
                                    {
                                        "Worker Number": 1,
                                        "Actual Startup Time": 594.072,
                                        "Actual Total Time": 1251.207,
                                        "Actual Rows": 366189,
                                        "Actual Loops": 1
                                    },
                                    {
                                        "Worker Number": 2,
                                        "Actual Startup Time": 594.69,
                                        "Actual Total Time": 1249.243,
                                        "Actual Rows": 409448,
                                        "Actual Loops": 1
                                    },
                                    {
                                        "Worker Number": 3,
                                        "Actual Startup Time": 596.39,
                                        "Actual Total Time": 1252.879,
                                        "Actual Rows": 543777,
                                        "Actual Loops": 1
                                    },
                                    {
                                        "Worker Number": 4,
                                        "Actual Startup Time": 594.88,
                                        "Actual Total Time": 1250.918,
                                        "Actual Rows": 357636,
                                        "Actual Loops": 1
                                    },
                                    {
                                        "Worker Number": 5,
                                        "Actual Startup Time": 594.897,
                                        "Actual Total Time": 1251.065,
                                        "Actual Rows": 406024,
                                        "Actual Loops": 1
                                    }
                                ],
                                "Plans": [
                                    {
                                        "Node Type": "Bitmap Heap Scan",
                                        "Parent Relationship": "Outer",
                                        "Parallel Aware": true,
                                        "Relation Name": "cast_info",
                                        "Schema": "public",
                                        "Alias": "ci",
                                        "Startup Cost": 134901.41,
                                        "Total Cost": 406279.74,
                                        "Plan Rows": 1185911,
                                        "Plan Width": 4,
                                        "Actual Startup Time": 354.901,
                                        "Actual Total Time": 610.899,
                                        "Actual Rows": 1064536,
                                        "Actual Loops": 7,
                                        "Output": [
                                            "ci.id",
                                            "ci.person_id",
                                            "ci.movie_id",
                                            "ci.person_role_id",
                                            "ci.note",
                                            "ci.nr_order",
                                            "ci.role_id"
                                        ],
                                        "Recheck Cond": "(ci.role_id = 2)",
                                        "Rows Removed by Index Recheck": 0,
                                        "Filter": "(ci.person_id > 175411)",
                                        "Rows Removed by Filter": 32,
                                        "Exact Heap Blocks": 7027,
                                        "Lossy Heap Blocks": 0,
                                        "Workers": [
                                            {
                                                "Worker Number": 0,
                                                "Actual Startup Time": 354.921,
                                                "Actual Total Time": 607.292,
                                                "Actual Rows": 948832,
                                                "Actual Loops": 1
                                            },
                                            {
                                                "Worker Number": 1,
                                                "Actual Startup Time": 355.013,
                                                "Actual Total Time": 605.907,
                                                "Actual Rows": 950251,
                                                "Actual Loops": 1
                                            },
                                            {
                                                "Worker Number": 2,
                                                "Actual Startup Time": 354.84,
                                                "Actual Total Time": 618.549,
                                                "Actual Rows": 1063522,
                                                "Actual Loops": 1
                                            },
                                            {
                                                "Worker Number": 3,
                                                "Actual Startup Time": 354.913,
                                                "Actual Total Time": 606.854,
                                                "Actual Rows": 1428525,
                                                "Actual Loops": 1
                                            },
                                            {
                                                "Worker Number": 4,
                                                "Actual Startup Time": 355.141,
                                                "Actual Total Time": 605.3,
                                                "Actual Rows": 926644,
                                                "Actual Loops": 1
                                            },
                                            {
                                                "Worker Number": 5,
                                                "Actual Startup Time": 354.682,
                                                "Actual Total Time": 616.6,
                                                "Actual Rows": 1066293,
                                                "Actual Loops": 1
                                            }
                                        ],
                                        "Plans": [
                                            {
                                                "Node Type": "Bitmap Index Scan",
                                                "Parent Relationship": "Outer",
                                                "Parallel Aware": false,
                                                "Index Name": "role_id_cast_info",
                                                "Startup Cost": 0.0,
                                                "Total Cost": 133122.55,
                                                "Plan Rows": 7476531,
                                                "Plan Width": 0,
                                                "Actual Startup Time": 342.232,
                                                "Actual Total Time": 342.233,
                                                "Actual Rows": 7451973,
                                                "Actual Loops": 1,
                                                "Index Cond": "(ci.role_id = 2)",
                                                "Workers": [
                                                    {
                                                        "Worker Number": 5,
                                                        "Actual Startup Time": 342.232,
                                                        "Actual Total Time": 342.233,
                                                        "Actual Rows": 7451973,
                                                        "Actual Loops": 1
                                                    }
                                                ]
                                            }
                                        ]
                                    },
                                    {
                                        "Node Type": "Hash",
                                        "Parent Relationship": "Inner",
                                        "Parallel Aware": true,
                                        "Startup Cost": 57100.33,
                                        "Total Cost": 57100.33,
                                        "Plan Rows": 248871,
                                        "Plan Width": 4,
                                        "Actual Startup Time": 238.651,
                                        "Actual Total Time": 238.653,
                                        "Actual Rows": 140721,
                                        "Actual Loops": 7,
                                        "Output": [
                                            "t.id"
                                        ],
                                        "Hash Buckets": 1048576,
                                        "Original Hash Buckets": 1048576,
                                        "Hash Batches": 1,
                                        "Original Hash Batches": 1,
                                        "Peak Memory Usage": 46848,
                                        "Workers": [
                                            {
                                                "Worker Number": 0,
                                                "Actual Startup Time": 238.258,
                                                "Actual Total Time": 238.259,
                                                "Actual Rows": 126607,
                                                "Actual Loops": 1
                                            },
                                            {
                                                "Worker Number": 1,
                                                "Actual Startup Time": 238.492,
                                                "Actual Total Time": 238.493,
                                                "Actual Rows": 127652,
                                                "Actual Loops": 1
                                            },
                                            {
                                                "Worker Number": 2,
                                                "Actual Startup Time": 239.3,
                                                "Actual Total Time": 239.301,
                                                "Actual Rows": 139343,
                                                "Actual Loops": 1
                                            },
                                            {
                                                "Worker Number": 3,
                                                "Actual Startup Time": 239.813,
                                                "Actual Total Time": 239.814,
                                                "Actual Rows": 187568,
                                                "Actual Loops": 1
                                            },
                                            {
                                                "Worker Number": 4,
                                                "Actual Startup Time": 239.125,
                                                "Actual Total Time": 239.127,
                                                "Actual Rows": 120150,
                                                "Actual Loops": 1
                                            },
                                            {
                                                "Worker Number": 5,
                                                "Actual Startup Time": 239.878,
                                                "Actual Total Time": 239.879,
                                                "Actual Rows": 139625,
                                                "Actual Loops": 1
                                            }
                                        ],
                                        "Plans": [
                                            {
                                                "Node Type": "Bitmap Heap Scan",
                                                "Parent Relationship": "Outer",
                                                "Parallel Aware": true,
                                                "Relation Name": "title",
                                                "Schema": "public",
                                                "Alias": "t",
                                                "Startup Cost": 17991.44,
                                                "Total Cost": 57100.33,
                                                "Plan Rows": 248871,
                                                "Plan Width": 4,
                                                "Actual Startup Time": 71.528,
                                                "Actual Total Time": 169.908,
                                                "Actual Rows": 140721,
                                                "Actual Loops": 7,
                                                "Output": [
                                                    "t.id"
                                                ],
                                                "Recheck Cond": "(t.kind_id < 7)",
                                                "Rows Removed by Index Recheck": 0,
                                                "Exact Heap Blocks": 6718,
                                                "Lossy Heap Blocks": 0,
                                                "Workers": [
                                                    {
                                                        "Worker Number": 0,
                                                        "Actual Startup Time": 71.437,
                                                        "Actual Total Time": 169.442,
                                                        "Actual Rows": 126607,
                                                        "Actual Loops": 1
                                                    },
                                                    {
                                                        "Worker Number": 1,
                                                        "Actual Startup Time": 71.52,
                                                        "Actual Total Time": 169.567,
                                                        "Actual Rows": 127652,
                                                        "Actual Loops": 1
                                                    },
                                                    {
                                                        "Worker Number": 2,
                                                        "Actual Startup Time": 71.686,
                                                        "Actual Total Time": 170.598,
                                                        "Actual Rows": 139343,
                                                        "Actual Loops": 1
                                                    },
                                                    {
                                                        "Worker Number": 3,
                                                        "Actual Startup Time": 71.849,
                                                        "Actual Total Time": 168.643,
                                                        "Actual Rows": 187568,
                                                        "Actual Loops": 1
                                                    },
                                                    {
                                                        "Worker Number": 4,
                                                        "Actual Startup Time": 71.466,
                                                        "Actual Total Time": 169.595,
                                                        "Actual Rows": 120150,
                                                        "Actual Loops": 1
                                                    },
                                                    {
                                                        "Worker Number": 5,
                                                        "Actual Startup Time": 71.392,
                                                        "Actual Total Time": 170.367,
                                                        "Actual Rows": 139625,
                                                        "Actual Loops": 1
                                                    }
                                                ],
                                                "Plans": [
                                                    {
                                                        "Node Type": "Bitmap Index Scan",
                                                        "Parent Relationship": "Outer",
                                                        "Parallel Aware": false,
                                                        "Index Name": "kind_id_title",
                                                        "Startup Cost": 0.0,
                                                        "Total Cost": 17742.57,
                                                        "Plan Rows": 995485,
                                                        "Plan Width": 0,
                                                        "Actual Startup Time": 62.256,
                                                        "Actual Total Time": 62.256,
                                                        "Actual Rows": 985048,
                                                        "Actual Loops": 1,
                                                        "Index Cond": "(t.kind_id < 7)"
                                                    }
                                                ]
                                            }
                                        ]
                                    }
                                ]
                            }
                        ]
                    }
                ]
            }
        ]
    },
    "Planning Time": 3.277,
    "Triggers": [],
    "Execution Time": 1335.69
}