{
  "Plan": {
    "Node Type": "Aggregate",
    "Strategy": "Plain",
    "Partial Mode": "Finalize",
    "Parallel Aware": false,
    "Startup Cost": 108586.19,
    "Total Cost": 108586.2,
    "Plan Rows": 1,
    "Plan Width": 8,
    "Actual Startup Time": 882.471,
    "Actual Total Time": 902.623,
    "Actual Rows": 1,
    "Actual Loops": 1,
    "Plans": [
      {
        "Node Type": "Gather",
        "Parent Relationship": "Outer",
        "Parallel Aware": false,
        "Startup Cost": 108586.08,
        "Total Cost": 108586.19,
        "Plan Rows": 1,
        "Plan Width": 8,
        "Actual Startup Time": 874.86,
        "Actual Total Time": 902.615,
        "Actual Rows": 2,
        "Actual Loops": 1,
        "Workers Planned": 1,
        "Workers Launched": 1,
        "Single Copy": false,
        "Plans": [
          {
            "Node Type": "Aggregate",
            "Strategy": "Plain",
            "Partial Mode": "Partial",
            "Parent Relationship": "Outer",
            "Parallel Aware": false,
            "Startup Cost": 107586.08,
            "Total Cost": 107586.09,
            "Plan Rows": 1,
            "Plan Width": 8,
            "Actual Startup Time": 866.762,
            "Actual Total Time": 866.767,
            "Actual Rows": 1,
            "Actual Loops": 2,
            "Plans": [
              {
                "Node Type": "Hash Join",
                "Parent Relationship": "Outer",
                "Parallel Aware": true,
                "Join Type": "Inner",
                "Startup Cost": 78644.03,
                "Total Cost": 106949.48,
                "Plan Rows": 254641,
                "Plan Width": 0,
                "Actual Startup Time": 693.35,
                "Actual Total Time": 854.882,
                "Actual Rows": 211128,
                "Actual Loops": 2,
                "Inner Unique": true,
                "Hash Cond": "(mk.movie_id = t.id)",
                "Plans": [
                  {
                    "Node Type": "Bitmap Heap Scan",
                    "Parent Relationship": "Outer",
                    "Parallel Aware": true,
                    "Relation Name": "movie_keyword",
                    "Alias": "mk",
                    "Startup Cost": 9183.33,
                    "Total Cost": 36820.34,
                    "Plan Rows": 254641,
                    "Plan Width": 4,
                    "Actual Startup Time": 47.083,
                    "Actual Total Time": 135.032,
                    "Actual Rows": 211128,
                    "Actual Loops": 2,
                    "Recheck Cond": "(keyword_id > 41351)",
                    "Rows Removed by Index Recheck": 0,
                    "Exact Heap Blocks": 13800,
                    "Lossy Heap Blocks": 0,
                    "Plans": [
                      {
                        "Node Type": "Bitmap Index Scan",
                        "Parent Relationship": "Outer",
                        "Parallel Aware": false,
                        "Index Name": "keyword_id_movie_keyword",
                        "Startup Cost": 0.0,
                        "Total Cost": 9075.11,
                        "Plan Rows": 432890,
                        "Plan Width": 0,
                        "Actual Startup Time": 41.744,
                        "Actual Total Time": 41.745,
                        "Actual Rows": 422256,
                        "Actual Loops": 1,
                        "Index Cond": "(keyword_id > 41351)"
                      }
                    ]
                  },
                  {
                    "Node Type": "Hash",
                    "Parent Relationship": "Inner",
                    "Parallel Aware": true,
                    "Startup Cost": 50870.31,
                    "Total Cost": 50870.31,
                    "Plan Rows": 1487231,
                    "Plan Width": 4,
                    "Actual Startup Time": 628.982,
                    "Actual Total Time": 628.983,
                    "Actual Rows": 1264156,
                    "Actual Loops": 2,
                    "Hash Buckets": 4194304,
                    "Original Hash Buckets": 4194304,
                    "Hash Batches": 1,
                    "Original Hash Batches": 1,
                    "Peak Memory Usage": 131712,
                    "Plans": [
                      {
                        "Node Type": "Seq Scan",
                        "Parent Relationship": "Outer",
                        "Parallel Aware": true,
                        "Relation Name": "title",
                        "Alias": "t",
                        "Startup Cost": 0.0,
                        "Total Cost": 50870.31,
                        "Plan Rows": 1487231,
                        "Plan Width": 4,
                        "Actual Startup Time": 0.04,
                        "Actual Total Time": 187.13,
                        "Actual Rows": 1264156,
                        "Actual Loops": 2
                      }
                    ]
                  }
                ]
              }
            ]
          }
        ]
      }
    ]
  },
  "Planning Time": 0.372,
  "Triggers": [],
  "Execution Time": 902.678
}