{
  "Plan": {
    "Node Type": "Aggregate",
    "Strategy": "Plain",
    "Partial Mode": "Finalize",
    "Parallel Aware": false,
    "Startup Cost": 1119348.9,
    "Total Cost": 1119348.91,
    "Plan Rows": 1,
    "Plan Width": 8,
    "Actual Startup Time": 13339.628,
    "Actual Total Time": 13423.232,
    "Actual Rows": 1,
    "Actual Loops": 1,
    "Plans": [
      {
        "Node Type": "Gather",
        "Parent Relationship": "Outer",
        "Parallel Aware": false,
        "Startup Cost": 1119348.78,
        "Total Cost": 1119348.89,
        "Plan Rows": 1,
        "Plan Width": 8,
        "Actual Startup Time": 13332.473,
        "Actual Total Time": 13423.222,
        "Actual Rows": 2,
        "Actual Loops": 1,
        "Workers Planned": 1,
        "Workers Launched": 1,
        "Single Copy": false,
        "Plans": [
          {
            "Node Type": "Aggregate",
            "Strategy": "Plain",
            "Partial Mode": "Partial",
            "Parent Relationship": "Outer",
            "Parallel Aware": false,
            "Startup Cost": 1118348.78,
            "Total Cost": 1118348.79,
            "Plan Rows": 1,
            "Plan Width": 8,
            "Actual Startup Time": 13323.381,
            "Actual Total Time": 13323.386,
            "Actual Rows": 1,
            "Actual Loops": 2,
            "Plans": [
              {
                "Node Type": "Hash Join",
                "Parent Relationship": "Outer",
                "Parallel Aware": true,
                "Join Type": "Inner",
                "Startup Cost": 654329.76,
                "Total Cost": 1083385.39,
                "Plan Rows": 13985358,
                "Plan Width": 0,
                "Actual Startup Time": 4917.633,
                "Actual Total Time": 12020.238,
                "Actual Rows": 33796698,
                "Actual Loops": 2,
                "Inner Unique": false,
                "Hash Cond": "(mi.movie_id = t.id)",
                "Plans": [
                  {
                    "Node Type": "Seq Scan",
                    "Parent Relationship": "Outer",
                    "Parallel Aware": true,
                    "Relation Name": "movie_info",
                    "Alias": "mi",
                    "Startup Cost": 0.0,
                    "Total Cost": 248955.74,
                    "Plan Rows": 8696274,
                    "Plan Width": 4,
                    "Actual Startup Time": 0.02,
                    "Actual Total Time": 670.416,
                    "Actual Rows": 7417860,
                    "Actual Loops": 2
                  },
                  {
                    "Node Type": "Hash",
                    "Parent Relationship": "Inner",
                    "Parallel Aware": true,
                    "Startup Cost": 624432.67,
                    "Total Cost": 624432.67,
                    "Plan Rows": 2391767,
                    "Plan Width": 8,
                    "Actual Startup Time": 4894.769,
                    "Actual Total Time": 4894.772,
                    "Actual Rows": 1832438,
                    "Actual Loops": 2,
                    "Hash Buckets": 4194304,
                    "Original Hash Buckets": 4194304,
                    "Hash Batches": 1,
                    "Original Hash Batches": 1,
                    "Peak Memory Usage": 176160,
                    "Plans": [
                      {
                        "Node Type": "Hash Join",
                        "Parent Relationship": "Outer",
                        "Parallel Aware": true,
                        "Join Type": "Inner",
                        "Startup Cost": 60933.49,
                        "Total Cost": 624432.67,
                        "Plan Rows": 2391767,
                        "Plan Width": 8,
                        "Actual Startup Time": 174.82,
                        "Actual Total Time": 4306.623,
                        "Actual Rows": 1832438,
                        "Actual Loops": 2,
                        "Inner Unique": true,
                        "Hash Cond": "(ci.movie_id = t.id)",
                        "Plans": [
                          {
                            "Node Type": "Seq Scan",
                            "Parent Relationship": "Outer",
                            "Parallel Aware": true,
                            "Relation Name": "cast_info",
                            "Alias": "ci",
                            "Startup Cost": 0.0,
                            "Total Cost": 519069.44,
                            "Plan Rows": 16925585,
                            "Plan Width": 4,
                            "Actual Startup Time": 0.014,
                            "Actual Total Time": 1927.573,
                            "Actual Rows": 14404054,
                            "Actual Loops": 2,
                            "Filter": "(role_id < 8)",
                            "Rows Removed by Filter": 3718118
                          },
                          {
                            "Node Type": "Hash",
                            "Parent Relationship": "Inner",
                            "Parallel Aware": true,
                            "Startup Cost": 58306.47,
                            "Total Cost": 58306.47,
                            "Plan Rows": 210162,
                            "Plan Width": 4,
                            "Actual Startup Time": 173.352,
                            "Actual Total Time": 173.353,
                            "Actual Rows": 151044,
                            "Actual Loops": 2,
                            "Hash Buckets": 524288,
                            "Original Hash Buckets": 524288,
                            "Hash Batches": 1,
                            "Original Hash Batches": 1,
                            "Peak Memory Usage": 15936,
                            "Plans": [
                              {
                                "Node Type": "Seq Scan",
                                "Parent Relationship": "Outer",
                                "Parallel Aware": true,
                                "Relation Name": "title",
                                "Alias": "t",
                                "Startup Cost": 0.0,
                                "Total Cost": 58306.47,
                                "Plan Rows": 210162,
                                "Plan Width": 4,
                                "Actual Startup Time": 0.083,
                                "Actual Total Time": 136.883,
                                "Actual Rows": 151044,
                                "Actual Loops": 2,
                                "Filter": "((kind_id < 7) AND (production_year > 2006))",
                                "Rows Removed by Filter": 1113112
                              }
                            ]
                          }
                        ]
                      }
                    ]
                  }
                ]
              }
            ]
          }
        ]
      }
    ]
  },
  "Planning Time": 0.611,
  "Triggers": [],
  "Execution Time": 13423.309
}