[
  {
    "Plan": {
      "Node Type": "Aggregate",
      "Strategy": "Plain",
      "Partial Mode": "Finalize",
      "Parallel Aware": false,
      "Startup Cost": 282610.25,
      "Total Cost": 282610.26,
      "Plan Rows": 1,
      "Plan Width": 8,
      "Actual Startup Time": 2291.539,
      "Actual Total Time": 2319.967,
      "Actual Rows": 1,
      "Actual Loops": 1,
      "Plans": [
        {
          "Node Type": "Gather",
          "Parent Relationship": "Outer",
          "Parallel Aware": false,
          "Startup Cost": 282609.93,
          "Total Cost": 282610.24,
          "Plan Rows": 3,
          "Plan Width": 8,
          "Actual Startup Time": 2273.468,
          "Actual Total Time": 2319.953,
          "Actual Rows": 4,
          "Actual Loops": 1,
          "Workers Planned": 3,
          "Workers Launched": 3,
          "Single Copy": false,
          "Plans": [
            {
              "Node Type": "Aggregate",
              "Strategy": "Plain",
              "Partial Mode": "Partial",
              "Parent Relationship": "Outer",
              "Parallel Aware": false,
              "Startup Cost": 281609.93,
              "Total Cost": 281609.94,
              "Plan Rows": 1,
              "Plan Width": 8,
              "Actual Startup Time": 2264.356,
              "Actual Total Time": 2264.51,
              "Actual Rows": 1,
              "Actual Loops": 4,
              "Plans": [
                {
                  "Node Type": "Hash Join",
                  "Parent Relationship": "Outer",
                  "Parallel Aware": true,
                  "Join Type": "Inner",
                  "Startup Cost": 234627.45,
                  "Total Cost": 280241.79,
                  "Plan Rows": 547259,
                  "Plan Width": 0,
                  "Actual Startup Time": 721.529,
                  "Actual Total Time": 1780.942,
                  "Actual Rows": 9287744,
                  "Actual Loops": 4,
                  "Inner Unique": false,
                  "Hash Cond": "(mk.movie_id = t.id)",
                  "Plans": [
                    {
                      "Node Type": "Seq Scan",
                      "Parent Relationship": "Outer",
                      "Parallel Aware": true,
                      "Relation Name": "movie_keyword",
                      "Alias": "mk",
                      "Startup Cost": 0.0,
                      "Total Cost": 39047.32,
                      "Plan Rows": 1459332,
                      "Plan Width": 4,
                      "Actual Startup Time": 0.042,
                      "Actual Total Time": 105.467,
                      "Actual Rows": 1130982,
                      "Actual Loops": 4
                    },
                    {
                      "Node Type": "Hash",
                      "Parent Relationship": "Inner",
                      "Parallel Aware": true,
                      "Startup Cost": 232257.14,
                      "Total Cost": 232257.14,
                      "Plan Rows": 189625,
                      "Plan Width": 8,
                      "Actual Startup Time": 716.474,
                      "Actual Total Time": 716.626,
                      "Actual Rows": 225085,
                      "Actual Loops": 4,
                      "Hash Buckets": 1048576,
                      "Original Hash Buckets": 1048576,
                      "Hash Batches": 1,
                      "Original Hash Batches": 1,
                      "Peak Memory Usage": 43488,
                      "Plans": [
                        {
                          "Node Type": "Hash Join",
                          "Parent Relationship": "Outer",
                          "Parallel Aware": true,
                          "Join Type": "Inner",
                          "Startup Cost": 67396.06,
                          "Total Cost": 232257.14,
                          "Plan Rows": 189625,
                          "Plan Width": 8,
                          "Actual Startup Time": 436.448,
                          "Actual Total Time": 630.067,
                          "Actual Rows": 225085,
                          "Actual Loops": 4,
                          "Inner Unique": true,
                          "Hash Cond": "(mi.movie_id = t.id)",
                          "Plans": [
                            {
                              "Node Type": "Bitmap Heap Scan",
                              "Parent Relationship": "Outer",
                              "Parallel Aware": true,
                              "Relation Name": "movie_info",
                              "Alias": "mi",
                              "Startup Cost": 17176.41,
                              "Total Cost": 181539.73,
                              "Plan Rows": 189625,
                              "Plan Width": 4,
                              "Actual Startup Time": 52.563,
                              "Actual Total Time": 138.24,
                              "Actual Rows": 225085,
                              "Actual Loops": 4,
                              "Recheck Cond": "(info_type_id > 94)",
                              "Rows Removed by Index Recheck": 0,
                              "Exact Heap Blocks": 9204,
                              "Lossy Heap Blocks": 0,
                              "Plans": [
                                {
                                  "Node Type": "Bitmap Index Scan",
                                  "Parent Relationship": "Outer",
                                  "Parallel Aware": false,
                                  "Index Name": "info_type_id_movie_info",
                                  "Startup Cost": 0.0,
                                  "Total Cost": 16939.38,
                                  "Plan Rows": 948126,
                                  "Plan Width": 0,
                                  "Actual Startup Time": 47.133,
                                  "Actual Total Time": 47.133,
                                  "Actual Rows": 900340,
                                  "Actual Loops": 1,
                                  "Index Cond": "(info_type_id > 94)"
                                }
                              ]
                            },
                            {
                              "Node Type": "Hash",
                              "Parent Relationship": "Inner",
                              "Parallel Aware": true,
                              "Startup Cost": 42318.73,
                              "Total Cost": 42318.73,
                              "Plan Rows": 632073,
                              "Plan Width": 4,
                              "Actual Startup Time": 375.095,
                              "Actual Total Time": 375.096,
                              "Actual Rows": 632078,
                              "Actual Loops": 4,
                              "Hash Buckets": 4194304,
                              "Original Hash Buckets": 4194304,
                              "Hash Batches": 1,
                              "Original Hash Batches": 1,
                              "Peak Memory Usage": 131744,
                              "Plans": [
                                {
                                  "Node Type": "Seq Scan",
                                  "Parent Relationship": "Outer",
                                  "Parallel Aware": true,
                                  "Relation Name": "title",
                                  "Alias": "t",
                                  "Startup Cost": 0.0,
                                  "Total Cost": 42318.73,
                                  "Plan Rows": 632073,
                                  "Plan Width": 4,
                                  "Actual Startup Time": 0.049,
                                  "Actual Total Time": 109.964,
                                  "Actual Rows": 632078,
                                  "Actual Loops": 4
                                }
                              ]
                            }
                          ]
                        }
                      ]
                    }
                  ]
                }
              ]
            }
          ]
        }
      ]
    },
    "Planning Time": 1.349,
    "Triggers": [],
    "Execution Time": 2320.072
  }
]