[
  {
    "Plan": {
      "Node Type": "Aggregate",
      "Strategy": "Plain",
      "Partial Mode": "Finalize",
      "Parallel Aware": false,
      "Startup Cost": 92822.0,
      "Total Cost": 92822.01,
      "Plan Rows": 1,
      "Plan Width": 8,
      "Actual Startup Time": 285.408,
      "Actual Total Time": 303.327,
      "Actual Rows": 1,
      "Actual Loops": 1,
      "Plans": [
        {
          "Node Type": "Gather",
          "Parent Relationship": "Outer",
          "Parallel Aware": false,
          "Startup Cost": 92821.68,
          "Total Cost": 92821.99,
          "Plan Rows": 3,
          "Plan Width": 8,
          "Actual Startup Time": 284.795,
          "Actual Total Time": 303.317,
          "Actual Rows": 4,
          "Actual Loops": 1,
          "Workers Planned": 3,
          "Workers Launched": 3,
          "Single Copy": false,
          "Plans": [
            {
              "Node Type": "Aggregate",
              "Strategy": "Plain",
              "Partial Mode": "Partial",
              "Parent Relationship": "Outer",
              "Parallel Aware": false,
              "Startup Cost": 91821.68,
              "Total Cost": 91821.69,
              "Plan Rows": 1,
              "Plan Width": 8,
              "Actual Startup Time": 278.462,
              "Actual Total Time": 278.467,
              "Actual Rows": 1,
              "Actual Loops": 4,
              "Plans": [
                {
                  "Node Type": "Hash Join",
                  "Parent Relationship": "Outer",
                  "Parallel Aware": true,
                  "Join Type": "Inner",
                  "Startup Cost": 45934.97,
                  "Total Cost": 91655.64,
                  "Plan Rows": 66417,
                  "Plan Width": 0,
                  "Actual Startup Time": 106.021,
                  "Actual Total Time": 278.125,
                  "Actual Rows": 7490,
                  "Actual Loops": 4,
                  "Inner Unique": true,
                  "Hash Cond": "(mk.movie_id = t.id)",
                  "Plans": [
                    {
                      "Node Type": "Seq Scan",
                      "Parent Relationship": "Outer",
                      "Parallel Aware": true,
                      "Relation Name": "movie_keyword",
                      "Alias": "mk",
                      "Startup Cost": 0.0,
                      "Total Cost": 42695.65,
                      "Plan Rows": 1152386,
                      "Plan Width": 4,
                      "Actual Startup Time": 0.071,
                      "Actual Total Time": 113.447,
                      "Actual Rows": 891490,
                      "Actual Loops": 4,
                      "Filter": "(keyword_id > 895)",
                      "Rows Removed by Filter": 239492
                    },
                    {
                      "Node Type": "Hash",
                      "Parent Relationship": "Inner",
                      "Parallel Aware": true,
                      "Startup Cost": 45479.59,
                      "Total Cost": 45479.59,
                      "Plan Rows": 36431,
                      "Plan Width": 4,
                      "Actual Startup Time": 102.965,
                      "Actual Total Time": 102.968,
                      "Actual Rows": 13356,
                      "Actual Loops": 4,
                      "Hash Buckets": 262144,
                      "Original Hash Buckets": 262144,
                      "Hash Batches": 1,
                      "Original Hash Batches": 1,
                      "Peak Memory Usage": 4160,
                      "Plans": [
                        {
                          "Node Type": "Seq Scan",
                          "Parent Relationship": "Outer",
                          "Parallel Aware": true,
                          "Relation Name": "title",
                          "Alias": "t",
                          "Startup Cost": 0.0,
                          "Total Cost": 45479.59,
                          "Plan Rows": 36431,
                          "Plan Width": 4,
                          "Actual Startup Time": 0.062,
                          "Actual Total Time": 95.425,
                          "Actual Rows": 13356,
                          "Actual Loops": 4,
                          "Filter": "((production_year < 1961) AND (kind_id = 7))",
                          "Rows Removed by Filter": 618722
                        }
                      ]
                    }
                  ]
                }
              ]
            }
          ]
        }
      ]
    },
    "Planning Time": 0.511,
    "Triggers": [],
    "Execution Time": 303.38
  }
]