[
  {
    "Plan": {
      "Node Type": "Aggregate",
      "Strategy": "Plain",
      "Partial Mode": "Finalize",
      "Parallel Aware": false,
      "Startup Cost": 98185.11,
      "Total Cost": 98185.12,
      "Plan Rows": 1,
      "Plan Width": 8,
      "Actual Startup Time": 577.094,
      "Actual Total Time": 593.186,
      "Actual Rows": 1,
      "Actual Loops": 1,
      "Plans": [
        {
          "Node Type": "Gather",
          "Parent Relationship": "Outer",
          "Parallel Aware": false,
          "Startup Cost": 98184.79,
          "Total Cost": 98185.1,
          "Plan Rows": 3,
          "Plan Width": 8,
          "Actual Startup Time": 570.036,
          "Actual Total Time": 593.176,
          "Actual Rows": 4,
          "Actual Loops": 1,
          "Workers Planned": 3,
          "Workers Launched": 3,
          "Single Copy": false,
          "Plans": [
            {
              "Node Type": "Aggregate",
              "Strategy": "Plain",
              "Partial Mode": "Partial",
              "Parent Relationship": "Outer",
              "Parallel Aware": false,
              "Startup Cost": 97184.79,
              "Total Cost": 97184.8,
              "Plan Rows": 1,
              "Plan Width": 8,
              "Actual Startup Time": 551.873,
              "Actual Total Time": 551.876,
              "Actual Rows": 1,
              "Actual Loops": 4,
              "Plans": [
                {
                  "Node Type": "Hash Join",
                  "Parent Relationship": "Outer",
                  "Parallel Aware": true,
                  "Join Type": "Inner",
                  "Startup Cost": 50646.09,
                  "Total Cost": 95461.1,
                  "Plan Rows": 689477,
                  "Plan Width": 0,
                  "Actual Startup Time": 322.011,
                  "Actual Total Time": 531.577,
                  "Actual Rows": 508848,
                  "Actual Loops": 4,
                  "Inner Unique": true,
                  "Hash Cond": "(mk.movie_id = t.id)",
                  "Plans": [
                    {
                      "Node Type": "Seq Scan",
                      "Parent Relationship": "Outer",
                      "Parallel Aware": true,
                      "Relation Name": "movie_keyword",
                      "Alias": "mk",
                      "Startup Cost": 0.0,
                      "Total Cost": 42695.65,
                      "Plan Rows": 807374,
                      "Plan Width": 4,
                      "Actual Startup Time": 0.028,
                      "Actual Total Time": 103.83,
                      "Actual Rows": 626533,
                      "Actual Loops": 4,
                      "Filter": "(keyword_id < 6151)",
                      "Rows Removed by Filter": 504450
                    },
                    {
                      "Node Type": "Hash",
                      "Parent Relationship": "Inner",
                      "Parallel Aware": true,
                      "Startup Cost": 43898.92,
                      "Total Cost": 43898.92,
                      "Plan Rows": 539774,
                      "Plan Width": 4,
                      "Actual Startup Time": 310.611,
                      "Actual Total Time": 310.612,
                      "Actual Rows": 536671,
                      "Actual Loops": 4,
                      "Hash Buckets": 4194304,
                      "Original Hash Buckets": 4194304,
                      "Hash Batches": 1,
                      "Original Hash Batches": 1,
                      "Peak Memory Usage": 116800,
                      "Plans": [
                        {
                          "Node Type": "Seq Scan",
                          "Parent Relationship": "Outer",
                          "Parallel Aware": true,
                          "Relation Name": "title",
                          "Alias": "t",
                          "Startup Cost": 0.0,
                          "Total Cost": 43898.92,
                          "Plan Rows": 539774,
                          "Plan Width": 4,
                          "Actual Startup Time": 0.042,
                          "Actual Total Time": 110.256,
                          "Actual Rows": 536671,
                          "Actual Loops": 4,
                          "Filter": "(production_year > 1965)",
                          "Rows Removed by Filter": 95407
                        }
                      ]
                    }
                  ]
                }
              ]
            }
          ]
        }
      ]
    },
    "Planning Time": 0.599,
    "Triggers": [],
    "Execution Time": 593.252
  }
]