{
  "Plan": {
    "Node Type": "Aggregate",
    "Strategy": "Plain",
    "Partial Mode": "Finalize",
    "Parallel Aware": false,
    "Startup Cost": 96664.73,
    "Total Cost": 96664.74,
    "Plan Rows": 1,
    "Plan Width": 8,
    "Actual Startup Time": 291.816,
    "Actual Total Time": 303.124,
    "Actual Rows": 1,
    "Actual Loops": 1,
    "Plans": [
      {
        "Node Type": "Gather",
        "Parent Relationship": "Outer",
        "Parallel Aware": false,
        "Startup Cost": 96664.62,
        "Total Cost": 96664.73,
        "Plan Rows": 1,
        "Plan Width": 8,
        "Actual Startup Time": 291.51,
        "Actual Total Time": 303.116,
        "Actual Rows": 2,
        "Actual Loops": 1,
        "Workers Planned": 1,
        "Workers Launched": 1,
        "Single Copy": false,
        "Plans": [
          {
            "Node Type": "Aggregate",
            "Strategy": "Plain",
            "Partial Mode": "Partial",
            "Parent Relationship": "Outer",
            "Parallel Aware": false,
            "Startup Cost": 95664.62,
            "Total Cost": 95664.63,
            "Plan Rows": 1,
            "Plan Width": 8,
            "Actual Startup Time": 285.18,
            "Actual Total Time": 285.185,
            "Actual Rows": 1,
            "Actual Loops": 2,
            "Plans": [
              {
                "Node Type": "Nested Loop",
                "Parent Relationship": "Outer",
                "Parallel Aware": false,
                "Join Type": "Inner",
                "Startup Cost": 53762.28,
                "Total Cost": 95661.45,
                "Plan Rows": 1268,
                "Plan Width": 0,
                "Actual Startup Time": 135.377,
                "Actual Total Time": 284.64,
                "Actual Rows": 7634,
                "Actual Loops": 2,
                "Inner Unique": false,
                "Join Filter": "(t.id = mi_idx.movie_id)",
                "Rows Removed by Join Filter": 0,
                "Plans": [
                  {
                    "Node Type": "Hash Join",
                    "Parent Relationship": "Outer",
                    "Parallel Aware": true,
                    "Join Type": "Inner",
                    "Startup Cost": 53761.85,
                    "Total Cost": 93719.87,
                    "Plan Rows": 3488,
                    "Plan Width": 8,
                    "Actual Startup Time": 135.265,
                    "Actual Total Time": 267.969,
                    "Actual Rows": 4272,
                    "Actual Loops": 2,
                    "Inner Unique": true,
                    "Hash Cond": "(mc.movie_id = t.id)",
                    "Plans": [
                      {
                        "Node Type": "Seq Scan",
                        "Parent Relationship": "Outer",
                        "Parallel Aware": true,
                        "Relation Name": "movie_companies",
                        "Alias": "mc",
                        "Startup Cost": 0.0,
                        "Total Cost": 37974.77,
                        "Plan Rows": 755522,
                        "Plan Width": 4,
                        "Actual Startup Time": 0.017,
                        "Actual Total Time": 123.6,
                        "Actual Rows": 637123,
                        "Actual Loops": 2,
                        "Filter": "(company_type_id < 2)",
                        "Rows Removed by Filter": 667442
                      },
                      {
                        "Node Type": "Hash",
                        "Parent Relationship": "Inner",
                        "Parallel Aware": true,
                        "Startup Cost": 53676.03,
                        "Total Cost": 53676.03,
                        "Plan Rows": 6866,
                        "Plan Width": 4,
                        "Actual Startup Time": 94.192,
                        "Actual Total Time": 94.193,
                        "Actual Rows": 3538,
                        "Actual Loops": 2,
                        "Hash Buckets": 16384,
                        "Original Hash Buckets": 16384,
                        "Hash Batches": 1,
                        "Original Hash Batches": 1,
                        "Peak Memory Usage": 416,
                        "Plans": [
                          {
                            "Node Type": "Bitmap Heap Scan",
                            "Parent Relationship": "Outer",
                            "Parallel Aware": true,
                            "Relation Name": "title",
                            "Alias": "t",
                            "Startup Cost": 11825.77,
                            "Total Cost": 53676.03,
                            "Plan Rows": 6866,
                            "Plan Width": 4,
                            "Actual Startup Time": 36.724,
                            "Actual Total Time": 92.888,
                            "Actual Rows": 3538,
                            "Actual Loops": 2,
                            "Recheck Cond": "(kind_id = 1)",
                            "Rows Removed by Index Recheck": 0,
                            "Filter": "(production_year = 1998)",
                            "Rows Removed by Filter": 327875,
                            "Exact Heap Blocks": 10051,
                            "Lossy Heap Blocks": 0,
                            "Plans": [
                              {
                                "Node Type": "Bitmap Index Scan",
                                "Parent Relationship": "Outer",
                                "Parallel Aware": false,
                                "Index Name": "kind_id_title",
                                "Startup Cost": 0.0,
                                "Total Cost": 11822.85,
                                "Plan Rows": 663256,
                                "Plan Width": 0,
                                "Actual Startup Time": 39.371,
                                "Actual Total Time": 39.372,
                                "Actual Rows": 662825,
                                "Actual Loops": 1,
                                "Index Cond": "(kind_id = 1)"
                              }
                            ]
                          }
                        ]
                      }
                    ]
                  },
                  {
                    "Node Type": "Index Scan",
                    "Parent Relationship": "Inner",
                    "Parallel Aware": false,
                    "Scan Direction": "Forward",
                    "Index Name": "movie_id_movie_info_idx",
                    "Relation Name": "movie_info_idx",
                    "Alias": "mi_idx",
                    "Startup Cost": 0.43,
                    "Total Cost": 0.53,
                    "Plan Rows": 2,
                    "Plan Width": 4,
                    "Actual Startup Time": 0.003,
                    "Actual Total Time": 0.003,
                    "Actual Rows": 2,
                    "Actual Loops": 8543,
                    "Index Cond": "(movie_id = mc.movie_id)",
                    "Rows Removed by Index Recheck": 0,
                    "Filter": "(info_type_id < 101)",
                    "Rows Removed by Filter": 1
                  }
                ]
              }
            ]
          }
        ]
      }
    ]
  },
  "Planning Time": 0.906,
  "Triggers": [],
  "Execution Time": 303.228
}