{
  "Plan": {
    "Node Type": "Aggregate",
    "Strategy": "Plain",
    "Partial Mode": "Finalize",
    "Parallel Aware": false,
    "Startup Cost": 116406.61,
    "Total Cost": 116406.62,
    "Plan Rows": 1,
    "Plan Width": 8,
    "Actual Startup Time": 705.91,
    "Actual Total Time": 724.335,
    "Actual Rows": 1,
    "Actual Loops": 1,
    "Plans": [
      {
        "Node Type": "Gather",
        "Parent Relationship": "Outer",
        "Parallel Aware": false,
        "Startup Cost": 116406.5,
        "Total Cost": 116406.61,
        "Plan Rows": 1,
        "Plan Width": 8,
        "Actual Startup Time": 701.181,
        "Actual Total Time": 724.326,
        "Actual Rows": 2,
        "Actual Loops": 1,
        "Workers Planned": 1,
        "Workers Launched": 1,
        "Single Copy": false,
        "Plans": [
          {
            "Node Type": "Aggregate",
            "Strategy": "Plain",
            "Partial Mode": "Partial",
            "Parent Relationship": "Outer",
            "Parallel Aware": false,
            "Startup Cost": 115406.5,
            "Total Cost": 115406.51,
            "Plan Rows": 1,
            "Plan Width": 8,
            "Actual Startup Time": 688.767,
            "Actual Total Time": 688.774,
            "Actual Rows": 1,
            "Actual Loops": 2,
            "Plans": [
              {
                "Node Type": "Hash Join",
                "Parent Relationship": "Outer",
                "Parallel Aware": true,
                "Join Type": "Inner",
                "Startup Cost": 96193.57,
                "Total Cost": 115371.94,
                "Plan Rows": 13825,
                "Plan Width": 0,
                "Actual Startup Time": 584.621,
                "Actual Total Time": 687.168,
                "Actual Rows": 36290,
                "Actual Loops": 2,
                "Inner Unique": false,
                "Hash Cond": "(mi_idx.movie_id = t.id)",
                "Plans": [
                  {
                    "Node Type": "Seq Scan",
                    "Parent Relationship": "Outer",
                    "Parallel Aware": true,
                    "Relation Name": "movie_info_idx",
                    "Alias": "mi_idx",
                    "Startup Cost": 0.0,
                    "Total Cost": 16052.85,
                    "Plan Rows": 811785,
                    "Plan Width": 4,
                    "Actual Startup Time": 0.025,
                    "Actual Total Time": 46.362,
                    "Actual Rows": 690018,
                    "Actual Loops": 2
                  },
                  {
                    "Node Type": "Hash",
                    "Parent Relationship": "Inner",
                    "Parallel Aware": true,
                    "Startup Cost": 95876.97,
                    "Total Cost": 95876.97,
                    "Plan Rows": 25328,
                    "Plan Width": 8,
                    "Actual Startup Time": 583.235,
                    "Actual Total Time": 583.239,
                    "Actual Rows": 19446,
                    "Actual Loops": 2,
                    "Hash Buckets": 65536,
                    "Original Hash Buckets": 65536,
                    "Hash Batches": 1,
                    "Original Hash Batches": 1,
                    "Peak Memory Usage": 2048,
                    "Plans": [
                      {
                        "Node Type": "Hash Join",
                        "Parent Relationship": "Outer",
                        "Parallel Aware": true,
                        "Join Type": "Inner",
                        "Startup Cost": 70374.83,
                        "Total Cost": 95876.97,
                        "Plan Rows": 25328,
                        "Plan Width": 8,
                        "Actual Startup Time": 542.866,
                        "Actual Total Time": 578.441,
                        "Actual Rows": 19446,
                        "Actual Loops": 2,
                        "Inner Unique": true,
                        "Hash Cond": "(mk.movie_id = t.id)",
                        "Plans": [
                          {
                            "Node Type": "Bitmap Heap Scan",
                            "Parent Relationship": "Outer",
                            "Parallel Aware": true,
                            "Relation Name": "movie_keyword",
                            "Alias": "mk",
                            "Startup Cost": 914.13,
                            "Total Cost": 26349.79,
                            "Plan Rows": 25328,
                            "Plan Width": 4,
                            "Actual Startup Time": 5.471,
                            "Actual Total Time": 26.615,
                            "Actual Rows": 19446,
                            "Actual Loops": 2,
                            "Recheck Cond": "(keyword_id < 47)",
                            "Rows Removed by Index Recheck": 0,
                            "Exact Heap Blocks": 9564,
                            "Lossy Heap Blocks": 0,
                            "Plans": [
                              {
                                "Node Type": "Bitmap Index Scan",
                                "Parent Relationship": "Outer",
                                "Parallel Aware": false,
                                "Index Name": "keyword_id_movie_keyword",
                                "Startup Cost": 0.0,
                                "Total Cost": 903.37,
                                "Plan Rows": 43058,
                                "Plan Width": 0,
                                "Actual Startup Time": 3.367,
                                "Actual Total Time": 3.367,
                                "Actual Rows": 38892,
                                "Actual Loops": 1,
                                "Index Cond": "(keyword_id < 47)"
                              }
                            ]
                          },
                          {
                            "Node Type": "Hash",
                            "Parent Relationship": "Inner",
                            "Parallel Aware": true,
                            "Startup Cost": 50870.31,
                            "Total Cost": 50870.31,
                            "Plan Rows": 1487231,
                            "Plan Width": 4,
                            "Actual Startup Time": 517.296,
                            "Actual Total Time": 517.297,
                            "Actual Rows": 1264156,
                            "Actual Loops": 2,
                            "Hash Buckets": 4194304,
                            "Original Hash Buckets": 4194304,
                            "Hash Batches": 1,
                            "Original Hash Batches": 1,
                            "Peak Memory Usage": 131712,
                            "Plans": [
                              {
                                "Node Type": "Seq Scan",
                                "Parent Relationship": "Outer",
                                "Parallel Aware": true,
                                "Relation Name": "title",
                                "Alias": "t",
                                "Startup Cost": 0.0,
                                "Total Cost": 50870.31,
                                "Plan Rows": 1487231,
                                "Plan Width": 4,
                                "Actual Startup Time": 0.028,
                                "Actual Total Time": 150.888,
                                "Actual Rows": 1264156,
                                "Actual Loops": 2
                              }
                            ]
                          }
                        ]
                      }
                    ]
                  }
                ]
              }
            ]
          }
        ]
      }
    ]
  },
  "Planning Time": 0.864,
  "Triggers": [],
  "Execution Time": 724.421
}