[
  {
    "Plan": {
      "Node Type": "Aggregate",
      "Strategy": "Plain",
      "Partial Mode": "Finalize",
      "Parallel Aware": false,
      "Startup Cost": 23599.08,
      "Total Cost": 23599.09,
      "Plan Rows": 1,
      "Plan Width": 8,
      "Actual Startup Time": 57.924,
      "Actual Total Time": 64.666,
      "Actual Rows": 1,
      "Actual Loops": 1,
      "Plans": [
        {
          "Node Type": "Gather",
          "Parent Relationship": "Outer",
          "Parallel Aware": false,
          "Startup Cost": 23598.66,
          "Total Cost": 23599.07,
          "Plan Rows": 4,
          "Plan Width": 8,
          "Actual Startup Time": 57.771,
          "Actual Total Time": 64.66,
          "Actual Rows": 5,
          "Actual Loops": 1,
          "Workers Planned": 4,
          "Workers Launched": 4,
          "Single Copy": false,
          "Plans": [
            {
              "Node Type": "Aggregate",
              "Strategy": "Plain",
              "Partial Mode": "Partial",
              "Parent Relationship": "Outer",
              "Parallel Aware": false,
              "Startup Cost": 22598.66,
              "Total Cost": 22598.67,
              "Plan Rows": 1,
              "Plan Width": 8,
              "Actual Startup Time": 49.857,
              "Actual Total Time": 49.858,
              "Actual Rows": 1,
              "Actual Loops": 5,
              "Plans": [
                {
                  "Node Type": "Index Scan",
                  "Parent Relationship": "Outer",
                  "Parallel Aware": true,
                  "Scan Direction": "Forward",
                  "Index Name": "role_id_cast_info",
                  "Relation Name": "cast_info",
                  "Alias": "ci",
                  "Startup Cost": 0.56,
                  "Total Cost": 22393.76,
                  "Plan Rows": 81963,
                  "Plan Width": 0,
                  "Actual Startup Time": 0.105,
                  "Actual Total Time": 46.194,
                  "Actual Rows": 49409,
                  "Actual Loops": 5,
                  "Index Cond": "(role_id = 6)",
                  "Rows Removed by Index Recheck": 0,
                  "Filter": "(person_id < 1474632)",
                  "Rows Removed by Filter": 105325
                }
              ]
            }
          ]
        }
      ]
    },
    "Planning Time": 0.312,
    "Triggers": [],
    "Execution Time": 64.711
  }
]