[
  {
    "Plan": {
      "Node Type": "Aggregate",
      "Strategy": "Plain",
      "Partial Mode": "Finalize",
      "Parallel Aware": false,
      "Startup Cost": 33271.04,
      "Total Cost": 33271.05,
      "Plan Rows": 1,
      "Plan Width": 8,
      "Actual Startup Time": 98.265,
      "Actual Total Time": 105.987,
      "Actual Rows": 1,
      "Actual Loops": 1,
      "Plans": [
        {
          "Node Type": "Gather",
          "Parent Relationship": "Outer",
          "Parallel Aware": false,
          "Startup Cost": 33270.72,
          "Total Cost": 33271.03,
          "Plan Rows": 3,
          "Plan Width": 8,
          "Actual Startup Time": 98.136,
          "Actual Total Time": 105.979,
          "Actual Rows": 4,
          "Actual Loops": 1,
          "Workers Planned": 3,
          "Workers Launched": 3,
          "Single Copy": false,
          "Plans": [
            {
              "Node Type": "Aggregate",
              "Strategy": "Plain",
              "Partial Mode": "Partial",
              "Parent Relationship": "Outer",
              "Parallel Aware": false,
              "Startup Cost": 32270.72,
              "Total Cost": 32270.73,
              "Plan Rows": 1,
              "Plan Width": 8,
              "Actual Startup Time": 90.142,
              "Actual Total Time": 90.143,
              "Actual Rows": 1,
              "Actual Loops": 4,
              "Plans": [
                {
                  "Node Type": "Seq Scan",
                  "Parent Relationship": "Outer",
                  "Parallel Aware": true,
                  "Relation Name": "movie_companies",
                  "Alias": "mc",
                  "Startup Cost": 0.0,
                  "Total Cost": 31414.82,
                  "Plan Rows": 342361,
                  "Plan Width": 0,
                  "Actual Startup Time": 49.047,
                  "Actual Total Time": 82.301,
                  "Actual Rows": 201400,
                  "Actual Loops": 4,
                  "Filter": "((company_id < 72780) AND (company_type_id = 2))",
                  "Rows Removed by Filter": 450883
                }
              ]
            }
          ]
        }
      ]
    },
    "Planning Time": 0.225,
    "Triggers": [],
    "Execution Time": 106.046
  }
]