[
  {
    "Plan": {
      "Node Type": "Aggregate",
      "Strategy": "Plain",
      "Partial Mode": "Finalize",
      "Parallel Aware": false,
      "Startup Cost": 46628.58,
      "Total Cost": 46628.59,
      "Plan Rows": 1,
      "Plan Width": 8,
      "Actual Startup Time": 91.136,
      "Actual Total Time": 102.502,
      "Actual Rows": 1,
      "Actual Loops": 1,
      "Plans": [
        {
          "Node Type": "Gather",
          "Parent Relationship": "Outer",
          "Parallel Aware": false,
          "Startup Cost": 46628.16,
          "Total Cost": 46628.57,
          "Plan Rows": 4,
          "Plan Width": 8,
          "Actual Startup Time": 90.952,
          "Actual Total Time": 102.488,
          "Actual Rows": 5,
          "Actual Loops": 1,
          "Workers Planned": 4,
          "Workers Launched": 4,
          "Single Copy": false,
          "Plans": [
            {
              "Node Type": "Aggregate",
              "Strategy": "Plain",
              "Partial Mode": "Partial",
              "Parent Relationship": "Outer",
              "Parallel Aware": false,
              "Startup Cost": 45628.16,
              "Total Cost": 45628.17,
              "Plan Rows": 1,
              "Plan Width": 8,
              "Actual Startup Time": 85.33,
              "Actual Total Time": 85.331,
              "Actual Rows": 1,
              "Actual Loops": 5,
              "Plans": [
                {
                  "Node Type": "Seq Scan",
                  "Parent Relationship": "Outer",
                  "Parallel Aware": true,
                  "Relation Name": "title",
                  "Alias": "t",
                  "Startup Cost": 0.0,
                  "Total Cost": 45479.59,
                  "Plan Rows": 59429,
                  "Plan Width": 0,
                  "Actual Startup Time": 0.034,
                  "Actual Total Time": 83.623,
                  "Actual Rows": 24050,
                  "Actual Loops": 5,
                  "Filter": "((kind_id > 1) AND (production_year < 1968))",
                  "Rows Removed by Filter": 481613
                }
              ]
            }
          ]
        }
      ]
    },
    "Planning Time": 0.191,
    "Triggers": [],
    "Execution Time": 102.562
  }
]