[
  {
    "Bao": {
      "Bao prediction": 1064.902,
      "Bao recommended hint": "SET enable_nestloop TO off; SET enable_hashjoin TO off; "
    }
  },
  {
    "Plan": {
      "Node Type": "Aggregate",
      "Strategy": "Plain",
      "Partial Mode": "Finalize",
      "Parallel Aware": false,
      "Startup Cost": 1631739.15,
      "Total Cost": 1631739.16,
      "Plan Rows": 1,
      "Plan Width": 64,
      "Actual Startup Time": 8068.6,
      "Actual Total Time": 8170.364,
      "Actual Rows": 1,
      "Actual Loops": 1,
      "Plans": [
        {
          "Node Type": "Gather",
          "Parent Relationship": "Outer",
          "Parallel Aware": false,
          "Startup Cost": 1631738.51,
          "Total Cost": 1631739.12,
          "Plan Rows": 6,
          "Plan Width": 64,
          "Actual Startup Time": 7721.925,
          "Actual Total Time": 8170.333,
          "Actual Rows": 7,
          "Actual Loops": 1,
          "Workers Planned": 6,
          "Workers Launched": 6,
          "Single Copy": false,
          "Plans": [
            {
              "Node Type": "Aggregate",
              "Strategy": "Plain",
              "Partial Mode": "Partial",
              "Parent Relationship": "Outer",
              "Parallel Aware": false,
              "Startup Cost": 1630738.51,
              "Total Cost": 1630738.52,
              "Plan Rows": 1,
              "Plan Width": 64,
              "Actual Startup Time": 7804.749,
              "Actual Total Time": 7804.759,
              "Actual Rows": 1,
              "Actual Loops": 7,
              "Plans": [
                {
                  "Node Type": "Merge Join",
                  "Parent Relationship": "Outer",
                  "Parallel Aware": false,
                  "Join Type": "Inner",
                  "Startup Cost": 1371718.98,
                  "Total Cost": 1624844.52,
                  "Plan Rows": 1178798,
                  "Plan Width": 33,
                  "Actual Startup Time": 5538.275,
                  "Actual Total Time": 7776.085,
                  "Actual Rows": 355373,
                  "Actual Loops": 7,
                  "Inner Unique": false,
                  "Merge Cond": "(ci.person_id = a1.person_id)",
                  "Plans": [
                    {
                      "Node Type": "Sort",
                      "Parent Relationship": "Outer",
                      "Parallel Aware": false,
                      "Startup Cost": 1371706.65,
                      "Total Cost": 1372945.17,
                      "Plan Rows": 495405,
                      "Plan Width": 21,
                      "Actual Startup Time": 5537.383,
                      "Actual Total Time": 5574.353,
                      "Actual Rows": 281523,
                      "Actual Loops": 7,
                      "Sort Key": [
                        "ci.person_id"
                      ],
                      "Sort Method": "quicksort",
                      "Sort Space Used": 35959,
                      "Sort Space Type": "Memory",
                      "Workers": [
                        {
                          "Worker Number": 0,
                          "Sort Method": "quicksort",
                          "Sort Space Used": 20813,
                          "Sort Space Type": "Memory"
                        },
                        {
                          "Worker Number": 1,
                          "Sort Method": "quicksort",
                          "Sort Space Used": 21539,
                          "Sort Space Type": "Memory"
                        },
                        {
                          "Worker Number": 2,
                          "Sort Method": "quicksort",
                          "Sort Space Used": 21197,
                          "Sort Space Type": "Memory"
                        },
                        {
                          "Worker Number": 3,
                          "Sort Method": "quicksort",
                          "Sort Space Used": 36161,
                          "Sort Space Type": "Memory"
                        },
                        {
                          "Worker Number": 4,
                          "Sort Method": "quicksort",
                          "Sort Space Used": 35663,
                          "Sort Space Type": "Memory"
                        },
                        {
                          "Worker Number": 5,
                          "Sort Method": "quicksort",
                          "Sort Space Used": 36428,
                          "Sort Space Type": "Memory"
                        }
                      ],
                      "Plans": [
                        {
                          "Node Type": "Merge Join",
                          "Parent Relationship": "Outer",
                          "Parallel Aware": false,
                          "Join Type": "Inner",
                          "Startup Cost": 1189850.62,
                          "Total Cost": 1324845.68,
                          "Plan Rows": 495405,
                          "Plan Width": 21,
                          "Actual Startup Time": 3719.311,
                          "Actual Total Time": 5457.99,
                          "Actual Rows": 281523,
                          "Actual Loops": 7,
                          "Inner Unique": true,
                          "Merge Cond": "(ci.movie_id = t.id)",
                          "Plans": [
                            {
                              "Node Type": "Merge Join",
                              "Parent Relationship": "Outer",
                              "Parallel Aware": false,
                              "Join Type": "Inner",
                              "Startup Cost": 1189847.42,
                              "Total Cost": 1202089.39,
                              "Plan Rows": 495405,
                              "Plan Width": 12,
                              "Actual Startup Time": 3719.029,
                              "Actual Total Time": 4038.081,
                              "Actual Rows": 281523,
                              "Actual Loops": 7,
                              "Inner Unique": false,
                              "Merge Cond": "(ci.movie_id = mc.movie_id)",
                              "Plans": [
                                {
                                  "Node Type": "Sort",
                                  "Parent Relationship": "Outer",
                                  "Parallel Aware": false,
                                  "Startup Cost": 935839.61,
                                  "Total Cost": 937098.56,
                                  "Plan Rows": 503581,
                                  "Plan Width": 8,
                                  "Actual Startup Time": 1352.797,
                                  "Actual Total Time": 1405.082,
                                  "Actual Rows": 389820,
                                  "Actual Loops": 7,
                                  "Sort Key": [
                                    "ci.movie_id"
                                  ],
                                  "Sort Method": "quicksort",
                                  "Sort Space Used": 33879,
                                  "Sort Space Type": "Memory",
                                  "Workers": [
                                    {
                                      "Worker Number": 0,
                                      "Sort Method": "quicksort",
                                      "Sort Space Used": 26219,
                                      "Sort Space Type": "Memory"
                                    },
                                    {
                                      "Worker Number": 1,
                                      "Sort Method": "quicksort",
                                      "Sort Space Used": 25967,
                                      "Sort Space Type": "Memory"
                                    },
                                    {
                                      "Worker Number": 2,
                                      "Sort Method": "quicksort",
                                      "Sort Space Used": 25963,
                                      "Sort Space Type": "Memory"
                                    },
                                    {
                                      "Worker Number": 3,
                                      "Sort Method": "quicksort",
                                      "Sort Space Used": 33952,
                                      "Sort Space Type": "Memory"
                                    },
                                    {
                                      "Worker Number": 4,
                                      "Sort Method": "quicksort",
                                      "Sort Space Used": 33897,
                                      "Sort Space Type": "Memory"
                                    },
                                    {
                                      "Worker Number": 5,
                                      "Sort Method": "quicksort",
                                      "Sort Space Used": 34062,
                                      "Sort Space Type": "Memory"
                                    }
                                  ],
                                  "Plans": [
                                    {
                                      "Node Type": "Merge Join",
                                      "Parent Relationship": "Outer",
                                      "Parallel Aware": false,
                                      "Join Type": "Inner",
                                      "Startup Cost": 1.72,
                                      "Total Cost": 888145.8,
                                      "Plan Rows": 503581,
                                      "Plan Width": 8,
                                      "Actual Startup Time": 1088.157,
                                      "Actual Total Time": 1229.945,
                                      "Actual Rows": 389849,
                                      "Actual Loops": 7,
                                      "Inner Unique": true,
                                      "Merge Cond": "(ci.role_id = rt.id)",
                                      "Plans": [
                                        {
                                          "Node Type": "Index Scan",
                                          "Parent Relationship": "Outer",
                                          "Parallel Aware": true,
                                          "Scan Direction": "Forward",
                                          "Index Name": "role_id_cast_info",
                                          "Relation Name": "cast_info",
                                          "Alias": "ci",
                                          "Startup Cost": 0.56,
                                          "Total Cost": 868001.39,
                                          "Plan Rows": 6042971,
                                          "Plan Width": 12,
                                          "Actual Startup Time": 0.244,
                                          "Actual Total Time": 846.416,
                                          "Actual Rows": 3837093,
                                          "Actual Loops": 7
                                        },
                                        {
                                          "Node Type": "Sort",
                                          "Parent Relationship": "Inner",
                                          "Parallel Aware": false,
                                          "Startup Cost": 1.16,
                                          "Total Cost": 1.16,
                                          "Plan Rows": 1,
                                          "Plan Width": 4,
                                          "Actual Startup Time": 0.085,
                                          "Actual Total Time": 0.088,
                                          "Actual Rows": 1,
                                          "Actual Loops": 7,
                                          "Sort Key": [
                                            "rt.id"
                                          ],
                                          "Sort Method": "quicksort",
                                          "Sort Space Used": 25,
                                          "Sort Space Type": "Memory",
                                          "Workers": [
                                            {
                                              "Worker Number": 0,
                                              "Sort Method": "quicksort",
                                              "Sort Space Used": 25,
                                              "Sort Space Type": "Memory"
                                            },
                                            {
                                              "Worker Number": 1,
                                              "Sort Method": "quicksort",
                                              "Sort Space Used": 25,
                                              "Sort Space Type": "Memory"
                                            },
                                            {
                                              "Worker Number": 2,
                                              "Sort Method": "quicksort",
                                              "Sort Space Used": 25,
                                              "Sort Space Type": "Memory"
                                            },
                                            {
                                              "Worker Number": 3,
                                              "Sort Method": "quicksort",
                                              "Sort Space Used": 25,
                                              "Sort Space Type": "Memory"
                                            },
                                            {
                                              "Worker Number": 4,
                                              "Sort Method": "quicksort",
                                              "Sort Space Used": 25,
                                              "Sort Space Type": "Memory"
                                            },
                                            {
                                              "Worker Number": 5,
                                              "Sort Method": "quicksort",
                                              "Sort Space Used": 25,
                                              "Sort Space Type": "Memory"
                                            }
                                          ],
                                          "Plans": [
                                            {
                                              "Node Type": "Seq Scan",
                                              "Parent Relationship": "Outer",
                                              "Parallel Aware": false,
                                              "Relation Name": "role_type",
                                              "Alias": "rt",
                                              "Startup Cost": 0.0,
                                              "Total Cost": 1.15,
                                              "Plan Rows": 1,
                                              "Plan Width": 4,
                                              "Actual Startup Time": 0.052,
                                              "Actual Total Time": 0.054,
                                              "Actual Rows": 1,
                                              "Actual Loops": 7,
                                              "Filter": "((role)::text = 'writer'::text)",
                                              "Rows Removed by Filter": 11
                                            }
                                          ]
                                        }
                                      ]
                                    }
                                  ]
                                },
                                {
                                  "Node Type": "Sort",
                                  "Parent Relationship": "Inner",
                                  "Parallel Aware": false,
                                  "Startup Cost": 254007.76,
                                  "Total Cost": 256392.95,
                                  "Plan Rows": 954076,
                                  "Plan Width": 4,
                                  "Actual Startup Time": 2366.215,
                                  "Actual Total Time": 2494.47,
                                  "Actual Rows": 1214921,
                                  "Actual Loops": 7,
                                  "Sort Key": [
                                    "mc.movie_id"
                                  ],
                                  "Sort Method": "quicksort",
                                  "Sort Space Used": 103237,
                                  "Sort Space Type": "Memory",
                                  "Workers": [
                                    {
                                      "Worker Number": 0,
                                      "Sort Method": "quicksort",
                                      "Sort Space Used": 103237,
                                      "Sort Space Type": "Memory"
                                    },
                                    {
                                      "Worker Number": 1,
                                      "Sort Method": "quicksort",
                                      "Sort Space Used": 103237,
                                      "Sort Space Type": "Memory"
                                    },
                                    {
                                      "Worker Number": 2,
                                      "Sort Method": "quicksort",
                                      "Sort Space Used": 103237,
                                      "Sort Space Type": "Memory"
                                    },
                                    {
                                      "Worker Number": 3,
                                      "Sort Method": "quicksort",
                                      "Sort Space Used": 103237,
                                      "Sort Space Type": "Memory"
                                    },
                                    {
                                      "Worker Number": 4,
                                      "Sort Method": "quicksort",
                                      "Sort Space Used": 103237,
                                      "Sort Space Type": "Memory"
                                    },
                                    {
                                      "Worker Number": 5,
                                      "Sort Method": "quicksort",
                                      "Sort Space Used": 103237,
                                      "Sort Space Type": "Memory"
                                    }
                                  ],
                                  "Plans": [
                                    {
                                      "Node Type": "Merge Join",
                                      "Parent Relationship": "Outer",
                                      "Parallel Aware": false,
                                      "Join Type": "Inner",
                                      "Startup Cost": 4190.88,
                                      "Total Cost": 159250.15,
                                      "Plan Rows": 954076,
                                      "Plan Width": 4,
                                      "Actual Startup Time": 0.123,
                                      "Actual Total Time": 2014.875,
                                      "Actual Rows": 1153798,
                                      "Actual Loops": 7,
                                      "Inner Unique": false,
                                      "Merge Cond": "(cn.id = mc.company_id)",
                                      "Plans": [
                                        {
                                          "Node Type": "Index Scan",
                                          "Parent Relationship": "Outer",
                                          "Parallel Aware": false,
                                          "Scan Direction": "Forward",
                                          "Index Name": "company_name_pkey",
                                          "Relation Name": "company_name",
                                          "Alias": "cn",
                                          "Startup Cost": 0.42,
                                          "Total Cost": 12469.43,
                                          "Plan Rows": 85931,
                                          "Plan Width": 4,
                                          "Actual Startup Time": 0.066,
                                          "Actual Total Time": 186.425,
                                          "Actual Rows": 84843,
                                          "Actual Loops": 7,
                                          "Filter": "((country_code)::text = '[us]'::text)",
                                          "Rows Removed by Filter": 150154
                                        },
                                        {
                                          "Node Type": "Index Scan",
                                          "Parent Relationship": "Inner",
                                          "Parallel Aware": false,
                                          "Scan Direction": "Forward",
                                          "Index Name": "company_id_movie_companies",
                                          "Relation Name": "movie_companies",
                                          "Alias": "mc",
                                          "Startup Cost": 0.43,
                                          "Total Cost": 130510.28,
                                          "Plan Rows": 2609129,
                                          "Plan Width": 8,
                                          "Actual Startup Time": 0.054,
                                          "Actual Total Time": 1589.721,
                                          "Actual Rows": 2609129,
                                          "Actual Loops": 7
                                        }
                                      ]
                                    }
                                  ]
                                }
                              ]
                            },
                            {
                              "Node Type": "Index Scan",
                              "Parent Relationship": "Inner",
                              "Parallel Aware": false,
                              "Scan Direction": "Forward",
                              "Index Name": "title_pkey",
                              "Relation Name": "title",
                              "Alias": "t",
                              "Startup Cost": 0.43,
                              "Total Cost": 110359.06,
                              "Plan Rows": 2528509,
                              "Plan Width": 21,
                              "Actual Startup Time": 0.065,
                              "Actual Total Time": 1234.119,
                              "Actual Rows": 2525728,
                              "Actual Loops": 7
                            }
                          ]
                        }
                      ]
                    },
                    {
                      "Node Type": "Materialize",
                      "Parent Relationship": "Inner",
                      "Parallel Aware": false,
                      "Startup Cost": 12.17,
                      "Total Cost": 274134.58,
                      "Plan Rows": 901343,
                      "Plan Width": 24,
                      "Actual Startup Time": 0.095,
                      "Actual Total Time": 2092.202,
                      "Actual Rows": 999602,
                      "Actual Loops": 7,
                      "Plans": [
                        {
                          "Node Type": "Merge Join",
                          "Parent Relationship": "Outer",
                          "Parallel Aware": false,
                          "Join Type": "Inner",
                          "Startup Cost": 12.17,
                          "Total Cost": 271881.22,
                          "Plan Rows": 901343,
                          "Plan Width": 24,
                          "Actual Startup Time": 0.09,
                          "Actual Total Time": 1938.936,
                          "Actual Rows": 656204,
                          "Actual Loops": 7,
                          "Inner Unique": true,
                          "Merge Cond": "(a1.person_id = n1.id)",
                          "Plans": [
                            {
                              "Node Type": "Index Scan",
                              "Parent Relationship": "Outer",
                              "Parallel Aware": false,
                              "Scan Direction": "Forward",
                              "Index Name": "person_id_aka_name",
                              "Relation Name": "aka_name",
                              "Alias": "a1",
                              "Startup Cost": 0.42,
                              "Total Cost": 72027.93,
                              "Plan Rows": 901343,
                              "Plan Width": 20,
                              "Actual Startup Time": 0.031,
                              "Actual Total Time": 228.435,
                              "Actual Rows": 656204,
                              "Actual Loops": 7
                            },
                            {
                              "Node Type": "Index Only Scan",
                              "Parent Relationship": "Inner",
                              "Parallel Aware": false,
                              "Scan Direction": "Forward",
                              "Index Name": "name_pkey",
                              "Relation Name": "name",
                              "Alias": "n1",
                              "Startup Cost": 0.43,
                              "Total Cost": 178171.22,
                              "Plan Rows": 4167377,
                              "Plan Width": 4,
                              "Actual Startup Time": 0.051,
                              "Actual Total Time": 1456.585,
                              "Actual Rows": 3228295,
                              "Actual Loops": 7,
                              "Heap Fetches": 22598067
                            }
                          ]
                        }
                      ]
                    }
                  ]
                }
              ]
            }
          ]
        }
      ]
    },
    "Planning Time": 328.123,
    "Triggers": [],
    "Execution Time": 8193.88
  }
]