[
  {
    "Plan": {
      "Node Type": "Aggregate",
      "Strategy": "Plain",
      "Partial Mode": "Finalize",
      "Parallel Aware": false,
      "Startup Cost": 47265.14,
      "Total Cost": 47265.15,
      "Plan Rows": 1,
      "Plan Width": 8,
      "Actual Startup Time": 117.262,
      "Actual Total Time": 129.555,
      "Actual Rows": 1,
      "Actual Loops": 1,
      "Plans": [
        {
          "Node Type": "Gather",
          "Parent Relationship": "Outer",
          "Parallel Aware": false,
          "Startup Cost": 47264.72,
          "Total Cost": 47265.13,
          "Plan Rows": 4,
          "Plan Width": 8,
          "Actual Startup Time": 116.976,
          "Actual Total Time": 129.546,
          "Actual Rows": 5,
          "Actual Loops": 1,
          "Workers Planned": 4,
          "Workers Launched": 4,
          "Single Copy": false,
          "Plans": [
            {
              "Node Type": "Aggregate",
              "Strategy": "Plain",
              "Partial Mode": "Partial",
              "Parent Relationship": "Outer",
              "Parallel Aware": false,
              "Startup Cost": 46264.72,
              "Total Cost": 46264.73,
              "Plan Rows": 1,
              "Plan Width": 8,
              "Actual Startup Time": 110.092,
              "Actual Total Time": 110.094,
              "Actual Rows": 1,
              "Actual Loops": 5,
              "Plans": [
                {
                  "Node Type": "Seq Scan",
                  "Parent Relationship": "Outer",
                  "Parallel Aware": true,
                  "Relation Name": "title",
                  "Alias": "t",
                  "Startup Cost": 0.0,
                  "Total Cost": 45479.1,
                  "Plan Rows": 314250,
                  "Plan Width": 0,
                  "Actual Startup Time": 0.032,
                  "Actual Total Time": 94.964,
                  "Actual Rows": 275045,
                  "Actual Loops": 5,
                  "Filter": "((kind_id > 1) AND (production_year > 1992))",
                  "Rows Removed by Filter": 230617
                }
              ]
            }
          ]
        }
      ]
    },
    "Planning Time": 0.128,
    "Triggers": [],
    "Execution Time": 129.6
  }
]