[
  {
    "Plan": {
      "Node Type": "Aggregate",
      "Strategy": "Plain",
      "Partial Mode": "Finalize",
      "Parallel Aware": false,
      "Startup Cost": 342350.99,
      "Total Cost": 342351.0,
      "Plan Rows": 1,
      "Plan Width": 8,
      "Actual Startup Time": 832.574,
      "Actual Total Time": 881.278,
      "Actual Rows": 1,
      "Actual Loops": 1,
      "Plans": [
        {
          "Node Type": "Gather",
          "Parent Relationship": "Outer",
          "Parallel Aware": false,
          "Startup Cost": 342350.36,
          "Total Cost": 342350.97,
          "Plan Rows": 6,
          "Plan Width": 8,
          "Actual Startup Time": 832.385,
          "Actual Total Time": 881.261,
          "Actual Rows": 7,
          "Actual Loops": 1,
          "Workers Planned": 6,
          "Workers Launched": 6,
          "Single Copy": false,
          "Plans": [
            {
              "Node Type": "Aggregate",
              "Strategy": "Plain",
              "Partial Mode": "Partial",
              "Parent Relationship": "Outer",
              "Parallel Aware": false,
              "Startup Cost": 341350.36,
              "Total Cost": 341350.37,
              "Plan Rows": 1,
              "Plan Width": 8,
              "Actual Startup Time": 825.139,
              "Actual Total Time": 825.141,
              "Actual Rows": 1,
              "Actual Loops": 7,
              "Plans": [
                {
                  "Node Type": "Seq Scan",
                  "Parent Relationship": "Outer",
                  "Parallel Aware": true,
                  "Relation Name": "cast_info",
                  "Alias": "ci",
                  "Startup Cost": 0.0,
                  "Total Cost": 328211.39,
                  "Plan Rows": 5255589,
                  "Plan Width": 0,
                  "Actual Startup Time": 0.046,
                  "Actual Total Time": 618.924,
                  "Actual Rows": 4508626,
                  "Actual Loops": 7,
                  "Filter": "(person_id < 3213298)",
                  "Rows Removed by Filter": 669137
                }
              ]
            }
          ]
        }
      ]
    },
    "Planning Time": 0.138,
    "Triggers": [],
    "Execution Time": 881.332
  }
]