[
  {
    "Plan": {
      "Node Type": "Aggregate",
      "Strategy": "Plain",
      "Partial Mode": "Finalize",
      "Parallel Aware": false,
      "Startup Cost": 60168.97,
      "Total Cost": 60168.98,
      "Plan Rows": 1,
      "Plan Width": 8,
      "Actual Startup Time": 201.363,
      "Actual Total Time": 214.298,
      "Actual Rows": 1,
      "Actual Loops": 1,
      "Plans": [
        {
          "Node Type": "Gather",
          "Parent Relationship": "Outer",
          "Parallel Aware": false,
          "Startup Cost": 60168.75,
          "Total Cost": 60168.96,
          "Plan Rows": 2,
          "Plan Width": 8,
          "Actual Startup Time": 201.104,
          "Actual Total Time": 214.289,
          "Actual Rows": 3,
          "Actual Loops": 1,
          "Workers Planned": 2,
          "Workers Launched": 2,
          "Single Copy": false,
          "Plans": [
            {
              "Node Type": "Aggregate",
              "Strategy": "Plain",
              "Partial Mode": "Partial",
              "Parent Relationship": "Outer",
              "Parallel Aware": false,
              "Startup Cost": 59168.75,
              "Total Cost": 59168.76,
              "Plan Rows": 1,
              "Plan Width": 8,
              "Actual Startup Time": 193.91,
              "Actual Total Time": 193.913,
              "Actual Rows": 1,
              "Actual Loops": 3,
              "Plans": [
                {
                  "Node Type": "Hash Join",
                  "Parent Relationship": "Outer",
                  "Parallel Aware": true,
                  "Join Type": "Inner",
                  "Startup Cost": 43962.6,
                  "Total Cost": 59157.16,
                  "Plan Rows": 4635,
                  "Plan Width": 0,
                  "Actual Startup Time": 147.983,
                  "Actual Total Time": 193.75,
                  "Actual Rows": 3059,
                  "Actual Loops": 3,
                  "Inner Unique": true,
                  "Hash Cond": "(mi_idx.movie_id = t.id)",
                  "Plans": [
                    {
                      "Node Type": "Seq Scan",
                      "Parent Relationship": "Outer",
                      "Parallel Aware": true,
                      "Relation Name": "movie_info_idx",
                      "Alias": "mi_idx",
                      "Startup Cost": 0.0,
                      "Total Cost": 13685.15,
                      "Plan Rows": 575015,
                      "Plan Width": 4,
                      "Actual Startup Time": 0.022,
                      "Actual Total Time": 38.281,
                      "Actual Rows": 460012,
                      "Actual Loops": 3
                    },
                    {
                      "Node Type": "Hash",
                      "Parent Relationship": "Inner",
                      "Parallel Aware": true,
                      "Startup Cost": 43898.92,
                      "Total Cost": 43898.92,
                      "Plan Rows": 5095,
                      "Plan Width": 4,
                      "Actual Startup Time": 115.916,
                      "Actual Total Time": 115.917,
                      "Actual Rows": 8169,
                      "Actual Loops": 3,
                      "Hash Buckets": 32768,
                      "Original Hash Buckets": 32768,
                      "Hash Batches": 1,
                      "Original Hash Batches": 1,
                      "Peak Memory Usage": 1280,
                      "Plans": [
                        {
                          "Node Type": "Seq Scan",
                          "Parent Relationship": "Outer",
                          "Parallel Aware": true,
                          "Relation Name": "title",
                          "Alias": "t",
                          "Startup Cost": 0.0,
                          "Total Cost": 43898.92,
                          "Plan Rows": 5095,
                          "Plan Width": 4,
                          "Actual Startup Time": 68.332,
                          "Actual Total Time": 113.158,
                          "Actual Rows": 8169,
                          "Actual Loops": 3,
                          "Filter": "(production_year < 1910)",
                          "Rows Removed by Filter": 834601
                        }
                      ]
                    }
                  ]
                }
              ]
            }
          ]
        }
      ]
    },
    "Planning Time": 0.619,
    "Triggers": [],
    "Execution Time": 214.37
  }
]