[
  {
    "Plan": {
      "Node Type": "Aggregate",
      "Strategy": "Plain",
      "Partial Mode": "Finalize",
      "Parallel Aware": false,
      "Startup Cost": 30855.12,
      "Total Cost": 30855.13,
      "Plan Rows": 1,
      "Plan Width": 8,
      "Actual Startup Time": 102.728,
      "Actual Total Time": 110.047,
      "Actual Rows": 1,
      "Actual Loops": 1,
      "Plans": [
        {
          "Node Type": "Gather",
          "Parent Relationship": "Outer",
          "Parallel Aware": false,
          "Startup Cost": 30854.8,
          "Total Cost": 30855.11,
          "Plan Rows": 3,
          "Plan Width": 8,
          "Actual Startup Time": 102.495,
          "Actual Total Time": 110.038,
          "Actual Rows": 4,
          "Actual Loops": 1,
          "Workers Planned": 3,
          "Workers Launched": 3,
          "Single Copy": false,
          "Plans": [
            {
              "Node Type": "Aggregate",
              "Strategy": "Plain",
              "Partial Mode": "Partial",
              "Parent Relationship": "Outer",
              "Parallel Aware": false,
              "Startup Cost": 29854.8,
              "Total Cost": 29854.81,
              "Plan Rows": 1,
              "Plan Width": 8,
              "Actual Startup Time": 95.435,
              "Actual Total Time": 95.437,
              "Actual Rows": 1,
              "Actual Loops": 4,
              "Plans": [
                {
                  "Node Type": "Seq Scan",
                  "Parent Relationship": "Outer",
                  "Parallel Aware": true,
                  "Relation Name": "movie_companies",
                  "Alias": "mc",
                  "Startup Cost": 0.0,
                  "Total Cost": 29310.68,
                  "Plan Rows": 217647,
                  "Plan Width": 0,
                  "Actual Startup Time": 32.306,
                  "Actual Total Time": 85.746,
                  "Actual Rows": 171952,
                  "Actual Loops": 4,
                  "Filter": "(company_id > 47390)",
                  "Rows Removed by Filter": 480330
                }
              ]
            }
          ]
        }
      ]
    },
    "Planning Time": 0.127,
    "Triggers": [],
    "Execution Time": 110.086
  }
]