[
  {
    "Plan": {
      "Node Type": "Aggregate",
      "Strategy": "Plain",
      "Partial Mode": "Finalize",
      "Parallel Aware": false,
      "Startup Cost": 47239.9,
      "Total Cost": 47239.91,
      "Plan Rows": 1,
      "Plan Width": 8,
      "Actual Startup Time": 231.775,
      "Actual Total Time": 247.092,
      "Actual Rows": 1,
      "Actual Loops": 1,
      "Plans": [
        {
          "Node Type": "Gather",
          "Parent Relationship": "Outer",
          "Parallel Aware": false,
          "Startup Cost": 47239.58,
          "Total Cost": 47239.89,
          "Plan Rows": 3,
          "Plan Width": 8,
          "Actual Startup Time": 231.595,
          "Actual Total Time": 247.078,
          "Actual Rows": 4,
          "Actual Loops": 1,
          "Workers Planned": 3,
          "Workers Launched": 3,
          "Single Copy": false,
          "Plans": [
            {
              "Node Type": "Aggregate",
              "Strategy": "Plain",
              "Partial Mode": "Partial",
              "Parent Relationship": "Outer",
              "Parallel Aware": false,
              "Startup Cost": 46239.58,
              "Total Cost": 46239.59,
              "Plan Rows": 1,
              "Plan Width": 8,
              "Actual Startup Time": 222.44,
              "Actual Total Time": 222.442,
              "Actual Rows": 1,
              "Actual Loops": 4,
              "Plans": [
                {
                  "Node Type": "Seq Scan",
                  "Parent Relationship": "Outer",
                  "Parallel Aware": true,
                  "Relation Name": "movie_keyword",
                  "Alias": "mk",
                  "Startup Cost": 0.0,
                  "Total Cost": 42695.65,
                  "Plan Rows": 1417571,
                  "Plan Width": 0,
                  "Actual Startup Time": 0.069,
                  "Actual Total Time": 158.014,
                  "Actual Rows": 1099262,
                  "Actual Loops": 4,
                  "Filter": "(keyword_id < 76904)",
                  "Rows Removed by Filter": 31720
                }
              ]
            }
          ]
        }
      ]
    },
    "Planning Time": 0.232,
    "Triggers": [],
    "Execution Time": 247.154
  }
]