[
    {
        "Bao": {
            "Bao prediction": "NaN",
            "Bao recommended hint": "(no hint)"
        }
    },
    {
        "Plan": {
            "Node Type": "Aggregate",
            "Strategy": "Plain",
            "Partial Mode": "Finalize",
            "Parallel Aware": false,
            "Startup Cost": 33226.88,
            "Total Cost": 33226.89,
            "Plan Rows": 1,
            "Plan Width": 8,
            "Actual Startup Time": 97.038,
            "Actual Total Time": 104.365,
            "Actual Rows": 1,
            "Actual Loops": 1,
            "Output": [
                "count(*)"
            ],
            "Plans": [
                {
                    "Node Type": "Gather",
                    "Parent Relationship": "Outer",
                    "Parallel Aware": false,
                    "Startup Cost": 33226.56,
                    "Total Cost": 33226.87,
                    "Plan Rows": 3,
                    "Plan Width": 8,
                    "Actual Startup Time": 96.957,
                    "Actual Total Time": 104.359,
                    "Actual Rows": 4,
                    "Actual Loops": 1,
                    "Output": [
                        "(PARTIAL count(*))"
                    ],
                    "Workers Planned": 3,
                    "Workers Launched": 3,
                    "Single Copy": false,
                    "Plans": [
                        {
                            "Node Type": "Aggregate",
                            "Strategy": "Plain",
                            "Partial Mode": "Partial",
                            "Parent Relationship": "Outer",
                            "Parallel Aware": false,
                            "Startup Cost": 32226.56,
                            "Total Cost": 32226.57,
                            "Plan Rows": 1,
                            "Plan Width": 8,
                            "Actual Startup Time": 89.018,
                            "Actual Total Time": 89.019,
                            "Actual Rows": 1,
                            "Actual Loops": 4,
                            "Output": [
                                "PARTIAL count(*)"
                            ],
                            "Workers": [
                                {
                                    "Worker Number": 0,
                                    "Actual Startup Time": 86.116,
                                    "Actual Total Time": 86.117,
                                    "Actual Rows": 1,
                                    "Actual Loops": 1
                                },
                                {
                                    "Worker Number": 1,
                                    "Actual Startup Time": 86.427,
                                    "Actual Total Time": 86.428,
                                    "Actual Rows": 1,
                                    "Actual Loops": 1
                                },
                                {
                                    "Worker Number": 2,
                                    "Actual Startup Time": 86.887,
                                    "Actual Total Time": 86.888,
                                    "Actual Rows": 1,
                                    "Actual Loops": 1
                                }
                            ],
                            "Plans": [
                                {
                                    "Node Type": "Seq Scan",
                                    "Parent Relationship": "Outer",
                                    "Parallel Aware": true,
                                    "Relation Name": "movie_companies",
                                    "Schema": "public",
                                    "Alias": "mc",
                                    "Startup Cost": 0.0,
                                    "Total Cost": 31414.82,
                                    "Plan Rows": 324697,
                                    "Plan Width": 0,
                                    "Actual Startup Time": 43.513,
                                    "Actual Total Time": 77.589,
                                    "Actual Rows": 289340,
                                    "Actual Loops": 4,
                                    "Output": [
                                        "id",
                                        "movie_id",
                                        "company_id",
                                        "company_type_id",
                                        "note"
                                    ],
                                    "Filter": "((mc.company_id > 836) AND (mc.company_type_id > 1))",
                                    "Rows Removed by Filter": 362942,
                                    "Workers": [
                                        {
                                            "Worker Number": 0,
                                            "Actual Startup Time": 40.619,
                                            "Actual Total Time": 74.82,
                                            "Actual Rows": 278990,
                                            "Actual Loops": 1
                                        },
                                        {
                                            "Worker Number": 1,
                                            "Actual Startup Time": 40.924,
                                            "Actual Total Time": 75.396,
                                            "Actual Rows": 273599,
                                            "Actual Loops": 1
                                        },
                                        {
                                            "Worker Number": 2,
                                            "Actual Startup Time": 41.382,
                                            "Actual Total Time": 75.538,
                                            "Actual Rows": 280253,
                                            "Actual Loops": 1
                                        }
                                    ]
                                }
                            ]
                        }
                    ]
                }
            ]
        },
        "Planning Time": 202.576,
        "Triggers": [],
        "Execution Time": 104.418
    }
]