{
  "Plan": {
    "Node Type": "Aggregate",
    "Strategy": "Plain",
    "Partial Mode": "Finalize",
    "Parallel Aware": false,
    "Startup Cost": 322044.28,
    "Total Cost": 322044.29,
    "Plan Rows": 1,
    "Plan Width": 8,
    "Actual Startup Time": 877.703,
    "Actual Total Time": 898.306,
    "Actual Rows": 1,
    "Actual Loops": 1,
    "Plans": [
      {
        "Node Type": "Gather",
        "Parent Relationship": "Outer",
        "Parallel Aware": false,
        "Startup Cost": 322044.17,
        "Total Cost": 322044.28,
        "Plan Rows": 1,
        "Plan Width": 8,
        "Actual Startup Time": 873.903,
        "Actual Total Time": 898.297,
        "Actual Rows": 2,
        "Actual Loops": 1,
        "Workers Planned": 1,
        "Workers Launched": 1,
        "Single Copy": false,
        "Plans": [
          {
            "Node Type": "Aggregate",
            "Strategy": "Plain",
            "Partial Mode": "Partial",
            "Parent Relationship": "Outer",
            "Parallel Aware": false,
            "Startup Cost": 321044.17,
            "Total Cost": 321044.18,
            "Plan Rows": 1,
            "Plan Width": 8,
            "Actual Startup Time": 867.656,
            "Actual Total Time": 867.662,
            "Actual Rows": 1,
            "Actual Loops": 2,
            "Plans": [
              {
                "Node Type": "Hash Join",
                "Parent Relationship": "Outer",
                "Parallel Aware": true,
                "Join Type": "Inner",
                "Startup Cost": 145777.0,
                "Total Cost": 320729.46,
                "Plan Rows": 125881,
                "Plan Width": 0,
                "Actual Startup Time": 706.444,
                "Actual Total Time": 862.877,
                "Actual Rows": 108033,
                "Actual Loops": 2,
                "Inner Unique": false,
                "Hash Cond": "(mi.movie_id = t.id)",
                "Plans": [
                  {
                    "Node Type": "Bitmap Heap Scan",
                    "Parent Relationship": "Outer",
                    "Parallel Aware": true,
                    "Relation Name": "movie_info",
                    "Alias": "mi",
                    "Startup Cost": 23159.21,
                    "Total Cost": 194551.43,
                    "Plan Rows": 751938,
                    "Plan Width": 4,
                    "Actual Startup Time": 61.054,
                    "Actual Total Time": 123.897,
                    "Actual Rows": 649494,
                    "Actual Loops": 2,
                    "Recheck Cond": "(info_type_id = 4)",
                    "Rows Removed by Index Recheck": 0,
                    "Exact Heap Blocks": 4693,
                    "Lossy Heap Blocks": 0,
                    "Plans": [
                      {
                        "Node Type": "Bitmap Index Scan",
                        "Parent Relationship": "Outer",
                        "Parallel Aware": false,
                        "Index Name": "info_type_id_movie_info",
                        "Startup Cost": 0.0,
                        "Total Cost": 22839.64,
                        "Plan Rows": 1278294,
                        "Plan Width": 0,
                        "Actual Startup Time": 59.781,
                        "Actual Total Time": 59.782,
                        "Actual Rows": 1298989,
                        "Actual Loops": 1,
                        "Index Cond": "(info_type_id = 4)"
                      }
                    ]
                  },
                  {
                    "Node Type": "Hash",
                    "Parent Relationship": "Inner",
                    "Parallel Aware": true,
                    "Startup Cost": 119505.6,
                    "Total Cost": 119505.6,
                    "Plan Rows": 248975,
                    "Plan Width": 8,
                    "Actual Startup Time": 638.79,
                    "Actual Total Time": 638.795,
                    "Actual Rows": 117093,
                    "Actual Loops": 2,
                    "Hash Buckets": 524288,
                    "Original Hash Buckets": 524288,
                    "Hash Batches": 1,
                    "Original Hash Batches": 1,
                    "Peak Memory Usage": 13280,
                    "Plans": [
                      {
                        "Node Type": "Hash Join",
                        "Parent Relationship": "Outer",
                        "Parallel Aware": true,
                        "Join Type": "Inner",
                        "Startup Cost": 86658.94,
                        "Total Cost": 119505.6,
                        "Plan Rows": 248975,
                        "Plan Width": 8,
                        "Actual Startup Time": 423.929,
                        "Actual Total Time": 608.53,
                        "Actual Rows": 117093,
                        "Actual Loops": 2,
                        "Inner Unique": true,
                        "Hash Cond": "(mk.movie_id = t.id)",
                        "Plans": [
                          {
                            "Node Type": "Bitmap Heap Scan",
                            "Parent Relationship": "Outer",
                            "Parallel Aware": true,
                            "Relation Name": "movie_keyword",
                            "Alias": "mk",
                            "Startup Cost": 20011.07,
                            "Total Cost": 51401.16,
                            "Plan Rows": 554887,
                            "Plan Width": 4,
                            "Actual Startup Time": 70.652,
                            "Actual Total Time": 160.569,
                            "Actual Rows": 473162,
                            "Actual Loops": 2,
                            "Recheck Cond": "(keyword_id < 889)",
                            "Rows Removed by Index Recheck": 0,
                            "Exact Heap Blocks": 12597,
                            "Lossy Heap Blocks": 0,
                            "Plans": [
                              {
                                "Node Type": "Bitmap Index Scan",
                                "Parent Relationship": "Outer",
                                "Parallel Aware": false,
                                "Index Name": "keyword_id_movie_keyword",
                                "Startup Cost": 0.0,
                                "Total Cost": 19775.24,
                                "Plan Rows": 943308,
                                "Plan Width": 0,
                                "Actual Startup Time": 66.968,
                                "Actual Total Time": 66.968,
                                "Actual Rows": 946324,
                                "Actual Loops": 1,
                                "Index Cond": "(keyword_id < 889)"
                              }
                            ]
                          },
                          {
                            "Node Type": "Hash",
                            "Parent Relationship": "Inner",
                            "Parallel Aware": true,
                            "Startup Cost": 58306.47,
                            "Total Cost": 58306.47,
                            "Plan Rows": 667312,
                            "Plan Width": 4,
                            "Actual Startup Time": 341.66,
                            "Actual Total Time": 341.661,
                            "Actual Rows": 617422,
                            "Actual Loops": 2,
                            "Hash Buckets": 2097152,
                            "Original Hash Buckets": 2097152,
                            "Hash Batches": 1,
                            "Original Hash Batches": 1,
                            "Peak Memory Usage": 64736,
                            "Plans": [
                              {
                                "Node Type": "Seq Scan",
                                "Parent Relationship": "Outer",
                                "Parallel Aware": true,
                                "Relation Name": "title",
                                "Alias": "t",
                                "Startup Cost": 0.0,
                                "Total Cost": 58306.47,
                                "Plan Rows": 667312,
                                "Plan Width": 4,
                                "Actual Startup Time": 0.039,
                                "Actual Total Time": 166.448,
                                "Actual Rows": 617422,
                                "Actual Loops": 2,
                                "Filter": "((kind_id > 1) AND (production_year > 1997))",
                                "Rows Removed by Filter": 646734
                              }
                            ]
                          }
                        ]
                      }
                    ]
                  }
                ]
              }
            ]
          }
        ]
      }
    ]
  },
  "Planning Time": 1.055,
  "Triggers": [],
  "Execution Time": 898.422
}