[
  {
    "Plan": {
      "Node Type": "Aggregate",
      "Strategy": "Plain",
      "Partial Mode": "Finalize",
      "Parallel Aware": false,
      "Startup Cost": 124875.89,
      "Total Cost": 124875.9,
      "Plan Rows": 1,
      "Plan Width": 8,
      "Actual Startup Time": 614.27,
      "Actual Total Time": 637.667,
      "Actual Rows": 1,
      "Actual Loops": 1,
      "Plans": [
        {
          "Node Type": "Gather",
          "Parent Relationship": "Outer",
          "Parallel Aware": false,
          "Startup Cost": 124875.57,
          "Total Cost": 124875.88,
          "Plan Rows": 3,
          "Plan Width": 8,
          "Actual Startup Time": 611.954,
          "Actual Total Time": 637.656,
          "Actual Rows": 4,
          "Actual Loops": 1,
          "Workers Planned": 3,
          "Workers Launched": 3,
          "Single Copy": false,
          "Plans": [
            {
              "Node Type": "Aggregate",
              "Strategy": "Plain",
              "Partial Mode": "Partial",
              "Parent Relationship": "Outer",
              "Parallel Aware": false,
              "Startup Cost": 123875.57,
              "Total Cost": 123875.58,
              "Plan Rows": 1,
              "Plan Width": 8,
              "Actual Startup Time": 602.741,
              "Actual Total Time": 602.945,
              "Actual Rows": 1,
              "Actual Loops": 4,
              "Plans": [
                {
                  "Node Type": "Hash Join",
                  "Parent Relationship": "Outer",
                  "Parallel Aware": true,
                  "Join Type": "Inner",
                  "Startup Cost": 77247.64,
                  "Total Cost": 123747.87,
                  "Plan Rows": 51078,
                  "Plan Width": 0,
                  "Actual Startup Time": 317.882,
                  "Actual Total Time": 565.193,
                  "Actual Rows": 850119,
                  "Actual Loops": 4,
                  "Inner Unique": false,
                  "Hash Cond": "(mk.movie_id = t.id)",
                  "Plans": [
                    {
                      "Node Type": "Seq Scan",
                      "Parent Relationship": "Outer",
                      "Parallel Aware": true,
                      "Relation Name": "movie_keyword",
                      "Alias": "mk",
                      "Startup Cost": 0.0,
                      "Total Cost": 42695.65,
                      "Plan Rows": 970616,
                      "Plan Width": 4,
                      "Actual Startup Time": 0.173,
                      "Actual Total Time": 112.524,
                      "Actual Rows": 747459,
                      "Actual Loops": 4,
                      "Filter": "(keyword_id > 2238)",
                      "Rows Removed by Filter": 383523
                    },
                    {
                      "Node Type": "Hash",
                      "Parent Relationship": "Inner",
                      "Parallel Aware": true,
                      "Startup Cost": 76711.14,
                      "Total Cost": 76711.14,
                      "Plan Rows": 42920,
                      "Plan Width": 8,
                      "Actual Startup Time": 314.497,
                      "Actual Total Time": 314.699,
                      "Actual Rows": 114108,
                      "Actual Loops": 4,
                      "Hash Buckets": 524288,
                      "Original Hash Buckets": 262144,
                      "Hash Batches": 1,
                      "Original Hash Batches": 1,
                      "Peak Memory Usage": 24096,
                      "Plans": [
                        {
                          "Node Type": "Hash Join",
                          "Parent Relationship": "Outer",
                          "Parallel Aware": true,
                          "Join Type": "Inner",
                          "Startup Cost": 46258.79,
                          "Total Cost": 76711.14,
                          "Plan Rows": 42920,
                          "Plan Width": 8,
                          "Actual Startup Time": 144.554,
                          "Actual Total Time": 276.548,
                          "Actual Rows": 114108,
                          "Actual Loops": 4,
                          "Inner Unique": true,
                          "Hash Cond": "(mc.movie_id = t.id)",
                          "Plans": [
                            {
                              "Node Type": "Seq Scan",
                              "Parent Relationship": "Outer",
                              "Parallel Aware": true,
                              "Relation Name": "movie_companies",
                              "Alias": "mc",
                              "Startup Cost": 0.0,
                              "Total Cost": 29310.68,
                              "Plan Rows": 434923,
                              "Plan Width": 4,
                              "Actual Startup Time": 9.304,
                              "Actual Total Time": 70.088,
                              "Actual Rows": 339002,
                              "Actual Loops": 4,
                              "Filter": "(company_id > 11153)",
                              "Rows Removed by Filter": 313280
                            },
                            {
                              "Node Type": "Hash",
                              "Parent Relationship": "Inner",
                              "Parallel Aware": true,
                              "Startup Cost": 45479.1,
                              "Total Cost": 45479.1,
                              "Plan Rows": 62375,
                              "Plan Width": 4,
                              "Actual Startup Time": 134.019,
                              "Actual Total Time": 134.02,
                              "Actual Rows": 91406,
                              "Actual Loops": 4,
                              "Hash Buckets": 524288,
                              "Original Hash Buckets": 262144,
                              "Hash Batches": 1,
                              "Original Hash Batches": 1,
                              "Peak Memory Usage": 20512,
                              "Plans": [
                                {
                                  "Node Type": "Seq Scan",
                                  "Parent Relationship": "Outer",
                                  "Parallel Aware": true,
                                  "Relation Name": "title",
                                  "Alias": "t",
                                  "Startup Cost": 0.0,
                                  "Total Cost": 45479.1,
                                  "Plan Rows": 62375,
                                  "Plan Width": 4,
                                  "Actual Startup Time": 0.085,
                                  "Actual Total Time": 100.218,
                                  "Actual Rows": 91406,
                                  "Actual Loops": 4,
                                  "Filter": "((kind_id < 7) AND (production_year < 1988))",
                                  "Rows Removed by Filter": 540672
                                }
                              ]
                            }
                          ]
                        }
                      ]
                    }
                  ]
                }
              ]
            }
          ]
        }
      ]
    },
    "Planning Time": 1.507,
    "Triggers": [],
    "Execution Time": 637.75
  }
]