[
  {
    "Plan": {
      "Node Type": "Aggregate",
      "Strategy": "Plain",
      "Partial Mode": "Finalize",
      "Parallel Aware": false,
      "Startup Cost": 253007.41,
      "Total Cost": 253007.42,
      "Plan Rows": 1,
      "Plan Width": 8,
      "Actual Startup Time": 751.53,
      "Actual Total Time": 795.868,
      "Actual Rows": 1,
      "Actual Loops": 1,
      "Plans": [
        {
          "Node Type": "Gather",
          "Parent Relationship": "Outer",
          "Parallel Aware": false,
          "Startup Cost": 253006.89,
          "Total Cost": 253007.4,
          "Plan Rows": 5,
          "Plan Width": 8,
          "Actual Startup Time": 738.822,
          "Actual Total Time": 795.855,
          "Actual Rows": 6,
          "Actual Loops": 1,
          "Workers Planned": 5,
          "Workers Launched": 5,
          "Single Copy": false,
          "Plans": [
            {
              "Node Type": "Aggregate",
              "Strategy": "Plain",
              "Partial Mode": "Partial",
              "Parent Relationship": "Outer",
              "Parallel Aware": false,
              "Startup Cost": 252006.89,
              "Total Cost": 252006.9,
              "Plan Rows": 1,
              "Plan Width": 8,
              "Actual Startup Time": 729.524,
              "Actual Total Time": 729.528,
              "Actual Rows": 1,
              "Actual Loops": 6,
              "Plans": [
                {
                  "Node Type": "Hash Join",
                  "Parent Relationship": "Outer",
                  "Parallel Aware": true,
                  "Join Type": "Inner",
                  "Startup Cost": 50368.72,
                  "Total Cost": 251068.8,
                  "Plan Rows": 375234,
                  "Plan Width": 0,
                  "Actual Startup Time": 301.225,
                  "Actual Total Time": 716.009,
                  "Actual Rows": 303460,
                  "Actual Loops": 6,
                  "Inner Unique": true,
                  "Hash Cond": "(mi.movie_id = t.id)",
                  "Plans": [
                    {
                      "Node Type": "Seq Scan",
                      "Parent Relationship": "Outer",
                      "Parallel Aware": true,
                      "Relation Name": "movie_info",
                      "Alias": "mi",
                      "Startup Cost": 0.0,
                      "Total Cost": 199108.24,
                      "Plan Rows": 606414,
                      "Plan Width": 4,
                      "Actual Startup Time": 78.462,
                      "Actual Total Time": 333.169,
                      "Actual Rows": 506120,
                      "Actual Loops": 6,
                      "Filter": "(info_type_id = 16)",
                      "Rows Removed by Filter": 1966500
                    },
                    {
                      "Node Type": "Hash",
                      "Parent Relationship": "Inner",
                      "Parallel Aware": true,
                      "Startup Cost": 45479.59,
                      "Total Cost": 45479.59,
                      "Plan Rows": 391131,
                      "Plan Width": 4,
                      "Actual Startup Time": 218.816,
                      "Actual Total Time": 218.817,
                      "Actual Rows": 278330,
                      "Actual Loops": 6,
                      "Hash Buckets": 2097152,
                      "Original Hash Buckets": 2097152,
                      "Hash Batches": 1,
                      "Original Hash Batches": 1,
                      "Peak Memory Usage": 81824,
                      "Plans": [
                        {
                          "Node Type": "Seq Scan",
                          "Parent Relationship": "Outer",
                          "Parallel Aware": true,
                          "Relation Name": "title",
                          "Alias": "t",
                          "Startup Cost": 0.0,
                          "Total Cost": 45479.59,
                          "Plan Rows": 391131,
                          "Plan Width": 4,
                          "Actual Startup Time": 0.055,
                          "Actual Total Time": 92.996,
                          "Actual Rows": 278330,
                          "Actual Loops": 6,
                          "Filter": "((kind_id > 1) AND (production_year > 1968))",
                          "Rows Removed by Filter": 143055
                        }
                      ]
                    }
                  ]
                }
              ]
            }
          ]
        }
      ]
    },
    "Planning Time": 0.488,
    "Triggers": [],
    "Execution Time": 795.914
  }
]