[
    {
        "Bao": {
            "Bao prediction": "NaN",
            "Bao recommended hint": "(no hint)"
        }
    },
    {
        "Plan": {
            "Node Type": "Aggregate",
            "Strategy": "Plain",
            "Partial Mode": "Finalize",
            "Parallel Aware": false,
            "Startup Cost": 33311.92,
            "Total Cost": 33311.93,
            "Plan Rows": 1,
            "Plan Width": 8,
            "Actual Startup Time": 96.882,
            "Actual Total Time": 101.978,
            "Actual Rows": 1,
            "Actual Loops": 1,
            "Output": [
                "count(*)"
            ],
            "Plans": [
                {
                    "Node Type": "Gather",
                    "Parent Relationship": "Outer",
                    "Parallel Aware": false,
                    "Startup Cost": 33311.61,
                    "Total Cost": 33311.92,
                    "Plan Rows": 3,
                    "Plan Width": 8,
                    "Actual Startup Time": 96.776,
                    "Actual Total Time": 101.972,
                    "Actual Rows": 4,
                    "Actual Loops": 1,
                    "Output": [
                        "(PARTIAL count(*))"
                    ],
                    "Workers Planned": 3,
                    "Workers Launched": 3,
                    "Single Copy": false,
                    "Plans": [
                        {
                            "Node Type": "Aggregate",
                            "Strategy": "Plain",
                            "Partial Mode": "Partial",
                            "Parent Relationship": "Outer",
                            "Parallel Aware": false,
                            "Startup Cost": 32311.61,
                            "Total Cost": 32311.62,
                            "Plan Rows": 1,
                            "Plan Width": 8,
                            "Actual Startup Time": 88.711,
                            "Actual Total Time": 88.712,
                            "Actual Rows": 1,
                            "Actual Loops": 4,
                            "Output": [
                                "PARTIAL count(*)"
                            ],
                            "Workers": [
                                {
                                    "Worker Number": 0,
                                    "Actual Startup Time": 85.67,
                                    "Actual Total Time": 85.671,
                                    "Actual Rows": 1,
                                    "Actual Loops": 1
                                },
                                {
                                    "Worker Number": 1,
                                    "Actual Startup Time": 86.17,
                                    "Actual Total Time": 86.171,
                                    "Actual Rows": 1,
                                    "Actual Loops": 1
                                },
                                {
                                    "Worker Number": 2,
                                    "Actual Startup Time": 86.507,
                                    "Actual Total Time": 86.508,
                                    "Actual Rows": 1,
                                    "Actual Loops": 1
                                }
                            ],
                            "Plans": [
                                {
                                    "Node Type": "Seq Scan",
                                    "Parent Relationship": "Outer",
                                    "Parallel Aware": true,
                                    "Relation Name": "movie_companies",
                                    "Schema": "public",
                                    "Alias": "mc",
                                    "Startup Cost": 0.0,
                                    "Total Cost": 31414.82,
                                    "Plan Rows": 358715,
                                    "Plan Width": 0,
                                    "Actual Startup Time": 42.709,
                                    "Actual Total Time": 78.819,
                                    "Actual Rows": 225499,
                                    "Actual Loops": 4,
                                    "Output": [
                                        "id",
                                        "movie_id",
                                        "company_id",
                                        "company_type_id",
                                        "note"
                                    ],
                                    "Filter": "((mc.company_id < 78869) AND (mc.company_type_id > 1))",
                                    "Rows Removed by Filter": 426784,
                                    "Workers": [
                                        {
                                            "Worker Number": 0,
                                            "Actual Startup Time": 39.681,
                                            "Actual Total Time": 75.92,
                                            "Actual Rows": 239179,
                                            "Actual Loops": 1
                                        },
                                        {
                                            "Worker Number": 1,
                                            "Actual Startup Time": 40.167,
                                            "Actual Total Time": 76.587,
                                            "Actual Rows": 234682,
                                            "Actual Loops": 1
                                        },
                                        {
                                            "Worker Number": 2,
                                            "Actual Startup Time": 40.487,
                                            "Actual Total Time": 76.778,
                                            "Actual Rows": 147821,
                                            "Actual Loops": 1
                                        }
                                    ]
                                }
                            ]
                        }
                    ]
                }
            ]
        },
        "Planning Time": 179.734,
        "Triggers": [],
        "Execution Time": 102.029
    }
]