[
  {
    "Plan": {
      "Node Type": "Aggregate",
      "Strategy": "Plain",
      "Partial Mode": "Finalize",
      "Parallel Aware": false,
      "Startup Cost": 32042.69,
      "Total Cost": 32042.7,
      "Plan Rows": 1,
      "Plan Width": 8,
      "Actual Startup Time": 131.288,
      "Actual Total Time": 138.89,
      "Actual Rows": 1,
      "Actual Loops": 1,
      "Plans": [
        {
          "Node Type": "Gather",
          "Parent Relationship": "Outer",
          "Parallel Aware": false,
          "Startup Cost": 32042.38,
          "Total Cost": 32042.69,
          "Plan Rows": 3,
          "Plan Width": 8,
          "Actual Startup Time": 131.176,
          "Actual Total Time": 138.882,
          "Actual Rows": 4,
          "Actual Loops": 1,
          "Workers Planned": 3,
          "Workers Launched": 3,
          "Single Copy": false,
          "Plans": [
            {
              "Node Type": "Aggregate",
              "Strategy": "Plain",
              "Partial Mode": "Partial",
              "Parent Relationship": "Outer",
              "Parallel Aware": false,
              "Startup Cost": 31042.38,
              "Total Cost": 31042.39,
              "Plan Rows": 1,
              "Plan Width": 8,
              "Actual Startup Time": 122.123,
              "Actual Total Time": 122.124,
              "Actual Rows": 1,
              "Actual Loops": 4,
              "Plans": [
                {
                  "Node Type": "Seq Scan",
                  "Parent Relationship": "Outer",
                  "Parallel Aware": true,
                  "Relation Name": "movie_companies",
                  "Alias": "mc",
                  "Startup Cost": 0.0,
                  "Total Cost": 29310.68,
                  "Plan Rows": 692678,
                  "Plan Width": 0,
                  "Actual Startup Time": 0.198,
                  "Actual Total Time": 94.41,
                  "Actual Rows": 538866,
                  "Actual Loops": 4,
                  "Filter": "(company_id > 379)",
                  "Rows Removed by Filter": 113416
                }
              ]
            }
          ]
        }
      ]
    },
    "Planning Time": 0.254,
    "Triggers": [],
    "Execution Time": 138.96
  }
]