[
  {
    "Plan": {
      "Node Type": "Aggregate",
      "Strategy": "Plain",
      "Partial Mode": "Finalize",
      "Parallel Aware": false,
      "Startup Cost": 47272.7,
      "Total Cost": 47272.71,
      "Plan Rows": 1,
      "Plan Width": 8,
      "Actual Startup Time": 179.358,
      "Actual Total Time": 188.548,
      "Actual Rows": 1,
      "Actual Loops": 1,
      "Plans": [
        {
          "Node Type": "Gather",
          "Parent Relationship": "Outer",
          "Parallel Aware": false,
          "Startup Cost": 47272.39,
          "Total Cost": 47272.7,
          "Plan Rows": 3,
          "Plan Width": 8,
          "Actual Startup Time": 179.238,
          "Actual Total Time": 188.539,
          "Actual Rows": 4,
          "Actual Loops": 1,
          "Workers Planned": 3,
          "Workers Launched": 3,
          "Single Copy": false,
          "Plans": [
            {
              "Node Type": "Aggregate",
              "Strategy": "Plain",
              "Partial Mode": "Partial",
              "Parent Relationship": "Outer",
              "Parallel Aware": false,
              "Startup Cost": 46272.39,
              "Total Cost": 46272.4,
              "Plan Rows": 1,
              "Plan Width": 8,
              "Actual Startup Time": 175.189,
              "Actual Total Time": 175.19,
              "Actual Rows": 1,
              "Actual Loops": 4,
              "Plans": [
                {
                  "Node Type": "Seq Scan",
                  "Parent Relationship": "Outer",
                  "Parallel Aware": true,
                  "Relation Name": "movie_keyword",
                  "Alias": "mk",
                  "Startup Cost": 0.0,
                  "Total Cost": 42695.65,
                  "Plan Rows": 1430693,
                  "Plan Width": 0,
                  "Actual Startup Time": 0.036,
                  "Actual Total Time": 124.363,
                  "Actual Rows": 1109199,
                  "Actual Loops": 4,
                  "Filter": "(keyword_id < 85707)",
                  "Rows Removed by Filter": 21783
                }
              ]
            }
          ]
        }
      ]
    },
    "Planning Time": 0.182,
    "Triggers": [],
    "Execution Time": 188.601
  }
]