{
    "Plan": {
        "Node Type": "Aggregate",
        "Strategy": "Plain",
        "Partial Mode": "Simple",
        "Parallel Aware": false,
        "Startup Cost": 10000189794.08,
        "Total Cost": 10000189794.09,
        "Plan Rows": 1,
        "Plan Width": 8,
        "Actual Startup Time": 2616.035,
        "Actual Total Time": 2616.039,
        "Actual Rows": 1,
        "Actual Loops": 1,
        "Output": [
            "count(*)"
        ],
        "Plans": [
            {
                "Node Type": "Hash Join",
                "Parent Relationship": "Outer",
                "Parallel Aware": false,
                "Join Type": "Inner",
                "Startup Cost": 10000052346.55,
                "Total Cost": 10000188797.47,
                "Plan Rows": 398644,
                "Plan Width": 0,
                "Actual Startup Time": 362.854,
                "Actual Total Time": 2602.827,
                "Actual Rows": 230129,
                "Actual Loops": 1,
                "Inner Unique": false,
                "Hash Cond": "(t.id = mc.movie_id)",
                "Plans": [
                    {
                        "Node Type": "Index Scan",
                        "Parent Relationship": "Outer",
                        "Parallel Aware": false,
                        "Scan Direction": "Forward",
                        "Index Name": "title_pkey",
                        "Relation Name": "title",
                        "Schema": "public",
                        "Alias": "t",
                        "Startup Cost": 10000000000.43,
                        "Total Cost": 10000110342.1,
                        "Plan Rows": 2528322,
                        "Plan Width": 4,
                        "Actual Startup Time": 0.033,
                        "Actual Total Time": 1627.707,
                        "Actual Rows": 2528312,
                        "Actual Loops": 1,
                        "Output": [
                            "t.id",
                            "t.title",
                            "t.imdb_index",
                            "t.kind_id",
                            "t.production_year",
                            "t.imdb_id",
                            "t.phonetic_code",
                            "t.episode_of_id",
                            "t.season_nr",
                            "t.episode_nr",
                            "t.series_years",
                            "t.md5sum"
                        ]
                    },
                    {
                        "Node Type": "Hash",
                        "Parent Relationship": "Inner",
                        "Parallel Aware": false,
                        "Startup Cost": 47363.07,
                        "Total Cost": 47363.07,
                        "Plan Rows": 398644,
                        "Plan Width": 4,
                        "Actual Startup Time": 356.272,
                        "Actual Total Time": 356.274,
                        "Actual Rows": 230129,
                        "Actual Loops": 1,
                        "Output": [
                            "mc.movie_id"
                        ],
                        "Hash Buckets": 524288,
                        "Original Hash Buckets": 524288,
                        "Hash Batches": 1,
                        "Original Hash Batches": 1,
                        "Peak Memory Usage": 12187,
                        "Plans": [
                            {
                                "Node Type": "Bitmap Heap Scan",
                                "Parent Relationship": "Outer",
                                "Parallel Aware": false,
                                "Relation Name": "movie_companies",
                                "Schema": "public",
                                "Alias": "mc",
                                "Startup Cost": 16844.42,
                                "Total Cost": 47363.07,
                                "Plan Rows": 398644,
                                "Plan Width": 4,
                                "Actual Startup Time": 218.427,
                                "Actual Total Time": 291.296,
                                "Actual Rows": 230129,
                                "Actual Loops": 1,
                                "Output": [
                                    "mc.movie_id"
                                ],
                                "Recheck Cond": "(mc.company_id < 1684)",
                                "Rows Removed by Index Recheck": 0,
                                "Filter": "(mc.company_type_id = 2)",
                                "Rows Removed by Filter": 545426,
                                "Exact Heap Blocks": 18599,
                                "Lossy Heap Blocks": 0,
                                "Plans": [
                                    {
                                        "Node Type": "Bitmap Index Scan",
                                        "Parent Relationship": "Outer",
                                        "Parallel Aware": false,
                                        "Index Name": "company_id_movie_companies",
                                        "Startup Cost": 0.0,
                                        "Total Cost": 16744.76,
                                        "Plan Rows": 781910,
                                        "Plan Width": 0,
                                        "Actual Startup Time": 91.256,
                                        "Actual Total Time": 91.257,
                                        "Actual Rows": 775555,
                                        "Actual Loops": 1,
                                        "Index Cond": "(mc.company_id < 1684)"
                                    }
                                ]
                            }
                        ]
                    }
                ]
            }
        ]
    },
    "Planning Time": 2.847,
    "Triggers": [],
    "Execution Time": 2616.918
}