[
  {
    "Plan": {
      "Node Type": "Aggregate",
      "Strategy": "Plain",
      "Partial Mode": "Finalize",
      "Parallel Aware": false,
      "Startup Cost": 77800.8,
      "Total Cost": 77800.81,
      "Plan Rows": 1,
      "Plan Width": 8,
      "Actual Startup Time": 472.693,
      "Actual Total Time": 491.829,
      "Actual Rows": 1,
      "Actual Loops": 1,
      "Plans": [
        {
          "Node Type": "Gather",
          "Parent Relationship": "Outer",
          "Parallel Aware": false,
          "Startup Cost": 77800.49,
          "Total Cost": 77800.8,
          "Plan Rows": 3,
          "Plan Width": 8,
          "Actual Startup Time": 463.211,
          "Actual Total Time": 491.82,
          "Actual Rows": 4,
          "Actual Loops": 1,
          "Workers Planned": 3,
          "Workers Launched": 3,
          "Single Copy": false,
          "Plans": [
            {
              "Node Type": "Aggregate",
              "Strategy": "Plain",
              "Partial Mode": "Partial",
              "Parent Relationship": "Outer",
              "Parallel Aware": false,
              "Startup Cost": 76800.49,
              "Total Cost": 76800.5,
              "Plan Rows": 1,
              "Plan Width": 8,
              "Actual Startup Time": 448.495,
              "Actual Total Time": 448.499,
              "Actual Rows": 1,
              "Actual Loops": 4,
              "Plans": [
                {
                  "Node Type": "Hash Join",
                  "Parent Relationship": "Outer",
                  "Parallel Aware": true,
                  "Join Type": "Inner",
                  "Startup Cost": 56391.58,
                  "Total Cost": 76570.85,
                  "Plan Rows": 91853,
                  "Plan Width": 0,
                  "Actual Startup Time": 371.54,
                  "Actual Total Time": 445.277,
                  "Actual Rows": 69720,
                  "Actual Loops": 4,
                  "Inner Unique": true,
                  "Hash Cond": "(mc.movie_id = t.id)",
                  "Plans": [
                    {
                      "Node Type": "Bitmap Heap Scan",
                      "Parent Relationship": "Outer",
                      "Parallel Aware": true,
                      "Relation Name": "movie_companies",
                      "Alias": "mc",
                      "Startup Cost": 6171.2,
                      "Total Cost": 26109.36,
                      "Plan Rows": 91853,
                      "Plan Width": 4,
                      "Actual Startup Time": 16.059,
                      "Actual Total Time": 47.53,
                      "Actual Rows": 69720,
                      "Actual Loops": 4,
                      "Recheck Cond": "(company_id < 150)",
                      "Rows Removed by Index Recheck": 0,
                      "Exact Heap Blocks": 5426,
                      "Lossy Heap Blocks": 0,
                      "Plans": [
                        {
                          "Node Type": "Bitmap Index Scan",
                          "Parent Relationship": "Outer",
                          "Parallel Aware": false,
                          "Index Name": "company_id_movie_companies",
                          "Startup Cost": 0.0,
                          "Total Cost": 6100.01,
                          "Plan Rows": 284744,
                          "Plan Width": 0,
                          "Actual Startup Time": 13.439,
                          "Actual Total Time": 13.44,
                          "Actual Rows": 278880,
                          "Actual Loops": 1,
                          "Index Cond": "(company_id < 150)"
                        }
                      ]
                    },
                    {
                      "Node Type": "Hash",
                      "Parent Relationship": "Inner",
                      "Parallel Aware": true,
                      "Startup Cost": 42319.06,
                      "Total Cost": 42319.06,
                      "Plan Rows": 632106,
                      "Plan Width": 4,
                      "Actual Startup Time": 345.843,
                      "Actual Total Time": 345.844,
                      "Actual Rows": 632078,
                      "Actual Loops": 4,
                      "Hash Buckets": 4194304,
                      "Original Hash Buckets": 4194304,
                      "Hash Batches": 1,
                      "Original Hash Batches": 1,
                      "Peak Memory Usage": 131744,
                      "Plans": [
                        {
                          "Node Type": "Seq Scan",
                          "Parent Relationship": "Outer",
                          "Parallel Aware": true,
                          "Relation Name": "title",
                          "Alias": "t",
                          "Startup Cost": 0.0,
                          "Total Cost": 42319.06,
                          "Plan Rows": 632106,
                          "Plan Width": 4,
                          "Actual Startup Time": 0.05,
                          "Actual Total Time": 98.442,
                          "Actual Rows": 632078,
                          "Actual Loops": 4
                        }
                      ]
                    }
                  ]
                }
              ]
            }
          ]
        }
      ]
    },
    "Planning Time": 0.337,
    "Triggers": [],
    "Execution Time": 491.887
  }
]