[
  {
    "Plan": {
      "Node Type": "Aggregate",
      "Strategy": "Plain",
      "Partial Mode": "Finalize",
      "Parallel Aware": false,
      "Startup Cost": 91928.62,
      "Total Cost": 91928.63,
      "Plan Rows": 1,
      "Plan Width": 8,
      "Actual Startup Time": 344.474,
      "Actual Total Time": 367.36,
      "Actual Rows": 1,
      "Actual Loops": 1,
      "Plans": [
        {
          "Node Type": "Gather",
          "Parent Relationship": "Outer",
          "Parallel Aware": false,
          "Startup Cost": 91928.3,
          "Total Cost": 91928.61,
          "Plan Rows": 3,
          "Plan Width": 8,
          "Actual Startup Time": 344.018,
          "Actual Total Time": 367.352,
          "Actual Rows": 4,
          "Actual Loops": 1,
          "Workers Planned": 3,
          "Workers Launched": 3,
          "Single Copy": false,
          "Plans": [
            {
              "Node Type": "Aggregate",
              "Strategy": "Plain",
              "Partial Mode": "Partial",
              "Parent Relationship": "Outer",
              "Parallel Aware": false,
              "Startup Cost": 90928.3,
              "Total Cost": 90928.31,
              "Plan Rows": 1,
              "Plan Width": 8,
              "Actual Startup Time": 334.225,
              "Actual Total Time": 334.229,
              "Actual Rows": 1,
              "Actual Loops": 4,
              "Plans": [
                {
                  "Node Type": "Nested Loop",
                  "Parent Relationship": "Outer",
                  "Parallel Aware": false,
                  "Join Type": "Inner",
                  "Startup Cost": 45588.54,
                  "Total Cost": 90893.87,
                  "Plan Rows": 13771,
                  "Plan Width": 0,
                  "Actual Startup Time": 117.316,
                  "Actual Total Time": 332.688,
                  "Actual Rows": 30858,
                  "Actual Loops": 4,
                  "Inner Unique": false,
                  "Join Filter": "(t.id = mk.movie_id)",
                  "Rows Removed by Join Filter": 0,
                  "Plans": [
                    {
                      "Node Type": "Hash Join",
                      "Parent Relationship": "Outer",
                      "Parallel Aware": true,
                      "Join Type": "Inner",
                      "Startup Cost": 45588.11,
                      "Total Cost": 76363.0,
                      "Plan Rows": 7696,
                      "Plan Width": 8,
                      "Actual Startup Time": 117.205,
                      "Actual Total Time": 226.328,
                      "Actual Rows": 42953,
                      "Actual Loops": 4,
                      "Inner Unique": true,
                      "Hash Cond": "(mc.movie_id = t.id)",
                      "Plans": [
                        {
                          "Node Type": "Seq Scan",
                          "Parent Relationship": "Outer",
                          "Parallel Aware": true,
                          "Relation Name": "movie_companies",
                          "Alias": "mc",
                          "Startup Cost": 0.0,
                          "Total Cost": 29310.68,
                          "Plan Rows": 557792,
                          "Plan Width": 4,
                          "Actual Startup Time": 0.781,
                          "Actual Total Time": 67.828,
                          "Actual Rows": 433626,
                          "Actual Loops": 4,
                          "Filter": "(company_id > 2561)",
                          "Rows Removed by Filter": 218657
                        },
                        {
                          "Node Type": "Hash",
                          "Parent Relationship": "Inner",
                          "Parallel Aware": true,
                          "Startup Cost": 45479.1,
                          "Total Cost": 45479.1,
                          "Plan Rows": 8721,
                          "Plan Width": 4,
                          "Actual Startup Time": 104.45,
                          "Actual Total Time": 104.451,
                          "Actual Rows": 23224,
                          "Actual Loops": 4,
                          "Hash Buckets": 131072,
                          "Original Hash Buckets": 65536,
                          "Hash Batches": 1,
                          "Original Hash Batches": 1,
                          "Peak Memory Usage": 5216,
                          "Plans": [
                            {
                              "Node Type": "Seq Scan",
                              "Parent Relationship": "Outer",
                              "Parallel Aware": true,
                              "Relation Name": "title",
                              "Alias": "t",
                              "Startup Cost": 0.0,
                              "Total Cost": 45479.1,
                              "Plan Rows": 8721,
                              "Plan Width": 4,
                              "Actual Startup Time": 64.505,
                              "Actual Total Time": 95.823,
                              "Actual Rows": 23224,
                              "Actual Loops": 4,
                              "Filter": "((kind_id < 7) AND (production_year < 1922))",
                              "Rows Removed by Filter": 608854
                            }
                          ]
                        }
                      ]
                    },
                    {
                      "Node Type": "Index Only Scan",
                      "Parent Relationship": "Inner",
                      "Parallel Aware": false,
                      "Scan Direction": "Forward",
                      "Index Name": "movie_id_movie_keyword",
                      "Relation Name": "movie_keyword",
                      "Alias": "mk",
                      "Startup Cost": 0.43,
                      "Total Cost": 1.33,
                      "Plan Rows": 45,
                      "Plan Width": 4,
                      "Actual Startup Time": 0.002,
                      "Actual Total Time": 0.002,
                      "Actual Rows": 1,
                      "Actual Loops": 171811,
                      "Index Cond": "(movie_id = mc.movie_id)",
                      "Rows Removed by Index Recheck": 0,
                      "Heap Fetches": 123434
                    }
                  ]
                }
              ]
            }
          ]
        }
      ]
    },
    "Planning Time": 1.533,
    "Triggers": [],
    "Execution Time": 367.455
  }
]