[
  {
    "Plan": {
      "Node Type": "Aggregate",
      "Strategy": "Plain",
      "Partial Mode": "Finalize",
      "Parallel Aware": false,
      "Startup Cost": 288154.84,
      "Total Cost": 288154.85,
      "Plan Rows": 1,
      "Plan Width": 8,
      "Actual Startup Time": 882.554,
      "Actual Total Time": 915.818,
      "Actual Rows": 1,
      "Actual Loops": 1,
      "Plans": [
        {
          "Node Type": "Gather",
          "Parent Relationship": "Outer",
          "Parallel Aware": false,
          "Startup Cost": 288154.52,
          "Total Cost": 288154.83,
          "Plan Rows": 3,
          "Plan Width": 8,
          "Actual Startup Time": 870.777,
          "Actual Total Time": 915.79,
          "Actual Rows": 4,
          "Actual Loops": 1,
          "Workers Planned": 3,
          "Workers Launched": 3,
          "Single Copy": false,
          "Plans": [
            {
              "Node Type": "Aggregate",
              "Strategy": "Plain",
              "Partial Mode": "Partial",
              "Parent Relationship": "Outer",
              "Parallel Aware": false,
              "Startup Cost": 287154.52,
              "Total Cost": 287154.53,
              "Plan Rows": 1,
              "Plan Width": 8,
              "Actual Startup Time": 861.206,
              "Actual Total Time": 862.403,
              "Actual Rows": 1,
              "Actual Loops": 4,
              "Plans": [
                {
                  "Node Type": "Hash Join",
                  "Parent Relationship": "Outer",
                  "Parallel Aware": true,
                  "Join Type": "Inner",
                  "Startup Cost": 240396.92,
                  "Total Cost": 285911.31,
                  "Plan Rows": 497286,
                  "Plan Width": 0,
                  "Actual Startup Time": 580.66,
                  "Actual Total Time": 832.211,
                  "Actual Rows": 779971,
                  "Actual Loops": 4,
                  "Inner Unique": false,
                  "Hash Cond": "(mk.movie_id = t.id)",
                  "Plans": [
                    {
                      "Node Type": "Seq Scan",
                      "Parent Relationship": "Outer",
                      "Parallel Aware": true,
                      "Relation Name": "movie_keyword",
                      "Alias": "mk",
                      "Startup Cost": 0.0,
                      "Total Cost": 39047.32,
                      "Plan Rows": 1459332,
                      "Plan Width": 4,
                      "Actual Startup Time": 0.026,
                      "Actual Total Time": 87.276,
                      "Actual Rows": 1130982,
                      "Actual Loops": 4
                    },
                    {
                      "Node Type": "Hash",
                      "Parent Relationship": "Inner",
                      "Parallel Aware": true,
                      "Startup Cost": 238243.04,
                      "Total Cost": 238243.04,
                      "Plan Rows": 172310,
                      "Plan Width": 8,
                      "Actual Startup Time": 575.349,
                      "Actual Total Time": 576.544,
                      "Actual Rows": 199268,
                      "Actual Loops": 4,
                      "Hash Buckets": 1048576,
                      "Original Hash Buckets": 1048576,
                      "Hash Batches": 1,
                      "Original Hash Batches": 1,
                      "Peak Memory Usage": 39424,
                      "Plans": [
                        {
                          "Node Type": "Hash Join",
                          "Parent Relationship": "Outer",
                          "Parallel Aware": true,
                          "Join Type": "Inner",
                          "Startup Cost": 72383.2,
                          "Total Cost": 238243.04,
                          "Plan Rows": 172310,
                          "Plan Width": 8,
                          "Actual Startup Time": 322.74,
                          "Actual Total Time": 502.16,
                          "Actual Rows": 199268,
                          "Actual Loops": 4,
                          "Inner Unique": true,
                          "Hash Cond": "(mi.movie_id = t.id)",
                          "Plans": [
                            {
                              "Node Type": "Bitmap Heap Scan",
                              "Parent Relationship": "Outer",
                              "Parallel Aware": true,
                              "Relation Name": "movie_info",
                              "Alias": "mi",
                              "Startup Cost": 23159.21,
                              "Total Cost": 188347.95,
                              "Plan Rows": 255659,
                              "Plan Width": 4,
                              "Actual Startup Time": 46.485,
                              "Actual Total Time": 86.233,
                              "Actual Rows": 324747,
                              "Actual Loops": 4,
                              "Recheck Cond": "(info_type_id = 4)",
                              "Rows Removed by Index Recheck": 0,
                              "Exact Heap Blocks": 2167,
                              "Lossy Heap Blocks": 0,
                              "Plans": [
                                {
                                  "Node Type": "Bitmap Index Scan",
                                  "Parent Relationship": "Outer",
                                  "Parallel Aware": false,
                                  "Index Name": "info_type_id_movie_info",
                                  "Startup Cost": 0.0,
                                  "Total Cost": 22839.64,
                                  "Plan Rows": 1278294,
                                  "Plan Width": 0,
                                  "Actual Startup Time": 45.165,
                                  "Actual Total Time": 45.165,
                                  "Actual Rows": 1298989,
                                  "Actual Loops": 1,
                                  "Index Cond": "(info_type_id = 4)"
                                }
                              ]
                            },
                            {
                              "Node Type": "Hash",
                              "Parent Relationship": "Inner",
                              "Parallel Aware": true,
                              "Startup Cost": 43898.92,
                              "Total Cost": 43898.92,
                              "Plan Rows": 426006,
                              "Plan Width": 4,
                              "Actual Startup Time": 270.828,
                              "Actual Total Time": 270.829,
                              "Actual Rows": 425079,
                              "Actual Loops": 4,
                              "Hash Buckets": 2097152,
                              "Original Hash Buckets": 2097152,
                              "Hash Batches": 1,
                              "Original Hash Batches": 1,
                              "Peak Memory Usage": 82944,
                              "Plans": [
                                {
                                  "Node Type": "Seq Scan",
                                  "Parent Relationship": "Outer",
                                  "Parallel Aware": true,
                                  "Relation Name": "title",
                                  "Alias": "t",
                                  "Startup Cost": 0.0,
                                  "Total Cost": 43898.92,
                                  "Plan Rows": 426006,
                                  "Plan Width": 4,
                                  "Actual Startup Time": 0.045,
                                  "Actual Total Time": 108.321,
                                  "Actual Rows": 425079,
                                  "Actual Loops": 4,
                                  "Filter": "(production_year > 1992)",
                                  "Rows Removed by Filter": 206999
                                }
                              ]
                            }
                          ]
                        }
                      ]
                    }
                  ]
                }
              ]
            }
          ]
        }
      ]
    },
    "Planning Time": 1.352,
    "Triggers": [],
    "Execution Time": 915.923
  }
]