[
  {
    "Plan": {
      "Node Type": "Aggregate",
      "Strategy": "Plain",
      "Partial Mode": "Finalize",
      "Parallel Aware": false,
      "Startup Cost": 350260.46,
      "Total Cost": 350260.47,
      "Plan Rows": 1,
      "Plan Width": 8,
      "Actual Startup Time": 608.206,
      "Actual Total Time": 625.99,
      "Actual Rows": 1,
      "Actual Loops": 1,
      "Plans": [
        {
          "Node Type": "Gather",
          "Parent Relationship": "Outer",
          "Parallel Aware": false,
          "Startup Cost": 350260.24,
          "Total Cost": 350260.45,
          "Plan Rows": 2,
          "Plan Width": 8,
          "Actual Startup Time": 604.002,
          "Actual Total Time": 625.983,
          "Actual Rows": 3,
          "Actual Loops": 1,
          "Workers Planned": 2,
          "Workers Launched": 2,
          "Single Copy": false,
          "Plans": [
            {
              "Node Type": "Aggregate",
              "Strategy": "Plain",
              "Partial Mode": "Partial",
              "Parent Relationship": "Outer",
              "Parallel Aware": false,
              "Startup Cost": 349260.24,
              "Total Cost": 349260.25,
              "Plan Rows": 1,
              "Plan Width": 8,
              "Actual Startup Time": 595.333,
              "Actual Total Time": 595.34,
              "Actual Rows": 1,
              "Actual Loops": 3,
              "Plans": [
                {
                  "Node Type": "Hash Join",
                  "Parent Relationship": "Outer",
                  "Parallel Aware": true,
                  "Join Type": "Inner",
                  "Startup Cost": 332830.41,
                  "Total Cost": 348966.05,
                  "Plan Rows": 117676,
                  "Plan Width": 0,
                  "Actual Startup Time": 476.333,
                  "Actual Total Time": 588.927,
                  "Actual Rows": 133435,
                  "Actual Loops": 3,
                  "Inner Unique": false,
                  "Hash Cond": "(mi_idx.movie_id = t.id)",
                  "Plans": [
                    {
                      "Node Type": "Seq Scan",
                      "Parent Relationship": "Outer",
                      "Parallel Aware": true,
                      "Relation Name": "movie_info_idx",
                      "Alias": "mi_idx",
                      "Startup Cost": 0.0,
                      "Total Cost": 13685.15,
                      "Plan Rows": 575015,
                      "Plan Width": 4,
                      "Actual Startup Time": 0.013,
                      "Actual Total Time": 40.097,
                      "Actual Rows": 460012,
                      "Actual Loops": 3
                    },
                    {
                      "Node Type": "Hash",
                      "Parent Relationship": "Inner",
                      "Parallel Aware": true,
                      "Startup Cost": 331213.42,
                      "Total Cost": 331213.42,
                      "Plan Rows": 129359,
                      "Plan Width": 8,
                      "Actual Startup Time": 474.201,
                      "Actual Total Time": 474.206,
                      "Actual Rows": 112344,
                      "Actual Loops": 3,
                      "Hash Buckets": 524288,
                      "Original Hash Buckets": 524288,
                      "Hash Batches": 1,
                      "Original Hash Batches": 1,
                      "Peak Memory Usage": 17344,
                      "Plans": [
                        {
                          "Node Type": "Hash Join",
                          "Parent Relationship": "Outer",
                          "Parallel Aware": true,
                          "Join Type": "Inner",
                          "Startup Cost": 282357.7,
                          "Total Cost": 331213.42,
                          "Plan Rows": 129359,
                          "Plan Width": 8,
                          "Actual Startup Time": 143.614,
                          "Actual Total Time": 439.094,
                          "Actual Rows": 112344,
                          "Actual Loops": 3,
                          "Inner Unique": false,
                          "Hash Cond": "(t.id = ci.movie_id)",
                          "Plans": [
                            {
                              "Node Type": "Seq Scan",
                              "Parent Relationship": "Outer",
                              "Parallel Aware": true,
                              "Relation Name": "title",
                              "Alias": "t",
                              "Startup Cost": 0.0,
                              "Total Cost": 42319.06,
                              "Plan Rows": 632106,
                              "Plan Width": 4,
                              "Actual Startup Time": 0.01,
                              "Actual Total Time": 104.569,
                              "Actual Rows": 842771,
                              "Actual Loops": 3
                            },
                            {
                              "Node Type": "Hash",
                              "Parent Relationship": "Inner",
                              "Parallel Aware": true,
                              "Startup Cost": 281279.7,
                              "Total Cost": 281279.7,
                              "Plan Rows": 86240,
                              "Plan Width": 4,
                              "Actual Startup Time": 142.324,
                              "Actual Total Time": 142.326,
                              "Actual Rows": 112344,
                              "Actual Loops": 3,
                              "Hash Buckets": 524288,
                              "Original Hash Buckets": 524288,
                              "Hash Batches": 1,
                              "Original Hash Batches": 1,
                              "Peak Memory Usage": 17312,
                              "Plans": [
                                {
                                  "Node Type": "Bitmap Heap Scan",
                                  "Parent Relationship": "Outer",
                                  "Parallel Aware": true,
                                  "Relation Name": "cast_info",
                                  "Alias": "ci",
                                  "Startup Cost": 25668.01,
                                  "Total Cost": 281279.7,
                                  "Plan Rows": 86240,
                                  "Plan Width": 4,
                                  "Actual Startup Time": 83.311,
                                  "Actual Total Time": 110.542,
                                  "Actual Rows": 112344,
                                  "Actual Loops": 3,
                                  "Recheck Cond": "(person_id < 122214)",
                                  "Rows Removed by Index Recheck": 0,
                                  "Filter": "(role_id > 2)",
                                  "Rows Removed by Filter": 290032,
                                  "Exact Heap Blocks": 6797,
                                  "Lossy Heap Blocks": 0,
                                  "Plans": [
                                    {
                                      "Node Type": "Bitmap Index Scan",
                                      "Parent Relationship": "Outer",
                                      "Parallel Aware": false,
                                      "Index Name": "person_id_cast_info",
                                      "Startup Cost": 0.0,
                                      "Total Cost": 25538.65,
                                      "Plan Rows": 1169878,
                                      "Plan Width": 0,
                                      "Actual Startup Time": 37.288,
                                      "Actual Total Time": 37.289,
                                      "Actual Rows": 1207129,
                                      "Actual Loops": 1,
                                      "Index Cond": "(person_id < 122214)"
                                    }
                                  ]
                                }
                              ]
                            }
                          ]
                        }
                      ]
                    }
                  ]
                }
              ]
            }
          ]
        }
      ]
    },
    "Planning Time": 0.371,
    "Triggers": [],
    "Execution Time": 626.034
  }
]