[
  {
    "Plan": {
      "Node Type": "Aggregate",
      "Strategy": "Plain",
      "Partial Mode": "Finalize",
      "Parallel Aware": false,
      "Startup Cost": 350900.41,
      "Total Cost": 350900.42,
      "Plan Rows": 1,
      "Plan Width": 8,
      "Actual Startup Time": 594.605,
      "Actual Total Time": 609.434,
      "Actual Rows": 1,
      "Actual Loops": 1,
      "Plans": [
        {
          "Node Type": "Gather",
          "Parent Relationship": "Outer",
          "Parallel Aware": false,
          "Startup Cost": 350900.2,
          "Total Cost": 350900.41,
          "Plan Rows": 2,
          "Plan Width": 8,
          "Actual Startup Time": 591.775,
          "Actual Total Time": 609.422,
          "Actual Rows": 3,
          "Actual Loops": 1,
          "Workers Planned": 2,
          "Workers Launched": 2,
          "Single Copy": false,
          "Plans": [
            {
              "Node Type": "Aggregate",
              "Strategy": "Plain",
              "Partial Mode": "Partial",
              "Parent Relationship": "Outer",
              "Parallel Aware": false,
              "Startup Cost": 349900.2,
              "Total Cost": 349900.21,
              "Plan Rows": 1,
              "Plan Width": 8,
              "Actual Startup Time": 582.779,
              "Actual Total Time": 582.787,
              "Actual Rows": 1,
              "Actual Loops": 3,
              "Plans": [
                {
                  "Node Type": "Hash Join",
                  "Parent Relationship": "Outer",
                  "Parallel Aware": true,
                  "Join Type": "Inner",
                  "Startup Cost": 333446.71,
                  "Total Cost": 349594.18,
                  "Plan Rows": 122407,
                  "Plan Width": 0,
                  "Actual Startup Time": 477.206,
                  "Actual Total Time": 577.478,
                  "Actual Rows": 133435,
                  "Actual Loops": 3,
                  "Inner Unique": false,
                  "Hash Cond": "(mi_idx.movie_id = t.id)",
                  "Plans": [
                    {
                      "Node Type": "Seq Scan",
                      "Parent Relationship": "Outer",
                      "Parallel Aware": true,
                      "Relation Name": "movie_info_idx",
                      "Alias": "mi_idx",
                      "Startup Cost": 0.0,
                      "Total Cost": 13685.15,
                      "Plan Rows": 575015,
                      "Plan Width": 4,
                      "Actual Startup Time": 0.027,
                      "Actual Total Time": 34.98,
                      "Actual Rows": 460012,
                      "Actual Loops": 3
                    },
                    {
                      "Node Type": "Hash",
                      "Parent Relationship": "Inner",
                      "Parallel Aware": true,
                      "Startup Cost": 331764.8,
                      "Total Cost": 331764.8,
                      "Plan Rows": 134553,
                      "Plan Width": 8,
                      "Actual Startup Time": 470.913,
                      "Actual Total Time": 470.919,
                      "Actual Rows": 112344,
                      "Actual Loops": 3,
                      "Hash Buckets": 1048576,
                      "Original Hash Buckets": 1048576,
                      "Hash Batches": 1,
                      "Original Hash Batches": 1,
                      "Peak Memory Usage": 21408,
                      "Plans": [
                        {
                          "Node Type": "Hash Join",
                          "Parent Relationship": "Outer",
                          "Parallel Aware": true,
                          "Join Type": "Inner",
                          "Startup Cost": 282901.08,
                          "Total Cost": 331764.8,
                          "Plan Rows": 134553,
                          "Plan Width": 8,
                          "Actual Startup Time": 170.066,
                          "Actual Total Time": 432.582,
                          "Actual Rows": 112344,
                          "Actual Loops": 3,
                          "Inner Unique": false,
                          "Hash Cond": "(t.id = ci.movie_id)",
                          "Plans": [
                            {
                              "Node Type": "Seq Scan",
                              "Parent Relationship": "Outer",
                              "Parallel Aware": true,
                              "Relation Name": "title",
                              "Alias": "t",
                              "Startup Cost": 0.0,
                              "Total Cost": 42318.73,
                              "Plan Rows": 632073,
                              "Plan Width": 4,
                              "Actual Startup Time": 0.013,
                              "Actual Total Time": 90.648,
                              "Actual Rows": 842771,
                              "Actual Loops": 3
                            },
                            {
                              "Node Type": "Hash",
                              "Parent Relationship": "Inner",
                              "Parallel Aware": true,
                              "Startup Cost": 281779.81,
                              "Total Cost": 281779.81,
                              "Plan Rows": 89702,
                              "Plan Width": 4,
                              "Actual Startup Time": 166.249,
                              "Actual Total Time": 166.251,
                              "Actual Rows": 112344,
                              "Actual Loops": 3,
                              "Hash Buckets": 1048576,
                              "Original Hash Buckets": 1048576,
                              "Hash Batches": 1,
                              "Original Hash Batches": 1,
                              "Peak Memory Usage": 21440,
                              "Plans": [
                                {
                                  "Node Type": "Bitmap Heap Scan",
                                  "Parent Relationship": "Outer",
                                  "Parallel Aware": true,
                                  "Relation Name": "cast_info",
                                  "Alias": "ci",
                                  "Startup Cost": 26118.39,
                                  "Total Cost": 281779.81,
                                  "Plan Rows": 89702,
                                  "Plan Width": 4,
                                  "Actual Startup Time": 100.308,
                                  "Actual Total Time": 125.482,
                                  "Actual Rows": 112344,
                                  "Actual Loops": 3,
                                  "Recheck Cond": "(person_id < 122214)",
                                  "Rows Removed by Index Recheck": 0,
                                  "Filter": "(role_id > 2)",
                                  "Rows Removed by Filter": 290032,
                                  "Exact Heap Blocks": 5996,
                                  "Lossy Heap Blocks": 0,
                                  "Plans": [
                                    {
                                      "Node Type": "Bitmap Index Scan",
                                      "Parent Relationship": "Outer",
                                      "Parallel Aware": false,
                                      "Index Name": "person_id_cast_info",
                                      "Startup Cost": 0.0,
                                      "Total Cost": 25983.83,
                                      "Plan Rows": 1189769,
                                      "Plan Width": 0,
                                      "Actual Startup Time": 50.466,
                                      "Actual Total Time": 50.466,
                                      "Actual Rows": 1207129,
                                      "Actual Loops": 1,
                                      "Index Cond": "(person_id < 122214)"
                                    }
                                  ]
                                }
                              ]
                            }
                          ]
                        }
                      ]
                    }
                  ]
                }
              ]
            }
          ]
        }
      ]
    },
    "Planning Time": 1.398,
    "Triggers": [],
    "Execution Time": 609.571
  }
]