{
  "Plan": {
    "Node Type": "Aggregate",
    "Strategy": "Plain",
    "Partial Mode": "Finalize",
    "Parallel Aware": false,
    "Startup Cost": 1503586.92,
    "Total Cost": 1503586.93,
    "Plan Rows": 1,
    "Plan Width": 8,
    "Actual Startup Time": 3479.717,
    "Actual Total Time": 3529.446,
    "Actual Rows": 1,
    "Actual Loops": 1,
    "Plans": [
      {
        "Node Type": "Gather",
        "Parent Relationship": "Outer",
        "Parallel Aware": false,
        "Startup Cost": 1503586.81,
        "Total Cost": 1503586.92,
        "Plan Rows": 1,
        "Plan Width": 8,
        "Actual Startup Time": 3471.651,
        "Actual Total Time": 3529.435,
        "Actual Rows": 2,
        "Actual Loops": 1,
        "Workers Planned": 1,
        "Workers Launched": 1,
        "Single Copy": false,
        "Plans": [
          {
            "Node Type": "Aggregate",
            "Strategy": "Plain",
            "Partial Mode": "Partial",
            "Parent Relationship": "Outer",
            "Parallel Aware": false,
            "Startup Cost": 1502586.81,
            "Total Cost": 1502586.82,
            "Plan Rows": 1,
            "Plan Width": 8,
            "Actual Startup Time": 3469.661,
            "Actual Total Time": 3469.663,
            "Actual Rows": 1,
            "Actual Loops": 2,
            "Plans": [
              {
                "Node Type": "Merge Join",
                "Parent Relationship": "Outer",
                "Parallel Aware": false,
                "Join Type": "Inner",
                "Startup Cost": 22.45,
                "Total Cost": 1485537.92,
                "Plan Rows": 6819555,
                "Plan Width": 0,
                "Actual Startup Time": 21.105,
                "Actual Total Time": 3358.918,
                "Actual Rows": 2738160,
                "Actual Loops": 2,
                "Inner Unique": false,
                "Merge Cond": "(mi.movie_id = t.id)",
                "Plans": [
                  {
                    "Node Type": "Index Only Scan",
                    "Parent Relationship": "Outer",
                    "Parallel Aware": true,
                    "Scan Direction": "Forward",
                    "Index Name": "movie_id_movie_info",
                    "Relation Name": "movie_info",
                    "Alias": "mi",
                    "Startup Cost": 0.43,
                    "Total Cost": 1018223.42,
                    "Plan Rows": 8696274,
                    "Plan Width": 4,
                    "Actual Startup Time": 0.102,
                    "Actual Total Time": 717.279,
                    "Actual Rows": 2365869,
                    "Actual Loops": 2,
                    "Heap Fetches": 4731738
                  },
                  {
                    "Node Type": "Materialize",
                    "Parent Relationship": "Inner",
                    "Parallel Aware": false,
                    "Startup Cost": 14.74,
                    "Total Cost": 348503.5,
                    "Plan Rows": 1982669,
                    "Plan Width": 8,
                    "Actual Startup Time": 13.518,
                    "Actual Total Time": 2270.141,
                    "Actual Rows": 2994505,
                    "Actual Loops": 2,
                    "Plans": [
                      {
                        "Node Type": "Merge Join",
                        "Parent Relationship": "Outer",
                        "Parallel Aware": false,
                        "Join Type": "Inner",
                        "Startup Cost": 14.74,
                        "Total Cost": 343546.82,
                        "Plan Rows": 1982669,
                        "Plan Width": 8,
                        "Actual Startup Time": 13.508,
                        "Actual Total Time": 2111.501,
                        "Actual Rows": 512703,
                        "Actual Loops": 2,
                        "Inner Unique": false,
                        "Merge Cond": "(t.id = mk.movie_id)",
                        "Plans": [
                          {
                            "Node Type": "Index Scan",
                            "Parent Relationship": "Outer",
                            "Parallel Aware": false,
                            "Scan Direction": "Forward",
                            "Index Name": "title_pkey",
                            "Relation Name": "title",
                            "Alias": "t",
                            "Startup Cost": 0.43,
                            "Total Cost": 122981.43,
                            "Plan Rows": 1422098,
                            "Plan Width": 4,
                            "Actual Startup Time": 0.139,
                            "Actual Total Time": 1213.665,
                            "Actual Rows": 1478435,
                            "Actual Loops": 2,
                            "Filter": "((production_year > 1931) AND (kind_id = 7))",
                            "Rows Removed by Filter": 1048149
                          },
                          {
                            "Node Type": "Index Scan",
                            "Parent Relationship": "Inner",
                            "Parallel Aware": false,
                            "Scan Direction": "Forward",
                            "Index Name": "movie_id_movie_keyword",
                            "Relation Name": "movie_keyword",
                            "Alias": "mk",
                            "Startup Cost": 0.43,
                            "Total Cost": 188497.89,
                            "Plan Rows": 3524911,
                            "Plan Width": 4,
                            "Actual Startup Time": 0.795,
                            "Actual Total Time": 647.449,
                            "Actual Rows": 3520723,
                            "Actual Loops": 2,
                            "Filter": "(keyword_id > 957)",
                            "Rows Removed by Filter": 1003207
                          }
                        ]
                      }
                    ]
                  }
                ]
              }
            ]
          }
        ]
      }
    ]
  },
  "Planning Time": 1.047,
  "Triggers": [],
  "Execution Time": 3529.551
}