[
  {
    "Plan": {
      "Node Type": "Aggregate",
      "Strategy": "Plain",
      "Partial Mode": "Finalize",
      "Parallel Aware": false,
      "Startup Cost": 447657.96,
      "Total Cost": 447657.97,
      "Plan Rows": 1,
      "Plan Width": 8,
      "Actual Startup Time": 2100.51,
      "Actual Total Time": 2164.604,
      "Actual Rows": 1,
      "Actual Loops": 1,
      "Plans": [
        {
          "Node Type": "Gather",
          "Parent Relationship": "Outer",
          "Parallel Aware": false,
          "Startup Cost": 447657.34,
          "Total Cost": 447657.95,
          "Plan Rows": 6,
          "Plan Width": 8,
          "Actual Startup Time": 2079.76,
          "Actual Total Time": 2164.582,
          "Actual Rows": 7,
          "Actual Loops": 1,
          "Workers Planned": 6,
          "Workers Launched": 6,
          "Single Copy": false,
          "Plans": [
            {
              "Node Type": "Aggregate",
              "Strategy": "Plain",
              "Partial Mode": "Partial",
              "Parent Relationship": "Outer",
              "Parallel Aware": false,
              "Startup Cost": 446657.34,
              "Total Cost": 446657.35,
              "Plan Rows": 1,
              "Plan Width": 8,
              "Actual Startup Time": 2059.424,
              "Actual Total Time": 2060.195,
              "Actual Rows": 1,
              "Actual Loops": 7,
              "Plans": [
                {
                  "Node Type": "Hash Join",
                  "Parent Relationship": "Outer",
                  "Parallel Aware": true,
                  "Join Type": "Inner",
                  "Startup Cost": 90711.47,
                  "Total Cost": 443343.88,
                  "Plan Rows": 1325384,
                  "Plan Width": 0,
                  "Actual Startup Time": 574.224,
                  "Actual Total Time": 1935.196,
                  "Actual Rows": 3014051,
                  "Actual Loops": 7,
                  "Inner Unique": false,
                  "Hash Cond": "(ci.movie_id = t.id)",
                  "Plans": [
                    {
                      "Node Type": "Seq Scan",
                      "Parent Relationship": "Outer",
                      "Parallel Aware": true,
                      "Relation Name": "cast_info",
                      "Alias": "ci",
                      "Startup Cost": 0.0,
                      "Total Cost": 343257.03,
                      "Plan Rows": 1359987,
                      "Plan Width": 4,
                      "Actual Startup Time": 0.028,
                      "Actual Total Time": 614.872,
                      "Actual Rows": 1410188,
                      "Actual Loops": 7,
                      "Filter": "((person_id < 1217455) AND (role_id < 4))",
                      "Rows Removed by Filter": 3767575
                    },
                    {
                      "Node Type": "Hash",
                      "Parent Relationship": "Inner",
                      "Parallel Aware": true,
                      "Startup Cost": 80776.13,
                      "Total Cost": 80776.13,
                      "Plan Rows": 794827,
                      "Plan Width": 8,
                      "Actual Startup Time": 567.246,
                      "Actual Total Time": 568.016,
                      "Actual Rows": 361559,
                      "Actual Loops": 7,
                      "Hash Buckets": 4194304,
                      "Original Hash Buckets": 4194304,
                      "Hash Batches": 1,
                      "Original Hash Batches": 1,
                      "Peak Memory Usage": 131872,
                      "Plans": [
                        {
                          "Node Type": "Hash Join",
                          "Parent Relationship": "Outer",
                          "Parallel Aware": true,
                          "Join Type": "Inner",
                          "Startup Cost": 51360.24,
                          "Total Cost": 80776.13,
                          "Plan Rows": 794827,
                          "Plan Width": 8,
                          "Actual Startup Time": 251.621,
                          "Actual Total Time": 428.798,
                          "Actual Rows": 361559,
                          "Actual Loops": 7,
                          "Inner Unique": true,
                          "Hash Cond": "(mc.movie_id = t.id)",
                          "Plans": [
                            {
                              "Node Type": "Seq Scan",
                              "Parent Relationship": "Outer",
                              "Parallel Aware": true,
                              "Relation Name": "movie_companies",
                              "Alias": "mc",
                              "Startup Cost": 0.0,
                              "Total Cost": 27206.55,
                              "Plan Rows": 841655,
                              "Plan Width": 4,
                              "Actual Startup Time": 0.018,
                              "Actual Total Time": 40.214,
                              "Actual Rows": 372733,
                              "Actual Loops": 7
                            },
                            {
                              "Node Type": "Hash",
                              "Parent Relationship": "Inner",
                              "Parallel Aware": true,
                              "Startup Cost": 43898.92,
                              "Total Cost": 43898.92,
                              "Plan Rows": 596906,
                              "Plan Width": 4,
                              "Actual Startup Time": 247.016,
                              "Actual Total Time": 247.017,
                              "Actual Rows": 341268,
                              "Actual Loops": 7,
                              "Hash Buckets": 4194304,
                              "Original Hash Buckets": 4194304,
                              "Hash Batches": 1,
                              "Original Hash Batches": 1,
                              "Peak Memory Usage": 126336,
                              "Plans": [
                                {
                                  "Node Type": "Seq Scan",
                                  "Parent Relationship": "Outer",
                                  "Parallel Aware": true,
                                  "Relation Name": "title",
                                  "Alias": "t",
                                  "Startup Cost": 0.0,
                                  "Total Cost": 43898.92,
                                  "Plan Rows": 596906,
                                  "Plan Width": 4,
                                  "Actual Startup Time": 0.045,
                                  "Actual Total Time": 80.595,
                                  "Actual Rows": 341268,
                                  "Actual Loops": 7,
                                  "Filter": "(production_year < 2013)",
                                  "Rows Removed by Filter": 19919
                                }
                              ]
                            }
                          ]
                        }
                      ]
                    }
                  ]
                }
              ]
            }
          ]
        }
      ]
    },
    "Planning Time": 1.386,
    "Triggers": [],
    "Execution Time": 2164.701
  }
]