[
  {
    "Plan": {
      "Node Type": "Aggregate",
      "Strategy": "Plain",
      "Partial Mode": "Finalize",
      "Parallel Aware": false,
      "Startup Cost": 56171.32,
      "Total Cost": 56171.33,
      "Plan Rows": 1,
      "Plan Width": 8,
      "Actual Startup Time": 112.614,
      "Actual Total Time": 127.463,
      "Actual Rows": 1,
      "Actual Loops": 1,
      "Plans": [
        {
          "Node Type": "Gather",
          "Parent Relationship": "Outer",
          "Parallel Aware": false,
          "Startup Cost": 56170.9,
          "Total Cost": 56171.31,
          "Plan Rows": 4,
          "Plan Width": 8,
          "Actual Startup Time": 112.4,
          "Actual Total Time": 127.451,
          "Actual Rows": 5,
          "Actual Loops": 1,
          "Workers Planned": 4,
          "Workers Launched": 4,
          "Single Copy": false,
          "Plans": [
            {
              "Node Type": "Aggregate",
              "Strategy": "Plain",
              "Partial Mode": "Partial",
              "Parent Relationship": "Outer",
              "Parallel Aware": false,
              "Startup Cost": 55170.9,
              "Total Cost": 55170.91,
              "Plan Rows": 1,
              "Plan Width": 8,
              "Actual Startup Time": 106.57,
              "Actual Total Time": 106.573,
              "Actual Rows": 1,
              "Actual Loops": 5,
              "Plans": [
                {
                  "Node Type": "Nested Loop",
                  "Parent Relationship": "Outer",
                  "Parallel Aware": false,
                  "Join Type": "Inner",
                  "Startup Cost": 0.43,
                  "Total Cost": 55168.69,
                  "Plan Rows": 883,
                  "Plan Width": 0,
                  "Actual Startup Time": 64.717,
                  "Actual Total Time": 106.449,
                  "Actual Rows": 1285,
                  "Actual Loops": 5,
                  "Inner Unique": false,
                  "Plans": [
                    {
                      "Node Type": "Seq Scan",
                      "Parent Relationship": "Outer",
                      "Parallel Aware": true,
                      "Relation Name": "title",
                      "Alias": "t",
                      "Startup Cost": 0.0,
                      "Total Cost": 45479.59,
                      "Plan Rows": 1618,
                      "Plan Width": 4,
                      "Actual Startup Time": 64.528,
                      "Actual Total Time": 96.775,
                      "Actual Rows": 1001,
                      "Actual Loops": 5,
                      "Filter": "((kind_id = 1) AND (production_year = 1991))",
                      "Rows Removed by Filter": 504661
                    },
                    {
                      "Node Type": "Index Only Scan",
                      "Parent Relationship": "Inner",
                      "Parallel Aware": false,
                      "Scan Direction": "Forward",
                      "Index Name": "movie_id_movie_info_idx",
                      "Relation Name": "movie_info_idx",
                      "Alias": "mi_idx",
                      "Startup Cost": 0.43,
                      "Total Cost": 5.96,
                      "Plan Rows": 3,
                      "Plan Width": 4,
                      "Actual Startup Time": 0.009,
                      "Actual Total Time": 0.009,
                      "Actual Rows": 1,
                      "Actual Loops": 5006,
                      "Index Cond": "(movie_id = t.id)",
                      "Rows Removed by Index Recheck": 0,
                      "Heap Fetches": 6426
                    }
                  ]
                }
              ]
            }
          ]
        }
      ]
    },
    "Planning Time": 0.566,
    "Triggers": [],
    "Execution Time": 127.531
  }
]