[
  {
    "Plan": {
      "Node Type": "Aggregate",
      "Strategy": "Plain",
      "Partial Mode": "Finalize",
      "Parallel Aware": false,
      "Startup Cost": 331560.47,
      "Total Cost": 331560.48,
      "Plan Rows": 1,
      "Plan Width": 8,
      "Actual Startup Time": 586.601,
      "Actual Total Time": 628.598,
      "Actual Rows": 1,
      "Actual Loops": 1,
      "Plans": [
        {
          "Node Type": "Gather",
          "Parent Relationship": "Outer",
          "Parallel Aware": false,
          "Startup Cost": 331559.84,
          "Total Cost": 331560.45,
          "Plan Rows": 6,
          "Plan Width": 8,
          "Actual Startup Time": 586.406,
          "Actual Total Time": 628.583,
          "Actual Rows": 7,
          "Actual Loops": 1,
          "Workers Planned": 6,
          "Workers Launched": 6,
          "Single Copy": false,
          "Plans": [
            {
              "Node Type": "Aggregate",
              "Strategy": "Plain",
              "Partial Mode": "Partial",
              "Parent Relationship": "Outer",
              "Parallel Aware": false,
              "Startup Cost": 330559.84,
              "Total Cost": 330559.85,
              "Plan Rows": 1,
              "Plan Width": 8,
              "Actual Startup Time": 579.154,
              "Actual Total Time": 579.155,
              "Actual Rows": 1,
              "Actual Loops": 7,
              "Plans": [
                {
                  "Node Type": "Seq Scan",
                  "Parent Relationship": "Outer",
                  "Parallel Aware": true,
                  "Relation Name": "cast_info",
                  "Alias": "ci",
                  "Startup Cost": 0.0,
                  "Total Cost": 328211.39,
                  "Plan Rows": 939381,
                  "Plan Width": 0,
                  "Actual Startup Time": 356.358,
                  "Actual Total Time": 540.833,
                  "Actual Rows": 797881,
                  "Actual Loops": 7,
                  "Filter": "(person_id > 3093840)",
                  "Rows Removed by Filter": 4379882
                }
              ]
            }
          ]
        }
      ]
    },
    "Planning Time": 0.089,
    "Triggers": [],
    "Execution Time": 628.646
  }
]