[
  {
    "Plan": {
      "Node Type": "Aggregate",
      "Strategy": "Plain",
      "Partial Mode": "Finalize",
      "Parallel Aware": false,
      "Startup Cost": 331564.8,
      "Total Cost": 331564.81,
      "Plan Rows": 1,
      "Plan Width": 8,
      "Actual Startup Time": 546.397,
      "Actual Total Time": 606.454,
      "Actual Rows": 1,
      "Actual Loops": 1,
      "Plans": [
        {
          "Node Type": "Gather",
          "Parent Relationship": "Outer",
          "Parallel Aware": false,
          "Startup Cost": 331564.18,
          "Total Cost": 331564.79,
          "Plan Rows": 6,
          "Plan Width": 8,
          "Actual Startup Time": 546.295,
          "Actual Total Time": 606.445,
          "Actual Rows": 7,
          "Actual Loops": 1,
          "Workers Planned": 6,
          "Workers Launched": 6,
          "Single Copy": false,
          "Plans": [
            {
              "Node Type": "Aggregate",
              "Strategy": "Plain",
              "Partial Mode": "Partial",
              "Parent Relationship": "Outer",
              "Parallel Aware": false,
              "Startup Cost": 330564.18,
              "Total Cost": 330564.19,
              "Plan Rows": 1,
              "Plan Width": 8,
              "Actual Startup Time": 538.501,
              "Actual Total Time": 538.502,
              "Actual Rows": 1,
              "Actual Loops": 7,
              "Plans": [
                {
                  "Node Type": "Seq Scan",
                  "Parent Relationship": "Outer",
                  "Parallel Aware": true,
                  "Relation Name": "cast_info",
                  "Alias": "ci",
                  "Startup Cost": 0.0,
                  "Total Cost": 328162.03,
                  "Plan Rows": 960861,
                  "Plan Width": 0,
                  "Actual Startup Time": 337.785,
                  "Actual Total Time": 507.025,
                  "Actual Rows": 797881,
                  "Actual Loops": 7,
                  "Filter": "(person_id > 3093840)",
                  "Rows Removed by Filter": 4379882
                }
              ]
            }
          ]
        }
      ]
    },
    "Planning Time": 0.222,
    "Triggers": [],
    "Execution Time": 606.527
  }
]