{
    "Plan": {
        "Node Type": "Aggregate",
        "Strategy": "Plain",
        "Partial Mode": "Finalize",
        "Parallel Aware": false,
        "Startup Cost": 376216.03,
        "Total Cost": 376216.04,
        "Plan Rows": 1,
        "Plan Width": 8,
        "Actual Startup Time": 612.502,
        "Actual Total Time": 660.578,
        "Actual Rows": 1,
        "Actual Loops": 1,
        "Output": [
            "count(*)"
        ],
        "Plans": [
            {
                "Node Type": "Gather",
                "Parent Relationship": "Outer",
                "Parallel Aware": false,
                "Startup Cost": 376215.41,
                "Total Cost": 376216.02,
                "Plan Rows": 6,
                "Plan Width": 8,
                "Actual Startup Time": 609.595,
                "Actual Total Time": 660.569,
                "Actual Rows": 7,
                "Actual Loops": 1,
                "Output": [
                    "(PARTIAL count(*))"
                ],
                "Workers Planned": 6,
                "Workers Launched": 6,
                "Single Copy": false,
                "Plans": [
                    {
                        "Node Type": "Aggregate",
                        "Strategy": "Plain",
                        "Partial Mode": "Partial",
                        "Parent Relationship": "Outer",
                        "Parallel Aware": false,
                        "Startup Cost": 375215.41,
                        "Total Cost": 375215.42,
                        "Plan Rows": 1,
                        "Plan Width": 8,
                        "Actual Startup Time": 598.851,
                        "Actual Total Time": 598.854,
                        "Actual Rows": 1,
                        "Actual Loops": 7,
                        "Output": [
                            "PARTIAL count(*)"
                        ],
                        "Workers": [
                            {
                                "Worker Number": 0,
                                "Actual Startup Time": 596.605,
                                "Actual Total Time": 596.608,
                                "Actual Rows": 1,
                                "Actual Loops": 1
                            },
                            {
                                "Worker Number": 1,
                                "Actual Startup Time": 596.76,
                                "Actual Total Time": 596.762,
                                "Actual Rows": 1,
                                "Actual Loops": 1
                            },
                            {
                                "Worker Number": 2,
                                "Actual Startup Time": 596.75,
                                "Actual Total Time": 596.753,
                                "Actual Rows": 1,
                                "Actual Loops": 1
                            },
                            {
                                "Worker Number": 3,
                                "Actual Startup Time": 597.464,
                                "Actual Total Time": 597.467,
                                "Actual Rows": 1,
                                "Actual Loops": 1
                            },
                            {
                                "Worker Number": 4,
                                "Actual Startup Time": 597.797,
                                "Actual Total Time": 597.799,
                                "Actual Rows": 1,
                                "Actual Loops": 1
                            },
                            {
                                "Worker Number": 5,
                                "Actual Startup Time": 597.908,
                                "Actual Total Time": 597.912,
                                "Actual Rows": 1,
                                "Actual Loops": 1
                            }
                        ],
                        "Plans": [
                            {
                                "Node Type": "Hash Join",
                                "Parent Relationship": "Outer",
                                "Parallel Aware": true,
                                "Join Type": "Inner",
                                "Startup Cost": 46778.73,
                                "Total Cost": 375185.2,
                                "Plan Rows": 12084,
                                "Plan Width": 0,
                                "Actual Startup Time": 569.268,
                                "Actual Total Time": 598.541,
                                "Actual Rows": 6272,
                                "Actual Loops": 7,
                                "Inner Unique": true,
                                "Hash Cond": "(ci.movie_id = t.id)",
                                "Workers": [
                                    {
                                        "Worker Number": 0,
                                        "Actual Startup Time": 566.785,
                                        "Actual Total Time": 596.257,
                                        "Actual Rows": 4956,
                                        "Actual Loops": 1
                                    },
                                    {
                                        "Worker Number": 1,
                                        "Actual Startup Time": 567.0,
                                        "Actual Total Time": 596.457,
                                        "Actual Rows": 7013,
                                        "Actual Loops": 1
                                    },
                                    {
                                        "Worker Number": 2,
                                        "Actual Startup Time": 567.26,
                                        "Actual Total Time": 596.49,
                                        "Actual Rows": 5986,
                                        "Actual Loops": 1
                                    },
                                    {
                                        "Worker Number": 3,
                                        "Actual Startup Time": 567.898,
                                        "Actual Total Time": 597.171,
                                        "Actual Rows": 6744,
                                        "Actual Loops": 1
                                    },
                                    {
                                        "Worker Number": 4,
                                        "Actual Startup Time": 568.375,
                                        "Actual Total Time": 597.454,
                                        "Actual Rows": 4754,
                                        "Actual Loops": 1
                                    },
                                    {
                                        "Worker Number": 5,
                                        "Actual Startup Time": 568.357,
                                        "Actual Total Time": 597.636,
                                        "Actual Rows": 6152,
                                        "Actual Loops": 1
                                    }
                                ],
                                "Plans": [
                                    {
                                        "Node Type": "Seq Scan",
                                        "Parent Relationship": "Outer",
                                        "Parallel Aware": true,
                                        "Relation Name": "cast_info",
                                        "Schema": "public",
                                        "Alias": "ci",
                                        "Startup Cost": 0.0,
                                        "Total Cost": 328213.62,
                                        "Plan Rows": 73466,
                                        "Plan Width": 4,
                                        "Actual Startup Time": 475.868,
                                        "Actual Total Time": 489.222,
                                        "Actual Rows": 65420,
                                        "Actual Loops": 7,
                                        "Output": [
                                            "ci.id",
                                            "ci.person_id",
                                            "ci.movie_id",
                                            "ci.person_role_id",
                                            "ci.note",
                                            "ci.nr_order",
                                            "ci.role_id"
                                        ],
                                        "Filter": "(ci.person_id > 3974242)",
                                        "Rows Removed by Filter": 5112344,
                                        "Workers": [
                                            {
                                                "Worker Number": 0,
                                                "Actual Startup Time": 475.823,
                                                "Actual Total Time": 489.535,
                                                "Actual Rows": 47347,
                                                "Actual Loops": 1
                                            },
                                            {
                                                "Worker Number": 1,
                                                "Actual Startup Time": 475.89,
                                                "Actual Total Time": 489.344,
                                                "Actual Rows": 72184,
                                                "Actual Loops": 1
                                            },
                                            {
                                                "Worker Number": 2,
                                                "Actual Startup Time": 475.86,
                                                "Actual Total Time": 489.062,
                                                "Actual Rows": 66373,
                                                "Actual Loops": 1
                                            },
                                            {
                                                "Worker Number": 3,
                                                "Actual Startup Time": 475.844,
                                                "Actual Total Time": 489.121,
                                                "Actual Rows": 73081,
                                                "Actual Loops": 1
                                            },
                                            {
                                                "Worker Number": 4,
                                                "Actual Startup Time": 475.979,
                                                "Actual Total Time": 490.217,
                                                "Actual Rows": 50979,
                                                "Actual Loops": 1
                                            },
                                            {
                                                "Worker Number": 5,
                                                "Actual Startup Time": 475.845,
                                                "Actual Total Time": 488.967,
                                                "Actual Rows": 65580,
                                                "Actual Loops": 1
                                            }
                                        ]
                                    },
                                    {
                                        "Node Type": "Hash",
                                        "Parent Relationship": "Inner",
                                        "Parallel Aware": true,
                                        "Startup Cost": 45479.21,
                                        "Total Cost": 45479.21,
                                        "Plan Rows": 103962,
                                        "Plan Width": 4,
                                        "Actual Startup Time": 90.725,
                                        "Actual Total Time": 90.726,
                                        "Actual Rows": 43076,
                                        "Actual Loops": 7,
                                        "Output": [
                                            "t.id"
                                        ],
                                        "Hash Buckets": 524288,
                                        "Original Hash Buckets": 524288,
                                        "Hash Batches": 1,
                                        "Original Hash Batches": 1,
                                        "Peak Memory Usage": 16000,
                                        "Workers": [
                                            {
                                                "Worker Number": 0,
                                                "Actual Startup Time": 89.945,
                                                "Actual Total Time": 89.946,
                                                "Actual Rows": 32198,
                                                "Actual Loops": 1
                                            },
                                            {
                                                "Worker Number": 1,
                                                "Actual Startup Time": 90.332,
                                                "Actual Total Time": 90.333,
                                                "Actual Rows": 42677,
                                                "Actual Loops": 1
                                            },
                                            {
                                                "Worker Number": 2,
                                                "Actual Startup Time": 90.298,
                                                "Actual Total Time": 90.299,
                                                "Actual Rows": 41355,
                                                "Actual Loops": 1
                                            },
                                            {
                                                "Worker Number": 3,
                                                "Actual Startup Time": 91.076,
                                                "Actual Total Time": 91.077,
                                                "Actual Rows": 42381,
                                                "Actual Loops": 1
                                            },
                                            {
                                                "Worker Number": 4,
                                                "Actual Startup Time": 91.38,
                                                "Actual Total Time": 91.381,
                                                "Actual Rows": 33287,
                                                "Actual Loops": 1
                                            },
                                            {
                                                "Worker Number": 5,
                                                "Actual Startup Time": 91.478,
                                                "Actual Total Time": 91.479,
                                                "Actual Rows": 39247,
                                                "Actual Loops": 1
                                            }
                                        ],
                                        "Plans": [
                                            {
                                                "Node Type": "Seq Scan",
                                                "Parent Relationship": "Outer",
                                                "Parallel Aware": true,
                                                "Relation Name": "title",
                                                "Schema": "public",
                                                "Alias": "t",
                                                "Startup Cost": 0.0,
                                                "Total Cost": 45479.21,
                                                "Plan Rows": 103962,
                                                "Plan Width": 4,
                                                "Actual Startup Time": 0.064,
                                                "Actual Total Time": 70.457,
                                                "Actual Rows": 43076,
                                                "Actual Loops": 7,
                                                "Output": [
                                                    "t.id"
                                                ],
                                                "Filter": "((t.production_year < 1990) AND (t.kind_id = 7))",
                                                "Rows Removed by Filter": 318111,
                                                "Workers": [
                                                    {
                                                        "Worker Number": 0,
                                                        "Actual Startup Time": 0.062,
                                                        "Actual Total Time": 70.794,
                                                        "Actual Rows": 32198,
                                                        "Actual Loops": 1
                                                    },
                                                    {
                                                        "Worker Number": 1,
                                                        "Actual Startup Time": 0.074,
                                                        "Actual Total Time": 70.958,
                                                        "Actual Rows": 42677,
                                                        "Actual Loops": 1
                                                    },
                                                    {
                                                        "Worker Number": 2,
                                                        "Actual Startup Time": 0.057,
                                                        "Actual Total Time": 70.906,
                                                        "Actual Rows": 41355,
                                                        "Actual Loops": 1
                                                    },
                                                    {
                                                        "Worker Number": 3,
                                                        "Actual Startup Time": 0.076,
                                                        "Actual Total Time": 71.251,
                                                        "Actual Rows": 42381,
                                                        "Actual Loops": 1
                                                    },
                                                    {
                                                        "Worker Number": 4,
                                                        "Actual Startup Time": 0.075,
                                                        "Actual Total Time": 72.423,
                                                        "Actual Rows": 33287,
                                                        "Actual Loops": 1
                                                    },
                                                    {
                                                        "Worker Number": 5,
                                                        "Actual Startup Time": 0.083,
                                                        "Actual Total Time": 70.643,
                                                        "Actual Rows": 39247,
                                                        "Actual Loops": 1
                                                    }
                                                ]
                                            }
                                        ]
                                    }
                                ]
                            }
                        ]
                    }
                ]
            }
        ]
    },
    "Planning Time": 0.812,
    "Triggers": [],
    "Execution Time": 660.666
}