[
  {
    "Plan": {
      "Node Type": "Aggregate",
      "Strategy": "Plain",
      "Partial Mode": "Finalize",
      "Parallel Aware": false,
      "Startup Cost": 154260.89,
      "Total Cost": 154260.9,
      "Plan Rows": 1,
      "Plan Width": 8,
      "Actual Startup Time": 1054.75,
      "Actual Total Time": 1115.281,
      "Actual Rows": 1,
      "Actual Loops": 1,
      "Plans": [
        {
          "Node Type": "Gather",
          "Parent Relationship": "Outer",
          "Parallel Aware": false,
          "Startup Cost": 154260.57,
          "Total Cost": 154260.88,
          "Plan Rows": 3,
          "Plan Width": 8,
          "Actual Startup Time": 1047.487,
          "Actual Total Time": 1115.27,
          "Actual Rows": 4,
          "Actual Loops": 1,
          "Workers Planned": 3,
          "Workers Launched": 3,
          "Single Copy": false,
          "Plans": [
            {
              "Node Type": "Aggregate",
              "Strategy": "Plain",
              "Partial Mode": "Partial",
              "Parent Relationship": "Outer",
              "Parallel Aware": false,
              "Startup Cost": 153260.57,
              "Total Cost": 153260.58,
              "Plan Rows": 1,
              "Plan Width": 8,
              "Actual Startup Time": 1040.4,
              "Actual Total Time": 1040.403,
              "Actual Rows": 1,
              "Actual Loops": 4,
              "Plans": [
                {
                  "Node Type": "Nested Loop",
                  "Parent Relationship": "Outer",
                  "Parallel Aware": false,
                  "Join Type": "Inner",
                  "Startup Cost": 44203.67,
                  "Total Cost": 152307.18,
                  "Plan Rows": 381356,
                  "Plan Width": 0,
                  "Actual Startup Time": 102.391,
                  "Actual Total Time": 987.737,
                  "Actual Rows": 1232448,
                  "Actual Loops": 4,
                  "Inner Unique": false,
                  "Join Filter": "(t.id = ci.movie_id)",
                  "Rows Removed by Join Filter": 0,
                  "Plans": [
                    {
                      "Node Type": "Hash Join",
                      "Parent Relationship": "Outer",
                      "Parallel Aware": true,
                      "Join Type": "Inner",
                      "Startup Cost": 44203.1,
                      "Total Cost": 88713.37,
                      "Plan Rows": 26614,
                      "Plan Width": 8,
                      "Actual Startup Time": 102.304,
                      "Actual Total Time": 242.829,
                      "Actual Rows": 19947,
                      "Actual Loops": 4,
                      "Inner Unique": true,
                      "Hash Cond": "(mk.movie_id = t.id)",
                      "Plans": [
                        {
                          "Node Type": "Seq Scan",
                          "Parent Relationship": "Outer",
                          "Parallel Aware": true,
                          "Relation Name": "movie_keyword",
                          "Alias": "mk",
                          "Startup Cost": 0.0,
                          "Total Cost": 42695.65,
                          "Plan Rows": 691280,
                          "Plan Width": 4,
                          "Actual Startup Time": 0.318,
                          "Actual Total Time": 93.068,
                          "Actual Rows": 536044,
                          "Actual Loops": 4,
                          "Filter": "(keyword_id > 5451)",
                          "Rows Removed by Filter": 594938
                        },
                        {
                          "Node Type": "Hash",
                          "Parent Relationship": "Inner",
                          "Parallel Aware": true,
                          "Startup Cost": 43898.92,
                          "Total Cost": 43898.92,
                          "Plan Rows": 24335,
                          "Plan Width": 4,
                          "Actual Startup Time": 100.089,
                          "Actual Total Time": 100.09,
                          "Actual Rows": 23751,
                          "Actual Loops": 4,
                          "Hash Buckets": 131072,
                          "Original Hash Buckets": 131072,
                          "Hash Batches": 1,
                          "Original Hash Batches": 1,
                          "Peak Memory Usage": 4800,
                          "Plans": [
                            {
                              "Node Type": "Seq Scan",
                              "Parent Relationship": "Outer",
                              "Parallel Aware": true,
                              "Relation Name": "title",
                              "Alias": "t",
                              "Startup Cost": 0.0,
                              "Total Cost": 43898.92,
                              "Plan Rows": 24335,
                              "Plan Width": 4,
                              "Actual Startup Time": 0.041,
                              "Actual Total Time": 91.096,
                              "Actual Rows": 23751,
                              "Actual Loops": 4,
                              "Filter": "(production_year = 2005)",
                              "Rows Removed by Filter": 608327
                            }
                          ]
                        }
                      ]
                    },
                    {
                      "Node Type": "Index Only Scan",
                      "Parent Relationship": "Inner",
                      "Parallel Aware": false,
                      "Scan Direction": "Forward",
                      "Index Name": "movie_id_cast_info",
                      "Relation Name": "cast_info",
                      "Alias": "ci",
                      "Startup Cost": 0.56,
                      "Total Cost": 1.93,
                      "Plan Rows": 37,
                      "Plan Width": 4,
                      "Actual Startup Time": 0.005,
                      "Actual Total Time": 0.032,
                      "Actual Rows": 62,
                      "Actual Loops": 79788,
                      "Index Cond": "(movie_id = mk.movie_id)",
                      "Rows Removed by Index Recheck": 0,
                      "Heap Fetches": 4929794
                    }
                  ]
                }
              ]
            }
          ]
        }
      ]
    },
    "Planning Time": 1.256,
    "Triggers": [],
    "Execution Time": 1115.379
  }
]