{
  "Plan": {
    "Node Type": "Aggregate",
    "Strategy": "Plain",
    "Partial Mode": "Finalize",
    "Parallel Aware": false,
    "Startup Cost": 99932.11,
    "Total Cost": 99932.12,
    "Plan Rows": 1,
    "Plan Width": 8,
    "Actual Startup Time": 531.845,
    "Actual Total Time": 545.112,
    "Actual Rows": 1,
    "Actual Loops": 1,
    "Plans": [
      {
        "Node Type": "Gather",
        "Parent Relationship": "Outer",
        "Parallel Aware": false,
        "Startup Cost": 99932.0,
        "Total Cost": 99932.11,
        "Plan Rows": 1,
        "Plan Width": 8,
        "Actual Startup Time": 530.452,
        "Actual Total Time": 545.101,
        "Actual Rows": 2,
        "Actual Loops": 1,
        "Workers Planned": 1,
        "Workers Launched": 1,
        "Single Copy": false,
        "Plans": [
          {
            "Node Type": "Aggregate",
            "Strategy": "Plain",
            "Partial Mode": "Partial",
            "Parent Relationship": "Outer",
            "Parallel Aware": false,
            "Startup Cost": 98932.0,
            "Total Cost": 98932.01,
            "Plan Rows": 1,
            "Plan Width": 8,
            "Actual Startup Time": 524.397,
            "Actual Total Time": 524.401,
            "Actual Rows": 1,
            "Actual Loops": 2,
            "Plans": [
              {
                "Node Type": "Hash Join",
                "Parent Relationship": "Outer",
                "Parallel Aware": true,
                "Join Type": "Inner",
                "Startup Cost": 36381.99,
                "Total Cost": 98220.83,
                "Plan Rows": 284468,
                "Plan Width": 0,
                "Actual Startup Time": 137.161,
                "Actual Total Time": 514.259,
                "Actual Rows": 245687,
                "Actual Loops": 2,
                "Inner Unique": false,
                "Hash Cond": "(t.id = mc.movie_id)",
                "Plans": [
                  {
                    "Node Type": "Seq Scan",
                    "Parent Relationship": "Outer",
                    "Parallel Aware": true,
                    "Relation Name": "title",
                    "Alias": "t",
                    "Startup Cost": 0.0,
                    "Total Cost": 50870.31,
                    "Plan Rows": 1487231,
                    "Plan Width": 4,
                    "Actual Startup Time": 0.011,
                    "Actual Total Time": 118.773,
                    "Actual Rows": 1264156,
                    "Actual Loops": 2
                  },
                  {
                    "Node Type": "Hash",
                    "Parent Relationship": "Inner",
                    "Parallel Aware": true,
                    "Startup Cost": 32826.14,
                    "Total Cost": 32826.14,
                    "Plan Rows": 284468,
                    "Plan Width": 4,
                    "Actual Startup Time": 131.081,
                    "Actual Total Time": 131.083,
                    "Actual Rows": 245687,
                    "Actual Loops": 2,
                    "Hash Buckets": 524288,
                    "Original Hash Buckets": 524288,
                    "Hash Batches": 1,
                    "Original Hash Batches": 1,
                    "Peak Memory Usage": 23360,
                    "Plans": [
                      {
                        "Node Type": "Bitmap Heap Scan",
                        "Parent Relationship": "Outer",
                        "Parallel Aware": true,
                        "Relation Name": "movie_companies",
                        "Alias": "mc",
                        "Startup Cost": 10480.29,
                        "Total Cost": 32826.14,
                        "Plan Rows": 284468,
                        "Plan Width": 4,
                        "Actual Startup Time": 35.915,
                        "Actual Total Time": 83.042,
                        "Actual Rows": 245687,
                        "Actual Loops": 2,
                        "Recheck Cond": "(company_id > 74659)",
                        "Rows Removed by Index Recheck": 0,
                        "Exact Heap Blocks": 4596,
                        "Lossy Heap Blocks": 0,
                        "Plans": [
                          {
                            "Node Type": "Bitmap Index Scan",
                            "Parent Relationship": "Outer",
                            "Parallel Aware": false,
                            "Index Name": "company_id_movie_companies",
                            "Startup Cost": 0.0,
                            "Total Cost": 10359.39,
                            "Plan Rows": 483595,
                            "Plan Width": 0,
                            "Actual Startup Time": 34.96,
                            "Actual Total Time": 34.961,
                            "Actual Rows": 491374,
                            "Actual Loops": 1,
                            "Index Cond": "(company_id > 74659)"
                          }
                        ]
                      }
                    ]
                  }
                ]
              }
            ]
          }
        ]
      }
    ]
  },
  "Planning Time": 0.63,
  "Triggers": [],
  "Execution Time": 545.204
}