[
  {
    "Plan": {
      "Node Type": "Aggregate",
      "Strategy": "Plain",
      "Partial Mode": "Finalize",
      "Parallel Aware": false,
      "Startup Cost": 443779.61,
      "Total Cost": 443779.62,
      "Plan Rows": 1,
      "Plan Width": 8,
      "Actual Startup Time": 1994.636,
      "Actual Total Time": 2064.312,
      "Actual Rows": 1,
      "Actual Loops": 1,
      "Plans": [
        {
          "Node Type": "Gather",
          "Parent Relationship": "Outer",
          "Parallel Aware": false,
          "Startup Cost": 443778.98,
          "Total Cost": 443779.59,
          "Plan Rows": 6,
          "Plan Width": 8,
          "Actual Startup Time": 1972.131,
          "Actual Total Time": 2064.299,
          "Actual Rows": 7,
          "Actual Loops": 1,
          "Workers Planned": 6,
          "Workers Launched": 6,
          "Single Copy": false,
          "Plans": [
            {
              "Node Type": "Aggregate",
              "Strategy": "Plain",
              "Partial Mode": "Partial",
              "Parent Relationship": "Outer",
              "Parallel Aware": false,
              "Startup Cost": 442778.98,
              "Total Cost": 442778.99,
              "Plan Rows": 1,
              "Plan Width": 8,
              "Actual Startup Time": 1960.007,
              "Actual Total Time": 1960.108,
              "Actual Rows": 1,
              "Actual Loops": 7,
              "Plans": [
                {
                  "Node Type": "Hash Join",
                  "Parent Relationship": "Outer",
                  "Parallel Aware": true,
                  "Join Type": "Inner",
                  "Startup Cost": 95198.99,
                  "Total Cost": 440307.26,
                  "Plan Rows": 988691,
                  "Plan Width": 0,
                  "Actual Startup Time": 597.727,
                  "Actual Total Time": 1847.954,
                  "Actual Rows": 2684569,
                  "Actual Loops": 7,
                  "Inner Unique": false,
                  "Hash Cond": "(ci.movie_id = t.id)",
                  "Plans": [
                    {
                      "Node Type": "Seq Scan",
                      "Parent Relationship": "Outer",
                      "Parallel Aware": true,
                      "Relation Name": "cast_info",
                      "Alias": "ci",
                      "Startup Cost": 0.0,
                      "Total Cost": 328162.03,
                      "Plan Rows": 3668510,
                      "Plan Width": 4,
                      "Actual Startup Time": 141.698,
                      "Actual Total Time": 596.591,
                      "Actual Rows": 3147787,
                      "Actual Loops": 7,
                      "Filter": "(person_id > 1399317)",
                      "Rows Removed by Filter": 2029977
                    },
                    {
                      "Node Type": "Hash",
                      "Parent Relationship": "Inner",
                      "Parallel Aware": true,
                      "Startup Cost": 92451.43,
                      "Total Cost": 92451.43,
                      "Plan Rows": 219805,
                      "Plan Width": 8,
                      "Actual Startup Time": 452.658,
                      "Actual Total Time": 452.756,
                      "Actual Rows": 95391,
                      "Actual Loops": 7,
                      "Hash Buckets": 1048576,
                      "Original Hash Buckets": 1048576,
                      "Hash Batches": 1,
                      "Original Hash Batches": 1,
                      "Peak Memory Usage": 34464,
                      "Plans": [
                        {
                          "Node Type": "Hash Join",
                          "Parent Relationship": "Outer",
                          "Parallel Aware": true,
                          "Join Type": "Inner",
                          "Startup Cost": 64672.88,
                          "Total Cost": 92451.43,
                          "Plan Rows": 219805,
                          "Plan Width": 8,
                          "Actual Startup Time": 310.715,
                          "Actual Total Time": 402.598,
                          "Actual Rows": 95391,
                          "Actual Loops": 7,
                          "Inner Unique": true,
                          "Hash Cond": "(mk.movie_id = t.id)",
                          "Plans": [
                            {
                              "Node Type": "Bitmap Heap Scan",
                              "Parent Relationship": "Outer",
                              "Parallel Aware": true,
                              "Relation Name": "movie_keyword",
                              "Alias": "mk",
                              "Startup Cost": 14453.24,
                              "Total Cost": 41654.79,
                              "Plan Rows": 219805,
                              "Plan Width": 4,
                              "Actual Startup Time": 45.673,
                              "Actual Total Time": 96.091,
                              "Actual Rows": 95391,
                              "Actual Loops": 7,
                              "Recheck Cond": "(keyword_id > 28058)",
                              "Rows Removed by Index Recheck": 0,
                              "Exact Heap Blocks": 4022,
                              "Lossy Heap Blocks": 0,
                              "Plans": [
                                {
                                  "Node Type": "Bitmap Index Scan",
                                  "Parent Relationship": "Outer",
                                  "Parallel Aware": false,
                                  "Index Name": "keyword_id_movie_keyword",
                                  "Startup Cost": 0.0,
                                  "Total Cost": 14282.89,
                                  "Plan Rows": 681394,
                                  "Plan Width": 0,
                                  "Actual Startup Time": 41.953,
                                  "Actual Total Time": 41.953,
                                  "Actual Rows": 667736,
                                  "Actual Loops": 1,
                                  "Index Cond": "(keyword_id > 28058)"
                                }
                              ]
                            },
                            {
                              "Node Type": "Hash",
                              "Parent Relationship": "Inner",
                              "Parallel Aware": true,
                              "Startup Cost": 42318.73,
                              "Total Cost": 42318.73,
                              "Plan Rows": 632073,
                              "Plan Width": 4,
                              "Actual Startup Time": 260.713,
                              "Actual Total Time": 260.713,
                              "Actual Rows": 361187,
                              "Actual Loops": 7,
                              "Hash Buckets": 4194304,
                              "Original Hash Buckets": 4194304,
                              "Hash Batches": 1,
                              "Original Hash Batches": 1,
                              "Peak Memory Usage": 131808,
                              "Plans": [
                                {
                                  "Node Type": "Seq Scan",
                                  "Parent Relationship": "Outer",
                                  "Parallel Aware": true,
                                  "Relation Name": "title",
                                  "Alias": "t",
                                  "Startup Cost": 0.0,
                                  "Total Cost": 42318.73,
                                  "Plan Rows": 632073,
                                  "Plan Width": 4,
                                  "Actual Startup Time": 0.041,
                                  "Actual Total Time": 72.408,
                                  "Actual Rows": 361187,
                                  "Actual Loops": 7
                                }
                              ]
                            }
                          ]
                        }
                      ]
                    }
                  ]
                }
              ]
            }
          ]
        }
      ]
    },
    "Planning Time": 1.317,
    "Triggers": [],
    "Execution Time": 2064.445
  }
]