[
  {
    "Plan": {
      "Node Type": "Aggregate",
      "Strategy": "Plain",
      "Partial Mode": "Finalize",
      "Parallel Aware": false,
      "Startup Cost": 44908.03,
      "Total Cost": 44908.04,
      "Plan Rows": 1,
      "Plan Width": 8,
      "Actual Startup Time": 91.985,
      "Actual Total Time": 103.313,
      "Actual Rows": 1,
      "Actual Loops": 1,
      "Plans": [
        {
          "Node Type": "Gather",
          "Parent Relationship": "Outer",
          "Parallel Aware": false,
          "Startup Cost": 44907.61,
          "Total Cost": 44908.02,
          "Plan Rows": 4,
          "Plan Width": 8,
          "Actual Startup Time": 91.742,
          "Actual Total Time": 103.304,
          "Actual Rows": 5,
          "Actual Loops": 1,
          "Workers Planned": 4,
          "Workers Launched": 4,
          "Single Copy": false,
          "Plans": [
            {
              "Node Type": "Aggregate",
              "Strategy": "Plain",
              "Partial Mode": "Partial",
              "Parent Relationship": "Outer",
              "Parallel Aware": false,
              "Startup Cost": 43907.61,
              "Total Cost": 43907.62,
              "Plan Rows": 1,
              "Plan Width": 8,
              "Actual Startup Time": 82.758,
              "Actual Total Time": 82.76,
              "Actual Rows": 1,
              "Actual Loops": 5,
              "Plans": [
                {
                  "Node Type": "Seq Scan",
                  "Parent Relationship": "Outer",
                  "Parallel Aware": true,
                  "Relation Name": "title",
                  "Alias": "t",
                  "Startup Cost": 0.0,
                  "Total Cost": 43898.92,
                  "Plan Rows": 3476,
                  "Plan Width": 0,
                  "Actual Startup Time": 0.278,
                  "Actual Total Time": 82.435,
                  "Actual Rows": 2613,
                  "Actual Loops": 5,
                  "Filter": "(production_year = 1965)",
                  "Rows Removed by Filter": 503050
                }
              ]
            }
          ]
        }
      ]
    },
    "Planning Time": 0.131,
    "Triggers": [],
    "Execution Time": 103.364
  }
]